<?xml version="1.0" encoding="UTF-8"?>
<testsuite xmlns:xsi="http://www.w3.org/2001/XMLSchema-instance" xsi:noNamespaceSchemaLocation="https://maven.apache.org/surefire/maven-surefire-plugin/xsd/surefire-test-report-3.0.xsd" version="3.0" name="org.apache.hadoop.hdds.scm.pipeline.TestRatisPipelineCreateAndDestroy" time="237.21" tests="3" errors="1" skipped="0" failures="0">
  <properties>
    <property name="awt.toolkit" value="sun.awt.X11.XToolkit"/>
    <property name="file.encoding.pkg" value="sun.io"/>
    <property name="java.specification.version" value="1.8"/>
    <property name="sun.cpu.isalist" value=""/>
    <property name="sun.jnu.encoding" value="UTF-8"/>
    <property name="gradle.enterprise.listener.surefire.forkId" value="1"/>
    <property name="java.class.path" value="/home/runner/work/ozone/ozone/hadoop-ozone/integration-test/target/test-classes:/home/runner/work/ozone/ozone/hadoop-ozone/integration-test/target/classes:/home/runner/.m2/repository/org/apache/ozone/ozone-common/1.5.0-SNAPSHOT/ozone-common-1.5.0-SNAPSHOT.jar:/home/runner/.m2/repository/io/grpc/grpc-netty/1.58.0/grpc-netty-1.58.0.jar:/home/runner/.m2/repository/io/grpc/grpc-core/1.58.0/grpc-core-1.58.0.jar:/home/runner/.m2/repository/com/google/android/annotations/4.1.1.4/annotations-4.1.1.4.jar:/home/runner/.m2/repository/org/codehaus/mojo/animal-sniffer-annotations/1.23/animal-sniffer-annotations-1.23.jar:/home/runner/.m2/repository/io/grpc/grpc-context/1.58.0/grpc-context-1.58.0.jar:/home/runner/.m2/repository/io/grpc/grpc-util/1.58.0/grpc-util-1.58.0.jar:/home/runner/.m2/repository/com/google/errorprone/error_prone_annotations/2.2.0/error_prone_annotations-2.2.0.jar:/home/runner/.m2/repository/io/perfmark/perfmark-api/0.26.0/perfmark-api-0.26.0.jar:/home/runner/.m2/repository/io/netty/netty-codec-http2/4.1.100.Final/netty-codec-http2-4.1.100.Final.jar:/home/runner/.m2/repository/io/netty/netty-common/4.1.100.Final/netty-common-4.1.100.Final.jar:/home/runner/.m2/repository/io/netty/netty-buffer/4.1.100.Final/netty-buffer-4.1.100.Final.jar:/home/runner/.m2/repository/io/netty/netty-codec-http/4.1.100.Final/netty-codec-http-4.1.100.Final.jar:/home/runner/.m2/repository/io/netty/netty-handler-proxy/4.1.100.Final/netty-handler-proxy-4.1.100.Final.jar:/home/runner/.m2/repository/io/netty/netty-codec-socks/4.1.100.Final/netty-codec-socks-4.1.100.Final.jar:/home/runner/.m2/repository/io/netty/netty-tcnative-boringssl-static/2.0.61.Final/netty-tcnative-boringssl-static-2.0.61.Final.jar:/home/runner/.m2/repository/io/netty/netty-tcnative-classes/2.0.61.Final/netty-tcnative-classes-2.0.61.Final.jar:/home/runner/.m2/repository/io/netty/netty-tcnative-boringssl-static/2.0.61.Final/netty-tcnative-boringssl-static-2.0.61.Final-linux-x86_64.jar:/home/runner/.m2/repository/io/netty/netty-tcnative-boringssl-static/2.0.61.Final/netty-tcnative-boringssl-static-2.0.61.Final-linux-aarch_64.jar:/home/runner/.m2/repository/io/netty/netty-tcnative-boringssl-static/2.0.61.Final/netty-tcnative-boringssl-static-2.0.61.Final-osx-x86_64.jar:/home/runner/.m2/repository/io/netty/netty-tcnative-boringssl-static/2.0.61.Final/netty-tcnative-boringssl-static-2.0.61.Final-osx-aarch_64.jar:/home/runner/.m2/repository/io/netty/netty-tcnative-boringssl-static/2.0.61.Final/netty-tcnative-boringssl-static-2.0.61.Final-windows-x86_64.jar:/home/runner/.m2/repository/org/apache/commons/commons-compress/1.25.0/commons-compress-1.25.0.jar:/home/runner/.m2/repository/org/apache/ozone/hdds-common/1.5.0-SNAPSHOT/hdds-common-1.5.0-SNAPSHOT.jar:/home/runner/.m2/repository/org/apache/ozone/hdds-client/1.5.0-SNAPSHOT/hdds-client-1.5.0-SNAPSHOT.jar:/home/runner/.m2/repository/org/apache/ozone/ozone-interface-client/1.5.0-SNAPSHOT/ozone-interface-client-1.5.0-SNAPSHOT.jar:/home/runner/.m2/repository/org/apache/hadoop/hadoop-hdfs-client/3.3.6/hadoop-hdfs-client-3.3.6.jar:/home/runner/.m2/repository/com/squareup/okhttp3/okhttp/4.12.0/okhttp-4.12.0.jar:/home/runner/.m2/repository/com/squareup/okio/okio/3.6.0/okio-3.6.0.jar:/home/runner/.m2/repository/com/squareup/okio/okio-jvm/3.6.0/okio-jvm-3.6.0.jar:/home/runner/.m2/repository/org/jetbrains/kotlin/kotlin-stdlib-jdk8/1.9.22/kotlin-stdlib-jdk8-1.9.22.jar:/home/runner/.m2/repository/org/jetbrains/kotlin/kotlin-stdlib-jdk7/1.9.22/kotlin-stdlib-jdk7-1.9.22.jar:/home/runner/.m2/repository/org/jetbrains/kotlin/kotlin-stdlib-common/1.9.22/kotlin-stdlib-common-1.9.22.jar:/home/runner/.m2/repository/org/apache/ozone/hdds-test-utils/1.5.0-SNAPSHOT/hdds-test-utils-1.5.0-SNAPSHOT.jar:/home/runner/.m2/repository/org/assertj/assertj-core/3.12.2/assertj-core-3.12.2.jar:/home/runner/.m2/repository/com/google/guava/guava/32.0.0-jre/guava-32.0.0-jre.jar:/home/runner/.m2/repository/com/google/guava/failureaccess/1.0.1/failureaccess-1.0.1.jar:/home/runner/.m2/repository/com/google/guava/listenablefuture/9999.0-empty-to-avoid-conflict-with-guava/listenablefuture-9999.0-empty-to-avoid-conflict-with-guava.jar:/home/runner/.m2/repository/com/google/code/findbugs/jsr305/3.0.0/jsr305-3.0.0.jar:/home/runner/.m2/repository/org/checkerframework/checker-qual/3.33.0/checker-qual-3.33.0.jar:/home/runner/.m2/repository/com/google/j2objc/j2objc-annotations/2.8/j2objc-annotations-2.8.jar:/home/runner/.m2/repository/commons-io/commons-io/2.11.0/commons-io-2.11.0.jar:/home/runner/.m2/repository/commons-logging/commons-logging/1.2/commons-logging-1.2.jar:/home/runner/.m2/repository/org/junit/jupiter/junit-jupiter-api/5.10.1/junit-jupiter-api-5.10.1.jar:/home/runner/.m2/repository/org/opentest4j/opentest4j/1.3.0/opentest4j-1.3.0.jar:/home/runner/.m2/repository/org/junit/platform/junit-platform-commons/1.10.1/junit-platform-commons-1.10.1.jar:/home/runner/.m2/repository/ch/qos/reload4j/reload4j/1.2.25/reload4j-1.2.25.jar:/home/runner/.m2/repository/jakarta/annotation/jakarta.annotation-api/2.1.1/jakarta.annotation-api-2.1.1.jar:/home/runner/.m2/repository/org/slf4j/slf4j-api/2.0.10/slf4j-api-2.0.10.jar:/home/runner/.m2/repository/org/apache/logging/log4j/log4j-api/2.17.1/log4j-api-2.17.1.jar:/home/runner/.m2/repository/org/apache/ozone/hdds-server-scm/1.5.0-SNAPSHOT/hdds-server-scm-1.5.0-SNAPSHOT.jar:/home/runner/.m2/repository/com/google/protobuf/protobuf-java/2.5.0/protobuf-java-2.5.0.jar:/home/runner/.m2/repository/org/apache/ozone/hdds-container-service/1.5.0-SNAPSHOT/hdds-container-service-1.5.0-SNAPSHOT.jar:/home/runner/.m2/repository/org/apache/ozone/hdds-hadoop-dependency-server/1.5.0-SNAPSHOT/hdds-hadoop-dependency-server-1.5.0-SNAPSHOT.jar:/home/runner/.m2/repository/org/apache/hadoop/hadoop-hdfs/3.3.6/hadoop-hdfs-3.3.6.jar:/home/runner/.m2/repository/commons-daemon/commons-daemon/1.0.13/commons-daemon-1.0.13.jar:/home/runner/.m2/repository/org/apache/ozone/hdds-server-framework/1.5.0-SNAPSHOT/hdds-server-framework-1.5.0-SNAPSHOT.jar:/home/runner/.m2/repository/org/bouncycastle/bcprov-jdk18on/1.77/bcprov-jdk18on-1.77.jar:/home/runner/.m2/repository/io/dropwizard/metrics/metrics-core/3.2.4/metrics-core-3.2.4.jar:/home/runner/.m2/repository/org/apache/commons/commons-text/1.11.0/commons-text-1.11.0.jar:/home/runner/.m2/repository/org/apache/ozone/hdds-server-framework/1.5.0-SNAPSHOT/hdds-server-framework-1.5.0-SNAPSHOT-tests.jar:/home/runner/.m2/repository/org/apache/ozone/hdds-interface-server/1.5.0-SNAPSHOT/hdds-interface-server-1.5.0-SNAPSHOT.jar:/home/runner/.m2/repository/org/apache/ozone/hdds-interface-admin/1.5.0-SNAPSHOT/hdds-interface-admin-1.5.0-SNAPSHOT.jar:/home/runner/.m2/repository/org/apache/ozone/hdds-managed-rocksdb/1.5.0-SNAPSHOT/hdds-managed-rocksdb-1.5.0-SNAPSHOT.jar:/home/runner/.m2/repository/org/rocksdb/rocksdbjni/7.7.3/rocksdbjni-7.7.3.jar:/home/runner/.m2/repository/org/slf4j/slf4j-reload4j/2.0.10/slf4j-reload4j-2.0.10.jar:/home/runner/.m2/repository/org/apache/commons/commons-configuration2/2.8.0/commons-configuration2-2.8.0.jar:/home/runner/.m2/repository/commons-fileupload/commons-fileupload/1.5/commons-fileupload-1.5.jar:/home/runner/.m2/repository/org/apache/logging/log4j/log4j-core/2.17.1/log4j-core-2.17.1.jar:/home/runner/.m2/repository/com/lmax/disruptor/3.4.2/disruptor-3.4.2.jar:/home/runner/.m2/repository/org/eclipse/jetty/jetty-util/9.4.53.v20231009/jetty-util-9.4.53.v20231009.jar:/home/runner/.m2/repository/org/eclipse/jetty/jetty-server/9.4.53.v20231009/jetty-server-9.4.53.v20231009.jar:/home/runner/.m2/repository/org/eclipse/jetty/jetty-http/9.4.53.v20231009/jetty-http-9.4.53.v20231009.jar:/home/runner/.m2/repository/org/eclipse/jetty/jetty-io/9.4.53.v20231009/jetty-io-9.4.53.v20231009.jar:/home/runner/.m2/repository/org/eclipse/jetty/jetty-servlet/9.4.53.v20231009/jetty-servlet-9.4.53.v20231009.jar:/home/runner/.m2/repository/org/eclipse/jetty/jetty-security/9.4.53.v20231009/jetty-security-9.4.53.v20231009.jar:/home/runner/.m2/repository/org/eclipse/jetty/jetty-util-ajax/9.4.53.v20231009/jetty-util-ajax-9.4.53.v20231009.jar:/home/runner/.m2/repository/org/eclipse/jetty/jetty-webapp/9.4.53.v20231009/jetty-webapp-9.4.53.v20231009.jar:/home/runner/.m2/repository/org/eclipse/jetty/jetty-xml/9.4.53.v20231009/jetty-xml-9.4.53.v20231009.jar:/home/runner/.m2/repository/org/apache/ratis/ratis-server/3.0.1/ratis-server-3.0.1.jar:/home/runner/.m2/repository/org/apache/ratis/ratis-thirdparty-misc/1.0.5/ratis-thirdparty-misc-1.0.5.jar:/home/runner/.m2/repository/org/apache/ratis/ratis-proto/3.0.1/ratis-proto-3.0.1.jar:/home/runner/.m2/repository/org/apache/ratis/ratis-common/3.0.1/ratis-common-3.0.1.jar:/home/runner/.m2/repository/org/apache/ratis/ratis-client/3.0.1/ratis-client-3.0.1.jar:/home/runner/.m2/repository/org/apache/ratis/ratis-server-api/3.0.1/ratis-server-api-3.0.1.jar:/home/runner/.m2/repository/org/apache/ratis/ratis-metrics-api/3.0.1/ratis-metrics-api-3.0.1.jar:/home/runner/.m2/repository/org/apache/ratis/ratis-metrics-dropwizard3/3.0.1/ratis-metrics-dropwizard3-3.0.1.jar:/home/runner/.m2/repository/io/prometheus/simpleclient_dropwizard/0.16.0/simpleclient_dropwizard-0.16.0.jar:/home/runner/.m2/repository/io/prometheus/simpleclient/0.16.0/simpleclient-0.16.0.jar:/home/runner/.m2/repository/io/prometheus/simpleclient_common/0.16.0/simpleclient_common-0.16.0.jar:/home/runner/.m2/repository/com/fasterxml/jackson/datatype/jackson-datatype-jsr310/2.13.4/jackson-datatype-jsr310-2.13.4.jar:/home/runner/.m2/repository/com/fasterxml/jackson/core/jackson-core/2.13.4/jackson-core-2.13.4.jar:/home/runner/.m2/repository/org/apache/ozone/rocksdb-checkpoint-differ/1.5.0-SNAPSHOT/rocksdb-checkpoint-differ-1.5.0-SNAPSHOT.jar:/home/runner/.m2/repository/org/jgrapht/jgrapht-core/1.0.1/jgrapht-core-1.0.1.jar:/home/runner/.m2/repository/org/jgrapht/jgrapht-ext/1.0.1/jgrapht-ext-1.0.1.jar:/home/runner/.m2/repository/org/tinyjee/jgraphx/jgraphx/2.0.0.1/jgraphx-2.0.0.1.jar:/home/runner/.m2/repository/jgraph/jgraph/5.13.0.0/jgraph-5.13.0.0.jar:/home/runner/.m2/repository/org/antlr/antlr4-runtime/4.5.3/antlr4-runtime-4.5.3.jar:/home/runner/.m2/repository/org/apache/ozone/ozone-manager/1.5.0-SNAPSHOT/ozone-manager-1.5.0-SNAPSHOT.jar:/home/runner/.m2/repository/org/aspectj/aspectjrt/1.9.7/aspectjrt-1.9.7.jar:/home/runner/.m2/repository/org/aspectj/aspectjweaver/1.9.7/aspectjweaver-1.9.7.jar:/home/runner/.m2/repository/org/apache/ozone/hdds-interface-client/1.5.0-SNAPSHOT/hdds-interface-client-1.5.0-SNAPSHOT.jar:/home/runner/.m2/repository/org/apache/hadoop/thirdparty/hadoop-shaded-protobuf_3_7/1.1.1/hadoop-shaded-protobuf_3_7-1.1.1.jar:/home/runner/.m2/repository/org/apache/ozone/ozone-interface-storage/1.5.0-SNAPSHOT/ozone-interface-storage-1.5.0-SNAPSHOT.jar:/home/runner/.m2/repository/org/reflections/reflections/0.9.11/reflections-0.9.11.jar:/home/runner/.m2/repository/com/sun/jersey/jersey-client/1.19.4/jersey-client-1.19.4.jar:/home/runner/.m2/repository/org/codehaus/jackson/jackson-core-asl/1.9.13/jackson-core-asl-1.9.13.jar:/home/runner/.m2/repository/org/codehaus/jackson/jackson-mapper-asl/1.9.13/jackson-mapper-asl-1.9.13.jar:/home/runner/.m2/repository/org/codehaus/jackson/jackson-jaxrs/1.9.13/jackson-jaxrs-1.9.13.jar:/home/runner/.m2/repository/org/apache/ranger/ranger-intg/2.3.0/ranger-intg-2.3.0.jar:/home/runner/.m2/repository/org/apache/ranger/ranger-plugins-common/2.3.0/ranger-plugins-common-2.3.0.jar:/home/runner/.m2/repository/commons-lang/commons-lang/2.6/commons-lang-2.6.jar:/home/runner/.m2/repository/org/apache/ranger/ranger-plugins-cred/2.3.0/ranger-plugins-cred-2.3.0.jar:/home/runner/.m2/repository/org/apache/ranger/ranger-plugins-audit/2.3.0/ranger-plugins-audit-2.3.0.jar:/home/runner/.m2/repository/org/eclipse/jetty/jetty-client/9.4.53.v20231009/jetty-client-9.4.53.v20231009.jar:/home/runner/.m2/repository/org/apache/httpcomponents/httpmime/4.5.6/httpmime-4.5.6.jar:/home/runner/.m2/repository/org/apache/httpcomponents/httpcore-nio/4.4.16/httpcore-nio-4.4.16.jar:/home/runner/.m2/repository/org/apache/httpcomponents/httpasyncclient/4.1.3/httpasyncclient-4.1.3.jar:/home/runner/.m2/repository/com/carrotsearch/hppc/0.8.0/hppc-0.8.0.jar:/home/runner/.m2/repository/org/apache/orc/orc-core/1.5.8/orc-core-1.5.8.jar:/home/runner/.m2/repository/net/java/dev/jna/jna/5.2.0/jna-5.2.0.jar:/home/runner/.m2/repository/net/java/dev/jna/jna-platform/5.2.0/jna-platform-5.2.0.jar:/home/runner/.m2/repository/com/kstruct/gethostname4j/0.0.2/gethostname4j-0.0.2.jar:/home/runner/.m2/repository/org/apache/ranger/ranger-plugin-classloader/2.3.0/ranger-plugin-classloader-2.3.0.jar:/home/runner/.m2/repository/org/apache/ozone/hdds-rocks-native/1.5.0-SNAPSHOT/hdds-rocks-native-1.5.0-SNAPSHOT.jar:/home/runner/.m2/repository/org/apache/hadoop/hadoop-minikdc/3.3.6/hadoop-minikdc-3.3.6.jar:/home/runner/.m2/repository/org/apache/kerby/kerb-simplekdc/1.0.1/kerb-simplekdc-1.0.1.jar:/home/runner/.m2/repository/org/apache/kerby/kerb-client/1.0.1/kerb-client-1.0.1.jar:/home/runner/.m2/repository/org/apache/kerby/kerby-config/1.0.1/kerby-config-1.0.1.jar:/home/runner/.m2/repository/org/apache/kerby/kerb-common/1.0.1/kerb-common-1.0.1.jar:/home/runner/.m2/repository/org/apache/kerby/kerb-crypto/1.0.1/kerb-crypto-1.0.1.jar:/home/runner/.m2/repository/org/apache/kerby/kerb-util/1.0.1/kerb-util-1.0.1.jar:/home/runner/.m2/repository/org/apache/kerby/token-provider/1.0.1/token-provider-1.0.1.jar:/home/runner/.m2/repository/org/apache/kerby/kerb-admin/1.0.1/kerb-admin-1.0.1.jar:/home/runner/.m2/repository/org/apache/kerby/kerb-server/1.0.1/kerb-server-1.0.1.jar:/home/runner/.m2/repository/org/apache/kerby/kerb-identity/1.0.1/kerb-identity-1.0.1.jar:/home/runner/.m2/repository/org/apache/kerby/kerby-xdr/1.0.1/kerby-xdr-1.0.1.jar:/home/runner/.m2/repository/junit/junit/4.13.2/junit-4.13.2.jar:/home/runner/.m2/repository/org/hamcrest/hamcrest-core/1.3/hamcrest-core-1.3.jar:/home/runner/.m2/repository/org/apache/ozone/ozone-s3gateway/1.5.0-SNAPSHOT/ozone-s3gateway-1.5.0-SNAPSHOT.jar:/home/runner/.m2/repository/org/javassist/javassist/3.21.0-GA/javassist-3.21.0-GA.jar:/home/runner/.m2/repository/org/jboss/weld/servlet/weld-servlet-shaded/3.1.9.Final/weld-servlet-shaded-3.1.9.Final.jar:/home/runner/.m2/repository/org/glassfish/jersey/containers/jersey-container-servlet-core/2.41/jersey-container-servlet-core-2.41.jar:/home/runner/.m2/repository/org/glassfish/hk2/external/jakarta.inject/2.6.1/jakarta.inject-2.6.1.jar:/home/runner/.m2/repository/org/glassfish/jersey/core/jersey-common/2.41/jersey-common-2.41.jar:/home/runner/.m2/repository/jakarta/ws/rs/jakarta.ws.rs-api/2.1.6/jakarta.ws.rs-api-2.1.6.jar:/home/runner/.m2/repository/org/glassfish/jersey/ext/cdi/jersey-cdi1x/2.41/jersey-cdi1x-2.41.jar:/home/runner/.m2/repository/org/glassfish/jersey/inject/jersey-hk2/2.41/jersey-hk2-2.41.jar:/home/runner/.m2/repository/org/glassfish/hk2/hk2-locator/2.6.1/hk2-locator-2.6.1.jar:/home/runner/.m2/repository/org/glassfish/jersey/media/jersey-media-jaxb/2.41/jersey-media-jaxb-2.41.jar:/home/runner/.m2/repository/org/glassfish/hk2/osgi-resource-locator/1.0.3/osgi-resource-locator-1.0.3.jar:/home/runner/.m2/repository/org/glassfish/hk2/hk2-api/2.6.1/hk2-api-2.6.1.jar:/home/runner/.m2/repository/org/glassfish/hk2/hk2-utils/2.6.1/hk2-utils-2.6.1.jar:/home/runner/.m2/repository/org/glassfish/hk2/external/aopalliance-repackaged/2.6.1/aopalliance-repackaged-2.6.1.jar:/home/runner/.m2/repository/com/fasterxml/jackson/dataformat/jackson-dataformat-xml/2.13.4/jackson-dataformat-xml-2.13.4.jar:/home/runner/.m2/repository/org/codehaus/woodstox/stax2-api/4.2.2/stax2-api-4.2.2.jar:/home/runner/.m2/repository/com/fasterxml/woodstox/woodstox-core/5.4.0/woodstox-core-5.4.0.jar:/home/runner/.m2/repository/com/fasterxml/jackson/module/jackson-module-jaxb-annotations/2.13.4/jackson-module-jaxb-annotations-2.13.4.jar:/home/runner/.m2/repository/javax/enterprise/cdi-api/2.0/cdi-api-2.0.jar:/home/runner/.m2/repository/javax/el/javax.el-api/3.0.0/javax.el-api-3.0.0.jar:/home/runner/.m2/repository/javax/interceptor/javax.interceptor-api/1.2/javax.interceptor-api-1.2.jar:/home/runner/.m2/repository/javax/inject/javax.inject/1/javax.inject-1.jar:/home/runner/.m2/repository/jakarta/xml/bind/jakarta.xml.bind-api/2.3.3/jakarta.xml.bind-api-2.3.3.jar:/home/runner/.m2/repository/org/glassfish/jaxb/jaxb-runtime/2.3.9/jaxb-runtime-2.3.9.jar:/home/runner/.m2/repository/org/glassfish/jaxb/txw2/2.3.9/txw2-2.3.9.jar:/home/runner/.m2/repository/com/sun/istack/istack-commons-runtime/3.0.12/istack-commons-runtime-3.0.12.jar:/home/runner/.m2/repository/com/sun/activation/jakarta.activation/1.2.2/jakarta.activation-1.2.2.jar:/home/runner/.m2/repository/jakarta/activation/jakarta.activation-api/1.2.2/jakarta.activation-api-1.2.2.jar:/home/runner/.m2/repository/io/grpc/grpc-protobuf/1.58.0/grpc-protobuf-1.58.0.jar:/home/runner/.m2/repository/com/google/api/grpc/proto-google-common-protos/2.22.0/proto-google-common-protos-2.22.0.jar:/home/runner/.m2/repository/io/grpc/grpc-protobuf-lite/1.58.0/grpc-protobuf-lite-1.58.0.jar:/home/runner/.m2/repository/io/grpc/grpc-stub/1.58.0/grpc-stub-1.58.0.jar:/home/runner/.m2/repository/io/netty/netty-transport/4.1.100.Final/netty-transport-4.1.100.Final.jar:/home/runner/.m2/repository/io/netty/netty-resolver/4.1.100.Final/netty-resolver-4.1.100.Final.jar:/home/runner/.m2/repository/org/apache/ozone/ozone-csi/1.5.0-SNAPSHOT/ozone-csi-1.5.0-SNAPSHOT.jar:/home/runner/.m2/repository/com/google/protobuf/protobuf-java-util/3.19.6/protobuf-java-util-3.19.6.jar:/home/runner/.m2/repository/com/google/code/gson/gson/2.9.0/gson-2.9.0.jar:/home/runner/.m2/repository/org/apache/ozone/hdds-config/1.5.0-SNAPSHOT/hdds-config-1.5.0-SNAPSHOT.jar:/home/runner/.m2/repository/io/netty/netty-transport-native-epoll/4.1.100.Final/netty-transport-native-epoll-4.1.100.Final-linux-x86_64.jar:/home/runner/.m2/repository/io/netty/netty-transport-classes-epoll/4.1.100.Final/netty-transport-classes-epoll-4.1.100.Final.jar:/home/runner/.m2/repository/io/netty/netty-transport-native-unix-common/4.1.100.Final/netty-transport-native-unix-common-4.1.100.Final.jar:/home/runner/.m2/repository/org/apache/ozone/ozone-recon/1.5.0-SNAPSHOT/ozone-recon-1.5.0-SNAPSHOT.jar:/home/runner/.m2/repository/org/apache/ozone/ozone-reconcodegen/1.5.0-SNAPSHOT/ozone-reconcodegen-1.5.0-SNAPSHOT.jar:/home/runner/.m2/repository/com/google/inject/guice/5.1.0/guice-5.1.0.jar:/home/runner/.m2/repository/aopalliance/aopalliance/1.0/aopalliance-1.0.jar:/home/runner/.m2/repository/com/google/inject/extensions/guice-assistedinject/5.1.0/guice-assistedinject-5.1.0.jar:/home/runner/.m2/repository/com/google/inject/extensions/guice-servlet/5.1.0/guice-servlet-5.1.0.jar:/home/runner/.m2/repository/org/glassfish/jersey/containers/jersey-container-servlet/2.41/jersey-container-servlet-2.41.jar:/home/runner/.m2/repository/org/glassfish/hk2/guice-bridge/2.6.1/guice-bridge-2.6.1.jar:/home/runner/.m2/repository/org/glassfish/jersey/core/jersey-server/2.41/jersey-server-2.41.jar:/home/runner/.m2/repository/org/glassfish/jersey/core/jersey-client/2.41/jersey-client-2.41.jar:/home/runner/.m2/repository/jakarta/validation/jakarta.validation-api/2.0.2/jakarta.validation-api-2.0.2.jar:/home/runner/.m2/repository/org/glassfish/jersey/media/jersey-media-json-jackson/2.41/jersey-media-json-jackson-2.41.jar:/home/runner/.m2/repository/org/glassfish/jersey/ext/jersey-entity-filtering/2.41/jersey-entity-filtering-2.41.jar:/home/runner/.m2/repository/org/jooq/jooq/3.11.10/jooq-3.11.10.jar:/home/runner/.m2/repository/org/jooq/jooq-meta/3.11.10/jooq-meta-3.11.10.jar:/home/runner/.m2/repository/org/jooq/jooq-codegen/3.11.10/jooq-codegen-3.11.10.jar:/home/runner/.m2/repository/com/jolbox/bonecp/0.8.0.RELEASE/bonecp-0.8.0.RELEASE.jar:/home/runner/.m2/repository/org/apache/derby/derby/10.14.2.0/derby-10.14.2.0.jar:/home/runner/.m2/repository/org/xerial/sqlite-jdbc/3.44.1.0/sqlite-jdbc-3.44.1.0.jar:/home/runner/.m2/repository/org/springframework/spring-jdbc/5.3.27/spring-jdbc-5.3.27.jar:/home/runner/.m2/repository/org/springframework/spring-beans/5.3.27/spring-beans-5.3.27.jar:/home/runner/.m2/repository/org/springframework/spring-core/5.3.27/spring-core-5.3.27.jar:/home/runner/.m2/repository/org/springframework/spring-tx/5.3.27/spring-tx-5.3.27.jar:/home/runner/.m2/repository/org/apache/ozone/ozone-client/1.5.0-SNAPSHOT/ozone-client-1.5.0-SNAPSHOT.jar:/home/runner/.m2/repository/org/apache/ozone/hdds-erasurecode/1.5.0-SNAPSHOT/hdds-erasurecode-1.5.0-SNAPSHOT.jar:/home/runner/.m2/repository/org/apache/ozone/ozone-filesystem/1.5.0-SNAPSHOT/ozone-filesystem-1.5.0-SNAPSHOT.jar:/home/runner/.m2/repository/org/apache/ozone/ozone-filesystem-common/1.5.0-SNAPSHOT/ozone-filesystem-common-1.5.0-SNAPSHOT.jar:/home/runner/.m2/repository/org/apache/ozone/ozone-tools/1.5.0-SNAPSHOT/ozone-tools-1.5.0-SNAPSHOT.jar:/home/runner/.m2/repository/com/amazonaws/aws-java-sdk-core/1.12.632/aws-java-sdk-core-1.12.632.jar:/home/runner/.m2/repository/org/apache/httpcomponents/httpclient/4.5.13/httpclient-4.5.13.jar:/home/runner/.m2/repository/org/apache/httpcomponents/httpcore/4.4.16/httpcore-4.4.16.jar:/home/runner/.m2/repository/software/amazon/ion/ion-java/1.0.2/ion-java-1.0.2.jar:/home/runner/.m2/repository/com/fasterxml/jackson/dataformat/jackson-dataformat-cbor/2.13.4/jackson-dataformat-cbor-2.13.4.jar:/home/runner/.m2/repository/joda-time/joda-time/2.12.5/joda-time-2.12.5.jar:/home/runner/.m2/repository/com/amazonaws/aws-java-sdk-s3/1.12.632/aws-java-sdk-s3-1.12.632.jar:/home/runner/.m2/repository/com/amazonaws/aws-java-sdk-kms/1.12.632/aws-java-sdk-kms-1.12.632.jar:/home/runner/.m2/repository/com/amazonaws/jmespath-java/1.12.632/jmespath-java-1.12.632.jar:/home/runner/.m2/repository/org/kohsuke/metainf-services/metainf-services/1.8/metainf-services-1.8.jar:/home/runner/.m2/repository/org/apache/ozone/hdds-tools/1.5.0-SNAPSHOT/hdds-tools-1.5.0-SNAPSHOT.jar:/home/runner/.m2/repository/org/apache/ratis/ratis-tools/3.0.1/ratis-tools-3.0.1.jar:/home/runner/.m2/repository/commons-cli/commons-cli/1.6.0/commons-cli-1.6.0.jar:/home/runner/.m2/repository/org/apache/commons/commons-lang3/3.14.0/commons-lang3-3.14.0.jar:/home/runner/.m2/repository/org/apache/ozone/ozone-manager/1.5.0-SNAPSHOT/ozone-manager-1.5.0-SNAPSHOT-tests.jar:/home/runner/.m2/repository/org/apache/ozone/hdds-common/1.5.0-SNAPSHOT/hdds-common-1.5.0-SNAPSHOT-tests.jar:/home/runner/.m2/repository/org/apache/ozone/hdds-hadoop-dependency-client/1.5.0-SNAPSHOT/hdds-hadoop-dependency-client-1.5.0-SNAPSHOT.jar:/home/runner/.m2/repository/info/picocli/picocli/4.7.5/picocli-4.7.5.jar:/home/runner/.m2/repository/com/fasterxml/jackson/core/jackson-annotations/2.13.4/jackson-annotations-2.13.4.jar:/home/runner/.m2/repository/org/apache/ozone/hdds-annotation-processing/1.5.0-SNAPSHOT/hdds-annotation-processing-1.5.0-SNAPSHOT.jar:/home/runner/.m2/repository/javax/annotation/javax.annotation-api/1.3.2/javax.annotation-api-1.3.2.jar:/home/runner/.m2/repository/org/apache/ratis/ratis-netty/3.0.1/ratis-netty-3.0.1.jar:/home/runner/.m2/repository/org/apache/ratis/ratis-grpc/3.0.1/ratis-grpc-3.0.1.jar:/home/runner/.m2/repository/org/apache/commons/commons-pool2/2.6.0/commons-pool2-2.6.0.jar:/home/runner/.m2/repository/org/bouncycastle/bcpkix-jdk18on/1.77/bcpkix-jdk18on-1.77.jar:/home/runner/.m2/repository/org/bouncycastle/bcutil-jdk18on/1.77/bcutil-jdk18on-1.77.jar:/home/runner/.m2/repository/commons-validator/commons-validator/1.6/commons-validator-1.6.jar:/home/runner/.m2/repository/commons-beanutils/commons-beanutils/1.9.4/commons-beanutils-1.9.4.jar:/home/runner/.m2/repository/commons-digester/commons-digester/1.8.1/commons-digester-1.8.1.jar:/home/runner/.m2/repository/commons-collections/commons-collections/3.2.2/commons-collections-3.2.2.jar:/home/runner/.m2/repository/io/jaegertracing/jaeger-client/1.6.0/jaeger-client-1.6.0.jar:/home/runner/.m2/repository/io/jaegertracing/jaeger-thrift/1.6.0/jaeger-thrift-1.6.0.jar:/home/runner/.m2/repository/org/apache/thrift/libthrift/0.14.1/libthrift-0.14.1.jar:/home/runner/.m2/repository/io/jaegertracing/jaeger-core/1.6.0/jaeger-core-1.6.0.jar:/home/runner/.m2/repository/io/jaegertracing/jaeger-tracerresolver/1.6.0/jaeger-tracerresolver-1.6.0.jar:/home/runner/.m2/repository/io/opentracing/contrib/opentracing-tracerresolver/0.1.8/opentracing-tracerresolver-0.1.8.jar:/home/runner/.m2/repository/org/jetbrains/kotlin/kotlin-stdlib/1.9.22/kotlin-stdlib-1.9.22.jar:/home/runner/.m2/repository/org/jetbrains/annotations/13.0/annotations-13.0.jar:/home/runner/.m2/repository/io/opentracing/opentracing-util/0.33.0/opentracing-util-0.33.0.jar:/home/runner/.m2/repository/io/opentracing/opentracing-api/0.33.0/opentracing-api-0.33.0.jar:/home/runner/.m2/repository/io/opentracing/opentracing-noop/0.33.0/opentracing-noop-0.33.0.jar:/home/runner/.m2/repository/org/yaml/snakeyaml/2.0/snakeyaml-2.0.jar:/home/runner/.m2/repository/io/grpc/grpc-api/1.58.0/grpc-api-1.58.0.jar:/home/runner/.m2/repository/org/junit/jupiter/junit-jupiter-engine/5.10.1/junit-jupiter-engine-5.10.1.jar:/home/runner/.m2/repository/org/junit/platform/junit-platform-engine/1.10.1/junit-platform-engine-1.10.1.jar:/home/runner/.m2/repository/org/apiguardian/apiguardian-api/1.1.2/apiguardian-api-1.1.2.jar:/home/runner/.m2/repository/org/junit/platform/junit-platform-launcher/1.10.1/junit-platform-launcher-1.10.1.jar:/home/runner/.m2/repository/org/apache/hadoop/hadoop-kms/3.3.6/hadoop-kms-3.3.6.jar:/home/runner/.m2/repository/org/apache/hadoop/hadoop-auth/3.3.6/hadoop-auth-3.3.6.jar:/home/runner/.m2/repository/com/nimbusds/nimbus-jose-jwt/9.8.1/nimbus-jose-jwt-9.8.1.jar:/home/runner/.m2/repository/com/github/stephenc/jcip/jcip-annotations/1.0-1/jcip-annotations-1.0-1.jar:/home/runner/.m2/repository/org/apache/zookeeper/zookeeper/3.7.2/zookeeper-3.7.2.jar:/home/runner/.m2/repository/org/apache/zookeeper/zookeeper-jute/3.7.2/zookeeper-jute-3.7.2.jar:/home/runner/.m2/repository/org/apache/yetus/audience-annotations/0.12.0/audience-annotations-0.12.0.jar:/home/runner/.m2/repository/org/apache/curator/curator-framework/4.2.0/curator-framework-4.2.0.jar:/home/runner/.m2/repository/org/apache/hadoop/thirdparty/hadoop-shaded-guava/1.1.1/hadoop-shaded-guava-1.1.1.jar:/home/runner/.m2/repository/com/sun/jersey/jersey-core/1.19.4/jersey-core-1.19.4.jar:/home/runner/.m2/repository/javax/ws/rs/jsr311-api/1.1.1/jsr311-api-1.1.1.jar:/home/runner/.m2/repository/com/sun/jersey/jersey-server/1.19.4/jersey-server-1.19.4.jar:/home/runner/.m2/repository/javax/servlet/javax.servlet-api/3.1.0/javax.servlet-api-3.1.0.jar:/home/runner/.m2/repository/org/apache/hadoop/hadoop-common/3.3.6/hadoop-common-3.3.6.jar:/home/runner/.m2/repository/org/apache/commons/commons-math3/3.6.1/commons-math3-3.6.1.jar:/home/runner/.m2/repository/commons-net/commons-net/3.10.0/commons-net-3.10.0.jar:/home/runner/.m2/repository/com/sun/jersey/jersey-servlet/1.19.4/jersey-servlet-1.19.4.jar:/home/runner/.m2/repository/com/github/pjfanning/jersey-json/1.20/jersey-json-1.20.jar:/home/runner/.m2/repository/org/codehaus/jettison/jettison/1.1/jettison-1.1.jar:/home/runner/.m2/repository/com/sun/xml/bind/jaxb-impl/2.2.3-1/jaxb-impl-2.2.3-1.jar:/home/runner/.m2/repository/com/google/re2j/re2j/1.7/re2j-1.7.jar:/home/runner/.m2/repository/com/jcraft/jsch/0.1.54/jsch-0.1.54.jar:/home/runner/.m2/repository/org/apache/curator/curator-client/4.2.0/curator-client-4.2.0.jar:/home/runner/.m2/repository/org/apache/curator/curator-recipes/5.2.0/curator-recipes-5.2.0.jar:/home/runner/.m2/repository/org/apache/kerby/kerb-core/1.0.1/kerb-core-1.0.1.jar:/home/runner/.m2/repository/org/apache/kerby/kerby-pkix/1.0.1/kerby-pkix-1.0.1.jar:/home/runner/.m2/repository/org/apache/kerby/kerby-asn1/1.0.1/kerby-asn1-1.0.1.jar:/home/runner/.m2/repository/org/apache/kerby/kerby-util/1.0.1/kerby-util-1.0.1.jar:/home/runner/.m2/repository/dnsjava/dnsjava/2.1.7/dnsjava-2.1.7.jar:/home/runner/.m2/repository/org/xerial/snappy/snappy-java/1.1.8.2/snappy-java-1.1.8.2.jar:/home/runner/.m2/repository/com/fasterxml/jackson/core/jackson-databind/2.13.4.2/jackson-databind-2.13.4.2.jar:/home/runner/.m2/repository/org/apache/hadoop/hadoop-kms/3.3.6/hadoop-kms-3.3.6-tests.jar:/home/runner/.m2/repository/org/apache/ozone/hdds-server-scm/1.5.0-SNAPSHOT/hdds-server-scm-1.5.0-SNAPSHOT-tests.jar:/home/runner/.m2/repository/org/apache/ozone/hdds-container-service/1.5.0-SNAPSHOT/hdds-container-service-1.5.0-SNAPSHOT-tests.jar:/home/runner/.m2/repository/com/github/luben/zstd-jni/1.5.2-5/zstd-jni-1.5.2-5.jar:/home/runner/.m2/repository/commons-codec/commons-codec/1.15/commons-codec-1.15.jar:/home/runner/.m2/repository/io/netty/netty-codec/4.1.100.Final/netty-codec-4.1.100.Final.jar:/home/runner/.m2/repository/io/netty/netty-handler/4.1.100.Final/netty-handler-4.1.100.Final.jar:/home/runner/.m2/repository/org/apache/ozone/hdds-hadoop-dependency-test/1.5.0-SNAPSHOT/hdds-hadoop-dependency-test-1.5.0-SNAPSHOT.jar:/home/runner/.m2/repository/org/apache/hadoop/hadoop-common/3.3.6/hadoop-common-3.3.6-tests.jar:/home/runner/.m2/repository/org/apache/hadoop/hadoop-hdfs/3.3.6/hadoop-hdfs-3.3.6-tests.jar:/home/runner/.m2/repository/org/junit/jupiter/junit-jupiter-params/5.10.1/junit-jupiter-params-5.10.1.jar:/home/runner/.m2/repository/org/mockito/mockito-core/4.11.0/mockito-core-4.11.0.jar:/home/runner/.m2/repository/net/bytebuddy/byte-buddy/1.12.19/byte-buddy-1.12.19.jar:/home/runner/.m2/repository/net/bytebuddy/byte-buddy-agent/1.12.19/byte-buddy-agent-1.12.19.jar:/home/runner/.m2/repository/org/objenesis/objenesis/1.0/objenesis-1.0.jar:/home/runner/.m2/repository/org/mockito/mockito-junit-jupiter/4.11.0/mockito-junit-jupiter-4.11.0.jar:/home/runner/.m2/repository/org/apache/hadoop/hadoop-distcp/3.3.6/hadoop-distcp-3.3.6.jar:/home/runner/.m2/repository/org/apache/hadoop/hadoop-mapreduce-client-jobclient/3.3.6/hadoop-mapreduce-client-jobclient-3.3.6.jar:/home/runner/.m2/repository/org/apache/hadoop/hadoop-mapreduce-client-common/3.3.6/hadoop-mapreduce-client-common-3.3.6.jar:/home/runner/.m2/repository/org/apache/hadoop/hadoop-yarn-common/3.3.6/hadoop-yarn-common-3.3.6.jar:/home/runner/.m2/repository/org/apache/hadoop/hadoop-yarn-api/3.3.6/hadoop-yarn-api-3.3.6.jar:/home/runner/.m2/repository/javax/xml/bind/jaxb-api/2.2.11/jaxb-api-2.2.11.jar:/home/runner/.m2/repository/com/sun/jersey/contribs/jersey-guice/1.19.4/jersey-guice-1.19.4.jar:/home/runner/.m2/repository/com/fasterxml/jackson/jaxrs/jackson-jaxrs-json-provider/2.13.4/jackson-jaxrs-json-provider-2.13.4.jar:/home/runner/.m2/repository/com/fasterxml/jackson/jaxrs/jackson-jaxrs-base/2.13.4/jackson-jaxrs-base-2.13.4.jar:/home/runner/.m2/repository/org/apache/hadoop/hadoop-yarn-client/3.3.6/hadoop-yarn-client-3.3.6.jar:/home/runner/.m2/repository/org/eclipse/jetty/websocket/websocket-client/9.4.51.v20230217/websocket-client-9.4.51.v20230217.jar:/home/runner/.m2/repository/org/eclipse/jetty/websocket/websocket-common/9.4.51.v20230217/websocket-common-9.4.51.v20230217.jar:/home/runner/.m2/repository/org/eclipse/jetty/websocket/websocket-api/9.4.51.v20230217/websocket-api-9.4.51.v20230217.jar:/home/runner/.m2/repository/org/jline/jline/3.9.0/jline-3.9.0.jar:/home/runner/.m2/repository/org/apache/hadoop/hadoop-mapreduce-client-core/3.3.6/hadoop-mapreduce-client-core-3.3.6.jar:/home/runner/.m2/repository/org/apache/avro/avro/1.7.7/avro-1.7.7.jar:/home/runner/.m2/repository/com/thoughtworks/paranamer/paranamer/2.3/paranamer-2.3.jar:/home/runner/.m2/repository/org/apache/hadoop/hadoop-annotations/3.3.6/hadoop-annotations-3.3.6.jar:/usr/lib/jvm/temurin-8-jdk-amd64/jre/../lib/tools.jar:/home/runner/.m2/repository/io/netty/netty/3.10.6.Final/netty-3.10.6.Final.jar:/home/runner/.m2/repository/org/apache/hadoop/hadoop-distcp/3.3.6/hadoop-distcp-3.3.6-tests.jar:/home/runner/.m2/repository/org/hamcrest/hamcrest/2.2/hamcrest-2.2.jar:/home/runner/.m2/repository/org/slf4j/jul-to-slf4j/2.0.10/jul-to-slf4j-2.0.10.jar:/home/runner/work/ozone/ozone/hadoop-ozone/integration-test/target/gradle-enterprise/test-listeners.jar:"/>
    <property name="java.vm.vendor" value="Temurin"/>
    <property name="sun.arch.data.model" value="64"/>
    <property name="test.build.dir" value="/home/runner/work/ozone/ozone/hadoop-ozone/integration-test/target/test-dir"/>
    <property name="test.cache.data" value=""/>
    <property name="java.vendor.url" value="https://adoptium.net/"/>
    <property name="user.timezone" value="Etc/UTC"/>
    <property name="maven-surefire-plugin.argLineAccessArgs" value=""/>
    <property name="os.name" value="Linux"/>
    <property name="java.vm.specification.version" value="1.8"/>
    <property name="test.build.data" value="/home/runner/work/ozone/ozone/hadoop-ozone/integration-test/target/test-dir"/>
    <property name="sun.java.launcher" value="SUN_STANDARD"/>
    <property name="sun.boot.library.path" value="/usr/lib/jvm/temurin-8-jdk-amd64/jre/lib/amd64"/>
    <property name="sun.java.command" value="/home/runner/work/ozone/ozone/hadoop-ozone/integration-test/target/surefire/surefirebooter4837972885388770511.jar /home/runner/work/ozone/ozone/hadoop-ozone/integration-test/target/surefire 2024-01-30T07-10-31_144-jvmRun1 surefire1056155175661794854tmp surefire_32471325092512603451tmp"/>
    <property name="native.lib.tmp.dir" value="/tmp"/>
    <property name="surefire.test.class.path" value="/home/runner/work/ozone/ozone/hadoop-ozone/integration-test/target/test-classes:/home/runner/work/ozone/ozone/hadoop-ozone/integration-test/target/classes:/home/runner/.m2/repository/org/apache/ozone/ozone-common/1.5.0-SNAPSHOT/ozone-common-1.5.0-SNAPSHOT.jar:/home/runner/.m2/repository/io/grpc/grpc-netty/1.58.0/grpc-netty-1.58.0.jar:/home/runner/.m2/repository/io/grpc/grpc-core/1.58.0/grpc-core-1.58.0.jar:/home/runner/.m2/repository/com/google/android/annotations/4.1.1.4/annotations-4.1.1.4.jar:/home/runner/.m2/repository/org/codehaus/mojo/animal-sniffer-annotations/1.23/animal-sniffer-annotations-1.23.jar:/home/runner/.m2/repository/io/grpc/grpc-context/1.58.0/grpc-context-1.58.0.jar:/home/runner/.m2/repository/io/grpc/grpc-util/1.58.0/grpc-util-1.58.0.jar:/home/runner/.m2/repository/com/google/errorprone/error_prone_annotations/2.2.0/error_prone_annotations-2.2.0.jar:/home/runner/.m2/repository/io/perfmark/perfmark-api/0.26.0/perfmark-api-0.26.0.jar:/home/runner/.m2/repository/io/netty/netty-codec-http2/4.1.100.Final/netty-codec-http2-4.1.100.Final.jar:/home/runner/.m2/repository/io/netty/netty-common/4.1.100.Final/netty-common-4.1.100.Final.jar:/home/runner/.m2/repository/io/netty/netty-buffer/4.1.100.Final/netty-buffer-4.1.100.Final.jar:/home/runner/.m2/repository/io/netty/netty-codec-http/4.1.100.Final/netty-codec-http-4.1.100.Final.jar:/home/runner/.m2/repository/io/netty/netty-handler-proxy/4.1.100.Final/netty-handler-proxy-4.1.100.Final.jar:/home/runner/.m2/repository/io/netty/netty-codec-socks/4.1.100.Final/netty-codec-socks-4.1.100.Final.jar:/home/runner/.m2/repository/io/netty/netty-tcnative-boringssl-static/2.0.61.Final/netty-tcnative-boringssl-static-2.0.61.Final.jar:/home/runner/.m2/repository/io/netty/netty-tcnative-classes/2.0.61.Final/netty-tcnative-classes-2.0.61.Final.jar:/home/runner/.m2/repository/io/netty/netty-tcnative-boringssl-static/2.0.61.Final/netty-tcnative-boringssl-static-2.0.61.Final-linux-x86_64.jar:/home/runner/.m2/repository/io/netty/netty-tcnative-boringssl-static/2.0.61.Final/netty-tcnative-boringssl-static-2.0.61.Final-linux-aarch_64.jar:/home/runner/.m2/repository/io/netty/netty-tcnative-boringssl-static/2.0.61.Final/netty-tcnative-boringssl-static-2.0.61.Final-osx-x86_64.jar:/home/runner/.m2/repository/io/netty/netty-tcnative-boringssl-static/2.0.61.Final/netty-tcnative-boringssl-static-2.0.61.Final-osx-aarch_64.jar:/home/runner/.m2/repository/io/netty/netty-tcnative-boringssl-static/2.0.61.Final/netty-tcnative-boringssl-static-2.0.61.Final-windows-x86_64.jar:/home/runner/.m2/repository/org/apache/commons/commons-compress/1.25.0/commons-compress-1.25.0.jar:/home/runner/.m2/repository/org/apache/ozone/hdds-common/1.5.0-SNAPSHOT/hdds-common-1.5.0-SNAPSHOT.jar:/home/runner/.m2/repository/org/apache/ozone/hdds-client/1.5.0-SNAPSHOT/hdds-client-1.5.0-SNAPSHOT.jar:/home/runner/.m2/repository/org/apache/ozone/ozone-interface-client/1.5.0-SNAPSHOT/ozone-interface-client-1.5.0-SNAPSHOT.jar:/home/runner/.m2/repository/org/apache/hadoop/hadoop-hdfs-client/3.3.6/hadoop-hdfs-client-3.3.6.jar:/home/runner/.m2/repository/com/squareup/okhttp3/okhttp/4.12.0/okhttp-4.12.0.jar:/home/runner/.m2/repository/com/squareup/okio/okio/3.6.0/okio-3.6.0.jar:/home/runner/.m2/repository/com/squareup/okio/okio-jvm/3.6.0/okio-jvm-3.6.0.jar:/home/runner/.m2/repository/org/jetbrains/kotlin/kotlin-stdlib-jdk8/1.9.22/kotlin-stdlib-jdk8-1.9.22.jar:/home/runner/.m2/repository/org/jetbrains/kotlin/kotlin-stdlib-jdk7/1.9.22/kotlin-stdlib-jdk7-1.9.22.jar:/home/runner/.m2/repository/org/jetbrains/kotlin/kotlin-stdlib-common/1.9.22/kotlin-stdlib-common-1.9.22.jar:/home/runner/.m2/repository/org/apache/ozone/hdds-test-utils/1.5.0-SNAPSHOT/hdds-test-utils-1.5.0-SNAPSHOT.jar:/home/runner/.m2/repository/org/assertj/assertj-core/3.12.2/assertj-core-3.12.2.jar:/home/runner/.m2/repository/com/google/guava/guava/32.0.0-jre/guava-32.0.0-jre.jar:/home/runner/.m2/repository/com/google/guava/failureaccess/1.0.1/failureaccess-1.0.1.jar:/home/runner/.m2/repository/com/google/guava/listenablefuture/9999.0-empty-to-avoid-conflict-with-guava/listenablefuture-9999.0-empty-to-avoid-conflict-with-guava.jar:/home/runner/.m2/repository/com/google/code/findbugs/jsr305/3.0.0/jsr305-3.0.0.jar:/home/runner/.m2/repository/org/checkerframework/checker-qual/3.33.0/checker-qual-3.33.0.jar:/home/runner/.m2/repository/com/google/j2objc/j2objc-annotations/2.8/j2objc-annotations-2.8.jar:/home/runner/.m2/repository/commons-io/commons-io/2.11.0/commons-io-2.11.0.jar:/home/runner/.m2/repository/commons-logging/commons-logging/1.2/commons-logging-1.2.jar:/home/runner/.m2/repository/org/junit/jupiter/junit-jupiter-api/5.10.1/junit-jupiter-api-5.10.1.jar:/home/runner/.m2/repository/org/opentest4j/opentest4j/1.3.0/opentest4j-1.3.0.jar:/home/runner/.m2/repository/org/junit/platform/junit-platform-commons/1.10.1/junit-platform-commons-1.10.1.jar:/home/runner/.m2/repository/ch/qos/reload4j/reload4j/1.2.25/reload4j-1.2.25.jar:/home/runner/.m2/repository/jakarta/annotation/jakarta.annotation-api/2.1.1/jakarta.annotation-api-2.1.1.jar:/home/runner/.m2/repository/org/slf4j/slf4j-api/2.0.10/slf4j-api-2.0.10.jar:/home/runner/.m2/repository/org/apache/logging/log4j/log4j-api/2.17.1/log4j-api-2.17.1.jar:/home/runner/.m2/repository/org/apache/ozone/hdds-server-scm/1.5.0-SNAPSHOT/hdds-server-scm-1.5.0-SNAPSHOT.jar:/home/runner/.m2/repository/com/google/protobuf/protobuf-java/2.5.0/protobuf-java-2.5.0.jar:/home/runner/.m2/repository/org/apache/ozone/hdds-container-service/1.5.0-SNAPSHOT/hdds-container-service-1.5.0-SNAPSHOT.jar:/home/runner/.m2/repository/org/apache/ozone/hdds-hadoop-dependency-server/1.5.0-SNAPSHOT/hdds-hadoop-dependency-server-1.5.0-SNAPSHOT.jar:/home/runner/.m2/repository/org/apache/hadoop/hadoop-hdfs/3.3.6/hadoop-hdfs-3.3.6.jar:/home/runner/.m2/repository/commons-daemon/commons-daemon/1.0.13/commons-daemon-1.0.13.jar:/home/runner/.m2/repository/org/apache/ozone/hdds-server-framework/1.5.0-SNAPSHOT/hdds-server-framework-1.5.0-SNAPSHOT.jar:/home/runner/.m2/repository/org/bouncycastle/bcprov-jdk18on/1.77/bcprov-jdk18on-1.77.jar:/home/runner/.m2/repository/io/dropwizard/metrics/metrics-core/3.2.4/metrics-core-3.2.4.jar:/home/runner/.m2/repository/org/apache/commons/commons-text/1.11.0/commons-text-1.11.0.jar:/home/runner/.m2/repository/org/apache/ozone/hdds-server-framework/1.5.0-SNAPSHOT/hdds-server-framework-1.5.0-SNAPSHOT-tests.jar:/home/runner/.m2/repository/org/apache/ozone/hdds-interface-server/1.5.0-SNAPSHOT/hdds-interface-server-1.5.0-SNAPSHOT.jar:/home/runner/.m2/repository/org/apache/ozone/hdds-interface-admin/1.5.0-SNAPSHOT/hdds-interface-admin-1.5.0-SNAPSHOT.jar:/home/runner/.m2/repository/org/apache/ozone/hdds-managed-rocksdb/1.5.0-SNAPSHOT/hdds-managed-rocksdb-1.5.0-SNAPSHOT.jar:/home/runner/.m2/repository/org/rocksdb/rocksdbjni/7.7.3/rocksdbjni-7.7.3.jar:/home/runner/.m2/repository/org/slf4j/slf4j-reload4j/2.0.10/slf4j-reload4j-2.0.10.jar:/home/runner/.m2/repository/org/apache/commons/commons-configuration2/2.8.0/commons-configuration2-2.8.0.jar:/home/runner/.m2/repository/commons-fileupload/commons-fileupload/1.5/commons-fileupload-1.5.jar:/home/runner/.m2/repository/org/apache/logging/log4j/log4j-core/2.17.1/log4j-core-2.17.1.jar:/home/runner/.m2/repository/com/lmax/disruptor/3.4.2/disruptor-3.4.2.jar:/home/runner/.m2/repository/org/eclipse/jetty/jetty-util/9.4.53.v20231009/jetty-util-9.4.53.v20231009.jar:/home/runner/.m2/repository/org/eclipse/jetty/jetty-server/9.4.53.v20231009/jetty-server-9.4.53.v20231009.jar:/home/runner/.m2/repository/org/eclipse/jetty/jetty-http/9.4.53.v20231009/jetty-http-9.4.53.v20231009.jar:/home/runner/.m2/repository/org/eclipse/jetty/jetty-io/9.4.53.v20231009/jetty-io-9.4.53.v20231009.jar:/home/runner/.m2/repository/org/eclipse/jetty/jetty-servlet/9.4.53.v20231009/jetty-servlet-9.4.53.v20231009.jar:/home/runner/.m2/repository/org/eclipse/jetty/jetty-security/9.4.53.v20231009/jetty-security-9.4.53.v20231009.jar:/home/runner/.m2/repository/org/eclipse/jetty/jetty-util-ajax/9.4.53.v20231009/jetty-util-ajax-9.4.53.v20231009.jar:/home/runner/.m2/repository/org/eclipse/jetty/jetty-webapp/9.4.53.v20231009/jetty-webapp-9.4.53.v20231009.jar:/home/runner/.m2/repository/org/eclipse/jetty/jetty-xml/9.4.53.v20231009/jetty-xml-9.4.53.v20231009.jar:/home/runner/.m2/repository/org/apache/ratis/ratis-server/3.0.1/ratis-server-3.0.1.jar:/home/runner/.m2/repository/org/apache/ratis/ratis-thirdparty-misc/1.0.5/ratis-thirdparty-misc-1.0.5.jar:/home/runner/.m2/repository/org/apache/ratis/ratis-proto/3.0.1/ratis-proto-3.0.1.jar:/home/runner/.m2/repository/org/apache/ratis/ratis-common/3.0.1/ratis-common-3.0.1.jar:/home/runner/.m2/repository/org/apache/ratis/ratis-client/3.0.1/ratis-client-3.0.1.jar:/home/runner/.m2/repository/org/apache/ratis/ratis-server-api/3.0.1/ratis-server-api-3.0.1.jar:/home/runner/.m2/repository/org/apache/ratis/ratis-metrics-api/3.0.1/ratis-metrics-api-3.0.1.jar:/home/runner/.m2/repository/org/apache/ratis/ratis-metrics-dropwizard3/3.0.1/ratis-metrics-dropwizard3-3.0.1.jar:/home/runner/.m2/repository/io/prometheus/simpleclient_dropwizard/0.16.0/simpleclient_dropwizard-0.16.0.jar:/home/runner/.m2/repository/io/prometheus/simpleclient/0.16.0/simpleclient-0.16.0.jar:/home/runner/.m2/repository/io/prometheus/simpleclient_common/0.16.0/simpleclient_common-0.16.0.jar:/home/runner/.m2/repository/com/fasterxml/jackson/datatype/jackson-datatype-jsr310/2.13.4/jackson-datatype-jsr310-2.13.4.jar:/home/runner/.m2/repository/com/fasterxml/jackson/core/jackson-core/2.13.4/jackson-core-2.13.4.jar:/home/runner/.m2/repository/org/apache/ozone/rocksdb-checkpoint-differ/1.5.0-SNAPSHOT/rocksdb-checkpoint-differ-1.5.0-SNAPSHOT.jar:/home/runner/.m2/repository/org/jgrapht/jgrapht-core/1.0.1/jgrapht-core-1.0.1.jar:/home/runner/.m2/repository/org/jgrapht/jgrapht-ext/1.0.1/jgrapht-ext-1.0.1.jar:/home/runner/.m2/repository/org/tinyjee/jgraphx/jgraphx/2.0.0.1/jgraphx-2.0.0.1.jar:/home/runner/.m2/repository/jgraph/jgraph/5.13.0.0/jgraph-5.13.0.0.jar:/home/runner/.m2/repository/org/antlr/antlr4-runtime/4.5.3/antlr4-runtime-4.5.3.jar:/home/runner/.m2/repository/org/apache/ozone/ozone-manager/1.5.0-SNAPSHOT/ozone-manager-1.5.0-SNAPSHOT.jar:/home/runner/.m2/repository/org/aspectj/aspectjrt/1.9.7/aspectjrt-1.9.7.jar:/home/runner/.m2/repository/org/aspectj/aspectjweaver/1.9.7/aspectjweaver-1.9.7.jar:/home/runner/.m2/repository/org/apache/ozone/hdds-interface-client/1.5.0-SNAPSHOT/hdds-interface-client-1.5.0-SNAPSHOT.jar:/home/runner/.m2/repository/org/apache/hadoop/thirdparty/hadoop-shaded-protobuf_3_7/1.1.1/hadoop-shaded-protobuf_3_7-1.1.1.jar:/home/runner/.m2/repository/org/apache/ozone/ozone-interface-storage/1.5.0-SNAPSHOT/ozone-interface-storage-1.5.0-SNAPSHOT.jar:/home/runner/.m2/repository/org/reflections/reflections/0.9.11/reflections-0.9.11.jar:/home/runner/.m2/repository/com/sun/jersey/jersey-client/1.19.4/jersey-client-1.19.4.jar:/home/runner/.m2/repository/org/codehaus/jackson/jackson-core-asl/1.9.13/jackson-core-asl-1.9.13.jar:/home/runner/.m2/repository/org/codehaus/jackson/jackson-mapper-asl/1.9.13/jackson-mapper-asl-1.9.13.jar:/home/runner/.m2/repository/org/codehaus/jackson/jackson-jaxrs/1.9.13/jackson-jaxrs-1.9.13.jar:/home/runner/.m2/repository/org/apache/ranger/ranger-intg/2.3.0/ranger-intg-2.3.0.jar:/home/runner/.m2/repository/org/apache/ranger/ranger-plugins-common/2.3.0/ranger-plugins-common-2.3.0.jar:/home/runner/.m2/repository/commons-lang/commons-lang/2.6/commons-lang-2.6.jar:/home/runner/.m2/repository/org/apache/ranger/ranger-plugins-cred/2.3.0/ranger-plugins-cred-2.3.0.jar:/home/runner/.m2/repository/org/apache/ranger/ranger-plugins-audit/2.3.0/ranger-plugins-audit-2.3.0.jar:/home/runner/.m2/repository/org/eclipse/jetty/jetty-client/9.4.53.v20231009/jetty-client-9.4.53.v20231009.jar:/home/runner/.m2/repository/org/apache/httpcomponents/httpmime/4.5.6/httpmime-4.5.6.jar:/home/runner/.m2/repository/org/apache/httpcomponents/httpcore-nio/4.4.16/httpcore-nio-4.4.16.jar:/home/runner/.m2/repository/org/apache/httpcomponents/httpasyncclient/4.1.3/httpasyncclient-4.1.3.jar:/home/runner/.m2/repository/com/carrotsearch/hppc/0.8.0/hppc-0.8.0.jar:/home/runner/.m2/repository/org/apache/orc/orc-core/1.5.8/orc-core-1.5.8.jar:/home/runner/.m2/repository/net/java/dev/jna/jna/5.2.0/jna-5.2.0.jar:/home/runner/.m2/repository/net/java/dev/jna/jna-platform/5.2.0/jna-platform-5.2.0.jar:/home/runner/.m2/repository/com/kstruct/gethostname4j/0.0.2/gethostname4j-0.0.2.jar:/home/runner/.m2/repository/org/apache/ranger/ranger-plugin-classloader/2.3.0/ranger-plugin-classloader-2.3.0.jar:/home/runner/.m2/repository/org/apache/ozone/hdds-rocks-native/1.5.0-SNAPSHOT/hdds-rocks-native-1.5.0-SNAPSHOT.jar:/home/runner/.m2/repository/org/apache/hadoop/hadoop-minikdc/3.3.6/hadoop-minikdc-3.3.6.jar:/home/runner/.m2/repository/org/apache/kerby/kerb-simplekdc/1.0.1/kerb-simplekdc-1.0.1.jar:/home/runner/.m2/repository/org/apache/kerby/kerb-client/1.0.1/kerb-client-1.0.1.jar:/home/runner/.m2/repository/org/apache/kerby/kerby-config/1.0.1/kerby-config-1.0.1.jar:/home/runner/.m2/repository/org/apache/kerby/kerb-common/1.0.1/kerb-common-1.0.1.jar:/home/runner/.m2/repository/org/apache/kerby/kerb-crypto/1.0.1/kerb-crypto-1.0.1.jar:/home/runner/.m2/repository/org/apache/kerby/kerb-util/1.0.1/kerb-util-1.0.1.jar:/home/runner/.m2/repository/org/apache/kerby/token-provider/1.0.1/token-provider-1.0.1.jar:/home/runner/.m2/repository/org/apache/kerby/kerb-admin/1.0.1/kerb-admin-1.0.1.jar:/home/runner/.m2/repository/org/apache/kerby/kerb-server/1.0.1/kerb-server-1.0.1.jar:/home/runner/.m2/repository/org/apache/kerby/kerb-identity/1.0.1/kerb-identity-1.0.1.jar:/home/runner/.m2/repository/org/apache/kerby/kerby-xdr/1.0.1/kerby-xdr-1.0.1.jar:/home/runner/.m2/repository/junit/junit/4.13.2/junit-4.13.2.jar:/home/runner/.m2/repository/org/hamcrest/hamcrest-core/1.3/hamcrest-core-1.3.jar:/home/runner/.m2/repository/org/apache/ozone/ozone-s3gateway/1.5.0-SNAPSHOT/ozone-s3gateway-1.5.0-SNAPSHOT.jar:/home/runner/.m2/repository/org/javassist/javassist/3.21.0-GA/javassist-3.21.0-GA.jar:/home/runner/.m2/repository/org/jboss/weld/servlet/weld-servlet-shaded/3.1.9.Final/weld-servlet-shaded-3.1.9.Final.jar:/home/runner/.m2/repository/org/glassfish/jersey/containers/jersey-container-servlet-core/2.41/jersey-container-servlet-core-2.41.jar:/home/runner/.m2/repository/org/glassfish/hk2/external/jakarta.inject/2.6.1/jakarta.inject-2.6.1.jar:/home/runner/.m2/repository/org/glassfish/jersey/core/jersey-common/2.41/jersey-common-2.41.jar:/home/runner/.m2/repository/jakarta/ws/rs/jakarta.ws.rs-api/2.1.6/jakarta.ws.rs-api-2.1.6.jar:/home/runner/.m2/repository/org/glassfish/jersey/ext/cdi/jersey-cdi1x/2.41/jersey-cdi1x-2.41.jar:/home/runner/.m2/repository/org/glassfish/jersey/inject/jersey-hk2/2.41/jersey-hk2-2.41.jar:/home/runner/.m2/repository/org/glassfish/hk2/hk2-locator/2.6.1/hk2-locator-2.6.1.jar:/home/runner/.m2/repository/org/glassfish/jersey/media/jersey-media-jaxb/2.41/jersey-media-jaxb-2.41.jar:/home/runner/.m2/repository/org/glassfish/hk2/osgi-resource-locator/1.0.3/osgi-resource-locator-1.0.3.jar:/home/runner/.m2/repository/org/glassfish/hk2/hk2-api/2.6.1/hk2-api-2.6.1.jar:/home/runner/.m2/repository/org/glassfish/hk2/hk2-utils/2.6.1/hk2-utils-2.6.1.jar:/home/runner/.m2/repository/org/glassfish/hk2/external/aopalliance-repackaged/2.6.1/aopalliance-repackaged-2.6.1.jar:/home/runner/.m2/repository/com/fasterxml/jackson/dataformat/jackson-dataformat-xml/2.13.4/jackson-dataformat-xml-2.13.4.jar:/home/runner/.m2/repository/org/codehaus/woodstox/stax2-api/4.2.2/stax2-api-4.2.2.jar:/home/runner/.m2/repository/com/fasterxml/woodstox/woodstox-core/5.4.0/woodstox-core-5.4.0.jar:/home/runner/.m2/repository/com/fasterxml/jackson/module/jackson-module-jaxb-annotations/2.13.4/jackson-module-jaxb-annotations-2.13.4.jar:/home/runner/.m2/repository/javax/enterprise/cdi-api/2.0/cdi-api-2.0.jar:/home/runner/.m2/repository/javax/el/javax.el-api/3.0.0/javax.el-api-3.0.0.jar:/home/runner/.m2/repository/javax/interceptor/javax.interceptor-api/1.2/javax.interceptor-api-1.2.jar:/home/runner/.m2/repository/javax/inject/javax.inject/1/javax.inject-1.jar:/home/runner/.m2/repository/jakarta/xml/bind/jakarta.xml.bind-api/2.3.3/jakarta.xml.bind-api-2.3.3.jar:/home/runner/.m2/repository/org/glassfish/jaxb/jaxb-runtime/2.3.9/jaxb-runtime-2.3.9.jar:/home/runner/.m2/repository/org/glassfish/jaxb/txw2/2.3.9/txw2-2.3.9.jar:/home/runner/.m2/repository/com/sun/istack/istack-commons-runtime/3.0.12/istack-commons-runtime-3.0.12.jar:/home/runner/.m2/repository/com/sun/activation/jakarta.activation/1.2.2/jakarta.activation-1.2.2.jar:/home/runner/.m2/repository/jakarta/activation/jakarta.activation-api/1.2.2/jakarta.activation-api-1.2.2.jar:/home/runner/.m2/repository/io/grpc/grpc-protobuf/1.58.0/grpc-protobuf-1.58.0.jar:/home/runner/.m2/repository/com/google/api/grpc/proto-google-common-protos/2.22.0/proto-google-common-protos-2.22.0.jar:/home/runner/.m2/repository/io/grpc/grpc-protobuf-lite/1.58.0/grpc-protobuf-lite-1.58.0.jar:/home/runner/.m2/repository/io/grpc/grpc-stub/1.58.0/grpc-stub-1.58.0.jar:/home/runner/.m2/repository/io/netty/netty-transport/4.1.100.Final/netty-transport-4.1.100.Final.jar:/home/runner/.m2/repository/io/netty/netty-resolver/4.1.100.Final/netty-resolver-4.1.100.Final.jar:/home/runner/.m2/repository/org/apache/ozone/ozone-csi/1.5.0-SNAPSHOT/ozone-csi-1.5.0-SNAPSHOT.jar:/home/runner/.m2/repository/com/google/protobuf/protobuf-java-util/3.19.6/protobuf-java-util-3.19.6.jar:/home/runner/.m2/repository/com/google/code/gson/gson/2.9.0/gson-2.9.0.jar:/home/runner/.m2/repository/org/apache/ozone/hdds-config/1.5.0-SNAPSHOT/hdds-config-1.5.0-SNAPSHOT.jar:/home/runner/.m2/repository/io/netty/netty-transport-native-epoll/4.1.100.Final/netty-transport-native-epoll-4.1.100.Final-linux-x86_64.jar:/home/runner/.m2/repository/io/netty/netty-transport-classes-epoll/4.1.100.Final/netty-transport-classes-epoll-4.1.100.Final.jar:/home/runner/.m2/repository/io/netty/netty-transport-native-unix-common/4.1.100.Final/netty-transport-native-unix-common-4.1.100.Final.jar:/home/runner/.m2/repository/org/apache/ozone/ozone-recon/1.5.0-SNAPSHOT/ozone-recon-1.5.0-SNAPSHOT.jar:/home/runner/.m2/repository/org/apache/ozone/ozone-reconcodegen/1.5.0-SNAPSHOT/ozone-reconcodegen-1.5.0-SNAPSHOT.jar:/home/runner/.m2/repository/com/google/inject/guice/5.1.0/guice-5.1.0.jar:/home/runner/.m2/repository/aopalliance/aopalliance/1.0/aopalliance-1.0.jar:/home/runner/.m2/repository/com/google/inject/extensions/guice-assistedinject/5.1.0/guice-assistedinject-5.1.0.jar:/home/runner/.m2/repository/com/google/inject/extensions/guice-servlet/5.1.0/guice-servlet-5.1.0.jar:/home/runner/.m2/repository/org/glassfish/jersey/containers/jersey-container-servlet/2.41/jersey-container-servlet-2.41.jar:/home/runner/.m2/repository/org/glassfish/hk2/guice-bridge/2.6.1/guice-bridge-2.6.1.jar:/home/runner/.m2/repository/org/glassfish/jersey/core/jersey-server/2.41/jersey-server-2.41.jar:/home/runner/.m2/repository/org/glassfish/jersey/core/jersey-client/2.41/jersey-client-2.41.jar:/home/runner/.m2/repository/jakarta/validation/jakarta.validation-api/2.0.2/jakarta.validation-api-2.0.2.jar:/home/runner/.m2/repository/org/glassfish/jersey/media/jersey-media-json-jackson/2.41/jersey-media-json-jackson-2.41.jar:/home/runner/.m2/repository/org/glassfish/jersey/ext/jersey-entity-filtering/2.41/jersey-entity-filtering-2.41.jar:/home/runner/.m2/repository/org/jooq/jooq/3.11.10/jooq-3.11.10.jar:/home/runner/.m2/repository/org/jooq/jooq-meta/3.11.10/jooq-meta-3.11.10.jar:/home/runner/.m2/repository/org/jooq/jooq-codegen/3.11.10/jooq-codegen-3.11.10.jar:/home/runner/.m2/repository/com/jolbox/bonecp/0.8.0.RELEASE/bonecp-0.8.0.RELEASE.jar:/home/runner/.m2/repository/org/apache/derby/derby/10.14.2.0/derby-10.14.2.0.jar:/home/runner/.m2/repository/org/xerial/sqlite-jdbc/3.44.1.0/sqlite-jdbc-3.44.1.0.jar:/home/runner/.m2/repository/org/springframework/spring-jdbc/5.3.27/spring-jdbc-5.3.27.jar:/home/runner/.m2/repository/org/springframework/spring-beans/5.3.27/spring-beans-5.3.27.jar:/home/runner/.m2/repository/org/springframework/spring-core/5.3.27/spring-core-5.3.27.jar:/home/runner/.m2/repository/org/springframework/spring-tx/5.3.27/spring-tx-5.3.27.jar:/home/runner/.m2/repository/org/apache/ozone/ozone-client/1.5.0-SNAPSHOT/ozone-client-1.5.0-SNAPSHOT.jar:/home/runner/.m2/repository/org/apache/ozone/hdds-erasurecode/1.5.0-SNAPSHOT/hdds-erasurecode-1.5.0-SNAPSHOT.jar:/home/runner/.m2/repository/org/apache/ozone/ozone-filesystem/1.5.0-SNAPSHOT/ozone-filesystem-1.5.0-SNAPSHOT.jar:/home/runner/.m2/repository/org/apache/ozone/ozone-filesystem-common/1.5.0-SNAPSHOT/ozone-filesystem-common-1.5.0-SNAPSHOT.jar:/home/runner/.m2/repository/org/apache/ozone/ozone-tools/1.5.0-SNAPSHOT/ozone-tools-1.5.0-SNAPSHOT.jar:/home/runner/.m2/repository/com/amazonaws/aws-java-sdk-core/1.12.632/aws-java-sdk-core-1.12.632.jar:/home/runner/.m2/repository/org/apache/httpcomponents/httpclient/4.5.13/httpclient-4.5.13.jar:/home/runner/.m2/repository/org/apache/httpcomponents/httpcore/4.4.16/httpcore-4.4.16.jar:/home/runner/.m2/repository/software/amazon/ion/ion-java/1.0.2/ion-java-1.0.2.jar:/home/runner/.m2/repository/com/fasterxml/jackson/dataformat/jackson-dataformat-cbor/2.13.4/jackson-dataformat-cbor-2.13.4.jar:/home/runner/.m2/repository/joda-time/joda-time/2.12.5/joda-time-2.12.5.jar:/home/runner/.m2/repository/com/amazonaws/aws-java-sdk-s3/1.12.632/aws-java-sdk-s3-1.12.632.jar:/home/runner/.m2/repository/com/amazonaws/aws-java-sdk-kms/1.12.632/aws-java-sdk-kms-1.12.632.jar:/home/runner/.m2/repository/com/amazonaws/jmespath-java/1.12.632/jmespath-java-1.12.632.jar:/home/runner/.m2/repository/org/kohsuke/metainf-services/metainf-services/1.8/metainf-services-1.8.jar:/home/runner/.m2/repository/org/apache/ozone/hdds-tools/1.5.0-SNAPSHOT/hdds-tools-1.5.0-SNAPSHOT.jar:/home/runner/.m2/repository/org/apache/ratis/ratis-tools/3.0.1/ratis-tools-3.0.1.jar:/home/runner/.m2/repository/commons-cli/commons-cli/1.6.0/commons-cli-1.6.0.jar:/home/runner/.m2/repository/org/apache/commons/commons-lang3/3.14.0/commons-lang3-3.14.0.jar:/home/runner/.m2/repository/org/apache/ozone/ozone-manager/1.5.0-SNAPSHOT/ozone-manager-1.5.0-SNAPSHOT-tests.jar:/home/runner/.m2/repository/org/apache/ozone/hdds-common/1.5.0-SNAPSHOT/hdds-common-1.5.0-SNAPSHOT-tests.jar:/home/runner/.m2/repository/org/apache/ozone/hdds-hadoop-dependency-client/1.5.0-SNAPSHOT/hdds-hadoop-dependency-client-1.5.0-SNAPSHOT.jar:/home/runner/.m2/repository/info/picocli/picocli/4.7.5/picocli-4.7.5.jar:/home/runner/.m2/repository/com/fasterxml/jackson/core/jackson-annotations/2.13.4/jackson-annotations-2.13.4.jar:/home/runner/.m2/repository/org/apache/ozone/hdds-annotation-processing/1.5.0-SNAPSHOT/hdds-annotation-processing-1.5.0-SNAPSHOT.jar:/home/runner/.m2/repository/javax/annotation/javax.annotation-api/1.3.2/javax.annotation-api-1.3.2.jar:/home/runner/.m2/repository/org/apache/ratis/ratis-netty/3.0.1/ratis-netty-3.0.1.jar:/home/runner/.m2/repository/org/apache/ratis/ratis-grpc/3.0.1/ratis-grpc-3.0.1.jar:/home/runner/.m2/repository/org/apache/commons/commons-pool2/2.6.0/commons-pool2-2.6.0.jar:/home/runner/.m2/repository/org/bouncycastle/bcpkix-jdk18on/1.77/bcpkix-jdk18on-1.77.jar:/home/runner/.m2/repository/org/bouncycastle/bcutil-jdk18on/1.77/bcutil-jdk18on-1.77.jar:/home/runner/.m2/repository/commons-validator/commons-validator/1.6/commons-validator-1.6.jar:/home/runner/.m2/repository/commons-beanutils/commons-beanutils/1.9.4/commons-beanutils-1.9.4.jar:/home/runner/.m2/repository/commons-digester/commons-digester/1.8.1/commons-digester-1.8.1.jar:/home/runner/.m2/repository/commons-collections/commons-collections/3.2.2/commons-collections-3.2.2.jar:/home/runner/.m2/repository/io/jaegertracing/jaeger-client/1.6.0/jaeger-client-1.6.0.jar:/home/runner/.m2/repository/io/jaegertracing/jaeger-thrift/1.6.0/jaeger-thrift-1.6.0.jar:/home/runner/.m2/repository/org/apache/thrift/libthrift/0.14.1/libthrift-0.14.1.jar:/home/runner/.m2/repository/io/jaegertracing/jaeger-core/1.6.0/jaeger-core-1.6.0.jar:/home/runner/.m2/repository/io/jaegertracing/jaeger-tracerresolver/1.6.0/jaeger-tracerresolver-1.6.0.jar:/home/runner/.m2/repository/io/opentracing/contrib/opentracing-tracerresolver/0.1.8/opentracing-tracerresolver-0.1.8.jar:/home/runner/.m2/repository/org/jetbrains/kotlin/kotlin-stdlib/1.9.22/kotlin-stdlib-1.9.22.jar:/home/runner/.m2/repository/org/jetbrains/annotations/13.0/annotations-13.0.jar:/home/runner/.m2/repository/io/opentracing/opentracing-util/0.33.0/opentracing-util-0.33.0.jar:/home/runner/.m2/repository/io/opentracing/opentracing-api/0.33.0/opentracing-api-0.33.0.jar:/home/runner/.m2/repository/io/opentracing/opentracing-noop/0.33.0/opentracing-noop-0.33.0.jar:/home/runner/.m2/repository/org/yaml/snakeyaml/2.0/snakeyaml-2.0.jar:/home/runner/.m2/repository/io/grpc/grpc-api/1.58.0/grpc-api-1.58.0.jar:/home/runner/.m2/repository/org/junit/jupiter/junit-jupiter-engine/5.10.1/junit-jupiter-engine-5.10.1.jar:/home/runner/.m2/repository/org/junit/platform/junit-platform-engine/1.10.1/junit-platform-engine-1.10.1.jar:/home/runner/.m2/repository/org/apiguardian/apiguardian-api/1.1.2/apiguardian-api-1.1.2.jar:/home/runner/.m2/repository/org/junit/platform/junit-platform-launcher/1.10.1/junit-platform-launcher-1.10.1.jar:/home/runner/.m2/repository/org/apache/hadoop/hadoop-kms/3.3.6/hadoop-kms-3.3.6.jar:/home/runner/.m2/repository/org/apache/hadoop/hadoop-auth/3.3.6/hadoop-auth-3.3.6.jar:/home/runner/.m2/repository/com/nimbusds/nimbus-jose-jwt/9.8.1/nimbus-jose-jwt-9.8.1.jar:/home/runner/.m2/repository/com/github/stephenc/jcip/jcip-annotations/1.0-1/jcip-annotations-1.0-1.jar:/home/runner/.m2/repository/org/apache/zookeeper/zookeeper/3.7.2/zookeeper-3.7.2.jar:/home/runner/.m2/repository/org/apache/zookeeper/zookeeper-jute/3.7.2/zookeeper-jute-3.7.2.jar:/home/runner/.m2/repository/org/apache/yetus/audience-annotations/0.12.0/audience-annotations-0.12.0.jar:/home/runner/.m2/repository/org/apache/curator/curator-framework/4.2.0/curator-framework-4.2.0.jar:/home/runner/.m2/repository/org/apache/hadoop/thirdparty/hadoop-shaded-guava/1.1.1/hadoop-shaded-guava-1.1.1.jar:/home/runner/.m2/repository/com/sun/jersey/jersey-core/1.19.4/jersey-core-1.19.4.jar:/home/runner/.m2/repository/javax/ws/rs/jsr311-api/1.1.1/jsr311-api-1.1.1.jar:/home/runner/.m2/repository/com/sun/jersey/jersey-server/1.19.4/jersey-server-1.19.4.jar:/home/runner/.m2/repository/javax/servlet/javax.servlet-api/3.1.0/javax.servlet-api-3.1.0.jar:/home/runner/.m2/repository/org/apache/hadoop/hadoop-common/3.3.6/hadoop-common-3.3.6.jar:/home/runner/.m2/repository/org/apache/commons/commons-math3/3.6.1/commons-math3-3.6.1.jar:/home/runner/.m2/repository/commons-net/commons-net/3.10.0/commons-net-3.10.0.jar:/home/runner/.m2/repository/com/sun/jersey/jersey-servlet/1.19.4/jersey-servlet-1.19.4.jar:/home/runner/.m2/repository/com/github/pjfanning/jersey-json/1.20/jersey-json-1.20.jar:/home/runner/.m2/repository/org/codehaus/jettison/jettison/1.1/jettison-1.1.jar:/home/runner/.m2/repository/com/sun/xml/bind/jaxb-impl/2.2.3-1/jaxb-impl-2.2.3-1.jar:/home/runner/.m2/repository/com/google/re2j/re2j/1.7/re2j-1.7.jar:/home/runner/.m2/repository/com/jcraft/jsch/0.1.54/jsch-0.1.54.jar:/home/runner/.m2/repository/org/apache/curator/curator-client/4.2.0/curator-client-4.2.0.jar:/home/runner/.m2/repository/org/apache/curator/curator-recipes/5.2.0/curator-recipes-5.2.0.jar:/home/runner/.m2/repository/org/apache/kerby/kerb-core/1.0.1/kerb-core-1.0.1.jar:/home/runner/.m2/repository/org/apache/kerby/kerby-pkix/1.0.1/kerby-pkix-1.0.1.jar:/home/runner/.m2/repository/org/apache/kerby/kerby-asn1/1.0.1/kerby-asn1-1.0.1.jar:/home/runner/.m2/repository/org/apache/kerby/kerby-util/1.0.1/kerby-util-1.0.1.jar:/home/runner/.m2/repository/dnsjava/dnsjava/2.1.7/dnsjava-2.1.7.jar:/home/runner/.m2/repository/org/xerial/snappy/snappy-java/1.1.8.2/snappy-java-1.1.8.2.jar:/home/runner/.m2/repository/com/fasterxml/jackson/core/jackson-databind/2.13.4.2/jackson-databind-2.13.4.2.jar:/home/runner/.m2/repository/org/apache/hadoop/hadoop-kms/3.3.6/hadoop-kms-3.3.6-tests.jar:/home/runner/.m2/repository/org/apache/ozone/hdds-server-scm/1.5.0-SNAPSHOT/hdds-server-scm-1.5.0-SNAPSHOT-tests.jar:/home/runner/.m2/repository/org/apache/ozone/hdds-container-service/1.5.0-SNAPSHOT/hdds-container-service-1.5.0-SNAPSHOT-tests.jar:/home/runner/.m2/repository/com/github/luben/zstd-jni/1.5.2-5/zstd-jni-1.5.2-5.jar:/home/runner/.m2/repository/commons-codec/commons-codec/1.15/commons-codec-1.15.jar:/home/runner/.m2/repository/io/netty/netty-codec/4.1.100.Final/netty-codec-4.1.100.Final.jar:/home/runner/.m2/repository/io/netty/netty-handler/4.1.100.Final/netty-handler-4.1.100.Final.jar:/home/runner/.m2/repository/org/apache/ozone/hdds-hadoop-dependency-test/1.5.0-SNAPSHOT/hdds-hadoop-dependency-test-1.5.0-SNAPSHOT.jar:/home/runner/.m2/repository/org/apache/hadoop/hadoop-common/3.3.6/hadoop-common-3.3.6-tests.jar:/home/runner/.m2/repository/org/apache/hadoop/hadoop-hdfs/3.3.6/hadoop-hdfs-3.3.6-tests.jar:/home/runner/.m2/repository/org/junit/jupiter/junit-jupiter-params/5.10.1/junit-jupiter-params-5.10.1.jar:/home/runner/.m2/repository/org/mockito/mockito-core/4.11.0/mockito-core-4.11.0.jar:/home/runner/.m2/repository/net/bytebuddy/byte-buddy/1.12.19/byte-buddy-1.12.19.jar:/home/runner/.m2/repository/net/bytebuddy/byte-buddy-agent/1.12.19/byte-buddy-agent-1.12.19.jar:/home/runner/.m2/repository/org/objenesis/objenesis/1.0/objenesis-1.0.jar:/home/runner/.m2/repository/org/mockito/mockito-junit-jupiter/4.11.0/mockito-junit-jupiter-4.11.0.jar:/home/runner/.m2/repository/org/apache/hadoop/hadoop-distcp/3.3.6/hadoop-distcp-3.3.6.jar:/home/runner/.m2/repository/org/apache/hadoop/hadoop-mapreduce-client-jobclient/3.3.6/hadoop-mapreduce-client-jobclient-3.3.6.jar:/home/runner/.m2/repository/org/apache/hadoop/hadoop-mapreduce-client-common/3.3.6/hadoop-mapreduce-client-common-3.3.6.jar:/home/runner/.m2/repository/org/apache/hadoop/hadoop-yarn-common/3.3.6/hadoop-yarn-common-3.3.6.jar:/home/runner/.m2/repository/org/apache/hadoop/hadoop-yarn-api/3.3.6/hadoop-yarn-api-3.3.6.jar:/home/runner/.m2/repository/javax/xml/bind/jaxb-api/2.2.11/jaxb-api-2.2.11.jar:/home/runner/.m2/repository/com/sun/jersey/contribs/jersey-guice/1.19.4/jersey-guice-1.19.4.jar:/home/runner/.m2/repository/com/fasterxml/jackson/jaxrs/jackson-jaxrs-json-provider/2.13.4/jackson-jaxrs-json-provider-2.13.4.jar:/home/runner/.m2/repository/com/fasterxml/jackson/jaxrs/jackson-jaxrs-base/2.13.4/jackson-jaxrs-base-2.13.4.jar:/home/runner/.m2/repository/org/apache/hadoop/hadoop-yarn-client/3.3.6/hadoop-yarn-client-3.3.6.jar:/home/runner/.m2/repository/org/eclipse/jetty/websocket/websocket-client/9.4.51.v20230217/websocket-client-9.4.51.v20230217.jar:/home/runner/.m2/repository/org/eclipse/jetty/websocket/websocket-common/9.4.51.v20230217/websocket-common-9.4.51.v20230217.jar:/home/runner/.m2/repository/org/eclipse/jetty/websocket/websocket-api/9.4.51.v20230217/websocket-api-9.4.51.v20230217.jar:/home/runner/.m2/repository/org/jline/jline/3.9.0/jline-3.9.0.jar:/home/runner/.m2/repository/org/apache/hadoop/hadoop-mapreduce-client-core/3.3.6/hadoop-mapreduce-client-core-3.3.6.jar:/home/runner/.m2/repository/org/apache/avro/avro/1.7.7/avro-1.7.7.jar:/home/runner/.m2/repository/com/thoughtworks/paranamer/paranamer/2.3/paranamer-2.3.jar:/home/runner/.m2/repository/org/apache/hadoop/hadoop-annotations/3.3.6/hadoop-annotations-3.3.6.jar:/usr/lib/jvm/temurin-8-jdk-amd64/jre/../lib/tools.jar:/home/runner/.m2/repository/io/netty/netty/3.10.6.Final/netty-3.10.6.Final.jar:/home/runner/.m2/repository/org/apache/hadoop/hadoop-distcp/3.3.6/hadoop-distcp-3.3.6-tests.jar:/home/runner/.m2/repository/org/hamcrest/hamcrest/2.2/hamcrest-2.2.jar:/home/runner/.m2/repository/org/slf4j/jul-to-slf4j/2.0.10/jul-to-slf4j-2.0.10.jar:/home/runner/work/ozone/ozone/hadoop-ozone/integration-test/target/gradle-enterprise/test-listeners.jar:"/>
    <property name="sun.cpu.endian" value="little"/>
    <property name="user.home" value="/home/runner"/>
    <property name="user.language" value="en"/>
    <property name="java.specification.vendor" value="Oracle Corporation"/>
    <property name="java.home" value="/usr/lib/jvm/temurin-8-jdk-amd64/jre"/>
    <property name="java.security.krb5.conf" value="/home/runner/work/ozone/ozone/hadoop-ozone/integration-test/target/test-classes/krb5.conf"/>
    <property name="file.separator" value="/"/>
    <property name="basedir" value="/home/runner/work/ozone/ozone/hadoop-ozone/integration-test"/>
    <property name="line.separator" value="&#10;"/>
    <property name="java.vm.specification.vendor" value="Oracle Corporation"/>
    <property name="java.specification.name" value="Java Platform API Specification"/>
    <property name="skip.installnpx" value="true"/>
    <property name="java.awt.graphicsenv" value="sun.awt.X11GraphicsEnvironment"/>
    <property name="surefire.real.class.path" value="/home/runner/work/ozone/ozone/hadoop-ozone/integration-test/target/surefire/surefirebooter4837972885388770511.jar:/home/runner/.m2/repository/org/jacoco/org.jacoco.agent/0.8.5/org.jacoco.agent-0.8.5-runtime.jar"/>
    <property name="sun.boot.class.path" value="/usr/lib/jvm/temurin-8-jdk-amd64/jre/lib/resources.jar:/usr/lib/jvm/temurin-8-jdk-amd64/jre/lib/rt.jar:/usr/lib/jvm/temurin-8-jdk-amd64/jre/lib/sunrsasign.jar:/usr/lib/jvm/temurin-8-jdk-amd64/jre/lib/jsse.jar:/usr/lib/jvm/temurin-8-jdk-amd64/jre/lib/jce.jar:/usr/lib/jvm/temurin-8-jdk-amd64/jre/lib/charsets.jar:/usr/lib/jvm/temurin-8-jdk-amd64/jre/lib/jfr.jar:/usr/lib/jvm/temurin-8-jdk-amd64/jre/classes"/>
    <property name="hadoop.log.dir" value="/home/runner/work/ozone/ozone/hadoop-ozone/integration-test/target/log"/>
    <property name="sun.management.compiler" value="HotSpot 64-Bit Tiered Compilers"/>
    <property name="java.runtime.version" value="1.8.0_392-b08"/>
    <property name="skip.npx" value="true"/>
    <property name="user.name" value="runner"/>
    <property name="java.net.preferIPv4Stack" value="true"/>
    <property name="path.separator" value=":"/>
    <property name="java.security.egd" value="file:///dev/urandom"/>
    <property name="os.version" value="5.15.0-1053-azure"/>
    <property name="java.endorsed.dirs" value="/usr/lib/jvm/temurin-8-jdk-amd64/jre/lib/endorsed"/>
    <property name="java.runtime.name" value="OpenJDK Runtime Environment"/>
    <property name="com.gradle.maven.scan.extension.test.listener.junitplatform.NestedExecutionSafeDelegatingTestExecutionListener" value="40ef3420"/>
    <property name="file.encoding" value="UTF-8"/>
    <property name="java.vm.name" value="OpenJDK 64-Bit Server VM"/>
    <property name="test.build.webapps" value=""/>
    <property name="localRepository" value="/home/runner/.m2/repository"/>
    <property name="gradle.enterprise.listener.port" value="32901"/>
    <property name="jetty.git.hash" value="27bde00a0b95a1d5bbee0eae7984f891d2d0f8c9"/>
    <property name="java.vendor.url.bug" value="https://github.com/adoptium/adoptium-support/issues"/>
    <property name="require.test.libhadoop" value=""/>
    <property name="java.io.tmpdir" value="/tmp"/>
    <property name="java.version" value="1.8.0_392"/>
    <property name="user.dir" value="/home/runner/work/ozone/ozone/hadoop-ozone/integration-test"/>
    <property name="os.arch" value="amd64"/>
    <property name="test.build.classes" value="/home/runner/work/ozone/ozone/hadoop-ozone/integration-test/target/test-classes"/>
    <property name="java.vm.specification.name" value="Java Virtual Machine Specification"/>
    <property name="java.awt.printerjob" value="sun.print.PSPrinterJob"/>
    <property name="sun.os.patch.level" value="unknown"/>
    <property name="org.apache.ratis.thirdparty.io.netty.allocator.useCacheForAllThreads" value="false"/>
    <property name="hadoop.tmp.dir" value="/home/runner/work/ozone/ozone/hadoop-ozone/integration-test/target/tmp"/>
    <property name="java.library.path" value="/usr/java/packages/lib/amd64:/usr/lib64:/lib64:/lib:/usr/lib"/>
    <property name="java.vendor" value="Temurin"/>
    <property name="java.vm.info" value="mixed mode"/>
    <property name="java.vm.version" value="25.392-b08"/>
    <property name="java.specification.maintenance.version" value="5"/>
    <property name="sun.io.unicode.encoding" value="UnicodeLittle"/>
    <property name="java.ext.dirs" value="/usr/lib/jvm/temurin-8-jdk-amd64/jre/lib/ext:/usr/java/packages/lib/ext"/>
    <property name="java.class.version" value="52.0"/>
  </properties>
  <testcase name="testAutomaticPipelineCreationOnPipelineDestroy" classname="org.apache.hadoop.hdds.scm.pipeline.TestRatisPipelineCreateAndDestroy" time="22.701">
    <system-out><![CDATA[2024-01-30 07:44:55,394 [main] WARN  server.ServerUtils (ServerUtils.java:getScmDbDir(155)) - ozone.scm.db.dirs is not configured. We recommend adding this setting. Falling back to ozone.metadata.dirs instead.
2024-01-30 07:44:55,698 [main] WARN  server.ServerUtils (ServerUtils.java:getScmDbDir(155)) - ozone.scm.db.dirs is not configured. We recommend adding this setting. Falling back to ozone.metadata.dirs instead.
2024-01-30 07:44:55,712 [main] INFO  ha.SCMHANodeDetails (SCMHANodeDetails.java:loadSCMHAConfig(207)) - ServiceID for StorageContainerManager is null
2024-01-30 07:44:55,721 [main] WARN  ha.SCMHANodeDetails (SCMHANodeDetails.java:validateSCMHAConfig(180)) - Default/Configured value of config ozone.scm.ratis.enable conflicts with the expected value. Default/Configured: true. Expected: false. Falling back to the expected value. Current State of SCM: SCM is running without Ratis. Ratis SCM -> Non Ratis SCM is not supported.
2024-01-30 07:44:55,721 [main] INFO  ha.SCMHANodeDetails (SCMHANodeDetails.java:loadSCMHAConfig(212)) - ozone.scm.default.service.id is not defined, falling back to ozone.scm.service.ids to find serviceID for StorageContainerManager if it is HA enabled cluster
2024-01-30 07:44:56,265 [main] WARN  utils.HAUtils (HAUtils.java:getMetaDir(339)) - ozone.scm.db.dirs is not configured. We recommend adding this setting. Falling back to ozone.metadata.dirs instead.
2024-01-30 07:44:56,365 [main] WARN  db.DBStoreBuilder (DBStoreBuilder.java:applyDBDefinition(170)) - ozone.scm.db.dirs is not configured. We recommend adding this setting. Falling back to ozone.metadata.dirs instead.
2024-01-30 07:44:56,372 [main] INFO  utils.LeakDetector (LeakDetector.java:start(73)) - Starting leak detector thread ManagedRocksObject0.
2024-01-30 07:44:56,537 [main] INFO  net.NodeSchemaLoader (NodeSchemaLoader.java:loadSchemaFromFile(129)) - Loading schema from [jar:file:/home/runner/.m2/repository/org/apache/ozone/hdds-common/1.5.0-SNAPSHOT/hdds-common-1.5.0-SNAPSHOT.jar!/network-topology-default.xml]
2024-01-30 07:44:56,539 [main] INFO  net.NodeSchemaLoader (NodeSchemaLoader.java:loadSchema(176)) - Loading network topology layer schema file
2024-01-30 07:44:56,579 [main] INFO  metrics.MetricRegistries (MetricRegistriesLoader.java:load(64)) - Loaded MetricRegistries class org.apache.ratis.metrics.dropwizard3.Dm3MetricRegistriesImpl
2024-01-30 07:44:56,601 [main] INFO  upgrade.AbstractLayoutVersionManager (AbstractLayoutVersionManager.java:init(83)) - Initializing Layout version manager with metadata layout = HADOOP_PRC_PORTS_IN_DATANODEDETAILS (version = 7), software layout = HADOOP_PRC_PORTS_IN_DATANODEDETAILS (version = 7)
2024-01-30 07:44:56,758 [main] INFO  ha.SequenceIdGenerator (SequenceIdGenerator.java:upgradeToSequenceId(370)) - upgrade localId to 113750153625600000
2024-01-30 07:44:56,760 [main] INFO  ha.SequenceIdGenerator (SequenceIdGenerator.java:upgradeToSequenceId(380)) - upgrade delTxnId to 0
2024-01-30 07:44:56,768 [main] INFO  ha.SequenceIdGenerator (SequenceIdGenerator.java:upgradeToSequenceId(397)) - upgrade containerId to 0
2024-01-30 07:44:56,772 [main] INFO  ha.SequenceIdGenerator (SequenceIdGenerator.java:upgradeToCertificateSequenceId(444)) - upgrade CertificateId to 2
2024-01-30 07:44:56,775 [main] INFO  ha.SequenceIdGenerator (SequenceIdGenerator.java:<init>(241)) - Init the HA SequenceIdGenerator.
2024-01-30 07:44:56,829 [main] INFO  node.SCMNodeManager (SCMNodeManager.java:<init>(177)) - Entering startup safe mode.
2024-01-30 07:44:56,840 [main] INFO  algorithms.ContainerPlacementPolicyFactory (ContainerPlacementPolicyFactory.java:getPolicyInternal(86)) - Create container placement policy of type org.apache.hadoop.hdds.scm.container.placement.algorithms.SCMContainerPlacementRackAware
2024-01-30 07:44:56,843 [main] INFO  algorithms.ContainerPlacementPolicyFactory (ContainerPlacementPolicyFactory.java:getPolicyInternal(86)) - Create container placement policy of type org.apache.hadoop.hdds.scm.container.placement.algorithms.SCMContainerPlacementRackScatter
2024-01-30 07:44:56,851 [main] INFO  pipeline.PipelineStateManagerImpl (PipelineStateManagerImpl.java:initialize(78)) - No pipeline exists in current db
2024-01-30 07:44:56,864 [main] INFO  algorithms.LeaderChoosePolicyFactory (LeaderChoosePolicyFactory.java:getPolicy(57)) - Create leader choose policy of type org.apache.hadoop.hdds.scm.pipeline.leader.choose.algorithms.MinLeaderCountChoosePolicy
2024-01-30 07:44:56,864 [main] INFO  algorithms.ContainerPlacementPolicyFactory (ContainerPlacementPolicyFactory.java:getPolicyInternal(86)) - Create container placement policy of type org.apache.hadoop.hdds.scm.container.placement.algorithms.SCMContainerPlacementRackScatter
2024-01-30 07:44:56,869 [main] INFO  ha.SCMServiceManager (SCMServiceManager.java:register(42)) - Registering service BackgroundPipelineCreator.
2024-01-30 07:44:56,869 [main] INFO  pipeline.BackgroundPipelineCreator (BackgroundPipelineCreator.java:start(127)) - Starting RatisPipelineUtilsThread.
2024-01-30 07:44:56,872 [main] INFO  BackgroundPipelineScrubber (BackgroundSCMService.java:start(68)) - Starting BackgroundPipelineScrubber Service.
2024-01-30 07:44:56,873 [main] INFO  ha.SCMServiceManager (SCMServiceManager.java:register(42)) - Registering service BackgroundPipelineScrubber.
2024-01-30 07:44:56,879 [main] INFO  ExpiredContainerReplicaOpScrubber (BackgroundSCMService.java:start(68)) - Starting ExpiredContainerReplicaOpScrubber Service.
2024-01-30 07:44:56,882 [main] INFO  ha.SCMServiceManager (SCMServiceManager.java:register(42)) - Registering service ExpiredContainerReplicaOpScrubber.
2024-01-30 07:44:56,901 [main] INFO  algorithms.PipelineChoosePolicyFactory (PipelineChoosePolicyFactory.java:createPipelineChoosePolicyFromClass(80)) - Create pipeline choose policy of type org.apache.hadoop.hdds.scm.pipeline.choose.algorithms.RandomPipelineChoosePolicy
2024-01-30 07:44:56,902 [main] INFO  algorithms.PipelineChoosePolicyFactory (PipelineChoosePolicyFactory.java:createPipelineChoosePolicyFromClass(80)) - Create pipeline choose policy of type org.apache.hadoop.hdds.scm.pipeline.choose.algorithms.RandomPipelineChoosePolicy
2024-01-30 07:44:56,923 [main] INFO  ha.SCMServiceManager (SCMServiceManager.java:register(42)) - Registering service SCMBlockDeletingService.
2024-01-30 07:44:56,969 [main] INFO  replication.ReplicationManager (ReplicationManager.java:start(294)) - Starting Replication Monitor Thread.
2024-01-30 07:44:56,970 [main] INFO  ha.SCMServiceManager (SCMServiceManager.java:register(42)) - Registering service ReplicationManager.
2024-01-30 07:44:56,973 [ReplicationMonitor] INFO  replication.ReplicationManager (ReplicationManager.java:processAll(369)) - Replication Manager is not ready to run until 3000ms after safemode exit
2024-01-30 07:44:56,981 [main] INFO  safemode.ContainerSafeModeRule (ContainerSafeModeRule.java:<init>(91)) - containers with one replica threshold count 0
2024-01-30 07:44:56,984 [main] INFO  safemode.HealthyPipelineSafeModeRule (HealthyPipelineSafeModeRule.java:initializeRule(176)) - Total pipeline count is 0, healthy pipeline threshold count is 1
2024-01-30 07:44:56,986 [main] INFO  safemode.OneReplicaPipelineSafeModeRule (OneReplicaPipelineSafeModeRule.java:initializeRule(193)) - Total pipeline count is 0, pipeline's with at least one datanode reported threshold count is 0
2024-01-30 07:44:57,017 [main] INFO  server.StorageContainerManager (StorageContainerManager.java:<init>(440)) - SCM start with adminUsers: [runner]
2024-01-30 07:44:57,248 [main] INFO  audit.AuditLogger (AuditLogger.java:refreshDebugCmdSet(130)) - Refresh DebugCmdSet for SCMAudit to [].
2024-01-30 07:44:57,277 [main] INFO  ipc.CallQueueManager (CallQueueManager.java:<init>(90)) - Using callQueue: class java.util.concurrent.LinkedBlockingQueue, queueCapacity: 10000, scheduler: class org.apache.hadoop.ipc.DefaultRpcScheduler, ipcBackoff: false.
2024-01-30 07:44:57,304 [main] INFO  ipc.Server (Server.java:<init>(1287)) - Listener at 0.0.0.0:15002
2024-01-30 07:44:57,306 [Socket Reader #1 for port 15002] INFO  ipc.Server (Server.java:run(1323)) - Starting Socket Reader #1 for port 15002
2024-01-30 07:44:57,360 [main] INFO  audit.AuditLogger (AuditLogger.java:refreshDebugCmdSet(130)) - Refresh DebugCmdSet for SCMAudit to [].
2024-01-30 07:44:57,365 [main] INFO  ipc.CallQueueManager (CallQueueManager.java:<init>(90)) - Using callQueue: class java.util.concurrent.LinkedBlockingQueue, queueCapacity: 10000, scheduler: class org.apache.hadoop.ipc.DefaultRpcScheduler, ipcBackoff: false.
2024-01-30 07:44:57,366 [main] INFO  ipc.Server (Server.java:<init>(1287)) - Listener at 0.0.0.0:15001
2024-01-30 07:44:57,367 [Socket Reader #1 for port 15001] INFO  ipc.Server (Server.java:run(1323)) - Starting Socket Reader #1 for port 15001
2024-01-30 07:44:57,394 [main] INFO  audit.AuditLogger (AuditLogger.java:refreshDebugCmdSet(130)) - Refresh DebugCmdSet for SCMAudit to [].
2024-01-30 07:44:57,405 [main] INFO  ipc.CallQueueManager (CallQueueManager.java:<init>(90)) - Using callQueue: class java.util.concurrent.LinkedBlockingQueue, queueCapacity: 10000, scheduler: class org.apache.hadoop.ipc.DefaultRpcScheduler, ipcBackoff: false.
2024-01-30 07:44:57,406 [main] INFO  ipc.Server (Server.java:<init>(1287)) - Listener at 0.0.0.0:15000
2024-01-30 07:44:57,406 [Socket Reader #1 for port 15000] INFO  ipc.Server (Server.java:run(1323)) - Starting Socket Reader #1 for port 15000
2024-01-30 07:44:57,448 [main] INFO  ha.SCMServiceManager (SCMServiceManager.java:register(42)) - Registering service ContainerBalancer.
2024-01-30 07:44:57,450 [main] INFO  server.StorageContainerManager (StorageContainerManager.java:<init>(453)) - 
Container Balancer status:
Key                            Value
Running                        false
Container Balancer Configuration values:
Key                                                Value
Threshold                                          10
Max Datanodes to Involve per Iteration(percent)    20
Max Size to Move per Iteration                     500GB
Max Size Entering Target per Iteration             26GB
Max Size Leaving Source per Iteration              26GB
Number of Iterations                               10
Time Limit for Single Container's Movement         65min
Time Limit for Single Container's Replication      50min
Interval between each Iteration                    70min
Whether to Enable Network Topology                 false
Whether to Trigger Refresh Datanode Usage Info     false
Container IDs to Exclude from Balancing            None
Datanodes Specified to be Balanced                 None
Datanodes Excluded from Balancing                  None

2024-01-30 07:44:57,453 [main] INFO  ha.SCMContext (SCMContext.java:updateSafeModeStatus(230)) - Update SafeModeStatus from SafeModeStatus{safeModeStatus=true, preCheckPassed=false} to SafeModeStatus{safeModeStatus=true, preCheckPassed=false}.
2024-01-30 07:44:57,457 [main] INFO  server.StorageContainerManager (StorageContainerManager.java:start(1546)) - StorageContainerLocationProtocol RPC server is listening at /0.0.0.0:15000
2024-01-30 07:44:57,520 [main] WARN  impl.MetricsConfig (MetricsConfig.java:loadFirst(136)) - Cannot locate configuration: tried hadoop-metrics2-storagecontainermanager.properties,hadoop-metrics2.properties
2024-01-30 07:44:57,532 [main] INFO  impl.MetricsSystemImpl (MetricsSystemImpl.java:startTimer(378)) - Scheduled Metric snapshot period at 10 second(s).
2024-01-30 07:44:57,532 [main] INFO  impl.MetricsSystemImpl (MetricsSystemImpl.java:start(191)) - StorageContainerManager metrics system started
2024-01-30 07:44:57,710 [main] INFO  server.SCMClientProtocolServer (SCMClientProtocolServer.java:start(203)) - RPC server for Client  is listening at /0.0.0.0:15000
2024-01-30 07:44:57,711 [IPC Server Responder] INFO  ipc.Server (Server.java:run(1562)) - IPC Server Responder: starting
2024-01-30 07:44:57,711 [IPC Server listener on 15000] INFO  ipc.Server (Server.java:run(1402)) - IPC Server listener on 15000: starting
2024-01-30 07:44:57,731 [main] INFO  server.StorageContainerManager (StorageContainerManager.java:start(1559)) - ScmBlockLocationProtocol RPC server is listening at /0.0.0.0:15001
2024-01-30 07:44:57,732 [main] INFO  server.SCMBlockProtocolServer (SCMBlockProtocolServer.java:start(160)) - RPC server for Block Protocol is listening at /0.0.0.0:15001
2024-01-30 07:44:57,732 [IPC Server Responder] INFO  ipc.Server (Server.java:run(1562)) - IPC Server Responder: starting
2024-01-30 07:44:57,732 [IPC Server listener on 15001] INFO  ipc.Server (Server.java:run(1402)) - IPC Server listener on 15001: starting
2024-01-30 07:44:57,741 [main] INFO  server.SCMDatanodeProtocolServer (SCMDatanodeProtocolServer.java:start(194)) - ScmDatanodeProtocol RPC server for DataNodes is listening at /0.0.0.0:15002
2024-01-30 07:44:57,742 [IPC Server Responder] INFO  ipc.Server (Server.java:run(1562)) - IPC Server Responder: starting
2024-01-30 07:44:57,742 [IPC Server listener on 15002] INFO  ipc.Server (Server.java:run(1402)) - IPC Server listener on 15002: starting
2024-01-30 07:44:57,756 [JvmPauseMonitor0] INFO  util.JvmPauseMonitor (JvmPauseMonitor.java:run(146)) - JvmPauseMonitor-4b8d2d26-e279-45b5-861d-26b3c379b6ba: Started
2024-01-30 07:44:57,767 [main] INFO  http.BaseHttpServer (BaseHttpServer.java:newHttpServer2BuilderForOzone(223)) - Starting Web-server for scm at: http://0.0.0.0:15003
2024-01-30 07:44:57,767 [main] INFO  http.BaseHttpServer (BaseHttpServer.java:<init>(110)) - Hadoop Security Enabled: false Ozone Security Enabled: false Ozone HTTP Security Enabled: false 
2024-01-30 07:44:57,786 [main] INFO  util.log (Log.java:initialized(170)) - Logging initialized @3554ms to org.eclipse.jetty.util.log.Slf4jLog
2024-01-30 07:44:57,855 [main] WARN  server.AuthenticationFilter (AuthenticationFilter.java:constructSecretProvider(240)) - Unable to initialize FileSignerSecretProvider, falling back to use random secrets. Reason: Could not read signature secret file: /home/runner/hadoop-http-auth-signature-secret
2024-01-30 07:44:57,859 [main] INFO  http.HttpRequestLog (HttpRequestLog.java:getRequestLog(86)) - Http request log for http.requests.scm is not defined
2024-01-30 07:44:57,864 [main] INFO  http.HttpServer2 (HttpServer2.java:addGlobalFilter(1036)) - Added global filter 'safety' (class=org.apache.hadoop.hdds.server.http.HttpServer2$QuotingInputFilter)
2024-01-30 07:44:57,865 [main] INFO  http.HttpServer2 (HttpServer2.java:addFilter(1012)) - Added filter static_user_filter (class=org.apache.hadoop.http.lib.StaticUserWebFilter$StaticUserFilter) to context scm
2024-01-30 07:44:57,865 [main] INFO  http.HttpServer2 (HttpServer2.java:addFilter(1020)) - Added filter static_user_filter (class=org.apache.hadoop.http.lib.StaticUserWebFilter$StaticUserFilter) to context static
2024-01-30 07:44:57,866 [main] INFO  http.HttpServer2 (HttpServer2.java:addFilter(1020)) - Added filter static_user_filter (class=org.apache.hadoop.http.lib.StaticUserWebFilter$StaticUserFilter) to context logs
2024-01-30 07:44:57,889 [main] INFO  http.BaseHttpServer (BaseHttpServer.java:<init>(189)) - HTTP server of scm uses base directory /home/runner/work/ozone/ozone/hadoop-ozone/integration-test/target/test-dir/MiniOzoneClusterImpl-b74639a9-f624-491a-a51e-4d41e99a633c/ozone-meta/webserver
2024-01-30 07:44:57,889 [main] INFO  http.HttpServer2 (HttpServer2.java:bindListener(1236)) - Jetty bound to port 15003
2024-01-30 07:44:57,890 [main] INFO  server.Server (Server.java:doStart(375)) - jetty-9.4.53.v20231009; built: 2023-10-09T12:29:09.265Z; git: 27bde00a0b95a1d5bbee0eae7984f891d2d0f8c9; jvm 1.8.0_392-b08
2024-01-30 07:44:57,907 [main] INFO  server.session (DefaultSessionIdManager.java:doStart(334)) - DefaultSessionIdManager workerName=node0
2024-01-30 07:44:57,907 [main] INFO  server.session (DefaultSessionIdManager.java:doStart(339)) - No SessionScavenger set, using defaults
2024-01-30 07:44:57,909 [main] INFO  server.session (HouseKeeper.java:startScavenging(132)) - node0 Scavenging every 660000ms
2024-01-30 07:44:57,917 [main] INFO  handler.ContextHandler (ContextHandler.java:doStart(921)) - Started o.e.j.s.ServletContextHandler@5b04224a{logs,/logs,file:///home/runner/work/ozone/ozone/hadoop-ozone/integration-test/target/log,AVAILABLE}
2024-01-30 07:44:57,918 [main] INFO  handler.ContextHandler (ContextHandler.java:doStart(921)) - Started o.e.j.s.ServletContextHandler@611f28f5{static,/static,file:///home/runner/work/ozone/ozone/hadoop-ozone/integration-test/target/test-classes/webapps/static,AVAILABLE}
2024-01-30 07:44:57,956 [main] INFO  handler.ContextHandler (ContextHandler.java:doStart(921)) - Started o.e.j.w.WebAppContext@13a8cb4e{scm,/,file:///home/runner/work/ozone/ozone/hadoop-ozone/integration-test/target/test-classes/webapps/scm/,AVAILABLE}{file:/home/runner/work/ozone/ozone/hadoop-ozone/integration-test/target/test-classes/webapps/scm}
2024-01-30 07:44:57,962 [main] INFO  server.AbstractConnector (AbstractConnector.java:doStart(333)) - Started ServerConnector@6f5d292c{HTTP/1.1, (http/1.1)}{0.0.0.0:15003}
2024-01-30 07:44:57,963 [main] INFO  server.Server (Server.java:doStart(415)) - Started @3731ms
2024-01-30 07:44:57,965 [main] INFO  impl.MetricsSinkAdapter (MetricsSinkAdapter.java:start(204)) - Sink prometheus started
2024-01-30 07:44:57,965 [main] INFO  impl.MetricsSystemImpl (MetricsSystemImpl.java:registerSink(305)) - Registered sink prometheus
2024-01-30 07:44:57,966 [main] INFO  http.BaseHttpServer (BaseHttpServer.java:updateConnectorAddress(354)) - HTTP server of scm listening at http://0.0.0.0:15003
2024-01-30 07:44:57,969 [main] WARN  server.ServerUtils (ServerUtils.java:getDBPath(311)) - ozone.om.db.dirs is not configured. We recommend adding this setting. Falling back to ozone.metadata.dirs instead.
2024-01-30 07:44:58,028 [main] INFO  audit.AuditLogger (AuditLogger.java:refreshDebugCmdSet(130)) - Refresh DebugCmdSet for OMAudit to [].
2024-01-30 07:44:58,085 [main] INFO  ha.OMHANodeDetails (OMHANodeDetails.java:loadOMHAConfig(115)) - ozone.om.internal.service.id is not defined, falling back to ozone.om.service.ids to find serviceID for OzoneManager if it is HA enabled cluster
2024-01-30 07:44:58,088 [main] INFO  ha.OMHANodeDetails (OMHANodeDetails.java:loadOMHAConfig(226)) - Configuration does not have ozone.om.address set. Falling back to the default OM address /127.0.0.1:15004
2024-01-30 07:44:58,088 [main] INFO  ha.OMHANodeDetails (OMHANodeDetails.java:getOMNodeDetailsForNonHA(254)) - OM Service ID is not set. Setting it to the default ID: omServiceIdDefault
2024-01-30 07:44:58,088 [main] INFO  ha.OMHANodeDetails (OMHANodeDetails.java:getOMNodeDetailsForNonHA(261)) - OM Node ID is not set. Setting it to the default ID: om1
2024-01-30 07:44:58,092 [main] WARN  server.ServerUtils (ServerUtils.java:getDBPath(311)) - ozone.om.db.dirs is not configured. We recommend adding this setting. Falling back to ozone.metadata.dirs instead.
2024-01-30 07:44:58,096 [main] INFO  upgrade.AbstractLayoutVersionManager (AbstractLayoutVersionManager.java:init(83)) - Initializing Layout version manager with metadata layout = QUOTA (version = 6), software layout = QUOTA (version = 6)
2024-01-30 07:44:58,167 [main] INFO  upgrade.OMLayoutVersionManager (OMLayoutVersionManager.java:lambda$0(113)) - Skipping Upgrade Action MockOmUpgradeAction since it has been finalized.
2024-01-30 07:44:58,168 [main] INFO  upgrade.OMLayoutVersionManager (OMLayoutVersionManager.java:lambda$0(113)) - Skipping Upgrade Action QuotaRepairUpgradeAction since it has been finalized.
2024-01-30 07:44:58,169 [main] WARN  server.ServerUtils (ServerUtils.java:getDBPath(311)) - ozone.om.db.dirs is not configured. We recommend adding this setting. Falling back to ozone.metadata.dirs instead.
2024-01-30 07:44:58,299 [main] INFO  proxy.SCMBlockLocationFailoverProxyProvider (SCMBlockLocationFailoverProxyProvider.java:<init>(115)) - Created block location fail-over proxy with 1 nodes: [nodeId=scmNodeId,nodeAddress=/0.0.0.0:15001]
2024-01-30 07:44:58,329 [main] INFO  proxy.SCMBlockLocationFailoverProxyProvider (SCMBlockLocationFailoverProxyProvider.java:<init>(115)) - Created block location fail-over proxy with 1 nodes: [nodeId=scmNodeId,nodeAddress=/0.0.0.0:15001]
2024-01-30 07:44:58,488 [main] INFO  om.OzoneManager (OzoneManager.java:<init>(673)) - OM start with adminUsers: [runner]
2024-01-30 07:44:58,502 [main] WARN  server.ServerUtils (ServerUtils.java:getDBPath(311)) - ozone.om.db.dirs is not configured. We recommend adding this setting. Falling back to ozone.metadata.dirs instead.
2024-01-30 07:44:58,521 [main] INFO  helpers.OmKeyInfo (OmKeyInfo.java:getCodec(71)) - OmKeyInfo.getCodec ignorePipeline = true
2024-01-30 07:44:58,724 [main] INFO  om.OzoneManager (OzoneManager.java:instantiateServices(805)) - S3 Multi-Tenancy is disabled
2024-01-30 07:44:58,751 [main] INFO  om.OmSnapshotManager (OmSnapshotManager.java:<init>(176)) - Ozone filesystem snapshot feature is enabled.
2024-01-30 07:44:58,756 [main] WARN  server.ServerUtils (ServerUtils.java:getDBPath(311)) - ozone.om.snapshot.diff.db.dir is not configured. We recommend adding this setting. Falling back to ozone.metadata.dirs instead.
2024-01-30 07:44:58,784 [main] INFO  utils.NativeLibraryLoader (NativeLibraryLoader.java:loadLibrary(108)) - Loading Library: ozone_rocksdb_tools
2024-01-30 07:44:58,785 [main] INFO  snapshot.SnapshotDiffManager (SnapshotDiffManager.java:closeExecutorService(1688)) - Shutting down executorService: 'SstDumpToolExecutor'
2024-01-30 07:44:58,828 [main] INFO  om.OzoneManager (OzoneManager.java:addS3GVolumeToDB(4429)) - Created Volume s3v With Owner runner required for S3Gateway operations.
2024-01-30 07:44:58,873 [main] WARN  server.ServerUtils (ServerUtils.java:getDefaultRatisDirectory(323)) - Storage directory for Ratis is not configured. It is a good idea to map this to an SSD disk. Falling back to ozone.metadata.dirs
2024-01-30 07:44:58,873 [main] WARN  utils.OzoneManagerRatisUtils (OzoneManagerRatisUtils.java:getOMRatisSnapshotDirectory(473)) - ozone.om.ratis.snapshot.dir is not configured. Falling back to ozone.metadata.dirs config
2024-01-30 07:44:58,883 [main] WARN  server.ServerUtils (ServerUtils.java:getDefaultRatisDirectory(323)) - Storage directory for Ratis is not configured. It is a good idea to map this to an SSD disk. Falling back to ozone.metadata.dirs
2024-01-30 07:44:58,898 [main] INFO  ratis.OzoneManagerRatisServer (OzoneManagerRatisServer.java:<init>(167)) - Instantiating OM Ratis server with groupID: omServiceIdDefault and peers: localhost:15007
2024-01-30 07:44:58,904 [main] INFO  ratis.OzoneManagerStateMachine (OzoneManagerStateMachine.java:loadSnapshotInfoFromDB(576)) - TransactionInfo not found in OM DB.
2024-01-30 07:44:58,947 [main] INFO  server.RaftServer (ConfUtils.java:logGet(46)) - raft.rpc.type = GRPC (default)
2024-01-30 07:44:58,953 [main] INFO  grpc.GrpcConfigKeys (ConfUtils.java:logFallback(53)) - raft.grpc.admin.host = null (fallback to raft.grpc.server.host)
2024-01-30 07:44:58,953 [main] INFO  grpc.GrpcConfigKeys (ConfUtils.java:logFallback(53)) - raft.grpc.admin.port = 15007 (fallback to raft.grpc.server.port)
2024-01-30 07:44:58,954 [main] INFO  grpc.GrpcConfigKeys (ConfUtils.java:logFallback(53)) - raft.grpc.client.host = null (fallback to raft.grpc.server.host)
2024-01-30 07:44:58,954 [main] INFO  grpc.GrpcConfigKeys (ConfUtils.java:logFallback(53)) - raft.grpc.client.port = 15007 (fallback to raft.grpc.server.port)
2024-01-30 07:44:58,955 [main] INFO  grpc.GrpcConfigKeys (ConfUtils.java:logGet(46)) - raft.grpc.server.host = null (default)
2024-01-30 07:44:58,955 [main] INFO  grpc.GrpcConfigKeys (ConfUtils.java:logGet(46)) - raft.grpc.server.port = 15007 (custom)
2024-01-30 07:44:58,956 [main] INFO  server.GrpcService (ConfUtils.java:logGet(46)) - raft.grpc.message.size.max = 4194304 (custom)
2024-01-30 07:44:58,957 [main] INFO  server.RaftServerConfigKeys (ConfUtils.java:logGet(46)) - raft.server.log.appender.buffer.byte-limit = 4194304 (custom)
2024-01-30 07:44:58,958 [main] INFO  server.GrpcService (ConfUtils.java:logGet(46)) - raft.grpc.flow.control.window = 1MB (=1048576) (default)
2024-01-30 07:44:58,958 [main] INFO  server.RaftServerConfigKeys (ConfUtils.java:logGet(46)) - raft.server.rpc.request.timeout = 3000ms (default)
2024-01-30 07:44:58,965 [main] INFO  grpc.GrpcConfigKeys (ConfUtils.java:logGet(46)) - raft.grpc.server.heartbeat.channel = true (default)
2024-01-30 07:44:58,967 [main] INFO  grpc.GrpcConfigKeys (ConfUtils.java:logGet(46)) - raft.grpc.server.async.request.thread.pool.cached = true (default)
2024-01-30 07:44:58,968 [main] INFO  grpc.GrpcConfigKeys (ConfUtils.java:logGet(46)) - raft.grpc.server.async.request.thread.pool.size = 32 (default)
2024-01-30 07:44:59,201 [main] INFO  impl.DataStreamServerImpl (ConfUtils.java:logGet(46)) - raft.datastream.type = DISABLED (default)
2024-01-30 07:44:59,203 [main] INFO  server.RaftServerConfigKeys (ConfUtils.java:logGet(46)) - raft.server.sleep.deviation.threshold = 300ms (default)
2024-01-30 07:44:59,203 [main] INFO  server.RaftServerConfigKeys (ConfUtils.java:logGet(46)) - raft.server.close.threshold = 60s (default)
2024-01-30 07:44:59,204 [main] INFO  server.RaftServerConfigKeys (ConfUtils.java:logGet(46)) - raft.server.leaderelection.leader.step-down.wait-time = 10s (default)
2024-01-30 07:44:59,205 [main] INFO  server.RaftServerConfigKeys (ConfUtils.java:logGet(46)) - raft.server.storage.dir = [/home/runner/work/ozone/ozone/hadoop-ozone/integration-test/target/test-dir/MiniOzoneClusterImpl-b74639a9-f624-491a-a51e-4d41e99a633c/ozone-meta/ratis] (custom)
2024-01-30 07:44:59,206 [main] INFO  server.RaftServerConfigKeys (ConfUtils.java:logGet(46)) - raft.server.threadpool.proxy.cached = true (default)
2024-01-30 07:44:59,207 [main] INFO  server.RaftServerConfigKeys (ConfUtils.java:logGet(46)) - raft.server.threadpool.proxy.size = 0 (default)
2024-01-30 07:44:59,211 [main] INFO  server.RaftServer (RaftServerProxy.java:addNew(100)) - om1: addNew group-C5BA1605619E:[om1|localhost:15007] returns group-C5BA1605619E:java.util.concurrent.CompletableFuture@6c76e4dc[Not completed]
2024-01-30 07:44:59,212 [main] INFO  om.OzoneManager (OzoneManager.java:initializeRatisServer(2141)) - OzoneManager Ratis server initialized at port 15007
2024-01-30 07:44:59,214 [main] INFO  om.OzoneManager (OzoneManager.java:getRpcServer(1207)) - Creating RPC Server
2024-01-30 07:44:59,221 [om1-groupManagement] INFO  server.RaftServer$Division (RaftServerImpl.java:<init>(256)) - om1: new RaftServerImpl for group-C5BA1605619E:[om1|localhost:15007] with OzoneManagerStateMachine:uninitialized
2024-01-30 07:44:59,222 [om1-groupManagement] INFO  server.RaftServerConfigKeys (ConfUtils.java:logGet(46)) - raft.server.rpc.timeout.min = 1s (custom)
2024-01-30 07:44:59,222 [om1-groupManagement] INFO  server.RaftServerConfigKeys (ConfUtils.java:logGet(46)) - raft.server.rpc.timeout.max = 1200ms (custom)
2024-01-30 07:44:59,222 [om1-groupManagement] INFO  server.RaftServerConfigKeys (ConfUtils.java:logGet(46)) - raft.server.rpc.sleep.time = 25ms (default)
2024-01-30 07:44:59,223 [om1-groupManagement] INFO  server.RaftServerConfigKeys (ConfUtils.java:logGet(46)) - raft.server.rpc.slowness.timeout = 120s (custom)
2024-01-30 07:44:59,223 [om1-groupManagement] INFO  server.RaftServerConfigKeys (ConfUtils.java:logGet(46)) - raft.server.leaderelection.leader.step-down.wait-time = 10s (default)
2024-01-30 07:44:59,223 [om1-groupManagement] INFO  server.RaftServerConfigKeys (ConfUtils.java:logGet(46)) - raft.server.leaderelection.member.majority-add = false (default)
2024-01-30 07:44:59,223 [om1-groupManagement] INFO  server.RaftServerConfigKeys (ConfUtils.java:logGet(46)) - raft.server.sleep.deviation.threshold = 300ms (default)
2024-01-30 07:44:59,230 [om1-groupManagement] INFO  server.RaftServer$Division (ServerState.java:<init>(113)) - om1@group-C5BA1605619E: ConfigurationManager, init=-1: peers:[om1|localhost:15007]|listeners:[], old=null, confs=<EMPTY_MAP>
2024-01-30 07:44:59,235 [om1-groupManagement] INFO  server.RaftServerConfigKeys (ConfUtils.java:logGet(46)) - raft.server.notification.no-leader.timeout = 120s (custom)
2024-01-30 07:44:59,237 [om1-groupManagement] INFO  server.RaftServerConfigKeys (ConfUtils.java:logGet(46)) - raft.server.read.timeout = 10s (default)
2024-01-30 07:44:59,240 [om1-groupManagement] INFO  server.RaftServerConfigKeys (ConfUtils.java:logGet(46)) - raft.server.retrycache.expirytime = 300s (custom)
2024-01-30 07:44:59,241 [om1-groupManagement] INFO  server.RaftServerConfigKeys (ConfUtils.java:logGet(46)) - raft.server.retrycache.statistics.expirytime = 100ms (default)
2024-01-30 07:44:59,244 [om1-groupManagement] INFO  server.RaftServerConfigKeys (ConfUtils.java:logGet(46)) - raft.server.read.option = DEFAULT (default)
2024-01-30 07:44:59,245 [om1-groupManagement] INFO  server.RaftServerConfigKeys (ConfUtils.java:logGet(46)) - raft.server.read.read-after-write-consistent.write-index-cache.expiry-time = 60s (default)
2024-01-30 07:44:59,284 [om1-groupManagement] INFO  server.RaftServerConfigKeys (ConfUtils.java:logGet(46)) - raft.server.rpc.request.timeout = 3000ms (default)
2024-01-30 07:44:59,287 [om1-groupManagement] INFO  server.RaftServerConfigKeys (ConfUtils.java:logGet(46)) - raft.server.log.appender.install.snapshot.enabled = false (custom)
2024-01-30 07:44:59,287 [om1-groupManagement] INFO  server.RaftServerConfigKeys (ConfUtils.java:logGet(46)) - raft.server.threadpool.server.cached = true (default)
2024-01-30 07:44:59,288 [om1-groupManagement] INFO  server.RaftServerConfigKeys (ConfUtils.java:logGet(46)) - raft.server.threadpool.server.size = 0 (default)
2024-01-30 07:44:59,288 [om1-groupManagement] INFO  server.RaftServerConfigKeys (ConfUtils.java:logGet(46)) - raft.server.threadpool.client.cached = true (default)
2024-01-30 07:44:59,288 [om1-groupManagement] INFO  server.RaftServerConfigKeys (ConfUtils.java:logGet(46)) - raft.server.threadpool.client.size = 0 (default)
2024-01-30 07:44:59,734 [main] INFO  ipc.CallQueueManager (CallQueueManager.java:<init>(90)) - Using callQueue: class java.util.concurrent.LinkedBlockingQueue, queueCapacity: 2000, scheduler: class org.apache.hadoop.ipc.DefaultRpcScheduler, ipcBackoff: false.
2024-01-30 07:44:59,734 [main] INFO  ipc.Server (Server.java:<init>(1287)) - Listener at 127.0.0.1:15004
2024-01-30 07:44:59,738 [Socket Reader #1 for port 15004] INFO  ipc.Server (Server.java:run(1323)) - Starting Socket Reader #1 for port 15004
2024-01-30 07:44:59,773 [main] INFO  impl.MetricsSystemImpl (MetricsSystemImpl.java:init(158)) - OzoneManager metrics system started (again)
2024-01-30 07:44:59,787 [main] INFO  om.OzoneManager (OzoneManager.java:start(1629)) - OzoneManager RPC server is listening at localhost/127.0.0.1:15004
2024-01-30 07:44:59,788 [main] INFO  ratis.OzoneManagerRatisServer (OzoneManagerRatisServer.java:start(588)) - Starting OzoneManagerRatisServer om1 at port 15007
2024-01-30 07:44:59,795 [om1-impl-thread1] INFO  server.RaftServerConfigKeys (ConfUtils.java:logGet(46)) - raft.server.storage.free-space.min = 0MB (=0) (default)
2024-01-30 07:44:59,795 [om1-impl-thread1] INFO  server.RaftServerConfigKeys (ConfUtils.java:logGet(46)) - raft.server.log.corruption.policy = EXCEPTION (default)
2024-01-30 07:44:59,795 [om1-impl-thread1] INFO  server.RaftServerConfigKeys (ConfUtils.java:logGet(46)) - raft.server.storage.dir = [/home/runner/work/ozone/ozone/hadoop-ozone/integration-test/target/test-dir/MiniOzoneClusterImpl-b74639a9-f624-491a-a51e-4d41e99a633c/ozone-meta/ratis] (custom)
2024-01-30 07:44:59,799 [om1-impl-thread1] INFO  storage.RaftStorageDirectory (RaftStorageDirectoryImpl.java:analyzeStorage(138)) - The storage directory /home/runner/work/ozone/ozone/hadoop-ozone/integration-test/target/test-dir/MiniOzoneClusterImpl-b74639a9-f624-491a-a51e-4d41e99a633c/ozone-meta/ratis/bf265839-605b-3f16-9796-c5ba1605619e does not exist. Creating ...
2024-01-30 07:44:59,803 [om1-impl-thread1] INFO  storage.RaftStorageDirectory (RaftStorageDirectoryImpl.java:tryLock(228)) - Lock on /home/runner/work/ozone/ozone/hadoop-ozone/integration-test/target/test-dir/MiniOzoneClusterImpl-b74639a9-f624-491a-a51e-4d41e99a633c/ozone-meta/ratis/bf265839-605b-3f16-9796-c5ba1605619e/in_use.lock acquired by nodename 92995@fv-az1436-717
2024-01-30 07:44:59,807 [om1-impl-thread1] INFO  storage.RaftStorage (RaftStorageImpl.java:format(99)) - Storage directory /home/runner/work/ozone/ozone/hadoop-ozone/integration-test/target/test-dir/MiniOzoneClusterImpl-b74639a9-f624-491a-a51e-4d41e99a633c/ozone-meta/ratis/bf265839-605b-3f16-9796-c5ba1605619e has been successfully formatted.
2024-01-30 07:44:59,808 [om1-impl-thread1] WARN  util.FileUtils (LogUtils.java:supplyAndLog(63)) - Failed to Files.newInputStream /home/runner/work/ozone/ozone/hadoop-ozone/integration-test/target/test-dir/MiniOzoneClusterImpl-b74639a9-f624-491a-a51e-4d41e99a633c/ozone-meta/ratis/bf265839-605b-3f16-9796-c5ba1605619e/current/raft-meta.conf with options []: java.nio.file.NoSuchFileException: /home/runner/work/ozone/ozone/hadoop-ozone/integration-test/target/test-dir/MiniOzoneClusterImpl-b74639a9-f624-491a-a51e-4d41e99a633c/ozone-meta/ratis/bf265839-605b-3f16-9796-c5ba1605619e/current/raft-meta.conf
2024-01-30 07:44:59,811 [om1-impl-thread1] INFO  server.RaftServerConfigKeys (ConfUtils.java:logGet(46)) - raft.server.log.use.memory = false (default)
2024-01-30 07:44:59,817 [om1-impl-thread1] INFO  server.RaftServerConfigKeys (ConfUtils.java:logGet(46)) - raft.server.log.purge.gap = 1000000 (custom)
2024-01-30 07:44:59,817 [om1-impl-thread1] INFO  server.RaftServerConfigKeys (ConfUtils.java:logGet(46)) - raft.server.log.appender.buffer.byte-limit = 4194304 (custom)
2024-01-30 07:44:59,818 [om1-impl-thread1] INFO  server.RaftServerConfigKeys (ConfUtils.java:logGet(46)) - raft.server.log.statemachine.data.read.timeout = 1000ms (default)
2024-01-30 07:44:59,819 [om1-impl-thread1] INFO  server.RaftServerConfigKeys (ConfUtils.java:logGet(46)) - raft.server.log.purge.preservation.log.num = 0 (default)
2024-01-30 07:44:59,823 [om1-impl-thread1] INFO  server.RaftServerConfigKeys (ConfUtils.java:logGet(46)) - raft.server.log.segment.size.max = 4194304 (custom)
2024-01-30 07:44:59,827 [om1-impl-thread1] INFO  server.RaftServerConfigKeys (ConfUtils.java:logGet(46)) - raft.server.log.segment.cache.num.max = 2 (custom)
2024-01-30 07:44:59,827 [om1-impl-thread1] INFO  server.RaftServerConfigKeys (ConfUtils.java:logGet(46)) - raft.server.log.segment.cache.size.max = 200MB (=209715200) (default)
2024-01-30 07:44:59,827 [om1-impl-thread1] INFO  server.RaftServerConfigKeys (ConfUtils.java:logGet(46)) - raft.server.log.appender.buffer.byte-limit = 4194304 (custom)
2024-01-30 07:44:59,828 [om1-impl-thread1] INFO  util.AwaitToRun (AwaitToRun.java:start(81)) - Thread[om1@group-C5BA1605619E-cacheEviction-AwaitToRun,5,main] started
2024-01-30 07:44:59,832 [om1-impl-thread1] INFO  segmented.SegmentedRaftLogWorker (SegmentedRaftLogWorker.java:<init>(182)) - new om1@group-C5BA1605619E-SegmentedRaftLogWorker for RaftStorageImpl:Storage Directory /home/runner/work/ozone/ozone/hadoop-ozone/integration-test/target/test-dir/MiniOzoneClusterImpl-b74639a9-f624-491a-a51e-4d41e99a633c/ozone-meta/ratis/bf265839-605b-3f16-9796-c5ba1605619e
2024-01-30 07:44:59,832 [om1-impl-thread1] INFO  server.RaftServerConfigKeys (ConfUtils.java:logGet(46)) - raft.server.log.queue.byte-limit = 64MB (=67108864) (default)
2024-01-30 07:44:59,832 [om1-impl-thread1] INFO  server.RaftServerConfigKeys (ConfUtils.java:logGet(46)) - raft.server.log.queue.element-limit = 4096 (default)
2024-01-30 07:44:59,834 [om1-impl-thread1] INFO  server.RaftServerConfigKeys (ConfUtils.java:logGet(46)) - raft.server.log.segment.size.max = 4194304 (custom)
2024-01-30 07:44:59,834 [om1-impl-thread1] INFO  server.RaftServerConfigKeys (ConfUtils.java:logGet(46)) - raft.server.log.preallocated.size = 4194304 (custom)
2024-01-30 07:44:59,834 [om1-impl-thread1] INFO  server.RaftServerConfigKeys (ConfUtils.java:logGet(46)) - raft.server.log.force.sync.num = 128 (default)
2024-01-30 07:44:59,835 [om1-impl-thread1] INFO  server.RaftServerConfigKeys (ConfUtils.java:logGet(46)) - raft.server.log.statemachine.data.sync = true (default)
2024-01-30 07:44:59,835 [om1-impl-thread1] INFO  server.RaftServerConfigKeys (ConfUtils.java:logGet(46)) - raft.server.log.statemachine.data.sync.timeout = 10s (default)
2024-01-30 07:44:59,836 [om1-impl-thread1] INFO  server.RaftServerConfigKeys (ConfUtils.java:logGet(46)) - raft.server.log.statemachine.data.sync.timeout.retry = -1 (default)
2024-01-30 07:44:59,837 [om1-impl-thread1] INFO  server.RaftServerConfigKeys (ConfUtils.java:logGet(46)) - raft.server.log.write.buffer.size = 4194312 (custom)
2024-01-30 07:44:59,838 [om1-impl-thread1] INFO  server.RaftServerConfigKeys (ConfUtils.java:logGet(46)) - raft.server.log.appender.buffer.byte-limit = 4194304 (custom)
2024-01-30 07:44:59,839 [om1-impl-thread1] INFO  server.RaftServerConfigKeys (ConfUtils.java:logGet(46)) - raft.server.log.unsafe-flush.enabled = false (default)
2024-01-30 07:44:59,839 [om1-impl-thread1] INFO  server.RaftServerConfigKeys (ConfUtils.java:logGet(46)) - raft.server.log.async-flush.enabled = false (default)
2024-01-30 07:44:59,839 [om1-impl-thread1] INFO  server.RaftServerConfigKeys (ConfUtils.java:logGet(46)) - raft.server.log.statemachine.data.caching.enabled = false (default)
2024-01-30 07:44:59,843 [om1-impl-thread1] INFO  segmented.SegmentedRaftLogWorker (SegmentedRaftLogWorker.java:lambda$new$0(134)) - om1@group-C5BA1605619E-SegmentedRaftLogWorker: flushIndex: setUnconditionally 0 -> -1
2024-01-30 07:44:59,843 [om1-impl-thread1] INFO  segmented.SegmentedRaftLogWorker (SegmentedRaftLogWorker.java:lambda$new$0(134)) - om1@group-C5BA1605619E-SegmentedRaftLogWorker: safeCacheEvictIndex: setUnconditionally 0 -> -1
2024-01-30 07:44:59,844 [om1-impl-thread1] INFO  server.RaftServer$Division (RaftServerImpl.java:start(396)) - om1@group-C5BA1605619E: start as a follower, conf=-1: peers:[om1|localhost:15007]|listeners:[], old=null
2024-01-30 07:44:59,845 [om1-impl-thread1] INFO  server.RaftServer$Division (RaftServerImpl.java:setRole(383)) - om1@group-C5BA1605619E: changes role from      null to FOLLOWER at term 0 for startAsFollower
2024-01-30 07:44:59,846 [om1-impl-thread1] INFO  impl.RoleInfo (RoleInfo.java:updateAndGet(139)) - om1: start om1@group-C5BA1605619E-FollowerState
2024-01-30 07:44:59,846 [om1@group-C5BA1605619E-FollowerState] INFO  server.RaftServerConfigKeys (ConfUtils.java:logFallback(53)) - raft.server.rpc.first-election.timeout.min = 1s (fallback to raft.server.rpc.timeout.min)
2024-01-30 07:44:59,847 [om1@group-C5BA1605619E-FollowerState] INFO  server.RaftServerConfigKeys (ConfUtils.java:logFallback(53)) - raft.server.rpc.first-election.timeout.max = 1200ms (fallback to raft.server.rpc.timeout.max)
2024-01-30 07:44:59,847 [om1-impl-thread1] INFO  util.JmxRegister (JmxRegister.java:tryRegister(44)) - Successfully registered JMX Bean with object name Ratis:service=RaftServer,group=group-C5BA1605619E,id=om1
2024-01-30 07:44:59,849 [om1-impl-thread1] INFO  server.RaftServerConfigKeys (ConfUtils.java:logGet(46)) - raft.server.snapshot.trigger-when-stop.enabled = true (default)
2024-01-30 07:44:59,849 [om1-impl-thread1] INFO  server.RaftServerConfigKeys (ConfUtils.java:logGet(46)) - raft.server.snapshot.auto.trigger.enabled = true (custom)
2024-01-30 07:44:59,849 [om1-impl-thread1] INFO  server.RaftServerConfigKeys (ConfUtils.java:logGet(46)) - raft.server.snapshot.auto.trigger.threshold = 400000 (default)
2024-01-30 07:44:59,850 [om1-impl-thread1] INFO  server.RaftServerConfigKeys (ConfUtils.java:logGet(46)) - raft.server.snapshot.retention.file.num = -1 (default)
2024-01-30 07:44:59,850 [om1-impl-thread1] INFO  server.RaftServerConfigKeys (ConfUtils.java:logGet(46)) - raft.server.log.purge.upto.snapshot.index = true (custom)
2024-01-30 07:44:59,853 [main] INFO  server.RaftServer (RaftServerProxy.java:startImpl(406)) - om1: start RPC server
2024-01-30 07:44:59,885 [main] INFO  server.GrpcService (GrpcService.java:startImpl(302)) - om1: GrpcService started, listening on 15007
2024-01-30 07:44:59,885 [JvmPauseMonitor1] INFO  util.JvmPauseMonitor (JvmPauseMonitor.java:run(146)) - JvmPauseMonitor-om1: Started
2024-01-30 07:44:59,886 [main] INFO  om.OzoneManager (OzoneManager.java:start(1645)) - Version File has different layout version (6) than OM DB (null). That is expected if this OM has never been finalized to a newer layout version.
2024-01-30 07:44:59,904 [main] INFO  http.BaseHttpServer (BaseHttpServer.java:newHttpServer2BuilderForOzone(223)) - Starting Web-server for ozoneManager at: http://0.0.0.0:15005
2024-01-30 07:44:59,904 [main] INFO  http.BaseHttpServer (BaseHttpServer.java:<init>(110)) - Hadoop Security Enabled: false Ozone Security Enabled: false Ozone HTTP Security Enabled: false 
2024-01-30 07:44:59,906 [main] WARN  server.AuthenticationFilter (AuthenticationFilter.java:constructSecretProvider(240)) - Unable to initialize FileSignerSecretProvider, falling back to use random secrets. Reason: Could not read signature secret file: /home/runner/hadoop-http-auth-signature-secret
2024-01-30 07:44:59,907 [main] INFO  http.HttpRequestLog (HttpRequestLog.java:getRequestLog(86)) - Http request log for http.requests.ozoneManager is not defined
2024-01-30 07:44:59,909 [main] INFO  http.HttpServer2 (HttpServer2.java:addGlobalFilter(1036)) - Added global filter 'safety' (class=org.apache.hadoop.hdds.server.http.HttpServer2$QuotingInputFilter)
2024-01-30 07:44:59,910 [main] INFO  http.HttpServer2 (HttpServer2.java:addFilter(1012)) - Added filter static_user_filter (class=org.apache.hadoop.http.lib.StaticUserWebFilter$StaticUserFilter) to context ozoneManager
2024-01-30 07:44:59,910 [main] INFO  http.HttpServer2 (HttpServer2.java:addFilter(1020)) - Added filter static_user_filter (class=org.apache.hadoop.http.lib.StaticUserWebFilter$StaticUserFilter) to context logs
2024-01-30 07:44:59,910 [main] INFO  http.HttpServer2 (HttpServer2.java:addFilter(1020)) - Added filter static_user_filter (class=org.apache.hadoop.http.lib.StaticUserWebFilter$StaticUserFilter) to context static
2024-01-30 07:44:59,912 [main] INFO  http.BaseHttpServer (BaseHttpServer.java:<init>(189)) - HTTP server of ozoneManager uses base directory /home/runner/work/ozone/ozone/hadoop-ozone/integration-test/target/test-dir/MiniOzoneClusterImpl-b74639a9-f624-491a-a51e-4d41e99a633c/ozone-meta/webserver
2024-01-30 07:44:59,915 [main] INFO  http.HttpServer2 (HttpServer2.java:bindListener(1236)) - Jetty bound to port 15005
2024-01-30 07:44:59,916 [main] INFO  server.Server (Server.java:doStart(375)) - jetty-9.4.53.v20231009; built: 2023-10-09T12:29:09.265Z; git: 27bde00a0b95a1d5bbee0eae7984f891d2d0f8c9; jvm 1.8.0_392-b08
2024-01-30 07:44:59,917 [main] INFO  server.session (DefaultSessionIdManager.java:doStart(334)) - DefaultSessionIdManager workerName=node0
2024-01-30 07:44:59,917 [main] INFO  server.session (DefaultSessionIdManager.java:doStart(339)) - No SessionScavenger set, using defaults
2024-01-30 07:44:59,917 [main] INFO  server.session (HouseKeeper.java:startScavenging(132)) - node0 Scavenging every 600000ms
2024-01-30 07:44:59,918 [main] INFO  handler.ContextHandler (ContextHandler.java:doStart(921)) - Started o.e.j.s.ServletContextHandler@7c0d43bb{logs,/logs,file:///home/runner/work/ozone/ozone/hadoop-ozone/integration-test/target/log,AVAILABLE}
2024-01-30 07:44:59,919 [main] INFO  handler.ContextHandler (ContextHandler.java:doStart(921)) - Started o.e.j.s.ServletContextHandler@3066c9e8{static,/static,file:///home/runner/work/ozone/ozone/hadoop-ozone/integration-test/target/test-classes/webapps/static,AVAILABLE}
2024-01-30 07:44:59,923 [main] INFO  handler.ContextHandler (ContextHandler.java:doStart(921)) - Started o.e.j.w.WebAppContext@74f37601{ozoneManager,/,file:///home/runner/work/ozone/ozone/hadoop-ozone/integration-test/target/test-classes/webapps/ozoneManager/,AVAILABLE}{file:/home/runner/work/ozone/ozone/hadoop-ozone/integration-test/target/test-classes/webapps/ozoneManager}
2024-01-30 07:44:59,925 [main] INFO  server.AbstractConnector (AbstractConnector.java:doStart(333)) - Started ServerConnector@6411f8e2{HTTP/1.1, (http/1.1)}{0.0.0.0:15005}
2024-01-30 07:44:59,925 [main] INFO  server.Server (Server.java:doStart(415)) - Started @5693ms
2024-01-30 07:44:59,926 [main] WARN  impl.MetricsSystemImpl (MetricsSystemImpl.java:register(279)) - Sink prometheus already exists!
2024-01-30 07:44:59,926 [main] INFO  http.BaseHttpServer (BaseHttpServer.java:updateConnectorAddress(354)) - HTTP server of ozoneManager listening at http://0.0.0.0:15005
2024-01-30 07:44:59,928 [IPC Server Responder] INFO  ipc.Server (Server.java:run(1562)) - IPC Server Responder: starting
2024-01-30 07:44:59,929 [IPC Server listener on 15004] INFO  ipc.Server (Server.java:run(1402)) - IPC Server listener on 15004: starting
2024-01-30 07:44:59,931 [main] INFO  om.OzoneManager (OzoneManager.java:startTrashEmptier(2094)) - Trash Interval set to 0. Files deleted won't move to trash
2024-01-30 07:45:00,032 [main] INFO  db.CodecBuffer (CodecBuffer.java:set(62)) - Successfully set constructor to org.apache.hadoop.hdds.utils.db.CodecBuffer$$Lambda$975/725447893@72901c0d
2024-01-30 07:45:00,033 [main] WARN  dropwizard3.Dm3MetricRegistriesImpl (Dm3MetricRegistriesImpl.java:addReporterRegistration(113)) - New reporters are added after registries were created. Some metrics will be missing from the reporter. Please add reporter before adding any new registry.
2024-01-30 07:45:00,033 [main] WARN  dropwizard3.Dm3MetricRegistriesImpl (Dm3MetricRegistriesImpl.java:addReporterRegistration(113)) - New reporters are added after registries were created. Some metrics will be missing from the reporter. Please add reporter before adding any new registry.
2024-01-30 07:45:00,033 [main] INFO  impl.MetricsSystemImpl (MetricsSystemImpl.java:init(158)) - HddsDatanode metrics system started (again)
2024-01-30 07:45:00,048 [main] INFO  ozone.HddsDatanodeService (HddsDatanodeService.java:start(240)) - HddsDatanodeService host:fv-az1436-717.rp122gijlobebpuychzvuh3j3h.bx.internal.cloudapp.net ip:10.1.0.48
2024-01-30 07:45:00,068 [main] INFO  upgrade.AbstractLayoutVersionManager (AbstractLayoutVersionManager.java:init(83)) - Initializing Layout version manager with metadata layout = HADOOP_PRC_PORTS_IN_DATANODEDETAILS (version = 7), software layout = HADOOP_PRC_PORTS_IN_DATANODEDETAILS (version = 7)
2024-01-30 07:45:00,070 [main] INFO  statemachine.DatanodeStateMachine (DatanodeStateMachine.java:getEndPointTaskThreadPoolSize(299)) - Datanode State Machine Task Thread Pool size 2
2024-01-30 07:45:00,110 [main] INFO  volume.HddsVolume (HddsVolume.java:<init>(125)) - Creating HddsVolume: /home/runner/work/ozone/ozone/hadoop-ozone/integration-test/target/test-dir/MiniOzoneClusterImpl-b74639a9-f624-491a-a51e-4d41e99a633c/datanode-0/data-0/containers/hdds of storage type : DISK capacity : 9223372036854775807
2024-01-30 07:45:00,112 [main] INFO  volume.MutableVolumeSet (MutableVolumeSet.java:initializeVolumeSet(173)) - Added Volume : /home/runner/work/ozone/ozone/hadoop-ozone/integration-test/target/test-dir/MiniOzoneClusterImpl-b74639a9-f624-491a-a51e-4d41e99a633c/datanode-0/data-0/containers/hdds to VolumeSet
2024-01-30 07:45:00,114 [main] INFO  volume.MutableVolumeSet (MutableVolumeSet.java:initializeVolumeSet(173)) - Added Volume : /home/runner/work/ozone/ozone/hadoop-ozone/integration-test/target/test-dir/MiniOzoneClusterImpl-b74639a9-f624-491a-a51e-4d41e99a633c/datanode-0/data/ratis to VolumeSet
2024-01-30 07:45:00,118 [main] INFO  ozoneimpl.OzoneContainer (HddsVolumeUtil.java:loadAllHddsVolumeDbStore(103)) - Load 1 volumes DbStore cost: 1ms
2024-01-30 07:45:00,125 [68b35bab-6033-4329-aa6c-21b57b93715a-ContainerReader-0] INFO  ozoneimpl.ContainerReader (ContainerReader.java:readVolume(178)) - Finish verifying containers on volume /home/runner/work/ozone/ozone/hadoop-ozone/integration-test/target/test-dir/MiniOzoneClusterImpl-b74639a9-f624-491a-a51e-4d41e99a633c/datanode-0/data-0/containers/hdds
2024-01-30 07:45:00,126 [main] INFO  ozoneimpl.OzoneContainer (OzoneContainer.java:buildContainerSet(328)) - Build ContainerSet costs 0s
2024-01-30 07:45:00,168 [main] INFO  audit.AuditLogger (AuditLogger.java:refreshDebugCmdSet(130)) - Refresh DebugCmdSet for DNAudit to [].
2024-01-30 07:45:00,190 [main] INFO  server.RaftServer (ConfUtils.java:logGet(46)) - raft.rpc.type = GRPC (default)
2024-01-30 07:45:00,190 [main] INFO  grpc.GrpcConfigKeys (ConfUtils.java:logFallback(53)) - raft.grpc.admin.host = null (fallback to raft.grpc.server.host)
2024-01-30 07:45:00,191 [main] INFO  grpc.GrpcConfigKeys (ConfUtils.java:logGet(46)) - raft.grpc.admin.port = 15013 (custom)
2024-01-30 07:45:00,191 [main] INFO  grpc.GrpcConfigKeys (ConfUtils.java:logFallback(53)) - raft.grpc.client.host = null (fallback to raft.grpc.server.host)
2024-01-30 07:45:00,191 [main] INFO  grpc.GrpcConfigKeys (ConfUtils.java:logGet(46)) - raft.grpc.client.port = 15012 (custom)
2024-01-30 07:45:00,191 [main] INFO  grpc.GrpcConfigKeys (ConfUtils.java:logGet(46)) - raft.grpc.server.host = null (default)
2024-01-30 07:45:00,192 [main] INFO  grpc.GrpcConfigKeys (ConfUtils.java:logGet(46)) - raft.grpc.server.port = 15014 (custom)
2024-01-30 07:45:00,192 [main] INFO  server.GrpcService (ConfUtils.java:logGet(46)) - raft.grpc.message.size.max = 32MB (=33554432) (custom)
2024-01-30 07:45:00,192 [main] INFO  server.RaftServerConfigKeys (ConfUtils.java:logGet(46)) - raft.server.log.appender.buffer.byte-limit = 8388608 (custom)
2024-01-30 07:45:00,193 [main] INFO  server.GrpcService (ConfUtils.java:logGet(46)) - raft.grpc.flow.control.window = 5MB (=5242880) (custom)
2024-01-30 07:45:00,193 [main] INFO  server.RaftServerConfigKeys (ConfUtils.java:logGet(46)) - raft.server.rpc.request.timeout = 60s (custom)
2024-01-30 07:45:00,193 [main] INFO  grpc.GrpcConfigKeys (ConfUtils.java:logGet(46)) - raft.grpc.server.heartbeat.channel = true (default)
2024-01-30 07:45:00,193 [main] INFO  grpc.GrpcConfigKeys (ConfUtils.java:logGet(46)) - raft.grpc.server.async.request.thread.pool.cached = true (default)
2024-01-30 07:45:00,194 [main] INFO  grpc.GrpcConfigKeys (ConfUtils.java:logGet(46)) - raft.grpc.server.async.request.thread.pool.size = 32 (default)
2024-01-30 07:45:00,196 [main] INFO  impl.DataStreamServerImpl (ConfUtils.java:logGet(46)) - raft.datastream.type = NETTY (custom)
2024-01-30 07:45:00,206 [main] INFO  server.RaftServerConfigKeys (ConfUtils.java:logGet(46)) - raft.server.data-stream.async.request.thread.pool.cached = false (default)
2024-01-30 07:45:00,207 [main] INFO  server.RaftServerConfigKeys (ConfUtils.java:logGet(46)) - raft.server.data-stream.async.request.thread.pool.size = 20 (custom)
2024-01-30 07:45:00,207 [main] INFO  server.RaftServerConfigKeys (ConfUtils.java:logGet(46)) - raft.server.data-stream.async.write.thread.pool.size = 16 (default)
2024-01-30 07:45:00,208 [main] INFO  netty.NettyConfigKeys$DataStream (ConfUtils.java:logGet(46)) - raft.netty.dataStream.server.channel.inactive.grace-period = 10min (default)
2024-01-30 07:45:00,209 [main] INFO  server.RaftServerConfigKeys (ConfUtils.java:logGet(46)) - raft.server.data-stream.client.pool.size = 10 (default)
2024-01-30 07:45:00,210 [main] INFO  netty.NettyConfigKeys$DataStream (ConfUtils.java:logGet(46)) - raft.netty.dataStream.server.use-epoll = true (default)
2024-01-30 07:45:00,211 [main] INFO  netty.NettyConfigKeys$DataStream (ConfUtils.java:logGet(46)) - raft.netty.dataStream.server.boss-group.size = 0 (default)
2024-01-30 07:45:00,211 [main] INFO  netty.NettyUtils (NettyUtils.java:newEventLoopGroup(69)) - Create EpollEventLoopGroup for 68b35bab-6033-4329-aa6c-21b57b93715a-NettyServerStreamRpc-bossGroup; Thread size is 0.
2024-01-30 07:45:00,226 [main] INFO  netty.NettyConfigKeys$DataStream (ConfUtils.java:logGet(46)) - raft.netty.dataStream.server.worker-group.size = 0 (default)
2024-01-30 07:45:00,227 [main] INFO  netty.NettyUtils (NettyUtils.java:newEventLoopGroup(69)) - Create EpollEventLoopGroup for 68b35bab-6033-4329-aa6c-21b57b93715a-NettyServerStreamRpc-workerGroup; Thread size is 0.
2024-01-30 07:45:00,227 [main] INFO  netty.NettyConfigKeys$DataStream (ConfUtils.java:logGet(46)) - raft.netty.dataStream.server.tls.conf = null (default)
2024-01-30 07:45:00,229 [main] INFO  netty.NettyConfigKeys$DataStream (ConfUtils.java:logGet(46)) - raft.netty.dataStream.host = null (default)
2024-01-30 07:45:00,229 [main] INFO  netty.NettyConfigKeys$DataStream (ConfUtils.java:logGet(46)) - raft.netty.dataStream.port = 15015 (custom)
2024-01-30 07:45:00,233 [main] INFO  server.RaftServerConfigKeys (ConfUtils.java:logGet(46)) - raft.server.sleep.deviation.threshold = 300ms (default)
2024-01-30 07:45:00,233 [main] INFO  server.RaftServerConfigKeys (ConfUtils.java:logGet(46)) - raft.server.close.threshold = 60s (default)
2024-01-30 07:45:00,233 [main] INFO  server.RaftServerConfigKeys (ConfUtils.java:logGet(46)) - raft.server.leaderelection.leader.step-down.wait-time = 10s (default)
2024-01-30 07:45:00,234 [main] INFO  server.RaftServerConfigKeys (ConfUtils.java:logGet(46)) - raft.server.storage.dir = [/home/runner/work/ozone/ozone/hadoop-ozone/integration-test/target/test-dir/MiniOzoneClusterImpl-b74639a9-f624-491a-a51e-4d41e99a633c/datanode-0/data/ratis] (custom)
2024-01-30 07:45:00,234 [main] INFO  server.RaftServerConfigKeys (ConfUtils.java:logGet(46)) - raft.server.threadpool.proxy.cached = true (default)
2024-01-30 07:45:00,234 [main] INFO  server.RaftServerConfigKeys (ConfUtils.java:logGet(46)) - raft.server.threadpool.proxy.size = 0 (default)
2024-01-30 07:45:00,235 [68b35bab-6033-4329-aa6c-21b57b93715a-impl-thread1] INFO  server.RaftServer (RaftServerProxy.java:initGroupDir(264)) - 68b35bab-6033-4329-aa6c-21b57b93715a: found a subdirectory /home/runner/work/ozone/ozone/hadoop-ozone/integration-test/target/test-dir/MiniOzoneClusterImpl-b74639a9-f624-491a-a51e-4d41e99a633c/datanode-0/data/ratis/tmp
2024-01-30 07:45:00,236 [68b35bab-6033-4329-aa6c-21b57b93715a-impl-thread1] INFO  server.RaftServer (RaftServerProxy.java:initGroupDir(269)) - 68b35bab-6033-4329-aa6c-21b57b93715a: The directory /home/runner/work/ozone/ozone/hadoop-ozone/integration-test/target/test-dir/MiniOzoneClusterImpl-b74639a9-f624-491a-a51e-4d41e99a633c/datanode-0/data/ratis/tmp is not a group directory; ignoring it. 
2024-01-30 07:45:00,238 [main] INFO  replication.ReplicationServer (ReplicationServer.java:<init>(86)) - Initializing replication server with thread count = 10 queue length = 4096
2024-01-30 07:45:00,243 [68b35bab-6033-4329-aa6c-21b57b93715a-NettyServerStreamRpc-bossGroup--thread1] INFO  logging.LoggingHandler (AbstractInternalLogger.java:log(148)) - [id: 0xc0703a2e] REGISTERED
2024-01-30 07:45:00,243 [68b35bab-6033-4329-aa6c-21b57b93715a-NettyServerStreamRpc-bossGroup--thread1] INFO  logging.LoggingHandler (AbstractInternalLogger.java:log(148)) - [id: 0xc0703a2e] BIND: 0.0.0.0/0.0.0.0:15015
2024-01-30 07:45:00,244 [68b35bab-6033-4329-aa6c-21b57b93715a-NettyServerStreamRpc-bossGroup--thread1] INFO  logging.LoggingHandler (AbstractInternalLogger.java:log(148)) - [id: 0xc0703a2e, L:/0.0.0.0:15015] ACTIVE
2024-01-30 07:45:00,255 [main] INFO  server.XceiverServerGrpc (XceiverServerGrpc.java:<init>(141)) - GrpcServer channel type EpollServerSocketChannel
2024-01-30 07:45:00,317 [main] INFO  replication.ReplicationSupervisor (ReplicationSupervisor.java:build(163)) - Initializing replication supervisor with thread count = 10
2024-01-30 07:45:00,318 [main] INFO  replication.ReplicationSupervisor (ReplicationSupervisor.java:nodeStateUpdated(317)) - Node state updated to IN_SERVICE, scaling executor pool size to 10
2024-01-30 07:45:00,352 [main] INFO  http.BaseHttpServer (BaseHttpServer.java:newHttpServer2BuilderForOzone(223)) - Starting Web-server for hddsDatanode at: http://0.0.0.0:15009
2024-01-30 07:45:00,352 [main] INFO  http.BaseHttpServer (BaseHttpServer.java:<init>(110)) - Hadoop Security Enabled: false Ozone Security Enabled: false Ozone HTTP Security Enabled: false 
2024-01-30 07:45:00,353 [main] WARN  server.AuthenticationFilter (AuthenticationFilter.java:constructSecretProvider(240)) - Unable to initialize FileSignerSecretProvider, falling back to use random secrets. Reason: Could not read signature secret file: /home/runner/hadoop-http-auth-signature-secret
2024-01-30 07:45:00,354 [main] INFO  http.HttpRequestLog (HttpRequestLog.java:getRequestLog(86)) - Http request log for http.requests.hddsDatanode is not defined
2024-01-30 07:45:00,358 [main] INFO  http.HttpServer2 (HttpServer2.java:addGlobalFilter(1036)) - Added global filter 'safety' (class=org.apache.hadoop.hdds.server.http.HttpServer2$QuotingInputFilter)
2024-01-30 07:45:00,359 [main] INFO  http.HttpServer2 (HttpServer2.java:addFilter(1012)) - Added filter static_user_filter (class=org.apache.hadoop.http.lib.StaticUserWebFilter$StaticUserFilter) to context hddsDatanode
2024-01-30 07:45:00,359 [main] INFO  http.HttpServer2 (HttpServer2.java:addFilter(1020)) - Added filter static_user_filter (class=org.apache.hadoop.http.lib.StaticUserWebFilter$StaticUserFilter) to context logs
2024-01-30 07:45:00,359 [main] INFO  http.HttpServer2 (HttpServer2.java:addFilter(1020)) - Added filter static_user_filter (class=org.apache.hadoop.http.lib.StaticUserWebFilter$StaticUserFilter) to context static
2024-01-30 07:45:00,360 [main] INFO  http.BaseHttpServer (BaseHttpServer.java:<init>(189)) - HTTP server of hddsDatanode uses base directory /home/runner/work/ozone/ozone/hadoop-ozone/integration-test/target/test-dir/MiniOzoneClusterImpl-b74639a9-f624-491a-a51e-4d41e99a633c/datanode-0/meta/webserver
2024-01-30 07:45:00,360 [main] INFO  http.HttpServer2 (HttpServer2.java:bindListener(1236)) - Jetty bound to port 15009
2024-01-30 07:45:00,360 [main] INFO  server.Server (Server.java:doStart(375)) - jetty-9.4.53.v20231009; built: 2023-10-09T12:29:09.265Z; git: 27bde00a0b95a1d5bbee0eae7984f891d2d0f8c9; jvm 1.8.0_392-b08
2024-01-30 07:45:00,363 [main] INFO  server.session (DefaultSessionIdManager.java:doStart(334)) - DefaultSessionIdManager workerName=node0
2024-01-30 07:45:00,363 [main] INFO  server.session (DefaultSessionIdManager.java:doStart(339)) - No SessionScavenger set, using defaults
2024-01-30 07:45:00,363 [main] INFO  server.session (HouseKeeper.java:startScavenging(132)) - node0 Scavenging every 600000ms
2024-01-30 07:45:00,364 [main] INFO  handler.ContextHandler (ContextHandler.java:doStart(921)) - Started o.e.j.s.ServletContextHandler@7ef8b3bd{logs,/logs,file:///home/runner/work/ozone/ozone/hadoop-ozone/integration-test/target/log,AVAILABLE}
2024-01-30 07:45:00,364 [main] INFO  handler.ContextHandler (ContextHandler.java:doStart(921)) - Started o.e.j.s.ServletContextHandler@d4c88aa{static,/static,jar:file:/home/runner/.m2/repository/org/apache/ozone/hdds-container-service/1.5.0-SNAPSHOT/hdds-container-service-1.5.0-SNAPSHOT.jar!/webapps/static,AVAILABLE}
2024-01-30 07:45:00,408 [main] INFO  handler.ContextHandler (ContextHandler.java:doStart(921)) - Started o.e.j.w.WebAppContext@789999b5{hddsDatanode,/,file:///home/runner/work/ozone/ozone/hadoop-ozone/integration-test/target/test-dir/MiniOzoneClusterImpl-b74639a9-f624-491a-a51e-4d41e99a633c/datanode-0/meta/webserver/jetty-0_0_0_0-15009-hdds-container-service-1_5_0-SNAPSHOT_jar-_-any-3900698463571223130/webapp/,AVAILABLE}{jar:file:/home/runner/.m2/repository/org/apache/ozone/hdds-container-service/1.5.0-SNAPSHOT/hdds-container-service-1.5.0-SNAPSHOT.jar!/webapps/hddsDatanode}
2024-01-30 07:45:00,409 [main] INFO  server.AbstractConnector (AbstractConnector.java:doStart(333)) - Started ServerConnector@7c7b0f5d{HTTP/1.1, (http/1.1)}{0.0.0.0:15009}
2024-01-30 07:45:00,410 [main] INFO  server.Server (Server.java:doStart(415)) - Started @6178ms
2024-01-30 07:45:00,410 [main] WARN  impl.MetricsSystemImpl (MetricsSystemImpl.java:register(279)) - Sink prometheus already exists!
2024-01-30 07:45:00,411 [main] INFO  http.BaseHttpServer (BaseHttpServer.java:updateConnectorAddress(354)) - HTTP server of hddsDatanode listening at http://0.0.0.0:15009
2024-01-30 07:45:00,413 [main] INFO  ipc.CallQueueManager (CallQueueManager.java:<init>(90)) - Using callQueue: class java.util.concurrent.LinkedBlockingQueue, queueCapacity: 100, scheduler: class org.apache.hadoop.ipc.DefaultRpcScheduler, ipcBackoff: false.
2024-01-30 07:45:00,414 [main] INFO  ipc.Server (Server.java:<init>(1287)) - Listener at 0.0.0.0:15010
2024-01-30 07:45:00,416 [Socket Reader #1 for port 15010] INFO  ipc.Server (Server.java:run(1323)) - Starting Socket Reader #1 for port 15010
2024-01-30 07:45:00,419 [main] INFO  ozone.HddsDatanodeService (HddsDatanodeService.java:start(327)) - Datanode start with admins: [runner]
2024-01-30 07:45:00,419 [main] INFO  ozone.HddsDatanodeClientProtocolServer (HddsDatanodeClientProtocolServer.java:start(72)) - RPC server for Client /0.0.0.0:15010
2024-01-30 07:45:00,422 [IPC Server Responder] INFO  ipc.Server (Server.java:run(1562)) - IPC Server Responder: starting
2024-01-30 07:45:00,425 [IPC Server listener on 15010] INFO  ipc.Server (Server.java:run(1402)) - IPC Server listener on 15010: starting
2024-01-30 07:45:00,427 [68b35bab-6033-4329-aa6c-21b57b93715a-DatanodeStateMachineDaemonThread] INFO  statemachine.DatanodeStateMachine (DatanodeStateMachine.java:lambda$startDaemon$1(555)) - Ozone container server started.
2024-01-30 07:45:00,428 [main] WARN  dropwizard3.Dm3MetricRegistriesImpl (Dm3MetricRegistriesImpl.java:addReporterRegistration(113)) - New reporters are added after registries were created. Some metrics will be missing from the reporter. Please add reporter before adding any new registry.
2024-01-30 07:45:00,428 [main] WARN  dropwizard3.Dm3MetricRegistriesImpl (Dm3MetricRegistriesImpl.java:addReporterRegistration(113)) - New reporters are added after registries were created. Some metrics will be missing from the reporter. Please add reporter before adding any new registry.
2024-01-30 07:45:00,428 [main] INFO  impl.MetricsSystemImpl (MetricsSystemImpl.java:init(158)) - HddsDatanode metrics system started (again)
2024-01-30 07:45:00,438 [main] INFO  ozone.HddsDatanodeService (HddsDatanodeService.java:start(240)) - HddsDatanodeService host:fv-az1436-717.rp122gijlobebpuychzvuh3j3h.bx.internal.cloudapp.net ip:10.1.0.48
2024-01-30 07:45:00,456 [main] INFO  upgrade.AbstractLayoutVersionManager (AbstractLayoutVersionManager.java:init(83)) - Initializing Layout version manager with metadata layout = HADOOP_PRC_PORTS_IN_DATANODEDETAILS (version = 7), software layout = HADOOP_PRC_PORTS_IN_DATANODEDETAILS (version = 7)
2024-01-30 07:45:00,456 [main] INFO  statemachine.DatanodeStateMachine (DatanodeStateMachine.java:getEndPointTaskThreadPoolSize(299)) - Datanode State Machine Task Thread Pool size 2
2024-01-30 07:45:00,460 [main] INFO  volume.HddsVolume (HddsVolume.java:<init>(125)) - Creating HddsVolume: /home/runner/work/ozone/ozone/hadoop-ozone/integration-test/target/test-dir/MiniOzoneClusterImpl-b74639a9-f624-491a-a51e-4d41e99a633c/datanode-1/data-0/containers/hdds of storage type : DISK capacity : 9223372036854775807
2024-01-30 07:45:00,460 [main] INFO  volume.MutableVolumeSet (MutableVolumeSet.java:initializeVolumeSet(173)) - Added Volume : /home/runner/work/ozone/ozone/hadoop-ozone/integration-test/target/test-dir/MiniOzoneClusterImpl-b74639a9-f624-491a-a51e-4d41e99a633c/datanode-1/data-0/containers/hdds to VolumeSet
2024-01-30 07:45:00,462 [main] INFO  volume.MutableVolumeSet (MutableVolumeSet.java:initializeVolumeSet(173)) - Added Volume : /home/runner/work/ozone/ozone/hadoop-ozone/integration-test/target/test-dir/MiniOzoneClusterImpl-b74639a9-f624-491a-a51e-4d41e99a633c/datanode-1/data/ratis to VolumeSet
2024-01-30 07:45:00,463 [main] INFO  ozoneimpl.OzoneContainer (HddsVolumeUtil.java:loadAllHddsVolumeDbStore(103)) - Load 1 volumes DbStore cost: 0ms
2024-01-30 07:45:00,463 [eae9be92-4231-488a-b42d-6128b74e9292-ContainerReader-0] INFO  ozoneimpl.ContainerReader (ContainerReader.java:readVolume(178)) - Finish verifying containers on volume /home/runner/work/ozone/ozone/hadoop-ozone/integration-test/target/test-dir/MiniOzoneClusterImpl-b74639a9-f624-491a-a51e-4d41e99a633c/datanode-1/data-0/containers/hdds
2024-01-30 07:45:00,464 [main] INFO  ozoneimpl.OzoneContainer (OzoneContainer.java:buildContainerSet(328)) - Build ContainerSet costs 0s
2024-01-30 07:45:00,468 [main] INFO  server.RaftServer (ConfUtils.java:logGet(46)) - raft.rpc.type = GRPC (default)
2024-01-30 07:45:00,468 [main] INFO  grpc.GrpcConfigKeys (ConfUtils.java:logFallback(53)) - raft.grpc.admin.host = null (fallback to raft.grpc.server.host)
2024-01-30 07:45:00,468 [main] INFO  grpc.GrpcConfigKeys (ConfUtils.java:logGet(46)) - raft.grpc.admin.port = 15022 (custom)
2024-01-30 07:45:00,469 [main] INFO  grpc.GrpcConfigKeys (ConfUtils.java:logFallback(53)) - raft.grpc.client.host = null (fallback to raft.grpc.server.host)
2024-01-30 07:45:00,469 [main] INFO  grpc.GrpcConfigKeys (ConfUtils.java:logGet(46)) - raft.grpc.client.port = 15021 (custom)
2024-01-30 07:45:00,469 [main] INFO  grpc.GrpcConfigKeys (ConfUtils.java:logGet(46)) - raft.grpc.server.host = null (default)
2024-01-30 07:45:00,470 [main] INFO  grpc.GrpcConfigKeys (ConfUtils.java:logGet(46)) - raft.grpc.server.port = 15023 (custom)
2024-01-30 07:45:00,470 [main] INFO  server.GrpcService (ConfUtils.java:logGet(46)) - raft.grpc.message.size.max = 32MB (=33554432) (custom)
2024-01-30 07:45:00,470 [main] INFO  server.RaftServerConfigKeys (ConfUtils.java:logGet(46)) - raft.server.log.appender.buffer.byte-limit = 8388608 (custom)
2024-01-30 07:45:00,471 [main] INFO  server.GrpcService (ConfUtils.java:logGet(46)) - raft.grpc.flow.control.window = 5MB (=5242880) (custom)
2024-01-30 07:45:00,471 [main] INFO  server.RaftServerConfigKeys (ConfUtils.java:logGet(46)) - raft.server.rpc.request.timeout = 60s (custom)
2024-01-30 07:45:00,471 [main] INFO  grpc.GrpcConfigKeys (ConfUtils.java:logGet(46)) - raft.grpc.server.heartbeat.channel = true (default)
2024-01-30 07:45:00,472 [main] INFO  grpc.GrpcConfigKeys (ConfUtils.java:logGet(46)) - raft.grpc.server.async.request.thread.pool.cached = true (default)
2024-01-30 07:45:00,472 [main] INFO  grpc.GrpcConfigKeys (ConfUtils.java:logGet(46)) - raft.grpc.server.async.request.thread.pool.size = 32 (default)
2024-01-30 07:45:00,474 [main] INFO  impl.DataStreamServerImpl (ConfUtils.java:logGet(46)) - raft.datastream.type = NETTY (custom)
2024-01-30 07:45:00,475 [main] INFO  server.RaftServerConfigKeys (ConfUtils.java:logGet(46)) - raft.server.data-stream.async.request.thread.pool.cached = false (default)
2024-01-30 07:45:00,475 [main] INFO  server.RaftServerConfigKeys (ConfUtils.java:logGet(46)) - raft.server.data-stream.async.request.thread.pool.size = 20 (custom)
2024-01-30 07:45:00,475 [main] INFO  server.RaftServerConfigKeys (ConfUtils.java:logGet(46)) - raft.server.data-stream.async.write.thread.pool.size = 16 (default)
2024-01-30 07:45:00,476 [main] INFO  netty.NettyConfigKeys$DataStream (ConfUtils.java:logGet(46)) - raft.netty.dataStream.server.channel.inactive.grace-period = 10min (default)
2024-01-30 07:45:00,476 [main] INFO  server.RaftServerConfigKeys (ConfUtils.java:logGet(46)) - raft.server.data-stream.client.pool.size = 10 (default)
2024-01-30 07:45:00,476 [main] INFO  netty.NettyConfigKeys$DataStream (ConfUtils.java:logGet(46)) - raft.netty.dataStream.server.use-epoll = true (default)
2024-01-30 07:45:00,476 [main] INFO  netty.NettyConfigKeys$DataStream (ConfUtils.java:logGet(46)) - raft.netty.dataStream.server.boss-group.size = 0 (default)
2024-01-30 07:45:00,477 [main] INFO  netty.NettyUtils (NettyUtils.java:newEventLoopGroup(69)) - Create EpollEventLoopGroup for eae9be92-4231-488a-b42d-6128b74e9292-NettyServerStreamRpc-bossGroup; Thread size is 0.
2024-01-30 07:45:00,477 [main] INFO  netty.NettyConfigKeys$DataStream (ConfUtils.java:logGet(46)) - raft.netty.dataStream.server.worker-group.size = 0 (default)
2024-01-30 07:45:00,478 [main] INFO  netty.NettyUtils (NettyUtils.java:newEventLoopGroup(69)) - Create EpollEventLoopGroup for eae9be92-4231-488a-b42d-6128b74e9292-NettyServerStreamRpc-workerGroup; Thread size is 0.
2024-01-30 07:45:00,478 [main] INFO  netty.NettyConfigKeys$DataStream (ConfUtils.java:logGet(46)) - raft.netty.dataStream.server.tls.conf = null (default)
2024-01-30 07:45:00,479 [main] INFO  netty.NettyConfigKeys$DataStream (ConfUtils.java:logGet(46)) - raft.netty.dataStream.host = null (default)
2024-01-30 07:45:00,479 [main] INFO  netty.NettyConfigKeys$DataStream (ConfUtils.java:logGet(46)) - raft.netty.dataStream.port = 15024 (custom)
2024-01-30 07:45:00,480 [main] INFO  server.RaftServerConfigKeys (ConfUtils.java:logGet(46)) - raft.server.sleep.deviation.threshold = 300ms (default)
2024-01-30 07:45:00,480 [main] INFO  server.RaftServerConfigKeys (ConfUtils.java:logGet(46)) - raft.server.close.threshold = 60s (default)
2024-01-30 07:45:00,482 [eae9be92-4231-488a-b42d-6128b74e9292-NettyServerStreamRpc-bossGroup--thread1] INFO  logging.LoggingHandler (AbstractInternalLogger.java:log(148)) - [id: 0xbfd9efe9] REGISTERED
2024-01-30 07:45:00,483 [main] INFO  server.RaftServerConfigKeys (ConfUtils.java:logGet(46)) - raft.server.leaderelection.leader.step-down.wait-time = 10s (default)
2024-01-30 07:45:00,483 [eae9be92-4231-488a-b42d-6128b74e9292-NettyServerStreamRpc-bossGroup--thread1] INFO  logging.LoggingHandler (AbstractInternalLogger.java:log(148)) - [id: 0xbfd9efe9] BIND: 0.0.0.0/0.0.0.0:15024
2024-01-30 07:45:00,483 [eae9be92-4231-488a-b42d-6128b74e9292-NettyServerStreamRpc-bossGroup--thread1] INFO  logging.LoggingHandler (AbstractInternalLogger.java:log(148)) - [id: 0xbfd9efe9, L:/0.0.0.0:15024] ACTIVE
2024-01-30 07:45:00,483 [main] INFO  server.RaftServerConfigKeys (ConfUtils.java:logGet(46)) - raft.server.storage.dir = [/home/runner/work/ozone/ozone/hadoop-ozone/integration-test/target/test-dir/MiniOzoneClusterImpl-b74639a9-f624-491a-a51e-4d41e99a633c/datanode-1/data/ratis] (custom)
2024-01-30 07:45:00,484 [main] INFO  server.RaftServerConfigKeys (ConfUtils.java:logGet(46)) - raft.server.threadpool.proxy.cached = true (default)
2024-01-30 07:45:00,484 [main] INFO  server.RaftServerConfigKeys (ConfUtils.java:logGet(46)) - raft.server.threadpool.proxy.size = 0 (default)
2024-01-30 07:45:00,485 [eae9be92-4231-488a-b42d-6128b74e9292-impl-thread1] INFO  server.RaftServer (RaftServerProxy.java:initGroupDir(264)) - eae9be92-4231-488a-b42d-6128b74e9292: found a subdirectory /home/runner/work/ozone/ozone/hadoop-ozone/integration-test/target/test-dir/MiniOzoneClusterImpl-b74639a9-f624-491a-a51e-4d41e99a633c/datanode-1/data/ratis/tmp
2024-01-30 07:45:00,485 [eae9be92-4231-488a-b42d-6128b74e9292-impl-thread1] INFO  server.RaftServer (RaftServerProxy.java:initGroupDir(269)) - eae9be92-4231-488a-b42d-6128b74e9292: The directory /home/runner/work/ozone/ozone/hadoop-ozone/integration-test/target/test-dir/MiniOzoneClusterImpl-b74639a9-f624-491a-a51e-4d41e99a633c/datanode-1/data/ratis/tmp is not a group directory; ignoring it. 
2024-01-30 07:45:00,485 [main] INFO  replication.ReplicationServer (ReplicationServer.java:<init>(86)) - Initializing replication server with thread count = 10 queue length = 4096
2024-01-30 07:45:00,486 [main] INFO  server.XceiverServerGrpc (XceiverServerGrpc.java:<init>(141)) - GrpcServer channel type EpollServerSocketChannel
2024-01-30 07:45:00,508 [main] INFO  replication.ReplicationSupervisor (ReplicationSupervisor.java:build(163)) - Initializing replication supervisor with thread count = 10
2024-01-30 07:45:00,509 [main] INFO  replication.ReplicationSupervisor (ReplicationSupervisor.java:nodeStateUpdated(317)) - Node state updated to IN_SERVICE, scaling executor pool size to 10
2024-01-30 07:45:00,511 [main] INFO  http.BaseHttpServer (BaseHttpServer.java:newHttpServer2BuilderForOzone(223)) - Starting Web-server for hddsDatanode at: http://0.0.0.0:15018
2024-01-30 07:45:00,512 [main] INFO  http.BaseHttpServer (BaseHttpServer.java:<init>(110)) - Hadoop Security Enabled: false Ozone Security Enabled: false Ozone HTTP Security Enabled: false 
2024-01-30 07:45:00,513 [main] WARN  server.AuthenticationFilter (AuthenticationFilter.java:constructSecretProvider(240)) - Unable to initialize FileSignerSecretProvider, falling back to use random secrets. Reason: Could not read signature secret file: /home/runner/hadoop-http-auth-signature-secret
2024-01-30 07:45:00,514 [main] INFO  http.HttpRequestLog (HttpRequestLog.java:getRequestLog(86)) - Http request log for http.requests.hddsDatanode is not defined
2024-01-30 07:45:00,515 [main] INFO  http.HttpServer2 (HttpServer2.java:addGlobalFilter(1036)) - Added global filter 'safety' (class=org.apache.hadoop.hdds.server.http.HttpServer2$QuotingInputFilter)
2024-01-30 07:45:00,519 [main] INFO  http.HttpServer2 (HttpServer2.java:addFilter(1012)) - Added filter static_user_filter (class=org.apache.hadoop.http.lib.StaticUserWebFilter$StaticUserFilter) to context hddsDatanode
2024-01-30 07:45:00,520 [main] INFO  http.HttpServer2 (HttpServer2.java:addFilter(1020)) - Added filter static_user_filter (class=org.apache.hadoop.http.lib.StaticUserWebFilter$StaticUserFilter) to context static
2024-01-30 07:45:00,520 [main] INFO  http.HttpServer2 (HttpServer2.java:addFilter(1020)) - Added filter static_user_filter (class=org.apache.hadoop.http.lib.StaticUserWebFilter$StaticUserFilter) to context logs
2024-01-30 07:45:00,521 [main] INFO  http.BaseHttpServer (BaseHttpServer.java:<init>(189)) - HTTP server of hddsDatanode uses base directory /home/runner/work/ozone/ozone/hadoop-ozone/integration-test/target/test-dir/MiniOzoneClusterImpl-b74639a9-f624-491a-a51e-4d41e99a633c/datanode-1/meta/webserver
2024-01-30 07:45:00,521 [main] INFO  http.HttpServer2 (HttpServer2.java:bindListener(1236)) - Jetty bound to port 15018
2024-01-30 07:45:00,521 [main] INFO  server.Server (Server.java:doStart(375)) - jetty-9.4.53.v20231009; built: 2023-10-09T12:29:09.265Z; git: 27bde00a0b95a1d5bbee0eae7984f891d2d0f8c9; jvm 1.8.0_392-b08
2024-01-30 07:45:00,522 [main] INFO  server.session (DefaultSessionIdManager.java:doStart(334)) - DefaultSessionIdManager workerName=node0
2024-01-30 07:45:00,523 [main] INFO  server.session (DefaultSessionIdManager.java:doStart(339)) - No SessionScavenger set, using defaults
2024-01-30 07:45:00,523 [main] INFO  server.session (HouseKeeper.java:startScavenging(132)) - node0 Scavenging every 600000ms
2024-01-30 07:45:00,524 [main] INFO  handler.ContextHandler (ContextHandler.java:doStart(921)) - Started o.e.j.s.ServletContextHandler@7e4093d3{logs,/logs,file:///home/runner/work/ozone/ozone/hadoop-ozone/integration-test/target/log,AVAILABLE}
2024-01-30 07:45:00,524 [main] INFO  handler.ContextHandler (ContextHandler.java:doStart(921)) - Started o.e.j.s.ServletContextHandler@1bb8de48{static,/static,jar:file:/home/runner/.m2/repository/org/apache/ozone/hdds-container-service/1.5.0-SNAPSHOT/hdds-container-service-1.5.0-SNAPSHOT.jar!/webapps/static,AVAILABLE}
2024-01-30 07:45:00,536 [68b35bab-6033-4329-aa6c-21b57b93715a-DatanodeStateMachineTaskThread-0] INFO  datanode.InitDatanodeState (InitDatanodeState.java:persistContainerDatanodeDetails(139)) - DatanodeDetails is persisted to /home/runner/work/ozone/ozone/hadoop-ozone/integration-test/target/test-dir/MiniOzoneClusterImpl-b74639a9-f624-491a-a51e-4d41e99a633c/datanode-0/meta/datanode.id
2024-01-30 07:45:00,568 [main] INFO  handler.ContextHandler (ContextHandler.java:doStart(921)) - Started o.e.j.w.WebAppContext@69f8cec8{hddsDatanode,/,file:///home/runner/work/ozone/ozone/hadoop-ozone/integration-test/target/test-dir/MiniOzoneClusterImpl-b74639a9-f624-491a-a51e-4d41e99a633c/datanode-1/meta/webserver/jetty-0_0_0_0-15018-hdds-container-service-1_5_0-SNAPSHOT_jar-_-any-8376845720027924371/webapp/,AVAILABLE}{jar:file:/home/runner/.m2/repository/org/apache/ozone/hdds-container-service/1.5.0-SNAPSHOT/hdds-container-service-1.5.0-SNAPSHOT.jar!/webapps/hddsDatanode}
2024-01-30 07:45:00,569 [main] INFO  server.AbstractConnector (AbstractConnector.java:doStart(333)) - Started ServerConnector@3ba7bae2{HTTP/1.1, (http/1.1)}{0.0.0.0:15018}
2024-01-30 07:45:00,569 [main] INFO  server.Server (Server.java:doStart(415)) - Started @6337ms
2024-01-30 07:45:00,569 [main] WARN  impl.MetricsSystemImpl (MetricsSystemImpl.java:register(279)) - Sink prometheus already exists!
2024-01-30 07:45:00,570 [main] INFO  http.BaseHttpServer (BaseHttpServer.java:updateConnectorAddress(354)) - HTTP server of hddsDatanode listening at http://0.0.0.0:15018
2024-01-30 07:45:00,570 [main] INFO  ipc.CallQueueManager (CallQueueManager.java:<init>(90)) - Using callQueue: class java.util.concurrent.LinkedBlockingQueue, queueCapacity: 100, scheduler: class org.apache.hadoop.ipc.DefaultRpcScheduler, ipcBackoff: false.
2024-01-30 07:45:00,570 [main] INFO  ipc.Server (Server.java:<init>(1287)) - Listener at 0.0.0.0:15019
2024-01-30 07:45:00,571 [Socket Reader #1 for port 15019] INFO  ipc.Server (Server.java:run(1323)) - Starting Socket Reader #1 for port 15019
2024-01-30 07:45:00,573 [main] INFO  ozone.HddsDatanodeService (HddsDatanodeService.java:start(327)) - Datanode start with admins: [runner]
2024-01-30 07:45:00,573 [main] INFO  ozone.HddsDatanodeClientProtocolServer (HddsDatanodeClientProtocolServer.java:start(72)) - RPC server for Client /0.0.0.0:15019
2024-01-30 07:45:00,574 [IPC Server Responder] INFO  ipc.Server (Server.java:run(1562)) - IPC Server Responder: starting
2024-01-30 07:45:00,574 [IPC Server listener on 15019] INFO  ipc.Server (Server.java:run(1402)) - IPC Server listener on 15019: starting
2024-01-30 07:45:00,579 [eae9be92-4231-488a-b42d-6128b74e9292-DatanodeStateMachineDaemonThread] INFO  statemachine.DatanodeStateMachine (DatanodeStateMachine.java:lambda$startDaemon$1(555)) - Ozone container server started.
2024-01-30 07:45:00,579 [main] WARN  dropwizard3.Dm3MetricRegistriesImpl (Dm3MetricRegistriesImpl.java:addReporterRegistration(113)) - New reporters are added after registries were created. Some metrics will be missing from the reporter. Please add reporter before adding any new registry.
2024-01-30 07:45:00,580 [main] WARN  dropwizard3.Dm3MetricRegistriesImpl (Dm3MetricRegistriesImpl.java:addReporterRegistration(113)) - New reporters are added after registries were created. Some metrics will be missing from the reporter. Please add reporter before adding any new registry.
2024-01-30 07:45:00,580 [main] INFO  impl.MetricsSystemImpl (MetricsSystemImpl.java:init(158)) - HddsDatanode metrics system started (again)
2024-01-30 07:45:00,587 [eae9be92-4231-488a-b42d-6128b74e9292-DatanodeStateMachineTaskThread-0] INFO  datanode.InitDatanodeState (InitDatanodeState.java:persistContainerDatanodeDetails(139)) - DatanodeDetails is persisted to /home/runner/work/ozone/ozone/hadoop-ozone/integration-test/target/test-dir/MiniOzoneClusterImpl-b74639a9-f624-491a-a51e-4d41e99a633c/datanode-1/meta/datanode.id
2024-01-30 07:45:00,592 [main] INFO  ozone.HddsDatanodeService (HddsDatanodeService.java:start(240)) - HddsDatanodeService host:fv-az1436-717.rp122gijlobebpuychzvuh3j3h.bx.internal.cloudapp.net ip:10.1.0.48
2024-01-30 07:45:00,609 [main] INFO  upgrade.AbstractLayoutVersionManager (AbstractLayoutVersionManager.java:init(83)) - Initializing Layout version manager with metadata layout = HADOOP_PRC_PORTS_IN_DATANODEDETAILS (version = 7), software layout = HADOOP_PRC_PORTS_IN_DATANODEDETAILS (version = 7)
2024-01-30 07:45:00,610 [main] INFO  statemachine.DatanodeStateMachine (DatanodeStateMachine.java:getEndPointTaskThreadPoolSize(299)) - Datanode State Machine Task Thread Pool size 2
2024-01-30 07:45:00,613 [main] INFO  volume.HddsVolume (HddsVolume.java:<init>(125)) - Creating HddsVolume: /home/runner/work/ozone/ozone/hadoop-ozone/integration-test/target/test-dir/MiniOzoneClusterImpl-b74639a9-f624-491a-a51e-4d41e99a633c/datanode-2/data-0/containers/hdds of storage type : DISK capacity : 9223372036854775807
2024-01-30 07:45:00,613 [main] INFO  volume.MutableVolumeSet (MutableVolumeSet.java:initializeVolumeSet(173)) - Added Volume : /home/runner/work/ozone/ozone/hadoop-ozone/integration-test/target/test-dir/MiniOzoneClusterImpl-b74639a9-f624-491a-a51e-4d41e99a633c/datanode-2/data-0/containers/hdds to VolumeSet
2024-01-30 07:45:00,615 [main] INFO  volume.MutableVolumeSet (MutableVolumeSet.java:initializeVolumeSet(173)) - Added Volume : /home/runner/work/ozone/ozone/hadoop-ozone/integration-test/target/test-dir/MiniOzoneClusterImpl-b74639a9-f624-491a-a51e-4d41e99a633c/datanode-2/data/ratis to VolumeSet
2024-01-30 07:45:00,615 [main] INFO  ozoneimpl.OzoneContainer (HddsVolumeUtil.java:loadAllHddsVolumeDbStore(103)) - Load 1 volumes DbStore cost: 0ms
2024-01-30 07:45:00,616 [bf3622ab-3fe7-408a-b5e0-736b392a243c-ContainerReader-0] INFO  ozoneimpl.ContainerReader (ContainerReader.java:readVolume(178)) - Finish verifying containers on volume /home/runner/work/ozone/ozone/hadoop-ozone/integration-test/target/test-dir/MiniOzoneClusterImpl-b74639a9-f624-491a-a51e-4d41e99a633c/datanode-2/data-0/containers/hdds
2024-01-30 07:45:00,616 [main] INFO  ozoneimpl.OzoneContainer (OzoneContainer.java:buildContainerSet(328)) - Build ContainerSet costs 0s
2024-01-30 07:45:00,620 [main] INFO  server.RaftServer (ConfUtils.java:logGet(46)) - raft.rpc.type = GRPC (default)
2024-01-30 07:45:00,620 [main] INFO  grpc.GrpcConfigKeys (ConfUtils.java:logFallback(53)) - raft.grpc.admin.host = null (fallback to raft.grpc.server.host)
2024-01-30 07:45:00,620 [main] INFO  grpc.GrpcConfigKeys (ConfUtils.java:logGet(46)) - raft.grpc.admin.port = 15031 (custom)
2024-01-30 07:45:00,621 [main] INFO  grpc.GrpcConfigKeys (ConfUtils.java:logFallback(53)) - raft.grpc.client.host = null (fallback to raft.grpc.server.host)
2024-01-30 07:45:00,621 [main] INFO  grpc.GrpcConfigKeys (ConfUtils.java:logGet(46)) - raft.grpc.client.port = 15030 (custom)
2024-01-30 07:45:00,621 [main] INFO  grpc.GrpcConfigKeys (ConfUtils.java:logGet(46)) - raft.grpc.server.host = null (default)
2024-01-30 07:45:00,621 [main] INFO  grpc.GrpcConfigKeys (ConfUtils.java:logGet(46)) - raft.grpc.server.port = 15032 (custom)
2024-01-30 07:45:00,621 [main] INFO  server.GrpcService (ConfUtils.java:logGet(46)) - raft.grpc.message.size.max = 32MB (=33554432) (custom)
2024-01-30 07:45:00,622 [main] INFO  server.RaftServerConfigKeys (ConfUtils.java:logGet(46)) - raft.server.log.appender.buffer.byte-limit = 8388608 (custom)
2024-01-30 07:45:00,622 [main] INFO  server.GrpcService (ConfUtils.java:logGet(46)) - raft.grpc.flow.control.window = 5MB (=5242880) (custom)
2024-01-30 07:45:00,622 [main] INFO  server.RaftServerConfigKeys (ConfUtils.java:logGet(46)) - raft.server.rpc.request.timeout = 60s (custom)
2024-01-30 07:45:00,622 [main] INFO  grpc.GrpcConfigKeys (ConfUtils.java:logGet(46)) - raft.grpc.server.heartbeat.channel = true (default)
2024-01-30 07:45:00,623 [main] INFO  grpc.GrpcConfigKeys (ConfUtils.java:logGet(46)) - raft.grpc.server.async.request.thread.pool.cached = true (default)
2024-01-30 07:45:00,623 [main] INFO  grpc.GrpcConfigKeys (ConfUtils.java:logGet(46)) - raft.grpc.server.async.request.thread.pool.size = 32 (default)
2024-01-30 07:45:00,625 [main] INFO  impl.DataStreamServerImpl (ConfUtils.java:logGet(46)) - raft.datastream.type = NETTY (custom)
2024-01-30 07:45:00,625 [main] INFO  server.RaftServerConfigKeys (ConfUtils.java:logGet(46)) - raft.server.data-stream.async.request.thread.pool.cached = false (default)
2024-01-30 07:45:00,625 [main] INFO  server.RaftServerConfigKeys (ConfUtils.java:logGet(46)) - raft.server.data-stream.async.request.thread.pool.size = 20 (custom)
2024-01-30 07:45:00,626 [main] INFO  server.RaftServerConfigKeys (ConfUtils.java:logGet(46)) - raft.server.data-stream.async.write.thread.pool.size = 16 (default)
2024-01-30 07:45:00,626 [main] INFO  netty.NettyConfigKeys$DataStream (ConfUtils.java:logGet(46)) - raft.netty.dataStream.server.channel.inactive.grace-period = 10min (default)
2024-01-30 07:45:00,626 [main] INFO  server.RaftServerConfigKeys (ConfUtils.java:logGet(46)) - raft.server.data-stream.client.pool.size = 10 (default)
2024-01-30 07:45:00,626 [main] INFO  netty.NettyConfigKeys$DataStream (ConfUtils.java:logGet(46)) - raft.netty.dataStream.server.use-epoll = true (default)
2024-01-30 07:45:00,626 [main] INFO  netty.NettyConfigKeys$DataStream (ConfUtils.java:logGet(46)) - raft.netty.dataStream.server.boss-group.size = 0 (default)
2024-01-30 07:45:00,626 [main] INFO  netty.NettyUtils (NettyUtils.java:newEventLoopGroup(69)) - Create EpollEventLoopGroup for bf3622ab-3fe7-408a-b5e0-736b392a243c-NettyServerStreamRpc-bossGroup; Thread size is 0.
2024-01-30 07:45:00,627 [main] INFO  netty.NettyConfigKeys$DataStream (ConfUtils.java:logGet(46)) - raft.netty.dataStream.server.worker-group.size = 0 (default)
2024-01-30 07:45:00,627 [main] INFO  netty.NettyUtils (NettyUtils.java:newEventLoopGroup(69)) - Create EpollEventLoopGroup for bf3622ab-3fe7-408a-b5e0-736b392a243c-NettyServerStreamRpc-workerGroup; Thread size is 0.
2024-01-30 07:45:00,627 [main] INFO  netty.NettyConfigKeys$DataStream (ConfUtils.java:logGet(46)) - raft.netty.dataStream.server.tls.conf = null (default)
2024-01-30 07:45:00,627 [main] INFO  netty.NettyConfigKeys$DataStream (ConfUtils.java:logGet(46)) - raft.netty.dataStream.host = null (default)
2024-01-30 07:45:00,628 [main] INFO  netty.NettyConfigKeys$DataStream (ConfUtils.java:logGet(46)) - raft.netty.dataStream.port = 15033 (custom)
2024-01-30 07:45:00,628 [main] INFO  server.RaftServerConfigKeys (ConfUtils.java:logGet(46)) - raft.server.sleep.deviation.threshold = 300ms (default)
2024-01-30 07:45:00,629 [main] INFO  server.RaftServerConfigKeys (ConfUtils.java:logGet(46)) - raft.server.close.threshold = 60s (default)
2024-01-30 07:45:00,629 [main] INFO  server.RaftServerConfigKeys (ConfUtils.java:logGet(46)) - raft.server.leaderelection.leader.step-down.wait-time = 10s (default)
2024-01-30 07:45:00,629 [main] INFO  server.RaftServerConfigKeys (ConfUtils.java:logGet(46)) - raft.server.storage.dir = [/home/runner/work/ozone/ozone/hadoop-ozone/integration-test/target/test-dir/MiniOzoneClusterImpl-b74639a9-f624-491a-a51e-4d41e99a633c/datanode-2/data/ratis] (custom)
2024-01-30 07:45:00,630 [bf3622ab-3fe7-408a-b5e0-736b392a243c-NettyServerStreamRpc-bossGroup--thread1] INFO  logging.LoggingHandler (AbstractInternalLogger.java:log(148)) - [id: 0x751a9eb9] REGISTERED
2024-01-30 07:45:00,630 [main] INFO  server.RaftServerConfigKeys (ConfUtils.java:logGet(46)) - raft.server.threadpool.proxy.cached = true (default)
2024-01-30 07:45:00,631 [main] INFO  server.RaftServerConfigKeys (ConfUtils.java:logGet(46)) - raft.server.threadpool.proxy.size = 0 (default)
2024-01-30 07:45:00,630 [bf3622ab-3fe7-408a-b5e0-736b392a243c-NettyServerStreamRpc-bossGroup--thread1] INFO  logging.LoggingHandler (AbstractInternalLogger.java:log(148)) - [id: 0x751a9eb9] BIND: 0.0.0.0/0.0.0.0:15033
2024-01-30 07:45:00,631 [bf3622ab-3fe7-408a-b5e0-736b392a243c-NettyServerStreamRpc-bossGroup--thread1] INFO  logging.LoggingHandler (AbstractInternalLogger.java:log(148)) - [id: 0x751a9eb9, L:/0.0.0.0:15033] ACTIVE
2024-01-30 07:45:00,632 [bf3622ab-3fe7-408a-b5e0-736b392a243c-impl-thread1] INFO  server.RaftServer (RaftServerProxy.java:initGroupDir(264)) - bf3622ab-3fe7-408a-b5e0-736b392a243c: found a subdirectory /home/runner/work/ozone/ozone/hadoop-ozone/integration-test/target/test-dir/MiniOzoneClusterImpl-b74639a9-f624-491a-a51e-4d41e99a633c/datanode-2/data/ratis/tmp
2024-01-30 07:45:00,632 [bf3622ab-3fe7-408a-b5e0-736b392a243c-impl-thread1] INFO  server.RaftServer (RaftServerProxy.java:initGroupDir(269)) - bf3622ab-3fe7-408a-b5e0-736b392a243c: The directory /home/runner/work/ozone/ozone/hadoop-ozone/integration-test/target/test-dir/MiniOzoneClusterImpl-b74639a9-f624-491a-a51e-4d41e99a633c/datanode-2/data/ratis/tmp is not a group directory; ignoring it. 
2024-01-30 07:45:00,632 [main] INFO  replication.ReplicationServer (ReplicationServer.java:<init>(86)) - Initializing replication server with thread count = 10 queue length = 4096
2024-01-30 07:45:00,633 [main] INFO  server.XceiverServerGrpc (XceiverServerGrpc.java:<init>(141)) - GrpcServer channel type EpollServerSocketChannel
2024-01-30 07:45:00,635 [main] INFO  replication.ReplicationSupervisor (ReplicationSupervisor.java:build(163)) - Initializing replication supervisor with thread count = 10
2024-01-30 07:45:00,636 [main] INFO  replication.ReplicationSupervisor (ReplicationSupervisor.java:nodeStateUpdated(317)) - Node state updated to IN_SERVICE, scaling executor pool size to 10
2024-01-30 07:45:00,638 [main] INFO  http.BaseHttpServer (BaseHttpServer.java:newHttpServer2BuilderForOzone(223)) - Starting Web-server for hddsDatanode at: http://0.0.0.0:15027
2024-01-30 07:45:00,638 [main] INFO  http.BaseHttpServer (BaseHttpServer.java:<init>(110)) - Hadoop Security Enabled: false Ozone Security Enabled: false Ozone HTTP Security Enabled: false 
2024-01-30 07:45:00,639 [main] WARN  server.AuthenticationFilter (AuthenticationFilter.java:constructSecretProvider(240)) - Unable to initialize FileSignerSecretProvider, falling back to use random secrets. Reason: Could not read signature secret file: /home/runner/hadoop-http-auth-signature-secret
2024-01-30 07:45:00,640 [main] INFO  http.HttpRequestLog (HttpRequestLog.java:getRequestLog(86)) - Http request log for http.requests.hddsDatanode is not defined
2024-01-30 07:45:00,641 [main] INFO  http.HttpServer2 (HttpServer2.java:addGlobalFilter(1036)) - Added global filter 'safety' (class=org.apache.hadoop.hdds.server.http.HttpServer2$QuotingInputFilter)
2024-01-30 07:45:00,642 [main] INFO  http.HttpServer2 (HttpServer2.java:addFilter(1012)) - Added filter static_user_filter (class=org.apache.hadoop.http.lib.StaticUserWebFilter$StaticUserFilter) to context hddsDatanode
2024-01-30 07:45:00,642 [main] INFO  http.HttpServer2 (HttpServer2.java:addFilter(1020)) - Added filter static_user_filter (class=org.apache.hadoop.http.lib.StaticUserWebFilter$StaticUserFilter) to context logs
2024-01-30 07:45:00,642 [main] INFO  http.HttpServer2 (HttpServer2.java:addFilter(1020)) - Added filter static_user_filter (class=org.apache.hadoop.http.lib.StaticUserWebFilter$StaticUserFilter) to context static
2024-01-30 07:45:00,643 [main] INFO  http.BaseHttpServer (BaseHttpServer.java:<init>(189)) - HTTP server of hddsDatanode uses base directory /home/runner/work/ozone/ozone/hadoop-ozone/integration-test/target/test-dir/MiniOzoneClusterImpl-b74639a9-f624-491a-a51e-4d41e99a633c/datanode-2/meta/webserver
2024-01-30 07:45:00,643 [main] INFO  http.HttpServer2 (HttpServer2.java:bindListener(1236)) - Jetty bound to port 15027
2024-01-30 07:45:00,643 [main] INFO  server.Server (Server.java:doStart(375)) - jetty-9.4.53.v20231009; built: 2023-10-09T12:29:09.265Z; git: 27bde00a0b95a1d5bbee0eae7984f891d2d0f8c9; jvm 1.8.0_392-b08
2024-01-30 07:45:00,646 [main] INFO  server.session (DefaultSessionIdManager.java:doStart(334)) - DefaultSessionIdManager workerName=node0
2024-01-30 07:45:00,646 [main] INFO  server.session (DefaultSessionIdManager.java:doStart(339)) - No SessionScavenger set, using defaults
2024-01-30 07:45:00,646 [main] INFO  server.session (HouseKeeper.java:startScavenging(132)) - node0 Scavenging every 660000ms
2024-01-30 07:45:00,647 [main] INFO  handler.ContextHandler (ContextHandler.java:doStart(921)) - Started o.e.j.s.ServletContextHandler@66b4a0e4{logs,/logs,file:///home/runner/work/ozone/ozone/hadoop-ozone/integration-test/target/log,AVAILABLE}
2024-01-30 07:45:00,647 [main] INFO  handler.ContextHandler (ContextHandler.java:doStart(921)) - Started o.e.j.s.ServletContextHandler@17e0fabe{static,/static,jar:file:/home/runner/.m2/repository/org/apache/ozone/hdds-container-service/1.5.0-SNAPSHOT/hdds-container-service-1.5.0-SNAPSHOT.jar!/webapps/static,AVAILABLE}
2024-01-30 07:45:00,681 [main] INFO  handler.ContextHandler (ContextHandler.java:doStart(921)) - Started o.e.j.w.WebAppContext@78a686e3{hddsDatanode,/,file:///home/runner/work/ozone/ozone/hadoop-ozone/integration-test/target/test-dir/MiniOzoneClusterImpl-b74639a9-f624-491a-a51e-4d41e99a633c/datanode-2/meta/webserver/jetty-0_0_0_0-15027-hdds-container-service-1_5_0-SNAPSHOT_jar-_-any-4462001963617260968/webapp/,AVAILABLE}{jar:file:/home/runner/.m2/repository/org/apache/ozone/hdds-container-service/1.5.0-SNAPSHOT/hdds-container-service-1.5.0-SNAPSHOT.jar!/webapps/hddsDatanode}
2024-01-30 07:45:00,683 [main] INFO  server.AbstractConnector (AbstractConnector.java:doStart(333)) - Started ServerConnector@29ad2fa0{HTTP/1.1, (http/1.1)}{0.0.0.0:15027}
2024-01-30 07:45:00,683 [main] INFO  server.Server (Server.java:doStart(415)) - Started @6451ms
2024-01-30 07:45:00,683 [main] WARN  impl.MetricsSystemImpl (MetricsSystemImpl.java:register(279)) - Sink prometheus already exists!
2024-01-30 07:45:00,684 [main] INFO  http.BaseHttpServer (BaseHttpServer.java:updateConnectorAddress(354)) - HTTP server of hddsDatanode listening at http://0.0.0.0:15027
2024-01-30 07:45:00,684 [main] INFO  ipc.CallQueueManager (CallQueueManager.java:<init>(90)) - Using callQueue: class java.util.concurrent.LinkedBlockingQueue, queueCapacity: 100, scheduler: class org.apache.hadoop.ipc.DefaultRpcScheduler, ipcBackoff: false.
2024-01-30 07:45:00,685 [main] INFO  ipc.Server (Server.java:<init>(1287)) - Listener at 0.0.0.0:15028
2024-01-30 07:45:00,686 [Socket Reader #1 for port 15028] INFO  ipc.Server (Server.java:run(1323)) - Starting Socket Reader #1 for port 15028
2024-01-30 07:45:00,692 [main] INFO  ozone.HddsDatanodeService (HddsDatanodeService.java:start(327)) - Datanode start with admins: [runner]
2024-01-30 07:45:00,693 [main] INFO  ozone.HddsDatanodeClientProtocolServer (HddsDatanodeClientProtocolServer.java:start(72)) - RPC server for Client /0.0.0.0:15028
2024-01-30 07:45:00,693 [IPC Server Responder] INFO  ipc.Server (Server.java:run(1562)) - IPC Server Responder: starting
2024-01-30 07:45:00,694 [IPC Server listener on 15028] INFO  ipc.Server (Server.java:run(1402)) - IPC Server listener on 15028: starting
2024-01-30 07:45:00,707 [bf3622ab-3fe7-408a-b5e0-736b392a243c-DatanodeStateMachineDaemonThread] INFO  statemachine.DatanodeStateMachine (DatanodeStateMachine.java:lambda$startDaemon$1(555)) - Ozone container server started.
2024-01-30 07:45:00,707 [main] WARN  dropwizard3.Dm3MetricRegistriesImpl (Dm3MetricRegistriesImpl.java:addReporterRegistration(113)) - New reporters are added after registries were created. Some metrics will be missing from the reporter. Please add reporter before adding any new registry.
2024-01-30 07:45:00,707 [main] WARN  dropwizard3.Dm3MetricRegistriesImpl (Dm3MetricRegistriesImpl.java:addReporterRegistration(113)) - New reporters are added after registries were created. Some metrics will be missing from the reporter. Please add reporter before adding any new registry.
2024-01-30 07:45:00,708 [main] INFO  impl.MetricsSystemImpl (MetricsSystemImpl.java:init(158)) - HddsDatanode metrics system started (again)
2024-01-30 07:45:00,718 [main] INFO  ozone.HddsDatanodeService (HddsDatanodeService.java:start(240)) - HddsDatanodeService host:fv-az1436-717.rp122gijlobebpuychzvuh3j3h.bx.internal.cloudapp.net ip:10.1.0.48
2024-01-30 07:45:00,728 [bf3622ab-3fe7-408a-b5e0-736b392a243c-DatanodeStateMachineTaskThread-0] INFO  datanode.InitDatanodeState (InitDatanodeState.java:persistContainerDatanodeDetails(139)) - DatanodeDetails is persisted to /home/runner/work/ozone/ozone/hadoop-ozone/integration-test/target/test-dir/MiniOzoneClusterImpl-b74639a9-f624-491a-a51e-4d41e99a633c/datanode-2/meta/datanode.id
2024-01-30 07:45:00,742 [main] INFO  upgrade.AbstractLayoutVersionManager (AbstractLayoutVersionManager.java:init(83)) - Initializing Layout version manager with metadata layout = HADOOP_PRC_PORTS_IN_DATANODEDETAILS (version = 7), software layout = HADOOP_PRC_PORTS_IN_DATANODEDETAILS (version = 7)
2024-01-30 07:45:00,743 [main] INFO  statemachine.DatanodeStateMachine (DatanodeStateMachine.java:getEndPointTaskThreadPoolSize(299)) - Datanode State Machine Task Thread Pool size 2
2024-01-30 07:45:00,747 [main] INFO  volume.HddsVolume (HddsVolume.java:<init>(125)) - Creating HddsVolume: /home/runner/work/ozone/ozone/hadoop-ozone/integration-test/target/test-dir/MiniOzoneClusterImpl-b74639a9-f624-491a-a51e-4d41e99a633c/datanode-3/data-0/containers/hdds of storage type : DISK capacity : 9223372036854775807
2024-01-30 07:45:00,748 [main] INFO  volume.MutableVolumeSet (MutableVolumeSet.java:initializeVolumeSet(173)) - Added Volume : /home/runner/work/ozone/ozone/hadoop-ozone/integration-test/target/test-dir/MiniOzoneClusterImpl-b74639a9-f624-491a-a51e-4d41e99a633c/datanode-3/data-0/containers/hdds to VolumeSet
2024-01-30 07:45:00,750 [main] INFO  volume.MutableVolumeSet (MutableVolumeSet.java:initializeVolumeSet(173)) - Added Volume : /home/runner/work/ozone/ozone/hadoop-ozone/integration-test/target/test-dir/MiniOzoneClusterImpl-b74639a9-f624-491a-a51e-4d41e99a633c/datanode-3/data/ratis to VolumeSet
2024-01-30 07:45:00,751 [main] INFO  ozoneimpl.OzoneContainer (HddsVolumeUtil.java:loadAllHddsVolumeDbStore(103)) - Load 1 volumes DbStore cost: 0ms
2024-01-30 07:45:00,758 [55f20ed8-ad05-4879-9178-788b5883eeb3-ContainerReader-0] INFO  ozoneimpl.ContainerReader (ContainerReader.java:readVolume(178)) - Finish verifying containers on volume /home/runner/work/ozone/ozone/hadoop-ozone/integration-test/target/test-dir/MiniOzoneClusterImpl-b74639a9-f624-491a-a51e-4d41e99a633c/datanode-3/data-0/containers/hdds
2024-01-30 07:45:00,759 [main] INFO  ozoneimpl.OzoneContainer (OzoneContainer.java:buildContainerSet(328)) - Build ContainerSet costs 0s
2024-01-30 07:45:00,762 [main] INFO  server.RaftServer (ConfUtils.java:logGet(46)) - raft.rpc.type = GRPC (default)
2024-01-30 07:45:00,763 [main] INFO  grpc.GrpcConfigKeys (ConfUtils.java:logFallback(53)) - raft.grpc.admin.host = null (fallback to raft.grpc.server.host)
2024-01-30 07:45:00,763 [main] INFO  grpc.GrpcConfigKeys (ConfUtils.java:logGet(46)) - raft.grpc.admin.port = 15040 (custom)
2024-01-30 07:45:00,764 [main] INFO  grpc.GrpcConfigKeys (ConfUtils.java:logFallback(53)) - raft.grpc.client.host = null (fallback to raft.grpc.server.host)
2024-01-30 07:45:00,764 [main] INFO  grpc.GrpcConfigKeys (ConfUtils.java:logGet(46)) - raft.grpc.client.port = 15039 (custom)
2024-01-30 07:45:00,765 [main] INFO  grpc.GrpcConfigKeys (ConfUtils.java:logGet(46)) - raft.grpc.server.host = null (default)
2024-01-30 07:45:00,765 [main] INFO  grpc.GrpcConfigKeys (ConfUtils.java:logGet(46)) - raft.grpc.server.port = 15041 (custom)
2024-01-30 07:45:00,766 [main] INFO  server.GrpcService (ConfUtils.java:logGet(46)) - raft.grpc.message.size.max = 32MB (=33554432) (custom)
2024-01-30 07:45:00,767 [main] INFO  server.RaftServerConfigKeys (ConfUtils.java:logGet(46)) - raft.server.log.appender.buffer.byte-limit = 8388608 (custom)
2024-01-30 07:45:00,767 [main] INFO  server.GrpcService (ConfUtils.java:logGet(46)) - raft.grpc.flow.control.window = 5MB (=5242880) (custom)
2024-01-30 07:45:00,768 [main] INFO  server.RaftServerConfigKeys (ConfUtils.java:logGet(46)) - raft.server.rpc.request.timeout = 60s (custom)
2024-01-30 07:45:00,768 [main] INFO  grpc.GrpcConfigKeys (ConfUtils.java:logGet(46)) - raft.grpc.server.heartbeat.channel = true (default)
2024-01-30 07:45:00,769 [main] INFO  grpc.GrpcConfigKeys (ConfUtils.java:logGet(46)) - raft.grpc.server.async.request.thread.pool.cached = true (default)
2024-01-30 07:45:00,769 [main] INFO  grpc.GrpcConfigKeys (ConfUtils.java:logGet(46)) - raft.grpc.server.async.request.thread.pool.size = 32 (default)
2024-01-30 07:45:00,771 [main] INFO  impl.DataStreamServerImpl (ConfUtils.java:logGet(46)) - raft.datastream.type = NETTY (custom)
2024-01-30 07:45:00,772 [main] INFO  server.RaftServerConfigKeys (ConfUtils.java:logGet(46)) - raft.server.data-stream.async.request.thread.pool.cached = false (default)
2024-01-30 07:45:00,772 [main] INFO  server.RaftServerConfigKeys (ConfUtils.java:logGet(46)) - raft.server.data-stream.async.request.thread.pool.size = 20 (custom)
2024-01-30 07:45:00,773 [main] INFO  server.RaftServerConfigKeys (ConfUtils.java:logGet(46)) - raft.server.data-stream.async.write.thread.pool.size = 16 (default)
2024-01-30 07:45:00,773 [main] INFO  netty.NettyConfigKeys$DataStream (ConfUtils.java:logGet(46)) - raft.netty.dataStream.server.channel.inactive.grace-period = 10min (default)
2024-01-30 07:45:00,773 [main] INFO  server.RaftServerConfigKeys (ConfUtils.java:logGet(46)) - raft.server.data-stream.client.pool.size = 10 (default)
2024-01-30 07:45:00,774 [main] INFO  netty.NettyConfigKeys$DataStream (ConfUtils.java:logGet(46)) - raft.netty.dataStream.server.use-epoll = true (default)
2024-01-30 07:45:00,774 [main] INFO  netty.NettyConfigKeys$DataStream (ConfUtils.java:logGet(46)) - raft.netty.dataStream.server.boss-group.size = 0 (default)
2024-01-30 07:45:00,774 [main] INFO  netty.NettyUtils (NettyUtils.java:newEventLoopGroup(69)) - Create EpollEventLoopGroup for 55f20ed8-ad05-4879-9178-788b5883eeb3-NettyServerStreamRpc-bossGroup; Thread size is 0.
2024-01-30 07:45:00,775 [main] INFO  netty.NettyConfigKeys$DataStream (ConfUtils.java:logGet(46)) - raft.netty.dataStream.server.worker-group.size = 0 (default)
2024-01-30 07:45:00,775 [main] INFO  netty.NettyUtils (NettyUtils.java:newEventLoopGroup(69)) - Create EpollEventLoopGroup for 55f20ed8-ad05-4879-9178-788b5883eeb3-NettyServerStreamRpc-workerGroup; Thread size is 0.
2024-01-30 07:45:00,776 [main] INFO  netty.NettyConfigKeys$DataStream (ConfUtils.java:logGet(46)) - raft.netty.dataStream.server.tls.conf = null (default)
2024-01-30 07:45:00,776 [main] INFO  netty.NettyConfigKeys$DataStream (ConfUtils.java:logGet(46)) - raft.netty.dataStream.host = null (default)
2024-01-30 07:45:00,776 [main] INFO  netty.NettyConfigKeys$DataStream (ConfUtils.java:logGet(46)) - raft.netty.dataStream.port = 15042 (custom)
2024-01-30 07:45:00,777 [main] INFO  server.RaftServerConfigKeys (ConfUtils.java:logGet(46)) - raft.server.sleep.deviation.threshold = 300ms (default)
2024-01-30 07:45:00,778 [main] INFO  server.RaftServerConfigKeys (ConfUtils.java:logGet(46)) - raft.server.close.threshold = 60s (default)
2024-01-30 07:45:00,778 [main] INFO  server.RaftServerConfigKeys (ConfUtils.java:logGet(46)) - raft.server.leaderelection.leader.step-down.wait-time = 10s (default)
2024-01-30 07:45:00,778 [main] INFO  server.RaftServerConfigKeys (ConfUtils.java:logGet(46)) - raft.server.storage.dir = [/home/runner/work/ozone/ozone/hadoop-ozone/integration-test/target/test-dir/MiniOzoneClusterImpl-b74639a9-f624-491a-a51e-4d41e99a633c/datanode-3/data/ratis] (custom)
2024-01-30 07:45:00,779 [main] INFO  server.RaftServerConfigKeys (ConfUtils.java:logGet(46)) - raft.server.threadpool.proxy.cached = true (default)
2024-01-30 07:45:00,779 [main] INFO  server.RaftServerConfigKeys (ConfUtils.java:logGet(46)) - raft.server.threadpool.proxy.size = 0 (default)
2024-01-30 07:45:00,779 [55f20ed8-ad05-4879-9178-788b5883eeb3-NettyServerStreamRpc-bossGroup--thread1] INFO  logging.LoggingHandler (AbstractInternalLogger.java:log(148)) - [id: 0xaed0849d] REGISTERED
2024-01-30 07:45:00,780 [55f20ed8-ad05-4879-9178-788b5883eeb3-impl-thread1] INFO  server.RaftServer (RaftServerProxy.java:initGroupDir(264)) - 55f20ed8-ad05-4879-9178-788b5883eeb3: found a subdirectory /home/runner/work/ozone/ozone/hadoop-ozone/integration-test/target/test-dir/MiniOzoneClusterImpl-b74639a9-f624-491a-a51e-4d41e99a633c/datanode-3/data/ratis/tmp
2024-01-30 07:45:00,780 [55f20ed8-ad05-4879-9178-788b5883eeb3-NettyServerStreamRpc-bossGroup--thread1] INFO  logging.LoggingHandler (AbstractInternalLogger.java:log(148)) - [id: 0xaed0849d] BIND: 0.0.0.0/0.0.0.0:15042
2024-01-30 07:45:00,780 [55f20ed8-ad05-4879-9178-788b5883eeb3-impl-thread1] INFO  server.RaftServer (RaftServerProxy.java:initGroupDir(269)) - 55f20ed8-ad05-4879-9178-788b5883eeb3: The directory /home/runner/work/ozone/ozone/hadoop-ozone/integration-test/target/test-dir/MiniOzoneClusterImpl-b74639a9-f624-491a-a51e-4d41e99a633c/datanode-3/data/ratis/tmp is not a group directory; ignoring it. 
2024-01-30 07:45:00,780 [55f20ed8-ad05-4879-9178-788b5883eeb3-NettyServerStreamRpc-bossGroup--thread1] INFO  logging.LoggingHandler (AbstractInternalLogger.java:log(148)) - [id: 0xaed0849d, L:/0.0.0.0:15042] ACTIVE
2024-01-30 07:45:00,781 [main] INFO  replication.ReplicationServer (ReplicationServer.java:<init>(86)) - Initializing replication server with thread count = 10 queue length = 4096
2024-01-30 07:45:00,782 [main] INFO  server.XceiverServerGrpc (XceiverServerGrpc.java:<init>(141)) - GrpcServer channel type EpollServerSocketChannel
2024-01-30 07:45:00,784 [main] INFO  replication.ReplicationSupervisor (ReplicationSupervisor.java:build(163)) - Initializing replication supervisor with thread count = 10
2024-01-30 07:45:00,784 [main] INFO  replication.ReplicationSupervisor (ReplicationSupervisor.java:nodeStateUpdated(317)) - Node state updated to IN_SERVICE, scaling executor pool size to 10
2024-01-30 07:45:00,789 [main] INFO  http.BaseHttpServer (BaseHttpServer.java:newHttpServer2BuilderForOzone(223)) - Starting Web-server for hddsDatanode at: http://0.0.0.0:15036
2024-01-30 07:45:00,789 [main] INFO  http.BaseHttpServer (BaseHttpServer.java:<init>(110)) - Hadoop Security Enabled: false Ozone Security Enabled: false Ozone HTTP Security Enabled: false 
2024-01-30 07:45:00,791 [main] WARN  server.AuthenticationFilter (AuthenticationFilter.java:constructSecretProvider(240)) - Unable to initialize FileSignerSecretProvider, falling back to use random secrets. Reason: Could not read signature secret file: /home/runner/hadoop-http-auth-signature-secret
2024-01-30 07:45:00,793 [main] INFO  http.HttpRequestLog (HttpRequestLog.java:getRequestLog(86)) - Http request log for http.requests.hddsDatanode is not defined
2024-01-30 07:45:00,795 [main] INFO  http.HttpServer2 (HttpServer2.java:addGlobalFilter(1036)) - Added global filter 'safety' (class=org.apache.hadoop.hdds.server.http.HttpServer2$QuotingInputFilter)
2024-01-30 07:45:00,796 [main] INFO  http.HttpServer2 (HttpServer2.java:addFilter(1012)) - Added filter static_user_filter (class=org.apache.hadoop.http.lib.StaticUserWebFilter$StaticUserFilter) to context hddsDatanode
2024-01-30 07:45:00,796 [main] INFO  http.HttpServer2 (HttpServer2.java:addFilter(1020)) - Added filter static_user_filter (class=org.apache.hadoop.http.lib.StaticUserWebFilter$StaticUserFilter) to context static
2024-01-30 07:45:00,797 [main] INFO  http.HttpServer2 (HttpServer2.java:addFilter(1020)) - Added filter static_user_filter (class=org.apache.hadoop.http.lib.StaticUserWebFilter$StaticUserFilter) to context logs
2024-01-30 07:45:00,797 [main] INFO  http.BaseHttpServer (BaseHttpServer.java:<init>(189)) - HTTP server of hddsDatanode uses base directory /home/runner/work/ozone/ozone/hadoop-ozone/integration-test/target/test-dir/MiniOzoneClusterImpl-b74639a9-f624-491a-a51e-4d41e99a633c/datanode-3/meta/webserver
2024-01-30 07:45:00,798 [main] INFO  http.HttpServer2 (HttpServer2.java:bindListener(1236)) - Jetty bound to port 15036
2024-01-30 07:45:00,798 [main] INFO  server.Server (Server.java:doStart(375)) - jetty-9.4.53.v20231009; built: 2023-10-09T12:29:09.265Z; git: 27bde00a0b95a1d5bbee0eae7984f891d2d0f8c9; jvm 1.8.0_392-b08
2024-01-30 07:45:00,808 [main] INFO  server.session (DefaultSessionIdManager.java:doStart(334)) - DefaultSessionIdManager workerName=node0
2024-01-30 07:45:00,809 [main] INFO  server.session (DefaultSessionIdManager.java:doStart(339)) - No SessionScavenger set, using defaults
2024-01-30 07:45:00,809 [main] INFO  server.session (HouseKeeper.java:startScavenging(132)) - node0 Scavenging every 600000ms
2024-01-30 07:45:00,810 [main] INFO  handler.ContextHandler (ContextHandler.java:doStart(921)) - Started o.e.j.s.ServletContextHandler@4fe38779{logs,/logs,file:///home/runner/work/ozone/ozone/hadoop-ozone/integration-test/target/log,AVAILABLE}
2024-01-30 07:45:00,810 [main] INFO  handler.ContextHandler (ContextHandler.java:doStart(921)) - Started o.e.j.s.ServletContextHandler@4578b8cb{static,/static,jar:file:/home/runner/.m2/repository/org/apache/ozone/hdds-container-service/1.5.0-SNAPSHOT/hdds-container-service-1.5.0-SNAPSHOT.jar!/webapps/static,AVAILABLE}
2024-01-30 07:45:00,860 [main] INFO  handler.ContextHandler (ContextHandler.java:doStart(921)) - Started o.e.j.w.WebAppContext@43ac1f2{hddsDatanode,/,file:///home/runner/work/ozone/ozone/hadoop-ozone/integration-test/target/test-dir/MiniOzoneClusterImpl-b74639a9-f624-491a-a51e-4d41e99a633c/datanode-3/meta/webserver/jetty-0_0_0_0-15036-hdds-container-service-1_5_0-SNAPSHOT_jar-_-any-1763138874433387254/webapp/,AVAILABLE}{jar:file:/home/runner/.m2/repository/org/apache/ozone/hdds-container-service/1.5.0-SNAPSHOT/hdds-container-service-1.5.0-SNAPSHOT.jar!/webapps/hddsDatanode}
2024-01-30 07:45:00,862 [main] INFO  server.AbstractConnector (AbstractConnector.java:doStart(333)) - Started ServerConnector@669638a1{HTTP/1.1, (http/1.1)}{0.0.0.0:15036}
2024-01-30 07:45:00,862 [main] INFO  server.Server (Server.java:doStart(415)) - Started @6630ms
2024-01-30 07:45:00,862 [main] WARN  impl.MetricsSystemImpl (MetricsSystemImpl.java:register(279)) - Sink prometheus already exists!
2024-01-30 07:45:00,863 [main] INFO  http.BaseHttpServer (BaseHttpServer.java:updateConnectorAddress(354)) - HTTP server of hddsDatanode listening at http://0.0.0.0:15036
2024-01-30 07:45:00,863 [main] INFO  ipc.CallQueueManager (CallQueueManager.java:<init>(90)) - Using callQueue: class java.util.concurrent.LinkedBlockingQueue, queueCapacity: 100, scheduler: class org.apache.hadoop.ipc.DefaultRpcScheduler, ipcBackoff: false.
2024-01-30 07:45:00,864 [main] INFO  ipc.Server (Server.java:<init>(1287)) - Listener at 0.0.0.0:15037
2024-01-30 07:45:00,865 [Socket Reader #1 for port 15037] INFO  ipc.Server (Server.java:run(1323)) - Starting Socket Reader #1 for port 15037
2024-01-30 07:45:00,867 [main] INFO  ozone.HddsDatanodeService (HddsDatanodeService.java:start(327)) - Datanode start with admins: [runner]
2024-01-30 07:45:00,868 [main] INFO  ozone.HddsDatanodeClientProtocolServer (HddsDatanodeClientProtocolServer.java:start(72)) - RPC server for Client /0.0.0.0:15037
2024-01-30 07:45:00,868 [IPC Server Responder] INFO  ipc.Server (Server.java:run(1562)) - IPC Server Responder: starting
2024-01-30 07:45:00,868 [IPC Server listener on 15037] INFO  ipc.Server (Server.java:run(1402)) - IPC Server listener on 15037: starting
2024-01-30 07:45:00,871 [55f20ed8-ad05-4879-9178-788b5883eeb3-DatanodeStateMachineDaemonThread] INFO  statemachine.DatanodeStateMachine (DatanodeStateMachine.java:lambda$startDaemon$1(555)) - Ozone container server started.
2024-01-30 07:45:00,874 [main] WARN  dropwizard3.Dm3MetricRegistriesImpl (Dm3MetricRegistriesImpl.java:addReporterRegistration(113)) - New reporters are added after registries were created. Some metrics will be missing from the reporter. Please add reporter before adding any new registry.
2024-01-30 07:45:00,875 [main] WARN  dropwizard3.Dm3MetricRegistriesImpl (Dm3MetricRegistriesImpl.java:addReporterRegistration(113)) - New reporters are added after registries were created. Some metrics will be missing from the reporter. Please add reporter before adding any new registry.
2024-01-30 07:45:00,875 [main] INFO  impl.MetricsSystemImpl (MetricsSystemImpl.java:init(158)) - HddsDatanode metrics system started (again)
2024-01-30 07:45:00,885 [main] INFO  ozone.HddsDatanodeService (HddsDatanodeService.java:start(240)) - HddsDatanodeService host:fv-az1436-717.rp122gijlobebpuychzvuh3j3h.bx.internal.cloudapp.net ip:10.1.0.48
2024-01-30 07:45:00,888 [55f20ed8-ad05-4879-9178-788b5883eeb3-DatanodeStateMachineTaskThread-0] INFO  datanode.InitDatanodeState (InitDatanodeState.java:persistContainerDatanodeDetails(139)) - DatanodeDetails is persisted to /home/runner/work/ozone/ozone/hadoop-ozone/integration-test/target/test-dir/MiniOzoneClusterImpl-b74639a9-f624-491a-a51e-4d41e99a633c/datanode-3/meta/datanode.id
2024-01-30 07:45:00,905 [main] INFO  upgrade.AbstractLayoutVersionManager (AbstractLayoutVersionManager.java:init(83)) - Initializing Layout version manager with metadata layout = HADOOP_PRC_PORTS_IN_DATANODEDETAILS (version = 7), software layout = HADOOP_PRC_PORTS_IN_DATANODEDETAILS (version = 7)
2024-01-30 07:45:00,906 [main] INFO  statemachine.DatanodeStateMachine (DatanodeStateMachine.java:getEndPointTaskThreadPoolSize(299)) - Datanode State Machine Task Thread Pool size 2
2024-01-30 07:45:00,909 [main] INFO  volume.HddsVolume (HddsVolume.java:<init>(125)) - Creating HddsVolume: /home/runner/work/ozone/ozone/hadoop-ozone/integration-test/target/test-dir/MiniOzoneClusterImpl-b74639a9-f624-491a-a51e-4d41e99a633c/datanode-4/data-0/containers/hdds of storage type : DISK capacity : 9223372036854775807
2024-01-30 07:45:00,909 [main] INFO  volume.MutableVolumeSet (MutableVolumeSet.java:initializeVolumeSet(173)) - Added Volume : /home/runner/work/ozone/ozone/hadoop-ozone/integration-test/target/test-dir/MiniOzoneClusterImpl-b74639a9-f624-491a-a51e-4d41e99a633c/datanode-4/data-0/containers/hdds to VolumeSet
2024-01-30 07:45:00,910 [main] INFO  volume.MutableVolumeSet (MutableVolumeSet.java:initializeVolumeSet(173)) - Added Volume : /home/runner/work/ozone/ozone/hadoop-ozone/integration-test/target/test-dir/MiniOzoneClusterImpl-b74639a9-f624-491a-a51e-4d41e99a633c/datanode-4/data/ratis to VolumeSet
2024-01-30 07:45:00,911 [main] INFO  ozoneimpl.OzoneContainer (HddsVolumeUtil.java:loadAllHddsVolumeDbStore(103)) - Load 1 volumes DbStore cost: 0ms
2024-01-30 07:45:00,912 [6af36478-fafe-44e8-8f65-092a10613903-ContainerReader-0] INFO  ozoneimpl.ContainerReader (ContainerReader.java:readVolume(178)) - Finish verifying containers on volume /home/runner/work/ozone/ozone/hadoop-ozone/integration-test/target/test-dir/MiniOzoneClusterImpl-b74639a9-f624-491a-a51e-4d41e99a633c/datanode-4/data-0/containers/hdds
2024-01-30 07:45:00,912 [main] INFO  ozoneimpl.OzoneContainer (OzoneContainer.java:buildContainerSet(328)) - Build ContainerSet costs 0s
2024-01-30 07:45:00,916 [main] INFO  server.RaftServer (ConfUtils.java:logGet(46)) - raft.rpc.type = GRPC (default)
2024-01-30 07:45:00,916 [main] INFO  grpc.GrpcConfigKeys (ConfUtils.java:logFallback(53)) - raft.grpc.admin.host = null (fallback to raft.grpc.server.host)
2024-01-30 07:45:00,916 [main] INFO  grpc.GrpcConfigKeys (ConfUtils.java:logGet(46)) - raft.grpc.admin.port = 15049 (custom)
2024-01-30 07:45:00,917 [main] INFO  grpc.GrpcConfigKeys (ConfUtils.java:logFallback(53)) - raft.grpc.client.host = null (fallback to raft.grpc.server.host)
2024-01-30 07:45:00,917 [main] INFO  grpc.GrpcConfigKeys (ConfUtils.java:logGet(46)) - raft.grpc.client.port = 15048 (custom)
2024-01-30 07:45:00,917 [main] INFO  grpc.GrpcConfigKeys (ConfUtils.java:logGet(46)) - raft.grpc.server.host = null (default)
2024-01-30 07:45:00,917 [main] INFO  grpc.GrpcConfigKeys (ConfUtils.java:logGet(46)) - raft.grpc.server.port = 15050 (custom)
2024-01-30 07:45:00,917 [main] INFO  server.GrpcService (ConfUtils.java:logGet(46)) - raft.grpc.message.size.max = 32MB (=33554432) (custom)
2024-01-30 07:45:00,918 [main] INFO  server.RaftServerConfigKeys (ConfUtils.java:logGet(46)) - raft.server.log.appender.buffer.byte-limit = 8388608 (custom)
2024-01-30 07:45:00,918 [main] INFO  server.GrpcService (ConfUtils.java:logGet(46)) - raft.grpc.flow.control.window = 5MB (=5242880) (custom)
2024-01-30 07:45:00,918 [main] INFO  server.RaftServerConfigKeys (ConfUtils.java:logGet(46)) - raft.server.rpc.request.timeout = 60s (custom)
2024-01-30 07:45:00,918 [main] INFO  grpc.GrpcConfigKeys (ConfUtils.java:logGet(46)) - raft.grpc.server.heartbeat.channel = true (default)
2024-01-30 07:45:00,919 [main] INFO  grpc.GrpcConfigKeys (ConfUtils.java:logGet(46)) - raft.grpc.server.async.request.thread.pool.cached = true (default)
2024-01-30 07:45:00,919 [main] INFO  grpc.GrpcConfigKeys (ConfUtils.java:logGet(46)) - raft.grpc.server.async.request.thread.pool.size = 32 (default)
2024-01-30 07:45:00,920 [om1@group-C5BA1605619E-FollowerState] INFO  impl.FollowerState (FollowerState.java:run(143)) - om1@group-C5BA1605619E-FollowerState: change to CANDIDATE, lastRpcElapsedTime:1074961500ns, electionTimeout:1073ms
2024-01-30 07:45:00,921 [om1@group-C5BA1605619E-FollowerState] INFO  impl.RoleInfo (RoleInfo.java:shutdownFollowerState(110)) - om1: shutdown om1@group-C5BA1605619E-FollowerState
2024-01-30 07:45:00,921 [om1@group-C5BA1605619E-FollowerState] INFO  server.RaftServer$Division (RaftServerImpl.java:setRole(383)) - om1@group-C5BA1605619E: changes role from  FOLLOWER to CANDIDATE at term 0 for changeToCandidate
2024-01-30 07:45:00,923 [main] INFO  impl.DataStreamServerImpl (ConfUtils.java:logGet(46)) - raft.datastream.type = NETTY (custom)
2024-01-30 07:45:00,924 [om1@group-C5BA1605619E-FollowerState] INFO  server.RaftServerConfigKeys (ConfUtils.java:logGet(46)) - raft.server.leaderelection.pre-vote = true (default)
2024-01-30 07:45:00,924 [om1@group-C5BA1605619E-FollowerState] INFO  impl.RoleInfo (RoleInfo.java:updateAndGet(139)) - om1: start om1@group-C5BA1605619E-LeaderElection1
2024-01-30 07:45:00,924 [main] INFO  server.RaftServerConfigKeys (ConfUtils.java:logGet(46)) - raft.server.data-stream.async.request.thread.pool.cached = false (default)
2024-01-30 07:45:00,924 [main] INFO  server.RaftServerConfigKeys (ConfUtils.java:logGet(46)) - raft.server.data-stream.async.request.thread.pool.size = 20 (custom)
2024-01-30 07:45:00,927 [main] INFO  server.RaftServerConfigKeys (ConfUtils.java:logGet(46)) - raft.server.data-stream.async.write.thread.pool.size = 16 (default)
2024-01-30 07:45:00,929 [om1@group-C5BA1605619E-LeaderElection1] INFO  impl.LeaderElection (LeaderElection.java:askForVotes(321)) - om1@group-C5BA1605619E-LeaderElection1 PRE_VOTE round 0: submit vote requests at term 0 for -1: peers:[om1|localhost:15007]|listeners:[], old=null
2024-01-30 07:45:00,930 [main] INFO  netty.NettyConfigKeys$DataStream (ConfUtils.java:logGet(46)) - raft.netty.dataStream.server.channel.inactive.grace-period = 10min (default)
2024-01-30 07:45:00,931 [main] INFO  server.RaftServerConfigKeys (ConfUtils.java:logGet(46)) - raft.server.data-stream.client.pool.size = 10 (default)
2024-01-30 07:45:00,931 [main] INFO  netty.NettyConfigKeys$DataStream (ConfUtils.java:logGet(46)) - raft.netty.dataStream.server.use-epoll = true (default)
2024-01-30 07:45:00,931 [main] INFO  netty.NettyConfigKeys$DataStream (ConfUtils.java:logGet(46)) - raft.netty.dataStream.server.boss-group.size = 0 (default)
2024-01-30 07:45:00,931 [main] INFO  netty.NettyUtils (NettyUtils.java:newEventLoopGroup(69)) - Create EpollEventLoopGroup for 6af36478-fafe-44e8-8f65-092a10613903-NettyServerStreamRpc-bossGroup; Thread size is 0.
2024-01-30 07:45:00,932 [main] INFO  netty.NettyConfigKeys$DataStream (ConfUtils.java:logGet(46)) - raft.netty.dataStream.server.worker-group.size = 0 (default)
2024-01-30 07:45:00,932 [main] INFO  netty.NettyUtils (NettyUtils.java:newEventLoopGroup(69)) - Create EpollEventLoopGroup for 6af36478-fafe-44e8-8f65-092a10613903-NettyServerStreamRpc-workerGroup; Thread size is 0.
2024-01-30 07:45:00,933 [om1@group-C5BA1605619E-LeaderElection1] INFO  impl.LeaderElection (LeaderElection.java:askForVotes(323)) - om1@group-C5BA1605619E-LeaderElection1 PRE_VOTE round 0: result PASSED (term=0)
2024-01-30 07:45:00,933 [main] INFO  netty.NettyConfigKeys$DataStream (ConfUtils.java:logGet(46)) - raft.netty.dataStream.server.tls.conf = null (default)
2024-01-30 07:45:00,934 [main] INFO  netty.NettyConfigKeys$DataStream (ConfUtils.java:logGet(46)) - raft.netty.dataStream.host = null (default)
2024-01-30 07:45:00,934 [main] INFO  netty.NettyConfigKeys$DataStream (ConfUtils.java:logGet(46)) - raft.netty.dataStream.port = 15051 (custom)
2024-01-30 07:45:00,934 [main] INFO  server.RaftServerConfigKeys (ConfUtils.java:logGet(46)) - raft.server.sleep.deviation.threshold = 300ms (default)
2024-01-30 07:45:00,935 [main] INFO  server.RaftServerConfigKeys (ConfUtils.java:logGet(46)) - raft.server.close.threshold = 60s (default)
2024-01-30 07:45:00,935 [main] INFO  server.RaftServerConfigKeys (ConfUtils.java:logGet(46)) - raft.server.leaderelection.leader.step-down.wait-time = 10s (default)
2024-01-30 07:45:00,935 [main] INFO  server.RaftServerConfigKeys (ConfUtils.java:logGet(46)) - raft.server.storage.dir = [/home/runner/work/ozone/ozone/hadoop-ozone/integration-test/target/test-dir/MiniOzoneClusterImpl-b74639a9-f624-491a-a51e-4d41e99a633c/datanode-4/data/ratis] (custom)
2024-01-30 07:45:00,935 [main] INFO  server.RaftServerConfigKeys (ConfUtils.java:logGet(46)) - raft.server.threadpool.proxy.cached = true (default)
2024-01-30 07:45:00,936 [main] INFO  server.RaftServerConfigKeys (ConfUtils.java:logGet(46)) - raft.server.threadpool.proxy.size = 0 (default)
2024-01-30 07:45:00,937 [om1@group-C5BA1605619E-LeaderElection1] INFO  impl.LeaderElection (LeaderElection.java:askForVotes(321)) - om1@group-C5BA1605619E-LeaderElection1 ELECTION round 0: submit vote requests at term 1 for -1: peers:[om1|localhost:15007]|listeners:[], old=null
2024-01-30 07:45:00,938 [om1@group-C5BA1605619E-LeaderElection1] INFO  impl.LeaderElection (LeaderElection.java:askForVotes(323)) - om1@group-C5BA1605619E-LeaderElection1 ELECTION round 0: result PASSED (term=1)
2024-01-30 07:45:00,938 [om1@group-C5BA1605619E-LeaderElection1] INFO  impl.RoleInfo (RoleInfo.java:shutdownLeaderElection(130)) - om1: shutdown om1@group-C5BA1605619E-LeaderElection1
2024-01-30 07:45:00,939 [om1@group-C5BA1605619E-LeaderElection1] INFO  server.RaftServer$Division (RaftServerImpl.java:setRole(383)) - om1@group-C5BA1605619E: changes role from CANDIDATE to LEADER at term 1 for changeToLeader
2024-01-30 07:45:00,945 [om1@group-C5BA1605619E-LeaderElection1] INFO  server.RaftServerConfigKeys (ConfUtils.java:logGet(46)) - raft.server.staging.catchup.gap = 1000 (default)
2024-01-30 07:45:00,947 [6af36478-fafe-44e8-8f65-092a10613903-NettyServerStreamRpc-bossGroup--thread1] INFO  logging.LoggingHandler (AbstractInternalLogger.java:log(148)) - [id: 0x1727bf46] REGISTERED
2024-01-30 07:45:00,947 [6af36478-fafe-44e8-8f65-092a10613903-impl-thread1] INFO  server.RaftServer (RaftServerProxy.java:initGroupDir(264)) - 6af36478-fafe-44e8-8f65-092a10613903: found a subdirectory /home/runner/work/ozone/ozone/hadoop-ozone/integration-test/target/test-dir/MiniOzoneClusterImpl-b74639a9-f624-491a-a51e-4d41e99a633c/datanode-4/data/ratis/tmp
2024-01-30 07:45:00,948 [6af36478-fafe-44e8-8f65-092a10613903-impl-thread1] INFO  server.RaftServer (RaftServerProxy.java:initGroupDir(269)) - 6af36478-fafe-44e8-8f65-092a10613903: The directory /home/runner/work/ozone/ozone/hadoop-ozone/integration-test/target/test-dir/MiniOzoneClusterImpl-b74639a9-f624-491a-a51e-4d41e99a633c/datanode-4/data/ratis/tmp is not a group directory; ignoring it. 
2024-01-30 07:45:00,948 [main] INFO  replication.ReplicationServer (ReplicationServer.java:<init>(86)) - Initializing replication server with thread count = 10 queue length = 4096
2024-01-30 07:45:00,948 [6af36478-fafe-44e8-8f65-092a10613903-NettyServerStreamRpc-bossGroup--thread1] INFO  logging.LoggingHandler (AbstractInternalLogger.java:log(148)) - [id: 0x1727bf46] BIND: 0.0.0.0/0.0.0.0:15051
2024-01-30 07:45:00,952 [om1@group-C5BA1605619E-LeaderElection1] INFO  server.RaftServerConfigKeys (ConfUtils.java:logGet(46)) - raft.server.write.element-limit = 4096 (default)
2024-01-30 07:45:00,953 [om1@group-C5BA1605619E-LeaderElection1] INFO  server.RaftServerConfigKeys (ConfUtils.java:logGet(46)) - raft.server.write.byte-limit = 64MB (=67108864) (default)
2024-01-30 07:45:00,950 [main] INFO  server.XceiverServerGrpc (XceiverServerGrpc.java:<init>(141)) - GrpcServer channel type EpollServerSocketChannel
2024-01-30 07:45:00,955 [6af36478-fafe-44e8-8f65-092a10613903-NettyServerStreamRpc-bossGroup--thread1] INFO  logging.LoggingHandler (AbstractInternalLogger.java:log(148)) - [id: 0x1727bf46, L:/0.0.0.0:15051] ACTIVE
2024-01-30 07:45:00,956 [main] INFO  replication.ReplicationSupervisor (ReplicationSupervisor.java:build(163)) - Initializing replication supervisor with thread count = 10
2024-01-30 07:45:00,956 [main] INFO  replication.ReplicationSupervisor (ReplicationSupervisor.java:nodeStateUpdated(317)) - Node state updated to IN_SERVICE, scaling executor pool size to 10
2024-01-30 07:45:00,957 [om1@group-C5BA1605619E-LeaderElection1] INFO  server.RaftServerConfigKeys (ConfUtils.java:logGet(46)) - raft.server.watch.timeout = 10s (default)
2024-01-30 07:45:00,958 [om1@group-C5BA1605619E-LeaderElection1] INFO  server.RaftServerConfigKeys (ConfUtils.java:logGet(46)) - raft.server.watch.timeout.denomination = 1s (default)
2024-01-30 07:45:00,959 [om1@group-C5BA1605619E-LeaderElection1] INFO  server.RaftServerConfigKeys (ConfUtils.java:logGet(46)) - raft.server.watch.element-limit = 65536 (default)
2024-01-30 07:45:00,961 [main] INFO  http.BaseHttpServer (BaseHttpServer.java:newHttpServer2BuilderForOzone(223)) - Starting Web-server for hddsDatanode at: http://0.0.0.0:15045
2024-01-30 07:45:00,962 [main] INFO  http.BaseHttpServer (BaseHttpServer.java:<init>(110)) - Hadoop Security Enabled: false Ozone Security Enabled: false Ozone HTTP Security Enabled: false 
2024-01-30 07:45:00,963 [main] WARN  server.AuthenticationFilter (AuthenticationFilter.java:constructSecretProvider(240)) - Unable to initialize FileSignerSecretProvider, falling back to use random secrets. Reason: Could not read signature secret file: /home/runner/hadoop-http-auth-signature-secret
2024-01-30 07:45:00,964 [main] INFO  http.HttpRequestLog (HttpRequestLog.java:getRequestLog(86)) - Http request log for http.requests.hddsDatanode is not defined
2024-01-30 07:45:00,965 [main] INFO  http.HttpServer2 (HttpServer2.java:addGlobalFilter(1036)) - Added global filter 'safety' (class=org.apache.hadoop.hdds.server.http.HttpServer2$QuotingInputFilter)
2024-01-30 07:45:00,967 [main] INFO  http.HttpServer2 (HttpServer2.java:addFilter(1012)) - Added filter static_user_filter (class=org.apache.hadoop.http.lib.StaticUserWebFilter$StaticUserFilter) to context hddsDatanode
2024-01-30 07:45:00,967 [main] INFO  http.HttpServer2 (HttpServer2.java:addFilter(1020)) - Added filter static_user_filter (class=org.apache.hadoop.http.lib.StaticUserWebFilter$StaticUserFilter) to context logs
2024-01-30 07:45:00,967 [main] INFO  http.HttpServer2 (HttpServer2.java:addFilter(1020)) - Added filter static_user_filter (class=org.apache.hadoop.http.lib.StaticUserWebFilter$StaticUserFilter) to context static
2024-01-30 07:45:00,967 [om1@group-C5BA1605619E-LeaderElection1] INFO  server.RaftServerConfigKeys (ConfUtils.java:logGet(46)) - raft.server.read.leader.lease.enabled = false (default)
2024-01-30 07:45:00,968 [main] INFO  http.BaseHttpServer (BaseHttpServer.java:<init>(189)) - HTTP server of hddsDatanode uses base directory /home/runner/work/ozone/ozone/hadoop-ozone/integration-test/target/test-dir/MiniOzoneClusterImpl-b74639a9-f624-491a-a51e-4d41e99a633c/datanode-4/meta/webserver
2024-01-30 07:45:00,968 [main] INFO  http.HttpServer2 (HttpServer2.java:bindListener(1236)) - Jetty bound to port 15045
2024-01-30 07:45:00,969 [main] INFO  server.Server (Server.java:doStart(375)) - jetty-9.4.53.v20231009; built: 2023-10-09T12:29:09.265Z; git: 27bde00a0b95a1d5bbee0eae7984f891d2d0f8c9; jvm 1.8.0_392-b08
2024-01-30 07:45:00,969 [om1@group-C5BA1605619E-LeaderElection1] INFO  server.RaftServerConfigKeys (ConfUtils.java:logGet(46)) - raft.server.read.leader.lease.timeout.ratio = 0.9 (default)
2024-01-30 07:45:00,970 [om1@group-C5BA1605619E-LeaderElection1] INFO  server.RaftServerConfigKeys (ConfUtils.java:logGet(46)) - raft.server.rpc.timeout.min = 1s (custom)
2024-01-30 07:45:00,970 [om1@group-C5BA1605619E-LeaderElection1] INFO  server.RaftServerConfigKeys (ConfUtils.java:logGet(46)) - raft.server.write.element-limit = 4096 (default)
2024-01-30 07:45:00,971 [om1@group-C5BA1605619E-LeaderElection1] INFO  server.RaftServerConfigKeys (ConfUtils.java:logGet(46)) - raft.server.write.follower.gap.ratio.max = -1.0 (default)
2024-01-30 07:45:00,972 [om1@group-C5BA1605619E-LeaderElection1] INFO  impl.RoleInfo (RoleInfo.java:updateAndGet(139)) - om1: start om1@group-C5BA1605619E-LeaderStateImpl
2024-01-30 07:45:00,973 [om1@group-C5BA1605619E-LeaderElection1] INFO  server.RaftServer$Division (RaftServerImpl.java:setFirstElection(574)) - om1@group-C5BA1605619E: set firstElectionSinceStartup to false for becomeLeader
2024-01-30 07:45:00,974 [om1@group-C5BA1605619E-LeaderElection1] INFO  server.RaftServer$Division (ServerState.java:setLeader(269)) - om1@group-C5BA1605619E: change Leader from null to om1 at term 1 for becomeLeader, leader elected after 1738ms
2024-01-30 07:45:00,980 [main] INFO  server.session (DefaultSessionIdManager.java:doStart(334)) - DefaultSessionIdManager workerName=node0
2024-01-30 07:45:00,980 [main] INFO  server.session (DefaultSessionIdManager.java:doStart(339)) - No SessionScavenger set, using defaults
2024-01-30 07:45:00,980 [main] INFO  server.session (HouseKeeper.java:startScavenging(132)) - node0 Scavenging every 660000ms
2024-01-30 07:45:00,982 [main] INFO  handler.ContextHandler (ContextHandler.java:doStart(921)) - Started o.e.j.s.ServletContextHandler@5e3979b9{logs,/logs,file:///home/runner/work/ozone/ozone/hadoop-ozone/integration-test/target/log,AVAILABLE}
2024-01-30 07:45:00,983 [main] INFO  handler.ContextHandler (ContextHandler.java:doStart(921)) - Started o.e.j.s.ServletContextHandler@47a87bdd{static,/static,jar:file:/home/runner/.m2/repository/org/apache/ozone/hdds-container-service/1.5.0-SNAPSHOT/hdds-container-service-1.5.0-SNAPSHOT.jar!/webapps/static,AVAILABLE}
2024-01-30 07:45:00,995 [om1@group-C5BA1605619E-LeaderElection1] INFO  segmented.SegmentedRaftLogWorker (SegmentedRaftLogWorker.java:startLogSegment(430)) - om1@group-C5BA1605619E-SegmentedRaftLogWorker: Starting segment from index:0
2024-01-30 07:45:01,025 [om1@group-C5BA1605619E-SegmentedRaftLogWorker] INFO  segmented.BufferedWriteChannel (BufferedWriteChannel.java:open(62)) - open log_inprogress_0 at position 0
2024-01-30 07:45:01,034 [om1@group-C5BA1605619E-SegmentedRaftLogWorker] INFO  segmented.SegmentedRaftLogWorker (SegmentedRaftLogWorker.java:execute(634)) - om1@group-C5BA1605619E-SegmentedRaftLogWorker: created new log segment /home/runner/work/ozone/ozone/hadoop-ozone/integration-test/target/test-dir/MiniOzoneClusterImpl-b74639a9-f624-491a-a51e-4d41e99a633c/ozone-meta/ratis/bf265839-605b-3f16-9796-c5ba1605619e/current/log_inprogress_0
2024-01-30 07:45:01,035 [main] INFO  handler.ContextHandler (ContextHandler.java:doStart(921)) - Started o.e.j.w.WebAppContext@5a3b3ea6{hddsDatanode,/,file:///home/runner/work/ozone/ozone/hadoop-ozone/integration-test/target/test-dir/MiniOzoneClusterImpl-b74639a9-f624-491a-a51e-4d41e99a633c/datanode-4/meta/webserver/jetty-0_0_0_0-15045-hdds-container-service-1_5_0-SNAPSHOT_jar-_-any-1911317179695975891/webapp/,AVAILABLE}{jar:file:/home/runner/.m2/repository/org/apache/ozone/hdds-container-service/1.5.0-SNAPSHOT/hdds-container-service-1.5.0-SNAPSHOT.jar!/webapps/hddsDatanode}
2024-01-30 07:45:01,038 [om1@group-C5BA1605619E-LeaderElection1] INFO  server.RaftServer$Division (ServerState.java:setRaftConf(386)) - om1@group-C5BA1605619E: set configuration 0: peers:[om1|localhost:15007]|listeners:[], old=null
2024-01-30 07:45:01,038 [main] INFO  server.AbstractConnector (AbstractConnector.java:doStart(333)) - Started ServerConnector@bef3797{HTTP/1.1, (http/1.1)}{0.0.0.0:15045}
2024-01-30 07:45:01,038 [main] INFO  server.Server (Server.java:doStart(415)) - Started @6806ms
2024-01-30 07:45:01,039 [main] WARN  impl.MetricsSystemImpl (MetricsSystemImpl.java:register(279)) - Sink prometheus already exists!
2024-01-30 07:45:01,039 [main] INFO  http.BaseHttpServer (BaseHttpServer.java:updateConnectorAddress(354)) - HTTP server of hddsDatanode listening at http://0.0.0.0:15045
2024-01-30 07:45:01,040 [main] INFO  ipc.CallQueueManager (CallQueueManager.java:<init>(90)) - Using callQueue: class java.util.concurrent.LinkedBlockingQueue, queueCapacity: 100, scheduler: class org.apache.hadoop.ipc.DefaultRpcScheduler, ipcBackoff: false.
2024-01-30 07:45:01,040 [main] INFO  ipc.Server (Server.java:<init>(1287)) - Listener at 0.0.0.0:15046
2024-01-30 07:45:01,046 [Socket Reader #1 for port 15046] INFO  ipc.Server (Server.java:run(1323)) - Starting Socket Reader #1 for port 15046
2024-01-30 07:45:01,048 [main] INFO  ozone.HddsDatanodeService (HddsDatanodeService.java:start(327)) - Datanode start with admins: [runner]
2024-01-30 07:45:01,048 [main] INFO  ozone.HddsDatanodeClientProtocolServer (HddsDatanodeClientProtocolServer.java:start(72)) - RPC server for Client /0.0.0.0:15046
2024-01-30 07:45:01,050 [IPC Server Responder] INFO  ipc.Server (Server.java:run(1562)) - IPC Server Responder: starting
2024-01-30 07:45:01,053 [IPC Server listener on 15046] INFO  ipc.Server (Server.java:run(1402)) - IPC Server listener on 15046: starting
2024-01-30 07:45:01,053 [main] WARN  dropwizard3.Dm3MetricRegistriesImpl (Dm3MetricRegistriesImpl.java:addReporterRegistration(113)) - New reporters are added after registries were created. Some metrics will be missing from the reporter. Please add reporter before adding any new registry.
2024-01-30 07:45:01,053 [main] WARN  dropwizard3.Dm3MetricRegistriesImpl (Dm3MetricRegistriesImpl.java:addReporterRegistration(113)) - New reporters are added after registries were created. Some metrics will be missing from the reporter. Please add reporter before adding any new registry.
2024-01-30 07:45:01,054 [main] INFO  impl.MetricsSystemImpl (MetricsSystemImpl.java:init(158)) - HddsDatanode metrics system started (again)
2024-01-30 07:45:01,057 [6af36478-fafe-44e8-8f65-092a10613903-DatanodeStateMachineDaemonThread] INFO  statemachine.DatanodeStateMachine (DatanodeStateMachine.java:lambda$startDaemon$1(555)) - Ozone container server started.
2024-01-30 07:45:01,066 [6af36478-fafe-44e8-8f65-092a10613903-DatanodeStateMachineTaskThread-0] INFO  datanode.InitDatanodeState (InitDatanodeState.java:persistContainerDatanodeDetails(139)) - DatanodeDetails is persisted to /home/runner/work/ozone/ozone/hadoop-ozone/integration-test/target/test-dir/MiniOzoneClusterImpl-b74639a9-f624-491a-a51e-4d41e99a633c/datanode-4/meta/datanode.id
2024-01-30 07:45:01,072 [main] INFO  ozone.HddsDatanodeService (HddsDatanodeService.java:start(240)) - HddsDatanodeService host:fv-az1436-717.rp122gijlobebpuychzvuh3j3h.bx.internal.cloudapp.net ip:10.1.0.48
2024-01-30 07:45:01,098 [main] INFO  upgrade.AbstractLayoutVersionManager (AbstractLayoutVersionManager.java:init(83)) - Initializing Layout version manager with metadata layout = HADOOP_PRC_PORTS_IN_DATANODEDETAILS (version = 7), software layout = HADOOP_PRC_PORTS_IN_DATANODEDETAILS (version = 7)
2024-01-30 07:45:01,099 [main] INFO  statemachine.DatanodeStateMachine (DatanodeStateMachine.java:getEndPointTaskThreadPoolSize(299)) - Datanode State Machine Task Thread Pool size 2
2024-01-30 07:45:01,101 [main] INFO  volume.HddsVolume (HddsVolume.java:<init>(125)) - Creating HddsVolume: /home/runner/work/ozone/ozone/hadoop-ozone/integration-test/target/test-dir/MiniOzoneClusterImpl-b74639a9-f624-491a-a51e-4d41e99a633c/datanode-5/data-0/containers/hdds of storage type : DISK capacity : 9223372036854775807
2024-01-30 07:45:01,102 [main] INFO  volume.MutableVolumeSet (MutableVolumeSet.java:initializeVolumeSet(173)) - Added Volume : /home/runner/work/ozone/ozone/hadoop-ozone/integration-test/target/test-dir/MiniOzoneClusterImpl-b74639a9-f624-491a-a51e-4d41e99a633c/datanode-5/data-0/containers/hdds to VolumeSet
2024-01-30 07:45:01,103 [main] INFO  volume.MutableVolumeSet (MutableVolumeSet.java:initializeVolumeSet(173)) - Added Volume : /home/runner/work/ozone/ozone/hadoop-ozone/integration-test/target/test-dir/MiniOzoneClusterImpl-b74639a9-f624-491a-a51e-4d41e99a633c/datanode-5/data/ratis to VolumeSet
2024-01-30 07:45:01,103 [main] INFO  ozoneimpl.OzoneContainer (HddsVolumeUtil.java:loadAllHddsVolumeDbStore(103)) - Load 1 volumes DbStore cost: 0ms
2024-01-30 07:45:01,104 [f4dc5428-8803-43b0-8e6b-8ffa99f16cef-ContainerReader-0] INFO  ozoneimpl.ContainerReader (ContainerReader.java:readVolume(178)) - Finish verifying containers on volume /home/runner/work/ozone/ozone/hadoop-ozone/integration-test/target/test-dir/MiniOzoneClusterImpl-b74639a9-f624-491a-a51e-4d41e99a633c/datanode-5/data-0/containers/hdds
2024-01-30 07:45:01,104 [main] INFO  ozoneimpl.OzoneContainer (OzoneContainer.java:buildContainerSet(328)) - Build ContainerSet costs 0s
2024-01-30 07:45:01,108 [main] INFO  server.RaftServer (ConfUtils.java:logGet(46)) - raft.rpc.type = GRPC (default)
2024-01-30 07:45:01,108 [main] INFO  grpc.GrpcConfigKeys (ConfUtils.java:logFallback(53)) - raft.grpc.admin.host = null (fallback to raft.grpc.server.host)
2024-01-30 07:45:01,108 [main] INFO  grpc.GrpcConfigKeys (ConfUtils.java:logGet(46)) - raft.grpc.admin.port = 15058 (custom)
2024-01-30 07:45:01,108 [main] INFO  grpc.GrpcConfigKeys (ConfUtils.java:logFallback(53)) - raft.grpc.client.host = null (fallback to raft.grpc.server.host)
2024-01-30 07:45:01,109 [main] INFO  grpc.GrpcConfigKeys (ConfUtils.java:logGet(46)) - raft.grpc.client.port = 15057 (custom)
2024-01-30 07:45:01,109 [main] INFO  grpc.GrpcConfigKeys (ConfUtils.java:logGet(46)) - raft.grpc.server.host = null (default)
2024-01-30 07:45:01,109 [main] INFO  grpc.GrpcConfigKeys (ConfUtils.java:logGet(46)) - raft.grpc.server.port = 15059 (custom)
2024-01-30 07:45:01,109 [main] INFO  server.GrpcService (ConfUtils.java:logGet(46)) - raft.grpc.message.size.max = 32MB (=33554432) (custom)
2024-01-30 07:45:01,109 [main] INFO  server.RaftServerConfigKeys (ConfUtils.java:logGet(46)) - raft.server.log.appender.buffer.byte-limit = 8388608 (custom)
2024-01-30 07:45:01,110 [main] INFO  server.GrpcService (ConfUtils.java:logGet(46)) - raft.grpc.flow.control.window = 5MB (=5242880) (custom)
2024-01-30 07:45:01,110 [main] INFO  server.RaftServerConfigKeys (ConfUtils.java:logGet(46)) - raft.server.rpc.request.timeout = 60s (custom)
2024-01-30 07:45:01,111 [main] INFO  grpc.GrpcConfigKeys (ConfUtils.java:logGet(46)) - raft.grpc.server.heartbeat.channel = true (default)
2024-01-30 07:45:01,111 [main] INFO  grpc.GrpcConfigKeys (ConfUtils.java:logGet(46)) - raft.grpc.server.async.request.thread.pool.cached = true (default)
2024-01-30 07:45:01,112 [main] INFO  grpc.GrpcConfigKeys (ConfUtils.java:logGet(46)) - raft.grpc.server.async.request.thread.pool.size = 32 (default)
2024-01-30 07:45:01,114 [main] INFO  impl.DataStreamServerImpl (ConfUtils.java:logGet(46)) - raft.datastream.type = NETTY (custom)
2024-01-30 07:45:01,115 [main] INFO  server.RaftServerConfigKeys (ConfUtils.java:logGet(46)) - raft.server.data-stream.async.request.thread.pool.cached = false (default)
2024-01-30 07:45:01,115 [main] INFO  server.RaftServerConfigKeys (ConfUtils.java:logGet(46)) - raft.server.data-stream.async.request.thread.pool.size = 20 (custom)
2024-01-30 07:45:01,115 [main] INFO  server.RaftServerConfigKeys (ConfUtils.java:logGet(46)) - raft.server.data-stream.async.write.thread.pool.size = 16 (default)
2024-01-30 07:45:01,116 [main] INFO  netty.NettyConfigKeys$DataStream (ConfUtils.java:logGet(46)) - raft.netty.dataStream.server.channel.inactive.grace-period = 10min (default)
2024-01-30 07:45:01,116 [main] INFO  server.RaftServerConfigKeys (ConfUtils.java:logGet(46)) - raft.server.data-stream.client.pool.size = 10 (default)
2024-01-30 07:45:01,116 [main] INFO  netty.NettyConfigKeys$DataStream (ConfUtils.java:logGet(46)) - raft.netty.dataStream.server.use-epoll = true (default)
2024-01-30 07:45:01,116 [main] INFO  netty.NettyConfigKeys$DataStream (ConfUtils.java:logGet(46)) - raft.netty.dataStream.server.boss-group.size = 0 (default)
2024-01-30 07:45:01,117 [main] INFO  netty.NettyUtils (NettyUtils.java:newEventLoopGroup(69)) - Create EpollEventLoopGroup for f4dc5428-8803-43b0-8e6b-8ffa99f16cef-NettyServerStreamRpc-bossGroup; Thread size is 0.
2024-01-30 07:45:01,117 [main] INFO  netty.NettyConfigKeys$DataStream (ConfUtils.java:logGet(46)) - raft.netty.dataStream.server.worker-group.size = 0 (default)
2024-01-30 07:45:01,118 [main] INFO  netty.NettyUtils (NettyUtils.java:newEventLoopGroup(69)) - Create EpollEventLoopGroup for f4dc5428-8803-43b0-8e6b-8ffa99f16cef-NettyServerStreamRpc-workerGroup; Thread size is 0.
2024-01-30 07:45:01,118 [main] INFO  netty.NettyConfigKeys$DataStream (ConfUtils.java:logGet(46)) - raft.netty.dataStream.server.tls.conf = null (default)
2024-01-30 07:45:01,119 [main] INFO  netty.NettyConfigKeys$DataStream (ConfUtils.java:logGet(46)) - raft.netty.dataStream.host = null (default)
2024-01-30 07:45:01,119 [main] INFO  netty.NettyConfigKeys$DataStream (ConfUtils.java:logGet(46)) - raft.netty.dataStream.port = 15060 (custom)
2024-01-30 07:45:01,119 [main] INFO  server.RaftServerConfigKeys (ConfUtils.java:logGet(46)) - raft.server.sleep.deviation.threshold = 300ms (default)
2024-01-30 07:45:01,120 [main] INFO  server.RaftServerConfigKeys (ConfUtils.java:logGet(46)) - raft.server.close.threshold = 60s (default)
2024-01-30 07:45:01,120 [main] INFO  server.RaftServerConfigKeys (ConfUtils.java:logGet(46)) - raft.server.leaderelection.leader.step-down.wait-time = 10s (default)
2024-01-30 07:45:01,120 [main] INFO  server.RaftServerConfigKeys (ConfUtils.java:logGet(46)) - raft.server.storage.dir = [/home/runner/work/ozone/ozone/hadoop-ozone/integration-test/target/test-dir/MiniOzoneClusterImpl-b74639a9-f624-491a-a51e-4d41e99a633c/datanode-5/data/ratis] (custom)
2024-01-30 07:45:01,120 [main] INFO  server.RaftServerConfigKeys (ConfUtils.java:logGet(46)) - raft.server.threadpool.proxy.cached = true (default)
2024-01-30 07:45:01,121 [main] INFO  server.RaftServerConfigKeys (ConfUtils.java:logGet(46)) - raft.server.threadpool.proxy.size = 0 (default)
2024-01-30 07:45:01,124 [f4dc5428-8803-43b0-8e6b-8ffa99f16cef-NettyServerStreamRpc-bossGroup--thread1] INFO  logging.LoggingHandler (AbstractInternalLogger.java:log(148)) - [id: 0x0a4eddf6] REGISTERED
2024-01-30 07:45:01,125 [f4dc5428-8803-43b0-8e6b-8ffa99f16cef-NettyServerStreamRpc-bossGroup--thread1] INFO  logging.LoggingHandler (AbstractInternalLogger.java:log(148)) - [id: 0x0a4eddf6] BIND: 0.0.0.0/0.0.0.0:15060
2024-01-30 07:45:01,125 [f4dc5428-8803-43b0-8e6b-8ffa99f16cef-NettyServerStreamRpc-bossGroup--thread1] INFO  logging.LoggingHandler (AbstractInternalLogger.java:log(148)) - [id: 0x0a4eddf6, L:/0.0.0.0:15060] ACTIVE
2024-01-30 07:45:01,125 [f4dc5428-8803-43b0-8e6b-8ffa99f16cef-impl-thread1] INFO  server.RaftServer (RaftServerProxy.java:initGroupDir(264)) - f4dc5428-8803-43b0-8e6b-8ffa99f16cef: found a subdirectory /home/runner/work/ozone/ozone/hadoop-ozone/integration-test/target/test-dir/MiniOzoneClusterImpl-b74639a9-f624-491a-a51e-4d41e99a633c/datanode-5/data/ratis/tmp
2024-01-30 07:45:01,125 [f4dc5428-8803-43b0-8e6b-8ffa99f16cef-impl-thread1] INFO  server.RaftServer (RaftServerProxy.java:initGroupDir(269)) - f4dc5428-8803-43b0-8e6b-8ffa99f16cef: The directory /home/runner/work/ozone/ozone/hadoop-ozone/integration-test/target/test-dir/MiniOzoneClusterImpl-b74639a9-f624-491a-a51e-4d41e99a633c/datanode-5/data/ratis/tmp is not a group directory; ignoring it. 
2024-01-30 07:45:01,125 [main] INFO  replication.ReplicationServer (ReplicationServer.java:<init>(86)) - Initializing replication server with thread count = 10 queue length = 4096
2024-01-30 07:45:01,127 [main] INFO  server.XceiverServerGrpc (XceiverServerGrpc.java:<init>(141)) - GrpcServer channel type EpollServerSocketChannel
2024-01-30 07:45:01,129 [main] INFO  replication.ReplicationSupervisor (ReplicationSupervisor.java:build(163)) - Initializing replication supervisor with thread count = 10
2024-01-30 07:45:01,129 [main] INFO  replication.ReplicationSupervisor (ReplicationSupervisor.java:nodeStateUpdated(317)) - Node state updated to IN_SERVICE, scaling executor pool size to 10
2024-01-30 07:45:01,135 [main] INFO  http.BaseHttpServer (BaseHttpServer.java:newHttpServer2BuilderForOzone(223)) - Starting Web-server for hddsDatanode at: http://0.0.0.0:15054
2024-01-30 07:45:01,135 [main] INFO  http.BaseHttpServer (BaseHttpServer.java:<init>(110)) - Hadoop Security Enabled: false Ozone Security Enabled: false Ozone HTTP Security Enabled: false 
2024-01-30 07:45:01,136 [main] WARN  server.AuthenticationFilter (AuthenticationFilter.java:constructSecretProvider(240)) - Unable to initialize FileSignerSecretProvider, falling back to use random secrets. Reason: Could not read signature secret file: /home/runner/hadoop-http-auth-signature-secret
2024-01-30 07:45:01,141 [main] INFO  http.HttpRequestLog (HttpRequestLog.java:getRequestLog(86)) - Http request log for http.requests.hddsDatanode is not defined
2024-01-30 07:45:01,142 [main] INFO  http.HttpServer2 (HttpServer2.java:addGlobalFilter(1036)) - Added global filter 'safety' (class=org.apache.hadoop.hdds.server.http.HttpServer2$QuotingInputFilter)
2024-01-30 07:45:01,143 [main] INFO  http.HttpServer2 (HttpServer2.java:addFilter(1012)) - Added filter static_user_filter (class=org.apache.hadoop.http.lib.StaticUserWebFilter$StaticUserFilter) to context hddsDatanode
2024-01-30 07:45:01,143 [main] INFO  http.HttpServer2 (HttpServer2.java:addFilter(1020)) - Added filter static_user_filter (class=org.apache.hadoop.http.lib.StaticUserWebFilter$StaticUserFilter) to context logs
2024-01-30 07:45:01,144 [main] INFO  http.HttpServer2 (HttpServer2.java:addFilter(1020)) - Added filter static_user_filter (class=org.apache.hadoop.http.lib.StaticUserWebFilter$StaticUserFilter) to context static
2024-01-30 07:45:01,144 [main] INFO  http.BaseHttpServer (BaseHttpServer.java:<init>(189)) - HTTP server of hddsDatanode uses base directory /home/runner/work/ozone/ozone/hadoop-ozone/integration-test/target/test-dir/MiniOzoneClusterImpl-b74639a9-f624-491a-a51e-4d41e99a633c/datanode-5/meta/webserver
2024-01-30 07:45:01,145 [main] INFO  http.HttpServer2 (HttpServer2.java:bindListener(1236)) - Jetty bound to port 15054
2024-01-30 07:45:01,145 [main] INFO  server.Server (Server.java:doStart(375)) - jetty-9.4.53.v20231009; built: 2023-10-09T12:29:09.265Z; git: 27bde00a0b95a1d5bbee0eae7984f891d2d0f8c9; jvm 1.8.0_392-b08
2024-01-30 07:45:01,146 [main] INFO  server.session (DefaultSessionIdManager.java:doStart(334)) - DefaultSessionIdManager workerName=node0
2024-01-30 07:45:01,146 [main] INFO  server.session (DefaultSessionIdManager.java:doStart(339)) - No SessionScavenger set, using defaults
2024-01-30 07:45:01,147 [main] INFO  server.session (HouseKeeper.java:startScavenging(132)) - node0 Scavenging every 600000ms
2024-01-30 07:45:01,148 [main] INFO  handler.ContextHandler (ContextHandler.java:doStart(921)) - Started o.e.j.s.ServletContextHandler@6f8569a7{logs,/logs,file:///home/runner/work/ozone/ozone/hadoop-ozone/integration-test/target/log,AVAILABLE}
2024-01-30 07:45:01,148 [main] INFO  handler.ContextHandler (ContextHandler.java:doStart(921)) - Started o.e.j.s.ServletContextHandler@e48560a{static,/static,jar:file:/home/runner/.m2/repository/org/apache/ozone/hdds-container-service/1.5.0-SNAPSHOT/hdds-container-service-1.5.0-SNAPSHOT.jar!/webapps/static,AVAILABLE}
2024-01-30 07:45:01,163 [om1@group-C5BA1605619E-StateMachineUpdater] INFO  ratis.OzoneManagerStateMachine (OzoneManagerStateMachine.java:notifyConfigurationChanged(200)) - Received Configuration change notification from Ratis. New Peer list:
[id: "om1"
address: "localhost:15007"
startupRole: FOLLOWER
]
2024-01-30 07:45:01,165 [om1@group-C5BA1605619E-StateMachineUpdater] INFO  server.RaftServer$Division (LeaderStateImpl.java:isApplied(320)) - leader is ready since appliedIndex == 0 >= startIndex == 0
2024-01-30 07:45:01,188 [main] INFO  handler.ContextHandler (ContextHandler.java:doStart(921)) - Started o.e.j.w.WebAppContext@7df8457a{hddsDatanode,/,file:///home/runner/work/ozone/ozone/hadoop-ozone/integration-test/target/test-dir/MiniOzoneClusterImpl-b74639a9-f624-491a-a51e-4d41e99a633c/datanode-5/meta/webserver/jetty-0_0_0_0-15054-hdds-container-service-1_5_0-SNAPSHOT_jar-_-any-1803295195755469723/webapp/,AVAILABLE}{jar:file:/home/runner/.m2/repository/org/apache/ozone/hdds-container-service/1.5.0-SNAPSHOT/hdds-container-service-1.5.0-SNAPSHOT.jar!/webapps/hddsDatanode}
2024-01-30 07:45:01,190 [main] INFO  server.AbstractConnector (AbstractConnector.java:doStart(333)) - Started ServerConnector@17f3d5e2{HTTP/1.1, (http/1.1)}{0.0.0.0:15054}
2024-01-30 07:45:01,190 [main] INFO  server.Server (Server.java:doStart(415)) - Started @6958ms
2024-01-30 07:45:01,190 [main] WARN  impl.MetricsSystemImpl (MetricsSystemImpl.java:register(279)) - Sink prometheus already exists!
2024-01-30 07:45:01,191 [main] INFO  http.BaseHttpServer (BaseHttpServer.java:updateConnectorAddress(354)) - HTTP server of hddsDatanode listening at http://0.0.0.0:15054
2024-01-30 07:45:01,191 [main] INFO  ipc.CallQueueManager (CallQueueManager.java:<init>(90)) - Using callQueue: class java.util.concurrent.LinkedBlockingQueue, queueCapacity: 100, scheduler: class org.apache.hadoop.ipc.DefaultRpcScheduler, ipcBackoff: false.
2024-01-30 07:45:01,191 [main] INFO  ipc.Server (Server.java:<init>(1287)) - Listener at 0.0.0.0:15055
2024-01-30 07:45:01,192 [Socket Reader #1 for port 15055] INFO  ipc.Server (Server.java:run(1323)) - Starting Socket Reader #1 for port 15055
2024-01-30 07:45:01,196 [main] INFO  ozone.HddsDatanodeService (HddsDatanodeService.java:start(327)) - Datanode start with admins: [runner]
2024-01-30 07:45:01,196 [main] INFO  ozone.HddsDatanodeClientProtocolServer (HddsDatanodeClientProtocolServer.java:start(72)) - RPC server for Client /0.0.0.0:15055
2024-01-30 07:45:01,197 [IPC Server Responder] INFO  ipc.Server (Server.java:run(1562)) - IPC Server Responder: starting
2024-01-30 07:45:01,198 [IPC Server listener on 15055] INFO  ipc.Server (Server.java:run(1402)) - IPC Server listener on 15055: starting
2024-01-30 07:45:01,199 [f4dc5428-8803-43b0-8e6b-8ffa99f16cef-DatanodeStateMachineDaemonThread] INFO  statemachine.DatanodeStateMachine (DatanodeStateMachine.java:lambda$startDaemon$1(555)) - Ozone container server started.
2024-01-30 07:45:01,199 [main] INFO  ozone.MiniOzoneClusterImpl (MiniOzoneClusterImpl.java:lambda$waitForClusterToBeReady$0(229)) - Waiting for nodes to be ready. Got 0 of 6 DN Heartbeats.
2024-01-30 07:45:01,199 [main] INFO  ozone.MiniOzoneClusterImpl (MiniOzoneClusterImpl.java:lambda$waitForClusterToBeReady$0(232)) - Waiting for cluster to exit safe mode
2024-01-30 07:45:01,199 [main] INFO  ozone.MiniOzoneClusterImpl (MiniOzoneClusterImpl.java:lambda$waitForClusterToBeReady$0(234)) - SCM became leader
2024-01-30 07:45:01,205 [f4dc5428-8803-43b0-8e6b-8ffa99f16cef-DatanodeStateMachineTaskThread-0] INFO  datanode.InitDatanodeState (InitDatanodeState.java:persistContainerDatanodeDetails(139)) - DatanodeDetails is persisted to /home/runner/work/ozone/ozone/hadoop-ozone/integration-test/target/test-dir/MiniOzoneClusterImpl-b74639a9-f624-491a-a51e-4d41e99a633c/datanode-5/meta/datanode.id
2024-01-30 07:45:02,200 [main] INFO  ozone.MiniOzoneClusterImpl (MiniOzoneClusterImpl.java:lambda$waitForClusterToBeReady$0(229)) - Waiting for nodes to be ready. Got 0 of 6 DN Heartbeats.
2024-01-30 07:45:02,200 [main] INFO  ozone.MiniOzoneClusterImpl (MiniOzoneClusterImpl.java:lambda$waitForClusterToBeReady$0(232)) - Waiting for cluster to exit safe mode
2024-01-30 07:45:02,200 [main] INFO  ozone.MiniOzoneClusterImpl (MiniOzoneClusterImpl.java:lambda$waitForClusterToBeReady$0(234)) - SCM became leader
2024-01-30 07:45:02,518 [68b35bab-6033-4329-aa6c-21b57b93715a-EndpointStateMachineTaskThread-/0.0.0.0:15002-0 ] INFO  utils.DatanodeStoreCache (DatanodeStoreCache.java:addDB(72)) - Added db /home/runner/work/ozone/ozone/hadoop-ozone/integration-test/target/test-dir/MiniOzoneClusterImpl-b74639a9-f624-491a-a51e-4d41e99a633c/datanode-0/data-0/containers/hdds/b74639a9-f624-491a-a51e-4d41e99a633c/DS-ab96983c-58be-4984-95be-99c642d688fd/container.db to cache
2024-01-30 07:45:02,518 [68b35bab-6033-4329-aa6c-21b57b93715a-EndpointStateMachineTaskThread-/0.0.0.0:15002-0 ] INFO  volume.HddsVolume (HddsVolume.java:createDbStore(420)) - SchemaV3 db is created and loaded at /home/runner/work/ozone/ozone/hadoop-ozone/integration-test/target/test-dir/MiniOzoneClusterImpl-b74639a9-f624-491a-a51e-4d41e99a633c/datanode-0/data-0/containers/hdds/b74639a9-f624-491a-a51e-4d41e99a633c/DS-ab96983c-58be-4984-95be-99c642d688fd/container.db for volume DS-ab96983c-58be-4984-95be-99c642d688fd
2024-01-30 07:45:02,521 [68b35bab-6033-4329-aa6c-21b57b93715a-EndpointStateMachineTaskThread-/0.0.0.0:15002-0 ] INFO  volume.ThrottledAsyncChecker (ThrottledAsyncChecker.java:schedule(141)) - Scheduling a check for /home/runner/work/ozone/ozone/hadoop-ozone/integration-test/target/test-dir/MiniOzoneClusterImpl-b74639a9-f624-491a-a51e-4d41e99a633c/datanode-0/data-0/containers/hdds
2024-01-30 07:45:02,532 [68b35bab-6033-4329-aa6c-21b57b93715a-EndpointStateMachineTaskThread-/0.0.0.0:15002-0 ] INFO  volume.StorageVolumeChecker (StorageVolumeChecker.java:checkAllVolumes(218)) - Scheduled health check for volume /home/runner/work/ozone/ozone/hadoop-ozone/integration-test/target/test-dir/MiniOzoneClusterImpl-b74639a9-f624-491a-a51e-4d41e99a633c/datanode-0/data-0/containers/hdds
2024-01-30 07:45:02,533 [68b35bab-6033-4329-aa6c-21b57b93715a-EndpointStateMachineTaskThread-/0.0.0.0:15002-0 ] INFO  volume.ThrottledAsyncChecker (ThrottledAsyncChecker.java:schedule(141)) - Scheduling a check for /home/runner/work/ozone/ozone/hadoop-ozone/integration-test/target/test-dir/MiniOzoneClusterImpl-b74639a9-f624-491a-a51e-4d41e99a633c/datanode-0/data/ratis
2024-01-30 07:45:02,534 [68b35bab-6033-4329-aa6c-21b57b93715a-EndpointStateMachineTaskThread-/0.0.0.0:15002-0 ] INFO  volume.StorageVolumeChecker (StorageVolumeChecker.java:checkAllVolumes(218)) - Scheduled health check for volume /home/runner/work/ozone/ozone/hadoop-ozone/integration-test/target/test-dir/MiniOzoneClusterImpl-b74639a9-f624-491a-a51e-4d41e99a633c/datanode-0/data/ratis
2024-01-30 07:45:02,535 [68b35bab-6033-4329-aa6c-21b57b93715a-EndpointStateMachineTaskThread-/0.0.0.0:15002-0 ] INFO  ozoneimpl.OzoneContainer (OzoneContainer.java:start(457)) - Attempting to start container services.
2024-01-30 07:45:02,536 [68b35bab-6033-4329-aa6c-21b57b93715a-EndpointStateMachineTaskThread-/0.0.0.0:15002-0 ] INFO  ozoneimpl.OzoneContainer (OzoneContainer.java:startContainerScrub(339)) - Scheduled background container scanners and the on-demand container scanner have been disabled.
2024-01-30 07:45:02,538 [68b35bab-6033-4329-aa6c-21b57b93715a-EndpointStateMachineTaskThread-/0.0.0.0:15002-0 ] INFO  replication.ReplicationServer (ReplicationServer.java:start(140)) - ReplicationServer is started using port 15016
2024-01-30 07:45:02,538 [68b35bab-6033-4329-aa6c-21b57b93715a-EndpointStateMachineTaskThread-/0.0.0.0:15002-0 ] INFO  ratis.XceiverServerRatis (XceiverServerRatis.java:start(566)) - Starting XceiverServerRatis 68b35bab-6033-4329-aa6c-21b57b93715a
2024-01-30 07:45:02,539 [68b35bab-6033-4329-aa6c-21b57b93715a-EndpointStateMachineTaskThread-/0.0.0.0:15002-0 ] INFO  server.RaftServer (RaftServerProxy.java:startImpl(406)) - 68b35bab-6033-4329-aa6c-21b57b93715a: start RPC server
2024-01-30 07:45:02,540 [68b35bab-6033-4329-aa6c-21b57b93715a-EndpointStateMachineTaskThread-/0.0.0.0:15002-0 ] INFO  server.GrpcService (GrpcService.java:startImpl(302)) - 68b35bab-6033-4329-aa6c-21b57b93715a: GrpcService started, listening on 15012
2024-01-30 07:45:02,543 [68b35bab-6033-4329-aa6c-21b57b93715a-EndpointStateMachineTaskThread-/0.0.0.0:15002-0 ] INFO  server.GrpcService (GrpcService.java:startImpl(302)) - 68b35bab-6033-4329-aa6c-21b57b93715a: GrpcService started, listening on 15014
2024-01-30 07:45:02,544 [68b35bab-6033-4329-aa6c-21b57b93715a-EndpointStateMachineTaskThread-/0.0.0.0:15002-0 ] INFO  server.GrpcService (GrpcService.java:startImpl(302)) - 68b35bab-6033-4329-aa6c-21b57b93715a: GrpcService started, listening on 15013
2024-01-30 07:45:02,545 [JvmPauseMonitor2] INFO  util.JvmPauseMonitor (JvmPauseMonitor.java:run(146)) - JvmPauseMonitor-68b35bab-6033-4329-aa6c-21b57b93715a: Started
2024-01-30 07:45:02,545 [68b35bab-6033-4329-aa6c-21b57b93715a-EndpointStateMachineTaskThread-/0.0.0.0:15002-0 ] INFO  ratis.XceiverServerRatis (XceiverServerRatis.java:getRealPort(592)) - XceiverServerRatis 68b35bab-6033-4329-aa6c-21b57b93715a is started using port 15012 for RATIS
2024-01-30 07:45:02,545 [68b35bab-6033-4329-aa6c-21b57b93715a-EndpointStateMachineTaskThread-/0.0.0.0:15002-0 ] INFO  ratis.XceiverServerRatis (XceiverServerRatis.java:getRealPort(592)) - XceiverServerRatis 68b35bab-6033-4329-aa6c-21b57b93715a is started using port 15013 for RATIS_ADMIN
2024-01-30 07:45:02,545 [68b35bab-6033-4329-aa6c-21b57b93715a-EndpointStateMachineTaskThread-/0.0.0.0:15002-0 ] INFO  ratis.XceiverServerRatis (XceiverServerRatis.java:getRealPort(592)) - XceiverServerRatis 68b35bab-6033-4329-aa6c-21b57b93715a is started using port 15014 for RATIS_SERVER
2024-01-30 07:45:02,546 [68b35bab-6033-4329-aa6c-21b57b93715a-EndpointStateMachineTaskThread-/0.0.0.0:15002-0 ] INFO  ratis.XceiverServerRatis (XceiverServerRatis.java:getRealPort(592)) - XceiverServerRatis 68b35bab-6033-4329-aa6c-21b57b93715a is started using port 15015 for RATIS_DATASTREAM
2024-01-30 07:45:02,550 [68b35bab-6033-4329-aa6c-21b57b93715a-BlockDeletingService#0] INFO  interfaces.ContainerDeletionChoosingPolicyTemplate (ContainerDeletionChoosingPolicyTemplate.java:chooseContainerForBlockDeletion(85)) - Chosen 0/5000 blocks from 0 candidate containers.
2024-01-30 07:45:02,604 [eae9be92-4231-488a-b42d-6128b74e9292-EndpointStateMachineTaskThread-/0.0.0.0:15002-0 ] INFO  utils.DatanodeStoreCache (DatanodeStoreCache.java:addDB(72)) - Added db /home/runner/work/ozone/ozone/hadoop-ozone/integration-test/target/test-dir/MiniOzoneClusterImpl-b74639a9-f624-491a-a51e-4d41e99a633c/datanode-1/data-0/containers/hdds/b74639a9-f624-491a-a51e-4d41e99a633c/DS-a23c3f8b-8796-42d6-af8c-a86612d97f99/container.db to cache
2024-01-30 07:45:02,605 [eae9be92-4231-488a-b42d-6128b74e9292-EndpointStateMachineTaskThread-/0.0.0.0:15002-0 ] INFO  volume.HddsVolume (HddsVolume.java:createDbStore(420)) - SchemaV3 db is created and loaded at /home/runner/work/ozone/ozone/hadoop-ozone/integration-test/target/test-dir/MiniOzoneClusterImpl-b74639a9-f624-491a-a51e-4d41e99a633c/datanode-1/data-0/containers/hdds/b74639a9-f624-491a-a51e-4d41e99a633c/DS-a23c3f8b-8796-42d6-af8c-a86612d97f99/container.db for volume DS-a23c3f8b-8796-42d6-af8c-a86612d97f99
2024-01-30 07:45:02,606 [eae9be92-4231-488a-b42d-6128b74e9292-EndpointStateMachineTaskThread-/0.0.0.0:15002-0 ] INFO  volume.ThrottledAsyncChecker (ThrottledAsyncChecker.java:schedule(141)) - Scheduling a check for /home/runner/work/ozone/ozone/hadoop-ozone/integration-test/target/test-dir/MiniOzoneClusterImpl-b74639a9-f624-491a-a51e-4d41e99a633c/datanode-1/data-0/containers/hdds
2024-01-30 07:45:02,607 [eae9be92-4231-488a-b42d-6128b74e9292-EndpointStateMachineTaskThread-/0.0.0.0:15002-0 ] INFO  volume.StorageVolumeChecker (StorageVolumeChecker.java:checkAllVolumes(218)) - Scheduled health check for volume /home/runner/work/ozone/ozone/hadoop-ozone/integration-test/target/test-dir/MiniOzoneClusterImpl-b74639a9-f624-491a-a51e-4d41e99a633c/datanode-1/data-0/containers/hdds
2024-01-30 07:45:02,612 [eae9be92-4231-488a-b42d-6128b74e9292-EndpointStateMachineTaskThread-/0.0.0.0:15002-0 ] INFO  volume.ThrottledAsyncChecker (ThrottledAsyncChecker.java:schedule(141)) - Scheduling a check for /home/runner/work/ozone/ozone/hadoop-ozone/integration-test/target/test-dir/MiniOzoneClusterImpl-b74639a9-f624-491a-a51e-4d41e99a633c/datanode-1/data/ratis
2024-01-30 07:45:02,612 [eae9be92-4231-488a-b42d-6128b74e9292-EndpointStateMachineTaskThread-/0.0.0.0:15002-0 ] INFO  volume.StorageVolumeChecker (StorageVolumeChecker.java:checkAllVolumes(218)) - Scheduled health check for volume /home/runner/work/ozone/ozone/hadoop-ozone/integration-test/target/test-dir/MiniOzoneClusterImpl-b74639a9-f624-491a-a51e-4d41e99a633c/datanode-1/data/ratis
2024-01-30 07:45:02,613 [eae9be92-4231-488a-b42d-6128b74e9292-EndpointStateMachineTaskThread-/0.0.0.0:15002-0 ] INFO  ozoneimpl.OzoneContainer (OzoneContainer.java:start(457)) - Attempting to start container services.
2024-01-30 07:45:02,613 [eae9be92-4231-488a-b42d-6128b74e9292-EndpointStateMachineTaskThread-/0.0.0.0:15002-0 ] INFO  ozoneimpl.OzoneContainer (OzoneContainer.java:startContainerScrub(339)) - Scheduled background container scanners and the on-demand container scanner have been disabled.
2024-01-30 07:45:02,615 [eae9be92-4231-488a-b42d-6128b74e9292-EndpointStateMachineTaskThread-/0.0.0.0:15002-0 ] INFO  replication.ReplicationServer (ReplicationServer.java:start(140)) - ReplicationServer is started using port 15025
2024-01-30 07:45:02,615 [eae9be92-4231-488a-b42d-6128b74e9292-EndpointStateMachineTaskThread-/0.0.0.0:15002-0 ] INFO  ratis.XceiverServerRatis (XceiverServerRatis.java:start(566)) - Starting XceiverServerRatis eae9be92-4231-488a-b42d-6128b74e9292
2024-01-30 07:45:02,616 [eae9be92-4231-488a-b42d-6128b74e9292-EndpointStateMachineTaskThread-/0.0.0.0:15002-0 ] INFO  server.RaftServer (RaftServerProxy.java:startImpl(406)) - eae9be92-4231-488a-b42d-6128b74e9292: start RPC server
2024-01-30 07:45:02,617 [eae9be92-4231-488a-b42d-6128b74e9292-EndpointStateMachineTaskThread-/0.0.0.0:15002-0 ] INFO  server.GrpcService (GrpcService.java:startImpl(302)) - eae9be92-4231-488a-b42d-6128b74e9292: GrpcService started, listening on 15021
2024-01-30 07:45:02,619 [eae9be92-4231-488a-b42d-6128b74e9292-EndpointStateMachineTaskThread-/0.0.0.0:15002-0 ] INFO  server.GrpcService (GrpcService.java:startImpl(302)) - eae9be92-4231-488a-b42d-6128b74e9292: GrpcService started, listening on 15023
2024-01-30 07:45:02,622 [eae9be92-4231-488a-b42d-6128b74e9292-EndpointStateMachineTaskThread-/0.0.0.0:15002-0 ] INFO  server.GrpcService (GrpcService.java:startImpl(302)) - eae9be92-4231-488a-b42d-6128b74e9292: GrpcService started, listening on 15022
2024-01-30 07:45:02,622 [eae9be92-4231-488a-b42d-6128b74e9292-EndpointStateMachineTaskThread-/0.0.0.0:15002-0 ] INFO  ratis.XceiverServerRatis (XceiverServerRatis.java:getRealPort(592)) - XceiverServerRatis eae9be92-4231-488a-b42d-6128b74e9292 is started using port 15021 for RATIS
2024-01-30 07:45:02,622 [JvmPauseMonitor3] INFO  util.JvmPauseMonitor (JvmPauseMonitor.java:run(146)) - JvmPauseMonitor-eae9be92-4231-488a-b42d-6128b74e9292: Started
2024-01-30 07:45:02,622 [eae9be92-4231-488a-b42d-6128b74e9292-EndpointStateMachineTaskThread-/0.0.0.0:15002-0 ] INFO  ratis.XceiverServerRatis (XceiverServerRatis.java:getRealPort(592)) - XceiverServerRatis eae9be92-4231-488a-b42d-6128b74e9292 is started using port 15022 for RATIS_ADMIN
2024-01-30 07:45:02,623 [eae9be92-4231-488a-b42d-6128b74e9292-EndpointStateMachineTaskThread-/0.0.0.0:15002-0 ] INFO  ratis.XceiverServerRatis (XceiverServerRatis.java:getRealPort(592)) - XceiverServerRatis eae9be92-4231-488a-b42d-6128b74e9292 is started using port 15023 for RATIS_SERVER
2024-01-30 07:45:02,623 [eae9be92-4231-488a-b42d-6128b74e9292-EndpointStateMachineTaskThread-/0.0.0.0:15002-0 ] INFO  ratis.XceiverServerRatis (XceiverServerRatis.java:getRealPort(592)) - XceiverServerRatis eae9be92-4231-488a-b42d-6128b74e9292 is started using port 15024 for RATIS_DATASTREAM
2024-01-30 07:45:02,627 [eae9be92-4231-488a-b42d-6128b74e9292-BlockDeletingService#0] INFO  interfaces.ContainerDeletionChoosingPolicyTemplate (ContainerDeletionChoosingPolicyTemplate.java:chooseContainerForBlockDeletion(85)) - Chosen 0/5000 blocks from 0 candidate containers.
2024-01-30 07:45:02,744 [bf3622ab-3fe7-408a-b5e0-736b392a243c-EndpointStateMachineTaskThread-/0.0.0.0:15002-0 ] INFO  utils.DatanodeStoreCache (DatanodeStoreCache.java:addDB(72)) - Added db /home/runner/work/ozone/ozone/hadoop-ozone/integration-test/target/test-dir/MiniOzoneClusterImpl-b74639a9-f624-491a-a51e-4d41e99a633c/datanode-2/data-0/containers/hdds/b74639a9-f624-491a-a51e-4d41e99a633c/DS-1d044b9d-e68a-4f66-ba05-e53b63e0347f/container.db to cache
2024-01-30 07:45:02,744 [bf3622ab-3fe7-408a-b5e0-736b392a243c-EndpointStateMachineTaskThread-/0.0.0.0:15002-0 ] INFO  volume.HddsVolume (HddsVolume.java:createDbStore(420)) - SchemaV3 db is created and loaded at /home/runner/work/ozone/ozone/hadoop-ozone/integration-test/target/test-dir/MiniOzoneClusterImpl-b74639a9-f624-491a-a51e-4d41e99a633c/datanode-2/data-0/containers/hdds/b74639a9-f624-491a-a51e-4d41e99a633c/DS-1d044b9d-e68a-4f66-ba05-e53b63e0347f/container.db for volume DS-1d044b9d-e68a-4f66-ba05-e53b63e0347f
2024-01-30 07:45:02,746 [bf3622ab-3fe7-408a-b5e0-736b392a243c-EndpointStateMachineTaskThread-/0.0.0.0:15002-0 ] INFO  volume.ThrottledAsyncChecker (ThrottledAsyncChecker.java:schedule(141)) - Scheduling a check for /home/runner/work/ozone/ozone/hadoop-ozone/integration-test/target/test-dir/MiniOzoneClusterImpl-b74639a9-f624-491a-a51e-4d41e99a633c/datanode-2/data-0/containers/hdds
2024-01-30 07:45:02,746 [bf3622ab-3fe7-408a-b5e0-736b392a243c-EndpointStateMachineTaskThread-/0.0.0.0:15002-0 ] INFO  volume.StorageVolumeChecker (StorageVolumeChecker.java:checkAllVolumes(218)) - Scheduled health check for volume /home/runner/work/ozone/ozone/hadoop-ozone/integration-test/target/test-dir/MiniOzoneClusterImpl-b74639a9-f624-491a-a51e-4d41e99a633c/datanode-2/data-0/containers/hdds
2024-01-30 07:45:02,747 [bf3622ab-3fe7-408a-b5e0-736b392a243c-EndpointStateMachineTaskThread-/0.0.0.0:15002-0 ] INFO  volume.ThrottledAsyncChecker (ThrottledAsyncChecker.java:schedule(141)) - Scheduling a check for /home/runner/work/ozone/ozone/hadoop-ozone/integration-test/target/test-dir/MiniOzoneClusterImpl-b74639a9-f624-491a-a51e-4d41e99a633c/datanode-2/data/ratis
2024-01-30 07:45:02,748 [bf3622ab-3fe7-408a-b5e0-736b392a243c-EndpointStateMachineTaskThread-/0.0.0.0:15002-0 ] INFO  volume.StorageVolumeChecker (StorageVolumeChecker.java:checkAllVolumes(218)) - Scheduled health check for volume /home/runner/work/ozone/ozone/hadoop-ozone/integration-test/target/test-dir/MiniOzoneClusterImpl-b74639a9-f624-491a-a51e-4d41e99a633c/datanode-2/data/ratis
2024-01-30 07:45:02,749 [bf3622ab-3fe7-408a-b5e0-736b392a243c-EndpointStateMachineTaskThread-/0.0.0.0:15002-0 ] INFO  ozoneimpl.OzoneContainer (OzoneContainer.java:start(457)) - Attempting to start container services.
2024-01-30 07:45:02,749 [bf3622ab-3fe7-408a-b5e0-736b392a243c-EndpointStateMachineTaskThread-/0.0.0.0:15002-0 ] INFO  ozoneimpl.OzoneContainer (OzoneContainer.java:startContainerScrub(339)) - Scheduled background container scanners and the on-demand container scanner have been disabled.
2024-01-30 07:45:02,750 [bf3622ab-3fe7-408a-b5e0-736b392a243c-EndpointStateMachineTaskThread-/0.0.0.0:15002-0 ] INFO  replication.ReplicationServer (ReplicationServer.java:start(140)) - ReplicationServer is started using port 15034
2024-01-30 07:45:02,750 [bf3622ab-3fe7-408a-b5e0-736b392a243c-EndpointStateMachineTaskThread-/0.0.0.0:15002-0 ] INFO  ratis.XceiverServerRatis (XceiverServerRatis.java:start(566)) - Starting XceiverServerRatis bf3622ab-3fe7-408a-b5e0-736b392a243c
2024-01-30 07:45:02,751 [bf3622ab-3fe7-408a-b5e0-736b392a243c-EndpointStateMachineTaskThread-/0.0.0.0:15002-0 ] INFO  server.RaftServer (RaftServerProxy.java:startImpl(406)) - bf3622ab-3fe7-408a-b5e0-736b392a243c: start RPC server
2024-01-30 07:45:02,752 [bf3622ab-3fe7-408a-b5e0-736b392a243c-EndpointStateMachineTaskThread-/0.0.0.0:15002-0 ] INFO  server.GrpcService (GrpcService.java:startImpl(302)) - bf3622ab-3fe7-408a-b5e0-736b392a243c: GrpcService started, listening on 15030
2024-01-30 07:45:02,754 [bf3622ab-3fe7-408a-b5e0-736b392a243c-EndpointStateMachineTaskThread-/0.0.0.0:15002-0 ] INFO  server.GrpcService (GrpcService.java:startImpl(302)) - bf3622ab-3fe7-408a-b5e0-736b392a243c: GrpcService started, listening on 15032
2024-01-30 07:45:02,755 [bf3622ab-3fe7-408a-b5e0-736b392a243c-EndpointStateMachineTaskThread-/0.0.0.0:15002-0 ] INFO  server.GrpcService (GrpcService.java:startImpl(302)) - bf3622ab-3fe7-408a-b5e0-736b392a243c: GrpcService started, listening on 15031
2024-01-30 07:45:02,755 [bf3622ab-3fe7-408a-b5e0-736b392a243c-EndpointStateMachineTaskThread-/0.0.0.0:15002-0 ] INFO  ratis.XceiverServerRatis (XceiverServerRatis.java:getRealPort(592)) - XceiverServerRatis bf3622ab-3fe7-408a-b5e0-736b392a243c is started using port 15030 for RATIS
2024-01-30 07:45:02,755 [bf3622ab-3fe7-408a-b5e0-736b392a243c-EndpointStateMachineTaskThread-/0.0.0.0:15002-0 ] INFO  ratis.XceiverServerRatis (XceiverServerRatis.java:getRealPort(592)) - XceiverServerRatis bf3622ab-3fe7-408a-b5e0-736b392a243c is started using port 15031 for RATIS_ADMIN
2024-01-30 07:45:02,756 [bf3622ab-3fe7-408a-b5e0-736b392a243c-EndpointStateMachineTaskThread-/0.0.0.0:15002-0 ] INFO  ratis.XceiverServerRatis (XceiverServerRatis.java:getRealPort(592)) - XceiverServerRatis bf3622ab-3fe7-408a-b5e0-736b392a243c is started using port 15032 for RATIS_SERVER
2024-01-30 07:45:02,756 [bf3622ab-3fe7-408a-b5e0-736b392a243c-EndpointStateMachineTaskThread-/0.0.0.0:15002-0 ] INFO  ratis.XceiverServerRatis (XceiverServerRatis.java:getRealPort(592)) - XceiverServerRatis bf3622ab-3fe7-408a-b5e0-736b392a243c is started using port 15033 for RATIS_DATASTREAM
2024-01-30 07:45:02,755 [JvmPauseMonitor4] INFO  util.JvmPauseMonitor (JvmPauseMonitor.java:run(146)) - JvmPauseMonitor-bf3622ab-3fe7-408a-b5e0-736b392a243c: Started
2024-01-30 07:45:02,759 [bf3622ab-3fe7-408a-b5e0-736b392a243c-BlockDeletingService#0] INFO  interfaces.ContainerDeletionChoosingPolicyTemplate (ContainerDeletionChoosingPolicyTemplate.java:chooseContainerForBlockDeletion(85)) - Chosen 0/5000 blocks from 0 candidate containers.
2024-01-30 07:45:02,908 [55f20ed8-ad05-4879-9178-788b5883eeb3-EndpointStateMachineTaskThread-/0.0.0.0:15002-0 ] INFO  utils.DatanodeStoreCache (DatanodeStoreCache.java:addDB(72)) - Added db /home/runner/work/ozone/ozone/hadoop-ozone/integration-test/target/test-dir/MiniOzoneClusterImpl-b74639a9-f624-491a-a51e-4d41e99a633c/datanode-3/data-0/containers/hdds/b74639a9-f624-491a-a51e-4d41e99a633c/DS-ec128420-3bed-4c1b-b013-f449360fc1b0/container.db to cache
2024-01-30 07:45:02,908 [55f20ed8-ad05-4879-9178-788b5883eeb3-EndpointStateMachineTaskThread-/0.0.0.0:15002-0 ] INFO  volume.HddsVolume (HddsVolume.java:createDbStore(420)) - SchemaV3 db is created and loaded at /home/runner/work/ozone/ozone/hadoop-ozone/integration-test/target/test-dir/MiniOzoneClusterImpl-b74639a9-f624-491a-a51e-4d41e99a633c/datanode-3/data-0/containers/hdds/b74639a9-f624-491a-a51e-4d41e99a633c/DS-ec128420-3bed-4c1b-b013-f449360fc1b0/container.db for volume DS-ec128420-3bed-4c1b-b013-f449360fc1b0
2024-01-30 07:45:02,910 [55f20ed8-ad05-4879-9178-788b5883eeb3-EndpointStateMachineTaskThread-/0.0.0.0:15002-0 ] INFO  volume.ThrottledAsyncChecker (ThrottledAsyncChecker.java:schedule(141)) - Scheduling a check for /home/runner/work/ozone/ozone/hadoop-ozone/integration-test/target/test-dir/MiniOzoneClusterImpl-b74639a9-f624-491a-a51e-4d41e99a633c/datanode-3/data-0/containers/hdds
2024-01-30 07:45:02,910 [55f20ed8-ad05-4879-9178-788b5883eeb3-EndpointStateMachineTaskThread-/0.0.0.0:15002-0 ] INFO  volume.StorageVolumeChecker (StorageVolumeChecker.java:checkAllVolumes(218)) - Scheduled health check for volume /home/runner/work/ozone/ozone/hadoop-ozone/integration-test/target/test-dir/MiniOzoneClusterImpl-b74639a9-f624-491a-a51e-4d41e99a633c/datanode-3/data-0/containers/hdds
2024-01-30 07:45:02,912 [55f20ed8-ad05-4879-9178-788b5883eeb3-EndpointStateMachineTaskThread-/0.0.0.0:15002-0 ] INFO  volume.ThrottledAsyncChecker (ThrottledAsyncChecker.java:schedule(141)) - Scheduling a check for /home/runner/work/ozone/ozone/hadoop-ozone/integration-test/target/test-dir/MiniOzoneClusterImpl-b74639a9-f624-491a-a51e-4d41e99a633c/datanode-3/data/ratis
2024-01-30 07:45:02,912 [55f20ed8-ad05-4879-9178-788b5883eeb3-EndpointStateMachineTaskThread-/0.0.0.0:15002-0 ] INFO  volume.StorageVolumeChecker (StorageVolumeChecker.java:checkAllVolumes(218)) - Scheduled health check for volume /home/runner/work/ozone/ozone/hadoop-ozone/integration-test/target/test-dir/MiniOzoneClusterImpl-b74639a9-f624-491a-a51e-4d41e99a633c/datanode-3/data/ratis
2024-01-30 07:45:02,913 [55f20ed8-ad05-4879-9178-788b5883eeb3-EndpointStateMachineTaskThread-/0.0.0.0:15002-0 ] INFO  ozoneimpl.OzoneContainer (OzoneContainer.java:start(457)) - Attempting to start container services.
2024-01-30 07:45:02,913 [55f20ed8-ad05-4879-9178-788b5883eeb3-EndpointStateMachineTaskThread-/0.0.0.0:15002-0 ] INFO  ozoneimpl.OzoneContainer (OzoneContainer.java:startContainerScrub(339)) - Scheduled background container scanners and the on-demand container scanner have been disabled.
2024-01-30 07:45:02,914 [55f20ed8-ad05-4879-9178-788b5883eeb3-EndpointStateMachineTaskThread-/0.0.0.0:15002-0 ] INFO  replication.ReplicationServer (ReplicationServer.java:start(140)) - ReplicationServer is started using port 15043
2024-01-30 07:45:02,914 [55f20ed8-ad05-4879-9178-788b5883eeb3-EndpointStateMachineTaskThread-/0.0.0.0:15002-0 ] INFO  ratis.XceiverServerRatis (XceiverServerRatis.java:start(566)) - Starting XceiverServerRatis 55f20ed8-ad05-4879-9178-788b5883eeb3
2024-01-30 07:45:02,916 [55f20ed8-ad05-4879-9178-788b5883eeb3-EndpointStateMachineTaskThread-/0.0.0.0:15002-0 ] INFO  server.RaftServer (RaftServerProxy.java:startImpl(406)) - 55f20ed8-ad05-4879-9178-788b5883eeb3: start RPC server
2024-01-30 07:45:02,918 [55f20ed8-ad05-4879-9178-788b5883eeb3-EndpointStateMachineTaskThread-/0.0.0.0:15002-0 ] INFO  server.GrpcService (GrpcService.java:startImpl(302)) - 55f20ed8-ad05-4879-9178-788b5883eeb3: GrpcService started, listening on 15039
2024-01-30 07:45:02,919 [55f20ed8-ad05-4879-9178-788b5883eeb3-EndpointStateMachineTaskThread-/0.0.0.0:15002-0 ] INFO  server.GrpcService (GrpcService.java:startImpl(302)) - 55f20ed8-ad05-4879-9178-788b5883eeb3: GrpcService started, listening on 15041
2024-01-30 07:45:02,924 [55f20ed8-ad05-4879-9178-788b5883eeb3-EndpointStateMachineTaskThread-/0.0.0.0:15002-0 ] INFO  server.GrpcService (GrpcService.java:startImpl(302)) - 55f20ed8-ad05-4879-9178-788b5883eeb3: GrpcService started, listening on 15040
2024-01-30 07:45:02,924 [55f20ed8-ad05-4879-9178-788b5883eeb3-EndpointStateMachineTaskThread-/0.0.0.0:15002-0 ] INFO  ratis.XceiverServerRatis (XceiverServerRatis.java:getRealPort(592)) - XceiverServerRatis 55f20ed8-ad05-4879-9178-788b5883eeb3 is started using port 15039 for RATIS
2024-01-30 07:45:02,924 [JvmPauseMonitor5] INFO  util.JvmPauseMonitor (JvmPauseMonitor.java:run(146)) - JvmPauseMonitor-55f20ed8-ad05-4879-9178-788b5883eeb3: Started
2024-01-30 07:45:02,925 [55f20ed8-ad05-4879-9178-788b5883eeb3-EndpointStateMachineTaskThread-/0.0.0.0:15002-0 ] INFO  ratis.XceiverServerRatis (XceiverServerRatis.java:getRealPort(592)) - XceiverServerRatis 55f20ed8-ad05-4879-9178-788b5883eeb3 is started using port 15040 for RATIS_ADMIN
2024-01-30 07:45:02,925 [55f20ed8-ad05-4879-9178-788b5883eeb3-EndpointStateMachineTaskThread-/0.0.0.0:15002-0 ] INFO  ratis.XceiverServerRatis (XceiverServerRatis.java:getRealPort(592)) - XceiverServerRatis 55f20ed8-ad05-4879-9178-788b5883eeb3 is started using port 15041 for RATIS_SERVER
2024-01-30 07:45:02,925 [55f20ed8-ad05-4879-9178-788b5883eeb3-EndpointStateMachineTaskThread-/0.0.0.0:15002-0 ] INFO  ratis.XceiverServerRatis (XceiverServerRatis.java:getRealPort(592)) - XceiverServerRatis 55f20ed8-ad05-4879-9178-788b5883eeb3 is started using port 15042 for RATIS_DATASTREAM
2024-01-30 07:45:02,928 [55f20ed8-ad05-4879-9178-788b5883eeb3-BlockDeletingService#0] INFO  interfaces.ContainerDeletionChoosingPolicyTemplate (ContainerDeletionChoosingPolicyTemplate.java:chooseContainerForBlockDeletion(85)) - Chosen 0/5000 blocks from 0 candidate containers.
2024-01-30 07:45:03,107 [6af36478-fafe-44e8-8f65-092a10613903-EndpointStateMachineTaskThread-/0.0.0.0:15002-0 ] INFO  utils.DatanodeStoreCache (DatanodeStoreCache.java:addDB(72)) - Added db /home/runner/work/ozone/ozone/hadoop-ozone/integration-test/target/test-dir/MiniOzoneClusterImpl-b74639a9-f624-491a-a51e-4d41e99a633c/datanode-4/data-0/containers/hdds/b74639a9-f624-491a-a51e-4d41e99a633c/DS-046a9ded-cb65-4411-8121-4f8494db1484/container.db to cache
2024-01-30 07:45:03,108 [6af36478-fafe-44e8-8f65-092a10613903-EndpointStateMachineTaskThread-/0.0.0.0:15002-0 ] INFO  volume.HddsVolume (HddsVolume.java:createDbStore(420)) - SchemaV3 db is created and loaded at /home/runner/work/ozone/ozone/hadoop-ozone/integration-test/target/test-dir/MiniOzoneClusterImpl-b74639a9-f624-491a-a51e-4d41e99a633c/datanode-4/data-0/containers/hdds/b74639a9-f624-491a-a51e-4d41e99a633c/DS-046a9ded-cb65-4411-8121-4f8494db1484/container.db for volume DS-046a9ded-cb65-4411-8121-4f8494db1484
2024-01-30 07:45:03,109 [6af36478-fafe-44e8-8f65-092a10613903-EndpointStateMachineTaskThread-/0.0.0.0:15002-0 ] INFO  volume.ThrottledAsyncChecker (ThrottledAsyncChecker.java:schedule(141)) - Scheduling a check for /home/runner/work/ozone/ozone/hadoop-ozone/integration-test/target/test-dir/MiniOzoneClusterImpl-b74639a9-f624-491a-a51e-4d41e99a633c/datanode-4/data-0/containers/hdds
2024-01-30 07:45:03,109 [6af36478-fafe-44e8-8f65-092a10613903-EndpointStateMachineTaskThread-/0.0.0.0:15002-0 ] INFO  volume.StorageVolumeChecker (StorageVolumeChecker.java:checkAllVolumes(218)) - Scheduled health check for volume /home/runner/work/ozone/ozone/hadoop-ozone/integration-test/target/test-dir/MiniOzoneClusterImpl-b74639a9-f624-491a-a51e-4d41e99a633c/datanode-4/data-0/containers/hdds
2024-01-30 07:45:03,111 [6af36478-fafe-44e8-8f65-092a10613903-EndpointStateMachineTaskThread-/0.0.0.0:15002-0 ] INFO  volume.ThrottledAsyncChecker (ThrottledAsyncChecker.java:schedule(141)) - Scheduling a check for /home/runner/work/ozone/ozone/hadoop-ozone/integration-test/target/test-dir/MiniOzoneClusterImpl-b74639a9-f624-491a-a51e-4d41e99a633c/datanode-4/data/ratis
2024-01-30 07:45:03,111 [6af36478-fafe-44e8-8f65-092a10613903-EndpointStateMachineTaskThread-/0.0.0.0:15002-0 ] INFO  volume.StorageVolumeChecker (StorageVolumeChecker.java:checkAllVolumes(218)) - Scheduled health check for volume /home/runner/work/ozone/ozone/hadoop-ozone/integration-test/target/test-dir/MiniOzoneClusterImpl-b74639a9-f624-491a-a51e-4d41e99a633c/datanode-4/data/ratis
2024-01-30 07:45:03,112 [6af36478-fafe-44e8-8f65-092a10613903-EndpointStateMachineTaskThread-/0.0.0.0:15002-0 ] INFO  ozoneimpl.OzoneContainer (OzoneContainer.java:start(457)) - Attempting to start container services.
2024-01-30 07:45:03,112 [6af36478-fafe-44e8-8f65-092a10613903-EndpointStateMachineTaskThread-/0.0.0.0:15002-0 ] INFO  ozoneimpl.OzoneContainer (OzoneContainer.java:startContainerScrub(339)) - Scheduled background container scanners and the on-demand container scanner have been disabled.
2024-01-30 07:45:03,113 [6af36478-fafe-44e8-8f65-092a10613903-EndpointStateMachineTaskThread-/0.0.0.0:15002-0 ] INFO  replication.ReplicationServer (ReplicationServer.java:start(140)) - ReplicationServer is started using port 15052
2024-01-30 07:45:03,113 [6af36478-fafe-44e8-8f65-092a10613903-EndpointStateMachineTaskThread-/0.0.0.0:15002-0 ] INFO  ratis.XceiverServerRatis (XceiverServerRatis.java:start(566)) - Starting XceiverServerRatis 6af36478-fafe-44e8-8f65-092a10613903
2024-01-30 07:45:03,114 [6af36478-fafe-44e8-8f65-092a10613903-EndpointStateMachineTaskThread-/0.0.0.0:15002-0 ] INFO  server.RaftServer (RaftServerProxy.java:startImpl(406)) - 6af36478-fafe-44e8-8f65-092a10613903: start RPC server
2024-01-30 07:45:03,114 [6af36478-fafe-44e8-8f65-092a10613903-EndpointStateMachineTaskThread-/0.0.0.0:15002-0 ] INFO  server.GrpcService (GrpcService.java:startImpl(302)) - 6af36478-fafe-44e8-8f65-092a10613903: GrpcService started, listening on 15048
2024-01-30 07:45:03,119 [6af36478-fafe-44e8-8f65-092a10613903-EndpointStateMachineTaskThread-/0.0.0.0:15002-0 ] INFO  server.GrpcService (GrpcService.java:startImpl(302)) - 6af36478-fafe-44e8-8f65-092a10613903: GrpcService started, listening on 15050
2024-01-30 07:45:03,120 [6af36478-fafe-44e8-8f65-092a10613903-EndpointStateMachineTaskThread-/0.0.0.0:15002-0 ] INFO  server.GrpcService (GrpcService.java:startImpl(302)) - 6af36478-fafe-44e8-8f65-092a10613903: GrpcService started, listening on 15049
2024-01-30 07:45:03,120 [6af36478-fafe-44e8-8f65-092a10613903-EndpointStateMachineTaskThread-/0.0.0.0:15002-0 ] INFO  ratis.XceiverServerRatis (XceiverServerRatis.java:getRealPort(592)) - XceiverServerRatis 6af36478-fafe-44e8-8f65-092a10613903 is started using port 15048 for RATIS
2024-01-30 07:45:03,120 [JvmPauseMonitor6] INFO  util.JvmPauseMonitor (JvmPauseMonitor.java:run(146)) - JvmPauseMonitor-6af36478-fafe-44e8-8f65-092a10613903: Started
2024-01-30 07:45:03,120 [6af36478-fafe-44e8-8f65-092a10613903-EndpointStateMachineTaskThread-/0.0.0.0:15002-0 ] INFO  ratis.XceiverServerRatis (XceiverServerRatis.java:getRealPort(592)) - XceiverServerRatis 6af36478-fafe-44e8-8f65-092a10613903 is started using port 15049 for RATIS_ADMIN
2024-01-30 07:45:03,121 [6af36478-fafe-44e8-8f65-092a10613903-EndpointStateMachineTaskThread-/0.0.0.0:15002-0 ] INFO  ratis.XceiverServerRatis (XceiverServerRatis.java:getRealPort(592)) - XceiverServerRatis 6af36478-fafe-44e8-8f65-092a10613903 is started using port 15050 for RATIS_SERVER
2024-01-30 07:45:03,121 [6af36478-fafe-44e8-8f65-092a10613903-EndpointStateMachineTaskThread-/0.0.0.0:15002-0 ] INFO  ratis.XceiverServerRatis (XceiverServerRatis.java:getRealPort(592)) - XceiverServerRatis 6af36478-fafe-44e8-8f65-092a10613903 is started using port 15051 for RATIS_DATASTREAM
2024-01-30 07:45:03,123 [6af36478-fafe-44e8-8f65-092a10613903-BlockDeletingService#0] INFO  interfaces.ContainerDeletionChoosingPolicyTemplate (ContainerDeletionChoosingPolicyTemplate.java:chooseContainerForBlockDeletion(85)) - Chosen 0/5000 blocks from 0 candidate containers.
2024-01-30 07:45:03,200 [main] INFO  ozone.MiniOzoneClusterImpl (MiniOzoneClusterImpl.java:lambda$waitForClusterToBeReady$0(229)) - Waiting for nodes to be ready. Got 0 of 6 DN Heartbeats.
2024-01-30 07:45:03,200 [main] INFO  ozone.MiniOzoneClusterImpl (MiniOzoneClusterImpl.java:lambda$waitForClusterToBeReady$0(232)) - Waiting for cluster to exit safe mode
2024-01-30 07:45:03,200 [main] INFO  ozone.MiniOzoneClusterImpl (MiniOzoneClusterImpl.java:lambda$waitForClusterToBeReady$0(234)) - SCM became leader
2024-01-30 07:45:03,223 [f4dc5428-8803-43b0-8e6b-8ffa99f16cef-EndpointStateMachineTaskThread-/0.0.0.0:15002-0 ] INFO  utils.DatanodeStoreCache (DatanodeStoreCache.java:addDB(72)) - Added db /home/runner/work/ozone/ozone/hadoop-ozone/integration-test/target/test-dir/MiniOzoneClusterImpl-b74639a9-f624-491a-a51e-4d41e99a633c/datanode-5/data-0/containers/hdds/b74639a9-f624-491a-a51e-4d41e99a633c/DS-08136c3d-9808-4829-b283-a1d54c1995d9/container.db to cache
2024-01-30 07:45:03,223 [f4dc5428-8803-43b0-8e6b-8ffa99f16cef-EndpointStateMachineTaskThread-/0.0.0.0:15002-0 ] INFO  volume.HddsVolume (HddsVolume.java:createDbStore(420)) - SchemaV3 db is created and loaded at /home/runner/work/ozone/ozone/hadoop-ozone/integration-test/target/test-dir/MiniOzoneClusterImpl-b74639a9-f624-491a-a51e-4d41e99a633c/datanode-5/data-0/containers/hdds/b74639a9-f624-491a-a51e-4d41e99a633c/DS-08136c3d-9808-4829-b283-a1d54c1995d9/container.db for volume DS-08136c3d-9808-4829-b283-a1d54c1995d9
2024-01-30 07:45:03,225 [f4dc5428-8803-43b0-8e6b-8ffa99f16cef-EndpointStateMachineTaskThread-/0.0.0.0:15002-0 ] INFO  volume.ThrottledAsyncChecker (ThrottledAsyncChecker.java:schedule(141)) - Scheduling a check for /home/runner/work/ozone/ozone/hadoop-ozone/integration-test/target/test-dir/MiniOzoneClusterImpl-b74639a9-f624-491a-a51e-4d41e99a633c/datanode-5/data-0/containers/hdds
2024-01-30 07:45:03,225 [f4dc5428-8803-43b0-8e6b-8ffa99f16cef-EndpointStateMachineTaskThread-/0.0.0.0:15002-0 ] INFO  volume.StorageVolumeChecker (StorageVolumeChecker.java:checkAllVolumes(218)) - Scheduled health check for volume /home/runner/work/ozone/ozone/hadoop-ozone/integration-test/target/test-dir/MiniOzoneClusterImpl-b74639a9-f624-491a-a51e-4d41e99a633c/datanode-5/data-0/containers/hdds
2024-01-30 07:45:03,227 [f4dc5428-8803-43b0-8e6b-8ffa99f16cef-EndpointStateMachineTaskThread-/0.0.0.0:15002-0 ] INFO  volume.ThrottledAsyncChecker (ThrottledAsyncChecker.java:schedule(141)) - Scheduling a check for /home/runner/work/ozone/ozone/hadoop-ozone/integration-test/target/test-dir/MiniOzoneClusterImpl-b74639a9-f624-491a-a51e-4d41e99a633c/datanode-5/data/ratis
2024-01-30 07:45:03,228 [f4dc5428-8803-43b0-8e6b-8ffa99f16cef-EndpointStateMachineTaskThread-/0.0.0.0:15002-0 ] INFO  volume.StorageVolumeChecker (StorageVolumeChecker.java:checkAllVolumes(218)) - Scheduled health check for volume /home/runner/work/ozone/ozone/hadoop-ozone/integration-test/target/test-dir/MiniOzoneClusterImpl-b74639a9-f624-491a-a51e-4d41e99a633c/datanode-5/data/ratis
2024-01-30 07:45:03,228 [f4dc5428-8803-43b0-8e6b-8ffa99f16cef-EndpointStateMachineTaskThread-/0.0.0.0:15002-0 ] INFO  ozoneimpl.OzoneContainer (OzoneContainer.java:start(457)) - Attempting to start container services.
2024-01-30 07:45:03,228 [f4dc5428-8803-43b0-8e6b-8ffa99f16cef-EndpointStateMachineTaskThread-/0.0.0.0:15002-0 ] INFO  ozoneimpl.OzoneContainer (OzoneContainer.java:startContainerScrub(339)) - Scheduled background container scanners and the on-demand container scanner have been disabled.
2024-01-30 07:45:03,229 [f4dc5428-8803-43b0-8e6b-8ffa99f16cef-EndpointStateMachineTaskThread-/0.0.0.0:15002-0 ] INFO  replication.ReplicationServer (ReplicationServer.java:start(140)) - ReplicationServer is started using port 15061
2024-01-30 07:45:03,229 [f4dc5428-8803-43b0-8e6b-8ffa99f16cef-EndpointStateMachineTaskThread-/0.0.0.0:15002-0 ] INFO  ratis.XceiverServerRatis (XceiverServerRatis.java:start(566)) - Starting XceiverServerRatis f4dc5428-8803-43b0-8e6b-8ffa99f16cef
2024-01-30 07:45:03,230 [f4dc5428-8803-43b0-8e6b-8ffa99f16cef-EndpointStateMachineTaskThread-/0.0.0.0:15002-0 ] INFO  server.RaftServer (RaftServerProxy.java:startImpl(406)) - f4dc5428-8803-43b0-8e6b-8ffa99f16cef: start RPC server
2024-01-30 07:45:03,230 [f4dc5428-8803-43b0-8e6b-8ffa99f16cef-EndpointStateMachineTaskThread-/0.0.0.0:15002-0 ] INFO  server.GrpcService (GrpcService.java:startImpl(302)) - f4dc5428-8803-43b0-8e6b-8ffa99f16cef: GrpcService started, listening on 15057
2024-01-30 07:45:03,231 [f4dc5428-8803-43b0-8e6b-8ffa99f16cef-EndpointStateMachineTaskThread-/0.0.0.0:15002-0 ] INFO  server.GrpcService (GrpcService.java:startImpl(302)) - f4dc5428-8803-43b0-8e6b-8ffa99f16cef: GrpcService started, listening on 15059
2024-01-30 07:45:03,232 [f4dc5428-8803-43b0-8e6b-8ffa99f16cef-EndpointStateMachineTaskThread-/0.0.0.0:15002-0 ] INFO  server.GrpcService (GrpcService.java:startImpl(302)) - f4dc5428-8803-43b0-8e6b-8ffa99f16cef: GrpcService started, listening on 15058
2024-01-30 07:45:03,232 [f4dc5428-8803-43b0-8e6b-8ffa99f16cef-EndpointStateMachineTaskThread-/0.0.0.0:15002-0 ] INFO  ratis.XceiverServerRatis (XceiverServerRatis.java:getRealPort(592)) - XceiverServerRatis f4dc5428-8803-43b0-8e6b-8ffa99f16cef is started using port 15057 for RATIS
2024-01-30 07:45:03,232 [JvmPauseMonitor7] INFO  util.JvmPauseMonitor (JvmPauseMonitor.java:run(146)) - JvmPauseMonitor-f4dc5428-8803-43b0-8e6b-8ffa99f16cef: Started
2024-01-30 07:45:03,232 [f4dc5428-8803-43b0-8e6b-8ffa99f16cef-EndpointStateMachineTaskThread-/0.0.0.0:15002-0 ] INFO  ratis.XceiverServerRatis (XceiverServerRatis.java:getRealPort(592)) - XceiverServerRatis f4dc5428-8803-43b0-8e6b-8ffa99f16cef is started using port 15058 for RATIS_ADMIN
2024-01-30 07:45:03,233 [f4dc5428-8803-43b0-8e6b-8ffa99f16cef-EndpointStateMachineTaskThread-/0.0.0.0:15002-0 ] INFO  ratis.XceiverServerRatis (XceiverServerRatis.java:getRealPort(592)) - XceiverServerRatis f4dc5428-8803-43b0-8e6b-8ffa99f16cef is started using port 15059 for RATIS_SERVER
2024-01-30 07:45:03,233 [f4dc5428-8803-43b0-8e6b-8ffa99f16cef-EndpointStateMachineTaskThread-/0.0.0.0:15002-0 ] INFO  ratis.XceiverServerRatis (XceiverServerRatis.java:getRealPort(592)) - XceiverServerRatis f4dc5428-8803-43b0-8e6b-8ffa99f16cef is started using port 15060 for RATIS_DATASTREAM
2024-01-30 07:45:03,235 [f4dc5428-8803-43b0-8e6b-8ffa99f16cef-BlockDeletingService#0] INFO  interfaces.ContainerDeletionChoosingPolicyTemplate (ContainerDeletionChoosingPolicyTemplate.java:chooseContainerForBlockDeletion(85)) - Chosen 0/5000 blocks from 0 candidate containers.
2024-01-30 07:45:04,201 [main] INFO  ozone.MiniOzoneClusterImpl (MiniOzoneClusterImpl.java:lambda$waitForClusterToBeReady$0(229)) - Waiting for nodes to be ready. Got 0 of 6 DN Heartbeats.
2024-01-30 07:45:04,201 [main] INFO  ozone.MiniOzoneClusterImpl (MiniOzoneClusterImpl.java:lambda$waitForClusterToBeReady$0(232)) - Waiting for cluster to exit safe mode
2024-01-30 07:45:04,201 [main] INFO  ozone.MiniOzoneClusterImpl (MiniOzoneClusterImpl.java:lambda$waitForClusterToBeReady$0(234)) - SCM became leader
2024-01-30 07:45:04,453 [IPC Server handler 3 on default port 15002] INFO  net.NetworkTopologyImpl (NetworkTopologyImpl.java:add(124)) - Added a new node: /default-rack/68b35bab-6033-4329-aa6c-21b57b93715a
2024-01-30 07:45:04,457 [IPC Server handler 3 on default port 15002] INFO  node.SCMNodeManager (SCMNodeManager.java:register(421)) - Registered datanode: 68b35bab-6033-4329-aa6c-21b57b93715a{ip: 10.1.0.48, host: fv-az1436-717.rp122gijlobebpuychzvuh3j3h.bx.internal.cloudapp.net, ports: [HTTP=15009, CLIENT_RPC=15010, REPLICATION=15016, RATIS=15012, RATIS_ADMIN=15013, RATIS_SERVER=15014, RATIS_DATASTREAM=15015, STANDALONE=15011], networkLocation: /default-rack, certSerialId: null, persistedOpState: null, persistedOpStateExpiryEpochSec: 0}
2024-01-30 07:45:04,459 [EventQueue-NewNodeForNewNodeHandler] INFO  pipeline.BackgroundPipelineCreator (BackgroundPipelineCreator.java:notifyEventTriggered(280)) - trigger a one-shot run on RatisPipelineUtilsThread.
2024-01-30 07:45:04,460 [EventQueue-NodeRegistrationContainerReportForContainerSafeModeRule] INFO  safemode.SCMSafeModeManager (SCMSafeModeManager.java:validateSafeModeExitRules(200)) - ContainerSafeModeRule rule is successfully validated
2024-01-30 07:45:04,460 [EventQueue-PipelineReportForOneReplicaPipelineSafeModeRule] INFO  safemode.SCMSafeModeManager (SCMSafeModeManager.java:validateSafeModeExitRules(200)) - AtleastOneDatanodeReportedRule rule is successfully validated
2024-01-30 07:45:04,462 [EventQueue-NodeRegistrationContainerReportForDataNodeSafeModeRule] INFO  safemode.SCMSafeModeManager (DataNodeSafeModeRule.java:process(71)) - SCM in safe mode. 1 DataNodes registered, 3 required.
2024-01-30 07:45:04,465 [RatisPipelineUtilsThread-0] INFO  pipeline.RatisPipelineProvider (RatisPipelineProvider.java:lambda$create$0(206)) - Sending CreatePipelineCommand for pipeline:PipelineID=f403728d-5246-4a62-a455-ded13cef268a to datanode:68b35bab-6033-4329-aa6c-21b57b93715a
2024-01-30 07:45:04,474 [RatisPipelineUtilsThread-0] INFO  pipeline.BackgroundPipelineCreator (BackgroundPipelineCreator.java:createPipelines(236)) - Created new pipeline Pipeline[ Id: f403728d-5246-4a62-a455-ded13cef268a, Nodes: 68b35bab-6033-4329-aa6c-21b57b93715a(fv-az1436-717.rp122gijlobebpuychzvuh3j3h.bx.internal.cloudapp.net/10.1.0.48), ReplicationConfig: RATIS/ONE, State:ALLOCATED, leaderId:, CreationTimestamp2024-01-30T07:45:04.464Z[Etc/UTC]]
2024-01-30 07:45:04,584 [IPC Server handler 4 on default port 15002] INFO  net.NetworkTopologyImpl (NetworkTopologyImpl.java:add(124)) - Added a new node: /default-rack/eae9be92-4231-488a-b42d-6128b74e9292
2024-01-30 07:45:04,584 [IPC Server handler 4 on default port 15002] INFO  node.SCMNodeManager (SCMNodeManager.java:register(421)) - Registered datanode: eae9be92-4231-488a-b42d-6128b74e9292{ip: 10.1.0.48, host: fv-az1436-717.rp122gijlobebpuychzvuh3j3h.bx.internal.cloudapp.net, ports: [HTTP=15018, CLIENT_RPC=15019, REPLICATION=15025, RATIS=15021, RATIS_ADMIN=15022, RATIS_SERVER=15023, RATIS_DATASTREAM=15024, STANDALONE=15020], networkLocation: /default-rack, certSerialId: null, persistedOpState: null, persistedOpStateExpiryEpochSec: 0}
2024-01-30 07:45:04,584 [EventQueue-NewNodeForNewNodeHandler] INFO  pipeline.BackgroundPipelineCreator (BackgroundPipelineCreator.java:notifyEventTriggered(280)) - trigger a one-shot run on RatisPipelineUtilsThread.
2024-01-30 07:45:04,584 [EventQueue-NodeRegistrationContainerReportForDataNodeSafeModeRule] INFO  safemode.SCMSafeModeManager (DataNodeSafeModeRule.java:process(71)) - SCM in safe mode. 2 DataNodes registered, 3 required.
2024-01-30 07:45:04,585 [RatisPipelineUtilsThread-0] INFO  pipeline.RatisPipelineProvider (RatisPipelineProvider.java:lambda$create$0(206)) - Sending CreatePipelineCommand for pipeline:PipelineID=2fa8f7b4-795f-4d38-879a-21158d913229 to datanode:eae9be92-4231-488a-b42d-6128b74e9292
2024-01-30 07:45:04,586 [RatisPipelineUtilsThread-0] INFO  pipeline.BackgroundPipelineCreator (BackgroundPipelineCreator.java:createPipelines(236)) - Created new pipeline Pipeline[ Id: 2fa8f7b4-795f-4d38-879a-21158d913229, Nodes: eae9be92-4231-488a-b42d-6128b74e9292(fv-az1436-717.rp122gijlobebpuychzvuh3j3h.bx.internal.cloudapp.net/10.1.0.48), ReplicationConfig: RATIS/ONE, State:ALLOCATED, leaderId:, CreationTimestamp2024-01-30T07:45:04.585Z[Etc/UTC]]
2024-01-30 07:45:04,721 [IPC Server handler 5 on default port 15002] INFO  net.NetworkTopologyImpl (NetworkTopologyImpl.java:add(124)) - Added a new node: /default-rack/bf3622ab-3fe7-408a-b5e0-736b392a243c
2024-01-30 07:45:04,721 [IPC Server handler 5 on default port 15002] INFO  node.SCMNodeManager (SCMNodeManager.java:register(421)) - Registered datanode: bf3622ab-3fe7-408a-b5e0-736b392a243c{ip: 10.1.0.48, host: fv-az1436-717.rp122gijlobebpuychzvuh3j3h.bx.internal.cloudapp.net, ports: [HTTP=15027, CLIENT_RPC=15028, REPLICATION=15034, RATIS=15030, RATIS_ADMIN=15031, RATIS_SERVER=15032, RATIS_DATASTREAM=15033, STANDALONE=15029], networkLocation: /default-rack, certSerialId: null, persistedOpState: null, persistedOpStateExpiryEpochSec: 0}
2024-01-30 07:45:04,721 [EventQueue-NodeRegistrationContainerReportForDataNodeSafeModeRule] INFO  safemode.SCMSafeModeManager (DataNodeSafeModeRule.java:process(71)) - SCM in safe mode. 3 DataNodes registered, 3 required.
2024-01-30 07:45:04,721 [EventQueue-NodeRegistrationContainerReportForDataNodeSafeModeRule] INFO  safemode.SCMSafeModeManager (SCMSafeModeManager.java:validateSafeModeExitRules(200)) - DataNodeSafeModeRule rule is successfully validated
2024-01-30 07:45:04,721 [EventQueue-NodeRegistrationContainerReportForDataNodeSafeModeRule] INFO  safemode.SCMSafeModeManager (SCMSafeModeManager.java:completePreCheck(229)) - All SCM safe mode pre check rules have passed
2024-01-30 07:45:04,721 [EventQueue-NodeRegistrationContainerReportForDataNodeSafeModeRule] INFO  ha.SCMContext (SCMContext.java:updateSafeModeStatus(230)) - Update SafeModeStatus from SafeModeStatus{safeModeStatus=true, preCheckPassed=false} to SafeModeStatus{safeModeStatus=true, preCheckPassed=true}.
2024-01-30 07:45:04,721 [EventQueue-NodeRegistrationContainerReportForDataNodeSafeModeRule] INFO  pipeline.BackgroundPipelineCreator (BackgroundPipelineCreator.java:notifyEventTriggered(280)) - trigger a one-shot run on RatisPipelineUtilsThread.
2024-01-30 07:45:04,722 [EventQueue-NewNodeForNewNodeHandler] INFO  pipeline.BackgroundPipelineCreator (BackgroundPipelineCreator.java:notifyEventTriggered(280)) - trigger a one-shot run on RatisPipelineUtilsThread.
2024-01-30 07:45:04,722 [RatisPipelineUtilsThread-0] INFO  pipeline.RatisPipelineProvider (RatisPipelineProvider.java:lambda$create$0(206)) - Sending CreatePipelineCommand for pipeline:PipelineID=702c7a1b-0171-42bb-a14b-2ee46ddb86f8 to datanode:bf3622ab-3fe7-408a-b5e0-736b392a243c
2024-01-30 07:45:04,723 [RatisPipelineUtilsThread-0] INFO  pipeline.BackgroundPipelineCreator (BackgroundPipelineCreator.java:createPipelines(236)) - Created new pipeline Pipeline[ Id: 702c7a1b-0171-42bb-a14b-2ee46ddb86f8, Nodes: bf3622ab-3fe7-408a-b5e0-736b392a243c(fv-az1436-717.rp122gijlobebpuychzvuh3j3h.bx.internal.cloudapp.net/10.1.0.48), ReplicationConfig: RATIS/ONE, State:ALLOCATED, leaderId:, CreationTimestamp2024-01-30T07:45:04.722Z[Etc/UTC]]
2024-01-30 07:45:04,726 [RatisPipelineUtilsThread-0] INFO  pipeline.RatisPipelineProvider (RatisPipelineProvider.java:lambda$create$0(206)) - Sending CreatePipelineCommand for pipeline:PipelineID=4724f419-527a-4595-b49d-fc27df658e49 to datanode:68b35bab-6033-4329-aa6c-21b57b93715a
2024-01-30 07:45:04,726 [RatisPipelineUtilsThread-0] INFO  pipeline.RatisPipelineProvider (RatisPipelineProvider.java:lambda$create$0(206)) - Sending CreatePipelineCommand for pipeline:PipelineID=4724f419-527a-4595-b49d-fc27df658e49 to datanode:bf3622ab-3fe7-408a-b5e0-736b392a243c
2024-01-30 07:45:04,727 [RatisPipelineUtilsThread-0] INFO  pipeline.RatisPipelineProvider (RatisPipelineProvider.java:lambda$create$0(206)) - Sending CreatePipelineCommand for pipeline:PipelineID=4724f419-527a-4595-b49d-fc27df658e49 to datanode:eae9be92-4231-488a-b42d-6128b74e9292
2024-01-30 07:45:04,728 [RatisPipelineUtilsThread-0] INFO  pipeline.BackgroundPipelineCreator (BackgroundPipelineCreator.java:createPipelines(236)) - Created new pipeline Pipeline[ Id: 4724f419-527a-4595-b49d-fc27df658e49, Nodes: 68b35bab-6033-4329-aa6c-21b57b93715a(fv-az1436-717.rp122gijlobebpuychzvuh3j3h.bx.internal.cloudapp.net/10.1.0.48)bf3622ab-3fe7-408a-b5e0-736b392a243c(fv-az1436-717.rp122gijlobebpuychzvuh3j3h.bx.internal.cloudapp.net/10.1.0.48)eae9be92-4231-488a-b42d-6128b74e9292(fv-az1436-717.rp122gijlobebpuychzvuh3j3h.bx.internal.cloudapp.net/10.1.0.48), ReplicationConfig: RATIS/THREE, State:ALLOCATED, leaderId:, CreationTimestamp2024-01-30T07:45:04.726Z[Etc/UTC]]
2024-01-30 07:45:04,729 [RatisPipelineUtilsThread-0] INFO  pipeline.RatisPipelineProvider (RatisPipelineProvider.java:lambda$create$0(206)) - Sending CreatePipelineCommand for pipeline:PipelineID=1663c5bc-106b-4c60-8b40-511431f77ef9 to datanode:eae9be92-4231-488a-b42d-6128b74e9292
2024-01-30 07:45:04,729 [RatisPipelineUtilsThread-0] INFO  pipeline.RatisPipelineProvider (RatisPipelineProvider.java:lambda$create$0(206)) - Sending CreatePipelineCommand for pipeline:PipelineID=1663c5bc-106b-4c60-8b40-511431f77ef9 to datanode:bf3622ab-3fe7-408a-b5e0-736b392a243c
2024-01-30 07:45:04,729 [RatisPipelineUtilsThread-0] INFO  pipeline.RatisPipelineProvider (RatisPipelineProvider.java:lambda$create$0(206)) - Sending CreatePipelineCommand for pipeline:PipelineID=1663c5bc-106b-4c60-8b40-511431f77ef9 to datanode:68b35bab-6033-4329-aa6c-21b57b93715a
2024-01-30 07:45:04,730 [RatisPipelineUtilsThread-0] INFO  pipeline.PipelineManagerImpl (PipelineManagerImpl.java:recordMetricsForPipeline(916)) - Pipeline: PipelineID=1663c5bc-106b-4c60-8b40-511431f77ef9 contains same datanodes as previous pipelines: PipelineID=4724f419-527a-4595-b49d-fc27df658e49 nodeIds: eae9be92-4231-488a-b42d-6128b74e9292, bf3622ab-3fe7-408a-b5e0-736b392a243c, 68b35bab-6033-4329-aa6c-21b57b93715a
2024-01-30 07:45:04,731 [RatisPipelineUtilsThread-0] INFO  pipeline.BackgroundPipelineCreator (BackgroundPipelineCreator.java:createPipelines(236)) - Created new pipeline Pipeline[ Id: 1663c5bc-106b-4c60-8b40-511431f77ef9, Nodes: eae9be92-4231-488a-b42d-6128b74e9292(fv-az1436-717.rp122gijlobebpuychzvuh3j3h.bx.internal.cloudapp.net/10.1.0.48)bf3622ab-3fe7-408a-b5e0-736b392a243c(fv-az1436-717.rp122gijlobebpuychzvuh3j3h.bx.internal.cloudapp.net/10.1.0.48)68b35bab-6033-4329-aa6c-21b57b93715a(fv-az1436-717.rp122gijlobebpuychzvuh3j3h.bx.internal.cloudapp.net/10.1.0.48), ReplicationConfig: RATIS/THREE, State:ALLOCATED, leaderId:, CreationTimestamp2024-01-30T07:45:04.729Z[Etc/UTC]]
2024-01-30 07:45:04,886 [IPC Server handler 0 on default port 15002] INFO  net.NetworkTopologyImpl (NetworkTopologyImpl.java:add(124)) - Added a new node: /default-rack/55f20ed8-ad05-4879-9178-788b5883eeb3
2024-01-30 07:45:04,887 [IPC Server handler 0 on default port 15002] INFO  node.SCMNodeManager (SCMNodeManager.java:register(421)) - Registered datanode: 55f20ed8-ad05-4879-9178-788b5883eeb3{ip: 10.1.0.48, host: fv-az1436-717.rp122gijlobebpuychzvuh3j3h.bx.internal.cloudapp.net, ports: [HTTP=15036, CLIENT_RPC=15037, REPLICATION=15043, RATIS=15039, RATIS_ADMIN=15040, RATIS_SERVER=15041, RATIS_DATASTREAM=15042, STANDALONE=15038], networkLocation: /default-rack, certSerialId: null, persistedOpState: null, persistedOpStateExpiryEpochSec: 0}
2024-01-30 07:45:04,887 [EventQueue-NewNodeForNewNodeHandler] INFO  pipeline.BackgroundPipelineCreator (BackgroundPipelineCreator.java:notifyEventTriggered(280)) - trigger a one-shot run on RatisPipelineUtilsThread.
2024-01-30 07:45:04,888 [RatisPipelineUtilsThread-0] INFO  pipeline.RatisPipelineProvider (RatisPipelineProvider.java:lambda$create$0(206)) - Sending CreatePipelineCommand for pipeline:PipelineID=d2e7e17e-f5a8-4111-b953-fa754a61616f to datanode:55f20ed8-ad05-4879-9178-788b5883eeb3
2024-01-30 07:45:04,889 [RatisPipelineUtilsThread-0] INFO  pipeline.BackgroundPipelineCreator (BackgroundPipelineCreator.java:createPipelines(236)) - Created new pipeline Pipeline[ Id: d2e7e17e-f5a8-4111-b953-fa754a61616f, Nodes: 55f20ed8-ad05-4879-9178-788b5883eeb3(fv-az1436-717.rp122gijlobebpuychzvuh3j3h.bx.internal.cloudapp.net/10.1.0.48), ReplicationConfig: RATIS/ONE, State:ALLOCATED, leaderId:, CreationTimestamp2024-01-30T07:45:04.888Z[Etc/UTC]]
2024-01-30 07:45:05,064 [IPC Server handler 1 on default port 15002] INFO  net.NetworkTopologyImpl (NetworkTopologyImpl.java:add(124)) - Added a new node: /default-rack/6af36478-fafe-44e8-8f65-092a10613903
2024-01-30 07:45:05,064 [IPC Server handler 1 on default port 15002] INFO  node.SCMNodeManager (SCMNodeManager.java:register(421)) - Registered datanode: 6af36478-fafe-44e8-8f65-092a10613903{ip: 10.1.0.48, host: fv-az1436-717.rp122gijlobebpuychzvuh3j3h.bx.internal.cloudapp.net, ports: [HTTP=15045, CLIENT_RPC=15046, REPLICATION=15052, RATIS=15048, RATIS_ADMIN=15049, RATIS_SERVER=15050, RATIS_DATASTREAM=15051, STANDALONE=15047], networkLocation: /default-rack, certSerialId: null, persistedOpState: null, persistedOpStateExpiryEpochSec: 0}
2024-01-30 07:45:05,064 [EventQueue-NewNodeForNewNodeHandler] INFO  pipeline.BackgroundPipelineCreator (BackgroundPipelineCreator.java:notifyEventTriggered(280)) - trigger a one-shot run on RatisPipelineUtilsThread.
2024-01-30 07:45:05,065 [RatisPipelineUtilsThread-0] INFO  pipeline.RatisPipelineProvider (RatisPipelineProvider.java:lambda$create$0(206)) - Sending CreatePipelineCommand for pipeline:PipelineID=c049b9fe-84eb-4f8c-bf6c-2b83b386884b to datanode:6af36478-fafe-44e8-8f65-092a10613903
2024-01-30 07:45:05,067 [RatisPipelineUtilsThread-0] INFO  pipeline.BackgroundPipelineCreator (BackgroundPipelineCreator.java:createPipelines(236)) - Created new pipeline Pipeline[ Id: c049b9fe-84eb-4f8c-bf6c-2b83b386884b, Nodes: 6af36478-fafe-44e8-8f65-092a10613903(fv-az1436-717.rp122gijlobebpuychzvuh3j3h.bx.internal.cloudapp.net/10.1.0.48), ReplicationConfig: RATIS/ONE, State:ALLOCATED, leaderId:, CreationTimestamp2024-01-30T07:45:05.065Z[Etc/UTC]]
2024-01-30 07:45:05,201 [main] INFO  ozone.MiniOzoneClusterImpl (MiniOzoneClusterImpl.java:lambda$waitForClusterToBeReady$0(229)) - Waiting for nodes to be ready. Got 5 of 6 DN Heartbeats.
2024-01-30 07:45:05,202 [main] INFO  ozone.MiniOzoneClusterImpl (MiniOzoneClusterImpl.java:lambda$waitForClusterToBeReady$0(232)) - Waiting for cluster to exit safe mode
2024-01-30 07:45:05,202 [main] INFO  ozone.MiniOzoneClusterImpl (MiniOzoneClusterImpl.java:lambda$waitForClusterToBeReady$0(234)) - SCM became leader
2024-01-30 07:45:05,203 [IPC Server handler 2 on default port 15002] INFO  net.NetworkTopologyImpl (NetworkTopologyImpl.java:add(124)) - Added a new node: /default-rack/f4dc5428-8803-43b0-8e6b-8ffa99f16cef
2024-01-30 07:45:05,204 [IPC Server handler 2 on default port 15002] INFO  node.SCMNodeManager (SCMNodeManager.java:register(421)) - Registered datanode: f4dc5428-8803-43b0-8e6b-8ffa99f16cef{ip: 10.1.0.48, host: fv-az1436-717.rp122gijlobebpuychzvuh3j3h.bx.internal.cloudapp.net, ports: [HTTP=15054, CLIENT_RPC=15055, REPLICATION=15061, RATIS=15057, RATIS_ADMIN=15058, RATIS_SERVER=15059, RATIS_DATASTREAM=15060, STANDALONE=15056], networkLocation: /default-rack, certSerialId: null, persistedOpState: null, persistedOpStateExpiryEpochSec: 0}
2024-01-30 07:45:05,204 [EventQueue-NewNodeForNewNodeHandler] INFO  pipeline.BackgroundPipelineCreator (BackgroundPipelineCreator.java:notifyEventTriggered(280)) - trigger a one-shot run on RatisPipelineUtilsThread.
2024-01-30 07:45:05,205 [RatisPipelineUtilsThread-0] INFO  pipeline.RatisPipelineProvider (RatisPipelineProvider.java:lambda$create$0(206)) - Sending CreatePipelineCommand for pipeline:PipelineID=757bbc48-4709-4d49-959e-c55566f64c03 to datanode:f4dc5428-8803-43b0-8e6b-8ffa99f16cef
2024-01-30 07:45:05,206 [RatisPipelineUtilsThread-0] INFO  pipeline.BackgroundPipelineCreator (BackgroundPipelineCreator.java:createPipelines(236)) - Created new pipeline Pipeline[ Id: 757bbc48-4709-4d49-959e-c55566f64c03, Nodes: f4dc5428-8803-43b0-8e6b-8ffa99f16cef(fv-az1436-717.rp122gijlobebpuychzvuh3j3h.bx.internal.cloudapp.net/10.1.0.48), ReplicationConfig: RATIS/ONE, State:ALLOCATED, leaderId:, CreationTimestamp2024-01-30T07:45:05.205Z[Etc/UTC]]
2024-01-30 07:45:05,206 [RatisPipelineUtilsThread-0] INFO  pipeline.RatisPipelineProvider (RatisPipelineProvider.java:lambda$create$0(206)) - Sending CreatePipelineCommand for pipeline:PipelineID=4cf6885c-1486-46ce-8fed-b85ecf817262 to datanode:55f20ed8-ad05-4879-9178-788b5883eeb3
2024-01-30 07:45:05,206 [RatisPipelineUtilsThread-0] INFO  pipeline.RatisPipelineProvider (RatisPipelineProvider.java:lambda$create$0(206)) - Sending CreatePipelineCommand for pipeline:PipelineID=4cf6885c-1486-46ce-8fed-b85ecf817262 to datanode:6af36478-fafe-44e8-8f65-092a10613903
2024-01-30 07:45:05,207 [RatisPipelineUtilsThread-0] INFO  pipeline.RatisPipelineProvider (RatisPipelineProvider.java:lambda$create$0(206)) - Sending CreatePipelineCommand for pipeline:PipelineID=4cf6885c-1486-46ce-8fed-b85ecf817262 to datanode:f4dc5428-8803-43b0-8e6b-8ffa99f16cef
2024-01-30 07:45:05,208 [RatisPipelineUtilsThread-0] INFO  pipeline.BackgroundPipelineCreator (BackgroundPipelineCreator.java:createPipelines(236)) - Created new pipeline Pipeline[ Id: 4cf6885c-1486-46ce-8fed-b85ecf817262, Nodes: 55f20ed8-ad05-4879-9178-788b5883eeb3(fv-az1436-717.rp122gijlobebpuychzvuh3j3h.bx.internal.cloudapp.net/10.1.0.48)6af36478-fafe-44e8-8f65-092a10613903(fv-az1436-717.rp122gijlobebpuychzvuh3j3h.bx.internal.cloudapp.net/10.1.0.48)f4dc5428-8803-43b0-8e6b-8ffa99f16cef(fv-az1436-717.rp122gijlobebpuychzvuh3j3h.bx.internal.cloudapp.net/10.1.0.48), ReplicationConfig: RATIS/THREE, State:ALLOCATED, leaderId:, CreationTimestamp2024-01-30T07:45:05.206Z[Etc/UTC]]
2024-01-30 07:45:05,209 [RatisPipelineUtilsThread-0] INFO  pipeline.RatisPipelineProvider (RatisPipelineProvider.java:lambda$create$0(206)) - Sending CreatePipelineCommand for pipeline:PipelineID=8af44c19-b552-4941-bb30-81ca7c03a8d2 to datanode:55f20ed8-ad05-4879-9178-788b5883eeb3
2024-01-30 07:45:05,209 [RatisPipelineUtilsThread-0] INFO  pipeline.RatisPipelineProvider (RatisPipelineProvider.java:lambda$create$0(206)) - Sending CreatePipelineCommand for pipeline:PipelineID=8af44c19-b552-4941-bb30-81ca7c03a8d2 to datanode:6af36478-fafe-44e8-8f65-092a10613903
2024-01-30 07:45:05,209 [RatisPipelineUtilsThread-0] INFO  pipeline.RatisPipelineProvider (RatisPipelineProvider.java:lambda$create$0(206)) - Sending CreatePipelineCommand for pipeline:PipelineID=8af44c19-b552-4941-bb30-81ca7c03a8d2 to datanode:f4dc5428-8803-43b0-8e6b-8ffa99f16cef
2024-01-30 07:45:05,210 [RatisPipelineUtilsThread-0] INFO  pipeline.PipelineManagerImpl (PipelineManagerImpl.java:recordMetricsForPipeline(916)) - Pipeline: PipelineID=8af44c19-b552-4941-bb30-81ca7c03a8d2 contains same datanodes as previous pipelines: PipelineID=4cf6885c-1486-46ce-8fed-b85ecf817262 nodeIds: 55f20ed8-ad05-4879-9178-788b5883eeb3, 6af36478-fafe-44e8-8f65-092a10613903, f4dc5428-8803-43b0-8e6b-8ffa99f16cef
2024-01-30 07:45:05,210 [RatisPipelineUtilsThread-0] INFO  pipeline.BackgroundPipelineCreator (BackgroundPipelineCreator.java:createPipelines(236)) - Created new pipeline Pipeline[ Id: 8af44c19-b552-4941-bb30-81ca7c03a8d2, Nodes: 55f20ed8-ad05-4879-9178-788b5883eeb3(fv-az1436-717.rp122gijlobebpuychzvuh3j3h.bx.internal.cloudapp.net/10.1.0.48)6af36478-fafe-44e8-8f65-092a10613903(fv-az1436-717.rp122gijlobebpuychzvuh3j3h.bx.internal.cloudapp.net/10.1.0.48)f4dc5428-8803-43b0-8e6b-8ffa99f16cef(fv-az1436-717.rp122gijlobebpuychzvuh3j3h.bx.internal.cloudapp.net/10.1.0.48), ReplicationConfig: RATIS/THREE, State:ALLOCATED, leaderId:, CreationTimestamp2024-01-30T07:45:05.209Z[Etc/UTC]]
2024-01-30 07:45:06,202 [main] INFO  ozone.MiniOzoneClusterImpl (MiniOzoneClusterImpl.java:lambda$waitForClusterToBeReady$0(229)) - Nodes are ready. Got 6 of 6 DN Heartbeats.
2024-01-30 07:45:06,203 [main] INFO  ozone.MiniOzoneClusterImpl (MiniOzoneClusterImpl.java:lambda$waitForClusterToBeReady$0(232)) - Waiting for cluster to exit safe mode
2024-01-30 07:45:06,203 [main] INFO  ozone.MiniOzoneClusterImpl (MiniOzoneClusterImpl.java:lambda$waitForClusterToBeReady$0(234)) - SCM became leader
2024-01-30 07:45:07,203 [main] INFO  ozone.MiniOzoneClusterImpl (MiniOzoneClusterImpl.java:lambda$waitForClusterToBeReady$0(229)) - Nodes are ready. Got 6 of 6 DN Heartbeats.
2024-01-30 07:45:07,204 [main] INFO  ozone.MiniOzoneClusterImpl (MiniOzoneClusterImpl.java:lambda$waitForClusterToBeReady$0(232)) - Waiting for cluster to exit safe mode
2024-01-30 07:45:07,204 [main] INFO  ozone.MiniOzoneClusterImpl (MiniOzoneClusterImpl.java:lambda$waitForClusterToBeReady$0(234)) - SCM became leader
2024-01-30 07:45:07,451 [68b35bab-6033-4329-aa6c-21b57b93715a-PipelineCommandHandlerThread-0] INFO  server.RaftServer (RaftServerProxy.java:addNew(100)) - 68b35bab-6033-4329-aa6c-21b57b93715a: addNew group-DED13CEF268A:[68b35bab-6033-4329-aa6c-21b57b93715a|10.1.0.48:15014] returns group-DED13CEF268A:java.util.concurrent.CompletableFuture@842cf56[Not completed]
2024-01-30 07:45:07,458 [68b35bab-6033-4329-aa6c-21b57b93715a-groupManagement] INFO  server.RaftServer$Division (RaftServerImpl.java:<init>(256)) - 68b35bab-6033-4329-aa6c-21b57b93715a: new RaftServerImpl for group-DED13CEF268A:[68b35bab-6033-4329-aa6c-21b57b93715a|10.1.0.48:15014] with ContainerStateMachine:uninitialized
2024-01-30 07:45:07,458 [68b35bab-6033-4329-aa6c-21b57b93715a-groupManagement] INFO  server.RaftServerConfigKeys (ConfUtils.java:logGet(46)) - raft.server.rpc.timeout.min = 5s (custom)
2024-01-30 07:45:07,459 [68b35bab-6033-4329-aa6c-21b57b93715a-groupManagement] INFO  server.RaftServerConfigKeys (ConfUtils.java:logGet(46)) - raft.server.rpc.timeout.max = 5200ms (custom)
2024-01-30 07:45:07,459 [68b35bab-6033-4329-aa6c-21b57b93715a-groupManagement] INFO  server.RaftServerConfigKeys (ConfUtils.java:logGet(46)) - raft.server.rpc.sleep.time = 25ms (default)
2024-01-30 07:45:07,459 [68b35bab-6033-4329-aa6c-21b57b93715a-groupManagement] INFO  server.RaftServerConfigKeys (ConfUtils.java:logGet(46)) - raft.server.rpc.slowness.timeout = 300s (custom)
2024-01-30 07:45:07,459 [68b35bab-6033-4329-aa6c-21b57b93715a-groupManagement] INFO  server.RaftServerConfigKeys (ConfUtils.java:logGet(46)) - raft.server.leaderelection.leader.step-down.wait-time = 10s (default)
2024-01-30 07:45:07,459 [68b35bab-6033-4329-aa6c-21b57b93715a-groupManagement] INFO  server.RaftServerConfigKeys (ConfUtils.java:logGet(46)) - raft.server.leaderelection.member.majority-add = false (default)
2024-01-30 07:45:07,459 [68b35bab-6033-4329-aa6c-21b57b93715a-groupManagement] INFO  server.RaftServerConfigKeys (ConfUtils.java:logGet(46)) - raft.server.sleep.deviation.threshold = 300ms (default)
2024-01-30 07:45:07,459 [68b35bab-6033-4329-aa6c-21b57b93715a-groupManagement] INFO  server.RaftServer$Division (ServerState.java:<init>(113)) - 68b35bab-6033-4329-aa6c-21b57b93715a@group-DED13CEF268A: ConfigurationManager, init=-1: peers:[68b35bab-6033-4329-aa6c-21b57b93715a|10.1.0.48:15014]|listeners:[], old=null, confs=<EMPTY_MAP>
2024-01-30 07:45:07,459 [68b35bab-6033-4329-aa6c-21b57b93715a-groupManagement] INFO  server.RaftServerConfigKeys (ConfUtils.java:logGet(46)) - raft.server.notification.no-leader.timeout = 300s (custom)
2024-01-30 07:45:07,459 [68b35bab-6033-4329-aa6c-21b57b93715a-groupManagement] INFO  server.RaftServerConfigKeys (ConfUtils.java:logGet(46)) - raft.server.read.timeout = 10s (default)
2024-01-30 07:45:07,459 [68b35bab-6033-4329-aa6c-21b57b93715a-groupManagement] INFO  server.RaftServerConfigKeys (ConfUtils.java:logGet(46)) - raft.server.retrycache.expirytime = 600000ms (custom)
2024-01-30 07:45:07,460 [68b35bab-6033-4329-aa6c-21b57b93715a-groupManagement] INFO  server.RaftServerConfigKeys (ConfUtils.java:logGet(46)) - raft.server.retrycache.statistics.expirytime = 100ms (default)
2024-01-30 07:45:07,460 [68b35bab-6033-4329-aa6c-21b57b93715a-groupManagement] INFO  server.RaftServerConfigKeys (ConfUtils.java:logGet(46)) - raft.server.read.option = DEFAULT (default)
2024-01-30 07:45:07,460 [68b35bab-6033-4329-aa6c-21b57b93715a-groupManagement] INFO  server.RaftServerConfigKeys (ConfUtils.java:logGet(46)) - raft.server.read.read-after-write-consistent.write-index-cache.expiry-time = 60s (default)
2024-01-30 07:45:07,469 [68b35bab-6033-4329-aa6c-21b57b93715a-groupManagement] INFO  server.RaftServerConfigKeys (ConfUtils.java:logGet(46)) - raft.server.rpc.request.timeout = 60s (custom)
2024-01-30 07:45:07,469 [68b35bab-6033-4329-aa6c-21b57b93715a-groupManagement] INFO  server.RaftServerConfigKeys (ConfUtils.java:logGet(46)) - raft.server.log.appender.install.snapshot.enabled = false (custom)
2024-01-30 07:45:07,469 [68b35bab-6033-4329-aa6c-21b57b93715a-groupManagement] INFO  server.RaftServerConfigKeys (ConfUtils.java:logGet(46)) - raft.server.threadpool.server.cached = true (default)
2024-01-30 07:45:07,469 [68b35bab-6033-4329-aa6c-21b57b93715a-groupManagement] INFO  server.RaftServerConfigKeys (ConfUtils.java:logGet(46)) - raft.server.threadpool.server.size = 0 (default)
2024-01-30 07:45:07,469 [68b35bab-6033-4329-aa6c-21b57b93715a-groupManagement] INFO  server.RaftServerConfigKeys (ConfUtils.java:logGet(46)) - raft.server.threadpool.client.cached = true (default)
2024-01-30 07:45:07,469 [68b35bab-6033-4329-aa6c-21b57b93715a-groupManagement] INFO  server.RaftServerConfigKeys (ConfUtils.java:logGet(46)) - raft.server.threadpool.client.size = 0 (default)
2024-01-30 07:45:07,469 [68b35bab-6033-4329-aa6c-21b57b93715a-groupManagement] INFO  server.RaftServerConfigKeys (ConfUtils.java:logGet(46)) - raft.server.storage.free-space.min = 0MB (=0) (default)
2024-01-30 07:45:07,469 [68b35bab-6033-4329-aa6c-21b57b93715a-groupManagement] INFO  server.RaftServerConfigKeys (ConfUtils.java:logGet(46)) - raft.server.log.corruption.policy = EXCEPTION (default)
2024-01-30 07:45:07,469 [68b35bab-6033-4329-aa6c-21b57b93715a-groupManagement] INFO  server.RaftServerConfigKeys (ConfUtils.java:logGet(46)) - raft.server.storage.dir = [/home/runner/work/ozone/ozone/hadoop-ozone/integration-test/target/test-dir/MiniOzoneClusterImpl-b74639a9-f624-491a-a51e-4d41e99a633c/datanode-0/data/ratis] (custom)
2024-01-30 07:45:07,470 [68b35bab-6033-4329-aa6c-21b57b93715a-groupManagement] INFO  storage.RaftStorageDirectory (RaftStorageDirectoryImpl.java:analyzeStorage(138)) - The storage directory /home/runner/work/ozone/ozone/hadoop-ozone/integration-test/target/test-dir/MiniOzoneClusterImpl-b74639a9-f624-491a-a51e-4d41e99a633c/datanode-0/data/ratis/f403728d-5246-4a62-a455-ded13cef268a does not exist. Creating ...
2024-01-30 07:45:07,475 [68b35bab-6033-4329-aa6c-21b57b93715a-groupManagement] INFO  storage.RaftStorageDirectory (RaftStorageDirectoryImpl.java:tryLock(228)) - Lock on /home/runner/work/ozone/ozone/hadoop-ozone/integration-test/target/test-dir/MiniOzoneClusterImpl-b74639a9-f624-491a-a51e-4d41e99a633c/datanode-0/data/ratis/f403728d-5246-4a62-a455-ded13cef268a/in_use.lock acquired by nodename 92995@fv-az1436-717
2024-01-30 07:45:07,477 [68b35bab-6033-4329-aa6c-21b57b93715a-groupManagement] INFO  storage.RaftStorage (RaftStorageImpl.java:format(99)) - Storage directory /home/runner/work/ozone/ozone/hadoop-ozone/integration-test/target/test-dir/MiniOzoneClusterImpl-b74639a9-f624-491a-a51e-4d41e99a633c/datanode-0/data/ratis/f403728d-5246-4a62-a455-ded13cef268a has been successfully formatted.
2024-01-30 07:45:07,479 [68b35bab-6033-4329-aa6c-21b57b93715a-groupManagement] WARN  util.FileUtils (LogUtils.java:supplyAndLog(63)) - Failed to Files.newInputStream /home/runner/work/ozone/ozone/hadoop-ozone/integration-test/target/test-dir/MiniOzoneClusterImpl-b74639a9-f624-491a-a51e-4d41e99a633c/datanode-0/data/ratis/f403728d-5246-4a62-a455-ded13cef268a/current/raft-meta.conf with options []: java.nio.file.NoSuchFileException: /home/runner/work/ozone/ozone/hadoop-ozone/integration-test/target/test-dir/MiniOzoneClusterImpl-b74639a9-f624-491a-a51e-4d41e99a633c/datanode-0/data/ratis/f403728d-5246-4a62-a455-ded13cef268a/current/raft-meta.conf
2024-01-30 07:45:07,482 [68b35bab-6033-4329-aa6c-21b57b93715a-groupManagement] INFO  ratis.ContainerStateMachine (ContainerStateMachine.java:loadSnapshot(287)) - group-DED13CEF268A: The snapshot info is null. Setting the last applied index to:(t:0, i:~)
2024-01-30 07:45:07,482 [68b35bab-6033-4329-aa6c-21b57b93715a-groupManagement] INFO  server.RaftServerConfigKeys (ConfUtils.java:logGet(46)) - raft.server.log.use.memory = false (default)
2024-01-30 07:45:07,483 [68b35bab-6033-4329-aa6c-21b57b93715a-groupManagement] INFO  server.RaftServerConfigKeys (ConfUtils.java:logGet(46)) - raft.server.log.purge.gap = 1000000 (custom)
2024-01-30 07:45:07,483 [68b35bab-6033-4329-aa6c-21b57b93715a-groupManagement] INFO  server.RaftServerConfigKeys (ConfUtils.java:logGet(46)) - raft.server.log.appender.buffer.byte-limit = 8388608 (custom)
2024-01-30 07:45:07,483 [68b35bab-6033-4329-aa6c-21b57b93715a-groupManagement] INFO  server.RaftServerConfigKeys (ConfUtils.java:logGet(46)) - raft.server.log.statemachine.data.read.timeout = 1000ms (default)
2024-01-30 07:45:07,483 [68b35bab-6033-4329-aa6c-21b57b93715a-groupManagement] INFO  server.RaftServerConfigKeys (ConfUtils.java:logGet(46)) - raft.server.log.purge.preservation.log.num = 0 (default)
2024-01-30 07:45:07,486 [68b35bab-6033-4329-aa6c-21b57b93715a-groupManagement] INFO  server.RaftServerConfigKeys (ConfUtils.java:logGet(46)) - raft.server.log.segment.size.max = 67108864 (custom)
2024-01-30 07:45:07,487 [68b35bab-6033-4329-aa6c-21b57b93715a-groupManagement] INFO  server.RaftServerConfigKeys (ConfUtils.java:logGet(46)) - raft.server.log.segment.cache.num.max = 2 (custom)
2024-01-30 07:45:07,487 [68b35bab-6033-4329-aa6c-21b57b93715a-groupManagement] INFO  server.RaftServerConfigKeys (ConfUtils.java:logGet(46)) - raft.server.log.segment.cache.size.max = 200MB (=209715200) (default)
2024-01-30 07:45:07,487 [68b35bab-6033-4329-aa6c-21b57b93715a-groupManagement] INFO  server.RaftServerConfigKeys (ConfUtils.java:logGet(46)) - raft.server.log.appender.buffer.byte-limit = 8388608 (custom)
2024-01-30 07:45:07,487 [68b35bab-6033-4329-aa6c-21b57b93715a-groupManagement] INFO  util.AwaitToRun (AwaitToRun.java:start(81)) - Thread[68b35bab-6033-4329-aa6c-21b57b93715a@group-DED13CEF268A-cacheEviction-AwaitToRun,5,main] started
2024-01-30 07:45:07,487 [68b35bab-6033-4329-aa6c-21b57b93715a-groupManagement] INFO  segmented.SegmentedRaftLogWorker (SegmentedRaftLogWorker.java:<init>(182)) - new 68b35bab-6033-4329-aa6c-21b57b93715a@group-DED13CEF268A-SegmentedRaftLogWorker for RaftStorageImpl:Storage Directory /home/runner/work/ozone/ozone/hadoop-ozone/integration-test/target/test-dir/MiniOzoneClusterImpl-b74639a9-f624-491a-a51e-4d41e99a633c/datanode-0/data/ratis/f403728d-5246-4a62-a455-ded13cef268a
2024-01-30 07:45:07,487 [68b35bab-6033-4329-aa6c-21b57b93715a-groupManagement] INFO  server.RaftServerConfigKeys (ConfUtils.java:logGet(46)) - raft.server.log.queue.byte-limit = 4294967296 (custom)
2024-01-30 07:45:07,487 [68b35bab-6033-4329-aa6c-21b57b93715a-groupManagement] INFO  server.RaftServerConfigKeys (ConfUtils.java:logGet(46)) - raft.server.log.queue.element-limit = 1024 (custom)
2024-01-30 07:45:07,488 [68b35bab-6033-4329-aa6c-21b57b93715a-groupManagement] INFO  server.RaftServerConfigKeys (ConfUtils.java:logGet(46)) - raft.server.log.segment.size.max = 67108864 (custom)
2024-01-30 07:45:07,488 [68b35bab-6033-4329-aa6c-21b57b93715a-groupManagement] INFO  server.RaftServerConfigKeys (ConfUtils.java:logGet(46)) - raft.server.log.preallocated.size = 4194304 (custom)
2024-01-30 07:45:07,488 [68b35bab-6033-4329-aa6c-21b57b93715a-groupManagement] INFO  server.RaftServerConfigKeys (ConfUtils.java:logGet(46)) - raft.server.log.force.sync.num = 128 (default)
2024-01-30 07:45:07,488 [68b35bab-6033-4329-aa6c-21b57b93715a-groupManagement] INFO  server.RaftServerConfigKeys (ConfUtils.java:logGet(46)) - raft.server.log.statemachine.data.sync = true (default)
2024-01-30 07:45:07,488 [68b35bab-6033-4329-aa6c-21b57b93715a-groupManagement] INFO  server.RaftServerConfigKeys (ConfUtils.java:logGet(46)) - raft.server.log.statemachine.data.sync.timeout = 10s (default)
2024-01-30 07:45:07,488 [68b35bab-6033-4329-aa6c-21b57b93715a-groupManagement] INFO  server.RaftServerConfigKeys (ConfUtils.java:logGet(46)) - raft.server.log.statemachine.data.sync.timeout.retry = 0 (custom)
2024-01-30 07:45:07,489 [68b35bab-6033-4329-aa6c-21b57b93715a-groupManagement] INFO  server.RaftServerConfigKeys (ConfUtils.java:logGet(46)) - raft.server.log.write.buffer.size = 8388616 (custom)
2024-01-30 07:45:07,490 [68b35bab-6033-4329-aa6c-21b57b93715a-groupManagement] INFO  server.RaftServerConfigKeys (ConfUtils.java:logGet(46)) - raft.server.log.appender.buffer.byte-limit = 8388608 (custom)
2024-01-30 07:45:07,490 [68b35bab-6033-4329-aa6c-21b57b93715a-groupManagement] INFO  server.RaftServerConfigKeys (ConfUtils.java:logGet(46)) - raft.server.log.unsafe-flush.enabled = false (default)
2024-01-30 07:45:07,491 [68b35bab-6033-4329-aa6c-21b57b93715a-groupManagement] INFO  server.RaftServerConfigKeys (ConfUtils.java:logGet(46)) - raft.server.log.async-flush.enabled = false (default)
2024-01-30 07:45:07,491 [68b35bab-6033-4329-aa6c-21b57b93715a-groupManagement] INFO  server.RaftServerConfigKeys (ConfUtils.java:logGet(46)) - raft.server.log.statemachine.data.caching.enabled = true (custom)
2024-01-30 07:45:07,491 [68b35bab-6033-4329-aa6c-21b57b93715a-groupManagement] INFO  segmented.SegmentedRaftLogWorker (SegmentedRaftLogWorker.java:lambda$new$0(134)) - 68b35bab-6033-4329-aa6c-21b57b93715a@group-DED13CEF268A-SegmentedRaftLogWorker: flushIndex: setUnconditionally 0 -> -1
2024-01-30 07:45:07,491 [68b35bab-6033-4329-aa6c-21b57b93715a-groupManagement] INFO  segmented.SegmentedRaftLogWorker (SegmentedRaftLogWorker.java:lambda$new$0(134)) - 68b35bab-6033-4329-aa6c-21b57b93715a@group-DED13CEF268A-SegmentedRaftLogWorker: safeCacheEvictIndex: setUnconditionally 0 -> -1
2024-01-30 07:45:07,491 [68b35bab-6033-4329-aa6c-21b57b93715a-groupManagement] INFO  server.RaftServer$Division (RaftServerImpl.java:start(396)) - 68b35bab-6033-4329-aa6c-21b57b93715a@group-DED13CEF268A: start as a follower, conf=-1: peers:[68b35bab-6033-4329-aa6c-21b57b93715a|10.1.0.48:15014]|listeners:[], old=null
2024-01-30 07:45:07,491 [68b35bab-6033-4329-aa6c-21b57b93715a-groupManagement] INFO  server.RaftServer$Division (RaftServerImpl.java:setRole(383)) - 68b35bab-6033-4329-aa6c-21b57b93715a@group-DED13CEF268A: changes role from      null to FOLLOWER at term 0 for startAsFollower
2024-01-30 07:45:07,491 [68b35bab-6033-4329-aa6c-21b57b93715a-groupManagement] INFO  impl.RoleInfo (RoleInfo.java:updateAndGet(139)) - 68b35bab-6033-4329-aa6c-21b57b93715a: start 68b35bab-6033-4329-aa6c-21b57b93715a@group-DED13CEF268A-FollowerState
2024-01-30 07:45:07,492 [68b35bab-6033-4329-aa6c-21b57b93715a-groupManagement] INFO  util.JmxRegister (JmxRegister.java:tryRegister(44)) - Successfully registered JMX Bean with object name Ratis:service=RaftServer,group=group-DED13CEF268A,id=68b35bab-6033-4329-aa6c-21b57b93715a
2024-01-30 07:45:07,493 [68b35bab-6033-4329-aa6c-21b57b93715a-groupManagement] INFO  server.RaftServerConfigKeys (ConfUtils.java:logGet(46)) - raft.server.snapshot.trigger-when-stop.enabled = true (default)
2024-01-30 07:45:07,493 [68b35bab-6033-4329-aa6c-21b57b93715a-groupManagement] INFO  server.RaftServerConfigKeys (ConfUtils.java:logGet(46)) - raft.server.snapshot.auto.trigger.enabled = true (custom)
2024-01-30 07:45:07,493 [68b35bab-6033-4329-aa6c-21b57b93715a-groupManagement] INFO  server.RaftServerConfigKeys (ConfUtils.java:logGet(46)) - raft.server.snapshot.auto.trigger.threshold = 10000 (custom)
2024-01-30 07:45:07,493 [68b35bab-6033-4329-aa6c-21b57b93715a@group-DED13CEF268A-FollowerState] INFO  server.RaftServerConfigKeys (ConfUtils.java:logFallback(53)) - raft.server.rpc.first-election.timeout.min = 5s (fallback to raft.server.rpc.timeout.min)
2024-01-30 07:45:07,493 [68b35bab-6033-4329-aa6c-21b57b93715a@group-DED13CEF268A-FollowerState] INFO  server.RaftServerConfigKeys (ConfUtils.java:logFallback(53)) - raft.server.rpc.first-election.timeout.max = 5200ms (fallback to raft.server.rpc.timeout.max)
2024-01-30 07:45:07,493 [68b35bab-6033-4329-aa6c-21b57b93715a-groupManagement] INFO  server.RaftServerConfigKeys (ConfUtils.java:logGet(46)) - raft.server.snapshot.retention.file.num = 5 (custom)
2024-01-30 07:45:07,494 [68b35bab-6033-4329-aa6c-21b57b93715a-groupManagement] INFO  server.RaftServerConfigKeys (ConfUtils.java:logGet(46)) - raft.server.log.purge.upto.snapshot.index = false (default)
2024-01-30 07:45:07,496 [EventQueue-PipelineReportForPipelineReportHandler] INFO  pipeline.PipelineReportHandler (PipelineReportHandler.java:processPipelineReport(136)) - Opened pipeline PipelineID=f403728d-5246-4a62-a455-ded13cef268a
2024-01-30 07:45:07,497 [EventQueue-OpenPipelineForHealthyPipelineSafeModeRule] INFO  safemode.SCMSafeModeManager (HealthyPipelineSafeModeRule.java:process(140)) - SCM in safe mode. Healthy pipelines reported count is 0, required healthy pipeline reported count is 1
2024-01-30 07:45:07,501 [68b35bab-6033-4329-aa6c-21b57b93715a-PipelineCommandHandlerThread-0] INFO  ratis.XceiverServerRatis (XceiverServerRatis.java:addGroup(864)) - Created group PipelineID=f403728d-5246-4a62-a455-ded13cef268a
2024-01-30 07:45:07,501 [68b35bab-6033-4329-aa6c-21b57b93715a-PipelineCommandHandlerThread-0] INFO  commandhandler.CreatePipelineCommandHandler (CreatePipelineCommandHandler.java:lambda$handle$2(124)) - Created Pipeline RATIS ONE PipelineID=f403728d-5246-4a62-a455-ded13cef268a.
2024-01-30 07:45:07,501 [68b35bab-6033-4329-aa6c-21b57b93715a-PipelineCommandHandlerThread-0] INFO  server.RaftServer (RaftServerProxy.java:addNew(100)) - 68b35bab-6033-4329-aa6c-21b57b93715a: addNew group-FC27DF658E49:[bf3622ab-3fe7-408a-b5e0-736b392a243c|10.1.0.48:15032, eae9be92-4231-488a-b42d-6128b74e9292|10.1.0.48:15023, 68b35bab-6033-4329-aa6c-21b57b93715a|10.1.0.48:15014] returns group-FC27DF658E49:java.util.concurrent.CompletableFuture@2404cddb[Not completed]
2024-01-30 07:45:07,503 [68b35bab-6033-4329-aa6c-21b57b93715a-groupManagement] INFO  server.RaftServer$Division (RaftServerImpl.java:<init>(256)) - 68b35bab-6033-4329-aa6c-21b57b93715a: new RaftServerImpl for group-FC27DF658E49:[bf3622ab-3fe7-408a-b5e0-736b392a243c|10.1.0.48:15032, eae9be92-4231-488a-b42d-6128b74e9292|10.1.0.48:15023, 68b35bab-6033-4329-aa6c-21b57b93715a|10.1.0.48:15014] with ContainerStateMachine:uninitialized
2024-01-30 07:45:07,503 [68b35bab-6033-4329-aa6c-21b57b93715a-groupManagement] INFO  server.RaftServerConfigKeys (ConfUtils.java:logGet(46)) - raft.server.rpc.timeout.min = 5s (custom)
2024-01-30 07:45:07,503 [68b35bab-6033-4329-aa6c-21b57b93715a-groupManagement] INFO  server.RaftServerConfigKeys (ConfUtils.java:logGet(46)) - raft.server.rpc.timeout.max = 5200ms (custom)
2024-01-30 07:45:07,503 [68b35bab-6033-4329-aa6c-21b57b93715a-groupManagement] INFO  server.RaftServerConfigKeys (ConfUtils.java:logGet(46)) - raft.server.rpc.sleep.time = 25ms (default)
2024-01-30 07:45:07,503 [68b35bab-6033-4329-aa6c-21b57b93715a-groupManagement] INFO  server.RaftServerConfigKeys (ConfUtils.java:logGet(46)) - raft.server.rpc.slowness.timeout = 300s (custom)
2024-01-30 07:45:07,503 [68b35bab-6033-4329-aa6c-21b57b93715a-groupManagement] INFO  server.RaftServerConfigKeys (ConfUtils.java:logGet(46)) - raft.server.leaderelection.leader.step-down.wait-time = 10s (default)
2024-01-30 07:45:07,503 [68b35bab-6033-4329-aa6c-21b57b93715a-groupManagement] INFO  server.RaftServerConfigKeys (ConfUtils.java:logGet(46)) - raft.server.leaderelection.member.majority-add = false (default)
2024-01-30 07:45:07,503 [68b35bab-6033-4329-aa6c-21b57b93715a-groupManagement] INFO  server.RaftServerConfigKeys (ConfUtils.java:logGet(46)) - raft.server.sleep.deviation.threshold = 300ms (default)
2024-01-30 07:45:07,503 [68b35bab-6033-4329-aa6c-21b57b93715a-groupManagement] INFO  server.RaftServer$Division (ServerState.java:<init>(113)) - 68b35bab-6033-4329-aa6c-21b57b93715a@group-FC27DF658E49: ConfigurationManager, init=-1: peers:[bf3622ab-3fe7-408a-b5e0-736b392a243c|10.1.0.48:15032, eae9be92-4231-488a-b42d-6128b74e9292|10.1.0.48:15023, 68b35bab-6033-4329-aa6c-21b57b93715a|10.1.0.48:15014]|listeners:[], old=null, confs=<EMPTY_MAP>
2024-01-30 07:45:07,503 [68b35bab-6033-4329-aa6c-21b57b93715a-groupManagement] INFO  server.RaftServerConfigKeys (ConfUtils.java:logGet(46)) - raft.server.notification.no-leader.timeout = 300s (custom)
2024-01-30 07:45:07,503 [68b35bab-6033-4329-aa6c-21b57b93715a-groupManagement] INFO  server.RaftServerConfigKeys (ConfUtils.java:logGet(46)) - raft.server.read.timeout = 10s (default)
2024-01-30 07:45:07,504 [68b35bab-6033-4329-aa6c-21b57b93715a-groupManagement] INFO  server.RaftServerConfigKeys (ConfUtils.java:logGet(46)) - raft.server.retrycache.expirytime = 600000ms (custom)
2024-01-30 07:45:07,504 [68b35bab-6033-4329-aa6c-21b57b93715a-groupManagement] INFO  server.RaftServerConfigKeys (ConfUtils.java:logGet(46)) - raft.server.retrycache.statistics.expirytime = 100ms (default)
2024-01-30 07:45:07,504 [68b35bab-6033-4329-aa6c-21b57b93715a-groupManagement] INFO  server.RaftServerConfigKeys (ConfUtils.java:logGet(46)) - raft.server.read.option = DEFAULT (default)
2024-01-30 07:45:07,504 [68b35bab-6033-4329-aa6c-21b57b93715a-groupManagement] INFO  server.RaftServerConfigKeys (ConfUtils.java:logGet(46)) - raft.server.read.read-after-write-consistent.write-index-cache.expiry-time = 60s (default)
2024-01-30 07:45:07,510 [68b35bab-6033-4329-aa6c-21b57b93715a-groupManagement] INFO  server.RaftServerConfigKeys (ConfUtils.java:logGet(46)) - raft.server.rpc.request.timeout = 60s (custom)
2024-01-30 07:45:07,510 [68b35bab-6033-4329-aa6c-21b57b93715a-groupManagement] INFO  server.RaftServerConfigKeys (ConfUtils.java:logGet(46)) - raft.server.log.appender.install.snapshot.enabled = false (custom)
2024-01-30 07:45:07,510 [68b35bab-6033-4329-aa6c-21b57b93715a-groupManagement] INFO  server.RaftServerConfigKeys (ConfUtils.java:logGet(46)) - raft.server.threadpool.server.cached = true (default)
2024-01-30 07:45:07,510 [68b35bab-6033-4329-aa6c-21b57b93715a-groupManagement] INFO  server.RaftServerConfigKeys (ConfUtils.java:logGet(46)) - raft.server.threadpool.server.size = 0 (default)
2024-01-30 07:45:07,511 [68b35bab-6033-4329-aa6c-21b57b93715a-groupManagement] INFO  server.RaftServerConfigKeys (ConfUtils.java:logGet(46)) - raft.server.threadpool.client.cached = true (default)
2024-01-30 07:45:07,511 [68b35bab-6033-4329-aa6c-21b57b93715a-groupManagement] INFO  server.RaftServerConfigKeys (ConfUtils.java:logGet(46)) - raft.server.threadpool.client.size = 0 (default)
2024-01-30 07:45:07,511 [68b35bab-6033-4329-aa6c-21b57b93715a-groupManagement] INFO  server.RaftServerConfigKeys (ConfUtils.java:logGet(46)) - raft.server.storage.free-space.min = 0MB (=0) (default)
2024-01-30 07:45:07,511 [68b35bab-6033-4329-aa6c-21b57b93715a-groupManagement] INFO  server.RaftServerConfigKeys (ConfUtils.java:logGet(46)) - raft.server.log.corruption.policy = EXCEPTION (default)
2024-01-30 07:45:07,511 [68b35bab-6033-4329-aa6c-21b57b93715a-groupManagement] INFO  server.RaftServerConfigKeys (ConfUtils.java:logGet(46)) - raft.server.storage.dir = [/home/runner/work/ozone/ozone/hadoop-ozone/integration-test/target/test-dir/MiniOzoneClusterImpl-b74639a9-f624-491a-a51e-4d41e99a633c/datanode-0/data/ratis] (custom)
2024-01-30 07:45:07,511 [68b35bab-6033-4329-aa6c-21b57b93715a-groupManagement] INFO  storage.RaftStorageDirectory (RaftStorageDirectoryImpl.java:analyzeStorage(138)) - The storage directory /home/runner/work/ozone/ozone/hadoop-ozone/integration-test/target/test-dir/MiniOzoneClusterImpl-b74639a9-f624-491a-a51e-4d41e99a633c/datanode-0/data/ratis/4724f419-527a-4595-b49d-fc27df658e49 does not exist. Creating ...
2024-01-30 07:45:07,512 [68b35bab-6033-4329-aa6c-21b57b93715a-groupManagement] INFO  storage.RaftStorageDirectory (RaftStorageDirectoryImpl.java:tryLock(228)) - Lock on /home/runner/work/ozone/ozone/hadoop-ozone/integration-test/target/test-dir/MiniOzoneClusterImpl-b74639a9-f624-491a-a51e-4d41e99a633c/datanode-0/data/ratis/4724f419-527a-4595-b49d-fc27df658e49/in_use.lock acquired by nodename 92995@fv-az1436-717
2024-01-30 07:45:07,513 [68b35bab-6033-4329-aa6c-21b57b93715a-groupManagement] INFO  storage.RaftStorage (RaftStorageImpl.java:format(99)) - Storage directory /home/runner/work/ozone/ozone/hadoop-ozone/integration-test/target/test-dir/MiniOzoneClusterImpl-b74639a9-f624-491a-a51e-4d41e99a633c/datanode-0/data/ratis/4724f419-527a-4595-b49d-fc27df658e49 has been successfully formatted.
2024-01-30 07:45:07,513 [68b35bab-6033-4329-aa6c-21b57b93715a-groupManagement] WARN  util.FileUtils (LogUtils.java:supplyAndLog(63)) - Failed to Files.newInputStream /home/runner/work/ozone/ozone/hadoop-ozone/integration-test/target/test-dir/MiniOzoneClusterImpl-b74639a9-f624-491a-a51e-4d41e99a633c/datanode-0/data/ratis/4724f419-527a-4595-b49d-fc27df658e49/current/raft-meta.conf with options []: java.nio.file.NoSuchFileException: /home/runner/work/ozone/ozone/hadoop-ozone/integration-test/target/test-dir/MiniOzoneClusterImpl-b74639a9-f624-491a-a51e-4d41e99a633c/datanode-0/data/ratis/4724f419-527a-4595-b49d-fc27df658e49/current/raft-meta.conf
2024-01-30 07:45:07,514 [68b35bab-6033-4329-aa6c-21b57b93715a-groupManagement] INFO  ratis.ContainerStateMachine (ContainerStateMachine.java:loadSnapshot(287)) - group-FC27DF658E49: The snapshot info is null. Setting the last applied index to:(t:0, i:~)
2024-01-30 07:45:07,514 [68b35bab-6033-4329-aa6c-21b57b93715a-groupManagement] INFO  server.RaftServerConfigKeys (ConfUtils.java:logGet(46)) - raft.server.log.use.memory = false (default)
2024-01-30 07:45:07,514 [68b35bab-6033-4329-aa6c-21b57b93715a-groupManagement] INFO  server.RaftServerConfigKeys (ConfUtils.java:logGet(46)) - raft.server.log.purge.gap = 1000000 (custom)
2024-01-30 07:45:07,514 [68b35bab-6033-4329-aa6c-21b57b93715a-groupManagement] INFO  server.RaftServerConfigKeys (ConfUtils.java:logGet(46)) - raft.server.log.appender.buffer.byte-limit = 8388608 (custom)
2024-01-30 07:45:07,514 [68b35bab-6033-4329-aa6c-21b57b93715a-groupManagement] INFO  server.RaftServerConfigKeys (ConfUtils.java:logGet(46)) - raft.server.log.statemachine.data.read.timeout = 1000ms (default)
2024-01-30 07:45:07,514 [68b35bab-6033-4329-aa6c-21b57b93715a-groupManagement] INFO  server.RaftServerConfigKeys (ConfUtils.java:logGet(46)) - raft.server.log.purge.preservation.log.num = 0 (default)
2024-01-30 07:45:07,518 [EventQueue-OpenPipelineForHealthyPipelineSafeModeRule] INFO  safemode.SCMSafeModeManager (HealthyPipelineSafeModeRule.java:process(140)) - SCM in safe mode. Healthy pipelines reported count is 0, required healthy pipeline reported count is 1
2024-01-30 07:45:07,520 [68b35bab-6033-4329-aa6c-21b57b93715a-groupManagement] INFO  server.RaftServerConfigKeys (ConfUtils.java:logGet(46)) - raft.server.log.segment.size.max = 67108864 (custom)
2024-01-30 07:45:07,520 [68b35bab-6033-4329-aa6c-21b57b93715a-groupManagement] INFO  server.RaftServerConfigKeys (ConfUtils.java:logGet(46)) - raft.server.log.segment.cache.num.max = 2 (custom)
2024-01-30 07:45:07,520 [68b35bab-6033-4329-aa6c-21b57b93715a-groupManagement] INFO  server.RaftServerConfigKeys (ConfUtils.java:logGet(46)) - raft.server.log.segment.cache.size.max = 200MB (=209715200) (default)
2024-01-30 07:45:07,521 [68b35bab-6033-4329-aa6c-21b57b93715a-groupManagement] INFO  server.RaftServerConfigKeys (ConfUtils.java:logGet(46)) - raft.server.log.appender.buffer.byte-limit = 8388608 (custom)
2024-01-30 07:45:07,521 [68b35bab-6033-4329-aa6c-21b57b93715a-groupManagement] INFO  util.AwaitToRun (AwaitToRun.java:start(81)) - Thread[68b35bab-6033-4329-aa6c-21b57b93715a@group-FC27DF658E49-cacheEviction-AwaitToRun,5,main] started
2024-01-30 07:45:07,521 [68b35bab-6033-4329-aa6c-21b57b93715a-groupManagement] INFO  segmented.SegmentedRaftLogWorker (SegmentedRaftLogWorker.java:<init>(182)) - new 68b35bab-6033-4329-aa6c-21b57b93715a@group-FC27DF658E49-SegmentedRaftLogWorker for RaftStorageImpl:Storage Directory /home/runner/work/ozone/ozone/hadoop-ozone/integration-test/target/test-dir/MiniOzoneClusterImpl-b74639a9-f624-491a-a51e-4d41e99a633c/datanode-0/data/ratis/4724f419-527a-4595-b49d-fc27df658e49
2024-01-30 07:45:07,521 [68b35bab-6033-4329-aa6c-21b57b93715a-groupManagement] INFO  server.RaftServerConfigKeys (ConfUtils.java:logGet(46)) - raft.server.log.queue.byte-limit = 4294967296 (custom)
2024-01-30 07:45:07,521 [68b35bab-6033-4329-aa6c-21b57b93715a-groupManagement] INFO  server.RaftServerConfigKeys (ConfUtils.java:logGet(46)) - raft.server.log.queue.element-limit = 1024 (custom)
2024-01-30 07:45:07,521 [68b35bab-6033-4329-aa6c-21b57b93715a-groupManagement] INFO  server.RaftServerConfigKeys (ConfUtils.java:logGet(46)) - raft.server.log.segment.size.max = 67108864 (custom)
2024-01-30 07:45:07,521 [68b35bab-6033-4329-aa6c-21b57b93715a-groupManagement] INFO  server.RaftServerConfigKeys (ConfUtils.java:logGet(46)) - raft.server.log.preallocated.size = 4194304 (custom)
2024-01-30 07:45:07,521 [68b35bab-6033-4329-aa6c-21b57b93715a-groupManagement] INFO  server.RaftServerConfigKeys (ConfUtils.java:logGet(46)) - raft.server.log.force.sync.num = 128 (default)
2024-01-30 07:45:07,521 [68b35bab-6033-4329-aa6c-21b57b93715a-groupManagement] INFO  server.RaftServerConfigKeys (ConfUtils.java:logGet(46)) - raft.server.log.statemachine.data.sync = true (default)
2024-01-30 07:45:07,521 [68b35bab-6033-4329-aa6c-21b57b93715a-groupManagement] INFO  server.RaftServerConfigKeys (ConfUtils.java:logGet(46)) - raft.server.log.statemachine.data.sync.timeout = 10s (default)
2024-01-30 07:45:07,522 [68b35bab-6033-4329-aa6c-21b57b93715a-groupManagement] INFO  server.RaftServerConfigKeys (ConfUtils.java:logGet(46)) - raft.server.log.statemachine.data.sync.timeout.retry = 0 (custom)
2024-01-30 07:45:07,522 [68b35bab-6033-4329-aa6c-21b57b93715a-groupManagement] INFO  server.RaftServerConfigKeys (ConfUtils.java:logGet(46)) - raft.server.log.write.buffer.size = 8388616 (custom)
2024-01-30 07:45:07,523 [68b35bab-6033-4329-aa6c-21b57b93715a-groupManagement] INFO  server.RaftServerConfigKeys (ConfUtils.java:logGet(46)) - raft.server.log.appender.buffer.byte-limit = 8388608 (custom)
2024-01-30 07:45:07,524 [68b35bab-6033-4329-aa6c-21b57b93715a-groupManagement] INFO  server.RaftServerConfigKeys (ConfUtils.java:logGet(46)) - raft.server.log.unsafe-flush.enabled = false (default)
2024-01-30 07:45:07,524 [68b35bab-6033-4329-aa6c-21b57b93715a-groupManagement] INFO  server.RaftServerConfigKeys (ConfUtils.java:logGet(46)) - raft.server.log.async-flush.enabled = false (default)
2024-01-30 07:45:07,524 [68b35bab-6033-4329-aa6c-21b57b93715a-groupManagement] INFO  server.RaftServerConfigKeys (ConfUtils.java:logGet(46)) - raft.server.log.statemachine.data.caching.enabled = true (custom)
2024-01-30 07:45:07,524 [68b35bab-6033-4329-aa6c-21b57b93715a-groupManagement] INFO  segmented.SegmentedRaftLogWorker (SegmentedRaftLogWorker.java:lambda$new$0(134)) - 68b35bab-6033-4329-aa6c-21b57b93715a@group-FC27DF658E49-SegmentedRaftLogWorker: flushIndex: setUnconditionally 0 -> -1
2024-01-30 07:45:07,524 [68b35bab-6033-4329-aa6c-21b57b93715a-groupManagement] INFO  segmented.SegmentedRaftLogWorker (SegmentedRaftLogWorker.java:lambda$new$0(134)) - 68b35bab-6033-4329-aa6c-21b57b93715a@group-FC27DF658E49-SegmentedRaftLogWorker: safeCacheEvictIndex: setUnconditionally 0 -> -1
2024-01-30 07:45:07,524 [68b35bab-6033-4329-aa6c-21b57b93715a-groupManagement] INFO  server.RaftServer$Division (RaftServerImpl.java:start(396)) - 68b35bab-6033-4329-aa6c-21b57b93715a@group-FC27DF658E49: start as a follower, conf=-1: peers:[bf3622ab-3fe7-408a-b5e0-736b392a243c|10.1.0.48:15032, eae9be92-4231-488a-b42d-6128b74e9292|10.1.0.48:15023, 68b35bab-6033-4329-aa6c-21b57b93715a|10.1.0.48:15014]|listeners:[], old=null
2024-01-30 07:45:07,524 [68b35bab-6033-4329-aa6c-21b57b93715a-groupManagement] INFO  server.RaftServer$Division (RaftServerImpl.java:setRole(383)) - 68b35bab-6033-4329-aa6c-21b57b93715a@group-FC27DF658E49: changes role from      null to FOLLOWER at term 0 for startAsFollower
2024-01-30 07:45:07,524 [68b35bab-6033-4329-aa6c-21b57b93715a-groupManagement] INFO  impl.RoleInfo (RoleInfo.java:updateAndGet(139)) - 68b35bab-6033-4329-aa6c-21b57b93715a: start 68b35bab-6033-4329-aa6c-21b57b93715a@group-FC27DF658E49-FollowerState
2024-01-30 07:45:07,525 [68b35bab-6033-4329-aa6c-21b57b93715a@group-FC27DF658E49-FollowerState] INFO  server.RaftServerConfigKeys (ConfUtils.java:logFallback(53)) - raft.server.rpc.first-election.timeout.min = 5s (fallback to raft.server.rpc.timeout.min)
2024-01-30 07:45:07,525 [68b35bab-6033-4329-aa6c-21b57b93715a-groupManagement] INFO  util.JmxRegister (JmxRegister.java:tryRegister(44)) - Successfully registered JMX Bean with object name Ratis:service=RaftServer,group=group-FC27DF658E49,id=68b35bab-6033-4329-aa6c-21b57b93715a
2024-01-30 07:45:07,525 [68b35bab-6033-4329-aa6c-21b57b93715a@group-FC27DF658E49-FollowerState] INFO  server.RaftServerConfigKeys (ConfUtils.java:logFallback(53)) - raft.server.rpc.first-election.timeout.max = 5200ms (fallback to raft.server.rpc.timeout.max)
2024-01-30 07:45:07,525 [68b35bab-6033-4329-aa6c-21b57b93715a-groupManagement] INFO  server.RaftServerConfigKeys (ConfUtils.java:logGet(46)) - raft.server.snapshot.trigger-when-stop.enabled = true (default)
2024-01-30 07:45:07,525 [68b35bab-6033-4329-aa6c-21b57b93715a-groupManagement] INFO  server.RaftServerConfigKeys (ConfUtils.java:logGet(46)) - raft.server.snapshot.auto.trigger.enabled = true (custom)
2024-01-30 07:45:07,525 [68b35bab-6033-4329-aa6c-21b57b93715a-groupManagement] INFO  server.RaftServerConfigKeys (ConfUtils.java:logGet(46)) - raft.server.snapshot.auto.trigger.threshold = 10000 (custom)
2024-01-30 07:45:07,525 [68b35bab-6033-4329-aa6c-21b57b93715a-groupManagement] INFO  server.RaftServerConfigKeys (ConfUtils.java:logGet(46)) - raft.server.snapshot.retention.file.num = 5 (custom)
2024-01-30 07:45:07,525 [68b35bab-6033-4329-aa6c-21b57b93715a-groupManagement] INFO  server.RaftServerConfigKeys (ConfUtils.java:logGet(46)) - raft.server.log.purge.upto.snapshot.index = false (default)
2024-01-30 07:45:07,526 [68b35bab-6033-4329-aa6c-21b57b93715a-PipelineCommandHandlerThread-0] INFO  ratis.XceiverServerRatis (XceiverServerRatis.java:addGroup(864)) - Created group PipelineID=4724f419-527a-4595-b49d-fc27df658e49
2024-01-30 07:45:07,590 [eae9be92-4231-488a-b42d-6128b74e9292-PipelineCommandHandlerThread-0] INFO  server.RaftServer (RaftServerProxy.java:addNew(100)) - eae9be92-4231-488a-b42d-6128b74e9292: addNew group-21158D913229:[eae9be92-4231-488a-b42d-6128b74e9292|10.1.0.48:15023] returns group-21158D913229:java.util.concurrent.CompletableFuture@555134bc[Not completed]
2024-01-30 07:45:07,604 [eae9be92-4231-488a-b42d-6128b74e9292-groupManagement] INFO  server.RaftServer$Division (RaftServerImpl.java:<init>(256)) - eae9be92-4231-488a-b42d-6128b74e9292: new RaftServerImpl for group-21158D913229:[eae9be92-4231-488a-b42d-6128b74e9292|10.1.0.48:15023] with ContainerStateMachine:uninitialized
2024-01-30 07:45:07,604 [eae9be92-4231-488a-b42d-6128b74e9292-groupManagement] INFO  server.RaftServerConfigKeys (ConfUtils.java:logGet(46)) - raft.server.rpc.timeout.min = 5s (custom)
2024-01-30 07:45:07,604 [eae9be92-4231-488a-b42d-6128b74e9292-groupManagement] INFO  server.RaftServerConfigKeys (ConfUtils.java:logGet(46)) - raft.server.rpc.timeout.max = 5200ms (custom)
2024-01-30 07:45:07,604 [eae9be92-4231-488a-b42d-6128b74e9292-groupManagement] INFO  server.RaftServerConfigKeys (ConfUtils.java:logGet(46)) - raft.server.rpc.sleep.time = 25ms (default)
2024-01-30 07:45:07,604 [eae9be92-4231-488a-b42d-6128b74e9292-groupManagement] INFO  server.RaftServerConfigKeys (ConfUtils.java:logGet(46)) - raft.server.rpc.slowness.timeout = 300s (custom)
2024-01-30 07:45:07,605 [eae9be92-4231-488a-b42d-6128b74e9292-groupManagement] INFO  server.RaftServerConfigKeys (ConfUtils.java:logGet(46)) - raft.server.leaderelection.leader.step-down.wait-time = 10s (default)
2024-01-30 07:45:07,605 [eae9be92-4231-488a-b42d-6128b74e9292-groupManagement] INFO  server.RaftServerConfigKeys (ConfUtils.java:logGet(46)) - raft.server.leaderelection.member.majority-add = false (default)
2024-01-30 07:45:07,605 [eae9be92-4231-488a-b42d-6128b74e9292-groupManagement] INFO  server.RaftServerConfigKeys (ConfUtils.java:logGet(46)) - raft.server.sleep.deviation.threshold = 300ms (default)
2024-01-30 07:45:07,605 [eae9be92-4231-488a-b42d-6128b74e9292-groupManagement] INFO  server.RaftServer$Division (ServerState.java:<init>(113)) - eae9be92-4231-488a-b42d-6128b74e9292@group-21158D913229: ConfigurationManager, init=-1: peers:[eae9be92-4231-488a-b42d-6128b74e9292|10.1.0.48:15023]|listeners:[], old=null, confs=<EMPTY_MAP>
2024-01-30 07:45:07,605 [eae9be92-4231-488a-b42d-6128b74e9292-groupManagement] INFO  server.RaftServerConfigKeys (ConfUtils.java:logGet(46)) - raft.server.notification.no-leader.timeout = 300s (custom)
2024-01-30 07:45:07,605 [eae9be92-4231-488a-b42d-6128b74e9292-groupManagement] INFO  server.RaftServerConfigKeys (ConfUtils.java:logGet(46)) - raft.server.read.timeout = 10s (default)
2024-01-30 07:45:07,605 [eae9be92-4231-488a-b42d-6128b74e9292-groupManagement] INFO  server.RaftServerConfigKeys (ConfUtils.java:logGet(46)) - raft.server.retrycache.expirytime = 600000ms (custom)
2024-01-30 07:45:07,605 [eae9be92-4231-488a-b42d-6128b74e9292-groupManagement] INFO  server.RaftServerConfigKeys (ConfUtils.java:logGet(46)) - raft.server.retrycache.statistics.expirytime = 100ms (default)
2024-01-30 07:45:07,606 [eae9be92-4231-488a-b42d-6128b74e9292-groupManagement] INFO  server.RaftServerConfigKeys (ConfUtils.java:logGet(46)) - raft.server.read.option = DEFAULT (default)
2024-01-30 07:45:07,606 [eae9be92-4231-488a-b42d-6128b74e9292-groupManagement] INFO  server.RaftServerConfigKeys (ConfUtils.java:logGet(46)) - raft.server.read.read-after-write-consistent.write-index-cache.expiry-time = 60s (default)
2024-01-30 07:45:07,612 [eae9be92-4231-488a-b42d-6128b74e9292-groupManagement] INFO  server.RaftServerConfigKeys (ConfUtils.java:logGet(46)) - raft.server.rpc.request.timeout = 60s (custom)
2024-01-30 07:45:07,612 [eae9be92-4231-488a-b42d-6128b74e9292-groupManagement] INFO  server.RaftServerConfigKeys (ConfUtils.java:logGet(46)) - raft.server.log.appender.install.snapshot.enabled = false (custom)
2024-01-30 07:45:07,612 [eae9be92-4231-488a-b42d-6128b74e9292-groupManagement] INFO  server.RaftServerConfigKeys (ConfUtils.java:logGet(46)) - raft.server.threadpool.server.cached = true (default)
2024-01-30 07:45:07,612 [eae9be92-4231-488a-b42d-6128b74e9292-groupManagement] INFO  server.RaftServerConfigKeys (ConfUtils.java:logGet(46)) - raft.server.threadpool.server.size = 0 (default)
2024-01-30 07:45:07,612 [eae9be92-4231-488a-b42d-6128b74e9292-groupManagement] INFO  server.RaftServerConfigKeys (ConfUtils.java:logGet(46)) - raft.server.threadpool.client.cached = true (default)
2024-01-30 07:45:07,613 [eae9be92-4231-488a-b42d-6128b74e9292-groupManagement] INFO  server.RaftServerConfigKeys (ConfUtils.java:logGet(46)) - raft.server.threadpool.client.size = 0 (default)
2024-01-30 07:45:07,613 [eae9be92-4231-488a-b42d-6128b74e9292-groupManagement] INFO  server.RaftServerConfigKeys (ConfUtils.java:logGet(46)) - raft.server.storage.free-space.min = 0MB (=0) (default)
2024-01-30 07:45:07,613 [eae9be92-4231-488a-b42d-6128b74e9292-groupManagement] INFO  server.RaftServerConfigKeys (ConfUtils.java:logGet(46)) - raft.server.log.corruption.policy = EXCEPTION (default)
2024-01-30 07:45:07,613 [eae9be92-4231-488a-b42d-6128b74e9292-groupManagement] INFO  server.RaftServerConfigKeys (ConfUtils.java:logGet(46)) - raft.server.storage.dir = [/home/runner/work/ozone/ozone/hadoop-ozone/integration-test/target/test-dir/MiniOzoneClusterImpl-b74639a9-f624-491a-a51e-4d41e99a633c/datanode-1/data/ratis] (custom)
2024-01-30 07:45:07,613 [eae9be92-4231-488a-b42d-6128b74e9292-groupManagement] INFO  storage.RaftStorageDirectory (RaftStorageDirectoryImpl.java:analyzeStorage(138)) - The storage directory /home/runner/work/ozone/ozone/hadoop-ozone/integration-test/target/test-dir/MiniOzoneClusterImpl-b74639a9-f624-491a-a51e-4d41e99a633c/datanode-1/data/ratis/2fa8f7b4-795f-4d38-879a-21158d913229 does not exist. Creating ...
2024-01-30 07:45:07,614 [eae9be92-4231-488a-b42d-6128b74e9292-groupManagement] INFO  storage.RaftStorageDirectory (RaftStorageDirectoryImpl.java:tryLock(228)) - Lock on /home/runner/work/ozone/ozone/hadoop-ozone/integration-test/target/test-dir/MiniOzoneClusterImpl-b74639a9-f624-491a-a51e-4d41e99a633c/datanode-1/data/ratis/2fa8f7b4-795f-4d38-879a-21158d913229/in_use.lock acquired by nodename 92995@fv-az1436-717
2024-01-30 07:45:07,615 [eae9be92-4231-488a-b42d-6128b74e9292-groupManagement] INFO  storage.RaftStorage (RaftStorageImpl.java:format(99)) - Storage directory /home/runner/work/ozone/ozone/hadoop-ozone/integration-test/target/test-dir/MiniOzoneClusterImpl-b74639a9-f624-491a-a51e-4d41e99a633c/datanode-1/data/ratis/2fa8f7b4-795f-4d38-879a-21158d913229 has been successfully formatted.
2024-01-30 07:45:07,616 [eae9be92-4231-488a-b42d-6128b74e9292-groupManagement] WARN  util.FileUtils (LogUtils.java:supplyAndLog(63)) - Failed to Files.newInputStream /home/runner/work/ozone/ozone/hadoop-ozone/integration-test/target/test-dir/MiniOzoneClusterImpl-b74639a9-f624-491a-a51e-4d41e99a633c/datanode-1/data/ratis/2fa8f7b4-795f-4d38-879a-21158d913229/current/raft-meta.conf with options []: java.nio.file.NoSuchFileException: /home/runner/work/ozone/ozone/hadoop-ozone/integration-test/target/test-dir/MiniOzoneClusterImpl-b74639a9-f624-491a-a51e-4d41e99a633c/datanode-1/data/ratis/2fa8f7b4-795f-4d38-879a-21158d913229/current/raft-meta.conf
2024-01-30 07:45:07,617 [eae9be92-4231-488a-b42d-6128b74e9292-groupManagement] INFO  ratis.ContainerStateMachine (ContainerStateMachine.java:loadSnapshot(287)) - group-21158D913229: The snapshot info is null. Setting the last applied index to:(t:0, i:~)
2024-01-30 07:45:07,618 [eae9be92-4231-488a-b42d-6128b74e9292-groupManagement] INFO  server.RaftServerConfigKeys (ConfUtils.java:logGet(46)) - raft.server.log.use.memory = false (default)
2024-01-30 07:45:07,618 [eae9be92-4231-488a-b42d-6128b74e9292-groupManagement] INFO  server.RaftServerConfigKeys (ConfUtils.java:logGet(46)) - raft.server.log.purge.gap = 1000000 (custom)
2024-01-30 07:45:07,618 [eae9be92-4231-488a-b42d-6128b74e9292-groupManagement] INFO  server.RaftServerConfigKeys (ConfUtils.java:logGet(46)) - raft.server.log.appender.buffer.byte-limit = 8388608 (custom)
2024-01-30 07:45:07,618 [eae9be92-4231-488a-b42d-6128b74e9292-groupManagement] INFO  server.RaftServerConfigKeys (ConfUtils.java:logGet(46)) - raft.server.log.statemachine.data.read.timeout = 1000ms (default)
2024-01-30 07:45:07,618 [eae9be92-4231-488a-b42d-6128b74e9292-groupManagement] INFO  server.RaftServerConfigKeys (ConfUtils.java:logGet(46)) - raft.server.log.purge.preservation.log.num = 0 (default)
2024-01-30 07:45:07,624 [EventQueue-PipelineReportForPipelineReportHandler] INFO  pipeline.PipelineReportHandler (PipelineReportHandler.java:processPipelineReport(136)) - Opened pipeline PipelineID=2fa8f7b4-795f-4d38-879a-21158d913229
2024-01-30 07:45:07,625 [EventQueue-OpenPipelineForHealthyPipelineSafeModeRule] INFO  safemode.SCMSafeModeManager (HealthyPipelineSafeModeRule.java:process(140)) - SCM in safe mode. Healthy pipelines reported count is 0, required healthy pipeline reported count is 1
2024-01-30 07:45:07,624 [eae9be92-4231-488a-b42d-6128b74e9292-groupManagement] INFO  server.RaftServerConfigKeys (ConfUtils.java:logGet(46)) - raft.server.log.segment.size.max = 67108864 (custom)
2024-01-30 07:45:07,627 [eae9be92-4231-488a-b42d-6128b74e9292-groupManagement] INFO  server.RaftServerConfigKeys (ConfUtils.java:logGet(46)) - raft.server.log.segment.cache.num.max = 2 (custom)
2024-01-30 07:45:07,627 [eae9be92-4231-488a-b42d-6128b74e9292-groupManagement] INFO  server.RaftServerConfigKeys (ConfUtils.java:logGet(46)) - raft.server.log.segment.cache.size.max = 200MB (=209715200) (default)
2024-01-30 07:45:07,627 [eae9be92-4231-488a-b42d-6128b74e9292-groupManagement] INFO  server.RaftServerConfigKeys (ConfUtils.java:logGet(46)) - raft.server.log.appender.buffer.byte-limit = 8388608 (custom)
2024-01-30 07:45:07,630 [eae9be92-4231-488a-b42d-6128b74e9292-groupManagement] INFO  util.AwaitToRun (AwaitToRun.java:start(81)) - Thread[eae9be92-4231-488a-b42d-6128b74e9292@group-21158D913229-cacheEviction-AwaitToRun,5,main] started
2024-01-30 07:45:07,631 [eae9be92-4231-488a-b42d-6128b74e9292-groupManagement] INFO  segmented.SegmentedRaftLogWorker (SegmentedRaftLogWorker.java:<init>(182)) - new eae9be92-4231-488a-b42d-6128b74e9292@group-21158D913229-SegmentedRaftLogWorker for RaftStorageImpl:Storage Directory /home/runner/work/ozone/ozone/hadoop-ozone/integration-test/target/test-dir/MiniOzoneClusterImpl-b74639a9-f624-491a-a51e-4d41e99a633c/datanode-1/data/ratis/2fa8f7b4-795f-4d38-879a-21158d913229
2024-01-30 07:45:07,631 [eae9be92-4231-488a-b42d-6128b74e9292-groupManagement] INFO  server.RaftServerConfigKeys (ConfUtils.java:logGet(46)) - raft.server.log.queue.byte-limit = 4294967296 (custom)
2024-01-30 07:45:07,631 [eae9be92-4231-488a-b42d-6128b74e9292-groupManagement] INFO  server.RaftServerConfigKeys (ConfUtils.java:logGet(46)) - raft.server.log.queue.element-limit = 1024 (custom)
2024-01-30 07:45:07,631 [eae9be92-4231-488a-b42d-6128b74e9292-groupManagement] INFO  server.RaftServerConfigKeys (ConfUtils.java:logGet(46)) - raft.server.log.segment.size.max = 67108864 (custom)
2024-01-30 07:45:07,631 [eae9be92-4231-488a-b42d-6128b74e9292-groupManagement] INFO  server.RaftServerConfigKeys (ConfUtils.java:logGet(46)) - raft.server.log.preallocated.size = 4194304 (custom)
2024-01-30 07:45:07,631 [eae9be92-4231-488a-b42d-6128b74e9292-groupManagement] INFO  server.RaftServerConfigKeys (ConfUtils.java:logGet(46)) - raft.server.log.force.sync.num = 128 (default)
2024-01-30 07:45:07,631 [eae9be92-4231-488a-b42d-6128b74e9292-groupManagement] INFO  server.RaftServerConfigKeys (ConfUtils.java:logGet(46)) - raft.server.log.statemachine.data.sync = true (default)
2024-01-30 07:45:07,631 [eae9be92-4231-488a-b42d-6128b74e9292-groupManagement] INFO  server.RaftServerConfigKeys (ConfUtils.java:logGet(46)) - raft.server.log.statemachine.data.sync.timeout = 10s (default)
2024-01-30 07:45:07,632 [eae9be92-4231-488a-b42d-6128b74e9292-groupManagement] INFO  server.RaftServerConfigKeys (ConfUtils.java:logGet(46)) - raft.server.log.statemachine.data.sync.timeout.retry = 0 (custom)
2024-01-30 07:45:07,632 [eae9be92-4231-488a-b42d-6128b74e9292-groupManagement] INFO  server.RaftServerConfigKeys (ConfUtils.java:logGet(46)) - raft.server.log.write.buffer.size = 8388616 (custom)
2024-01-30 07:45:07,635 [eae9be92-4231-488a-b42d-6128b74e9292-groupManagement] INFO  server.RaftServerConfigKeys (ConfUtils.java:logGet(46)) - raft.server.log.appender.buffer.byte-limit = 8388608 (custom)
2024-01-30 07:45:07,635 [eae9be92-4231-488a-b42d-6128b74e9292-groupManagement] INFO  server.RaftServerConfigKeys (ConfUtils.java:logGet(46)) - raft.server.log.unsafe-flush.enabled = false (default)
2024-01-30 07:45:07,635 [eae9be92-4231-488a-b42d-6128b74e9292-groupManagement] INFO  server.RaftServerConfigKeys (ConfUtils.java:logGet(46)) - raft.server.log.async-flush.enabled = false (default)
2024-01-30 07:45:07,635 [eae9be92-4231-488a-b42d-6128b74e9292-groupManagement] INFO  server.RaftServerConfigKeys (ConfUtils.java:logGet(46)) - raft.server.log.statemachine.data.caching.enabled = true (custom)
2024-01-30 07:45:07,636 [eae9be92-4231-488a-b42d-6128b74e9292-groupManagement] INFO  segmented.SegmentedRaftLogWorker (SegmentedRaftLogWorker.java:lambda$new$0(134)) - eae9be92-4231-488a-b42d-6128b74e9292@group-21158D913229-SegmentedRaftLogWorker: flushIndex: setUnconditionally 0 -> -1
2024-01-30 07:45:07,636 [eae9be92-4231-488a-b42d-6128b74e9292-groupManagement] INFO  segmented.SegmentedRaftLogWorker (SegmentedRaftLogWorker.java:lambda$new$0(134)) - eae9be92-4231-488a-b42d-6128b74e9292@group-21158D913229-SegmentedRaftLogWorker: safeCacheEvictIndex: setUnconditionally 0 -> -1
2024-01-30 07:45:07,640 [eae9be92-4231-488a-b42d-6128b74e9292-groupManagement] INFO  server.RaftServer$Division (RaftServerImpl.java:start(396)) - eae9be92-4231-488a-b42d-6128b74e9292@group-21158D913229: start as a follower, conf=-1: peers:[eae9be92-4231-488a-b42d-6128b74e9292|10.1.0.48:15023]|listeners:[], old=null
2024-01-30 07:45:07,640 [eae9be92-4231-488a-b42d-6128b74e9292-groupManagement] INFO  server.RaftServer$Division (RaftServerImpl.java:setRole(383)) - eae9be92-4231-488a-b42d-6128b74e9292@group-21158D913229: changes role from      null to FOLLOWER at term 0 for startAsFollower
2024-01-30 07:45:07,641 [eae9be92-4231-488a-b42d-6128b74e9292-groupManagement] INFO  impl.RoleInfo (RoleInfo.java:updateAndGet(139)) - eae9be92-4231-488a-b42d-6128b74e9292: start eae9be92-4231-488a-b42d-6128b74e9292@group-21158D913229-FollowerState
2024-01-30 07:45:07,649 [eae9be92-4231-488a-b42d-6128b74e9292@group-21158D913229-FollowerState] INFO  server.RaftServerConfigKeys (ConfUtils.java:logFallback(53)) - raft.server.rpc.first-election.timeout.min = 5s (fallback to raft.server.rpc.timeout.min)
2024-01-30 07:45:07,649 [eae9be92-4231-488a-b42d-6128b74e9292@group-21158D913229-FollowerState] INFO  server.RaftServerConfigKeys (ConfUtils.java:logFallback(53)) - raft.server.rpc.first-election.timeout.max = 5200ms (fallback to raft.server.rpc.timeout.max)
2024-01-30 07:45:07,650 [eae9be92-4231-488a-b42d-6128b74e9292-groupManagement] INFO  util.JmxRegister (JmxRegister.java:tryRegister(44)) - Successfully registered JMX Bean with object name Ratis:service=RaftServer,group=group-21158D913229,id=eae9be92-4231-488a-b42d-6128b74e9292
2024-01-30 07:45:07,650 [eae9be92-4231-488a-b42d-6128b74e9292-groupManagement] INFO  server.RaftServerConfigKeys (ConfUtils.java:logGet(46)) - raft.server.snapshot.trigger-when-stop.enabled = true (default)
2024-01-30 07:45:07,650 [eae9be92-4231-488a-b42d-6128b74e9292-groupManagement] INFO  server.RaftServerConfigKeys (ConfUtils.java:logGet(46)) - raft.server.snapshot.auto.trigger.enabled = true (custom)
2024-01-30 07:45:07,650 [eae9be92-4231-488a-b42d-6128b74e9292-groupManagement] INFO  server.RaftServerConfigKeys (ConfUtils.java:logGet(46)) - raft.server.snapshot.auto.trigger.threshold = 10000 (custom)
2024-01-30 07:45:07,650 [eae9be92-4231-488a-b42d-6128b74e9292-groupManagement] INFO  server.RaftServerConfigKeys (ConfUtils.java:logGet(46)) - raft.server.snapshot.retention.file.num = 5 (custom)
2024-01-30 07:45:07,650 [eae9be92-4231-488a-b42d-6128b74e9292-groupManagement] INFO  server.RaftServerConfigKeys (ConfUtils.java:logGet(46)) - raft.server.log.purge.upto.snapshot.index = false (default)
2024-01-30 07:45:07,658 [eae9be92-4231-488a-b42d-6128b74e9292-PipelineCommandHandlerThread-0] INFO  ratis.XceiverServerRatis (XceiverServerRatis.java:addGroup(864)) - Created group PipelineID=2fa8f7b4-795f-4d38-879a-21158d913229
2024-01-30 07:45:07,658 [eae9be92-4231-488a-b42d-6128b74e9292-PipelineCommandHandlerThread-0] INFO  commandhandler.CreatePipelineCommandHandler (CreatePipelineCommandHandler.java:lambda$handle$2(124)) - Created Pipeline RATIS ONE PipelineID=2fa8f7b4-795f-4d38-879a-21158d913229.
2024-01-30 07:45:07,663 [eae9be92-4231-488a-b42d-6128b74e9292-PipelineCommandHandlerThread-0] INFO  server.RaftServer (RaftServerProxy.java:addNew(100)) - eae9be92-4231-488a-b42d-6128b74e9292: addNew group-FC27DF658E49:[bf3622ab-3fe7-408a-b5e0-736b392a243c|10.1.0.48:15032, eae9be92-4231-488a-b42d-6128b74e9292|10.1.0.48:15023, 68b35bab-6033-4329-aa6c-21b57b93715a|10.1.0.48:15014] returns group-FC27DF658E49:java.util.concurrent.CompletableFuture@516ebace[Not completed]
2024-01-30 07:45:07,664 [eae9be92-4231-488a-b42d-6128b74e9292-groupManagement] INFO  server.RaftServer$Division (RaftServerImpl.java:<init>(256)) - eae9be92-4231-488a-b42d-6128b74e9292: new RaftServerImpl for group-FC27DF658E49:[bf3622ab-3fe7-408a-b5e0-736b392a243c|10.1.0.48:15032, eae9be92-4231-488a-b42d-6128b74e9292|10.1.0.48:15023, 68b35bab-6033-4329-aa6c-21b57b93715a|10.1.0.48:15014] with ContainerStateMachine:uninitialized
2024-01-30 07:45:07,664 [eae9be92-4231-488a-b42d-6128b74e9292-groupManagement] INFO  server.RaftServerConfigKeys (ConfUtils.java:logGet(46)) - raft.server.rpc.timeout.min = 5s (custom)
2024-01-30 07:45:07,664 [eae9be92-4231-488a-b42d-6128b74e9292-groupManagement] INFO  server.RaftServerConfigKeys (ConfUtils.java:logGet(46)) - raft.server.rpc.timeout.max = 5200ms (custom)
2024-01-30 07:45:07,664 [eae9be92-4231-488a-b42d-6128b74e9292-groupManagement] INFO  server.RaftServerConfigKeys (ConfUtils.java:logGet(46)) - raft.server.rpc.sleep.time = 25ms (default)
2024-01-30 07:45:07,664 [eae9be92-4231-488a-b42d-6128b74e9292-groupManagement] INFO  server.RaftServerConfigKeys (ConfUtils.java:logGet(46)) - raft.server.rpc.slowness.timeout = 300s (custom)
2024-01-30 07:45:07,664 [eae9be92-4231-488a-b42d-6128b74e9292-groupManagement] INFO  server.RaftServerConfigKeys (ConfUtils.java:logGet(46)) - raft.server.leaderelection.leader.step-down.wait-time = 10s (default)
2024-01-30 07:45:07,664 [eae9be92-4231-488a-b42d-6128b74e9292-groupManagement] INFO  server.RaftServerConfigKeys (ConfUtils.java:logGet(46)) - raft.server.leaderelection.member.majority-add = false (default)
2024-01-30 07:45:07,664 [eae9be92-4231-488a-b42d-6128b74e9292-groupManagement] INFO  server.RaftServerConfigKeys (ConfUtils.java:logGet(46)) - raft.server.sleep.deviation.threshold = 300ms (default)
2024-01-30 07:45:07,665 [eae9be92-4231-488a-b42d-6128b74e9292-groupManagement] INFO  server.RaftServer$Division (ServerState.java:<init>(113)) - eae9be92-4231-488a-b42d-6128b74e9292@group-FC27DF658E49: ConfigurationManager, init=-1: peers:[bf3622ab-3fe7-408a-b5e0-736b392a243c|10.1.0.48:15032, eae9be92-4231-488a-b42d-6128b74e9292|10.1.0.48:15023, 68b35bab-6033-4329-aa6c-21b57b93715a|10.1.0.48:15014]|listeners:[], old=null, confs=<EMPTY_MAP>
2024-01-30 07:45:07,665 [eae9be92-4231-488a-b42d-6128b74e9292-groupManagement] INFO  server.RaftServerConfigKeys (ConfUtils.java:logGet(46)) - raft.server.notification.no-leader.timeout = 300s (custom)
2024-01-30 07:45:07,665 [eae9be92-4231-488a-b42d-6128b74e9292-groupManagement] INFO  server.RaftServerConfigKeys (ConfUtils.java:logGet(46)) - raft.server.read.timeout = 10s (default)
2024-01-30 07:45:07,665 [eae9be92-4231-488a-b42d-6128b74e9292-groupManagement] INFO  server.RaftServerConfigKeys (ConfUtils.java:logGet(46)) - raft.server.retrycache.expirytime = 600000ms (custom)
2024-01-30 07:45:07,665 [eae9be92-4231-488a-b42d-6128b74e9292-groupManagement] INFO  server.RaftServerConfigKeys (ConfUtils.java:logGet(46)) - raft.server.retrycache.statistics.expirytime = 100ms (default)
2024-01-30 07:45:07,665 [eae9be92-4231-488a-b42d-6128b74e9292-groupManagement] INFO  server.RaftServerConfigKeys (ConfUtils.java:logGet(46)) - raft.server.read.option = DEFAULT (default)
2024-01-30 07:45:07,665 [eae9be92-4231-488a-b42d-6128b74e9292-groupManagement] INFO  server.RaftServerConfigKeys (ConfUtils.java:logGet(46)) - raft.server.read.read-after-write-consistent.write-index-cache.expiry-time = 60s (default)
2024-01-30 07:45:07,670 [eae9be92-4231-488a-b42d-6128b74e9292-groupManagement] INFO  server.RaftServerConfigKeys (ConfUtils.java:logGet(46)) - raft.server.rpc.request.timeout = 60s (custom)
2024-01-30 07:45:07,670 [eae9be92-4231-488a-b42d-6128b74e9292-groupManagement] INFO  server.RaftServerConfigKeys (ConfUtils.java:logGet(46)) - raft.server.log.appender.install.snapshot.enabled = false (custom)
2024-01-30 07:45:07,671 [eae9be92-4231-488a-b42d-6128b74e9292-groupManagement] INFO  server.RaftServerConfigKeys (ConfUtils.java:logGet(46)) - raft.server.threadpool.server.cached = true (default)
2024-01-30 07:45:07,671 [eae9be92-4231-488a-b42d-6128b74e9292-groupManagement] INFO  server.RaftServerConfigKeys (ConfUtils.java:logGet(46)) - raft.server.threadpool.server.size = 0 (default)
2024-01-30 07:45:07,671 [eae9be92-4231-488a-b42d-6128b74e9292-groupManagement] INFO  server.RaftServerConfigKeys (ConfUtils.java:logGet(46)) - raft.server.threadpool.client.cached = true (default)
2024-01-30 07:45:07,672 [eae9be92-4231-488a-b42d-6128b74e9292-groupManagement] INFO  server.RaftServerConfigKeys (ConfUtils.java:logGet(46)) - raft.server.threadpool.client.size = 0 (default)
2024-01-30 07:45:07,672 [eae9be92-4231-488a-b42d-6128b74e9292-groupManagement] INFO  server.RaftServerConfigKeys (ConfUtils.java:logGet(46)) - raft.server.storage.free-space.min = 0MB (=0) (default)
2024-01-30 07:45:07,672 [eae9be92-4231-488a-b42d-6128b74e9292-groupManagement] INFO  server.RaftServerConfigKeys (ConfUtils.java:logGet(46)) - raft.server.log.corruption.policy = EXCEPTION (default)
2024-01-30 07:45:07,673 [eae9be92-4231-488a-b42d-6128b74e9292-groupManagement] INFO  server.RaftServerConfigKeys (ConfUtils.java:logGet(46)) - raft.server.storage.dir = [/home/runner/work/ozone/ozone/hadoop-ozone/integration-test/target/test-dir/MiniOzoneClusterImpl-b74639a9-f624-491a-a51e-4d41e99a633c/datanode-1/data/ratis] (custom)
2024-01-30 07:45:07,673 [eae9be92-4231-488a-b42d-6128b74e9292-groupManagement] INFO  storage.RaftStorageDirectory (RaftStorageDirectoryImpl.java:analyzeStorage(138)) - The storage directory /home/runner/work/ozone/ozone/hadoop-ozone/integration-test/target/test-dir/MiniOzoneClusterImpl-b74639a9-f624-491a-a51e-4d41e99a633c/datanode-1/data/ratis/4724f419-527a-4595-b49d-fc27df658e49 does not exist. Creating ...
2024-01-30 07:45:07,675 [eae9be92-4231-488a-b42d-6128b74e9292-groupManagement] INFO  storage.RaftStorageDirectory (RaftStorageDirectoryImpl.java:tryLock(228)) - Lock on /home/runner/work/ozone/ozone/hadoop-ozone/integration-test/target/test-dir/MiniOzoneClusterImpl-b74639a9-f624-491a-a51e-4d41e99a633c/datanode-1/data/ratis/4724f419-527a-4595-b49d-fc27df658e49/in_use.lock acquired by nodename 92995@fv-az1436-717
2024-01-30 07:45:07,676 [eae9be92-4231-488a-b42d-6128b74e9292-groupManagement] INFO  storage.RaftStorage (RaftStorageImpl.java:format(99)) - Storage directory /home/runner/work/ozone/ozone/hadoop-ozone/integration-test/target/test-dir/MiniOzoneClusterImpl-b74639a9-f624-491a-a51e-4d41e99a633c/datanode-1/data/ratis/4724f419-527a-4595-b49d-fc27df658e49 has been successfully formatted.
2024-01-30 07:45:07,676 [eae9be92-4231-488a-b42d-6128b74e9292-groupManagement] WARN  util.FileUtils (LogUtils.java:supplyAndLog(63)) - Failed to Files.newInputStream /home/runner/work/ozone/ozone/hadoop-ozone/integration-test/target/test-dir/MiniOzoneClusterImpl-b74639a9-f624-491a-a51e-4d41e99a633c/datanode-1/data/ratis/4724f419-527a-4595-b49d-fc27df658e49/current/raft-meta.conf with options []: java.nio.file.NoSuchFileException: /home/runner/work/ozone/ozone/hadoop-ozone/integration-test/target/test-dir/MiniOzoneClusterImpl-b74639a9-f624-491a-a51e-4d41e99a633c/datanode-1/data/ratis/4724f419-527a-4595-b49d-fc27df658e49/current/raft-meta.conf
2024-01-30 07:45:07,677 [eae9be92-4231-488a-b42d-6128b74e9292-groupManagement] INFO  ratis.ContainerStateMachine (ContainerStateMachine.java:loadSnapshot(287)) - group-FC27DF658E49: The snapshot info is null. Setting the last applied index to:(t:0, i:~)
2024-01-30 07:45:07,678 [eae9be92-4231-488a-b42d-6128b74e9292-groupManagement] INFO  server.RaftServerConfigKeys (ConfUtils.java:logGet(46)) - raft.server.log.use.memory = false (default)
2024-01-30 07:45:07,679 [eae9be92-4231-488a-b42d-6128b74e9292-groupManagement] INFO  server.RaftServerConfigKeys (ConfUtils.java:logGet(46)) - raft.server.log.purge.gap = 1000000 (custom)
2024-01-30 07:45:07,680 [EventQueue-OpenPipelineForHealthyPipelineSafeModeRule] INFO  safemode.SCMSafeModeManager (HealthyPipelineSafeModeRule.java:process(140)) - SCM in safe mode. Healthy pipelines reported count is 0, required healthy pipeline reported count is 1
2024-01-30 07:45:07,681 [eae9be92-4231-488a-b42d-6128b74e9292-groupManagement] INFO  server.RaftServerConfigKeys (ConfUtils.java:logGet(46)) - raft.server.log.appender.buffer.byte-limit = 8388608 (custom)
2024-01-30 07:45:07,683 [eae9be92-4231-488a-b42d-6128b74e9292-groupManagement] INFO  server.RaftServerConfigKeys (ConfUtils.java:logGet(46)) - raft.server.log.statemachine.data.read.timeout = 1000ms (default)
2024-01-30 07:45:07,683 [eae9be92-4231-488a-b42d-6128b74e9292-groupManagement] INFO  server.RaftServerConfigKeys (ConfUtils.java:logGet(46)) - raft.server.log.purge.preservation.log.num = 0 (default)
2024-01-30 07:45:07,688 [eae9be92-4231-488a-b42d-6128b74e9292-groupManagement] INFO  server.RaftServerConfigKeys (ConfUtils.java:logGet(46)) - raft.server.log.segment.size.max = 67108864 (custom)
2024-01-30 07:45:07,689 [eae9be92-4231-488a-b42d-6128b74e9292-groupManagement] INFO  server.RaftServerConfigKeys (ConfUtils.java:logGet(46)) - raft.server.log.segment.cache.num.max = 2 (custom)
2024-01-30 07:45:07,689 [eae9be92-4231-488a-b42d-6128b74e9292-groupManagement] INFO  server.RaftServerConfigKeys (ConfUtils.java:logGet(46)) - raft.server.log.segment.cache.size.max = 200MB (=209715200) (default)
2024-01-30 07:45:07,690 [eae9be92-4231-488a-b42d-6128b74e9292-groupManagement] INFO  server.RaftServerConfigKeys (ConfUtils.java:logGet(46)) - raft.server.log.appender.buffer.byte-limit = 8388608 (custom)
2024-01-30 07:45:07,693 [eae9be92-4231-488a-b42d-6128b74e9292-groupManagement] INFO  util.AwaitToRun (AwaitToRun.java:start(81)) - Thread[eae9be92-4231-488a-b42d-6128b74e9292@group-FC27DF658E49-cacheEviction-AwaitToRun,5,main] started
2024-01-30 07:45:07,693 [eae9be92-4231-488a-b42d-6128b74e9292-groupManagement] INFO  segmented.SegmentedRaftLogWorker (SegmentedRaftLogWorker.java:<init>(182)) - new eae9be92-4231-488a-b42d-6128b74e9292@group-FC27DF658E49-SegmentedRaftLogWorker for RaftStorageImpl:Storage Directory /home/runner/work/ozone/ozone/hadoop-ozone/integration-test/target/test-dir/MiniOzoneClusterImpl-b74639a9-f624-491a-a51e-4d41e99a633c/datanode-1/data/ratis/4724f419-527a-4595-b49d-fc27df658e49
2024-01-30 07:45:07,693 [eae9be92-4231-488a-b42d-6128b74e9292-groupManagement] INFO  server.RaftServerConfigKeys (ConfUtils.java:logGet(46)) - raft.server.log.queue.byte-limit = 4294967296 (custom)
2024-01-30 07:45:07,694 [eae9be92-4231-488a-b42d-6128b74e9292-groupManagement] INFO  server.RaftServerConfigKeys (ConfUtils.java:logGet(46)) - raft.server.log.queue.element-limit = 1024 (custom)
2024-01-30 07:45:07,694 [eae9be92-4231-488a-b42d-6128b74e9292-groupManagement] INFO  server.RaftServerConfigKeys (ConfUtils.java:logGet(46)) - raft.server.log.segment.size.max = 67108864 (custom)
2024-01-30 07:45:07,696 [eae9be92-4231-488a-b42d-6128b74e9292-groupManagement] INFO  server.RaftServerConfigKeys (ConfUtils.java:logGet(46)) - raft.server.log.preallocated.size = 4194304 (custom)
2024-01-30 07:45:07,696 [eae9be92-4231-488a-b42d-6128b74e9292-groupManagement] INFO  server.RaftServerConfigKeys (ConfUtils.java:logGet(46)) - raft.server.log.force.sync.num = 128 (default)
2024-01-30 07:45:07,696 [eae9be92-4231-488a-b42d-6128b74e9292-groupManagement] INFO  server.RaftServerConfigKeys (ConfUtils.java:logGet(46)) - raft.server.log.statemachine.data.sync = true (default)
2024-01-30 07:45:07,697 [eae9be92-4231-488a-b42d-6128b74e9292-groupManagement] INFO  server.RaftServerConfigKeys (ConfUtils.java:logGet(46)) - raft.server.log.statemachine.data.sync.timeout = 10s (default)
2024-01-30 07:45:07,697 [eae9be92-4231-488a-b42d-6128b74e9292-groupManagement] INFO  server.RaftServerConfigKeys (ConfUtils.java:logGet(46)) - raft.server.log.statemachine.data.sync.timeout.retry = 0 (custom)
2024-01-30 07:45:07,698 [eae9be92-4231-488a-b42d-6128b74e9292-groupManagement] INFO  server.RaftServerConfigKeys (ConfUtils.java:logGet(46)) - raft.server.log.write.buffer.size = 8388616 (custom)
2024-01-30 07:45:07,701 [eae9be92-4231-488a-b42d-6128b74e9292-groupManagement] INFO  server.RaftServerConfigKeys (ConfUtils.java:logGet(46)) - raft.server.log.appender.buffer.byte-limit = 8388608 (custom)
2024-01-30 07:45:07,701 [eae9be92-4231-488a-b42d-6128b74e9292-groupManagement] INFO  server.RaftServerConfigKeys (ConfUtils.java:logGet(46)) - raft.server.log.unsafe-flush.enabled = false (default)
2024-01-30 07:45:07,701 [eae9be92-4231-488a-b42d-6128b74e9292-groupManagement] INFO  server.RaftServerConfigKeys (ConfUtils.java:logGet(46)) - raft.server.log.async-flush.enabled = false (default)
2024-01-30 07:45:07,702 [eae9be92-4231-488a-b42d-6128b74e9292-groupManagement] INFO  server.RaftServerConfigKeys (ConfUtils.java:logGet(46)) - raft.server.log.statemachine.data.caching.enabled = true (custom)
2024-01-30 07:45:07,702 [eae9be92-4231-488a-b42d-6128b74e9292-groupManagement] INFO  segmented.SegmentedRaftLogWorker (SegmentedRaftLogWorker.java:lambda$new$0(134)) - eae9be92-4231-488a-b42d-6128b74e9292@group-FC27DF658E49-SegmentedRaftLogWorker: flushIndex: setUnconditionally 0 -> -1
2024-01-30 07:45:07,703 [eae9be92-4231-488a-b42d-6128b74e9292-groupManagement] INFO  segmented.SegmentedRaftLogWorker (SegmentedRaftLogWorker.java:lambda$new$0(134)) - eae9be92-4231-488a-b42d-6128b74e9292@group-FC27DF658E49-SegmentedRaftLogWorker: safeCacheEvictIndex: setUnconditionally 0 -> -1
2024-01-30 07:45:07,711 [eae9be92-4231-488a-b42d-6128b74e9292-groupManagement] INFO  server.RaftServer$Division (RaftServerImpl.java:start(396)) - eae9be92-4231-488a-b42d-6128b74e9292@group-FC27DF658E49: start as a follower, conf=-1: peers:[bf3622ab-3fe7-408a-b5e0-736b392a243c|10.1.0.48:15032, eae9be92-4231-488a-b42d-6128b74e9292|10.1.0.48:15023, 68b35bab-6033-4329-aa6c-21b57b93715a|10.1.0.48:15014]|listeners:[], old=null
2024-01-30 07:45:07,711 [eae9be92-4231-488a-b42d-6128b74e9292-groupManagement] INFO  server.RaftServer$Division (RaftServerImpl.java:setRole(383)) - eae9be92-4231-488a-b42d-6128b74e9292@group-FC27DF658E49: changes role from      null to FOLLOWER at term 0 for startAsFollower
2024-01-30 07:45:07,712 [eae9be92-4231-488a-b42d-6128b74e9292-groupManagement] INFO  impl.RoleInfo (RoleInfo.java:updateAndGet(139)) - eae9be92-4231-488a-b42d-6128b74e9292: start eae9be92-4231-488a-b42d-6128b74e9292@group-FC27DF658E49-FollowerState
2024-01-30 07:45:07,712 [eae9be92-4231-488a-b42d-6128b74e9292-groupManagement] INFO  util.JmxRegister (JmxRegister.java:tryRegister(44)) - Successfully registered JMX Bean with object name Ratis:service=RaftServer,group=group-FC27DF658E49,id=eae9be92-4231-488a-b42d-6128b74e9292
2024-01-30 07:45:07,712 [eae9be92-4231-488a-b42d-6128b74e9292-groupManagement] INFO  server.RaftServerConfigKeys (ConfUtils.java:logGet(46)) - raft.server.snapshot.trigger-when-stop.enabled = true (default)
2024-01-30 07:45:07,712 [eae9be92-4231-488a-b42d-6128b74e9292-groupManagement] INFO  server.RaftServerConfigKeys (ConfUtils.java:logGet(46)) - raft.server.snapshot.auto.trigger.enabled = true (custom)
2024-01-30 07:45:07,712 [eae9be92-4231-488a-b42d-6128b74e9292-groupManagement] INFO  server.RaftServerConfigKeys (ConfUtils.java:logGet(46)) - raft.server.snapshot.auto.trigger.threshold = 10000 (custom)
2024-01-30 07:45:07,713 [eae9be92-4231-488a-b42d-6128b74e9292-groupManagement] INFO  server.RaftServerConfigKeys (ConfUtils.java:logGet(46)) - raft.server.snapshot.retention.file.num = 5 (custom)
2024-01-30 07:45:07,713 [eae9be92-4231-488a-b42d-6128b74e9292-groupManagement] INFO  server.RaftServerConfigKeys (ConfUtils.java:logGet(46)) - raft.server.log.purge.upto.snapshot.index = false (default)
2024-01-30 07:45:07,714 [eae9be92-4231-488a-b42d-6128b74e9292@group-FC27DF658E49-FollowerState] INFO  server.RaftServerConfigKeys (ConfUtils.java:logFallback(53)) - raft.server.rpc.first-election.timeout.min = 5s (fallback to raft.server.rpc.timeout.min)
2024-01-30 07:45:07,714 [eae9be92-4231-488a-b42d-6128b74e9292@group-FC27DF658E49-FollowerState] INFO  server.RaftServerConfigKeys (ConfUtils.java:logFallback(53)) - raft.server.rpc.first-election.timeout.max = 5200ms (fallback to raft.server.rpc.timeout.max)
2024-01-30 07:45:07,715 [eae9be92-4231-488a-b42d-6128b74e9292-PipelineCommandHandlerThread-0] INFO  ratis.XceiverServerRatis (XceiverServerRatis.java:addGroup(864)) - Created group PipelineID=4724f419-527a-4595-b49d-fc27df658e49
2024-01-30 07:45:07,725 [bf3622ab-3fe7-408a-b5e0-736b392a243c-groupManagement] INFO  server.RaftServer$Division (RaftServerImpl.java:<init>(256)) - bf3622ab-3fe7-408a-b5e0-736b392a243c: new RaftServerImpl for group-2EE46DDB86F8:[bf3622ab-3fe7-408a-b5e0-736b392a243c|10.1.0.48:15032] with ContainerStateMachine:uninitialized
2024-01-30 07:45:07,725 [bf3622ab-3fe7-408a-b5e0-736b392a243c-groupManagement] INFO  server.RaftServerConfigKeys (ConfUtils.java:logGet(46)) - raft.server.rpc.timeout.min = 5s (custom)
2024-01-30 07:45:07,725 [bf3622ab-3fe7-408a-b5e0-736b392a243c-groupManagement] INFO  server.RaftServerConfigKeys (ConfUtils.java:logGet(46)) - raft.server.rpc.timeout.max = 5200ms (custom)
2024-01-30 07:45:07,725 [bf3622ab-3fe7-408a-b5e0-736b392a243c-groupManagement] INFO  server.RaftServerConfigKeys (ConfUtils.java:logGet(46)) - raft.server.rpc.sleep.time = 25ms (default)
2024-01-30 07:45:07,725 [bf3622ab-3fe7-408a-b5e0-736b392a243c-groupManagement] INFO  server.RaftServerConfigKeys (ConfUtils.java:logGet(46)) - raft.server.rpc.slowness.timeout = 300s (custom)
2024-01-30 07:45:07,725 [bf3622ab-3fe7-408a-b5e0-736b392a243c-groupManagement] INFO  server.RaftServerConfigKeys (ConfUtils.java:logGet(46)) - raft.server.leaderelection.leader.step-down.wait-time = 10s (default)
2024-01-30 07:45:07,725 [bf3622ab-3fe7-408a-b5e0-736b392a243c-groupManagement] INFO  server.RaftServerConfigKeys (ConfUtils.java:logGet(46)) - raft.server.leaderelection.member.majority-add = false (default)
2024-01-30 07:45:07,726 [bf3622ab-3fe7-408a-b5e0-736b392a243c-groupManagement] INFO  server.RaftServerConfigKeys (ConfUtils.java:logGet(46)) - raft.server.sleep.deviation.threshold = 300ms (default)
2024-01-30 07:45:07,726 [bf3622ab-3fe7-408a-b5e0-736b392a243c-groupManagement] INFO  server.RaftServer$Division (ServerState.java:<init>(113)) - bf3622ab-3fe7-408a-b5e0-736b392a243c@group-2EE46DDB86F8: ConfigurationManager, init=-1: peers:[bf3622ab-3fe7-408a-b5e0-736b392a243c|10.1.0.48:15032]|listeners:[], old=null, confs=<EMPTY_MAP>
2024-01-30 07:45:07,726 [bf3622ab-3fe7-408a-b5e0-736b392a243c-groupManagement] INFO  server.RaftServerConfigKeys (ConfUtils.java:logGet(46)) - raft.server.notification.no-leader.timeout = 300s (custom)
2024-01-30 07:45:07,726 [bf3622ab-3fe7-408a-b5e0-736b392a243c-groupManagement] INFO  server.RaftServerConfigKeys (ConfUtils.java:logGet(46)) - raft.server.read.timeout = 10s (default)
2024-01-30 07:45:07,726 [bf3622ab-3fe7-408a-b5e0-736b392a243c-groupManagement] INFO  server.RaftServerConfigKeys (ConfUtils.java:logGet(46)) - raft.server.retrycache.expirytime = 600000ms (custom)
2024-01-30 07:45:07,726 [bf3622ab-3fe7-408a-b5e0-736b392a243c-groupManagement] INFO  server.RaftServerConfigKeys (ConfUtils.java:logGet(46)) - raft.server.retrycache.statistics.expirytime = 100ms (default)
2024-01-30 07:45:07,726 [bf3622ab-3fe7-408a-b5e0-736b392a243c-groupManagement] INFO  server.RaftServerConfigKeys (ConfUtils.java:logGet(46)) - raft.server.read.option = DEFAULT (default)
2024-01-30 07:45:07,726 [bf3622ab-3fe7-408a-b5e0-736b392a243c-groupManagement] INFO  server.RaftServerConfigKeys (ConfUtils.java:logGet(46)) - raft.server.read.read-after-write-consistent.write-index-cache.expiry-time = 60s (default)
2024-01-30 07:45:07,735 [bf3622ab-3fe7-408a-b5e0-736b392a243c-PipelineCommandHandlerThread-0] INFO  server.RaftServer (RaftServerProxy.java:addNew(100)) - bf3622ab-3fe7-408a-b5e0-736b392a243c: addNew group-2EE46DDB86F8:[bf3622ab-3fe7-408a-b5e0-736b392a243c|10.1.0.48:15032] returns group-2EE46DDB86F8:java.util.concurrent.CompletableFuture@111486de[Not completed]
2024-01-30 07:45:07,740 [bf3622ab-3fe7-408a-b5e0-736b392a243c-groupManagement] INFO  server.RaftServerConfigKeys (ConfUtils.java:logGet(46)) - raft.server.rpc.request.timeout = 60s (custom)
2024-01-30 07:45:07,740 [bf3622ab-3fe7-408a-b5e0-736b392a243c-groupManagement] INFO  server.RaftServerConfigKeys (ConfUtils.java:logGet(46)) - raft.server.log.appender.install.snapshot.enabled = false (custom)
2024-01-30 07:45:07,740 [bf3622ab-3fe7-408a-b5e0-736b392a243c-groupManagement] INFO  server.RaftServerConfigKeys (ConfUtils.java:logGet(46)) - raft.server.threadpool.server.cached = true (default)
2024-01-30 07:45:07,740 [bf3622ab-3fe7-408a-b5e0-736b392a243c-groupManagement] INFO  server.RaftServerConfigKeys (ConfUtils.java:logGet(46)) - raft.server.threadpool.server.size = 0 (default)
2024-01-30 07:45:07,740 [bf3622ab-3fe7-408a-b5e0-736b392a243c-groupManagement] INFO  server.RaftServerConfigKeys (ConfUtils.java:logGet(46)) - raft.server.threadpool.client.cached = true (default)
2024-01-30 07:45:07,740 [bf3622ab-3fe7-408a-b5e0-736b392a243c-groupManagement] INFO  server.RaftServerConfigKeys (ConfUtils.java:logGet(46)) - raft.server.threadpool.client.size = 0 (default)
2024-01-30 07:45:07,741 [bf3622ab-3fe7-408a-b5e0-736b392a243c-groupManagement] INFO  server.RaftServerConfigKeys (ConfUtils.java:logGet(46)) - raft.server.storage.free-space.min = 0MB (=0) (default)
2024-01-30 07:45:07,741 [bf3622ab-3fe7-408a-b5e0-736b392a243c-groupManagement] INFO  server.RaftServerConfigKeys (ConfUtils.java:logGet(46)) - raft.server.log.corruption.policy = EXCEPTION (default)
2024-01-30 07:45:07,741 [bf3622ab-3fe7-408a-b5e0-736b392a243c-groupManagement] INFO  server.RaftServerConfigKeys (ConfUtils.java:logGet(46)) - raft.server.storage.dir = [/home/runner/work/ozone/ozone/hadoop-ozone/integration-test/target/test-dir/MiniOzoneClusterImpl-b74639a9-f624-491a-a51e-4d41e99a633c/datanode-2/data/ratis] (custom)
2024-01-30 07:45:07,741 [bf3622ab-3fe7-408a-b5e0-736b392a243c-groupManagement] INFO  storage.RaftStorageDirectory (RaftStorageDirectoryImpl.java:analyzeStorage(138)) - The storage directory /home/runner/work/ozone/ozone/hadoop-ozone/integration-test/target/test-dir/MiniOzoneClusterImpl-b74639a9-f624-491a-a51e-4d41e99a633c/datanode-2/data/ratis/702c7a1b-0171-42bb-a14b-2ee46ddb86f8 does not exist. Creating ...
2024-01-30 07:45:07,745 [bf3622ab-3fe7-408a-b5e0-736b392a243c-groupManagement] INFO  storage.RaftStorageDirectory (RaftStorageDirectoryImpl.java:tryLock(228)) - Lock on /home/runner/work/ozone/ozone/hadoop-ozone/integration-test/target/test-dir/MiniOzoneClusterImpl-b74639a9-f624-491a-a51e-4d41e99a633c/datanode-2/data/ratis/702c7a1b-0171-42bb-a14b-2ee46ddb86f8/in_use.lock acquired by nodename 92995@fv-az1436-717
2024-01-30 07:45:07,747 [bf3622ab-3fe7-408a-b5e0-736b392a243c-groupManagement] INFO  storage.RaftStorage (RaftStorageImpl.java:format(99)) - Storage directory /home/runner/work/ozone/ozone/hadoop-ozone/integration-test/target/test-dir/MiniOzoneClusterImpl-b74639a9-f624-491a-a51e-4d41e99a633c/datanode-2/data/ratis/702c7a1b-0171-42bb-a14b-2ee46ddb86f8 has been successfully formatted.
2024-01-30 07:45:07,747 [bf3622ab-3fe7-408a-b5e0-736b392a243c-groupManagement] WARN  util.FileUtils (LogUtils.java:supplyAndLog(63)) - Failed to Files.newInputStream /home/runner/work/ozone/ozone/hadoop-ozone/integration-test/target/test-dir/MiniOzoneClusterImpl-b74639a9-f624-491a-a51e-4d41e99a633c/datanode-2/data/ratis/702c7a1b-0171-42bb-a14b-2ee46ddb86f8/current/raft-meta.conf with options []: java.nio.file.NoSuchFileException: /home/runner/work/ozone/ozone/hadoop-ozone/integration-test/target/test-dir/MiniOzoneClusterImpl-b74639a9-f624-491a-a51e-4d41e99a633c/datanode-2/data/ratis/702c7a1b-0171-42bb-a14b-2ee46ddb86f8/current/raft-meta.conf
2024-01-30 07:45:07,751 [bf3622ab-3fe7-408a-b5e0-736b392a243c-groupManagement] INFO  ratis.ContainerStateMachine (ContainerStateMachine.java:loadSnapshot(287)) - group-2EE46DDB86F8: The snapshot info is null. Setting the last applied index to:(t:0, i:~)
2024-01-30 07:45:07,751 [bf3622ab-3fe7-408a-b5e0-736b392a243c-groupManagement] INFO  server.RaftServerConfigKeys (ConfUtils.java:logGet(46)) - raft.server.log.use.memory = false (default)
2024-01-30 07:45:07,751 [bf3622ab-3fe7-408a-b5e0-736b392a243c-groupManagement] INFO  server.RaftServerConfigKeys (ConfUtils.java:logGet(46)) - raft.server.log.purge.gap = 1000000 (custom)
2024-01-30 07:45:07,751 [bf3622ab-3fe7-408a-b5e0-736b392a243c-groupManagement] INFO  server.RaftServerConfigKeys (ConfUtils.java:logGet(46)) - raft.server.log.appender.buffer.byte-limit = 8388608 (custom)
2024-01-30 07:45:07,751 [bf3622ab-3fe7-408a-b5e0-736b392a243c-groupManagement] INFO  server.RaftServerConfigKeys (ConfUtils.java:logGet(46)) - raft.server.log.statemachine.data.read.timeout = 1000ms (default)
2024-01-30 07:45:07,751 [bf3622ab-3fe7-408a-b5e0-736b392a243c-groupManagement] INFO  server.RaftServerConfigKeys (ConfUtils.java:logGet(46)) - raft.server.log.purge.preservation.log.num = 0 (default)
2024-01-30 07:45:07,754 [bf3622ab-3fe7-408a-b5e0-736b392a243c-groupManagement] INFO  server.RaftServerConfigKeys (ConfUtils.java:logGet(46)) - raft.server.log.segment.size.max = 67108864 (custom)
2024-01-30 07:45:07,755 [bf3622ab-3fe7-408a-b5e0-736b392a243c-groupManagement] INFO  server.RaftServerConfigKeys (ConfUtils.java:logGet(46)) - raft.server.log.segment.cache.num.max = 2 (custom)
2024-01-30 07:45:07,755 [bf3622ab-3fe7-408a-b5e0-736b392a243c-groupManagement] INFO  server.RaftServerConfigKeys (ConfUtils.java:logGet(46)) - raft.server.log.segment.cache.size.max = 200MB (=209715200) (default)
2024-01-30 07:45:07,755 [bf3622ab-3fe7-408a-b5e0-736b392a243c-groupManagement] INFO  server.RaftServerConfigKeys (ConfUtils.java:logGet(46)) - raft.server.log.appender.buffer.byte-limit = 8388608 (custom)
2024-01-30 07:45:07,767 [bf3622ab-3fe7-408a-b5e0-736b392a243c-groupManagement] INFO  util.AwaitToRun (AwaitToRun.java:start(81)) - Thread[bf3622ab-3fe7-408a-b5e0-736b392a243c@group-2EE46DDB86F8-cacheEviction-AwaitToRun,5,main] started
2024-01-30 07:45:07,767 [bf3622ab-3fe7-408a-b5e0-736b392a243c-groupManagement] INFO  segmented.SegmentedRaftLogWorker (SegmentedRaftLogWorker.java:<init>(182)) - new bf3622ab-3fe7-408a-b5e0-736b392a243c@group-2EE46DDB86F8-SegmentedRaftLogWorker for RaftStorageImpl:Storage Directory /home/runner/work/ozone/ozone/hadoop-ozone/integration-test/target/test-dir/MiniOzoneClusterImpl-b74639a9-f624-491a-a51e-4d41e99a633c/datanode-2/data/ratis/702c7a1b-0171-42bb-a14b-2ee46ddb86f8
2024-01-30 07:45:07,767 [bf3622ab-3fe7-408a-b5e0-736b392a243c-groupManagement] INFO  server.RaftServerConfigKeys (ConfUtils.java:logGet(46)) - raft.server.log.queue.byte-limit = 4294967296 (custom)
2024-01-30 07:45:07,767 [bf3622ab-3fe7-408a-b5e0-736b392a243c-groupManagement] INFO  server.RaftServerConfigKeys (ConfUtils.java:logGet(46)) - raft.server.log.queue.element-limit = 1024 (custom)
2024-01-30 07:45:07,767 [bf3622ab-3fe7-408a-b5e0-736b392a243c-groupManagement] INFO  server.RaftServerConfigKeys (ConfUtils.java:logGet(46)) - raft.server.log.segment.size.max = 67108864 (custom)
2024-01-30 07:45:07,767 [bf3622ab-3fe7-408a-b5e0-736b392a243c-groupManagement] INFO  server.RaftServerConfigKeys (ConfUtils.java:logGet(46)) - raft.server.log.preallocated.size = 4194304 (custom)
2024-01-30 07:45:07,767 [bf3622ab-3fe7-408a-b5e0-736b392a243c-groupManagement] INFO  server.RaftServerConfigKeys (ConfUtils.java:logGet(46)) - raft.server.log.force.sync.num = 128 (default)
2024-01-30 07:45:07,768 [bf3622ab-3fe7-408a-b5e0-736b392a243c-groupManagement] INFO  server.RaftServerConfigKeys (ConfUtils.java:logGet(46)) - raft.server.log.statemachine.data.sync = true (default)
2024-01-30 07:45:07,768 [bf3622ab-3fe7-408a-b5e0-736b392a243c-groupManagement] INFO  server.RaftServerConfigKeys (ConfUtils.java:logGet(46)) - raft.server.log.statemachine.data.sync.timeout = 10s (default)
2024-01-30 07:45:07,768 [bf3622ab-3fe7-408a-b5e0-736b392a243c-groupManagement] INFO  server.RaftServerConfigKeys (ConfUtils.java:logGet(46)) - raft.server.log.statemachine.data.sync.timeout.retry = 0 (custom)
2024-01-30 07:45:07,768 [bf3622ab-3fe7-408a-b5e0-736b392a243c-groupManagement] INFO  server.RaftServerConfigKeys (ConfUtils.java:logGet(46)) - raft.server.log.write.buffer.size = 8388616 (custom)
2024-01-30 07:45:07,770 [EventQueue-PipelineReportForPipelineReportHandler] INFO  pipeline.PipelineReportHandler (PipelineReportHandler.java:processPipelineReport(136)) - Opened pipeline PipelineID=702c7a1b-0171-42bb-a14b-2ee46ddb86f8
2024-01-30 07:45:07,771 [EventQueue-OpenPipelineForHealthyPipelineSafeModeRule] INFO  safemode.SCMSafeModeManager (HealthyPipelineSafeModeRule.java:process(140)) - SCM in safe mode. Healthy pipelines reported count is 0, required healthy pipeline reported count is 1
2024-01-30 07:45:07,772 [bf3622ab-3fe7-408a-b5e0-736b392a243c-groupManagement] INFO  server.RaftServerConfigKeys (ConfUtils.java:logGet(46)) - raft.server.log.appender.buffer.byte-limit = 8388608 (custom)
2024-01-30 07:45:07,772 [bf3622ab-3fe7-408a-b5e0-736b392a243c-groupManagement] INFO  server.RaftServerConfigKeys (ConfUtils.java:logGet(46)) - raft.server.log.unsafe-flush.enabled = false (default)
2024-01-30 07:45:07,772 [bf3622ab-3fe7-408a-b5e0-736b392a243c-groupManagement] INFO  server.RaftServerConfigKeys (ConfUtils.java:logGet(46)) - raft.server.log.async-flush.enabled = false (default)
2024-01-30 07:45:07,772 [bf3622ab-3fe7-408a-b5e0-736b392a243c-groupManagement] INFO  server.RaftServerConfigKeys (ConfUtils.java:logGet(46)) - raft.server.log.statemachine.data.caching.enabled = true (custom)
2024-01-30 07:45:07,772 [bf3622ab-3fe7-408a-b5e0-736b392a243c-groupManagement] INFO  segmented.SegmentedRaftLogWorker (SegmentedRaftLogWorker.java:lambda$new$0(134)) - bf3622ab-3fe7-408a-b5e0-736b392a243c@group-2EE46DDB86F8-SegmentedRaftLogWorker: flushIndex: setUnconditionally 0 -> -1
2024-01-30 07:45:07,772 [bf3622ab-3fe7-408a-b5e0-736b392a243c-groupManagement] INFO  segmented.SegmentedRaftLogWorker (SegmentedRaftLogWorker.java:lambda$new$0(134)) - bf3622ab-3fe7-408a-b5e0-736b392a243c@group-2EE46DDB86F8-SegmentedRaftLogWorker: safeCacheEvictIndex: setUnconditionally 0 -> -1
2024-01-30 07:45:07,772 [bf3622ab-3fe7-408a-b5e0-736b392a243c-groupManagement] INFO  server.RaftServer$Division (RaftServerImpl.java:start(396)) - bf3622ab-3fe7-408a-b5e0-736b392a243c@group-2EE46DDB86F8: start as a follower, conf=-1: peers:[bf3622ab-3fe7-408a-b5e0-736b392a243c|10.1.0.48:15032]|listeners:[], old=null
2024-01-30 07:45:07,772 [bf3622ab-3fe7-408a-b5e0-736b392a243c-groupManagement] INFO  server.RaftServer$Division (RaftServerImpl.java:setRole(383)) - bf3622ab-3fe7-408a-b5e0-736b392a243c@group-2EE46DDB86F8: changes role from      null to FOLLOWER at term 0 for startAsFollower
2024-01-30 07:45:07,773 [bf3622ab-3fe7-408a-b5e0-736b392a243c-groupManagement] INFO  impl.RoleInfo (RoleInfo.java:updateAndGet(139)) - bf3622ab-3fe7-408a-b5e0-736b392a243c: start bf3622ab-3fe7-408a-b5e0-736b392a243c@group-2EE46DDB86F8-FollowerState
2024-01-30 07:45:07,776 [bf3622ab-3fe7-408a-b5e0-736b392a243c@group-2EE46DDB86F8-FollowerState] INFO  server.RaftServerConfigKeys (ConfUtils.java:logFallback(53)) - raft.server.rpc.first-election.timeout.min = 5s (fallback to raft.server.rpc.timeout.min)
2024-01-30 07:45:07,776 [bf3622ab-3fe7-408a-b5e0-736b392a243c@group-2EE46DDB86F8-FollowerState] INFO  server.RaftServerConfigKeys (ConfUtils.java:logFallback(53)) - raft.server.rpc.first-election.timeout.max = 5200ms (fallback to raft.server.rpc.timeout.max)
2024-01-30 07:45:07,776 [bf3622ab-3fe7-408a-b5e0-736b392a243c-groupManagement] INFO  util.JmxRegister (JmxRegister.java:tryRegister(44)) - Successfully registered JMX Bean with object name Ratis:service=RaftServer,group=group-2EE46DDB86F8,id=bf3622ab-3fe7-408a-b5e0-736b392a243c
2024-01-30 07:45:07,776 [bf3622ab-3fe7-408a-b5e0-736b392a243c-groupManagement] INFO  server.RaftServerConfigKeys (ConfUtils.java:logGet(46)) - raft.server.snapshot.trigger-when-stop.enabled = true (default)
2024-01-30 07:45:07,777 [bf3622ab-3fe7-408a-b5e0-736b392a243c-groupManagement] INFO  server.RaftServerConfigKeys (ConfUtils.java:logGet(46)) - raft.server.snapshot.auto.trigger.enabled = true (custom)
2024-01-30 07:45:07,777 [bf3622ab-3fe7-408a-b5e0-736b392a243c-groupManagement] INFO  server.RaftServerConfigKeys (ConfUtils.java:logGet(46)) - raft.server.snapshot.auto.trigger.threshold = 10000 (custom)
2024-01-30 07:45:07,777 [bf3622ab-3fe7-408a-b5e0-736b392a243c-groupManagement] INFO  server.RaftServerConfigKeys (ConfUtils.java:logGet(46)) - raft.server.snapshot.retention.file.num = 5 (custom)
2024-01-30 07:45:07,777 [bf3622ab-3fe7-408a-b5e0-736b392a243c-groupManagement] INFO  server.RaftServerConfigKeys (ConfUtils.java:logGet(46)) - raft.server.log.purge.upto.snapshot.index = false (default)
2024-01-30 07:45:07,781 [bf3622ab-3fe7-408a-b5e0-736b392a243c-PipelineCommandHandlerThread-0] INFO  ratis.XceiverServerRatis (XceiverServerRatis.java:addGroup(864)) - Created group PipelineID=702c7a1b-0171-42bb-a14b-2ee46ddb86f8
2024-01-30 07:45:07,781 [bf3622ab-3fe7-408a-b5e0-736b392a243c-PipelineCommandHandlerThread-0] INFO  commandhandler.CreatePipelineCommandHandler (CreatePipelineCommandHandler.java:lambda$handle$2(124)) - Created Pipeline RATIS ONE PipelineID=702c7a1b-0171-42bb-a14b-2ee46ddb86f8.
2024-01-30 07:45:07,782 [bf3622ab-3fe7-408a-b5e0-736b392a243c-PipelineCommandHandlerThread-0] INFO  server.RaftServer (RaftServerProxy.java:addNew(100)) - bf3622ab-3fe7-408a-b5e0-736b392a243c: addNew group-FC27DF658E49:[bf3622ab-3fe7-408a-b5e0-736b392a243c|10.1.0.48:15032, eae9be92-4231-488a-b42d-6128b74e9292|10.1.0.48:15023, 68b35bab-6033-4329-aa6c-21b57b93715a|10.1.0.48:15014] returns group-FC27DF658E49:java.util.concurrent.CompletableFuture@152b1024[Not completed]
2024-01-30 07:45:07,783 [bf3622ab-3fe7-408a-b5e0-736b392a243c-groupManagement] INFO  server.RaftServer$Division (RaftServerImpl.java:<init>(256)) - bf3622ab-3fe7-408a-b5e0-736b392a243c: new RaftServerImpl for group-FC27DF658E49:[bf3622ab-3fe7-408a-b5e0-736b392a243c|10.1.0.48:15032, eae9be92-4231-488a-b42d-6128b74e9292|10.1.0.48:15023, 68b35bab-6033-4329-aa6c-21b57b93715a|10.1.0.48:15014] with ContainerStateMachine:uninitialized
2024-01-30 07:45:07,783 [bf3622ab-3fe7-408a-b5e0-736b392a243c-groupManagement] INFO  server.RaftServerConfigKeys (ConfUtils.java:logGet(46)) - raft.server.rpc.timeout.min = 5s (custom)
2024-01-30 07:45:07,783 [bf3622ab-3fe7-408a-b5e0-736b392a243c-groupManagement] INFO  server.RaftServerConfigKeys (ConfUtils.java:logGet(46)) - raft.server.rpc.timeout.max = 5200ms (custom)
2024-01-30 07:45:07,783 [bf3622ab-3fe7-408a-b5e0-736b392a243c-groupManagement] INFO  server.RaftServerConfigKeys (ConfUtils.java:logGet(46)) - raft.server.rpc.sleep.time = 25ms (default)
2024-01-30 07:45:07,783 [bf3622ab-3fe7-408a-b5e0-736b392a243c-groupManagement] INFO  server.RaftServerConfigKeys (ConfUtils.java:logGet(46)) - raft.server.rpc.slowness.timeout = 300s (custom)
2024-01-30 07:45:07,783 [bf3622ab-3fe7-408a-b5e0-736b392a243c-groupManagement] INFO  server.RaftServerConfigKeys (ConfUtils.java:logGet(46)) - raft.server.leaderelection.leader.step-down.wait-time = 10s (default)
2024-01-30 07:45:07,783 [bf3622ab-3fe7-408a-b5e0-736b392a243c-groupManagement] INFO  server.RaftServerConfigKeys (ConfUtils.java:logGet(46)) - raft.server.leaderelection.member.majority-add = false (default)
2024-01-30 07:45:07,783 [bf3622ab-3fe7-408a-b5e0-736b392a243c-groupManagement] INFO  server.RaftServerConfigKeys (ConfUtils.java:logGet(46)) - raft.server.sleep.deviation.threshold = 300ms (default)
2024-01-30 07:45:07,783 [bf3622ab-3fe7-408a-b5e0-736b392a243c-groupManagement] INFO  server.RaftServer$Division (ServerState.java:<init>(113)) - bf3622ab-3fe7-408a-b5e0-736b392a243c@group-FC27DF658E49: ConfigurationManager, init=-1: peers:[bf3622ab-3fe7-408a-b5e0-736b392a243c|10.1.0.48:15032, eae9be92-4231-488a-b42d-6128b74e9292|10.1.0.48:15023, 68b35bab-6033-4329-aa6c-21b57b93715a|10.1.0.48:15014]|listeners:[], old=null, confs=<EMPTY_MAP>
2024-01-30 07:45:07,783 [bf3622ab-3fe7-408a-b5e0-736b392a243c-groupManagement] INFO  server.RaftServerConfigKeys (ConfUtils.java:logGet(46)) - raft.server.notification.no-leader.timeout = 300s (custom)
2024-01-30 07:45:07,783 [bf3622ab-3fe7-408a-b5e0-736b392a243c-groupManagement] INFO  server.RaftServerConfigKeys (ConfUtils.java:logGet(46)) - raft.server.read.timeout = 10s (default)
2024-01-30 07:45:07,784 [bf3622ab-3fe7-408a-b5e0-736b392a243c-groupManagement] INFO  server.RaftServerConfigKeys (ConfUtils.java:logGet(46)) - raft.server.retrycache.expirytime = 600000ms (custom)
2024-01-30 07:45:07,784 [bf3622ab-3fe7-408a-b5e0-736b392a243c-groupManagement] INFO  server.RaftServerConfigKeys (ConfUtils.java:logGet(46)) - raft.server.retrycache.statistics.expirytime = 100ms (default)
2024-01-30 07:45:07,784 [bf3622ab-3fe7-408a-b5e0-736b392a243c-groupManagement] INFO  server.RaftServerConfigKeys (ConfUtils.java:logGet(46)) - raft.server.read.option = DEFAULT (default)
2024-01-30 07:45:07,784 [bf3622ab-3fe7-408a-b5e0-736b392a243c-groupManagement] INFO  server.RaftServerConfigKeys (ConfUtils.java:logGet(46)) - raft.server.read.read-after-write-consistent.write-index-cache.expiry-time = 60s (default)
2024-01-30 07:45:07,788 [bf3622ab-3fe7-408a-b5e0-736b392a243c-groupManagement] INFO  server.RaftServerConfigKeys (ConfUtils.java:logGet(46)) - raft.server.rpc.request.timeout = 60s (custom)
2024-01-30 07:45:07,788 [bf3622ab-3fe7-408a-b5e0-736b392a243c-groupManagement] INFO  server.RaftServerConfigKeys (ConfUtils.java:logGet(46)) - raft.server.log.appender.install.snapshot.enabled = false (custom)
2024-01-30 07:45:07,788 [bf3622ab-3fe7-408a-b5e0-736b392a243c-groupManagement] INFO  server.RaftServerConfigKeys (ConfUtils.java:logGet(46)) - raft.server.threadpool.server.cached = true (default)
2024-01-30 07:45:07,788 [bf3622ab-3fe7-408a-b5e0-736b392a243c-groupManagement] INFO  server.RaftServerConfigKeys (ConfUtils.java:logGet(46)) - raft.server.threadpool.server.size = 0 (default)
2024-01-30 07:45:07,788 [bf3622ab-3fe7-408a-b5e0-736b392a243c-groupManagement] INFO  server.RaftServerConfigKeys (ConfUtils.java:logGet(46)) - raft.server.threadpool.client.cached = true (default)
2024-01-30 07:45:07,788 [bf3622ab-3fe7-408a-b5e0-736b392a243c-groupManagement] INFO  server.RaftServerConfigKeys (ConfUtils.java:logGet(46)) - raft.server.threadpool.client.size = 0 (default)
2024-01-30 07:45:07,788 [bf3622ab-3fe7-408a-b5e0-736b392a243c-groupManagement] INFO  server.RaftServerConfigKeys (ConfUtils.java:logGet(46)) - raft.server.storage.free-space.min = 0MB (=0) (default)
2024-01-30 07:45:07,788 [bf3622ab-3fe7-408a-b5e0-736b392a243c-groupManagement] INFO  server.RaftServerConfigKeys (ConfUtils.java:logGet(46)) - raft.server.log.corruption.policy = EXCEPTION (default)
2024-01-30 07:45:07,788 [bf3622ab-3fe7-408a-b5e0-736b392a243c-groupManagement] INFO  server.RaftServerConfigKeys (ConfUtils.java:logGet(46)) - raft.server.storage.dir = [/home/runner/work/ozone/ozone/hadoop-ozone/integration-test/target/test-dir/MiniOzoneClusterImpl-b74639a9-f624-491a-a51e-4d41e99a633c/datanode-2/data/ratis] (custom)
2024-01-30 07:45:07,789 [bf3622ab-3fe7-408a-b5e0-736b392a243c-groupManagement] INFO  storage.RaftStorageDirectory (RaftStorageDirectoryImpl.java:analyzeStorage(138)) - The storage directory /home/runner/work/ozone/ozone/hadoop-ozone/integration-test/target/test-dir/MiniOzoneClusterImpl-b74639a9-f624-491a-a51e-4d41e99a633c/datanode-2/data/ratis/4724f419-527a-4595-b49d-fc27df658e49 does not exist. Creating ...
2024-01-30 07:45:07,790 [bf3622ab-3fe7-408a-b5e0-736b392a243c-groupManagement] INFO  storage.RaftStorageDirectory (RaftStorageDirectoryImpl.java:tryLock(228)) - Lock on /home/runner/work/ozone/ozone/hadoop-ozone/integration-test/target/test-dir/MiniOzoneClusterImpl-b74639a9-f624-491a-a51e-4d41e99a633c/datanode-2/data/ratis/4724f419-527a-4595-b49d-fc27df658e49/in_use.lock acquired by nodename 92995@fv-az1436-717
2024-01-30 07:45:07,791 [bf3622ab-3fe7-408a-b5e0-736b392a243c-groupManagement] INFO  storage.RaftStorage (RaftStorageImpl.java:format(99)) - Storage directory /home/runner/work/ozone/ozone/hadoop-ozone/integration-test/target/test-dir/MiniOzoneClusterImpl-b74639a9-f624-491a-a51e-4d41e99a633c/datanode-2/data/ratis/4724f419-527a-4595-b49d-fc27df658e49 has been successfully formatted.
2024-01-30 07:45:07,791 [bf3622ab-3fe7-408a-b5e0-736b392a243c-groupManagement] WARN  util.FileUtils (LogUtils.java:supplyAndLog(63)) - Failed to Files.newInputStream /home/runner/work/ozone/ozone/hadoop-ozone/integration-test/target/test-dir/MiniOzoneClusterImpl-b74639a9-f624-491a-a51e-4d41e99a633c/datanode-2/data/ratis/4724f419-527a-4595-b49d-fc27df658e49/current/raft-meta.conf with options []: java.nio.file.NoSuchFileException: /home/runner/work/ozone/ozone/hadoop-ozone/integration-test/target/test-dir/MiniOzoneClusterImpl-b74639a9-f624-491a-a51e-4d41e99a633c/datanode-2/data/ratis/4724f419-527a-4595-b49d-fc27df658e49/current/raft-meta.conf
2024-01-30 07:45:07,792 [bf3622ab-3fe7-408a-b5e0-736b392a243c-groupManagement] INFO  ratis.ContainerStateMachine (ContainerStateMachine.java:loadSnapshot(287)) - group-FC27DF658E49: The snapshot info is null. Setting the last applied index to:(t:0, i:~)
2024-01-30 07:45:07,792 [bf3622ab-3fe7-408a-b5e0-736b392a243c-groupManagement] INFO  server.RaftServerConfigKeys (ConfUtils.java:logGet(46)) - raft.server.log.use.memory = false (default)
2024-01-30 07:45:07,792 [bf3622ab-3fe7-408a-b5e0-736b392a243c-groupManagement] INFO  server.RaftServerConfigKeys (ConfUtils.java:logGet(46)) - raft.server.log.purge.gap = 1000000 (custom)
2024-01-30 07:45:07,792 [bf3622ab-3fe7-408a-b5e0-736b392a243c-groupManagement] INFO  server.RaftServerConfigKeys (ConfUtils.java:logGet(46)) - raft.server.log.appender.buffer.byte-limit = 8388608 (custom)
2024-01-30 07:45:07,792 [bf3622ab-3fe7-408a-b5e0-736b392a243c-groupManagement] INFO  server.RaftServerConfigKeys (ConfUtils.java:logGet(46)) - raft.server.log.statemachine.data.read.timeout = 1000ms (default)
2024-01-30 07:45:07,793 [bf3622ab-3fe7-408a-b5e0-736b392a243c-groupManagement] INFO  server.RaftServerConfigKeys (ConfUtils.java:logGet(46)) - raft.server.log.purge.preservation.log.num = 0 (default)
2024-01-30 07:45:07,795 [bf3622ab-3fe7-408a-b5e0-736b392a243c-groupManagement] INFO  server.RaftServerConfigKeys (ConfUtils.java:logGet(46)) - raft.server.log.segment.size.max = 67108864 (custom)
2024-01-30 07:45:07,795 [bf3622ab-3fe7-408a-b5e0-736b392a243c-groupManagement] INFO  server.RaftServerConfigKeys (ConfUtils.java:logGet(46)) - raft.server.log.segment.cache.num.max = 2 (custom)
2024-01-30 07:45:07,795 [bf3622ab-3fe7-408a-b5e0-736b392a243c-groupManagement] INFO  server.RaftServerConfigKeys (ConfUtils.java:logGet(46)) - raft.server.log.segment.cache.size.max = 200MB (=209715200) (default)
2024-01-30 07:45:07,795 [bf3622ab-3fe7-408a-b5e0-736b392a243c-groupManagement] INFO  server.RaftServerConfigKeys (ConfUtils.java:logGet(46)) - raft.server.log.appender.buffer.byte-limit = 8388608 (custom)
2024-01-30 07:45:07,795 [bf3622ab-3fe7-408a-b5e0-736b392a243c-groupManagement] INFO  util.AwaitToRun (AwaitToRun.java:start(81)) - Thread[bf3622ab-3fe7-408a-b5e0-736b392a243c@group-FC27DF658E49-cacheEviction-AwaitToRun,5,main] started
2024-01-30 07:45:07,796 [bf3622ab-3fe7-408a-b5e0-736b392a243c-groupManagement] INFO  segmented.SegmentedRaftLogWorker (SegmentedRaftLogWorker.java:<init>(182)) - new bf3622ab-3fe7-408a-b5e0-736b392a243c@group-FC27DF658E49-SegmentedRaftLogWorker for RaftStorageImpl:Storage Directory /home/runner/work/ozone/ozone/hadoop-ozone/integration-test/target/test-dir/MiniOzoneClusterImpl-b74639a9-f624-491a-a51e-4d41e99a633c/datanode-2/data/ratis/4724f419-527a-4595-b49d-fc27df658e49
2024-01-30 07:45:07,796 [bf3622ab-3fe7-408a-b5e0-736b392a243c-groupManagement] INFO  server.RaftServerConfigKeys (ConfUtils.java:logGet(46)) - raft.server.log.queue.byte-limit = 4294967296 (custom)
2024-01-30 07:45:07,796 [bf3622ab-3fe7-408a-b5e0-736b392a243c-groupManagement] INFO  server.RaftServerConfigKeys (ConfUtils.java:logGet(46)) - raft.server.log.queue.element-limit = 1024 (custom)
2024-01-30 07:45:07,796 [bf3622ab-3fe7-408a-b5e0-736b392a243c-groupManagement] INFO  server.RaftServerConfigKeys (ConfUtils.java:logGet(46)) - raft.server.log.segment.size.max = 67108864 (custom)
2024-01-30 07:45:07,796 [bf3622ab-3fe7-408a-b5e0-736b392a243c-groupManagement] INFO  server.RaftServerConfigKeys (ConfUtils.java:logGet(46)) - raft.server.log.preallocated.size = 4194304 (custom)
2024-01-30 07:45:07,796 [bf3622ab-3fe7-408a-b5e0-736b392a243c-groupManagement] INFO  server.RaftServerConfigKeys (ConfUtils.java:logGet(46)) - raft.server.log.force.sync.num = 128 (default)
2024-01-30 07:45:07,796 [bf3622ab-3fe7-408a-b5e0-736b392a243c-groupManagement] INFO  server.RaftServerConfigKeys (ConfUtils.java:logGet(46)) - raft.server.log.statemachine.data.sync = true (default)
2024-01-30 07:45:07,796 [bf3622ab-3fe7-408a-b5e0-736b392a243c-groupManagement] INFO  server.RaftServerConfigKeys (ConfUtils.java:logGet(46)) - raft.server.log.statemachine.data.sync.timeout = 10s (default)
2024-01-30 07:45:07,796 [bf3622ab-3fe7-408a-b5e0-736b392a243c-groupManagement] INFO  server.RaftServerConfigKeys (ConfUtils.java:logGet(46)) - raft.server.log.statemachine.data.sync.timeout.retry = 0 (custom)
2024-01-30 07:45:07,797 [bf3622ab-3fe7-408a-b5e0-736b392a243c-groupManagement] INFO  server.RaftServerConfigKeys (ConfUtils.java:logGet(46)) - raft.server.log.write.buffer.size = 8388616 (custom)
2024-01-30 07:45:07,799 [bf3622ab-3fe7-408a-b5e0-736b392a243c-groupManagement] INFO  server.RaftServerConfigKeys (ConfUtils.java:logGet(46)) - raft.server.log.appender.buffer.byte-limit = 8388608 (custom)
2024-01-30 07:45:07,799 [bf3622ab-3fe7-408a-b5e0-736b392a243c-groupManagement] INFO  server.RaftServerConfigKeys (ConfUtils.java:logGet(46)) - raft.server.log.unsafe-flush.enabled = false (default)
2024-01-30 07:45:07,799 [bf3622ab-3fe7-408a-b5e0-736b392a243c-groupManagement] INFO  server.RaftServerConfigKeys (ConfUtils.java:logGet(46)) - raft.server.log.async-flush.enabled = false (default)
2024-01-30 07:45:07,799 [bf3622ab-3fe7-408a-b5e0-736b392a243c-groupManagement] INFO  server.RaftServerConfigKeys (ConfUtils.java:logGet(46)) - raft.server.log.statemachine.data.caching.enabled = true (custom)
2024-01-30 07:45:07,799 [bf3622ab-3fe7-408a-b5e0-736b392a243c-groupManagement] INFO  segmented.SegmentedRaftLogWorker (SegmentedRaftLogWorker.java:lambda$new$0(134)) - bf3622ab-3fe7-408a-b5e0-736b392a243c@group-FC27DF658E49-SegmentedRaftLogWorker: flushIndex: setUnconditionally 0 -> -1
2024-01-30 07:45:07,799 [bf3622ab-3fe7-408a-b5e0-736b392a243c-groupManagement] INFO  segmented.SegmentedRaftLogWorker (SegmentedRaftLogWorker.java:lambda$new$0(134)) - bf3622ab-3fe7-408a-b5e0-736b392a243c@group-FC27DF658E49-SegmentedRaftLogWorker: safeCacheEvictIndex: setUnconditionally 0 -> -1
2024-01-30 07:45:07,799 [bf3622ab-3fe7-408a-b5e0-736b392a243c-groupManagement] INFO  server.RaftServer$Division (RaftServerImpl.java:start(396)) - bf3622ab-3fe7-408a-b5e0-736b392a243c@group-FC27DF658E49: start as a follower, conf=-1: peers:[bf3622ab-3fe7-408a-b5e0-736b392a243c|10.1.0.48:15032, eae9be92-4231-488a-b42d-6128b74e9292|10.1.0.48:15023, 68b35bab-6033-4329-aa6c-21b57b93715a|10.1.0.48:15014]|listeners:[], old=null
2024-01-30 07:45:07,799 [bf3622ab-3fe7-408a-b5e0-736b392a243c-groupManagement] INFO  server.RaftServer$Division (RaftServerImpl.java:setRole(383)) - bf3622ab-3fe7-408a-b5e0-736b392a243c@group-FC27DF658E49: changes role from      null to FOLLOWER at term 0 for startAsFollower
2024-01-30 07:45:07,800 [bf3622ab-3fe7-408a-b5e0-736b392a243c-groupManagement] INFO  impl.RoleInfo (RoleInfo.java:updateAndGet(139)) - bf3622ab-3fe7-408a-b5e0-736b392a243c: start bf3622ab-3fe7-408a-b5e0-736b392a243c@group-FC27DF658E49-FollowerState
2024-01-30 07:45:07,800 [bf3622ab-3fe7-408a-b5e0-736b392a243c@group-FC27DF658E49-FollowerState] INFO  server.RaftServerConfigKeys (ConfUtils.java:logFallback(53)) - raft.server.rpc.first-election.timeout.min = 5s (fallback to raft.server.rpc.timeout.min)
2024-01-30 07:45:07,811 [bf3622ab-3fe7-408a-b5e0-736b392a243c@group-FC27DF658E49-FollowerState] INFO  server.RaftServerConfigKeys (ConfUtils.java:logFallback(53)) - raft.server.rpc.first-election.timeout.max = 5200ms (fallback to raft.server.rpc.timeout.max)
2024-01-30 07:45:07,806 [EventQueue-OpenPipelineForHealthyPipelineSafeModeRule] INFO  safemode.SCMSafeModeManager (HealthyPipelineSafeModeRule.java:process(140)) - SCM in safe mode. Healthy pipelines reported count is 0, required healthy pipeline reported count is 1
2024-01-30 07:45:07,800 [bf3622ab-3fe7-408a-b5e0-736b392a243c-groupManagement] INFO  util.JmxRegister (JmxRegister.java:tryRegister(44)) - Successfully registered JMX Bean with object name Ratis:service=RaftServer,group=group-FC27DF658E49,id=bf3622ab-3fe7-408a-b5e0-736b392a243c
2024-01-30 07:45:07,811 [bf3622ab-3fe7-408a-b5e0-736b392a243c-groupManagement] INFO  server.RaftServerConfigKeys (ConfUtils.java:logGet(46)) - raft.server.snapshot.trigger-when-stop.enabled = true (default)
2024-01-30 07:45:07,811 [bf3622ab-3fe7-408a-b5e0-736b392a243c-groupManagement] INFO  server.RaftServerConfigKeys (ConfUtils.java:logGet(46)) - raft.server.snapshot.auto.trigger.enabled = true (custom)
2024-01-30 07:45:07,812 [bf3622ab-3fe7-408a-b5e0-736b392a243c-groupManagement] INFO  server.RaftServerConfigKeys (ConfUtils.java:logGet(46)) - raft.server.snapshot.auto.trigger.threshold = 10000 (custom)
2024-01-30 07:45:07,812 [bf3622ab-3fe7-408a-b5e0-736b392a243c-groupManagement] INFO  server.RaftServerConfigKeys (ConfUtils.java:logGet(46)) - raft.server.snapshot.retention.file.num = 5 (custom)
2024-01-30 07:45:07,812 [bf3622ab-3fe7-408a-b5e0-736b392a243c-groupManagement] INFO  server.RaftServerConfigKeys (ConfUtils.java:logGet(46)) - raft.server.log.purge.upto.snapshot.index = false (default)
2024-01-30 07:45:07,813 [bf3622ab-3fe7-408a-b5e0-736b392a243c-PipelineCommandHandlerThread-0] INFO  ratis.XceiverServerRatis (XceiverServerRatis.java:addGroup(864)) - Created group PipelineID=4724f419-527a-4595-b49d-fc27df658e49
2024-01-30 07:45:07,886 [55f20ed8-ad05-4879-9178-788b5883eeb3-PipelineCommandHandlerThread-0] INFO  server.RaftServer (RaftServerProxy.java:addNew(100)) - 55f20ed8-ad05-4879-9178-788b5883eeb3: addNew group-FA754A61616F:[55f20ed8-ad05-4879-9178-788b5883eeb3|10.1.0.48:15041] returns group-FA754A61616F:java.util.concurrent.CompletableFuture@10e2aefa[Not completed]
2024-01-30 07:45:07,891 [55f20ed8-ad05-4879-9178-788b5883eeb3-groupManagement] INFO  server.RaftServer$Division (RaftServerImpl.java:<init>(256)) - 55f20ed8-ad05-4879-9178-788b5883eeb3: new RaftServerImpl for group-FA754A61616F:[55f20ed8-ad05-4879-9178-788b5883eeb3|10.1.0.48:15041] with ContainerStateMachine:uninitialized
2024-01-30 07:45:07,893 [55f20ed8-ad05-4879-9178-788b5883eeb3-groupManagement] INFO  server.RaftServerConfigKeys (ConfUtils.java:logGet(46)) - raft.server.rpc.timeout.min = 5s (custom)
2024-01-30 07:45:07,893 [55f20ed8-ad05-4879-9178-788b5883eeb3-groupManagement] INFO  server.RaftServerConfigKeys (ConfUtils.java:logGet(46)) - raft.server.rpc.timeout.max = 5200ms (custom)
2024-01-30 07:45:07,893 [55f20ed8-ad05-4879-9178-788b5883eeb3-groupManagement] INFO  server.RaftServerConfigKeys (ConfUtils.java:logGet(46)) - raft.server.rpc.sleep.time = 25ms (default)
2024-01-30 07:45:07,894 [55f20ed8-ad05-4879-9178-788b5883eeb3-groupManagement] INFO  server.RaftServerConfigKeys (ConfUtils.java:logGet(46)) - raft.server.rpc.slowness.timeout = 300s (custom)
2024-01-30 07:45:07,894 [55f20ed8-ad05-4879-9178-788b5883eeb3-groupManagement] INFO  server.RaftServerConfigKeys (ConfUtils.java:logGet(46)) - raft.server.leaderelection.leader.step-down.wait-time = 10s (default)
2024-01-30 07:45:07,894 [55f20ed8-ad05-4879-9178-788b5883eeb3-groupManagement] INFO  server.RaftServerConfigKeys (ConfUtils.java:logGet(46)) - raft.server.leaderelection.member.majority-add = false (default)
2024-01-30 07:45:07,894 [55f20ed8-ad05-4879-9178-788b5883eeb3-groupManagement] INFO  server.RaftServerConfigKeys (ConfUtils.java:logGet(46)) - raft.server.sleep.deviation.threshold = 300ms (default)
2024-01-30 07:45:07,895 [55f20ed8-ad05-4879-9178-788b5883eeb3-groupManagement] INFO  server.RaftServer$Division (ServerState.java:<init>(113)) - 55f20ed8-ad05-4879-9178-788b5883eeb3@group-FA754A61616F: ConfigurationManager, init=-1: peers:[55f20ed8-ad05-4879-9178-788b5883eeb3|10.1.0.48:15041]|listeners:[], old=null, confs=<EMPTY_MAP>
2024-01-30 07:45:07,895 [55f20ed8-ad05-4879-9178-788b5883eeb3-groupManagement] INFO  server.RaftServerConfigKeys (ConfUtils.java:logGet(46)) - raft.server.notification.no-leader.timeout = 300s (custom)
2024-01-30 07:45:07,895 [55f20ed8-ad05-4879-9178-788b5883eeb3-groupManagement] INFO  server.RaftServerConfigKeys (ConfUtils.java:logGet(46)) - raft.server.read.timeout = 10s (default)
2024-01-30 07:45:07,896 [55f20ed8-ad05-4879-9178-788b5883eeb3-groupManagement] INFO  server.RaftServerConfigKeys (ConfUtils.java:logGet(46)) - raft.server.retrycache.expirytime = 600000ms (custom)
2024-01-30 07:45:07,896 [55f20ed8-ad05-4879-9178-788b5883eeb3-groupManagement] INFO  server.RaftServerConfigKeys (ConfUtils.java:logGet(46)) - raft.server.retrycache.statistics.expirytime = 100ms (default)
2024-01-30 07:45:07,896 [55f20ed8-ad05-4879-9178-788b5883eeb3-groupManagement] INFO  server.RaftServerConfigKeys (ConfUtils.java:logGet(46)) - raft.server.read.option = DEFAULT (default)
2024-01-30 07:45:07,897 [55f20ed8-ad05-4879-9178-788b5883eeb3-groupManagement] INFO  server.RaftServerConfigKeys (ConfUtils.java:logGet(46)) - raft.server.read.read-after-write-consistent.write-index-cache.expiry-time = 60s (default)
2024-01-30 07:45:07,904 [55f20ed8-ad05-4879-9178-788b5883eeb3-groupManagement] INFO  server.RaftServerConfigKeys (ConfUtils.java:logGet(46)) - raft.server.rpc.request.timeout = 60s (custom)
2024-01-30 07:45:07,904 [55f20ed8-ad05-4879-9178-788b5883eeb3-groupManagement] INFO  server.RaftServerConfigKeys (ConfUtils.java:logGet(46)) - raft.server.log.appender.install.snapshot.enabled = false (custom)
2024-01-30 07:45:07,904 [55f20ed8-ad05-4879-9178-788b5883eeb3-groupManagement] INFO  server.RaftServerConfigKeys (ConfUtils.java:logGet(46)) - raft.server.threadpool.server.cached = true (default)
2024-01-30 07:45:07,904 [55f20ed8-ad05-4879-9178-788b5883eeb3-groupManagement] INFO  server.RaftServerConfigKeys (ConfUtils.java:logGet(46)) - raft.server.threadpool.server.size = 0 (default)
2024-01-30 07:45:07,904 [55f20ed8-ad05-4879-9178-788b5883eeb3-groupManagement] INFO  server.RaftServerConfigKeys (ConfUtils.java:logGet(46)) - raft.server.threadpool.client.cached = true (default)
2024-01-30 07:45:07,905 [55f20ed8-ad05-4879-9178-788b5883eeb3-groupManagement] INFO  server.RaftServerConfigKeys (ConfUtils.java:logGet(46)) - raft.server.threadpool.client.size = 0 (default)
2024-01-30 07:45:07,905 [55f20ed8-ad05-4879-9178-788b5883eeb3-groupManagement] INFO  server.RaftServerConfigKeys (ConfUtils.java:logGet(46)) - raft.server.storage.free-space.min = 0MB (=0) (default)
2024-01-30 07:45:07,905 [55f20ed8-ad05-4879-9178-788b5883eeb3-groupManagement] INFO  server.RaftServerConfigKeys (ConfUtils.java:logGet(46)) - raft.server.log.corruption.policy = EXCEPTION (default)
2024-01-30 07:45:07,905 [55f20ed8-ad05-4879-9178-788b5883eeb3-groupManagement] INFO  server.RaftServerConfigKeys (ConfUtils.java:logGet(46)) - raft.server.storage.dir = [/home/runner/work/ozone/ozone/hadoop-ozone/integration-test/target/test-dir/MiniOzoneClusterImpl-b74639a9-f624-491a-a51e-4d41e99a633c/datanode-3/data/ratis] (custom)
2024-01-30 07:45:07,906 [55f20ed8-ad05-4879-9178-788b5883eeb3-groupManagement] INFO  storage.RaftStorageDirectory (RaftStorageDirectoryImpl.java:analyzeStorage(138)) - The storage directory /home/runner/work/ozone/ozone/hadoop-ozone/integration-test/target/test-dir/MiniOzoneClusterImpl-b74639a9-f624-491a-a51e-4d41e99a633c/datanode-3/data/ratis/d2e7e17e-f5a8-4111-b953-fa754a61616f does not exist. Creating ...
2024-01-30 07:45:07,907 [55f20ed8-ad05-4879-9178-788b5883eeb3-groupManagement] INFO  storage.RaftStorageDirectory (RaftStorageDirectoryImpl.java:tryLock(228)) - Lock on /home/runner/work/ozone/ozone/hadoop-ozone/integration-test/target/test-dir/MiniOzoneClusterImpl-b74639a9-f624-491a-a51e-4d41e99a633c/datanode-3/data/ratis/d2e7e17e-f5a8-4111-b953-fa754a61616f/in_use.lock acquired by nodename 92995@fv-az1436-717
2024-01-30 07:45:07,908 [55f20ed8-ad05-4879-9178-788b5883eeb3-groupManagement] INFO  storage.RaftStorage (RaftStorageImpl.java:format(99)) - Storage directory /home/runner/work/ozone/ozone/hadoop-ozone/integration-test/target/test-dir/MiniOzoneClusterImpl-b74639a9-f624-491a-a51e-4d41e99a633c/datanode-3/data/ratis/d2e7e17e-f5a8-4111-b953-fa754a61616f has been successfully formatted.
2024-01-30 07:45:07,911 [55f20ed8-ad05-4879-9178-788b5883eeb3-groupManagement] WARN  util.FileUtils (LogUtils.java:supplyAndLog(63)) - Failed to Files.newInputStream /home/runner/work/ozone/ozone/hadoop-ozone/integration-test/target/test-dir/MiniOzoneClusterImpl-b74639a9-f624-491a-a51e-4d41e99a633c/datanode-3/data/ratis/d2e7e17e-f5a8-4111-b953-fa754a61616f/current/raft-meta.conf with options []: java.nio.file.NoSuchFileException: /home/runner/work/ozone/ozone/hadoop-ozone/integration-test/target/test-dir/MiniOzoneClusterImpl-b74639a9-f624-491a-a51e-4d41e99a633c/datanode-3/data/ratis/d2e7e17e-f5a8-4111-b953-fa754a61616f/current/raft-meta.conf
2024-01-30 07:45:07,914 [55f20ed8-ad05-4879-9178-788b5883eeb3-groupManagement] INFO  ratis.ContainerStateMachine (ContainerStateMachine.java:loadSnapshot(287)) - group-FA754A61616F: The snapshot info is null. Setting the last applied index to:(t:0, i:~)
2024-01-30 07:45:07,914 [55f20ed8-ad05-4879-9178-788b5883eeb3-groupManagement] INFO  server.RaftServerConfigKeys (ConfUtils.java:logGet(46)) - raft.server.log.use.memory = false (default)
2024-01-30 07:45:07,914 [55f20ed8-ad05-4879-9178-788b5883eeb3-groupManagement] INFO  server.RaftServerConfigKeys (ConfUtils.java:logGet(46)) - raft.server.log.purge.gap = 1000000 (custom)
2024-01-30 07:45:07,914 [55f20ed8-ad05-4879-9178-788b5883eeb3-groupManagement] INFO  server.RaftServerConfigKeys (ConfUtils.java:logGet(46)) - raft.server.log.appender.buffer.byte-limit = 8388608 (custom)
2024-01-30 07:45:07,915 [55f20ed8-ad05-4879-9178-788b5883eeb3-groupManagement] INFO  server.RaftServerConfigKeys (ConfUtils.java:logGet(46)) - raft.server.log.statemachine.data.read.timeout = 1000ms (default)
2024-01-30 07:45:07,915 [55f20ed8-ad05-4879-9178-788b5883eeb3-groupManagement] INFO  server.RaftServerConfigKeys (ConfUtils.java:logGet(46)) - raft.server.log.purge.preservation.log.num = 0 (default)
2024-01-30 07:45:07,915 [EventQueue-PipelineReportForPipelineReportHandler] INFO  pipeline.PipelineReportHandler (PipelineReportHandler.java:processPipelineReport(136)) - Opened pipeline PipelineID=d2e7e17e-f5a8-4111-b953-fa754a61616f
2024-01-30 07:45:07,916 [EventQueue-OpenPipelineForHealthyPipelineSafeModeRule] INFO  safemode.SCMSafeModeManager (HealthyPipelineSafeModeRule.java:process(140)) - SCM in safe mode. Healthy pipelines reported count is 0, required healthy pipeline reported count is 1
2024-01-30 07:45:07,929 [55f20ed8-ad05-4879-9178-788b5883eeb3-groupManagement] INFO  server.RaftServerConfigKeys (ConfUtils.java:logGet(46)) - raft.server.log.segment.size.max = 67108864 (custom)
2024-01-30 07:45:07,931 [55f20ed8-ad05-4879-9178-788b5883eeb3-groupManagement] INFO  server.RaftServerConfigKeys (ConfUtils.java:logGet(46)) - raft.server.log.segment.cache.num.max = 2 (custom)
2024-01-30 07:45:07,932 [55f20ed8-ad05-4879-9178-788b5883eeb3-groupManagement] INFO  server.RaftServerConfigKeys (ConfUtils.java:logGet(46)) - raft.server.log.segment.cache.size.max = 200MB (=209715200) (default)
2024-01-30 07:45:07,932 [55f20ed8-ad05-4879-9178-788b5883eeb3-groupManagement] INFO  server.RaftServerConfigKeys (ConfUtils.java:logGet(46)) - raft.server.log.appender.buffer.byte-limit = 8388608 (custom)
2024-01-30 07:45:07,933 [55f20ed8-ad05-4879-9178-788b5883eeb3-groupManagement] INFO  util.AwaitToRun (AwaitToRun.java:start(81)) - Thread[55f20ed8-ad05-4879-9178-788b5883eeb3@group-FA754A61616F-cacheEviction-AwaitToRun,5,main] started
2024-01-30 07:45:07,933 [55f20ed8-ad05-4879-9178-788b5883eeb3-groupManagement] INFO  segmented.SegmentedRaftLogWorker (SegmentedRaftLogWorker.java:<init>(182)) - new 55f20ed8-ad05-4879-9178-788b5883eeb3@group-FA754A61616F-SegmentedRaftLogWorker for RaftStorageImpl:Storage Directory /home/runner/work/ozone/ozone/hadoop-ozone/integration-test/target/test-dir/MiniOzoneClusterImpl-b74639a9-f624-491a-a51e-4d41e99a633c/datanode-3/data/ratis/d2e7e17e-f5a8-4111-b953-fa754a61616f
2024-01-30 07:45:07,933 [55f20ed8-ad05-4879-9178-788b5883eeb3-groupManagement] INFO  server.RaftServerConfigKeys (ConfUtils.java:logGet(46)) - raft.server.log.queue.byte-limit = 4294967296 (custom)
2024-01-30 07:45:07,933 [55f20ed8-ad05-4879-9178-788b5883eeb3-groupManagement] INFO  server.RaftServerConfigKeys (ConfUtils.java:logGet(46)) - raft.server.log.queue.element-limit = 1024 (custom)
2024-01-30 07:45:07,933 [55f20ed8-ad05-4879-9178-788b5883eeb3-groupManagement] INFO  server.RaftServerConfigKeys (ConfUtils.java:logGet(46)) - raft.server.log.segment.size.max = 67108864 (custom)
2024-01-30 07:45:07,933 [55f20ed8-ad05-4879-9178-788b5883eeb3-groupManagement] INFO  server.RaftServerConfigKeys (ConfUtils.java:logGet(46)) - raft.server.log.preallocated.size = 4194304 (custom)
2024-01-30 07:45:07,933 [55f20ed8-ad05-4879-9178-788b5883eeb3-groupManagement] INFO  server.RaftServerConfigKeys (ConfUtils.java:logGet(46)) - raft.server.log.force.sync.num = 128 (default)
2024-01-30 07:45:07,933 [55f20ed8-ad05-4879-9178-788b5883eeb3-groupManagement] INFO  server.RaftServerConfigKeys (ConfUtils.java:logGet(46)) - raft.server.log.statemachine.data.sync = true (default)
2024-01-30 07:45:07,933 [55f20ed8-ad05-4879-9178-788b5883eeb3-groupManagement] INFO  server.RaftServerConfigKeys (ConfUtils.java:logGet(46)) - raft.server.log.statemachine.data.sync.timeout = 10s (default)
2024-01-30 07:45:07,934 [55f20ed8-ad05-4879-9178-788b5883eeb3-groupManagement] INFO  server.RaftServerConfigKeys (ConfUtils.java:logGet(46)) - raft.server.log.statemachine.data.sync.timeout.retry = 0 (custom)
2024-01-30 07:45:07,934 [55f20ed8-ad05-4879-9178-788b5883eeb3-groupManagement] INFO  server.RaftServerConfigKeys (ConfUtils.java:logGet(46)) - raft.server.log.write.buffer.size = 8388616 (custom)
2024-01-30 07:45:07,936 [55f20ed8-ad05-4879-9178-788b5883eeb3-groupManagement] INFO  server.RaftServerConfigKeys (ConfUtils.java:logGet(46)) - raft.server.log.appender.buffer.byte-limit = 8388608 (custom)
2024-01-30 07:45:07,936 [55f20ed8-ad05-4879-9178-788b5883eeb3-groupManagement] INFO  server.RaftServerConfigKeys (ConfUtils.java:logGet(46)) - raft.server.log.unsafe-flush.enabled = false (default)
2024-01-30 07:45:07,936 [55f20ed8-ad05-4879-9178-788b5883eeb3-groupManagement] INFO  server.RaftServerConfigKeys (ConfUtils.java:logGet(46)) - raft.server.log.async-flush.enabled = false (default)
2024-01-30 07:45:07,936 [55f20ed8-ad05-4879-9178-788b5883eeb3-groupManagement] INFO  server.RaftServerConfigKeys (ConfUtils.java:logGet(46)) - raft.server.log.statemachine.data.caching.enabled = true (custom)
2024-01-30 07:45:07,936 [55f20ed8-ad05-4879-9178-788b5883eeb3-groupManagement] INFO  segmented.SegmentedRaftLogWorker (SegmentedRaftLogWorker.java:lambda$new$0(134)) - 55f20ed8-ad05-4879-9178-788b5883eeb3@group-FA754A61616F-SegmentedRaftLogWorker: flushIndex: setUnconditionally 0 -> -1
2024-01-30 07:45:07,936 [55f20ed8-ad05-4879-9178-788b5883eeb3-groupManagement] INFO  segmented.SegmentedRaftLogWorker (SegmentedRaftLogWorker.java:lambda$new$0(134)) - 55f20ed8-ad05-4879-9178-788b5883eeb3@group-FA754A61616F-SegmentedRaftLogWorker: safeCacheEvictIndex: setUnconditionally 0 -> -1
2024-01-30 07:45:07,938 [55f20ed8-ad05-4879-9178-788b5883eeb3-groupManagement] INFO  server.RaftServer$Division (RaftServerImpl.java:start(396)) - 55f20ed8-ad05-4879-9178-788b5883eeb3@group-FA754A61616F: start as a follower, conf=-1: peers:[55f20ed8-ad05-4879-9178-788b5883eeb3|10.1.0.48:15041]|listeners:[], old=null
2024-01-30 07:45:07,938 [55f20ed8-ad05-4879-9178-788b5883eeb3-groupManagement] INFO  server.RaftServer$Division (RaftServerImpl.java:setRole(383)) - 55f20ed8-ad05-4879-9178-788b5883eeb3@group-FA754A61616F: changes role from      null to FOLLOWER at term 0 for startAsFollower
2024-01-30 07:45:07,938 [55f20ed8-ad05-4879-9178-788b5883eeb3-groupManagement] INFO  impl.RoleInfo (RoleInfo.java:updateAndGet(139)) - 55f20ed8-ad05-4879-9178-788b5883eeb3: start 55f20ed8-ad05-4879-9178-788b5883eeb3@group-FA754A61616F-FollowerState
2024-01-30 07:45:07,942 [55f20ed8-ad05-4879-9178-788b5883eeb3-groupManagement] INFO  util.JmxRegister (JmxRegister.java:tryRegister(44)) - Successfully registered JMX Bean with object name Ratis:service=RaftServer,group=group-FA754A61616F,id=55f20ed8-ad05-4879-9178-788b5883eeb3
2024-01-30 07:45:07,942 [55f20ed8-ad05-4879-9178-788b5883eeb3-groupManagement] INFO  server.RaftServerConfigKeys (ConfUtils.java:logGet(46)) - raft.server.snapshot.trigger-when-stop.enabled = true (default)
2024-01-30 07:45:07,942 [55f20ed8-ad05-4879-9178-788b5883eeb3-groupManagement] INFO  server.RaftServerConfigKeys (ConfUtils.java:logGet(46)) - raft.server.snapshot.auto.trigger.enabled = true (custom)
2024-01-30 07:45:07,942 [55f20ed8-ad05-4879-9178-788b5883eeb3-groupManagement] INFO  server.RaftServerConfigKeys (ConfUtils.java:logGet(46)) - raft.server.snapshot.auto.trigger.threshold = 10000 (custom)
2024-01-30 07:45:07,942 [55f20ed8-ad05-4879-9178-788b5883eeb3-groupManagement] INFO  server.RaftServerConfigKeys (ConfUtils.java:logGet(46)) - raft.server.snapshot.retention.file.num = 5 (custom)
2024-01-30 07:45:07,943 [55f20ed8-ad05-4879-9178-788b5883eeb3-groupManagement] INFO  server.RaftServerConfigKeys (ConfUtils.java:logGet(46)) - raft.server.log.purge.upto.snapshot.index = false (default)
2024-01-30 07:45:07,944 [55f20ed8-ad05-4879-9178-788b5883eeb3@group-FA754A61616F-FollowerState] INFO  server.RaftServerConfigKeys (ConfUtils.java:logFallback(53)) - raft.server.rpc.first-election.timeout.min = 5s (fallback to raft.server.rpc.timeout.min)
2024-01-30 07:45:07,944 [55f20ed8-ad05-4879-9178-788b5883eeb3@group-FA754A61616F-FollowerState] INFO  server.RaftServerConfigKeys (ConfUtils.java:logFallback(53)) - raft.server.rpc.first-election.timeout.max = 5200ms (fallback to raft.server.rpc.timeout.max)
2024-01-30 07:45:07,944 [55f20ed8-ad05-4879-9178-788b5883eeb3-PipelineCommandHandlerThread-0] INFO  ratis.XceiverServerRatis (XceiverServerRatis.java:addGroup(864)) - Created group PipelineID=d2e7e17e-f5a8-4111-b953-fa754a61616f
2024-01-30 07:45:07,945 [55f20ed8-ad05-4879-9178-788b5883eeb3-PipelineCommandHandlerThread-0] INFO  commandhandler.CreatePipelineCommandHandler (CreatePipelineCommandHandler.java:lambda$handle$2(124)) - Created Pipeline RATIS ONE PipelineID=d2e7e17e-f5a8-4111-b953-fa754a61616f.
2024-01-30 07:45:07,945 [55f20ed8-ad05-4879-9178-788b5883eeb3-PipelineCommandHandlerThread-0] INFO  server.RaftServer (RaftServerProxy.java:addNew(100)) - 55f20ed8-ad05-4879-9178-788b5883eeb3: addNew group-B85ECF817262:[f4dc5428-8803-43b0-8e6b-8ffa99f16cef|10.1.0.48:15059, 55f20ed8-ad05-4879-9178-788b5883eeb3|10.1.0.48:15041, 6af36478-fafe-44e8-8f65-092a10613903|10.1.0.48:15050] returns group-B85ECF817262:java.util.concurrent.CompletableFuture@14dd383e[Not completed]
2024-01-30 07:45:07,947 [55f20ed8-ad05-4879-9178-788b5883eeb3-groupManagement] INFO  server.RaftServer$Division (RaftServerImpl.java:<init>(256)) - 55f20ed8-ad05-4879-9178-788b5883eeb3: new RaftServerImpl for group-B85ECF817262:[f4dc5428-8803-43b0-8e6b-8ffa99f16cef|10.1.0.48:15059, 55f20ed8-ad05-4879-9178-788b5883eeb3|10.1.0.48:15041, 6af36478-fafe-44e8-8f65-092a10613903|10.1.0.48:15050] with ContainerStateMachine:uninitialized
2024-01-30 07:45:07,947 [55f20ed8-ad05-4879-9178-788b5883eeb3-groupManagement] INFO  server.RaftServerConfigKeys (ConfUtils.java:logGet(46)) - raft.server.rpc.timeout.min = 5s (custom)
2024-01-30 07:45:07,947 [55f20ed8-ad05-4879-9178-788b5883eeb3-groupManagement] INFO  server.RaftServerConfigKeys (ConfUtils.java:logGet(46)) - raft.server.rpc.timeout.max = 5200ms (custom)
2024-01-30 07:45:07,947 [55f20ed8-ad05-4879-9178-788b5883eeb3-groupManagement] INFO  server.RaftServerConfigKeys (ConfUtils.java:logGet(46)) - raft.server.rpc.sleep.time = 25ms (default)
2024-01-30 07:45:07,947 [55f20ed8-ad05-4879-9178-788b5883eeb3-groupManagement] INFO  server.RaftServerConfigKeys (ConfUtils.java:logGet(46)) - raft.server.rpc.slowness.timeout = 300s (custom)
2024-01-30 07:45:07,947 [55f20ed8-ad05-4879-9178-788b5883eeb3-groupManagement] INFO  server.RaftServerConfigKeys (ConfUtils.java:logGet(46)) - raft.server.leaderelection.leader.step-down.wait-time = 10s (default)
2024-01-30 07:45:07,947 [55f20ed8-ad05-4879-9178-788b5883eeb3-groupManagement] INFO  server.RaftServerConfigKeys (ConfUtils.java:logGet(46)) - raft.server.leaderelection.member.majority-add = false (default)
2024-01-30 07:45:07,947 [55f20ed8-ad05-4879-9178-788b5883eeb3-groupManagement] INFO  server.RaftServerConfigKeys (ConfUtils.java:logGet(46)) - raft.server.sleep.deviation.threshold = 300ms (default)
2024-01-30 07:45:07,948 [55f20ed8-ad05-4879-9178-788b5883eeb3-groupManagement] INFO  server.RaftServer$Division (ServerState.java:<init>(113)) - 55f20ed8-ad05-4879-9178-788b5883eeb3@group-B85ECF817262: ConfigurationManager, init=-1: peers:[f4dc5428-8803-43b0-8e6b-8ffa99f16cef|10.1.0.48:15059, 55f20ed8-ad05-4879-9178-788b5883eeb3|10.1.0.48:15041, 6af36478-fafe-44e8-8f65-092a10613903|10.1.0.48:15050]|listeners:[], old=null, confs=<EMPTY_MAP>
2024-01-30 07:45:07,948 [55f20ed8-ad05-4879-9178-788b5883eeb3-groupManagement] INFO  server.RaftServerConfigKeys (ConfUtils.java:logGet(46)) - raft.server.notification.no-leader.timeout = 300s (custom)
2024-01-30 07:45:07,948 [55f20ed8-ad05-4879-9178-788b5883eeb3-groupManagement] INFO  server.RaftServerConfigKeys (ConfUtils.java:logGet(46)) - raft.server.read.timeout = 10s (default)
2024-01-30 07:45:07,948 [55f20ed8-ad05-4879-9178-788b5883eeb3-groupManagement] INFO  server.RaftServerConfigKeys (ConfUtils.java:logGet(46)) - raft.server.retrycache.expirytime = 600000ms (custom)
2024-01-30 07:45:07,948 [55f20ed8-ad05-4879-9178-788b5883eeb3-groupManagement] INFO  server.RaftServerConfigKeys (ConfUtils.java:logGet(46)) - raft.server.retrycache.statistics.expirytime = 100ms (default)
2024-01-30 07:45:07,948 [55f20ed8-ad05-4879-9178-788b5883eeb3-groupManagement] INFO  server.RaftServerConfigKeys (ConfUtils.java:logGet(46)) - raft.server.read.option = DEFAULT (default)
2024-01-30 07:45:07,948 [55f20ed8-ad05-4879-9178-788b5883eeb3-groupManagement] INFO  server.RaftServerConfigKeys (ConfUtils.java:logGet(46)) - raft.server.read.read-after-write-consistent.write-index-cache.expiry-time = 60s (default)
2024-01-30 07:45:07,951 [55f20ed8-ad05-4879-9178-788b5883eeb3-groupManagement] INFO  server.RaftServerConfigKeys (ConfUtils.java:logGet(46)) - raft.server.rpc.request.timeout = 60s (custom)
2024-01-30 07:45:07,952 [55f20ed8-ad05-4879-9178-788b5883eeb3-groupManagement] INFO  server.RaftServerConfigKeys (ConfUtils.java:logGet(46)) - raft.server.log.appender.install.snapshot.enabled = false (custom)
2024-01-30 07:45:07,952 [55f20ed8-ad05-4879-9178-788b5883eeb3-groupManagement] INFO  server.RaftServerConfigKeys (ConfUtils.java:logGet(46)) - raft.server.threadpool.server.cached = true (default)
2024-01-30 07:45:07,952 [55f20ed8-ad05-4879-9178-788b5883eeb3-groupManagement] INFO  server.RaftServerConfigKeys (ConfUtils.java:logGet(46)) - raft.server.threadpool.server.size = 0 (default)
2024-01-30 07:45:07,952 [55f20ed8-ad05-4879-9178-788b5883eeb3-groupManagement] INFO  server.RaftServerConfigKeys (ConfUtils.java:logGet(46)) - raft.server.threadpool.client.cached = true (default)
2024-01-30 07:45:07,952 [55f20ed8-ad05-4879-9178-788b5883eeb3-groupManagement] INFO  server.RaftServerConfigKeys (ConfUtils.java:logGet(46)) - raft.server.threadpool.client.size = 0 (default)
2024-01-30 07:45:07,952 [55f20ed8-ad05-4879-9178-788b5883eeb3-groupManagement] INFO  server.RaftServerConfigKeys (ConfUtils.java:logGet(46)) - raft.server.storage.free-space.min = 0MB (=0) (default)
2024-01-30 07:45:07,952 [55f20ed8-ad05-4879-9178-788b5883eeb3-groupManagement] INFO  server.RaftServerConfigKeys (ConfUtils.java:logGet(46)) - raft.server.log.corruption.policy = EXCEPTION (default)
2024-01-30 07:45:07,952 [55f20ed8-ad05-4879-9178-788b5883eeb3-groupManagement] INFO  server.RaftServerConfigKeys (ConfUtils.java:logGet(46)) - raft.server.storage.dir = [/home/runner/work/ozone/ozone/hadoop-ozone/integration-test/target/test-dir/MiniOzoneClusterImpl-b74639a9-f624-491a-a51e-4d41e99a633c/datanode-3/data/ratis] (custom)
2024-01-30 07:45:07,952 [55f20ed8-ad05-4879-9178-788b5883eeb3-groupManagement] INFO  storage.RaftStorageDirectory (RaftStorageDirectoryImpl.java:analyzeStorage(138)) - The storage directory /home/runner/work/ozone/ozone/hadoop-ozone/integration-test/target/test-dir/MiniOzoneClusterImpl-b74639a9-f624-491a-a51e-4d41e99a633c/datanode-3/data/ratis/4cf6885c-1486-46ce-8fed-b85ecf817262 does not exist. Creating ...
2024-01-30 07:45:07,954 [55f20ed8-ad05-4879-9178-788b5883eeb3-groupManagement] INFO  storage.RaftStorageDirectory (RaftStorageDirectoryImpl.java:tryLock(228)) - Lock on /home/runner/work/ozone/ozone/hadoop-ozone/integration-test/target/test-dir/MiniOzoneClusterImpl-b74639a9-f624-491a-a51e-4d41e99a633c/datanode-3/data/ratis/4cf6885c-1486-46ce-8fed-b85ecf817262/in_use.lock acquired by nodename 92995@fv-az1436-717
2024-01-30 07:45:07,955 [55f20ed8-ad05-4879-9178-788b5883eeb3-groupManagement] INFO  storage.RaftStorage (RaftStorageImpl.java:format(99)) - Storage directory /home/runner/work/ozone/ozone/hadoop-ozone/integration-test/target/test-dir/MiniOzoneClusterImpl-b74639a9-f624-491a-a51e-4d41e99a633c/datanode-3/data/ratis/4cf6885c-1486-46ce-8fed-b85ecf817262 has been successfully formatted.
2024-01-30 07:45:07,955 [55f20ed8-ad05-4879-9178-788b5883eeb3-groupManagement] WARN  util.FileUtils (LogUtils.java:supplyAndLog(63)) - Failed to Files.newInputStream /home/runner/work/ozone/ozone/hadoop-ozone/integration-test/target/test-dir/MiniOzoneClusterImpl-b74639a9-f624-491a-a51e-4d41e99a633c/datanode-3/data/ratis/4cf6885c-1486-46ce-8fed-b85ecf817262/current/raft-meta.conf with options []: java.nio.file.NoSuchFileException: /home/runner/work/ozone/ozone/hadoop-ozone/integration-test/target/test-dir/MiniOzoneClusterImpl-b74639a9-f624-491a-a51e-4d41e99a633c/datanode-3/data/ratis/4cf6885c-1486-46ce-8fed-b85ecf817262/current/raft-meta.conf
2024-01-30 07:45:07,956 [55f20ed8-ad05-4879-9178-788b5883eeb3-groupManagement] INFO  ratis.ContainerStateMachine (ContainerStateMachine.java:loadSnapshot(287)) - group-B85ECF817262: The snapshot info is null. Setting the last applied index to:(t:0, i:~)
2024-01-30 07:45:07,956 [55f20ed8-ad05-4879-9178-788b5883eeb3-groupManagement] INFO  server.RaftServerConfigKeys (ConfUtils.java:logGet(46)) - raft.server.log.use.memory = false (default)
2024-01-30 07:45:07,956 [55f20ed8-ad05-4879-9178-788b5883eeb3-groupManagement] INFO  server.RaftServerConfigKeys (ConfUtils.java:logGet(46)) - raft.server.log.purge.gap = 1000000 (custom)
2024-01-30 07:45:07,956 [55f20ed8-ad05-4879-9178-788b5883eeb3-groupManagement] INFO  server.RaftServerConfigKeys (ConfUtils.java:logGet(46)) - raft.server.log.appender.buffer.byte-limit = 8388608 (custom)
2024-01-30 07:45:07,956 [55f20ed8-ad05-4879-9178-788b5883eeb3-groupManagement] INFO  server.RaftServerConfigKeys (ConfUtils.java:logGet(46)) - raft.server.log.statemachine.data.read.timeout = 1000ms (default)
2024-01-30 07:45:07,956 [55f20ed8-ad05-4879-9178-788b5883eeb3-groupManagement] INFO  server.RaftServerConfigKeys (ConfUtils.java:logGet(46)) - raft.server.log.purge.preservation.log.num = 0 (default)
2024-01-30 07:45:07,958 [EventQueue-OpenPipelineForHealthyPipelineSafeModeRule] INFO  safemode.SCMSafeModeManager (HealthyPipelineSafeModeRule.java:process(140)) - SCM in safe mode. Healthy pipelines reported count is 0, required healthy pipeline reported count is 1
2024-01-30 07:45:07,964 [55f20ed8-ad05-4879-9178-788b5883eeb3-groupManagement] INFO  server.RaftServerConfigKeys (ConfUtils.java:logGet(46)) - raft.server.log.segment.size.max = 67108864 (custom)
2024-01-30 07:45:07,964 [55f20ed8-ad05-4879-9178-788b5883eeb3-groupManagement] INFO  server.RaftServerConfigKeys (ConfUtils.java:logGet(46)) - raft.server.log.segment.cache.num.max = 2 (custom)
2024-01-30 07:45:07,965 [55f20ed8-ad05-4879-9178-788b5883eeb3-groupManagement] INFO  server.RaftServerConfigKeys (ConfUtils.java:logGet(46)) - raft.server.log.segment.cache.size.max = 200MB (=209715200) (default)
2024-01-30 07:45:07,965 [55f20ed8-ad05-4879-9178-788b5883eeb3-groupManagement] INFO  server.RaftServerConfigKeys (ConfUtils.java:logGet(46)) - raft.server.log.appender.buffer.byte-limit = 8388608 (custom)
2024-01-30 07:45:07,969 [55f20ed8-ad05-4879-9178-788b5883eeb3-groupManagement] INFO  util.AwaitToRun (AwaitToRun.java:start(81)) - Thread[55f20ed8-ad05-4879-9178-788b5883eeb3@group-B85ECF817262-cacheEviction-AwaitToRun,5,main] started
2024-01-30 07:45:07,969 [55f20ed8-ad05-4879-9178-788b5883eeb3-groupManagement] INFO  segmented.SegmentedRaftLogWorker (SegmentedRaftLogWorker.java:<init>(182)) - new 55f20ed8-ad05-4879-9178-788b5883eeb3@group-B85ECF817262-SegmentedRaftLogWorker for RaftStorageImpl:Storage Directory /home/runner/work/ozone/ozone/hadoop-ozone/integration-test/target/test-dir/MiniOzoneClusterImpl-b74639a9-f624-491a-a51e-4d41e99a633c/datanode-3/data/ratis/4cf6885c-1486-46ce-8fed-b85ecf817262
2024-01-30 07:45:07,969 [55f20ed8-ad05-4879-9178-788b5883eeb3-groupManagement] INFO  server.RaftServerConfigKeys (ConfUtils.java:logGet(46)) - raft.server.log.queue.byte-limit = 4294967296 (custom)
2024-01-30 07:45:07,969 [55f20ed8-ad05-4879-9178-788b5883eeb3-groupManagement] INFO  server.RaftServerConfigKeys (ConfUtils.java:logGet(46)) - raft.server.log.queue.element-limit = 1024 (custom)
2024-01-30 07:45:07,969 [55f20ed8-ad05-4879-9178-788b5883eeb3-groupManagement] INFO  server.RaftServerConfigKeys (ConfUtils.java:logGet(46)) - raft.server.log.segment.size.max = 67108864 (custom)
2024-01-30 07:45:07,969 [55f20ed8-ad05-4879-9178-788b5883eeb3-groupManagement] INFO  server.RaftServerConfigKeys (ConfUtils.java:logGet(46)) - raft.server.log.preallocated.size = 4194304 (custom)
2024-01-30 07:45:07,969 [55f20ed8-ad05-4879-9178-788b5883eeb3-groupManagement] INFO  server.RaftServerConfigKeys (ConfUtils.java:logGet(46)) - raft.server.log.force.sync.num = 128 (default)
2024-01-30 07:45:07,969 [55f20ed8-ad05-4879-9178-788b5883eeb3-groupManagement] INFO  server.RaftServerConfigKeys (ConfUtils.java:logGet(46)) - raft.server.log.statemachine.data.sync = true (default)
2024-01-30 07:45:07,969 [55f20ed8-ad05-4879-9178-788b5883eeb3-groupManagement] INFO  server.RaftServerConfigKeys (ConfUtils.java:logGet(46)) - raft.server.log.statemachine.data.sync.timeout = 10s (default)
2024-01-30 07:45:07,969 [55f20ed8-ad05-4879-9178-788b5883eeb3-groupManagement] INFO  server.RaftServerConfigKeys (ConfUtils.java:logGet(46)) - raft.server.log.statemachine.data.sync.timeout.retry = 0 (custom)
2024-01-30 07:45:07,969 [55f20ed8-ad05-4879-9178-788b5883eeb3-groupManagement] INFO  server.RaftServerConfigKeys (ConfUtils.java:logGet(46)) - raft.server.log.write.buffer.size = 8388616 (custom)
2024-01-30 07:45:07,972 [55f20ed8-ad05-4879-9178-788b5883eeb3-groupManagement] INFO  server.RaftServerConfigKeys (ConfUtils.java:logGet(46)) - raft.server.log.appender.buffer.byte-limit = 8388608 (custom)
2024-01-30 07:45:07,973 [55f20ed8-ad05-4879-9178-788b5883eeb3-groupManagement] INFO  server.RaftServerConfigKeys (ConfUtils.java:logGet(46)) - raft.server.log.unsafe-flush.enabled = false (default)
2024-01-30 07:45:07,973 [55f20ed8-ad05-4879-9178-788b5883eeb3-groupManagement] INFO  server.RaftServerConfigKeys (ConfUtils.java:logGet(46)) - raft.server.log.async-flush.enabled = false (default)
2024-01-30 07:45:07,973 [55f20ed8-ad05-4879-9178-788b5883eeb3-groupManagement] INFO  server.RaftServerConfigKeys (ConfUtils.java:logGet(46)) - raft.server.log.statemachine.data.caching.enabled = true (custom)
2024-01-30 07:45:07,973 [55f20ed8-ad05-4879-9178-788b5883eeb3-groupManagement] INFO  segmented.SegmentedRaftLogWorker (SegmentedRaftLogWorker.java:lambda$new$0(134)) - 55f20ed8-ad05-4879-9178-788b5883eeb3@group-B85ECF817262-SegmentedRaftLogWorker: flushIndex: setUnconditionally 0 -> -1
2024-01-30 07:45:07,973 [55f20ed8-ad05-4879-9178-788b5883eeb3-groupManagement] INFO  segmented.SegmentedRaftLogWorker (SegmentedRaftLogWorker.java:lambda$new$0(134)) - 55f20ed8-ad05-4879-9178-788b5883eeb3@group-B85ECF817262-SegmentedRaftLogWorker: safeCacheEvictIndex: setUnconditionally 0 -> -1
2024-01-30 07:45:07,976 [55f20ed8-ad05-4879-9178-788b5883eeb3-groupManagement] INFO  server.RaftServer$Division (RaftServerImpl.java:start(396)) - 55f20ed8-ad05-4879-9178-788b5883eeb3@group-B85ECF817262: start as a follower, conf=-1: peers:[f4dc5428-8803-43b0-8e6b-8ffa99f16cef|10.1.0.48:15059, 55f20ed8-ad05-4879-9178-788b5883eeb3|10.1.0.48:15041, 6af36478-fafe-44e8-8f65-092a10613903|10.1.0.48:15050]|listeners:[], old=null
2024-01-30 07:45:07,977 [55f20ed8-ad05-4879-9178-788b5883eeb3-groupManagement] INFO  server.RaftServer$Division (RaftServerImpl.java:setRole(383)) - 55f20ed8-ad05-4879-9178-788b5883eeb3@group-B85ECF817262: changes role from      null to FOLLOWER at term 0 for startAsFollower
2024-01-30 07:45:07,977 [55f20ed8-ad05-4879-9178-788b5883eeb3-groupManagement] INFO  impl.RoleInfo (RoleInfo.java:updateAndGet(139)) - 55f20ed8-ad05-4879-9178-788b5883eeb3: start 55f20ed8-ad05-4879-9178-788b5883eeb3@group-B85ECF817262-FollowerState
2024-01-30 07:45:07,980 [55f20ed8-ad05-4879-9178-788b5883eeb3-groupManagement] INFO  util.JmxRegister (JmxRegister.java:tryRegister(44)) - Successfully registered JMX Bean with object name Ratis:service=RaftServer,group=group-B85ECF817262,id=55f20ed8-ad05-4879-9178-788b5883eeb3
2024-01-30 07:45:07,981 [55f20ed8-ad05-4879-9178-788b5883eeb3-groupManagement] INFO  server.RaftServerConfigKeys (ConfUtils.java:logGet(46)) - raft.server.snapshot.trigger-when-stop.enabled = true (default)
2024-01-30 07:45:07,981 [55f20ed8-ad05-4879-9178-788b5883eeb3-groupManagement] INFO  server.RaftServerConfigKeys (ConfUtils.java:logGet(46)) - raft.server.snapshot.auto.trigger.enabled = true (custom)
2024-01-30 07:45:07,981 [55f20ed8-ad05-4879-9178-788b5883eeb3-groupManagement] INFO  server.RaftServerConfigKeys (ConfUtils.java:logGet(46)) - raft.server.snapshot.auto.trigger.threshold = 10000 (custom)
2024-01-30 07:45:07,981 [55f20ed8-ad05-4879-9178-788b5883eeb3-groupManagement] INFO  server.RaftServerConfigKeys (ConfUtils.java:logGet(46)) - raft.server.snapshot.retention.file.num = 5 (custom)
2024-01-30 07:45:07,981 [55f20ed8-ad05-4879-9178-788b5883eeb3-groupManagement] INFO  server.RaftServerConfigKeys (ConfUtils.java:logGet(46)) - raft.server.log.purge.upto.snapshot.index = false (default)
2024-01-30 07:45:07,983 [55f20ed8-ad05-4879-9178-788b5883eeb3@group-B85ECF817262-FollowerState] INFO  server.RaftServerConfigKeys (ConfUtils.java:logFallback(53)) - raft.server.rpc.first-election.timeout.min = 5s (fallback to raft.server.rpc.timeout.min)
2024-01-30 07:45:07,983 [55f20ed8-ad05-4879-9178-788b5883eeb3@group-B85ECF817262-FollowerState] INFO  server.RaftServerConfigKeys (ConfUtils.java:logFallback(53)) - raft.server.rpc.first-election.timeout.max = 5200ms (fallback to raft.server.rpc.timeout.max)
2024-01-30 07:45:07,983 [55f20ed8-ad05-4879-9178-788b5883eeb3-PipelineCommandHandlerThread-0] INFO  ratis.XceiverServerRatis (XceiverServerRatis.java:addGroup(864)) - Created group PipelineID=4cf6885c-1486-46ce-8fed-b85ecf817262
2024-01-30 07:45:08,050 [grpc-default-executor-0] INFO  server.RaftServer (RaftServerProxy.java:addNew(100)) - 6af36478-fafe-44e8-8f65-092a10613903: addNew group-B85ECF817262:[f4dc5428-8803-43b0-8e6b-8ffa99f16cef|10.1.0.48:15059, 55f20ed8-ad05-4879-9178-788b5883eeb3|10.1.0.48:15041, 6af36478-fafe-44e8-8f65-092a10613903|10.1.0.48:15050] returns group-B85ECF817262:java.util.concurrent.CompletableFuture@6b517110[Not completed]
2024-01-30 07:45:08,051 [6af36478-fafe-44e8-8f65-092a10613903-groupManagement] INFO  server.RaftServer$Division (RaftServerImpl.java:<init>(256)) - 6af36478-fafe-44e8-8f65-092a10613903: new RaftServerImpl for group-B85ECF817262:[f4dc5428-8803-43b0-8e6b-8ffa99f16cef|10.1.0.48:15059, 55f20ed8-ad05-4879-9178-788b5883eeb3|10.1.0.48:15041, 6af36478-fafe-44e8-8f65-092a10613903|10.1.0.48:15050] with ContainerStateMachine:uninitialized
2024-01-30 07:45:08,051 [6af36478-fafe-44e8-8f65-092a10613903-groupManagement] INFO  server.RaftServerConfigKeys (ConfUtils.java:logGet(46)) - raft.server.rpc.timeout.min = 5s (custom)
2024-01-30 07:45:08,051 [6af36478-fafe-44e8-8f65-092a10613903-groupManagement] INFO  server.RaftServerConfigKeys (ConfUtils.java:logGet(46)) - raft.server.rpc.timeout.max = 5200ms (custom)
2024-01-30 07:45:08,051 [6af36478-fafe-44e8-8f65-092a10613903-groupManagement] INFO  server.RaftServerConfigKeys (ConfUtils.java:logGet(46)) - raft.server.rpc.sleep.time = 25ms (default)
2024-01-30 07:45:08,051 [6af36478-fafe-44e8-8f65-092a10613903-groupManagement] INFO  server.RaftServerConfigKeys (ConfUtils.java:logGet(46)) - raft.server.rpc.slowness.timeout = 300s (custom)
2024-01-30 07:45:08,052 [6af36478-fafe-44e8-8f65-092a10613903-groupManagement] INFO  server.RaftServerConfigKeys (ConfUtils.java:logGet(46)) - raft.server.leaderelection.leader.step-down.wait-time = 10s (default)
2024-01-30 07:45:08,052 [6af36478-fafe-44e8-8f65-092a10613903-groupManagement] INFO  server.RaftServerConfigKeys (ConfUtils.java:logGet(46)) - raft.server.leaderelection.member.majority-add = false (default)
2024-01-30 07:45:08,052 [6af36478-fafe-44e8-8f65-092a10613903-groupManagement] INFO  server.RaftServerConfigKeys (ConfUtils.java:logGet(46)) - raft.server.sleep.deviation.threshold = 300ms (default)
2024-01-30 07:45:08,052 [6af36478-fafe-44e8-8f65-092a10613903-groupManagement] INFO  server.RaftServer$Division (ServerState.java:<init>(113)) - 6af36478-fafe-44e8-8f65-092a10613903@group-B85ECF817262: ConfigurationManager, init=-1: peers:[f4dc5428-8803-43b0-8e6b-8ffa99f16cef|10.1.0.48:15059, 55f20ed8-ad05-4879-9178-788b5883eeb3|10.1.0.48:15041, 6af36478-fafe-44e8-8f65-092a10613903|10.1.0.48:15050]|listeners:[], old=null, confs=<EMPTY_MAP>
2024-01-30 07:45:08,052 [6af36478-fafe-44e8-8f65-092a10613903-groupManagement] INFO  server.RaftServerConfigKeys (ConfUtils.java:logGet(46)) - raft.server.notification.no-leader.timeout = 300s (custom)
2024-01-30 07:45:08,052 [6af36478-fafe-44e8-8f65-092a10613903-groupManagement] INFO  server.RaftServerConfigKeys (ConfUtils.java:logGet(46)) - raft.server.read.timeout = 10s (default)
2024-01-30 07:45:08,052 [6af36478-fafe-44e8-8f65-092a10613903-groupManagement] INFO  server.RaftServerConfigKeys (ConfUtils.java:logGet(46)) - raft.server.retrycache.expirytime = 600000ms (custom)
2024-01-30 07:45:08,053 [6af36478-fafe-44e8-8f65-092a10613903-groupManagement] INFO  server.RaftServerConfigKeys (ConfUtils.java:logGet(46)) - raft.server.retrycache.statistics.expirytime = 100ms (default)
2024-01-30 07:45:08,053 [6af36478-fafe-44e8-8f65-092a10613903-groupManagement] INFO  server.RaftServerConfigKeys (ConfUtils.java:logGet(46)) - raft.server.read.option = DEFAULT (default)
2024-01-30 07:45:08,053 [6af36478-fafe-44e8-8f65-092a10613903-groupManagement] INFO  server.RaftServerConfigKeys (ConfUtils.java:logGet(46)) - raft.server.read.read-after-write-consistent.write-index-cache.expiry-time = 60s (default)
2024-01-30 07:45:08,066 [6af36478-fafe-44e8-8f65-092a10613903-groupManagement] INFO  server.RaftServerConfigKeys (ConfUtils.java:logGet(46)) - raft.server.rpc.request.timeout = 60s (custom)
2024-01-30 07:45:08,067 [6af36478-fafe-44e8-8f65-092a10613903-groupManagement] INFO  server.RaftServerConfigKeys (ConfUtils.java:logGet(46)) - raft.server.log.appender.install.snapshot.enabled = false (custom)
2024-01-30 07:45:08,067 [6af36478-fafe-44e8-8f65-092a10613903-groupManagement] INFO  server.RaftServerConfigKeys (ConfUtils.java:logGet(46)) - raft.server.threadpool.server.cached = true (default)
2024-01-30 07:45:08,067 [6af36478-fafe-44e8-8f65-092a10613903-groupManagement] INFO  server.RaftServerConfigKeys (ConfUtils.java:logGet(46)) - raft.server.threadpool.server.size = 0 (default)
2024-01-30 07:45:08,067 [6af36478-fafe-44e8-8f65-092a10613903-groupManagement] INFO  server.RaftServerConfigKeys (ConfUtils.java:logGet(46)) - raft.server.threadpool.client.cached = true (default)
2024-01-30 07:45:08,067 [6af36478-fafe-44e8-8f65-092a10613903-groupManagement] INFO  server.RaftServerConfigKeys (ConfUtils.java:logGet(46)) - raft.server.threadpool.client.size = 0 (default)
2024-01-30 07:45:08,067 [6af36478-fafe-44e8-8f65-092a10613903-groupManagement] INFO  server.RaftServerConfigKeys (ConfUtils.java:logGet(46)) - raft.server.storage.free-space.min = 0MB (=0) (default)
2024-01-30 07:45:08,067 [6af36478-fafe-44e8-8f65-092a10613903-groupManagement] INFO  server.RaftServerConfigKeys (ConfUtils.java:logGet(46)) - raft.server.log.corruption.policy = EXCEPTION (default)
2024-01-30 07:45:08,067 [6af36478-fafe-44e8-8f65-092a10613903-groupManagement] INFO  server.RaftServerConfigKeys (ConfUtils.java:logGet(46)) - raft.server.storage.dir = [/home/runner/work/ozone/ozone/hadoop-ozone/integration-test/target/test-dir/MiniOzoneClusterImpl-b74639a9-f624-491a-a51e-4d41e99a633c/datanode-4/data/ratis] (custom)
2024-01-30 07:45:08,067 [6af36478-fafe-44e8-8f65-092a10613903-groupManagement] INFO  storage.RaftStorageDirectory (RaftStorageDirectoryImpl.java:analyzeStorage(138)) - The storage directory /home/runner/work/ozone/ozone/hadoop-ozone/integration-test/target/test-dir/MiniOzoneClusterImpl-b74639a9-f624-491a-a51e-4d41e99a633c/datanode-4/data/ratis/4cf6885c-1486-46ce-8fed-b85ecf817262 does not exist. Creating ...
2024-01-30 07:45:08,069 [6af36478-fafe-44e8-8f65-092a10613903-PipelineCommandHandlerThread-0] INFO  server.RaftServer (RaftServerProxy.java:addNew(100)) - 6af36478-fafe-44e8-8f65-092a10613903: addNew group-2B83B386884B:[6af36478-fafe-44e8-8f65-092a10613903|10.1.0.48:15050] returns group-2B83B386884B:java.util.concurrent.CompletableFuture@2d64f67c[Not completed]
2024-01-30 07:45:08,069 [6af36478-fafe-44e8-8f65-092a10613903-groupManagement] INFO  storage.RaftStorageDirectory (RaftStorageDirectoryImpl.java:tryLock(228)) - Lock on /home/runner/work/ozone/ozone/hadoop-ozone/integration-test/target/test-dir/MiniOzoneClusterImpl-b74639a9-f624-491a-a51e-4d41e99a633c/datanode-4/data/ratis/4cf6885c-1486-46ce-8fed-b85ecf817262/in_use.lock acquired by nodename 92995@fv-az1436-717
2024-01-30 07:45:08,071 [6af36478-fafe-44e8-8f65-092a10613903-groupManagement] INFO  storage.RaftStorage (RaftStorageImpl.java:format(99)) - Storage directory /home/runner/work/ozone/ozone/hadoop-ozone/integration-test/target/test-dir/MiniOzoneClusterImpl-b74639a9-f624-491a-a51e-4d41e99a633c/datanode-4/data/ratis/4cf6885c-1486-46ce-8fed-b85ecf817262 has been successfully formatted.
2024-01-30 07:45:08,071 [6af36478-fafe-44e8-8f65-092a10613903-groupManagement] WARN  util.FileUtils (LogUtils.java:supplyAndLog(63)) - Failed to Files.newInputStream /home/runner/work/ozone/ozone/hadoop-ozone/integration-test/target/test-dir/MiniOzoneClusterImpl-b74639a9-f624-491a-a51e-4d41e99a633c/datanode-4/data/ratis/4cf6885c-1486-46ce-8fed-b85ecf817262/current/raft-meta.conf with options []: java.nio.file.NoSuchFileException: /home/runner/work/ozone/ozone/hadoop-ozone/integration-test/target/test-dir/MiniOzoneClusterImpl-b74639a9-f624-491a-a51e-4d41e99a633c/datanode-4/data/ratis/4cf6885c-1486-46ce-8fed-b85ecf817262/current/raft-meta.conf
2024-01-30 07:45:08,072 [6af36478-fafe-44e8-8f65-092a10613903-groupManagement] INFO  ratis.ContainerStateMachine (ContainerStateMachine.java:loadSnapshot(287)) - group-B85ECF817262: The snapshot info is null. Setting the last applied index to:(t:0, i:~)
2024-01-30 07:45:08,072 [6af36478-fafe-44e8-8f65-092a10613903-groupManagement] INFO  server.RaftServerConfigKeys (ConfUtils.java:logGet(46)) - raft.server.log.use.memory = false (default)
2024-01-30 07:45:08,072 [6af36478-fafe-44e8-8f65-092a10613903-groupManagement] INFO  server.RaftServerConfigKeys (ConfUtils.java:logGet(46)) - raft.server.log.purge.gap = 1000000 (custom)
2024-01-30 07:45:08,072 [6af36478-fafe-44e8-8f65-092a10613903-groupManagement] INFO  server.RaftServerConfigKeys (ConfUtils.java:logGet(46)) - raft.server.log.appender.buffer.byte-limit = 8388608 (custom)
2024-01-30 07:45:08,072 [6af36478-fafe-44e8-8f65-092a10613903-groupManagement] INFO  server.RaftServerConfigKeys (ConfUtils.java:logGet(46)) - raft.server.log.statemachine.data.read.timeout = 1000ms (default)
2024-01-30 07:45:08,072 [6af36478-fafe-44e8-8f65-092a10613903-groupManagement] INFO  server.RaftServerConfigKeys (ConfUtils.java:logGet(46)) - raft.server.log.purge.preservation.log.num = 0 (default)
2024-01-30 07:45:08,076 [6af36478-fafe-44e8-8f65-092a10613903-groupManagement] INFO  server.RaftServerConfigKeys (ConfUtils.java:logGet(46)) - raft.server.log.segment.size.max = 67108864 (custom)
2024-01-30 07:45:08,077 [6af36478-fafe-44e8-8f65-092a10613903-groupManagement] INFO  server.RaftServerConfigKeys (ConfUtils.java:logGet(46)) - raft.server.log.segment.cache.num.max = 2 (custom)
2024-01-30 07:45:08,077 [6af36478-fafe-44e8-8f65-092a10613903-groupManagement] INFO  server.RaftServerConfigKeys (ConfUtils.java:logGet(46)) - raft.server.log.segment.cache.size.max = 200MB (=209715200) (default)
2024-01-30 07:45:08,078 [6af36478-fafe-44e8-8f65-092a10613903-groupManagement] INFO  server.RaftServerConfigKeys (ConfUtils.java:logGet(46)) - raft.server.log.appender.buffer.byte-limit = 8388608 (custom)
2024-01-30 07:45:08,077 [EventQueue-PipelineReportForPipelineReportHandler] INFO  pipeline.PipelineReportHandler (PipelineReportHandler.java:processPipelineReport(136)) - Opened pipeline PipelineID=c049b9fe-84eb-4f8c-bf6c-2b83b386884b
2024-01-30 07:45:08,083 [EventQueue-OpenPipelineForHealthyPipelineSafeModeRule] INFO  safemode.SCMSafeModeManager (HealthyPipelineSafeModeRule.java:process(140)) - SCM in safe mode. Healthy pipelines reported count is 0, required healthy pipeline reported count is 1
2024-01-30 07:45:08,083 [6af36478-fafe-44e8-8f65-092a10613903-groupManagement] INFO  util.AwaitToRun (AwaitToRun.java:start(81)) - Thread[6af36478-fafe-44e8-8f65-092a10613903@group-B85ECF817262-cacheEviction-AwaitToRun,5,main] started
2024-01-30 07:45:08,084 [6af36478-fafe-44e8-8f65-092a10613903-groupManagement] INFO  segmented.SegmentedRaftLogWorker (SegmentedRaftLogWorker.java:<init>(182)) - new 6af36478-fafe-44e8-8f65-092a10613903@group-B85ECF817262-SegmentedRaftLogWorker for RaftStorageImpl:Storage Directory /home/runner/work/ozone/ozone/hadoop-ozone/integration-test/target/test-dir/MiniOzoneClusterImpl-b74639a9-f624-491a-a51e-4d41e99a633c/datanode-4/data/ratis/4cf6885c-1486-46ce-8fed-b85ecf817262
2024-01-30 07:45:08,084 [6af36478-fafe-44e8-8f65-092a10613903-groupManagement] INFO  server.RaftServerConfigKeys (ConfUtils.java:logGet(46)) - raft.server.log.queue.byte-limit = 4294967296 (custom)
2024-01-30 07:45:08,084 [6af36478-fafe-44e8-8f65-092a10613903-groupManagement] INFO  server.RaftServerConfigKeys (ConfUtils.java:logGet(46)) - raft.server.log.queue.element-limit = 1024 (custom)
2024-01-30 07:45:08,085 [6af36478-fafe-44e8-8f65-092a10613903-groupManagement] INFO  server.RaftServerConfigKeys (ConfUtils.java:logGet(46)) - raft.server.log.segment.size.max = 67108864 (custom)
2024-01-30 07:45:08,085 [6af36478-fafe-44e8-8f65-092a10613903-groupManagement] INFO  server.RaftServerConfigKeys (ConfUtils.java:logGet(46)) - raft.server.log.preallocated.size = 4194304 (custom)
2024-01-30 07:45:08,085 [6af36478-fafe-44e8-8f65-092a10613903-groupManagement] INFO  server.RaftServerConfigKeys (ConfUtils.java:logGet(46)) - raft.server.log.force.sync.num = 128 (default)
2024-01-30 07:45:08,085 [6af36478-fafe-44e8-8f65-092a10613903-groupManagement] INFO  server.RaftServerConfigKeys (ConfUtils.java:logGet(46)) - raft.server.log.statemachine.data.sync = true (default)
2024-01-30 07:45:08,085 [6af36478-fafe-44e8-8f65-092a10613903-groupManagement] INFO  server.RaftServerConfigKeys (ConfUtils.java:logGet(46)) - raft.server.log.statemachine.data.sync.timeout = 10s (default)
2024-01-30 07:45:08,085 [6af36478-fafe-44e8-8f65-092a10613903-groupManagement] INFO  server.RaftServerConfigKeys (ConfUtils.java:logGet(46)) - raft.server.log.statemachine.data.sync.timeout.retry = 0 (custom)
2024-01-30 07:45:08,085 [6af36478-fafe-44e8-8f65-092a10613903-groupManagement] INFO  server.RaftServerConfigKeys (ConfUtils.java:logGet(46)) - raft.server.log.write.buffer.size = 8388616 (custom)
2024-01-30 07:45:08,090 [6af36478-fafe-44e8-8f65-092a10613903-groupManagement] INFO  server.RaftServerConfigKeys (ConfUtils.java:logGet(46)) - raft.server.log.appender.buffer.byte-limit = 8388608 (custom)
2024-01-30 07:45:08,090 [6af36478-fafe-44e8-8f65-092a10613903-groupManagement] INFO  server.RaftServerConfigKeys (ConfUtils.java:logGet(46)) - raft.server.log.unsafe-flush.enabled = false (default)
2024-01-30 07:45:08,090 [6af36478-fafe-44e8-8f65-092a10613903-groupManagement] INFO  server.RaftServerConfigKeys (ConfUtils.java:logGet(46)) - raft.server.log.async-flush.enabled = false (default)
2024-01-30 07:45:08,090 [6af36478-fafe-44e8-8f65-092a10613903-groupManagement] INFO  server.RaftServerConfigKeys (ConfUtils.java:logGet(46)) - raft.server.log.statemachine.data.caching.enabled = true (custom)
2024-01-30 07:45:08,091 [6af36478-fafe-44e8-8f65-092a10613903-groupManagement] INFO  segmented.SegmentedRaftLogWorker (SegmentedRaftLogWorker.java:lambda$new$0(134)) - 6af36478-fafe-44e8-8f65-092a10613903@group-B85ECF817262-SegmentedRaftLogWorker: flushIndex: setUnconditionally 0 -> -1
2024-01-30 07:45:08,093 [6af36478-fafe-44e8-8f65-092a10613903-groupManagement] INFO  segmented.SegmentedRaftLogWorker (SegmentedRaftLogWorker.java:lambda$new$0(134)) - 6af36478-fafe-44e8-8f65-092a10613903@group-B85ECF817262-SegmentedRaftLogWorker: safeCacheEvictIndex: setUnconditionally 0 -> -1
2024-01-30 07:45:08,093 [6af36478-fafe-44e8-8f65-092a10613903-groupManagement] INFO  server.RaftServer$Division (RaftServerImpl.java:start(396)) - 6af36478-fafe-44e8-8f65-092a10613903@group-B85ECF817262: start as a follower, conf=-1: peers:[f4dc5428-8803-43b0-8e6b-8ffa99f16cef|10.1.0.48:15059, 55f20ed8-ad05-4879-9178-788b5883eeb3|10.1.0.48:15041, 6af36478-fafe-44e8-8f65-092a10613903|10.1.0.48:15050]|listeners:[], old=null
2024-01-30 07:45:08,093 [6af36478-fafe-44e8-8f65-092a10613903-groupManagement] INFO  server.RaftServer$Division (RaftServerImpl.java:setRole(383)) - 6af36478-fafe-44e8-8f65-092a10613903@group-B85ECF817262: changes role from      null to FOLLOWER at term 0 for startAsFollower
2024-01-30 07:45:08,093 [6af36478-fafe-44e8-8f65-092a10613903-groupManagement] INFO  impl.RoleInfo (RoleInfo.java:updateAndGet(139)) - 6af36478-fafe-44e8-8f65-092a10613903: start 6af36478-fafe-44e8-8f65-092a10613903@group-B85ECF817262-FollowerState
2024-01-30 07:45:08,095 [6af36478-fafe-44e8-8f65-092a10613903-groupManagement] INFO  util.JmxRegister (JmxRegister.java:tryRegister(44)) - Successfully registered JMX Bean with object name Ratis:service=RaftServer,group=group-B85ECF817262,id=6af36478-fafe-44e8-8f65-092a10613903
2024-01-30 07:45:08,095 [6af36478-fafe-44e8-8f65-092a10613903-groupManagement] INFO  server.RaftServerConfigKeys (ConfUtils.java:logGet(46)) - raft.server.snapshot.trigger-when-stop.enabled = true (default)
2024-01-30 07:45:08,095 [6af36478-fafe-44e8-8f65-092a10613903-groupManagement] INFO  server.RaftServerConfigKeys (ConfUtils.java:logGet(46)) - raft.server.snapshot.auto.trigger.enabled = true (custom)
2024-01-30 07:45:08,095 [6af36478-fafe-44e8-8f65-092a10613903-groupManagement] INFO  server.RaftServerConfigKeys (ConfUtils.java:logGet(46)) - raft.server.snapshot.auto.trigger.threshold = 10000 (custom)
2024-01-30 07:45:08,096 [6af36478-fafe-44e8-8f65-092a10613903-groupManagement] INFO  server.RaftServerConfigKeys (ConfUtils.java:logGet(46)) - raft.server.snapshot.retention.file.num = 5 (custom)
2024-01-30 07:45:08,096 [6af36478-fafe-44e8-8f65-092a10613903-groupManagement] INFO  server.RaftServerConfigKeys (ConfUtils.java:logGet(46)) - raft.server.log.purge.upto.snapshot.index = false (default)
2024-01-30 07:45:08,097 [6af36478-fafe-44e8-8f65-092a10613903@group-B85ECF817262-FollowerState] INFO  server.RaftServerConfigKeys (ConfUtils.java:logFallback(53)) - raft.server.rpc.first-election.timeout.min = 5s (fallback to raft.server.rpc.timeout.min)
2024-01-30 07:45:08,097 [6af36478-fafe-44e8-8f65-092a10613903@group-B85ECF817262-FollowerState] INFO  server.RaftServerConfigKeys (ConfUtils.java:logFallback(53)) - raft.server.rpc.first-election.timeout.max = 5200ms (fallback to raft.server.rpc.timeout.max)
2024-01-30 07:45:08,137 [68b35bab-6033-4329-aa6c-21b57b93715a-PipelineCommandHandlerThread-0] INFO  commandhandler.CreatePipelineCommandHandler (CreatePipelineCommandHandler.java:lambda$handle$2(124)) - Created Pipeline RATIS THREE PipelineID=4724f419-527a-4595-b49d-fc27df658e49.
2024-01-30 07:45:08,138 [68b35bab-6033-4329-aa6c-21b57b93715a-PipelineCommandHandlerThread-0] INFO  server.RaftServer (RaftServerProxy.java:addNew(100)) - 68b35bab-6033-4329-aa6c-21b57b93715a: addNew group-511431F77EF9:[eae9be92-4231-488a-b42d-6128b74e9292|10.1.0.48:15023, bf3622ab-3fe7-408a-b5e0-736b392a243c|10.1.0.48:15032, 68b35bab-6033-4329-aa6c-21b57b93715a|10.1.0.48:15014] returns group-511431F77EF9:java.util.concurrent.CompletableFuture@7d3f2876[Not completed]
2024-01-30 07:45:08,139 [68b35bab-6033-4329-aa6c-21b57b93715a-groupManagement] INFO  server.RaftServer$Division (RaftServerImpl.java:<init>(256)) - 68b35bab-6033-4329-aa6c-21b57b93715a: new RaftServerImpl for group-511431F77EF9:[eae9be92-4231-488a-b42d-6128b74e9292|10.1.0.48:15023, bf3622ab-3fe7-408a-b5e0-736b392a243c|10.1.0.48:15032, 68b35bab-6033-4329-aa6c-21b57b93715a|10.1.0.48:15014] with ContainerStateMachine:uninitialized
2024-01-30 07:45:08,139 [68b35bab-6033-4329-aa6c-21b57b93715a-groupManagement] INFO  server.RaftServerConfigKeys (ConfUtils.java:logGet(46)) - raft.server.rpc.timeout.min = 5s (custom)
2024-01-30 07:45:08,139 [68b35bab-6033-4329-aa6c-21b57b93715a-groupManagement] INFO  server.RaftServerConfigKeys (ConfUtils.java:logGet(46)) - raft.server.rpc.timeout.max = 5200ms (custom)
2024-01-30 07:45:08,139 [68b35bab-6033-4329-aa6c-21b57b93715a-groupManagement] INFO  server.RaftServerConfigKeys (ConfUtils.java:logGet(46)) - raft.server.rpc.sleep.time = 25ms (default)
2024-01-30 07:45:08,139 [68b35bab-6033-4329-aa6c-21b57b93715a-groupManagement] INFO  server.RaftServerConfigKeys (ConfUtils.java:logGet(46)) - raft.server.rpc.slowness.timeout = 300s (custom)
2024-01-30 07:45:08,139 [68b35bab-6033-4329-aa6c-21b57b93715a-groupManagement] INFO  server.RaftServerConfigKeys (ConfUtils.java:logGet(46)) - raft.server.leaderelection.leader.step-down.wait-time = 10s (default)
2024-01-30 07:45:08,139 [68b35bab-6033-4329-aa6c-21b57b93715a-groupManagement] INFO  server.RaftServerConfigKeys (ConfUtils.java:logGet(46)) - raft.server.leaderelection.member.majority-add = false (default)
2024-01-30 07:45:08,139 [68b35bab-6033-4329-aa6c-21b57b93715a-groupManagement] INFO  server.RaftServerConfigKeys (ConfUtils.java:logGet(46)) - raft.server.sleep.deviation.threshold = 300ms (default)
2024-01-30 07:45:08,140 [68b35bab-6033-4329-aa6c-21b57b93715a-groupManagement] INFO  server.RaftServer$Division (ServerState.java:<init>(113)) - 68b35bab-6033-4329-aa6c-21b57b93715a@group-511431F77EF9: ConfigurationManager, init=-1: peers:[eae9be92-4231-488a-b42d-6128b74e9292|10.1.0.48:15023, bf3622ab-3fe7-408a-b5e0-736b392a243c|10.1.0.48:15032, 68b35bab-6033-4329-aa6c-21b57b93715a|10.1.0.48:15014]|listeners:[], old=null, confs=<EMPTY_MAP>
2024-01-30 07:45:08,144 [bf3622ab-3fe7-408a-b5e0-736b392a243c-PipelineCommandHandlerThread-0] INFO  commandhandler.CreatePipelineCommandHandler (CreatePipelineCommandHandler.java:lambda$handle$2(124)) - Created Pipeline RATIS THREE PipelineID=4724f419-527a-4595-b49d-fc27df658e49.
2024-01-30 07:45:08,145 [eae9be92-4231-488a-b42d-6128b74e9292-PipelineCommandHandlerThread-0] INFO  commandhandler.CreatePipelineCommandHandler (CreatePipelineCommandHandler.java:lambda$handle$2(124)) - Created Pipeline RATIS THREE PipelineID=4724f419-527a-4595-b49d-fc27df658e49.
2024-01-30 07:45:08,145 [eae9be92-4231-488a-b42d-6128b74e9292-PipelineCommandHandlerThread-0] INFO  server.RaftServer (RaftServerProxy.java:addNew(100)) - eae9be92-4231-488a-b42d-6128b74e9292: addNew group-511431F77EF9:[eae9be92-4231-488a-b42d-6128b74e9292|10.1.0.48:15023, bf3622ab-3fe7-408a-b5e0-736b392a243c|10.1.0.48:15032, 68b35bab-6033-4329-aa6c-21b57b93715a|10.1.0.48:15014] returns group-511431F77EF9:java.util.concurrent.CompletableFuture@2691c126[Not completed]
2024-01-30 07:45:08,145 [bf3622ab-3fe7-408a-b5e0-736b392a243c-PipelineCommandHandlerThread-0] INFO  server.RaftServer (RaftServerProxy.java:addNew(100)) - bf3622ab-3fe7-408a-b5e0-736b392a243c: addNew group-511431F77EF9:[eae9be92-4231-488a-b42d-6128b74e9292|10.1.0.48:15023, bf3622ab-3fe7-408a-b5e0-736b392a243c|10.1.0.48:15032, 68b35bab-6033-4329-aa6c-21b57b93715a|10.1.0.48:15014] returns group-511431F77EF9:java.util.concurrent.CompletableFuture@415c741a[Not completed]
2024-01-30 07:45:08,146 [eae9be92-4231-488a-b42d-6128b74e9292-groupManagement] INFO  server.RaftServer$Division (RaftServerImpl.java:<init>(256)) - eae9be92-4231-488a-b42d-6128b74e9292: new RaftServerImpl for group-511431F77EF9:[eae9be92-4231-488a-b42d-6128b74e9292|10.1.0.48:15023, bf3622ab-3fe7-408a-b5e0-736b392a243c|10.1.0.48:15032, 68b35bab-6033-4329-aa6c-21b57b93715a|10.1.0.48:15014] with ContainerStateMachine:uninitialized
2024-01-30 07:45:08,146 [eae9be92-4231-488a-b42d-6128b74e9292-groupManagement] INFO  server.RaftServerConfigKeys (ConfUtils.java:logGet(46)) - raft.server.rpc.timeout.min = 5s (custom)
2024-01-30 07:45:08,146 [eae9be92-4231-488a-b42d-6128b74e9292-groupManagement] INFO  server.RaftServerConfigKeys (ConfUtils.java:logGet(46)) - raft.server.rpc.timeout.max = 5200ms (custom)
2024-01-30 07:45:08,146 [eae9be92-4231-488a-b42d-6128b74e9292-groupManagement] INFO  server.RaftServerConfigKeys (ConfUtils.java:logGet(46)) - raft.server.rpc.sleep.time = 25ms (default)
2024-01-30 07:45:08,146 [eae9be92-4231-488a-b42d-6128b74e9292-groupManagement] INFO  server.RaftServerConfigKeys (ConfUtils.java:logGet(46)) - raft.server.rpc.slowness.timeout = 300s (custom)
2024-01-30 07:45:08,146 [eae9be92-4231-488a-b42d-6128b74e9292-groupManagement] INFO  server.RaftServerConfigKeys (ConfUtils.java:logGet(46)) - raft.server.leaderelection.leader.step-down.wait-time = 10s (default)
2024-01-30 07:45:08,146 [eae9be92-4231-488a-b42d-6128b74e9292-groupManagement] INFO  server.RaftServerConfigKeys (ConfUtils.java:logGet(46)) - raft.server.leaderelection.member.majority-add = false (default)
2024-01-30 07:45:08,146 [eae9be92-4231-488a-b42d-6128b74e9292-groupManagement] INFO  server.RaftServerConfigKeys (ConfUtils.java:logGet(46)) - raft.server.sleep.deviation.threshold = 300ms (default)
2024-01-30 07:45:08,146 [eae9be92-4231-488a-b42d-6128b74e9292-groupManagement] INFO  server.RaftServer$Division (ServerState.java:<init>(113)) - eae9be92-4231-488a-b42d-6128b74e9292@group-511431F77EF9: ConfigurationManager, init=-1: peers:[eae9be92-4231-488a-b42d-6128b74e9292|10.1.0.48:15023, bf3622ab-3fe7-408a-b5e0-736b392a243c|10.1.0.48:15032, 68b35bab-6033-4329-aa6c-21b57b93715a|10.1.0.48:15014]|listeners:[], old=null, confs=<EMPTY_MAP>
2024-01-30 07:45:08,147 [eae9be92-4231-488a-b42d-6128b74e9292-groupManagement] INFO  server.RaftServerConfigKeys (ConfUtils.java:logGet(46)) - raft.server.notification.no-leader.timeout = 300s (custom)
2024-01-30 07:45:08,147 [eae9be92-4231-488a-b42d-6128b74e9292-groupManagement] INFO  server.RaftServerConfigKeys (ConfUtils.java:logGet(46)) - raft.server.read.timeout = 10s (default)
2024-01-30 07:45:08,147 [eae9be92-4231-488a-b42d-6128b74e9292-groupManagement] INFO  server.RaftServerConfigKeys (ConfUtils.java:logGet(46)) - raft.server.retrycache.expirytime = 600000ms (custom)
2024-01-30 07:45:08,147 [eae9be92-4231-488a-b42d-6128b74e9292-groupManagement] INFO  server.RaftServerConfigKeys (ConfUtils.java:logGet(46)) - raft.server.retrycache.statistics.expirytime = 100ms (default)
2024-01-30 07:45:08,147 [eae9be92-4231-488a-b42d-6128b74e9292-groupManagement] INFO  server.RaftServerConfigKeys (ConfUtils.java:logGet(46)) - raft.server.read.option = DEFAULT (default)
2024-01-30 07:45:08,147 [eae9be92-4231-488a-b42d-6128b74e9292-groupManagement] INFO  server.RaftServerConfigKeys (ConfUtils.java:logGet(46)) - raft.server.read.read-after-write-consistent.write-index-cache.expiry-time = 60s (default)
2024-01-30 07:45:08,151 [bf3622ab-3fe7-408a-b5e0-736b392a243c-groupManagement] INFO  server.RaftServer$Division (RaftServerImpl.java:<init>(256)) - bf3622ab-3fe7-408a-b5e0-736b392a243c: new RaftServerImpl for group-511431F77EF9:[eae9be92-4231-488a-b42d-6128b74e9292|10.1.0.48:15023, bf3622ab-3fe7-408a-b5e0-736b392a243c|10.1.0.48:15032, 68b35bab-6033-4329-aa6c-21b57b93715a|10.1.0.48:15014] with ContainerStateMachine:uninitialized
2024-01-30 07:45:08,151 [bf3622ab-3fe7-408a-b5e0-736b392a243c-groupManagement] INFO  server.RaftServerConfigKeys (ConfUtils.java:logGet(46)) - raft.server.rpc.timeout.min = 5s (custom)
2024-01-30 07:45:08,151 [bf3622ab-3fe7-408a-b5e0-736b392a243c-groupManagement] INFO  server.RaftServerConfigKeys (ConfUtils.java:logGet(46)) - raft.server.rpc.timeout.max = 5200ms (custom)
2024-01-30 07:45:08,151 [bf3622ab-3fe7-408a-b5e0-736b392a243c-groupManagement] INFO  server.RaftServerConfigKeys (ConfUtils.java:logGet(46)) - raft.server.rpc.sleep.time = 25ms (default)
2024-01-30 07:45:08,151 [bf3622ab-3fe7-408a-b5e0-736b392a243c-groupManagement] INFO  server.RaftServerConfigKeys (ConfUtils.java:logGet(46)) - raft.server.rpc.slowness.timeout = 300s (custom)
2024-01-30 07:45:08,151 [bf3622ab-3fe7-408a-b5e0-736b392a243c-groupManagement] INFO  server.RaftServerConfigKeys (ConfUtils.java:logGet(46)) - raft.server.leaderelection.leader.step-down.wait-time = 10s (default)
2024-01-30 07:45:08,151 [bf3622ab-3fe7-408a-b5e0-736b392a243c-groupManagement] INFO  server.RaftServerConfigKeys (ConfUtils.java:logGet(46)) - raft.server.leaderelection.member.majority-add = false (default)
2024-01-30 07:45:08,151 [bf3622ab-3fe7-408a-b5e0-736b392a243c-groupManagement] INFO  server.RaftServerConfigKeys (ConfUtils.java:logGet(46)) - raft.server.sleep.deviation.threshold = 300ms (default)
2024-01-30 07:45:08,151 [bf3622ab-3fe7-408a-b5e0-736b392a243c-groupManagement] INFO  server.RaftServer$Division (ServerState.java:<init>(113)) - bf3622ab-3fe7-408a-b5e0-736b392a243c@group-511431F77EF9: ConfigurationManager, init=-1: peers:[eae9be92-4231-488a-b42d-6128b74e9292|10.1.0.48:15023, bf3622ab-3fe7-408a-b5e0-736b392a243c|10.1.0.48:15032, 68b35bab-6033-4329-aa6c-21b57b93715a|10.1.0.48:15014]|listeners:[], old=null, confs=<EMPTY_MAP>
2024-01-30 07:45:08,151 [bf3622ab-3fe7-408a-b5e0-736b392a243c-groupManagement] INFO  server.RaftServerConfigKeys (ConfUtils.java:logGet(46)) - raft.server.notification.no-leader.timeout = 300s (custom)
2024-01-30 07:45:08,151 [bf3622ab-3fe7-408a-b5e0-736b392a243c-groupManagement] INFO  server.RaftServerConfigKeys (ConfUtils.java:logGet(46)) - raft.server.read.timeout = 10s (default)
2024-01-30 07:45:08,151 [bf3622ab-3fe7-408a-b5e0-736b392a243c-groupManagement] INFO  server.RaftServerConfigKeys (ConfUtils.java:logGet(46)) - raft.server.retrycache.expirytime = 600000ms (custom)
2024-01-30 07:45:08,151 [bf3622ab-3fe7-408a-b5e0-736b392a243c-groupManagement] INFO  server.RaftServerConfigKeys (ConfUtils.java:logGet(46)) - raft.server.retrycache.statistics.expirytime = 100ms (default)
2024-01-30 07:45:08,152 [bf3622ab-3fe7-408a-b5e0-736b392a243c-groupManagement] INFO  server.RaftServerConfigKeys (ConfUtils.java:logGet(46)) - raft.server.read.option = DEFAULT (default)
2024-01-30 07:45:08,152 [bf3622ab-3fe7-408a-b5e0-736b392a243c-groupManagement] INFO  server.RaftServerConfigKeys (ConfUtils.java:logGet(46)) - raft.server.read.read-after-write-consistent.write-index-cache.expiry-time = 60s (default)
2024-01-30 07:45:08,153 [68b35bab-6033-4329-aa6c-21b57b93715a-groupManagement] INFO  server.RaftServerConfigKeys (ConfUtils.java:logGet(46)) - raft.server.notification.no-leader.timeout = 300s (custom)
2024-01-30 07:45:08,153 [68b35bab-6033-4329-aa6c-21b57b93715a-groupManagement] INFO  server.RaftServerConfigKeys (ConfUtils.java:logGet(46)) - raft.server.read.timeout = 10s (default)
2024-01-30 07:45:08,153 [68b35bab-6033-4329-aa6c-21b57b93715a-groupManagement] INFO  server.RaftServerConfigKeys (ConfUtils.java:logGet(46)) - raft.server.retrycache.expirytime = 600000ms (custom)
2024-01-30 07:45:08,153 [68b35bab-6033-4329-aa6c-21b57b93715a-groupManagement] INFO  server.RaftServerConfigKeys (ConfUtils.java:logGet(46)) - raft.server.retrycache.statistics.expirytime = 100ms (default)
2024-01-30 07:45:08,154 [eae9be92-4231-488a-b42d-6128b74e9292-groupManagement] INFO  server.RaftServerConfigKeys (ConfUtils.java:logGet(46)) - raft.server.rpc.request.timeout = 60s (custom)
2024-01-30 07:45:08,154 [eae9be92-4231-488a-b42d-6128b74e9292-groupManagement] INFO  server.RaftServerConfigKeys (ConfUtils.java:logGet(46)) - raft.server.log.appender.install.snapshot.enabled = false (custom)
2024-01-30 07:45:08,159 [68b35bab-6033-4329-aa6c-21b57b93715a-groupManagement] INFO  server.RaftServerConfigKeys (ConfUtils.java:logGet(46)) - raft.server.read.option = DEFAULT (default)
2024-01-30 07:45:08,159 [68b35bab-6033-4329-aa6c-21b57b93715a-groupManagement] INFO  server.RaftServerConfigKeys (ConfUtils.java:logGet(46)) - raft.server.read.read-after-write-consistent.write-index-cache.expiry-time = 60s (default)
2024-01-30 07:45:08,160 [eae9be92-4231-488a-b42d-6128b74e9292-groupManagement] INFO  server.RaftServerConfigKeys (ConfUtils.java:logGet(46)) - raft.server.threadpool.server.cached = true (default)
2024-01-30 07:45:08,160 [eae9be92-4231-488a-b42d-6128b74e9292-groupManagement] INFO  server.RaftServerConfigKeys (ConfUtils.java:logGet(46)) - raft.server.threadpool.server.size = 0 (default)
2024-01-30 07:45:08,160 [eae9be92-4231-488a-b42d-6128b74e9292-groupManagement] INFO  server.RaftServerConfigKeys (ConfUtils.java:logGet(46)) - raft.server.threadpool.client.cached = true (default)
2024-01-30 07:45:08,161 [eae9be92-4231-488a-b42d-6128b74e9292-groupManagement] INFO  server.RaftServerConfigKeys (ConfUtils.java:logGet(46)) - raft.server.threadpool.client.size = 0 (default)
2024-01-30 07:45:08,162 [eae9be92-4231-488a-b42d-6128b74e9292-groupManagement] INFO  server.RaftServerConfigKeys (ConfUtils.java:logGet(46)) - raft.server.storage.free-space.min = 0MB (=0) (default)
2024-01-30 07:45:08,165 [eae9be92-4231-488a-b42d-6128b74e9292-groupManagement] INFO  server.RaftServerConfigKeys (ConfUtils.java:logGet(46)) - raft.server.log.corruption.policy = EXCEPTION (default)
2024-01-30 07:45:08,166 [eae9be92-4231-488a-b42d-6128b74e9292-groupManagement] INFO  server.RaftServerConfigKeys (ConfUtils.java:logGet(46)) - raft.server.storage.dir = [/home/runner/work/ozone/ozone/hadoop-ozone/integration-test/target/test-dir/MiniOzoneClusterImpl-b74639a9-f624-491a-a51e-4d41e99a633c/datanode-1/data/ratis] (custom)
2024-01-30 07:45:08,166 [eae9be92-4231-488a-b42d-6128b74e9292-groupManagement] INFO  storage.RaftStorageDirectory (RaftStorageDirectoryImpl.java:analyzeStorage(138)) - The storage directory /home/runner/work/ozone/ozone/hadoop-ozone/integration-test/target/test-dir/MiniOzoneClusterImpl-b74639a9-f624-491a-a51e-4d41e99a633c/datanode-1/data/ratis/1663c5bc-106b-4c60-8b40-511431f77ef9 does not exist. Creating ...
2024-01-30 07:45:08,167 [6af36478-fafe-44e8-8f65-092a10613903-groupManagement] INFO  server.RaftServer$Division (RaftServerImpl.java:<init>(256)) - 6af36478-fafe-44e8-8f65-092a10613903: new RaftServerImpl for group-2B83B386884B:[6af36478-fafe-44e8-8f65-092a10613903|10.1.0.48:15050] with ContainerStateMachine:uninitialized
2024-01-30 07:45:08,168 [6af36478-fafe-44e8-8f65-092a10613903-groupManagement] INFO  server.RaftServerConfigKeys (ConfUtils.java:logGet(46)) - raft.server.rpc.timeout.min = 5s (custom)
2024-01-30 07:45:08,168 [6af36478-fafe-44e8-8f65-092a10613903-groupManagement] INFO  server.RaftServerConfigKeys (ConfUtils.java:logGet(46)) - raft.server.rpc.timeout.max = 5200ms (custom)
2024-01-30 07:45:08,169 [6af36478-fafe-44e8-8f65-092a10613903-groupManagement] INFO  server.RaftServerConfigKeys (ConfUtils.java:logGet(46)) - raft.server.rpc.sleep.time = 25ms (default)
2024-01-30 07:45:08,169 [6af36478-fafe-44e8-8f65-092a10613903-groupManagement] INFO  server.RaftServerConfigKeys (ConfUtils.java:logGet(46)) - raft.server.rpc.slowness.timeout = 300s (custom)
2024-01-30 07:45:08,169 [6af36478-fafe-44e8-8f65-092a10613903-groupManagement] INFO  server.RaftServerConfigKeys (ConfUtils.java:logGet(46)) - raft.server.leaderelection.leader.step-down.wait-time = 10s (default)
2024-01-30 07:45:08,170 [6af36478-fafe-44e8-8f65-092a10613903-groupManagement] INFO  server.RaftServerConfigKeys (ConfUtils.java:logGet(46)) - raft.server.leaderelection.member.majority-add = false (default)
2024-01-30 07:45:08,170 [6af36478-fafe-44e8-8f65-092a10613903-groupManagement] INFO  server.RaftServerConfigKeys (ConfUtils.java:logGet(46)) - raft.server.sleep.deviation.threshold = 300ms (default)
2024-01-30 07:45:08,170 [6af36478-fafe-44e8-8f65-092a10613903-groupManagement] INFO  server.RaftServer$Division (ServerState.java:<init>(113)) - 6af36478-fafe-44e8-8f65-092a10613903@group-2B83B386884B: ConfigurationManager, init=-1: peers:[6af36478-fafe-44e8-8f65-092a10613903|10.1.0.48:15050]|listeners:[], old=null, confs=<EMPTY_MAP>
2024-01-30 07:45:08,171 [6af36478-fafe-44e8-8f65-092a10613903-groupManagement] INFO  server.RaftServerConfigKeys (ConfUtils.java:logGet(46)) - raft.server.notification.no-leader.timeout = 300s (custom)
2024-01-30 07:45:08,172 [6af36478-fafe-44e8-8f65-092a10613903-groupManagement] INFO  server.RaftServerConfigKeys (ConfUtils.java:logGet(46)) - raft.server.read.timeout = 10s (default)
2024-01-30 07:45:08,172 [6af36478-fafe-44e8-8f65-092a10613903-groupManagement] INFO  server.RaftServerConfigKeys (ConfUtils.java:logGet(46)) - raft.server.retrycache.expirytime = 600000ms (custom)
2024-01-30 07:45:08,173 [6af36478-fafe-44e8-8f65-092a10613903-groupManagement] INFO  server.RaftServerConfigKeys (ConfUtils.java:logGet(46)) - raft.server.retrycache.statistics.expirytime = 100ms (default)
2024-01-30 07:45:08,173 [6af36478-fafe-44e8-8f65-092a10613903-groupManagement] INFO  server.RaftServerConfigKeys (ConfUtils.java:logGet(46)) - raft.server.read.option = DEFAULT (default)
2024-01-30 07:45:08,174 [6af36478-fafe-44e8-8f65-092a10613903-groupManagement] INFO  server.RaftServerConfigKeys (ConfUtils.java:logGet(46)) - raft.server.read.read-after-write-consistent.write-index-cache.expiry-time = 60s (default)
2024-01-30 07:45:08,174 [68b35bab-6033-4329-aa6c-21b57b93715a-groupManagement] INFO  server.RaftServerConfigKeys (ConfUtils.java:logGet(46)) - raft.server.rpc.request.timeout = 60s (custom)
2024-01-30 07:45:08,174 [68b35bab-6033-4329-aa6c-21b57b93715a-groupManagement] INFO  server.RaftServerConfigKeys (ConfUtils.java:logGet(46)) - raft.server.log.appender.install.snapshot.enabled = false (custom)
2024-01-30 07:45:08,174 [68b35bab-6033-4329-aa6c-21b57b93715a-groupManagement] INFO  server.RaftServerConfigKeys (ConfUtils.java:logGet(46)) - raft.server.threadpool.server.cached = true (default)
2024-01-30 07:45:08,175 [68b35bab-6033-4329-aa6c-21b57b93715a-groupManagement] INFO  server.RaftServerConfigKeys (ConfUtils.java:logGet(46)) - raft.server.threadpool.server.size = 0 (default)
2024-01-30 07:45:08,175 [68b35bab-6033-4329-aa6c-21b57b93715a-groupManagement] INFO  server.RaftServerConfigKeys (ConfUtils.java:logGet(46)) - raft.server.threadpool.client.cached = true (default)
2024-01-30 07:45:08,175 [68b35bab-6033-4329-aa6c-21b57b93715a-groupManagement] INFO  server.RaftServerConfigKeys (ConfUtils.java:logGet(46)) - raft.server.threadpool.client.size = 0 (default)
2024-01-30 07:45:08,175 [68b35bab-6033-4329-aa6c-21b57b93715a-groupManagement] INFO  server.RaftServerConfigKeys (ConfUtils.java:logGet(46)) - raft.server.storage.free-space.min = 0MB (=0) (default)
2024-01-30 07:45:08,175 [68b35bab-6033-4329-aa6c-21b57b93715a-groupManagement] INFO  server.RaftServerConfigKeys (ConfUtils.java:logGet(46)) - raft.server.log.corruption.policy = EXCEPTION (default)
2024-01-30 07:45:08,175 [68b35bab-6033-4329-aa6c-21b57b93715a-groupManagement] INFO  server.RaftServerConfigKeys (ConfUtils.java:logGet(46)) - raft.server.storage.dir = [/home/runner/work/ozone/ozone/hadoop-ozone/integration-test/target/test-dir/MiniOzoneClusterImpl-b74639a9-f624-491a-a51e-4d41e99a633c/datanode-0/data/ratis] (custom)
2024-01-30 07:45:08,176 [68b35bab-6033-4329-aa6c-21b57b93715a-groupManagement] INFO  storage.RaftStorageDirectory (RaftStorageDirectoryImpl.java:analyzeStorage(138)) - The storage directory /home/runner/work/ozone/ozone/hadoop-ozone/integration-test/target/test-dir/MiniOzoneClusterImpl-b74639a9-f624-491a-a51e-4d41e99a633c/datanode-0/data/ratis/1663c5bc-106b-4c60-8b40-511431f77ef9 does not exist. Creating ...
2024-01-30 07:45:08,173 [eae9be92-4231-488a-b42d-6128b74e9292-groupManagement] INFO  storage.RaftStorageDirectory (RaftStorageDirectoryImpl.java:tryLock(228)) - Lock on /home/runner/work/ozone/ozone/hadoop-ozone/integration-test/target/test-dir/MiniOzoneClusterImpl-b74639a9-f624-491a-a51e-4d41e99a633c/datanode-1/data/ratis/1663c5bc-106b-4c60-8b40-511431f77ef9/in_use.lock acquired by nodename 92995@fv-az1436-717
2024-01-30 07:45:08,177 [68b35bab-6033-4329-aa6c-21b57b93715a-groupManagement] INFO  storage.RaftStorageDirectory (RaftStorageDirectoryImpl.java:tryLock(228)) - Lock on /home/runner/work/ozone/ozone/hadoop-ozone/integration-test/target/test-dir/MiniOzoneClusterImpl-b74639a9-f624-491a-a51e-4d41e99a633c/datanode-0/data/ratis/1663c5bc-106b-4c60-8b40-511431f77ef9/in_use.lock acquired by nodename 92995@fv-az1436-717
2024-01-30 07:45:08,177 [eae9be92-4231-488a-b42d-6128b74e9292-groupManagement] INFO  storage.RaftStorage (RaftStorageImpl.java:format(99)) - Storage directory /home/runner/work/ozone/ozone/hadoop-ozone/integration-test/target/test-dir/MiniOzoneClusterImpl-b74639a9-f624-491a-a51e-4d41e99a633c/datanode-1/data/ratis/1663c5bc-106b-4c60-8b40-511431f77ef9 has been successfully formatted.
2024-01-30 07:45:08,178 [eae9be92-4231-488a-b42d-6128b74e9292-groupManagement] WARN  util.FileUtils (LogUtils.java:supplyAndLog(63)) - Failed to Files.newInputStream /home/runner/work/ozone/ozone/hadoop-ozone/integration-test/target/test-dir/MiniOzoneClusterImpl-b74639a9-f624-491a-a51e-4d41e99a633c/datanode-1/data/ratis/1663c5bc-106b-4c60-8b40-511431f77ef9/current/raft-meta.conf with options []: java.nio.file.NoSuchFileException: /home/runner/work/ozone/ozone/hadoop-ozone/integration-test/target/test-dir/MiniOzoneClusterImpl-b74639a9-f624-491a-a51e-4d41e99a633c/datanode-1/data/ratis/1663c5bc-106b-4c60-8b40-511431f77ef9/current/raft-meta.conf
2024-01-30 07:45:08,178 [68b35bab-6033-4329-aa6c-21b57b93715a-groupManagement] INFO  storage.RaftStorage (RaftStorageImpl.java:format(99)) - Storage directory /home/runner/work/ozone/ozone/hadoop-ozone/integration-test/target/test-dir/MiniOzoneClusterImpl-b74639a9-f624-491a-a51e-4d41e99a633c/datanode-0/data/ratis/1663c5bc-106b-4c60-8b40-511431f77ef9 has been successfully formatted.
2024-01-30 07:45:08,179 [68b35bab-6033-4329-aa6c-21b57b93715a-groupManagement] WARN  util.FileUtils (LogUtils.java:supplyAndLog(63)) - Failed to Files.newInputStream /home/runner/work/ozone/ozone/hadoop-ozone/integration-test/target/test-dir/MiniOzoneClusterImpl-b74639a9-f624-491a-a51e-4d41e99a633c/datanode-0/data/ratis/1663c5bc-106b-4c60-8b40-511431f77ef9/current/raft-meta.conf with options []: java.nio.file.NoSuchFileException: /home/runner/work/ozone/ozone/hadoop-ozone/integration-test/target/test-dir/MiniOzoneClusterImpl-b74639a9-f624-491a-a51e-4d41e99a633c/datanode-0/data/ratis/1663c5bc-106b-4c60-8b40-511431f77ef9/current/raft-meta.conf
2024-01-30 07:45:08,181 [6af36478-fafe-44e8-8f65-092a10613903-groupManagement] INFO  server.RaftServerConfigKeys (ConfUtils.java:logGet(46)) - raft.server.rpc.request.timeout = 60s (custom)
2024-01-30 07:45:08,182 [bf3622ab-3fe7-408a-b5e0-736b392a243c-groupManagement] INFO  server.RaftServerConfigKeys (ConfUtils.java:logGet(46)) - raft.server.rpc.request.timeout = 60s (custom)
2024-01-30 07:45:08,182 [bf3622ab-3fe7-408a-b5e0-736b392a243c-groupManagement] INFO  server.RaftServerConfigKeys (ConfUtils.java:logGet(46)) - raft.server.log.appender.install.snapshot.enabled = false (custom)
2024-01-30 07:45:08,182 [bf3622ab-3fe7-408a-b5e0-736b392a243c-groupManagement] INFO  server.RaftServerConfigKeys (ConfUtils.java:logGet(46)) - raft.server.threadpool.server.cached = true (default)
2024-01-30 07:45:08,183 [bf3622ab-3fe7-408a-b5e0-736b392a243c-groupManagement] INFO  server.RaftServerConfigKeys (ConfUtils.java:logGet(46)) - raft.server.threadpool.server.size = 0 (default)
2024-01-30 07:45:08,183 [bf3622ab-3fe7-408a-b5e0-736b392a243c-groupManagement] INFO  server.RaftServerConfigKeys (ConfUtils.java:logGet(46)) - raft.server.threadpool.client.cached = true (default)
2024-01-30 07:45:08,183 [bf3622ab-3fe7-408a-b5e0-736b392a243c-groupManagement] INFO  server.RaftServerConfigKeys (ConfUtils.java:logGet(46)) - raft.server.threadpool.client.size = 0 (default)
2024-01-30 07:45:08,183 [bf3622ab-3fe7-408a-b5e0-736b392a243c-groupManagement] INFO  server.RaftServerConfigKeys (ConfUtils.java:logGet(46)) - raft.server.storage.free-space.min = 0MB (=0) (default)
2024-01-30 07:45:08,183 [bf3622ab-3fe7-408a-b5e0-736b392a243c-groupManagement] INFO  server.RaftServerConfigKeys (ConfUtils.java:logGet(46)) - raft.server.log.corruption.policy = EXCEPTION (default)
2024-01-30 07:45:08,183 [bf3622ab-3fe7-408a-b5e0-736b392a243c-groupManagement] INFO  server.RaftServerConfigKeys (ConfUtils.java:logGet(46)) - raft.server.storage.dir = [/home/runner/work/ozone/ozone/hadoop-ozone/integration-test/target/test-dir/MiniOzoneClusterImpl-b74639a9-f624-491a-a51e-4d41e99a633c/datanode-2/data/ratis] (custom)
2024-01-30 07:45:08,183 [bf3622ab-3fe7-408a-b5e0-736b392a243c-groupManagement] INFO  storage.RaftStorageDirectory (RaftStorageDirectoryImpl.java:analyzeStorage(138)) - The storage directory /home/runner/work/ozone/ozone/hadoop-ozone/integration-test/target/test-dir/MiniOzoneClusterImpl-b74639a9-f624-491a-a51e-4d41e99a633c/datanode-2/data/ratis/1663c5bc-106b-4c60-8b40-511431f77ef9 does not exist. Creating ...
2024-01-30 07:45:08,183 [eae9be92-4231-488a-b42d-6128b74e9292-groupManagement] INFO  ratis.ContainerStateMachine (ContainerStateMachine.java:loadSnapshot(287)) - group-511431F77EF9: The snapshot info is null. Setting the last applied index to:(t:0, i:~)
2024-01-30 07:45:08,188 [eae9be92-4231-488a-b42d-6128b74e9292-groupManagement] INFO  server.RaftServerConfigKeys (ConfUtils.java:logGet(46)) - raft.server.log.use.memory = false (default)
2024-01-30 07:45:08,182 [6af36478-fafe-44e8-8f65-092a10613903-groupManagement] INFO  server.RaftServerConfigKeys (ConfUtils.java:logGet(46)) - raft.server.log.appender.install.snapshot.enabled = false (custom)
2024-01-30 07:45:08,189 [6af36478-fafe-44e8-8f65-092a10613903-groupManagement] INFO  server.RaftServerConfigKeys (ConfUtils.java:logGet(46)) - raft.server.threadpool.server.cached = true (default)
2024-01-30 07:45:08,189 [6af36478-fafe-44e8-8f65-092a10613903-groupManagement] INFO  server.RaftServerConfigKeys (ConfUtils.java:logGet(46)) - raft.server.threadpool.server.size = 0 (default)
2024-01-30 07:45:08,189 [6af36478-fafe-44e8-8f65-092a10613903-groupManagement] INFO  server.RaftServerConfigKeys (ConfUtils.java:logGet(46)) - raft.server.threadpool.client.cached = true (default)
2024-01-30 07:45:08,189 [6af36478-fafe-44e8-8f65-092a10613903-groupManagement] INFO  server.RaftServerConfigKeys (ConfUtils.java:logGet(46)) - raft.server.threadpool.client.size = 0 (default)
2024-01-30 07:45:08,190 [6af36478-fafe-44e8-8f65-092a10613903-groupManagement] INFO  server.RaftServerConfigKeys (ConfUtils.java:logGet(46)) - raft.server.storage.free-space.min = 0MB (=0) (default)
2024-01-30 07:45:08,190 [6af36478-fafe-44e8-8f65-092a10613903-groupManagement] INFO  server.RaftServerConfigKeys (ConfUtils.java:logGet(46)) - raft.server.log.corruption.policy = EXCEPTION (default)
2024-01-30 07:45:08,190 [6af36478-fafe-44e8-8f65-092a10613903-groupManagement] INFO  server.RaftServerConfigKeys (ConfUtils.java:logGet(46)) - raft.server.storage.dir = [/home/runner/work/ozone/ozone/hadoop-ozone/integration-test/target/test-dir/MiniOzoneClusterImpl-b74639a9-f624-491a-a51e-4d41e99a633c/datanode-4/data/ratis] (custom)
2024-01-30 07:45:08,184 [68b35bab-6033-4329-aa6c-21b57b93715a-groupManagement] INFO  ratis.ContainerStateMachine (ContainerStateMachine.java:loadSnapshot(287)) - group-511431F77EF9: The snapshot info is null. Setting the last applied index to:(t:0, i:~)
2024-01-30 07:45:08,184 [bf3622ab-3fe7-408a-b5e0-736b392a243c-groupManagement] INFO  storage.RaftStorageDirectory (RaftStorageDirectoryImpl.java:tryLock(228)) - Lock on /home/runner/work/ozone/ozone/hadoop-ozone/integration-test/target/test-dir/MiniOzoneClusterImpl-b74639a9-f624-491a-a51e-4d41e99a633c/datanode-2/data/ratis/1663c5bc-106b-4c60-8b40-511431f77ef9/in_use.lock acquired by nodename 92995@fv-az1436-717
2024-01-30 07:45:08,191 [eae9be92-4231-488a-b42d-6128b74e9292-groupManagement] INFO  server.RaftServerConfigKeys (ConfUtils.java:logGet(46)) - raft.server.log.purge.gap = 1000000 (custom)
2024-01-30 07:45:08,198 [68b35bab-6033-4329-aa6c-21b57b93715a-groupManagement] INFO  server.RaftServerConfigKeys (ConfUtils.java:logGet(46)) - raft.server.log.use.memory = false (default)
2024-01-30 07:45:08,191 [6af36478-fafe-44e8-8f65-092a10613903-groupManagement] INFO  storage.RaftStorageDirectory (RaftStorageDirectoryImpl.java:analyzeStorage(138)) - The storage directory /home/runner/work/ozone/ozone/hadoop-ozone/integration-test/target/test-dir/MiniOzoneClusterImpl-b74639a9-f624-491a-a51e-4d41e99a633c/datanode-4/data/ratis/c049b9fe-84eb-4f8c-bf6c-2b83b386884b does not exist. Creating ...
2024-01-30 07:45:08,199 [68b35bab-6033-4329-aa6c-21b57b93715a-groupManagement] INFO  server.RaftServerConfigKeys (ConfUtils.java:logGet(46)) - raft.server.log.purge.gap = 1000000 (custom)
2024-01-30 07:45:08,191 [EventQueue-OpenPipelineForHealthyPipelineSafeModeRule] INFO  safemode.SCMSafeModeManager (HealthyPipelineSafeModeRule.java:process(140)) - SCM in safe mode. Healthy pipelines reported count is 0, required healthy pipeline reported count is 1
2024-01-30 07:45:08,200 [EventQueue-OpenPipelineForHealthyPipelineSafeModeRule] INFO  safemode.SCMSafeModeManager (HealthyPipelineSafeModeRule.java:process(140)) - SCM in safe mode. Healthy pipelines reported count is 0, required healthy pipeline reported count is 1
2024-01-30 07:45:08,200 [68b35bab-6033-4329-aa6c-21b57b93715a-groupManagement] INFO  server.RaftServerConfigKeys (ConfUtils.java:logGet(46)) - raft.server.log.appender.buffer.byte-limit = 8388608 (custom)
2024-01-30 07:45:08,200 [68b35bab-6033-4329-aa6c-21b57b93715a-groupManagement] INFO  server.RaftServerConfigKeys (ConfUtils.java:logGet(46)) - raft.server.log.statemachine.data.read.timeout = 1000ms (default)
2024-01-30 07:45:08,200 [68b35bab-6033-4329-aa6c-21b57b93715a-groupManagement] INFO  server.RaftServerConfigKeys (ConfUtils.java:logGet(46)) - raft.server.log.purge.preservation.log.num = 0 (default)
2024-01-30 07:45:08,200 [bf3622ab-3fe7-408a-b5e0-736b392a243c-groupManagement] INFO  storage.RaftStorage (RaftStorageImpl.java:format(99)) - Storage directory /home/runner/work/ozone/ozone/hadoop-ozone/integration-test/target/test-dir/MiniOzoneClusterImpl-b74639a9-f624-491a-a51e-4d41e99a633c/datanode-2/data/ratis/1663c5bc-106b-4c60-8b40-511431f77ef9 has been successfully formatted.
2024-01-30 07:45:08,200 [6af36478-fafe-44e8-8f65-092a10613903-groupManagement] INFO  storage.RaftStorageDirectory (RaftStorageDirectoryImpl.java:tryLock(228)) - Lock on /home/runner/work/ozone/ozone/hadoop-ozone/integration-test/target/test-dir/MiniOzoneClusterImpl-b74639a9-f624-491a-a51e-4d41e99a633c/datanode-4/data/ratis/c049b9fe-84eb-4f8c-bf6c-2b83b386884b/in_use.lock acquired by nodename 92995@fv-az1436-717
2024-01-30 07:45:08,199 [eae9be92-4231-488a-b42d-6128b74e9292-groupManagement] INFO  server.RaftServerConfigKeys (ConfUtils.java:logGet(46)) - raft.server.log.appender.buffer.byte-limit = 8388608 (custom)
2024-01-30 07:45:08,201 [bf3622ab-3fe7-408a-b5e0-736b392a243c-groupManagement] WARN  util.FileUtils (LogUtils.java:supplyAndLog(63)) - Failed to Files.newInputStream /home/runner/work/ozone/ozone/hadoop-ozone/integration-test/target/test-dir/MiniOzoneClusterImpl-b74639a9-f624-491a-a51e-4d41e99a633c/datanode-2/data/ratis/1663c5bc-106b-4c60-8b40-511431f77ef9/current/raft-meta.conf with options []: java.nio.file.NoSuchFileException: /home/runner/work/ozone/ozone/hadoop-ozone/integration-test/target/test-dir/MiniOzoneClusterImpl-b74639a9-f624-491a-a51e-4d41e99a633c/datanode-2/data/ratis/1663c5bc-106b-4c60-8b40-511431f77ef9/current/raft-meta.conf
2024-01-30 07:45:08,202 [bf3622ab-3fe7-408a-b5e0-736b392a243c-groupManagement] INFO  ratis.ContainerStateMachine (ContainerStateMachine.java:loadSnapshot(287)) - group-511431F77EF9: The snapshot info is null. Setting the last applied index to:(t:0, i:~)
2024-01-30 07:45:08,202 [bf3622ab-3fe7-408a-b5e0-736b392a243c-groupManagement] INFO  server.RaftServerConfigKeys (ConfUtils.java:logGet(46)) - raft.server.log.use.memory = false (default)
2024-01-30 07:45:08,202 [bf3622ab-3fe7-408a-b5e0-736b392a243c-groupManagement] INFO  server.RaftServerConfigKeys (ConfUtils.java:logGet(46)) - raft.server.log.purge.gap = 1000000 (custom)
2024-01-30 07:45:08,202 [bf3622ab-3fe7-408a-b5e0-736b392a243c-groupManagement] INFO  server.RaftServerConfigKeys (ConfUtils.java:logGet(46)) - raft.server.log.appender.buffer.byte-limit = 8388608 (custom)
2024-01-30 07:45:08,202 [bf3622ab-3fe7-408a-b5e0-736b392a243c-groupManagement] INFO  server.RaftServerConfigKeys (ConfUtils.java:logGet(46)) - raft.server.log.statemachine.data.read.timeout = 1000ms (default)
2024-01-30 07:45:08,203 [bf3622ab-3fe7-408a-b5e0-736b392a243c-groupManagement] INFO  server.RaftServerConfigKeys (ConfUtils.java:logGet(46)) - raft.server.log.purge.preservation.log.num = 0 (default)
2024-01-30 07:45:08,201 [eae9be92-4231-488a-b42d-6128b74e9292-groupManagement] INFO  server.RaftServerConfigKeys (ConfUtils.java:logGet(46)) - raft.server.log.statemachine.data.read.timeout = 1000ms (default)
2024-01-30 07:45:08,204 [eae9be92-4231-488a-b42d-6128b74e9292-groupManagement] INFO  server.RaftServerConfigKeys (ConfUtils.java:logGet(46)) - raft.server.log.purge.preservation.log.num = 0 (default)
2024-01-30 07:45:08,204 [main] INFO  ozone.MiniOzoneClusterImpl (MiniOzoneClusterImpl.java:lambda$waitForClusterToBeReady$0(229)) - Nodes are ready. Got 6 of 6 DN Heartbeats.
2024-01-30 07:45:08,204 [main] INFO  ozone.MiniOzoneClusterImpl (MiniOzoneClusterImpl.java:lambda$waitForClusterToBeReady$0(232)) - Waiting for cluster to exit safe mode
2024-01-30 07:45:08,205 [main] INFO  ozone.MiniOzoneClusterImpl (MiniOzoneClusterImpl.java:lambda$waitForClusterToBeReady$0(234)) - SCM became leader
2024-01-30 07:45:08,205 [6af36478-fafe-44e8-8f65-092a10613903-groupManagement] INFO  storage.RaftStorage (RaftStorageImpl.java:format(99)) - Storage directory /home/runner/work/ozone/ozone/hadoop-ozone/integration-test/target/test-dir/MiniOzoneClusterImpl-b74639a9-f624-491a-a51e-4d41e99a633c/datanode-4/data/ratis/c049b9fe-84eb-4f8c-bf6c-2b83b386884b has been successfully formatted.
2024-01-30 07:45:08,209 [6af36478-fafe-44e8-8f65-092a10613903-groupManagement] WARN  util.FileUtils (LogUtils.java:supplyAndLog(63)) - Failed to Files.newInputStream /home/runner/work/ozone/ozone/hadoop-ozone/integration-test/target/test-dir/MiniOzoneClusterImpl-b74639a9-f624-491a-a51e-4d41e99a633c/datanode-4/data/ratis/c049b9fe-84eb-4f8c-bf6c-2b83b386884b/current/raft-meta.conf with options []: java.nio.file.NoSuchFileException: /home/runner/work/ozone/ozone/hadoop-ozone/integration-test/target/test-dir/MiniOzoneClusterImpl-b74639a9-f624-491a-a51e-4d41e99a633c/datanode-4/data/ratis/c049b9fe-84eb-4f8c-bf6c-2b83b386884b/current/raft-meta.conf
2024-01-30 07:45:08,209 [6af36478-fafe-44e8-8f65-092a10613903-groupManagement] INFO  ratis.ContainerStateMachine (ContainerStateMachine.java:loadSnapshot(287)) - group-2B83B386884B: The snapshot info is null. Setting the last applied index to:(t:0, i:~)
2024-01-30 07:45:08,209 [6af36478-fafe-44e8-8f65-092a10613903-groupManagement] INFO  server.RaftServerConfigKeys (ConfUtils.java:logGet(46)) - raft.server.log.use.memory = false (default)
2024-01-30 07:45:08,209 [6af36478-fafe-44e8-8f65-092a10613903-groupManagement] INFO  server.RaftServerConfigKeys (ConfUtils.java:logGet(46)) - raft.server.log.purge.gap = 1000000 (custom)
2024-01-30 07:45:08,210 [6af36478-fafe-44e8-8f65-092a10613903-groupManagement] INFO  server.RaftServerConfigKeys (ConfUtils.java:logGet(46)) - raft.server.log.appender.buffer.byte-limit = 8388608 (custom)
2024-01-30 07:45:08,210 [6af36478-fafe-44e8-8f65-092a10613903-groupManagement] INFO  server.RaftServerConfigKeys (ConfUtils.java:logGet(46)) - raft.server.log.statemachine.data.read.timeout = 1000ms (default)
2024-01-30 07:45:08,210 [6af36478-fafe-44e8-8f65-092a10613903-groupManagement] INFO  server.RaftServerConfigKeys (ConfUtils.java:logGet(46)) - raft.server.log.purge.preservation.log.num = 0 (default)
2024-01-30 07:45:08,207 [f4dc5428-8803-43b0-8e6b-8ffa99f16cef-groupManagement] INFO  server.RaftServer$Division (RaftServerImpl.java:<init>(256)) - f4dc5428-8803-43b0-8e6b-8ffa99f16cef: new RaftServerImpl for group-C55566F64C03:[f4dc5428-8803-43b0-8e6b-8ffa99f16cef|10.1.0.48:15059] with ContainerStateMachine:uninitialized
2024-01-30 07:45:08,211 [f4dc5428-8803-43b0-8e6b-8ffa99f16cef-groupManagement] INFO  server.RaftServerConfigKeys (ConfUtils.java:logGet(46)) - raft.server.rpc.timeout.min = 5s (custom)
2024-01-30 07:45:08,211 [f4dc5428-8803-43b0-8e6b-8ffa99f16cef-groupManagement] INFO  server.RaftServerConfigKeys (ConfUtils.java:logGet(46)) - raft.server.rpc.timeout.max = 5200ms (custom)
2024-01-30 07:45:08,211 [f4dc5428-8803-43b0-8e6b-8ffa99f16cef-groupManagement] INFO  server.RaftServerConfigKeys (ConfUtils.java:logGet(46)) - raft.server.rpc.sleep.time = 25ms (default)
2024-01-30 07:45:08,211 [f4dc5428-8803-43b0-8e6b-8ffa99f16cef-groupManagement] INFO  server.RaftServerConfigKeys (ConfUtils.java:logGet(46)) - raft.server.rpc.slowness.timeout = 300s (custom)
2024-01-30 07:45:08,211 [f4dc5428-8803-43b0-8e6b-8ffa99f16cef-groupManagement] INFO  server.RaftServerConfigKeys (ConfUtils.java:logGet(46)) - raft.server.leaderelection.leader.step-down.wait-time = 10s (default)
2024-01-30 07:45:08,211 [f4dc5428-8803-43b0-8e6b-8ffa99f16cef-groupManagement] INFO  server.RaftServerConfigKeys (ConfUtils.java:logGet(46)) - raft.server.leaderelection.member.majority-add = false (default)
2024-01-30 07:45:08,212 [f4dc5428-8803-43b0-8e6b-8ffa99f16cef-groupManagement] INFO  server.RaftServerConfigKeys (ConfUtils.java:logGet(46)) - raft.server.sleep.deviation.threshold = 300ms (default)
2024-01-30 07:45:08,212 [f4dc5428-8803-43b0-8e6b-8ffa99f16cef-groupManagement] INFO  server.RaftServer$Division (ServerState.java:<init>(113)) - f4dc5428-8803-43b0-8e6b-8ffa99f16cef@group-C55566F64C03: ConfigurationManager, init=-1: peers:[f4dc5428-8803-43b0-8e6b-8ffa99f16cef|10.1.0.48:15059]|listeners:[], old=null, confs=<EMPTY_MAP>
2024-01-30 07:45:08,212 [f4dc5428-8803-43b0-8e6b-8ffa99f16cef-groupManagement] INFO  server.RaftServerConfigKeys (ConfUtils.java:logGet(46)) - raft.server.notification.no-leader.timeout = 300s (custom)
2024-01-30 07:45:08,212 [f4dc5428-8803-43b0-8e6b-8ffa99f16cef-groupManagement] INFO  server.RaftServerConfigKeys (ConfUtils.java:logGet(46)) - raft.server.read.timeout = 10s (default)
2024-01-30 07:45:08,212 [f4dc5428-8803-43b0-8e6b-8ffa99f16cef-groupManagement] INFO  server.RaftServerConfigKeys (ConfUtils.java:logGet(46)) - raft.server.retrycache.expirytime = 600000ms (custom)
2024-01-30 07:45:08,212 [f4dc5428-8803-43b0-8e6b-8ffa99f16cef-groupManagement] INFO  server.RaftServerConfigKeys (ConfUtils.java:logGet(46)) - raft.server.retrycache.statistics.expirytime = 100ms (default)
2024-01-30 07:45:08,212 [f4dc5428-8803-43b0-8e6b-8ffa99f16cef-groupManagement] INFO  server.RaftServerConfigKeys (ConfUtils.java:logGet(46)) - raft.server.read.option = DEFAULT (default)
2024-01-30 07:45:08,212 [f4dc5428-8803-43b0-8e6b-8ffa99f16cef-groupManagement] INFO  server.RaftServerConfigKeys (ConfUtils.java:logGet(46)) - raft.server.read.read-after-write-consistent.write-index-cache.expiry-time = 60s (default)
2024-01-30 07:45:08,206 [f4dc5428-8803-43b0-8e6b-8ffa99f16cef-PipelineCommandHandlerThread-0] INFO  server.RaftServer (RaftServerProxy.java:addNew(100)) - f4dc5428-8803-43b0-8e6b-8ffa99f16cef: addNew group-C55566F64C03:[f4dc5428-8803-43b0-8e6b-8ffa99f16cef|10.1.0.48:15059] returns group-C55566F64C03:java.util.concurrent.CompletableFuture@a07b99a[Not completed]
2024-01-30 07:45:08,205 [EventQueue-OpenPipelineForHealthyPipelineSafeModeRule] INFO  safemode.SCMSafeModeManager (HealthyPipelineSafeModeRule.java:process(140)) - SCM in safe mode. Healthy pipelines reported count is 0, required healthy pipeline reported count is 1
2024-01-30 07:45:08,213 [EventQueue-OpenPipelineForHealthyPipelineSafeModeRule] INFO  safemode.SCMSafeModeManager (HealthyPipelineSafeModeRule.java:process(140)) - SCM in safe mode. Healthy pipelines reported count is 0, required healthy pipeline reported count is 1
2024-01-30 07:45:08,210 [bf3622ab-3fe7-408a-b5e0-736b392a243c-groupManagement] INFO  server.RaftServerConfigKeys (ConfUtils.java:logGet(46)) - raft.server.log.segment.size.max = 67108864 (custom)
2024-01-30 07:45:08,213 [grpc-default-executor-1] INFO  server.RaftServer (RaftServerProxy.java:addNew(100)) - f4dc5428-8803-43b0-8e6b-8ffa99f16cef: addNew group-B85ECF817262:[f4dc5428-8803-43b0-8e6b-8ffa99f16cef|10.1.0.48:15059, 55f20ed8-ad05-4879-9178-788b5883eeb3|10.1.0.48:15041, 6af36478-fafe-44e8-8f65-092a10613903|10.1.0.48:15050] returns group-B85ECF817262:java.util.concurrent.CompletableFuture@6b9f5e0e[Not completed]
2024-01-30 07:45:08,217 [bf3622ab-3fe7-408a-b5e0-736b392a243c-groupManagement] INFO  server.RaftServerConfigKeys (ConfUtils.java:logGet(46)) - raft.server.log.segment.cache.num.max = 2 (custom)
2024-01-30 07:45:08,217 [bf3622ab-3fe7-408a-b5e0-736b392a243c-groupManagement] INFO  server.RaftServerConfigKeys (ConfUtils.java:logGet(46)) - raft.server.log.segment.cache.size.max = 200MB (=209715200) (default)
2024-01-30 07:45:08,217 [bf3622ab-3fe7-408a-b5e0-736b392a243c-groupManagement] INFO  server.RaftServerConfigKeys (ConfUtils.java:logGet(46)) - raft.server.log.appender.buffer.byte-limit = 8388608 (custom)
2024-01-30 07:45:08,220 [68b35bab-6033-4329-aa6c-21b57b93715a-groupManagement] INFO  server.RaftServerConfigKeys (ConfUtils.java:logGet(46)) - raft.server.log.segment.size.max = 67108864 (custom)
2024-01-30 07:45:08,222 [68b35bab-6033-4329-aa6c-21b57b93715a-groupManagement] INFO  server.RaftServerConfigKeys (ConfUtils.java:logGet(46)) - raft.server.log.segment.cache.num.max = 2 (custom)
2024-01-30 07:45:08,222 [68b35bab-6033-4329-aa6c-21b57b93715a-groupManagement] INFO  server.RaftServerConfigKeys (ConfUtils.java:logGet(46)) - raft.server.log.segment.cache.size.max = 200MB (=209715200) (default)
2024-01-30 07:45:08,222 [bf3622ab-3fe7-408a-b5e0-736b392a243c-groupManagement] INFO  util.AwaitToRun (AwaitToRun.java:start(81)) - Thread[bf3622ab-3fe7-408a-b5e0-736b392a243c@group-511431F77EF9-cacheEviction-AwaitToRun,5,main] started
2024-01-30 07:45:08,223 [bf3622ab-3fe7-408a-b5e0-736b392a243c-groupManagement] INFO  segmented.SegmentedRaftLogWorker (SegmentedRaftLogWorker.java:<init>(182)) - new bf3622ab-3fe7-408a-b5e0-736b392a243c@group-511431F77EF9-SegmentedRaftLogWorker for RaftStorageImpl:Storage Directory /home/runner/work/ozone/ozone/hadoop-ozone/integration-test/target/test-dir/MiniOzoneClusterImpl-b74639a9-f624-491a-a51e-4d41e99a633c/datanode-2/data/ratis/1663c5bc-106b-4c60-8b40-511431f77ef9
2024-01-30 07:45:08,223 [bf3622ab-3fe7-408a-b5e0-736b392a243c-groupManagement] INFO  server.RaftServerConfigKeys (ConfUtils.java:logGet(46)) - raft.server.log.queue.byte-limit = 4294967296 (custom)
2024-01-30 07:45:08,223 [bf3622ab-3fe7-408a-b5e0-736b392a243c-groupManagement] INFO  server.RaftServerConfigKeys (ConfUtils.java:logGet(46)) - raft.server.log.queue.element-limit = 1024 (custom)
2024-01-30 07:45:08,223 [bf3622ab-3fe7-408a-b5e0-736b392a243c-groupManagement] INFO  server.RaftServerConfigKeys (ConfUtils.java:logGet(46)) - raft.server.log.segment.size.max = 67108864 (custom)
2024-01-30 07:45:08,223 [bf3622ab-3fe7-408a-b5e0-736b392a243c-groupManagement] INFO  server.RaftServerConfigKeys (ConfUtils.java:logGet(46)) - raft.server.log.preallocated.size = 4194304 (custom)
2024-01-30 07:45:08,223 [bf3622ab-3fe7-408a-b5e0-736b392a243c-groupManagement] INFO  server.RaftServerConfigKeys (ConfUtils.java:logGet(46)) - raft.server.log.force.sync.num = 128 (default)
2024-01-30 07:45:08,223 [bf3622ab-3fe7-408a-b5e0-736b392a243c-groupManagement] INFO  server.RaftServerConfigKeys (ConfUtils.java:logGet(46)) - raft.server.log.statemachine.data.sync = true (default)
2024-01-30 07:45:08,223 [bf3622ab-3fe7-408a-b5e0-736b392a243c-groupManagement] INFO  server.RaftServerConfigKeys (ConfUtils.java:logGet(46)) - raft.server.log.statemachine.data.sync.timeout = 10s (default)
2024-01-30 07:45:08,224 [bf3622ab-3fe7-408a-b5e0-736b392a243c-groupManagement] INFO  server.RaftServerConfigKeys (ConfUtils.java:logGet(46)) - raft.server.log.statemachine.data.sync.timeout.retry = 0 (custom)
2024-01-30 07:45:08,223 [68b35bab-6033-4329-aa6c-21b57b93715a-groupManagement] INFO  server.RaftServerConfigKeys (ConfUtils.java:logGet(46)) - raft.server.log.appender.buffer.byte-limit = 8388608 (custom)
2024-01-30 07:45:08,224 [68b35bab-6033-4329-aa6c-21b57b93715a-groupManagement] INFO  util.AwaitToRun (AwaitToRun.java:start(81)) - Thread[68b35bab-6033-4329-aa6c-21b57b93715a@group-511431F77EF9-cacheEviction-AwaitToRun,5,main] started
2024-01-30 07:45:08,224 [68b35bab-6033-4329-aa6c-21b57b93715a-groupManagement] INFO  segmented.SegmentedRaftLogWorker (SegmentedRaftLogWorker.java:<init>(182)) - new 68b35bab-6033-4329-aa6c-21b57b93715a@group-511431F77EF9-SegmentedRaftLogWorker for RaftStorageImpl:Storage Directory /home/runner/work/ozone/ozone/hadoop-ozone/integration-test/target/test-dir/MiniOzoneClusterImpl-b74639a9-f624-491a-a51e-4d41e99a633c/datanode-0/data/ratis/1663c5bc-106b-4c60-8b40-511431f77ef9
2024-01-30 07:45:08,224 [68b35bab-6033-4329-aa6c-21b57b93715a-groupManagement] INFO  server.RaftServerConfigKeys (ConfUtils.java:logGet(46)) - raft.server.log.queue.byte-limit = 4294967296 (custom)
2024-01-30 07:45:08,225 [68b35bab-6033-4329-aa6c-21b57b93715a-groupManagement] INFO  server.RaftServerConfigKeys (ConfUtils.java:logGet(46)) - raft.server.log.queue.element-limit = 1024 (custom)
2024-01-30 07:45:08,225 [68b35bab-6033-4329-aa6c-21b57b93715a-groupManagement] INFO  server.RaftServerConfigKeys (ConfUtils.java:logGet(46)) - raft.server.log.segment.size.max = 67108864 (custom)
2024-01-30 07:45:08,225 [68b35bab-6033-4329-aa6c-21b57b93715a-groupManagement] INFO  server.RaftServerConfigKeys (ConfUtils.java:logGet(46)) - raft.server.log.preallocated.size = 4194304 (custom)
2024-01-30 07:45:08,225 [68b35bab-6033-4329-aa6c-21b57b93715a-groupManagement] INFO  server.RaftServerConfigKeys (ConfUtils.java:logGet(46)) - raft.server.log.force.sync.num = 128 (default)
2024-01-30 07:45:08,226 [68b35bab-6033-4329-aa6c-21b57b93715a-groupManagement] INFO  server.RaftServerConfigKeys (ConfUtils.java:logGet(46)) - raft.server.log.statemachine.data.sync = true (default)
2024-01-30 07:45:08,226 [68b35bab-6033-4329-aa6c-21b57b93715a-groupManagement] INFO  server.RaftServerConfigKeys (ConfUtils.java:logGet(46)) - raft.server.log.statemachine.data.sync.timeout = 10s (default)
2024-01-30 07:45:08,226 [68b35bab-6033-4329-aa6c-21b57b93715a-groupManagement] INFO  server.RaftServerConfigKeys (ConfUtils.java:logGet(46)) - raft.server.log.statemachine.data.sync.timeout.retry = 0 (custom)
2024-01-30 07:45:08,228 [bf3622ab-3fe7-408a-b5e0-736b392a243c-groupManagement] INFO  server.RaftServerConfigKeys (ConfUtils.java:logGet(46)) - raft.server.log.write.buffer.size = 8388616 (custom)
2024-01-30 07:45:08,230 [bf3622ab-3fe7-408a-b5e0-736b392a243c-groupManagement] INFO  server.RaftServerConfigKeys (ConfUtils.java:logGet(46)) - raft.server.log.appender.buffer.byte-limit = 8388608 (custom)
2024-01-30 07:45:08,230 [bf3622ab-3fe7-408a-b5e0-736b392a243c-groupManagement] INFO  server.RaftServerConfigKeys (ConfUtils.java:logGet(46)) - raft.server.log.unsafe-flush.enabled = false (default)
2024-01-30 07:45:08,230 [bf3622ab-3fe7-408a-b5e0-736b392a243c-groupManagement] INFO  server.RaftServerConfigKeys (ConfUtils.java:logGet(46)) - raft.server.log.async-flush.enabled = false (default)
2024-01-30 07:45:08,230 [bf3622ab-3fe7-408a-b5e0-736b392a243c-groupManagement] INFO  server.RaftServerConfigKeys (ConfUtils.java:logGet(46)) - raft.server.log.statemachine.data.caching.enabled = true (custom)
2024-01-30 07:45:08,231 [bf3622ab-3fe7-408a-b5e0-736b392a243c-groupManagement] INFO  segmented.SegmentedRaftLogWorker (SegmentedRaftLogWorker.java:lambda$new$0(134)) - bf3622ab-3fe7-408a-b5e0-736b392a243c@group-511431F77EF9-SegmentedRaftLogWorker: flushIndex: setUnconditionally 0 -> -1
2024-01-30 07:45:08,231 [bf3622ab-3fe7-408a-b5e0-736b392a243c-groupManagement] INFO  segmented.SegmentedRaftLogWorker (SegmentedRaftLogWorker.java:lambda$new$0(134)) - bf3622ab-3fe7-408a-b5e0-736b392a243c@group-511431F77EF9-SegmentedRaftLogWorker: safeCacheEvictIndex: setUnconditionally 0 -> -1
2024-01-30 07:45:08,231 [bf3622ab-3fe7-408a-b5e0-736b392a243c-groupManagement] INFO  server.RaftServer$Division (RaftServerImpl.java:start(396)) - bf3622ab-3fe7-408a-b5e0-736b392a243c@group-511431F77EF9: start as a follower, conf=-1: peers:[eae9be92-4231-488a-b42d-6128b74e9292|10.1.0.48:15023, bf3622ab-3fe7-408a-b5e0-736b392a243c|10.1.0.48:15032, 68b35bab-6033-4329-aa6c-21b57b93715a|10.1.0.48:15014]|listeners:[], old=null
2024-01-30 07:45:08,231 [bf3622ab-3fe7-408a-b5e0-736b392a243c-groupManagement] INFO  server.RaftServer$Division (RaftServerImpl.java:setRole(383)) - bf3622ab-3fe7-408a-b5e0-736b392a243c@group-511431F77EF9: changes role from      null to FOLLOWER at term 0 for startAsFollower
2024-01-30 07:45:08,231 [bf3622ab-3fe7-408a-b5e0-736b392a243c-groupManagement] INFO  impl.RoleInfo (RoleInfo.java:updateAndGet(139)) - bf3622ab-3fe7-408a-b5e0-736b392a243c: start bf3622ab-3fe7-408a-b5e0-736b392a243c@group-511431F77EF9-FollowerState
2024-01-30 07:45:08,233 [bf3622ab-3fe7-408a-b5e0-736b392a243c@group-511431F77EF9-FollowerState] INFO  server.RaftServerConfigKeys (ConfUtils.java:logFallback(53)) - raft.server.rpc.first-election.timeout.min = 5s (fallback to raft.server.rpc.timeout.min)
2024-01-30 07:45:08,233 [bf3622ab-3fe7-408a-b5e0-736b392a243c@group-511431F77EF9-FollowerState] INFO  server.RaftServerConfigKeys (ConfUtils.java:logFallback(53)) - raft.server.rpc.first-election.timeout.max = 5200ms (fallback to raft.server.rpc.timeout.max)
2024-01-30 07:45:08,233 [bf3622ab-3fe7-408a-b5e0-736b392a243c-groupManagement] INFO  util.JmxRegister (JmxRegister.java:tryRegister(44)) - Successfully registered JMX Bean with object name Ratis:service=RaftServer,group=group-511431F77EF9,id=bf3622ab-3fe7-408a-b5e0-736b392a243c
2024-01-30 07:45:08,233 [bf3622ab-3fe7-408a-b5e0-736b392a243c-groupManagement] INFO  server.RaftServerConfigKeys (ConfUtils.java:logGet(46)) - raft.server.snapshot.trigger-when-stop.enabled = true (default)
2024-01-30 07:45:08,233 [bf3622ab-3fe7-408a-b5e0-736b392a243c-groupManagement] INFO  server.RaftServerConfigKeys (ConfUtils.java:logGet(46)) - raft.server.snapshot.auto.trigger.enabled = true (custom)
2024-01-30 07:45:08,233 [bf3622ab-3fe7-408a-b5e0-736b392a243c-groupManagement] INFO  server.RaftServerConfigKeys (ConfUtils.java:logGet(46)) - raft.server.snapshot.auto.trigger.threshold = 10000 (custom)
2024-01-30 07:45:08,233 [bf3622ab-3fe7-408a-b5e0-736b392a243c-groupManagement] INFO  server.RaftServerConfigKeys (ConfUtils.java:logGet(46)) - raft.server.snapshot.retention.file.num = 5 (custom)
2024-01-30 07:45:08,233 [bf3622ab-3fe7-408a-b5e0-736b392a243c-groupManagement] INFO  server.RaftServerConfigKeys (ConfUtils.java:logGet(46)) - raft.server.log.purge.upto.snapshot.index = false (default)
2024-01-30 07:45:08,234 [bf3622ab-3fe7-408a-b5e0-736b392a243c-PipelineCommandHandlerThread-0] INFO  ratis.XceiverServerRatis (XceiverServerRatis.java:addGroup(864)) - Created group PipelineID=1663c5bc-106b-4c60-8b40-511431f77ef9
2024-01-30 07:45:08,237 [68b35bab-6033-4329-aa6c-21b57b93715a-groupManagement] INFO  server.RaftServerConfigKeys (ConfUtils.java:logGet(46)) - raft.server.log.write.buffer.size = 8388616 (custom)
2024-01-30 07:45:08,238 [f4dc5428-8803-43b0-8e6b-8ffa99f16cef-groupManagement] INFO  server.RaftServerConfigKeys (ConfUtils.java:logGet(46)) - raft.server.rpc.request.timeout = 60s (custom)
2024-01-30 07:45:08,238 [f4dc5428-8803-43b0-8e6b-8ffa99f16cef-groupManagement] INFO  server.RaftServerConfigKeys (ConfUtils.java:logGet(46)) - raft.server.log.appender.install.snapshot.enabled = false (custom)
2024-01-30 07:45:08,238 [f4dc5428-8803-43b0-8e6b-8ffa99f16cef-groupManagement] INFO  server.RaftServerConfigKeys (ConfUtils.java:logGet(46)) - raft.server.threadpool.server.cached = true (default)
2024-01-30 07:45:08,238 [f4dc5428-8803-43b0-8e6b-8ffa99f16cef-groupManagement] INFO  server.RaftServerConfigKeys (ConfUtils.java:logGet(46)) - raft.server.threadpool.server.size = 0 (default)
2024-01-30 07:45:08,239 [f4dc5428-8803-43b0-8e6b-8ffa99f16cef-groupManagement] INFO  server.RaftServerConfigKeys (ConfUtils.java:logGet(46)) - raft.server.threadpool.client.cached = true (default)
2024-01-30 07:45:08,239 [f4dc5428-8803-43b0-8e6b-8ffa99f16cef-groupManagement] INFO  server.RaftServerConfigKeys (ConfUtils.java:logGet(46)) - raft.server.threadpool.client.size = 0 (default)
2024-01-30 07:45:08,239 [68b35bab-6033-4329-aa6c-21b57b93715a-groupManagement] INFO  server.RaftServerConfigKeys (ConfUtils.java:logGet(46)) - raft.server.log.appender.buffer.byte-limit = 8388608 (custom)
2024-01-30 07:45:08,239 [68b35bab-6033-4329-aa6c-21b57b93715a-groupManagement] INFO  server.RaftServerConfigKeys (ConfUtils.java:logGet(46)) - raft.server.log.unsafe-flush.enabled = false (default)
2024-01-30 07:45:08,239 [68b35bab-6033-4329-aa6c-21b57b93715a-groupManagement] INFO  server.RaftServerConfigKeys (ConfUtils.java:logGet(46)) - raft.server.log.async-flush.enabled = false (default)
2024-01-30 07:45:08,240 [68b35bab-6033-4329-aa6c-21b57b93715a-groupManagement] INFO  server.RaftServerConfigKeys (ConfUtils.java:logGet(46)) - raft.server.log.statemachine.data.caching.enabled = true (custom)
2024-01-30 07:45:08,240 [68b35bab-6033-4329-aa6c-21b57b93715a-groupManagement] INFO  segmented.SegmentedRaftLogWorker (SegmentedRaftLogWorker.java:lambda$new$0(134)) - 68b35bab-6033-4329-aa6c-21b57b93715a@group-511431F77EF9-SegmentedRaftLogWorker: flushIndex: setUnconditionally 0 -> -1
2024-01-30 07:45:08,240 [68b35bab-6033-4329-aa6c-21b57b93715a-groupManagement] INFO  segmented.SegmentedRaftLogWorker (SegmentedRaftLogWorker.java:lambda$new$0(134)) - 68b35bab-6033-4329-aa6c-21b57b93715a@group-511431F77EF9-SegmentedRaftLogWorker: safeCacheEvictIndex: setUnconditionally 0 -> -1
2024-01-30 07:45:08,240 [68b35bab-6033-4329-aa6c-21b57b93715a-groupManagement] INFO  server.RaftServer$Division (RaftServerImpl.java:start(396)) - 68b35bab-6033-4329-aa6c-21b57b93715a@group-511431F77EF9: start as a follower, conf=-1: peers:[eae9be92-4231-488a-b42d-6128b74e9292|10.1.0.48:15023, bf3622ab-3fe7-408a-b5e0-736b392a243c|10.1.0.48:15032, 68b35bab-6033-4329-aa6c-21b57b93715a|10.1.0.48:15014]|listeners:[], old=null
2024-01-30 07:45:08,240 [68b35bab-6033-4329-aa6c-21b57b93715a-groupManagement] INFO  server.RaftServer$Division (RaftServerImpl.java:setRole(383)) - 68b35bab-6033-4329-aa6c-21b57b93715a@group-511431F77EF9: changes role from      null to FOLLOWER at term 0 for startAsFollower
2024-01-30 07:45:08,240 [68b35bab-6033-4329-aa6c-21b57b93715a-groupManagement] INFO  impl.RoleInfo (RoleInfo.java:updateAndGet(139)) - 68b35bab-6033-4329-aa6c-21b57b93715a: start 68b35bab-6033-4329-aa6c-21b57b93715a@group-511431F77EF9-FollowerState
2024-01-30 07:45:08,241 [68b35bab-6033-4329-aa6c-21b57b93715a-groupManagement] INFO  util.JmxRegister (JmxRegister.java:tryRegister(44)) - Successfully registered JMX Bean with object name Ratis:service=RaftServer,group=group-511431F77EF9,id=68b35bab-6033-4329-aa6c-21b57b93715a
2024-01-30 07:45:08,241 [68b35bab-6033-4329-aa6c-21b57b93715a-groupManagement] INFO  server.RaftServerConfigKeys (ConfUtils.java:logGet(46)) - raft.server.snapshot.trigger-when-stop.enabled = true (default)
2024-01-30 07:45:08,241 [68b35bab-6033-4329-aa6c-21b57b93715a-groupManagement] INFO  server.RaftServerConfigKeys (ConfUtils.java:logGet(46)) - raft.server.snapshot.auto.trigger.enabled = true (custom)
2024-01-30 07:45:08,241 [68b35bab-6033-4329-aa6c-21b57b93715a-groupManagement] INFO  server.RaftServerConfigKeys (ConfUtils.java:logGet(46)) - raft.server.snapshot.auto.trigger.threshold = 10000 (custom)
2024-01-30 07:45:08,241 [68b35bab-6033-4329-aa6c-21b57b93715a-groupManagement] INFO  server.RaftServerConfigKeys (ConfUtils.java:logGet(46)) - raft.server.snapshot.retention.file.num = 5 (custom)
2024-01-30 07:45:08,241 [68b35bab-6033-4329-aa6c-21b57b93715a-groupManagement] INFO  server.RaftServerConfigKeys (ConfUtils.java:logGet(46)) - raft.server.log.purge.upto.snapshot.index = false (default)
2024-01-30 07:45:08,241 [68b35bab-6033-4329-aa6c-21b57b93715a@group-511431F77EF9-FollowerState] INFO  server.RaftServerConfigKeys (ConfUtils.java:logFallback(53)) - raft.server.rpc.first-election.timeout.min = 5s (fallback to raft.server.rpc.timeout.min)
2024-01-30 07:45:08,242 [68b35bab-6033-4329-aa6c-21b57b93715a@group-511431F77EF9-FollowerState] INFO  server.RaftServerConfigKeys (ConfUtils.java:logFallback(53)) - raft.server.rpc.first-election.timeout.max = 5200ms (fallback to raft.server.rpc.timeout.max)
2024-01-30 07:45:08,241 [6af36478-fafe-44e8-8f65-092a10613903-groupManagement] INFO  server.RaftServerConfigKeys (ConfUtils.java:logGet(46)) - raft.server.log.segment.size.max = 67108864 (custom)
2024-01-30 07:45:08,243 [6af36478-fafe-44e8-8f65-092a10613903-groupManagement] INFO  server.RaftServerConfigKeys (ConfUtils.java:logGet(46)) - raft.server.log.segment.cache.num.max = 2 (custom)
2024-01-30 07:45:08,244 [6af36478-fafe-44e8-8f65-092a10613903-groupManagement] INFO  server.RaftServerConfigKeys (ConfUtils.java:logGet(46)) - raft.server.log.segment.cache.size.max = 200MB (=209715200) (default)
2024-01-30 07:45:08,244 [6af36478-fafe-44e8-8f65-092a10613903-groupManagement] INFO  server.RaftServerConfigKeys (ConfUtils.java:logGet(46)) - raft.server.log.appender.buffer.byte-limit = 8388608 (custom)
2024-01-30 07:45:08,243 [eae9be92-4231-488a-b42d-6128b74e9292-groupManagement] INFO  server.RaftServerConfigKeys (ConfUtils.java:logGet(46)) - raft.server.log.segment.size.max = 67108864 (custom)
2024-01-30 07:45:08,244 [eae9be92-4231-488a-b42d-6128b74e9292-groupManagement] INFO  server.RaftServerConfigKeys (ConfUtils.java:logGet(46)) - raft.server.log.segment.cache.num.max = 2 (custom)
2024-01-30 07:45:08,244 [eae9be92-4231-488a-b42d-6128b74e9292-groupManagement] INFO  server.RaftServerConfigKeys (ConfUtils.java:logGet(46)) - raft.server.log.segment.cache.size.max = 200MB (=209715200) (default)
2024-01-30 07:45:08,245 [eae9be92-4231-488a-b42d-6128b74e9292-groupManagement] INFO  server.RaftServerConfigKeys (ConfUtils.java:logGet(46)) - raft.server.log.appender.buffer.byte-limit = 8388608 (custom)
2024-01-30 07:45:08,245 [68b35bab-6033-4329-aa6c-21b57b93715a-PipelineCommandHandlerThread-0] INFO  ratis.XceiverServerRatis (XceiverServerRatis.java:addGroup(864)) - Created group PipelineID=1663c5bc-106b-4c60-8b40-511431f77ef9
2024-01-30 07:45:08,249 [eae9be92-4231-488a-b42d-6128b74e9292-groupManagement] INFO  util.AwaitToRun (AwaitToRun.java:start(81)) - Thread[eae9be92-4231-488a-b42d-6128b74e9292@group-511431F77EF9-cacheEviction-AwaitToRun,5,main] started
2024-01-30 07:45:08,250 [eae9be92-4231-488a-b42d-6128b74e9292-groupManagement] INFO  segmented.SegmentedRaftLogWorker (SegmentedRaftLogWorker.java:<init>(182)) - new eae9be92-4231-488a-b42d-6128b74e9292@group-511431F77EF9-SegmentedRaftLogWorker for RaftStorageImpl:Storage Directory /home/runner/work/ozone/ozone/hadoop-ozone/integration-test/target/test-dir/MiniOzoneClusterImpl-b74639a9-f624-491a-a51e-4d41e99a633c/datanode-1/data/ratis/1663c5bc-106b-4c60-8b40-511431f77ef9
2024-01-30 07:45:08,250 [eae9be92-4231-488a-b42d-6128b74e9292-groupManagement] INFO  server.RaftServerConfigKeys (ConfUtils.java:logGet(46)) - raft.server.log.queue.byte-limit = 4294967296 (custom)
2024-01-30 07:45:08,250 [eae9be92-4231-488a-b42d-6128b74e9292-groupManagement] INFO  server.RaftServerConfigKeys (ConfUtils.java:logGet(46)) - raft.server.log.queue.element-limit = 1024 (custom)
2024-01-30 07:45:08,250 [eae9be92-4231-488a-b42d-6128b74e9292-groupManagement] INFO  server.RaftServerConfigKeys (ConfUtils.java:logGet(46)) - raft.server.log.segment.size.max = 67108864 (custom)
2024-01-30 07:45:08,250 [eae9be92-4231-488a-b42d-6128b74e9292-groupManagement] INFO  server.RaftServerConfigKeys (ConfUtils.java:logGet(46)) - raft.server.log.preallocated.size = 4194304 (custom)
2024-01-30 07:45:08,250 [eae9be92-4231-488a-b42d-6128b74e9292-groupManagement] INFO  server.RaftServerConfigKeys (ConfUtils.java:logGet(46)) - raft.server.log.force.sync.num = 128 (default)
2024-01-30 07:45:08,251 [eae9be92-4231-488a-b42d-6128b74e9292-groupManagement] INFO  server.RaftServerConfigKeys (ConfUtils.java:logGet(46)) - raft.server.log.statemachine.data.sync = true (default)
2024-01-30 07:45:08,251 [eae9be92-4231-488a-b42d-6128b74e9292-groupManagement] INFO  server.RaftServerConfigKeys (ConfUtils.java:logGet(46)) - raft.server.log.statemachine.data.sync.timeout = 10s (default)
2024-01-30 07:45:08,251 [eae9be92-4231-488a-b42d-6128b74e9292-groupManagement] INFO  server.RaftServerConfigKeys (ConfUtils.java:logGet(46)) - raft.server.log.statemachine.data.sync.timeout.retry = 0 (custom)
2024-01-30 07:45:08,251 [eae9be92-4231-488a-b42d-6128b74e9292-groupManagement] INFO  server.RaftServerConfigKeys (ConfUtils.java:logGet(46)) - raft.server.log.write.buffer.size = 8388616 (custom)
2024-01-30 07:45:08,253 [6af36478-fafe-44e8-8f65-092a10613903-groupManagement] INFO  util.AwaitToRun (AwaitToRun.java:start(81)) - Thread[6af36478-fafe-44e8-8f65-092a10613903@group-2B83B386884B-cacheEviction-AwaitToRun,5,main] started
2024-01-30 07:45:08,253 [6af36478-fafe-44e8-8f65-092a10613903-groupManagement] INFO  segmented.SegmentedRaftLogWorker (SegmentedRaftLogWorker.java:<init>(182)) - new 6af36478-fafe-44e8-8f65-092a10613903@group-2B83B386884B-SegmentedRaftLogWorker for RaftStorageImpl:Storage Directory /home/runner/work/ozone/ozone/hadoop-ozone/integration-test/target/test-dir/MiniOzoneClusterImpl-b74639a9-f624-491a-a51e-4d41e99a633c/datanode-4/data/ratis/c049b9fe-84eb-4f8c-bf6c-2b83b386884b
2024-01-30 07:45:08,264 [6af36478-fafe-44e8-8f65-092a10613903-groupManagement] INFO  server.RaftServerConfigKeys (ConfUtils.java:logGet(46)) - raft.server.log.queue.byte-limit = 4294967296 (custom)
2024-01-30 07:45:08,265 [6af36478-fafe-44e8-8f65-092a10613903-groupManagement] INFO  server.RaftServerConfigKeys (ConfUtils.java:logGet(46)) - raft.server.log.queue.element-limit = 1024 (custom)
2024-01-30 07:45:08,265 [6af36478-fafe-44e8-8f65-092a10613903-groupManagement] INFO  server.RaftServerConfigKeys (ConfUtils.java:logGet(46)) - raft.server.log.segment.size.max = 67108864 (custom)
2024-01-30 07:45:08,265 [6af36478-fafe-44e8-8f65-092a10613903-groupManagement] INFO  server.RaftServerConfigKeys (ConfUtils.java:logGet(46)) - raft.server.log.preallocated.size = 4194304 (custom)
2024-01-30 07:45:08,265 [6af36478-fafe-44e8-8f65-092a10613903-groupManagement] INFO  server.RaftServerConfigKeys (ConfUtils.java:logGet(46)) - raft.server.log.force.sync.num = 128 (default)
2024-01-30 07:45:08,265 [6af36478-fafe-44e8-8f65-092a10613903-groupManagement] INFO  server.RaftServerConfigKeys (ConfUtils.java:logGet(46)) - raft.server.log.statemachine.data.sync = true (default)
2024-01-30 07:45:08,265 [6af36478-fafe-44e8-8f65-092a10613903-groupManagement] INFO  server.RaftServerConfigKeys (ConfUtils.java:logGet(46)) - raft.server.log.statemachine.data.sync.timeout = 10s (default)
2024-01-30 07:45:08,266 [6af36478-fafe-44e8-8f65-092a10613903-groupManagement] INFO  server.RaftServerConfigKeys (ConfUtils.java:logGet(46)) - raft.server.log.statemachine.data.sync.timeout.retry = 0 (custom)
2024-01-30 07:45:08,266 [6af36478-fafe-44e8-8f65-092a10613903-groupManagement] INFO  server.RaftServerConfigKeys (ConfUtils.java:logGet(46)) - raft.server.log.write.buffer.size = 8388616 (custom)
2024-01-30 07:45:08,259 [f4dc5428-8803-43b0-8e6b-8ffa99f16cef-groupManagement] INFO  server.RaftServer$Division (RaftServerImpl.java:<init>(256)) - f4dc5428-8803-43b0-8e6b-8ffa99f16cef: new RaftServerImpl for group-B85ECF817262:[f4dc5428-8803-43b0-8e6b-8ffa99f16cef|10.1.0.48:15059, 55f20ed8-ad05-4879-9178-788b5883eeb3|10.1.0.48:15041, 6af36478-fafe-44e8-8f65-092a10613903|10.1.0.48:15050] with ContainerStateMachine:uninitialized
2024-01-30 07:45:08,270 [f4dc5428-8803-43b0-8e6b-8ffa99f16cef-groupManagement] INFO  server.RaftServerConfigKeys (ConfUtils.java:logGet(46)) - raft.server.rpc.timeout.min = 5s (custom)
2024-01-30 07:45:08,270 [f4dc5428-8803-43b0-8e6b-8ffa99f16cef-groupManagement] INFO  server.RaftServerConfigKeys (ConfUtils.java:logGet(46)) - raft.server.rpc.timeout.max = 5200ms (custom)
2024-01-30 07:45:08,270 [f4dc5428-8803-43b0-8e6b-8ffa99f16cef-groupManagement] INFO  server.RaftServerConfigKeys (ConfUtils.java:logGet(46)) - raft.server.rpc.sleep.time = 25ms (default)
2024-01-30 07:45:08,270 [f4dc5428-8803-43b0-8e6b-8ffa99f16cef-groupManagement] INFO  server.RaftServerConfigKeys (ConfUtils.java:logGet(46)) - raft.server.rpc.slowness.timeout = 300s (custom)
2024-01-30 07:45:08,271 [f4dc5428-8803-43b0-8e6b-8ffa99f16cef-groupManagement] INFO  server.RaftServerConfigKeys (ConfUtils.java:logGet(46)) - raft.server.leaderelection.leader.step-down.wait-time = 10s (default)
2024-01-30 07:45:08,255 [eae9be92-4231-488a-b42d-6128b74e9292-groupManagement] INFO  server.RaftServerConfigKeys (ConfUtils.java:logGet(46)) - raft.server.log.appender.buffer.byte-limit = 8388608 (custom)
2024-01-30 07:45:08,275 [eae9be92-4231-488a-b42d-6128b74e9292-groupManagement] INFO  server.RaftServerConfigKeys (ConfUtils.java:logGet(46)) - raft.server.log.unsafe-flush.enabled = false (default)
2024-01-30 07:45:08,275 [eae9be92-4231-488a-b42d-6128b74e9292-groupManagement] INFO  server.RaftServerConfigKeys (ConfUtils.java:logGet(46)) - raft.server.log.async-flush.enabled = false (default)
2024-01-30 07:45:08,275 [eae9be92-4231-488a-b42d-6128b74e9292-groupManagement] INFO  server.RaftServerConfigKeys (ConfUtils.java:logGet(46)) - raft.server.log.statemachine.data.caching.enabled = true (custom)
2024-01-30 07:45:08,276 [eae9be92-4231-488a-b42d-6128b74e9292-groupManagement] INFO  segmented.SegmentedRaftLogWorker (SegmentedRaftLogWorker.java:lambda$new$0(134)) - eae9be92-4231-488a-b42d-6128b74e9292@group-511431F77EF9-SegmentedRaftLogWorker: flushIndex: setUnconditionally 0 -> -1
2024-01-30 07:45:08,276 [eae9be92-4231-488a-b42d-6128b74e9292-groupManagement] INFO  segmented.SegmentedRaftLogWorker (SegmentedRaftLogWorker.java:lambda$new$0(134)) - eae9be92-4231-488a-b42d-6128b74e9292@group-511431F77EF9-SegmentedRaftLogWorker: safeCacheEvictIndex: setUnconditionally 0 -> -1
2024-01-30 07:45:08,273 [6af36478-fafe-44e8-8f65-092a10613903-groupManagement] INFO  server.RaftServerConfigKeys (ConfUtils.java:logGet(46)) - raft.server.log.appender.buffer.byte-limit = 8388608 (custom)
2024-01-30 07:45:08,278 [6af36478-fafe-44e8-8f65-092a10613903-groupManagement] INFO  server.RaftServerConfigKeys (ConfUtils.java:logGet(46)) - raft.server.log.unsafe-flush.enabled = false (default)
2024-01-30 07:45:08,279 [6af36478-fafe-44e8-8f65-092a10613903-groupManagement] INFO  server.RaftServerConfigKeys (ConfUtils.java:logGet(46)) - raft.server.log.async-flush.enabled = false (default)
2024-01-30 07:45:08,279 [6af36478-fafe-44e8-8f65-092a10613903-groupManagement] INFO  server.RaftServerConfigKeys (ConfUtils.java:logGet(46)) - raft.server.log.statemachine.data.caching.enabled = true (custom)
2024-01-30 07:45:08,271 [f4dc5428-8803-43b0-8e6b-8ffa99f16cef-groupManagement] INFO  server.RaftServerConfigKeys (ConfUtils.java:logGet(46)) - raft.server.leaderelection.member.majority-add = false (default)
2024-01-30 07:45:08,279 [6af36478-fafe-44e8-8f65-092a10613903-groupManagement] INFO  segmented.SegmentedRaftLogWorker (SegmentedRaftLogWorker.java:lambda$new$0(134)) - 6af36478-fafe-44e8-8f65-092a10613903@group-2B83B386884B-SegmentedRaftLogWorker: flushIndex: setUnconditionally 0 -> -1
2024-01-30 07:45:08,279 [6af36478-fafe-44e8-8f65-092a10613903-groupManagement] INFO  segmented.SegmentedRaftLogWorker (SegmentedRaftLogWorker.java:lambda$new$0(134)) - 6af36478-fafe-44e8-8f65-092a10613903@group-2B83B386884B-SegmentedRaftLogWorker: safeCacheEvictIndex: setUnconditionally 0 -> -1
2024-01-30 07:45:08,279 [f4dc5428-8803-43b0-8e6b-8ffa99f16cef-groupManagement] INFO  server.RaftServerConfigKeys (ConfUtils.java:logGet(46)) - raft.server.sleep.deviation.threshold = 300ms (default)
2024-01-30 07:45:08,283 [f4dc5428-8803-43b0-8e6b-8ffa99f16cef-groupManagement] INFO  server.RaftServer$Division (ServerState.java:<init>(113)) - f4dc5428-8803-43b0-8e6b-8ffa99f16cef@group-B85ECF817262: ConfigurationManager, init=-1: peers:[f4dc5428-8803-43b0-8e6b-8ffa99f16cef|10.1.0.48:15059, 55f20ed8-ad05-4879-9178-788b5883eeb3|10.1.0.48:15041, 6af36478-fafe-44e8-8f65-092a10613903|10.1.0.48:15050]|listeners:[], old=null, confs=<EMPTY_MAP>
2024-01-30 07:45:08,283 [f4dc5428-8803-43b0-8e6b-8ffa99f16cef-groupManagement] INFO  server.RaftServerConfigKeys (ConfUtils.java:logGet(46)) - raft.server.notification.no-leader.timeout = 300s (custom)
2024-01-30 07:45:08,283 [f4dc5428-8803-43b0-8e6b-8ffa99f16cef-groupManagement] INFO  server.RaftServerConfigKeys (ConfUtils.java:logGet(46)) - raft.server.read.timeout = 10s (default)
2024-01-30 07:45:08,283 [f4dc5428-8803-43b0-8e6b-8ffa99f16cef-groupManagement] INFO  server.RaftServerConfigKeys (ConfUtils.java:logGet(46)) - raft.server.retrycache.expirytime = 600000ms (custom)
2024-01-30 07:45:08,283 [f4dc5428-8803-43b0-8e6b-8ffa99f16cef-groupManagement] INFO  server.RaftServerConfigKeys (ConfUtils.java:logGet(46)) - raft.server.retrycache.statistics.expirytime = 100ms (default)
2024-01-30 07:45:08,284 [f4dc5428-8803-43b0-8e6b-8ffa99f16cef-groupManagement] INFO  server.RaftServerConfigKeys (ConfUtils.java:logGet(46)) - raft.server.read.option = DEFAULT (default)
2024-01-30 07:45:08,284 [f4dc5428-8803-43b0-8e6b-8ffa99f16cef-groupManagement] INFO  server.RaftServerConfigKeys (ConfUtils.java:logGet(46)) - raft.server.read.read-after-write-consistent.write-index-cache.expiry-time = 60s (default)
2024-01-30 07:45:08,286 [6af36478-fafe-44e8-8f65-092a10613903-groupManagement] INFO  server.RaftServer$Division (RaftServerImpl.java:start(396)) - 6af36478-fafe-44e8-8f65-092a10613903@group-2B83B386884B: start as a follower, conf=-1: peers:[6af36478-fafe-44e8-8f65-092a10613903|10.1.0.48:15050]|listeners:[], old=null
2024-01-30 07:45:08,286 [6af36478-fafe-44e8-8f65-092a10613903-groupManagement] INFO  server.RaftServer$Division (RaftServerImpl.java:setRole(383)) - 6af36478-fafe-44e8-8f65-092a10613903@group-2B83B386884B: changes role from      null to FOLLOWER at term 0 for startAsFollower
2024-01-30 07:45:08,286 [6af36478-fafe-44e8-8f65-092a10613903-groupManagement] INFO  impl.RoleInfo (RoleInfo.java:updateAndGet(139)) - 6af36478-fafe-44e8-8f65-092a10613903: start 6af36478-fafe-44e8-8f65-092a10613903@group-2B83B386884B-FollowerState
2024-01-30 07:45:08,290 [6af36478-fafe-44e8-8f65-092a10613903-groupManagement] INFO  util.JmxRegister (JmxRegister.java:tryRegister(44)) - Successfully registered JMX Bean with object name Ratis:service=RaftServer,group=group-2B83B386884B,id=6af36478-fafe-44e8-8f65-092a10613903
2024-01-30 07:45:08,290 [6af36478-fafe-44e8-8f65-092a10613903-groupManagement] INFO  server.RaftServerConfigKeys (ConfUtils.java:logGet(46)) - raft.server.snapshot.trigger-when-stop.enabled = true (default)
2024-01-30 07:45:08,290 [6af36478-fafe-44e8-8f65-092a10613903-groupManagement] INFO  server.RaftServerConfigKeys (ConfUtils.java:logGet(46)) - raft.server.snapshot.auto.trigger.enabled = true (custom)
2024-01-30 07:45:08,290 [6af36478-fafe-44e8-8f65-092a10613903-groupManagement] INFO  server.RaftServerConfigKeys (ConfUtils.java:logGet(46)) - raft.server.snapshot.auto.trigger.threshold = 10000 (custom)
2024-01-30 07:45:08,290 [6af36478-fafe-44e8-8f65-092a10613903-groupManagement] INFO  server.RaftServerConfigKeys (ConfUtils.java:logGet(46)) - raft.server.snapshot.retention.file.num = 5 (custom)
2024-01-30 07:45:08,290 [6af36478-fafe-44e8-8f65-092a10613903-groupManagement] INFO  server.RaftServerConfigKeys (ConfUtils.java:logGet(46)) - raft.server.log.purge.upto.snapshot.index = false (default)
2024-01-30 07:45:08,290 [f4dc5428-8803-43b0-8e6b-8ffa99f16cef-groupManagement] INFO  server.RaftServerConfigKeys (ConfUtils.java:logGet(46)) - raft.server.rpc.request.timeout = 60s (custom)
2024-01-30 07:45:08,291 [f4dc5428-8803-43b0-8e6b-8ffa99f16cef-groupManagement] INFO  server.RaftServerConfigKeys (ConfUtils.java:logGet(46)) - raft.server.log.appender.install.snapshot.enabled = false (custom)
2024-01-30 07:45:08,291 [f4dc5428-8803-43b0-8e6b-8ffa99f16cef-groupManagement] INFO  server.RaftServerConfigKeys (ConfUtils.java:logGet(46)) - raft.server.threadpool.server.cached = true (default)
2024-01-30 07:45:08,291 [f4dc5428-8803-43b0-8e6b-8ffa99f16cef-groupManagement] INFO  server.RaftServerConfigKeys (ConfUtils.java:logGet(46)) - raft.server.threadpool.server.size = 0 (default)
2024-01-30 07:45:08,291 [6af36478-fafe-44e8-8f65-092a10613903@group-2B83B386884B-FollowerState] INFO  server.RaftServerConfigKeys (ConfUtils.java:logFallback(53)) - raft.server.rpc.first-election.timeout.min = 5s (fallback to raft.server.rpc.timeout.min)
2024-01-30 07:45:08,291 [6af36478-fafe-44e8-8f65-092a10613903@group-2B83B386884B-FollowerState] INFO  server.RaftServerConfigKeys (ConfUtils.java:logFallback(53)) - raft.server.rpc.first-election.timeout.max = 5200ms (fallback to raft.server.rpc.timeout.max)
2024-01-30 07:45:08,291 [f4dc5428-8803-43b0-8e6b-8ffa99f16cef-groupManagement] INFO  server.RaftServerConfigKeys (ConfUtils.java:logGet(46)) - raft.server.threadpool.client.cached = true (default)
2024-01-30 07:45:08,291 [f4dc5428-8803-43b0-8e6b-8ffa99f16cef-groupManagement] INFO  server.RaftServerConfigKeys (ConfUtils.java:logGet(46)) - raft.server.threadpool.client.size = 0 (default)
2024-01-30 07:45:08,291 [f4dc5428-8803-43b0-8e6b-8ffa99f16cef-groupManagement] INFO  server.RaftServerConfigKeys (ConfUtils.java:logGet(46)) - raft.server.storage.free-space.min = 0MB (=0) (default)
2024-01-30 07:45:08,291 [f4dc5428-8803-43b0-8e6b-8ffa99f16cef-groupManagement] INFO  server.RaftServerConfigKeys (ConfUtils.java:logGet(46)) - raft.server.log.corruption.policy = EXCEPTION (default)
2024-01-30 07:45:08,291 [f4dc5428-8803-43b0-8e6b-8ffa99f16cef-groupManagement] INFO  server.RaftServerConfigKeys (ConfUtils.java:logGet(46)) - raft.server.storage.dir = [/home/runner/work/ozone/ozone/hadoop-ozone/integration-test/target/test-dir/MiniOzoneClusterImpl-b74639a9-f624-491a-a51e-4d41e99a633c/datanode-5/data/ratis] (custom)
2024-01-30 07:45:08,292 [f4dc5428-8803-43b0-8e6b-8ffa99f16cef-groupManagement] INFO  storage.RaftStorageDirectory (RaftStorageDirectoryImpl.java:analyzeStorage(138)) - The storage directory /home/runner/work/ozone/ozone/hadoop-ozone/integration-test/target/test-dir/MiniOzoneClusterImpl-b74639a9-f624-491a-a51e-4d41e99a633c/datanode-5/data/ratis/757bbc48-4709-4d49-959e-c55566f64c03 does not exist. Creating ...
2024-01-30 07:45:08,292 [6af36478-fafe-44e8-8f65-092a10613903-PipelineCommandHandlerThread-0] INFO  ratis.XceiverServerRatis (XceiverServerRatis.java:addGroup(864)) - Created group PipelineID=c049b9fe-84eb-4f8c-bf6c-2b83b386884b
2024-01-30 07:45:08,292 [6af36478-fafe-44e8-8f65-092a10613903-PipelineCommandHandlerThread-0] INFO  commandhandler.CreatePipelineCommandHandler (CreatePipelineCommandHandler.java:lambda$handle$2(124)) - Created Pipeline RATIS ONE PipelineID=c049b9fe-84eb-4f8c-bf6c-2b83b386884b.
2024-01-30 07:45:08,293 [6af36478-fafe-44e8-8f65-092a10613903-PipelineCommandHandlerThread-0] INFO  server.RaftServer (RaftServerProxy.java:addNew(100)) - 6af36478-fafe-44e8-8f65-092a10613903: addNew group-81CA7C03A8D2:[f4dc5428-8803-43b0-8e6b-8ffa99f16cef|10.1.0.48:15059, 55f20ed8-ad05-4879-9178-788b5883eeb3|10.1.0.48:15041, 6af36478-fafe-44e8-8f65-092a10613903|10.1.0.48:15050] returns group-81CA7C03A8D2:java.util.concurrent.CompletableFuture@23a30da0[Not completed]
2024-01-30 07:45:08,293 [f4dc5428-8803-43b0-8e6b-8ffa99f16cef-groupManagement] INFO  storage.RaftStorageDirectory (RaftStorageDirectoryImpl.java:tryLock(228)) - Lock on /home/runner/work/ozone/ozone/hadoop-ozone/integration-test/target/test-dir/MiniOzoneClusterImpl-b74639a9-f624-491a-a51e-4d41e99a633c/datanode-5/data/ratis/757bbc48-4709-4d49-959e-c55566f64c03/in_use.lock acquired by nodename 92995@fv-az1436-717
2024-01-30 07:45:08,294 [6af36478-fafe-44e8-8f65-092a10613903-groupManagement] INFO  server.RaftServer$Division (RaftServerImpl.java:<init>(256)) - 6af36478-fafe-44e8-8f65-092a10613903: new RaftServerImpl for group-81CA7C03A8D2:[f4dc5428-8803-43b0-8e6b-8ffa99f16cef|10.1.0.48:15059, 55f20ed8-ad05-4879-9178-788b5883eeb3|10.1.0.48:15041, 6af36478-fafe-44e8-8f65-092a10613903|10.1.0.48:15050] with ContainerStateMachine:uninitialized
2024-01-30 07:45:08,294 [6af36478-fafe-44e8-8f65-092a10613903-groupManagement] INFO  server.RaftServerConfigKeys (ConfUtils.java:logGet(46)) - raft.server.rpc.timeout.min = 5s (custom)
2024-01-30 07:45:08,294 [6af36478-fafe-44e8-8f65-092a10613903-groupManagement] INFO  server.RaftServerConfigKeys (ConfUtils.java:logGet(46)) - raft.server.rpc.timeout.max = 5200ms (custom)
2024-01-30 07:45:08,294 [6af36478-fafe-44e8-8f65-092a10613903-groupManagement] INFO  server.RaftServerConfigKeys (ConfUtils.java:logGet(46)) - raft.server.rpc.sleep.time = 25ms (default)
2024-01-30 07:45:08,294 [6af36478-fafe-44e8-8f65-092a10613903-groupManagement] INFO  server.RaftServerConfigKeys (ConfUtils.java:logGet(46)) - raft.server.rpc.slowness.timeout = 300s (custom)
2024-01-30 07:45:08,294 [6af36478-fafe-44e8-8f65-092a10613903-groupManagement] INFO  server.RaftServerConfigKeys (ConfUtils.java:logGet(46)) - raft.server.leaderelection.leader.step-down.wait-time = 10s (default)
2024-01-30 07:45:08,294 [6af36478-fafe-44e8-8f65-092a10613903-groupManagement] INFO  server.RaftServerConfigKeys (ConfUtils.java:logGet(46)) - raft.server.leaderelection.member.majority-add = false (default)
2024-01-30 07:45:08,294 [6af36478-fafe-44e8-8f65-092a10613903-groupManagement] INFO  server.RaftServerConfigKeys (ConfUtils.java:logGet(46)) - raft.server.sleep.deviation.threshold = 300ms (default)
2024-01-30 07:45:08,295 [6af36478-fafe-44e8-8f65-092a10613903-groupManagement] INFO  server.RaftServer$Division (ServerState.java:<init>(113)) - 6af36478-fafe-44e8-8f65-092a10613903@group-81CA7C03A8D2: ConfigurationManager, init=-1: peers:[f4dc5428-8803-43b0-8e6b-8ffa99f16cef|10.1.0.48:15059, 55f20ed8-ad05-4879-9178-788b5883eeb3|10.1.0.48:15041, 6af36478-fafe-44e8-8f65-092a10613903|10.1.0.48:15050]|listeners:[], old=null, confs=<EMPTY_MAP>
2024-01-30 07:45:08,295 [6af36478-fafe-44e8-8f65-092a10613903-groupManagement] INFO  server.RaftServerConfigKeys (ConfUtils.java:logGet(46)) - raft.server.notification.no-leader.timeout = 300s (custom)
2024-01-30 07:45:08,295 [6af36478-fafe-44e8-8f65-092a10613903-groupManagement] INFO  server.RaftServerConfigKeys (ConfUtils.java:logGet(46)) - raft.server.read.timeout = 10s (default)
2024-01-30 07:45:08,295 [6af36478-fafe-44e8-8f65-092a10613903-groupManagement] INFO  server.RaftServerConfigKeys (ConfUtils.java:logGet(46)) - raft.server.retrycache.expirytime = 600000ms (custom)
2024-01-30 07:45:08,295 [6af36478-fafe-44e8-8f65-092a10613903-groupManagement] INFO  server.RaftServerConfigKeys (ConfUtils.java:logGet(46)) - raft.server.retrycache.statistics.expirytime = 100ms (default)
2024-01-30 07:45:08,295 [6af36478-fafe-44e8-8f65-092a10613903-groupManagement] INFO  server.RaftServerConfigKeys (ConfUtils.java:logGet(46)) - raft.server.read.option = DEFAULT (default)
2024-01-30 07:45:08,295 [6af36478-fafe-44e8-8f65-092a10613903-groupManagement] INFO  server.RaftServerConfigKeys (ConfUtils.java:logGet(46)) - raft.server.read.read-after-write-consistent.write-index-cache.expiry-time = 60s (default)
2024-01-30 07:45:08,302 [eae9be92-4231-488a-b42d-6128b74e9292-groupManagement] INFO  server.RaftServer$Division (RaftServerImpl.java:start(396)) - eae9be92-4231-488a-b42d-6128b74e9292@group-511431F77EF9: start as a follower, conf=-1: peers:[eae9be92-4231-488a-b42d-6128b74e9292|10.1.0.48:15023, bf3622ab-3fe7-408a-b5e0-736b392a243c|10.1.0.48:15032, 68b35bab-6033-4329-aa6c-21b57b93715a|10.1.0.48:15014]|listeners:[], old=null
2024-01-30 07:45:08,302 [eae9be92-4231-488a-b42d-6128b74e9292-groupManagement] INFO  server.RaftServer$Division (RaftServerImpl.java:setRole(383)) - eae9be92-4231-488a-b42d-6128b74e9292@group-511431F77EF9: changes role from      null to FOLLOWER at term 0 for startAsFollower
2024-01-30 07:45:08,302 [eae9be92-4231-488a-b42d-6128b74e9292-groupManagement] INFO  impl.RoleInfo (RoleInfo.java:updateAndGet(139)) - eae9be92-4231-488a-b42d-6128b74e9292: start eae9be92-4231-488a-b42d-6128b74e9292@group-511431F77EF9-FollowerState
2024-01-30 07:45:08,303 [f4dc5428-8803-43b0-8e6b-8ffa99f16cef-groupManagement] INFO  storage.RaftStorage (RaftStorageImpl.java:format(99)) - Storage directory /home/runner/work/ozone/ozone/hadoop-ozone/integration-test/target/test-dir/MiniOzoneClusterImpl-b74639a9-f624-491a-a51e-4d41e99a633c/datanode-5/data/ratis/757bbc48-4709-4d49-959e-c55566f64c03 has been successfully formatted.
2024-01-30 07:45:08,304 [f4dc5428-8803-43b0-8e6b-8ffa99f16cef-groupManagement] WARN  util.FileUtils (LogUtils.java:supplyAndLog(63)) - Failed to Files.newInputStream /home/runner/work/ozone/ozone/hadoop-ozone/integration-test/target/test-dir/MiniOzoneClusterImpl-b74639a9-f624-491a-a51e-4d41e99a633c/datanode-5/data/ratis/757bbc48-4709-4d49-959e-c55566f64c03/current/raft-meta.conf with options []: java.nio.file.NoSuchFileException: /home/runner/work/ozone/ozone/hadoop-ozone/integration-test/target/test-dir/MiniOzoneClusterImpl-b74639a9-f624-491a-a51e-4d41e99a633c/datanode-5/data/ratis/757bbc48-4709-4d49-959e-c55566f64c03/current/raft-meta.conf
2024-01-30 07:45:08,307 [f4dc5428-8803-43b0-8e6b-8ffa99f16cef-groupManagement] INFO  ratis.ContainerStateMachine (ContainerStateMachine.java:loadSnapshot(287)) - group-C55566F64C03: The snapshot info is null. Setting the last applied index to:(t:0, i:~)
2024-01-30 07:45:08,307 [f4dc5428-8803-43b0-8e6b-8ffa99f16cef-groupManagement] INFO  server.RaftServerConfigKeys (ConfUtils.java:logGet(46)) - raft.server.log.use.memory = false (default)
2024-01-30 07:45:08,308 [f4dc5428-8803-43b0-8e6b-8ffa99f16cef-groupManagement] INFO  server.RaftServerConfigKeys (ConfUtils.java:logGet(46)) - raft.server.log.purge.gap = 1000000 (custom)
2024-01-30 07:45:08,308 [f4dc5428-8803-43b0-8e6b-8ffa99f16cef-groupManagement] INFO  server.RaftServerConfigKeys (ConfUtils.java:logGet(46)) - raft.server.log.appender.buffer.byte-limit = 8388608 (custom)
2024-01-30 07:45:08,309 [f4dc5428-8803-43b0-8e6b-8ffa99f16cef-groupManagement] INFO  server.RaftServerConfigKeys (ConfUtils.java:logGet(46)) - raft.server.log.statemachine.data.read.timeout = 1000ms (default)
2024-01-30 07:45:08,309 [f4dc5428-8803-43b0-8e6b-8ffa99f16cef-groupManagement] INFO  server.RaftServerConfigKeys (ConfUtils.java:logGet(46)) - raft.server.log.purge.preservation.log.num = 0 (default)
2024-01-30 07:45:08,310 [EventQueue-PipelineReportForPipelineReportHandler] INFO  pipeline.PipelineReportHandler (PipelineReportHandler.java:processPipelineReport(136)) - Opened pipeline PipelineID=757bbc48-4709-4d49-959e-c55566f64c03
2024-01-30 07:45:08,310 [EventQueue-OpenPipelineForHealthyPipelineSafeModeRule] INFO  safemode.SCMSafeModeManager (HealthyPipelineSafeModeRule.java:process(140)) - SCM in safe mode. Healthy pipelines reported count is 0, required healthy pipeline reported count is 1
2024-01-30 07:45:08,314 [eae9be92-4231-488a-b42d-6128b74e9292@group-511431F77EF9-FollowerState] INFO  server.RaftServerConfigKeys (ConfUtils.java:logFallback(53)) - raft.server.rpc.first-election.timeout.min = 5s (fallback to raft.server.rpc.timeout.min)
2024-01-30 07:45:08,314 [eae9be92-4231-488a-b42d-6128b74e9292@group-511431F77EF9-FollowerState] INFO  server.RaftServerConfigKeys (ConfUtils.java:logFallback(53)) - raft.server.rpc.first-election.timeout.max = 5200ms (fallback to raft.server.rpc.timeout.max)
2024-01-30 07:45:08,316 [eae9be92-4231-488a-b42d-6128b74e9292-groupManagement] INFO  util.JmxRegister (JmxRegister.java:tryRegister(44)) - Successfully registered JMX Bean with object name Ratis:service=RaftServer,group=group-511431F77EF9,id=eae9be92-4231-488a-b42d-6128b74e9292
2024-01-30 07:45:08,316 [eae9be92-4231-488a-b42d-6128b74e9292-groupManagement] INFO  server.RaftServerConfigKeys (ConfUtils.java:logGet(46)) - raft.server.snapshot.trigger-when-stop.enabled = true (default)
2024-01-30 07:45:08,316 [eae9be92-4231-488a-b42d-6128b74e9292-groupManagement] INFO  server.RaftServerConfigKeys (ConfUtils.java:logGet(46)) - raft.server.snapshot.auto.trigger.enabled = true (custom)
2024-01-30 07:45:08,317 [eae9be92-4231-488a-b42d-6128b74e9292-groupManagement] INFO  server.RaftServerConfigKeys (ConfUtils.java:logGet(46)) - raft.server.snapshot.auto.trigger.threshold = 10000 (custom)
2024-01-30 07:45:08,317 [eae9be92-4231-488a-b42d-6128b74e9292-groupManagement] INFO  server.RaftServerConfigKeys (ConfUtils.java:logGet(46)) - raft.server.snapshot.retention.file.num = 5 (custom)
2024-01-30 07:45:08,317 [eae9be92-4231-488a-b42d-6128b74e9292-groupManagement] INFO  server.RaftServerConfigKeys (ConfUtils.java:logGet(46)) - raft.server.log.purge.upto.snapshot.index = false (default)
2024-01-30 07:45:08,321 [6af36478-fafe-44e8-8f65-092a10613903-groupManagement] INFO  server.RaftServerConfigKeys (ConfUtils.java:logGet(46)) - raft.server.rpc.request.timeout = 60s (custom)
2024-01-30 07:45:08,321 [6af36478-fafe-44e8-8f65-092a10613903-groupManagement] INFO  server.RaftServerConfigKeys (ConfUtils.java:logGet(46)) - raft.server.log.appender.install.snapshot.enabled = false (custom)
2024-01-30 07:45:08,321 [6af36478-fafe-44e8-8f65-092a10613903-groupManagement] INFO  server.RaftServerConfigKeys (ConfUtils.java:logGet(46)) - raft.server.threadpool.server.cached = true (default)
2024-01-30 07:45:08,321 [6af36478-fafe-44e8-8f65-092a10613903-groupManagement] INFO  server.RaftServerConfigKeys (ConfUtils.java:logGet(46)) - raft.server.threadpool.server.size = 0 (default)
2024-01-30 07:45:08,321 [6af36478-fafe-44e8-8f65-092a10613903-groupManagement] INFO  server.RaftServerConfigKeys (ConfUtils.java:logGet(46)) - raft.server.threadpool.client.cached = true (default)
2024-01-30 07:45:08,321 [6af36478-fafe-44e8-8f65-092a10613903-groupManagement] INFO  server.RaftServerConfigKeys (ConfUtils.java:logGet(46)) - raft.server.threadpool.client.size = 0 (default)
2024-01-30 07:45:08,321 [6af36478-fafe-44e8-8f65-092a10613903-groupManagement] INFO  server.RaftServerConfigKeys (ConfUtils.java:logGet(46)) - raft.server.storage.free-space.min = 0MB (=0) (default)
2024-01-30 07:45:08,321 [6af36478-fafe-44e8-8f65-092a10613903-groupManagement] INFO  server.RaftServerConfigKeys (ConfUtils.java:logGet(46)) - raft.server.log.corruption.policy = EXCEPTION (default)
2024-01-30 07:45:08,321 [6af36478-fafe-44e8-8f65-092a10613903-groupManagement] INFO  server.RaftServerConfigKeys (ConfUtils.java:logGet(46)) - raft.server.storage.dir = [/home/runner/work/ozone/ozone/hadoop-ozone/integration-test/target/test-dir/MiniOzoneClusterImpl-b74639a9-f624-491a-a51e-4d41e99a633c/datanode-4/data/ratis] (custom)
2024-01-30 07:45:08,322 [6af36478-fafe-44e8-8f65-092a10613903-groupManagement] INFO  storage.RaftStorageDirectory (RaftStorageDirectoryImpl.java:analyzeStorage(138)) - The storage directory /home/runner/work/ozone/ozone/hadoop-ozone/integration-test/target/test-dir/MiniOzoneClusterImpl-b74639a9-f624-491a-a51e-4d41e99a633c/datanode-4/data/ratis/8af44c19-b552-4941-bb30-81ca7c03a8d2 does not exist. Creating ...
2024-01-30 07:45:08,322 [6af36478-fafe-44e8-8f65-092a10613903-groupManagement] INFO  storage.RaftStorageDirectory (RaftStorageDirectoryImpl.java:tryLock(228)) - Lock on /home/runner/work/ozone/ozone/hadoop-ozone/integration-test/target/test-dir/MiniOzoneClusterImpl-b74639a9-f624-491a-a51e-4d41e99a633c/datanode-4/data/ratis/8af44c19-b552-4941-bb30-81ca7c03a8d2/in_use.lock acquired by nodename 92995@fv-az1436-717
2024-01-30 07:45:08,323 [6af36478-fafe-44e8-8f65-092a10613903-groupManagement] INFO  storage.RaftStorage (RaftStorageImpl.java:format(99)) - Storage directory /home/runner/work/ozone/ozone/hadoop-ozone/integration-test/target/test-dir/MiniOzoneClusterImpl-b74639a9-f624-491a-a51e-4d41e99a633c/datanode-4/data/ratis/8af44c19-b552-4941-bb30-81ca7c03a8d2 has been successfully formatted.
2024-01-30 07:45:08,324 [6af36478-fafe-44e8-8f65-092a10613903-groupManagement] WARN  util.FileUtils (LogUtils.java:supplyAndLog(63)) - Failed to Files.newInputStream /home/runner/work/ozone/ozone/hadoop-ozone/integration-test/target/test-dir/MiniOzoneClusterImpl-b74639a9-f624-491a-a51e-4d41e99a633c/datanode-4/data/ratis/8af44c19-b552-4941-bb30-81ca7c03a8d2/current/raft-meta.conf with options []: java.nio.file.NoSuchFileException: /home/runner/work/ozone/ozone/hadoop-ozone/integration-test/target/test-dir/MiniOzoneClusterImpl-b74639a9-f624-491a-a51e-4d41e99a633c/datanode-4/data/ratis/8af44c19-b552-4941-bb30-81ca7c03a8d2/current/raft-meta.conf
2024-01-30 07:45:08,325 [f4dc5428-8803-43b0-8e6b-8ffa99f16cef-groupManagement] INFO  server.RaftServerConfigKeys (ConfUtils.java:logGet(46)) - raft.server.log.segment.size.max = 67108864 (custom)
2024-01-30 07:45:08,325 [f4dc5428-8803-43b0-8e6b-8ffa99f16cef-groupManagement] INFO  server.RaftServerConfigKeys (ConfUtils.java:logGet(46)) - raft.server.log.segment.cache.num.max = 2 (custom)
2024-01-30 07:45:08,325 [f4dc5428-8803-43b0-8e6b-8ffa99f16cef-groupManagement] INFO  server.RaftServerConfigKeys (ConfUtils.java:logGet(46)) - raft.server.log.segment.cache.size.max = 200MB (=209715200) (default)
2024-01-30 07:45:08,325 [f4dc5428-8803-43b0-8e6b-8ffa99f16cef-groupManagement] INFO  server.RaftServerConfigKeys (ConfUtils.java:logGet(46)) - raft.server.log.appender.buffer.byte-limit = 8388608 (custom)
2024-01-30 07:45:08,330 [eae9be92-4231-488a-b42d-6128b74e9292-PipelineCommandHandlerThread-0] INFO  ratis.XceiverServerRatis (XceiverServerRatis.java:addGroup(864)) - Created group PipelineID=1663c5bc-106b-4c60-8b40-511431f77ef9
2024-01-30 07:45:08,337 [6af36478-fafe-44e8-8f65-092a10613903-groupManagement] INFO  ratis.ContainerStateMachine (ContainerStateMachine.java:loadSnapshot(287)) - group-81CA7C03A8D2: The snapshot info is null. Setting the last applied index to:(t:0, i:~)
2024-01-30 07:45:08,338 [6af36478-fafe-44e8-8f65-092a10613903-groupManagement] INFO  server.RaftServerConfigKeys (ConfUtils.java:logGet(46)) - raft.server.log.use.memory = false (default)
2024-01-30 07:45:08,338 [6af36478-fafe-44e8-8f65-092a10613903-groupManagement] INFO  server.RaftServerConfigKeys (ConfUtils.java:logGet(46)) - raft.server.log.purge.gap = 1000000 (custom)
2024-01-30 07:45:08,338 [6af36478-fafe-44e8-8f65-092a10613903-groupManagement] INFO  server.RaftServerConfigKeys (ConfUtils.java:logGet(46)) - raft.server.log.appender.buffer.byte-limit = 8388608 (custom)
2024-01-30 07:45:08,338 [6af36478-fafe-44e8-8f65-092a10613903-groupManagement] INFO  server.RaftServerConfigKeys (ConfUtils.java:logGet(46)) - raft.server.log.statemachine.data.read.timeout = 1000ms (default)
2024-01-30 07:45:08,338 [6af36478-fafe-44e8-8f65-092a10613903-groupManagement] INFO  server.RaftServerConfigKeys (ConfUtils.java:logGet(46)) - raft.server.log.purge.preservation.log.num = 0 (default)
2024-01-30 07:45:08,340 [6af36478-fafe-44e8-8f65-092a10613903-groupManagement] INFO  server.RaftServerConfigKeys (ConfUtils.java:logGet(46)) - raft.server.log.segment.size.max = 67108864 (custom)
2024-01-30 07:45:08,340 [6af36478-fafe-44e8-8f65-092a10613903-groupManagement] INFO  server.RaftServerConfigKeys (ConfUtils.java:logGet(46)) - raft.server.log.segment.cache.num.max = 2 (custom)
2024-01-30 07:45:08,340 [6af36478-fafe-44e8-8f65-092a10613903-groupManagement] INFO  server.RaftServerConfigKeys (ConfUtils.java:logGet(46)) - raft.server.log.segment.cache.size.max = 200MB (=209715200) (default)
2024-01-30 07:45:08,340 [6af36478-fafe-44e8-8f65-092a10613903-groupManagement] INFO  server.RaftServerConfigKeys (ConfUtils.java:logGet(46)) - raft.server.log.appender.buffer.byte-limit = 8388608 (custom)
2024-01-30 07:45:08,336 [f4dc5428-8803-43b0-8e6b-8ffa99f16cef-groupManagement] INFO  util.AwaitToRun (AwaitToRun.java:start(81)) - Thread[f4dc5428-8803-43b0-8e6b-8ffa99f16cef@group-C55566F64C03-cacheEviction-AwaitToRun,5,main] started
2024-01-30 07:45:08,340 [6af36478-fafe-44e8-8f65-092a10613903-groupManagement] INFO  util.AwaitToRun (AwaitToRun.java:start(81)) - Thread[6af36478-fafe-44e8-8f65-092a10613903@group-81CA7C03A8D2-cacheEviction-AwaitToRun,5,main] started
2024-01-30 07:45:08,340 [f4dc5428-8803-43b0-8e6b-8ffa99f16cef-groupManagement] INFO  segmented.SegmentedRaftLogWorker (SegmentedRaftLogWorker.java:<init>(182)) - new f4dc5428-8803-43b0-8e6b-8ffa99f16cef@group-C55566F64C03-SegmentedRaftLogWorker for RaftStorageImpl:Storage Directory /home/runner/work/ozone/ozone/hadoop-ozone/integration-test/target/test-dir/MiniOzoneClusterImpl-b74639a9-f624-491a-a51e-4d41e99a633c/datanode-5/data/ratis/757bbc48-4709-4d49-959e-c55566f64c03
2024-01-30 07:45:08,341 [6af36478-fafe-44e8-8f65-092a10613903-groupManagement] INFO  segmented.SegmentedRaftLogWorker (SegmentedRaftLogWorker.java:<init>(182)) - new 6af36478-fafe-44e8-8f65-092a10613903@group-81CA7C03A8D2-SegmentedRaftLogWorker for RaftStorageImpl:Storage Directory /home/runner/work/ozone/ozone/hadoop-ozone/integration-test/target/test-dir/MiniOzoneClusterImpl-b74639a9-f624-491a-a51e-4d41e99a633c/datanode-4/data/ratis/8af44c19-b552-4941-bb30-81ca7c03a8d2
2024-01-30 07:45:08,341 [f4dc5428-8803-43b0-8e6b-8ffa99f16cef-groupManagement] INFO  server.RaftServerConfigKeys (ConfUtils.java:logGet(46)) - raft.server.log.queue.byte-limit = 4294967296 (custom)
2024-01-30 07:45:08,341 [6af36478-fafe-44e8-8f65-092a10613903-groupManagement] INFO  server.RaftServerConfigKeys (ConfUtils.java:logGet(46)) - raft.server.log.queue.byte-limit = 4294967296 (custom)
2024-01-30 07:45:08,341 [f4dc5428-8803-43b0-8e6b-8ffa99f16cef-groupManagement] INFO  server.RaftServerConfigKeys (ConfUtils.java:logGet(46)) - raft.server.log.queue.element-limit = 1024 (custom)
2024-01-30 07:45:08,341 [6af36478-fafe-44e8-8f65-092a10613903-groupManagement] INFO  server.RaftServerConfigKeys (ConfUtils.java:logGet(46)) - raft.server.log.queue.element-limit = 1024 (custom)
2024-01-30 07:45:08,341 [f4dc5428-8803-43b0-8e6b-8ffa99f16cef-groupManagement] INFO  server.RaftServerConfigKeys (ConfUtils.java:logGet(46)) - raft.server.log.segment.size.max = 67108864 (custom)
2024-01-30 07:45:08,341 [6af36478-fafe-44e8-8f65-092a10613903-groupManagement] INFO  server.RaftServerConfigKeys (ConfUtils.java:logGet(46)) - raft.server.log.segment.size.max = 67108864 (custom)
2024-01-30 07:45:08,341 [f4dc5428-8803-43b0-8e6b-8ffa99f16cef-groupManagement] INFO  server.RaftServerConfigKeys (ConfUtils.java:logGet(46)) - raft.server.log.preallocated.size = 4194304 (custom)
2024-01-30 07:45:08,341 [6af36478-fafe-44e8-8f65-092a10613903-groupManagement] INFO  server.RaftServerConfigKeys (ConfUtils.java:logGet(46)) - raft.server.log.preallocated.size = 4194304 (custom)
2024-01-30 07:45:08,341 [f4dc5428-8803-43b0-8e6b-8ffa99f16cef-groupManagement] INFO  server.RaftServerConfigKeys (ConfUtils.java:logGet(46)) - raft.server.log.force.sync.num = 128 (default)
2024-01-30 07:45:08,341 [6af36478-fafe-44e8-8f65-092a10613903-groupManagement] INFO  server.RaftServerConfigKeys (ConfUtils.java:logGet(46)) - raft.server.log.force.sync.num = 128 (default)
2024-01-30 07:45:08,341 [f4dc5428-8803-43b0-8e6b-8ffa99f16cef-groupManagement] INFO  server.RaftServerConfigKeys (ConfUtils.java:logGet(46)) - raft.server.log.statemachine.data.sync = true (default)
2024-01-30 07:45:08,341 [6af36478-fafe-44e8-8f65-092a10613903-groupManagement] INFO  server.RaftServerConfigKeys (ConfUtils.java:logGet(46)) - raft.server.log.statemachine.data.sync = true (default)
2024-01-30 07:45:08,341 [f4dc5428-8803-43b0-8e6b-8ffa99f16cef-groupManagement] INFO  server.RaftServerConfigKeys (ConfUtils.java:logGet(46)) - raft.server.log.statemachine.data.sync.timeout = 10s (default)
2024-01-30 07:45:08,342 [6af36478-fafe-44e8-8f65-092a10613903-groupManagement] INFO  server.RaftServerConfigKeys (ConfUtils.java:logGet(46)) - raft.server.log.statemachine.data.sync.timeout = 10s (default)
2024-01-30 07:45:08,342 [f4dc5428-8803-43b0-8e6b-8ffa99f16cef-groupManagement] INFO  server.RaftServerConfigKeys (ConfUtils.java:logGet(46)) - raft.server.log.statemachine.data.sync.timeout.retry = 0 (custom)
2024-01-30 07:45:08,342 [6af36478-fafe-44e8-8f65-092a10613903-groupManagement] INFO  server.RaftServerConfigKeys (ConfUtils.java:logGet(46)) - raft.server.log.statemachine.data.sync.timeout.retry = 0 (custom)
2024-01-30 07:45:08,347 [EventQueue-OpenPipelineForHealthyPipelineSafeModeRule] INFO  safemode.SCMSafeModeManager (HealthyPipelineSafeModeRule.java:process(140)) - SCM in safe mode. Healthy pipelines reported count is 0, required healthy pipeline reported count is 1
2024-01-30 07:45:08,347 [6af36478-fafe-44e8-8f65-092a10613903-groupManagement] INFO  server.RaftServerConfigKeys (ConfUtils.java:logGet(46)) - raft.server.log.write.buffer.size = 8388616 (custom)
2024-01-30 07:45:08,347 [f4dc5428-8803-43b0-8e6b-8ffa99f16cef-groupManagement] INFO  server.RaftServerConfigKeys (ConfUtils.java:logGet(46)) - raft.server.log.write.buffer.size = 8388616 (custom)
2024-01-30 07:45:08,352 [f4dc5428-8803-43b0-8e6b-8ffa99f16cef-groupManagement] INFO  server.RaftServerConfigKeys (ConfUtils.java:logGet(46)) - raft.server.log.appender.buffer.byte-limit = 8388608 (custom)
2024-01-30 07:45:08,352 [f4dc5428-8803-43b0-8e6b-8ffa99f16cef-groupManagement] INFO  server.RaftServerConfigKeys (ConfUtils.java:logGet(46)) - raft.server.log.unsafe-flush.enabled = false (default)
2024-01-30 07:45:08,352 [f4dc5428-8803-43b0-8e6b-8ffa99f16cef-groupManagement] INFO  server.RaftServerConfigKeys (ConfUtils.java:logGet(46)) - raft.server.log.async-flush.enabled = false (default)
2024-01-30 07:45:08,352 [f4dc5428-8803-43b0-8e6b-8ffa99f16cef-groupManagement] INFO  server.RaftServerConfigKeys (ConfUtils.java:logGet(46)) - raft.server.log.statemachine.data.caching.enabled = true (custom)
2024-01-30 07:45:08,353 [f4dc5428-8803-43b0-8e6b-8ffa99f16cef-groupManagement] INFO  segmented.SegmentedRaftLogWorker (SegmentedRaftLogWorker.java:lambda$new$0(134)) - f4dc5428-8803-43b0-8e6b-8ffa99f16cef@group-C55566F64C03-SegmentedRaftLogWorker: flushIndex: setUnconditionally 0 -> -1
2024-01-30 07:45:08,353 [f4dc5428-8803-43b0-8e6b-8ffa99f16cef-groupManagement] INFO  segmented.SegmentedRaftLogWorker (SegmentedRaftLogWorker.java:lambda$new$0(134)) - f4dc5428-8803-43b0-8e6b-8ffa99f16cef@group-C55566F64C03-SegmentedRaftLogWorker: safeCacheEvictIndex: setUnconditionally 0 -> -1
2024-01-30 07:45:08,361 [f4dc5428-8803-43b0-8e6b-8ffa99f16cef-groupManagement] INFO  server.RaftServer$Division (RaftServerImpl.java:start(396)) - f4dc5428-8803-43b0-8e6b-8ffa99f16cef@group-C55566F64C03: start as a follower, conf=-1: peers:[f4dc5428-8803-43b0-8e6b-8ffa99f16cef|10.1.0.48:15059]|listeners:[], old=null
2024-01-30 07:45:08,361 [f4dc5428-8803-43b0-8e6b-8ffa99f16cef-groupManagement] INFO  server.RaftServer$Division (RaftServerImpl.java:setRole(383)) - f4dc5428-8803-43b0-8e6b-8ffa99f16cef@group-C55566F64C03: changes role from      null to FOLLOWER at term 0 for startAsFollower
2024-01-30 07:45:08,361 [f4dc5428-8803-43b0-8e6b-8ffa99f16cef-groupManagement] INFO  impl.RoleInfo (RoleInfo.java:updateAndGet(139)) - f4dc5428-8803-43b0-8e6b-8ffa99f16cef: start f4dc5428-8803-43b0-8e6b-8ffa99f16cef@group-C55566F64C03-FollowerState
2024-01-30 07:45:08,362 [f4dc5428-8803-43b0-8e6b-8ffa99f16cef-groupManagement] INFO  util.JmxRegister (JmxRegister.java:tryRegister(44)) - Successfully registered JMX Bean with object name Ratis:service=RaftServer,group=group-C55566F64C03,id=f4dc5428-8803-43b0-8e6b-8ffa99f16cef
2024-01-30 07:45:08,362 [f4dc5428-8803-43b0-8e6b-8ffa99f16cef-groupManagement] INFO  server.RaftServerConfigKeys (ConfUtils.java:logGet(46)) - raft.server.snapshot.trigger-when-stop.enabled = true (default)
2024-01-30 07:45:08,362 [f4dc5428-8803-43b0-8e6b-8ffa99f16cef-groupManagement] INFO  server.RaftServerConfigKeys (ConfUtils.java:logGet(46)) - raft.server.snapshot.auto.trigger.enabled = true (custom)
2024-01-30 07:45:08,362 [f4dc5428-8803-43b0-8e6b-8ffa99f16cef-groupManagement] INFO  server.RaftServerConfigKeys (ConfUtils.java:logGet(46)) - raft.server.snapshot.auto.trigger.threshold = 10000 (custom)
2024-01-30 07:45:08,362 [f4dc5428-8803-43b0-8e6b-8ffa99f16cef-groupManagement] INFO  server.RaftServerConfigKeys (ConfUtils.java:logGet(46)) - raft.server.snapshot.retention.file.num = 5 (custom)
2024-01-30 07:45:08,363 [f4dc5428-8803-43b0-8e6b-8ffa99f16cef-groupManagement] INFO  server.RaftServerConfigKeys (ConfUtils.java:logGet(46)) - raft.server.log.purge.upto.snapshot.index = false (default)
2024-01-30 07:45:08,363 [f4dc5428-8803-43b0-8e6b-8ffa99f16cef@group-C55566F64C03-FollowerState] INFO  server.RaftServerConfigKeys (ConfUtils.java:logFallback(53)) - raft.server.rpc.first-election.timeout.min = 5s (fallback to raft.server.rpc.timeout.min)
2024-01-30 07:45:08,363 [f4dc5428-8803-43b0-8e6b-8ffa99f16cef-PipelineCommandHandlerThread-0] INFO  ratis.XceiverServerRatis (XceiverServerRatis.java:addGroup(864)) - Created group PipelineID=757bbc48-4709-4d49-959e-c55566f64c03
2024-01-30 07:45:08,363 [f4dc5428-8803-43b0-8e6b-8ffa99f16cef-PipelineCommandHandlerThread-0] INFO  commandhandler.CreatePipelineCommandHandler (CreatePipelineCommandHandler.java:lambda$handle$2(124)) - Created Pipeline RATIS ONE PipelineID=757bbc48-4709-4d49-959e-c55566f64c03.
2024-01-30 07:45:08,371 [f4dc5428-8803-43b0-8e6b-8ffa99f16cef-PipelineCommandHandlerThread-0] INFO  server.RaftServer (RaftServerProxy.java:addNew(100)) - f4dc5428-8803-43b0-8e6b-8ffa99f16cef: addNew group-81CA7C03A8D2:[f4dc5428-8803-43b0-8e6b-8ffa99f16cef|10.1.0.48:15059, 55f20ed8-ad05-4879-9178-788b5883eeb3|10.1.0.48:15041, 6af36478-fafe-44e8-8f65-092a10613903|10.1.0.48:15050] returns group-81CA7C03A8D2:java.util.concurrent.CompletableFuture@e382c02[Not completed]
2024-01-30 07:45:08,363 [f4dc5428-8803-43b0-8e6b-8ffa99f16cef@group-C55566F64C03-FollowerState] INFO  server.RaftServerConfigKeys (ConfUtils.java:logFallback(53)) - raft.server.rpc.first-election.timeout.max = 5200ms (fallback to raft.server.rpc.timeout.max)
2024-01-30 07:45:08,370 [6af36478-fafe-44e8-8f65-092a10613903-groupManagement] INFO  server.RaftServerConfigKeys (ConfUtils.java:logGet(46)) - raft.server.log.appender.buffer.byte-limit = 8388608 (custom)
2024-01-30 07:45:08,375 [6af36478-fafe-44e8-8f65-092a10613903-groupManagement] INFO  server.RaftServerConfigKeys (ConfUtils.java:logGet(46)) - raft.server.log.unsafe-flush.enabled = false (default)
2024-01-30 07:45:08,375 [6af36478-fafe-44e8-8f65-092a10613903-groupManagement] INFO  server.RaftServerConfigKeys (ConfUtils.java:logGet(46)) - raft.server.log.async-flush.enabled = false (default)
2024-01-30 07:45:08,375 [6af36478-fafe-44e8-8f65-092a10613903-groupManagement] INFO  server.RaftServerConfigKeys (ConfUtils.java:logGet(46)) - raft.server.log.statemachine.data.caching.enabled = true (custom)
2024-01-30 07:45:08,376 [6af36478-fafe-44e8-8f65-092a10613903-groupManagement] INFO  segmented.SegmentedRaftLogWorker (SegmentedRaftLogWorker.java:lambda$new$0(134)) - 6af36478-fafe-44e8-8f65-092a10613903@group-81CA7C03A8D2-SegmentedRaftLogWorker: flushIndex: setUnconditionally 0 -> -1
2024-01-30 07:45:08,376 [6af36478-fafe-44e8-8f65-092a10613903-groupManagement] INFO  segmented.SegmentedRaftLogWorker (SegmentedRaftLogWorker.java:lambda$new$0(134)) - 6af36478-fafe-44e8-8f65-092a10613903@group-81CA7C03A8D2-SegmentedRaftLogWorker: safeCacheEvictIndex: setUnconditionally 0 -> -1
2024-01-30 07:45:08,370 [f4dc5428-8803-43b0-8e6b-8ffa99f16cef-groupManagement] INFO  server.RaftServerConfigKeys (ConfUtils.java:logGet(46)) - raft.server.storage.free-space.min = 0MB (=0) (default)
2024-01-30 07:45:08,376 [f4dc5428-8803-43b0-8e6b-8ffa99f16cef-groupManagement] INFO  server.RaftServerConfigKeys (ConfUtils.java:logGet(46)) - raft.server.log.corruption.policy = EXCEPTION (default)
2024-01-30 07:45:08,376 [f4dc5428-8803-43b0-8e6b-8ffa99f16cef-groupManagement] INFO  server.RaftServerConfigKeys (ConfUtils.java:logGet(46)) - raft.server.storage.dir = [/home/runner/work/ozone/ozone/hadoop-ozone/integration-test/target/test-dir/MiniOzoneClusterImpl-b74639a9-f624-491a-a51e-4d41e99a633c/datanode-5/data/ratis] (custom)
2024-01-30 07:45:08,377 [f4dc5428-8803-43b0-8e6b-8ffa99f16cef-groupManagement] INFO  storage.RaftStorageDirectory (RaftStorageDirectoryImpl.java:analyzeStorage(138)) - The storage directory /home/runner/work/ozone/ozone/hadoop-ozone/integration-test/target/test-dir/MiniOzoneClusterImpl-b74639a9-f624-491a-a51e-4d41e99a633c/datanode-5/data/ratis/4cf6885c-1486-46ce-8fed-b85ecf817262 does not exist. Creating ...
2024-01-30 07:45:08,379 [f4dc5428-8803-43b0-8e6b-8ffa99f16cef-groupManagement] INFO  storage.RaftStorageDirectory (RaftStorageDirectoryImpl.java:tryLock(228)) - Lock on /home/runner/work/ozone/ozone/hadoop-ozone/integration-test/target/test-dir/MiniOzoneClusterImpl-b74639a9-f624-491a-a51e-4d41e99a633c/datanode-5/data/ratis/4cf6885c-1486-46ce-8fed-b85ecf817262/in_use.lock acquired by nodename 92995@fv-az1436-717
2024-01-30 07:45:08,379 [6af36478-fafe-44e8-8f65-092a10613903-groupManagement] INFO  server.RaftServer$Division (RaftServerImpl.java:start(396)) - 6af36478-fafe-44e8-8f65-092a10613903@group-81CA7C03A8D2: start as a follower, conf=-1: peers:[f4dc5428-8803-43b0-8e6b-8ffa99f16cef|10.1.0.48:15059, 55f20ed8-ad05-4879-9178-788b5883eeb3|10.1.0.48:15041, 6af36478-fafe-44e8-8f65-092a10613903|10.1.0.48:15050]|listeners:[], old=null
2024-01-30 07:45:08,379 [6af36478-fafe-44e8-8f65-092a10613903-groupManagement] INFO  server.RaftServer$Division (RaftServerImpl.java:setRole(383)) - 6af36478-fafe-44e8-8f65-092a10613903@group-81CA7C03A8D2: changes role from      null to FOLLOWER at term 0 for startAsFollower
2024-01-30 07:45:08,379 [6af36478-fafe-44e8-8f65-092a10613903-groupManagement] INFO  impl.RoleInfo (RoleInfo.java:updateAndGet(139)) - 6af36478-fafe-44e8-8f65-092a10613903: start 6af36478-fafe-44e8-8f65-092a10613903@group-81CA7C03A8D2-FollowerState
2024-01-30 07:45:08,380 [f4dc5428-8803-43b0-8e6b-8ffa99f16cef-groupManagement] INFO  storage.RaftStorage (RaftStorageImpl.java:format(99)) - Storage directory /home/runner/work/ozone/ozone/hadoop-ozone/integration-test/target/test-dir/MiniOzoneClusterImpl-b74639a9-f624-491a-a51e-4d41e99a633c/datanode-5/data/ratis/4cf6885c-1486-46ce-8fed-b85ecf817262 has been successfully formatted.
2024-01-30 07:45:08,380 [f4dc5428-8803-43b0-8e6b-8ffa99f16cef-groupManagement] WARN  util.FileUtils (LogUtils.java:supplyAndLog(63)) - Failed to Files.newInputStream /home/runner/work/ozone/ozone/hadoop-ozone/integration-test/target/test-dir/MiniOzoneClusterImpl-b74639a9-f624-491a-a51e-4d41e99a633c/datanode-5/data/ratis/4cf6885c-1486-46ce-8fed-b85ecf817262/current/raft-meta.conf with options []: java.nio.file.NoSuchFileException: /home/runner/work/ozone/ozone/hadoop-ozone/integration-test/target/test-dir/MiniOzoneClusterImpl-b74639a9-f624-491a-a51e-4d41e99a633c/datanode-5/data/ratis/4cf6885c-1486-46ce-8fed-b85ecf817262/current/raft-meta.conf
2024-01-30 07:45:08,382 [6af36478-fafe-44e8-8f65-092a10613903-groupManagement] INFO  util.JmxRegister (JmxRegister.java:tryRegister(44)) - Successfully registered JMX Bean with object name Ratis:service=RaftServer,group=group-81CA7C03A8D2,id=6af36478-fafe-44e8-8f65-092a10613903
2024-01-30 07:45:08,382 [6af36478-fafe-44e8-8f65-092a10613903-groupManagement] INFO  server.RaftServerConfigKeys (ConfUtils.java:logGet(46)) - raft.server.snapshot.trigger-when-stop.enabled = true (default)
2024-01-30 07:45:08,383 [6af36478-fafe-44e8-8f65-092a10613903-groupManagement] INFO  server.RaftServerConfigKeys (ConfUtils.java:logGet(46)) - raft.server.snapshot.auto.trigger.enabled = true (custom)
2024-01-30 07:45:08,383 [6af36478-fafe-44e8-8f65-092a10613903-groupManagement] INFO  server.RaftServerConfigKeys (ConfUtils.java:logGet(46)) - raft.server.snapshot.auto.trigger.threshold = 10000 (custom)
2024-01-30 07:45:08,383 [6af36478-fafe-44e8-8f65-092a10613903-groupManagement] INFO  server.RaftServerConfigKeys (ConfUtils.java:logGet(46)) - raft.server.snapshot.retention.file.num = 5 (custom)
2024-01-30 07:45:08,383 [6af36478-fafe-44e8-8f65-092a10613903-groupManagement] INFO  server.RaftServerConfigKeys (ConfUtils.java:logGet(46)) - raft.server.log.purge.upto.snapshot.index = false (default)
2024-01-30 07:45:08,384 [6af36478-fafe-44e8-8f65-092a10613903@group-81CA7C03A8D2-FollowerState] INFO  server.RaftServerConfigKeys (ConfUtils.java:logFallback(53)) - raft.server.rpc.first-election.timeout.min = 5s (fallback to raft.server.rpc.timeout.min)
2024-01-30 07:45:08,392 [bf3622ab-3fe7-408a-b5e0-736b392a243c-PipelineCommandHandlerThread-0] INFO  commandhandler.CreatePipelineCommandHandler (CreatePipelineCommandHandler.java:lambda$handle$2(124)) - Created Pipeline RATIS THREE PipelineID=1663c5bc-106b-4c60-8b40-511431f77ef9.
2024-01-30 07:45:08,386 [f4dc5428-8803-43b0-8e6b-8ffa99f16cef-groupManagement] INFO  ratis.ContainerStateMachine (ContainerStateMachine.java:loadSnapshot(287)) - group-B85ECF817262: The snapshot info is null. Setting the last applied index to:(t:0, i:~)
2024-01-30 07:45:08,392 [f4dc5428-8803-43b0-8e6b-8ffa99f16cef-groupManagement] INFO  server.RaftServerConfigKeys (ConfUtils.java:logGet(46)) - raft.server.log.use.memory = false (default)
2024-01-30 07:45:08,393 [f4dc5428-8803-43b0-8e6b-8ffa99f16cef-groupManagement] INFO  server.RaftServerConfigKeys (ConfUtils.java:logGet(46)) - raft.server.log.purge.gap = 1000000 (custom)
2024-01-30 07:45:08,393 [f4dc5428-8803-43b0-8e6b-8ffa99f16cef-groupManagement] INFO  server.RaftServerConfigKeys (ConfUtils.java:logGet(46)) - raft.server.log.appender.buffer.byte-limit = 8388608 (custom)
2024-01-30 07:45:08,393 [f4dc5428-8803-43b0-8e6b-8ffa99f16cef-groupManagement] INFO  server.RaftServerConfigKeys (ConfUtils.java:logGet(46)) - raft.server.log.statemachine.data.read.timeout = 1000ms (default)
2024-01-30 07:45:08,393 [f4dc5428-8803-43b0-8e6b-8ffa99f16cef-groupManagement] INFO  server.RaftServerConfigKeys (ConfUtils.java:logGet(46)) - raft.server.log.purge.preservation.log.num = 0 (default)
2024-01-30 07:45:08,392 [6af36478-fafe-44e8-8f65-092a10613903@group-81CA7C03A8D2-FollowerState] INFO  server.RaftServerConfigKeys (ConfUtils.java:logFallback(53)) - raft.server.rpc.first-election.timeout.max = 5200ms (fallback to raft.server.rpc.timeout.max)
2024-01-30 07:45:08,396 [f4dc5428-8803-43b0-8e6b-8ffa99f16cef-groupManagement] INFO  server.RaftServerConfigKeys (ConfUtils.java:logGet(46)) - raft.server.log.segment.size.max = 67108864 (custom)
2024-01-30 07:45:08,396 [f4dc5428-8803-43b0-8e6b-8ffa99f16cef-groupManagement] INFO  server.RaftServerConfigKeys (ConfUtils.java:logGet(46)) - raft.server.log.segment.cache.num.max = 2 (custom)
2024-01-30 07:45:08,396 [f4dc5428-8803-43b0-8e6b-8ffa99f16cef-groupManagement] INFO  server.RaftServerConfigKeys (ConfUtils.java:logGet(46)) - raft.server.log.segment.cache.size.max = 200MB (=209715200) (default)
2024-01-30 07:45:08,396 [f4dc5428-8803-43b0-8e6b-8ffa99f16cef-groupManagement] INFO  server.RaftServerConfigKeys (ConfUtils.java:logGet(46)) - raft.server.log.appender.buffer.byte-limit = 8388608 (custom)
2024-01-30 07:45:08,398 [6af36478-fafe-44e8-8f65-092a10613903-PipelineCommandHandlerThread-0] INFO  ratis.XceiverServerRatis (XceiverServerRatis.java:addGroup(864)) - Created group PipelineID=8af44c19-b552-4941-bb30-81ca7c03a8d2
2024-01-30 07:45:08,402 [f4dc5428-8803-43b0-8e6b-8ffa99f16cef-groupManagement] INFO  util.AwaitToRun (AwaitToRun.java:start(81)) - Thread[f4dc5428-8803-43b0-8e6b-8ffa99f16cef@group-B85ECF817262-cacheEviction-AwaitToRun,5,main] started
2024-01-30 07:45:08,402 [f4dc5428-8803-43b0-8e6b-8ffa99f16cef-groupManagement] INFO  segmented.SegmentedRaftLogWorker (SegmentedRaftLogWorker.java:<init>(182)) - new f4dc5428-8803-43b0-8e6b-8ffa99f16cef@group-B85ECF817262-SegmentedRaftLogWorker for RaftStorageImpl:Storage Directory /home/runner/work/ozone/ozone/hadoop-ozone/integration-test/target/test-dir/MiniOzoneClusterImpl-b74639a9-f624-491a-a51e-4d41e99a633c/datanode-5/data/ratis/4cf6885c-1486-46ce-8fed-b85ecf817262
2024-01-30 07:45:08,402 [f4dc5428-8803-43b0-8e6b-8ffa99f16cef-groupManagement] INFO  server.RaftServerConfigKeys (ConfUtils.java:logGet(46)) - raft.server.log.queue.byte-limit = 4294967296 (custom)
2024-01-30 07:45:08,402 [f4dc5428-8803-43b0-8e6b-8ffa99f16cef-groupManagement] INFO  server.RaftServerConfigKeys (ConfUtils.java:logGet(46)) - raft.server.log.queue.element-limit = 1024 (custom)
2024-01-30 07:45:08,402 [f4dc5428-8803-43b0-8e6b-8ffa99f16cef-groupManagement] INFO  server.RaftServerConfigKeys (ConfUtils.java:logGet(46)) - raft.server.log.segment.size.max = 67108864 (custom)
2024-01-30 07:45:08,402 [f4dc5428-8803-43b0-8e6b-8ffa99f16cef-groupManagement] INFO  server.RaftServerConfigKeys (ConfUtils.java:logGet(46)) - raft.server.log.preallocated.size = 4194304 (custom)
2024-01-30 07:45:08,402 [f4dc5428-8803-43b0-8e6b-8ffa99f16cef-groupManagement] INFO  server.RaftServerConfigKeys (ConfUtils.java:logGet(46)) - raft.server.log.force.sync.num = 128 (default)
2024-01-30 07:45:08,402 [f4dc5428-8803-43b0-8e6b-8ffa99f16cef-groupManagement] INFO  server.RaftServerConfigKeys (ConfUtils.java:logGet(46)) - raft.server.log.statemachine.data.sync = true (default)
2024-01-30 07:45:08,402 [f4dc5428-8803-43b0-8e6b-8ffa99f16cef-groupManagement] INFO  server.RaftServerConfigKeys (ConfUtils.java:logGet(46)) - raft.server.log.statemachine.data.sync.timeout = 10s (default)
2024-01-30 07:45:08,402 [f4dc5428-8803-43b0-8e6b-8ffa99f16cef-groupManagement] INFO  server.RaftServerConfigKeys (ConfUtils.java:logGet(46)) - raft.server.log.statemachine.data.sync.timeout.retry = 0 (custom)
2024-01-30 07:45:08,403 [f4dc5428-8803-43b0-8e6b-8ffa99f16cef-groupManagement] INFO  server.RaftServerConfigKeys (ConfUtils.java:logGet(46)) - raft.server.log.write.buffer.size = 8388616 (custom)
2024-01-30 07:45:08,407 [EventQueue-OpenPipelineForHealthyPipelineSafeModeRule] INFO  safemode.SCMSafeModeManager (HealthyPipelineSafeModeRule.java:process(140)) - SCM in safe mode. Healthy pipelines reported count is 0, required healthy pipeline reported count is 1
2024-01-30 07:45:08,408 [f4dc5428-8803-43b0-8e6b-8ffa99f16cef-groupManagement] INFO  server.RaftServerConfigKeys (ConfUtils.java:logGet(46)) - raft.server.log.appender.buffer.byte-limit = 8388608 (custom)
2024-01-30 07:45:08,408 [f4dc5428-8803-43b0-8e6b-8ffa99f16cef-groupManagement] INFO  server.RaftServerConfigKeys (ConfUtils.java:logGet(46)) - raft.server.log.unsafe-flush.enabled = false (default)
2024-01-30 07:45:08,408 [f4dc5428-8803-43b0-8e6b-8ffa99f16cef-groupManagement] INFO  server.RaftServerConfigKeys (ConfUtils.java:logGet(46)) - raft.server.log.async-flush.enabled = false (default)
2024-01-30 07:45:08,408 [f4dc5428-8803-43b0-8e6b-8ffa99f16cef-groupManagement] INFO  server.RaftServerConfigKeys (ConfUtils.java:logGet(46)) - raft.server.log.statemachine.data.caching.enabled = true (custom)
2024-01-30 07:45:08,409 [f4dc5428-8803-43b0-8e6b-8ffa99f16cef-groupManagement] INFO  segmented.SegmentedRaftLogWorker (SegmentedRaftLogWorker.java:lambda$new$0(134)) - f4dc5428-8803-43b0-8e6b-8ffa99f16cef@group-B85ECF817262-SegmentedRaftLogWorker: flushIndex: setUnconditionally 0 -> -1
2024-01-30 07:45:08,409 [f4dc5428-8803-43b0-8e6b-8ffa99f16cef-groupManagement] INFO  segmented.SegmentedRaftLogWorker (SegmentedRaftLogWorker.java:lambda$new$0(134)) - f4dc5428-8803-43b0-8e6b-8ffa99f16cef@group-B85ECF817262-SegmentedRaftLogWorker: safeCacheEvictIndex: setUnconditionally 0 -> -1
2024-01-30 07:45:08,410 [68b35bab-6033-4329-aa6c-21b57b93715a-PipelineCommandHandlerThread-0] INFO  commandhandler.CreatePipelineCommandHandler (CreatePipelineCommandHandler.java:lambda$handle$2(124)) - Created Pipeline RATIS THREE PipelineID=1663c5bc-106b-4c60-8b40-511431f77ef9.
2024-01-30 07:45:08,417 [f4dc5428-8803-43b0-8e6b-8ffa99f16cef-groupManagement] INFO  server.RaftServer$Division (RaftServerImpl.java:start(396)) - f4dc5428-8803-43b0-8e6b-8ffa99f16cef@group-B85ECF817262: start as a follower, conf=-1: peers:[f4dc5428-8803-43b0-8e6b-8ffa99f16cef|10.1.0.48:15059, 55f20ed8-ad05-4879-9178-788b5883eeb3|10.1.0.48:15041, 6af36478-fafe-44e8-8f65-092a10613903|10.1.0.48:15050]|listeners:[], old=null
2024-01-30 07:45:08,417 [f4dc5428-8803-43b0-8e6b-8ffa99f16cef-groupManagement] INFO  server.RaftServer$Division (RaftServerImpl.java:setRole(383)) - f4dc5428-8803-43b0-8e6b-8ffa99f16cef@group-B85ECF817262: changes role from      null to FOLLOWER at term 0 for startAsFollower
2024-01-30 07:45:08,418 [f4dc5428-8803-43b0-8e6b-8ffa99f16cef-groupManagement] INFO  impl.RoleInfo (RoleInfo.java:updateAndGet(139)) - f4dc5428-8803-43b0-8e6b-8ffa99f16cef: start f4dc5428-8803-43b0-8e6b-8ffa99f16cef@group-B85ECF817262-FollowerState
2024-01-30 07:45:08,418 [f4dc5428-8803-43b0-8e6b-8ffa99f16cef-groupManagement] INFO  util.JmxRegister (JmxRegister.java:tryRegister(44)) - Successfully registered JMX Bean with object name Ratis:service=RaftServer,group=group-B85ECF817262,id=f4dc5428-8803-43b0-8e6b-8ffa99f16cef
2024-01-30 07:45:08,418 [f4dc5428-8803-43b0-8e6b-8ffa99f16cef-groupManagement] INFO  server.RaftServerConfigKeys (ConfUtils.java:logGet(46)) - raft.server.snapshot.trigger-when-stop.enabled = true (default)
2024-01-30 07:45:08,418 [f4dc5428-8803-43b0-8e6b-8ffa99f16cef-groupManagement] INFO  server.RaftServerConfigKeys (ConfUtils.java:logGet(46)) - raft.server.snapshot.auto.trigger.enabled = true (custom)
2024-01-30 07:45:08,418 [f4dc5428-8803-43b0-8e6b-8ffa99f16cef-groupManagement] INFO  server.RaftServerConfigKeys (ConfUtils.java:logGet(46)) - raft.server.snapshot.auto.trigger.threshold = 10000 (custom)
2024-01-30 07:45:08,418 [f4dc5428-8803-43b0-8e6b-8ffa99f16cef-groupManagement] INFO  server.RaftServerConfigKeys (ConfUtils.java:logGet(46)) - raft.server.snapshot.retention.file.num = 5 (custom)
2024-01-30 07:45:08,418 [f4dc5428-8803-43b0-8e6b-8ffa99f16cef-groupManagement] INFO  server.RaftServerConfigKeys (ConfUtils.java:logGet(46)) - raft.server.log.purge.upto.snapshot.index = false (default)
2024-01-30 07:45:08,423 [f4dc5428-8803-43b0-8e6b-8ffa99f16cef@group-B85ECF817262-FollowerState] INFO  server.RaftServerConfigKeys (ConfUtils.java:logFallback(53)) - raft.server.rpc.first-election.timeout.min = 5s (fallback to raft.server.rpc.timeout.min)
2024-01-30 07:45:08,423 [f4dc5428-8803-43b0-8e6b-8ffa99f16cef@group-B85ECF817262-FollowerState] INFO  server.RaftServerConfigKeys (ConfUtils.java:logFallback(53)) - raft.server.rpc.first-election.timeout.max = 5200ms (fallback to raft.server.rpc.timeout.max)
2024-01-30 07:45:08,424 [55f20ed8-ad05-4879-9178-788b5883eeb3-groupManagement] INFO  server.RaftServer$Division (RaftServerImpl.java:<init>(256)) - 55f20ed8-ad05-4879-9178-788b5883eeb3: new RaftServerImpl for group-81CA7C03A8D2:[f4dc5428-8803-43b0-8e6b-8ffa99f16cef|10.1.0.48:15059, 55f20ed8-ad05-4879-9178-788b5883eeb3|10.1.0.48:15041, 6af36478-fafe-44e8-8f65-092a10613903|10.1.0.48:15050] with ContainerStateMachine:uninitialized
2024-01-30 07:45:08,424 [55f20ed8-ad05-4879-9178-788b5883eeb3-groupManagement] INFO  server.RaftServerConfigKeys (ConfUtils.java:logGet(46)) - raft.server.rpc.timeout.min = 5s (custom)
2024-01-30 07:45:08,424 [55f20ed8-ad05-4879-9178-788b5883eeb3-groupManagement] INFO  server.RaftServerConfigKeys (ConfUtils.java:logGet(46)) - raft.server.rpc.timeout.max = 5200ms (custom)
2024-01-30 07:45:08,424 [55f20ed8-ad05-4879-9178-788b5883eeb3-groupManagement] INFO  server.RaftServerConfigKeys (ConfUtils.java:logGet(46)) - raft.server.rpc.sleep.time = 25ms (default)
2024-01-30 07:45:08,424 [55f20ed8-ad05-4879-9178-788b5883eeb3-groupManagement] INFO  server.RaftServerConfigKeys (ConfUtils.java:logGet(46)) - raft.server.rpc.slowness.timeout = 300s (custom)
2024-01-30 07:45:08,424 [55f20ed8-ad05-4879-9178-788b5883eeb3-groupManagement] INFO  server.RaftServerConfigKeys (ConfUtils.java:logGet(46)) - raft.server.leaderelection.leader.step-down.wait-time = 10s (default)
2024-01-30 07:45:08,424 [55f20ed8-ad05-4879-9178-788b5883eeb3-groupManagement] INFO  server.RaftServerConfigKeys (ConfUtils.java:logGet(46)) - raft.server.leaderelection.member.majority-add = false (default)
2024-01-30 07:45:08,424 [55f20ed8-ad05-4879-9178-788b5883eeb3-groupManagement] INFO  server.RaftServerConfigKeys (ConfUtils.java:logGet(46)) - raft.server.sleep.deviation.threshold = 300ms (default)
2024-01-30 07:45:08,425 [55f20ed8-ad05-4879-9178-788b5883eeb3-groupManagement] INFO  server.RaftServer$Division (ServerState.java:<init>(113)) - 55f20ed8-ad05-4879-9178-788b5883eeb3@group-81CA7C03A8D2: ConfigurationManager, init=-1: peers:[f4dc5428-8803-43b0-8e6b-8ffa99f16cef|10.1.0.48:15059, 55f20ed8-ad05-4879-9178-788b5883eeb3|10.1.0.48:15041, 6af36478-fafe-44e8-8f65-092a10613903|10.1.0.48:15050]|listeners:[], old=null, confs=<EMPTY_MAP>
2024-01-30 07:45:08,425 [55f20ed8-ad05-4879-9178-788b5883eeb3-groupManagement] INFO  server.RaftServerConfigKeys (ConfUtils.java:logGet(46)) - raft.server.notification.no-leader.timeout = 300s (custom)
2024-01-30 07:45:08,425 [55f20ed8-ad05-4879-9178-788b5883eeb3-groupManagement] INFO  server.RaftServerConfigKeys (ConfUtils.java:logGet(46)) - raft.server.read.timeout = 10s (default)
2024-01-30 07:45:08,423 [grpc-default-executor-1] INFO  server.RaftServer (RaftServerProxy.java:addNew(100)) - 55f20ed8-ad05-4879-9178-788b5883eeb3: addNew group-81CA7C03A8D2:[f4dc5428-8803-43b0-8e6b-8ffa99f16cef|10.1.0.48:15059, 55f20ed8-ad05-4879-9178-788b5883eeb3|10.1.0.48:15041, 6af36478-fafe-44e8-8f65-092a10613903|10.1.0.48:15050] returns group-81CA7C03A8D2:java.util.concurrent.CompletableFuture@515db133[Not completed]
2024-01-30 07:45:08,425 [55f20ed8-ad05-4879-9178-788b5883eeb3-groupManagement] INFO  server.RaftServerConfigKeys (ConfUtils.java:logGet(46)) - raft.server.retrycache.expirytime = 600000ms (custom)
2024-01-30 07:45:08,425 [55f20ed8-ad05-4879-9178-788b5883eeb3-groupManagement] INFO  server.RaftServerConfigKeys (ConfUtils.java:logGet(46)) - raft.server.retrycache.statistics.expirytime = 100ms (default)
2024-01-30 07:45:08,425 [55f20ed8-ad05-4879-9178-788b5883eeb3-groupManagement] INFO  server.RaftServerConfigKeys (ConfUtils.java:logGet(46)) - raft.server.read.option = DEFAULT (default)
2024-01-30 07:45:08,425 [55f20ed8-ad05-4879-9178-788b5883eeb3-groupManagement] INFO  server.RaftServerConfigKeys (ConfUtils.java:logGet(46)) - raft.server.read.read-after-write-consistent.write-index-cache.expiry-time = 60s (default)
2024-01-30 07:45:08,426 [f4dc5428-8803-43b0-8e6b-8ffa99f16cef-groupManagement] INFO  server.RaftServer$Division (RaftServerImpl.java:<init>(256)) - f4dc5428-8803-43b0-8e6b-8ffa99f16cef: new RaftServerImpl for group-81CA7C03A8D2:[f4dc5428-8803-43b0-8e6b-8ffa99f16cef|10.1.0.48:15059, 55f20ed8-ad05-4879-9178-788b5883eeb3|10.1.0.48:15041, 6af36478-fafe-44e8-8f65-092a10613903|10.1.0.48:15050] with ContainerStateMachine:uninitialized
2024-01-30 07:45:08,426 [f4dc5428-8803-43b0-8e6b-8ffa99f16cef-groupManagement] INFO  server.RaftServerConfigKeys (ConfUtils.java:logGet(46)) - raft.server.rpc.timeout.min = 5s (custom)
2024-01-30 07:45:08,426 [f4dc5428-8803-43b0-8e6b-8ffa99f16cef-groupManagement] INFO  server.RaftServerConfigKeys (ConfUtils.java:logGet(46)) - raft.server.rpc.timeout.max = 5200ms (custom)
2024-01-30 07:45:08,427 [f4dc5428-8803-43b0-8e6b-8ffa99f16cef-groupManagement] INFO  server.RaftServerConfigKeys (ConfUtils.java:logGet(46)) - raft.server.rpc.sleep.time = 25ms (default)
2024-01-30 07:45:08,427 [f4dc5428-8803-43b0-8e6b-8ffa99f16cef-groupManagement] INFO  server.RaftServerConfigKeys (ConfUtils.java:logGet(46)) - raft.server.rpc.slowness.timeout = 300s (custom)
2024-01-30 07:45:08,427 [f4dc5428-8803-43b0-8e6b-8ffa99f16cef-groupManagement] INFO  server.RaftServerConfigKeys (ConfUtils.java:logGet(46)) - raft.server.leaderelection.leader.step-down.wait-time = 10s (default)
2024-01-30 07:45:08,427 [f4dc5428-8803-43b0-8e6b-8ffa99f16cef-groupManagement] INFO  server.RaftServerConfigKeys (ConfUtils.java:logGet(46)) - raft.server.leaderelection.member.majority-add = false (default)
2024-01-30 07:45:08,427 [f4dc5428-8803-43b0-8e6b-8ffa99f16cef-groupManagement] INFO  server.RaftServerConfigKeys (ConfUtils.java:logGet(46)) - raft.server.sleep.deviation.threshold = 300ms (default)
2024-01-30 07:45:08,427 [f4dc5428-8803-43b0-8e6b-8ffa99f16cef-groupManagement] INFO  server.RaftServer$Division (ServerState.java:<init>(113)) - f4dc5428-8803-43b0-8e6b-8ffa99f16cef@group-81CA7C03A8D2: ConfigurationManager, init=-1: peers:[f4dc5428-8803-43b0-8e6b-8ffa99f16cef|10.1.0.48:15059, 55f20ed8-ad05-4879-9178-788b5883eeb3|10.1.0.48:15041, 6af36478-fafe-44e8-8f65-092a10613903|10.1.0.48:15050]|listeners:[], old=null, confs=<EMPTY_MAP>
2024-01-30 07:45:08,427 [f4dc5428-8803-43b0-8e6b-8ffa99f16cef-groupManagement] INFO  server.RaftServerConfigKeys (ConfUtils.java:logGet(46)) - raft.server.notification.no-leader.timeout = 300s (custom)
2024-01-30 07:45:08,427 [f4dc5428-8803-43b0-8e6b-8ffa99f16cef-groupManagement] INFO  server.RaftServerConfigKeys (ConfUtils.java:logGet(46)) - raft.server.read.timeout = 10s (default)
2024-01-30 07:45:08,427 [f4dc5428-8803-43b0-8e6b-8ffa99f16cef-groupManagement] INFO  server.RaftServerConfigKeys (ConfUtils.java:logGet(46)) - raft.server.retrycache.expirytime = 600000ms (custom)
2024-01-30 07:45:08,427 [f4dc5428-8803-43b0-8e6b-8ffa99f16cef-groupManagement] INFO  server.RaftServerConfigKeys (ConfUtils.java:logGet(46)) - raft.server.retrycache.statistics.expirytime = 100ms (default)
2024-01-30 07:45:08,427 [f4dc5428-8803-43b0-8e6b-8ffa99f16cef-groupManagement] INFO  server.RaftServerConfigKeys (ConfUtils.java:logGet(46)) - raft.server.read.option = DEFAULT (default)
2024-01-30 07:45:08,427 [f4dc5428-8803-43b0-8e6b-8ffa99f16cef-groupManagement] INFO  server.RaftServerConfigKeys (ConfUtils.java:logGet(46)) - raft.server.read.read-after-write-consistent.write-index-cache.expiry-time = 60s (default)
2024-01-30 07:45:08,431 [f4dc5428-8803-43b0-8e6b-8ffa99f16cef-groupManagement] INFO  server.RaftServerConfigKeys (ConfUtils.java:logGet(46)) - raft.server.rpc.request.timeout = 60s (custom)
2024-01-30 07:45:08,431 [f4dc5428-8803-43b0-8e6b-8ffa99f16cef-groupManagement] INFO  server.RaftServerConfigKeys (ConfUtils.java:logGet(46)) - raft.server.log.appender.install.snapshot.enabled = false (custom)
2024-01-30 07:45:08,431 [f4dc5428-8803-43b0-8e6b-8ffa99f16cef-groupManagement] INFO  server.RaftServerConfigKeys (ConfUtils.java:logGet(46)) - raft.server.threadpool.server.cached = true (default)
2024-01-30 07:45:08,432 [f4dc5428-8803-43b0-8e6b-8ffa99f16cef-groupManagement] INFO  server.RaftServerConfigKeys (ConfUtils.java:logGet(46)) - raft.server.threadpool.server.size = 0 (default)
2024-01-30 07:45:08,432 [f4dc5428-8803-43b0-8e6b-8ffa99f16cef-groupManagement] INFO  server.RaftServerConfigKeys (ConfUtils.java:logGet(46)) - raft.server.threadpool.client.cached = true (default)
2024-01-30 07:45:08,432 [f4dc5428-8803-43b0-8e6b-8ffa99f16cef-groupManagement] INFO  server.RaftServerConfigKeys (ConfUtils.java:logGet(46)) - raft.server.threadpool.client.size = 0 (default)
2024-01-30 07:45:08,432 [f4dc5428-8803-43b0-8e6b-8ffa99f16cef-groupManagement] INFO  server.RaftServerConfigKeys (ConfUtils.java:logGet(46)) - raft.server.storage.free-space.min = 0MB (=0) (default)
2024-01-30 07:45:08,432 [f4dc5428-8803-43b0-8e6b-8ffa99f16cef-groupManagement] INFO  server.RaftServerConfigKeys (ConfUtils.java:logGet(46)) - raft.server.log.corruption.policy = EXCEPTION (default)
2024-01-30 07:45:08,432 [f4dc5428-8803-43b0-8e6b-8ffa99f16cef-groupManagement] INFO  server.RaftServerConfigKeys (ConfUtils.java:logGet(46)) - raft.server.storage.dir = [/home/runner/work/ozone/ozone/hadoop-ozone/integration-test/target/test-dir/MiniOzoneClusterImpl-b74639a9-f624-491a-a51e-4d41e99a633c/datanode-5/data/ratis] (custom)
2024-01-30 07:45:08,433 [f4dc5428-8803-43b0-8e6b-8ffa99f16cef-groupManagement] INFO  storage.RaftStorageDirectory (RaftStorageDirectoryImpl.java:analyzeStorage(138)) - The storage directory /home/runner/work/ozone/ozone/hadoop-ozone/integration-test/target/test-dir/MiniOzoneClusterImpl-b74639a9-f624-491a-a51e-4d41e99a633c/datanode-5/data/ratis/8af44c19-b552-4941-bb30-81ca7c03a8d2 does not exist. Creating ...
2024-01-30 07:45:08,432 [55f20ed8-ad05-4879-9178-788b5883eeb3-groupManagement] INFO  server.RaftServerConfigKeys (ConfUtils.java:logGet(46)) - raft.server.rpc.request.timeout = 60s (custom)
2024-01-30 07:45:08,434 [55f20ed8-ad05-4879-9178-788b5883eeb3-groupManagement] INFO  server.RaftServerConfigKeys (ConfUtils.java:logGet(46)) - raft.server.log.appender.install.snapshot.enabled = false (custom)
2024-01-30 07:45:08,434 [55f20ed8-ad05-4879-9178-788b5883eeb3-groupManagement] INFO  server.RaftServerConfigKeys (ConfUtils.java:logGet(46)) - raft.server.threadpool.server.cached = true (default)
2024-01-30 07:45:08,434 [55f20ed8-ad05-4879-9178-788b5883eeb3-groupManagement] INFO  server.RaftServerConfigKeys (ConfUtils.java:logGet(46)) - raft.server.threadpool.server.size = 0 (default)
2024-01-30 07:45:08,434 [55f20ed8-ad05-4879-9178-788b5883eeb3-groupManagement] INFO  server.RaftServerConfigKeys (ConfUtils.java:logGet(46)) - raft.server.threadpool.client.cached = true (default)
2024-01-30 07:45:08,434 [55f20ed8-ad05-4879-9178-788b5883eeb3-groupManagement] INFO  server.RaftServerConfigKeys (ConfUtils.java:logGet(46)) - raft.server.threadpool.client.size = 0 (default)
2024-01-30 07:45:08,434 [55f20ed8-ad05-4879-9178-788b5883eeb3-groupManagement] INFO  server.RaftServerConfigKeys (ConfUtils.java:logGet(46)) - raft.server.storage.free-space.min = 0MB (=0) (default)
2024-01-30 07:45:08,434 [55f20ed8-ad05-4879-9178-788b5883eeb3-groupManagement] INFO  server.RaftServerConfigKeys (ConfUtils.java:logGet(46)) - raft.server.log.corruption.policy = EXCEPTION (default)
2024-01-30 07:45:08,434 [55f20ed8-ad05-4879-9178-788b5883eeb3-groupManagement] INFO  server.RaftServerConfigKeys (ConfUtils.java:logGet(46)) - raft.server.storage.dir = [/home/runner/work/ozone/ozone/hadoop-ozone/integration-test/target/test-dir/MiniOzoneClusterImpl-b74639a9-f624-491a-a51e-4d41e99a633c/datanode-3/data/ratis] (custom)
2024-01-30 07:45:08,434 [55f20ed8-ad05-4879-9178-788b5883eeb3-groupManagement] INFO  storage.RaftStorageDirectory (RaftStorageDirectoryImpl.java:analyzeStorage(138)) - The storage directory /home/runner/work/ozone/ozone/hadoop-ozone/integration-test/target/test-dir/MiniOzoneClusterImpl-b74639a9-f624-491a-a51e-4d41e99a633c/datanode-3/data/ratis/8af44c19-b552-4941-bb30-81ca7c03a8d2 does not exist. Creating ...
2024-01-30 07:45:08,435 [f4dc5428-8803-43b0-8e6b-8ffa99f16cef-groupManagement] INFO  storage.RaftStorageDirectory (RaftStorageDirectoryImpl.java:tryLock(228)) - Lock on /home/runner/work/ozone/ozone/hadoop-ozone/integration-test/target/test-dir/MiniOzoneClusterImpl-b74639a9-f624-491a-a51e-4d41e99a633c/datanode-5/data/ratis/8af44c19-b552-4941-bb30-81ca7c03a8d2/in_use.lock acquired by nodename 92995@fv-az1436-717
2024-01-30 07:45:08,436 [55f20ed8-ad05-4879-9178-788b5883eeb3-groupManagement] INFO  storage.RaftStorageDirectory (RaftStorageDirectoryImpl.java:tryLock(228)) - Lock on /home/runner/work/ozone/ozone/hadoop-ozone/integration-test/target/test-dir/MiniOzoneClusterImpl-b74639a9-f624-491a-a51e-4d41e99a633c/datanode-3/data/ratis/8af44c19-b552-4941-bb30-81ca7c03a8d2/in_use.lock acquired by nodename 92995@fv-az1436-717
2024-01-30 07:45:08,437 [f4dc5428-8803-43b0-8e6b-8ffa99f16cef-groupManagement] INFO  storage.RaftStorage (RaftStorageImpl.java:format(99)) - Storage directory /home/runner/work/ozone/ozone/hadoop-ozone/integration-test/target/test-dir/MiniOzoneClusterImpl-b74639a9-f624-491a-a51e-4d41e99a633c/datanode-5/data/ratis/8af44c19-b552-4941-bb30-81ca7c03a8d2 has been successfully formatted.
2024-01-30 07:45:08,437 [f4dc5428-8803-43b0-8e6b-8ffa99f16cef-groupManagement] WARN  util.FileUtils (LogUtils.java:supplyAndLog(63)) - Failed to Files.newInputStream /home/runner/work/ozone/ozone/hadoop-ozone/integration-test/target/test-dir/MiniOzoneClusterImpl-b74639a9-f624-491a-a51e-4d41e99a633c/datanode-5/data/ratis/8af44c19-b552-4941-bb30-81ca7c03a8d2/current/raft-meta.conf with options []: java.nio.file.NoSuchFileException: /home/runner/work/ozone/ozone/hadoop-ozone/integration-test/target/test-dir/MiniOzoneClusterImpl-b74639a9-f624-491a-a51e-4d41e99a633c/datanode-5/data/ratis/8af44c19-b552-4941-bb30-81ca7c03a8d2/current/raft-meta.conf
2024-01-30 07:45:08,437 [55f20ed8-ad05-4879-9178-788b5883eeb3-groupManagement] INFO  storage.RaftStorage (RaftStorageImpl.java:format(99)) - Storage directory /home/runner/work/ozone/ozone/hadoop-ozone/integration-test/target/test-dir/MiniOzoneClusterImpl-b74639a9-f624-491a-a51e-4d41e99a633c/datanode-3/data/ratis/8af44c19-b552-4941-bb30-81ca7c03a8d2 has been successfully formatted.
2024-01-30 07:45:08,437 [55f20ed8-ad05-4879-9178-788b5883eeb3-groupManagement] WARN  util.FileUtils (LogUtils.java:supplyAndLog(63)) - Failed to Files.newInputStream /home/runner/work/ozone/ozone/hadoop-ozone/integration-test/target/test-dir/MiniOzoneClusterImpl-b74639a9-f624-491a-a51e-4d41e99a633c/datanode-3/data/ratis/8af44c19-b552-4941-bb30-81ca7c03a8d2/current/raft-meta.conf with options []: java.nio.file.NoSuchFileException: /home/runner/work/ozone/ozone/hadoop-ozone/integration-test/target/test-dir/MiniOzoneClusterImpl-b74639a9-f624-491a-a51e-4d41e99a633c/datanode-3/data/ratis/8af44c19-b552-4941-bb30-81ca7c03a8d2/current/raft-meta.conf
2024-01-30 07:45:08,439 [f4dc5428-8803-43b0-8e6b-8ffa99f16cef-groupManagement] INFO  ratis.ContainerStateMachine (ContainerStateMachine.java:loadSnapshot(287)) - group-81CA7C03A8D2: The snapshot info is null. Setting the last applied index to:(t:0, i:~)
2024-01-30 07:45:08,439 [f4dc5428-8803-43b0-8e6b-8ffa99f16cef-groupManagement] INFO  server.RaftServerConfigKeys (ConfUtils.java:logGet(46)) - raft.server.log.use.memory = false (default)
2024-01-30 07:45:08,440 [f4dc5428-8803-43b0-8e6b-8ffa99f16cef-groupManagement] INFO  server.RaftServerConfigKeys (ConfUtils.java:logGet(46)) - raft.server.log.purge.gap = 1000000 (custom)
2024-01-30 07:45:08,440 [f4dc5428-8803-43b0-8e6b-8ffa99f16cef-groupManagement] INFO  server.RaftServerConfigKeys (ConfUtils.java:logGet(46)) - raft.server.log.appender.buffer.byte-limit = 8388608 (custom)
2024-01-30 07:45:08,440 [f4dc5428-8803-43b0-8e6b-8ffa99f16cef-groupManagement] INFO  server.RaftServerConfigKeys (ConfUtils.java:logGet(46)) - raft.server.log.statemachine.data.read.timeout = 1000ms (default)
2024-01-30 07:45:08,440 [f4dc5428-8803-43b0-8e6b-8ffa99f16cef-groupManagement] INFO  server.RaftServerConfigKeys (ConfUtils.java:logGet(46)) - raft.server.log.purge.preservation.log.num = 0 (default)
2024-01-30 07:45:08,440 [55f20ed8-ad05-4879-9178-788b5883eeb3-groupManagement] INFO  ratis.ContainerStateMachine (ContainerStateMachine.java:loadSnapshot(287)) - group-81CA7C03A8D2: The snapshot info is null. Setting the last applied index to:(t:0, i:~)
2024-01-30 07:45:08,441 [55f20ed8-ad05-4879-9178-788b5883eeb3-groupManagement] INFO  server.RaftServerConfigKeys (ConfUtils.java:logGet(46)) - raft.server.log.use.memory = false (default)
2024-01-30 07:45:08,441 [55f20ed8-ad05-4879-9178-788b5883eeb3-groupManagement] INFO  server.RaftServerConfigKeys (ConfUtils.java:logGet(46)) - raft.server.log.purge.gap = 1000000 (custom)
2024-01-30 07:45:08,441 [55f20ed8-ad05-4879-9178-788b5883eeb3-groupManagement] INFO  server.RaftServerConfigKeys (ConfUtils.java:logGet(46)) - raft.server.log.appender.buffer.byte-limit = 8388608 (custom)
2024-01-30 07:45:08,442 [55f20ed8-ad05-4879-9178-788b5883eeb3-groupManagement] INFO  server.RaftServerConfigKeys (ConfUtils.java:logGet(46)) - raft.server.log.statemachine.data.read.timeout = 1000ms (default)
2024-01-30 07:45:08,442 [55f20ed8-ad05-4879-9178-788b5883eeb3-groupManagement] INFO  server.RaftServerConfigKeys (ConfUtils.java:logGet(46)) - raft.server.log.purge.preservation.log.num = 0 (default)
2024-01-30 07:45:08,443 [55f20ed8-ad05-4879-9178-788b5883eeb3-groupManagement] INFO  server.RaftServerConfigKeys (ConfUtils.java:logGet(46)) - raft.server.log.segment.size.max = 67108864 (custom)
2024-01-30 07:45:08,444 [f4dc5428-8803-43b0-8e6b-8ffa99f16cef-groupManagement] INFO  server.RaftServerConfigKeys (ConfUtils.java:logGet(46)) - raft.server.log.segment.size.max = 67108864 (custom)
2024-01-30 07:45:08,444 [f4dc5428-8803-43b0-8e6b-8ffa99f16cef-groupManagement] INFO  server.RaftServerConfigKeys (ConfUtils.java:logGet(46)) - raft.server.log.segment.cache.num.max = 2 (custom)
2024-01-30 07:45:08,444 [f4dc5428-8803-43b0-8e6b-8ffa99f16cef-groupManagement] INFO  server.RaftServerConfigKeys (ConfUtils.java:logGet(46)) - raft.server.log.segment.cache.size.max = 200MB (=209715200) (default)
2024-01-30 07:45:08,445 [f4dc5428-8803-43b0-8e6b-8ffa99f16cef-groupManagement] INFO  server.RaftServerConfigKeys (ConfUtils.java:logGet(46)) - raft.server.log.appender.buffer.byte-limit = 8388608 (custom)
2024-01-30 07:45:08,445 [55f20ed8-ad05-4879-9178-788b5883eeb3-groupManagement] INFO  server.RaftServerConfigKeys (ConfUtils.java:logGet(46)) - raft.server.log.segment.cache.num.max = 2 (custom)
2024-01-30 07:45:08,445 [55f20ed8-ad05-4879-9178-788b5883eeb3-groupManagement] INFO  server.RaftServerConfigKeys (ConfUtils.java:logGet(46)) - raft.server.log.segment.cache.size.max = 200MB (=209715200) (default)
2024-01-30 07:45:08,445 [55f20ed8-ad05-4879-9178-788b5883eeb3-groupManagement] INFO  server.RaftServerConfigKeys (ConfUtils.java:logGet(46)) - raft.server.log.appender.buffer.byte-limit = 8388608 (custom)
2024-01-30 07:45:08,452 [EventQueue-OpenPipelineForHealthyPipelineSafeModeRule] INFO  safemode.SCMSafeModeManager (HealthyPipelineSafeModeRule.java:process(140)) - SCM in safe mode. Healthy pipelines reported count is 0, required healthy pipeline reported count is 1
2024-01-30 07:45:08,453 [55f20ed8-ad05-4879-9178-788b5883eeb3-groupManagement] INFO  util.AwaitToRun (AwaitToRun.java:start(81)) - Thread[55f20ed8-ad05-4879-9178-788b5883eeb3@group-81CA7C03A8D2-cacheEviction-AwaitToRun,5,main] started
2024-01-30 07:45:08,453 [55f20ed8-ad05-4879-9178-788b5883eeb3-groupManagement] INFO  segmented.SegmentedRaftLogWorker (SegmentedRaftLogWorker.java:<init>(182)) - new 55f20ed8-ad05-4879-9178-788b5883eeb3@group-81CA7C03A8D2-SegmentedRaftLogWorker for RaftStorageImpl:Storage Directory /home/runner/work/ozone/ozone/hadoop-ozone/integration-test/target/test-dir/MiniOzoneClusterImpl-b74639a9-f624-491a-a51e-4d41e99a633c/datanode-3/data/ratis/8af44c19-b552-4941-bb30-81ca7c03a8d2
2024-01-30 07:45:08,453 [55f20ed8-ad05-4879-9178-788b5883eeb3-groupManagement] INFO  server.RaftServerConfigKeys (ConfUtils.java:logGet(46)) - raft.server.log.queue.byte-limit = 4294967296 (custom)
2024-01-30 07:45:08,453 [55f20ed8-ad05-4879-9178-788b5883eeb3-groupManagement] INFO  server.RaftServerConfigKeys (ConfUtils.java:logGet(46)) - raft.server.log.queue.element-limit = 1024 (custom)
2024-01-30 07:45:08,453 [55f20ed8-ad05-4879-9178-788b5883eeb3-groupManagement] INFO  server.RaftServerConfigKeys (ConfUtils.java:logGet(46)) - raft.server.log.segment.size.max = 67108864 (custom)
2024-01-30 07:45:08,454 [f4dc5428-8803-43b0-8e6b-8ffa99f16cef-groupManagement] INFO  util.AwaitToRun (AwaitToRun.java:start(81)) - Thread[f4dc5428-8803-43b0-8e6b-8ffa99f16cef@group-81CA7C03A8D2-cacheEviction-AwaitToRun,5,main] started
2024-01-30 07:45:08,454 [f4dc5428-8803-43b0-8e6b-8ffa99f16cef-groupManagement] INFO  segmented.SegmentedRaftLogWorker (SegmentedRaftLogWorker.java:<init>(182)) - new f4dc5428-8803-43b0-8e6b-8ffa99f16cef@group-81CA7C03A8D2-SegmentedRaftLogWorker for RaftStorageImpl:Storage Directory /home/runner/work/ozone/ozone/hadoop-ozone/integration-test/target/test-dir/MiniOzoneClusterImpl-b74639a9-f624-491a-a51e-4d41e99a633c/datanode-5/data/ratis/8af44c19-b552-4941-bb30-81ca7c03a8d2
2024-01-30 07:45:08,454 [f4dc5428-8803-43b0-8e6b-8ffa99f16cef-groupManagement] INFO  server.RaftServerConfigKeys (ConfUtils.java:logGet(46)) - raft.server.log.queue.byte-limit = 4294967296 (custom)
2024-01-30 07:45:08,454 [f4dc5428-8803-43b0-8e6b-8ffa99f16cef-groupManagement] INFO  server.RaftServerConfigKeys (ConfUtils.java:logGet(46)) - raft.server.log.queue.element-limit = 1024 (custom)
2024-01-30 07:45:08,455 [f4dc5428-8803-43b0-8e6b-8ffa99f16cef-groupManagement] INFO  server.RaftServerConfigKeys (ConfUtils.java:logGet(46)) - raft.server.log.segment.size.max = 67108864 (custom)
2024-01-30 07:45:08,455 [f4dc5428-8803-43b0-8e6b-8ffa99f16cef-groupManagement] INFO  server.RaftServerConfigKeys (ConfUtils.java:logGet(46)) - raft.server.log.preallocated.size = 4194304 (custom)
2024-01-30 07:45:08,455 [f4dc5428-8803-43b0-8e6b-8ffa99f16cef-groupManagement] INFO  server.RaftServerConfigKeys (ConfUtils.java:logGet(46)) - raft.server.log.force.sync.num = 128 (default)
2024-01-30 07:45:08,455 [f4dc5428-8803-43b0-8e6b-8ffa99f16cef-groupManagement] INFO  server.RaftServerConfigKeys (ConfUtils.java:logGet(46)) - raft.server.log.statemachine.data.sync = true (default)
2024-01-30 07:45:08,455 [EventQueue-OpenPipelineForHealthyPipelineSafeModeRule] INFO  safemode.SCMSafeModeManager (HealthyPipelineSafeModeRule.java:process(140)) - SCM in safe mode. Healthy pipelines reported count is 0, required healthy pipeline reported count is 1
2024-01-30 07:45:08,455 [f4dc5428-8803-43b0-8e6b-8ffa99f16cef-groupManagement] INFO  server.RaftServerConfigKeys (ConfUtils.java:logGet(46)) - raft.server.log.statemachine.data.sync.timeout = 10s (default)
2024-01-30 07:45:08,455 [f4dc5428-8803-43b0-8e6b-8ffa99f16cef-groupManagement] INFO  server.RaftServerConfigKeys (ConfUtils.java:logGet(46)) - raft.server.log.statemachine.data.sync.timeout.retry = 0 (custom)
2024-01-30 07:45:08,456 [f4dc5428-8803-43b0-8e6b-8ffa99f16cef-groupManagement] INFO  server.RaftServerConfigKeys (ConfUtils.java:logGet(46)) - raft.server.log.write.buffer.size = 8388616 (custom)
2024-01-30 07:45:08,457 [f4dc5428-8803-43b0-8e6b-8ffa99f16cef-groupManagement] INFO  server.RaftServerConfigKeys (ConfUtils.java:logGet(46)) - raft.server.log.appender.buffer.byte-limit = 8388608 (custom)
2024-01-30 07:45:08,458 [f4dc5428-8803-43b0-8e6b-8ffa99f16cef-groupManagement] INFO  server.RaftServerConfigKeys (ConfUtils.java:logGet(46)) - raft.server.log.unsafe-flush.enabled = false (default)
2024-01-30 07:45:08,458 [f4dc5428-8803-43b0-8e6b-8ffa99f16cef-groupManagement] INFO  server.RaftServerConfigKeys (ConfUtils.java:logGet(46)) - raft.server.log.async-flush.enabled = false (default)
2024-01-30 07:45:08,458 [f4dc5428-8803-43b0-8e6b-8ffa99f16cef-groupManagement] INFO  server.RaftServerConfigKeys (ConfUtils.java:logGet(46)) - raft.server.log.statemachine.data.caching.enabled = true (custom)
2024-01-30 07:45:08,454 [55f20ed8-ad05-4879-9178-788b5883eeb3-groupManagement] INFO  server.RaftServerConfigKeys (ConfUtils.java:logGet(46)) - raft.server.log.preallocated.size = 4194304 (custom)
2024-01-30 07:45:08,458 [55f20ed8-ad05-4879-9178-788b5883eeb3-groupManagement] INFO  server.RaftServerConfigKeys (ConfUtils.java:logGet(46)) - raft.server.log.force.sync.num = 128 (default)
2024-01-30 07:45:08,458 [55f20ed8-ad05-4879-9178-788b5883eeb3-groupManagement] INFO  server.RaftServerConfigKeys (ConfUtils.java:logGet(46)) - raft.server.log.statemachine.data.sync = true (default)
2024-01-30 07:45:08,458 [55f20ed8-ad05-4879-9178-788b5883eeb3-groupManagement] INFO  server.RaftServerConfigKeys (ConfUtils.java:logGet(46)) - raft.server.log.statemachine.data.sync.timeout = 10s (default)
2024-01-30 07:45:08,458 [55f20ed8-ad05-4879-9178-788b5883eeb3-groupManagement] INFO  server.RaftServerConfigKeys (ConfUtils.java:logGet(46)) - raft.server.log.statemachine.data.sync.timeout.retry = 0 (custom)
2024-01-30 07:45:08,459 [55f20ed8-ad05-4879-9178-788b5883eeb3-groupManagement] INFO  server.RaftServerConfigKeys (ConfUtils.java:logGet(46)) - raft.server.log.write.buffer.size = 8388616 (custom)
2024-01-30 07:45:08,461 [55f20ed8-ad05-4879-9178-788b5883eeb3-groupManagement] INFO  server.RaftServerConfigKeys (ConfUtils.java:logGet(46)) - raft.server.log.appender.buffer.byte-limit = 8388608 (custom)
2024-01-30 07:45:08,461 [55f20ed8-ad05-4879-9178-788b5883eeb3-groupManagement] INFO  server.RaftServerConfigKeys (ConfUtils.java:logGet(46)) - raft.server.log.unsafe-flush.enabled = false (default)
2024-01-30 07:45:08,461 [55f20ed8-ad05-4879-9178-788b5883eeb3-groupManagement] INFO  server.RaftServerConfigKeys (ConfUtils.java:logGet(46)) - raft.server.log.async-flush.enabled = false (default)
2024-01-30 07:45:08,461 [55f20ed8-ad05-4879-9178-788b5883eeb3-groupManagement] INFO  server.RaftServerConfigKeys (ConfUtils.java:logGet(46)) - raft.server.log.statemachine.data.caching.enabled = true (custom)
2024-01-30 07:45:08,461 [f4dc5428-8803-43b0-8e6b-8ffa99f16cef-groupManagement] INFO  segmented.SegmentedRaftLogWorker (SegmentedRaftLogWorker.java:lambda$new$0(134)) - f4dc5428-8803-43b0-8e6b-8ffa99f16cef@group-81CA7C03A8D2-SegmentedRaftLogWorker: flushIndex: setUnconditionally 0 -> -1
2024-01-30 07:45:08,461 [f4dc5428-8803-43b0-8e6b-8ffa99f16cef-groupManagement] INFO  segmented.SegmentedRaftLogWorker (SegmentedRaftLogWorker.java:lambda$new$0(134)) - f4dc5428-8803-43b0-8e6b-8ffa99f16cef@group-81CA7C03A8D2-SegmentedRaftLogWorker: safeCacheEvictIndex: setUnconditionally 0 -> -1
2024-01-30 07:45:08,461 [55f20ed8-ad05-4879-9178-788b5883eeb3-groupManagement] INFO  segmented.SegmentedRaftLogWorker (SegmentedRaftLogWorker.java:lambda$new$0(134)) - 55f20ed8-ad05-4879-9178-788b5883eeb3@group-81CA7C03A8D2-SegmentedRaftLogWorker: flushIndex: setUnconditionally 0 -> -1
2024-01-30 07:45:08,461 [55f20ed8-ad05-4879-9178-788b5883eeb3-groupManagement] INFO  segmented.SegmentedRaftLogWorker (SegmentedRaftLogWorker.java:lambda$new$0(134)) - 55f20ed8-ad05-4879-9178-788b5883eeb3@group-81CA7C03A8D2-SegmentedRaftLogWorker: safeCacheEvictIndex: setUnconditionally 0 -> -1
2024-01-30 07:45:08,462 [55f20ed8-ad05-4879-9178-788b5883eeb3-PipelineCommandHandlerThread-0] INFO  commandhandler.CreatePipelineCommandHandler (CreatePipelineCommandHandler.java:lambda$handle$2(124)) - Created Pipeline RATIS THREE PipelineID=4cf6885c-1486-46ce-8fed-b85ecf817262.
2024-01-30 07:45:08,462 [55f20ed8-ad05-4879-9178-788b5883eeb3-groupManagement] INFO  server.RaftServer$Division (RaftServerImpl.java:start(396)) - 55f20ed8-ad05-4879-9178-788b5883eeb3@group-81CA7C03A8D2: start as a follower, conf=-1: peers:[f4dc5428-8803-43b0-8e6b-8ffa99f16cef|10.1.0.48:15059, 55f20ed8-ad05-4879-9178-788b5883eeb3|10.1.0.48:15041, 6af36478-fafe-44e8-8f65-092a10613903|10.1.0.48:15050]|listeners:[], old=null
2024-01-30 07:45:08,463 [55f20ed8-ad05-4879-9178-788b5883eeb3-groupManagement] INFO  server.RaftServer$Division (RaftServerImpl.java:setRole(383)) - 55f20ed8-ad05-4879-9178-788b5883eeb3@group-81CA7C03A8D2: changes role from      null to FOLLOWER at term 0 for startAsFollower
2024-01-30 07:45:08,463 [55f20ed8-ad05-4879-9178-788b5883eeb3-groupManagement] INFO  impl.RoleInfo (RoleInfo.java:updateAndGet(139)) - 55f20ed8-ad05-4879-9178-788b5883eeb3: start 55f20ed8-ad05-4879-9178-788b5883eeb3@group-81CA7C03A8D2-FollowerState
2024-01-30 07:45:08,463 [f4dc5428-8803-43b0-8e6b-8ffa99f16cef-groupManagement] INFO  server.RaftServer$Division (RaftServerImpl.java:start(396)) - f4dc5428-8803-43b0-8e6b-8ffa99f16cef@group-81CA7C03A8D2: start as a follower, conf=-1: peers:[f4dc5428-8803-43b0-8e6b-8ffa99f16cef|10.1.0.48:15059, 55f20ed8-ad05-4879-9178-788b5883eeb3|10.1.0.48:15041, 6af36478-fafe-44e8-8f65-092a10613903|10.1.0.48:15050]|listeners:[], old=null
2024-01-30 07:45:08,467 [f4dc5428-8803-43b0-8e6b-8ffa99f16cef-groupManagement] INFO  server.RaftServer$Division (RaftServerImpl.java:setRole(383)) - f4dc5428-8803-43b0-8e6b-8ffa99f16cef@group-81CA7C03A8D2: changes role from      null to FOLLOWER at term 0 for startAsFollower
2024-01-30 07:45:08,467 [f4dc5428-8803-43b0-8e6b-8ffa99f16cef-groupManagement] INFO  impl.RoleInfo (RoleInfo.java:updateAndGet(139)) - f4dc5428-8803-43b0-8e6b-8ffa99f16cef: start f4dc5428-8803-43b0-8e6b-8ffa99f16cef@group-81CA7C03A8D2-FollowerState
2024-01-30 07:45:08,468 [55f20ed8-ad05-4879-9178-788b5883eeb3@group-81CA7C03A8D2-FollowerState] INFO  server.RaftServerConfigKeys (ConfUtils.java:logFallback(53)) - raft.server.rpc.first-election.timeout.min = 5s (fallback to raft.server.rpc.timeout.min)
2024-01-30 07:45:08,468 [55f20ed8-ad05-4879-9178-788b5883eeb3@group-81CA7C03A8D2-FollowerState] INFO  server.RaftServerConfigKeys (ConfUtils.java:logFallback(53)) - raft.server.rpc.first-election.timeout.max = 5200ms (fallback to raft.server.rpc.timeout.max)
2024-01-30 07:45:08,468 [f4dc5428-8803-43b0-8e6b-8ffa99f16cef-groupManagement] INFO  util.JmxRegister (JmxRegister.java:tryRegister(44)) - Successfully registered JMX Bean with object name Ratis:service=RaftServer,group=group-81CA7C03A8D2,id=f4dc5428-8803-43b0-8e6b-8ffa99f16cef
2024-01-30 07:45:08,469 [f4dc5428-8803-43b0-8e6b-8ffa99f16cef-groupManagement] INFO  server.RaftServerConfigKeys (ConfUtils.java:logGet(46)) - raft.server.snapshot.trigger-when-stop.enabled = true (default)
2024-01-30 07:45:08,469 [f4dc5428-8803-43b0-8e6b-8ffa99f16cef-groupManagement] INFO  server.RaftServerConfigKeys (ConfUtils.java:logGet(46)) - raft.server.snapshot.auto.trigger.enabled = true (custom)
2024-01-30 07:45:08,469 [f4dc5428-8803-43b0-8e6b-8ffa99f16cef-groupManagement] INFO  server.RaftServerConfigKeys (ConfUtils.java:logGet(46)) - raft.server.snapshot.auto.trigger.threshold = 10000 (custom)
2024-01-30 07:45:08,469 [f4dc5428-8803-43b0-8e6b-8ffa99f16cef-groupManagement] INFO  server.RaftServerConfigKeys (ConfUtils.java:logGet(46)) - raft.server.snapshot.retention.file.num = 5 (custom)
2024-01-30 07:45:08,469 [f4dc5428-8803-43b0-8e6b-8ffa99f16cef-groupManagement] INFO  server.RaftServerConfigKeys (ConfUtils.java:logGet(46)) - raft.server.log.purge.upto.snapshot.index = false (default)
2024-01-30 07:45:08,467 [55f20ed8-ad05-4879-9178-788b5883eeb3-groupManagement] INFO  util.JmxRegister (JmxRegister.java:tryRegister(44)) - Successfully registered JMX Bean with object name Ratis:service=RaftServer,group=group-81CA7C03A8D2,id=55f20ed8-ad05-4879-9178-788b5883eeb3
2024-01-30 07:45:08,469 [55f20ed8-ad05-4879-9178-788b5883eeb3-groupManagement] INFO  server.RaftServerConfigKeys (ConfUtils.java:logGet(46)) - raft.server.snapshot.trigger-when-stop.enabled = true (default)
2024-01-30 07:45:08,469 [55f20ed8-ad05-4879-9178-788b5883eeb3-groupManagement] INFO  server.RaftServerConfigKeys (ConfUtils.java:logGet(46)) - raft.server.snapshot.auto.trigger.enabled = true (custom)
2024-01-30 07:45:08,469 [55f20ed8-ad05-4879-9178-788b5883eeb3-groupManagement] INFO  server.RaftServerConfigKeys (ConfUtils.java:logGet(46)) - raft.server.snapshot.auto.trigger.threshold = 10000 (custom)
2024-01-30 07:45:08,470 [55f20ed8-ad05-4879-9178-788b5883eeb3-groupManagement] INFO  server.RaftServerConfigKeys (ConfUtils.java:logGet(46)) - raft.server.snapshot.retention.file.num = 5 (custom)
2024-01-30 07:45:08,470 [f4dc5428-8803-43b0-8e6b-8ffa99f16cef@group-81CA7C03A8D2-FollowerState] INFO  server.RaftServerConfigKeys (ConfUtils.java:logFallback(53)) - raft.server.rpc.first-election.timeout.min = 5s (fallback to raft.server.rpc.timeout.min)
2024-01-30 07:45:08,470 [f4dc5428-8803-43b0-8e6b-8ffa99f16cef@group-81CA7C03A8D2-FollowerState] INFO  server.RaftServerConfigKeys (ConfUtils.java:logFallback(53)) - raft.server.rpc.first-election.timeout.max = 5200ms (fallback to raft.server.rpc.timeout.max)
2024-01-30 07:45:08,470 [55f20ed8-ad05-4879-9178-788b5883eeb3-groupManagement] INFO  server.RaftServerConfigKeys (ConfUtils.java:logGet(46)) - raft.server.log.purge.upto.snapshot.index = false (default)
2024-01-30 07:45:08,470 [f4dc5428-8803-43b0-8e6b-8ffa99f16cef-PipelineCommandHandlerThread-0] INFO  ratis.XceiverServerRatis (XceiverServerRatis.java:addGroup(864)) - Created group PipelineID=8af44c19-b552-4941-bb30-81ca7c03a8d2
2024-01-30 07:45:08,472 [eae9be92-4231-488a-b42d-6128b74e9292-PipelineCommandHandlerThread-0] INFO  commandhandler.CreatePipelineCommandHandler (CreatePipelineCommandHandler.java:lambda$handle$2(124)) - Created Pipeline RATIS THREE PipelineID=1663c5bc-106b-4c60-8b40-511431f77ef9.
2024-01-30 07:45:08,518 [6af36478-fafe-44e8-8f65-092a10613903-PipelineCommandHandlerThread-0] INFO  commandhandler.CreatePipelineCommandHandler (CreatePipelineCommandHandler.java:lambda$handle$2(124)) - Created Pipeline RATIS THREE PipelineID=8af44c19-b552-4941-bb30-81ca7c03a8d2.
2024-01-30 07:45:08,532 [f4dc5428-8803-43b0-8e6b-8ffa99f16cef-PipelineCommandHandlerThread-0] INFO  commandhandler.CreatePipelineCommandHandler (CreatePipelineCommandHandler.java:lambda$handle$2(124)) - Created Pipeline RATIS THREE PipelineID=8af44c19-b552-4941-bb30-81ca7c03a8d2.
2024-01-30 07:45:09,205 [main] INFO  ozone.MiniOzoneClusterImpl (MiniOzoneClusterImpl.java:lambda$waitForClusterToBeReady$0(229)) - Nodes are ready. Got 6 of 6 DN Heartbeats.
2024-01-30 07:45:09,205 [main] INFO  ozone.MiniOzoneClusterImpl (MiniOzoneClusterImpl.java:lambda$waitForClusterToBeReady$0(232)) - Waiting for cluster to exit safe mode
2024-01-30 07:45:09,205 [main] INFO  ozone.MiniOzoneClusterImpl (MiniOzoneClusterImpl.java:lambda$waitForClusterToBeReady$0(234)) - SCM became leader
2024-01-30 07:45:10,205 [main] INFO  ozone.MiniOzoneClusterImpl (MiniOzoneClusterImpl.java:lambda$waitForClusterToBeReady$0(229)) - Nodes are ready. Got 6 of 6 DN Heartbeats.
2024-01-30 07:45:10,206 [main] INFO  ozone.MiniOzoneClusterImpl (MiniOzoneClusterImpl.java:lambda$waitForClusterToBeReady$0(232)) - Waiting for cluster to exit safe mode
2024-01-30 07:45:10,206 [main] INFO  ozone.MiniOzoneClusterImpl (MiniOzoneClusterImpl.java:lambda$waitForClusterToBeReady$0(234)) - SCM became leader
2024-01-30 07:45:11,206 [main] INFO  ozone.MiniOzoneClusterImpl (MiniOzoneClusterImpl.java:lambda$waitForClusterToBeReady$0(229)) - Nodes are ready. Got 6 of 6 DN Heartbeats.
2024-01-30 07:45:11,206 [main] INFO  ozone.MiniOzoneClusterImpl (MiniOzoneClusterImpl.java:lambda$waitForClusterToBeReady$0(232)) - Waiting for cluster to exit safe mode
2024-01-30 07:45:11,206 [main] INFO  ozone.MiniOzoneClusterImpl (MiniOzoneClusterImpl.java:lambda$waitForClusterToBeReady$0(234)) - SCM became leader
2024-01-30 07:45:12,207 [main] INFO  ozone.MiniOzoneClusterImpl (MiniOzoneClusterImpl.java:lambda$waitForClusterToBeReady$0(229)) - Nodes are ready. Got 6 of 6 DN Heartbeats.
2024-01-30 07:45:12,207 [main] INFO  ozone.MiniOzoneClusterImpl (MiniOzoneClusterImpl.java:lambda$waitForClusterToBeReady$0(232)) - Waiting for cluster to exit safe mode
2024-01-30 07:45:12,207 [main] INFO  ozone.MiniOzoneClusterImpl (MiniOzoneClusterImpl.java:lambda$waitForClusterToBeReady$0(234)) - SCM became leader
2024-01-30 07:45:12,533 [68b35bab-6033-4329-aa6c-21b57b93715a@group-FC27DF658E49-FollowerState] INFO  impl.FollowerState (FollowerState.java:run(143)) - 68b35bab-6033-4329-aa6c-21b57b93715a@group-FC27DF658E49-FollowerState: change to CANDIDATE, lastRpcElapsedTime:5008516543ns, electionTimeout:5008ms
2024-01-30 07:45:12,533 [68b35bab-6033-4329-aa6c-21b57b93715a@group-FC27DF658E49-FollowerState] INFO  impl.RoleInfo (RoleInfo.java:shutdownFollowerState(110)) - 68b35bab-6033-4329-aa6c-21b57b93715a: shutdown 68b35bab-6033-4329-aa6c-21b57b93715a@group-FC27DF658E49-FollowerState
2024-01-30 07:45:12,533 [68b35bab-6033-4329-aa6c-21b57b93715a@group-FC27DF658E49-FollowerState] INFO  server.RaftServer$Division (RaftServerImpl.java:setRole(383)) - 68b35bab-6033-4329-aa6c-21b57b93715a@group-FC27DF658E49: changes role from  FOLLOWER to CANDIDATE at term 0 for changeToCandidate
2024-01-30 07:45:12,534 [68b35bab-6033-4329-aa6c-21b57b93715a@group-FC27DF658E49-FollowerState] INFO  server.RaftServerConfigKeys (ConfUtils.java:logGet(46)) - raft.server.leaderelection.pre-vote = true (default)
2024-01-30 07:45:12,534 [68b35bab-6033-4329-aa6c-21b57b93715a@group-FC27DF658E49-FollowerState] INFO  impl.RoleInfo (RoleInfo.java:updateAndGet(139)) - 68b35bab-6033-4329-aa6c-21b57b93715a: start 68b35bab-6033-4329-aa6c-21b57b93715a@group-FC27DF658E49-LeaderElection2
2024-01-30 07:45:12,535 [68b35bab-6033-4329-aa6c-21b57b93715a@group-FC27DF658E49-LeaderElection2] INFO  impl.LeaderElection (LeaderElection.java:askForVotes(321)) - 68b35bab-6033-4329-aa6c-21b57b93715a@group-FC27DF658E49-LeaderElection2 PRE_VOTE round 0: submit vote requests at term 0 for -1: peers:[bf3622ab-3fe7-408a-b5e0-736b392a243c|10.1.0.48:15032, eae9be92-4231-488a-b42d-6128b74e9292|10.1.0.48:15023, 68b35bab-6033-4329-aa6c-21b57b93715a|10.1.0.48:15014]|listeners:[], old=null
2024-01-30 07:45:12,569 [68b35bab-6033-4329-aa6c-21b57b93715a@group-FC27DF658E49-LeaderElection2] INFO  server.RaftServerConfigKeys (ConfUtils.java:logFallback(53)) - raft.server.rpc.first-election.timeout.min = 5s (fallback to raft.server.rpc.timeout.min)
2024-01-30 07:45:12,569 [68b35bab-6033-4329-aa6c-21b57b93715a@group-FC27DF658E49-LeaderElection2] INFO  server.RaftServerConfigKeys (ConfUtils.java:logFallback(53)) - raft.server.rpc.first-election.timeout.max = 5200ms (fallback to raft.server.rpc.timeout.max)
2024-01-30 07:45:12,571 [68b35bab-6033-4329-aa6c-21b57b93715a@group-FC27DF658E49-LeaderElection2-1] INFO  server.GrpcServerProtocolClient (GrpcServerProtocolClient.java:<init>(65)) - Build channel for bf3622ab-3fe7-408a-b5e0-736b392a243c|10.1.0.48:15032
2024-01-30 07:45:12,571 [68b35bab-6033-4329-aa6c-21b57b93715a@group-FC27DF658E49-LeaderElection2-2] INFO  server.GrpcServerProtocolClient (GrpcServerProtocolClient.java:<init>(65)) - Build channel for eae9be92-4231-488a-b42d-6128b74e9292|10.1.0.48:15023
2024-01-30 07:45:12,584 [grpc-default-executor-1] INFO  server.RaftServer$Division (RaftServerImpl.java:requestVote(1389)) - bf3622ab-3fe7-408a-b5e0-736b392a243c@group-FC27DF658E49: receive requestVote(PRE_VOTE, 68b35bab-6033-4329-aa6c-21b57b93715a, group-FC27DF658E49, 0, (t:0, i:0))
2024-01-30 07:45:12,585 [grpc-default-executor-1] INFO  impl.VoteContext (VoteContext.java:log(49)) - bf3622ab-3fe7-408a-b5e0-736b392a243c@group-FC27DF658E49-FOLLOWER: accept PRE_VOTE from 68b35bab-6033-4329-aa6c-21b57b93715a: our priority 0 <= candidate's priority 1
2024-01-30 07:45:12,586 [grpc-default-executor-2] INFO  server.RaftServer$Division (RaftServerImpl.java:requestVote(1389)) - eae9be92-4231-488a-b42d-6128b74e9292@group-FC27DF658E49: receive requestVote(PRE_VOTE, 68b35bab-6033-4329-aa6c-21b57b93715a, group-FC27DF658E49, 0, (t:0, i:0))
2024-01-30 07:45:12,586 [grpc-default-executor-2] INFO  impl.VoteContext (VoteContext.java:log(49)) - eae9be92-4231-488a-b42d-6128b74e9292@group-FC27DF658E49-FOLLOWER: accept PRE_VOTE from 68b35bab-6033-4329-aa6c-21b57b93715a: our priority 0 <= candidate's priority 1
2024-01-30 07:45:12,589 [grpc-default-executor-2] INFO  server.RaftServer$Division (RaftServerImpl.java:requestVote(1422)) - eae9be92-4231-488a-b42d-6128b74e9292@group-FC27DF658E49 replies to PRE_VOTE vote request: 68b35bab-6033-4329-aa6c-21b57b93715a<-eae9be92-4231-488a-b42d-6128b74e9292#0:OK-t0. Peer's state: eae9be92-4231-488a-b42d-6128b74e9292@group-FC27DF658E49:t0, leader=null, voted=, raftlog=Memoized:eae9be92-4231-488a-b42d-6128b74e9292@group-FC27DF658E49-SegmentedRaftLog:OPENED:c-1, conf=-1: peers:[bf3622ab-3fe7-408a-b5e0-736b392a243c|10.1.0.48:15032, eae9be92-4231-488a-b42d-6128b74e9292|10.1.0.48:15023, 68b35bab-6033-4329-aa6c-21b57b93715a|10.1.0.48:15014]|listeners:[], old=null
2024-01-30 07:45:12,589 [grpc-default-executor-1] INFO  server.RaftServer$Division (RaftServerImpl.java:requestVote(1422)) - bf3622ab-3fe7-408a-b5e0-736b392a243c@group-FC27DF658E49 replies to PRE_VOTE vote request: 68b35bab-6033-4329-aa6c-21b57b93715a<-bf3622ab-3fe7-408a-b5e0-736b392a243c#0:OK-t0. Peer's state: bf3622ab-3fe7-408a-b5e0-736b392a243c@group-FC27DF658E49:t0, leader=null, voted=, raftlog=Memoized:bf3622ab-3fe7-408a-b5e0-736b392a243c@group-FC27DF658E49-SegmentedRaftLog:OPENED:c-1, conf=-1: peers:[bf3622ab-3fe7-408a-b5e0-736b392a243c|10.1.0.48:15032, eae9be92-4231-488a-b42d-6128b74e9292|10.1.0.48:15023, 68b35bab-6033-4329-aa6c-21b57b93715a|10.1.0.48:15014]|listeners:[], old=null
2024-01-30 07:45:12,594 [68b35bab-6033-4329-aa6c-21b57b93715a@group-FC27DF658E49-LeaderElection2] INFO  impl.LeaderElection (LeaderElection.java:logAndReturn(89)) - 68b35bab-6033-4329-aa6c-21b57b93715a@group-FC27DF658E49-LeaderElection2: PRE_VOTE PASSED received 1 response(s) and 0 exception(s):
2024-01-30 07:45:12,594 [68b35bab-6033-4329-aa6c-21b57b93715a@group-FC27DF658E49-LeaderElection2] INFO  impl.LeaderElection (LeaderElection.java:logAndReturn(93)) -   Response 0: 68b35bab-6033-4329-aa6c-21b57b93715a<-eae9be92-4231-488a-b42d-6128b74e9292#0:OK-t0
2024-01-30 07:45:12,595 [68b35bab-6033-4329-aa6c-21b57b93715a@group-FC27DF658E49-LeaderElection2] INFO  impl.LeaderElection (LeaderElection.java:askForVotes(323)) - 68b35bab-6033-4329-aa6c-21b57b93715a@group-FC27DF658E49-LeaderElection2 PRE_VOTE round 0: result PASSED
2024-01-30 07:45:12,597 [68b35bab-6033-4329-aa6c-21b57b93715a@group-FC27DF658E49-LeaderElection2] INFO  impl.LeaderElection (LeaderElection.java:askForVotes(321)) - 68b35bab-6033-4329-aa6c-21b57b93715a@group-FC27DF658E49-LeaderElection2 ELECTION round 0: submit vote requests at term 1 for -1: peers:[bf3622ab-3fe7-408a-b5e0-736b392a243c|10.1.0.48:15032, eae9be92-4231-488a-b42d-6128b74e9292|10.1.0.48:15023, 68b35bab-6033-4329-aa6c-21b57b93715a|10.1.0.48:15014]|listeners:[], old=null
2024-01-30 07:45:12,598 [68b35bab-6033-4329-aa6c-21b57b93715a@group-FC27DF658E49-LeaderElection2] INFO  server.RaftServerConfigKeys (ConfUtils.java:logFallback(53)) - raft.server.rpc.first-election.timeout.min = 5s (fallback to raft.server.rpc.timeout.min)
2024-01-30 07:45:12,598 [68b35bab-6033-4329-aa6c-21b57b93715a@group-FC27DF658E49-LeaderElection2] INFO  server.RaftServerConfigKeys (ConfUtils.java:logFallback(53)) - raft.server.rpc.first-election.timeout.max = 5200ms (fallback to raft.server.rpc.timeout.max)
2024-01-30 07:45:12,601 [grpc-default-executor-1] INFO  server.RaftServer$Division (RaftServerImpl.java:requestVote(1389)) - bf3622ab-3fe7-408a-b5e0-736b392a243c@group-FC27DF658E49: receive requestVote(ELECTION, 68b35bab-6033-4329-aa6c-21b57b93715a, group-FC27DF658E49, 1, (t:0, i:0))
2024-01-30 07:45:12,601 [grpc-default-executor-1] INFO  impl.VoteContext (VoteContext.java:log(49)) - bf3622ab-3fe7-408a-b5e0-736b392a243c@group-FC27DF658E49-FOLLOWER: accept ELECTION from 68b35bab-6033-4329-aa6c-21b57b93715a: our priority 0 <= candidate's priority 1
2024-01-30 07:45:12,602 [grpc-default-executor-1] INFO  server.RaftServer$Division (RaftServerImpl.java:setRole(383)) - bf3622ab-3fe7-408a-b5e0-736b392a243c@group-FC27DF658E49: changes role from  FOLLOWER to FOLLOWER at term 1 for candidate:68b35bab-6033-4329-aa6c-21b57b93715a
2024-01-30 07:45:12,602 [grpc-default-executor-1] INFO  impl.RoleInfo (RoleInfo.java:shutdownFollowerState(110)) - bf3622ab-3fe7-408a-b5e0-736b392a243c: shutdown bf3622ab-3fe7-408a-b5e0-736b392a243c@group-FC27DF658E49-FollowerState
2024-01-30 07:45:12,602 [bf3622ab-3fe7-408a-b5e0-736b392a243c@group-FC27DF658E49-FollowerState] INFO  impl.FollowerState (FollowerState.java:run(152)) - bf3622ab-3fe7-408a-b5e0-736b392a243c@group-FC27DF658E49-FollowerState was interrupted
2024-01-30 07:45:12,603 [grpc-default-executor-1] INFO  impl.RoleInfo (RoleInfo.java:updateAndGet(139)) - bf3622ab-3fe7-408a-b5e0-736b392a243c: start bf3622ab-3fe7-408a-b5e0-736b392a243c@group-FC27DF658E49-FollowerState
2024-01-30 07:45:12,603 [grpc-default-executor-2] INFO  server.RaftServer$Division (RaftServerImpl.java:requestVote(1389)) - eae9be92-4231-488a-b42d-6128b74e9292@group-FC27DF658E49: receive requestVote(ELECTION, 68b35bab-6033-4329-aa6c-21b57b93715a, group-FC27DF658E49, 1, (t:0, i:0))
2024-01-30 07:45:12,603 [grpc-default-executor-2] INFO  impl.VoteContext (VoteContext.java:log(49)) - eae9be92-4231-488a-b42d-6128b74e9292@group-FC27DF658E49-FOLLOWER: accept ELECTION from 68b35bab-6033-4329-aa6c-21b57b93715a: our priority 0 <= candidate's priority 1
2024-01-30 07:45:12,603 [grpc-default-executor-2] INFO  server.RaftServer$Division (RaftServerImpl.java:setRole(383)) - eae9be92-4231-488a-b42d-6128b74e9292@group-FC27DF658E49: changes role from  FOLLOWER to FOLLOWER at term 1 for candidate:68b35bab-6033-4329-aa6c-21b57b93715a
2024-01-30 07:45:12,603 [grpc-default-executor-2] INFO  impl.RoleInfo (RoleInfo.java:shutdownFollowerState(110)) - eae9be92-4231-488a-b42d-6128b74e9292: shutdown eae9be92-4231-488a-b42d-6128b74e9292@group-FC27DF658E49-FollowerState
2024-01-30 07:45:12,607 [grpc-default-executor-1] INFO  server.RaftServer$Division (RaftServerImpl.java:setFirstElection(574)) - bf3622ab-3fe7-408a-b5e0-736b392a243c@group-FC27DF658E49: set firstElectionSinceStartup to false for candidate:68b35bab-6033-4329-aa6c-21b57b93715a
2024-01-30 07:45:12,607 [eae9be92-4231-488a-b42d-6128b74e9292@group-FC27DF658E49-FollowerState] INFO  impl.FollowerState (FollowerState.java:run(152)) - eae9be92-4231-488a-b42d-6128b74e9292@group-FC27DF658E49-FollowerState was interrupted
2024-01-30 07:45:12,607 [grpc-default-executor-2] INFO  impl.RoleInfo (RoleInfo.java:updateAndGet(139)) - eae9be92-4231-488a-b42d-6128b74e9292: start eae9be92-4231-488a-b42d-6128b74e9292@group-FC27DF658E49-FollowerState
2024-01-30 07:45:12,607 [grpc-default-executor-2] INFO  server.RaftServer$Division (RaftServerImpl.java:setFirstElection(574)) - eae9be92-4231-488a-b42d-6128b74e9292@group-FC27DF658E49: set firstElectionSinceStartup to false for candidate:68b35bab-6033-4329-aa6c-21b57b93715a
2024-01-30 07:45:12,611 [grpc-default-executor-1] INFO  server.RaftServer$Division (RaftServerImpl.java:requestVote(1422)) - bf3622ab-3fe7-408a-b5e0-736b392a243c@group-FC27DF658E49 replies to ELECTION vote request: 68b35bab-6033-4329-aa6c-21b57b93715a<-bf3622ab-3fe7-408a-b5e0-736b392a243c#0:OK-t1. Peer's state: bf3622ab-3fe7-408a-b5e0-736b392a243c@group-FC27DF658E49:t1, leader=null, voted=68b35bab-6033-4329-aa6c-21b57b93715a, raftlog=Memoized:bf3622ab-3fe7-408a-b5e0-736b392a243c@group-FC27DF658E49-SegmentedRaftLog:OPENED:c-1, conf=-1: peers:[bf3622ab-3fe7-408a-b5e0-736b392a243c|10.1.0.48:15032, eae9be92-4231-488a-b42d-6128b74e9292|10.1.0.48:15023, 68b35bab-6033-4329-aa6c-21b57b93715a|10.1.0.48:15014]|listeners:[], old=null
2024-01-30 07:45:12,611 [grpc-default-executor-2] INFO  server.RaftServer$Division (RaftServerImpl.java:requestVote(1422)) - eae9be92-4231-488a-b42d-6128b74e9292@group-FC27DF658E49 replies to ELECTION vote request: 68b35bab-6033-4329-aa6c-21b57b93715a<-eae9be92-4231-488a-b42d-6128b74e9292#0:OK-t1. Peer's state: eae9be92-4231-488a-b42d-6128b74e9292@group-FC27DF658E49:t1, leader=null, voted=68b35bab-6033-4329-aa6c-21b57b93715a, raftlog=Memoized:eae9be92-4231-488a-b42d-6128b74e9292@group-FC27DF658E49-SegmentedRaftLog:OPENED:c-1, conf=-1: peers:[bf3622ab-3fe7-408a-b5e0-736b392a243c|10.1.0.48:15032, eae9be92-4231-488a-b42d-6128b74e9292|10.1.0.48:15023, 68b35bab-6033-4329-aa6c-21b57b93715a|10.1.0.48:15014]|listeners:[], old=null
2024-01-30 07:45:12,612 [68b35bab-6033-4329-aa6c-21b57b93715a@group-FC27DF658E49-LeaderElection2] INFO  impl.LeaderElection (LeaderElection.java:logAndReturn(89)) - 68b35bab-6033-4329-aa6c-21b57b93715a@group-FC27DF658E49-LeaderElection2: ELECTION PASSED received 1 response(s) and 0 exception(s):
2024-01-30 07:45:12,612 [68b35bab-6033-4329-aa6c-21b57b93715a@group-FC27DF658E49-LeaderElection2] INFO  impl.LeaderElection (LeaderElection.java:logAndReturn(93)) -   Response 0: 68b35bab-6033-4329-aa6c-21b57b93715a<-eae9be92-4231-488a-b42d-6128b74e9292#0:OK-t1
2024-01-30 07:45:12,612 [68b35bab-6033-4329-aa6c-21b57b93715a@group-FC27DF658E49-LeaderElection2] INFO  impl.LeaderElection (LeaderElection.java:askForVotes(323)) - 68b35bab-6033-4329-aa6c-21b57b93715a@group-FC27DF658E49-LeaderElection2 ELECTION round 0: result PASSED
2024-01-30 07:45:12,612 [68b35bab-6033-4329-aa6c-21b57b93715a@group-FC27DF658E49-LeaderElection2] INFO  impl.RoleInfo (RoleInfo.java:shutdownLeaderElection(130)) - 68b35bab-6033-4329-aa6c-21b57b93715a: shutdown 68b35bab-6033-4329-aa6c-21b57b93715a@group-FC27DF658E49-LeaderElection2
2024-01-30 07:45:12,612 [68b35bab-6033-4329-aa6c-21b57b93715a@group-FC27DF658E49-LeaderElection2] INFO  server.RaftServer$Division (RaftServerImpl.java:setRole(383)) - 68b35bab-6033-4329-aa6c-21b57b93715a@group-FC27DF658E49: changes role from CANDIDATE to LEADER at term 1 for changeToLeader
2024-01-30 07:45:12,612 [68b35bab-6033-4329-aa6c-21b57b93715a@group-FC27DF658E49-LeaderElection2] INFO  server.RaftServerConfigKeys (ConfUtils.java:logGet(46)) - raft.server.staging.catchup.gap = 1000 (default)
2024-01-30 07:45:12,612 [68b35bab-6033-4329-aa6c-21b57b93715a@group-FC27DF658E49-LeaderElection2] INFO  server.RaftServerConfigKeys (ConfUtils.java:logGet(46)) - raft.server.write.element-limit = 1024 (custom)
2024-01-30 07:45:12,613 [68b35bab-6033-4329-aa6c-21b57b93715a@group-FC27DF658E49-LeaderElection2] INFO  server.RaftServerConfigKeys (ConfUtils.java:logGet(46)) - raft.server.write.byte-limit = 1024 M (=1073741824) (custom)
2024-01-30 07:45:12,613 [68b35bab-6033-4329-aa6c-21b57b93715a@group-FC27DF658E49-LeaderElection2] INFO  server.RaftServerConfigKeys (ConfUtils.java:logGet(46)) - raft.server.watch.timeout = 180s (custom)
2024-01-30 07:45:12,613 [68b35bab-6033-4329-aa6c-21b57b93715a@group-FC27DF658E49-LeaderElection2] INFO  server.RaftServerConfigKeys (ConfUtils.java:logGet(46)) - raft.server.watch.timeout.denomination = 1s (default)
2024-01-30 07:45:12,613 [68b35bab-6033-4329-aa6c-21b57b93715a@group-FC27DF658E49-LeaderElection2] INFO  server.RaftServerConfigKeys (ConfUtils.java:logGet(46)) - raft.server.watch.element-limit = 65536 (default)
2024-01-30 07:45:12,613 [68b35bab-6033-4329-aa6c-21b57b93715a@group-FC27DF658E49-LeaderElection2] INFO  server.RaftServerConfigKeys (ConfUtils.java:logGet(46)) - raft.server.read.leader.lease.enabled = false (default)
2024-01-30 07:45:12,613 [68b35bab-6033-4329-aa6c-21b57b93715a@group-FC27DF658E49-LeaderElection2] INFO  server.RaftServerConfigKeys (ConfUtils.java:logGet(46)) - raft.server.read.leader.lease.timeout.ratio = 0.9 (default)
2024-01-30 07:45:12,613 [68b35bab-6033-4329-aa6c-21b57b93715a@group-FC27DF658E49-LeaderElection2] INFO  server.RaftServerConfigKeys (ConfUtils.java:logGet(46)) - raft.server.rpc.timeout.min = 5s (custom)
2024-01-30 07:45:12,614 [68b35bab-6033-4329-aa6c-21b57b93715a@group-FC27DF658E49-LeaderElection2] INFO  server.RaftServerConfigKeys (ConfUtils.java:logGet(46)) - raft.server.write.element-limit = 1024 (custom)
2024-01-30 07:45:12,614 [68b35bab-6033-4329-aa6c-21b57b93715a@group-FC27DF658E49-LeaderElection2] INFO  server.RaftServerConfigKeys (ConfUtils.java:logGet(46)) - raft.server.write.follower.gap.ratio.max = -1.0 (default)
2024-01-30 07:45:12,623 [68b35bab-6033-4329-aa6c-21b57b93715a@group-FC27DF658E49-LeaderElection2] INFO  server.RaftServerConfigKeys (ConfUtils.java:logGet(46)) - raft.server.log.appender.snapshot.chunk.size.max = 16MB (=16777216) (default)
2024-01-30 07:45:12,624 [68b35bab-6033-4329-aa6c-21b57b93715a@group-FC27DF658E49-LeaderElection2] INFO  server.RaftServerConfigKeys (ConfUtils.java:logGet(46)) - raft.server.log.appender.buffer.byte-limit = 8388608 (custom)
2024-01-30 07:45:12,624 [68b35bab-6033-4329-aa6c-21b57b93715a@group-FC27DF658E49-LeaderElection2] INFO  server.RaftServerConfigKeys (ConfUtils.java:logGet(46)) - raft.server.log.appender.buffer.element-limit = 1 (custom)
2024-01-30 07:45:12,625 [68b35bab-6033-4329-aa6c-21b57b93715a@group-FC27DF658E49-LeaderElection2] INFO  server.RaftServerConfigKeys (ConfUtils.java:logGet(46)) - raft.server.log.appender.wait-time.min = 0μs (custom)
2024-01-30 07:45:12,627 [68b35bab-6033-4329-aa6c-21b57b93715a@group-FC27DF658E49-LeaderElection2] INFO  grpc.GrpcConfigKeys (ConfUtils.java:logGet(46)) - raft.grpc.server.leader.outstanding.appends.max = 8 (default)
2024-01-30 07:45:12,628 [68b35bab-6033-4329-aa6c-21b57b93715a@group-FC27DF658E49-LeaderElection2] INFO  server.RaftServerConfigKeys (ConfUtils.java:logGet(46)) - raft.server.rpc.request.timeout = 60s (custom)
2024-01-30 07:45:12,628 [68b35bab-6033-4329-aa6c-21b57b93715a@group-FC27DF658E49-LeaderElection2] INFO  grpc.GrpcConfigKeys (ConfUtils.java:logGet(46)) - raft.grpc.server.install_snapshot.request.element-limit = 8 (default)
2024-01-30 07:45:12,628 [68b35bab-6033-4329-aa6c-21b57b93715a@group-FC27DF658E49-LeaderElection2] INFO  grpc.GrpcConfigKeys (ConfUtils.java:logGet(46)) - raft.grpc.server.install_snapshot.request.timeout = 3000ms (default)
2024-01-30 07:45:12,628 [68b35bab-6033-4329-aa6c-21b57b93715a@group-FC27DF658E49-LeaderElection2] INFO  grpc.GrpcConfigKeys (ConfUtils.java:logGet(46)) - raft.grpc.server.log-message.batch.duration = 5s (default)
2024-01-30 07:45:12,628 [68b35bab-6033-4329-aa6c-21b57b93715a@group-FC27DF658E49-LeaderElection2] INFO  server.RaftServerConfigKeys (ConfUtils.java:logGet(46)) - raft.server.log.appender.install.snapshot.enabled = false (custom)
2024-01-30 07:45:12,629 [68b35bab-6033-4329-aa6c-21b57b93715a@group-FC27DF658E49-LeaderElection2] INFO  grpc.GrpcConfigKeys (ConfUtils.java:logGet(46)) - raft.grpc.server.heartbeat.channel = true (default)
2024-01-30 07:45:12,633 [68b35bab-6033-4329-aa6c-21b57b93715a@group-FC27DF658E49-LeaderElection2] INFO  server.RaftServerConfigKeys (ConfUtils.java:logGet(46)) - raft.server.log.appender.snapshot.chunk.size.max = 16MB (=16777216) (default)
2024-01-30 07:45:12,633 [68b35bab-6033-4329-aa6c-21b57b93715a@group-FC27DF658E49-LeaderElection2] INFO  server.RaftServerConfigKeys (ConfUtils.java:logGet(46)) - raft.server.log.appender.buffer.byte-limit = 8388608 (custom)
2024-01-30 07:45:12,634 [68b35bab-6033-4329-aa6c-21b57b93715a@group-FC27DF658E49-LeaderElection2] INFO  server.RaftServerConfigKeys (ConfUtils.java:logGet(46)) - raft.server.log.appender.buffer.element-limit = 1 (custom)
2024-01-30 07:45:12,634 [68b35bab-6033-4329-aa6c-21b57b93715a@group-FC27DF658E49-LeaderElection2] INFO  server.RaftServerConfigKeys (ConfUtils.java:logGet(46)) - raft.server.log.appender.wait-time.min = 0μs (custom)
2024-01-30 07:45:12,634 [68b35bab-6033-4329-aa6c-21b57b93715a@group-FC27DF658E49-LeaderElection2] INFO  grpc.GrpcConfigKeys (ConfUtils.java:logGet(46)) - raft.grpc.server.leader.outstanding.appends.max = 8 (default)
2024-01-30 07:45:12,634 [68b35bab-6033-4329-aa6c-21b57b93715a@group-FC27DF658E49-LeaderElection2] INFO  server.RaftServerConfigKeys (ConfUtils.java:logGet(46)) - raft.server.rpc.request.timeout = 60s (custom)
2024-01-30 07:45:12,634 [68b35bab-6033-4329-aa6c-21b57b93715a@group-FC27DF658E49-LeaderElection2] INFO  grpc.GrpcConfigKeys (ConfUtils.java:logGet(46)) - raft.grpc.server.install_snapshot.request.element-limit = 8 (default)
2024-01-30 07:45:12,634 [68b35bab-6033-4329-aa6c-21b57b93715a@group-FC27DF658E49-LeaderElection2] INFO  grpc.GrpcConfigKeys (ConfUtils.java:logGet(46)) - raft.grpc.server.install_snapshot.request.timeout = 3000ms (default)
2024-01-30 07:45:12,635 [68b35bab-6033-4329-aa6c-21b57b93715a@group-FC27DF658E49-LeaderElection2] INFO  grpc.GrpcConfigKeys (ConfUtils.java:logGet(46)) - raft.grpc.server.log-message.batch.duration = 5s (default)
2024-01-30 07:45:12,635 [68b35bab-6033-4329-aa6c-21b57b93715a@group-FC27DF658E49-LeaderElection2] INFO  server.RaftServerConfigKeys (ConfUtils.java:logGet(46)) - raft.server.log.appender.install.snapshot.enabled = false (custom)
2024-01-30 07:45:12,635 [68b35bab-6033-4329-aa6c-21b57b93715a@group-FC27DF658E49-LeaderElection2] INFO  grpc.GrpcConfigKeys (ConfUtils.java:logGet(46)) - raft.grpc.server.heartbeat.channel = true (default)
2024-01-30 07:45:12,636 [68b35bab-6033-4329-aa6c-21b57b93715a@group-FC27DF658E49-LeaderElection2] INFO  impl.RoleInfo (RoleInfo.java:updateAndGet(139)) - 68b35bab-6033-4329-aa6c-21b57b93715a: start 68b35bab-6033-4329-aa6c-21b57b93715a@group-FC27DF658E49-LeaderStateImpl
2024-01-30 07:45:12,636 [68b35bab-6033-4329-aa6c-21b57b93715a@group-FC27DF658E49-LeaderElection2] INFO  server.RaftServer$Division (RaftServerImpl.java:setFirstElection(574)) - 68b35bab-6033-4329-aa6c-21b57b93715a@group-FC27DF658E49: set firstElectionSinceStartup to false for becomeLeader
2024-01-30 07:45:12,636 [68b35bab-6033-4329-aa6c-21b57b93715a@group-FC27DF658E49-LeaderElection2] INFO  ratis.XceiverServerRatis (XceiverServerRatis.java:handleLeaderChangedNotification(966)) - Leader change notification received for group: group-FC27DF658E49 with new leaderId: 68b35bab-6033-4329-aa6c-21b57b93715a
2024-01-30 07:45:12,636 [68b35bab-6033-4329-aa6c-21b57b93715a@group-FC27DF658E49-LeaderElection2] INFO  server.RaftServer$Division (ServerState.java:setLeader(269)) - 68b35bab-6033-4329-aa6c-21b57b93715a@group-FC27DF658E49: change Leader from null to 68b35bab-6033-4329-aa6c-21b57b93715a at term 1 for becomeLeader, leader elected after 5132ms
2024-01-30 07:45:12,637 [68b35bab-6033-4329-aa6c-21b57b93715a@group-FC27DF658E49-LeaderElection2] INFO  segmented.SegmentedRaftLogWorker (SegmentedRaftLogWorker.java:startLogSegment(430)) - 68b35bab-6033-4329-aa6c-21b57b93715a@group-FC27DF658E49-SegmentedRaftLogWorker: Starting segment from index:0
2024-01-30 07:45:12,637 [68b35bab-6033-4329-aa6c-21b57b93715a@group-FC27DF658E49-SegmentedRaftLogWorker] INFO  segmented.BufferedWriteChannel (BufferedWriteChannel.java:open(62)) - open log_inprogress_0 at position 0
2024-01-30 07:45:12,643 [68b35bab-6033-4329-aa6c-21b57b93715a@group-FC27DF658E49-LeaderElection2] INFO  server.RaftServer$Division (ServerState.java:setRaftConf(386)) - 68b35bab-6033-4329-aa6c-21b57b93715a@group-FC27DF658E49: set configuration 0: peers:[bf3622ab-3fe7-408a-b5e0-736b392a243c|10.1.0.48:15032, eae9be92-4231-488a-b42d-6128b74e9292|10.1.0.48:15023, 68b35bab-6033-4329-aa6c-21b57b93715a|10.1.0.48:15014]|listeners:[], old=null
2024-01-30 07:45:12,644 [EventQueue-PipelineReportForPipelineReportHandler] INFO  pipeline.PipelineReportHandler (PipelineReportHandler.java:processPipelineReport(136)) - Opened pipeline PipelineID=4724f419-527a-4595-b49d-fc27df658e49
2024-01-30 07:45:12,644 [EventQueue-OpenPipelineForHealthyPipelineSafeModeRule] INFO  safemode.SCMSafeModeManager (HealthyPipelineSafeModeRule.java:process(140)) - SCM in safe mode. Healthy pipelines reported count is 1, required healthy pipeline reported count is 1
2024-01-30 07:45:12,644 [EventQueue-OpenPipelineForHealthyPipelineSafeModeRule] INFO  safemode.SCMSafeModeManager (SCMSafeModeManager.java:validateSafeModeExitRules(200)) - HealthyPipelineSafeModeRule rule is successfully validated
2024-01-30 07:45:12,644 [EventQueue-OpenPipelineForHealthyPipelineSafeModeRule] INFO  safemode.SCMSafeModeManager (SCMSafeModeManager.java:validateSafeModeExitRules(215)) - ScmSafeModeManager, all rules are successfully validated
2024-01-30 07:45:12,644 [EventQueue-OpenPipelineForHealthyPipelineSafeModeRule] INFO  safemode.SCMSafeModeManager (SCMSafeModeManager.java:exitSafeMode(244)) - SCM exiting safe mode.
2024-01-30 07:45:12,644 [EventQueue-OpenPipelineForHealthyPipelineSafeModeRule] INFO  ha.SCMContext (SCMContext.java:updateSafeModeStatus(230)) - Update SafeModeStatus from SafeModeStatus{safeModeStatus=true, preCheckPassed=true} to SafeModeStatus{safeModeStatus=false, preCheckPassed=true}.
2024-01-30 07:45:12,644 [EventQueue-OpenPipelineForHealthyPipelineSafeModeRule] INFO  pipeline.BackgroundPipelineCreator (BackgroundPipelineCreator.java:notifyStatusChanged(258)) - Service BackgroundPipelineCreator transitions to RUNNING.
2024-01-30 07:45:12,645 [EventQueue-OpenPipelineForHealthyPipelineSafeModeRule] INFO  BackgroundPipelineScrubber (BackgroundSCMService.java:notifyStatusChanged(82)) - Service BackgroundPipelineScrubber transitions to RUNNING.
2024-01-30 07:45:12,645 [68b35bab-6033-4329-aa6c-21b57b93715a@group-FC27DF658E49-SegmentedRaftLogWorker] INFO  segmented.SegmentedRaftLogWorker (SegmentedRaftLogWorker.java:execute(634)) - 68b35bab-6033-4329-aa6c-21b57b93715a@group-FC27DF658E49-SegmentedRaftLogWorker: created new log segment /home/runner/work/ozone/ozone/hadoop-ozone/integration-test/target/test-dir/MiniOzoneClusterImpl-b74639a9-f624-491a-a51e-4d41e99a633c/datanode-0/data/ratis/4724f419-527a-4595-b49d-fc27df658e49/current/log_inprogress_0
2024-01-30 07:45:12,645 [EventQueue-OpenPipelineForHealthyPipelineSafeModeRule] INFO  ExpiredContainerReplicaOpScrubber (BackgroundSCMService.java:notifyStatusChanged(82)) - Service ExpiredContainerReplicaOpScrubber transitions to RUNNING.
2024-01-30 07:45:12,646 [EventQueue-OpenPipelineForHealthyPipelineSafeModeRule] INFO  block.SCMBlockDeletingService (SCMBlockDeletingService.java:notifyStatusChanged(247)) - notifyStatusChanged:RUNNING
2024-01-30 07:45:12,646 [EventQueue-OpenPipelineForHealthyPipelineSafeModeRule] INFO  replication.ReplicationManager (ReplicationManager.java:notifyStatusChanged(1401)) - Service ReplicationManager transitions to RUNNING.
2024-01-30 07:45:12,649 [EventQueue-OpenPipelineForHealthyPipelineSafeModeRule] WARN  balancer.ContainerBalancer (ContainerBalancer.java:shouldRun(134)) - Could not find persisted configuration for ContainerBalancer when checking if ContainerBalancer should run. ContainerBalancer should not run now.
2024-01-30 07:45:12,663 [68b35bab-6033-4329-aa6c-21b57b93715a@group-DED13CEF268A-FollowerState] INFO  impl.FollowerState (FollowerState.java:run(143)) - 68b35bab-6033-4329-aa6c-21b57b93715a@group-DED13CEF268A-FollowerState: change to CANDIDATE, lastRpcElapsedTime:5171224587ns, electionTimeout:5169ms
2024-01-30 07:45:12,663 [68b35bab-6033-4329-aa6c-21b57b93715a@group-DED13CEF268A-FollowerState] INFO  impl.RoleInfo (RoleInfo.java:shutdownFollowerState(110)) - 68b35bab-6033-4329-aa6c-21b57b93715a: shutdown 68b35bab-6033-4329-aa6c-21b57b93715a@group-DED13CEF268A-FollowerState
2024-01-30 07:45:12,663 [68b35bab-6033-4329-aa6c-21b57b93715a@group-DED13CEF268A-FollowerState] INFO  server.RaftServer$Division (RaftServerImpl.java:setRole(383)) - 68b35bab-6033-4329-aa6c-21b57b93715a@group-DED13CEF268A: changes role from  FOLLOWER to CANDIDATE at term 0 for changeToCandidate
2024-01-30 07:45:12,663 [68b35bab-6033-4329-aa6c-21b57b93715a@group-DED13CEF268A-FollowerState] INFO  server.RaftServerConfigKeys (ConfUtils.java:logGet(46)) - raft.server.leaderelection.pre-vote = true (default)
2024-01-30 07:45:12,664 [68b35bab-6033-4329-aa6c-21b57b93715a@group-DED13CEF268A-FollowerState] INFO  impl.RoleInfo (RoleInfo.java:updateAndGet(139)) - 68b35bab-6033-4329-aa6c-21b57b93715a: start 68b35bab-6033-4329-aa6c-21b57b93715a@group-DED13CEF268A-LeaderElection3
2024-01-30 07:45:12,671 [68b35bab-6033-4329-aa6c-21b57b93715a@group-DED13CEF268A-LeaderElection3] INFO  impl.LeaderElection (LeaderElection.java:askForVotes(321)) - 68b35bab-6033-4329-aa6c-21b57b93715a@group-DED13CEF268A-LeaderElection3 PRE_VOTE round 0: submit vote requests at term 0 for -1: peers:[68b35bab-6033-4329-aa6c-21b57b93715a|10.1.0.48:15014]|listeners:[], old=null
2024-01-30 07:45:12,675 [68b35bab-6033-4329-aa6c-21b57b93715a@group-DED13CEF268A-LeaderElection3] INFO  impl.LeaderElection (LeaderElection.java:askForVotes(323)) - 68b35bab-6033-4329-aa6c-21b57b93715a@group-DED13CEF268A-LeaderElection3 PRE_VOTE round 0: result PASSED (term=0)
2024-01-30 07:45:12,678 [68b35bab-6033-4329-aa6c-21b57b93715a@group-DED13CEF268A-LeaderElection3] INFO  impl.LeaderElection (LeaderElection.java:askForVotes(321)) - 68b35bab-6033-4329-aa6c-21b57b93715a@group-DED13CEF268A-LeaderElection3 ELECTION round 0: submit vote requests at term 1 for -1: peers:[68b35bab-6033-4329-aa6c-21b57b93715a|10.1.0.48:15014]|listeners:[], old=null
2024-01-30 07:45:12,678 [68b35bab-6033-4329-aa6c-21b57b93715a@group-DED13CEF268A-LeaderElection3] INFO  impl.LeaderElection (LeaderElection.java:askForVotes(323)) - 68b35bab-6033-4329-aa6c-21b57b93715a@group-DED13CEF268A-LeaderElection3 ELECTION round 0: result PASSED (term=1)
2024-01-30 07:45:12,679 [68b35bab-6033-4329-aa6c-21b57b93715a@group-DED13CEF268A-LeaderElection3] INFO  impl.RoleInfo (RoleInfo.java:shutdownLeaderElection(130)) - 68b35bab-6033-4329-aa6c-21b57b93715a: shutdown 68b35bab-6033-4329-aa6c-21b57b93715a@group-DED13CEF268A-LeaderElection3
2024-01-30 07:45:12,679 [68b35bab-6033-4329-aa6c-21b57b93715a@group-DED13CEF268A-LeaderElection3] INFO  server.RaftServer$Division (RaftServerImpl.java:setRole(383)) - 68b35bab-6033-4329-aa6c-21b57b93715a@group-DED13CEF268A: changes role from CANDIDATE to LEADER at term 1 for changeToLeader
2024-01-30 07:45:12,679 [68b35bab-6033-4329-aa6c-21b57b93715a@group-DED13CEF268A-LeaderElection3] INFO  server.RaftServerConfigKeys (ConfUtils.java:logGet(46)) - raft.server.staging.catchup.gap = 1000 (default)
2024-01-30 07:45:12,679 [68b35bab-6033-4329-aa6c-21b57b93715a@group-DED13CEF268A-LeaderElection3] INFO  server.RaftServerConfigKeys (ConfUtils.java:logGet(46)) - raft.server.write.element-limit = 1024 (custom)
2024-01-30 07:45:12,679 [68b35bab-6033-4329-aa6c-21b57b93715a@group-DED13CEF268A-LeaderElection3] INFO  server.RaftServerConfigKeys (ConfUtils.java:logGet(46)) - raft.server.write.byte-limit = 1024 M (=1073741824) (custom)
2024-01-30 07:45:12,680 [68b35bab-6033-4329-aa6c-21b57b93715a@group-DED13CEF268A-LeaderElection3] INFO  server.RaftServerConfigKeys (ConfUtils.java:logGet(46)) - raft.server.watch.timeout = 180s (custom)
2024-01-30 07:45:12,680 [68b35bab-6033-4329-aa6c-21b57b93715a@group-DED13CEF268A-LeaderElection3] INFO  server.RaftServerConfigKeys (ConfUtils.java:logGet(46)) - raft.server.watch.timeout.denomination = 1s (default)
2024-01-30 07:45:12,681 [68b35bab-6033-4329-aa6c-21b57b93715a@group-DED13CEF268A-LeaderElection3] INFO  server.RaftServerConfigKeys (ConfUtils.java:logGet(46)) - raft.server.watch.element-limit = 65536 (default)
2024-01-30 07:45:12,681 [68b35bab-6033-4329-aa6c-21b57b93715a@group-DED13CEF268A-LeaderElection3] INFO  server.RaftServerConfigKeys (ConfUtils.java:logGet(46)) - raft.server.read.leader.lease.enabled = false (default)
2024-01-30 07:45:12,681 [68b35bab-6033-4329-aa6c-21b57b93715a@group-DED13CEF268A-LeaderElection3] INFO  server.RaftServerConfigKeys (ConfUtils.java:logGet(46)) - raft.server.read.leader.lease.timeout.ratio = 0.9 (default)
2024-01-30 07:45:12,681 [68b35bab-6033-4329-aa6c-21b57b93715a@group-DED13CEF268A-LeaderElection3] INFO  server.RaftServerConfigKeys (ConfUtils.java:logGet(46)) - raft.server.rpc.timeout.min = 5s (custom)
2024-01-30 07:45:12,681 [68b35bab-6033-4329-aa6c-21b57b93715a@group-DED13CEF268A-LeaderElection3] INFO  server.RaftServerConfigKeys (ConfUtils.java:logGet(46)) - raft.server.write.element-limit = 1024 (custom)
2024-01-30 07:45:12,681 [68b35bab-6033-4329-aa6c-21b57b93715a@group-DED13CEF268A-LeaderElection3] INFO  server.RaftServerConfigKeys (ConfUtils.java:logGet(46)) - raft.server.write.follower.gap.ratio.max = -1.0 (default)
2024-01-30 07:45:12,681 [68b35bab-6033-4329-aa6c-21b57b93715a@group-DED13CEF268A-LeaderElection3] INFO  impl.RoleInfo (RoleInfo.java:updateAndGet(139)) - 68b35bab-6033-4329-aa6c-21b57b93715a: start 68b35bab-6033-4329-aa6c-21b57b93715a@group-DED13CEF268A-LeaderStateImpl
2024-01-30 07:45:12,681 [68b35bab-6033-4329-aa6c-21b57b93715a@group-DED13CEF268A-LeaderElection3] INFO  server.RaftServer$Division (RaftServerImpl.java:setFirstElection(574)) - 68b35bab-6033-4329-aa6c-21b57b93715a@group-DED13CEF268A: set firstElectionSinceStartup to false for becomeLeader
2024-01-30 07:45:12,682 [68b35bab-6033-4329-aa6c-21b57b93715a@group-DED13CEF268A-LeaderElection3] INFO  ratis.XceiverServerRatis (XceiverServerRatis.java:handleLeaderChangedNotification(966)) - Leader change notification received for group: group-DED13CEF268A with new leaderId: 68b35bab-6033-4329-aa6c-21b57b93715a
2024-01-30 07:45:12,682 [68b35bab-6033-4329-aa6c-21b57b93715a@group-DED13CEF268A-LeaderElection3] INFO  server.RaftServer$Division (ServerState.java:setLeader(269)) - 68b35bab-6033-4329-aa6c-21b57b93715a@group-DED13CEF268A: change Leader from null to 68b35bab-6033-4329-aa6c-21b57b93715a at term 1 for becomeLeader, leader elected after 5222ms
2024-01-30 07:45:12,682 [68b35bab-6033-4329-aa6c-21b57b93715a@group-DED13CEF268A-LeaderElection3] INFO  segmented.SegmentedRaftLogWorker (SegmentedRaftLogWorker.java:startLogSegment(430)) - 68b35bab-6033-4329-aa6c-21b57b93715a@group-DED13CEF268A-SegmentedRaftLogWorker: Starting segment from index:0
2024-01-30 07:45:12,683 [eae9be92-4231-488a-b42d-6128b74e9292-server-thread1] INFO  ratis.XceiverServerRatis (XceiverServerRatis.java:handleLeaderChangedNotification(966)) - Leader change notification received for group: group-FC27DF658E49 with new leaderId: 68b35bab-6033-4329-aa6c-21b57b93715a
2024-01-30 07:45:12,684 [eae9be92-4231-488a-b42d-6128b74e9292-server-thread1] INFO  server.RaftServer$Division (ServerState.java:setLeader(269)) - eae9be92-4231-488a-b42d-6128b74e9292@group-FC27DF658E49: change Leader from null to 68b35bab-6033-4329-aa6c-21b57b93715a at term 1 for appendEntries, leader elected after 5018ms
2024-01-30 07:45:12,689 [68b35bab-6033-4329-aa6c-21b57b93715a@group-DED13CEF268A-LeaderElection3] INFO  server.RaftServer$Division (ServerState.java:setRaftConf(386)) - 68b35bab-6033-4329-aa6c-21b57b93715a@group-DED13CEF268A: set configuration 0: peers:[68b35bab-6033-4329-aa6c-21b57b93715a|10.1.0.48:15014]|listeners:[], old=null
2024-01-30 07:45:12,685 [68b35bab-6033-4329-aa6c-21b57b93715a@group-DED13CEF268A-SegmentedRaftLogWorker] INFO  segmented.BufferedWriteChannel (BufferedWriteChannel.java:open(62)) - open log_inprogress_0 at position 0
2024-01-30 07:45:12,690 [bf3622ab-3fe7-408a-b5e0-736b392a243c-server-thread1] INFO  ratis.XceiverServerRatis (XceiverServerRatis.java:handleLeaderChangedNotification(966)) - Leader change notification received for group: group-FC27DF658E49 with new leaderId: 68b35bab-6033-4329-aa6c-21b57b93715a
2024-01-30 07:45:12,690 [bf3622ab-3fe7-408a-b5e0-736b392a243c-server-thread1] INFO  server.RaftServer$Division (ServerState.java:setLeader(269)) - bf3622ab-3fe7-408a-b5e0-736b392a243c@group-FC27DF658E49: change Leader from null to 68b35bab-6033-4329-aa6c-21b57b93715a at term 1 for appendEntries, leader elected after 4906ms
2024-01-30 07:45:12,698 [68b35bab-6033-4329-aa6c-21b57b93715a@group-DED13CEF268A-SegmentedRaftLogWorker] INFO  segmented.SegmentedRaftLogWorker (SegmentedRaftLogWorker.java:execute(634)) - 68b35bab-6033-4329-aa6c-21b57b93715a@group-DED13CEF268A-SegmentedRaftLogWorker: created new log segment /home/runner/work/ozone/ozone/hadoop-ozone/integration-test/target/test-dir/MiniOzoneClusterImpl-b74639a9-f624-491a-a51e-4d41e99a633c/datanode-0/data/ratis/f403728d-5246-4a62-a455-ded13cef268a/current/log_inprogress_0
2024-01-30 07:45:12,702 [68b35bab-6033-4329-aa6c-21b57b93715a@group-DED13CEF268A-StateMachineUpdater] INFO  server.RaftServer$Division (LeaderStateImpl.java:isApplied(320)) - leader is ready since appliedIndex == 0 >= startIndex == 0
2024-01-30 07:45:12,704 [bf3622ab-3fe7-408a-b5e0-736b392a243c-server-thread3] INFO  server.RaftServer$Division (ServerState.java:setRaftConf(386)) - bf3622ab-3fe7-408a-b5e0-736b392a243c@group-FC27DF658E49: set configuration 0: peers:[bf3622ab-3fe7-408a-b5e0-736b392a243c|10.1.0.48:15032, eae9be92-4231-488a-b42d-6128b74e9292|10.1.0.48:15023, 68b35bab-6033-4329-aa6c-21b57b93715a|10.1.0.48:15014]|listeners:[], old=null
2024-01-30 07:45:12,704 [eae9be92-4231-488a-b42d-6128b74e9292-server-thread2] INFO  server.RaftServer$Division (ServerState.java:setRaftConf(386)) - eae9be92-4231-488a-b42d-6128b74e9292@group-FC27DF658E49: set configuration 0: peers:[bf3622ab-3fe7-408a-b5e0-736b392a243c|10.1.0.48:15032, eae9be92-4231-488a-b42d-6128b74e9292|10.1.0.48:15023, 68b35bab-6033-4329-aa6c-21b57b93715a|10.1.0.48:15014]|listeners:[], old=null
2024-01-30 07:45:12,706 [bf3622ab-3fe7-408a-b5e0-736b392a243c-server-thread3] INFO  segmented.SegmentedRaftLogWorker (SegmentedRaftLogWorker.java:startLogSegment(430)) - bf3622ab-3fe7-408a-b5e0-736b392a243c@group-FC27DF658E49-SegmentedRaftLogWorker: Starting segment from index:0
2024-01-30 07:45:12,706 [eae9be92-4231-488a-b42d-6128b74e9292-server-thread2] INFO  segmented.SegmentedRaftLogWorker (SegmentedRaftLogWorker.java:startLogSegment(430)) - eae9be92-4231-488a-b42d-6128b74e9292@group-FC27DF658E49-SegmentedRaftLogWorker: Starting segment from index:0
2024-01-30 07:45:12,707 [bf3622ab-3fe7-408a-b5e0-736b392a243c@group-FC27DF658E49-SegmentedRaftLogWorker] INFO  segmented.BufferedWriteChannel (BufferedWriteChannel.java:open(62)) - open log_inprogress_0 at position 0
2024-01-30 07:45:12,707 [eae9be92-4231-488a-b42d-6128b74e9292@group-FC27DF658E49-SegmentedRaftLogWorker] INFO  segmented.BufferedWriteChannel (BufferedWriteChannel.java:open(62)) - open log_inprogress_0 at position 0
2024-01-30 07:45:12,725 [eae9be92-4231-488a-b42d-6128b74e9292@group-FC27DF658E49-SegmentedRaftLogWorker] INFO  segmented.SegmentedRaftLogWorker (SegmentedRaftLogWorker.java:execute(634)) - eae9be92-4231-488a-b42d-6128b74e9292@group-FC27DF658E49-SegmentedRaftLogWorker: created new log segment /home/runner/work/ozone/ozone/hadoop-ozone/integration-test/target/test-dir/MiniOzoneClusterImpl-b74639a9-f624-491a-a51e-4d41e99a633c/datanode-1/data/ratis/4724f419-527a-4595-b49d-fc27df658e49/current/log_inprogress_0
2024-01-30 07:45:12,725 [bf3622ab-3fe7-408a-b5e0-736b392a243c@group-FC27DF658E49-SegmentedRaftLogWorker] INFO  segmented.SegmentedRaftLogWorker (SegmentedRaftLogWorker.java:execute(634)) - bf3622ab-3fe7-408a-b5e0-736b392a243c@group-FC27DF658E49-SegmentedRaftLogWorker: created new log segment /home/runner/work/ozone/ozone/hadoop-ozone/integration-test/target/test-dir/MiniOzoneClusterImpl-b74639a9-f624-491a-a51e-4d41e99a633c/datanode-2/data/ratis/4724f419-527a-4595-b49d-fc27df658e49/current/log_inprogress_0
2024-01-30 07:45:12,728 [eae9be92-4231-488a-b42d-6128b74e9292@group-21158D913229-FollowerState] INFO  impl.FollowerState (FollowerState.java:run(143)) - eae9be92-4231-488a-b42d-6128b74e9292@group-21158D913229-FollowerState: change to CANDIDATE, lastRpcElapsedTime:5087112381ns, electionTimeout:5078ms
2024-01-30 07:45:12,728 [eae9be92-4231-488a-b42d-6128b74e9292@group-21158D913229-FollowerState] INFO  impl.RoleInfo (RoleInfo.java:shutdownFollowerState(110)) - eae9be92-4231-488a-b42d-6128b74e9292: shutdown eae9be92-4231-488a-b42d-6128b74e9292@group-21158D913229-FollowerState
2024-01-30 07:45:12,728 [eae9be92-4231-488a-b42d-6128b74e9292@group-21158D913229-FollowerState] INFO  server.RaftServer$Division (RaftServerImpl.java:setRole(383)) - eae9be92-4231-488a-b42d-6128b74e9292@group-21158D913229: changes role from  FOLLOWER to CANDIDATE at term 0 for changeToCandidate
2024-01-30 07:45:12,729 [eae9be92-4231-488a-b42d-6128b74e9292@group-21158D913229-FollowerState] INFO  server.RaftServerConfigKeys (ConfUtils.java:logGet(46)) - raft.server.leaderelection.pre-vote = true (default)
2024-01-30 07:45:12,729 [eae9be92-4231-488a-b42d-6128b74e9292@group-21158D913229-FollowerState] INFO  impl.RoleInfo (RoleInfo.java:updateAndGet(139)) - eae9be92-4231-488a-b42d-6128b74e9292: start eae9be92-4231-488a-b42d-6128b74e9292@group-21158D913229-LeaderElection4
2024-01-30 07:45:12,733 [eae9be92-4231-488a-b42d-6128b74e9292@group-21158D913229-LeaderElection4] INFO  impl.LeaderElection (LeaderElection.java:askForVotes(321)) - eae9be92-4231-488a-b42d-6128b74e9292@group-21158D913229-LeaderElection4 PRE_VOTE round 0: submit vote requests at term 0 for -1: peers:[eae9be92-4231-488a-b42d-6128b74e9292|10.1.0.48:15023]|listeners:[], old=null
2024-01-30 07:45:12,733 [eae9be92-4231-488a-b42d-6128b74e9292@group-21158D913229-LeaderElection4] INFO  impl.LeaderElection (LeaderElection.java:askForVotes(323)) - eae9be92-4231-488a-b42d-6128b74e9292@group-21158D913229-LeaderElection4 PRE_VOTE round 0: result PASSED (term=0)
2024-01-30 07:45:12,735 [eae9be92-4231-488a-b42d-6128b74e9292@group-21158D913229-LeaderElection4] INFO  impl.LeaderElection (LeaderElection.java:askForVotes(321)) - eae9be92-4231-488a-b42d-6128b74e9292@group-21158D913229-LeaderElection4 ELECTION round 0: submit vote requests at term 1 for -1: peers:[eae9be92-4231-488a-b42d-6128b74e9292|10.1.0.48:15023]|listeners:[], old=null
2024-01-30 07:45:12,735 [eae9be92-4231-488a-b42d-6128b74e9292@group-21158D913229-LeaderElection4] INFO  impl.LeaderElection (LeaderElection.java:askForVotes(323)) - eae9be92-4231-488a-b42d-6128b74e9292@group-21158D913229-LeaderElection4 ELECTION round 0: result PASSED (term=1)
2024-01-30 07:45:12,735 [eae9be92-4231-488a-b42d-6128b74e9292@group-21158D913229-LeaderElection4] INFO  impl.RoleInfo (RoleInfo.java:shutdownLeaderElection(130)) - eae9be92-4231-488a-b42d-6128b74e9292: shutdown eae9be92-4231-488a-b42d-6128b74e9292@group-21158D913229-LeaderElection4
2024-01-30 07:45:12,735 [eae9be92-4231-488a-b42d-6128b74e9292@group-21158D913229-LeaderElection4] INFO  server.RaftServer$Division (RaftServerImpl.java:setRole(383)) - eae9be92-4231-488a-b42d-6128b74e9292@group-21158D913229: changes role from CANDIDATE to LEADER at term 1 for changeToLeader
2024-01-30 07:45:12,735 [eae9be92-4231-488a-b42d-6128b74e9292@group-21158D913229-LeaderElection4] INFO  server.RaftServerConfigKeys (ConfUtils.java:logGet(46)) - raft.server.staging.catchup.gap = 1000 (default)
2024-01-30 07:45:12,736 [eae9be92-4231-488a-b42d-6128b74e9292@group-21158D913229-LeaderElection4] INFO  server.RaftServerConfigKeys (ConfUtils.java:logGet(46)) - raft.server.write.element-limit = 1024 (custom)
2024-01-30 07:45:12,736 [eae9be92-4231-488a-b42d-6128b74e9292@group-21158D913229-LeaderElection4] INFO  server.RaftServerConfigKeys (ConfUtils.java:logGet(46)) - raft.server.write.byte-limit = 1024 M (=1073741824) (custom)
2024-01-30 07:45:12,736 [eae9be92-4231-488a-b42d-6128b74e9292@group-21158D913229-LeaderElection4] INFO  server.RaftServerConfigKeys (ConfUtils.java:logGet(46)) - raft.server.watch.timeout = 180s (custom)
2024-01-30 07:45:12,736 [eae9be92-4231-488a-b42d-6128b74e9292@group-21158D913229-LeaderElection4] INFO  server.RaftServerConfigKeys (ConfUtils.java:logGet(46)) - raft.server.watch.timeout.denomination = 1s (default)
2024-01-30 07:45:12,736 [eae9be92-4231-488a-b42d-6128b74e9292@group-21158D913229-LeaderElection4] INFO  server.RaftServerConfigKeys (ConfUtils.java:logGet(46)) - raft.server.watch.element-limit = 65536 (default)
2024-01-30 07:45:12,737 [eae9be92-4231-488a-b42d-6128b74e9292@group-21158D913229-LeaderElection4] INFO  server.RaftServerConfigKeys (ConfUtils.java:logGet(46)) - raft.server.read.leader.lease.enabled = false (default)
2024-01-30 07:45:12,737 [eae9be92-4231-488a-b42d-6128b74e9292@group-21158D913229-LeaderElection4] INFO  server.RaftServerConfigKeys (ConfUtils.java:logGet(46)) - raft.server.read.leader.lease.timeout.ratio = 0.9 (default)
2024-01-30 07:45:12,737 [eae9be92-4231-488a-b42d-6128b74e9292@group-21158D913229-LeaderElection4] INFO  server.RaftServerConfigKeys (ConfUtils.java:logGet(46)) - raft.server.rpc.timeout.min = 5s (custom)
2024-01-30 07:45:12,737 [eae9be92-4231-488a-b42d-6128b74e9292@group-21158D913229-LeaderElection4] INFO  server.RaftServerConfigKeys (ConfUtils.java:logGet(46)) - raft.server.write.element-limit = 1024 (custom)
2024-01-30 07:45:12,737 [68b35bab-6033-4329-aa6c-21b57b93715a@group-FC27DF658E49-StateMachineUpdater] INFO  server.RaftServer$Division (LeaderStateImpl.java:isApplied(320)) - leader is ready since appliedIndex == 0 >= startIndex == 0
2024-01-30 07:45:12,737 [eae9be92-4231-488a-b42d-6128b74e9292@group-21158D913229-LeaderElection4] INFO  server.RaftServerConfigKeys (ConfUtils.java:logGet(46)) - raft.server.write.follower.gap.ratio.max = -1.0 (default)
2024-01-30 07:45:12,740 [eae9be92-4231-488a-b42d-6128b74e9292@group-21158D913229-LeaderElection4] INFO  impl.RoleInfo (RoleInfo.java:updateAndGet(139)) - eae9be92-4231-488a-b42d-6128b74e9292: start eae9be92-4231-488a-b42d-6128b74e9292@group-21158D913229-LeaderStateImpl
2024-01-30 07:45:12,740 [eae9be92-4231-488a-b42d-6128b74e9292@group-21158D913229-LeaderElection4] INFO  server.RaftServer$Division (RaftServerImpl.java:setFirstElection(574)) - eae9be92-4231-488a-b42d-6128b74e9292@group-21158D913229: set firstElectionSinceStartup to false for becomeLeader
2024-01-30 07:45:12,740 [eae9be92-4231-488a-b42d-6128b74e9292@group-21158D913229-LeaderElection4] INFO  ratis.XceiverServerRatis (XceiverServerRatis.java:handleLeaderChangedNotification(966)) - Leader change notification received for group: group-21158D913229 with new leaderId: eae9be92-4231-488a-b42d-6128b74e9292
2024-01-30 07:45:12,740 [eae9be92-4231-488a-b42d-6128b74e9292@group-21158D913229-LeaderElection4] INFO  server.RaftServer$Division (ServerState.java:setLeader(269)) - eae9be92-4231-488a-b42d-6128b74e9292@group-21158D913229: change Leader from null to eae9be92-4231-488a-b42d-6128b74e9292 at term 1 for becomeLeader, leader elected after 5134ms
2024-01-30 07:45:12,741 [eae9be92-4231-488a-b42d-6128b74e9292@group-21158D913229-LeaderElection4] INFO  segmented.SegmentedRaftLogWorker (SegmentedRaftLogWorker.java:startLogSegment(430)) - eae9be92-4231-488a-b42d-6128b74e9292@group-21158D913229-SegmentedRaftLogWorker: Starting segment from index:0
2024-01-30 07:45:12,741 [eae9be92-4231-488a-b42d-6128b74e9292@group-21158D913229-SegmentedRaftLogWorker] INFO  segmented.BufferedWriteChannel (BufferedWriteChannel.java:open(62)) - open log_inprogress_0 at position 0
2024-01-30 07:45:12,746 [eae9be92-4231-488a-b42d-6128b74e9292@group-21158D913229-LeaderElection4] INFO  server.RaftServer$Division (ServerState.java:setRaftConf(386)) - eae9be92-4231-488a-b42d-6128b74e9292@group-21158D913229: set configuration 0: peers:[eae9be92-4231-488a-b42d-6128b74e9292|10.1.0.48:15023]|listeners:[], old=null
2024-01-30 07:45:12,749 [eae9be92-4231-488a-b42d-6128b74e9292@group-21158D913229-SegmentedRaftLogWorker] INFO  segmented.SegmentedRaftLogWorker (SegmentedRaftLogWorker.java:execute(634)) - eae9be92-4231-488a-b42d-6128b74e9292@group-21158D913229-SegmentedRaftLogWorker: created new log segment /home/runner/work/ozone/ozone/hadoop-ozone/integration-test/target/test-dir/MiniOzoneClusterImpl-b74639a9-f624-491a-a51e-4d41e99a633c/datanode-1/data/ratis/2fa8f7b4-795f-4d38-879a-21158d913229/current/log_inprogress_0
2024-01-30 07:45:12,751 [eae9be92-4231-488a-b42d-6128b74e9292@group-21158D913229-StateMachineUpdater] INFO  server.RaftServer$Division (LeaderStateImpl.java:isApplied(320)) - leader is ready since appliedIndex == 0 >= startIndex == 0
2024-01-30 07:45:12,906 [bf3622ab-3fe7-408a-b5e0-736b392a243c@group-2EE46DDB86F8-FollowerState] INFO  impl.FollowerState (FollowerState.java:run(143)) - bf3622ab-3fe7-408a-b5e0-736b392a243c@group-2EE46DDB86F8-FollowerState: change to CANDIDATE, lastRpcElapsedTime:5133229355ns, electionTimeout:5129ms
2024-01-30 07:45:12,906 [bf3622ab-3fe7-408a-b5e0-736b392a243c@group-2EE46DDB86F8-FollowerState] INFO  impl.RoleInfo (RoleInfo.java:shutdownFollowerState(110)) - bf3622ab-3fe7-408a-b5e0-736b392a243c: shutdown bf3622ab-3fe7-408a-b5e0-736b392a243c@group-2EE46DDB86F8-FollowerState
2024-01-30 07:45:12,906 [bf3622ab-3fe7-408a-b5e0-736b392a243c@group-2EE46DDB86F8-FollowerState] INFO  server.RaftServer$Division (RaftServerImpl.java:setRole(383)) - bf3622ab-3fe7-408a-b5e0-736b392a243c@group-2EE46DDB86F8: changes role from  FOLLOWER to CANDIDATE at term 0 for changeToCandidate
2024-01-30 07:45:12,907 [bf3622ab-3fe7-408a-b5e0-736b392a243c@group-2EE46DDB86F8-FollowerState] INFO  server.RaftServerConfigKeys (ConfUtils.java:logGet(46)) - raft.server.leaderelection.pre-vote = true (default)
2024-01-30 07:45:12,907 [bf3622ab-3fe7-408a-b5e0-736b392a243c@group-2EE46DDB86F8-FollowerState] INFO  impl.RoleInfo (RoleInfo.java:updateAndGet(139)) - bf3622ab-3fe7-408a-b5e0-736b392a243c: start bf3622ab-3fe7-408a-b5e0-736b392a243c@group-2EE46DDB86F8-LeaderElection5
2024-01-30 07:45:12,908 [bf3622ab-3fe7-408a-b5e0-736b392a243c@group-2EE46DDB86F8-LeaderElection5] INFO  impl.LeaderElection (LeaderElection.java:askForVotes(321)) - bf3622ab-3fe7-408a-b5e0-736b392a243c@group-2EE46DDB86F8-LeaderElection5 PRE_VOTE round 0: submit vote requests at term 0 for -1: peers:[bf3622ab-3fe7-408a-b5e0-736b392a243c|10.1.0.48:15032]|listeners:[], old=null
2024-01-30 07:45:12,908 [bf3622ab-3fe7-408a-b5e0-736b392a243c@group-2EE46DDB86F8-LeaderElection5] INFO  impl.LeaderElection (LeaderElection.java:askForVotes(323)) - bf3622ab-3fe7-408a-b5e0-736b392a243c@group-2EE46DDB86F8-LeaderElection5 PRE_VOTE round 0: result PASSED (term=0)
2024-01-30 07:45:12,909 [bf3622ab-3fe7-408a-b5e0-736b392a243c@group-2EE46DDB86F8-LeaderElection5] INFO  impl.LeaderElection (LeaderElection.java:askForVotes(321)) - bf3622ab-3fe7-408a-b5e0-736b392a243c@group-2EE46DDB86F8-LeaderElection5 ELECTION round 0: submit vote requests at term 1 for -1: peers:[bf3622ab-3fe7-408a-b5e0-736b392a243c|10.1.0.48:15032]|listeners:[], old=null
2024-01-30 07:45:12,909 [bf3622ab-3fe7-408a-b5e0-736b392a243c@group-2EE46DDB86F8-LeaderElection5] INFO  impl.LeaderElection (LeaderElection.java:askForVotes(323)) - bf3622ab-3fe7-408a-b5e0-736b392a243c@group-2EE46DDB86F8-LeaderElection5 ELECTION round 0: result PASSED (term=1)
2024-01-30 07:45:12,909 [bf3622ab-3fe7-408a-b5e0-736b392a243c@group-2EE46DDB86F8-LeaderElection5] INFO  impl.RoleInfo (RoleInfo.java:shutdownLeaderElection(130)) - bf3622ab-3fe7-408a-b5e0-736b392a243c: shutdown bf3622ab-3fe7-408a-b5e0-736b392a243c@group-2EE46DDB86F8-LeaderElection5
2024-01-30 07:45:12,909 [bf3622ab-3fe7-408a-b5e0-736b392a243c@group-2EE46DDB86F8-LeaderElection5] INFO  server.RaftServer$Division (RaftServerImpl.java:setRole(383)) - bf3622ab-3fe7-408a-b5e0-736b392a243c@group-2EE46DDB86F8: changes role from CANDIDATE to LEADER at term 1 for changeToLeader
2024-01-30 07:45:12,909 [bf3622ab-3fe7-408a-b5e0-736b392a243c@group-2EE46DDB86F8-LeaderElection5] INFO  server.RaftServerConfigKeys (ConfUtils.java:logGet(46)) - raft.server.staging.catchup.gap = 1000 (default)
2024-01-30 07:45:12,909 [bf3622ab-3fe7-408a-b5e0-736b392a243c@group-2EE46DDB86F8-LeaderElection5] INFO  server.RaftServerConfigKeys (ConfUtils.java:logGet(46)) - raft.server.write.element-limit = 1024 (custom)
2024-01-30 07:45:12,910 [bf3622ab-3fe7-408a-b5e0-736b392a243c@group-2EE46DDB86F8-LeaderElection5] INFO  server.RaftServerConfigKeys (ConfUtils.java:logGet(46)) - raft.server.write.byte-limit = 1024 M (=1073741824) (custom)
2024-01-30 07:45:12,910 [bf3622ab-3fe7-408a-b5e0-736b392a243c@group-2EE46DDB86F8-LeaderElection5] INFO  server.RaftServerConfigKeys (ConfUtils.java:logGet(46)) - raft.server.watch.timeout = 180s (custom)
2024-01-30 07:45:12,910 [bf3622ab-3fe7-408a-b5e0-736b392a243c@group-2EE46DDB86F8-LeaderElection5] INFO  server.RaftServerConfigKeys (ConfUtils.java:logGet(46)) - raft.server.watch.timeout.denomination = 1s (default)
2024-01-30 07:45:12,910 [bf3622ab-3fe7-408a-b5e0-736b392a243c@group-2EE46DDB86F8-LeaderElection5] INFO  server.RaftServerConfigKeys (ConfUtils.java:logGet(46)) - raft.server.watch.element-limit = 65536 (default)
2024-01-30 07:45:12,910 [bf3622ab-3fe7-408a-b5e0-736b392a243c@group-2EE46DDB86F8-LeaderElection5] INFO  server.RaftServerConfigKeys (ConfUtils.java:logGet(46)) - raft.server.read.leader.lease.enabled = false (default)
2024-01-30 07:45:12,910 [bf3622ab-3fe7-408a-b5e0-736b392a243c@group-2EE46DDB86F8-LeaderElection5] INFO  server.RaftServerConfigKeys (ConfUtils.java:logGet(46)) - raft.server.read.leader.lease.timeout.ratio = 0.9 (default)
2024-01-30 07:45:12,910 [bf3622ab-3fe7-408a-b5e0-736b392a243c@group-2EE46DDB86F8-LeaderElection5] INFO  server.RaftServerConfigKeys (ConfUtils.java:logGet(46)) - raft.server.rpc.timeout.min = 5s (custom)
2024-01-30 07:45:12,910 [bf3622ab-3fe7-408a-b5e0-736b392a243c@group-2EE46DDB86F8-LeaderElection5] INFO  server.RaftServerConfigKeys (ConfUtils.java:logGet(46)) - raft.server.write.element-limit = 1024 (custom)
2024-01-30 07:45:12,911 [bf3622ab-3fe7-408a-b5e0-736b392a243c@group-2EE46DDB86F8-LeaderElection5] INFO  server.RaftServerConfigKeys (ConfUtils.java:logGet(46)) - raft.server.write.follower.gap.ratio.max = -1.0 (default)
2024-01-30 07:45:12,911 [bf3622ab-3fe7-408a-b5e0-736b392a243c@group-2EE46DDB86F8-LeaderElection5] INFO  impl.RoleInfo (RoleInfo.java:updateAndGet(139)) - bf3622ab-3fe7-408a-b5e0-736b392a243c: start bf3622ab-3fe7-408a-b5e0-736b392a243c@group-2EE46DDB86F8-LeaderStateImpl
2024-01-30 07:45:12,911 [bf3622ab-3fe7-408a-b5e0-736b392a243c@group-2EE46DDB86F8-LeaderElection5] INFO  server.RaftServer$Division (RaftServerImpl.java:setFirstElection(574)) - bf3622ab-3fe7-408a-b5e0-736b392a243c@group-2EE46DDB86F8: set firstElectionSinceStartup to false for becomeLeader
2024-01-30 07:45:12,911 [bf3622ab-3fe7-408a-b5e0-736b392a243c@group-2EE46DDB86F8-LeaderElection5] INFO  ratis.XceiverServerRatis (XceiverServerRatis.java:handleLeaderChangedNotification(966)) - Leader change notification received for group: group-2EE46DDB86F8 with new leaderId: bf3622ab-3fe7-408a-b5e0-736b392a243c
2024-01-30 07:45:12,911 [bf3622ab-3fe7-408a-b5e0-736b392a243c@group-2EE46DDB86F8-LeaderElection5] INFO  server.RaftServer$Division (ServerState.java:setLeader(269)) - bf3622ab-3fe7-408a-b5e0-736b392a243c@group-2EE46DDB86F8: change Leader from null to bf3622ab-3fe7-408a-b5e0-736b392a243c at term 1 for becomeLeader, leader elected after 5184ms
2024-01-30 07:45:12,911 [bf3622ab-3fe7-408a-b5e0-736b392a243c@group-2EE46DDB86F8-LeaderElection5] INFO  segmented.SegmentedRaftLogWorker (SegmentedRaftLogWorker.java:startLogSegment(430)) - bf3622ab-3fe7-408a-b5e0-736b392a243c@group-2EE46DDB86F8-SegmentedRaftLogWorker: Starting segment from index:0
2024-01-30 07:45:12,912 [bf3622ab-3fe7-408a-b5e0-736b392a243c@group-2EE46DDB86F8-LeaderElection5] INFO  server.RaftServer$Division (ServerState.java:setRaftConf(386)) - bf3622ab-3fe7-408a-b5e0-736b392a243c@group-2EE46DDB86F8: set configuration 0: peers:[bf3622ab-3fe7-408a-b5e0-736b392a243c|10.1.0.48:15032]|listeners:[], old=null
2024-01-30 07:45:12,913 [bf3622ab-3fe7-408a-b5e0-736b392a243c@group-2EE46DDB86F8-SegmentedRaftLogWorker] INFO  segmented.BufferedWriteChannel (BufferedWriteChannel.java:open(62)) - open log_inprogress_0 at position 0
2024-01-30 07:45:12,921 [bf3622ab-3fe7-408a-b5e0-736b392a243c@group-2EE46DDB86F8-SegmentedRaftLogWorker] INFO  segmented.SegmentedRaftLogWorker (SegmentedRaftLogWorker.java:execute(634)) - bf3622ab-3fe7-408a-b5e0-736b392a243c@group-2EE46DDB86F8-SegmentedRaftLogWorker: created new log segment /home/runner/work/ozone/ozone/hadoop-ozone/integration-test/target/test-dir/MiniOzoneClusterImpl-b74639a9-f624-491a-a51e-4d41e99a633c/datanode-2/data/ratis/702c7a1b-0171-42bb-a14b-2ee46ddb86f8/current/log_inprogress_0
2024-01-30 07:45:12,925 [bf3622ab-3fe7-408a-b5e0-736b392a243c@group-2EE46DDB86F8-StateMachineUpdater] INFO  server.RaftServer$Division (LeaderStateImpl.java:isApplied(320)) - leader is ready since appliedIndex == 0 >= startIndex == 0
2024-01-30 07:45:12,960 [55f20ed8-ad05-4879-9178-788b5883eeb3@group-FA754A61616F-FollowerState] INFO  impl.FollowerState (FollowerState.java:run(143)) - 55f20ed8-ad05-4879-9178-788b5883eeb3@group-FA754A61616F-FollowerState: change to CANDIDATE, lastRpcElapsedTime:5022097320ns, electionTimeout:5016ms
2024-01-30 07:45:12,960 [55f20ed8-ad05-4879-9178-788b5883eeb3@group-FA754A61616F-FollowerState] INFO  impl.RoleInfo (RoleInfo.java:shutdownFollowerState(110)) - 55f20ed8-ad05-4879-9178-788b5883eeb3: shutdown 55f20ed8-ad05-4879-9178-788b5883eeb3@group-FA754A61616F-FollowerState
2024-01-30 07:45:12,960 [55f20ed8-ad05-4879-9178-788b5883eeb3@group-FA754A61616F-FollowerState] INFO  server.RaftServer$Division (RaftServerImpl.java:setRole(383)) - 55f20ed8-ad05-4879-9178-788b5883eeb3@group-FA754A61616F: changes role from  FOLLOWER to CANDIDATE at term 0 for changeToCandidate
2024-01-30 07:45:12,961 [55f20ed8-ad05-4879-9178-788b5883eeb3@group-FA754A61616F-FollowerState] INFO  server.RaftServerConfigKeys (ConfUtils.java:logGet(46)) - raft.server.leaderelection.pre-vote = true (default)
2024-01-30 07:45:12,961 [55f20ed8-ad05-4879-9178-788b5883eeb3@group-FA754A61616F-FollowerState] INFO  impl.RoleInfo (RoleInfo.java:updateAndGet(139)) - 55f20ed8-ad05-4879-9178-788b5883eeb3: start 55f20ed8-ad05-4879-9178-788b5883eeb3@group-FA754A61616F-LeaderElection6
2024-01-30 07:45:12,962 [55f20ed8-ad05-4879-9178-788b5883eeb3@group-FA754A61616F-LeaderElection6] INFO  impl.LeaderElection (LeaderElection.java:askForVotes(321)) - 55f20ed8-ad05-4879-9178-788b5883eeb3@group-FA754A61616F-LeaderElection6 PRE_VOTE round 0: submit vote requests at term 0 for -1: peers:[55f20ed8-ad05-4879-9178-788b5883eeb3|10.1.0.48:15041]|listeners:[], old=null
2024-01-30 07:45:12,962 [55f20ed8-ad05-4879-9178-788b5883eeb3@group-FA754A61616F-LeaderElection6] INFO  impl.LeaderElection (LeaderElection.java:askForVotes(323)) - 55f20ed8-ad05-4879-9178-788b5883eeb3@group-FA754A61616F-LeaderElection6 PRE_VOTE round 0: result PASSED (term=0)
2024-01-30 07:45:12,963 [55f20ed8-ad05-4879-9178-788b5883eeb3@group-FA754A61616F-LeaderElection6] INFO  impl.LeaderElection (LeaderElection.java:askForVotes(321)) - 55f20ed8-ad05-4879-9178-788b5883eeb3@group-FA754A61616F-LeaderElection6 ELECTION round 0: submit vote requests at term 1 for -1: peers:[55f20ed8-ad05-4879-9178-788b5883eeb3|10.1.0.48:15041]|listeners:[], old=null
2024-01-30 07:45:12,963 [55f20ed8-ad05-4879-9178-788b5883eeb3@group-FA754A61616F-LeaderElection6] INFO  impl.LeaderElection (LeaderElection.java:askForVotes(323)) - 55f20ed8-ad05-4879-9178-788b5883eeb3@group-FA754A61616F-LeaderElection6 ELECTION round 0: result PASSED (term=1)
2024-01-30 07:45:12,963 [55f20ed8-ad05-4879-9178-788b5883eeb3@group-FA754A61616F-LeaderElection6] INFO  impl.RoleInfo (RoleInfo.java:shutdownLeaderElection(130)) - 55f20ed8-ad05-4879-9178-788b5883eeb3: shutdown 55f20ed8-ad05-4879-9178-788b5883eeb3@group-FA754A61616F-LeaderElection6
2024-01-30 07:45:12,964 [55f20ed8-ad05-4879-9178-788b5883eeb3@group-FA754A61616F-LeaderElection6] INFO  server.RaftServer$Division (RaftServerImpl.java:setRole(383)) - 55f20ed8-ad05-4879-9178-788b5883eeb3@group-FA754A61616F: changes role from CANDIDATE to LEADER at term 1 for changeToLeader
2024-01-30 07:45:12,964 [55f20ed8-ad05-4879-9178-788b5883eeb3@group-FA754A61616F-LeaderElection6] INFO  server.RaftServerConfigKeys (ConfUtils.java:logGet(46)) - raft.server.staging.catchup.gap = 1000 (default)
2024-01-30 07:45:12,964 [55f20ed8-ad05-4879-9178-788b5883eeb3@group-FA754A61616F-LeaderElection6] INFO  server.RaftServerConfigKeys (ConfUtils.java:logGet(46)) - raft.server.write.element-limit = 1024 (custom)
2024-01-30 07:45:12,964 [55f20ed8-ad05-4879-9178-788b5883eeb3@group-FA754A61616F-LeaderElection6] INFO  server.RaftServerConfigKeys (ConfUtils.java:logGet(46)) - raft.server.write.byte-limit = 1024 M (=1073741824) (custom)
2024-01-30 07:45:12,964 [55f20ed8-ad05-4879-9178-788b5883eeb3@group-FA754A61616F-LeaderElection6] INFO  server.RaftServerConfigKeys (ConfUtils.java:logGet(46)) - raft.server.watch.timeout = 180s (custom)
2024-01-30 07:45:12,964 [55f20ed8-ad05-4879-9178-788b5883eeb3@group-FA754A61616F-LeaderElection6] INFO  server.RaftServerConfigKeys (ConfUtils.java:logGet(46)) - raft.server.watch.timeout.denomination = 1s (default)
2024-01-30 07:45:12,964 [55f20ed8-ad05-4879-9178-788b5883eeb3@group-FA754A61616F-LeaderElection6] INFO  server.RaftServerConfigKeys (ConfUtils.java:logGet(46)) - raft.server.watch.element-limit = 65536 (default)
2024-01-30 07:45:12,965 [55f20ed8-ad05-4879-9178-788b5883eeb3@group-FA754A61616F-LeaderElection6] INFO  server.RaftServerConfigKeys (ConfUtils.java:logGet(46)) - raft.server.read.leader.lease.enabled = false (default)
2024-01-30 07:45:12,965 [55f20ed8-ad05-4879-9178-788b5883eeb3@group-FA754A61616F-LeaderElection6] INFO  server.RaftServerConfigKeys (ConfUtils.java:logGet(46)) - raft.server.read.leader.lease.timeout.ratio = 0.9 (default)
2024-01-30 07:45:12,965 [55f20ed8-ad05-4879-9178-788b5883eeb3@group-FA754A61616F-LeaderElection6] INFO  server.RaftServerConfigKeys (ConfUtils.java:logGet(46)) - raft.server.rpc.timeout.min = 5s (custom)
2024-01-30 07:45:12,965 [55f20ed8-ad05-4879-9178-788b5883eeb3@group-FA754A61616F-LeaderElection6] INFO  server.RaftServerConfigKeys (ConfUtils.java:logGet(46)) - raft.server.write.element-limit = 1024 (custom)
2024-01-30 07:45:12,965 [55f20ed8-ad05-4879-9178-788b5883eeb3@group-FA754A61616F-LeaderElection6] INFO  server.RaftServerConfigKeys (ConfUtils.java:logGet(46)) - raft.server.write.follower.gap.ratio.max = -1.0 (default)
2024-01-30 07:45:12,965 [55f20ed8-ad05-4879-9178-788b5883eeb3@group-FA754A61616F-LeaderElection6] INFO  impl.RoleInfo (RoleInfo.java:updateAndGet(139)) - 55f20ed8-ad05-4879-9178-788b5883eeb3: start 55f20ed8-ad05-4879-9178-788b5883eeb3@group-FA754A61616F-LeaderStateImpl
2024-01-30 07:45:12,965 [55f20ed8-ad05-4879-9178-788b5883eeb3@group-FA754A61616F-LeaderElection6] INFO  server.RaftServer$Division (RaftServerImpl.java:setFirstElection(574)) - 55f20ed8-ad05-4879-9178-788b5883eeb3@group-FA754A61616F: set firstElectionSinceStartup to false for becomeLeader
2024-01-30 07:45:12,965 [55f20ed8-ad05-4879-9178-788b5883eeb3@group-FA754A61616F-LeaderElection6] INFO  ratis.XceiverServerRatis (XceiverServerRatis.java:handleLeaderChangedNotification(966)) - Leader change notification received for group: group-FA754A61616F with new leaderId: 55f20ed8-ad05-4879-9178-788b5883eeb3
2024-01-30 07:45:12,965 [55f20ed8-ad05-4879-9178-788b5883eeb3@group-FA754A61616F-LeaderElection6] INFO  server.RaftServer$Division (ServerState.java:setLeader(269)) - 55f20ed8-ad05-4879-9178-788b5883eeb3@group-FA754A61616F: change Leader from null to 55f20ed8-ad05-4879-9178-788b5883eeb3 at term 1 for becomeLeader, leader elected after 5070ms
2024-01-30 07:45:12,965 [55f20ed8-ad05-4879-9178-788b5883eeb3@group-FA754A61616F-LeaderElection6] INFO  segmented.SegmentedRaftLogWorker (SegmentedRaftLogWorker.java:startLogSegment(430)) - 55f20ed8-ad05-4879-9178-788b5883eeb3@group-FA754A61616F-SegmentedRaftLogWorker: Starting segment from index:0
2024-01-30 07:45:12,966 [55f20ed8-ad05-4879-9178-788b5883eeb3@group-FA754A61616F-SegmentedRaftLogWorker] INFO  segmented.BufferedWriteChannel (BufferedWriteChannel.java:open(62)) - open log_inprogress_0 at position 0
2024-01-30 07:45:12,967 [55f20ed8-ad05-4879-9178-788b5883eeb3@group-FA754A61616F-LeaderElection6] INFO  server.RaftServer$Division (ServerState.java:setRaftConf(386)) - 55f20ed8-ad05-4879-9178-788b5883eeb3@group-FA754A61616F: set configuration 0: peers:[55f20ed8-ad05-4879-9178-788b5883eeb3|10.1.0.48:15041]|listeners:[], old=null
2024-01-30 07:45:12,974 [55f20ed8-ad05-4879-9178-788b5883eeb3@group-FA754A61616F-SegmentedRaftLogWorker] INFO  segmented.SegmentedRaftLogWorker (SegmentedRaftLogWorker.java:execute(634)) - 55f20ed8-ad05-4879-9178-788b5883eeb3@group-FA754A61616F-SegmentedRaftLogWorker: created new log segment /home/runner/work/ozone/ozone/hadoop-ozone/integration-test/target/test-dir/MiniOzoneClusterImpl-b74639a9-f624-491a-a51e-4d41e99a633c/datanode-3/data/ratis/d2e7e17e-f5a8-4111-b953-fa754a61616f/current/log_inprogress_0
2024-01-30 07:45:12,976 [55f20ed8-ad05-4879-9178-788b5883eeb3@group-FA754A61616F-StateMachineUpdater] INFO  server.RaftServer$Division (LeaderStateImpl.java:isApplied(320)) - leader is ready since appliedIndex == 0 >= startIndex == 0
2024-01-30 07:45:13,009 [55f20ed8-ad05-4879-9178-788b5883eeb3@group-B85ECF817262-FollowerState] INFO  impl.FollowerState (FollowerState.java:run(143)) - 55f20ed8-ad05-4879-9178-788b5883eeb3@group-B85ECF817262-FollowerState: change to CANDIDATE, lastRpcElapsedTime:5032772125ns, electionTimeout:5026ms
2024-01-30 07:45:13,009 [55f20ed8-ad05-4879-9178-788b5883eeb3@group-B85ECF817262-FollowerState] INFO  impl.RoleInfo (RoleInfo.java:shutdownFollowerState(110)) - 55f20ed8-ad05-4879-9178-788b5883eeb3: shutdown 55f20ed8-ad05-4879-9178-788b5883eeb3@group-B85ECF817262-FollowerState
2024-01-30 07:45:13,010 [55f20ed8-ad05-4879-9178-788b5883eeb3@group-B85ECF817262-FollowerState] INFO  server.RaftServer$Division (RaftServerImpl.java:setRole(383)) - 55f20ed8-ad05-4879-9178-788b5883eeb3@group-B85ECF817262: changes role from  FOLLOWER to CANDIDATE at term 0 for changeToCandidate
2024-01-30 07:45:13,010 [55f20ed8-ad05-4879-9178-788b5883eeb3@group-B85ECF817262-FollowerState] INFO  server.RaftServerConfigKeys (ConfUtils.java:logGet(46)) - raft.server.leaderelection.pre-vote = true (default)
2024-01-30 07:45:13,010 [55f20ed8-ad05-4879-9178-788b5883eeb3@group-B85ECF817262-FollowerState] INFO  impl.RoleInfo (RoleInfo.java:updateAndGet(139)) - 55f20ed8-ad05-4879-9178-788b5883eeb3: start 55f20ed8-ad05-4879-9178-788b5883eeb3@group-B85ECF817262-LeaderElection7
2024-01-30 07:45:13,011 [55f20ed8-ad05-4879-9178-788b5883eeb3@group-B85ECF817262-LeaderElection7] INFO  impl.LeaderElection (LeaderElection.java:askForVotes(321)) - 55f20ed8-ad05-4879-9178-788b5883eeb3@group-B85ECF817262-LeaderElection7 PRE_VOTE round 0: submit vote requests at term 0 for -1: peers:[f4dc5428-8803-43b0-8e6b-8ffa99f16cef|10.1.0.48:15059, 55f20ed8-ad05-4879-9178-788b5883eeb3|10.1.0.48:15041, 6af36478-fafe-44e8-8f65-092a10613903|10.1.0.48:15050]|listeners:[], old=null
2024-01-30 07:45:13,012 [55f20ed8-ad05-4879-9178-788b5883eeb3@group-B85ECF817262-LeaderElection7-1] INFO  server.GrpcServerProtocolClient (GrpcServerProtocolClient.java:<init>(65)) - Build channel for f4dc5428-8803-43b0-8e6b-8ffa99f16cef|10.1.0.48:15059
2024-01-30 07:45:13,012 [55f20ed8-ad05-4879-9178-788b5883eeb3@group-B85ECF817262-LeaderElection7] INFO  server.RaftServerConfigKeys (ConfUtils.java:logFallback(53)) - raft.server.rpc.first-election.timeout.min = 5s (fallback to raft.server.rpc.timeout.min)
2024-01-30 07:45:13,012 [55f20ed8-ad05-4879-9178-788b5883eeb3@group-B85ECF817262-LeaderElection7] INFO  server.RaftServerConfigKeys (ConfUtils.java:logFallback(53)) - raft.server.rpc.first-election.timeout.max = 5200ms (fallback to raft.server.rpc.timeout.max)
2024-01-30 07:45:13,012 [55f20ed8-ad05-4879-9178-788b5883eeb3@group-B85ECF817262-LeaderElection7-2] INFO  server.GrpcServerProtocolClient (GrpcServerProtocolClient.java:<init>(65)) - Build channel for 6af36478-fafe-44e8-8f65-092a10613903|10.1.0.48:15050
2024-01-30 07:45:13,018 [grpc-default-executor-2] INFO  server.RaftServer$Division (RaftServerImpl.java:requestVote(1389)) - 6af36478-fafe-44e8-8f65-092a10613903@group-B85ECF817262: receive requestVote(PRE_VOTE, 55f20ed8-ad05-4879-9178-788b5883eeb3, group-B85ECF817262, 0, (t:0, i:0))
2024-01-30 07:45:13,019 [grpc-default-executor-2] INFO  impl.VoteContext (VoteContext.java:log(49)) - 6af36478-fafe-44e8-8f65-092a10613903@group-B85ECF817262-FOLLOWER: reject PRE_VOTE from 55f20ed8-ad05-4879-9178-788b5883eeb3: our priority 1 > candidate's priority 0
2024-01-30 07:45:13,019 [grpc-default-executor-2] INFO  server.RaftServer$Division (RaftServerImpl.java:requestVote(1422)) - 6af36478-fafe-44e8-8f65-092a10613903@group-B85ECF817262 replies to PRE_VOTE vote request: 55f20ed8-ad05-4879-9178-788b5883eeb3<-6af36478-fafe-44e8-8f65-092a10613903#0:FAIL-t0. Peer's state: 6af36478-fafe-44e8-8f65-092a10613903@group-B85ECF817262:t0, leader=null, voted=, raftlog=Memoized:6af36478-fafe-44e8-8f65-092a10613903@group-B85ECF817262-SegmentedRaftLog:OPENED:c-1, conf=-1: peers:[f4dc5428-8803-43b0-8e6b-8ffa99f16cef|10.1.0.48:15059, 55f20ed8-ad05-4879-9178-788b5883eeb3|10.1.0.48:15041, 6af36478-fafe-44e8-8f65-092a10613903|10.1.0.48:15050]|listeners:[], old=null
2024-01-30 07:45:13,021 [55f20ed8-ad05-4879-9178-788b5883eeb3@group-B85ECF817262-LeaderElection7] INFO  impl.LeaderElection (LeaderElection.java:logAndReturn(89)) - 55f20ed8-ad05-4879-9178-788b5883eeb3@group-B85ECF817262-LeaderElection7: PRE_VOTE REJECTED received 1 response(s) and 0 exception(s):
2024-01-30 07:45:13,021 [55f20ed8-ad05-4879-9178-788b5883eeb3@group-B85ECF817262-LeaderElection7] INFO  impl.LeaderElection (LeaderElection.java:logAndReturn(93)) -   Response 0: 55f20ed8-ad05-4879-9178-788b5883eeb3<-6af36478-fafe-44e8-8f65-092a10613903#0:FAIL-t0
2024-01-30 07:45:13,021 [55f20ed8-ad05-4879-9178-788b5883eeb3@group-B85ECF817262-LeaderElection7] INFO  impl.LeaderElection (LeaderElection.java:askForVotes(323)) - 55f20ed8-ad05-4879-9178-788b5883eeb3@group-B85ECF817262-LeaderElection7 PRE_VOTE round 0: result REJECTED
2024-01-30 07:45:13,021 [55f20ed8-ad05-4879-9178-788b5883eeb3@group-B85ECF817262-LeaderElection7] INFO  server.RaftServer$Division (RaftServerImpl.java:setRole(383)) - 55f20ed8-ad05-4879-9178-788b5883eeb3@group-B85ECF817262: changes role from CANDIDATE to FOLLOWER at term 0 for REJECTED
2024-01-30 07:45:13,021 [55f20ed8-ad05-4879-9178-788b5883eeb3@group-B85ECF817262-LeaderElection7] INFO  impl.RoleInfo (RoleInfo.java:shutdownLeaderElection(130)) - 55f20ed8-ad05-4879-9178-788b5883eeb3: shutdown 55f20ed8-ad05-4879-9178-788b5883eeb3@group-B85ECF817262-LeaderElection7
2024-01-30 07:45:13,021 [55f20ed8-ad05-4879-9178-788b5883eeb3@group-B85ECF817262-LeaderElection7] INFO  impl.RoleInfo (RoleInfo.java:updateAndGet(139)) - 55f20ed8-ad05-4879-9178-788b5883eeb3: start 55f20ed8-ad05-4879-9178-788b5883eeb3@group-B85ECF817262-FollowerState
2024-01-30 07:45:13,022 [55f20ed8-ad05-4879-9178-788b5883eeb3@group-B85ECF817262-LeaderElection7] INFO  server.RaftServer$Division (RaftServerImpl.java:setFirstElection(574)) - 55f20ed8-ad05-4879-9178-788b5883eeb3@group-B85ECF817262: set firstElectionSinceStartup to false for REJECTED
2024-01-30 07:45:13,023 [grpc-default-executor-2] INFO  server.RaftServer$Division (RaftServerImpl.java:requestVote(1389)) - f4dc5428-8803-43b0-8e6b-8ffa99f16cef@group-B85ECF817262: receive requestVote(PRE_VOTE, 55f20ed8-ad05-4879-9178-788b5883eeb3, group-B85ECF817262, 0, (t:0, i:0))
2024-01-30 07:45:13,024 [grpc-default-executor-2] INFO  impl.VoteContext (VoteContext.java:log(49)) - f4dc5428-8803-43b0-8e6b-8ffa99f16cef@group-B85ECF817262-FOLLOWER: accept PRE_VOTE from 55f20ed8-ad05-4879-9178-788b5883eeb3: our priority 0 <= candidate's priority 0
2024-01-30 07:45:13,024 [grpc-default-executor-2] INFO  server.RaftServer$Division (RaftServerImpl.java:requestVote(1422)) - f4dc5428-8803-43b0-8e6b-8ffa99f16cef@group-B85ECF817262 replies to PRE_VOTE vote request: 55f20ed8-ad05-4879-9178-788b5883eeb3<-f4dc5428-8803-43b0-8e6b-8ffa99f16cef#0:OK-t0. Peer's state: f4dc5428-8803-43b0-8e6b-8ffa99f16cef@group-B85ECF817262:t0, leader=null, voted=, raftlog=Memoized:f4dc5428-8803-43b0-8e6b-8ffa99f16cef@group-B85ECF817262-SegmentedRaftLog:OPENED:c-1, conf=-1: peers:[f4dc5428-8803-43b0-8e6b-8ffa99f16cef|10.1.0.48:15059, 55f20ed8-ad05-4879-9178-788b5883eeb3|10.1.0.48:15041, 6af36478-fafe-44e8-8f65-092a10613903|10.1.0.48:15050]|listeners:[], old=null
2024-01-30 07:45:13,149 [6af36478-fafe-44e8-8f65-092a10613903@group-B85ECF817262-FollowerState] INFO  impl.FollowerState (FollowerState.java:run(143)) - 6af36478-fafe-44e8-8f65-092a10613903@group-B85ECF817262-FollowerState: change to CANDIDATE, lastRpcElapsedTime:5055435877ns, electionTimeout:5046ms
2024-01-30 07:45:13,149 [6af36478-fafe-44e8-8f65-092a10613903@group-B85ECF817262-FollowerState] INFO  impl.RoleInfo (RoleInfo.java:shutdownFollowerState(110)) - 6af36478-fafe-44e8-8f65-092a10613903: shutdown 6af36478-fafe-44e8-8f65-092a10613903@group-B85ECF817262-FollowerState
2024-01-30 07:45:13,149 [6af36478-fafe-44e8-8f65-092a10613903@group-B85ECF817262-FollowerState] INFO  server.RaftServer$Division (RaftServerImpl.java:setRole(383)) - 6af36478-fafe-44e8-8f65-092a10613903@group-B85ECF817262: changes role from  FOLLOWER to CANDIDATE at term 0 for changeToCandidate
2024-01-30 07:45:13,149 [6af36478-fafe-44e8-8f65-092a10613903@group-B85ECF817262-FollowerState] INFO  server.RaftServerConfigKeys (ConfUtils.java:logGet(46)) - raft.server.leaderelection.pre-vote = true (default)
2024-01-30 07:45:13,150 [6af36478-fafe-44e8-8f65-092a10613903@group-B85ECF817262-FollowerState] INFO  impl.RoleInfo (RoleInfo.java:updateAndGet(139)) - 6af36478-fafe-44e8-8f65-092a10613903: start 6af36478-fafe-44e8-8f65-092a10613903@group-B85ECF817262-LeaderElection8
2024-01-30 07:45:13,150 [6af36478-fafe-44e8-8f65-092a10613903@group-B85ECF817262-LeaderElection8] INFO  impl.LeaderElection (LeaderElection.java:askForVotes(321)) - 6af36478-fafe-44e8-8f65-092a10613903@group-B85ECF817262-LeaderElection8 PRE_VOTE round 0: submit vote requests at term 0 for -1: peers:[f4dc5428-8803-43b0-8e6b-8ffa99f16cef|10.1.0.48:15059, 55f20ed8-ad05-4879-9178-788b5883eeb3|10.1.0.48:15041, 6af36478-fafe-44e8-8f65-092a10613903|10.1.0.48:15050]|listeners:[], old=null
2024-01-30 07:45:13,151 [6af36478-fafe-44e8-8f65-092a10613903@group-B85ECF817262-LeaderElection8-1] INFO  server.GrpcServerProtocolClient (GrpcServerProtocolClient.java:<init>(65)) - Build channel for f4dc5428-8803-43b0-8e6b-8ffa99f16cef|10.1.0.48:15059
2024-01-30 07:45:13,151 [6af36478-fafe-44e8-8f65-092a10613903@group-B85ECF817262-LeaderElection8-2] INFO  server.GrpcServerProtocolClient (GrpcServerProtocolClient.java:<init>(65)) - Build channel for 55f20ed8-ad05-4879-9178-788b5883eeb3|10.1.0.48:15041
2024-01-30 07:45:13,151 [6af36478-fafe-44e8-8f65-092a10613903@group-B85ECF817262-LeaderElection8] INFO  server.RaftServerConfigKeys (ConfUtils.java:logFallback(53)) - raft.server.rpc.first-election.timeout.min = 5s (fallback to raft.server.rpc.timeout.min)
2024-01-30 07:45:13,151 [6af36478-fafe-44e8-8f65-092a10613903@group-B85ECF817262-LeaderElection8] INFO  server.RaftServerConfigKeys (ConfUtils.java:logFallback(53)) - raft.server.rpc.first-election.timeout.max = 5200ms (fallback to raft.server.rpc.timeout.max)
2024-01-30 07:45:13,160 [grpc-default-executor-2] INFO  server.RaftServer$Division (RaftServerImpl.java:requestVote(1389)) - 55f20ed8-ad05-4879-9178-788b5883eeb3@group-B85ECF817262: receive requestVote(PRE_VOTE, 6af36478-fafe-44e8-8f65-092a10613903, group-B85ECF817262, 0, (t:0, i:0))
2024-01-30 07:45:13,160 [grpc-default-executor-2] INFO  impl.VoteContext (VoteContext.java:log(49)) - 55f20ed8-ad05-4879-9178-788b5883eeb3@group-B85ECF817262-FOLLOWER: accept PRE_VOTE from 6af36478-fafe-44e8-8f65-092a10613903: our priority 0 <= candidate's priority 1
2024-01-30 07:45:13,160 [grpc-default-executor-2] INFO  server.RaftServer$Division (RaftServerImpl.java:requestVote(1422)) - 55f20ed8-ad05-4879-9178-788b5883eeb3@group-B85ECF817262 replies to PRE_VOTE vote request: 6af36478-fafe-44e8-8f65-092a10613903<-55f20ed8-ad05-4879-9178-788b5883eeb3#0:OK-t0. Peer's state: 55f20ed8-ad05-4879-9178-788b5883eeb3@group-B85ECF817262:t0, leader=null, voted=, raftlog=Memoized:55f20ed8-ad05-4879-9178-788b5883eeb3@group-B85ECF817262-SegmentedRaftLog:OPENED:c-1, conf=-1: peers:[f4dc5428-8803-43b0-8e6b-8ffa99f16cef|10.1.0.48:15059, 55f20ed8-ad05-4879-9178-788b5883eeb3|10.1.0.48:15041, 6af36478-fafe-44e8-8f65-092a10613903|10.1.0.48:15050]|listeners:[], old=null
2024-01-30 07:45:13,161 [grpc-default-executor-2] INFO  server.RaftServer$Division (RaftServerImpl.java:requestVote(1389)) - f4dc5428-8803-43b0-8e6b-8ffa99f16cef@group-B85ECF817262: receive requestVote(PRE_VOTE, 6af36478-fafe-44e8-8f65-092a10613903, group-B85ECF817262, 0, (t:0, i:0))
2024-01-30 07:45:13,161 [grpc-default-executor-2] INFO  impl.VoteContext (VoteContext.java:log(49)) - f4dc5428-8803-43b0-8e6b-8ffa99f16cef@group-B85ECF817262-FOLLOWER: accept PRE_VOTE from 6af36478-fafe-44e8-8f65-092a10613903: our priority 0 <= candidate's priority 1
2024-01-30 07:45:13,162 [grpc-default-executor-2] INFO  server.RaftServer$Division (RaftServerImpl.java:requestVote(1422)) - f4dc5428-8803-43b0-8e6b-8ffa99f16cef@group-B85ECF817262 replies to PRE_VOTE vote request: 6af36478-fafe-44e8-8f65-092a10613903<-f4dc5428-8803-43b0-8e6b-8ffa99f16cef#0:OK-t0. Peer's state: f4dc5428-8803-43b0-8e6b-8ffa99f16cef@group-B85ECF817262:t0, leader=null, voted=, raftlog=Memoized:f4dc5428-8803-43b0-8e6b-8ffa99f16cef@group-B85ECF817262-SegmentedRaftLog:OPENED:c-1, conf=-1: peers:[f4dc5428-8803-43b0-8e6b-8ffa99f16cef|10.1.0.48:15059, 55f20ed8-ad05-4879-9178-788b5883eeb3|10.1.0.48:15041, 6af36478-fafe-44e8-8f65-092a10613903|10.1.0.48:15050]|listeners:[], old=null
2024-01-30 07:45:13,163 [6af36478-fafe-44e8-8f65-092a10613903@group-B85ECF817262-LeaderElection8] INFO  impl.LeaderElection (LeaderElection.java:logAndReturn(89)) - 6af36478-fafe-44e8-8f65-092a10613903@group-B85ECF817262-LeaderElection8: PRE_VOTE PASSED received 1 response(s) and 0 exception(s):
2024-01-30 07:45:13,163 [6af36478-fafe-44e8-8f65-092a10613903@group-B85ECF817262-LeaderElection8] INFO  impl.LeaderElection (LeaderElection.java:logAndReturn(93)) -   Response 0: 6af36478-fafe-44e8-8f65-092a10613903<-f4dc5428-8803-43b0-8e6b-8ffa99f16cef#0:OK-t0
2024-01-30 07:45:13,163 [6af36478-fafe-44e8-8f65-092a10613903@group-B85ECF817262-LeaderElection8] INFO  impl.LeaderElection (LeaderElection.java:askForVotes(323)) - 6af36478-fafe-44e8-8f65-092a10613903@group-B85ECF817262-LeaderElection8 PRE_VOTE round 0: result PASSED
2024-01-30 07:45:13,165 [6af36478-fafe-44e8-8f65-092a10613903@group-B85ECF817262-LeaderElection8] INFO  impl.LeaderElection (LeaderElection.java:askForVotes(321)) - 6af36478-fafe-44e8-8f65-092a10613903@group-B85ECF817262-LeaderElection8 ELECTION round 0: submit vote requests at term 1 for -1: peers:[f4dc5428-8803-43b0-8e6b-8ffa99f16cef|10.1.0.48:15059, 55f20ed8-ad05-4879-9178-788b5883eeb3|10.1.0.48:15041, 6af36478-fafe-44e8-8f65-092a10613903|10.1.0.48:15050]|listeners:[], old=null
2024-01-30 07:45:13,165 [6af36478-fafe-44e8-8f65-092a10613903@group-B85ECF817262-LeaderElection8] INFO  server.RaftServerConfigKeys (ConfUtils.java:logFallback(53)) - raft.server.rpc.first-election.timeout.min = 5s (fallback to raft.server.rpc.timeout.min)
2024-01-30 07:45:13,166 [6af36478-fafe-44e8-8f65-092a10613903@group-B85ECF817262-LeaderElection8] INFO  server.RaftServerConfigKeys (ConfUtils.java:logFallback(53)) - raft.server.rpc.first-election.timeout.max = 5200ms (fallback to raft.server.rpc.timeout.max)
2024-01-30 07:45:13,167 [grpc-default-executor-2] INFO  server.RaftServer$Division (RaftServerImpl.java:requestVote(1389)) - f4dc5428-8803-43b0-8e6b-8ffa99f16cef@group-B85ECF817262: receive requestVote(ELECTION, 6af36478-fafe-44e8-8f65-092a10613903, group-B85ECF817262, 1, (t:0, i:0))
2024-01-30 07:45:13,167 [grpc-default-executor-2] INFO  impl.VoteContext (VoteContext.java:log(49)) - f4dc5428-8803-43b0-8e6b-8ffa99f16cef@group-B85ECF817262-FOLLOWER: accept ELECTION from 6af36478-fafe-44e8-8f65-092a10613903: our priority 0 <= candidate's priority 1
2024-01-30 07:45:13,167 [grpc-default-executor-2] INFO  server.RaftServer$Division (RaftServerImpl.java:setRole(383)) - f4dc5428-8803-43b0-8e6b-8ffa99f16cef@group-B85ECF817262: changes role from  FOLLOWER to FOLLOWER at term 1 for candidate:6af36478-fafe-44e8-8f65-092a10613903
2024-01-30 07:45:13,167 [grpc-default-executor-2] INFO  impl.RoleInfo (RoleInfo.java:shutdownFollowerState(110)) - f4dc5428-8803-43b0-8e6b-8ffa99f16cef: shutdown f4dc5428-8803-43b0-8e6b-8ffa99f16cef@group-B85ECF817262-FollowerState
2024-01-30 07:45:13,168 [f4dc5428-8803-43b0-8e6b-8ffa99f16cef@group-B85ECF817262-FollowerState] INFO  impl.FollowerState (FollowerState.java:run(152)) - f4dc5428-8803-43b0-8e6b-8ffa99f16cef@group-B85ECF817262-FollowerState was interrupted
2024-01-30 07:45:13,168 [grpc-default-executor-2] INFO  impl.RoleInfo (RoleInfo.java:updateAndGet(139)) - f4dc5428-8803-43b0-8e6b-8ffa99f16cef: start f4dc5428-8803-43b0-8e6b-8ffa99f16cef@group-B85ECF817262-FollowerState
2024-01-30 07:45:13,169 [grpc-default-executor-1] INFO  server.RaftServer$Division (RaftServerImpl.java:requestVote(1389)) - 55f20ed8-ad05-4879-9178-788b5883eeb3@group-B85ECF817262: receive requestVote(ELECTION, 6af36478-fafe-44e8-8f65-092a10613903, group-B85ECF817262, 1, (t:0, i:0))
2024-01-30 07:45:13,169 [grpc-default-executor-2] INFO  server.RaftServer$Division (RaftServerImpl.java:setFirstElection(574)) - f4dc5428-8803-43b0-8e6b-8ffa99f16cef@group-B85ECF817262: set firstElectionSinceStartup to false for candidate:6af36478-fafe-44e8-8f65-092a10613903
2024-01-30 07:45:13,169 [grpc-default-executor-1] INFO  impl.VoteContext (VoteContext.java:log(49)) - 55f20ed8-ad05-4879-9178-788b5883eeb3@group-B85ECF817262-FOLLOWER: accept ELECTION from 6af36478-fafe-44e8-8f65-092a10613903: our priority 0 <= candidate's priority 1
2024-01-30 07:45:13,169 [grpc-default-executor-1] INFO  server.RaftServer$Division (RaftServerImpl.java:setRole(383)) - 55f20ed8-ad05-4879-9178-788b5883eeb3@group-B85ECF817262: changes role from  FOLLOWER to FOLLOWER at term 1 for candidate:6af36478-fafe-44e8-8f65-092a10613903
2024-01-30 07:45:13,169 [grpc-default-executor-1] INFO  impl.RoleInfo (RoleInfo.java:shutdownFollowerState(110)) - 55f20ed8-ad05-4879-9178-788b5883eeb3: shutdown 55f20ed8-ad05-4879-9178-788b5883eeb3@group-B85ECF817262-FollowerState
2024-01-30 07:45:13,169 [grpc-default-executor-1] INFO  impl.RoleInfo (RoleInfo.java:updateAndGet(139)) - 55f20ed8-ad05-4879-9178-788b5883eeb3: start 55f20ed8-ad05-4879-9178-788b5883eeb3@group-B85ECF817262-FollowerState
2024-01-30 07:45:13,170 [55f20ed8-ad05-4879-9178-788b5883eeb3@group-B85ECF817262-FollowerState] INFO  impl.FollowerState (FollowerState.java:run(152)) - 55f20ed8-ad05-4879-9178-788b5883eeb3@group-B85ECF817262-FollowerState was interrupted
2024-01-30 07:45:13,170 [grpc-default-executor-2] INFO  server.RaftServer$Division (RaftServerImpl.java:requestVote(1422)) - f4dc5428-8803-43b0-8e6b-8ffa99f16cef@group-B85ECF817262 replies to ELECTION vote request: 6af36478-fafe-44e8-8f65-092a10613903<-f4dc5428-8803-43b0-8e6b-8ffa99f16cef#0:OK-t1. Peer's state: f4dc5428-8803-43b0-8e6b-8ffa99f16cef@group-B85ECF817262:t1, leader=null, voted=6af36478-fafe-44e8-8f65-092a10613903, raftlog=Memoized:f4dc5428-8803-43b0-8e6b-8ffa99f16cef@group-B85ECF817262-SegmentedRaftLog:OPENED:c-1, conf=-1: peers:[f4dc5428-8803-43b0-8e6b-8ffa99f16cef|10.1.0.48:15059, 55f20ed8-ad05-4879-9178-788b5883eeb3|10.1.0.48:15041, 6af36478-fafe-44e8-8f65-092a10613903|10.1.0.48:15050]|listeners:[], old=null
2024-01-30 07:45:13,171 [6af36478-fafe-44e8-8f65-092a10613903@group-B85ECF817262-LeaderElection8] INFO  impl.LeaderElection (LeaderElection.java:logAndReturn(89)) - 6af36478-fafe-44e8-8f65-092a10613903@group-B85ECF817262-LeaderElection8: ELECTION PASSED received 1 response(s) and 0 exception(s):
2024-01-30 07:45:13,171 [6af36478-fafe-44e8-8f65-092a10613903@group-B85ECF817262-LeaderElection8] INFO  impl.LeaderElection (LeaderElection.java:logAndReturn(93)) -   Response 0: 6af36478-fafe-44e8-8f65-092a10613903<-f4dc5428-8803-43b0-8e6b-8ffa99f16cef#0:OK-t1
2024-01-30 07:45:13,171 [6af36478-fafe-44e8-8f65-092a10613903@group-B85ECF817262-LeaderElection8] INFO  impl.LeaderElection (LeaderElection.java:askForVotes(323)) - 6af36478-fafe-44e8-8f65-092a10613903@group-B85ECF817262-LeaderElection8 ELECTION round 0: result PASSED
2024-01-30 07:45:13,171 [6af36478-fafe-44e8-8f65-092a10613903@group-B85ECF817262-LeaderElection8] INFO  impl.RoleInfo (RoleInfo.java:shutdownLeaderElection(130)) - 6af36478-fafe-44e8-8f65-092a10613903: shutdown 6af36478-fafe-44e8-8f65-092a10613903@group-B85ECF817262-LeaderElection8
2024-01-30 07:45:13,171 [6af36478-fafe-44e8-8f65-092a10613903@group-B85ECF817262-LeaderElection8] INFO  server.RaftServer$Division (RaftServerImpl.java:setRole(383)) - 6af36478-fafe-44e8-8f65-092a10613903@group-B85ECF817262: changes role from CANDIDATE to LEADER at term 1 for changeToLeader
2024-01-30 07:45:13,172 [grpc-default-executor-1] INFO  server.RaftServer$Division (RaftServerImpl.java:requestVote(1422)) - 55f20ed8-ad05-4879-9178-788b5883eeb3@group-B85ECF817262 replies to ELECTION vote request: 6af36478-fafe-44e8-8f65-092a10613903<-55f20ed8-ad05-4879-9178-788b5883eeb3#0:OK-t1. Peer's state: 55f20ed8-ad05-4879-9178-788b5883eeb3@group-B85ECF817262:t1, leader=null, voted=6af36478-fafe-44e8-8f65-092a10613903, raftlog=Memoized:55f20ed8-ad05-4879-9178-788b5883eeb3@group-B85ECF817262-SegmentedRaftLog:OPENED:c-1, conf=-1: peers:[f4dc5428-8803-43b0-8e6b-8ffa99f16cef|10.1.0.48:15059, 55f20ed8-ad05-4879-9178-788b5883eeb3|10.1.0.48:15041, 6af36478-fafe-44e8-8f65-092a10613903|10.1.0.48:15050]|listeners:[], old=null
2024-01-30 07:45:13,172 [6af36478-fafe-44e8-8f65-092a10613903@group-B85ECF817262-LeaderElection8] INFO  server.RaftServerConfigKeys (ConfUtils.java:logGet(46)) - raft.server.staging.catchup.gap = 1000 (default)
2024-01-30 07:45:13,172 [6af36478-fafe-44e8-8f65-092a10613903@group-B85ECF817262-LeaderElection8] INFO  server.RaftServerConfigKeys (ConfUtils.java:logGet(46)) - raft.server.write.element-limit = 1024 (custom)
2024-01-30 07:45:13,172 [6af36478-fafe-44e8-8f65-092a10613903@group-B85ECF817262-LeaderElection8] INFO  server.RaftServerConfigKeys (ConfUtils.java:logGet(46)) - raft.server.write.byte-limit = 1024 M (=1073741824) (custom)
2024-01-30 07:45:13,173 [6af36478-fafe-44e8-8f65-092a10613903@group-B85ECF817262-LeaderElection8] INFO  server.RaftServerConfigKeys (ConfUtils.java:logGet(46)) - raft.server.watch.timeout = 180s (custom)
2024-01-30 07:45:13,173 [6af36478-fafe-44e8-8f65-092a10613903@group-B85ECF817262-LeaderElection8] INFO  server.RaftServerConfigKeys (ConfUtils.java:logGet(46)) - raft.server.watch.timeout.denomination = 1s (default)
2024-01-30 07:45:13,173 [6af36478-fafe-44e8-8f65-092a10613903@group-B85ECF817262-LeaderElection8] INFO  server.RaftServerConfigKeys (ConfUtils.java:logGet(46)) - raft.server.watch.element-limit = 65536 (default)
2024-01-30 07:45:13,173 [6af36478-fafe-44e8-8f65-092a10613903@group-B85ECF817262-LeaderElection8] INFO  server.RaftServerConfigKeys (ConfUtils.java:logGet(46)) - raft.server.read.leader.lease.enabled = false (default)
2024-01-30 07:45:13,173 [6af36478-fafe-44e8-8f65-092a10613903@group-B85ECF817262-LeaderElection8] INFO  server.RaftServerConfigKeys (ConfUtils.java:logGet(46)) - raft.server.read.leader.lease.timeout.ratio = 0.9 (default)
2024-01-30 07:45:13,174 [6af36478-fafe-44e8-8f65-092a10613903@group-B85ECF817262-LeaderElection8] INFO  server.RaftServerConfigKeys (ConfUtils.java:logGet(46)) - raft.server.rpc.timeout.min = 5s (custom)
2024-01-30 07:45:13,174 [6af36478-fafe-44e8-8f65-092a10613903@group-B85ECF817262-LeaderElection8] INFO  server.RaftServerConfigKeys (ConfUtils.java:logGet(46)) - raft.server.write.element-limit = 1024 (custom)
2024-01-30 07:45:13,174 [6af36478-fafe-44e8-8f65-092a10613903@group-B85ECF817262-LeaderElection8] INFO  server.RaftServerConfigKeys (ConfUtils.java:logGet(46)) - raft.server.write.follower.gap.ratio.max = -1.0 (default)
2024-01-30 07:45:13,175 [6af36478-fafe-44e8-8f65-092a10613903@group-B85ECF817262-LeaderElection8] INFO  server.RaftServerConfigKeys (ConfUtils.java:logGet(46)) - raft.server.log.appender.snapshot.chunk.size.max = 16MB (=16777216) (default)
2024-01-30 07:45:13,175 [6af36478-fafe-44e8-8f65-092a10613903@group-B85ECF817262-LeaderElection8] INFO  server.RaftServerConfigKeys (ConfUtils.java:logGet(46)) - raft.server.log.appender.buffer.byte-limit = 8388608 (custom)
2024-01-30 07:45:13,175 [6af36478-fafe-44e8-8f65-092a10613903@group-B85ECF817262-LeaderElection8] INFO  server.RaftServerConfigKeys (ConfUtils.java:logGet(46)) - raft.server.log.appender.buffer.element-limit = 1 (custom)
2024-01-30 07:45:13,175 [6af36478-fafe-44e8-8f65-092a10613903@group-B85ECF817262-LeaderElection8] INFO  server.RaftServerConfigKeys (ConfUtils.java:logGet(46)) - raft.server.log.appender.wait-time.min = 0μs (custom)
2024-01-30 07:45:13,175 [6af36478-fafe-44e8-8f65-092a10613903@group-B85ECF817262-LeaderElection8] INFO  grpc.GrpcConfigKeys (ConfUtils.java:logGet(46)) - raft.grpc.server.leader.outstanding.appends.max = 8 (default)
2024-01-30 07:45:13,176 [6af36478-fafe-44e8-8f65-092a10613903@group-B85ECF817262-LeaderElection8] INFO  server.RaftServerConfigKeys (ConfUtils.java:logGet(46)) - raft.server.rpc.request.timeout = 60s (custom)
2024-01-30 07:45:13,176 [6af36478-fafe-44e8-8f65-092a10613903@group-B85ECF817262-LeaderElection8] INFO  grpc.GrpcConfigKeys (ConfUtils.java:logGet(46)) - raft.grpc.server.install_snapshot.request.element-limit = 8 (default)
2024-01-30 07:45:13,176 [6af36478-fafe-44e8-8f65-092a10613903@group-B85ECF817262-LeaderElection8] INFO  grpc.GrpcConfigKeys (ConfUtils.java:logGet(46)) - raft.grpc.server.install_snapshot.request.timeout = 3000ms (default)
2024-01-30 07:45:13,176 [6af36478-fafe-44e8-8f65-092a10613903@group-B85ECF817262-LeaderElection8] INFO  grpc.GrpcConfigKeys (ConfUtils.java:logGet(46)) - raft.grpc.server.log-message.batch.duration = 5s (default)
2024-01-30 07:45:13,176 [6af36478-fafe-44e8-8f65-092a10613903@group-B85ECF817262-LeaderElection8] INFO  server.RaftServerConfigKeys (ConfUtils.java:logGet(46)) - raft.server.log.appender.install.snapshot.enabled = false (custom)
2024-01-30 07:45:13,176 [6af36478-fafe-44e8-8f65-092a10613903@group-B85ECF817262-LeaderElection8] INFO  grpc.GrpcConfigKeys (ConfUtils.java:logGet(46)) - raft.grpc.server.heartbeat.channel = true (default)
2024-01-30 07:45:13,177 [6af36478-fafe-44e8-8f65-092a10613903@group-B85ECF817262-LeaderElection8] INFO  server.RaftServerConfigKeys (ConfUtils.java:logGet(46)) - raft.server.log.appender.snapshot.chunk.size.max = 16MB (=16777216) (default)
2024-01-30 07:45:13,177 [6af36478-fafe-44e8-8f65-092a10613903@group-B85ECF817262-LeaderElection8] INFO  server.RaftServerConfigKeys (ConfUtils.java:logGet(46)) - raft.server.log.appender.buffer.byte-limit = 8388608 (custom)
2024-01-30 07:45:13,177 [6af36478-fafe-44e8-8f65-092a10613903@group-B85ECF817262-LeaderElection8] INFO  server.RaftServerConfigKeys (ConfUtils.java:logGet(46)) - raft.server.log.appender.buffer.element-limit = 1 (custom)
2024-01-30 07:45:13,178 [6af36478-fafe-44e8-8f65-092a10613903@group-B85ECF817262-LeaderElection8] INFO  server.RaftServerConfigKeys (ConfUtils.java:logGet(46)) - raft.server.log.appender.wait-time.min = 0μs (custom)
2024-01-30 07:45:13,178 [6af36478-fafe-44e8-8f65-092a10613903@group-B85ECF817262-LeaderElection8] INFO  grpc.GrpcConfigKeys (ConfUtils.java:logGet(46)) - raft.grpc.server.leader.outstanding.appends.max = 8 (default)
2024-01-30 07:45:13,178 [6af36478-fafe-44e8-8f65-092a10613903@group-B85ECF817262-LeaderElection8] INFO  server.RaftServerConfigKeys (ConfUtils.java:logGet(46)) - raft.server.rpc.request.timeout = 60s (custom)
2024-01-30 07:45:13,178 [6af36478-fafe-44e8-8f65-092a10613903@group-B85ECF817262-LeaderElection8] INFO  grpc.GrpcConfigKeys (ConfUtils.java:logGet(46)) - raft.grpc.server.install_snapshot.request.element-limit = 8 (default)
2024-01-30 07:45:13,178 [6af36478-fafe-44e8-8f65-092a10613903@group-B85ECF817262-LeaderElection8] INFO  grpc.GrpcConfigKeys (ConfUtils.java:logGet(46)) - raft.grpc.server.install_snapshot.request.timeout = 3000ms (default)
2024-01-30 07:45:13,178 [6af36478-fafe-44e8-8f65-092a10613903@group-B85ECF817262-LeaderElection8] INFO  grpc.GrpcConfigKeys (ConfUtils.java:logGet(46)) - raft.grpc.server.log-message.batch.duration = 5s (default)
2024-01-30 07:45:13,178 [6af36478-fafe-44e8-8f65-092a10613903@group-B85ECF817262-LeaderElection8] INFO  server.RaftServerConfigKeys (ConfUtils.java:logGet(46)) - raft.server.log.appender.install.snapshot.enabled = false (custom)
2024-01-30 07:45:13,178 [6af36478-fafe-44e8-8f65-092a10613903@group-B85ECF817262-LeaderElection8] INFO  grpc.GrpcConfigKeys (ConfUtils.java:logGet(46)) - raft.grpc.server.heartbeat.channel = true (default)
2024-01-30 07:45:13,178 [6af36478-fafe-44e8-8f65-092a10613903@group-B85ECF817262-LeaderElection8] INFO  impl.RoleInfo (RoleInfo.java:updateAndGet(139)) - 6af36478-fafe-44e8-8f65-092a10613903: start 6af36478-fafe-44e8-8f65-092a10613903@group-B85ECF817262-LeaderStateImpl
2024-01-30 07:45:13,179 [6af36478-fafe-44e8-8f65-092a10613903@group-B85ECF817262-LeaderElection8] INFO  server.RaftServer$Division (RaftServerImpl.java:setFirstElection(574)) - 6af36478-fafe-44e8-8f65-092a10613903@group-B85ECF817262: set firstElectionSinceStartup to false for becomeLeader
2024-01-30 07:45:13,179 [6af36478-fafe-44e8-8f65-092a10613903@group-B85ECF817262-LeaderElection8] INFO  ratis.XceiverServerRatis (XceiverServerRatis.java:handleLeaderChangedNotification(966)) - Leader change notification received for group: group-B85ECF817262 with new leaderId: 6af36478-fafe-44e8-8f65-092a10613903
2024-01-30 07:45:13,179 [6af36478-fafe-44e8-8f65-092a10613903@group-B85ECF817262-LeaderElection8] INFO  server.RaftServer$Division (ServerState.java:setLeader(269)) - 6af36478-fafe-44e8-8f65-092a10613903@group-B85ECF817262: change Leader from null to 6af36478-fafe-44e8-8f65-092a10613903 at term 1 for becomeLeader, leader elected after 5126ms
2024-01-30 07:45:13,179 [6af36478-fafe-44e8-8f65-092a10613903@group-B85ECF817262-LeaderElection8] INFO  segmented.SegmentedRaftLogWorker (SegmentedRaftLogWorker.java:startLogSegment(430)) - 6af36478-fafe-44e8-8f65-092a10613903@group-B85ECF817262-SegmentedRaftLogWorker: Starting segment from index:0
2024-01-30 07:45:13,180 [6af36478-fafe-44e8-8f65-092a10613903@group-B85ECF817262-SegmentedRaftLogWorker] INFO  segmented.BufferedWriteChannel (BufferedWriteChannel.java:open(62)) - open log_inprogress_0 at position 0
2024-01-30 07:45:13,181 [EventQueue-PipelineReportForPipelineReportHandler] INFO  pipeline.PipelineReportHandler (PipelineReportHandler.java:processPipelineReport(136)) - Opened pipeline PipelineID=4cf6885c-1486-46ce-8fed-b85ecf817262
2024-01-30 07:45:13,183 [6af36478-fafe-44e8-8f65-092a10613903@group-B85ECF817262-LeaderElection8] INFO  server.RaftServer$Division (ServerState.java:setRaftConf(386)) - 6af36478-fafe-44e8-8f65-092a10613903@group-B85ECF817262: set configuration 0: peers:[f4dc5428-8803-43b0-8e6b-8ffa99f16cef|10.1.0.48:15059, 55f20ed8-ad05-4879-9178-788b5883eeb3|10.1.0.48:15041, 6af36478-fafe-44e8-8f65-092a10613903|10.1.0.48:15050]|listeners:[], old=null
2024-01-30 07:45:13,187 [6af36478-fafe-44e8-8f65-092a10613903@group-B85ECF817262-SegmentedRaftLogWorker] INFO  segmented.SegmentedRaftLogWorker (SegmentedRaftLogWorker.java:execute(634)) - 6af36478-fafe-44e8-8f65-092a10613903@group-B85ECF817262-SegmentedRaftLogWorker: created new log segment /home/runner/work/ozone/ozone/hadoop-ozone/integration-test/target/test-dir/MiniOzoneClusterImpl-b74639a9-f624-491a-a51e-4d41e99a633c/datanode-4/data/ratis/4cf6885c-1486-46ce-8fed-b85ecf817262/current/log_inprogress_0
2024-01-30 07:45:13,193 [55f20ed8-ad05-4879-9178-788b5883eeb3-server-thread1] INFO  ratis.XceiverServerRatis (XceiverServerRatis.java:handleLeaderChangedNotification(966)) - Leader change notification received for group: group-B85ECF817262 with new leaderId: 6af36478-fafe-44e8-8f65-092a10613903
2024-01-30 07:45:13,193 [55f20ed8-ad05-4879-9178-788b5883eeb3-server-thread1] INFO  server.RaftServer$Division (ServerState.java:setLeader(269)) - 55f20ed8-ad05-4879-9178-788b5883eeb3@group-B85ECF817262: change Leader from null to 6af36478-fafe-44e8-8f65-092a10613903 at term 1 for appendEntries, leader elected after 5245ms
2024-01-30 07:45:13,196 [55f20ed8-ad05-4879-9178-788b5883eeb3-server-thread3] INFO  server.RaftServer$Division (ServerState.java:setRaftConf(386)) - 55f20ed8-ad05-4879-9178-788b5883eeb3@group-B85ECF817262: set configuration 0: peers:[f4dc5428-8803-43b0-8e6b-8ffa99f16cef|10.1.0.48:15059, 55f20ed8-ad05-4879-9178-788b5883eeb3|10.1.0.48:15041, 6af36478-fafe-44e8-8f65-092a10613903|10.1.0.48:15050]|listeners:[], old=null
2024-01-30 07:45:13,197 [f4dc5428-8803-43b0-8e6b-8ffa99f16cef-server-thread1] INFO  ratis.XceiverServerRatis (XceiverServerRatis.java:handleLeaderChangedNotification(966)) - Leader change notification received for group: group-B85ECF817262 with new leaderId: 6af36478-fafe-44e8-8f65-092a10613903
2024-01-30 07:45:13,197 [55f20ed8-ad05-4879-9178-788b5883eeb3-server-thread3] INFO  segmented.SegmentedRaftLogWorker (SegmentedRaftLogWorker.java:startLogSegment(430)) - 55f20ed8-ad05-4879-9178-788b5883eeb3@group-B85ECF817262-SegmentedRaftLogWorker: Starting segment from index:0
2024-01-30 07:45:13,197 [f4dc5428-8803-43b0-8e6b-8ffa99f16cef-server-thread1] INFO  server.RaftServer$Division (ServerState.java:setLeader(269)) - f4dc5428-8803-43b0-8e6b-8ffa99f16cef@group-B85ECF817262: change Leader from null to 6af36478-fafe-44e8-8f65-092a10613903 at term 1 for appendEntries, leader elected after 4913ms
2024-01-30 07:45:13,197 [55f20ed8-ad05-4879-9178-788b5883eeb3@group-B85ECF817262-SegmentedRaftLogWorker] INFO  segmented.BufferedWriteChannel (BufferedWriteChannel.java:open(62)) - open log_inprogress_0 at position 0
2024-01-30 07:45:13,202 [f4dc5428-8803-43b0-8e6b-8ffa99f16cef-server-thread2] INFO  server.RaftServer$Division (ServerState.java:setRaftConf(386)) - f4dc5428-8803-43b0-8e6b-8ffa99f16cef@group-B85ECF817262: set configuration 0: peers:[f4dc5428-8803-43b0-8e6b-8ffa99f16cef|10.1.0.48:15059, 55f20ed8-ad05-4879-9178-788b5883eeb3|10.1.0.48:15041, 6af36478-fafe-44e8-8f65-092a10613903|10.1.0.48:15050]|listeners:[], old=null
2024-01-30 07:45:13,202 [f4dc5428-8803-43b0-8e6b-8ffa99f16cef-server-thread2] INFO  segmented.SegmentedRaftLogWorker (SegmentedRaftLogWorker.java:startLogSegment(430)) - f4dc5428-8803-43b0-8e6b-8ffa99f16cef@group-B85ECF817262-SegmentedRaftLogWorker: Starting segment from index:0
2024-01-30 07:45:13,206 [55f20ed8-ad05-4879-9178-788b5883eeb3@group-B85ECF817262-SegmentedRaftLogWorker] INFO  segmented.SegmentedRaftLogWorker (SegmentedRaftLogWorker.java:execute(634)) - 55f20ed8-ad05-4879-9178-788b5883eeb3@group-B85ECF817262-SegmentedRaftLogWorker: created new log segment /home/runner/work/ozone/ozone/hadoop-ozone/integration-test/target/test-dir/MiniOzoneClusterImpl-b74639a9-f624-491a-a51e-4d41e99a633c/datanode-3/data/ratis/4cf6885c-1486-46ce-8fed-b85ecf817262/current/log_inprogress_0
2024-01-30 07:45:13,207 [f4dc5428-8803-43b0-8e6b-8ffa99f16cef@group-B85ECF817262-SegmentedRaftLogWorker] INFO  segmented.BufferedWriteChannel (BufferedWriteChannel.java:open(62)) - open log_inprogress_0 at position 0
2024-01-30 07:45:13,210 [main] INFO  ozone.MiniOzoneClusterImpl (MiniOzoneClusterImpl.java:lambda$waitForClusterToBeReady$0(229)) - Nodes are ready. Got 6 of 6 DN Heartbeats.
2024-01-30 07:45:13,210 [main] INFO  ozone.MiniOzoneClusterImpl (MiniOzoneClusterImpl.java:lambda$waitForClusterToBeReady$0(232)) - Cluster exits safe mode
2024-01-30 07:45:13,210 [main] INFO  ozone.MiniOzoneClusterImpl (MiniOzoneClusterImpl.java:lambda$waitForClusterToBeReady$0(234)) - SCM became leader
2024-01-30 07:45:13,214 [f4dc5428-8803-43b0-8e6b-8ffa99f16cef@group-B85ECF817262-SegmentedRaftLogWorker] INFO  segmented.SegmentedRaftLogWorker (SegmentedRaftLogWorker.java:execute(634)) - f4dc5428-8803-43b0-8e6b-8ffa99f16cef@group-B85ECF817262-SegmentedRaftLogWorker: created new log segment /home/runner/work/ozone/ozone/hadoop-ozone/integration-test/target/test-dir/MiniOzoneClusterImpl-b74639a9-f624-491a-a51e-4d41e99a633c/datanode-5/data/ratis/4cf6885c-1486-46ce-8fed-b85ecf817262/current/log_inprogress_0
2024-01-30 07:45:13,216 [6af36478-fafe-44e8-8f65-092a10613903@group-B85ECF817262-StateMachineUpdater] INFO  server.RaftServer$Division (LeaderStateImpl.java:isApplied(320)) - leader is ready since appliedIndex == 0 >= startIndex == 0
2024-01-30 07:45:13,217 [main] INFO  pipeline.PipelineManagerImpl (PipelineManagerImpl.java:closePipeline(518)) - Pipeline PipelineID=4724f419-527a-4595-b49d-fc27df658e49 moved to CLOSED state
2024-01-30 07:45:13,219 [main] INFO  pipeline.PipelineManagerImpl (PipelineManagerImpl.java:closePipeline(518)) - Pipeline PipelineID=4cf6885c-1486-46ce-8fed-b85ecf817262 moved to CLOSED state
2024-01-30 07:45:13,227 [RatisPipelineUtilsThread-0] INFO  pipeline.RatisPipelineProvider (RatisPipelineProvider.java:lambda$create$0(206)) - Sending CreatePipelineCommand for pipeline:PipelineID=7a6ac39a-38d7-4bce-8c0c-dc98f3ff1bbf to datanode:55f20ed8-ad05-4879-9178-788b5883eeb3
2024-01-30 07:45:13,227 [RatisPipelineUtilsThread-0] INFO  pipeline.RatisPipelineProvider (RatisPipelineProvider.java:lambda$create$0(206)) - Sending CreatePipelineCommand for pipeline:PipelineID=7a6ac39a-38d7-4bce-8c0c-dc98f3ff1bbf to datanode:f4dc5428-8803-43b0-8e6b-8ffa99f16cef
2024-01-30 07:45:13,227 [RatisPipelineUtilsThread-0] INFO  pipeline.RatisPipelineProvider (RatisPipelineProvider.java:lambda$create$0(206)) - Sending CreatePipelineCommand for pipeline:PipelineID=7a6ac39a-38d7-4bce-8c0c-dc98f3ff1bbf to datanode:6af36478-fafe-44e8-8f65-092a10613903
2024-01-30 07:45:13,228 [RatisPipelineUtilsThread-0] INFO  pipeline.PipelineManagerImpl (PipelineManagerImpl.java:recordMetricsForPipeline(916)) - Pipeline: PipelineID=7a6ac39a-38d7-4bce-8c0c-dc98f3ff1bbf contains same datanodes as previous pipelines: PipelineID=8af44c19-b552-4941-bb30-81ca7c03a8d2 nodeIds: 55f20ed8-ad05-4879-9178-788b5883eeb3, f4dc5428-8803-43b0-8e6b-8ffa99f16cef, 6af36478-fafe-44e8-8f65-092a10613903
2024-01-30 07:45:13,228 [RatisPipelineUtilsThread-0] INFO  pipeline.BackgroundPipelineCreator (BackgroundPipelineCreator.java:createPipelines(236)) - Created new pipeline Pipeline[ Id: 7a6ac39a-38d7-4bce-8c0c-dc98f3ff1bbf, Nodes: 55f20ed8-ad05-4879-9178-788b5883eeb3(fv-az1436-717.rp122gijlobebpuychzvuh3j3h.bx.internal.cloudapp.net/10.1.0.48)f4dc5428-8803-43b0-8e6b-8ffa99f16cef(fv-az1436-717.rp122gijlobebpuychzvuh3j3h.bx.internal.cloudapp.net/10.1.0.48)6af36478-fafe-44e8-8f65-092a10613903(fv-az1436-717.rp122gijlobebpuychzvuh3j3h.bx.internal.cloudapp.net/10.1.0.48), ReplicationConfig: RATIS/THREE, State:ALLOCATED, leaderId:, CreationTimestamp2024-01-30T07:45:13.226Z[Etc/UTC]]
2024-01-30 07:45:13,228 [RatisPipelineUtilsThread-0] INFO  pipeline.RatisPipelineProvider (RatisPipelineProvider.java:lambda$create$0(206)) - Sending CreatePipelineCommand for pipeline:PipelineID=eea97a1d-d6ad-47d6-b1a6-5a1ba62dfa7d to datanode:68b35bab-6033-4329-aa6c-21b57b93715a
2024-01-30 07:45:13,228 [RatisPipelineUtilsThread-0] INFO  pipeline.RatisPipelineProvider (RatisPipelineProvider.java:lambda$create$0(206)) - Sending CreatePipelineCommand for pipeline:PipelineID=eea97a1d-d6ad-47d6-b1a6-5a1ba62dfa7d to datanode:bf3622ab-3fe7-408a-b5e0-736b392a243c
2024-01-30 07:45:13,228 [RatisPipelineUtilsThread-0] INFO  pipeline.RatisPipelineProvider (RatisPipelineProvider.java:lambda$create$0(206)) - Sending CreatePipelineCommand for pipeline:PipelineID=eea97a1d-d6ad-47d6-b1a6-5a1ba62dfa7d to datanode:eae9be92-4231-488a-b42d-6128b74e9292
2024-01-30 07:45:13,229 [RatisPipelineUtilsThread-0] INFO  pipeline.PipelineManagerImpl (PipelineManagerImpl.java:recordMetricsForPipeline(916)) - Pipeline: PipelineID=eea97a1d-d6ad-47d6-b1a6-5a1ba62dfa7d contains same datanodes as previous pipelines: PipelineID=1663c5bc-106b-4c60-8b40-511431f77ef9 nodeIds: 68b35bab-6033-4329-aa6c-21b57b93715a, bf3622ab-3fe7-408a-b5e0-736b392a243c, eae9be92-4231-488a-b42d-6128b74e9292
2024-01-30 07:45:13,229 [RatisPipelineUtilsThread-0] INFO  pipeline.BackgroundPipelineCreator (BackgroundPipelineCreator.java:createPipelines(236)) - Created new pipeline Pipeline[ Id: eea97a1d-d6ad-47d6-b1a6-5a1ba62dfa7d, Nodes: 68b35bab-6033-4329-aa6c-21b57b93715a(fv-az1436-717.rp122gijlobebpuychzvuh3j3h.bx.internal.cloudapp.net/10.1.0.48)bf3622ab-3fe7-408a-b5e0-736b392a243c(fv-az1436-717.rp122gijlobebpuychzvuh3j3h.bx.internal.cloudapp.net/10.1.0.48)eae9be92-4231-488a-b42d-6128b74e9292(fv-az1436-717.rp122gijlobebpuychzvuh3j3h.bx.internal.cloudapp.net/10.1.0.48), ReplicationConfig: RATIS/THREE, State:ALLOCATED, leaderId:, CreationTimestamp2024-01-30T07:45:13.228Z[Etc/UTC]]
2024-01-30 07:45:13,346 [68b35bab-6033-4329-aa6c-21b57b93715a@group-511431F77EF9-FollowerState] INFO  impl.FollowerState (FollowerState.java:run(143)) - 68b35bab-6033-4329-aa6c-21b57b93715a@group-511431F77EF9-FollowerState: change to CANDIDATE, lastRpcElapsedTime:5106165598ns, electionTimeout:5104ms
2024-01-30 07:45:13,346 [68b35bab-6033-4329-aa6c-21b57b93715a@group-511431F77EF9-FollowerState] INFO  impl.RoleInfo (RoleInfo.java:shutdownFollowerState(110)) - 68b35bab-6033-4329-aa6c-21b57b93715a: shutdown 68b35bab-6033-4329-aa6c-21b57b93715a@group-511431F77EF9-FollowerState
2024-01-30 07:45:13,347 [68b35bab-6033-4329-aa6c-21b57b93715a@group-511431F77EF9-FollowerState] INFO  server.RaftServer$Division (RaftServerImpl.java:setRole(383)) - 68b35bab-6033-4329-aa6c-21b57b93715a@group-511431F77EF9: changes role from  FOLLOWER to CANDIDATE at term 0 for changeToCandidate
2024-01-30 07:45:13,347 [68b35bab-6033-4329-aa6c-21b57b93715a@group-511431F77EF9-FollowerState] INFO  server.RaftServerConfigKeys (ConfUtils.java:logGet(46)) - raft.server.leaderelection.pre-vote = true (default)
2024-01-30 07:45:13,347 [68b35bab-6033-4329-aa6c-21b57b93715a@group-511431F77EF9-FollowerState] INFO  impl.RoleInfo (RoleInfo.java:updateAndGet(139)) - 68b35bab-6033-4329-aa6c-21b57b93715a: start 68b35bab-6033-4329-aa6c-21b57b93715a@group-511431F77EF9-LeaderElection9
2024-01-30 07:45:13,348 [68b35bab-6033-4329-aa6c-21b57b93715a@group-511431F77EF9-LeaderElection9] INFO  impl.LeaderElection (LeaderElection.java:askForVotes(321)) - 68b35bab-6033-4329-aa6c-21b57b93715a@group-511431F77EF9-LeaderElection9 PRE_VOTE round 0: submit vote requests at term 0 for -1: peers:[eae9be92-4231-488a-b42d-6128b74e9292|10.1.0.48:15023, bf3622ab-3fe7-408a-b5e0-736b392a243c|10.1.0.48:15032, 68b35bab-6033-4329-aa6c-21b57b93715a|10.1.0.48:15014]|listeners:[], old=null
2024-01-30 07:45:13,349 [68b35bab-6033-4329-aa6c-21b57b93715a@group-511431F77EF9-LeaderElection9] INFO  server.RaftServerConfigKeys (ConfUtils.java:logFallback(53)) - raft.server.rpc.first-election.timeout.min = 5s (fallback to raft.server.rpc.timeout.min)
2024-01-30 07:45:13,349 [68b35bab-6033-4329-aa6c-21b57b93715a@group-511431F77EF9-LeaderElection9] INFO  server.RaftServerConfigKeys (ConfUtils.java:logFallback(53)) - raft.server.rpc.first-election.timeout.max = 5200ms (fallback to raft.server.rpc.timeout.max)
2024-01-30 07:45:13,351 [grpc-default-executor-3] INFO  server.RaftServer$Division (RaftServerImpl.java:requestVote(1389)) - eae9be92-4231-488a-b42d-6128b74e9292@group-511431F77EF9: receive requestVote(PRE_VOTE, 68b35bab-6033-4329-aa6c-21b57b93715a, group-511431F77EF9, 0, (t:0, i:0))
2024-01-30 07:45:13,351 [grpc-default-executor-3] INFO  impl.VoteContext (VoteContext.java:log(49)) - eae9be92-4231-488a-b42d-6128b74e9292@group-511431F77EF9-FOLLOWER: reject PRE_VOTE from 68b35bab-6033-4329-aa6c-21b57b93715a: our priority 1 > candidate's priority 0
2024-01-30 07:45:13,351 [grpc-default-executor-3] INFO  server.RaftServer$Division (RaftServerImpl.java:requestVote(1422)) - eae9be92-4231-488a-b42d-6128b74e9292@group-511431F77EF9 replies to PRE_VOTE vote request: 68b35bab-6033-4329-aa6c-21b57b93715a<-eae9be92-4231-488a-b42d-6128b74e9292#0:FAIL-t0. Peer's state: eae9be92-4231-488a-b42d-6128b74e9292@group-511431F77EF9:t0, leader=null, voted=, raftlog=Memoized:eae9be92-4231-488a-b42d-6128b74e9292@group-511431F77EF9-SegmentedRaftLog:OPENED:c-1, conf=-1: peers:[eae9be92-4231-488a-b42d-6128b74e9292|10.1.0.48:15023, bf3622ab-3fe7-408a-b5e0-736b392a243c|10.1.0.48:15032, 68b35bab-6033-4329-aa6c-21b57b93715a|10.1.0.48:15014]|listeners:[], old=null
2024-01-30 07:45:13,352 [grpc-default-executor-4] INFO  server.RaftServer$Division (RaftServerImpl.java:requestVote(1389)) - bf3622ab-3fe7-408a-b5e0-736b392a243c@group-511431F77EF9: receive requestVote(PRE_VOTE, 68b35bab-6033-4329-aa6c-21b57b93715a, group-511431F77EF9, 0, (t:0, i:0))
2024-01-30 07:45:13,353 [grpc-default-executor-4] INFO  impl.VoteContext (VoteContext.java:log(49)) - bf3622ab-3fe7-408a-b5e0-736b392a243c@group-511431F77EF9-FOLLOWER: accept PRE_VOTE from 68b35bab-6033-4329-aa6c-21b57b93715a: our priority 0 <= candidate's priority 0
2024-01-30 07:45:13,353 [grpc-default-executor-4] INFO  server.RaftServer$Division (RaftServerImpl.java:requestVote(1422)) - bf3622ab-3fe7-408a-b5e0-736b392a243c@group-511431F77EF9 replies to PRE_VOTE vote request: 68b35bab-6033-4329-aa6c-21b57b93715a<-bf3622ab-3fe7-408a-b5e0-736b392a243c#0:OK-t0. Peer's state: bf3622ab-3fe7-408a-b5e0-736b392a243c@group-511431F77EF9:t0, leader=null, voted=, raftlog=Memoized:bf3622ab-3fe7-408a-b5e0-736b392a243c@group-511431F77EF9-SegmentedRaftLog:OPENED:c-1, conf=-1: peers:[eae9be92-4231-488a-b42d-6128b74e9292|10.1.0.48:15023, bf3622ab-3fe7-408a-b5e0-736b392a243c|10.1.0.48:15032, 68b35bab-6033-4329-aa6c-21b57b93715a|10.1.0.48:15014]|listeners:[], old=null
2024-01-30 07:45:13,354 [68b35bab-6033-4329-aa6c-21b57b93715a@group-511431F77EF9-LeaderElection9] INFO  impl.LeaderElection (LeaderElection.java:logAndReturn(89)) - 68b35bab-6033-4329-aa6c-21b57b93715a@group-511431F77EF9-LeaderElection9: PRE_VOTE REJECTED received 1 response(s) and 0 exception(s):
2024-01-30 07:45:13,354 [68b35bab-6033-4329-aa6c-21b57b93715a@group-511431F77EF9-LeaderElection9] INFO  impl.LeaderElection (LeaderElection.java:logAndReturn(93)) -   Response 0: 68b35bab-6033-4329-aa6c-21b57b93715a<-eae9be92-4231-488a-b42d-6128b74e9292#0:FAIL-t0
2024-01-30 07:45:13,354 [68b35bab-6033-4329-aa6c-21b57b93715a@group-511431F77EF9-LeaderElection9] INFO  impl.LeaderElection (LeaderElection.java:askForVotes(323)) - 68b35bab-6033-4329-aa6c-21b57b93715a@group-511431F77EF9-LeaderElection9 PRE_VOTE round 0: result REJECTED
2024-01-30 07:45:13,354 [68b35bab-6033-4329-aa6c-21b57b93715a@group-511431F77EF9-LeaderElection9] INFO  server.RaftServer$Division (RaftServerImpl.java:setRole(383)) - 68b35bab-6033-4329-aa6c-21b57b93715a@group-511431F77EF9: changes role from CANDIDATE to FOLLOWER at term 0 for REJECTED
2024-01-30 07:45:13,354 [68b35bab-6033-4329-aa6c-21b57b93715a@group-511431F77EF9-LeaderElection9] INFO  impl.RoleInfo (RoleInfo.java:shutdownLeaderElection(130)) - 68b35bab-6033-4329-aa6c-21b57b93715a: shutdown 68b35bab-6033-4329-aa6c-21b57b93715a@group-511431F77EF9-LeaderElection9
2024-01-30 07:45:13,357 [68b35bab-6033-4329-aa6c-21b57b93715a@group-511431F77EF9-LeaderElection9] INFO  impl.RoleInfo (RoleInfo.java:updateAndGet(139)) - 68b35bab-6033-4329-aa6c-21b57b93715a: start 68b35bab-6033-4329-aa6c-21b57b93715a@group-511431F77EF9-FollowerState
2024-01-30 07:45:13,357 [68b35bab-6033-4329-aa6c-21b57b93715a@group-511431F77EF9-LeaderElection9] INFO  server.RaftServer$Division (RaftServerImpl.java:setFirstElection(574)) - 68b35bab-6033-4329-aa6c-21b57b93715a@group-511431F77EF9: set firstElectionSinceStartup to false for REJECTED
2024-01-30 07:45:13,371 [bf3622ab-3fe7-408a-b5e0-736b392a243c@group-511431F77EF9-FollowerState] INFO  server.RaftServerConfigKeys (ConfUtils.java:logFallback(53)) - raft.server.rpc.first-election.timeout.min = 5s (fallback to raft.server.rpc.timeout.min)
2024-01-30 07:45:13,372 [bf3622ab-3fe7-408a-b5e0-736b392a243c@group-511431F77EF9-FollowerState] INFO  server.RaftServerConfigKeys (ConfUtils.java:logFallback(53)) - raft.server.rpc.first-election.timeout.max = 5200ms (fallback to raft.server.rpc.timeout.max)
2024-01-30 07:45:13,395 [eae9be92-4231-488a-b42d-6128b74e9292@group-511431F77EF9-FollowerState] INFO  impl.FollowerState (FollowerState.java:run(143)) - eae9be92-4231-488a-b42d-6128b74e9292@group-511431F77EF9-FollowerState: change to CANDIDATE, lastRpcElapsedTime:5092849002ns, electionTimeout:5080ms
2024-01-30 07:45:13,395 [eae9be92-4231-488a-b42d-6128b74e9292@group-511431F77EF9-FollowerState] INFO  impl.RoleInfo (RoleInfo.java:shutdownFollowerState(110)) - eae9be92-4231-488a-b42d-6128b74e9292: shutdown eae9be92-4231-488a-b42d-6128b74e9292@group-511431F77EF9-FollowerState
2024-01-30 07:45:13,395 [eae9be92-4231-488a-b42d-6128b74e9292@group-511431F77EF9-FollowerState] INFO  server.RaftServer$Division (RaftServerImpl.java:setRole(383)) - eae9be92-4231-488a-b42d-6128b74e9292@group-511431F77EF9: changes role from  FOLLOWER to CANDIDATE at term 0 for changeToCandidate
2024-01-30 07:45:13,396 [eae9be92-4231-488a-b42d-6128b74e9292@group-511431F77EF9-FollowerState] INFO  server.RaftServerConfigKeys (ConfUtils.java:logGet(46)) - raft.server.leaderelection.pre-vote = true (default)
2024-01-30 07:45:13,396 [eae9be92-4231-488a-b42d-6128b74e9292@group-511431F77EF9-FollowerState] INFO  impl.RoleInfo (RoleInfo.java:updateAndGet(139)) - eae9be92-4231-488a-b42d-6128b74e9292: start eae9be92-4231-488a-b42d-6128b74e9292@group-511431F77EF9-LeaderElection10
2024-01-30 07:45:13,397 [eae9be92-4231-488a-b42d-6128b74e9292@group-511431F77EF9-LeaderElection10] INFO  impl.LeaderElection (LeaderElection.java:askForVotes(321)) - eae9be92-4231-488a-b42d-6128b74e9292@group-511431F77EF9-LeaderElection10 PRE_VOTE round 0: submit vote requests at term 0 for -1: peers:[eae9be92-4231-488a-b42d-6128b74e9292|10.1.0.48:15023, bf3622ab-3fe7-408a-b5e0-736b392a243c|10.1.0.48:15032, 68b35bab-6033-4329-aa6c-21b57b93715a|10.1.0.48:15014]|listeners:[], old=null
2024-01-30 07:45:13,397 [eae9be92-4231-488a-b42d-6128b74e9292@group-511431F77EF9-LeaderElection10-1] INFO  server.GrpcServerProtocolClient (GrpcServerProtocolClient.java:<init>(65)) - Build channel for bf3622ab-3fe7-408a-b5e0-736b392a243c|10.1.0.48:15032
2024-01-30 07:45:13,397 [eae9be92-4231-488a-b42d-6128b74e9292@group-511431F77EF9-LeaderElection10-2] INFO  server.GrpcServerProtocolClient (GrpcServerProtocolClient.java:<init>(65)) - Build channel for 68b35bab-6033-4329-aa6c-21b57b93715a|10.1.0.48:15014
2024-01-30 07:45:13,397 [eae9be92-4231-488a-b42d-6128b74e9292@group-511431F77EF9-LeaderElection10] INFO  server.RaftServerConfigKeys (ConfUtils.java:logFallback(53)) - raft.server.rpc.first-election.timeout.min = 5s (fallback to raft.server.rpc.timeout.min)
2024-01-30 07:45:13,397 [eae9be92-4231-488a-b42d-6128b74e9292@group-511431F77EF9-LeaderElection10] INFO  server.RaftServerConfigKeys (ConfUtils.java:logFallback(53)) - raft.server.rpc.first-election.timeout.max = 5200ms (fallback to raft.server.rpc.timeout.max)
2024-01-30 07:45:13,403 [grpc-default-executor-4] INFO  server.RaftServer$Division (RaftServerImpl.java:requestVote(1389)) - 68b35bab-6033-4329-aa6c-21b57b93715a@group-511431F77EF9: receive requestVote(PRE_VOTE, eae9be92-4231-488a-b42d-6128b74e9292, group-511431F77EF9, 0, (t:0, i:0))
2024-01-30 07:45:13,403 [grpc-default-executor-4] INFO  impl.VoteContext (VoteContext.java:log(49)) - 68b35bab-6033-4329-aa6c-21b57b93715a@group-511431F77EF9-FOLLOWER: accept PRE_VOTE from eae9be92-4231-488a-b42d-6128b74e9292: our priority 0 <= candidate's priority 1
2024-01-30 07:45:13,403 [grpc-default-executor-4] INFO  server.RaftServer$Division (RaftServerImpl.java:requestVote(1422)) - 68b35bab-6033-4329-aa6c-21b57b93715a@group-511431F77EF9 replies to PRE_VOTE vote request: eae9be92-4231-488a-b42d-6128b74e9292<-68b35bab-6033-4329-aa6c-21b57b93715a#0:OK-t0. Peer's state: 68b35bab-6033-4329-aa6c-21b57b93715a@group-511431F77EF9:t0, leader=null, voted=, raftlog=Memoized:68b35bab-6033-4329-aa6c-21b57b93715a@group-511431F77EF9-SegmentedRaftLog:OPENED:c-1, conf=-1: peers:[eae9be92-4231-488a-b42d-6128b74e9292|10.1.0.48:15023, bf3622ab-3fe7-408a-b5e0-736b392a243c|10.1.0.48:15032, 68b35bab-6033-4329-aa6c-21b57b93715a|10.1.0.48:15014]|listeners:[], old=null
2024-01-30 07:45:13,405 [6af36478-fafe-44e8-8f65-092a10613903@group-81CA7C03A8D2-FollowerState] INFO  impl.FollowerState (FollowerState.java:run(143)) - 6af36478-fafe-44e8-8f65-092a10613903@group-81CA7C03A8D2-FollowerState: change to CANDIDATE, lastRpcElapsedTime:5025799702ns, electionTimeout:5011ms
2024-01-30 07:45:13,405 [6af36478-fafe-44e8-8f65-092a10613903@group-81CA7C03A8D2-FollowerState] INFO  impl.RoleInfo (RoleInfo.java:shutdownFollowerState(110)) - 6af36478-fafe-44e8-8f65-092a10613903: shutdown 6af36478-fafe-44e8-8f65-092a10613903@group-81CA7C03A8D2-FollowerState
2024-01-30 07:45:13,405 [6af36478-fafe-44e8-8f65-092a10613903@group-81CA7C03A8D2-FollowerState] INFO  server.RaftServer$Division (RaftServerImpl.java:setRole(383)) - 6af36478-fafe-44e8-8f65-092a10613903@group-81CA7C03A8D2: changes role from  FOLLOWER to CANDIDATE at term 0 for changeToCandidate
2024-01-30 07:45:13,405 [grpc-default-executor-4] INFO  server.RaftServer$Division (RaftServerImpl.java:requestVote(1389)) - bf3622ab-3fe7-408a-b5e0-736b392a243c@group-511431F77EF9: receive requestVote(PRE_VOTE, eae9be92-4231-488a-b42d-6128b74e9292, group-511431F77EF9, 0, (t:0, i:0))
2024-01-30 07:45:13,405 [grpc-default-executor-4] INFO  impl.VoteContext (VoteContext.java:log(49)) - bf3622ab-3fe7-408a-b5e0-736b392a243c@group-511431F77EF9-FOLLOWER: accept PRE_VOTE from eae9be92-4231-488a-b42d-6128b74e9292: our priority 0 <= candidate's priority 1
2024-01-30 07:45:13,406 [grpc-default-executor-4] INFO  server.RaftServer$Division (RaftServerImpl.java:requestVote(1422)) - bf3622ab-3fe7-408a-b5e0-736b392a243c@group-511431F77EF9 replies to PRE_VOTE vote request: eae9be92-4231-488a-b42d-6128b74e9292<-bf3622ab-3fe7-408a-b5e0-736b392a243c#0:OK-t0. Peer's state: bf3622ab-3fe7-408a-b5e0-736b392a243c@group-511431F77EF9:t0, leader=null, voted=, raftlog=Memoized:bf3622ab-3fe7-408a-b5e0-736b392a243c@group-511431F77EF9-SegmentedRaftLog:OPENED:c-1, conf=-1: peers:[eae9be92-4231-488a-b42d-6128b74e9292|10.1.0.48:15023, bf3622ab-3fe7-408a-b5e0-736b392a243c|10.1.0.48:15032, 68b35bab-6033-4329-aa6c-21b57b93715a|10.1.0.48:15014]|listeners:[], old=null
2024-01-30 07:45:13,406 [eae9be92-4231-488a-b42d-6128b74e9292@group-511431F77EF9-LeaderElection10] INFO  impl.LeaderElection (LeaderElection.java:logAndReturn(89)) - eae9be92-4231-488a-b42d-6128b74e9292@group-511431F77EF9-LeaderElection10: PRE_VOTE PASSED received 1 response(s) and 0 exception(s):
2024-01-30 07:45:13,407 [eae9be92-4231-488a-b42d-6128b74e9292@group-511431F77EF9-LeaderElection10] INFO  impl.LeaderElection (LeaderElection.java:logAndReturn(93)) -   Response 0: eae9be92-4231-488a-b42d-6128b74e9292<-68b35bab-6033-4329-aa6c-21b57b93715a#0:OK-t0
2024-01-30 07:45:13,407 [eae9be92-4231-488a-b42d-6128b74e9292@group-511431F77EF9-LeaderElection10] INFO  impl.LeaderElection (LeaderElection.java:askForVotes(323)) - eae9be92-4231-488a-b42d-6128b74e9292@group-511431F77EF9-LeaderElection10 PRE_VOTE round 0: result PASSED
2024-01-30 07:45:13,406 [6af36478-fafe-44e8-8f65-092a10613903@group-81CA7C03A8D2-FollowerState] INFO  server.RaftServerConfigKeys (ConfUtils.java:logGet(46)) - raft.server.leaderelection.pre-vote = true (default)
2024-01-30 07:45:13,408 [6af36478-fafe-44e8-8f65-092a10613903@group-81CA7C03A8D2-FollowerState] INFO  impl.RoleInfo (RoleInfo.java:updateAndGet(139)) - 6af36478-fafe-44e8-8f65-092a10613903: start 6af36478-fafe-44e8-8f65-092a10613903@group-81CA7C03A8D2-LeaderElection11
2024-01-30 07:45:13,409 [eae9be92-4231-488a-b42d-6128b74e9292@group-511431F77EF9-LeaderElection10] INFO  impl.LeaderElection (LeaderElection.java:askForVotes(321)) - eae9be92-4231-488a-b42d-6128b74e9292@group-511431F77EF9-LeaderElection10 ELECTION round 0: submit vote requests at term 1 for -1: peers:[eae9be92-4231-488a-b42d-6128b74e9292|10.1.0.48:15023, bf3622ab-3fe7-408a-b5e0-736b392a243c|10.1.0.48:15032, 68b35bab-6033-4329-aa6c-21b57b93715a|10.1.0.48:15014]|listeners:[], old=null
2024-01-30 07:45:13,409 [eae9be92-4231-488a-b42d-6128b74e9292@group-511431F77EF9-LeaderElection10] INFO  server.RaftServerConfigKeys (ConfUtils.java:logFallback(53)) - raft.server.rpc.first-election.timeout.min = 5s (fallback to raft.server.rpc.timeout.min)
2024-01-30 07:45:13,409 [eae9be92-4231-488a-b42d-6128b74e9292@group-511431F77EF9-LeaderElection10] INFO  server.RaftServerConfigKeys (ConfUtils.java:logFallback(53)) - raft.server.rpc.first-election.timeout.max = 5200ms (fallback to raft.server.rpc.timeout.max)
2024-01-30 07:45:13,411 [6af36478-fafe-44e8-8f65-092a10613903@group-81CA7C03A8D2-LeaderElection11] INFO  impl.LeaderElection (LeaderElection.java:askForVotes(321)) - 6af36478-fafe-44e8-8f65-092a10613903@group-81CA7C03A8D2-LeaderElection11 PRE_VOTE round 0: submit vote requests at term 0 for -1: peers:[f4dc5428-8803-43b0-8e6b-8ffa99f16cef|10.1.0.48:15059, 55f20ed8-ad05-4879-9178-788b5883eeb3|10.1.0.48:15041, 6af36478-fafe-44e8-8f65-092a10613903|10.1.0.48:15050]|listeners:[], old=null
2024-01-30 07:45:13,412 [grpc-default-executor-4] INFO  server.RaftServer$Division (RaftServerImpl.java:requestVote(1389)) - 68b35bab-6033-4329-aa6c-21b57b93715a@group-511431F77EF9: receive requestVote(ELECTION, eae9be92-4231-488a-b42d-6128b74e9292, group-511431F77EF9, 1, (t:0, i:0))
2024-01-30 07:45:13,413 [grpc-default-executor-4] INFO  impl.VoteContext (VoteContext.java:log(49)) - 68b35bab-6033-4329-aa6c-21b57b93715a@group-511431F77EF9-FOLLOWER: accept ELECTION from eae9be92-4231-488a-b42d-6128b74e9292: our priority 0 <= candidate's priority 1
2024-01-30 07:45:13,413 [grpc-default-executor-4] INFO  server.RaftServer$Division (RaftServerImpl.java:setRole(383)) - 68b35bab-6033-4329-aa6c-21b57b93715a@group-511431F77EF9: changes role from  FOLLOWER to FOLLOWER at term 1 for candidate:eae9be92-4231-488a-b42d-6128b74e9292
2024-01-30 07:45:13,413 [grpc-default-executor-4] INFO  impl.RoleInfo (RoleInfo.java:shutdownFollowerState(110)) - 68b35bab-6033-4329-aa6c-21b57b93715a: shutdown 68b35bab-6033-4329-aa6c-21b57b93715a@group-511431F77EF9-FollowerState
2024-01-30 07:45:13,413 [grpc-default-executor-4] INFO  impl.RoleInfo (RoleInfo.java:updateAndGet(139)) - 68b35bab-6033-4329-aa6c-21b57b93715a: start 68b35bab-6033-4329-aa6c-21b57b93715a@group-511431F77EF9-FollowerState
2024-01-30 07:45:13,412 [6af36478-fafe-44e8-8f65-092a10613903@group-81CA7C03A8D2-LeaderElection11] INFO  server.RaftServerConfigKeys (ConfUtils.java:logFallback(53)) - raft.server.rpc.first-election.timeout.min = 5s (fallback to raft.server.rpc.timeout.min)
2024-01-30 07:45:13,414 [6af36478-fafe-44e8-8f65-092a10613903@group-81CA7C03A8D2-LeaderElection11] INFO  server.RaftServerConfigKeys (ConfUtils.java:logFallback(53)) - raft.server.rpc.first-election.timeout.max = 5200ms (fallback to raft.server.rpc.timeout.max)
2024-01-30 07:45:13,413 [68b35bab-6033-4329-aa6c-21b57b93715a@group-511431F77EF9-FollowerState] INFO  impl.FollowerState (FollowerState.java:run(152)) - 68b35bab-6033-4329-aa6c-21b57b93715a@group-511431F77EF9-FollowerState was interrupted
2024-01-30 07:45:13,415 [grpc-default-executor-3] INFO  server.RaftServer$Division (RaftServerImpl.java:requestVote(1389)) - bf3622ab-3fe7-408a-b5e0-736b392a243c@group-511431F77EF9: receive requestVote(ELECTION, eae9be92-4231-488a-b42d-6128b74e9292, group-511431F77EF9, 1, (t:0, i:0))
2024-01-30 07:45:13,415 [grpc-default-executor-0] INFO  server.RaftServer$Division (RaftServerImpl.java:requestVote(1389)) - 55f20ed8-ad05-4879-9178-788b5883eeb3@group-81CA7C03A8D2: receive requestVote(PRE_VOTE, 6af36478-fafe-44e8-8f65-092a10613903, group-81CA7C03A8D2, 0, (t:0, i:0))
2024-01-30 07:45:13,415 [grpc-default-executor-3] INFO  impl.VoteContext (VoteContext.java:log(49)) - bf3622ab-3fe7-408a-b5e0-736b392a243c@group-511431F77EF9-FOLLOWER: accept ELECTION from eae9be92-4231-488a-b42d-6128b74e9292: our priority 0 <= candidate's priority 1
2024-01-30 07:45:13,415 [grpc-default-executor-0] INFO  impl.VoteContext (VoteContext.java:log(49)) - 55f20ed8-ad05-4879-9178-788b5883eeb3@group-81CA7C03A8D2-FOLLOWER: reject PRE_VOTE from 6af36478-fafe-44e8-8f65-092a10613903: our priority 1 > candidate's priority 0
2024-01-30 07:45:13,416 [grpc-default-executor-0] INFO  server.RaftServer$Division (RaftServerImpl.java:requestVote(1422)) - 55f20ed8-ad05-4879-9178-788b5883eeb3@group-81CA7C03A8D2 replies to PRE_VOTE vote request: 6af36478-fafe-44e8-8f65-092a10613903<-55f20ed8-ad05-4879-9178-788b5883eeb3#0:FAIL-t0. Peer's state: 55f20ed8-ad05-4879-9178-788b5883eeb3@group-81CA7C03A8D2:t0, leader=null, voted=, raftlog=Memoized:55f20ed8-ad05-4879-9178-788b5883eeb3@group-81CA7C03A8D2-SegmentedRaftLog:OPENED:c-1, conf=-1: peers:[f4dc5428-8803-43b0-8e6b-8ffa99f16cef|10.1.0.48:15059, 55f20ed8-ad05-4879-9178-788b5883eeb3|10.1.0.48:15041, 6af36478-fafe-44e8-8f65-092a10613903|10.1.0.48:15050]|listeners:[], old=null
2024-01-30 07:45:13,417 [grpc-default-executor-3] INFO  server.RaftServer$Division (RaftServerImpl.java:setRole(383)) - bf3622ab-3fe7-408a-b5e0-736b392a243c@group-511431F77EF9: changes role from  FOLLOWER to FOLLOWER at term 1 for candidate:eae9be92-4231-488a-b42d-6128b74e9292
2024-01-30 07:45:13,417 [grpc-default-executor-3] INFO  impl.RoleInfo (RoleInfo.java:shutdownFollowerState(110)) - bf3622ab-3fe7-408a-b5e0-736b392a243c: shutdown bf3622ab-3fe7-408a-b5e0-736b392a243c@group-511431F77EF9-FollowerState
2024-01-30 07:45:13,417 [grpc-default-executor-4] INFO  server.RaftServer$Division (RaftServerImpl.java:requestVote(1422)) - 68b35bab-6033-4329-aa6c-21b57b93715a@group-511431F77EF9 replies to ELECTION vote request: eae9be92-4231-488a-b42d-6128b74e9292<-68b35bab-6033-4329-aa6c-21b57b93715a#0:OK-t1. Peer's state: 68b35bab-6033-4329-aa6c-21b57b93715a@group-511431F77EF9:t1, leader=null, voted=eae9be92-4231-488a-b42d-6128b74e9292, raftlog=Memoized:68b35bab-6033-4329-aa6c-21b57b93715a@group-511431F77EF9-SegmentedRaftLog:OPENED:c-1, conf=-1: peers:[eae9be92-4231-488a-b42d-6128b74e9292|10.1.0.48:15023, bf3622ab-3fe7-408a-b5e0-736b392a243c|10.1.0.48:15032, 68b35bab-6033-4329-aa6c-21b57b93715a|10.1.0.48:15014]|listeners:[], old=null
2024-01-30 07:45:13,420 [bf3622ab-3fe7-408a-b5e0-736b392a243c@group-511431F77EF9-FollowerState] INFO  impl.FollowerState (FollowerState.java:run(152)) - bf3622ab-3fe7-408a-b5e0-736b392a243c@group-511431F77EF9-FollowerState was interrupted
2024-01-30 07:45:13,419 [grpc-default-executor-3] INFO  impl.RoleInfo (RoleInfo.java:updateAndGet(139)) - bf3622ab-3fe7-408a-b5e0-736b392a243c: start bf3622ab-3fe7-408a-b5e0-736b392a243c@group-511431F77EF9-FollowerState
2024-01-30 07:45:13,417 [grpc-default-executor-1] INFO  server.RaftServer$Division (RaftServerImpl.java:requestVote(1389)) - f4dc5428-8803-43b0-8e6b-8ffa99f16cef@group-81CA7C03A8D2: receive requestVote(PRE_VOTE, 6af36478-fafe-44e8-8f65-092a10613903, group-81CA7C03A8D2, 0, (t:0, i:0))
2024-01-30 07:45:13,420 [grpc-default-executor-1] INFO  impl.VoteContext (VoteContext.java:log(49)) - f4dc5428-8803-43b0-8e6b-8ffa99f16cef@group-81CA7C03A8D2-FOLLOWER: accept PRE_VOTE from 6af36478-fafe-44e8-8f65-092a10613903: our priority 0 <= candidate's priority 0
2024-01-30 07:45:13,421 [grpc-default-executor-1] INFO  server.RaftServer$Division (RaftServerImpl.java:requestVote(1422)) - f4dc5428-8803-43b0-8e6b-8ffa99f16cef@group-81CA7C03A8D2 replies to PRE_VOTE vote request: 6af36478-fafe-44e8-8f65-092a10613903<-f4dc5428-8803-43b0-8e6b-8ffa99f16cef#0:OK-t0. Peer's state: f4dc5428-8803-43b0-8e6b-8ffa99f16cef@group-81CA7C03A8D2:t0, leader=null, voted=, raftlog=Memoized:f4dc5428-8803-43b0-8e6b-8ffa99f16cef@group-81CA7C03A8D2-SegmentedRaftLog:OPENED:c-1, conf=-1: peers:[f4dc5428-8803-43b0-8e6b-8ffa99f16cef|10.1.0.48:15059, 55f20ed8-ad05-4879-9178-788b5883eeb3|10.1.0.48:15041, 6af36478-fafe-44e8-8f65-092a10613903|10.1.0.48:15050]|listeners:[], old=null
2024-01-30 07:45:13,421 [grpc-default-executor-3] INFO  server.RaftServer$Division (RaftServerImpl.java:setFirstElection(574)) - bf3622ab-3fe7-408a-b5e0-736b392a243c@group-511431F77EF9: set firstElectionSinceStartup to false for candidate:eae9be92-4231-488a-b42d-6128b74e9292
2024-01-30 07:45:13,421 [6af36478-fafe-44e8-8f65-092a10613903@group-81CA7C03A8D2-LeaderElection11] INFO  impl.LeaderElection (LeaderElection.java:logAndReturn(89)) - 6af36478-fafe-44e8-8f65-092a10613903@group-81CA7C03A8D2-LeaderElection11: PRE_VOTE REJECTED received 1 response(s) and 0 exception(s):
2024-01-30 07:45:13,421 [6af36478-fafe-44e8-8f65-092a10613903@group-81CA7C03A8D2-LeaderElection11] INFO  impl.LeaderElection (LeaderElection.java:logAndReturn(93)) -   Response 0: 6af36478-fafe-44e8-8f65-092a10613903<-55f20ed8-ad05-4879-9178-788b5883eeb3#0:FAIL-t0
2024-01-30 07:45:13,421 [6af36478-fafe-44e8-8f65-092a10613903@group-81CA7C03A8D2-LeaderElection11] INFO  impl.LeaderElection (LeaderElection.java:askForVotes(323)) - 6af36478-fafe-44e8-8f65-092a10613903@group-81CA7C03A8D2-LeaderElection11 PRE_VOTE round 0: result REJECTED
2024-01-30 07:45:13,421 [6af36478-fafe-44e8-8f65-092a10613903@group-81CA7C03A8D2-LeaderElection11] INFO  server.RaftServer$Division (RaftServerImpl.java:setRole(383)) - 6af36478-fafe-44e8-8f65-092a10613903@group-81CA7C03A8D2: changes role from CANDIDATE to FOLLOWER at term 0 for REJECTED
2024-01-30 07:45:13,421 [6af36478-fafe-44e8-8f65-092a10613903@group-81CA7C03A8D2-LeaderElection11] INFO  impl.RoleInfo (RoleInfo.java:shutdownLeaderElection(130)) - 6af36478-fafe-44e8-8f65-092a10613903: shutdown 6af36478-fafe-44e8-8f65-092a10613903@group-81CA7C03A8D2-LeaderElection11
2024-01-30 07:45:13,421 [6af36478-fafe-44e8-8f65-092a10613903@group-81CA7C03A8D2-LeaderElection11] INFO  impl.RoleInfo (RoleInfo.java:updateAndGet(139)) - 6af36478-fafe-44e8-8f65-092a10613903: start 6af36478-fafe-44e8-8f65-092a10613903@group-81CA7C03A8D2-FollowerState
2024-01-30 07:45:13,421 [6af36478-fafe-44e8-8f65-092a10613903@group-81CA7C03A8D2-LeaderElection11] INFO  server.RaftServer$Division (RaftServerImpl.java:setFirstElection(574)) - 6af36478-fafe-44e8-8f65-092a10613903@group-81CA7C03A8D2: set firstElectionSinceStartup to false for REJECTED
2024-01-30 07:45:13,422 [grpc-default-executor-3] INFO  server.RaftServer$Division (RaftServerImpl.java:requestVote(1422)) - bf3622ab-3fe7-408a-b5e0-736b392a243c@group-511431F77EF9 replies to ELECTION vote request: eae9be92-4231-488a-b42d-6128b74e9292<-bf3622ab-3fe7-408a-b5e0-736b392a243c#0:OK-t1. Peer's state: bf3622ab-3fe7-408a-b5e0-736b392a243c@group-511431F77EF9:t1, leader=null, voted=eae9be92-4231-488a-b42d-6128b74e9292, raftlog=Memoized:bf3622ab-3fe7-408a-b5e0-736b392a243c@group-511431F77EF9-SegmentedRaftLog:OPENED:c-1, conf=-1: peers:[eae9be92-4231-488a-b42d-6128b74e9292|10.1.0.48:15023, bf3622ab-3fe7-408a-b5e0-736b392a243c|10.1.0.48:15032, 68b35bab-6033-4329-aa6c-21b57b93715a|10.1.0.48:15014]|listeners:[], old=null
2024-01-30 07:45:13,427 [eae9be92-4231-488a-b42d-6128b74e9292@group-511431F77EF9-LeaderElection10] INFO  impl.LeaderElection (LeaderElection.java:logAndReturn(89)) - eae9be92-4231-488a-b42d-6128b74e9292@group-511431F77EF9-LeaderElection10: ELECTION PASSED received 1 response(s) and 0 exception(s):
2024-01-30 07:45:13,427 [eae9be92-4231-488a-b42d-6128b74e9292@group-511431F77EF9-LeaderElection10] INFO  impl.LeaderElection (LeaderElection.java:logAndReturn(93)) -   Response 0: eae9be92-4231-488a-b42d-6128b74e9292<-68b35bab-6033-4329-aa6c-21b57b93715a#0:OK-t1
2024-01-30 07:45:13,427 [eae9be92-4231-488a-b42d-6128b74e9292@group-511431F77EF9-LeaderElection10] INFO  impl.LeaderElection (LeaderElection.java:askForVotes(323)) - eae9be92-4231-488a-b42d-6128b74e9292@group-511431F77EF9-LeaderElection10 ELECTION round 0: result PASSED
2024-01-30 07:45:13,427 [eae9be92-4231-488a-b42d-6128b74e9292@group-511431F77EF9-LeaderElection10] INFO  impl.RoleInfo (RoleInfo.java:shutdownLeaderElection(130)) - eae9be92-4231-488a-b42d-6128b74e9292: shutdown eae9be92-4231-488a-b42d-6128b74e9292@group-511431F77EF9-LeaderElection10
2024-01-30 07:45:13,427 [eae9be92-4231-488a-b42d-6128b74e9292@group-511431F77EF9-LeaderElection10] INFO  server.RaftServer$Division (RaftServerImpl.java:setRole(383)) - eae9be92-4231-488a-b42d-6128b74e9292@group-511431F77EF9: changes role from CANDIDATE to LEADER at term 1 for changeToLeader
2024-01-30 07:45:13,427 [eae9be92-4231-488a-b42d-6128b74e9292@group-511431F77EF9-LeaderElection10] INFO  server.RaftServerConfigKeys (ConfUtils.java:logGet(46)) - raft.server.staging.catchup.gap = 1000 (default)
2024-01-30 07:45:13,429 [eae9be92-4231-488a-b42d-6128b74e9292@group-511431F77EF9-LeaderElection10] INFO  server.RaftServerConfigKeys (ConfUtils.java:logGet(46)) - raft.server.write.element-limit = 1024 (custom)
2024-01-30 07:45:13,429 [eae9be92-4231-488a-b42d-6128b74e9292@group-511431F77EF9-LeaderElection10] INFO  server.RaftServerConfigKeys (ConfUtils.java:logGet(46)) - raft.server.write.byte-limit = 1024 M (=1073741824) (custom)
2024-01-30 07:45:13,429 [eae9be92-4231-488a-b42d-6128b74e9292@group-511431F77EF9-LeaderElection10] INFO  server.RaftServerConfigKeys (ConfUtils.java:logGet(46)) - raft.server.watch.timeout = 180s (custom)
2024-01-30 07:45:13,429 [eae9be92-4231-488a-b42d-6128b74e9292@group-511431F77EF9-LeaderElection10] INFO  server.RaftServerConfigKeys (ConfUtils.java:logGet(46)) - raft.server.watch.timeout.denomination = 1s (default)
2024-01-30 07:45:13,429 [eae9be92-4231-488a-b42d-6128b74e9292@group-511431F77EF9-LeaderElection10] INFO  server.RaftServerConfigKeys (ConfUtils.java:logGet(46)) - raft.server.watch.element-limit = 65536 (default)
2024-01-30 07:45:13,429 [eae9be92-4231-488a-b42d-6128b74e9292@group-511431F77EF9-LeaderElection10] INFO  server.RaftServerConfigKeys (ConfUtils.java:logGet(46)) - raft.server.read.leader.lease.enabled = false (default)
2024-01-30 07:45:13,429 [eae9be92-4231-488a-b42d-6128b74e9292@group-511431F77EF9-LeaderElection10] INFO  server.RaftServerConfigKeys (ConfUtils.java:logGet(46)) - raft.server.read.leader.lease.timeout.ratio = 0.9 (default)
2024-01-30 07:45:13,430 [eae9be92-4231-488a-b42d-6128b74e9292@group-511431F77EF9-LeaderElection10] INFO  server.RaftServerConfigKeys (ConfUtils.java:logGet(46)) - raft.server.rpc.timeout.min = 5s (custom)
2024-01-30 07:45:13,430 [eae9be92-4231-488a-b42d-6128b74e9292@group-511431F77EF9-LeaderElection10] INFO  server.RaftServerConfigKeys (ConfUtils.java:logGet(46)) - raft.server.write.element-limit = 1024 (custom)
2024-01-30 07:45:13,430 [eae9be92-4231-488a-b42d-6128b74e9292@group-511431F77EF9-LeaderElection10] INFO  server.RaftServerConfigKeys (ConfUtils.java:logGet(46)) - raft.server.write.follower.gap.ratio.max = -1.0 (default)
2024-01-30 07:45:13,430 [eae9be92-4231-488a-b42d-6128b74e9292@group-511431F77EF9-LeaderElection10] INFO  server.RaftServerConfigKeys (ConfUtils.java:logGet(46)) - raft.server.log.appender.snapshot.chunk.size.max = 16MB (=16777216) (default)
2024-01-30 07:45:13,430 [eae9be92-4231-488a-b42d-6128b74e9292@group-511431F77EF9-LeaderElection10] INFO  server.RaftServerConfigKeys (ConfUtils.java:logGet(46)) - raft.server.log.appender.buffer.byte-limit = 8388608 (custom)
2024-01-30 07:45:13,430 [eae9be92-4231-488a-b42d-6128b74e9292@group-511431F77EF9-LeaderElection10] INFO  server.RaftServerConfigKeys (ConfUtils.java:logGet(46)) - raft.server.log.appender.buffer.element-limit = 1 (custom)
2024-01-30 07:45:13,430 [eae9be92-4231-488a-b42d-6128b74e9292@group-511431F77EF9-LeaderElection10] INFO  server.RaftServerConfigKeys (ConfUtils.java:logGet(46)) - raft.server.log.appender.wait-time.min = 0μs (custom)
2024-01-30 07:45:13,430 [eae9be92-4231-488a-b42d-6128b74e9292@group-511431F77EF9-LeaderElection10] INFO  grpc.GrpcConfigKeys (ConfUtils.java:logGet(46)) - raft.grpc.server.leader.outstanding.appends.max = 8 (default)
2024-01-30 07:45:13,430 [eae9be92-4231-488a-b42d-6128b74e9292@group-511431F77EF9-LeaderElection10] INFO  server.RaftServerConfigKeys (ConfUtils.java:logGet(46)) - raft.server.rpc.request.timeout = 60s (custom)
2024-01-30 07:45:13,431 [eae9be92-4231-488a-b42d-6128b74e9292@group-511431F77EF9-LeaderElection10] INFO  grpc.GrpcConfigKeys (ConfUtils.java:logGet(46)) - raft.grpc.server.install_snapshot.request.element-limit = 8 (default)
2024-01-30 07:45:13,431 [eae9be92-4231-488a-b42d-6128b74e9292@group-511431F77EF9-LeaderElection10] INFO  grpc.GrpcConfigKeys (ConfUtils.java:logGet(46)) - raft.grpc.server.install_snapshot.request.timeout = 3000ms (default)
2024-01-30 07:45:13,431 [eae9be92-4231-488a-b42d-6128b74e9292@group-511431F77EF9-LeaderElection10] INFO  grpc.GrpcConfigKeys (ConfUtils.java:logGet(46)) - raft.grpc.server.log-message.batch.duration = 5s (default)
2024-01-30 07:45:13,431 [eae9be92-4231-488a-b42d-6128b74e9292@group-511431F77EF9-LeaderElection10] INFO  server.RaftServerConfigKeys (ConfUtils.java:logGet(46)) - raft.server.log.appender.install.snapshot.enabled = false (custom)
2024-01-30 07:45:13,431 [eae9be92-4231-488a-b42d-6128b74e9292@group-511431F77EF9-LeaderElection10] INFO  grpc.GrpcConfigKeys (ConfUtils.java:logGet(46)) - raft.grpc.server.heartbeat.channel = true (default)
2024-01-30 07:45:13,432 [eae9be92-4231-488a-b42d-6128b74e9292@group-511431F77EF9-LeaderElection10] INFO  server.RaftServerConfigKeys (ConfUtils.java:logGet(46)) - raft.server.log.appender.snapshot.chunk.size.max = 16MB (=16777216) (default)
2024-01-30 07:45:13,432 [eae9be92-4231-488a-b42d-6128b74e9292@group-511431F77EF9-LeaderElection10] INFO  server.RaftServerConfigKeys (ConfUtils.java:logGet(46)) - raft.server.log.appender.buffer.byte-limit = 8388608 (custom)
2024-01-30 07:45:13,432 [eae9be92-4231-488a-b42d-6128b74e9292@group-511431F77EF9-LeaderElection10] INFO  server.RaftServerConfigKeys (ConfUtils.java:logGet(46)) - raft.server.log.appender.buffer.element-limit = 1 (custom)
2024-01-30 07:45:13,432 [eae9be92-4231-488a-b42d-6128b74e9292@group-511431F77EF9-LeaderElection10] INFO  server.RaftServerConfigKeys (ConfUtils.java:logGet(46)) - raft.server.log.appender.wait-time.min = 0μs (custom)
2024-01-30 07:45:13,432 [eae9be92-4231-488a-b42d-6128b74e9292@group-511431F77EF9-LeaderElection10] INFO  grpc.GrpcConfigKeys (ConfUtils.java:logGet(46)) - raft.grpc.server.leader.outstanding.appends.max = 8 (default)
2024-01-30 07:45:13,432 [eae9be92-4231-488a-b42d-6128b74e9292@group-511431F77EF9-LeaderElection10] INFO  server.RaftServerConfigKeys (ConfUtils.java:logGet(46)) - raft.server.rpc.request.timeout = 60s (custom)
2024-01-30 07:45:13,432 [eae9be92-4231-488a-b42d-6128b74e9292@group-511431F77EF9-LeaderElection10] INFO  grpc.GrpcConfigKeys (ConfUtils.java:logGet(46)) - raft.grpc.server.install_snapshot.request.element-limit = 8 (default)
2024-01-30 07:45:13,433 [eae9be92-4231-488a-b42d-6128b74e9292@group-511431F77EF9-LeaderElection10] INFO  grpc.GrpcConfigKeys (ConfUtils.java:logGet(46)) - raft.grpc.server.install_snapshot.request.timeout = 3000ms (default)
2024-01-30 07:45:13,433 [eae9be92-4231-488a-b42d-6128b74e9292@group-511431F77EF9-LeaderElection10] INFO  grpc.GrpcConfigKeys (ConfUtils.java:logGet(46)) - raft.grpc.server.log-message.batch.duration = 5s (default)
2024-01-30 07:45:13,433 [eae9be92-4231-488a-b42d-6128b74e9292@group-511431F77EF9-LeaderElection10] INFO  server.RaftServerConfigKeys (ConfUtils.java:logGet(46)) - raft.server.log.appender.install.snapshot.enabled = false (custom)
2024-01-30 07:45:13,433 [eae9be92-4231-488a-b42d-6128b74e9292@group-511431F77EF9-LeaderElection10] INFO  grpc.GrpcConfigKeys (ConfUtils.java:logGet(46)) - raft.grpc.server.heartbeat.channel = true (default)
2024-01-30 07:45:13,433 [eae9be92-4231-488a-b42d-6128b74e9292@group-511431F77EF9-LeaderElection10] INFO  impl.RoleInfo (RoleInfo.java:updateAndGet(139)) - eae9be92-4231-488a-b42d-6128b74e9292: start eae9be92-4231-488a-b42d-6128b74e9292@group-511431F77EF9-LeaderStateImpl
2024-01-30 07:45:13,433 [eae9be92-4231-488a-b42d-6128b74e9292@group-511431F77EF9-LeaderElection10] INFO  server.RaftServer$Division (RaftServerImpl.java:setFirstElection(574)) - eae9be92-4231-488a-b42d-6128b74e9292@group-511431F77EF9: set firstElectionSinceStartup to false for becomeLeader
2024-01-30 07:45:13,433 [eae9be92-4231-488a-b42d-6128b74e9292@group-511431F77EF9-LeaderElection10] INFO  ratis.XceiverServerRatis (XceiverServerRatis.java:handleLeaderChangedNotification(966)) - Leader change notification received for group: group-511431F77EF9 with new leaderId: eae9be92-4231-488a-b42d-6128b74e9292
2024-01-30 07:45:13,434 [eae9be92-4231-488a-b42d-6128b74e9292@group-511431F77EF9-LeaderElection10] INFO  server.RaftServer$Division (ServerState.java:setLeader(269)) - eae9be92-4231-488a-b42d-6128b74e9292@group-511431F77EF9: change Leader from null to eae9be92-4231-488a-b42d-6128b74e9292 at term 1 for becomeLeader, leader elected after 5286ms
2024-01-30 07:45:13,435 [eae9be92-4231-488a-b42d-6128b74e9292@group-511431F77EF9-LeaderElection10] INFO  segmented.SegmentedRaftLogWorker (SegmentedRaftLogWorker.java:startLogSegment(430)) - eae9be92-4231-488a-b42d-6128b74e9292@group-511431F77EF9-SegmentedRaftLogWorker: Starting segment from index:0
2024-01-30 07:45:13,435 [eae9be92-4231-488a-b42d-6128b74e9292@group-511431F77EF9-SegmentedRaftLogWorker] INFO  segmented.BufferedWriteChannel (BufferedWriteChannel.java:open(62)) - open log_inprogress_0 at position 0
2024-01-30 07:45:13,436 [f4dc5428-8803-43b0-8e6b-8ffa99f16cef@group-C55566F64C03-FollowerState] INFO  impl.FollowerState (FollowerState.java:run(143)) - f4dc5428-8803-43b0-8e6b-8ffa99f16cef@group-C55566F64C03-FollowerState: change to CANDIDATE, lastRpcElapsedTime:5075247067ns, electionTimeout:5061ms
2024-01-30 07:45:13,436 [f4dc5428-8803-43b0-8e6b-8ffa99f16cef@group-C55566F64C03-FollowerState] INFO  impl.RoleInfo (RoleInfo.java:shutdownFollowerState(110)) - f4dc5428-8803-43b0-8e6b-8ffa99f16cef: shutdown f4dc5428-8803-43b0-8e6b-8ffa99f16cef@group-C55566F64C03-FollowerState
2024-01-30 07:45:13,436 [f4dc5428-8803-43b0-8e6b-8ffa99f16cef@group-C55566F64C03-FollowerState] INFO  server.RaftServer$Division (RaftServerImpl.java:setRole(383)) - f4dc5428-8803-43b0-8e6b-8ffa99f16cef@group-C55566F64C03: changes role from  FOLLOWER to CANDIDATE at term 0 for changeToCandidate
2024-01-30 07:45:13,436 [f4dc5428-8803-43b0-8e6b-8ffa99f16cef@group-C55566F64C03-FollowerState] INFO  server.RaftServerConfigKeys (ConfUtils.java:logGet(46)) - raft.server.leaderelection.pre-vote = true (default)
2024-01-30 07:45:13,436 [f4dc5428-8803-43b0-8e6b-8ffa99f16cef@group-C55566F64C03-FollowerState] INFO  impl.RoleInfo (RoleInfo.java:updateAndGet(139)) - f4dc5428-8803-43b0-8e6b-8ffa99f16cef: start f4dc5428-8803-43b0-8e6b-8ffa99f16cef@group-C55566F64C03-LeaderElection12
2024-01-30 07:45:13,439 [EventQueue-PipelineReportForPipelineReportHandler] INFO  pipeline.PipelineReportHandler (PipelineReportHandler.java:processPipelineReport(136)) - Opened pipeline PipelineID=1663c5bc-106b-4c60-8b40-511431f77ef9
2024-01-30 07:45:13,440 [eae9be92-4231-488a-b42d-6128b74e9292@group-511431F77EF9-LeaderElection10] INFO  server.RaftServer$Division (ServerState.java:setRaftConf(386)) - eae9be92-4231-488a-b42d-6128b74e9292@group-511431F77EF9: set configuration 0: peers:[eae9be92-4231-488a-b42d-6128b74e9292|10.1.0.48:15023, bf3622ab-3fe7-408a-b5e0-736b392a243c|10.1.0.48:15032, 68b35bab-6033-4329-aa6c-21b57b93715a|10.1.0.48:15014]|listeners:[], old=null
2024-01-30 07:45:13,445 [f4dc5428-8803-43b0-8e6b-8ffa99f16cef@group-C55566F64C03-LeaderElection12] INFO  impl.LeaderElection (LeaderElection.java:askForVotes(321)) - f4dc5428-8803-43b0-8e6b-8ffa99f16cef@group-C55566F64C03-LeaderElection12 PRE_VOTE round 0: submit vote requests at term 0 for -1: peers:[f4dc5428-8803-43b0-8e6b-8ffa99f16cef|10.1.0.48:15059]|listeners:[], old=null
2024-01-30 07:45:13,445 [f4dc5428-8803-43b0-8e6b-8ffa99f16cef@group-C55566F64C03-LeaderElection12] INFO  impl.LeaderElection (LeaderElection.java:askForVotes(323)) - f4dc5428-8803-43b0-8e6b-8ffa99f16cef@group-C55566F64C03-LeaderElection12 PRE_VOTE round 0: result PASSED (term=0)
2024-01-30 07:45:13,451 [bf3622ab-3fe7-408a-b5e0-736b392a243c-server-thread1] INFO  ratis.XceiverServerRatis (XceiverServerRatis.java:handleLeaderChangedNotification(966)) - Leader change notification received for group: group-511431F77EF9 with new leaderId: eae9be92-4231-488a-b42d-6128b74e9292
2024-01-30 07:45:13,451 [bf3622ab-3fe7-408a-b5e0-736b392a243c-server-thread1] INFO  server.RaftServer$Division (ServerState.java:setLeader(269)) - bf3622ab-3fe7-408a-b5e0-736b392a243c@group-511431F77EF9: change Leader from null to eae9be92-4231-488a-b42d-6128b74e9292 at term 1 for appendEntries, leader elected after 5299ms
2024-01-30 07:45:13,452 [bf3622ab-3fe7-408a-b5e0-736b392a243c-server-thread2] INFO  server.RaftServer$Division (ServerState.java:setRaftConf(386)) - bf3622ab-3fe7-408a-b5e0-736b392a243c@group-511431F77EF9: set configuration 0: peers:[eae9be92-4231-488a-b42d-6128b74e9292|10.1.0.48:15023, bf3622ab-3fe7-408a-b5e0-736b392a243c|10.1.0.48:15032, 68b35bab-6033-4329-aa6c-21b57b93715a|10.1.0.48:15014]|listeners:[], old=null
2024-01-30 07:45:13,452 [bf3622ab-3fe7-408a-b5e0-736b392a243c-server-thread2] INFO  segmented.SegmentedRaftLogWorker (SegmentedRaftLogWorker.java:startLogSegment(430)) - bf3622ab-3fe7-408a-b5e0-736b392a243c@group-511431F77EF9-SegmentedRaftLogWorker: Starting segment from index:0
2024-01-30 07:45:13,452 [f4dc5428-8803-43b0-8e6b-8ffa99f16cef@group-C55566F64C03-LeaderElection12] INFO  impl.LeaderElection (LeaderElection.java:askForVotes(321)) - f4dc5428-8803-43b0-8e6b-8ffa99f16cef@group-C55566F64C03-LeaderElection12 ELECTION round 0: submit vote requests at term 1 for -1: peers:[f4dc5428-8803-43b0-8e6b-8ffa99f16cef|10.1.0.48:15059]|listeners:[], old=null
2024-01-30 07:45:13,453 [f4dc5428-8803-43b0-8e6b-8ffa99f16cef@group-C55566F64C03-LeaderElection12] INFO  impl.LeaderElection (LeaderElection.java:askForVotes(323)) - f4dc5428-8803-43b0-8e6b-8ffa99f16cef@group-C55566F64C03-LeaderElection12 ELECTION round 0: result PASSED (term=1)
2024-01-30 07:45:13,453 [f4dc5428-8803-43b0-8e6b-8ffa99f16cef@group-C55566F64C03-LeaderElection12] INFO  impl.RoleInfo (RoleInfo.java:shutdownLeaderElection(130)) - f4dc5428-8803-43b0-8e6b-8ffa99f16cef: shutdown f4dc5428-8803-43b0-8e6b-8ffa99f16cef@group-C55566F64C03-LeaderElection12
2024-01-30 07:45:13,453 [f4dc5428-8803-43b0-8e6b-8ffa99f16cef@group-C55566F64C03-LeaderElection12] INFO  server.RaftServer$Division (RaftServerImpl.java:setRole(383)) - f4dc5428-8803-43b0-8e6b-8ffa99f16cef@group-C55566F64C03: changes role from CANDIDATE to LEADER at term 1 for changeToLeader
2024-01-30 07:45:13,453 [f4dc5428-8803-43b0-8e6b-8ffa99f16cef@group-C55566F64C03-LeaderElection12] INFO  server.RaftServerConfigKeys (ConfUtils.java:logGet(46)) - raft.server.staging.catchup.gap = 1000 (default)
2024-01-30 07:45:13,453 [bf3622ab-3fe7-408a-b5e0-736b392a243c@group-511431F77EF9-SegmentedRaftLogWorker] INFO  segmented.BufferedWriteChannel (BufferedWriteChannel.java:open(62)) - open log_inprogress_0 at position 0
2024-01-30 07:45:13,453 [f4dc5428-8803-43b0-8e6b-8ffa99f16cef@group-C55566F64C03-LeaderElection12] INFO  server.RaftServerConfigKeys (ConfUtils.java:logGet(46)) - raft.server.write.element-limit = 1024 (custom)
2024-01-30 07:45:13,453 [f4dc5428-8803-43b0-8e6b-8ffa99f16cef@group-C55566F64C03-LeaderElection12] INFO  server.RaftServerConfigKeys (ConfUtils.java:logGet(46)) - raft.server.write.byte-limit = 1024 M (=1073741824) (custom)
2024-01-30 07:45:13,453 [f4dc5428-8803-43b0-8e6b-8ffa99f16cef@group-C55566F64C03-LeaderElection12] INFO  server.RaftServerConfigKeys (ConfUtils.java:logGet(46)) - raft.server.watch.timeout = 180s (custom)
2024-01-30 07:45:13,453 [f4dc5428-8803-43b0-8e6b-8ffa99f16cef@group-C55566F64C03-LeaderElection12] INFO  server.RaftServerConfigKeys (ConfUtils.java:logGet(46)) - raft.server.watch.timeout.denomination = 1s (default)
2024-01-30 07:45:13,453 [f4dc5428-8803-43b0-8e6b-8ffa99f16cef@group-C55566F64C03-LeaderElection12] INFO  server.RaftServerConfigKeys (ConfUtils.java:logGet(46)) - raft.server.watch.element-limit = 65536 (default)
2024-01-30 07:45:13,454 [f4dc5428-8803-43b0-8e6b-8ffa99f16cef@group-C55566F64C03-LeaderElection12] INFO  server.RaftServerConfigKeys (ConfUtils.java:logGet(46)) - raft.server.read.leader.lease.enabled = false (default)
2024-01-30 07:45:13,454 [f4dc5428-8803-43b0-8e6b-8ffa99f16cef@group-C55566F64C03-LeaderElection12] INFO  server.RaftServerConfigKeys (ConfUtils.java:logGet(46)) - raft.server.read.leader.lease.timeout.ratio = 0.9 (default)
2024-01-30 07:45:13,454 [f4dc5428-8803-43b0-8e6b-8ffa99f16cef@group-C55566F64C03-LeaderElection12] INFO  server.RaftServerConfigKeys (ConfUtils.java:logGet(46)) - raft.server.rpc.timeout.min = 5s (custom)
2024-01-30 07:45:13,454 [f4dc5428-8803-43b0-8e6b-8ffa99f16cef@group-C55566F64C03-LeaderElection12] INFO  server.RaftServerConfigKeys (ConfUtils.java:logGet(46)) - raft.server.write.element-limit = 1024 (custom)
2024-01-30 07:45:13,454 [f4dc5428-8803-43b0-8e6b-8ffa99f16cef@group-C55566F64C03-LeaderElection12] INFO  server.RaftServerConfigKeys (ConfUtils.java:logGet(46)) - raft.server.write.follower.gap.ratio.max = -1.0 (default)
2024-01-30 07:45:13,454 [f4dc5428-8803-43b0-8e6b-8ffa99f16cef@group-C55566F64C03-LeaderElection12] INFO  impl.RoleInfo (RoleInfo.java:updateAndGet(139)) - f4dc5428-8803-43b0-8e6b-8ffa99f16cef: start f4dc5428-8803-43b0-8e6b-8ffa99f16cef@group-C55566F64C03-LeaderStateImpl
2024-01-30 07:45:13,454 [f4dc5428-8803-43b0-8e6b-8ffa99f16cef@group-C55566F64C03-LeaderElection12] INFO  server.RaftServer$Division (RaftServerImpl.java:setFirstElection(574)) - f4dc5428-8803-43b0-8e6b-8ffa99f16cef@group-C55566F64C03: set firstElectionSinceStartup to false for becomeLeader
2024-01-30 07:45:13,454 [f4dc5428-8803-43b0-8e6b-8ffa99f16cef@group-C55566F64C03-LeaderElection12] INFO  ratis.XceiverServerRatis (XceiverServerRatis.java:handleLeaderChangedNotification(966)) - Leader change notification received for group: group-C55566F64C03 with new leaderId: f4dc5428-8803-43b0-8e6b-8ffa99f16cef
2024-01-30 07:45:13,453 [eae9be92-4231-488a-b42d-6128b74e9292@group-511431F77EF9-SegmentedRaftLogWorker] INFO  segmented.SegmentedRaftLogWorker (SegmentedRaftLogWorker.java:execute(634)) - eae9be92-4231-488a-b42d-6128b74e9292@group-511431F77EF9-SegmentedRaftLogWorker: created new log segment /home/runner/work/ozone/ozone/hadoop-ozone/integration-test/target/test-dir/MiniOzoneClusterImpl-b74639a9-f624-491a-a51e-4d41e99a633c/datanode-1/data/ratis/1663c5bc-106b-4c60-8b40-511431f77ef9/current/log_inprogress_0
2024-01-30 07:45:13,454 [f4dc5428-8803-43b0-8e6b-8ffa99f16cef@group-C55566F64C03-LeaderElection12] INFO  server.RaftServer$Division (ServerState.java:setLeader(269)) - f4dc5428-8803-43b0-8e6b-8ffa99f16cef@group-C55566F64C03: change Leader from null to f4dc5428-8803-43b0-8e6b-8ffa99f16cef at term 1 for becomeLeader, leader elected after 5242ms
2024-01-30 07:45:13,454 [f4dc5428-8803-43b0-8e6b-8ffa99f16cef@group-C55566F64C03-LeaderElection12] INFO  segmented.SegmentedRaftLogWorker (SegmentedRaftLogWorker.java:startLogSegment(430)) - f4dc5428-8803-43b0-8e6b-8ffa99f16cef@group-C55566F64C03-SegmentedRaftLogWorker: Starting segment from index:0
2024-01-30 07:45:13,455 [f4dc5428-8803-43b0-8e6b-8ffa99f16cef@group-C55566F64C03-SegmentedRaftLogWorker] INFO  segmented.BufferedWriteChannel (BufferedWriteChannel.java:open(62)) - open log_inprogress_0 at position 0
2024-01-30 07:45:13,457 [f4dc5428-8803-43b0-8e6b-8ffa99f16cef@group-C55566F64C03-LeaderElection12] INFO  server.RaftServer$Division (ServerState.java:setRaftConf(386)) - f4dc5428-8803-43b0-8e6b-8ffa99f16cef@group-C55566F64C03: set configuration 0: peers:[f4dc5428-8803-43b0-8e6b-8ffa99f16cef|10.1.0.48:15059]|listeners:[], old=null
2024-01-30 07:45:13,458 [68b35bab-6033-4329-aa6c-21b57b93715a-server-thread1] INFO  ratis.XceiverServerRatis (XceiverServerRatis.java:handleLeaderChangedNotification(966)) - Leader change notification received for group: group-511431F77EF9 with new leaderId: eae9be92-4231-488a-b42d-6128b74e9292
2024-01-30 07:45:13,458 [68b35bab-6033-4329-aa6c-21b57b93715a-server-thread1] INFO  server.RaftServer$Division (ServerState.java:setLeader(269)) - 68b35bab-6033-4329-aa6c-21b57b93715a@group-511431F77EF9: change Leader from null to eae9be92-4231-488a-b42d-6128b74e9292 at term 1 for appendEntries, leader elected after 5304ms
2024-01-30 07:45:13,460 [68b35bab-6033-4329-aa6c-21b57b93715a-server-thread1] INFO  server.RaftServer$Division (ServerState.java:setRaftConf(386)) - 68b35bab-6033-4329-aa6c-21b57b93715a@group-511431F77EF9: set configuration 0: peers:[eae9be92-4231-488a-b42d-6128b74e9292|10.1.0.48:15023, bf3622ab-3fe7-408a-b5e0-736b392a243c|10.1.0.48:15032, 68b35bab-6033-4329-aa6c-21b57b93715a|10.1.0.48:15014]|listeners:[], old=null
2024-01-30 07:45:13,461 [68b35bab-6033-4329-aa6c-21b57b93715a-server-thread1] INFO  segmented.SegmentedRaftLogWorker (SegmentedRaftLogWorker.java:startLogSegment(430)) - 68b35bab-6033-4329-aa6c-21b57b93715a@group-511431F77EF9-SegmentedRaftLogWorker: Starting segment from index:0
2024-01-30 07:45:13,461 [68b35bab-6033-4329-aa6c-21b57b93715a@group-511431F77EF9-SegmentedRaftLogWorker] INFO  segmented.BufferedWriteChannel (BufferedWriteChannel.java:open(62)) - open log_inprogress_0 at position 0
2024-01-30 07:45:13,462 [6af36478-fafe-44e8-8f65-092a10613903@group-2B83B386884B-FollowerState] INFO  impl.FollowerState (FollowerState.java:run(143)) - 6af36478-fafe-44e8-8f65-092a10613903@group-2B83B386884B-FollowerState: change to CANDIDATE, lastRpcElapsedTime:5175928447ns, electionTimeout:5171ms
2024-01-30 07:45:13,462 [6af36478-fafe-44e8-8f65-092a10613903@group-2B83B386884B-FollowerState] INFO  impl.RoleInfo (RoleInfo.java:shutdownFollowerState(110)) - 6af36478-fafe-44e8-8f65-092a10613903: shutdown 6af36478-fafe-44e8-8f65-092a10613903@group-2B83B386884B-FollowerState
2024-01-30 07:45:13,463 [6af36478-fafe-44e8-8f65-092a10613903@group-2B83B386884B-FollowerState] INFO  server.RaftServer$Division (RaftServerImpl.java:setRole(383)) - 6af36478-fafe-44e8-8f65-092a10613903@group-2B83B386884B: changes role from  FOLLOWER to CANDIDATE at term 0 for changeToCandidate
2024-01-30 07:45:13,463 [6af36478-fafe-44e8-8f65-092a10613903@group-2B83B386884B-FollowerState] INFO  server.RaftServerConfigKeys (ConfUtils.java:logGet(46)) - raft.server.leaderelection.pre-vote = true (default)
2024-01-30 07:45:13,463 [6af36478-fafe-44e8-8f65-092a10613903@group-2B83B386884B-FollowerState] INFO  impl.RoleInfo (RoleInfo.java:updateAndGet(139)) - 6af36478-fafe-44e8-8f65-092a10613903: start 6af36478-fafe-44e8-8f65-092a10613903@group-2B83B386884B-LeaderElection13
2024-01-30 07:45:13,465 [f4dc5428-8803-43b0-8e6b-8ffa99f16cef@group-C55566F64C03-SegmentedRaftLogWorker] INFO  segmented.SegmentedRaftLogWorker (SegmentedRaftLogWorker.java:execute(634)) - f4dc5428-8803-43b0-8e6b-8ffa99f16cef@group-C55566F64C03-SegmentedRaftLogWorker: created new log segment /home/runner/work/ozone/ozone/hadoop-ozone/integration-test/target/test-dir/MiniOzoneClusterImpl-b74639a9-f624-491a-a51e-4d41e99a633c/datanode-5/data/ratis/757bbc48-4709-4d49-959e-c55566f64c03/current/log_inprogress_0
2024-01-30 07:45:13,466 [bf3622ab-3fe7-408a-b5e0-736b392a243c@group-511431F77EF9-SegmentedRaftLogWorker] INFO  segmented.SegmentedRaftLogWorker (SegmentedRaftLogWorker.java:execute(634)) - bf3622ab-3fe7-408a-b5e0-736b392a243c@group-511431F77EF9-SegmentedRaftLogWorker: created new log segment /home/runner/work/ozone/ozone/hadoop-ozone/integration-test/target/test-dir/MiniOzoneClusterImpl-b74639a9-f624-491a-a51e-4d41e99a633c/datanode-2/data/ratis/1663c5bc-106b-4c60-8b40-511431f77ef9/current/log_inprogress_0
2024-01-30 07:45:13,466 [f4dc5428-8803-43b0-8e6b-8ffa99f16cef@group-C55566F64C03-StateMachineUpdater] INFO  server.RaftServer$Division (LeaderStateImpl.java:isApplied(320)) - leader is ready since appliedIndex == 0 >= startIndex == 0
2024-01-30 07:45:13,468 [6af36478-fafe-44e8-8f65-092a10613903@group-2B83B386884B-LeaderElection13] INFO  impl.LeaderElection (LeaderElection.java:askForVotes(321)) - 6af36478-fafe-44e8-8f65-092a10613903@group-2B83B386884B-LeaderElection13 PRE_VOTE round 0: submit vote requests at term 0 for -1: peers:[6af36478-fafe-44e8-8f65-092a10613903|10.1.0.48:15050]|listeners:[], old=null
2024-01-30 07:45:13,468 [6af36478-fafe-44e8-8f65-092a10613903@group-2B83B386884B-LeaderElection13] INFO  impl.LeaderElection (LeaderElection.java:askForVotes(323)) - 6af36478-fafe-44e8-8f65-092a10613903@group-2B83B386884B-LeaderElection13 PRE_VOTE round 0: result PASSED (term=0)
2024-01-30 07:45:13,473 [eae9be92-4231-488a-b42d-6128b74e9292@group-511431F77EF9-StateMachineUpdater] INFO  server.RaftServer$Division (LeaderStateImpl.java:isApplied(320)) - leader is ready since appliedIndex == 0 >= startIndex == 0
2024-01-30 07:45:13,473 [68b35bab-6033-4329-aa6c-21b57b93715a@group-511431F77EF9-SegmentedRaftLogWorker] INFO  segmented.SegmentedRaftLogWorker (SegmentedRaftLogWorker.java:execute(634)) - 68b35bab-6033-4329-aa6c-21b57b93715a@group-511431F77EF9-SegmentedRaftLogWorker: created new log segment /home/runner/work/ozone/ozone/hadoop-ozone/integration-test/target/test-dir/MiniOzoneClusterImpl-b74639a9-f624-491a-a51e-4d41e99a633c/datanode-0/data/ratis/1663c5bc-106b-4c60-8b40-511431f77ef9/current/log_inprogress_0
2024-01-30 07:45:13,474 [6af36478-fafe-44e8-8f65-092a10613903@group-2B83B386884B-LeaderElection13] INFO  impl.LeaderElection (LeaderElection.java:askForVotes(321)) - 6af36478-fafe-44e8-8f65-092a10613903@group-2B83B386884B-LeaderElection13 ELECTION round 0: submit vote requests at term 1 for -1: peers:[6af36478-fafe-44e8-8f65-092a10613903|10.1.0.48:15050]|listeners:[], old=null
2024-01-30 07:45:13,474 [6af36478-fafe-44e8-8f65-092a10613903@group-2B83B386884B-LeaderElection13] INFO  impl.LeaderElection (LeaderElection.java:askForVotes(323)) - 6af36478-fafe-44e8-8f65-092a10613903@group-2B83B386884B-LeaderElection13 ELECTION round 0: result PASSED (term=1)
2024-01-30 07:45:13,474 [6af36478-fafe-44e8-8f65-092a10613903@group-2B83B386884B-LeaderElection13] INFO  impl.RoleInfo (RoleInfo.java:shutdownLeaderElection(130)) - 6af36478-fafe-44e8-8f65-092a10613903: shutdown 6af36478-fafe-44e8-8f65-092a10613903@group-2B83B386884B-LeaderElection13
2024-01-30 07:45:13,474 [6af36478-fafe-44e8-8f65-092a10613903@group-2B83B386884B-LeaderElection13] INFO  server.RaftServer$Division (RaftServerImpl.java:setRole(383)) - 6af36478-fafe-44e8-8f65-092a10613903@group-2B83B386884B: changes role from CANDIDATE to LEADER at term 1 for changeToLeader
2024-01-30 07:45:13,474 [6af36478-fafe-44e8-8f65-092a10613903@group-2B83B386884B-LeaderElection13] INFO  server.RaftServerConfigKeys (ConfUtils.java:logGet(46)) - raft.server.staging.catchup.gap = 1000 (default)
2024-01-30 07:45:13,474 [6af36478-fafe-44e8-8f65-092a10613903@group-2B83B386884B-LeaderElection13] INFO  server.RaftServerConfigKeys (ConfUtils.java:logGet(46)) - raft.server.write.element-limit = 1024 (custom)
2024-01-30 07:45:13,474 [6af36478-fafe-44e8-8f65-092a10613903@group-2B83B386884B-LeaderElection13] INFO  server.RaftServerConfigKeys (ConfUtils.java:logGet(46)) - raft.server.write.byte-limit = 1024 M (=1073741824) (custom)
2024-01-30 07:45:13,475 [6af36478-fafe-44e8-8f65-092a10613903@group-2B83B386884B-LeaderElection13] INFO  server.RaftServerConfigKeys (ConfUtils.java:logGet(46)) - raft.server.watch.timeout = 180s (custom)
2024-01-30 07:45:13,475 [6af36478-fafe-44e8-8f65-092a10613903@group-2B83B386884B-LeaderElection13] INFO  server.RaftServerConfigKeys (ConfUtils.java:logGet(46)) - raft.server.watch.timeout.denomination = 1s (default)
2024-01-30 07:45:13,475 [6af36478-fafe-44e8-8f65-092a10613903@group-2B83B386884B-LeaderElection13] INFO  server.RaftServerConfigKeys (ConfUtils.java:logGet(46)) - raft.server.watch.element-limit = 65536 (default)
2024-01-30 07:45:13,475 [6af36478-fafe-44e8-8f65-092a10613903@group-2B83B386884B-LeaderElection13] INFO  server.RaftServerConfigKeys (ConfUtils.java:logGet(46)) - raft.server.read.leader.lease.enabled = false (default)
2024-01-30 07:45:13,475 [6af36478-fafe-44e8-8f65-092a10613903@group-2B83B386884B-LeaderElection13] INFO  server.RaftServerConfigKeys (ConfUtils.java:logGet(46)) - raft.server.read.leader.lease.timeout.ratio = 0.9 (default)
2024-01-30 07:45:13,475 [6af36478-fafe-44e8-8f65-092a10613903@group-2B83B386884B-LeaderElection13] INFO  server.RaftServerConfigKeys (ConfUtils.java:logGet(46)) - raft.server.rpc.timeout.min = 5s (custom)
2024-01-30 07:45:13,475 [6af36478-fafe-44e8-8f65-092a10613903@group-2B83B386884B-LeaderElection13] INFO  server.RaftServerConfigKeys (ConfUtils.java:logGet(46)) - raft.server.write.element-limit = 1024 (custom)
2024-01-30 07:45:13,475 [6af36478-fafe-44e8-8f65-092a10613903@group-2B83B386884B-LeaderElection13] INFO  server.RaftServerConfigKeys (ConfUtils.java:logGet(46)) - raft.server.write.follower.gap.ratio.max = -1.0 (default)
2024-01-30 07:45:13,477 [6af36478-fafe-44e8-8f65-092a10613903@group-2B83B386884B-LeaderElection13] INFO  impl.RoleInfo (RoleInfo.java:updateAndGet(139)) - 6af36478-fafe-44e8-8f65-092a10613903: start 6af36478-fafe-44e8-8f65-092a10613903@group-2B83B386884B-LeaderStateImpl
2024-01-30 07:45:13,477 [6af36478-fafe-44e8-8f65-092a10613903@group-2B83B386884B-LeaderElection13] INFO  server.RaftServer$Division (RaftServerImpl.java:setFirstElection(574)) - 6af36478-fafe-44e8-8f65-092a10613903@group-2B83B386884B: set firstElectionSinceStartup to false for becomeLeader
2024-01-30 07:45:13,477 [6af36478-fafe-44e8-8f65-092a10613903@group-2B83B386884B-LeaderElection13] INFO  ratis.XceiverServerRatis (XceiverServerRatis.java:handleLeaderChangedNotification(966)) - Leader change notification received for group: group-2B83B386884B with new leaderId: 6af36478-fafe-44e8-8f65-092a10613903
2024-01-30 07:45:13,477 [6af36478-fafe-44e8-8f65-092a10613903@group-2B83B386884B-LeaderElection13] INFO  server.RaftServer$Division (ServerState.java:setLeader(269)) - 6af36478-fafe-44e8-8f65-092a10613903@group-2B83B386884B: change Leader from null to 6af36478-fafe-44e8-8f65-092a10613903 at term 1 for becomeLeader, leader elected after 5306ms
2024-01-30 07:45:13,477 [6af36478-fafe-44e8-8f65-092a10613903@group-2B83B386884B-LeaderElection13] INFO  segmented.SegmentedRaftLogWorker (SegmentedRaftLogWorker.java:startLogSegment(430)) - 6af36478-fafe-44e8-8f65-092a10613903@group-2B83B386884B-SegmentedRaftLogWorker: Starting segment from index:0
2024-01-30 07:45:13,481 [6af36478-fafe-44e8-8f65-092a10613903@group-2B83B386884B-LeaderElection13] INFO  server.RaftServer$Division (ServerState.java:setRaftConf(386)) - 6af36478-fafe-44e8-8f65-092a10613903@group-2B83B386884B: set configuration 0: peers:[6af36478-fafe-44e8-8f65-092a10613903|10.1.0.48:15050]|listeners:[], old=null
2024-01-30 07:45:13,483 [6af36478-fafe-44e8-8f65-092a10613903@group-2B83B386884B-SegmentedRaftLogWorker] INFO  segmented.BufferedWriteChannel (BufferedWriteChannel.java:open(62)) - open log_inprogress_0 at position 0
2024-01-30 07:45:13,491 [6af36478-fafe-44e8-8f65-092a10613903@group-2B83B386884B-SegmentedRaftLogWorker] INFO  segmented.SegmentedRaftLogWorker (SegmentedRaftLogWorker.java:execute(634)) - 6af36478-fafe-44e8-8f65-092a10613903@group-2B83B386884B-SegmentedRaftLogWorker: created new log segment /home/runner/work/ozone/ozone/hadoop-ozone/integration-test/target/test-dir/MiniOzoneClusterImpl-b74639a9-f624-491a-a51e-4d41e99a633c/datanode-4/data/ratis/c049b9fe-84eb-4f8c-bf6c-2b83b386884b/current/log_inprogress_0
2024-01-30 07:45:13,493 [6af36478-fafe-44e8-8f65-092a10613903@group-2B83B386884B-StateMachineUpdater] INFO  server.RaftServer$Division (LeaderStateImpl.java:isApplied(320)) - leader is ready since appliedIndex == 0 >= startIndex == 0
2024-01-30 07:45:13,510 [55f20ed8-ad05-4879-9178-788b5883eeb3@group-81CA7C03A8D2-FollowerState] INFO  impl.FollowerState (FollowerState.java:run(143)) - 55f20ed8-ad05-4879-9178-788b5883eeb3@group-81CA7C03A8D2-FollowerState: change to CANDIDATE, lastRpcElapsedTime:5047401928ns, electionTimeout:5041ms
2024-01-30 07:45:13,510 [55f20ed8-ad05-4879-9178-788b5883eeb3@group-81CA7C03A8D2-FollowerState] INFO  impl.RoleInfo (RoleInfo.java:shutdownFollowerState(110)) - 55f20ed8-ad05-4879-9178-788b5883eeb3: shutdown 55f20ed8-ad05-4879-9178-788b5883eeb3@group-81CA7C03A8D2-FollowerState
2024-01-30 07:45:13,510 [55f20ed8-ad05-4879-9178-788b5883eeb3@group-81CA7C03A8D2-FollowerState] INFO  server.RaftServer$Division (RaftServerImpl.java:setRole(383)) - 55f20ed8-ad05-4879-9178-788b5883eeb3@group-81CA7C03A8D2: changes role from  FOLLOWER to CANDIDATE at term 0 for changeToCandidate
2024-01-30 07:45:13,510 [55f20ed8-ad05-4879-9178-788b5883eeb3@group-81CA7C03A8D2-FollowerState] INFO  server.RaftServerConfigKeys (ConfUtils.java:logGet(46)) - raft.server.leaderelection.pre-vote = true (default)
2024-01-30 07:45:13,510 [55f20ed8-ad05-4879-9178-788b5883eeb3@group-81CA7C03A8D2-FollowerState] INFO  impl.RoleInfo (RoleInfo.java:updateAndGet(139)) - 55f20ed8-ad05-4879-9178-788b5883eeb3: start 55f20ed8-ad05-4879-9178-788b5883eeb3@group-81CA7C03A8D2-LeaderElection14
2024-01-30 07:45:13,513 [55f20ed8-ad05-4879-9178-788b5883eeb3@group-81CA7C03A8D2-LeaderElection14] INFO  impl.LeaderElection (LeaderElection.java:askForVotes(321)) - 55f20ed8-ad05-4879-9178-788b5883eeb3@group-81CA7C03A8D2-LeaderElection14 PRE_VOTE round 0: submit vote requests at term 0 for -1: peers:[f4dc5428-8803-43b0-8e6b-8ffa99f16cef|10.1.0.48:15059, 55f20ed8-ad05-4879-9178-788b5883eeb3|10.1.0.48:15041, 6af36478-fafe-44e8-8f65-092a10613903|10.1.0.48:15050]|listeners:[], old=null
2024-01-30 07:45:13,514 [55f20ed8-ad05-4879-9178-788b5883eeb3@group-81CA7C03A8D2-LeaderElection14] INFO  server.RaftServerConfigKeys (ConfUtils.java:logFallback(53)) - raft.server.rpc.first-election.timeout.min = 5s (fallback to raft.server.rpc.timeout.min)
2024-01-30 07:45:13,514 [55f20ed8-ad05-4879-9178-788b5883eeb3@group-81CA7C03A8D2-LeaderElection14] INFO  server.RaftServerConfigKeys (ConfUtils.java:logFallback(53)) - raft.server.rpc.first-election.timeout.max = 5200ms (fallback to raft.server.rpc.timeout.max)
2024-01-30 07:45:13,517 [grpc-default-executor-1] INFO  server.RaftServer$Division (RaftServerImpl.java:requestVote(1389)) - f4dc5428-8803-43b0-8e6b-8ffa99f16cef@group-81CA7C03A8D2: receive requestVote(PRE_VOTE, 55f20ed8-ad05-4879-9178-788b5883eeb3, group-81CA7C03A8D2, 0, (t:0, i:0))
2024-01-30 07:45:13,517 [grpc-default-executor-1] INFO  impl.VoteContext (VoteContext.java:log(49)) - f4dc5428-8803-43b0-8e6b-8ffa99f16cef@group-81CA7C03A8D2-FOLLOWER: accept PRE_VOTE from 55f20ed8-ad05-4879-9178-788b5883eeb3: our priority 0 <= candidate's priority 1
2024-01-30 07:45:13,517 [grpc-default-executor-1] INFO  server.RaftServer$Division (RaftServerImpl.java:requestVote(1422)) - f4dc5428-8803-43b0-8e6b-8ffa99f16cef@group-81CA7C03A8D2 replies to PRE_VOTE vote request: 55f20ed8-ad05-4879-9178-788b5883eeb3<-f4dc5428-8803-43b0-8e6b-8ffa99f16cef#0:OK-t0. Peer's state: f4dc5428-8803-43b0-8e6b-8ffa99f16cef@group-81CA7C03A8D2:t0, leader=null, voted=, raftlog=Memoized:f4dc5428-8803-43b0-8e6b-8ffa99f16cef@group-81CA7C03A8D2-SegmentedRaftLog:OPENED:c-1, conf=-1: peers:[f4dc5428-8803-43b0-8e6b-8ffa99f16cef|10.1.0.48:15059, 55f20ed8-ad05-4879-9178-788b5883eeb3|10.1.0.48:15041, 6af36478-fafe-44e8-8f65-092a10613903|10.1.0.48:15050]|listeners:[], old=null
2024-01-30 07:45:13,517 [grpc-default-executor-3] INFO  server.RaftServer$Division (RaftServerImpl.java:requestVote(1389)) - 6af36478-fafe-44e8-8f65-092a10613903@group-81CA7C03A8D2: receive requestVote(PRE_VOTE, 55f20ed8-ad05-4879-9178-788b5883eeb3, group-81CA7C03A8D2, 0, (t:0, i:0))
2024-01-30 07:45:13,517 [grpc-default-executor-3] INFO  impl.VoteContext (VoteContext.java:log(49)) - 6af36478-fafe-44e8-8f65-092a10613903@group-81CA7C03A8D2-FOLLOWER: accept PRE_VOTE from 55f20ed8-ad05-4879-9178-788b5883eeb3: our priority 0 <= candidate's priority 1
2024-01-30 07:45:13,517 [grpc-default-executor-3] INFO  server.RaftServer$Division (RaftServerImpl.java:requestVote(1422)) - 6af36478-fafe-44e8-8f65-092a10613903@group-81CA7C03A8D2 replies to PRE_VOTE vote request: 55f20ed8-ad05-4879-9178-788b5883eeb3<-6af36478-fafe-44e8-8f65-092a10613903#0:OK-t0. Peer's state: 6af36478-fafe-44e8-8f65-092a10613903@group-81CA7C03A8D2:t0, leader=null, voted=, raftlog=Memoized:6af36478-fafe-44e8-8f65-092a10613903@group-81CA7C03A8D2-SegmentedRaftLog:OPENED:c-1, conf=-1: peers:[f4dc5428-8803-43b0-8e6b-8ffa99f16cef|10.1.0.48:15059, 55f20ed8-ad05-4879-9178-788b5883eeb3|10.1.0.48:15041, 6af36478-fafe-44e8-8f65-092a10613903|10.1.0.48:15050]|listeners:[], old=null
2024-01-30 07:45:13,518 [55f20ed8-ad05-4879-9178-788b5883eeb3@group-81CA7C03A8D2-LeaderElection14] INFO  impl.LeaderElection (LeaderElection.java:logAndReturn(89)) - 55f20ed8-ad05-4879-9178-788b5883eeb3@group-81CA7C03A8D2-LeaderElection14: PRE_VOTE PASSED received 1 response(s) and 0 exception(s):
2024-01-30 07:45:13,518 [55f20ed8-ad05-4879-9178-788b5883eeb3@group-81CA7C03A8D2-LeaderElection14] INFO  impl.LeaderElection (LeaderElection.java:logAndReturn(93)) -   Response 0: 55f20ed8-ad05-4879-9178-788b5883eeb3<-6af36478-fafe-44e8-8f65-092a10613903#0:OK-t0
2024-01-30 07:45:13,518 [55f20ed8-ad05-4879-9178-788b5883eeb3@group-81CA7C03A8D2-LeaderElection14] INFO  impl.LeaderElection (LeaderElection.java:askForVotes(323)) - 55f20ed8-ad05-4879-9178-788b5883eeb3@group-81CA7C03A8D2-LeaderElection14 PRE_VOTE round 0: result PASSED
2024-01-30 07:45:13,520 [55f20ed8-ad05-4879-9178-788b5883eeb3@group-81CA7C03A8D2-LeaderElection14] INFO  impl.LeaderElection (LeaderElection.java:askForVotes(321)) - 55f20ed8-ad05-4879-9178-788b5883eeb3@group-81CA7C03A8D2-LeaderElection14 ELECTION round 0: submit vote requests at term 1 for -1: peers:[f4dc5428-8803-43b0-8e6b-8ffa99f16cef|10.1.0.48:15059, 55f20ed8-ad05-4879-9178-788b5883eeb3|10.1.0.48:15041, 6af36478-fafe-44e8-8f65-092a10613903|10.1.0.48:15050]|listeners:[], old=null
2024-01-30 07:45:13,520 [55f20ed8-ad05-4879-9178-788b5883eeb3@group-81CA7C03A8D2-LeaderElection14] INFO  server.RaftServerConfigKeys (ConfUtils.java:logFallback(53)) - raft.server.rpc.first-election.timeout.min = 5s (fallback to raft.server.rpc.timeout.min)
2024-01-30 07:45:13,520 [55f20ed8-ad05-4879-9178-788b5883eeb3@group-81CA7C03A8D2-LeaderElection14] INFO  server.RaftServerConfigKeys (ConfUtils.java:logFallback(53)) - raft.server.rpc.first-election.timeout.max = 5200ms (fallback to raft.server.rpc.timeout.max)
2024-01-30 07:45:13,524 [grpc-default-executor-3] INFO  server.RaftServer$Division (RaftServerImpl.java:requestVote(1389)) - 6af36478-fafe-44e8-8f65-092a10613903@group-81CA7C03A8D2: receive requestVote(ELECTION, 55f20ed8-ad05-4879-9178-788b5883eeb3, group-81CA7C03A8D2, 1, (t:0, i:0))
2024-01-30 07:45:13,524 [grpc-default-executor-1] INFO  server.RaftServer$Division (RaftServerImpl.java:requestVote(1389)) - f4dc5428-8803-43b0-8e6b-8ffa99f16cef@group-81CA7C03A8D2: receive requestVote(ELECTION, 55f20ed8-ad05-4879-9178-788b5883eeb3, group-81CA7C03A8D2, 1, (t:0, i:0))
2024-01-30 07:45:13,525 [grpc-default-executor-3] INFO  impl.VoteContext (VoteContext.java:log(49)) - 6af36478-fafe-44e8-8f65-092a10613903@group-81CA7C03A8D2-FOLLOWER: accept ELECTION from 55f20ed8-ad05-4879-9178-788b5883eeb3: our priority 0 <= candidate's priority 1
2024-01-30 07:45:13,525 [grpc-default-executor-1] INFO  impl.VoteContext (VoteContext.java:log(49)) - f4dc5428-8803-43b0-8e6b-8ffa99f16cef@group-81CA7C03A8D2-FOLLOWER: accept ELECTION from 55f20ed8-ad05-4879-9178-788b5883eeb3: our priority 0 <= candidate's priority 1
2024-01-30 07:45:13,525 [grpc-default-executor-1] INFO  server.RaftServer$Division (RaftServerImpl.java:setRole(383)) - f4dc5428-8803-43b0-8e6b-8ffa99f16cef@group-81CA7C03A8D2: changes role from  FOLLOWER to FOLLOWER at term 1 for candidate:55f20ed8-ad05-4879-9178-788b5883eeb3
2024-01-30 07:45:13,525 [grpc-default-executor-1] INFO  impl.RoleInfo (RoleInfo.java:shutdownFollowerState(110)) - f4dc5428-8803-43b0-8e6b-8ffa99f16cef: shutdown f4dc5428-8803-43b0-8e6b-8ffa99f16cef@group-81CA7C03A8D2-FollowerState
2024-01-30 07:45:13,525 [grpc-default-executor-1] INFO  impl.RoleInfo (RoleInfo.java:updateAndGet(139)) - f4dc5428-8803-43b0-8e6b-8ffa99f16cef: start f4dc5428-8803-43b0-8e6b-8ffa99f16cef@group-81CA7C03A8D2-FollowerState
2024-01-30 07:45:13,525 [f4dc5428-8803-43b0-8e6b-8ffa99f16cef@group-81CA7C03A8D2-FollowerState] INFO  impl.FollowerState (FollowerState.java:run(152)) - f4dc5428-8803-43b0-8e6b-8ffa99f16cef@group-81CA7C03A8D2-FollowerState was interrupted
2024-01-30 07:45:13,525 [grpc-default-executor-3] INFO  server.RaftServer$Division (RaftServerImpl.java:setRole(383)) - 6af36478-fafe-44e8-8f65-092a10613903@group-81CA7C03A8D2: changes role from  FOLLOWER to FOLLOWER at term 1 for candidate:55f20ed8-ad05-4879-9178-788b5883eeb3
2024-01-30 07:45:13,525 [grpc-default-executor-3] INFO  impl.RoleInfo (RoleInfo.java:shutdownFollowerState(110)) - 6af36478-fafe-44e8-8f65-092a10613903: shutdown 6af36478-fafe-44e8-8f65-092a10613903@group-81CA7C03A8D2-FollowerState
2024-01-30 07:45:13,526 [grpc-default-executor-1] INFO  server.RaftServer$Division (RaftServerImpl.java:setFirstElection(574)) - f4dc5428-8803-43b0-8e6b-8ffa99f16cef@group-81CA7C03A8D2: set firstElectionSinceStartup to false for candidate:55f20ed8-ad05-4879-9178-788b5883eeb3
2024-01-30 07:45:13,526 [grpc-default-executor-3] INFO  impl.RoleInfo (RoleInfo.java:updateAndGet(139)) - 6af36478-fafe-44e8-8f65-092a10613903: start 6af36478-fafe-44e8-8f65-092a10613903@group-81CA7C03A8D2-FollowerState
2024-01-30 07:45:13,526 [6af36478-fafe-44e8-8f65-092a10613903@group-81CA7C03A8D2-FollowerState] INFO  impl.FollowerState (FollowerState.java:run(152)) - 6af36478-fafe-44e8-8f65-092a10613903@group-81CA7C03A8D2-FollowerState was interrupted
2024-01-30 07:45:13,527 [grpc-default-executor-1] INFO  server.RaftServer$Division (RaftServerImpl.java:requestVote(1422)) - f4dc5428-8803-43b0-8e6b-8ffa99f16cef@group-81CA7C03A8D2 replies to ELECTION vote request: 55f20ed8-ad05-4879-9178-788b5883eeb3<-f4dc5428-8803-43b0-8e6b-8ffa99f16cef#0:OK-t1. Peer's state: f4dc5428-8803-43b0-8e6b-8ffa99f16cef@group-81CA7C03A8D2:t1, leader=null, voted=55f20ed8-ad05-4879-9178-788b5883eeb3, raftlog=Memoized:f4dc5428-8803-43b0-8e6b-8ffa99f16cef@group-81CA7C03A8D2-SegmentedRaftLog:OPENED:c-1, conf=-1: peers:[f4dc5428-8803-43b0-8e6b-8ffa99f16cef|10.1.0.48:15059, 55f20ed8-ad05-4879-9178-788b5883eeb3|10.1.0.48:15041, 6af36478-fafe-44e8-8f65-092a10613903|10.1.0.48:15050]|listeners:[], old=null
2024-01-30 07:45:13,528 [grpc-default-executor-3] INFO  server.RaftServer$Division (RaftServerImpl.java:requestVote(1422)) - 6af36478-fafe-44e8-8f65-092a10613903@group-81CA7C03A8D2 replies to ELECTION vote request: 55f20ed8-ad05-4879-9178-788b5883eeb3<-6af36478-fafe-44e8-8f65-092a10613903#0:OK-t1. Peer's state: 6af36478-fafe-44e8-8f65-092a10613903@group-81CA7C03A8D2:t1, leader=null, voted=55f20ed8-ad05-4879-9178-788b5883eeb3, raftlog=Memoized:6af36478-fafe-44e8-8f65-092a10613903@group-81CA7C03A8D2-SegmentedRaftLog:OPENED:c-1, conf=-1: peers:[f4dc5428-8803-43b0-8e6b-8ffa99f16cef|10.1.0.48:15059, 55f20ed8-ad05-4879-9178-788b5883eeb3|10.1.0.48:15041, 6af36478-fafe-44e8-8f65-092a10613903|10.1.0.48:15050]|listeners:[], old=null
2024-01-30 07:45:13,529 [55f20ed8-ad05-4879-9178-788b5883eeb3@group-81CA7C03A8D2-LeaderElection14] INFO  impl.LeaderElection (LeaderElection.java:logAndReturn(89)) - 55f20ed8-ad05-4879-9178-788b5883eeb3@group-81CA7C03A8D2-LeaderElection14: ELECTION PASSED received 1 response(s) and 0 exception(s):
2024-01-30 07:45:13,529 [55f20ed8-ad05-4879-9178-788b5883eeb3@group-81CA7C03A8D2-LeaderElection14] INFO  impl.LeaderElection (LeaderElection.java:logAndReturn(93)) -   Response 0: 55f20ed8-ad05-4879-9178-788b5883eeb3<-6af36478-fafe-44e8-8f65-092a10613903#0:OK-t1
2024-01-30 07:45:13,529 [55f20ed8-ad05-4879-9178-788b5883eeb3@group-81CA7C03A8D2-LeaderElection14] INFO  impl.LeaderElection (LeaderElection.java:askForVotes(323)) - 55f20ed8-ad05-4879-9178-788b5883eeb3@group-81CA7C03A8D2-LeaderElection14 ELECTION round 0: result PASSED
2024-01-30 07:45:13,529 [55f20ed8-ad05-4879-9178-788b5883eeb3@group-81CA7C03A8D2-LeaderElection14] INFO  impl.RoleInfo (RoleInfo.java:shutdownLeaderElection(130)) - 55f20ed8-ad05-4879-9178-788b5883eeb3: shutdown 55f20ed8-ad05-4879-9178-788b5883eeb3@group-81CA7C03A8D2-LeaderElection14
2024-01-30 07:45:13,529 [55f20ed8-ad05-4879-9178-788b5883eeb3@group-81CA7C03A8D2-LeaderElection14] INFO  server.RaftServer$Division (RaftServerImpl.java:setRole(383)) - 55f20ed8-ad05-4879-9178-788b5883eeb3@group-81CA7C03A8D2: changes role from CANDIDATE to LEADER at term 1 for changeToLeader
2024-01-30 07:45:13,530 [55f20ed8-ad05-4879-9178-788b5883eeb3@group-81CA7C03A8D2-LeaderElection14] INFO  server.RaftServerConfigKeys (ConfUtils.java:logGet(46)) - raft.server.staging.catchup.gap = 1000 (default)
2024-01-30 07:45:13,530 [55f20ed8-ad05-4879-9178-788b5883eeb3@group-81CA7C03A8D2-LeaderElection14] INFO  server.RaftServerConfigKeys (ConfUtils.java:logGet(46)) - raft.server.write.element-limit = 1024 (custom)
2024-01-30 07:45:13,530 [55f20ed8-ad05-4879-9178-788b5883eeb3@group-81CA7C03A8D2-LeaderElection14] INFO  server.RaftServerConfigKeys (ConfUtils.java:logGet(46)) - raft.server.write.byte-limit = 1024 M (=1073741824) (custom)
2024-01-30 07:45:13,530 [55f20ed8-ad05-4879-9178-788b5883eeb3@group-81CA7C03A8D2-LeaderElection14] INFO  server.RaftServerConfigKeys (ConfUtils.java:logGet(46)) - raft.server.watch.timeout = 180s (custom)
2024-01-30 07:45:13,530 [55f20ed8-ad05-4879-9178-788b5883eeb3@group-81CA7C03A8D2-LeaderElection14] INFO  server.RaftServerConfigKeys (ConfUtils.java:logGet(46)) - raft.server.watch.timeout.denomination = 1s (default)
2024-01-30 07:45:13,530 [55f20ed8-ad05-4879-9178-788b5883eeb3@group-81CA7C03A8D2-LeaderElection14] INFO  server.RaftServerConfigKeys (ConfUtils.java:logGet(46)) - raft.server.watch.element-limit = 65536 (default)
2024-01-30 07:45:13,531 [55f20ed8-ad05-4879-9178-788b5883eeb3@group-81CA7C03A8D2-LeaderElection14] INFO  server.RaftServerConfigKeys (ConfUtils.java:logGet(46)) - raft.server.read.leader.lease.enabled = false (default)
2024-01-30 07:45:13,531 [55f20ed8-ad05-4879-9178-788b5883eeb3@group-81CA7C03A8D2-LeaderElection14] INFO  server.RaftServerConfigKeys (ConfUtils.java:logGet(46)) - raft.server.read.leader.lease.timeout.ratio = 0.9 (default)
2024-01-30 07:45:13,531 [55f20ed8-ad05-4879-9178-788b5883eeb3@group-81CA7C03A8D2-LeaderElection14] INFO  server.RaftServerConfigKeys (ConfUtils.java:logGet(46)) - raft.server.rpc.timeout.min = 5s (custom)
2024-01-30 07:45:13,531 [55f20ed8-ad05-4879-9178-788b5883eeb3@group-81CA7C03A8D2-LeaderElection14] INFO  server.RaftServerConfigKeys (ConfUtils.java:logGet(46)) - raft.server.write.element-limit = 1024 (custom)
2024-01-30 07:45:13,531 [55f20ed8-ad05-4879-9178-788b5883eeb3@group-81CA7C03A8D2-LeaderElection14] INFO  server.RaftServerConfigKeys (ConfUtils.java:logGet(46)) - raft.server.write.follower.gap.ratio.max = -1.0 (default)
2024-01-30 07:45:13,532 [55f20ed8-ad05-4879-9178-788b5883eeb3@group-81CA7C03A8D2-LeaderElection14] INFO  server.RaftServerConfigKeys (ConfUtils.java:logGet(46)) - raft.server.log.appender.snapshot.chunk.size.max = 16MB (=16777216) (default)
2024-01-30 07:45:13,532 [55f20ed8-ad05-4879-9178-788b5883eeb3@group-81CA7C03A8D2-LeaderElection14] INFO  server.RaftServerConfigKeys (ConfUtils.java:logGet(46)) - raft.server.log.appender.buffer.byte-limit = 8388608 (custom)
2024-01-30 07:45:13,532 [55f20ed8-ad05-4879-9178-788b5883eeb3@group-81CA7C03A8D2-LeaderElection14] INFO  server.RaftServerConfigKeys (ConfUtils.java:logGet(46)) - raft.server.log.appender.buffer.element-limit = 1 (custom)
2024-01-30 07:45:13,532 [55f20ed8-ad05-4879-9178-788b5883eeb3@group-81CA7C03A8D2-LeaderElection14] INFO  server.RaftServerConfigKeys (ConfUtils.java:logGet(46)) - raft.server.log.appender.wait-time.min = 0μs (custom)
2024-01-30 07:45:13,533 [55f20ed8-ad05-4879-9178-788b5883eeb3@group-81CA7C03A8D2-LeaderElection14] INFO  grpc.GrpcConfigKeys (ConfUtils.java:logGet(46)) - raft.grpc.server.leader.outstanding.appends.max = 8 (default)
2024-01-30 07:45:13,533 [55f20ed8-ad05-4879-9178-788b5883eeb3@group-81CA7C03A8D2-LeaderElection14] INFO  server.RaftServerConfigKeys (ConfUtils.java:logGet(46)) - raft.server.rpc.request.timeout = 60s (custom)
2024-01-30 07:45:13,533 [55f20ed8-ad05-4879-9178-788b5883eeb3@group-81CA7C03A8D2-LeaderElection14] INFO  grpc.GrpcConfigKeys (ConfUtils.java:logGet(46)) - raft.grpc.server.install_snapshot.request.element-limit = 8 (default)
2024-01-30 07:45:13,533 [55f20ed8-ad05-4879-9178-788b5883eeb3@group-81CA7C03A8D2-LeaderElection14] INFO  grpc.GrpcConfigKeys (ConfUtils.java:logGet(46)) - raft.grpc.server.install_snapshot.request.timeout = 3000ms (default)
2024-01-30 07:45:13,533 [55f20ed8-ad05-4879-9178-788b5883eeb3@group-81CA7C03A8D2-LeaderElection14] INFO  grpc.GrpcConfigKeys (ConfUtils.java:logGet(46)) - raft.grpc.server.log-message.batch.duration = 5s (default)
2024-01-30 07:45:13,533 [55f20ed8-ad05-4879-9178-788b5883eeb3@group-81CA7C03A8D2-LeaderElection14] INFO  server.RaftServerConfigKeys (ConfUtils.java:logGet(46)) - raft.server.log.appender.install.snapshot.enabled = false (custom)
2024-01-30 07:45:13,533 [55f20ed8-ad05-4879-9178-788b5883eeb3@group-81CA7C03A8D2-LeaderElection14] INFO  grpc.GrpcConfigKeys (ConfUtils.java:logGet(46)) - raft.grpc.server.heartbeat.channel = true (default)
2024-01-30 07:45:13,534 [55f20ed8-ad05-4879-9178-788b5883eeb3@group-81CA7C03A8D2-LeaderElection14] INFO  server.RaftServerConfigKeys (ConfUtils.java:logGet(46)) - raft.server.log.appender.snapshot.chunk.size.max = 16MB (=16777216) (default)
2024-01-30 07:45:13,535 [55f20ed8-ad05-4879-9178-788b5883eeb3@group-81CA7C03A8D2-LeaderElection14] INFO  server.RaftServerConfigKeys (ConfUtils.java:logGet(46)) - raft.server.log.appender.buffer.byte-limit = 8388608 (custom)
2024-01-30 07:45:13,535 [55f20ed8-ad05-4879-9178-788b5883eeb3@group-81CA7C03A8D2-LeaderElection14] INFO  server.RaftServerConfigKeys (ConfUtils.java:logGet(46)) - raft.server.log.appender.buffer.element-limit = 1 (custom)
2024-01-30 07:45:13,535 [55f20ed8-ad05-4879-9178-788b5883eeb3@group-81CA7C03A8D2-LeaderElection14] INFO  server.RaftServerConfigKeys (ConfUtils.java:logGet(46)) - raft.server.log.appender.wait-time.min = 0μs (custom)
2024-01-30 07:45:13,535 [55f20ed8-ad05-4879-9178-788b5883eeb3@group-81CA7C03A8D2-LeaderElection14] INFO  grpc.GrpcConfigKeys (ConfUtils.java:logGet(46)) - raft.grpc.server.leader.outstanding.appends.max = 8 (default)
2024-01-30 07:45:13,535 [55f20ed8-ad05-4879-9178-788b5883eeb3@group-81CA7C03A8D2-LeaderElection14] INFO  server.RaftServerConfigKeys (ConfUtils.java:logGet(46)) - raft.server.rpc.request.timeout = 60s (custom)
2024-01-30 07:45:13,535 [55f20ed8-ad05-4879-9178-788b5883eeb3@group-81CA7C03A8D2-LeaderElection14] INFO  grpc.GrpcConfigKeys (ConfUtils.java:logGet(46)) - raft.grpc.server.install_snapshot.request.element-limit = 8 (default)
2024-01-30 07:45:13,535 [55f20ed8-ad05-4879-9178-788b5883eeb3@group-81CA7C03A8D2-LeaderElection14] INFO  grpc.GrpcConfigKeys (ConfUtils.java:logGet(46)) - raft.grpc.server.install_snapshot.request.timeout = 3000ms (default)
2024-01-30 07:45:13,535 [55f20ed8-ad05-4879-9178-788b5883eeb3@group-81CA7C03A8D2-LeaderElection14] INFO  grpc.GrpcConfigKeys (ConfUtils.java:logGet(46)) - raft.grpc.server.log-message.batch.duration = 5s (default)
2024-01-30 07:45:13,536 [55f20ed8-ad05-4879-9178-788b5883eeb3@group-81CA7C03A8D2-LeaderElection14] INFO  server.RaftServerConfigKeys (ConfUtils.java:logGet(46)) - raft.server.log.appender.install.snapshot.enabled = false (custom)
2024-01-30 07:45:13,536 [55f20ed8-ad05-4879-9178-788b5883eeb3@group-81CA7C03A8D2-LeaderElection14] INFO  grpc.GrpcConfigKeys (ConfUtils.java:logGet(46)) - raft.grpc.server.heartbeat.channel = true (default)
2024-01-30 07:45:13,536 [55f20ed8-ad05-4879-9178-788b5883eeb3@group-81CA7C03A8D2-LeaderElection14] INFO  impl.RoleInfo (RoleInfo.java:updateAndGet(139)) - 55f20ed8-ad05-4879-9178-788b5883eeb3: start 55f20ed8-ad05-4879-9178-788b5883eeb3@group-81CA7C03A8D2-LeaderStateImpl
2024-01-30 07:45:13,536 [55f20ed8-ad05-4879-9178-788b5883eeb3@group-81CA7C03A8D2-LeaderElection14] INFO  server.RaftServer$Division (RaftServerImpl.java:setFirstElection(574)) - 55f20ed8-ad05-4879-9178-788b5883eeb3@group-81CA7C03A8D2: set firstElectionSinceStartup to false for becomeLeader
2024-01-30 07:45:13,536 [55f20ed8-ad05-4879-9178-788b5883eeb3@group-81CA7C03A8D2-LeaderElection14] INFO  ratis.XceiverServerRatis (XceiverServerRatis.java:handleLeaderChangedNotification(966)) - Leader change notification received for group: group-81CA7C03A8D2 with new leaderId: 55f20ed8-ad05-4879-9178-788b5883eeb3
2024-01-30 07:45:13,536 [55f20ed8-ad05-4879-9178-788b5883eeb3@group-81CA7C03A8D2-LeaderElection14] INFO  server.RaftServer$Division (ServerState.java:setLeader(269)) - 55f20ed8-ad05-4879-9178-788b5883eeb3@group-81CA7C03A8D2: change Leader from null to 55f20ed8-ad05-4879-9178-788b5883eeb3 at term 1 for becomeLeader, leader elected after 5111ms
2024-01-30 07:45:13,537 [55f20ed8-ad05-4879-9178-788b5883eeb3@group-81CA7C03A8D2-LeaderElection14] INFO  segmented.SegmentedRaftLogWorker (SegmentedRaftLogWorker.java:startLogSegment(430)) - 55f20ed8-ad05-4879-9178-788b5883eeb3@group-81CA7C03A8D2-SegmentedRaftLogWorker: Starting segment from index:0
2024-01-30 07:45:13,538 [55f20ed8-ad05-4879-9178-788b5883eeb3@group-81CA7C03A8D2-SegmentedRaftLogWorker] INFO  segmented.BufferedWriteChannel (BufferedWriteChannel.java:open(62)) - open log_inprogress_0 at position 0
2024-01-30 07:45:13,539 [EventQueue-PipelineReportForPipelineReportHandler] INFO  pipeline.PipelineReportHandler (PipelineReportHandler.java:processPipelineReport(136)) - Opened pipeline PipelineID=8af44c19-b552-4941-bb30-81ca7c03a8d2
2024-01-30 07:45:13,542 [55f20ed8-ad05-4879-9178-788b5883eeb3@group-81CA7C03A8D2-LeaderElection14] INFO  server.RaftServer$Division (ServerState.java:setRaftConf(386)) - 55f20ed8-ad05-4879-9178-788b5883eeb3@group-81CA7C03A8D2: set configuration 0: peers:[f4dc5428-8803-43b0-8e6b-8ffa99f16cef|10.1.0.48:15059, 55f20ed8-ad05-4879-9178-788b5883eeb3|10.1.0.48:15041, 6af36478-fafe-44e8-8f65-092a10613903|10.1.0.48:15050]|listeners:[], old=null
2024-01-30 07:45:13,547 [55f20ed8-ad05-4879-9178-788b5883eeb3@group-81CA7C03A8D2-SegmentedRaftLogWorker] INFO  segmented.SegmentedRaftLogWorker (SegmentedRaftLogWorker.java:execute(634)) - 55f20ed8-ad05-4879-9178-788b5883eeb3@group-81CA7C03A8D2-SegmentedRaftLogWorker: created new log segment /home/runner/work/ozone/ozone/hadoop-ozone/integration-test/target/test-dir/MiniOzoneClusterImpl-b74639a9-f624-491a-a51e-4d41e99a633c/datanode-3/data/ratis/8af44c19-b552-4941-bb30-81ca7c03a8d2/current/log_inprogress_0
2024-01-30 07:45:13,554 [f4dc5428-8803-43b0-8e6b-8ffa99f16cef-server-thread2] INFO  ratis.XceiverServerRatis (XceiverServerRatis.java:handleLeaderChangedNotification(966)) - Leader change notification received for group: group-81CA7C03A8D2 with new leaderId: 55f20ed8-ad05-4879-9178-788b5883eeb3
2024-01-30 07:45:13,555 [f4dc5428-8803-43b0-8e6b-8ffa99f16cef-server-thread2] INFO  server.RaftServer$Division (ServerState.java:setLeader(269)) - f4dc5428-8803-43b0-8e6b-8ffa99f16cef@group-81CA7C03A8D2: change Leader from null to 55f20ed8-ad05-4879-9178-788b5883eeb3 at term 1 for appendEntries, leader elected after 5127ms
2024-01-30 07:45:13,556 [f4dc5428-8803-43b0-8e6b-8ffa99f16cef-server-thread2] INFO  server.RaftServer$Division (ServerState.java:setRaftConf(386)) - f4dc5428-8803-43b0-8e6b-8ffa99f16cef@group-81CA7C03A8D2: set configuration 0: peers:[f4dc5428-8803-43b0-8e6b-8ffa99f16cef|10.1.0.48:15059, 55f20ed8-ad05-4879-9178-788b5883eeb3|10.1.0.48:15041, 6af36478-fafe-44e8-8f65-092a10613903|10.1.0.48:15050]|listeners:[], old=null
2024-01-30 07:45:13,556 [f4dc5428-8803-43b0-8e6b-8ffa99f16cef-server-thread2] INFO  segmented.SegmentedRaftLogWorker (SegmentedRaftLogWorker.java:startLogSegment(430)) - f4dc5428-8803-43b0-8e6b-8ffa99f16cef@group-81CA7C03A8D2-SegmentedRaftLogWorker: Starting segment from index:0
2024-01-30 07:45:13,557 [6af36478-fafe-44e8-8f65-092a10613903-server-thread1] INFO  ratis.XceiverServerRatis (XceiverServerRatis.java:handleLeaderChangedNotification(966)) - Leader change notification received for group: group-81CA7C03A8D2 with new leaderId: 55f20ed8-ad05-4879-9178-788b5883eeb3
2024-01-30 07:45:13,557 [6af36478-fafe-44e8-8f65-092a10613903-server-thread1] INFO  server.RaftServer$Division (ServerState.java:setLeader(269)) - 6af36478-fafe-44e8-8f65-092a10613903@group-81CA7C03A8D2: change Leader from null to 55f20ed8-ad05-4879-9178-788b5883eeb3 at term 1 for appendEntries, leader elected after 5261ms
2024-01-30 07:45:13,557 [f4dc5428-8803-43b0-8e6b-8ffa99f16cef@group-81CA7C03A8D2-SegmentedRaftLogWorker] INFO  segmented.BufferedWriteChannel (BufferedWriteChannel.java:open(62)) - open log_inprogress_0 at position 0
2024-01-30 07:45:13,564 [f4dc5428-8803-43b0-8e6b-8ffa99f16cef@group-81CA7C03A8D2-SegmentedRaftLogWorker] INFO  segmented.SegmentedRaftLogWorker (SegmentedRaftLogWorker.java:execute(634)) - f4dc5428-8803-43b0-8e6b-8ffa99f16cef@group-81CA7C03A8D2-SegmentedRaftLogWorker: created new log segment /home/runner/work/ozone/ozone/hadoop-ozone/integration-test/target/test-dir/MiniOzoneClusterImpl-b74639a9-f624-491a-a51e-4d41e99a633c/datanode-5/data/ratis/8af44c19-b552-4941-bb30-81ca7c03a8d2/current/log_inprogress_0
2024-01-30 07:45:13,564 [6af36478-fafe-44e8-8f65-092a10613903-server-thread3] INFO  server.RaftServer$Division (ServerState.java:setRaftConf(386)) - 6af36478-fafe-44e8-8f65-092a10613903@group-81CA7C03A8D2: set configuration 0: peers:[f4dc5428-8803-43b0-8e6b-8ffa99f16cef|10.1.0.48:15059, 55f20ed8-ad05-4879-9178-788b5883eeb3|10.1.0.48:15041, 6af36478-fafe-44e8-8f65-092a10613903|10.1.0.48:15050]|listeners:[], old=null
2024-01-30 07:45:13,564 [6af36478-fafe-44e8-8f65-092a10613903-server-thread3] INFO  segmented.SegmentedRaftLogWorker (SegmentedRaftLogWorker.java:startLogSegment(430)) - 6af36478-fafe-44e8-8f65-092a10613903@group-81CA7C03A8D2-SegmentedRaftLogWorker: Starting segment from index:0
2024-01-30 07:45:13,565 [6af36478-fafe-44e8-8f65-092a10613903@group-81CA7C03A8D2-SegmentedRaftLogWorker] INFO  segmented.BufferedWriteChannel (BufferedWriteChannel.java:open(62)) - open log_inprogress_0 at position 0
2024-01-30 07:45:13,573 [55f20ed8-ad05-4879-9178-788b5883eeb3@group-81CA7C03A8D2-StateMachineUpdater] INFO  server.RaftServer$Division (LeaderStateImpl.java:isApplied(320)) - leader is ready since appliedIndex == 0 >= startIndex == 0
2024-01-30 07:45:13,574 [6af36478-fafe-44e8-8f65-092a10613903@group-81CA7C03A8D2-SegmentedRaftLogWorker] INFO  segmented.SegmentedRaftLogWorker (SegmentedRaftLogWorker.java:execute(634)) - 6af36478-fafe-44e8-8f65-092a10613903@group-81CA7C03A8D2-SegmentedRaftLogWorker: created new log segment /home/runner/work/ozone/ozone/hadoop-ozone/integration-test/target/test-dir/MiniOzoneClusterImpl-b74639a9-f624-491a-a51e-4d41e99a633c/datanode-4/data/ratis/8af44c19-b552-4941-bb30-81ca7c03a8d2/current/log_inprogress_0
2024-01-30 07:45:13,623 [main] INFO  ozone.MiniOzoneClusterImpl (MiniOzoneClusterImpl.java:shutdown(449)) - Shutting down the Mini Ozone Cluster
2024-01-30 07:45:13,624 [main] INFO  db.CodecTestUtil (CodecTestUtil.java:gc(50)) - gc 0
2024-01-30 07:45:13,911 [main] INFO  ozone.MiniOzoneClusterImpl (MiniOzoneClusterImpl.java:stop(465)) - Stopping the Mini Ozone Cluster
2024-01-30 07:45:13,911 [main] INFO  om.OzoneManager (OzoneManager.java:stop(2204)) - om1[localhost:15004]: Stopping Ozone Manager
2024-01-30 07:45:13,911 [main] INFO  ipc.Server (Server.java:stop(3523)) - Stopping server on 15004
2024-01-30 07:45:13,917 [IPC Server listener on 15004] INFO  ipc.Server (Server.java:run(1434)) - Stopping IPC Server listener on 15004
2024-01-30 07:45:13,917 [IPC Server Responder] INFO  ipc.Server (Server.java:run(1567)) - Stopping IPC Server Responder
2024-01-30 07:45:13,920 [main] INFO  ratis.OzoneManagerRatisServer (OzoneManagerRatisServer.java:stop(594)) - Stopping org.apache.hadoop.ozone.om.ratis.OzoneManagerRatisServer@dfb8c98 at port 15007
2024-01-30 07:45:13,921 [main] INFO  server.RaftServer (RaftServerProxy.java:lambda$close$9(416)) - om1: close
2024-01-30 07:45:13,921 [om1-impl-thread1] INFO  server.RaftServer$Division (RaftServerImpl.java:lambda$close$3(526)) - om1@group-C5BA1605619E: shutdown
2024-01-30 07:45:13,921 [main] INFO  server.GrpcService (GrpcService.java:closeImpl(311)) - om1: shutdown server GrpcServerProtocolService now
2024-01-30 07:45:13,922 [om1-impl-thread1] INFO  util.JmxRegister (JmxRegister.java:unregister(73)) - Successfully un-registered JMX Bean with object name Ratis:service=RaftServer,group=group-C5BA1605619E,id=om1
2024-01-30 07:45:13,922 [om1-impl-thread1] INFO  impl.RoleInfo (RoleInfo.java:shutdownLeaderState(94)) - om1: shutdown om1@group-C5BA1605619E-LeaderStateImpl
2024-01-30 07:45:13,922 [om1-impl-thread1] INFO  impl.PendingRequests (PendingRequests.java:sendNotLeaderResponses(289)) - om1@group-C5BA1605619E-PendingRequests: sendNotLeaderResponses
2024-01-30 07:45:13,924 [om1-impl-thread1] INFO  impl.StateMachineUpdater (StateMachineUpdater.java:stopAndJoin(157)) - om1@group-C5BA1605619E-StateMachineUpdater: set stopIndex = 0
2024-01-30 07:45:13,924 [om1@group-C5BA1605619E-StateMachineUpdater] INFO  ratis.OzoneManagerStateMachine (OzoneManagerStateMachine.java:takeSnapshotImpl(469)) -  applied = (t:0, i:~)
2024-01-30 07:45:13,924 [om1@group-C5BA1605619E-StateMachineUpdater] INFO  ratis.OzoneManagerStateMachine (OzoneManagerStateMachine.java:takeSnapshotImpl(470)) -  skipped = -1
2024-01-30 07:45:13,924 [om1@group-C5BA1605619E-StateMachineUpdater] INFO  ratis.OzoneManagerStateMachine (OzoneManagerStateMachine.java:takeSnapshotImpl(471)) - notified = (t:1, i:0)
2024-01-30 07:45:13,924 [om1@group-C5BA1605619E-StateMachineUpdater] INFO  ratis.OzoneManagerStateMachine (OzoneManagerStateMachine.java:takeSnapshotImpl(472)) - snapshot = (t:1, i:0)
2024-01-30 07:45:13,926 [main] INFO  server.GrpcService (GrpcService.java:closeImpl(320)) - om1: shutdown server GrpcServerProtocolService successfully
2024-01-30 07:45:13,937 [om1@group-C5BA1605619E-StateMachineUpdater] INFO  impl.StateMachineUpdater (StateMachineUpdater.java:takeSnapshot(295)) - om1@group-C5BA1605619E-StateMachineUpdater: Took a snapshot at index 0
2024-01-30 07:45:13,937 [om1@group-C5BA1605619E-StateMachineUpdater] INFO  impl.StateMachineUpdater (StateMachineUpdater.java:lambda$new$0(98)) - om1@group-C5BA1605619E-StateMachineUpdater: snapshotIndex: updateIncreasingly -1 -> 0
2024-01-30 07:45:13,937 [om1@group-C5BA1605619E-StateMachineUpdater] INFO  ratis.OzoneManagerStateMachine (OzoneManagerStateMachine.java:close(515)) - Stopping OzoneManagerStateMachine:om1:group-C5BA1605619E.
2024-01-30 07:45:13,937 [om1@group-C5BA1605619E-StateMachineUpdater] INFO  ratis.OzoneManagerDoubleBuffer (OzoneManagerDoubleBuffer.java:stopDaemon(514)) - Stopping OMDoubleBuffer flush thread
2024-01-30 07:45:13,938 [om1-OMDoubleBufferFlushThread] INFO  ratis.OzoneManagerDoubleBuffer (OzoneManagerDoubleBuffer.java:canFlush(578)) - OMDoubleBuffer flush thread om1-OMDoubleBufferFlushThread is interrupted and will exit.
2024-01-30 07:45:13,939 [om1-impl-thread1] INFO  server.RaftServer$Division (ServerState.java:close(427)) - om1@group-C5BA1605619E: applyIndex: -1
2024-01-30 07:45:13,940 [om1@group-C5BA1605619E-cacheEviction-AwaitToRun] INFO  util.AwaitToRun (AwaitToRun.java:run(49)) - om1@group-C5BA1605619E-cacheEviction-AwaitToRun-AwaitForSignal is interrupted
2024-01-30 07:45:14,048 [om1-impl-thread1] INFO  segmented.SegmentedRaftLogWorker (SegmentedRaftLogWorker.java:close(245)) - om1@group-C5BA1605619E-SegmentedRaftLogWorker close()
2024-01-30 07:45:14,049 [JvmPauseMonitor1] INFO  util.JvmPauseMonitor (JvmPauseMonitor.java:run(152)) - JvmPauseMonitor-om1: Stopped
2024-01-30 07:45:14,049 [main] INFO  utils.BackgroundService (BackgroundService.java:shutdown(160)) - Shutting down service KeyDeletingService
2024-01-30 07:45:14,050 [main] INFO  utils.BackgroundService (BackgroundService.java:shutdown(160)) - Shutting down service DirectoryDeletingService
2024-01-30 07:45:14,050 [main] INFO  utils.BackgroundService (BackgroundService.java:shutdown(160)) - Shutting down service OpenKeyCleanupService
2024-01-30 07:45:14,050 [main] INFO  utils.BackgroundService (BackgroundService.java:shutdown(160)) - Shutting down service SstFilteringService
2024-01-30 07:45:14,051 [main] INFO  utils.BackgroundService (BackgroundService.java:shutdown(160)) - Shutting down service SnapshotDeletingService
2024-01-30 07:45:14,051 [main] INFO  utils.BackgroundService (BackgroundService.java:shutdown(160)) - Shutting down service MultipartUploadCleanupService
2024-01-30 07:45:14,051 [main] INFO  utils.BackgroundService (BackgroundService.java:shutdown(160)) - Shutting down service SnapshotDirectoryCleaningService
2024-01-30 07:45:14,052 [main] INFO  handler.ContextHandler (ContextHandler.java:doStop(1159)) - Stopped o.e.j.w.WebAppContext@74f37601{ozoneManager,/,null,STOPPED}{file:/home/runner/work/ozone/ozone/hadoop-ozone/integration-test/target/test-classes/webapps/ozoneManager}
2024-01-30 07:45:14,055 [main] INFO  server.AbstractConnector (AbstractConnector.java:doStop(383)) - Stopped ServerConnector@6411f8e2{HTTP/1.1, (http/1.1)}{0.0.0.0:15005}
2024-01-30 07:45:14,055 [main] INFO  server.session (HouseKeeper.java:stopScavenging(149)) - node0 Stopped scavenging
2024-01-30 07:45:14,055 [main] INFO  handler.ContextHandler (ContextHandler.java:doStop(1159)) - Stopped o.e.j.s.ServletContextHandler@3066c9e8{static,/static,file:///home/runner/work/ozone/ozone/hadoop-ozone/integration-test/target/test-classes/webapps/static,STOPPED}
2024-01-30 07:45:14,055 [main] INFO  handler.ContextHandler (ContextHandler.java:doStop(1159)) - Stopped o.e.j.s.ServletContextHandler@7c0d43bb{logs,/logs,file:///home/runner/work/ozone/ozone/hadoop-ozone/integration-test/target/log,STOPPED}
2024-01-30 07:45:14,057 [main] INFO  rocksdiff.RocksDBCheckpointDiffer (RocksDBCheckpointDiffer.java:close(310)) - Shutting down CompactionDagPruningService.
2024-01-30 07:45:14,060 [main] INFO  snapshot.SnapshotDiffManager (SnapshotDiffManager.java:closeExecutorService(1688)) - Shutting down executorService: 'SnapDiffExecutor'
2024-01-30 07:45:14,061 [main] INFO  snapshot.SnapshotDiffManager (SnapshotDiffManager.java:closeExecutorService(1688)) - Shutting down executorService: 'SstDumpToolExecutor'
2024-01-30 07:45:14,061 [main] INFO  utils.BackgroundService (BackgroundService.java:shutdown(160)) - Shutting down service SnapshotDiffCleanupService
2024-01-30 07:45:14,062 [main] INFO  ozone.MiniOzoneClusterImpl (MiniOzoneClusterImpl.java:stopDatanodes(535)) - Stopping the HddsDatanodes
2024-01-30 07:45:14,066 [ForkJoinPool.commonPool-worker-0] INFO  ozoneimpl.OzoneContainer (OzoneContainer.java:stop(479)) - Attempting to stop container services.
2024-01-30 07:45:14,068 [ForkJoinPool.commonPool-worker-0] INFO  server.RaftServer (RaftServerProxy.java:lambda$close$9(416)) - 6af36478-fafe-44e8-8f65-092a10613903: close
2024-01-30 07:45:14,068 [6af36478-fafe-44e8-8f65-092a10613903-impl-thread1] INFO  server.RaftServer$Division (RaftServerImpl.java:lambda$close$3(526)) - 6af36478-fafe-44e8-8f65-092a10613903@group-B85ECF817262: shutdown
2024-01-30 07:45:14,068 [6af36478-fafe-44e8-8f65-092a10613903-impl-thread1] INFO  util.JmxRegister (JmxRegister.java:unregister(73)) - Successfully un-registered JMX Bean with object name Ratis:service=RaftServer,group=group-B85ECF817262,id=6af36478-fafe-44e8-8f65-092a10613903
2024-01-30 07:45:14,068 [ForkJoinPool.commonPool-worker-3] INFO  ozoneimpl.OzoneContainer (OzoneContainer.java:stop(479)) - Attempting to stop container services.
2024-01-30 07:45:14,068 [6af36478-fafe-44e8-8f65-092a10613903-impl-thread1] INFO  impl.RoleInfo (RoleInfo.java:shutdownLeaderState(94)) - 6af36478-fafe-44e8-8f65-092a10613903: shutdown 6af36478-fafe-44e8-8f65-092a10613903@group-B85ECF817262-LeaderStateImpl
2024-01-30 07:45:14,068 [6af36478-fafe-44e8-8f65-092a10613903-impl-thread2] INFO  server.RaftServer$Division (RaftServerImpl.java:lambda$close$3(526)) - 6af36478-fafe-44e8-8f65-092a10613903@group-2B83B386884B: shutdown
2024-01-30 07:45:14,069 [main] INFO  ozoneimpl.OzoneContainer (OzoneContainer.java:stop(479)) - Attempting to stop container services.
2024-01-30 07:45:14,069 [ForkJoinPool.commonPool-worker-3] INFO  server.RaftServer (RaftServerProxy.java:lambda$close$9(416)) - f4dc5428-8803-43b0-8e6b-8ffa99f16cef: close
2024-01-30 07:45:14,069 [ForkJoinPool.commonPool-worker-0] INFO  server.GrpcService (GrpcService.java:closeImpl(311)) - 6af36478-fafe-44e8-8f65-092a10613903: shutdown server org.apache.ratis.grpc.server.GrpcClientProtocolService now
2024-01-30 07:45:14,069 [6af36478-fafe-44e8-8f65-092a10613903-impl-thread2] INFO  util.JmxRegister (JmxRegister.java:unregister(73)) - Successfully un-registered JMX Bean with object name Ratis:service=RaftServer,group=group-2B83B386884B,id=6af36478-fafe-44e8-8f65-092a10613903
2024-01-30 07:45:14,069 [6af36478-fafe-44e8-8f65-092a10613903-impl-thread2] INFO  impl.RoleInfo (RoleInfo.java:shutdownLeaderState(94)) - 6af36478-fafe-44e8-8f65-092a10613903: shutdown 6af36478-fafe-44e8-8f65-092a10613903@group-2B83B386884B-LeaderStateImpl
2024-01-30 07:45:14,069 [f4dc5428-8803-43b0-8e6b-8ffa99f16cef-impl-thread2] INFO  server.RaftServer$Division (RaftServerImpl.java:lambda$close$3(526)) - f4dc5428-8803-43b0-8e6b-8ffa99f16cef@group-81CA7C03A8D2: shutdown
2024-01-30 07:45:14,069 [6af36478-fafe-44e8-8f65-092a10613903-impl-thread3] INFO  server.RaftServer$Division (RaftServerImpl.java:lambda$close$3(526)) - 6af36478-fafe-44e8-8f65-092a10613903@group-81CA7C03A8D2: shutdown
2024-01-30 07:45:14,069 [f4dc5428-8803-43b0-8e6b-8ffa99f16cef-impl-thread3] INFO  server.RaftServer$Division (RaftServerImpl.java:lambda$close$3(526)) - f4dc5428-8803-43b0-8e6b-8ffa99f16cef@group-C55566F64C03: shutdown
2024-01-30 07:45:14,069 [main] INFO  server.RaftServer (RaftServerProxy.java:lambda$close$9(416)) - 55f20ed8-ad05-4879-9178-788b5883eeb3: close
2024-01-30 07:45:14,069 [f4dc5428-8803-43b0-8e6b-8ffa99f16cef-impl-thread1] INFO  server.RaftServer$Division (RaftServerImpl.java:lambda$close$3(526)) - f4dc5428-8803-43b0-8e6b-8ffa99f16cef@group-B85ECF817262: shutdown
2024-01-30 07:45:14,076 [f4dc5428-8803-43b0-8e6b-8ffa99f16cef-impl-thread1] INFO  util.JmxRegister (JmxRegister.java:unregister(73)) - Successfully un-registered JMX Bean with object name Ratis:service=RaftServer,group=group-B85ECF817262,id=f4dc5428-8803-43b0-8e6b-8ffa99f16cef
2024-01-30 07:45:14,070 [6af36478-fafe-44e8-8f65-092a10613903@group-B85ECF817262->f4dc5428-8803-43b0-8e6b-8ffa99f16cef-GrpcLogAppender-LogAppenderDaemon] WARN  server.GrpcLogAppender (GrpcLogAppender.java:mayWait(289)) - 6af36478-fafe-44e8-8f65-092a10613903@group-B85ECF817262->f4dc5428-8803-43b0-8e6b-8ffa99f16cef-GrpcLogAppender: Wait interrupted by java.lang.InterruptedException
2024-01-30 07:45:14,077 [55f20ed8-ad05-4879-9178-788b5883eeb3-impl-thread2] INFO  server.RaftServer$Division (RaftServerImpl.java:lambda$close$3(526)) - 55f20ed8-ad05-4879-9178-788b5883eeb3@group-81CA7C03A8D2: shutdown
2024-01-30 07:45:14,077 [55f20ed8-ad05-4879-9178-788b5883eeb3-impl-thread2] INFO  util.JmxRegister (JmxRegister.java:unregister(73)) - Successfully un-registered JMX Bean with object name Ratis:service=RaftServer,group=group-81CA7C03A8D2,id=55f20ed8-ad05-4879-9178-788b5883eeb3
2024-01-30 07:45:14,077 [55f20ed8-ad05-4879-9178-788b5883eeb3-impl-thread2] INFO  impl.RoleInfo (RoleInfo.java:shutdownLeaderState(94)) - 55f20ed8-ad05-4879-9178-788b5883eeb3: shutdown 55f20ed8-ad05-4879-9178-788b5883eeb3@group-81CA7C03A8D2-LeaderStateImpl
2024-01-30 07:45:14,077 [main] INFO  server.GrpcService (GrpcService.java:closeImpl(311)) - 55f20ed8-ad05-4879-9178-788b5883eeb3: shutdown server org.apache.ratis.grpc.server.GrpcClientProtocolService now
2024-01-30 07:45:14,077 [55f20ed8-ad05-4879-9178-788b5883eeb3-impl-thread3] INFO  server.RaftServer$Division (RaftServerImpl.java:lambda$close$3(526)) - 55f20ed8-ad05-4879-9178-788b5883eeb3@group-FA754A61616F: shutdown
2024-01-30 07:45:14,076 [ForkJoinPool.commonPool-worker-1] INFO  ozoneimpl.OzoneContainer (OzoneContainer.java:stop(479)) - Attempting to stop container services.
2024-01-30 07:45:14,076 [Thread-788] INFO  server.GrpcServerProtocolClient (GrpcServerProtocolClient.java:close(103)) - f4dc5428-8803-43b0-8e6b-8ffa99f16cef Close channels
2024-01-30 07:45:14,076 [f4dc5428-8803-43b0-8e6b-8ffa99f16cef-impl-thread3] INFO  util.JmxRegister (JmxRegister.java:unregister(73)) - Successfully un-registered JMX Bean with object name Ratis:service=RaftServer,group=group-C55566F64C03,id=f4dc5428-8803-43b0-8e6b-8ffa99f16cef
2024-01-30 07:45:14,078 [f4dc5428-8803-43b0-8e6b-8ffa99f16cef-impl-thread3] INFO  impl.RoleInfo (RoleInfo.java:shutdownLeaderState(94)) - f4dc5428-8803-43b0-8e6b-8ffa99f16cef: shutdown f4dc5428-8803-43b0-8e6b-8ffa99f16cef@group-C55566F64C03-LeaderStateImpl
2024-01-30 07:45:14,078 [f4dc5428-8803-43b0-8e6b-8ffa99f16cef-impl-thread3] INFO  impl.PendingRequests (PendingRequests.java:sendNotLeaderResponses(289)) - f4dc5428-8803-43b0-8e6b-8ffa99f16cef@group-C55566F64C03-PendingRequests: sendNotLeaderResponses
2024-01-30 07:45:14,079 [f4dc5428-8803-43b0-8e6b-8ffa99f16cef-impl-thread3] INFO  impl.StateMachineUpdater (StateMachineUpdater.java:stopAndJoin(157)) - f4dc5428-8803-43b0-8e6b-8ffa99f16cef@group-C55566F64C03-StateMachineUpdater: set stopIndex = 0
2024-01-30 07:45:14,080 [f4dc5428-8803-43b0-8e6b-8ffa99f16cef@group-C55566F64C03-StateMachineUpdater] INFO  ratis.ContainerStateMachine (ContainerStateMachine.java:takeSnapshot(355)) - group-C55566F64C03: Taking a snapshot at:(t:1, i:0) file /home/runner/work/ozone/ozone/hadoop-ozone/integration-test/target/test-dir/MiniOzoneClusterImpl-b74639a9-f624-491a-a51e-4d41e99a633c/datanode-5/data/ratis/757bbc48-4709-4d49-959e-c55566f64c03/sm/snapshot.1_0
2024-01-30 07:45:14,069 [6af36478-fafe-44e8-8f65-092a10613903-impl-thread2] INFO  impl.PendingRequests (PendingRequests.java:sendNotLeaderResponses(289)) - 6af36478-fafe-44e8-8f65-092a10613903@group-2B83B386884B-PendingRequests: sendNotLeaderResponses
2024-01-30 07:45:14,070 [6af36478-fafe-44e8-8f65-092a10613903@group-B85ECF817262->55f20ed8-ad05-4879-9178-788b5883eeb3-GrpcLogAppender-LogAppenderDaemon] WARN  server.GrpcLogAppender (GrpcLogAppender.java:mayWait(289)) - 6af36478-fafe-44e8-8f65-092a10613903@group-B85ECF817262->55f20ed8-ad05-4879-9178-788b5883eeb3-GrpcLogAppender: Wait interrupted by java.lang.InterruptedException
2024-01-30 07:45:14,069 [6af36478-fafe-44e8-8f65-092a10613903-impl-thread3] INFO  util.JmxRegister (JmxRegister.java:unregister(73)) - Successfully un-registered JMX Bean with object name Ratis:service=RaftServer,group=group-81CA7C03A8D2,id=6af36478-fafe-44e8-8f65-092a10613903
2024-01-30 07:45:14,087 [6af36478-fafe-44e8-8f65-092a10613903-impl-thread3] INFO  impl.RoleInfo (RoleInfo.java:shutdownFollowerState(110)) - 6af36478-fafe-44e8-8f65-092a10613903: shutdown 6af36478-fafe-44e8-8f65-092a10613903@group-81CA7C03A8D2-FollowerState
2024-01-30 07:45:14,087 [6af36478-fafe-44e8-8f65-092a10613903@group-2B83B386884B-StateMachineUpdater] INFO  ratis.ContainerStateMachine (ContainerStateMachine.java:takeSnapshot(355)) - group-2B83B386884B: Taking a snapshot at:(t:1, i:0) file /home/runner/work/ozone/ozone/hadoop-ozone/integration-test/target/test-dir/MiniOzoneClusterImpl-b74639a9-f624-491a-a51e-4d41e99a633c/datanode-4/data/ratis/c049b9fe-84eb-4f8c-bf6c-2b83b386884b/sm/snapshot.1_0
2024-01-30 07:45:14,088 [6af36478-fafe-44e8-8f65-092a10613903-impl-thread3] INFO  impl.StateMachineUpdater (StateMachineUpdater.java:stopAndJoin(157)) - 6af36478-fafe-44e8-8f65-092a10613903@group-81CA7C03A8D2-StateMachineUpdater: set stopIndex = -1
2024-01-30 07:45:14,069 [f4dc5428-8803-43b0-8e6b-8ffa99f16cef-impl-thread2] INFO  util.JmxRegister (JmxRegister.java:unregister(73)) - Successfully un-registered JMX Bean with object name Ratis:service=RaftServer,group=group-81CA7C03A8D2,id=f4dc5428-8803-43b0-8e6b-8ffa99f16cef
2024-01-30 07:45:14,069 [ForkJoinPool.commonPool-worker-3] INFO  server.GrpcService (GrpcService.java:closeImpl(311)) - f4dc5428-8803-43b0-8e6b-8ffa99f16cef: shutdown server org.apache.ratis.grpc.server.GrpcClientProtocolService now
2024-01-30 07:45:14,090 [6af36478-fafe-44e8-8f65-092a10613903-impl-thread3] INFO  server.RaftServer$Division (ServerState.java:close(427)) - 6af36478-fafe-44e8-8f65-092a10613903@group-81CA7C03A8D2: applyIndex: -1
2024-01-30 07:45:14,090 [grpc-default-executor-4] INFO  server.GrpcServerProtocolService (GrpcServerProtocolService.java:onCompleted(157)) - 55f20ed8-ad05-4879-9178-788b5883eeb3: Completed APPEND_ENTRIES, lastRequest: 6af36478-fafe-44e8-8f65-092a10613903->55f20ed8-ad05-4879-9178-788b5883eeb3#1-t1,previous=(t:0, i:0),leaderCommit=-1,initializing? false,entries: size=1, first=(t:1, i:0), CONFIGURATIONENTRY(current:id: "f4dc5428-8803-43b0-8e6b-8ffa99f16cef"
address: "10.1.0.48:15059"
dataStreamAddress: "10.1.0.48:15060"
clientAddress: "10.1.0.48:15057"
adminAddress: "10.1.0.48:15058"
startupRole: FOLLOWER
,id: "55f20ed8-ad05-4879-9178-788b5883eeb3"
address: "10.1.0.48:15041"
dataStreamAddress: "10.1.0.48:15042"
clientAddress: "10.1.0.48:15039"
adminAddress: "10.1.0.48:15040"
startupRole: FOLLOWER
,id: "6af36478-fafe-44e8-8f65-092a10613903"
address: "10.1.0.48:15050"
priority: 1
dataStreamAddress: "10.1.0.48:15051"
clientAddress: "10.1.0.48:15048"
adminAddress: "10.1.0.48:15049"
startupRole: FOLLOWER
, old:)
2024-01-30 07:45:14,091 [f4dc5428-8803-43b0-8e6b-8ffa99f16cef-impl-thread2] INFO  impl.RoleInfo (RoleInfo.java:shutdownFollowerState(110)) - f4dc5428-8803-43b0-8e6b-8ffa99f16cef: shutdown f4dc5428-8803-43b0-8e6b-8ffa99f16cef@group-81CA7C03A8D2-FollowerState
2024-01-30 07:45:14,091 [grpc-default-executor-4] INFO  server.GrpcServerProtocolService (GrpcServerProtocolService.java:lambda$onCompleted$5(159)) - 55f20ed8-ad05-4879-9178-788b5883eeb3: Completed APPEND_ENTRIES, lastReply: null
2024-01-30 07:45:14,091 [grpc-default-executor-2] INFO  server.GrpcLogAppender (GrpcLogAppender.java:onCompleted(546)) - 6af36478-fafe-44e8-8f65-092a10613903@group-B85ECF817262->55f20ed8-ad05-4879-9178-788b5883eeb3-AppendLogResponseHandler: follower responses appendEntries COMPLETED
2024-01-30 07:45:14,089 [Thread-795] INFO  server.GrpcServerProtocolClient (GrpcServerProtocolClient.java:close(103)) - 6af36478-fafe-44e8-8f65-092a10613903 Close channels
2024-01-30 07:45:14,092 [6af36478-fafe-44e8-8f65-092a10613903@group-81CA7C03A8D2-cacheEviction-AwaitToRun] INFO  util.AwaitToRun (AwaitToRun.java:run(49)) - 6af36478-fafe-44e8-8f65-092a10613903@group-81CA7C03A8D2-cacheEviction-AwaitToRun-AwaitForSignal is interrupted
2024-01-30 07:45:14,087 [6af36478-fafe-44e8-8f65-092a10613903@group-81CA7C03A8D2-FollowerState] INFO  impl.FollowerState (FollowerState.java:run(152)) - 6af36478-fafe-44e8-8f65-092a10613903@group-81CA7C03A8D2-FollowerState was interrupted
2024-01-30 07:45:14,087 [grpc-default-executor-0] INFO  server.GrpcServerProtocolService (GrpcServerProtocolService.java:onCompleted(157)) - 55f20ed8-ad05-4879-9178-788b5883eeb3: Completed APPEND_ENTRIES, lastRequest: null
2024-01-30 07:45:14,087 [6af36478-fafe-44e8-8f65-092a10613903-impl-thread2] INFO  impl.StateMachineUpdater (StateMachineUpdater.java:stopAndJoin(157)) - 6af36478-fafe-44e8-8f65-092a10613903@group-2B83B386884B-StateMachineUpdater: set stopIndex = 0
2024-01-30 07:45:14,094 [ForkJoinPool.commonPool-worker-3] INFO  server.GrpcService (GrpcService.java:closeImpl(320)) - f4dc5428-8803-43b0-8e6b-8ffa99f16cef: shutdown server org.apache.ratis.grpc.server.GrpcClientProtocolService successfully
2024-01-30 07:45:14,094 [ForkJoinPool.commonPool-worker-3] INFO  server.GrpcService (GrpcService.java:closeImpl(311)) - f4dc5428-8803-43b0-8e6b-8ffa99f16cef: shutdown server GrpcServerProtocolService now
2024-01-30 07:45:14,079 [grpc-default-executor-1] INFO  server.GrpcServerProtocolService (GrpcServerProtocolService.java:onCompleted(157)) - f4dc5428-8803-43b0-8e6b-8ffa99f16cef: Completed APPEND_ENTRIES, lastRequest: 6af36478-fafe-44e8-8f65-092a10613903->f4dc5428-8803-43b0-8e6b-8ffa99f16cef#1-t1,previous=(t:0, i:0),leaderCommit=-1,initializing? false,entries: size=1, first=(t:1, i:0), CONFIGURATIONENTRY(current:id: "f4dc5428-8803-43b0-8e6b-8ffa99f16cef"
address: "10.1.0.48:15059"
dataStreamAddress: "10.1.0.48:15060"
clientAddress: "10.1.0.48:15057"
adminAddress: "10.1.0.48:15058"
startupRole: FOLLOWER
,id: "55f20ed8-ad05-4879-9178-788b5883eeb3"
address: "10.1.0.48:15041"
dataStreamAddress: "10.1.0.48:15042"
clientAddress: "10.1.0.48:15039"
adminAddress: "10.1.0.48:15040"
startupRole: FOLLOWER
,id: "6af36478-fafe-44e8-8f65-092a10613903"
address: "10.1.0.48:15050"
priority: 1
dataStreamAddress: "10.1.0.48:15051"
clientAddress: "10.1.0.48:15048"
adminAddress: "10.1.0.48:15049"
startupRole: FOLLOWER
, old:)
2024-01-30 07:45:14,094 [grpc-default-executor-1] INFO  server.GrpcServerProtocolService (GrpcServerProtocolService.java:lambda$onCompleted$5(159)) - f4dc5428-8803-43b0-8e6b-8ffa99f16cef: Completed APPEND_ENTRIES, lastReply: null
2024-01-30 07:45:14,079 [grpc-default-executor-3] INFO  server.GrpcServerProtocolService (GrpcServerProtocolService.java:onCompleted(157)) - f4dc5428-8803-43b0-8e6b-8ffa99f16cef: Completed APPEND_ENTRIES, lastRequest: null
2024-01-30 07:45:14,078 [55f20ed8-ad05-4879-9178-788b5883eeb3@group-81CA7C03A8D2->f4dc5428-8803-43b0-8e6b-8ffa99f16cef-GrpcLogAppender-LogAppenderDaemon] WARN  server.GrpcLogAppender (GrpcLogAppender.java:mayWait(289)) - 55f20ed8-ad05-4879-9178-788b5883eeb3@group-81CA7C03A8D2->f4dc5428-8803-43b0-8e6b-8ffa99f16cef-GrpcLogAppender: Wait interrupted by java.lang.InterruptedException
2024-01-30 07:45:14,078 [55f20ed8-ad05-4879-9178-788b5883eeb3@group-81CA7C03A8D2->6af36478-fafe-44e8-8f65-092a10613903-GrpcLogAppender-LogAppenderDaemon] WARN  server.GrpcLogAppender (GrpcLogAppender.java:mayWait(289)) - 55f20ed8-ad05-4879-9178-788b5883eeb3@group-81CA7C03A8D2->6af36478-fafe-44e8-8f65-092a10613903-GrpcLogAppender: Wait interrupted by java.lang.InterruptedException
2024-01-30 07:45:14,078 [55f20ed8-ad05-4879-9178-788b5883eeb3-impl-thread2] INFO  impl.PendingRequests (PendingRequests.java:sendNotLeaderResponses(289)) - 55f20ed8-ad05-4879-9178-788b5883eeb3@group-81CA7C03A8D2-PendingRequests: sendNotLeaderResponses
2024-01-30 07:45:14,095 [55f20ed8-ad05-4879-9178-788b5883eeb3-impl-thread2] INFO  impl.StateMachineUpdater (StateMachineUpdater.java:stopAndJoin(157)) - 55f20ed8-ad05-4879-9178-788b5883eeb3@group-81CA7C03A8D2-StateMachineUpdater: set stopIndex = 0
2024-01-30 07:45:14,078 [ForkJoinPool.commonPool-worker-1] INFO  server.RaftServer (RaftServerProxy.java:lambda$close$9(416)) - eae9be92-4231-488a-b42d-6128b74e9292: close
2024-01-30 07:45:14,096 [55f20ed8-ad05-4879-9178-788b5883eeb3@group-81CA7C03A8D2-StateMachineUpdater] INFO  ratis.ContainerStateMachine (ContainerStateMachine.java:takeSnapshot(355)) - group-81CA7C03A8D2: Taking a snapshot at:(t:1, i:0) file /home/runner/work/ozone/ozone/hadoop-ozone/integration-test/target/test-dir/MiniOzoneClusterImpl-b74639a9-f624-491a-a51e-4d41e99a633c/datanode-3/data/ratis/8af44c19-b552-4941-bb30-81ca7c03a8d2/sm/snapshot.1_0
2024-01-30 07:45:14,096 [grpc-default-executor-0] INFO  server.GrpcServerProtocolService (GrpcServerProtocolService.java:lambda$onCompleted$5(159)) - 55f20ed8-ad05-4879-9178-788b5883eeb3: Completed APPEND_ENTRIES, lastReply: serverReply {
  requestorId: "6af36478-fafe-44e8-8f65-092a10613903"
  replyId: "55f20ed8-ad05-4879-9178-788b5883eeb3"
  raftGroupId {
    id: "L\366\210\\\024\206F\316\217\355\270^\317\201rb"
  }
  success: true
}
term: 1
nextIndex: 1
followerCommit: 18446744073709551615
matchIndex: 18446744073709551615
isHearbeat: true

2024-01-30 07:45:14,078 [Thread-793] INFO  server.GrpcServerProtocolClient (GrpcServerProtocolClient.java:close(103)) - f4dc5428-8803-43b0-8e6b-8ffa99f16cef Close channels
2024-01-30 07:45:14,078 [55f20ed8-ad05-4879-9178-788b5883eeb3-impl-thread3] INFO  util.JmxRegister (JmxRegister.java:unregister(73)) - Successfully un-registered JMX Bean with object name Ratis:service=RaftServer,group=group-FA754A61616F,id=55f20ed8-ad05-4879-9178-788b5883eeb3
2024-01-30 07:45:14,076 [55f20ed8-ad05-4879-9178-788b5883eeb3-impl-thread1] INFO  server.RaftServer$Division (RaftServerImpl.java:lambda$close$3(526)) - 55f20ed8-ad05-4879-9178-788b5883eeb3@group-B85ECF817262: shutdown
2024-01-30 07:45:14,097 [55f20ed8-ad05-4879-9178-788b5883eeb3-impl-thread1] INFO  util.JmxRegister (JmxRegister.java:unregister(73)) - Successfully un-registered JMX Bean with object name Ratis:service=RaftServer,group=group-B85ECF817262,id=55f20ed8-ad05-4879-9178-788b5883eeb3
2024-01-30 07:45:14,097 [55f20ed8-ad05-4879-9178-788b5883eeb3-impl-thread1] INFO  impl.RoleInfo (RoleInfo.java:shutdownFollowerState(110)) - 55f20ed8-ad05-4879-9178-788b5883eeb3: shutdown 55f20ed8-ad05-4879-9178-788b5883eeb3@group-B85ECF817262-FollowerState
2024-01-30 07:45:14,076 [f4dc5428-8803-43b0-8e6b-8ffa99f16cef-impl-thread1] INFO  impl.RoleInfo (RoleInfo.java:shutdownFollowerState(110)) - f4dc5428-8803-43b0-8e6b-8ffa99f16cef: shutdown f4dc5428-8803-43b0-8e6b-8ffa99f16cef@group-B85ECF817262-FollowerState
2024-01-30 07:45:14,076 [Thread-789] INFO  server.GrpcServerProtocolClient (GrpcServerProtocolClient.java:close(103)) - 55f20ed8-ad05-4879-9178-788b5883eeb3 Close channels
2024-01-30 07:45:14,097 [grpc-default-executor-1] INFO  server.GrpcServerProtocolService (GrpcServerProtocolService.java:onCompleted(157)) - f4dc5428-8803-43b0-8e6b-8ffa99f16cef: Completed APPEND_ENTRIES, lastRequest: 55f20ed8-ad05-4879-9178-788b5883eeb3->f4dc5428-8803-43b0-8e6b-8ffa99f16cef#1-t1,previous=(t:0, i:0),leaderCommit=-1,initializing? false,entries: size=1, first=(t:1, i:0), CONFIGURATIONENTRY(current:id: "f4dc5428-8803-43b0-8e6b-8ffa99f16cef"
address: "10.1.0.48:15059"
dataStreamAddress: "10.1.0.48:15060"
clientAddress: "10.1.0.48:15057"
adminAddress: "10.1.0.48:15058"
startupRole: FOLLOWER
,id: "55f20ed8-ad05-4879-9178-788b5883eeb3"
address: "10.1.0.48:15041"
priority: 1
dataStreamAddress: "10.1.0.48:15042"
clientAddress: "10.1.0.48:15039"
adminAddress: "10.1.0.48:15040"
startupRole: FOLLOWER
,id: "6af36478-fafe-44e8-8f65-092a10613903"
address: "10.1.0.48:15050"
dataStreamAddress: "10.1.0.48:15051"
clientAddress: "10.1.0.48:15048"
adminAddress: "10.1.0.48:15049"
startupRole: FOLLOWER
, old:)
2024-01-30 07:45:14,098 [grpc-default-executor-1] INFO  server.GrpcServerProtocolService (GrpcServerProtocolService.java:lambda$onCompleted$5(159)) - f4dc5428-8803-43b0-8e6b-8ffa99f16cef: Completed APPEND_ENTRIES, lastReply: null
2024-01-30 07:45:14,070 [6af36478-fafe-44e8-8f65-092a10613903-impl-thread1] INFO  impl.PendingRequests (PendingRequests.java:sendNotLeaderResponses(289)) - 6af36478-fafe-44e8-8f65-092a10613903@group-B85ECF817262-PendingRequests: sendNotLeaderResponses
2024-01-30 07:45:14,096 [55f20ed8-ad05-4879-9178-788b5883eeb3-impl-thread3] INFO  impl.RoleInfo (RoleInfo.java:shutdownLeaderState(94)) - 55f20ed8-ad05-4879-9178-788b5883eeb3: shutdown 55f20ed8-ad05-4879-9178-788b5883eeb3@group-FA754A61616F-LeaderStateImpl
2024-01-30 07:45:14,098 [55f20ed8-ad05-4879-9178-788b5883eeb3-impl-thread3] INFO  impl.PendingRequests (PendingRequests.java:sendNotLeaderResponses(289)) - 55f20ed8-ad05-4879-9178-788b5883eeb3@group-FA754A61616F-PendingRequests: sendNotLeaderResponses
2024-01-30 07:45:14,098 [6af36478-fafe-44e8-8f65-092a10613903-impl-thread1] INFO  impl.StateMachineUpdater (StateMachineUpdater.java:stopAndJoin(157)) - 6af36478-fafe-44e8-8f65-092a10613903@group-B85ECF817262-StateMachineUpdater: set stopIndex = 0
2024-01-30 07:45:14,098 [6af36478-fafe-44e8-8f65-092a10613903@group-B85ECF817262-StateMachineUpdater] INFO  ratis.ContainerStateMachine (ContainerStateMachine.java:takeSnapshot(355)) - group-B85ECF817262: Taking a snapshot at:(t:1, i:0) file /home/runner/work/ozone/ozone/hadoop-ozone/integration-test/target/test-dir/MiniOzoneClusterImpl-b74639a9-f624-491a-a51e-4d41e99a633c/datanode-4/data/ratis/4cf6885c-1486-46ce-8fed-b85ecf817262/sm/snapshot.1_0
2024-01-30 07:45:14,098 [55f20ed8-ad05-4879-9178-788b5883eeb3-impl-thread3] INFO  impl.StateMachineUpdater (StateMachineUpdater.java:stopAndJoin(157)) - 55f20ed8-ad05-4879-9178-788b5883eeb3@group-FA754A61616F-StateMachineUpdater: set stopIndex = 0
2024-01-30 07:45:14,099 [55f20ed8-ad05-4879-9178-788b5883eeb3@group-FA754A61616F-StateMachineUpdater] INFO  ratis.ContainerStateMachine (ContainerStateMachine.java:takeSnapshot(355)) - group-FA754A61616F: Taking a snapshot at:(t:1, i:0) file /home/runner/work/ozone/ozone/hadoop-ozone/integration-test/target/test-dir/MiniOzoneClusterImpl-b74639a9-f624-491a-a51e-4d41e99a633c/datanode-3/data/ratis/d2e7e17e-f5a8-4111-b953-fa754a61616f/sm/snapshot.1_0
2024-01-30 07:45:14,099 [grpc-default-executor-4] INFO  server.GrpcServerProtocolService (GrpcServerProtocolService.java:onCompleted(157)) - 6af36478-fafe-44e8-8f65-092a10613903: Completed APPEND_ENTRIES, lastRequest: null
2024-01-30 07:45:14,096 [eae9be92-4231-488a-b42d-6128b74e9292-impl-thread1] INFO  server.RaftServer$Division (RaftServerImpl.java:lambda$close$3(526)) - eae9be92-4231-488a-b42d-6128b74e9292@group-FC27DF658E49: shutdown
2024-01-30 07:45:14,093 [grpc-default-executor-2] WARN  server.GrpcLogAppender (GrpcLogAppender.java:resetClient(226)) - 6af36478-fafe-44e8-8f65-092a10613903@group-B85ECF817262->55f20ed8-ad05-4879-9178-788b5883eeb3-GrpcLogAppender: Failed to getClient for 55f20ed8-ad05-4879-9178-788b5883eeb3
org.apache.ratis.protocol.exceptions.AlreadyClosedException: 6af36478-fafe-44e8-8f65-092a10613903 is already CLOSED
	at org.apache.ratis.util.PeerProxyMap$PeerAndProxy.getProxy(PeerProxyMap.java:65)
	at org.apache.ratis.util.PeerProxyMap.getProxy(PeerProxyMap.java:114)
	at org.apache.ratis.grpc.server.GrpcLogAppender.getClient(GrpcLogAppender.java:196)
	at org.apache.ratis.grpc.server.GrpcLogAppender.resetClient(GrpcLogAppender.java:201)
	at org.apache.ratis.grpc.server.GrpcLogAppender.access$800(GrpcLogAppender.java:62)
	at org.apache.ratis.grpc.server.GrpcLogAppender$AppendLogResponseHandler.onCompleted(GrpcLogAppender.java:547)
	at org.apache.ratis.thirdparty.io.grpc.stub.ClientCalls$StreamObserverToCallListenerAdapter.onClose(ClientCalls.java:479)
	at org.apache.ratis.thirdparty.io.grpc.internal.ClientCallImpl.closeObserver(ClientCallImpl.java:567)
	at org.apache.ratis.thirdparty.io.grpc.internal.ClientCallImpl.access$300(ClientCallImpl.java:71)
	at org.apache.ratis.thirdparty.io.grpc.internal.ClientCallImpl$ClientStreamListenerImpl$1StreamClosed.runInternal(ClientCallImpl.java:735)
	at org.apache.ratis.thirdparty.io.grpc.internal.ClientCallImpl$ClientStreamListenerImpl$1StreamClosed.runInContext(ClientCallImpl.java:716)
	at org.apache.ratis.thirdparty.io.grpc.internal.ContextRunnable.run(ContextRunnable.java:37)
	at org.apache.ratis.thirdparty.io.grpc.internal.SerializingExecutor.run(SerializingExecutor.java:133)
	at java.util.concurrent.ThreadPoolExecutor.runWorker(ThreadPoolExecutor.java:1149)
	at java.util.concurrent.ThreadPoolExecutor$Worker.run(ThreadPoolExecutor.java:624)
	at java.lang.Thread.run(Thread.java:750)
2024-01-30 07:45:14,101 [eae9be92-4231-488a-b42d-6128b74e9292-impl-thread3] INFO  server.RaftServer$Division (RaftServerImpl.java:lambda$close$3(526)) - eae9be92-4231-488a-b42d-6128b74e9292@group-511431F77EF9: shutdown
2024-01-30 07:45:14,101 [55f20ed8-ad05-4879-9178-788b5883eeb3@group-B85ECF817262-FollowerState] INFO  impl.FollowerState (FollowerState.java:run(152)) - 55f20ed8-ad05-4879-9178-788b5883eeb3@group-B85ECF817262-FollowerState was interrupted
2024-01-30 07:45:14,101 [grpc-default-executor-5] INFO  server.GrpcLogAppender (GrpcLogAppender.java:onCompleted(546)) - 6af36478-fafe-44e8-8f65-092a10613903@group-B85ECF817262->55f20ed8-ad05-4879-9178-788b5883eeb3-AppendLogResponseHandler: follower responses appendEntries COMPLETED
2024-01-30 07:45:14,101 [grpc-default-executor-5] WARN  server.GrpcLogAppender (GrpcLogAppender.java:resetClient(226)) - 6af36478-fafe-44e8-8f65-092a10613903@group-B85ECF817262->55f20ed8-ad05-4879-9178-788b5883eeb3-GrpcLogAppender: Failed to getClient for 55f20ed8-ad05-4879-9178-788b5883eeb3
org.apache.ratis.protocol.exceptions.AlreadyClosedException: 6af36478-fafe-44e8-8f65-092a10613903 is already CLOSED
	at org.apache.ratis.util.PeerProxyMap$PeerAndProxy.getProxy(PeerProxyMap.java:65)
	at org.apache.ratis.util.PeerProxyMap.getProxy(PeerProxyMap.java:114)
	at org.apache.ratis.grpc.server.GrpcLogAppender.getClient(GrpcLogAppender.java:196)
	at org.apache.ratis.grpc.server.GrpcLogAppender.resetClient(GrpcLogAppender.java:201)
	at org.apache.ratis.grpc.server.GrpcLogAppender.access$800(GrpcLogAppender.java:62)
	at org.apache.ratis.grpc.server.GrpcLogAppender$AppendLogResponseHandler.onCompleted(GrpcLogAppender.java:547)
	at org.apache.ratis.thirdparty.io.grpc.stub.ClientCalls$StreamObserverToCallListenerAdapter.onClose(ClientCalls.java:479)
	at org.apache.ratis.thirdparty.io.grpc.internal.ClientCallImpl.closeObserver(ClientCallImpl.java:567)
	at org.apache.ratis.thirdparty.io.grpc.internal.ClientCallImpl.access$300(ClientCallImpl.java:71)
	at org.apache.ratis.thirdparty.io.grpc.internal.ClientCallImpl$ClientStreamListenerImpl$1StreamClosed.runInternal(ClientCallImpl.java:735)
	at org.apache.ratis.thirdparty.io.grpc.internal.ClientCallImpl$ClientStreamListenerImpl$1StreamClosed.runInContext(ClientCallImpl.java:716)
	at org.apache.ratis.thirdparty.io.grpc.internal.ContextRunnable.run(ContextRunnable.java:37)
	at org.apache.ratis.thirdparty.io.grpc.internal.SerializingExecutor.run(SerializingExecutor.java:133)
	at java.util.concurrent.ThreadPoolExecutor.runWorker(ThreadPoolExecutor.java:1149)
	at java.util.concurrent.ThreadPoolExecutor$Worker.run(ThreadPoolExecutor.java:624)
	at java.lang.Thread.run(Thread.java:750)
2024-01-30 07:45:14,092 [f4dc5428-8803-43b0-8e6b-8ffa99f16cef@group-81CA7C03A8D2-FollowerState] INFO  impl.FollowerState (FollowerState.java:run(152)) - f4dc5428-8803-43b0-8e6b-8ffa99f16cef@group-81CA7C03A8D2-FollowerState was interrupted
2024-01-30 07:45:14,092 [f4dc5428-8803-43b0-8e6b-8ffa99f16cef-impl-thread2] INFO  impl.StateMachineUpdater (StateMachineUpdater.java:stopAndJoin(157)) - f4dc5428-8803-43b0-8e6b-8ffa99f16cef@group-81CA7C03A8D2-StateMachineUpdater: set stopIndex = -1
2024-01-30 07:45:14,101 [eae9be92-4231-488a-b42d-6128b74e9292-impl-thread3] INFO  util.JmxRegister (JmxRegister.java:unregister(73)) - Successfully un-registered JMX Bean with object name Ratis:service=RaftServer,group=group-511431F77EF9,id=eae9be92-4231-488a-b42d-6128b74e9292
2024-01-30 07:45:14,102 [eae9be92-4231-488a-b42d-6128b74e9292-impl-thread3] INFO  impl.RoleInfo (RoleInfo.java:shutdownLeaderState(94)) - eae9be92-4231-488a-b42d-6128b74e9292: shutdown eae9be92-4231-488a-b42d-6128b74e9292@group-511431F77EF9-LeaderStateImpl
2024-01-30 07:45:14,102 [eae9be92-4231-488a-b42d-6128b74e9292@group-511431F77EF9->bf3622ab-3fe7-408a-b5e0-736b392a243c-GrpcLogAppender-LogAppenderDaemon] WARN  server.GrpcLogAppender (GrpcLogAppender.java:mayWait(289)) - eae9be92-4231-488a-b42d-6128b74e9292@group-511431F77EF9->bf3622ab-3fe7-408a-b5e0-736b392a243c-GrpcLogAppender: Wait interrupted by java.lang.InterruptedException
2024-01-30 07:45:14,102 [eae9be92-4231-488a-b42d-6128b74e9292@group-511431F77EF9->68b35bab-6033-4329-aa6c-21b57b93715a-GrpcLogAppender-LogAppenderDaemon] WARN  server.GrpcLogAppender (GrpcLogAppender.java:mayWait(289)) - eae9be92-4231-488a-b42d-6128b74e9292@group-511431F77EF9->68b35bab-6033-4329-aa6c-21b57b93715a-GrpcLogAppender: Wait interrupted by java.lang.InterruptedException
2024-01-30 07:45:14,101 [55f20ed8-ad05-4879-9178-788b5883eeb3-impl-thread1] INFO  impl.StateMachineUpdater (StateMachineUpdater.java:stopAndJoin(157)) - 55f20ed8-ad05-4879-9178-788b5883eeb3@group-B85ECF817262-StateMachineUpdater: set stopIndex = -1
2024-01-30 07:45:14,104 [55f20ed8-ad05-4879-9178-788b5883eeb3-impl-thread1] INFO  server.RaftServer$Division (ServerState.java:close(427)) - 55f20ed8-ad05-4879-9178-788b5883eeb3@group-B85ECF817262: applyIndex: -1
2024-01-30 07:45:14,104 [55f20ed8-ad05-4879-9178-788b5883eeb3@group-B85ECF817262-cacheEviction-AwaitToRun] INFO  util.AwaitToRun (AwaitToRun.java:run(49)) - 55f20ed8-ad05-4879-9178-788b5883eeb3@group-B85ECF817262-cacheEviction-AwaitToRun-AwaitForSignal is interrupted
2024-01-30 07:45:14,101 [f4dc5428-8803-43b0-8e6b-8ffa99f16cef@group-B85ECF817262-FollowerState] INFO  impl.FollowerState (FollowerState.java:run(152)) - f4dc5428-8803-43b0-8e6b-8ffa99f16cef@group-B85ECF817262-FollowerState was interrupted
2024-01-30 07:45:14,101 [f4dc5428-8803-43b0-8e6b-8ffa99f16cef-impl-thread1] INFO  impl.StateMachineUpdater (StateMachineUpdater.java:stopAndJoin(157)) - f4dc5428-8803-43b0-8e6b-8ffa99f16cef@group-B85ECF817262-StateMachineUpdater: set stopIndex = -1
2024-01-30 07:45:14,100 [ForkJoinPool.commonPool-worker-1] INFO  server.GrpcService (GrpcService.java:closeImpl(311)) - eae9be92-4231-488a-b42d-6128b74e9292: shutdown server org.apache.ratis.grpc.server.GrpcClientProtocolService now
2024-01-30 07:45:14,100 [eae9be92-4231-488a-b42d-6128b74e9292-impl-thread2] INFO  server.RaftServer$Division (RaftServerImpl.java:lambda$close$3(526)) - eae9be92-4231-488a-b42d-6128b74e9292@group-21158D913229: shutdown
2024-01-30 07:45:14,104 [eae9be92-4231-488a-b42d-6128b74e9292-impl-thread2] INFO  util.JmxRegister (JmxRegister.java:unregister(73)) - Successfully un-registered JMX Bean with object name Ratis:service=RaftServer,group=group-21158D913229,id=eae9be92-4231-488a-b42d-6128b74e9292
2024-01-30 07:45:14,104 [eae9be92-4231-488a-b42d-6128b74e9292-impl-thread2] INFO  impl.RoleInfo (RoleInfo.java:shutdownLeaderState(94)) - eae9be92-4231-488a-b42d-6128b74e9292: shutdown eae9be92-4231-488a-b42d-6128b74e9292@group-21158D913229-LeaderStateImpl
2024-01-30 07:45:14,104 [eae9be92-4231-488a-b42d-6128b74e9292-impl-thread2] INFO  impl.PendingRequests (PendingRequests.java:sendNotLeaderResponses(289)) - eae9be92-4231-488a-b42d-6128b74e9292@group-21158D913229-PendingRequests: sendNotLeaderResponses
2024-01-30 07:45:14,105 [eae9be92-4231-488a-b42d-6128b74e9292-impl-thread2] INFO  impl.StateMachineUpdater (StateMachineUpdater.java:stopAndJoin(157)) - eae9be92-4231-488a-b42d-6128b74e9292@group-21158D913229-StateMachineUpdater: set stopIndex = 0
2024-01-30 07:45:14,100 [eae9be92-4231-488a-b42d-6128b74e9292-impl-thread1] INFO  util.JmxRegister (JmxRegister.java:unregister(73)) - Successfully un-registered JMX Bean with object name Ratis:service=RaftServer,group=group-FC27DF658E49,id=eae9be92-4231-488a-b42d-6128b74e9292
2024-01-30 07:45:14,105 [eae9be92-4231-488a-b42d-6128b74e9292-impl-thread1] INFO  impl.RoleInfo (RoleInfo.java:shutdownFollowerState(110)) - eae9be92-4231-488a-b42d-6128b74e9292: shutdown eae9be92-4231-488a-b42d-6128b74e9292@group-FC27DF658E49-FollowerState
2024-01-30 07:45:14,105 [Thread-804] INFO  server.GrpcServerProtocolClient (GrpcServerProtocolClient.java:close(103)) - bf3622ab-3fe7-408a-b5e0-736b392a243c Close channels
2024-01-30 07:45:14,105 [Thread-806] INFO  server.GrpcServerProtocolClient (GrpcServerProtocolClient.java:close(103)) - 68b35bab-6033-4329-aa6c-21b57b93715a Close channels
2024-01-30 07:45:14,100 [grpc-default-executor-4] INFO  server.GrpcServerProtocolService (GrpcServerProtocolService.java:lambda$onCompleted$5(159)) - 6af36478-fafe-44e8-8f65-092a10613903: Completed APPEND_ENTRIES, lastReply: serverReply {
  requestorId: "55f20ed8-ad05-4879-9178-788b5883eeb3"
  replyId: "6af36478-fafe-44e8-8f65-092a10613903"
  raftGroupId {
    id: "\212\364L\031\265RIA\2730\201\312|\003\250\322"
  }
  success: true
}
term: 1
followerCommit: 18446744073709551615
matchIndex: 18446744073709551615
isHearbeat: true

2024-01-30 07:45:14,105 [eae9be92-4231-488a-b42d-6128b74e9292@group-21158D913229-StateMachineUpdater] INFO  ratis.ContainerStateMachine (ContainerStateMachine.java:takeSnapshot(355)) - group-21158D913229: Taking a snapshot at:(t:1, i:0) file /home/runner/work/ozone/ozone/hadoop-ozone/integration-test/target/test-dir/MiniOzoneClusterImpl-b74639a9-f624-491a-a51e-4d41e99a633c/datanode-1/data/ratis/2fa8f7b4-795f-4d38-879a-21158d913229/sm/snapshot.1_0
2024-01-30 07:45:14,104 [f4dc5428-8803-43b0-8e6b-8ffa99f16cef-impl-thread1] INFO  server.RaftServer$Division (ServerState.java:close(427)) - f4dc5428-8803-43b0-8e6b-8ffa99f16cef@group-B85ECF817262: applyIndex: -1
2024-01-30 07:45:14,103 [grpc-default-executor-3] INFO  server.GrpcServerProtocolService (GrpcServerProtocolService.java:lambda$onCompleted$5(159)) - f4dc5428-8803-43b0-8e6b-8ffa99f16cef: Completed APPEND_ENTRIES, lastReply: serverReply {
  requestorId: "6af36478-fafe-44e8-8f65-092a10613903"
  replyId: "f4dc5428-8803-43b0-8e6b-8ffa99f16cef"
  raftGroupId {
    id: "L\366\210\\\024\206F\316\217\355\270^\317\201rb"
  }
  success: true
}
term: 1
followerCommit: 18446744073709551615
matchIndex: 18446744073709551615
isHearbeat: true

2024-01-30 07:45:14,102 [eae9be92-4231-488a-b42d-6128b74e9292-impl-thread3] INFO  impl.PendingRequests (PendingRequests.java:sendNotLeaderResponses(289)) - eae9be92-4231-488a-b42d-6128b74e9292@group-511431F77EF9-PendingRequests: sendNotLeaderResponses
2024-01-30 07:45:14,101 [f4dc5428-8803-43b0-8e6b-8ffa99f16cef-impl-thread2] INFO  server.RaftServer$Division (ServerState.java:close(427)) - f4dc5428-8803-43b0-8e6b-8ffa99f16cef@group-81CA7C03A8D2: applyIndex: -1
2024-01-30 07:45:14,113 [eae9be92-4231-488a-b42d-6128b74e9292-impl-thread3] INFO  impl.StateMachineUpdater (StateMachineUpdater.java:stopAndJoin(157)) - eae9be92-4231-488a-b42d-6128b74e9292@group-511431F77EF9-StateMachineUpdater: set stopIndex = 0
2024-01-30 07:45:14,113 [eae9be92-4231-488a-b42d-6128b74e9292@group-511431F77EF9-StateMachineUpdater] INFO  ratis.ContainerStateMachine (ContainerStateMachine.java:takeSnapshot(355)) - group-511431F77EF9: Taking a snapshot at:(t:1, i:0) file /home/runner/work/ozone/ozone/hadoop-ozone/integration-test/target/test-dir/MiniOzoneClusterImpl-b74639a9-f624-491a-a51e-4d41e99a633c/datanode-1/data/ratis/1663c5bc-106b-4c60-8b40-511431f77ef9/sm/snapshot.1_0
2024-01-30 07:45:14,114 [grpc-default-executor-5] INFO  server.GrpcServerProtocolService (GrpcServerProtocolService.java:onCompleted(157)) - bf3622ab-3fe7-408a-b5e0-736b392a243c: Completed APPEND_ENTRIES, lastRequest: eae9be92-4231-488a-b42d-6128b74e9292->bf3622ab-3fe7-408a-b5e0-736b392a243c#1-t1,previous=(t:0, i:0),leaderCommit=-1,initializing? false,entries: size=1, first=(t:1, i:0), CONFIGURATIONENTRY(current:id: "eae9be92-4231-488a-b42d-6128b74e9292"
address: "10.1.0.48:15023"
priority: 1
dataStreamAddress: "10.1.0.48:15024"
clientAddress: "10.1.0.48:15021"
adminAddress: "10.1.0.48:15022"
startupRole: FOLLOWER
,id: "bf3622ab-3fe7-408a-b5e0-736b392a243c"
address: "10.1.0.48:15032"
dataStreamAddress: "10.1.0.48:15033"
clientAddress: "10.1.0.48:15030"
adminAddress: "10.1.0.48:15031"
startupRole: FOLLOWER
,id: "68b35bab-6033-4329-aa6c-21b57b93715a"
address: "10.1.0.48:15014"
dataStreamAddress: "10.1.0.48:15015"
clientAddress: "10.1.0.48:15012"
adminAddress: "10.1.0.48:15013"
startupRole: FOLLOWER
, old:)
2024-01-30 07:45:14,114 [grpc-default-executor-5] INFO  server.GrpcServerProtocolService (GrpcServerProtocolService.java:lambda$onCompleted$5(159)) - bf3622ab-3fe7-408a-b5e0-736b392a243c: Completed APPEND_ENTRIES, lastReply: null
2024-01-30 07:45:14,114 [grpc-default-executor-3] INFO  server.GrpcLogAppender (GrpcLogAppender.java:onError(533)) - 55f20ed8-ad05-4879-9178-788b5883eeb3@group-81CA7C03A8D2->f4dc5428-8803-43b0-8e6b-8ffa99f16cef-GrpcLogAppender is already stopped
2024-01-30 07:45:14,114 [grpc-default-executor-3] INFO  server.GrpcLogAppender (GrpcLogAppender.java:onCompleted(546)) - 55f20ed8-ad05-4879-9178-788b5883eeb3@group-81CA7C03A8D2->6af36478-fafe-44e8-8f65-092a10613903-AppendLogResponseHandler: follower responses appendEntries COMPLETED
2024-01-30 07:45:14,114 [grpc-default-executor-5] INFO  server.GrpcServerProtocolService (GrpcServerProtocolService.java:onCompleted(157)) - 68b35bab-6033-4329-aa6c-21b57b93715a: Completed APPEND_ENTRIES, lastRequest: null
2024-01-30 07:45:14,115 [grpc-default-executor-5] INFO  server.GrpcServerProtocolService (GrpcServerProtocolService.java:lambda$onCompleted$5(159)) - 68b35bab-6033-4329-aa6c-21b57b93715a: Completed APPEND_ENTRIES, lastReply: serverReply {
  requestorId: "eae9be92-4231-488a-b42d-6128b74e9292"
  replyId: "68b35bab-6033-4329-aa6c-21b57b93715a"
  raftGroupId {
    id: "\026c\305\274\020kL`\213@Q\0241\367~\371"
  }
  success: true
}
term: 1
nextIndex: 1
followerCommit: 18446744073709551615
matchIndex: 18446744073709551615
isHearbeat: true

2024-01-30 07:45:14,118 [f4dc5428-8803-43b0-8e6b-8ffa99f16cef@group-81CA7C03A8D2-cacheEviction-AwaitToRun] INFO  util.AwaitToRun (AwaitToRun.java:run(49)) - f4dc5428-8803-43b0-8e6b-8ffa99f16cef@group-81CA7C03A8D2-cacheEviction-AwaitToRun-AwaitForSignal is interrupted
2024-01-30 07:45:14,118 [eae9be92-4231-488a-b42d-6128b74e9292@group-FC27DF658E49-FollowerState] INFO  impl.FollowerState (FollowerState.java:run(152)) - eae9be92-4231-488a-b42d-6128b74e9292@group-FC27DF658E49-FollowerState was interrupted
2024-01-30 07:45:14,118 [eae9be92-4231-488a-b42d-6128b74e9292-impl-thread1] INFO  impl.StateMachineUpdater (StateMachineUpdater.java:stopAndJoin(157)) - eae9be92-4231-488a-b42d-6128b74e9292@group-FC27DF658E49-StateMachineUpdater: set stopIndex = -1
2024-01-30 07:45:14,118 [eae9be92-4231-488a-b42d-6128b74e9292-impl-thread1] INFO  server.RaftServer$Division (ServerState.java:close(427)) - eae9be92-4231-488a-b42d-6128b74e9292@group-FC27DF658E49: applyIndex: -1
2024-01-30 07:45:14,119 [grpc-default-executor-4] WARN  server.GrpcServerProtocolService (LogUtils.java:warn(121)) - f4dc5428-8803-43b0-8e6b-8ffa99f16cef: APPEND_ENTRIES onError, lastRequest: null: org.apache.ratis.thirdparty.io.grpc.StatusRuntimeException: CANCELLED: client cancelled
2024-01-30 07:45:14,119 [ForkJoinPool.commonPool-worker-2] INFO  ozoneimpl.OzoneContainer (OzoneContainer.java:stop(479)) - Attempting to stop container services.
2024-01-30 07:45:14,118 [grpc-default-executor-3] WARN  server.GrpcLogAppender (GrpcLogAppender.java:resetClient(226)) - 55f20ed8-ad05-4879-9178-788b5883eeb3@group-81CA7C03A8D2->6af36478-fafe-44e8-8f65-092a10613903-GrpcLogAppender: Failed to getClient for 6af36478-fafe-44e8-8f65-092a10613903
org.apache.ratis.protocol.exceptions.AlreadyClosedException: 55f20ed8-ad05-4879-9178-788b5883eeb3 is already CLOSED
	at org.apache.ratis.util.PeerProxyMap$PeerAndProxy.getProxy(PeerProxyMap.java:65)
	at org.apache.ratis.util.PeerProxyMap.getProxy(PeerProxyMap.java:114)
	at org.apache.ratis.grpc.server.GrpcLogAppender.getClient(GrpcLogAppender.java:196)
	at org.apache.ratis.grpc.server.GrpcLogAppender.resetClient(GrpcLogAppender.java:201)
	at org.apache.ratis.grpc.server.GrpcLogAppender.access$800(GrpcLogAppender.java:62)
	at org.apache.ratis.grpc.server.GrpcLogAppender$AppendLogResponseHandler.onCompleted(GrpcLogAppender.java:547)
	at org.apache.ratis.thirdparty.io.grpc.stub.ClientCalls$StreamObserverToCallListenerAdapter.onClose(ClientCalls.java:479)
	at org.apache.ratis.thirdparty.io.grpc.internal.ClientCallImpl.closeObserver(ClientCallImpl.java:567)
	at org.apache.ratis.thirdparty.io.grpc.internal.ClientCallImpl.access$300(ClientCallImpl.java:71)
	at org.apache.ratis.thirdparty.io.grpc.internal.ClientCallImpl$ClientStreamListenerImpl$1StreamClosed.runInternal(ClientCallImpl.java:735)
	at org.apache.ratis.thirdparty.io.grpc.internal.ClientCallImpl$ClientStreamListenerImpl$1StreamClosed.runInContext(ClientCallImpl.java:716)
	at org.apache.ratis.thirdparty.io.grpc.internal.ContextRunnable.run(ContextRunnable.java:37)
	at org.apache.ratis.thirdparty.io.grpc.internal.SerializingExecutor.run(SerializingExecutor.java:133)
	at java.util.concurrent.ThreadPoolExecutor.runWorker(ThreadPoolExecutor.java:1149)
	at java.util.concurrent.ThreadPoolExecutor$Worker.run(ThreadPoolExecutor.java:624)
	at java.lang.Thread.run(Thread.java:750)
2024-01-30 07:45:14,119 [grpc-default-executor-0] INFO  server.GrpcLogAppender (GrpcLogAppender.java:onError(533)) - 55f20ed8-ad05-4879-9178-788b5883eeb3@group-81CA7C03A8D2->f4dc5428-8803-43b0-8e6b-8ffa99f16cef-GrpcLogAppender is already stopped
2024-01-30 07:45:14,119 [ForkJoinPool.commonPool-worker-3] INFO  server.GrpcService (GrpcService.java:closeImpl(320)) - f4dc5428-8803-43b0-8e6b-8ffa99f16cef: shutdown server GrpcServerProtocolService successfully
2024-01-30 07:45:14,120 [ForkJoinPool.commonPool-worker-3] INFO  server.GrpcService (GrpcService.java:closeImpl(311)) - f4dc5428-8803-43b0-8e6b-8ffa99f16cef: shutdown server org.apache.ratis.grpc.server.GrpcAdminProtocolService now
2024-01-30 07:45:14,118 [f4dc5428-8803-43b0-8e6b-8ffa99f16cef@group-B85ECF817262-cacheEviction-AwaitToRun] INFO  util.AwaitToRun (AwaitToRun.java:run(49)) - f4dc5428-8803-43b0-8e6b-8ffa99f16cef@group-B85ECF817262-cacheEviction-AwaitToRun-AwaitForSignal is interrupted
2024-01-30 07:45:14,120 [ForkJoinPool.commonPool-worker-2] INFO  server.RaftServer (RaftServerProxy.java:lambda$close$9(416)) - 68b35bab-6033-4329-aa6c-21b57b93715a: close
2024-01-30 07:45:14,121 [68b35bab-6033-4329-aa6c-21b57b93715a-impl-thread1] INFO  server.RaftServer$Division (RaftServerImpl.java:lambda$close$3(526)) - 68b35bab-6033-4329-aa6c-21b57b93715a@group-FC27DF658E49: shutdown
2024-01-30 07:45:14,122 [ForkJoinPool.commonPool-worker-3] INFO  server.GrpcService (GrpcService.java:closeImpl(320)) - f4dc5428-8803-43b0-8e6b-8ffa99f16cef: shutdown server org.apache.ratis.grpc.server.GrpcAdminProtocolService successfully
2024-01-30 07:45:14,121 [grpc-default-executor-6] INFO  server.GrpcLogAppender (GrpcLogAppender.java:onCompleted(546)) - eae9be92-4231-488a-b42d-6128b74e9292@group-511431F77EF9->bf3622ab-3fe7-408a-b5e0-736b392a243c-AppendLogResponseHandler: follower responses appendEntries COMPLETED
2024-01-30 07:45:14,121 [eae9be92-4231-488a-b42d-6128b74e9292@group-FC27DF658E49-cacheEviction-AwaitToRun] INFO  util.AwaitToRun (AwaitToRun.java:run(49)) - eae9be92-4231-488a-b42d-6128b74e9292@group-FC27DF658E49-cacheEviction-AwaitToRun-AwaitForSignal is interrupted
2024-01-30 07:45:14,122 [grpc-default-executor-0] INFO  server.GrpcLogAppender (GrpcLogAppender.java:onError(533)) - 6af36478-fafe-44e8-8f65-092a10613903@group-B85ECF817262->f4dc5428-8803-43b0-8e6b-8ffa99f16cef-GrpcLogAppender is already stopped
2024-01-30 07:45:14,122 [68b35bab-6033-4329-aa6c-21b57b93715a-impl-thread1] INFO  util.JmxRegister (JmxRegister.java:unregister(73)) - Successfully un-registered JMX Bean with object name Ratis:service=RaftServer,group=group-FC27DF658E49,id=68b35bab-6033-4329-aa6c-21b57b93715a
2024-01-30 07:45:14,123 [68b35bab-6033-4329-aa6c-21b57b93715a-impl-thread1] INFO  impl.RoleInfo (RoleInfo.java:shutdownLeaderState(94)) - 68b35bab-6033-4329-aa6c-21b57b93715a: shutdown 68b35bab-6033-4329-aa6c-21b57b93715a@group-FC27DF658E49-LeaderStateImpl
2024-01-30 07:45:14,124 [grpc-default-executor-7] INFO  server.GrpcServerProtocolService (GrpcServerProtocolService.java:onCompleted(157)) - 68b35bab-6033-4329-aa6c-21b57b93715a: Completed APPEND_ENTRIES, lastRequest: eae9be92-4231-488a-b42d-6128b74e9292->68b35bab-6033-4329-aa6c-21b57b93715a#1-t1,previous=(t:0, i:0),leaderCommit=-1,initializing? false,entries: size=1, first=(t:1, i:0), CONFIGURATIONENTRY(current:id: "eae9be92-4231-488a-b42d-6128b74e9292"
address: "10.1.0.48:15023"
priority: 1
dataStreamAddress: "10.1.0.48:15024"
clientAddress: "10.1.0.48:15021"
adminAddress: "10.1.0.48:15022"
startupRole: FOLLOWER
,id: "bf3622ab-3fe7-408a-b5e0-736b392a243c"
address: "10.1.0.48:15032"
dataStreamAddress: "10.1.0.48:15033"
clientAddress: "10.1.0.48:15030"
adminAddress: "10.1.0.48:15031"
startupRole: FOLLOWER
,id: "68b35bab-6033-4329-aa6c-21b57b93715a"
address: "10.1.0.48:15014"
dataStreamAddress: "10.1.0.48:15015"
clientAddress: "10.1.0.48:15012"
adminAddress: "10.1.0.48:15013"
startupRole: FOLLOWER
, old:)
2024-01-30 07:45:14,124 [grpc-default-executor-7] INFO  server.GrpcServerProtocolService (GrpcServerProtocolService.java:lambda$onCompleted$5(159)) - 68b35bab-6033-4329-aa6c-21b57b93715a: Completed APPEND_ENTRIES, lastReply: null
2024-01-30 07:45:14,124 [grpc-default-executor-0] INFO  server.GrpcServerProtocolService (GrpcServerProtocolService.java:onCompleted(157)) - bf3622ab-3fe7-408a-b5e0-736b392a243c: Completed APPEND_ENTRIES, lastRequest: null
2024-01-30 07:45:14,124 [grpc-default-executor-0] INFO  server.GrpcServerProtocolService (GrpcServerProtocolService.java:lambda$onCompleted$5(159)) - bf3622ab-3fe7-408a-b5e0-736b392a243c: Completed APPEND_ENTRIES, lastReply: serverReply {
  requestorId: "eae9be92-4231-488a-b42d-6128b74e9292"
  replyId: "bf3622ab-3fe7-408a-b5e0-736b392a243c"
  raftGroupId {
    id: "\026c\305\274\020kL`\213@Q\0241\367~\371"
  }
  success: true
}
term: 1
followerCommit: 18446744073709551615
matchIndex: 18446744073709551615
isHearbeat: true

2024-01-30 07:45:14,125 [grpc-default-executor-2] INFO  server.GrpcServerProtocolService (GrpcServerProtocolService.java:onCompleted(157)) - 6af36478-fafe-44e8-8f65-092a10613903: Completed APPEND_ENTRIES, lastRequest: 55f20ed8-ad05-4879-9178-788b5883eeb3->6af36478-fafe-44e8-8f65-092a10613903#1-t1,previous=(t:0, i:0),leaderCommit=-1,initializing? false,entries: size=1, first=(t:1, i:0), CONFIGURATIONENTRY(current:id: "f4dc5428-8803-43b0-8e6b-8ffa99f16cef"
address: "10.1.0.48:15059"
dataStreamAddress: "10.1.0.48:15060"
clientAddress: "10.1.0.48:15057"
adminAddress: "10.1.0.48:15058"
startupRole: FOLLOWER
,id: "55f20ed8-ad05-4879-9178-788b5883eeb3"
address: "10.1.0.48:15041"
priority: 1
dataStreamAddress: "10.1.0.48:15042"
clientAddress: "10.1.0.48:15039"
adminAddress: "10.1.0.48:15040"
startupRole: FOLLOWER
,id: "6af36478-fafe-44e8-8f65-092a10613903"
address: "10.1.0.48:15050"
dataStreamAddress: "10.1.0.48:15051"
clientAddress: "10.1.0.48:15048"
adminAddress: "10.1.0.48:15049"
startupRole: FOLLOWER
, old:)
2024-01-30 07:45:14,125 [grpc-default-executor-2] INFO  server.GrpcServerProtocolService (GrpcServerProtocolService.java:lambda$onCompleted$5(159)) - 6af36478-fafe-44e8-8f65-092a10613903: Completed APPEND_ENTRIES, lastReply: null
2024-01-30 07:45:14,126 [grpc-default-executor-4] INFO  server.GrpcLogAppender (GrpcLogAppender.java:onCompleted(546)) - eae9be92-4231-488a-b42d-6128b74e9292@group-511431F77EF9->68b35bab-6033-4329-aa6c-21b57b93715a-AppendLogResponseHandler: follower responses appendEntries COMPLETED
2024-01-30 07:45:14,127 [68b35bab-6033-4329-aa6c-21b57b93715a-impl-thread2] INFO  server.RaftServer$Division (RaftServerImpl.java:lambda$close$3(526)) - 68b35bab-6033-4329-aa6c-21b57b93715a@group-DED13CEF268A: shutdown
2024-01-30 07:45:14,127 [68b35bab-6033-4329-aa6c-21b57b93715a-impl-thread2] INFO  util.JmxRegister (JmxRegister.java:unregister(73)) - Successfully un-registered JMX Bean with object name Ratis:service=RaftServer,group=group-DED13CEF268A,id=68b35bab-6033-4329-aa6c-21b57b93715a
2024-01-30 07:45:14,127 [68b35bab-6033-4329-aa6c-21b57b93715a-impl-thread2] INFO  impl.RoleInfo (RoleInfo.java:shutdownLeaderState(94)) - 68b35bab-6033-4329-aa6c-21b57b93715a: shutdown 68b35bab-6033-4329-aa6c-21b57b93715a@group-DED13CEF268A-LeaderStateImpl
2024-01-30 07:45:14,127 [68b35bab-6033-4329-aa6c-21b57b93715a-impl-thread2] INFO  impl.PendingRequests (PendingRequests.java:sendNotLeaderResponses(289)) - 68b35bab-6033-4329-aa6c-21b57b93715a@group-DED13CEF268A-PendingRequests: sendNotLeaderResponses
2024-01-30 07:45:14,127 [68b35bab-6033-4329-aa6c-21b57b93715a-impl-thread2] INFO  impl.StateMachineUpdater (StateMachineUpdater.java:stopAndJoin(157)) - 68b35bab-6033-4329-aa6c-21b57b93715a@group-DED13CEF268A-StateMachineUpdater: set stopIndex = 0
2024-01-30 07:45:14,127 [68b35bab-6033-4329-aa6c-21b57b93715a@group-DED13CEF268A-StateMachineUpdater] INFO  ratis.ContainerStateMachine (ContainerStateMachine.java:takeSnapshot(355)) - group-DED13CEF268A: Taking a snapshot at:(t:1, i:0) file /home/runner/work/ozone/ozone/hadoop-ozone/integration-test/target/test-dir/MiniOzoneClusterImpl-b74639a9-f624-491a-a51e-4d41e99a633c/datanode-0/data/ratis/f403728d-5246-4a62-a455-ded13cef268a/sm/snapshot.1_0
2024-01-30 07:45:14,128 [ForkJoinPool.commonPool-worker-2] INFO  server.GrpcService (GrpcService.java:closeImpl(311)) - 68b35bab-6033-4329-aa6c-21b57b93715a: shutdown server org.apache.ratis.grpc.server.GrpcClientProtocolService now
2024-01-30 07:45:14,129 [grpc-default-executor-3] INFO  server.GrpcLogAppender (GrpcLogAppender.java:onCompleted(546)) - eae9be92-4231-488a-b42d-6128b74e9292@group-511431F77EF9->bf3622ab-3fe7-408a-b5e0-736b392a243c-AppendLogResponseHandler: follower responses appendEntries COMPLETED
2024-01-30 07:45:14,128 [68b35bab-6033-4329-aa6c-21b57b93715a-impl-thread3] INFO  server.RaftServer$Division (RaftServerImpl.java:lambda$close$3(526)) - 68b35bab-6033-4329-aa6c-21b57b93715a@group-511431F77EF9: shutdown
2024-01-30 07:45:14,132 [68b35bab-6033-4329-aa6c-21b57b93715a-impl-thread1] INFO  impl.PendingRequests (PendingRequests.java:sendNotLeaderResponses(289)) - 68b35bab-6033-4329-aa6c-21b57b93715a@group-FC27DF658E49-PendingRequests: sendNotLeaderResponses
2024-01-30 07:45:14,132 [68b35bab-6033-4329-aa6c-21b57b93715a@group-FC27DF658E49->eae9be92-4231-488a-b42d-6128b74e9292-GrpcLogAppender-LogAppenderDaemon] WARN  server.GrpcLogAppender (GrpcLogAppender.java:mayWait(289)) - 68b35bab-6033-4329-aa6c-21b57b93715a@group-FC27DF658E49->eae9be92-4231-488a-b42d-6128b74e9292-GrpcLogAppender: Wait interrupted by java.lang.InterruptedException
2024-01-30 07:45:14,134 [grpc-default-executor-0] INFO  server.GrpcServerProtocolService (GrpcServerProtocolService.java:onCompleted(157)) - eae9be92-4231-488a-b42d-6128b74e9292: Completed APPEND_ENTRIES, lastRequest: null
2024-01-30 07:45:14,134 [grpc-default-executor-0] INFO  server.GrpcServerProtocolService (GrpcServerProtocolService.java:lambda$onCompleted$5(159)) - eae9be92-4231-488a-b42d-6128b74e9292: Completed APPEND_ENTRIES, lastReply: serverReply {
  requestorId: "68b35bab-6033-4329-aa6c-21b57b93715a"
  replyId: "eae9be92-4231-488a-b42d-6128b74e9292"
  raftGroupId {
    id: "G$\364\031RzE\225\264\235\374\'\337e\216I"
  }
  success: true
}
term: 1
followerCommit: 18446744073709551615
matchIndex: 18446744073709551615
isHearbeat: true

2024-01-30 07:45:14,134 [68b35bab-6033-4329-aa6c-21b57b93715a@group-DED13CEF268A-StateMachineUpdater] INFO  ratis.ContainerStateMachine (ContainerStateMachine.java:takeSnapshot(366)) - group-DED13CEF268A: Finished taking a snapshot at:(t:1, i:0) file:/home/runner/work/ozone/ozone/hadoop-ozone/integration-test/target/test-dir/MiniOzoneClusterImpl-b74639a9-f624-491a-a51e-4d41e99a633c/datanode-0/data/ratis/f403728d-5246-4a62-a455-ded13cef268a/sm/snapshot.1_0 took: 7 ms
2024-01-30 07:45:14,134 [f4dc5428-8803-43b0-8e6b-8ffa99f16cef@group-C55566F64C03-StateMachineUpdater] INFO  ratis.ContainerStateMachine (ContainerStateMachine.java:takeSnapshot(366)) - group-C55566F64C03: Finished taking a snapshot at:(t:1, i:0) file:/home/runner/work/ozone/ozone/hadoop-ozone/integration-test/target/test-dir/MiniOzoneClusterImpl-b74639a9-f624-491a-a51e-4d41e99a633c/datanode-5/data/ratis/757bbc48-4709-4d49-959e-c55566f64c03/sm/snapshot.1_0 took: 55 ms
2024-01-30 07:45:14,135 [55f20ed8-ad05-4879-9178-788b5883eeb3@group-81CA7C03A8D2-StateMachineUpdater] INFO  ratis.ContainerStateMachine (ContainerStateMachine.java:takeSnapshot(366)) - group-81CA7C03A8D2: Finished taking a snapshot at:(t:1, i:0) file:/home/runner/work/ozone/ozone/hadoop-ozone/integration-test/target/test-dir/MiniOzoneClusterImpl-b74639a9-f624-491a-a51e-4d41e99a633c/datanode-3/data/ratis/8af44c19-b552-4941-bb30-81ca7c03a8d2/sm/snapshot.1_0 took: 39 ms
2024-01-30 07:45:14,135 [68b35bab-6033-4329-aa6c-21b57b93715a@group-DED13CEF268A-StateMachineUpdater] INFO  impl.StateMachineUpdater (StateMachineUpdater.java:takeSnapshot(295)) - 68b35bab-6033-4329-aa6c-21b57b93715a@group-DED13CEF268A-StateMachineUpdater: Took a snapshot at index 0
2024-01-30 07:45:14,135 [68b35bab-6033-4329-aa6c-21b57b93715a@group-DED13CEF268A-StateMachineUpdater] INFO  impl.StateMachineUpdater (StateMachineUpdater.java:lambda$new$0(98)) - 68b35bab-6033-4329-aa6c-21b57b93715a@group-DED13CEF268A-StateMachineUpdater: snapshotIndex: updateIncreasingly -1 -> 0
2024-01-30 07:45:14,135 [f4dc5428-8803-43b0-8e6b-8ffa99f16cef@group-C55566F64C03-StateMachineUpdater] INFO  impl.StateMachineUpdater (StateMachineUpdater.java:takeSnapshot(295)) - f4dc5428-8803-43b0-8e6b-8ffa99f16cef@group-C55566F64C03-StateMachineUpdater: Took a snapshot at index 0
2024-01-30 07:45:14,135 [f4dc5428-8803-43b0-8e6b-8ffa99f16cef@group-C55566F64C03-StateMachineUpdater] INFO  impl.StateMachineUpdater (StateMachineUpdater.java:lambda$new$0(98)) - f4dc5428-8803-43b0-8e6b-8ffa99f16cef@group-C55566F64C03-StateMachineUpdater: snapshotIndex: updateIncreasingly -1 -> 0
2024-01-30 07:45:14,136 [6af36478-fafe-44e8-8f65-092a10613903@group-2B83B386884B-StateMachineUpdater] INFO  ratis.ContainerStateMachine (ContainerStateMachine.java:takeSnapshot(366)) - group-2B83B386884B: Finished taking a snapshot at:(t:1, i:0) file:/home/runner/work/ozone/ozone/hadoop-ozone/integration-test/target/test-dir/MiniOzoneClusterImpl-b74639a9-f624-491a-a51e-4d41e99a633c/datanode-4/data/ratis/c049b9fe-84eb-4f8c-bf6c-2b83b386884b/sm/snapshot.1_0 took: 48 ms
2024-01-30 07:45:14,132 [ForkJoinPool.commonPool-worker-0] INFO  server.GrpcService (GrpcService.java:closeImpl(320)) - 6af36478-fafe-44e8-8f65-092a10613903: shutdown server org.apache.ratis.grpc.server.GrpcClientProtocolService successfully
2024-01-30 07:45:14,136 [ForkJoinPool.commonPool-worker-0] INFO  server.GrpcService (GrpcService.java:closeImpl(311)) - 6af36478-fafe-44e8-8f65-092a10613903: shutdown server GrpcServerProtocolService now
2024-01-30 07:45:14,132 [68b35bab-6033-4329-aa6c-21b57b93715a@group-FC27DF658E49->bf3622ab-3fe7-408a-b5e0-736b392a243c-GrpcLogAppender-LogAppenderDaemon] WARN  server.GrpcLogAppender (GrpcLogAppender.java:mayWait(289)) - 68b35bab-6033-4329-aa6c-21b57b93715a@group-FC27DF658E49->bf3622ab-3fe7-408a-b5e0-736b392a243c-GrpcLogAppender: Wait interrupted by java.lang.InterruptedException
2024-01-30 07:45:14,137 [grpc-default-executor-0] INFO  server.GrpcServerProtocolService (GrpcServerProtocolService.java:onCompleted(157)) - bf3622ab-3fe7-408a-b5e0-736b392a243c: Completed APPEND_ENTRIES, lastRequest: null
2024-01-30 07:45:14,137 [grpc-default-executor-0] INFO  server.GrpcServerProtocolService (GrpcServerProtocolService.java:lambda$onCompleted$5(159)) - bf3622ab-3fe7-408a-b5e0-736b392a243c: Completed APPEND_ENTRIES, lastReply: serverReply {
  requestorId: "68b35bab-6033-4329-aa6c-21b57b93715a"
  replyId: "bf3622ab-3fe7-408a-b5e0-736b392a243c"
  raftGroupId {
    id: "G$\364\031RzE\225\264\235\374\'\337e\216I"
  }
  success: true
}
term: 1
nextIndex: 1
followerCommit: 18446744073709551615
matchIndex: 18446744073709551615
isHearbeat: true

2024-01-30 07:45:14,137 [f4dc5428-8803-43b0-8e6b-8ffa99f16cef-impl-thread3] INFO  server.RaftServer$Division (ServerState.java:close(427)) - f4dc5428-8803-43b0-8e6b-8ffa99f16cef@group-C55566F64C03: applyIndex: 0
2024-01-30 07:45:14,137 [68b35bab-6033-4329-aa6c-21b57b93715a-impl-thread1] INFO  impl.StateMachineUpdater (StateMachineUpdater.java:stopAndJoin(157)) - 68b35bab-6033-4329-aa6c-21b57b93715a@group-FC27DF658E49-StateMachineUpdater: set stopIndex = 0
2024-01-30 07:45:14,132 [Thread-826] INFO  server.GrpcServerProtocolClient (GrpcServerProtocolClient.java:close(103)) - eae9be92-4231-488a-b42d-6128b74e9292 Close channels
2024-01-30 07:45:14,132 [ForkJoinPool.commonPool-worker-1] INFO  server.GrpcService (GrpcService.java:closeImpl(320)) - eae9be92-4231-488a-b42d-6128b74e9292: shutdown server org.apache.ratis.grpc.server.GrpcClientProtocolService successfully
2024-01-30 07:45:14,138 [ForkJoinPool.commonPool-worker-1] INFO  server.GrpcService (GrpcService.java:closeImpl(311)) - eae9be92-4231-488a-b42d-6128b74e9292: shutdown server GrpcServerProtocolService now
2024-01-30 07:45:14,132 [Thread-824] INFO  server.GrpcServerProtocolClient (GrpcServerProtocolClient.java:close(103)) - bf3622ab-3fe7-408a-b5e0-736b392a243c Close channels
2024-01-30 07:45:14,132 [main] INFO  server.GrpcService (GrpcService.java:closeImpl(320)) - 55f20ed8-ad05-4879-9178-788b5883eeb3: shutdown server org.apache.ratis.grpc.server.GrpcClientProtocolService successfully
2024-01-30 07:45:14,139 [main] INFO  server.GrpcService (GrpcService.java:closeImpl(311)) - 55f20ed8-ad05-4879-9178-788b5883eeb3: shutdown server GrpcServerProtocolService now
2024-01-30 07:45:14,131 [grpc-default-executor-7] INFO  server.GrpcLogAppender (GrpcLogAppender.java:onCompleted(546)) - eae9be92-4231-488a-b42d-6128b74e9292@group-511431F77EF9->68b35bab-6033-4329-aa6c-21b57b93715a-AppendLogResponseHandler: follower responses appendEntries COMPLETED
2024-01-30 07:45:14,131 [grpc-default-executor-1] INFO  server.GrpcLogAppender (GrpcLogAppender.java:onCompleted(546)) - 55f20ed8-ad05-4879-9178-788b5883eeb3@group-81CA7C03A8D2->6af36478-fafe-44e8-8f65-092a10613903-AppendLogResponseHandler: follower responses appendEntries COMPLETED
2024-01-30 07:45:14,142 [grpc-default-executor-1] WARN  server.GrpcLogAppender (GrpcLogAppender.java:resetClient(226)) - 55f20ed8-ad05-4879-9178-788b5883eeb3@group-81CA7C03A8D2->6af36478-fafe-44e8-8f65-092a10613903-GrpcLogAppender: Failed to getClient for 6af36478-fafe-44e8-8f65-092a10613903
org.apache.ratis.protocol.exceptions.AlreadyClosedException: 55f20ed8-ad05-4879-9178-788b5883eeb3 is already CLOSED
	at org.apache.ratis.util.PeerProxyMap$PeerAndProxy.getProxy(PeerProxyMap.java:65)
	at org.apache.ratis.util.PeerProxyMap.getProxy(PeerProxyMap.java:114)
	at org.apache.ratis.grpc.server.GrpcLogAppender.getClient(GrpcLogAppender.java:196)
	at org.apache.ratis.grpc.server.GrpcLogAppender.resetClient(GrpcLogAppender.java:201)
	at org.apache.ratis.grpc.server.GrpcLogAppender.access$800(GrpcLogAppender.java:62)
	at org.apache.ratis.grpc.server.GrpcLogAppender$AppendLogResponseHandler.onCompleted(GrpcLogAppender.java:547)
	at org.apache.ratis.thirdparty.io.grpc.stub.ClientCalls$StreamObserverToCallListenerAdapter.onClose(ClientCalls.java:479)
	at org.apache.ratis.thirdparty.io.grpc.internal.ClientCallImpl.closeObserver(ClientCallImpl.java:567)
	at org.apache.ratis.thirdparty.io.grpc.internal.ClientCallImpl.access$300(ClientCallImpl.java:71)
	at org.apache.ratis.thirdparty.io.grpc.internal.ClientCallImpl$ClientStreamListenerImpl$1StreamClosed.runInternal(ClientCallImpl.java:735)
	at org.apache.ratis.thirdparty.io.grpc.internal.ClientCallImpl$ClientStreamListenerImpl$1StreamClosed.runInContext(ClientCallImpl.java:716)
	at org.apache.ratis.thirdparty.io.grpc.internal.ContextRunnable.run(ContextRunnable.java:37)
	at org.apache.ratis.thirdparty.io.grpc.internal.SerializingExecutor.run(SerializingExecutor.java:133)
	at java.util.concurrent.ThreadPoolExecutor.runWorker(ThreadPoolExecutor.java:1149)
	at java.util.concurrent.ThreadPoolExecutor$Worker.run(ThreadPoolExecutor.java:624)
	at java.lang.Thread.run(Thread.java:750)
2024-01-30 07:45:14,130 [grpc-default-executor-3] WARN  server.GrpcLogAppender (GrpcLogAppender.java:resetClient(226)) - eae9be92-4231-488a-b42d-6128b74e9292@group-511431F77EF9->bf3622ab-3fe7-408a-b5e0-736b392a243c-GrpcLogAppender: Failed to getClient for bf3622ab-3fe7-408a-b5e0-736b392a243c
org.apache.ratis.protocol.exceptions.AlreadyClosedException: eae9be92-4231-488a-b42d-6128b74e9292 is already CLOSED
	at org.apache.ratis.util.PeerProxyMap$PeerAndProxy.getProxy(PeerProxyMap.java:65)
	at org.apache.ratis.util.PeerProxyMap.getProxy(PeerProxyMap.java:114)
	at org.apache.ratis.grpc.server.GrpcLogAppender.getClient(GrpcLogAppender.java:196)
	at org.apache.ratis.grpc.server.GrpcLogAppender.resetClient(GrpcLogAppender.java:201)
	at org.apache.ratis.grpc.server.GrpcLogAppender.access$800(GrpcLogAppender.java:62)
	at org.apache.ratis.grpc.server.GrpcLogAppender$AppendLogResponseHandler.onCompleted(GrpcLogAppender.java:547)
	at org.apache.ratis.thirdparty.io.grpc.stub.ClientCalls$StreamObserverToCallListenerAdapter.onClose(ClientCalls.java:479)
	at org.apache.ratis.thirdparty.io.grpc.internal.ClientCallImpl.closeObserver(ClientCallImpl.java:567)
	at org.apache.ratis.thirdparty.io.grpc.internal.ClientCallImpl.access$300(ClientCallImpl.java:71)
	at org.apache.ratis.thirdparty.io.grpc.internal.ClientCallImpl$ClientStreamListenerImpl$1StreamClosed.runInternal(ClientCallImpl.java:735)
	at org.apache.ratis.thirdparty.io.grpc.internal.ClientCallImpl$ClientStreamListenerImpl$1StreamClosed.runInContext(ClientCallImpl.java:716)
	at org.apache.ratis.thirdparty.io.grpc.internal.ContextRunnable.run(ContextRunnable.java:37)
	at org.apache.ratis.thirdparty.io.grpc.internal.SerializingExecutor.run(SerializingExecutor.java:133)
	at java.util.concurrent.ThreadPoolExecutor.runWorker(ThreadPoolExecutor.java:1149)
	at java.util.concurrent.ThreadPoolExecutor$Worker.run(ThreadPoolExecutor.java:624)
	at java.lang.Thread.run(Thread.java:750)
2024-01-30 07:45:14,130 [grpc-default-executor-4] WARN  server.GrpcLogAppender (GrpcLogAppender.java:resetClient(226)) - eae9be92-4231-488a-b42d-6128b74e9292@group-511431F77EF9->68b35bab-6033-4329-aa6c-21b57b93715a-GrpcLogAppender: Failed to getClient for 68b35bab-6033-4329-aa6c-21b57b93715a
org.apache.ratis.protocol.exceptions.AlreadyClosedException: eae9be92-4231-488a-b42d-6128b74e9292 is already CLOSED
	at org.apache.ratis.util.PeerProxyMap$PeerAndProxy.getProxy(PeerProxyMap.java:65)
	at org.apache.ratis.util.PeerProxyMap.getProxy(PeerProxyMap.java:114)
	at org.apache.ratis.grpc.server.GrpcLogAppender.getClient(GrpcLogAppender.java:196)
	at org.apache.ratis.grpc.server.GrpcLogAppender.resetClient(GrpcLogAppender.java:201)
	at org.apache.ratis.grpc.server.GrpcLogAppender.access$800(GrpcLogAppender.java:62)
	at org.apache.ratis.grpc.server.GrpcLogAppender$AppendLogResponseHandler.onCompleted(GrpcLogAppender.java:547)
	at org.apache.ratis.thirdparty.io.grpc.stub.ClientCalls$StreamObserverToCallListenerAdapter.onClose(ClientCalls.java:479)
	at org.apache.ratis.thirdparty.io.grpc.internal.ClientCallImpl.closeObserver(ClientCallImpl.java:567)
	at org.apache.ratis.thirdparty.io.grpc.internal.ClientCallImpl.access$300(ClientCallImpl.java:71)
	at org.apache.ratis.thirdparty.io.grpc.internal.ClientCallImpl$ClientStreamListenerImpl$1StreamClosed.runInternal(ClientCallImpl.java:735)
	at org.apache.ratis.thirdparty.io.grpc.internal.ClientCallImpl$ClientStreamListenerImpl$1StreamClosed.runInContext(ClientCallImpl.java:716)
	at org.apache.ratis.thirdparty.io.grpc.internal.ContextRunnable.run(ContextRunnable.java:37)
	at org.apache.ratis.thirdparty.io.grpc.internal.SerializingExecutor.run(SerializingExecutor.java:133)
	at java.util.concurrent.ThreadPoolExecutor.runWorker(ThreadPoolExecutor.java:1149)
	at java.util.concurrent.ThreadPoolExecutor$Worker.run(ThreadPoolExecutor.java:624)
	at java.lang.Thread.run(Thread.java:750)
2024-01-30 07:45:14,130 [grpc-default-executor-5] INFO  server.GrpcLogAppender (GrpcLogAppender.java:onError(533)) - 6af36478-fafe-44e8-8f65-092a10613903@group-B85ECF817262->f4dc5428-8803-43b0-8e6b-8ffa99f16cef-GrpcLogAppender is already stopped
2024-01-30 07:45:14,130 [grpc-default-executor-6] WARN  server.GrpcLogAppender (GrpcLogAppender.java:resetClient(226)) - eae9be92-4231-488a-b42d-6128b74e9292@group-511431F77EF9->bf3622ab-3fe7-408a-b5e0-736b392a243c-GrpcLogAppender: Failed to getClient for bf3622ab-3fe7-408a-b5e0-736b392a243c
org.apache.ratis.protocol.exceptions.AlreadyClosedException: eae9be92-4231-488a-b42d-6128b74e9292 is already CLOSED
	at org.apache.ratis.util.PeerProxyMap$PeerAndProxy.getProxy(PeerProxyMap.java:65)
	at org.apache.ratis.util.PeerProxyMap.getProxy(PeerProxyMap.java:114)
	at org.apache.ratis.grpc.server.GrpcLogAppender.getClient(GrpcLogAppender.java:196)
	at org.apache.ratis.grpc.server.GrpcLogAppender.resetClient(GrpcLogAppender.java:201)
	at org.apache.ratis.grpc.server.GrpcLogAppender.access$800(GrpcLogAppender.java:62)
	at org.apache.ratis.grpc.server.GrpcLogAppender$AppendLogResponseHandler.onCompleted(GrpcLogAppender.java:547)
	at org.apache.ratis.thirdparty.io.grpc.stub.ClientCalls$StreamObserverToCallListenerAdapter.onClose(ClientCalls.java:479)
	at org.apache.ratis.thirdparty.io.grpc.internal.ClientCallImpl.closeObserver(ClientCallImpl.java:567)
	at org.apache.ratis.thirdparty.io.grpc.internal.ClientCallImpl.access$300(ClientCallImpl.java:71)
	at org.apache.ratis.thirdparty.io.grpc.internal.ClientCallImpl$ClientStreamListenerImpl$1StreamClosed.runInternal(ClientCallImpl.java:735)
	at org.apache.ratis.thirdparty.io.grpc.internal.ClientCallImpl$ClientStreamListenerImpl$1StreamClosed.runInContext(ClientCallImpl.java:716)
	at org.apache.ratis.thirdparty.io.grpc.internal.ContextRunnable.run(ContextRunnable.java:37)
	at org.apache.ratis.thirdparty.io.grpc.internal.SerializingExecutor.run(SerializingExecutor.java:133)
	at java.util.concurrent.ThreadPoolExecutor.runWorker(ThreadPoolExecutor.java:1149)
	at java.util.concurrent.ThreadPoolExecutor$Worker.run(ThreadPoolExecutor.java:624)
	at java.lang.Thread.run(Thread.java:750)
2024-01-30 07:45:14,143 [f4dc5428-8803-43b0-8e6b-8ffa99f16cef@group-C55566F64C03-cacheEviction-AwaitToRun] INFO  util.AwaitToRun (AwaitToRun.java:run(49)) - f4dc5428-8803-43b0-8e6b-8ffa99f16cef@group-C55566F64C03-cacheEviction-AwaitToRun-AwaitForSignal is interrupted
2024-01-30 07:45:14,142 [grpc-default-executor-7] WARN  server.GrpcLogAppender (GrpcLogAppender.java:resetClient(226)) - eae9be92-4231-488a-b42d-6128b74e9292@group-511431F77EF9->68b35bab-6033-4329-aa6c-21b57b93715a-GrpcLogAppender: Failed to getClient for 68b35bab-6033-4329-aa6c-21b57b93715a
org.apache.ratis.protocol.exceptions.AlreadyClosedException: eae9be92-4231-488a-b42d-6128b74e9292 is already CLOSED
	at org.apache.ratis.util.PeerProxyMap$PeerAndProxy.getProxy(PeerProxyMap.java:65)
	at org.apache.ratis.util.PeerProxyMap.getProxy(PeerProxyMap.java:114)
	at org.apache.ratis.grpc.server.GrpcLogAppender.getClient(GrpcLogAppender.java:196)
	at org.apache.ratis.grpc.server.GrpcLogAppender.resetClient(GrpcLogAppender.java:201)
	at org.apache.ratis.grpc.server.GrpcLogAppender.access$800(GrpcLogAppender.java:62)
	at org.apache.ratis.grpc.server.GrpcLogAppender$AppendLogResponseHandler.onCompleted(GrpcLogAppender.java:547)
	at org.apache.ratis.thirdparty.io.grpc.stub.ClientCalls$StreamObserverToCallListenerAdapter.onClose(ClientCalls.java:479)
	at org.apache.ratis.thirdparty.io.grpc.internal.ClientCallImpl.closeObserver(ClientCallImpl.java:567)
	at org.apache.ratis.thirdparty.io.grpc.internal.ClientCallImpl.access$300(ClientCallImpl.java:71)
	at org.apache.ratis.thirdparty.io.grpc.internal.ClientCallImpl$ClientStreamListenerImpl$1StreamClosed.runInternal(ClientCallImpl.java:735)
	at org.apache.ratis.thirdparty.io.grpc.internal.ClientCallImpl$ClientStreamListenerImpl$1StreamClosed.runInContext(ClientCallImpl.java:716)
	at org.apache.ratis.thirdparty.io.grpc.internal.ContextRunnable.run(ContextRunnable.java:37)
	at org.apache.ratis.thirdparty.io.grpc.internal.SerializingExecutor.run(SerializingExecutor.java:133)
	at java.util.concurrent.ThreadPoolExecutor.runWorker(ThreadPoolExecutor.java:1149)
	at java.util.concurrent.ThreadPoolExecutor$Worker.run(ThreadPoolExecutor.java:624)
	at java.lang.Thread.run(Thread.java:750)
2024-01-30 07:45:14,138 [68b35bab-6033-4329-aa6c-21b57b93715a-impl-thread2] INFO  server.RaftServer$Division (ServerState.java:close(427)) - 68b35bab-6033-4329-aa6c-21b57b93715a@group-DED13CEF268A: applyIndex: 0
2024-01-30 07:45:14,137 [68b35bab-6033-4329-aa6c-21b57b93715a@group-FC27DF658E49-StateMachineUpdater] INFO  ratis.ContainerStateMachine (ContainerStateMachine.java:takeSnapshot(355)) - group-FC27DF658E49: Taking a snapshot at:(t:1, i:0) file /home/runner/work/ozone/ozone/hadoop-ozone/integration-test/target/test-dir/MiniOzoneClusterImpl-b74639a9-f624-491a-a51e-4d41e99a633c/datanode-0/data/ratis/4724f419-527a-4595-b49d-fc27df658e49/sm/snapshot.1_0
2024-01-30 07:45:14,136 [eae9be92-4231-488a-b42d-6128b74e9292@group-21158D913229-StateMachineUpdater] INFO  ratis.ContainerStateMachine (ContainerStateMachine.java:takeSnapshot(366)) - group-21158D913229: Finished taking a snapshot at:(t:1, i:0) file:/home/runner/work/ozone/ozone/hadoop-ozone/integration-test/target/test-dir/MiniOzoneClusterImpl-b74639a9-f624-491a-a51e-4d41e99a633c/datanode-1/data/ratis/2fa8f7b4-795f-4d38-879a-21158d913229/sm/snapshot.1_0 took: 31 ms
2024-01-30 07:45:14,136 [6af36478-fafe-44e8-8f65-092a10613903@group-2B83B386884B-StateMachineUpdater] INFO  impl.StateMachineUpdater (StateMachineUpdater.java:takeSnapshot(295)) - 6af36478-fafe-44e8-8f65-092a10613903@group-2B83B386884B-StateMachineUpdater: Took a snapshot at index 0
2024-01-30 07:45:14,144 [6af36478-fafe-44e8-8f65-092a10613903@group-2B83B386884B-StateMachineUpdater] INFO  impl.StateMachineUpdater (StateMachineUpdater.java:lambda$new$0(98)) - 6af36478-fafe-44e8-8f65-092a10613903@group-2B83B386884B-StateMachineUpdater: snapshotIndex: updateIncreasingly -1 -> 0
2024-01-30 07:45:14,135 [grpc-default-executor-2] INFO  server.GrpcServerProtocolService (GrpcServerProtocolService.java:onCompleted(157)) - eae9be92-4231-488a-b42d-6128b74e9292: Completed APPEND_ENTRIES, lastRequest: 68b35bab-6033-4329-aa6c-21b57b93715a->eae9be92-4231-488a-b42d-6128b74e9292#1-t1,previous=(t:0, i:0),leaderCommit=-1,initializing? false,entries: size=1, first=(t:1, i:0), CONFIGURATIONENTRY(current:id: "bf3622ab-3fe7-408a-b5e0-736b392a243c"
address: "10.1.0.48:15032"
dataStreamAddress: "10.1.0.48:15033"
clientAddress: "10.1.0.48:15030"
adminAddress: "10.1.0.48:15031"
startupRole: FOLLOWER
,id: "eae9be92-4231-488a-b42d-6128b74e9292"
address: "10.1.0.48:15023"
dataStreamAddress: "10.1.0.48:15024"
clientAddress: "10.1.0.48:15021"
adminAddress: "10.1.0.48:15022"
startupRole: FOLLOWER
,id: "68b35bab-6033-4329-aa6c-21b57b93715a"
address: "10.1.0.48:15014"
priority: 1
dataStreamAddress: "10.1.0.48:15015"
clientAddress: "10.1.0.48:15012"
adminAddress: "10.1.0.48:15013"
startupRole: FOLLOWER
, old:)
2024-01-30 07:45:14,144 [grpc-default-executor-2] INFO  server.GrpcServerProtocolService (GrpcServerProtocolService.java:lambda$onCompleted$5(159)) - eae9be92-4231-488a-b42d-6128b74e9292: Completed APPEND_ENTRIES, lastReply: null
2024-01-30 07:45:14,135 [55f20ed8-ad05-4879-9178-788b5883eeb3@group-81CA7C03A8D2-StateMachineUpdater] INFO  impl.StateMachineUpdater (StateMachineUpdater.java:takeSnapshot(295)) - 55f20ed8-ad05-4879-9178-788b5883eeb3@group-81CA7C03A8D2-StateMachineUpdater: Took a snapshot at index 0
2024-01-30 07:45:14,145 [55f20ed8-ad05-4879-9178-788b5883eeb3@group-81CA7C03A8D2-StateMachineUpdater] INFO  impl.StateMachineUpdater (StateMachineUpdater.java:lambda$new$0(98)) - 55f20ed8-ad05-4879-9178-788b5883eeb3@group-81CA7C03A8D2-StateMachineUpdater: snapshotIndex: updateIncreasingly -1 -> 0
2024-01-30 07:45:14,135 [6af36478-fafe-44e8-8f65-092a10613903@group-B85ECF817262-StateMachineUpdater] INFO  ratis.ContainerStateMachine (ContainerStateMachine.java:takeSnapshot(366)) - group-B85ECF817262: Finished taking a snapshot at:(t:1, i:0) file:/home/runner/work/ozone/ozone/hadoop-ozone/integration-test/target/test-dir/MiniOzoneClusterImpl-b74639a9-f624-491a-a51e-4d41e99a633c/datanode-4/data/ratis/4cf6885c-1486-46ce-8fed-b85ecf817262/sm/snapshot.1_0 took: 36 ms
2024-01-30 07:45:14,145 [6af36478-fafe-44e8-8f65-092a10613903@group-B85ECF817262-StateMachineUpdater] INFO  impl.StateMachineUpdater (StateMachineUpdater.java:takeSnapshot(295)) - 6af36478-fafe-44e8-8f65-092a10613903@group-B85ECF817262-StateMachineUpdater: Took a snapshot at index 0
2024-01-30 07:45:14,145 [6af36478-fafe-44e8-8f65-092a10613903@group-B85ECF817262-StateMachineUpdater] INFO  impl.StateMachineUpdater (StateMachineUpdater.java:lambda$new$0(98)) - 6af36478-fafe-44e8-8f65-092a10613903@group-B85ECF817262-StateMachineUpdater: snapshotIndex: updateIncreasingly -1 -> 0
2024-01-30 07:45:14,145 [55f20ed8-ad05-4879-9178-788b5883eeb3-impl-thread2] INFO  server.RaftServer$Division (ServerState.java:close(427)) - 55f20ed8-ad05-4879-9178-788b5883eeb3@group-81CA7C03A8D2: applyIndex: 0
2024-01-30 07:45:14,134 [55f20ed8-ad05-4879-9178-788b5883eeb3@group-FA754A61616F-StateMachineUpdater] INFO  ratis.ContainerStateMachine (ContainerStateMachine.java:takeSnapshot(366)) - group-FA754A61616F: Finished taking a snapshot at:(t:1, i:0) file:/home/runner/work/ozone/ozone/hadoop-ozone/integration-test/target/test-dir/MiniOzoneClusterImpl-b74639a9-f624-491a-a51e-4d41e99a633c/datanode-3/data/ratis/d2e7e17e-f5a8-4111-b953-fa754a61616f/sm/snapshot.1_0 took: 36 ms
2024-01-30 07:45:14,145 [55f20ed8-ad05-4879-9178-788b5883eeb3@group-FA754A61616F-StateMachineUpdater] INFO  impl.StateMachineUpdater (StateMachineUpdater.java:takeSnapshot(295)) - 55f20ed8-ad05-4879-9178-788b5883eeb3@group-FA754A61616F-StateMachineUpdater: Took a snapshot at index 0
2024-01-30 07:45:14,145 [55f20ed8-ad05-4879-9178-788b5883eeb3@group-FA754A61616F-StateMachineUpdater] INFO  impl.StateMachineUpdater (StateMachineUpdater.java:lambda$new$0(98)) - 55f20ed8-ad05-4879-9178-788b5883eeb3@group-FA754A61616F-StateMachineUpdater: snapshotIndex: updateIncreasingly -1 -> 0
2024-01-30 07:45:14,134 [eae9be92-4231-488a-b42d-6128b74e9292@group-511431F77EF9-StateMachineUpdater] INFO  ratis.ContainerStateMachine (ContainerStateMachine.java:takeSnapshot(366)) - group-511431F77EF9: Finished taking a snapshot at:(t:1, i:0) file:/home/runner/work/ozone/ozone/hadoop-ozone/integration-test/target/test-dir/MiniOzoneClusterImpl-b74639a9-f624-491a-a51e-4d41e99a633c/datanode-1/data/ratis/1663c5bc-106b-4c60-8b40-511431f77ef9/sm/snapshot.1_0 took: 22 ms
2024-01-30 07:45:14,146 [eae9be92-4231-488a-b42d-6128b74e9292@group-511431F77EF9-StateMachineUpdater] INFO  impl.StateMachineUpdater (StateMachineUpdater.java:takeSnapshot(295)) - eae9be92-4231-488a-b42d-6128b74e9292@group-511431F77EF9-StateMachineUpdater: Took a snapshot at index 0
2024-01-30 07:45:14,146 [eae9be92-4231-488a-b42d-6128b74e9292@group-511431F77EF9-StateMachineUpdater] INFO  impl.StateMachineUpdater (StateMachineUpdater.java:lambda$new$0(98)) - eae9be92-4231-488a-b42d-6128b74e9292@group-511431F77EF9-StateMachineUpdater: snapshotIndex: updateIncreasingly -1 -> 0
2024-01-30 07:45:14,146 [eae9be92-4231-488a-b42d-6128b74e9292-impl-thread3] INFO  server.RaftServer$Division (ServerState.java:close(427)) - eae9be92-4231-488a-b42d-6128b74e9292@group-511431F77EF9: applyIndex: 0
2024-01-30 07:45:14,146 [6af36478-fafe-44e8-8f65-092a10613903-impl-thread2] INFO  server.RaftServer$Division (ServerState.java:close(427)) - 6af36478-fafe-44e8-8f65-092a10613903@group-2B83B386884B: applyIndex: 0
2024-01-30 07:45:14,147 [6af36478-fafe-44e8-8f65-092a10613903@group-2B83B386884B-cacheEviction-AwaitToRun] INFO  util.AwaitToRun (AwaitToRun.java:run(49)) - 6af36478-fafe-44e8-8f65-092a10613903@group-2B83B386884B-cacheEviction-AwaitToRun-AwaitForSignal is interrupted
2024-01-30 07:45:14,147 [grpc-default-executor-2] INFO  server.GrpcLogAppender (GrpcLogAppender.java:onError(533)) - 68b35bab-6033-4329-aa6c-21b57b93715a@group-FC27DF658E49->eae9be92-4231-488a-b42d-6128b74e9292-GrpcLogAppender is already stopped
2024-01-30 07:45:14,149 [55f20ed8-ad05-4879-9178-788b5883eeb3@group-81CA7C03A8D2-cacheEviction-AwaitToRun] INFO  util.AwaitToRun (AwaitToRun.java:run(49)) - 55f20ed8-ad05-4879-9178-788b5883eeb3@group-81CA7C03A8D2-cacheEviction-AwaitToRun-AwaitForSignal is interrupted
2024-01-30 07:45:14,149 [68b35bab-6033-4329-aa6c-21b57b93715a@group-DED13CEF268A-cacheEviction-AwaitToRun] INFO  util.AwaitToRun (AwaitToRun.java:run(49)) - 68b35bab-6033-4329-aa6c-21b57b93715a@group-DED13CEF268A-cacheEviction-AwaitToRun-AwaitForSignal is interrupted
2024-01-30 07:45:14,133 [68b35bab-6033-4329-aa6c-21b57b93715a-impl-thread3] INFO  util.JmxRegister (JmxRegister.java:unregister(73)) - Successfully un-registered JMX Bean with object name Ratis:service=RaftServer,group=group-511431F77EF9,id=68b35bab-6033-4329-aa6c-21b57b93715a
2024-01-30 07:45:14,151 [68b35bab-6033-4329-aa6c-21b57b93715a-impl-thread3] INFO  impl.RoleInfo (RoleInfo.java:shutdownFollowerState(110)) - 68b35bab-6033-4329-aa6c-21b57b93715a: shutdown 68b35bab-6033-4329-aa6c-21b57b93715a@group-511431F77EF9-FollowerState
2024-01-30 07:45:14,151 [grpc-default-executor-10] INFO  server.GrpcLogAppender (GrpcLogAppender.java:onCompleted(546)) - 68b35bab-6033-4329-aa6c-21b57b93715a@group-FC27DF658E49->eae9be92-4231-488a-b42d-6128b74e9292-AppendLogResponseHandler: follower responses appendEntries COMPLETED
2024-01-30 07:45:14,151 [main] INFO  server.GrpcService (GrpcService.java:closeImpl(320)) - 55f20ed8-ad05-4879-9178-788b5883eeb3: shutdown server GrpcServerProtocolService successfully
2024-01-30 07:45:14,151 [main] INFO  server.GrpcService (GrpcService.java:closeImpl(311)) - 55f20ed8-ad05-4879-9178-788b5883eeb3: shutdown server org.apache.ratis.grpc.server.GrpcAdminProtocolService now
2024-01-30 07:45:14,151 [ForkJoinPool.commonPool-worker-0] INFO  server.GrpcService (GrpcService.java:closeImpl(320)) - 6af36478-fafe-44e8-8f65-092a10613903: shutdown server GrpcServerProtocolService successfully
2024-01-30 07:45:14,152 [ForkJoinPool.commonPool-worker-0] INFO  server.GrpcService (GrpcService.java:closeImpl(311)) - 6af36478-fafe-44e8-8f65-092a10613903: shutdown server org.apache.ratis.grpc.server.GrpcAdminProtocolService now
2024-01-30 07:45:14,151 [ForkJoinPool.commonPool-worker-1] INFO  server.GrpcService (GrpcService.java:closeImpl(320)) - eae9be92-4231-488a-b42d-6128b74e9292: shutdown server GrpcServerProtocolService successfully
2024-01-30 07:45:14,152 [ForkJoinPool.commonPool-worker-1] INFO  server.GrpcService (GrpcService.java:closeImpl(311)) - eae9be92-4231-488a-b42d-6128b74e9292: shutdown server org.apache.ratis.grpc.server.GrpcAdminProtocolService now
2024-01-30 07:45:14,147 [eae9be92-4231-488a-b42d-6128b74e9292@group-511431F77EF9-cacheEviction-AwaitToRun] INFO  util.AwaitToRun (AwaitToRun.java:run(49)) - eae9be92-4231-488a-b42d-6128b74e9292@group-511431F77EF9-cacheEviction-AwaitToRun-AwaitForSignal is interrupted
2024-01-30 07:45:14,146 [55f20ed8-ad05-4879-9178-788b5883eeb3-impl-thread3] INFO  server.RaftServer$Division (ServerState.java:close(427)) - 55f20ed8-ad05-4879-9178-788b5883eeb3@group-FA754A61616F: applyIndex: 0
2024-01-30 07:45:14,145 [6af36478-fafe-44e8-8f65-092a10613903-impl-thread1] INFO  server.RaftServer$Division (ServerState.java:close(427)) - 6af36478-fafe-44e8-8f65-092a10613903@group-B85ECF817262: applyIndex: 0
2024-01-30 07:45:14,145 [grpc-default-executor-8] INFO  server.GrpcServerProtocolService (GrpcServerProtocolService.java:onCompleted(157)) - bf3622ab-3fe7-408a-b5e0-736b392a243c: Completed APPEND_ENTRIES, lastRequest: 68b35bab-6033-4329-aa6c-21b57b93715a->bf3622ab-3fe7-408a-b5e0-736b392a243c#1-t1,previous=(t:0, i:0),leaderCommit=-1,initializing? false,entries: size=1, first=(t:1, i:0), CONFIGURATIONENTRY(current:id: "bf3622ab-3fe7-408a-b5e0-736b392a243c"
address: "10.1.0.48:15032"
dataStreamAddress: "10.1.0.48:15033"
clientAddress: "10.1.0.48:15030"
adminAddress: "10.1.0.48:15031"
startupRole: FOLLOWER
,id: "eae9be92-4231-488a-b42d-6128b74e9292"
address: "10.1.0.48:15023"
dataStreamAddress: "10.1.0.48:15024"
clientAddress: "10.1.0.48:15021"
adminAddress: "10.1.0.48:15022"
startupRole: FOLLOWER
,id: "68b35bab-6033-4329-aa6c-21b57b93715a"
address: "10.1.0.48:15014"
priority: 1
dataStreamAddress: "10.1.0.48:15015"
clientAddress: "10.1.0.48:15012"
adminAddress: "10.1.0.48:15013"
startupRole: FOLLOWER
, old:)
2024-01-30 07:45:14,153 [grpc-default-executor-8] INFO  server.GrpcServerProtocolService (GrpcServerProtocolService.java:lambda$onCompleted$5(159)) - bf3622ab-3fe7-408a-b5e0-736b392a243c: Completed APPEND_ENTRIES, lastReply: null
2024-01-30 07:45:14,153 [grpc-default-executor-8] INFO  server.GrpcLogAppender (GrpcLogAppender.java:onCompleted(546)) - 68b35bab-6033-4329-aa6c-21b57b93715a@group-FC27DF658E49->bf3622ab-3fe7-408a-b5e0-736b392a243c-AppendLogResponseHandler: follower responses appendEntries COMPLETED
2024-01-30 07:45:14,153 [ForkJoinPool.commonPool-worker-2] INFO  server.GrpcService (GrpcService.java:closeImpl(320)) - 68b35bab-6033-4329-aa6c-21b57b93715a: shutdown server org.apache.ratis.grpc.server.GrpcClientProtocolService successfully
2024-01-30 07:45:14,153 [ForkJoinPool.commonPool-worker-2] INFO  server.GrpcService (GrpcService.java:closeImpl(311)) - 68b35bab-6033-4329-aa6c-21b57b93715a: shutdown server GrpcServerProtocolService now
2024-01-30 07:45:14,145 [68b35bab-6033-4329-aa6c-21b57b93715a@group-FC27DF658E49-StateMachineUpdater] INFO  ratis.ContainerStateMachine (ContainerStateMachine.java:takeSnapshot(366)) - group-FC27DF658E49: Finished taking a snapshot at:(t:1, i:0) file:/home/runner/work/ozone/ozone/hadoop-ozone/integration-test/target/test-dir/MiniOzoneClusterImpl-b74639a9-f624-491a-a51e-4d41e99a633c/datanode-0/data/ratis/4724f419-527a-4595-b49d-fc27df658e49/sm/snapshot.1_0 took: 7 ms
2024-01-30 07:45:14,158 [68b35bab-6033-4329-aa6c-21b57b93715a@group-FC27DF658E49-StateMachineUpdater] INFO  impl.StateMachineUpdater (StateMachineUpdater.java:takeSnapshot(295)) - 68b35bab-6033-4329-aa6c-21b57b93715a@group-FC27DF658E49-StateMachineUpdater: Took a snapshot at index 0
2024-01-30 07:45:14,158 [68b35bab-6033-4329-aa6c-21b57b93715a@group-FC27DF658E49-StateMachineUpdater] INFO  impl.StateMachineUpdater (StateMachineUpdater.java:lambda$new$0(98)) - 68b35bab-6033-4329-aa6c-21b57b93715a@group-FC27DF658E49-StateMachineUpdater: snapshotIndex: updateIncreasingly -1 -> 0
2024-01-30 07:45:14,158 [68b35bab-6033-4329-aa6c-21b57b93715a-impl-thread1] INFO  server.RaftServer$Division (ServerState.java:close(427)) - 68b35bab-6033-4329-aa6c-21b57b93715a@group-FC27DF658E49: applyIndex: 0
2024-01-30 07:45:14,159 [68b35bab-6033-4329-aa6c-21b57b93715a@group-FC27DF658E49-cacheEviction-AwaitToRun] INFO  util.AwaitToRun (AwaitToRun.java:run(49)) - 68b35bab-6033-4329-aa6c-21b57b93715a@group-FC27DF658E49-cacheEviction-AwaitToRun-AwaitForSignal is interrupted
2024-01-30 07:45:14,144 [eae9be92-4231-488a-b42d-6128b74e9292@group-21158D913229-StateMachineUpdater] INFO  impl.StateMachineUpdater (StateMachineUpdater.java:takeSnapshot(295)) - eae9be92-4231-488a-b42d-6128b74e9292@group-21158D913229-StateMachineUpdater: Took a snapshot at index 0
2024-01-30 07:45:14,159 [eae9be92-4231-488a-b42d-6128b74e9292@group-21158D913229-StateMachineUpdater] INFO  impl.StateMachineUpdater (StateMachineUpdater.java:lambda$new$0(98)) - eae9be92-4231-488a-b42d-6128b74e9292@group-21158D913229-StateMachineUpdater: snapshotIndex: updateIncreasingly -1 -> 0
2024-01-30 07:45:14,144 [grpc-default-executor-9] INFO  server.GrpcLogAppender (GrpcLogAppender.java:onCompleted(546)) - 68b35bab-6033-4329-aa6c-21b57b93715a@group-FC27DF658E49->bf3622ab-3fe7-408a-b5e0-736b392a243c-AppendLogResponseHandler: follower responses appendEntries COMPLETED
2024-01-30 07:45:14,163 [ForkJoinPool.commonPool-worker-6] INFO  ozoneimpl.OzoneContainer (OzoneContainer.java:stop(479)) - Attempting to stop container services.
2024-01-30 07:45:14,162 [eae9be92-4231-488a-b42d-6128b74e9292-impl-thread2] INFO  server.RaftServer$Division (ServerState.java:close(427)) - eae9be92-4231-488a-b42d-6128b74e9292@group-21158D913229: applyIndex: 0
2024-01-30 07:45:14,164 [eae9be92-4231-488a-b42d-6128b74e9292@group-21158D913229-cacheEviction-AwaitToRun] INFO  util.AwaitToRun (AwaitToRun.java:run(49)) - eae9be92-4231-488a-b42d-6128b74e9292@group-21158D913229-cacheEviction-AwaitToRun-AwaitForSignal is interrupted
2024-01-30 07:45:14,162 [grpc-default-executor-8] WARN  server.GrpcLogAppender (GrpcLogAppender.java:resetClient(226)) - 68b35bab-6033-4329-aa6c-21b57b93715a@group-FC27DF658E49->bf3622ab-3fe7-408a-b5e0-736b392a243c-GrpcLogAppender: Failed to getClient for bf3622ab-3fe7-408a-b5e0-736b392a243c
org.apache.ratis.protocol.exceptions.AlreadyClosedException: 68b35bab-6033-4329-aa6c-21b57b93715a is already CLOSED
	at org.apache.ratis.util.PeerProxyMap$PeerAndProxy.getProxy(PeerProxyMap.java:65)
	at org.apache.ratis.util.PeerProxyMap.getProxy(PeerProxyMap.java:114)
	at org.apache.ratis.grpc.server.GrpcLogAppender.getClient(GrpcLogAppender.java:196)
	at org.apache.ratis.grpc.server.GrpcLogAppender.resetClient(GrpcLogAppender.java:201)
	at org.apache.ratis.grpc.server.GrpcLogAppender.access$800(GrpcLogAppender.java:62)
	at org.apache.ratis.grpc.server.GrpcLogAppender$AppendLogResponseHandler.onCompleted(GrpcLogAppender.java:547)
	at org.apache.ratis.thirdparty.io.grpc.stub.ClientCalls$StreamObserverToCallListenerAdapter.onClose(ClientCalls.java:479)
	at org.apache.ratis.thirdparty.io.grpc.internal.ClientCallImpl.closeObserver(ClientCallImpl.java:567)
	at org.apache.ratis.thirdparty.io.grpc.internal.ClientCallImpl.access$300(ClientCallImpl.java:71)
	at org.apache.ratis.thirdparty.io.grpc.internal.ClientCallImpl$ClientStreamListenerImpl$1StreamClosed.runInternal(ClientCallImpl.java:735)
	at org.apache.ratis.thirdparty.io.grpc.internal.ClientCallImpl$ClientStreamListenerImpl$1StreamClosed.runInContext(ClientCallImpl.java:716)
	at org.apache.ratis.thirdparty.io.grpc.internal.ContextRunnable.run(ContextRunnable.java:37)
	at org.apache.ratis.thirdparty.io.grpc.internal.SerializingExecutor.run(SerializingExecutor.java:133)
	at java.util.concurrent.ThreadPoolExecutor.runWorker(ThreadPoolExecutor.java:1149)
	at java.util.concurrent.ThreadPoolExecutor$Worker.run(ThreadPoolExecutor.java:624)
	at java.lang.Thread.run(Thread.java:750)
2024-01-30 07:45:14,162 [68b35bab-6033-4329-aa6c-21b57b93715a@group-511431F77EF9-FollowerState] INFO  impl.FollowerState (FollowerState.java:run(152)) - 68b35bab-6033-4329-aa6c-21b57b93715a@group-511431F77EF9-FollowerState was interrupted
2024-01-30 07:45:14,162 [grpc-default-executor-10] WARN  server.GrpcLogAppender (GrpcLogAppender.java:resetClient(226)) - 68b35bab-6033-4329-aa6c-21b57b93715a@group-FC27DF658E49->eae9be92-4231-488a-b42d-6128b74e9292-GrpcLogAppender: Failed to getClient for eae9be92-4231-488a-b42d-6128b74e9292
org.apache.ratis.protocol.exceptions.AlreadyClosedException: 68b35bab-6033-4329-aa6c-21b57b93715a is already CLOSED
	at org.apache.ratis.util.PeerProxyMap$PeerAndProxy.getProxy(PeerProxyMap.java:65)
	at org.apache.ratis.util.PeerProxyMap.getProxy(PeerProxyMap.java:114)
	at org.apache.ratis.grpc.server.GrpcLogAppender.getClient(GrpcLogAppender.java:196)
	at org.apache.ratis.grpc.server.GrpcLogAppender.resetClient(GrpcLogAppender.java:201)
	at org.apache.ratis.grpc.server.GrpcLogAppender.access$800(GrpcLogAppender.java:62)
	at org.apache.ratis.grpc.server.GrpcLogAppender$AppendLogResponseHandler.onCompleted(GrpcLogAppender.java:547)
	at org.apache.ratis.thirdparty.io.grpc.stub.ClientCalls$StreamObserverToCallListenerAdapter.onClose(ClientCalls.java:479)
	at org.apache.ratis.thirdparty.io.grpc.internal.DelayedClientCall$DelayedListener$3.run(DelayedClientCall.java:489)
	at org.apache.ratis.thirdparty.io.grpc.internal.DelayedClientCall$DelayedListener.delayOrExecute(DelayedClientCall.java:453)
	at org.apache.ratis.thirdparty.io.grpc.internal.DelayedClientCall$DelayedListener.onClose(DelayedClientCall.java:486)
	at org.apache.ratis.thirdparty.io.grpc.internal.ClientCallImpl.closeObserver(ClientCallImpl.java:567)
	at org.apache.ratis.thirdparty.io.grpc.internal.ClientCallImpl.access$300(ClientCallImpl.java:71)
	at org.apache.ratis.thirdparty.io.grpc.internal.ClientCallImpl$ClientStreamListenerImpl$1StreamClosed.runInternal(ClientCallImpl.java:735)
	at org.apache.ratis.thirdparty.io.grpc.internal.ClientCallImpl$ClientStreamListenerImpl$1StreamClosed.runInContext(ClientCallImpl.java:716)
	at org.apache.ratis.thirdparty.io.grpc.internal.ContextRunnable.run(ContextRunnable.java:37)
	at org.apache.ratis.thirdparty.io.grpc.internal.SerializingExecutor.run(SerializingExecutor.java:133)
	at java.util.concurrent.ThreadPoolExecutor.runWorker(ThreadPoolExecutor.java:1149)
	at java.util.concurrent.ThreadPoolExecutor$Worker.run(ThreadPoolExecutor.java:624)
	at java.lang.Thread.run(Thread.java:750)
2024-01-30 07:45:14,162 [68b35bab-6033-4329-aa6c-21b57b93715a-impl-thread3] INFO  impl.StateMachineUpdater (StateMachineUpdater.java:stopAndJoin(157)) - 68b35bab-6033-4329-aa6c-21b57b93715a@group-511431F77EF9-StateMachineUpdater: set stopIndex = -1
2024-01-30 07:45:14,153 [6af36478-fafe-44e8-8f65-092a10613903@group-B85ECF817262-cacheEviction-AwaitToRun] INFO  util.AwaitToRun (AwaitToRun.java:run(49)) - 6af36478-fafe-44e8-8f65-092a10613903@group-B85ECF817262-cacheEviction-AwaitToRun-AwaitForSignal is interrupted
2024-01-30 07:45:14,153 [55f20ed8-ad05-4879-9178-788b5883eeb3@group-FA754A61616F-cacheEviction-AwaitToRun] INFO  util.AwaitToRun (AwaitToRun.java:run(49)) - 55f20ed8-ad05-4879-9178-788b5883eeb3@group-FA754A61616F-cacheEviction-AwaitToRun-AwaitForSignal is interrupted
2024-01-30 07:45:14,153 [f4dc5428-8803-43b0-8e6b-8ffa99f16cef-NettyServerStreamRpc-bossGroup--thread1] INFO  logging.LoggingHandler (AbstractInternalLogger.java:log(148)) - [id: 0x0a4eddf6, L:/0.0.0.0:15060] CLOSE
2024-01-30 07:45:14,165 [68b35bab-6033-4329-aa6c-21b57b93715a-impl-thread3] INFO  server.RaftServer$Division (ServerState.java:close(427)) - 68b35bab-6033-4329-aa6c-21b57b93715a@group-511431F77EF9: applyIndex: -1
2024-01-30 07:45:14,165 [f4dc5428-8803-43b0-8e6b-8ffa99f16cef-NettyServerStreamRpc-bossGroup--thread1] INFO  logging.LoggingHandler (AbstractInternalLogger.java:log(148)) - [id: 0x0a4eddf6, L:/0.0.0.0:15060] INACTIVE
2024-01-30 07:45:14,164 [main] INFO  server.GrpcService (GrpcService.java:closeImpl(320)) - 55f20ed8-ad05-4879-9178-788b5883eeb3: shutdown server org.apache.ratis.grpc.server.GrpcAdminProtocolService successfully
2024-01-30 07:45:14,164 [ForkJoinPool.commonPool-worker-6] INFO  server.RaftServer (RaftServerProxy.java:lambda$close$9(416)) - bf3622ab-3fe7-408a-b5e0-736b392a243c: close
2024-01-30 07:45:14,164 [grpc-default-executor-9] WARN  server.GrpcLogAppender (GrpcLogAppender.java:resetClient(226)) - 68b35bab-6033-4329-aa6c-21b57b93715a@group-FC27DF658E49->bf3622ab-3fe7-408a-b5e0-736b392a243c-GrpcLogAppender: Failed to getClient for bf3622ab-3fe7-408a-b5e0-736b392a243c
org.apache.ratis.protocol.exceptions.AlreadyClosedException: 68b35bab-6033-4329-aa6c-21b57b93715a is already CLOSED
	at org.apache.ratis.util.PeerProxyMap$PeerAndProxy.getProxy(PeerProxyMap.java:65)
	at org.apache.ratis.util.PeerProxyMap.getProxy(PeerProxyMap.java:114)
	at org.apache.ratis.grpc.server.GrpcLogAppender.getClient(GrpcLogAppender.java:196)
	at org.apache.ratis.grpc.server.GrpcLogAppender.resetClient(GrpcLogAppender.java:201)
	at org.apache.ratis.grpc.server.GrpcLogAppender.access$800(GrpcLogAppender.java:62)
	at org.apache.ratis.grpc.server.GrpcLogAppender$AppendLogResponseHandler.onCompleted(GrpcLogAppender.java:547)
	at org.apache.ratis.thirdparty.io.grpc.stub.ClientCalls$StreamObserverToCallListenerAdapter.onClose(ClientCalls.java:479)
	at org.apache.ratis.thirdparty.io.grpc.internal.ClientCallImpl.closeObserver(ClientCallImpl.java:567)
	at org.apache.ratis.thirdparty.io.grpc.internal.ClientCallImpl.access$300(ClientCallImpl.java:71)
	at org.apache.ratis.thirdparty.io.grpc.internal.ClientCallImpl$ClientStreamListenerImpl$1StreamClosed.runInternal(ClientCallImpl.java:735)
	at org.apache.ratis.thirdparty.io.grpc.internal.ClientCallImpl$ClientStreamListenerImpl$1StreamClosed.runInContext(ClientCallImpl.java:716)
	at org.apache.ratis.thirdparty.io.grpc.internal.ContextRunnable.run(ContextRunnable.java:37)
	at org.apache.ratis.thirdparty.io.grpc.internal.SerializingExecutor.run(SerializingExecutor.java:133)
	at java.util.concurrent.ThreadPoolExecutor.runWorker(ThreadPoolExecutor.java:1149)
	at java.util.concurrent.ThreadPoolExecutor$Worker.run(ThreadPoolExecutor.java:624)
	at java.lang.Thread.run(Thread.java:750)
2024-01-30 07:45:14,166 [68b35bab-6033-4329-aa6c-21b57b93715a@group-511431F77EF9-cacheEviction-AwaitToRun] INFO  util.AwaitToRun (AwaitToRun.java:run(49)) - 68b35bab-6033-4329-aa6c-21b57b93715a@group-511431F77EF9-cacheEviction-AwaitToRun-AwaitForSignal is interrupted
2024-01-30 07:45:14,166 [f4dc5428-8803-43b0-8e6b-8ffa99f16cef-NettyServerStreamRpc-bossGroup--thread1] INFO  logging.LoggingHandler (AbstractInternalLogger.java:log(148)) - [id: 0x0a4eddf6, L:/0.0.0.0:15060] UNREGISTERED
2024-01-30 07:45:14,174 [ForkJoinPool.commonPool-worker-1] INFO  server.GrpcService (GrpcService.java:closeImpl(320)) - eae9be92-4231-488a-b42d-6128b74e9292: shutdown server org.apache.ratis.grpc.server.GrpcAdminProtocolService successfully
2024-01-30 07:45:14,175 [ForkJoinPool.commonPool-worker-0] INFO  server.GrpcService (GrpcService.java:closeImpl(320)) - 6af36478-fafe-44e8-8f65-092a10613903: shutdown server org.apache.ratis.grpc.server.GrpcAdminProtocolService successfully
2024-01-30 07:45:14,184 [ForkJoinPool.commonPool-worker-2] INFO  server.GrpcService (GrpcService.java:closeImpl(320)) - 68b35bab-6033-4329-aa6c-21b57b93715a: shutdown server GrpcServerProtocolService successfully
2024-01-30 07:45:14,184 [ForkJoinPool.commonPool-worker-2] INFO  server.GrpcService (GrpcService.java:closeImpl(311)) - 68b35bab-6033-4329-aa6c-21b57b93715a: shutdown server org.apache.ratis.grpc.server.GrpcAdminProtocolService now
2024-01-30 07:45:14,184 [bf3622ab-3fe7-408a-b5e0-736b392a243c-impl-thread1] INFO  server.RaftServer$Division (RaftServerImpl.java:lambda$close$3(526)) - bf3622ab-3fe7-408a-b5e0-736b392a243c@group-2EE46DDB86F8: shutdown
2024-01-30 07:45:14,184 [bf3622ab-3fe7-408a-b5e0-736b392a243c-impl-thread1] INFO  util.JmxRegister (JmxRegister.java:unregister(73)) - Successfully un-registered JMX Bean with object name Ratis:service=RaftServer,group=group-2EE46DDB86F8,id=bf3622ab-3fe7-408a-b5e0-736b392a243c
2024-01-30 07:45:14,184 [bf3622ab-3fe7-408a-b5e0-736b392a243c-impl-thread1] INFO  impl.RoleInfo (RoleInfo.java:shutdownLeaderState(94)) - bf3622ab-3fe7-408a-b5e0-736b392a243c: shutdown bf3622ab-3fe7-408a-b5e0-736b392a243c@group-2EE46DDB86F8-LeaderStateImpl
2024-01-30 07:45:14,184 [bf3622ab-3fe7-408a-b5e0-736b392a243c-impl-thread1] INFO  impl.PendingRequests (PendingRequests.java:sendNotLeaderResponses(289)) - bf3622ab-3fe7-408a-b5e0-736b392a243c@group-2EE46DDB86F8-PendingRequests: sendNotLeaderResponses
2024-01-30 07:45:14,185 [bf3622ab-3fe7-408a-b5e0-736b392a243c-impl-thread1] INFO  impl.StateMachineUpdater (StateMachineUpdater.java:stopAndJoin(157)) - bf3622ab-3fe7-408a-b5e0-736b392a243c@group-2EE46DDB86F8-StateMachineUpdater: set stopIndex = 0
2024-01-30 07:45:14,185 [bf3622ab-3fe7-408a-b5e0-736b392a243c@group-2EE46DDB86F8-StateMachineUpdater] INFO  ratis.ContainerStateMachine (ContainerStateMachine.java:takeSnapshot(355)) - group-2EE46DDB86F8: Taking a snapshot at:(t:1, i:0) file /home/runner/work/ozone/ozone/hadoop-ozone/integration-test/target/test-dir/MiniOzoneClusterImpl-b74639a9-f624-491a-a51e-4d41e99a633c/datanode-2/data/ratis/702c7a1b-0171-42bb-a14b-2ee46ddb86f8/sm/snapshot.1_0
2024-01-30 07:45:14,186 [bf3622ab-3fe7-408a-b5e0-736b392a243c@group-2EE46DDB86F8-StateMachineUpdater] INFO  ratis.ContainerStateMachine (ContainerStateMachine.java:takeSnapshot(366)) - group-2EE46DDB86F8: Finished taking a snapshot at:(t:1, i:0) file:/home/runner/work/ozone/ozone/hadoop-ozone/integration-test/target/test-dir/MiniOzoneClusterImpl-b74639a9-f624-491a-a51e-4d41e99a633c/datanode-2/data/ratis/702c7a1b-0171-42bb-a14b-2ee46ddb86f8/sm/snapshot.1_0 took: 1 ms
2024-01-30 07:45:14,186 [bf3622ab-3fe7-408a-b5e0-736b392a243c@group-2EE46DDB86F8-StateMachineUpdater] INFO  impl.StateMachineUpdater (StateMachineUpdater.java:takeSnapshot(295)) - bf3622ab-3fe7-408a-b5e0-736b392a243c@group-2EE46DDB86F8-StateMachineUpdater: Took a snapshot at index 0
2024-01-30 07:45:14,186 [bf3622ab-3fe7-408a-b5e0-736b392a243c@group-2EE46DDB86F8-StateMachineUpdater] INFO  impl.StateMachineUpdater (StateMachineUpdater.java:lambda$new$0(98)) - bf3622ab-3fe7-408a-b5e0-736b392a243c@group-2EE46DDB86F8-StateMachineUpdater: snapshotIndex: updateIncreasingly -1 -> 0
2024-01-30 07:45:14,186 [bf3622ab-3fe7-408a-b5e0-736b392a243c-impl-thread1] INFO  server.RaftServer$Division (ServerState.java:close(427)) - bf3622ab-3fe7-408a-b5e0-736b392a243c@group-2EE46DDB86F8: applyIndex: 0
2024-01-30 07:45:14,186 [bf3622ab-3fe7-408a-b5e0-736b392a243c-impl-thread2] INFO  server.RaftServer$Division (RaftServerImpl.java:lambda$close$3(526)) - bf3622ab-3fe7-408a-b5e0-736b392a243c@group-FC27DF658E49: shutdown
2024-01-30 07:45:14,186 [bf3622ab-3fe7-408a-b5e0-736b392a243c-impl-thread2] INFO  util.JmxRegister (JmxRegister.java:unregister(73)) - Successfully un-registered JMX Bean with object name Ratis:service=RaftServer,group=group-FC27DF658E49,id=bf3622ab-3fe7-408a-b5e0-736b392a243c
2024-01-30 07:45:14,186 [bf3622ab-3fe7-408a-b5e0-736b392a243c-impl-thread2] INFO  impl.RoleInfo (RoleInfo.java:shutdownFollowerState(110)) - bf3622ab-3fe7-408a-b5e0-736b392a243c: shutdown bf3622ab-3fe7-408a-b5e0-736b392a243c@group-FC27DF658E49-FollowerState
2024-01-30 07:45:14,187 [bf3622ab-3fe7-408a-b5e0-736b392a243c@group-2EE46DDB86F8-cacheEviction-AwaitToRun] INFO  util.AwaitToRun (AwaitToRun.java:run(49)) - bf3622ab-3fe7-408a-b5e0-736b392a243c@group-2EE46DDB86F8-cacheEviction-AwaitToRun-AwaitForSignal is interrupted
2024-01-30 07:45:14,187 [ForkJoinPool.commonPool-worker-6] INFO  server.GrpcService (GrpcService.java:closeImpl(311)) - bf3622ab-3fe7-408a-b5e0-736b392a243c: shutdown server org.apache.ratis.grpc.server.GrpcClientProtocolService now
2024-01-30 07:45:14,188 [bf3622ab-3fe7-408a-b5e0-736b392a243c-impl-thread3] INFO  server.RaftServer$Division (RaftServerImpl.java:lambda$close$3(526)) - bf3622ab-3fe7-408a-b5e0-736b392a243c@group-511431F77EF9: shutdown
2024-01-30 07:45:14,188 [ForkJoinPool.commonPool-worker-2] INFO  server.GrpcService (GrpcService.java:closeImpl(320)) - 68b35bab-6033-4329-aa6c-21b57b93715a: shutdown server org.apache.ratis.grpc.server.GrpcAdminProtocolService successfully
2024-01-30 07:45:14,188 [bf3622ab-3fe7-408a-b5e0-736b392a243c-impl-thread3] INFO  util.JmxRegister (JmxRegister.java:unregister(73)) - Successfully un-registered JMX Bean with object name Ratis:service=RaftServer,group=group-511431F77EF9,id=bf3622ab-3fe7-408a-b5e0-736b392a243c
2024-01-30 07:45:14,189 [bf3622ab-3fe7-408a-b5e0-736b392a243c-impl-thread3] INFO  impl.RoleInfo (RoleInfo.java:shutdownFollowerState(110)) - bf3622ab-3fe7-408a-b5e0-736b392a243c: shutdown bf3622ab-3fe7-408a-b5e0-736b392a243c@group-511431F77EF9-FollowerState
2024-01-30 07:45:14,192 [eae9be92-4231-488a-b42d-6128b74e9292-NettyServerStreamRpc-bossGroup--thread1] INFO  logging.LoggingHandler (AbstractInternalLogger.java:log(148)) - [id: 0xbfd9efe9, L:/0.0.0.0:15024] CLOSE
2024-01-30 07:45:14,192 [ForkJoinPool.commonPool-worker-6] INFO  server.GrpcService (GrpcService.java:closeImpl(320)) - bf3622ab-3fe7-408a-b5e0-736b392a243c: shutdown server org.apache.ratis.grpc.server.GrpcClientProtocolService successfully
2024-01-30 07:45:14,192 [eae9be92-4231-488a-b42d-6128b74e9292-NettyServerStreamRpc-bossGroup--thread1] INFO  logging.LoggingHandler (AbstractInternalLogger.java:log(148)) - [id: 0xbfd9efe9, L:/0.0.0.0:15024] INACTIVE
2024-01-30 07:45:14,192 [eae9be92-4231-488a-b42d-6128b74e9292-NettyServerStreamRpc-bossGroup--thread1] INFO  logging.LoggingHandler (AbstractInternalLogger.java:log(148)) - [id: 0xbfd9efe9, L:/0.0.0.0:15024] UNREGISTERED
2024-01-30 07:45:14,192 [ForkJoinPool.commonPool-worker-6] INFO  server.GrpcService (GrpcService.java:closeImpl(311)) - bf3622ab-3fe7-408a-b5e0-736b392a243c: shutdown server GrpcServerProtocolService now
2024-01-30 07:45:14,196 [bf3622ab-3fe7-408a-b5e0-736b392a243c-impl-thread2] INFO  impl.StateMachineUpdater (StateMachineUpdater.java:stopAndJoin(157)) - bf3622ab-3fe7-408a-b5e0-736b392a243c@group-FC27DF658E49-StateMachineUpdater: set stopIndex = -1
2024-01-30 07:45:14,196 [bf3622ab-3fe7-408a-b5e0-736b392a243c-impl-thread2] INFO  server.RaftServer$Division (ServerState.java:close(427)) - bf3622ab-3fe7-408a-b5e0-736b392a243c@group-FC27DF658E49: applyIndex: -1
2024-01-30 07:45:14,196 [bf3622ab-3fe7-408a-b5e0-736b392a243c@group-FC27DF658E49-cacheEviction-AwaitToRun] INFO  util.AwaitToRun (AwaitToRun.java:run(49)) - bf3622ab-3fe7-408a-b5e0-736b392a243c@group-FC27DF658E49-cacheEviction-AwaitToRun-AwaitForSignal is interrupted
2024-01-30 07:45:14,196 [bf3622ab-3fe7-408a-b5e0-736b392a243c@group-FC27DF658E49-FollowerState] INFO  impl.FollowerState (FollowerState.java:run(152)) - bf3622ab-3fe7-408a-b5e0-736b392a243c@group-FC27DF658E49-FollowerState was interrupted
2024-01-30 07:45:14,200 [bf3622ab-3fe7-408a-b5e0-736b392a243c-impl-thread3] INFO  impl.StateMachineUpdater (StateMachineUpdater.java:stopAndJoin(157)) - bf3622ab-3fe7-408a-b5e0-736b392a243c@group-511431F77EF9-StateMachineUpdater: set stopIndex = -1
2024-01-30 07:45:14,200 [bf3622ab-3fe7-408a-b5e0-736b392a243c@group-511431F77EF9-FollowerState] INFO  impl.FollowerState (FollowerState.java:run(152)) - bf3622ab-3fe7-408a-b5e0-736b392a243c@group-511431F77EF9-FollowerState was interrupted
2024-01-30 07:45:14,200 [bf3622ab-3fe7-408a-b5e0-736b392a243c-impl-thread3] INFO  server.RaftServer$Division (ServerState.java:close(427)) - bf3622ab-3fe7-408a-b5e0-736b392a243c@group-511431F77EF9: applyIndex: -1
2024-01-30 07:45:14,200 [bf3622ab-3fe7-408a-b5e0-736b392a243c@group-511431F77EF9-cacheEviction-AwaitToRun] INFO  util.AwaitToRun (AwaitToRun.java:run(49)) - bf3622ab-3fe7-408a-b5e0-736b392a243c@group-511431F77EF9-cacheEviction-AwaitToRun-AwaitForSignal is interrupted
2024-01-30 07:45:14,201 [6af36478-fafe-44e8-8f65-092a10613903-impl-thread1] INFO  segmented.SegmentedRaftLogWorker (SegmentedRaftLogWorker.java:close(245)) - 6af36478-fafe-44e8-8f65-092a10613903@group-B85ECF817262-SegmentedRaftLogWorker close()
2024-01-30 07:45:14,204 [ForkJoinPool.commonPool-worker-6] INFO  server.GrpcService (GrpcService.java:closeImpl(320)) - bf3622ab-3fe7-408a-b5e0-736b392a243c: shutdown server GrpcServerProtocolService successfully
2024-01-30 07:45:14,204 [ForkJoinPool.commonPool-worker-6] INFO  server.GrpcService (GrpcService.java:closeImpl(311)) - bf3622ab-3fe7-408a-b5e0-736b392a243c: shutdown server org.apache.ratis.grpc.server.GrpcAdminProtocolService now
2024-01-30 07:45:14,211 [55f20ed8-ad05-4879-9178-788b5883eeb3-impl-thread1] INFO  segmented.SegmentedRaftLogWorker (SegmentedRaftLogWorker.java:close(245)) - 55f20ed8-ad05-4879-9178-788b5883eeb3@group-B85ECF817262-SegmentedRaftLogWorker close()
2024-01-30 07:45:14,211 [ForkJoinPool.commonPool-worker-6] INFO  server.GrpcService (GrpcService.java:closeImpl(320)) - bf3622ab-3fe7-408a-b5e0-736b392a243c: shutdown server org.apache.ratis.grpc.server.GrpcAdminProtocolService successfully
2024-01-30 07:45:14,212 [68b35bab-6033-4329-aa6c-21b57b93715a-NettyServerStreamRpc-bossGroup--thread1] INFO  logging.LoggingHandler (AbstractInternalLogger.java:log(148)) - [id: 0xc0703a2e, L:/0.0.0.0:15015] CLOSE
2024-01-30 07:45:14,212 [68b35bab-6033-4329-aa6c-21b57b93715a-NettyServerStreamRpc-bossGroup--thread1] INFO  logging.LoggingHandler (AbstractInternalLogger.java:log(148)) - [id: 0xc0703a2e, L:/0.0.0.0:15015] INACTIVE
2024-01-30 07:45:14,212 [68b35bab-6033-4329-aa6c-21b57b93715a-NettyServerStreamRpc-bossGroup--thread1] INFO  logging.LoggingHandler (AbstractInternalLogger.java:log(148)) - [id: 0xc0703a2e, L:/0.0.0.0:15015] UNREGISTERED
2024-01-30 07:45:14,216 [55f20ed8-ad05-4879-9178-788b5883eeb3-NettyServerStreamRpc-bossGroup--thread1] INFO  logging.LoggingHandler (AbstractInternalLogger.java:log(148)) - [id: 0xaed0849d, L:/0.0.0.0:15042] CLOSE
2024-01-30 07:45:14,216 [55f20ed8-ad05-4879-9178-788b5883eeb3-NettyServerStreamRpc-bossGroup--thread1] INFO  logging.LoggingHandler (AbstractInternalLogger.java:log(148)) - [id: 0xaed0849d, L:/0.0.0.0:15042] INACTIVE
2024-01-30 07:45:14,216 [55f20ed8-ad05-4879-9178-788b5883eeb3-NettyServerStreamRpc-bossGroup--thread1] INFO  logging.LoggingHandler (AbstractInternalLogger.java:log(148)) - [id: 0xaed0849d, L:/0.0.0.0:15042] UNREGISTERED
2024-01-30 07:45:14,232 [6af36478-fafe-44e8-8f65-092a10613903-NettyServerStreamRpc-bossGroup--thread1] INFO  logging.LoggingHandler (AbstractInternalLogger.java:log(148)) - [id: 0x1727bf46, L:/0.0.0.0:15051] CLOSE
2024-01-30 07:45:14,232 [6af36478-fafe-44e8-8f65-092a10613903-NettyServerStreamRpc-bossGroup--thread1] INFO  logging.LoggingHandler (AbstractInternalLogger.java:log(148)) - [id: 0x1727bf46, L:/0.0.0.0:15051] INACTIVE
2024-01-30 07:45:14,233 [6af36478-fafe-44e8-8f65-092a10613903-NettyServerStreamRpc-bossGroup--thread1] INFO  logging.LoggingHandler (AbstractInternalLogger.java:log(148)) - [id: 0x1727bf46, L:/0.0.0.0:15051] UNREGISTERED
2024-01-30 07:45:14,234 [f4dc5428-8803-43b0-8e6b-8ffa99f16cef-impl-thread1] INFO  segmented.SegmentedRaftLogWorker (SegmentedRaftLogWorker.java:close(245)) - f4dc5428-8803-43b0-8e6b-8ffa99f16cef@group-B85ECF817262-SegmentedRaftLogWorker close()
2024-01-30 07:45:14,238 [bf3622ab-3fe7-408a-b5e0-736b392a243c-NettyServerStreamRpc-bossGroup--thread1] INFO  logging.LoggingHandler (AbstractInternalLogger.java:log(148)) - [id: 0x751a9eb9, L:/0.0.0.0:15033] CLOSE
2024-01-30 07:45:14,238 [bf3622ab-3fe7-408a-b5e0-736b392a243c-NettyServerStreamRpc-bossGroup--thread1] INFO  logging.LoggingHandler (AbstractInternalLogger.java:log(148)) - [id: 0x751a9eb9, L:/0.0.0.0:15033] INACTIVE
2024-01-30 07:45:14,238 [bf3622ab-3fe7-408a-b5e0-736b392a243c-NettyServerStreamRpc-bossGroup--thread1] INFO  logging.LoggingHandler (AbstractInternalLogger.java:log(148)) - [id: 0x751a9eb9, L:/0.0.0.0:15033] UNREGISTERED
2024-01-30 07:45:14,458 [eae9be92-4231-488a-b42d-6128b74e9292-impl-thread3] INFO  segmented.SegmentedRaftLogWorker (SegmentedRaftLogWorker.java:close(245)) - eae9be92-4231-488a-b42d-6128b74e9292@group-511431F77EF9-SegmentedRaftLogWorker close()
2024-01-30 07:45:14,466 [f4dc5428-8803-43b0-8e6b-8ffa99f16cef-impl-thread3] INFO  segmented.SegmentedRaftLogWorker (SegmentedRaftLogWorker.java:close(245)) - f4dc5428-8803-43b0-8e6b-8ffa99f16cef@group-C55566F64C03-SegmentedRaftLogWorker close()
2024-01-30 07:45:14,469 [bf3622ab-3fe7-408a-b5e0-736b392a243c-impl-thread3] INFO  segmented.SegmentedRaftLogWorker (SegmentedRaftLogWorker.java:close(245)) - bf3622ab-3fe7-408a-b5e0-736b392a243c@group-511431F77EF9-SegmentedRaftLogWorker close()
2024-01-30 07:45:14,475 [68b35bab-6033-4329-aa6c-21b57b93715a-impl-thread3] INFO  segmented.SegmentedRaftLogWorker (SegmentedRaftLogWorker.java:close(245)) - 68b35bab-6033-4329-aa6c-21b57b93715a@group-511431F77EF9-SegmentedRaftLogWorker close()
2024-01-30 07:45:14,493 [6af36478-fafe-44e8-8f65-092a10613903-impl-thread2] INFO  segmented.SegmentedRaftLogWorker (SegmentedRaftLogWorker.java:close(245)) - 6af36478-fafe-44e8-8f65-092a10613903@group-2B83B386884B-SegmentedRaftLogWorker close()
2024-01-30 07:45:14,549 [55f20ed8-ad05-4879-9178-788b5883eeb3-impl-thread2] INFO  segmented.SegmentedRaftLogWorker (SegmentedRaftLogWorker.java:close(245)) - 55f20ed8-ad05-4879-9178-788b5883eeb3@group-81CA7C03A8D2-SegmentedRaftLogWorker close()
2024-01-30 07:45:14,567 [f4dc5428-8803-43b0-8e6b-8ffa99f16cef-impl-thread2] INFO  segmented.SegmentedRaftLogWorker (SegmentedRaftLogWorker.java:close(245)) - f4dc5428-8803-43b0-8e6b-8ffa99f16cef@group-81CA7C03A8D2-SegmentedRaftLogWorker close()
2024-01-30 07:45:14,568 [JvmPauseMonitor7] INFO  util.JvmPauseMonitor (JvmPauseMonitor.java:run(152)) - JvmPauseMonitor-f4dc5428-8803-43b0-8e6b-8ffa99f16cef: Stopped
2024-01-30 07:45:14,575 [6af36478-fafe-44e8-8f65-092a10613903-impl-thread3] INFO  segmented.SegmentedRaftLogWorker (SegmentedRaftLogWorker.java:close(245)) - 6af36478-fafe-44e8-8f65-092a10613903@group-81CA7C03A8D2-SegmentedRaftLogWorker close()
2024-01-30 07:45:14,577 [JvmPauseMonitor6] INFO  util.JvmPauseMonitor (JvmPauseMonitor.java:run(152)) - JvmPauseMonitor-6af36478-fafe-44e8-8f65-092a10613903: Stopped
2024-01-30 07:45:14,813 [eae9be92-4231-488a-b42d-6128b74e9292-impl-thread2] INFO  segmented.SegmentedRaftLogWorker (SegmentedRaftLogWorker.java:close(245)) - eae9be92-4231-488a-b42d-6128b74e9292@group-21158D913229-SegmentedRaftLogWorker close()
2024-01-30 07:45:14,814 [eae9be92-4231-488a-b42d-6128b74e9292-impl-thread1] INFO  segmented.SegmentedRaftLogWorker (SegmentedRaftLogWorker.java:close(245)) - eae9be92-4231-488a-b42d-6128b74e9292@group-FC27DF658E49-SegmentedRaftLogWorker close()
2024-01-30 07:45:14,815 [68b35bab-6033-4329-aa6c-21b57b93715a-impl-thread2] INFO  segmented.SegmentedRaftLogWorker (SegmentedRaftLogWorker.java:close(245)) - 68b35bab-6033-4329-aa6c-21b57b93715a@group-DED13CEF268A-SegmentedRaftLogWorker close()
2024-01-30 07:45:14,816 [68b35bab-6033-4329-aa6c-21b57b93715a-impl-thread1] INFO  segmented.SegmentedRaftLogWorker (SegmentedRaftLogWorker.java:close(245)) - 68b35bab-6033-4329-aa6c-21b57b93715a@group-FC27DF658E49-SegmentedRaftLogWorker close()
2024-01-30 07:45:14,817 [bf3622ab-3fe7-408a-b5e0-736b392a243c-impl-thread2] INFO  segmented.SegmentedRaftLogWorker (SegmentedRaftLogWorker.java:close(245)) - bf3622ab-3fe7-408a-b5e0-736b392a243c@group-FC27DF658E49-SegmentedRaftLogWorker close()
2024-01-30 07:45:14,818 [JvmPauseMonitor2] INFO  util.JvmPauseMonitor (JvmPauseMonitor.java:run(152)) - JvmPauseMonitor-68b35bab-6033-4329-aa6c-21b57b93715a: Stopped
2024-01-30 07:45:14,818 [JvmPauseMonitor3] INFO  util.JvmPauseMonitor (JvmPauseMonitor.java:run(152)) - JvmPauseMonitor-eae9be92-4231-488a-b42d-6128b74e9292: Stopped
2024-01-30 07:45:14,922 [bf3622ab-3fe7-408a-b5e0-736b392a243c-impl-thread1] INFO  segmented.SegmentedRaftLogWorker (SegmentedRaftLogWorker.java:close(245)) - bf3622ab-3fe7-408a-b5e0-736b392a243c@group-2EE46DDB86F8-SegmentedRaftLogWorker close()
2024-01-30 07:45:14,923 [JvmPauseMonitor4] INFO  util.JvmPauseMonitor (JvmPauseMonitor.java:run(152)) - JvmPauseMonitor-bf3622ab-3fe7-408a-b5e0-736b392a243c: Stopped
2024-01-30 07:45:14,975 [55f20ed8-ad05-4879-9178-788b5883eeb3-impl-thread3] INFO  segmented.SegmentedRaftLogWorker (SegmentedRaftLogWorker.java:close(245)) - 55f20ed8-ad05-4879-9178-788b5883eeb3@group-FA754A61616F-SegmentedRaftLogWorker close()
2024-01-30 07:45:14,976 [JvmPauseMonitor5] INFO  util.JvmPauseMonitor (JvmPauseMonitor.java:run(152)) - JvmPauseMonitor-55f20ed8-ad05-4879-9178-788b5883eeb3: Stopped
2024-01-30 07:45:16,582 [ForkJoinPool.commonPool-worker-3] INFO  utils.DatanodeStoreCache (DatanodeStoreCache.java:shutdownCache(116)) - Skip clearing cache in mini cluster mode. Entries left: [/home/runner/work/ozone/ozone/hadoop-ozone/integration-test/target/test-dir/MiniOzoneClusterImpl-b74639a9-f624-491a-a51e-4d41e99a633c/datanode-0/data-0/containers/hdds/b74639a9-f624-491a-a51e-4d41e99a633c/DS-ab96983c-58be-4984-95be-99c642d688fd/container.db, /home/runner/work/ozone/ozone/hadoop-ozone/integration-test/target/test-dir/MiniOzoneClusterImpl-b74639a9-f624-491a-a51e-4d41e99a633c/datanode-1/data-0/containers/hdds/b74639a9-f624-491a-a51e-4d41e99a633c/DS-a23c3f8b-8796-42d6-af8c-a86612d97f99/container.db, /home/runner/work/ozone/ozone/hadoop-ozone/integration-test/target/test-dir/MiniOzoneClusterImpl-b74639a9-f624-491a-a51e-4d41e99a633c/datanode-2/data-0/containers/hdds/b74639a9-f624-491a-a51e-4d41e99a633c/DS-1d044b9d-e68a-4f66-ba05-e53b63e0347f/container.db, /home/runner/work/ozone/ozone/hadoop-ozone/integration-test/target/test-dir/MiniOzoneClusterImpl-b74639a9-f624-491a-a51e-4d41e99a633c/datanode-3/data-0/containers/hdds/b74639a9-f624-491a-a51e-4d41e99a633c/DS-ec128420-3bed-4c1b-b013-f449360fc1b0/container.db, /home/runner/work/ozone/ozone/hadoop-ozone/integration-test/target/test-dir/MiniOzoneClusterImpl-b74639a9-f624-491a-a51e-4d41e99a633c/datanode-4/data-0/containers/hdds/b74639a9-f624-491a-a51e-4d41e99a633c/DS-046a9ded-cb65-4411-8121-4f8494db1484/container.db, /home/runner/work/ozone/ozone/hadoop-ozone/integration-test/target/test-dir/MiniOzoneClusterImpl-b74639a9-f624-491a-a51e-4d41e99a633c/datanode-5/data-0/containers/hdds/b74639a9-f624-491a-a51e-4d41e99a633c/DS-08136c3d-9808-4829-b283-a1d54c1995d9/container.db]
2024-01-30 07:45:16,582 [ForkJoinPool.commonPool-worker-0] INFO  utils.DatanodeStoreCache (DatanodeStoreCache.java:shutdownCache(116)) - Skip clearing cache in mini cluster mode. Entries left: [/home/runner/work/ozone/ozone/hadoop-ozone/integration-test/target/test-dir/MiniOzoneClusterImpl-b74639a9-f624-491a-a51e-4d41e99a633c/datanode-0/data-0/containers/hdds/b74639a9-f624-491a-a51e-4d41e99a633c/DS-ab96983c-58be-4984-95be-99c642d688fd/container.db, /home/runner/work/ozone/ozone/hadoop-ozone/integration-test/target/test-dir/MiniOzoneClusterImpl-b74639a9-f624-491a-a51e-4d41e99a633c/datanode-1/data-0/containers/hdds/b74639a9-f624-491a-a51e-4d41e99a633c/DS-a23c3f8b-8796-42d6-af8c-a86612d97f99/container.db, /home/runner/work/ozone/ozone/hadoop-ozone/integration-test/target/test-dir/MiniOzoneClusterImpl-b74639a9-f624-491a-a51e-4d41e99a633c/datanode-2/data-0/containers/hdds/b74639a9-f624-491a-a51e-4d41e99a633c/DS-1d044b9d-e68a-4f66-ba05-e53b63e0347f/container.db, /home/runner/work/ozone/ozone/hadoop-ozone/integration-test/target/test-dir/MiniOzoneClusterImpl-b74639a9-f624-491a-a51e-4d41e99a633c/datanode-3/data-0/containers/hdds/b74639a9-f624-491a-a51e-4d41e99a633c/DS-ec128420-3bed-4c1b-b013-f449360fc1b0/container.db, /home/runner/work/ozone/ozone/hadoop-ozone/integration-test/target/test-dir/MiniOzoneClusterImpl-b74639a9-f624-491a-a51e-4d41e99a633c/datanode-4/data-0/containers/hdds/b74639a9-f624-491a-a51e-4d41e99a633c/DS-046a9ded-cb65-4411-8121-4f8494db1484/container.db, /home/runner/work/ozone/ozone/hadoop-ozone/integration-test/target/test-dir/MiniOzoneClusterImpl-b74639a9-f624-491a-a51e-4d41e99a633c/datanode-5/data-0/containers/hdds/b74639a9-f624-491a-a51e-4d41e99a633c/DS-08136c3d-9808-4829-b283-a1d54c1995d9/container.db]
2024-01-30 07:45:16,588 [ForkJoinPool.commonPool-worker-0] INFO  utils.DatanodeStoreCache (DatanodeStoreCache.java:removeDB(110)) - Removed db /home/runner/work/ozone/ozone/hadoop-ozone/integration-test/target/test-dir/MiniOzoneClusterImpl-b74639a9-f624-491a-a51e-4d41e99a633c/datanode-4/data-0/containers/hdds/b74639a9-f624-491a-a51e-4d41e99a633c/DS-046a9ded-cb65-4411-8121-4f8494db1484/container.db from cache
2024-01-30 07:45:16,588 [ForkJoinPool.commonPool-worker-3] INFO  utils.DatanodeStoreCache (DatanodeStoreCache.java:removeDB(110)) - Removed db /home/runner/work/ozone/ozone/hadoop-ozone/integration-test/target/test-dir/MiniOzoneClusterImpl-b74639a9-f624-491a-a51e-4d41e99a633c/datanode-5/data-0/containers/hdds/b74639a9-f624-491a-a51e-4d41e99a633c/DS-08136c3d-9808-4829-b283-a1d54c1995d9/container.db from cache
2024-01-30 07:45:16,588 [ForkJoinPool.commonPool-worker-0] INFO  volume.HddsVolume (HddsVolume.java:closeDbStore(451)) - SchemaV3 db is stopped at /home/runner/work/ozone/ozone/hadoop-ozone/integration-test/target/test-dir/MiniOzoneClusterImpl-b74639a9-f624-491a-a51e-4d41e99a633c/datanode-4/data-0/containers/hdds/b74639a9-f624-491a-a51e-4d41e99a633c/DS-046a9ded-cb65-4411-8121-4f8494db1484/container.db for volume DS-046a9ded-cb65-4411-8121-4f8494db1484
2024-01-30 07:45:16,589 [ForkJoinPool.commonPool-worker-3] INFO  volume.HddsVolume (HddsVolume.java:closeDbStore(451)) - SchemaV3 db is stopped at /home/runner/work/ozone/ozone/hadoop-ozone/integration-test/target/test-dir/MiniOzoneClusterImpl-b74639a9-f624-491a-a51e-4d41e99a633c/datanode-5/data-0/containers/hdds/b74639a9-f624-491a-a51e-4d41e99a633c/DS-08136c3d-9808-4829-b283-a1d54c1995d9/container.db for volume DS-08136c3d-9808-4829-b283-a1d54c1995d9
2024-01-30 07:45:16,589 [ForkJoinPool.commonPool-worker-0] INFO  utils.BackgroundService (BackgroundService.java:shutdown(160)) - Shutting down service BlockDeletingService
2024-01-30 07:45:16,589 [ForkJoinPool.commonPool-worker-0] INFO  utils.BackgroundService (BackgroundService.java:shutdown(160)) - Shutting down service StaleRecoveringContainerScrubbingService
2024-01-30 07:45:16,590 [ForkJoinPool.commonPool-worker-3] INFO  utils.BackgroundService (BackgroundService.java:shutdown(160)) - Shutting down service BlockDeletingService
2024-01-30 07:45:16,590 [ForkJoinPool.commonPool-worker-3] INFO  utils.BackgroundService (BackgroundService.java:shutdown(160)) - Shutting down service StaleRecoveringContainerScrubbingService
2024-01-30 07:45:16,592 [ForkJoinPool.commonPool-worker-3] INFO  statemachine.DatanodeStateMachine (DatanodeStateMachine.java:stopDaemon(638)) - Ozone container server stopped.
2024-01-30 07:45:16,592 [ForkJoinPool.commonPool-worker-0] INFO  statemachine.DatanodeStateMachine (DatanodeStateMachine.java:stopDaemon(638)) - Ozone container server stopped.
2024-01-30 07:45:16,594 [ForkJoinPool.commonPool-worker-3] INFO  handler.ContextHandler (ContextHandler.java:doStop(1159)) - Stopped o.e.j.w.WebAppContext@7df8457a{hddsDatanode,/,null,STOPPED}{jar:file:/home/runner/.m2/repository/org/apache/ozone/hdds-container-service/1.5.0-SNAPSHOT/hdds-container-service-1.5.0-SNAPSHOT.jar!/webapps/hddsDatanode}
2024-01-30 07:45:16,594 [ForkJoinPool.commonPool-worker-0] INFO  handler.ContextHandler (ContextHandler.java:doStop(1159)) - Stopped o.e.j.w.WebAppContext@5a3b3ea6{hddsDatanode,/,null,STOPPED}{jar:file:/home/runner/.m2/repository/org/apache/ozone/hdds-container-service/1.5.0-SNAPSHOT/hdds-container-service-1.5.0-SNAPSHOT.jar!/webapps/hddsDatanode}
2024-01-30 07:45:16,595 [ForkJoinPool.commonPool-worker-0] INFO  server.AbstractConnector (AbstractConnector.java:doStop(383)) - Stopped ServerConnector@bef3797{HTTP/1.1, (http/1.1)}{0.0.0.0:15045}
2024-01-30 07:45:16,595 [ForkJoinPool.commonPool-worker-0] INFO  server.session (HouseKeeper.java:stopScavenging(149)) - node0 Stopped scavenging
2024-01-30 07:45:16,596 [ForkJoinPool.commonPool-worker-0] INFO  handler.ContextHandler (ContextHandler.java:doStop(1159)) - Stopped o.e.j.s.ServletContextHandler@47a87bdd{static,/static,jar:file:/home/runner/.m2/repository/org/apache/ozone/hdds-container-service/1.5.0-SNAPSHOT/hdds-container-service-1.5.0-SNAPSHOT.jar!/webapps/static,STOPPED}
2024-01-30 07:45:16,596 [ForkJoinPool.commonPool-worker-0] INFO  handler.ContextHandler (ContextHandler.java:doStop(1159)) - Stopped o.e.j.s.ServletContextHandler@5e3979b9{logs,/logs,file:///home/runner/work/ozone/ozone/hadoop-ozone/integration-test/target/log,STOPPED}
2024-01-30 07:45:16,596 [ForkJoinPool.commonPool-worker-3] INFO  server.AbstractConnector (AbstractConnector.java:doStop(383)) - Stopped ServerConnector@17f3d5e2{HTTP/1.1, (http/1.1)}{0.0.0.0:15054}
2024-01-30 07:45:16,596 [ForkJoinPool.commonPool-worker-3] INFO  server.session (HouseKeeper.java:stopScavenging(149)) - node0 Stopped scavenging
2024-01-30 07:45:16,597 [ForkJoinPool.commonPool-worker-3] INFO  handler.ContextHandler (ContextHandler.java:doStop(1159)) - Stopped o.e.j.s.ServletContextHandler@e48560a{static,/static,jar:file:/home/runner/.m2/repository/org/apache/ozone/hdds-container-service/1.5.0-SNAPSHOT/hdds-container-service-1.5.0-SNAPSHOT.jar!/webapps/static,STOPPED}
2024-01-30 07:45:16,597 [ForkJoinPool.commonPool-worker-0] INFO  ozone.HddsDatanodeClientProtocolServer (HddsDatanodeClientProtocolServer.java:stop(78)) - Stopping the RPC server for Client Protocol
2024-01-30 07:45:16,598 [ForkJoinPool.commonPool-worker-3] INFO  handler.ContextHandler (ContextHandler.java:doStop(1159)) - Stopped o.e.j.s.ServletContextHandler@6f8569a7{logs,/logs,file:///home/runner/work/ozone/ozone/hadoop-ozone/integration-test/target/log,STOPPED}
2024-01-30 07:45:16,598 [ForkJoinPool.commonPool-worker-0] INFO  ipc.Server (Server.java:stop(3523)) - Stopping server on 15046
2024-01-30 07:45:16,600 [ForkJoinPool.commonPool-worker-3] INFO  ozone.HddsDatanodeClientProtocolServer (HddsDatanodeClientProtocolServer.java:stop(78)) - Stopping the RPC server for Client Protocol
2024-01-30 07:45:16,601 [IPC Server Responder] INFO  ipc.Server (Server.java:run(1567)) - Stopping IPC Server Responder
2024-01-30 07:45:16,601 [IPC Server listener on 15046] INFO  ipc.Server (Server.java:run(1434)) - Stopping IPC Server listener on 15046
2024-01-30 07:45:16,602 [ForkJoinPool.commonPool-worker-3] INFO  ipc.Server (Server.java:stop(3523)) - Stopping server on 15055
2024-01-30 07:45:16,603 [IPC Server listener on 15055] INFO  ipc.Server (Server.java:run(1434)) - Stopping IPC Server listener on 15055
2024-01-30 07:45:16,603 [IPC Server Responder] INFO  ipc.Server (Server.java:run(1567)) - Stopping IPC Server Responder
2024-01-30 07:45:16,820 [ForkJoinPool.commonPool-worker-2] INFO  utils.DatanodeStoreCache (DatanodeStoreCache.java:shutdownCache(116)) - Skip clearing cache in mini cluster mode. Entries left: [/home/runner/work/ozone/ozone/hadoop-ozone/integration-test/target/test-dir/MiniOzoneClusterImpl-b74639a9-f624-491a-a51e-4d41e99a633c/datanode-0/data-0/containers/hdds/b74639a9-f624-491a-a51e-4d41e99a633c/DS-ab96983c-58be-4984-95be-99c642d688fd/container.db, /home/runner/work/ozone/ozone/hadoop-ozone/integration-test/target/test-dir/MiniOzoneClusterImpl-b74639a9-f624-491a-a51e-4d41e99a633c/datanode-1/data-0/containers/hdds/b74639a9-f624-491a-a51e-4d41e99a633c/DS-a23c3f8b-8796-42d6-af8c-a86612d97f99/container.db, /home/runner/work/ozone/ozone/hadoop-ozone/integration-test/target/test-dir/MiniOzoneClusterImpl-b74639a9-f624-491a-a51e-4d41e99a633c/datanode-2/data-0/containers/hdds/b74639a9-f624-491a-a51e-4d41e99a633c/DS-1d044b9d-e68a-4f66-ba05-e53b63e0347f/container.db, /home/runner/work/ozone/ozone/hadoop-ozone/integration-test/target/test-dir/MiniOzoneClusterImpl-b74639a9-f624-491a-a51e-4d41e99a633c/datanode-3/data-0/containers/hdds/b74639a9-f624-491a-a51e-4d41e99a633c/DS-ec128420-3bed-4c1b-b013-f449360fc1b0/container.db]
2024-01-30 07:45:16,820 [ForkJoinPool.commonPool-worker-1] INFO  utils.DatanodeStoreCache (DatanodeStoreCache.java:shutdownCache(116)) - Skip clearing cache in mini cluster mode. Entries left: [/home/runner/work/ozone/ozone/hadoop-ozone/integration-test/target/test-dir/MiniOzoneClusterImpl-b74639a9-f624-491a-a51e-4d41e99a633c/datanode-0/data-0/containers/hdds/b74639a9-f624-491a-a51e-4d41e99a633c/DS-ab96983c-58be-4984-95be-99c642d688fd/container.db, /home/runner/work/ozone/ozone/hadoop-ozone/integration-test/target/test-dir/MiniOzoneClusterImpl-b74639a9-f624-491a-a51e-4d41e99a633c/datanode-1/data-0/containers/hdds/b74639a9-f624-491a-a51e-4d41e99a633c/DS-a23c3f8b-8796-42d6-af8c-a86612d97f99/container.db, /home/runner/work/ozone/ozone/hadoop-ozone/integration-test/target/test-dir/MiniOzoneClusterImpl-b74639a9-f624-491a-a51e-4d41e99a633c/datanode-2/data-0/containers/hdds/b74639a9-f624-491a-a51e-4d41e99a633c/DS-1d044b9d-e68a-4f66-ba05-e53b63e0347f/container.db, /home/runner/work/ozone/ozone/hadoop-ozone/integration-test/target/test-dir/MiniOzoneClusterImpl-b74639a9-f624-491a-a51e-4d41e99a633c/datanode-3/data-0/containers/hdds/b74639a9-f624-491a-a51e-4d41e99a633c/DS-ec128420-3bed-4c1b-b013-f449360fc1b0/container.db]
2024-01-30 07:45:16,822 [ForkJoinPool.commonPool-worker-1] INFO  utils.DatanodeStoreCache (DatanodeStoreCache.java:removeDB(110)) - Removed db /home/runner/work/ozone/ozone/hadoop-ozone/integration-test/target/test-dir/MiniOzoneClusterImpl-b74639a9-f624-491a-a51e-4d41e99a633c/datanode-1/data-0/containers/hdds/b74639a9-f624-491a-a51e-4d41e99a633c/DS-a23c3f8b-8796-42d6-af8c-a86612d97f99/container.db from cache
2024-01-30 07:45:16,822 [ForkJoinPool.commonPool-worker-1] INFO  volume.HddsVolume (HddsVolume.java:closeDbStore(451)) - SchemaV3 db is stopped at /home/runner/work/ozone/ozone/hadoop-ozone/integration-test/target/test-dir/MiniOzoneClusterImpl-b74639a9-f624-491a-a51e-4d41e99a633c/datanode-1/data-0/containers/hdds/b74639a9-f624-491a-a51e-4d41e99a633c/DS-a23c3f8b-8796-42d6-af8c-a86612d97f99/container.db for volume DS-a23c3f8b-8796-42d6-af8c-a86612d97f99
2024-01-30 07:45:16,823 [ForkJoinPool.commonPool-worker-1] INFO  utils.BackgroundService (BackgroundService.java:shutdown(160)) - Shutting down service BlockDeletingService
2024-01-30 07:45:16,823 [ForkJoinPool.commonPool-worker-1] INFO  utils.BackgroundService (BackgroundService.java:shutdown(160)) - Shutting down service StaleRecoveringContainerScrubbingService
2024-01-30 07:45:16,823 [ForkJoinPool.commonPool-worker-1] INFO  statemachine.DatanodeStateMachine (DatanodeStateMachine.java:stopDaemon(638)) - Ozone container server stopped.
2024-01-30 07:45:16,825 [ForkJoinPool.commonPool-worker-2] INFO  utils.DatanodeStoreCache (DatanodeStoreCache.java:removeDB(110)) - Removed db /home/runner/work/ozone/ozone/hadoop-ozone/integration-test/target/test-dir/MiniOzoneClusterImpl-b74639a9-f624-491a-a51e-4d41e99a633c/datanode-0/data-0/containers/hdds/b74639a9-f624-491a-a51e-4d41e99a633c/DS-ab96983c-58be-4984-95be-99c642d688fd/container.db from cache
2024-01-30 07:45:16,825 [ForkJoinPool.commonPool-worker-2] INFO  volume.HddsVolume (HddsVolume.java:closeDbStore(451)) - SchemaV3 db is stopped at /home/runner/work/ozone/ozone/hadoop-ozone/integration-test/target/test-dir/MiniOzoneClusterImpl-b74639a9-f624-491a-a51e-4d41e99a633c/datanode-0/data-0/containers/hdds/b74639a9-f624-491a-a51e-4d41e99a633c/DS-ab96983c-58be-4984-95be-99c642d688fd/container.db for volume DS-ab96983c-58be-4984-95be-99c642d688fd
2024-01-30 07:45:16,825 [ForkJoinPool.commonPool-worker-2] INFO  utils.BackgroundService (BackgroundService.java:shutdown(160)) - Shutting down service BlockDeletingService
2024-01-30 07:45:16,825 [ForkJoinPool.commonPool-worker-1] INFO  handler.ContextHandler (ContextHandler.java:doStop(1159)) - Stopped o.e.j.w.WebAppContext@69f8cec8{hddsDatanode,/,null,STOPPED}{jar:file:/home/runner/.m2/repository/org/apache/ozone/hdds-container-service/1.5.0-SNAPSHOT/hdds-container-service-1.5.0-SNAPSHOT.jar!/webapps/hddsDatanode}
2024-01-30 07:45:16,826 [ForkJoinPool.commonPool-worker-2] INFO  utils.BackgroundService (BackgroundService.java:shutdown(160)) - Shutting down service StaleRecoveringContainerScrubbingService
2024-01-30 07:45:16,826 [ForkJoinPool.commonPool-worker-1] INFO  server.AbstractConnector (AbstractConnector.java:doStop(383)) - Stopped ServerConnector@3ba7bae2{HTTP/1.1, (http/1.1)}{0.0.0.0:15018}
2024-01-30 07:45:16,826 [ForkJoinPool.commonPool-worker-1] INFO  server.session (HouseKeeper.java:stopScavenging(149)) - node0 Stopped scavenging
2024-01-30 07:45:16,827 [ForkJoinPool.commonPool-worker-2] INFO  statemachine.DatanodeStateMachine (DatanodeStateMachine.java:stopDaemon(638)) - Ozone container server stopped.
2024-01-30 07:45:16,827 [ForkJoinPool.commonPool-worker-1] INFO  handler.ContextHandler (ContextHandler.java:doStop(1159)) - Stopped o.e.j.s.ServletContextHandler@1bb8de48{static,/static,jar:file:/home/runner/.m2/repository/org/apache/ozone/hdds-container-service/1.5.0-SNAPSHOT/hdds-container-service-1.5.0-SNAPSHOT.jar!/webapps/static,STOPPED}
2024-01-30 07:45:16,830 [ForkJoinPool.commonPool-worker-2] INFO  handler.ContextHandler (ContextHandler.java:doStop(1159)) - Stopped o.e.j.w.WebAppContext@789999b5{hddsDatanode,/,null,STOPPED}{jar:file:/home/runner/.m2/repository/org/apache/ozone/hdds-container-service/1.5.0-SNAPSHOT/hdds-container-service-1.5.0-SNAPSHOT.jar!/webapps/hddsDatanode}
2024-01-30 07:45:16,830 [ForkJoinPool.commonPool-worker-1] INFO  handler.ContextHandler (ContextHandler.java:doStop(1159)) - Stopped o.e.j.s.ServletContextHandler@7e4093d3{logs,/logs,file:///home/runner/work/ozone/ozone/hadoop-ozone/integration-test/target/log,STOPPED}
2024-01-30 07:45:16,830 [ForkJoinPool.commonPool-worker-2] INFO  server.AbstractConnector (AbstractConnector.java:doStop(383)) - Stopped ServerConnector@7c7b0f5d{HTTP/1.1, (http/1.1)}{0.0.0.0:15009}
2024-01-30 07:45:16,830 [ForkJoinPool.commonPool-worker-1] INFO  ozone.HddsDatanodeClientProtocolServer (HddsDatanodeClientProtocolServer.java:stop(78)) - Stopping the RPC server for Client Protocol
2024-01-30 07:45:16,830 [ForkJoinPool.commonPool-worker-2] INFO  server.session (HouseKeeper.java:stopScavenging(149)) - node0 Stopped scavenging
2024-01-30 07:45:16,831 [ForkJoinPool.commonPool-worker-1] INFO  ipc.Server (Server.java:stop(3523)) - Stopping server on 15019
2024-01-30 07:45:16,831 [ForkJoinPool.commonPool-worker-2] INFO  handler.ContextHandler (ContextHandler.java:doStop(1159)) - Stopped o.e.j.s.ServletContextHandler@d4c88aa{static,/static,jar:file:/home/runner/.m2/repository/org/apache/ozone/hdds-container-service/1.5.0-SNAPSHOT/hdds-container-service-1.5.0-SNAPSHOT.jar!/webapps/static,STOPPED}
2024-01-30 07:45:16,832 [ForkJoinPool.commonPool-worker-2] INFO  handler.ContextHandler (ContextHandler.java:doStop(1159)) - Stopped o.e.j.s.ServletContextHandler@7ef8b3bd{logs,/logs,file:///home/runner/work/ozone/ozone/hadoop-ozone/integration-test/target/log,STOPPED}
2024-01-30 07:45:16,832 [IPC Server listener on 15019] INFO  ipc.Server (Server.java:run(1434)) - Stopping IPC Server listener on 15019
2024-01-30 07:45:16,832 [IPC Server Responder] INFO  ipc.Server (Server.java:run(1567)) - Stopping IPC Server Responder
2024-01-30 07:45:16,833 [ForkJoinPool.commonPool-worker-2] INFO  ozone.HddsDatanodeClientProtocolServer (HddsDatanodeClientProtocolServer.java:stop(78)) - Stopping the RPC server for Client Protocol
2024-01-30 07:45:16,833 [ForkJoinPool.commonPool-worker-2] INFO  ipc.Server (Server.java:stop(3523)) - Stopping server on 15010
2024-01-30 07:45:16,834 [IPC Server listener on 15010] INFO  ipc.Server (Server.java:run(1434)) - Stopping IPC Server listener on 15010
2024-01-30 07:45:16,834 [IPC Server Responder] INFO  ipc.Server (Server.java:run(1567)) - Stopping IPC Server Responder
2024-01-30 07:45:16,925 [ForkJoinPool.commonPool-worker-6] INFO  utils.DatanodeStoreCache (DatanodeStoreCache.java:shutdownCache(116)) - Skip clearing cache in mini cluster mode. Entries left: [/home/runner/work/ozone/ozone/hadoop-ozone/integration-test/target/test-dir/MiniOzoneClusterImpl-b74639a9-f624-491a-a51e-4d41e99a633c/datanode-2/data-0/containers/hdds/b74639a9-f624-491a-a51e-4d41e99a633c/DS-1d044b9d-e68a-4f66-ba05-e53b63e0347f/container.db, /home/runner/work/ozone/ozone/hadoop-ozone/integration-test/target/test-dir/MiniOzoneClusterImpl-b74639a9-f624-491a-a51e-4d41e99a633c/datanode-3/data-0/containers/hdds/b74639a9-f624-491a-a51e-4d41e99a633c/DS-ec128420-3bed-4c1b-b013-f449360fc1b0/container.db]
2024-01-30 07:45:16,926 [ForkJoinPool.commonPool-worker-6] INFO  utils.DatanodeStoreCache (DatanodeStoreCache.java:removeDB(110)) - Removed db /home/runner/work/ozone/ozone/hadoop-ozone/integration-test/target/test-dir/MiniOzoneClusterImpl-b74639a9-f624-491a-a51e-4d41e99a633c/datanode-2/data-0/containers/hdds/b74639a9-f624-491a-a51e-4d41e99a633c/DS-1d044b9d-e68a-4f66-ba05-e53b63e0347f/container.db from cache
2024-01-30 07:45:16,926 [ForkJoinPool.commonPool-worker-6] INFO  volume.HddsVolume (HddsVolume.java:closeDbStore(451)) - SchemaV3 db is stopped at /home/runner/work/ozone/ozone/hadoop-ozone/integration-test/target/test-dir/MiniOzoneClusterImpl-b74639a9-f624-491a-a51e-4d41e99a633c/datanode-2/data-0/containers/hdds/b74639a9-f624-491a-a51e-4d41e99a633c/DS-1d044b9d-e68a-4f66-ba05-e53b63e0347f/container.db for volume DS-1d044b9d-e68a-4f66-ba05-e53b63e0347f
2024-01-30 07:45:16,926 [ForkJoinPool.commonPool-worker-6] INFO  utils.BackgroundService (BackgroundService.java:shutdown(160)) - Shutting down service BlockDeletingService
2024-01-30 07:45:16,927 [ForkJoinPool.commonPool-worker-6] INFO  utils.BackgroundService (BackgroundService.java:shutdown(160)) - Shutting down service StaleRecoveringContainerScrubbingService
2024-01-30 07:45:16,927 [ForkJoinPool.commonPool-worker-6] INFO  statemachine.DatanodeStateMachine (DatanodeStateMachine.java:stopDaemon(638)) - Ozone container server stopped.
2024-01-30 07:45:16,929 [ForkJoinPool.commonPool-worker-6] INFO  handler.ContextHandler (ContextHandler.java:doStop(1159)) - Stopped o.e.j.w.WebAppContext@78a686e3{hddsDatanode,/,null,STOPPED}{jar:file:/home/runner/.m2/repository/org/apache/ozone/hdds-container-service/1.5.0-SNAPSHOT/hdds-container-service-1.5.0-SNAPSHOT.jar!/webapps/hddsDatanode}
2024-01-30 07:45:16,929 [ForkJoinPool.commonPool-worker-6] INFO  server.AbstractConnector (AbstractConnector.java:doStop(383)) - Stopped ServerConnector@29ad2fa0{HTTP/1.1, (http/1.1)}{0.0.0.0:15027}
2024-01-30 07:45:16,929 [ForkJoinPool.commonPool-worker-6] INFO  server.session (HouseKeeper.java:stopScavenging(149)) - node0 Stopped scavenging
2024-01-30 07:45:16,930 [ForkJoinPool.commonPool-worker-6] INFO  handler.ContextHandler (ContextHandler.java:doStop(1159)) - Stopped o.e.j.s.ServletContextHandler@17e0fabe{static,/static,jar:file:/home/runner/.m2/repository/org/apache/ozone/hdds-container-service/1.5.0-SNAPSHOT/hdds-container-service-1.5.0-SNAPSHOT.jar!/webapps/static,STOPPED}
2024-01-30 07:45:16,931 [ForkJoinPool.commonPool-worker-6] INFO  handler.ContextHandler (ContextHandler.java:doStop(1159)) - Stopped o.e.j.s.ServletContextHandler@66b4a0e4{logs,/logs,file:///home/runner/work/ozone/ozone/hadoop-ozone/integration-test/target/log,STOPPED}
2024-01-30 07:45:16,931 [ForkJoinPool.commonPool-worker-6] INFO  ozone.HddsDatanodeClientProtocolServer (HddsDatanodeClientProtocolServer.java:stop(78)) - Stopping the RPC server for Client Protocol
2024-01-30 07:45:16,932 [ForkJoinPool.commonPool-worker-6] INFO  ipc.Server (Server.java:stop(3523)) - Stopping server on 15028
2024-01-30 07:45:16,932 [IPC Server listener on 15028] INFO  ipc.Server (Server.java:run(1434)) - Stopping IPC Server listener on 15028
2024-01-30 07:45:16,933 [IPC Server Responder] INFO  ipc.Server (Server.java:run(1567)) - Stopping IPC Server Responder
2024-01-30 07:45:16,978 [main] INFO  utils.DatanodeStoreCache (DatanodeStoreCache.java:shutdownCache(116)) - Skip clearing cache in mini cluster mode. Entries left: [/home/runner/work/ozone/ozone/hadoop-ozone/integration-test/target/test-dir/MiniOzoneClusterImpl-b74639a9-f624-491a-a51e-4d41e99a633c/datanode-3/data-0/containers/hdds/b74639a9-f624-491a-a51e-4d41e99a633c/DS-ec128420-3bed-4c1b-b013-f449360fc1b0/container.db]
2024-01-30 07:45:16,979 [main] INFO  utils.DatanodeStoreCache (DatanodeStoreCache.java:removeDB(110)) - Removed db /home/runner/work/ozone/ozone/hadoop-ozone/integration-test/target/test-dir/MiniOzoneClusterImpl-b74639a9-f624-491a-a51e-4d41e99a633c/datanode-3/data-0/containers/hdds/b74639a9-f624-491a-a51e-4d41e99a633c/DS-ec128420-3bed-4c1b-b013-f449360fc1b0/container.db from cache
2024-01-30 07:45:16,979 [main] INFO  volume.HddsVolume (HddsVolume.java:closeDbStore(451)) - SchemaV3 db is stopped at /home/runner/work/ozone/ozone/hadoop-ozone/integration-test/target/test-dir/MiniOzoneClusterImpl-b74639a9-f624-491a-a51e-4d41e99a633c/datanode-3/data-0/containers/hdds/b74639a9-f624-491a-a51e-4d41e99a633c/DS-ec128420-3bed-4c1b-b013-f449360fc1b0/container.db for volume DS-ec128420-3bed-4c1b-b013-f449360fc1b0
2024-01-30 07:45:16,979 [main] INFO  utils.BackgroundService (BackgroundService.java:shutdown(160)) - Shutting down service BlockDeletingService
2024-01-30 07:45:16,979 [main] INFO  utils.BackgroundService (BackgroundService.java:shutdown(160)) - Shutting down service StaleRecoveringContainerScrubbingService
2024-01-30 07:45:16,980 [main] INFO  statemachine.DatanodeStateMachine (DatanodeStateMachine.java:stopDaemon(638)) - Ozone container server stopped.
2024-01-30 07:45:16,980 [main] INFO  handler.ContextHandler (ContextHandler.java:doStop(1159)) - Stopped o.e.j.w.WebAppContext@43ac1f2{hddsDatanode,/,null,STOPPED}{jar:file:/home/runner/.m2/repository/org/apache/ozone/hdds-container-service/1.5.0-SNAPSHOT/hdds-container-service-1.5.0-SNAPSHOT.jar!/webapps/hddsDatanode}
2024-01-30 07:45:16,981 [main] INFO  server.AbstractConnector (AbstractConnector.java:doStop(383)) - Stopped ServerConnector@669638a1{HTTP/1.1, (http/1.1)}{0.0.0.0:15036}
2024-01-30 07:45:16,981 [main] INFO  server.session (HouseKeeper.java:stopScavenging(149)) - node0 Stopped scavenging
2024-01-30 07:45:16,981 [main] INFO  handler.ContextHandler (ContextHandler.java:doStop(1159)) - Stopped o.e.j.s.ServletContextHandler@4578b8cb{static,/static,jar:file:/home/runner/.m2/repository/org/apache/ozone/hdds-container-service/1.5.0-SNAPSHOT/hdds-container-service-1.5.0-SNAPSHOT.jar!/webapps/static,STOPPED}
2024-01-30 07:45:16,982 [main] INFO  handler.ContextHandler (ContextHandler.java:doStop(1159)) - Stopped o.e.j.s.ServletContextHandler@4fe38779{logs,/logs,file:///home/runner/work/ozone/ozone/hadoop-ozone/integration-test/target/log,STOPPED}
2024-01-30 07:45:16,982 [main] INFO  ozone.HddsDatanodeClientProtocolServer (HddsDatanodeClientProtocolServer.java:stop(78)) - Stopping the RPC server for Client Protocol
2024-01-30 07:45:16,982 [main] INFO  ipc.Server (Server.java:stop(3523)) - Stopping server on 15037
2024-01-30 07:45:16,983 [IPC Server listener on 15037] INFO  ipc.Server (Server.java:run(1434)) - Stopping IPC Server listener on 15037
2024-01-30 07:45:16,983 [IPC Server Responder] INFO  ipc.Server (Server.java:run(1567)) - Stopping IPC Server Responder
2024-01-30 07:45:16,984 [main] INFO  ozone.MiniOzoneClusterImpl (MiniOzoneClusterImpl.java:stopSCM(550)) - Stopping the StorageContainerManager
2024-01-30 07:45:16,984 [main] INFO  server.StorageContainerManager (StorageContainerManager.java:stop(1654)) - Container Balancer is not running.
2024-01-30 07:45:16,984 [main] INFO  server.StorageContainerManager (StorageContainerManager.java:stopReplicationManager(1787)) - Stopping Replication Manager Service.
2024-01-30 07:45:16,984 [main] INFO  replication.ReplicationManager (ReplicationManager.java:stop(326)) - Stopping Replication Monitor Thread.
2024-01-30 07:45:16,985 [UnderReplicatedProcessor] WARN  replication.UnhealthyReplicationProcessor (UnhealthyReplicationProcessor.java:run(180)) - UnderReplicatedProcessor interrupted. Exiting...
2024-01-30 07:45:16,985 [OverReplicatedProcessor] WARN  replication.UnhealthyReplicationProcessor (UnhealthyReplicationProcessor.java:run(180)) - OverReplicatedProcessor interrupted. Exiting...
2024-01-30 07:45:16,985 [main] INFO  server.StorageContainerManager (StorageContainerManager.java:stop(1663)) - Stopping the Datanode Admin Monitor.
2024-01-30 07:45:16,985 [ReplicationMonitor] INFO  replication.ReplicationManager (ReplicationManager.java:run(933)) - Replication Monitor Thread is stopped
2024-01-30 07:45:16,985 [main] INFO  server.StorageContainerManager (StorageContainerManager.java:stop(1670)) - Stopping datanode service RPC server
2024-01-30 07:45:16,985 [main] INFO  server.SCMDatanodeProtocolServer (SCMDatanodeProtocolServer.java:stop(425)) - Stopping the RPC server for DataNodes
2024-01-30 07:45:16,985 [main] INFO  ipc.Server (Server.java:stop(3523)) - Stopping server on 15002
2024-01-30 07:45:16,987 [IPC Server Responder] INFO  ipc.Server (Server.java:run(1567)) - Stopping IPC Server Responder
2024-01-30 07:45:16,987 [IPC Server listener on 15002] INFO  ipc.Server (Server.java:run(1434)) - Stopping IPC Server listener on 15002
2024-01-30 07:45:17,832 [SCMHeartbeatProcessor-0] WARN  node.NodeStateManager (NodeStateManager.java:scheduleNextHealthCheck(878)) - Current Thread is interrupted, shutting down HB processing thread for Node Manager.
2024-01-30 07:45:17,832 [main] INFO  server.StorageContainerManager (StorageContainerManager.java:stop(1678)) - Stopping block service RPC server
2024-01-30 07:45:17,832 [main] INFO  server.SCMBlockProtocolServer (SCMBlockProtocolServer.java:stop(169)) - Stopping the RPC server for Block Protocol
2024-01-30 07:45:17,833 [main] INFO  ipc.Server (Server.java:stop(3523)) - Stopping server on 15001
2024-01-30 07:45:17,833 [IPC Server listener on 15001] INFO  ipc.Server (Server.java:run(1434)) - Stopping IPC Server listener on 15001
2024-01-30 07:45:17,834 [main] INFO  server.StorageContainerManager (StorageContainerManager.java:stop(1685)) - Stopping the StorageContainerLocationProtocol RPC server
2024-01-30 07:45:17,834 [IPC Server Responder] INFO  ipc.Server (Server.java:run(1567)) - Stopping IPC Server Responder
2024-01-30 07:45:17,834 [main] INFO  server.SCMClientProtocolServer (SCMClientProtocolServer.java:stop(212)) - Stopping the RPC server for Client Protocol
2024-01-30 07:45:17,834 [main] INFO  ipc.Server (Server.java:stop(3523)) - Stopping server on 15000
2024-01-30 07:45:17,836 [IPC Server listener on 15000] INFO  ipc.Server (Server.java:run(1434)) - Stopping IPC Server listener on 15000
2024-01-30 07:45:17,836 [main] INFO  server.StorageContainerManager (StorageContainerManager.java:stop(1692)) - Stopping Storage Container Manager HTTP server.
2024-01-30 07:45:17,837 [main] INFO  handler.ContextHandler (ContextHandler.java:doStop(1159)) - Stopped o.e.j.w.WebAppContext@13a8cb4e{scm,/,null,STOPPED}{file:/home/runner/work/ozone/ozone/hadoop-ozone/integration-test/target/test-classes/webapps/scm}
2024-01-30 07:45:17,837 [main] INFO  server.AbstractConnector (AbstractConnector.java:doStop(383)) - Stopped ServerConnector@6f5d292c{HTTP/1.1, (http/1.1)}{0.0.0.0:15003}
2024-01-30 07:45:17,838 [main] INFO  server.session (HouseKeeper.java:stopScavenging(149)) - node0 Stopped scavenging
2024-01-30 07:45:17,838 [IPC Server Responder] INFO  ipc.Server (Server.java:run(1567)) - Stopping IPC Server Responder
2024-01-30 07:45:17,838 [main] INFO  handler.ContextHandler (ContextHandler.java:doStop(1159)) - Stopped o.e.j.s.ServletContextHandler@611f28f5{static,/static,file:///home/runner/work/ozone/ozone/hadoop-ozone/integration-test/target/test-classes/webapps/static,STOPPED}
2024-01-30 07:45:17,839 [main] INFO  handler.ContextHandler (ContextHandler.java:doStop(1159)) - Stopped o.e.j.s.ServletContextHandler@5b04224a{logs,/logs,file:///home/runner/work/ozone/ozone/hadoop-ozone/integration-test/target/log,STOPPED}
2024-01-30 07:45:17,839 [main] INFO  server.StorageContainerManager (StorageContainerManager.java:stop(1700)) - Stopping SCM LayoutVersionManager Service.
2024-01-30 07:45:17,839 [main] INFO  server.StorageContainerManager (StorageContainerManager.java:stop(1712)) - Stopping Block Manager Service.
2024-01-30 07:45:17,840 [main] INFO  utils.BackgroundService (BackgroundService.java:shutdown(160)) - Shutting down service SCMBlockDeletingService
2024-01-30 07:45:17,840 [main] INFO  utils.BackgroundService (BackgroundService.java:shutdown(160)) - Shutting down service SCMBlockDeletingService
2024-01-30 07:45:17,841 [main] INFO  server.StorageContainerManager (StorageContainerManager.java:stop(1732)) - Stopping SCM Event Queue.
2024-01-30 07:45:17,842 [JvmPauseMonitor0] INFO  util.JvmPauseMonitor (JvmPauseMonitor.java:run(152)) - JvmPauseMonitor-4b8d2d26-e279-45b5-861d-26b3c379b6ba: Stopped
2024-01-30 07:45:17,842 [main] INFO  server.StorageContainerManager (StorageContainerManager.java:stop(1743)) - Stopping SCM HA services.
2024-01-30 07:45:17,842 [main] INFO  pipeline.BackgroundPipelineCreator (BackgroundPipelineCreator.java:stop(152)) - Stopping RatisPipelineUtilsThread.
2024-01-30 07:45:17,843 [RatisPipelineUtilsThread-0] WARN  pipeline.BackgroundPipelineCreator (BackgroundPipelineCreator.java:run(183)) - RatisPipelineUtilsThread is interrupted.
2024-01-30 07:45:17,843 [BackgroundPipelineScrubber] WARN  BackgroundPipelineScrubber (BackgroundSCMService.java:run(115)) - BackgroundPipelineScrubber is interrupted, exit
2024-01-30 07:45:17,843 [main] INFO  BackgroundPipelineScrubber (BackgroundSCMService.java:stop(131)) - Stopping BackgroundPipelineScrubber Service.
2024-01-30 07:45:17,845 [main] INFO  impl.MetricsSystemImpl (MetricsSystemImpl.java:stop(210)) - Stopping HddsDatanode metrics system...
2024-01-30 07:45:17,846 [prometheus] INFO  impl.MetricsSinkAdapter (MetricsSinkAdapter.java:publishMetricsFromQueue(141)) - prometheus thread interrupted.
2024-01-30 07:45:17,846 [main] INFO  impl.MetricsSystemImpl (MetricsSystemImpl.java:stop(216)) - HddsDatanode metrics system stopped.
2024-01-30 07:45:17,847 [main] WARN  pipeline.BackgroundPipelineCreator (BackgroundPipelineCreator.java:stop(148)) - RatisPipelineUtilsThread is not running, just ignore.
2024-01-30 07:45:17,847 [main] INFO  BackgroundPipelineScrubber (BackgroundSCMService.java:stop(126)) - BackgroundPipelineScrubber Service is not running, skip stop.
2024-01-30 07:45:17,847 [main] INFO  ExpiredContainerReplicaOpScrubber (BackgroundSCMService.java:stop(131)) - Stopping ExpiredContainerReplicaOpScrubber Service.
2024-01-30 07:45:17,847 [ExpiredContainerReplicaOpScrubber] WARN  ExpiredContainerReplicaOpScrubber (BackgroundSCMService.java:run(115)) - ExpiredContainerReplicaOpScrubber is interrupted, exit
2024-01-30 07:45:17,847 [main] INFO  utils.BackgroundService (BackgroundService.java:shutdown(160)) - Shutting down service SCMBlockDeletingService
2024-01-30 07:45:17,847 [main] INFO  replication.ReplicationManager (ReplicationManager.java:stop(336)) - Replication Monitor Thread is not running.
2024-01-30 07:45:17,848 [main] WARN  balancer.ContainerBalancer (ContainerBalancer.java:stop(327)) - Cannot stop Container Balancer because it's not running or stopping
2024-01-30 07:45:17,848 [LeaseManager#LeaseMonitor] WARN  lease.LeaseManager (LeaseManager.java:run(287)) - Lease manager is interrupted. Shutting down...
java.lang.InterruptedException
	at java.util.concurrent.locks.AbstractQueuedSynchronizer.doAcquireSharedNanos(AbstractQueuedSynchronizer.java:1039)
	at java.util.concurrent.locks.AbstractQueuedSynchronizer.tryAcquireSharedNanos(AbstractQueuedSynchronizer.java:1328)
	at java.util.concurrent.Semaphore.tryAcquire(Semaphore.java:409)
	at org.apache.hadoop.ozone.lease.LeaseManager$LeaseMonitor.run(LeaseManager.java:285)
	at java.lang.Thread.run(Thread.java:750)
2024-01-30 07:45:17,848 [main] INFO  server.StorageContainerManager (StorageContainerManager.java:stop(1778)) - Stopping SCM MetadataStore.
]]></system-out>
  </testcase>
  <testcase name="testPipelineCreationOnNodeRestart" classname="org.apache.hadoop.hdds.scm.pipeline.TestRatisPipelineCreateAndDestroy" time="190.212">
    <error type="java.util.concurrent.TimeoutException"><![CDATA[java.util.concurrent.TimeoutException: testPipelineCreationOnNodeRestart() timed out after 180000 milliseconds
	at java.util.ArrayList.forEach(ArrayList.java:1259)
	at java.util.ArrayList.forEach(ArrayList.java:1259)
]]></error>
    <system-out><![CDATA[2024-01-30 07:45:17,927 [main] WARN  server.ServerUtils (ServerUtils.java:getScmDbDir(155)) - ozone.scm.db.dirs is not configured. We recommend adding this setting. Falling back to ozone.metadata.dirs instead.
2024-01-30 07:45:17,929 [main] WARN  server.ServerUtils (ServerUtils.java:getScmDbDir(155)) - ozone.scm.db.dirs is not configured. We recommend adding this setting. Falling back to ozone.metadata.dirs instead.
2024-01-30 07:45:17,929 [main] INFO  ha.SCMHANodeDetails (SCMHANodeDetails.java:loadSCMHAConfig(207)) - ServiceID for StorageContainerManager is null
2024-01-30 07:45:17,930 [main] INFO  ha.SCMHANodeDetails (SCMHANodeDetails.java:loadSCMHAConfig(212)) - ozone.scm.default.service.id is not defined, falling back to ozone.scm.service.ids to find serviceID for StorageContainerManager if it is HA enabled cluster
2024-01-30 07:45:17,930 [main] WARN  utils.HAUtils (HAUtils.java:getMetaDir(339)) - ozone.scm.db.dirs is not configured. We recommend adding this setting. Falling back to ozone.metadata.dirs instead.
2024-01-30 07:45:17,931 [main] WARN  db.DBStoreBuilder (DBStoreBuilder.java:applyDBDefinition(170)) - ozone.scm.db.dirs is not configured. We recommend adding this setting. Falling back to ozone.metadata.dirs instead.
2024-01-30 07:45:18,011 [main] INFO  net.NodeSchemaLoader (NodeSchemaLoader.java:loadSchemaFromFile(129)) - Loading schema from [jar:file:/home/runner/.m2/repository/org/apache/ozone/hdds-common/1.5.0-SNAPSHOT/hdds-common-1.5.0-SNAPSHOT.jar!/network-topology-default.xml]
2024-01-30 07:45:18,011 [main] INFO  net.NodeSchemaLoader (NodeSchemaLoader.java:loadSchema(176)) - Loading network topology layer schema file
2024-01-30 07:45:18,014 [main] INFO  upgrade.AbstractLayoutVersionManager (AbstractLayoutVersionManager.java:init(83)) - Initializing Layout version manager with metadata layout = HADOOP_PRC_PORTS_IN_DATANODEDETAILS (version = 7), software layout = HADOOP_PRC_PORTS_IN_DATANODEDETAILS (version = 7)
2024-01-30 07:45:18,016 [main] INFO  ha.SequenceIdGenerator (SequenceIdGenerator.java:upgradeToSequenceId(370)) - upgrade localId to 113750153625600000
2024-01-30 07:45:18,017 [main] INFO  ha.SequenceIdGenerator (SequenceIdGenerator.java:upgradeToSequenceId(380)) - upgrade delTxnId to 0
2024-01-30 07:45:18,018 [main] INFO  ha.SequenceIdGenerator (SequenceIdGenerator.java:upgradeToSequenceId(397)) - upgrade containerId to 0
2024-01-30 07:45:18,019 [main] INFO  ha.SequenceIdGenerator (SequenceIdGenerator.java:upgradeToCertificateSequenceId(444)) - upgrade CertificateId to 2
2024-01-30 07:45:18,019 [main] INFO  ha.SequenceIdGenerator (SequenceIdGenerator.java:<init>(241)) - Init the HA SequenceIdGenerator.
2024-01-30 07:45:18,020 [main] WARN  server.ServerUtils (ServerUtils.java:sanitizeUserArgs(74)) - ozone.scm.stale.node.interval value = 5000 is smaller than min = 6000 based on the key value of hdds.heartbeat.interval, reset to the min value 6000.
2024-01-30 07:45:18,020 [main] WARN  server.ServerUtils (ServerUtils.java:sanitizeUserArgs(74)) - ozone.scm.stale.node.interval value = 5000 is smaller than min = 6000 based on the key value of hdds.heartbeat.interval, reset to the min value 6000.
2024-01-30 07:45:18,020 [main] INFO  node.SCMNodeManager (SCMNodeManager.java:<init>(177)) - Entering startup safe mode.
2024-01-30 07:45:18,020 [main] INFO  algorithms.ContainerPlacementPolicyFactory (ContainerPlacementPolicyFactory.java:getPolicyInternal(86)) - Create container placement policy of type org.apache.hadoop.hdds.scm.container.placement.algorithms.SCMContainerPlacementRackAware
2024-01-30 07:45:18,020 [main] INFO  algorithms.ContainerPlacementPolicyFactory (ContainerPlacementPolicyFactory.java:getPolicyInternal(86)) - Create container placement policy of type org.apache.hadoop.hdds.scm.container.placement.algorithms.SCMContainerPlacementRackScatter
2024-01-30 07:45:18,021 [main] INFO  pipeline.PipelineStateManagerImpl (PipelineStateManagerImpl.java:initialize(78)) - No pipeline exists in current db
2024-01-30 07:45:18,021 [main] INFO  algorithms.LeaderChoosePolicyFactory (LeaderChoosePolicyFactory.java:getPolicy(57)) - Create leader choose policy of type org.apache.hadoop.hdds.scm.pipeline.leader.choose.algorithms.MinLeaderCountChoosePolicy
2024-01-30 07:45:18,021 [main] INFO  algorithms.ContainerPlacementPolicyFactory (ContainerPlacementPolicyFactory.java:getPolicyInternal(86)) - Create container placement policy of type org.apache.hadoop.hdds.scm.container.placement.algorithms.SCMContainerPlacementRackScatter
2024-01-30 07:45:18,021 [main] INFO  ha.SCMServiceManager (SCMServiceManager.java:register(42)) - Registering service BackgroundPipelineCreator.
2024-01-30 07:45:18,022 [main] INFO  pipeline.BackgroundPipelineCreator (BackgroundPipelineCreator.java:start(127)) - Starting RatisPipelineUtilsThread.
2024-01-30 07:45:18,022 [main] INFO  BackgroundPipelineScrubber (BackgroundSCMService.java:start(68)) - Starting BackgroundPipelineScrubber Service.
2024-01-30 07:45:18,022 [main] INFO  ha.SCMServiceManager (SCMServiceManager.java:register(42)) - Registering service BackgroundPipelineScrubber.
2024-01-30 07:45:18,022 [main] INFO  ExpiredContainerReplicaOpScrubber (BackgroundSCMService.java:start(68)) - Starting ExpiredContainerReplicaOpScrubber Service.
2024-01-30 07:45:18,023 [main] INFO  ha.SCMServiceManager (SCMServiceManager.java:register(42)) - Registering service ExpiredContainerReplicaOpScrubber.
2024-01-30 07:45:18,023 [main] INFO  algorithms.PipelineChoosePolicyFactory (PipelineChoosePolicyFactory.java:createPipelineChoosePolicyFromClass(80)) - Create pipeline choose policy of type org.apache.hadoop.hdds.scm.pipeline.choose.algorithms.RandomPipelineChoosePolicy
2024-01-30 07:45:18,023 [main] INFO  algorithms.PipelineChoosePolicyFactory (PipelineChoosePolicyFactory.java:createPipelineChoosePolicyFromClass(80)) - Create pipeline choose policy of type org.apache.hadoop.hdds.scm.pipeline.choose.algorithms.RandomPipelineChoosePolicy
2024-01-30 07:45:18,024 [main] INFO  ha.SCMServiceManager (SCMServiceManager.java:register(42)) - Registering service SCMBlockDeletingService.
2024-01-30 07:45:18,025 [main] INFO  replication.ReplicationManager (ReplicationManager.java:start(294)) - Starting Replication Monitor Thread.
2024-01-30 07:45:18,025 [ReplicationMonitor] INFO  replication.ReplicationManager (ReplicationManager.java:processAll(369)) - Replication Manager is not ready to run until 3000ms after safemode exit
2024-01-30 07:45:18,025 [main] INFO  ha.SCMServiceManager (SCMServiceManager.java:register(42)) - Registering service ReplicationManager.
2024-01-30 07:45:18,026 [main] INFO  safemode.ContainerSafeModeRule (ContainerSafeModeRule.java:<init>(91)) - containers with one replica threshold count 0
2024-01-30 07:45:18,026 [main] INFO  safemode.HealthyPipelineSafeModeRule (HealthyPipelineSafeModeRule.java:initializeRule(176)) - Total pipeline count is 0, healthy pipeline threshold count is 1
2024-01-30 07:45:18,027 [main] INFO  safemode.OneReplicaPipelineSafeModeRule (OneReplicaPipelineSafeModeRule.java:initializeRule(193)) - Total pipeline count is 0, pipeline's with at least one datanode reported threshold count is 0
2024-01-30 07:45:18,027 [main] INFO  server.StorageContainerManager (StorageContainerManager.java:<init>(440)) - SCM start with adminUsers: [runner]
2024-01-30 07:45:18,027 [main] INFO  ipc.CallQueueManager (CallQueueManager.java:<init>(90)) - Using callQueue: class java.util.concurrent.LinkedBlockingQueue, queueCapacity: 10000, scheduler: class org.apache.hadoop.ipc.DefaultRpcScheduler, ipcBackoff: false.
2024-01-30 07:45:18,028 [main] INFO  ipc.Server (Server.java:<init>(1287)) - Listener at 0.0.0.0:15064
2024-01-30 07:45:18,028 [Socket Reader #1 for port 15064] INFO  ipc.Server (Server.java:run(1323)) - Starting Socket Reader #1 for port 15064
2024-01-30 07:45:18,031 [main] INFO  ipc.CallQueueManager (CallQueueManager.java:<init>(90)) - Using callQueue: class java.util.concurrent.LinkedBlockingQueue, queueCapacity: 10000, scheduler: class org.apache.hadoop.ipc.DefaultRpcScheduler, ipcBackoff: false.
2024-01-30 07:45:18,031 [main] INFO  ipc.Server (Server.java:<init>(1287)) - Listener at 0.0.0.0:15063
2024-01-30 07:45:18,031 [Socket Reader #1 for port 15063] INFO  ipc.Server (Server.java:run(1323)) - Starting Socket Reader #1 for port 15063
2024-01-30 07:45:18,033 [main] INFO  ipc.CallQueueManager (CallQueueManager.java:<init>(90)) - Using callQueue: class java.util.concurrent.LinkedBlockingQueue, queueCapacity: 10000, scheduler: class org.apache.hadoop.ipc.DefaultRpcScheduler, ipcBackoff: false.
2024-01-30 07:45:18,034 [main] INFO  ipc.Server (Server.java:<init>(1287)) - Listener at 0.0.0.0:15062
2024-01-30 07:45:18,034 [Socket Reader #1 for port 15062] INFO  ipc.Server (Server.java:run(1323)) - Starting Socket Reader #1 for port 15062
2024-01-30 07:45:18,045 [main] INFO  ha.SCMServiceManager (SCMServiceManager.java:register(42)) - Registering service ContainerBalancer.
2024-01-30 07:45:18,045 [main] INFO  server.StorageContainerManager (StorageContainerManager.java:<init>(453)) - 
Container Balancer status:
Key                            Value
Running                        false
Container Balancer Configuration values:
Key                                                Value
Threshold                                          10
Max Datanodes to Involve per Iteration(percent)    20
Max Size to Move per Iteration                     500GB
Max Size Entering Target per Iteration             26GB
Max Size Leaving Source per Iteration              26GB
Number of Iterations                               10
Time Limit for Single Container's Movement         65min
Time Limit for Single Container's Replication      50min
Interval between each Iteration                    70min
Whether to Enable Network Topology                 false
Whether to Trigger Refresh Datanode Usage Info     false
Container IDs to Exclude from Balancing            None
Datanodes Specified to be Balanced                 None
Datanodes Excluded from Balancing                  None

2024-01-30 07:45:18,045 [main] INFO  ha.SCMContext (SCMContext.java:updateSafeModeStatus(230)) - Update SafeModeStatus from SafeModeStatus{safeModeStatus=true, preCheckPassed=false} to SafeModeStatus{safeModeStatus=true, preCheckPassed=false}.
2024-01-30 07:45:18,046 [main] INFO  server.StorageContainerManager (StorageContainerManager.java:start(1546)) - StorageContainerLocationProtocol RPC server is listening at /0.0.0.0:15062
2024-01-30 07:45:18,048 [main] WARN  impl.MetricsConfig (MetricsConfig.java:loadFirst(136)) - Cannot locate configuration: tried hadoop-metrics2-storagecontainermanager.properties,hadoop-metrics2.properties
2024-01-30 07:45:18,053 [main] INFO  impl.MetricsSystemImpl (MetricsSystemImpl.java:startTimer(378)) - Scheduled Metric snapshot period at 10 second(s).
2024-01-30 07:45:18,053 [main] INFO  impl.MetricsSystemImpl (MetricsSystemImpl.java:start(191)) - StorageContainerManager metrics system started
2024-01-30 07:45:18,057 [main] INFO  impl.MetricsSinkAdapter (MetricsSinkAdapter.java:start(204)) - Sink prometheus started
2024-01-30 07:45:18,058 [main] INFO  impl.MetricsSystemImpl (MetricsSystemImpl.java:registerSink(305)) - Registered sink prometheus
2024-01-30 07:45:18,083 [main] INFO  server.SCMClientProtocolServer (SCMClientProtocolServer.java:start(203)) - RPC server for Client  is listening at /0.0.0.0:15062
2024-01-30 07:45:18,084 [IPC Server Responder] INFO  ipc.Server (Server.java:run(1562)) - IPC Server Responder: starting
2024-01-30 07:45:18,086 [IPC Server listener on 15062] INFO  ipc.Server (Server.java:run(1402)) - IPC Server listener on 15062: starting
2024-01-30 07:45:18,095 [main] INFO  server.StorageContainerManager (StorageContainerManager.java:start(1559)) - ScmBlockLocationProtocol RPC server is listening at /0.0.0.0:15063
2024-01-30 07:45:18,096 [main] INFO  server.SCMBlockProtocolServer (SCMBlockProtocolServer.java:start(160)) - RPC server for Block Protocol is listening at /0.0.0.0:15063
2024-01-30 07:45:18,096 [IPC Server Responder] INFO  ipc.Server (Server.java:run(1562)) - IPC Server Responder: starting
2024-01-30 07:45:18,096 [IPC Server listener on 15063] INFO  ipc.Server (Server.java:run(1402)) - IPC Server listener on 15063: starting
2024-01-30 07:45:18,110 [main] INFO  server.SCMDatanodeProtocolServer (SCMDatanodeProtocolServer.java:start(194)) - ScmDatanodeProtocol RPC server for DataNodes is listening at /0.0.0.0:15064
2024-01-30 07:45:18,110 [IPC Server Responder] INFO  ipc.Server (Server.java:run(1562)) - IPC Server Responder: starting
2024-01-30 07:45:18,110 [IPC Server listener on 15064] INFO  ipc.Server (Server.java:run(1402)) - IPC Server listener on 15064: starting
2024-01-30 07:45:18,117 [JvmPauseMonitor8] INFO  util.JvmPauseMonitor (JvmPauseMonitor.java:run(146)) - JvmPauseMonitor-44c8d0df-6b1f-42fd-952f-478c37cbbb1c: Started
2024-01-30 07:45:18,118 [main] INFO  http.BaseHttpServer (BaseHttpServer.java:newHttpServer2BuilderForOzone(223)) - Starting Web-server for scm at: http://0.0.0.0:15065
2024-01-30 07:45:18,118 [main] INFO  http.BaseHttpServer (BaseHttpServer.java:<init>(110)) - Hadoop Security Enabled: false Ozone Security Enabled: false Ozone HTTP Security Enabled: false 
2024-01-30 07:45:18,119 [main] WARN  server.AuthenticationFilter (AuthenticationFilter.java:constructSecretProvider(240)) - Unable to initialize FileSignerSecretProvider, falling back to use random secrets. Reason: Could not read signature secret file: /home/runner/hadoop-http-auth-signature-secret
2024-01-30 07:45:18,120 [main] INFO  http.HttpRequestLog (HttpRequestLog.java:getRequestLog(86)) - Http request log for http.requests.scm is not defined
2024-01-30 07:45:18,121 [main] INFO  http.HttpServer2 (HttpServer2.java:addGlobalFilter(1036)) - Added global filter 'safety' (class=org.apache.hadoop.hdds.server.http.HttpServer2$QuotingInputFilter)
2024-01-30 07:45:18,122 [main] INFO  http.HttpServer2 (HttpServer2.java:addFilter(1012)) - Added filter static_user_filter (class=org.apache.hadoop.http.lib.StaticUserWebFilter$StaticUserFilter) to context scm
2024-01-30 07:45:18,122 [main] INFO  http.HttpServer2 (HttpServer2.java:addFilter(1020)) - Added filter static_user_filter (class=org.apache.hadoop.http.lib.StaticUserWebFilter$StaticUserFilter) to context static
2024-01-30 07:45:18,122 [main] INFO  http.HttpServer2 (HttpServer2.java:addFilter(1020)) - Added filter static_user_filter (class=org.apache.hadoop.http.lib.StaticUserWebFilter$StaticUserFilter) to context logs
2024-01-30 07:45:18,123 [main] INFO  http.BaseHttpServer (BaseHttpServer.java:<init>(189)) - HTTP server of scm uses base directory /home/runner/work/ozone/ozone/hadoop-ozone/integration-test/target/test-dir/MiniOzoneClusterImpl-3ad60551-d9fb-454a-addc-4d3fe7110c5e/ozone-meta/webserver
2024-01-30 07:45:18,123 [main] INFO  http.HttpServer2 (HttpServer2.java:bindListener(1236)) - Jetty bound to port 15065
2024-01-30 07:45:18,123 [main] INFO  server.Server (Server.java:doStart(375)) - jetty-9.4.53.v20231009; built: 2023-10-09T12:29:09.265Z; git: 27bde00a0b95a1d5bbee0eae7984f891d2d0f8c9; jvm 1.8.0_392-b08
2024-01-30 07:45:18,127 [main] INFO  server.session (DefaultSessionIdManager.java:doStart(334)) - DefaultSessionIdManager workerName=node0
2024-01-30 07:45:18,127 [main] INFO  server.session (DefaultSessionIdManager.java:doStart(339)) - No SessionScavenger set, using defaults
2024-01-30 07:45:18,127 [main] INFO  server.session (HouseKeeper.java:startScavenging(132)) - node0 Scavenging every 600000ms
2024-01-30 07:45:18,128 [main] INFO  handler.ContextHandler (ContextHandler.java:doStart(921)) - Started o.e.j.s.ServletContextHandler@36c6ad3c{logs,/logs,file:///home/runner/work/ozone/ozone/hadoop-ozone/integration-test/target/log,AVAILABLE}
2024-01-30 07:45:18,128 [main] INFO  handler.ContextHandler (ContextHandler.java:doStart(921)) - Started o.e.j.s.ServletContextHandler@45a63a4f{static,/static,file:///home/runner/work/ozone/ozone/hadoop-ozone/integration-test/target/test-classes/webapps/static,AVAILABLE}
2024-01-30 07:45:18,131 [main] INFO  handler.ContextHandler (ContextHandler.java:doStart(921)) - Started o.e.j.w.WebAppContext@711aa430{scm,/,file:///home/runner/work/ozone/ozone/hadoop-ozone/integration-test/target/test-classes/webapps/scm/,AVAILABLE}{file:/home/runner/work/ozone/ozone/hadoop-ozone/integration-test/target/test-classes/webapps/scm}
2024-01-30 07:45:18,133 [main] INFO  server.AbstractConnector (AbstractConnector.java:doStart(333)) - Started ServerConnector@598f99f4{HTTP/1.1, (http/1.1)}{0.0.0.0:15065}
2024-01-30 07:45:18,133 [main] INFO  server.Server (Server.java:doStart(415)) - Started @23901ms
2024-01-30 07:45:18,133 [main] WARN  impl.MetricsSystemImpl (MetricsSystemImpl.java:register(279)) - Sink prometheus already exists!
2024-01-30 07:45:18,134 [main] INFO  http.BaseHttpServer (BaseHttpServer.java:updateConnectorAddress(354)) - HTTP server of scm listening at http://0.0.0.0:15065
2024-01-30 07:45:18,134 [main] WARN  server.ServerUtils (ServerUtils.java:getDBPath(311)) - ozone.om.db.dirs is not configured. We recommend adding this setting. Falling back to ozone.metadata.dirs instead.
2024-01-30 07:45:18,135 [main] INFO  ha.OMHANodeDetails (OMHANodeDetails.java:loadOMHAConfig(115)) - ozone.om.internal.service.id is not defined, falling back to ozone.om.service.ids to find serviceID for OzoneManager if it is HA enabled cluster
2024-01-30 07:45:18,135 [main] INFO  ha.OMHANodeDetails (OMHANodeDetails.java:loadOMHAConfig(226)) - Configuration does not have ozone.om.address set. Falling back to the default OM address /127.0.0.1:15066
2024-01-30 07:45:18,135 [main] INFO  ha.OMHANodeDetails (OMHANodeDetails.java:getOMNodeDetailsForNonHA(254)) - OM Service ID is not set. Setting it to the default ID: omServiceIdDefault
2024-01-30 07:45:18,136 [main] INFO  ha.OMHANodeDetails (OMHANodeDetails.java:getOMNodeDetailsForNonHA(261)) - OM Node ID is not set. Setting it to the default ID: om1
2024-01-30 07:45:18,136 [main] WARN  server.ServerUtils (ServerUtils.java:getDBPath(311)) - ozone.om.db.dirs is not configured. We recommend adding this setting. Falling back to ozone.metadata.dirs instead.
2024-01-30 07:45:18,137 [main] INFO  upgrade.AbstractLayoutVersionManager (AbstractLayoutVersionManager.java:init(83)) - Initializing Layout version manager with metadata layout = QUOTA (version = 6), software layout = QUOTA (version = 6)
2024-01-30 07:45:18,189 [main] INFO  upgrade.OMLayoutVersionManager (OMLayoutVersionManager.java:lambda$0(113)) - Skipping Upgrade Action MockOmUpgradeAction since it has been finalized.
2024-01-30 07:45:18,189 [main] INFO  upgrade.OMLayoutVersionManager (OMLayoutVersionManager.java:lambda$0(113)) - Skipping Upgrade Action QuotaRepairUpgradeAction since it has been finalized.
2024-01-30 07:45:18,190 [main] WARN  server.ServerUtils (ServerUtils.java:getDBPath(311)) - ozone.om.db.dirs is not configured. We recommend adding this setting. Falling back to ozone.metadata.dirs instead.
2024-01-30 07:45:18,190 [main] INFO  proxy.SCMBlockLocationFailoverProxyProvider (SCMBlockLocationFailoverProxyProvider.java:<init>(115)) - Created block location fail-over proxy with 1 nodes: [nodeId=scmNodeId,nodeAddress=/0.0.0.0:15063]
2024-01-30 07:45:18,192 [main] INFO  proxy.SCMBlockLocationFailoverProxyProvider (SCMBlockLocationFailoverProxyProvider.java:<init>(115)) - Created block location fail-over proxy with 1 nodes: [nodeId=scmNodeId,nodeAddress=/0.0.0.0:15063]
2024-01-30 07:45:18,203 [main] INFO  om.OzoneManager (OzoneManager.java:<init>(673)) - OM start with adminUsers: [runner]
2024-01-30 07:45:18,204 [main] WARN  server.ServerUtils (ServerUtils.java:getDBPath(311)) - ozone.om.db.dirs is not configured. We recommend adding this setting. Falling back to ozone.metadata.dirs instead.
2024-01-30 07:45:18,204 [main] INFO  helpers.OmKeyInfo (OmKeyInfo.java:getCodec(71)) - OmKeyInfo.getCodec ignorePipeline = true
2024-01-30 07:45:18,351 [main] INFO  om.OzoneManager (OzoneManager.java:instantiateServices(805)) - S3 Multi-Tenancy is disabled
2024-01-30 07:45:18,352 [main] INFO  om.OmSnapshotManager (OmSnapshotManager.java:<init>(176)) - Ozone filesystem snapshot feature is enabled.
2024-01-30 07:45:18,352 [main] WARN  server.ServerUtils (ServerUtils.java:getDBPath(311)) - ozone.om.snapshot.diff.db.dir is not configured. We recommend adding this setting. Falling back to ozone.metadata.dirs instead.
2024-01-30 07:45:18,370 [main] INFO  utils.NativeLibraryLoader (NativeLibraryLoader.java:loadLibrary(108)) - Loading Library: ozone_rocksdb_tools
2024-01-30 07:45:18,371 [main] INFO  snapshot.SnapshotDiffManager (SnapshotDiffManager.java:closeExecutorService(1688)) - Shutting down executorService: 'SstDumpToolExecutor'
2024-01-30 07:45:18,374 [main] INFO  om.OzoneManager (OzoneManager.java:addS3GVolumeToDB(4429)) - Created Volume s3v With Owner runner required for S3Gateway operations.
2024-01-30 07:45:18,374 [main] WARN  server.ServerUtils (ServerUtils.java:getDefaultRatisDirectory(323)) - Storage directory for Ratis is not configured. It is a good idea to map this to an SSD disk. Falling back to ozone.metadata.dirs
2024-01-30 07:45:18,374 [main] WARN  utils.OzoneManagerRatisUtils (OzoneManagerRatisUtils.java:getOMRatisSnapshotDirectory(473)) - ozone.om.ratis.snapshot.dir is not configured. Falling back to ozone.metadata.dirs config
2024-01-30 07:45:18,381 [main] WARN  server.ServerUtils (ServerUtils.java:getDefaultRatisDirectory(323)) - Storage directory for Ratis is not configured. It is a good idea to map this to an SSD disk. Falling back to ozone.metadata.dirs
2024-01-30 07:45:18,383 [main] INFO  ratis.OzoneManagerRatisServer (OzoneManagerRatisServer.java:<init>(167)) - Instantiating OM Ratis server with groupID: omServiceIdDefault and peers: localhost:15069
2024-01-30 07:45:18,383 [main] INFO  ratis.OzoneManagerStateMachine (OzoneManagerStateMachine.java:loadSnapshotInfoFromDB(576)) - TransactionInfo not found in OM DB.
2024-01-30 07:45:18,384 [main] INFO  server.RaftServer (ConfUtils.java:logGet(46)) - raft.rpc.type = GRPC (default)
2024-01-30 07:45:18,384 [main] INFO  grpc.GrpcConfigKeys (ConfUtils.java:logFallback(53)) - raft.grpc.admin.host = null (fallback to raft.grpc.server.host)
2024-01-30 07:45:18,384 [main] INFO  grpc.GrpcConfigKeys (ConfUtils.java:logFallback(53)) - raft.grpc.admin.port = 15069 (fallback to raft.grpc.server.port)
2024-01-30 07:45:18,384 [main] INFO  grpc.GrpcConfigKeys (ConfUtils.java:logFallback(53)) - raft.grpc.client.host = null (fallback to raft.grpc.server.host)
2024-01-30 07:45:18,384 [main] INFO  grpc.GrpcConfigKeys (ConfUtils.java:logFallback(53)) - raft.grpc.client.port = 15069 (fallback to raft.grpc.server.port)
2024-01-30 07:45:18,385 [main] INFO  grpc.GrpcConfigKeys (ConfUtils.java:logGet(46)) - raft.grpc.server.host = null (default)
2024-01-30 07:45:18,385 [main] INFO  grpc.GrpcConfigKeys (ConfUtils.java:logGet(46)) - raft.grpc.server.port = 15069 (custom)
2024-01-30 07:45:18,385 [main] INFO  server.GrpcService (ConfUtils.java:logGet(46)) - raft.grpc.message.size.max = 4194304 (custom)
2024-01-30 07:45:18,385 [main] INFO  server.RaftServerConfigKeys (ConfUtils.java:logGet(46)) - raft.server.log.appender.buffer.byte-limit = 4194304 (custom)
2024-01-30 07:45:18,385 [main] INFO  server.GrpcService (ConfUtils.java:logGet(46)) - raft.grpc.flow.control.window = 1MB (=1048576) (default)
2024-01-30 07:45:18,386 [main] INFO  server.RaftServerConfigKeys (ConfUtils.java:logGet(46)) - raft.server.rpc.request.timeout = 3000ms (default)
2024-01-30 07:45:18,386 [main] INFO  grpc.GrpcConfigKeys (ConfUtils.java:logGet(46)) - raft.grpc.server.heartbeat.channel = true (default)
2024-01-30 07:45:18,386 [main] INFO  grpc.GrpcConfigKeys (ConfUtils.java:logGet(46)) - raft.grpc.server.async.request.thread.pool.cached = true (default)
2024-01-30 07:45:18,386 [main] INFO  grpc.GrpcConfigKeys (ConfUtils.java:logGet(46)) - raft.grpc.server.async.request.thread.pool.size = 32 (default)
2024-01-30 07:45:18,388 [main] INFO  impl.DataStreamServerImpl (ConfUtils.java:logGet(46)) - raft.datastream.type = DISABLED (default)
2024-01-30 07:45:18,388 [main] INFO  server.RaftServerConfigKeys (ConfUtils.java:logGet(46)) - raft.server.sleep.deviation.threshold = 300ms (default)
2024-01-30 07:45:18,388 [main] INFO  server.RaftServerConfigKeys (ConfUtils.java:logGet(46)) - raft.server.close.threshold = 60s (default)
2024-01-30 07:45:18,388 [main] INFO  server.RaftServerConfigKeys (ConfUtils.java:logGet(46)) - raft.server.leaderelection.leader.step-down.wait-time = 10s (default)
2024-01-30 07:45:18,388 [main] INFO  server.RaftServerConfigKeys (ConfUtils.java:logGet(46)) - raft.server.storage.dir = [/home/runner/work/ozone/ozone/hadoop-ozone/integration-test/target/test-dir/MiniOzoneClusterImpl-3ad60551-d9fb-454a-addc-4d3fe7110c5e/ozone-meta/ratis] (custom)
2024-01-30 07:45:18,389 [main] INFO  server.RaftServerConfigKeys (ConfUtils.java:logGet(46)) - raft.server.threadpool.proxy.cached = true (default)
2024-01-30 07:45:18,389 [main] INFO  server.RaftServerConfigKeys (ConfUtils.java:logGet(46)) - raft.server.threadpool.proxy.size = 0 (default)
2024-01-30 07:45:18,389 [main] INFO  server.RaftServer (RaftServerProxy.java:addNew(100)) - om1: addNew group-C5BA1605619E:[om1|localhost:15069] returns group-C5BA1605619E:java.util.concurrent.CompletableFuture@3f2e17e7[Not completed]
2024-01-30 07:45:18,389 [om1-groupManagement] INFO  server.RaftServer$Division (RaftServerImpl.java:<init>(256)) - om1: new RaftServerImpl for group-C5BA1605619E:[om1|localhost:15069] with OzoneManagerStateMachine:uninitialized
2024-01-30 07:45:18,390 [main] INFO  om.OzoneManager (OzoneManager.java:initializeRatisServer(2141)) - OzoneManager Ratis server initialized at port 15069
2024-01-30 07:45:18,390 [main] INFO  om.OzoneManager (OzoneManager.java:getRpcServer(1207)) - Creating RPC Server
2024-01-30 07:45:18,391 [om1-groupManagement] INFO  server.RaftServerConfigKeys (ConfUtils.java:logGet(46)) - raft.server.rpc.timeout.min = 1s (custom)
2024-01-30 07:45:18,391 [om1-groupManagement] INFO  server.RaftServerConfigKeys (ConfUtils.java:logGet(46)) - raft.server.rpc.timeout.max = 1200ms (custom)
2024-01-30 07:45:18,391 [om1-groupManagement] INFO  server.RaftServerConfigKeys (ConfUtils.java:logGet(46)) - raft.server.rpc.sleep.time = 25ms (default)
2024-01-30 07:45:18,391 [om1-groupManagement] INFO  server.RaftServerConfigKeys (ConfUtils.java:logGet(46)) - raft.server.rpc.slowness.timeout = 120s (custom)
2024-01-30 07:45:18,391 [om1-groupManagement] INFO  server.RaftServerConfigKeys (ConfUtils.java:logGet(46)) - raft.server.leaderelection.leader.step-down.wait-time = 10s (default)
2024-01-30 07:45:18,392 [om1-groupManagement] INFO  server.RaftServerConfigKeys (ConfUtils.java:logGet(46)) - raft.server.leaderelection.member.majority-add = false (default)
2024-01-30 07:45:18,392 [om1-groupManagement] INFO  server.RaftServerConfigKeys (ConfUtils.java:logGet(46)) - raft.server.sleep.deviation.threshold = 300ms (default)
2024-01-30 07:45:18,392 [om1-groupManagement] INFO  server.RaftServer$Division (ServerState.java:<init>(113)) - om1@group-C5BA1605619E: ConfigurationManager, init=-1: peers:[om1|localhost:15069]|listeners:[], old=null, confs=<EMPTY_MAP>
2024-01-30 07:45:18,392 [om1-groupManagement] INFO  server.RaftServerConfigKeys (ConfUtils.java:logGet(46)) - raft.server.notification.no-leader.timeout = 120s (custom)
2024-01-30 07:45:18,392 [om1-groupManagement] INFO  server.RaftServerConfigKeys (ConfUtils.java:logGet(46)) - raft.server.read.timeout = 10s (default)
2024-01-30 07:45:18,392 [om1-groupManagement] INFO  server.RaftServerConfigKeys (ConfUtils.java:logGet(46)) - raft.server.retrycache.expirytime = 300s (custom)
2024-01-30 07:45:18,392 [om1-groupManagement] INFO  server.RaftServerConfigKeys (ConfUtils.java:logGet(46)) - raft.server.retrycache.statistics.expirytime = 100ms (default)
2024-01-30 07:45:18,392 [om1-groupManagement] INFO  server.RaftServerConfigKeys (ConfUtils.java:logGet(46)) - raft.server.read.option = DEFAULT (default)
2024-01-30 07:45:18,392 [om1-groupManagement] INFO  server.RaftServerConfigKeys (ConfUtils.java:logGet(46)) - raft.server.read.read-after-write-consistent.write-index-cache.expiry-time = 60s (default)
2024-01-30 07:45:18,393 [om1-groupManagement] INFO  server.RaftServerConfigKeys (ConfUtils.java:logGet(46)) - raft.server.rpc.request.timeout = 3000ms (default)
2024-01-30 07:45:18,393 [om1-groupManagement] INFO  server.RaftServerConfigKeys (ConfUtils.java:logGet(46)) - raft.server.log.appender.install.snapshot.enabled = false (custom)
2024-01-30 07:45:18,393 [om1-groupManagement] INFO  server.RaftServerConfigKeys (ConfUtils.java:logGet(46)) - raft.server.threadpool.server.cached = true (default)
2024-01-30 07:45:18,393 [om1-groupManagement] INFO  server.RaftServerConfigKeys (ConfUtils.java:logGet(46)) - raft.server.threadpool.server.size = 0 (default)
2024-01-30 07:45:18,393 [om1-groupManagement] INFO  server.RaftServerConfigKeys (ConfUtils.java:logGet(46)) - raft.server.threadpool.client.cached = true (default)
2024-01-30 07:45:18,393 [om1-groupManagement] INFO  server.RaftServerConfigKeys (ConfUtils.java:logGet(46)) - raft.server.threadpool.client.size = 0 (default)
2024-01-30 07:45:18,664 [main] INFO  ipc.CallQueueManager (CallQueueManager.java:<init>(90)) - Using callQueue: class java.util.concurrent.LinkedBlockingQueue, queueCapacity: 2000, scheduler: class org.apache.hadoop.ipc.DefaultRpcScheduler, ipcBackoff: false.
2024-01-30 07:45:18,664 [main] INFO  ipc.Server (Server.java:<init>(1287)) - Listener at 127.0.0.1:15066
2024-01-30 07:45:18,664 [Socket Reader #1 for port 15066] INFO  ipc.Server (Server.java:run(1323)) - Starting Socket Reader #1 for port 15066
2024-01-30 07:45:18,679 [main] INFO  impl.MetricsSystemImpl (MetricsSystemImpl.java:init(158)) - OzoneManager metrics system started (again)
2024-01-30 07:45:18,686 [main] INFO  om.OzoneManager (OzoneManager.java:start(1629)) - OzoneManager RPC server is listening at localhost/127.0.0.1:15066
2024-01-30 07:45:18,687 [main] INFO  ratis.OzoneManagerRatisServer (OzoneManagerRatisServer.java:start(588)) - Starting OzoneManagerRatisServer om1 at port 15069
2024-01-30 07:45:18,687 [om1-impl-thread1] INFO  server.RaftServerConfigKeys (ConfUtils.java:logGet(46)) - raft.server.storage.free-space.min = 0MB (=0) (default)
2024-01-30 07:45:18,687 [om1-impl-thread1] INFO  server.RaftServerConfigKeys (ConfUtils.java:logGet(46)) - raft.server.log.corruption.policy = EXCEPTION (default)
2024-01-30 07:45:18,687 [om1-impl-thread1] INFO  server.RaftServerConfigKeys (ConfUtils.java:logGet(46)) - raft.server.storage.dir = [/home/runner/work/ozone/ozone/hadoop-ozone/integration-test/target/test-dir/MiniOzoneClusterImpl-3ad60551-d9fb-454a-addc-4d3fe7110c5e/ozone-meta/ratis] (custom)
2024-01-30 07:45:18,687 [om1-impl-thread1] INFO  storage.RaftStorageDirectory (RaftStorageDirectoryImpl.java:analyzeStorage(138)) - The storage directory /home/runner/work/ozone/ozone/hadoop-ozone/integration-test/target/test-dir/MiniOzoneClusterImpl-3ad60551-d9fb-454a-addc-4d3fe7110c5e/ozone-meta/ratis/bf265839-605b-3f16-9796-c5ba1605619e does not exist. Creating ...
2024-01-30 07:45:18,688 [om1-impl-thread1] INFO  storage.RaftStorageDirectory (RaftStorageDirectoryImpl.java:tryLock(228)) - Lock on /home/runner/work/ozone/ozone/hadoop-ozone/integration-test/target/test-dir/MiniOzoneClusterImpl-3ad60551-d9fb-454a-addc-4d3fe7110c5e/ozone-meta/ratis/bf265839-605b-3f16-9796-c5ba1605619e/in_use.lock acquired by nodename 92995@fv-az1436-717
2024-01-30 07:45:18,689 [om1-impl-thread1] INFO  storage.RaftStorage (RaftStorageImpl.java:format(99)) - Storage directory /home/runner/work/ozone/ozone/hadoop-ozone/integration-test/target/test-dir/MiniOzoneClusterImpl-3ad60551-d9fb-454a-addc-4d3fe7110c5e/ozone-meta/ratis/bf265839-605b-3f16-9796-c5ba1605619e has been successfully formatted.
2024-01-30 07:45:18,689 [om1-impl-thread1] WARN  util.FileUtils (LogUtils.java:supplyAndLog(63)) - Failed to Files.newInputStream /home/runner/work/ozone/ozone/hadoop-ozone/integration-test/target/test-dir/MiniOzoneClusterImpl-3ad60551-d9fb-454a-addc-4d3fe7110c5e/ozone-meta/ratis/bf265839-605b-3f16-9796-c5ba1605619e/current/raft-meta.conf with options []: java.nio.file.NoSuchFileException: /home/runner/work/ozone/ozone/hadoop-ozone/integration-test/target/test-dir/MiniOzoneClusterImpl-3ad60551-d9fb-454a-addc-4d3fe7110c5e/ozone-meta/ratis/bf265839-605b-3f16-9796-c5ba1605619e/current/raft-meta.conf
2024-01-30 07:45:18,690 [om1-impl-thread1] INFO  server.RaftServerConfigKeys (ConfUtils.java:logGet(46)) - raft.server.log.use.memory = false (default)
2024-01-30 07:45:18,690 [om1-impl-thread1] INFO  server.RaftServerConfigKeys (ConfUtils.java:logGet(46)) - raft.server.log.purge.gap = 1000000 (custom)
2024-01-30 07:45:18,690 [om1-impl-thread1] INFO  server.RaftServerConfigKeys (ConfUtils.java:logGet(46)) - raft.server.log.appender.buffer.byte-limit = 4194304 (custom)
2024-01-30 07:45:18,690 [om1-impl-thread1] INFO  server.RaftServerConfigKeys (ConfUtils.java:logGet(46)) - raft.server.log.statemachine.data.read.timeout = 1000ms (default)
2024-01-30 07:45:18,690 [om1-impl-thread1] INFO  server.RaftServerConfigKeys (ConfUtils.java:logGet(46)) - raft.server.log.purge.preservation.log.num = 0 (default)
2024-01-30 07:45:18,691 [om1-impl-thread1] INFO  server.RaftServerConfigKeys (ConfUtils.java:logGet(46)) - raft.server.log.segment.size.max = 4194304 (custom)
2024-01-30 07:45:18,691 [om1-impl-thread1] INFO  server.RaftServerConfigKeys (ConfUtils.java:logGet(46)) - raft.server.log.segment.cache.num.max = 2 (custom)
2024-01-30 07:45:18,691 [om1-impl-thread1] INFO  server.RaftServerConfigKeys (ConfUtils.java:logGet(46)) - raft.server.log.segment.cache.size.max = 200MB (=209715200) (default)
2024-01-30 07:45:18,691 [om1-impl-thread1] INFO  server.RaftServerConfigKeys (ConfUtils.java:logGet(46)) - raft.server.log.appender.buffer.byte-limit = 4194304 (custom)
2024-01-30 07:45:18,691 [om1-impl-thread1] INFO  util.AwaitToRun (AwaitToRun.java:start(81)) - Thread[om1@group-C5BA1605619E-cacheEviction-AwaitToRun,5,main] started
2024-01-30 07:45:18,691 [om1-impl-thread1] INFO  segmented.SegmentedRaftLogWorker (SegmentedRaftLogWorker.java:<init>(182)) - new om1@group-C5BA1605619E-SegmentedRaftLogWorker for RaftStorageImpl:Storage Directory /home/runner/work/ozone/ozone/hadoop-ozone/integration-test/target/test-dir/MiniOzoneClusterImpl-3ad60551-d9fb-454a-addc-4d3fe7110c5e/ozone-meta/ratis/bf265839-605b-3f16-9796-c5ba1605619e
2024-01-30 07:45:18,691 [om1-impl-thread1] INFO  server.RaftServerConfigKeys (ConfUtils.java:logGet(46)) - raft.server.log.queue.byte-limit = 64MB (=67108864) (default)
2024-01-30 07:45:18,691 [om1-impl-thread1] INFO  server.RaftServerConfigKeys (ConfUtils.java:logGet(46)) - raft.server.log.queue.element-limit = 4096 (default)
2024-01-30 07:45:18,691 [om1-impl-thread1] INFO  server.RaftServerConfigKeys (ConfUtils.java:logGet(46)) - raft.server.log.segment.size.max = 4194304 (custom)
2024-01-30 07:45:18,692 [om1-impl-thread1] INFO  server.RaftServerConfigKeys (ConfUtils.java:logGet(46)) - raft.server.log.preallocated.size = 4194304 (custom)
2024-01-30 07:45:18,692 [om1-impl-thread1] INFO  server.RaftServerConfigKeys (ConfUtils.java:logGet(46)) - raft.server.log.force.sync.num = 128 (default)
2024-01-30 07:45:18,692 [om1-impl-thread1] INFO  server.RaftServerConfigKeys (ConfUtils.java:logGet(46)) - raft.server.log.statemachine.data.sync = true (default)
2024-01-30 07:45:18,692 [om1-impl-thread1] INFO  server.RaftServerConfigKeys (ConfUtils.java:logGet(46)) - raft.server.log.statemachine.data.sync.timeout = 10s (default)
2024-01-30 07:45:18,692 [om1-impl-thread1] INFO  server.RaftServerConfigKeys (ConfUtils.java:logGet(46)) - raft.server.log.statemachine.data.sync.timeout.retry = -1 (default)
2024-01-30 07:45:18,693 [om1-impl-thread1] INFO  server.RaftServerConfigKeys (ConfUtils.java:logGet(46)) - raft.server.log.write.buffer.size = 4194312 (custom)
2024-01-30 07:45:18,694 [om1-impl-thread1] INFO  server.RaftServerConfigKeys (ConfUtils.java:logGet(46)) - raft.server.log.appender.buffer.byte-limit = 4194304 (custom)
2024-01-30 07:45:18,694 [om1-impl-thread1] INFO  server.RaftServerConfigKeys (ConfUtils.java:logGet(46)) - raft.server.log.unsafe-flush.enabled = false (default)
2024-01-30 07:45:18,694 [om1-impl-thread1] INFO  server.RaftServerConfigKeys (ConfUtils.java:logGet(46)) - raft.server.log.async-flush.enabled = false (default)
2024-01-30 07:45:18,694 [om1-impl-thread1] INFO  server.RaftServerConfigKeys (ConfUtils.java:logGet(46)) - raft.server.log.statemachine.data.caching.enabled = false (default)
2024-01-30 07:45:18,694 [om1-impl-thread1] INFO  segmented.SegmentedRaftLogWorker (SegmentedRaftLogWorker.java:lambda$new$0(134)) - om1@group-C5BA1605619E-SegmentedRaftLogWorker: flushIndex: setUnconditionally 0 -> -1
2024-01-30 07:45:18,694 [om1-impl-thread1] INFO  segmented.SegmentedRaftLogWorker (SegmentedRaftLogWorker.java:lambda$new$0(134)) - om1@group-C5BA1605619E-SegmentedRaftLogWorker: safeCacheEvictIndex: setUnconditionally 0 -> -1
2024-01-30 07:45:18,694 [om1-impl-thread1] INFO  server.RaftServer$Division (RaftServerImpl.java:start(396)) - om1@group-C5BA1605619E: start as a follower, conf=-1: peers:[om1|localhost:15069]|listeners:[], old=null
2024-01-30 07:45:18,694 [om1-impl-thread1] INFO  server.RaftServer$Division (RaftServerImpl.java:setRole(383)) - om1@group-C5BA1605619E: changes role from      null to FOLLOWER at term 0 for startAsFollower
2024-01-30 07:45:18,694 [om1-impl-thread1] INFO  impl.RoleInfo (RoleInfo.java:updateAndGet(139)) - om1: start om1@group-C5BA1605619E-FollowerState
2024-01-30 07:45:18,696 [om1-impl-thread1] INFO  util.JmxRegister (JmxRegister.java:tryRegister(44)) - Successfully registered JMX Bean with object name Ratis:service=RaftServer,group=group-C5BA1605619E,id=om1
2024-01-30 07:45:18,696 [om1-impl-thread1] INFO  server.RaftServerConfigKeys (ConfUtils.java:logGet(46)) - raft.server.snapshot.trigger-when-stop.enabled = true (default)
2024-01-30 07:45:18,696 [om1@group-C5BA1605619E-FollowerState] INFO  server.RaftServerConfigKeys (ConfUtils.java:logFallback(53)) - raft.server.rpc.first-election.timeout.min = 1s (fallback to raft.server.rpc.timeout.min)
2024-01-30 07:45:18,696 [om1@group-C5BA1605619E-FollowerState] INFO  server.RaftServerConfigKeys (ConfUtils.java:logFallback(53)) - raft.server.rpc.first-election.timeout.max = 1200ms (fallback to raft.server.rpc.timeout.max)
2024-01-30 07:45:18,696 [om1-impl-thread1] INFO  server.RaftServerConfigKeys (ConfUtils.java:logGet(46)) - raft.server.snapshot.auto.trigger.enabled = true (custom)
2024-01-30 07:45:18,696 [om1-impl-thread1] INFO  server.RaftServerConfigKeys (ConfUtils.java:logGet(46)) - raft.server.snapshot.auto.trigger.threshold = 400000 (default)
2024-01-30 07:45:18,696 [om1-impl-thread1] INFO  server.RaftServerConfigKeys (ConfUtils.java:logGet(46)) - raft.server.snapshot.retention.file.num = -1 (default)
2024-01-30 07:45:18,696 [om1-impl-thread1] INFO  server.RaftServerConfigKeys (ConfUtils.java:logGet(46)) - raft.server.log.purge.upto.snapshot.index = true (custom)
2024-01-30 07:45:18,697 [main] INFO  server.RaftServer (RaftServerProxy.java:startImpl(406)) - om1: start RPC server
2024-01-30 07:45:18,698 [main] INFO  server.GrpcService (GrpcService.java:startImpl(302)) - om1: GrpcService started, listening on 15069
2024-01-30 07:45:18,703 [JvmPauseMonitor9] INFO  util.JvmPauseMonitor (JvmPauseMonitor.java:run(146)) - JvmPauseMonitor-om1: Started
2024-01-30 07:45:18,704 [main] INFO  om.OzoneManager (OzoneManager.java:start(1645)) - Version File has different layout version (6) than OM DB (null). That is expected if this OM has never been finalized to a newer layout version.
2024-01-30 07:45:18,711 [main] INFO  http.BaseHttpServer (BaseHttpServer.java:newHttpServer2BuilderForOzone(223)) - Starting Web-server for ozoneManager at: http://0.0.0.0:15067
2024-01-30 07:45:18,711 [main] INFO  http.BaseHttpServer (BaseHttpServer.java:<init>(110)) - Hadoop Security Enabled: false Ozone Security Enabled: false Ozone HTTP Security Enabled: false 
2024-01-30 07:45:18,712 [main] WARN  server.AuthenticationFilter (AuthenticationFilter.java:constructSecretProvider(240)) - Unable to initialize FileSignerSecretProvider, falling back to use random secrets. Reason: Could not read signature secret file: /home/runner/hadoop-http-auth-signature-secret
2024-01-30 07:45:18,713 [main] INFO  http.HttpRequestLog (HttpRequestLog.java:getRequestLog(86)) - Http request log for http.requests.ozoneManager is not defined
2024-01-30 07:45:18,715 [main] INFO  http.HttpServer2 (HttpServer2.java:addGlobalFilter(1036)) - Added global filter 'safety' (class=org.apache.hadoop.hdds.server.http.HttpServer2$QuotingInputFilter)
2024-01-30 07:45:18,715 [main] INFO  http.HttpServer2 (HttpServer2.java:addFilter(1012)) - Added filter static_user_filter (class=org.apache.hadoop.http.lib.StaticUserWebFilter$StaticUserFilter) to context ozoneManager
2024-01-30 07:45:18,715 [main] INFO  http.HttpServer2 (HttpServer2.java:addFilter(1020)) - Added filter static_user_filter (class=org.apache.hadoop.http.lib.StaticUserWebFilter$StaticUserFilter) to context static
2024-01-30 07:45:18,715 [main] INFO  http.HttpServer2 (HttpServer2.java:addFilter(1020)) - Added filter static_user_filter (class=org.apache.hadoop.http.lib.StaticUserWebFilter$StaticUserFilter) to context logs
2024-01-30 07:45:18,716 [main] INFO  http.BaseHttpServer (BaseHttpServer.java:<init>(189)) - HTTP server of ozoneManager uses base directory /home/runner/work/ozone/ozone/hadoop-ozone/integration-test/target/test-dir/MiniOzoneClusterImpl-3ad60551-d9fb-454a-addc-4d3fe7110c5e/ozone-meta/webserver
2024-01-30 07:45:18,716 [main] INFO  http.HttpServer2 (HttpServer2.java:bindListener(1236)) - Jetty bound to port 15067
2024-01-30 07:45:18,716 [main] INFO  server.Server (Server.java:doStart(375)) - jetty-9.4.53.v20231009; built: 2023-10-09T12:29:09.265Z; git: 27bde00a0b95a1d5bbee0eae7984f891d2d0f8c9; jvm 1.8.0_392-b08
2024-01-30 07:45:18,717 [main] INFO  server.session (DefaultSessionIdManager.java:doStart(334)) - DefaultSessionIdManager workerName=node0
2024-01-30 07:45:18,717 [main] INFO  server.session (DefaultSessionIdManager.java:doStart(339)) - No SessionScavenger set, using defaults
2024-01-30 07:45:18,718 [main] INFO  server.session (HouseKeeper.java:startScavenging(132)) - node0 Scavenging every 660000ms
2024-01-30 07:45:18,718 [main] INFO  handler.ContextHandler (ContextHandler.java:doStart(921)) - Started o.e.j.s.ServletContextHandler@19678f3c{logs,/logs,file:///home/runner/work/ozone/ozone/hadoop-ozone/integration-test/target/log,AVAILABLE}
2024-01-30 07:45:18,719 [main] INFO  handler.ContextHandler (ContextHandler.java:doStart(921)) - Started o.e.j.s.ServletContextHandler@706b8129{static,/static,file:///home/runner/work/ozone/ozone/hadoop-ozone/integration-test/target/test-classes/webapps/static,AVAILABLE}
2024-01-30 07:45:18,722 [main] INFO  handler.ContextHandler (ContextHandler.java:doStart(921)) - Started o.e.j.w.WebAppContext@785bb9ef{ozoneManager,/,file:///home/runner/work/ozone/ozone/hadoop-ozone/integration-test/target/test-classes/webapps/ozoneManager/,AVAILABLE}{file:/home/runner/work/ozone/ozone/hadoop-ozone/integration-test/target/test-classes/webapps/ozoneManager}
2024-01-30 07:45:18,723 [main] INFO  server.AbstractConnector (AbstractConnector.java:doStart(333)) - Started ServerConnector@71f109d0{HTTP/1.1, (http/1.1)}{0.0.0.0:15067}
2024-01-30 07:45:18,723 [main] INFO  server.Server (Server.java:doStart(415)) - Started @24491ms
2024-01-30 07:45:18,724 [main] WARN  impl.MetricsSystemImpl (MetricsSystemImpl.java:register(279)) - Sink prometheus already exists!
2024-01-30 07:45:18,724 [main] INFO  http.BaseHttpServer (BaseHttpServer.java:updateConnectorAddress(354)) - HTTP server of ozoneManager listening at http://0.0.0.0:15067
2024-01-30 07:45:18,724 [IPC Server Responder] INFO  ipc.Server (Server.java:run(1562)) - IPC Server Responder: starting
2024-01-30 07:45:18,724 [IPC Server listener on 15066] INFO  ipc.Server (Server.java:run(1402)) - IPC Server listener on 15066: starting
2024-01-30 07:45:18,726 [main] INFO  om.OzoneManager (OzoneManager.java:startTrashEmptier(2094)) - Trash Interval set to 0. Files deleted won't move to trash
2024-01-30 07:45:18,734 [main] WARN  dropwizard3.Dm3MetricRegistriesImpl (Dm3MetricRegistriesImpl.java:addReporterRegistration(113)) - New reporters are added after registries were created. Some metrics will be missing from the reporter. Please add reporter before adding any new registry.
2024-01-30 07:45:18,735 [main] WARN  dropwizard3.Dm3MetricRegistriesImpl (Dm3MetricRegistriesImpl.java:addReporterRegistration(113)) - New reporters are added after registries were created. Some metrics will be missing from the reporter. Please add reporter before adding any new registry.
2024-01-30 07:45:18,735 [main] INFO  impl.MetricsSystemImpl (MetricsSystemImpl.java:init(158)) - HddsDatanode metrics system started (again)
2024-01-30 07:45:18,746 [main] INFO  ozone.HddsDatanodeService (HddsDatanodeService.java:start(240)) - HddsDatanodeService host:fv-az1436-717.rp122gijlobebpuychzvuh3j3h.bx.internal.cloudapp.net ip:10.1.0.48
2024-01-30 07:45:18,764 [main] INFO  upgrade.AbstractLayoutVersionManager (AbstractLayoutVersionManager.java:init(83)) - Initializing Layout version manager with metadata layout = HADOOP_PRC_PORTS_IN_DATANODEDETAILS (version = 7), software layout = HADOOP_PRC_PORTS_IN_DATANODEDETAILS (version = 7)
2024-01-30 07:45:18,764 [main] INFO  statemachine.DatanodeStateMachine (DatanodeStateMachine.java:getEndPointTaskThreadPoolSize(299)) - Datanode State Machine Task Thread Pool size 2
2024-01-30 07:45:18,766 [main] INFO  volume.HddsVolume (HddsVolume.java:<init>(125)) - Creating HddsVolume: /home/runner/work/ozone/ozone/hadoop-ozone/integration-test/target/test-dir/MiniOzoneClusterImpl-3ad60551-d9fb-454a-addc-4d3fe7110c5e/datanode-0/data-0/containers/hdds of storage type : DISK capacity : 9223372036854775807
2024-01-30 07:45:18,767 [main] INFO  volume.MutableVolumeSet (MutableVolumeSet.java:initializeVolumeSet(173)) - Added Volume : /home/runner/work/ozone/ozone/hadoop-ozone/integration-test/target/test-dir/MiniOzoneClusterImpl-3ad60551-d9fb-454a-addc-4d3fe7110c5e/datanode-0/data-0/containers/hdds to VolumeSet
2024-01-30 07:45:18,768 [main] INFO  volume.MutableVolumeSet (MutableVolumeSet.java:initializeVolumeSet(173)) - Added Volume : /home/runner/work/ozone/ozone/hadoop-ozone/integration-test/target/test-dir/MiniOzoneClusterImpl-3ad60551-d9fb-454a-addc-4d3fe7110c5e/datanode-0/data/ratis to VolumeSet
2024-01-30 07:45:18,768 [main] INFO  ozoneimpl.OzoneContainer (HddsVolumeUtil.java:loadAllHddsVolumeDbStore(103)) - Load 1 volumes DbStore cost: 0ms
2024-01-30 07:45:18,769 [d07b3c51-3354-45f5-8abc-ab9fc0487f36-ContainerReader-0] INFO  ozoneimpl.ContainerReader (ContainerReader.java:readVolume(178)) - Finish verifying containers on volume /home/runner/work/ozone/ozone/hadoop-ozone/integration-test/target/test-dir/MiniOzoneClusterImpl-3ad60551-d9fb-454a-addc-4d3fe7110c5e/datanode-0/data-0/containers/hdds
2024-01-30 07:45:18,770 [main] INFO  ozoneimpl.OzoneContainer (OzoneContainer.java:buildContainerSet(328)) - Build ContainerSet costs 0s
2024-01-30 07:45:18,772 [main] INFO  server.RaftServer (ConfUtils.java:logGet(46)) - raft.rpc.type = GRPC (default)
2024-01-30 07:45:18,772 [main] INFO  grpc.GrpcConfigKeys (ConfUtils.java:logFallback(53)) - raft.grpc.admin.host = null (fallback to raft.grpc.server.host)
2024-01-30 07:45:18,772 [main] INFO  grpc.GrpcConfigKeys (ConfUtils.java:logGet(46)) - raft.grpc.admin.port = 15075 (custom)
2024-01-30 07:45:18,772 [main] INFO  grpc.GrpcConfigKeys (ConfUtils.java:logFallback(53)) - raft.grpc.client.host = null (fallback to raft.grpc.server.host)
2024-01-30 07:45:18,773 [main] INFO  grpc.GrpcConfigKeys (ConfUtils.java:logGet(46)) - raft.grpc.client.port = 15074 (custom)
2024-01-30 07:45:18,773 [main] INFO  grpc.GrpcConfigKeys (ConfUtils.java:logGet(46)) - raft.grpc.server.host = null (default)
2024-01-30 07:45:18,773 [main] INFO  grpc.GrpcConfigKeys (ConfUtils.java:logGet(46)) - raft.grpc.server.port = 15076 (custom)
2024-01-30 07:45:18,773 [main] INFO  server.GrpcService (ConfUtils.java:logGet(46)) - raft.grpc.message.size.max = 32MB (=33554432) (custom)
2024-01-30 07:45:18,773 [main] INFO  server.RaftServerConfigKeys (ConfUtils.java:logGet(46)) - raft.server.log.appender.buffer.byte-limit = 8388608 (custom)
2024-01-30 07:45:18,773 [main] INFO  server.GrpcService (ConfUtils.java:logGet(46)) - raft.grpc.flow.control.window = 5MB (=5242880) (custom)
2024-01-30 07:45:18,773 [main] INFO  server.RaftServerConfigKeys (ConfUtils.java:logGet(46)) - raft.server.rpc.request.timeout = 60s (custom)
2024-01-30 07:45:18,773 [main] INFO  grpc.GrpcConfigKeys (ConfUtils.java:logGet(46)) - raft.grpc.server.heartbeat.channel = true (default)
2024-01-30 07:45:18,773 [main] INFO  grpc.GrpcConfigKeys (ConfUtils.java:logGet(46)) - raft.grpc.server.async.request.thread.pool.cached = true (default)
2024-01-30 07:45:18,774 [main] INFO  grpc.GrpcConfigKeys (ConfUtils.java:logGet(46)) - raft.grpc.server.async.request.thread.pool.size = 32 (default)
2024-01-30 07:45:18,775 [main] INFO  impl.DataStreamServerImpl (ConfUtils.java:logGet(46)) - raft.datastream.type = NETTY (custom)
2024-01-30 07:45:18,775 [main] INFO  server.RaftServerConfigKeys (ConfUtils.java:logGet(46)) - raft.server.data-stream.async.request.thread.pool.cached = false (default)
2024-01-30 07:45:18,776 [main] INFO  server.RaftServerConfigKeys (ConfUtils.java:logGet(46)) - raft.server.data-stream.async.request.thread.pool.size = 20 (custom)
2024-01-30 07:45:18,776 [main] INFO  server.RaftServerConfigKeys (ConfUtils.java:logGet(46)) - raft.server.data-stream.async.write.thread.pool.size = 16 (default)
2024-01-30 07:45:18,776 [main] INFO  netty.NettyConfigKeys$DataStream (ConfUtils.java:logGet(46)) - raft.netty.dataStream.server.channel.inactive.grace-period = 10min (default)
2024-01-30 07:45:18,776 [main] INFO  server.RaftServerConfigKeys (ConfUtils.java:logGet(46)) - raft.server.data-stream.client.pool.size = 10 (default)
2024-01-30 07:45:18,777 [main] INFO  netty.NettyConfigKeys$DataStream (ConfUtils.java:logGet(46)) - raft.netty.dataStream.server.use-epoll = true (default)
2024-01-30 07:45:18,777 [main] INFO  netty.NettyConfigKeys$DataStream (ConfUtils.java:logGet(46)) - raft.netty.dataStream.server.boss-group.size = 0 (default)
2024-01-30 07:45:18,777 [main] INFO  netty.NettyUtils (NettyUtils.java:newEventLoopGroup(69)) - Create EpollEventLoopGroup for d07b3c51-3354-45f5-8abc-ab9fc0487f36-NettyServerStreamRpc-bossGroup; Thread size is 0.
2024-01-30 07:45:18,777 [main] INFO  netty.NettyConfigKeys$DataStream (ConfUtils.java:logGet(46)) - raft.netty.dataStream.server.worker-group.size = 0 (default)
2024-01-30 07:45:18,777 [main] INFO  netty.NettyUtils (NettyUtils.java:newEventLoopGroup(69)) - Create EpollEventLoopGroup for d07b3c51-3354-45f5-8abc-ab9fc0487f36-NettyServerStreamRpc-workerGroup; Thread size is 0.
2024-01-30 07:45:18,778 [main] INFO  netty.NettyConfigKeys$DataStream (ConfUtils.java:logGet(46)) - raft.netty.dataStream.server.tls.conf = null (default)
2024-01-30 07:45:18,778 [main] INFO  netty.NettyConfigKeys$DataStream (ConfUtils.java:logGet(46)) - raft.netty.dataStream.host = null (default)
2024-01-30 07:45:18,778 [main] INFO  netty.NettyConfigKeys$DataStream (ConfUtils.java:logGet(46)) - raft.netty.dataStream.port = 15077 (custom)
2024-01-30 07:45:18,779 [main] INFO  server.RaftServerConfigKeys (ConfUtils.java:logGet(46)) - raft.server.sleep.deviation.threshold = 300ms (default)
2024-01-30 07:45:18,779 [main] INFO  server.RaftServerConfigKeys (ConfUtils.java:logGet(46)) - raft.server.close.threshold = 60s (default)
2024-01-30 07:45:18,779 [d07b3c51-3354-45f5-8abc-ab9fc0487f36-NettyServerStreamRpc-bossGroup--thread1] INFO  logging.LoggingHandler (AbstractInternalLogger.java:log(148)) - [id: 0xb1fe8bf2] REGISTERED
2024-01-30 07:45:18,779 [main] INFO  server.RaftServerConfigKeys (ConfUtils.java:logGet(46)) - raft.server.leaderelection.leader.step-down.wait-time = 10s (default)
2024-01-30 07:45:18,779 [d07b3c51-3354-45f5-8abc-ab9fc0487f36-NettyServerStreamRpc-bossGroup--thread1] INFO  logging.LoggingHandler (AbstractInternalLogger.java:log(148)) - [id: 0xb1fe8bf2] BIND: 0.0.0.0/0.0.0.0:15077
2024-01-30 07:45:18,779 [main] INFO  server.RaftServerConfigKeys (ConfUtils.java:logGet(46)) - raft.server.storage.dir = [/home/runner/work/ozone/ozone/hadoop-ozone/integration-test/target/test-dir/MiniOzoneClusterImpl-3ad60551-d9fb-454a-addc-4d3fe7110c5e/datanode-0/data/ratis] (custom)
2024-01-30 07:45:18,779 [d07b3c51-3354-45f5-8abc-ab9fc0487f36-NettyServerStreamRpc-bossGroup--thread1] INFO  logging.LoggingHandler (AbstractInternalLogger.java:log(148)) - [id: 0xb1fe8bf2, L:/0.0.0.0:15077] ACTIVE
2024-01-30 07:45:18,779 [main] INFO  server.RaftServerConfigKeys (ConfUtils.java:logGet(46)) - raft.server.threadpool.proxy.cached = true (default)
2024-01-30 07:45:18,780 [main] INFO  server.RaftServerConfigKeys (ConfUtils.java:logGet(46)) - raft.server.threadpool.proxy.size = 0 (default)
2024-01-30 07:45:18,780 [d07b3c51-3354-45f5-8abc-ab9fc0487f36-impl-thread1] INFO  server.RaftServer (RaftServerProxy.java:initGroupDir(264)) - d07b3c51-3354-45f5-8abc-ab9fc0487f36: found a subdirectory /home/runner/work/ozone/ozone/hadoop-ozone/integration-test/target/test-dir/MiniOzoneClusterImpl-3ad60551-d9fb-454a-addc-4d3fe7110c5e/datanode-0/data/ratis/tmp
2024-01-30 07:45:18,780 [d07b3c51-3354-45f5-8abc-ab9fc0487f36-impl-thread1] INFO  server.RaftServer (RaftServerProxy.java:initGroupDir(269)) - d07b3c51-3354-45f5-8abc-ab9fc0487f36: The directory /home/runner/work/ozone/ozone/hadoop-ozone/integration-test/target/test-dir/MiniOzoneClusterImpl-3ad60551-d9fb-454a-addc-4d3fe7110c5e/datanode-0/data/ratis/tmp is not a group directory; ignoring it. 
2024-01-30 07:45:18,780 [main] INFO  replication.ReplicationServer (ReplicationServer.java:<init>(86)) - Initializing replication server with thread count = 10 queue length = 4096
2024-01-30 07:45:18,781 [main] INFO  server.XceiverServerGrpc (XceiverServerGrpc.java:<init>(141)) - GrpcServer channel type EpollServerSocketChannel
2024-01-30 07:45:18,783 [main] INFO  replication.ReplicationSupervisor (ReplicationSupervisor.java:build(163)) - Initializing replication supervisor with thread count = 10
2024-01-30 07:45:18,783 [main] INFO  replication.ReplicationSupervisor (ReplicationSupervisor.java:nodeStateUpdated(317)) - Node state updated to IN_SERVICE, scaling executor pool size to 10
2024-01-30 07:45:18,785 [main] INFO  http.BaseHttpServer (BaseHttpServer.java:newHttpServer2BuilderForOzone(223)) - Starting Web-server for hddsDatanode at: http://0.0.0.0:15071
2024-01-30 07:45:18,785 [main] INFO  http.BaseHttpServer (BaseHttpServer.java:<init>(110)) - Hadoop Security Enabled: false Ozone Security Enabled: false Ozone HTTP Security Enabled: false 
2024-01-30 07:45:18,786 [main] WARN  server.AuthenticationFilter (AuthenticationFilter.java:constructSecretProvider(240)) - Unable to initialize FileSignerSecretProvider, falling back to use random secrets. Reason: Could not read signature secret file: /home/runner/hadoop-http-auth-signature-secret
2024-01-30 07:45:18,790 [main] INFO  http.HttpRequestLog (HttpRequestLog.java:getRequestLog(86)) - Http request log for http.requests.hddsDatanode is not defined
2024-01-30 07:45:18,792 [main] INFO  http.HttpServer2 (HttpServer2.java:addGlobalFilter(1036)) - Added global filter 'safety' (class=org.apache.hadoop.hdds.server.http.HttpServer2$QuotingInputFilter)
2024-01-30 07:45:18,792 [main] INFO  http.HttpServer2 (HttpServer2.java:addFilter(1012)) - Added filter static_user_filter (class=org.apache.hadoop.http.lib.StaticUserWebFilter$StaticUserFilter) to context hddsDatanode
2024-01-30 07:45:18,792 [main] INFO  http.HttpServer2 (HttpServer2.java:addFilter(1020)) - Added filter static_user_filter (class=org.apache.hadoop.http.lib.StaticUserWebFilter$StaticUserFilter) to context logs
2024-01-30 07:45:18,792 [main] INFO  http.HttpServer2 (HttpServer2.java:addFilter(1020)) - Added filter static_user_filter (class=org.apache.hadoop.http.lib.StaticUserWebFilter$StaticUserFilter) to context static
2024-01-30 07:45:18,793 [main] INFO  http.BaseHttpServer (BaseHttpServer.java:<init>(189)) - HTTP server of hddsDatanode uses base directory /home/runner/work/ozone/ozone/hadoop-ozone/integration-test/target/test-dir/MiniOzoneClusterImpl-3ad60551-d9fb-454a-addc-4d3fe7110c5e/datanode-0/meta/webserver
2024-01-30 07:45:18,793 [main] INFO  http.HttpServer2 (HttpServer2.java:bindListener(1236)) - Jetty bound to port 15071
2024-01-30 07:45:18,793 [main] INFO  server.Server (Server.java:doStart(375)) - jetty-9.4.53.v20231009; built: 2023-10-09T12:29:09.265Z; git: 27bde00a0b95a1d5bbee0eae7984f891d2d0f8c9; jvm 1.8.0_392-b08
2024-01-30 07:45:18,794 [main] INFO  server.session (DefaultSessionIdManager.java:doStart(334)) - DefaultSessionIdManager workerName=node0
2024-01-30 07:45:18,794 [main] INFO  server.session (DefaultSessionIdManager.java:doStart(339)) - No SessionScavenger set, using defaults
2024-01-30 07:45:18,795 [main] INFO  server.session (HouseKeeper.java:startScavenging(132)) - node0 Scavenging every 600000ms
2024-01-30 07:45:18,798 [main] INFO  handler.ContextHandler (ContextHandler.java:doStart(921)) - Started o.e.j.s.ServletContextHandler@1cffc69b{logs,/logs,file:///home/runner/work/ozone/ozone/hadoop-ozone/integration-test/target/log,AVAILABLE}
2024-01-30 07:45:18,798 [main] INFO  handler.ContextHandler (ContextHandler.java:doStart(921)) - Started o.e.j.s.ServletContextHandler@6edd0568{static,/static,jar:file:/home/runner/.m2/repository/org/apache/ozone/hdds-container-service/1.5.0-SNAPSHOT/hdds-container-service-1.5.0-SNAPSHOT.jar!/webapps/static,AVAILABLE}
2024-01-30 07:45:18,830 [main] INFO  handler.ContextHandler (ContextHandler.java:doStart(921)) - Started o.e.j.w.WebAppContext@195f96f{hddsDatanode,/,file:///home/runner/work/ozone/ozone/hadoop-ozone/integration-test/target/test-dir/MiniOzoneClusterImpl-3ad60551-d9fb-454a-addc-4d3fe7110c5e/datanode-0/meta/webserver/jetty-0_0_0_0-15071-hdds-container-service-1_5_0-SNAPSHOT_jar-_-any-6685521942204240826/webapp/,AVAILABLE}{jar:file:/home/runner/.m2/repository/org/apache/ozone/hdds-container-service/1.5.0-SNAPSHOT/hdds-container-service-1.5.0-SNAPSHOT.jar!/webapps/hddsDatanode}
2024-01-30 07:45:18,833 [main] INFO  server.AbstractConnector (AbstractConnector.java:doStart(333)) - Started ServerConnector@77b760b3{HTTP/1.1, (http/1.1)}{0.0.0.0:15071}
2024-01-30 07:45:18,833 [main] INFO  server.Server (Server.java:doStart(415)) - Started @24601ms
2024-01-30 07:45:18,833 [main] WARN  impl.MetricsSystemImpl (MetricsSystemImpl.java:register(279)) - Sink prometheus already exists!
2024-01-30 07:45:18,833 [main] INFO  http.BaseHttpServer (BaseHttpServer.java:updateConnectorAddress(354)) - HTTP server of hddsDatanode listening at http://0.0.0.0:15071
2024-01-30 07:45:18,834 [main] INFO  ipc.CallQueueManager (CallQueueManager.java:<init>(90)) - Using callQueue: class java.util.concurrent.LinkedBlockingQueue, queueCapacity: 100, scheduler: class org.apache.hadoop.ipc.DefaultRpcScheduler, ipcBackoff: false.
2024-01-30 07:45:18,834 [main] INFO  ipc.Server (Server.java:<init>(1287)) - Listener at 0.0.0.0:15072
2024-01-30 07:45:18,834 [Socket Reader #1 for port 15072] INFO  ipc.Server (Server.java:run(1323)) - Starting Socket Reader #1 for port 15072
2024-01-30 07:45:18,835 [main] INFO  ozone.HddsDatanodeService (HddsDatanodeService.java:start(327)) - Datanode start with admins: [runner]
2024-01-30 07:45:18,836 [main] INFO  ozone.HddsDatanodeClientProtocolServer (HddsDatanodeClientProtocolServer.java:start(72)) - RPC server for Client /0.0.0.0:15072
2024-01-30 07:45:18,836 [IPC Server Responder] INFO  ipc.Server (Server.java:run(1562)) - IPC Server Responder: starting
2024-01-30 07:45:18,836 [main] WARN  dropwizard3.Dm3MetricRegistriesImpl (Dm3MetricRegistriesImpl.java:addReporterRegistration(113)) - New reporters are added after registries were created. Some metrics will be missing from the reporter. Please add reporter before adding any new registry.
2024-01-30 07:45:18,837 [main] WARN  dropwizard3.Dm3MetricRegistriesImpl (Dm3MetricRegistriesImpl.java:addReporterRegistration(113)) - New reporters are added after registries were created. Some metrics will be missing from the reporter. Please add reporter before adding any new registry.
2024-01-30 07:45:18,836 [d07b3c51-3354-45f5-8abc-ab9fc0487f36-DatanodeStateMachineDaemonThread] INFO  statemachine.DatanodeStateMachine (DatanodeStateMachine.java:lambda$startDaemon$1(555)) - Ozone container server started.
2024-01-30 07:45:18,836 [IPC Server listener on 15072] INFO  ipc.Server (Server.java:run(1402)) - IPC Server listener on 15072: starting
2024-01-30 07:45:18,837 [main] INFO  impl.MetricsSystemImpl (MetricsSystemImpl.java:init(158)) - HddsDatanode metrics system started (again)
2024-01-30 07:45:18,842 [d07b3c51-3354-45f5-8abc-ab9fc0487f36-DatanodeStateMachineTaskThread-0] INFO  datanode.InitDatanodeState (InitDatanodeState.java:persistContainerDatanodeDetails(139)) - DatanodeDetails is persisted to /home/runner/work/ozone/ozone/hadoop-ozone/integration-test/target/test-dir/MiniOzoneClusterImpl-3ad60551-d9fb-454a-addc-4d3fe7110c5e/datanode-0/meta/datanode.id
2024-01-30 07:45:18,848 [main] INFO  ozone.HddsDatanodeService (HddsDatanodeService.java:start(240)) - HddsDatanodeService host:fv-az1436-717.rp122gijlobebpuychzvuh3j3h.bx.internal.cloudapp.net ip:10.1.0.48
2024-01-30 07:45:18,864 [main] INFO  upgrade.AbstractLayoutVersionManager (AbstractLayoutVersionManager.java:init(83)) - Initializing Layout version manager with metadata layout = HADOOP_PRC_PORTS_IN_DATANODEDETAILS (version = 7), software layout = HADOOP_PRC_PORTS_IN_DATANODEDETAILS (version = 7)
2024-01-30 07:45:18,864 [main] INFO  statemachine.DatanodeStateMachine (DatanodeStateMachine.java:getEndPointTaskThreadPoolSize(299)) - Datanode State Machine Task Thread Pool size 2
2024-01-30 07:45:18,865 [main] INFO  volume.HddsVolume (HddsVolume.java:<init>(125)) - Creating HddsVolume: /home/runner/work/ozone/ozone/hadoop-ozone/integration-test/target/test-dir/MiniOzoneClusterImpl-3ad60551-d9fb-454a-addc-4d3fe7110c5e/datanode-1/data-0/containers/hdds of storage type : DISK capacity : 9223372036854775807
2024-01-30 07:45:18,865 [main] INFO  volume.MutableVolumeSet (MutableVolumeSet.java:initializeVolumeSet(173)) - Added Volume : /home/runner/work/ozone/ozone/hadoop-ozone/integration-test/target/test-dir/MiniOzoneClusterImpl-3ad60551-d9fb-454a-addc-4d3fe7110c5e/datanode-1/data-0/containers/hdds to VolumeSet
2024-01-30 07:45:18,866 [main] INFO  volume.MutableVolumeSet (MutableVolumeSet.java:initializeVolumeSet(173)) - Added Volume : /home/runner/work/ozone/ozone/hadoop-ozone/integration-test/target/test-dir/MiniOzoneClusterImpl-3ad60551-d9fb-454a-addc-4d3fe7110c5e/datanode-1/data/ratis to VolumeSet
2024-01-30 07:45:18,867 [main] INFO  ozoneimpl.OzoneContainer (HddsVolumeUtil.java:loadAllHddsVolumeDbStore(103)) - Load 1 volumes DbStore cost: 0ms
2024-01-30 07:45:18,867 [b0b6b7fd-b71c-48b9-9e8b-e03541d31df9-ContainerReader-0] INFO  ozoneimpl.ContainerReader (ContainerReader.java:readVolume(178)) - Finish verifying containers on volume /home/runner/work/ozone/ozone/hadoop-ozone/integration-test/target/test-dir/MiniOzoneClusterImpl-3ad60551-d9fb-454a-addc-4d3fe7110c5e/datanode-1/data-0/containers/hdds
2024-01-30 07:45:18,867 [main] INFO  ozoneimpl.OzoneContainer (OzoneContainer.java:buildContainerSet(328)) - Build ContainerSet costs 0s
2024-01-30 07:45:18,869 [main] INFO  server.RaftServer (ConfUtils.java:logGet(46)) - raft.rpc.type = GRPC (default)
2024-01-30 07:45:18,869 [main] INFO  grpc.GrpcConfigKeys (ConfUtils.java:logFallback(53)) - raft.grpc.admin.host = null (fallback to raft.grpc.server.host)
2024-01-30 07:45:18,869 [main] INFO  grpc.GrpcConfigKeys (ConfUtils.java:logGet(46)) - raft.grpc.admin.port = 15084 (custom)
2024-01-30 07:45:18,869 [main] INFO  grpc.GrpcConfigKeys (ConfUtils.java:logFallback(53)) - raft.grpc.client.host = null (fallback to raft.grpc.server.host)
2024-01-30 07:45:18,869 [main] INFO  grpc.GrpcConfigKeys (ConfUtils.java:logGet(46)) - raft.grpc.client.port = 15083 (custom)
2024-01-30 07:45:18,869 [main] INFO  grpc.GrpcConfigKeys (ConfUtils.java:logGet(46)) - raft.grpc.server.host = null (default)
2024-01-30 07:45:18,870 [main] INFO  grpc.GrpcConfigKeys (ConfUtils.java:logGet(46)) - raft.grpc.server.port = 15085 (custom)
2024-01-30 07:45:18,870 [main] INFO  server.GrpcService (ConfUtils.java:logGet(46)) - raft.grpc.message.size.max = 32MB (=33554432) (custom)
2024-01-30 07:45:18,870 [main] INFO  server.RaftServerConfigKeys (ConfUtils.java:logGet(46)) - raft.server.log.appender.buffer.byte-limit = 8388608 (custom)
2024-01-30 07:45:18,870 [main] INFO  server.GrpcService (ConfUtils.java:logGet(46)) - raft.grpc.flow.control.window = 5MB (=5242880) (custom)
2024-01-30 07:45:18,870 [main] INFO  server.RaftServerConfigKeys (ConfUtils.java:logGet(46)) - raft.server.rpc.request.timeout = 60s (custom)
2024-01-30 07:45:18,870 [main] INFO  grpc.GrpcConfigKeys (ConfUtils.java:logGet(46)) - raft.grpc.server.heartbeat.channel = true (default)
2024-01-30 07:45:18,870 [main] INFO  grpc.GrpcConfigKeys (ConfUtils.java:logGet(46)) - raft.grpc.server.async.request.thread.pool.cached = true (default)
2024-01-30 07:45:18,870 [main] INFO  grpc.GrpcConfigKeys (ConfUtils.java:logGet(46)) - raft.grpc.server.async.request.thread.pool.size = 32 (default)
2024-01-30 07:45:18,872 [main] INFO  impl.DataStreamServerImpl (ConfUtils.java:logGet(46)) - raft.datastream.type = NETTY (custom)
2024-01-30 07:45:18,872 [main] INFO  server.RaftServerConfigKeys (ConfUtils.java:logGet(46)) - raft.server.data-stream.async.request.thread.pool.cached = false (default)
2024-01-30 07:45:18,872 [main] INFO  server.RaftServerConfigKeys (ConfUtils.java:logGet(46)) - raft.server.data-stream.async.request.thread.pool.size = 20 (custom)
2024-01-30 07:45:18,873 [main] INFO  server.RaftServerConfigKeys (ConfUtils.java:logGet(46)) - raft.server.data-stream.async.write.thread.pool.size = 16 (default)
2024-01-30 07:45:18,873 [main] INFO  netty.NettyConfigKeys$DataStream (ConfUtils.java:logGet(46)) - raft.netty.dataStream.server.channel.inactive.grace-period = 10min (default)
2024-01-30 07:45:18,873 [main] INFO  server.RaftServerConfigKeys (ConfUtils.java:logGet(46)) - raft.server.data-stream.client.pool.size = 10 (default)
2024-01-30 07:45:18,873 [main] INFO  netty.NettyConfigKeys$DataStream (ConfUtils.java:logGet(46)) - raft.netty.dataStream.server.use-epoll = true (default)
2024-01-30 07:45:18,873 [main] INFO  netty.NettyConfigKeys$DataStream (ConfUtils.java:logGet(46)) - raft.netty.dataStream.server.boss-group.size = 0 (default)
2024-01-30 07:45:18,873 [main] INFO  netty.NettyUtils (NettyUtils.java:newEventLoopGroup(69)) - Create EpollEventLoopGroup for b0b6b7fd-b71c-48b9-9e8b-e03541d31df9-NettyServerStreamRpc-bossGroup; Thread size is 0.
2024-01-30 07:45:18,873 [main] INFO  netty.NettyConfigKeys$DataStream (ConfUtils.java:logGet(46)) - raft.netty.dataStream.server.worker-group.size = 0 (default)
2024-01-30 07:45:18,874 [main] INFO  netty.NettyUtils (NettyUtils.java:newEventLoopGroup(69)) - Create EpollEventLoopGroup for b0b6b7fd-b71c-48b9-9e8b-e03541d31df9-NettyServerStreamRpc-workerGroup; Thread size is 0.
2024-01-30 07:45:18,874 [main] INFO  netty.NettyConfigKeys$DataStream (ConfUtils.java:logGet(46)) - raft.netty.dataStream.server.tls.conf = null (default)
2024-01-30 07:45:18,874 [main] INFO  netty.NettyConfigKeys$DataStream (ConfUtils.java:logGet(46)) - raft.netty.dataStream.host = null (default)
2024-01-30 07:45:18,874 [main] INFO  netty.NettyConfigKeys$DataStream (ConfUtils.java:logGet(46)) - raft.netty.dataStream.port = 15086 (custom)
2024-01-30 07:45:18,875 [main] INFO  server.RaftServerConfigKeys (ConfUtils.java:logGet(46)) - raft.server.sleep.deviation.threshold = 300ms (default)
2024-01-30 07:45:18,875 [b0b6b7fd-b71c-48b9-9e8b-e03541d31df9-NettyServerStreamRpc-bossGroup--thread1] INFO  logging.LoggingHandler (AbstractInternalLogger.java:log(148)) - [id: 0x0805922b] REGISTERED
2024-01-30 07:45:18,875 [main] INFO  server.RaftServerConfigKeys (ConfUtils.java:logGet(46)) - raft.server.close.threshold = 60s (default)
2024-01-30 07:45:18,875 [b0b6b7fd-b71c-48b9-9e8b-e03541d31df9-NettyServerStreamRpc-bossGroup--thread1] INFO  logging.LoggingHandler (AbstractInternalLogger.java:log(148)) - [id: 0x0805922b] BIND: 0.0.0.0/0.0.0.0:15086
2024-01-30 07:45:18,875 [main] INFO  server.RaftServerConfigKeys (ConfUtils.java:logGet(46)) - raft.server.leaderelection.leader.step-down.wait-time = 10s (default)
2024-01-30 07:45:18,875 [b0b6b7fd-b71c-48b9-9e8b-e03541d31df9-NettyServerStreamRpc-bossGroup--thread1] INFO  logging.LoggingHandler (AbstractInternalLogger.java:log(148)) - [id: 0x0805922b, L:/0.0.0.0:15086] ACTIVE
2024-01-30 07:45:18,876 [main] INFO  server.RaftServerConfigKeys (ConfUtils.java:logGet(46)) - raft.server.storage.dir = [/home/runner/work/ozone/ozone/hadoop-ozone/integration-test/target/test-dir/MiniOzoneClusterImpl-3ad60551-d9fb-454a-addc-4d3fe7110c5e/datanode-1/data/ratis] (custom)
2024-01-30 07:45:18,876 [main] INFO  server.RaftServerConfigKeys (ConfUtils.java:logGet(46)) - raft.server.threadpool.proxy.cached = true (default)
2024-01-30 07:45:18,876 [main] INFO  server.RaftServerConfigKeys (ConfUtils.java:logGet(46)) - raft.server.threadpool.proxy.size = 0 (default)
2024-01-30 07:45:18,877 [b0b6b7fd-b71c-48b9-9e8b-e03541d31df9-impl-thread1] INFO  server.RaftServer (RaftServerProxy.java:initGroupDir(264)) - b0b6b7fd-b71c-48b9-9e8b-e03541d31df9: found a subdirectory /home/runner/work/ozone/ozone/hadoop-ozone/integration-test/target/test-dir/MiniOzoneClusterImpl-3ad60551-d9fb-454a-addc-4d3fe7110c5e/datanode-1/data/ratis/tmp
2024-01-30 07:45:18,877 [b0b6b7fd-b71c-48b9-9e8b-e03541d31df9-impl-thread1] INFO  server.RaftServer (RaftServerProxy.java:initGroupDir(269)) - b0b6b7fd-b71c-48b9-9e8b-e03541d31df9: The directory /home/runner/work/ozone/ozone/hadoop-ozone/integration-test/target/test-dir/MiniOzoneClusterImpl-3ad60551-d9fb-454a-addc-4d3fe7110c5e/datanode-1/data/ratis/tmp is not a group directory; ignoring it. 
2024-01-30 07:45:18,877 [main] INFO  replication.ReplicationServer (ReplicationServer.java:<init>(86)) - Initializing replication server with thread count = 10 queue length = 4096
2024-01-30 07:45:18,878 [main] INFO  server.XceiverServerGrpc (XceiverServerGrpc.java:<init>(141)) - GrpcServer channel type EpollServerSocketChannel
2024-01-30 07:45:18,879 [main] INFO  replication.ReplicationSupervisor (ReplicationSupervisor.java:build(163)) - Initializing replication supervisor with thread count = 10
2024-01-30 07:45:18,879 [main] INFO  replication.ReplicationSupervisor (ReplicationSupervisor.java:nodeStateUpdated(317)) - Node state updated to IN_SERVICE, scaling executor pool size to 10
2024-01-30 07:45:18,881 [main] INFO  http.BaseHttpServer (BaseHttpServer.java:newHttpServer2BuilderForOzone(223)) - Starting Web-server for hddsDatanode at: http://0.0.0.0:15080
2024-01-30 07:45:18,881 [main] INFO  http.BaseHttpServer (BaseHttpServer.java:<init>(110)) - Hadoop Security Enabled: false Ozone Security Enabled: false Ozone HTTP Security Enabled: false 
2024-01-30 07:45:18,882 [main] WARN  server.AuthenticationFilter (AuthenticationFilter.java:constructSecretProvider(240)) - Unable to initialize FileSignerSecretProvider, falling back to use random secrets. Reason: Could not read signature secret file: /home/runner/hadoop-http-auth-signature-secret
2024-01-30 07:45:18,883 [main] INFO  http.HttpRequestLog (HttpRequestLog.java:getRequestLog(86)) - Http request log for http.requests.hddsDatanode is not defined
2024-01-30 07:45:18,884 [main] INFO  http.HttpServer2 (HttpServer2.java:addGlobalFilter(1036)) - Added global filter 'safety' (class=org.apache.hadoop.hdds.server.http.HttpServer2$QuotingInputFilter)
2024-01-30 07:45:18,884 [main] INFO  http.HttpServer2 (HttpServer2.java:addFilter(1012)) - Added filter static_user_filter (class=org.apache.hadoop.http.lib.StaticUserWebFilter$StaticUserFilter) to context hddsDatanode
2024-01-30 07:45:18,884 [main] INFO  http.HttpServer2 (HttpServer2.java:addFilter(1020)) - Added filter static_user_filter (class=org.apache.hadoop.http.lib.StaticUserWebFilter$StaticUserFilter) to context logs
2024-01-30 07:45:18,884 [main] INFO  http.HttpServer2 (HttpServer2.java:addFilter(1020)) - Added filter static_user_filter (class=org.apache.hadoop.http.lib.StaticUserWebFilter$StaticUserFilter) to context static
2024-01-30 07:45:18,885 [main] INFO  http.BaseHttpServer (BaseHttpServer.java:<init>(189)) - HTTP server of hddsDatanode uses base directory /home/runner/work/ozone/ozone/hadoop-ozone/integration-test/target/test-dir/MiniOzoneClusterImpl-3ad60551-d9fb-454a-addc-4d3fe7110c5e/datanode-1/meta/webserver
2024-01-30 07:45:18,885 [main] INFO  http.HttpServer2 (HttpServer2.java:bindListener(1236)) - Jetty bound to port 15080
2024-01-30 07:45:18,885 [main] INFO  server.Server (Server.java:doStart(375)) - jetty-9.4.53.v20231009; built: 2023-10-09T12:29:09.265Z; git: 27bde00a0b95a1d5bbee0eae7984f891d2d0f8c9; jvm 1.8.0_392-b08
2024-01-30 07:45:18,886 [main] INFO  server.session (DefaultSessionIdManager.java:doStart(334)) - DefaultSessionIdManager workerName=node0
2024-01-30 07:45:18,886 [main] INFO  server.session (DefaultSessionIdManager.java:doStart(339)) - No SessionScavenger set, using defaults
2024-01-30 07:45:18,887 [main] INFO  server.session (HouseKeeper.java:startScavenging(132)) - node0 Scavenging every 600000ms
2024-01-30 07:45:18,887 [main] INFO  handler.ContextHandler (ContextHandler.java:doStart(921)) - Started o.e.j.s.ServletContextHandler@1c4b9878{logs,/logs,file:///home/runner/work/ozone/ozone/hadoop-ozone/integration-test/target/log,AVAILABLE}
2024-01-30 07:45:18,888 [main] INFO  handler.ContextHandler (ContextHandler.java:doStart(921)) - Started o.e.j.s.ServletContextHandler@531e9c96{static,/static,jar:file:/home/runner/.m2/repository/org/apache/ozone/hdds-container-service/1.5.0-SNAPSHOT/hdds-container-service-1.5.0-SNAPSHOT.jar!/webapps/static,AVAILABLE}
2024-01-30 07:45:18,921 [main] INFO  handler.ContextHandler (ContextHandler.java:doStart(921)) - Started o.e.j.w.WebAppContext@18f6525d{hddsDatanode,/,file:///home/runner/work/ozone/ozone/hadoop-ozone/integration-test/target/test-dir/MiniOzoneClusterImpl-3ad60551-d9fb-454a-addc-4d3fe7110c5e/datanode-1/meta/webserver/jetty-0_0_0_0-15080-hdds-container-service-1_5_0-SNAPSHOT_jar-_-any-7809398187935894013/webapp/,AVAILABLE}{jar:file:/home/runner/.m2/repository/org/apache/ozone/hdds-container-service/1.5.0-SNAPSHOT/hdds-container-service-1.5.0-SNAPSHOT.jar!/webapps/hddsDatanode}
2024-01-30 07:45:18,923 [main] INFO  server.AbstractConnector (AbstractConnector.java:doStart(333)) - Started ServerConnector@52d41aa7{HTTP/1.1, (http/1.1)}{0.0.0.0:15080}
2024-01-30 07:45:18,923 [main] INFO  server.Server (Server.java:doStart(415)) - Started @24691ms
2024-01-30 07:45:18,923 [main] WARN  impl.MetricsSystemImpl (MetricsSystemImpl.java:register(279)) - Sink prometheus already exists!
2024-01-30 07:45:18,924 [main] INFO  http.BaseHttpServer (BaseHttpServer.java:updateConnectorAddress(354)) - HTTP server of hddsDatanode listening at http://0.0.0.0:15080
2024-01-30 07:45:18,924 [main] INFO  ipc.CallQueueManager (CallQueueManager.java:<init>(90)) - Using callQueue: class java.util.concurrent.LinkedBlockingQueue, queueCapacity: 100, scheduler: class org.apache.hadoop.ipc.DefaultRpcScheduler, ipcBackoff: false.
2024-01-30 07:45:18,924 [main] INFO  ipc.Server (Server.java:<init>(1287)) - Listener at 0.0.0.0:15081
2024-01-30 07:45:18,925 [Socket Reader #1 for port 15081] INFO  ipc.Server (Server.java:run(1323)) - Starting Socket Reader #1 for port 15081
2024-01-30 07:45:18,926 [main] INFO  ozone.HddsDatanodeService (HddsDatanodeService.java:start(327)) - Datanode start with admins: [runner]
2024-01-30 07:45:18,926 [main] INFO  ozone.HddsDatanodeClientProtocolServer (HddsDatanodeClientProtocolServer.java:start(72)) - RPC server for Client /0.0.0.0:15081
2024-01-30 07:45:18,927 [IPC Server Responder] INFO  ipc.Server (Server.java:run(1562)) - IPC Server Responder: starting
2024-01-30 07:45:18,933 [IPC Server listener on 15081] INFO  ipc.Server (Server.java:run(1402)) - IPC Server listener on 15081: starting
2024-01-30 07:45:18,934 [b0b6b7fd-b71c-48b9-9e8b-e03541d31df9-DatanodeStateMachineDaemonThread] INFO  statemachine.DatanodeStateMachine (DatanodeStateMachine.java:lambda$startDaemon$1(555)) - Ozone container server started.
2024-01-30 07:45:18,934 [main] WARN  dropwizard3.Dm3MetricRegistriesImpl (Dm3MetricRegistriesImpl.java:addReporterRegistration(113)) - New reporters are added after registries were created. Some metrics will be missing from the reporter. Please add reporter before adding any new registry.
2024-01-30 07:45:18,935 [main] WARN  dropwizard3.Dm3MetricRegistriesImpl (Dm3MetricRegistriesImpl.java:addReporterRegistration(113)) - New reporters are added after registries were created. Some metrics will be missing from the reporter. Please add reporter before adding any new registry.
2024-01-30 07:45:18,936 [main] INFO  impl.MetricsSystemImpl (MetricsSystemImpl.java:init(158)) - HddsDatanode metrics system started (again)
2024-01-30 07:45:18,938 [b0b6b7fd-b71c-48b9-9e8b-e03541d31df9-DatanodeStateMachineTaskThread-0] INFO  datanode.InitDatanodeState (InitDatanodeState.java:persistContainerDatanodeDetails(139)) - DatanodeDetails is persisted to /home/runner/work/ozone/ozone/hadoop-ozone/integration-test/target/test-dir/MiniOzoneClusterImpl-3ad60551-d9fb-454a-addc-4d3fe7110c5e/datanode-1/meta/datanode.id
2024-01-30 07:45:18,945 [main] INFO  ozone.HddsDatanodeService (HddsDatanodeService.java:start(240)) - HddsDatanodeService host:fv-az1436-717.rp122gijlobebpuychzvuh3j3h.bx.internal.cloudapp.net ip:10.1.0.48
2024-01-30 07:45:18,961 [main] INFO  upgrade.AbstractLayoutVersionManager (AbstractLayoutVersionManager.java:init(83)) - Initializing Layout version manager with metadata layout = HADOOP_PRC_PORTS_IN_DATANODEDETAILS (version = 7), software layout = HADOOP_PRC_PORTS_IN_DATANODEDETAILS (version = 7)
2024-01-30 07:45:18,962 [main] INFO  statemachine.DatanodeStateMachine (DatanodeStateMachine.java:getEndPointTaskThreadPoolSize(299)) - Datanode State Machine Task Thread Pool size 2
2024-01-30 07:45:18,963 [main] INFO  volume.HddsVolume (HddsVolume.java:<init>(125)) - Creating HddsVolume: /home/runner/work/ozone/ozone/hadoop-ozone/integration-test/target/test-dir/MiniOzoneClusterImpl-3ad60551-d9fb-454a-addc-4d3fe7110c5e/datanode-2/data-0/containers/hdds of storage type : DISK capacity : 9223372036854775807
2024-01-30 07:45:18,963 [main] INFO  volume.MutableVolumeSet (MutableVolumeSet.java:initializeVolumeSet(173)) - Added Volume : /home/runner/work/ozone/ozone/hadoop-ozone/integration-test/target/test-dir/MiniOzoneClusterImpl-3ad60551-d9fb-454a-addc-4d3fe7110c5e/datanode-2/data-0/containers/hdds to VolumeSet
2024-01-30 07:45:18,964 [main] INFO  volume.MutableVolumeSet (MutableVolumeSet.java:initializeVolumeSet(173)) - Added Volume : /home/runner/work/ozone/ozone/hadoop-ozone/integration-test/target/test-dir/MiniOzoneClusterImpl-3ad60551-d9fb-454a-addc-4d3fe7110c5e/datanode-2/data/ratis to VolumeSet
2024-01-30 07:45:18,964 [main] INFO  ozoneimpl.OzoneContainer (HddsVolumeUtil.java:loadAllHddsVolumeDbStore(103)) - Load 1 volumes DbStore cost: 0ms
2024-01-30 07:45:18,965 [ce491c53-a544-4921-9edd-2ea5f993f9d2-ContainerReader-0] INFO  ozoneimpl.ContainerReader (ContainerReader.java:readVolume(178)) - Finish verifying containers on volume /home/runner/work/ozone/ozone/hadoop-ozone/integration-test/target/test-dir/MiniOzoneClusterImpl-3ad60551-d9fb-454a-addc-4d3fe7110c5e/datanode-2/data-0/containers/hdds
2024-01-30 07:45:18,965 [main] INFO  ozoneimpl.OzoneContainer (OzoneContainer.java:buildContainerSet(328)) - Build ContainerSet costs 0s
2024-01-30 07:45:18,967 [main] INFO  server.RaftServer (ConfUtils.java:logGet(46)) - raft.rpc.type = GRPC (default)
2024-01-30 07:45:18,967 [main] INFO  grpc.GrpcConfigKeys (ConfUtils.java:logFallback(53)) - raft.grpc.admin.host = null (fallback to raft.grpc.server.host)
2024-01-30 07:45:18,967 [main] INFO  grpc.GrpcConfigKeys (ConfUtils.java:logGet(46)) - raft.grpc.admin.port = 15093 (custom)
2024-01-30 07:45:18,967 [main] INFO  grpc.GrpcConfigKeys (ConfUtils.java:logFallback(53)) - raft.grpc.client.host = null (fallback to raft.grpc.server.host)
2024-01-30 07:45:18,968 [main] INFO  grpc.GrpcConfigKeys (ConfUtils.java:logGet(46)) - raft.grpc.client.port = 15092 (custom)
2024-01-30 07:45:18,968 [main] INFO  grpc.GrpcConfigKeys (ConfUtils.java:logGet(46)) - raft.grpc.server.host = null (default)
2024-01-30 07:45:18,968 [main] INFO  grpc.GrpcConfigKeys (ConfUtils.java:logGet(46)) - raft.grpc.server.port = 15094 (custom)
2024-01-30 07:45:18,968 [main] INFO  server.GrpcService (ConfUtils.java:logGet(46)) - raft.grpc.message.size.max = 32MB (=33554432) (custom)
2024-01-30 07:45:18,968 [main] INFO  server.RaftServerConfigKeys (ConfUtils.java:logGet(46)) - raft.server.log.appender.buffer.byte-limit = 8388608 (custom)
2024-01-30 07:45:18,969 [main] INFO  server.GrpcService (ConfUtils.java:logGet(46)) - raft.grpc.flow.control.window = 5MB (=5242880) (custom)
2024-01-30 07:45:18,969 [main] INFO  server.RaftServerConfigKeys (ConfUtils.java:logGet(46)) - raft.server.rpc.request.timeout = 60s (custom)
2024-01-30 07:45:18,969 [main] INFO  grpc.GrpcConfigKeys (ConfUtils.java:logGet(46)) - raft.grpc.server.heartbeat.channel = true (default)
2024-01-30 07:45:18,969 [main] INFO  grpc.GrpcConfigKeys (ConfUtils.java:logGet(46)) - raft.grpc.server.async.request.thread.pool.cached = true (default)
2024-01-30 07:45:18,969 [main] INFO  grpc.GrpcConfigKeys (ConfUtils.java:logGet(46)) - raft.grpc.server.async.request.thread.pool.size = 32 (default)
2024-01-30 07:45:18,971 [main] INFO  impl.DataStreamServerImpl (ConfUtils.java:logGet(46)) - raft.datastream.type = NETTY (custom)
2024-01-30 07:45:18,971 [main] INFO  server.RaftServerConfigKeys (ConfUtils.java:logGet(46)) - raft.server.data-stream.async.request.thread.pool.cached = false (default)
2024-01-30 07:45:18,971 [main] INFO  server.RaftServerConfigKeys (ConfUtils.java:logGet(46)) - raft.server.data-stream.async.request.thread.pool.size = 20 (custom)
2024-01-30 07:45:18,971 [main] INFO  server.RaftServerConfigKeys (ConfUtils.java:logGet(46)) - raft.server.data-stream.async.write.thread.pool.size = 16 (default)
2024-01-30 07:45:18,971 [main] INFO  netty.NettyConfigKeys$DataStream (ConfUtils.java:logGet(46)) - raft.netty.dataStream.server.channel.inactive.grace-period = 10min (default)
2024-01-30 07:45:18,972 [main] INFO  server.RaftServerConfigKeys (ConfUtils.java:logGet(46)) - raft.server.data-stream.client.pool.size = 10 (default)
2024-01-30 07:45:18,972 [main] INFO  netty.NettyConfigKeys$DataStream (ConfUtils.java:logGet(46)) - raft.netty.dataStream.server.use-epoll = true (default)
2024-01-30 07:45:18,972 [main] INFO  netty.NettyConfigKeys$DataStream (ConfUtils.java:logGet(46)) - raft.netty.dataStream.server.boss-group.size = 0 (default)
2024-01-30 07:45:18,972 [main] INFO  netty.NettyUtils (NettyUtils.java:newEventLoopGroup(69)) - Create EpollEventLoopGroup for ce491c53-a544-4921-9edd-2ea5f993f9d2-NettyServerStreamRpc-bossGroup; Thread size is 0.
2024-01-30 07:45:18,972 [main] INFO  netty.NettyConfigKeys$DataStream (ConfUtils.java:logGet(46)) - raft.netty.dataStream.server.worker-group.size = 0 (default)
2024-01-30 07:45:18,973 [main] INFO  netty.NettyUtils (NettyUtils.java:newEventLoopGroup(69)) - Create EpollEventLoopGroup for ce491c53-a544-4921-9edd-2ea5f993f9d2-NettyServerStreamRpc-workerGroup; Thread size is 0.
2024-01-30 07:45:18,973 [main] INFO  netty.NettyConfigKeys$DataStream (ConfUtils.java:logGet(46)) - raft.netty.dataStream.server.tls.conf = null (default)
2024-01-30 07:45:18,973 [main] INFO  netty.NettyConfigKeys$DataStream (ConfUtils.java:logGet(46)) - raft.netty.dataStream.host = null (default)
2024-01-30 07:45:18,973 [main] INFO  netty.NettyConfigKeys$DataStream (ConfUtils.java:logGet(46)) - raft.netty.dataStream.port = 15095 (custom)
2024-01-30 07:45:18,974 [main] INFO  server.RaftServerConfigKeys (ConfUtils.java:logGet(46)) - raft.server.sleep.deviation.threshold = 300ms (default)
2024-01-30 07:45:18,974 [ce491c53-a544-4921-9edd-2ea5f993f9d2-NettyServerStreamRpc-bossGroup--thread1] INFO  logging.LoggingHandler (AbstractInternalLogger.java:log(148)) - [id: 0xcf5c31ed] REGISTERED
2024-01-30 07:45:18,974 [main] INFO  server.RaftServerConfigKeys (ConfUtils.java:logGet(46)) - raft.server.close.threshold = 60s (default)
2024-01-30 07:45:18,974 [ce491c53-a544-4921-9edd-2ea5f993f9d2-NettyServerStreamRpc-bossGroup--thread1] INFO  logging.LoggingHandler (AbstractInternalLogger.java:log(148)) - [id: 0xcf5c31ed] BIND: 0.0.0.0/0.0.0.0:15095
2024-01-30 07:45:18,975 [ce491c53-a544-4921-9edd-2ea5f993f9d2-NettyServerStreamRpc-bossGroup--thread1] INFO  logging.LoggingHandler (AbstractInternalLogger.java:log(148)) - [id: 0xcf5c31ed, L:/0.0.0.0:15095] ACTIVE
2024-01-30 07:45:18,974 [main] INFO  server.RaftServerConfigKeys (ConfUtils.java:logGet(46)) - raft.server.leaderelection.leader.step-down.wait-time = 10s (default)
2024-01-30 07:45:18,975 [main] INFO  server.RaftServerConfigKeys (ConfUtils.java:logGet(46)) - raft.server.storage.dir = [/home/runner/work/ozone/ozone/hadoop-ozone/integration-test/target/test-dir/MiniOzoneClusterImpl-3ad60551-d9fb-454a-addc-4d3fe7110c5e/datanode-2/data/ratis] (custom)
2024-01-30 07:45:18,975 [main] INFO  server.RaftServerConfigKeys (ConfUtils.java:logGet(46)) - raft.server.threadpool.proxy.cached = true (default)
2024-01-30 07:45:18,975 [main] INFO  server.RaftServerConfigKeys (ConfUtils.java:logGet(46)) - raft.server.threadpool.proxy.size = 0 (default)
2024-01-30 07:45:18,976 [ce491c53-a544-4921-9edd-2ea5f993f9d2-impl-thread1] INFO  server.RaftServer (RaftServerProxy.java:initGroupDir(264)) - ce491c53-a544-4921-9edd-2ea5f993f9d2: found a subdirectory /home/runner/work/ozone/ozone/hadoop-ozone/integration-test/target/test-dir/MiniOzoneClusterImpl-3ad60551-d9fb-454a-addc-4d3fe7110c5e/datanode-2/data/ratis/tmp
2024-01-30 07:45:18,976 [ce491c53-a544-4921-9edd-2ea5f993f9d2-impl-thread1] INFO  server.RaftServer (RaftServerProxy.java:initGroupDir(269)) - ce491c53-a544-4921-9edd-2ea5f993f9d2: The directory /home/runner/work/ozone/ozone/hadoop-ozone/integration-test/target/test-dir/MiniOzoneClusterImpl-3ad60551-d9fb-454a-addc-4d3fe7110c5e/datanode-2/data/ratis/tmp is not a group directory; ignoring it. 
2024-01-30 07:45:18,976 [main] INFO  replication.ReplicationServer (ReplicationServer.java:<init>(86)) - Initializing replication server with thread count = 10 queue length = 4096
2024-01-30 07:45:18,977 [main] INFO  server.XceiverServerGrpc (XceiverServerGrpc.java:<init>(141)) - GrpcServer channel type EpollServerSocketChannel
2024-01-30 07:45:18,979 [main] INFO  replication.ReplicationSupervisor (ReplicationSupervisor.java:build(163)) - Initializing replication supervisor with thread count = 10
2024-01-30 07:45:18,979 [main] INFO  replication.ReplicationSupervisor (ReplicationSupervisor.java:nodeStateUpdated(317)) - Node state updated to IN_SERVICE, scaling executor pool size to 10
2024-01-30 07:45:18,986 [main] INFO  http.BaseHttpServer (BaseHttpServer.java:newHttpServer2BuilderForOzone(223)) - Starting Web-server for hddsDatanode at: http://0.0.0.0:15089
2024-01-30 07:45:18,987 [main] INFO  http.BaseHttpServer (BaseHttpServer.java:<init>(110)) - Hadoop Security Enabled: false Ozone Security Enabled: false Ozone HTTP Security Enabled: false 
2024-01-30 07:45:18,988 [main] WARN  server.AuthenticationFilter (AuthenticationFilter.java:constructSecretProvider(240)) - Unable to initialize FileSignerSecretProvider, falling back to use random secrets. Reason: Could not read signature secret file: /home/runner/hadoop-http-auth-signature-secret
2024-01-30 07:45:18,989 [main] INFO  http.HttpRequestLog (HttpRequestLog.java:getRequestLog(86)) - Http request log for http.requests.hddsDatanode is not defined
2024-01-30 07:45:18,990 [main] INFO  http.HttpServer2 (HttpServer2.java:addGlobalFilter(1036)) - Added global filter 'safety' (class=org.apache.hadoop.hdds.server.http.HttpServer2$QuotingInputFilter)
2024-01-30 07:45:18,991 [main] INFO  http.HttpServer2 (HttpServer2.java:addFilter(1012)) - Added filter static_user_filter (class=org.apache.hadoop.http.lib.StaticUserWebFilter$StaticUserFilter) to context hddsDatanode
2024-01-30 07:45:18,992 [main] INFO  http.HttpServer2 (HttpServer2.java:addFilter(1020)) - Added filter static_user_filter (class=org.apache.hadoop.http.lib.StaticUserWebFilter$StaticUserFilter) to context static
2024-01-30 07:45:18,992 [main] INFO  http.HttpServer2 (HttpServer2.java:addFilter(1020)) - Added filter static_user_filter (class=org.apache.hadoop.http.lib.StaticUserWebFilter$StaticUserFilter) to context logs
2024-01-30 07:45:18,993 [main] INFO  http.BaseHttpServer (BaseHttpServer.java:<init>(189)) - HTTP server of hddsDatanode uses base directory /home/runner/work/ozone/ozone/hadoop-ozone/integration-test/target/test-dir/MiniOzoneClusterImpl-3ad60551-d9fb-454a-addc-4d3fe7110c5e/datanode-2/meta/webserver
2024-01-30 07:45:18,993 [main] INFO  http.HttpServer2 (HttpServer2.java:bindListener(1236)) - Jetty bound to port 15089
2024-01-30 07:45:18,994 [main] INFO  server.Server (Server.java:doStart(375)) - jetty-9.4.53.v20231009; built: 2023-10-09T12:29:09.265Z; git: 27bde00a0b95a1d5bbee0eae7984f891d2d0f8c9; jvm 1.8.0_392-b08
2024-01-30 07:45:18,999 [main] INFO  server.session (DefaultSessionIdManager.java:doStart(334)) - DefaultSessionIdManager workerName=node0
2024-01-30 07:45:18,999 [main] INFO  server.session (DefaultSessionIdManager.java:doStart(339)) - No SessionScavenger set, using defaults
2024-01-30 07:45:18,999 [main] INFO  server.session (HouseKeeper.java:startScavenging(132)) - node0 Scavenging every 600000ms
2024-01-30 07:45:19,002 [main] INFO  handler.ContextHandler (ContextHandler.java:doStart(921)) - Started o.e.j.s.ServletContextHandler@2f816d78{logs,/logs,file:///home/runner/work/ozone/ozone/hadoop-ozone/integration-test/target/log,AVAILABLE}
2024-01-30 07:45:19,003 [main] INFO  handler.ContextHandler (ContextHandler.java:doStart(921)) - Started o.e.j.s.ServletContextHandler@159aacd8{static,/static,jar:file:/home/runner/.m2/repository/org/apache/ozone/hdds-container-service/1.5.0-SNAPSHOT/hdds-container-service-1.5.0-SNAPSHOT.jar!/webapps/static,AVAILABLE}
2024-01-30 07:45:19,035 [main] INFO  handler.ContextHandler (ContextHandler.java:doStart(921)) - Started o.e.j.w.WebAppContext@5f3a486c{hddsDatanode,/,file:///home/runner/work/ozone/ozone/hadoop-ozone/integration-test/target/test-dir/MiniOzoneClusterImpl-3ad60551-d9fb-454a-addc-4d3fe7110c5e/datanode-2/meta/webserver/jetty-0_0_0_0-15089-hdds-container-service-1_5_0-SNAPSHOT_jar-_-any-8882107783141776929/webapp/,AVAILABLE}{jar:file:/home/runner/.m2/repository/org/apache/ozone/hdds-container-service/1.5.0-SNAPSHOT/hdds-container-service-1.5.0-SNAPSHOT.jar!/webapps/hddsDatanode}
2024-01-30 07:45:19,037 [main] INFO  server.AbstractConnector (AbstractConnector.java:doStart(333)) - Started ServerConnector@14fe3663{HTTP/1.1, (http/1.1)}{0.0.0.0:15089}
2024-01-30 07:45:19,037 [main] INFO  server.Server (Server.java:doStart(415)) - Started @24805ms
2024-01-30 07:45:19,037 [main] WARN  impl.MetricsSystemImpl (MetricsSystemImpl.java:register(279)) - Sink prometheus already exists!
2024-01-30 07:45:19,038 [main] INFO  http.BaseHttpServer (BaseHttpServer.java:updateConnectorAddress(354)) - HTTP server of hddsDatanode listening at http://0.0.0.0:15089
2024-01-30 07:45:19,038 [main] INFO  ipc.CallQueueManager (CallQueueManager.java:<init>(90)) - Using callQueue: class java.util.concurrent.LinkedBlockingQueue, queueCapacity: 100, scheduler: class org.apache.hadoop.ipc.DefaultRpcScheduler, ipcBackoff: false.
2024-01-30 07:45:19,038 [main] INFO  ipc.Server (Server.java:<init>(1287)) - Listener at 0.0.0.0:15090
2024-01-30 07:45:19,039 [Socket Reader #1 for port 15090] INFO  ipc.Server (Server.java:run(1323)) - Starting Socket Reader #1 for port 15090
2024-01-30 07:45:19,040 [main] INFO  ozone.HddsDatanodeService (HddsDatanodeService.java:start(327)) - Datanode start with admins: [runner]
2024-01-30 07:45:19,040 [main] INFO  ozone.HddsDatanodeClientProtocolServer (HddsDatanodeClientProtocolServer.java:start(72)) - RPC server for Client /0.0.0.0:15090
2024-01-30 07:45:19,041 [IPC Server Responder] INFO  ipc.Server (Server.java:run(1562)) - IPC Server Responder: starting
2024-01-30 07:45:19,043 [IPC Server listener on 15090] INFO  ipc.Server (Server.java:run(1402)) - IPC Server listener on 15090: starting
2024-01-30 07:45:19,044 [ce491c53-a544-4921-9edd-2ea5f993f9d2-DatanodeStateMachineDaemonThread] INFO  statemachine.DatanodeStateMachine (DatanodeStateMachine.java:lambda$startDaemon$1(555)) - Ozone container server started.
2024-01-30 07:45:19,044 [main] INFO  ozone.MiniOzoneClusterImpl (MiniOzoneClusterImpl.java:lambda$waitForClusterToBeReady$0(229)) - Waiting for nodes to be ready. Got 0 of 3 DN Heartbeats.
2024-01-30 07:45:19,044 [main] INFO  ozone.MiniOzoneClusterImpl (MiniOzoneClusterImpl.java:lambda$waitForClusterToBeReady$0(232)) - Waiting for cluster to exit safe mode
2024-01-30 07:45:19,045 [main] INFO  ozone.MiniOzoneClusterImpl (MiniOzoneClusterImpl.java:lambda$waitForClusterToBeReady$0(234)) - SCM became leader
2024-01-30 07:45:19,051 [ce491c53-a544-4921-9edd-2ea5f993f9d2-DatanodeStateMachineTaskThread-0] INFO  datanode.InitDatanodeState (InitDatanodeState.java:persistContainerDatanodeDetails(139)) - DatanodeDetails is persisted to /home/runner/work/ozone/ozone/hadoop-ozone/integration-test/target/test-dir/MiniOzoneClusterImpl-3ad60551-d9fb-454a-addc-4d3fe7110c5e/datanode-2/meta/datanode.id
2024-01-30 07:45:19,878 [om1@group-C5BA1605619E-FollowerState] INFO  impl.FollowerState (FollowerState.java:run(143)) - om1@group-C5BA1605619E-FollowerState: change to CANDIDATE, lastRpcElapsedTime:1183681582ns, electionTimeout:1182ms
2024-01-30 07:45:19,878 [om1@group-C5BA1605619E-FollowerState] INFO  impl.RoleInfo (RoleInfo.java:shutdownFollowerState(110)) - om1: shutdown om1@group-C5BA1605619E-FollowerState
2024-01-30 07:45:19,878 [om1@group-C5BA1605619E-FollowerState] INFO  server.RaftServer$Division (RaftServerImpl.java:setRole(383)) - om1@group-C5BA1605619E: changes role from  FOLLOWER to CANDIDATE at term 0 for changeToCandidate
2024-01-30 07:45:19,879 [om1@group-C5BA1605619E-FollowerState] INFO  server.RaftServerConfigKeys (ConfUtils.java:logGet(46)) - raft.server.leaderelection.pre-vote = true (default)
2024-01-30 07:45:19,879 [om1@group-C5BA1605619E-FollowerState] INFO  impl.RoleInfo (RoleInfo.java:updateAndGet(139)) - om1: start om1@group-C5BA1605619E-LeaderElection15
2024-01-30 07:45:19,881 [om1@group-C5BA1605619E-LeaderElection15] INFO  impl.LeaderElection (LeaderElection.java:askForVotes(321)) - om1@group-C5BA1605619E-LeaderElection15 PRE_VOTE round 0: submit vote requests at term 0 for -1: peers:[om1|localhost:15069]|listeners:[], old=null
2024-01-30 07:45:19,881 [om1@group-C5BA1605619E-LeaderElection15] INFO  impl.LeaderElection (LeaderElection.java:askForVotes(323)) - om1@group-C5BA1605619E-LeaderElection15 PRE_VOTE round 0: result PASSED (term=0)
2024-01-30 07:45:19,882 [om1@group-C5BA1605619E-LeaderElection15] INFO  impl.LeaderElection (LeaderElection.java:askForVotes(321)) - om1@group-C5BA1605619E-LeaderElection15 ELECTION round 0: submit vote requests at term 1 for -1: peers:[om1|localhost:15069]|listeners:[], old=null
2024-01-30 07:45:19,882 [om1@group-C5BA1605619E-LeaderElection15] INFO  impl.LeaderElection (LeaderElection.java:askForVotes(323)) - om1@group-C5BA1605619E-LeaderElection15 ELECTION round 0: result PASSED (term=1)
2024-01-30 07:45:19,882 [om1@group-C5BA1605619E-LeaderElection15] INFO  impl.RoleInfo (RoleInfo.java:shutdownLeaderElection(130)) - om1: shutdown om1@group-C5BA1605619E-LeaderElection15
2024-01-30 07:45:19,882 [om1@group-C5BA1605619E-LeaderElection15] INFO  server.RaftServer$Division (RaftServerImpl.java:setRole(383)) - om1@group-C5BA1605619E: changes role from CANDIDATE to LEADER at term 1 for changeToLeader
2024-01-30 07:45:19,882 [om1@group-C5BA1605619E-LeaderElection15] INFO  server.RaftServerConfigKeys (ConfUtils.java:logGet(46)) - raft.server.staging.catchup.gap = 1000 (default)
2024-01-30 07:45:19,882 [om1@group-C5BA1605619E-LeaderElection15] INFO  server.RaftServerConfigKeys (ConfUtils.java:logGet(46)) - raft.server.write.element-limit = 4096 (default)
2024-01-30 07:45:19,882 [om1@group-C5BA1605619E-LeaderElection15] INFO  server.RaftServerConfigKeys (ConfUtils.java:logGet(46)) - raft.server.write.byte-limit = 64MB (=67108864) (default)
2024-01-30 07:45:19,883 [om1@group-C5BA1605619E-LeaderElection15] INFO  server.RaftServerConfigKeys (ConfUtils.java:logGet(46)) - raft.server.watch.timeout = 10s (default)
2024-01-30 07:45:19,883 [om1@group-C5BA1605619E-LeaderElection15] INFO  server.RaftServerConfigKeys (ConfUtils.java:logGet(46)) - raft.server.watch.timeout.denomination = 1s (default)
2024-01-30 07:45:19,883 [om1@group-C5BA1605619E-LeaderElection15] INFO  server.RaftServerConfigKeys (ConfUtils.java:logGet(46)) - raft.server.watch.element-limit = 65536 (default)
2024-01-30 07:45:19,883 [om1@group-C5BA1605619E-LeaderElection15] INFO  server.RaftServerConfigKeys (ConfUtils.java:logGet(46)) - raft.server.read.leader.lease.enabled = false (default)
2024-01-30 07:45:19,883 [om1@group-C5BA1605619E-LeaderElection15] INFO  server.RaftServerConfigKeys (ConfUtils.java:logGet(46)) - raft.server.read.leader.lease.timeout.ratio = 0.9 (default)
2024-01-30 07:45:19,883 [om1@group-C5BA1605619E-LeaderElection15] INFO  server.RaftServerConfigKeys (ConfUtils.java:logGet(46)) - raft.server.rpc.timeout.min = 1s (custom)
2024-01-30 07:45:19,883 [om1@group-C5BA1605619E-LeaderElection15] INFO  server.RaftServerConfigKeys (ConfUtils.java:logGet(46)) - raft.server.write.element-limit = 4096 (default)
2024-01-30 07:45:19,883 [om1@group-C5BA1605619E-LeaderElection15] INFO  server.RaftServerConfigKeys (ConfUtils.java:logGet(46)) - raft.server.write.follower.gap.ratio.max = -1.0 (default)
2024-01-30 07:45:19,883 [om1@group-C5BA1605619E-LeaderElection15] INFO  impl.RoleInfo (RoleInfo.java:updateAndGet(139)) - om1: start om1@group-C5BA1605619E-LeaderStateImpl
2024-01-30 07:45:19,883 [om1@group-C5BA1605619E-LeaderElection15] INFO  server.RaftServer$Division (RaftServerImpl.java:setFirstElection(574)) - om1@group-C5BA1605619E: set firstElectionSinceStartup to false for becomeLeader
2024-01-30 07:45:19,884 [om1@group-C5BA1605619E-LeaderElection15] INFO  server.RaftServer$Division (ServerState.java:setLeader(269)) - om1@group-C5BA1605619E: change Leader from null to om1 at term 1 for becomeLeader, leader elected after 1491ms
2024-01-30 07:45:19,884 [om1@group-C5BA1605619E-LeaderElection15] INFO  segmented.SegmentedRaftLogWorker (SegmentedRaftLogWorker.java:startLogSegment(430)) - om1@group-C5BA1605619E-SegmentedRaftLogWorker: Starting segment from index:0
2024-01-30 07:45:19,885 [om1@group-C5BA1605619E-LeaderElection15] INFO  server.RaftServer$Division (ServerState.java:setRaftConf(386)) - om1@group-C5BA1605619E: set configuration 0: peers:[om1|localhost:15069]|listeners:[], old=null
2024-01-30 07:45:19,885 [om1@group-C5BA1605619E-SegmentedRaftLogWorker] INFO  segmented.BufferedWriteChannel (BufferedWriteChannel.java:open(62)) - open log_inprogress_0 at position 0
2024-01-30 07:45:19,892 [om1@group-C5BA1605619E-SegmentedRaftLogWorker] INFO  segmented.SegmentedRaftLogWorker (SegmentedRaftLogWorker.java:execute(634)) - om1@group-C5BA1605619E-SegmentedRaftLogWorker: created new log segment /home/runner/work/ozone/ozone/hadoop-ozone/integration-test/target/test-dir/MiniOzoneClusterImpl-3ad60551-d9fb-454a-addc-4d3fe7110c5e/ozone-meta/ratis/bf265839-605b-3f16-9796-c5ba1605619e/current/log_inprogress_0
2024-01-30 07:45:19,894 [om1@group-C5BA1605619E-StateMachineUpdater] INFO  ratis.OzoneManagerStateMachine (OzoneManagerStateMachine.java:notifyConfigurationChanged(200)) - Received Configuration change notification from Ratis. New Peer list:
[id: "om1"
address: "localhost:15069"
startupRole: FOLLOWER
]
2024-01-30 07:45:19,894 [om1@group-C5BA1605619E-StateMachineUpdater] INFO  server.RaftServer$Division (LeaderStateImpl.java:isApplied(320)) - leader is ready since appliedIndex == 0 >= startIndex == 0
2024-01-30 07:45:20,045 [main] INFO  ozone.MiniOzoneClusterImpl (MiniOzoneClusterImpl.java:lambda$waitForClusterToBeReady$0(229)) - Waiting for nodes to be ready. Got 0 of 3 DN Heartbeats.
2024-01-30 07:45:20,045 [main] INFO  ozone.MiniOzoneClusterImpl (MiniOzoneClusterImpl.java:lambda$waitForClusterToBeReady$0(232)) - Waiting for cluster to exit safe mode
2024-01-30 07:45:20,045 [main] INFO  ozone.MiniOzoneClusterImpl (MiniOzoneClusterImpl.java:lambda$waitForClusterToBeReady$0(234)) - SCM became leader
2024-01-30 07:45:20,865 [d07b3c51-3354-45f5-8abc-ab9fc0487f36-EndpointStateMachineTaskThread-/0.0.0.0:15064-0 ] INFO  utils.DatanodeStoreCache (DatanodeStoreCache.java:addDB(72)) - Added db /home/runner/work/ozone/ozone/hadoop-ozone/integration-test/target/test-dir/MiniOzoneClusterImpl-3ad60551-d9fb-454a-addc-4d3fe7110c5e/datanode-0/data-0/containers/hdds/3ad60551-d9fb-454a-addc-4d3fe7110c5e/DS-3ec9c859-79fb-4cf7-bbba-dd21e96dc4bf/container.db to cache
2024-01-30 07:45:20,865 [d07b3c51-3354-45f5-8abc-ab9fc0487f36-EndpointStateMachineTaskThread-/0.0.0.0:15064-0 ] INFO  volume.HddsVolume (HddsVolume.java:createDbStore(420)) - SchemaV3 db is created and loaded at /home/runner/work/ozone/ozone/hadoop-ozone/integration-test/target/test-dir/MiniOzoneClusterImpl-3ad60551-d9fb-454a-addc-4d3fe7110c5e/datanode-0/data-0/containers/hdds/3ad60551-d9fb-454a-addc-4d3fe7110c5e/DS-3ec9c859-79fb-4cf7-bbba-dd21e96dc4bf/container.db for volume DS-3ec9c859-79fb-4cf7-bbba-dd21e96dc4bf
2024-01-30 07:45:20,866 [d07b3c51-3354-45f5-8abc-ab9fc0487f36-EndpointStateMachineTaskThread-/0.0.0.0:15064-0 ] INFO  volume.ThrottledAsyncChecker (ThrottledAsyncChecker.java:schedule(141)) - Scheduling a check for /home/runner/work/ozone/ozone/hadoop-ozone/integration-test/target/test-dir/MiniOzoneClusterImpl-3ad60551-d9fb-454a-addc-4d3fe7110c5e/datanode-0/data-0/containers/hdds
2024-01-30 07:45:20,866 [d07b3c51-3354-45f5-8abc-ab9fc0487f36-EndpointStateMachineTaskThread-/0.0.0.0:15064-0 ] INFO  volume.StorageVolumeChecker (StorageVolumeChecker.java:checkAllVolumes(218)) - Scheduled health check for volume /home/runner/work/ozone/ozone/hadoop-ozone/integration-test/target/test-dir/MiniOzoneClusterImpl-3ad60551-d9fb-454a-addc-4d3fe7110c5e/datanode-0/data-0/containers/hdds
2024-01-30 07:45:20,868 [d07b3c51-3354-45f5-8abc-ab9fc0487f36-EndpointStateMachineTaskThread-/0.0.0.0:15064-0 ] INFO  volume.ThrottledAsyncChecker (ThrottledAsyncChecker.java:schedule(141)) - Scheduling a check for /home/runner/work/ozone/ozone/hadoop-ozone/integration-test/target/test-dir/MiniOzoneClusterImpl-3ad60551-d9fb-454a-addc-4d3fe7110c5e/datanode-0/data/ratis
2024-01-30 07:45:20,868 [d07b3c51-3354-45f5-8abc-ab9fc0487f36-EndpointStateMachineTaskThread-/0.0.0.0:15064-0 ] INFO  volume.StorageVolumeChecker (StorageVolumeChecker.java:checkAllVolumes(218)) - Scheduled health check for volume /home/runner/work/ozone/ozone/hadoop-ozone/integration-test/target/test-dir/MiniOzoneClusterImpl-3ad60551-d9fb-454a-addc-4d3fe7110c5e/datanode-0/data/ratis
2024-01-30 07:45:20,868 [d07b3c51-3354-45f5-8abc-ab9fc0487f36-EndpointStateMachineTaskThread-/0.0.0.0:15064-0 ] INFO  ozoneimpl.OzoneContainer (OzoneContainer.java:start(457)) - Attempting to start container services.
2024-01-30 07:45:20,869 [d07b3c51-3354-45f5-8abc-ab9fc0487f36-EndpointStateMachineTaskThread-/0.0.0.0:15064-0 ] INFO  ozoneimpl.OzoneContainer (OzoneContainer.java:startContainerScrub(339)) - Scheduled background container scanners and the on-demand container scanner have been disabled.
2024-01-30 07:45:20,869 [d07b3c51-3354-45f5-8abc-ab9fc0487f36-EndpointStateMachineTaskThread-/0.0.0.0:15064-0 ] INFO  replication.ReplicationServer (ReplicationServer.java:start(140)) - ReplicationServer is started using port 15078
2024-01-30 07:45:20,869 [d07b3c51-3354-45f5-8abc-ab9fc0487f36-EndpointStateMachineTaskThread-/0.0.0.0:15064-0 ] INFO  ratis.XceiverServerRatis (XceiverServerRatis.java:start(566)) - Starting XceiverServerRatis d07b3c51-3354-45f5-8abc-ab9fc0487f36
2024-01-30 07:45:20,871 [d07b3c51-3354-45f5-8abc-ab9fc0487f36-EndpointStateMachineTaskThread-/0.0.0.0:15064-0 ] INFO  server.RaftServer (RaftServerProxy.java:startImpl(406)) - d07b3c51-3354-45f5-8abc-ab9fc0487f36: start RPC server
2024-01-30 07:45:20,872 [d07b3c51-3354-45f5-8abc-ab9fc0487f36-EndpointStateMachineTaskThread-/0.0.0.0:15064-0 ] INFO  server.GrpcService (GrpcService.java:startImpl(302)) - d07b3c51-3354-45f5-8abc-ab9fc0487f36: GrpcService started, listening on 15074
2024-01-30 07:45:20,875 [d07b3c51-3354-45f5-8abc-ab9fc0487f36-EndpointStateMachineTaskThread-/0.0.0.0:15064-0 ] INFO  server.GrpcService (GrpcService.java:startImpl(302)) - d07b3c51-3354-45f5-8abc-ab9fc0487f36: GrpcService started, listening on 15076
2024-01-30 07:45:20,875 [d07b3c51-3354-45f5-8abc-ab9fc0487f36-EndpointStateMachineTaskThread-/0.0.0.0:15064-0 ] INFO  server.GrpcService (GrpcService.java:startImpl(302)) - d07b3c51-3354-45f5-8abc-ab9fc0487f36: GrpcService started, listening on 15075
2024-01-30 07:45:20,878 [d07b3c51-3354-45f5-8abc-ab9fc0487f36-EndpointStateMachineTaskThread-/0.0.0.0:15064-0 ] INFO  ratis.XceiverServerRatis (XceiverServerRatis.java:getRealPort(592)) - XceiverServerRatis d07b3c51-3354-45f5-8abc-ab9fc0487f36 is started using port 15074 for RATIS
2024-01-30 07:45:20,878 [JvmPauseMonitor10] INFO  util.JvmPauseMonitor (JvmPauseMonitor.java:run(146)) - JvmPauseMonitor-d07b3c51-3354-45f5-8abc-ab9fc0487f36: Started
2024-01-30 07:45:20,878 [d07b3c51-3354-45f5-8abc-ab9fc0487f36-EndpointStateMachineTaskThread-/0.0.0.0:15064-0 ] INFO  ratis.XceiverServerRatis (XceiverServerRatis.java:getRealPort(592)) - XceiverServerRatis d07b3c51-3354-45f5-8abc-ab9fc0487f36 is started using port 15075 for RATIS_ADMIN
2024-01-30 07:45:20,878 [d07b3c51-3354-45f5-8abc-ab9fc0487f36-EndpointStateMachineTaskThread-/0.0.0.0:15064-0 ] INFO  ratis.XceiverServerRatis (XceiverServerRatis.java:getRealPort(592)) - XceiverServerRatis d07b3c51-3354-45f5-8abc-ab9fc0487f36 is started using port 15076 for RATIS_SERVER
2024-01-30 07:45:20,879 [d07b3c51-3354-45f5-8abc-ab9fc0487f36-EndpointStateMachineTaskThread-/0.0.0.0:15064-0 ] INFO  ratis.XceiverServerRatis (XceiverServerRatis.java:getRealPort(592)) - XceiverServerRatis d07b3c51-3354-45f5-8abc-ab9fc0487f36 is started using port 15077 for RATIS_DATASTREAM
2024-01-30 07:45:20,886 [d07b3c51-3354-45f5-8abc-ab9fc0487f36-BlockDeletingService#0] INFO  interfaces.ContainerDeletionChoosingPolicyTemplate (ContainerDeletionChoosingPolicyTemplate.java:chooseContainerForBlockDeletion(85)) - Chosen 0/5000 blocks from 0 candidate containers.
2024-01-30 07:45:20,964 [b0b6b7fd-b71c-48b9-9e8b-e03541d31df9-EndpointStateMachineTaskThread-/0.0.0.0:15064-0 ] INFO  utils.DatanodeStoreCache (DatanodeStoreCache.java:addDB(72)) - Added db /home/runner/work/ozone/ozone/hadoop-ozone/integration-test/target/test-dir/MiniOzoneClusterImpl-3ad60551-d9fb-454a-addc-4d3fe7110c5e/datanode-1/data-0/containers/hdds/3ad60551-d9fb-454a-addc-4d3fe7110c5e/DS-d81a498e-648d-4968-b729-46474a7ab620/container.db to cache
2024-01-30 07:45:20,964 [b0b6b7fd-b71c-48b9-9e8b-e03541d31df9-EndpointStateMachineTaskThread-/0.0.0.0:15064-0 ] INFO  volume.HddsVolume (HddsVolume.java:createDbStore(420)) - SchemaV3 db is created and loaded at /home/runner/work/ozone/ozone/hadoop-ozone/integration-test/target/test-dir/MiniOzoneClusterImpl-3ad60551-d9fb-454a-addc-4d3fe7110c5e/datanode-1/data-0/containers/hdds/3ad60551-d9fb-454a-addc-4d3fe7110c5e/DS-d81a498e-648d-4968-b729-46474a7ab620/container.db for volume DS-d81a498e-648d-4968-b729-46474a7ab620
2024-01-30 07:45:20,966 [b0b6b7fd-b71c-48b9-9e8b-e03541d31df9-EndpointStateMachineTaskThread-/0.0.0.0:15064-0 ] INFO  volume.ThrottledAsyncChecker (ThrottledAsyncChecker.java:schedule(141)) - Scheduling a check for /home/runner/work/ozone/ozone/hadoop-ozone/integration-test/target/test-dir/MiniOzoneClusterImpl-3ad60551-d9fb-454a-addc-4d3fe7110c5e/datanode-1/data-0/containers/hdds
2024-01-30 07:45:20,966 [b0b6b7fd-b71c-48b9-9e8b-e03541d31df9-EndpointStateMachineTaskThread-/0.0.0.0:15064-0 ] INFO  volume.StorageVolumeChecker (StorageVolumeChecker.java:checkAllVolumes(218)) - Scheduled health check for volume /home/runner/work/ozone/ozone/hadoop-ozone/integration-test/target/test-dir/MiniOzoneClusterImpl-3ad60551-d9fb-454a-addc-4d3fe7110c5e/datanode-1/data-0/containers/hdds
2024-01-30 07:45:20,968 [b0b6b7fd-b71c-48b9-9e8b-e03541d31df9-EndpointStateMachineTaskThread-/0.0.0.0:15064-0 ] INFO  volume.ThrottledAsyncChecker (ThrottledAsyncChecker.java:schedule(141)) - Scheduling a check for /home/runner/work/ozone/ozone/hadoop-ozone/integration-test/target/test-dir/MiniOzoneClusterImpl-3ad60551-d9fb-454a-addc-4d3fe7110c5e/datanode-1/data/ratis
2024-01-30 07:45:20,969 [b0b6b7fd-b71c-48b9-9e8b-e03541d31df9-EndpointStateMachineTaskThread-/0.0.0.0:15064-0 ] INFO  volume.StorageVolumeChecker (StorageVolumeChecker.java:checkAllVolumes(218)) - Scheduled health check for volume /home/runner/work/ozone/ozone/hadoop-ozone/integration-test/target/test-dir/MiniOzoneClusterImpl-3ad60551-d9fb-454a-addc-4d3fe7110c5e/datanode-1/data/ratis
2024-01-30 07:45:20,969 [b0b6b7fd-b71c-48b9-9e8b-e03541d31df9-EndpointStateMachineTaskThread-/0.0.0.0:15064-0 ] INFO  ozoneimpl.OzoneContainer (OzoneContainer.java:start(457)) - Attempting to start container services.
2024-01-30 07:45:20,969 [b0b6b7fd-b71c-48b9-9e8b-e03541d31df9-EndpointStateMachineTaskThread-/0.0.0.0:15064-0 ] INFO  ozoneimpl.OzoneContainer (OzoneContainer.java:startContainerScrub(339)) - Scheduled background container scanners and the on-demand container scanner have been disabled.
2024-01-30 07:45:20,970 [b0b6b7fd-b71c-48b9-9e8b-e03541d31df9-EndpointStateMachineTaskThread-/0.0.0.0:15064-0 ] INFO  replication.ReplicationServer (ReplicationServer.java:start(140)) - ReplicationServer is started using port 15087
2024-01-30 07:45:20,970 [b0b6b7fd-b71c-48b9-9e8b-e03541d31df9-EndpointStateMachineTaskThread-/0.0.0.0:15064-0 ] INFO  ratis.XceiverServerRatis (XceiverServerRatis.java:start(566)) - Starting XceiverServerRatis b0b6b7fd-b71c-48b9-9e8b-e03541d31df9
2024-01-30 07:45:20,975 [b0b6b7fd-b71c-48b9-9e8b-e03541d31df9-EndpointStateMachineTaskThread-/0.0.0.0:15064-0 ] INFO  server.RaftServer (RaftServerProxy.java:startImpl(406)) - b0b6b7fd-b71c-48b9-9e8b-e03541d31df9: start RPC server
2024-01-30 07:45:20,977 [b0b6b7fd-b71c-48b9-9e8b-e03541d31df9-EndpointStateMachineTaskThread-/0.0.0.0:15064-0 ] INFO  server.GrpcService (GrpcService.java:startImpl(302)) - b0b6b7fd-b71c-48b9-9e8b-e03541d31df9: GrpcService started, listening on 15083
2024-01-30 07:45:20,977 [b0b6b7fd-b71c-48b9-9e8b-e03541d31df9-EndpointStateMachineTaskThread-/0.0.0.0:15064-0 ] INFO  server.GrpcService (GrpcService.java:startImpl(302)) - b0b6b7fd-b71c-48b9-9e8b-e03541d31df9: GrpcService started, listening on 15085
2024-01-30 07:45:20,979 [b0b6b7fd-b71c-48b9-9e8b-e03541d31df9-EndpointStateMachineTaskThread-/0.0.0.0:15064-0 ] INFO  server.GrpcService (GrpcService.java:startImpl(302)) - b0b6b7fd-b71c-48b9-9e8b-e03541d31df9: GrpcService started, listening on 15084
2024-01-30 07:45:20,979 [b0b6b7fd-b71c-48b9-9e8b-e03541d31df9-EndpointStateMachineTaskThread-/0.0.0.0:15064-0 ] INFO  ratis.XceiverServerRatis (XceiverServerRatis.java:getRealPort(592)) - XceiverServerRatis b0b6b7fd-b71c-48b9-9e8b-e03541d31df9 is started using port 15083 for RATIS
2024-01-30 07:45:20,979 [JvmPauseMonitor11] INFO  util.JvmPauseMonitor (JvmPauseMonitor.java:run(146)) - JvmPauseMonitor-b0b6b7fd-b71c-48b9-9e8b-e03541d31df9: Started
2024-01-30 07:45:20,979 [b0b6b7fd-b71c-48b9-9e8b-e03541d31df9-EndpointStateMachineTaskThread-/0.0.0.0:15064-0 ] INFO  ratis.XceiverServerRatis (XceiverServerRatis.java:getRealPort(592)) - XceiverServerRatis b0b6b7fd-b71c-48b9-9e8b-e03541d31df9 is started using port 15084 for RATIS_ADMIN
2024-01-30 07:45:20,979 [b0b6b7fd-b71c-48b9-9e8b-e03541d31df9-EndpointStateMachineTaskThread-/0.0.0.0:15064-0 ] INFO  ratis.XceiverServerRatis (XceiverServerRatis.java:getRealPort(592)) - XceiverServerRatis b0b6b7fd-b71c-48b9-9e8b-e03541d31df9 is started using port 15085 for RATIS_SERVER
2024-01-30 07:45:20,979 [b0b6b7fd-b71c-48b9-9e8b-e03541d31df9-EndpointStateMachineTaskThread-/0.0.0.0:15064-0 ] INFO  ratis.XceiverServerRatis (XceiverServerRatis.java:getRealPort(592)) - XceiverServerRatis b0b6b7fd-b71c-48b9-9e8b-e03541d31df9 is started using port 15086 for RATIS_DATASTREAM
2024-01-30 07:45:20,980 [b0b6b7fd-b71c-48b9-9e8b-e03541d31df9-BlockDeletingService#0] INFO  interfaces.ContainerDeletionChoosingPolicyTemplate (ContainerDeletionChoosingPolicyTemplate.java:chooseContainerForBlockDeletion(85)) - Chosen 0/5000 blocks from 0 candidate containers.
2024-01-30 07:45:21,045 [main] INFO  ozone.MiniOzoneClusterImpl (MiniOzoneClusterImpl.java:lambda$waitForClusterToBeReady$0(229)) - Waiting for nodes to be ready. Got 0 of 3 DN Heartbeats.
2024-01-30 07:45:21,045 [main] INFO  ozone.MiniOzoneClusterImpl (MiniOzoneClusterImpl.java:lambda$waitForClusterToBeReady$0(232)) - Waiting for cluster to exit safe mode
2024-01-30 07:45:21,046 [main] INFO  ozone.MiniOzoneClusterImpl (MiniOzoneClusterImpl.java:lambda$waitForClusterToBeReady$0(234)) - SCM became leader
2024-01-30 07:45:21,085 [ce491c53-a544-4921-9edd-2ea5f993f9d2-EndpointStateMachineTaskThread-/0.0.0.0:15064-0 ] INFO  utils.DatanodeStoreCache (DatanodeStoreCache.java:addDB(72)) - Added db /home/runner/work/ozone/ozone/hadoop-ozone/integration-test/target/test-dir/MiniOzoneClusterImpl-3ad60551-d9fb-454a-addc-4d3fe7110c5e/datanode-2/data-0/containers/hdds/3ad60551-d9fb-454a-addc-4d3fe7110c5e/DS-cebcea64-9ea2-45e8-b1ad-2b817de4434f/container.db to cache
2024-01-30 07:45:21,085 [ce491c53-a544-4921-9edd-2ea5f993f9d2-EndpointStateMachineTaskThread-/0.0.0.0:15064-0 ] INFO  volume.HddsVolume (HddsVolume.java:createDbStore(420)) - SchemaV3 db is created and loaded at /home/runner/work/ozone/ozone/hadoop-ozone/integration-test/target/test-dir/MiniOzoneClusterImpl-3ad60551-d9fb-454a-addc-4d3fe7110c5e/datanode-2/data-0/containers/hdds/3ad60551-d9fb-454a-addc-4d3fe7110c5e/DS-cebcea64-9ea2-45e8-b1ad-2b817de4434f/container.db for volume DS-cebcea64-9ea2-45e8-b1ad-2b817de4434f
2024-01-30 07:45:21,087 [ce491c53-a544-4921-9edd-2ea5f993f9d2-EndpointStateMachineTaskThread-/0.0.0.0:15064-0 ] INFO  volume.ThrottledAsyncChecker (ThrottledAsyncChecker.java:schedule(141)) - Scheduling a check for /home/runner/work/ozone/ozone/hadoop-ozone/integration-test/target/test-dir/MiniOzoneClusterImpl-3ad60551-d9fb-454a-addc-4d3fe7110c5e/datanode-2/data-0/containers/hdds
2024-01-30 07:45:21,087 [ce491c53-a544-4921-9edd-2ea5f993f9d2-EndpointStateMachineTaskThread-/0.0.0.0:15064-0 ] INFO  volume.StorageVolumeChecker (StorageVolumeChecker.java:checkAllVolumes(218)) - Scheduled health check for volume /home/runner/work/ozone/ozone/hadoop-ozone/integration-test/target/test-dir/MiniOzoneClusterImpl-3ad60551-d9fb-454a-addc-4d3fe7110c5e/datanode-2/data-0/containers/hdds
2024-01-30 07:45:21,089 [ce491c53-a544-4921-9edd-2ea5f993f9d2-EndpointStateMachineTaskThread-/0.0.0.0:15064-0 ] INFO  volume.ThrottledAsyncChecker (ThrottledAsyncChecker.java:schedule(141)) - Scheduling a check for /home/runner/work/ozone/ozone/hadoop-ozone/integration-test/target/test-dir/MiniOzoneClusterImpl-3ad60551-d9fb-454a-addc-4d3fe7110c5e/datanode-2/data/ratis
2024-01-30 07:45:21,089 [ce491c53-a544-4921-9edd-2ea5f993f9d2-EndpointStateMachineTaskThread-/0.0.0.0:15064-0 ] INFO  volume.StorageVolumeChecker (StorageVolumeChecker.java:checkAllVolumes(218)) - Scheduled health check for volume /home/runner/work/ozone/ozone/hadoop-ozone/integration-test/target/test-dir/MiniOzoneClusterImpl-3ad60551-d9fb-454a-addc-4d3fe7110c5e/datanode-2/data/ratis
2024-01-30 07:45:21,090 [ce491c53-a544-4921-9edd-2ea5f993f9d2-EndpointStateMachineTaskThread-/0.0.0.0:15064-0 ] INFO  ozoneimpl.OzoneContainer (OzoneContainer.java:start(457)) - Attempting to start container services.
2024-01-30 07:45:21,090 [ce491c53-a544-4921-9edd-2ea5f993f9d2-EndpointStateMachineTaskThread-/0.0.0.0:15064-0 ] INFO  ozoneimpl.OzoneContainer (OzoneContainer.java:startContainerScrub(339)) - Scheduled background container scanners and the on-demand container scanner have been disabled.
2024-01-30 07:45:21,090 [ce491c53-a544-4921-9edd-2ea5f993f9d2-EndpointStateMachineTaskThread-/0.0.0.0:15064-0 ] INFO  replication.ReplicationServer (ReplicationServer.java:start(140)) - ReplicationServer is started using port 15096
2024-01-30 07:45:21,090 [ce491c53-a544-4921-9edd-2ea5f993f9d2-EndpointStateMachineTaskThread-/0.0.0.0:15064-0 ] INFO  ratis.XceiverServerRatis (XceiverServerRatis.java:start(566)) - Starting XceiverServerRatis ce491c53-a544-4921-9edd-2ea5f993f9d2
2024-01-30 07:45:21,091 [ce491c53-a544-4921-9edd-2ea5f993f9d2-EndpointStateMachineTaskThread-/0.0.0.0:15064-0 ] INFO  server.RaftServer (RaftServerProxy.java:startImpl(406)) - ce491c53-a544-4921-9edd-2ea5f993f9d2: start RPC server
2024-01-30 07:45:21,091 [ce491c53-a544-4921-9edd-2ea5f993f9d2-EndpointStateMachineTaskThread-/0.0.0.0:15064-0 ] INFO  server.GrpcService (GrpcService.java:startImpl(302)) - ce491c53-a544-4921-9edd-2ea5f993f9d2: GrpcService started, listening on 15092
2024-01-30 07:45:21,091 [ce491c53-a544-4921-9edd-2ea5f993f9d2-EndpointStateMachineTaskThread-/0.0.0.0:15064-0 ] INFO  server.GrpcService (GrpcService.java:startImpl(302)) - ce491c53-a544-4921-9edd-2ea5f993f9d2: GrpcService started, listening on 15094
2024-01-30 07:45:21,091 [ce491c53-a544-4921-9edd-2ea5f993f9d2-EndpointStateMachineTaskThread-/0.0.0.0:15064-0 ] INFO  server.GrpcService (GrpcService.java:startImpl(302)) - ce491c53-a544-4921-9edd-2ea5f993f9d2: GrpcService started, listening on 15093
2024-01-30 07:45:21,092 [ce491c53-a544-4921-9edd-2ea5f993f9d2-EndpointStateMachineTaskThread-/0.0.0.0:15064-0 ] INFO  ratis.XceiverServerRatis (XceiverServerRatis.java:getRealPort(592)) - XceiverServerRatis ce491c53-a544-4921-9edd-2ea5f993f9d2 is started using port 15092 for RATIS
2024-01-30 07:45:21,092 [ce491c53-a544-4921-9edd-2ea5f993f9d2-EndpointStateMachineTaskThread-/0.0.0.0:15064-0 ] INFO  ratis.XceiverServerRatis (XceiverServerRatis.java:getRealPort(592)) - XceiverServerRatis ce491c53-a544-4921-9edd-2ea5f993f9d2 is started using port 15093 for RATIS_ADMIN
2024-01-30 07:45:21,092 [JvmPauseMonitor12] INFO  util.JvmPauseMonitor (JvmPauseMonitor.java:run(146)) - JvmPauseMonitor-ce491c53-a544-4921-9edd-2ea5f993f9d2: Started
2024-01-30 07:45:21,092 [ce491c53-a544-4921-9edd-2ea5f993f9d2-EndpointStateMachineTaskThread-/0.0.0.0:15064-0 ] INFO  ratis.XceiverServerRatis (XceiverServerRatis.java:getRealPort(592)) - XceiverServerRatis ce491c53-a544-4921-9edd-2ea5f993f9d2 is started using port 15094 for RATIS_SERVER
2024-01-30 07:45:21,092 [ce491c53-a544-4921-9edd-2ea5f993f9d2-EndpointStateMachineTaskThread-/0.0.0.0:15064-0 ] INFO  ratis.XceiverServerRatis (XceiverServerRatis.java:getRealPort(592)) - XceiverServerRatis ce491c53-a544-4921-9edd-2ea5f993f9d2 is started using port 15095 for RATIS_DATASTREAM
2024-01-30 07:45:21,093 [ce491c53-a544-4921-9edd-2ea5f993f9d2-BlockDeletingService#0] INFO  interfaces.ContainerDeletionChoosingPolicyTemplate (ContainerDeletionChoosingPolicyTemplate.java:chooseContainerForBlockDeletion(85)) - Chosen 0/5000 blocks from 0 candidate containers.
2024-01-30 07:45:22,046 [main] INFO  ozone.MiniOzoneClusterImpl (MiniOzoneClusterImpl.java:lambda$waitForClusterToBeReady$0(229)) - Waiting for nodes to be ready. Got 0 of 3 DN Heartbeats.
2024-01-30 07:45:22,046 [main] INFO  ozone.MiniOzoneClusterImpl (MiniOzoneClusterImpl.java:lambda$waitForClusterToBeReady$0(232)) - Waiting for cluster to exit safe mode
2024-01-30 07:45:22,046 [main] INFO  ozone.MiniOzoneClusterImpl (MiniOzoneClusterImpl.java:lambda$waitForClusterToBeReady$0(234)) - SCM became leader
2024-01-30 07:45:22,842 [IPC Server handler 1 on default port 15064] INFO  net.NetworkTopologyImpl (NetworkTopologyImpl.java:add(124)) - Added a new node: /default-rack/d07b3c51-3354-45f5-8abc-ab9fc0487f36
2024-01-30 07:45:22,842 [IPC Server handler 1 on default port 15064] INFO  node.SCMNodeManager (SCMNodeManager.java:register(421)) - Registered datanode: d07b3c51-3354-45f5-8abc-ab9fc0487f36{ip: 10.1.0.48, host: fv-az1436-717.rp122gijlobebpuychzvuh3j3h.bx.internal.cloudapp.net, ports: [HTTP=15071, CLIENT_RPC=15072, REPLICATION=15078, RATIS=15074, RATIS_ADMIN=15075, RATIS_SERVER=15076, RATIS_DATASTREAM=15077, STANDALONE=15073], networkLocation: /default-rack, certSerialId: null, persistedOpState: null, persistedOpStateExpiryEpochSec: 0}
2024-01-30 07:45:22,845 [EventQueue-NewNodeForNewNodeHandler] INFO  pipeline.BackgroundPipelineCreator (BackgroundPipelineCreator.java:notifyEventTriggered(280)) - trigger a one-shot run on RatisPipelineUtilsThread.
2024-01-30 07:45:22,845 [EventQueue-NodeRegistrationContainerReportForDataNodeSafeModeRule] INFO  safemode.SCMSafeModeManager (DataNodeSafeModeRule.java:process(71)) - SCM in safe mode. 1 DataNodes registered, 3 required.
2024-01-30 07:45:22,845 [RatisPipelineUtilsThread-0] INFO  pipeline.RatisPipelineProvider (RatisPipelineProvider.java:lambda$create$0(206)) - Sending CreatePipelineCommand for pipeline:PipelineID=6535537f-9efe-4915-b5f4-081a3aac6d40 to datanode:d07b3c51-3354-45f5-8abc-ab9fc0487f36
2024-01-30 07:45:22,846 [EventQueue-NodeRegistrationContainerReportForContainerSafeModeRule] INFO  safemode.SCMSafeModeManager (SCMSafeModeManager.java:validateSafeModeExitRules(200)) - ContainerSafeModeRule rule is successfully validated
2024-01-30 07:45:22,847 [EventQueue-PipelineReportForOneReplicaPipelineSafeModeRule] INFO  safemode.SCMSafeModeManager (SCMSafeModeManager.java:validateSafeModeExitRules(200)) - AtleastOneDatanodeReportedRule rule is successfully validated
2024-01-30 07:45:22,847 [RatisPipelineUtilsThread-0] INFO  pipeline.BackgroundPipelineCreator (BackgroundPipelineCreator.java:createPipelines(236)) - Created new pipeline Pipeline[ Id: 6535537f-9efe-4915-b5f4-081a3aac6d40, Nodes: d07b3c51-3354-45f5-8abc-ab9fc0487f36(fv-az1436-717.rp122gijlobebpuychzvuh3j3h.bx.internal.cloudapp.net/10.1.0.48), ReplicationConfig: RATIS/ONE, State:ALLOCATED, leaderId:, CreationTimestamp2024-01-30T07:45:22.845Z[Etc/UTC]]
2024-01-30 07:45:22,936 [IPC Server handler 2 on default port 15064] INFO  net.NetworkTopologyImpl (NetworkTopologyImpl.java:add(124)) - Added a new node: /default-rack/b0b6b7fd-b71c-48b9-9e8b-e03541d31df9
2024-01-30 07:45:22,936 [IPC Server handler 2 on default port 15064] INFO  node.SCMNodeManager (SCMNodeManager.java:register(421)) - Registered datanode: b0b6b7fd-b71c-48b9-9e8b-e03541d31df9{ip: 10.1.0.48, host: fv-az1436-717.rp122gijlobebpuychzvuh3j3h.bx.internal.cloudapp.net, ports: [HTTP=15080, CLIENT_RPC=15081, REPLICATION=15087, RATIS=15083, RATIS_ADMIN=15084, RATIS_SERVER=15085, RATIS_DATASTREAM=15086, STANDALONE=15082], networkLocation: /default-rack, certSerialId: null, persistedOpState: null, persistedOpStateExpiryEpochSec: 0}
2024-01-30 07:45:22,937 [EventQueue-NewNodeForNewNodeHandler] INFO  pipeline.BackgroundPipelineCreator (BackgroundPipelineCreator.java:notifyEventTriggered(280)) - trigger a one-shot run on RatisPipelineUtilsThread.
2024-01-30 07:45:22,937 [RatisPipelineUtilsThread-0] INFO  pipeline.RatisPipelineProvider (RatisPipelineProvider.java:lambda$create$0(206)) - Sending CreatePipelineCommand for pipeline:PipelineID=2b0366bc-aacd-4951-b5a6-4a4556f013a1 to datanode:b0b6b7fd-b71c-48b9-9e8b-e03541d31df9
2024-01-30 07:45:22,937 [RatisPipelineUtilsThread-0] INFO  pipeline.BackgroundPipelineCreator (BackgroundPipelineCreator.java:createPipelines(236)) - Created new pipeline Pipeline[ Id: 2b0366bc-aacd-4951-b5a6-4a4556f013a1, Nodes: b0b6b7fd-b71c-48b9-9e8b-e03541d31df9(fv-az1436-717.rp122gijlobebpuychzvuh3j3h.bx.internal.cloudapp.net/10.1.0.48), ReplicationConfig: RATIS/ONE, State:ALLOCATED, leaderId:, CreationTimestamp2024-01-30T07:45:22.937Z[Etc/UTC]]
2024-01-30 07:45:22,938 [EventQueue-NodeRegistrationContainerReportForDataNodeSafeModeRule] INFO  safemode.SCMSafeModeManager (DataNodeSafeModeRule.java:process(71)) - SCM in safe mode. 2 DataNodes registered, 3 required.
2024-01-30 07:45:23,046 [main] INFO  ozone.MiniOzoneClusterImpl (MiniOzoneClusterImpl.java:lambda$waitForClusterToBeReady$0(229)) - Waiting for nodes to be ready. Got 2 of 3 DN Heartbeats.
2024-01-30 07:45:23,047 [main] INFO  ozone.MiniOzoneClusterImpl (MiniOzoneClusterImpl.java:lambda$waitForClusterToBeReady$0(232)) - Waiting for cluster to exit safe mode
2024-01-30 07:45:23,047 [main] INFO  ozone.MiniOzoneClusterImpl (MiniOzoneClusterImpl.java:lambda$waitForClusterToBeReady$0(234)) - SCM became leader
2024-01-30 07:45:23,050 [IPC Server handler 3 on default port 15064] INFO  net.NetworkTopologyImpl (NetworkTopologyImpl.java:add(124)) - Added a new node: /default-rack/ce491c53-a544-4921-9edd-2ea5f993f9d2
2024-01-30 07:45:23,050 [IPC Server handler 3 on default port 15064] INFO  node.SCMNodeManager (SCMNodeManager.java:register(421)) - Registered datanode: ce491c53-a544-4921-9edd-2ea5f993f9d2{ip: 10.1.0.48, host: fv-az1436-717.rp122gijlobebpuychzvuh3j3h.bx.internal.cloudapp.net, ports: [HTTP=15089, CLIENT_RPC=15090, REPLICATION=15096, RATIS=15092, RATIS_ADMIN=15093, RATIS_SERVER=15094, RATIS_DATASTREAM=15095, STANDALONE=15091], networkLocation: /default-rack, certSerialId: null, persistedOpState: null, persistedOpStateExpiryEpochSec: 0}
2024-01-30 07:45:23,051 [EventQueue-NewNodeForNewNodeHandler] INFO  pipeline.BackgroundPipelineCreator (BackgroundPipelineCreator.java:notifyEventTriggered(280)) - trigger a one-shot run on RatisPipelineUtilsThread.
2024-01-30 07:45:23,051 [EventQueue-NodeRegistrationContainerReportForDataNodeSafeModeRule] INFO  safemode.SCMSafeModeManager (DataNodeSafeModeRule.java:process(71)) - SCM in safe mode. 3 DataNodes registered, 3 required.
2024-01-30 07:45:23,051 [EventQueue-NodeRegistrationContainerReportForDataNodeSafeModeRule] INFO  safemode.SCMSafeModeManager (SCMSafeModeManager.java:validateSafeModeExitRules(200)) - DataNodeSafeModeRule rule is successfully validated
2024-01-30 07:45:23,051 [EventQueue-NodeRegistrationContainerReportForDataNodeSafeModeRule] INFO  safemode.SCMSafeModeManager (SCMSafeModeManager.java:completePreCheck(229)) - All SCM safe mode pre check rules have passed
2024-01-30 07:45:23,051 [EventQueue-NodeRegistrationContainerReportForDataNodeSafeModeRule] INFO  ha.SCMContext (SCMContext.java:updateSafeModeStatus(230)) - Update SafeModeStatus from SafeModeStatus{safeModeStatus=true, preCheckPassed=false} to SafeModeStatus{safeModeStatus=true, preCheckPassed=true}.
2024-01-30 07:45:23,051 [EventQueue-NodeRegistrationContainerReportForDataNodeSafeModeRule] INFO  pipeline.BackgroundPipelineCreator (BackgroundPipelineCreator.java:notifyEventTriggered(280)) - trigger a one-shot run on RatisPipelineUtilsThread.
2024-01-30 07:45:23,051 [RatisPipelineUtilsThread-0] INFO  pipeline.RatisPipelineProvider (RatisPipelineProvider.java:lambda$create$0(206)) - Sending CreatePipelineCommand for pipeline:PipelineID=3c575aa8-ab60-4dab-9b78-26f132a0ce79 to datanode:ce491c53-a544-4921-9edd-2ea5f993f9d2
2024-01-30 07:45:23,052 [RatisPipelineUtilsThread-0] INFO  pipeline.BackgroundPipelineCreator (BackgroundPipelineCreator.java:createPipelines(236)) - Created new pipeline Pipeline[ Id: 3c575aa8-ab60-4dab-9b78-26f132a0ce79, Nodes: ce491c53-a544-4921-9edd-2ea5f993f9d2(fv-az1436-717.rp122gijlobebpuychzvuh3j3h.bx.internal.cloudapp.net/10.1.0.48), ReplicationConfig: RATIS/ONE, State:ALLOCATED, leaderId:, CreationTimestamp2024-01-30T07:45:23.051Z[Etc/UTC]]
2024-01-30 07:45:23,052 [RatisPipelineUtilsThread-0] INFO  pipeline.RatisPipelineProvider (RatisPipelineProvider.java:lambda$create$0(206)) - Sending CreatePipelineCommand for pipeline:PipelineID=ae1c78c0-4138-490c-8fb7-b54a4a0e8004 to datanode:ce491c53-a544-4921-9edd-2ea5f993f9d2
2024-01-30 07:45:23,052 [RatisPipelineUtilsThread-0] INFO  pipeline.RatisPipelineProvider (RatisPipelineProvider.java:lambda$create$0(206)) - Sending CreatePipelineCommand for pipeline:PipelineID=ae1c78c0-4138-490c-8fb7-b54a4a0e8004 to datanode:b0b6b7fd-b71c-48b9-9e8b-e03541d31df9
2024-01-30 07:45:23,053 [RatisPipelineUtilsThread-0] INFO  pipeline.RatisPipelineProvider (RatisPipelineProvider.java:lambda$create$0(206)) - Sending CreatePipelineCommand for pipeline:PipelineID=ae1c78c0-4138-490c-8fb7-b54a4a0e8004 to datanode:d07b3c51-3354-45f5-8abc-ab9fc0487f36
2024-01-30 07:45:23,053 [RatisPipelineUtilsThread-0] INFO  pipeline.BackgroundPipelineCreator (BackgroundPipelineCreator.java:createPipelines(236)) - Created new pipeline Pipeline[ Id: ae1c78c0-4138-490c-8fb7-b54a4a0e8004, Nodes: ce491c53-a544-4921-9edd-2ea5f993f9d2(fv-az1436-717.rp122gijlobebpuychzvuh3j3h.bx.internal.cloudapp.net/10.1.0.48)b0b6b7fd-b71c-48b9-9e8b-e03541d31df9(fv-az1436-717.rp122gijlobebpuychzvuh3j3h.bx.internal.cloudapp.net/10.1.0.48)d07b3c51-3354-45f5-8abc-ab9fc0487f36(fv-az1436-717.rp122gijlobebpuychzvuh3j3h.bx.internal.cloudapp.net/10.1.0.48), ReplicationConfig: RATIS/THREE, State:ALLOCATED, leaderId:, CreationTimestamp2024-01-30T07:45:23.052Z[Etc/UTC]]
2024-01-30 07:45:23,054 [RatisPipelineUtilsThread-0] INFO  pipeline.RatisPipelineProvider (RatisPipelineProvider.java:lambda$create$0(206)) - Sending CreatePipelineCommand for pipeline:PipelineID=b883a5cd-8b38-43ed-a331-8413612dc804 to datanode:ce491c53-a544-4921-9edd-2ea5f993f9d2
2024-01-30 07:45:23,054 [RatisPipelineUtilsThread-0] INFO  pipeline.RatisPipelineProvider (RatisPipelineProvider.java:lambda$create$0(206)) - Sending CreatePipelineCommand for pipeline:PipelineID=b883a5cd-8b38-43ed-a331-8413612dc804 to datanode:b0b6b7fd-b71c-48b9-9e8b-e03541d31df9
2024-01-30 07:45:23,054 [RatisPipelineUtilsThread-0] INFO  pipeline.RatisPipelineProvider (RatisPipelineProvider.java:lambda$create$0(206)) - Sending CreatePipelineCommand for pipeline:PipelineID=b883a5cd-8b38-43ed-a331-8413612dc804 to datanode:d07b3c51-3354-45f5-8abc-ab9fc0487f36
2024-01-30 07:45:23,055 [RatisPipelineUtilsThread-0] INFO  pipeline.PipelineManagerImpl (PipelineManagerImpl.java:recordMetricsForPipeline(916)) - Pipeline: PipelineID=b883a5cd-8b38-43ed-a331-8413612dc804 contains same datanodes as previous pipelines: PipelineID=ae1c78c0-4138-490c-8fb7-b54a4a0e8004 nodeIds: ce491c53-a544-4921-9edd-2ea5f993f9d2, b0b6b7fd-b71c-48b9-9e8b-e03541d31df9, d07b3c51-3354-45f5-8abc-ab9fc0487f36
2024-01-30 07:45:23,055 [RatisPipelineUtilsThread-0] INFO  pipeline.BackgroundPipelineCreator (BackgroundPipelineCreator.java:createPipelines(236)) - Created new pipeline Pipeline[ Id: b883a5cd-8b38-43ed-a331-8413612dc804, Nodes: ce491c53-a544-4921-9edd-2ea5f993f9d2(fv-az1436-717.rp122gijlobebpuychzvuh3j3h.bx.internal.cloudapp.net/10.1.0.48)b0b6b7fd-b71c-48b9-9e8b-e03541d31df9(fv-az1436-717.rp122gijlobebpuychzvuh3j3h.bx.internal.cloudapp.net/10.1.0.48)d07b3c51-3354-45f5-8abc-ab9fc0487f36(fv-az1436-717.rp122gijlobebpuychzvuh3j3h.bx.internal.cloudapp.net/10.1.0.48), ReplicationConfig: RATIS/THREE, State:ALLOCATED, leaderId:, CreationTimestamp2024-01-30T07:45:23.054Z[Etc/UTC]]
2024-01-30 07:45:24,047 [main] INFO  ozone.MiniOzoneClusterImpl (MiniOzoneClusterImpl.java:lambda$waitForClusterToBeReady$0(229)) - Nodes are ready. Got 3 of 3 DN Heartbeats.
2024-01-30 07:45:24,047 [main] INFO  ozone.MiniOzoneClusterImpl (MiniOzoneClusterImpl.java:lambda$waitForClusterToBeReady$0(232)) - Waiting for cluster to exit safe mode
2024-01-30 07:45:24,047 [main] INFO  ozone.MiniOzoneClusterImpl (MiniOzoneClusterImpl.java:lambda$waitForClusterToBeReady$0(234)) - SCM became leader
2024-01-30 07:45:25,048 [main] INFO  ozone.MiniOzoneClusterImpl (MiniOzoneClusterImpl.java:lambda$waitForClusterToBeReady$0(229)) - Nodes are ready. Got 3 of 3 DN Heartbeats.
2024-01-30 07:45:25,048 [main] INFO  ozone.MiniOzoneClusterImpl (MiniOzoneClusterImpl.java:lambda$waitForClusterToBeReady$0(232)) - Waiting for cluster to exit safe mode
2024-01-30 07:45:25,048 [main] INFO  ozone.MiniOzoneClusterImpl (MiniOzoneClusterImpl.java:lambda$waitForClusterToBeReady$0(234)) - SCM became leader
2024-01-30 07:45:25,842 [d07b3c51-3354-45f5-8abc-ab9fc0487f36-PipelineCommandHandlerThread-0] INFO  server.RaftServer (RaftServerProxy.java:addNew(100)) - d07b3c51-3354-45f5-8abc-ab9fc0487f36: addNew group-081A3AAC6D40:[d07b3c51-3354-45f5-8abc-ab9fc0487f36|10.1.0.48:15076] returns group-081A3AAC6D40:java.util.concurrent.CompletableFuture@712b954[Not completed]
2024-01-30 07:45:25,843 [d07b3c51-3354-45f5-8abc-ab9fc0487f36-groupManagement] INFO  server.RaftServer$Division (RaftServerImpl.java:<init>(256)) - d07b3c51-3354-45f5-8abc-ab9fc0487f36: new RaftServerImpl for group-081A3AAC6D40:[d07b3c51-3354-45f5-8abc-ab9fc0487f36|10.1.0.48:15076] with ContainerStateMachine:uninitialized
2024-01-30 07:45:25,843 [d07b3c51-3354-45f5-8abc-ab9fc0487f36-groupManagement] INFO  server.RaftServerConfigKeys (ConfUtils.java:logGet(46)) - raft.server.rpc.timeout.min = 5s (custom)
2024-01-30 07:45:25,843 [d07b3c51-3354-45f5-8abc-ab9fc0487f36-groupManagement] INFO  server.RaftServerConfigKeys (ConfUtils.java:logGet(46)) - raft.server.rpc.timeout.max = 5200ms (custom)
2024-01-30 07:45:25,843 [d07b3c51-3354-45f5-8abc-ab9fc0487f36-groupManagement] INFO  server.RaftServerConfigKeys (ConfUtils.java:logGet(46)) - raft.server.rpc.sleep.time = 25ms (default)
2024-01-30 07:45:25,843 [d07b3c51-3354-45f5-8abc-ab9fc0487f36-groupManagement] INFO  server.RaftServerConfigKeys (ConfUtils.java:logGet(46)) - raft.server.rpc.slowness.timeout = 300s (custom)
2024-01-30 07:45:25,843 [d07b3c51-3354-45f5-8abc-ab9fc0487f36-groupManagement] INFO  server.RaftServerConfigKeys (ConfUtils.java:logGet(46)) - raft.server.leaderelection.leader.step-down.wait-time = 10s (default)
2024-01-30 07:45:25,843 [d07b3c51-3354-45f5-8abc-ab9fc0487f36-groupManagement] INFO  server.RaftServerConfigKeys (ConfUtils.java:logGet(46)) - raft.server.leaderelection.member.majority-add = false (default)
2024-01-30 07:45:25,843 [d07b3c51-3354-45f5-8abc-ab9fc0487f36-groupManagement] INFO  server.RaftServerConfigKeys (ConfUtils.java:logGet(46)) - raft.server.sleep.deviation.threshold = 300ms (default)
2024-01-30 07:45:25,843 [d07b3c51-3354-45f5-8abc-ab9fc0487f36-groupManagement] INFO  server.RaftServer$Division (ServerState.java:<init>(113)) - d07b3c51-3354-45f5-8abc-ab9fc0487f36@group-081A3AAC6D40: ConfigurationManager, init=-1: peers:[d07b3c51-3354-45f5-8abc-ab9fc0487f36|10.1.0.48:15076]|listeners:[], old=null, confs=<EMPTY_MAP>
2024-01-30 07:45:25,844 [d07b3c51-3354-45f5-8abc-ab9fc0487f36-groupManagement] INFO  server.RaftServerConfigKeys (ConfUtils.java:logGet(46)) - raft.server.notification.no-leader.timeout = 300s (custom)
2024-01-30 07:45:25,844 [d07b3c51-3354-45f5-8abc-ab9fc0487f36-groupManagement] INFO  server.RaftServerConfigKeys (ConfUtils.java:logGet(46)) - raft.server.read.timeout = 10s (default)
2024-01-30 07:45:25,844 [d07b3c51-3354-45f5-8abc-ab9fc0487f36-groupManagement] INFO  server.RaftServerConfigKeys (ConfUtils.java:logGet(46)) - raft.server.retrycache.expirytime = 600000ms (custom)
2024-01-30 07:45:25,844 [d07b3c51-3354-45f5-8abc-ab9fc0487f36-groupManagement] INFO  server.RaftServerConfigKeys (ConfUtils.java:logGet(46)) - raft.server.retrycache.statistics.expirytime = 100ms (default)
2024-01-30 07:45:25,844 [d07b3c51-3354-45f5-8abc-ab9fc0487f36-groupManagement] INFO  server.RaftServerConfigKeys (ConfUtils.java:logGet(46)) - raft.server.read.option = DEFAULT (default)
2024-01-30 07:45:25,844 [d07b3c51-3354-45f5-8abc-ab9fc0487f36-groupManagement] INFO  server.RaftServerConfigKeys (ConfUtils.java:logGet(46)) - raft.server.read.read-after-write-consistent.write-index-cache.expiry-time = 60s (default)
2024-01-30 07:45:25,845 [d07b3c51-3354-45f5-8abc-ab9fc0487f36-groupManagement] INFO  server.RaftServerConfigKeys (ConfUtils.java:logGet(46)) - raft.server.rpc.request.timeout = 60s (custom)
2024-01-30 07:45:25,845 [d07b3c51-3354-45f5-8abc-ab9fc0487f36-groupManagement] INFO  server.RaftServerConfigKeys (ConfUtils.java:logGet(46)) - raft.server.log.appender.install.snapshot.enabled = false (custom)
2024-01-30 07:45:25,846 [d07b3c51-3354-45f5-8abc-ab9fc0487f36-groupManagement] INFO  server.RaftServerConfigKeys (ConfUtils.java:logGet(46)) - raft.server.threadpool.server.cached = true (default)
2024-01-30 07:45:25,846 [d07b3c51-3354-45f5-8abc-ab9fc0487f36-groupManagement] INFO  server.RaftServerConfigKeys (ConfUtils.java:logGet(46)) - raft.server.threadpool.server.size = 0 (default)
2024-01-30 07:45:25,846 [d07b3c51-3354-45f5-8abc-ab9fc0487f36-groupManagement] INFO  server.RaftServerConfigKeys (ConfUtils.java:logGet(46)) - raft.server.threadpool.client.cached = true (default)
2024-01-30 07:45:25,846 [d07b3c51-3354-45f5-8abc-ab9fc0487f36-groupManagement] INFO  server.RaftServerConfigKeys (ConfUtils.java:logGet(46)) - raft.server.threadpool.client.size = 0 (default)
2024-01-30 07:45:25,846 [d07b3c51-3354-45f5-8abc-ab9fc0487f36-groupManagement] INFO  server.RaftServerConfigKeys (ConfUtils.java:logGet(46)) - raft.server.storage.free-space.min = 0MB (=0) (default)
2024-01-30 07:45:25,846 [d07b3c51-3354-45f5-8abc-ab9fc0487f36-groupManagement] INFO  server.RaftServerConfigKeys (ConfUtils.java:logGet(46)) - raft.server.log.corruption.policy = EXCEPTION (default)
2024-01-30 07:45:25,846 [d07b3c51-3354-45f5-8abc-ab9fc0487f36-groupManagement] INFO  server.RaftServerConfigKeys (ConfUtils.java:logGet(46)) - raft.server.storage.dir = [/home/runner/work/ozone/ozone/hadoop-ozone/integration-test/target/test-dir/MiniOzoneClusterImpl-3ad60551-d9fb-454a-addc-4d3fe7110c5e/datanode-0/data/ratis] (custom)
2024-01-30 07:45:25,846 [d07b3c51-3354-45f5-8abc-ab9fc0487f36-groupManagement] INFO  storage.RaftStorageDirectory (RaftStorageDirectoryImpl.java:analyzeStorage(138)) - The storage directory /home/runner/work/ozone/ozone/hadoop-ozone/integration-test/target/test-dir/MiniOzoneClusterImpl-3ad60551-d9fb-454a-addc-4d3fe7110c5e/datanode-0/data/ratis/6535537f-9efe-4915-b5f4-081a3aac6d40 does not exist. Creating ...
2024-01-30 07:45:25,847 [d07b3c51-3354-45f5-8abc-ab9fc0487f36-groupManagement] INFO  storage.RaftStorageDirectory (RaftStorageDirectoryImpl.java:tryLock(228)) - Lock on /home/runner/work/ozone/ozone/hadoop-ozone/integration-test/target/test-dir/MiniOzoneClusterImpl-3ad60551-d9fb-454a-addc-4d3fe7110c5e/datanode-0/data/ratis/6535537f-9efe-4915-b5f4-081a3aac6d40/in_use.lock acquired by nodename 92995@fv-az1436-717
2024-01-30 07:45:25,848 [d07b3c51-3354-45f5-8abc-ab9fc0487f36-groupManagement] INFO  storage.RaftStorage (RaftStorageImpl.java:format(99)) - Storage directory /home/runner/work/ozone/ozone/hadoop-ozone/integration-test/target/test-dir/MiniOzoneClusterImpl-3ad60551-d9fb-454a-addc-4d3fe7110c5e/datanode-0/data/ratis/6535537f-9efe-4915-b5f4-081a3aac6d40 has been successfully formatted.
2024-01-30 07:45:25,849 [d07b3c51-3354-45f5-8abc-ab9fc0487f36-groupManagement] WARN  util.FileUtils (LogUtils.java:supplyAndLog(63)) - Failed to Files.newInputStream /home/runner/work/ozone/ozone/hadoop-ozone/integration-test/target/test-dir/MiniOzoneClusterImpl-3ad60551-d9fb-454a-addc-4d3fe7110c5e/datanode-0/data/ratis/6535537f-9efe-4915-b5f4-081a3aac6d40/current/raft-meta.conf with options []: java.nio.file.NoSuchFileException: /home/runner/work/ozone/ozone/hadoop-ozone/integration-test/target/test-dir/MiniOzoneClusterImpl-3ad60551-d9fb-454a-addc-4d3fe7110c5e/datanode-0/data/ratis/6535537f-9efe-4915-b5f4-081a3aac6d40/current/raft-meta.conf
2024-01-30 07:45:25,849 [d07b3c51-3354-45f5-8abc-ab9fc0487f36-groupManagement] INFO  ratis.ContainerStateMachine (ContainerStateMachine.java:loadSnapshot(287)) - group-081A3AAC6D40: The snapshot info is null. Setting the last applied index to:(t:0, i:~)
2024-01-30 07:45:25,849 [d07b3c51-3354-45f5-8abc-ab9fc0487f36-groupManagement] INFO  server.RaftServerConfigKeys (ConfUtils.java:logGet(46)) - raft.server.log.use.memory = false (default)
2024-01-30 07:45:25,850 [d07b3c51-3354-45f5-8abc-ab9fc0487f36-groupManagement] INFO  server.RaftServerConfigKeys (ConfUtils.java:logGet(46)) - raft.server.log.purge.gap = 1000000 (custom)
2024-01-30 07:45:25,850 [d07b3c51-3354-45f5-8abc-ab9fc0487f36-groupManagement] INFO  server.RaftServerConfigKeys (ConfUtils.java:logGet(46)) - raft.server.log.appender.buffer.byte-limit = 8388608 (custom)
2024-01-30 07:45:25,850 [d07b3c51-3354-45f5-8abc-ab9fc0487f36-groupManagement] INFO  server.RaftServerConfigKeys (ConfUtils.java:logGet(46)) - raft.server.log.statemachine.data.read.timeout = 1000ms (default)
2024-01-30 07:45:25,850 [d07b3c51-3354-45f5-8abc-ab9fc0487f36-groupManagement] INFO  server.RaftServerConfigKeys (ConfUtils.java:logGet(46)) - raft.server.log.purge.preservation.log.num = 0 (default)
2024-01-30 07:45:25,851 [d07b3c51-3354-45f5-8abc-ab9fc0487f36-groupManagement] INFO  server.RaftServerConfigKeys (ConfUtils.java:logGet(46)) - raft.server.log.segment.size.max = 67108864 (custom)
2024-01-30 07:45:25,851 [d07b3c51-3354-45f5-8abc-ab9fc0487f36-groupManagement] INFO  server.RaftServerConfigKeys (ConfUtils.java:logGet(46)) - raft.server.log.segment.cache.num.max = 2 (custom)
2024-01-30 07:45:25,851 [d07b3c51-3354-45f5-8abc-ab9fc0487f36-groupManagement] INFO  server.RaftServerConfigKeys (ConfUtils.java:logGet(46)) - raft.server.log.segment.cache.size.max = 200MB (=209715200) (default)
2024-01-30 07:45:25,851 [d07b3c51-3354-45f5-8abc-ab9fc0487f36-groupManagement] INFO  server.RaftServerConfigKeys (ConfUtils.java:logGet(46)) - raft.server.log.appender.buffer.byte-limit = 8388608 (custom)
2024-01-30 07:45:25,851 [d07b3c51-3354-45f5-8abc-ab9fc0487f36-groupManagement] INFO  util.AwaitToRun (AwaitToRun.java:start(81)) - Thread[d07b3c51-3354-45f5-8abc-ab9fc0487f36@group-081A3AAC6D40-cacheEviction-AwaitToRun,5,main] started
2024-01-30 07:45:25,851 [d07b3c51-3354-45f5-8abc-ab9fc0487f36-groupManagement] INFO  segmented.SegmentedRaftLogWorker (SegmentedRaftLogWorker.java:<init>(182)) - new d07b3c51-3354-45f5-8abc-ab9fc0487f36@group-081A3AAC6D40-SegmentedRaftLogWorker for RaftStorageImpl:Storage Directory /home/runner/work/ozone/ozone/hadoop-ozone/integration-test/target/test-dir/MiniOzoneClusterImpl-3ad60551-d9fb-454a-addc-4d3fe7110c5e/datanode-0/data/ratis/6535537f-9efe-4915-b5f4-081a3aac6d40
2024-01-30 07:45:25,851 [d07b3c51-3354-45f5-8abc-ab9fc0487f36-groupManagement] INFO  server.RaftServerConfigKeys (ConfUtils.java:logGet(46)) - raft.server.log.queue.byte-limit = 4294967296 (custom)
2024-01-30 07:45:25,851 [d07b3c51-3354-45f5-8abc-ab9fc0487f36-groupManagement] INFO  server.RaftServerConfigKeys (ConfUtils.java:logGet(46)) - raft.server.log.queue.element-limit = 1024 (custom)
2024-01-30 07:45:25,851 [d07b3c51-3354-45f5-8abc-ab9fc0487f36-groupManagement] INFO  server.RaftServerConfigKeys (ConfUtils.java:logGet(46)) - raft.server.log.segment.size.max = 67108864 (custom)
2024-01-30 07:45:25,851 [d07b3c51-3354-45f5-8abc-ab9fc0487f36-groupManagement] INFO  server.RaftServerConfigKeys (ConfUtils.java:logGet(46)) - raft.server.log.preallocated.size = 4194304 (custom)
2024-01-30 07:45:25,852 [d07b3c51-3354-45f5-8abc-ab9fc0487f36-groupManagement] INFO  server.RaftServerConfigKeys (ConfUtils.java:logGet(46)) - raft.server.log.force.sync.num = 128 (default)
2024-01-30 07:45:25,852 [d07b3c51-3354-45f5-8abc-ab9fc0487f36-groupManagement] INFO  server.RaftServerConfigKeys (ConfUtils.java:logGet(46)) - raft.server.log.statemachine.data.sync = true (default)
2024-01-30 07:45:25,852 [d07b3c51-3354-45f5-8abc-ab9fc0487f36-groupManagement] INFO  server.RaftServerConfigKeys (ConfUtils.java:logGet(46)) - raft.server.log.statemachine.data.sync.timeout = 10s (default)
2024-01-30 07:45:25,852 [d07b3c51-3354-45f5-8abc-ab9fc0487f36-groupManagement] INFO  server.RaftServerConfigKeys (ConfUtils.java:logGet(46)) - raft.server.log.statemachine.data.sync.timeout.retry = 0 (custom)
2024-01-30 07:45:25,852 [EventQueue-PipelineReportForPipelineReportHandler] INFO  lib.Interns (Interns.java:removeEldestEntry(50)) - Metrics intern cache overflow at 2011 for MetricsSystem={MetricsSystem=MetricsInfoImpl{name=MetricsSystem, description=MetricsSystem}, MetricsSystem record=MetricsInfoImpl{name=MetricsSystem, description=MetricsSystem record}}
2024-01-30 07:45:25,852 [d07b3c51-3354-45f5-8abc-ab9fc0487f36-groupManagement] INFO  server.RaftServerConfigKeys (ConfUtils.java:logGet(46)) - raft.server.log.write.buffer.size = 8388616 (custom)
2024-01-30 07:45:25,852 [EventQueue-PipelineReportForPipelineReportHandler] INFO  pipeline.PipelineReportHandler (PipelineReportHandler.java:processPipelineReport(136)) - Opened pipeline PipelineID=6535537f-9efe-4915-b5f4-081a3aac6d40
2024-01-30 07:45:25,854 [d07b3c51-3354-45f5-8abc-ab9fc0487f36-groupManagement] INFO  server.RaftServerConfigKeys (ConfUtils.java:logGet(46)) - raft.server.log.appender.buffer.byte-limit = 8388608 (custom)
2024-01-30 07:45:25,854 [d07b3c51-3354-45f5-8abc-ab9fc0487f36-groupManagement] INFO  server.RaftServerConfigKeys (ConfUtils.java:logGet(46)) - raft.server.log.unsafe-flush.enabled = false (default)
2024-01-30 07:45:25,854 [d07b3c51-3354-45f5-8abc-ab9fc0487f36-groupManagement] INFO  server.RaftServerConfigKeys (ConfUtils.java:logGet(46)) - raft.server.log.async-flush.enabled = false (default)
2024-01-30 07:45:25,856 [d07b3c51-3354-45f5-8abc-ab9fc0487f36-groupManagement] INFO  server.RaftServerConfigKeys (ConfUtils.java:logGet(46)) - raft.server.log.statemachine.data.caching.enabled = true (custom)
2024-01-30 07:45:25,856 [d07b3c51-3354-45f5-8abc-ab9fc0487f36-groupManagement] INFO  segmented.SegmentedRaftLogWorker (SegmentedRaftLogWorker.java:lambda$new$0(134)) - d07b3c51-3354-45f5-8abc-ab9fc0487f36@group-081A3AAC6D40-SegmentedRaftLogWorker: flushIndex: setUnconditionally 0 -> -1
2024-01-30 07:45:25,856 [d07b3c51-3354-45f5-8abc-ab9fc0487f36-groupManagement] INFO  segmented.SegmentedRaftLogWorker (SegmentedRaftLogWorker.java:lambda$new$0(134)) - d07b3c51-3354-45f5-8abc-ab9fc0487f36@group-081A3AAC6D40-SegmentedRaftLogWorker: safeCacheEvictIndex: setUnconditionally 0 -> -1
2024-01-30 07:45:25,856 [d07b3c51-3354-45f5-8abc-ab9fc0487f36-groupManagement] INFO  server.RaftServer$Division (RaftServerImpl.java:start(396)) - d07b3c51-3354-45f5-8abc-ab9fc0487f36@group-081A3AAC6D40: start as a follower, conf=-1: peers:[d07b3c51-3354-45f5-8abc-ab9fc0487f36|10.1.0.48:15076]|listeners:[], old=null
2024-01-30 07:45:25,857 [d07b3c51-3354-45f5-8abc-ab9fc0487f36-groupManagement] INFO  server.RaftServer$Division (RaftServerImpl.java:setRole(383)) - d07b3c51-3354-45f5-8abc-ab9fc0487f36@group-081A3AAC6D40: changes role from      null to FOLLOWER at term 0 for startAsFollower
2024-01-30 07:45:25,857 [d07b3c51-3354-45f5-8abc-ab9fc0487f36-groupManagement] INFO  impl.RoleInfo (RoleInfo.java:updateAndGet(139)) - d07b3c51-3354-45f5-8abc-ab9fc0487f36: start d07b3c51-3354-45f5-8abc-ab9fc0487f36@group-081A3AAC6D40-FollowerState
2024-01-30 07:45:25,855 [EventQueue-OpenPipelineForHealthyPipelineSafeModeRule] INFO  safemode.SCMSafeModeManager (HealthyPipelineSafeModeRule.java:process(140)) - SCM in safe mode. Healthy pipelines reported count is 0, required healthy pipeline reported count is 1
2024-01-30 07:45:25,858 [d07b3c51-3354-45f5-8abc-ab9fc0487f36-groupManagement] INFO  util.JmxRegister (JmxRegister.java:tryRegister(44)) - Successfully registered JMX Bean with object name Ratis:service=RaftServer,group=group-081A3AAC6D40,id=d07b3c51-3354-45f5-8abc-ab9fc0487f36
2024-01-30 07:45:25,858 [d07b3c51-3354-45f5-8abc-ab9fc0487f36-groupManagement] INFO  server.RaftServerConfigKeys (ConfUtils.java:logGet(46)) - raft.server.snapshot.trigger-when-stop.enabled = true (default)
2024-01-30 07:45:25,858 [d07b3c51-3354-45f5-8abc-ab9fc0487f36-groupManagement] INFO  server.RaftServerConfigKeys (ConfUtils.java:logGet(46)) - raft.server.snapshot.auto.trigger.enabled = true (custom)
2024-01-30 07:45:25,858 [d07b3c51-3354-45f5-8abc-ab9fc0487f36-groupManagement] INFO  server.RaftServerConfigKeys (ConfUtils.java:logGet(46)) - raft.server.snapshot.auto.trigger.threshold = 10000 (custom)
2024-01-30 07:45:25,858 [d07b3c51-3354-45f5-8abc-ab9fc0487f36@group-081A3AAC6D40-FollowerState] INFO  server.RaftServerConfigKeys (ConfUtils.java:logFallback(53)) - raft.server.rpc.first-election.timeout.min = 5s (fallback to raft.server.rpc.timeout.min)
2024-01-30 07:45:25,858 [d07b3c51-3354-45f5-8abc-ab9fc0487f36-groupManagement] INFO  server.RaftServerConfigKeys (ConfUtils.java:logGet(46)) - raft.server.snapshot.retention.file.num = 5 (custom)
2024-01-30 07:45:25,858 [d07b3c51-3354-45f5-8abc-ab9fc0487f36@group-081A3AAC6D40-FollowerState] INFO  server.RaftServerConfigKeys (ConfUtils.java:logFallback(53)) - raft.server.rpc.first-election.timeout.max = 5200ms (fallback to raft.server.rpc.timeout.max)
2024-01-30 07:45:25,858 [d07b3c51-3354-45f5-8abc-ab9fc0487f36-groupManagement] INFO  server.RaftServerConfigKeys (ConfUtils.java:logGet(46)) - raft.server.log.purge.upto.snapshot.index = false (default)
2024-01-30 07:45:25,859 [d07b3c51-3354-45f5-8abc-ab9fc0487f36-PipelineCommandHandlerThread-0] INFO  ratis.XceiverServerRatis (XceiverServerRatis.java:addGroup(864)) - Created group PipelineID=6535537f-9efe-4915-b5f4-081a3aac6d40
2024-01-30 07:45:25,859 [d07b3c51-3354-45f5-8abc-ab9fc0487f36-PipelineCommandHandlerThread-0] INFO  commandhandler.CreatePipelineCommandHandler (CreatePipelineCommandHandler.java:lambda$handle$2(124)) - Created Pipeline RATIS ONE PipelineID=6535537f-9efe-4915-b5f4-081a3aac6d40.
2024-01-30 07:45:25,859 [d07b3c51-3354-45f5-8abc-ab9fc0487f36-PipelineCommandHandlerThread-0] INFO  server.RaftServer (RaftServerProxy.java:addNew(100)) - d07b3c51-3354-45f5-8abc-ab9fc0487f36: addNew group-B54A4A0E8004:[d07b3c51-3354-45f5-8abc-ab9fc0487f36|10.1.0.48:15076, ce491c53-a544-4921-9edd-2ea5f993f9d2|10.1.0.48:15094, b0b6b7fd-b71c-48b9-9e8b-e03541d31df9|10.1.0.48:15085] returns group-B54A4A0E8004:java.util.concurrent.CompletableFuture@32d3d6e[Not completed]
2024-01-30 07:45:25,860 [d07b3c51-3354-45f5-8abc-ab9fc0487f36-groupManagement] INFO  server.RaftServer$Division (RaftServerImpl.java:<init>(256)) - d07b3c51-3354-45f5-8abc-ab9fc0487f36: new RaftServerImpl for group-B54A4A0E8004:[d07b3c51-3354-45f5-8abc-ab9fc0487f36|10.1.0.48:15076, ce491c53-a544-4921-9edd-2ea5f993f9d2|10.1.0.48:15094, b0b6b7fd-b71c-48b9-9e8b-e03541d31df9|10.1.0.48:15085] with ContainerStateMachine:uninitialized
2024-01-30 07:45:25,860 [d07b3c51-3354-45f5-8abc-ab9fc0487f36-groupManagement] INFO  server.RaftServerConfigKeys (ConfUtils.java:logGet(46)) - raft.server.rpc.timeout.min = 5s (custom)
2024-01-30 07:45:25,860 [d07b3c51-3354-45f5-8abc-ab9fc0487f36-groupManagement] INFO  server.RaftServerConfigKeys (ConfUtils.java:logGet(46)) - raft.server.rpc.timeout.max = 5200ms (custom)
2024-01-30 07:45:25,860 [d07b3c51-3354-45f5-8abc-ab9fc0487f36-groupManagement] INFO  server.RaftServerConfigKeys (ConfUtils.java:logGet(46)) - raft.server.rpc.sleep.time = 25ms (default)
2024-01-30 07:45:25,860 [d07b3c51-3354-45f5-8abc-ab9fc0487f36-groupManagement] INFO  server.RaftServerConfigKeys (ConfUtils.java:logGet(46)) - raft.server.rpc.slowness.timeout = 300s (custom)
2024-01-30 07:45:25,860 [d07b3c51-3354-45f5-8abc-ab9fc0487f36-groupManagement] INFO  server.RaftServerConfigKeys (ConfUtils.java:logGet(46)) - raft.server.leaderelection.leader.step-down.wait-time = 10s (default)
2024-01-30 07:45:25,860 [d07b3c51-3354-45f5-8abc-ab9fc0487f36-groupManagement] INFO  server.RaftServerConfigKeys (ConfUtils.java:logGet(46)) - raft.server.leaderelection.member.majority-add = false (default)
2024-01-30 07:45:25,860 [d07b3c51-3354-45f5-8abc-ab9fc0487f36-groupManagement] INFO  server.RaftServerConfigKeys (ConfUtils.java:logGet(46)) - raft.server.sleep.deviation.threshold = 300ms (default)
2024-01-30 07:45:25,860 [d07b3c51-3354-45f5-8abc-ab9fc0487f36-groupManagement] INFO  server.RaftServer$Division (ServerState.java:<init>(113)) - d07b3c51-3354-45f5-8abc-ab9fc0487f36@group-B54A4A0E8004: ConfigurationManager, init=-1: peers:[d07b3c51-3354-45f5-8abc-ab9fc0487f36|10.1.0.48:15076, ce491c53-a544-4921-9edd-2ea5f993f9d2|10.1.0.48:15094, b0b6b7fd-b71c-48b9-9e8b-e03541d31df9|10.1.0.48:15085]|listeners:[], old=null, confs=<EMPTY_MAP>
2024-01-30 07:45:25,861 [d07b3c51-3354-45f5-8abc-ab9fc0487f36-groupManagement] INFO  server.RaftServerConfigKeys (ConfUtils.java:logGet(46)) - raft.server.notification.no-leader.timeout = 300s (custom)
2024-01-30 07:45:25,861 [d07b3c51-3354-45f5-8abc-ab9fc0487f36-groupManagement] INFO  server.RaftServerConfigKeys (ConfUtils.java:logGet(46)) - raft.server.read.timeout = 10s (default)
2024-01-30 07:45:25,861 [d07b3c51-3354-45f5-8abc-ab9fc0487f36-groupManagement] INFO  server.RaftServerConfigKeys (ConfUtils.java:logGet(46)) - raft.server.retrycache.expirytime = 600000ms (custom)
2024-01-30 07:45:25,861 [d07b3c51-3354-45f5-8abc-ab9fc0487f36-groupManagement] INFO  server.RaftServerConfigKeys (ConfUtils.java:logGet(46)) - raft.server.retrycache.statistics.expirytime = 100ms (default)
2024-01-30 07:45:25,861 [d07b3c51-3354-45f5-8abc-ab9fc0487f36-groupManagement] INFO  server.RaftServerConfigKeys (ConfUtils.java:logGet(46)) - raft.server.read.option = DEFAULT (default)
2024-01-30 07:45:25,861 [d07b3c51-3354-45f5-8abc-ab9fc0487f36-groupManagement] INFO  server.RaftServerConfigKeys (ConfUtils.java:logGet(46)) - raft.server.read.read-after-write-consistent.write-index-cache.expiry-time = 60s (default)
2024-01-30 07:45:25,862 [d07b3c51-3354-45f5-8abc-ab9fc0487f36-groupManagement] INFO  server.RaftServerConfigKeys (ConfUtils.java:logGet(46)) - raft.server.rpc.request.timeout = 60s (custom)
2024-01-30 07:45:25,862 [d07b3c51-3354-45f5-8abc-ab9fc0487f36-groupManagement] INFO  server.RaftServerConfigKeys (ConfUtils.java:logGet(46)) - raft.server.log.appender.install.snapshot.enabled = false (custom)
2024-01-30 07:45:25,862 [d07b3c51-3354-45f5-8abc-ab9fc0487f36-groupManagement] INFO  server.RaftServerConfigKeys (ConfUtils.java:logGet(46)) - raft.server.threadpool.server.cached = true (default)
2024-01-30 07:45:25,862 [d07b3c51-3354-45f5-8abc-ab9fc0487f36-groupManagement] INFO  server.RaftServerConfigKeys (ConfUtils.java:logGet(46)) - raft.server.threadpool.server.size = 0 (default)
2024-01-30 07:45:25,863 [d07b3c51-3354-45f5-8abc-ab9fc0487f36-groupManagement] INFO  server.RaftServerConfigKeys (ConfUtils.java:logGet(46)) - raft.server.threadpool.client.cached = true (default)
2024-01-30 07:45:25,863 [d07b3c51-3354-45f5-8abc-ab9fc0487f36-groupManagement] INFO  server.RaftServerConfigKeys (ConfUtils.java:logGet(46)) - raft.server.threadpool.client.size = 0 (default)
2024-01-30 07:45:25,863 [d07b3c51-3354-45f5-8abc-ab9fc0487f36-groupManagement] INFO  server.RaftServerConfigKeys (ConfUtils.java:logGet(46)) - raft.server.storage.free-space.min = 0MB (=0) (default)
2024-01-30 07:45:25,863 [d07b3c51-3354-45f5-8abc-ab9fc0487f36-groupManagement] INFO  server.RaftServerConfigKeys (ConfUtils.java:logGet(46)) - raft.server.log.corruption.policy = EXCEPTION (default)
2024-01-30 07:45:25,863 [d07b3c51-3354-45f5-8abc-ab9fc0487f36-groupManagement] INFO  server.RaftServerConfigKeys (ConfUtils.java:logGet(46)) - raft.server.storage.dir = [/home/runner/work/ozone/ozone/hadoop-ozone/integration-test/target/test-dir/MiniOzoneClusterImpl-3ad60551-d9fb-454a-addc-4d3fe7110c5e/datanode-0/data/ratis] (custom)
2024-01-30 07:45:25,863 [d07b3c51-3354-45f5-8abc-ab9fc0487f36-groupManagement] INFO  storage.RaftStorageDirectory (RaftStorageDirectoryImpl.java:analyzeStorage(138)) - The storage directory /home/runner/work/ozone/ozone/hadoop-ozone/integration-test/target/test-dir/MiniOzoneClusterImpl-3ad60551-d9fb-454a-addc-4d3fe7110c5e/datanode-0/data/ratis/ae1c78c0-4138-490c-8fb7-b54a4a0e8004 does not exist. Creating ...
2024-01-30 07:45:25,864 [d07b3c51-3354-45f5-8abc-ab9fc0487f36-groupManagement] INFO  storage.RaftStorageDirectory (RaftStorageDirectoryImpl.java:tryLock(228)) - Lock on /home/runner/work/ozone/ozone/hadoop-ozone/integration-test/target/test-dir/MiniOzoneClusterImpl-3ad60551-d9fb-454a-addc-4d3fe7110c5e/datanode-0/data/ratis/ae1c78c0-4138-490c-8fb7-b54a4a0e8004/in_use.lock acquired by nodename 92995@fv-az1436-717
2024-01-30 07:45:25,867 [d07b3c51-3354-45f5-8abc-ab9fc0487f36-groupManagement] INFO  storage.RaftStorage (RaftStorageImpl.java:format(99)) - Storage directory /home/runner/work/ozone/ozone/hadoop-ozone/integration-test/target/test-dir/MiniOzoneClusterImpl-3ad60551-d9fb-454a-addc-4d3fe7110c5e/datanode-0/data/ratis/ae1c78c0-4138-490c-8fb7-b54a4a0e8004 has been successfully formatted.
2024-01-30 07:45:25,867 [d07b3c51-3354-45f5-8abc-ab9fc0487f36-groupManagement] WARN  util.FileUtils (LogUtils.java:supplyAndLog(63)) - Failed to Files.newInputStream /home/runner/work/ozone/ozone/hadoop-ozone/integration-test/target/test-dir/MiniOzoneClusterImpl-3ad60551-d9fb-454a-addc-4d3fe7110c5e/datanode-0/data/ratis/ae1c78c0-4138-490c-8fb7-b54a4a0e8004/current/raft-meta.conf with options []: java.nio.file.NoSuchFileException: /home/runner/work/ozone/ozone/hadoop-ozone/integration-test/target/test-dir/MiniOzoneClusterImpl-3ad60551-d9fb-454a-addc-4d3fe7110c5e/datanode-0/data/ratis/ae1c78c0-4138-490c-8fb7-b54a4a0e8004/current/raft-meta.conf
2024-01-30 07:45:25,867 [d07b3c51-3354-45f5-8abc-ab9fc0487f36-groupManagement] INFO  ratis.ContainerStateMachine (ContainerStateMachine.java:loadSnapshot(287)) - group-B54A4A0E8004: The snapshot info is null. Setting the last applied index to:(t:0, i:~)
2024-01-30 07:45:25,867 [d07b3c51-3354-45f5-8abc-ab9fc0487f36-groupManagement] INFO  server.RaftServerConfigKeys (ConfUtils.java:logGet(46)) - raft.server.log.use.memory = false (default)
2024-01-30 07:45:25,867 [d07b3c51-3354-45f5-8abc-ab9fc0487f36-groupManagement] INFO  server.RaftServerConfigKeys (ConfUtils.java:logGet(46)) - raft.server.log.purge.gap = 1000000 (custom)
2024-01-30 07:45:25,867 [d07b3c51-3354-45f5-8abc-ab9fc0487f36-groupManagement] INFO  server.RaftServerConfigKeys (ConfUtils.java:logGet(46)) - raft.server.log.appender.buffer.byte-limit = 8388608 (custom)
2024-01-30 07:45:25,867 [d07b3c51-3354-45f5-8abc-ab9fc0487f36-groupManagement] INFO  server.RaftServerConfigKeys (ConfUtils.java:logGet(46)) - raft.server.log.statemachine.data.read.timeout = 1000ms (default)
2024-01-30 07:45:25,868 [d07b3c51-3354-45f5-8abc-ab9fc0487f36-groupManagement] INFO  server.RaftServerConfigKeys (ConfUtils.java:logGet(46)) - raft.server.log.purge.preservation.log.num = 0 (default)
2024-01-30 07:45:25,868 [EventQueue-OpenPipelineForHealthyPipelineSafeModeRule] INFO  safemode.SCMSafeModeManager (HealthyPipelineSafeModeRule.java:process(140)) - SCM in safe mode. Healthy pipelines reported count is 0, required healthy pipeline reported count is 1
2024-01-30 07:45:25,868 [d07b3c51-3354-45f5-8abc-ab9fc0487f36-groupManagement] INFO  server.RaftServerConfigKeys (ConfUtils.java:logGet(46)) - raft.server.log.segment.size.max = 67108864 (custom)
2024-01-30 07:45:25,869 [d07b3c51-3354-45f5-8abc-ab9fc0487f36-groupManagement] INFO  server.RaftServerConfigKeys (ConfUtils.java:logGet(46)) - raft.server.log.segment.cache.num.max = 2 (custom)
2024-01-30 07:45:25,869 [d07b3c51-3354-45f5-8abc-ab9fc0487f36-groupManagement] INFO  server.RaftServerConfigKeys (ConfUtils.java:logGet(46)) - raft.server.log.segment.cache.size.max = 200MB (=209715200) (default)
2024-01-30 07:45:25,869 [d07b3c51-3354-45f5-8abc-ab9fc0487f36-groupManagement] INFO  server.RaftServerConfigKeys (ConfUtils.java:logGet(46)) - raft.server.log.appender.buffer.byte-limit = 8388608 (custom)
2024-01-30 07:45:25,870 [d07b3c51-3354-45f5-8abc-ab9fc0487f36-groupManagement] INFO  util.AwaitToRun (AwaitToRun.java:start(81)) - Thread[d07b3c51-3354-45f5-8abc-ab9fc0487f36@group-B54A4A0E8004-cacheEviction-AwaitToRun,5,main] started
2024-01-30 07:45:25,870 [d07b3c51-3354-45f5-8abc-ab9fc0487f36-groupManagement] INFO  segmented.SegmentedRaftLogWorker (SegmentedRaftLogWorker.java:<init>(182)) - new d07b3c51-3354-45f5-8abc-ab9fc0487f36@group-B54A4A0E8004-SegmentedRaftLogWorker for RaftStorageImpl:Storage Directory /home/runner/work/ozone/ozone/hadoop-ozone/integration-test/target/test-dir/MiniOzoneClusterImpl-3ad60551-d9fb-454a-addc-4d3fe7110c5e/datanode-0/data/ratis/ae1c78c0-4138-490c-8fb7-b54a4a0e8004
2024-01-30 07:45:25,870 [d07b3c51-3354-45f5-8abc-ab9fc0487f36-groupManagement] INFO  server.RaftServerConfigKeys (ConfUtils.java:logGet(46)) - raft.server.log.queue.byte-limit = 4294967296 (custom)
2024-01-30 07:45:25,870 [d07b3c51-3354-45f5-8abc-ab9fc0487f36-groupManagement] INFO  server.RaftServerConfigKeys (ConfUtils.java:logGet(46)) - raft.server.log.queue.element-limit = 1024 (custom)
2024-01-30 07:45:25,870 [d07b3c51-3354-45f5-8abc-ab9fc0487f36-groupManagement] INFO  server.RaftServerConfigKeys (ConfUtils.java:logGet(46)) - raft.server.log.segment.size.max = 67108864 (custom)
2024-01-30 07:45:25,871 [d07b3c51-3354-45f5-8abc-ab9fc0487f36-groupManagement] INFO  server.RaftServerConfigKeys (ConfUtils.java:logGet(46)) - raft.server.log.preallocated.size = 4194304 (custom)
2024-01-30 07:45:25,871 [d07b3c51-3354-45f5-8abc-ab9fc0487f36-groupManagement] INFO  server.RaftServerConfigKeys (ConfUtils.java:logGet(46)) - raft.server.log.force.sync.num = 128 (default)
2024-01-30 07:45:25,871 [d07b3c51-3354-45f5-8abc-ab9fc0487f36-groupManagement] INFO  server.RaftServerConfigKeys (ConfUtils.java:logGet(46)) - raft.server.log.statemachine.data.sync = true (default)
2024-01-30 07:45:25,871 [d07b3c51-3354-45f5-8abc-ab9fc0487f36-groupManagement] INFO  server.RaftServerConfigKeys (ConfUtils.java:logGet(46)) - raft.server.log.statemachine.data.sync.timeout = 10s (default)
2024-01-30 07:45:25,871 [d07b3c51-3354-45f5-8abc-ab9fc0487f36-groupManagement] INFO  server.RaftServerConfigKeys (ConfUtils.java:logGet(46)) - raft.server.log.statemachine.data.sync.timeout.retry = 0 (custom)
2024-01-30 07:45:25,871 [d07b3c51-3354-45f5-8abc-ab9fc0487f36-groupManagement] INFO  server.RaftServerConfigKeys (ConfUtils.java:logGet(46)) - raft.server.log.write.buffer.size = 8388616 (custom)
2024-01-30 07:45:25,873 [d07b3c51-3354-45f5-8abc-ab9fc0487f36-groupManagement] INFO  server.RaftServerConfigKeys (ConfUtils.java:logGet(46)) - raft.server.log.appender.buffer.byte-limit = 8388608 (custom)
2024-01-30 07:45:25,873 [d07b3c51-3354-45f5-8abc-ab9fc0487f36-groupManagement] INFO  server.RaftServerConfigKeys (ConfUtils.java:logGet(46)) - raft.server.log.unsafe-flush.enabled = false (default)
2024-01-30 07:45:25,873 [d07b3c51-3354-45f5-8abc-ab9fc0487f36-groupManagement] INFO  server.RaftServerConfigKeys (ConfUtils.java:logGet(46)) - raft.server.log.async-flush.enabled = false (default)
2024-01-30 07:45:25,873 [d07b3c51-3354-45f5-8abc-ab9fc0487f36-groupManagement] INFO  server.RaftServerConfigKeys (ConfUtils.java:logGet(46)) - raft.server.log.statemachine.data.caching.enabled = true (custom)
2024-01-30 07:45:25,874 [d07b3c51-3354-45f5-8abc-ab9fc0487f36-groupManagement] INFO  segmented.SegmentedRaftLogWorker (SegmentedRaftLogWorker.java:lambda$new$0(134)) - d07b3c51-3354-45f5-8abc-ab9fc0487f36@group-B54A4A0E8004-SegmentedRaftLogWorker: flushIndex: setUnconditionally 0 -> -1
2024-01-30 07:45:25,874 [d07b3c51-3354-45f5-8abc-ab9fc0487f36-groupManagement] INFO  segmented.SegmentedRaftLogWorker (SegmentedRaftLogWorker.java:lambda$new$0(134)) - d07b3c51-3354-45f5-8abc-ab9fc0487f36@group-B54A4A0E8004-SegmentedRaftLogWorker: safeCacheEvictIndex: setUnconditionally 0 -> -1
2024-01-30 07:45:25,874 [d07b3c51-3354-45f5-8abc-ab9fc0487f36-groupManagement] INFO  server.RaftServer$Division (RaftServerImpl.java:start(396)) - d07b3c51-3354-45f5-8abc-ab9fc0487f36@group-B54A4A0E8004: start as a follower, conf=-1: peers:[d07b3c51-3354-45f5-8abc-ab9fc0487f36|10.1.0.48:15076, ce491c53-a544-4921-9edd-2ea5f993f9d2|10.1.0.48:15094, b0b6b7fd-b71c-48b9-9e8b-e03541d31df9|10.1.0.48:15085]|listeners:[], old=null
2024-01-30 07:45:25,874 [d07b3c51-3354-45f5-8abc-ab9fc0487f36-groupManagement] INFO  server.RaftServer$Division (RaftServerImpl.java:setRole(383)) - d07b3c51-3354-45f5-8abc-ab9fc0487f36@group-B54A4A0E8004: changes role from      null to FOLLOWER at term 0 for startAsFollower
2024-01-30 07:45:25,874 [d07b3c51-3354-45f5-8abc-ab9fc0487f36-groupManagement] INFO  impl.RoleInfo (RoleInfo.java:updateAndGet(139)) - d07b3c51-3354-45f5-8abc-ab9fc0487f36: start d07b3c51-3354-45f5-8abc-ab9fc0487f36@group-B54A4A0E8004-FollowerState
2024-01-30 07:45:25,875 [d07b3c51-3354-45f5-8abc-ab9fc0487f36-groupManagement] INFO  util.JmxRegister (JmxRegister.java:tryRegister(44)) - Successfully registered JMX Bean with object name Ratis:service=RaftServer,group=group-B54A4A0E8004,id=d07b3c51-3354-45f5-8abc-ab9fc0487f36
2024-01-30 07:45:25,875 [d07b3c51-3354-45f5-8abc-ab9fc0487f36-groupManagement] INFO  server.RaftServerConfigKeys (ConfUtils.java:logGet(46)) - raft.server.snapshot.trigger-when-stop.enabled = true (default)
2024-01-30 07:45:25,875 [d07b3c51-3354-45f5-8abc-ab9fc0487f36@group-B54A4A0E8004-FollowerState] INFO  server.RaftServerConfigKeys (ConfUtils.java:logFallback(53)) - raft.server.rpc.first-election.timeout.min = 5s (fallback to raft.server.rpc.timeout.min)
2024-01-30 07:45:25,875 [d07b3c51-3354-45f5-8abc-ab9fc0487f36-groupManagement] INFO  server.RaftServerConfigKeys (ConfUtils.java:logGet(46)) - raft.server.snapshot.auto.trigger.enabled = true (custom)
2024-01-30 07:45:25,876 [d07b3c51-3354-45f5-8abc-ab9fc0487f36@group-B54A4A0E8004-FollowerState] INFO  server.RaftServerConfigKeys (ConfUtils.java:logFallback(53)) - raft.server.rpc.first-election.timeout.max = 5200ms (fallback to raft.server.rpc.timeout.max)
2024-01-30 07:45:25,876 [d07b3c51-3354-45f5-8abc-ab9fc0487f36-groupManagement] INFO  server.RaftServerConfigKeys (ConfUtils.java:logGet(46)) - raft.server.snapshot.auto.trigger.threshold = 10000 (custom)
2024-01-30 07:45:25,876 [d07b3c51-3354-45f5-8abc-ab9fc0487f36-groupManagement] INFO  server.RaftServerConfigKeys (ConfUtils.java:logGet(46)) - raft.server.snapshot.retention.file.num = 5 (custom)
2024-01-30 07:45:25,876 [d07b3c51-3354-45f5-8abc-ab9fc0487f36-groupManagement] INFO  server.RaftServerConfigKeys (ConfUtils.java:logGet(46)) - raft.server.log.purge.upto.snapshot.index = false (default)
2024-01-30 07:45:25,876 [d07b3c51-3354-45f5-8abc-ab9fc0487f36-PipelineCommandHandlerThread-0] INFO  ratis.XceiverServerRatis (XceiverServerRatis.java:addGroup(864)) - Created group PipelineID=ae1c78c0-4138-490c-8fb7-b54a4a0e8004
2024-01-30 07:45:25,886 [grpc-default-executor-0] INFO  server.RaftServer (RaftServerProxy.java:addNew(100)) - ce491c53-a544-4921-9edd-2ea5f993f9d2: addNew group-B54A4A0E8004:[d07b3c51-3354-45f5-8abc-ab9fc0487f36|10.1.0.48:15076, ce491c53-a544-4921-9edd-2ea5f993f9d2|10.1.0.48:15094, b0b6b7fd-b71c-48b9-9e8b-e03541d31df9|10.1.0.48:15085] returns group-B54A4A0E8004:java.util.concurrent.CompletableFuture@28249f0c[Not completed]
2024-01-30 07:45:25,887 [ce491c53-a544-4921-9edd-2ea5f993f9d2-groupManagement] INFO  server.RaftServer$Division (RaftServerImpl.java:<init>(256)) - ce491c53-a544-4921-9edd-2ea5f993f9d2: new RaftServerImpl for group-B54A4A0E8004:[d07b3c51-3354-45f5-8abc-ab9fc0487f36|10.1.0.48:15076, ce491c53-a544-4921-9edd-2ea5f993f9d2|10.1.0.48:15094, b0b6b7fd-b71c-48b9-9e8b-e03541d31df9|10.1.0.48:15085] with ContainerStateMachine:uninitialized
2024-01-30 07:45:25,887 [ce491c53-a544-4921-9edd-2ea5f993f9d2-groupManagement] INFO  server.RaftServerConfigKeys (ConfUtils.java:logGet(46)) - raft.server.rpc.timeout.min = 5s (custom)
2024-01-30 07:45:25,887 [ce491c53-a544-4921-9edd-2ea5f993f9d2-groupManagement] INFO  server.RaftServerConfigKeys (ConfUtils.java:logGet(46)) - raft.server.rpc.timeout.max = 5200ms (custom)
2024-01-30 07:45:25,887 [ce491c53-a544-4921-9edd-2ea5f993f9d2-groupManagement] INFO  server.RaftServerConfigKeys (ConfUtils.java:logGet(46)) - raft.server.rpc.sleep.time = 25ms (default)
2024-01-30 07:45:25,887 [ce491c53-a544-4921-9edd-2ea5f993f9d2-groupManagement] INFO  server.RaftServerConfigKeys (ConfUtils.java:logGet(46)) - raft.server.rpc.slowness.timeout = 300s (custom)
2024-01-30 07:45:25,887 [ce491c53-a544-4921-9edd-2ea5f993f9d2-groupManagement] INFO  server.RaftServerConfigKeys (ConfUtils.java:logGet(46)) - raft.server.leaderelection.leader.step-down.wait-time = 10s (default)
2024-01-30 07:45:25,887 [ce491c53-a544-4921-9edd-2ea5f993f9d2-groupManagement] INFO  server.RaftServerConfigKeys (ConfUtils.java:logGet(46)) - raft.server.leaderelection.member.majority-add = false (default)
2024-01-30 07:45:25,887 [ce491c53-a544-4921-9edd-2ea5f993f9d2-groupManagement] INFO  server.RaftServerConfigKeys (ConfUtils.java:logGet(46)) - raft.server.sleep.deviation.threshold = 300ms (default)
2024-01-30 07:45:25,887 [ce491c53-a544-4921-9edd-2ea5f993f9d2-groupManagement] INFO  server.RaftServer$Division (ServerState.java:<init>(113)) - ce491c53-a544-4921-9edd-2ea5f993f9d2@group-B54A4A0E8004: ConfigurationManager, init=-1: peers:[d07b3c51-3354-45f5-8abc-ab9fc0487f36|10.1.0.48:15076, ce491c53-a544-4921-9edd-2ea5f993f9d2|10.1.0.48:15094, b0b6b7fd-b71c-48b9-9e8b-e03541d31df9|10.1.0.48:15085]|listeners:[], old=null, confs=<EMPTY_MAP>
2024-01-30 07:45:25,887 [ce491c53-a544-4921-9edd-2ea5f993f9d2-groupManagement] INFO  server.RaftServerConfigKeys (ConfUtils.java:logGet(46)) - raft.server.notification.no-leader.timeout = 300s (custom)
2024-01-30 07:45:25,887 [ce491c53-a544-4921-9edd-2ea5f993f9d2-groupManagement] INFO  server.RaftServerConfigKeys (ConfUtils.java:logGet(46)) - raft.server.read.timeout = 10s (default)
2024-01-30 07:45:25,887 [ce491c53-a544-4921-9edd-2ea5f993f9d2-groupManagement] INFO  server.RaftServerConfigKeys (ConfUtils.java:logGet(46)) - raft.server.retrycache.expirytime = 600000ms (custom)
2024-01-30 07:45:25,888 [ce491c53-a544-4921-9edd-2ea5f993f9d2-groupManagement] INFO  server.RaftServerConfigKeys (ConfUtils.java:logGet(46)) - raft.server.retrycache.statistics.expirytime = 100ms (default)
2024-01-30 07:45:25,888 [ce491c53-a544-4921-9edd-2ea5f993f9d2-groupManagement] INFO  server.RaftServerConfigKeys (ConfUtils.java:logGet(46)) - raft.server.read.option = DEFAULT (default)
2024-01-30 07:45:25,888 [ce491c53-a544-4921-9edd-2ea5f993f9d2-groupManagement] INFO  server.RaftServerConfigKeys (ConfUtils.java:logGet(46)) - raft.server.read.read-after-write-consistent.write-index-cache.expiry-time = 60s (default)
2024-01-30 07:45:25,889 [ce491c53-a544-4921-9edd-2ea5f993f9d2-groupManagement] INFO  server.RaftServerConfigKeys (ConfUtils.java:logGet(46)) - raft.server.rpc.request.timeout = 60s (custom)
2024-01-30 07:45:25,889 [ce491c53-a544-4921-9edd-2ea5f993f9d2-groupManagement] INFO  server.RaftServerConfigKeys (ConfUtils.java:logGet(46)) - raft.server.log.appender.install.snapshot.enabled = false (custom)
2024-01-30 07:45:25,889 [ce491c53-a544-4921-9edd-2ea5f993f9d2-groupManagement] INFO  server.RaftServerConfigKeys (ConfUtils.java:logGet(46)) - raft.server.threadpool.server.cached = true (default)
2024-01-30 07:45:25,889 [ce491c53-a544-4921-9edd-2ea5f993f9d2-groupManagement] INFO  server.RaftServerConfigKeys (ConfUtils.java:logGet(46)) - raft.server.threadpool.server.size = 0 (default)
2024-01-30 07:45:25,889 [ce491c53-a544-4921-9edd-2ea5f993f9d2-groupManagement] INFO  server.RaftServerConfigKeys (ConfUtils.java:logGet(46)) - raft.server.threadpool.client.cached = true (default)
2024-01-30 07:45:25,890 [ce491c53-a544-4921-9edd-2ea5f993f9d2-groupManagement] INFO  server.RaftServerConfigKeys (ConfUtils.java:logGet(46)) - raft.server.threadpool.client.size = 0 (default)
2024-01-30 07:45:25,890 [ce491c53-a544-4921-9edd-2ea5f993f9d2-groupManagement] INFO  server.RaftServerConfigKeys (ConfUtils.java:logGet(46)) - raft.server.storage.free-space.min = 0MB (=0) (default)
2024-01-30 07:45:25,890 [ce491c53-a544-4921-9edd-2ea5f993f9d2-groupManagement] INFO  server.RaftServerConfigKeys (ConfUtils.java:logGet(46)) - raft.server.log.corruption.policy = EXCEPTION (default)
2024-01-30 07:45:25,890 [ce491c53-a544-4921-9edd-2ea5f993f9d2-groupManagement] INFO  server.RaftServerConfigKeys (ConfUtils.java:logGet(46)) - raft.server.storage.dir = [/home/runner/work/ozone/ozone/hadoop-ozone/integration-test/target/test-dir/MiniOzoneClusterImpl-3ad60551-d9fb-454a-addc-4d3fe7110c5e/datanode-2/data/ratis] (custom)
2024-01-30 07:45:25,890 [ce491c53-a544-4921-9edd-2ea5f993f9d2-groupManagement] INFO  storage.RaftStorageDirectory (RaftStorageDirectoryImpl.java:analyzeStorage(138)) - The storage directory /home/runner/work/ozone/ozone/hadoop-ozone/integration-test/target/test-dir/MiniOzoneClusterImpl-3ad60551-d9fb-454a-addc-4d3fe7110c5e/datanode-2/data/ratis/ae1c78c0-4138-490c-8fb7-b54a4a0e8004 does not exist. Creating ...
2024-01-30 07:45:25,891 [ce491c53-a544-4921-9edd-2ea5f993f9d2-groupManagement] INFO  storage.RaftStorageDirectory (RaftStorageDirectoryImpl.java:tryLock(228)) - Lock on /home/runner/work/ozone/ozone/hadoop-ozone/integration-test/target/test-dir/MiniOzoneClusterImpl-3ad60551-d9fb-454a-addc-4d3fe7110c5e/datanode-2/data/ratis/ae1c78c0-4138-490c-8fb7-b54a4a0e8004/in_use.lock acquired by nodename 92995@fv-az1436-717
2024-01-30 07:45:25,892 [ce491c53-a544-4921-9edd-2ea5f993f9d2-groupManagement] INFO  storage.RaftStorage (RaftStorageImpl.java:format(99)) - Storage directory /home/runner/work/ozone/ozone/hadoop-ozone/integration-test/target/test-dir/MiniOzoneClusterImpl-3ad60551-d9fb-454a-addc-4d3fe7110c5e/datanode-2/data/ratis/ae1c78c0-4138-490c-8fb7-b54a4a0e8004 has been successfully formatted.
2024-01-30 07:45:25,892 [ce491c53-a544-4921-9edd-2ea5f993f9d2-groupManagement] WARN  util.FileUtils (LogUtils.java:supplyAndLog(63)) - Failed to Files.newInputStream /home/runner/work/ozone/ozone/hadoop-ozone/integration-test/target/test-dir/MiniOzoneClusterImpl-3ad60551-d9fb-454a-addc-4d3fe7110c5e/datanode-2/data/ratis/ae1c78c0-4138-490c-8fb7-b54a4a0e8004/current/raft-meta.conf with options []: java.nio.file.NoSuchFileException: /home/runner/work/ozone/ozone/hadoop-ozone/integration-test/target/test-dir/MiniOzoneClusterImpl-3ad60551-d9fb-454a-addc-4d3fe7110c5e/datanode-2/data/ratis/ae1c78c0-4138-490c-8fb7-b54a4a0e8004/current/raft-meta.conf
2024-01-30 07:45:25,893 [ce491c53-a544-4921-9edd-2ea5f993f9d2-groupManagement] INFO  ratis.ContainerStateMachine (ContainerStateMachine.java:loadSnapshot(287)) - group-B54A4A0E8004: The snapshot info is null. Setting the last applied index to:(t:0, i:~)
2024-01-30 07:45:25,893 [ce491c53-a544-4921-9edd-2ea5f993f9d2-groupManagement] INFO  server.RaftServerConfigKeys (ConfUtils.java:logGet(46)) - raft.server.log.use.memory = false (default)
2024-01-30 07:45:25,893 [ce491c53-a544-4921-9edd-2ea5f993f9d2-groupManagement] INFO  server.RaftServerConfigKeys (ConfUtils.java:logGet(46)) - raft.server.log.purge.gap = 1000000 (custom)
2024-01-30 07:45:25,894 [ce491c53-a544-4921-9edd-2ea5f993f9d2-groupManagement] INFO  server.RaftServerConfigKeys (ConfUtils.java:logGet(46)) - raft.server.log.appender.buffer.byte-limit = 8388608 (custom)
2024-01-30 07:45:25,894 [ce491c53-a544-4921-9edd-2ea5f993f9d2-groupManagement] INFO  server.RaftServerConfigKeys (ConfUtils.java:logGet(46)) - raft.server.log.statemachine.data.read.timeout = 1000ms (default)
2024-01-30 07:45:25,894 [ce491c53-a544-4921-9edd-2ea5f993f9d2-groupManagement] INFO  server.RaftServerConfigKeys (ConfUtils.java:logGet(46)) - raft.server.log.purge.preservation.log.num = 0 (default)
2024-01-30 07:45:25,895 [ce491c53-a544-4921-9edd-2ea5f993f9d2-groupManagement] INFO  server.RaftServerConfigKeys (ConfUtils.java:logGet(46)) - raft.server.log.segment.size.max = 67108864 (custom)
2024-01-30 07:45:25,895 [ce491c53-a544-4921-9edd-2ea5f993f9d2-groupManagement] INFO  server.RaftServerConfigKeys (ConfUtils.java:logGet(46)) - raft.server.log.segment.cache.num.max = 2 (custom)
2024-01-30 07:45:25,895 [ce491c53-a544-4921-9edd-2ea5f993f9d2-groupManagement] INFO  server.RaftServerConfigKeys (ConfUtils.java:logGet(46)) - raft.server.log.segment.cache.size.max = 200MB (=209715200) (default)
2024-01-30 07:45:25,895 [ce491c53-a544-4921-9edd-2ea5f993f9d2-groupManagement] INFO  server.RaftServerConfigKeys (ConfUtils.java:logGet(46)) - raft.server.log.appender.buffer.byte-limit = 8388608 (custom)
2024-01-30 07:45:25,898 [ce491c53-a544-4921-9edd-2ea5f993f9d2-groupManagement] INFO  util.AwaitToRun (AwaitToRun.java:start(81)) - Thread[ce491c53-a544-4921-9edd-2ea5f993f9d2@group-B54A4A0E8004-cacheEviction-AwaitToRun,5,main] started
2024-01-30 07:45:25,898 [ce491c53-a544-4921-9edd-2ea5f993f9d2-groupManagement] INFO  segmented.SegmentedRaftLogWorker (SegmentedRaftLogWorker.java:<init>(182)) - new ce491c53-a544-4921-9edd-2ea5f993f9d2@group-B54A4A0E8004-SegmentedRaftLogWorker for RaftStorageImpl:Storage Directory /home/runner/work/ozone/ozone/hadoop-ozone/integration-test/target/test-dir/MiniOzoneClusterImpl-3ad60551-d9fb-454a-addc-4d3fe7110c5e/datanode-2/data/ratis/ae1c78c0-4138-490c-8fb7-b54a4a0e8004
2024-01-30 07:45:25,898 [ce491c53-a544-4921-9edd-2ea5f993f9d2-groupManagement] INFO  server.RaftServerConfigKeys (ConfUtils.java:logGet(46)) - raft.server.log.queue.byte-limit = 4294967296 (custom)
2024-01-30 07:45:25,898 [ce491c53-a544-4921-9edd-2ea5f993f9d2-groupManagement] INFO  server.RaftServerConfigKeys (ConfUtils.java:logGet(46)) - raft.server.log.queue.element-limit = 1024 (custom)
2024-01-30 07:45:25,898 [ce491c53-a544-4921-9edd-2ea5f993f9d2-groupManagement] INFO  server.RaftServerConfigKeys (ConfUtils.java:logGet(46)) - raft.server.log.segment.size.max = 67108864 (custom)
2024-01-30 07:45:25,899 [ce491c53-a544-4921-9edd-2ea5f993f9d2-groupManagement] INFO  server.RaftServerConfigKeys (ConfUtils.java:logGet(46)) - raft.server.log.preallocated.size = 4194304 (custom)
2024-01-30 07:45:25,899 [ce491c53-a544-4921-9edd-2ea5f993f9d2-groupManagement] INFO  server.RaftServerConfigKeys (ConfUtils.java:logGet(46)) - raft.server.log.force.sync.num = 128 (default)
2024-01-30 07:45:25,899 [ce491c53-a544-4921-9edd-2ea5f993f9d2-groupManagement] INFO  server.RaftServerConfigKeys (ConfUtils.java:logGet(46)) - raft.server.log.statemachine.data.sync = true (default)
2024-01-30 07:45:25,899 [ce491c53-a544-4921-9edd-2ea5f993f9d2-groupManagement] INFO  server.RaftServerConfigKeys (ConfUtils.java:logGet(46)) - raft.server.log.statemachine.data.sync.timeout = 10s (default)
2024-01-30 07:45:25,899 [ce491c53-a544-4921-9edd-2ea5f993f9d2-groupManagement] INFO  server.RaftServerConfigKeys (ConfUtils.java:logGet(46)) - raft.server.log.statemachine.data.sync.timeout.retry = 0 (custom)
2024-01-30 07:45:25,899 [ce491c53-a544-4921-9edd-2ea5f993f9d2-groupManagement] INFO  server.RaftServerConfigKeys (ConfUtils.java:logGet(46)) - raft.server.log.write.buffer.size = 8388616 (custom)
2024-01-30 07:45:25,901 [ce491c53-a544-4921-9edd-2ea5f993f9d2-groupManagement] INFO  server.RaftServerConfigKeys (ConfUtils.java:logGet(46)) - raft.server.log.appender.buffer.byte-limit = 8388608 (custom)
2024-01-30 07:45:25,901 [ce491c53-a544-4921-9edd-2ea5f993f9d2-groupManagement] INFO  server.RaftServerConfigKeys (ConfUtils.java:logGet(46)) - raft.server.log.unsafe-flush.enabled = false (default)
2024-01-30 07:45:25,901 [ce491c53-a544-4921-9edd-2ea5f993f9d2-groupManagement] INFO  server.RaftServerConfigKeys (ConfUtils.java:logGet(46)) - raft.server.log.async-flush.enabled = false (default)
2024-01-30 07:45:25,901 [ce491c53-a544-4921-9edd-2ea5f993f9d2-groupManagement] INFO  server.RaftServerConfigKeys (ConfUtils.java:logGet(46)) - raft.server.log.statemachine.data.caching.enabled = true (custom)
2024-01-30 07:45:25,902 [ce491c53-a544-4921-9edd-2ea5f993f9d2-groupManagement] INFO  segmented.SegmentedRaftLogWorker (SegmentedRaftLogWorker.java:lambda$new$0(134)) - ce491c53-a544-4921-9edd-2ea5f993f9d2@group-B54A4A0E8004-SegmentedRaftLogWorker: flushIndex: setUnconditionally 0 -> -1
2024-01-30 07:45:25,902 [ce491c53-a544-4921-9edd-2ea5f993f9d2-groupManagement] INFO  segmented.SegmentedRaftLogWorker (SegmentedRaftLogWorker.java:lambda$new$0(134)) - ce491c53-a544-4921-9edd-2ea5f993f9d2@group-B54A4A0E8004-SegmentedRaftLogWorker: safeCacheEvictIndex: setUnconditionally 0 -> -1
2024-01-30 07:45:25,902 [ce491c53-a544-4921-9edd-2ea5f993f9d2-groupManagement] INFO  server.RaftServer$Division (RaftServerImpl.java:start(396)) - ce491c53-a544-4921-9edd-2ea5f993f9d2@group-B54A4A0E8004: start as a follower, conf=-1: peers:[d07b3c51-3354-45f5-8abc-ab9fc0487f36|10.1.0.48:15076, ce491c53-a544-4921-9edd-2ea5f993f9d2|10.1.0.48:15094, b0b6b7fd-b71c-48b9-9e8b-e03541d31df9|10.1.0.48:15085]|listeners:[], old=null
2024-01-30 07:45:25,902 [ce491c53-a544-4921-9edd-2ea5f993f9d2-groupManagement] INFO  server.RaftServer$Division (RaftServerImpl.java:setRole(383)) - ce491c53-a544-4921-9edd-2ea5f993f9d2@group-B54A4A0E8004: changes role from      null to FOLLOWER at term 0 for startAsFollower
2024-01-30 07:45:25,902 [ce491c53-a544-4921-9edd-2ea5f993f9d2-groupManagement] INFO  impl.RoleInfo (RoleInfo.java:updateAndGet(139)) - ce491c53-a544-4921-9edd-2ea5f993f9d2: start ce491c53-a544-4921-9edd-2ea5f993f9d2@group-B54A4A0E8004-FollowerState
2024-01-30 07:45:25,904 [ce491c53-a544-4921-9edd-2ea5f993f9d2@group-B54A4A0E8004-FollowerState] INFO  server.RaftServerConfigKeys (ConfUtils.java:logFallback(53)) - raft.server.rpc.first-election.timeout.min = 5s (fallback to raft.server.rpc.timeout.min)
2024-01-30 07:45:25,904 [ce491c53-a544-4921-9edd-2ea5f993f9d2-groupManagement] INFO  util.JmxRegister (JmxRegister.java:tryRegister(44)) - Successfully registered JMX Bean with object name Ratis:service=RaftServer,group=group-B54A4A0E8004,id=ce491c53-a544-4921-9edd-2ea5f993f9d2
2024-01-30 07:45:25,904 [ce491c53-a544-4921-9edd-2ea5f993f9d2-groupManagement] INFO  server.RaftServerConfigKeys (ConfUtils.java:logGet(46)) - raft.server.snapshot.trigger-when-stop.enabled = true (default)
2024-01-30 07:45:25,904 [ce491c53-a544-4921-9edd-2ea5f993f9d2-groupManagement] INFO  server.RaftServerConfigKeys (ConfUtils.java:logGet(46)) - raft.server.snapshot.auto.trigger.enabled = true (custom)
2024-01-30 07:45:25,904 [ce491c53-a544-4921-9edd-2ea5f993f9d2-groupManagement] INFO  server.RaftServerConfigKeys (ConfUtils.java:logGet(46)) - raft.server.snapshot.auto.trigger.threshold = 10000 (custom)
2024-01-30 07:45:25,904 [ce491c53-a544-4921-9edd-2ea5f993f9d2-groupManagement] INFO  server.RaftServerConfigKeys (ConfUtils.java:logGet(46)) - raft.server.snapshot.retention.file.num = 5 (custom)
2024-01-30 07:45:25,904 [ce491c53-a544-4921-9edd-2ea5f993f9d2-groupManagement] INFO  server.RaftServerConfigKeys (ConfUtils.java:logGet(46)) - raft.server.log.purge.upto.snapshot.index = false (default)
2024-01-30 07:45:25,904 [ce491c53-a544-4921-9edd-2ea5f993f9d2@group-B54A4A0E8004-FollowerState] INFO  server.RaftServerConfigKeys (ConfUtils.java:logFallback(53)) - raft.server.rpc.first-election.timeout.max = 5200ms (fallback to raft.server.rpc.timeout.max)
2024-01-30 07:45:25,923 [grpc-default-executor-0] INFO  server.RaftServer (RaftServerProxy.java:addNew(100)) - b0b6b7fd-b71c-48b9-9e8b-e03541d31df9: addNew group-B54A4A0E8004:[d07b3c51-3354-45f5-8abc-ab9fc0487f36|10.1.0.48:15076, ce491c53-a544-4921-9edd-2ea5f993f9d2|10.1.0.48:15094, b0b6b7fd-b71c-48b9-9e8b-e03541d31df9|10.1.0.48:15085] returns group-B54A4A0E8004:java.util.concurrent.CompletableFuture@51a9f25a[Not completed]
2024-01-30 07:45:25,925 [b0b6b7fd-b71c-48b9-9e8b-e03541d31df9-groupManagement] INFO  server.RaftServer$Division (RaftServerImpl.java:<init>(256)) - b0b6b7fd-b71c-48b9-9e8b-e03541d31df9: new RaftServerImpl for group-B54A4A0E8004:[d07b3c51-3354-45f5-8abc-ab9fc0487f36|10.1.0.48:15076, ce491c53-a544-4921-9edd-2ea5f993f9d2|10.1.0.48:15094, b0b6b7fd-b71c-48b9-9e8b-e03541d31df9|10.1.0.48:15085] with ContainerStateMachine:uninitialized
2024-01-30 07:45:25,925 [b0b6b7fd-b71c-48b9-9e8b-e03541d31df9-groupManagement] INFO  server.RaftServerConfigKeys (ConfUtils.java:logGet(46)) - raft.server.rpc.timeout.min = 5s (custom)
2024-01-30 07:45:25,925 [b0b6b7fd-b71c-48b9-9e8b-e03541d31df9-groupManagement] INFO  server.RaftServerConfigKeys (ConfUtils.java:logGet(46)) - raft.server.rpc.timeout.max = 5200ms (custom)
2024-01-30 07:45:25,925 [b0b6b7fd-b71c-48b9-9e8b-e03541d31df9-groupManagement] INFO  server.RaftServerConfigKeys (ConfUtils.java:logGet(46)) - raft.server.rpc.sleep.time = 25ms (default)
2024-01-30 07:45:25,925 [b0b6b7fd-b71c-48b9-9e8b-e03541d31df9-groupManagement] INFO  server.RaftServerConfigKeys (ConfUtils.java:logGet(46)) - raft.server.rpc.slowness.timeout = 300s (custom)
2024-01-30 07:45:25,925 [b0b6b7fd-b71c-48b9-9e8b-e03541d31df9-groupManagement] INFO  server.RaftServerConfigKeys (ConfUtils.java:logGet(46)) - raft.server.leaderelection.leader.step-down.wait-time = 10s (default)
2024-01-30 07:45:25,925 [b0b6b7fd-b71c-48b9-9e8b-e03541d31df9-groupManagement] INFO  server.RaftServerConfigKeys (ConfUtils.java:logGet(46)) - raft.server.leaderelection.member.majority-add = false (default)
2024-01-30 07:45:25,925 [b0b6b7fd-b71c-48b9-9e8b-e03541d31df9-groupManagement] INFO  server.RaftServerConfigKeys (ConfUtils.java:logGet(46)) - raft.server.sleep.deviation.threshold = 300ms (default)
2024-01-30 07:45:25,925 [b0b6b7fd-b71c-48b9-9e8b-e03541d31df9-groupManagement] INFO  server.RaftServer$Division (ServerState.java:<init>(113)) - b0b6b7fd-b71c-48b9-9e8b-e03541d31df9@group-B54A4A0E8004: ConfigurationManager, init=-1: peers:[d07b3c51-3354-45f5-8abc-ab9fc0487f36|10.1.0.48:15076, ce491c53-a544-4921-9edd-2ea5f993f9d2|10.1.0.48:15094, b0b6b7fd-b71c-48b9-9e8b-e03541d31df9|10.1.0.48:15085]|listeners:[], old=null, confs=<EMPTY_MAP>
2024-01-30 07:45:25,926 [b0b6b7fd-b71c-48b9-9e8b-e03541d31df9-groupManagement] INFO  server.RaftServerConfigKeys (ConfUtils.java:logGet(46)) - raft.server.notification.no-leader.timeout = 300s (custom)
2024-01-30 07:45:25,926 [b0b6b7fd-b71c-48b9-9e8b-e03541d31df9-groupManagement] INFO  server.RaftServerConfigKeys (ConfUtils.java:logGet(46)) - raft.server.read.timeout = 10s (default)
2024-01-30 07:45:25,926 [b0b6b7fd-b71c-48b9-9e8b-e03541d31df9-groupManagement] INFO  server.RaftServerConfigKeys (ConfUtils.java:logGet(46)) - raft.server.retrycache.expirytime = 600000ms (custom)
2024-01-30 07:45:25,926 [b0b6b7fd-b71c-48b9-9e8b-e03541d31df9-groupManagement] INFO  server.RaftServerConfigKeys (ConfUtils.java:logGet(46)) - raft.server.retrycache.statistics.expirytime = 100ms (default)
2024-01-30 07:45:25,926 [b0b6b7fd-b71c-48b9-9e8b-e03541d31df9-groupManagement] INFO  server.RaftServerConfigKeys (ConfUtils.java:logGet(46)) - raft.server.read.option = DEFAULT (default)
2024-01-30 07:45:25,926 [b0b6b7fd-b71c-48b9-9e8b-e03541d31df9-groupManagement] INFO  server.RaftServerConfigKeys (ConfUtils.java:logGet(46)) - raft.server.read.read-after-write-consistent.write-index-cache.expiry-time = 60s (default)
2024-01-30 07:45:25,927 [b0b6b7fd-b71c-48b9-9e8b-e03541d31df9-groupManagement] INFO  server.RaftServerConfigKeys (ConfUtils.java:logGet(46)) - raft.server.rpc.request.timeout = 60s (custom)
2024-01-30 07:45:25,927 [b0b6b7fd-b71c-48b9-9e8b-e03541d31df9-groupManagement] INFO  server.RaftServerConfigKeys (ConfUtils.java:logGet(46)) - raft.server.log.appender.install.snapshot.enabled = false (custom)
2024-01-30 07:45:25,927 [b0b6b7fd-b71c-48b9-9e8b-e03541d31df9-groupManagement] INFO  server.RaftServerConfigKeys (ConfUtils.java:logGet(46)) - raft.server.threadpool.server.cached = true (default)
2024-01-30 07:45:25,927 [b0b6b7fd-b71c-48b9-9e8b-e03541d31df9-groupManagement] INFO  server.RaftServerConfigKeys (ConfUtils.java:logGet(46)) - raft.server.threadpool.server.size = 0 (default)
2024-01-30 07:45:25,927 [b0b6b7fd-b71c-48b9-9e8b-e03541d31df9-groupManagement] INFO  server.RaftServerConfigKeys (ConfUtils.java:logGet(46)) - raft.server.threadpool.client.cached = true (default)
2024-01-30 07:45:25,927 [b0b6b7fd-b71c-48b9-9e8b-e03541d31df9-groupManagement] INFO  server.RaftServerConfigKeys (ConfUtils.java:logGet(46)) - raft.server.threadpool.client.size = 0 (default)
2024-01-30 07:45:25,927 [b0b6b7fd-b71c-48b9-9e8b-e03541d31df9-groupManagement] INFO  server.RaftServerConfigKeys (ConfUtils.java:logGet(46)) - raft.server.storage.free-space.min = 0MB (=0) (default)
2024-01-30 07:45:25,928 [b0b6b7fd-b71c-48b9-9e8b-e03541d31df9-groupManagement] INFO  server.RaftServerConfigKeys (ConfUtils.java:logGet(46)) - raft.server.log.corruption.policy = EXCEPTION (default)
2024-01-30 07:45:25,928 [b0b6b7fd-b71c-48b9-9e8b-e03541d31df9-groupManagement] INFO  server.RaftServerConfigKeys (ConfUtils.java:logGet(46)) - raft.server.storage.dir = [/home/runner/work/ozone/ozone/hadoop-ozone/integration-test/target/test-dir/MiniOzoneClusterImpl-3ad60551-d9fb-454a-addc-4d3fe7110c5e/datanode-1/data/ratis] (custom)
2024-01-30 07:45:25,928 [b0b6b7fd-b71c-48b9-9e8b-e03541d31df9-groupManagement] INFO  storage.RaftStorageDirectory (RaftStorageDirectoryImpl.java:analyzeStorage(138)) - The storage directory /home/runner/work/ozone/ozone/hadoop-ozone/integration-test/target/test-dir/MiniOzoneClusterImpl-3ad60551-d9fb-454a-addc-4d3fe7110c5e/datanode-1/data/ratis/ae1c78c0-4138-490c-8fb7-b54a4a0e8004 does not exist. Creating ...
2024-01-30 07:45:25,929 [b0b6b7fd-b71c-48b9-9e8b-e03541d31df9-groupManagement] INFO  storage.RaftStorageDirectory (RaftStorageDirectoryImpl.java:tryLock(228)) - Lock on /home/runner/work/ozone/ozone/hadoop-ozone/integration-test/target/test-dir/MiniOzoneClusterImpl-3ad60551-d9fb-454a-addc-4d3fe7110c5e/datanode-1/data/ratis/ae1c78c0-4138-490c-8fb7-b54a4a0e8004/in_use.lock acquired by nodename 92995@fv-az1436-717
2024-01-30 07:45:25,930 [b0b6b7fd-b71c-48b9-9e8b-e03541d31df9-groupManagement] INFO  storage.RaftStorage (RaftStorageImpl.java:format(99)) - Storage directory /home/runner/work/ozone/ozone/hadoop-ozone/integration-test/target/test-dir/MiniOzoneClusterImpl-3ad60551-d9fb-454a-addc-4d3fe7110c5e/datanode-1/data/ratis/ae1c78c0-4138-490c-8fb7-b54a4a0e8004 has been successfully formatted.
2024-01-30 07:45:25,930 [b0b6b7fd-b71c-48b9-9e8b-e03541d31df9-groupManagement] WARN  util.FileUtils (LogUtils.java:supplyAndLog(63)) - Failed to Files.newInputStream /home/runner/work/ozone/ozone/hadoop-ozone/integration-test/target/test-dir/MiniOzoneClusterImpl-3ad60551-d9fb-454a-addc-4d3fe7110c5e/datanode-1/data/ratis/ae1c78c0-4138-490c-8fb7-b54a4a0e8004/current/raft-meta.conf with options []: java.nio.file.NoSuchFileException: /home/runner/work/ozone/ozone/hadoop-ozone/integration-test/target/test-dir/MiniOzoneClusterImpl-3ad60551-d9fb-454a-addc-4d3fe7110c5e/datanode-1/data/ratis/ae1c78c0-4138-490c-8fb7-b54a4a0e8004/current/raft-meta.conf
2024-01-30 07:45:25,931 [b0b6b7fd-b71c-48b9-9e8b-e03541d31df9-groupManagement] INFO  ratis.ContainerStateMachine (ContainerStateMachine.java:loadSnapshot(287)) - group-B54A4A0E8004: The snapshot info is null. Setting the last applied index to:(t:0, i:~)
2024-01-30 07:45:25,931 [b0b6b7fd-b71c-48b9-9e8b-e03541d31df9-groupManagement] INFO  server.RaftServerConfigKeys (ConfUtils.java:logGet(46)) - raft.server.log.use.memory = false (default)
2024-01-30 07:45:25,931 [b0b6b7fd-b71c-48b9-9e8b-e03541d31df9-groupManagement] INFO  server.RaftServerConfigKeys (ConfUtils.java:logGet(46)) - raft.server.log.purge.gap = 1000000 (custom)
2024-01-30 07:45:25,931 [b0b6b7fd-b71c-48b9-9e8b-e03541d31df9-groupManagement] INFO  server.RaftServerConfigKeys (ConfUtils.java:logGet(46)) - raft.server.log.appender.buffer.byte-limit = 8388608 (custom)
2024-01-30 07:45:25,931 [b0b6b7fd-b71c-48b9-9e8b-e03541d31df9-groupManagement] INFO  server.RaftServerConfigKeys (ConfUtils.java:logGet(46)) - raft.server.log.statemachine.data.read.timeout = 1000ms (default)
2024-01-30 07:45:25,931 [b0b6b7fd-b71c-48b9-9e8b-e03541d31df9-groupManagement] INFO  server.RaftServerConfigKeys (ConfUtils.java:logGet(46)) - raft.server.log.purge.preservation.log.num = 0 (default)
2024-01-30 07:45:25,932 [b0b6b7fd-b71c-48b9-9e8b-e03541d31df9-groupManagement] INFO  server.RaftServerConfigKeys (ConfUtils.java:logGet(46)) - raft.server.log.segment.size.max = 67108864 (custom)
2024-01-30 07:45:25,933 [b0b6b7fd-b71c-48b9-9e8b-e03541d31df9-groupManagement] INFO  server.RaftServerConfigKeys (ConfUtils.java:logGet(46)) - raft.server.log.segment.cache.num.max = 2 (custom)
2024-01-30 07:45:25,933 [b0b6b7fd-b71c-48b9-9e8b-e03541d31df9-groupManagement] INFO  server.RaftServerConfigKeys (ConfUtils.java:logGet(46)) - raft.server.log.segment.cache.size.max = 200MB (=209715200) (default)
2024-01-30 07:45:25,933 [b0b6b7fd-b71c-48b9-9e8b-e03541d31df9-groupManagement] INFO  server.RaftServerConfigKeys (ConfUtils.java:logGet(46)) - raft.server.log.appender.buffer.byte-limit = 8388608 (custom)
2024-01-30 07:45:25,933 [b0b6b7fd-b71c-48b9-9e8b-e03541d31df9-groupManagement] INFO  util.AwaitToRun (AwaitToRun.java:start(81)) - Thread[b0b6b7fd-b71c-48b9-9e8b-e03541d31df9@group-B54A4A0E8004-cacheEviction-AwaitToRun,5,main] started
2024-01-30 07:45:25,933 [b0b6b7fd-b71c-48b9-9e8b-e03541d31df9-groupManagement] INFO  segmented.SegmentedRaftLogWorker (SegmentedRaftLogWorker.java:<init>(182)) - new b0b6b7fd-b71c-48b9-9e8b-e03541d31df9@group-B54A4A0E8004-SegmentedRaftLogWorker for RaftStorageImpl:Storage Directory /home/runner/work/ozone/ozone/hadoop-ozone/integration-test/target/test-dir/MiniOzoneClusterImpl-3ad60551-d9fb-454a-addc-4d3fe7110c5e/datanode-1/data/ratis/ae1c78c0-4138-490c-8fb7-b54a4a0e8004
2024-01-30 07:45:25,933 [b0b6b7fd-b71c-48b9-9e8b-e03541d31df9-groupManagement] INFO  server.RaftServerConfigKeys (ConfUtils.java:logGet(46)) - raft.server.log.queue.byte-limit = 4294967296 (custom)
2024-01-30 07:45:25,933 [b0b6b7fd-b71c-48b9-9e8b-e03541d31df9-groupManagement] INFO  server.RaftServerConfigKeys (ConfUtils.java:logGet(46)) - raft.server.log.queue.element-limit = 1024 (custom)
2024-01-30 07:45:25,933 [b0b6b7fd-b71c-48b9-9e8b-e03541d31df9-groupManagement] INFO  server.RaftServerConfigKeys (ConfUtils.java:logGet(46)) - raft.server.log.segment.size.max = 67108864 (custom)
2024-01-30 07:45:25,933 [b0b6b7fd-b71c-48b9-9e8b-e03541d31df9-groupManagement] INFO  server.RaftServerConfigKeys (ConfUtils.java:logGet(46)) - raft.server.log.preallocated.size = 4194304 (custom)
2024-01-30 07:45:25,934 [b0b6b7fd-b71c-48b9-9e8b-e03541d31df9-groupManagement] INFO  server.RaftServerConfigKeys (ConfUtils.java:logGet(46)) - raft.server.log.force.sync.num = 128 (default)
2024-01-30 07:45:25,934 [b0b6b7fd-b71c-48b9-9e8b-e03541d31df9-groupManagement] INFO  server.RaftServerConfigKeys (ConfUtils.java:logGet(46)) - raft.server.log.statemachine.data.sync = true (default)
2024-01-30 07:45:25,934 [b0b6b7fd-b71c-48b9-9e8b-e03541d31df9-groupManagement] INFO  server.RaftServerConfigKeys (ConfUtils.java:logGet(46)) - raft.server.log.statemachine.data.sync.timeout = 10s (default)
2024-01-30 07:45:25,934 [b0b6b7fd-b71c-48b9-9e8b-e03541d31df9-groupManagement] INFO  server.RaftServerConfigKeys (ConfUtils.java:logGet(46)) - raft.server.log.statemachine.data.sync.timeout.retry = 0 (custom)
2024-01-30 07:45:25,934 [b0b6b7fd-b71c-48b9-9e8b-e03541d31df9-groupManagement] INFO  server.RaftServerConfigKeys (ConfUtils.java:logGet(46)) - raft.server.log.write.buffer.size = 8388616 (custom)
2024-01-30 07:45:25,935 [b0b6b7fd-b71c-48b9-9e8b-e03541d31df9-groupManagement] INFO  server.RaftServerConfigKeys (ConfUtils.java:logGet(46)) - raft.server.log.appender.buffer.byte-limit = 8388608 (custom)
2024-01-30 07:45:25,935 [b0b6b7fd-b71c-48b9-9e8b-e03541d31df9-groupManagement] INFO  server.RaftServerConfigKeys (ConfUtils.java:logGet(46)) - raft.server.log.unsafe-flush.enabled = false (default)
2024-01-30 07:45:25,936 [b0b6b7fd-b71c-48b9-9e8b-e03541d31df9-groupManagement] INFO  server.RaftServerConfigKeys (ConfUtils.java:logGet(46)) - raft.server.log.async-flush.enabled = false (default)
2024-01-30 07:45:25,936 [b0b6b7fd-b71c-48b9-9e8b-e03541d31df9-groupManagement] INFO  server.RaftServerConfigKeys (ConfUtils.java:logGet(46)) - raft.server.log.statemachine.data.caching.enabled = true (custom)
2024-01-30 07:45:25,936 [b0b6b7fd-b71c-48b9-9e8b-e03541d31df9-groupManagement] INFO  segmented.SegmentedRaftLogWorker (SegmentedRaftLogWorker.java:lambda$new$0(134)) - b0b6b7fd-b71c-48b9-9e8b-e03541d31df9@group-B54A4A0E8004-SegmentedRaftLogWorker: flushIndex: setUnconditionally 0 -> -1
2024-01-30 07:45:25,936 [b0b6b7fd-b71c-48b9-9e8b-e03541d31df9-groupManagement] INFO  segmented.SegmentedRaftLogWorker (SegmentedRaftLogWorker.java:lambda$new$0(134)) - b0b6b7fd-b71c-48b9-9e8b-e03541d31df9@group-B54A4A0E8004-SegmentedRaftLogWorker: safeCacheEvictIndex: setUnconditionally 0 -> -1
2024-01-30 07:45:25,936 [b0b6b7fd-b71c-48b9-9e8b-e03541d31df9-groupManagement] INFO  server.RaftServer$Division (RaftServerImpl.java:start(396)) - b0b6b7fd-b71c-48b9-9e8b-e03541d31df9@group-B54A4A0E8004: start as a follower, conf=-1: peers:[d07b3c51-3354-45f5-8abc-ab9fc0487f36|10.1.0.48:15076, ce491c53-a544-4921-9edd-2ea5f993f9d2|10.1.0.48:15094, b0b6b7fd-b71c-48b9-9e8b-e03541d31df9|10.1.0.48:15085]|listeners:[], old=null
2024-01-30 07:45:25,936 [b0b6b7fd-b71c-48b9-9e8b-e03541d31df9-groupManagement] INFO  server.RaftServer$Division (RaftServerImpl.java:setRole(383)) - b0b6b7fd-b71c-48b9-9e8b-e03541d31df9@group-B54A4A0E8004: changes role from      null to FOLLOWER at term 0 for startAsFollower
2024-01-30 07:45:25,936 [b0b6b7fd-b71c-48b9-9e8b-e03541d31df9-groupManagement] INFO  impl.RoleInfo (RoleInfo.java:updateAndGet(139)) - b0b6b7fd-b71c-48b9-9e8b-e03541d31df9: start b0b6b7fd-b71c-48b9-9e8b-e03541d31df9@group-B54A4A0E8004-FollowerState
2024-01-30 07:45:25,936 [b0b6b7fd-b71c-48b9-9e8b-e03541d31df9-PipelineCommandHandlerThread-0] INFO  server.RaftServer (RaftServerProxy.java:addNew(100)) - b0b6b7fd-b71c-48b9-9e8b-e03541d31df9: addNew group-4A4556F013A1:[b0b6b7fd-b71c-48b9-9e8b-e03541d31df9|10.1.0.48:15085] returns group-4A4556F013A1:java.util.concurrent.CompletableFuture@5ebbccc6[Not completed]
2024-01-30 07:45:25,936 [b0b6b7fd-b71c-48b9-9e8b-e03541d31df9-groupManagement] INFO  util.JmxRegister (JmxRegister.java:tryRegister(44)) - Successfully registered JMX Bean with object name Ratis:service=RaftServer,group=group-B54A4A0E8004,id=b0b6b7fd-b71c-48b9-9e8b-e03541d31df9
2024-01-30 07:45:25,936 [b0b6b7fd-b71c-48b9-9e8b-e03541d31df9@group-B54A4A0E8004-FollowerState] INFO  server.RaftServerConfigKeys (ConfUtils.java:logFallback(53)) - raft.server.rpc.first-election.timeout.min = 5s (fallback to raft.server.rpc.timeout.min)
2024-01-30 07:45:25,940 [b0b6b7fd-b71c-48b9-9e8b-e03541d31df9-groupManagement] INFO  server.RaftServerConfigKeys (ConfUtils.java:logGet(46)) - raft.server.snapshot.trigger-when-stop.enabled = true (default)
2024-01-30 07:45:25,940 [b0b6b7fd-b71c-48b9-9e8b-e03541d31df9@group-B54A4A0E8004-FollowerState] INFO  server.RaftServerConfigKeys (ConfUtils.java:logFallback(53)) - raft.server.rpc.first-election.timeout.max = 5200ms (fallback to raft.server.rpc.timeout.max)
2024-01-30 07:45:25,940 [b0b6b7fd-b71c-48b9-9e8b-e03541d31df9-groupManagement] INFO  server.RaftServerConfigKeys (ConfUtils.java:logGet(46)) - raft.server.snapshot.auto.trigger.enabled = true (custom)
2024-01-30 07:45:25,940 [b0b6b7fd-b71c-48b9-9e8b-e03541d31df9-groupManagement] INFO  server.RaftServerConfigKeys (ConfUtils.java:logGet(46)) - raft.server.snapshot.auto.trigger.threshold = 10000 (custom)
2024-01-30 07:45:25,940 [b0b6b7fd-b71c-48b9-9e8b-e03541d31df9-groupManagement] INFO  server.RaftServerConfigKeys (ConfUtils.java:logGet(46)) - raft.server.snapshot.retention.file.num = 5 (custom)
2024-01-30 07:45:25,940 [b0b6b7fd-b71c-48b9-9e8b-e03541d31df9-groupManagement] INFO  server.RaftServerConfigKeys (ConfUtils.java:logGet(46)) - raft.server.log.purge.upto.snapshot.index = false (default)
2024-01-30 07:45:25,943 [b0b6b7fd-b71c-48b9-9e8b-e03541d31df9-groupManagement] INFO  server.RaftServer$Division (RaftServerImpl.java:<init>(256)) - b0b6b7fd-b71c-48b9-9e8b-e03541d31df9: new RaftServerImpl for group-4A4556F013A1:[b0b6b7fd-b71c-48b9-9e8b-e03541d31df9|10.1.0.48:15085] with ContainerStateMachine:uninitialized
2024-01-30 07:45:25,943 [b0b6b7fd-b71c-48b9-9e8b-e03541d31df9-groupManagement] INFO  server.RaftServerConfigKeys (ConfUtils.java:logGet(46)) - raft.server.rpc.timeout.min = 5s (custom)
2024-01-30 07:45:25,943 [b0b6b7fd-b71c-48b9-9e8b-e03541d31df9-groupManagement] INFO  server.RaftServerConfigKeys (ConfUtils.java:logGet(46)) - raft.server.rpc.timeout.max = 5200ms (custom)
2024-01-30 07:45:25,943 [b0b6b7fd-b71c-48b9-9e8b-e03541d31df9-groupManagement] INFO  server.RaftServerConfigKeys (ConfUtils.java:logGet(46)) - raft.server.rpc.sleep.time = 25ms (default)
2024-01-30 07:45:25,943 [b0b6b7fd-b71c-48b9-9e8b-e03541d31df9-groupManagement] INFO  server.RaftServerConfigKeys (ConfUtils.java:logGet(46)) - raft.server.rpc.slowness.timeout = 300s (custom)
2024-01-30 07:45:25,943 [b0b6b7fd-b71c-48b9-9e8b-e03541d31df9-groupManagement] INFO  server.RaftServerConfigKeys (ConfUtils.java:logGet(46)) - raft.server.leaderelection.leader.step-down.wait-time = 10s (default)
2024-01-30 07:45:25,943 [b0b6b7fd-b71c-48b9-9e8b-e03541d31df9-groupManagement] INFO  server.RaftServerConfigKeys (ConfUtils.java:logGet(46)) - raft.server.leaderelection.member.majority-add = false (default)
2024-01-30 07:45:25,943 [b0b6b7fd-b71c-48b9-9e8b-e03541d31df9-groupManagement] INFO  server.RaftServerConfigKeys (ConfUtils.java:logGet(46)) - raft.server.sleep.deviation.threshold = 300ms (default)
2024-01-30 07:45:25,943 [b0b6b7fd-b71c-48b9-9e8b-e03541d31df9-groupManagement] INFO  server.RaftServer$Division (ServerState.java:<init>(113)) - b0b6b7fd-b71c-48b9-9e8b-e03541d31df9@group-4A4556F013A1: ConfigurationManager, init=-1: peers:[b0b6b7fd-b71c-48b9-9e8b-e03541d31df9|10.1.0.48:15085]|listeners:[], old=null, confs=<EMPTY_MAP>
2024-01-30 07:45:25,943 [b0b6b7fd-b71c-48b9-9e8b-e03541d31df9-groupManagement] INFO  server.RaftServerConfigKeys (ConfUtils.java:logGet(46)) - raft.server.notification.no-leader.timeout = 300s (custom)
2024-01-30 07:45:25,943 [b0b6b7fd-b71c-48b9-9e8b-e03541d31df9-groupManagement] INFO  server.RaftServerConfigKeys (ConfUtils.java:logGet(46)) - raft.server.read.timeout = 10s (default)
2024-01-30 07:45:25,944 [b0b6b7fd-b71c-48b9-9e8b-e03541d31df9-groupManagement] INFO  server.RaftServerConfigKeys (ConfUtils.java:logGet(46)) - raft.server.retrycache.expirytime = 600000ms (custom)
2024-01-30 07:45:25,944 [b0b6b7fd-b71c-48b9-9e8b-e03541d31df9-groupManagement] INFO  server.RaftServerConfigKeys (ConfUtils.java:logGet(46)) - raft.server.retrycache.statistics.expirytime = 100ms (default)
2024-01-30 07:45:25,944 [b0b6b7fd-b71c-48b9-9e8b-e03541d31df9-groupManagement] INFO  server.RaftServerConfigKeys (ConfUtils.java:logGet(46)) - raft.server.read.option = DEFAULT (default)
2024-01-30 07:45:25,944 [b0b6b7fd-b71c-48b9-9e8b-e03541d31df9-groupManagement] INFO  server.RaftServerConfigKeys (ConfUtils.java:logGet(46)) - raft.server.read.read-after-write-consistent.write-index-cache.expiry-time = 60s (default)
2024-01-30 07:45:25,945 [b0b6b7fd-b71c-48b9-9e8b-e03541d31df9-groupManagement] INFO  server.RaftServerConfigKeys (ConfUtils.java:logGet(46)) - raft.server.rpc.request.timeout = 60s (custom)
2024-01-30 07:45:25,945 [b0b6b7fd-b71c-48b9-9e8b-e03541d31df9-groupManagement] INFO  server.RaftServerConfigKeys (ConfUtils.java:logGet(46)) - raft.server.log.appender.install.snapshot.enabled = false (custom)
2024-01-30 07:45:25,945 [b0b6b7fd-b71c-48b9-9e8b-e03541d31df9-groupManagement] INFO  server.RaftServerConfigKeys (ConfUtils.java:logGet(46)) - raft.server.threadpool.server.cached = true (default)
2024-01-30 07:45:25,945 [b0b6b7fd-b71c-48b9-9e8b-e03541d31df9-groupManagement] INFO  server.RaftServerConfigKeys (ConfUtils.java:logGet(46)) - raft.server.threadpool.server.size = 0 (default)
2024-01-30 07:45:25,945 [b0b6b7fd-b71c-48b9-9e8b-e03541d31df9-groupManagement] INFO  server.RaftServerConfigKeys (ConfUtils.java:logGet(46)) - raft.server.threadpool.client.cached = true (default)
2024-01-30 07:45:25,945 [b0b6b7fd-b71c-48b9-9e8b-e03541d31df9-groupManagement] INFO  server.RaftServerConfigKeys (ConfUtils.java:logGet(46)) - raft.server.threadpool.client.size = 0 (default)
2024-01-30 07:45:25,945 [b0b6b7fd-b71c-48b9-9e8b-e03541d31df9-groupManagement] INFO  server.RaftServerConfigKeys (ConfUtils.java:logGet(46)) - raft.server.storage.free-space.min = 0MB (=0) (default)
2024-01-30 07:45:25,945 [b0b6b7fd-b71c-48b9-9e8b-e03541d31df9-groupManagement] INFO  server.RaftServerConfigKeys (ConfUtils.java:logGet(46)) - raft.server.log.corruption.policy = EXCEPTION (default)
2024-01-30 07:45:25,946 [b0b6b7fd-b71c-48b9-9e8b-e03541d31df9-groupManagement] INFO  server.RaftServerConfigKeys (ConfUtils.java:logGet(46)) - raft.server.storage.dir = [/home/runner/work/ozone/ozone/hadoop-ozone/integration-test/target/test-dir/MiniOzoneClusterImpl-3ad60551-d9fb-454a-addc-4d3fe7110c5e/datanode-1/data/ratis] (custom)
2024-01-30 07:45:25,946 [b0b6b7fd-b71c-48b9-9e8b-e03541d31df9-groupManagement] INFO  storage.RaftStorageDirectory (RaftStorageDirectoryImpl.java:analyzeStorage(138)) - The storage directory /home/runner/work/ozone/ozone/hadoop-ozone/integration-test/target/test-dir/MiniOzoneClusterImpl-3ad60551-d9fb-454a-addc-4d3fe7110c5e/datanode-1/data/ratis/2b0366bc-aacd-4951-b5a6-4a4556f013a1 does not exist. Creating ...
2024-01-30 07:45:25,947 [b0b6b7fd-b71c-48b9-9e8b-e03541d31df9-groupManagement] INFO  storage.RaftStorageDirectory (RaftStorageDirectoryImpl.java:tryLock(228)) - Lock on /home/runner/work/ozone/ozone/hadoop-ozone/integration-test/target/test-dir/MiniOzoneClusterImpl-3ad60551-d9fb-454a-addc-4d3fe7110c5e/datanode-1/data/ratis/2b0366bc-aacd-4951-b5a6-4a4556f013a1/in_use.lock acquired by nodename 92995@fv-az1436-717
2024-01-30 07:45:25,951 [d07b3c51-3354-45f5-8abc-ab9fc0487f36-PipelineCommandHandlerThread-0] INFO  commandhandler.CreatePipelineCommandHandler (CreatePipelineCommandHandler.java:lambda$handle$2(124)) - Created Pipeline RATIS THREE PipelineID=ae1c78c0-4138-490c-8fb7-b54a4a0e8004.
2024-01-30 07:45:25,951 [d07b3c51-3354-45f5-8abc-ab9fc0487f36-PipelineCommandHandlerThread-0] INFO  server.RaftServer (RaftServerProxy.java:addNew(100)) - d07b3c51-3354-45f5-8abc-ab9fc0487f36: addNew group-8413612DC804:[d07b3c51-3354-45f5-8abc-ab9fc0487f36|10.1.0.48:15076, ce491c53-a544-4921-9edd-2ea5f993f9d2|10.1.0.48:15094, b0b6b7fd-b71c-48b9-9e8b-e03541d31df9|10.1.0.48:15085] returns group-8413612DC804:java.util.concurrent.CompletableFuture@490b1765[Not completed]
2024-01-30 07:45:25,951 [d07b3c51-3354-45f5-8abc-ab9fc0487f36-groupManagement] INFO  server.RaftServer$Division (RaftServerImpl.java:<init>(256)) - d07b3c51-3354-45f5-8abc-ab9fc0487f36: new RaftServerImpl for group-8413612DC804:[d07b3c51-3354-45f5-8abc-ab9fc0487f36|10.1.0.48:15076, ce491c53-a544-4921-9edd-2ea5f993f9d2|10.1.0.48:15094, b0b6b7fd-b71c-48b9-9e8b-e03541d31df9|10.1.0.48:15085] with ContainerStateMachine:uninitialized
2024-01-30 07:45:25,952 [d07b3c51-3354-45f5-8abc-ab9fc0487f36-groupManagement] INFO  server.RaftServerConfigKeys (ConfUtils.java:logGet(46)) - raft.server.rpc.timeout.min = 5s (custom)
2024-01-30 07:45:25,952 [d07b3c51-3354-45f5-8abc-ab9fc0487f36-groupManagement] INFO  server.RaftServerConfigKeys (ConfUtils.java:logGet(46)) - raft.server.rpc.timeout.max = 5200ms (custom)
2024-01-30 07:45:25,952 [b0b6b7fd-b71c-48b9-9e8b-e03541d31df9-groupManagement] INFO  storage.RaftStorage (RaftStorageImpl.java:format(99)) - Storage directory /home/runner/work/ozone/ozone/hadoop-ozone/integration-test/target/test-dir/MiniOzoneClusterImpl-3ad60551-d9fb-454a-addc-4d3fe7110c5e/datanode-1/data/ratis/2b0366bc-aacd-4951-b5a6-4a4556f013a1 has been successfully formatted.
2024-01-30 07:45:25,952 [d07b3c51-3354-45f5-8abc-ab9fc0487f36-groupManagement] INFO  server.RaftServerConfigKeys (ConfUtils.java:logGet(46)) - raft.server.rpc.sleep.time = 25ms (default)
2024-01-30 07:45:25,952 [d07b3c51-3354-45f5-8abc-ab9fc0487f36-groupManagement] INFO  server.RaftServerConfigKeys (ConfUtils.java:logGet(46)) - raft.server.rpc.slowness.timeout = 300s (custom)
2024-01-30 07:45:25,952 [b0b6b7fd-b71c-48b9-9e8b-e03541d31df9-groupManagement] WARN  util.FileUtils (LogUtils.java:supplyAndLog(63)) - Failed to Files.newInputStream /home/runner/work/ozone/ozone/hadoop-ozone/integration-test/target/test-dir/MiniOzoneClusterImpl-3ad60551-d9fb-454a-addc-4d3fe7110c5e/datanode-1/data/ratis/2b0366bc-aacd-4951-b5a6-4a4556f013a1/current/raft-meta.conf with options []: java.nio.file.NoSuchFileException: /home/runner/work/ozone/ozone/hadoop-ozone/integration-test/target/test-dir/MiniOzoneClusterImpl-3ad60551-d9fb-454a-addc-4d3fe7110c5e/datanode-1/data/ratis/2b0366bc-aacd-4951-b5a6-4a4556f013a1/current/raft-meta.conf
2024-01-30 07:45:25,952 [d07b3c51-3354-45f5-8abc-ab9fc0487f36-groupManagement] INFO  server.RaftServerConfigKeys (ConfUtils.java:logGet(46)) - raft.server.leaderelection.leader.step-down.wait-time = 10s (default)
2024-01-30 07:45:25,952 [d07b3c51-3354-45f5-8abc-ab9fc0487f36-groupManagement] INFO  server.RaftServerConfigKeys (ConfUtils.java:logGet(46)) - raft.server.leaderelection.member.majority-add = false (default)
2024-01-30 07:45:25,952 [d07b3c51-3354-45f5-8abc-ab9fc0487f36-groupManagement] INFO  server.RaftServerConfigKeys (ConfUtils.java:logGet(46)) - raft.server.sleep.deviation.threshold = 300ms (default)
2024-01-30 07:45:25,952 [b0b6b7fd-b71c-48b9-9e8b-e03541d31df9-groupManagement] INFO  ratis.ContainerStateMachine (ContainerStateMachine.java:loadSnapshot(287)) - group-4A4556F013A1: The snapshot info is null. Setting the last applied index to:(t:0, i:~)
2024-01-30 07:45:25,952 [d07b3c51-3354-45f5-8abc-ab9fc0487f36-groupManagement] INFO  server.RaftServer$Division (ServerState.java:<init>(113)) - d07b3c51-3354-45f5-8abc-ab9fc0487f36@group-8413612DC804: ConfigurationManager, init=-1: peers:[d07b3c51-3354-45f5-8abc-ab9fc0487f36|10.1.0.48:15076, ce491c53-a544-4921-9edd-2ea5f993f9d2|10.1.0.48:15094, b0b6b7fd-b71c-48b9-9e8b-e03541d31df9|10.1.0.48:15085]|listeners:[], old=null, confs=<EMPTY_MAP>
2024-01-30 07:45:25,952 [b0b6b7fd-b71c-48b9-9e8b-e03541d31df9-groupManagement] INFO  server.RaftServerConfigKeys (ConfUtils.java:logGet(46)) - raft.server.log.use.memory = false (default)
2024-01-30 07:45:25,952 [d07b3c51-3354-45f5-8abc-ab9fc0487f36-groupManagement] INFO  server.RaftServerConfigKeys (ConfUtils.java:logGet(46)) - raft.server.notification.no-leader.timeout = 300s (custom)
2024-01-30 07:45:25,952 [b0b6b7fd-b71c-48b9-9e8b-e03541d31df9-groupManagement] INFO  server.RaftServerConfigKeys (ConfUtils.java:logGet(46)) - raft.server.log.purge.gap = 1000000 (custom)
2024-01-30 07:45:25,952 [d07b3c51-3354-45f5-8abc-ab9fc0487f36-groupManagement] INFO  server.RaftServerConfigKeys (ConfUtils.java:logGet(46)) - raft.server.read.timeout = 10s (default)
2024-01-30 07:45:25,952 [b0b6b7fd-b71c-48b9-9e8b-e03541d31df9-groupManagement] INFO  server.RaftServerConfigKeys (ConfUtils.java:logGet(46)) - raft.server.log.appender.buffer.byte-limit = 8388608 (custom)
2024-01-30 07:45:25,953 [d07b3c51-3354-45f5-8abc-ab9fc0487f36-groupManagement] INFO  server.RaftServerConfigKeys (ConfUtils.java:logGet(46)) - raft.server.retrycache.expirytime = 600000ms (custom)
2024-01-30 07:45:25,953 [d07b3c51-3354-45f5-8abc-ab9fc0487f36-groupManagement] INFO  server.RaftServerConfigKeys (ConfUtils.java:logGet(46)) - raft.server.retrycache.statistics.expirytime = 100ms (default)
2024-01-30 07:45:25,953 [b0b6b7fd-b71c-48b9-9e8b-e03541d31df9-groupManagement] INFO  server.RaftServerConfigKeys (ConfUtils.java:logGet(46)) - raft.server.log.statemachine.data.read.timeout = 1000ms (default)
2024-01-30 07:45:25,953 [d07b3c51-3354-45f5-8abc-ab9fc0487f36-groupManagement] INFO  server.RaftServerConfigKeys (ConfUtils.java:logGet(46)) - raft.server.read.option = DEFAULT (default)
2024-01-30 07:45:25,953 [b0b6b7fd-b71c-48b9-9e8b-e03541d31df9-groupManagement] INFO  server.RaftServerConfigKeys (ConfUtils.java:logGet(46)) - raft.server.log.purge.preservation.log.num = 0 (default)
2024-01-30 07:45:25,953 [d07b3c51-3354-45f5-8abc-ab9fc0487f36-groupManagement] INFO  server.RaftServerConfigKeys (ConfUtils.java:logGet(46)) - raft.server.read.read-after-write-consistent.write-index-cache.expiry-time = 60s (default)
2024-01-30 07:45:25,954 [EventQueue-PipelineReportForPipelineReportHandler] INFO  pipeline.PipelineReportHandler (PipelineReportHandler.java:processPipelineReport(136)) - Opened pipeline PipelineID=2b0366bc-aacd-4951-b5a6-4a4556f013a1
2024-01-30 07:45:25,954 [EventQueue-OpenPipelineForHealthyPipelineSafeModeRule] INFO  safemode.SCMSafeModeManager (HealthyPipelineSafeModeRule.java:process(140)) - SCM in safe mode. Healthy pipelines reported count is 0, required healthy pipeline reported count is 1
2024-01-30 07:45:25,955 [d07b3c51-3354-45f5-8abc-ab9fc0487f36-groupManagement] INFO  server.RaftServerConfigKeys (ConfUtils.java:logGet(46)) - raft.server.rpc.request.timeout = 60s (custom)
2024-01-30 07:45:25,955 [d07b3c51-3354-45f5-8abc-ab9fc0487f36-groupManagement] INFO  server.RaftServerConfigKeys (ConfUtils.java:logGet(46)) - raft.server.log.appender.install.snapshot.enabled = false (custom)
2024-01-30 07:45:25,955 [d07b3c51-3354-45f5-8abc-ab9fc0487f36-groupManagement] INFO  server.RaftServerConfigKeys (ConfUtils.java:logGet(46)) - raft.server.threadpool.server.cached = true (default)
2024-01-30 07:45:25,955 [d07b3c51-3354-45f5-8abc-ab9fc0487f36-groupManagement] INFO  server.RaftServerConfigKeys (ConfUtils.java:logGet(46)) - raft.server.threadpool.server.size = 0 (default)
2024-01-30 07:45:25,955 [d07b3c51-3354-45f5-8abc-ab9fc0487f36-groupManagement] INFO  server.RaftServerConfigKeys (ConfUtils.java:logGet(46)) - raft.server.threadpool.client.cached = true (default)
2024-01-30 07:45:25,955 [d07b3c51-3354-45f5-8abc-ab9fc0487f36-groupManagement] INFO  server.RaftServerConfigKeys (ConfUtils.java:logGet(46)) - raft.server.threadpool.client.size = 0 (default)
2024-01-30 07:45:25,956 [d07b3c51-3354-45f5-8abc-ab9fc0487f36-groupManagement] INFO  server.RaftServerConfigKeys (ConfUtils.java:logGet(46)) - raft.server.storage.free-space.min = 0MB (=0) (default)
2024-01-30 07:45:25,956 [d07b3c51-3354-45f5-8abc-ab9fc0487f36-groupManagement] INFO  server.RaftServerConfigKeys (ConfUtils.java:logGet(46)) - raft.server.log.corruption.policy = EXCEPTION (default)
2024-01-30 07:45:25,956 [d07b3c51-3354-45f5-8abc-ab9fc0487f36-groupManagement] INFO  server.RaftServerConfigKeys (ConfUtils.java:logGet(46)) - raft.server.storage.dir = [/home/runner/work/ozone/ozone/hadoop-ozone/integration-test/target/test-dir/MiniOzoneClusterImpl-3ad60551-d9fb-454a-addc-4d3fe7110c5e/datanode-0/data/ratis] (custom)
2024-01-30 07:45:25,956 [d07b3c51-3354-45f5-8abc-ab9fc0487f36-groupManagement] INFO  storage.RaftStorageDirectory (RaftStorageDirectoryImpl.java:analyzeStorage(138)) - The storage directory /home/runner/work/ozone/ozone/hadoop-ozone/integration-test/target/test-dir/MiniOzoneClusterImpl-3ad60551-d9fb-454a-addc-4d3fe7110c5e/datanode-0/data/ratis/b883a5cd-8b38-43ed-a331-8413612dc804 does not exist. Creating ...
2024-01-30 07:45:25,956 [b0b6b7fd-b71c-48b9-9e8b-e03541d31df9-groupManagement] INFO  server.RaftServerConfigKeys (ConfUtils.java:logGet(46)) - raft.server.log.segment.size.max = 67108864 (custom)
2024-01-30 07:45:25,957 [b0b6b7fd-b71c-48b9-9e8b-e03541d31df9-groupManagement] INFO  server.RaftServerConfigKeys (ConfUtils.java:logGet(46)) - raft.server.log.segment.cache.num.max = 2 (custom)
2024-01-30 07:45:25,957 [b0b6b7fd-b71c-48b9-9e8b-e03541d31df9-groupManagement] INFO  server.RaftServerConfigKeys (ConfUtils.java:logGet(46)) - raft.server.log.segment.cache.size.max = 200MB (=209715200) (default)
2024-01-30 07:45:25,957 [d07b3c51-3354-45f5-8abc-ab9fc0487f36-groupManagement] INFO  storage.RaftStorageDirectory (RaftStorageDirectoryImpl.java:tryLock(228)) - Lock on /home/runner/work/ozone/ozone/hadoop-ozone/integration-test/target/test-dir/MiniOzoneClusterImpl-3ad60551-d9fb-454a-addc-4d3fe7110c5e/datanode-0/data/ratis/b883a5cd-8b38-43ed-a331-8413612dc804/in_use.lock acquired by nodename 92995@fv-az1436-717
2024-01-30 07:45:25,957 [b0b6b7fd-b71c-48b9-9e8b-e03541d31df9-groupManagement] INFO  server.RaftServerConfigKeys (ConfUtils.java:logGet(46)) - raft.server.log.appender.buffer.byte-limit = 8388608 (custom)
2024-01-30 07:45:25,958 [b0b6b7fd-b71c-48b9-9e8b-e03541d31df9-groupManagement] INFO  util.AwaitToRun (AwaitToRun.java:start(81)) - Thread[b0b6b7fd-b71c-48b9-9e8b-e03541d31df9@group-4A4556F013A1-cacheEviction-AwaitToRun,5,main] started
2024-01-30 07:45:25,958 [b0b6b7fd-b71c-48b9-9e8b-e03541d31df9-groupManagement] INFO  segmented.SegmentedRaftLogWorker (SegmentedRaftLogWorker.java:<init>(182)) - new b0b6b7fd-b71c-48b9-9e8b-e03541d31df9@group-4A4556F013A1-SegmentedRaftLogWorker for RaftStorageImpl:Storage Directory /home/runner/work/ozone/ozone/hadoop-ozone/integration-test/target/test-dir/MiniOzoneClusterImpl-3ad60551-d9fb-454a-addc-4d3fe7110c5e/datanode-1/data/ratis/2b0366bc-aacd-4951-b5a6-4a4556f013a1
2024-01-30 07:45:25,958 [d07b3c51-3354-45f5-8abc-ab9fc0487f36-groupManagement] INFO  storage.RaftStorage (RaftStorageImpl.java:format(99)) - Storage directory /home/runner/work/ozone/ozone/hadoop-ozone/integration-test/target/test-dir/MiniOzoneClusterImpl-3ad60551-d9fb-454a-addc-4d3fe7110c5e/datanode-0/data/ratis/b883a5cd-8b38-43ed-a331-8413612dc804 has been successfully formatted.
2024-01-30 07:45:25,958 [d07b3c51-3354-45f5-8abc-ab9fc0487f36-groupManagement] WARN  util.FileUtils (LogUtils.java:supplyAndLog(63)) - Failed to Files.newInputStream /home/runner/work/ozone/ozone/hadoop-ozone/integration-test/target/test-dir/MiniOzoneClusterImpl-3ad60551-d9fb-454a-addc-4d3fe7110c5e/datanode-0/data/ratis/b883a5cd-8b38-43ed-a331-8413612dc804/current/raft-meta.conf with options []: java.nio.file.NoSuchFileException: /home/runner/work/ozone/ozone/hadoop-ozone/integration-test/target/test-dir/MiniOzoneClusterImpl-3ad60551-d9fb-454a-addc-4d3fe7110c5e/datanode-0/data/ratis/b883a5cd-8b38-43ed-a331-8413612dc804/current/raft-meta.conf
2024-01-30 07:45:25,958 [d07b3c51-3354-45f5-8abc-ab9fc0487f36-groupManagement] INFO  ratis.ContainerStateMachine (ContainerStateMachine.java:loadSnapshot(287)) - group-8413612DC804: The snapshot info is null. Setting the last applied index to:(t:0, i:~)
2024-01-30 07:45:25,959 [d07b3c51-3354-45f5-8abc-ab9fc0487f36-groupManagement] INFO  server.RaftServerConfigKeys (ConfUtils.java:logGet(46)) - raft.server.log.use.memory = false (default)
2024-01-30 07:45:25,959 [d07b3c51-3354-45f5-8abc-ab9fc0487f36-groupManagement] INFO  server.RaftServerConfigKeys (ConfUtils.java:logGet(46)) - raft.server.log.purge.gap = 1000000 (custom)
2024-01-30 07:45:25,959 [d07b3c51-3354-45f5-8abc-ab9fc0487f36-groupManagement] INFO  server.RaftServerConfigKeys (ConfUtils.java:logGet(46)) - raft.server.log.appender.buffer.byte-limit = 8388608 (custom)
2024-01-30 07:45:25,959 [d07b3c51-3354-45f5-8abc-ab9fc0487f36-groupManagement] INFO  server.RaftServerConfigKeys (ConfUtils.java:logGet(46)) - raft.server.log.statemachine.data.read.timeout = 1000ms (default)
2024-01-30 07:45:25,959 [d07b3c51-3354-45f5-8abc-ab9fc0487f36-groupManagement] INFO  server.RaftServerConfigKeys (ConfUtils.java:logGet(46)) - raft.server.log.purge.preservation.log.num = 0 (default)
2024-01-30 07:45:25,960 [EventQueue-OpenPipelineForHealthyPipelineSafeModeRule] INFO  safemode.SCMSafeModeManager (HealthyPipelineSafeModeRule.java:process(140)) - SCM in safe mode. Healthy pipelines reported count is 0, required healthy pipeline reported count is 1
2024-01-30 07:45:25,960 [d07b3c51-3354-45f5-8abc-ab9fc0487f36-groupManagement] INFO  server.RaftServerConfigKeys (ConfUtils.java:logGet(46)) - raft.server.log.segment.size.max = 67108864 (custom)
2024-01-30 07:45:25,960 [d07b3c51-3354-45f5-8abc-ab9fc0487f36-groupManagement] INFO  server.RaftServerConfigKeys (ConfUtils.java:logGet(46)) - raft.server.log.segment.cache.num.max = 2 (custom)
2024-01-30 07:45:25,960 [d07b3c51-3354-45f5-8abc-ab9fc0487f36-groupManagement] INFO  server.RaftServerConfigKeys (ConfUtils.java:logGet(46)) - raft.server.log.segment.cache.size.max = 200MB (=209715200) (default)
2024-01-30 07:45:25,960 [d07b3c51-3354-45f5-8abc-ab9fc0487f36-groupManagement] INFO  server.RaftServerConfigKeys (ConfUtils.java:logGet(46)) - raft.server.log.appender.buffer.byte-limit = 8388608 (custom)
2024-01-30 07:45:25,960 [b0b6b7fd-b71c-48b9-9e8b-e03541d31df9-groupManagement] INFO  server.RaftServerConfigKeys (ConfUtils.java:logGet(46)) - raft.server.log.queue.byte-limit = 4294967296 (custom)
2024-01-30 07:45:25,960 [b0b6b7fd-b71c-48b9-9e8b-e03541d31df9-groupManagement] INFO  server.RaftServerConfigKeys (ConfUtils.java:logGet(46)) - raft.server.log.queue.element-limit = 1024 (custom)
2024-01-30 07:45:25,960 [b0b6b7fd-b71c-48b9-9e8b-e03541d31df9-groupManagement] INFO  server.RaftServerConfigKeys (ConfUtils.java:logGet(46)) - raft.server.log.segment.size.max = 67108864 (custom)
2024-01-30 07:45:25,961 [b0b6b7fd-b71c-48b9-9e8b-e03541d31df9-groupManagement] INFO  server.RaftServerConfigKeys (ConfUtils.java:logGet(46)) - raft.server.log.preallocated.size = 4194304 (custom)
2024-01-30 07:45:25,961 [b0b6b7fd-b71c-48b9-9e8b-e03541d31df9-groupManagement] INFO  server.RaftServerConfigKeys (ConfUtils.java:logGet(46)) - raft.server.log.force.sync.num = 128 (default)
2024-01-30 07:45:25,961 [b0b6b7fd-b71c-48b9-9e8b-e03541d31df9-groupManagement] INFO  server.RaftServerConfigKeys (ConfUtils.java:logGet(46)) - raft.server.log.statemachine.data.sync = true (default)
2024-01-30 07:45:25,961 [b0b6b7fd-b71c-48b9-9e8b-e03541d31df9-groupManagement] INFO  server.RaftServerConfigKeys (ConfUtils.java:logGet(46)) - raft.server.log.statemachine.data.sync.timeout = 10s (default)
2024-01-30 07:45:25,961 [b0b6b7fd-b71c-48b9-9e8b-e03541d31df9-groupManagement] INFO  server.RaftServerConfigKeys (ConfUtils.java:logGet(46)) - raft.server.log.statemachine.data.sync.timeout.retry = 0 (custom)
2024-01-30 07:45:25,961 [b0b6b7fd-b71c-48b9-9e8b-e03541d31df9-groupManagement] INFO  server.RaftServerConfigKeys (ConfUtils.java:logGet(46)) - raft.server.log.write.buffer.size = 8388616 (custom)
2024-01-30 07:45:25,961 [d07b3c51-3354-45f5-8abc-ab9fc0487f36-groupManagement] INFO  util.AwaitToRun (AwaitToRun.java:start(81)) - Thread[d07b3c51-3354-45f5-8abc-ab9fc0487f36@group-8413612DC804-cacheEviction-AwaitToRun,5,main] started
2024-01-30 07:45:25,962 [d07b3c51-3354-45f5-8abc-ab9fc0487f36-groupManagement] INFO  segmented.SegmentedRaftLogWorker (SegmentedRaftLogWorker.java:<init>(182)) - new d07b3c51-3354-45f5-8abc-ab9fc0487f36@group-8413612DC804-SegmentedRaftLogWorker for RaftStorageImpl:Storage Directory /home/runner/work/ozone/ozone/hadoop-ozone/integration-test/target/test-dir/MiniOzoneClusterImpl-3ad60551-d9fb-454a-addc-4d3fe7110c5e/datanode-0/data/ratis/b883a5cd-8b38-43ed-a331-8413612dc804
2024-01-30 07:45:25,962 [d07b3c51-3354-45f5-8abc-ab9fc0487f36-groupManagement] INFO  server.RaftServerConfigKeys (ConfUtils.java:logGet(46)) - raft.server.log.queue.byte-limit = 4294967296 (custom)
2024-01-30 07:45:25,962 [d07b3c51-3354-45f5-8abc-ab9fc0487f36-groupManagement] INFO  server.RaftServerConfigKeys (ConfUtils.java:logGet(46)) - raft.server.log.queue.element-limit = 1024 (custom)
2024-01-30 07:45:25,962 [d07b3c51-3354-45f5-8abc-ab9fc0487f36-groupManagement] INFO  server.RaftServerConfigKeys (ConfUtils.java:logGet(46)) - raft.server.log.segment.size.max = 67108864 (custom)
2024-01-30 07:45:25,962 [d07b3c51-3354-45f5-8abc-ab9fc0487f36-groupManagement] INFO  server.RaftServerConfigKeys (ConfUtils.java:logGet(46)) - raft.server.log.preallocated.size = 4194304 (custom)
2024-01-30 07:45:25,962 [d07b3c51-3354-45f5-8abc-ab9fc0487f36-groupManagement] INFO  server.RaftServerConfigKeys (ConfUtils.java:logGet(46)) - raft.server.log.force.sync.num = 128 (default)
2024-01-30 07:45:25,962 [d07b3c51-3354-45f5-8abc-ab9fc0487f36-groupManagement] INFO  server.RaftServerConfigKeys (ConfUtils.java:logGet(46)) - raft.server.log.statemachine.data.sync = true (default)
2024-01-30 07:45:25,962 [d07b3c51-3354-45f5-8abc-ab9fc0487f36-groupManagement] INFO  server.RaftServerConfigKeys (ConfUtils.java:logGet(46)) - raft.server.log.statemachine.data.sync.timeout = 10s (default)
2024-01-30 07:45:25,962 [d07b3c51-3354-45f5-8abc-ab9fc0487f36-groupManagement] INFO  server.RaftServerConfigKeys (ConfUtils.java:logGet(46)) - raft.server.log.statemachine.data.sync.timeout.retry = 0 (custom)
2024-01-30 07:45:25,963 [d07b3c51-3354-45f5-8abc-ab9fc0487f36-groupManagement] INFO  server.RaftServerConfigKeys (ConfUtils.java:logGet(46)) - raft.server.log.write.buffer.size = 8388616 (custom)
2024-01-30 07:45:25,965 [d07b3c51-3354-45f5-8abc-ab9fc0487f36-groupManagement] INFO  server.RaftServerConfigKeys (ConfUtils.java:logGet(46)) - raft.server.log.appender.buffer.byte-limit = 8388608 (custom)
2024-01-30 07:45:25,965 [d07b3c51-3354-45f5-8abc-ab9fc0487f36-groupManagement] INFO  server.RaftServerConfigKeys (ConfUtils.java:logGet(46)) - raft.server.log.unsafe-flush.enabled = false (default)
2024-01-30 07:45:25,965 [d07b3c51-3354-45f5-8abc-ab9fc0487f36-groupManagement] INFO  server.RaftServerConfigKeys (ConfUtils.java:logGet(46)) - raft.server.log.async-flush.enabled = false (default)
2024-01-30 07:45:25,965 [d07b3c51-3354-45f5-8abc-ab9fc0487f36-groupManagement] INFO  server.RaftServerConfigKeys (ConfUtils.java:logGet(46)) - raft.server.log.statemachine.data.caching.enabled = true (custom)
2024-01-30 07:45:25,965 [d07b3c51-3354-45f5-8abc-ab9fc0487f36-groupManagement] INFO  segmented.SegmentedRaftLogWorker (SegmentedRaftLogWorker.java:lambda$new$0(134)) - d07b3c51-3354-45f5-8abc-ab9fc0487f36@group-8413612DC804-SegmentedRaftLogWorker: flushIndex: setUnconditionally 0 -> -1
2024-01-30 07:45:25,965 [d07b3c51-3354-45f5-8abc-ab9fc0487f36-groupManagement] INFO  segmented.SegmentedRaftLogWorker (SegmentedRaftLogWorker.java:lambda$new$0(134)) - d07b3c51-3354-45f5-8abc-ab9fc0487f36@group-8413612DC804-SegmentedRaftLogWorker: safeCacheEvictIndex: setUnconditionally 0 -> -1
2024-01-30 07:45:25,965 [b0b6b7fd-b71c-48b9-9e8b-e03541d31df9-groupManagement] INFO  server.RaftServerConfigKeys (ConfUtils.java:logGet(46)) - raft.server.log.appender.buffer.byte-limit = 8388608 (custom)
2024-01-30 07:45:25,966 [d07b3c51-3354-45f5-8abc-ab9fc0487f36-groupManagement] INFO  server.RaftServer$Division (RaftServerImpl.java:start(396)) - d07b3c51-3354-45f5-8abc-ab9fc0487f36@group-8413612DC804: start as a follower, conf=-1: peers:[d07b3c51-3354-45f5-8abc-ab9fc0487f36|10.1.0.48:15076, ce491c53-a544-4921-9edd-2ea5f993f9d2|10.1.0.48:15094, b0b6b7fd-b71c-48b9-9e8b-e03541d31df9|10.1.0.48:15085]|listeners:[], old=null
2024-01-30 07:45:25,966 [b0b6b7fd-b71c-48b9-9e8b-e03541d31df9-groupManagement] INFO  server.RaftServerConfigKeys (ConfUtils.java:logGet(46)) - raft.server.log.unsafe-flush.enabled = false (default)
2024-01-30 07:45:25,966 [b0b6b7fd-b71c-48b9-9e8b-e03541d31df9-groupManagement] INFO  server.RaftServerConfigKeys (ConfUtils.java:logGet(46)) - raft.server.log.async-flush.enabled = false (default)
2024-01-30 07:45:25,966 [b0b6b7fd-b71c-48b9-9e8b-e03541d31df9-groupManagement] INFO  server.RaftServerConfigKeys (ConfUtils.java:logGet(46)) - raft.server.log.statemachine.data.caching.enabled = true (custom)
2024-01-30 07:45:25,966 [d07b3c51-3354-45f5-8abc-ab9fc0487f36-groupManagement] INFO  server.RaftServer$Division (RaftServerImpl.java:setRole(383)) - d07b3c51-3354-45f5-8abc-ab9fc0487f36@group-8413612DC804: changes role from      null to FOLLOWER at term 0 for startAsFollower
2024-01-30 07:45:25,966 [b0b6b7fd-b71c-48b9-9e8b-e03541d31df9-groupManagement] INFO  segmented.SegmentedRaftLogWorker (SegmentedRaftLogWorker.java:lambda$new$0(134)) - b0b6b7fd-b71c-48b9-9e8b-e03541d31df9@group-4A4556F013A1-SegmentedRaftLogWorker: flushIndex: setUnconditionally 0 -> -1
2024-01-30 07:45:25,966 [b0b6b7fd-b71c-48b9-9e8b-e03541d31df9-groupManagement] INFO  segmented.SegmentedRaftLogWorker (SegmentedRaftLogWorker.java:lambda$new$0(134)) - b0b6b7fd-b71c-48b9-9e8b-e03541d31df9@group-4A4556F013A1-SegmentedRaftLogWorker: safeCacheEvictIndex: setUnconditionally 0 -> -1
2024-01-30 07:45:25,966 [d07b3c51-3354-45f5-8abc-ab9fc0487f36-groupManagement] INFO  impl.RoleInfo (RoleInfo.java:updateAndGet(139)) - d07b3c51-3354-45f5-8abc-ab9fc0487f36: start d07b3c51-3354-45f5-8abc-ab9fc0487f36@group-8413612DC804-FollowerState
2024-01-30 07:45:25,966 [b0b6b7fd-b71c-48b9-9e8b-e03541d31df9-groupManagement] INFO  server.RaftServer$Division (RaftServerImpl.java:start(396)) - b0b6b7fd-b71c-48b9-9e8b-e03541d31df9@group-4A4556F013A1: start as a follower, conf=-1: peers:[b0b6b7fd-b71c-48b9-9e8b-e03541d31df9|10.1.0.48:15085]|listeners:[], old=null
2024-01-30 07:45:25,966 [b0b6b7fd-b71c-48b9-9e8b-e03541d31df9-groupManagement] INFO  server.RaftServer$Division (RaftServerImpl.java:setRole(383)) - b0b6b7fd-b71c-48b9-9e8b-e03541d31df9@group-4A4556F013A1: changes role from      null to FOLLOWER at term 0 for startAsFollower
2024-01-30 07:45:25,968 [b0b6b7fd-b71c-48b9-9e8b-e03541d31df9-groupManagement] INFO  impl.RoleInfo (RoleInfo.java:updateAndGet(139)) - b0b6b7fd-b71c-48b9-9e8b-e03541d31df9: start b0b6b7fd-b71c-48b9-9e8b-e03541d31df9@group-4A4556F013A1-FollowerState
2024-01-30 07:45:25,968 [d07b3c51-3354-45f5-8abc-ab9fc0487f36-groupManagement] INFO  util.JmxRegister (JmxRegister.java:tryRegister(44)) - Successfully registered JMX Bean with object name Ratis:service=RaftServer,group=group-8413612DC804,id=d07b3c51-3354-45f5-8abc-ab9fc0487f36
2024-01-30 07:45:25,968 [d07b3c51-3354-45f5-8abc-ab9fc0487f36-groupManagement] INFO  server.RaftServerConfigKeys (ConfUtils.java:logGet(46)) - raft.server.snapshot.trigger-when-stop.enabled = true (default)
2024-01-30 07:45:25,968 [d07b3c51-3354-45f5-8abc-ab9fc0487f36-groupManagement] INFO  server.RaftServerConfigKeys (ConfUtils.java:logGet(46)) - raft.server.snapshot.auto.trigger.enabled = true (custom)
2024-01-30 07:45:25,968 [d07b3c51-3354-45f5-8abc-ab9fc0487f36-groupManagement] INFO  server.RaftServerConfigKeys (ConfUtils.java:logGet(46)) - raft.server.snapshot.auto.trigger.threshold = 10000 (custom)
2024-01-30 07:45:25,968 [d07b3c51-3354-45f5-8abc-ab9fc0487f36-groupManagement] INFO  server.RaftServerConfigKeys (ConfUtils.java:logGet(46)) - raft.server.snapshot.retention.file.num = 5 (custom)
2024-01-30 07:45:25,968 [d07b3c51-3354-45f5-8abc-ab9fc0487f36-groupManagement] INFO  server.RaftServerConfigKeys (ConfUtils.java:logGet(46)) - raft.server.log.purge.upto.snapshot.index = false (default)
2024-01-30 07:45:25,968 [d07b3c51-3354-45f5-8abc-ab9fc0487f36@group-8413612DC804-FollowerState] INFO  server.RaftServerConfigKeys (ConfUtils.java:logFallback(53)) - raft.server.rpc.first-election.timeout.min = 5s (fallback to raft.server.rpc.timeout.min)
2024-01-30 07:45:25,968 [b0b6b7fd-b71c-48b9-9e8b-e03541d31df9@group-4A4556F013A1-FollowerState] INFO  server.RaftServerConfigKeys (ConfUtils.java:logFallback(53)) - raft.server.rpc.first-election.timeout.min = 5s (fallback to raft.server.rpc.timeout.min)
2024-01-30 07:45:25,969 [b0b6b7fd-b71c-48b9-9e8b-e03541d31df9@group-4A4556F013A1-FollowerState] INFO  server.RaftServerConfigKeys (ConfUtils.java:logFallback(53)) - raft.server.rpc.first-election.timeout.max = 5200ms (fallback to raft.server.rpc.timeout.max)
2024-01-30 07:45:25,968 [b0b6b7fd-b71c-48b9-9e8b-e03541d31df9-groupManagement] INFO  util.JmxRegister (JmxRegister.java:tryRegister(44)) - Successfully registered JMX Bean with object name Ratis:service=RaftServer,group=group-4A4556F013A1,id=b0b6b7fd-b71c-48b9-9e8b-e03541d31df9
2024-01-30 07:45:25,969 [d07b3c51-3354-45f5-8abc-ab9fc0487f36-PipelineCommandHandlerThread-0] INFO  ratis.XceiverServerRatis (XceiverServerRatis.java:addGroup(864)) - Created group PipelineID=b883a5cd-8b38-43ed-a331-8413612dc804
2024-01-30 07:45:25,969 [b0b6b7fd-b71c-48b9-9e8b-e03541d31df9-groupManagement] INFO  server.RaftServerConfigKeys (ConfUtils.java:logGet(46)) - raft.server.snapshot.trigger-when-stop.enabled = true (default)
2024-01-30 07:45:25,968 [d07b3c51-3354-45f5-8abc-ab9fc0487f36@group-8413612DC804-FollowerState] INFO  server.RaftServerConfigKeys (ConfUtils.java:logFallback(53)) - raft.server.rpc.first-election.timeout.max = 5200ms (fallback to raft.server.rpc.timeout.max)
2024-01-30 07:45:25,969 [b0b6b7fd-b71c-48b9-9e8b-e03541d31df9-groupManagement] INFO  server.RaftServerConfigKeys (ConfUtils.java:logGet(46)) - raft.server.snapshot.auto.trigger.enabled = true (custom)
2024-01-30 07:45:25,969 [b0b6b7fd-b71c-48b9-9e8b-e03541d31df9-groupManagement] INFO  server.RaftServerConfigKeys (ConfUtils.java:logGet(46)) - raft.server.snapshot.auto.trigger.threshold = 10000 (custom)
2024-01-30 07:45:25,969 [b0b6b7fd-b71c-48b9-9e8b-e03541d31df9-groupManagement] INFO  server.RaftServerConfigKeys (ConfUtils.java:logGet(46)) - raft.server.snapshot.retention.file.num = 5 (custom)
2024-01-30 07:45:25,969 [b0b6b7fd-b71c-48b9-9e8b-e03541d31df9-groupManagement] INFO  server.RaftServerConfigKeys (ConfUtils.java:logGet(46)) - raft.server.log.purge.upto.snapshot.index = false (default)
2024-01-30 07:45:25,969 [b0b6b7fd-b71c-48b9-9e8b-e03541d31df9-PipelineCommandHandlerThread-0] INFO  ratis.XceiverServerRatis (XceiverServerRatis.java:addGroup(864)) - Created group PipelineID=2b0366bc-aacd-4951-b5a6-4a4556f013a1
2024-01-30 07:45:25,969 [b0b6b7fd-b71c-48b9-9e8b-e03541d31df9-PipelineCommandHandlerThread-0] INFO  commandhandler.CreatePipelineCommandHandler (CreatePipelineCommandHandler.java:lambda$handle$2(124)) - Created Pipeline RATIS ONE PipelineID=2b0366bc-aacd-4951-b5a6-4a4556f013a1.
2024-01-30 07:45:25,970 [b0b6b7fd-b71c-48b9-9e8b-e03541d31df9-PipelineCommandHandlerThread-0] INFO  server.RaftServer (RaftServerProxy.java:addNew(100)) - b0b6b7fd-b71c-48b9-9e8b-e03541d31df9: addNew group-8413612DC804:[d07b3c51-3354-45f5-8abc-ab9fc0487f36|10.1.0.48:15076, ce491c53-a544-4921-9edd-2ea5f993f9d2|10.1.0.48:15094, b0b6b7fd-b71c-48b9-9e8b-e03541d31df9|10.1.0.48:15085] returns group-8413612DC804:java.util.concurrent.CompletableFuture@507c2961[Not completed]
2024-01-30 07:45:25,971 [b0b6b7fd-b71c-48b9-9e8b-e03541d31df9-groupManagement] INFO  server.RaftServer$Division (RaftServerImpl.java:<init>(256)) - b0b6b7fd-b71c-48b9-9e8b-e03541d31df9: new RaftServerImpl for group-8413612DC804:[d07b3c51-3354-45f5-8abc-ab9fc0487f36|10.1.0.48:15076, ce491c53-a544-4921-9edd-2ea5f993f9d2|10.1.0.48:15094, b0b6b7fd-b71c-48b9-9e8b-e03541d31df9|10.1.0.48:15085] with ContainerStateMachine:uninitialized
2024-01-30 07:45:25,971 [b0b6b7fd-b71c-48b9-9e8b-e03541d31df9-groupManagement] INFO  server.RaftServerConfigKeys (ConfUtils.java:logGet(46)) - raft.server.rpc.timeout.min = 5s (custom)
2024-01-30 07:45:25,971 [b0b6b7fd-b71c-48b9-9e8b-e03541d31df9-groupManagement] INFO  server.RaftServerConfigKeys (ConfUtils.java:logGet(46)) - raft.server.rpc.timeout.max = 5200ms (custom)
2024-01-30 07:45:25,971 [b0b6b7fd-b71c-48b9-9e8b-e03541d31df9-groupManagement] INFO  server.RaftServerConfigKeys (ConfUtils.java:logGet(46)) - raft.server.rpc.sleep.time = 25ms (default)
2024-01-30 07:45:25,971 [b0b6b7fd-b71c-48b9-9e8b-e03541d31df9-groupManagement] INFO  server.RaftServerConfigKeys (ConfUtils.java:logGet(46)) - raft.server.rpc.slowness.timeout = 300s (custom)
2024-01-30 07:45:25,971 [b0b6b7fd-b71c-48b9-9e8b-e03541d31df9-groupManagement] INFO  server.RaftServerConfigKeys (ConfUtils.java:logGet(46)) - raft.server.leaderelection.leader.step-down.wait-time = 10s (default)
2024-01-30 07:45:25,971 [b0b6b7fd-b71c-48b9-9e8b-e03541d31df9-groupManagement] INFO  server.RaftServerConfigKeys (ConfUtils.java:logGet(46)) - raft.server.leaderelection.member.majority-add = false (default)
2024-01-30 07:45:25,971 [b0b6b7fd-b71c-48b9-9e8b-e03541d31df9-groupManagement] INFO  server.RaftServerConfigKeys (ConfUtils.java:logGet(46)) - raft.server.sleep.deviation.threshold = 300ms (default)
2024-01-30 07:45:25,971 [b0b6b7fd-b71c-48b9-9e8b-e03541d31df9-groupManagement] INFO  server.RaftServer$Division (ServerState.java:<init>(113)) - b0b6b7fd-b71c-48b9-9e8b-e03541d31df9@group-8413612DC804: ConfigurationManager, init=-1: peers:[d07b3c51-3354-45f5-8abc-ab9fc0487f36|10.1.0.48:15076, ce491c53-a544-4921-9edd-2ea5f993f9d2|10.1.0.48:15094, b0b6b7fd-b71c-48b9-9e8b-e03541d31df9|10.1.0.48:15085]|listeners:[], old=null, confs=<EMPTY_MAP>
2024-01-30 07:45:25,971 [b0b6b7fd-b71c-48b9-9e8b-e03541d31df9-groupManagement] INFO  server.RaftServerConfigKeys (ConfUtils.java:logGet(46)) - raft.server.notification.no-leader.timeout = 300s (custom)
2024-01-30 07:45:25,971 [b0b6b7fd-b71c-48b9-9e8b-e03541d31df9-groupManagement] INFO  server.RaftServerConfigKeys (ConfUtils.java:logGet(46)) - raft.server.read.timeout = 10s (default)
2024-01-30 07:45:25,972 [b0b6b7fd-b71c-48b9-9e8b-e03541d31df9-groupManagement] INFO  server.RaftServerConfigKeys (ConfUtils.java:logGet(46)) - raft.server.retrycache.expirytime = 600000ms (custom)
2024-01-30 07:45:25,972 [b0b6b7fd-b71c-48b9-9e8b-e03541d31df9-groupManagement] INFO  server.RaftServerConfigKeys (ConfUtils.java:logGet(46)) - raft.server.retrycache.statistics.expirytime = 100ms (default)
2024-01-30 07:45:25,972 [b0b6b7fd-b71c-48b9-9e8b-e03541d31df9-groupManagement] INFO  server.RaftServerConfigKeys (ConfUtils.java:logGet(46)) - raft.server.read.option = DEFAULT (default)
2024-01-30 07:45:25,972 [b0b6b7fd-b71c-48b9-9e8b-e03541d31df9-groupManagement] INFO  server.RaftServerConfigKeys (ConfUtils.java:logGet(46)) - raft.server.read.read-after-write-consistent.write-index-cache.expiry-time = 60s (default)
2024-01-30 07:45:25,974 [b0b6b7fd-b71c-48b9-9e8b-e03541d31df9-groupManagement] INFO  server.RaftServerConfigKeys (ConfUtils.java:logGet(46)) - raft.server.rpc.request.timeout = 60s (custom)
2024-01-30 07:45:25,974 [b0b6b7fd-b71c-48b9-9e8b-e03541d31df9-groupManagement] INFO  server.RaftServerConfigKeys (ConfUtils.java:logGet(46)) - raft.server.log.appender.install.snapshot.enabled = false (custom)
2024-01-30 07:45:25,974 [b0b6b7fd-b71c-48b9-9e8b-e03541d31df9-groupManagement] INFO  server.RaftServerConfigKeys (ConfUtils.java:logGet(46)) - raft.server.threadpool.server.cached = true (default)
2024-01-30 07:45:25,974 [b0b6b7fd-b71c-48b9-9e8b-e03541d31df9-groupManagement] INFO  server.RaftServerConfigKeys (ConfUtils.java:logGet(46)) - raft.server.threadpool.server.size = 0 (default)
2024-01-30 07:45:25,974 [b0b6b7fd-b71c-48b9-9e8b-e03541d31df9-groupManagement] INFO  server.RaftServerConfigKeys (ConfUtils.java:logGet(46)) - raft.server.threadpool.client.cached = true (default)
2024-01-30 07:45:25,974 [b0b6b7fd-b71c-48b9-9e8b-e03541d31df9-groupManagement] INFO  server.RaftServerConfigKeys (ConfUtils.java:logGet(46)) - raft.server.threadpool.client.size = 0 (default)
2024-01-30 07:45:25,974 [b0b6b7fd-b71c-48b9-9e8b-e03541d31df9-groupManagement] INFO  server.RaftServerConfigKeys (ConfUtils.java:logGet(46)) - raft.server.storage.free-space.min = 0MB (=0) (default)
2024-01-30 07:45:25,975 [b0b6b7fd-b71c-48b9-9e8b-e03541d31df9-groupManagement] INFO  server.RaftServerConfigKeys (ConfUtils.java:logGet(46)) - raft.server.log.corruption.policy = EXCEPTION (default)
2024-01-30 07:45:25,975 [b0b6b7fd-b71c-48b9-9e8b-e03541d31df9-groupManagement] INFO  server.RaftServerConfigKeys (ConfUtils.java:logGet(46)) - raft.server.storage.dir = [/home/runner/work/ozone/ozone/hadoop-ozone/integration-test/target/test-dir/MiniOzoneClusterImpl-3ad60551-d9fb-454a-addc-4d3fe7110c5e/datanode-1/data/ratis] (custom)
2024-01-30 07:45:25,975 [b0b6b7fd-b71c-48b9-9e8b-e03541d31df9-groupManagement] INFO  storage.RaftStorageDirectory (RaftStorageDirectoryImpl.java:analyzeStorage(138)) - The storage directory /home/runner/work/ozone/ozone/hadoop-ozone/integration-test/target/test-dir/MiniOzoneClusterImpl-3ad60551-d9fb-454a-addc-4d3fe7110c5e/datanode-1/data/ratis/b883a5cd-8b38-43ed-a331-8413612dc804 does not exist. Creating ...
2024-01-30 07:45:25,975 [grpc-default-executor-0] INFO  server.RaftServer (RaftServerProxy.java:addNew(100)) - ce491c53-a544-4921-9edd-2ea5f993f9d2: addNew group-8413612DC804:[d07b3c51-3354-45f5-8abc-ab9fc0487f36|10.1.0.48:15076, ce491c53-a544-4921-9edd-2ea5f993f9d2|10.1.0.48:15094, b0b6b7fd-b71c-48b9-9e8b-e03541d31df9|10.1.0.48:15085] returns group-8413612DC804:java.util.concurrent.CompletableFuture@3e2de8da[Not completed]
2024-01-30 07:45:25,976 [ce491c53-a544-4921-9edd-2ea5f993f9d2-groupManagement] INFO  server.RaftServer$Division (RaftServerImpl.java:<init>(256)) - ce491c53-a544-4921-9edd-2ea5f993f9d2: new RaftServerImpl for group-8413612DC804:[d07b3c51-3354-45f5-8abc-ab9fc0487f36|10.1.0.48:15076, ce491c53-a544-4921-9edd-2ea5f993f9d2|10.1.0.48:15094, b0b6b7fd-b71c-48b9-9e8b-e03541d31df9|10.1.0.48:15085] with ContainerStateMachine:uninitialized
2024-01-30 07:45:25,976 [ce491c53-a544-4921-9edd-2ea5f993f9d2-groupManagement] INFO  server.RaftServerConfigKeys (ConfUtils.java:logGet(46)) - raft.server.rpc.timeout.min = 5s (custom)
2024-01-30 07:45:25,976 [ce491c53-a544-4921-9edd-2ea5f993f9d2-groupManagement] INFO  server.RaftServerConfigKeys (ConfUtils.java:logGet(46)) - raft.server.rpc.timeout.max = 5200ms (custom)
2024-01-30 07:45:25,976 [ce491c53-a544-4921-9edd-2ea5f993f9d2-groupManagement] INFO  server.RaftServerConfigKeys (ConfUtils.java:logGet(46)) - raft.server.rpc.sleep.time = 25ms (default)
2024-01-30 07:45:25,977 [ce491c53-a544-4921-9edd-2ea5f993f9d2-groupManagement] INFO  server.RaftServerConfigKeys (ConfUtils.java:logGet(46)) - raft.server.rpc.slowness.timeout = 300s (custom)
2024-01-30 07:45:25,977 [ce491c53-a544-4921-9edd-2ea5f993f9d2-groupManagement] INFO  server.RaftServerConfigKeys (ConfUtils.java:logGet(46)) - raft.server.leaderelection.leader.step-down.wait-time = 10s (default)
2024-01-30 07:45:25,977 [ce491c53-a544-4921-9edd-2ea5f993f9d2-groupManagement] INFO  server.RaftServerConfigKeys (ConfUtils.java:logGet(46)) - raft.server.leaderelection.member.majority-add = false (default)
2024-01-30 07:45:25,977 [ce491c53-a544-4921-9edd-2ea5f993f9d2-groupManagement] INFO  server.RaftServerConfigKeys (ConfUtils.java:logGet(46)) - raft.server.sleep.deviation.threshold = 300ms (default)
2024-01-30 07:45:25,977 [ce491c53-a544-4921-9edd-2ea5f993f9d2-groupManagement] INFO  server.RaftServer$Division (ServerState.java:<init>(113)) - ce491c53-a544-4921-9edd-2ea5f993f9d2@group-8413612DC804: ConfigurationManager, init=-1: peers:[d07b3c51-3354-45f5-8abc-ab9fc0487f36|10.1.0.48:15076, ce491c53-a544-4921-9edd-2ea5f993f9d2|10.1.0.48:15094, b0b6b7fd-b71c-48b9-9e8b-e03541d31df9|10.1.0.48:15085]|listeners:[], old=null, confs=<EMPTY_MAP>
2024-01-30 07:45:25,977 [ce491c53-a544-4921-9edd-2ea5f993f9d2-groupManagement] INFO  server.RaftServerConfigKeys (ConfUtils.java:logGet(46)) - raft.server.notification.no-leader.timeout = 300s (custom)
2024-01-30 07:45:25,977 [ce491c53-a544-4921-9edd-2ea5f993f9d2-groupManagement] INFO  server.RaftServerConfigKeys (ConfUtils.java:logGet(46)) - raft.server.read.timeout = 10s (default)
2024-01-30 07:45:25,977 [ce491c53-a544-4921-9edd-2ea5f993f9d2-groupManagement] INFO  server.RaftServerConfigKeys (ConfUtils.java:logGet(46)) - raft.server.retrycache.expirytime = 600000ms (custom)
2024-01-30 07:45:25,977 [ce491c53-a544-4921-9edd-2ea5f993f9d2-groupManagement] INFO  server.RaftServerConfigKeys (ConfUtils.java:logGet(46)) - raft.server.retrycache.statistics.expirytime = 100ms (default)
2024-01-30 07:45:25,977 [ce491c53-a544-4921-9edd-2ea5f993f9d2-groupManagement] INFO  server.RaftServerConfigKeys (ConfUtils.java:logGet(46)) - raft.server.read.option = DEFAULT (default)
2024-01-30 07:45:25,977 [ce491c53-a544-4921-9edd-2ea5f993f9d2-groupManagement] INFO  server.RaftServerConfigKeys (ConfUtils.java:logGet(46)) - raft.server.read.read-after-write-consistent.write-index-cache.expiry-time = 60s (default)
2024-01-30 07:45:25,978 [ce491c53-a544-4921-9edd-2ea5f993f9d2-groupManagement] INFO  server.RaftServerConfigKeys (ConfUtils.java:logGet(46)) - raft.server.rpc.request.timeout = 60s (custom)
2024-01-30 07:45:25,979 [ce491c53-a544-4921-9edd-2ea5f993f9d2-groupManagement] INFO  server.RaftServerConfigKeys (ConfUtils.java:logGet(46)) - raft.server.log.appender.install.snapshot.enabled = false (custom)
2024-01-30 07:45:25,979 [ce491c53-a544-4921-9edd-2ea5f993f9d2-groupManagement] INFO  server.RaftServerConfigKeys (ConfUtils.java:logGet(46)) - raft.server.threadpool.server.cached = true (default)
2024-01-30 07:45:25,979 [ce491c53-a544-4921-9edd-2ea5f993f9d2-groupManagement] INFO  server.RaftServerConfigKeys (ConfUtils.java:logGet(46)) - raft.server.threadpool.server.size = 0 (default)
2024-01-30 07:45:25,979 [ce491c53-a544-4921-9edd-2ea5f993f9d2-groupManagement] INFO  server.RaftServerConfigKeys (ConfUtils.java:logGet(46)) - raft.server.threadpool.client.cached = true (default)
2024-01-30 07:45:25,979 [ce491c53-a544-4921-9edd-2ea5f993f9d2-groupManagement] INFO  server.RaftServerConfigKeys (ConfUtils.java:logGet(46)) - raft.server.threadpool.client.size = 0 (default)
2024-01-30 07:45:25,979 [ce491c53-a544-4921-9edd-2ea5f993f9d2-groupManagement] INFO  server.RaftServerConfigKeys (ConfUtils.java:logGet(46)) - raft.server.storage.free-space.min = 0MB (=0) (default)
2024-01-30 07:45:25,979 [ce491c53-a544-4921-9edd-2ea5f993f9d2-groupManagement] INFO  server.RaftServerConfigKeys (ConfUtils.java:logGet(46)) - raft.server.log.corruption.policy = EXCEPTION (default)
2024-01-30 07:45:25,979 [ce491c53-a544-4921-9edd-2ea5f993f9d2-groupManagement] INFO  server.RaftServerConfigKeys (ConfUtils.java:logGet(46)) - raft.server.storage.dir = [/home/runner/work/ozone/ozone/hadoop-ozone/integration-test/target/test-dir/MiniOzoneClusterImpl-3ad60551-d9fb-454a-addc-4d3fe7110c5e/datanode-2/data/ratis] (custom)
2024-01-30 07:45:25,979 [ce491c53-a544-4921-9edd-2ea5f993f9d2-groupManagement] INFO  storage.RaftStorageDirectory (RaftStorageDirectoryImpl.java:analyzeStorage(138)) - The storage directory /home/runner/work/ozone/ozone/hadoop-ozone/integration-test/target/test-dir/MiniOzoneClusterImpl-3ad60551-d9fb-454a-addc-4d3fe7110c5e/datanode-2/data/ratis/b883a5cd-8b38-43ed-a331-8413612dc804 does not exist. Creating ...
2024-01-30 07:45:25,980 [b0b6b7fd-b71c-48b9-9e8b-e03541d31df9-groupManagement] INFO  storage.RaftStorageDirectory (RaftStorageDirectoryImpl.java:tryLock(228)) - Lock on /home/runner/work/ozone/ozone/hadoop-ozone/integration-test/target/test-dir/MiniOzoneClusterImpl-3ad60551-d9fb-454a-addc-4d3fe7110c5e/datanode-1/data/ratis/b883a5cd-8b38-43ed-a331-8413612dc804/in_use.lock acquired by nodename 92995@fv-az1436-717
2024-01-30 07:45:25,980 [ce491c53-a544-4921-9edd-2ea5f993f9d2-groupManagement] INFO  storage.RaftStorageDirectory (RaftStorageDirectoryImpl.java:tryLock(228)) - Lock on /home/runner/work/ozone/ozone/hadoop-ozone/integration-test/target/test-dir/MiniOzoneClusterImpl-3ad60551-d9fb-454a-addc-4d3fe7110c5e/datanode-2/data/ratis/b883a5cd-8b38-43ed-a331-8413612dc804/in_use.lock acquired by nodename 92995@fv-az1436-717
2024-01-30 07:45:25,981 [b0b6b7fd-b71c-48b9-9e8b-e03541d31df9-groupManagement] INFO  storage.RaftStorage (RaftStorageImpl.java:format(99)) - Storage directory /home/runner/work/ozone/ozone/hadoop-ozone/integration-test/target/test-dir/MiniOzoneClusterImpl-3ad60551-d9fb-454a-addc-4d3fe7110c5e/datanode-1/data/ratis/b883a5cd-8b38-43ed-a331-8413612dc804 has been successfully formatted.
2024-01-30 07:45:25,981 [ce491c53-a544-4921-9edd-2ea5f993f9d2-groupManagement] INFO  storage.RaftStorage (RaftStorageImpl.java:format(99)) - Storage directory /home/runner/work/ozone/ozone/hadoop-ozone/integration-test/target/test-dir/MiniOzoneClusterImpl-3ad60551-d9fb-454a-addc-4d3fe7110c5e/datanode-2/data/ratis/b883a5cd-8b38-43ed-a331-8413612dc804 has been successfully formatted.
2024-01-30 07:45:25,981 [ce491c53-a544-4921-9edd-2ea5f993f9d2-groupManagement] WARN  util.FileUtils (LogUtils.java:supplyAndLog(63)) - Failed to Files.newInputStream /home/runner/work/ozone/ozone/hadoop-ozone/integration-test/target/test-dir/MiniOzoneClusterImpl-3ad60551-d9fb-454a-addc-4d3fe7110c5e/datanode-2/data/ratis/b883a5cd-8b38-43ed-a331-8413612dc804/current/raft-meta.conf with options []: java.nio.file.NoSuchFileException: /home/runner/work/ozone/ozone/hadoop-ozone/integration-test/target/test-dir/MiniOzoneClusterImpl-3ad60551-d9fb-454a-addc-4d3fe7110c5e/datanode-2/data/ratis/b883a5cd-8b38-43ed-a331-8413612dc804/current/raft-meta.conf
2024-01-30 07:45:25,982 [ce491c53-a544-4921-9edd-2ea5f993f9d2-groupManagement] INFO  ratis.ContainerStateMachine (ContainerStateMachine.java:loadSnapshot(287)) - group-8413612DC804: The snapshot info is null. Setting the last applied index to:(t:0, i:~)
2024-01-30 07:45:25,982 [ce491c53-a544-4921-9edd-2ea5f993f9d2-groupManagement] INFO  server.RaftServerConfigKeys (ConfUtils.java:logGet(46)) - raft.server.log.use.memory = false (default)
2024-01-30 07:45:25,982 [ce491c53-a544-4921-9edd-2ea5f993f9d2-groupManagement] INFO  server.RaftServerConfigKeys (ConfUtils.java:logGet(46)) - raft.server.log.purge.gap = 1000000 (custom)
2024-01-30 07:45:25,982 [ce491c53-a544-4921-9edd-2ea5f993f9d2-groupManagement] INFO  server.RaftServerConfigKeys (ConfUtils.java:logGet(46)) - raft.server.log.appender.buffer.byte-limit = 8388608 (custom)
2024-01-30 07:45:25,982 [ce491c53-a544-4921-9edd-2ea5f993f9d2-groupManagement] INFO  server.RaftServerConfigKeys (ConfUtils.java:logGet(46)) - raft.server.log.statemachine.data.read.timeout = 1000ms (default)
2024-01-30 07:45:25,982 [ce491c53-a544-4921-9edd-2ea5f993f9d2-groupManagement] INFO  server.RaftServerConfigKeys (ConfUtils.java:logGet(46)) - raft.server.log.purge.preservation.log.num = 0 (default)
2024-01-30 07:45:25,983 [ce491c53-a544-4921-9edd-2ea5f993f9d2-groupManagement] INFO  server.RaftServerConfigKeys (ConfUtils.java:logGet(46)) - raft.server.log.segment.size.max = 67108864 (custom)
2024-01-30 07:45:25,983 [ce491c53-a544-4921-9edd-2ea5f993f9d2-groupManagement] INFO  server.RaftServerConfigKeys (ConfUtils.java:logGet(46)) - raft.server.log.segment.cache.num.max = 2 (custom)
2024-01-30 07:45:25,983 [ce491c53-a544-4921-9edd-2ea5f993f9d2-groupManagement] INFO  server.RaftServerConfigKeys (ConfUtils.java:logGet(46)) - raft.server.log.segment.cache.size.max = 200MB (=209715200) (default)
2024-01-30 07:45:25,983 [ce491c53-a544-4921-9edd-2ea5f993f9d2-groupManagement] INFO  server.RaftServerConfigKeys (ConfUtils.java:logGet(46)) - raft.server.log.appender.buffer.byte-limit = 8388608 (custom)
2024-01-30 07:45:25,983 [ce491c53-a544-4921-9edd-2ea5f993f9d2-groupManagement] INFO  util.AwaitToRun (AwaitToRun.java:start(81)) - Thread[ce491c53-a544-4921-9edd-2ea5f993f9d2@group-8413612DC804-cacheEviction-AwaitToRun,5,main] started
2024-01-30 07:45:25,983 [b0b6b7fd-b71c-48b9-9e8b-e03541d31df9-groupManagement] WARN  util.FileUtils (LogUtils.java:supplyAndLog(63)) - Failed to Files.newInputStream /home/runner/work/ozone/ozone/hadoop-ozone/integration-test/target/test-dir/MiniOzoneClusterImpl-3ad60551-d9fb-454a-addc-4d3fe7110c5e/datanode-1/data/ratis/b883a5cd-8b38-43ed-a331-8413612dc804/current/raft-meta.conf with options []: java.nio.file.NoSuchFileException: /home/runner/work/ozone/ozone/hadoop-ozone/integration-test/target/test-dir/MiniOzoneClusterImpl-3ad60551-d9fb-454a-addc-4d3fe7110c5e/datanode-1/data/ratis/b883a5cd-8b38-43ed-a331-8413612dc804/current/raft-meta.conf
2024-01-30 07:45:25,983 [ce491c53-a544-4921-9edd-2ea5f993f9d2-groupManagement] INFO  segmented.SegmentedRaftLogWorker (SegmentedRaftLogWorker.java:<init>(182)) - new ce491c53-a544-4921-9edd-2ea5f993f9d2@group-8413612DC804-SegmentedRaftLogWorker for RaftStorageImpl:Storage Directory /home/runner/work/ozone/ozone/hadoop-ozone/integration-test/target/test-dir/MiniOzoneClusterImpl-3ad60551-d9fb-454a-addc-4d3fe7110c5e/datanode-2/data/ratis/b883a5cd-8b38-43ed-a331-8413612dc804
2024-01-30 07:45:25,984 [b0b6b7fd-b71c-48b9-9e8b-e03541d31df9-groupManagement] INFO  ratis.ContainerStateMachine (ContainerStateMachine.java:loadSnapshot(287)) - group-8413612DC804: The snapshot info is null. Setting the last applied index to:(t:0, i:~)
2024-01-30 07:45:25,984 [b0b6b7fd-b71c-48b9-9e8b-e03541d31df9-groupManagement] INFO  server.RaftServerConfigKeys (ConfUtils.java:logGet(46)) - raft.server.log.use.memory = false (default)
2024-01-30 07:45:25,984 [b0b6b7fd-b71c-48b9-9e8b-e03541d31df9-groupManagement] INFO  server.RaftServerConfigKeys (ConfUtils.java:logGet(46)) - raft.server.log.purge.gap = 1000000 (custom)
2024-01-30 07:45:25,984 [b0b6b7fd-b71c-48b9-9e8b-e03541d31df9-groupManagement] INFO  server.RaftServerConfigKeys (ConfUtils.java:logGet(46)) - raft.server.log.appender.buffer.byte-limit = 8388608 (custom)
2024-01-30 07:45:25,984 [b0b6b7fd-b71c-48b9-9e8b-e03541d31df9-groupManagement] INFO  server.RaftServerConfigKeys (ConfUtils.java:logGet(46)) - raft.server.log.statemachine.data.read.timeout = 1000ms (default)
2024-01-30 07:45:25,984 [b0b6b7fd-b71c-48b9-9e8b-e03541d31df9-groupManagement] INFO  server.RaftServerConfigKeys (ConfUtils.java:logGet(46)) - raft.server.log.purge.preservation.log.num = 0 (default)
2024-01-30 07:45:25,984 [ce491c53-a544-4921-9edd-2ea5f993f9d2-groupManagement] INFO  server.RaftServerConfigKeys (ConfUtils.java:logGet(46)) - raft.server.log.queue.byte-limit = 4294967296 (custom)
2024-01-30 07:45:25,984 [ce491c53-a544-4921-9edd-2ea5f993f9d2-groupManagement] INFO  server.RaftServerConfigKeys (ConfUtils.java:logGet(46)) - raft.server.log.queue.element-limit = 1024 (custom)
2024-01-30 07:45:25,984 [ce491c53-a544-4921-9edd-2ea5f993f9d2-groupManagement] INFO  server.RaftServerConfigKeys (ConfUtils.java:logGet(46)) - raft.server.log.segment.size.max = 67108864 (custom)
2024-01-30 07:45:25,985 [ce491c53-a544-4921-9edd-2ea5f993f9d2-groupManagement] INFO  server.RaftServerConfigKeys (ConfUtils.java:logGet(46)) - raft.server.log.preallocated.size = 4194304 (custom)
2024-01-30 07:45:25,985 [b0b6b7fd-b71c-48b9-9e8b-e03541d31df9-groupManagement] INFO  server.RaftServerConfigKeys (ConfUtils.java:logGet(46)) - raft.server.log.segment.size.max = 67108864 (custom)
2024-01-30 07:45:25,985 [ce491c53-a544-4921-9edd-2ea5f993f9d2-groupManagement] INFO  server.RaftServerConfigKeys (ConfUtils.java:logGet(46)) - raft.server.log.force.sync.num = 128 (default)
2024-01-30 07:45:25,985 [EventQueue-OpenPipelineForHealthyPipelineSafeModeRule] INFO  safemode.SCMSafeModeManager (HealthyPipelineSafeModeRule.java:process(140)) - SCM in safe mode. Healthy pipelines reported count is 0, required healthy pipeline reported count is 1
2024-01-30 07:45:25,985 [b0b6b7fd-b71c-48b9-9e8b-e03541d31df9-groupManagement] INFO  server.RaftServerConfigKeys (ConfUtils.java:logGet(46)) - raft.server.log.segment.cache.num.max = 2 (custom)
2024-01-30 07:45:25,985 [b0b6b7fd-b71c-48b9-9e8b-e03541d31df9-groupManagement] INFO  server.RaftServerConfigKeys (ConfUtils.java:logGet(46)) - raft.server.log.segment.cache.size.max = 200MB (=209715200) (default)
2024-01-30 07:45:25,985 [b0b6b7fd-b71c-48b9-9e8b-e03541d31df9-groupManagement] INFO  server.RaftServerConfigKeys (ConfUtils.java:logGet(46)) - raft.server.log.appender.buffer.byte-limit = 8388608 (custom)
2024-01-30 07:45:25,985 [ce491c53-a544-4921-9edd-2ea5f993f9d2-groupManagement] INFO  server.RaftServerConfigKeys (ConfUtils.java:logGet(46)) - raft.server.log.statemachine.data.sync = true (default)
2024-01-30 07:45:25,986 [ce491c53-a544-4921-9edd-2ea5f993f9d2-groupManagement] INFO  server.RaftServerConfigKeys (ConfUtils.java:logGet(46)) - raft.server.log.statemachine.data.sync.timeout = 10s (default)
2024-01-30 07:45:25,986 [ce491c53-a544-4921-9edd-2ea5f993f9d2-groupManagement] INFO  server.RaftServerConfigKeys (ConfUtils.java:logGet(46)) - raft.server.log.statemachine.data.sync.timeout.retry = 0 (custom)
2024-01-30 07:45:25,986 [ce491c53-a544-4921-9edd-2ea5f993f9d2-groupManagement] INFO  server.RaftServerConfigKeys (ConfUtils.java:logGet(46)) - raft.server.log.write.buffer.size = 8388616 (custom)
2024-01-30 07:45:25,988 [ce491c53-a544-4921-9edd-2ea5f993f9d2-groupManagement] INFO  server.RaftServerConfigKeys (ConfUtils.java:logGet(46)) - raft.server.log.appender.buffer.byte-limit = 8388608 (custom)
2024-01-30 07:45:25,988 [ce491c53-a544-4921-9edd-2ea5f993f9d2-groupManagement] INFO  server.RaftServerConfigKeys (ConfUtils.java:logGet(46)) - raft.server.log.unsafe-flush.enabled = false (default)
2024-01-30 07:45:25,988 [ce491c53-a544-4921-9edd-2ea5f993f9d2-groupManagement] INFO  server.RaftServerConfigKeys (ConfUtils.java:logGet(46)) - raft.server.log.async-flush.enabled = false (default)
2024-01-30 07:45:25,988 [ce491c53-a544-4921-9edd-2ea5f993f9d2-groupManagement] INFO  server.RaftServerConfigKeys (ConfUtils.java:logGet(46)) - raft.server.log.statemachine.data.caching.enabled = true (custom)
2024-01-30 07:45:25,988 [ce491c53-a544-4921-9edd-2ea5f993f9d2-groupManagement] INFO  segmented.SegmentedRaftLogWorker (SegmentedRaftLogWorker.java:lambda$new$0(134)) - ce491c53-a544-4921-9edd-2ea5f993f9d2@group-8413612DC804-SegmentedRaftLogWorker: flushIndex: setUnconditionally 0 -> -1
2024-01-30 07:45:25,988 [ce491c53-a544-4921-9edd-2ea5f993f9d2-groupManagement] INFO  segmented.SegmentedRaftLogWorker (SegmentedRaftLogWorker.java:lambda$new$0(134)) - ce491c53-a544-4921-9edd-2ea5f993f9d2@group-8413612DC804-SegmentedRaftLogWorker: safeCacheEvictIndex: setUnconditionally 0 -> -1
2024-01-30 07:45:25,989 [b0b6b7fd-b71c-48b9-9e8b-e03541d31df9-groupManagement] INFO  util.AwaitToRun (AwaitToRun.java:start(81)) - Thread[b0b6b7fd-b71c-48b9-9e8b-e03541d31df9@group-8413612DC804-cacheEviction-AwaitToRun,5,main] started
2024-01-30 07:45:25,989 [b0b6b7fd-b71c-48b9-9e8b-e03541d31df9-groupManagement] INFO  segmented.SegmentedRaftLogWorker (SegmentedRaftLogWorker.java:<init>(182)) - new b0b6b7fd-b71c-48b9-9e8b-e03541d31df9@group-8413612DC804-SegmentedRaftLogWorker for RaftStorageImpl:Storage Directory /home/runner/work/ozone/ozone/hadoop-ozone/integration-test/target/test-dir/MiniOzoneClusterImpl-3ad60551-d9fb-454a-addc-4d3fe7110c5e/datanode-1/data/ratis/b883a5cd-8b38-43ed-a331-8413612dc804
2024-01-30 07:45:25,989 [b0b6b7fd-b71c-48b9-9e8b-e03541d31df9-groupManagement] INFO  server.RaftServerConfigKeys (ConfUtils.java:logGet(46)) - raft.server.log.queue.byte-limit = 4294967296 (custom)
2024-01-30 07:45:25,989 [ce491c53-a544-4921-9edd-2ea5f993f9d2-groupManagement] INFO  server.RaftServer$Division (RaftServerImpl.java:start(396)) - ce491c53-a544-4921-9edd-2ea5f993f9d2@group-8413612DC804: start as a follower, conf=-1: peers:[d07b3c51-3354-45f5-8abc-ab9fc0487f36|10.1.0.48:15076, ce491c53-a544-4921-9edd-2ea5f993f9d2|10.1.0.48:15094, b0b6b7fd-b71c-48b9-9e8b-e03541d31df9|10.1.0.48:15085]|listeners:[], old=null
2024-01-30 07:45:25,989 [ce491c53-a544-4921-9edd-2ea5f993f9d2-groupManagement] INFO  server.RaftServer$Division (RaftServerImpl.java:setRole(383)) - ce491c53-a544-4921-9edd-2ea5f993f9d2@group-8413612DC804: changes role from      null to FOLLOWER at term 0 for startAsFollower
2024-01-30 07:45:25,989 [ce491c53-a544-4921-9edd-2ea5f993f9d2-groupManagement] INFO  impl.RoleInfo (RoleInfo.java:updateAndGet(139)) - ce491c53-a544-4921-9edd-2ea5f993f9d2: start ce491c53-a544-4921-9edd-2ea5f993f9d2@group-8413612DC804-FollowerState
2024-01-30 07:45:25,989 [b0b6b7fd-b71c-48b9-9e8b-e03541d31df9-groupManagement] INFO  server.RaftServerConfigKeys (ConfUtils.java:logGet(46)) - raft.server.log.queue.element-limit = 1024 (custom)
2024-01-30 07:45:25,990 [b0b6b7fd-b71c-48b9-9e8b-e03541d31df9-groupManagement] INFO  server.RaftServerConfigKeys (ConfUtils.java:logGet(46)) - raft.server.log.segment.size.max = 67108864 (custom)
2024-01-30 07:45:25,990 [b0b6b7fd-b71c-48b9-9e8b-e03541d31df9-groupManagement] INFO  server.RaftServerConfigKeys (ConfUtils.java:logGet(46)) - raft.server.log.preallocated.size = 4194304 (custom)
2024-01-30 07:45:25,990 [b0b6b7fd-b71c-48b9-9e8b-e03541d31df9-groupManagement] INFO  server.RaftServerConfigKeys (ConfUtils.java:logGet(46)) - raft.server.log.force.sync.num = 128 (default)
2024-01-30 07:45:25,990 [b0b6b7fd-b71c-48b9-9e8b-e03541d31df9-groupManagement] INFO  server.RaftServerConfigKeys (ConfUtils.java:logGet(46)) - raft.server.log.statemachine.data.sync = true (default)
2024-01-30 07:45:25,990 [b0b6b7fd-b71c-48b9-9e8b-e03541d31df9-groupManagement] INFO  server.RaftServerConfigKeys (ConfUtils.java:logGet(46)) - raft.server.log.statemachine.data.sync.timeout = 10s (default)
2024-01-30 07:45:25,990 [b0b6b7fd-b71c-48b9-9e8b-e03541d31df9-groupManagement] INFO  server.RaftServerConfigKeys (ConfUtils.java:logGet(46)) - raft.server.log.statemachine.data.sync.timeout.retry = 0 (custom)
2024-01-30 07:45:25,990 [b0b6b7fd-b71c-48b9-9e8b-e03541d31df9-groupManagement] INFO  server.RaftServerConfigKeys (ConfUtils.java:logGet(46)) - raft.server.log.write.buffer.size = 8388616 (custom)
2024-01-30 07:45:25,991 [ce491c53-a544-4921-9edd-2ea5f993f9d2-groupManagement] INFO  util.JmxRegister (JmxRegister.java:tryRegister(44)) - Successfully registered JMX Bean with object name Ratis:service=RaftServer,group=group-8413612DC804,id=ce491c53-a544-4921-9edd-2ea5f993f9d2
2024-01-30 07:45:25,991 [ce491c53-a544-4921-9edd-2ea5f993f9d2-groupManagement] INFO  server.RaftServerConfigKeys (ConfUtils.java:logGet(46)) - raft.server.snapshot.trigger-when-stop.enabled = true (default)
2024-01-30 07:45:25,991 [ce491c53-a544-4921-9edd-2ea5f993f9d2-groupManagement] INFO  server.RaftServerConfigKeys (ConfUtils.java:logGet(46)) - raft.server.snapshot.auto.trigger.enabled = true (custom)
2024-01-30 07:45:25,991 [ce491c53-a544-4921-9edd-2ea5f993f9d2-groupManagement] INFO  server.RaftServerConfigKeys (ConfUtils.java:logGet(46)) - raft.server.snapshot.auto.trigger.threshold = 10000 (custom)
2024-01-30 07:45:25,991 [ce491c53-a544-4921-9edd-2ea5f993f9d2-groupManagement] INFO  server.RaftServerConfigKeys (ConfUtils.java:logGet(46)) - raft.server.snapshot.retention.file.num = 5 (custom)
2024-01-30 07:45:25,991 [b0b6b7fd-b71c-48b9-9e8b-e03541d31df9-groupManagement] INFO  server.RaftServerConfigKeys (ConfUtils.java:logGet(46)) - raft.server.log.appender.buffer.byte-limit = 8388608 (custom)
2024-01-30 07:45:25,991 [ce491c53-a544-4921-9edd-2ea5f993f9d2-groupManagement] INFO  server.RaftServerConfigKeys (ConfUtils.java:logGet(46)) - raft.server.log.purge.upto.snapshot.index = false (default)
2024-01-30 07:45:25,991 [b0b6b7fd-b71c-48b9-9e8b-e03541d31df9-groupManagement] INFO  server.RaftServerConfigKeys (ConfUtils.java:logGet(46)) - raft.server.log.unsafe-flush.enabled = false (default)
2024-01-30 07:45:25,991 [b0b6b7fd-b71c-48b9-9e8b-e03541d31df9-groupManagement] INFO  server.RaftServerConfigKeys (ConfUtils.java:logGet(46)) - raft.server.log.async-flush.enabled = false (default)
2024-01-30 07:45:25,991 [b0b6b7fd-b71c-48b9-9e8b-e03541d31df9-groupManagement] INFO  server.RaftServerConfigKeys (ConfUtils.java:logGet(46)) - raft.server.log.statemachine.data.caching.enabled = true (custom)
2024-01-30 07:45:25,991 [b0b6b7fd-b71c-48b9-9e8b-e03541d31df9-groupManagement] INFO  segmented.SegmentedRaftLogWorker (SegmentedRaftLogWorker.java:lambda$new$0(134)) - b0b6b7fd-b71c-48b9-9e8b-e03541d31df9@group-8413612DC804-SegmentedRaftLogWorker: flushIndex: setUnconditionally 0 -> -1
2024-01-30 07:45:25,992 [b0b6b7fd-b71c-48b9-9e8b-e03541d31df9-groupManagement] INFO  segmented.SegmentedRaftLogWorker (SegmentedRaftLogWorker.java:lambda$new$0(134)) - b0b6b7fd-b71c-48b9-9e8b-e03541d31df9@group-8413612DC804-SegmentedRaftLogWorker: safeCacheEvictIndex: setUnconditionally 0 -> -1
2024-01-30 07:45:25,992 [ce491c53-a544-4921-9edd-2ea5f993f9d2@group-8413612DC804-FollowerState] INFO  server.RaftServerConfigKeys (ConfUtils.java:logFallback(53)) - raft.server.rpc.first-election.timeout.min = 5s (fallback to raft.server.rpc.timeout.min)
2024-01-30 07:45:25,992 [ce491c53-a544-4921-9edd-2ea5f993f9d2@group-8413612DC804-FollowerState] INFO  server.RaftServerConfigKeys (ConfUtils.java:logFallback(53)) - raft.server.rpc.first-election.timeout.max = 5200ms (fallback to raft.server.rpc.timeout.max)
2024-01-30 07:45:25,992 [b0b6b7fd-b71c-48b9-9e8b-e03541d31df9-groupManagement] INFO  server.RaftServer$Division (RaftServerImpl.java:start(396)) - b0b6b7fd-b71c-48b9-9e8b-e03541d31df9@group-8413612DC804: start as a follower, conf=-1: peers:[d07b3c51-3354-45f5-8abc-ab9fc0487f36|10.1.0.48:15076, ce491c53-a544-4921-9edd-2ea5f993f9d2|10.1.0.48:15094, b0b6b7fd-b71c-48b9-9e8b-e03541d31df9|10.1.0.48:15085]|listeners:[], old=null
2024-01-30 07:45:25,992 [b0b6b7fd-b71c-48b9-9e8b-e03541d31df9-groupManagement] INFO  server.RaftServer$Division (RaftServerImpl.java:setRole(383)) - b0b6b7fd-b71c-48b9-9e8b-e03541d31df9@group-8413612DC804: changes role from      null to FOLLOWER at term 0 for startAsFollower
2024-01-30 07:45:25,992 [b0b6b7fd-b71c-48b9-9e8b-e03541d31df9-groupManagement] INFO  impl.RoleInfo (RoleInfo.java:updateAndGet(139)) - b0b6b7fd-b71c-48b9-9e8b-e03541d31df9: start b0b6b7fd-b71c-48b9-9e8b-e03541d31df9@group-8413612DC804-FollowerState
2024-01-30 07:45:25,992 [b0b6b7fd-b71c-48b9-9e8b-e03541d31df9@group-8413612DC804-FollowerState] INFO  server.RaftServerConfigKeys (ConfUtils.java:logFallback(53)) - raft.server.rpc.first-election.timeout.min = 5s (fallback to raft.server.rpc.timeout.min)
2024-01-30 07:45:25,992 [b0b6b7fd-b71c-48b9-9e8b-e03541d31df9-groupManagement] INFO  util.JmxRegister (JmxRegister.java:tryRegister(44)) - Successfully registered JMX Bean with object name Ratis:service=RaftServer,group=group-8413612DC804,id=b0b6b7fd-b71c-48b9-9e8b-e03541d31df9
2024-01-30 07:45:25,992 [b0b6b7fd-b71c-48b9-9e8b-e03541d31df9@group-8413612DC804-FollowerState] INFO  server.RaftServerConfigKeys (ConfUtils.java:logFallback(53)) - raft.server.rpc.first-election.timeout.max = 5200ms (fallback to raft.server.rpc.timeout.max)
2024-01-30 07:45:25,992 [b0b6b7fd-b71c-48b9-9e8b-e03541d31df9-groupManagement] INFO  server.RaftServerConfigKeys (ConfUtils.java:logGet(46)) - raft.server.snapshot.trigger-when-stop.enabled = true (default)
2024-01-30 07:45:25,993 [b0b6b7fd-b71c-48b9-9e8b-e03541d31df9-groupManagement] INFO  server.RaftServerConfigKeys (ConfUtils.java:logGet(46)) - raft.server.snapshot.auto.trigger.enabled = true (custom)
2024-01-30 07:45:25,994 [b0b6b7fd-b71c-48b9-9e8b-e03541d31df9-groupManagement] INFO  server.RaftServerConfigKeys (ConfUtils.java:logGet(46)) - raft.server.snapshot.auto.trigger.threshold = 10000 (custom)
2024-01-30 07:45:25,994 [b0b6b7fd-b71c-48b9-9e8b-e03541d31df9-groupManagement] INFO  server.RaftServerConfigKeys (ConfUtils.java:logGet(46)) - raft.server.snapshot.retention.file.num = 5 (custom)
2024-01-30 07:45:25,994 [b0b6b7fd-b71c-48b9-9e8b-e03541d31df9-groupManagement] INFO  server.RaftServerConfigKeys (ConfUtils.java:logGet(46)) - raft.server.log.purge.upto.snapshot.index = false (default)
2024-01-30 07:45:25,995 [b0b6b7fd-b71c-48b9-9e8b-e03541d31df9-PipelineCommandHandlerThread-0] INFO  ratis.XceiverServerRatis (XceiverServerRatis.java:addGroup(864)) - Created group PipelineID=b883a5cd-8b38-43ed-a331-8413612dc804
2024-01-30 07:45:26,030 [d07b3c51-3354-45f5-8abc-ab9fc0487f36-PipelineCommandHandlerThread-0] INFO  commandhandler.CreatePipelineCommandHandler (CreatePipelineCommandHandler.java:lambda$handle$2(124)) - Created Pipeline RATIS THREE PipelineID=b883a5cd-8b38-43ed-a331-8413612dc804.
2024-01-30 07:45:26,043 [b0b6b7fd-b71c-48b9-9e8b-e03541d31df9-PipelineCommandHandlerThread-0] INFO  commandhandler.CreatePipelineCommandHandler (CreatePipelineCommandHandler.java:lambda$handle$2(124)) - Created Pipeline RATIS THREE PipelineID=b883a5cd-8b38-43ed-a331-8413612dc804.
2024-01-30 07:45:26,048 [main] INFO  ozone.MiniOzoneClusterImpl (MiniOzoneClusterImpl.java:lambda$waitForClusterToBeReady$0(229)) - Nodes are ready. Got 3 of 3 DN Heartbeats.
2024-01-30 07:45:26,048 [main] INFO  ozone.MiniOzoneClusterImpl (MiniOzoneClusterImpl.java:lambda$waitForClusterToBeReady$0(232)) - Waiting for cluster to exit safe mode
2024-01-30 07:45:26,048 [main] INFO  ozone.MiniOzoneClusterImpl (MiniOzoneClusterImpl.java:lambda$waitForClusterToBeReady$0(234)) - SCM became leader
2024-01-30 07:45:26,050 [ce491c53-a544-4921-9edd-2ea5f993f9d2-PipelineCommandHandlerThread-0] INFO  server.RaftServer (RaftServerProxy.java:addNew(100)) - ce491c53-a544-4921-9edd-2ea5f993f9d2: addNew group-26F132A0CE79:[ce491c53-a544-4921-9edd-2ea5f993f9d2|10.1.0.48:15094] returns group-26F132A0CE79:java.util.concurrent.CompletableFuture@7b0d28ce[Not completed]
2024-01-30 07:45:26,050 [ce491c53-a544-4921-9edd-2ea5f993f9d2-groupManagement] INFO  server.RaftServer$Division (RaftServerImpl.java:<init>(256)) - ce491c53-a544-4921-9edd-2ea5f993f9d2: new RaftServerImpl for group-26F132A0CE79:[ce491c53-a544-4921-9edd-2ea5f993f9d2|10.1.0.48:15094] with ContainerStateMachine:uninitialized
2024-01-30 07:45:26,051 [ce491c53-a544-4921-9edd-2ea5f993f9d2-groupManagement] INFO  server.RaftServerConfigKeys (ConfUtils.java:logGet(46)) - raft.server.rpc.timeout.min = 5s (custom)
2024-01-30 07:45:26,051 [ce491c53-a544-4921-9edd-2ea5f993f9d2-groupManagement] INFO  server.RaftServerConfigKeys (ConfUtils.java:logGet(46)) - raft.server.rpc.timeout.max = 5200ms (custom)
2024-01-30 07:45:26,051 [ce491c53-a544-4921-9edd-2ea5f993f9d2-groupManagement] INFO  server.RaftServerConfigKeys (ConfUtils.java:logGet(46)) - raft.server.rpc.sleep.time = 25ms (default)
2024-01-30 07:45:26,051 [ce491c53-a544-4921-9edd-2ea5f993f9d2-groupManagement] INFO  server.RaftServerConfigKeys (ConfUtils.java:logGet(46)) - raft.server.rpc.slowness.timeout = 300s (custom)
2024-01-30 07:45:26,051 [ce491c53-a544-4921-9edd-2ea5f993f9d2-groupManagement] INFO  server.RaftServerConfigKeys (ConfUtils.java:logGet(46)) - raft.server.leaderelection.leader.step-down.wait-time = 10s (default)
2024-01-30 07:45:26,051 [ce491c53-a544-4921-9edd-2ea5f993f9d2-groupManagement] INFO  server.RaftServerConfigKeys (ConfUtils.java:logGet(46)) - raft.server.leaderelection.member.majority-add = false (default)
2024-01-30 07:45:26,051 [ce491c53-a544-4921-9edd-2ea5f993f9d2-groupManagement] INFO  server.RaftServerConfigKeys (ConfUtils.java:logGet(46)) - raft.server.sleep.deviation.threshold = 300ms (default)
2024-01-30 07:45:26,051 [ce491c53-a544-4921-9edd-2ea5f993f9d2-groupManagement] INFO  server.RaftServer$Division (ServerState.java:<init>(113)) - ce491c53-a544-4921-9edd-2ea5f993f9d2@group-26F132A0CE79: ConfigurationManager, init=-1: peers:[ce491c53-a544-4921-9edd-2ea5f993f9d2|10.1.0.48:15094]|listeners:[], old=null, confs=<EMPTY_MAP>
2024-01-30 07:45:26,051 [ce491c53-a544-4921-9edd-2ea5f993f9d2-groupManagement] INFO  server.RaftServerConfigKeys (ConfUtils.java:logGet(46)) - raft.server.notification.no-leader.timeout = 300s (custom)
2024-01-30 07:45:26,051 [ce491c53-a544-4921-9edd-2ea5f993f9d2-groupManagement] INFO  server.RaftServerConfigKeys (ConfUtils.java:logGet(46)) - raft.server.read.timeout = 10s (default)
2024-01-30 07:45:26,051 [ce491c53-a544-4921-9edd-2ea5f993f9d2-groupManagement] INFO  server.RaftServerConfigKeys (ConfUtils.java:logGet(46)) - raft.server.retrycache.expirytime = 600000ms (custom)
2024-01-30 07:45:26,051 [ce491c53-a544-4921-9edd-2ea5f993f9d2-groupManagement] INFO  server.RaftServerConfigKeys (ConfUtils.java:logGet(46)) - raft.server.retrycache.statistics.expirytime = 100ms (default)
2024-01-30 07:45:26,051 [ce491c53-a544-4921-9edd-2ea5f993f9d2-groupManagement] INFO  server.RaftServerConfigKeys (ConfUtils.java:logGet(46)) - raft.server.read.option = DEFAULT (default)
2024-01-30 07:45:26,051 [ce491c53-a544-4921-9edd-2ea5f993f9d2-groupManagement] INFO  server.RaftServerConfigKeys (ConfUtils.java:logGet(46)) - raft.server.read.read-after-write-consistent.write-index-cache.expiry-time = 60s (default)
2024-01-30 07:45:26,053 [ce491c53-a544-4921-9edd-2ea5f993f9d2-groupManagement] INFO  server.RaftServerConfigKeys (ConfUtils.java:logGet(46)) - raft.server.rpc.request.timeout = 60s (custom)
2024-01-30 07:45:26,053 [ce491c53-a544-4921-9edd-2ea5f993f9d2-groupManagement] INFO  server.RaftServerConfigKeys (ConfUtils.java:logGet(46)) - raft.server.log.appender.install.snapshot.enabled = false (custom)
2024-01-30 07:45:26,053 [ce491c53-a544-4921-9edd-2ea5f993f9d2-groupManagement] INFO  server.RaftServerConfigKeys (ConfUtils.java:logGet(46)) - raft.server.threadpool.server.cached = true (default)
2024-01-30 07:45:26,053 [ce491c53-a544-4921-9edd-2ea5f993f9d2-groupManagement] INFO  server.RaftServerConfigKeys (ConfUtils.java:logGet(46)) - raft.server.threadpool.server.size = 0 (default)
2024-01-30 07:45:26,053 [ce491c53-a544-4921-9edd-2ea5f993f9d2-groupManagement] INFO  server.RaftServerConfigKeys (ConfUtils.java:logGet(46)) - raft.server.threadpool.client.cached = true (default)
2024-01-30 07:45:26,053 [ce491c53-a544-4921-9edd-2ea5f993f9d2-groupManagement] INFO  server.RaftServerConfigKeys (ConfUtils.java:logGet(46)) - raft.server.threadpool.client.size = 0 (default)
2024-01-30 07:45:26,053 [ce491c53-a544-4921-9edd-2ea5f993f9d2-groupManagement] INFO  server.RaftServerConfigKeys (ConfUtils.java:logGet(46)) - raft.server.storage.free-space.min = 0MB (=0) (default)
2024-01-30 07:45:26,053 [ce491c53-a544-4921-9edd-2ea5f993f9d2-groupManagement] INFO  server.RaftServerConfigKeys (ConfUtils.java:logGet(46)) - raft.server.log.corruption.policy = EXCEPTION (default)
2024-01-30 07:45:26,053 [ce491c53-a544-4921-9edd-2ea5f993f9d2-groupManagement] INFO  server.RaftServerConfigKeys (ConfUtils.java:logGet(46)) - raft.server.storage.dir = [/home/runner/work/ozone/ozone/hadoop-ozone/integration-test/target/test-dir/MiniOzoneClusterImpl-3ad60551-d9fb-454a-addc-4d3fe7110c5e/datanode-2/data/ratis] (custom)
2024-01-30 07:45:26,053 [ce491c53-a544-4921-9edd-2ea5f993f9d2-groupManagement] INFO  storage.RaftStorageDirectory (RaftStorageDirectoryImpl.java:analyzeStorage(138)) - The storage directory /home/runner/work/ozone/ozone/hadoop-ozone/integration-test/target/test-dir/MiniOzoneClusterImpl-3ad60551-d9fb-454a-addc-4d3fe7110c5e/datanode-2/data/ratis/3c575aa8-ab60-4dab-9b78-26f132a0ce79 does not exist. Creating ...
2024-01-30 07:45:26,054 [ce491c53-a544-4921-9edd-2ea5f993f9d2-groupManagement] INFO  storage.RaftStorageDirectory (RaftStorageDirectoryImpl.java:tryLock(228)) - Lock on /home/runner/work/ozone/ozone/hadoop-ozone/integration-test/target/test-dir/MiniOzoneClusterImpl-3ad60551-d9fb-454a-addc-4d3fe7110c5e/datanode-2/data/ratis/3c575aa8-ab60-4dab-9b78-26f132a0ce79/in_use.lock acquired by nodename 92995@fv-az1436-717
2024-01-30 07:45:26,055 [ce491c53-a544-4921-9edd-2ea5f993f9d2-groupManagement] INFO  storage.RaftStorage (RaftStorageImpl.java:format(99)) - Storage directory /home/runner/work/ozone/ozone/hadoop-ozone/integration-test/target/test-dir/MiniOzoneClusterImpl-3ad60551-d9fb-454a-addc-4d3fe7110c5e/datanode-2/data/ratis/3c575aa8-ab60-4dab-9b78-26f132a0ce79 has been successfully formatted.
2024-01-30 07:45:26,055 [ce491c53-a544-4921-9edd-2ea5f993f9d2-groupManagement] WARN  util.FileUtils (LogUtils.java:supplyAndLog(63)) - Failed to Files.newInputStream /home/runner/work/ozone/ozone/hadoop-ozone/integration-test/target/test-dir/MiniOzoneClusterImpl-3ad60551-d9fb-454a-addc-4d3fe7110c5e/datanode-2/data/ratis/3c575aa8-ab60-4dab-9b78-26f132a0ce79/current/raft-meta.conf with options []: java.nio.file.NoSuchFileException: /home/runner/work/ozone/ozone/hadoop-ozone/integration-test/target/test-dir/MiniOzoneClusterImpl-3ad60551-d9fb-454a-addc-4d3fe7110c5e/datanode-2/data/ratis/3c575aa8-ab60-4dab-9b78-26f132a0ce79/current/raft-meta.conf
2024-01-30 07:45:26,056 [ce491c53-a544-4921-9edd-2ea5f993f9d2-groupManagement] INFO  ratis.ContainerStateMachine (ContainerStateMachine.java:loadSnapshot(287)) - group-26F132A0CE79: The snapshot info is null. Setting the last applied index to:(t:0, i:~)
2024-01-30 07:45:26,056 [ce491c53-a544-4921-9edd-2ea5f993f9d2-groupManagement] INFO  server.RaftServerConfigKeys (ConfUtils.java:logGet(46)) - raft.server.log.use.memory = false (default)
2024-01-30 07:45:26,056 [ce491c53-a544-4921-9edd-2ea5f993f9d2-groupManagement] INFO  server.RaftServerConfigKeys (ConfUtils.java:logGet(46)) - raft.server.log.purge.gap = 1000000 (custom)
2024-01-30 07:45:26,056 [ce491c53-a544-4921-9edd-2ea5f993f9d2-groupManagement] INFO  server.RaftServerConfigKeys (ConfUtils.java:logGet(46)) - raft.server.log.appender.buffer.byte-limit = 8388608 (custom)
2024-01-30 07:45:26,056 [ce491c53-a544-4921-9edd-2ea5f993f9d2-groupManagement] INFO  server.RaftServerConfigKeys (ConfUtils.java:logGet(46)) - raft.server.log.statemachine.data.read.timeout = 1000ms (default)
2024-01-30 07:45:26,056 [ce491c53-a544-4921-9edd-2ea5f993f9d2-groupManagement] INFO  server.RaftServerConfigKeys (ConfUtils.java:logGet(46)) - raft.server.log.purge.preservation.log.num = 0 (default)
2024-01-30 07:45:26,057 [ce491c53-a544-4921-9edd-2ea5f993f9d2-groupManagement] INFO  server.RaftServerConfigKeys (ConfUtils.java:logGet(46)) - raft.server.log.segment.size.max = 67108864 (custom)
2024-01-30 07:45:26,057 [ce491c53-a544-4921-9edd-2ea5f993f9d2-groupManagement] INFO  server.RaftServerConfigKeys (ConfUtils.java:logGet(46)) - raft.server.log.segment.cache.num.max = 2 (custom)
2024-01-30 07:45:26,057 [ce491c53-a544-4921-9edd-2ea5f993f9d2-groupManagement] INFO  server.RaftServerConfigKeys (ConfUtils.java:logGet(46)) - raft.server.log.segment.cache.size.max = 200MB (=209715200) (default)
2024-01-30 07:45:26,057 [ce491c53-a544-4921-9edd-2ea5f993f9d2-groupManagement] INFO  server.RaftServerConfigKeys (ConfUtils.java:logGet(46)) - raft.server.log.appender.buffer.byte-limit = 8388608 (custom)
2024-01-30 07:45:26,057 [ce491c53-a544-4921-9edd-2ea5f993f9d2-groupManagement] INFO  util.AwaitToRun (AwaitToRun.java:start(81)) - Thread[ce491c53-a544-4921-9edd-2ea5f993f9d2@group-26F132A0CE79-cacheEviction-AwaitToRun,5,main] started
2024-01-30 07:45:26,057 [ce491c53-a544-4921-9edd-2ea5f993f9d2-groupManagement] INFO  segmented.SegmentedRaftLogWorker (SegmentedRaftLogWorker.java:<init>(182)) - new ce491c53-a544-4921-9edd-2ea5f993f9d2@group-26F132A0CE79-SegmentedRaftLogWorker for RaftStorageImpl:Storage Directory /home/runner/work/ozone/ozone/hadoop-ozone/integration-test/target/test-dir/MiniOzoneClusterImpl-3ad60551-d9fb-454a-addc-4d3fe7110c5e/datanode-2/data/ratis/3c575aa8-ab60-4dab-9b78-26f132a0ce79
2024-01-30 07:45:26,057 [ce491c53-a544-4921-9edd-2ea5f993f9d2-groupManagement] INFO  server.RaftServerConfigKeys (ConfUtils.java:logGet(46)) - raft.server.log.queue.byte-limit = 4294967296 (custom)
2024-01-30 07:45:26,057 [ce491c53-a544-4921-9edd-2ea5f993f9d2-groupManagement] INFO  server.RaftServerConfigKeys (ConfUtils.java:logGet(46)) - raft.server.log.queue.element-limit = 1024 (custom)
2024-01-30 07:45:26,057 [ce491c53-a544-4921-9edd-2ea5f993f9d2-groupManagement] INFO  server.RaftServerConfigKeys (ConfUtils.java:logGet(46)) - raft.server.log.segment.size.max = 67108864 (custom)
2024-01-30 07:45:26,057 [ce491c53-a544-4921-9edd-2ea5f993f9d2-groupManagement] INFO  server.RaftServerConfigKeys (ConfUtils.java:logGet(46)) - raft.server.log.preallocated.size = 4194304 (custom)
2024-01-30 07:45:26,058 [ce491c53-a544-4921-9edd-2ea5f993f9d2-groupManagement] INFO  server.RaftServerConfigKeys (ConfUtils.java:logGet(46)) - raft.server.log.force.sync.num = 128 (default)
2024-01-30 07:45:26,058 [ce491c53-a544-4921-9edd-2ea5f993f9d2-groupManagement] INFO  server.RaftServerConfigKeys (ConfUtils.java:logGet(46)) - raft.server.log.statemachine.data.sync = true (default)
2024-01-30 07:45:26,058 [ce491c53-a544-4921-9edd-2ea5f993f9d2-groupManagement] INFO  server.RaftServerConfigKeys (ConfUtils.java:logGet(46)) - raft.server.log.statemachine.data.sync.timeout = 10s (default)
2024-01-30 07:45:26,058 [ce491c53-a544-4921-9edd-2ea5f993f9d2-groupManagement] INFO  server.RaftServerConfigKeys (ConfUtils.java:logGet(46)) - raft.server.log.statemachine.data.sync.timeout.retry = 0 (custom)
2024-01-30 07:45:26,058 [ce491c53-a544-4921-9edd-2ea5f993f9d2-groupManagement] INFO  server.RaftServerConfigKeys (ConfUtils.java:logGet(46)) - raft.server.log.write.buffer.size = 8388616 (custom)
2024-01-30 07:45:26,058 [EventQueue-PipelineReportForPipelineReportHandler] INFO  pipeline.PipelineReportHandler (PipelineReportHandler.java:processPipelineReport(136)) - Opened pipeline PipelineID=3c575aa8-ab60-4dab-9b78-26f132a0ce79
2024-01-30 07:45:26,058 [EventQueue-OpenPipelineForHealthyPipelineSafeModeRule] INFO  safemode.SCMSafeModeManager (HealthyPipelineSafeModeRule.java:process(140)) - SCM in safe mode. Healthy pipelines reported count is 0, required healthy pipeline reported count is 1
2024-01-30 07:45:26,060 [ce491c53-a544-4921-9edd-2ea5f993f9d2-groupManagement] INFO  server.RaftServerConfigKeys (ConfUtils.java:logGet(46)) - raft.server.log.appender.buffer.byte-limit = 8388608 (custom)
2024-01-30 07:45:26,060 [ce491c53-a544-4921-9edd-2ea5f993f9d2-groupManagement] INFO  server.RaftServerConfigKeys (ConfUtils.java:logGet(46)) - raft.server.log.unsafe-flush.enabled = false (default)
2024-01-30 07:45:26,060 [ce491c53-a544-4921-9edd-2ea5f993f9d2-groupManagement] INFO  server.RaftServerConfigKeys (ConfUtils.java:logGet(46)) - raft.server.log.async-flush.enabled = false (default)
2024-01-30 07:45:26,060 [ce491c53-a544-4921-9edd-2ea5f993f9d2-groupManagement] INFO  server.RaftServerConfigKeys (ConfUtils.java:logGet(46)) - raft.server.log.statemachine.data.caching.enabled = true (custom)
2024-01-30 07:45:26,060 [ce491c53-a544-4921-9edd-2ea5f993f9d2-groupManagement] INFO  segmented.SegmentedRaftLogWorker (SegmentedRaftLogWorker.java:lambda$new$0(134)) - ce491c53-a544-4921-9edd-2ea5f993f9d2@group-26F132A0CE79-SegmentedRaftLogWorker: flushIndex: setUnconditionally 0 -> -1
2024-01-30 07:45:26,060 [ce491c53-a544-4921-9edd-2ea5f993f9d2-groupManagement] INFO  segmented.SegmentedRaftLogWorker (SegmentedRaftLogWorker.java:lambda$new$0(134)) - ce491c53-a544-4921-9edd-2ea5f993f9d2@group-26F132A0CE79-SegmentedRaftLogWorker: safeCacheEvictIndex: setUnconditionally 0 -> -1
2024-01-30 07:45:26,060 [ce491c53-a544-4921-9edd-2ea5f993f9d2-groupManagement] INFO  server.RaftServer$Division (RaftServerImpl.java:start(396)) - ce491c53-a544-4921-9edd-2ea5f993f9d2@group-26F132A0CE79: start as a follower, conf=-1: peers:[ce491c53-a544-4921-9edd-2ea5f993f9d2|10.1.0.48:15094]|listeners:[], old=null
2024-01-30 07:45:26,060 [ce491c53-a544-4921-9edd-2ea5f993f9d2-groupManagement] INFO  server.RaftServer$Division (RaftServerImpl.java:setRole(383)) - ce491c53-a544-4921-9edd-2ea5f993f9d2@group-26F132A0CE79: changes role from      null to FOLLOWER at term 0 for startAsFollower
2024-01-30 07:45:26,060 [ce491c53-a544-4921-9edd-2ea5f993f9d2-groupManagement] INFO  impl.RoleInfo (RoleInfo.java:updateAndGet(139)) - ce491c53-a544-4921-9edd-2ea5f993f9d2: start ce491c53-a544-4921-9edd-2ea5f993f9d2@group-26F132A0CE79-FollowerState
2024-01-30 07:45:26,061 [ce491c53-a544-4921-9edd-2ea5f993f9d2-groupManagement] INFO  util.JmxRegister (JmxRegister.java:tryRegister(44)) - Successfully registered JMX Bean with object name Ratis:service=RaftServer,group=group-26F132A0CE79,id=ce491c53-a544-4921-9edd-2ea5f993f9d2
2024-01-30 07:45:26,061 [ce491c53-a544-4921-9edd-2ea5f993f9d2-groupManagement] INFO  server.RaftServerConfigKeys (ConfUtils.java:logGet(46)) - raft.server.snapshot.trigger-when-stop.enabled = true (default)
2024-01-30 07:45:26,061 [ce491c53-a544-4921-9edd-2ea5f993f9d2-groupManagement] INFO  server.RaftServerConfigKeys (ConfUtils.java:logGet(46)) - raft.server.snapshot.auto.trigger.enabled = true (custom)
2024-01-30 07:45:26,061 [ce491c53-a544-4921-9edd-2ea5f993f9d2-groupManagement] INFO  server.RaftServerConfigKeys (ConfUtils.java:logGet(46)) - raft.server.snapshot.auto.trigger.threshold = 10000 (custom)
2024-01-30 07:45:26,061 [ce491c53-a544-4921-9edd-2ea5f993f9d2-groupManagement] INFO  server.RaftServerConfigKeys (ConfUtils.java:logGet(46)) - raft.server.snapshot.retention.file.num = 5 (custom)
2024-01-30 07:45:26,061 [ce491c53-a544-4921-9edd-2ea5f993f9d2-groupManagement] INFO  server.RaftServerConfigKeys (ConfUtils.java:logGet(46)) - raft.server.log.purge.upto.snapshot.index = false (default)
2024-01-30 07:45:26,061 [ce491c53-a544-4921-9edd-2ea5f993f9d2@group-26F132A0CE79-FollowerState] INFO  server.RaftServerConfigKeys (ConfUtils.java:logFallback(53)) - raft.server.rpc.first-election.timeout.min = 5s (fallback to raft.server.rpc.timeout.min)
2024-01-30 07:45:26,062 [ce491c53-a544-4921-9edd-2ea5f993f9d2-PipelineCommandHandlerThread-0] INFO  ratis.XceiverServerRatis (XceiverServerRatis.java:addGroup(864)) - Created group PipelineID=3c575aa8-ab60-4dab-9b78-26f132a0ce79
2024-01-30 07:45:26,062 [ce491c53-a544-4921-9edd-2ea5f993f9d2@group-26F132A0CE79-FollowerState] INFO  server.RaftServerConfigKeys (ConfUtils.java:logFallback(53)) - raft.server.rpc.first-election.timeout.max = 5200ms (fallback to raft.server.rpc.timeout.max)
2024-01-30 07:45:26,062 [ce491c53-a544-4921-9edd-2ea5f993f9d2-PipelineCommandHandlerThread-0] INFO  commandhandler.CreatePipelineCommandHandler (CreatePipelineCommandHandler.java:lambda$handle$2(124)) - Created Pipeline RATIS ONE PipelineID=3c575aa8-ab60-4dab-9b78-26f132a0ce79.
2024-01-30 07:45:27,049 [main] INFO  ozone.MiniOzoneClusterImpl (MiniOzoneClusterImpl.java:lambda$waitForClusterToBeReady$0(229)) - Nodes are ready. Got 3 of 3 DN Heartbeats.
2024-01-30 07:45:27,049 [main] INFO  ozone.MiniOzoneClusterImpl (MiniOzoneClusterImpl.java:lambda$waitForClusterToBeReady$0(232)) - Waiting for cluster to exit safe mode
2024-01-30 07:45:27,049 [main] INFO  ozone.MiniOzoneClusterImpl (MiniOzoneClusterImpl.java:lambda$waitForClusterToBeReady$0(234)) - SCM became leader
2024-01-30 07:45:28,049 [main] INFO  ozone.MiniOzoneClusterImpl (MiniOzoneClusterImpl.java:lambda$waitForClusterToBeReady$0(229)) - Nodes are ready. Got 3 of 3 DN Heartbeats.
2024-01-30 07:45:28,050 [main] INFO  ozone.MiniOzoneClusterImpl (MiniOzoneClusterImpl.java:lambda$waitForClusterToBeReady$0(232)) - Waiting for cluster to exit safe mode
2024-01-30 07:45:28,050 [main] INFO  ozone.MiniOzoneClusterImpl (MiniOzoneClusterImpl.java:lambda$waitForClusterToBeReady$0(234)) - SCM became leader
2024-01-30 07:45:29,050 [main] INFO  ozone.MiniOzoneClusterImpl (MiniOzoneClusterImpl.java:lambda$waitForClusterToBeReady$0(229)) - Nodes are ready. Got 3 of 3 DN Heartbeats.
2024-01-30 07:45:29,050 [main] INFO  ozone.MiniOzoneClusterImpl (MiniOzoneClusterImpl.java:lambda$waitForClusterToBeReady$0(232)) - Waiting for cluster to exit safe mode
2024-01-30 07:45:29,050 [main] INFO  ozone.MiniOzoneClusterImpl (MiniOzoneClusterImpl.java:lambda$waitForClusterToBeReady$0(234)) - SCM became leader
2024-01-30 07:45:30,051 [main] INFO  ozone.MiniOzoneClusterImpl (MiniOzoneClusterImpl.java:lambda$waitForClusterToBeReady$0(229)) - Nodes are ready. Got 3 of 3 DN Heartbeats.
2024-01-30 07:45:30,051 [main] INFO  ozone.MiniOzoneClusterImpl (MiniOzoneClusterImpl.java:lambda$waitForClusterToBeReady$0(232)) - Waiting for cluster to exit safe mode
2024-01-30 07:45:30,051 [main] INFO  ozone.MiniOzoneClusterImpl (MiniOzoneClusterImpl.java:lambda$waitForClusterToBeReady$0(234)) - SCM became leader
2024-01-30 07:45:30,935 [d07b3c51-3354-45f5-8abc-ab9fc0487f36@group-081A3AAC6D40-FollowerState] INFO  impl.FollowerState (FollowerState.java:run(143)) - d07b3c51-3354-45f5-8abc-ab9fc0487f36@group-081A3AAC6D40-FollowerState: change to CANDIDATE, lastRpcElapsedTime:5078644249ns, electionTimeout:5077ms
2024-01-30 07:45:30,935 [d07b3c51-3354-45f5-8abc-ab9fc0487f36@group-081A3AAC6D40-FollowerState] INFO  impl.RoleInfo (RoleInfo.java:shutdownFollowerState(110)) - d07b3c51-3354-45f5-8abc-ab9fc0487f36: shutdown d07b3c51-3354-45f5-8abc-ab9fc0487f36@group-081A3AAC6D40-FollowerState
2024-01-30 07:45:30,936 [d07b3c51-3354-45f5-8abc-ab9fc0487f36@group-081A3AAC6D40-FollowerState] INFO  server.RaftServer$Division (RaftServerImpl.java:setRole(383)) - d07b3c51-3354-45f5-8abc-ab9fc0487f36@group-081A3AAC6D40: changes role from  FOLLOWER to CANDIDATE at term 0 for changeToCandidate
2024-01-30 07:45:30,936 [d07b3c51-3354-45f5-8abc-ab9fc0487f36@group-081A3AAC6D40-FollowerState] INFO  server.RaftServerConfigKeys (ConfUtils.java:logGet(46)) - raft.server.leaderelection.pre-vote = true (default)
2024-01-30 07:45:30,936 [d07b3c51-3354-45f5-8abc-ab9fc0487f36@group-081A3AAC6D40-FollowerState] INFO  impl.RoleInfo (RoleInfo.java:updateAndGet(139)) - d07b3c51-3354-45f5-8abc-ab9fc0487f36: start d07b3c51-3354-45f5-8abc-ab9fc0487f36@group-081A3AAC6D40-LeaderElection16
2024-01-30 07:45:30,937 [d07b3c51-3354-45f5-8abc-ab9fc0487f36@group-081A3AAC6D40-LeaderElection16] INFO  impl.LeaderElection (LeaderElection.java:askForVotes(321)) - d07b3c51-3354-45f5-8abc-ab9fc0487f36@group-081A3AAC6D40-LeaderElection16 PRE_VOTE round 0: submit vote requests at term 0 for -1: peers:[d07b3c51-3354-45f5-8abc-ab9fc0487f36|10.1.0.48:15076]|listeners:[], old=null
2024-01-30 07:45:30,937 [d07b3c51-3354-45f5-8abc-ab9fc0487f36@group-081A3AAC6D40-LeaderElection16] INFO  impl.LeaderElection (LeaderElection.java:askForVotes(323)) - d07b3c51-3354-45f5-8abc-ab9fc0487f36@group-081A3AAC6D40-LeaderElection16 PRE_VOTE round 0: result PASSED (term=0)
2024-01-30 07:45:30,938 [d07b3c51-3354-45f5-8abc-ab9fc0487f36@group-081A3AAC6D40-LeaderElection16] INFO  impl.LeaderElection (LeaderElection.java:askForVotes(321)) - d07b3c51-3354-45f5-8abc-ab9fc0487f36@group-081A3AAC6D40-LeaderElection16 ELECTION round 0: submit vote requests at term 1 for -1: peers:[d07b3c51-3354-45f5-8abc-ab9fc0487f36|10.1.0.48:15076]|listeners:[], old=null
2024-01-30 07:45:30,939 [d07b3c51-3354-45f5-8abc-ab9fc0487f36@group-081A3AAC6D40-LeaderElection16] INFO  impl.LeaderElection (LeaderElection.java:askForVotes(323)) - d07b3c51-3354-45f5-8abc-ab9fc0487f36@group-081A3AAC6D40-LeaderElection16 ELECTION round 0: result PASSED (term=1)
2024-01-30 07:45:30,939 [d07b3c51-3354-45f5-8abc-ab9fc0487f36@group-081A3AAC6D40-LeaderElection16] INFO  impl.RoleInfo (RoleInfo.java:shutdownLeaderElection(130)) - d07b3c51-3354-45f5-8abc-ab9fc0487f36: shutdown d07b3c51-3354-45f5-8abc-ab9fc0487f36@group-081A3AAC6D40-LeaderElection16
2024-01-30 07:45:30,939 [d07b3c51-3354-45f5-8abc-ab9fc0487f36@group-081A3AAC6D40-LeaderElection16] INFO  server.RaftServer$Division (RaftServerImpl.java:setRole(383)) - d07b3c51-3354-45f5-8abc-ab9fc0487f36@group-081A3AAC6D40: changes role from CANDIDATE to LEADER at term 1 for changeToLeader
2024-01-30 07:45:30,939 [d07b3c51-3354-45f5-8abc-ab9fc0487f36@group-081A3AAC6D40-LeaderElection16] INFO  server.RaftServerConfigKeys (ConfUtils.java:logGet(46)) - raft.server.staging.catchup.gap = 1000 (default)
2024-01-30 07:45:30,939 [d07b3c51-3354-45f5-8abc-ab9fc0487f36@group-081A3AAC6D40-LeaderElection16] INFO  server.RaftServerConfigKeys (ConfUtils.java:logGet(46)) - raft.server.write.element-limit = 1024 (custom)
2024-01-30 07:45:30,939 [d07b3c51-3354-45f5-8abc-ab9fc0487f36@group-081A3AAC6D40-LeaderElection16] INFO  server.RaftServerConfigKeys (ConfUtils.java:logGet(46)) - raft.server.write.byte-limit = 1024 M (=1073741824) (custom)
2024-01-30 07:45:30,939 [d07b3c51-3354-45f5-8abc-ab9fc0487f36@group-081A3AAC6D40-LeaderElection16] INFO  server.RaftServerConfigKeys (ConfUtils.java:logGet(46)) - raft.server.watch.timeout = 180s (custom)
2024-01-30 07:45:30,939 [d07b3c51-3354-45f5-8abc-ab9fc0487f36@group-081A3AAC6D40-LeaderElection16] INFO  server.RaftServerConfigKeys (ConfUtils.java:logGet(46)) - raft.server.watch.timeout.denomination = 1s (default)
2024-01-30 07:45:30,939 [d07b3c51-3354-45f5-8abc-ab9fc0487f36@group-081A3AAC6D40-LeaderElection16] INFO  server.RaftServerConfigKeys (ConfUtils.java:logGet(46)) - raft.server.watch.element-limit = 65536 (default)
2024-01-30 07:45:30,939 [d07b3c51-3354-45f5-8abc-ab9fc0487f36@group-081A3AAC6D40-LeaderElection16] INFO  server.RaftServerConfigKeys (ConfUtils.java:logGet(46)) - raft.server.read.leader.lease.enabled = false (default)
2024-01-30 07:45:30,940 [d07b3c51-3354-45f5-8abc-ab9fc0487f36@group-081A3AAC6D40-LeaderElection16] INFO  server.RaftServerConfigKeys (ConfUtils.java:logGet(46)) - raft.server.read.leader.lease.timeout.ratio = 0.9 (default)
2024-01-30 07:45:30,940 [d07b3c51-3354-45f5-8abc-ab9fc0487f36@group-081A3AAC6D40-LeaderElection16] INFO  server.RaftServerConfigKeys (ConfUtils.java:logGet(46)) - raft.server.rpc.timeout.min = 5s (custom)
2024-01-30 07:45:30,940 [d07b3c51-3354-45f5-8abc-ab9fc0487f36@group-081A3AAC6D40-LeaderElection16] INFO  server.RaftServerConfigKeys (ConfUtils.java:logGet(46)) - raft.server.write.element-limit = 1024 (custom)
2024-01-30 07:45:30,940 [d07b3c51-3354-45f5-8abc-ab9fc0487f36@group-081A3AAC6D40-LeaderElection16] INFO  server.RaftServerConfigKeys (ConfUtils.java:logGet(46)) - raft.server.write.follower.gap.ratio.max = -1.0 (default)
2024-01-30 07:45:30,940 [d07b3c51-3354-45f5-8abc-ab9fc0487f36@group-081A3AAC6D40-LeaderElection16] INFO  impl.RoleInfo (RoleInfo.java:updateAndGet(139)) - d07b3c51-3354-45f5-8abc-ab9fc0487f36: start d07b3c51-3354-45f5-8abc-ab9fc0487f36@group-081A3AAC6D40-LeaderStateImpl
2024-01-30 07:45:30,940 [d07b3c51-3354-45f5-8abc-ab9fc0487f36@group-081A3AAC6D40-LeaderElection16] INFO  server.RaftServer$Division (RaftServerImpl.java:setFirstElection(574)) - d07b3c51-3354-45f5-8abc-ab9fc0487f36@group-081A3AAC6D40: set firstElectionSinceStartup to false for becomeLeader
2024-01-30 07:45:30,940 [d07b3c51-3354-45f5-8abc-ab9fc0487f36@group-081A3AAC6D40-LeaderElection16] INFO  ratis.XceiverServerRatis (XceiverServerRatis.java:handleLeaderChangedNotification(966)) - Leader change notification received for group: group-081A3AAC6D40 with new leaderId: d07b3c51-3354-45f5-8abc-ab9fc0487f36
2024-01-30 07:45:30,940 [d07b3c51-3354-45f5-8abc-ab9fc0487f36@group-081A3AAC6D40-LeaderElection16] INFO  server.RaftServer$Division (ServerState.java:setLeader(269)) - d07b3c51-3354-45f5-8abc-ab9fc0487f36@group-081A3AAC6D40: change Leader from null to d07b3c51-3354-45f5-8abc-ab9fc0487f36 at term 1 for becomeLeader, leader elected after 5096ms
2024-01-30 07:45:30,940 [d07b3c51-3354-45f5-8abc-ab9fc0487f36@group-081A3AAC6D40-LeaderElection16] INFO  segmented.SegmentedRaftLogWorker (SegmentedRaftLogWorker.java:startLogSegment(430)) - d07b3c51-3354-45f5-8abc-ab9fc0487f36@group-081A3AAC6D40-SegmentedRaftLogWorker: Starting segment from index:0
2024-01-30 07:45:30,941 [d07b3c51-3354-45f5-8abc-ab9fc0487f36@group-081A3AAC6D40-LeaderElection16] INFO  server.RaftServer$Division (ServerState.java:setRaftConf(386)) - d07b3c51-3354-45f5-8abc-ab9fc0487f36@group-081A3AAC6D40: set configuration 0: peers:[d07b3c51-3354-45f5-8abc-ab9fc0487f36|10.1.0.48:15076]|listeners:[], old=null
2024-01-30 07:45:30,941 [d07b3c51-3354-45f5-8abc-ab9fc0487f36@group-081A3AAC6D40-SegmentedRaftLogWorker] INFO  segmented.BufferedWriteChannel (BufferedWriteChannel.java:open(62)) - open log_inprogress_0 at position 0
2024-01-30 07:45:30,944 [EventQueue-OpenPipelineForHealthyPipelineSafeModeRule] INFO  safemode.SCMSafeModeManager (HealthyPipelineSafeModeRule.java:process(140)) - SCM in safe mode. Healthy pipelines reported count is 0, required healthy pipeline reported count is 1
2024-01-30 07:45:30,948 [d07b3c51-3354-45f5-8abc-ab9fc0487f36@group-081A3AAC6D40-SegmentedRaftLogWorker] INFO  segmented.SegmentedRaftLogWorker (SegmentedRaftLogWorker.java:execute(634)) - d07b3c51-3354-45f5-8abc-ab9fc0487f36@group-081A3AAC6D40-SegmentedRaftLogWorker: created new log segment /home/runner/work/ozone/ozone/hadoop-ozone/integration-test/target/test-dir/MiniOzoneClusterImpl-3ad60551-d9fb-454a-addc-4d3fe7110c5e/datanode-0/data/ratis/6535537f-9efe-4915-b5f4-081a3aac6d40/current/log_inprogress_0
2024-01-30 07:45:30,949 [d07b3c51-3354-45f5-8abc-ab9fc0487f36@group-081A3AAC6D40-StateMachineUpdater] INFO  server.RaftServer$Division (LeaderStateImpl.java:isApplied(320)) - leader is ready since appliedIndex == 0 >= startIndex == 0
2024-01-30 07:45:30,975 [ce491c53-a544-4921-9edd-2ea5f993f9d2@group-B54A4A0E8004-FollowerState] INFO  impl.FollowerState (FollowerState.java:run(143)) - ce491c53-a544-4921-9edd-2ea5f993f9d2@group-B54A4A0E8004-FollowerState: change to CANDIDATE, lastRpcElapsedTime:5073163612ns, electionTimeout:5070ms
2024-01-30 07:45:30,975 [ce491c53-a544-4921-9edd-2ea5f993f9d2@group-B54A4A0E8004-FollowerState] INFO  impl.RoleInfo (RoleInfo.java:shutdownFollowerState(110)) - ce491c53-a544-4921-9edd-2ea5f993f9d2: shutdown ce491c53-a544-4921-9edd-2ea5f993f9d2@group-B54A4A0E8004-FollowerState
2024-01-30 07:45:30,976 [ce491c53-a544-4921-9edd-2ea5f993f9d2@group-B54A4A0E8004-FollowerState] INFO  server.RaftServer$Division (RaftServerImpl.java:setRole(383)) - ce491c53-a544-4921-9edd-2ea5f993f9d2@group-B54A4A0E8004: changes role from  FOLLOWER to CANDIDATE at term 0 for changeToCandidate
2024-01-30 07:45:30,976 [ce491c53-a544-4921-9edd-2ea5f993f9d2@group-B54A4A0E8004-FollowerState] INFO  server.RaftServerConfigKeys (ConfUtils.java:logGet(46)) - raft.server.leaderelection.pre-vote = true (default)
2024-01-30 07:45:30,976 [ce491c53-a544-4921-9edd-2ea5f993f9d2@group-B54A4A0E8004-FollowerState] INFO  impl.RoleInfo (RoleInfo.java:updateAndGet(139)) - ce491c53-a544-4921-9edd-2ea5f993f9d2: start ce491c53-a544-4921-9edd-2ea5f993f9d2@group-B54A4A0E8004-LeaderElection17
2024-01-30 07:45:30,977 [ce491c53-a544-4921-9edd-2ea5f993f9d2@group-B54A4A0E8004-LeaderElection17] INFO  impl.LeaderElection (LeaderElection.java:askForVotes(321)) - ce491c53-a544-4921-9edd-2ea5f993f9d2@group-B54A4A0E8004-LeaderElection17 PRE_VOTE round 0: submit vote requests at term 0 for -1: peers:[d07b3c51-3354-45f5-8abc-ab9fc0487f36|10.1.0.48:15076, ce491c53-a544-4921-9edd-2ea5f993f9d2|10.1.0.48:15094, b0b6b7fd-b71c-48b9-9e8b-e03541d31df9|10.1.0.48:15085]|listeners:[], old=null
2024-01-30 07:45:30,977 [ce491c53-a544-4921-9edd-2ea5f993f9d2@group-B54A4A0E8004-LeaderElection17-1] INFO  server.GrpcServerProtocolClient (GrpcServerProtocolClient.java:<init>(65)) - Build channel for d07b3c51-3354-45f5-8abc-ab9fc0487f36|10.1.0.48:15076
2024-01-30 07:45:30,977 [ce491c53-a544-4921-9edd-2ea5f993f9d2@group-B54A4A0E8004-LeaderElection17-2] INFO  server.GrpcServerProtocolClient (GrpcServerProtocolClient.java:<init>(65)) - Build channel for b0b6b7fd-b71c-48b9-9e8b-e03541d31df9|10.1.0.48:15085
2024-01-30 07:45:30,977 [ce491c53-a544-4921-9edd-2ea5f993f9d2@group-B54A4A0E8004-LeaderElection17] INFO  server.RaftServerConfigKeys (ConfUtils.java:logFallback(53)) - raft.server.rpc.first-election.timeout.min = 5s (fallback to raft.server.rpc.timeout.min)
2024-01-30 07:45:30,977 [ce491c53-a544-4921-9edd-2ea5f993f9d2@group-B54A4A0E8004-LeaderElection17] INFO  server.RaftServerConfigKeys (ConfUtils.java:logFallback(53)) - raft.server.rpc.first-election.timeout.max = 5200ms (fallback to raft.server.rpc.timeout.max)
2024-01-30 07:45:30,982 [grpc-default-executor-0] INFO  server.RaftServer$Division (RaftServerImpl.java:requestVote(1389)) - d07b3c51-3354-45f5-8abc-ab9fc0487f36@group-B54A4A0E8004: receive requestVote(PRE_VOTE, ce491c53-a544-4921-9edd-2ea5f993f9d2, group-B54A4A0E8004, 0, (t:0, i:0))
2024-01-30 07:45:30,982 [grpc-default-executor-0] INFO  impl.VoteContext (VoteContext.java:log(49)) - d07b3c51-3354-45f5-8abc-ab9fc0487f36@group-B54A4A0E8004-FOLLOWER: accept PRE_VOTE from ce491c53-a544-4921-9edd-2ea5f993f9d2: our priority 0 <= candidate's priority 1
2024-01-30 07:45:30,982 [grpc-default-executor-0] INFO  server.RaftServer$Division (RaftServerImpl.java:requestVote(1422)) - d07b3c51-3354-45f5-8abc-ab9fc0487f36@group-B54A4A0E8004 replies to PRE_VOTE vote request: ce491c53-a544-4921-9edd-2ea5f993f9d2<-d07b3c51-3354-45f5-8abc-ab9fc0487f36#0:OK-t0. Peer's state: d07b3c51-3354-45f5-8abc-ab9fc0487f36@group-B54A4A0E8004:t0, leader=null, voted=, raftlog=Memoized:d07b3c51-3354-45f5-8abc-ab9fc0487f36@group-B54A4A0E8004-SegmentedRaftLog:OPENED:c-1, conf=-1: peers:[d07b3c51-3354-45f5-8abc-ab9fc0487f36|10.1.0.48:15076, ce491c53-a544-4921-9edd-2ea5f993f9d2|10.1.0.48:15094, b0b6b7fd-b71c-48b9-9e8b-e03541d31df9|10.1.0.48:15085]|listeners:[], old=null
2024-01-30 07:45:30,983 [ce491c53-a544-4921-9edd-2ea5f993f9d2@group-B54A4A0E8004-LeaderElection17] INFO  impl.LeaderElection (LeaderElection.java:logAndReturn(89)) - ce491c53-a544-4921-9edd-2ea5f993f9d2@group-B54A4A0E8004-LeaderElection17: PRE_VOTE PASSED received 1 response(s) and 0 exception(s):
2024-01-30 07:45:30,983 [ce491c53-a544-4921-9edd-2ea5f993f9d2@group-B54A4A0E8004-LeaderElection17] INFO  impl.LeaderElection (LeaderElection.java:logAndReturn(93)) -   Response 0: ce491c53-a544-4921-9edd-2ea5f993f9d2<-d07b3c51-3354-45f5-8abc-ab9fc0487f36#0:OK-t0
2024-01-30 07:45:30,983 [ce491c53-a544-4921-9edd-2ea5f993f9d2@group-B54A4A0E8004-LeaderElection17] INFO  impl.LeaderElection (LeaderElection.java:askForVotes(323)) - ce491c53-a544-4921-9edd-2ea5f993f9d2@group-B54A4A0E8004-LeaderElection17 PRE_VOTE round 0: result PASSED
2024-01-30 07:45:30,984 [ce491c53-a544-4921-9edd-2ea5f993f9d2@group-B54A4A0E8004-LeaderElection17] INFO  impl.LeaderElection (LeaderElection.java:askForVotes(321)) - ce491c53-a544-4921-9edd-2ea5f993f9d2@group-B54A4A0E8004-LeaderElection17 ELECTION round 0: submit vote requests at term 1 for -1: peers:[d07b3c51-3354-45f5-8abc-ab9fc0487f36|10.1.0.48:15076, ce491c53-a544-4921-9edd-2ea5f993f9d2|10.1.0.48:15094, b0b6b7fd-b71c-48b9-9e8b-e03541d31df9|10.1.0.48:15085]|listeners:[], old=null
2024-01-30 07:45:30,985 [ce491c53-a544-4921-9edd-2ea5f993f9d2@group-B54A4A0E8004-LeaderElection17] INFO  server.RaftServerConfigKeys (ConfUtils.java:logFallback(53)) - raft.server.rpc.first-election.timeout.min = 5s (fallback to raft.server.rpc.timeout.min)
2024-01-30 07:45:30,985 [ce491c53-a544-4921-9edd-2ea5f993f9d2@group-B54A4A0E8004-LeaderElection17] INFO  server.RaftServerConfigKeys (ConfUtils.java:logFallback(53)) - raft.server.rpc.first-election.timeout.max = 5200ms (fallback to raft.server.rpc.timeout.max)
2024-01-30 07:45:30,986 [grpc-default-executor-0] INFO  server.RaftServer$Division (RaftServerImpl.java:requestVote(1389)) - b0b6b7fd-b71c-48b9-9e8b-e03541d31df9@group-B54A4A0E8004: receive requestVote(PRE_VOTE, ce491c53-a544-4921-9edd-2ea5f993f9d2, group-B54A4A0E8004, 0, (t:0, i:0))
2024-01-30 07:45:30,986 [grpc-default-executor-1] INFO  server.RaftServer$Division (RaftServerImpl.java:requestVote(1389)) - b0b6b7fd-b71c-48b9-9e8b-e03541d31df9@group-B54A4A0E8004: receive requestVote(ELECTION, ce491c53-a544-4921-9edd-2ea5f993f9d2, group-B54A4A0E8004, 1, (t:0, i:0))
2024-01-30 07:45:30,986 [grpc-default-executor-2] INFO  server.RaftServer$Division (RaftServerImpl.java:requestVote(1389)) - d07b3c51-3354-45f5-8abc-ab9fc0487f36@group-B54A4A0E8004: receive requestVote(ELECTION, ce491c53-a544-4921-9edd-2ea5f993f9d2, group-B54A4A0E8004, 1, (t:0, i:0))
2024-01-30 07:45:30,986 [grpc-default-executor-0] INFO  impl.VoteContext (VoteContext.java:log(49)) - b0b6b7fd-b71c-48b9-9e8b-e03541d31df9@group-B54A4A0E8004-FOLLOWER: accept PRE_VOTE from ce491c53-a544-4921-9edd-2ea5f993f9d2: our priority 0 <= candidate's priority 1
2024-01-30 07:45:30,987 [grpc-default-executor-2] INFO  impl.VoteContext (VoteContext.java:log(49)) - d07b3c51-3354-45f5-8abc-ab9fc0487f36@group-B54A4A0E8004-FOLLOWER: accept ELECTION from ce491c53-a544-4921-9edd-2ea5f993f9d2: our priority 0 <= candidate's priority 1
2024-01-30 07:45:30,987 [grpc-default-executor-0] INFO  server.RaftServer$Division (RaftServerImpl.java:requestVote(1422)) - b0b6b7fd-b71c-48b9-9e8b-e03541d31df9@group-B54A4A0E8004 replies to PRE_VOTE vote request: ce491c53-a544-4921-9edd-2ea5f993f9d2<-b0b6b7fd-b71c-48b9-9e8b-e03541d31df9#0:OK-t0. Peer's state: b0b6b7fd-b71c-48b9-9e8b-e03541d31df9@group-B54A4A0E8004:t0, leader=null, voted=, raftlog=Memoized:b0b6b7fd-b71c-48b9-9e8b-e03541d31df9@group-B54A4A0E8004-SegmentedRaftLog:OPENED:c-1, conf=-1: peers:[d07b3c51-3354-45f5-8abc-ab9fc0487f36|10.1.0.48:15076, ce491c53-a544-4921-9edd-2ea5f993f9d2|10.1.0.48:15094, b0b6b7fd-b71c-48b9-9e8b-e03541d31df9|10.1.0.48:15085]|listeners:[], old=null
2024-01-30 07:45:30,987 [grpc-default-executor-2] INFO  server.RaftServer$Division (RaftServerImpl.java:setRole(383)) - d07b3c51-3354-45f5-8abc-ab9fc0487f36@group-B54A4A0E8004: changes role from  FOLLOWER to FOLLOWER at term 1 for candidate:ce491c53-a544-4921-9edd-2ea5f993f9d2
2024-01-30 07:45:30,987 [grpc-default-executor-2] INFO  impl.RoleInfo (RoleInfo.java:shutdownFollowerState(110)) - d07b3c51-3354-45f5-8abc-ab9fc0487f36: shutdown d07b3c51-3354-45f5-8abc-ab9fc0487f36@group-B54A4A0E8004-FollowerState
2024-01-30 07:45:30,987 [grpc-default-executor-2] INFO  impl.RoleInfo (RoleInfo.java:updateAndGet(139)) - d07b3c51-3354-45f5-8abc-ab9fc0487f36: start d07b3c51-3354-45f5-8abc-ab9fc0487f36@group-B54A4A0E8004-FollowerState
2024-01-30 07:45:30,988 [grpc-default-executor-2] INFO  server.RaftServer$Division (RaftServerImpl.java:setFirstElection(574)) - d07b3c51-3354-45f5-8abc-ab9fc0487f36@group-B54A4A0E8004: set firstElectionSinceStartup to false for candidate:ce491c53-a544-4921-9edd-2ea5f993f9d2
2024-01-30 07:45:30,987 [grpc-default-executor-1] INFO  impl.VoteContext (VoteContext.java:log(49)) - b0b6b7fd-b71c-48b9-9e8b-e03541d31df9@group-B54A4A0E8004-FOLLOWER: accept ELECTION from ce491c53-a544-4921-9edd-2ea5f993f9d2: our priority 0 <= candidate's priority 1
2024-01-30 07:45:30,988 [grpc-default-executor-1] INFO  server.RaftServer$Division (RaftServerImpl.java:setRole(383)) - b0b6b7fd-b71c-48b9-9e8b-e03541d31df9@group-B54A4A0E8004: changes role from  FOLLOWER to FOLLOWER at term 1 for candidate:ce491c53-a544-4921-9edd-2ea5f993f9d2
2024-01-30 07:45:30,988 [grpc-default-executor-1] INFO  impl.RoleInfo (RoleInfo.java:shutdownFollowerState(110)) - b0b6b7fd-b71c-48b9-9e8b-e03541d31df9: shutdown b0b6b7fd-b71c-48b9-9e8b-e03541d31df9@group-B54A4A0E8004-FollowerState
2024-01-30 07:45:30,988 [grpc-default-executor-1] INFO  impl.RoleInfo (RoleInfo.java:updateAndGet(139)) - b0b6b7fd-b71c-48b9-9e8b-e03541d31df9: start b0b6b7fd-b71c-48b9-9e8b-e03541d31df9@group-B54A4A0E8004-FollowerState
2024-01-30 07:45:30,989 [b0b6b7fd-b71c-48b9-9e8b-e03541d31df9@group-B54A4A0E8004-FollowerState] INFO  impl.FollowerState (FollowerState.java:run(152)) - b0b6b7fd-b71c-48b9-9e8b-e03541d31df9@group-B54A4A0E8004-FollowerState was interrupted
2024-01-30 07:45:30,987 [d07b3c51-3354-45f5-8abc-ab9fc0487f36@group-B54A4A0E8004-FollowerState] INFO  impl.FollowerState (FollowerState.java:run(152)) - d07b3c51-3354-45f5-8abc-ab9fc0487f36@group-B54A4A0E8004-FollowerState was interrupted
2024-01-30 07:45:30,989 [grpc-default-executor-1] INFO  server.RaftServer$Division (RaftServerImpl.java:setFirstElection(574)) - b0b6b7fd-b71c-48b9-9e8b-e03541d31df9@group-B54A4A0E8004: set firstElectionSinceStartup to false for candidate:ce491c53-a544-4921-9edd-2ea5f993f9d2
2024-01-30 07:45:30,993 [grpc-default-executor-2] INFO  server.RaftServer$Division (RaftServerImpl.java:requestVote(1422)) - d07b3c51-3354-45f5-8abc-ab9fc0487f36@group-B54A4A0E8004 replies to ELECTION vote request: ce491c53-a544-4921-9edd-2ea5f993f9d2<-d07b3c51-3354-45f5-8abc-ab9fc0487f36#0:OK-t1. Peer's state: d07b3c51-3354-45f5-8abc-ab9fc0487f36@group-B54A4A0E8004:t1, leader=null, voted=ce491c53-a544-4921-9edd-2ea5f993f9d2, raftlog=Memoized:d07b3c51-3354-45f5-8abc-ab9fc0487f36@group-B54A4A0E8004-SegmentedRaftLog:OPENED:c-1, conf=-1: peers:[d07b3c51-3354-45f5-8abc-ab9fc0487f36|10.1.0.48:15076, ce491c53-a544-4921-9edd-2ea5f993f9d2|10.1.0.48:15094, b0b6b7fd-b71c-48b9-9e8b-e03541d31df9|10.1.0.48:15085]|listeners:[], old=null
2024-01-30 07:45:30,994 [grpc-default-executor-1] INFO  server.RaftServer$Division (RaftServerImpl.java:requestVote(1422)) - b0b6b7fd-b71c-48b9-9e8b-e03541d31df9@group-B54A4A0E8004 replies to ELECTION vote request: ce491c53-a544-4921-9edd-2ea5f993f9d2<-b0b6b7fd-b71c-48b9-9e8b-e03541d31df9#0:OK-t1. Peer's state: b0b6b7fd-b71c-48b9-9e8b-e03541d31df9@group-B54A4A0E8004:t1, leader=null, voted=ce491c53-a544-4921-9edd-2ea5f993f9d2, raftlog=Memoized:b0b6b7fd-b71c-48b9-9e8b-e03541d31df9@group-B54A4A0E8004-SegmentedRaftLog:OPENED:c-1, conf=-1: peers:[d07b3c51-3354-45f5-8abc-ab9fc0487f36|10.1.0.48:15076, ce491c53-a544-4921-9edd-2ea5f993f9d2|10.1.0.48:15094, b0b6b7fd-b71c-48b9-9e8b-e03541d31df9|10.1.0.48:15085]|listeners:[], old=null
2024-01-30 07:45:30,994 [ce491c53-a544-4921-9edd-2ea5f993f9d2@group-B54A4A0E8004-LeaderElection17] INFO  impl.LeaderElection (LeaderElection.java:logAndReturn(89)) - ce491c53-a544-4921-9edd-2ea5f993f9d2@group-B54A4A0E8004-LeaderElection17: ELECTION PASSED received 1 response(s) and 0 exception(s):
2024-01-30 07:45:30,994 [ce491c53-a544-4921-9edd-2ea5f993f9d2@group-B54A4A0E8004-LeaderElection17] INFO  impl.LeaderElection (LeaderElection.java:logAndReturn(93)) -   Response 0: ce491c53-a544-4921-9edd-2ea5f993f9d2<-d07b3c51-3354-45f5-8abc-ab9fc0487f36#0:OK-t1
2024-01-30 07:45:30,994 [ce491c53-a544-4921-9edd-2ea5f993f9d2@group-B54A4A0E8004-LeaderElection17] INFO  impl.LeaderElection (LeaderElection.java:askForVotes(323)) - ce491c53-a544-4921-9edd-2ea5f993f9d2@group-B54A4A0E8004-LeaderElection17 ELECTION round 0: result PASSED
2024-01-30 07:45:30,994 [ce491c53-a544-4921-9edd-2ea5f993f9d2@group-B54A4A0E8004-LeaderElection17] INFO  impl.RoleInfo (RoleInfo.java:shutdownLeaderElection(130)) - ce491c53-a544-4921-9edd-2ea5f993f9d2: shutdown ce491c53-a544-4921-9edd-2ea5f993f9d2@group-B54A4A0E8004-LeaderElection17
2024-01-30 07:45:30,994 [ce491c53-a544-4921-9edd-2ea5f993f9d2@group-B54A4A0E8004-LeaderElection17] INFO  server.RaftServer$Division (RaftServerImpl.java:setRole(383)) - ce491c53-a544-4921-9edd-2ea5f993f9d2@group-B54A4A0E8004: changes role from CANDIDATE to LEADER at term 1 for changeToLeader
2024-01-30 07:45:30,994 [ce491c53-a544-4921-9edd-2ea5f993f9d2@group-B54A4A0E8004-LeaderElection17] INFO  server.RaftServerConfigKeys (ConfUtils.java:logGet(46)) - raft.server.staging.catchup.gap = 1000 (default)
2024-01-30 07:45:30,994 [ce491c53-a544-4921-9edd-2ea5f993f9d2@group-B54A4A0E8004-LeaderElection17] INFO  server.RaftServerConfigKeys (ConfUtils.java:logGet(46)) - raft.server.write.element-limit = 1024 (custom)
2024-01-30 07:45:30,995 [ce491c53-a544-4921-9edd-2ea5f993f9d2@group-B54A4A0E8004-LeaderElection17] INFO  server.RaftServerConfigKeys (ConfUtils.java:logGet(46)) - raft.server.write.byte-limit = 1024 M (=1073741824) (custom)
2024-01-30 07:45:30,995 [ce491c53-a544-4921-9edd-2ea5f993f9d2@group-B54A4A0E8004-LeaderElection17] INFO  server.RaftServerConfigKeys (ConfUtils.java:logGet(46)) - raft.server.watch.timeout = 180s (custom)
2024-01-30 07:45:30,995 [ce491c53-a544-4921-9edd-2ea5f993f9d2@group-B54A4A0E8004-LeaderElection17] INFO  server.RaftServerConfigKeys (ConfUtils.java:logGet(46)) - raft.server.watch.timeout.denomination = 1s (default)
2024-01-30 07:45:30,995 [ce491c53-a544-4921-9edd-2ea5f993f9d2@group-B54A4A0E8004-LeaderElection17] INFO  server.RaftServerConfigKeys (ConfUtils.java:logGet(46)) - raft.server.watch.element-limit = 65536 (default)
2024-01-30 07:45:30,995 [ce491c53-a544-4921-9edd-2ea5f993f9d2@group-B54A4A0E8004-LeaderElection17] INFO  server.RaftServerConfigKeys (ConfUtils.java:logGet(46)) - raft.server.read.leader.lease.enabled = false (default)
2024-01-30 07:45:30,995 [ce491c53-a544-4921-9edd-2ea5f993f9d2@group-B54A4A0E8004-LeaderElection17] INFO  server.RaftServerConfigKeys (ConfUtils.java:logGet(46)) - raft.server.read.leader.lease.timeout.ratio = 0.9 (default)
2024-01-30 07:45:30,995 [ce491c53-a544-4921-9edd-2ea5f993f9d2@group-B54A4A0E8004-LeaderElection17] INFO  server.RaftServerConfigKeys (ConfUtils.java:logGet(46)) - raft.server.rpc.timeout.min = 5s (custom)
2024-01-30 07:45:30,995 [ce491c53-a544-4921-9edd-2ea5f993f9d2@group-B54A4A0E8004-LeaderElection17] INFO  server.RaftServerConfigKeys (ConfUtils.java:logGet(46)) - raft.server.write.element-limit = 1024 (custom)
2024-01-30 07:45:30,995 [ce491c53-a544-4921-9edd-2ea5f993f9d2@group-B54A4A0E8004-LeaderElection17] INFO  server.RaftServerConfigKeys (ConfUtils.java:logGet(46)) - raft.server.write.follower.gap.ratio.max = -1.0 (default)
2024-01-30 07:45:30,995 [ce491c53-a544-4921-9edd-2ea5f993f9d2@group-B54A4A0E8004-LeaderElection17] INFO  server.RaftServerConfigKeys (ConfUtils.java:logGet(46)) - raft.server.log.appender.snapshot.chunk.size.max = 16MB (=16777216) (default)
2024-01-30 07:45:30,996 [ce491c53-a544-4921-9edd-2ea5f993f9d2@group-B54A4A0E8004-LeaderElection17] INFO  server.RaftServerConfigKeys (ConfUtils.java:logGet(46)) - raft.server.log.appender.buffer.byte-limit = 8388608 (custom)
2024-01-30 07:45:30,996 [ce491c53-a544-4921-9edd-2ea5f993f9d2@group-B54A4A0E8004-LeaderElection17] INFO  server.RaftServerConfigKeys (ConfUtils.java:logGet(46)) - raft.server.log.appender.buffer.element-limit = 1 (custom)
2024-01-30 07:45:30,996 [ce491c53-a544-4921-9edd-2ea5f993f9d2@group-B54A4A0E8004-LeaderElection17] INFO  server.RaftServerConfigKeys (ConfUtils.java:logGet(46)) - raft.server.log.appender.wait-time.min = 0μs (custom)
2024-01-30 07:45:30,996 [ce491c53-a544-4921-9edd-2ea5f993f9d2@group-B54A4A0E8004-LeaderElection17] INFO  grpc.GrpcConfigKeys (ConfUtils.java:logGet(46)) - raft.grpc.server.leader.outstanding.appends.max = 8 (default)
2024-01-30 07:45:30,996 [ce491c53-a544-4921-9edd-2ea5f993f9d2@group-B54A4A0E8004-LeaderElection17] INFO  server.RaftServerConfigKeys (ConfUtils.java:logGet(46)) - raft.server.rpc.request.timeout = 60s (custom)
2024-01-30 07:45:30,996 [ce491c53-a544-4921-9edd-2ea5f993f9d2@group-B54A4A0E8004-LeaderElection17] INFO  grpc.GrpcConfigKeys (ConfUtils.java:logGet(46)) - raft.grpc.server.install_snapshot.request.element-limit = 8 (default)
2024-01-30 07:45:30,996 [ce491c53-a544-4921-9edd-2ea5f993f9d2@group-B54A4A0E8004-LeaderElection17] INFO  grpc.GrpcConfigKeys (ConfUtils.java:logGet(46)) - raft.grpc.server.install_snapshot.request.timeout = 3000ms (default)
2024-01-30 07:45:30,996 [ce491c53-a544-4921-9edd-2ea5f993f9d2@group-B54A4A0E8004-LeaderElection17] INFO  grpc.GrpcConfigKeys (ConfUtils.java:logGet(46)) - raft.grpc.server.log-message.batch.duration = 5s (default)
2024-01-30 07:45:30,996 [ce491c53-a544-4921-9edd-2ea5f993f9d2@group-B54A4A0E8004-LeaderElection17] INFO  server.RaftServerConfigKeys (ConfUtils.java:logGet(46)) - raft.server.log.appender.install.snapshot.enabled = false (custom)
2024-01-30 07:45:30,996 [ce491c53-a544-4921-9edd-2ea5f993f9d2@group-B54A4A0E8004-LeaderElection17] INFO  grpc.GrpcConfigKeys (ConfUtils.java:logGet(46)) - raft.grpc.server.heartbeat.channel = true (default)
2024-01-30 07:45:30,997 [ce491c53-a544-4921-9edd-2ea5f993f9d2@group-B54A4A0E8004-LeaderElection17] INFO  server.RaftServerConfigKeys (ConfUtils.java:logGet(46)) - raft.server.log.appender.snapshot.chunk.size.max = 16MB (=16777216) (default)
2024-01-30 07:45:30,997 [ce491c53-a544-4921-9edd-2ea5f993f9d2@group-B54A4A0E8004-LeaderElection17] INFO  server.RaftServerConfigKeys (ConfUtils.java:logGet(46)) - raft.server.log.appender.buffer.byte-limit = 8388608 (custom)
2024-01-30 07:45:30,997 [ce491c53-a544-4921-9edd-2ea5f993f9d2@group-B54A4A0E8004-LeaderElection17] INFO  server.RaftServerConfigKeys (ConfUtils.java:logGet(46)) - raft.server.log.appender.buffer.element-limit = 1 (custom)
2024-01-30 07:45:30,997 [ce491c53-a544-4921-9edd-2ea5f993f9d2@group-B54A4A0E8004-LeaderElection17] INFO  server.RaftServerConfigKeys (ConfUtils.java:logGet(46)) - raft.server.log.appender.wait-time.min = 0μs (custom)
2024-01-30 07:45:30,997 [ce491c53-a544-4921-9edd-2ea5f993f9d2@group-B54A4A0E8004-LeaderElection17] INFO  grpc.GrpcConfigKeys (ConfUtils.java:logGet(46)) - raft.grpc.server.leader.outstanding.appends.max = 8 (default)
2024-01-30 07:45:30,997 [ce491c53-a544-4921-9edd-2ea5f993f9d2@group-B54A4A0E8004-LeaderElection17] INFO  server.RaftServerConfigKeys (ConfUtils.java:logGet(46)) - raft.server.rpc.request.timeout = 60s (custom)
2024-01-30 07:45:30,997 [ce491c53-a544-4921-9edd-2ea5f993f9d2@group-B54A4A0E8004-LeaderElection17] INFO  grpc.GrpcConfigKeys (ConfUtils.java:logGet(46)) - raft.grpc.server.install_snapshot.request.element-limit = 8 (default)
2024-01-30 07:45:30,997 [ce491c53-a544-4921-9edd-2ea5f993f9d2@group-B54A4A0E8004-LeaderElection17] INFO  grpc.GrpcConfigKeys (ConfUtils.java:logGet(46)) - raft.grpc.server.install_snapshot.request.timeout = 3000ms (default)
2024-01-30 07:45:30,997 [ce491c53-a544-4921-9edd-2ea5f993f9d2@group-B54A4A0E8004-LeaderElection17] INFO  grpc.GrpcConfigKeys (ConfUtils.java:logGet(46)) - raft.grpc.server.log-message.batch.duration = 5s (default)
2024-01-30 07:45:30,998 [ce491c53-a544-4921-9edd-2ea5f993f9d2@group-B54A4A0E8004-LeaderElection17] INFO  server.RaftServerConfigKeys (ConfUtils.java:logGet(46)) - raft.server.log.appender.install.snapshot.enabled = false (custom)
2024-01-30 07:45:30,998 [ce491c53-a544-4921-9edd-2ea5f993f9d2@group-B54A4A0E8004-LeaderElection17] INFO  grpc.GrpcConfigKeys (ConfUtils.java:logGet(46)) - raft.grpc.server.heartbeat.channel = true (default)
2024-01-30 07:45:30,998 [ce491c53-a544-4921-9edd-2ea5f993f9d2@group-B54A4A0E8004-LeaderElection17] INFO  impl.RoleInfo (RoleInfo.java:updateAndGet(139)) - ce491c53-a544-4921-9edd-2ea5f993f9d2: start ce491c53-a544-4921-9edd-2ea5f993f9d2@group-B54A4A0E8004-LeaderStateImpl
2024-01-30 07:45:30,998 [ce491c53-a544-4921-9edd-2ea5f993f9d2@group-B54A4A0E8004-LeaderElection17] INFO  server.RaftServer$Division (RaftServerImpl.java:setFirstElection(574)) - ce491c53-a544-4921-9edd-2ea5f993f9d2@group-B54A4A0E8004: set firstElectionSinceStartup to false for becomeLeader
2024-01-30 07:45:30,998 [ce491c53-a544-4921-9edd-2ea5f993f9d2@group-B54A4A0E8004-LeaderElection17] INFO  ratis.XceiverServerRatis (XceiverServerRatis.java:handleLeaderChangedNotification(966)) - Leader change notification received for group: group-B54A4A0E8004 with new leaderId: ce491c53-a544-4921-9edd-2ea5f993f9d2
2024-01-30 07:45:30,998 [ce491c53-a544-4921-9edd-2ea5f993f9d2@group-B54A4A0E8004-LeaderElection17] INFO  server.RaftServer$Division (ServerState.java:setLeader(269)) - ce491c53-a544-4921-9edd-2ea5f993f9d2@group-B54A4A0E8004: change Leader from null to ce491c53-a544-4921-9edd-2ea5f993f9d2 at term 1 for becomeLeader, leader elected after 5110ms
2024-01-30 07:45:30,998 [ce491c53-a544-4921-9edd-2ea5f993f9d2@group-B54A4A0E8004-LeaderElection17] INFO  segmented.SegmentedRaftLogWorker (SegmentedRaftLogWorker.java:startLogSegment(430)) - ce491c53-a544-4921-9edd-2ea5f993f9d2@group-B54A4A0E8004-SegmentedRaftLogWorker: Starting segment from index:0
2024-01-30 07:45:30,999 [ce491c53-a544-4921-9edd-2ea5f993f9d2@group-B54A4A0E8004-SegmentedRaftLogWorker] INFO  segmented.BufferedWriteChannel (BufferedWriteChannel.java:open(62)) - open log_inprogress_0 at position 0
2024-01-30 07:45:30,999 [EventQueue-OpenPipelineForHealthyPipelineSafeModeRule] INFO  safemode.SCMSafeModeManager (HealthyPipelineSafeModeRule.java:process(140)) - SCM in safe mode. Healthy pipelines reported count is 0, required healthy pipeline reported count is 1
2024-01-30 07:45:31,000 [EventQueue-PipelineReportForPipelineReportHandler] INFO  pipeline.PipelineReportHandler (PipelineReportHandler.java:processPipelineReport(136)) - Opened pipeline PipelineID=ae1c78c0-4138-490c-8fb7-b54a4a0e8004
2024-01-30 07:45:31,000 [EventQueue-OpenPipelineForHealthyPipelineSafeModeRule] INFO  safemode.SCMSafeModeManager (HealthyPipelineSafeModeRule.java:process(140)) - SCM in safe mode. Healthy pipelines reported count is 1, required healthy pipeline reported count is 1
2024-01-30 07:45:31,001 [EventQueue-OpenPipelineForHealthyPipelineSafeModeRule] INFO  safemode.SCMSafeModeManager (SCMSafeModeManager.java:validateSafeModeExitRules(200)) - HealthyPipelineSafeModeRule rule is successfully validated
2024-01-30 07:45:31,001 [EventQueue-OpenPipelineForHealthyPipelineSafeModeRule] INFO  safemode.SCMSafeModeManager (SCMSafeModeManager.java:validateSafeModeExitRules(215)) - ScmSafeModeManager, all rules are successfully validated
2024-01-30 07:45:31,001 [EventQueue-OpenPipelineForHealthyPipelineSafeModeRule] INFO  safemode.SCMSafeModeManager (SCMSafeModeManager.java:exitSafeMode(244)) - SCM exiting safe mode.
2024-01-30 07:45:31,001 [EventQueue-OpenPipelineForHealthyPipelineSafeModeRule] INFO  ha.SCMContext (SCMContext.java:updateSafeModeStatus(230)) - Update SafeModeStatus from SafeModeStatus{safeModeStatus=true, preCheckPassed=true} to SafeModeStatus{safeModeStatus=false, preCheckPassed=true}.
2024-01-30 07:45:31,001 [EventQueue-OpenPipelineForHealthyPipelineSafeModeRule] INFO  pipeline.BackgroundPipelineCreator (BackgroundPipelineCreator.java:notifyStatusChanged(258)) - Service BackgroundPipelineCreator transitions to RUNNING.
2024-01-30 07:45:31,001 [EventQueue-OpenPipelineForHealthyPipelineSafeModeRule] INFO  BackgroundPipelineScrubber (BackgroundSCMService.java:notifyStatusChanged(82)) - Service BackgroundPipelineScrubber transitions to RUNNING.
2024-01-30 07:45:31,001 [EventQueue-OpenPipelineForHealthyPipelineSafeModeRule] INFO  ExpiredContainerReplicaOpScrubber (BackgroundSCMService.java:notifyStatusChanged(82)) - Service ExpiredContainerReplicaOpScrubber transitions to RUNNING.
2024-01-30 07:45:31,001 [EventQueue-OpenPipelineForHealthyPipelineSafeModeRule] INFO  block.SCMBlockDeletingService (SCMBlockDeletingService.java:notifyStatusChanged(247)) - notifyStatusChanged:RUNNING
2024-01-30 07:45:31,001 [EventQueue-OpenPipelineForHealthyPipelineSafeModeRule] INFO  replication.ReplicationManager (ReplicationManager.java:notifyStatusChanged(1401)) - Service ReplicationManager transitions to RUNNING.
2024-01-30 07:45:31,001 [EventQueue-OpenPipelineForHealthyPipelineSafeModeRule] WARN  balancer.ContainerBalancer (ContainerBalancer.java:shouldRun(134)) - Could not find persisted configuration for ContainerBalancer when checking if ContainerBalancer should run. ContainerBalancer should not run now.
2024-01-30 07:45:31,003 [ce491c53-a544-4921-9edd-2ea5f993f9d2@group-B54A4A0E8004-LeaderElection17] INFO  server.RaftServer$Division (ServerState.java:setRaftConf(386)) - ce491c53-a544-4921-9edd-2ea5f993f9d2@group-B54A4A0E8004: set configuration 0: peers:[d07b3c51-3354-45f5-8abc-ab9fc0487f36|10.1.0.48:15076, ce491c53-a544-4921-9edd-2ea5f993f9d2|10.1.0.48:15094, b0b6b7fd-b71c-48b9-9e8b-e03541d31df9|10.1.0.48:15085]|listeners:[], old=null
2024-01-30 07:45:31,003 [d07b3c51-3354-45f5-8abc-ab9fc0487f36@group-8413612DC804-FollowerState] INFO  impl.FollowerState (FollowerState.java:run(143)) - d07b3c51-3354-45f5-8abc-ab9fc0487f36@group-8413612DC804-FollowerState: change to CANDIDATE, lastRpcElapsedTime:5037547129ns, electionTimeout:5034ms
2024-01-30 07:45:31,004 [d07b3c51-3354-45f5-8abc-ab9fc0487f36@group-8413612DC804-FollowerState] INFO  impl.RoleInfo (RoleInfo.java:shutdownFollowerState(110)) - d07b3c51-3354-45f5-8abc-ab9fc0487f36: shutdown d07b3c51-3354-45f5-8abc-ab9fc0487f36@group-8413612DC804-FollowerState
2024-01-30 07:45:31,004 [d07b3c51-3354-45f5-8abc-ab9fc0487f36@group-8413612DC804-FollowerState] INFO  server.RaftServer$Division (RaftServerImpl.java:setRole(383)) - d07b3c51-3354-45f5-8abc-ab9fc0487f36@group-8413612DC804: changes role from  FOLLOWER to CANDIDATE at term 0 for changeToCandidate
2024-01-30 07:45:31,004 [d07b3c51-3354-45f5-8abc-ab9fc0487f36@group-8413612DC804-FollowerState] INFO  server.RaftServerConfigKeys (ConfUtils.java:logGet(46)) - raft.server.leaderelection.pre-vote = true (default)
2024-01-30 07:45:31,004 [d07b3c51-3354-45f5-8abc-ab9fc0487f36@group-8413612DC804-FollowerState] INFO  impl.RoleInfo (RoleInfo.java:updateAndGet(139)) - d07b3c51-3354-45f5-8abc-ab9fc0487f36: start d07b3c51-3354-45f5-8abc-ab9fc0487f36@group-8413612DC804-LeaderElection18
2024-01-30 07:45:31,006 [ce491c53-a544-4921-9edd-2ea5f993f9d2@group-8413612DC804-FollowerState] INFO  impl.FollowerState (FollowerState.java:run(143)) - ce491c53-a544-4921-9edd-2ea5f993f9d2@group-8413612DC804-FollowerState: change to CANDIDATE, lastRpcElapsedTime:5016903134ns, electionTimeout:5014ms
2024-01-30 07:45:31,006 [d07b3c51-3354-45f5-8abc-ab9fc0487f36@group-8413612DC804-LeaderElection18] INFO  impl.LeaderElection (LeaderElection.java:askForVotes(321)) - d07b3c51-3354-45f5-8abc-ab9fc0487f36@group-8413612DC804-LeaderElection18 PRE_VOTE round 0: submit vote requests at term 0 for -1: peers:[d07b3c51-3354-45f5-8abc-ab9fc0487f36|10.1.0.48:15076, ce491c53-a544-4921-9edd-2ea5f993f9d2|10.1.0.48:15094, b0b6b7fd-b71c-48b9-9e8b-e03541d31df9|10.1.0.48:15085]|listeners:[], old=null
2024-01-30 07:45:31,006 [ce491c53-a544-4921-9edd-2ea5f993f9d2@group-8413612DC804-FollowerState] INFO  impl.RoleInfo (RoleInfo.java:shutdownFollowerState(110)) - ce491c53-a544-4921-9edd-2ea5f993f9d2: shutdown ce491c53-a544-4921-9edd-2ea5f993f9d2@group-8413612DC804-FollowerState
2024-01-30 07:45:31,006 [ce491c53-a544-4921-9edd-2ea5f993f9d2@group-8413612DC804-FollowerState] INFO  server.RaftServer$Division (RaftServerImpl.java:setRole(383)) - ce491c53-a544-4921-9edd-2ea5f993f9d2@group-8413612DC804: changes role from  FOLLOWER to CANDIDATE at term 0 for changeToCandidate
2024-01-30 07:45:31,007 [ce491c53-a544-4921-9edd-2ea5f993f9d2@group-8413612DC804-FollowerState] INFO  server.RaftServerConfigKeys (ConfUtils.java:logGet(46)) - raft.server.leaderelection.pre-vote = true (default)
2024-01-30 07:45:31,007 [ce491c53-a544-4921-9edd-2ea5f993f9d2@group-8413612DC804-FollowerState] INFO  impl.RoleInfo (RoleInfo.java:updateAndGet(139)) - ce491c53-a544-4921-9edd-2ea5f993f9d2: start ce491c53-a544-4921-9edd-2ea5f993f9d2@group-8413612DC804-LeaderElection19
2024-01-30 07:45:31,007 [d07b3c51-3354-45f5-8abc-ab9fc0487f36@group-8413612DC804-LeaderElection18] INFO  server.RaftServerConfigKeys (ConfUtils.java:logFallback(53)) - raft.server.rpc.first-election.timeout.min = 5s (fallback to raft.server.rpc.timeout.min)
2024-01-30 07:45:31,007 [d07b3c51-3354-45f5-8abc-ab9fc0487f36@group-8413612DC804-LeaderElection18] INFO  server.RaftServerConfigKeys (ConfUtils.java:logFallback(53)) - raft.server.rpc.first-election.timeout.max = 5200ms (fallback to raft.server.rpc.timeout.max)
2024-01-30 07:45:31,007 [ce491c53-a544-4921-9edd-2ea5f993f9d2@group-B54A4A0E8004-SegmentedRaftLogWorker] INFO  segmented.SegmentedRaftLogWorker (SegmentedRaftLogWorker.java:execute(634)) - ce491c53-a544-4921-9edd-2ea5f993f9d2@group-B54A4A0E8004-SegmentedRaftLogWorker: created new log segment /home/runner/work/ozone/ozone/hadoop-ozone/integration-test/target/test-dir/MiniOzoneClusterImpl-3ad60551-d9fb-454a-addc-4d3fe7110c5e/datanode-2/data/ratis/ae1c78c0-4138-490c-8fb7-b54a4a0e8004/current/log_inprogress_0
2024-01-30 07:45:31,008 [d07b3c51-3354-45f5-8abc-ab9fc0487f36@group-8413612DC804-LeaderElection18-1] INFO  server.GrpcServerProtocolClient (GrpcServerProtocolClient.java:<init>(65)) - Build channel for ce491c53-a544-4921-9edd-2ea5f993f9d2|10.1.0.48:15094
2024-01-30 07:45:31,011 [d07b3c51-3354-45f5-8abc-ab9fc0487f36@group-8413612DC804-LeaderElection18-2] INFO  server.GrpcServerProtocolClient (GrpcServerProtocolClient.java:<init>(65)) - Build channel for b0b6b7fd-b71c-48b9-9e8b-e03541d31df9|10.1.0.48:15085
2024-01-30 07:45:31,014 [d07b3c51-3354-45f5-8abc-ab9fc0487f36-server-thread1] INFO  ratis.XceiverServerRatis (XceiverServerRatis.java:handleLeaderChangedNotification(966)) - Leader change notification received for group: group-B54A4A0E8004 with new leaderId: ce491c53-a544-4921-9edd-2ea5f993f9d2
2024-01-30 07:45:31,014 [d07b3c51-3354-45f5-8abc-ab9fc0487f36-server-thread1] INFO  server.RaftServer$Division (ServerState.java:setLeader(269)) - d07b3c51-3354-45f5-8abc-ab9fc0487f36@group-B54A4A0E8004: change Leader from null to ce491c53-a544-4921-9edd-2ea5f993f9d2 at term 1 for appendEntries, leader elected after 5153ms
2024-01-30 07:45:31,014 [ce491c53-a544-4921-9edd-2ea5f993f9d2@group-8413612DC804-LeaderElection19] INFO  impl.LeaderElection (LeaderElection.java:askForVotes(321)) - ce491c53-a544-4921-9edd-2ea5f993f9d2@group-8413612DC804-LeaderElection19 PRE_VOTE round 0: submit vote requests at term 0 for -1: peers:[d07b3c51-3354-45f5-8abc-ab9fc0487f36|10.1.0.48:15076, ce491c53-a544-4921-9edd-2ea5f993f9d2|10.1.0.48:15094, b0b6b7fd-b71c-48b9-9e8b-e03541d31df9|10.1.0.48:15085]|listeners:[], old=null
2024-01-30 07:45:31,015 [b0b6b7fd-b71c-48b9-9e8b-e03541d31df9-server-thread2] INFO  ratis.XceiverServerRatis (XceiverServerRatis.java:handleLeaderChangedNotification(966)) - Leader change notification received for group: group-B54A4A0E8004 with new leaderId: ce491c53-a544-4921-9edd-2ea5f993f9d2
2024-01-30 07:45:31,015 [b0b6b7fd-b71c-48b9-9e8b-e03541d31df9-server-thread2] INFO  server.RaftServer$Division (ServerState.java:setLeader(269)) - b0b6b7fd-b71c-48b9-9e8b-e03541d31df9@group-B54A4A0E8004: change Leader from null to ce491c53-a544-4921-9edd-2ea5f993f9d2 at term 1 for appendEntries, leader elected after 5089ms
2024-01-30 07:45:31,022 [ce491c53-a544-4921-9edd-2ea5f993f9d2@group-8413612DC804-LeaderElection19] INFO  server.RaftServerConfigKeys (ConfUtils.java:logFallback(53)) - raft.server.rpc.first-election.timeout.min = 5s (fallback to raft.server.rpc.timeout.min)
2024-01-30 07:45:31,022 [ce491c53-a544-4921-9edd-2ea5f993f9d2@group-8413612DC804-LeaderElection19] INFO  server.RaftServerConfigKeys (ConfUtils.java:logFallback(53)) - raft.server.rpc.first-election.timeout.max = 5200ms (fallback to raft.server.rpc.timeout.max)
2024-01-30 07:45:31,022 [grpc-default-executor-0] INFO  server.RaftServer$Division (RaftServerImpl.java:requestVote(1389)) - b0b6b7fd-b71c-48b9-9e8b-e03541d31df9@group-8413612DC804: receive requestVote(PRE_VOTE, ce491c53-a544-4921-9edd-2ea5f993f9d2, group-8413612DC804, 0, (t:0, i:0))
2024-01-30 07:45:31,022 [grpc-default-executor-0] INFO  impl.VoteContext (VoteContext.java:log(49)) - b0b6b7fd-b71c-48b9-9e8b-e03541d31df9@group-8413612DC804-FOLLOWER: accept PRE_VOTE from ce491c53-a544-4921-9edd-2ea5f993f9d2: our priority 0 <= candidate's priority 0
2024-01-30 07:45:31,022 [grpc-default-executor-0] INFO  server.RaftServer$Division (RaftServerImpl.java:requestVote(1422)) - b0b6b7fd-b71c-48b9-9e8b-e03541d31df9@group-8413612DC804 replies to PRE_VOTE vote request: ce491c53-a544-4921-9edd-2ea5f993f9d2<-b0b6b7fd-b71c-48b9-9e8b-e03541d31df9#0:OK-t0. Peer's state: b0b6b7fd-b71c-48b9-9e8b-e03541d31df9@group-8413612DC804:t0, leader=null, voted=, raftlog=Memoized:b0b6b7fd-b71c-48b9-9e8b-e03541d31df9@group-8413612DC804-SegmentedRaftLog:OPENED:c-1, conf=-1: peers:[d07b3c51-3354-45f5-8abc-ab9fc0487f36|10.1.0.48:15076, ce491c53-a544-4921-9edd-2ea5f993f9d2|10.1.0.48:15094, b0b6b7fd-b71c-48b9-9e8b-e03541d31df9|10.1.0.48:15085]|listeners:[], old=null
2024-01-30 07:45:31,024 [d07b3c51-3354-45f5-8abc-ab9fc0487f36-server-thread1] INFO  server.RaftServer$Division (ServerState.java:setRaftConf(386)) - d07b3c51-3354-45f5-8abc-ab9fc0487f36@group-B54A4A0E8004: set configuration 0: peers:[d07b3c51-3354-45f5-8abc-ab9fc0487f36|10.1.0.48:15076, ce491c53-a544-4921-9edd-2ea5f993f9d2|10.1.0.48:15094, b0b6b7fd-b71c-48b9-9e8b-e03541d31df9|10.1.0.48:15085]|listeners:[], old=null
2024-01-30 07:45:31,024 [d07b3c51-3354-45f5-8abc-ab9fc0487f36-server-thread1] INFO  segmented.SegmentedRaftLogWorker (SegmentedRaftLogWorker.java:startLogSegment(430)) - d07b3c51-3354-45f5-8abc-ab9fc0487f36@group-B54A4A0E8004-SegmentedRaftLogWorker: Starting segment from index:0
2024-01-30 07:45:31,025 [b0b6b7fd-b71c-48b9-9e8b-e03541d31df9-server-thread1] INFO  server.RaftServer$Division (ServerState.java:setRaftConf(386)) - b0b6b7fd-b71c-48b9-9e8b-e03541d31df9@group-B54A4A0E8004: set configuration 0: peers:[d07b3c51-3354-45f5-8abc-ab9fc0487f36|10.1.0.48:15076, ce491c53-a544-4921-9edd-2ea5f993f9d2|10.1.0.48:15094, b0b6b7fd-b71c-48b9-9e8b-e03541d31df9|10.1.0.48:15085]|listeners:[], old=null
2024-01-30 07:45:31,025 [b0b6b7fd-b71c-48b9-9e8b-e03541d31df9-server-thread1] INFO  segmented.SegmentedRaftLogWorker (SegmentedRaftLogWorker.java:startLogSegment(430)) - b0b6b7fd-b71c-48b9-9e8b-e03541d31df9@group-B54A4A0E8004-SegmentedRaftLogWorker: Starting segment from index:0
2024-01-30 07:45:31,025 [b0b6b7fd-b71c-48b9-9e8b-e03541d31df9@group-B54A4A0E8004-SegmentedRaftLogWorker] INFO  segmented.BufferedWriteChannel (BufferedWriteChannel.java:open(62)) - open log_inprogress_0 at position 0
2024-01-30 07:45:31,025 [d07b3c51-3354-45f5-8abc-ab9fc0487f36@group-B54A4A0E8004-SegmentedRaftLogWorker] INFO  segmented.BufferedWriteChannel (BufferedWriteChannel.java:open(62)) - open log_inprogress_0 at position 0
2024-01-30 07:45:31,025 [grpc-default-executor-2] INFO  server.RaftServer$Division (RaftServerImpl.java:requestVote(1389)) - d07b3c51-3354-45f5-8abc-ab9fc0487f36@group-8413612DC804: receive requestVote(PRE_VOTE, ce491c53-a544-4921-9edd-2ea5f993f9d2, group-8413612DC804, 0, (t:0, i:0))
2024-01-30 07:45:31,025 [grpc-default-executor-2] INFO  impl.VoteContext (VoteContext.java:log(49)) - d07b3c51-3354-45f5-8abc-ab9fc0487f36@group-8413612DC804-CANDIDATE: reject PRE_VOTE from ce491c53-a544-4921-9edd-2ea5f993f9d2: our priority 1 > candidate's priority 0
2024-01-30 07:45:31,026 [grpc-default-executor-2] INFO  server.RaftServer$Division (RaftServerImpl.java:requestVote(1422)) - d07b3c51-3354-45f5-8abc-ab9fc0487f36@group-8413612DC804 replies to PRE_VOTE vote request: ce491c53-a544-4921-9edd-2ea5f993f9d2<-d07b3c51-3354-45f5-8abc-ab9fc0487f36#0:FAIL-t0. Peer's state: d07b3c51-3354-45f5-8abc-ab9fc0487f36@group-8413612DC804:t0, leader=null, voted=, raftlog=Memoized:d07b3c51-3354-45f5-8abc-ab9fc0487f36@group-8413612DC804-SegmentedRaftLog:OPENED:c-1, conf=-1: peers:[d07b3c51-3354-45f5-8abc-ab9fc0487f36|10.1.0.48:15076, ce491c53-a544-4921-9edd-2ea5f993f9d2|10.1.0.48:15094, b0b6b7fd-b71c-48b9-9e8b-e03541d31df9|10.1.0.48:15085]|listeners:[], old=null
2024-01-30 07:45:31,029 [grpc-default-executor-5] INFO  server.RaftServer$Division (RaftServerImpl.java:requestVote(1389)) - b0b6b7fd-b71c-48b9-9e8b-e03541d31df9@group-8413612DC804: receive requestVote(PRE_VOTE, d07b3c51-3354-45f5-8abc-ab9fc0487f36, group-8413612DC804, 0, (t:0, i:0))
2024-01-30 07:45:31,029 [grpc-default-executor-5] INFO  impl.VoteContext (VoteContext.java:log(49)) - b0b6b7fd-b71c-48b9-9e8b-e03541d31df9@group-8413612DC804-FOLLOWER: accept PRE_VOTE from d07b3c51-3354-45f5-8abc-ab9fc0487f36: our priority 0 <= candidate's priority 1
2024-01-30 07:45:31,029 [grpc-default-executor-5] INFO  server.RaftServer$Division (RaftServerImpl.java:requestVote(1422)) - b0b6b7fd-b71c-48b9-9e8b-e03541d31df9@group-8413612DC804 replies to PRE_VOTE vote request: d07b3c51-3354-45f5-8abc-ab9fc0487f36<-b0b6b7fd-b71c-48b9-9e8b-e03541d31df9#0:OK-t0. Peer's state: b0b6b7fd-b71c-48b9-9e8b-e03541d31df9@group-8413612DC804:t0, leader=null, voted=, raftlog=Memoized:b0b6b7fd-b71c-48b9-9e8b-e03541d31df9@group-8413612DC804-SegmentedRaftLog:OPENED:c-1, conf=-1: peers:[d07b3c51-3354-45f5-8abc-ab9fc0487f36|10.1.0.48:15076, ce491c53-a544-4921-9edd-2ea5f993f9d2|10.1.0.48:15094, b0b6b7fd-b71c-48b9-9e8b-e03541d31df9|10.1.0.48:15085]|listeners:[], old=null
2024-01-30 07:45:31,032 [ce491c53-a544-4921-9edd-2ea5f993f9d2@group-8413612DC804-LeaderElection19] INFO  impl.LeaderElection (LeaderElection.java:logAndReturn(89)) - ce491c53-a544-4921-9edd-2ea5f993f9d2@group-8413612DC804-LeaderElection19: PRE_VOTE REJECTED received 2 response(s) and 0 exception(s):
2024-01-30 07:45:31,032 [ce491c53-a544-4921-9edd-2ea5f993f9d2@group-8413612DC804-LeaderElection19] INFO  impl.LeaderElection (LeaderElection.java:logAndReturn(93)) -   Response 0: ce491c53-a544-4921-9edd-2ea5f993f9d2<-d07b3c51-3354-45f5-8abc-ab9fc0487f36#0:FAIL-t0
2024-01-30 07:45:31,032 [grpc-default-executor-3] INFO  server.RaftServer$Division (RaftServerImpl.java:requestVote(1389)) - ce491c53-a544-4921-9edd-2ea5f993f9d2@group-8413612DC804: receive requestVote(PRE_VOTE, d07b3c51-3354-45f5-8abc-ab9fc0487f36, group-8413612DC804, 0, (t:0, i:0))
2024-01-30 07:45:31,032 [grpc-default-executor-3] INFO  impl.VoteContext (VoteContext.java:log(49)) - ce491c53-a544-4921-9edd-2ea5f993f9d2@group-8413612DC804-CANDIDATE: accept PRE_VOTE from d07b3c51-3354-45f5-8abc-ab9fc0487f36: our priority 0 <= candidate's priority 1
2024-01-30 07:45:31,032 [ce491c53-a544-4921-9edd-2ea5f993f9d2@group-8413612DC804-LeaderElection19] INFO  impl.LeaderElection (LeaderElection.java:logAndReturn(93)) -   Response 1: ce491c53-a544-4921-9edd-2ea5f993f9d2<-b0b6b7fd-b71c-48b9-9e8b-e03541d31df9#0:OK-t0
2024-01-30 07:45:31,032 [grpc-default-executor-3] INFO  server.RaftServer$Division (RaftServerImpl.java:requestVote(1422)) - ce491c53-a544-4921-9edd-2ea5f993f9d2@group-8413612DC804 replies to PRE_VOTE vote request: d07b3c51-3354-45f5-8abc-ab9fc0487f36<-ce491c53-a544-4921-9edd-2ea5f993f9d2#0:OK-t0. Peer's state: ce491c53-a544-4921-9edd-2ea5f993f9d2@group-8413612DC804:t0, leader=null, voted=, raftlog=Memoized:ce491c53-a544-4921-9edd-2ea5f993f9d2@group-8413612DC804-SegmentedRaftLog:OPENED:c-1, conf=-1: peers:[d07b3c51-3354-45f5-8abc-ab9fc0487f36|10.1.0.48:15076, ce491c53-a544-4921-9edd-2ea5f993f9d2|10.1.0.48:15094, b0b6b7fd-b71c-48b9-9e8b-e03541d31df9|10.1.0.48:15085]|listeners:[], old=null
2024-01-30 07:45:31,033 [ce491c53-a544-4921-9edd-2ea5f993f9d2@group-8413612DC804-LeaderElection19] INFO  impl.LeaderElection (LeaderElection.java:askForVotes(323)) - ce491c53-a544-4921-9edd-2ea5f993f9d2@group-8413612DC804-LeaderElection19 PRE_VOTE round 0: result REJECTED
2024-01-30 07:45:31,033 [ce491c53-a544-4921-9edd-2ea5f993f9d2@group-8413612DC804-LeaderElection19] INFO  server.RaftServer$Division (RaftServerImpl.java:setRole(383)) - ce491c53-a544-4921-9edd-2ea5f993f9d2@group-8413612DC804: changes role from CANDIDATE to FOLLOWER at term 0 for REJECTED
2024-01-30 07:45:31,033 [ce491c53-a544-4921-9edd-2ea5f993f9d2@group-8413612DC804-LeaderElection19] INFO  impl.RoleInfo (RoleInfo.java:shutdownLeaderElection(130)) - ce491c53-a544-4921-9edd-2ea5f993f9d2: shutdown ce491c53-a544-4921-9edd-2ea5f993f9d2@group-8413612DC804-LeaderElection19
2024-01-30 07:45:31,033 [ce491c53-a544-4921-9edd-2ea5f993f9d2@group-8413612DC804-LeaderElection19] INFO  impl.RoleInfo (RoleInfo.java:updateAndGet(139)) - ce491c53-a544-4921-9edd-2ea5f993f9d2: start ce491c53-a544-4921-9edd-2ea5f993f9d2@group-8413612DC804-FollowerState
2024-01-30 07:45:31,033 [ce491c53-a544-4921-9edd-2ea5f993f9d2@group-8413612DC804-LeaderElection19] INFO  server.RaftServer$Division (RaftServerImpl.java:setFirstElection(574)) - ce491c53-a544-4921-9edd-2ea5f993f9d2@group-8413612DC804: set firstElectionSinceStartup to false for REJECTED
2024-01-30 07:45:31,033 [d07b3c51-3354-45f5-8abc-ab9fc0487f36@group-8413612DC804-LeaderElection18] INFO  impl.LeaderElection (LeaderElection.java:logAndReturn(89)) - d07b3c51-3354-45f5-8abc-ab9fc0487f36@group-8413612DC804-LeaderElection18: PRE_VOTE PASSED received 1 response(s) and 0 exception(s):
2024-01-30 07:45:31,033 [d07b3c51-3354-45f5-8abc-ab9fc0487f36@group-8413612DC804-LeaderElection18] INFO  impl.LeaderElection (LeaderElection.java:logAndReturn(93)) -   Response 0: d07b3c51-3354-45f5-8abc-ab9fc0487f36<-ce491c53-a544-4921-9edd-2ea5f993f9d2#0:OK-t0
2024-01-30 07:45:31,034 [d07b3c51-3354-45f5-8abc-ab9fc0487f36@group-8413612DC804-LeaderElection18] INFO  impl.LeaderElection (LeaderElection.java:askForVotes(323)) - d07b3c51-3354-45f5-8abc-ab9fc0487f36@group-8413612DC804-LeaderElection18 PRE_VOTE round 0: result PASSED
2024-01-30 07:45:31,038 [d07b3c51-3354-45f5-8abc-ab9fc0487f36@group-B54A4A0E8004-SegmentedRaftLogWorker] INFO  segmented.SegmentedRaftLogWorker (SegmentedRaftLogWorker.java:execute(634)) - d07b3c51-3354-45f5-8abc-ab9fc0487f36@group-B54A4A0E8004-SegmentedRaftLogWorker: created new log segment /home/runner/work/ozone/ozone/hadoop-ozone/integration-test/target/test-dir/MiniOzoneClusterImpl-3ad60551-d9fb-454a-addc-4d3fe7110c5e/datanode-0/data/ratis/ae1c78c0-4138-490c-8fb7-b54a4a0e8004/current/log_inprogress_0
2024-01-30 07:45:31,038 [b0b6b7fd-b71c-48b9-9e8b-e03541d31df9@group-B54A4A0E8004-SegmentedRaftLogWorker] INFO  segmented.SegmentedRaftLogWorker (SegmentedRaftLogWorker.java:execute(634)) - b0b6b7fd-b71c-48b9-9e8b-e03541d31df9@group-B54A4A0E8004-SegmentedRaftLogWorker: created new log segment /home/runner/work/ozone/ozone/hadoop-ozone/integration-test/target/test-dir/MiniOzoneClusterImpl-3ad60551-d9fb-454a-addc-4d3fe7110c5e/datanode-1/data/ratis/ae1c78c0-4138-490c-8fb7-b54a4a0e8004/current/log_inprogress_0
2024-01-30 07:45:31,038 [d07b3c51-3354-45f5-8abc-ab9fc0487f36@group-8413612DC804-LeaderElection18] INFO  impl.LeaderElection (LeaderElection.java:askForVotes(321)) - d07b3c51-3354-45f5-8abc-ab9fc0487f36@group-8413612DC804-LeaderElection18 ELECTION round 0: submit vote requests at term 1 for -1: peers:[d07b3c51-3354-45f5-8abc-ab9fc0487f36|10.1.0.48:15076, ce491c53-a544-4921-9edd-2ea5f993f9d2|10.1.0.48:15094, b0b6b7fd-b71c-48b9-9e8b-e03541d31df9|10.1.0.48:15085]|listeners:[], old=null
2024-01-30 07:45:31,040 [grpc-default-executor-3] INFO  server.RaftServer$Division (RaftServerImpl.java:requestVote(1389)) - ce491c53-a544-4921-9edd-2ea5f993f9d2@group-8413612DC804: receive requestVote(ELECTION, d07b3c51-3354-45f5-8abc-ab9fc0487f36, group-8413612DC804, 1, (t:0, i:0))
2024-01-30 07:45:31,040 [grpc-default-executor-3] INFO  impl.VoteContext (VoteContext.java:log(49)) - ce491c53-a544-4921-9edd-2ea5f993f9d2@group-8413612DC804-FOLLOWER: accept ELECTION from d07b3c51-3354-45f5-8abc-ab9fc0487f36: our priority 0 <= candidate's priority 1
2024-01-30 07:45:31,040 [grpc-default-executor-3] INFO  server.RaftServer$Division (RaftServerImpl.java:setRole(383)) - ce491c53-a544-4921-9edd-2ea5f993f9d2@group-8413612DC804: changes role from  FOLLOWER to FOLLOWER at term 1 for candidate:d07b3c51-3354-45f5-8abc-ab9fc0487f36
2024-01-30 07:45:31,040 [grpc-default-executor-3] INFO  impl.RoleInfo (RoleInfo.java:shutdownFollowerState(110)) - ce491c53-a544-4921-9edd-2ea5f993f9d2: shutdown ce491c53-a544-4921-9edd-2ea5f993f9d2@group-8413612DC804-FollowerState
2024-01-30 07:45:31,041 [d07b3c51-3354-45f5-8abc-ab9fc0487f36@group-8413612DC804-LeaderElection18] INFO  server.RaftServerConfigKeys (ConfUtils.java:logFallback(53)) - raft.server.rpc.first-election.timeout.min = 5s (fallback to raft.server.rpc.timeout.min)
2024-01-30 07:45:31,041 [d07b3c51-3354-45f5-8abc-ab9fc0487f36@group-8413612DC804-LeaderElection18] INFO  server.RaftServerConfigKeys (ConfUtils.java:logFallback(53)) - raft.server.rpc.first-election.timeout.max = 5200ms (fallback to raft.server.rpc.timeout.max)
2024-01-30 07:45:31,042 [grpc-default-executor-3] INFO  impl.RoleInfo (RoleInfo.java:updateAndGet(139)) - ce491c53-a544-4921-9edd-2ea5f993f9d2: start ce491c53-a544-4921-9edd-2ea5f993f9d2@group-8413612DC804-FollowerState
2024-01-30 07:45:31,042 [ce491c53-a544-4921-9edd-2ea5f993f9d2@group-8413612DC804-FollowerState] INFO  impl.FollowerState (FollowerState.java:run(152)) - ce491c53-a544-4921-9edd-2ea5f993f9d2@group-8413612DC804-FollowerState was interrupted
2024-01-30 07:45:31,042 [ce491c53-a544-4921-9edd-2ea5f993f9d2@group-B54A4A0E8004-StateMachineUpdater] INFO  server.RaftServer$Division (LeaderStateImpl.java:isApplied(320)) - leader is ready since appliedIndex == 0 >= startIndex == 0
2024-01-30 07:45:31,043 [grpc-default-executor-5] INFO  server.RaftServer$Division (RaftServerImpl.java:requestVote(1389)) - b0b6b7fd-b71c-48b9-9e8b-e03541d31df9@group-8413612DC804: receive requestVote(ELECTION, d07b3c51-3354-45f5-8abc-ab9fc0487f36, group-8413612DC804, 1, (t:0, i:0))
2024-01-30 07:45:31,043 [grpc-default-executor-5] INFO  impl.VoteContext (VoteContext.java:log(49)) - b0b6b7fd-b71c-48b9-9e8b-e03541d31df9@group-8413612DC804-FOLLOWER: accept ELECTION from d07b3c51-3354-45f5-8abc-ab9fc0487f36: our priority 0 <= candidate's priority 1
2024-01-30 07:45:31,043 [grpc-default-executor-5] INFO  server.RaftServer$Division (RaftServerImpl.java:setRole(383)) - b0b6b7fd-b71c-48b9-9e8b-e03541d31df9@group-8413612DC804: changes role from  FOLLOWER to FOLLOWER at term 1 for candidate:d07b3c51-3354-45f5-8abc-ab9fc0487f36
2024-01-30 07:45:31,043 [grpc-default-executor-5] INFO  impl.RoleInfo (RoleInfo.java:shutdownFollowerState(110)) - b0b6b7fd-b71c-48b9-9e8b-e03541d31df9: shutdown b0b6b7fd-b71c-48b9-9e8b-e03541d31df9@group-8413612DC804-FollowerState
2024-01-30 07:45:31,045 [b0b6b7fd-b71c-48b9-9e8b-e03541d31df9@group-8413612DC804-FollowerState] INFO  impl.FollowerState (FollowerState.java:run(152)) - b0b6b7fd-b71c-48b9-9e8b-e03541d31df9@group-8413612DC804-FollowerState was interrupted
2024-01-30 07:45:31,045 [grpc-default-executor-5] INFO  impl.RoleInfo (RoleInfo.java:updateAndGet(139)) - b0b6b7fd-b71c-48b9-9e8b-e03541d31df9: start b0b6b7fd-b71c-48b9-9e8b-e03541d31df9@group-8413612DC804-FollowerState
2024-01-30 07:45:31,046 [grpc-default-executor-3] INFO  server.RaftServer$Division (RaftServerImpl.java:requestVote(1422)) - ce491c53-a544-4921-9edd-2ea5f993f9d2@group-8413612DC804 replies to ELECTION vote request: d07b3c51-3354-45f5-8abc-ab9fc0487f36<-ce491c53-a544-4921-9edd-2ea5f993f9d2#0:OK-t1. Peer's state: ce491c53-a544-4921-9edd-2ea5f993f9d2@group-8413612DC804:t1, leader=null, voted=d07b3c51-3354-45f5-8abc-ab9fc0487f36, raftlog=Memoized:ce491c53-a544-4921-9edd-2ea5f993f9d2@group-8413612DC804-SegmentedRaftLog:OPENED:c-1, conf=-1: peers:[d07b3c51-3354-45f5-8abc-ab9fc0487f36|10.1.0.48:15076, ce491c53-a544-4921-9edd-2ea5f993f9d2|10.1.0.48:15094, b0b6b7fd-b71c-48b9-9e8b-e03541d31df9|10.1.0.48:15085]|listeners:[], old=null
2024-01-30 07:45:31,048 [grpc-default-executor-5] INFO  server.RaftServer$Division (RaftServerImpl.java:setFirstElection(574)) - b0b6b7fd-b71c-48b9-9e8b-e03541d31df9@group-8413612DC804: set firstElectionSinceStartup to false for candidate:d07b3c51-3354-45f5-8abc-ab9fc0487f36
2024-01-30 07:45:31,049 [grpc-default-executor-5] INFO  server.RaftServer$Division (RaftServerImpl.java:requestVote(1422)) - b0b6b7fd-b71c-48b9-9e8b-e03541d31df9@group-8413612DC804 replies to ELECTION vote request: d07b3c51-3354-45f5-8abc-ab9fc0487f36<-b0b6b7fd-b71c-48b9-9e8b-e03541d31df9#0:OK-t1. Peer's state: b0b6b7fd-b71c-48b9-9e8b-e03541d31df9@group-8413612DC804:t1, leader=null, voted=d07b3c51-3354-45f5-8abc-ab9fc0487f36, raftlog=Memoized:b0b6b7fd-b71c-48b9-9e8b-e03541d31df9@group-8413612DC804-SegmentedRaftLog:OPENED:c-1, conf=-1: peers:[d07b3c51-3354-45f5-8abc-ab9fc0487f36|10.1.0.48:15076, ce491c53-a544-4921-9edd-2ea5f993f9d2|10.1.0.48:15094, b0b6b7fd-b71c-48b9-9e8b-e03541d31df9|10.1.0.48:15085]|listeners:[], old=null
2024-01-30 07:45:31,049 [d07b3c51-3354-45f5-8abc-ab9fc0487f36@group-8413612DC804-LeaderElection18] INFO  impl.LeaderElection (LeaderElection.java:logAndReturn(89)) - d07b3c51-3354-45f5-8abc-ab9fc0487f36@group-8413612DC804-LeaderElection18: ELECTION PASSED received 1 response(s) and 0 exception(s):
2024-01-30 07:45:31,049 [d07b3c51-3354-45f5-8abc-ab9fc0487f36@group-8413612DC804-LeaderElection18] INFO  impl.LeaderElection (LeaderElection.java:logAndReturn(93)) -   Response 0: d07b3c51-3354-45f5-8abc-ab9fc0487f36<-ce491c53-a544-4921-9edd-2ea5f993f9d2#0:OK-t1
2024-01-30 07:45:31,049 [d07b3c51-3354-45f5-8abc-ab9fc0487f36@group-8413612DC804-LeaderElection18] INFO  impl.LeaderElection (LeaderElection.java:askForVotes(323)) - d07b3c51-3354-45f5-8abc-ab9fc0487f36@group-8413612DC804-LeaderElection18 ELECTION round 0: result PASSED
2024-01-30 07:45:31,049 [d07b3c51-3354-45f5-8abc-ab9fc0487f36@group-8413612DC804-LeaderElection18] INFO  impl.RoleInfo (RoleInfo.java:shutdownLeaderElection(130)) - d07b3c51-3354-45f5-8abc-ab9fc0487f36: shutdown d07b3c51-3354-45f5-8abc-ab9fc0487f36@group-8413612DC804-LeaderElection18
2024-01-30 07:45:31,049 [d07b3c51-3354-45f5-8abc-ab9fc0487f36@group-8413612DC804-LeaderElection18] INFO  server.RaftServer$Division (RaftServerImpl.java:setRole(383)) - d07b3c51-3354-45f5-8abc-ab9fc0487f36@group-8413612DC804: changes role from CANDIDATE to LEADER at term 1 for changeToLeader
2024-01-30 07:45:31,049 [d07b3c51-3354-45f5-8abc-ab9fc0487f36@group-8413612DC804-LeaderElection18] INFO  server.RaftServerConfigKeys (ConfUtils.java:logGet(46)) - raft.server.staging.catchup.gap = 1000 (default)
2024-01-30 07:45:31,050 [d07b3c51-3354-45f5-8abc-ab9fc0487f36@group-8413612DC804-LeaderElection18] INFO  server.RaftServerConfigKeys (ConfUtils.java:logGet(46)) - raft.server.write.element-limit = 1024 (custom)
2024-01-30 07:45:31,050 [d07b3c51-3354-45f5-8abc-ab9fc0487f36@group-8413612DC804-LeaderElection18] INFO  server.RaftServerConfigKeys (ConfUtils.java:logGet(46)) - raft.server.write.byte-limit = 1024 M (=1073741824) (custom)
2024-01-30 07:45:31,050 [d07b3c51-3354-45f5-8abc-ab9fc0487f36@group-8413612DC804-LeaderElection18] INFO  server.RaftServerConfigKeys (ConfUtils.java:logGet(46)) - raft.server.watch.timeout = 180s (custom)
2024-01-30 07:45:31,050 [d07b3c51-3354-45f5-8abc-ab9fc0487f36@group-8413612DC804-LeaderElection18] INFO  server.RaftServerConfigKeys (ConfUtils.java:logGet(46)) - raft.server.watch.timeout.denomination = 1s (default)
2024-01-30 07:45:31,050 [d07b3c51-3354-45f5-8abc-ab9fc0487f36@group-8413612DC804-LeaderElection18] INFO  server.RaftServerConfigKeys (ConfUtils.java:logGet(46)) - raft.server.watch.element-limit = 65536 (default)
2024-01-30 07:45:31,050 [d07b3c51-3354-45f5-8abc-ab9fc0487f36@group-8413612DC804-LeaderElection18] INFO  server.RaftServerConfigKeys (ConfUtils.java:logGet(46)) - raft.server.read.leader.lease.enabled = false (default)
2024-01-30 07:45:31,050 [d07b3c51-3354-45f5-8abc-ab9fc0487f36@group-8413612DC804-LeaderElection18] INFO  server.RaftServerConfigKeys (ConfUtils.java:logGet(46)) - raft.server.read.leader.lease.timeout.ratio = 0.9 (default)
2024-01-30 07:45:31,050 [d07b3c51-3354-45f5-8abc-ab9fc0487f36@group-8413612DC804-LeaderElection18] INFO  server.RaftServerConfigKeys (ConfUtils.java:logGet(46)) - raft.server.rpc.timeout.min = 5s (custom)
2024-01-30 07:45:31,050 [d07b3c51-3354-45f5-8abc-ab9fc0487f36@group-8413612DC804-LeaderElection18] INFO  server.RaftServerConfigKeys (ConfUtils.java:logGet(46)) - raft.server.write.element-limit = 1024 (custom)
2024-01-30 07:45:31,050 [d07b3c51-3354-45f5-8abc-ab9fc0487f36@group-8413612DC804-LeaderElection18] INFO  server.RaftServerConfigKeys (ConfUtils.java:logGet(46)) - raft.server.write.follower.gap.ratio.max = -1.0 (default)
2024-01-30 07:45:31,051 [d07b3c51-3354-45f5-8abc-ab9fc0487f36@group-8413612DC804-LeaderElection18] INFO  server.RaftServerConfigKeys (ConfUtils.java:logGet(46)) - raft.server.log.appender.snapshot.chunk.size.max = 16MB (=16777216) (default)
2024-01-30 07:45:31,051 [d07b3c51-3354-45f5-8abc-ab9fc0487f36@group-8413612DC804-LeaderElection18] INFO  server.RaftServerConfigKeys (ConfUtils.java:logGet(46)) - raft.server.log.appender.buffer.byte-limit = 8388608 (custom)
2024-01-30 07:45:31,051 [d07b3c51-3354-45f5-8abc-ab9fc0487f36@group-8413612DC804-LeaderElection18] INFO  server.RaftServerConfigKeys (ConfUtils.java:logGet(46)) - raft.server.log.appender.buffer.element-limit = 1 (custom)
2024-01-30 07:45:31,051 [d07b3c51-3354-45f5-8abc-ab9fc0487f36@group-8413612DC804-LeaderElection18] INFO  server.RaftServerConfigKeys (ConfUtils.java:logGet(46)) - raft.server.log.appender.wait-time.min = 0μs (custom)
2024-01-30 07:45:31,051 [d07b3c51-3354-45f5-8abc-ab9fc0487f36@group-8413612DC804-LeaderElection18] INFO  grpc.GrpcConfigKeys (ConfUtils.java:logGet(46)) - raft.grpc.server.leader.outstanding.appends.max = 8 (default)
2024-01-30 07:45:31,051 [d07b3c51-3354-45f5-8abc-ab9fc0487f36@group-8413612DC804-LeaderElection18] INFO  server.RaftServerConfigKeys (ConfUtils.java:logGet(46)) - raft.server.rpc.request.timeout = 60s (custom)
2024-01-30 07:45:31,051 [d07b3c51-3354-45f5-8abc-ab9fc0487f36@group-8413612DC804-LeaderElection18] INFO  grpc.GrpcConfigKeys (ConfUtils.java:logGet(46)) - raft.grpc.server.install_snapshot.request.element-limit = 8 (default)
2024-01-30 07:45:31,051 [d07b3c51-3354-45f5-8abc-ab9fc0487f36@group-8413612DC804-LeaderElection18] INFO  grpc.GrpcConfigKeys (ConfUtils.java:logGet(46)) - raft.grpc.server.install_snapshot.request.timeout = 3000ms (default)
2024-01-30 07:45:31,051 [d07b3c51-3354-45f5-8abc-ab9fc0487f36@group-8413612DC804-LeaderElection18] INFO  grpc.GrpcConfigKeys (ConfUtils.java:logGet(46)) - raft.grpc.server.log-message.batch.duration = 5s (default)
2024-01-30 07:45:31,051 [d07b3c51-3354-45f5-8abc-ab9fc0487f36@group-8413612DC804-LeaderElection18] INFO  server.RaftServerConfigKeys (ConfUtils.java:logGet(46)) - raft.server.log.appender.install.snapshot.enabled = false (custom)
2024-01-30 07:45:31,051 [main] INFO  ozone.MiniOzoneClusterImpl (MiniOzoneClusterImpl.java:lambda$waitForClusterToBeReady$0(229)) - Nodes are ready. Got 3 of 3 DN Heartbeats.
2024-01-30 07:45:31,051 [main] INFO  ozone.MiniOzoneClusterImpl (MiniOzoneClusterImpl.java:lambda$waitForClusterToBeReady$0(232)) - Cluster exits safe mode
2024-01-30 07:45:31,052 [main] INFO  ozone.MiniOzoneClusterImpl (MiniOzoneClusterImpl.java:lambda$waitForClusterToBeReady$0(234)) - SCM became leader
2024-01-30 07:45:31,051 [d07b3c51-3354-45f5-8abc-ab9fc0487f36@group-8413612DC804-LeaderElection18] INFO  grpc.GrpcConfigKeys (ConfUtils.java:logGet(46)) - raft.grpc.server.heartbeat.channel = true (default)
2024-01-30 07:45:31,053 [d07b3c51-3354-45f5-8abc-ab9fc0487f36@group-8413612DC804-LeaderElection18] INFO  server.RaftServerConfigKeys (ConfUtils.java:logGet(46)) - raft.server.log.appender.snapshot.chunk.size.max = 16MB (=16777216) (default)
2024-01-30 07:45:31,053 [main] INFO  ozoneimpl.OzoneContainer (OzoneContainer.java:stop(479)) - Attempting to stop container services.
2024-01-30 07:45:31,054 [main] INFO  server.RaftServer (RaftServerProxy.java:lambda$close$9(416)) - d07b3c51-3354-45f5-8abc-ab9fc0487f36: close
2024-01-30 07:45:31,054 [d07b3c51-3354-45f5-8abc-ab9fc0487f36-impl-thread2] INFO  server.RaftServer$Division (RaftServerImpl.java:lambda$close$3(526)) - d07b3c51-3354-45f5-8abc-ab9fc0487f36@group-081A3AAC6D40: shutdown
2024-01-30 07:45:31,054 [d07b3c51-3354-45f5-8abc-ab9fc0487f36-impl-thread2] INFO  util.JmxRegister (JmxRegister.java:unregister(73)) - Successfully un-registered JMX Bean with object name Ratis:service=RaftServer,group=group-081A3AAC6D40,id=d07b3c51-3354-45f5-8abc-ab9fc0487f36
2024-01-30 07:45:31,054 [d07b3c51-3354-45f5-8abc-ab9fc0487f36-impl-thread2] INFO  impl.RoleInfo (RoleInfo.java:shutdownLeaderState(94)) - d07b3c51-3354-45f5-8abc-ab9fc0487f36: shutdown d07b3c51-3354-45f5-8abc-ab9fc0487f36@group-081A3AAC6D40-LeaderStateImpl
2024-01-30 07:45:31,054 [d07b3c51-3354-45f5-8abc-ab9fc0487f36-impl-thread2] INFO  impl.PendingRequests (PendingRequests.java:sendNotLeaderResponses(289)) - d07b3c51-3354-45f5-8abc-ab9fc0487f36@group-081A3AAC6D40-PendingRequests: sendNotLeaderResponses
2024-01-30 07:45:31,056 [d07b3c51-3354-45f5-8abc-ab9fc0487f36-impl-thread2] INFO  impl.StateMachineUpdater (StateMachineUpdater.java:stopAndJoin(157)) - d07b3c51-3354-45f5-8abc-ab9fc0487f36@group-081A3AAC6D40-StateMachineUpdater: set stopIndex = 0
2024-01-30 07:45:31,056 [d07b3c51-3354-45f5-8abc-ab9fc0487f36@group-081A3AAC6D40-StateMachineUpdater] INFO  ratis.ContainerStateMachine (ContainerStateMachine.java:takeSnapshot(355)) - group-081A3AAC6D40: Taking a snapshot at:(t:1, i:0) file /home/runner/work/ozone/ozone/hadoop-ozone/integration-test/target/test-dir/MiniOzoneClusterImpl-3ad60551-d9fb-454a-addc-4d3fe7110c5e/datanode-0/data/ratis/6535537f-9efe-4915-b5f4-081a3aac6d40/sm/snapshot.1_0
2024-01-30 07:45:31,056 [main] INFO  server.GrpcService (GrpcService.java:closeImpl(311)) - d07b3c51-3354-45f5-8abc-ab9fc0487f36: shutdown server org.apache.ratis.grpc.server.GrpcClientProtocolService now
2024-01-30 07:45:31,058 [d07b3c51-3354-45f5-8abc-ab9fc0487f36@group-8413612DC804-LeaderElection18] INFO  server.RaftServerConfigKeys (ConfUtils.java:logGet(46)) - raft.server.log.appender.buffer.byte-limit = 8388608 (custom)
2024-01-30 07:45:31,058 [d07b3c51-3354-45f5-8abc-ab9fc0487f36@group-8413612DC804-LeaderElection18] INFO  server.RaftServerConfigKeys (ConfUtils.java:logGet(46)) - raft.server.log.appender.buffer.element-limit = 1 (custom)
2024-01-30 07:45:31,058 [d07b3c51-3354-45f5-8abc-ab9fc0487f36@group-8413612DC804-LeaderElection18] INFO  server.RaftServerConfigKeys (ConfUtils.java:logGet(46)) - raft.server.log.appender.wait-time.min = 0μs (custom)
2024-01-30 07:45:31,058 [d07b3c51-3354-45f5-8abc-ab9fc0487f36@group-8413612DC804-LeaderElection18] INFO  grpc.GrpcConfigKeys (ConfUtils.java:logGet(46)) - raft.grpc.server.leader.outstanding.appends.max = 8 (default)
2024-01-30 07:45:31,058 [d07b3c51-3354-45f5-8abc-ab9fc0487f36@group-8413612DC804-LeaderElection18] INFO  server.RaftServerConfigKeys (ConfUtils.java:logGet(46)) - raft.server.rpc.request.timeout = 60s (custom)
2024-01-30 07:45:31,058 [d07b3c51-3354-45f5-8abc-ab9fc0487f36@group-8413612DC804-LeaderElection18] INFO  grpc.GrpcConfigKeys (ConfUtils.java:logGet(46)) - raft.grpc.server.install_snapshot.request.element-limit = 8 (default)
2024-01-30 07:45:31,058 [d07b3c51-3354-45f5-8abc-ab9fc0487f36@group-8413612DC804-LeaderElection18] INFO  grpc.GrpcConfigKeys (ConfUtils.java:logGet(46)) - raft.grpc.server.install_snapshot.request.timeout = 3000ms (default)
2024-01-30 07:45:31,058 [d07b3c51-3354-45f5-8abc-ab9fc0487f36@group-8413612DC804-LeaderElection18] INFO  grpc.GrpcConfigKeys (ConfUtils.java:logGet(46)) - raft.grpc.server.log-message.batch.duration = 5s (default)
2024-01-30 07:45:31,058 [d07b3c51-3354-45f5-8abc-ab9fc0487f36@group-081A3AAC6D40-StateMachineUpdater] INFO  ratis.ContainerStateMachine (ContainerStateMachine.java:takeSnapshot(366)) - group-081A3AAC6D40: Finished taking a snapshot at:(t:1, i:0) file:/home/runner/work/ozone/ozone/hadoop-ozone/integration-test/target/test-dir/MiniOzoneClusterImpl-3ad60551-d9fb-454a-addc-4d3fe7110c5e/datanode-0/data/ratis/6535537f-9efe-4915-b5f4-081a3aac6d40/sm/snapshot.1_0 took: 2 ms
2024-01-30 07:45:31,058 [d07b3c51-3354-45f5-8abc-ab9fc0487f36@group-8413612DC804-LeaderElection18] INFO  server.RaftServerConfigKeys (ConfUtils.java:logGet(46)) - raft.server.log.appender.install.snapshot.enabled = false (custom)
2024-01-30 07:45:31,059 [d07b3c51-3354-45f5-8abc-ab9fc0487f36@group-8413612DC804-LeaderElection18] INFO  grpc.GrpcConfigKeys (ConfUtils.java:logGet(46)) - raft.grpc.server.heartbeat.channel = true (default)
2024-01-30 07:45:31,059 [d07b3c51-3354-45f5-8abc-ab9fc0487f36-impl-thread3] INFO  server.RaftServer$Division (RaftServerImpl.java:lambda$close$3(526)) - d07b3c51-3354-45f5-8abc-ab9fc0487f36@group-B54A4A0E8004: shutdown
2024-01-30 07:45:31,059 [d07b3c51-3354-45f5-8abc-ab9fc0487f36-impl-thread1] INFO  server.RaftServer$Division (RaftServerImpl.java:lambda$close$3(526)) - d07b3c51-3354-45f5-8abc-ab9fc0487f36@group-8413612DC804: shutdown
2024-01-30 07:45:31,060 [d07b3c51-3354-45f5-8abc-ab9fc0487f36-impl-thread3] INFO  util.JmxRegister (JmxRegister.java:unregister(73)) - Successfully un-registered JMX Bean with object name Ratis:service=RaftServer,group=group-B54A4A0E8004,id=d07b3c51-3354-45f5-8abc-ab9fc0487f36
2024-01-30 07:45:31,060 [d07b3c51-3354-45f5-8abc-ab9fc0487f36-impl-thread1] INFO  util.JmxRegister (JmxRegister.java:unregister(73)) - Successfully un-registered JMX Bean with object name Ratis:service=RaftServer,group=group-8413612DC804,id=d07b3c51-3354-45f5-8abc-ab9fc0487f36
2024-01-30 07:45:31,060 [d07b3c51-3354-45f5-8abc-ab9fc0487f36-impl-thread1] INFO  impl.RoleInfo (RoleInfo.java:shutdownLeaderState(94)) - d07b3c51-3354-45f5-8abc-ab9fc0487f36: shutdown d07b3c51-3354-45f5-8abc-ab9fc0487f36@group-8413612DC804-LeaderStateImpl
2024-01-30 07:45:31,060 [d07b3c51-3354-45f5-8abc-ab9fc0487f36-impl-thread1] INFO  impl.PendingRequests (PendingRequests.java:sendNotLeaderResponses(289)) - d07b3c51-3354-45f5-8abc-ab9fc0487f36@group-8413612DC804-PendingRequests: sendNotLeaderResponses
2024-01-30 07:45:31,060 [d07b3c51-3354-45f5-8abc-ab9fc0487f36-impl-thread1] INFO  segmented.SegmentedRaftLogWorker (SegmentedRaftLogWorker.java:startLogSegment(430)) - d07b3c51-3354-45f5-8abc-ab9fc0487f36@group-8413612DC804-SegmentedRaftLogWorker: Starting segment from index:0
2024-01-30 07:45:31,060 [d07b3c51-3354-45f5-8abc-ab9fc0487f36-impl-thread3] INFO  impl.RoleInfo (RoleInfo.java:shutdownFollowerState(110)) - d07b3c51-3354-45f5-8abc-ab9fc0487f36: shutdown d07b3c51-3354-45f5-8abc-ab9fc0487f36@group-B54A4A0E8004-FollowerState
2024-01-30 07:45:31,061 [d07b3c51-3354-45f5-8abc-ab9fc0487f36@group-8413612DC804-SegmentedRaftLogWorker] INFO  segmented.BufferedWriteChannel (BufferedWriteChannel.java:open(62)) - open log_inprogress_0 at position 0
2024-01-30 07:45:31,061 [Thread-1603] INFO  server.GrpcServerProtocolClient (GrpcServerProtocolClient.java:close(103)) - b0b6b7fd-b71c-48b9-9e8b-e03541d31df9 Close channels
2024-01-30 07:45:31,062 [d07b3c51-3354-45f5-8abc-ab9fc0487f36@group-B54A4A0E8004-FollowerState] INFO  impl.FollowerState (FollowerState.java:run(152)) - d07b3c51-3354-45f5-8abc-ab9fc0487f36@group-B54A4A0E8004-FollowerState was interrupted
2024-01-30 07:45:31,063 [d07b3c51-3354-45f5-8abc-ab9fc0487f36-impl-thread1] INFO  server.RaftServer$Division (ServerState.java:setRaftConf(386)) - d07b3c51-3354-45f5-8abc-ab9fc0487f36@group-8413612DC804: set configuration 0: peers:[d07b3c51-3354-45f5-8abc-ab9fc0487f36|10.1.0.48:15076, ce491c53-a544-4921-9edd-2ea5f993f9d2|10.1.0.48:15094, b0b6b7fd-b71c-48b9-9e8b-e03541d31df9|10.1.0.48:15085]|listeners:[], old=null
2024-01-30 07:45:31,060 [d07b3c51-3354-45f5-8abc-ab9fc0487f36@group-8413612DC804-LeaderElection18] INFO  impl.RoleInfo (RoleInfo.java:updateAndGet(139)) - d07b3c51-3354-45f5-8abc-ab9fc0487f36: start d07b3c51-3354-45f5-8abc-ab9fc0487f36@group-8413612DC804-LeaderStateImpl
2024-01-30 07:45:31,059 [d07b3c51-3354-45f5-8abc-ab9fc0487f36@group-081A3AAC6D40-StateMachineUpdater] INFO  impl.StateMachineUpdater (StateMachineUpdater.java:takeSnapshot(295)) - d07b3c51-3354-45f5-8abc-ab9fc0487f36@group-081A3AAC6D40-StateMachineUpdater: Took a snapshot at index 0
2024-01-30 07:45:31,063 [d07b3c51-3354-45f5-8abc-ab9fc0487f36@group-081A3AAC6D40-StateMachineUpdater] INFO  impl.StateMachineUpdater (StateMachineUpdater.java:lambda$new$0(98)) - d07b3c51-3354-45f5-8abc-ab9fc0487f36@group-081A3AAC6D40-StateMachineUpdater: snapshotIndex: updateIncreasingly -1 -> 0
2024-01-30 07:45:31,063 [d07b3c51-3354-45f5-8abc-ab9fc0487f36-impl-thread2] INFO  server.RaftServer$Division (ServerState.java:close(427)) - d07b3c51-3354-45f5-8abc-ab9fc0487f36@group-081A3AAC6D40: applyIndex: 0
2024-01-30 07:45:31,061 [d07b3c51-3354-45f5-8abc-ab9fc0487f36-impl-thread3] INFO  impl.StateMachineUpdater (StateMachineUpdater.java:stopAndJoin(157)) - d07b3c51-3354-45f5-8abc-ab9fc0487f36@group-B54A4A0E8004-StateMachineUpdater: set stopIndex = -1
2024-01-30 07:45:31,063 [d07b3c51-3354-45f5-8abc-ab9fc0487f36-impl-thread3] INFO  server.RaftServer$Division (ServerState.java:close(427)) - d07b3c51-3354-45f5-8abc-ab9fc0487f36@group-B54A4A0E8004: applyIndex: -1
2024-01-30 07:45:31,063 [d07b3c51-3354-45f5-8abc-ab9fc0487f36@group-B54A4A0E8004-cacheEviction-AwaitToRun] INFO  util.AwaitToRun (AwaitToRun.java:run(49)) - d07b3c51-3354-45f5-8abc-ab9fc0487f36@group-B54A4A0E8004-cacheEviction-AwaitToRun-AwaitForSignal is interrupted
2024-01-30 07:45:31,061 [Thread-1602] INFO  server.GrpcServerProtocolClient (GrpcServerProtocolClient.java:close(103)) - ce491c53-a544-4921-9edd-2ea5f993f9d2 Close channels
2024-01-30 07:45:31,063 [d07b3c51-3354-45f5-8abc-ab9fc0487f36@group-081A3AAC6D40-cacheEviction-AwaitToRun] INFO  util.AwaitToRun (AwaitToRun.java:run(49)) - d07b3c51-3354-45f5-8abc-ab9fc0487f36@group-081A3AAC6D40-cacheEviction-AwaitToRun-AwaitForSignal is interrupted
2024-01-30 07:45:31,063 [d07b3c51-3354-45f5-8abc-ab9fc0487f36@group-8413612DC804-LeaderElection18] INFO  server.RaftServer$Division (RaftServerImpl.java:setFirstElection(574)) - d07b3c51-3354-45f5-8abc-ab9fc0487f36@group-8413612DC804: set firstElectionSinceStartup to false for becomeLeader
2024-01-30 07:45:31,064 [d07b3c51-3354-45f5-8abc-ab9fc0487f36@group-8413612DC804-LeaderElection18] INFO  ratis.XceiverServerRatis (XceiverServerRatis.java:handleLeaderChangedNotification(966)) - Leader change notification received for group: group-8413612DC804 with new leaderId: d07b3c51-3354-45f5-8abc-ab9fc0487f36
2024-01-30 07:45:31,066 [main] INFO  server.GrpcService (GrpcService.java:closeImpl(320)) - d07b3c51-3354-45f5-8abc-ab9fc0487f36: shutdown server org.apache.ratis.grpc.server.GrpcClientProtocolService successfully
2024-01-30 07:45:31,067 [main] INFO  server.GrpcService (GrpcService.java:closeImpl(311)) - d07b3c51-3354-45f5-8abc-ab9fc0487f36: shutdown server GrpcServerProtocolService now
2024-01-30 07:45:31,067 [d07b3c51-3354-45f5-8abc-ab9fc0487f36@group-8413612DC804-LeaderElection18] INFO  server.RaftServer$Division (ServerState.java:setLeader(269)) - d07b3c51-3354-45f5-8abc-ab9fc0487f36@group-8413612DC804: change Leader from null to d07b3c51-3354-45f5-8abc-ab9fc0487f36 at term 1 for becomeLeader, leader elected after 5111ms
2024-01-30 07:45:31,069 [grpc-default-executor-3] WARN  server.GrpcServerProtocolService (LogUtils.java:warn(121)) - d07b3c51-3354-45f5-8abc-ab9fc0487f36: APPEND_ENTRIES onError, lastRequest: null: org.apache.ratis.thirdparty.io.grpc.StatusRuntimeException: CANCELLED: client cancelled
2024-01-30 07:45:31,069 [main] INFO  server.GrpcService (GrpcService.java:closeImpl(320)) - d07b3c51-3354-45f5-8abc-ab9fc0487f36: shutdown server GrpcServerProtocolService successfully
2024-01-30 07:45:31,070 [main] INFO  server.GrpcService (GrpcService.java:closeImpl(311)) - d07b3c51-3354-45f5-8abc-ab9fc0487f36: shutdown server org.apache.ratis.grpc.server.GrpcAdminProtocolService now
2024-01-30 07:45:31,070 [grpc-default-executor-4] WARN  server.GrpcServerProtocolService (LogUtils.java:warn(121)) - d07b3c51-3354-45f5-8abc-ab9fc0487f36: APPEND_ENTRIES onError, lastRequest: ce491c53-a544-4921-9edd-2ea5f993f9d2->d07b3c51-3354-45f5-8abc-ab9fc0487f36#1-t1,previous=(t:0, i:0),leaderCommit=-1,initializing? false,entries: size=1, first=(t:1, i:0), CONFIGURATIONENTRY(current:id: "d07b3c51-3354-45f5-8abc-ab9fc0487f36"
address: "10.1.0.48:15076"
dataStreamAddress: "10.1.0.48:15077"
clientAddress: "10.1.0.48:15074"
adminAddress: "10.1.0.48:15075"
startupRole: FOLLOWER
,id: "ce491c53-a544-4921-9edd-2ea5f993f9d2"
address: "10.1.0.48:15094"
priority: 1
dataStreamAddress: "10.1.0.48:15095"
clientAddress: "10.1.0.48:15092"
adminAddress: "10.1.0.48:15093"
startupRole: FOLLOWER
,id: "b0b6b7fd-b71c-48b9-9e8b-e03541d31df9"
address: "10.1.0.48:15085"
dataStreamAddress: "10.1.0.48:15086"
clientAddress: "10.1.0.48:15083"
adminAddress: "10.1.0.48:15084"
startupRole: FOLLOWER
, old:): org.apache.ratis.thirdparty.io.grpc.StatusRuntimeException: CANCELLED: client cancelled
2024-01-30 07:45:31,073 [grpc-default-executor-3] WARN  server.GrpcLogAppender (LogUtils.java:warn(121)) - ce491c53-a544-4921-9edd-2ea5f993f9d2@group-B54A4A0E8004->d07b3c51-3354-45f5-8abc-ab9fc0487f36-AppendLogResponseHandler: Failed appendEntries: org.apache.ratis.thirdparty.io.grpc.StatusRuntimeException: CANCELLED: RST_STREAM closed stream. HTTP/2 error code: CANCEL
2024-01-30 07:45:31,075 [d07b3c51-3354-45f5-8abc-ab9fc0487f36@group-8413612DC804-SegmentedRaftLogWorker] INFO  segmented.SegmentedRaftLogWorker (SegmentedRaftLogWorker.java:execute(634)) - d07b3c51-3354-45f5-8abc-ab9fc0487f36@group-8413612DC804-SegmentedRaftLogWorker: created new log segment /home/runner/work/ozone/ozone/hadoop-ozone/integration-test/target/test-dir/MiniOzoneClusterImpl-3ad60551-d9fb-454a-addc-4d3fe7110c5e/datanode-0/data/ratis/b883a5cd-8b38-43ed-a331-8413612dc804/current/log_inprogress_0
2024-01-30 07:45:31,076 [grpc-default-executor-3] WARN  server.GrpcLogAppender (GrpcLogAppender.java:lambda$resetClient$1(217)) - ce491c53-a544-4921-9edd-2ea5f993f9d2@group-B54A4A0E8004->d07b3c51-3354-45f5-8abc-ab9fc0487f36-GrpcLogAppender: Follower failed (request=null, errorCount=1); keep nextIndex (1) unchanged and retry.
2024-01-30 07:45:31,076 [main] INFO  server.GrpcService (GrpcService.java:closeImpl(320)) - d07b3c51-3354-45f5-8abc-ab9fc0487f36: shutdown server org.apache.ratis.grpc.server.GrpcAdminProtocolService successfully
2024-01-30 07:45:31,079 [d07b3c51-3354-45f5-8abc-ab9fc0487f36-NettyServerStreamRpc-bossGroup--thread1] INFO  logging.LoggingHandler (AbstractInternalLogger.java:log(148)) - [id: 0xb1fe8bf2, L:/0.0.0.0:15077] CLOSE
2024-01-30 07:45:31,079 [d07b3c51-3354-45f5-8abc-ab9fc0487f36-NettyServerStreamRpc-bossGroup--thread1] INFO  logging.LoggingHandler (AbstractInternalLogger.java:log(148)) - [id: 0xb1fe8bf2, L:/0.0.0.0:15077] INACTIVE
2024-01-30 07:45:31,079 [d07b3c51-3354-45f5-8abc-ab9fc0487f36-NettyServerStreamRpc-bossGroup--thread1] INFO  logging.LoggingHandler (AbstractInternalLogger.java:log(148)) - [id: 0xb1fe8bf2, L:/0.0.0.0:15077] UNREGISTERED
2024-01-30 07:45:31,093 [b0b6b7fd-b71c-48b9-9e8b-e03541d31df9@group-4A4556F013A1-FollowerState] INFO  impl.FollowerState (FollowerState.java:run(143)) - b0b6b7fd-b71c-48b9-9e8b-e03541d31df9@group-4A4556F013A1-FollowerState: change to CANDIDATE, lastRpcElapsedTime:5125131845ns, electionTimeout:5124ms
2024-01-30 07:45:31,093 [b0b6b7fd-b71c-48b9-9e8b-e03541d31df9@group-4A4556F013A1-FollowerState] INFO  impl.RoleInfo (RoleInfo.java:shutdownFollowerState(110)) - b0b6b7fd-b71c-48b9-9e8b-e03541d31df9: shutdown b0b6b7fd-b71c-48b9-9e8b-e03541d31df9@group-4A4556F013A1-FollowerState
2024-01-30 07:45:31,093 [b0b6b7fd-b71c-48b9-9e8b-e03541d31df9@group-4A4556F013A1-FollowerState] INFO  server.RaftServer$Division (RaftServerImpl.java:setRole(383)) - b0b6b7fd-b71c-48b9-9e8b-e03541d31df9@group-4A4556F013A1: changes role from  FOLLOWER to CANDIDATE at term 0 for changeToCandidate
2024-01-30 07:45:31,093 [b0b6b7fd-b71c-48b9-9e8b-e03541d31df9@group-4A4556F013A1-FollowerState] INFO  server.RaftServerConfigKeys (ConfUtils.java:logGet(46)) - raft.server.leaderelection.pre-vote = true (default)
2024-01-30 07:45:31,093 [b0b6b7fd-b71c-48b9-9e8b-e03541d31df9@group-4A4556F013A1-FollowerState] INFO  impl.RoleInfo (RoleInfo.java:updateAndGet(139)) - b0b6b7fd-b71c-48b9-9e8b-e03541d31df9: start b0b6b7fd-b71c-48b9-9e8b-e03541d31df9@group-4A4556F013A1-LeaderElection20
2024-01-30 07:45:31,094 [b0b6b7fd-b71c-48b9-9e8b-e03541d31df9@group-4A4556F013A1-LeaderElection20] INFO  impl.LeaderElection (LeaderElection.java:askForVotes(321)) - b0b6b7fd-b71c-48b9-9e8b-e03541d31df9@group-4A4556F013A1-LeaderElection20 PRE_VOTE round 0: submit vote requests at term 0 for -1: peers:[b0b6b7fd-b71c-48b9-9e8b-e03541d31df9|10.1.0.48:15085]|listeners:[], old=null
2024-01-30 07:45:31,094 [b0b6b7fd-b71c-48b9-9e8b-e03541d31df9@group-4A4556F013A1-LeaderElection20] INFO  impl.LeaderElection (LeaderElection.java:askForVotes(323)) - b0b6b7fd-b71c-48b9-9e8b-e03541d31df9@group-4A4556F013A1-LeaderElection20 PRE_VOTE round 0: result PASSED (term=0)
2024-01-30 07:45:31,095 [b0b6b7fd-b71c-48b9-9e8b-e03541d31df9@group-4A4556F013A1-LeaderElection20] INFO  impl.LeaderElection (LeaderElection.java:askForVotes(321)) - b0b6b7fd-b71c-48b9-9e8b-e03541d31df9@group-4A4556F013A1-LeaderElection20 ELECTION round 0: submit vote requests at term 1 for -1: peers:[b0b6b7fd-b71c-48b9-9e8b-e03541d31df9|10.1.0.48:15085]|listeners:[], old=null
2024-01-30 07:45:31,095 [b0b6b7fd-b71c-48b9-9e8b-e03541d31df9@group-4A4556F013A1-LeaderElection20] INFO  impl.LeaderElection (LeaderElection.java:askForVotes(323)) - b0b6b7fd-b71c-48b9-9e8b-e03541d31df9@group-4A4556F013A1-LeaderElection20 ELECTION round 0: result PASSED (term=1)
2024-01-30 07:45:31,095 [b0b6b7fd-b71c-48b9-9e8b-e03541d31df9@group-4A4556F013A1-LeaderElection20] INFO  impl.RoleInfo (RoleInfo.java:shutdownLeaderElection(130)) - b0b6b7fd-b71c-48b9-9e8b-e03541d31df9: shutdown b0b6b7fd-b71c-48b9-9e8b-e03541d31df9@group-4A4556F013A1-LeaderElection20
2024-01-30 07:45:31,095 [b0b6b7fd-b71c-48b9-9e8b-e03541d31df9@group-4A4556F013A1-LeaderElection20] INFO  server.RaftServer$Division (RaftServerImpl.java:setRole(383)) - b0b6b7fd-b71c-48b9-9e8b-e03541d31df9@group-4A4556F013A1: changes role from CANDIDATE to LEADER at term 1 for changeToLeader
2024-01-30 07:45:31,095 [b0b6b7fd-b71c-48b9-9e8b-e03541d31df9@group-4A4556F013A1-LeaderElection20] INFO  server.RaftServerConfigKeys (ConfUtils.java:logGet(46)) - raft.server.staging.catchup.gap = 1000 (default)
2024-01-30 07:45:31,096 [b0b6b7fd-b71c-48b9-9e8b-e03541d31df9@group-4A4556F013A1-LeaderElection20] INFO  server.RaftServerConfigKeys (ConfUtils.java:logGet(46)) - raft.server.write.element-limit = 1024 (custom)
2024-01-30 07:45:31,096 [b0b6b7fd-b71c-48b9-9e8b-e03541d31df9@group-4A4556F013A1-LeaderElection20] INFO  server.RaftServerConfigKeys (ConfUtils.java:logGet(46)) - raft.server.write.byte-limit = 1024 M (=1073741824) (custom)
2024-01-30 07:45:31,096 [b0b6b7fd-b71c-48b9-9e8b-e03541d31df9@group-4A4556F013A1-LeaderElection20] INFO  server.RaftServerConfigKeys (ConfUtils.java:logGet(46)) - raft.server.watch.timeout = 180s (custom)
2024-01-30 07:45:31,096 [b0b6b7fd-b71c-48b9-9e8b-e03541d31df9@group-4A4556F013A1-LeaderElection20] INFO  server.RaftServerConfigKeys (ConfUtils.java:logGet(46)) - raft.server.watch.timeout.denomination = 1s (default)
2024-01-30 07:45:31,096 [b0b6b7fd-b71c-48b9-9e8b-e03541d31df9@group-4A4556F013A1-LeaderElection20] INFO  server.RaftServerConfigKeys (ConfUtils.java:logGet(46)) - raft.server.watch.element-limit = 65536 (default)
2024-01-30 07:45:31,096 [b0b6b7fd-b71c-48b9-9e8b-e03541d31df9@group-4A4556F013A1-LeaderElection20] INFO  server.RaftServerConfigKeys (ConfUtils.java:logGet(46)) - raft.server.read.leader.lease.enabled = false (default)
2024-01-30 07:45:31,096 [b0b6b7fd-b71c-48b9-9e8b-e03541d31df9@group-4A4556F013A1-LeaderElection20] INFO  server.RaftServerConfigKeys (ConfUtils.java:logGet(46)) - raft.server.read.leader.lease.timeout.ratio = 0.9 (default)
2024-01-30 07:45:31,096 [b0b6b7fd-b71c-48b9-9e8b-e03541d31df9@group-4A4556F013A1-LeaderElection20] INFO  server.RaftServerConfigKeys (ConfUtils.java:logGet(46)) - raft.server.rpc.timeout.min = 5s (custom)
2024-01-30 07:45:31,096 [b0b6b7fd-b71c-48b9-9e8b-e03541d31df9@group-4A4556F013A1-LeaderElection20] INFO  server.RaftServerConfigKeys (ConfUtils.java:logGet(46)) - raft.server.write.element-limit = 1024 (custom)
2024-01-30 07:45:31,096 [b0b6b7fd-b71c-48b9-9e8b-e03541d31df9@group-4A4556F013A1-LeaderElection20] INFO  server.RaftServerConfigKeys (ConfUtils.java:logGet(46)) - raft.server.write.follower.gap.ratio.max = -1.0 (default)
2024-01-30 07:45:31,097 [b0b6b7fd-b71c-48b9-9e8b-e03541d31df9@group-4A4556F013A1-LeaderElection20] INFO  impl.RoleInfo (RoleInfo.java:updateAndGet(139)) - b0b6b7fd-b71c-48b9-9e8b-e03541d31df9: start b0b6b7fd-b71c-48b9-9e8b-e03541d31df9@group-4A4556F013A1-LeaderStateImpl
2024-01-30 07:45:31,097 [b0b6b7fd-b71c-48b9-9e8b-e03541d31df9@group-4A4556F013A1-LeaderElection20] INFO  server.RaftServer$Division (RaftServerImpl.java:setFirstElection(574)) - b0b6b7fd-b71c-48b9-9e8b-e03541d31df9@group-4A4556F013A1: set firstElectionSinceStartup to false for becomeLeader
2024-01-30 07:45:31,097 [b0b6b7fd-b71c-48b9-9e8b-e03541d31df9@group-4A4556F013A1-LeaderElection20] INFO  ratis.XceiverServerRatis (XceiverServerRatis.java:handleLeaderChangedNotification(966)) - Leader change notification received for group: group-4A4556F013A1 with new leaderId: b0b6b7fd-b71c-48b9-9e8b-e03541d31df9
2024-01-30 07:45:31,097 [b0b6b7fd-b71c-48b9-9e8b-e03541d31df9@group-4A4556F013A1-LeaderElection20] INFO  server.RaftServer$Division (ServerState.java:setLeader(269)) - b0b6b7fd-b71c-48b9-9e8b-e03541d31df9@group-4A4556F013A1: change Leader from null to b0b6b7fd-b71c-48b9-9e8b-e03541d31df9 at term 1 for becomeLeader, leader elected after 5153ms
2024-01-30 07:45:31,097 [b0b6b7fd-b71c-48b9-9e8b-e03541d31df9@group-4A4556F013A1-LeaderElection20] INFO  segmented.SegmentedRaftLogWorker (SegmentedRaftLogWorker.java:startLogSegment(430)) - b0b6b7fd-b71c-48b9-9e8b-e03541d31df9@group-4A4556F013A1-SegmentedRaftLogWorker: Starting segment from index:0
2024-01-30 07:45:31,098 [b0b6b7fd-b71c-48b9-9e8b-e03541d31df9@group-4A4556F013A1-LeaderElection20] INFO  server.RaftServer$Division (ServerState.java:setRaftConf(386)) - b0b6b7fd-b71c-48b9-9e8b-e03541d31df9@group-4A4556F013A1: set configuration 0: peers:[b0b6b7fd-b71c-48b9-9e8b-e03541d31df9|10.1.0.48:15085]|listeners:[], old=null
2024-01-30 07:45:31,098 [b0b6b7fd-b71c-48b9-9e8b-e03541d31df9@group-4A4556F013A1-SegmentedRaftLogWorker] INFO  segmented.BufferedWriteChannel (BufferedWriteChannel.java:open(62)) - open log_inprogress_0 at position 0
2024-01-30 07:45:31,105 [b0b6b7fd-b71c-48b9-9e8b-e03541d31df9@group-4A4556F013A1-SegmentedRaftLogWorker] INFO  segmented.SegmentedRaftLogWorker (SegmentedRaftLogWorker.java:execute(634)) - b0b6b7fd-b71c-48b9-9e8b-e03541d31df9@group-4A4556F013A1-SegmentedRaftLogWorker: created new log segment /home/runner/work/ozone/ozone/hadoop-ozone/integration-test/target/test-dir/MiniOzoneClusterImpl-3ad60551-d9fb-454a-addc-4d3fe7110c5e/datanode-1/data/ratis/2b0366bc-aacd-4951-b5a6-4a4556f013a1/current/log_inprogress_0
2024-01-30 07:45:31,107 [b0b6b7fd-b71c-48b9-9e8b-e03541d31df9@group-4A4556F013A1-StateMachineUpdater] INFO  server.RaftServer$Division (LeaderStateImpl.java:isApplied(320)) - leader is ready since appliedIndex == 0 >= startIndex == 0
2024-01-30 07:45:31,227 [ce491c53-a544-4921-9edd-2ea5f993f9d2@group-26F132A0CE79-FollowerState] INFO  impl.FollowerState (FollowerState.java:run(143)) - ce491c53-a544-4921-9edd-2ea5f993f9d2@group-26F132A0CE79-FollowerState: change to CANDIDATE, lastRpcElapsedTime:5166984685ns, electionTimeout:5164ms
2024-01-30 07:45:31,227 [ce491c53-a544-4921-9edd-2ea5f993f9d2@group-26F132A0CE79-FollowerState] INFO  impl.RoleInfo (RoleInfo.java:shutdownFollowerState(110)) - ce491c53-a544-4921-9edd-2ea5f993f9d2: shutdown ce491c53-a544-4921-9edd-2ea5f993f9d2@group-26F132A0CE79-FollowerState
2024-01-30 07:45:31,227 [ce491c53-a544-4921-9edd-2ea5f993f9d2@group-26F132A0CE79-FollowerState] INFO  server.RaftServer$Division (RaftServerImpl.java:setRole(383)) - ce491c53-a544-4921-9edd-2ea5f993f9d2@group-26F132A0CE79: changes role from  FOLLOWER to CANDIDATE at term 0 for changeToCandidate
2024-01-30 07:45:31,228 [ce491c53-a544-4921-9edd-2ea5f993f9d2@group-26F132A0CE79-FollowerState] INFO  server.RaftServerConfigKeys (ConfUtils.java:logGet(46)) - raft.server.leaderelection.pre-vote = true (default)
2024-01-30 07:45:31,228 [ce491c53-a544-4921-9edd-2ea5f993f9d2@group-26F132A0CE79-FollowerState] INFO  impl.RoleInfo (RoleInfo.java:updateAndGet(139)) - ce491c53-a544-4921-9edd-2ea5f993f9d2: start ce491c53-a544-4921-9edd-2ea5f993f9d2@group-26F132A0CE79-LeaderElection21
2024-01-30 07:45:31,229 [ce491c53-a544-4921-9edd-2ea5f993f9d2@group-26F132A0CE79-LeaderElection21] INFO  impl.LeaderElection (LeaderElection.java:askForVotes(321)) - ce491c53-a544-4921-9edd-2ea5f993f9d2@group-26F132A0CE79-LeaderElection21 PRE_VOTE round 0: submit vote requests at term 0 for -1: peers:[ce491c53-a544-4921-9edd-2ea5f993f9d2|10.1.0.48:15094]|listeners:[], old=null
2024-01-30 07:45:31,229 [ce491c53-a544-4921-9edd-2ea5f993f9d2@group-26F132A0CE79-LeaderElection21] INFO  impl.LeaderElection (LeaderElection.java:askForVotes(323)) - ce491c53-a544-4921-9edd-2ea5f993f9d2@group-26F132A0CE79-LeaderElection21 PRE_VOTE round 0: result PASSED (term=0)
2024-01-30 07:45:31,230 [ce491c53-a544-4921-9edd-2ea5f993f9d2@group-26F132A0CE79-LeaderElection21] INFO  impl.LeaderElection (LeaderElection.java:askForVotes(321)) - ce491c53-a544-4921-9edd-2ea5f993f9d2@group-26F132A0CE79-LeaderElection21 ELECTION round 0: submit vote requests at term 1 for -1: peers:[ce491c53-a544-4921-9edd-2ea5f993f9d2|10.1.0.48:15094]|listeners:[], old=null
2024-01-30 07:45:31,230 [ce491c53-a544-4921-9edd-2ea5f993f9d2@group-26F132A0CE79-LeaderElection21] INFO  impl.LeaderElection (LeaderElection.java:askForVotes(323)) - ce491c53-a544-4921-9edd-2ea5f993f9d2@group-26F132A0CE79-LeaderElection21 ELECTION round 0: result PASSED (term=1)
2024-01-30 07:45:31,230 [ce491c53-a544-4921-9edd-2ea5f993f9d2@group-26F132A0CE79-LeaderElection21] INFO  impl.RoleInfo (RoleInfo.java:shutdownLeaderElection(130)) - ce491c53-a544-4921-9edd-2ea5f993f9d2: shutdown ce491c53-a544-4921-9edd-2ea5f993f9d2@group-26F132A0CE79-LeaderElection21
2024-01-30 07:45:31,230 [ce491c53-a544-4921-9edd-2ea5f993f9d2@group-26F132A0CE79-LeaderElection21] INFO  server.RaftServer$Division (RaftServerImpl.java:setRole(383)) - ce491c53-a544-4921-9edd-2ea5f993f9d2@group-26F132A0CE79: changes role from CANDIDATE to LEADER at term 1 for changeToLeader
2024-01-30 07:45:31,230 [ce491c53-a544-4921-9edd-2ea5f993f9d2@group-26F132A0CE79-LeaderElection21] INFO  server.RaftServerConfigKeys (ConfUtils.java:logGet(46)) - raft.server.staging.catchup.gap = 1000 (default)
2024-01-30 07:45:31,230 [ce491c53-a544-4921-9edd-2ea5f993f9d2@group-26F132A0CE79-LeaderElection21] INFO  server.RaftServerConfigKeys (ConfUtils.java:logGet(46)) - raft.server.write.element-limit = 1024 (custom)
2024-01-30 07:45:31,230 [ce491c53-a544-4921-9edd-2ea5f993f9d2@group-26F132A0CE79-LeaderElection21] INFO  server.RaftServerConfigKeys (ConfUtils.java:logGet(46)) - raft.server.write.byte-limit = 1024 M (=1073741824) (custom)
2024-01-30 07:45:31,230 [ce491c53-a544-4921-9edd-2ea5f993f9d2@group-26F132A0CE79-LeaderElection21] INFO  server.RaftServerConfigKeys (ConfUtils.java:logGet(46)) - raft.server.watch.timeout = 180s (custom)
2024-01-30 07:45:31,230 [ce491c53-a544-4921-9edd-2ea5f993f9d2@group-26F132A0CE79-LeaderElection21] INFO  server.RaftServerConfigKeys (ConfUtils.java:logGet(46)) - raft.server.watch.timeout.denomination = 1s (default)
2024-01-30 07:45:31,230 [ce491c53-a544-4921-9edd-2ea5f993f9d2@group-26F132A0CE79-LeaderElection21] INFO  server.RaftServerConfigKeys (ConfUtils.java:logGet(46)) - raft.server.watch.element-limit = 65536 (default)
2024-01-30 07:45:31,230 [ce491c53-a544-4921-9edd-2ea5f993f9d2@group-26F132A0CE79-LeaderElection21] INFO  server.RaftServerConfigKeys (ConfUtils.java:logGet(46)) - raft.server.read.leader.lease.enabled = false (default)
2024-01-30 07:45:31,230 [ce491c53-a544-4921-9edd-2ea5f993f9d2@group-26F132A0CE79-LeaderElection21] INFO  server.RaftServerConfigKeys (ConfUtils.java:logGet(46)) - raft.server.read.leader.lease.timeout.ratio = 0.9 (default)
2024-01-30 07:45:31,230 [ce491c53-a544-4921-9edd-2ea5f993f9d2@group-26F132A0CE79-LeaderElection21] INFO  server.RaftServerConfigKeys (ConfUtils.java:logGet(46)) - raft.server.rpc.timeout.min = 5s (custom)
2024-01-30 07:45:31,231 [ce491c53-a544-4921-9edd-2ea5f993f9d2@group-26F132A0CE79-LeaderElection21] INFO  server.RaftServerConfigKeys (ConfUtils.java:logGet(46)) - raft.server.write.element-limit = 1024 (custom)
2024-01-30 07:45:31,231 [ce491c53-a544-4921-9edd-2ea5f993f9d2@group-26F132A0CE79-LeaderElection21] INFO  server.RaftServerConfigKeys (ConfUtils.java:logGet(46)) - raft.server.write.follower.gap.ratio.max = -1.0 (default)
2024-01-30 07:45:31,231 [ce491c53-a544-4921-9edd-2ea5f993f9d2@group-26F132A0CE79-LeaderElection21] INFO  impl.RoleInfo (RoleInfo.java:updateAndGet(139)) - ce491c53-a544-4921-9edd-2ea5f993f9d2: start ce491c53-a544-4921-9edd-2ea5f993f9d2@group-26F132A0CE79-LeaderStateImpl
2024-01-30 07:45:31,231 [ce491c53-a544-4921-9edd-2ea5f993f9d2@group-26F132A0CE79-LeaderElection21] INFO  server.RaftServer$Division (RaftServerImpl.java:setFirstElection(574)) - ce491c53-a544-4921-9edd-2ea5f993f9d2@group-26F132A0CE79: set firstElectionSinceStartup to false for becomeLeader
2024-01-30 07:45:31,231 [ce491c53-a544-4921-9edd-2ea5f993f9d2@group-26F132A0CE79-LeaderElection21] INFO  ratis.XceiverServerRatis (XceiverServerRatis.java:handleLeaderChangedNotification(966)) - Leader change notification received for group: group-26F132A0CE79 with new leaderId: ce491c53-a544-4921-9edd-2ea5f993f9d2
2024-01-30 07:45:31,231 [ce491c53-a544-4921-9edd-2ea5f993f9d2@group-26F132A0CE79-LeaderElection21] INFO  server.RaftServer$Division (ServerState.java:setLeader(269)) - ce491c53-a544-4921-9edd-2ea5f993f9d2@group-26F132A0CE79: change Leader from null to ce491c53-a544-4921-9edd-2ea5f993f9d2 at term 1 for becomeLeader, leader elected after 5179ms
2024-01-30 07:45:31,231 [ce491c53-a544-4921-9edd-2ea5f993f9d2@group-26F132A0CE79-LeaderElection21] INFO  segmented.SegmentedRaftLogWorker (SegmentedRaftLogWorker.java:startLogSegment(430)) - ce491c53-a544-4921-9edd-2ea5f993f9d2@group-26F132A0CE79-SegmentedRaftLogWorker: Starting segment from index:0
2024-01-30 07:45:31,232 [ce491c53-a544-4921-9edd-2ea5f993f9d2@group-26F132A0CE79-LeaderElection21] INFO  server.RaftServer$Division (ServerState.java:setRaftConf(386)) - ce491c53-a544-4921-9edd-2ea5f993f9d2@group-26F132A0CE79: set configuration 0: peers:[ce491c53-a544-4921-9edd-2ea5f993f9d2|10.1.0.48:15094]|listeners:[], old=null
2024-01-30 07:45:31,232 [ce491c53-a544-4921-9edd-2ea5f993f9d2@group-26F132A0CE79-SegmentedRaftLogWorker] INFO  segmented.BufferedWriteChannel (BufferedWriteChannel.java:open(62)) - open log_inprogress_0 at position 0
2024-01-30 07:45:31,240 [ce491c53-a544-4921-9edd-2ea5f993f9d2@group-26F132A0CE79-SegmentedRaftLogWorker] INFO  segmented.SegmentedRaftLogWorker (SegmentedRaftLogWorker.java:execute(634)) - ce491c53-a544-4921-9edd-2ea5f993f9d2@group-26F132A0CE79-SegmentedRaftLogWorker: created new log segment /home/runner/work/ozone/ozone/hadoop-ozone/integration-test/target/test-dir/MiniOzoneClusterImpl-3ad60551-d9fb-454a-addc-4d3fe7110c5e/datanode-2/data/ratis/3c575aa8-ab60-4dab-9b78-26f132a0ce79/current/log_inprogress_0
2024-01-30 07:45:31,241 [ce491c53-a544-4921-9edd-2ea5f993f9d2@group-26F132A0CE79-StateMachineUpdater] INFO  server.RaftServer$Division (LeaderStateImpl.java:isApplied(320)) - leader is ready since appliedIndex == 0 >= startIndex == 0
2024-01-30 07:45:31,950 [d07b3c51-3354-45f5-8abc-ab9fc0487f36-impl-thread2] INFO  segmented.SegmentedRaftLogWorker (SegmentedRaftLogWorker.java:close(245)) - d07b3c51-3354-45f5-8abc-ab9fc0487f36@group-081A3AAC6D40-SegmentedRaftLogWorker close()
2024-01-30 07:45:32,040 [d07b3c51-3354-45f5-8abc-ab9fc0487f36-impl-thread3] INFO  segmented.SegmentedRaftLogWorker (SegmentedRaftLogWorker.java:close(245)) - d07b3c51-3354-45f5-8abc-ab9fc0487f36@group-B54A4A0E8004-SegmentedRaftLogWorker close()
2024-01-30 07:45:36,074 [timer5] WARN  server.GrpcLogAppender (LogUtils.java:warn(121)) - ce491c53-a544-4921-9edd-2ea5f993f9d2@group-B54A4A0E8004->d07b3c51-3354-45f5-8abc-ab9fc0487f36-AppendLogResponseHandler: Failed appendEntries (Repeated 8 times in the last 5.001s): org.apache.ratis.thirdparty.io.grpc.StatusRuntimeException: UNAVAILABLE: io exception
2024-01-30 07:45:36,076 [timer6] WARN  server.GrpcLogAppender (GrpcLogAppender.java:lambda$resetClient$1(217)) - ce491c53-a544-4921-9edd-2ea5f993f9d2@group-B54A4A0E8004->d07b3c51-3354-45f5-8abc-ab9fc0487f36-GrpcLogAppender: Follower failed (request=null, errorCount=8); keep nextIndex (1) unchanged and retry. (Repeated 8 times in the last 5.000s)
2024-01-30 07:45:36,168 [ce491c53-a544-4921-9edd-2ea5f993f9d2@group-8413612DC804-FollowerState] INFO  impl.FollowerState (FollowerState.java:run(143)) - ce491c53-a544-4921-9edd-2ea5f993f9d2@group-8413612DC804-FollowerState: change to CANDIDATE, lastRpcElapsedTime:5122321202ns, electionTimeout:5119ms
2024-01-30 07:45:36,168 [ce491c53-a544-4921-9edd-2ea5f993f9d2@group-8413612DC804-FollowerState] INFO  impl.RoleInfo (RoleInfo.java:shutdownFollowerState(110)) - ce491c53-a544-4921-9edd-2ea5f993f9d2: shutdown ce491c53-a544-4921-9edd-2ea5f993f9d2@group-8413612DC804-FollowerState
2024-01-30 07:45:36,168 [ce491c53-a544-4921-9edd-2ea5f993f9d2@group-8413612DC804-FollowerState] INFO  server.RaftServer$Division (RaftServerImpl.java:setRole(383)) - ce491c53-a544-4921-9edd-2ea5f993f9d2@group-8413612DC804: changes role from  FOLLOWER to CANDIDATE at term 1 for changeToCandidate
2024-01-30 07:45:36,168 [ce491c53-a544-4921-9edd-2ea5f993f9d2@group-8413612DC804-FollowerState] INFO  server.RaftServerConfigKeys (ConfUtils.java:logGet(46)) - raft.server.leaderelection.pre-vote = true (default)
2024-01-30 07:45:36,168 [ce491c53-a544-4921-9edd-2ea5f993f9d2@group-8413612DC804-FollowerState] INFO  impl.RoleInfo (RoleInfo.java:updateAndGet(139)) - ce491c53-a544-4921-9edd-2ea5f993f9d2: start ce491c53-a544-4921-9edd-2ea5f993f9d2@group-8413612DC804-LeaderElection22
2024-01-30 07:45:36,169 [ce491c53-a544-4921-9edd-2ea5f993f9d2@group-8413612DC804-LeaderElection22] INFO  impl.LeaderElection (LeaderElection.java:askForVotes(321)) - ce491c53-a544-4921-9edd-2ea5f993f9d2@group-8413612DC804-LeaderElection22 PRE_VOTE round 0: submit vote requests at term 1 for -1: peers:[d07b3c51-3354-45f5-8abc-ab9fc0487f36|10.1.0.48:15076, ce491c53-a544-4921-9edd-2ea5f993f9d2|10.1.0.48:15094, b0b6b7fd-b71c-48b9-9e8b-e03541d31df9|10.1.0.48:15085]|listeners:[], old=null
2024-01-30 07:45:36,170 [ce491c53-a544-4921-9edd-2ea5f993f9d2@group-8413612DC804-LeaderElection22] INFO  impl.LeaderElection (LogUtils.java:infoOrTrace(136)) - ce491c53-a544-4921-9edd-2ea5f993f9d2@group-8413612DC804-LeaderElection22 got exception when requesting votes: java.util.concurrent.ExecutionException: org.apache.ratis.thirdparty.io.grpc.StatusRuntimeException: UNAVAILABLE: io exception
2024-01-30 07:45:36,171 [grpc-default-executor-2] INFO  server.RaftServer$Division (RaftServerImpl.java:requestVote(1389)) - b0b6b7fd-b71c-48b9-9e8b-e03541d31df9@group-8413612DC804: receive requestVote(PRE_VOTE, ce491c53-a544-4921-9edd-2ea5f993f9d2, group-8413612DC804, 1, (t:0, i:0))
2024-01-30 07:45:36,171 [grpc-default-executor-2] INFO  impl.VoteContext (VoteContext.java:log(49)) - b0b6b7fd-b71c-48b9-9e8b-e03541d31df9@group-8413612DC804-FOLLOWER: accept PRE_VOTE from ce491c53-a544-4921-9edd-2ea5f993f9d2: our priority 0 <= candidate's priority 0
2024-01-30 07:45:36,171 [grpc-default-executor-2] INFO  server.RaftServer$Division (RaftServerImpl.java:requestVote(1422)) - b0b6b7fd-b71c-48b9-9e8b-e03541d31df9@group-8413612DC804 replies to PRE_VOTE vote request: ce491c53-a544-4921-9edd-2ea5f993f9d2<-b0b6b7fd-b71c-48b9-9e8b-e03541d31df9#0:OK-t1. Peer's state: b0b6b7fd-b71c-48b9-9e8b-e03541d31df9@group-8413612DC804:t1, leader=null, voted=d07b3c51-3354-45f5-8abc-ab9fc0487f36, raftlog=Memoized:b0b6b7fd-b71c-48b9-9e8b-e03541d31df9@group-8413612DC804-SegmentedRaftLog:OPENED:c-1, conf=-1: peers:[d07b3c51-3354-45f5-8abc-ab9fc0487f36|10.1.0.48:15076, ce491c53-a544-4921-9edd-2ea5f993f9d2|10.1.0.48:15094, b0b6b7fd-b71c-48b9-9e8b-e03541d31df9|10.1.0.48:15085]|listeners:[], old=null
2024-01-30 07:45:36,172 [ce491c53-a544-4921-9edd-2ea5f993f9d2@group-8413612DC804-LeaderElection22] INFO  impl.LeaderElection (LeaderElection.java:logAndReturn(89)) - ce491c53-a544-4921-9edd-2ea5f993f9d2@group-8413612DC804-LeaderElection22: PRE_VOTE PASSED received 1 response(s) and 1 exception(s):
2024-01-30 07:45:36,172 [ce491c53-a544-4921-9edd-2ea5f993f9d2@group-8413612DC804-LeaderElection22] INFO  impl.LeaderElection (LeaderElection.java:logAndReturn(93)) -   Response 0: ce491c53-a544-4921-9edd-2ea5f993f9d2<-b0b6b7fd-b71c-48b9-9e8b-e03541d31df9#0:OK-t1
2024-01-30 07:45:36,172 [ce491c53-a544-4921-9edd-2ea5f993f9d2@group-8413612DC804-LeaderElection22] INFO  impl.LeaderElection (LogUtils.java:infoOrTrace(136)) -   Exception 1: java.util.concurrent.ExecutionException: org.apache.ratis.thirdparty.io.grpc.StatusRuntimeException: UNAVAILABLE: io exception
2024-01-30 07:45:36,172 [ce491c53-a544-4921-9edd-2ea5f993f9d2@group-8413612DC804-LeaderElection22] INFO  impl.LeaderElection (LeaderElection.java:askForVotes(323)) - ce491c53-a544-4921-9edd-2ea5f993f9d2@group-8413612DC804-LeaderElection22 PRE_VOTE round 0: result PASSED
2024-01-30 07:45:36,173 [ce491c53-a544-4921-9edd-2ea5f993f9d2@group-8413612DC804-LeaderElection22] INFO  impl.LeaderElection (LeaderElection.java:askForVotes(321)) - ce491c53-a544-4921-9edd-2ea5f993f9d2@group-8413612DC804-LeaderElection22 ELECTION round 0: submit vote requests at term 2 for -1: peers:[d07b3c51-3354-45f5-8abc-ab9fc0487f36|10.1.0.48:15076, ce491c53-a544-4921-9edd-2ea5f993f9d2|10.1.0.48:15094, b0b6b7fd-b71c-48b9-9e8b-e03541d31df9|10.1.0.48:15085]|listeners:[], old=null
2024-01-30 07:45:36,174 [ce491c53-a544-4921-9edd-2ea5f993f9d2@group-8413612DC804-LeaderElection22] INFO  impl.LeaderElection (LogUtils.java:infoOrTrace(136)) - ce491c53-a544-4921-9edd-2ea5f993f9d2@group-8413612DC804-LeaderElection22 got exception when requesting votes: java.util.concurrent.ExecutionException: org.apache.ratis.thirdparty.io.grpc.StatusRuntimeException: UNAVAILABLE: io exception
2024-01-30 07:45:36,174 [grpc-default-executor-2] INFO  server.RaftServer$Division (RaftServerImpl.java:requestVote(1389)) - b0b6b7fd-b71c-48b9-9e8b-e03541d31df9@group-8413612DC804: receive requestVote(ELECTION, ce491c53-a544-4921-9edd-2ea5f993f9d2, group-8413612DC804, 2, (t:0, i:0))
2024-01-30 07:45:36,174 [grpc-default-executor-2] INFO  impl.VoteContext (VoteContext.java:log(49)) - b0b6b7fd-b71c-48b9-9e8b-e03541d31df9@group-8413612DC804-FOLLOWER: accept ELECTION from ce491c53-a544-4921-9edd-2ea5f993f9d2: our priority 0 <= candidate's priority 0
2024-01-30 07:45:36,174 [grpc-default-executor-2] INFO  server.RaftServer$Division (RaftServerImpl.java:setRole(383)) - b0b6b7fd-b71c-48b9-9e8b-e03541d31df9@group-8413612DC804: changes role from  FOLLOWER to FOLLOWER at term 2 for candidate:ce491c53-a544-4921-9edd-2ea5f993f9d2
2024-01-30 07:45:36,174 [grpc-default-executor-2] INFO  impl.RoleInfo (RoleInfo.java:shutdownFollowerState(110)) - b0b6b7fd-b71c-48b9-9e8b-e03541d31df9: shutdown b0b6b7fd-b71c-48b9-9e8b-e03541d31df9@group-8413612DC804-FollowerState
2024-01-30 07:45:36,175 [grpc-default-executor-2] INFO  impl.RoleInfo (RoleInfo.java:updateAndGet(139)) - b0b6b7fd-b71c-48b9-9e8b-e03541d31df9: start b0b6b7fd-b71c-48b9-9e8b-e03541d31df9@group-8413612DC804-FollowerState
2024-01-30 07:45:36,175 [b0b6b7fd-b71c-48b9-9e8b-e03541d31df9@group-8413612DC804-FollowerState] INFO  impl.FollowerState (FollowerState.java:run(152)) - b0b6b7fd-b71c-48b9-9e8b-e03541d31df9@group-8413612DC804-FollowerState was interrupted
2024-01-30 07:45:36,179 [grpc-default-executor-2] INFO  server.RaftServer$Division (RaftServerImpl.java:requestVote(1422)) - b0b6b7fd-b71c-48b9-9e8b-e03541d31df9@group-8413612DC804 replies to ELECTION vote request: ce491c53-a544-4921-9edd-2ea5f993f9d2<-b0b6b7fd-b71c-48b9-9e8b-e03541d31df9#0:OK-t2. Peer's state: b0b6b7fd-b71c-48b9-9e8b-e03541d31df9@group-8413612DC804:t2, leader=null, voted=ce491c53-a544-4921-9edd-2ea5f993f9d2, raftlog=Memoized:b0b6b7fd-b71c-48b9-9e8b-e03541d31df9@group-8413612DC804-SegmentedRaftLog:OPENED:c-1, conf=-1: peers:[d07b3c51-3354-45f5-8abc-ab9fc0487f36|10.1.0.48:15076, ce491c53-a544-4921-9edd-2ea5f993f9d2|10.1.0.48:15094, b0b6b7fd-b71c-48b9-9e8b-e03541d31df9|10.1.0.48:15085]|listeners:[], old=null
2024-01-30 07:45:36,179 [ce491c53-a544-4921-9edd-2ea5f993f9d2@group-8413612DC804-LeaderElection22] INFO  impl.LeaderElection (LeaderElection.java:logAndReturn(89)) - ce491c53-a544-4921-9edd-2ea5f993f9d2@group-8413612DC804-LeaderElection22: ELECTION PASSED received 1 response(s) and 1 exception(s):
2024-01-30 07:45:36,179 [ce491c53-a544-4921-9edd-2ea5f993f9d2@group-8413612DC804-LeaderElection22] INFO  impl.LeaderElection (LeaderElection.java:logAndReturn(93)) -   Response 0: ce491c53-a544-4921-9edd-2ea5f993f9d2<-b0b6b7fd-b71c-48b9-9e8b-e03541d31df9#0:OK-t2
2024-01-30 07:45:36,179 [ce491c53-a544-4921-9edd-2ea5f993f9d2@group-8413612DC804-LeaderElection22] INFO  impl.LeaderElection (LogUtils.java:infoOrTrace(136)) -   Exception 1: java.util.concurrent.ExecutionException: org.apache.ratis.thirdparty.io.grpc.StatusRuntimeException: UNAVAILABLE: io exception
2024-01-30 07:45:36,179 [ce491c53-a544-4921-9edd-2ea5f993f9d2@group-8413612DC804-LeaderElection22] INFO  impl.LeaderElection (LeaderElection.java:askForVotes(323)) - ce491c53-a544-4921-9edd-2ea5f993f9d2@group-8413612DC804-LeaderElection22 ELECTION round 0: result PASSED
2024-01-30 07:45:36,179 [ce491c53-a544-4921-9edd-2ea5f993f9d2@group-8413612DC804-LeaderElection22] INFO  impl.RoleInfo (RoleInfo.java:shutdownLeaderElection(130)) - ce491c53-a544-4921-9edd-2ea5f993f9d2: shutdown ce491c53-a544-4921-9edd-2ea5f993f9d2@group-8413612DC804-LeaderElection22
2024-01-30 07:45:36,179 [ce491c53-a544-4921-9edd-2ea5f993f9d2@group-8413612DC804-LeaderElection22] INFO  server.RaftServer$Division (RaftServerImpl.java:setRole(383)) - ce491c53-a544-4921-9edd-2ea5f993f9d2@group-8413612DC804: changes role from CANDIDATE to LEADER at term 2 for changeToLeader
2024-01-30 07:45:36,180 [ce491c53-a544-4921-9edd-2ea5f993f9d2@group-8413612DC804-LeaderElection22] INFO  server.RaftServerConfigKeys (ConfUtils.java:logGet(46)) - raft.server.staging.catchup.gap = 1000 (default)
2024-01-30 07:45:36,180 [ce491c53-a544-4921-9edd-2ea5f993f9d2@group-8413612DC804-LeaderElection22] INFO  server.RaftServerConfigKeys (ConfUtils.java:logGet(46)) - raft.server.write.element-limit = 1024 (custom)
2024-01-30 07:45:36,180 [ce491c53-a544-4921-9edd-2ea5f993f9d2@group-8413612DC804-LeaderElection22] INFO  server.RaftServerConfigKeys (ConfUtils.java:logGet(46)) - raft.server.write.byte-limit = 1024 M (=1073741824) (custom)
2024-01-30 07:45:36,180 [ce491c53-a544-4921-9edd-2ea5f993f9d2@group-8413612DC804-LeaderElection22] INFO  server.RaftServerConfigKeys (ConfUtils.java:logGet(46)) - raft.server.watch.timeout = 180s (custom)
2024-01-30 07:45:36,180 [ce491c53-a544-4921-9edd-2ea5f993f9d2@group-8413612DC804-LeaderElection22] INFO  server.RaftServerConfigKeys (ConfUtils.java:logGet(46)) - raft.server.watch.timeout.denomination = 1s (default)
2024-01-30 07:45:36,180 [ce491c53-a544-4921-9edd-2ea5f993f9d2@group-8413612DC804-LeaderElection22] INFO  server.RaftServerConfigKeys (ConfUtils.java:logGet(46)) - raft.server.watch.element-limit = 65536 (default)
2024-01-30 07:45:36,180 [ce491c53-a544-4921-9edd-2ea5f993f9d2@group-8413612DC804-LeaderElection22] INFO  server.RaftServerConfigKeys (ConfUtils.java:logGet(46)) - raft.server.read.leader.lease.enabled = false (default)
2024-01-30 07:45:36,181 [ce491c53-a544-4921-9edd-2ea5f993f9d2@group-8413612DC804-LeaderElection22] INFO  server.RaftServerConfigKeys (ConfUtils.java:logGet(46)) - raft.server.read.leader.lease.timeout.ratio = 0.9 (default)
2024-01-30 07:45:36,181 [ce491c53-a544-4921-9edd-2ea5f993f9d2@group-8413612DC804-LeaderElection22] INFO  server.RaftServerConfigKeys (ConfUtils.java:logGet(46)) - raft.server.rpc.timeout.min = 5s (custom)
2024-01-30 07:45:36,181 [ce491c53-a544-4921-9edd-2ea5f993f9d2@group-8413612DC804-LeaderElection22] INFO  server.RaftServerConfigKeys (ConfUtils.java:logGet(46)) - raft.server.write.element-limit = 1024 (custom)
2024-01-30 07:45:36,181 [ce491c53-a544-4921-9edd-2ea5f993f9d2@group-8413612DC804-LeaderElection22] INFO  server.RaftServerConfigKeys (ConfUtils.java:logGet(46)) - raft.server.write.follower.gap.ratio.max = -1.0 (default)
2024-01-30 07:45:36,181 [ce491c53-a544-4921-9edd-2ea5f993f9d2@group-8413612DC804-LeaderElection22] INFO  server.RaftServerConfigKeys (ConfUtils.java:logGet(46)) - raft.server.log.appender.snapshot.chunk.size.max = 16MB (=16777216) (default)
2024-01-30 07:45:36,181 [ce491c53-a544-4921-9edd-2ea5f993f9d2@group-8413612DC804-LeaderElection22] INFO  server.RaftServerConfigKeys (ConfUtils.java:logGet(46)) - raft.server.log.appender.buffer.byte-limit = 8388608 (custom)
2024-01-30 07:45:36,181 [ce491c53-a544-4921-9edd-2ea5f993f9d2@group-8413612DC804-LeaderElection22] INFO  server.RaftServerConfigKeys (ConfUtils.java:logGet(46)) - raft.server.log.appender.buffer.element-limit = 1 (custom)
2024-01-30 07:45:36,182 [ce491c53-a544-4921-9edd-2ea5f993f9d2@group-8413612DC804-LeaderElection22] INFO  server.RaftServerConfigKeys (ConfUtils.java:logGet(46)) - raft.server.log.appender.wait-time.min = 0μs (custom)
2024-01-30 07:45:36,182 [ce491c53-a544-4921-9edd-2ea5f993f9d2@group-8413612DC804-LeaderElection22] INFO  grpc.GrpcConfigKeys (ConfUtils.java:logGet(46)) - raft.grpc.server.leader.outstanding.appends.max = 8 (default)
2024-01-30 07:45:36,182 [ce491c53-a544-4921-9edd-2ea5f993f9d2@group-8413612DC804-LeaderElection22] INFO  server.RaftServerConfigKeys (ConfUtils.java:logGet(46)) - raft.server.rpc.request.timeout = 60s (custom)
2024-01-30 07:45:36,182 [ce491c53-a544-4921-9edd-2ea5f993f9d2@group-8413612DC804-LeaderElection22] INFO  grpc.GrpcConfigKeys (ConfUtils.java:logGet(46)) - raft.grpc.server.install_snapshot.request.element-limit = 8 (default)
2024-01-30 07:45:36,182 [ce491c53-a544-4921-9edd-2ea5f993f9d2@group-8413612DC804-LeaderElection22] INFO  grpc.GrpcConfigKeys (ConfUtils.java:logGet(46)) - raft.grpc.server.install_snapshot.request.timeout = 3000ms (default)
2024-01-30 07:45:36,182 [ce491c53-a544-4921-9edd-2ea5f993f9d2@group-8413612DC804-LeaderElection22] INFO  grpc.GrpcConfigKeys (ConfUtils.java:logGet(46)) - raft.grpc.server.log-message.batch.duration = 5s (default)
2024-01-30 07:45:36,182 [ce491c53-a544-4921-9edd-2ea5f993f9d2@group-8413612DC804-LeaderElection22] INFO  server.RaftServerConfigKeys (ConfUtils.java:logGet(46)) - raft.server.log.appender.install.snapshot.enabled = false (custom)
2024-01-30 07:45:36,182 [ce491c53-a544-4921-9edd-2ea5f993f9d2@group-8413612DC804-LeaderElection22] INFO  grpc.GrpcConfigKeys (ConfUtils.java:logGet(46)) - raft.grpc.server.heartbeat.channel = true (default)
2024-01-30 07:45:36,183 [ce491c53-a544-4921-9edd-2ea5f993f9d2@group-8413612DC804-LeaderElection22] INFO  server.RaftServerConfigKeys (ConfUtils.java:logGet(46)) - raft.server.log.appender.snapshot.chunk.size.max = 16MB (=16777216) (default)
2024-01-30 07:45:36,183 [ce491c53-a544-4921-9edd-2ea5f993f9d2@group-8413612DC804-LeaderElection22] INFO  server.RaftServerConfigKeys (ConfUtils.java:logGet(46)) - raft.server.log.appender.buffer.byte-limit = 8388608 (custom)
2024-01-30 07:45:36,183 [ce491c53-a544-4921-9edd-2ea5f993f9d2@group-8413612DC804-LeaderElection22] INFO  server.RaftServerConfigKeys (ConfUtils.java:logGet(46)) - raft.server.log.appender.buffer.element-limit = 1 (custom)
2024-01-30 07:45:36,183 [ce491c53-a544-4921-9edd-2ea5f993f9d2@group-8413612DC804-LeaderElection22] INFO  server.RaftServerConfigKeys (ConfUtils.java:logGet(46)) - raft.server.log.appender.wait-time.min = 0μs (custom)
2024-01-30 07:45:36,183 [ce491c53-a544-4921-9edd-2ea5f993f9d2@group-8413612DC804-LeaderElection22] INFO  grpc.GrpcConfigKeys (ConfUtils.java:logGet(46)) - raft.grpc.server.leader.outstanding.appends.max = 8 (default)
2024-01-30 07:45:36,183 [ce491c53-a544-4921-9edd-2ea5f993f9d2@group-8413612DC804-LeaderElection22] INFO  server.RaftServerConfigKeys (ConfUtils.java:logGet(46)) - raft.server.rpc.request.timeout = 60s (custom)
2024-01-30 07:45:36,183 [ce491c53-a544-4921-9edd-2ea5f993f9d2@group-8413612DC804-LeaderElection22] INFO  grpc.GrpcConfigKeys (ConfUtils.java:logGet(46)) - raft.grpc.server.install_snapshot.request.element-limit = 8 (default)
2024-01-30 07:45:36,183 [ce491c53-a544-4921-9edd-2ea5f993f9d2@group-8413612DC804-LeaderElection22] INFO  grpc.GrpcConfigKeys (ConfUtils.java:logGet(46)) - raft.grpc.server.install_snapshot.request.timeout = 3000ms (default)
2024-01-30 07:45:36,183 [ce491c53-a544-4921-9edd-2ea5f993f9d2@group-8413612DC804-LeaderElection22] INFO  grpc.GrpcConfigKeys (ConfUtils.java:logGet(46)) - raft.grpc.server.log-message.batch.duration = 5s (default)
2024-01-30 07:45:36,183 [ce491c53-a544-4921-9edd-2ea5f993f9d2@group-8413612DC804-LeaderElection22] INFO  server.RaftServerConfigKeys (ConfUtils.java:logGet(46)) - raft.server.log.appender.install.snapshot.enabled = false (custom)
2024-01-30 07:45:36,183 [ce491c53-a544-4921-9edd-2ea5f993f9d2@group-8413612DC804-LeaderElection22] INFO  grpc.GrpcConfigKeys (ConfUtils.java:logGet(46)) - raft.grpc.server.heartbeat.channel = true (default)
2024-01-30 07:45:36,184 [ce491c53-a544-4921-9edd-2ea5f993f9d2@group-8413612DC804-LeaderElection22] INFO  impl.RoleInfo (RoleInfo.java:updateAndGet(139)) - ce491c53-a544-4921-9edd-2ea5f993f9d2: start ce491c53-a544-4921-9edd-2ea5f993f9d2@group-8413612DC804-LeaderStateImpl
2024-01-30 07:45:36,184 [ce491c53-a544-4921-9edd-2ea5f993f9d2@group-8413612DC804-LeaderElection22] INFO  ratis.XceiverServerRatis (XceiverServerRatis.java:handleLeaderChangedNotification(966)) - Leader change notification received for group: group-8413612DC804 with new leaderId: ce491c53-a544-4921-9edd-2ea5f993f9d2
2024-01-30 07:45:36,184 [ce491c53-a544-4921-9edd-2ea5f993f9d2@group-8413612DC804-LeaderElection22] INFO  server.RaftServer$Division (ServerState.java:setLeader(269)) - ce491c53-a544-4921-9edd-2ea5f993f9d2@group-8413612DC804: change Leader from null to ce491c53-a544-4921-9edd-2ea5f993f9d2 at term 2 for becomeLeader, leader elected after 10206ms
2024-01-30 07:45:36,184 [ce491c53-a544-4921-9edd-2ea5f993f9d2@group-8413612DC804-LeaderElection22] INFO  segmented.SegmentedRaftLogWorker (SegmentedRaftLogWorker.java:startLogSegment(430)) - ce491c53-a544-4921-9edd-2ea5f993f9d2@group-8413612DC804-SegmentedRaftLogWorker: Starting segment from index:0
2024-01-30 07:45:36,184 [ce491c53-a544-4921-9edd-2ea5f993f9d2@group-8413612DC804-SegmentedRaftLogWorker] INFO  segmented.BufferedWriteChannel (BufferedWriteChannel.java:open(62)) - open log_inprogress_0 at position 0
2024-01-30 07:45:36,187 [EventQueue-PipelineReportForPipelineReportHandler] INFO  pipeline.PipelineReportHandler (PipelineReportHandler.java:processPipelineReport(136)) - Opened pipeline PipelineID=b883a5cd-8b38-43ed-a331-8413612dc804
2024-01-30 07:45:36,187 [ce491c53-a544-4921-9edd-2ea5f993f9d2@group-8413612DC804-LeaderElection22] INFO  server.RaftServer$Division (ServerState.java:setRaftConf(386)) - ce491c53-a544-4921-9edd-2ea5f993f9d2@group-8413612DC804: set configuration 0: peers:[d07b3c51-3354-45f5-8abc-ab9fc0487f36|10.1.0.48:15076, ce491c53-a544-4921-9edd-2ea5f993f9d2|10.1.0.48:15094, b0b6b7fd-b71c-48b9-9e8b-e03541d31df9|10.1.0.48:15085]|listeners:[], old=null
2024-01-30 07:45:36,188 [grpc-default-executor-2] WARN  server.GrpcLogAppender (LogUtils.java:warn(121)) - ce491c53-a544-4921-9edd-2ea5f993f9d2@group-8413612DC804->d07b3c51-3354-45f5-8abc-ab9fc0487f36-AppendLogResponseHandler: Failed appendEntries: org.apache.ratis.thirdparty.io.grpc.StatusRuntimeException: UNAVAILABLE: io exception
2024-01-30 07:45:36,190 [grpc-default-executor-5] WARN  server.GrpcLogAppender (GrpcLogAppender.java:lambda$resetClient$1(217)) - ce491c53-a544-4921-9edd-2ea5f993f9d2@group-8413612DC804->d07b3c51-3354-45f5-8abc-ab9fc0487f36-GrpcLogAppender: Follower failed (request=null, errorCount=1); keep nextIndex (0) unchanged and retry.
2024-01-30 07:45:36,193 [ce491c53-a544-4921-9edd-2ea5f993f9d2@group-8413612DC804-SegmentedRaftLogWorker] INFO  segmented.SegmentedRaftLogWorker (SegmentedRaftLogWorker.java:execute(634)) - ce491c53-a544-4921-9edd-2ea5f993f9d2@group-8413612DC804-SegmentedRaftLogWorker: created new log segment /home/runner/work/ozone/ozone/hadoop-ozone/integration-test/target/test-dir/MiniOzoneClusterImpl-3ad60551-d9fb-454a-addc-4d3fe7110c5e/datanode-2/data/ratis/b883a5cd-8b38-43ed-a331-8413612dc804/current/log_inprogress_0
2024-01-30 07:45:36,194 [b0b6b7fd-b71c-48b9-9e8b-e03541d31df9-server-thread1] INFO  ratis.XceiverServerRatis (XceiverServerRatis.java:handleLeaderChangedNotification(966)) - Leader change notification received for group: group-8413612DC804 with new leaderId: ce491c53-a544-4921-9edd-2ea5f993f9d2
2024-01-30 07:45:36,194 [b0b6b7fd-b71c-48b9-9e8b-e03541d31df9-server-thread1] INFO  server.RaftServer$Division (ServerState.java:setLeader(269)) - b0b6b7fd-b71c-48b9-9e8b-e03541d31df9@group-8413612DC804: change Leader from null to ce491c53-a544-4921-9edd-2ea5f993f9d2 at term 2 for appendEntries, leader elected after 10222ms
2024-01-30 07:45:36,199 [b0b6b7fd-b71c-48b9-9e8b-e03541d31df9-server-thread1] INFO  server.RaftServer$Division (ServerState.java:setRaftConf(386)) - b0b6b7fd-b71c-48b9-9e8b-e03541d31df9@group-8413612DC804: set configuration 0: peers:[d07b3c51-3354-45f5-8abc-ab9fc0487f36|10.1.0.48:15076, ce491c53-a544-4921-9edd-2ea5f993f9d2|10.1.0.48:15094, b0b6b7fd-b71c-48b9-9e8b-e03541d31df9|10.1.0.48:15085]|listeners:[], old=null
2024-01-30 07:45:36,199 [b0b6b7fd-b71c-48b9-9e8b-e03541d31df9-server-thread1] INFO  segmented.SegmentedRaftLogWorker (SegmentedRaftLogWorker.java:startLogSegment(430)) - b0b6b7fd-b71c-48b9-9e8b-e03541d31df9@group-8413612DC804-SegmentedRaftLogWorker: Starting segment from index:0
2024-01-30 07:45:36,199 [b0b6b7fd-b71c-48b9-9e8b-e03541d31df9@group-8413612DC804-SegmentedRaftLogWorker] INFO  segmented.BufferedWriteChannel (BufferedWriteChannel.java:open(62)) - open log_inprogress_0 at position 0
2024-01-30 07:45:36,202 [grpc-default-executor-1] WARN  server.GrpcLogAppender (GrpcLogAppender.java:lambda$resetClient$1(217)) - ce491c53-a544-4921-9edd-2ea5f993f9d2@group-8413612DC804->d07b3c51-3354-45f5-8abc-ab9fc0487f36-GrpcLogAppender: Follower failed (request=null, errorCount=3); keep nextIndex (1) unchanged and retry.
2024-01-30 07:45:36,211 [b0b6b7fd-b71c-48b9-9e8b-e03541d31df9@group-8413612DC804-SegmentedRaftLogWorker] INFO  segmented.SegmentedRaftLogWorker (SegmentedRaftLogWorker.java:execute(634)) - b0b6b7fd-b71c-48b9-9e8b-e03541d31df9@group-8413612DC804-SegmentedRaftLogWorker: created new log segment /home/runner/work/ozone/ozone/hadoop-ozone/integration-test/target/test-dir/MiniOzoneClusterImpl-3ad60551-d9fb-454a-addc-4d3fe7110c5e/datanode-1/data/ratis/b883a5cd-8b38-43ed-a331-8413612dc804/current/log_inprogress_0
2024-01-30 07:45:36,213 [ce491c53-a544-4921-9edd-2ea5f993f9d2@group-8413612DC804-StateMachineUpdater] INFO  server.RaftServer$Division (LeaderStateImpl.java:isApplied(320)) - leader is ready since appliedIndex == 0 >= startIndex == 0
2024-01-30 07:45:37,022 [EventQueue-StaleNodeForStaleNodeHandler] INFO  node.StaleNodeHandler (StaleNodeHandler.java:onMessage(57)) - Datanode d07b3c51-3354-45f5-8abc-ab9fc0487f36(fv-az1436-717.rp122gijlobebpuychzvuh3j3h.bx.internal.cloudapp.net/10.1.0.48) moved to stale state. Finalizing its pipelines [PipelineID=b883a5cd-8b38-43ed-a331-8413612dc804, PipelineID=6535537f-9efe-4915-b5f4-081a3aac6d40, PipelineID=ae1c78c0-4138-490c-8fb7-b54a4a0e8004]
2024-01-30 07:45:37,023 [EventQueue-StaleNodeForStaleNodeHandler] INFO  pipeline.PipelineManagerImpl (PipelineManagerImpl.java:closePipeline(518)) - Pipeline PipelineID=b883a5cd-8b38-43ed-a331-8413612dc804 moved to CLOSED state
2024-01-30 07:45:37,024 [EventQueue-StaleNodeForStaleNodeHandler] INFO  pipeline.PipelineManagerImpl (PipelineManagerImpl.java:closePipeline(518)) - Pipeline PipelineID=6535537f-9efe-4915-b5f4-081a3aac6d40 moved to CLOSED state
2024-01-30 07:45:37,024 [EventQueue-StaleNodeForStaleNodeHandler] INFO  pipeline.PipelineManagerImpl (PipelineManagerImpl.java:closePipeline(518)) - Pipeline PipelineID=ae1c78c0-4138-490c-8fb7-b54a4a0e8004 moved to CLOSED state
2024-01-30 07:45:37,070 [RatisPipelineUtilsThread-0] WARN  scm.SCMCommonPlacementPolicy (SCMCommonPlacementPolicy.java:filterNodesWithSpace(287)) - Unable to find enough nodes that meet the space requirement of 1073741824 bytes for metadata and 5368709120 bytes for data in healthy node set. Required 3. Found 2.
2024-01-30 07:45:37,304 [grpc-default-executor-5] WARN  server.GrpcLogAppender (LogUtils.java:warn(121)) - ce491c53-a544-4921-9edd-2ea5f993f9d2@group-B54A4A0E8004->d07b3c51-3354-45f5-8abc-ab9fc0487f36-AppendLogResponseHandler: Failed appendEntries: org.apache.ratis.thirdparty.io.grpc.StatusRuntimeException: UNAVAILABLE: io exception
2024-01-30 07:45:37,571 [RatisPipelineUtilsThread-0] WARN  scm.SCMCommonPlacementPolicy (SCMCommonPlacementPolicy.java:filterNodesWithSpace(287)) - Unable to find enough nodes that meet the space requirement of 1073741824 bytes for metadata and 5368709120 bytes for data in healthy node set. Required 3. Found 2.
2024-01-30 07:45:38,072 [RatisPipelineUtilsThread-0] WARN  scm.SCMCommonPlacementPolicy (SCMCommonPlacementPolicy.java:filterNodesWithSpace(287)) - Unable to find enough nodes that meet the space requirement of 1073741824 bytes for metadata and 5368709120 bytes for data in healthy node set. Required 3. Found 2.
2024-01-30 07:45:38,572 [RatisPipelineUtilsThread-0] WARN  scm.SCMCommonPlacementPolicy (SCMCommonPlacementPolicy.java:filterNodesWithSpace(287)) - Unable to find enough nodes that meet the space requirement of 1073741824 bytes for metadata and 5368709120 bytes for data in healthy node set. Required 3. Found 2.
2024-01-30 07:45:39,073 [RatisPipelineUtilsThread-0] WARN  scm.SCMCommonPlacementPolicy (SCMCommonPlacementPolicy.java:filterNodesWithSpace(287)) - Unable to find enough nodes that meet the space requirement of 1073741824 bytes for metadata and 5368709120 bytes for data in healthy node set. Required 3. Found 2.
2024-01-30 07:45:39,574 [RatisPipelineUtilsThread-0] WARN  scm.SCMCommonPlacementPolicy (SCMCommonPlacementPolicy.java:filterNodesWithSpace(287)) - Unable to find enough nodes that meet the space requirement of 1073741824 bytes for metadata and 5368709120 bytes for data in healthy node set. Required 3. Found 2.
2024-01-30 07:45:40,075 [RatisPipelineUtilsThread-0] WARN  scm.SCMCommonPlacementPolicy (SCMCommonPlacementPolicy.java:filterNodesWithSpace(287)) - Unable to find enough nodes that meet the space requirement of 1073741824 bytes for metadata and 5368709120 bytes for data in healthy node set. Required 3. Found 2.
2024-01-30 07:45:40,576 [RatisPipelineUtilsThread-0] WARN  scm.SCMCommonPlacementPolicy (SCMCommonPlacementPolicy.java:filterNodesWithSpace(287)) - Unable to find enough nodes that meet the space requirement of 1073741824 bytes for metadata and 5368709120 bytes for data in healthy node set. Required 3. Found 2.
2024-01-30 07:45:41,076 [RatisPipelineUtilsThread-0] WARN  scm.SCMCommonPlacementPolicy (SCMCommonPlacementPolicy.java:filterNodesWithSpace(287)) - Unable to find enough nodes that meet the space requirement of 1073741824 bytes for metadata and 5368709120 bytes for data in healthy node set. Required 3. Found 2.
2024-01-30 07:45:41,189 [timer2] WARN  server.GrpcLogAppender (LogUtils.java:warn(121)) - ce491c53-a544-4921-9edd-2ea5f993f9d2@group-8413612DC804->d07b3c51-3354-45f5-8abc-ab9fc0487f36-AppendLogResponseHandler: Failed appendEntries (Repeated 10 times in the last 5.001s): org.apache.ratis.thirdparty.io.grpc.StatusRuntimeException: UNAVAILABLE: io exception
2024-01-30 07:45:41,190 [timer4] WARN  server.GrpcLogAppender (GrpcLogAppender.java:lambda$resetClient$1(217)) - ce491c53-a544-4921-9edd-2ea5f993f9d2@group-8413612DC804->d07b3c51-3354-45f5-8abc-ab9fc0487f36-GrpcLogAppender: Follower failed (request=null, errorCount=2); keep nextIndex (0) unchanged and retry. (Repeated 2 times in the last 5.000s)
2024-01-30 07:45:41,202 [timer7] WARN  server.GrpcLogAppender (GrpcLogAppender.java:lambda$resetClient$1(217)) - ce491c53-a544-4921-9edd-2ea5f993f9d2@group-B54A4A0E8004->d07b3c51-3354-45f5-8abc-ab9fc0487f36-GrpcLogAppender: Follower failed (request=null, errorCount=14); keep nextIndex (1) unchanged and retry. (Repeated 14 times in the last 5.000s)
2024-01-30 07:45:41,206 [grpc-default-executor-2] WARN  server.GrpcLogAppender (LogUtils.java:warn(121)) - ce491c53-a544-4921-9edd-2ea5f993f9d2@group-8413612DC804->d07b3c51-3354-45f5-8abc-ab9fc0487f36-AppendLogResponseHandler: Failed appendEntries: org.apache.ratis.thirdparty.io.grpc.StatusRuntimeException: UNAVAILABLE: io exception
2024-01-30 07:45:41,207 [grpc-default-executor-5] WARN  server.GrpcLogAppender (GrpcLogAppender.java:lambda$resetClient$1(217)) - ce491c53-a544-4921-9edd-2ea5f993f9d2@group-8413612DC804->d07b3c51-3354-45f5-8abc-ab9fc0487f36-GrpcLogAppender: Follower failed (request=null, errorCount=11); keep nextIndex (1) unchanged and retry.
2024-01-30 07:45:41,577 [RatisPipelineUtilsThread-0] WARN  scm.SCMCommonPlacementPolicy (SCMCommonPlacementPolicy.java:filterNodesWithSpace(287)) - Unable to find enough nodes that meet the space requirement of 1073741824 bytes for metadata and 5368709120 bytes for data in healthy node set. Required 3. Found 2.
2024-01-30 07:45:42,078 [RatisPipelineUtilsThread-0] WARN  scm.SCMCommonPlacementPolicy (SCMCommonPlacementPolicy.java:filterNodesWithSpace(287)) - Unable to find enough nodes that meet the space requirement of 1073741824 bytes for metadata and 5368709120 bytes for data in healthy node set. Required 3. Found 2.
2024-01-30 07:45:42,305 [timer0] WARN  server.GrpcLogAppender (LogUtils.java:warn(121)) - ce491c53-a544-4921-9edd-2ea5f993f9d2@group-B54A4A0E8004->d07b3c51-3354-45f5-8abc-ab9fc0487f36-AppendLogResponseHandler: Failed appendEntries (Repeated 8 times in the last 5.001s): org.apache.ratis.thirdparty.io.grpc.StatusRuntimeException: UNAVAILABLE: io exception
2024-01-30 07:45:42,579 [RatisPipelineUtilsThread-0] WARN  scm.SCMCommonPlacementPolicy (SCMCommonPlacementPolicy.java:filterNodesWithSpace(287)) - Unable to find enough nodes that meet the space requirement of 1073741824 bytes for metadata and 5368709120 bytes for data in healthy node set. Required 3. Found 2.
2024-01-30 07:45:43,081 [RatisPipelineUtilsThread-0] WARN  scm.SCMCommonPlacementPolicy (SCMCommonPlacementPolicy.java:filterNodesWithSpace(287)) - Unable to find enough nodes that meet the space requirement of 1073741824 bytes for metadata and 5368709120 bytes for data in healthy node set. Required 3. Found 2.
2024-01-30 07:45:43,371 [grpc-default-executor-2] WARN  server.GrpcLogAppender (LogUtils.java:warn(121)) - ce491c53-a544-4921-9edd-2ea5f993f9d2@group-B54A4A0E8004->d07b3c51-3354-45f5-8abc-ab9fc0487f36-AppendLogResponseHandler: Failed appendEntries: org.apache.ratis.thirdparty.io.grpc.StatusRuntimeException: UNAVAILABLE: io exception
2024-01-30 07:45:43,582 [RatisPipelineUtilsThread-0] WARN  scm.SCMCommonPlacementPolicy (SCMCommonPlacementPolicy.java:filterNodesWithSpace(287)) - Unable to find enough nodes that meet the space requirement of 1073741824 bytes for metadata and 5368709120 bytes for data in healthy node set. Required 3. Found 2.
2024-01-30 07:45:44,082 [RatisPipelineUtilsThread-0] WARN  scm.SCMCommonPlacementPolicy (SCMCommonPlacementPolicy.java:filterNodesWithSpace(287)) - Unable to find enough nodes that meet the space requirement of 1073741824 bytes for metadata and 5368709120 bytes for data in healthy node set. Required 3. Found 2.
2024-01-30 07:45:44,583 [RatisPipelineUtilsThread-0] WARN  scm.SCMCommonPlacementPolicy (SCMCommonPlacementPolicy.java:filterNodesWithSpace(287)) - Unable to find enough nodes that meet the space requirement of 1073741824 bytes for metadata and 5368709120 bytes for data in healthy node set. Required 3. Found 2.
2024-01-30 07:45:45,084 [RatisPipelineUtilsThread-0] WARN  scm.SCMCommonPlacementPolicy (SCMCommonPlacementPolicy.java:filterNodesWithSpace(287)) - Unable to find enough nodes that meet the space requirement of 1073741824 bytes for metadata and 5368709120 bytes for data in healthy node set. Required 3. Found 2.
2024-01-30 07:45:45,584 [RatisPipelineUtilsThread-0] WARN  scm.SCMCommonPlacementPolicy (SCMCommonPlacementPolicy.java:filterNodesWithSpace(287)) - Unable to find enough nodes that meet the space requirement of 1073741824 bytes for metadata and 5368709120 bytes for data in healthy node set. Required 3. Found 2.
2024-01-30 07:45:46,085 [RatisPipelineUtilsThread-0] WARN  scm.SCMCommonPlacementPolicy (SCMCommonPlacementPolicy.java:filterNodesWithSpace(287)) - Unable to find enough nodes that meet the space requirement of 1073741824 bytes for metadata and 5368709120 bytes for data in healthy node set. Required 3. Found 2.
2024-01-30 07:45:46,207 [timer7] WARN  server.GrpcLogAppender (LogUtils.java:warn(121)) - ce491c53-a544-4921-9edd-2ea5f993f9d2@group-8413612DC804->d07b3c51-3354-45f5-8abc-ab9fc0487f36-AppendLogResponseHandler: Failed appendEntries (Repeated 6 times in the last 5.001s): org.apache.ratis.thirdparty.io.grpc.StatusRuntimeException: UNAVAILABLE: io exception
2024-01-30 07:45:46,207 [timer0] WARN  server.GrpcLogAppender (GrpcLogAppender.java:lambda$resetClient$1(217)) - ce491c53-a544-4921-9edd-2ea5f993f9d2@group-B54A4A0E8004->d07b3c51-3354-45f5-8abc-ab9fc0487f36-GrpcLogAppender: Follower failed (request=null, errorCount=20); keep nextIndex (1) unchanged and retry. (Repeated 12 times in the last 5.000s)
2024-01-30 07:45:46,572 [grpc-default-executor-2] WARN  server.GrpcLogAppender (LogUtils.java:warn(121)) - ce491c53-a544-4921-9edd-2ea5f993f9d2@group-8413612DC804->d07b3c51-3354-45f5-8abc-ab9fc0487f36-AppendLogResponseHandler: Failed appendEntries: org.apache.ratis.thirdparty.io.grpc.StatusRuntimeException: UNAVAILABLE: io exception
2024-01-30 07:45:46,573 [grpc-default-executor-5] WARN  server.GrpcLogAppender (GrpcLogAppender.java:lambda$resetClient$1(217)) - ce491c53-a544-4921-9edd-2ea5f993f9d2@group-8413612DC804->d07b3c51-3354-45f5-8abc-ab9fc0487f36-GrpcLogAppender: Follower failed (request=null, errorCount=17); keep nextIndex (1) unchanged and retry.
2024-01-30 07:45:46,585 [RatisPipelineUtilsThread-0] WARN  scm.SCMCommonPlacementPolicy (SCMCommonPlacementPolicy.java:filterNodesWithSpace(287)) - Unable to find enough nodes that meet the space requirement of 1073741824 bytes for metadata and 5368709120 bytes for data in healthy node set. Required 3. Found 2.
2024-01-30 07:45:47,086 [RatisPipelineUtilsThread-0] WARN  scm.SCMCommonPlacementPolicy (SCMCommonPlacementPolicy.java:filterNodesWithSpace(287)) - Unable to find enough nodes that meet the space requirement of 1073741824 bytes for metadata and 5368709120 bytes for data in healthy node set. Required 3. Found 2.
2024-01-30 07:45:47,587 [RatisPipelineUtilsThread-0] WARN  scm.SCMCommonPlacementPolicy (SCMCommonPlacementPolicy.java:filterNodesWithSpace(287)) - Unable to find enough nodes that meet the space requirement of 1073741824 bytes for metadata and 5368709120 bytes for data in healthy node set. Required 3. Found 2.
2024-01-30 07:45:48,087 [RatisPipelineUtilsThread-0] WARN  scm.SCMCommonPlacementPolicy (SCMCommonPlacementPolicy.java:filterNodesWithSpace(287)) - Unable to find enough nodes that meet the space requirement of 1073741824 bytes for metadata and 5368709120 bytes for data in healthy node set. Required 3. Found 2.
2024-01-30 07:45:48,372 [timer4] WARN  server.GrpcLogAppender (LogUtils.java:warn(121)) - ce491c53-a544-4921-9edd-2ea5f993f9d2@group-B54A4A0E8004->d07b3c51-3354-45f5-8abc-ab9fc0487f36-AppendLogResponseHandler: Failed appendEntries (Repeated 6 times in the last 5.001s): org.apache.ratis.thirdparty.io.grpc.StatusRuntimeException: UNAVAILABLE: io exception
2024-01-30 07:45:48,525 [grpc-default-executor-2] WARN  server.GrpcLogAppender (LogUtils.java:warn(121)) - ce491c53-a544-4921-9edd-2ea5f993f9d2@group-B54A4A0E8004->d07b3c51-3354-45f5-8abc-ab9fc0487f36-AppendLogResponseHandler: Failed appendEntries: org.apache.ratis.thirdparty.io.grpc.StatusRuntimeException: UNAVAILABLE: io exception
2024-01-30 07:45:48,588 [RatisPipelineUtilsThread-0] WARN  scm.SCMCommonPlacementPolicy (SCMCommonPlacementPolicy.java:filterNodesWithSpace(287)) - Unable to find enough nodes that meet the space requirement of 1073741824 bytes for metadata and 5368709120 bytes for data in healthy node set. Required 3. Found 2.
2024-01-30 07:45:49,088 [RatisPipelineUtilsThread-0] WARN  scm.SCMCommonPlacementPolicy (SCMCommonPlacementPolicy.java:filterNodesWithSpace(287)) - Unable to find enough nodes that meet the space requirement of 1073741824 bytes for metadata and 5368709120 bytes for data in healthy node set. Required 3. Found 2.
2024-01-30 07:45:49,589 [RatisPipelineUtilsThread-0] WARN  scm.SCMCommonPlacementPolicy (SCMCommonPlacementPolicy.java:filterNodesWithSpace(287)) - Unable to find enough nodes that meet the space requirement of 1073741824 bytes for metadata and 5368709120 bytes for data in healthy node set. Required 3. Found 2.
2024-01-30 07:45:50,089 [RatisPipelineUtilsThread-0] WARN  scm.SCMCommonPlacementPolicy (SCMCommonPlacementPolicy.java:filterNodesWithSpace(287)) - Unable to find enough nodes that meet the space requirement of 1073741824 bytes for metadata and 5368709120 bytes for data in healthy node set. Required 3. Found 2.
2024-01-30 07:45:50,590 [RatisPipelineUtilsThread-0] WARN  scm.SCMCommonPlacementPolicy (SCMCommonPlacementPolicy.java:filterNodesWithSpace(287)) - Unable to find enough nodes that meet the space requirement of 1073741824 bytes for metadata and 5368709120 bytes for data in healthy node set. Required 3. Found 2.
2024-01-30 07:45:51,091 [RatisPipelineUtilsThread-0] WARN  scm.SCMCommonPlacementPolicy (SCMCommonPlacementPolicy.java:filterNodesWithSpace(287)) - Unable to find enough nodes that meet the space requirement of 1073741824 bytes for metadata and 5368709120 bytes for data in healthy node set. Required 3. Found 2.
2024-01-30 07:45:51,573 [timer2] WARN  server.GrpcLogAppender (LogUtils.java:warn(121)) - ce491c53-a544-4921-9edd-2ea5f993f9d2@group-8413612DC804->d07b3c51-3354-45f5-8abc-ab9fc0487f36-AppendLogResponseHandler: Failed appendEntries (Repeated 6 times in the last 5.001s): org.apache.ratis.thirdparty.io.grpc.StatusRuntimeException: UNAVAILABLE: io exception
2024-01-30 07:45:51,573 [timer3] WARN  server.GrpcLogAppender (GrpcLogAppender.java:lambda$resetClient$1(217)) - ce491c53-a544-4921-9edd-2ea5f993f9d2@group-B54A4A0E8004->d07b3c51-3354-45f5-8abc-ab9fc0487f36-GrpcLogAppender: Follower failed (request=null, errorCount=28); keep nextIndex (1) unchanged and retry. (Repeated 14 times in the last 5.000s)
2024-01-30 07:45:51,591 [RatisPipelineUtilsThread-0] WARN  scm.SCMCommonPlacementPolicy (SCMCommonPlacementPolicy.java:filterNodesWithSpace(287)) - Unable to find enough nodes that meet the space requirement of 1073741824 bytes for metadata and 5368709120 bytes for data in healthy node set. Required 3. Found 2.
2024-01-30 07:45:51,992 [grpc-default-executor-5] WARN  server.GrpcLogAppender (LogUtils.java:warn(121)) - ce491c53-a544-4921-9edd-2ea5f993f9d2@group-8413612DC804->d07b3c51-3354-45f5-8abc-ab9fc0487f36-AppendLogResponseHandler: Failed appendEntries: org.apache.ratis.thirdparty.io.grpc.StatusRuntimeException: UNAVAILABLE: io exception
2024-01-30 07:45:51,993 [grpc-default-executor-2] WARN  server.GrpcLogAppender (GrpcLogAppender.java:lambda$resetClient$1(217)) - ce491c53-a544-4921-9edd-2ea5f993f9d2@group-8413612DC804->d07b3c51-3354-45f5-8abc-ab9fc0487f36-GrpcLogAppender: Follower failed (request=null, errorCount=23); keep nextIndex (1) unchanged and retry.
2024-01-30 07:45:52,092 [RatisPipelineUtilsThread-0] WARN  scm.SCMCommonPlacementPolicy (SCMCommonPlacementPolicy.java:filterNodesWithSpace(287)) - Unable to find enough nodes that meet the space requirement of 1073741824 bytes for metadata and 5368709120 bytes for data in healthy node set. Required 3. Found 2.
2024-01-30 07:45:52,592 [RatisPipelineUtilsThread-0] WARN  scm.SCMCommonPlacementPolicy (SCMCommonPlacementPolicy.java:filterNodesWithSpace(287)) - Unable to find enough nodes that meet the space requirement of 1073741824 bytes for metadata and 5368709120 bytes for data in healthy node set. Required 3. Found 2.
2024-01-30 07:45:53,093 [RatisPipelineUtilsThread-0] WARN  scm.SCMCommonPlacementPolicy (SCMCommonPlacementPolicy.java:filterNodesWithSpace(287)) - Unable to find enough nodes that meet the space requirement of 1073741824 bytes for metadata and 5368709120 bytes for data in healthy node set. Required 3. Found 2.
2024-01-30 07:45:53,526 [timer6] WARN  server.GrpcLogAppender (LogUtils.java:warn(121)) - ce491c53-a544-4921-9edd-2ea5f993f9d2@group-B54A4A0E8004->d07b3c51-3354-45f5-8abc-ab9fc0487f36-AppendLogResponseHandler: Failed appendEntries (Repeated 6 times in the last 5.001s): org.apache.ratis.thirdparty.io.grpc.StatusRuntimeException: UNAVAILABLE: io exception
2024-01-30 07:45:53,593 [RatisPipelineUtilsThread-0] WARN  scm.SCMCommonPlacementPolicy (SCMCommonPlacementPolicy.java:filterNodesWithSpace(287)) - Unable to find enough nodes that meet the space requirement of 1073741824 bytes for metadata and 5368709120 bytes for data in healthy node set. Required 3. Found 2.
2024-01-30 07:45:53,663 [grpc-default-executor-2] WARN  server.GrpcLogAppender (LogUtils.java:warn(121)) - ce491c53-a544-4921-9edd-2ea5f993f9d2@group-B54A4A0E8004->d07b3c51-3354-45f5-8abc-ab9fc0487f36-AppendLogResponseHandler: Failed appendEntries: org.apache.ratis.thirdparty.io.grpc.StatusRuntimeException: UNAVAILABLE: io exception
2024-01-30 07:45:54,094 [RatisPipelineUtilsThread-0] WARN  scm.SCMCommonPlacementPolicy (SCMCommonPlacementPolicy.java:filterNodesWithSpace(287)) - Unable to find enough nodes that meet the space requirement of 1073741824 bytes for metadata and 5368709120 bytes for data in healthy node set. Required 3. Found 2.
2024-01-30 07:45:54,594 [RatisPipelineUtilsThread-0] WARN  scm.SCMCommonPlacementPolicy (SCMCommonPlacementPolicy.java:filterNodesWithSpace(287)) - Unable to find enough nodes that meet the space requirement of 1073741824 bytes for metadata and 5368709120 bytes for data in healthy node set. Required 3. Found 2.
2024-01-30 07:45:55,095 [RatisPipelineUtilsThread-0] WARN  scm.SCMCommonPlacementPolicy (SCMCommonPlacementPolicy.java:filterNodesWithSpace(287)) - Unable to find enough nodes that meet the space requirement of 1073741824 bytes for metadata and 5368709120 bytes for data in healthy node set. Required 3. Found 2.
2024-01-30 07:45:55,595 [RatisPipelineUtilsThread-0] WARN  scm.SCMCommonPlacementPolicy (SCMCommonPlacementPolicy.java:filterNodesWithSpace(287)) - Unable to find enough nodes that meet the space requirement of 1073741824 bytes for metadata and 5368709120 bytes for data in healthy node set. Required 3. Found 2.
2024-01-30 07:45:56,096 [RatisPipelineUtilsThread-0] WARN  scm.SCMCommonPlacementPolicy (SCMCommonPlacementPolicy.java:filterNodesWithSpace(287)) - Unable to find enough nodes that meet the space requirement of 1073741824 bytes for metadata and 5368709120 bytes for data in healthy node set. Required 3. Found 2.
2024-01-30 07:45:56,597 [RatisPipelineUtilsThread-0] WARN  scm.SCMCommonPlacementPolicy (SCMCommonPlacementPolicy.java:filterNodesWithSpace(287)) - Unable to find enough nodes that meet the space requirement of 1073741824 bytes for metadata and 5368709120 bytes for data in healthy node set. Required 3. Found 2.
2024-01-30 07:45:56,993 [timer6] WARN  server.GrpcLogAppender (GrpcLogAppender.java:lambda$resetClient$1(217)) - ce491c53-a544-4921-9edd-2ea5f993f9d2@group-8413612DC804->d07b3c51-3354-45f5-8abc-ab9fc0487f36-GrpcLogAppender: Follower failed (request=null, errorCount=28); keep nextIndex (1) unchanged and retry. (Repeated 10 times in the last 5.000s)
2024-01-30 07:45:56,993 [timer5] WARN  server.GrpcLogAppender (LogUtils.java:warn(121)) - ce491c53-a544-4921-9edd-2ea5f993f9d2@group-8413612DC804->d07b3c51-3354-45f5-8abc-ab9fc0487f36-AppendLogResponseHandler: Failed appendEntries (Repeated 6 times in the last 5.002s): org.apache.ratis.thirdparty.io.grpc.StatusRuntimeException: UNAVAILABLE: io exception
2024-01-30 07:45:57,097 [RatisPipelineUtilsThread-0] WARN  scm.SCMCommonPlacementPolicy (SCMCommonPlacementPolicy.java:filterNodesWithSpace(287)) - Unable to find enough nodes that meet the space requirement of 1073741824 bytes for metadata and 5368709120 bytes for data in healthy node set. Required 3. Found 2.
2024-01-30 07:45:57,598 [RatisPipelineUtilsThread-0] WARN  scm.SCMCommonPlacementPolicy (SCMCommonPlacementPolicy.java:filterNodesWithSpace(287)) - Unable to find enough nodes that meet the space requirement of 1073741824 bytes for metadata and 5368709120 bytes for data in healthy node set. Required 3. Found 2.
2024-01-30 07:45:57,828 [grpc-default-executor-2] WARN  server.GrpcLogAppender (LogUtils.java:warn(121)) - ce491c53-a544-4921-9edd-2ea5f993f9d2@group-8413612DC804->d07b3c51-3354-45f5-8abc-ab9fc0487f36-AppendLogResponseHandler: Failed appendEntries: org.apache.ratis.thirdparty.io.grpc.StatusRuntimeException: UNAVAILABLE: io exception
2024-01-30 07:45:57,829 [grpc-default-executor-5] WARN  server.GrpcLogAppender (GrpcLogAppender.java:lambda$resetClient$1(217)) - ce491c53-a544-4921-9edd-2ea5f993f9d2@group-8413612DC804->d07b3c51-3354-45f5-8abc-ab9fc0487f36-GrpcLogAppender: Follower failed (request=null, errorCount=29); keep nextIndex (1) unchanged and retry.
2024-01-30 07:45:58,098 [RatisPipelineUtilsThread-0] WARN  scm.SCMCommonPlacementPolicy (SCMCommonPlacementPolicy.java:filterNodesWithSpace(287)) - Unable to find enough nodes that meet the space requirement of 1073741824 bytes for metadata and 5368709120 bytes for data in healthy node set. Required 3. Found 2.
2024-01-30 07:45:58,599 [RatisPipelineUtilsThread-0] WARN  scm.SCMCommonPlacementPolicy (SCMCommonPlacementPolicy.java:filterNodesWithSpace(287)) - Unable to find enough nodes that meet the space requirement of 1073741824 bytes for metadata and 5368709120 bytes for data in healthy node set. Required 3. Found 2.
2024-01-30 07:45:58,664 [timer1] WARN  server.GrpcLogAppender (LogUtils.java:warn(121)) - ce491c53-a544-4921-9edd-2ea5f993f9d2@group-B54A4A0E8004->d07b3c51-3354-45f5-8abc-ab9fc0487f36-AppendLogResponseHandler: Failed appendEntries (Repeated 6 times in the last 5.001s): org.apache.ratis.thirdparty.io.grpc.StatusRuntimeException: UNAVAILABLE: io exception
2024-01-30 07:45:59,100 [RatisPipelineUtilsThread-0] WARN  scm.SCMCommonPlacementPolicy (SCMCommonPlacementPolicy.java:filterNodesWithSpace(287)) - Unable to find enough nodes that meet the space requirement of 1073741824 bytes for metadata and 5368709120 bytes for data in healthy node set. Required 3. Found 2.
2024-01-30 07:45:59,600 [RatisPipelineUtilsThread-0] WARN  scm.SCMCommonPlacementPolicy (SCMCommonPlacementPolicy.java:filterNodesWithSpace(287)) - Unable to find enough nodes that meet the space requirement of 1073741824 bytes for metadata and 5368709120 bytes for data in healthy node set. Required 3. Found 2.
2024-01-30 07:46:00,101 [RatisPipelineUtilsThread-0] WARN  scm.SCMCommonPlacementPolicy (SCMCommonPlacementPolicy.java:filterNodesWithSpace(287)) - Unable to find enough nodes that meet the space requirement of 1073741824 bytes for metadata and 5368709120 bytes for data in healthy node set. Required 3. Found 2.
2024-01-30 07:46:00,602 [RatisPipelineUtilsThread-0] WARN  scm.SCMCommonPlacementPolicy (SCMCommonPlacementPolicy.java:filterNodesWithSpace(287)) - Unable to find enough nodes that meet the space requirement of 1073741824 bytes for metadata and 5368709120 bytes for data in healthy node set. Required 3. Found 2.
2024-01-30 07:46:01,102 [RatisPipelineUtilsThread-0] WARN  scm.SCMCommonPlacementPolicy (SCMCommonPlacementPolicy.java:filterNodesWithSpace(287)) - Unable to find enough nodes that meet the space requirement of 1073741824 bytes for metadata and 5368709120 bytes for data in healthy node set. Required 3. Found 2.
2024-01-30 07:46:01,603 [RatisPipelineUtilsThread-0] WARN  scm.SCMCommonPlacementPolicy (SCMCommonPlacementPolicy.java:filterNodesWithSpace(287)) - Unable to find enough nodes that meet the space requirement of 1073741824 bytes for metadata and 5368709120 bytes for data in healthy node set. Required 3. Found 2.
2024-01-30 07:46:02,103 [RatisPipelineUtilsThread-0] WARN  scm.SCMCommonPlacementPolicy (SCMCommonPlacementPolicy.java:filterNodesWithSpace(287)) - Unable to find enough nodes that meet the space requirement of 1073741824 bytes for metadata and 5368709120 bytes for data in healthy node set. Required 3. Found 2.
2024-01-30 07:46:02,212 [grpc-default-executor-2] WARN  server.GrpcLogAppender (LogUtils.java:warn(121)) - ce491c53-a544-4921-9edd-2ea5f993f9d2@group-B54A4A0E8004->d07b3c51-3354-45f5-8abc-ab9fc0487f36-AppendLogResponseHandler: Failed appendEntries: org.apache.ratis.thirdparty.io.grpc.StatusRuntimeException: UNAVAILABLE: io exception
2024-01-30 07:46:02,604 [RatisPipelineUtilsThread-0] WARN  scm.SCMCommonPlacementPolicy (SCMCommonPlacementPolicy.java:filterNodesWithSpace(287)) - Unable to find enough nodes that meet the space requirement of 1073741824 bytes for metadata and 5368709120 bytes for data in healthy node set. Required 3. Found 2.
2024-01-30 07:46:02,830 [timer6] WARN  server.GrpcLogAppender (LogUtils.java:warn(121)) - ce491c53-a544-4921-9edd-2ea5f993f9d2@group-8413612DC804->d07b3c51-3354-45f5-8abc-ab9fc0487f36-AppendLogResponseHandler: Failed appendEntries (Repeated 4 times in the last 5.002s): org.apache.ratis.thirdparty.io.grpc.StatusRuntimeException: UNAVAILABLE: io exception
2024-01-30 07:46:02,830 [timer0] WARN  server.GrpcLogAppender (GrpcLogAppender.java:lambda$resetClient$1(217)) - ce491c53-a544-4921-9edd-2ea5f993f9d2@group-B54A4A0E8004->d07b3c51-3354-45f5-8abc-ab9fc0487f36-GrpcLogAppender: Follower failed (request=null, errorCount=36); keep nextIndex (1) unchanged and retry. (Repeated 8 times in the last 5.001s)
2024-01-30 07:46:03,104 [RatisPipelineUtilsThread-0] WARN  scm.SCMCommonPlacementPolicy (SCMCommonPlacementPolicy.java:filterNodesWithSpace(287)) - Unable to find enough nodes that meet the space requirement of 1073741824 bytes for metadata and 5368709120 bytes for data in healthy node set. Required 3. Found 2.
2024-01-30 07:46:03,605 [RatisPipelineUtilsThread-0] WARN  scm.SCMCommonPlacementPolicy (SCMCommonPlacementPolicy.java:filterNodesWithSpace(287)) - Unable to find enough nodes that meet the space requirement of 1073741824 bytes for metadata and 5368709120 bytes for data in healthy node set. Required 3. Found 2.
2024-01-30 07:46:04,105 [RatisPipelineUtilsThread-0] WARN  scm.SCMCommonPlacementPolicy (SCMCommonPlacementPolicy.java:filterNodesWithSpace(287)) - Unable to find enough nodes that meet the space requirement of 1073741824 bytes for metadata and 5368709120 bytes for data in healthy node set. Required 3. Found 2.
2024-01-30 07:46:04,606 [RatisPipelineUtilsThread-0] WARN  scm.SCMCommonPlacementPolicy (SCMCommonPlacementPolicy.java:filterNodesWithSpace(287)) - Unable to find enough nodes that meet the space requirement of 1073741824 bytes for metadata and 5368709120 bytes for data in healthy node set. Required 3. Found 2.
2024-01-30 07:46:05,106 [RatisPipelineUtilsThread-0] WARN  scm.SCMCommonPlacementPolicy (SCMCommonPlacementPolicy.java:filterNodesWithSpace(287)) - Unable to find enough nodes that meet the space requirement of 1073741824 bytes for metadata and 5368709120 bytes for data in healthy node set. Required 3. Found 2.
2024-01-30 07:46:05,607 [RatisPipelineUtilsThread-0] WARN  scm.SCMCommonPlacementPolicy (SCMCommonPlacementPolicy.java:filterNodesWithSpace(287)) - Unable to find enough nodes that meet the space requirement of 1073741824 bytes for metadata and 5368709120 bytes for data in healthy node set. Required 3. Found 2.
2024-01-30 07:46:06,107 [RatisPipelineUtilsThread-0] WARN  scm.SCMCommonPlacementPolicy (SCMCommonPlacementPolicy.java:filterNodesWithSpace(287)) - Unable to find enough nodes that meet the space requirement of 1073741824 bytes for metadata and 5368709120 bytes for data in healthy node set. Required 3. Found 2.
2024-01-30 07:46:06,447 [grpc-default-executor-2] WARN  server.GrpcLogAppender (GrpcLogAppender.java:lambda$resetClient$1(217)) - ce491c53-a544-4921-9edd-2ea5f993f9d2@group-B54A4A0E8004->d07b3c51-3354-45f5-8abc-ab9fc0487f36-GrpcLogAppender: Follower failed (request=null, errorCount=37); keep nextIndex (1) unchanged and retry.
2024-01-30 07:46:06,608 [RatisPipelineUtilsThread-0] WARN  scm.SCMCommonPlacementPolicy (SCMCommonPlacementPolicy.java:filterNodesWithSpace(287)) - Unable to find enough nodes that meet the space requirement of 1073741824 bytes for metadata and 5368709120 bytes for data in healthy node set. Required 3. Found 2.
2024-01-30 07:46:06,917 [grpc-default-executor-5] WARN  server.GrpcLogAppender (LogUtils.java:warn(121)) - ce491c53-a544-4921-9edd-2ea5f993f9d2@group-8413612DC804->d07b3c51-3354-45f5-8abc-ab9fc0487f36-AppendLogResponseHandler: Failed appendEntries: org.apache.ratis.thirdparty.io.grpc.StatusRuntimeException: UNAVAILABLE: io exception
2024-01-30 07:46:07,108 [RatisPipelineUtilsThread-0] WARN  scm.SCMCommonPlacementPolicy (SCMCommonPlacementPolicy.java:filterNodesWithSpace(287)) - Unable to find enough nodes that meet the space requirement of 1073741824 bytes for metadata and 5368709120 bytes for data in healthy node set. Required 3. Found 2.
2024-01-30 07:46:07,214 [timer7] WARN  server.GrpcLogAppender (LogUtils.java:warn(121)) - ce491c53-a544-4921-9edd-2ea5f993f9d2@group-B54A4A0E8004->d07b3c51-3354-45f5-8abc-ab9fc0487f36-AppendLogResponseHandler: Failed appendEntries (Repeated 4 times in the last 5.001s): org.apache.ratis.thirdparty.io.grpc.StatusRuntimeException: UNAVAILABLE: io exception
2024-01-30 07:46:07,609 [RatisPipelineUtilsThread-0] WARN  scm.SCMCommonPlacementPolicy (SCMCommonPlacementPolicy.java:filterNodesWithSpace(287)) - Unable to find enough nodes that meet the space requirement of 1073741824 bytes for metadata and 5368709120 bytes for data in healthy node set. Required 3. Found 2.
2024-01-30 07:46:08,109 [RatisPipelineUtilsThread-0] WARN  scm.SCMCommonPlacementPolicy (SCMCommonPlacementPolicy.java:filterNodesWithSpace(287)) - Unable to find enough nodes that meet the space requirement of 1073741824 bytes for metadata and 5368709120 bytes for data in healthy node set. Required 3. Found 2.
2024-01-30 07:46:08,610 [RatisPipelineUtilsThread-0] WARN  scm.SCMCommonPlacementPolicy (SCMCommonPlacementPolicy.java:filterNodesWithSpace(287)) - Unable to find enough nodes that meet the space requirement of 1073741824 bytes for metadata and 5368709120 bytes for data in healthy node set. Required 3. Found 2.
2024-01-30 07:46:09,111 [RatisPipelineUtilsThread-0] WARN  scm.SCMCommonPlacementPolicy (SCMCommonPlacementPolicy.java:filterNodesWithSpace(287)) - Unable to find enough nodes that meet the space requirement of 1073741824 bytes for metadata and 5368709120 bytes for data in healthy node set. Required 3. Found 2.
2024-01-30 07:46:09,611 [RatisPipelineUtilsThread-0] WARN  scm.SCMCommonPlacementPolicy (SCMCommonPlacementPolicy.java:filterNodesWithSpace(287)) - Unable to find enough nodes that meet the space requirement of 1073741824 bytes for metadata and 5368709120 bytes for data in healthy node set. Required 3. Found 2.
2024-01-30 07:46:10,112 [RatisPipelineUtilsThread-0] WARN  scm.SCMCommonPlacementPolicy (SCMCommonPlacementPolicy.java:filterNodesWithSpace(287)) - Unable to find enough nodes that meet the space requirement of 1073741824 bytes for metadata and 5368709120 bytes for data in healthy node set. Required 3. Found 2.
2024-01-30 07:46:10,612 [RatisPipelineUtilsThread-0] WARN  scm.SCMCommonPlacementPolicy (SCMCommonPlacementPolicy.java:filterNodesWithSpace(287)) - Unable to find enough nodes that meet the space requirement of 1073741824 bytes for metadata and 5368709120 bytes for data in healthy node set. Required 3. Found 2.
2024-01-30 07:46:11,113 [RatisPipelineUtilsThread-0] WARN  scm.SCMCommonPlacementPolicy (SCMCommonPlacementPolicy.java:filterNodesWithSpace(287)) - Unable to find enough nodes that meet the space requirement of 1073741824 bytes for metadata and 5368709120 bytes for data in healthy node set. Required 3. Found 2.
2024-01-30 07:46:11,447 [timer2] WARN  server.GrpcLogAppender (GrpcLogAppender.java:lambda$resetClient$1(217)) - ce491c53-a544-4921-9edd-2ea5f993f9d2@group-8413612DC804->d07b3c51-3354-45f5-8abc-ab9fc0487f36-GrpcLogAppender: Follower failed (request=null, errorCount=36); keep nextIndex (1) unchanged and retry. (Repeated 6 times in the last 5.000s)
2024-01-30 07:46:11,613 [RatisPipelineUtilsThread-0] WARN  scm.SCMCommonPlacementPolicy (SCMCommonPlacementPolicy.java:filterNodesWithSpace(287)) - Unable to find enough nodes that meet the space requirement of 1073741824 bytes for metadata and 5368709120 bytes for data in healthy node set. Required 3. Found 2.
2024-01-30 07:46:11,919 [timer4] WARN  server.GrpcLogAppender (LogUtils.java:warn(121)) - ce491c53-a544-4921-9edd-2ea5f993f9d2@group-8413612DC804->d07b3c51-3354-45f5-8abc-ab9fc0487f36-AppendLogResponseHandler: Failed appendEntries (Repeated 4 times in the last 5.002s): org.apache.ratis.thirdparty.io.grpc.StatusRuntimeException: UNAVAILABLE: io exception
2024-01-30 07:46:12,114 [RatisPipelineUtilsThread-0] WARN  scm.SCMCommonPlacementPolicy (SCMCommonPlacementPolicy.java:filterNodesWithSpace(287)) - Unable to find enough nodes that meet the space requirement of 1073741824 bytes for metadata and 5368709120 bytes for data in healthy node set. Required 3. Found 2.
2024-01-30 07:46:12,614 [RatisPipelineUtilsThread-0] WARN  scm.SCMCommonPlacementPolicy (SCMCommonPlacementPolicy.java:filterNodesWithSpace(287)) - Unable to find enough nodes that meet the space requirement of 1073741824 bytes for metadata and 5368709120 bytes for data in healthy node set. Required 3. Found 2.
2024-01-30 07:46:12,997 [grpc-default-executor-2] WARN  server.GrpcLogAppender (LogUtils.java:warn(121)) - ce491c53-a544-4921-9edd-2ea5f993f9d2@group-B54A4A0E8004->d07b3c51-3354-45f5-8abc-ab9fc0487f36-AppendLogResponseHandler: Failed appendEntries: org.apache.ratis.thirdparty.io.grpc.StatusRuntimeException: UNAVAILABLE: io exception
2024-01-30 07:46:12,998 [grpc-default-executor-5] WARN  server.GrpcLogAppender (GrpcLogAppender.java:lambda$resetClient$1(217)) - ce491c53-a544-4921-9edd-2ea5f993f9d2@group-B54A4A0E8004->d07b3c51-3354-45f5-8abc-ab9fc0487f36-GrpcLogAppender: Follower failed (request=null, errorCount=39); keep nextIndex (1) unchanged and retry.
2024-01-30 07:46:13,115 [RatisPipelineUtilsThread-0] WARN  scm.SCMCommonPlacementPolicy (SCMCommonPlacementPolicy.java:filterNodesWithSpace(287)) - Unable to find enough nodes that meet the space requirement of 1073741824 bytes for metadata and 5368709120 bytes for data in healthy node set. Required 3. Found 2.
2024-01-30 07:46:13,615 [RatisPipelineUtilsThread-0] WARN  scm.SCMCommonPlacementPolicy (SCMCommonPlacementPolicy.java:filterNodesWithSpace(287)) - Unable to find enough nodes that meet the space requirement of 1073741824 bytes for metadata and 5368709120 bytes for data in healthy node set. Required 3. Found 2.
2024-01-30 07:46:14,116 [RatisPipelineUtilsThread-0] WARN  scm.SCMCommonPlacementPolicy (SCMCommonPlacementPolicy.java:filterNodesWithSpace(287)) - Unable to find enough nodes that meet the space requirement of 1073741824 bytes for metadata and 5368709120 bytes for data in healthy node set. Required 3. Found 2.
2024-01-30 07:46:14,616 [RatisPipelineUtilsThread-0] WARN  scm.SCMCommonPlacementPolicy (SCMCommonPlacementPolicy.java:filterNodesWithSpace(287)) - Unable to find enough nodes that meet the space requirement of 1073741824 bytes for metadata and 5368709120 bytes for data in healthy node set. Required 3. Found 2.
2024-01-30 07:46:15,117 [RatisPipelineUtilsThread-0] WARN  scm.SCMCommonPlacementPolicy (SCMCommonPlacementPolicy.java:filterNodesWithSpace(287)) - Unable to find enough nodes that meet the space requirement of 1073741824 bytes for metadata and 5368709120 bytes for data in healthy node set. Required 3. Found 2.
2024-01-30 07:46:15,618 [RatisPipelineUtilsThread-0] WARN  scm.SCMCommonPlacementPolicy (SCMCommonPlacementPolicy.java:filterNodesWithSpace(287)) - Unable to find enough nodes that meet the space requirement of 1073741824 bytes for metadata and 5368709120 bytes for data in healthy node set. Required 3. Found 2.
2024-01-30 07:46:16,118 [RatisPipelineUtilsThread-0] WARN  scm.SCMCommonPlacementPolicy (SCMCommonPlacementPolicy.java:filterNodesWithSpace(287)) - Unable to find enough nodes that meet the space requirement of 1073741824 bytes for metadata and 5368709120 bytes for data in healthy node set. Required 3. Found 2.
2024-01-30 07:46:16,619 [RatisPipelineUtilsThread-0] WARN  scm.SCMCommonPlacementPolicy (SCMCommonPlacementPolicy.java:filterNodesWithSpace(287)) - Unable to find enough nodes that meet the space requirement of 1073741824 bytes for metadata and 5368709120 bytes for data in healthy node set. Required 3. Found 2.
2024-01-30 07:46:16,978 [grpc-default-executor-2] WARN  server.GrpcLogAppender (LogUtils.java:warn(121)) - ce491c53-a544-4921-9edd-2ea5f993f9d2@group-8413612DC804->d07b3c51-3354-45f5-8abc-ab9fc0487f36-AppendLogResponseHandler: Failed appendEntries: org.apache.ratis.thirdparty.io.grpc.StatusRuntimeException: UNAVAILABLE: io exception
2024-01-30 07:46:17,119 [RatisPipelineUtilsThread-0] WARN  scm.SCMCommonPlacementPolicy (SCMCommonPlacementPolicy.java:filterNodesWithSpace(287)) - Unable to find enough nodes that meet the space requirement of 1073741824 bytes for metadata and 5368709120 bytes for data in healthy node set. Required 3. Found 2.
2024-01-30 07:46:17,620 [RatisPipelineUtilsThread-0] WARN  scm.SCMCommonPlacementPolicy (SCMCommonPlacementPolicy.java:filterNodesWithSpace(287)) - Unable to find enough nodes that meet the space requirement of 1073741824 bytes for metadata and 5368709120 bytes for data in healthy node set. Required 3. Found 2.
2024-01-30 07:46:17,998 [timer5] WARN  server.GrpcLogAppender (GrpcLogAppender.java:lambda$resetClient$1(217)) - ce491c53-a544-4921-9edd-2ea5f993f9d2@group-B54A4A0E8004->d07b3c51-3354-45f5-8abc-ab9fc0487f36-GrpcLogAppender: Follower failed (request=null, errorCount=42); keep nextIndex (1) unchanged and retry. (Repeated 6 times in the last 5.000s)
2024-01-30 07:46:17,999 [timer4] WARN  server.GrpcLogAppender (LogUtils.java:warn(121)) - ce491c53-a544-4921-9edd-2ea5f993f9d2@group-B54A4A0E8004->d07b3c51-3354-45f5-8abc-ab9fc0487f36-AppendLogResponseHandler: Failed appendEntries (Repeated 4 times in the last 5.002s): org.apache.ratis.thirdparty.io.grpc.StatusRuntimeException: UNAVAILABLE: io exception
2024-01-30 07:46:18,120 [RatisPipelineUtilsThread-0] WARN  scm.SCMCommonPlacementPolicy (SCMCommonPlacementPolicy.java:filterNodesWithSpace(287)) - Unable to find enough nodes that meet the space requirement of 1073741824 bytes for metadata and 5368709120 bytes for data in healthy node set. Required 3. Found 2.
2024-01-30 07:46:18,621 [RatisPipelineUtilsThread-0] WARN  scm.SCMCommonPlacementPolicy (SCMCommonPlacementPolicy.java:filterNodesWithSpace(287)) - Unable to find enough nodes that meet the space requirement of 1073741824 bytes for metadata and 5368709120 bytes for data in healthy node set. Required 3. Found 2.
2024-01-30 07:46:19,122 [RatisPipelineUtilsThread-0] WARN  scm.SCMCommonPlacementPolicy (SCMCommonPlacementPolicy.java:filterNodesWithSpace(287)) - Unable to find enough nodes that meet the space requirement of 1073741824 bytes for metadata and 5368709120 bytes for data in healthy node set. Required 3. Found 2.
2024-01-30 07:46:19,622 [RatisPipelineUtilsThread-0] WARN  scm.SCMCommonPlacementPolicy (SCMCommonPlacementPolicy.java:filterNodesWithSpace(287)) - Unable to find enough nodes that meet the space requirement of 1073741824 bytes for metadata and 5368709120 bytes for data in healthy node set. Required 3. Found 2.
2024-01-30 07:46:20,123 [RatisPipelineUtilsThread-0] WARN  scm.SCMCommonPlacementPolicy (SCMCommonPlacementPolicy.java:filterNodesWithSpace(287)) - Unable to find enough nodes that meet the space requirement of 1073741824 bytes for metadata and 5368709120 bytes for data in healthy node set. Required 3. Found 2.
2024-01-30 07:46:20,623 [RatisPipelineUtilsThread-0] WARN  scm.SCMCommonPlacementPolicy (SCMCommonPlacementPolicy.java:filterNodesWithSpace(287)) - Unable to find enough nodes that meet the space requirement of 1073741824 bytes for metadata and 5368709120 bytes for data in healthy node set. Required 3. Found 2.
2024-01-30 07:46:20,879 [grpc-default-executor-5] WARN  server.GrpcLogAppender (GrpcLogAppender.java:lambda$resetClient$1(217)) - ce491c53-a544-4921-9edd-2ea5f993f9d2@group-8413612DC804->d07b3c51-3354-45f5-8abc-ab9fc0487f36-GrpcLogAppender: Follower failed (request=null, errorCount=39); keep nextIndex (1) unchanged and retry.
2024-01-30 07:46:20,886 [d07b3c51-3354-45f5-8abc-ab9fc0487f36-BlockDeletingService#0] INFO  interfaces.ContainerDeletionChoosingPolicyTemplate (ContainerDeletionChoosingPolicyTemplate.java:chooseContainerForBlockDeletion(85)) - Chosen 0/5000 blocks from 0 candidate containers.
2024-01-30 07:46:20,980 [b0b6b7fd-b71c-48b9-9e8b-e03541d31df9-BlockDeletingService#0] INFO  interfaces.ContainerDeletionChoosingPolicyTemplate (ContainerDeletionChoosingPolicyTemplate.java:chooseContainerForBlockDeletion(85)) - Chosen 0/5000 blocks from 0 candidate containers.
2024-01-30 07:46:21,093 [ce491c53-a544-4921-9edd-2ea5f993f9d2-BlockDeletingService#0] INFO  interfaces.ContainerDeletionChoosingPolicyTemplate (ContainerDeletionChoosingPolicyTemplate.java:chooseContainerForBlockDeletion(85)) - Chosen 0/5000 blocks from 0 candidate containers.
2024-01-30 07:46:21,124 [RatisPipelineUtilsThread-0] WARN  scm.SCMCommonPlacementPolicy (SCMCommonPlacementPolicy.java:filterNodesWithSpace(287)) - Unable to find enough nodes that meet the space requirement of 1073741824 bytes for metadata and 5368709120 bytes for data in healthy node set. Required 3. Found 2.
2024-01-30 07:46:21,471 [grpc-default-executor-2] WARN  server.GrpcLogAppender (LogUtils.java:warn(121)) - ce491c53-a544-4921-9edd-2ea5f993f9d2@group-B54A4A0E8004->d07b3c51-3354-45f5-8abc-ab9fc0487f36-AppendLogResponseHandler: Failed appendEntries: org.apache.ratis.thirdparty.io.grpc.StatusRuntimeException: UNAVAILABLE: io exception
2024-01-30 07:46:21,624 [RatisPipelineUtilsThread-0] WARN  scm.SCMCommonPlacementPolicy (SCMCommonPlacementPolicy.java:filterNodesWithSpace(287)) - Unable to find enough nodes that meet the space requirement of 1073741824 bytes for metadata and 5368709120 bytes for data in healthy node set. Required 3. Found 2.
2024-01-30 07:46:21,979 [timer7] WARN  server.GrpcLogAppender (LogUtils.java:warn(121)) - ce491c53-a544-4921-9edd-2ea5f993f9d2@group-8413612DC804->d07b3c51-3354-45f5-8abc-ab9fc0487f36-AppendLogResponseHandler: Failed appendEntries (Repeated 4 times in the last 5.001s): org.apache.ratis.thirdparty.io.grpc.StatusRuntimeException: UNAVAILABLE: io exception
2024-01-30 07:46:22,125 [RatisPipelineUtilsThread-0] WARN  scm.SCMCommonPlacementPolicy (SCMCommonPlacementPolicy.java:filterNodesWithSpace(287)) - Unable to find enough nodes that meet the space requirement of 1073741824 bytes for metadata and 5368709120 bytes for data in healthy node set. Required 3. Found 2.
2024-01-30 07:46:22,626 [RatisPipelineUtilsThread-0] WARN  scm.SCMCommonPlacementPolicy (SCMCommonPlacementPolicy.java:filterNodesWithSpace(287)) - Unable to find enough nodes that meet the space requirement of 1073741824 bytes for metadata and 5368709120 bytes for data in healthy node set. Required 3. Found 2.
2024-01-30 07:46:23,126 [RatisPipelineUtilsThread-0] WARN  scm.SCMCommonPlacementPolicy (SCMCommonPlacementPolicy.java:filterNodesWithSpace(287)) - Unable to find enough nodes that meet the space requirement of 1073741824 bytes for metadata and 5368709120 bytes for data in healthy node set. Required 3. Found 2.
2024-01-30 07:46:23,627 [RatisPipelineUtilsThread-0] WARN  scm.SCMCommonPlacementPolicy (SCMCommonPlacementPolicy.java:filterNodesWithSpace(287)) - Unable to find enough nodes that meet the space requirement of 1073741824 bytes for metadata and 5368709120 bytes for data in healthy node set. Required 3. Found 2.
2024-01-30 07:46:24,127 [RatisPipelineUtilsThread-0] WARN  scm.SCMCommonPlacementPolicy (SCMCommonPlacementPolicy.java:filterNodesWithSpace(287)) - Unable to find enough nodes that meet the space requirement of 1073741824 bytes for metadata and 5368709120 bytes for data in healthy node set. Required 3. Found 2.
2024-01-30 07:46:24,628 [RatisPipelineUtilsThread-0] WARN  scm.SCMCommonPlacementPolicy (SCMCommonPlacementPolicy.java:filterNodesWithSpace(287)) - Unable to find enough nodes that meet the space requirement of 1073741824 bytes for metadata and 5368709120 bytes for data in healthy node set. Required 3. Found 2.
2024-01-30 07:46:25,128 [RatisPipelineUtilsThread-0] WARN  scm.SCMCommonPlacementPolicy (SCMCommonPlacementPolicy.java:filterNodesWithSpace(287)) - Unable to find enough nodes that meet the space requirement of 1073741824 bytes for metadata and 5368709120 bytes for data in healthy node set. Required 3. Found 2.
2024-01-30 07:46:25,629 [RatisPipelineUtilsThread-0] WARN  scm.SCMCommonPlacementPolicy (SCMCommonPlacementPolicy.java:filterNodesWithSpace(287)) - Unable to find enough nodes that meet the space requirement of 1073741824 bytes for metadata and 5368709120 bytes for data in healthy node set. Required 3. Found 2.
2024-01-30 07:46:25,781 [grpc-default-executor-2] WARN  server.GrpcLogAppender (LogUtils.java:warn(121)) - ce491c53-a544-4921-9edd-2ea5f993f9d2@group-8413612DC804->d07b3c51-3354-45f5-8abc-ab9fc0487f36-AppendLogResponseHandler: Failed appendEntries: org.apache.ratis.thirdparty.io.grpc.StatusRuntimeException: UNAVAILABLE: io exception
2024-01-30 07:46:25,879 [timer2] WARN  server.GrpcLogAppender (GrpcLogAppender.java:lambda$resetClient$1(217)) - ce491c53-a544-4921-9edd-2ea5f993f9d2@group-8413612DC804->d07b3c51-3354-45f5-8abc-ab9fc0487f36-GrpcLogAppender: Follower failed (request=null, errorCount=42); keep nextIndex (1) unchanged and retry. (Repeated 6 times in the last 5.000s)
2024-01-30 07:46:26,129 [RatisPipelineUtilsThread-0] WARN  scm.SCMCommonPlacementPolicy (SCMCommonPlacementPolicy.java:filterNodesWithSpace(287)) - Unable to find enough nodes that meet the space requirement of 1073741824 bytes for metadata and 5368709120 bytes for data in healthy node set. Required 3. Found 2.
2024-01-30 07:46:26,472 [timer6] WARN  server.GrpcLogAppender (LogUtils.java:warn(121)) - ce491c53-a544-4921-9edd-2ea5f993f9d2@group-B54A4A0E8004->d07b3c51-3354-45f5-8abc-ab9fc0487f36-AppendLogResponseHandler: Failed appendEntries (Repeated 2 times in the last 5.001s): org.apache.ratis.thirdparty.io.grpc.StatusRuntimeException: UNAVAILABLE: io exception
2024-01-30 07:46:26,630 [RatisPipelineUtilsThread-0] WARN  scm.SCMCommonPlacementPolicy (SCMCommonPlacementPolicy.java:filterNodesWithSpace(287)) - Unable to find enough nodes that meet the space requirement of 1073741824 bytes for metadata and 5368709120 bytes for data in healthy node set. Required 3. Found 2.
2024-01-30 07:46:26,913 [grpc-default-executor-2] WARN  server.GrpcLogAppender (LogUtils.java:warn(121)) - ce491c53-a544-4921-9edd-2ea5f993f9d2@group-B54A4A0E8004->d07b3c51-3354-45f5-8abc-ab9fc0487f36-AppendLogResponseHandler: Failed appendEntries: org.apache.ratis.thirdparty.io.grpc.StatusRuntimeException: UNAVAILABLE: io exception
2024-01-30 07:46:26,914 [grpc-default-executor-5] WARN  server.GrpcLogAppender (GrpcLogAppender.java:lambda$resetClient$1(217)) - ce491c53-a544-4921-9edd-2ea5f993f9d2@group-B54A4A0E8004->d07b3c51-3354-45f5-8abc-ab9fc0487f36-GrpcLogAppender: Follower failed (request=null, errorCount=45); keep nextIndex (1) unchanged and retry.
2024-01-30 07:46:27,130 [RatisPipelineUtilsThread-0] WARN  scm.SCMCommonPlacementPolicy (SCMCommonPlacementPolicy.java:filterNodesWithSpace(287)) - Unable to find enough nodes that meet the space requirement of 1073741824 bytes for metadata and 5368709120 bytes for data in healthy node set. Required 3. Found 2.
2024-01-30 07:46:27,631 [RatisPipelineUtilsThread-0] WARN  scm.SCMCommonPlacementPolicy (SCMCommonPlacementPolicy.java:filterNodesWithSpace(287)) - Unable to find enough nodes that meet the space requirement of 1073741824 bytes for metadata and 5368709120 bytes for data in healthy node set. Required 3. Found 2.
2024-01-30 07:46:28,131 [RatisPipelineUtilsThread-0] WARN  scm.SCMCommonPlacementPolicy (SCMCommonPlacementPolicy.java:filterNodesWithSpace(287)) - Unable to find enough nodes that meet the space requirement of 1073741824 bytes for metadata and 5368709120 bytes for data in healthy node set. Required 3. Found 2.
2024-01-30 07:46:28,632 [RatisPipelineUtilsThread-0] WARN  scm.SCMCommonPlacementPolicy (SCMCommonPlacementPolicy.java:filterNodesWithSpace(287)) - Unable to find enough nodes that meet the space requirement of 1073741824 bytes for metadata and 5368709120 bytes for data in healthy node set. Required 3. Found 2.
2024-01-30 07:46:29,132 [RatisPipelineUtilsThread-0] WARN  scm.SCMCommonPlacementPolicy (SCMCommonPlacementPolicy.java:filterNodesWithSpace(287)) - Unable to find enough nodes that meet the space requirement of 1073741824 bytes for metadata and 5368709120 bytes for data in healthy node set. Required 3. Found 2.
2024-01-30 07:46:29,633 [RatisPipelineUtilsThread-0] WARN  scm.SCMCommonPlacementPolicy (SCMCommonPlacementPolicy.java:filterNodesWithSpace(287)) - Unable to find enough nodes that meet the space requirement of 1073741824 bytes for metadata and 5368709120 bytes for data in healthy node set. Required 3. Found 2.
2024-01-30 07:46:30,133 [RatisPipelineUtilsThread-0] WARN  scm.SCMCommonPlacementPolicy (SCMCommonPlacementPolicy.java:filterNodesWithSpace(287)) - Unable to find enough nodes that meet the space requirement of 1073741824 bytes for metadata and 5368709120 bytes for data in healthy node set. Required 3. Found 2.
2024-01-30 07:46:30,634 [RatisPipelineUtilsThread-0] WARN  scm.SCMCommonPlacementPolicy (SCMCommonPlacementPolicy.java:filterNodesWithSpace(287)) - Unable to find enough nodes that meet the space requirement of 1073741824 bytes for metadata and 5368709120 bytes for data in healthy node set. Required 3. Found 2.
2024-01-30 07:46:30,782 [timer1] WARN  server.GrpcLogAppender (LogUtils.java:warn(121)) - ce491c53-a544-4921-9edd-2ea5f993f9d2@group-8413612DC804->d07b3c51-3354-45f5-8abc-ab9fc0487f36-AppendLogResponseHandler: Failed appendEntries (Repeated 4 times in the last 5.001s): org.apache.ratis.thirdparty.io.grpc.StatusRuntimeException: UNAVAILABLE: io exception
2024-01-30 07:46:31,134 [RatisPipelineUtilsThread-0] WARN  scm.SCMCommonPlacementPolicy (SCMCommonPlacementPolicy.java:filterNodesWithSpace(287)) - Unable to find enough nodes that meet the space requirement of 1073741824 bytes for metadata and 5368709120 bytes for data in healthy node set. Required 3. Found 2.
2024-01-30 07:46:31,635 [RatisPipelineUtilsThread-0] WARN  scm.SCMCommonPlacementPolicy (SCMCommonPlacementPolicy.java:filterNodesWithSpace(287)) - Unable to find enough nodes that meet the space requirement of 1073741824 bytes for metadata and 5368709120 bytes for data in healthy node set. Required 3. Found 2.
2024-01-30 07:46:31,914 [timer3] WARN  server.GrpcLogAppender (LogUtils.java:warn(121)) - ce491c53-a544-4921-9edd-2ea5f993f9d2@group-B54A4A0E8004->d07b3c51-3354-45f5-8abc-ab9fc0487f36-AppendLogResponseHandler: Failed appendEntries (Repeated 2 times in the last 5.001s): org.apache.ratis.thirdparty.io.grpc.StatusRuntimeException: UNAVAILABLE: io exception
2024-01-30 07:46:31,914 [timer4] WARN  server.GrpcLogAppender (GrpcLogAppender.java:lambda$resetClient$1(217)) - ce491c53-a544-4921-9edd-2ea5f993f9d2@group-8413612DC804->d07b3c51-3354-45f5-8abc-ab9fc0487f36-GrpcLogAppender: Follower failed (request=null, errorCount=44); keep nextIndex (1) unchanged and retry. (Repeated 4 times in the last 5.000s)
2024-01-30 07:46:32,135 [RatisPipelineUtilsThread-0] WARN  scm.SCMCommonPlacementPolicy (SCMCommonPlacementPolicy.java:filterNodesWithSpace(287)) - Unable to find enough nodes that meet the space requirement of 1073741824 bytes for metadata and 5368709120 bytes for data in healthy node set. Required 3. Found 2.
2024-01-30 07:46:32,636 [RatisPipelineUtilsThread-0] WARN  scm.SCMCommonPlacementPolicy (SCMCommonPlacementPolicy.java:filterNodesWithSpace(287)) - Unable to find enough nodes that meet the space requirement of 1073741824 bytes for metadata and 5368709120 bytes for data in healthy node set. Required 3. Found 2.
2024-01-30 07:46:33,136 [RatisPipelineUtilsThread-0] WARN  scm.SCMCommonPlacementPolicy (SCMCommonPlacementPolicy.java:filterNodesWithSpace(287)) - Unable to find enough nodes that meet the space requirement of 1073741824 bytes for metadata and 5368709120 bytes for data in healthy node set. Required 3. Found 2.
2024-01-30 07:46:33,317 [grpc-default-executor-5] WARN  server.GrpcLogAppender (LogUtils.java:warn(121)) - ce491c53-a544-4921-9edd-2ea5f993f9d2@group-B54A4A0E8004->d07b3c51-3354-45f5-8abc-ab9fc0487f36-AppendLogResponseHandler: Failed appendEntries: org.apache.ratis.thirdparty.io.grpc.StatusRuntimeException: UNAVAILABLE: io exception
2024-01-30 07:46:33,318 [grpc-default-executor-2] WARN  server.GrpcLogAppender (GrpcLogAppender.java:lambda$resetClient$1(217)) - ce491c53-a544-4921-9edd-2ea5f993f9d2@group-B54A4A0E8004->d07b3c51-3354-45f5-8abc-ab9fc0487f36-GrpcLogAppender: Follower failed (request=null, errorCount=47); keep nextIndex (1) unchanged and retry.
2024-01-30 07:46:33,637 [RatisPipelineUtilsThread-0] WARN  scm.SCMCommonPlacementPolicy (SCMCommonPlacementPolicy.java:filterNodesWithSpace(287)) - Unable to find enough nodes that meet the space requirement of 1073741824 bytes for metadata and 5368709120 bytes for data in healthy node set. Required 3. Found 2.
2024-01-30 07:46:34,112 [grpc-default-executor-5] WARN  server.GrpcLogAppender (LogUtils.java:warn(121)) - ce491c53-a544-4921-9edd-2ea5f993f9d2@group-8413612DC804->d07b3c51-3354-45f5-8abc-ab9fc0487f36-AppendLogResponseHandler: Failed appendEntries: org.apache.ratis.thirdparty.io.grpc.StatusRuntimeException: UNAVAILABLE: io exception
2024-01-30 07:46:34,137 [RatisPipelineUtilsThread-0] WARN  scm.SCMCommonPlacementPolicy (SCMCommonPlacementPolicy.java:filterNodesWithSpace(287)) - Unable to find enough nodes that meet the space requirement of 1073741824 bytes for metadata and 5368709120 bytes for data in healthy node set. Required 3. Found 2.
2024-01-30 07:46:34,638 [RatisPipelineUtilsThread-0] WARN  scm.SCMCommonPlacementPolicy (SCMCommonPlacementPolicy.java:filterNodesWithSpace(287)) - Unable to find enough nodes that meet the space requirement of 1073741824 bytes for metadata and 5368709120 bytes for data in healthy node set. Required 3. Found 2.
2024-01-30 07:46:35,138 [RatisPipelineUtilsThread-0] WARN  scm.SCMCommonPlacementPolicy (SCMCommonPlacementPolicy.java:filterNodesWithSpace(287)) - Unable to find enough nodes that meet the space requirement of 1073741824 bytes for metadata and 5368709120 bytes for data in healthy node set. Required 3. Found 2.
2024-01-30 07:46:35,639 [RatisPipelineUtilsThread-0] WARN  scm.SCMCommonPlacementPolicy (SCMCommonPlacementPolicy.java:filterNodesWithSpace(287)) - Unable to find enough nodes that meet the space requirement of 1073741824 bytes for metadata and 5368709120 bytes for data in healthy node set. Required 3. Found 2.
2024-01-30 07:46:36,139 [RatisPipelineUtilsThread-0] WARN  scm.SCMCommonPlacementPolicy (SCMCommonPlacementPolicy.java:filterNodesWithSpace(287)) - Unable to find enough nodes that meet the space requirement of 1073741824 bytes for metadata and 5368709120 bytes for data in healthy node set. Required 3. Found 2.
2024-01-30 07:46:36,640 [RatisPipelineUtilsThread-0] WARN  scm.SCMCommonPlacementPolicy (SCMCommonPlacementPolicy.java:filterNodesWithSpace(287)) - Unable to find enough nodes that meet the space requirement of 1073741824 bytes for metadata and 5368709120 bytes for data in healthy node set. Required 3. Found 2.
2024-01-30 07:46:37,140 [RatisPipelineUtilsThread-0] WARN  scm.SCMCommonPlacementPolicy (SCMCommonPlacementPolicy.java:filterNodesWithSpace(287)) - Unable to find enough nodes that meet the space requirement of 1073741824 bytes for metadata and 5368709120 bytes for data in healthy node set. Required 3. Found 2.
2024-01-30 07:46:37,641 [RatisPipelineUtilsThread-0] WARN  scm.SCMCommonPlacementPolicy (SCMCommonPlacementPolicy.java:filterNodesWithSpace(287)) - Unable to find enough nodes that meet the space requirement of 1073741824 bytes for metadata and 5368709120 bytes for data in healthy node set. Required 3. Found 2.
2024-01-30 07:46:38,141 [RatisPipelineUtilsThread-0] WARN  scm.SCMCommonPlacementPolicy (SCMCommonPlacementPolicy.java:filterNodesWithSpace(287)) - Unable to find enough nodes that meet the space requirement of 1073741824 bytes for metadata and 5368709120 bytes for data in healthy node set. Required 3. Found 2.
2024-01-30 07:46:38,318 [timer4] WARN  server.GrpcLogAppender (LogUtils.java:warn(121)) - ce491c53-a544-4921-9edd-2ea5f993f9d2@group-B54A4A0E8004->d07b3c51-3354-45f5-8abc-ab9fc0487f36-AppendLogResponseHandler: Failed appendEntries (Repeated 4 times in the last 5.001s): org.apache.ratis.thirdparty.io.grpc.StatusRuntimeException: UNAVAILABLE: io exception
2024-01-30 07:46:38,318 [timer5] WARN  server.GrpcLogAppender (GrpcLogAppender.java:lambda$resetClient$1(217)) - ce491c53-a544-4921-9edd-2ea5f993f9d2@group-B54A4A0E8004->d07b3c51-3354-45f5-8abc-ab9fc0487f36-GrpcLogAppender: Follower failed (request=null, errorCount=50); keep nextIndex (1) unchanged and retry. (Repeated 8 times in the last 5.000s)
2024-01-30 07:46:38,641 [RatisPipelineUtilsThread-0] WARN  scm.SCMCommonPlacementPolicy (SCMCommonPlacementPolicy.java:filterNodesWithSpace(287)) - Unable to find enough nodes that meet the space requirement of 1073741824 bytes for metadata and 5368709120 bytes for data in healthy node set. Required 3. Found 2.
2024-01-30 07:46:39,113 [timer7] WARN  server.GrpcLogAppender (LogUtils.java:warn(121)) - ce491c53-a544-4921-9edd-2ea5f993f9d2@group-8413612DC804->d07b3c51-3354-45f5-8abc-ab9fc0487f36-AppendLogResponseHandler: Failed appendEntries (Repeated 4 times in the last 5.001s): org.apache.ratis.thirdparty.io.grpc.StatusRuntimeException: UNAVAILABLE: io exception
2024-01-30 07:46:39,142 [RatisPipelineUtilsThread-0] WARN  scm.SCMCommonPlacementPolicy (SCMCommonPlacementPolicy.java:filterNodesWithSpace(287)) - Unable to find enough nodes that meet the space requirement of 1073741824 bytes for metadata and 5368709120 bytes for data in healthy node set. Required 3. Found 2.
2024-01-30 07:46:39,642 [RatisPipelineUtilsThread-0] WARN  scm.SCMCommonPlacementPolicy (SCMCommonPlacementPolicy.java:filterNodesWithSpace(287)) - Unable to find enough nodes that meet the space requirement of 1073741824 bytes for metadata and 5368709120 bytes for data in healthy node set. Required 3. Found 2.
2024-01-30 07:46:40,143 [RatisPipelineUtilsThread-0] WARN  scm.SCMCommonPlacementPolicy (SCMCommonPlacementPolicy.java:filterNodesWithSpace(287)) - Unable to find enough nodes that meet the space requirement of 1073741824 bytes for metadata and 5368709120 bytes for data in healthy node set. Required 3. Found 2.
2024-01-30 07:46:40,643 [RatisPipelineUtilsThread-0] WARN  scm.SCMCommonPlacementPolicy (SCMCommonPlacementPolicy.java:filterNodesWithSpace(287)) - Unable to find enough nodes that meet the space requirement of 1073741824 bytes for metadata and 5368709120 bytes for data in healthy node set. Required 3. Found 2.
2024-01-30 07:46:41,144 [RatisPipelineUtilsThread-0] WARN  scm.SCMCommonPlacementPolicy (SCMCommonPlacementPolicy.java:filterNodesWithSpace(287)) - Unable to find enough nodes that meet the space requirement of 1073741824 bytes for metadata and 5368709120 bytes for data in healthy node set. Required 3. Found 2.
2024-01-30 07:46:41,644 [RatisPipelineUtilsThread-0] WARN  scm.SCMCommonPlacementPolicy (SCMCommonPlacementPolicy.java:filterNodesWithSpace(287)) - Unable to find enough nodes that meet the space requirement of 1073741824 bytes for metadata and 5368709120 bytes for data in healthy node set. Required 3. Found 2.
2024-01-30 07:46:41,670 [grpc-default-executor-5] WARN  server.GrpcLogAppender (LogUtils.java:warn(121)) - ce491c53-a544-4921-9edd-2ea5f993f9d2@group-B54A4A0E8004->d07b3c51-3354-45f5-8abc-ab9fc0487f36-AppendLogResponseHandler: Failed appendEntries: org.apache.ratis.thirdparty.io.grpc.StatusRuntimeException: UNAVAILABLE: io exception
2024-01-30 07:46:41,671 [grpc-default-executor-2] WARN  server.GrpcLogAppender (GrpcLogAppender.java:lambda$resetClient$1(217)) - ce491c53-a544-4921-9edd-2ea5f993f9d2@group-B54A4A0E8004->d07b3c51-3354-45f5-8abc-ab9fc0487f36-GrpcLogAppender: Follower failed (request=null, errorCount=51); keep nextIndex (1) unchanged and retry.
2024-01-30 07:46:42,137 [grpc-default-executor-5] WARN  server.GrpcLogAppender (LogUtils.java:warn(121)) - ce491c53-a544-4921-9edd-2ea5f993f9d2@group-8413612DC804->d07b3c51-3354-45f5-8abc-ab9fc0487f36-AppendLogResponseHandler: Failed appendEntries: org.apache.ratis.thirdparty.io.grpc.StatusRuntimeException: UNAVAILABLE: io exception
2024-01-30 07:46:42,145 [RatisPipelineUtilsThread-0] WARN  scm.SCMCommonPlacementPolicy (SCMCommonPlacementPolicy.java:filterNodesWithSpace(287)) - Unable to find enough nodes that meet the space requirement of 1073741824 bytes for metadata and 5368709120 bytes for data in healthy node set. Required 3. Found 2.
2024-01-30 07:46:42,645 [RatisPipelineUtilsThread-0] WARN  scm.SCMCommonPlacementPolicy (SCMCommonPlacementPolicy.java:filterNodesWithSpace(287)) - Unable to find enough nodes that meet the space requirement of 1073741824 bytes for metadata and 5368709120 bytes for data in healthy node set. Required 3. Found 2.
2024-01-30 07:46:43,146 [RatisPipelineUtilsThread-0] WARN  scm.SCMCommonPlacementPolicy (SCMCommonPlacementPolicy.java:filterNodesWithSpace(287)) - Unable to find enough nodes that meet the space requirement of 1073741824 bytes for metadata and 5368709120 bytes for data in healthy node set. Required 3. Found 2.
2024-01-30 07:46:43,646 [RatisPipelineUtilsThread-0] WARN  scm.SCMCommonPlacementPolicy (SCMCommonPlacementPolicy.java:filterNodesWithSpace(287)) - Unable to find enough nodes that meet the space requirement of 1073741824 bytes for metadata and 5368709120 bytes for data in healthy node set. Required 3. Found 2.
2024-01-30 07:46:44,147 [RatisPipelineUtilsThread-0] WARN  scm.SCMCommonPlacementPolicy (SCMCommonPlacementPolicy.java:filterNodesWithSpace(287)) - Unable to find enough nodes that meet the space requirement of 1073741824 bytes for metadata and 5368709120 bytes for data in healthy node set. Required 3. Found 2.
2024-01-30 07:46:44,647 [RatisPipelineUtilsThread-0] WARN  scm.SCMCommonPlacementPolicy (SCMCommonPlacementPolicy.java:filterNodesWithSpace(287)) - Unable to find enough nodes that meet the space requirement of 1073741824 bytes for metadata and 5368709120 bytes for data in healthy node set. Required 3. Found 2.
2024-01-30 07:46:45,148 [RatisPipelineUtilsThread-0] WARN  scm.SCMCommonPlacementPolicy (SCMCommonPlacementPolicy.java:filterNodesWithSpace(287)) - Unable to find enough nodes that meet the space requirement of 1073741824 bytes for metadata and 5368709120 bytes for data in healthy node set. Required 3. Found 2.
2024-01-30 07:46:45,648 [RatisPipelineUtilsThread-0] WARN  scm.SCMCommonPlacementPolicy (SCMCommonPlacementPolicy.java:filterNodesWithSpace(287)) - Unable to find enough nodes that meet the space requirement of 1073741824 bytes for metadata and 5368709120 bytes for data in healthy node set. Required 3. Found 2.
2024-01-30 07:46:46,149 [RatisPipelineUtilsThread-0] WARN  scm.SCMCommonPlacementPolicy (SCMCommonPlacementPolicy.java:filterNodesWithSpace(287)) - Unable to find enough nodes that meet the space requirement of 1073741824 bytes for metadata and 5368709120 bytes for data in healthy node set. Required 3. Found 2.
2024-01-30 07:46:46,649 [RatisPipelineUtilsThread-0] WARN  scm.SCMCommonPlacementPolicy (SCMCommonPlacementPolicy.java:filterNodesWithSpace(287)) - Unable to find enough nodes that meet the space requirement of 1073741824 bytes for metadata and 5368709120 bytes for data in healthy node set. Required 3. Found 2.
2024-01-30 07:46:46,671 [timer4] WARN  server.GrpcLogAppender (LogUtils.java:warn(121)) - ce491c53-a544-4921-9edd-2ea5f993f9d2@group-B54A4A0E8004->d07b3c51-3354-45f5-8abc-ab9fc0487f36-AppendLogResponseHandler: Failed appendEntries (Repeated 2 times in the last 5.001s): org.apache.ratis.thirdparty.io.grpc.StatusRuntimeException: UNAVAILABLE: io exception
2024-01-30 07:46:46,672 [timer5] WARN  server.GrpcLogAppender (GrpcLogAppender.java:lambda$resetClient$1(217)) - ce491c53-a544-4921-9edd-2ea5f993f9d2@group-8413612DC804->d07b3c51-3354-45f5-8abc-ab9fc0487f36-GrpcLogAppender: Follower failed (request=null, errorCount=52); keep nextIndex (1) unchanged and retry. (Repeated 6 times in the last 5.001s)
2024-01-30 07:46:47,139 [timer7] WARN  server.GrpcLogAppender (LogUtils.java:warn(121)) - ce491c53-a544-4921-9edd-2ea5f993f9d2@group-8413612DC804->d07b3c51-3354-45f5-8abc-ab9fc0487f36-AppendLogResponseHandler: Failed appendEntries (Repeated 4 times in the last 5.002s): org.apache.ratis.thirdparty.io.grpc.StatusRuntimeException: UNAVAILABLE: io exception
2024-01-30 07:46:47,150 [RatisPipelineUtilsThread-0] WARN  scm.SCMCommonPlacementPolicy (SCMCommonPlacementPolicy.java:filterNodesWithSpace(287)) - Unable to find enough nodes that meet the space requirement of 1073741824 bytes for metadata and 5368709120 bytes for data in healthy node set. Required 3. Found 2.
2024-01-30 07:46:47,585 [grpc-default-executor-2] WARN  server.GrpcLogAppender (LogUtils.java:warn(121)) - ce491c53-a544-4921-9edd-2ea5f993f9d2@group-B54A4A0E8004->d07b3c51-3354-45f5-8abc-ab9fc0487f36-AppendLogResponseHandler: Failed appendEntries: org.apache.ratis.thirdparty.io.grpc.StatusRuntimeException: UNAVAILABLE: io exception
2024-01-30 07:46:47,586 [grpc-default-executor-5] WARN  server.GrpcLogAppender (GrpcLogAppender.java:lambda$resetClient$1(217)) - ce491c53-a544-4921-9edd-2ea5f993f9d2@group-B54A4A0E8004->d07b3c51-3354-45f5-8abc-ab9fc0487f36-GrpcLogAppender: Follower failed (request=null, errorCount=53); keep nextIndex (1) unchanged and retry.
2024-01-30 07:46:47,650 [RatisPipelineUtilsThread-0] WARN  scm.SCMCommonPlacementPolicy (SCMCommonPlacementPolicy.java:filterNodesWithSpace(287)) - Unable to find enough nodes that meet the space requirement of 1073741824 bytes for metadata and 5368709120 bytes for data in healthy node set. Required 3. Found 2.
2024-01-30 07:46:48,151 [RatisPipelineUtilsThread-0] WARN  scm.SCMCommonPlacementPolicy (SCMCommonPlacementPolicy.java:filterNodesWithSpace(287)) - Unable to find enough nodes that meet the space requirement of 1073741824 bytes for metadata and 5368709120 bytes for data in healthy node set. Required 3. Found 2.
2024-01-30 07:46:48,651 [RatisPipelineUtilsThread-0] WARN  scm.SCMCommonPlacementPolicy (SCMCommonPlacementPolicy.java:filterNodesWithSpace(287)) - Unable to find enough nodes that meet the space requirement of 1073741824 bytes for metadata and 5368709120 bytes for data in healthy node set. Required 3. Found 2.
2024-01-30 07:46:49,152 [RatisPipelineUtilsThread-0] WARN  scm.SCMCommonPlacementPolicy (SCMCommonPlacementPolicy.java:filterNodesWithSpace(287)) - Unable to find enough nodes that meet the space requirement of 1073741824 bytes for metadata and 5368709120 bytes for data in healthy node set. Required 3. Found 2.
2024-01-30 07:46:49,652 [RatisPipelineUtilsThread-0] WARN  scm.SCMCommonPlacementPolicy (SCMCommonPlacementPolicy.java:filterNodesWithSpace(287)) - Unable to find enough nodes that meet the space requirement of 1073741824 bytes for metadata and 5368709120 bytes for data in healthy node set. Required 3. Found 2.
2024-01-30 07:46:50,135 [grpc-default-executor-2] WARN  server.GrpcLogAppender (LogUtils.java:warn(121)) - ce491c53-a544-4921-9edd-2ea5f993f9d2@group-8413612DC804->d07b3c51-3354-45f5-8abc-ab9fc0487f36-AppendLogResponseHandler: Failed appendEntries: org.apache.ratis.thirdparty.io.grpc.StatusRuntimeException: UNAVAILABLE: io exception
2024-01-30 07:46:50,153 [RatisPipelineUtilsThread-0] WARN  scm.SCMCommonPlacementPolicy (SCMCommonPlacementPolicy.java:filterNodesWithSpace(287)) - Unable to find enough nodes that meet the space requirement of 1073741824 bytes for metadata and 5368709120 bytes for data in healthy node set. Required 3. Found 2.
2024-01-30 07:46:50,653 [RatisPipelineUtilsThread-0] WARN  scm.SCMCommonPlacementPolicy (SCMCommonPlacementPolicy.java:filterNodesWithSpace(287)) - Unable to find enough nodes that meet the space requirement of 1073741824 bytes for metadata and 5368709120 bytes for data in healthy node set. Required 3. Found 2.
2024-01-30 07:46:51,153 [RatisPipelineUtilsThread-0] WARN  scm.SCMCommonPlacementPolicy (SCMCommonPlacementPolicy.java:filterNodesWithSpace(287)) - Unable to find enough nodes that meet the space requirement of 1073741824 bytes for metadata and 5368709120 bytes for data in healthy node set. Required 3. Found 2.
2024-01-30 07:46:51,654 [RatisPipelineUtilsThread-0] WARN  scm.SCMCommonPlacementPolicy (SCMCommonPlacementPolicy.java:filterNodesWithSpace(287)) - Unable to find enough nodes that meet the space requirement of 1073741824 bytes for metadata and 5368709120 bytes for data in healthy node set. Required 3. Found 2.
2024-01-30 07:46:52,155 [RatisPipelineUtilsThread-0] WARN  scm.SCMCommonPlacementPolicy (SCMCommonPlacementPolicy.java:filterNodesWithSpace(287)) - Unable to find enough nodes that meet the space requirement of 1073741824 bytes for metadata and 5368709120 bytes for data in healthy node set. Required 3. Found 2.
2024-01-30 07:46:52,586 [timer2] WARN  server.GrpcLogAppender (GrpcLogAppender.java:lambda$resetClient$1(217)) - ce491c53-a544-4921-9edd-2ea5f993f9d2@group-B54A4A0E8004->d07b3c51-3354-45f5-8abc-ab9fc0487f36-GrpcLogAppender: Follower failed (request=null, errorCount=56); keep nextIndex (1) unchanged and retry. (Repeated 6 times in the last 5.000s)
2024-01-30 07:46:52,586 [timer1] WARN  server.GrpcLogAppender (LogUtils.java:warn(121)) - ce491c53-a544-4921-9edd-2ea5f993f9d2@group-B54A4A0E8004->d07b3c51-3354-45f5-8abc-ab9fc0487f36-AppendLogResponseHandler: Failed appendEntries (Repeated 4 times in the last 5.001s): org.apache.ratis.thirdparty.io.grpc.StatusRuntimeException: UNAVAILABLE: io exception
2024-01-30 07:46:52,655 [RatisPipelineUtilsThread-0] WARN  scm.SCMCommonPlacementPolicy (SCMCommonPlacementPolicy.java:filterNodesWithSpace(287)) - Unable to find enough nodes that meet the space requirement of 1073741824 bytes for metadata and 5368709120 bytes for data in healthy node set. Required 3. Found 2.
2024-01-30 07:46:53,143 [grpc-default-executor-5] WARN  server.GrpcLogAppender (GrpcLogAppender.java:lambda$resetClient$1(217)) - ce491c53-a544-4921-9edd-2ea5f993f9d2@group-8413612DC804->d07b3c51-3354-45f5-8abc-ab9fc0487f36-GrpcLogAppender: Follower failed (request=null, errorCount=55); keep nextIndex (1) unchanged and retry.
2024-01-30 07:46:53,156 [RatisPipelineUtilsThread-0] WARN  scm.SCMCommonPlacementPolicy (SCMCommonPlacementPolicy.java:filterNodesWithSpace(287)) - Unable to find enough nodes that meet the space requirement of 1073741824 bytes for metadata and 5368709120 bytes for data in healthy node set. Required 3. Found 2.
2024-01-30 07:46:53,656 [RatisPipelineUtilsThread-0] WARN  scm.SCMCommonPlacementPolicy (SCMCommonPlacementPolicy.java:filterNodesWithSpace(287)) - Unable to find enough nodes that meet the space requirement of 1073741824 bytes for metadata and 5368709120 bytes for data in healthy node set. Required 3. Found 2.
2024-01-30 07:46:54,156 [RatisPipelineUtilsThread-0] WARN  scm.SCMCommonPlacementPolicy (SCMCommonPlacementPolicy.java:filterNodesWithSpace(287)) - Unable to find enough nodes that meet the space requirement of 1073741824 bytes for metadata and 5368709120 bytes for data in healthy node set. Required 3. Found 2.
2024-01-30 07:46:54,262 [grpc-default-executor-2] WARN  server.GrpcLogAppender (LogUtils.java:warn(121)) - ce491c53-a544-4921-9edd-2ea5f993f9d2@group-B54A4A0E8004->d07b3c51-3354-45f5-8abc-ab9fc0487f36-AppendLogResponseHandler: Failed appendEntries: org.apache.ratis.thirdparty.io.grpc.StatusRuntimeException: UNAVAILABLE: io exception
2024-01-30 07:46:54,657 [RatisPipelineUtilsThread-0] WARN  scm.SCMCommonPlacementPolicy (SCMCommonPlacementPolicy.java:filterNodesWithSpace(287)) - Unable to find enough nodes that meet the space requirement of 1073741824 bytes for metadata and 5368709120 bytes for data in healthy node set. Required 3. Found 2.
2024-01-30 07:46:55,136 [timer0] WARN  server.GrpcLogAppender (LogUtils.java:warn(121)) - ce491c53-a544-4921-9edd-2ea5f993f9d2@group-8413612DC804->d07b3c51-3354-45f5-8abc-ab9fc0487f36-AppendLogResponseHandler: Failed appendEntries (Repeated 4 times in the last 5.001s): org.apache.ratis.thirdparty.io.grpc.StatusRuntimeException: UNAVAILABLE: io exception
2024-01-30 07:46:55,157 [RatisPipelineUtilsThread-0] WARN  scm.SCMCommonPlacementPolicy (SCMCommonPlacementPolicy.java:filterNodesWithSpace(287)) - Unable to find enough nodes that meet the space requirement of 1073741824 bytes for metadata and 5368709120 bytes for data in healthy node set. Required 3. Found 2.
2024-01-30 07:46:55,658 [RatisPipelineUtilsThread-0] WARN  scm.SCMCommonPlacementPolicy (SCMCommonPlacementPolicy.java:filterNodesWithSpace(287)) - Unable to find enough nodes that meet the space requirement of 1073741824 bytes for metadata and 5368709120 bytes for data in healthy node set. Required 3. Found 2.
2024-01-30 07:46:56,158 [RatisPipelineUtilsThread-0] WARN  scm.SCMCommonPlacementPolicy (SCMCommonPlacementPolicy.java:filterNodesWithSpace(287)) - Unable to find enough nodes that meet the space requirement of 1073741824 bytes for metadata and 5368709120 bytes for data in healthy node set. Required 3. Found 2.
2024-01-30 07:46:56,659 [RatisPipelineUtilsThread-0] WARN  scm.SCMCommonPlacementPolicy (SCMCommonPlacementPolicy.java:filterNodesWithSpace(287)) - Unable to find enough nodes that meet the space requirement of 1073741824 bytes for metadata and 5368709120 bytes for data in healthy node set. Required 3. Found 2.
2024-01-30 07:46:57,159 [RatisPipelineUtilsThread-0] WARN  scm.SCMCommonPlacementPolicy (SCMCommonPlacementPolicy.java:filterNodesWithSpace(287)) - Unable to find enough nodes that meet the space requirement of 1073741824 bytes for metadata and 5368709120 bytes for data in healthy node set. Required 3. Found 2.
2024-01-30 07:46:57,583 [grpc-default-executor-2] WARN  server.GrpcLogAppender (LogUtils.java:warn(121)) - ce491c53-a544-4921-9edd-2ea5f993f9d2@group-8413612DC804->d07b3c51-3354-45f5-8abc-ab9fc0487f36-AppendLogResponseHandler: Failed appendEntries: org.apache.ratis.thirdparty.io.grpc.StatusRuntimeException: UNAVAILABLE: io exception
2024-01-30 07:46:57,659 [RatisPipelineUtilsThread-0] WARN  scm.SCMCommonPlacementPolicy (SCMCommonPlacementPolicy.java:filterNodesWithSpace(287)) - Unable to find enough nodes that meet the space requirement of 1073741824 bytes for metadata and 5368709120 bytes for data in healthy node set. Required 3. Found 2.
2024-01-30 07:46:58,143 [timer7] WARN  server.GrpcLogAppender (GrpcLogAppender.java:lambda$resetClient$1(217)) - ce491c53-a544-4921-9edd-2ea5f993f9d2@group-8413612DC804->d07b3c51-3354-45f5-8abc-ab9fc0487f36-GrpcLogAppender: Follower failed (request=null, errorCount=58); keep nextIndex (1) unchanged and retry. (Repeated 6 times in the last 5.000s)
2024-01-30 07:46:58,160 [RatisPipelineUtilsThread-0] WARN  scm.SCMCommonPlacementPolicy (SCMCommonPlacementPolicy.java:filterNodesWithSpace(287)) - Unable to find enough nodes that meet the space requirement of 1073741824 bytes for metadata and 5368709120 bytes for data in healthy node set. Required 3. Found 2.
2024-01-30 07:46:58,660 [RatisPipelineUtilsThread-0] WARN  scm.SCMCommonPlacementPolicy (SCMCommonPlacementPolicy.java:filterNodesWithSpace(287)) - Unable to find enough nodes that meet the space requirement of 1073741824 bytes for metadata and 5368709120 bytes for data in healthy node set. Required 3. Found 2.
2024-01-30 07:46:59,019 [grpc-default-executor-2] WARN  server.GrpcLogAppender (GrpcLogAppender.java:lambda$resetClient$1(217)) - ce491c53-a544-4921-9edd-2ea5f993f9d2@group-B54A4A0E8004->d07b3c51-3354-45f5-8abc-ab9fc0487f36-GrpcLogAppender: Follower failed (request=null, errorCount=59); keep nextIndex (1) unchanged and retry.
2024-01-30 07:46:59,161 [RatisPipelineUtilsThread-0] WARN  scm.SCMCommonPlacementPolicy (SCMCommonPlacementPolicy.java:filterNodesWithSpace(287)) - Unable to find enough nodes that meet the space requirement of 1073741824 bytes for metadata and 5368709120 bytes for data in healthy node set. Required 3. Found 2.
2024-01-30 07:46:59,262 [timer7] WARN  server.GrpcLogAppender (LogUtils.java:warn(121)) - ce491c53-a544-4921-9edd-2ea5f993f9d2@group-B54A4A0E8004->d07b3c51-3354-45f5-8abc-ab9fc0487f36-AppendLogResponseHandler: Failed appendEntries (Repeated 4 times in the last 5.001s): org.apache.ratis.thirdparty.io.grpc.StatusRuntimeException: UNAVAILABLE: io exception
2024-01-30 07:46:59,661 [RatisPipelineUtilsThread-0] WARN  scm.SCMCommonPlacementPolicy (SCMCommonPlacementPolicy.java:filterNodesWithSpace(287)) - Unable to find enough nodes that meet the space requirement of 1073741824 bytes for metadata and 5368709120 bytes for data in healthy node set. Required 3. Found 2.
2024-01-30 07:47:00,161 [RatisPipelineUtilsThread-0] WARN  scm.SCMCommonPlacementPolicy (SCMCommonPlacementPolicy.java:filterNodesWithSpace(287)) - Unable to find enough nodes that meet the space requirement of 1073741824 bytes for metadata and 5368709120 bytes for data in healthy node set. Required 3. Found 2.
2024-01-30 07:47:00,662 [RatisPipelineUtilsThread-0] WARN  scm.SCMCommonPlacementPolicy (SCMCommonPlacementPolicy.java:filterNodesWithSpace(287)) - Unable to find enough nodes that meet the space requirement of 1073741824 bytes for metadata and 5368709120 bytes for data in healthy node set. Required 3. Found 2.
2024-01-30 07:47:01,163 [RatisPipelineUtilsThread-0] WARN  scm.SCMCommonPlacementPolicy (SCMCommonPlacementPolicy.java:filterNodesWithSpace(287)) - Unable to find enough nodes that meet the space requirement of 1073741824 bytes for metadata and 5368709120 bytes for data in healthy node set. Required 3. Found 2.
2024-01-30 07:47:01,663 [RatisPipelineUtilsThread-0] WARN  scm.SCMCommonPlacementPolicy (SCMCommonPlacementPolicy.java:filterNodesWithSpace(287)) - Unable to find enough nodes that meet the space requirement of 1073741824 bytes for metadata and 5368709120 bytes for data in healthy node set. Required 3. Found 2.
2024-01-30 07:47:02,164 [RatisPipelineUtilsThread-0] WARN  scm.SCMCommonPlacementPolicy (SCMCommonPlacementPolicy.java:filterNodesWithSpace(287)) - Unable to find enough nodes that meet the space requirement of 1073741824 bytes for metadata and 5368709120 bytes for data in healthy node set. Required 3. Found 2.
2024-01-30 07:47:02,584 [timer6] WARN  server.GrpcLogAppender (LogUtils.java:warn(121)) - ce491c53-a544-4921-9edd-2ea5f993f9d2@group-8413612DC804->d07b3c51-3354-45f5-8abc-ab9fc0487f36-AppendLogResponseHandler: Failed appendEntries (Repeated 4 times in the last 5.001s): org.apache.ratis.thirdparty.io.grpc.StatusRuntimeException: UNAVAILABLE: io exception
2024-01-30 07:47:02,664 [RatisPipelineUtilsThread-0] WARN  scm.SCMCommonPlacementPolicy (SCMCommonPlacementPolicy.java:filterNodesWithSpace(287)) - Unable to find enough nodes that meet the space requirement of 1073741824 bytes for metadata and 5368709120 bytes for data in healthy node set. Required 3. Found 2.
2024-01-30 07:47:03,164 [RatisPipelineUtilsThread-0] WARN  scm.SCMCommonPlacementPolicy (SCMCommonPlacementPolicy.java:filterNodesWithSpace(287)) - Unable to find enough nodes that meet the space requirement of 1073741824 bytes for metadata and 5368709120 bytes for data in healthy node set. Required 3. Found 2.
2024-01-30 07:47:03,665 [RatisPipelineUtilsThread-0] WARN  scm.SCMCommonPlacementPolicy (SCMCommonPlacementPolicy.java:filterNodesWithSpace(287)) - Unable to find enough nodes that meet the space requirement of 1073741824 bytes for metadata and 5368709120 bytes for data in healthy node set. Required 3. Found 2.
2024-01-30 07:47:04,019 [timer5] WARN  server.GrpcLogAppender (GrpcLogAppender.java:lambda$resetClient$1(217)) - ce491c53-a544-4921-9edd-2ea5f993f9d2@group-8413612DC804->d07b3c51-3354-45f5-8abc-ab9fc0487f36-GrpcLogAppender: Follower failed (request=null, errorCount=60); keep nextIndex (1) unchanged and retry. (Repeated 4 times in the last 4.999s)
2024-01-30 07:47:04,165 [RatisPipelineUtilsThread-0] WARN  scm.SCMCommonPlacementPolicy (SCMCommonPlacementPolicy.java:filterNodesWithSpace(287)) - Unable to find enough nodes that meet the space requirement of 1073741824 bytes for metadata and 5368709120 bytes for data in healthy node set. Required 3. Found 2.
2024-01-30 07:47:04,520 [grpc-default-executor-2] WARN  server.GrpcLogAppender (LogUtils.java:warn(121)) - ce491c53-a544-4921-9edd-2ea5f993f9d2@group-8413612DC804->d07b3c51-3354-45f5-8abc-ab9fc0487f36-AppendLogResponseHandler: Failed appendEntries: org.apache.ratis.thirdparty.io.grpc.StatusRuntimeException: UNAVAILABLE: io exception
2024-01-30 07:47:04,521 [grpc-default-executor-5] WARN  server.GrpcLogAppender (GrpcLogAppender.java:lambda$resetClient$1(217)) - ce491c53-a544-4921-9edd-2ea5f993f9d2@group-8413612DC804->d07b3c51-3354-45f5-8abc-ab9fc0487f36-GrpcLogAppender: Follower failed (request=null, errorCount=61); keep nextIndex (1) unchanged and retry.
2024-01-30 07:47:04,666 [RatisPipelineUtilsThread-0] WARN  scm.SCMCommonPlacementPolicy (SCMCommonPlacementPolicy.java:filterNodesWithSpace(287)) - Unable to find enough nodes that meet the space requirement of 1073741824 bytes for metadata and 5368709120 bytes for data in healthy node set. Required 3. Found 2.
2024-01-30 07:47:04,974 [grpc-default-executor-2] WARN  server.GrpcLogAppender (LogUtils.java:warn(121)) - ce491c53-a544-4921-9edd-2ea5f993f9d2@group-B54A4A0E8004->d07b3c51-3354-45f5-8abc-ab9fc0487f36-AppendLogResponseHandler: Failed appendEntries: org.apache.ratis.thirdparty.io.grpc.StatusRuntimeException: UNAVAILABLE: io exception
2024-01-30 07:47:05,166 [RatisPipelineUtilsThread-0] WARN  scm.SCMCommonPlacementPolicy (SCMCommonPlacementPolicy.java:filterNodesWithSpace(287)) - Unable to find enough nodes that meet the space requirement of 1073741824 bytes for metadata and 5368709120 bytes for data in healthy node set. Required 3. Found 2.
2024-01-30 07:47:05,666 [RatisPipelineUtilsThread-0] WARN  scm.SCMCommonPlacementPolicy (SCMCommonPlacementPolicy.java:filterNodesWithSpace(287)) - Unable to find enough nodes that meet the space requirement of 1073741824 bytes for metadata and 5368709120 bytes for data in healthy node set. Required 3. Found 2.
2024-01-30 07:47:06,167 [RatisPipelineUtilsThread-0] WARN  scm.SCMCommonPlacementPolicy (SCMCommonPlacementPolicy.java:filterNodesWithSpace(287)) - Unable to find enough nodes that meet the space requirement of 1073741824 bytes for metadata and 5368709120 bytes for data in healthy node set. Required 3. Found 2.
2024-01-30 07:47:06,667 [RatisPipelineUtilsThread-0] WARN  scm.SCMCommonPlacementPolicy (SCMCommonPlacementPolicy.java:filterNodesWithSpace(287)) - Unable to find enough nodes that meet the space requirement of 1073741824 bytes for metadata and 5368709120 bytes for data in healthy node set. Required 3. Found 2.
2024-01-30 07:47:07,168 [RatisPipelineUtilsThread-0] WARN  scm.SCMCommonPlacementPolicy (SCMCommonPlacementPolicy.java:filterNodesWithSpace(287)) - Unable to find enough nodes that meet the space requirement of 1073741824 bytes for metadata and 5368709120 bytes for data in healthy node set. Required 3. Found 2.
2024-01-30 07:47:07,668 [RatisPipelineUtilsThread-0] WARN  scm.SCMCommonPlacementPolicy (SCMCommonPlacementPolicy.java:filterNodesWithSpace(287)) - Unable to find enough nodes that meet the space requirement of 1073741824 bytes for metadata and 5368709120 bytes for data in healthy node set. Required 3. Found 2.
2024-01-30 07:47:08,169 [RatisPipelineUtilsThread-0] WARN  scm.SCMCommonPlacementPolicy (SCMCommonPlacementPolicy.java:filterNodesWithSpace(287)) - Unable to find enough nodes that meet the space requirement of 1073741824 bytes for metadata and 5368709120 bytes for data in healthy node set. Required 3. Found 2.
2024-01-30 07:47:08,669 [RatisPipelineUtilsThread-0] WARN  scm.SCMCommonPlacementPolicy (SCMCommonPlacementPolicy.java:filterNodesWithSpace(287)) - Unable to find enough nodes that meet the space requirement of 1073741824 bytes for metadata and 5368709120 bytes for data in healthy node set. Required 3. Found 2.
2024-01-30 07:47:09,169 [RatisPipelineUtilsThread-0] WARN  scm.SCMCommonPlacementPolicy (SCMCommonPlacementPolicy.java:filterNodesWithSpace(287)) - Unable to find enough nodes that meet the space requirement of 1073741824 bytes for metadata and 5368709120 bytes for data in healthy node set. Required 3. Found 2.
2024-01-30 07:47:09,521 [timer3] WARN  server.GrpcLogAppender (LogUtils.java:warn(121)) - ce491c53-a544-4921-9edd-2ea5f993f9d2@group-8413612DC804->d07b3c51-3354-45f5-8abc-ab9fc0487f36-AppendLogResponseHandler: Failed appendEntries (Repeated 2 times in the last 5.000s): org.apache.ratis.thirdparty.io.grpc.StatusRuntimeException: UNAVAILABLE: io exception
2024-01-30 07:47:09,522 [timer4] WARN  server.GrpcLogAppender (GrpcLogAppender.java:lambda$resetClient$1(217)) - ce491c53-a544-4921-9edd-2ea5f993f9d2@group-B54A4A0E8004->d07b3c51-3354-45f5-8abc-ab9fc0487f36-GrpcLogAppender: Follower failed (request=null, errorCount=62); keep nextIndex (1) unchanged and retry. (Repeated 4 times in the last 5.001s)
2024-01-30 07:47:09,670 [RatisPipelineUtilsThread-0] WARN  scm.SCMCommonPlacementPolicy (SCMCommonPlacementPolicy.java:filterNodesWithSpace(287)) - Unable to find enough nodes that meet the space requirement of 1073741824 bytes for metadata and 5368709120 bytes for data in healthy node set. Required 3. Found 2.
2024-01-30 07:47:09,975 [timer6] WARN  server.GrpcLogAppender (LogUtils.java:warn(121)) - ce491c53-a544-4921-9edd-2ea5f993f9d2@group-B54A4A0E8004->d07b3c51-3354-45f5-8abc-ab9fc0487f36-AppendLogResponseHandler: Failed appendEntries (Repeated 2 times in the last 5.001s): org.apache.ratis.thirdparty.io.grpc.StatusRuntimeException: UNAVAILABLE: io exception
2024-01-30 07:47:09,997 [grpc-default-executor-2] WARN  server.GrpcLogAppender (LogUtils.java:warn(121)) - ce491c53-a544-4921-9edd-2ea5f993f9d2@group-8413612DC804->d07b3c51-3354-45f5-8abc-ab9fc0487f36-AppendLogResponseHandler: Failed appendEntries: org.apache.ratis.thirdparty.io.grpc.StatusRuntimeException: UNAVAILABLE: io exception
2024-01-30 07:47:09,998 [grpc-default-executor-5] WARN  server.GrpcLogAppender (GrpcLogAppender.java:lambda$resetClient$1(217)) - ce491c53-a544-4921-9edd-2ea5f993f9d2@group-8413612DC804->d07b3c51-3354-45f5-8abc-ab9fc0487f36-GrpcLogAppender: Follower failed (request=null, errorCount=63); keep nextIndex (1) unchanged and retry.
2024-01-30 07:47:10,170 [RatisPipelineUtilsThread-0] WARN  scm.SCMCommonPlacementPolicy (SCMCommonPlacementPolicy.java:filterNodesWithSpace(287)) - Unable to find enough nodes that meet the space requirement of 1073741824 bytes for metadata and 5368709120 bytes for data in healthy node set. Required 3. Found 2.
2024-01-30 07:47:10,661 [grpc-default-executor-2] WARN  server.GrpcLogAppender (LogUtils.java:warn(121)) - ce491c53-a544-4921-9edd-2ea5f993f9d2@group-B54A4A0E8004->d07b3c51-3354-45f5-8abc-ab9fc0487f36-AppendLogResponseHandler: Failed appendEntries: org.apache.ratis.thirdparty.io.grpc.StatusRuntimeException: UNAVAILABLE: io exception
2024-01-30 07:47:10,671 [RatisPipelineUtilsThread-0] WARN  scm.SCMCommonPlacementPolicy (SCMCommonPlacementPolicy.java:filterNodesWithSpace(287)) - Unable to find enough nodes that meet the space requirement of 1073741824 bytes for metadata and 5368709120 bytes for data in healthy node set. Required 3. Found 2.
2024-01-30 07:47:11,171 [RatisPipelineUtilsThread-0] WARN  scm.SCMCommonPlacementPolicy (SCMCommonPlacementPolicy.java:filterNodesWithSpace(287)) - Unable to find enough nodes that meet the space requirement of 1073741824 bytes for metadata and 5368709120 bytes for data in healthy node set. Required 3. Found 2.
2024-01-30 07:47:11,671 [RatisPipelineUtilsThread-0] WARN  scm.SCMCommonPlacementPolicy (SCMCommonPlacementPolicy.java:filterNodesWithSpace(287)) - Unable to find enough nodes that meet the space requirement of 1073741824 bytes for metadata and 5368709120 bytes for data in healthy node set. Required 3. Found 2.
2024-01-30 07:47:12,172 [RatisPipelineUtilsThread-0] WARN  scm.SCMCommonPlacementPolicy (SCMCommonPlacementPolicy.java:filterNodesWithSpace(287)) - Unable to find enough nodes that meet the space requirement of 1073741824 bytes for metadata and 5368709120 bytes for data in healthy node set. Required 3. Found 2.
2024-01-30 07:47:12,672 [RatisPipelineUtilsThread-0] WARN  scm.SCMCommonPlacementPolicy (SCMCommonPlacementPolicy.java:filterNodesWithSpace(287)) - Unable to find enough nodes that meet the space requirement of 1073741824 bytes for metadata and 5368709120 bytes for data in healthy node set. Required 3. Found 2.
2024-01-30 07:47:13,173 [RatisPipelineUtilsThread-0] WARN  scm.SCMCommonPlacementPolicy (SCMCommonPlacementPolicy.java:filterNodesWithSpace(287)) - Unable to find enough nodes that meet the space requirement of 1073741824 bytes for metadata and 5368709120 bytes for data in healthy node set. Required 3. Found 2.
2024-01-30 07:47:13,673 [RatisPipelineUtilsThread-0] WARN  scm.SCMCommonPlacementPolicy (SCMCommonPlacementPolicy.java:filterNodesWithSpace(287)) - Unable to find enough nodes that meet the space requirement of 1073741824 bytes for metadata and 5368709120 bytes for data in healthy node set. Required 3. Found 2.
2024-01-30 07:47:14,174 [RatisPipelineUtilsThread-0] WARN  scm.SCMCommonPlacementPolicy (SCMCommonPlacementPolicy.java:filterNodesWithSpace(287)) - Unable to find enough nodes that meet the space requirement of 1073741824 bytes for metadata and 5368709120 bytes for data in healthy node set. Required 3. Found 2.
2024-01-30 07:47:14,674 [RatisPipelineUtilsThread-0] WARN  scm.SCMCommonPlacementPolicy (SCMCommonPlacementPolicy.java:filterNodesWithSpace(287)) - Unable to find enough nodes that meet the space requirement of 1073741824 bytes for metadata and 5368709120 bytes for data in healthy node set. Required 3. Found 2.
2024-01-30 07:47:14,998 [timer2] WARN  server.GrpcLogAppender (LogUtils.java:warn(121)) - ce491c53-a544-4921-9edd-2ea5f993f9d2@group-8413612DC804->d07b3c51-3354-45f5-8abc-ab9fc0487f36-AppendLogResponseHandler: Failed appendEntries (Repeated 4 times in the last 5.001s): org.apache.ratis.thirdparty.io.grpc.StatusRuntimeException: UNAVAILABLE: io exception
2024-01-30 07:47:14,998 [timer4] WARN  server.GrpcLogAppender (GrpcLogAppender.java:lambda$resetClient$1(217)) - ce491c53-a544-4921-9edd-2ea5f993f9d2@group-B54A4A0E8004->d07b3c51-3354-45f5-8abc-ab9fc0487f36-GrpcLogAppender: Follower failed (request=null, errorCount=66); keep nextIndex (1) unchanged and retry. (Repeated 8 times in the last 5.000s)
2024-01-30 07:47:15,175 [RatisPipelineUtilsThread-0] WARN  scm.SCMCommonPlacementPolicy (SCMCommonPlacementPolicy.java:filterNodesWithSpace(287)) - Unable to find enough nodes that meet the space requirement of 1073741824 bytes for metadata and 5368709120 bytes for data in healthy node set. Required 3. Found 2.
2024-01-30 07:47:15,664 [timer6] WARN  server.GrpcLogAppender (LogUtils.java:warn(121)) - ce491c53-a544-4921-9edd-2ea5f993f9d2@group-B54A4A0E8004->d07b3c51-3354-45f5-8abc-ab9fc0487f36-AppendLogResponseHandler: Failed appendEntries (Repeated 4 times in the last 5.003s): org.apache.ratis.thirdparty.io.grpc.StatusRuntimeException: UNAVAILABLE: io exception
2024-01-30 07:47:15,675 [RatisPipelineUtilsThread-0] WARN  scm.SCMCommonPlacementPolicy (SCMCommonPlacementPolicy.java:filterNodesWithSpace(287)) - Unable to find enough nodes that meet the space requirement of 1073741824 bytes for metadata and 5368709120 bytes for data in healthy node set. Required 3. Found 2.
2024-01-30 07:47:16,175 [RatisPipelineUtilsThread-0] WARN  scm.SCMCommonPlacementPolicy (SCMCommonPlacementPolicy.java:filterNodesWithSpace(287)) - Unable to find enough nodes that meet the space requirement of 1073741824 bytes for metadata and 5368709120 bytes for data in healthy node set. Required 3. Found 2.
2024-01-30 07:47:16,676 [RatisPipelineUtilsThread-0] WARN  scm.SCMCommonPlacementPolicy (SCMCommonPlacementPolicy.java:filterNodesWithSpace(287)) - Unable to find enough nodes that meet the space requirement of 1073741824 bytes for metadata and 5368709120 bytes for data in healthy node set. Required 3. Found 2.
2024-01-30 07:47:17,176 [RatisPipelineUtilsThread-0] WARN  scm.SCMCommonPlacementPolicy (SCMCommonPlacementPolicy.java:filterNodesWithSpace(287)) - Unable to find enough nodes that meet the space requirement of 1073741824 bytes for metadata and 5368709120 bytes for data in healthy node set. Required 3. Found 2.
2024-01-30 07:47:17,677 [RatisPipelineUtilsThread-0] WARN  scm.SCMCommonPlacementPolicy (SCMCommonPlacementPolicy.java:filterNodesWithSpace(287)) - Unable to find enough nodes that meet the space requirement of 1073741824 bytes for metadata and 5368709120 bytes for data in healthy node set. Required 3. Found 2.
2024-01-30 07:47:17,783 [grpc-default-executor-2] WARN  server.GrpcLogAppender (LogUtils.java:warn(121)) - ce491c53-a544-4921-9edd-2ea5f993f9d2@group-B54A4A0E8004->d07b3c51-3354-45f5-8abc-ab9fc0487f36-AppendLogResponseHandler: Failed appendEntries: org.apache.ratis.thirdparty.io.grpc.StatusRuntimeException: UNAVAILABLE: io exception
2024-01-30 07:47:17,786 [grpc-default-executor-5] WARN  server.GrpcLogAppender (GrpcLogAppender.java:lambda$resetClient$1(217)) - ce491c53-a544-4921-9edd-2ea5f993f9d2@group-B54A4A0E8004->d07b3c51-3354-45f5-8abc-ab9fc0487f36-GrpcLogAppender: Follower failed (request=null, errorCount=67); keep nextIndex (1) unchanged and retry.
2024-01-30 07:47:18,177 [RatisPipelineUtilsThread-0] WARN  scm.SCMCommonPlacementPolicy (SCMCommonPlacementPolicy.java:filterNodesWithSpace(287)) - Unable to find enough nodes that meet the space requirement of 1073741824 bytes for metadata and 5368709120 bytes for data in healthy node set. Required 3. Found 2.
2024-01-30 07:47:18,677 [RatisPipelineUtilsThread-0] WARN  scm.SCMCommonPlacementPolicy (SCMCommonPlacementPolicy.java:filterNodesWithSpace(287)) - Unable to find enough nodes that meet the space requirement of 1073741824 bytes for metadata and 5368709120 bytes for data in healthy node set. Required 3. Found 2.
2024-01-30 07:47:18,776 [grpc-default-executor-2] WARN  server.GrpcLogAppender (LogUtils.java:warn(121)) - ce491c53-a544-4921-9edd-2ea5f993f9d2@group-8413612DC804->d07b3c51-3354-45f5-8abc-ab9fc0487f36-AppendLogResponseHandler: Failed appendEntries: org.apache.ratis.thirdparty.io.grpc.StatusRuntimeException: UNAVAILABLE: io exception
2024-01-30 07:47:19,178 [RatisPipelineUtilsThread-0] WARN  scm.SCMCommonPlacementPolicy (SCMCommonPlacementPolicy.java:filterNodesWithSpace(287)) - Unable to find enough nodes that meet the space requirement of 1073741824 bytes for metadata and 5368709120 bytes for data in healthy node set. Required 3. Found 2.
2024-01-30 07:47:19,678 [RatisPipelineUtilsThread-0] WARN  scm.SCMCommonPlacementPolicy (SCMCommonPlacementPolicy.java:filterNodesWithSpace(287)) - Unable to find enough nodes that meet the space requirement of 1073741824 bytes for metadata and 5368709120 bytes for data in healthy node set. Required 3. Found 2.
2024-01-30 07:47:20,179 [RatisPipelineUtilsThread-0] WARN  scm.SCMCommonPlacementPolicy (SCMCommonPlacementPolicy.java:filterNodesWithSpace(287)) - Unable to find enough nodes that meet the space requirement of 1073741824 bytes for metadata and 5368709120 bytes for data in healthy node set. Required 3. Found 2.
2024-01-30 07:47:20,679 [RatisPipelineUtilsThread-0] WARN  scm.SCMCommonPlacementPolicy (SCMCommonPlacementPolicy.java:filterNodesWithSpace(287)) - Unable to find enough nodes that meet the space requirement of 1073741824 bytes for metadata and 5368709120 bytes for data in healthy node set. Required 3. Found 2.
2024-01-30 07:47:20,887 [d07b3c51-3354-45f5-8abc-ab9fc0487f36-BlockDeletingService#1] INFO  interfaces.ContainerDeletionChoosingPolicyTemplate (ContainerDeletionChoosingPolicyTemplate.java:chooseContainerForBlockDeletion(85)) - Chosen 0/5000 blocks from 0 candidate containers.
2024-01-30 07:47:20,981 [b0b6b7fd-b71c-48b9-9e8b-e03541d31df9-BlockDeletingService#1] INFO  interfaces.ContainerDeletionChoosingPolicyTemplate (ContainerDeletionChoosingPolicyTemplate.java:chooseContainerForBlockDeletion(85)) - Chosen 0/5000 blocks from 0 candidate containers.
2024-01-30 07:47:21,094 [ce491c53-a544-4921-9edd-2ea5f993f9d2-BlockDeletingService#1] INFO  interfaces.ContainerDeletionChoosingPolicyTemplate (ContainerDeletionChoosingPolicyTemplate.java:chooseContainerForBlockDeletion(85)) - Chosen 0/5000 blocks from 0 candidate containers.
2024-01-30 07:47:21,180 [RatisPipelineUtilsThread-0] WARN  scm.SCMCommonPlacementPolicy (SCMCommonPlacementPolicy.java:filterNodesWithSpace(287)) - Unable to find enough nodes that meet the space requirement of 1073741824 bytes for metadata and 5368709120 bytes for data in healthy node set. Required 3. Found 2.
2024-01-30 07:47:21,680 [RatisPipelineUtilsThread-0] WARN  scm.SCMCommonPlacementPolicy (SCMCommonPlacementPolicy.java:filterNodesWithSpace(287)) - Unable to find enough nodes that meet the space requirement of 1073741824 bytes for metadata and 5368709120 bytes for data in healthy node set. Required 3. Found 2.
2024-01-30 07:47:22,181 [RatisPipelineUtilsThread-0] WARN  scm.SCMCommonPlacementPolicy (SCMCommonPlacementPolicy.java:filterNodesWithSpace(287)) - Unable to find enough nodes that meet the space requirement of 1073741824 bytes for metadata and 5368709120 bytes for data in healthy node set. Required 3. Found 2.
2024-01-30 07:47:22,681 [RatisPipelineUtilsThread-0] WARN  scm.SCMCommonPlacementPolicy (SCMCommonPlacementPolicy.java:filterNodesWithSpace(287)) - Unable to find enough nodes that meet the space requirement of 1073741824 bytes for metadata and 5368709120 bytes for data in healthy node set. Required 3. Found 2.
2024-01-30 07:47:22,786 [timer3] WARN  server.GrpcLogAppender (LogUtils.java:warn(121)) - ce491c53-a544-4921-9edd-2ea5f993f9d2@group-B54A4A0E8004->d07b3c51-3354-45f5-8abc-ab9fc0487f36-AppendLogResponseHandler: Failed appendEntries (Repeated 2 times in the last 5.003s): org.apache.ratis.thirdparty.io.grpc.StatusRuntimeException: UNAVAILABLE: io exception
2024-01-30 07:47:22,787 [timer4] WARN  server.GrpcLogAppender (GrpcLogAppender.java:lambda$resetClient$1(217)) - ce491c53-a544-4921-9edd-2ea5f993f9d2@group-8413612DC804->d07b3c51-3354-45f5-8abc-ab9fc0487f36-GrpcLogAppender: Follower failed (request=null, errorCount=68); keep nextIndex (1) unchanged and retry. (Repeated 4 times in the last 5.001s)
2024-01-30 07:47:23,182 [RatisPipelineUtilsThread-0] WARN  scm.SCMCommonPlacementPolicy (SCMCommonPlacementPolicy.java:filterNodesWithSpace(287)) - Unable to find enough nodes that meet the space requirement of 1073741824 bytes for metadata and 5368709120 bytes for data in healthy node set. Required 3. Found 2.
2024-01-30 07:47:23,682 [RatisPipelineUtilsThread-0] WARN  scm.SCMCommonPlacementPolicy (SCMCommonPlacementPolicy.java:filterNodesWithSpace(287)) - Unable to find enough nodes that meet the space requirement of 1073741824 bytes for metadata and 5368709120 bytes for data in healthy node set. Required 3. Found 2.
2024-01-30 07:47:23,777 [timer5] WARN  server.GrpcLogAppender (LogUtils.java:warn(121)) - ce491c53-a544-4921-9edd-2ea5f993f9d2@group-8413612DC804->d07b3c51-3354-45f5-8abc-ab9fc0487f36-AppendLogResponseHandler: Failed appendEntries (Repeated 2 times in the last 5.002s): org.apache.ratis.thirdparty.io.grpc.StatusRuntimeException: UNAVAILABLE: io exception
2024-01-30 07:47:24,183 [RatisPipelineUtilsThread-0] WARN  scm.SCMCommonPlacementPolicy (SCMCommonPlacementPolicy.java:filterNodesWithSpace(287)) - Unable to find enough nodes that meet the space requirement of 1073741824 bytes for metadata and 5368709120 bytes for data in healthy node set. Required 3. Found 2.
2024-01-30 07:47:24,436 [grpc-default-executor-2] WARN  server.GrpcLogAppender (LogUtils.java:warn(121)) - ce491c53-a544-4921-9edd-2ea5f993f9d2@group-B54A4A0E8004->d07b3c51-3354-45f5-8abc-ab9fc0487f36-AppendLogResponseHandler: Failed appendEntries: org.apache.ratis.thirdparty.io.grpc.StatusRuntimeException: UNAVAILABLE: io exception
2024-01-30 07:47:24,438 [grpc-default-executor-5] WARN  server.GrpcLogAppender (GrpcLogAppender.java:lambda$resetClient$1(217)) - ce491c53-a544-4921-9edd-2ea5f993f9d2@group-B54A4A0E8004->d07b3c51-3354-45f5-8abc-ab9fc0487f36-GrpcLogAppender: Follower failed (request=null, errorCount=69); keep nextIndex (1) unchanged and retry.
2024-01-30 07:47:24,683 [RatisPipelineUtilsThread-0] WARN  scm.SCMCommonPlacementPolicy (SCMCommonPlacementPolicy.java:filterNodesWithSpace(287)) - Unable to find enough nodes that meet the space requirement of 1073741824 bytes for metadata and 5368709120 bytes for data in healthy node set. Required 3. Found 2.
2024-01-30 07:47:24,863 [grpc-default-executor-2] WARN  server.GrpcLogAppender (LogUtils.java:warn(121)) - ce491c53-a544-4921-9edd-2ea5f993f9d2@group-8413612DC804->d07b3c51-3354-45f5-8abc-ab9fc0487f36-AppendLogResponseHandler: Failed appendEntries: org.apache.ratis.thirdparty.io.grpc.StatusRuntimeException: UNAVAILABLE: io exception
2024-01-30 07:47:25,183 [RatisPipelineUtilsThread-0] WARN  scm.SCMCommonPlacementPolicy (SCMCommonPlacementPolicy.java:filterNodesWithSpace(287)) - Unable to find enough nodes that meet the space requirement of 1073741824 bytes for metadata and 5368709120 bytes for data in healthy node set. Required 3. Found 2.
2024-01-30 07:47:25,684 [RatisPipelineUtilsThread-0] WARN  scm.SCMCommonPlacementPolicy (SCMCommonPlacementPolicy.java:filterNodesWithSpace(287)) - Unable to find enough nodes that meet the space requirement of 1073741824 bytes for metadata and 5368709120 bytes for data in healthy node set. Required 3. Found 2.
2024-01-30 07:47:26,184 [RatisPipelineUtilsThread-0] WARN  scm.SCMCommonPlacementPolicy (SCMCommonPlacementPolicy.java:filterNodesWithSpace(287)) - Unable to find enough nodes that meet the space requirement of 1073741824 bytes for metadata and 5368709120 bytes for data in healthy node set. Required 3. Found 2.
2024-01-30 07:47:26,685 [RatisPipelineUtilsThread-0] WARN  scm.SCMCommonPlacementPolicy (SCMCommonPlacementPolicy.java:filterNodesWithSpace(287)) - Unable to find enough nodes that meet the space requirement of 1073741824 bytes for metadata and 5368709120 bytes for data in healthy node set. Required 3. Found 2.
2024-01-30 07:47:27,185 [RatisPipelineUtilsThread-0] WARN  scm.SCMCommonPlacementPolicy (SCMCommonPlacementPolicy.java:filterNodesWithSpace(287)) - Unable to find enough nodes that meet the space requirement of 1073741824 bytes for metadata and 5368709120 bytes for data in healthy node set. Required 3. Found 2.
2024-01-30 07:47:27,685 [RatisPipelineUtilsThread-0] WARN  scm.SCMCommonPlacementPolicy (SCMCommonPlacementPolicy.java:filterNodesWithSpace(287)) - Unable to find enough nodes that meet the space requirement of 1073741824 bytes for metadata and 5368709120 bytes for data in healthy node set. Required 3. Found 2.
2024-01-30 07:47:28,186 [RatisPipelineUtilsThread-0] WARN  scm.SCMCommonPlacementPolicy (SCMCommonPlacementPolicy.java:filterNodesWithSpace(287)) - Unable to find enough nodes that meet the space requirement of 1073741824 bytes for metadata and 5368709120 bytes for data in healthy node set. Required 3. Found 2.
2024-01-30 07:47:28,686 [RatisPipelineUtilsThread-0] WARN  scm.SCMCommonPlacementPolicy (SCMCommonPlacementPolicy.java:filterNodesWithSpace(287)) - Unable to find enough nodes that meet the space requirement of 1073741824 bytes for metadata and 5368709120 bytes for data in healthy node set. Required 3. Found 2.
2024-01-30 07:47:29,187 [RatisPipelineUtilsThread-0] WARN  scm.SCMCommonPlacementPolicy (SCMCommonPlacementPolicy.java:filterNodesWithSpace(287)) - Unable to find enough nodes that meet the space requirement of 1073741824 bytes for metadata and 5368709120 bytes for data in healthy node set. Required 3. Found 2.
2024-01-30 07:47:29,437 [timer3] WARN  server.GrpcLogAppender (LogUtils.java:warn(121)) - ce491c53-a544-4921-9edd-2ea5f993f9d2@group-B54A4A0E8004->d07b3c51-3354-45f5-8abc-ab9fc0487f36-AppendLogResponseHandler: Failed appendEntries (Repeated 2 times in the last 5.001s): org.apache.ratis.thirdparty.io.grpc.StatusRuntimeException: UNAVAILABLE: io exception
2024-01-30 07:47:29,438 [timer5] WARN  server.GrpcLogAppender (GrpcLogAppender.java:lambda$resetClient$1(217)) - ce491c53-a544-4921-9edd-2ea5f993f9d2@group-8413612DC804->d07b3c51-3354-45f5-8abc-ab9fc0487f36-GrpcLogAppender: Follower failed (request=null, errorCount=70); keep nextIndex (1) unchanged and retry. (Repeated 4 times in the last 5.000s)
2024-01-30 07:47:29,687 [RatisPipelineUtilsThread-0] WARN  scm.SCMCommonPlacementPolicy (SCMCommonPlacementPolicy.java:filterNodesWithSpace(287)) - Unable to find enough nodes that meet the space requirement of 1073741824 bytes for metadata and 5368709120 bytes for data in healthy node set. Required 3. Found 2.
2024-01-30 07:47:29,865 [timer6] WARN  server.GrpcLogAppender (LogUtils.java:warn(121)) - ce491c53-a544-4921-9edd-2ea5f993f9d2@group-8413612DC804->d07b3c51-3354-45f5-8abc-ab9fc0487f36-AppendLogResponseHandler: Failed appendEntries (Repeated 2 times in the last 5.001s): org.apache.ratis.thirdparty.io.grpc.StatusRuntimeException: UNAVAILABLE: io exception
2024-01-30 07:47:29,873 [grpc-default-executor-2] WARN  server.GrpcLogAppender (LogUtils.java:warn(121)) - ce491c53-a544-4921-9edd-2ea5f993f9d2@group-8413612DC804->d07b3c51-3354-45f5-8abc-ab9fc0487f36-AppendLogResponseHandler: Failed appendEntries: org.apache.ratis.thirdparty.io.grpc.StatusRuntimeException: UNAVAILABLE: io exception
2024-01-30 07:47:29,874 [grpc-default-executor-5] WARN  server.GrpcLogAppender (GrpcLogAppender.java:lambda$resetClient$1(217)) - ce491c53-a544-4921-9edd-2ea5f993f9d2@group-8413612DC804->d07b3c51-3354-45f5-8abc-ab9fc0487f36-GrpcLogAppender: Follower failed (request=null, errorCount=71); keep nextIndex (1) unchanged and retry.
2024-01-30 07:47:30,188 [RatisPipelineUtilsThread-0] WARN  scm.SCMCommonPlacementPolicy (SCMCommonPlacementPolicy.java:filterNodesWithSpace(287)) - Unable to find enough nodes that meet the space requirement of 1073741824 bytes for metadata and 5368709120 bytes for data in healthy node set. Required 3. Found 2.
2024-01-30 07:47:30,688 [RatisPipelineUtilsThread-0] WARN  scm.SCMCommonPlacementPolicy (SCMCommonPlacementPolicy.java:filterNodesWithSpace(287)) - Unable to find enough nodes that meet the space requirement of 1073741824 bytes for metadata and 5368709120 bytes for data in healthy node set. Required 3. Found 2.
2024-01-30 07:47:31,189 [RatisPipelineUtilsThread-0] WARN  scm.SCMCommonPlacementPolicy (SCMCommonPlacementPolicy.java:filterNodesWithSpace(287)) - Unable to find enough nodes that meet the space requirement of 1073741824 bytes for metadata and 5368709120 bytes for data in healthy node set. Required 3. Found 2.
2024-01-30 07:47:31,689 [RatisPipelineUtilsThread-0] WARN  scm.SCMCommonPlacementPolicy (SCMCommonPlacementPolicy.java:filterNodesWithSpace(287)) - Unable to find enough nodes that meet the space requirement of 1073741824 bytes for metadata and 5368709120 bytes for data in healthy node set. Required 3. Found 2.
2024-01-30 07:47:31,848 [grpc-default-executor-2] WARN  server.GrpcLogAppender (LogUtils.java:warn(121)) - ce491c53-a544-4921-9edd-2ea5f993f9d2@group-B54A4A0E8004->d07b3c51-3354-45f5-8abc-ab9fc0487f36-AppendLogResponseHandler: Failed appendEntries: org.apache.ratis.thirdparty.io.grpc.StatusRuntimeException: UNAVAILABLE: io exception
2024-01-30 07:47:32,189 [RatisPipelineUtilsThread-0] WARN  scm.SCMCommonPlacementPolicy (SCMCommonPlacementPolicy.java:filterNodesWithSpace(287)) - Unable to find enough nodes that meet the space requirement of 1073741824 bytes for metadata and 5368709120 bytes for data in healthy node set. Required 3. Found 2.
2024-01-30 07:47:32,690 [RatisPipelineUtilsThread-0] WARN  scm.SCMCommonPlacementPolicy (SCMCommonPlacementPolicy.java:filterNodesWithSpace(287)) - Unable to find enough nodes that meet the space requirement of 1073741824 bytes for metadata and 5368709120 bytes for data in healthy node set. Required 3. Found 2.
2024-01-30 07:47:33,190 [RatisPipelineUtilsThread-0] WARN  scm.SCMCommonPlacementPolicy (SCMCommonPlacementPolicy.java:filterNodesWithSpace(287)) - Unable to find enough nodes that meet the space requirement of 1073741824 bytes for metadata and 5368709120 bytes for data in healthy node set. Required 3. Found 2.
2024-01-30 07:47:33,691 [RatisPipelineUtilsThread-0] WARN  scm.SCMCommonPlacementPolicy (SCMCommonPlacementPolicy.java:filterNodesWithSpace(287)) - Unable to find enough nodes that meet the space requirement of 1073741824 bytes for metadata and 5368709120 bytes for data in healthy node set. Required 3. Found 2.
2024-01-30 07:47:34,191 [RatisPipelineUtilsThread-0] WARN  scm.SCMCommonPlacementPolicy (SCMCommonPlacementPolicy.java:filterNodesWithSpace(287)) - Unable to find enough nodes that meet the space requirement of 1073741824 bytes for metadata and 5368709120 bytes for data in healthy node set. Required 3. Found 2.
2024-01-30 07:47:34,691 [RatisPipelineUtilsThread-0] WARN  scm.SCMCommonPlacementPolicy (SCMCommonPlacementPolicy.java:filterNodesWithSpace(287)) - Unable to find enough nodes that meet the space requirement of 1073741824 bytes for metadata and 5368709120 bytes for data in healthy node set. Required 3. Found 2.
2024-01-30 07:47:34,874 [timer3] WARN  server.GrpcLogAppender (LogUtils.java:warn(121)) - ce491c53-a544-4921-9edd-2ea5f993f9d2@group-8413612DC804->d07b3c51-3354-45f5-8abc-ab9fc0487f36-AppendLogResponseHandler: Failed appendEntries (Repeated 2 times in the last 5.001s): org.apache.ratis.thirdparty.io.grpc.StatusRuntimeException: UNAVAILABLE: io exception
2024-01-30 07:47:34,874 [timer4] WARN  server.GrpcLogAppender (GrpcLogAppender.java:lambda$resetClient$1(217)) - ce491c53-a544-4921-9edd-2ea5f993f9d2@group-B54A4A0E8004->d07b3c51-3354-45f5-8abc-ab9fc0487f36-GrpcLogAppender: Follower failed (request=null, errorCount=72); keep nextIndex (1) unchanged and retry. (Repeated 4 times in the last 5.000s)
2024-01-30 07:47:35,192 [RatisPipelineUtilsThread-0] WARN  scm.SCMCommonPlacementPolicy (SCMCommonPlacementPolicy.java:filterNodesWithSpace(287)) - Unable to find enough nodes that meet the space requirement of 1073741824 bytes for metadata and 5368709120 bytes for data in healthy node set. Required 3. Found 2.
2024-01-30 07:47:35,692 [RatisPipelineUtilsThread-0] WARN  scm.SCMCommonPlacementPolicy (SCMCommonPlacementPolicy.java:filterNodesWithSpace(287)) - Unable to find enough nodes that meet the space requirement of 1073741824 bytes for metadata and 5368709120 bytes for data in healthy node set. Required 3. Found 2.
2024-01-30 07:47:36,192 [RatisPipelineUtilsThread-0] WARN  scm.SCMCommonPlacementPolicy (SCMCommonPlacementPolicy.java:filterNodesWithSpace(287)) - Unable to find enough nodes that meet the space requirement of 1073741824 bytes for metadata and 5368709120 bytes for data in healthy node set. Required 3. Found 2.
2024-01-30 07:47:36,693 [RatisPipelineUtilsThread-0] WARN  scm.SCMCommonPlacementPolicy (SCMCommonPlacementPolicy.java:filterNodesWithSpace(287)) - Unable to find enough nodes that meet the space requirement of 1073741824 bytes for metadata and 5368709120 bytes for data in healthy node set. Required 3. Found 2.
2024-01-30 07:47:36,849 [timer5] WARN  server.GrpcLogAppender (LogUtils.java:warn(121)) - ce491c53-a544-4921-9edd-2ea5f993f9d2@group-B54A4A0E8004->d07b3c51-3354-45f5-8abc-ab9fc0487f36-AppendLogResponseHandler: Failed appendEntries (Repeated 2 times in the last 5.001s): org.apache.ratis.thirdparty.io.grpc.StatusRuntimeException: UNAVAILABLE: io exception
2024-01-30 07:47:36,899 [grpc-default-executor-2] WARN  server.GrpcLogAppender (LogUtils.java:warn(121)) - ce491c53-a544-4921-9edd-2ea5f993f9d2@group-8413612DC804->d07b3c51-3354-45f5-8abc-ab9fc0487f36-AppendLogResponseHandler: Failed appendEntries: org.apache.ratis.thirdparty.io.grpc.StatusRuntimeException: UNAVAILABLE: io exception
2024-01-30 07:47:36,900 [grpc-default-executor-5] WARN  server.GrpcLogAppender (GrpcLogAppender.java:lambda$resetClient$1(217)) - ce491c53-a544-4921-9edd-2ea5f993f9d2@group-8413612DC804->d07b3c51-3354-45f5-8abc-ab9fc0487f36-GrpcLogAppender: Follower failed (request=null, errorCount=73); keep nextIndex (1) unchanged and retry.
2024-01-30 07:47:37,193 [RatisPipelineUtilsThread-0] WARN  scm.SCMCommonPlacementPolicy (SCMCommonPlacementPolicy.java:filterNodesWithSpace(287)) - Unable to find enough nodes that meet the space requirement of 1073741824 bytes for metadata and 5368709120 bytes for data in healthy node set. Required 3. Found 2.
2024-01-30 07:47:37,693 [RatisPipelineUtilsThread-0] WARN  scm.SCMCommonPlacementPolicy (SCMCommonPlacementPolicy.java:filterNodesWithSpace(287)) - Unable to find enough nodes that meet the space requirement of 1073741824 bytes for metadata and 5368709120 bytes for data in healthy node set. Required 3. Found 2.
2024-01-30 07:47:38,194 [RatisPipelineUtilsThread-0] WARN  scm.SCMCommonPlacementPolicy (SCMCommonPlacementPolicy.java:filterNodesWithSpace(287)) - Unable to find enough nodes that meet the space requirement of 1073741824 bytes for metadata and 5368709120 bytes for data in healthy node set. Required 3. Found 2.
2024-01-30 07:47:38,694 [RatisPipelineUtilsThread-0] WARN  scm.SCMCommonPlacementPolicy (SCMCommonPlacementPolicy.java:filterNodesWithSpace(287)) - Unable to find enough nodes that meet the space requirement of 1073741824 bytes for metadata and 5368709120 bytes for data in healthy node set. Required 3. Found 2.
2024-01-30 07:47:38,730 [grpc-default-executor-2] WARN  server.GrpcLogAppender (LogUtils.java:warn(121)) - ce491c53-a544-4921-9edd-2ea5f993f9d2@group-B54A4A0E8004->d07b3c51-3354-45f5-8abc-ab9fc0487f36-AppendLogResponseHandler: Failed appendEntries: org.apache.ratis.thirdparty.io.grpc.StatusRuntimeException: UNAVAILABLE: io exception
2024-01-30 07:47:39,195 [RatisPipelineUtilsThread-0] WARN  scm.SCMCommonPlacementPolicy (SCMCommonPlacementPolicy.java:filterNodesWithSpace(287)) - Unable to find enough nodes that meet the space requirement of 1073741824 bytes for metadata and 5368709120 bytes for data in healthy node set. Required 3. Found 2.
2024-01-30 07:47:39,695 [RatisPipelineUtilsThread-0] WARN  scm.SCMCommonPlacementPolicy (SCMCommonPlacementPolicy.java:filterNodesWithSpace(287)) - Unable to find enough nodes that meet the space requirement of 1073741824 bytes for metadata and 5368709120 bytes for data in healthy node set. Required 3. Found 2.
2024-01-30 07:47:40,195 [RatisPipelineUtilsThread-0] WARN  scm.SCMCommonPlacementPolicy (SCMCommonPlacementPolicy.java:filterNodesWithSpace(287)) - Unable to find enough nodes that meet the space requirement of 1073741824 bytes for metadata and 5368709120 bytes for data in healthy node set. Required 3. Found 2.
2024-01-30 07:47:40,696 [RatisPipelineUtilsThread-0] WARN  scm.SCMCommonPlacementPolicy (SCMCommonPlacementPolicy.java:filterNodesWithSpace(287)) - Unable to find enough nodes that meet the space requirement of 1073741824 bytes for metadata and 5368709120 bytes for data in healthy node set. Required 3. Found 2.
2024-01-30 07:47:41,196 [RatisPipelineUtilsThread-0] WARN  scm.SCMCommonPlacementPolicy (SCMCommonPlacementPolicy.java:filterNodesWithSpace(287)) - Unable to find enough nodes that meet the space requirement of 1073741824 bytes for metadata and 5368709120 bytes for data in healthy node set. Required 3. Found 2.
2024-01-30 07:47:41,696 [RatisPipelineUtilsThread-0] WARN  scm.SCMCommonPlacementPolicy (SCMCommonPlacementPolicy.java:filterNodesWithSpace(287)) - Unable to find enough nodes that meet the space requirement of 1073741824 bytes for metadata and 5368709120 bytes for data in healthy node set. Required 3. Found 2.
2024-01-30 07:47:41,900 [timer2] WARN  server.GrpcLogAppender (LogUtils.java:warn(121)) - ce491c53-a544-4921-9edd-2ea5f993f9d2@group-8413612DC804->d07b3c51-3354-45f5-8abc-ab9fc0487f36-AppendLogResponseHandler: Failed appendEntries (Repeated 2 times in the last 5.001s): org.apache.ratis.thirdparty.io.grpc.StatusRuntimeException: UNAVAILABLE: io exception
2024-01-30 07:47:41,900 [timer3] WARN  server.GrpcLogAppender (GrpcLogAppender.java:lambda$resetClient$1(217)) - ce491c53-a544-4921-9edd-2ea5f993f9d2@group-B54A4A0E8004->d07b3c51-3354-45f5-8abc-ab9fc0487f36-GrpcLogAppender: Follower failed (request=null, errorCount=74); keep nextIndex (1) unchanged and retry. (Repeated 4 times in the last 5.000s)
2024-01-30 07:47:42,078 [grpc-default-executor-2] WARN  server.GrpcLogAppender (LogUtils.java:warn(121)) - ce491c53-a544-4921-9edd-2ea5f993f9d2@group-8413612DC804->d07b3c51-3354-45f5-8abc-ab9fc0487f36-AppendLogResponseHandler: Failed appendEntries: org.apache.ratis.thirdparty.io.grpc.StatusRuntimeException: UNAVAILABLE: io exception
2024-01-30 07:47:42,079 [grpc-default-executor-5] WARN  server.GrpcLogAppender (GrpcLogAppender.java:lambda$resetClient$1(217)) - ce491c53-a544-4921-9edd-2ea5f993f9d2@group-8413612DC804->d07b3c51-3354-45f5-8abc-ab9fc0487f36-GrpcLogAppender: Follower failed (request=null, errorCount=75); keep nextIndex (1) unchanged and retry.
2024-01-30 07:47:42,197 [RatisPipelineUtilsThread-0] WARN  scm.SCMCommonPlacementPolicy (SCMCommonPlacementPolicy.java:filterNodesWithSpace(287)) - Unable to find enough nodes that meet the space requirement of 1073741824 bytes for metadata and 5368709120 bytes for data in healthy node set. Required 3. Found 2.
2024-01-30 07:47:42,697 [RatisPipelineUtilsThread-0] WARN  scm.SCMCommonPlacementPolicy (SCMCommonPlacementPolicy.java:filterNodesWithSpace(287)) - Unable to find enough nodes that meet the space requirement of 1073741824 bytes for metadata and 5368709120 bytes for data in healthy node set. Required 3. Found 2.
2024-01-30 07:47:43,197 [RatisPipelineUtilsThread-0] WARN  scm.SCMCommonPlacementPolicy (SCMCommonPlacementPolicy.java:filterNodesWithSpace(287)) - Unable to find enough nodes that meet the space requirement of 1073741824 bytes for metadata and 5368709120 bytes for data in healthy node set. Required 3. Found 2.
2024-01-30 07:47:43,698 [RatisPipelineUtilsThread-0] WARN  scm.SCMCommonPlacementPolicy (SCMCommonPlacementPolicy.java:filterNodesWithSpace(287)) - Unable to find enough nodes that meet the space requirement of 1073741824 bytes for metadata and 5368709120 bytes for data in healthy node set. Required 3. Found 2.
2024-01-30 07:47:43,731 [timer3] WARN  server.GrpcLogAppender (LogUtils.java:warn(121)) - ce491c53-a544-4921-9edd-2ea5f993f9d2@group-B54A4A0E8004->d07b3c51-3354-45f5-8abc-ab9fc0487f36-AppendLogResponseHandler: Failed appendEntries (Repeated 2 times in the last 5.001s): org.apache.ratis.thirdparty.io.grpc.StatusRuntimeException: UNAVAILABLE: io exception
2024-01-30 07:47:43,882 [grpc-default-executor-2] WARN  server.GrpcLogAppender (LogUtils.java:warn(121)) - ce491c53-a544-4921-9edd-2ea5f993f9d2@group-B54A4A0E8004->d07b3c51-3354-45f5-8abc-ab9fc0487f36-AppendLogResponseHandler: Failed appendEntries: org.apache.ratis.thirdparty.io.grpc.StatusRuntimeException: UNAVAILABLE: io exception
2024-01-30 07:47:44,198 [RatisPipelineUtilsThread-0] WARN  scm.SCMCommonPlacementPolicy (SCMCommonPlacementPolicy.java:filterNodesWithSpace(287)) - Unable to find enough nodes that meet the space requirement of 1073741824 bytes for metadata and 5368709120 bytes for data in healthy node set. Required 3. Found 2.
2024-01-30 07:47:44,698 [RatisPipelineUtilsThread-0] WARN  scm.SCMCommonPlacementPolicy (SCMCommonPlacementPolicy.java:filterNodesWithSpace(287)) - Unable to find enough nodes that meet the space requirement of 1073741824 bytes for metadata and 5368709120 bytes for data in healthy node set. Required 3. Found 2.
2024-01-30 07:47:45,199 [RatisPipelineUtilsThread-0] WARN  scm.SCMCommonPlacementPolicy (SCMCommonPlacementPolicy.java:filterNodesWithSpace(287)) - Unable to find enough nodes that meet the space requirement of 1073741824 bytes for metadata and 5368709120 bytes for data in healthy node set. Required 3. Found 2.
2024-01-30 07:47:45,699 [RatisPipelineUtilsThread-0] WARN  scm.SCMCommonPlacementPolicy (SCMCommonPlacementPolicy.java:filterNodesWithSpace(287)) - Unable to find enough nodes that meet the space requirement of 1073741824 bytes for metadata and 5368709120 bytes for data in healthy node set. Required 3. Found 2.
2024-01-30 07:47:46,199 [RatisPipelineUtilsThread-0] WARN  scm.SCMCommonPlacementPolicy (SCMCommonPlacementPolicy.java:filterNodesWithSpace(287)) - Unable to find enough nodes that meet the space requirement of 1073741824 bytes for metadata and 5368709120 bytes for data in healthy node set. Required 3. Found 2.
2024-01-30 07:47:46,700 [RatisPipelineUtilsThread-0] WARN  scm.SCMCommonPlacementPolicy (SCMCommonPlacementPolicy.java:filterNodesWithSpace(287)) - Unable to find enough nodes that meet the space requirement of 1073741824 bytes for metadata and 5368709120 bytes for data in healthy node set. Required 3. Found 2.
2024-01-30 07:47:47,079 [timer4] WARN  server.GrpcLogAppender (GrpcLogAppender.java:lambda$resetClient$1(217)) - ce491c53-a544-4921-9edd-2ea5f993f9d2@group-B54A4A0E8004->d07b3c51-3354-45f5-8abc-ab9fc0487f36-GrpcLogAppender: Follower failed (request=null, errorCount=76); keep nextIndex (1) unchanged and retry. (Repeated 4 times in the last 5.000s)
2024-01-30 07:47:47,080 [timer3] WARN  server.GrpcLogAppender (LogUtils.java:warn(121)) - ce491c53-a544-4921-9edd-2ea5f993f9d2@group-8413612DC804->d07b3c51-3354-45f5-8abc-ab9fc0487f36-AppendLogResponseHandler: Failed appendEntries (Repeated 2 times in the last 5.002s): org.apache.ratis.thirdparty.io.grpc.StatusRuntimeException: UNAVAILABLE: io exception
2024-01-30 07:47:47,200 [RatisPipelineUtilsThread-0] WARN  scm.SCMCommonPlacementPolicy (SCMCommonPlacementPolicy.java:filterNodesWithSpace(287)) - Unable to find enough nodes that meet the space requirement of 1073741824 bytes for metadata and 5368709120 bytes for data in healthy node set. Required 3. Found 2.
2024-01-30 07:47:47,700 [RatisPipelineUtilsThread-0] WARN  scm.SCMCommonPlacementPolicy (SCMCommonPlacementPolicy.java:filterNodesWithSpace(287)) - Unable to find enough nodes that meet the space requirement of 1073741824 bytes for metadata and 5368709120 bytes for data in healthy node set. Required 3. Found 2.
2024-01-30 07:47:48,201 [RatisPipelineUtilsThread-0] WARN  scm.SCMCommonPlacementPolicy (SCMCommonPlacementPolicy.java:filterNodesWithSpace(287)) - Unable to find enough nodes that meet the space requirement of 1073741824 bytes for metadata and 5368709120 bytes for data in healthy node set. Required 3. Found 2.
2024-01-30 07:47:48,701 [RatisPipelineUtilsThread-0] WARN  scm.SCMCommonPlacementPolicy (SCMCommonPlacementPolicy.java:filterNodesWithSpace(287)) - Unable to find enough nodes that meet the space requirement of 1073741824 bytes for metadata and 5368709120 bytes for data in healthy node set. Required 3. Found 2.
2024-01-30 07:47:48,882 [timer3] WARN  server.GrpcLogAppender (LogUtils.java:warn(121)) - ce491c53-a544-4921-9edd-2ea5f993f9d2@group-B54A4A0E8004->d07b3c51-3354-45f5-8abc-ab9fc0487f36-AppendLogResponseHandler: Failed appendEntries (Repeated 2 times in the last 5.000s): org.apache.ratis.thirdparty.io.grpc.StatusRuntimeException: UNAVAILABLE: io exception
2024-01-30 07:47:49,055 [grpc-default-executor-2] WARN  server.GrpcLogAppender (LogUtils.java:warn(121)) - ce491c53-a544-4921-9edd-2ea5f993f9d2@group-8413612DC804->d07b3c51-3354-45f5-8abc-ab9fc0487f36-AppendLogResponseHandler: Failed appendEntries: org.apache.ratis.thirdparty.io.grpc.StatusRuntimeException: UNAVAILABLE: io exception
2024-01-30 07:47:49,056 [grpc-default-executor-5] WARN  server.GrpcLogAppender (GrpcLogAppender.java:lambda$resetClient$1(217)) - ce491c53-a544-4921-9edd-2ea5f993f9d2@group-8413612DC804->d07b3c51-3354-45f5-8abc-ab9fc0487f36-GrpcLogAppender: Follower failed (request=null, errorCount=77); keep nextIndex (1) unchanged and retry.
2024-01-30 07:47:49,202 [RatisPipelineUtilsThread-0] WARN  scm.SCMCommonPlacementPolicy (SCMCommonPlacementPolicy.java:filterNodesWithSpace(287)) - Unable to find enough nodes that meet the space requirement of 1073741824 bytes for metadata and 5368709120 bytes for data in healthy node set. Required 3. Found 2.
2024-01-30 07:47:49,702 [RatisPipelineUtilsThread-0] WARN  scm.SCMCommonPlacementPolicy (SCMCommonPlacementPolicy.java:filterNodesWithSpace(287)) - Unable to find enough nodes that meet the space requirement of 1073741824 bytes for metadata and 5368709120 bytes for data in healthy node set. Required 3. Found 2.
2024-01-30 07:47:50,202 [RatisPipelineUtilsThread-0] WARN  scm.SCMCommonPlacementPolicy (SCMCommonPlacementPolicy.java:filterNodesWithSpace(287)) - Unable to find enough nodes that meet the space requirement of 1073741824 bytes for metadata and 5368709120 bytes for data in healthy node set. Required 3. Found 2.
2024-01-30 07:47:50,702 [RatisPipelineUtilsThread-0] WARN  scm.SCMCommonPlacementPolicy (SCMCommonPlacementPolicy.java:filterNodesWithSpace(287)) - Unable to find enough nodes that meet the space requirement of 1073741824 bytes for metadata and 5368709120 bytes for data in healthy node set. Required 3. Found 2.
2024-01-30 07:47:51,203 [RatisPipelineUtilsThread-0] WARN  scm.SCMCommonPlacementPolicy (SCMCommonPlacementPolicy.java:filterNodesWithSpace(287)) - Unable to find enough nodes that meet the space requirement of 1073741824 bytes for metadata and 5368709120 bytes for data in healthy node set. Required 3. Found 2.
2024-01-30 07:47:51,254 [grpc-default-executor-2] WARN  server.GrpcLogAppender (LogUtils.java:warn(121)) - ce491c53-a544-4921-9edd-2ea5f993f9d2@group-B54A4A0E8004->d07b3c51-3354-45f5-8abc-ab9fc0487f36-AppendLogResponseHandler: Failed appendEntries: org.apache.ratis.thirdparty.io.grpc.StatusRuntimeException: UNAVAILABLE: io exception
2024-01-30 07:47:51,703 [RatisPipelineUtilsThread-0] WARN  scm.SCMCommonPlacementPolicy (SCMCommonPlacementPolicy.java:filterNodesWithSpace(287)) - Unable to find enough nodes that meet the space requirement of 1073741824 bytes for metadata and 5368709120 bytes for data in healthy node set. Required 3. Found 2.
2024-01-30 07:47:52,204 [RatisPipelineUtilsThread-0] WARN  scm.SCMCommonPlacementPolicy (SCMCommonPlacementPolicy.java:filterNodesWithSpace(287)) - Unable to find enough nodes that meet the space requirement of 1073741824 bytes for metadata and 5368709120 bytes for data in healthy node set. Required 3. Found 2.
2024-01-30 07:47:52,704 [RatisPipelineUtilsThread-0] WARN  scm.SCMCommonPlacementPolicy (SCMCommonPlacementPolicy.java:filterNodesWithSpace(287)) - Unable to find enough nodes that meet the space requirement of 1073741824 bytes for metadata and 5368709120 bytes for data in healthy node set. Required 3. Found 2.
2024-01-30 07:47:53,204 [RatisPipelineUtilsThread-0] WARN  scm.SCMCommonPlacementPolicy (SCMCommonPlacementPolicy.java:filterNodesWithSpace(287)) - Unable to find enough nodes that meet the space requirement of 1073741824 bytes for metadata and 5368709120 bytes for data in healthy node set. Required 3. Found 2.
2024-01-30 07:47:53,705 [RatisPipelineUtilsThread-0] WARN  scm.SCMCommonPlacementPolicy (SCMCommonPlacementPolicy.java:filterNodesWithSpace(287)) - Unable to find enough nodes that meet the space requirement of 1073741824 bytes for metadata and 5368709120 bytes for data in healthy node set. Required 3. Found 2.
2024-01-30 07:47:54,056 [timer0] WARN  server.GrpcLogAppender (LogUtils.java:warn(121)) - ce491c53-a544-4921-9edd-2ea5f993f9d2@group-8413612DC804->d07b3c51-3354-45f5-8abc-ab9fc0487f36-AppendLogResponseHandler: Failed appendEntries (Repeated 2 times in the last 5.000s): org.apache.ratis.thirdparty.io.grpc.StatusRuntimeException: UNAVAILABLE: io exception
2024-01-30 07:47:54,056 [timer1] WARN  server.GrpcLogAppender (GrpcLogAppender.java:lambda$resetClient$1(217)) - ce491c53-a544-4921-9edd-2ea5f993f9d2@group-B54A4A0E8004->d07b3c51-3354-45f5-8abc-ab9fc0487f36-GrpcLogAppender: Follower failed (request=null, errorCount=78); keep nextIndex (1) unchanged and retry. (Repeated 4 times in the last 5.000s)
2024-01-30 07:47:54,205 [RatisPipelineUtilsThread-0] WARN  scm.SCMCommonPlacementPolicy (SCMCommonPlacementPolicy.java:filterNodesWithSpace(287)) - Unable to find enough nodes that meet the space requirement of 1073741824 bytes for metadata and 5368709120 bytes for data in healthy node set. Required 3. Found 2.
2024-01-30 07:47:54,706 [RatisPipelineUtilsThread-0] WARN  scm.SCMCommonPlacementPolicy (SCMCommonPlacementPolicy.java:filterNodesWithSpace(287)) - Unable to find enough nodes that meet the space requirement of 1073741824 bytes for metadata and 5368709120 bytes for data in healthy node set. Required 3. Found 2.
2024-01-30 07:47:55,206 [RatisPipelineUtilsThread-0] WARN  scm.SCMCommonPlacementPolicy (SCMCommonPlacementPolicy.java:filterNodesWithSpace(287)) - Unable to find enough nodes that meet the space requirement of 1073741824 bytes for metadata and 5368709120 bytes for data in healthy node set. Required 3. Found 2.
2024-01-30 07:47:55,706 [RatisPipelineUtilsThread-0] WARN  scm.SCMCommonPlacementPolicy (SCMCommonPlacementPolicy.java:filterNodesWithSpace(287)) - Unable to find enough nodes that meet the space requirement of 1073741824 bytes for metadata and 5368709120 bytes for data in healthy node set. Required 3. Found 2.
2024-01-30 07:47:55,791 [grpc-default-executor-2] WARN  server.GrpcLogAppender (GrpcLogAppender.java:lambda$resetClient$1(217)) - ce491c53-a544-4921-9edd-2ea5f993f9d2@group-B54A4A0E8004->d07b3c51-3354-45f5-8abc-ab9fc0487f36-GrpcLogAppender: Follower failed (request=null, errorCount=79); keep nextIndex (1) unchanged and retry.
2024-01-30 07:47:55,863 [grpc-default-executor-5] WARN  server.GrpcLogAppender (LogUtils.java:warn(121)) - ce491c53-a544-4921-9edd-2ea5f993f9d2@group-8413612DC804->d07b3c51-3354-45f5-8abc-ab9fc0487f36-AppendLogResponseHandler: Failed appendEntries: org.apache.ratis.thirdparty.io.grpc.StatusRuntimeException: UNAVAILABLE: io exception
2024-01-30 07:47:56,207 [RatisPipelineUtilsThread-0] WARN  scm.SCMCommonPlacementPolicy (SCMCommonPlacementPolicy.java:filterNodesWithSpace(287)) - Unable to find enough nodes that meet the space requirement of 1073741824 bytes for metadata and 5368709120 bytes for data in healthy node set. Required 3. Found 2.
2024-01-30 07:47:56,255 [timer1] WARN  server.GrpcLogAppender (LogUtils.java:warn(121)) - ce491c53-a544-4921-9edd-2ea5f993f9d2@group-B54A4A0E8004->d07b3c51-3354-45f5-8abc-ab9fc0487f36-AppendLogResponseHandler: Failed appendEntries (Repeated 4 times in the last 5.001s): org.apache.ratis.thirdparty.io.grpc.StatusRuntimeException: UNAVAILABLE: io exception
2024-01-30 07:47:56,707 [RatisPipelineUtilsThread-0] WARN  scm.SCMCommonPlacementPolicy (SCMCommonPlacementPolicy.java:filterNodesWithSpace(287)) - Unable to find enough nodes that meet the space requirement of 1073741824 bytes for metadata and 5368709120 bytes for data in healthy node set. Required 3. Found 2.
2024-01-30 07:47:57,207 [RatisPipelineUtilsThread-0] WARN  scm.SCMCommonPlacementPolicy (SCMCommonPlacementPolicy.java:filterNodesWithSpace(287)) - Unable to find enough nodes that meet the space requirement of 1073741824 bytes for metadata and 5368709120 bytes for data in healthy node set. Required 3. Found 2.
2024-01-30 07:47:57,708 [RatisPipelineUtilsThread-0] WARN  scm.SCMCommonPlacementPolicy (SCMCommonPlacementPolicy.java:filterNodesWithSpace(287)) - Unable to find enough nodes that meet the space requirement of 1073741824 bytes for metadata and 5368709120 bytes for data in healthy node set. Required 3. Found 2.
2024-01-30 07:47:58,208 [RatisPipelineUtilsThread-0] WARN  scm.SCMCommonPlacementPolicy (SCMCommonPlacementPolicy.java:filterNodesWithSpace(287)) - Unable to find enough nodes that meet the space requirement of 1073741824 bytes for metadata and 5368709120 bytes for data in healthy node set. Required 3. Found 2.
2024-01-30 07:47:58,709 [RatisPipelineUtilsThread-0] WARN  scm.SCMCommonPlacementPolicy (SCMCommonPlacementPolicy.java:filterNodesWithSpace(287)) - Unable to find enough nodes that meet the space requirement of 1073741824 bytes for metadata and 5368709120 bytes for data in healthy node set. Required 3. Found 2.
2024-01-30 07:47:59,209 [RatisPipelineUtilsThread-0] WARN  scm.SCMCommonPlacementPolicy (SCMCommonPlacementPolicy.java:filterNodesWithSpace(287)) - Unable to find enough nodes that meet the space requirement of 1073741824 bytes for metadata and 5368709120 bytes for data in healthy node set. Required 3. Found 2.
2024-01-30 07:47:59,709 [RatisPipelineUtilsThread-0] WARN  scm.SCMCommonPlacementPolicy (SCMCommonPlacementPolicy.java:filterNodesWithSpace(287)) - Unable to find enough nodes that meet the space requirement of 1073741824 bytes for metadata and 5368709120 bytes for data in healthy node set. Required 3. Found 2.
2024-01-30 07:48:00,210 [RatisPipelineUtilsThread-0] WARN  scm.SCMCommonPlacementPolicy (SCMCommonPlacementPolicy.java:filterNodesWithSpace(287)) - Unable to find enough nodes that meet the space requirement of 1073741824 bytes for metadata and 5368709120 bytes for data in healthy node set. Required 3. Found 2.
2024-01-30 07:48:00,710 [RatisPipelineUtilsThread-0] WARN  scm.SCMCommonPlacementPolicy (SCMCommonPlacementPolicy.java:filterNodesWithSpace(287)) - Unable to find enough nodes that meet the space requirement of 1073741824 bytes for metadata and 5368709120 bytes for data in healthy node set. Required 3. Found 2.
2024-01-30 07:48:00,791 [timer7] WARN  server.GrpcLogAppender (GrpcLogAppender.java:lambda$resetClient$1(217)) - ce491c53-a544-4921-9edd-2ea5f993f9d2@group-8413612DC804->d07b3c51-3354-45f5-8abc-ab9fc0487f36-GrpcLogAppender: Follower failed (request=null, errorCount=80); keep nextIndex (1) unchanged and retry. (Repeated 4 times in the last 5.000s)
2024-01-30 07:48:00,864 [timer1] WARN  server.GrpcLogAppender (LogUtils.java:warn(121)) - ce491c53-a544-4921-9edd-2ea5f993f9d2@group-8413612DC804->d07b3c51-3354-45f5-8abc-ab9fc0487f36-AppendLogResponseHandler: Failed appendEntries (Repeated 2 times in the last 5.001s): org.apache.ratis.thirdparty.io.grpc.StatusRuntimeException: UNAVAILABLE: io exception
2024-01-30 07:48:01,163 [grpc-default-executor-5] WARN  server.GrpcLogAppender (LogUtils.java:warn(121)) - ce491c53-a544-4921-9edd-2ea5f993f9d2@group-B54A4A0E8004->d07b3c51-3354-45f5-8abc-ab9fc0487f36-AppendLogResponseHandler: Failed appendEntries: org.apache.ratis.thirdparty.io.grpc.StatusRuntimeException: UNAVAILABLE: io exception
2024-01-30 07:48:01,164 [grpc-default-executor-2] WARN  server.GrpcLogAppender (GrpcLogAppender.java:lambda$resetClient$1(217)) - ce491c53-a544-4921-9edd-2ea5f993f9d2@group-B54A4A0E8004->d07b3c51-3354-45f5-8abc-ab9fc0487f36-GrpcLogAppender: Follower failed (request=null, errorCount=81); keep nextIndex (1) unchanged and retry.
2024-01-30 07:48:01,210 [RatisPipelineUtilsThread-0] WARN  scm.SCMCommonPlacementPolicy (SCMCommonPlacementPolicy.java:filterNodesWithSpace(287)) - Unable to find enough nodes that meet the space requirement of 1073741824 bytes for metadata and 5368709120 bytes for data in healthy node set. Required 3. Found 2.
2024-01-30 07:48:01,711 [RatisPipelineUtilsThread-0] WARN  scm.SCMCommonPlacementPolicy (SCMCommonPlacementPolicy.java:filterNodesWithSpace(287)) - Unable to find enough nodes that meet the space requirement of 1073741824 bytes for metadata and 5368709120 bytes for data in healthy node set. Required 3. Found 2.
2024-01-30 07:48:02,211 [RatisPipelineUtilsThread-0] WARN  scm.SCMCommonPlacementPolicy (SCMCommonPlacementPolicy.java:filterNodesWithSpace(287)) - Unable to find enough nodes that meet the space requirement of 1073741824 bytes for metadata and 5368709120 bytes for data in healthy node set. Required 3. Found 2.
2024-01-30 07:48:02,329 [grpc-default-executor-5] WARN  server.GrpcLogAppender (LogUtils.java:warn(121)) - ce491c53-a544-4921-9edd-2ea5f993f9d2@group-8413612DC804->d07b3c51-3354-45f5-8abc-ab9fc0487f36-AppendLogResponseHandler: Failed appendEntries: org.apache.ratis.thirdparty.io.grpc.StatusRuntimeException: UNAVAILABLE: io exception
2024-01-30 07:48:02,711 [RatisPipelineUtilsThread-0] WARN  scm.SCMCommonPlacementPolicy (SCMCommonPlacementPolicy.java:filterNodesWithSpace(287)) - Unable to find enough nodes that meet the space requirement of 1073741824 bytes for metadata and 5368709120 bytes for data in healthy node set. Required 3. Found 2.
2024-01-30 07:48:03,212 [RatisPipelineUtilsThread-0] WARN  scm.SCMCommonPlacementPolicy (SCMCommonPlacementPolicy.java:filterNodesWithSpace(287)) - Unable to find enough nodes that meet the space requirement of 1073741824 bytes for metadata and 5368709120 bytes for data in healthy node set. Required 3. Found 2.
2024-01-30 07:48:03,712 [RatisPipelineUtilsThread-0] WARN  scm.SCMCommonPlacementPolicy (SCMCommonPlacementPolicy.java:filterNodesWithSpace(287)) - Unable to find enough nodes that meet the space requirement of 1073741824 bytes for metadata and 5368709120 bytes for data in healthy node set. Required 3. Found 2.
2024-01-30 07:48:04,213 [RatisPipelineUtilsThread-0] WARN  scm.SCMCommonPlacementPolicy (SCMCommonPlacementPolicy.java:filterNodesWithSpace(287)) - Unable to find enough nodes that meet the space requirement of 1073741824 bytes for metadata and 5368709120 bytes for data in healthy node set. Required 3. Found 2.
2024-01-30 07:48:04,713 [RatisPipelineUtilsThread-0] WARN  scm.SCMCommonPlacementPolicy (SCMCommonPlacementPolicy.java:filterNodesWithSpace(287)) - Unable to find enough nodes that meet the space requirement of 1073741824 bytes for metadata and 5368709120 bytes for data in healthy node set. Required 3. Found 2.
2024-01-30 07:48:05,213 [RatisPipelineUtilsThread-0] WARN  scm.SCMCommonPlacementPolicy (SCMCommonPlacementPolicy.java:filterNodesWithSpace(287)) - Unable to find enough nodes that meet the space requirement of 1073741824 bytes for metadata and 5368709120 bytes for data in healthy node set. Required 3. Found 2.
2024-01-30 07:48:05,714 [RatisPipelineUtilsThread-0] WARN  scm.SCMCommonPlacementPolicy (SCMCommonPlacementPolicy.java:filterNodesWithSpace(287)) - Unable to find enough nodes that meet the space requirement of 1073741824 bytes for metadata and 5368709120 bytes for data in healthy node set. Required 3. Found 2.
2024-01-30 07:48:06,164 [timer6] WARN  server.GrpcLogAppender (LogUtils.java:warn(121)) - ce491c53-a544-4921-9edd-2ea5f993f9d2@group-B54A4A0E8004->d07b3c51-3354-45f5-8abc-ab9fc0487f36-AppendLogResponseHandler: Failed appendEntries (Repeated 4 times in the last 5.001s): org.apache.ratis.thirdparty.io.grpc.StatusRuntimeException: UNAVAILABLE: io exception
2024-01-30 07:48:06,164 [timer7] WARN  server.GrpcLogAppender (GrpcLogAppender.java:lambda$resetClient$1(217)) - ce491c53-a544-4921-9edd-2ea5f993f9d2@group-8413612DC804->d07b3c51-3354-45f5-8abc-ab9fc0487f36-GrpcLogAppender: Follower failed (request=null, errorCount=84); keep nextIndex (1) unchanged and retry. (Repeated 8 times in the last 5.001s)
2024-01-30 07:48:06,214 [RatisPipelineUtilsThread-0] WARN  scm.SCMCommonPlacementPolicy (SCMCommonPlacementPolicy.java:filterNodesWithSpace(287)) - Unable to find enough nodes that meet the space requirement of 1073741824 bytes for metadata and 5368709120 bytes for data in healthy node set. Required 3. Found 2.
2024-01-30 07:48:06,714 [RatisPipelineUtilsThread-0] WARN  scm.SCMCommonPlacementPolicy (SCMCommonPlacementPolicy.java:filterNodesWithSpace(287)) - Unable to find enough nodes that meet the space requirement of 1073741824 bytes for metadata and 5368709120 bytes for data in healthy node set. Required 3. Found 2.
2024-01-30 07:48:07,215 [RatisPipelineUtilsThread-0] WARN  scm.SCMCommonPlacementPolicy (SCMCommonPlacementPolicy.java:filterNodesWithSpace(287)) - Unable to find enough nodes that meet the space requirement of 1073741824 bytes for metadata and 5368709120 bytes for data in healthy node set. Required 3. Found 2.
2024-01-30 07:48:07,329 [timer0] WARN  server.GrpcLogAppender (LogUtils.java:warn(121)) - ce491c53-a544-4921-9edd-2ea5f993f9d2@group-8413612DC804->d07b3c51-3354-45f5-8abc-ab9fc0487f36-AppendLogResponseHandler: Failed appendEntries (Repeated 4 times in the last 5.000s): org.apache.ratis.thirdparty.io.grpc.StatusRuntimeException: UNAVAILABLE: io exception
2024-01-30 07:48:07,715 [RatisPipelineUtilsThread-0] WARN  scm.SCMCommonPlacementPolicy (SCMCommonPlacementPolicy.java:filterNodesWithSpace(287)) - Unable to find enough nodes that meet the space requirement of 1073741824 bytes for metadata and 5368709120 bytes for data in healthy node set. Required 3. Found 2.
2024-01-30 07:48:08,215 [RatisPipelineUtilsThread-0] WARN  scm.SCMCommonPlacementPolicy (SCMCommonPlacementPolicy.java:filterNodesWithSpace(287)) - Unable to find enough nodes that meet the space requirement of 1073741824 bytes for metadata and 5368709120 bytes for data in healthy node set. Required 3. Found 2.
2024-01-30 07:48:08,716 [RatisPipelineUtilsThread-0] WARN  scm.SCMCommonPlacementPolicy (SCMCommonPlacementPolicy.java:filterNodesWithSpace(287)) - Unable to find enough nodes that meet the space requirement of 1073741824 bytes for metadata and 5368709120 bytes for data in healthy node set. Required 3. Found 2.
2024-01-30 07:48:09,016 [grpc-default-executor-5] WARN  server.GrpcLogAppender (LogUtils.java:warn(121)) - ce491c53-a544-4921-9edd-2ea5f993f9d2@group-B54A4A0E8004->d07b3c51-3354-45f5-8abc-ab9fc0487f36-AppendLogResponseHandler: Failed appendEntries: org.apache.ratis.thirdparty.io.grpc.StatusRuntimeException: UNAVAILABLE: io exception
2024-01-30 07:48:09,017 [grpc-default-executor-2] WARN  server.GrpcLogAppender (GrpcLogAppender.java:lambda$resetClient$1(217)) - ce491c53-a544-4921-9edd-2ea5f993f9d2@group-B54A4A0E8004->d07b3c51-3354-45f5-8abc-ab9fc0487f36-GrpcLogAppender: Follower failed (request=null, errorCount=85); keep nextIndex (1) unchanged and retry.
2024-01-30 07:48:09,216 [RatisPipelineUtilsThread-0] WARN  scm.SCMCommonPlacementPolicy (SCMCommonPlacementPolicy.java:filterNodesWithSpace(287)) - Unable to find enough nodes that meet the space requirement of 1073741824 bytes for metadata and 5368709120 bytes for data in healthy node set. Required 3. Found 2.
2024-01-30 07:48:09,716 [RatisPipelineUtilsThread-0] WARN  scm.SCMCommonPlacementPolicy (SCMCommonPlacementPolicy.java:filterNodesWithSpace(287)) - Unable to find enough nodes that meet the space requirement of 1073741824 bytes for metadata and 5368709120 bytes for data in healthy node set. Required 3. Found 2.
2024-01-30 07:48:10,217 [RatisPipelineUtilsThread-0] WARN  scm.SCMCommonPlacementPolicy (SCMCommonPlacementPolicy.java:filterNodesWithSpace(287)) - Unable to find enough nodes that meet the space requirement of 1073741824 bytes for metadata and 5368709120 bytes for data in healthy node set. Required 3. Found 2.
2024-01-30 07:48:10,717 [RatisPipelineUtilsThread-0] WARN  scm.SCMCommonPlacementPolicy (SCMCommonPlacementPolicy.java:filterNodesWithSpace(287)) - Unable to find enough nodes that meet the space requirement of 1073741824 bytes for metadata and 5368709120 bytes for data in healthy node set. Required 3. Found 2.
2024-01-30 07:48:11,217 [RatisPipelineUtilsThread-0] WARN  scm.SCMCommonPlacementPolicy (SCMCommonPlacementPolicy.java:filterNodesWithSpace(287)) - Unable to find enough nodes that meet the space requirement of 1073741824 bytes for metadata and 5368709120 bytes for data in healthy node set. Required 3. Found 2.
2024-01-30 07:48:11,718 [RatisPipelineUtilsThread-0] WARN  scm.SCMCommonPlacementPolicy (SCMCommonPlacementPolicy.java:filterNodesWithSpace(287)) - Unable to find enough nodes that meet the space requirement of 1073741824 bytes for metadata and 5368709120 bytes for data in healthy node set. Required 3. Found 2.
2024-01-30 07:48:12,218 [RatisPipelineUtilsThread-0] WARN  scm.SCMCommonPlacementPolicy (SCMCommonPlacementPolicy.java:filterNodesWithSpace(287)) - Unable to find enough nodes that meet the space requirement of 1073741824 bytes for metadata and 5368709120 bytes for data in healthy node set. Required 3. Found 2.
2024-01-30 07:48:12,719 [RatisPipelineUtilsThread-0] WARN  scm.SCMCommonPlacementPolicy (SCMCommonPlacementPolicy.java:filterNodesWithSpace(287)) - Unable to find enough nodes that meet the space requirement of 1073741824 bytes for metadata and 5368709120 bytes for data in healthy node set. Required 3. Found 2.
2024-01-30 07:48:12,895 [grpc-default-executor-5] WARN  server.GrpcLogAppender (LogUtils.java:warn(121)) - ce491c53-a544-4921-9edd-2ea5f993f9d2@group-8413612DC804->d07b3c51-3354-45f5-8abc-ab9fc0487f36-AppendLogResponseHandler: Failed appendEntries: org.apache.ratis.thirdparty.io.grpc.StatusRuntimeException: UNAVAILABLE: io exception
2024-01-30 07:48:13,219 [RatisPipelineUtilsThread-0] WARN  scm.SCMCommonPlacementPolicy (SCMCommonPlacementPolicy.java:filterNodesWithSpace(287)) - Unable to find enough nodes that meet the space requirement of 1073741824 bytes for metadata and 5368709120 bytes for data in healthy node set. Required 3. Found 2.
2024-01-30 07:48:13,719 [RatisPipelineUtilsThread-0] WARN  scm.SCMCommonPlacementPolicy (SCMCommonPlacementPolicy.java:filterNodesWithSpace(287)) - Unable to find enough nodes that meet the space requirement of 1073741824 bytes for metadata and 5368709120 bytes for data in healthy node set. Required 3. Found 2.
2024-01-30 07:48:14,018 [timer0] WARN  server.GrpcLogAppender (LogUtils.java:warn(121)) - ce491c53-a544-4921-9edd-2ea5f993f9d2@group-B54A4A0E8004->d07b3c51-3354-45f5-8abc-ab9fc0487f36-AppendLogResponseHandler: Failed appendEntries (Repeated 4 times in the last 5.001s): org.apache.ratis.thirdparty.io.grpc.StatusRuntimeException: UNAVAILABLE: io exception
2024-01-30 07:48:14,018 [timer1] WARN  server.GrpcLogAppender (GrpcLogAppender.java:lambda$resetClient$1(217)) - ce491c53-a544-4921-9edd-2ea5f993f9d2@group-B54A4A0E8004->d07b3c51-3354-45f5-8abc-ab9fc0487f36-GrpcLogAppender: Follower failed (request=null, errorCount=88); keep nextIndex (1) unchanged and retry. (Repeated 6 times in the last 5.001s)
2024-01-30 07:48:14,220 [RatisPipelineUtilsThread-0] WARN  scm.SCMCommonPlacementPolicy (SCMCommonPlacementPolicy.java:filterNodesWithSpace(287)) - Unable to find enough nodes that meet the space requirement of 1073741824 bytes for metadata and 5368709120 bytes for data in healthy node set. Required 3. Found 2.
2024-01-30 07:48:14,720 [RatisPipelineUtilsThread-0] WARN  scm.SCMCommonPlacementPolicy (SCMCommonPlacementPolicy.java:filterNodesWithSpace(287)) - Unable to find enough nodes that meet the space requirement of 1073741824 bytes for metadata and 5368709120 bytes for data in healthy node set. Required 3. Found 2.
2024-01-30 07:48:15,220 [RatisPipelineUtilsThread-0] WARN  scm.SCMCommonPlacementPolicy (SCMCommonPlacementPolicy.java:filterNodesWithSpace(287)) - Unable to find enough nodes that meet the space requirement of 1073741824 bytes for metadata and 5368709120 bytes for data in healthy node set. Required 3. Found 2.
2024-01-30 07:48:15,721 [RatisPipelineUtilsThread-0] WARN  scm.SCMCommonPlacementPolicy (SCMCommonPlacementPolicy.java:filterNodesWithSpace(287)) - Unable to find enough nodes that meet the space requirement of 1073741824 bytes for metadata and 5368709120 bytes for data in healthy node set. Required 3. Found 2.
2024-01-30 07:48:15,906 [grpc-default-executor-2] WARN  server.GrpcLogAppender (LogUtils.java:warn(121)) - ce491c53-a544-4921-9edd-2ea5f993f9d2@group-B54A4A0E8004->d07b3c51-3354-45f5-8abc-ab9fc0487f36-AppendLogResponseHandler: Failed appendEntries: org.apache.ratis.thirdparty.io.grpc.StatusRuntimeException: UNAVAILABLE: io exception
2024-01-30 07:48:15,907 [grpc-default-executor-5] WARN  server.GrpcLogAppender (GrpcLogAppender.java:lambda$resetClient$1(217)) - ce491c53-a544-4921-9edd-2ea5f993f9d2@group-B54A4A0E8004->d07b3c51-3354-45f5-8abc-ab9fc0487f36-GrpcLogAppender: Follower failed (request=null, errorCount=89); keep nextIndex (1) unchanged and retry.
2024-01-30 07:48:16,221 [RatisPipelineUtilsThread-0] WARN  scm.SCMCommonPlacementPolicy (SCMCommonPlacementPolicy.java:filterNodesWithSpace(287)) - Unable to find enough nodes that meet the space requirement of 1073741824 bytes for metadata and 5368709120 bytes for data in healthy node set. Required 3. Found 2.
2024-01-30 07:48:16,722 [RatisPipelineUtilsThread-0] WARN  scm.SCMCommonPlacementPolicy (SCMCommonPlacementPolicy.java:filterNodesWithSpace(287)) - Unable to find enough nodes that meet the space requirement of 1073741824 bytes for metadata and 5368709120 bytes for data in healthy node set. Required 3. Found 2.
2024-01-30 07:48:17,222 [RatisPipelineUtilsThread-0] WARN  scm.SCMCommonPlacementPolicy (SCMCommonPlacementPolicy.java:filterNodesWithSpace(287)) - Unable to find enough nodes that meet the space requirement of 1073741824 bytes for metadata and 5368709120 bytes for data in healthy node set. Required 3. Found 2.
2024-01-30 07:48:17,723 [RatisPipelineUtilsThread-0] WARN  scm.SCMCommonPlacementPolicy (SCMCommonPlacementPolicy.java:filterNodesWithSpace(287)) - Unable to find enough nodes that meet the space requirement of 1073741824 bytes for metadata and 5368709120 bytes for data in healthy node set. Required 3. Found 2.
2024-01-30 07:48:17,896 [timer0] WARN  server.GrpcLogAppender (LogUtils.java:warn(121)) - ce491c53-a544-4921-9edd-2ea5f993f9d2@group-8413612DC804->d07b3c51-3354-45f5-8abc-ab9fc0487f36-AppendLogResponseHandler: Failed appendEntries (Repeated 2 times in the last 5.001s): org.apache.ratis.thirdparty.io.grpc.StatusRuntimeException: UNAVAILABLE: io exception
2024-01-30 07:48:17,914 [JvmPauseMonitor10] INFO  util.JvmPauseMonitor (JvmPauseMonitor.java:run(152)) - JvmPauseMonitor-d07b3c51-3354-45f5-8abc-ab9fc0487f36: Stopped
2024-01-30 07:48:17,914 [main] ERROR server.XceiverServerGrpc (XceiverServerGrpc.java:stop(216)) - failed to shutdown XceiverServerGrpc
java.lang.InterruptedException
	at java.lang.Object.wait(Native Method)
	at java.lang.Object.wait(Object.java:460)
	at java.util.concurrent.TimeUnit.timedWait(TimeUnit.java:348)
	at org.apache.ratis.thirdparty.io.grpc.internal.ServerImpl.awaitTermination(ServerImpl.java:312)
	at org.apache.hadoop.ozone.container.common.transport.server.XceiverServerGrpc.stop(XceiverServerGrpc.java:213)
	at org.apache.hadoop.ozone.container.ozoneimpl.OzoneContainer.stop(OzoneContainer.java:483)
	at org.apache.hadoop.ozone.container.common.statemachine.DatanodeStateMachine.close(DatanodeStateMachine.java:447)
	at org.apache.hadoop.ozone.container.common.statemachine.DatanodeStateMachine.stopDaemon(DatanodeStateMachine.java:637)
	at org.apache.hadoop.ozone.HddsDatanodeService.stop(HddsDatanodeService.java:550)
	at org.apache.hadoop.ozone.MiniOzoneClusterImpl.stopDatanode(MiniOzoneClusterImpl.java:543)
	at org.apache.hadoop.ozone.MiniOzoneClusterImpl.shutdownHddsDatanode(MiniOzoneClusterImpl.java:434)
	at org.apache.hadoop.ozone.MiniOzoneClusterImpl.shutdownHddsDatanode(MiniOzoneClusterImpl.java:439)
	at org.apache.hadoop.hdds.scm.pipeline.TestRatisPipelineCreateAndDestroy.testPipelineCreationOnNodeRestart(TestRatisPipelineCreateAndDestroy.java:134)
	at sun.reflect.NativeMethodAccessorImpl.invoke0(Native Method)
	at sun.reflect.NativeMethodAccessorImpl.invoke(NativeMethodAccessorImpl.java:62)
	at sun.reflect.DelegatingMethodAccessorImpl.invoke(DelegatingMethodAccessorImpl.java:43)
	at java.lang.reflect.Method.invoke(Method.java:498)
	at org.junit.platform.commons.util.ReflectionUtils.invokeMethod(ReflectionUtils.java:728)
	at org.junit.jupiter.engine.execution.MethodInvocation.proceed(MethodInvocation.java:60)
	at org.junit.jupiter.engine.execution.InvocationInterceptorChain$ValidatingInvocation.proceed(InvocationInterceptorChain.java:131)
	at org.junit.jupiter.engine.extension.SameThreadTimeoutInvocation.proceed(SameThreadTimeoutInvocation.java:45)
	at org.junit.jupiter.engine.extension.TimeoutExtension.intercept(TimeoutExtension.java:156)
	at org.junit.jupiter.engine.extension.TimeoutExtension.interceptTestableMethod(TimeoutExtension.java:147)
	at org.junit.jupiter.engine.extension.TimeoutExtension.interceptTestMethod(TimeoutExtension.java:86)
	at org.junit.jupiter.engine.execution.InterceptingExecutableInvoker$ReflectiveInterceptorCall.lambda$ofVoidMethod$0(InterceptingExecutableInvoker.java:103)
	at org.junit.jupiter.engine.execution.InterceptingExecutableInvoker.lambda$invoke$0(InterceptingExecutableInvoker.java:93)
	at org.junit.jupiter.engine.execution.InvocationInterceptorChain$InterceptedInvocation.proceed(InvocationInterceptorChain.java:106)
	at org.junit.jupiter.engine.execution.InvocationInterceptorChain.proceed(InvocationInterceptorChain.java:64)
	at org.junit.jupiter.engine.execution.InvocationInterceptorChain.chainAndInvoke(InvocationInterceptorChain.java:45)
	at org.junit.jupiter.engine.execution.InvocationInterceptorChain.invoke(InvocationInterceptorChain.java:37)
	at org.junit.jupiter.engine.execution.InterceptingExecutableInvoker.invoke(InterceptingExecutableInvoker.java:92)
	at org.junit.jupiter.engine.execution.InterceptingExecutableInvoker.invoke(InterceptingExecutableInvoker.java:86)
	at org.junit.jupiter.engine.descriptor.TestMethodTestDescriptor.lambda$invokeTestMethod$7(TestMethodTestDescriptor.java:218)
	at org.junit.platform.engine.support.hierarchical.ThrowableCollector.execute(ThrowableCollector.java:73)
	at org.junit.jupiter.engine.descriptor.TestMethodTestDescriptor.invokeTestMethod(TestMethodTestDescriptor.java:214)
	at org.junit.jupiter.engine.descriptor.TestMethodTestDescriptor.execute(TestMethodTestDescriptor.java:139)
	at org.junit.jupiter.engine.descriptor.TestMethodTestDescriptor.execute(TestMethodTestDescriptor.java:69)
	at org.junit.platform.engine.support.hierarchical.NodeTestTask.lambda$executeRecursively$6(NodeTestTask.java:151)
	at org.junit.platform.engine.support.hierarchical.ThrowableCollector.execute(ThrowableCollector.java:73)
	at org.junit.platform.engine.support.hierarchical.NodeTestTask.lambda$executeRecursively$8(NodeTestTask.java:141)
	at org.junit.platform.engine.support.hierarchical.Node.around(Node.java:137)
	at org.junit.platform.engine.support.hierarchical.NodeTestTask.lambda$executeRecursively$9(NodeTestTask.java:139)
	at org.junit.platform.engine.support.hierarchical.ThrowableCollector.execute(ThrowableCollector.java:73)
	at org.junit.platform.engine.support.hierarchical.NodeTestTask.executeRecursively(NodeTestTask.java:138)
	at org.junit.platform.engine.support.hierarchical.NodeTestTask.execute(NodeTestTask.java:95)
	at java.util.ArrayList.forEach(ArrayList.java:1259)
	at org.junit.platform.engine.support.hierarchical.SameThreadHierarchicalTestExecutorService.invokeAll(SameThreadHierarchicalTestExecutorService.java:41)
	at org.junit.platform.engine.support.hierarchical.NodeTestTask.lambda$executeRecursively$6(NodeTestTask.java:155)
	at org.junit.platform.engine.support.hierarchical.ThrowableCollector.execute(ThrowableCollector.java:73)
	at org.junit.platform.engine.support.hierarchical.NodeTestTask.lambda$executeRecursively$8(NodeTestTask.java:141)
	at org.junit.platform.engine.support.hierarchical.Node.around(Node.java:137)
	at org.junit.platform.engine.support.hierarchical.NodeTestTask.lambda$executeRecursively$9(NodeTestTask.java:139)
	at org.junit.platform.engine.support.hierarchical.ThrowableCollector.execute(ThrowableCollector.java:73)
	at org.junit.platform.engine.support.hierarchical.NodeTestTask.executeRecursively(NodeTestTask.java:138)
	at org.junit.platform.engine.support.hierarchical.NodeTestTask.execute(NodeTestTask.java:95)
	at java.util.ArrayList.forEach(ArrayList.java:1259)
	at org.junit.platform.engine.support.hierarchical.SameThreadHierarchicalTestExecutorService.invokeAll(SameThreadHierarchicalTestExecutorService.java:41)
	at org.junit.platform.engine.support.hierarchical.NodeTestTask.lambda$executeRecursively$6(NodeTestTask.java:155)
	at org.junit.platform.engine.support.hierarchical.ThrowableCollector.execute(ThrowableCollector.java:73)
	at org.junit.platform.engine.support.hierarchical.NodeTestTask.lambda$executeRecursively$8(NodeTestTask.java:141)
	at org.junit.platform.engine.support.hierarchical.Node.around(Node.java:137)
	at org.junit.platform.engine.support.hierarchical.NodeTestTask.lambda$executeRecursively$9(NodeTestTask.java:139)
	at org.junit.platform.engine.support.hierarchical.ThrowableCollector.execute(ThrowableCollector.java:73)
	at org.junit.platform.engine.support.hierarchical.NodeTestTask.executeRecursively(NodeTestTask.java:138)
	at org.junit.platform.engine.support.hierarchical.NodeTestTask.execute(NodeTestTask.java:95)
	at org.junit.platform.engine.support.hierarchical.SameThreadHierarchicalTestExecutorService.submit(SameThreadHierarchicalTestExecutorService.java:35)
	at org.junit.platform.engine.support.hierarchical.HierarchicalTestExecutor.execute(HierarchicalTestExecutor.java:57)
	at org.junit.platform.engine.support.hierarchical.HierarchicalTestEngine.execute(HierarchicalTestEngine.java:54)
	at org.junit.platform.launcher.core.EngineExecutionOrchestrator.execute(EngineExecutionOrchestrator.java:198)
	at org.junit.platform.launcher.core.EngineExecutionOrchestrator.execute(EngineExecutionOrchestrator.java:169)
	at org.junit.platform.launcher.core.EngineExecutionOrchestrator.execute(EngineExecutionOrchestrator.java:93)
	at org.junit.platform.launcher.core.EngineExecutionOrchestrator.lambda$execute$0(EngineExecutionOrchestrator.java:58)
	at org.junit.platform.launcher.core.EngineExecutionOrchestrator.withInterceptedStreams(EngineExecutionOrchestrator.java:141)
	at org.junit.platform.launcher.core.EngineExecutionOrchestrator.execute(EngineExecutionOrchestrator.java:57)
	at org.junit.platform.launcher.core.DefaultLauncher.execute(DefaultLauncher.java:103)
	at org.junit.platform.launcher.core.DefaultLauncher.execute(DefaultLauncher.java:85)
	at org.junit.platform.launcher.core.DelegatingLauncher.execute(DelegatingLauncher.java:47)
	at org.junit.platform.launcher.core.SessionPerRequestLauncher.execute(SessionPerRequestLauncher.java:63)
	at org.apache.maven.surefire.junitplatform.JUnitPlatformProvider.execute(JUnitPlatformProvider.java:188)
	at org.apache.maven.surefire.junitplatform.JUnitPlatformProvider.invokeAllTests(JUnitPlatformProvider.java:154)
	at org.apache.maven.surefire.junitplatform.JUnitPlatformProvider.invoke(JUnitPlatformProvider.java:124)
	at org.apache.maven.surefire.booter.ForkedBooter.runSuitesInProcess(ForkedBooter.java:428)
	at org.apache.maven.surefire.booter.ForkedBooter.execute(ForkedBooter.java:162)
	at org.apache.maven.surefire.booter.ForkedBooter.run(ForkedBooter.java:562)
	at org.apache.maven.surefire.booter.ForkedBooter.main(ForkedBooter.java:548)
2024-01-30 07:48:17,916 [main] INFO  utils.DatanodeStoreCache (DatanodeStoreCache.java:shutdownCache(116)) - Skip clearing cache in mini cluster mode. Entries left: [/home/runner/work/ozone/ozone/hadoop-ozone/integration-test/target/test-dir/MiniOzoneClusterImpl-3ad60551-d9fb-454a-addc-4d3fe7110c5e/datanode-0/data-0/containers/hdds/3ad60551-d9fb-454a-addc-4d3fe7110c5e/DS-3ec9c859-79fb-4cf7-bbba-dd21e96dc4bf/container.db, /home/runner/work/ozone/ozone/hadoop-ozone/integration-test/target/test-dir/MiniOzoneClusterImpl-3ad60551-d9fb-454a-addc-4d3fe7110c5e/datanode-1/data-0/containers/hdds/3ad60551-d9fb-454a-addc-4d3fe7110c5e/DS-d81a498e-648d-4968-b729-46474a7ab620/container.db, /home/runner/work/ozone/ozone/hadoop-ozone/integration-test/target/test-dir/MiniOzoneClusterImpl-3ad60551-d9fb-454a-addc-4d3fe7110c5e/datanode-2/data-0/containers/hdds/3ad60551-d9fb-454a-addc-4d3fe7110c5e/DS-cebcea64-9ea2-45e8-b1ad-2b817de4434f/container.db]
2024-01-30 07:48:17,918 [main] INFO  utils.DatanodeStoreCache (DatanodeStoreCache.java:removeDB(110)) - Removed db /home/runner/work/ozone/ozone/hadoop-ozone/integration-test/target/test-dir/MiniOzoneClusterImpl-3ad60551-d9fb-454a-addc-4d3fe7110c5e/datanode-0/data-0/containers/hdds/3ad60551-d9fb-454a-addc-4d3fe7110c5e/DS-3ec9c859-79fb-4cf7-bbba-dd21e96dc4bf/container.db from cache
2024-01-30 07:48:17,918 [main] INFO  volume.HddsVolume (HddsVolume.java:closeDbStore(451)) - SchemaV3 db is stopped at /home/runner/work/ozone/ozone/hadoop-ozone/integration-test/target/test-dir/MiniOzoneClusterImpl-3ad60551-d9fb-454a-addc-4d3fe7110c5e/datanode-0/data-0/containers/hdds/3ad60551-d9fb-454a-addc-4d3fe7110c5e/DS-3ec9c859-79fb-4cf7-bbba-dd21e96dc4bf/container.db for volume DS-3ec9c859-79fb-4cf7-bbba-dd21e96dc4bf
2024-01-30 07:48:17,919 [main] INFO  utils.BackgroundService (BackgroundService.java:shutdown(160)) - Shutting down service BlockDeletingService
2024-01-30 07:48:17,919 [main] INFO  utils.BackgroundService (BackgroundService.java:shutdown(160)) - Shutting down service StaleRecoveringContainerScrubbingService
2024-01-30 07:48:17,920 [main] INFO  statemachine.DatanodeStateMachine (DatanodeStateMachine.java:stopDaemon(638)) - Ozone container server stopped.
2024-01-30 07:48:17,921 [main] INFO  handler.ContextHandler (ContextHandler.java:doStop(1159)) - Stopped o.e.j.w.WebAppContext@195f96f{hddsDatanode,/,null,STOPPED}{jar:file:/home/runner/.m2/repository/org/apache/ozone/hdds-container-service/1.5.0-SNAPSHOT/hdds-container-service-1.5.0-SNAPSHOT.jar!/webapps/hddsDatanode}
2024-01-30 07:48:17,922 [main] INFO  server.AbstractConnector (AbstractConnector.java:doStop(383)) - Stopped ServerConnector@77b760b3{HTTP/1.1, (http/1.1)}{0.0.0.0:15071}
2024-01-30 07:48:17,923 [main] INFO  server.session (HouseKeeper.java:stopScavenging(149)) - node0 Stopped scavenging
2024-01-30 07:48:17,923 [main] INFO  handler.ContextHandler (ContextHandler.java:doStop(1159)) - Stopped o.e.j.s.ServletContextHandler@6edd0568{static,/static,jar:file:/home/runner/.m2/repository/org/apache/ozone/hdds-container-service/1.5.0-SNAPSHOT/hdds-container-service-1.5.0-SNAPSHOT.jar!/webapps/static,STOPPED}
2024-01-30 07:48:17,923 [main] INFO  handler.ContextHandler (ContextHandler.java:doStop(1159)) - Stopped o.e.j.s.ServletContextHandler@1cffc69b{logs,/logs,file:///home/runner/work/ozone/ozone/hadoop-ozone/integration-test/target/log,STOPPED}
2024-01-30 07:48:17,924 [main] INFO  ozone.HddsDatanodeClientProtocolServer (HddsDatanodeClientProtocolServer.java:stop(78)) - Stopping the RPC server for Client Protocol
2024-01-30 07:48:17,924 [main] INFO  ipc.Server (Server.java:stop(3523)) - Stopping server on 15072
2024-01-30 07:48:17,925 [IPC Server listener on 15072] INFO  ipc.Server (Server.java:run(1434)) - Stopping IPC Server listener on 15072
2024-01-30 07:48:17,925 [IPC Server Responder] INFO  ipc.Server (Server.java:run(1567)) - Stopping IPC Server Responder
2024-01-30 07:48:17,927 [main] INFO  ozoneimpl.OzoneContainer (OzoneContainer.java:stop(479)) - Attempting to stop container services.
2024-01-30 07:48:17,930 [grpc-default-executor-2] WARN  server.GrpcLogAppender (LogUtils.java:warn(121)) - ce491c53-a544-4921-9edd-2ea5f993f9d2@group-8413612DC804->d07b3c51-3354-45f5-8abc-ab9fc0487f36-AppendLogResponseHandler: Failed appendEntries: org.apache.ratis.thirdparty.io.grpc.StatusRuntimeException: UNAVAILABLE: io exception
2024-01-30 07:48:17,931 [main] INFO  server.RaftServer (RaftServerProxy.java:lambda$close$9(416)) - b0b6b7fd-b71c-48b9-9e8b-e03541d31df9: close
2024-01-30 07:48:17,931 [b0b6b7fd-b71c-48b9-9e8b-e03541d31df9-impl-thread2] INFO  server.RaftServer$Division (RaftServerImpl.java:lambda$close$3(526)) - b0b6b7fd-b71c-48b9-9e8b-e03541d31df9@group-8413612DC804: shutdown
2024-01-30 07:48:17,932 [b0b6b7fd-b71c-48b9-9e8b-e03541d31df9-impl-thread2] INFO  util.JmxRegister (JmxRegister.java:unregister(73)) - Successfully un-registered JMX Bean with object name Ratis:service=RaftServer,group=group-8413612DC804,id=b0b6b7fd-b71c-48b9-9e8b-e03541d31df9
2024-01-30 07:48:17,932 [b0b6b7fd-b71c-48b9-9e8b-e03541d31df9-impl-thread2] INFO  impl.RoleInfo (RoleInfo.java:shutdownFollowerState(110)) - b0b6b7fd-b71c-48b9-9e8b-e03541d31df9: shutdown b0b6b7fd-b71c-48b9-9e8b-e03541d31df9@group-8413612DC804-FollowerState
2024-01-30 07:48:17,932 [b0b6b7fd-b71c-48b9-9e8b-e03541d31df9-impl-thread3] INFO  server.RaftServer$Division (RaftServerImpl.java:lambda$close$3(526)) - b0b6b7fd-b71c-48b9-9e8b-e03541d31df9@group-4A4556F013A1: shutdown
2024-01-30 07:48:17,933 [b0b6b7fd-b71c-48b9-9e8b-e03541d31df9-impl-thread3] INFO  util.JmxRegister (JmxRegister.java:unregister(73)) - Successfully un-registered JMX Bean with object name Ratis:service=RaftServer,group=group-4A4556F013A1,id=b0b6b7fd-b71c-48b9-9e8b-e03541d31df9
2024-01-30 07:48:17,933 [b0b6b7fd-b71c-48b9-9e8b-e03541d31df9-impl-thread3] INFO  impl.RoleInfo (RoleInfo.java:shutdownLeaderState(94)) - b0b6b7fd-b71c-48b9-9e8b-e03541d31df9: shutdown b0b6b7fd-b71c-48b9-9e8b-e03541d31df9@group-4A4556F013A1-LeaderStateImpl
2024-01-30 07:48:17,933 [b0b6b7fd-b71c-48b9-9e8b-e03541d31df9-impl-thread3] INFO  impl.PendingRequests (PendingRequests.java:sendNotLeaderResponses(289)) - b0b6b7fd-b71c-48b9-9e8b-e03541d31df9@group-4A4556F013A1-PendingRequests: sendNotLeaderResponses
2024-01-30 07:48:17,934 [b0b6b7fd-b71c-48b9-9e8b-e03541d31df9-impl-thread3] INFO  impl.StateMachineUpdater (StateMachineUpdater.java:stopAndJoin(157)) - b0b6b7fd-b71c-48b9-9e8b-e03541d31df9@group-4A4556F013A1-StateMachineUpdater: set stopIndex = 0
2024-01-30 07:48:17,934 [b0b6b7fd-b71c-48b9-9e8b-e03541d31df9@group-4A4556F013A1-StateMachineUpdater] INFO  ratis.ContainerStateMachine (ContainerStateMachine.java:takeSnapshot(355)) - group-4A4556F013A1: Taking a snapshot at:(t:1, i:0) file /home/runner/work/ozone/ozone/hadoop-ozone/integration-test/target/test-dir/MiniOzoneClusterImpl-3ad60551-d9fb-454a-addc-4d3fe7110c5e/datanode-1/data/ratis/2b0366bc-aacd-4951-b5a6-4a4556f013a1/sm/snapshot.1_0
2024-01-30 07:48:17,934 [b0b6b7fd-b71c-48b9-9e8b-e03541d31df9@group-8413612DC804-FollowerState] INFO  impl.FollowerState (FollowerState.java:run(152)) - b0b6b7fd-b71c-48b9-9e8b-e03541d31df9@group-8413612DC804-FollowerState was interrupted
2024-01-30 07:48:17,934 [b0b6b7fd-b71c-48b9-9e8b-e03541d31df9-impl-thread4] INFO  server.RaftServer$Division (RaftServerImpl.java:lambda$close$3(526)) - b0b6b7fd-b71c-48b9-9e8b-e03541d31df9@group-B54A4A0E8004: shutdown
2024-01-30 07:48:17,934 [b0b6b7fd-b71c-48b9-9e8b-e03541d31df9@group-8413612DC804-StateMachineUpdater] INFO  ratis.ContainerStateMachine (ContainerStateMachine.java:takeSnapshot(355)) - group-8413612DC804: Taking a snapshot at:(t:2, i:0) file /home/runner/work/ozone/ozone/hadoop-ozone/integration-test/target/test-dir/MiniOzoneClusterImpl-3ad60551-d9fb-454a-addc-4d3fe7110c5e/datanode-1/data/ratis/b883a5cd-8b38-43ed-a331-8413612dc804/sm/snapshot.2_0
2024-01-30 07:48:17,934 [main] INFO  server.GrpcService (GrpcService.java:closeImpl(311)) - b0b6b7fd-b71c-48b9-9e8b-e03541d31df9: shutdown server org.apache.ratis.grpc.server.GrpcClientProtocolService now
2024-01-30 07:48:17,934 [b0b6b7fd-b71c-48b9-9e8b-e03541d31df9-impl-thread2] INFO  impl.StateMachineUpdater (StateMachineUpdater.java:stopAndJoin(157)) - b0b6b7fd-b71c-48b9-9e8b-e03541d31df9@group-8413612DC804-StateMachineUpdater: set stopIndex = 0
2024-01-30 07:48:17,935 [b0b6b7fd-b71c-48b9-9e8b-e03541d31df9@group-4A4556F013A1-StateMachineUpdater] INFO  ratis.ContainerStateMachine (ContainerStateMachine.java:takeSnapshot(366)) - group-4A4556F013A1: Finished taking a snapshot at:(t:1, i:0) file:/home/runner/work/ozone/ozone/hadoop-ozone/integration-test/target/test-dir/MiniOzoneClusterImpl-3ad60551-d9fb-454a-addc-4d3fe7110c5e/datanode-1/data/ratis/2b0366bc-aacd-4951-b5a6-4a4556f013a1/sm/snapshot.1_0 took: 2 ms
2024-01-30 07:48:17,935 [b0b6b7fd-b71c-48b9-9e8b-e03541d31df9-impl-thread4] INFO  util.JmxRegister (JmxRegister.java:unregister(73)) - Successfully un-registered JMX Bean with object name Ratis:service=RaftServer,group=group-B54A4A0E8004,id=b0b6b7fd-b71c-48b9-9e8b-e03541d31df9
2024-01-30 07:48:17,936 [b0b6b7fd-b71c-48b9-9e8b-e03541d31df9-impl-thread4] INFO  impl.RoleInfo (RoleInfo.java:shutdownFollowerState(110)) - b0b6b7fd-b71c-48b9-9e8b-e03541d31df9: shutdown b0b6b7fd-b71c-48b9-9e8b-e03541d31df9@group-B54A4A0E8004-FollowerState
2024-01-30 07:48:17,936 [b0b6b7fd-b71c-48b9-9e8b-e03541d31df9@group-4A4556F013A1-StateMachineUpdater] INFO  impl.StateMachineUpdater (StateMachineUpdater.java:takeSnapshot(295)) - b0b6b7fd-b71c-48b9-9e8b-e03541d31df9@group-4A4556F013A1-StateMachineUpdater: Took a snapshot at index 0
2024-01-30 07:48:17,936 [b0b6b7fd-b71c-48b9-9e8b-e03541d31df9@group-4A4556F013A1-StateMachineUpdater] INFO  impl.StateMachineUpdater (StateMachineUpdater.java:lambda$new$0(98)) - b0b6b7fd-b71c-48b9-9e8b-e03541d31df9@group-4A4556F013A1-StateMachineUpdater: snapshotIndex: updateIncreasingly -1 -> 0
2024-01-30 07:48:17,936 [b0b6b7fd-b71c-48b9-9e8b-e03541d31df9@group-8413612DC804-StateMachineUpdater] INFO  ratis.ContainerStateMachine (ContainerStateMachine.java:takeSnapshot(366)) - group-8413612DC804: Finished taking a snapshot at:(t:2, i:0) file:/home/runner/work/ozone/ozone/hadoop-ozone/integration-test/target/test-dir/MiniOzoneClusterImpl-3ad60551-d9fb-454a-addc-4d3fe7110c5e/datanode-1/data/ratis/b883a5cd-8b38-43ed-a331-8413612dc804/sm/snapshot.2_0 took: 1 ms
2024-01-30 07:48:17,936 [b0b6b7fd-b71c-48b9-9e8b-e03541d31df9-impl-thread3] INFO  server.RaftServer$Division (ServerState.java:close(427)) - b0b6b7fd-b71c-48b9-9e8b-e03541d31df9@group-4A4556F013A1: applyIndex: 0
2024-01-30 07:48:17,936 [b0b6b7fd-b71c-48b9-9e8b-e03541d31df9@group-8413612DC804-StateMachineUpdater] INFO  impl.StateMachineUpdater (StateMachineUpdater.java:takeSnapshot(295)) - b0b6b7fd-b71c-48b9-9e8b-e03541d31df9@group-8413612DC804-StateMachineUpdater: Took a snapshot at index 0
2024-01-30 07:48:17,936 [b0b6b7fd-b71c-48b9-9e8b-e03541d31df9@group-8413612DC804-StateMachineUpdater] INFO  impl.StateMachineUpdater (StateMachineUpdater.java:lambda$new$0(98)) - b0b6b7fd-b71c-48b9-9e8b-e03541d31df9@group-8413612DC804-StateMachineUpdater: snapshotIndex: updateIncreasingly -1 -> 0
2024-01-30 07:48:17,936 [b0b6b7fd-b71c-48b9-9e8b-e03541d31df9-impl-thread2] INFO  server.RaftServer$Division (ServerState.java:close(427)) - b0b6b7fd-b71c-48b9-9e8b-e03541d31df9@group-8413612DC804: applyIndex: 0
2024-01-30 07:48:17,938 [main] INFO  server.GrpcService (GrpcService.java:closeImpl(320)) - b0b6b7fd-b71c-48b9-9e8b-e03541d31df9: shutdown server org.apache.ratis.grpc.server.GrpcClientProtocolService successfully
2024-01-30 07:48:17,938 [main] INFO  server.GrpcService (GrpcService.java:closeImpl(311)) - b0b6b7fd-b71c-48b9-9e8b-e03541d31df9: shutdown server GrpcServerProtocolService now
2024-01-30 07:48:17,939 [grpc-default-executor-5] WARN  server.GrpcServerProtocolService (LogUtils.java:warn(121)) - b0b6b7fd-b71c-48b9-9e8b-e03541d31df9: APPEND_ENTRIES onError, lastRequest: ce491c53-a544-4921-9edd-2ea5f993f9d2->b0b6b7fd-b71c-48b9-9e8b-e03541d31df9#1-t1,previous=(t:0, i:0),leaderCommit=-1,initializing? false,entries: size=1, first=(t:1, i:0), CONFIGURATIONENTRY(current:id: "d07b3c51-3354-45f5-8abc-ab9fc0487f36"
address: "10.1.0.48:15076"
dataStreamAddress: "10.1.0.48:15077"
clientAddress: "10.1.0.48:15074"
adminAddress: "10.1.0.48:15075"
startupRole: FOLLOWER
,id: "ce491c53-a544-4921-9edd-2ea5f993f9d2"
address: "10.1.0.48:15094"
priority: 1
dataStreamAddress: "10.1.0.48:15095"
clientAddress: "10.1.0.48:15092"
adminAddress: "10.1.0.48:15093"
startupRole: FOLLOWER
,id: "b0b6b7fd-b71c-48b9-9e8b-e03541d31df9"
address: "10.1.0.48:15085"
dataStreamAddress: "10.1.0.48:15086"
clientAddress: "10.1.0.48:15083"
adminAddress: "10.1.0.48:15084"
startupRole: FOLLOWER
, old:): org.apache.ratis.thirdparty.io.grpc.StatusRuntimeException: CANCELLED: client cancelled
2024-01-30 07:48:17,941 [b0b6b7fd-b71c-48b9-9e8b-e03541d31df9@group-8413612DC804-cacheEviction-AwaitToRun] INFO  util.AwaitToRun (AwaitToRun.java:run(49)) - b0b6b7fd-b71c-48b9-9e8b-e03541d31df9@group-8413612DC804-cacheEviction-AwaitToRun-AwaitForSignal is interrupted
2024-01-30 07:48:17,941 [b0b6b7fd-b71c-48b9-9e8b-e03541d31df9@group-4A4556F013A1-cacheEviction-AwaitToRun] INFO  util.AwaitToRun (AwaitToRun.java:run(49)) - b0b6b7fd-b71c-48b9-9e8b-e03541d31df9@group-4A4556F013A1-cacheEviction-AwaitToRun-AwaitForSignal is interrupted
2024-01-30 07:48:17,941 [b0b6b7fd-b71c-48b9-9e8b-e03541d31df9-impl-thread4] INFO  impl.StateMachineUpdater (StateMachineUpdater.java:stopAndJoin(157)) - b0b6b7fd-b71c-48b9-9e8b-e03541d31df9@group-B54A4A0E8004-StateMachineUpdater: set stopIndex = 0
2024-01-30 07:48:17,941 [b0b6b7fd-b71c-48b9-9e8b-e03541d31df9@group-B54A4A0E8004-FollowerState] INFO  impl.FollowerState (FollowerState.java:run(152)) - b0b6b7fd-b71c-48b9-9e8b-e03541d31df9@group-B54A4A0E8004-FollowerState was interrupted
2024-01-30 07:48:17,942 [b0b6b7fd-b71c-48b9-9e8b-e03541d31df9@group-B54A4A0E8004-StateMachineUpdater] INFO  ratis.ContainerStateMachine (ContainerStateMachine.java:takeSnapshot(355)) - group-B54A4A0E8004: Taking a snapshot at:(t:1, i:0) file /home/runner/work/ozone/ozone/hadoop-ozone/integration-test/target/test-dir/MiniOzoneClusterImpl-3ad60551-d9fb-454a-addc-4d3fe7110c5e/datanode-1/data/ratis/ae1c78c0-4138-490c-8fb7-b54a4a0e8004/sm/snapshot.1_0
2024-01-30 07:48:17,942 [b0b6b7fd-b71c-48b9-9e8b-e03541d31df9@group-B54A4A0E8004-StateMachineUpdater] INFO  ratis.ContainerStateMachine (ContainerStateMachine.java:takeSnapshot(366)) - group-B54A4A0E8004: Finished taking a snapshot at:(t:1, i:0) file:/home/runner/work/ozone/ozone/hadoop-ozone/integration-test/target/test-dir/MiniOzoneClusterImpl-3ad60551-d9fb-454a-addc-4d3fe7110c5e/datanode-1/data/ratis/ae1c78c0-4138-490c-8fb7-b54a4a0e8004/sm/snapshot.1_0 took: 1 ms
2024-01-30 07:48:17,942 [b0b6b7fd-b71c-48b9-9e8b-e03541d31df9@group-B54A4A0E8004-StateMachineUpdater] INFO  impl.StateMachineUpdater (StateMachineUpdater.java:takeSnapshot(295)) - b0b6b7fd-b71c-48b9-9e8b-e03541d31df9@group-B54A4A0E8004-StateMachineUpdater: Took a snapshot at index 0
2024-01-30 07:48:17,942 [b0b6b7fd-b71c-48b9-9e8b-e03541d31df9@group-B54A4A0E8004-StateMachineUpdater] INFO  impl.StateMachineUpdater (StateMachineUpdater.java:lambda$new$0(98)) - b0b6b7fd-b71c-48b9-9e8b-e03541d31df9@group-B54A4A0E8004-StateMachineUpdater: snapshotIndex: updateIncreasingly -1 -> 0
2024-01-30 07:48:17,942 [b0b6b7fd-b71c-48b9-9e8b-e03541d31df9-impl-thread4] INFO  server.RaftServer$Division (ServerState.java:close(427)) - b0b6b7fd-b71c-48b9-9e8b-e03541d31df9@group-B54A4A0E8004: applyIndex: 0
2024-01-30 07:48:17,952 [grpc-default-executor-7] WARN  server.GrpcLogAppender (LogUtils.java:warn(121)) - ce491c53-a544-4921-9edd-2ea5f993f9d2@group-B54A4A0E8004->b0b6b7fd-b71c-48b9-9e8b-e03541d31df9-AppendLogResponseHandler: Failed appendEntries: org.apache.ratis.thirdparty.io.grpc.StatusRuntimeException: CANCELLED: RST_STREAM closed stream. HTTP/2 error code: CANCEL
2024-01-30 07:48:17,952 [grpc-default-executor-7] WARN  server.GrpcLogAppender (GrpcLogAppender.java:lambda$resetClient$1(217)) - ce491c53-a544-4921-9edd-2ea5f993f9d2@group-B54A4A0E8004->b0b6b7fd-b71c-48b9-9e8b-e03541d31df9-GrpcLogAppender: Follower failed (request=null, errorCount=1); keep nextIndex (1) unchanged and retry.
2024-01-30 07:48:17,952 [grpc-default-executor-5] WARN  server.GrpcLogAppender (LogUtils.java:warn(121)) - ce491c53-a544-4921-9edd-2ea5f993f9d2@group-8413612DC804->b0b6b7fd-b71c-48b9-9e8b-e03541d31df9-AppendLogResponseHandler: Failed appendEntries: org.apache.ratis.thirdparty.io.grpc.StatusRuntimeException: CANCELLED: RST_STREAM closed stream. HTTP/2 error code: CANCEL
2024-01-30 07:48:17,953 [main] INFO  server.GrpcService (GrpcService.java:closeImpl(320)) - b0b6b7fd-b71c-48b9-9e8b-e03541d31df9: shutdown server GrpcServerProtocolService successfully
2024-01-30 07:48:17,953 [main] INFO  server.GrpcService (GrpcService.java:closeImpl(311)) - b0b6b7fd-b71c-48b9-9e8b-e03541d31df9: shutdown server org.apache.ratis.grpc.server.GrpcAdminProtocolService now
2024-01-30 07:48:17,954 [grpc-default-executor-8] WARN  server.GrpcServerProtocolService (LogUtils.java:warn(121)) - b0b6b7fd-b71c-48b9-9e8b-e03541d31df9: APPEND_ENTRIES onError, lastRequest: null: org.apache.ratis.thirdparty.io.grpc.StatusRuntimeException: CANCELLED: client cancelled
2024-01-30 07:48:17,954 [b0b6b7fd-b71c-48b9-9e8b-e03541d31df9@group-B54A4A0E8004-cacheEviction-AwaitToRun] INFO  util.AwaitToRun (AwaitToRun.java:run(49)) - b0b6b7fd-b71c-48b9-9e8b-e03541d31df9@group-B54A4A0E8004-cacheEviction-AwaitToRun-AwaitForSignal is interrupted
2024-01-30 07:48:17,954 [grpc-default-executor-6] WARN  server.GrpcServerProtocolService (LogUtils.java:warn(121)) - b0b6b7fd-b71c-48b9-9e8b-e03541d31df9: APPEND_ENTRIES onError, lastRequest: null: org.apache.ratis.thirdparty.io.grpc.StatusRuntimeException: CANCELLED: client cancelled
2024-01-30 07:48:17,959 [grpc-default-executor-2] WARN  server.GrpcServerProtocolService (LogUtils.java:warn(121)) - b0b6b7fd-b71c-48b9-9e8b-e03541d31df9: APPEND_ENTRIES onError, lastRequest: ce491c53-a544-4921-9edd-2ea5f993f9d2->b0b6b7fd-b71c-48b9-9e8b-e03541d31df9#1-t2,previous=(t:0, i:0),leaderCommit=-1,initializing? false,entries: size=1, first=(t:2, i:0), CONFIGURATIONENTRY(current:id: "d07b3c51-3354-45f5-8abc-ab9fc0487f36"
address: "10.1.0.48:15076"
priority: 1
dataStreamAddress: "10.1.0.48:15077"
clientAddress: "10.1.0.48:15074"
adminAddress: "10.1.0.48:15075"
startupRole: FOLLOWER
,id: "ce491c53-a544-4921-9edd-2ea5f993f9d2"
address: "10.1.0.48:15094"
dataStreamAddress: "10.1.0.48:15095"
clientAddress: "10.1.0.48:15092"
adminAddress: "10.1.0.48:15093"
startupRole: FOLLOWER
,id: "b0b6b7fd-b71c-48b9-9e8b-e03541d31df9"
address: "10.1.0.48:15085"
dataStreamAddress: "10.1.0.48:15086"
clientAddress: "10.1.0.48:15083"
adminAddress: "10.1.0.48:15084"
startupRole: FOLLOWER
, old:): org.apache.ratis.thirdparty.io.grpc.StatusRuntimeException: CANCELLED: client cancelled
2024-01-30 07:48:17,960 [main] INFO  server.GrpcService (GrpcService.java:closeImpl(320)) - b0b6b7fd-b71c-48b9-9e8b-e03541d31df9: shutdown server org.apache.ratis.grpc.server.GrpcAdminProtocolService successfully
2024-01-30 07:48:17,962 [b0b6b7fd-b71c-48b9-9e8b-e03541d31df9-NettyServerStreamRpc-bossGroup--thread1] INFO  logging.LoggingHandler (AbstractInternalLogger.java:log(148)) - [id: 0x0805922b, L:/0.0.0.0:15086] CLOSE
2024-01-30 07:48:17,962 [b0b6b7fd-b71c-48b9-9e8b-e03541d31df9-NettyServerStreamRpc-bossGroup--thread1] INFO  logging.LoggingHandler (AbstractInternalLogger.java:log(148)) - [id: 0x0805922b, L:/0.0.0.0:15086] INACTIVE
2024-01-30 07:48:17,963 [b0b6b7fd-b71c-48b9-9e8b-e03541d31df9-NettyServerStreamRpc-bossGroup--thread1] INFO  logging.LoggingHandler (AbstractInternalLogger.java:log(148)) - [id: 0x0805922b, L:/0.0.0.0:15086] UNREGISTERED
2024-01-30 07:48:18,053 [b0b6b7fd-b71c-48b9-9e8b-e03541d31df9-impl-thread4] INFO  segmented.SegmentedRaftLogWorker (SegmentedRaftLogWorker.java:close(245)) - b0b6b7fd-b71c-48b9-9e8b-e03541d31df9@group-B54A4A0E8004-SegmentedRaftLogWorker close()
2024-01-30 07:48:18,117 [b0b6b7fd-b71c-48b9-9e8b-e03541d31df9-impl-thread3] INFO  segmented.SegmentedRaftLogWorker (SegmentedRaftLogWorker.java:close(245)) - b0b6b7fd-b71c-48b9-9e8b-e03541d31df9@group-4A4556F013A1-SegmentedRaftLogWorker close()
2024-01-30 07:48:18,223 [RatisPipelineUtilsThread-0] WARN  scm.SCMCommonPlacementPolicy (SCMCommonPlacementPolicy.java:filterNodesWithSpace(287)) - Unable to find enough nodes that meet the space requirement of 1073741824 bytes for metadata and 5368709120 bytes for data in healthy node set. Required 3. Found 2.
2024-01-30 07:48:18,223 [b0b6b7fd-b71c-48b9-9e8b-e03541d31df9-impl-thread2] INFO  segmented.SegmentedRaftLogWorker (SegmentedRaftLogWorker.java:close(245)) - b0b6b7fd-b71c-48b9-9e8b-e03541d31df9@group-8413612DC804-SegmentedRaftLogWorker close()
2024-01-30 07:48:18,224 [JvmPauseMonitor11] INFO  util.JvmPauseMonitor (JvmPauseMonitor.java:run(152)) - JvmPauseMonitor-b0b6b7fd-b71c-48b9-9e8b-e03541d31df9: Stopped
2024-01-30 07:48:18,724 [RatisPipelineUtilsThread-0] WARN  scm.SCMCommonPlacementPolicy (SCMCommonPlacementPolicy.java:filterNodesWithSpace(287)) - Unable to find enough nodes that meet the space requirement of 1073741824 bytes for metadata and 5368709120 bytes for data in healthy node set. Required 3. Found 2.
2024-01-30 07:48:19,224 [RatisPipelineUtilsThread-0] WARN  scm.SCMCommonPlacementPolicy (SCMCommonPlacementPolicy.java:filterNodesWithSpace(287)) - Unable to find enough nodes that meet the space requirement of 1073741824 bytes for metadata and 5368709120 bytes for data in healthy node set. Required 3. Found 2.
2024-01-30 07:48:19,724 [RatisPipelineUtilsThread-0] WARN  scm.SCMCommonPlacementPolicy (SCMCommonPlacementPolicy.java:filterNodesWithSpace(287)) - Unable to find enough nodes that meet the space requirement of 1073741824 bytes for metadata and 5368709120 bytes for data in healthy node set. Required 3. Found 2.
2024-01-30 07:48:20,225 [RatisPipelineUtilsThread-0] WARN  scm.SCMCommonPlacementPolicy (SCMCommonPlacementPolicy.java:filterNodesWithSpace(287)) - Unable to find enough nodes that meet the space requirement of 1073741824 bytes for metadata and 5368709120 bytes for data in healthy node set. Required 3. Found 2.
2024-01-30 07:48:20,227 [main] INFO  utils.DatanodeStoreCache (DatanodeStoreCache.java:shutdownCache(116)) - Skip clearing cache in mini cluster mode. Entries left: [/home/runner/work/ozone/ozone/hadoop-ozone/integration-test/target/test-dir/MiniOzoneClusterImpl-3ad60551-d9fb-454a-addc-4d3fe7110c5e/datanode-1/data-0/containers/hdds/3ad60551-d9fb-454a-addc-4d3fe7110c5e/DS-d81a498e-648d-4968-b729-46474a7ab620/container.db, /home/runner/work/ozone/ozone/hadoop-ozone/integration-test/target/test-dir/MiniOzoneClusterImpl-3ad60551-d9fb-454a-addc-4d3fe7110c5e/datanode-2/data-0/containers/hdds/3ad60551-d9fb-454a-addc-4d3fe7110c5e/DS-cebcea64-9ea2-45e8-b1ad-2b817de4434f/container.db]
2024-01-30 07:48:20,228 [main] INFO  utils.DatanodeStoreCache (DatanodeStoreCache.java:removeDB(110)) - Removed db /home/runner/work/ozone/ozone/hadoop-ozone/integration-test/target/test-dir/MiniOzoneClusterImpl-3ad60551-d9fb-454a-addc-4d3fe7110c5e/datanode-1/data-0/containers/hdds/3ad60551-d9fb-454a-addc-4d3fe7110c5e/DS-d81a498e-648d-4968-b729-46474a7ab620/container.db from cache
2024-01-30 07:48:20,228 [main] INFO  volume.HddsVolume (HddsVolume.java:closeDbStore(451)) - SchemaV3 db is stopped at /home/runner/work/ozone/ozone/hadoop-ozone/integration-test/target/test-dir/MiniOzoneClusterImpl-3ad60551-d9fb-454a-addc-4d3fe7110c5e/datanode-1/data-0/containers/hdds/3ad60551-d9fb-454a-addc-4d3fe7110c5e/DS-d81a498e-648d-4968-b729-46474a7ab620/container.db for volume DS-d81a498e-648d-4968-b729-46474a7ab620
2024-01-30 07:48:20,229 [main] INFO  utils.BackgroundService (BackgroundService.java:shutdown(160)) - Shutting down service BlockDeletingService
2024-01-30 07:48:20,229 [main] INFO  utils.BackgroundService (BackgroundService.java:shutdown(160)) - Shutting down service StaleRecoveringContainerScrubbingService
2024-01-30 07:48:20,230 [main] INFO  statemachine.DatanodeStateMachine (DatanodeStateMachine.java:stopDaemon(638)) - Ozone container server stopped.
2024-01-30 07:48:20,230 [main] INFO  handler.ContextHandler (ContextHandler.java:doStop(1159)) - Stopped o.e.j.w.WebAppContext@18f6525d{hddsDatanode,/,null,STOPPED}{jar:file:/home/runner/.m2/repository/org/apache/ozone/hdds-container-service/1.5.0-SNAPSHOT/hdds-container-service-1.5.0-SNAPSHOT.jar!/webapps/hddsDatanode}
2024-01-30 07:48:20,231 [main] INFO  server.AbstractConnector (AbstractConnector.java:doStop(383)) - Stopped ServerConnector@52d41aa7{HTTP/1.1, (http/1.1)}{0.0.0.0:15080}
2024-01-30 07:48:20,231 [main] INFO  server.session (HouseKeeper.java:stopScavenging(149)) - node0 Stopped scavenging
2024-01-30 07:48:20,231 [main] INFO  handler.ContextHandler (ContextHandler.java:doStop(1159)) - Stopped o.e.j.s.ServletContextHandler@531e9c96{static,/static,jar:file:/home/runner/.m2/repository/org/apache/ozone/hdds-container-service/1.5.0-SNAPSHOT/hdds-container-service-1.5.0-SNAPSHOT.jar!/webapps/static,STOPPED}
2024-01-30 07:48:20,231 [main] INFO  handler.ContextHandler (ContextHandler.java:doStop(1159)) - Stopped o.e.j.s.ServletContextHandler@1c4b9878{logs,/logs,file:///home/runner/work/ozone/ozone/hadoop-ozone/integration-test/target/log,STOPPED}
2024-01-30 07:48:20,232 [main] INFO  ozone.HddsDatanodeClientProtocolServer (HddsDatanodeClientProtocolServer.java:stop(78)) - Stopping the RPC server for Client Protocol
2024-01-30 07:48:20,232 [main] INFO  ipc.Server (Server.java:stop(3523)) - Stopping server on 15081
2024-01-30 07:48:20,233 [IPC Server Responder] INFO  ipc.Server (Server.java:run(1567)) - Stopping IPC Server Responder
2024-01-30 07:48:20,233 [IPC Server listener on 15081] INFO  ipc.Server (Server.java:run(1434)) - Stopping IPC Server listener on 15081
2024-01-30 07:48:20,235 [main] INFO  ozoneimpl.OzoneContainer (OzoneContainer.java:stop(479)) - Attempting to stop container services.
2024-01-30 07:48:20,236 [main] INFO  server.RaftServer (RaftServerProxy.java:lambda$close$9(416)) - ce491c53-a544-4921-9edd-2ea5f993f9d2: close
2024-01-30 07:48:20,236 [ce491c53-a544-4921-9edd-2ea5f993f9d2-impl-thread2] INFO  server.RaftServer$Division (RaftServerImpl.java:lambda$close$3(526)) - ce491c53-a544-4921-9edd-2ea5f993f9d2@group-8413612DC804: shutdown
2024-01-30 07:48:20,236 [ce491c53-a544-4921-9edd-2ea5f993f9d2-impl-thread3] INFO  server.RaftServer$Division (RaftServerImpl.java:lambda$close$3(526)) - ce491c53-a544-4921-9edd-2ea5f993f9d2@group-26F132A0CE79: shutdown
2024-01-30 07:48:20,236 [ce491c53-a544-4921-9edd-2ea5f993f9d2-impl-thread3] INFO  util.JmxRegister (JmxRegister.java:unregister(73)) - Successfully un-registered JMX Bean with object name Ratis:service=RaftServer,group=group-26F132A0CE79,id=ce491c53-a544-4921-9edd-2ea5f993f9d2
2024-01-30 07:48:20,236 [ce491c53-a544-4921-9edd-2ea5f993f9d2-impl-thread3] INFO  impl.RoleInfo (RoleInfo.java:shutdownLeaderState(94)) - ce491c53-a544-4921-9edd-2ea5f993f9d2: shutdown ce491c53-a544-4921-9edd-2ea5f993f9d2@group-26F132A0CE79-LeaderStateImpl
2024-01-30 07:48:20,236 [ce491c53-a544-4921-9edd-2ea5f993f9d2-impl-thread2] INFO  util.JmxRegister (JmxRegister.java:unregister(73)) - Successfully un-registered JMX Bean with object name Ratis:service=RaftServer,group=group-8413612DC804,id=ce491c53-a544-4921-9edd-2ea5f993f9d2
2024-01-30 07:48:20,237 [main] INFO  server.GrpcService (GrpcService.java:closeImpl(311)) - ce491c53-a544-4921-9edd-2ea5f993f9d2: shutdown server org.apache.ratis.grpc.server.GrpcClientProtocolService now
2024-01-30 07:48:20,237 [ce491c53-a544-4921-9edd-2ea5f993f9d2-impl-thread2] INFO  impl.RoleInfo (RoleInfo.java:shutdownLeaderState(94)) - ce491c53-a544-4921-9edd-2ea5f993f9d2: shutdown ce491c53-a544-4921-9edd-2ea5f993f9d2@group-8413612DC804-LeaderStateImpl
2024-01-30 07:48:20,237 [ce491c53-a544-4921-9edd-2ea5f993f9d2-impl-thread4] INFO  server.RaftServer$Division (RaftServerImpl.java:lambda$close$3(526)) - ce491c53-a544-4921-9edd-2ea5f993f9d2@group-B54A4A0E8004: shutdown
2024-01-30 07:48:20,237 [ce491c53-a544-4921-9edd-2ea5f993f9d2-impl-thread4] INFO  util.JmxRegister (JmxRegister.java:unregister(73)) - Successfully un-registered JMX Bean with object name Ratis:service=RaftServer,group=group-B54A4A0E8004,id=ce491c53-a544-4921-9edd-2ea5f993f9d2
2024-01-30 07:48:20,237 [ce491c53-a544-4921-9edd-2ea5f993f9d2-impl-thread4] INFO  impl.RoleInfo (RoleInfo.java:shutdownLeaderState(94)) - ce491c53-a544-4921-9edd-2ea5f993f9d2: shutdown ce491c53-a544-4921-9edd-2ea5f993f9d2@group-B54A4A0E8004-LeaderStateImpl
2024-01-30 07:48:20,237 [ce491c53-a544-4921-9edd-2ea5f993f9d2-impl-thread3] INFO  impl.PendingRequests (PendingRequests.java:sendNotLeaderResponses(289)) - ce491c53-a544-4921-9edd-2ea5f993f9d2@group-26F132A0CE79-PendingRequests: sendNotLeaderResponses
2024-01-30 07:48:20,237 [ce491c53-a544-4921-9edd-2ea5f993f9d2-impl-thread2] INFO  impl.PendingRequests (PendingRequests.java:sendNotLeaderResponses(289)) - ce491c53-a544-4921-9edd-2ea5f993f9d2@group-8413612DC804-PendingRequests: sendNotLeaderResponses
2024-01-30 07:48:20,237 [ce491c53-a544-4921-9edd-2ea5f993f9d2-impl-thread3] INFO  impl.StateMachineUpdater (StateMachineUpdater.java:stopAndJoin(157)) - ce491c53-a544-4921-9edd-2ea5f993f9d2@group-26F132A0CE79-StateMachineUpdater: set stopIndex = 0
2024-01-30 07:48:20,238 [ce491c53-a544-4921-9edd-2ea5f993f9d2@group-8413612DC804->d07b3c51-3354-45f5-8abc-ab9fc0487f36-GrpcLogAppender-LogAppenderDaemon] WARN  server.GrpcLogAppender (GrpcLogAppender.java:mayWait(289)) - ce491c53-a544-4921-9edd-2ea5f993f9d2@group-8413612DC804->d07b3c51-3354-45f5-8abc-ab9fc0487f36-GrpcLogAppender: Wait interrupted by java.lang.InterruptedException
2024-01-30 07:48:20,238 [ce491c53-a544-4921-9edd-2ea5f993f9d2-impl-thread4] INFO  impl.PendingRequests (PendingRequests.java:sendNotLeaderResponses(289)) - ce491c53-a544-4921-9edd-2ea5f993f9d2@group-B54A4A0E8004-PendingRequests: sendNotLeaderResponses
2024-01-30 07:48:20,238 [ce491c53-a544-4921-9edd-2ea5f993f9d2@group-26F132A0CE79-StateMachineUpdater] INFO  ratis.ContainerStateMachine (ContainerStateMachine.java:takeSnapshot(355)) - group-26F132A0CE79: Taking a snapshot at:(t:1, i:0) file /home/runner/work/ozone/ozone/hadoop-ozone/integration-test/target/test-dir/MiniOzoneClusterImpl-3ad60551-d9fb-454a-addc-4d3fe7110c5e/datanode-2/data/ratis/3c575aa8-ab60-4dab-9b78-26f132a0ce79/sm/snapshot.1_0
2024-01-30 07:48:20,238 [ce491c53-a544-4921-9edd-2ea5f993f9d2@group-B54A4A0E8004->d07b3c51-3354-45f5-8abc-ab9fc0487f36-GrpcLogAppender-LogAppenderDaemon] WARN  server.GrpcLogAppender (GrpcLogAppender.java:mayWait(289)) - ce491c53-a544-4921-9edd-2ea5f993f9d2@group-B54A4A0E8004->d07b3c51-3354-45f5-8abc-ab9fc0487f36-GrpcLogAppender: Wait interrupted by java.lang.InterruptedException
2024-01-30 07:48:20,238 [ce491c53-a544-4921-9edd-2ea5f993f9d2@group-B54A4A0E8004->b0b6b7fd-b71c-48b9-9e8b-e03541d31df9-GrpcLogAppender-LogAppenderDaemon] WARN  server.GrpcLogAppender (GrpcLogAppender.java:mayWait(289)) - ce491c53-a544-4921-9edd-2ea5f993f9d2@group-B54A4A0E8004->b0b6b7fd-b71c-48b9-9e8b-e03541d31df9-GrpcLogAppender: Wait interrupted by java.lang.InterruptedException
2024-01-30 07:48:20,239 [ce491c53-a544-4921-9edd-2ea5f993f9d2@group-26F132A0CE79-StateMachineUpdater] INFO  ratis.ContainerStateMachine (ContainerStateMachine.java:takeSnapshot(366)) - group-26F132A0CE79: Finished taking a snapshot at:(t:1, i:0) file:/home/runner/work/ozone/ozone/hadoop-ozone/integration-test/target/test-dir/MiniOzoneClusterImpl-3ad60551-d9fb-454a-addc-4d3fe7110c5e/datanode-2/data/ratis/3c575aa8-ab60-4dab-9b78-26f132a0ce79/sm/snapshot.1_0 took: 1 ms
2024-01-30 07:48:20,239 [ce491c53-a544-4921-9edd-2ea5f993f9d2@group-8413612DC804->b0b6b7fd-b71c-48b9-9e8b-e03541d31df9-GrpcLogAppender-LogAppenderDaemon] WARN  server.GrpcLogAppender (GrpcLogAppender.java:mayWait(289)) - ce491c53-a544-4921-9edd-2ea5f993f9d2@group-8413612DC804->b0b6b7fd-b71c-48b9-9e8b-e03541d31df9-GrpcLogAppender: Wait interrupted by java.lang.InterruptedException
2024-01-30 07:48:20,239 [ce491c53-a544-4921-9edd-2ea5f993f9d2@group-26F132A0CE79-StateMachineUpdater] INFO  impl.StateMachineUpdater (StateMachineUpdater.java:takeSnapshot(295)) - ce491c53-a544-4921-9edd-2ea5f993f9d2@group-26F132A0CE79-StateMachineUpdater: Took a snapshot at index 0
2024-01-30 07:48:20,239 [ce491c53-a544-4921-9edd-2ea5f993f9d2@group-26F132A0CE79-StateMachineUpdater] INFO  impl.StateMachineUpdater (StateMachineUpdater.java:lambda$new$0(98)) - ce491c53-a544-4921-9edd-2ea5f993f9d2@group-26F132A0CE79-StateMachineUpdater: snapshotIndex: updateIncreasingly -1 -> 0
2024-01-30 07:48:20,239 [ce491c53-a544-4921-9edd-2ea5f993f9d2-impl-thread3] INFO  server.RaftServer$Division (ServerState.java:close(427)) - ce491c53-a544-4921-9edd-2ea5f993f9d2@group-26F132A0CE79: applyIndex: 0
2024-01-30 07:48:20,239 [Thread-1724] INFO  server.GrpcServerProtocolClient (GrpcServerProtocolClient.java:close(103)) - d07b3c51-3354-45f5-8abc-ab9fc0487f36 Close channels
2024-01-30 07:48:20,239 [ce491c53-a544-4921-9edd-2ea5f993f9d2-impl-thread4] INFO  impl.StateMachineUpdater (StateMachineUpdater.java:stopAndJoin(157)) - ce491c53-a544-4921-9edd-2ea5f993f9d2@group-B54A4A0E8004-StateMachineUpdater: set stopIndex = 0
2024-01-30 07:48:20,239 [ce491c53-a544-4921-9edd-2ea5f993f9d2@group-B54A4A0E8004-StateMachineUpdater] INFO  ratis.ContainerStateMachine (ContainerStateMachine.java:takeSnapshot(355)) - group-B54A4A0E8004: Taking a snapshot at:(t:1, i:0) file /home/runner/work/ozone/ozone/hadoop-ozone/integration-test/target/test-dir/MiniOzoneClusterImpl-3ad60551-d9fb-454a-addc-4d3fe7110c5e/datanode-2/data/ratis/ae1c78c0-4138-490c-8fb7-b54a4a0e8004/sm/snapshot.1_0
2024-01-30 07:48:20,239 [Thread-1725] INFO  server.GrpcServerProtocolClient (GrpcServerProtocolClient.java:close(103)) - b0b6b7fd-b71c-48b9-9e8b-e03541d31df9 Close channels
2024-01-30 07:48:20,240 [ce491c53-a544-4921-9edd-2ea5f993f9d2@group-26F132A0CE79-cacheEviction-AwaitToRun] INFO  util.AwaitToRun (AwaitToRun.java:run(49)) - ce491c53-a544-4921-9edd-2ea5f993f9d2@group-26F132A0CE79-cacheEviction-AwaitToRun-AwaitForSignal is interrupted
2024-01-30 07:48:20,240 [main] INFO  server.GrpcService (GrpcService.java:closeImpl(320)) - ce491c53-a544-4921-9edd-2ea5f993f9d2: shutdown server org.apache.ratis.grpc.server.GrpcClientProtocolService successfully
2024-01-30 07:48:20,240 [main] INFO  server.GrpcService (GrpcService.java:closeImpl(311)) - ce491c53-a544-4921-9edd-2ea5f993f9d2: shutdown server GrpcServerProtocolService now
2024-01-30 07:48:20,240 [ce491c53-a544-4921-9edd-2ea5f993f9d2@group-B54A4A0E8004-StateMachineUpdater] INFO  ratis.ContainerStateMachine (ContainerStateMachine.java:takeSnapshot(366)) - group-B54A4A0E8004: Finished taking a snapshot at:(t:1, i:0) file:/home/runner/work/ozone/ozone/hadoop-ozone/integration-test/target/test-dir/MiniOzoneClusterImpl-3ad60551-d9fb-454a-addc-4d3fe7110c5e/datanode-2/data/ratis/ae1c78c0-4138-490c-8fb7-b54a4a0e8004/sm/snapshot.1_0 took: 0 ms
2024-01-30 07:48:20,240 [ce491c53-a544-4921-9edd-2ea5f993f9d2@group-B54A4A0E8004-StateMachineUpdater] INFO  impl.StateMachineUpdater (StateMachineUpdater.java:takeSnapshot(295)) - ce491c53-a544-4921-9edd-2ea5f993f9d2@group-B54A4A0E8004-StateMachineUpdater: Took a snapshot at index 0
2024-01-30 07:48:20,240 [ce491c53-a544-4921-9edd-2ea5f993f9d2@group-B54A4A0E8004-StateMachineUpdater] INFO  impl.StateMachineUpdater (StateMachineUpdater.java:lambda$new$0(98)) - ce491c53-a544-4921-9edd-2ea5f993f9d2@group-B54A4A0E8004-StateMachineUpdater: snapshotIndex: updateIncreasingly -1 -> 0
2024-01-30 07:48:20,240 [ce491c53-a544-4921-9edd-2ea5f993f9d2-impl-thread4] INFO  server.RaftServer$Division (ServerState.java:close(427)) - ce491c53-a544-4921-9edd-2ea5f993f9d2@group-B54A4A0E8004: applyIndex: 0
2024-01-30 07:48:20,241 [ce491c53-a544-4921-9edd-2ea5f993f9d2-impl-thread2] INFO  impl.StateMachineUpdater (StateMachineUpdater.java:stopAndJoin(157)) - ce491c53-a544-4921-9edd-2ea5f993f9d2@group-8413612DC804-StateMachineUpdater: set stopIndex = 0
2024-01-30 07:48:20,241 [ce491c53-a544-4921-9edd-2ea5f993f9d2@group-8413612DC804-StateMachineUpdater] INFO  ratis.ContainerStateMachine (ContainerStateMachine.java:takeSnapshot(355)) - group-8413612DC804: Taking a snapshot at:(t:2, i:0) file /home/runner/work/ozone/ozone/hadoop-ozone/integration-test/target/test-dir/MiniOzoneClusterImpl-3ad60551-d9fb-454a-addc-4d3fe7110c5e/datanode-2/data/ratis/b883a5cd-8b38-43ed-a331-8413612dc804/sm/snapshot.2_0
2024-01-30 07:48:20,242 [ce491c53-a544-4921-9edd-2ea5f993f9d2@group-8413612DC804-StateMachineUpdater] INFO  ratis.ContainerStateMachine (ContainerStateMachine.java:takeSnapshot(366)) - group-8413612DC804: Finished taking a snapshot at:(t:2, i:0) file:/home/runner/work/ozone/ozone/hadoop-ozone/integration-test/target/test-dir/MiniOzoneClusterImpl-3ad60551-d9fb-454a-addc-4d3fe7110c5e/datanode-2/data/ratis/b883a5cd-8b38-43ed-a331-8413612dc804/sm/snapshot.2_0 took: 0 ms
2024-01-30 07:48:20,242 [ce491c53-a544-4921-9edd-2ea5f993f9d2@group-8413612DC804-StateMachineUpdater] INFO  impl.StateMachineUpdater (StateMachineUpdater.java:takeSnapshot(295)) - ce491c53-a544-4921-9edd-2ea5f993f9d2@group-8413612DC804-StateMachineUpdater: Took a snapshot at index 0
2024-01-30 07:48:20,242 [ce491c53-a544-4921-9edd-2ea5f993f9d2@group-8413612DC804-StateMachineUpdater] INFO  impl.StateMachineUpdater (StateMachineUpdater.java:lambda$new$0(98)) - ce491c53-a544-4921-9edd-2ea5f993f9d2@group-8413612DC804-StateMachineUpdater: snapshotIndex: updateIncreasingly -1 -> 0
2024-01-30 07:48:20,242 [ce491c53-a544-4921-9edd-2ea5f993f9d2-impl-thread2] INFO  server.RaftServer$Division (ServerState.java:close(427)) - ce491c53-a544-4921-9edd-2ea5f993f9d2@group-8413612DC804: applyIndex: 0
2024-01-30 07:48:20,243 [main] INFO  server.GrpcService (GrpcService.java:closeImpl(320)) - ce491c53-a544-4921-9edd-2ea5f993f9d2: shutdown server GrpcServerProtocolService successfully
2024-01-30 07:48:20,244 [main] INFO  server.GrpcService (GrpcService.java:closeImpl(311)) - ce491c53-a544-4921-9edd-2ea5f993f9d2: shutdown server org.apache.ratis.grpc.server.GrpcAdminProtocolService now
2024-01-30 07:48:20,242 [ce491c53-a544-4921-9edd-2ea5f993f9d2@group-B54A4A0E8004-cacheEviction-AwaitToRun] INFO  util.AwaitToRun (AwaitToRun.java:run(49)) - ce491c53-a544-4921-9edd-2ea5f993f9d2@group-B54A4A0E8004-cacheEviction-AwaitToRun-AwaitForSignal is interrupted
2024-01-30 07:48:20,244 [ce491c53-a544-4921-9edd-2ea5f993f9d2@group-8413612DC804-cacheEviction-AwaitToRun] INFO  util.AwaitToRun (AwaitToRun.java:run(49)) - ce491c53-a544-4921-9edd-2ea5f993f9d2@group-8413612DC804-cacheEviction-AwaitToRun-AwaitForSignal is interrupted
2024-01-30 07:48:20,245 [main] INFO  server.GrpcService (GrpcService.java:closeImpl(320)) - ce491c53-a544-4921-9edd-2ea5f993f9d2: shutdown server org.apache.ratis.grpc.server.GrpcAdminProtocolService successfully
2024-01-30 07:48:20,248 [ce491c53-a544-4921-9edd-2ea5f993f9d2-NettyServerStreamRpc-bossGroup--thread1] INFO  logging.LoggingHandler (AbstractInternalLogger.java:log(148)) - [id: 0xcf5c31ed, L:/0.0.0.0:15095] CLOSE
2024-01-30 07:48:20,248 [ce491c53-a544-4921-9edd-2ea5f993f9d2-NettyServerStreamRpc-bossGroup--thread1] INFO  logging.LoggingHandler (AbstractInternalLogger.java:log(148)) - [id: 0xcf5c31ed, L:/0.0.0.0:15095] INACTIVE
2024-01-30 07:48:20,248 [ce491c53-a544-4921-9edd-2ea5f993f9d2-NettyServerStreamRpc-bossGroup--thread1] INFO  logging.LoggingHandler (AbstractInternalLogger.java:log(148)) - [id: 0xcf5c31ed, L:/0.0.0.0:15095] UNREGISTERED
2024-01-30 07:48:20,251 [ce491c53-a544-4921-9edd-2ea5f993f9d2-impl-thread3] INFO  segmented.SegmentedRaftLogWorker (SegmentedRaftLogWorker.java:close(245)) - ce491c53-a544-4921-9edd-2ea5f993f9d2@group-26F132A0CE79-SegmentedRaftLogWorker close()
2024-01-30 07:48:20,725 [RatisPipelineUtilsThread-0] WARN  scm.SCMCommonPlacementPolicy (SCMCommonPlacementPolicy.java:filterNodesWithSpace(287)) - Unable to find enough nodes that meet the space requirement of 1073741824 bytes for metadata and 5368709120 bytes for data in healthy node set. Required 3. Found 2.
2024-01-30 07:48:20,907 [timer7] WARN  server.GrpcLogAppender (LogUtils.java:warn(121)) - ce491c53-a544-4921-9edd-2ea5f993f9d2@group-B54A4A0E8004->d07b3c51-3354-45f5-8abc-ab9fc0487f36-AppendLogResponseHandler: Failed appendEntries (Repeated 2 times in the last 5.001s): org.apache.ratis.thirdparty.io.grpc.StatusRuntimeException: UNAVAILABLE: io exception
2024-01-30 07:48:20,907 [timer0] WARN  server.GrpcLogAppender (GrpcLogAppender.java:lambda$resetClient$1(217)) - ce491c53-a544-4921-9edd-2ea5f993f9d2@group-8413612DC804->d07b3c51-3354-45f5-8abc-ab9fc0487f36-GrpcLogAppender: Follower failed (request=null, errorCount=88); keep nextIndex (1) unchanged and retry. (Repeated 4 times in the last 5.000s)
2024-01-30 07:48:21,022 [ce491c53-a544-4921-9edd-2ea5f993f9d2-impl-thread4] INFO  segmented.SegmentedRaftLogWorker (SegmentedRaftLogWorker.java:close(245)) - ce491c53-a544-4921-9edd-2ea5f993f9d2@group-B54A4A0E8004-SegmentedRaftLogWorker close()
2024-01-30 07:48:21,094 [ce491c53-a544-4921-9edd-2ea5f993f9d2-BlockDeletingService#0] INFO  interfaces.ContainerDeletionChoosingPolicyTemplate (ContainerDeletionChoosingPolicyTemplate.java:chooseContainerForBlockDeletion(85)) - Chosen 0/5000 blocks from 0 candidate containers.
2024-01-30 07:48:21,204 [ce491c53-a544-4921-9edd-2ea5f993f9d2-impl-thread2] INFO  segmented.SegmentedRaftLogWorker (SegmentedRaftLogWorker.java:close(245)) - ce491c53-a544-4921-9edd-2ea5f993f9d2@group-8413612DC804-SegmentedRaftLogWorker close()
2024-01-30 07:48:21,205 [JvmPauseMonitor12] INFO  util.JvmPauseMonitor (JvmPauseMonitor.java:run(152)) - JvmPauseMonitor-ce491c53-a544-4921-9edd-2ea5f993f9d2: Stopped
2024-01-30 07:48:21,225 [RatisPipelineUtilsThread-0] WARN  scm.SCMCommonPlacementPolicy (SCMCommonPlacementPolicy.java:filterNodesWithSpace(287)) - Unable to find enough nodes that meet the space requirement of 1073741824 bytes for metadata and 5368709120 bytes for data in healthy node set. Required 3. Found 2.
2024-01-30 07:48:21,726 [RatisPipelineUtilsThread-0] WARN  scm.SCMCommonPlacementPolicy (SCMCommonPlacementPolicy.java:filterNodesWithSpace(287)) - Unable to find enough nodes that meet the space requirement of 1073741824 bytes for metadata and 5368709120 bytes for data in healthy node set. Required 3. Found 2.
2024-01-30 07:48:22,226 [RatisPipelineUtilsThread-0] WARN  scm.SCMCommonPlacementPolicy (SCMCommonPlacementPolicy.java:filterNodesWithSpace(287)) - Unable to find enough nodes that meet the space requirement of 1073741824 bytes for metadata and 5368709120 bytes for data in healthy node set. Required 3. Found 2.
2024-01-30 07:48:22,726 [RatisPipelineUtilsThread-0] WARN  scm.SCMCommonPlacementPolicy (SCMCommonPlacementPolicy.java:filterNodesWithSpace(287)) - Unable to find enough nodes that meet the space requirement of 1073741824 bytes for metadata and 5368709120 bytes for data in healthy node set. Required 3. Found 2.
2024-01-30 07:48:22,932 [timer0] WARN  server.GrpcLogAppender (LogUtils.java:warn(121)) - ce491c53-a544-4921-9edd-2ea5f993f9d2@group-8413612DC804->d07b3c51-3354-45f5-8abc-ab9fc0487f36-AppendLogResponseHandler: Failed appendEntries (Repeated 2 times in the last 5.002s): org.apache.ratis.thirdparty.io.grpc.StatusRuntimeException: UNAVAILABLE: io exception
2024-01-30 07:48:22,952 [timer4] WARN  server.GrpcLogAppender (LogUtils.java:warn(121)) - ce491c53-a544-4921-9edd-2ea5f993f9d2@group-8413612DC804->b0b6b7fd-b71c-48b9-9e8b-e03541d31df9-AppendLogResponseHandler: Failed appendEntries (Repeated 6 times in the last 5.000s): org.apache.ratis.thirdparty.io.grpc.StatusRuntimeException: UNAVAILABLE: io exception
2024-01-30 07:48:22,952 [timer2] WARN  server.GrpcLogAppender (LogUtils.java:warn(121)) - ce491c53-a544-4921-9edd-2ea5f993f9d2@group-B54A4A0E8004->b0b6b7fd-b71c-48b9-9e8b-e03541d31df9-AppendLogResponseHandler: Failed appendEntries (Repeated 6 times in the last 5.000s): org.apache.ratis.thirdparty.io.grpc.StatusRuntimeException: UNAVAILABLE: io exception
2024-01-30 07:48:22,952 [timer3] WARN  server.GrpcLogAppender (GrpcLogAppender.java:lambda$resetClient$1(217)) - ce491c53-a544-4921-9edd-2ea5f993f9d2@group-8413612DC804->b0b6b7fd-b71c-48b9-9e8b-e03541d31df9-GrpcLogAppender: Follower failed (request=null, errorCount=6); keep nextIndex (1) unchanged and retry. (Repeated 12 times in the last 5.000s)
2024-01-30 07:48:23,207 [main] INFO  utils.DatanodeStoreCache (DatanodeStoreCache.java:shutdownCache(116)) - Skip clearing cache in mini cluster mode. Entries left: [/home/runner/work/ozone/ozone/hadoop-ozone/integration-test/target/test-dir/MiniOzoneClusterImpl-3ad60551-d9fb-454a-addc-4d3fe7110c5e/datanode-2/data-0/containers/hdds/3ad60551-d9fb-454a-addc-4d3fe7110c5e/DS-cebcea64-9ea2-45e8-b1ad-2b817de4434f/container.db]
2024-01-30 07:48:23,209 [main] INFO  utils.DatanodeStoreCache (DatanodeStoreCache.java:removeDB(110)) - Removed db /home/runner/work/ozone/ozone/hadoop-ozone/integration-test/target/test-dir/MiniOzoneClusterImpl-3ad60551-d9fb-454a-addc-4d3fe7110c5e/datanode-2/data-0/containers/hdds/3ad60551-d9fb-454a-addc-4d3fe7110c5e/DS-cebcea64-9ea2-45e8-b1ad-2b817de4434f/container.db from cache
2024-01-30 07:48:23,209 [main] INFO  volume.HddsVolume (HddsVolume.java:closeDbStore(451)) - SchemaV3 db is stopped at /home/runner/work/ozone/ozone/hadoop-ozone/integration-test/target/test-dir/MiniOzoneClusterImpl-3ad60551-d9fb-454a-addc-4d3fe7110c5e/datanode-2/data-0/containers/hdds/3ad60551-d9fb-454a-addc-4d3fe7110c5e/DS-cebcea64-9ea2-45e8-b1ad-2b817de4434f/container.db for volume DS-cebcea64-9ea2-45e8-b1ad-2b817de4434f
2024-01-30 07:48:23,209 [main] INFO  utils.BackgroundService (BackgroundService.java:shutdown(160)) - Shutting down service BlockDeletingService
2024-01-30 07:48:23,209 [main] INFO  utils.BackgroundService (BackgroundService.java:shutdown(160)) - Shutting down service StaleRecoveringContainerScrubbingService
2024-01-30 07:48:23,210 [main] INFO  statemachine.DatanodeStateMachine (DatanodeStateMachine.java:stopDaemon(638)) - Ozone container server stopped.
2024-01-30 07:48:23,210 [main] INFO  handler.ContextHandler (ContextHandler.java:doStop(1159)) - Stopped o.e.j.w.WebAppContext@5f3a486c{hddsDatanode,/,null,STOPPED}{jar:file:/home/runner/.m2/repository/org/apache/ozone/hdds-container-service/1.5.0-SNAPSHOT/hdds-container-service-1.5.0-SNAPSHOT.jar!/webapps/hddsDatanode}
2024-01-30 07:48:23,211 [main] INFO  server.AbstractConnector (AbstractConnector.java:doStop(383)) - Stopped ServerConnector@14fe3663{HTTP/1.1, (http/1.1)}{0.0.0.0:15089}
2024-01-30 07:48:23,211 [main] INFO  server.session (HouseKeeper.java:stopScavenging(149)) - node0 Stopped scavenging
2024-01-30 07:48:23,211 [main] INFO  handler.ContextHandler (ContextHandler.java:doStop(1159)) - Stopped o.e.j.s.ServletContextHandler@159aacd8{static,/static,jar:file:/home/runner/.m2/repository/org/apache/ozone/hdds-container-service/1.5.0-SNAPSHOT/hdds-container-service-1.5.0-SNAPSHOT.jar!/webapps/static,STOPPED}
2024-01-30 07:48:23,212 [main] INFO  handler.ContextHandler (ContextHandler.java:doStop(1159)) - Stopped o.e.j.s.ServletContextHandler@2f816d78{logs,/logs,file:///home/runner/work/ozone/ozone/hadoop-ozone/integration-test/target/log,STOPPED}
2024-01-30 07:48:23,212 [main] INFO  ozone.HddsDatanodeClientProtocolServer (HddsDatanodeClientProtocolServer.java:stop(78)) - Stopping the RPC server for Client Protocol
2024-01-30 07:48:23,212 [main] INFO  ipc.Server (Server.java:stop(3523)) - Stopping server on 15090
2024-01-30 07:48:23,213 [IPC Server listener on 15090] INFO  ipc.Server (Server.java:run(1434)) - Stopping IPC Server listener on 15090
2024-01-30 07:48:23,213 [IPC Server Responder] INFO  ipc.Server (Server.java:run(1567)) - Stopping IPC Server Responder
2024-01-30 07:48:23,227 [RatisPipelineUtilsThread-0] WARN  scm.SCMCommonPlacementPolicy (SCMCommonPlacementPolicy.java:filterNodesWithSpace(287)) - Unable to find enough nodes that meet the space requirement of 1073741824 bytes for metadata and 5368709120 bytes for data in healthy node set. Required 3. Found 2.
2024-01-30 07:48:23,727 [RatisPipelineUtilsThread-0] WARN  scm.SCMCommonPlacementPolicy (SCMCommonPlacementPolicy.java:filterNodesWithSpace(287)) - Unable to find enough nodes that meet the space requirement of 1073741824 bytes for metadata and 5368709120 bytes for data in healthy node set. Required 3. Found 2.
2024-01-30 07:48:24,041 [EventQueue-StaleNodeForStaleNodeHandler] INFO  node.StaleNodeHandler (StaleNodeHandler.java:onMessage(57)) - Datanode b0b6b7fd-b71c-48b9-9e8b-e03541d31df9(fv-az1436-717.rp122gijlobebpuychzvuh3j3h.bx.internal.cloudapp.net/10.1.0.48) moved to stale state. Finalizing its pipelines [PipelineID=b883a5cd-8b38-43ed-a331-8413612dc804, PipelineID=2b0366bc-aacd-4951-b5a6-4a4556f013a1, PipelineID=ae1c78c0-4138-490c-8fb7-b54a4a0e8004]
2024-01-30 07:48:24,041 [EventQueue-StaleNodeForStaleNodeHandler] INFO  pipeline.PipelineManagerImpl (PipelineManagerImpl.java:closePipeline(518)) - Pipeline PipelineID=2b0366bc-aacd-4951-b5a6-4a4556f013a1 moved to CLOSED state
2024-01-30 07:48:24,228 [RatisPipelineUtilsThread-0] WARN  scm.SCMCommonPlacementPolicy (SCMCommonPlacementPolicy.java:filterNodesWithSpace(287)) - Unable to find enough nodes that meet the space requirement of 1073741824 bytes for metadata and 5368709120 bytes for data in healthy node set. Required 3. Found 1.
2024-01-30 07:48:24,728 [RatisPipelineUtilsThread-0] WARN  scm.SCMCommonPlacementPolicy (SCMCommonPlacementPolicy.java:filterNodesWithSpace(287)) - Unable to find enough nodes that meet the space requirement of 1073741824 bytes for metadata and 5368709120 bytes for data in healthy node set. Required 3. Found 1.
2024-01-30 07:48:25,228 [RatisPipelineUtilsThread-0] WARN  scm.SCMCommonPlacementPolicy (SCMCommonPlacementPolicy.java:filterNodesWithSpace(287)) - Unable to find enough nodes that meet the space requirement of 1073741824 bytes for metadata and 5368709120 bytes for data in healthy node set. Required 3. Found 1.
2024-01-30 07:48:25,728 [RatisPipelineUtilsThread-0] WARN  scm.SCMCommonPlacementPolicy (SCMCommonPlacementPolicy.java:filterNodesWithSpace(287)) - Unable to find enough nodes that meet the space requirement of 1073741824 bytes for metadata and 5368709120 bytes for data in healthy node set. Required 3. Found 1.
2024-01-30 07:48:26,229 [RatisPipelineUtilsThread-0] WARN  scm.SCMCommonPlacementPolicy (SCMCommonPlacementPolicy.java:filterNodesWithSpace(287)) - Unable to find enough nodes that meet the space requirement of 1073741824 bytes for metadata and 5368709120 bytes for data in healthy node set. Required 3. Found 1.
2024-01-30 07:48:26,729 [RatisPipelineUtilsThread-0] WARN  scm.SCMCommonPlacementPolicy (SCMCommonPlacementPolicy.java:filterNodesWithSpace(287)) - Unable to find enough nodes that meet the space requirement of 1073741824 bytes for metadata and 5368709120 bytes for data in healthy node set. Required 3. Found 1.
2024-01-30 07:48:27,041 [EventQueue-StaleNodeForStaleNodeHandler] INFO  node.StaleNodeHandler (StaleNodeHandler.java:onMessage(57)) - Datanode ce491c53-a544-4921-9edd-2ea5f993f9d2(fv-az1436-717.rp122gijlobebpuychzvuh3j3h.bx.internal.cloudapp.net/10.1.0.48) moved to stale state. Finalizing its pipelines [PipelineID=b883a5cd-8b38-43ed-a331-8413612dc804, PipelineID=3c575aa8-ab60-4dab-9b78-26f132a0ce79, PipelineID=ae1c78c0-4138-490c-8fb7-b54a4a0e8004]
2024-01-30 07:48:27,042 [EventQueue-StaleNodeForStaleNodeHandler] INFO  pipeline.PipelineManagerImpl (PipelineManagerImpl.java:closePipeline(518)) - Pipeline PipelineID=3c575aa8-ab60-4dab-9b78-26f132a0ce79 moved to CLOSED state
2024-01-30 07:48:27,118 [main] ERROR pipeline.PipelinePlacementPolicy (PipelinePlacementPolicy.java:filterViableNodes(143)) - No healthy node found to allocate container.
2024-01-30 07:48:27,121 [main] INFO  impl.MetricsSystemImpl (MetricsSystemImpl.java:init(158)) - HddsDatanode metrics system started (again)
2024-01-30 07:48:27,151 [main] INFO  ozone.HddsDatanodeService (HddsDatanodeService.java:start(240)) - HddsDatanodeService host:fv-az1436-717.rp122gijlobebpuychzvuh3j3h.bx.internal.cloudapp.net ip:10.1.0.48
2024-01-30 07:48:27,181 [main] INFO  upgrade.AbstractLayoutVersionManager (AbstractLayoutVersionManager.java:init(83)) - Initializing Layout version manager with metadata layout = HADOOP_PRC_PORTS_IN_DATANODEDETAILS (version = 7), software layout = HADOOP_PRC_PORTS_IN_DATANODEDETAILS (version = 7)
2024-01-30 07:48:27,181 [main] INFO  statemachine.DatanodeStateMachine (DatanodeStateMachine.java:getEndPointTaskThreadPoolSize(299)) - Datanode State Machine Task Thread Pool size 2
2024-01-30 07:48:27,183 [main] INFO  volume.HddsVolume (HddsVolume.java:<init>(125)) - Creating HddsVolume: /home/runner/work/ozone/ozone/hadoop-ozone/integration-test/target/test-dir/MiniOzoneClusterImpl-3ad60551-d9fb-454a-addc-4d3fe7110c5e/datanode-0/data-0/containers/hdds of storage type : DISK capacity : 9223372036854775807
2024-01-30 07:48:27,183 [main] INFO  volume.MutableVolumeSet (MutableVolumeSet.java:initializeVolumeSet(173)) - Added Volume : /home/runner/work/ozone/ozone/hadoop-ozone/integration-test/target/test-dir/MiniOzoneClusterImpl-3ad60551-d9fb-454a-addc-4d3fe7110c5e/datanode-0/data-0/containers/hdds to VolumeSet
2024-01-30 07:48:27,184 [main] INFO  volume.MutableVolumeSet (MutableVolumeSet.java:initializeVolumeSet(173)) - Added Volume : /home/runner/work/ozone/ozone/hadoop-ozone/integration-test/target/test-dir/MiniOzoneClusterImpl-3ad60551-d9fb-454a-addc-4d3fe7110c5e/datanode-0/data/ratis to VolumeSet
2024-01-30 07:48:27,194 [ForkJoinPool.commonPool-worker-1] INFO  utils.DatanodeStoreCache (DatanodeStoreCache.java:addDB(72)) - Added db /home/runner/work/ozone/ozone/hadoop-ozone/integration-test/target/test-dir/MiniOzoneClusterImpl-3ad60551-d9fb-454a-addc-4d3fe7110c5e/datanode-0/data-0/containers/hdds/3ad60551-d9fb-454a-addc-4d3fe7110c5e/DS-3ec9c859-79fb-4cf7-bbba-dd21e96dc4bf/container.db to cache
2024-01-30 07:48:27,194 [ForkJoinPool.commonPool-worker-1] INFO  volume.HddsVolume (HddsVolume.java:loadDbStore(373)) - SchemaV3 db is loaded at /home/runner/work/ozone/ozone/hadoop-ozone/integration-test/target/test-dir/MiniOzoneClusterImpl-3ad60551-d9fb-454a-addc-4d3fe7110c5e/datanode-0/data-0/containers/hdds/3ad60551-d9fb-454a-addc-4d3fe7110c5e/DS-3ec9c859-79fb-4cf7-bbba-dd21e96dc4bf/container.db for volume DS-3ec9c859-79fb-4cf7-bbba-dd21e96dc4bf
2024-01-30 07:48:27,194 [main] INFO  ozoneimpl.OzoneContainer (HddsVolumeUtil.java:loadAllHddsVolumeDbStore(103)) - Load 1 volumes DbStore cost: 10ms
2024-01-30 07:48:27,195 [d07b3c51-3354-45f5-8abc-ab9fc0487f36-ContainerReader-0] INFO  ozoneimpl.ContainerReader (ContainerReader.java:readVolume(148)) - Start to verify containers on volume /home/runner/work/ozone/ozone/hadoop-ozone/integration-test/target/test-dir/MiniOzoneClusterImpl-3ad60551-d9fb-454a-addc-4d3fe7110c5e/datanode-0/data-0/containers/hdds
2024-01-30 07:48:27,195 [d07b3c51-3354-45f5-8abc-ab9fc0487f36-ContainerReader-0] INFO  ozoneimpl.ContainerReader (ContainerReader.java:readVolume(178)) - Finish verifying containers on volume /home/runner/work/ozone/ozone/hadoop-ozone/integration-test/target/test-dir/MiniOzoneClusterImpl-3ad60551-d9fb-454a-addc-4d3fe7110c5e/datanode-0/data-0/containers/hdds
2024-01-30 07:48:27,195 [main] INFO  ozoneimpl.OzoneContainer (OzoneContainer.java:buildContainerSet(328)) - Build ContainerSet costs 0s
2024-01-30 07:48:27,197 [main] INFO  server.RaftServer (ConfUtils.java:logGet(46)) - raft.rpc.type = GRPC (default)
2024-01-30 07:48:27,197 [main] INFO  grpc.GrpcConfigKeys (ConfUtils.java:logFallback(53)) - raft.grpc.admin.host = null (fallback to raft.grpc.server.host)
2024-01-30 07:48:27,197 [main] INFO  grpc.GrpcConfigKeys (ConfUtils.java:logGet(46)) - raft.grpc.admin.port = 15075 (custom)
2024-01-30 07:48:27,197 [main] INFO  grpc.GrpcConfigKeys (ConfUtils.java:logFallback(53)) - raft.grpc.client.host = null (fallback to raft.grpc.server.host)
2024-01-30 07:48:27,197 [main] INFO  grpc.GrpcConfigKeys (ConfUtils.java:logGet(46)) - raft.grpc.client.port = 15074 (custom)
2024-01-30 07:48:27,197 [main] INFO  grpc.GrpcConfigKeys (ConfUtils.java:logGet(46)) - raft.grpc.server.host = null (default)
2024-01-30 07:48:27,197 [main] INFO  grpc.GrpcConfigKeys (ConfUtils.java:logGet(46)) - raft.grpc.server.port = 15076 (custom)
2024-01-30 07:48:27,198 [main] INFO  server.GrpcService (ConfUtils.java:logGet(46)) - raft.grpc.message.size.max = 32MB (=33554432) (custom)
2024-01-30 07:48:27,198 [main] INFO  server.RaftServerConfigKeys (ConfUtils.java:logGet(46)) - raft.server.log.appender.buffer.byte-limit = 8388608 (custom)
2024-01-30 07:48:27,198 [main] INFO  server.GrpcService (ConfUtils.java:logGet(46)) - raft.grpc.flow.control.window = 5MB (=5242880) (custom)
2024-01-30 07:48:27,198 [main] INFO  server.RaftServerConfigKeys (ConfUtils.java:logGet(46)) - raft.server.rpc.request.timeout = 60s (custom)
2024-01-30 07:48:27,198 [main] INFO  grpc.GrpcConfigKeys (ConfUtils.java:logGet(46)) - raft.grpc.server.heartbeat.channel = true (default)
2024-01-30 07:48:27,198 [main] INFO  grpc.GrpcConfigKeys (ConfUtils.java:logGet(46)) - raft.grpc.server.async.request.thread.pool.cached = true (default)
2024-01-30 07:48:27,198 [main] INFO  grpc.GrpcConfigKeys (ConfUtils.java:logGet(46)) - raft.grpc.server.async.request.thread.pool.size = 32 (default)
2024-01-30 07:48:27,200 [main] INFO  impl.DataStreamServerImpl (ConfUtils.java:logGet(46)) - raft.datastream.type = NETTY (custom)
2024-01-30 07:48:27,200 [main] INFO  server.RaftServerConfigKeys (ConfUtils.java:logGet(46)) - raft.server.data-stream.async.request.thread.pool.cached = false (default)
2024-01-30 07:48:27,200 [main] INFO  server.RaftServerConfigKeys (ConfUtils.java:logGet(46)) - raft.server.data-stream.async.request.thread.pool.size = 20 (custom)
2024-01-30 07:48:27,200 [main] INFO  server.RaftServerConfigKeys (ConfUtils.java:logGet(46)) - raft.server.data-stream.async.write.thread.pool.size = 16 (default)
2024-01-30 07:48:27,201 [main] INFO  netty.NettyConfigKeys$DataStream (ConfUtils.java:logGet(46)) - raft.netty.dataStream.server.channel.inactive.grace-period = 10min (default)
2024-01-30 07:48:27,201 [main] INFO  server.RaftServerConfigKeys (ConfUtils.java:logGet(46)) - raft.server.data-stream.client.pool.size = 10 (default)
2024-01-30 07:48:27,201 [main] INFO  netty.NettyConfigKeys$DataStream (ConfUtils.java:logGet(46)) - raft.netty.dataStream.server.use-epoll = true (default)
2024-01-30 07:48:27,201 [main] INFO  netty.NettyConfigKeys$DataStream (ConfUtils.java:logGet(46)) - raft.netty.dataStream.server.boss-group.size = 0 (default)
2024-01-30 07:48:27,201 [main] INFO  netty.NettyUtils (NettyUtils.java:newEventLoopGroup(69)) - Create EpollEventLoopGroup for d07b3c51-3354-45f5-8abc-ab9fc0487f36-NettyServerStreamRpc-bossGroup; Thread size is 0.
2024-01-30 07:48:27,201 [main] INFO  netty.NettyConfigKeys$DataStream (ConfUtils.java:logGet(46)) - raft.netty.dataStream.server.worker-group.size = 0 (default)
2024-01-30 07:48:27,201 [main] INFO  netty.NettyUtils (NettyUtils.java:newEventLoopGroup(69)) - Create EpollEventLoopGroup for d07b3c51-3354-45f5-8abc-ab9fc0487f36-NettyServerStreamRpc-workerGroup; Thread size is 0.
2024-01-30 07:48:27,202 [main] INFO  netty.NettyConfigKeys$DataStream (ConfUtils.java:logGet(46)) - raft.netty.dataStream.server.tls.conf = null (default)
2024-01-30 07:48:27,202 [main] INFO  netty.NettyConfigKeys$DataStream (ConfUtils.java:logGet(46)) - raft.netty.dataStream.host = null (default)
2024-01-30 07:48:27,202 [main] INFO  netty.NettyConfigKeys$DataStream (ConfUtils.java:logGet(46)) - raft.netty.dataStream.port = 15077 (custom)
2024-01-30 07:48:27,202 [main] INFO  server.RaftServerConfigKeys (ConfUtils.java:logGet(46)) - raft.server.sleep.deviation.threshold = 300ms (default)
2024-01-30 07:48:27,203 [main] INFO  server.RaftServerConfigKeys (ConfUtils.java:logGet(46)) - raft.server.close.threshold = 60s (default)
2024-01-30 07:48:27,203 [d07b3c51-3354-45f5-8abc-ab9fc0487f36-NettyServerStreamRpc-bossGroup--thread1] INFO  logging.LoggingHandler (AbstractInternalLogger.java:log(148)) - [id: 0xb4486799] REGISTERED
2024-01-30 07:48:27,203 [main] INFO  server.RaftServerConfigKeys (ConfUtils.java:logGet(46)) - raft.server.leaderelection.leader.step-down.wait-time = 10s (default)
2024-01-30 07:48:27,203 [d07b3c51-3354-45f5-8abc-ab9fc0487f36-NettyServerStreamRpc-bossGroup--thread1] INFO  logging.LoggingHandler (AbstractInternalLogger.java:log(148)) - [id: 0xb4486799] BIND: 0.0.0.0/0.0.0.0:15077
2024-01-30 07:48:27,203 [main] INFO  server.RaftServerConfigKeys (ConfUtils.java:logGet(46)) - raft.server.storage.dir = [/home/runner/work/ozone/ozone/hadoop-ozone/integration-test/target/test-dir/MiniOzoneClusterImpl-3ad60551-d9fb-454a-addc-4d3fe7110c5e/datanode-0/data/ratis] (custom)
2024-01-30 07:48:27,203 [d07b3c51-3354-45f5-8abc-ab9fc0487f36-NettyServerStreamRpc-bossGroup--thread1] INFO  logging.LoggingHandler (AbstractInternalLogger.java:log(148)) - [id: 0xb4486799, L:/0.0.0.0:15077] ACTIVE
2024-01-30 07:48:27,203 [main] INFO  server.RaftServerConfigKeys (ConfUtils.java:logGet(46)) - raft.server.threadpool.proxy.cached = true (default)
2024-01-30 07:48:27,204 [main] INFO  server.RaftServerConfigKeys (ConfUtils.java:logGet(46)) - raft.server.threadpool.proxy.size = 0 (default)
2024-01-30 07:48:27,204 [d07b3c51-3354-45f5-8abc-ab9fc0487f36-impl-thread1] INFO  server.RaftServer (RaftServerProxy.java:initGroupDir(264)) - d07b3c51-3354-45f5-8abc-ab9fc0487f36: found a subdirectory /home/runner/work/ozone/ozone/hadoop-ozone/integration-test/target/test-dir/MiniOzoneClusterImpl-3ad60551-d9fb-454a-addc-4d3fe7110c5e/datanode-0/data/ratis/6535537f-9efe-4915-b5f4-081a3aac6d40
2024-01-30 07:48:27,204 [d07b3c51-3354-45f5-8abc-ab9fc0487f36-impl-thread1] INFO  server.RaftServer (RaftServerProxy.java:addNew(100)) - d07b3c51-3354-45f5-8abc-ab9fc0487f36: addNew group-081A3AAC6D40:[] returns group-081A3AAC6D40:java.util.concurrent.CompletableFuture@711c8ed7[Not completed]
2024-01-30 07:48:27,204 [d07b3c51-3354-45f5-8abc-ab9fc0487f36-impl-thread1] INFO  server.RaftServer (RaftServerProxy.java:initGroupDir(264)) - d07b3c51-3354-45f5-8abc-ab9fc0487f36: found a subdirectory /home/runner/work/ozone/ozone/hadoop-ozone/integration-test/target/test-dir/MiniOzoneClusterImpl-3ad60551-d9fb-454a-addc-4d3fe7110c5e/datanode-0/data/ratis/tmp
2024-01-30 07:48:27,204 [d07b3c51-3354-45f5-8abc-ab9fc0487f36-impl-thread1] INFO  server.RaftServer (RaftServerProxy.java:initGroupDir(269)) - d07b3c51-3354-45f5-8abc-ab9fc0487f36: The directory /home/runner/work/ozone/ozone/hadoop-ozone/integration-test/target/test-dir/MiniOzoneClusterImpl-3ad60551-d9fb-454a-addc-4d3fe7110c5e/datanode-0/data/ratis/tmp is not a group directory; ignoring it. 
2024-01-30 07:48:27,204 [d07b3c51-3354-45f5-8abc-ab9fc0487f36-impl-thread1] INFO  server.RaftServer (RaftServerProxy.java:initGroupDir(264)) - d07b3c51-3354-45f5-8abc-ab9fc0487f36: found a subdirectory /home/runner/work/ozone/ozone/hadoop-ozone/integration-test/target/test-dir/MiniOzoneClusterImpl-3ad60551-d9fb-454a-addc-4d3fe7110c5e/datanode-0/data/ratis/ae1c78c0-4138-490c-8fb7-b54a4a0e8004
2024-01-30 07:48:27,204 [d07b3c51-3354-45f5-8abc-ab9fc0487f36-impl-thread1] INFO  server.RaftServer (RaftServerProxy.java:addNew(100)) - d07b3c51-3354-45f5-8abc-ab9fc0487f36: addNew group-B54A4A0E8004:[] returns group-B54A4A0E8004:java.util.concurrent.CompletableFuture@7523142c[Not completed]
2024-01-30 07:48:27,204 [d07b3c51-3354-45f5-8abc-ab9fc0487f36-impl-thread1] INFO  server.RaftServer (RaftServerProxy.java:initGroupDir(264)) - d07b3c51-3354-45f5-8abc-ab9fc0487f36: found a subdirectory /home/runner/work/ozone/ozone/hadoop-ozone/integration-test/target/test-dir/MiniOzoneClusterImpl-3ad60551-d9fb-454a-addc-4d3fe7110c5e/datanode-0/data/ratis/b883a5cd-8b38-43ed-a331-8413612dc804
2024-01-30 07:48:27,205 [d07b3c51-3354-45f5-8abc-ab9fc0487f36-impl-thread1] INFO  server.RaftServer (RaftServerProxy.java:addNew(100)) - d07b3c51-3354-45f5-8abc-ab9fc0487f36: addNew group-8413612DC804:[] returns group-8413612DC804:java.util.concurrent.CompletableFuture@302184ec[Not completed]
2024-01-30 07:48:27,205 [d07b3c51-3354-45f5-8abc-ab9fc0487f36-groupManagement] INFO  server.RaftServer$Division (RaftServerImpl.java:<init>(256)) - d07b3c51-3354-45f5-8abc-ab9fc0487f36: new RaftServerImpl for group-081A3AAC6D40:[] with ContainerStateMachine:uninitialized
2024-01-30 07:48:27,205 [d07b3c51-3354-45f5-8abc-ab9fc0487f36-groupManagement] INFO  server.RaftServerConfigKeys (ConfUtils.java:logGet(46)) - raft.server.rpc.timeout.min = 5s (custom)
2024-01-30 07:48:27,205 [d07b3c51-3354-45f5-8abc-ab9fc0487f36-groupManagement] INFO  server.RaftServerConfigKeys (ConfUtils.java:logGet(46)) - raft.server.rpc.timeout.max = 5200ms (custom)
2024-01-30 07:48:27,205 [d07b3c51-3354-45f5-8abc-ab9fc0487f36-groupManagement] INFO  server.RaftServerConfigKeys (ConfUtils.java:logGet(46)) - raft.server.rpc.sleep.time = 25ms (default)
2024-01-30 07:48:27,205 [d07b3c51-3354-45f5-8abc-ab9fc0487f36-groupManagement] INFO  server.RaftServerConfigKeys (ConfUtils.java:logGet(46)) - raft.server.rpc.slowness.timeout = 300s (custom)
2024-01-30 07:48:27,205 [d07b3c51-3354-45f5-8abc-ab9fc0487f36-groupManagement] INFO  server.RaftServerConfigKeys (ConfUtils.java:logGet(46)) - raft.server.leaderelection.leader.step-down.wait-time = 10s (default)
2024-01-30 07:48:27,205 [d07b3c51-3354-45f5-8abc-ab9fc0487f36-groupManagement] INFO  server.RaftServerConfigKeys (ConfUtils.java:logGet(46)) - raft.server.leaderelection.member.majority-add = false (default)
2024-01-30 07:48:27,205 [d07b3c51-3354-45f5-8abc-ab9fc0487f36-groupManagement] INFO  server.RaftServerConfigKeys (ConfUtils.java:logGet(46)) - raft.server.sleep.deviation.threshold = 300ms (default)
2024-01-30 07:48:27,205 [d07b3c51-3354-45f5-8abc-ab9fc0487f36-groupManagement] INFO  server.RaftServer$Division (ServerState.java:<init>(113)) - d07b3c51-3354-45f5-8abc-ab9fc0487f36@group-081A3AAC6D40: ConfigurationManager, init=-1: peers:[]|listeners:[], old=null, confs=<EMPTY_MAP>
2024-01-30 07:48:27,205 [d07b3c51-3354-45f5-8abc-ab9fc0487f36-groupManagement] INFO  server.RaftServerConfigKeys (ConfUtils.java:logGet(46)) - raft.server.notification.no-leader.timeout = 300s (custom)
2024-01-30 07:48:27,205 [d07b3c51-3354-45f5-8abc-ab9fc0487f36-groupManagement] INFO  server.RaftServerConfigKeys (ConfUtils.java:logGet(46)) - raft.server.read.timeout = 10s (default)
2024-01-30 07:48:27,205 [d07b3c51-3354-45f5-8abc-ab9fc0487f36-groupManagement] INFO  server.RaftServerConfigKeys (ConfUtils.java:logGet(46)) - raft.server.retrycache.expirytime = 600000ms (custom)
2024-01-30 07:48:27,205 [d07b3c51-3354-45f5-8abc-ab9fc0487f36-groupManagement] INFO  server.RaftServerConfigKeys (ConfUtils.java:logGet(46)) - raft.server.retrycache.statistics.expirytime = 100ms (default)
2024-01-30 07:48:27,205 [d07b3c51-3354-45f5-8abc-ab9fc0487f36-groupManagement] INFO  server.RaftServerConfigKeys (ConfUtils.java:logGet(46)) - raft.server.read.option = DEFAULT (default)
2024-01-30 07:48:27,205 [d07b3c51-3354-45f5-8abc-ab9fc0487f36-groupManagement] INFO  server.RaftServerConfigKeys (ConfUtils.java:logGet(46)) - raft.server.read.read-after-write-consistent.write-index-cache.expiry-time = 60s (default)
2024-01-30 07:48:27,206 [d07b3c51-3354-45f5-8abc-ab9fc0487f36-groupManagement] INFO  server.RaftServerConfigKeys (ConfUtils.java:logGet(46)) - raft.server.rpc.request.timeout = 60s (custom)
2024-01-30 07:48:27,206 [d07b3c51-3354-45f5-8abc-ab9fc0487f36-groupManagement] INFO  server.RaftServerConfigKeys (ConfUtils.java:logGet(46)) - raft.server.log.appender.install.snapshot.enabled = false (custom)
2024-01-30 07:48:27,206 [main] INFO  replication.ReplicationServer (ReplicationServer.java:<init>(86)) - Initializing replication server with thread count = 10 queue length = 4096
2024-01-30 07:48:27,206 [d07b3c51-3354-45f5-8abc-ab9fc0487f36-groupManagement] INFO  server.RaftServerConfigKeys (ConfUtils.java:logGet(46)) - raft.server.threadpool.server.cached = true (default)
2024-01-30 07:48:27,206 [d07b3c51-3354-45f5-8abc-ab9fc0487f36-groupManagement] INFO  server.RaftServerConfigKeys (ConfUtils.java:logGet(46)) - raft.server.threadpool.server.size = 0 (default)
2024-01-30 07:48:27,206 [d07b3c51-3354-45f5-8abc-ab9fc0487f36-groupManagement] INFO  server.RaftServerConfigKeys (ConfUtils.java:logGet(46)) - raft.server.threadpool.client.cached = true (default)
2024-01-30 07:48:27,206 [d07b3c51-3354-45f5-8abc-ab9fc0487f36-groupManagement] INFO  server.RaftServerConfigKeys (ConfUtils.java:logGet(46)) - raft.server.threadpool.client.size = 0 (default)
2024-01-30 07:48:27,207 [d07b3c51-3354-45f5-8abc-ab9fc0487f36-groupManagement] INFO  server.RaftServer$Division (RaftServerImpl.java:<init>(256)) - d07b3c51-3354-45f5-8abc-ab9fc0487f36: new RaftServerImpl for group-B54A4A0E8004:[] with ContainerStateMachine:uninitialized
2024-01-30 07:48:27,207 [d07b3c51-3354-45f5-8abc-ab9fc0487f36-groupManagement] INFO  server.RaftServerConfigKeys (ConfUtils.java:logGet(46)) - raft.server.rpc.timeout.min = 5s (custom)
2024-01-30 07:48:27,207 [d07b3c51-3354-45f5-8abc-ab9fc0487f36-groupManagement] INFO  server.RaftServerConfigKeys (ConfUtils.java:logGet(46)) - raft.server.rpc.timeout.max = 5200ms (custom)
2024-01-30 07:48:27,207 [d07b3c51-3354-45f5-8abc-ab9fc0487f36-groupManagement] INFO  server.RaftServerConfigKeys (ConfUtils.java:logGet(46)) - raft.server.rpc.sleep.time = 25ms (default)
2024-01-30 07:48:27,207 [d07b3c51-3354-45f5-8abc-ab9fc0487f36-groupManagement] INFO  server.RaftServerConfigKeys (ConfUtils.java:logGet(46)) - raft.server.rpc.slowness.timeout = 300s (custom)
2024-01-30 07:48:27,207 [main] INFO  server.XceiverServerGrpc (XceiverServerGrpc.java:<init>(141)) - GrpcServer channel type EpollServerSocketChannel
2024-01-30 07:48:27,207 [d07b3c51-3354-45f5-8abc-ab9fc0487f36-groupManagement] INFO  server.RaftServerConfigKeys (ConfUtils.java:logGet(46)) - raft.server.leaderelection.leader.step-down.wait-time = 10s (default)
2024-01-30 07:48:27,207 [d07b3c51-3354-45f5-8abc-ab9fc0487f36-groupManagement] INFO  server.RaftServerConfigKeys (ConfUtils.java:logGet(46)) - raft.server.leaderelection.member.majority-add = false (default)
2024-01-30 07:48:27,207 [d07b3c51-3354-45f5-8abc-ab9fc0487f36-groupManagement] INFO  server.RaftServerConfigKeys (ConfUtils.java:logGet(46)) - raft.server.sleep.deviation.threshold = 300ms (default)
2024-01-30 07:48:27,207 [d07b3c51-3354-45f5-8abc-ab9fc0487f36-groupManagement] INFO  server.RaftServer$Division (ServerState.java:<init>(113)) - d07b3c51-3354-45f5-8abc-ab9fc0487f36@group-B54A4A0E8004: ConfigurationManager, init=-1: peers:[]|listeners:[], old=null, confs=<EMPTY_MAP>
2024-01-30 07:48:27,208 [d07b3c51-3354-45f5-8abc-ab9fc0487f36-groupManagement] INFO  server.RaftServerConfigKeys (ConfUtils.java:logGet(46)) - raft.server.notification.no-leader.timeout = 300s (custom)
2024-01-30 07:48:27,208 [d07b3c51-3354-45f5-8abc-ab9fc0487f36-groupManagement] INFO  server.RaftServerConfigKeys (ConfUtils.java:logGet(46)) - raft.server.read.timeout = 10s (default)
2024-01-30 07:48:27,208 [d07b3c51-3354-45f5-8abc-ab9fc0487f36-groupManagement] INFO  server.RaftServerConfigKeys (ConfUtils.java:logGet(46)) - raft.server.retrycache.expirytime = 600000ms (custom)
2024-01-30 07:48:27,208 [d07b3c51-3354-45f5-8abc-ab9fc0487f36-groupManagement] INFO  server.RaftServerConfigKeys (ConfUtils.java:logGet(46)) - raft.server.retrycache.statistics.expirytime = 100ms (default)
2024-01-30 07:48:27,208 [d07b3c51-3354-45f5-8abc-ab9fc0487f36-groupManagement] INFO  server.RaftServerConfigKeys (ConfUtils.java:logGet(46)) - raft.server.read.option = DEFAULT (default)
2024-01-30 07:48:27,208 [d07b3c51-3354-45f5-8abc-ab9fc0487f36-groupManagement] INFO  server.RaftServerConfigKeys (ConfUtils.java:logGet(46)) - raft.server.read.read-after-write-consistent.write-index-cache.expiry-time = 60s (default)
2024-01-30 07:48:27,208 [d07b3c51-3354-45f5-8abc-ab9fc0487f36-groupManagement] INFO  server.RaftServerConfigKeys (ConfUtils.java:logGet(46)) - raft.server.rpc.request.timeout = 60s (custom)
2024-01-30 07:48:27,208 [d07b3c51-3354-45f5-8abc-ab9fc0487f36-groupManagement] INFO  server.RaftServerConfigKeys (ConfUtils.java:logGet(46)) - raft.server.log.appender.install.snapshot.enabled = false (custom)
2024-01-30 07:48:27,208 [d07b3c51-3354-45f5-8abc-ab9fc0487f36-groupManagement] INFO  server.RaftServerConfigKeys (ConfUtils.java:logGet(46)) - raft.server.threadpool.server.cached = true (default)
2024-01-30 07:48:27,208 [d07b3c51-3354-45f5-8abc-ab9fc0487f36-groupManagement] INFO  server.RaftServerConfigKeys (ConfUtils.java:logGet(46)) - raft.server.threadpool.server.size = 0 (default)
2024-01-30 07:48:27,208 [d07b3c51-3354-45f5-8abc-ab9fc0487f36-groupManagement] INFO  server.RaftServerConfigKeys (ConfUtils.java:logGet(46)) - raft.server.threadpool.client.cached = true (default)
2024-01-30 07:48:27,208 [d07b3c51-3354-45f5-8abc-ab9fc0487f36-groupManagement] INFO  server.RaftServerConfigKeys (ConfUtils.java:logGet(46)) - raft.server.threadpool.client.size = 0 (default)
2024-01-30 07:48:27,209 [d07b3c51-3354-45f5-8abc-ab9fc0487f36-groupManagement] INFO  server.RaftServer$Division (RaftServerImpl.java:<init>(256)) - d07b3c51-3354-45f5-8abc-ab9fc0487f36: new RaftServerImpl for group-8413612DC804:[] with ContainerStateMachine:uninitialized
2024-01-30 07:48:27,209 [d07b3c51-3354-45f5-8abc-ab9fc0487f36-groupManagement] INFO  server.RaftServerConfigKeys (ConfUtils.java:logGet(46)) - raft.server.rpc.timeout.min = 5s (custom)
2024-01-30 07:48:27,209 [d07b3c51-3354-45f5-8abc-ab9fc0487f36-groupManagement] INFO  server.RaftServerConfigKeys (ConfUtils.java:logGet(46)) - raft.server.rpc.timeout.max = 5200ms (custom)
2024-01-30 07:48:27,209 [d07b3c51-3354-45f5-8abc-ab9fc0487f36-groupManagement] INFO  server.RaftServerConfigKeys (ConfUtils.java:logGet(46)) - raft.server.rpc.sleep.time = 25ms (default)
2024-01-30 07:48:27,209 [d07b3c51-3354-45f5-8abc-ab9fc0487f36-groupManagement] INFO  server.RaftServerConfigKeys (ConfUtils.java:logGet(46)) - raft.server.rpc.slowness.timeout = 300s (custom)
2024-01-30 07:48:27,209 [d07b3c51-3354-45f5-8abc-ab9fc0487f36-groupManagement] INFO  server.RaftServerConfigKeys (ConfUtils.java:logGet(46)) - raft.server.leaderelection.leader.step-down.wait-time = 10s (default)
2024-01-30 07:48:27,209 [d07b3c51-3354-45f5-8abc-ab9fc0487f36-groupManagement] INFO  server.RaftServerConfigKeys (ConfUtils.java:logGet(46)) - raft.server.leaderelection.member.majority-add = false (default)
2024-01-30 07:48:27,209 [d07b3c51-3354-45f5-8abc-ab9fc0487f36-groupManagement] INFO  server.RaftServerConfigKeys (ConfUtils.java:logGet(46)) - raft.server.sleep.deviation.threshold = 300ms (default)
2024-01-30 07:48:27,210 [d07b3c51-3354-45f5-8abc-ab9fc0487f36-groupManagement] INFO  server.RaftServer$Division (ServerState.java:<init>(113)) - d07b3c51-3354-45f5-8abc-ab9fc0487f36@group-8413612DC804: ConfigurationManager, init=-1: peers:[]|listeners:[], old=null, confs=<EMPTY_MAP>
2024-01-30 07:48:27,210 [d07b3c51-3354-45f5-8abc-ab9fc0487f36-groupManagement] INFO  server.RaftServerConfigKeys (ConfUtils.java:logGet(46)) - raft.server.notification.no-leader.timeout = 300s (custom)
2024-01-30 07:48:27,210 [d07b3c51-3354-45f5-8abc-ab9fc0487f36-groupManagement] INFO  server.RaftServerConfigKeys (ConfUtils.java:logGet(46)) - raft.server.read.timeout = 10s (default)
2024-01-30 07:48:27,210 [d07b3c51-3354-45f5-8abc-ab9fc0487f36-groupManagement] INFO  server.RaftServerConfigKeys (ConfUtils.java:logGet(46)) - raft.server.retrycache.expirytime = 600000ms (custom)
2024-01-30 07:48:27,210 [d07b3c51-3354-45f5-8abc-ab9fc0487f36-groupManagement] INFO  server.RaftServerConfigKeys (ConfUtils.java:logGet(46)) - raft.server.retrycache.statistics.expirytime = 100ms (default)
2024-01-30 07:48:27,210 [d07b3c51-3354-45f5-8abc-ab9fc0487f36-groupManagement] INFO  server.RaftServerConfigKeys (ConfUtils.java:logGet(46)) - raft.server.read.option = DEFAULT (default)
2024-01-30 07:48:27,210 [d07b3c51-3354-45f5-8abc-ab9fc0487f36-groupManagement] INFO  server.RaftServerConfigKeys (ConfUtils.java:logGet(46)) - raft.server.read.read-after-write-consistent.write-index-cache.expiry-time = 60s (default)
2024-01-30 07:48:27,210 [d07b3c51-3354-45f5-8abc-ab9fc0487f36-groupManagement] INFO  server.RaftServerConfigKeys (ConfUtils.java:logGet(46)) - raft.server.rpc.request.timeout = 60s (custom)
2024-01-30 07:48:27,210 [d07b3c51-3354-45f5-8abc-ab9fc0487f36-groupManagement] INFO  server.RaftServerConfigKeys (ConfUtils.java:logGet(46)) - raft.server.log.appender.install.snapshot.enabled = false (custom)
2024-01-30 07:48:27,210 [main] INFO  replication.ReplicationSupervisor (ReplicationSupervisor.java:build(163)) - Initializing replication supervisor with thread count = 10
2024-01-30 07:48:27,210 [d07b3c51-3354-45f5-8abc-ab9fc0487f36-groupManagement] INFO  server.RaftServerConfigKeys (ConfUtils.java:logGet(46)) - raft.server.threadpool.server.cached = true (default)
2024-01-30 07:48:27,210 [main] INFO  replication.ReplicationSupervisor (ReplicationSupervisor.java:nodeStateUpdated(317)) - Node state updated to IN_SERVICE, scaling executor pool size to 10
2024-01-30 07:48:27,210 [d07b3c51-3354-45f5-8abc-ab9fc0487f36-groupManagement] INFO  server.RaftServerConfigKeys (ConfUtils.java:logGet(46)) - raft.server.threadpool.server.size = 0 (default)
2024-01-30 07:48:27,211 [d07b3c51-3354-45f5-8abc-ab9fc0487f36-groupManagement] INFO  server.RaftServerConfigKeys (ConfUtils.java:logGet(46)) - raft.server.threadpool.client.cached = true (default)
2024-01-30 07:48:27,211 [d07b3c51-3354-45f5-8abc-ab9fc0487f36-groupManagement] INFO  server.RaftServerConfigKeys (ConfUtils.java:logGet(46)) - raft.server.threadpool.client.size = 0 (default)
2024-01-30 07:48:27,212 [main] INFO  http.BaseHttpServer (BaseHttpServer.java:newHttpServer2BuilderForOzone(223)) - Starting Web-server for hddsDatanode at: http://0.0.0.0:15071
2024-01-30 07:48:27,212 [main] INFO  http.BaseHttpServer (BaseHttpServer.java:<init>(110)) - Hadoop Security Enabled: false Ozone Security Enabled: false Ozone HTTP Security Enabled: false 
2024-01-30 07:48:27,213 [main] WARN  server.AuthenticationFilter (AuthenticationFilter.java:constructSecretProvider(240)) - Unable to initialize FileSignerSecretProvider, falling back to use random secrets. Reason: Could not read signature secret file: /home/runner/hadoop-http-auth-signature-secret
2024-01-30 07:48:27,214 [main] INFO  http.HttpRequestLog (HttpRequestLog.java:getRequestLog(86)) - Http request log for http.requests.hddsDatanode is not defined
2024-01-30 07:48:27,215 [main] INFO  http.HttpServer2 (HttpServer2.java:addGlobalFilter(1036)) - Added global filter 'safety' (class=org.apache.hadoop.hdds.server.http.HttpServer2$QuotingInputFilter)
2024-01-30 07:48:27,215 [main] INFO  http.HttpServer2 (HttpServer2.java:addFilter(1012)) - Added filter static_user_filter (class=org.apache.hadoop.http.lib.StaticUserWebFilter$StaticUserFilter) to context hddsDatanode
2024-01-30 07:48:27,216 [main] INFO  http.HttpServer2 (HttpServer2.java:addFilter(1020)) - Added filter static_user_filter (class=org.apache.hadoop.http.lib.StaticUserWebFilter$StaticUserFilter) to context logs
2024-01-30 07:48:27,216 [main] INFO  http.HttpServer2 (HttpServer2.java:addFilter(1020)) - Added filter static_user_filter (class=org.apache.hadoop.http.lib.StaticUserWebFilter$StaticUserFilter) to context static
2024-01-30 07:48:27,216 [main] INFO  http.BaseHttpServer (BaseHttpServer.java:<init>(189)) - HTTP server of hddsDatanode uses base directory /home/runner/work/ozone/ozone/hadoop-ozone/integration-test/target/test-dir/MiniOzoneClusterImpl-3ad60551-d9fb-454a-addc-4d3fe7110c5e/datanode-0/meta/webserver
2024-01-30 07:48:27,216 [main] INFO  http.HttpServer2 (HttpServer2.java:bindListener(1236)) - Jetty bound to port 15071
2024-01-30 07:48:27,216 [main] INFO  server.Server (Server.java:doStart(375)) - jetty-9.4.53.v20231009; built: 2023-10-09T12:29:09.265Z; git: 27bde00a0b95a1d5bbee0eae7984f891d2d0f8c9; jvm 1.8.0_392-b08
2024-01-30 07:48:27,217 [main] INFO  server.session (DefaultSessionIdManager.java:doStart(334)) - DefaultSessionIdManager workerName=node0
2024-01-30 07:48:27,218 [main] INFO  server.session (DefaultSessionIdManager.java:doStart(339)) - No SessionScavenger set, using defaults
2024-01-30 07:48:27,218 [main] INFO  server.session (HouseKeeper.java:startScavenging(132)) - node0 Scavenging every 660000ms
2024-01-30 07:48:27,218 [main] INFO  handler.ContextHandler (ContextHandler.java:doStart(921)) - Started o.e.j.s.ServletContextHandler@7a6d5fdf{logs,/logs,file:///home/runner/work/ozone/ozone/hadoop-ozone/integration-test/target/log,AVAILABLE}
2024-01-30 07:48:27,219 [main] INFO  handler.ContextHandler (ContextHandler.java:doStart(921)) - Started o.e.j.s.ServletContextHandler@632189d8{static,/static,jar:file:/home/runner/.m2/repository/org/apache/ozone/hdds-container-service/1.5.0-SNAPSHOT/hdds-container-service-1.5.0-SNAPSHOT.jar!/webapps/static,AVAILABLE}
2024-01-30 07:48:27,229 [RatisPipelineUtilsThread-0] ERROR pipeline.PipelinePlacementPolicy (PipelinePlacementPolicy.java:filterViableNodes(143)) - No healthy node found to allocate container.
2024-01-30 07:48:27,251 [main] INFO  handler.ContextHandler (ContextHandler.java:doStart(921)) - Started o.e.j.w.WebAppContext@4ecac4d4{hddsDatanode,/,file:///home/runner/work/ozone/ozone/hadoop-ozone/integration-test/target/test-dir/MiniOzoneClusterImpl-3ad60551-d9fb-454a-addc-4d3fe7110c5e/datanode-0/meta/webserver/jetty-0_0_0_0-15071-hdds-container-service-1_5_0-SNAPSHOT_jar-_-any-4278891328338486191/webapp/,AVAILABLE}{jar:file:/home/runner/.m2/repository/org/apache/ozone/hdds-container-service/1.5.0-SNAPSHOT/hdds-container-service-1.5.0-SNAPSHOT.jar!/webapps/hddsDatanode}
2024-01-30 07:48:27,253 [main] INFO  server.AbstractConnector (AbstractConnector.java:doStart(333)) - Started ServerConnector@66fbba6b{HTTP/1.1, (http/1.1)}{0.0.0.0:15071}
2024-01-30 07:48:27,253 [main] INFO  server.Server (Server.java:doStart(415)) - Started @213021ms
2024-01-30 07:48:27,253 [main] WARN  impl.MetricsSystemImpl (MetricsSystemImpl.java:register(279)) - Sink prometheus already exists!
2024-01-30 07:48:27,253 [main] INFO  http.BaseHttpServer (BaseHttpServer.java:updateConnectorAddress(354)) - HTTP server of hddsDatanode listening at http://0.0.0.0:15071
2024-01-30 07:48:27,254 [main] INFO  ipc.CallQueueManager (CallQueueManager.java:<init>(90)) - Using callQueue: class java.util.concurrent.LinkedBlockingQueue, queueCapacity: 100, scheduler: class org.apache.hadoop.ipc.DefaultRpcScheduler, ipcBackoff: false.
2024-01-30 07:48:27,254 [main] INFO  ipc.Server (Server.java:<init>(1287)) - Listener at 0.0.0.0:15072
2024-01-30 07:48:27,254 [Socket Reader #1 for port 15072] INFO  ipc.Server (Server.java:run(1323)) - Starting Socket Reader #1 for port 15072
2024-01-30 07:48:27,259 [main] INFO  ozone.HddsDatanodeService (HddsDatanodeService.java:start(327)) - Datanode start with admins: [runner]
2024-01-30 07:48:27,259 [main] INFO  ozone.HddsDatanodeClientProtocolServer (HddsDatanodeClientProtocolServer.java:start(72)) - RPC server for Client /0.0.0.0:15072
2024-01-30 07:48:27,260 [IPC Server listener on 15072] INFO  ipc.Server (Server.java:run(1402)) - IPC Server listener on 15072: starting
2024-01-30 07:48:27,260 [IPC Server Responder] INFO  ipc.Server (Server.java:run(1562)) - IPC Server Responder: starting
2024-01-30 07:48:27,266 [d07b3c51-3354-45f5-8abc-ab9fc0487f36-DatanodeStateMachineDaemonThread] INFO  statemachine.DatanodeStateMachine (DatanodeStateMachine.java:lambda$startDaemon$1(555)) - Ozone container server started.
2024-01-30 07:48:27,267 [main] WARN  dropwizard3.Dm3MetricRegistriesImpl (Dm3MetricRegistriesImpl.java:addReporterRegistration(113)) - New reporters are added after registries were created. Some metrics will be missing from the reporter. Please add reporter before adding any new registry.
2024-01-30 07:48:27,267 [main] WARN  dropwizard3.Dm3MetricRegistriesImpl (Dm3MetricRegistriesImpl.java:addReporterRegistration(113)) - New reporters are added after registries were created. Some metrics will be missing from the reporter. Please add reporter before adding any new registry.
2024-01-30 07:48:27,268 [main] INFO  impl.MetricsSystemImpl (MetricsSystemImpl.java:init(158)) - HddsDatanode metrics system started (again)
2024-01-30 07:48:27,273 [d07b3c51-3354-45f5-8abc-ab9fc0487f36-DatanodeStateMachineTaskThread-0] INFO  datanode.InitDatanodeState (InitDatanodeState.java:persistContainerDatanodeDetails(139)) - DatanodeDetails is persisted to /home/runner/work/ozone/ozone/hadoop-ozone/integration-test/target/test-dir/MiniOzoneClusterImpl-3ad60551-d9fb-454a-addc-4d3fe7110c5e/datanode-0/meta/datanode.id
2024-01-30 07:48:27,284 [main] INFO  ozone.HddsDatanodeService (HddsDatanodeService.java:start(240)) - HddsDatanodeService host:fv-az1436-717.rp122gijlobebpuychzvuh3j3h.bx.internal.cloudapp.net ip:10.1.0.48
2024-01-30 07:48:27,301 [main] INFO  upgrade.AbstractLayoutVersionManager (AbstractLayoutVersionManager.java:init(83)) - Initializing Layout version manager with metadata layout = HADOOP_PRC_PORTS_IN_DATANODEDETAILS (version = 7), software layout = HADOOP_PRC_PORTS_IN_DATANODEDETAILS (version = 7)
2024-01-30 07:48:27,301 [main] INFO  statemachine.DatanodeStateMachine (DatanodeStateMachine.java:getEndPointTaskThreadPoolSize(299)) - Datanode State Machine Task Thread Pool size 2
2024-01-30 07:48:27,303 [main] INFO  volume.HddsVolume (HddsVolume.java:<init>(125)) - Creating HddsVolume: /home/runner/work/ozone/ozone/hadoop-ozone/integration-test/target/test-dir/MiniOzoneClusterImpl-3ad60551-d9fb-454a-addc-4d3fe7110c5e/datanode-1/data-0/containers/hdds of storage type : DISK capacity : 9223372036854775807
2024-01-30 07:48:27,303 [main] INFO  volume.MutableVolumeSet (MutableVolumeSet.java:initializeVolumeSet(173)) - Added Volume : /home/runner/work/ozone/ozone/hadoop-ozone/integration-test/target/test-dir/MiniOzoneClusterImpl-3ad60551-d9fb-454a-addc-4d3fe7110c5e/datanode-1/data-0/containers/hdds to VolumeSet
2024-01-30 07:48:27,304 [main] INFO  volume.MutableVolumeSet (MutableVolumeSet.java:initializeVolumeSet(173)) - Added Volume : /home/runner/work/ozone/ozone/hadoop-ozone/integration-test/target/test-dir/MiniOzoneClusterImpl-3ad60551-d9fb-454a-addc-4d3fe7110c5e/datanode-1/data/ratis to VolumeSet
2024-01-30 07:48:27,319 [ForkJoinPool.commonPool-worker-1] INFO  utils.DatanodeStoreCache (DatanodeStoreCache.java:addDB(72)) - Added db /home/runner/work/ozone/ozone/hadoop-ozone/integration-test/target/test-dir/MiniOzoneClusterImpl-3ad60551-d9fb-454a-addc-4d3fe7110c5e/datanode-1/data-0/containers/hdds/3ad60551-d9fb-454a-addc-4d3fe7110c5e/DS-d81a498e-648d-4968-b729-46474a7ab620/container.db to cache
2024-01-30 07:48:27,319 [ForkJoinPool.commonPool-worker-1] INFO  volume.HddsVolume (HddsVolume.java:loadDbStore(373)) - SchemaV3 db is loaded at /home/runner/work/ozone/ozone/hadoop-ozone/integration-test/target/test-dir/MiniOzoneClusterImpl-3ad60551-d9fb-454a-addc-4d3fe7110c5e/datanode-1/data-0/containers/hdds/3ad60551-d9fb-454a-addc-4d3fe7110c5e/DS-d81a498e-648d-4968-b729-46474a7ab620/container.db for volume DS-d81a498e-648d-4968-b729-46474a7ab620
2024-01-30 07:48:27,319 [main] INFO  ozoneimpl.OzoneContainer (HddsVolumeUtil.java:loadAllHddsVolumeDbStore(103)) - Load 1 volumes DbStore cost: 15ms
2024-01-30 07:48:27,320 [b0b6b7fd-b71c-48b9-9e8b-e03541d31df9-ContainerReader-0] INFO  ozoneimpl.ContainerReader (ContainerReader.java:readVolume(148)) - Start to verify containers on volume /home/runner/work/ozone/ozone/hadoop-ozone/integration-test/target/test-dir/MiniOzoneClusterImpl-3ad60551-d9fb-454a-addc-4d3fe7110c5e/datanode-1/data-0/containers/hdds
2024-01-30 07:48:27,320 [b0b6b7fd-b71c-48b9-9e8b-e03541d31df9-ContainerReader-0] INFO  ozoneimpl.ContainerReader (ContainerReader.java:readVolume(178)) - Finish verifying containers on volume /home/runner/work/ozone/ozone/hadoop-ozone/integration-test/target/test-dir/MiniOzoneClusterImpl-3ad60551-d9fb-454a-addc-4d3fe7110c5e/datanode-1/data-0/containers/hdds
2024-01-30 07:48:27,320 [main] INFO  ozoneimpl.OzoneContainer (OzoneContainer.java:buildContainerSet(328)) - Build ContainerSet costs 0s
2024-01-30 07:48:27,322 [main] INFO  server.RaftServer (ConfUtils.java:logGet(46)) - raft.rpc.type = GRPC (default)
2024-01-30 07:48:27,322 [main] INFO  grpc.GrpcConfigKeys (ConfUtils.java:logFallback(53)) - raft.grpc.admin.host = null (fallback to raft.grpc.server.host)
2024-01-30 07:48:27,322 [main] INFO  grpc.GrpcConfigKeys (ConfUtils.java:logGet(46)) - raft.grpc.admin.port = 15084 (custom)
2024-01-30 07:48:27,322 [main] INFO  grpc.GrpcConfigKeys (ConfUtils.java:logFallback(53)) - raft.grpc.client.host = null (fallback to raft.grpc.server.host)
2024-01-30 07:48:27,323 [main] INFO  grpc.GrpcConfigKeys (ConfUtils.java:logGet(46)) - raft.grpc.client.port = 15083 (custom)
2024-01-30 07:48:27,323 [main] INFO  grpc.GrpcConfigKeys (ConfUtils.java:logGet(46)) - raft.grpc.server.host = null (default)
2024-01-30 07:48:27,323 [main] INFO  grpc.GrpcConfigKeys (ConfUtils.java:logGet(46)) - raft.grpc.server.port = 15085 (custom)
2024-01-30 07:48:27,323 [main] INFO  server.GrpcService (ConfUtils.java:logGet(46)) - raft.grpc.message.size.max = 32MB (=33554432) (custom)
2024-01-30 07:48:27,323 [main] INFO  server.RaftServerConfigKeys (ConfUtils.java:logGet(46)) - raft.server.log.appender.buffer.byte-limit = 8388608 (custom)
2024-01-30 07:48:27,324 [main] INFO  server.GrpcService (ConfUtils.java:logGet(46)) - raft.grpc.flow.control.window = 5MB (=5242880) (custom)
2024-01-30 07:48:27,324 [main] INFO  server.RaftServerConfigKeys (ConfUtils.java:logGet(46)) - raft.server.rpc.request.timeout = 60s (custom)
2024-01-30 07:48:27,324 [main] INFO  grpc.GrpcConfigKeys (ConfUtils.java:logGet(46)) - raft.grpc.server.heartbeat.channel = true (default)
2024-01-30 07:48:27,324 [main] INFO  grpc.GrpcConfigKeys (ConfUtils.java:logGet(46)) - raft.grpc.server.async.request.thread.pool.cached = true (default)
2024-01-30 07:48:27,324 [main] INFO  grpc.GrpcConfigKeys (ConfUtils.java:logGet(46)) - raft.grpc.server.async.request.thread.pool.size = 32 (default)
2024-01-30 07:48:27,326 [main] INFO  impl.DataStreamServerImpl (ConfUtils.java:logGet(46)) - raft.datastream.type = NETTY (custom)
2024-01-30 07:48:27,326 [main] INFO  server.RaftServerConfigKeys (ConfUtils.java:logGet(46)) - raft.server.data-stream.async.request.thread.pool.cached = false (default)
2024-01-30 07:48:27,327 [main] INFO  server.RaftServerConfigKeys (ConfUtils.java:logGet(46)) - raft.server.data-stream.async.request.thread.pool.size = 20 (custom)
2024-01-30 07:48:27,327 [main] INFO  server.RaftServerConfigKeys (ConfUtils.java:logGet(46)) - raft.server.data-stream.async.write.thread.pool.size = 16 (default)
2024-01-30 07:48:27,327 [main] INFO  netty.NettyConfigKeys$DataStream (ConfUtils.java:logGet(46)) - raft.netty.dataStream.server.channel.inactive.grace-period = 10min (default)
2024-01-30 07:48:27,327 [main] INFO  server.RaftServerConfigKeys (ConfUtils.java:logGet(46)) - raft.server.data-stream.client.pool.size = 10 (default)
2024-01-30 07:48:27,327 [main] INFO  netty.NettyConfigKeys$DataStream (ConfUtils.java:logGet(46)) - raft.netty.dataStream.server.use-epoll = true (default)
2024-01-30 07:48:27,328 [main] INFO  netty.NettyConfigKeys$DataStream (ConfUtils.java:logGet(46)) - raft.netty.dataStream.server.boss-group.size = 0 (default)
2024-01-30 07:48:27,328 [main] INFO  netty.NettyUtils (NettyUtils.java:newEventLoopGroup(69)) - Create EpollEventLoopGroup for b0b6b7fd-b71c-48b9-9e8b-e03541d31df9-NettyServerStreamRpc-bossGroup; Thread size is 0.
2024-01-30 07:48:27,328 [main] INFO  netty.NettyConfigKeys$DataStream (ConfUtils.java:logGet(46)) - raft.netty.dataStream.server.worker-group.size = 0 (default)
2024-01-30 07:48:27,328 [main] INFO  netty.NettyUtils (NettyUtils.java:newEventLoopGroup(69)) - Create EpollEventLoopGroup for b0b6b7fd-b71c-48b9-9e8b-e03541d31df9-NettyServerStreamRpc-workerGroup; Thread size is 0.
2024-01-30 07:48:27,329 [main] INFO  netty.NettyConfigKeys$DataStream (ConfUtils.java:logGet(46)) - raft.netty.dataStream.server.tls.conf = null (default)
2024-01-30 07:48:27,329 [main] INFO  netty.NettyConfigKeys$DataStream (ConfUtils.java:logGet(46)) - raft.netty.dataStream.host = null (default)
2024-01-30 07:48:27,329 [main] INFO  netty.NettyConfigKeys$DataStream (ConfUtils.java:logGet(46)) - raft.netty.dataStream.port = 15086 (custom)
2024-01-30 07:48:27,329 [main] INFO  server.RaftServerConfigKeys (ConfUtils.java:logGet(46)) - raft.server.sleep.deviation.threshold = 300ms (default)
2024-01-30 07:48:27,330 [main] INFO  server.RaftServerConfigKeys (ConfUtils.java:logGet(46)) - raft.server.close.threshold = 60s (default)
2024-01-30 07:48:27,330 [b0b6b7fd-b71c-48b9-9e8b-e03541d31df9-NettyServerStreamRpc-bossGroup--thread1] INFO  logging.LoggingHandler (AbstractInternalLogger.java:log(148)) - [id: 0x6cd06d8c] REGISTERED
2024-01-30 07:48:27,330 [main] INFO  server.RaftServerConfigKeys (ConfUtils.java:logGet(46)) - raft.server.leaderelection.leader.step-down.wait-time = 10s (default)
2024-01-30 07:48:27,330 [b0b6b7fd-b71c-48b9-9e8b-e03541d31df9-NettyServerStreamRpc-bossGroup--thread1] INFO  logging.LoggingHandler (AbstractInternalLogger.java:log(148)) - [id: 0x6cd06d8c] BIND: 0.0.0.0/0.0.0.0:15086
2024-01-30 07:48:27,330 [main] INFO  server.RaftServerConfigKeys (ConfUtils.java:logGet(46)) - raft.server.storage.dir = [/home/runner/work/ozone/ozone/hadoop-ozone/integration-test/target/test-dir/MiniOzoneClusterImpl-3ad60551-d9fb-454a-addc-4d3fe7110c5e/datanode-1/data/ratis] (custom)
2024-01-30 07:48:27,330 [b0b6b7fd-b71c-48b9-9e8b-e03541d31df9-NettyServerStreamRpc-bossGroup--thread1] INFO  logging.LoggingHandler (AbstractInternalLogger.java:log(148)) - [id: 0x6cd06d8c, L:/0.0.0.0:15086] ACTIVE
2024-01-30 07:48:27,330 [main] INFO  server.RaftServerConfigKeys (ConfUtils.java:logGet(46)) - raft.server.threadpool.proxy.cached = true (default)
2024-01-30 07:48:27,331 [main] INFO  server.RaftServerConfigKeys (ConfUtils.java:logGet(46)) - raft.server.threadpool.proxy.size = 0 (default)
2024-01-30 07:48:27,331 [b0b6b7fd-b71c-48b9-9e8b-e03541d31df9-impl-thread1] INFO  server.RaftServer (RaftServerProxy.java:initGroupDir(264)) - b0b6b7fd-b71c-48b9-9e8b-e03541d31df9: found a subdirectory /home/runner/work/ozone/ozone/hadoop-ozone/integration-test/target/test-dir/MiniOzoneClusterImpl-3ad60551-d9fb-454a-addc-4d3fe7110c5e/datanode-1/data/ratis/2b0366bc-aacd-4951-b5a6-4a4556f013a1
2024-01-30 07:48:27,331 [b0b6b7fd-b71c-48b9-9e8b-e03541d31df9-impl-thread1] INFO  server.RaftServer (RaftServerProxy.java:addNew(100)) - b0b6b7fd-b71c-48b9-9e8b-e03541d31df9: addNew group-4A4556F013A1:[] returns group-4A4556F013A1:java.util.concurrent.CompletableFuture@400e38ab[Not completed]
2024-01-30 07:48:27,331 [b0b6b7fd-b71c-48b9-9e8b-e03541d31df9-impl-thread1] INFO  server.RaftServer (RaftServerProxy.java:initGroupDir(264)) - b0b6b7fd-b71c-48b9-9e8b-e03541d31df9: found a subdirectory /home/runner/work/ozone/ozone/hadoop-ozone/integration-test/target/test-dir/MiniOzoneClusterImpl-3ad60551-d9fb-454a-addc-4d3fe7110c5e/datanode-1/data/ratis/tmp
2024-01-30 07:48:27,331 [b0b6b7fd-b71c-48b9-9e8b-e03541d31df9-impl-thread1] INFO  server.RaftServer (RaftServerProxy.java:initGroupDir(269)) - b0b6b7fd-b71c-48b9-9e8b-e03541d31df9: The directory /home/runner/work/ozone/ozone/hadoop-ozone/integration-test/target/test-dir/MiniOzoneClusterImpl-3ad60551-d9fb-454a-addc-4d3fe7110c5e/datanode-1/data/ratis/tmp is not a group directory; ignoring it. 
2024-01-30 07:48:27,331 [b0b6b7fd-b71c-48b9-9e8b-e03541d31df9-impl-thread1] INFO  server.RaftServer (RaftServerProxy.java:initGroupDir(264)) - b0b6b7fd-b71c-48b9-9e8b-e03541d31df9: found a subdirectory /home/runner/work/ozone/ozone/hadoop-ozone/integration-test/target/test-dir/MiniOzoneClusterImpl-3ad60551-d9fb-454a-addc-4d3fe7110c5e/datanode-1/data/ratis/ae1c78c0-4138-490c-8fb7-b54a4a0e8004
2024-01-30 07:48:27,332 [b0b6b7fd-b71c-48b9-9e8b-e03541d31df9-impl-thread1] INFO  server.RaftServer (RaftServerProxy.java:addNew(100)) - b0b6b7fd-b71c-48b9-9e8b-e03541d31df9: addNew group-B54A4A0E8004:[] returns group-B54A4A0E8004:java.util.concurrent.CompletableFuture@4431b472[Not completed]
2024-01-30 07:48:27,332 [b0b6b7fd-b71c-48b9-9e8b-e03541d31df9-impl-thread1] INFO  server.RaftServer (RaftServerProxy.java:initGroupDir(264)) - b0b6b7fd-b71c-48b9-9e8b-e03541d31df9: found a subdirectory /home/runner/work/ozone/ozone/hadoop-ozone/integration-test/target/test-dir/MiniOzoneClusterImpl-3ad60551-d9fb-454a-addc-4d3fe7110c5e/datanode-1/data/ratis/b883a5cd-8b38-43ed-a331-8413612dc804
2024-01-30 07:48:27,332 [b0b6b7fd-b71c-48b9-9e8b-e03541d31df9-impl-thread1] INFO  server.RaftServer (RaftServerProxy.java:addNew(100)) - b0b6b7fd-b71c-48b9-9e8b-e03541d31df9: addNew group-8413612DC804:[] returns group-8413612DC804:java.util.concurrent.CompletableFuture@1333290[Not completed]
2024-01-30 07:48:27,332 [b0b6b7fd-b71c-48b9-9e8b-e03541d31df9-groupManagement] INFO  server.RaftServer$Division (RaftServerImpl.java:<init>(256)) - b0b6b7fd-b71c-48b9-9e8b-e03541d31df9: new RaftServerImpl for group-4A4556F013A1:[] with ContainerStateMachine:uninitialized
2024-01-30 07:48:27,332 [main] INFO  replication.ReplicationServer (ReplicationServer.java:<init>(86)) - Initializing replication server with thread count = 10 queue length = 4096
2024-01-30 07:48:27,333 [main] INFO  server.XceiverServerGrpc (XceiverServerGrpc.java:<init>(141)) - GrpcServer channel type EpollServerSocketChannel
2024-01-30 07:48:27,334 [main] INFO  replication.ReplicationSupervisor (ReplicationSupervisor.java:build(163)) - Initializing replication supervisor with thread count = 10
2024-01-30 07:48:27,334 [main] INFO  replication.ReplicationSupervisor (ReplicationSupervisor.java:nodeStateUpdated(317)) - Node state updated to IN_SERVICE, scaling executor pool size to 10
2024-01-30 07:48:27,334 [b0b6b7fd-b71c-48b9-9e8b-e03541d31df9-groupManagement] INFO  server.RaftServerConfigKeys (ConfUtils.java:logGet(46)) - raft.server.rpc.timeout.min = 5s (custom)
2024-01-30 07:48:27,334 [b0b6b7fd-b71c-48b9-9e8b-e03541d31df9-groupManagement] INFO  server.RaftServerConfigKeys (ConfUtils.java:logGet(46)) - raft.server.rpc.timeout.max = 5200ms (custom)
2024-01-30 07:48:27,334 [b0b6b7fd-b71c-48b9-9e8b-e03541d31df9-groupManagement] INFO  server.RaftServerConfigKeys (ConfUtils.java:logGet(46)) - raft.server.rpc.sleep.time = 25ms (default)
2024-01-30 07:48:27,335 [b0b6b7fd-b71c-48b9-9e8b-e03541d31df9-groupManagement] INFO  server.RaftServerConfigKeys (ConfUtils.java:logGet(46)) - raft.server.rpc.slowness.timeout = 300s (custom)
2024-01-30 07:48:27,335 [b0b6b7fd-b71c-48b9-9e8b-e03541d31df9-groupManagement] INFO  server.RaftServerConfigKeys (ConfUtils.java:logGet(46)) - raft.server.leaderelection.leader.step-down.wait-time = 10s (default)
2024-01-30 07:48:27,335 [b0b6b7fd-b71c-48b9-9e8b-e03541d31df9-groupManagement] INFO  server.RaftServerConfigKeys (ConfUtils.java:logGet(46)) - raft.server.leaderelection.member.majority-add = false (default)
2024-01-30 07:48:27,335 [b0b6b7fd-b71c-48b9-9e8b-e03541d31df9-groupManagement] INFO  server.RaftServerConfigKeys (ConfUtils.java:logGet(46)) - raft.server.sleep.deviation.threshold = 300ms (default)
2024-01-30 07:48:27,335 [b0b6b7fd-b71c-48b9-9e8b-e03541d31df9-groupManagement] INFO  server.RaftServer$Division (ServerState.java:<init>(113)) - b0b6b7fd-b71c-48b9-9e8b-e03541d31df9@group-4A4556F013A1: ConfigurationManager, init=-1: peers:[]|listeners:[], old=null, confs=<EMPTY_MAP>
2024-01-30 07:48:27,336 [main] INFO  http.BaseHttpServer (BaseHttpServer.java:newHttpServer2BuilderForOzone(223)) - Starting Web-server for hddsDatanode at: http://0.0.0.0:15080
2024-01-30 07:48:27,338 [main] INFO  http.BaseHttpServer (BaseHttpServer.java:<init>(110)) - Hadoop Security Enabled: false Ozone Security Enabled: false Ozone HTTP Security Enabled: false 
2024-01-30 07:48:27,338 [b0b6b7fd-b71c-48b9-9e8b-e03541d31df9-groupManagement] INFO  server.RaftServerConfigKeys (ConfUtils.java:logGet(46)) - raft.server.notification.no-leader.timeout = 300s (custom)
2024-01-30 07:48:27,339 [main] WARN  server.AuthenticationFilter (AuthenticationFilter.java:constructSecretProvider(240)) - Unable to initialize FileSignerSecretProvider, falling back to use random secrets. Reason: Could not read signature secret file: /home/runner/hadoop-http-auth-signature-secret
2024-01-30 07:48:27,340 [b0b6b7fd-b71c-48b9-9e8b-e03541d31df9-groupManagement] INFO  server.RaftServerConfigKeys (ConfUtils.java:logGet(46)) - raft.server.read.timeout = 10s (default)
2024-01-30 07:48:27,340 [main] INFO  http.HttpRequestLog (HttpRequestLog.java:getRequestLog(86)) - Http request log for http.requests.hddsDatanode is not defined
2024-01-30 07:48:27,340 [b0b6b7fd-b71c-48b9-9e8b-e03541d31df9-groupManagement] INFO  server.RaftServerConfigKeys (ConfUtils.java:logGet(46)) - raft.server.retrycache.expirytime = 600000ms (custom)
2024-01-30 07:48:27,341 [b0b6b7fd-b71c-48b9-9e8b-e03541d31df9-groupManagement] INFO  server.RaftServerConfigKeys (ConfUtils.java:logGet(46)) - raft.server.retrycache.statistics.expirytime = 100ms (default)
2024-01-30 07:48:27,341 [b0b6b7fd-b71c-48b9-9e8b-e03541d31df9-groupManagement] INFO  server.RaftServerConfigKeys (ConfUtils.java:logGet(46)) - raft.server.read.option = DEFAULT (default)
2024-01-30 07:48:27,342 [b0b6b7fd-b71c-48b9-9e8b-e03541d31df9-groupManagement] INFO  server.RaftServerConfigKeys (ConfUtils.java:logGet(46)) - raft.server.read.read-after-write-consistent.write-index-cache.expiry-time = 60s (default)
2024-01-30 07:48:27,342 [main] INFO  http.HttpServer2 (HttpServer2.java:addGlobalFilter(1036)) - Added global filter 'safety' (class=org.apache.hadoop.hdds.server.http.HttpServer2$QuotingInputFilter)
2024-01-30 07:48:27,343 [main] INFO  http.HttpServer2 (HttpServer2.java:addFilter(1012)) - Added filter static_user_filter (class=org.apache.hadoop.http.lib.StaticUserWebFilter$StaticUserFilter) to context hddsDatanode
2024-01-30 07:48:27,343 [main] INFO  http.HttpServer2 (HttpServer2.java:addFilter(1020)) - Added filter static_user_filter (class=org.apache.hadoop.http.lib.StaticUserWebFilter$StaticUserFilter) to context logs
2024-01-30 07:48:27,343 [main] INFO  http.HttpServer2 (HttpServer2.java:addFilter(1020)) - Added filter static_user_filter (class=org.apache.hadoop.http.lib.StaticUserWebFilter$StaticUserFilter) to context static
2024-01-30 07:48:27,344 [main] INFO  http.BaseHttpServer (BaseHttpServer.java:<init>(189)) - HTTP server of hddsDatanode uses base directory /home/runner/work/ozone/ozone/hadoop-ozone/integration-test/target/test-dir/MiniOzoneClusterImpl-3ad60551-d9fb-454a-addc-4d3fe7110c5e/datanode-1/meta/webserver
2024-01-30 07:48:27,344 [main] INFO  http.HttpServer2 (HttpServer2.java:bindListener(1236)) - Jetty bound to port 15080
2024-01-30 07:48:27,344 [main] INFO  server.Server (Server.java:doStart(375)) - jetty-9.4.53.v20231009; built: 2023-10-09T12:29:09.265Z; git: 27bde00a0b95a1d5bbee0eae7984f891d2d0f8c9; jvm 1.8.0_392-b08
2024-01-30 07:48:27,345 [b0b6b7fd-b71c-48b9-9e8b-e03541d31df9-groupManagement] INFO  server.RaftServerConfigKeys (ConfUtils.java:logGet(46)) - raft.server.rpc.request.timeout = 60s (custom)
2024-01-30 07:48:27,345 [main] INFO  server.session (DefaultSessionIdManager.java:doStart(334)) - DefaultSessionIdManager workerName=node0
2024-01-30 07:48:27,345 [main] INFO  server.session (DefaultSessionIdManager.java:doStart(339)) - No SessionScavenger set, using defaults
2024-01-30 07:48:27,345 [main] INFO  server.session (HouseKeeper.java:startScavenging(132)) - node0 Scavenging every 600000ms
2024-01-30 07:48:27,345 [b0b6b7fd-b71c-48b9-9e8b-e03541d31df9-groupManagement] INFO  server.RaftServerConfigKeys (ConfUtils.java:logGet(46)) - raft.server.log.appender.install.snapshot.enabled = false (custom)
2024-01-30 07:48:27,346 [main] INFO  handler.ContextHandler (ContextHandler.java:doStart(921)) - Started o.e.j.s.ServletContextHandler@1a711314{logs,/logs,file:///home/runner/work/ozone/ozone/hadoop-ozone/integration-test/target/log,AVAILABLE}
2024-01-30 07:48:27,346 [b0b6b7fd-b71c-48b9-9e8b-e03541d31df9-groupManagement] INFO  server.RaftServerConfigKeys (ConfUtils.java:logGet(46)) - raft.server.threadpool.server.cached = true (default)
2024-01-30 07:48:27,347 [main] INFO  handler.ContextHandler (ContextHandler.java:doStart(921)) - Started o.e.j.s.ServletContextHandler@d12aecb{static,/static,jar:file:/home/runner/.m2/repository/org/apache/ozone/hdds-container-service/1.5.0-SNAPSHOT/hdds-container-service-1.5.0-SNAPSHOT.jar!/webapps/static,AVAILABLE}
2024-01-30 07:48:27,347 [b0b6b7fd-b71c-48b9-9e8b-e03541d31df9-groupManagement] INFO  server.RaftServerConfigKeys (ConfUtils.java:logGet(46)) - raft.server.threadpool.server.size = 0 (default)
2024-01-30 07:48:27,347 [b0b6b7fd-b71c-48b9-9e8b-e03541d31df9-groupManagement] INFO  server.RaftServerConfigKeys (ConfUtils.java:logGet(46)) - raft.server.threadpool.client.cached = true (default)
2024-01-30 07:48:27,348 [b0b6b7fd-b71c-48b9-9e8b-e03541d31df9-groupManagement] INFO  server.RaftServerConfigKeys (ConfUtils.java:logGet(46)) - raft.server.threadpool.client.size = 0 (default)
2024-01-30 07:48:27,349 [b0b6b7fd-b71c-48b9-9e8b-e03541d31df9-groupManagement] INFO  server.RaftServer$Division (RaftServerImpl.java:<init>(256)) - b0b6b7fd-b71c-48b9-9e8b-e03541d31df9: new RaftServerImpl for group-B54A4A0E8004:[] with ContainerStateMachine:uninitialized
2024-01-30 07:48:27,349 [b0b6b7fd-b71c-48b9-9e8b-e03541d31df9-groupManagement] INFO  server.RaftServerConfigKeys (ConfUtils.java:logGet(46)) - raft.server.rpc.timeout.min = 5s (custom)
2024-01-30 07:48:27,349 [b0b6b7fd-b71c-48b9-9e8b-e03541d31df9-groupManagement] INFO  server.RaftServerConfigKeys (ConfUtils.java:logGet(46)) - raft.server.rpc.timeout.max = 5200ms (custom)
2024-01-30 07:48:27,350 [b0b6b7fd-b71c-48b9-9e8b-e03541d31df9-groupManagement] INFO  server.RaftServerConfigKeys (ConfUtils.java:logGet(46)) - raft.server.rpc.sleep.time = 25ms (default)
2024-01-30 07:48:27,350 [b0b6b7fd-b71c-48b9-9e8b-e03541d31df9-groupManagement] INFO  server.RaftServerConfigKeys (ConfUtils.java:logGet(46)) - raft.server.rpc.slowness.timeout = 300s (custom)
2024-01-30 07:48:27,350 [b0b6b7fd-b71c-48b9-9e8b-e03541d31df9-groupManagement] INFO  server.RaftServerConfigKeys (ConfUtils.java:logGet(46)) - raft.server.leaderelection.leader.step-down.wait-time = 10s (default)
2024-01-30 07:48:27,351 [b0b6b7fd-b71c-48b9-9e8b-e03541d31df9-groupManagement] INFO  server.RaftServerConfigKeys (ConfUtils.java:logGet(46)) - raft.server.leaderelection.member.majority-add = false (default)
2024-01-30 07:48:27,351 [b0b6b7fd-b71c-48b9-9e8b-e03541d31df9-groupManagement] INFO  server.RaftServerConfigKeys (ConfUtils.java:logGet(46)) - raft.server.sleep.deviation.threshold = 300ms (default)
2024-01-30 07:48:27,351 [b0b6b7fd-b71c-48b9-9e8b-e03541d31df9-groupManagement] INFO  server.RaftServer$Division (ServerState.java:<init>(113)) - b0b6b7fd-b71c-48b9-9e8b-e03541d31df9@group-B54A4A0E8004: ConfigurationManager, init=-1: peers:[]|listeners:[], old=null, confs=<EMPTY_MAP>
2024-01-30 07:48:27,351 [b0b6b7fd-b71c-48b9-9e8b-e03541d31df9-groupManagement] INFO  server.RaftServerConfigKeys (ConfUtils.java:logGet(46)) - raft.server.notification.no-leader.timeout = 300s (custom)
2024-01-30 07:48:27,352 [b0b6b7fd-b71c-48b9-9e8b-e03541d31df9-groupManagement] INFO  server.RaftServerConfigKeys (ConfUtils.java:logGet(46)) - raft.server.read.timeout = 10s (default)
2024-01-30 07:48:27,352 [b0b6b7fd-b71c-48b9-9e8b-e03541d31df9-groupManagement] INFO  server.RaftServerConfigKeys (ConfUtils.java:logGet(46)) - raft.server.retrycache.expirytime = 600000ms (custom)
2024-01-30 07:48:27,352 [b0b6b7fd-b71c-48b9-9e8b-e03541d31df9-groupManagement] INFO  server.RaftServerConfigKeys (ConfUtils.java:logGet(46)) - raft.server.retrycache.statistics.expirytime = 100ms (default)
2024-01-30 07:48:27,352 [b0b6b7fd-b71c-48b9-9e8b-e03541d31df9-groupManagement] INFO  server.RaftServerConfigKeys (ConfUtils.java:logGet(46)) - raft.server.read.option = DEFAULT (default)
2024-01-30 07:48:27,353 [b0b6b7fd-b71c-48b9-9e8b-e03541d31df9-groupManagement] INFO  server.RaftServerConfigKeys (ConfUtils.java:logGet(46)) - raft.server.read.read-after-write-consistent.write-index-cache.expiry-time = 60s (default)
2024-01-30 07:48:27,354 [b0b6b7fd-b71c-48b9-9e8b-e03541d31df9-groupManagement] INFO  server.RaftServerConfigKeys (ConfUtils.java:logGet(46)) - raft.server.rpc.request.timeout = 60s (custom)
2024-01-30 07:48:27,354 [b0b6b7fd-b71c-48b9-9e8b-e03541d31df9-groupManagement] INFO  server.RaftServerConfigKeys (ConfUtils.java:logGet(46)) - raft.server.log.appender.install.snapshot.enabled = false (custom)
2024-01-30 07:48:27,355 [b0b6b7fd-b71c-48b9-9e8b-e03541d31df9-groupManagement] INFO  server.RaftServerConfigKeys (ConfUtils.java:logGet(46)) - raft.server.threadpool.server.cached = true (default)
2024-01-30 07:48:27,355 [b0b6b7fd-b71c-48b9-9e8b-e03541d31df9-groupManagement] INFO  server.RaftServerConfigKeys (ConfUtils.java:logGet(46)) - raft.server.threadpool.server.size = 0 (default)
2024-01-30 07:48:27,355 [b0b6b7fd-b71c-48b9-9e8b-e03541d31df9-groupManagement] INFO  server.RaftServerConfigKeys (ConfUtils.java:logGet(46)) - raft.server.threadpool.client.cached = true (default)
2024-01-30 07:48:27,355 [b0b6b7fd-b71c-48b9-9e8b-e03541d31df9-groupManagement] INFO  server.RaftServerConfigKeys (ConfUtils.java:logGet(46)) - raft.server.threadpool.client.size = 0 (default)
2024-01-30 07:48:27,356 [b0b6b7fd-b71c-48b9-9e8b-e03541d31df9-groupManagement] INFO  server.RaftServer$Division (RaftServerImpl.java:<init>(256)) - b0b6b7fd-b71c-48b9-9e8b-e03541d31df9: new RaftServerImpl for group-8413612DC804:[] with ContainerStateMachine:uninitialized
2024-01-30 07:48:27,356 [b0b6b7fd-b71c-48b9-9e8b-e03541d31df9-groupManagement] INFO  server.RaftServerConfigKeys (ConfUtils.java:logGet(46)) - raft.server.rpc.timeout.min = 5s (custom)
2024-01-30 07:48:27,357 [b0b6b7fd-b71c-48b9-9e8b-e03541d31df9-groupManagement] INFO  server.RaftServerConfigKeys (ConfUtils.java:logGet(46)) - raft.server.rpc.timeout.max = 5200ms (custom)
2024-01-30 07:48:27,357 [b0b6b7fd-b71c-48b9-9e8b-e03541d31df9-groupManagement] INFO  server.RaftServerConfigKeys (ConfUtils.java:logGet(46)) - raft.server.rpc.sleep.time = 25ms (default)
2024-01-30 07:48:27,357 [b0b6b7fd-b71c-48b9-9e8b-e03541d31df9-groupManagement] INFO  server.RaftServerConfigKeys (ConfUtils.java:logGet(46)) - raft.server.rpc.slowness.timeout = 300s (custom)
2024-01-30 07:48:27,358 [b0b6b7fd-b71c-48b9-9e8b-e03541d31df9-groupManagement] INFO  server.RaftServerConfigKeys (ConfUtils.java:logGet(46)) - raft.server.leaderelection.leader.step-down.wait-time = 10s (default)
2024-01-30 07:48:27,358 [b0b6b7fd-b71c-48b9-9e8b-e03541d31df9-groupManagement] INFO  server.RaftServerConfigKeys (ConfUtils.java:logGet(46)) - raft.server.leaderelection.member.majority-add = false (default)
2024-01-30 07:48:27,358 [b0b6b7fd-b71c-48b9-9e8b-e03541d31df9-groupManagement] INFO  server.RaftServerConfigKeys (ConfUtils.java:logGet(46)) - raft.server.sleep.deviation.threshold = 300ms (default)
2024-01-30 07:48:27,358 [b0b6b7fd-b71c-48b9-9e8b-e03541d31df9-groupManagement] INFO  server.RaftServer$Division (ServerState.java:<init>(113)) - b0b6b7fd-b71c-48b9-9e8b-e03541d31df9@group-8413612DC804: ConfigurationManager, init=-1: peers:[]|listeners:[], old=null, confs=<EMPTY_MAP>
2024-01-30 07:48:27,359 [b0b6b7fd-b71c-48b9-9e8b-e03541d31df9-groupManagement] INFO  server.RaftServerConfigKeys (ConfUtils.java:logGet(46)) - raft.server.notification.no-leader.timeout = 300s (custom)
2024-01-30 07:48:27,359 [b0b6b7fd-b71c-48b9-9e8b-e03541d31df9-groupManagement] INFO  server.RaftServerConfigKeys (ConfUtils.java:logGet(46)) - raft.server.read.timeout = 10s (default)
2024-01-30 07:48:27,359 [b0b6b7fd-b71c-48b9-9e8b-e03541d31df9-groupManagement] INFO  server.RaftServerConfigKeys (ConfUtils.java:logGet(46)) - raft.server.retrycache.expirytime = 600000ms (custom)
2024-01-30 07:48:27,359 [b0b6b7fd-b71c-48b9-9e8b-e03541d31df9-groupManagement] INFO  server.RaftServerConfigKeys (ConfUtils.java:logGet(46)) - raft.server.retrycache.statistics.expirytime = 100ms (default)
2024-01-30 07:48:27,360 [b0b6b7fd-b71c-48b9-9e8b-e03541d31df9-groupManagement] INFO  server.RaftServerConfigKeys (ConfUtils.java:logGet(46)) - raft.server.read.option = DEFAULT (default)
2024-01-30 07:48:27,360 [b0b6b7fd-b71c-48b9-9e8b-e03541d31df9-groupManagement] INFO  server.RaftServerConfigKeys (ConfUtils.java:logGet(46)) - raft.server.read.read-after-write-consistent.write-index-cache.expiry-time = 60s (default)
2024-01-30 07:48:27,361 [b0b6b7fd-b71c-48b9-9e8b-e03541d31df9-groupManagement] INFO  server.RaftServerConfigKeys (ConfUtils.java:logGet(46)) - raft.server.rpc.request.timeout = 60s (custom)
2024-01-30 07:48:27,362 [b0b6b7fd-b71c-48b9-9e8b-e03541d31df9-groupManagement] INFO  server.RaftServerConfigKeys (ConfUtils.java:logGet(46)) - raft.server.log.appender.install.snapshot.enabled = false (custom)
2024-01-30 07:48:27,362 [b0b6b7fd-b71c-48b9-9e8b-e03541d31df9-groupManagement] INFO  server.RaftServerConfigKeys (ConfUtils.java:logGet(46)) - raft.server.threadpool.server.cached = true (default)
2024-01-30 07:48:27,362 [b0b6b7fd-b71c-48b9-9e8b-e03541d31df9-groupManagement] INFO  server.RaftServerConfigKeys (ConfUtils.java:logGet(46)) - raft.server.threadpool.server.size = 0 (default)
2024-01-30 07:48:27,362 [b0b6b7fd-b71c-48b9-9e8b-e03541d31df9-groupManagement] INFO  server.RaftServerConfigKeys (ConfUtils.java:logGet(46)) - raft.server.threadpool.client.cached = true (default)
2024-01-30 07:48:27,363 [b0b6b7fd-b71c-48b9-9e8b-e03541d31df9-groupManagement] INFO  server.RaftServerConfigKeys (ConfUtils.java:logGet(46)) - raft.server.threadpool.client.size = 0 (default)
2024-01-30 07:48:27,384 [main] INFO  handler.ContextHandler (ContextHandler.java:doStart(921)) - Started o.e.j.w.WebAppContext@40bd1178{hddsDatanode,/,file:///home/runner/work/ozone/ozone/hadoop-ozone/integration-test/target/test-dir/MiniOzoneClusterImpl-3ad60551-d9fb-454a-addc-4d3fe7110c5e/datanode-1/meta/webserver/jetty-0_0_0_0-15080-hdds-container-service-1_5_0-SNAPSHOT_jar-_-any-2476071211816429215/webapp/,AVAILABLE}{jar:file:/home/runner/.m2/repository/org/apache/ozone/hdds-container-service/1.5.0-SNAPSHOT/hdds-container-service-1.5.0-SNAPSHOT.jar!/webapps/hddsDatanode}
2024-01-30 07:48:27,386 [main] INFO  server.AbstractConnector (AbstractConnector.java:doStart(333)) - Started ServerConnector@16b6fa67{HTTP/1.1, (http/1.1)}{0.0.0.0:15080}
2024-01-30 07:48:27,386 [main] INFO  server.Server (Server.java:doStart(415)) - Started @213154ms
2024-01-30 07:48:27,386 [main] WARN  impl.MetricsSystemImpl (MetricsSystemImpl.java:register(279)) - Sink prometheus already exists!
2024-01-30 07:48:27,387 [main] INFO  http.BaseHttpServer (BaseHttpServer.java:updateConnectorAddress(354)) - HTTP server of hddsDatanode listening at http://0.0.0.0:15080
2024-01-30 07:48:27,387 [main] INFO  ipc.CallQueueManager (CallQueueManager.java:<init>(90)) - Using callQueue: class java.util.concurrent.LinkedBlockingQueue, queueCapacity: 100, scheduler: class org.apache.hadoop.ipc.DefaultRpcScheduler, ipcBackoff: false.
2024-01-30 07:48:27,387 [main] INFO  ipc.Server (Server.java:<init>(1287)) - Listener at 0.0.0.0:15081
2024-01-30 07:48:27,388 [Socket Reader #1 for port 15081] INFO  ipc.Server (Server.java:run(1323)) - Starting Socket Reader #1 for port 15081
2024-01-30 07:48:27,389 [main] INFO  ozone.HddsDatanodeService (HddsDatanodeService.java:start(327)) - Datanode start with admins: [runner]
2024-01-30 07:48:27,389 [main] INFO  ozone.HddsDatanodeClientProtocolServer (HddsDatanodeClientProtocolServer.java:start(72)) - RPC server for Client /0.0.0.0:15081
2024-01-30 07:48:27,390 [IPC Server Responder] INFO  ipc.Server (Server.java:run(1562)) - IPC Server Responder: starting
2024-01-30 07:48:27,390 [IPC Server listener on 15081] INFO  ipc.Server (Server.java:run(1402)) - IPC Server listener on 15081: starting
2024-01-30 07:48:27,392 [b0b6b7fd-b71c-48b9-9e8b-e03541d31df9-DatanodeStateMachineDaemonThread] INFO  statemachine.DatanodeStateMachine (DatanodeStateMachine.java:lambda$startDaemon$1(555)) - Ozone container server started.
2024-01-30 07:48:27,393 [main] WARN  dropwizard3.Dm3MetricRegistriesImpl (Dm3MetricRegistriesImpl.java:addReporterRegistration(113)) - New reporters are added after registries were created. Some metrics will be missing from the reporter. Please add reporter before adding any new registry.
2024-01-30 07:48:27,393 [main] WARN  dropwizard3.Dm3MetricRegistriesImpl (Dm3MetricRegistriesImpl.java:addReporterRegistration(113)) - New reporters are added after registries were created. Some metrics will be missing from the reporter. Please add reporter before adding any new registry.
2024-01-30 07:48:27,393 [main] INFO  impl.MetricsSystemImpl (MetricsSystemImpl.java:init(158)) - HddsDatanode metrics system started (again)
2024-01-30 07:48:27,395 [b0b6b7fd-b71c-48b9-9e8b-e03541d31df9-DatanodeStateMachineTaskThread-0] INFO  datanode.InitDatanodeState (InitDatanodeState.java:persistContainerDatanodeDetails(139)) - DatanodeDetails is persisted to /home/runner/work/ozone/ozone/hadoop-ozone/integration-test/target/test-dir/MiniOzoneClusterImpl-3ad60551-d9fb-454a-addc-4d3fe7110c5e/datanode-1/meta/datanode.id
2024-01-30 07:48:27,404 [main] INFO  ozone.HddsDatanodeService (HddsDatanodeService.java:start(240)) - HddsDatanodeService host:fv-az1436-717.rp122gijlobebpuychzvuh3j3h.bx.internal.cloudapp.net ip:10.1.0.48
2024-01-30 07:48:27,413 [main] INFO  upgrade.AbstractLayoutVersionManager (AbstractLayoutVersionManager.java:init(83)) - Initializing Layout version manager with metadata layout = HADOOP_PRC_PORTS_IN_DATANODEDETAILS (version = 7), software layout = HADOOP_PRC_PORTS_IN_DATANODEDETAILS (version = 7)
2024-01-30 07:48:27,413 [main] INFO  statemachine.DatanodeStateMachine (DatanodeStateMachine.java:getEndPointTaskThreadPoolSize(299)) - Datanode State Machine Task Thread Pool size 2
2024-01-30 07:48:27,415 [main] INFO  volume.HddsVolume (HddsVolume.java:<init>(125)) - Creating HddsVolume: /home/runner/work/ozone/ozone/hadoop-ozone/integration-test/target/test-dir/MiniOzoneClusterImpl-3ad60551-d9fb-454a-addc-4d3fe7110c5e/datanode-2/data-0/containers/hdds of storage type : DISK capacity : 9223372036854775807
2024-01-30 07:48:27,415 [main] INFO  volume.MutableVolumeSet (MutableVolumeSet.java:initializeVolumeSet(173)) - Added Volume : /home/runner/work/ozone/ozone/hadoop-ozone/integration-test/target/test-dir/MiniOzoneClusterImpl-3ad60551-d9fb-454a-addc-4d3fe7110c5e/datanode-2/data-0/containers/hdds to VolumeSet
2024-01-30 07:48:27,416 [main] INFO  volume.MutableVolumeSet (MutableVolumeSet.java:initializeVolumeSet(173)) - Added Volume : /home/runner/work/ozone/ozone/hadoop-ozone/integration-test/target/test-dir/MiniOzoneClusterImpl-3ad60551-d9fb-454a-addc-4d3fe7110c5e/datanode-2/data/ratis to VolumeSet
2024-01-30 07:48:27,424 [ForkJoinPool.commonPool-worker-1] INFO  utils.DatanodeStoreCache (DatanodeStoreCache.java:addDB(72)) - Added db /home/runner/work/ozone/ozone/hadoop-ozone/integration-test/target/test-dir/MiniOzoneClusterImpl-3ad60551-d9fb-454a-addc-4d3fe7110c5e/datanode-2/data-0/containers/hdds/3ad60551-d9fb-454a-addc-4d3fe7110c5e/DS-cebcea64-9ea2-45e8-b1ad-2b817de4434f/container.db to cache
2024-01-30 07:48:27,424 [ForkJoinPool.commonPool-worker-1] INFO  volume.HddsVolume (HddsVolume.java:loadDbStore(373)) - SchemaV3 db is loaded at /home/runner/work/ozone/ozone/hadoop-ozone/integration-test/target/test-dir/MiniOzoneClusterImpl-3ad60551-d9fb-454a-addc-4d3fe7110c5e/datanode-2/data-0/containers/hdds/3ad60551-d9fb-454a-addc-4d3fe7110c5e/DS-cebcea64-9ea2-45e8-b1ad-2b817de4434f/container.db for volume DS-cebcea64-9ea2-45e8-b1ad-2b817de4434f
2024-01-30 07:48:27,424 [main] INFO  ozoneimpl.OzoneContainer (HddsVolumeUtil.java:loadAllHddsVolumeDbStore(103)) - Load 1 volumes DbStore cost: 8ms
2024-01-30 07:48:27,424 [ce491c53-a544-4921-9edd-2ea5f993f9d2-ContainerReader-0] INFO  ozoneimpl.ContainerReader (ContainerReader.java:readVolume(148)) - Start to verify containers on volume /home/runner/work/ozone/ozone/hadoop-ozone/integration-test/target/test-dir/MiniOzoneClusterImpl-3ad60551-d9fb-454a-addc-4d3fe7110c5e/datanode-2/data-0/containers/hdds
2024-01-30 07:48:27,424 [ce491c53-a544-4921-9edd-2ea5f993f9d2-ContainerReader-0] INFO  ozoneimpl.ContainerReader (ContainerReader.java:readVolume(178)) - Finish verifying containers on volume /home/runner/work/ozone/ozone/hadoop-ozone/integration-test/target/test-dir/MiniOzoneClusterImpl-3ad60551-d9fb-454a-addc-4d3fe7110c5e/datanode-2/data-0/containers/hdds
2024-01-30 07:48:27,424 [main] INFO  ozoneimpl.OzoneContainer (OzoneContainer.java:buildContainerSet(328)) - Build ContainerSet costs 0s
2024-01-30 07:48:27,426 [main] INFO  server.RaftServer (ConfUtils.java:logGet(46)) - raft.rpc.type = GRPC (default)
2024-01-30 07:48:27,426 [main] INFO  grpc.GrpcConfigKeys (ConfUtils.java:logFallback(53)) - raft.grpc.admin.host = null (fallback to raft.grpc.server.host)
2024-01-30 07:48:27,427 [main] INFO  grpc.GrpcConfigKeys (ConfUtils.java:logGet(46)) - raft.grpc.admin.port = 15093 (custom)
2024-01-30 07:48:27,427 [main] INFO  grpc.GrpcConfigKeys (ConfUtils.java:logFallback(53)) - raft.grpc.client.host = null (fallback to raft.grpc.server.host)
2024-01-30 07:48:27,427 [main] INFO  grpc.GrpcConfigKeys (ConfUtils.java:logGet(46)) - raft.grpc.client.port = 15092 (custom)
2024-01-30 07:48:27,427 [main] INFO  grpc.GrpcConfigKeys (ConfUtils.java:logGet(46)) - raft.grpc.server.host = null (default)
2024-01-30 07:48:27,427 [main] INFO  grpc.GrpcConfigKeys (ConfUtils.java:logGet(46)) - raft.grpc.server.port = 15094 (custom)
2024-01-30 07:48:27,427 [main] INFO  server.GrpcService (ConfUtils.java:logGet(46)) - raft.grpc.message.size.max = 32MB (=33554432) (custom)
2024-01-30 07:48:27,427 [main] INFO  server.RaftServerConfigKeys (ConfUtils.java:logGet(46)) - raft.server.log.appender.buffer.byte-limit = 8388608 (custom)
2024-01-30 07:48:27,428 [main] INFO  server.GrpcService (ConfUtils.java:logGet(46)) - raft.grpc.flow.control.window = 5MB (=5242880) (custom)
2024-01-30 07:48:27,428 [main] INFO  server.RaftServerConfigKeys (ConfUtils.java:logGet(46)) - raft.server.rpc.request.timeout = 60s (custom)
2024-01-30 07:48:27,428 [main] INFO  grpc.GrpcConfigKeys (ConfUtils.java:logGet(46)) - raft.grpc.server.heartbeat.channel = true (default)
2024-01-30 07:48:27,428 [main] INFO  grpc.GrpcConfigKeys (ConfUtils.java:logGet(46)) - raft.grpc.server.async.request.thread.pool.cached = true (default)
2024-01-30 07:48:27,428 [main] INFO  grpc.GrpcConfigKeys (ConfUtils.java:logGet(46)) - raft.grpc.server.async.request.thread.pool.size = 32 (default)
2024-01-30 07:48:27,430 [main] INFO  impl.DataStreamServerImpl (ConfUtils.java:logGet(46)) - raft.datastream.type = NETTY (custom)
2024-01-30 07:48:27,430 [main] INFO  server.RaftServerConfigKeys (ConfUtils.java:logGet(46)) - raft.server.data-stream.async.request.thread.pool.cached = false (default)
2024-01-30 07:48:27,430 [main] INFO  server.RaftServerConfigKeys (ConfUtils.java:logGet(46)) - raft.server.data-stream.async.request.thread.pool.size = 20 (custom)
2024-01-30 07:48:27,431 [main] INFO  server.RaftServerConfigKeys (ConfUtils.java:logGet(46)) - raft.server.data-stream.async.write.thread.pool.size = 16 (default)
2024-01-30 07:48:27,431 [main] INFO  netty.NettyConfigKeys$DataStream (ConfUtils.java:logGet(46)) - raft.netty.dataStream.server.channel.inactive.grace-period = 10min (default)
2024-01-30 07:48:27,431 [main] INFO  server.RaftServerConfigKeys (ConfUtils.java:logGet(46)) - raft.server.data-stream.client.pool.size = 10 (default)
2024-01-30 07:48:27,431 [main] INFO  netty.NettyConfigKeys$DataStream (ConfUtils.java:logGet(46)) - raft.netty.dataStream.server.use-epoll = true (default)
2024-01-30 07:48:27,431 [main] INFO  netty.NettyConfigKeys$DataStream (ConfUtils.java:logGet(46)) - raft.netty.dataStream.server.boss-group.size = 0 (default)
2024-01-30 07:48:27,431 [main] INFO  netty.NettyUtils (NettyUtils.java:newEventLoopGroup(69)) - Create EpollEventLoopGroup for ce491c53-a544-4921-9edd-2ea5f993f9d2-NettyServerStreamRpc-bossGroup; Thread size is 0.
2024-01-30 07:48:27,431 [main] INFO  netty.NettyConfigKeys$DataStream (ConfUtils.java:logGet(46)) - raft.netty.dataStream.server.worker-group.size = 0 (default)
2024-01-30 07:48:27,432 [main] INFO  netty.NettyUtils (NettyUtils.java:newEventLoopGroup(69)) - Create EpollEventLoopGroup for ce491c53-a544-4921-9edd-2ea5f993f9d2-NettyServerStreamRpc-workerGroup; Thread size is 0.
2024-01-30 07:48:27,432 [main] INFO  netty.NettyConfigKeys$DataStream (ConfUtils.java:logGet(46)) - raft.netty.dataStream.server.tls.conf = null (default)
2024-01-30 07:48:27,433 [main] INFO  netty.NettyConfigKeys$DataStream (ConfUtils.java:logGet(46)) - raft.netty.dataStream.host = null (default)
2024-01-30 07:48:27,433 [main] INFO  netty.NettyConfigKeys$DataStream (ConfUtils.java:logGet(46)) - raft.netty.dataStream.port = 15095 (custom)
2024-01-30 07:48:27,434 [main] INFO  server.RaftServerConfigKeys (ConfUtils.java:logGet(46)) - raft.server.sleep.deviation.threshold = 300ms (default)
2024-01-30 07:48:27,434 [ce491c53-a544-4921-9edd-2ea5f993f9d2-NettyServerStreamRpc-bossGroup--thread1] INFO  logging.LoggingHandler (AbstractInternalLogger.java:log(148)) - [id: 0x69319b36] REGISTERED
2024-01-30 07:48:27,434 [main] INFO  server.RaftServerConfigKeys (ConfUtils.java:logGet(46)) - raft.server.close.threshold = 60s (default)
2024-01-30 07:48:27,434 [ce491c53-a544-4921-9edd-2ea5f993f9d2-NettyServerStreamRpc-bossGroup--thread1] INFO  logging.LoggingHandler (AbstractInternalLogger.java:log(148)) - [id: 0x69319b36] BIND: 0.0.0.0/0.0.0.0:15095
2024-01-30 07:48:27,434 [main] INFO  server.RaftServerConfigKeys (ConfUtils.java:logGet(46)) - raft.server.leaderelection.leader.step-down.wait-time = 10s (default)
2024-01-30 07:48:27,434 [ce491c53-a544-4921-9edd-2ea5f993f9d2-NettyServerStreamRpc-bossGroup--thread1] INFO  logging.LoggingHandler (AbstractInternalLogger.java:log(148)) - [id: 0x69319b36, L:/0.0.0.0:15095] ACTIVE
2024-01-30 07:48:27,434 [main] INFO  server.RaftServerConfigKeys (ConfUtils.java:logGet(46)) - raft.server.storage.dir = [/home/runner/work/ozone/ozone/hadoop-ozone/integration-test/target/test-dir/MiniOzoneClusterImpl-3ad60551-d9fb-454a-addc-4d3fe7110c5e/datanode-2/data/ratis] (custom)
2024-01-30 07:48:27,435 [main] INFO  server.RaftServerConfigKeys (ConfUtils.java:logGet(46)) - raft.server.threadpool.proxy.cached = true (default)
2024-01-30 07:48:27,435 [main] INFO  server.RaftServerConfigKeys (ConfUtils.java:logGet(46)) - raft.server.threadpool.proxy.size = 0 (default)
2024-01-30 07:48:27,435 [ce491c53-a544-4921-9edd-2ea5f993f9d2-impl-thread1] INFO  server.RaftServer (RaftServerProxy.java:initGroupDir(264)) - ce491c53-a544-4921-9edd-2ea5f993f9d2: found a subdirectory /home/runner/work/ozone/ozone/hadoop-ozone/integration-test/target/test-dir/MiniOzoneClusterImpl-3ad60551-d9fb-454a-addc-4d3fe7110c5e/datanode-2/data/ratis/3c575aa8-ab60-4dab-9b78-26f132a0ce79
2024-01-30 07:48:27,435 [ce491c53-a544-4921-9edd-2ea5f993f9d2-impl-thread1] INFO  server.RaftServer (RaftServerProxy.java:addNew(100)) - ce491c53-a544-4921-9edd-2ea5f993f9d2: addNew group-26F132A0CE79:[] returns group-26F132A0CE79:java.util.concurrent.CompletableFuture@47099f71[Not completed]
2024-01-30 07:48:27,435 [ce491c53-a544-4921-9edd-2ea5f993f9d2-impl-thread1] INFO  server.RaftServer (RaftServerProxy.java:initGroupDir(264)) - ce491c53-a544-4921-9edd-2ea5f993f9d2: found a subdirectory /home/runner/work/ozone/ozone/hadoop-ozone/integration-test/target/test-dir/MiniOzoneClusterImpl-3ad60551-d9fb-454a-addc-4d3fe7110c5e/datanode-2/data/ratis/tmp
2024-01-30 07:48:27,435 [ce491c53-a544-4921-9edd-2ea5f993f9d2-impl-thread1] INFO  server.RaftServer (RaftServerProxy.java:initGroupDir(269)) - ce491c53-a544-4921-9edd-2ea5f993f9d2: The directory /home/runner/work/ozone/ozone/hadoop-ozone/integration-test/target/test-dir/MiniOzoneClusterImpl-3ad60551-d9fb-454a-addc-4d3fe7110c5e/datanode-2/data/ratis/tmp is not a group directory; ignoring it. 
2024-01-30 07:48:27,435 [ce491c53-a544-4921-9edd-2ea5f993f9d2-impl-thread1] INFO  server.RaftServer (RaftServerProxy.java:initGroupDir(264)) - ce491c53-a544-4921-9edd-2ea5f993f9d2: found a subdirectory /home/runner/work/ozone/ozone/hadoop-ozone/integration-test/target/test-dir/MiniOzoneClusterImpl-3ad60551-d9fb-454a-addc-4d3fe7110c5e/datanode-2/data/ratis/ae1c78c0-4138-490c-8fb7-b54a4a0e8004
2024-01-30 07:48:27,436 [ce491c53-a544-4921-9edd-2ea5f993f9d2-impl-thread1] INFO  server.RaftServer (RaftServerProxy.java:addNew(100)) - ce491c53-a544-4921-9edd-2ea5f993f9d2: addNew group-B54A4A0E8004:[] returns group-B54A4A0E8004:java.util.concurrent.CompletableFuture@43360348[Not completed]
2024-01-30 07:48:27,436 [ce491c53-a544-4921-9edd-2ea5f993f9d2-impl-thread1] INFO  server.RaftServer (RaftServerProxy.java:initGroupDir(264)) - ce491c53-a544-4921-9edd-2ea5f993f9d2: found a subdirectory /home/runner/work/ozone/ozone/hadoop-ozone/integration-test/target/test-dir/MiniOzoneClusterImpl-3ad60551-d9fb-454a-addc-4d3fe7110c5e/datanode-2/data/ratis/b883a5cd-8b38-43ed-a331-8413612dc804
2024-01-30 07:48:27,436 [ce491c53-a544-4921-9edd-2ea5f993f9d2-impl-thread1] INFO  server.RaftServer (RaftServerProxy.java:addNew(100)) - ce491c53-a544-4921-9edd-2ea5f993f9d2: addNew group-8413612DC804:[] returns group-8413612DC804:java.util.concurrent.CompletableFuture@634954a[Not completed]
2024-01-30 07:48:27,436 [main] INFO  replication.ReplicationServer (ReplicationServer.java:<init>(86)) - Initializing replication server with thread count = 10 queue length = 4096
2024-01-30 07:48:27,437 [main] INFO  server.XceiverServerGrpc (XceiverServerGrpc.java:<init>(141)) - GrpcServer channel type EpollServerSocketChannel
2024-01-30 07:48:27,438 [ce491c53-a544-4921-9edd-2ea5f993f9d2-groupManagement] INFO  server.RaftServer$Division (RaftServerImpl.java:<init>(256)) - ce491c53-a544-4921-9edd-2ea5f993f9d2: new RaftServerImpl for group-26F132A0CE79:[] with ContainerStateMachine:uninitialized
2024-01-30 07:48:27,438 [ce491c53-a544-4921-9edd-2ea5f993f9d2-groupManagement] INFO  server.RaftServerConfigKeys (ConfUtils.java:logGet(46)) - raft.server.rpc.timeout.min = 5s (custom)
2024-01-30 07:48:27,439 [ce491c53-a544-4921-9edd-2ea5f993f9d2-groupManagement] INFO  server.RaftServerConfigKeys (ConfUtils.java:logGet(46)) - raft.server.rpc.timeout.max = 5200ms (custom)
2024-01-30 07:48:27,439 [main] INFO  replication.ReplicationSupervisor (ReplicationSupervisor.java:build(163)) - Initializing replication supervisor with thread count = 10
2024-01-30 07:48:27,439 [main] INFO  replication.ReplicationSupervisor (ReplicationSupervisor.java:nodeStateUpdated(317)) - Node state updated to IN_SERVICE, scaling executor pool size to 10
2024-01-30 07:48:27,439 [ce491c53-a544-4921-9edd-2ea5f993f9d2-groupManagement] INFO  server.RaftServerConfigKeys (ConfUtils.java:logGet(46)) - raft.server.rpc.sleep.time = 25ms (default)
2024-01-30 07:48:27,440 [ce491c53-a544-4921-9edd-2ea5f993f9d2-groupManagement] INFO  server.RaftServerConfigKeys (ConfUtils.java:logGet(46)) - raft.server.rpc.slowness.timeout = 300s (custom)
2024-01-30 07:48:27,440 [ce491c53-a544-4921-9edd-2ea5f993f9d2-groupManagement] INFO  server.RaftServerConfigKeys (ConfUtils.java:logGet(46)) - raft.server.leaderelection.leader.step-down.wait-time = 10s (default)
2024-01-30 07:48:27,441 [ce491c53-a544-4921-9edd-2ea5f993f9d2-groupManagement] INFO  server.RaftServerConfigKeys (ConfUtils.java:logGet(46)) - raft.server.leaderelection.member.majority-add = false (default)
2024-01-30 07:48:27,441 [ce491c53-a544-4921-9edd-2ea5f993f9d2-groupManagement] INFO  server.RaftServerConfigKeys (ConfUtils.java:logGet(46)) - raft.server.sleep.deviation.threshold = 300ms (default)
2024-01-30 07:48:27,441 [ce491c53-a544-4921-9edd-2ea5f993f9d2-groupManagement] INFO  server.RaftServer$Division (ServerState.java:<init>(113)) - ce491c53-a544-4921-9edd-2ea5f993f9d2@group-26F132A0CE79: ConfigurationManager, init=-1: peers:[]|listeners:[], old=null, confs=<EMPTY_MAP>
2024-01-30 07:48:27,441 [ce491c53-a544-4921-9edd-2ea5f993f9d2-groupManagement] INFO  server.RaftServerConfigKeys (ConfUtils.java:logGet(46)) - raft.server.notification.no-leader.timeout = 300s (custom)
2024-01-30 07:48:27,442 [ce491c53-a544-4921-9edd-2ea5f993f9d2-groupManagement] INFO  server.RaftServerConfigKeys (ConfUtils.java:logGet(46)) - raft.server.read.timeout = 10s (default)
2024-01-30 07:48:27,442 [ce491c53-a544-4921-9edd-2ea5f993f9d2-groupManagement] INFO  server.RaftServerConfigKeys (ConfUtils.java:logGet(46)) - raft.server.retrycache.expirytime = 600000ms (custom)
2024-01-30 07:48:27,442 [ce491c53-a544-4921-9edd-2ea5f993f9d2-groupManagement] INFO  server.RaftServerConfigKeys (ConfUtils.java:logGet(46)) - raft.server.retrycache.statistics.expirytime = 100ms (default)
2024-01-30 07:48:27,443 [ce491c53-a544-4921-9edd-2ea5f993f9d2-groupManagement] INFO  server.RaftServerConfigKeys (ConfUtils.java:logGet(46)) - raft.server.read.option = DEFAULT (default)
2024-01-30 07:48:27,443 [main] INFO  http.BaseHttpServer (BaseHttpServer.java:newHttpServer2BuilderForOzone(223)) - Starting Web-server for hddsDatanode at: http://0.0.0.0:15089
2024-01-30 07:48:27,443 [main] INFO  http.BaseHttpServer (BaseHttpServer.java:<init>(110)) - Hadoop Security Enabled: false Ozone Security Enabled: false Ozone HTTP Security Enabled: false 
2024-01-30 07:48:27,443 [ce491c53-a544-4921-9edd-2ea5f993f9d2-groupManagement] INFO  server.RaftServerConfigKeys (ConfUtils.java:logGet(46)) - raft.server.read.read-after-write-consistent.write-index-cache.expiry-time = 60s (default)
2024-01-30 07:48:27,445 [main] WARN  server.AuthenticationFilter (AuthenticationFilter.java:constructSecretProvider(240)) - Unable to initialize FileSignerSecretProvider, falling back to use random secrets. Reason: Could not read signature secret file: /home/runner/hadoop-http-auth-signature-secret
2024-01-30 07:48:27,446 [ce491c53-a544-4921-9edd-2ea5f993f9d2-groupManagement] INFO  server.RaftServerConfigKeys (ConfUtils.java:logGet(46)) - raft.server.rpc.request.timeout = 60s (custom)
2024-01-30 07:48:27,446 [ce491c53-a544-4921-9edd-2ea5f993f9d2-groupManagement] INFO  server.RaftServerConfigKeys (ConfUtils.java:logGet(46)) - raft.server.log.appender.install.snapshot.enabled = false (custom)
2024-01-30 07:48:27,446 [ce491c53-a544-4921-9edd-2ea5f993f9d2-groupManagement] INFO  server.RaftServerConfigKeys (ConfUtils.java:logGet(46)) - raft.server.threadpool.server.cached = true (default)
2024-01-30 07:48:27,447 [ce491c53-a544-4921-9edd-2ea5f993f9d2-groupManagement] INFO  server.RaftServerConfigKeys (ConfUtils.java:logGet(46)) - raft.server.threadpool.server.size = 0 (default)
2024-01-30 07:48:27,447 [ce491c53-a544-4921-9edd-2ea5f993f9d2-groupManagement] INFO  server.RaftServerConfigKeys (ConfUtils.java:logGet(46)) - raft.server.threadpool.client.cached = true (default)
2024-01-30 07:48:27,447 [ce491c53-a544-4921-9edd-2ea5f993f9d2-groupManagement] INFO  server.RaftServerConfigKeys (ConfUtils.java:logGet(46)) - raft.server.threadpool.client.size = 0 (default)
2024-01-30 07:48:27,448 [ce491c53-a544-4921-9edd-2ea5f993f9d2-groupManagement] INFO  server.RaftServer$Division (RaftServerImpl.java:<init>(256)) - ce491c53-a544-4921-9edd-2ea5f993f9d2: new RaftServerImpl for group-B54A4A0E8004:[] with ContainerStateMachine:uninitialized
2024-01-30 07:48:27,448 [ce491c53-a544-4921-9edd-2ea5f993f9d2-groupManagement] INFO  server.RaftServerConfigKeys (ConfUtils.java:logGet(46)) - raft.server.rpc.timeout.min = 5s (custom)
2024-01-30 07:48:27,449 [ce491c53-a544-4921-9edd-2ea5f993f9d2-groupManagement] INFO  server.RaftServerConfigKeys (ConfUtils.java:logGet(46)) - raft.server.rpc.timeout.max = 5200ms (custom)
2024-01-30 07:48:27,449 [ce491c53-a544-4921-9edd-2ea5f993f9d2-groupManagement] INFO  server.RaftServerConfigKeys (ConfUtils.java:logGet(46)) - raft.server.rpc.sleep.time = 25ms (default)
2024-01-30 07:48:27,449 [ce491c53-a544-4921-9edd-2ea5f993f9d2-groupManagement] INFO  server.RaftServerConfigKeys (ConfUtils.java:logGet(46)) - raft.server.rpc.slowness.timeout = 300s (custom)
2024-01-30 07:48:27,450 [ce491c53-a544-4921-9edd-2ea5f993f9d2-groupManagement] INFO  server.RaftServerConfigKeys (ConfUtils.java:logGet(46)) - raft.server.leaderelection.leader.step-down.wait-time = 10s (default)
2024-01-30 07:48:27,450 [ce491c53-a544-4921-9edd-2ea5f993f9d2-groupManagement] INFO  server.RaftServerConfigKeys (ConfUtils.java:logGet(46)) - raft.server.leaderelection.member.majority-add = false (default)
2024-01-30 07:48:27,450 [main] INFO  http.HttpRequestLog (HttpRequestLog.java:getRequestLog(86)) - Http request log for http.requests.hddsDatanode is not defined
2024-01-30 07:48:27,450 [ce491c53-a544-4921-9edd-2ea5f993f9d2-groupManagement] INFO  server.RaftServerConfigKeys (ConfUtils.java:logGet(46)) - raft.server.sleep.deviation.threshold = 300ms (default)
2024-01-30 07:48:27,451 [ce491c53-a544-4921-9edd-2ea5f993f9d2-groupManagement] INFO  server.RaftServer$Division (ServerState.java:<init>(113)) - ce491c53-a544-4921-9edd-2ea5f993f9d2@group-B54A4A0E8004: ConfigurationManager, init=-1: peers:[]|listeners:[], old=null, confs=<EMPTY_MAP>
2024-01-30 07:48:27,451 [ce491c53-a544-4921-9edd-2ea5f993f9d2-groupManagement] INFO  server.RaftServerConfigKeys (ConfUtils.java:logGet(46)) - raft.server.notification.no-leader.timeout = 300s (custom)
2024-01-30 07:48:27,451 [main] INFO  http.HttpServer2 (HttpServer2.java:addGlobalFilter(1036)) - Added global filter 'safety' (class=org.apache.hadoop.hdds.server.http.HttpServer2$QuotingInputFilter)
2024-01-30 07:48:27,452 [ce491c53-a544-4921-9edd-2ea5f993f9d2-groupManagement] INFO  server.RaftServerConfigKeys (ConfUtils.java:logGet(46)) - raft.server.read.timeout = 10s (default)
2024-01-30 07:48:27,452 [ce491c53-a544-4921-9edd-2ea5f993f9d2-groupManagement] INFO  server.RaftServerConfigKeys (ConfUtils.java:logGet(46)) - raft.server.retrycache.expirytime = 600000ms (custom)
2024-01-30 07:48:27,452 [main] INFO  http.HttpServer2 (HttpServer2.java:addFilter(1012)) - Added filter static_user_filter (class=org.apache.hadoop.http.lib.StaticUserWebFilter$StaticUserFilter) to context hddsDatanode
2024-01-30 07:48:27,453 [main] INFO  http.HttpServer2 (HttpServer2.java:addFilter(1020)) - Added filter static_user_filter (class=org.apache.hadoop.http.lib.StaticUserWebFilter$StaticUserFilter) to context static
2024-01-30 07:48:27,453 [main] INFO  http.HttpServer2 (HttpServer2.java:addFilter(1020)) - Added filter static_user_filter (class=org.apache.hadoop.http.lib.StaticUserWebFilter$StaticUserFilter) to context logs
2024-01-30 07:48:27,452 [ce491c53-a544-4921-9edd-2ea5f993f9d2-groupManagement] INFO  server.RaftServerConfigKeys (ConfUtils.java:logGet(46)) - raft.server.retrycache.statistics.expirytime = 100ms (default)
2024-01-30 07:48:27,453 [ce491c53-a544-4921-9edd-2ea5f993f9d2-groupManagement] INFO  server.RaftServerConfigKeys (ConfUtils.java:logGet(46)) - raft.server.read.option = DEFAULT (default)
2024-01-30 07:48:27,454 [ce491c53-a544-4921-9edd-2ea5f993f9d2-groupManagement] INFO  server.RaftServerConfigKeys (ConfUtils.java:logGet(46)) - raft.server.read.read-after-write-consistent.write-index-cache.expiry-time = 60s (default)
2024-01-30 07:48:27,454 [main] INFO  http.BaseHttpServer (BaseHttpServer.java:<init>(189)) - HTTP server of hddsDatanode uses base directory /home/runner/work/ozone/ozone/hadoop-ozone/integration-test/target/test-dir/MiniOzoneClusterImpl-3ad60551-d9fb-454a-addc-4d3fe7110c5e/datanode-2/meta/webserver
2024-01-30 07:48:27,455 [main] INFO  http.HttpServer2 (HttpServer2.java:bindListener(1236)) - Jetty bound to port 15089
2024-01-30 07:48:27,455 [main] INFO  server.Server (Server.java:doStart(375)) - jetty-9.4.53.v20231009; built: 2023-10-09T12:29:09.265Z; git: 27bde00a0b95a1d5bbee0eae7984f891d2d0f8c9; jvm 1.8.0_392-b08
2024-01-30 07:48:27,456 [ce491c53-a544-4921-9edd-2ea5f993f9d2-groupManagement] INFO  server.RaftServerConfigKeys (ConfUtils.java:logGet(46)) - raft.server.rpc.request.timeout = 60s (custom)
2024-01-30 07:48:27,456 [ce491c53-a544-4921-9edd-2ea5f993f9d2-groupManagement] INFO  server.RaftServerConfigKeys (ConfUtils.java:logGet(46)) - raft.server.log.appender.install.snapshot.enabled = false (custom)
2024-01-30 07:48:27,457 [ce491c53-a544-4921-9edd-2ea5f993f9d2-groupManagement] INFO  server.RaftServerConfigKeys (ConfUtils.java:logGet(46)) - raft.server.threadpool.server.cached = true (default)
2024-01-30 07:48:27,457 [ce491c53-a544-4921-9edd-2ea5f993f9d2-groupManagement] INFO  server.RaftServerConfigKeys (ConfUtils.java:logGet(46)) - raft.server.threadpool.server.size = 0 (default)
2024-01-30 07:48:27,457 [ce491c53-a544-4921-9edd-2ea5f993f9d2-groupManagement] INFO  server.RaftServerConfigKeys (ConfUtils.java:logGet(46)) - raft.server.threadpool.client.cached = true (default)
2024-01-30 07:48:27,458 [ce491c53-a544-4921-9edd-2ea5f993f9d2-groupManagement] INFO  server.RaftServerConfigKeys (ConfUtils.java:logGet(46)) - raft.server.threadpool.client.size = 0 (default)
2024-01-30 07:48:27,459 [ce491c53-a544-4921-9edd-2ea5f993f9d2-groupManagement] INFO  server.RaftServer$Division (RaftServerImpl.java:<init>(256)) - ce491c53-a544-4921-9edd-2ea5f993f9d2: new RaftServerImpl for group-8413612DC804:[] with ContainerStateMachine:uninitialized
2024-01-30 07:48:27,459 [ce491c53-a544-4921-9edd-2ea5f993f9d2-groupManagement] INFO  server.RaftServerConfigKeys (ConfUtils.java:logGet(46)) - raft.server.rpc.timeout.min = 5s (custom)
2024-01-30 07:48:27,459 [ce491c53-a544-4921-9edd-2ea5f993f9d2-groupManagement] INFO  server.RaftServerConfigKeys (ConfUtils.java:logGet(46)) - raft.server.rpc.timeout.max = 5200ms (custom)
2024-01-30 07:48:27,459 [ce491c53-a544-4921-9edd-2ea5f993f9d2-groupManagement] INFO  server.RaftServerConfigKeys (ConfUtils.java:logGet(46)) - raft.server.rpc.sleep.time = 25ms (default)
2024-01-30 07:48:27,459 [ce491c53-a544-4921-9edd-2ea5f993f9d2-groupManagement] INFO  server.RaftServerConfigKeys (ConfUtils.java:logGet(46)) - raft.server.rpc.slowness.timeout = 300s (custom)
2024-01-30 07:48:27,460 [ce491c53-a544-4921-9edd-2ea5f993f9d2-groupManagement] INFO  server.RaftServerConfigKeys (ConfUtils.java:logGet(46)) - raft.server.leaderelection.leader.step-down.wait-time = 10s (default)
2024-01-30 07:48:27,460 [ce491c53-a544-4921-9edd-2ea5f993f9d2-groupManagement] INFO  server.RaftServerConfigKeys (ConfUtils.java:logGet(46)) - raft.server.leaderelection.member.majority-add = false (default)
2024-01-30 07:48:27,460 [ce491c53-a544-4921-9edd-2ea5f993f9d2-groupManagement] INFO  server.RaftServerConfigKeys (ConfUtils.java:logGet(46)) - raft.server.sleep.deviation.threshold = 300ms (default)
2024-01-30 07:48:27,460 [ce491c53-a544-4921-9edd-2ea5f993f9d2-groupManagement] INFO  server.RaftServer$Division (ServerState.java:<init>(113)) - ce491c53-a544-4921-9edd-2ea5f993f9d2@group-8413612DC804: ConfigurationManager, init=-1: peers:[]|listeners:[], old=null, confs=<EMPTY_MAP>
2024-01-30 07:48:27,460 [ce491c53-a544-4921-9edd-2ea5f993f9d2-groupManagement] INFO  server.RaftServerConfigKeys (ConfUtils.java:logGet(46)) - raft.server.notification.no-leader.timeout = 300s (custom)
2024-01-30 07:48:27,461 [ce491c53-a544-4921-9edd-2ea5f993f9d2-groupManagement] INFO  server.RaftServerConfigKeys (ConfUtils.java:logGet(46)) - raft.server.read.timeout = 10s (default)
2024-01-30 07:48:27,461 [ce491c53-a544-4921-9edd-2ea5f993f9d2-groupManagement] INFO  server.RaftServerConfigKeys (ConfUtils.java:logGet(46)) - raft.server.retrycache.expirytime = 600000ms (custom)
2024-01-30 07:48:27,461 [ce491c53-a544-4921-9edd-2ea5f993f9d2-groupManagement] INFO  server.RaftServerConfigKeys (ConfUtils.java:logGet(46)) - raft.server.retrycache.statistics.expirytime = 100ms (default)
2024-01-30 07:48:27,461 [ce491c53-a544-4921-9edd-2ea5f993f9d2-groupManagement] INFO  server.RaftServerConfigKeys (ConfUtils.java:logGet(46)) - raft.server.read.option = DEFAULT (default)
2024-01-30 07:48:27,461 [ce491c53-a544-4921-9edd-2ea5f993f9d2-groupManagement] INFO  server.RaftServerConfigKeys (ConfUtils.java:logGet(46)) - raft.server.read.read-after-write-consistent.write-index-cache.expiry-time = 60s (default)
2024-01-30 07:48:27,463 [ce491c53-a544-4921-9edd-2ea5f993f9d2-groupManagement] INFO  server.RaftServerConfigKeys (ConfUtils.java:logGet(46)) - raft.server.rpc.request.timeout = 60s (custom)
2024-01-30 07:48:27,463 [ce491c53-a544-4921-9edd-2ea5f993f9d2-groupManagement] INFO  server.RaftServerConfigKeys (ConfUtils.java:logGet(46)) - raft.server.log.appender.install.snapshot.enabled = false (custom)
2024-01-30 07:48:27,463 [ce491c53-a544-4921-9edd-2ea5f993f9d2-groupManagement] INFO  server.RaftServerConfigKeys (ConfUtils.java:logGet(46)) - raft.server.threadpool.server.cached = true (default)
2024-01-30 07:48:27,463 [ce491c53-a544-4921-9edd-2ea5f993f9d2-groupManagement] INFO  server.RaftServerConfigKeys (ConfUtils.java:logGet(46)) - raft.server.threadpool.server.size = 0 (default)
2024-01-30 07:48:27,463 [ce491c53-a544-4921-9edd-2ea5f993f9d2-groupManagement] INFO  server.RaftServerConfigKeys (ConfUtils.java:logGet(46)) - raft.server.threadpool.client.cached = true (default)
2024-01-30 07:48:27,463 [ce491c53-a544-4921-9edd-2ea5f993f9d2-groupManagement] INFO  server.RaftServerConfigKeys (ConfUtils.java:logGet(46)) - raft.server.threadpool.client.size = 0 (default)
2024-01-30 07:48:27,468 [main] INFO  server.session (DefaultSessionIdManager.java:doStart(334)) - DefaultSessionIdManager workerName=node0
2024-01-30 07:48:27,469 [main] INFO  server.session (DefaultSessionIdManager.java:doStart(339)) - No SessionScavenger set, using defaults
2024-01-30 07:48:27,469 [main] INFO  server.session (HouseKeeper.java:startScavenging(132)) - node0 Scavenging every 600000ms
2024-01-30 07:48:27,470 [main] INFO  handler.ContextHandler (ContextHandler.java:doStart(921)) - Started o.e.j.s.ServletContextHandler@4b186d43{logs,/logs,file:///home/runner/work/ozone/ozone/hadoop-ozone/integration-test/target/log,AVAILABLE}
2024-01-30 07:48:27,470 [main] INFO  handler.ContextHandler (ContextHandler.java:doStart(921)) - Started o.e.j.s.ServletContextHandler@2a02cecb{static,/static,jar:file:/home/runner/.m2/repository/org/apache/ozone/hdds-container-service/1.5.0-SNAPSHOT/hdds-container-service-1.5.0-SNAPSHOT.jar!/webapps/static,AVAILABLE}
2024-01-30 07:48:27,525 [main] INFO  handler.ContextHandler (ContextHandler.java:doStart(921)) - Started o.e.j.w.WebAppContext@72ef2add{hddsDatanode,/,file:///home/runner/work/ozone/ozone/hadoop-ozone/integration-test/target/test-dir/MiniOzoneClusterImpl-3ad60551-d9fb-454a-addc-4d3fe7110c5e/datanode-2/meta/webserver/jetty-0_0_0_0-15089-hdds-container-service-1_5_0-SNAPSHOT_jar-_-any-1716833893546188332/webapp/,AVAILABLE}{jar:file:/home/runner/.m2/repository/org/apache/ozone/hdds-container-service/1.5.0-SNAPSHOT/hdds-container-service-1.5.0-SNAPSHOT.jar!/webapps/hddsDatanode}
2024-01-30 07:48:27,526 [main] INFO  server.AbstractConnector (AbstractConnector.java:doStart(333)) - Started ServerConnector@7e97b443{HTTP/1.1, (http/1.1)}{0.0.0.0:15089}
2024-01-30 07:48:27,527 [main] INFO  server.Server (Server.java:doStart(415)) - Started @213295ms
2024-01-30 07:48:27,527 [main] WARN  impl.MetricsSystemImpl (MetricsSystemImpl.java:register(279)) - Sink prometheus already exists!
2024-01-30 07:48:27,528 [main] INFO  http.BaseHttpServer (BaseHttpServer.java:updateConnectorAddress(354)) - HTTP server of hddsDatanode listening at http://0.0.0.0:15089
2024-01-30 07:48:27,528 [main] INFO  ipc.CallQueueManager (CallQueueManager.java:<init>(90)) - Using callQueue: class java.util.concurrent.LinkedBlockingQueue, queueCapacity: 100, scheduler: class org.apache.hadoop.ipc.DefaultRpcScheduler, ipcBackoff: false.
2024-01-30 07:48:27,528 [main] INFO  ipc.Server (Server.java:<init>(1287)) - Listener at 0.0.0.0:15090
2024-01-30 07:48:27,529 [Socket Reader #1 for port 15090] INFO  ipc.Server (Server.java:run(1323)) - Starting Socket Reader #1 for port 15090
2024-01-30 07:48:27,530 [main] INFO  ozone.HddsDatanodeService (HddsDatanodeService.java:start(327)) - Datanode start with admins: [runner]
2024-01-30 07:48:27,531 [main] INFO  ozone.HddsDatanodeClientProtocolServer (HddsDatanodeClientProtocolServer.java:start(72)) - RPC server for Client /0.0.0.0:15090
2024-01-30 07:48:27,531 [IPC Server Responder] INFO  ipc.Server (Server.java:run(1562)) - IPC Server Responder: starting
2024-01-30 07:48:27,536 [IPC Server listener on 15090] INFO  ipc.Server (Server.java:run(1402)) - IPC Server listener on 15090: starting
2024-01-30 07:48:27,537 [ce491c53-a544-4921-9edd-2ea5f993f9d2-DatanodeStateMachineDaemonThread] INFO  statemachine.DatanodeStateMachine (DatanodeStateMachine.java:lambda$startDaemon$1(555)) - Ozone container server started.
2024-01-30 07:48:27,541 [main] INFO  ozone.MiniOzoneClusterImpl (MiniOzoneClusterImpl.java:shutdown(449)) - Shutting down the Mini Ozone Cluster
2024-01-30 07:48:27,542 [main] INFO  db.CodecTestUtil (CodecTestUtil.java:gc(50)) - gc 0
2024-01-30 07:48:27,749 [RatisPipelineUtilsThread-0] ERROR pipeline.PipelinePlacementPolicy (PipelinePlacementPolicy.java:filterViableNodes(143)) - No healthy node found to allocate container.
2024-01-30 07:48:27,750 [ce491c53-a544-4921-9edd-2ea5f993f9d2-DatanodeStateMachineTaskThread-0] INFO  datanode.InitDatanodeState (InitDatanodeState.java:persistContainerDatanodeDetails(139)) - DatanodeDetails is persisted to /home/runner/work/ozone/ozone/hadoop-ozone/integration-test/target/test-dir/MiniOzoneClusterImpl-3ad60551-d9fb-454a-addc-4d3fe7110c5e/datanode-2/meta/datanode.id
2024-01-30 07:48:27,845 [main] INFO  ozone.MiniOzoneClusterImpl (MiniOzoneClusterImpl.java:stop(465)) - Stopping the Mini Ozone Cluster
2024-01-30 07:48:27,845 [main] INFO  om.OzoneManager (OzoneManager.java:stop(2204)) - om1[localhost:15066]: Stopping Ozone Manager
2024-01-30 07:48:27,846 [main] INFO  ipc.Server (Server.java:stop(3523)) - Stopping server on 15066
2024-01-30 07:48:27,849 [IPC Server listener on 15066] INFO  ipc.Server (Server.java:run(1434)) - Stopping IPC Server listener on 15066
2024-01-30 07:48:27,849 [IPC Server Responder] INFO  ipc.Server (Server.java:run(1567)) - Stopping IPC Server Responder
2024-01-30 07:48:27,849 [main] INFO  ratis.OzoneManagerRatisServer (OzoneManagerRatisServer.java:stop(594)) - Stopping org.apache.hadoop.ozone.om.ratis.OzoneManagerRatisServer@61f57ce1 at port 15069
2024-01-30 07:48:27,850 [main] INFO  server.RaftServer (RaftServerProxy.java:lambda$close$9(416)) - om1: close
2024-01-30 07:48:27,852 [main] INFO  server.GrpcService (GrpcService.java:closeImpl(311)) - om1: shutdown server GrpcServerProtocolService now
2024-01-30 07:48:27,852 [om1-impl-thread2] INFO  server.RaftServer$Division (RaftServerImpl.java:lambda$close$3(526)) - om1@group-C5BA1605619E: shutdown
2024-01-30 07:48:27,852 [om1-impl-thread2] INFO  util.JmxRegister (JmxRegister.java:unregister(73)) - Successfully un-registered JMX Bean with object name Ratis:service=RaftServer,group=group-C5BA1605619E,id=om1
2024-01-30 07:48:27,852 [om1-impl-thread2] INFO  impl.RoleInfo (RoleInfo.java:shutdownLeaderState(94)) - om1: shutdown om1@group-C5BA1605619E-LeaderStateImpl
2024-01-30 07:48:27,852 [om1-impl-thread2] INFO  impl.PendingRequests (PendingRequests.java:sendNotLeaderResponses(289)) - om1@group-C5BA1605619E-PendingRequests: sendNotLeaderResponses
2024-01-30 07:48:27,853 [om1-impl-thread2] INFO  impl.StateMachineUpdater (StateMachineUpdater.java:stopAndJoin(157)) - om1@group-C5BA1605619E-StateMachineUpdater: set stopIndex = 0
2024-01-30 07:48:27,853 [om1@group-C5BA1605619E-StateMachineUpdater] INFO  ratis.OzoneManagerStateMachine (OzoneManagerStateMachine.java:takeSnapshotImpl(469)) -  applied = (t:0, i:~)
2024-01-30 07:48:27,853 [om1@group-C5BA1605619E-StateMachineUpdater] INFO  ratis.OzoneManagerStateMachine (OzoneManagerStateMachine.java:takeSnapshotImpl(470)) -  skipped = -1
2024-01-30 07:48:27,853 [om1@group-C5BA1605619E-StateMachineUpdater] INFO  ratis.OzoneManagerStateMachine (OzoneManagerStateMachine.java:takeSnapshotImpl(471)) - notified = (t:1, i:0)
2024-01-30 07:48:27,853 [om1@group-C5BA1605619E-StateMachineUpdater] INFO  ratis.OzoneManagerStateMachine (OzoneManagerStateMachine.java:takeSnapshotImpl(472)) - snapshot = (t:1, i:0)
2024-01-30 07:48:27,854 [main] INFO  server.GrpcService (GrpcService.java:closeImpl(320)) - om1: shutdown server GrpcServerProtocolService successfully
2024-01-30 07:48:27,860 [om1@group-C5BA1605619E-StateMachineUpdater] INFO  impl.StateMachineUpdater (StateMachineUpdater.java:takeSnapshot(295)) - om1@group-C5BA1605619E-StateMachineUpdater: Took a snapshot at index 0
2024-01-30 07:48:27,860 [om1@group-C5BA1605619E-StateMachineUpdater] INFO  impl.StateMachineUpdater (StateMachineUpdater.java:lambda$new$0(98)) - om1@group-C5BA1605619E-StateMachineUpdater: snapshotIndex: updateIncreasingly -1 -> 0
2024-01-30 07:48:27,860 [om1@group-C5BA1605619E-StateMachineUpdater] INFO  ratis.OzoneManagerStateMachine (OzoneManagerStateMachine.java:close(515)) - Stopping OzoneManagerStateMachine:om1:group-C5BA1605619E.
2024-01-30 07:48:27,860 [om1@group-C5BA1605619E-StateMachineUpdater] INFO  ratis.OzoneManagerDoubleBuffer (OzoneManagerDoubleBuffer.java:stopDaemon(514)) - Stopping OMDoubleBuffer flush thread
2024-01-30 07:48:27,860 [om1-OMDoubleBufferFlushThread] INFO  ratis.OzoneManagerDoubleBuffer (OzoneManagerDoubleBuffer.java:canFlush(578)) - OMDoubleBuffer flush thread om1-OMDoubleBufferFlushThread is interrupted and will exit.
2024-01-30 07:48:27,861 [om1-impl-thread2] INFO  server.RaftServer$Division (ServerState.java:close(427)) - om1@group-C5BA1605619E: applyIndex: -1
2024-01-30 07:48:27,861 [om1@group-C5BA1605619E-cacheEviction-AwaitToRun] INFO  util.AwaitToRun (AwaitToRun.java:run(49)) - om1@group-C5BA1605619E-cacheEviction-AwaitToRun-AwaitForSignal is interrupted
2024-01-30 07:48:27,905 [om1-impl-thread2] INFO  segmented.SegmentedRaftLogWorker (SegmentedRaftLogWorker.java:close(245)) - om1@group-C5BA1605619E-SegmentedRaftLogWorker close()
2024-01-30 07:48:27,906 [JvmPauseMonitor9] INFO  util.JvmPauseMonitor (JvmPauseMonitor.java:run(152)) - JvmPauseMonitor-om1: Stopped
2024-01-30 07:48:27,906 [main] INFO  utils.BackgroundService (BackgroundService.java:shutdown(160)) - Shutting down service KeyDeletingService
2024-01-30 07:48:27,907 [main] INFO  utils.BackgroundService (BackgroundService.java:shutdown(160)) - Shutting down service DirectoryDeletingService
2024-01-30 07:48:27,907 [main] INFO  utils.BackgroundService (BackgroundService.java:shutdown(160)) - Shutting down service OpenKeyCleanupService
2024-01-30 07:48:27,907 [main] INFO  utils.BackgroundService (BackgroundService.java:shutdown(160)) - Shutting down service SstFilteringService
2024-01-30 07:48:27,907 [main] INFO  utils.BackgroundService (BackgroundService.java:shutdown(160)) - Shutting down service SnapshotDeletingService
2024-01-30 07:48:27,907 [main] INFO  utils.BackgroundService (BackgroundService.java:shutdown(160)) - Shutting down service MultipartUploadCleanupService
2024-01-30 07:48:27,908 [main] INFO  utils.BackgroundService (BackgroundService.java:shutdown(160)) - Shutting down service SnapshotDirectoryCleaningService
2024-01-30 07:48:27,908 [main] INFO  handler.ContextHandler (ContextHandler.java:doStop(1159)) - Stopped o.e.j.w.WebAppContext@785bb9ef{ozoneManager,/,null,STOPPED}{file:/home/runner/work/ozone/ozone/hadoop-ozone/integration-test/target/test-classes/webapps/ozoneManager}
2024-01-30 07:48:27,909 [main] INFO  server.AbstractConnector (AbstractConnector.java:doStop(383)) - Stopped ServerConnector@71f109d0{HTTP/1.1, (http/1.1)}{0.0.0.0:15067}
2024-01-30 07:48:27,909 [main] INFO  server.session (HouseKeeper.java:stopScavenging(149)) - node0 Stopped scavenging
2024-01-30 07:48:27,909 [main] INFO  handler.ContextHandler (ContextHandler.java:doStop(1159)) - Stopped o.e.j.s.ServletContextHandler@706b8129{static,/static,file:///home/runner/work/ozone/ozone/hadoop-ozone/integration-test/target/test-classes/webapps/static,STOPPED}
2024-01-30 07:48:27,909 [main] INFO  handler.ContextHandler (ContextHandler.java:doStop(1159)) - Stopped o.e.j.s.ServletContextHandler@19678f3c{logs,/logs,file:///home/runner/work/ozone/ozone/hadoop-ozone/integration-test/target/log,STOPPED}
2024-01-30 07:48:27,910 [main] INFO  rocksdiff.RocksDBCheckpointDiffer (RocksDBCheckpointDiffer.java:close(310)) - Shutting down CompactionDagPruningService.
2024-01-30 07:48:27,911 [main] INFO  snapshot.SnapshotDiffManager (SnapshotDiffManager.java:closeExecutorService(1688)) - Shutting down executorService: 'SnapDiffExecutor'
2024-01-30 07:48:27,912 [main] INFO  snapshot.SnapshotDiffManager (SnapshotDiffManager.java:closeExecutorService(1688)) - Shutting down executorService: 'SstDumpToolExecutor'
2024-01-30 07:48:27,912 [main] INFO  utils.BackgroundService (BackgroundService.java:shutdown(160)) - Shutting down service SnapshotDiffCleanupService
2024-01-30 07:48:27,912 [main] INFO  ozone.MiniOzoneClusterImpl (MiniOzoneClusterImpl.java:stopDatanodes(535)) - Stopping the HddsDatanodes
2024-01-30 07:48:27,913 [main] INFO  ozoneimpl.OzoneContainer (OzoneContainer.java:stop(479)) - Attempting to stop container services.
2024-01-30 07:48:27,914 [main] INFO  utils.DatanodeStoreCache (DatanodeStoreCache.java:shutdownCache(116)) - Skip clearing cache in mini cluster mode. Entries left: [/home/runner/work/ozone/ozone/hadoop-ozone/integration-test/target/test-dir/MiniOzoneClusterImpl-3ad60551-d9fb-454a-addc-4d3fe7110c5e/datanode-0/data-0/containers/hdds/3ad60551-d9fb-454a-addc-4d3fe7110c5e/DS-3ec9c859-79fb-4cf7-bbba-dd21e96dc4bf/container.db, /home/runner/work/ozone/ozone/hadoop-ozone/integration-test/target/test-dir/MiniOzoneClusterImpl-3ad60551-d9fb-454a-addc-4d3fe7110c5e/datanode-1/data-0/containers/hdds/3ad60551-d9fb-454a-addc-4d3fe7110c5e/DS-d81a498e-648d-4968-b729-46474a7ab620/container.db, /home/runner/work/ozone/ozone/hadoop-ozone/integration-test/target/test-dir/MiniOzoneClusterImpl-3ad60551-d9fb-454a-addc-4d3fe7110c5e/datanode-2/data-0/containers/hdds/3ad60551-d9fb-454a-addc-4d3fe7110c5e/DS-cebcea64-9ea2-45e8-b1ad-2b817de4434f/container.db]
2024-01-30 07:48:27,915 [ForkJoinPool.commonPool-worker-0] INFO  ozoneimpl.OzoneContainer (OzoneContainer.java:stop(479)) - Attempting to stop container services.
2024-01-30 07:48:27,915 [ForkJoinPool.commonPool-worker-0] INFO  utils.DatanodeStoreCache (DatanodeStoreCache.java:shutdownCache(116)) - Skip clearing cache in mini cluster mode. Entries left: [/home/runner/work/ozone/ozone/hadoop-ozone/integration-test/target/test-dir/MiniOzoneClusterImpl-3ad60551-d9fb-454a-addc-4d3fe7110c5e/datanode-0/data-0/containers/hdds/3ad60551-d9fb-454a-addc-4d3fe7110c5e/DS-3ec9c859-79fb-4cf7-bbba-dd21e96dc4bf/container.db, /home/runner/work/ozone/ozone/hadoop-ozone/integration-test/target/test-dir/MiniOzoneClusterImpl-3ad60551-d9fb-454a-addc-4d3fe7110c5e/datanode-2/data-0/containers/hdds/3ad60551-d9fb-454a-addc-4d3fe7110c5e/DS-cebcea64-9ea2-45e8-b1ad-2b817de4434f/container.db]
2024-01-30 07:48:27,916 [ForkJoinPool.commonPool-worker-1] INFO  ozoneimpl.OzoneContainer (OzoneContainer.java:stop(479)) - Attempting to stop container services.
2024-01-30 07:48:27,916 [ForkJoinPool.commonPool-worker-1] INFO  utils.DatanodeStoreCache (DatanodeStoreCache.java:shutdownCache(116)) - Skip clearing cache in mini cluster mode. Entries left: [/home/runner/work/ozone/ozone/hadoop-ozone/integration-test/target/test-dir/MiniOzoneClusterImpl-3ad60551-d9fb-454a-addc-4d3fe7110c5e/datanode-0/data-0/containers/hdds/3ad60551-d9fb-454a-addc-4d3fe7110c5e/DS-3ec9c859-79fb-4cf7-bbba-dd21e96dc4bf/container.db, /home/runner/work/ozone/ozone/hadoop-ozone/integration-test/target/test-dir/MiniOzoneClusterImpl-3ad60551-d9fb-454a-addc-4d3fe7110c5e/datanode-2/data-0/containers/hdds/3ad60551-d9fb-454a-addc-4d3fe7110c5e/DS-cebcea64-9ea2-45e8-b1ad-2b817de4434f/container.db]
2024-01-30 07:48:27,916 [main] INFO  utils.DatanodeStoreCache (DatanodeStoreCache.java:removeDB(110)) - Removed db /home/runner/work/ozone/ozone/hadoop-ozone/integration-test/target/test-dir/MiniOzoneClusterImpl-3ad60551-d9fb-454a-addc-4d3fe7110c5e/datanode-1/data-0/containers/hdds/3ad60551-d9fb-454a-addc-4d3fe7110c5e/DS-d81a498e-648d-4968-b729-46474a7ab620/container.db from cache
2024-01-30 07:48:27,916 [main] INFO  volume.HddsVolume (HddsVolume.java:closeDbStore(451)) - SchemaV3 db is stopped at /home/runner/work/ozone/ozone/hadoop-ozone/integration-test/target/test-dir/MiniOzoneClusterImpl-3ad60551-d9fb-454a-addc-4d3fe7110c5e/datanode-1/data-0/containers/hdds/3ad60551-d9fb-454a-addc-4d3fe7110c5e/DS-d81a498e-648d-4968-b729-46474a7ab620/container.db for volume DS-d81a498e-648d-4968-b729-46474a7ab620
2024-01-30 07:48:27,917 [main] INFO  utils.BackgroundService (BackgroundService.java:shutdown(160)) - Shutting down service BlockDeletingService
2024-01-30 07:48:27,917 [main] INFO  utils.BackgroundService (BackgroundService.java:shutdown(160)) - Shutting down service StaleRecoveringContainerScrubbingService
2024-01-30 07:48:27,919 [main] INFO  statemachine.DatanodeStateMachine (DatanodeStateMachine.java:stopDaemon(638)) - Ozone container server stopped.
2024-01-30 07:48:27,920 [main] INFO  handler.ContextHandler (ContextHandler.java:doStop(1159)) - Stopped o.e.j.w.WebAppContext@40bd1178{hddsDatanode,/,null,STOPPED}{jar:file:/home/runner/.m2/repository/org/apache/ozone/hdds-container-service/1.5.0-SNAPSHOT/hdds-container-service-1.5.0-SNAPSHOT.jar!/webapps/hddsDatanode}
2024-01-30 07:48:27,922 [ForkJoinPool.commonPool-worker-0] INFO  utils.DatanodeStoreCache (DatanodeStoreCache.java:removeDB(110)) - Removed db /home/runner/work/ozone/ozone/hadoop-ozone/integration-test/target/test-dir/MiniOzoneClusterImpl-3ad60551-d9fb-454a-addc-4d3fe7110c5e/datanode-2/data-0/containers/hdds/3ad60551-d9fb-454a-addc-4d3fe7110c5e/DS-cebcea64-9ea2-45e8-b1ad-2b817de4434f/container.db from cache
2024-01-30 07:48:27,922 [main] INFO  server.AbstractConnector (AbstractConnector.java:doStop(383)) - Stopped ServerConnector@16b6fa67{HTTP/1.1, (http/1.1)}{0.0.0.0:15080}
2024-01-30 07:48:27,922 [main] INFO  server.session (HouseKeeper.java:stopScavenging(149)) - node0 Stopped scavenging
2024-01-30 07:48:27,922 [ForkJoinPool.commonPool-worker-1] INFO  utils.DatanodeStoreCache (DatanodeStoreCache.java:removeDB(110)) - Removed db /home/runner/work/ozone/ozone/hadoop-ozone/integration-test/target/test-dir/MiniOzoneClusterImpl-3ad60551-d9fb-454a-addc-4d3fe7110c5e/datanode-0/data-0/containers/hdds/3ad60551-d9fb-454a-addc-4d3fe7110c5e/DS-3ec9c859-79fb-4cf7-bbba-dd21e96dc4bf/container.db from cache
2024-01-30 07:48:27,923 [main] INFO  handler.ContextHandler (ContextHandler.java:doStop(1159)) - Stopped o.e.j.s.ServletContextHandler@d12aecb{static,/static,jar:file:/home/runner/.m2/repository/org/apache/ozone/hdds-container-service/1.5.0-SNAPSHOT/hdds-container-service-1.5.0-SNAPSHOT.jar!/webapps/static,STOPPED}
2024-01-30 07:48:27,922 [ForkJoinPool.commonPool-worker-0] INFO  volume.HddsVolume (HddsVolume.java:closeDbStore(451)) - SchemaV3 db is stopped at /home/runner/work/ozone/ozone/hadoop-ozone/integration-test/target/test-dir/MiniOzoneClusterImpl-3ad60551-d9fb-454a-addc-4d3fe7110c5e/datanode-2/data-0/containers/hdds/3ad60551-d9fb-454a-addc-4d3fe7110c5e/DS-cebcea64-9ea2-45e8-b1ad-2b817de4434f/container.db for volume DS-cebcea64-9ea2-45e8-b1ad-2b817de4434f
2024-01-30 07:48:27,923 [main] INFO  handler.ContextHandler (ContextHandler.java:doStop(1159)) - Stopped o.e.j.s.ServletContextHandler@1a711314{logs,/logs,file:///home/runner/work/ozone/ozone/hadoop-ozone/integration-test/target/log,STOPPED}
2024-01-30 07:48:27,923 [ForkJoinPool.commonPool-worker-1] INFO  volume.HddsVolume (HddsVolume.java:closeDbStore(451)) - SchemaV3 db is stopped at /home/runner/work/ozone/ozone/hadoop-ozone/integration-test/target/test-dir/MiniOzoneClusterImpl-3ad60551-d9fb-454a-addc-4d3fe7110c5e/datanode-0/data-0/containers/hdds/3ad60551-d9fb-454a-addc-4d3fe7110c5e/DS-3ec9c859-79fb-4cf7-bbba-dd21e96dc4bf/container.db for volume DS-3ec9c859-79fb-4cf7-bbba-dd21e96dc4bf
2024-01-30 07:48:27,924 [main] INFO  ozone.HddsDatanodeClientProtocolServer (HddsDatanodeClientProtocolServer.java:stop(78)) - Stopping the RPC server for Client Protocol
2024-01-30 07:48:27,925 [main] INFO  ipc.Server (Server.java:stop(3523)) - Stopping server on 15081
2024-01-30 07:48:27,923 [ForkJoinPool.commonPool-worker-0] INFO  utils.BackgroundService (BackgroundService.java:shutdown(160)) - Shutting down service BlockDeletingService
2024-01-30 07:48:27,925 [ForkJoinPool.commonPool-worker-0] INFO  utils.BackgroundService (BackgroundService.java:shutdown(160)) - Shutting down service StaleRecoveringContainerScrubbingService
2024-01-30 07:48:27,925 [ForkJoinPool.commonPool-worker-1] INFO  utils.BackgroundService (BackgroundService.java:shutdown(160)) - Shutting down service BlockDeletingService
2024-01-30 07:48:27,925 [ForkJoinPool.commonPool-worker-1] INFO  utils.BackgroundService (BackgroundService.java:shutdown(160)) - Shutting down service StaleRecoveringContainerScrubbingService
2024-01-30 07:48:27,927 [ForkJoinPool.commonPool-worker-1] INFO  statemachine.DatanodeStateMachine (DatanodeStateMachine.java:stopDaemon(638)) - Ozone container server stopped.
2024-01-30 07:48:27,927 [IPC Server listener on 15081] INFO  ipc.Server (Server.java:run(1434)) - Stopping IPC Server listener on 15081
2024-01-30 07:48:27,927 [ForkJoinPool.commonPool-worker-0] INFO  statemachine.DatanodeStateMachine (DatanodeStateMachine.java:stopDaemon(638)) - Ozone container server stopped.
2024-01-30 07:48:27,927 [IPC Server Responder] INFO  ipc.Server (Server.java:run(1567)) - Stopping IPC Server Responder
2024-01-30 07:48:27,929 [ForkJoinPool.commonPool-worker-1] INFO  handler.ContextHandler (ContextHandler.java:doStop(1159)) - Stopped o.e.j.w.WebAppContext@4ecac4d4{hddsDatanode,/,null,STOPPED}{jar:file:/home/runner/.m2/repository/org/apache/ozone/hdds-container-service/1.5.0-SNAPSHOT/hdds-container-service-1.5.0-SNAPSHOT.jar!/webapps/hddsDatanode}
2024-01-30 07:48:27,930 [ForkJoinPool.commonPool-worker-0] INFO  handler.ContextHandler (ContextHandler.java:doStop(1159)) - Stopped o.e.j.w.WebAppContext@72ef2add{hddsDatanode,/,null,STOPPED}{jar:file:/home/runner/.m2/repository/org/apache/ozone/hdds-container-service/1.5.0-SNAPSHOT/hdds-container-service-1.5.0-SNAPSHOT.jar!/webapps/hddsDatanode}
2024-01-30 07:48:27,930 [ForkJoinPool.commonPool-worker-1] INFO  server.AbstractConnector (AbstractConnector.java:doStop(383)) - Stopped ServerConnector@66fbba6b{HTTP/1.1, (http/1.1)}{0.0.0.0:15071}
2024-01-30 07:48:27,930 [ForkJoinPool.commonPool-worker-1] INFO  server.session (HouseKeeper.java:stopScavenging(149)) - node0 Stopped scavenging
2024-01-30 07:48:27,931 [ForkJoinPool.commonPool-worker-1] INFO  handler.ContextHandler (ContextHandler.java:doStop(1159)) - Stopped o.e.j.s.ServletContextHandler@632189d8{static,/static,jar:file:/home/runner/.m2/repository/org/apache/ozone/hdds-container-service/1.5.0-SNAPSHOT/hdds-container-service-1.5.0-SNAPSHOT.jar!/webapps/static,STOPPED}
2024-01-30 07:48:27,931 [ForkJoinPool.commonPool-worker-0] INFO  server.AbstractConnector (AbstractConnector.java:doStop(383)) - Stopped ServerConnector@7e97b443{HTTP/1.1, (http/1.1)}{0.0.0.0:15089}
2024-01-30 07:48:27,931 [ForkJoinPool.commonPool-worker-0] INFO  server.session (HouseKeeper.java:stopScavenging(149)) - node0 Stopped scavenging
2024-01-30 07:48:27,932 [ForkJoinPool.commonPool-worker-0] INFO  handler.ContextHandler (ContextHandler.java:doStop(1159)) - Stopped o.e.j.s.ServletContextHandler@2a02cecb{static,/static,jar:file:/home/runner/.m2/repository/org/apache/ozone/hdds-container-service/1.5.0-SNAPSHOT/hdds-container-service-1.5.0-SNAPSHOT.jar!/webapps/static,STOPPED}
2024-01-30 07:48:27,932 [ForkJoinPool.commonPool-worker-0] INFO  handler.ContextHandler (ContextHandler.java:doStop(1159)) - Stopped o.e.j.s.ServletContextHandler@4b186d43{logs,/logs,file:///home/runner/work/ozone/ozone/hadoop-ozone/integration-test/target/log,STOPPED}
2024-01-30 07:48:27,932 [ForkJoinPool.commonPool-worker-1] INFO  handler.ContextHandler (ContextHandler.java:doStop(1159)) - Stopped o.e.j.s.ServletContextHandler@7a6d5fdf{logs,/logs,file:///home/runner/work/ozone/ozone/hadoop-ozone/integration-test/target/log,STOPPED}
2024-01-30 07:48:27,933 [ForkJoinPool.commonPool-worker-0] INFO  ozone.HddsDatanodeClientProtocolServer (HddsDatanodeClientProtocolServer.java:stop(78)) - Stopping the RPC server for Client Protocol
2024-01-30 07:48:27,933 [ForkJoinPool.commonPool-worker-1] INFO  ozone.HddsDatanodeClientProtocolServer (HddsDatanodeClientProtocolServer.java:stop(78)) - Stopping the RPC server for Client Protocol
2024-01-30 07:48:27,934 [ForkJoinPool.commonPool-worker-0] INFO  ipc.Server (Server.java:stop(3523)) - Stopping server on 15090
2024-01-30 07:48:27,934 [ForkJoinPool.commonPool-worker-1] INFO  ipc.Server (Server.java:stop(3523)) - Stopping server on 15072
2024-01-30 07:48:27,935 [IPC Server listener on 15090] INFO  ipc.Server (Server.java:run(1434)) - Stopping IPC Server listener on 15090
2024-01-30 07:48:27,935 [IPC Server Responder] INFO  ipc.Server (Server.java:run(1567)) - Stopping IPC Server Responder
2024-01-30 07:48:27,935 [IPC Server listener on 15072] INFO  ipc.Server (Server.java:run(1434)) - Stopping IPC Server listener on 15072
2024-01-30 07:48:27,935 [IPC Server Responder] INFO  ipc.Server (Server.java:run(1567)) - Stopping IPC Server Responder
2024-01-30 07:48:27,937 [main] INFO  ozone.MiniOzoneClusterImpl (MiniOzoneClusterImpl.java:stopSCM(550)) - Stopping the StorageContainerManager
2024-01-30 07:48:27,937 [main] INFO  server.StorageContainerManager (StorageContainerManager.java:stop(1654)) - Container Balancer is not running.
2024-01-30 07:48:27,938 [main] INFO  server.StorageContainerManager (StorageContainerManager.java:stopReplicationManager(1787)) - Stopping Replication Manager Service.
2024-01-30 07:48:27,938 [main] INFO  replication.ReplicationManager (ReplicationManager.java:stop(326)) - Stopping Replication Monitor Thread.
2024-01-30 07:48:27,938 [UnderReplicatedProcessor] WARN  replication.UnhealthyReplicationProcessor (UnhealthyReplicationProcessor.java:run(180)) - UnderReplicatedProcessor interrupted. Exiting...
2024-01-30 07:48:27,938 [OverReplicatedProcessor] WARN  replication.UnhealthyReplicationProcessor (UnhealthyReplicationProcessor.java:run(180)) - OverReplicatedProcessor interrupted. Exiting...
2024-01-30 07:48:27,938 [ReplicationMonitor] INFO  replication.ReplicationManager (ReplicationManager.java:run(933)) - Replication Monitor Thread is stopped
2024-01-30 07:48:27,938 [main] INFO  server.StorageContainerManager (StorageContainerManager.java:stop(1663)) - Stopping the Datanode Admin Monitor.
2024-01-30 07:48:27,938 [main] INFO  server.StorageContainerManager (StorageContainerManager.java:stop(1670)) - Stopping datanode service RPC server
2024-01-30 07:48:27,939 [main] INFO  server.SCMDatanodeProtocolServer (SCMDatanodeProtocolServer.java:stop(425)) - Stopping the RPC server for DataNodes
2024-01-30 07:48:27,939 [main] INFO  ipc.Server (Server.java:stop(3523)) - Stopping server on 15064
2024-01-30 07:48:27,941 [IPC Server listener on 15064] INFO  ipc.Server (Server.java:run(1434)) - Stopping IPC Server listener on 15064
2024-01-30 07:48:27,941 [IPC Server Responder] INFO  ipc.Server (Server.java:run(1567)) - Stopping IPC Server Responder
2024-01-30 07:48:28,041 [SCMHeartbeatProcessor-0] WARN  node.NodeStateManager (NodeStateManager.java:scheduleNextHealthCheck(878)) - Current Thread is interrupted, shutting down HB processing thread for Node Manager.
2024-01-30 07:48:28,041 [main] INFO  server.StorageContainerManager (StorageContainerManager.java:stop(1678)) - Stopping block service RPC server
2024-01-30 07:48:28,041 [main] INFO  server.SCMBlockProtocolServer (SCMBlockProtocolServer.java:stop(169)) - Stopping the RPC server for Block Protocol
2024-01-30 07:48:28,041 [main] INFO  ipc.Server (Server.java:stop(3523)) - Stopping server on 15063
2024-01-30 07:48:28,044 [IPC Server listener on 15063] INFO  ipc.Server (Server.java:run(1434)) - Stopping IPC Server listener on 15063
2024-01-30 07:48:28,044 [IPC Server Responder] INFO  ipc.Server (Server.java:run(1567)) - Stopping IPC Server Responder
2024-01-30 07:48:28,045 [main] INFO  server.StorageContainerManager (StorageContainerManager.java:stop(1685)) - Stopping the StorageContainerLocationProtocol RPC server
2024-01-30 07:48:28,045 [main] INFO  server.SCMClientProtocolServer (SCMClientProtocolServer.java:stop(212)) - Stopping the RPC server for Client Protocol
2024-01-30 07:48:28,046 [main] INFO  ipc.Server (Server.java:stop(3523)) - Stopping server on 15062
2024-01-30 07:48:28,049 [IPC Server Responder] INFO  ipc.Server (Server.java:run(1567)) - Stopping IPC Server Responder
2024-01-30 07:48:28,049 [main] INFO  server.StorageContainerManager (StorageContainerManager.java:stop(1692)) - Stopping Storage Container Manager HTTP server.
2024-01-30 07:48:28,050 [IPC Server listener on 15062] INFO  ipc.Server (Server.java:run(1434)) - Stopping IPC Server listener on 15062
2024-01-30 07:48:28,050 [main] INFO  handler.ContextHandler (ContextHandler.java:doStop(1159)) - Stopped o.e.j.w.WebAppContext@711aa430{scm,/,null,STOPPED}{file:/home/runner/work/ozone/ozone/hadoop-ozone/integration-test/target/test-classes/webapps/scm}
2024-01-30 07:48:28,051 [main] INFO  server.AbstractConnector (AbstractConnector.java:doStop(383)) - Stopped ServerConnector@598f99f4{HTTP/1.1, (http/1.1)}{0.0.0.0:15065}
2024-01-30 07:48:28,052 [main] INFO  server.session (HouseKeeper.java:stopScavenging(149)) - node0 Stopped scavenging
2024-01-30 07:48:28,052 [main] INFO  handler.ContextHandler (ContextHandler.java:doStop(1159)) - Stopped o.e.j.s.ServletContextHandler@45a63a4f{static,/static,file:///home/runner/work/ozone/ozone/hadoop-ozone/integration-test/target/test-classes/webapps/static,STOPPED}
2024-01-30 07:48:28,052 [main] INFO  handler.ContextHandler (ContextHandler.java:doStop(1159)) - Stopped o.e.j.s.ServletContextHandler@36c6ad3c{logs,/logs,file:///home/runner/work/ozone/ozone/hadoop-ozone/integration-test/target/log,STOPPED}
2024-01-30 07:48:28,056 [main] INFO  server.StorageContainerManager (StorageContainerManager.java:stop(1700)) - Stopping SCM LayoutVersionManager Service.
2024-01-30 07:48:28,057 [main] INFO  server.StorageContainerManager (StorageContainerManager.java:stop(1712)) - Stopping Block Manager Service.
2024-01-30 07:48:28,057 [main] INFO  utils.BackgroundService (BackgroundService.java:shutdown(160)) - Shutting down service SCMBlockDeletingService
2024-01-30 07:48:28,066 [main] INFO  utils.BackgroundService (BackgroundService.java:shutdown(160)) - Shutting down service SCMBlockDeletingService
2024-01-30 07:48:28,066 [main] INFO  server.StorageContainerManager (StorageContainerManager.java:stop(1732)) - Stopping SCM Event Queue.
2024-01-30 07:48:28,067 [JvmPauseMonitor8] INFO  util.JvmPauseMonitor (JvmPauseMonitor.java:run(152)) - JvmPauseMonitor-44c8d0df-6b1f-42fd-952f-478c37cbbb1c: Stopped
2024-01-30 07:48:28,067 [main] INFO  server.StorageContainerManager (StorageContainerManager.java:stop(1743)) - Stopping SCM HA services.
2024-01-30 07:48:28,067 [main] INFO  pipeline.BackgroundPipelineCreator (BackgroundPipelineCreator.java:stop(152)) - Stopping RatisPipelineUtilsThread.
2024-01-30 07:48:28,070 [RatisPipelineUtilsThread-0] WARN  pipeline.BackgroundPipelineCreator (BackgroundPipelineCreator.java:run(183)) - RatisPipelineUtilsThread is interrupted.
2024-01-30 07:48:28,070 [BackgroundPipelineScrubber] WARN  BackgroundPipelineScrubber (BackgroundSCMService.java:run(115)) - BackgroundPipelineScrubber is interrupted, exit
2024-01-30 07:48:28,071 [main] INFO  BackgroundPipelineScrubber (BackgroundSCMService.java:stop(131)) - Stopping BackgroundPipelineScrubber Service.
2024-01-30 07:48:28,071 [main] INFO  impl.MetricsSystemImpl (MetricsSystemImpl.java:stop(210)) - Stopping HddsDatanode metrics system...
2024-01-30 07:48:28,102 [main] INFO  impl.MetricsSystemImpl (MetricsSystemImpl.java:stop(216)) - HddsDatanode metrics system stopped.
2024-01-30 07:48:28,102 [main] WARN  pipeline.BackgroundPipelineCreator (BackgroundPipelineCreator.java:stop(148)) - RatisPipelineUtilsThread is not running, just ignore.
2024-01-30 07:48:28,102 [main] INFO  BackgroundPipelineScrubber (BackgroundSCMService.java:stop(126)) - BackgroundPipelineScrubber Service is not running, skip stop.
2024-01-30 07:48:28,102 [main] INFO  ExpiredContainerReplicaOpScrubber (BackgroundSCMService.java:stop(131)) - Stopping ExpiredContainerReplicaOpScrubber Service.
2024-01-30 07:48:28,102 [main] INFO  utils.BackgroundService (BackgroundService.java:shutdown(160)) - Shutting down service SCMBlockDeletingService
2024-01-30 07:48:28,102 [main] INFO  replication.ReplicationManager (ReplicationManager.java:stop(336)) - Replication Monitor Thread is not running.
2024-01-30 07:48:28,102 [ExpiredContainerReplicaOpScrubber] WARN  ExpiredContainerReplicaOpScrubber (BackgroundSCMService.java:run(115)) - ExpiredContainerReplicaOpScrubber is interrupted, exit
2024-01-30 07:48:28,103 [main] WARN  balancer.ContainerBalancer (ContainerBalancer.java:stop(327)) - Cannot stop Container Balancer because it's not running or stopping
2024-01-30 07:48:28,103 [LeaseManager#LeaseMonitor] WARN  lease.LeaseManager (LeaseManager.java:run(287)) - Lease manager is interrupted. Shutting down...
java.lang.InterruptedException
	at java.util.concurrent.locks.AbstractQueuedSynchronizer.doAcquireSharedNanos(AbstractQueuedSynchronizer.java:1039)
	at java.util.concurrent.locks.AbstractQueuedSynchronizer.tryAcquireSharedNanos(AbstractQueuedSynchronizer.java:1328)
	at java.util.concurrent.Semaphore.tryAcquire(Semaphore.java:409)
	at org.apache.hadoop.ozone.lease.LeaseManager$LeaseMonitor.run(LeaseManager.java:285)
	at java.lang.Thread.run(Thread.java:750)
2024-01-30 07:48:28,103 [main] INFO  server.StorageContainerManager (StorageContainerManager.java:stop(1778)) - Stopping SCM MetadataStore.
]]></system-out>
  </testcase>
  <testcase name="testAutomaticPipelineCreationDisablingFactorONE" classname="org.apache.hadoop.hdds.scm.pipeline.TestRatisPipelineCreateAndDestroy" time="24.165">
    <system-out><![CDATA[2024-01-30 07:48:28,151 [main] WARN  server.ServerUtils (ServerUtils.java:getScmDbDir(155)) - ozone.scm.db.dirs is not configured. We recommend adding this setting. Falling back to ozone.metadata.dirs instead.
2024-01-30 07:48:28,153 [main] WARN  server.ServerUtils (ServerUtils.java:getScmDbDir(155)) - ozone.scm.db.dirs is not configured. We recommend adding this setting. Falling back to ozone.metadata.dirs instead.
2024-01-30 07:48:28,154 [main] INFO  ha.SCMHANodeDetails (SCMHANodeDetails.java:loadSCMHAConfig(207)) - ServiceID for StorageContainerManager is null
2024-01-30 07:48:28,154 [main] INFO  ha.SCMHANodeDetails (SCMHANodeDetails.java:loadSCMHAConfig(212)) - ozone.scm.default.service.id is not defined, falling back to ozone.scm.service.ids to find serviceID for StorageContainerManager if it is HA enabled cluster
2024-01-30 07:48:28,155 [main] WARN  utils.HAUtils (HAUtils.java:getMetaDir(339)) - ozone.scm.db.dirs is not configured. We recommend adding this setting. Falling back to ozone.metadata.dirs instead.
2024-01-30 07:48:28,155 [main] WARN  db.DBStoreBuilder (DBStoreBuilder.java:applyDBDefinition(170)) - ozone.scm.db.dirs is not configured. We recommend adding this setting. Falling back to ozone.metadata.dirs instead.
2024-01-30 07:48:28,240 [main] INFO  net.NodeSchemaLoader (NodeSchemaLoader.java:loadSchemaFromFile(129)) - Loading schema from [jar:file:/home/runner/.m2/repository/org/apache/ozone/hdds-common/1.5.0-SNAPSHOT/hdds-common-1.5.0-SNAPSHOT.jar!/network-topology-default.xml]
2024-01-30 07:48:28,240 [main] INFO  net.NodeSchemaLoader (NodeSchemaLoader.java:loadSchema(176)) - Loading network topology layer schema file
2024-01-30 07:48:28,243 [main] INFO  upgrade.AbstractLayoutVersionManager (AbstractLayoutVersionManager.java:init(83)) - Initializing Layout version manager with metadata layout = HADOOP_PRC_PORTS_IN_DATANODEDETAILS (version = 7), software layout = HADOOP_PRC_PORTS_IN_DATANODEDETAILS (version = 7)
2024-01-30 07:48:28,245 [main] INFO  ha.SequenceIdGenerator (SequenceIdGenerator.java:upgradeToSequenceId(370)) - upgrade localId to 113750153625600000
2024-01-30 07:48:28,247 [main] INFO  ha.SequenceIdGenerator (SequenceIdGenerator.java:upgradeToSequenceId(380)) - upgrade delTxnId to 0
2024-01-30 07:48:28,248 [main] INFO  ha.SequenceIdGenerator (SequenceIdGenerator.java:upgradeToSequenceId(397)) - upgrade containerId to 0
2024-01-30 07:48:28,250 [main] INFO  ha.SequenceIdGenerator (SequenceIdGenerator.java:upgradeToCertificateSequenceId(444)) - upgrade CertificateId to 2
2024-01-30 07:48:28,250 [main] INFO  ha.SequenceIdGenerator (SequenceIdGenerator.java:<init>(241)) - Init the HA SequenceIdGenerator.
2024-01-30 07:48:28,251 [main] INFO  node.SCMNodeManager (SCMNodeManager.java:<init>(177)) - Entering startup safe mode.
2024-01-30 07:48:28,252 [main] INFO  algorithms.ContainerPlacementPolicyFactory (ContainerPlacementPolicyFactory.java:getPolicyInternal(86)) - Create container placement policy of type org.apache.hadoop.hdds.scm.container.placement.algorithms.SCMContainerPlacementRackAware
2024-01-30 07:48:28,252 [main] INFO  algorithms.ContainerPlacementPolicyFactory (ContainerPlacementPolicyFactory.java:getPolicyInternal(86)) - Create container placement policy of type org.apache.hadoop.hdds.scm.container.placement.algorithms.SCMContainerPlacementRackScatter
2024-01-30 07:48:28,252 [main] INFO  pipeline.PipelineStateManagerImpl (PipelineStateManagerImpl.java:initialize(78)) - No pipeline exists in current db
2024-01-30 07:48:28,253 [main] INFO  algorithms.LeaderChoosePolicyFactory (LeaderChoosePolicyFactory.java:getPolicy(57)) - Create leader choose policy of type org.apache.hadoop.hdds.scm.pipeline.leader.choose.algorithms.MinLeaderCountChoosePolicy
2024-01-30 07:48:28,253 [main] INFO  algorithms.ContainerPlacementPolicyFactory (ContainerPlacementPolicyFactory.java:getPolicyInternal(86)) - Create container placement policy of type org.apache.hadoop.hdds.scm.container.placement.algorithms.SCMContainerPlacementRackScatter
2024-01-30 07:48:28,253 [main] INFO  ha.SCMServiceManager (SCMServiceManager.java:register(42)) - Registering service BackgroundPipelineCreator.
2024-01-30 07:48:28,253 [main] INFO  pipeline.BackgroundPipelineCreator (BackgroundPipelineCreator.java:start(127)) - Starting RatisPipelineUtilsThread.
2024-01-30 07:48:28,254 [main] INFO  BackgroundPipelineScrubber (BackgroundSCMService.java:start(68)) - Starting BackgroundPipelineScrubber Service.
2024-01-30 07:48:28,258 [main] INFO  ha.SCMServiceManager (SCMServiceManager.java:register(42)) - Registering service BackgroundPipelineScrubber.
2024-01-30 07:48:28,258 [main] INFO  ExpiredContainerReplicaOpScrubber (BackgroundSCMService.java:start(68)) - Starting ExpiredContainerReplicaOpScrubber Service.
2024-01-30 07:48:28,258 [main] INFO  ha.SCMServiceManager (SCMServiceManager.java:register(42)) - Registering service ExpiredContainerReplicaOpScrubber.
2024-01-30 07:48:28,259 [main] INFO  algorithms.PipelineChoosePolicyFactory (PipelineChoosePolicyFactory.java:createPipelineChoosePolicyFromClass(80)) - Create pipeline choose policy of type org.apache.hadoop.hdds.scm.pipeline.choose.algorithms.RandomPipelineChoosePolicy
2024-01-30 07:48:28,259 [main] INFO  algorithms.PipelineChoosePolicyFactory (PipelineChoosePolicyFactory.java:createPipelineChoosePolicyFromClass(80)) - Create pipeline choose policy of type org.apache.hadoop.hdds.scm.pipeline.choose.algorithms.RandomPipelineChoosePolicy
2024-01-30 07:48:28,260 [main] INFO  ha.SCMServiceManager (SCMServiceManager.java:register(42)) - Registering service SCMBlockDeletingService.
2024-01-30 07:48:28,261 [main] INFO  replication.ReplicationManager (ReplicationManager.java:start(294)) - Starting Replication Monitor Thread.
2024-01-30 07:48:28,262 [ReplicationMonitor] INFO  replication.ReplicationManager (ReplicationManager.java:processAll(369)) - Replication Manager is not ready to run until 3000ms after safemode exit
2024-01-30 07:48:28,262 [main] INFO  ha.SCMServiceManager (SCMServiceManager.java:register(42)) - Registering service ReplicationManager.
2024-01-30 07:48:28,263 [main] INFO  safemode.ContainerSafeModeRule (ContainerSafeModeRule.java:<init>(91)) - containers with one replica threshold count 0
2024-01-30 07:48:28,263 [main] INFO  safemode.HealthyPipelineSafeModeRule (HealthyPipelineSafeModeRule.java:initializeRule(176)) - Total pipeline count is 0, healthy pipeline threshold count is 1
2024-01-30 07:48:28,263 [main] INFO  safemode.OneReplicaPipelineSafeModeRule (OneReplicaPipelineSafeModeRule.java:initializeRule(193)) - Total pipeline count is 0, pipeline's with at least one datanode reported threshold count is 0
2024-01-30 07:48:28,263 [main] INFO  server.StorageContainerManager (StorageContainerManager.java:<init>(440)) - SCM start with adminUsers: [runner]
2024-01-30 07:48:28,264 [main] INFO  ipc.CallQueueManager (CallQueueManager.java:<init>(90)) - Using callQueue: class java.util.concurrent.LinkedBlockingQueue, queueCapacity: 10000, scheduler: class org.apache.hadoop.ipc.DefaultRpcScheduler, ipcBackoff: false.
2024-01-30 07:48:28,264 [main] INFO  ipc.Server (Server.java:<init>(1287)) - Listener at 0.0.0.0:15099
2024-01-30 07:48:28,264 [Socket Reader #1 for port 15099] INFO  ipc.Server (Server.java:run(1323)) - Starting Socket Reader #1 for port 15099
2024-01-30 07:48:28,267 [main] INFO  ipc.CallQueueManager (CallQueueManager.java:<init>(90)) - Using callQueue: class java.util.concurrent.LinkedBlockingQueue, queueCapacity: 10000, scheduler: class org.apache.hadoop.ipc.DefaultRpcScheduler, ipcBackoff: false.
2024-01-30 07:48:28,267 [main] INFO  ipc.Server (Server.java:<init>(1287)) - Listener at 0.0.0.0:15098
2024-01-30 07:48:28,267 [Socket Reader #1 for port 15098] INFO  ipc.Server (Server.java:run(1323)) - Starting Socket Reader #1 for port 15098
2024-01-30 07:48:28,268 [main] INFO  ipc.CallQueueManager (CallQueueManager.java:<init>(90)) - Using callQueue: class java.util.concurrent.LinkedBlockingQueue, queueCapacity: 10000, scheduler: class org.apache.hadoop.ipc.DefaultRpcScheduler, ipcBackoff: false.
2024-01-30 07:48:28,268 [main] INFO  ipc.Server (Server.java:<init>(1287)) - Listener at 0.0.0.0:15097
2024-01-30 07:48:28,268 [Socket Reader #1 for port 15097] INFO  ipc.Server (Server.java:run(1323)) - Starting Socket Reader #1 for port 15097
2024-01-30 07:48:28,278 [main] INFO  ha.SCMServiceManager (SCMServiceManager.java:register(42)) - Registering service ContainerBalancer.
2024-01-30 07:48:28,278 [main] INFO  server.StorageContainerManager (StorageContainerManager.java:<init>(453)) - 
Container Balancer status:
Key                            Value
Running                        false
Container Balancer Configuration values:
Key                                                Value
Threshold                                          10
Max Datanodes to Involve per Iteration(percent)    20
Max Size to Move per Iteration                     500GB
Max Size Entering Target per Iteration             26GB
Max Size Leaving Source per Iteration              26GB
Number of Iterations                               10
Time Limit for Single Container's Movement         65min
Time Limit for Single Container's Replication      50min
Interval between each Iteration                    70min
Whether to Enable Network Topology                 false
Whether to Trigger Refresh Datanode Usage Info     false
Container IDs to Exclude from Balancing            None
Datanodes Specified to be Balanced                 None
Datanodes Excluded from Balancing                  None

2024-01-30 07:48:28,278 [main] INFO  ha.SCMContext (SCMContext.java:updateSafeModeStatus(230)) - Update SafeModeStatus from SafeModeStatus{safeModeStatus=true, preCheckPassed=false} to SafeModeStatus{safeModeStatus=true, preCheckPassed=false}.
2024-01-30 07:48:28,278 [main] INFO  server.StorageContainerManager (StorageContainerManager.java:start(1546)) - StorageContainerLocationProtocol RPC server is listening at /0.0.0.0:15097
2024-01-30 07:48:28,279 [main] WARN  impl.MetricsConfig (MetricsConfig.java:loadFirst(136)) - Cannot locate configuration: tried hadoop-metrics2-storagecontainermanager.properties,hadoop-metrics2.properties
2024-01-30 07:48:28,280 [main] INFO  impl.MetricsSystemImpl (MetricsSystemImpl.java:startTimer(378)) - Scheduled Metric snapshot period at 10 second(s).
2024-01-30 07:48:28,280 [main] INFO  impl.MetricsSystemImpl (MetricsSystemImpl.java:start(191)) - StorageContainerManager metrics system started
2024-01-30 07:48:28,282 [main] INFO  impl.MetricsSinkAdapter (MetricsSinkAdapter.java:start(204)) - Sink prometheus started
2024-01-30 07:48:28,282 [main] INFO  impl.MetricsSystemImpl (MetricsSystemImpl.java:registerSink(305)) - Registered sink prometheus
2024-01-30 07:48:28,305 [main] INFO  server.SCMClientProtocolServer (SCMClientProtocolServer.java:start(203)) - RPC server for Client  is listening at /0.0.0.0:15097
2024-01-30 07:48:28,306 [IPC Server Responder] INFO  ipc.Server (Server.java:run(1562)) - IPC Server Responder: starting
2024-01-30 07:48:28,310 [IPC Server listener on 15097] INFO  ipc.Server (Server.java:run(1402)) - IPC Server listener on 15097: starting
2024-01-30 07:48:28,318 [main] INFO  server.StorageContainerManager (StorageContainerManager.java:start(1559)) - ScmBlockLocationProtocol RPC server is listening at /0.0.0.0:15098
2024-01-30 07:48:28,319 [main] INFO  server.SCMBlockProtocolServer (SCMBlockProtocolServer.java:start(160)) - RPC server for Block Protocol is listening at /0.0.0.0:15098
2024-01-30 07:48:28,319 [IPC Server Responder] INFO  ipc.Server (Server.java:run(1562)) - IPC Server Responder: starting
2024-01-30 07:48:28,319 [IPC Server listener on 15098] INFO  ipc.Server (Server.java:run(1402)) - IPC Server listener on 15098: starting
2024-01-30 07:48:28,326 [main] INFO  server.SCMDatanodeProtocolServer (SCMDatanodeProtocolServer.java:start(194)) - ScmDatanodeProtocol RPC server for DataNodes is listening at /0.0.0.0:15099
2024-01-30 07:48:28,327 [IPC Server Responder] INFO  ipc.Server (Server.java:run(1562)) - IPC Server Responder: starting
2024-01-30 07:48:28,328 [IPC Server listener on 15099] INFO  ipc.Server (Server.java:run(1402)) - IPC Server listener on 15099: starting
2024-01-30 07:48:28,336 [JvmPauseMonitor13] INFO  util.JvmPauseMonitor (JvmPauseMonitor.java:run(146)) - JvmPauseMonitor-2cd2829e-88b7-4bf8-8c32-66fb1e8f6b2d: Started
2024-01-30 07:48:28,339 [main] INFO  http.BaseHttpServer (BaseHttpServer.java:newHttpServer2BuilderForOzone(223)) - Starting Web-server for scm at: http://0.0.0.0:15100
2024-01-30 07:48:28,339 [main] INFO  http.BaseHttpServer (BaseHttpServer.java:<init>(110)) - Hadoop Security Enabled: false Ozone Security Enabled: false Ozone HTTP Security Enabled: false 
2024-01-30 07:48:28,340 [main] WARN  server.AuthenticationFilter (AuthenticationFilter.java:constructSecretProvider(240)) - Unable to initialize FileSignerSecretProvider, falling back to use random secrets. Reason: Could not read signature secret file: /home/runner/hadoop-http-auth-signature-secret
2024-01-30 07:48:28,340 [main] INFO  http.HttpRequestLog (HttpRequestLog.java:getRequestLog(86)) - Http request log for http.requests.scm is not defined
2024-01-30 07:48:28,342 [main] INFO  http.HttpServer2 (HttpServer2.java:addGlobalFilter(1036)) - Added global filter 'safety' (class=org.apache.hadoop.hdds.server.http.HttpServer2$QuotingInputFilter)
2024-01-30 07:48:28,342 [main] INFO  http.HttpServer2 (HttpServer2.java:addFilter(1012)) - Added filter static_user_filter (class=org.apache.hadoop.http.lib.StaticUserWebFilter$StaticUserFilter) to context scm
2024-01-30 07:48:28,342 [main] INFO  http.HttpServer2 (HttpServer2.java:addFilter(1020)) - Added filter static_user_filter (class=org.apache.hadoop.http.lib.StaticUserWebFilter$StaticUserFilter) to context logs
2024-01-30 07:48:28,343 [main] INFO  http.HttpServer2 (HttpServer2.java:addFilter(1020)) - Added filter static_user_filter (class=org.apache.hadoop.http.lib.StaticUserWebFilter$StaticUserFilter) to context static
2024-01-30 07:48:28,344 [main] INFO  http.BaseHttpServer (BaseHttpServer.java:<init>(189)) - HTTP server of scm uses base directory /home/runner/work/ozone/ozone/hadoop-ozone/integration-test/target/test-dir/MiniOzoneClusterImpl-22134a4f-1b78-467c-b266-ccfd401dbc1a/ozone-meta/webserver
2024-01-30 07:48:28,345 [main] INFO  http.HttpServer2 (HttpServer2.java:bindListener(1236)) - Jetty bound to port 15100
2024-01-30 07:48:28,345 [main] INFO  server.Server (Server.java:doStart(375)) - jetty-9.4.53.v20231009; built: 2023-10-09T12:29:09.265Z; git: 27bde00a0b95a1d5bbee0eae7984f891d2d0f8c9; jvm 1.8.0_392-b08
2024-01-30 07:48:28,346 [main] INFO  server.session (DefaultSessionIdManager.java:doStart(334)) - DefaultSessionIdManager workerName=node0
2024-01-30 07:48:28,346 [main] INFO  server.session (DefaultSessionIdManager.java:doStart(339)) - No SessionScavenger set, using defaults
2024-01-30 07:48:28,347 [main] INFO  server.session (HouseKeeper.java:startScavenging(132)) - node0 Scavenging every 660000ms
2024-01-30 07:48:28,347 [main] INFO  handler.ContextHandler (ContextHandler.java:doStart(921)) - Started o.e.j.s.ServletContextHandler@5cc1a0c3{logs,/logs,file:///home/runner/work/ozone/ozone/hadoop-ozone/integration-test/target/log,AVAILABLE}
2024-01-30 07:48:28,348 [main] INFO  handler.ContextHandler (ContextHandler.java:doStart(921)) - Started o.e.j.s.ServletContextHandler@42b3e56b{static,/static,file:///home/runner/work/ozone/ozone/hadoop-ozone/integration-test/target/test-classes/webapps/static,AVAILABLE}
2024-01-30 07:48:28,353 [main] INFO  handler.ContextHandler (ContextHandler.java:doStart(921)) - Started o.e.j.w.WebAppContext@57e3c86e{scm,/,file:///home/runner/work/ozone/ozone/hadoop-ozone/integration-test/target/test-classes/webapps/scm/,AVAILABLE}{file:/home/runner/work/ozone/ozone/hadoop-ozone/integration-test/target/test-classes/webapps/scm}
2024-01-30 07:48:28,355 [main] INFO  server.AbstractConnector (AbstractConnector.java:doStart(333)) - Started ServerConnector@32db2656{HTTP/1.1, (http/1.1)}{0.0.0.0:15100}
2024-01-30 07:48:28,355 [main] INFO  server.Server (Server.java:doStart(415)) - Started @214123ms
2024-01-30 07:48:28,356 [main] WARN  impl.MetricsSystemImpl (MetricsSystemImpl.java:register(279)) - Sink prometheus already exists!
2024-01-30 07:48:28,358 [main] INFO  http.BaseHttpServer (BaseHttpServer.java:updateConnectorAddress(354)) - HTTP server of scm listening at http://0.0.0.0:15100
2024-01-30 07:48:28,359 [main] WARN  server.ServerUtils (ServerUtils.java:getDBPath(311)) - ozone.om.db.dirs is not configured. We recommend adding this setting. Falling back to ozone.metadata.dirs instead.
2024-01-30 07:48:28,360 [main] INFO  ha.OMHANodeDetails (OMHANodeDetails.java:loadOMHAConfig(115)) - ozone.om.internal.service.id is not defined, falling back to ozone.om.service.ids to find serviceID for OzoneManager if it is HA enabled cluster
2024-01-30 07:48:28,360 [main] INFO  ha.OMHANodeDetails (OMHANodeDetails.java:loadOMHAConfig(226)) - Configuration does not have ozone.om.address set. Falling back to the default OM address /127.0.0.1:15101
2024-01-30 07:48:28,360 [main] INFO  ha.OMHANodeDetails (OMHANodeDetails.java:getOMNodeDetailsForNonHA(254)) - OM Service ID is not set. Setting it to the default ID: omServiceIdDefault
2024-01-30 07:48:28,360 [main] INFO  ha.OMHANodeDetails (OMHANodeDetails.java:getOMNodeDetailsForNonHA(261)) - OM Node ID is not set. Setting it to the default ID: om1
2024-01-30 07:48:28,361 [main] WARN  server.ServerUtils (ServerUtils.java:getDBPath(311)) - ozone.om.db.dirs is not configured. We recommend adding this setting. Falling back to ozone.metadata.dirs instead.
2024-01-30 07:48:28,362 [main] INFO  upgrade.AbstractLayoutVersionManager (AbstractLayoutVersionManager.java:init(83)) - Initializing Layout version manager with metadata layout = QUOTA (version = 6), software layout = QUOTA (version = 6)
2024-01-30 07:48:28,404 [main] INFO  upgrade.OMLayoutVersionManager (OMLayoutVersionManager.java:lambda$0(113)) - Skipping Upgrade Action MockOmUpgradeAction since it has been finalized.
2024-01-30 07:48:28,405 [main] INFO  upgrade.OMLayoutVersionManager (OMLayoutVersionManager.java:lambda$0(113)) - Skipping Upgrade Action QuotaRepairUpgradeAction since it has been finalized.
2024-01-30 07:48:28,405 [main] WARN  server.ServerUtils (ServerUtils.java:getDBPath(311)) - ozone.om.db.dirs is not configured. We recommend adding this setting. Falling back to ozone.metadata.dirs instead.
2024-01-30 07:48:28,406 [main] INFO  proxy.SCMBlockLocationFailoverProxyProvider (SCMBlockLocationFailoverProxyProvider.java:<init>(115)) - Created block location fail-over proxy with 1 nodes: [nodeId=scmNodeId,nodeAddress=/0.0.0.0:15098]
2024-01-30 07:48:28,407 [main] INFO  proxy.SCMBlockLocationFailoverProxyProvider (SCMBlockLocationFailoverProxyProvider.java:<init>(115)) - Created block location fail-over proxy with 1 nodes: [nodeId=scmNodeId,nodeAddress=/0.0.0.0:15098]
2024-01-30 07:48:28,417 [main] INFO  om.OzoneManager (OzoneManager.java:<init>(673)) - OM start with adminUsers: [runner]
2024-01-30 07:48:28,418 [main] WARN  server.ServerUtils (ServerUtils.java:getDBPath(311)) - ozone.om.db.dirs is not configured. We recommend adding this setting. Falling back to ozone.metadata.dirs instead.
2024-01-30 07:48:28,418 [main] INFO  helpers.OmKeyInfo (OmKeyInfo.java:getCodec(71)) - OmKeyInfo.getCodec ignorePipeline = true
2024-01-30 07:48:28,559 [main] INFO  om.OzoneManager (OzoneManager.java:instantiateServices(805)) - S3 Multi-Tenancy is disabled
2024-01-30 07:48:28,560 [main] INFO  om.OmSnapshotManager (OmSnapshotManager.java:<init>(176)) - Ozone filesystem snapshot feature is enabled.
2024-01-30 07:48:28,560 [main] WARN  server.ServerUtils (ServerUtils.java:getDBPath(311)) - ozone.om.snapshot.diff.db.dir is not configured. We recommend adding this setting. Falling back to ozone.metadata.dirs instead.
2024-01-30 07:48:28,574 [main] INFO  utils.NativeLibraryLoader (NativeLibraryLoader.java:loadLibrary(108)) - Loading Library: ozone_rocksdb_tools
2024-01-30 07:48:28,574 [main] INFO  snapshot.SnapshotDiffManager (SnapshotDiffManager.java:closeExecutorService(1688)) - Shutting down executorService: 'SstDumpToolExecutor'
2024-01-30 07:48:28,576 [main] INFO  om.OzoneManager (OzoneManager.java:addS3GVolumeToDB(4429)) - Created Volume s3v With Owner runner required for S3Gateway operations.
2024-01-30 07:48:28,576 [main] WARN  server.ServerUtils (ServerUtils.java:getDefaultRatisDirectory(323)) - Storage directory for Ratis is not configured. It is a good idea to map this to an SSD disk. Falling back to ozone.metadata.dirs
2024-01-30 07:48:28,577 [main] WARN  utils.OzoneManagerRatisUtils (OzoneManagerRatisUtils.java:getOMRatisSnapshotDirectory(473)) - ozone.om.ratis.snapshot.dir is not configured. Falling back to ozone.metadata.dirs config
2024-01-30 07:48:28,577 [main] WARN  server.ServerUtils (ServerUtils.java:getDefaultRatisDirectory(323)) - Storage directory for Ratis is not configured. It is a good idea to map this to an SSD disk. Falling back to ozone.metadata.dirs
2024-01-30 07:48:28,578 [main] INFO  ratis.OzoneManagerRatisServer (OzoneManagerRatisServer.java:<init>(167)) - Instantiating OM Ratis server with groupID: omServiceIdDefault and peers: localhost:15104
2024-01-30 07:48:28,578 [main] INFO  ratis.OzoneManagerStateMachine (OzoneManagerStateMachine.java:loadSnapshotInfoFromDB(576)) - TransactionInfo not found in OM DB.
2024-01-30 07:48:28,579 [main] INFO  server.RaftServer (ConfUtils.java:logGet(46)) - raft.rpc.type = GRPC (default)
2024-01-30 07:48:28,579 [main] INFO  grpc.GrpcConfigKeys (ConfUtils.java:logFallback(53)) - raft.grpc.admin.host = null (fallback to raft.grpc.server.host)
2024-01-30 07:48:28,579 [main] INFO  grpc.GrpcConfigKeys (ConfUtils.java:logFallback(53)) - raft.grpc.admin.port = 15104 (fallback to raft.grpc.server.port)
2024-01-30 07:48:28,579 [main] INFO  grpc.GrpcConfigKeys (ConfUtils.java:logFallback(53)) - raft.grpc.client.host = null (fallback to raft.grpc.server.host)
2024-01-30 07:48:28,580 [main] INFO  grpc.GrpcConfigKeys (ConfUtils.java:logFallback(53)) - raft.grpc.client.port = 15104 (fallback to raft.grpc.server.port)
2024-01-30 07:48:28,580 [main] INFO  grpc.GrpcConfigKeys (ConfUtils.java:logGet(46)) - raft.grpc.server.host = null (default)
2024-01-30 07:48:28,580 [main] INFO  grpc.GrpcConfigKeys (ConfUtils.java:logGet(46)) - raft.grpc.server.port = 15104 (custom)
2024-01-30 07:48:28,580 [main] INFO  server.GrpcService (ConfUtils.java:logGet(46)) - raft.grpc.message.size.max = 4194304 (custom)
2024-01-30 07:48:28,580 [main] INFO  server.RaftServerConfigKeys (ConfUtils.java:logGet(46)) - raft.server.log.appender.buffer.byte-limit = 4194304 (custom)
2024-01-30 07:48:28,581 [main] INFO  server.GrpcService (ConfUtils.java:logGet(46)) - raft.grpc.flow.control.window = 1MB (=1048576) (default)
2024-01-30 07:48:28,581 [main] INFO  server.RaftServerConfigKeys (ConfUtils.java:logGet(46)) - raft.server.rpc.request.timeout = 3000ms (default)
2024-01-30 07:48:28,581 [main] INFO  grpc.GrpcConfigKeys (ConfUtils.java:logGet(46)) - raft.grpc.server.heartbeat.channel = true (default)
2024-01-30 07:48:28,581 [main] INFO  grpc.GrpcConfigKeys (ConfUtils.java:logGet(46)) - raft.grpc.server.async.request.thread.pool.cached = true (default)
2024-01-30 07:48:28,581 [main] INFO  grpc.GrpcConfigKeys (ConfUtils.java:logGet(46)) - raft.grpc.server.async.request.thread.pool.size = 32 (default)
2024-01-30 07:48:28,582 [main] INFO  impl.DataStreamServerImpl (ConfUtils.java:logGet(46)) - raft.datastream.type = DISABLED (default)
2024-01-30 07:48:28,582 [main] INFO  server.RaftServerConfigKeys (ConfUtils.java:logGet(46)) - raft.server.sleep.deviation.threshold = 300ms (default)
2024-01-30 07:48:28,583 [main] INFO  server.RaftServerConfigKeys (ConfUtils.java:logGet(46)) - raft.server.close.threshold = 60s (default)
2024-01-30 07:48:28,583 [main] INFO  server.RaftServerConfigKeys (ConfUtils.java:logGet(46)) - raft.server.leaderelection.leader.step-down.wait-time = 10s (default)
2024-01-30 07:48:28,583 [main] INFO  server.RaftServerConfigKeys (ConfUtils.java:logGet(46)) - raft.server.storage.dir = [/home/runner/work/ozone/ozone/hadoop-ozone/integration-test/target/test-dir/MiniOzoneClusterImpl-22134a4f-1b78-467c-b266-ccfd401dbc1a/ozone-meta/ratis] (custom)
2024-01-30 07:48:28,583 [main] INFO  server.RaftServerConfigKeys (ConfUtils.java:logGet(46)) - raft.server.threadpool.proxy.cached = true (default)
2024-01-30 07:48:28,583 [main] INFO  server.RaftServerConfigKeys (ConfUtils.java:logGet(46)) - raft.server.threadpool.proxy.size = 0 (default)
2024-01-30 07:48:28,584 [main] INFO  server.RaftServer (RaftServerProxy.java:addNew(100)) - om1: addNew group-C5BA1605619E:[om1|localhost:15104] returns group-C5BA1605619E:java.util.concurrent.CompletableFuture@551f251d[Not completed]
2024-01-30 07:48:28,584 [main] INFO  om.OzoneManager (OzoneManager.java:initializeRatisServer(2141)) - OzoneManager Ratis server initialized at port 15104
2024-01-30 07:48:28,584 [om1-groupManagement] INFO  server.RaftServer$Division (RaftServerImpl.java:<init>(256)) - om1: new RaftServerImpl for group-C5BA1605619E:[om1|localhost:15104] with OzoneManagerStateMachine:uninitialized
2024-01-30 07:48:28,584 [main] INFO  om.OzoneManager (OzoneManager.java:getRpcServer(1207)) - Creating RPC Server
2024-01-30 07:48:28,584 [om1-groupManagement] INFO  server.RaftServerConfigKeys (ConfUtils.java:logGet(46)) - raft.server.rpc.timeout.min = 1s (custom)
2024-01-30 07:48:28,585 [om1-groupManagement] INFO  server.RaftServerConfigKeys (ConfUtils.java:logGet(46)) - raft.server.rpc.timeout.max = 1200ms (custom)
2024-01-30 07:48:28,585 [om1-groupManagement] INFO  server.RaftServerConfigKeys (ConfUtils.java:logGet(46)) - raft.server.rpc.sleep.time = 25ms (default)
2024-01-30 07:48:28,585 [om1-groupManagement] INFO  server.RaftServerConfigKeys (ConfUtils.java:logGet(46)) - raft.server.rpc.slowness.timeout = 120s (custom)
2024-01-30 07:48:28,585 [om1-groupManagement] INFO  server.RaftServerConfigKeys (ConfUtils.java:logGet(46)) - raft.server.leaderelection.leader.step-down.wait-time = 10s (default)
2024-01-30 07:48:28,585 [om1-groupManagement] INFO  server.RaftServerConfigKeys (ConfUtils.java:logGet(46)) - raft.server.leaderelection.member.majority-add = false (default)
2024-01-30 07:48:28,585 [om1-groupManagement] INFO  server.RaftServerConfigKeys (ConfUtils.java:logGet(46)) - raft.server.sleep.deviation.threshold = 300ms (default)
2024-01-30 07:48:28,585 [om1-groupManagement] INFO  server.RaftServer$Division (ServerState.java:<init>(113)) - om1@group-C5BA1605619E: ConfigurationManager, init=-1: peers:[om1|localhost:15104]|listeners:[], old=null, confs=<EMPTY_MAP>
2024-01-30 07:48:28,585 [om1-groupManagement] INFO  server.RaftServerConfigKeys (ConfUtils.java:logGet(46)) - raft.server.notification.no-leader.timeout = 120s (custom)
2024-01-30 07:48:28,585 [om1-groupManagement] INFO  server.RaftServerConfigKeys (ConfUtils.java:logGet(46)) - raft.server.read.timeout = 10s (default)
2024-01-30 07:48:28,585 [om1-groupManagement] INFO  server.RaftServerConfigKeys (ConfUtils.java:logGet(46)) - raft.server.retrycache.expirytime = 300s (custom)
2024-01-30 07:48:28,585 [om1-groupManagement] INFO  server.RaftServerConfigKeys (ConfUtils.java:logGet(46)) - raft.server.retrycache.statistics.expirytime = 100ms (default)
2024-01-30 07:48:28,585 [om1-groupManagement] INFO  server.RaftServerConfigKeys (ConfUtils.java:logGet(46)) - raft.server.read.option = DEFAULT (default)
2024-01-30 07:48:28,585 [om1-groupManagement] INFO  server.RaftServerConfigKeys (ConfUtils.java:logGet(46)) - raft.server.read.read-after-write-consistent.write-index-cache.expiry-time = 60s (default)
2024-01-30 07:48:28,586 [om1-groupManagement] INFO  server.RaftServerConfigKeys (ConfUtils.java:logGet(46)) - raft.server.rpc.request.timeout = 3000ms (default)
2024-01-30 07:48:28,586 [om1-groupManagement] INFO  server.RaftServerConfigKeys (ConfUtils.java:logGet(46)) - raft.server.log.appender.install.snapshot.enabled = false (custom)
2024-01-30 07:48:28,586 [om1-groupManagement] INFO  server.RaftServerConfigKeys (ConfUtils.java:logGet(46)) - raft.server.threadpool.server.cached = true (default)
2024-01-30 07:48:28,586 [om1-groupManagement] INFO  server.RaftServerConfigKeys (ConfUtils.java:logGet(46)) - raft.server.threadpool.server.size = 0 (default)
2024-01-30 07:48:28,586 [om1-groupManagement] INFO  server.RaftServerConfigKeys (ConfUtils.java:logGet(46)) - raft.server.threadpool.client.cached = true (default)
2024-01-30 07:48:28,586 [om1-groupManagement] INFO  server.RaftServerConfigKeys (ConfUtils.java:logGet(46)) - raft.server.threadpool.client.size = 0 (default)
2024-01-30 07:48:28,765 [main] INFO  ipc.CallQueueManager (CallQueueManager.java:<init>(90)) - Using callQueue: class java.util.concurrent.LinkedBlockingQueue, queueCapacity: 2000, scheduler: class org.apache.hadoop.ipc.DefaultRpcScheduler, ipcBackoff: false.
2024-01-30 07:48:28,766 [main] INFO  ipc.Server (Server.java:<init>(1287)) - Listener at 127.0.0.1:15101
2024-01-30 07:48:28,766 [Socket Reader #1 for port 15101] INFO  ipc.Server (Server.java:run(1323)) - Starting Socket Reader #1 for port 15101
2024-01-30 07:48:28,780 [main] INFO  impl.MetricsSystemImpl (MetricsSystemImpl.java:init(158)) - OzoneManager metrics system started (again)
2024-01-30 07:48:28,787 [main] INFO  om.OzoneManager (OzoneManager.java:start(1629)) - OzoneManager RPC server is listening at localhost/127.0.0.1:15101
2024-01-30 07:48:28,787 [main] INFO  ratis.OzoneManagerRatisServer (OzoneManagerRatisServer.java:start(588)) - Starting OzoneManagerRatisServer om1 at port 15104
2024-01-30 07:48:28,787 [om1-impl-thread1] INFO  server.RaftServerConfigKeys (ConfUtils.java:logGet(46)) - raft.server.storage.free-space.min = 0MB (=0) (default)
2024-01-30 07:48:28,788 [om1-impl-thread1] INFO  server.RaftServerConfigKeys (ConfUtils.java:logGet(46)) - raft.server.log.corruption.policy = EXCEPTION (default)
2024-01-30 07:48:28,788 [om1-impl-thread1] INFO  server.RaftServerConfigKeys (ConfUtils.java:logGet(46)) - raft.server.storage.dir = [/home/runner/work/ozone/ozone/hadoop-ozone/integration-test/target/test-dir/MiniOzoneClusterImpl-22134a4f-1b78-467c-b266-ccfd401dbc1a/ozone-meta/ratis] (custom)
2024-01-30 07:48:28,788 [om1-impl-thread1] INFO  storage.RaftStorageDirectory (RaftStorageDirectoryImpl.java:analyzeStorage(138)) - The storage directory /home/runner/work/ozone/ozone/hadoop-ozone/integration-test/target/test-dir/MiniOzoneClusterImpl-22134a4f-1b78-467c-b266-ccfd401dbc1a/ozone-meta/ratis/bf265839-605b-3f16-9796-c5ba1605619e does not exist. Creating ...
2024-01-30 07:48:28,789 [om1-impl-thread1] INFO  storage.RaftStorageDirectory (RaftStorageDirectoryImpl.java:tryLock(228)) - Lock on /home/runner/work/ozone/ozone/hadoop-ozone/integration-test/target/test-dir/MiniOzoneClusterImpl-22134a4f-1b78-467c-b266-ccfd401dbc1a/ozone-meta/ratis/bf265839-605b-3f16-9796-c5ba1605619e/in_use.lock acquired by nodename 92995@fv-az1436-717
2024-01-30 07:48:28,790 [om1-impl-thread1] INFO  storage.RaftStorage (RaftStorageImpl.java:format(99)) - Storage directory /home/runner/work/ozone/ozone/hadoop-ozone/integration-test/target/test-dir/MiniOzoneClusterImpl-22134a4f-1b78-467c-b266-ccfd401dbc1a/ozone-meta/ratis/bf265839-605b-3f16-9796-c5ba1605619e has been successfully formatted.
2024-01-30 07:48:28,791 [om1-impl-thread1] WARN  util.FileUtils (LogUtils.java:supplyAndLog(63)) - Failed to Files.newInputStream /home/runner/work/ozone/ozone/hadoop-ozone/integration-test/target/test-dir/MiniOzoneClusterImpl-22134a4f-1b78-467c-b266-ccfd401dbc1a/ozone-meta/ratis/bf265839-605b-3f16-9796-c5ba1605619e/current/raft-meta.conf with options []: java.nio.file.NoSuchFileException: /home/runner/work/ozone/ozone/hadoop-ozone/integration-test/target/test-dir/MiniOzoneClusterImpl-22134a4f-1b78-467c-b266-ccfd401dbc1a/ozone-meta/ratis/bf265839-605b-3f16-9796-c5ba1605619e/current/raft-meta.conf
2024-01-30 07:48:28,791 [om1-impl-thread1] INFO  server.RaftServerConfigKeys (ConfUtils.java:logGet(46)) - raft.server.log.use.memory = false (default)
2024-01-30 07:48:28,791 [om1-impl-thread1] INFO  server.RaftServerConfigKeys (ConfUtils.java:logGet(46)) - raft.server.log.purge.gap = 1000000 (custom)
2024-01-30 07:48:28,791 [om1-impl-thread1] INFO  server.RaftServerConfigKeys (ConfUtils.java:logGet(46)) - raft.server.log.appender.buffer.byte-limit = 4194304 (custom)
2024-01-30 07:48:28,791 [om1-impl-thread1] INFO  server.RaftServerConfigKeys (ConfUtils.java:logGet(46)) - raft.server.log.statemachine.data.read.timeout = 1000ms (default)
2024-01-30 07:48:28,791 [om1-impl-thread1] INFO  server.RaftServerConfigKeys (ConfUtils.java:logGet(46)) - raft.server.log.purge.preservation.log.num = 0 (default)
2024-01-30 07:48:28,791 [om1-impl-thread1] INFO  server.RaftServerConfigKeys (ConfUtils.java:logGet(46)) - raft.server.log.segment.size.max = 4194304 (custom)
2024-01-30 07:48:28,791 [om1-impl-thread1] INFO  server.RaftServerConfigKeys (ConfUtils.java:logGet(46)) - raft.server.log.segment.cache.num.max = 2 (custom)
2024-01-30 07:48:28,792 [om1-impl-thread1] INFO  server.RaftServerConfigKeys (ConfUtils.java:logGet(46)) - raft.server.log.segment.cache.size.max = 200MB (=209715200) (default)
2024-01-30 07:48:28,792 [om1-impl-thread1] INFO  server.RaftServerConfigKeys (ConfUtils.java:logGet(46)) - raft.server.log.appender.buffer.byte-limit = 4194304 (custom)
2024-01-30 07:48:28,792 [om1-impl-thread1] INFO  util.AwaitToRun (AwaitToRun.java:start(81)) - Thread[om1@group-C5BA1605619E-cacheEviction-AwaitToRun,5,main] started
2024-01-30 07:48:28,792 [om1-impl-thread1] INFO  segmented.SegmentedRaftLogWorker (SegmentedRaftLogWorker.java:<init>(182)) - new om1@group-C5BA1605619E-SegmentedRaftLogWorker for RaftStorageImpl:Storage Directory /home/runner/work/ozone/ozone/hadoop-ozone/integration-test/target/test-dir/MiniOzoneClusterImpl-22134a4f-1b78-467c-b266-ccfd401dbc1a/ozone-meta/ratis/bf265839-605b-3f16-9796-c5ba1605619e
2024-01-30 07:48:28,792 [om1-impl-thread1] INFO  server.RaftServerConfigKeys (ConfUtils.java:logGet(46)) - raft.server.log.queue.byte-limit = 64MB (=67108864) (default)
2024-01-30 07:48:28,792 [om1-impl-thread1] INFO  server.RaftServerConfigKeys (ConfUtils.java:logGet(46)) - raft.server.log.queue.element-limit = 4096 (default)
2024-01-30 07:48:28,792 [om1-impl-thread1] INFO  server.RaftServerConfigKeys (ConfUtils.java:logGet(46)) - raft.server.log.segment.size.max = 4194304 (custom)
2024-01-30 07:48:28,792 [om1-impl-thread1] INFO  server.RaftServerConfigKeys (ConfUtils.java:logGet(46)) - raft.server.log.preallocated.size = 4194304 (custom)
2024-01-30 07:48:28,792 [om1-impl-thread1] INFO  server.RaftServerConfigKeys (ConfUtils.java:logGet(46)) - raft.server.log.force.sync.num = 128 (default)
2024-01-30 07:48:28,792 [om1-impl-thread1] INFO  server.RaftServerConfigKeys (ConfUtils.java:logGet(46)) - raft.server.log.statemachine.data.sync = true (default)
2024-01-30 07:48:28,792 [om1-impl-thread1] INFO  server.RaftServerConfigKeys (ConfUtils.java:logGet(46)) - raft.server.log.statemachine.data.sync.timeout = 10s (default)
2024-01-30 07:48:28,792 [om1-impl-thread1] INFO  server.RaftServerConfigKeys (ConfUtils.java:logGet(46)) - raft.server.log.statemachine.data.sync.timeout.retry = -1 (default)
2024-01-30 07:48:28,792 [om1-impl-thread1] INFO  server.RaftServerConfigKeys (ConfUtils.java:logGet(46)) - raft.server.log.write.buffer.size = 4194312 (custom)
2024-01-30 07:48:28,793 [om1-impl-thread1] INFO  server.RaftServerConfigKeys (ConfUtils.java:logGet(46)) - raft.server.log.appender.buffer.byte-limit = 4194304 (custom)
2024-01-30 07:48:28,793 [om1-impl-thread1] INFO  server.RaftServerConfigKeys (ConfUtils.java:logGet(46)) - raft.server.log.unsafe-flush.enabled = false (default)
2024-01-30 07:48:28,793 [om1-impl-thread1] INFO  server.RaftServerConfigKeys (ConfUtils.java:logGet(46)) - raft.server.log.async-flush.enabled = false (default)
2024-01-30 07:48:28,793 [om1-impl-thread1] INFO  server.RaftServerConfigKeys (ConfUtils.java:logGet(46)) - raft.server.log.statemachine.data.caching.enabled = false (default)
2024-01-30 07:48:28,794 [om1-impl-thread1] INFO  segmented.SegmentedRaftLogWorker (SegmentedRaftLogWorker.java:lambda$new$0(134)) - om1@group-C5BA1605619E-SegmentedRaftLogWorker: flushIndex: setUnconditionally 0 -> -1
2024-01-30 07:48:28,794 [om1-impl-thread1] INFO  segmented.SegmentedRaftLogWorker (SegmentedRaftLogWorker.java:lambda$new$0(134)) - om1@group-C5BA1605619E-SegmentedRaftLogWorker: safeCacheEvictIndex: setUnconditionally 0 -> -1
2024-01-30 07:48:28,794 [om1-impl-thread1] INFO  server.RaftServer$Division (RaftServerImpl.java:start(396)) - om1@group-C5BA1605619E: start as a follower, conf=-1: peers:[om1|localhost:15104]|listeners:[], old=null
2024-01-30 07:48:28,794 [om1-impl-thread1] INFO  server.RaftServer$Division (RaftServerImpl.java:setRole(383)) - om1@group-C5BA1605619E: changes role from      null to FOLLOWER at term 0 for startAsFollower
2024-01-30 07:48:28,794 [om1-impl-thread1] INFO  impl.RoleInfo (RoleInfo.java:updateAndGet(139)) - om1: start om1@group-C5BA1605619E-FollowerState
2024-01-30 07:48:28,794 [om1@group-C5BA1605619E-FollowerState] INFO  server.RaftServerConfigKeys (ConfUtils.java:logFallback(53)) - raft.server.rpc.first-election.timeout.min = 1s (fallback to raft.server.rpc.timeout.min)
2024-01-30 07:48:28,794 [om1-impl-thread1] INFO  util.JmxRegister (JmxRegister.java:tryRegister(44)) - Successfully registered JMX Bean with object name Ratis:service=RaftServer,group=group-C5BA1605619E,id=om1
2024-01-30 07:48:28,794 [om1@group-C5BA1605619E-FollowerState] INFO  server.RaftServerConfigKeys (ConfUtils.java:logFallback(53)) - raft.server.rpc.first-election.timeout.max = 1200ms (fallback to raft.server.rpc.timeout.max)
2024-01-30 07:48:28,794 [om1-impl-thread1] INFO  server.RaftServerConfigKeys (ConfUtils.java:logGet(46)) - raft.server.snapshot.trigger-when-stop.enabled = true (default)
2024-01-30 07:48:28,794 [om1-impl-thread1] INFO  server.RaftServerConfigKeys (ConfUtils.java:logGet(46)) - raft.server.snapshot.auto.trigger.enabled = true (custom)
2024-01-30 07:48:28,795 [om1-impl-thread1] INFO  server.RaftServerConfigKeys (ConfUtils.java:logGet(46)) - raft.server.snapshot.auto.trigger.threshold = 400000 (default)
2024-01-30 07:48:28,795 [om1-impl-thread1] INFO  server.RaftServerConfigKeys (ConfUtils.java:logGet(46)) - raft.server.snapshot.retention.file.num = -1 (default)
2024-01-30 07:48:28,795 [om1-impl-thread1] INFO  server.RaftServerConfigKeys (ConfUtils.java:logGet(46)) - raft.server.log.purge.upto.snapshot.index = true (custom)
2024-01-30 07:48:28,795 [main] INFO  server.RaftServer (RaftServerProxy.java:startImpl(406)) - om1: start RPC server
2024-01-30 07:48:28,796 [main] INFO  server.GrpcService (GrpcService.java:startImpl(302)) - om1: GrpcService started, listening on 15104
2024-01-30 07:48:28,796 [JvmPauseMonitor14] INFO  util.JvmPauseMonitor (JvmPauseMonitor.java:run(146)) - JvmPauseMonitor-om1: Started
2024-01-30 07:48:28,796 [main] INFO  om.OzoneManager (OzoneManager.java:start(1645)) - Version File has different layout version (6) than OM DB (null). That is expected if this OM has never been finalized to a newer layout version.
2024-01-30 07:48:28,807 [main] INFO  http.BaseHttpServer (BaseHttpServer.java:newHttpServer2BuilderForOzone(223)) - Starting Web-server for ozoneManager at: http://0.0.0.0:15102
2024-01-30 07:48:28,807 [main] INFO  http.BaseHttpServer (BaseHttpServer.java:<init>(110)) - Hadoop Security Enabled: false Ozone Security Enabled: false Ozone HTTP Security Enabled: false 
2024-01-30 07:48:28,809 [main] WARN  server.AuthenticationFilter (AuthenticationFilter.java:constructSecretProvider(240)) - Unable to initialize FileSignerSecretProvider, falling back to use random secrets. Reason: Could not read signature secret file: /home/runner/hadoop-http-auth-signature-secret
2024-01-30 07:48:28,814 [main] INFO  http.HttpRequestLog (HttpRequestLog.java:getRequestLog(86)) - Http request log for http.requests.ozoneManager is not defined
2024-01-30 07:48:28,815 [main] INFO  http.HttpServer2 (HttpServer2.java:addGlobalFilter(1036)) - Added global filter 'safety' (class=org.apache.hadoop.hdds.server.http.HttpServer2$QuotingInputFilter)
2024-01-30 07:48:28,816 [main] INFO  http.HttpServer2 (HttpServer2.java:addFilter(1012)) - Added filter static_user_filter (class=org.apache.hadoop.http.lib.StaticUserWebFilter$StaticUserFilter) to context ozoneManager
2024-01-30 07:48:28,816 [main] INFO  http.HttpServer2 (HttpServer2.java:addFilter(1020)) - Added filter static_user_filter (class=org.apache.hadoop.http.lib.StaticUserWebFilter$StaticUserFilter) to context logs
2024-01-30 07:48:28,816 [main] INFO  http.HttpServer2 (HttpServer2.java:addFilter(1020)) - Added filter static_user_filter (class=org.apache.hadoop.http.lib.StaticUserWebFilter$StaticUserFilter) to context static
2024-01-30 07:48:28,817 [main] INFO  http.BaseHttpServer (BaseHttpServer.java:<init>(189)) - HTTP server of ozoneManager uses base directory /home/runner/work/ozone/ozone/hadoop-ozone/integration-test/target/test-dir/MiniOzoneClusterImpl-22134a4f-1b78-467c-b266-ccfd401dbc1a/ozone-meta/webserver
2024-01-30 07:48:28,817 [main] INFO  http.HttpServer2 (HttpServer2.java:bindListener(1236)) - Jetty bound to port 15102
2024-01-30 07:48:28,817 [main] INFO  server.Server (Server.java:doStart(375)) - jetty-9.4.53.v20231009; built: 2023-10-09T12:29:09.265Z; git: 27bde00a0b95a1d5bbee0eae7984f891d2d0f8c9; jvm 1.8.0_392-b08
2024-01-30 07:48:28,820 [main] INFO  server.session (DefaultSessionIdManager.java:doStart(334)) - DefaultSessionIdManager workerName=node0
2024-01-30 07:48:28,820 [main] INFO  server.session (DefaultSessionIdManager.java:doStart(339)) - No SessionScavenger set, using defaults
2024-01-30 07:48:28,820 [main] INFO  server.session (HouseKeeper.java:startScavenging(132)) - node0 Scavenging every 660000ms
2024-01-30 07:48:28,821 [main] INFO  handler.ContextHandler (ContextHandler.java:doStart(921)) - Started o.e.j.s.ServletContextHandler@4447188d{logs,/logs,file:///home/runner/work/ozone/ozone/hadoop-ozone/integration-test/target/log,AVAILABLE}
2024-01-30 07:48:28,821 [main] INFO  handler.ContextHandler (ContextHandler.java:doStart(921)) - Started o.e.j.s.ServletContextHandler@3a065808{static,/static,file:///home/runner/work/ozone/ozone/hadoop-ozone/integration-test/target/test-classes/webapps/static,AVAILABLE}
2024-01-30 07:48:28,824 [main] INFO  handler.ContextHandler (ContextHandler.java:doStart(921)) - Started o.e.j.w.WebAppContext@7cb7004{ozoneManager,/,file:///home/runner/work/ozone/ozone/hadoop-ozone/integration-test/target/test-classes/webapps/ozoneManager/,AVAILABLE}{file:/home/runner/work/ozone/ozone/hadoop-ozone/integration-test/target/test-classes/webapps/ozoneManager}
2024-01-30 07:48:28,826 [main] INFO  server.AbstractConnector (AbstractConnector.java:doStart(333)) - Started ServerConnector@543bfac9{HTTP/1.1, (http/1.1)}{0.0.0.0:15102}
2024-01-30 07:48:28,826 [main] INFO  server.Server (Server.java:doStart(415)) - Started @214594ms
2024-01-30 07:48:28,826 [main] WARN  impl.MetricsSystemImpl (MetricsSystemImpl.java:register(279)) - Sink prometheus already exists!
2024-01-30 07:48:28,826 [main] INFO  http.BaseHttpServer (BaseHttpServer.java:updateConnectorAddress(354)) - HTTP server of ozoneManager listening at http://0.0.0.0:15102
2024-01-30 07:48:28,830 [IPC Server Responder] INFO  ipc.Server (Server.java:run(1562)) - IPC Server Responder: starting
2024-01-30 07:48:28,830 [IPC Server listener on 15101] INFO  ipc.Server (Server.java:run(1402)) - IPC Server listener on 15101: starting
2024-01-30 07:48:28,847 [main] INFO  om.OzoneManager (OzoneManager.java:startTrashEmptier(2094)) - Trash Interval set to 0. Files deleted won't move to trash
2024-01-30 07:48:28,866 [main] WARN  dropwizard3.Dm3MetricRegistriesImpl (Dm3MetricRegistriesImpl.java:addReporterRegistration(113)) - New reporters are added after registries were created. Some metrics will be missing from the reporter. Please add reporter before adding any new registry.
2024-01-30 07:48:28,866 [main] WARN  dropwizard3.Dm3MetricRegistriesImpl (Dm3MetricRegistriesImpl.java:addReporterRegistration(113)) - New reporters are added after registries were created. Some metrics will be missing from the reporter. Please add reporter before adding any new registry.
2024-01-30 07:48:28,867 [main] INFO  impl.MetricsSystemImpl (MetricsSystemImpl.java:init(158)) - HddsDatanode metrics system started (again)
2024-01-30 07:48:28,878 [main] INFO  ozone.HddsDatanodeService (HddsDatanodeService.java:start(240)) - HddsDatanodeService host:fv-az1436-717.rp122gijlobebpuychzvuh3j3h.bx.internal.cloudapp.net ip:10.1.0.48
2024-01-30 07:48:28,899 [main] INFO  upgrade.AbstractLayoutVersionManager (AbstractLayoutVersionManager.java:init(83)) - Initializing Layout version manager with metadata layout = HADOOP_PRC_PORTS_IN_DATANODEDETAILS (version = 7), software layout = HADOOP_PRC_PORTS_IN_DATANODEDETAILS (version = 7)
2024-01-30 07:48:28,900 [main] INFO  statemachine.DatanodeStateMachine (DatanodeStateMachine.java:getEndPointTaskThreadPoolSize(299)) - Datanode State Machine Task Thread Pool size 2
2024-01-30 07:48:28,901 [main] INFO  volume.HddsVolume (HddsVolume.java:<init>(125)) - Creating HddsVolume: /home/runner/work/ozone/ozone/hadoop-ozone/integration-test/target/test-dir/MiniOzoneClusterImpl-22134a4f-1b78-467c-b266-ccfd401dbc1a/datanode-0/data-0/containers/hdds of storage type : DISK capacity : 9223372036854775807
2024-01-30 07:48:28,902 [main] INFO  volume.MutableVolumeSet (MutableVolumeSet.java:initializeVolumeSet(173)) - Added Volume : /home/runner/work/ozone/ozone/hadoop-ozone/integration-test/target/test-dir/MiniOzoneClusterImpl-22134a4f-1b78-467c-b266-ccfd401dbc1a/datanode-0/data-0/containers/hdds to VolumeSet
2024-01-30 07:48:28,902 [main] INFO  volume.MutableVolumeSet (MutableVolumeSet.java:initializeVolumeSet(173)) - Added Volume : /home/runner/work/ozone/ozone/hadoop-ozone/integration-test/target/test-dir/MiniOzoneClusterImpl-22134a4f-1b78-467c-b266-ccfd401dbc1a/datanode-0/data/ratis to VolumeSet
2024-01-30 07:48:28,903 [main] INFO  ozoneimpl.OzoneContainer (HddsVolumeUtil.java:loadAllHddsVolumeDbStore(103)) - Load 1 volumes DbStore cost: 0ms
2024-01-30 07:48:28,903 [2a934876-6cad-418e-9d99-0b91c92fbe5b-ContainerReader-0] INFO  ozoneimpl.ContainerReader (ContainerReader.java:readVolume(178)) - Finish verifying containers on volume /home/runner/work/ozone/ozone/hadoop-ozone/integration-test/target/test-dir/MiniOzoneClusterImpl-22134a4f-1b78-467c-b266-ccfd401dbc1a/datanode-0/data-0/containers/hdds
2024-01-30 07:48:28,903 [main] INFO  ozoneimpl.OzoneContainer (OzoneContainer.java:buildContainerSet(328)) - Build ContainerSet costs 0s
2024-01-30 07:48:28,905 [main] INFO  server.RaftServer (ConfUtils.java:logGet(46)) - raft.rpc.type = GRPC (default)
2024-01-30 07:48:28,905 [main] INFO  grpc.GrpcConfigKeys (ConfUtils.java:logFallback(53)) - raft.grpc.admin.host = null (fallback to raft.grpc.server.host)
2024-01-30 07:48:28,906 [main] INFO  grpc.GrpcConfigKeys (ConfUtils.java:logGet(46)) - raft.grpc.admin.port = 15110 (custom)
2024-01-30 07:48:28,906 [main] INFO  grpc.GrpcConfigKeys (ConfUtils.java:logFallback(53)) - raft.grpc.client.host = null (fallback to raft.grpc.server.host)
2024-01-30 07:48:28,906 [main] INFO  grpc.GrpcConfigKeys (ConfUtils.java:logGet(46)) - raft.grpc.client.port = 15109 (custom)
2024-01-30 07:48:28,906 [main] INFO  grpc.GrpcConfigKeys (ConfUtils.java:logGet(46)) - raft.grpc.server.host = null (default)
2024-01-30 07:48:28,906 [main] INFO  grpc.GrpcConfigKeys (ConfUtils.java:logGet(46)) - raft.grpc.server.port = 15111 (custom)
2024-01-30 07:48:28,907 [main] INFO  server.GrpcService (ConfUtils.java:logGet(46)) - raft.grpc.message.size.max = 32MB (=33554432) (custom)
2024-01-30 07:48:28,907 [main] INFO  server.RaftServerConfigKeys (ConfUtils.java:logGet(46)) - raft.server.log.appender.buffer.byte-limit = 8388608 (custom)
2024-01-30 07:48:28,907 [main] INFO  server.GrpcService (ConfUtils.java:logGet(46)) - raft.grpc.flow.control.window = 5MB (=5242880) (custom)
2024-01-30 07:48:28,907 [main] INFO  server.RaftServerConfigKeys (ConfUtils.java:logGet(46)) - raft.server.rpc.request.timeout = 60s (custom)
2024-01-30 07:48:28,907 [main] INFO  grpc.GrpcConfigKeys (ConfUtils.java:logGet(46)) - raft.grpc.server.heartbeat.channel = true (default)
2024-01-30 07:48:28,908 [main] INFO  grpc.GrpcConfigKeys (ConfUtils.java:logGet(46)) - raft.grpc.server.async.request.thread.pool.cached = true (default)
2024-01-30 07:48:28,908 [main] INFO  grpc.GrpcConfigKeys (ConfUtils.java:logGet(46)) - raft.grpc.server.async.request.thread.pool.size = 32 (default)
2024-01-30 07:48:28,910 [main] INFO  impl.DataStreamServerImpl (ConfUtils.java:logGet(46)) - raft.datastream.type = NETTY (custom)
2024-01-30 07:48:28,910 [main] INFO  server.RaftServerConfigKeys (ConfUtils.java:logGet(46)) - raft.server.data-stream.async.request.thread.pool.cached = false (default)
2024-01-30 07:48:28,910 [main] INFO  server.RaftServerConfigKeys (ConfUtils.java:logGet(46)) - raft.server.data-stream.async.request.thread.pool.size = 20 (custom)
2024-01-30 07:48:28,910 [main] INFO  server.RaftServerConfigKeys (ConfUtils.java:logGet(46)) - raft.server.data-stream.async.write.thread.pool.size = 16 (default)
2024-01-30 07:48:28,911 [main] INFO  netty.NettyConfigKeys$DataStream (ConfUtils.java:logGet(46)) - raft.netty.dataStream.server.channel.inactive.grace-period = 10min (default)
2024-01-30 07:48:28,911 [main] INFO  server.RaftServerConfigKeys (ConfUtils.java:logGet(46)) - raft.server.data-stream.client.pool.size = 10 (default)
2024-01-30 07:48:28,911 [main] INFO  netty.NettyConfigKeys$DataStream (ConfUtils.java:logGet(46)) - raft.netty.dataStream.server.use-epoll = true (default)
2024-01-30 07:48:28,911 [main] INFO  netty.NettyConfigKeys$DataStream (ConfUtils.java:logGet(46)) - raft.netty.dataStream.server.boss-group.size = 0 (default)
2024-01-30 07:48:28,911 [main] INFO  netty.NettyUtils (NettyUtils.java:newEventLoopGroup(69)) - Create EpollEventLoopGroup for 2a934876-6cad-418e-9d99-0b91c92fbe5b-NettyServerStreamRpc-bossGroup; Thread size is 0.
2024-01-30 07:48:28,912 [main] INFO  netty.NettyConfigKeys$DataStream (ConfUtils.java:logGet(46)) - raft.netty.dataStream.server.worker-group.size = 0 (default)
2024-01-30 07:48:28,912 [main] INFO  netty.NettyUtils (NettyUtils.java:newEventLoopGroup(69)) - Create EpollEventLoopGroup for 2a934876-6cad-418e-9d99-0b91c92fbe5b-NettyServerStreamRpc-workerGroup; Thread size is 0.
2024-01-30 07:48:28,913 [main] INFO  netty.NettyConfigKeys$DataStream (ConfUtils.java:logGet(46)) - raft.netty.dataStream.server.tls.conf = null (default)
2024-01-30 07:48:28,913 [main] INFO  netty.NettyConfigKeys$DataStream (ConfUtils.java:logGet(46)) - raft.netty.dataStream.host = null (default)
2024-01-30 07:48:28,913 [main] INFO  netty.NettyConfigKeys$DataStream (ConfUtils.java:logGet(46)) - raft.netty.dataStream.port = 15112 (custom)
2024-01-30 07:48:28,913 [main] INFO  server.RaftServerConfigKeys (ConfUtils.java:logGet(46)) - raft.server.sleep.deviation.threshold = 300ms (default)
2024-01-30 07:48:28,914 [main] INFO  server.RaftServerConfigKeys (ConfUtils.java:logGet(46)) - raft.server.close.threshold = 60s (default)
2024-01-30 07:48:28,914 [main] INFO  server.RaftServerConfigKeys (ConfUtils.java:logGet(46)) - raft.server.leaderelection.leader.step-down.wait-time = 10s (default)
2024-01-30 07:48:28,914 [main] INFO  server.RaftServerConfigKeys (ConfUtils.java:logGet(46)) - raft.server.storage.dir = [/home/runner/work/ozone/ozone/hadoop-ozone/integration-test/target/test-dir/MiniOzoneClusterImpl-22134a4f-1b78-467c-b266-ccfd401dbc1a/datanode-0/data/ratis] (custom)
2024-01-30 07:48:28,914 [main] INFO  server.RaftServerConfigKeys (ConfUtils.java:logGet(46)) - raft.server.threadpool.proxy.cached = true (default)
2024-01-30 07:48:28,914 [main] INFO  server.RaftServerConfigKeys (ConfUtils.java:logGet(46)) - raft.server.threadpool.proxy.size = 0 (default)
2024-01-30 07:48:28,913 [2a934876-6cad-418e-9d99-0b91c92fbe5b-NettyServerStreamRpc-bossGroup--thread1] INFO  logging.LoggingHandler (AbstractInternalLogger.java:log(148)) - [id: 0x91c13026] REGISTERED
2024-01-30 07:48:28,914 [2a934876-6cad-418e-9d99-0b91c92fbe5b-NettyServerStreamRpc-bossGroup--thread1] INFO  logging.LoggingHandler (AbstractInternalLogger.java:log(148)) - [id: 0x91c13026] BIND: 0.0.0.0/0.0.0.0:15112
2024-01-30 07:48:28,915 [2a934876-6cad-418e-9d99-0b91c92fbe5b-NettyServerStreamRpc-bossGroup--thread1] INFO  logging.LoggingHandler (AbstractInternalLogger.java:log(148)) - [id: 0x91c13026, L:/0.0.0.0:15112] ACTIVE
2024-01-30 07:48:28,915 [2a934876-6cad-418e-9d99-0b91c92fbe5b-impl-thread1] INFO  server.RaftServer (RaftServerProxy.java:initGroupDir(264)) - 2a934876-6cad-418e-9d99-0b91c92fbe5b: found a subdirectory /home/runner/work/ozone/ozone/hadoop-ozone/integration-test/target/test-dir/MiniOzoneClusterImpl-22134a4f-1b78-467c-b266-ccfd401dbc1a/datanode-0/data/ratis/tmp
2024-01-30 07:48:28,915 [2a934876-6cad-418e-9d99-0b91c92fbe5b-impl-thread1] INFO  server.RaftServer (RaftServerProxy.java:initGroupDir(269)) - 2a934876-6cad-418e-9d99-0b91c92fbe5b: The directory /home/runner/work/ozone/ozone/hadoop-ozone/integration-test/target/test-dir/MiniOzoneClusterImpl-22134a4f-1b78-467c-b266-ccfd401dbc1a/datanode-0/data/ratis/tmp is not a group directory; ignoring it. 
2024-01-30 07:48:28,915 [main] INFO  replication.ReplicationServer (ReplicationServer.java:<init>(86)) - Initializing replication server with thread count = 10 queue length = 4096
2024-01-30 07:48:28,916 [main] INFO  server.XceiverServerGrpc (XceiverServerGrpc.java:<init>(141)) - GrpcServer channel type EpollServerSocketChannel
2024-01-30 07:48:28,917 [main] INFO  replication.ReplicationSupervisor (ReplicationSupervisor.java:build(163)) - Initializing replication supervisor with thread count = 10
2024-01-30 07:48:28,917 [main] INFO  replication.ReplicationSupervisor (ReplicationSupervisor.java:nodeStateUpdated(317)) - Node state updated to IN_SERVICE, scaling executor pool size to 10
2024-01-30 07:48:28,919 [main] INFO  http.BaseHttpServer (BaseHttpServer.java:newHttpServer2BuilderForOzone(223)) - Starting Web-server for hddsDatanode at: http://0.0.0.0:15106
2024-01-30 07:48:28,919 [main] INFO  http.BaseHttpServer (BaseHttpServer.java:<init>(110)) - Hadoop Security Enabled: false Ozone Security Enabled: false Ozone HTTP Security Enabled: false 
2024-01-30 07:48:28,920 [main] WARN  server.AuthenticationFilter (AuthenticationFilter.java:constructSecretProvider(240)) - Unable to initialize FileSignerSecretProvider, falling back to use random secrets. Reason: Could not read signature secret file: /home/runner/hadoop-http-auth-signature-secret
2024-01-30 07:48:28,922 [main] INFO  http.HttpRequestLog (HttpRequestLog.java:getRequestLog(86)) - Http request log for http.requests.hddsDatanode is not defined
2024-01-30 07:48:28,923 [main] INFO  http.HttpServer2 (HttpServer2.java:addGlobalFilter(1036)) - Added global filter 'safety' (class=org.apache.hadoop.hdds.server.http.HttpServer2$QuotingInputFilter)
2024-01-30 07:48:28,924 [main] INFO  http.HttpServer2 (HttpServer2.java:addFilter(1012)) - Added filter static_user_filter (class=org.apache.hadoop.http.lib.StaticUserWebFilter$StaticUserFilter) to context hddsDatanode
2024-01-30 07:48:28,924 [main] INFO  http.HttpServer2 (HttpServer2.java:addFilter(1020)) - Added filter static_user_filter (class=org.apache.hadoop.http.lib.StaticUserWebFilter$StaticUserFilter) to context static
2024-01-30 07:48:28,924 [main] INFO  http.HttpServer2 (HttpServer2.java:addFilter(1020)) - Added filter static_user_filter (class=org.apache.hadoop.http.lib.StaticUserWebFilter$StaticUserFilter) to context logs
2024-01-30 07:48:28,925 [main] INFO  http.BaseHttpServer (BaseHttpServer.java:<init>(189)) - HTTP server of hddsDatanode uses base directory /home/runner/work/ozone/ozone/hadoop-ozone/integration-test/target/test-dir/MiniOzoneClusterImpl-22134a4f-1b78-467c-b266-ccfd401dbc1a/datanode-0/meta/webserver
2024-01-30 07:48:28,925 [main] INFO  http.HttpServer2 (HttpServer2.java:bindListener(1236)) - Jetty bound to port 15106
2024-01-30 07:48:28,925 [main] INFO  server.Server (Server.java:doStart(375)) - jetty-9.4.53.v20231009; built: 2023-10-09T12:29:09.265Z; git: 27bde00a0b95a1d5bbee0eae7984f891d2d0f8c9; jvm 1.8.0_392-b08
2024-01-30 07:48:28,933 [main] INFO  server.session (DefaultSessionIdManager.java:doStart(334)) - DefaultSessionIdManager workerName=node0
2024-01-30 07:48:28,934 [main] INFO  server.session (DefaultSessionIdManager.java:doStart(339)) - No SessionScavenger set, using defaults
2024-01-30 07:48:28,934 [main] INFO  server.session (HouseKeeper.java:startScavenging(132)) - node0 Scavenging every 660000ms
2024-01-30 07:48:28,934 [main] INFO  handler.ContextHandler (ContextHandler.java:doStart(921)) - Started o.e.j.s.ServletContextHandler@53340a2d{logs,/logs,file:///home/runner/work/ozone/ozone/hadoop-ozone/integration-test/target/log,AVAILABLE}
2024-01-30 07:48:28,935 [main] INFO  handler.ContextHandler (ContextHandler.java:doStart(921)) - Started o.e.j.s.ServletContextHandler@2db0fdb7{static,/static,jar:file:/home/runner/.m2/repository/org/apache/ozone/hdds-container-service/1.5.0-SNAPSHOT/hdds-container-service-1.5.0-SNAPSHOT.jar!/webapps/static,AVAILABLE}
2024-01-30 07:48:28,970 [main] INFO  handler.ContextHandler (ContextHandler.java:doStart(921)) - Started o.e.j.w.WebAppContext@5f23ef28{hddsDatanode,/,file:///home/runner/work/ozone/ozone/hadoop-ozone/integration-test/target/test-dir/MiniOzoneClusterImpl-22134a4f-1b78-467c-b266-ccfd401dbc1a/datanode-0/meta/webserver/jetty-0_0_0_0-15106-hdds-container-service-1_5_0-SNAPSHOT_jar-_-any-7749125003746470258/webapp/,AVAILABLE}{jar:file:/home/runner/.m2/repository/org/apache/ozone/hdds-container-service/1.5.0-SNAPSHOT/hdds-container-service-1.5.0-SNAPSHOT.jar!/webapps/hddsDatanode}
2024-01-30 07:48:28,971 [main] INFO  server.AbstractConnector (AbstractConnector.java:doStart(333)) - Started ServerConnector@788f216{HTTP/1.1, (http/1.1)}{0.0.0.0:15106}
2024-01-30 07:48:28,971 [main] INFO  server.Server (Server.java:doStart(415)) - Started @214739ms
2024-01-30 07:48:28,971 [main] WARN  impl.MetricsSystemImpl (MetricsSystemImpl.java:register(279)) - Sink prometheus already exists!
2024-01-30 07:48:28,972 [main] INFO  http.BaseHttpServer (BaseHttpServer.java:updateConnectorAddress(354)) - HTTP server of hddsDatanode listening at http://0.0.0.0:15106
2024-01-30 07:48:28,972 [main] INFO  ipc.CallQueueManager (CallQueueManager.java:<init>(90)) - Using callQueue: class java.util.concurrent.LinkedBlockingQueue, queueCapacity: 100, scheduler: class org.apache.hadoop.ipc.DefaultRpcScheduler, ipcBackoff: false.
2024-01-30 07:48:28,973 [main] INFO  ipc.Server (Server.java:<init>(1287)) - Listener at 0.0.0.0:15107
2024-01-30 07:48:28,973 [Socket Reader #1 for port 15107] INFO  ipc.Server (Server.java:run(1323)) - Starting Socket Reader #1 for port 15107
2024-01-30 07:48:28,974 [main] INFO  ozone.HddsDatanodeService (HddsDatanodeService.java:start(327)) - Datanode start with admins: [runner]
2024-01-30 07:48:28,974 [main] INFO  ozone.HddsDatanodeClientProtocolServer (HddsDatanodeClientProtocolServer.java:start(72)) - RPC server for Client /0.0.0.0:15107
2024-01-30 07:48:28,975 [IPC Server Responder] INFO  ipc.Server (Server.java:run(1562)) - IPC Server Responder: starting
2024-01-30 07:48:28,982 [IPC Server listener on 15107] INFO  ipc.Server (Server.java:run(1402)) - IPC Server listener on 15107: starting
2024-01-30 07:48:28,982 [2a934876-6cad-418e-9d99-0b91c92fbe5b-DatanodeStateMachineDaemonThread] INFO  statemachine.DatanodeStateMachine (DatanodeStateMachine.java:lambda$startDaemon$1(555)) - Ozone container server started.
2024-01-30 07:48:28,983 [main] WARN  dropwizard3.Dm3MetricRegistriesImpl (Dm3MetricRegistriesImpl.java:addReporterRegistration(113)) - New reporters are added after registries were created. Some metrics will be missing from the reporter. Please add reporter before adding any new registry.
2024-01-30 07:48:28,983 [main] WARN  dropwizard3.Dm3MetricRegistriesImpl (Dm3MetricRegistriesImpl.java:addReporterRegistration(113)) - New reporters are added after registries were created. Some metrics will be missing from the reporter. Please add reporter before adding any new registry.
2024-01-30 07:48:28,984 [main] INFO  impl.MetricsSystemImpl (MetricsSystemImpl.java:init(158)) - HddsDatanode metrics system started (again)
2024-01-30 07:48:28,986 [2a934876-6cad-418e-9d99-0b91c92fbe5b-DatanodeStateMachineTaskThread-0] INFO  datanode.InitDatanodeState (InitDatanodeState.java:persistContainerDatanodeDetails(139)) - DatanodeDetails is persisted to /home/runner/work/ozone/ozone/hadoop-ozone/integration-test/target/test-dir/MiniOzoneClusterImpl-22134a4f-1b78-467c-b266-ccfd401dbc1a/datanode-0/meta/datanode.id
2024-01-30 07:48:28,993 [main] INFO  ozone.HddsDatanodeService (HddsDatanodeService.java:start(240)) - HddsDatanodeService host:fv-az1436-717.rp122gijlobebpuychzvuh3j3h.bx.internal.cloudapp.net ip:10.1.0.48
2024-01-30 07:48:29,016 [main] INFO  upgrade.AbstractLayoutVersionManager (AbstractLayoutVersionManager.java:init(83)) - Initializing Layout version manager with metadata layout = HADOOP_PRC_PORTS_IN_DATANODEDETAILS (version = 7), software layout = HADOOP_PRC_PORTS_IN_DATANODEDETAILS (version = 7)
2024-01-30 07:48:29,017 [main] INFO  statemachine.DatanodeStateMachine (DatanodeStateMachine.java:getEndPointTaskThreadPoolSize(299)) - Datanode State Machine Task Thread Pool size 2
2024-01-30 07:48:29,018 [main] INFO  volume.HddsVolume (HddsVolume.java:<init>(125)) - Creating HddsVolume: /home/runner/work/ozone/ozone/hadoop-ozone/integration-test/target/test-dir/MiniOzoneClusterImpl-22134a4f-1b78-467c-b266-ccfd401dbc1a/datanode-1/data-0/containers/hdds of storage type : DISK capacity : 9223372036854775807
2024-01-30 07:48:29,018 [main] INFO  volume.MutableVolumeSet (MutableVolumeSet.java:initializeVolumeSet(173)) - Added Volume : /home/runner/work/ozone/ozone/hadoop-ozone/integration-test/target/test-dir/MiniOzoneClusterImpl-22134a4f-1b78-467c-b266-ccfd401dbc1a/datanode-1/data-0/containers/hdds to VolumeSet
2024-01-30 07:48:29,019 [main] INFO  volume.MutableVolumeSet (MutableVolumeSet.java:initializeVolumeSet(173)) - Added Volume : /home/runner/work/ozone/ozone/hadoop-ozone/integration-test/target/test-dir/MiniOzoneClusterImpl-22134a4f-1b78-467c-b266-ccfd401dbc1a/datanode-1/data/ratis to VolumeSet
2024-01-30 07:48:29,019 [main] INFO  ozoneimpl.OzoneContainer (HddsVolumeUtil.java:loadAllHddsVolumeDbStore(103)) - Load 1 volumes DbStore cost: 0ms
2024-01-30 07:48:29,019 [84e2f200-b83f-4514-9762-a3bf8832ea50-ContainerReader-0] INFO  ozoneimpl.ContainerReader (ContainerReader.java:readVolume(178)) - Finish verifying containers on volume /home/runner/work/ozone/ozone/hadoop-ozone/integration-test/target/test-dir/MiniOzoneClusterImpl-22134a4f-1b78-467c-b266-ccfd401dbc1a/datanode-1/data-0/containers/hdds
2024-01-30 07:48:29,019 [main] INFO  ozoneimpl.OzoneContainer (OzoneContainer.java:buildContainerSet(328)) - Build ContainerSet costs 0s
2024-01-30 07:48:29,021 [main] INFO  server.RaftServer (ConfUtils.java:logGet(46)) - raft.rpc.type = GRPC (default)
2024-01-30 07:48:29,021 [main] INFO  grpc.GrpcConfigKeys (ConfUtils.java:logFallback(53)) - raft.grpc.admin.host = null (fallback to raft.grpc.server.host)
2024-01-30 07:48:29,021 [main] INFO  grpc.GrpcConfigKeys (ConfUtils.java:logGet(46)) - raft.grpc.admin.port = 15119 (custom)
2024-01-30 07:48:29,021 [main] INFO  grpc.GrpcConfigKeys (ConfUtils.java:logFallback(53)) - raft.grpc.client.host = null (fallback to raft.grpc.server.host)
2024-01-30 07:48:29,021 [main] INFO  grpc.GrpcConfigKeys (ConfUtils.java:logGet(46)) - raft.grpc.client.port = 15118 (custom)
2024-01-30 07:48:29,021 [main] INFO  grpc.GrpcConfigKeys (ConfUtils.java:logGet(46)) - raft.grpc.server.host = null (default)
2024-01-30 07:48:29,021 [main] INFO  grpc.GrpcConfigKeys (ConfUtils.java:logGet(46)) - raft.grpc.server.port = 15120 (custom)
2024-01-30 07:48:29,021 [main] INFO  server.GrpcService (ConfUtils.java:logGet(46)) - raft.grpc.message.size.max = 32MB (=33554432) (custom)
2024-01-30 07:48:29,022 [main] INFO  server.RaftServerConfigKeys (ConfUtils.java:logGet(46)) - raft.server.log.appender.buffer.byte-limit = 8388608 (custom)
2024-01-30 07:48:29,022 [main] INFO  server.GrpcService (ConfUtils.java:logGet(46)) - raft.grpc.flow.control.window = 5MB (=5242880) (custom)
2024-01-30 07:48:29,022 [main] INFO  server.RaftServerConfigKeys (ConfUtils.java:logGet(46)) - raft.server.rpc.request.timeout = 60s (custom)
2024-01-30 07:48:29,022 [main] INFO  grpc.GrpcConfigKeys (ConfUtils.java:logGet(46)) - raft.grpc.server.heartbeat.channel = true (default)
2024-01-30 07:48:29,022 [main] INFO  grpc.GrpcConfigKeys (ConfUtils.java:logGet(46)) - raft.grpc.server.async.request.thread.pool.cached = true (default)
2024-01-30 07:48:29,022 [main] INFO  grpc.GrpcConfigKeys (ConfUtils.java:logGet(46)) - raft.grpc.server.async.request.thread.pool.size = 32 (default)
2024-01-30 07:48:29,024 [main] INFO  impl.DataStreamServerImpl (ConfUtils.java:logGet(46)) - raft.datastream.type = NETTY (custom)
2024-01-30 07:48:29,024 [main] INFO  server.RaftServerConfigKeys (ConfUtils.java:logGet(46)) - raft.server.data-stream.async.request.thread.pool.cached = false (default)
2024-01-30 07:48:29,024 [main] INFO  server.RaftServerConfigKeys (ConfUtils.java:logGet(46)) - raft.server.data-stream.async.request.thread.pool.size = 20 (custom)
2024-01-30 07:48:29,024 [main] INFO  server.RaftServerConfigKeys (ConfUtils.java:logGet(46)) - raft.server.data-stream.async.write.thread.pool.size = 16 (default)
2024-01-30 07:48:29,024 [main] INFO  netty.NettyConfigKeys$DataStream (ConfUtils.java:logGet(46)) - raft.netty.dataStream.server.channel.inactive.grace-period = 10min (default)
2024-01-30 07:48:29,024 [main] INFO  server.RaftServerConfigKeys (ConfUtils.java:logGet(46)) - raft.server.data-stream.client.pool.size = 10 (default)
2024-01-30 07:48:29,024 [main] INFO  netty.NettyConfigKeys$DataStream (ConfUtils.java:logGet(46)) - raft.netty.dataStream.server.use-epoll = true (default)
2024-01-30 07:48:29,025 [main] INFO  netty.NettyConfigKeys$DataStream (ConfUtils.java:logGet(46)) - raft.netty.dataStream.server.boss-group.size = 0 (default)
2024-01-30 07:48:29,025 [main] INFO  netty.NettyUtils (NettyUtils.java:newEventLoopGroup(69)) - Create EpollEventLoopGroup for 84e2f200-b83f-4514-9762-a3bf8832ea50-NettyServerStreamRpc-bossGroup; Thread size is 0.
2024-01-30 07:48:29,025 [main] INFO  netty.NettyConfigKeys$DataStream (ConfUtils.java:logGet(46)) - raft.netty.dataStream.server.worker-group.size = 0 (default)
2024-01-30 07:48:29,025 [main] INFO  netty.NettyUtils (NettyUtils.java:newEventLoopGroup(69)) - Create EpollEventLoopGroup for 84e2f200-b83f-4514-9762-a3bf8832ea50-NettyServerStreamRpc-workerGroup; Thread size is 0.
2024-01-30 07:48:29,025 [main] INFO  netty.NettyConfigKeys$DataStream (ConfUtils.java:logGet(46)) - raft.netty.dataStream.server.tls.conf = null (default)
2024-01-30 07:48:29,025 [main] INFO  netty.NettyConfigKeys$DataStream (ConfUtils.java:logGet(46)) - raft.netty.dataStream.host = null (default)
2024-01-30 07:48:29,025 [main] INFO  netty.NettyConfigKeys$DataStream (ConfUtils.java:logGet(46)) - raft.netty.dataStream.port = 15121 (custom)
2024-01-30 07:48:29,026 [main] INFO  server.RaftServerConfigKeys (ConfUtils.java:logGet(46)) - raft.server.sleep.deviation.threshold = 300ms (default)
2024-01-30 07:48:29,026 [84e2f200-b83f-4514-9762-a3bf8832ea50-NettyServerStreamRpc-bossGroup--thread1] INFO  logging.LoggingHandler (AbstractInternalLogger.java:log(148)) - [id: 0x0e13de50] REGISTERED
2024-01-30 07:48:29,026 [main] INFO  server.RaftServerConfigKeys (ConfUtils.java:logGet(46)) - raft.server.close.threshold = 60s (default)
2024-01-30 07:48:29,026 [84e2f200-b83f-4514-9762-a3bf8832ea50-NettyServerStreamRpc-bossGroup--thread1] INFO  logging.LoggingHandler (AbstractInternalLogger.java:log(148)) - [id: 0x0e13de50] BIND: 0.0.0.0/0.0.0.0:15121
2024-01-30 07:48:29,026 [main] INFO  server.RaftServerConfigKeys (ConfUtils.java:logGet(46)) - raft.server.leaderelection.leader.step-down.wait-time = 10s (default)
2024-01-30 07:48:29,026 [84e2f200-b83f-4514-9762-a3bf8832ea50-NettyServerStreamRpc-bossGroup--thread1] INFO  logging.LoggingHandler (AbstractInternalLogger.java:log(148)) - [id: 0x0e13de50, L:/0.0.0.0:15121] ACTIVE
2024-01-30 07:48:29,026 [main] INFO  server.RaftServerConfigKeys (ConfUtils.java:logGet(46)) - raft.server.storage.dir = [/home/runner/work/ozone/ozone/hadoop-ozone/integration-test/target/test-dir/MiniOzoneClusterImpl-22134a4f-1b78-467c-b266-ccfd401dbc1a/datanode-1/data/ratis] (custom)
2024-01-30 07:48:29,027 [main] INFO  server.RaftServerConfigKeys (ConfUtils.java:logGet(46)) - raft.server.threadpool.proxy.cached = true (default)
2024-01-30 07:48:29,027 [main] INFO  server.RaftServerConfigKeys (ConfUtils.java:logGet(46)) - raft.server.threadpool.proxy.size = 0 (default)
2024-01-30 07:48:29,027 [84e2f200-b83f-4514-9762-a3bf8832ea50-impl-thread1] INFO  server.RaftServer (RaftServerProxy.java:initGroupDir(264)) - 84e2f200-b83f-4514-9762-a3bf8832ea50: found a subdirectory /home/runner/work/ozone/ozone/hadoop-ozone/integration-test/target/test-dir/MiniOzoneClusterImpl-22134a4f-1b78-467c-b266-ccfd401dbc1a/datanode-1/data/ratis/tmp
2024-01-30 07:48:29,027 [84e2f200-b83f-4514-9762-a3bf8832ea50-impl-thread1] INFO  server.RaftServer (RaftServerProxy.java:initGroupDir(269)) - 84e2f200-b83f-4514-9762-a3bf8832ea50: The directory /home/runner/work/ozone/ozone/hadoop-ozone/integration-test/target/test-dir/MiniOzoneClusterImpl-22134a4f-1b78-467c-b266-ccfd401dbc1a/datanode-1/data/ratis/tmp is not a group directory; ignoring it. 
2024-01-30 07:48:29,027 [main] INFO  replication.ReplicationServer (ReplicationServer.java:<init>(86)) - Initializing replication server with thread count = 10 queue length = 4096
2024-01-30 07:48:29,028 [main] INFO  server.XceiverServerGrpc (XceiverServerGrpc.java:<init>(141)) - GrpcServer channel type EpollServerSocketChannel
2024-01-30 07:48:29,029 [main] INFO  replication.ReplicationSupervisor (ReplicationSupervisor.java:build(163)) - Initializing replication supervisor with thread count = 10
2024-01-30 07:48:29,029 [main] INFO  replication.ReplicationSupervisor (ReplicationSupervisor.java:nodeStateUpdated(317)) - Node state updated to IN_SERVICE, scaling executor pool size to 10
2024-01-30 07:48:29,031 [main] INFO  http.BaseHttpServer (BaseHttpServer.java:newHttpServer2BuilderForOzone(223)) - Starting Web-server for hddsDatanode at: http://0.0.0.0:15115
2024-01-30 07:48:29,031 [main] INFO  http.BaseHttpServer (BaseHttpServer.java:<init>(110)) - Hadoop Security Enabled: false Ozone Security Enabled: false Ozone HTTP Security Enabled: false 
2024-01-30 07:48:29,032 [main] WARN  server.AuthenticationFilter (AuthenticationFilter.java:constructSecretProvider(240)) - Unable to initialize FileSignerSecretProvider, falling back to use random secrets. Reason: Could not read signature secret file: /home/runner/hadoop-http-auth-signature-secret
2024-01-30 07:48:29,032 [main] INFO  http.HttpRequestLog (HttpRequestLog.java:getRequestLog(86)) - Http request log for http.requests.hddsDatanode is not defined
2024-01-30 07:48:29,033 [main] INFO  http.HttpServer2 (HttpServer2.java:addGlobalFilter(1036)) - Added global filter 'safety' (class=org.apache.hadoop.hdds.server.http.HttpServer2$QuotingInputFilter)
2024-01-30 07:48:29,033 [main] INFO  http.HttpServer2 (HttpServer2.java:addFilter(1012)) - Added filter static_user_filter (class=org.apache.hadoop.http.lib.StaticUserWebFilter$StaticUserFilter) to context hddsDatanode
2024-01-30 07:48:29,033 [main] INFO  http.HttpServer2 (HttpServer2.java:addFilter(1020)) - Added filter static_user_filter (class=org.apache.hadoop.http.lib.StaticUserWebFilter$StaticUserFilter) to context static
2024-01-30 07:48:29,033 [main] INFO  http.HttpServer2 (HttpServer2.java:addFilter(1020)) - Added filter static_user_filter (class=org.apache.hadoop.http.lib.StaticUserWebFilter$StaticUserFilter) to context logs
2024-01-30 07:48:29,034 [main] INFO  http.BaseHttpServer (BaseHttpServer.java:<init>(189)) - HTTP server of hddsDatanode uses base directory /home/runner/work/ozone/ozone/hadoop-ozone/integration-test/target/test-dir/MiniOzoneClusterImpl-22134a4f-1b78-467c-b266-ccfd401dbc1a/datanode-1/meta/webserver
2024-01-30 07:48:29,034 [main] INFO  http.HttpServer2 (HttpServer2.java:bindListener(1236)) - Jetty bound to port 15115
2024-01-30 07:48:29,034 [main] INFO  server.Server (Server.java:doStart(375)) - jetty-9.4.53.v20231009; built: 2023-10-09T12:29:09.265Z; git: 27bde00a0b95a1d5bbee0eae7984f891d2d0f8c9; jvm 1.8.0_392-b08
2024-01-30 07:48:29,035 [main] INFO  server.session (DefaultSessionIdManager.java:doStart(334)) - DefaultSessionIdManager workerName=node0
2024-01-30 07:48:29,035 [main] INFO  server.session (DefaultSessionIdManager.java:doStart(339)) - No SessionScavenger set, using defaults
2024-01-30 07:48:29,035 [main] INFO  server.session (HouseKeeper.java:startScavenging(132)) - node0 Scavenging every 600000ms
2024-01-30 07:48:29,036 [main] INFO  handler.ContextHandler (ContextHandler.java:doStart(921)) - Started o.e.j.s.ServletContextHandler@65258683{logs,/logs,file:///home/runner/work/ozone/ozone/hadoop-ozone/integration-test/target/log,AVAILABLE}
2024-01-30 07:48:29,036 [main] INFO  handler.ContextHandler (ContextHandler.java:doStart(921)) - Started o.e.j.s.ServletContextHandler@460d42b9{static,/static,jar:file:/home/runner/.m2/repository/org/apache/ozone/hdds-container-service/1.5.0-SNAPSHOT/hdds-container-service-1.5.0-SNAPSHOT.jar!/webapps/static,AVAILABLE}
2024-01-30 07:48:29,068 [main] INFO  handler.ContextHandler (ContextHandler.java:doStart(921)) - Started o.e.j.w.WebAppContext@4b725b8b{hddsDatanode,/,file:///home/runner/work/ozone/ozone/hadoop-ozone/integration-test/target/test-dir/MiniOzoneClusterImpl-22134a4f-1b78-467c-b266-ccfd401dbc1a/datanode-1/meta/webserver/jetty-0_0_0_0-15115-hdds-container-service-1_5_0-SNAPSHOT_jar-_-any-8363637386799547451/webapp/,AVAILABLE}{jar:file:/home/runner/.m2/repository/org/apache/ozone/hdds-container-service/1.5.0-SNAPSHOT/hdds-container-service-1.5.0-SNAPSHOT.jar!/webapps/hddsDatanode}
2024-01-30 07:48:29,069 [main] INFO  server.AbstractConnector (AbstractConnector.java:doStart(333)) - Started ServerConnector@4c286ab9{HTTP/1.1, (http/1.1)}{0.0.0.0:15115}
2024-01-30 07:48:29,069 [main] INFO  server.Server (Server.java:doStart(415)) - Started @214837ms
2024-01-30 07:48:29,070 [main] WARN  impl.MetricsSystemImpl (MetricsSystemImpl.java:register(279)) - Sink prometheus already exists!
2024-01-30 07:48:29,070 [main] INFO  http.BaseHttpServer (BaseHttpServer.java:updateConnectorAddress(354)) - HTTP server of hddsDatanode listening at http://0.0.0.0:15115
2024-01-30 07:48:29,070 [main] INFO  ipc.CallQueueManager (CallQueueManager.java:<init>(90)) - Using callQueue: class java.util.concurrent.LinkedBlockingQueue, queueCapacity: 100, scheduler: class org.apache.hadoop.ipc.DefaultRpcScheduler, ipcBackoff: false.
2024-01-30 07:48:29,071 [main] INFO  ipc.Server (Server.java:<init>(1287)) - Listener at 0.0.0.0:15116
2024-01-30 07:48:29,071 [Socket Reader #1 for port 15116] INFO  ipc.Server (Server.java:run(1323)) - Starting Socket Reader #1 for port 15116
2024-01-30 07:48:29,075 [main] INFO  ozone.HddsDatanodeService (HddsDatanodeService.java:start(327)) - Datanode start with admins: [runner]
2024-01-30 07:48:29,075 [main] INFO  ozone.HddsDatanodeClientProtocolServer (HddsDatanodeClientProtocolServer.java:start(72)) - RPC server for Client /0.0.0.0:15116
2024-01-30 07:48:29,076 [IPC Server Responder] INFO  ipc.Server (Server.java:run(1562)) - IPC Server Responder: starting
2024-01-30 07:48:29,076 [IPC Server listener on 15116] INFO  ipc.Server (Server.java:run(1402)) - IPC Server listener on 15116: starting
2024-01-30 07:48:29,077 [84e2f200-b83f-4514-9762-a3bf8832ea50-DatanodeStateMachineDaemonThread] INFO  statemachine.DatanodeStateMachine (DatanodeStateMachine.java:lambda$startDaemon$1(555)) - Ozone container server started.
2024-01-30 07:48:29,077 [main] WARN  dropwizard3.Dm3MetricRegistriesImpl (Dm3MetricRegistriesImpl.java:addReporterRegistration(113)) - New reporters are added after registries were created. Some metrics will be missing from the reporter. Please add reporter before adding any new registry.
2024-01-30 07:48:29,078 [main] WARN  dropwizard3.Dm3MetricRegistriesImpl (Dm3MetricRegistriesImpl.java:addReporterRegistration(113)) - New reporters are added after registries were created. Some metrics will be missing from the reporter. Please add reporter before adding any new registry.
2024-01-30 07:48:29,078 [main] INFO  impl.MetricsSystemImpl (MetricsSystemImpl.java:init(158)) - HddsDatanode metrics system started (again)
2024-01-30 07:48:29,081 [84e2f200-b83f-4514-9762-a3bf8832ea50-DatanodeStateMachineTaskThread-0] INFO  datanode.InitDatanodeState (InitDatanodeState.java:persistContainerDatanodeDetails(139)) - DatanodeDetails is persisted to /home/runner/work/ozone/ozone/hadoop-ozone/integration-test/target/test-dir/MiniOzoneClusterImpl-22134a4f-1b78-467c-b266-ccfd401dbc1a/datanode-1/meta/datanode.id
2024-01-30 07:48:29,087 [main] INFO  ozone.HddsDatanodeService (HddsDatanodeService.java:start(240)) - HddsDatanodeService host:fv-az1436-717.rp122gijlobebpuychzvuh3j3h.bx.internal.cloudapp.net ip:10.1.0.48
2024-01-30 07:48:29,102 [main] INFO  upgrade.AbstractLayoutVersionManager (AbstractLayoutVersionManager.java:init(83)) - Initializing Layout version manager with metadata layout = HADOOP_PRC_PORTS_IN_DATANODEDETAILS (version = 7), software layout = HADOOP_PRC_PORTS_IN_DATANODEDETAILS (version = 7)
2024-01-30 07:48:29,102 [main] INFO  statemachine.DatanodeStateMachine (DatanodeStateMachine.java:getEndPointTaskThreadPoolSize(299)) - Datanode State Machine Task Thread Pool size 2
2024-01-30 07:48:29,103 [main] INFO  volume.HddsVolume (HddsVolume.java:<init>(125)) - Creating HddsVolume: /home/runner/work/ozone/ozone/hadoop-ozone/integration-test/target/test-dir/MiniOzoneClusterImpl-22134a4f-1b78-467c-b266-ccfd401dbc1a/datanode-2/data-0/containers/hdds of storage type : DISK capacity : 9223372036854775807
2024-01-30 07:48:29,104 [main] INFO  volume.MutableVolumeSet (MutableVolumeSet.java:initializeVolumeSet(173)) - Added Volume : /home/runner/work/ozone/ozone/hadoop-ozone/integration-test/target/test-dir/MiniOzoneClusterImpl-22134a4f-1b78-467c-b266-ccfd401dbc1a/datanode-2/data-0/containers/hdds to VolumeSet
2024-01-30 07:48:29,104 [main] INFO  volume.MutableVolumeSet (MutableVolumeSet.java:initializeVolumeSet(173)) - Added Volume : /home/runner/work/ozone/ozone/hadoop-ozone/integration-test/target/test-dir/MiniOzoneClusterImpl-22134a4f-1b78-467c-b266-ccfd401dbc1a/datanode-2/data/ratis to VolumeSet
2024-01-30 07:48:29,105 [main] INFO  ozoneimpl.OzoneContainer (HddsVolumeUtil.java:loadAllHddsVolumeDbStore(103)) - Load 1 volumes DbStore cost: 1ms
2024-01-30 07:48:29,105 [971c1615-1531-4bff-8b79-adf9a27d7f54-ContainerReader-0] INFO  ozoneimpl.ContainerReader (ContainerReader.java:readVolume(178)) - Finish verifying containers on volume /home/runner/work/ozone/ozone/hadoop-ozone/integration-test/target/test-dir/MiniOzoneClusterImpl-22134a4f-1b78-467c-b266-ccfd401dbc1a/datanode-2/data-0/containers/hdds
2024-01-30 07:48:29,105 [main] INFO  ozoneimpl.OzoneContainer (OzoneContainer.java:buildContainerSet(328)) - Build ContainerSet costs 0s
2024-01-30 07:48:29,107 [main] INFO  server.RaftServer (ConfUtils.java:logGet(46)) - raft.rpc.type = GRPC (default)
2024-01-30 07:48:29,107 [main] INFO  grpc.GrpcConfigKeys (ConfUtils.java:logFallback(53)) - raft.grpc.admin.host = null (fallback to raft.grpc.server.host)
2024-01-30 07:48:29,107 [main] INFO  grpc.GrpcConfigKeys (ConfUtils.java:logGet(46)) - raft.grpc.admin.port = 15128 (custom)
2024-01-30 07:48:29,107 [main] INFO  grpc.GrpcConfigKeys (ConfUtils.java:logFallback(53)) - raft.grpc.client.host = null (fallback to raft.grpc.server.host)
2024-01-30 07:48:29,107 [main] INFO  grpc.GrpcConfigKeys (ConfUtils.java:logGet(46)) - raft.grpc.client.port = 15127 (custom)
2024-01-30 07:48:29,108 [main] INFO  grpc.GrpcConfigKeys (ConfUtils.java:logGet(46)) - raft.grpc.server.host = null (default)
2024-01-30 07:48:29,108 [main] INFO  grpc.GrpcConfigKeys (ConfUtils.java:logGet(46)) - raft.grpc.server.port = 15129 (custom)
2024-01-30 07:48:29,108 [main] INFO  server.GrpcService (ConfUtils.java:logGet(46)) - raft.grpc.message.size.max = 32MB (=33554432) (custom)
2024-01-30 07:48:29,108 [main] INFO  server.RaftServerConfigKeys (ConfUtils.java:logGet(46)) - raft.server.log.appender.buffer.byte-limit = 8388608 (custom)
2024-01-30 07:48:29,108 [main] INFO  server.GrpcService (ConfUtils.java:logGet(46)) - raft.grpc.flow.control.window = 5MB (=5242880) (custom)
2024-01-30 07:48:29,109 [main] INFO  server.RaftServerConfigKeys (ConfUtils.java:logGet(46)) - raft.server.rpc.request.timeout = 60s (custom)
2024-01-30 07:48:29,109 [main] INFO  grpc.GrpcConfigKeys (ConfUtils.java:logGet(46)) - raft.grpc.server.heartbeat.channel = true (default)
2024-01-30 07:48:29,109 [main] INFO  grpc.GrpcConfigKeys (ConfUtils.java:logGet(46)) - raft.grpc.server.async.request.thread.pool.cached = true (default)
2024-01-30 07:48:29,109 [main] INFO  grpc.GrpcConfigKeys (ConfUtils.java:logGet(46)) - raft.grpc.server.async.request.thread.pool.size = 32 (default)
2024-01-30 07:48:29,111 [main] INFO  impl.DataStreamServerImpl (ConfUtils.java:logGet(46)) - raft.datastream.type = NETTY (custom)
2024-01-30 07:48:29,112 [main] INFO  server.RaftServerConfigKeys (ConfUtils.java:logGet(46)) - raft.server.data-stream.async.request.thread.pool.cached = false (default)
2024-01-30 07:48:29,112 [main] INFO  server.RaftServerConfigKeys (ConfUtils.java:logGet(46)) - raft.server.data-stream.async.request.thread.pool.size = 20 (custom)
2024-01-30 07:48:29,112 [main] INFO  server.RaftServerConfigKeys (ConfUtils.java:logGet(46)) - raft.server.data-stream.async.write.thread.pool.size = 16 (default)
2024-01-30 07:48:29,112 [main] INFO  netty.NettyConfigKeys$DataStream (ConfUtils.java:logGet(46)) - raft.netty.dataStream.server.channel.inactive.grace-period = 10min (default)
2024-01-30 07:48:29,112 [main] INFO  server.RaftServerConfigKeys (ConfUtils.java:logGet(46)) - raft.server.data-stream.client.pool.size = 10 (default)
2024-01-30 07:48:29,113 [main] INFO  netty.NettyConfigKeys$DataStream (ConfUtils.java:logGet(46)) - raft.netty.dataStream.server.use-epoll = true (default)
2024-01-30 07:48:29,113 [main] INFO  netty.NettyConfigKeys$DataStream (ConfUtils.java:logGet(46)) - raft.netty.dataStream.server.boss-group.size = 0 (default)
2024-01-30 07:48:29,113 [main] INFO  netty.NettyUtils (NettyUtils.java:newEventLoopGroup(69)) - Create EpollEventLoopGroup for 971c1615-1531-4bff-8b79-adf9a27d7f54-NettyServerStreamRpc-bossGroup; Thread size is 0.
2024-01-30 07:48:29,114 [main] INFO  netty.NettyConfigKeys$DataStream (ConfUtils.java:logGet(46)) - raft.netty.dataStream.server.worker-group.size = 0 (default)
2024-01-30 07:48:29,114 [main] INFO  netty.NettyUtils (NettyUtils.java:newEventLoopGroup(69)) - Create EpollEventLoopGroup for 971c1615-1531-4bff-8b79-adf9a27d7f54-NettyServerStreamRpc-workerGroup; Thread size is 0.
2024-01-30 07:48:29,114 [main] INFO  netty.NettyConfigKeys$DataStream (ConfUtils.java:logGet(46)) - raft.netty.dataStream.server.tls.conf = null (default)
2024-01-30 07:48:29,114 [main] INFO  netty.NettyConfigKeys$DataStream (ConfUtils.java:logGet(46)) - raft.netty.dataStream.host = null (default)
2024-01-30 07:48:29,115 [main] INFO  netty.NettyConfigKeys$DataStream (ConfUtils.java:logGet(46)) - raft.netty.dataStream.port = 15130 (custom)
2024-01-30 07:48:29,115 [main] INFO  server.RaftServerConfigKeys (ConfUtils.java:logGet(46)) - raft.server.sleep.deviation.threshold = 300ms (default)
2024-01-30 07:48:29,115 [main] INFO  server.RaftServerConfigKeys (ConfUtils.java:logGet(46)) - raft.server.close.threshold = 60s (default)
2024-01-30 07:48:29,115 [971c1615-1531-4bff-8b79-adf9a27d7f54-NettyServerStreamRpc-bossGroup--thread1] INFO  logging.LoggingHandler (AbstractInternalLogger.java:log(148)) - [id: 0xb679e894] REGISTERED
2024-01-30 07:48:29,115 [main] INFO  server.RaftServerConfigKeys (ConfUtils.java:logGet(46)) - raft.server.leaderelection.leader.step-down.wait-time = 10s (default)
2024-01-30 07:48:29,116 [971c1615-1531-4bff-8b79-adf9a27d7f54-NettyServerStreamRpc-bossGroup--thread1] INFO  logging.LoggingHandler (AbstractInternalLogger.java:log(148)) - [id: 0xb679e894] BIND: 0.0.0.0/0.0.0.0:15130
2024-01-30 07:48:29,116 [main] INFO  server.RaftServerConfigKeys (ConfUtils.java:logGet(46)) - raft.server.storage.dir = [/home/runner/work/ozone/ozone/hadoop-ozone/integration-test/target/test-dir/MiniOzoneClusterImpl-22134a4f-1b78-467c-b266-ccfd401dbc1a/datanode-2/data/ratis] (custom)
2024-01-30 07:48:29,116 [971c1615-1531-4bff-8b79-adf9a27d7f54-NettyServerStreamRpc-bossGroup--thread1] INFO  logging.LoggingHandler (AbstractInternalLogger.java:log(148)) - [id: 0xb679e894, L:/0.0.0.0:15130] ACTIVE
2024-01-30 07:48:29,116 [main] INFO  server.RaftServerConfigKeys (ConfUtils.java:logGet(46)) - raft.server.threadpool.proxy.cached = true (default)
2024-01-30 07:48:29,116 [main] INFO  server.RaftServerConfigKeys (ConfUtils.java:logGet(46)) - raft.server.threadpool.proxy.size = 0 (default)
2024-01-30 07:48:29,116 [971c1615-1531-4bff-8b79-adf9a27d7f54-impl-thread1] INFO  server.RaftServer (RaftServerProxy.java:initGroupDir(264)) - 971c1615-1531-4bff-8b79-adf9a27d7f54: found a subdirectory /home/runner/work/ozone/ozone/hadoop-ozone/integration-test/target/test-dir/MiniOzoneClusterImpl-22134a4f-1b78-467c-b266-ccfd401dbc1a/datanode-2/data/ratis/tmp
2024-01-30 07:48:29,116 [971c1615-1531-4bff-8b79-adf9a27d7f54-impl-thread1] INFO  server.RaftServer (RaftServerProxy.java:initGroupDir(269)) - 971c1615-1531-4bff-8b79-adf9a27d7f54: The directory /home/runner/work/ozone/ozone/hadoop-ozone/integration-test/target/test-dir/MiniOzoneClusterImpl-22134a4f-1b78-467c-b266-ccfd401dbc1a/datanode-2/data/ratis/tmp is not a group directory; ignoring it. 
2024-01-30 07:48:29,117 [main] INFO  replication.ReplicationServer (ReplicationServer.java:<init>(86)) - Initializing replication server with thread count = 10 queue length = 4096
2024-01-30 07:48:29,117 [main] INFO  server.XceiverServerGrpc (XceiverServerGrpc.java:<init>(141)) - GrpcServer channel type EpollServerSocketChannel
2024-01-30 07:48:29,118 [main] INFO  replication.ReplicationSupervisor (ReplicationSupervisor.java:build(163)) - Initializing replication supervisor with thread count = 10
2024-01-30 07:48:29,118 [main] INFO  replication.ReplicationSupervisor (ReplicationSupervisor.java:nodeStateUpdated(317)) - Node state updated to IN_SERVICE, scaling executor pool size to 10
2024-01-30 07:48:29,120 [main] INFO  http.BaseHttpServer (BaseHttpServer.java:newHttpServer2BuilderForOzone(223)) - Starting Web-server for hddsDatanode at: http://0.0.0.0:15124
2024-01-30 07:48:29,120 [main] INFO  http.BaseHttpServer (BaseHttpServer.java:<init>(110)) - Hadoop Security Enabled: false Ozone Security Enabled: false Ozone HTTP Security Enabled: false 
2024-01-30 07:48:29,123 [main] WARN  server.AuthenticationFilter (AuthenticationFilter.java:constructSecretProvider(240)) - Unable to initialize FileSignerSecretProvider, falling back to use random secrets. Reason: Could not read signature secret file: /home/runner/hadoop-http-auth-signature-secret
2024-01-30 07:48:29,123 [main] INFO  http.HttpRequestLog (HttpRequestLog.java:getRequestLog(86)) - Http request log for http.requests.hddsDatanode is not defined
2024-01-30 07:48:29,124 [main] INFO  http.HttpServer2 (HttpServer2.java:addGlobalFilter(1036)) - Added global filter 'safety' (class=org.apache.hadoop.hdds.server.http.HttpServer2$QuotingInputFilter)
2024-01-30 07:48:29,124 [main] INFO  http.HttpServer2 (HttpServer2.java:addFilter(1012)) - Added filter static_user_filter (class=org.apache.hadoop.http.lib.StaticUserWebFilter$StaticUserFilter) to context hddsDatanode
2024-01-30 07:48:29,125 [main] INFO  http.HttpServer2 (HttpServer2.java:addFilter(1020)) - Added filter static_user_filter (class=org.apache.hadoop.http.lib.StaticUserWebFilter$StaticUserFilter) to context static
2024-01-30 07:48:29,125 [main] INFO  http.HttpServer2 (HttpServer2.java:addFilter(1020)) - Added filter static_user_filter (class=org.apache.hadoop.http.lib.StaticUserWebFilter$StaticUserFilter) to context logs
2024-01-30 07:48:29,125 [main] INFO  http.BaseHttpServer (BaseHttpServer.java:<init>(189)) - HTTP server of hddsDatanode uses base directory /home/runner/work/ozone/ozone/hadoop-ozone/integration-test/target/test-dir/MiniOzoneClusterImpl-22134a4f-1b78-467c-b266-ccfd401dbc1a/datanode-2/meta/webserver
2024-01-30 07:48:29,125 [main] INFO  http.HttpServer2 (HttpServer2.java:bindListener(1236)) - Jetty bound to port 15124
2024-01-30 07:48:29,125 [main] INFO  server.Server (Server.java:doStart(375)) - jetty-9.4.53.v20231009; built: 2023-10-09T12:29:09.265Z; git: 27bde00a0b95a1d5bbee0eae7984f891d2d0f8c9; jvm 1.8.0_392-b08
2024-01-30 07:48:29,126 [main] INFO  server.session (DefaultSessionIdManager.java:doStart(334)) - DefaultSessionIdManager workerName=node0
2024-01-30 07:48:29,126 [main] INFO  server.session (DefaultSessionIdManager.java:doStart(339)) - No SessionScavenger set, using defaults
2024-01-30 07:48:29,128 [main] INFO  server.session (HouseKeeper.java:startScavenging(132)) - node0 Scavenging every 600000ms
2024-01-30 07:48:29,129 [main] INFO  handler.ContextHandler (ContextHandler.java:doStart(921)) - Started o.e.j.s.ServletContextHandler@4c298855{logs,/logs,file:///home/runner/work/ozone/ozone/hadoop-ozone/integration-test/target/log,AVAILABLE}
2024-01-30 07:48:29,129 [main] INFO  handler.ContextHandler (ContextHandler.java:doStart(921)) - Started o.e.j.s.ServletContextHandler@6566212d{static,/static,jar:file:/home/runner/.m2/repository/org/apache/ozone/hdds-container-service/1.5.0-SNAPSHOT/hdds-container-service-1.5.0-SNAPSHOT.jar!/webapps/static,AVAILABLE}
2024-01-30 07:48:29,163 [main] INFO  handler.ContextHandler (ContextHandler.java:doStart(921)) - Started o.e.j.w.WebAppContext@16ab05a1{hddsDatanode,/,file:///home/runner/work/ozone/ozone/hadoop-ozone/integration-test/target/test-dir/MiniOzoneClusterImpl-22134a4f-1b78-467c-b266-ccfd401dbc1a/datanode-2/meta/webserver/jetty-0_0_0_0-15124-hdds-container-service-1_5_0-SNAPSHOT_jar-_-any-4401011519786423064/webapp/,AVAILABLE}{jar:file:/home/runner/.m2/repository/org/apache/ozone/hdds-container-service/1.5.0-SNAPSHOT/hdds-container-service-1.5.0-SNAPSHOT.jar!/webapps/hddsDatanode}
2024-01-30 07:48:29,167 [main] INFO  server.AbstractConnector (AbstractConnector.java:doStart(333)) - Started ServerConnector@7f2e33d1{HTTP/1.1, (http/1.1)}{0.0.0.0:15124}
2024-01-30 07:48:29,168 [main] INFO  server.Server (Server.java:doStart(415)) - Started @214935ms
2024-01-30 07:48:29,168 [main] WARN  impl.MetricsSystemImpl (MetricsSystemImpl.java:register(279)) - Sink prometheus already exists!
2024-01-30 07:48:29,168 [main] INFO  http.BaseHttpServer (BaseHttpServer.java:updateConnectorAddress(354)) - HTTP server of hddsDatanode listening at http://0.0.0.0:15124
2024-01-30 07:48:29,168 [main] INFO  ipc.CallQueueManager (CallQueueManager.java:<init>(90)) - Using callQueue: class java.util.concurrent.LinkedBlockingQueue, queueCapacity: 100, scheduler: class org.apache.hadoop.ipc.DefaultRpcScheduler, ipcBackoff: false.
2024-01-30 07:48:29,169 [main] INFO  ipc.Server (Server.java:<init>(1287)) - Listener at 0.0.0.0:15125
2024-01-30 07:48:29,169 [Socket Reader #1 for port 15125] INFO  ipc.Server (Server.java:run(1323)) - Starting Socket Reader #1 for port 15125
2024-01-30 07:48:29,170 [main] INFO  ozone.HddsDatanodeService (HddsDatanodeService.java:start(327)) - Datanode start with admins: [runner]
2024-01-30 07:48:29,171 [main] INFO  ozone.HddsDatanodeClientProtocolServer (HddsDatanodeClientProtocolServer.java:start(72)) - RPC server for Client /0.0.0.0:15125
2024-01-30 07:48:29,171 [IPC Server Responder] INFO  ipc.Server (Server.java:run(1562)) - IPC Server Responder: starting
2024-01-30 07:48:29,171 [IPC Server listener on 15125] INFO  ipc.Server (Server.java:run(1402)) - IPC Server listener on 15125: starting
2024-01-30 07:48:29,172 [971c1615-1531-4bff-8b79-adf9a27d7f54-DatanodeStateMachineDaemonThread] INFO  statemachine.DatanodeStateMachine (DatanodeStateMachine.java:lambda$startDaemon$1(555)) - Ozone container server started.
2024-01-30 07:48:29,172 [main] WARN  dropwizard3.Dm3MetricRegistriesImpl (Dm3MetricRegistriesImpl.java:addReporterRegistration(113)) - New reporters are added after registries were created. Some metrics will be missing from the reporter. Please add reporter before adding any new registry.
2024-01-30 07:48:29,172 [main] WARN  dropwizard3.Dm3MetricRegistriesImpl (Dm3MetricRegistriesImpl.java:addReporterRegistration(113)) - New reporters are added after registries were created. Some metrics will be missing from the reporter. Please add reporter before adding any new registry.
2024-01-30 07:48:29,172 [main] INFO  impl.MetricsSystemImpl (MetricsSystemImpl.java:init(158)) - HddsDatanode metrics system started (again)
2024-01-30 07:48:29,176 [971c1615-1531-4bff-8b79-adf9a27d7f54-DatanodeStateMachineTaskThread-0] INFO  datanode.InitDatanodeState (InitDatanodeState.java:persistContainerDatanodeDetails(139)) - DatanodeDetails is persisted to /home/runner/work/ozone/ozone/hadoop-ozone/integration-test/target/test-dir/MiniOzoneClusterImpl-22134a4f-1b78-467c-b266-ccfd401dbc1a/datanode-2/meta/datanode.id
2024-01-30 07:48:29,181 [main] INFO  ozone.HddsDatanodeService (HddsDatanodeService.java:start(240)) - HddsDatanodeService host:fv-az1436-717.rp122gijlobebpuychzvuh3j3h.bx.internal.cloudapp.net ip:10.1.0.48
2024-01-30 07:48:29,197 [main] INFO  upgrade.AbstractLayoutVersionManager (AbstractLayoutVersionManager.java:init(83)) - Initializing Layout version manager with metadata layout = HADOOP_PRC_PORTS_IN_DATANODEDETAILS (version = 7), software layout = HADOOP_PRC_PORTS_IN_DATANODEDETAILS (version = 7)
2024-01-30 07:48:29,197 [main] INFO  statemachine.DatanodeStateMachine (DatanodeStateMachine.java:getEndPointTaskThreadPoolSize(299)) - Datanode State Machine Task Thread Pool size 2
2024-01-30 07:48:29,199 [main] INFO  volume.HddsVolume (HddsVolume.java:<init>(125)) - Creating HddsVolume: /home/runner/work/ozone/ozone/hadoop-ozone/integration-test/target/test-dir/MiniOzoneClusterImpl-22134a4f-1b78-467c-b266-ccfd401dbc1a/datanode-3/data-0/containers/hdds of storage type : DISK capacity : 9223372036854775807
2024-01-30 07:48:29,199 [main] INFO  volume.MutableVolumeSet (MutableVolumeSet.java:initializeVolumeSet(173)) - Added Volume : /home/runner/work/ozone/ozone/hadoop-ozone/integration-test/target/test-dir/MiniOzoneClusterImpl-22134a4f-1b78-467c-b266-ccfd401dbc1a/datanode-3/data-0/containers/hdds to VolumeSet
2024-01-30 07:48:29,199 [main] INFO  volume.MutableVolumeSet (MutableVolumeSet.java:initializeVolumeSet(173)) - Added Volume : /home/runner/work/ozone/ozone/hadoop-ozone/integration-test/target/test-dir/MiniOzoneClusterImpl-22134a4f-1b78-467c-b266-ccfd401dbc1a/datanode-3/data/ratis to VolumeSet
2024-01-30 07:48:29,201 [main] INFO  ozoneimpl.OzoneContainer (HddsVolumeUtil.java:loadAllHddsVolumeDbStore(103)) - Load 1 volumes DbStore cost: 1ms
2024-01-30 07:48:29,201 [33e454d1-da2d-4d19-a678-883106399134-ContainerReader-0] INFO  ozoneimpl.ContainerReader (ContainerReader.java:readVolume(178)) - Finish verifying containers on volume /home/runner/work/ozone/ozone/hadoop-ozone/integration-test/target/test-dir/MiniOzoneClusterImpl-22134a4f-1b78-467c-b266-ccfd401dbc1a/datanode-3/data-0/containers/hdds
2024-01-30 07:48:29,201 [main] INFO  ozoneimpl.OzoneContainer (OzoneContainer.java:buildContainerSet(328)) - Build ContainerSet costs 0s
2024-01-30 07:48:29,204 [main] INFO  server.RaftServer (ConfUtils.java:logGet(46)) - raft.rpc.type = GRPC (default)
2024-01-30 07:48:29,204 [main] INFO  grpc.GrpcConfigKeys (ConfUtils.java:logFallback(53)) - raft.grpc.admin.host = null (fallback to raft.grpc.server.host)
2024-01-30 07:48:29,204 [main] INFO  grpc.GrpcConfigKeys (ConfUtils.java:logGet(46)) - raft.grpc.admin.port = 15137 (custom)
2024-01-30 07:48:29,204 [main] INFO  grpc.GrpcConfigKeys (ConfUtils.java:logFallback(53)) - raft.grpc.client.host = null (fallback to raft.grpc.server.host)
2024-01-30 07:48:29,204 [main] INFO  grpc.GrpcConfigKeys (ConfUtils.java:logGet(46)) - raft.grpc.client.port = 15136 (custom)
2024-01-30 07:48:29,204 [main] INFO  grpc.GrpcConfigKeys (ConfUtils.java:logGet(46)) - raft.grpc.server.host = null (default)
2024-01-30 07:48:29,204 [main] INFO  grpc.GrpcConfigKeys (ConfUtils.java:logGet(46)) - raft.grpc.server.port = 15138 (custom)
2024-01-30 07:48:29,204 [main] INFO  server.GrpcService (ConfUtils.java:logGet(46)) - raft.grpc.message.size.max = 32MB (=33554432) (custom)
2024-01-30 07:48:29,205 [main] INFO  server.RaftServerConfigKeys (ConfUtils.java:logGet(46)) - raft.server.log.appender.buffer.byte-limit = 8388608 (custom)
2024-01-30 07:48:29,205 [main] INFO  server.GrpcService (ConfUtils.java:logGet(46)) - raft.grpc.flow.control.window = 5MB (=5242880) (custom)
2024-01-30 07:48:29,205 [main] INFO  server.RaftServerConfigKeys (ConfUtils.java:logGet(46)) - raft.server.rpc.request.timeout = 60s (custom)
2024-01-30 07:48:29,205 [main] INFO  grpc.GrpcConfigKeys (ConfUtils.java:logGet(46)) - raft.grpc.server.heartbeat.channel = true (default)
2024-01-30 07:48:29,205 [main] INFO  grpc.GrpcConfigKeys (ConfUtils.java:logGet(46)) - raft.grpc.server.async.request.thread.pool.cached = true (default)
2024-01-30 07:48:29,205 [main] INFO  grpc.GrpcConfigKeys (ConfUtils.java:logGet(46)) - raft.grpc.server.async.request.thread.pool.size = 32 (default)
2024-01-30 07:48:29,207 [main] INFO  impl.DataStreamServerImpl (ConfUtils.java:logGet(46)) - raft.datastream.type = NETTY (custom)
2024-01-30 07:48:29,207 [main] INFO  server.RaftServerConfigKeys (ConfUtils.java:logGet(46)) - raft.server.data-stream.async.request.thread.pool.cached = false (default)
2024-01-30 07:48:29,207 [main] INFO  server.RaftServerConfigKeys (ConfUtils.java:logGet(46)) - raft.server.data-stream.async.request.thread.pool.size = 20 (custom)
2024-01-30 07:48:29,207 [main] INFO  server.RaftServerConfigKeys (ConfUtils.java:logGet(46)) - raft.server.data-stream.async.write.thread.pool.size = 16 (default)
2024-01-30 07:48:29,208 [main] INFO  netty.NettyConfigKeys$DataStream (ConfUtils.java:logGet(46)) - raft.netty.dataStream.server.channel.inactive.grace-period = 10min (default)
2024-01-30 07:48:29,208 [main] INFO  server.RaftServerConfigKeys (ConfUtils.java:logGet(46)) - raft.server.data-stream.client.pool.size = 10 (default)
2024-01-30 07:48:29,208 [main] INFO  netty.NettyConfigKeys$DataStream (ConfUtils.java:logGet(46)) - raft.netty.dataStream.server.use-epoll = true (default)
2024-01-30 07:48:29,208 [main] INFO  netty.NettyConfigKeys$DataStream (ConfUtils.java:logGet(46)) - raft.netty.dataStream.server.boss-group.size = 0 (default)
2024-01-30 07:48:29,208 [main] INFO  netty.NettyUtils (NettyUtils.java:newEventLoopGroup(69)) - Create EpollEventLoopGroup for 33e454d1-da2d-4d19-a678-883106399134-NettyServerStreamRpc-bossGroup; Thread size is 0.
2024-01-30 07:48:29,209 [main] INFO  netty.NettyConfigKeys$DataStream (ConfUtils.java:logGet(46)) - raft.netty.dataStream.server.worker-group.size = 0 (default)
2024-01-30 07:48:29,209 [main] INFO  netty.NettyUtils (NettyUtils.java:newEventLoopGroup(69)) - Create EpollEventLoopGroup for 33e454d1-da2d-4d19-a678-883106399134-NettyServerStreamRpc-workerGroup; Thread size is 0.
2024-01-30 07:48:29,209 [main] INFO  netty.NettyConfigKeys$DataStream (ConfUtils.java:logGet(46)) - raft.netty.dataStream.server.tls.conf = null (default)
2024-01-30 07:48:29,209 [main] INFO  netty.NettyConfigKeys$DataStream (ConfUtils.java:logGet(46)) - raft.netty.dataStream.host = null (default)
2024-01-30 07:48:29,209 [main] INFO  netty.NettyConfigKeys$DataStream (ConfUtils.java:logGet(46)) - raft.netty.dataStream.port = 15139 (custom)
2024-01-30 07:48:29,210 [main] INFO  server.RaftServerConfigKeys (ConfUtils.java:logGet(46)) - raft.server.sleep.deviation.threshold = 300ms (default)
2024-01-30 07:48:29,210 [main] INFO  server.RaftServerConfigKeys (ConfUtils.java:logGet(46)) - raft.server.close.threshold = 60s (default)
2024-01-30 07:48:29,210 [main] INFO  server.RaftServerConfigKeys (ConfUtils.java:logGet(46)) - raft.server.leaderelection.leader.step-down.wait-time = 10s (default)
2024-01-30 07:48:29,211 [main] INFO  server.RaftServerConfigKeys (ConfUtils.java:logGet(46)) - raft.server.storage.dir = [/home/runner/work/ozone/ozone/hadoop-ozone/integration-test/target/test-dir/MiniOzoneClusterImpl-22134a4f-1b78-467c-b266-ccfd401dbc1a/datanode-3/data/ratis] (custom)
2024-01-30 07:48:29,211 [main] INFO  server.RaftServerConfigKeys (ConfUtils.java:logGet(46)) - raft.server.threadpool.proxy.cached = true (default)
2024-01-30 07:48:29,211 [main] INFO  server.RaftServerConfigKeys (ConfUtils.java:logGet(46)) - raft.server.threadpool.proxy.size = 0 (default)
2024-01-30 07:48:29,210 [33e454d1-da2d-4d19-a678-883106399134-NettyServerStreamRpc-bossGroup--thread1] INFO  logging.LoggingHandler (AbstractInternalLogger.java:log(148)) - [id: 0xcad8fba6] REGISTERED
2024-01-30 07:48:29,211 [33e454d1-da2d-4d19-a678-883106399134-NettyServerStreamRpc-bossGroup--thread1] INFO  logging.LoggingHandler (AbstractInternalLogger.java:log(148)) - [id: 0xcad8fba6] BIND: 0.0.0.0/0.0.0.0:15139
2024-01-30 07:48:29,211 [33e454d1-da2d-4d19-a678-883106399134-NettyServerStreamRpc-bossGroup--thread1] INFO  logging.LoggingHandler (AbstractInternalLogger.java:log(148)) - [id: 0xcad8fba6, L:/0.0.0.0:15139] ACTIVE
2024-01-30 07:48:29,212 [33e454d1-da2d-4d19-a678-883106399134-impl-thread1] INFO  server.RaftServer (RaftServerProxy.java:initGroupDir(264)) - 33e454d1-da2d-4d19-a678-883106399134: found a subdirectory /home/runner/work/ozone/ozone/hadoop-ozone/integration-test/target/test-dir/MiniOzoneClusterImpl-22134a4f-1b78-467c-b266-ccfd401dbc1a/datanode-3/data/ratis/tmp
2024-01-30 07:48:29,212 [33e454d1-da2d-4d19-a678-883106399134-impl-thread1] INFO  server.RaftServer (RaftServerProxy.java:initGroupDir(269)) - 33e454d1-da2d-4d19-a678-883106399134: The directory /home/runner/work/ozone/ozone/hadoop-ozone/integration-test/target/test-dir/MiniOzoneClusterImpl-22134a4f-1b78-467c-b266-ccfd401dbc1a/datanode-3/data/ratis/tmp is not a group directory; ignoring it. 
2024-01-30 07:48:29,212 [main] INFO  replication.ReplicationServer (ReplicationServer.java:<init>(86)) - Initializing replication server with thread count = 10 queue length = 4096
2024-01-30 07:48:29,213 [main] INFO  server.XceiverServerGrpc (XceiverServerGrpc.java:<init>(141)) - GrpcServer channel type EpollServerSocketChannel
2024-01-30 07:48:29,215 [main] INFO  replication.ReplicationSupervisor (ReplicationSupervisor.java:build(163)) - Initializing replication supervisor with thread count = 10
2024-01-30 07:48:29,215 [main] INFO  replication.ReplicationSupervisor (ReplicationSupervisor.java:nodeStateUpdated(317)) - Node state updated to IN_SERVICE, scaling executor pool size to 10
2024-01-30 07:48:29,217 [main] INFO  http.BaseHttpServer (BaseHttpServer.java:newHttpServer2BuilderForOzone(223)) - Starting Web-server for hddsDatanode at: http://0.0.0.0:15133
2024-01-30 07:48:29,217 [main] INFO  http.BaseHttpServer (BaseHttpServer.java:<init>(110)) - Hadoop Security Enabled: false Ozone Security Enabled: false Ozone HTTP Security Enabled: false 
2024-01-30 07:48:29,218 [main] WARN  server.AuthenticationFilter (AuthenticationFilter.java:constructSecretProvider(240)) - Unable to initialize FileSignerSecretProvider, falling back to use random secrets. Reason: Could not read signature secret file: /home/runner/hadoop-http-auth-signature-secret
2024-01-30 07:48:29,218 [main] INFO  http.HttpRequestLog (HttpRequestLog.java:getRequestLog(86)) - Http request log for http.requests.hddsDatanode is not defined
2024-01-30 07:48:29,219 [main] INFO  http.HttpServer2 (HttpServer2.java:addGlobalFilter(1036)) - Added global filter 'safety' (class=org.apache.hadoop.hdds.server.http.HttpServer2$QuotingInputFilter)
2024-01-30 07:48:29,219 [main] INFO  http.HttpServer2 (HttpServer2.java:addFilter(1012)) - Added filter static_user_filter (class=org.apache.hadoop.http.lib.StaticUserWebFilter$StaticUserFilter) to context hddsDatanode
2024-01-30 07:48:29,220 [main] INFO  http.HttpServer2 (HttpServer2.java:addFilter(1020)) - Added filter static_user_filter (class=org.apache.hadoop.http.lib.StaticUserWebFilter$StaticUserFilter) to context static
2024-01-30 07:48:29,220 [main] INFO  http.HttpServer2 (HttpServer2.java:addFilter(1020)) - Added filter static_user_filter (class=org.apache.hadoop.http.lib.StaticUserWebFilter$StaticUserFilter) to context logs
2024-01-30 07:48:29,220 [main] INFO  http.BaseHttpServer (BaseHttpServer.java:<init>(189)) - HTTP server of hddsDatanode uses base directory /home/runner/work/ozone/ozone/hadoop-ozone/integration-test/target/test-dir/MiniOzoneClusterImpl-22134a4f-1b78-467c-b266-ccfd401dbc1a/datanode-3/meta/webserver
2024-01-30 07:48:29,221 [main] INFO  http.HttpServer2 (HttpServer2.java:bindListener(1236)) - Jetty bound to port 15133
2024-01-30 07:48:29,221 [main] INFO  server.Server (Server.java:doStart(375)) - jetty-9.4.53.v20231009; built: 2023-10-09T12:29:09.265Z; git: 27bde00a0b95a1d5bbee0eae7984f891d2d0f8c9; jvm 1.8.0_392-b08
2024-01-30 07:48:29,226 [main] INFO  server.session (DefaultSessionIdManager.java:doStart(334)) - DefaultSessionIdManager workerName=node0
2024-01-30 07:48:29,227 [main] INFO  server.session (DefaultSessionIdManager.java:doStart(339)) - No SessionScavenger set, using defaults
2024-01-30 07:48:29,227 [main] INFO  server.session (HouseKeeper.java:startScavenging(132)) - node0 Scavenging every 600000ms
2024-01-30 07:48:29,227 [main] INFO  handler.ContextHandler (ContextHandler.java:doStart(921)) - Started o.e.j.s.ServletContextHandler@1ada2d53{logs,/logs,file:///home/runner/work/ozone/ozone/hadoop-ozone/integration-test/target/log,AVAILABLE}
2024-01-30 07:48:29,228 [main] INFO  handler.ContextHandler (ContextHandler.java:doStart(921)) - Started o.e.j.s.ServletContextHandler@75024403{static,/static,jar:file:/home/runner/.m2/repository/org/apache/ozone/hdds-container-service/1.5.0-SNAPSHOT/hdds-container-service-1.5.0-SNAPSHOT.jar!/webapps/static,AVAILABLE}
2024-01-30 07:48:29,259 [main] INFO  handler.ContextHandler (ContextHandler.java:doStart(921)) - Started o.e.j.w.WebAppContext@5394e749{hddsDatanode,/,file:///home/runner/work/ozone/ozone/hadoop-ozone/integration-test/target/test-dir/MiniOzoneClusterImpl-22134a4f-1b78-467c-b266-ccfd401dbc1a/datanode-3/meta/webserver/jetty-0_0_0_0-15133-hdds-container-service-1_5_0-SNAPSHOT_jar-_-any-2299261693288763247/webapp/,AVAILABLE}{jar:file:/home/runner/.m2/repository/org/apache/ozone/hdds-container-service/1.5.0-SNAPSHOT/hdds-container-service-1.5.0-SNAPSHOT.jar!/webapps/hddsDatanode}
2024-01-30 07:48:29,261 [main] INFO  server.AbstractConnector (AbstractConnector.java:doStart(333)) - Started ServerConnector@17955761{HTTP/1.1, (http/1.1)}{0.0.0.0:15133}
2024-01-30 07:48:29,261 [main] INFO  server.Server (Server.java:doStart(415)) - Started @215029ms
2024-01-30 07:48:29,261 [main] WARN  impl.MetricsSystemImpl (MetricsSystemImpl.java:register(279)) - Sink prometheus already exists!
2024-01-30 07:48:29,262 [main] INFO  http.BaseHttpServer (BaseHttpServer.java:updateConnectorAddress(354)) - HTTP server of hddsDatanode listening at http://0.0.0.0:15133
2024-01-30 07:48:29,262 [main] INFO  ipc.CallQueueManager (CallQueueManager.java:<init>(90)) - Using callQueue: class java.util.concurrent.LinkedBlockingQueue, queueCapacity: 100, scheduler: class org.apache.hadoop.ipc.DefaultRpcScheduler, ipcBackoff: false.
2024-01-30 07:48:29,262 [main] INFO  ipc.Server (Server.java:<init>(1287)) - Listener at 0.0.0.0:15134
2024-01-30 07:48:29,262 [Socket Reader #1 for port 15134] INFO  ipc.Server (Server.java:run(1323)) - Starting Socket Reader #1 for port 15134
2024-01-30 07:48:29,267 [main] INFO  ozone.HddsDatanodeService (HddsDatanodeService.java:start(327)) - Datanode start with admins: [runner]
2024-01-30 07:48:29,267 [main] INFO  ozone.HddsDatanodeClientProtocolServer (HddsDatanodeClientProtocolServer.java:start(72)) - RPC server for Client /0.0.0.0:15134
2024-01-30 07:48:29,268 [IPC Server Responder] INFO  ipc.Server (Server.java:run(1562)) - IPC Server Responder: starting
2024-01-30 07:48:29,268 [IPC Server listener on 15134] INFO  ipc.Server (Server.java:run(1402)) - IPC Server listener on 15134: starting
2024-01-30 07:48:29,271 [33e454d1-da2d-4d19-a678-883106399134-DatanodeStateMachineDaemonThread] INFO  statemachine.DatanodeStateMachine (DatanodeStateMachine.java:lambda$startDaemon$1(555)) - Ozone container server started.
2024-01-30 07:48:29,271 [main] WARN  dropwizard3.Dm3MetricRegistriesImpl (Dm3MetricRegistriesImpl.java:addReporterRegistration(113)) - New reporters are added after registries were created. Some metrics will be missing from the reporter. Please add reporter before adding any new registry.
2024-01-30 07:48:29,272 [main] WARN  dropwizard3.Dm3MetricRegistriesImpl (Dm3MetricRegistriesImpl.java:addReporterRegistration(113)) - New reporters are added after registries were created. Some metrics will be missing from the reporter. Please add reporter before adding any new registry.
2024-01-30 07:48:29,272 [main] INFO  impl.MetricsSystemImpl (MetricsSystemImpl.java:init(158)) - HddsDatanode metrics system started (again)
2024-01-30 07:48:29,276 [33e454d1-da2d-4d19-a678-883106399134-DatanodeStateMachineTaskThread-0] INFO  datanode.InitDatanodeState (InitDatanodeState.java:persistContainerDatanodeDetails(139)) - DatanodeDetails is persisted to /home/runner/work/ozone/ozone/hadoop-ozone/integration-test/target/test-dir/MiniOzoneClusterImpl-22134a4f-1b78-467c-b266-ccfd401dbc1a/datanode-3/meta/datanode.id
2024-01-30 07:48:29,283 [main] INFO  ozone.HddsDatanodeService (HddsDatanodeService.java:start(240)) - HddsDatanodeService host:fv-az1436-717.rp122gijlobebpuychzvuh3j3h.bx.internal.cloudapp.net ip:10.1.0.48
2024-01-30 07:48:29,299 [main] INFO  upgrade.AbstractLayoutVersionManager (AbstractLayoutVersionManager.java:init(83)) - Initializing Layout version manager with metadata layout = HADOOP_PRC_PORTS_IN_DATANODEDETAILS (version = 7), software layout = HADOOP_PRC_PORTS_IN_DATANODEDETAILS (version = 7)
2024-01-30 07:48:29,300 [main] INFO  statemachine.DatanodeStateMachine (DatanodeStateMachine.java:getEndPointTaskThreadPoolSize(299)) - Datanode State Machine Task Thread Pool size 2
2024-01-30 07:48:29,301 [main] INFO  volume.HddsVolume (HddsVolume.java:<init>(125)) - Creating HddsVolume: /home/runner/work/ozone/ozone/hadoop-ozone/integration-test/target/test-dir/MiniOzoneClusterImpl-22134a4f-1b78-467c-b266-ccfd401dbc1a/datanode-4/data-0/containers/hdds of storage type : DISK capacity : 9223372036854775807
2024-01-30 07:48:29,301 [main] INFO  volume.MutableVolumeSet (MutableVolumeSet.java:initializeVolumeSet(173)) - Added Volume : /home/runner/work/ozone/ozone/hadoop-ozone/integration-test/target/test-dir/MiniOzoneClusterImpl-22134a4f-1b78-467c-b266-ccfd401dbc1a/datanode-4/data-0/containers/hdds to VolumeSet
2024-01-30 07:48:29,302 [main] INFO  volume.MutableVolumeSet (MutableVolumeSet.java:initializeVolumeSet(173)) - Added Volume : /home/runner/work/ozone/ozone/hadoop-ozone/integration-test/target/test-dir/MiniOzoneClusterImpl-22134a4f-1b78-467c-b266-ccfd401dbc1a/datanode-4/data/ratis to VolumeSet
2024-01-30 07:48:29,306 [main] INFO  ozoneimpl.OzoneContainer (HddsVolumeUtil.java:loadAllHddsVolumeDbStore(103)) - Load 1 volumes DbStore cost: 4ms
2024-01-30 07:48:29,306 [53433fb8-bbf6-4d1d-a4a4-8c4d503fb949-ContainerReader-0] INFO  ozoneimpl.ContainerReader (ContainerReader.java:readVolume(178)) - Finish verifying containers on volume /home/runner/work/ozone/ozone/hadoop-ozone/integration-test/target/test-dir/MiniOzoneClusterImpl-22134a4f-1b78-467c-b266-ccfd401dbc1a/datanode-4/data-0/containers/hdds
2024-01-30 07:48:29,306 [main] INFO  ozoneimpl.OzoneContainer (OzoneContainer.java:buildContainerSet(328)) - Build ContainerSet costs 0s
2024-01-30 07:48:29,308 [main] INFO  server.RaftServer (ConfUtils.java:logGet(46)) - raft.rpc.type = GRPC (default)
2024-01-30 07:48:29,308 [main] INFO  grpc.GrpcConfigKeys (ConfUtils.java:logFallback(53)) - raft.grpc.admin.host = null (fallback to raft.grpc.server.host)
2024-01-30 07:48:29,308 [main] INFO  grpc.GrpcConfigKeys (ConfUtils.java:logGet(46)) - raft.grpc.admin.port = 15146 (custom)
2024-01-30 07:48:29,308 [main] INFO  grpc.GrpcConfigKeys (ConfUtils.java:logFallback(53)) - raft.grpc.client.host = null (fallback to raft.grpc.server.host)
2024-01-30 07:48:29,309 [main] INFO  grpc.GrpcConfigKeys (ConfUtils.java:logGet(46)) - raft.grpc.client.port = 15145 (custom)
2024-01-30 07:48:29,309 [main] INFO  grpc.GrpcConfigKeys (ConfUtils.java:logGet(46)) - raft.grpc.server.host = null (default)
2024-01-30 07:48:29,309 [main] INFO  grpc.GrpcConfigKeys (ConfUtils.java:logGet(46)) - raft.grpc.server.port = 15147 (custom)
2024-01-30 07:48:29,309 [main] INFO  server.GrpcService (ConfUtils.java:logGet(46)) - raft.grpc.message.size.max = 32MB (=33554432) (custom)
2024-01-30 07:48:29,309 [main] INFO  server.RaftServerConfigKeys (ConfUtils.java:logGet(46)) - raft.server.log.appender.buffer.byte-limit = 8388608 (custom)
2024-01-30 07:48:29,309 [main] INFO  server.GrpcService (ConfUtils.java:logGet(46)) - raft.grpc.flow.control.window = 5MB (=5242880) (custom)
2024-01-30 07:48:29,309 [main] INFO  server.RaftServerConfigKeys (ConfUtils.java:logGet(46)) - raft.server.rpc.request.timeout = 60s (custom)
2024-01-30 07:48:29,309 [main] INFO  grpc.GrpcConfigKeys (ConfUtils.java:logGet(46)) - raft.grpc.server.heartbeat.channel = true (default)
2024-01-30 07:48:29,309 [main] INFO  grpc.GrpcConfigKeys (ConfUtils.java:logGet(46)) - raft.grpc.server.async.request.thread.pool.cached = true (default)
2024-01-30 07:48:29,310 [main] INFO  grpc.GrpcConfigKeys (ConfUtils.java:logGet(46)) - raft.grpc.server.async.request.thread.pool.size = 32 (default)
2024-01-30 07:48:29,311 [main] INFO  impl.DataStreamServerImpl (ConfUtils.java:logGet(46)) - raft.datastream.type = NETTY (custom)
2024-01-30 07:48:29,311 [main] INFO  server.RaftServerConfigKeys (ConfUtils.java:logGet(46)) - raft.server.data-stream.async.request.thread.pool.cached = false (default)
2024-01-30 07:48:29,312 [main] INFO  server.RaftServerConfigKeys (ConfUtils.java:logGet(46)) - raft.server.data-stream.async.request.thread.pool.size = 20 (custom)
2024-01-30 07:48:29,312 [main] INFO  server.RaftServerConfigKeys (ConfUtils.java:logGet(46)) - raft.server.data-stream.async.write.thread.pool.size = 16 (default)
2024-01-30 07:48:29,312 [main] INFO  netty.NettyConfigKeys$DataStream (ConfUtils.java:logGet(46)) - raft.netty.dataStream.server.channel.inactive.grace-period = 10min (default)
2024-01-30 07:48:29,312 [main] INFO  server.RaftServerConfigKeys (ConfUtils.java:logGet(46)) - raft.server.data-stream.client.pool.size = 10 (default)
2024-01-30 07:48:29,312 [main] INFO  netty.NettyConfigKeys$DataStream (ConfUtils.java:logGet(46)) - raft.netty.dataStream.server.use-epoll = true (default)
2024-01-30 07:48:29,312 [main] INFO  netty.NettyConfigKeys$DataStream (ConfUtils.java:logGet(46)) - raft.netty.dataStream.server.boss-group.size = 0 (default)
2024-01-30 07:48:29,312 [main] INFO  netty.NettyUtils (NettyUtils.java:newEventLoopGroup(69)) - Create EpollEventLoopGroup for 53433fb8-bbf6-4d1d-a4a4-8c4d503fb949-NettyServerStreamRpc-bossGroup; Thread size is 0.
2024-01-30 07:48:29,313 [main] INFO  netty.NettyConfigKeys$DataStream (ConfUtils.java:logGet(46)) - raft.netty.dataStream.server.worker-group.size = 0 (default)
2024-01-30 07:48:29,313 [main] INFO  netty.NettyUtils (NettyUtils.java:newEventLoopGroup(69)) - Create EpollEventLoopGroup for 53433fb8-bbf6-4d1d-a4a4-8c4d503fb949-NettyServerStreamRpc-workerGroup; Thread size is 0.
2024-01-30 07:48:29,313 [main] INFO  netty.NettyConfigKeys$DataStream (ConfUtils.java:logGet(46)) - raft.netty.dataStream.server.tls.conf = null (default)
2024-01-30 07:48:29,314 [main] INFO  netty.NettyConfigKeys$DataStream (ConfUtils.java:logGet(46)) - raft.netty.dataStream.host = null (default)
2024-01-30 07:48:29,314 [main] INFO  netty.NettyConfigKeys$DataStream (ConfUtils.java:logGet(46)) - raft.netty.dataStream.port = 15148 (custom)
2024-01-30 07:48:29,314 [main] INFO  server.RaftServerConfigKeys (ConfUtils.java:logGet(46)) - raft.server.sleep.deviation.threshold = 300ms (default)
2024-01-30 07:48:29,315 [main] INFO  server.RaftServerConfigKeys (ConfUtils.java:logGet(46)) - raft.server.close.threshold = 60s (default)
2024-01-30 07:48:29,315 [main] INFO  server.RaftServerConfigKeys (ConfUtils.java:logGet(46)) - raft.server.leaderelection.leader.step-down.wait-time = 10s (default)
2024-01-30 07:48:29,315 [main] INFO  server.RaftServerConfigKeys (ConfUtils.java:logGet(46)) - raft.server.storage.dir = [/home/runner/work/ozone/ozone/hadoop-ozone/integration-test/target/test-dir/MiniOzoneClusterImpl-22134a4f-1b78-467c-b266-ccfd401dbc1a/datanode-4/data/ratis] (custom)
2024-01-30 07:48:29,315 [main] INFO  server.RaftServerConfigKeys (ConfUtils.java:logGet(46)) - raft.server.threadpool.proxy.cached = true (default)
2024-01-30 07:48:29,315 [main] INFO  server.RaftServerConfigKeys (ConfUtils.java:logGet(46)) - raft.server.threadpool.proxy.size = 0 (default)
2024-01-30 07:48:29,314 [53433fb8-bbf6-4d1d-a4a4-8c4d503fb949-NettyServerStreamRpc-bossGroup--thread1] INFO  logging.LoggingHandler (AbstractInternalLogger.java:log(148)) - [id: 0x80f6ab43] REGISTERED
2024-01-30 07:48:29,316 [53433fb8-bbf6-4d1d-a4a4-8c4d503fb949-NettyServerStreamRpc-bossGroup--thread1] INFO  logging.LoggingHandler (AbstractInternalLogger.java:log(148)) - [id: 0x80f6ab43] BIND: 0.0.0.0/0.0.0.0:15148
2024-01-30 07:48:29,316 [53433fb8-bbf6-4d1d-a4a4-8c4d503fb949-NettyServerStreamRpc-bossGroup--thread1] INFO  logging.LoggingHandler (AbstractInternalLogger.java:log(148)) - [id: 0x80f6ab43, L:/0.0.0.0:15148] ACTIVE
2024-01-30 07:48:29,316 [53433fb8-bbf6-4d1d-a4a4-8c4d503fb949-impl-thread1] INFO  server.RaftServer (RaftServerProxy.java:initGroupDir(264)) - 53433fb8-bbf6-4d1d-a4a4-8c4d503fb949: found a subdirectory /home/runner/work/ozone/ozone/hadoop-ozone/integration-test/target/test-dir/MiniOzoneClusterImpl-22134a4f-1b78-467c-b266-ccfd401dbc1a/datanode-4/data/ratis/tmp
2024-01-30 07:48:29,316 [53433fb8-bbf6-4d1d-a4a4-8c4d503fb949-impl-thread1] INFO  server.RaftServer (RaftServerProxy.java:initGroupDir(269)) - 53433fb8-bbf6-4d1d-a4a4-8c4d503fb949: The directory /home/runner/work/ozone/ozone/hadoop-ozone/integration-test/target/test-dir/MiniOzoneClusterImpl-22134a4f-1b78-467c-b266-ccfd401dbc1a/datanode-4/data/ratis/tmp is not a group directory; ignoring it. 
2024-01-30 07:48:29,316 [main] INFO  replication.ReplicationServer (ReplicationServer.java:<init>(86)) - Initializing replication server with thread count = 10 queue length = 4096
2024-01-30 07:48:29,317 [main] INFO  server.XceiverServerGrpc (XceiverServerGrpc.java:<init>(141)) - GrpcServer channel type EpollServerSocketChannel
2024-01-30 07:48:29,319 [main] INFO  replication.ReplicationSupervisor (ReplicationSupervisor.java:build(163)) - Initializing replication supervisor with thread count = 10
2024-01-30 07:48:29,319 [main] INFO  replication.ReplicationSupervisor (ReplicationSupervisor.java:nodeStateUpdated(317)) - Node state updated to IN_SERVICE, scaling executor pool size to 10
2024-01-30 07:48:29,321 [main] INFO  http.BaseHttpServer (BaseHttpServer.java:newHttpServer2BuilderForOzone(223)) - Starting Web-server for hddsDatanode at: http://0.0.0.0:15142
2024-01-30 07:48:29,321 [main] INFO  http.BaseHttpServer (BaseHttpServer.java:<init>(110)) - Hadoop Security Enabled: false Ozone Security Enabled: false Ozone HTTP Security Enabled: false 
2024-01-30 07:48:29,322 [main] WARN  server.AuthenticationFilter (AuthenticationFilter.java:constructSecretProvider(240)) - Unable to initialize FileSignerSecretProvider, falling back to use random secrets. Reason: Could not read signature secret file: /home/runner/hadoop-http-auth-signature-secret
2024-01-30 07:48:29,323 [main] INFO  http.HttpRequestLog (HttpRequestLog.java:getRequestLog(86)) - Http request log for http.requests.hddsDatanode is not defined
2024-01-30 07:48:29,324 [main] INFO  http.HttpServer2 (HttpServer2.java:addGlobalFilter(1036)) - Added global filter 'safety' (class=org.apache.hadoop.hdds.server.http.HttpServer2$QuotingInputFilter)
2024-01-30 07:48:29,325 [main] INFO  http.HttpServer2 (HttpServer2.java:addFilter(1012)) - Added filter static_user_filter (class=org.apache.hadoop.http.lib.StaticUserWebFilter$StaticUserFilter) to context hddsDatanode
2024-01-30 07:48:29,325 [main] INFO  http.HttpServer2 (HttpServer2.java:addFilter(1020)) - Added filter static_user_filter (class=org.apache.hadoop.http.lib.StaticUserWebFilter$StaticUserFilter) to context static
2024-01-30 07:48:29,325 [main] INFO  http.HttpServer2 (HttpServer2.java:addFilter(1020)) - Added filter static_user_filter (class=org.apache.hadoop.http.lib.StaticUserWebFilter$StaticUserFilter) to context logs
2024-01-30 07:48:29,326 [main] INFO  http.BaseHttpServer (BaseHttpServer.java:<init>(189)) - HTTP server of hddsDatanode uses base directory /home/runner/work/ozone/ozone/hadoop-ozone/integration-test/target/test-dir/MiniOzoneClusterImpl-22134a4f-1b78-467c-b266-ccfd401dbc1a/datanode-4/meta/webserver
2024-01-30 07:48:29,326 [main] INFO  http.HttpServer2 (HttpServer2.java:bindListener(1236)) - Jetty bound to port 15142
2024-01-30 07:48:29,326 [main] INFO  server.Server (Server.java:doStart(375)) - jetty-9.4.53.v20231009; built: 2023-10-09T12:29:09.265Z; git: 27bde00a0b95a1d5bbee0eae7984f891d2d0f8c9; jvm 1.8.0_392-b08
2024-01-30 07:48:29,331 [main] INFO  server.session (DefaultSessionIdManager.java:doStart(334)) - DefaultSessionIdManager workerName=node0
2024-01-30 07:48:29,331 [main] INFO  server.session (DefaultSessionIdManager.java:doStart(339)) - No SessionScavenger set, using defaults
2024-01-30 07:48:29,331 [main] INFO  server.session (HouseKeeper.java:startScavenging(132)) - node0 Scavenging every 600000ms
2024-01-30 07:48:29,332 [main] INFO  handler.ContextHandler (ContextHandler.java:doStart(921)) - Started o.e.j.s.ServletContextHandler@6e613ceb{logs,/logs,file:///home/runner/work/ozone/ozone/hadoop-ozone/integration-test/target/log,AVAILABLE}
2024-01-30 07:48:29,332 [main] INFO  handler.ContextHandler (ContextHandler.java:doStart(921)) - Started o.e.j.s.ServletContextHandler@6d51e2d{static,/static,jar:file:/home/runner/.m2/repository/org/apache/ozone/hdds-container-service/1.5.0-SNAPSHOT/hdds-container-service-1.5.0-SNAPSHOT.jar!/webapps/static,AVAILABLE}
2024-01-30 07:48:29,370 [main] INFO  handler.ContextHandler (ContextHandler.java:doStart(921)) - Started o.e.j.w.WebAppContext@3cd45cb8{hddsDatanode,/,file:///home/runner/work/ozone/ozone/hadoop-ozone/integration-test/target/test-dir/MiniOzoneClusterImpl-22134a4f-1b78-467c-b266-ccfd401dbc1a/datanode-4/meta/webserver/jetty-0_0_0_0-15142-hdds-container-service-1_5_0-SNAPSHOT_jar-_-any-6228893865848456160/webapp/,AVAILABLE}{jar:file:/home/runner/.m2/repository/org/apache/ozone/hdds-container-service/1.5.0-SNAPSHOT/hdds-container-service-1.5.0-SNAPSHOT.jar!/webapps/hddsDatanode}
2024-01-30 07:48:29,372 [main] INFO  server.AbstractConnector (AbstractConnector.java:doStart(333)) - Started ServerConnector@2dd00266{HTTP/1.1, (http/1.1)}{0.0.0.0:15142}
2024-01-30 07:48:29,372 [main] INFO  server.Server (Server.java:doStart(415)) - Started @215140ms
2024-01-30 07:48:29,373 [main] WARN  impl.MetricsSystemImpl (MetricsSystemImpl.java:register(279)) - Sink prometheus already exists!
2024-01-30 07:48:29,373 [main] INFO  http.BaseHttpServer (BaseHttpServer.java:updateConnectorAddress(354)) - HTTP server of hddsDatanode listening at http://0.0.0.0:15142
2024-01-30 07:48:29,373 [main] INFO  ipc.CallQueueManager (CallQueueManager.java:<init>(90)) - Using callQueue: class java.util.concurrent.LinkedBlockingQueue, queueCapacity: 100, scheduler: class org.apache.hadoop.ipc.DefaultRpcScheduler, ipcBackoff: false.
2024-01-30 07:48:29,374 [main] INFO  ipc.Server (Server.java:<init>(1287)) - Listener at 0.0.0.0:15143
2024-01-30 07:48:29,374 [Socket Reader #1 for port 15143] INFO  ipc.Server (Server.java:run(1323)) - Starting Socket Reader #1 for port 15143
2024-01-30 07:48:29,376 [main] INFO  ozone.HddsDatanodeService (HddsDatanodeService.java:start(327)) - Datanode start with admins: [runner]
2024-01-30 07:48:29,376 [main] INFO  ozone.HddsDatanodeClientProtocolServer (HddsDatanodeClientProtocolServer.java:start(72)) - RPC server for Client /0.0.0.0:15143
2024-01-30 07:48:29,377 [IPC Server Responder] INFO  ipc.Server (Server.java:run(1562)) - IPC Server Responder: starting
2024-01-30 07:48:29,377 [IPC Server listener on 15143] INFO  ipc.Server (Server.java:run(1402)) - IPC Server listener on 15143: starting
2024-01-30 07:48:29,378 [53433fb8-bbf6-4d1d-a4a4-8c4d503fb949-DatanodeStateMachineDaemonThread] INFO  statemachine.DatanodeStateMachine (DatanodeStateMachine.java:lambda$startDaemon$1(555)) - Ozone container server started.
2024-01-30 07:48:29,379 [main] WARN  dropwizard3.Dm3MetricRegistriesImpl (Dm3MetricRegistriesImpl.java:addReporterRegistration(113)) - New reporters are added after registries were created. Some metrics will be missing from the reporter. Please add reporter before adding any new registry.
2024-01-30 07:48:29,380 [main] WARN  dropwizard3.Dm3MetricRegistriesImpl (Dm3MetricRegistriesImpl.java:addReporterRegistration(113)) - New reporters are added after registries were created. Some metrics will be missing from the reporter. Please add reporter before adding any new registry.
2024-01-30 07:48:29,380 [main] INFO  impl.MetricsSystemImpl (MetricsSystemImpl.java:init(158)) - HddsDatanode metrics system started (again)
2024-01-30 07:48:29,382 [53433fb8-bbf6-4d1d-a4a4-8c4d503fb949-DatanodeStateMachineTaskThread-0] INFO  datanode.InitDatanodeState (InitDatanodeState.java:persistContainerDatanodeDetails(139)) - DatanodeDetails is persisted to /home/runner/work/ozone/ozone/hadoop-ozone/integration-test/target/test-dir/MiniOzoneClusterImpl-22134a4f-1b78-467c-b266-ccfd401dbc1a/datanode-4/meta/datanode.id
2024-01-30 07:48:29,389 [main] INFO  ozone.HddsDatanodeService (HddsDatanodeService.java:start(240)) - HddsDatanodeService host:fv-az1436-717.rp122gijlobebpuychzvuh3j3h.bx.internal.cloudapp.net ip:10.1.0.48
2024-01-30 07:48:29,405 [main] INFO  upgrade.AbstractLayoutVersionManager (AbstractLayoutVersionManager.java:init(83)) - Initializing Layout version manager with metadata layout = HADOOP_PRC_PORTS_IN_DATANODEDETAILS (version = 7), software layout = HADOOP_PRC_PORTS_IN_DATANODEDETAILS (version = 7)
2024-01-30 07:48:29,405 [main] INFO  statemachine.DatanodeStateMachine (DatanodeStateMachine.java:getEndPointTaskThreadPoolSize(299)) - Datanode State Machine Task Thread Pool size 2
2024-01-30 07:48:29,406 [main] INFO  volume.HddsVolume (HddsVolume.java:<init>(125)) - Creating HddsVolume: /home/runner/work/ozone/ozone/hadoop-ozone/integration-test/target/test-dir/MiniOzoneClusterImpl-22134a4f-1b78-467c-b266-ccfd401dbc1a/datanode-5/data-0/containers/hdds of storage type : DISK capacity : 9223372036854775807
2024-01-30 07:48:29,406 [main] INFO  volume.MutableVolumeSet (MutableVolumeSet.java:initializeVolumeSet(173)) - Added Volume : /home/runner/work/ozone/ozone/hadoop-ozone/integration-test/target/test-dir/MiniOzoneClusterImpl-22134a4f-1b78-467c-b266-ccfd401dbc1a/datanode-5/data-0/containers/hdds to VolumeSet
2024-01-30 07:48:29,407 [main] INFO  volume.MutableVolumeSet (MutableVolumeSet.java:initializeVolumeSet(173)) - Added Volume : /home/runner/work/ozone/ozone/hadoop-ozone/integration-test/target/test-dir/MiniOzoneClusterImpl-22134a4f-1b78-467c-b266-ccfd401dbc1a/datanode-5/data/ratis to VolumeSet
2024-01-30 07:48:29,407 [main] INFO  ozoneimpl.OzoneContainer (HddsVolumeUtil.java:loadAllHddsVolumeDbStore(103)) - Load 1 volumes DbStore cost: 0ms
2024-01-30 07:48:29,408 [42bb30bf-6dde-4b10-b68e-ce189e81f0fd-ContainerReader-0] INFO  ozoneimpl.ContainerReader (ContainerReader.java:readVolume(178)) - Finish verifying containers on volume /home/runner/work/ozone/ozone/hadoop-ozone/integration-test/target/test-dir/MiniOzoneClusterImpl-22134a4f-1b78-467c-b266-ccfd401dbc1a/datanode-5/data-0/containers/hdds
2024-01-30 07:48:29,408 [main] INFO  ozoneimpl.OzoneContainer (OzoneContainer.java:buildContainerSet(328)) - Build ContainerSet costs 0s
2024-01-30 07:48:29,410 [main] INFO  server.RaftServer (ConfUtils.java:logGet(46)) - raft.rpc.type = GRPC (default)
2024-01-30 07:48:29,410 [main] INFO  grpc.GrpcConfigKeys (ConfUtils.java:logFallback(53)) - raft.grpc.admin.host = null (fallback to raft.grpc.server.host)
2024-01-30 07:48:29,410 [main] INFO  grpc.GrpcConfigKeys (ConfUtils.java:logGet(46)) - raft.grpc.admin.port = 15155 (custom)
2024-01-30 07:48:29,411 [main] INFO  grpc.GrpcConfigKeys (ConfUtils.java:logFallback(53)) - raft.grpc.client.host = null (fallback to raft.grpc.server.host)
2024-01-30 07:48:29,411 [main] INFO  grpc.GrpcConfigKeys (ConfUtils.java:logGet(46)) - raft.grpc.client.port = 15154 (custom)
2024-01-30 07:48:29,411 [main] INFO  grpc.GrpcConfigKeys (ConfUtils.java:logGet(46)) - raft.grpc.server.host = null (default)
2024-01-30 07:48:29,411 [main] INFO  grpc.GrpcConfigKeys (ConfUtils.java:logGet(46)) - raft.grpc.server.port = 15156 (custom)
2024-01-30 07:48:29,411 [main] INFO  server.GrpcService (ConfUtils.java:logGet(46)) - raft.grpc.message.size.max = 32MB (=33554432) (custom)
2024-01-30 07:48:29,412 [main] INFO  server.RaftServerConfigKeys (ConfUtils.java:logGet(46)) - raft.server.log.appender.buffer.byte-limit = 8388608 (custom)
2024-01-30 07:48:29,412 [main] INFO  server.GrpcService (ConfUtils.java:logGet(46)) - raft.grpc.flow.control.window = 5MB (=5242880) (custom)
2024-01-30 07:48:29,412 [main] INFO  server.RaftServerConfigKeys (ConfUtils.java:logGet(46)) - raft.server.rpc.request.timeout = 60s (custom)
2024-01-30 07:48:29,412 [main] INFO  grpc.GrpcConfigKeys (ConfUtils.java:logGet(46)) - raft.grpc.server.heartbeat.channel = true (default)
2024-01-30 07:48:29,412 [main] INFO  grpc.GrpcConfigKeys (ConfUtils.java:logGet(46)) - raft.grpc.server.async.request.thread.pool.cached = true (default)
2024-01-30 07:48:29,412 [main] INFO  grpc.GrpcConfigKeys (ConfUtils.java:logGet(46)) - raft.grpc.server.async.request.thread.pool.size = 32 (default)
2024-01-30 07:48:29,414 [main] INFO  impl.DataStreamServerImpl (ConfUtils.java:logGet(46)) - raft.datastream.type = NETTY (custom)
2024-01-30 07:48:29,414 [main] INFO  server.RaftServerConfigKeys (ConfUtils.java:logGet(46)) - raft.server.data-stream.async.request.thread.pool.cached = false (default)
2024-01-30 07:48:29,414 [main] INFO  server.RaftServerConfigKeys (ConfUtils.java:logGet(46)) - raft.server.data-stream.async.request.thread.pool.size = 20 (custom)
2024-01-30 07:48:29,414 [main] INFO  server.RaftServerConfigKeys (ConfUtils.java:logGet(46)) - raft.server.data-stream.async.write.thread.pool.size = 16 (default)
2024-01-30 07:48:29,415 [main] INFO  netty.NettyConfigKeys$DataStream (ConfUtils.java:logGet(46)) - raft.netty.dataStream.server.channel.inactive.grace-period = 10min (default)
2024-01-30 07:48:29,415 [main] INFO  server.RaftServerConfigKeys (ConfUtils.java:logGet(46)) - raft.server.data-stream.client.pool.size = 10 (default)
2024-01-30 07:48:29,415 [main] INFO  netty.NettyConfigKeys$DataStream (ConfUtils.java:logGet(46)) - raft.netty.dataStream.server.use-epoll = true (default)
2024-01-30 07:48:29,415 [main] INFO  netty.NettyConfigKeys$DataStream (ConfUtils.java:logGet(46)) - raft.netty.dataStream.server.boss-group.size = 0 (default)
2024-01-30 07:48:29,415 [main] INFO  netty.NettyUtils (NettyUtils.java:newEventLoopGroup(69)) - Create EpollEventLoopGroup for 42bb30bf-6dde-4b10-b68e-ce189e81f0fd-NettyServerStreamRpc-bossGroup; Thread size is 0.
2024-01-30 07:48:29,415 [main] INFO  netty.NettyConfigKeys$DataStream (ConfUtils.java:logGet(46)) - raft.netty.dataStream.server.worker-group.size = 0 (default)
2024-01-30 07:48:29,415 [main] INFO  netty.NettyUtils (NettyUtils.java:newEventLoopGroup(69)) - Create EpollEventLoopGroup for 42bb30bf-6dde-4b10-b68e-ce189e81f0fd-NettyServerStreamRpc-workerGroup; Thread size is 0.
2024-01-30 07:48:29,416 [main] INFO  netty.NettyConfigKeys$DataStream (ConfUtils.java:logGet(46)) - raft.netty.dataStream.server.tls.conf = null (default)
2024-01-30 07:48:29,416 [main] INFO  netty.NettyConfigKeys$DataStream (ConfUtils.java:logGet(46)) - raft.netty.dataStream.host = null (default)
2024-01-30 07:48:29,416 [main] INFO  netty.NettyConfigKeys$DataStream (ConfUtils.java:logGet(46)) - raft.netty.dataStream.port = 15157 (custom)
2024-01-30 07:48:29,416 [main] INFO  server.RaftServerConfigKeys (ConfUtils.java:logGet(46)) - raft.server.sleep.deviation.threshold = 300ms (default)
2024-01-30 07:48:29,416 [main] INFO  server.RaftServerConfigKeys (ConfUtils.java:logGet(46)) - raft.server.close.threshold = 60s (default)
2024-01-30 07:48:29,416 [42bb30bf-6dde-4b10-b68e-ce189e81f0fd-NettyServerStreamRpc-bossGroup--thread1] INFO  logging.LoggingHandler (AbstractInternalLogger.java:log(148)) - [id: 0x632f1255] REGISTERED
2024-01-30 07:48:29,417 [main] INFO  server.RaftServerConfigKeys (ConfUtils.java:logGet(46)) - raft.server.leaderelection.leader.step-down.wait-time = 10s (default)
2024-01-30 07:48:29,417 [42bb30bf-6dde-4b10-b68e-ce189e81f0fd-NettyServerStreamRpc-bossGroup--thread1] INFO  logging.LoggingHandler (AbstractInternalLogger.java:log(148)) - [id: 0x632f1255] BIND: 0.0.0.0/0.0.0.0:15157
2024-01-30 07:48:29,417 [main] INFO  server.RaftServerConfigKeys (ConfUtils.java:logGet(46)) - raft.server.storage.dir = [/home/runner/work/ozone/ozone/hadoop-ozone/integration-test/target/test-dir/MiniOzoneClusterImpl-22134a4f-1b78-467c-b266-ccfd401dbc1a/datanode-5/data/ratis] (custom)
2024-01-30 07:48:29,417 [42bb30bf-6dde-4b10-b68e-ce189e81f0fd-NettyServerStreamRpc-bossGroup--thread1] INFO  logging.LoggingHandler (AbstractInternalLogger.java:log(148)) - [id: 0x632f1255, L:/0.0.0.0:15157] ACTIVE
2024-01-30 07:48:29,417 [main] INFO  server.RaftServerConfigKeys (ConfUtils.java:logGet(46)) - raft.server.threadpool.proxy.cached = true (default)
2024-01-30 07:48:29,417 [main] INFO  server.RaftServerConfigKeys (ConfUtils.java:logGet(46)) - raft.server.threadpool.proxy.size = 0 (default)
2024-01-30 07:48:29,417 [42bb30bf-6dde-4b10-b68e-ce189e81f0fd-impl-thread1] INFO  server.RaftServer (RaftServerProxy.java:initGroupDir(264)) - 42bb30bf-6dde-4b10-b68e-ce189e81f0fd: found a subdirectory /home/runner/work/ozone/ozone/hadoop-ozone/integration-test/target/test-dir/MiniOzoneClusterImpl-22134a4f-1b78-467c-b266-ccfd401dbc1a/datanode-5/data/ratis/tmp
2024-01-30 07:48:29,418 [42bb30bf-6dde-4b10-b68e-ce189e81f0fd-impl-thread1] INFO  server.RaftServer (RaftServerProxy.java:initGroupDir(269)) - 42bb30bf-6dde-4b10-b68e-ce189e81f0fd: The directory /home/runner/work/ozone/ozone/hadoop-ozone/integration-test/target/test-dir/MiniOzoneClusterImpl-22134a4f-1b78-467c-b266-ccfd401dbc1a/datanode-5/data/ratis/tmp is not a group directory; ignoring it. 
2024-01-30 07:48:29,418 [main] INFO  replication.ReplicationServer (ReplicationServer.java:<init>(86)) - Initializing replication server with thread count = 10 queue length = 4096
2024-01-30 07:48:29,418 [main] INFO  server.XceiverServerGrpc (XceiverServerGrpc.java:<init>(141)) - GrpcServer channel type EpollServerSocketChannel
2024-01-30 07:48:29,419 [main] INFO  replication.ReplicationSupervisor (ReplicationSupervisor.java:build(163)) - Initializing replication supervisor with thread count = 10
2024-01-30 07:48:29,419 [main] INFO  replication.ReplicationSupervisor (ReplicationSupervisor.java:nodeStateUpdated(317)) - Node state updated to IN_SERVICE, scaling executor pool size to 10
2024-01-30 07:48:29,421 [main] INFO  http.BaseHttpServer (BaseHttpServer.java:newHttpServer2BuilderForOzone(223)) - Starting Web-server for hddsDatanode at: http://0.0.0.0:15151
2024-01-30 07:48:29,421 [main] INFO  http.BaseHttpServer (BaseHttpServer.java:<init>(110)) - Hadoop Security Enabled: false Ozone Security Enabled: false Ozone HTTP Security Enabled: false 
2024-01-30 07:48:29,422 [main] WARN  server.AuthenticationFilter (AuthenticationFilter.java:constructSecretProvider(240)) - Unable to initialize FileSignerSecretProvider, falling back to use random secrets. Reason: Could not read signature secret file: /home/runner/hadoop-http-auth-signature-secret
2024-01-30 07:48:29,422 [main] INFO  http.HttpRequestLog (HttpRequestLog.java:getRequestLog(86)) - Http request log for http.requests.hddsDatanode is not defined
2024-01-30 07:48:29,423 [main] INFO  http.HttpServer2 (HttpServer2.java:addGlobalFilter(1036)) - Added global filter 'safety' (class=org.apache.hadoop.hdds.server.http.HttpServer2$QuotingInputFilter)
2024-01-30 07:48:29,424 [main] INFO  http.HttpServer2 (HttpServer2.java:addFilter(1012)) - Added filter static_user_filter (class=org.apache.hadoop.http.lib.StaticUserWebFilter$StaticUserFilter) to context hddsDatanode
2024-01-30 07:48:29,424 [main] INFO  http.HttpServer2 (HttpServer2.java:addFilter(1020)) - Added filter static_user_filter (class=org.apache.hadoop.http.lib.StaticUserWebFilter$StaticUserFilter) to context static
2024-01-30 07:48:29,424 [main] INFO  http.HttpServer2 (HttpServer2.java:addFilter(1020)) - Added filter static_user_filter (class=org.apache.hadoop.http.lib.StaticUserWebFilter$StaticUserFilter) to context logs
2024-01-30 07:48:29,424 [main] INFO  http.BaseHttpServer (BaseHttpServer.java:<init>(189)) - HTTP server of hddsDatanode uses base directory /home/runner/work/ozone/ozone/hadoop-ozone/integration-test/target/test-dir/MiniOzoneClusterImpl-22134a4f-1b78-467c-b266-ccfd401dbc1a/datanode-5/meta/webserver
2024-01-30 07:48:29,425 [main] INFO  http.HttpServer2 (HttpServer2.java:bindListener(1236)) - Jetty bound to port 15151
2024-01-30 07:48:29,425 [main] INFO  server.Server (Server.java:doStart(375)) - jetty-9.4.53.v20231009; built: 2023-10-09T12:29:09.265Z; git: 27bde00a0b95a1d5bbee0eae7984f891d2d0f8c9; jvm 1.8.0_392-b08
2024-01-30 07:48:29,426 [main] INFO  server.session (DefaultSessionIdManager.java:doStart(334)) - DefaultSessionIdManager workerName=node0
2024-01-30 07:48:29,426 [main] INFO  server.session (DefaultSessionIdManager.java:doStart(339)) - No SessionScavenger set, using defaults
2024-01-30 07:48:29,426 [main] INFO  server.session (HouseKeeper.java:startScavenging(132)) - node0 Scavenging every 660000ms
2024-01-30 07:48:29,427 [main] INFO  handler.ContextHandler (ContextHandler.java:doStart(921)) - Started o.e.j.s.ServletContextHandler@57f8c3a{logs,/logs,file:///home/runner/work/ozone/ozone/hadoop-ozone/integration-test/target/log,AVAILABLE}
2024-01-30 07:48:29,427 [main] INFO  handler.ContextHandler (ContextHandler.java:doStart(921)) - Started o.e.j.s.ServletContextHandler@7925da37{static,/static,jar:file:/home/runner/.m2/repository/org/apache/ozone/hdds-container-service/1.5.0-SNAPSHOT/hdds-container-service-1.5.0-SNAPSHOT.jar!/webapps/static,AVAILABLE}
2024-01-30 07:48:29,459 [main] INFO  handler.ContextHandler (ContextHandler.java:doStart(921)) - Started o.e.j.w.WebAppContext@72ecd5ce{hddsDatanode,/,file:///home/runner/work/ozone/ozone/hadoop-ozone/integration-test/target/test-dir/MiniOzoneClusterImpl-22134a4f-1b78-467c-b266-ccfd401dbc1a/datanode-5/meta/webserver/jetty-0_0_0_0-15151-hdds-container-service-1_5_0-SNAPSHOT_jar-_-any-7866950225363294477/webapp/,AVAILABLE}{jar:file:/home/runner/.m2/repository/org/apache/ozone/hdds-container-service/1.5.0-SNAPSHOT/hdds-container-service-1.5.0-SNAPSHOT.jar!/webapps/hddsDatanode}
2024-01-30 07:48:29,460 [main] INFO  server.AbstractConnector (AbstractConnector.java:doStart(333)) - Started ServerConnector@66077611{HTTP/1.1, (http/1.1)}{0.0.0.0:15151}
2024-01-30 07:48:29,460 [main] INFO  server.Server (Server.java:doStart(415)) - Started @215228ms
2024-01-30 07:48:29,461 [main] WARN  impl.MetricsSystemImpl (MetricsSystemImpl.java:register(279)) - Sink prometheus already exists!
2024-01-30 07:48:29,461 [main] INFO  http.BaseHttpServer (BaseHttpServer.java:updateConnectorAddress(354)) - HTTP server of hddsDatanode listening at http://0.0.0.0:15151
2024-01-30 07:48:29,461 [main] INFO  ipc.CallQueueManager (CallQueueManager.java:<init>(90)) - Using callQueue: class java.util.concurrent.LinkedBlockingQueue, queueCapacity: 100, scheduler: class org.apache.hadoop.ipc.DefaultRpcScheduler, ipcBackoff: false.
2024-01-30 07:48:29,461 [main] INFO  ipc.Server (Server.java:<init>(1287)) - Listener at 0.0.0.0:15152
2024-01-30 07:48:29,462 [Socket Reader #1 for port 15152] INFO  ipc.Server (Server.java:run(1323)) - Starting Socket Reader #1 for port 15152
2024-01-30 07:48:29,463 [main] INFO  ozone.HddsDatanodeService (HddsDatanodeService.java:start(327)) - Datanode start with admins: [runner]
2024-01-30 07:48:29,463 [main] INFO  ozone.HddsDatanodeClientProtocolServer (HddsDatanodeClientProtocolServer.java:start(72)) - RPC server for Client /0.0.0.0:15152
2024-01-30 07:48:29,463 [IPC Server Responder] INFO  ipc.Server (Server.java:run(1562)) - IPC Server Responder: starting
2024-01-30 07:48:29,463 [IPC Server listener on 15152] INFO  ipc.Server (Server.java:run(1402)) - IPC Server listener on 15152: starting
2024-01-30 07:48:29,464 [42bb30bf-6dde-4b10-b68e-ce189e81f0fd-DatanodeStateMachineDaemonThread] INFO  statemachine.DatanodeStateMachine (DatanodeStateMachine.java:lambda$startDaemon$1(555)) - Ozone container server started.
2024-01-30 07:48:29,465 [main] INFO  ozone.MiniOzoneClusterImpl (MiniOzoneClusterImpl.java:lambda$waitForClusterToBeReady$0(229)) - Waiting for nodes to be ready. Got 0 of 6 DN Heartbeats.
2024-01-30 07:48:29,466 [main] INFO  ozone.MiniOzoneClusterImpl (MiniOzoneClusterImpl.java:lambda$waitForClusterToBeReady$0(232)) - Waiting for cluster to exit safe mode
2024-01-30 07:48:29,466 [main] INFO  ozone.MiniOzoneClusterImpl (MiniOzoneClusterImpl.java:lambda$waitForClusterToBeReady$0(234)) - SCM became leader
2024-01-30 07:48:29,468 [42bb30bf-6dde-4b10-b68e-ce189e81f0fd-DatanodeStateMachineTaskThread-0] INFO  datanode.InitDatanodeState (InitDatanodeState.java:persistContainerDatanodeDetails(139)) - DatanodeDetails is persisted to /home/runner/work/ozone/ozone/hadoop-ozone/integration-test/target/test-dir/MiniOzoneClusterImpl-22134a4f-1b78-467c-b266-ccfd401dbc1a/datanode-5/meta/datanode.id
2024-01-30 07:48:29,834 [om1@group-C5BA1605619E-FollowerState] INFO  impl.FollowerState (FollowerState.java:run(143)) - om1@group-C5BA1605619E-FollowerState: change to CANDIDATE, lastRpcElapsedTime:1040466509ns, electionTimeout:1040ms
2024-01-30 07:48:29,835 [om1@group-C5BA1605619E-FollowerState] INFO  impl.RoleInfo (RoleInfo.java:shutdownFollowerState(110)) - om1: shutdown om1@group-C5BA1605619E-FollowerState
2024-01-30 07:48:29,835 [om1@group-C5BA1605619E-FollowerState] INFO  server.RaftServer$Division (RaftServerImpl.java:setRole(383)) - om1@group-C5BA1605619E: changes role from  FOLLOWER to CANDIDATE at term 0 for changeToCandidate
2024-01-30 07:48:29,835 [om1@group-C5BA1605619E-FollowerState] INFO  server.RaftServerConfigKeys (ConfUtils.java:logGet(46)) - raft.server.leaderelection.pre-vote = true (default)
2024-01-30 07:48:29,835 [om1@group-C5BA1605619E-FollowerState] INFO  impl.RoleInfo (RoleInfo.java:updateAndGet(139)) - om1: start om1@group-C5BA1605619E-LeaderElection23
2024-01-30 07:48:29,836 [om1@group-C5BA1605619E-LeaderElection23] INFO  impl.LeaderElection (LeaderElection.java:askForVotes(321)) - om1@group-C5BA1605619E-LeaderElection23 PRE_VOTE round 0: submit vote requests at term 0 for -1: peers:[om1|localhost:15104]|listeners:[], old=null
2024-01-30 07:48:29,836 [om1@group-C5BA1605619E-LeaderElection23] INFO  impl.LeaderElection (LeaderElection.java:askForVotes(323)) - om1@group-C5BA1605619E-LeaderElection23 PRE_VOTE round 0: result PASSED (term=0)
2024-01-30 07:48:29,837 [om1@group-C5BA1605619E-LeaderElection23] INFO  impl.LeaderElection (LeaderElection.java:askForVotes(321)) - om1@group-C5BA1605619E-LeaderElection23 ELECTION round 0: submit vote requests at term 1 for -1: peers:[om1|localhost:15104]|listeners:[], old=null
2024-01-30 07:48:29,837 [om1@group-C5BA1605619E-LeaderElection23] INFO  impl.LeaderElection (LeaderElection.java:askForVotes(323)) - om1@group-C5BA1605619E-LeaderElection23 ELECTION round 0: result PASSED (term=1)
2024-01-30 07:48:29,837 [om1@group-C5BA1605619E-LeaderElection23] INFO  impl.RoleInfo (RoleInfo.java:shutdownLeaderElection(130)) - om1: shutdown om1@group-C5BA1605619E-LeaderElection23
2024-01-30 07:48:29,837 [om1@group-C5BA1605619E-LeaderElection23] INFO  server.RaftServer$Division (RaftServerImpl.java:setRole(383)) - om1@group-C5BA1605619E: changes role from CANDIDATE to LEADER at term 1 for changeToLeader
2024-01-30 07:48:29,837 [om1@group-C5BA1605619E-LeaderElection23] INFO  server.RaftServerConfigKeys (ConfUtils.java:logGet(46)) - raft.server.staging.catchup.gap = 1000 (default)
2024-01-30 07:48:29,838 [om1@group-C5BA1605619E-LeaderElection23] INFO  server.RaftServerConfigKeys (ConfUtils.java:logGet(46)) - raft.server.write.element-limit = 4096 (default)
2024-01-30 07:48:29,838 [om1@group-C5BA1605619E-LeaderElection23] INFO  server.RaftServerConfigKeys (ConfUtils.java:logGet(46)) - raft.server.write.byte-limit = 64MB (=67108864) (default)
2024-01-30 07:48:29,838 [om1@group-C5BA1605619E-LeaderElection23] INFO  server.RaftServerConfigKeys (ConfUtils.java:logGet(46)) - raft.server.watch.timeout = 10s (default)
2024-01-30 07:48:29,838 [om1@group-C5BA1605619E-LeaderElection23] INFO  server.RaftServerConfigKeys (ConfUtils.java:logGet(46)) - raft.server.watch.timeout.denomination = 1s (default)
2024-01-30 07:48:29,838 [om1@group-C5BA1605619E-LeaderElection23] INFO  server.RaftServerConfigKeys (ConfUtils.java:logGet(46)) - raft.server.watch.element-limit = 65536 (default)
2024-01-30 07:48:29,838 [om1@group-C5BA1605619E-LeaderElection23] INFO  server.RaftServerConfigKeys (ConfUtils.java:logGet(46)) - raft.server.read.leader.lease.enabled = false (default)
2024-01-30 07:48:29,838 [om1@group-C5BA1605619E-LeaderElection23] INFO  server.RaftServerConfigKeys (ConfUtils.java:logGet(46)) - raft.server.read.leader.lease.timeout.ratio = 0.9 (default)
2024-01-30 07:48:29,838 [om1@group-C5BA1605619E-LeaderElection23] INFO  server.RaftServerConfigKeys (ConfUtils.java:logGet(46)) - raft.server.rpc.timeout.min = 1s (custom)
2024-01-30 07:48:29,838 [om1@group-C5BA1605619E-LeaderElection23] INFO  server.RaftServerConfigKeys (ConfUtils.java:logGet(46)) - raft.server.write.element-limit = 4096 (default)
2024-01-30 07:48:29,839 [om1@group-C5BA1605619E-LeaderElection23] INFO  server.RaftServerConfigKeys (ConfUtils.java:logGet(46)) - raft.server.write.follower.gap.ratio.max = -1.0 (default)
2024-01-30 07:48:29,839 [om1@group-C5BA1605619E-LeaderElection23] INFO  impl.RoleInfo (RoleInfo.java:updateAndGet(139)) - om1: start om1@group-C5BA1605619E-LeaderStateImpl
2024-01-30 07:48:29,839 [om1@group-C5BA1605619E-LeaderElection23] INFO  server.RaftServer$Division (RaftServerImpl.java:setFirstElection(574)) - om1@group-C5BA1605619E: set firstElectionSinceStartup to false for becomeLeader
2024-01-30 07:48:29,839 [om1@group-C5BA1605619E-LeaderElection23] INFO  server.RaftServer$Division (ServerState.java:setLeader(269)) - om1@group-C5BA1605619E: change Leader from null to om1 at term 1 for becomeLeader, leader elected after 1253ms
2024-01-30 07:48:29,839 [om1@group-C5BA1605619E-LeaderElection23] INFO  segmented.SegmentedRaftLogWorker (SegmentedRaftLogWorker.java:startLogSegment(430)) - om1@group-C5BA1605619E-SegmentedRaftLogWorker: Starting segment from index:0
2024-01-30 07:48:29,839 [om1@group-C5BA1605619E-SegmentedRaftLogWorker] INFO  segmented.BufferedWriteChannel (BufferedWriteChannel.java:open(62)) - open log_inprogress_0 at position 0
2024-01-30 07:48:29,843 [om1@group-C5BA1605619E-LeaderElection23] INFO  server.RaftServer$Division (ServerState.java:setRaftConf(386)) - om1@group-C5BA1605619E: set configuration 0: peers:[om1|localhost:15104]|listeners:[], old=null
2024-01-30 07:48:29,846 [om1@group-C5BA1605619E-SegmentedRaftLogWorker] INFO  segmented.SegmentedRaftLogWorker (SegmentedRaftLogWorker.java:execute(634)) - om1@group-C5BA1605619E-SegmentedRaftLogWorker: created new log segment /home/runner/work/ozone/ozone/hadoop-ozone/integration-test/target/test-dir/MiniOzoneClusterImpl-22134a4f-1b78-467c-b266-ccfd401dbc1a/ozone-meta/ratis/bf265839-605b-3f16-9796-c5ba1605619e/current/log_inprogress_0
2024-01-30 07:48:29,847 [om1@group-C5BA1605619E-StateMachineUpdater] INFO  ratis.OzoneManagerStateMachine (OzoneManagerStateMachine.java:notifyConfigurationChanged(200)) - Received Configuration change notification from Ratis. New Peer list:
[id: "om1"
address: "localhost:15104"
startupRole: FOLLOWER
]
2024-01-30 07:48:29,847 [om1@group-C5BA1605619E-StateMachineUpdater] INFO  server.RaftServer$Division (LeaderStateImpl.java:isApplied(320)) - leader is ready since appliedIndex == 0 >= startIndex == 0
2024-01-30 07:48:30,466 [main] INFO  ozone.MiniOzoneClusterImpl (MiniOzoneClusterImpl.java:lambda$waitForClusterToBeReady$0(229)) - Waiting for nodes to be ready. Got 0 of 6 DN Heartbeats.
2024-01-30 07:48:30,466 [main] INFO  ozone.MiniOzoneClusterImpl (MiniOzoneClusterImpl.java:lambda$waitForClusterToBeReady$0(232)) - Waiting for cluster to exit safe mode
2024-01-30 07:48:30,466 [main] INFO  ozone.MiniOzoneClusterImpl (MiniOzoneClusterImpl.java:lambda$waitForClusterToBeReady$0(234)) - SCM became leader
2024-01-30 07:48:31,006 [2a934876-6cad-418e-9d99-0b91c92fbe5b-EndpointStateMachineTaskThread-/0.0.0.0:15099-0 ] INFO  utils.DatanodeStoreCache (DatanodeStoreCache.java:addDB(72)) - Added db /home/runner/work/ozone/ozone/hadoop-ozone/integration-test/target/test-dir/MiniOzoneClusterImpl-22134a4f-1b78-467c-b266-ccfd401dbc1a/datanode-0/data-0/containers/hdds/22134a4f-1b78-467c-b266-ccfd401dbc1a/DS-7fb701d6-c8b3-4c51-8f83-1c2186fc7f74/container.db to cache
2024-01-30 07:48:31,006 [2a934876-6cad-418e-9d99-0b91c92fbe5b-EndpointStateMachineTaskThread-/0.0.0.0:15099-0 ] INFO  volume.HddsVolume (HddsVolume.java:createDbStore(420)) - SchemaV3 db is created and loaded at /home/runner/work/ozone/ozone/hadoop-ozone/integration-test/target/test-dir/MiniOzoneClusterImpl-22134a4f-1b78-467c-b266-ccfd401dbc1a/datanode-0/data-0/containers/hdds/22134a4f-1b78-467c-b266-ccfd401dbc1a/DS-7fb701d6-c8b3-4c51-8f83-1c2186fc7f74/container.db for volume DS-7fb701d6-c8b3-4c51-8f83-1c2186fc7f74
2024-01-30 07:48:31,007 [2a934876-6cad-418e-9d99-0b91c92fbe5b-EndpointStateMachineTaskThread-/0.0.0.0:15099-0 ] INFO  volume.ThrottledAsyncChecker (ThrottledAsyncChecker.java:schedule(141)) - Scheduling a check for /home/runner/work/ozone/ozone/hadoop-ozone/integration-test/target/test-dir/MiniOzoneClusterImpl-22134a4f-1b78-467c-b266-ccfd401dbc1a/datanode-0/data-0/containers/hdds
2024-01-30 07:48:31,008 [2a934876-6cad-418e-9d99-0b91c92fbe5b-EndpointStateMachineTaskThread-/0.0.0.0:15099-0 ] INFO  volume.StorageVolumeChecker (StorageVolumeChecker.java:checkAllVolumes(218)) - Scheduled health check for volume /home/runner/work/ozone/ozone/hadoop-ozone/integration-test/target/test-dir/MiniOzoneClusterImpl-22134a4f-1b78-467c-b266-ccfd401dbc1a/datanode-0/data-0/containers/hdds
2024-01-30 07:48:31,009 [2a934876-6cad-418e-9d99-0b91c92fbe5b-EndpointStateMachineTaskThread-/0.0.0.0:15099-0 ] INFO  volume.ThrottledAsyncChecker (ThrottledAsyncChecker.java:schedule(141)) - Scheduling a check for /home/runner/work/ozone/ozone/hadoop-ozone/integration-test/target/test-dir/MiniOzoneClusterImpl-22134a4f-1b78-467c-b266-ccfd401dbc1a/datanode-0/data/ratis
2024-01-30 07:48:31,009 [2a934876-6cad-418e-9d99-0b91c92fbe5b-EndpointStateMachineTaskThread-/0.0.0.0:15099-0 ] INFO  volume.StorageVolumeChecker (StorageVolumeChecker.java:checkAllVolumes(218)) - Scheduled health check for volume /home/runner/work/ozone/ozone/hadoop-ozone/integration-test/target/test-dir/MiniOzoneClusterImpl-22134a4f-1b78-467c-b266-ccfd401dbc1a/datanode-0/data/ratis
2024-01-30 07:48:31,010 [2a934876-6cad-418e-9d99-0b91c92fbe5b-EndpointStateMachineTaskThread-/0.0.0.0:15099-0 ] INFO  ozoneimpl.OzoneContainer (OzoneContainer.java:start(457)) - Attempting to start container services.
2024-01-30 07:48:31,010 [2a934876-6cad-418e-9d99-0b91c92fbe5b-EndpointStateMachineTaskThread-/0.0.0.0:15099-0 ] INFO  ozoneimpl.OzoneContainer (OzoneContainer.java:startContainerScrub(339)) - Scheduled background container scanners and the on-demand container scanner have been disabled.
2024-01-30 07:48:31,010 [2a934876-6cad-418e-9d99-0b91c92fbe5b-EndpointStateMachineTaskThread-/0.0.0.0:15099-0 ] INFO  replication.ReplicationServer (ReplicationServer.java:start(140)) - ReplicationServer is started using port 15113
2024-01-30 07:48:31,010 [2a934876-6cad-418e-9d99-0b91c92fbe5b-EndpointStateMachineTaskThread-/0.0.0.0:15099-0 ] INFO  ratis.XceiverServerRatis (XceiverServerRatis.java:start(566)) - Starting XceiverServerRatis 2a934876-6cad-418e-9d99-0b91c92fbe5b
2024-01-30 07:48:31,011 [2a934876-6cad-418e-9d99-0b91c92fbe5b-EndpointStateMachineTaskThread-/0.0.0.0:15099-0 ] INFO  server.RaftServer (RaftServerProxy.java:startImpl(406)) - 2a934876-6cad-418e-9d99-0b91c92fbe5b: start RPC server
2024-01-30 07:48:31,011 [2a934876-6cad-418e-9d99-0b91c92fbe5b-EndpointStateMachineTaskThread-/0.0.0.0:15099-0 ] INFO  server.GrpcService (GrpcService.java:startImpl(302)) - 2a934876-6cad-418e-9d99-0b91c92fbe5b: GrpcService started, listening on 15109
2024-01-30 07:48:31,011 [2a934876-6cad-418e-9d99-0b91c92fbe5b-EndpointStateMachineTaskThread-/0.0.0.0:15099-0 ] INFO  server.GrpcService (GrpcService.java:startImpl(302)) - 2a934876-6cad-418e-9d99-0b91c92fbe5b: GrpcService started, listening on 15111
2024-01-30 07:48:31,011 [2a934876-6cad-418e-9d99-0b91c92fbe5b-EndpointStateMachineTaskThread-/0.0.0.0:15099-0 ] INFO  server.GrpcService (GrpcService.java:startImpl(302)) - 2a934876-6cad-418e-9d99-0b91c92fbe5b: GrpcService started, listening on 15110
2024-01-30 07:48:31,011 [2a934876-6cad-418e-9d99-0b91c92fbe5b-EndpointStateMachineTaskThread-/0.0.0.0:15099-0 ] INFO  ratis.XceiverServerRatis (XceiverServerRatis.java:getRealPort(592)) - XceiverServerRatis 2a934876-6cad-418e-9d99-0b91c92fbe5b is started using port 15109 for RATIS
2024-01-30 07:48:31,012 [JvmPauseMonitor15] INFO  util.JvmPauseMonitor (JvmPauseMonitor.java:run(146)) - JvmPauseMonitor-2a934876-6cad-418e-9d99-0b91c92fbe5b: Started
2024-01-30 07:48:31,012 [2a934876-6cad-418e-9d99-0b91c92fbe5b-EndpointStateMachineTaskThread-/0.0.0.0:15099-0 ] INFO  ratis.XceiverServerRatis (XceiverServerRatis.java:getRealPort(592)) - XceiverServerRatis 2a934876-6cad-418e-9d99-0b91c92fbe5b is started using port 15110 for RATIS_ADMIN
2024-01-30 07:48:31,012 [2a934876-6cad-418e-9d99-0b91c92fbe5b-EndpointStateMachineTaskThread-/0.0.0.0:15099-0 ] INFO  ratis.XceiverServerRatis (XceiverServerRatis.java:getRealPort(592)) - XceiverServerRatis 2a934876-6cad-418e-9d99-0b91c92fbe5b is started using port 15111 for RATIS_SERVER
2024-01-30 07:48:31,012 [2a934876-6cad-418e-9d99-0b91c92fbe5b-EndpointStateMachineTaskThread-/0.0.0.0:15099-0 ] INFO  ratis.XceiverServerRatis (XceiverServerRatis.java:getRealPort(592)) - XceiverServerRatis 2a934876-6cad-418e-9d99-0b91c92fbe5b is started using port 15112 for RATIS_DATASTREAM
2024-01-30 07:48:31,012 [2a934876-6cad-418e-9d99-0b91c92fbe5b-BlockDeletingService#0] INFO  interfaces.ContainerDeletionChoosingPolicyTemplate (ContainerDeletionChoosingPolicyTemplate.java:chooseContainerForBlockDeletion(85)) - Chosen 0/5000 blocks from 0 candidate containers.
2024-01-30 07:48:31,102 [84e2f200-b83f-4514-9762-a3bf8832ea50-EndpointStateMachineTaskThread-/0.0.0.0:15099-0 ] INFO  utils.DatanodeStoreCache (DatanodeStoreCache.java:addDB(72)) - Added db /home/runner/work/ozone/ozone/hadoop-ozone/integration-test/target/test-dir/MiniOzoneClusterImpl-22134a4f-1b78-467c-b266-ccfd401dbc1a/datanode-1/data-0/containers/hdds/22134a4f-1b78-467c-b266-ccfd401dbc1a/DS-b29f98f2-d5e1-413d-94db-2d864bde7c63/container.db to cache
2024-01-30 07:48:31,102 [84e2f200-b83f-4514-9762-a3bf8832ea50-EndpointStateMachineTaskThread-/0.0.0.0:15099-0 ] INFO  volume.HddsVolume (HddsVolume.java:createDbStore(420)) - SchemaV3 db is created and loaded at /home/runner/work/ozone/ozone/hadoop-ozone/integration-test/target/test-dir/MiniOzoneClusterImpl-22134a4f-1b78-467c-b266-ccfd401dbc1a/datanode-1/data-0/containers/hdds/22134a4f-1b78-467c-b266-ccfd401dbc1a/DS-b29f98f2-d5e1-413d-94db-2d864bde7c63/container.db for volume DS-b29f98f2-d5e1-413d-94db-2d864bde7c63
2024-01-30 07:48:31,103 [84e2f200-b83f-4514-9762-a3bf8832ea50-EndpointStateMachineTaskThread-/0.0.0.0:15099-0 ] INFO  volume.ThrottledAsyncChecker (ThrottledAsyncChecker.java:schedule(141)) - Scheduling a check for /home/runner/work/ozone/ozone/hadoop-ozone/integration-test/target/test-dir/MiniOzoneClusterImpl-22134a4f-1b78-467c-b266-ccfd401dbc1a/datanode-1/data-0/containers/hdds
2024-01-30 07:48:31,103 [84e2f200-b83f-4514-9762-a3bf8832ea50-EndpointStateMachineTaskThread-/0.0.0.0:15099-0 ] INFO  volume.StorageVolumeChecker (StorageVolumeChecker.java:checkAllVolumes(218)) - Scheduled health check for volume /home/runner/work/ozone/ozone/hadoop-ozone/integration-test/target/test-dir/MiniOzoneClusterImpl-22134a4f-1b78-467c-b266-ccfd401dbc1a/datanode-1/data-0/containers/hdds
2024-01-30 07:48:31,105 [84e2f200-b83f-4514-9762-a3bf8832ea50-EndpointStateMachineTaskThread-/0.0.0.0:15099-0 ] INFO  volume.ThrottledAsyncChecker (ThrottledAsyncChecker.java:schedule(141)) - Scheduling a check for /home/runner/work/ozone/ozone/hadoop-ozone/integration-test/target/test-dir/MiniOzoneClusterImpl-22134a4f-1b78-467c-b266-ccfd401dbc1a/datanode-1/data/ratis
2024-01-30 07:48:31,105 [84e2f200-b83f-4514-9762-a3bf8832ea50-EndpointStateMachineTaskThread-/0.0.0.0:15099-0 ] INFO  volume.StorageVolumeChecker (StorageVolumeChecker.java:checkAllVolumes(218)) - Scheduled health check for volume /home/runner/work/ozone/ozone/hadoop-ozone/integration-test/target/test-dir/MiniOzoneClusterImpl-22134a4f-1b78-467c-b266-ccfd401dbc1a/datanode-1/data/ratis
2024-01-30 07:48:31,105 [84e2f200-b83f-4514-9762-a3bf8832ea50-EndpointStateMachineTaskThread-/0.0.0.0:15099-0 ] INFO  ozoneimpl.OzoneContainer (OzoneContainer.java:start(457)) - Attempting to start container services.
2024-01-30 07:48:31,105 [84e2f200-b83f-4514-9762-a3bf8832ea50-EndpointStateMachineTaskThread-/0.0.0.0:15099-0 ] INFO  ozoneimpl.OzoneContainer (OzoneContainer.java:startContainerScrub(339)) - Scheduled background container scanners and the on-demand container scanner have been disabled.
2024-01-30 07:48:31,106 [84e2f200-b83f-4514-9762-a3bf8832ea50-EndpointStateMachineTaskThread-/0.0.0.0:15099-0 ] INFO  replication.ReplicationServer (ReplicationServer.java:start(140)) - ReplicationServer is started using port 15122
2024-01-30 07:48:31,106 [84e2f200-b83f-4514-9762-a3bf8832ea50-EndpointStateMachineTaskThread-/0.0.0.0:15099-0 ] INFO  ratis.XceiverServerRatis (XceiverServerRatis.java:start(566)) - Starting XceiverServerRatis 84e2f200-b83f-4514-9762-a3bf8832ea50
2024-01-30 07:48:31,106 [84e2f200-b83f-4514-9762-a3bf8832ea50-EndpointStateMachineTaskThread-/0.0.0.0:15099-0 ] INFO  server.RaftServer (RaftServerProxy.java:startImpl(406)) - 84e2f200-b83f-4514-9762-a3bf8832ea50: start RPC server
2024-01-30 07:48:31,106 [84e2f200-b83f-4514-9762-a3bf8832ea50-EndpointStateMachineTaskThread-/0.0.0.0:15099-0 ] INFO  server.GrpcService (GrpcService.java:startImpl(302)) - 84e2f200-b83f-4514-9762-a3bf8832ea50: GrpcService started, listening on 15118
2024-01-30 07:48:31,107 [84e2f200-b83f-4514-9762-a3bf8832ea50-EndpointStateMachineTaskThread-/0.0.0.0:15099-0 ] INFO  server.GrpcService (GrpcService.java:startImpl(302)) - 84e2f200-b83f-4514-9762-a3bf8832ea50: GrpcService started, listening on 15120
2024-01-30 07:48:31,107 [84e2f200-b83f-4514-9762-a3bf8832ea50-EndpointStateMachineTaskThread-/0.0.0.0:15099-0 ] INFO  server.GrpcService (GrpcService.java:startImpl(302)) - 84e2f200-b83f-4514-9762-a3bf8832ea50: GrpcService started, listening on 15119
2024-01-30 07:48:31,107 [84e2f200-b83f-4514-9762-a3bf8832ea50-EndpointStateMachineTaskThread-/0.0.0.0:15099-0 ] INFO  ratis.XceiverServerRatis (XceiverServerRatis.java:getRealPort(592)) - XceiverServerRatis 84e2f200-b83f-4514-9762-a3bf8832ea50 is started using port 15118 for RATIS
2024-01-30 07:48:31,107 [JvmPauseMonitor16] INFO  util.JvmPauseMonitor (JvmPauseMonitor.java:run(146)) - JvmPauseMonitor-84e2f200-b83f-4514-9762-a3bf8832ea50: Started
2024-01-30 07:48:31,107 [84e2f200-b83f-4514-9762-a3bf8832ea50-EndpointStateMachineTaskThread-/0.0.0.0:15099-0 ] INFO  ratis.XceiverServerRatis (XceiverServerRatis.java:getRealPort(592)) - XceiverServerRatis 84e2f200-b83f-4514-9762-a3bf8832ea50 is started using port 15119 for RATIS_ADMIN
2024-01-30 07:48:31,107 [84e2f200-b83f-4514-9762-a3bf8832ea50-EndpointStateMachineTaskThread-/0.0.0.0:15099-0 ] INFO  ratis.XceiverServerRatis (XceiverServerRatis.java:getRealPort(592)) - XceiverServerRatis 84e2f200-b83f-4514-9762-a3bf8832ea50 is started using port 15120 for RATIS_SERVER
2024-01-30 07:48:31,107 [84e2f200-b83f-4514-9762-a3bf8832ea50-EndpointStateMachineTaskThread-/0.0.0.0:15099-0 ] INFO  ratis.XceiverServerRatis (XceiverServerRatis.java:getRealPort(592)) - XceiverServerRatis 84e2f200-b83f-4514-9762-a3bf8832ea50 is started using port 15121 for RATIS_DATASTREAM
2024-01-30 07:48:31,108 [84e2f200-b83f-4514-9762-a3bf8832ea50-BlockDeletingService#0] INFO  interfaces.ContainerDeletionChoosingPolicyTemplate (ContainerDeletionChoosingPolicyTemplate.java:chooseContainerForBlockDeletion(85)) - Chosen 0/5000 blocks from 0 candidate containers.
2024-01-30 07:48:31,198 [971c1615-1531-4bff-8b79-adf9a27d7f54-EndpointStateMachineTaskThread-/0.0.0.0:15099-0 ] INFO  utils.DatanodeStoreCache (DatanodeStoreCache.java:addDB(72)) - Added db /home/runner/work/ozone/ozone/hadoop-ozone/integration-test/target/test-dir/MiniOzoneClusterImpl-22134a4f-1b78-467c-b266-ccfd401dbc1a/datanode-2/data-0/containers/hdds/22134a4f-1b78-467c-b266-ccfd401dbc1a/DS-a7b40ece-0d52-4b0f-a648-3d0a5ca1cff8/container.db to cache
2024-01-30 07:48:31,198 [971c1615-1531-4bff-8b79-adf9a27d7f54-EndpointStateMachineTaskThread-/0.0.0.0:15099-0 ] INFO  volume.HddsVolume (HddsVolume.java:createDbStore(420)) - SchemaV3 db is created and loaded at /home/runner/work/ozone/ozone/hadoop-ozone/integration-test/target/test-dir/MiniOzoneClusterImpl-22134a4f-1b78-467c-b266-ccfd401dbc1a/datanode-2/data-0/containers/hdds/22134a4f-1b78-467c-b266-ccfd401dbc1a/DS-a7b40ece-0d52-4b0f-a648-3d0a5ca1cff8/container.db for volume DS-a7b40ece-0d52-4b0f-a648-3d0a5ca1cff8
2024-01-30 07:48:31,200 [971c1615-1531-4bff-8b79-adf9a27d7f54-EndpointStateMachineTaskThread-/0.0.0.0:15099-0 ] INFO  volume.ThrottledAsyncChecker (ThrottledAsyncChecker.java:schedule(141)) - Scheduling a check for /home/runner/work/ozone/ozone/hadoop-ozone/integration-test/target/test-dir/MiniOzoneClusterImpl-22134a4f-1b78-467c-b266-ccfd401dbc1a/datanode-2/data-0/containers/hdds
2024-01-30 07:48:31,200 [971c1615-1531-4bff-8b79-adf9a27d7f54-EndpointStateMachineTaskThread-/0.0.0.0:15099-0 ] INFO  volume.StorageVolumeChecker (StorageVolumeChecker.java:checkAllVolumes(218)) - Scheduled health check for volume /home/runner/work/ozone/ozone/hadoop-ozone/integration-test/target/test-dir/MiniOzoneClusterImpl-22134a4f-1b78-467c-b266-ccfd401dbc1a/datanode-2/data-0/containers/hdds
2024-01-30 07:48:31,202 [971c1615-1531-4bff-8b79-adf9a27d7f54-EndpointStateMachineTaskThread-/0.0.0.0:15099-0 ] INFO  volume.ThrottledAsyncChecker (ThrottledAsyncChecker.java:schedule(141)) - Scheduling a check for /home/runner/work/ozone/ozone/hadoop-ozone/integration-test/target/test-dir/MiniOzoneClusterImpl-22134a4f-1b78-467c-b266-ccfd401dbc1a/datanode-2/data/ratis
2024-01-30 07:48:31,202 [971c1615-1531-4bff-8b79-adf9a27d7f54-EndpointStateMachineTaskThread-/0.0.0.0:15099-0 ] INFO  volume.StorageVolumeChecker (StorageVolumeChecker.java:checkAllVolumes(218)) - Scheduled health check for volume /home/runner/work/ozone/ozone/hadoop-ozone/integration-test/target/test-dir/MiniOzoneClusterImpl-22134a4f-1b78-467c-b266-ccfd401dbc1a/datanode-2/data/ratis
2024-01-30 07:48:31,202 [971c1615-1531-4bff-8b79-adf9a27d7f54-EndpointStateMachineTaskThread-/0.0.0.0:15099-0 ] INFO  ozoneimpl.OzoneContainer (OzoneContainer.java:start(457)) - Attempting to start container services.
2024-01-30 07:48:31,202 [971c1615-1531-4bff-8b79-adf9a27d7f54-EndpointStateMachineTaskThread-/0.0.0.0:15099-0 ] INFO  ozoneimpl.OzoneContainer (OzoneContainer.java:startContainerScrub(339)) - Scheduled background container scanners and the on-demand container scanner have been disabled.
2024-01-30 07:48:31,203 [971c1615-1531-4bff-8b79-adf9a27d7f54-EndpointStateMachineTaskThread-/0.0.0.0:15099-0 ] INFO  replication.ReplicationServer (ReplicationServer.java:start(140)) - ReplicationServer is started using port 15131
2024-01-30 07:48:31,203 [971c1615-1531-4bff-8b79-adf9a27d7f54-EndpointStateMachineTaskThread-/0.0.0.0:15099-0 ] INFO  ratis.XceiverServerRatis (XceiverServerRatis.java:start(566)) - Starting XceiverServerRatis 971c1615-1531-4bff-8b79-adf9a27d7f54
2024-01-30 07:48:31,203 [971c1615-1531-4bff-8b79-adf9a27d7f54-EndpointStateMachineTaskThread-/0.0.0.0:15099-0 ] INFO  server.RaftServer (RaftServerProxy.java:startImpl(406)) - 971c1615-1531-4bff-8b79-adf9a27d7f54: start RPC server
2024-01-30 07:48:31,203 [971c1615-1531-4bff-8b79-adf9a27d7f54-EndpointStateMachineTaskThread-/0.0.0.0:15099-0 ] INFO  server.GrpcService (GrpcService.java:startImpl(302)) - 971c1615-1531-4bff-8b79-adf9a27d7f54: GrpcService started, listening on 15127
2024-01-30 07:48:31,204 [971c1615-1531-4bff-8b79-adf9a27d7f54-EndpointStateMachineTaskThread-/0.0.0.0:15099-0 ] INFO  server.GrpcService (GrpcService.java:startImpl(302)) - 971c1615-1531-4bff-8b79-adf9a27d7f54: GrpcService started, listening on 15129
2024-01-30 07:48:31,204 [971c1615-1531-4bff-8b79-adf9a27d7f54-EndpointStateMachineTaskThread-/0.0.0.0:15099-0 ] INFO  server.GrpcService (GrpcService.java:startImpl(302)) - 971c1615-1531-4bff-8b79-adf9a27d7f54: GrpcService started, listening on 15128
2024-01-30 07:48:31,204 [971c1615-1531-4bff-8b79-adf9a27d7f54-EndpointStateMachineTaskThread-/0.0.0.0:15099-0 ] INFO  ratis.XceiverServerRatis (XceiverServerRatis.java:getRealPort(592)) - XceiverServerRatis 971c1615-1531-4bff-8b79-adf9a27d7f54 is started using port 15127 for RATIS
2024-01-30 07:48:31,204 [JvmPauseMonitor17] INFO  util.JvmPauseMonitor (JvmPauseMonitor.java:run(146)) - JvmPauseMonitor-971c1615-1531-4bff-8b79-adf9a27d7f54: Started
2024-01-30 07:48:31,204 [971c1615-1531-4bff-8b79-adf9a27d7f54-EndpointStateMachineTaskThread-/0.0.0.0:15099-0 ] INFO  ratis.XceiverServerRatis (XceiverServerRatis.java:getRealPort(592)) - XceiverServerRatis 971c1615-1531-4bff-8b79-adf9a27d7f54 is started using port 15128 for RATIS_ADMIN
2024-01-30 07:48:31,204 [971c1615-1531-4bff-8b79-adf9a27d7f54-EndpointStateMachineTaskThread-/0.0.0.0:15099-0 ] INFO  ratis.XceiverServerRatis (XceiverServerRatis.java:getRealPort(592)) - XceiverServerRatis 971c1615-1531-4bff-8b79-adf9a27d7f54 is started using port 15129 for RATIS_SERVER
2024-01-30 07:48:31,204 [971c1615-1531-4bff-8b79-adf9a27d7f54-EndpointStateMachineTaskThread-/0.0.0.0:15099-0 ] INFO  ratis.XceiverServerRatis (XceiverServerRatis.java:getRealPort(592)) - XceiverServerRatis 971c1615-1531-4bff-8b79-adf9a27d7f54 is started using port 15130 for RATIS_DATASTREAM
2024-01-30 07:48:31,205 [971c1615-1531-4bff-8b79-adf9a27d7f54-BlockDeletingService#0] INFO  interfaces.ContainerDeletionChoosingPolicyTemplate (ContainerDeletionChoosingPolicyTemplate.java:chooseContainerForBlockDeletion(85)) - Chosen 0/5000 blocks from 0 candidate containers.
2024-01-30 07:48:31,293 [33e454d1-da2d-4d19-a678-883106399134-EndpointStateMachineTaskThread-/0.0.0.0:15099-0 ] INFO  utils.DatanodeStoreCache (DatanodeStoreCache.java:addDB(72)) - Added db /home/runner/work/ozone/ozone/hadoop-ozone/integration-test/target/test-dir/MiniOzoneClusterImpl-22134a4f-1b78-467c-b266-ccfd401dbc1a/datanode-3/data-0/containers/hdds/22134a4f-1b78-467c-b266-ccfd401dbc1a/DS-f8760ec0-3b56-40bf-9a63-16b9ed1fccc7/container.db to cache
2024-01-30 07:48:31,293 [33e454d1-da2d-4d19-a678-883106399134-EndpointStateMachineTaskThread-/0.0.0.0:15099-0 ] INFO  volume.HddsVolume (HddsVolume.java:createDbStore(420)) - SchemaV3 db is created and loaded at /home/runner/work/ozone/ozone/hadoop-ozone/integration-test/target/test-dir/MiniOzoneClusterImpl-22134a4f-1b78-467c-b266-ccfd401dbc1a/datanode-3/data-0/containers/hdds/22134a4f-1b78-467c-b266-ccfd401dbc1a/DS-f8760ec0-3b56-40bf-9a63-16b9ed1fccc7/container.db for volume DS-f8760ec0-3b56-40bf-9a63-16b9ed1fccc7
2024-01-30 07:48:31,294 [33e454d1-da2d-4d19-a678-883106399134-EndpointStateMachineTaskThread-/0.0.0.0:15099-0 ] INFO  volume.ThrottledAsyncChecker (ThrottledAsyncChecker.java:schedule(141)) - Scheduling a check for /home/runner/work/ozone/ozone/hadoop-ozone/integration-test/target/test-dir/MiniOzoneClusterImpl-22134a4f-1b78-467c-b266-ccfd401dbc1a/datanode-3/data-0/containers/hdds
2024-01-30 07:48:31,294 [33e454d1-da2d-4d19-a678-883106399134-EndpointStateMachineTaskThread-/0.0.0.0:15099-0 ] INFO  volume.StorageVolumeChecker (StorageVolumeChecker.java:checkAllVolumes(218)) - Scheduled health check for volume /home/runner/work/ozone/ozone/hadoop-ozone/integration-test/target/test-dir/MiniOzoneClusterImpl-22134a4f-1b78-467c-b266-ccfd401dbc1a/datanode-3/data-0/containers/hdds
2024-01-30 07:48:31,296 [33e454d1-da2d-4d19-a678-883106399134-EndpointStateMachineTaskThread-/0.0.0.0:15099-0 ] INFO  volume.ThrottledAsyncChecker (ThrottledAsyncChecker.java:schedule(141)) - Scheduling a check for /home/runner/work/ozone/ozone/hadoop-ozone/integration-test/target/test-dir/MiniOzoneClusterImpl-22134a4f-1b78-467c-b266-ccfd401dbc1a/datanode-3/data/ratis
2024-01-30 07:48:31,296 [33e454d1-da2d-4d19-a678-883106399134-EndpointStateMachineTaskThread-/0.0.0.0:15099-0 ] INFO  volume.StorageVolumeChecker (StorageVolumeChecker.java:checkAllVolumes(218)) - Scheduled health check for volume /home/runner/work/ozone/ozone/hadoop-ozone/integration-test/target/test-dir/MiniOzoneClusterImpl-22134a4f-1b78-467c-b266-ccfd401dbc1a/datanode-3/data/ratis
2024-01-30 07:48:31,297 [33e454d1-da2d-4d19-a678-883106399134-EndpointStateMachineTaskThread-/0.0.0.0:15099-0 ] INFO  ozoneimpl.OzoneContainer (OzoneContainer.java:start(457)) - Attempting to start container services.
2024-01-30 07:48:31,297 [33e454d1-da2d-4d19-a678-883106399134-EndpointStateMachineTaskThread-/0.0.0.0:15099-0 ] INFO  ozoneimpl.OzoneContainer (OzoneContainer.java:startContainerScrub(339)) - Scheduled background container scanners and the on-demand container scanner have been disabled.
2024-01-30 07:48:31,297 [33e454d1-da2d-4d19-a678-883106399134-EndpointStateMachineTaskThread-/0.0.0.0:15099-0 ] INFO  replication.ReplicationServer (ReplicationServer.java:start(140)) - ReplicationServer is started using port 15140
2024-01-30 07:48:31,297 [33e454d1-da2d-4d19-a678-883106399134-EndpointStateMachineTaskThread-/0.0.0.0:15099-0 ] INFO  ratis.XceiverServerRatis (XceiverServerRatis.java:start(566)) - Starting XceiverServerRatis 33e454d1-da2d-4d19-a678-883106399134
2024-01-30 07:48:31,298 [33e454d1-da2d-4d19-a678-883106399134-EndpointStateMachineTaskThread-/0.0.0.0:15099-0 ] INFO  server.RaftServer (RaftServerProxy.java:startImpl(406)) - 33e454d1-da2d-4d19-a678-883106399134: start RPC server
2024-01-30 07:48:31,298 [33e454d1-da2d-4d19-a678-883106399134-EndpointStateMachineTaskThread-/0.0.0.0:15099-0 ] INFO  server.GrpcService (GrpcService.java:startImpl(302)) - 33e454d1-da2d-4d19-a678-883106399134: GrpcService started, listening on 15136
2024-01-30 07:48:31,299 [33e454d1-da2d-4d19-a678-883106399134-EndpointStateMachineTaskThread-/0.0.0.0:15099-0 ] INFO  server.GrpcService (GrpcService.java:startImpl(302)) - 33e454d1-da2d-4d19-a678-883106399134: GrpcService started, listening on 15138
2024-01-30 07:48:31,299 [33e454d1-da2d-4d19-a678-883106399134-EndpointStateMachineTaskThread-/0.0.0.0:15099-0 ] INFO  server.GrpcService (GrpcService.java:startImpl(302)) - 33e454d1-da2d-4d19-a678-883106399134: GrpcService started, listening on 15137
2024-01-30 07:48:31,299 [33e454d1-da2d-4d19-a678-883106399134-EndpointStateMachineTaskThread-/0.0.0.0:15099-0 ] INFO  ratis.XceiverServerRatis (XceiverServerRatis.java:getRealPort(592)) - XceiverServerRatis 33e454d1-da2d-4d19-a678-883106399134 is started using port 15136 for RATIS
2024-01-30 07:48:31,299 [JvmPauseMonitor18] INFO  util.JvmPauseMonitor (JvmPauseMonitor.java:run(146)) - JvmPauseMonitor-33e454d1-da2d-4d19-a678-883106399134: Started
2024-01-30 07:48:31,299 [33e454d1-da2d-4d19-a678-883106399134-EndpointStateMachineTaskThread-/0.0.0.0:15099-0 ] INFO  ratis.XceiverServerRatis (XceiverServerRatis.java:getRealPort(592)) - XceiverServerRatis 33e454d1-da2d-4d19-a678-883106399134 is started using port 15137 for RATIS_ADMIN
2024-01-30 07:48:31,299 [33e454d1-da2d-4d19-a678-883106399134-EndpointStateMachineTaskThread-/0.0.0.0:15099-0 ] INFO  ratis.XceiverServerRatis (XceiverServerRatis.java:getRealPort(592)) - XceiverServerRatis 33e454d1-da2d-4d19-a678-883106399134 is started using port 15138 for RATIS_SERVER
2024-01-30 07:48:31,299 [33e454d1-da2d-4d19-a678-883106399134-EndpointStateMachineTaskThread-/0.0.0.0:15099-0 ] INFO  ratis.XceiverServerRatis (XceiverServerRatis.java:getRealPort(592)) - XceiverServerRatis 33e454d1-da2d-4d19-a678-883106399134 is started using port 15139 for RATIS_DATASTREAM
2024-01-30 07:48:31,310 [33e454d1-da2d-4d19-a678-883106399134-BlockDeletingService#0] INFO  interfaces.ContainerDeletionChoosingPolicyTemplate (ContainerDeletionChoosingPolicyTemplate.java:chooseContainerForBlockDeletion(85)) - Chosen 0/5000 blocks from 0 candidate containers.
2024-01-30 07:48:31,401 [53433fb8-bbf6-4d1d-a4a4-8c4d503fb949-EndpointStateMachineTaskThread-/0.0.0.0:15099-0 ] INFO  utils.DatanodeStoreCache (DatanodeStoreCache.java:addDB(72)) - Added db /home/runner/work/ozone/ozone/hadoop-ozone/integration-test/target/test-dir/MiniOzoneClusterImpl-22134a4f-1b78-467c-b266-ccfd401dbc1a/datanode-4/data-0/containers/hdds/22134a4f-1b78-467c-b266-ccfd401dbc1a/DS-9b65a95d-5210-4d4a-b4ee-3c23d51b6ce1/container.db to cache
2024-01-30 07:48:31,401 [53433fb8-bbf6-4d1d-a4a4-8c4d503fb949-EndpointStateMachineTaskThread-/0.0.0.0:15099-0 ] INFO  volume.HddsVolume (HddsVolume.java:createDbStore(420)) - SchemaV3 db is created and loaded at /home/runner/work/ozone/ozone/hadoop-ozone/integration-test/target/test-dir/MiniOzoneClusterImpl-22134a4f-1b78-467c-b266-ccfd401dbc1a/datanode-4/data-0/containers/hdds/22134a4f-1b78-467c-b266-ccfd401dbc1a/DS-9b65a95d-5210-4d4a-b4ee-3c23d51b6ce1/container.db for volume DS-9b65a95d-5210-4d4a-b4ee-3c23d51b6ce1
2024-01-30 07:48:31,402 [53433fb8-bbf6-4d1d-a4a4-8c4d503fb949-EndpointStateMachineTaskThread-/0.0.0.0:15099-0 ] INFO  volume.ThrottledAsyncChecker (ThrottledAsyncChecker.java:schedule(141)) - Scheduling a check for /home/runner/work/ozone/ozone/hadoop-ozone/integration-test/target/test-dir/MiniOzoneClusterImpl-22134a4f-1b78-467c-b266-ccfd401dbc1a/datanode-4/data-0/containers/hdds
2024-01-30 07:48:31,403 [53433fb8-bbf6-4d1d-a4a4-8c4d503fb949-EndpointStateMachineTaskThread-/0.0.0.0:15099-0 ] INFO  volume.StorageVolumeChecker (StorageVolumeChecker.java:checkAllVolumes(218)) - Scheduled health check for volume /home/runner/work/ozone/ozone/hadoop-ozone/integration-test/target/test-dir/MiniOzoneClusterImpl-22134a4f-1b78-467c-b266-ccfd401dbc1a/datanode-4/data-0/containers/hdds
2024-01-30 07:48:31,404 [53433fb8-bbf6-4d1d-a4a4-8c4d503fb949-EndpointStateMachineTaskThread-/0.0.0.0:15099-0 ] INFO  volume.ThrottledAsyncChecker (ThrottledAsyncChecker.java:schedule(141)) - Scheduling a check for /home/runner/work/ozone/ozone/hadoop-ozone/integration-test/target/test-dir/MiniOzoneClusterImpl-22134a4f-1b78-467c-b266-ccfd401dbc1a/datanode-4/data/ratis
2024-01-30 07:48:31,404 [53433fb8-bbf6-4d1d-a4a4-8c4d503fb949-EndpointStateMachineTaskThread-/0.0.0.0:15099-0 ] INFO  volume.StorageVolumeChecker (StorageVolumeChecker.java:checkAllVolumes(218)) - Scheduled health check for volume /home/runner/work/ozone/ozone/hadoop-ozone/integration-test/target/test-dir/MiniOzoneClusterImpl-22134a4f-1b78-467c-b266-ccfd401dbc1a/datanode-4/data/ratis
2024-01-30 07:48:31,405 [53433fb8-bbf6-4d1d-a4a4-8c4d503fb949-EndpointStateMachineTaskThread-/0.0.0.0:15099-0 ] INFO  ozoneimpl.OzoneContainer (OzoneContainer.java:start(457)) - Attempting to start container services.
2024-01-30 07:48:31,405 [53433fb8-bbf6-4d1d-a4a4-8c4d503fb949-EndpointStateMachineTaskThread-/0.0.0.0:15099-0 ] INFO  ozoneimpl.OzoneContainer (OzoneContainer.java:startContainerScrub(339)) - Scheduled background container scanners and the on-demand container scanner have been disabled.
2024-01-30 07:48:31,405 [53433fb8-bbf6-4d1d-a4a4-8c4d503fb949-EndpointStateMachineTaskThread-/0.0.0.0:15099-0 ] INFO  replication.ReplicationServer (ReplicationServer.java:start(140)) - ReplicationServer is started using port 15149
2024-01-30 07:48:31,406 [53433fb8-bbf6-4d1d-a4a4-8c4d503fb949-EndpointStateMachineTaskThread-/0.0.0.0:15099-0 ] INFO  ratis.XceiverServerRatis (XceiverServerRatis.java:start(566)) - Starting XceiverServerRatis 53433fb8-bbf6-4d1d-a4a4-8c4d503fb949
2024-01-30 07:48:31,406 [53433fb8-bbf6-4d1d-a4a4-8c4d503fb949-EndpointStateMachineTaskThread-/0.0.0.0:15099-0 ] INFO  server.RaftServer (RaftServerProxy.java:startImpl(406)) - 53433fb8-bbf6-4d1d-a4a4-8c4d503fb949: start RPC server
2024-01-30 07:48:31,406 [53433fb8-bbf6-4d1d-a4a4-8c4d503fb949-EndpointStateMachineTaskThread-/0.0.0.0:15099-0 ] INFO  server.GrpcService (GrpcService.java:startImpl(302)) - 53433fb8-bbf6-4d1d-a4a4-8c4d503fb949: GrpcService started, listening on 15145
2024-01-30 07:48:31,407 [53433fb8-bbf6-4d1d-a4a4-8c4d503fb949-EndpointStateMachineTaskThread-/0.0.0.0:15099-0 ] INFO  server.GrpcService (GrpcService.java:startImpl(302)) - 53433fb8-bbf6-4d1d-a4a4-8c4d503fb949: GrpcService started, listening on 15147
2024-01-30 07:48:31,407 [53433fb8-bbf6-4d1d-a4a4-8c4d503fb949-EndpointStateMachineTaskThread-/0.0.0.0:15099-0 ] INFO  server.GrpcService (GrpcService.java:startImpl(302)) - 53433fb8-bbf6-4d1d-a4a4-8c4d503fb949: GrpcService started, listening on 15146
2024-01-30 07:48:31,407 [53433fb8-bbf6-4d1d-a4a4-8c4d503fb949-EndpointStateMachineTaskThread-/0.0.0.0:15099-0 ] INFO  ratis.XceiverServerRatis (XceiverServerRatis.java:getRealPort(592)) - XceiverServerRatis 53433fb8-bbf6-4d1d-a4a4-8c4d503fb949 is started using port 15145 for RATIS
2024-01-30 07:48:31,407 [53433fb8-bbf6-4d1d-a4a4-8c4d503fb949-EndpointStateMachineTaskThread-/0.0.0.0:15099-0 ] INFO  ratis.XceiverServerRatis (XceiverServerRatis.java:getRealPort(592)) - XceiverServerRatis 53433fb8-bbf6-4d1d-a4a4-8c4d503fb949 is started using port 15146 for RATIS_ADMIN
2024-01-30 07:48:31,407 [53433fb8-bbf6-4d1d-a4a4-8c4d503fb949-EndpointStateMachineTaskThread-/0.0.0.0:15099-0 ] INFO  ratis.XceiverServerRatis (XceiverServerRatis.java:getRealPort(592)) - XceiverServerRatis 53433fb8-bbf6-4d1d-a4a4-8c4d503fb949 is started using port 15147 for RATIS_SERVER
2024-01-30 07:48:31,407 [53433fb8-bbf6-4d1d-a4a4-8c4d503fb949-EndpointStateMachineTaskThread-/0.0.0.0:15099-0 ] INFO  ratis.XceiverServerRatis (XceiverServerRatis.java:getRealPort(592)) - XceiverServerRatis 53433fb8-bbf6-4d1d-a4a4-8c4d503fb949 is started using port 15148 for RATIS_DATASTREAM
2024-01-30 07:48:31,407 [JvmPauseMonitor19] INFO  util.JvmPauseMonitor (JvmPauseMonitor.java:run(146)) - JvmPauseMonitor-53433fb8-bbf6-4d1d-a4a4-8c4d503fb949: Started
2024-01-30 07:48:31,411 [53433fb8-bbf6-4d1d-a4a4-8c4d503fb949-BlockDeletingService#0] INFO  interfaces.ContainerDeletionChoosingPolicyTemplate (ContainerDeletionChoosingPolicyTemplate.java:chooseContainerForBlockDeletion(85)) - Chosen 0/5000 blocks from 0 candidate containers.
2024-01-30 07:48:31,466 [main] INFO  ozone.MiniOzoneClusterImpl (MiniOzoneClusterImpl.java:lambda$waitForClusterToBeReady$0(229)) - Waiting for nodes to be ready. Got 0 of 6 DN Heartbeats.
2024-01-30 07:48:31,467 [main] INFO  ozone.MiniOzoneClusterImpl (MiniOzoneClusterImpl.java:lambda$waitForClusterToBeReady$0(232)) - Waiting for cluster to exit safe mode
2024-01-30 07:48:31,467 [main] INFO  ozone.MiniOzoneClusterImpl (MiniOzoneClusterImpl.java:lambda$waitForClusterToBeReady$0(234)) - SCM became leader
2024-01-30 07:48:31,489 [42bb30bf-6dde-4b10-b68e-ce189e81f0fd-EndpointStateMachineTaskThread-/0.0.0.0:15099-0 ] INFO  utils.DatanodeStoreCache (DatanodeStoreCache.java:addDB(72)) - Added db /home/runner/work/ozone/ozone/hadoop-ozone/integration-test/target/test-dir/MiniOzoneClusterImpl-22134a4f-1b78-467c-b266-ccfd401dbc1a/datanode-5/data-0/containers/hdds/22134a4f-1b78-467c-b266-ccfd401dbc1a/DS-948e6948-781e-4e9d-8959-9054038e9868/container.db to cache
2024-01-30 07:48:31,489 [42bb30bf-6dde-4b10-b68e-ce189e81f0fd-EndpointStateMachineTaskThread-/0.0.0.0:15099-0 ] INFO  volume.HddsVolume (HddsVolume.java:createDbStore(420)) - SchemaV3 db is created and loaded at /home/runner/work/ozone/ozone/hadoop-ozone/integration-test/target/test-dir/MiniOzoneClusterImpl-22134a4f-1b78-467c-b266-ccfd401dbc1a/datanode-5/data-0/containers/hdds/22134a4f-1b78-467c-b266-ccfd401dbc1a/DS-948e6948-781e-4e9d-8959-9054038e9868/container.db for volume DS-948e6948-781e-4e9d-8959-9054038e9868
2024-01-30 07:48:31,490 [42bb30bf-6dde-4b10-b68e-ce189e81f0fd-EndpointStateMachineTaskThread-/0.0.0.0:15099-0 ] INFO  volume.ThrottledAsyncChecker (ThrottledAsyncChecker.java:schedule(141)) - Scheduling a check for /home/runner/work/ozone/ozone/hadoop-ozone/integration-test/target/test-dir/MiniOzoneClusterImpl-22134a4f-1b78-467c-b266-ccfd401dbc1a/datanode-5/data-0/containers/hdds
2024-01-30 07:48:31,490 [42bb30bf-6dde-4b10-b68e-ce189e81f0fd-EndpointStateMachineTaskThread-/0.0.0.0:15099-0 ] INFO  volume.StorageVolumeChecker (StorageVolumeChecker.java:checkAllVolumes(218)) - Scheduled health check for volume /home/runner/work/ozone/ozone/hadoop-ozone/integration-test/target/test-dir/MiniOzoneClusterImpl-22134a4f-1b78-467c-b266-ccfd401dbc1a/datanode-5/data-0/containers/hdds
2024-01-30 07:48:31,492 [42bb30bf-6dde-4b10-b68e-ce189e81f0fd-EndpointStateMachineTaskThread-/0.0.0.0:15099-0 ] INFO  volume.ThrottledAsyncChecker (ThrottledAsyncChecker.java:schedule(141)) - Scheduling a check for /home/runner/work/ozone/ozone/hadoop-ozone/integration-test/target/test-dir/MiniOzoneClusterImpl-22134a4f-1b78-467c-b266-ccfd401dbc1a/datanode-5/data/ratis
2024-01-30 07:48:31,492 [42bb30bf-6dde-4b10-b68e-ce189e81f0fd-EndpointStateMachineTaskThread-/0.0.0.0:15099-0 ] INFO  volume.StorageVolumeChecker (StorageVolumeChecker.java:checkAllVolumes(218)) - Scheduled health check for volume /home/runner/work/ozone/ozone/hadoop-ozone/integration-test/target/test-dir/MiniOzoneClusterImpl-22134a4f-1b78-467c-b266-ccfd401dbc1a/datanode-5/data/ratis
2024-01-30 07:48:31,493 [42bb30bf-6dde-4b10-b68e-ce189e81f0fd-EndpointStateMachineTaskThread-/0.0.0.0:15099-0 ] INFO  ozoneimpl.OzoneContainer (OzoneContainer.java:start(457)) - Attempting to start container services.
2024-01-30 07:48:31,493 [42bb30bf-6dde-4b10-b68e-ce189e81f0fd-EndpointStateMachineTaskThread-/0.0.0.0:15099-0 ] INFO  ozoneimpl.OzoneContainer (OzoneContainer.java:startContainerScrub(339)) - Scheduled background container scanners and the on-demand container scanner have been disabled.
2024-01-30 07:48:31,493 [42bb30bf-6dde-4b10-b68e-ce189e81f0fd-EndpointStateMachineTaskThread-/0.0.0.0:15099-0 ] INFO  replication.ReplicationServer (ReplicationServer.java:start(140)) - ReplicationServer is started using port 15158
2024-01-30 07:48:31,493 [42bb30bf-6dde-4b10-b68e-ce189e81f0fd-EndpointStateMachineTaskThread-/0.0.0.0:15099-0 ] INFO  ratis.XceiverServerRatis (XceiverServerRatis.java:start(566)) - Starting XceiverServerRatis 42bb30bf-6dde-4b10-b68e-ce189e81f0fd
2024-01-30 07:48:31,494 [42bb30bf-6dde-4b10-b68e-ce189e81f0fd-EndpointStateMachineTaskThread-/0.0.0.0:15099-0 ] INFO  server.RaftServer (RaftServerProxy.java:startImpl(406)) - 42bb30bf-6dde-4b10-b68e-ce189e81f0fd: start RPC server
2024-01-30 07:48:31,494 [42bb30bf-6dde-4b10-b68e-ce189e81f0fd-EndpointStateMachineTaskThread-/0.0.0.0:15099-0 ] INFO  server.GrpcService (GrpcService.java:startImpl(302)) - 42bb30bf-6dde-4b10-b68e-ce189e81f0fd: GrpcService started, listening on 15154
2024-01-30 07:48:31,494 [42bb30bf-6dde-4b10-b68e-ce189e81f0fd-EndpointStateMachineTaskThread-/0.0.0.0:15099-0 ] INFO  server.GrpcService (GrpcService.java:startImpl(302)) - 42bb30bf-6dde-4b10-b68e-ce189e81f0fd: GrpcService started, listening on 15156
2024-01-30 07:48:31,494 [42bb30bf-6dde-4b10-b68e-ce189e81f0fd-EndpointStateMachineTaskThread-/0.0.0.0:15099-0 ] INFO  server.GrpcService (GrpcService.java:startImpl(302)) - 42bb30bf-6dde-4b10-b68e-ce189e81f0fd: GrpcService started, listening on 15155
2024-01-30 07:48:31,495 [42bb30bf-6dde-4b10-b68e-ce189e81f0fd-EndpointStateMachineTaskThread-/0.0.0.0:15099-0 ] INFO  ratis.XceiverServerRatis (XceiverServerRatis.java:getRealPort(592)) - XceiverServerRatis 42bb30bf-6dde-4b10-b68e-ce189e81f0fd is started using port 15154 for RATIS
2024-01-30 07:48:31,495 [JvmPauseMonitor20] INFO  util.JvmPauseMonitor (JvmPauseMonitor.java:run(146)) - JvmPauseMonitor-42bb30bf-6dde-4b10-b68e-ce189e81f0fd: Started
2024-01-30 07:48:31,495 [42bb30bf-6dde-4b10-b68e-ce189e81f0fd-EndpointStateMachineTaskThread-/0.0.0.0:15099-0 ] INFO  ratis.XceiverServerRatis (XceiverServerRatis.java:getRealPort(592)) - XceiverServerRatis 42bb30bf-6dde-4b10-b68e-ce189e81f0fd is started using port 15155 for RATIS_ADMIN
2024-01-30 07:48:31,495 [42bb30bf-6dde-4b10-b68e-ce189e81f0fd-EndpointStateMachineTaskThread-/0.0.0.0:15099-0 ] INFO  ratis.XceiverServerRatis (XceiverServerRatis.java:getRealPort(592)) - XceiverServerRatis 42bb30bf-6dde-4b10-b68e-ce189e81f0fd is started using port 15156 for RATIS_SERVER
2024-01-30 07:48:31,495 [42bb30bf-6dde-4b10-b68e-ce189e81f0fd-EndpointStateMachineTaskThread-/0.0.0.0:15099-0 ] INFO  ratis.XceiverServerRatis (XceiverServerRatis.java:getRealPort(592)) - XceiverServerRatis 42bb30bf-6dde-4b10-b68e-ce189e81f0fd is started using port 15157 for RATIS_DATASTREAM
2024-01-30 07:48:31,495 [42bb30bf-6dde-4b10-b68e-ce189e81f0fd-BlockDeletingService#0] INFO  interfaces.ContainerDeletionChoosingPolicyTemplate (ContainerDeletionChoosingPolicyTemplate.java:chooseContainerForBlockDeletion(85)) - Chosen 0/5000 blocks from 0 candidate containers.
2024-01-30 07:48:32,467 [main] INFO  ozone.MiniOzoneClusterImpl (MiniOzoneClusterImpl.java:lambda$waitForClusterToBeReady$0(229)) - Waiting for nodes to be ready. Got 0 of 6 DN Heartbeats.
2024-01-30 07:48:32,467 [main] INFO  ozone.MiniOzoneClusterImpl (MiniOzoneClusterImpl.java:lambda$waitForClusterToBeReady$0(232)) - Waiting for cluster to exit safe mode
2024-01-30 07:48:32,467 [main] INFO  ozone.MiniOzoneClusterImpl (MiniOzoneClusterImpl.java:lambda$waitForClusterToBeReady$0(234)) - SCM became leader
2024-01-30 07:48:32,985 [IPC Server handler 2 on default port 15099] INFO  net.NetworkTopologyImpl (NetworkTopologyImpl.java:add(124)) - Added a new node: /default-rack/2a934876-6cad-418e-9d99-0b91c92fbe5b
2024-01-30 07:48:32,985 [IPC Server handler 2 on default port 15099] INFO  node.SCMNodeManager (SCMNodeManager.java:register(421)) - Registered datanode: 2a934876-6cad-418e-9d99-0b91c92fbe5b{ip: 10.1.0.48, host: fv-az1436-717.rp122gijlobebpuychzvuh3j3h.bx.internal.cloudapp.net, ports: [HTTP=15106, CLIENT_RPC=15107, REPLICATION=15113, RATIS=15109, RATIS_ADMIN=15110, RATIS_SERVER=15111, RATIS_DATASTREAM=15112, STANDALONE=15108], networkLocation: /default-rack, certSerialId: null, persistedOpState: null, persistedOpStateExpiryEpochSec: 0}
2024-01-30 07:48:32,987 [EventQueue-NewNodeForNewNodeHandler] INFO  pipeline.BackgroundPipelineCreator (BackgroundPipelineCreator.java:notifyEventTriggered(280)) - trigger a one-shot run on RatisPipelineUtilsThread.
2024-01-30 07:48:32,987 [EventQueue-NodeRegistrationContainerReportForContainerSafeModeRule] INFO  safemode.SCMSafeModeManager (SCMSafeModeManager.java:validateSafeModeExitRules(200)) - ContainerSafeModeRule rule is successfully validated
2024-01-30 07:48:32,988 [EventQueue-NodeRegistrationContainerReportForDataNodeSafeModeRule] INFO  safemode.SCMSafeModeManager (DataNodeSafeModeRule.java:process(71)) - SCM in safe mode. 1 DataNodes registered, 3 required.
2024-01-30 07:48:32,988 [EventQueue-PipelineReportForOneReplicaPipelineSafeModeRule] INFO  safemode.SCMSafeModeManager (SCMSafeModeManager.java:validateSafeModeExitRules(200)) - AtleastOneDatanodeReportedRule rule is successfully validated
2024-01-30 07:48:33,079 [IPC Server handler 3 on default port 15099] INFO  net.NetworkTopologyImpl (NetworkTopologyImpl.java:add(124)) - Added a new node: /default-rack/84e2f200-b83f-4514-9762-a3bf8832ea50
2024-01-30 07:48:33,079 [IPC Server handler 3 on default port 15099] INFO  node.SCMNodeManager (SCMNodeManager.java:register(421)) - Registered datanode: 84e2f200-b83f-4514-9762-a3bf8832ea50{ip: 10.1.0.48, host: fv-az1436-717.rp122gijlobebpuychzvuh3j3h.bx.internal.cloudapp.net, ports: [HTTP=15115, CLIENT_RPC=15116, REPLICATION=15122, RATIS=15118, RATIS_ADMIN=15119, RATIS_SERVER=15120, RATIS_DATASTREAM=15121, STANDALONE=15117], networkLocation: /default-rack, certSerialId: null, persistedOpState: null, persistedOpStateExpiryEpochSec: 0}
2024-01-30 07:48:33,080 [EventQueue-NodeRegistrationContainerReportForDataNodeSafeModeRule] INFO  safemode.SCMSafeModeManager (DataNodeSafeModeRule.java:process(71)) - SCM in safe mode. 2 DataNodes registered, 3 required.
2024-01-30 07:48:33,080 [EventQueue-NewNodeForNewNodeHandler] INFO  pipeline.BackgroundPipelineCreator (BackgroundPipelineCreator.java:notifyEventTriggered(280)) - trigger a one-shot run on RatisPipelineUtilsThread.
2024-01-30 07:48:33,174 [IPC Server handler 4 on default port 15099] INFO  net.NetworkTopologyImpl (NetworkTopologyImpl.java:add(124)) - Added a new node: /default-rack/971c1615-1531-4bff-8b79-adf9a27d7f54
2024-01-30 07:48:33,174 [IPC Server handler 4 on default port 15099] INFO  node.SCMNodeManager (SCMNodeManager.java:register(421)) - Registered datanode: 971c1615-1531-4bff-8b79-adf9a27d7f54{ip: 10.1.0.48, host: fv-az1436-717.rp122gijlobebpuychzvuh3j3h.bx.internal.cloudapp.net, ports: [HTTP=15124, CLIENT_RPC=15125, REPLICATION=15131, RATIS=15127, RATIS_ADMIN=15128, RATIS_SERVER=15129, RATIS_DATASTREAM=15130, STANDALONE=15126], networkLocation: /default-rack, certSerialId: null, persistedOpState: null, persistedOpStateExpiryEpochSec: 0}
2024-01-30 07:48:33,175 [EventQueue-NewNodeForNewNodeHandler] INFO  pipeline.BackgroundPipelineCreator (BackgroundPipelineCreator.java:notifyEventTriggered(280)) - trigger a one-shot run on RatisPipelineUtilsThread.
2024-01-30 07:48:33,175 [EventQueue-NodeRegistrationContainerReportForDataNodeSafeModeRule] INFO  safemode.SCMSafeModeManager (DataNodeSafeModeRule.java:process(71)) - SCM in safe mode. 3 DataNodes registered, 3 required.
2024-01-30 07:48:33,175 [EventQueue-NodeRegistrationContainerReportForDataNodeSafeModeRule] INFO  safemode.SCMSafeModeManager (SCMSafeModeManager.java:validateSafeModeExitRules(200)) - DataNodeSafeModeRule rule is successfully validated
2024-01-30 07:48:33,175 [EventQueue-NodeRegistrationContainerReportForDataNodeSafeModeRule] INFO  safemode.SCMSafeModeManager (SCMSafeModeManager.java:completePreCheck(229)) - All SCM safe mode pre check rules have passed
2024-01-30 07:48:33,175 [EventQueue-NodeRegistrationContainerReportForDataNodeSafeModeRule] INFO  ha.SCMContext (SCMContext.java:updateSafeModeStatus(230)) - Update SafeModeStatus from SafeModeStatus{safeModeStatus=true, preCheckPassed=false} to SafeModeStatus{safeModeStatus=true, preCheckPassed=true}.
2024-01-30 07:48:33,175 [EventQueue-NodeRegistrationContainerReportForDataNodeSafeModeRule] INFO  pipeline.BackgroundPipelineCreator (BackgroundPipelineCreator.java:notifyEventTriggered(280)) - trigger a one-shot run on RatisPipelineUtilsThread.
2024-01-30 07:48:33,175 [RatisPipelineUtilsThread-0] INFO  pipeline.RatisPipelineProvider (RatisPipelineProvider.java:lambda$create$0(206)) - Sending CreatePipelineCommand for pipeline:PipelineID=499ed13b-644a-4b8a-94b8-09f0c667257b to datanode:2a934876-6cad-418e-9d99-0b91c92fbe5b
2024-01-30 07:48:33,175 [RatisPipelineUtilsThread-0] INFO  pipeline.RatisPipelineProvider (RatisPipelineProvider.java:lambda$create$0(206)) - Sending CreatePipelineCommand for pipeline:PipelineID=499ed13b-644a-4b8a-94b8-09f0c667257b to datanode:971c1615-1531-4bff-8b79-adf9a27d7f54
2024-01-30 07:48:33,176 [RatisPipelineUtilsThread-0] INFO  pipeline.RatisPipelineProvider (RatisPipelineProvider.java:lambda$create$0(206)) - Sending CreatePipelineCommand for pipeline:PipelineID=499ed13b-644a-4b8a-94b8-09f0c667257b to datanode:84e2f200-b83f-4514-9762-a3bf8832ea50
2024-01-30 07:48:33,176 [RatisPipelineUtilsThread-0] INFO  pipeline.BackgroundPipelineCreator (BackgroundPipelineCreator.java:createPipelines(236)) - Created new pipeline Pipeline[ Id: 499ed13b-644a-4b8a-94b8-09f0c667257b, Nodes: 2a934876-6cad-418e-9d99-0b91c92fbe5b(fv-az1436-717.rp122gijlobebpuychzvuh3j3h.bx.internal.cloudapp.net/10.1.0.48)971c1615-1531-4bff-8b79-adf9a27d7f54(fv-az1436-717.rp122gijlobebpuychzvuh3j3h.bx.internal.cloudapp.net/10.1.0.48)84e2f200-b83f-4514-9762-a3bf8832ea50(fv-az1436-717.rp122gijlobebpuychzvuh3j3h.bx.internal.cloudapp.net/10.1.0.48), ReplicationConfig: RATIS/THREE, State:ALLOCATED, leaderId:, CreationTimestamp2024-01-30T07:48:33.175Z[Etc/UTC]]
2024-01-30 07:48:33,176 [RatisPipelineUtilsThread-0] INFO  pipeline.RatisPipelineProvider (RatisPipelineProvider.java:lambda$create$0(206)) - Sending CreatePipelineCommand for pipeline:PipelineID=cc4d22f2-9f3e-4340-9ad7-07c1df08f428 to datanode:2a934876-6cad-418e-9d99-0b91c92fbe5b
2024-01-30 07:48:33,176 [RatisPipelineUtilsThread-0] INFO  pipeline.RatisPipelineProvider (RatisPipelineProvider.java:lambda$create$0(206)) - Sending CreatePipelineCommand for pipeline:PipelineID=cc4d22f2-9f3e-4340-9ad7-07c1df08f428 to datanode:971c1615-1531-4bff-8b79-adf9a27d7f54
2024-01-30 07:48:33,177 [RatisPipelineUtilsThread-0] INFO  pipeline.RatisPipelineProvider (RatisPipelineProvider.java:lambda$create$0(206)) - Sending CreatePipelineCommand for pipeline:PipelineID=cc4d22f2-9f3e-4340-9ad7-07c1df08f428 to datanode:84e2f200-b83f-4514-9762-a3bf8832ea50
2024-01-30 07:48:33,177 [RatisPipelineUtilsThread-0] INFO  pipeline.PipelineManagerImpl (PipelineManagerImpl.java:recordMetricsForPipeline(916)) - Pipeline: PipelineID=cc4d22f2-9f3e-4340-9ad7-07c1df08f428 contains same datanodes as previous pipelines: PipelineID=499ed13b-644a-4b8a-94b8-09f0c667257b nodeIds: 2a934876-6cad-418e-9d99-0b91c92fbe5b, 971c1615-1531-4bff-8b79-adf9a27d7f54, 84e2f200-b83f-4514-9762-a3bf8832ea50
2024-01-30 07:48:33,177 [RatisPipelineUtilsThread-0] INFO  pipeline.BackgroundPipelineCreator (BackgroundPipelineCreator.java:createPipelines(236)) - Created new pipeline Pipeline[ Id: cc4d22f2-9f3e-4340-9ad7-07c1df08f428, Nodes: 2a934876-6cad-418e-9d99-0b91c92fbe5b(fv-az1436-717.rp122gijlobebpuychzvuh3j3h.bx.internal.cloudapp.net/10.1.0.48)971c1615-1531-4bff-8b79-adf9a27d7f54(fv-az1436-717.rp122gijlobebpuychzvuh3j3h.bx.internal.cloudapp.net/10.1.0.48)84e2f200-b83f-4514-9762-a3bf8832ea50(fv-az1436-717.rp122gijlobebpuychzvuh3j3h.bx.internal.cloudapp.net/10.1.0.48), ReplicationConfig: RATIS/THREE, State:ALLOCATED, leaderId:, CreationTimestamp2024-01-30T07:48:33.176Z[Etc/UTC]]
2024-01-30 07:48:33,273 [IPC Server handler 5 on default port 15099] INFO  net.NetworkTopologyImpl (NetworkTopologyImpl.java:add(124)) - Added a new node: /default-rack/33e454d1-da2d-4d19-a678-883106399134
2024-01-30 07:48:33,273 [IPC Server handler 5 on default port 15099] INFO  node.SCMNodeManager (SCMNodeManager.java:register(421)) - Registered datanode: 33e454d1-da2d-4d19-a678-883106399134{ip: 10.1.0.48, host: fv-az1436-717.rp122gijlobebpuychzvuh3j3h.bx.internal.cloudapp.net, ports: [HTTP=15133, CLIENT_RPC=15134, REPLICATION=15140, RATIS=15136, RATIS_ADMIN=15137, RATIS_SERVER=15138, RATIS_DATASTREAM=15139, STANDALONE=15135], networkLocation: /default-rack, certSerialId: null, persistedOpState: null, persistedOpStateExpiryEpochSec: 0}
2024-01-30 07:48:33,273 [EventQueue-NewNodeForNewNodeHandler] INFO  pipeline.BackgroundPipelineCreator (BackgroundPipelineCreator.java:notifyEventTriggered(280)) - trigger a one-shot run on RatisPipelineUtilsThread.
2024-01-30 07:48:33,381 [IPC Server handler 0 on default port 15099] INFO  net.NetworkTopologyImpl (NetworkTopologyImpl.java:add(124)) - Added a new node: /default-rack/53433fb8-bbf6-4d1d-a4a4-8c4d503fb949
2024-01-30 07:48:33,381 [IPC Server handler 0 on default port 15099] INFO  node.SCMNodeManager (SCMNodeManager.java:register(421)) - Registered datanode: 53433fb8-bbf6-4d1d-a4a4-8c4d503fb949{ip: 10.1.0.48, host: fv-az1436-717.rp122gijlobebpuychzvuh3j3h.bx.internal.cloudapp.net, ports: [HTTP=15142, CLIENT_RPC=15143, REPLICATION=15149, RATIS=15145, RATIS_ADMIN=15146, RATIS_SERVER=15147, RATIS_DATASTREAM=15148, STANDALONE=15144], networkLocation: /default-rack, certSerialId: null, persistedOpState: null, persistedOpStateExpiryEpochSec: 0}
2024-01-30 07:48:33,382 [EventQueue-NewNodeForNewNodeHandler] INFO  pipeline.BackgroundPipelineCreator (BackgroundPipelineCreator.java:notifyEventTriggered(280)) - trigger a one-shot run on RatisPipelineUtilsThread.
2024-01-30 07:48:33,467 [IPC Server handler 1 on default port 15099] INFO  net.NetworkTopologyImpl (NetworkTopologyImpl.java:add(124)) - Added a new node: /default-rack/42bb30bf-6dde-4b10-b68e-ce189e81f0fd
2024-01-30 07:48:33,467 [IPC Server handler 1 on default port 15099] INFO  node.SCMNodeManager (SCMNodeManager.java:register(421)) - Registered datanode: 42bb30bf-6dde-4b10-b68e-ce189e81f0fd{ip: 10.1.0.48, host: fv-az1436-717.rp122gijlobebpuychzvuh3j3h.bx.internal.cloudapp.net, ports: [HTTP=15151, CLIENT_RPC=15152, REPLICATION=15158, RATIS=15154, RATIS_ADMIN=15155, RATIS_SERVER=15156, RATIS_DATASTREAM=15157, STANDALONE=15153], networkLocation: /default-rack, certSerialId: null, persistedOpState: null, persistedOpStateExpiryEpochSec: 0}
2024-01-30 07:48:33,468 [EventQueue-NewNodeForNewNodeHandler] INFO  pipeline.BackgroundPipelineCreator (BackgroundPipelineCreator.java:notifyEventTriggered(280)) - trigger a one-shot run on RatisPipelineUtilsThread.
2024-01-30 07:48:33,468 [main] INFO  ozone.MiniOzoneClusterImpl (MiniOzoneClusterImpl.java:lambda$waitForClusterToBeReady$0(229)) - Nodes are ready. Got 6 of 6 DN Heartbeats.
2024-01-30 07:48:33,468 [main] INFO  ozone.MiniOzoneClusterImpl (MiniOzoneClusterImpl.java:lambda$waitForClusterToBeReady$0(232)) - Waiting for cluster to exit safe mode
2024-01-30 07:48:33,469 [main] INFO  ozone.MiniOzoneClusterImpl (MiniOzoneClusterImpl.java:lambda$waitForClusterToBeReady$0(234)) - SCM became leader
2024-01-30 07:48:33,469 [RatisPipelineUtilsThread-0] INFO  pipeline.RatisPipelineProvider (RatisPipelineProvider.java:lambda$create$0(206)) - Sending CreatePipelineCommand for pipeline:PipelineID=eb067bd9-c5d6-4c68-8b2a-fb520fcb7d25 to datanode:42bb30bf-6dde-4b10-b68e-ce189e81f0fd
2024-01-30 07:48:33,469 [RatisPipelineUtilsThread-0] INFO  pipeline.RatisPipelineProvider (RatisPipelineProvider.java:lambda$create$0(206)) - Sending CreatePipelineCommand for pipeline:PipelineID=eb067bd9-c5d6-4c68-8b2a-fb520fcb7d25 to datanode:53433fb8-bbf6-4d1d-a4a4-8c4d503fb949
2024-01-30 07:48:33,469 [RatisPipelineUtilsThread-0] INFO  pipeline.RatisPipelineProvider (RatisPipelineProvider.java:lambda$create$0(206)) - Sending CreatePipelineCommand for pipeline:PipelineID=eb067bd9-c5d6-4c68-8b2a-fb520fcb7d25 to datanode:33e454d1-da2d-4d19-a678-883106399134
2024-01-30 07:48:33,470 [RatisPipelineUtilsThread-0] INFO  pipeline.BackgroundPipelineCreator (BackgroundPipelineCreator.java:createPipelines(236)) - Created new pipeline Pipeline[ Id: eb067bd9-c5d6-4c68-8b2a-fb520fcb7d25, Nodes: 42bb30bf-6dde-4b10-b68e-ce189e81f0fd(fv-az1436-717.rp122gijlobebpuychzvuh3j3h.bx.internal.cloudapp.net/10.1.0.48)53433fb8-bbf6-4d1d-a4a4-8c4d503fb949(fv-az1436-717.rp122gijlobebpuychzvuh3j3h.bx.internal.cloudapp.net/10.1.0.48)33e454d1-da2d-4d19-a678-883106399134(fv-az1436-717.rp122gijlobebpuychzvuh3j3h.bx.internal.cloudapp.net/10.1.0.48), ReplicationConfig: RATIS/THREE, State:ALLOCATED, leaderId:, CreationTimestamp2024-01-30T07:48:33.469Z[Etc/UTC]]
2024-01-30 07:48:33,470 [RatisPipelineUtilsThread-0] INFO  pipeline.RatisPipelineProvider (RatisPipelineProvider.java:lambda$create$0(206)) - Sending CreatePipelineCommand for pipeline:PipelineID=a6df5248-7441-4f56-b9a1-d8fdf9f2816d to datanode:42bb30bf-6dde-4b10-b68e-ce189e81f0fd
2024-01-30 07:48:33,470 [RatisPipelineUtilsThread-0] INFO  pipeline.RatisPipelineProvider (RatisPipelineProvider.java:lambda$create$0(206)) - Sending CreatePipelineCommand for pipeline:PipelineID=a6df5248-7441-4f56-b9a1-d8fdf9f2816d to datanode:33e454d1-da2d-4d19-a678-883106399134
2024-01-30 07:48:33,470 [RatisPipelineUtilsThread-0] INFO  pipeline.RatisPipelineProvider (RatisPipelineProvider.java:lambda$create$0(206)) - Sending CreatePipelineCommand for pipeline:PipelineID=a6df5248-7441-4f56-b9a1-d8fdf9f2816d to datanode:53433fb8-bbf6-4d1d-a4a4-8c4d503fb949
2024-01-30 07:48:33,471 [RatisPipelineUtilsThread-0] INFO  pipeline.PipelineManagerImpl (PipelineManagerImpl.java:recordMetricsForPipeline(916)) - Pipeline: PipelineID=a6df5248-7441-4f56-b9a1-d8fdf9f2816d contains same datanodes as previous pipelines: PipelineID=eb067bd9-c5d6-4c68-8b2a-fb520fcb7d25 nodeIds: 42bb30bf-6dde-4b10-b68e-ce189e81f0fd, 33e454d1-da2d-4d19-a678-883106399134, 53433fb8-bbf6-4d1d-a4a4-8c4d503fb949
2024-01-30 07:48:33,471 [RatisPipelineUtilsThread-0] INFO  pipeline.BackgroundPipelineCreator (BackgroundPipelineCreator.java:createPipelines(236)) - Created new pipeline Pipeline[ Id: a6df5248-7441-4f56-b9a1-d8fdf9f2816d, Nodes: 42bb30bf-6dde-4b10-b68e-ce189e81f0fd(fv-az1436-717.rp122gijlobebpuychzvuh3j3h.bx.internal.cloudapp.net/10.1.0.48)33e454d1-da2d-4d19-a678-883106399134(fv-az1436-717.rp122gijlobebpuychzvuh3j3h.bx.internal.cloudapp.net/10.1.0.48)53433fb8-bbf6-4d1d-a4a4-8c4d503fb949(fv-az1436-717.rp122gijlobebpuychzvuh3j3h.bx.internal.cloudapp.net/10.1.0.48), ReplicationConfig: RATIS/THREE, State:ALLOCATED, leaderId:, CreationTimestamp2024-01-30T07:48:33.470Z[Etc/UTC]]
2024-01-30 07:48:34,469 [main] INFO  ozone.MiniOzoneClusterImpl (MiniOzoneClusterImpl.java:lambda$waitForClusterToBeReady$0(229)) - Nodes are ready. Got 6 of 6 DN Heartbeats.
2024-01-30 07:48:34,469 [main] INFO  ozone.MiniOzoneClusterImpl (MiniOzoneClusterImpl.java:lambda$waitForClusterToBeReady$0(232)) - Waiting for cluster to exit safe mode
2024-01-30 07:48:34,469 [main] INFO  ozone.MiniOzoneClusterImpl (MiniOzoneClusterImpl.java:lambda$waitForClusterToBeReady$0(234)) - SCM became leader
2024-01-30 07:48:35,470 [main] INFO  ozone.MiniOzoneClusterImpl (MiniOzoneClusterImpl.java:lambda$waitForClusterToBeReady$0(229)) - Nodes are ready. Got 6 of 6 DN Heartbeats.
2024-01-30 07:48:35,470 [main] INFO  ozone.MiniOzoneClusterImpl (MiniOzoneClusterImpl.java:lambda$waitForClusterToBeReady$0(232)) - Waiting for cluster to exit safe mode
2024-01-30 07:48:35,470 [main] INFO  ozone.MiniOzoneClusterImpl (MiniOzoneClusterImpl.java:lambda$waitForClusterToBeReady$0(234)) - SCM became leader
2024-01-30 07:48:35,984 [2a934876-6cad-418e-9d99-0b91c92fbe5b-PipelineCommandHandlerThread-0] INFO  server.RaftServer (RaftServerProxy.java:addNew(100)) - 2a934876-6cad-418e-9d99-0b91c92fbe5b: addNew group-09F0C667257B:[84e2f200-b83f-4514-9762-a3bf8832ea50|10.1.0.48:15120, 971c1615-1531-4bff-8b79-adf9a27d7f54|10.1.0.48:15129, 2a934876-6cad-418e-9d99-0b91c92fbe5b|10.1.0.48:15111] returns group-09F0C667257B:java.util.concurrent.CompletableFuture@3274093f[Not completed]
2024-01-30 07:48:35,985 [2a934876-6cad-418e-9d99-0b91c92fbe5b-groupManagement] INFO  server.RaftServer$Division (RaftServerImpl.java:<init>(256)) - 2a934876-6cad-418e-9d99-0b91c92fbe5b: new RaftServerImpl for group-09F0C667257B:[84e2f200-b83f-4514-9762-a3bf8832ea50|10.1.0.48:15120, 971c1615-1531-4bff-8b79-adf9a27d7f54|10.1.0.48:15129, 2a934876-6cad-418e-9d99-0b91c92fbe5b|10.1.0.48:15111] with ContainerStateMachine:uninitialized
2024-01-30 07:48:35,985 [2a934876-6cad-418e-9d99-0b91c92fbe5b-groupManagement] INFO  server.RaftServerConfigKeys (ConfUtils.java:logGet(46)) - raft.server.rpc.timeout.min = 5s (custom)
2024-01-30 07:48:35,985 [2a934876-6cad-418e-9d99-0b91c92fbe5b-groupManagement] INFO  server.RaftServerConfigKeys (ConfUtils.java:logGet(46)) - raft.server.rpc.timeout.max = 5200ms (custom)
2024-01-30 07:48:35,985 [2a934876-6cad-418e-9d99-0b91c92fbe5b-groupManagement] INFO  server.RaftServerConfigKeys (ConfUtils.java:logGet(46)) - raft.server.rpc.sleep.time = 25ms (default)
2024-01-30 07:48:35,985 [2a934876-6cad-418e-9d99-0b91c92fbe5b-groupManagement] INFO  server.RaftServerConfigKeys (ConfUtils.java:logGet(46)) - raft.server.rpc.slowness.timeout = 300s (custom)
2024-01-30 07:48:35,985 [2a934876-6cad-418e-9d99-0b91c92fbe5b-groupManagement] INFO  server.RaftServerConfigKeys (ConfUtils.java:logGet(46)) - raft.server.leaderelection.leader.step-down.wait-time = 10s (default)
2024-01-30 07:48:35,986 [2a934876-6cad-418e-9d99-0b91c92fbe5b-groupManagement] INFO  server.RaftServerConfigKeys (ConfUtils.java:logGet(46)) - raft.server.leaderelection.member.majority-add = false (default)
2024-01-30 07:48:35,986 [2a934876-6cad-418e-9d99-0b91c92fbe5b-groupManagement] INFO  server.RaftServerConfigKeys (ConfUtils.java:logGet(46)) - raft.server.sleep.deviation.threshold = 300ms (default)
2024-01-30 07:48:35,986 [2a934876-6cad-418e-9d99-0b91c92fbe5b-groupManagement] INFO  server.RaftServer$Division (ServerState.java:<init>(113)) - 2a934876-6cad-418e-9d99-0b91c92fbe5b@group-09F0C667257B: ConfigurationManager, init=-1: peers:[84e2f200-b83f-4514-9762-a3bf8832ea50|10.1.0.48:15120, 971c1615-1531-4bff-8b79-adf9a27d7f54|10.1.0.48:15129, 2a934876-6cad-418e-9d99-0b91c92fbe5b|10.1.0.48:15111]|listeners:[], old=null, confs=<EMPTY_MAP>
2024-01-30 07:48:35,986 [2a934876-6cad-418e-9d99-0b91c92fbe5b-groupManagement] INFO  server.RaftServerConfigKeys (ConfUtils.java:logGet(46)) - raft.server.notification.no-leader.timeout = 300s (custom)
2024-01-30 07:48:35,986 [2a934876-6cad-418e-9d99-0b91c92fbe5b-groupManagement] INFO  server.RaftServerConfigKeys (ConfUtils.java:logGet(46)) - raft.server.read.timeout = 10s (default)
2024-01-30 07:48:35,986 [2a934876-6cad-418e-9d99-0b91c92fbe5b-groupManagement] INFO  server.RaftServerConfigKeys (ConfUtils.java:logGet(46)) - raft.server.retrycache.expirytime = 600000ms (custom)
2024-01-30 07:48:35,986 [2a934876-6cad-418e-9d99-0b91c92fbe5b-groupManagement] INFO  server.RaftServerConfigKeys (ConfUtils.java:logGet(46)) - raft.server.retrycache.statistics.expirytime = 100ms (default)
2024-01-30 07:48:35,986 [2a934876-6cad-418e-9d99-0b91c92fbe5b-groupManagement] INFO  server.RaftServerConfigKeys (ConfUtils.java:logGet(46)) - raft.server.read.option = DEFAULT (default)
2024-01-30 07:48:35,986 [2a934876-6cad-418e-9d99-0b91c92fbe5b-groupManagement] INFO  server.RaftServerConfigKeys (ConfUtils.java:logGet(46)) - raft.server.read.read-after-write-consistent.write-index-cache.expiry-time = 60s (default)
2024-01-30 07:48:35,988 [2a934876-6cad-418e-9d99-0b91c92fbe5b-groupManagement] INFO  server.RaftServerConfigKeys (ConfUtils.java:logGet(46)) - raft.server.rpc.request.timeout = 60s (custom)
2024-01-30 07:48:35,988 [2a934876-6cad-418e-9d99-0b91c92fbe5b-groupManagement] INFO  server.RaftServerConfigKeys (ConfUtils.java:logGet(46)) - raft.server.log.appender.install.snapshot.enabled = false (custom)
2024-01-30 07:48:35,988 [2a934876-6cad-418e-9d99-0b91c92fbe5b-groupManagement] INFO  server.RaftServerConfigKeys (ConfUtils.java:logGet(46)) - raft.server.threadpool.server.cached = true (default)
2024-01-30 07:48:35,988 [2a934876-6cad-418e-9d99-0b91c92fbe5b-groupManagement] INFO  server.RaftServerConfigKeys (ConfUtils.java:logGet(46)) - raft.server.threadpool.server.size = 0 (default)
2024-01-30 07:48:35,988 [2a934876-6cad-418e-9d99-0b91c92fbe5b-groupManagement] INFO  server.RaftServerConfigKeys (ConfUtils.java:logGet(46)) - raft.server.threadpool.client.cached = true (default)
2024-01-30 07:48:35,988 [2a934876-6cad-418e-9d99-0b91c92fbe5b-groupManagement] INFO  server.RaftServerConfigKeys (ConfUtils.java:logGet(46)) - raft.server.threadpool.client.size = 0 (default)
2024-01-30 07:48:35,988 [2a934876-6cad-418e-9d99-0b91c92fbe5b-groupManagement] INFO  server.RaftServerConfigKeys (ConfUtils.java:logGet(46)) - raft.server.storage.free-space.min = 0MB (=0) (default)
2024-01-30 07:48:35,988 [2a934876-6cad-418e-9d99-0b91c92fbe5b-groupManagement] INFO  server.RaftServerConfigKeys (ConfUtils.java:logGet(46)) - raft.server.log.corruption.policy = EXCEPTION (default)
2024-01-30 07:48:35,988 [2a934876-6cad-418e-9d99-0b91c92fbe5b-groupManagement] INFO  server.RaftServerConfigKeys (ConfUtils.java:logGet(46)) - raft.server.storage.dir = [/home/runner/work/ozone/ozone/hadoop-ozone/integration-test/target/test-dir/MiniOzoneClusterImpl-22134a4f-1b78-467c-b266-ccfd401dbc1a/datanode-0/data/ratis] (custom)
2024-01-30 07:48:35,988 [2a934876-6cad-418e-9d99-0b91c92fbe5b-groupManagement] INFO  storage.RaftStorageDirectory (RaftStorageDirectoryImpl.java:analyzeStorage(138)) - The storage directory /home/runner/work/ozone/ozone/hadoop-ozone/integration-test/target/test-dir/MiniOzoneClusterImpl-22134a4f-1b78-467c-b266-ccfd401dbc1a/datanode-0/data/ratis/499ed13b-644a-4b8a-94b8-09f0c667257b does not exist. Creating ...
2024-01-30 07:48:35,990 [2a934876-6cad-418e-9d99-0b91c92fbe5b-groupManagement] INFO  storage.RaftStorageDirectory (RaftStorageDirectoryImpl.java:tryLock(228)) - Lock on /home/runner/work/ozone/ozone/hadoop-ozone/integration-test/target/test-dir/MiniOzoneClusterImpl-22134a4f-1b78-467c-b266-ccfd401dbc1a/datanode-0/data/ratis/499ed13b-644a-4b8a-94b8-09f0c667257b/in_use.lock acquired by nodename 92995@fv-az1436-717
2024-01-30 07:48:35,991 [2a934876-6cad-418e-9d99-0b91c92fbe5b-groupManagement] INFO  storage.RaftStorage (RaftStorageImpl.java:format(99)) - Storage directory /home/runner/work/ozone/ozone/hadoop-ozone/integration-test/target/test-dir/MiniOzoneClusterImpl-22134a4f-1b78-467c-b266-ccfd401dbc1a/datanode-0/data/ratis/499ed13b-644a-4b8a-94b8-09f0c667257b has been successfully formatted.
2024-01-30 07:48:35,991 [2a934876-6cad-418e-9d99-0b91c92fbe5b-groupManagement] WARN  util.FileUtils (LogUtils.java:supplyAndLog(63)) - Failed to Files.newInputStream /home/runner/work/ozone/ozone/hadoop-ozone/integration-test/target/test-dir/MiniOzoneClusterImpl-22134a4f-1b78-467c-b266-ccfd401dbc1a/datanode-0/data/ratis/499ed13b-644a-4b8a-94b8-09f0c667257b/current/raft-meta.conf with options []: java.nio.file.NoSuchFileException: /home/runner/work/ozone/ozone/hadoop-ozone/integration-test/target/test-dir/MiniOzoneClusterImpl-22134a4f-1b78-467c-b266-ccfd401dbc1a/datanode-0/data/ratis/499ed13b-644a-4b8a-94b8-09f0c667257b/current/raft-meta.conf
2024-01-30 07:48:35,992 [2a934876-6cad-418e-9d99-0b91c92fbe5b-groupManagement] INFO  ratis.ContainerStateMachine (ContainerStateMachine.java:loadSnapshot(287)) - group-09F0C667257B: The snapshot info is null. Setting the last applied index to:(t:0, i:~)
2024-01-30 07:48:35,992 [2a934876-6cad-418e-9d99-0b91c92fbe5b-groupManagement] INFO  server.RaftServerConfigKeys (ConfUtils.java:logGet(46)) - raft.server.log.use.memory = false (default)
2024-01-30 07:48:35,992 [2a934876-6cad-418e-9d99-0b91c92fbe5b-groupManagement] INFO  server.RaftServerConfigKeys (ConfUtils.java:logGet(46)) - raft.server.log.purge.gap = 1000000 (custom)
2024-01-30 07:48:35,992 [2a934876-6cad-418e-9d99-0b91c92fbe5b-groupManagement] INFO  server.RaftServerConfigKeys (ConfUtils.java:logGet(46)) - raft.server.log.appender.buffer.byte-limit = 8388608 (custom)
2024-01-30 07:48:35,992 [2a934876-6cad-418e-9d99-0b91c92fbe5b-groupManagement] INFO  server.RaftServerConfigKeys (ConfUtils.java:logGet(46)) - raft.server.log.statemachine.data.read.timeout = 1000ms (default)
2024-01-30 07:48:35,992 [2a934876-6cad-418e-9d99-0b91c92fbe5b-groupManagement] INFO  server.RaftServerConfigKeys (ConfUtils.java:logGet(46)) - raft.server.log.purge.preservation.log.num = 0 (default)
2024-01-30 07:48:35,993 [2a934876-6cad-418e-9d99-0b91c92fbe5b-groupManagement] INFO  server.RaftServerConfigKeys (ConfUtils.java:logGet(46)) - raft.server.log.segment.size.max = 67108864 (custom)
2024-01-30 07:48:35,993 [2a934876-6cad-418e-9d99-0b91c92fbe5b-groupManagement] INFO  server.RaftServerConfigKeys (ConfUtils.java:logGet(46)) - raft.server.log.segment.cache.num.max = 2 (custom)
2024-01-30 07:48:35,993 [2a934876-6cad-418e-9d99-0b91c92fbe5b-groupManagement] INFO  server.RaftServerConfigKeys (ConfUtils.java:logGet(46)) - raft.server.log.segment.cache.size.max = 200MB (=209715200) (default)
2024-01-30 07:48:35,993 [2a934876-6cad-418e-9d99-0b91c92fbe5b-groupManagement] INFO  server.RaftServerConfigKeys (ConfUtils.java:logGet(46)) - raft.server.log.appender.buffer.byte-limit = 8388608 (custom)
2024-01-30 07:48:35,993 [2a934876-6cad-418e-9d99-0b91c92fbe5b-groupManagement] INFO  util.AwaitToRun (AwaitToRun.java:start(81)) - Thread[2a934876-6cad-418e-9d99-0b91c92fbe5b@group-09F0C667257B-cacheEviction-AwaitToRun,5,main] started
2024-01-30 07:48:35,993 [2a934876-6cad-418e-9d99-0b91c92fbe5b-groupManagement] INFO  segmented.SegmentedRaftLogWorker (SegmentedRaftLogWorker.java:<init>(182)) - new 2a934876-6cad-418e-9d99-0b91c92fbe5b@group-09F0C667257B-SegmentedRaftLogWorker for RaftStorageImpl:Storage Directory /home/runner/work/ozone/ozone/hadoop-ozone/integration-test/target/test-dir/MiniOzoneClusterImpl-22134a4f-1b78-467c-b266-ccfd401dbc1a/datanode-0/data/ratis/499ed13b-644a-4b8a-94b8-09f0c667257b
2024-01-30 07:48:35,993 [2a934876-6cad-418e-9d99-0b91c92fbe5b-groupManagement] INFO  server.RaftServerConfigKeys (ConfUtils.java:logGet(46)) - raft.server.log.queue.byte-limit = 4294967296 (custom)
2024-01-30 07:48:35,994 [2a934876-6cad-418e-9d99-0b91c92fbe5b-groupManagement] INFO  server.RaftServerConfigKeys (ConfUtils.java:logGet(46)) - raft.server.log.queue.element-limit = 1024 (custom)
2024-01-30 07:48:35,994 [2a934876-6cad-418e-9d99-0b91c92fbe5b-groupManagement] INFO  server.RaftServerConfigKeys (ConfUtils.java:logGet(46)) - raft.server.log.segment.size.max = 67108864 (custom)
2024-01-30 07:48:35,994 [2a934876-6cad-418e-9d99-0b91c92fbe5b-groupManagement] INFO  server.RaftServerConfigKeys (ConfUtils.java:logGet(46)) - raft.server.log.preallocated.size = 4194304 (custom)
2024-01-30 07:48:35,994 [2a934876-6cad-418e-9d99-0b91c92fbe5b-groupManagement] INFO  server.RaftServerConfigKeys (ConfUtils.java:logGet(46)) - raft.server.log.force.sync.num = 128 (default)
2024-01-30 07:48:35,994 [2a934876-6cad-418e-9d99-0b91c92fbe5b-groupManagement] INFO  server.RaftServerConfigKeys (ConfUtils.java:logGet(46)) - raft.server.log.statemachine.data.sync = true (default)
2024-01-30 07:48:35,994 [2a934876-6cad-418e-9d99-0b91c92fbe5b-groupManagement] INFO  server.RaftServerConfigKeys (ConfUtils.java:logGet(46)) - raft.server.log.statemachine.data.sync.timeout = 10s (default)
2024-01-30 07:48:35,994 [2a934876-6cad-418e-9d99-0b91c92fbe5b-groupManagement] INFO  server.RaftServerConfigKeys (ConfUtils.java:logGet(46)) - raft.server.log.statemachine.data.sync.timeout.retry = 0 (custom)
2024-01-30 07:48:35,994 [2a934876-6cad-418e-9d99-0b91c92fbe5b-groupManagement] INFO  server.RaftServerConfigKeys (ConfUtils.java:logGet(46)) - raft.server.log.write.buffer.size = 8388616 (custom)
2024-01-30 07:48:35,996 [2a934876-6cad-418e-9d99-0b91c92fbe5b-groupManagement] INFO  server.RaftServerConfigKeys (ConfUtils.java:logGet(46)) - raft.server.log.appender.buffer.byte-limit = 8388608 (custom)
2024-01-30 07:48:35,996 [2a934876-6cad-418e-9d99-0b91c92fbe5b-groupManagement] INFO  server.RaftServerConfigKeys (ConfUtils.java:logGet(46)) - raft.server.log.unsafe-flush.enabled = false (default)
2024-01-30 07:48:35,996 [2a934876-6cad-418e-9d99-0b91c92fbe5b-groupManagement] INFO  server.RaftServerConfigKeys (ConfUtils.java:logGet(46)) - raft.server.log.async-flush.enabled = false (default)
2024-01-30 07:48:35,996 [2a934876-6cad-418e-9d99-0b91c92fbe5b-groupManagement] INFO  server.RaftServerConfigKeys (ConfUtils.java:logGet(46)) - raft.server.log.statemachine.data.caching.enabled = true (custom)
2024-01-30 07:48:35,996 [2a934876-6cad-418e-9d99-0b91c92fbe5b-groupManagement] INFO  segmented.SegmentedRaftLogWorker (SegmentedRaftLogWorker.java:lambda$new$0(134)) - 2a934876-6cad-418e-9d99-0b91c92fbe5b@group-09F0C667257B-SegmentedRaftLogWorker: flushIndex: setUnconditionally 0 -> -1
2024-01-30 07:48:35,996 [2a934876-6cad-418e-9d99-0b91c92fbe5b-groupManagement] INFO  segmented.SegmentedRaftLogWorker (SegmentedRaftLogWorker.java:lambda$new$0(134)) - 2a934876-6cad-418e-9d99-0b91c92fbe5b@group-09F0C667257B-SegmentedRaftLogWorker: safeCacheEvictIndex: setUnconditionally 0 -> -1
2024-01-30 07:48:35,996 [2a934876-6cad-418e-9d99-0b91c92fbe5b-groupManagement] INFO  server.RaftServer$Division (RaftServerImpl.java:start(396)) - 2a934876-6cad-418e-9d99-0b91c92fbe5b@group-09F0C667257B: start as a follower, conf=-1: peers:[84e2f200-b83f-4514-9762-a3bf8832ea50|10.1.0.48:15120, 971c1615-1531-4bff-8b79-adf9a27d7f54|10.1.0.48:15129, 2a934876-6cad-418e-9d99-0b91c92fbe5b|10.1.0.48:15111]|listeners:[], old=null
2024-01-30 07:48:35,996 [2a934876-6cad-418e-9d99-0b91c92fbe5b-groupManagement] INFO  server.RaftServer$Division (RaftServerImpl.java:setRole(383)) - 2a934876-6cad-418e-9d99-0b91c92fbe5b@group-09F0C667257B: changes role from      null to FOLLOWER at term 0 for startAsFollower
2024-01-30 07:48:35,997 [2a934876-6cad-418e-9d99-0b91c92fbe5b-groupManagement] INFO  impl.RoleInfo (RoleInfo.java:updateAndGet(139)) - 2a934876-6cad-418e-9d99-0b91c92fbe5b: start 2a934876-6cad-418e-9d99-0b91c92fbe5b@group-09F0C667257B-FollowerState
2024-01-30 07:48:35,997 [2a934876-6cad-418e-9d99-0b91c92fbe5b@group-09F0C667257B-FollowerState] INFO  server.RaftServerConfigKeys (ConfUtils.java:logFallback(53)) - raft.server.rpc.first-election.timeout.min = 5s (fallback to raft.server.rpc.timeout.min)
2024-01-30 07:48:35,997 [2a934876-6cad-418e-9d99-0b91c92fbe5b@group-09F0C667257B-FollowerState] INFO  server.RaftServerConfigKeys (ConfUtils.java:logFallback(53)) - raft.server.rpc.first-election.timeout.max = 5200ms (fallback to raft.server.rpc.timeout.max)
2024-01-30 07:48:35,997 [2a934876-6cad-418e-9d99-0b91c92fbe5b-groupManagement] INFO  util.JmxRegister (JmxRegister.java:tryRegister(44)) - Successfully registered JMX Bean with object name Ratis:service=RaftServer,group=group-09F0C667257B,id=2a934876-6cad-418e-9d99-0b91c92fbe5b
2024-01-30 07:48:35,997 [2a934876-6cad-418e-9d99-0b91c92fbe5b-groupManagement] INFO  server.RaftServerConfigKeys (ConfUtils.java:logGet(46)) - raft.server.snapshot.trigger-when-stop.enabled = true (default)
2024-01-30 07:48:35,997 [2a934876-6cad-418e-9d99-0b91c92fbe5b-groupManagement] INFO  server.RaftServerConfigKeys (ConfUtils.java:logGet(46)) - raft.server.snapshot.auto.trigger.enabled = true (custom)
2024-01-30 07:48:35,997 [2a934876-6cad-418e-9d99-0b91c92fbe5b-groupManagement] INFO  server.RaftServerConfigKeys (ConfUtils.java:logGet(46)) - raft.server.snapshot.auto.trigger.threshold = 10000 (custom)
2024-01-30 07:48:35,997 [2a934876-6cad-418e-9d99-0b91c92fbe5b-groupManagement] INFO  server.RaftServerConfigKeys (ConfUtils.java:logGet(46)) - raft.server.snapshot.retention.file.num = 5 (custom)
2024-01-30 07:48:35,997 [2a934876-6cad-418e-9d99-0b91c92fbe5b-groupManagement] INFO  server.RaftServerConfigKeys (ConfUtils.java:logGet(46)) - raft.server.log.purge.upto.snapshot.index = false (default)
2024-01-30 07:48:35,998 [2a934876-6cad-418e-9d99-0b91c92fbe5b-PipelineCommandHandlerThread-0] INFO  ratis.XceiverServerRatis (XceiverServerRatis.java:addGroup(864)) - Created group PipelineID=499ed13b-644a-4b8a-94b8-09f0c667257b
2024-01-30 07:48:36,005 [grpc-default-executor-5] INFO  server.RaftServer (RaftServerProxy.java:addNew(100)) - 971c1615-1531-4bff-8b79-adf9a27d7f54: addNew group-09F0C667257B:[84e2f200-b83f-4514-9762-a3bf8832ea50|10.1.0.48:15120, 971c1615-1531-4bff-8b79-adf9a27d7f54|10.1.0.48:15129, 2a934876-6cad-418e-9d99-0b91c92fbe5b|10.1.0.48:15111] returns group-09F0C667257B:java.util.concurrent.CompletableFuture@2e76e0bb[Not completed]
2024-01-30 07:48:36,006 [971c1615-1531-4bff-8b79-adf9a27d7f54-groupManagement] INFO  server.RaftServer$Division (RaftServerImpl.java:<init>(256)) - 971c1615-1531-4bff-8b79-adf9a27d7f54: new RaftServerImpl for group-09F0C667257B:[84e2f200-b83f-4514-9762-a3bf8832ea50|10.1.0.48:15120, 971c1615-1531-4bff-8b79-adf9a27d7f54|10.1.0.48:15129, 2a934876-6cad-418e-9d99-0b91c92fbe5b|10.1.0.48:15111] with ContainerStateMachine:uninitialized
2024-01-30 07:48:36,006 [971c1615-1531-4bff-8b79-adf9a27d7f54-groupManagement] INFO  server.RaftServerConfigKeys (ConfUtils.java:logGet(46)) - raft.server.rpc.timeout.min = 5s (custom)
2024-01-30 07:48:36,006 [971c1615-1531-4bff-8b79-adf9a27d7f54-groupManagement] INFO  server.RaftServerConfigKeys (ConfUtils.java:logGet(46)) - raft.server.rpc.timeout.max = 5200ms (custom)
2024-01-30 07:48:36,006 [971c1615-1531-4bff-8b79-adf9a27d7f54-groupManagement] INFO  server.RaftServerConfigKeys (ConfUtils.java:logGet(46)) - raft.server.rpc.sleep.time = 25ms (default)
2024-01-30 07:48:36,006 [971c1615-1531-4bff-8b79-adf9a27d7f54-groupManagement] INFO  server.RaftServerConfigKeys (ConfUtils.java:logGet(46)) - raft.server.rpc.slowness.timeout = 300s (custom)
2024-01-30 07:48:36,006 [971c1615-1531-4bff-8b79-adf9a27d7f54-groupManagement] INFO  server.RaftServerConfigKeys (ConfUtils.java:logGet(46)) - raft.server.leaderelection.leader.step-down.wait-time = 10s (default)
2024-01-30 07:48:36,006 [971c1615-1531-4bff-8b79-adf9a27d7f54-groupManagement] INFO  server.RaftServerConfigKeys (ConfUtils.java:logGet(46)) - raft.server.leaderelection.member.majority-add = false (default)
2024-01-30 07:48:36,006 [971c1615-1531-4bff-8b79-adf9a27d7f54-groupManagement] INFO  server.RaftServerConfigKeys (ConfUtils.java:logGet(46)) - raft.server.sleep.deviation.threshold = 300ms (default)
2024-01-30 07:48:36,006 [971c1615-1531-4bff-8b79-adf9a27d7f54-groupManagement] INFO  server.RaftServer$Division (ServerState.java:<init>(113)) - 971c1615-1531-4bff-8b79-adf9a27d7f54@group-09F0C667257B: ConfigurationManager, init=-1: peers:[84e2f200-b83f-4514-9762-a3bf8832ea50|10.1.0.48:15120, 971c1615-1531-4bff-8b79-adf9a27d7f54|10.1.0.48:15129, 2a934876-6cad-418e-9d99-0b91c92fbe5b|10.1.0.48:15111]|listeners:[], old=null, confs=<EMPTY_MAP>
2024-01-30 07:48:36,007 [971c1615-1531-4bff-8b79-adf9a27d7f54-groupManagement] INFO  server.RaftServerConfigKeys (ConfUtils.java:logGet(46)) - raft.server.notification.no-leader.timeout = 300s (custom)
2024-01-30 07:48:36,007 [971c1615-1531-4bff-8b79-adf9a27d7f54-groupManagement] INFO  server.RaftServerConfigKeys (ConfUtils.java:logGet(46)) - raft.server.read.timeout = 10s (default)
2024-01-30 07:48:36,007 [971c1615-1531-4bff-8b79-adf9a27d7f54-groupManagement] INFO  server.RaftServerConfigKeys (ConfUtils.java:logGet(46)) - raft.server.retrycache.expirytime = 600000ms (custom)
2024-01-30 07:48:36,007 [971c1615-1531-4bff-8b79-adf9a27d7f54-groupManagement] INFO  server.RaftServerConfigKeys (ConfUtils.java:logGet(46)) - raft.server.retrycache.statistics.expirytime = 100ms (default)
2024-01-30 07:48:36,007 [971c1615-1531-4bff-8b79-adf9a27d7f54-groupManagement] INFO  server.RaftServerConfigKeys (ConfUtils.java:logGet(46)) - raft.server.read.option = DEFAULT (default)
2024-01-30 07:48:36,007 [971c1615-1531-4bff-8b79-adf9a27d7f54-groupManagement] INFO  server.RaftServerConfigKeys (ConfUtils.java:logGet(46)) - raft.server.read.read-after-write-consistent.write-index-cache.expiry-time = 60s (default)
2024-01-30 07:48:36,008 [971c1615-1531-4bff-8b79-adf9a27d7f54-groupManagement] INFO  server.RaftServerConfigKeys (ConfUtils.java:logGet(46)) - raft.server.rpc.request.timeout = 60s (custom)
2024-01-30 07:48:36,009 [971c1615-1531-4bff-8b79-adf9a27d7f54-groupManagement] INFO  server.RaftServerConfigKeys (ConfUtils.java:logGet(46)) - raft.server.log.appender.install.snapshot.enabled = false (custom)
2024-01-30 07:48:36,009 [971c1615-1531-4bff-8b79-adf9a27d7f54-groupManagement] INFO  server.RaftServerConfigKeys (ConfUtils.java:logGet(46)) - raft.server.threadpool.server.cached = true (default)
2024-01-30 07:48:36,009 [971c1615-1531-4bff-8b79-adf9a27d7f54-groupManagement] INFO  server.RaftServerConfigKeys (ConfUtils.java:logGet(46)) - raft.server.threadpool.server.size = 0 (default)
2024-01-30 07:48:36,009 [971c1615-1531-4bff-8b79-adf9a27d7f54-groupManagement] INFO  server.RaftServerConfigKeys (ConfUtils.java:logGet(46)) - raft.server.threadpool.client.cached = true (default)
2024-01-30 07:48:36,009 [971c1615-1531-4bff-8b79-adf9a27d7f54-groupManagement] INFO  server.RaftServerConfigKeys (ConfUtils.java:logGet(46)) - raft.server.threadpool.client.size = 0 (default)
2024-01-30 07:48:36,009 [971c1615-1531-4bff-8b79-adf9a27d7f54-groupManagement] INFO  server.RaftServerConfigKeys (ConfUtils.java:logGet(46)) - raft.server.storage.free-space.min = 0MB (=0) (default)
2024-01-30 07:48:36,009 [971c1615-1531-4bff-8b79-adf9a27d7f54-groupManagement] INFO  server.RaftServerConfigKeys (ConfUtils.java:logGet(46)) - raft.server.log.corruption.policy = EXCEPTION (default)
2024-01-30 07:48:36,009 [971c1615-1531-4bff-8b79-adf9a27d7f54-groupManagement] INFO  server.RaftServerConfigKeys (ConfUtils.java:logGet(46)) - raft.server.storage.dir = [/home/runner/work/ozone/ozone/hadoop-ozone/integration-test/target/test-dir/MiniOzoneClusterImpl-22134a4f-1b78-467c-b266-ccfd401dbc1a/datanode-2/data/ratis] (custom)
2024-01-30 07:48:36,009 [971c1615-1531-4bff-8b79-adf9a27d7f54-groupManagement] INFO  storage.RaftStorageDirectory (RaftStorageDirectoryImpl.java:analyzeStorage(138)) - The storage directory /home/runner/work/ozone/ozone/hadoop-ozone/integration-test/target/test-dir/MiniOzoneClusterImpl-22134a4f-1b78-467c-b266-ccfd401dbc1a/datanode-2/data/ratis/499ed13b-644a-4b8a-94b8-09f0c667257b does not exist. Creating ...
2024-01-30 07:48:36,010 [971c1615-1531-4bff-8b79-adf9a27d7f54-groupManagement] INFO  storage.RaftStorageDirectory (RaftStorageDirectoryImpl.java:tryLock(228)) - Lock on /home/runner/work/ozone/ozone/hadoop-ozone/integration-test/target/test-dir/MiniOzoneClusterImpl-22134a4f-1b78-467c-b266-ccfd401dbc1a/datanode-2/data/ratis/499ed13b-644a-4b8a-94b8-09f0c667257b/in_use.lock acquired by nodename 92995@fv-az1436-717
2024-01-30 07:48:36,011 [971c1615-1531-4bff-8b79-adf9a27d7f54-groupManagement] INFO  storage.RaftStorage (RaftStorageImpl.java:format(99)) - Storage directory /home/runner/work/ozone/ozone/hadoop-ozone/integration-test/target/test-dir/MiniOzoneClusterImpl-22134a4f-1b78-467c-b266-ccfd401dbc1a/datanode-2/data/ratis/499ed13b-644a-4b8a-94b8-09f0c667257b has been successfully formatted.
2024-01-30 07:48:36,011 [971c1615-1531-4bff-8b79-adf9a27d7f54-groupManagement] WARN  util.FileUtils (LogUtils.java:supplyAndLog(63)) - Failed to Files.newInputStream /home/runner/work/ozone/ozone/hadoop-ozone/integration-test/target/test-dir/MiniOzoneClusterImpl-22134a4f-1b78-467c-b266-ccfd401dbc1a/datanode-2/data/ratis/499ed13b-644a-4b8a-94b8-09f0c667257b/current/raft-meta.conf with options []: java.nio.file.NoSuchFileException: /home/runner/work/ozone/ozone/hadoop-ozone/integration-test/target/test-dir/MiniOzoneClusterImpl-22134a4f-1b78-467c-b266-ccfd401dbc1a/datanode-2/data/ratis/499ed13b-644a-4b8a-94b8-09f0c667257b/current/raft-meta.conf
2024-01-30 07:48:36,012 [971c1615-1531-4bff-8b79-adf9a27d7f54-groupManagement] INFO  ratis.ContainerStateMachine (ContainerStateMachine.java:loadSnapshot(287)) - group-09F0C667257B: The snapshot info is null. Setting the last applied index to:(t:0, i:~)
2024-01-30 07:48:36,012 [971c1615-1531-4bff-8b79-adf9a27d7f54-groupManagement] INFO  server.RaftServerConfigKeys (ConfUtils.java:logGet(46)) - raft.server.log.use.memory = false (default)
2024-01-30 07:48:36,012 [971c1615-1531-4bff-8b79-adf9a27d7f54-groupManagement] INFO  server.RaftServerConfigKeys (ConfUtils.java:logGet(46)) - raft.server.log.purge.gap = 1000000 (custom)
2024-01-30 07:48:36,012 [971c1615-1531-4bff-8b79-adf9a27d7f54-groupManagement] INFO  server.RaftServerConfigKeys (ConfUtils.java:logGet(46)) - raft.server.log.appender.buffer.byte-limit = 8388608 (custom)
2024-01-30 07:48:36,012 [971c1615-1531-4bff-8b79-adf9a27d7f54-groupManagement] INFO  server.RaftServerConfigKeys (ConfUtils.java:logGet(46)) - raft.server.log.statemachine.data.read.timeout = 1000ms (default)
2024-01-30 07:48:36,012 [971c1615-1531-4bff-8b79-adf9a27d7f54-groupManagement] INFO  server.RaftServerConfigKeys (ConfUtils.java:logGet(46)) - raft.server.log.purge.preservation.log.num = 0 (default)
2024-01-30 07:48:36,013 [971c1615-1531-4bff-8b79-adf9a27d7f54-groupManagement] INFO  server.RaftServerConfigKeys (ConfUtils.java:logGet(46)) - raft.server.log.segment.size.max = 67108864 (custom)
2024-01-30 07:48:36,013 [971c1615-1531-4bff-8b79-adf9a27d7f54-groupManagement] INFO  server.RaftServerConfigKeys (ConfUtils.java:logGet(46)) - raft.server.log.segment.cache.num.max = 2 (custom)
2024-01-30 07:48:36,013 [971c1615-1531-4bff-8b79-adf9a27d7f54-groupManagement] INFO  server.RaftServerConfigKeys (ConfUtils.java:logGet(46)) - raft.server.log.segment.cache.size.max = 200MB (=209715200) (default)
2024-01-30 07:48:36,013 [971c1615-1531-4bff-8b79-adf9a27d7f54-groupManagement] INFO  server.RaftServerConfigKeys (ConfUtils.java:logGet(46)) - raft.server.log.appender.buffer.byte-limit = 8388608 (custom)
2024-01-30 07:48:36,013 [971c1615-1531-4bff-8b79-adf9a27d7f54-groupManagement] INFO  util.AwaitToRun (AwaitToRun.java:start(81)) - Thread[971c1615-1531-4bff-8b79-adf9a27d7f54@group-09F0C667257B-cacheEviction-AwaitToRun,5,main] started
2024-01-30 07:48:36,014 [971c1615-1531-4bff-8b79-adf9a27d7f54-groupManagement] INFO  segmented.SegmentedRaftLogWorker (SegmentedRaftLogWorker.java:<init>(182)) - new 971c1615-1531-4bff-8b79-adf9a27d7f54@group-09F0C667257B-SegmentedRaftLogWorker for RaftStorageImpl:Storage Directory /home/runner/work/ozone/ozone/hadoop-ozone/integration-test/target/test-dir/MiniOzoneClusterImpl-22134a4f-1b78-467c-b266-ccfd401dbc1a/datanode-2/data/ratis/499ed13b-644a-4b8a-94b8-09f0c667257b
2024-01-30 07:48:36,014 [971c1615-1531-4bff-8b79-adf9a27d7f54-groupManagement] INFO  server.RaftServerConfigKeys (ConfUtils.java:logGet(46)) - raft.server.log.queue.byte-limit = 4294967296 (custom)
2024-01-30 07:48:36,014 [971c1615-1531-4bff-8b79-adf9a27d7f54-groupManagement] INFO  server.RaftServerConfigKeys (ConfUtils.java:logGet(46)) - raft.server.log.queue.element-limit = 1024 (custom)
2024-01-30 07:48:36,014 [971c1615-1531-4bff-8b79-adf9a27d7f54-groupManagement] INFO  server.RaftServerConfigKeys (ConfUtils.java:logGet(46)) - raft.server.log.segment.size.max = 67108864 (custom)
2024-01-30 07:48:36,014 [971c1615-1531-4bff-8b79-adf9a27d7f54-groupManagement] INFO  server.RaftServerConfigKeys (ConfUtils.java:logGet(46)) - raft.server.log.preallocated.size = 4194304 (custom)
2024-01-30 07:48:36,014 [971c1615-1531-4bff-8b79-adf9a27d7f54-groupManagement] INFO  server.RaftServerConfigKeys (ConfUtils.java:logGet(46)) - raft.server.log.force.sync.num = 128 (default)
2024-01-30 07:48:36,014 [971c1615-1531-4bff-8b79-adf9a27d7f54-groupManagement] INFO  server.RaftServerConfigKeys (ConfUtils.java:logGet(46)) - raft.server.log.statemachine.data.sync = true (default)
2024-01-30 07:48:36,014 [971c1615-1531-4bff-8b79-adf9a27d7f54-groupManagement] INFO  server.RaftServerConfigKeys (ConfUtils.java:logGet(46)) - raft.server.log.statemachine.data.sync.timeout = 10s (default)
2024-01-30 07:48:36,014 [971c1615-1531-4bff-8b79-adf9a27d7f54-groupManagement] INFO  server.RaftServerConfigKeys (ConfUtils.java:logGet(46)) - raft.server.log.statemachine.data.sync.timeout.retry = 0 (custom)
2024-01-30 07:48:36,014 [971c1615-1531-4bff-8b79-adf9a27d7f54-groupManagement] INFO  server.RaftServerConfigKeys (ConfUtils.java:logGet(46)) - raft.server.log.write.buffer.size = 8388616 (custom)
2024-01-30 07:48:36,016 [971c1615-1531-4bff-8b79-adf9a27d7f54-groupManagement] INFO  server.RaftServerConfigKeys (ConfUtils.java:logGet(46)) - raft.server.log.appender.buffer.byte-limit = 8388608 (custom)
2024-01-30 07:48:36,017 [971c1615-1531-4bff-8b79-adf9a27d7f54-groupManagement] INFO  server.RaftServerConfigKeys (ConfUtils.java:logGet(46)) - raft.server.log.unsafe-flush.enabled = false (default)
2024-01-30 07:48:36,017 [971c1615-1531-4bff-8b79-adf9a27d7f54-groupManagement] INFO  server.RaftServerConfigKeys (ConfUtils.java:logGet(46)) - raft.server.log.async-flush.enabled = false (default)
2024-01-30 07:48:36,017 [971c1615-1531-4bff-8b79-adf9a27d7f54-groupManagement] INFO  server.RaftServerConfigKeys (ConfUtils.java:logGet(46)) - raft.server.log.statemachine.data.caching.enabled = true (custom)
2024-01-30 07:48:36,017 [971c1615-1531-4bff-8b79-adf9a27d7f54-groupManagement] INFO  segmented.SegmentedRaftLogWorker (SegmentedRaftLogWorker.java:lambda$new$0(134)) - 971c1615-1531-4bff-8b79-adf9a27d7f54@group-09F0C667257B-SegmentedRaftLogWorker: flushIndex: setUnconditionally 0 -> -1
2024-01-30 07:48:36,017 [971c1615-1531-4bff-8b79-adf9a27d7f54-groupManagement] INFO  segmented.SegmentedRaftLogWorker (SegmentedRaftLogWorker.java:lambda$new$0(134)) - 971c1615-1531-4bff-8b79-adf9a27d7f54@group-09F0C667257B-SegmentedRaftLogWorker: safeCacheEvictIndex: setUnconditionally 0 -> -1
2024-01-30 07:48:36,017 [971c1615-1531-4bff-8b79-adf9a27d7f54-groupManagement] INFO  server.RaftServer$Division (RaftServerImpl.java:start(396)) - 971c1615-1531-4bff-8b79-adf9a27d7f54@group-09F0C667257B: start as a follower, conf=-1: peers:[84e2f200-b83f-4514-9762-a3bf8832ea50|10.1.0.48:15120, 971c1615-1531-4bff-8b79-adf9a27d7f54|10.1.0.48:15129, 2a934876-6cad-418e-9d99-0b91c92fbe5b|10.1.0.48:15111]|listeners:[], old=null
2024-01-30 07:48:36,017 [971c1615-1531-4bff-8b79-adf9a27d7f54-groupManagement] INFO  server.RaftServer$Division (RaftServerImpl.java:setRole(383)) - 971c1615-1531-4bff-8b79-adf9a27d7f54@group-09F0C667257B: changes role from      null to FOLLOWER at term 0 for startAsFollower
2024-01-30 07:48:36,017 [971c1615-1531-4bff-8b79-adf9a27d7f54-groupManagement] INFO  impl.RoleInfo (RoleInfo.java:updateAndGet(139)) - 971c1615-1531-4bff-8b79-adf9a27d7f54: start 971c1615-1531-4bff-8b79-adf9a27d7f54@group-09F0C667257B-FollowerState
2024-01-30 07:48:36,017 [971c1615-1531-4bff-8b79-adf9a27d7f54@group-09F0C667257B-FollowerState] INFO  server.RaftServerConfigKeys (ConfUtils.java:logFallback(53)) - raft.server.rpc.first-election.timeout.min = 5s (fallback to raft.server.rpc.timeout.min)
2024-01-30 07:48:36,017 [971c1615-1531-4bff-8b79-adf9a27d7f54-groupManagement] INFO  util.JmxRegister (JmxRegister.java:tryRegister(44)) - Successfully registered JMX Bean with object name Ratis:service=RaftServer,group=group-09F0C667257B,id=971c1615-1531-4bff-8b79-adf9a27d7f54
2024-01-30 07:48:36,017 [971c1615-1531-4bff-8b79-adf9a27d7f54@group-09F0C667257B-FollowerState] INFO  server.RaftServerConfigKeys (ConfUtils.java:logFallback(53)) - raft.server.rpc.first-election.timeout.max = 5200ms (fallback to raft.server.rpc.timeout.max)
2024-01-30 07:48:36,018 [971c1615-1531-4bff-8b79-adf9a27d7f54-groupManagement] INFO  server.RaftServerConfigKeys (ConfUtils.java:logGet(46)) - raft.server.snapshot.trigger-when-stop.enabled = true (default)
2024-01-30 07:48:36,018 [971c1615-1531-4bff-8b79-adf9a27d7f54-groupManagement] INFO  server.RaftServerConfigKeys (ConfUtils.java:logGet(46)) - raft.server.snapshot.auto.trigger.enabled = true (custom)
2024-01-30 07:48:36,018 [971c1615-1531-4bff-8b79-adf9a27d7f54-groupManagement] INFO  server.RaftServerConfigKeys (ConfUtils.java:logGet(46)) - raft.server.snapshot.auto.trigger.threshold = 10000 (custom)
2024-01-30 07:48:36,018 [971c1615-1531-4bff-8b79-adf9a27d7f54-groupManagement] INFO  server.RaftServerConfigKeys (ConfUtils.java:logGet(46)) - raft.server.snapshot.retention.file.num = 5 (custom)
2024-01-30 07:48:36,018 [971c1615-1531-4bff-8b79-adf9a27d7f54-groupManagement] INFO  server.RaftServerConfigKeys (ConfUtils.java:logGet(46)) - raft.server.log.purge.upto.snapshot.index = false (default)
2024-01-30 07:48:36,029 [grpc-default-executor-5] INFO  server.RaftServer (RaftServerProxy.java:addNew(100)) - 84e2f200-b83f-4514-9762-a3bf8832ea50: addNew group-09F0C667257B:[84e2f200-b83f-4514-9762-a3bf8832ea50|10.1.0.48:15120, 971c1615-1531-4bff-8b79-adf9a27d7f54|10.1.0.48:15129, 2a934876-6cad-418e-9d99-0b91c92fbe5b|10.1.0.48:15111] returns group-09F0C667257B:java.util.concurrent.CompletableFuture@53994a58[Not completed]
2024-01-30 07:48:36,030 [84e2f200-b83f-4514-9762-a3bf8832ea50-groupManagement] INFO  server.RaftServer$Division (RaftServerImpl.java:<init>(256)) - 84e2f200-b83f-4514-9762-a3bf8832ea50: new RaftServerImpl for group-09F0C667257B:[84e2f200-b83f-4514-9762-a3bf8832ea50|10.1.0.48:15120, 971c1615-1531-4bff-8b79-adf9a27d7f54|10.1.0.48:15129, 2a934876-6cad-418e-9d99-0b91c92fbe5b|10.1.0.48:15111] with ContainerStateMachine:uninitialized
2024-01-30 07:48:36,030 [84e2f200-b83f-4514-9762-a3bf8832ea50-groupManagement] INFO  server.RaftServerConfigKeys (ConfUtils.java:logGet(46)) - raft.server.rpc.timeout.min = 5s (custom)
2024-01-30 07:48:36,030 [84e2f200-b83f-4514-9762-a3bf8832ea50-groupManagement] INFO  server.RaftServerConfigKeys (ConfUtils.java:logGet(46)) - raft.server.rpc.timeout.max = 5200ms (custom)
2024-01-30 07:48:36,030 [84e2f200-b83f-4514-9762-a3bf8832ea50-groupManagement] INFO  server.RaftServerConfigKeys (ConfUtils.java:logGet(46)) - raft.server.rpc.sleep.time = 25ms (default)
2024-01-30 07:48:36,030 [84e2f200-b83f-4514-9762-a3bf8832ea50-groupManagement] INFO  server.RaftServerConfigKeys (ConfUtils.java:logGet(46)) - raft.server.rpc.slowness.timeout = 300s (custom)
2024-01-30 07:48:36,030 [84e2f200-b83f-4514-9762-a3bf8832ea50-groupManagement] INFO  server.RaftServerConfigKeys (ConfUtils.java:logGet(46)) - raft.server.leaderelection.leader.step-down.wait-time = 10s (default)
2024-01-30 07:48:36,030 [84e2f200-b83f-4514-9762-a3bf8832ea50-groupManagement] INFO  server.RaftServerConfigKeys (ConfUtils.java:logGet(46)) - raft.server.leaderelection.member.majority-add = false (default)
2024-01-30 07:48:36,031 [84e2f200-b83f-4514-9762-a3bf8832ea50-groupManagement] INFO  server.RaftServerConfigKeys (ConfUtils.java:logGet(46)) - raft.server.sleep.deviation.threshold = 300ms (default)
2024-01-30 07:48:36,031 [84e2f200-b83f-4514-9762-a3bf8832ea50-groupManagement] INFO  server.RaftServer$Division (ServerState.java:<init>(113)) - 84e2f200-b83f-4514-9762-a3bf8832ea50@group-09F0C667257B: ConfigurationManager, init=-1: peers:[84e2f200-b83f-4514-9762-a3bf8832ea50|10.1.0.48:15120, 971c1615-1531-4bff-8b79-adf9a27d7f54|10.1.0.48:15129, 2a934876-6cad-418e-9d99-0b91c92fbe5b|10.1.0.48:15111]|listeners:[], old=null, confs=<EMPTY_MAP>
2024-01-30 07:48:36,031 [84e2f200-b83f-4514-9762-a3bf8832ea50-groupManagement] INFO  server.RaftServerConfigKeys (ConfUtils.java:logGet(46)) - raft.server.notification.no-leader.timeout = 300s (custom)
2024-01-30 07:48:36,031 [84e2f200-b83f-4514-9762-a3bf8832ea50-groupManagement] INFO  server.RaftServerConfigKeys (ConfUtils.java:logGet(46)) - raft.server.read.timeout = 10s (default)
2024-01-30 07:48:36,031 [84e2f200-b83f-4514-9762-a3bf8832ea50-groupManagement] INFO  server.RaftServerConfigKeys (ConfUtils.java:logGet(46)) - raft.server.retrycache.expirytime = 600000ms (custom)
2024-01-30 07:48:36,031 [84e2f200-b83f-4514-9762-a3bf8832ea50-groupManagement] INFO  server.RaftServerConfigKeys (ConfUtils.java:logGet(46)) - raft.server.retrycache.statistics.expirytime = 100ms (default)
2024-01-30 07:48:36,031 [84e2f200-b83f-4514-9762-a3bf8832ea50-groupManagement] INFO  server.RaftServerConfigKeys (ConfUtils.java:logGet(46)) - raft.server.read.option = DEFAULT (default)
2024-01-30 07:48:36,031 [84e2f200-b83f-4514-9762-a3bf8832ea50-groupManagement] INFO  server.RaftServerConfigKeys (ConfUtils.java:logGet(46)) - raft.server.read.read-after-write-consistent.write-index-cache.expiry-time = 60s (default)
2024-01-30 07:48:36,032 [84e2f200-b83f-4514-9762-a3bf8832ea50-groupManagement] INFO  server.RaftServerConfigKeys (ConfUtils.java:logGet(46)) - raft.server.rpc.request.timeout = 60s (custom)
2024-01-30 07:48:36,032 [84e2f200-b83f-4514-9762-a3bf8832ea50-groupManagement] INFO  server.RaftServerConfigKeys (ConfUtils.java:logGet(46)) - raft.server.log.appender.install.snapshot.enabled = false (custom)
2024-01-30 07:48:36,032 [84e2f200-b83f-4514-9762-a3bf8832ea50-groupManagement] INFO  server.RaftServerConfigKeys (ConfUtils.java:logGet(46)) - raft.server.threadpool.server.cached = true (default)
2024-01-30 07:48:36,032 [84e2f200-b83f-4514-9762-a3bf8832ea50-groupManagement] INFO  server.RaftServerConfigKeys (ConfUtils.java:logGet(46)) - raft.server.threadpool.server.size = 0 (default)
2024-01-30 07:48:36,032 [84e2f200-b83f-4514-9762-a3bf8832ea50-groupManagement] INFO  server.RaftServerConfigKeys (ConfUtils.java:logGet(46)) - raft.server.threadpool.client.cached = true (default)
2024-01-30 07:48:36,032 [84e2f200-b83f-4514-9762-a3bf8832ea50-groupManagement] INFO  server.RaftServerConfigKeys (ConfUtils.java:logGet(46)) - raft.server.threadpool.client.size = 0 (default)
2024-01-30 07:48:36,033 [84e2f200-b83f-4514-9762-a3bf8832ea50-groupManagement] INFO  server.RaftServerConfigKeys (ConfUtils.java:logGet(46)) - raft.server.storage.free-space.min = 0MB (=0) (default)
2024-01-30 07:48:36,033 [84e2f200-b83f-4514-9762-a3bf8832ea50-groupManagement] INFO  server.RaftServerConfigKeys (ConfUtils.java:logGet(46)) - raft.server.log.corruption.policy = EXCEPTION (default)
2024-01-30 07:48:36,033 [84e2f200-b83f-4514-9762-a3bf8832ea50-groupManagement] INFO  server.RaftServerConfigKeys (ConfUtils.java:logGet(46)) - raft.server.storage.dir = [/home/runner/work/ozone/ozone/hadoop-ozone/integration-test/target/test-dir/MiniOzoneClusterImpl-22134a4f-1b78-467c-b266-ccfd401dbc1a/datanode-1/data/ratis] (custom)
2024-01-30 07:48:36,033 [84e2f200-b83f-4514-9762-a3bf8832ea50-groupManagement] INFO  storage.RaftStorageDirectory (RaftStorageDirectoryImpl.java:analyzeStorage(138)) - The storage directory /home/runner/work/ozone/ozone/hadoop-ozone/integration-test/target/test-dir/MiniOzoneClusterImpl-22134a4f-1b78-467c-b266-ccfd401dbc1a/datanode-1/data/ratis/499ed13b-644a-4b8a-94b8-09f0c667257b does not exist. Creating ...
2024-01-30 07:48:36,034 [84e2f200-b83f-4514-9762-a3bf8832ea50-groupManagement] INFO  storage.RaftStorageDirectory (RaftStorageDirectoryImpl.java:tryLock(228)) - Lock on /home/runner/work/ozone/ozone/hadoop-ozone/integration-test/target/test-dir/MiniOzoneClusterImpl-22134a4f-1b78-467c-b266-ccfd401dbc1a/datanode-1/data/ratis/499ed13b-644a-4b8a-94b8-09f0c667257b/in_use.lock acquired by nodename 92995@fv-az1436-717
2024-01-30 07:48:36,035 [84e2f200-b83f-4514-9762-a3bf8832ea50-groupManagement] INFO  storage.RaftStorage (RaftStorageImpl.java:format(99)) - Storage directory /home/runner/work/ozone/ozone/hadoop-ozone/integration-test/target/test-dir/MiniOzoneClusterImpl-22134a4f-1b78-467c-b266-ccfd401dbc1a/datanode-1/data/ratis/499ed13b-644a-4b8a-94b8-09f0c667257b has been successfully formatted.
2024-01-30 07:48:36,035 [84e2f200-b83f-4514-9762-a3bf8832ea50-groupManagement] WARN  util.FileUtils (LogUtils.java:supplyAndLog(63)) - Failed to Files.newInputStream /home/runner/work/ozone/ozone/hadoop-ozone/integration-test/target/test-dir/MiniOzoneClusterImpl-22134a4f-1b78-467c-b266-ccfd401dbc1a/datanode-1/data/ratis/499ed13b-644a-4b8a-94b8-09f0c667257b/current/raft-meta.conf with options []: java.nio.file.NoSuchFileException: /home/runner/work/ozone/ozone/hadoop-ozone/integration-test/target/test-dir/MiniOzoneClusterImpl-22134a4f-1b78-467c-b266-ccfd401dbc1a/datanode-1/data/ratis/499ed13b-644a-4b8a-94b8-09f0c667257b/current/raft-meta.conf
2024-01-30 07:48:36,035 [84e2f200-b83f-4514-9762-a3bf8832ea50-groupManagement] INFO  ratis.ContainerStateMachine (ContainerStateMachine.java:loadSnapshot(287)) - group-09F0C667257B: The snapshot info is null. Setting the last applied index to:(t:0, i:~)
2024-01-30 07:48:36,036 [84e2f200-b83f-4514-9762-a3bf8832ea50-groupManagement] INFO  server.RaftServerConfigKeys (ConfUtils.java:logGet(46)) - raft.server.log.use.memory = false (default)
2024-01-30 07:48:36,036 [84e2f200-b83f-4514-9762-a3bf8832ea50-groupManagement] INFO  server.RaftServerConfigKeys (ConfUtils.java:logGet(46)) - raft.server.log.purge.gap = 1000000 (custom)
2024-01-30 07:48:36,036 [84e2f200-b83f-4514-9762-a3bf8832ea50-groupManagement] INFO  server.RaftServerConfigKeys (ConfUtils.java:logGet(46)) - raft.server.log.appender.buffer.byte-limit = 8388608 (custom)
2024-01-30 07:48:36,037 [84e2f200-b83f-4514-9762-a3bf8832ea50-groupManagement] INFO  server.RaftServerConfigKeys (ConfUtils.java:logGet(46)) - raft.server.log.statemachine.data.read.timeout = 1000ms (default)
2024-01-30 07:48:36,037 [84e2f200-b83f-4514-9762-a3bf8832ea50-groupManagement] INFO  server.RaftServerConfigKeys (ConfUtils.java:logGet(46)) - raft.server.log.purge.preservation.log.num = 0 (default)
2024-01-30 07:48:36,038 [84e2f200-b83f-4514-9762-a3bf8832ea50-groupManagement] INFO  server.RaftServerConfigKeys (ConfUtils.java:logGet(46)) - raft.server.log.segment.size.max = 67108864 (custom)
2024-01-30 07:48:36,038 [84e2f200-b83f-4514-9762-a3bf8832ea50-groupManagement] INFO  server.RaftServerConfigKeys (ConfUtils.java:logGet(46)) - raft.server.log.segment.cache.num.max = 2 (custom)
2024-01-30 07:48:36,038 [84e2f200-b83f-4514-9762-a3bf8832ea50-groupManagement] INFO  server.RaftServerConfigKeys (ConfUtils.java:logGet(46)) - raft.server.log.segment.cache.size.max = 200MB (=209715200) (default)
2024-01-30 07:48:36,038 [84e2f200-b83f-4514-9762-a3bf8832ea50-groupManagement] INFO  server.RaftServerConfigKeys (ConfUtils.java:logGet(46)) - raft.server.log.appender.buffer.byte-limit = 8388608 (custom)
2024-01-30 07:48:36,038 [84e2f200-b83f-4514-9762-a3bf8832ea50-groupManagement] INFO  util.AwaitToRun (AwaitToRun.java:start(81)) - Thread[84e2f200-b83f-4514-9762-a3bf8832ea50@group-09F0C667257B-cacheEviction-AwaitToRun,5,main] started
2024-01-30 07:48:36,038 [84e2f200-b83f-4514-9762-a3bf8832ea50-groupManagement] INFO  segmented.SegmentedRaftLogWorker (SegmentedRaftLogWorker.java:<init>(182)) - new 84e2f200-b83f-4514-9762-a3bf8832ea50@group-09F0C667257B-SegmentedRaftLogWorker for RaftStorageImpl:Storage Directory /home/runner/work/ozone/ozone/hadoop-ozone/integration-test/target/test-dir/MiniOzoneClusterImpl-22134a4f-1b78-467c-b266-ccfd401dbc1a/datanode-1/data/ratis/499ed13b-644a-4b8a-94b8-09f0c667257b
2024-01-30 07:48:36,039 [84e2f200-b83f-4514-9762-a3bf8832ea50-groupManagement] INFO  server.RaftServerConfigKeys (ConfUtils.java:logGet(46)) - raft.server.log.queue.byte-limit = 4294967296 (custom)
2024-01-30 07:48:36,039 [84e2f200-b83f-4514-9762-a3bf8832ea50-groupManagement] INFO  server.RaftServerConfigKeys (ConfUtils.java:logGet(46)) - raft.server.log.queue.element-limit = 1024 (custom)
2024-01-30 07:48:36,039 [84e2f200-b83f-4514-9762-a3bf8832ea50-groupManagement] INFO  server.RaftServerConfigKeys (ConfUtils.java:logGet(46)) - raft.server.log.segment.size.max = 67108864 (custom)
2024-01-30 07:48:36,039 [84e2f200-b83f-4514-9762-a3bf8832ea50-groupManagement] INFO  server.RaftServerConfigKeys (ConfUtils.java:logGet(46)) - raft.server.log.preallocated.size = 4194304 (custom)
2024-01-30 07:48:36,039 [84e2f200-b83f-4514-9762-a3bf8832ea50-groupManagement] INFO  server.RaftServerConfigKeys (ConfUtils.java:logGet(46)) - raft.server.log.force.sync.num = 128 (default)
2024-01-30 07:48:36,039 [84e2f200-b83f-4514-9762-a3bf8832ea50-groupManagement] INFO  server.RaftServerConfigKeys (ConfUtils.java:logGet(46)) - raft.server.log.statemachine.data.sync = true (default)
2024-01-30 07:48:36,039 [84e2f200-b83f-4514-9762-a3bf8832ea50-groupManagement] INFO  server.RaftServerConfigKeys (ConfUtils.java:logGet(46)) - raft.server.log.statemachine.data.sync.timeout = 10s (default)
2024-01-30 07:48:36,039 [84e2f200-b83f-4514-9762-a3bf8832ea50-groupManagement] INFO  server.RaftServerConfigKeys (ConfUtils.java:logGet(46)) - raft.server.log.statemachine.data.sync.timeout.retry = 0 (custom)
2024-01-30 07:48:36,039 [84e2f200-b83f-4514-9762-a3bf8832ea50-groupManagement] INFO  server.RaftServerConfigKeys (ConfUtils.java:logGet(46)) - raft.server.log.write.buffer.size = 8388616 (custom)
2024-01-30 07:48:36,041 [84e2f200-b83f-4514-9762-a3bf8832ea50-groupManagement] INFO  server.RaftServerConfigKeys (ConfUtils.java:logGet(46)) - raft.server.log.appender.buffer.byte-limit = 8388608 (custom)
2024-01-30 07:48:36,041 [84e2f200-b83f-4514-9762-a3bf8832ea50-groupManagement] INFO  server.RaftServerConfigKeys (ConfUtils.java:logGet(46)) - raft.server.log.unsafe-flush.enabled = false (default)
2024-01-30 07:48:36,041 [84e2f200-b83f-4514-9762-a3bf8832ea50-groupManagement] INFO  server.RaftServerConfigKeys (ConfUtils.java:logGet(46)) - raft.server.log.async-flush.enabled = false (default)
2024-01-30 07:48:36,041 [84e2f200-b83f-4514-9762-a3bf8832ea50-groupManagement] INFO  server.RaftServerConfigKeys (ConfUtils.java:logGet(46)) - raft.server.log.statemachine.data.caching.enabled = true (custom)
2024-01-30 07:48:36,041 [84e2f200-b83f-4514-9762-a3bf8832ea50-groupManagement] INFO  segmented.SegmentedRaftLogWorker (SegmentedRaftLogWorker.java:lambda$new$0(134)) - 84e2f200-b83f-4514-9762-a3bf8832ea50@group-09F0C667257B-SegmentedRaftLogWorker: flushIndex: setUnconditionally 0 -> -1
2024-01-30 07:48:36,041 [84e2f200-b83f-4514-9762-a3bf8832ea50-groupManagement] INFO  segmented.SegmentedRaftLogWorker (SegmentedRaftLogWorker.java:lambda$new$0(134)) - 84e2f200-b83f-4514-9762-a3bf8832ea50@group-09F0C667257B-SegmentedRaftLogWorker: safeCacheEvictIndex: setUnconditionally 0 -> -1
2024-01-30 07:48:36,041 [84e2f200-b83f-4514-9762-a3bf8832ea50-groupManagement] INFO  server.RaftServer$Division (RaftServerImpl.java:start(396)) - 84e2f200-b83f-4514-9762-a3bf8832ea50@group-09F0C667257B: start as a follower, conf=-1: peers:[84e2f200-b83f-4514-9762-a3bf8832ea50|10.1.0.48:15120, 971c1615-1531-4bff-8b79-adf9a27d7f54|10.1.0.48:15129, 2a934876-6cad-418e-9d99-0b91c92fbe5b|10.1.0.48:15111]|listeners:[], old=null
2024-01-30 07:48:36,041 [84e2f200-b83f-4514-9762-a3bf8832ea50-groupManagement] INFO  server.RaftServer$Division (RaftServerImpl.java:setRole(383)) - 84e2f200-b83f-4514-9762-a3bf8832ea50@group-09F0C667257B: changes role from      null to FOLLOWER at term 0 for startAsFollower
2024-01-30 07:48:36,041 [84e2f200-b83f-4514-9762-a3bf8832ea50-groupManagement] INFO  impl.RoleInfo (RoleInfo.java:updateAndGet(139)) - 84e2f200-b83f-4514-9762-a3bf8832ea50: start 84e2f200-b83f-4514-9762-a3bf8832ea50@group-09F0C667257B-FollowerState
2024-01-30 07:48:36,042 [84e2f200-b83f-4514-9762-a3bf8832ea50@group-09F0C667257B-FollowerState] INFO  server.RaftServerConfigKeys (ConfUtils.java:logFallback(53)) - raft.server.rpc.first-election.timeout.min = 5s (fallback to raft.server.rpc.timeout.min)
2024-01-30 07:48:36,042 [84e2f200-b83f-4514-9762-a3bf8832ea50@group-09F0C667257B-FollowerState] INFO  server.RaftServerConfigKeys (ConfUtils.java:logFallback(53)) - raft.server.rpc.first-election.timeout.max = 5200ms (fallback to raft.server.rpc.timeout.max)
2024-01-30 07:48:36,042 [84e2f200-b83f-4514-9762-a3bf8832ea50-groupManagement] INFO  util.JmxRegister (JmxRegister.java:tryRegister(44)) - Successfully registered JMX Bean with object name Ratis:service=RaftServer,group=group-09F0C667257B,id=84e2f200-b83f-4514-9762-a3bf8832ea50
2024-01-30 07:48:36,042 [84e2f200-b83f-4514-9762-a3bf8832ea50-groupManagement] INFO  server.RaftServerConfigKeys (ConfUtils.java:logGet(46)) - raft.server.snapshot.trigger-when-stop.enabled = true (default)
2024-01-30 07:48:36,042 [84e2f200-b83f-4514-9762-a3bf8832ea50-groupManagement] INFO  server.RaftServerConfigKeys (ConfUtils.java:logGet(46)) - raft.server.snapshot.auto.trigger.enabled = true (custom)
2024-01-30 07:48:36,042 [84e2f200-b83f-4514-9762-a3bf8832ea50-groupManagement] INFO  server.RaftServerConfigKeys (ConfUtils.java:logGet(46)) - raft.server.snapshot.auto.trigger.threshold = 10000 (custom)
2024-01-30 07:48:36,042 [84e2f200-b83f-4514-9762-a3bf8832ea50-groupManagement] INFO  server.RaftServerConfigKeys (ConfUtils.java:logGet(46)) - raft.server.snapshot.retention.file.num = 5 (custom)
2024-01-30 07:48:36,042 [84e2f200-b83f-4514-9762-a3bf8832ea50-groupManagement] INFO  server.RaftServerConfigKeys (ConfUtils.java:logGet(46)) - raft.server.log.purge.upto.snapshot.index = false (default)
2024-01-30 07:48:36,049 [2a934876-6cad-418e-9d99-0b91c92fbe5b-PipelineCommandHandlerThread-0] INFO  commandhandler.CreatePipelineCommandHandler (CreatePipelineCommandHandler.java:lambda$handle$2(124)) - Created Pipeline RATIS THREE PipelineID=499ed13b-644a-4b8a-94b8-09f0c667257b.
2024-01-30 07:48:36,049 [2a934876-6cad-418e-9d99-0b91c92fbe5b-PipelineCommandHandlerThread-0] INFO  server.RaftServer (RaftServerProxy.java:addNew(100)) - 2a934876-6cad-418e-9d99-0b91c92fbe5b: addNew group-07C1DF08F428:[84e2f200-b83f-4514-9762-a3bf8832ea50|10.1.0.48:15120, 971c1615-1531-4bff-8b79-adf9a27d7f54|10.1.0.48:15129, 2a934876-6cad-418e-9d99-0b91c92fbe5b|10.1.0.48:15111] returns group-07C1DF08F428:java.util.concurrent.CompletableFuture@7829bc8b[Not completed]
2024-01-30 07:48:36,050 [2a934876-6cad-418e-9d99-0b91c92fbe5b-groupManagement] INFO  server.RaftServer$Division (RaftServerImpl.java:<init>(256)) - 2a934876-6cad-418e-9d99-0b91c92fbe5b: new RaftServerImpl for group-07C1DF08F428:[84e2f200-b83f-4514-9762-a3bf8832ea50|10.1.0.48:15120, 971c1615-1531-4bff-8b79-adf9a27d7f54|10.1.0.48:15129, 2a934876-6cad-418e-9d99-0b91c92fbe5b|10.1.0.48:15111] with ContainerStateMachine:uninitialized
2024-01-30 07:48:36,050 [2a934876-6cad-418e-9d99-0b91c92fbe5b-groupManagement] INFO  server.RaftServerConfigKeys (ConfUtils.java:logGet(46)) - raft.server.rpc.timeout.min = 5s (custom)
2024-01-30 07:48:36,050 [2a934876-6cad-418e-9d99-0b91c92fbe5b-groupManagement] INFO  server.RaftServerConfigKeys (ConfUtils.java:logGet(46)) - raft.server.rpc.timeout.max = 5200ms (custom)
2024-01-30 07:48:36,050 [2a934876-6cad-418e-9d99-0b91c92fbe5b-groupManagement] INFO  server.RaftServerConfigKeys (ConfUtils.java:logGet(46)) - raft.server.rpc.sleep.time = 25ms (default)
2024-01-30 07:48:36,050 [2a934876-6cad-418e-9d99-0b91c92fbe5b-groupManagement] INFO  server.RaftServerConfigKeys (ConfUtils.java:logGet(46)) - raft.server.rpc.slowness.timeout = 300s (custom)
2024-01-30 07:48:36,050 [2a934876-6cad-418e-9d99-0b91c92fbe5b-groupManagement] INFO  server.RaftServerConfigKeys (ConfUtils.java:logGet(46)) - raft.server.leaderelection.leader.step-down.wait-time = 10s (default)
2024-01-30 07:48:36,050 [2a934876-6cad-418e-9d99-0b91c92fbe5b-groupManagement] INFO  server.RaftServerConfigKeys (ConfUtils.java:logGet(46)) - raft.server.leaderelection.member.majority-add = false (default)
2024-01-30 07:48:36,050 [2a934876-6cad-418e-9d99-0b91c92fbe5b-groupManagement] INFO  server.RaftServerConfigKeys (ConfUtils.java:logGet(46)) - raft.server.sleep.deviation.threshold = 300ms (default)
2024-01-30 07:48:36,050 [2a934876-6cad-418e-9d99-0b91c92fbe5b-groupManagement] INFO  server.RaftServer$Division (ServerState.java:<init>(113)) - 2a934876-6cad-418e-9d99-0b91c92fbe5b@group-07C1DF08F428: ConfigurationManager, init=-1: peers:[84e2f200-b83f-4514-9762-a3bf8832ea50|10.1.0.48:15120, 971c1615-1531-4bff-8b79-adf9a27d7f54|10.1.0.48:15129, 2a934876-6cad-418e-9d99-0b91c92fbe5b|10.1.0.48:15111]|listeners:[], old=null, confs=<EMPTY_MAP>
2024-01-30 07:48:36,051 [2a934876-6cad-418e-9d99-0b91c92fbe5b-groupManagement] INFO  server.RaftServerConfigKeys (ConfUtils.java:logGet(46)) - raft.server.notification.no-leader.timeout = 300s (custom)
2024-01-30 07:48:36,051 [2a934876-6cad-418e-9d99-0b91c92fbe5b-groupManagement] INFO  server.RaftServerConfigKeys (ConfUtils.java:logGet(46)) - raft.server.read.timeout = 10s (default)
2024-01-30 07:48:36,051 [2a934876-6cad-418e-9d99-0b91c92fbe5b-groupManagement] INFO  server.RaftServerConfigKeys (ConfUtils.java:logGet(46)) - raft.server.retrycache.expirytime = 600000ms (custom)
2024-01-30 07:48:36,051 [2a934876-6cad-418e-9d99-0b91c92fbe5b-groupManagement] INFO  server.RaftServerConfigKeys (ConfUtils.java:logGet(46)) - raft.server.retrycache.statistics.expirytime = 100ms (default)
2024-01-30 07:48:36,051 [2a934876-6cad-418e-9d99-0b91c92fbe5b-groupManagement] INFO  server.RaftServerConfigKeys (ConfUtils.java:logGet(46)) - raft.server.read.option = DEFAULT (default)
2024-01-30 07:48:36,051 [2a934876-6cad-418e-9d99-0b91c92fbe5b-groupManagement] INFO  server.RaftServerConfigKeys (ConfUtils.java:logGet(46)) - raft.server.read.read-after-write-consistent.write-index-cache.expiry-time = 60s (default)
2024-01-30 07:48:36,052 [2a934876-6cad-418e-9d99-0b91c92fbe5b-groupManagement] INFO  server.RaftServerConfigKeys (ConfUtils.java:logGet(46)) - raft.server.rpc.request.timeout = 60s (custom)
2024-01-30 07:48:36,052 [2a934876-6cad-418e-9d99-0b91c92fbe5b-groupManagement] INFO  server.RaftServerConfigKeys (ConfUtils.java:logGet(46)) - raft.server.log.appender.install.snapshot.enabled = false (custom)
2024-01-30 07:48:36,052 [2a934876-6cad-418e-9d99-0b91c92fbe5b-groupManagement] INFO  server.RaftServerConfigKeys (ConfUtils.java:logGet(46)) - raft.server.threadpool.server.cached = true (default)
2024-01-30 07:48:36,052 [2a934876-6cad-418e-9d99-0b91c92fbe5b-groupManagement] INFO  server.RaftServerConfigKeys (ConfUtils.java:logGet(46)) - raft.server.threadpool.server.size = 0 (default)
2024-01-30 07:48:36,052 [2a934876-6cad-418e-9d99-0b91c92fbe5b-groupManagement] INFO  server.RaftServerConfigKeys (ConfUtils.java:logGet(46)) - raft.server.threadpool.client.cached = true (default)
2024-01-30 07:48:36,052 [2a934876-6cad-418e-9d99-0b91c92fbe5b-groupManagement] INFO  server.RaftServerConfigKeys (ConfUtils.java:logGet(46)) - raft.server.threadpool.client.size = 0 (default)
2024-01-30 07:48:36,052 [2a934876-6cad-418e-9d99-0b91c92fbe5b-groupManagement] INFO  server.RaftServerConfigKeys (ConfUtils.java:logGet(46)) - raft.server.storage.free-space.min = 0MB (=0) (default)
2024-01-30 07:48:36,052 [2a934876-6cad-418e-9d99-0b91c92fbe5b-groupManagement] INFO  server.RaftServerConfigKeys (ConfUtils.java:logGet(46)) - raft.server.log.corruption.policy = EXCEPTION (default)
2024-01-30 07:48:36,052 [2a934876-6cad-418e-9d99-0b91c92fbe5b-groupManagement] INFO  server.RaftServerConfigKeys (ConfUtils.java:logGet(46)) - raft.server.storage.dir = [/home/runner/work/ozone/ozone/hadoop-ozone/integration-test/target/test-dir/MiniOzoneClusterImpl-22134a4f-1b78-467c-b266-ccfd401dbc1a/datanode-0/data/ratis] (custom)
2024-01-30 07:48:36,052 [2a934876-6cad-418e-9d99-0b91c92fbe5b-groupManagement] INFO  storage.RaftStorageDirectory (RaftStorageDirectoryImpl.java:analyzeStorage(138)) - The storage directory /home/runner/work/ozone/ozone/hadoop-ozone/integration-test/target/test-dir/MiniOzoneClusterImpl-22134a4f-1b78-467c-b266-ccfd401dbc1a/datanode-0/data/ratis/cc4d22f2-9f3e-4340-9ad7-07c1df08f428 does not exist. Creating ...
2024-01-30 07:48:36,053 [2a934876-6cad-418e-9d99-0b91c92fbe5b-groupManagement] INFO  storage.RaftStorageDirectory (RaftStorageDirectoryImpl.java:tryLock(228)) - Lock on /home/runner/work/ozone/ozone/hadoop-ozone/integration-test/target/test-dir/MiniOzoneClusterImpl-22134a4f-1b78-467c-b266-ccfd401dbc1a/datanode-0/data/ratis/cc4d22f2-9f3e-4340-9ad7-07c1df08f428/in_use.lock acquired by nodename 92995@fv-az1436-717
2024-01-30 07:48:36,054 [2a934876-6cad-418e-9d99-0b91c92fbe5b-groupManagement] INFO  storage.RaftStorage (RaftStorageImpl.java:format(99)) - Storage directory /home/runner/work/ozone/ozone/hadoop-ozone/integration-test/target/test-dir/MiniOzoneClusterImpl-22134a4f-1b78-467c-b266-ccfd401dbc1a/datanode-0/data/ratis/cc4d22f2-9f3e-4340-9ad7-07c1df08f428 has been successfully formatted.
2024-01-30 07:48:36,055 [2a934876-6cad-418e-9d99-0b91c92fbe5b-groupManagement] WARN  util.FileUtils (LogUtils.java:supplyAndLog(63)) - Failed to Files.newInputStream /home/runner/work/ozone/ozone/hadoop-ozone/integration-test/target/test-dir/MiniOzoneClusterImpl-22134a4f-1b78-467c-b266-ccfd401dbc1a/datanode-0/data/ratis/cc4d22f2-9f3e-4340-9ad7-07c1df08f428/current/raft-meta.conf with options []: java.nio.file.NoSuchFileException: /home/runner/work/ozone/ozone/hadoop-ozone/integration-test/target/test-dir/MiniOzoneClusterImpl-22134a4f-1b78-467c-b266-ccfd401dbc1a/datanode-0/data/ratis/cc4d22f2-9f3e-4340-9ad7-07c1df08f428/current/raft-meta.conf
2024-01-30 07:48:36,055 [2a934876-6cad-418e-9d99-0b91c92fbe5b-groupManagement] INFO  ratis.ContainerStateMachine (ContainerStateMachine.java:loadSnapshot(287)) - group-07C1DF08F428: The snapshot info is null. Setting the last applied index to:(t:0, i:~)
2024-01-30 07:48:36,055 [2a934876-6cad-418e-9d99-0b91c92fbe5b-groupManagement] INFO  server.RaftServerConfigKeys (ConfUtils.java:logGet(46)) - raft.server.log.use.memory = false (default)
2024-01-30 07:48:36,055 [2a934876-6cad-418e-9d99-0b91c92fbe5b-groupManagement] INFO  server.RaftServerConfigKeys (ConfUtils.java:logGet(46)) - raft.server.log.purge.gap = 1000000 (custom)
2024-01-30 07:48:36,055 [2a934876-6cad-418e-9d99-0b91c92fbe5b-groupManagement] INFO  server.RaftServerConfigKeys (ConfUtils.java:logGet(46)) - raft.server.log.appender.buffer.byte-limit = 8388608 (custom)
2024-01-30 07:48:36,055 [2a934876-6cad-418e-9d99-0b91c92fbe5b-groupManagement] INFO  server.RaftServerConfigKeys (ConfUtils.java:logGet(46)) - raft.server.log.statemachine.data.read.timeout = 1000ms (default)
2024-01-30 07:48:36,055 [2a934876-6cad-418e-9d99-0b91c92fbe5b-groupManagement] INFO  server.RaftServerConfigKeys (ConfUtils.java:logGet(46)) - raft.server.log.purge.preservation.log.num = 0 (default)
2024-01-30 07:48:36,056 [2a934876-6cad-418e-9d99-0b91c92fbe5b-groupManagement] INFO  server.RaftServerConfigKeys (ConfUtils.java:logGet(46)) - raft.server.log.segment.size.max = 67108864 (custom)
2024-01-30 07:48:36,056 [2a934876-6cad-418e-9d99-0b91c92fbe5b-groupManagement] INFO  server.RaftServerConfigKeys (ConfUtils.java:logGet(46)) - raft.server.log.segment.cache.num.max = 2 (custom)
2024-01-30 07:48:36,057 [2a934876-6cad-418e-9d99-0b91c92fbe5b-groupManagement] INFO  server.RaftServerConfigKeys (ConfUtils.java:logGet(46)) - raft.server.log.segment.cache.size.max = 200MB (=209715200) (default)
2024-01-30 07:48:36,057 [2a934876-6cad-418e-9d99-0b91c92fbe5b-groupManagement] INFO  server.RaftServerConfigKeys (ConfUtils.java:logGet(46)) - raft.server.log.appender.buffer.byte-limit = 8388608 (custom)
2024-01-30 07:48:36,057 [2a934876-6cad-418e-9d99-0b91c92fbe5b-groupManagement] INFO  util.AwaitToRun (AwaitToRun.java:start(81)) - Thread[2a934876-6cad-418e-9d99-0b91c92fbe5b@group-07C1DF08F428-cacheEviction-AwaitToRun,5,main] started
2024-01-30 07:48:36,057 [2a934876-6cad-418e-9d99-0b91c92fbe5b-groupManagement] INFO  segmented.SegmentedRaftLogWorker (SegmentedRaftLogWorker.java:<init>(182)) - new 2a934876-6cad-418e-9d99-0b91c92fbe5b@group-07C1DF08F428-SegmentedRaftLogWorker for RaftStorageImpl:Storage Directory /home/runner/work/ozone/ozone/hadoop-ozone/integration-test/target/test-dir/MiniOzoneClusterImpl-22134a4f-1b78-467c-b266-ccfd401dbc1a/datanode-0/data/ratis/cc4d22f2-9f3e-4340-9ad7-07c1df08f428
2024-01-30 07:48:36,057 [2a934876-6cad-418e-9d99-0b91c92fbe5b-groupManagement] INFO  server.RaftServerConfigKeys (ConfUtils.java:logGet(46)) - raft.server.log.queue.byte-limit = 4294967296 (custom)
2024-01-30 07:48:36,057 [2a934876-6cad-418e-9d99-0b91c92fbe5b-groupManagement] INFO  server.RaftServerConfigKeys (ConfUtils.java:logGet(46)) - raft.server.log.queue.element-limit = 1024 (custom)
2024-01-30 07:48:36,057 [2a934876-6cad-418e-9d99-0b91c92fbe5b-groupManagement] INFO  server.RaftServerConfigKeys (ConfUtils.java:logGet(46)) - raft.server.log.segment.size.max = 67108864 (custom)
2024-01-30 07:48:36,057 [2a934876-6cad-418e-9d99-0b91c92fbe5b-groupManagement] INFO  server.RaftServerConfigKeys (ConfUtils.java:logGet(46)) - raft.server.log.preallocated.size = 4194304 (custom)
2024-01-30 07:48:36,057 [2a934876-6cad-418e-9d99-0b91c92fbe5b-groupManagement] INFO  server.RaftServerConfigKeys (ConfUtils.java:logGet(46)) - raft.server.log.force.sync.num = 128 (default)
2024-01-30 07:48:36,057 [2a934876-6cad-418e-9d99-0b91c92fbe5b-groupManagement] INFO  server.RaftServerConfigKeys (ConfUtils.java:logGet(46)) - raft.server.log.statemachine.data.sync = true (default)
2024-01-30 07:48:36,057 [2a934876-6cad-418e-9d99-0b91c92fbe5b-groupManagement] INFO  server.RaftServerConfigKeys (ConfUtils.java:logGet(46)) - raft.server.log.statemachine.data.sync.timeout = 10s (default)
2024-01-30 07:48:36,057 [2a934876-6cad-418e-9d99-0b91c92fbe5b-groupManagement] INFO  server.RaftServerConfigKeys (ConfUtils.java:logGet(46)) - raft.server.log.statemachine.data.sync.timeout.retry = 0 (custom)
2024-01-30 07:48:36,058 [2a934876-6cad-418e-9d99-0b91c92fbe5b-groupManagement] INFO  server.RaftServerConfigKeys (ConfUtils.java:logGet(46)) - raft.server.log.write.buffer.size = 8388616 (custom)
2024-01-30 07:48:36,059 [2a934876-6cad-418e-9d99-0b91c92fbe5b-groupManagement] INFO  server.RaftServerConfigKeys (ConfUtils.java:logGet(46)) - raft.server.log.appender.buffer.byte-limit = 8388608 (custom)
2024-01-30 07:48:36,059 [2a934876-6cad-418e-9d99-0b91c92fbe5b-groupManagement] INFO  server.RaftServerConfigKeys (ConfUtils.java:logGet(46)) - raft.server.log.unsafe-flush.enabled = false (default)
2024-01-30 07:48:36,059 [2a934876-6cad-418e-9d99-0b91c92fbe5b-groupManagement] INFO  server.RaftServerConfigKeys (ConfUtils.java:logGet(46)) - raft.server.log.async-flush.enabled = false (default)
2024-01-30 07:48:36,059 [2a934876-6cad-418e-9d99-0b91c92fbe5b-groupManagement] INFO  server.RaftServerConfigKeys (ConfUtils.java:logGet(46)) - raft.server.log.statemachine.data.caching.enabled = true (custom)
2024-01-30 07:48:36,060 [2a934876-6cad-418e-9d99-0b91c92fbe5b-groupManagement] INFO  segmented.SegmentedRaftLogWorker (SegmentedRaftLogWorker.java:lambda$new$0(134)) - 2a934876-6cad-418e-9d99-0b91c92fbe5b@group-07C1DF08F428-SegmentedRaftLogWorker: flushIndex: setUnconditionally 0 -> -1
2024-01-30 07:48:36,060 [2a934876-6cad-418e-9d99-0b91c92fbe5b-groupManagement] INFO  segmented.SegmentedRaftLogWorker (SegmentedRaftLogWorker.java:lambda$new$0(134)) - 2a934876-6cad-418e-9d99-0b91c92fbe5b@group-07C1DF08F428-SegmentedRaftLogWorker: safeCacheEvictIndex: setUnconditionally 0 -> -1
2024-01-30 07:48:36,060 [2a934876-6cad-418e-9d99-0b91c92fbe5b-groupManagement] INFO  server.RaftServer$Division (RaftServerImpl.java:start(396)) - 2a934876-6cad-418e-9d99-0b91c92fbe5b@group-07C1DF08F428: start as a follower, conf=-1: peers:[84e2f200-b83f-4514-9762-a3bf8832ea50|10.1.0.48:15120, 971c1615-1531-4bff-8b79-adf9a27d7f54|10.1.0.48:15129, 2a934876-6cad-418e-9d99-0b91c92fbe5b|10.1.0.48:15111]|listeners:[], old=null
2024-01-30 07:48:36,060 [2a934876-6cad-418e-9d99-0b91c92fbe5b-groupManagement] INFO  server.RaftServer$Division (RaftServerImpl.java:setRole(383)) - 2a934876-6cad-418e-9d99-0b91c92fbe5b@group-07C1DF08F428: changes role from      null to FOLLOWER at term 0 for startAsFollower
2024-01-30 07:48:36,060 [2a934876-6cad-418e-9d99-0b91c92fbe5b-groupManagement] INFO  impl.RoleInfo (RoleInfo.java:updateAndGet(139)) - 2a934876-6cad-418e-9d99-0b91c92fbe5b: start 2a934876-6cad-418e-9d99-0b91c92fbe5b@group-07C1DF08F428-FollowerState
2024-01-30 07:48:36,060 [2a934876-6cad-418e-9d99-0b91c92fbe5b@group-07C1DF08F428-FollowerState] INFO  server.RaftServerConfigKeys (ConfUtils.java:logFallback(53)) - raft.server.rpc.first-election.timeout.min = 5s (fallback to raft.server.rpc.timeout.min)
2024-01-30 07:48:36,060 [2a934876-6cad-418e-9d99-0b91c92fbe5b-groupManagement] INFO  util.JmxRegister (JmxRegister.java:tryRegister(44)) - Successfully registered JMX Bean with object name Ratis:service=RaftServer,group=group-07C1DF08F428,id=2a934876-6cad-418e-9d99-0b91c92fbe5b
2024-01-30 07:48:36,060 [2a934876-6cad-418e-9d99-0b91c92fbe5b@group-07C1DF08F428-FollowerState] INFO  server.RaftServerConfigKeys (ConfUtils.java:logFallback(53)) - raft.server.rpc.first-election.timeout.max = 5200ms (fallback to raft.server.rpc.timeout.max)
2024-01-30 07:48:36,060 [2a934876-6cad-418e-9d99-0b91c92fbe5b-groupManagement] INFO  server.RaftServerConfigKeys (ConfUtils.java:logGet(46)) - raft.server.snapshot.trigger-when-stop.enabled = true (default)
2024-01-30 07:48:36,060 [2a934876-6cad-418e-9d99-0b91c92fbe5b-groupManagement] INFO  server.RaftServerConfigKeys (ConfUtils.java:logGet(46)) - raft.server.snapshot.auto.trigger.enabled = true (custom)
2024-01-30 07:48:36,060 [2a934876-6cad-418e-9d99-0b91c92fbe5b-groupManagement] INFO  server.RaftServerConfigKeys (ConfUtils.java:logGet(46)) - raft.server.snapshot.auto.trigger.threshold = 10000 (custom)
2024-01-30 07:48:36,060 [2a934876-6cad-418e-9d99-0b91c92fbe5b-groupManagement] INFO  server.RaftServerConfigKeys (ConfUtils.java:logGet(46)) - raft.server.snapshot.retention.file.num = 5 (custom)
2024-01-30 07:48:36,061 [2a934876-6cad-418e-9d99-0b91c92fbe5b-groupManagement] INFO  server.RaftServerConfigKeys (ConfUtils.java:logGet(46)) - raft.server.log.purge.upto.snapshot.index = false (default)
2024-01-30 07:48:36,061 [2a934876-6cad-418e-9d99-0b91c92fbe5b-PipelineCommandHandlerThread-0] INFO  ratis.XceiverServerRatis (XceiverServerRatis.java:addGroup(864)) - Created group PipelineID=cc4d22f2-9f3e-4340-9ad7-07c1df08f428
2024-01-30 07:48:36,066 [grpc-default-executor-5] INFO  server.RaftServer (RaftServerProxy.java:addNew(100)) - 971c1615-1531-4bff-8b79-adf9a27d7f54: addNew group-07C1DF08F428:[84e2f200-b83f-4514-9762-a3bf8832ea50|10.1.0.48:15120, 971c1615-1531-4bff-8b79-adf9a27d7f54|10.1.0.48:15129, 2a934876-6cad-418e-9d99-0b91c92fbe5b|10.1.0.48:15111] returns group-07C1DF08F428:java.util.concurrent.CompletableFuture@171b3591[Not completed]
2024-01-30 07:48:36,067 [971c1615-1531-4bff-8b79-adf9a27d7f54-groupManagement] INFO  server.RaftServer$Division (RaftServerImpl.java:<init>(256)) - 971c1615-1531-4bff-8b79-adf9a27d7f54: new RaftServerImpl for group-07C1DF08F428:[84e2f200-b83f-4514-9762-a3bf8832ea50|10.1.0.48:15120, 971c1615-1531-4bff-8b79-adf9a27d7f54|10.1.0.48:15129, 2a934876-6cad-418e-9d99-0b91c92fbe5b|10.1.0.48:15111] with ContainerStateMachine:uninitialized
2024-01-30 07:48:36,067 [971c1615-1531-4bff-8b79-adf9a27d7f54-groupManagement] INFO  server.RaftServerConfigKeys (ConfUtils.java:logGet(46)) - raft.server.rpc.timeout.min = 5s (custom)
2024-01-30 07:48:36,067 [971c1615-1531-4bff-8b79-adf9a27d7f54-groupManagement] INFO  server.RaftServerConfigKeys (ConfUtils.java:logGet(46)) - raft.server.rpc.timeout.max = 5200ms (custom)
2024-01-30 07:48:36,067 [971c1615-1531-4bff-8b79-adf9a27d7f54-groupManagement] INFO  server.RaftServerConfigKeys (ConfUtils.java:logGet(46)) - raft.server.rpc.sleep.time = 25ms (default)
2024-01-30 07:48:36,067 [971c1615-1531-4bff-8b79-adf9a27d7f54-groupManagement] INFO  server.RaftServerConfigKeys (ConfUtils.java:logGet(46)) - raft.server.rpc.slowness.timeout = 300s (custom)
2024-01-30 07:48:36,067 [971c1615-1531-4bff-8b79-adf9a27d7f54-groupManagement] INFO  server.RaftServerConfigKeys (ConfUtils.java:logGet(46)) - raft.server.leaderelection.leader.step-down.wait-time = 10s (default)
2024-01-30 07:48:36,067 [971c1615-1531-4bff-8b79-adf9a27d7f54-groupManagement] INFO  server.RaftServerConfigKeys (ConfUtils.java:logGet(46)) - raft.server.leaderelection.member.majority-add = false (default)
2024-01-30 07:48:36,067 [971c1615-1531-4bff-8b79-adf9a27d7f54-groupManagement] INFO  server.RaftServerConfigKeys (ConfUtils.java:logGet(46)) - raft.server.sleep.deviation.threshold = 300ms (default)
2024-01-30 07:48:36,067 [971c1615-1531-4bff-8b79-adf9a27d7f54-groupManagement] INFO  server.RaftServer$Division (ServerState.java:<init>(113)) - 971c1615-1531-4bff-8b79-adf9a27d7f54@group-07C1DF08F428: ConfigurationManager, init=-1: peers:[84e2f200-b83f-4514-9762-a3bf8832ea50|10.1.0.48:15120, 971c1615-1531-4bff-8b79-adf9a27d7f54|10.1.0.48:15129, 2a934876-6cad-418e-9d99-0b91c92fbe5b|10.1.0.48:15111]|listeners:[], old=null, confs=<EMPTY_MAP>
2024-01-30 07:48:36,067 [971c1615-1531-4bff-8b79-adf9a27d7f54-groupManagement] INFO  server.RaftServerConfigKeys (ConfUtils.java:logGet(46)) - raft.server.notification.no-leader.timeout = 300s (custom)
2024-01-30 07:48:36,067 [971c1615-1531-4bff-8b79-adf9a27d7f54-groupManagement] INFO  server.RaftServerConfigKeys (ConfUtils.java:logGet(46)) - raft.server.read.timeout = 10s (default)
2024-01-30 07:48:36,067 [971c1615-1531-4bff-8b79-adf9a27d7f54-groupManagement] INFO  server.RaftServerConfigKeys (ConfUtils.java:logGet(46)) - raft.server.retrycache.expirytime = 600000ms (custom)
2024-01-30 07:48:36,067 [971c1615-1531-4bff-8b79-adf9a27d7f54-groupManagement] INFO  server.RaftServerConfigKeys (ConfUtils.java:logGet(46)) - raft.server.retrycache.statistics.expirytime = 100ms (default)
2024-01-30 07:48:36,067 [971c1615-1531-4bff-8b79-adf9a27d7f54-groupManagement] INFO  server.RaftServerConfigKeys (ConfUtils.java:logGet(46)) - raft.server.read.option = DEFAULT (default)
2024-01-30 07:48:36,067 [971c1615-1531-4bff-8b79-adf9a27d7f54-groupManagement] INFO  server.RaftServerConfigKeys (ConfUtils.java:logGet(46)) - raft.server.read.read-after-write-consistent.write-index-cache.expiry-time = 60s (default)
2024-01-30 07:48:36,068 [971c1615-1531-4bff-8b79-adf9a27d7f54-groupManagement] INFO  server.RaftServerConfigKeys (ConfUtils.java:logGet(46)) - raft.server.rpc.request.timeout = 60s (custom)
2024-01-30 07:48:36,069 [971c1615-1531-4bff-8b79-adf9a27d7f54-groupManagement] INFO  server.RaftServerConfigKeys (ConfUtils.java:logGet(46)) - raft.server.log.appender.install.snapshot.enabled = false (custom)
2024-01-30 07:48:36,069 [971c1615-1531-4bff-8b79-adf9a27d7f54-groupManagement] INFO  server.RaftServerConfigKeys (ConfUtils.java:logGet(46)) - raft.server.threadpool.server.cached = true (default)
2024-01-30 07:48:36,069 [971c1615-1531-4bff-8b79-adf9a27d7f54-groupManagement] INFO  server.RaftServerConfigKeys (ConfUtils.java:logGet(46)) - raft.server.threadpool.server.size = 0 (default)
2024-01-30 07:48:36,069 [971c1615-1531-4bff-8b79-adf9a27d7f54-groupManagement] INFO  server.RaftServerConfigKeys (ConfUtils.java:logGet(46)) - raft.server.threadpool.client.cached = true (default)
2024-01-30 07:48:36,069 [971c1615-1531-4bff-8b79-adf9a27d7f54-groupManagement] INFO  server.RaftServerConfigKeys (ConfUtils.java:logGet(46)) - raft.server.threadpool.client.size = 0 (default)
2024-01-30 07:48:36,069 [971c1615-1531-4bff-8b79-adf9a27d7f54-groupManagement] INFO  server.RaftServerConfigKeys (ConfUtils.java:logGet(46)) - raft.server.storage.free-space.min = 0MB (=0) (default)
2024-01-30 07:48:36,069 [971c1615-1531-4bff-8b79-adf9a27d7f54-groupManagement] INFO  server.RaftServerConfigKeys (ConfUtils.java:logGet(46)) - raft.server.log.corruption.policy = EXCEPTION (default)
2024-01-30 07:48:36,069 [971c1615-1531-4bff-8b79-adf9a27d7f54-groupManagement] INFO  server.RaftServerConfigKeys (ConfUtils.java:logGet(46)) - raft.server.storage.dir = [/home/runner/work/ozone/ozone/hadoop-ozone/integration-test/target/test-dir/MiniOzoneClusterImpl-22134a4f-1b78-467c-b266-ccfd401dbc1a/datanode-2/data/ratis] (custom)
2024-01-30 07:48:36,069 [971c1615-1531-4bff-8b79-adf9a27d7f54-groupManagement] INFO  storage.RaftStorageDirectory (RaftStorageDirectoryImpl.java:analyzeStorage(138)) - The storage directory /home/runner/work/ozone/ozone/hadoop-ozone/integration-test/target/test-dir/MiniOzoneClusterImpl-22134a4f-1b78-467c-b266-ccfd401dbc1a/datanode-2/data/ratis/cc4d22f2-9f3e-4340-9ad7-07c1df08f428 does not exist. Creating ...
2024-01-30 07:48:36,075 [971c1615-1531-4bff-8b79-adf9a27d7f54-groupManagement] INFO  storage.RaftStorageDirectory (RaftStorageDirectoryImpl.java:tryLock(228)) - Lock on /home/runner/work/ozone/ozone/hadoop-ozone/integration-test/target/test-dir/MiniOzoneClusterImpl-22134a4f-1b78-467c-b266-ccfd401dbc1a/datanode-2/data/ratis/cc4d22f2-9f3e-4340-9ad7-07c1df08f428/in_use.lock acquired by nodename 92995@fv-az1436-717
2024-01-30 07:48:36,075 [971c1615-1531-4bff-8b79-adf9a27d7f54-groupManagement] INFO  storage.RaftStorage (RaftStorageImpl.java:format(99)) - Storage directory /home/runner/work/ozone/ozone/hadoop-ozone/integration-test/target/test-dir/MiniOzoneClusterImpl-22134a4f-1b78-467c-b266-ccfd401dbc1a/datanode-2/data/ratis/cc4d22f2-9f3e-4340-9ad7-07c1df08f428 has been successfully formatted.
2024-01-30 07:48:36,076 [971c1615-1531-4bff-8b79-adf9a27d7f54-groupManagement] WARN  util.FileUtils (LogUtils.java:supplyAndLog(63)) - Failed to Files.newInputStream /home/runner/work/ozone/ozone/hadoop-ozone/integration-test/target/test-dir/MiniOzoneClusterImpl-22134a4f-1b78-467c-b266-ccfd401dbc1a/datanode-2/data/ratis/cc4d22f2-9f3e-4340-9ad7-07c1df08f428/current/raft-meta.conf with options []: java.nio.file.NoSuchFileException: /home/runner/work/ozone/ozone/hadoop-ozone/integration-test/target/test-dir/MiniOzoneClusterImpl-22134a4f-1b78-467c-b266-ccfd401dbc1a/datanode-2/data/ratis/cc4d22f2-9f3e-4340-9ad7-07c1df08f428/current/raft-meta.conf
2024-01-30 07:48:36,076 [971c1615-1531-4bff-8b79-adf9a27d7f54-groupManagement] INFO  ratis.ContainerStateMachine (ContainerStateMachine.java:loadSnapshot(287)) - group-07C1DF08F428: The snapshot info is null. Setting the last applied index to:(t:0, i:~)
2024-01-30 07:48:36,076 [971c1615-1531-4bff-8b79-adf9a27d7f54-groupManagement] INFO  server.RaftServerConfigKeys (ConfUtils.java:logGet(46)) - raft.server.log.use.memory = false (default)
2024-01-30 07:48:36,076 [971c1615-1531-4bff-8b79-adf9a27d7f54-groupManagement] INFO  server.RaftServerConfigKeys (ConfUtils.java:logGet(46)) - raft.server.log.purge.gap = 1000000 (custom)
2024-01-30 07:48:36,076 [971c1615-1531-4bff-8b79-adf9a27d7f54-groupManagement] INFO  server.RaftServerConfigKeys (ConfUtils.java:logGet(46)) - raft.server.log.appender.buffer.byte-limit = 8388608 (custom)
2024-01-30 07:48:36,076 [971c1615-1531-4bff-8b79-adf9a27d7f54-groupManagement] INFO  server.RaftServerConfigKeys (ConfUtils.java:logGet(46)) - raft.server.log.statemachine.data.read.timeout = 1000ms (default)
2024-01-30 07:48:36,077 [971c1615-1531-4bff-8b79-adf9a27d7f54-groupManagement] INFO  server.RaftServerConfigKeys (ConfUtils.java:logGet(46)) - raft.server.log.purge.preservation.log.num = 0 (default)
2024-01-30 07:48:36,078 [971c1615-1531-4bff-8b79-adf9a27d7f54-groupManagement] INFO  server.RaftServerConfigKeys (ConfUtils.java:logGet(46)) - raft.server.log.segment.size.max = 67108864 (custom)
2024-01-30 07:48:36,078 [971c1615-1531-4bff-8b79-adf9a27d7f54-groupManagement] INFO  server.RaftServerConfigKeys (ConfUtils.java:logGet(46)) - raft.server.log.segment.cache.num.max = 2 (custom)
2024-01-30 07:48:36,078 [971c1615-1531-4bff-8b79-adf9a27d7f54-groupManagement] INFO  server.RaftServerConfigKeys (ConfUtils.java:logGet(46)) - raft.server.log.segment.cache.size.max = 200MB (=209715200) (default)
2024-01-30 07:48:36,079 [971c1615-1531-4bff-8b79-adf9a27d7f54-groupManagement] INFO  server.RaftServerConfigKeys (ConfUtils.java:logGet(46)) - raft.server.log.appender.buffer.byte-limit = 8388608 (custom)
2024-01-30 07:48:36,082 [971c1615-1531-4bff-8b79-adf9a27d7f54-groupManagement] INFO  util.AwaitToRun (AwaitToRun.java:start(81)) - Thread[971c1615-1531-4bff-8b79-adf9a27d7f54@group-07C1DF08F428-cacheEviction-AwaitToRun,5,main] started
2024-01-30 07:48:36,082 [971c1615-1531-4bff-8b79-adf9a27d7f54-groupManagement] INFO  segmented.SegmentedRaftLogWorker (SegmentedRaftLogWorker.java:<init>(182)) - new 971c1615-1531-4bff-8b79-adf9a27d7f54@group-07C1DF08F428-SegmentedRaftLogWorker for RaftStorageImpl:Storage Directory /home/runner/work/ozone/ozone/hadoop-ozone/integration-test/target/test-dir/MiniOzoneClusterImpl-22134a4f-1b78-467c-b266-ccfd401dbc1a/datanode-2/data/ratis/cc4d22f2-9f3e-4340-9ad7-07c1df08f428
2024-01-30 07:48:36,082 [971c1615-1531-4bff-8b79-adf9a27d7f54-groupManagement] INFO  server.RaftServerConfigKeys (ConfUtils.java:logGet(46)) - raft.server.log.queue.byte-limit = 4294967296 (custom)
2024-01-30 07:48:36,082 [971c1615-1531-4bff-8b79-adf9a27d7f54-groupManagement] INFO  server.RaftServerConfigKeys (ConfUtils.java:logGet(46)) - raft.server.log.queue.element-limit = 1024 (custom)
2024-01-30 07:48:36,082 [971c1615-1531-4bff-8b79-adf9a27d7f54-groupManagement] INFO  server.RaftServerConfigKeys (ConfUtils.java:logGet(46)) - raft.server.log.segment.size.max = 67108864 (custom)
2024-01-30 07:48:36,082 [971c1615-1531-4bff-8b79-adf9a27d7f54-groupManagement] INFO  server.RaftServerConfigKeys (ConfUtils.java:logGet(46)) - raft.server.log.preallocated.size = 4194304 (custom)
2024-01-30 07:48:36,082 [971c1615-1531-4bff-8b79-adf9a27d7f54-groupManagement] INFO  server.RaftServerConfigKeys (ConfUtils.java:logGet(46)) - raft.server.log.force.sync.num = 128 (default)
2024-01-30 07:48:36,082 [971c1615-1531-4bff-8b79-adf9a27d7f54-groupManagement] INFO  server.RaftServerConfigKeys (ConfUtils.java:logGet(46)) - raft.server.log.statemachine.data.sync = true (default)
2024-01-30 07:48:36,082 [971c1615-1531-4bff-8b79-adf9a27d7f54-groupManagement] INFO  server.RaftServerConfigKeys (ConfUtils.java:logGet(46)) - raft.server.log.statemachine.data.sync.timeout = 10s (default)
2024-01-30 07:48:36,082 [971c1615-1531-4bff-8b79-adf9a27d7f54-groupManagement] INFO  server.RaftServerConfigKeys (ConfUtils.java:logGet(46)) - raft.server.log.statemachine.data.sync.timeout.retry = 0 (custom)
2024-01-30 07:48:36,082 [971c1615-1531-4bff-8b79-adf9a27d7f54-groupManagement] INFO  server.RaftServerConfigKeys (ConfUtils.java:logGet(46)) - raft.server.log.write.buffer.size = 8388616 (custom)
2024-01-30 07:48:36,084 [971c1615-1531-4bff-8b79-adf9a27d7f54-groupManagement] INFO  server.RaftServerConfigKeys (ConfUtils.java:logGet(46)) - raft.server.log.appender.buffer.byte-limit = 8388608 (custom)
2024-01-30 07:48:36,084 [971c1615-1531-4bff-8b79-adf9a27d7f54-groupManagement] INFO  server.RaftServerConfigKeys (ConfUtils.java:logGet(46)) - raft.server.log.unsafe-flush.enabled = false (default)
2024-01-30 07:48:36,084 [971c1615-1531-4bff-8b79-adf9a27d7f54-groupManagement] INFO  server.RaftServerConfigKeys (ConfUtils.java:logGet(46)) - raft.server.log.async-flush.enabled = false (default)
2024-01-30 07:48:36,084 [971c1615-1531-4bff-8b79-adf9a27d7f54-groupManagement] INFO  server.RaftServerConfigKeys (ConfUtils.java:logGet(46)) - raft.server.log.statemachine.data.caching.enabled = true (custom)
2024-01-30 07:48:36,084 [971c1615-1531-4bff-8b79-adf9a27d7f54-groupManagement] INFO  segmented.SegmentedRaftLogWorker (SegmentedRaftLogWorker.java:lambda$new$0(134)) - 971c1615-1531-4bff-8b79-adf9a27d7f54@group-07C1DF08F428-SegmentedRaftLogWorker: flushIndex: setUnconditionally 0 -> -1
2024-01-30 07:48:36,084 [971c1615-1531-4bff-8b79-adf9a27d7f54-groupManagement] INFO  segmented.SegmentedRaftLogWorker (SegmentedRaftLogWorker.java:lambda$new$0(134)) - 971c1615-1531-4bff-8b79-adf9a27d7f54@group-07C1DF08F428-SegmentedRaftLogWorker: safeCacheEvictIndex: setUnconditionally 0 -> -1
2024-01-30 07:48:36,086 [971c1615-1531-4bff-8b79-adf9a27d7f54-groupManagement] INFO  server.RaftServer$Division (RaftServerImpl.java:start(396)) - 971c1615-1531-4bff-8b79-adf9a27d7f54@group-07C1DF08F428: start as a follower, conf=-1: peers:[84e2f200-b83f-4514-9762-a3bf8832ea50|10.1.0.48:15120, 971c1615-1531-4bff-8b79-adf9a27d7f54|10.1.0.48:15129, 2a934876-6cad-418e-9d99-0b91c92fbe5b|10.1.0.48:15111]|listeners:[], old=null
2024-01-30 07:48:36,086 [84e2f200-b83f-4514-9762-a3bf8832ea50-PipelineCommandHandlerThread-0] INFO  server.RaftServer (RaftServerProxy.java:addNew(100)) - 84e2f200-b83f-4514-9762-a3bf8832ea50: addNew group-07C1DF08F428:[84e2f200-b83f-4514-9762-a3bf8832ea50|10.1.0.48:15120, 971c1615-1531-4bff-8b79-adf9a27d7f54|10.1.0.48:15129, 2a934876-6cad-418e-9d99-0b91c92fbe5b|10.1.0.48:15111] returns group-07C1DF08F428:java.util.concurrent.CompletableFuture@5e848d27[Not completed]
2024-01-30 07:48:36,087 [971c1615-1531-4bff-8b79-adf9a27d7f54-groupManagement] INFO  server.RaftServer$Division (RaftServerImpl.java:setRole(383)) - 971c1615-1531-4bff-8b79-adf9a27d7f54@group-07C1DF08F428: changes role from      null to FOLLOWER at term 0 for startAsFollower
2024-01-30 07:48:36,087 [971c1615-1531-4bff-8b79-adf9a27d7f54-groupManagement] INFO  impl.RoleInfo (RoleInfo.java:updateAndGet(139)) - 971c1615-1531-4bff-8b79-adf9a27d7f54: start 971c1615-1531-4bff-8b79-adf9a27d7f54@group-07C1DF08F428-FollowerState
2024-01-30 07:48:36,087 [971c1615-1531-4bff-8b79-adf9a27d7f54@group-07C1DF08F428-FollowerState] INFO  server.RaftServerConfigKeys (ConfUtils.java:logFallback(53)) - raft.server.rpc.first-election.timeout.min = 5s (fallback to raft.server.rpc.timeout.min)
2024-01-30 07:48:36,087 [971c1615-1531-4bff-8b79-adf9a27d7f54-groupManagement] INFO  util.JmxRegister (JmxRegister.java:tryRegister(44)) - Successfully registered JMX Bean with object name Ratis:service=RaftServer,group=group-07C1DF08F428,id=971c1615-1531-4bff-8b79-adf9a27d7f54
2024-01-30 07:48:36,087 [84e2f200-b83f-4514-9762-a3bf8832ea50-groupManagement] INFO  server.RaftServer$Division (RaftServerImpl.java:<init>(256)) - 84e2f200-b83f-4514-9762-a3bf8832ea50: new RaftServerImpl for group-07C1DF08F428:[84e2f200-b83f-4514-9762-a3bf8832ea50|10.1.0.48:15120, 971c1615-1531-4bff-8b79-adf9a27d7f54|10.1.0.48:15129, 2a934876-6cad-418e-9d99-0b91c92fbe5b|10.1.0.48:15111] with ContainerStateMachine:uninitialized
2024-01-30 07:48:36,087 [971c1615-1531-4bff-8b79-adf9a27d7f54-groupManagement] INFO  server.RaftServerConfigKeys (ConfUtils.java:logGet(46)) - raft.server.snapshot.trigger-when-stop.enabled = true (default)
2024-01-30 07:48:36,087 [84e2f200-b83f-4514-9762-a3bf8832ea50-groupManagement] INFO  server.RaftServerConfigKeys (ConfUtils.java:logGet(46)) - raft.server.rpc.timeout.min = 5s (custom)
2024-01-30 07:48:36,087 [971c1615-1531-4bff-8b79-adf9a27d7f54@group-07C1DF08F428-FollowerState] INFO  server.RaftServerConfigKeys (ConfUtils.java:logFallback(53)) - raft.server.rpc.first-election.timeout.max = 5200ms (fallback to raft.server.rpc.timeout.max)
2024-01-30 07:48:36,087 [84e2f200-b83f-4514-9762-a3bf8832ea50-groupManagement] INFO  server.RaftServerConfigKeys (ConfUtils.java:logGet(46)) - raft.server.rpc.timeout.max = 5200ms (custom)
2024-01-30 07:48:36,087 [84e2f200-b83f-4514-9762-a3bf8832ea50-groupManagement] INFO  server.RaftServerConfigKeys (ConfUtils.java:logGet(46)) - raft.server.rpc.sleep.time = 25ms (default)
2024-01-30 07:48:36,087 [84e2f200-b83f-4514-9762-a3bf8832ea50-groupManagement] INFO  server.RaftServerConfigKeys (ConfUtils.java:logGet(46)) - raft.server.rpc.slowness.timeout = 300s (custom)
2024-01-30 07:48:36,087 [84e2f200-b83f-4514-9762-a3bf8832ea50-groupManagement] INFO  server.RaftServerConfigKeys (ConfUtils.java:logGet(46)) - raft.server.leaderelection.leader.step-down.wait-time = 10s (default)
2024-01-30 07:48:36,088 [84e2f200-b83f-4514-9762-a3bf8832ea50-groupManagement] INFO  server.RaftServerConfigKeys (ConfUtils.java:logGet(46)) - raft.server.leaderelection.member.majority-add = false (default)
2024-01-30 07:48:36,088 [84e2f200-b83f-4514-9762-a3bf8832ea50-groupManagement] INFO  server.RaftServerConfigKeys (ConfUtils.java:logGet(46)) - raft.server.sleep.deviation.threshold = 300ms (default)
2024-01-30 07:48:36,088 [84e2f200-b83f-4514-9762-a3bf8832ea50-groupManagement] INFO  server.RaftServer$Division (ServerState.java:<init>(113)) - 84e2f200-b83f-4514-9762-a3bf8832ea50@group-07C1DF08F428: ConfigurationManager, init=-1: peers:[84e2f200-b83f-4514-9762-a3bf8832ea50|10.1.0.48:15120, 971c1615-1531-4bff-8b79-adf9a27d7f54|10.1.0.48:15129, 2a934876-6cad-418e-9d99-0b91c92fbe5b|10.1.0.48:15111]|listeners:[], old=null, confs=<EMPTY_MAP>
2024-01-30 07:48:36,088 [84e2f200-b83f-4514-9762-a3bf8832ea50-groupManagement] INFO  server.RaftServerConfigKeys (ConfUtils.java:logGet(46)) - raft.server.notification.no-leader.timeout = 300s (custom)
2024-01-30 07:48:36,088 [84e2f200-b83f-4514-9762-a3bf8832ea50-groupManagement] INFO  server.RaftServerConfigKeys (ConfUtils.java:logGet(46)) - raft.server.read.timeout = 10s (default)
2024-01-30 07:48:36,088 [84e2f200-b83f-4514-9762-a3bf8832ea50-groupManagement] INFO  server.RaftServerConfigKeys (ConfUtils.java:logGet(46)) - raft.server.retrycache.expirytime = 600000ms (custom)
2024-01-30 07:48:36,088 [84e2f200-b83f-4514-9762-a3bf8832ea50-groupManagement] INFO  server.RaftServerConfigKeys (ConfUtils.java:logGet(46)) - raft.server.retrycache.statistics.expirytime = 100ms (default)
2024-01-30 07:48:36,088 [84e2f200-b83f-4514-9762-a3bf8832ea50-groupManagement] INFO  server.RaftServerConfigKeys (ConfUtils.java:logGet(46)) - raft.server.read.option = DEFAULT (default)
2024-01-30 07:48:36,088 [84e2f200-b83f-4514-9762-a3bf8832ea50-groupManagement] INFO  server.RaftServerConfigKeys (ConfUtils.java:logGet(46)) - raft.server.read.read-after-write-consistent.write-index-cache.expiry-time = 60s (default)
2024-01-30 07:48:36,090 [84e2f200-b83f-4514-9762-a3bf8832ea50-groupManagement] INFO  server.RaftServerConfigKeys (ConfUtils.java:logGet(46)) - raft.server.rpc.request.timeout = 60s (custom)
2024-01-30 07:48:36,090 [84e2f200-b83f-4514-9762-a3bf8832ea50-groupManagement] INFO  server.RaftServerConfigKeys (ConfUtils.java:logGet(46)) - raft.server.log.appender.install.snapshot.enabled = false (custom)
2024-01-30 07:48:36,090 [84e2f200-b83f-4514-9762-a3bf8832ea50-groupManagement] INFO  server.RaftServerConfigKeys (ConfUtils.java:logGet(46)) - raft.server.threadpool.server.cached = true (default)
2024-01-30 07:48:36,091 [84e2f200-b83f-4514-9762-a3bf8832ea50-groupManagement] INFO  server.RaftServerConfigKeys (ConfUtils.java:logGet(46)) - raft.server.threadpool.server.size = 0 (default)
2024-01-30 07:48:36,091 [84e2f200-b83f-4514-9762-a3bf8832ea50-groupManagement] INFO  server.RaftServerConfigKeys (ConfUtils.java:logGet(46)) - raft.server.threadpool.client.cached = true (default)
2024-01-30 07:48:36,091 [84e2f200-b83f-4514-9762-a3bf8832ea50-groupManagement] INFO  server.RaftServerConfigKeys (ConfUtils.java:logGet(46)) - raft.server.threadpool.client.size = 0 (default)
2024-01-30 07:48:36,091 [84e2f200-b83f-4514-9762-a3bf8832ea50-groupManagement] INFO  server.RaftServerConfigKeys (ConfUtils.java:logGet(46)) - raft.server.storage.free-space.min = 0MB (=0) (default)
2024-01-30 07:48:36,091 [84e2f200-b83f-4514-9762-a3bf8832ea50-groupManagement] INFO  server.RaftServerConfigKeys (ConfUtils.java:logGet(46)) - raft.server.log.corruption.policy = EXCEPTION (default)
2024-01-30 07:48:36,091 [84e2f200-b83f-4514-9762-a3bf8832ea50-groupManagement] INFO  server.RaftServerConfigKeys (ConfUtils.java:logGet(46)) - raft.server.storage.dir = [/home/runner/work/ozone/ozone/hadoop-ozone/integration-test/target/test-dir/MiniOzoneClusterImpl-22134a4f-1b78-467c-b266-ccfd401dbc1a/datanode-1/data/ratis] (custom)
2024-01-30 07:48:36,091 [84e2f200-b83f-4514-9762-a3bf8832ea50-groupManagement] INFO  storage.RaftStorageDirectory (RaftStorageDirectoryImpl.java:analyzeStorage(138)) - The storage directory /home/runner/work/ozone/ozone/hadoop-ozone/integration-test/target/test-dir/MiniOzoneClusterImpl-22134a4f-1b78-467c-b266-ccfd401dbc1a/datanode-1/data/ratis/cc4d22f2-9f3e-4340-9ad7-07c1df08f428 does not exist. Creating ...
2024-01-30 07:48:36,087 [971c1615-1531-4bff-8b79-adf9a27d7f54-groupManagement] INFO  server.RaftServerConfigKeys (ConfUtils.java:logGet(46)) - raft.server.snapshot.auto.trigger.enabled = true (custom)
2024-01-30 07:48:36,092 [971c1615-1531-4bff-8b79-adf9a27d7f54-groupManagement] INFO  server.RaftServerConfigKeys (ConfUtils.java:logGet(46)) - raft.server.snapshot.auto.trigger.threshold = 10000 (custom)
2024-01-30 07:48:36,092 [971c1615-1531-4bff-8b79-adf9a27d7f54-groupManagement] INFO  server.RaftServerConfigKeys (ConfUtils.java:logGet(46)) - raft.server.snapshot.retention.file.num = 5 (custom)
2024-01-30 07:48:36,092 [971c1615-1531-4bff-8b79-adf9a27d7f54-groupManagement] INFO  server.RaftServerConfigKeys (ConfUtils.java:logGet(46)) - raft.server.log.purge.upto.snapshot.index = false (default)
2024-01-30 07:48:36,092 [84e2f200-b83f-4514-9762-a3bf8832ea50-groupManagement] INFO  storage.RaftStorageDirectory (RaftStorageDirectoryImpl.java:tryLock(228)) - Lock on /home/runner/work/ozone/ozone/hadoop-ozone/integration-test/target/test-dir/MiniOzoneClusterImpl-22134a4f-1b78-467c-b266-ccfd401dbc1a/datanode-1/data/ratis/cc4d22f2-9f3e-4340-9ad7-07c1df08f428/in_use.lock acquired by nodename 92995@fv-az1436-717
2024-01-30 07:48:36,093 [84e2f200-b83f-4514-9762-a3bf8832ea50-groupManagement] INFO  storage.RaftStorage (RaftStorageImpl.java:format(99)) - Storage directory /home/runner/work/ozone/ozone/hadoop-ozone/integration-test/target/test-dir/MiniOzoneClusterImpl-22134a4f-1b78-467c-b266-ccfd401dbc1a/datanode-1/data/ratis/cc4d22f2-9f3e-4340-9ad7-07c1df08f428 has been successfully formatted.
2024-01-30 07:48:36,093 [84e2f200-b83f-4514-9762-a3bf8832ea50-groupManagement] WARN  util.FileUtils (LogUtils.java:supplyAndLog(63)) - Failed to Files.newInputStream /home/runner/work/ozone/ozone/hadoop-ozone/integration-test/target/test-dir/MiniOzoneClusterImpl-22134a4f-1b78-467c-b266-ccfd401dbc1a/datanode-1/data/ratis/cc4d22f2-9f3e-4340-9ad7-07c1df08f428/current/raft-meta.conf with options []: java.nio.file.NoSuchFileException: /home/runner/work/ozone/ozone/hadoop-ozone/integration-test/target/test-dir/MiniOzoneClusterImpl-22134a4f-1b78-467c-b266-ccfd401dbc1a/datanode-1/data/ratis/cc4d22f2-9f3e-4340-9ad7-07c1df08f428/current/raft-meta.conf
2024-01-30 07:48:36,100 [84e2f200-b83f-4514-9762-a3bf8832ea50-groupManagement] INFO  ratis.ContainerStateMachine (ContainerStateMachine.java:loadSnapshot(287)) - group-07C1DF08F428: The snapshot info is null. Setting the last applied index to:(t:0, i:~)
2024-01-30 07:48:36,100 [84e2f200-b83f-4514-9762-a3bf8832ea50-groupManagement] INFO  server.RaftServerConfigKeys (ConfUtils.java:logGet(46)) - raft.server.log.use.memory = false (default)
2024-01-30 07:48:36,100 [84e2f200-b83f-4514-9762-a3bf8832ea50-groupManagement] INFO  server.RaftServerConfigKeys (ConfUtils.java:logGet(46)) - raft.server.log.purge.gap = 1000000 (custom)
2024-01-30 07:48:36,100 [84e2f200-b83f-4514-9762-a3bf8832ea50-groupManagement] INFO  server.RaftServerConfigKeys (ConfUtils.java:logGet(46)) - raft.server.log.appender.buffer.byte-limit = 8388608 (custom)
2024-01-30 07:48:36,100 [84e2f200-b83f-4514-9762-a3bf8832ea50-groupManagement] INFO  server.RaftServerConfigKeys (ConfUtils.java:logGet(46)) - raft.server.log.statemachine.data.read.timeout = 1000ms (default)
2024-01-30 07:48:36,101 [84e2f200-b83f-4514-9762-a3bf8832ea50-groupManagement] INFO  server.RaftServerConfigKeys (ConfUtils.java:logGet(46)) - raft.server.log.purge.preservation.log.num = 0 (default)
2024-01-30 07:48:36,102 [84e2f200-b83f-4514-9762-a3bf8832ea50-groupManagement] INFO  server.RaftServerConfigKeys (ConfUtils.java:logGet(46)) - raft.server.log.segment.size.max = 67108864 (custom)
2024-01-30 07:48:36,102 [84e2f200-b83f-4514-9762-a3bf8832ea50-groupManagement] INFO  server.RaftServerConfigKeys (ConfUtils.java:logGet(46)) - raft.server.log.segment.cache.num.max = 2 (custom)
2024-01-30 07:48:36,102 [84e2f200-b83f-4514-9762-a3bf8832ea50-groupManagement] INFO  server.RaftServerConfigKeys (ConfUtils.java:logGet(46)) - raft.server.log.segment.cache.size.max = 200MB (=209715200) (default)
2024-01-30 07:48:36,102 [84e2f200-b83f-4514-9762-a3bf8832ea50-groupManagement] INFO  server.RaftServerConfigKeys (ConfUtils.java:logGet(46)) - raft.server.log.appender.buffer.byte-limit = 8388608 (custom)
2024-01-30 07:48:36,102 [84e2f200-b83f-4514-9762-a3bf8832ea50-groupManagement] INFO  util.AwaitToRun (AwaitToRun.java:start(81)) - Thread[84e2f200-b83f-4514-9762-a3bf8832ea50@group-07C1DF08F428-cacheEviction-AwaitToRun,5,main] started
2024-01-30 07:48:36,102 [84e2f200-b83f-4514-9762-a3bf8832ea50-groupManagement] INFO  segmented.SegmentedRaftLogWorker (SegmentedRaftLogWorker.java:<init>(182)) - new 84e2f200-b83f-4514-9762-a3bf8832ea50@group-07C1DF08F428-SegmentedRaftLogWorker for RaftStorageImpl:Storage Directory /home/runner/work/ozone/ozone/hadoop-ozone/integration-test/target/test-dir/MiniOzoneClusterImpl-22134a4f-1b78-467c-b266-ccfd401dbc1a/datanode-1/data/ratis/cc4d22f2-9f3e-4340-9ad7-07c1df08f428
2024-01-30 07:48:36,102 [84e2f200-b83f-4514-9762-a3bf8832ea50-groupManagement] INFO  server.RaftServerConfigKeys (ConfUtils.java:logGet(46)) - raft.server.log.queue.byte-limit = 4294967296 (custom)
2024-01-30 07:48:36,103 [84e2f200-b83f-4514-9762-a3bf8832ea50-groupManagement] INFO  server.RaftServerConfigKeys (ConfUtils.java:logGet(46)) - raft.server.log.queue.element-limit = 1024 (custom)
2024-01-30 07:48:36,103 [84e2f200-b83f-4514-9762-a3bf8832ea50-groupManagement] INFO  server.RaftServerConfigKeys (ConfUtils.java:logGet(46)) - raft.server.log.segment.size.max = 67108864 (custom)
2024-01-30 07:48:36,103 [84e2f200-b83f-4514-9762-a3bf8832ea50-groupManagement] INFO  server.RaftServerConfigKeys (ConfUtils.java:logGet(46)) - raft.server.log.preallocated.size = 4194304 (custom)
2024-01-30 07:48:36,103 [84e2f200-b83f-4514-9762-a3bf8832ea50-groupManagement] INFO  server.RaftServerConfigKeys (ConfUtils.java:logGet(46)) - raft.server.log.force.sync.num = 128 (default)
2024-01-30 07:48:36,103 [84e2f200-b83f-4514-9762-a3bf8832ea50-groupManagement] INFO  server.RaftServerConfigKeys (ConfUtils.java:logGet(46)) - raft.server.log.statemachine.data.sync = true (default)
2024-01-30 07:48:36,103 [84e2f200-b83f-4514-9762-a3bf8832ea50-groupManagement] INFO  server.RaftServerConfigKeys (ConfUtils.java:logGet(46)) - raft.server.log.statemachine.data.sync.timeout = 10s (default)
2024-01-30 07:48:36,103 [84e2f200-b83f-4514-9762-a3bf8832ea50-groupManagement] INFO  server.RaftServerConfigKeys (ConfUtils.java:logGet(46)) - raft.server.log.statemachine.data.sync.timeout.retry = 0 (custom)
2024-01-30 07:48:36,103 [84e2f200-b83f-4514-9762-a3bf8832ea50-groupManagement] INFO  server.RaftServerConfigKeys (ConfUtils.java:logGet(46)) - raft.server.log.write.buffer.size = 8388616 (custom)
2024-01-30 07:48:36,110 [84e2f200-b83f-4514-9762-a3bf8832ea50-groupManagement] INFO  server.RaftServerConfigKeys (ConfUtils.java:logGet(46)) - raft.server.log.appender.buffer.byte-limit = 8388608 (custom)
2024-01-30 07:48:36,110 [84e2f200-b83f-4514-9762-a3bf8832ea50-groupManagement] INFO  server.RaftServerConfigKeys (ConfUtils.java:logGet(46)) - raft.server.log.unsafe-flush.enabled = false (default)
2024-01-30 07:48:36,111 [84e2f200-b83f-4514-9762-a3bf8832ea50-groupManagement] INFO  server.RaftServerConfigKeys (ConfUtils.java:logGet(46)) - raft.server.log.async-flush.enabled = false (default)
2024-01-30 07:48:36,111 [84e2f200-b83f-4514-9762-a3bf8832ea50-groupManagement] INFO  server.RaftServerConfigKeys (ConfUtils.java:logGet(46)) - raft.server.log.statemachine.data.caching.enabled = true (custom)
2024-01-30 07:48:36,111 [84e2f200-b83f-4514-9762-a3bf8832ea50-groupManagement] INFO  segmented.SegmentedRaftLogWorker (SegmentedRaftLogWorker.java:lambda$new$0(134)) - 84e2f200-b83f-4514-9762-a3bf8832ea50@group-07C1DF08F428-SegmentedRaftLogWorker: flushIndex: setUnconditionally 0 -> -1
2024-01-30 07:48:36,111 [84e2f200-b83f-4514-9762-a3bf8832ea50-groupManagement] INFO  segmented.SegmentedRaftLogWorker (SegmentedRaftLogWorker.java:lambda$new$0(134)) - 84e2f200-b83f-4514-9762-a3bf8832ea50@group-07C1DF08F428-SegmentedRaftLogWorker: safeCacheEvictIndex: setUnconditionally 0 -> -1
2024-01-30 07:48:36,111 [84e2f200-b83f-4514-9762-a3bf8832ea50-groupManagement] INFO  server.RaftServer$Division (RaftServerImpl.java:start(396)) - 84e2f200-b83f-4514-9762-a3bf8832ea50@group-07C1DF08F428: start as a follower, conf=-1: peers:[84e2f200-b83f-4514-9762-a3bf8832ea50|10.1.0.48:15120, 971c1615-1531-4bff-8b79-adf9a27d7f54|10.1.0.48:15129, 2a934876-6cad-418e-9d99-0b91c92fbe5b|10.1.0.48:15111]|listeners:[], old=null
2024-01-30 07:48:36,111 [84e2f200-b83f-4514-9762-a3bf8832ea50-groupManagement] INFO  server.RaftServer$Division (RaftServerImpl.java:setRole(383)) - 84e2f200-b83f-4514-9762-a3bf8832ea50@group-07C1DF08F428: changes role from      null to FOLLOWER at term 0 for startAsFollower
2024-01-30 07:48:36,111 [84e2f200-b83f-4514-9762-a3bf8832ea50-groupManagement] INFO  impl.RoleInfo (RoleInfo.java:updateAndGet(139)) - 84e2f200-b83f-4514-9762-a3bf8832ea50: start 84e2f200-b83f-4514-9762-a3bf8832ea50@group-07C1DF08F428-FollowerState
2024-01-30 07:48:36,111 [84e2f200-b83f-4514-9762-a3bf8832ea50@group-07C1DF08F428-FollowerState] INFO  server.RaftServerConfigKeys (ConfUtils.java:logFallback(53)) - raft.server.rpc.first-election.timeout.min = 5s (fallback to raft.server.rpc.timeout.min)
2024-01-30 07:48:36,111 [84e2f200-b83f-4514-9762-a3bf8832ea50@group-07C1DF08F428-FollowerState] INFO  server.RaftServerConfigKeys (ConfUtils.java:logFallback(53)) - raft.server.rpc.first-election.timeout.max = 5200ms (fallback to raft.server.rpc.timeout.max)
2024-01-30 07:48:36,111 [84e2f200-b83f-4514-9762-a3bf8832ea50-groupManagement] INFO  util.JmxRegister (JmxRegister.java:tryRegister(44)) - Successfully registered JMX Bean with object name Ratis:service=RaftServer,group=group-07C1DF08F428,id=84e2f200-b83f-4514-9762-a3bf8832ea50
2024-01-30 07:48:36,112 [84e2f200-b83f-4514-9762-a3bf8832ea50-groupManagement] INFO  server.RaftServerConfigKeys (ConfUtils.java:logGet(46)) - raft.server.snapshot.trigger-when-stop.enabled = true (default)
2024-01-30 07:48:36,113 [84e2f200-b83f-4514-9762-a3bf8832ea50-groupManagement] INFO  server.RaftServerConfigKeys (ConfUtils.java:logGet(46)) - raft.server.snapshot.auto.trigger.enabled = true (custom)
2024-01-30 07:48:36,113 [84e2f200-b83f-4514-9762-a3bf8832ea50-groupManagement] INFO  server.RaftServerConfigKeys (ConfUtils.java:logGet(46)) - raft.server.snapshot.auto.trigger.threshold = 10000 (custom)
2024-01-30 07:48:36,113 [84e2f200-b83f-4514-9762-a3bf8832ea50-groupManagement] INFO  server.RaftServerConfigKeys (ConfUtils.java:logGet(46)) - raft.server.snapshot.retention.file.num = 5 (custom)
2024-01-30 07:48:36,113 [84e2f200-b83f-4514-9762-a3bf8832ea50-groupManagement] INFO  server.RaftServerConfigKeys (ConfUtils.java:logGet(46)) - raft.server.log.purge.upto.snapshot.index = false (default)
2024-01-30 07:48:36,116 [84e2f200-b83f-4514-9762-a3bf8832ea50-PipelineCommandHandlerThread-0] INFO  ratis.XceiverServerRatis (XceiverServerRatis.java:addGroup(864)) - Created group PipelineID=cc4d22f2-9f3e-4340-9ad7-07c1df08f428
2024-01-30 07:48:36,119 [2a934876-6cad-418e-9d99-0b91c92fbe5b-PipelineCommandHandlerThread-0] INFO  commandhandler.CreatePipelineCommandHandler (CreatePipelineCommandHandler.java:lambda$handle$2(124)) - Created Pipeline RATIS THREE PipelineID=cc4d22f2-9f3e-4340-9ad7-07c1df08f428.
2024-01-30 07:48:36,145 [84e2f200-b83f-4514-9762-a3bf8832ea50-PipelineCommandHandlerThread-0] INFO  commandhandler.CreatePipelineCommandHandler (CreatePipelineCommandHandler.java:lambda$handle$2(124)) - Created Pipeline RATIS THREE PipelineID=cc4d22f2-9f3e-4340-9ad7-07c1df08f428.
2024-01-30 07:48:36,274 [33e454d1-da2d-4d19-a678-883106399134-PipelineCommandHandlerThread-0] INFO  server.RaftServer (RaftServerProxy.java:addNew(100)) - 33e454d1-da2d-4d19-a678-883106399134: addNew group-FB520FCB7D25:[42bb30bf-6dde-4b10-b68e-ce189e81f0fd|10.1.0.48:15156, 53433fb8-bbf6-4d1d-a4a4-8c4d503fb949|10.1.0.48:15147, 33e454d1-da2d-4d19-a678-883106399134|10.1.0.48:15138] returns group-FB520FCB7D25:java.util.concurrent.CompletableFuture@7a54a066[Not completed]
2024-01-30 07:48:36,275 [33e454d1-da2d-4d19-a678-883106399134-groupManagement] INFO  server.RaftServer$Division (RaftServerImpl.java:<init>(256)) - 33e454d1-da2d-4d19-a678-883106399134: new RaftServerImpl for group-FB520FCB7D25:[42bb30bf-6dde-4b10-b68e-ce189e81f0fd|10.1.0.48:15156, 53433fb8-bbf6-4d1d-a4a4-8c4d503fb949|10.1.0.48:15147, 33e454d1-da2d-4d19-a678-883106399134|10.1.0.48:15138] with ContainerStateMachine:uninitialized
2024-01-30 07:48:36,275 [33e454d1-da2d-4d19-a678-883106399134-groupManagement] INFO  server.RaftServerConfigKeys (ConfUtils.java:logGet(46)) - raft.server.rpc.timeout.min = 5s (custom)
2024-01-30 07:48:36,275 [33e454d1-da2d-4d19-a678-883106399134-groupManagement] INFO  server.RaftServerConfigKeys (ConfUtils.java:logGet(46)) - raft.server.rpc.timeout.max = 5200ms (custom)
2024-01-30 07:48:36,275 [33e454d1-da2d-4d19-a678-883106399134-groupManagement] INFO  server.RaftServerConfigKeys (ConfUtils.java:logGet(46)) - raft.server.rpc.sleep.time = 25ms (default)
2024-01-30 07:48:36,275 [33e454d1-da2d-4d19-a678-883106399134-groupManagement] INFO  server.RaftServerConfigKeys (ConfUtils.java:logGet(46)) - raft.server.rpc.slowness.timeout = 300s (custom)
2024-01-30 07:48:36,275 [33e454d1-da2d-4d19-a678-883106399134-groupManagement] INFO  server.RaftServerConfigKeys (ConfUtils.java:logGet(46)) - raft.server.leaderelection.leader.step-down.wait-time = 10s (default)
2024-01-30 07:48:36,275 [33e454d1-da2d-4d19-a678-883106399134-groupManagement] INFO  server.RaftServerConfigKeys (ConfUtils.java:logGet(46)) - raft.server.leaderelection.member.majority-add = false (default)
2024-01-30 07:48:36,275 [33e454d1-da2d-4d19-a678-883106399134-groupManagement] INFO  server.RaftServerConfigKeys (ConfUtils.java:logGet(46)) - raft.server.sleep.deviation.threshold = 300ms (default)
2024-01-30 07:48:36,275 [33e454d1-da2d-4d19-a678-883106399134-groupManagement] INFO  server.RaftServer$Division (ServerState.java:<init>(113)) - 33e454d1-da2d-4d19-a678-883106399134@group-FB520FCB7D25: ConfigurationManager, init=-1: peers:[42bb30bf-6dde-4b10-b68e-ce189e81f0fd|10.1.0.48:15156, 53433fb8-bbf6-4d1d-a4a4-8c4d503fb949|10.1.0.48:15147, 33e454d1-da2d-4d19-a678-883106399134|10.1.0.48:15138]|listeners:[], old=null, confs=<EMPTY_MAP>
2024-01-30 07:48:36,275 [33e454d1-da2d-4d19-a678-883106399134-groupManagement] INFO  server.RaftServerConfigKeys (ConfUtils.java:logGet(46)) - raft.server.notification.no-leader.timeout = 300s (custom)
2024-01-30 07:48:36,276 [33e454d1-da2d-4d19-a678-883106399134-groupManagement] INFO  server.RaftServerConfigKeys (ConfUtils.java:logGet(46)) - raft.server.read.timeout = 10s (default)
2024-01-30 07:48:36,276 [33e454d1-da2d-4d19-a678-883106399134-groupManagement] INFO  server.RaftServerConfigKeys (ConfUtils.java:logGet(46)) - raft.server.retrycache.expirytime = 600000ms (custom)
2024-01-30 07:48:36,276 [33e454d1-da2d-4d19-a678-883106399134-groupManagement] INFO  server.RaftServerConfigKeys (ConfUtils.java:logGet(46)) - raft.server.retrycache.statistics.expirytime = 100ms (default)
2024-01-30 07:48:36,276 [33e454d1-da2d-4d19-a678-883106399134-groupManagement] INFO  server.RaftServerConfigKeys (ConfUtils.java:logGet(46)) - raft.server.read.option = DEFAULT (default)
2024-01-30 07:48:36,276 [33e454d1-da2d-4d19-a678-883106399134-groupManagement] INFO  server.RaftServerConfigKeys (ConfUtils.java:logGet(46)) - raft.server.read.read-after-write-consistent.write-index-cache.expiry-time = 60s (default)
2024-01-30 07:48:36,277 [33e454d1-da2d-4d19-a678-883106399134-groupManagement] INFO  server.RaftServerConfigKeys (ConfUtils.java:logGet(46)) - raft.server.rpc.request.timeout = 60s (custom)
2024-01-30 07:48:36,277 [33e454d1-da2d-4d19-a678-883106399134-groupManagement] INFO  server.RaftServerConfigKeys (ConfUtils.java:logGet(46)) - raft.server.log.appender.install.snapshot.enabled = false (custom)
2024-01-30 07:48:36,277 [33e454d1-da2d-4d19-a678-883106399134-groupManagement] INFO  server.RaftServerConfigKeys (ConfUtils.java:logGet(46)) - raft.server.threadpool.server.cached = true (default)
2024-01-30 07:48:36,277 [33e454d1-da2d-4d19-a678-883106399134-groupManagement] INFO  server.RaftServerConfigKeys (ConfUtils.java:logGet(46)) - raft.server.threadpool.server.size = 0 (default)
2024-01-30 07:48:36,277 [33e454d1-da2d-4d19-a678-883106399134-groupManagement] INFO  server.RaftServerConfigKeys (ConfUtils.java:logGet(46)) - raft.server.threadpool.client.cached = true (default)
2024-01-30 07:48:36,277 [33e454d1-da2d-4d19-a678-883106399134-groupManagement] INFO  server.RaftServerConfigKeys (ConfUtils.java:logGet(46)) - raft.server.threadpool.client.size = 0 (default)
2024-01-30 07:48:36,277 [33e454d1-da2d-4d19-a678-883106399134-groupManagement] INFO  server.RaftServerConfigKeys (ConfUtils.java:logGet(46)) - raft.server.storage.free-space.min = 0MB (=0) (default)
2024-01-30 07:48:36,277 [33e454d1-da2d-4d19-a678-883106399134-groupManagement] INFO  server.RaftServerConfigKeys (ConfUtils.java:logGet(46)) - raft.server.log.corruption.policy = EXCEPTION (default)
2024-01-30 07:48:36,277 [33e454d1-da2d-4d19-a678-883106399134-groupManagement] INFO  server.RaftServerConfigKeys (ConfUtils.java:logGet(46)) - raft.server.storage.dir = [/home/runner/work/ozone/ozone/hadoop-ozone/integration-test/target/test-dir/MiniOzoneClusterImpl-22134a4f-1b78-467c-b266-ccfd401dbc1a/datanode-3/data/ratis] (custom)
2024-01-30 07:48:36,278 [33e454d1-da2d-4d19-a678-883106399134-groupManagement] INFO  storage.RaftStorageDirectory (RaftStorageDirectoryImpl.java:analyzeStorage(138)) - The storage directory /home/runner/work/ozone/ozone/hadoop-ozone/integration-test/target/test-dir/MiniOzoneClusterImpl-22134a4f-1b78-467c-b266-ccfd401dbc1a/datanode-3/data/ratis/eb067bd9-c5d6-4c68-8b2a-fb520fcb7d25 does not exist. Creating ...
2024-01-30 07:48:36,278 [33e454d1-da2d-4d19-a678-883106399134-groupManagement] INFO  storage.RaftStorageDirectory (RaftStorageDirectoryImpl.java:tryLock(228)) - Lock on /home/runner/work/ozone/ozone/hadoop-ozone/integration-test/target/test-dir/MiniOzoneClusterImpl-22134a4f-1b78-467c-b266-ccfd401dbc1a/datanode-3/data/ratis/eb067bd9-c5d6-4c68-8b2a-fb520fcb7d25/in_use.lock acquired by nodename 92995@fv-az1436-717
2024-01-30 07:48:36,279 [33e454d1-da2d-4d19-a678-883106399134-groupManagement] INFO  storage.RaftStorage (RaftStorageImpl.java:format(99)) - Storage directory /home/runner/work/ozone/ozone/hadoop-ozone/integration-test/target/test-dir/MiniOzoneClusterImpl-22134a4f-1b78-467c-b266-ccfd401dbc1a/datanode-3/data/ratis/eb067bd9-c5d6-4c68-8b2a-fb520fcb7d25 has been successfully formatted.
2024-01-30 07:48:36,279 [33e454d1-da2d-4d19-a678-883106399134-groupManagement] WARN  util.FileUtils (LogUtils.java:supplyAndLog(63)) - Failed to Files.newInputStream /home/runner/work/ozone/ozone/hadoop-ozone/integration-test/target/test-dir/MiniOzoneClusterImpl-22134a4f-1b78-467c-b266-ccfd401dbc1a/datanode-3/data/ratis/eb067bd9-c5d6-4c68-8b2a-fb520fcb7d25/current/raft-meta.conf with options []: java.nio.file.NoSuchFileException: /home/runner/work/ozone/ozone/hadoop-ozone/integration-test/target/test-dir/MiniOzoneClusterImpl-22134a4f-1b78-467c-b266-ccfd401dbc1a/datanode-3/data/ratis/eb067bd9-c5d6-4c68-8b2a-fb520fcb7d25/current/raft-meta.conf
2024-01-30 07:48:36,280 [33e454d1-da2d-4d19-a678-883106399134-groupManagement] INFO  ratis.ContainerStateMachine (ContainerStateMachine.java:loadSnapshot(287)) - group-FB520FCB7D25: The snapshot info is null. Setting the last applied index to:(t:0, i:~)
2024-01-30 07:48:36,280 [33e454d1-da2d-4d19-a678-883106399134-groupManagement] INFO  server.RaftServerConfigKeys (ConfUtils.java:logGet(46)) - raft.server.log.use.memory = false (default)
2024-01-30 07:48:36,280 [33e454d1-da2d-4d19-a678-883106399134-groupManagement] INFO  server.RaftServerConfigKeys (ConfUtils.java:logGet(46)) - raft.server.log.purge.gap = 1000000 (custom)
2024-01-30 07:48:36,280 [33e454d1-da2d-4d19-a678-883106399134-groupManagement] INFO  server.RaftServerConfigKeys (ConfUtils.java:logGet(46)) - raft.server.log.appender.buffer.byte-limit = 8388608 (custom)
2024-01-30 07:48:36,281 [33e454d1-da2d-4d19-a678-883106399134-groupManagement] INFO  server.RaftServerConfigKeys (ConfUtils.java:logGet(46)) - raft.server.log.statemachine.data.read.timeout = 1000ms (default)
2024-01-30 07:48:36,281 [33e454d1-da2d-4d19-a678-883106399134-groupManagement] INFO  server.RaftServerConfigKeys (ConfUtils.java:logGet(46)) - raft.server.log.purge.preservation.log.num = 0 (default)
2024-01-30 07:48:36,282 [33e454d1-da2d-4d19-a678-883106399134-groupManagement] INFO  server.RaftServerConfigKeys (ConfUtils.java:logGet(46)) - raft.server.log.segment.size.max = 67108864 (custom)
2024-01-30 07:48:36,282 [33e454d1-da2d-4d19-a678-883106399134-groupManagement] INFO  server.RaftServerConfigKeys (ConfUtils.java:logGet(46)) - raft.server.log.segment.cache.num.max = 2 (custom)
2024-01-30 07:48:36,282 [33e454d1-da2d-4d19-a678-883106399134-groupManagement] INFO  server.RaftServerConfigKeys (ConfUtils.java:logGet(46)) - raft.server.log.segment.cache.size.max = 200MB (=209715200) (default)
2024-01-30 07:48:36,282 [33e454d1-da2d-4d19-a678-883106399134-groupManagement] INFO  server.RaftServerConfigKeys (ConfUtils.java:logGet(46)) - raft.server.log.appender.buffer.byte-limit = 8388608 (custom)
2024-01-30 07:48:36,282 [33e454d1-da2d-4d19-a678-883106399134-groupManagement] INFO  util.AwaitToRun (AwaitToRun.java:start(81)) - Thread[33e454d1-da2d-4d19-a678-883106399134@group-FB520FCB7D25-cacheEviction-AwaitToRun,5,main] started
2024-01-30 07:48:36,282 [33e454d1-da2d-4d19-a678-883106399134-groupManagement] INFO  segmented.SegmentedRaftLogWorker (SegmentedRaftLogWorker.java:<init>(182)) - new 33e454d1-da2d-4d19-a678-883106399134@group-FB520FCB7D25-SegmentedRaftLogWorker for RaftStorageImpl:Storage Directory /home/runner/work/ozone/ozone/hadoop-ozone/integration-test/target/test-dir/MiniOzoneClusterImpl-22134a4f-1b78-467c-b266-ccfd401dbc1a/datanode-3/data/ratis/eb067bd9-c5d6-4c68-8b2a-fb520fcb7d25
2024-01-30 07:48:36,282 [33e454d1-da2d-4d19-a678-883106399134-groupManagement] INFO  server.RaftServerConfigKeys (ConfUtils.java:logGet(46)) - raft.server.log.queue.byte-limit = 4294967296 (custom)
2024-01-30 07:48:36,282 [33e454d1-da2d-4d19-a678-883106399134-groupManagement] INFO  server.RaftServerConfigKeys (ConfUtils.java:logGet(46)) - raft.server.log.queue.element-limit = 1024 (custom)
2024-01-30 07:48:36,282 [33e454d1-da2d-4d19-a678-883106399134-groupManagement] INFO  server.RaftServerConfigKeys (ConfUtils.java:logGet(46)) - raft.server.log.segment.size.max = 67108864 (custom)
2024-01-30 07:48:36,282 [33e454d1-da2d-4d19-a678-883106399134-groupManagement] INFO  server.RaftServerConfigKeys (ConfUtils.java:logGet(46)) - raft.server.log.preallocated.size = 4194304 (custom)
2024-01-30 07:48:36,283 [33e454d1-da2d-4d19-a678-883106399134-groupManagement] INFO  server.RaftServerConfigKeys (ConfUtils.java:logGet(46)) - raft.server.log.force.sync.num = 128 (default)
2024-01-30 07:48:36,283 [33e454d1-da2d-4d19-a678-883106399134-groupManagement] INFO  server.RaftServerConfigKeys (ConfUtils.java:logGet(46)) - raft.server.log.statemachine.data.sync = true (default)
2024-01-30 07:48:36,283 [33e454d1-da2d-4d19-a678-883106399134-groupManagement] INFO  server.RaftServerConfigKeys (ConfUtils.java:logGet(46)) - raft.server.log.statemachine.data.sync.timeout = 10s (default)
2024-01-30 07:48:36,283 [33e454d1-da2d-4d19-a678-883106399134-groupManagement] INFO  server.RaftServerConfigKeys (ConfUtils.java:logGet(46)) - raft.server.log.statemachine.data.sync.timeout.retry = 0 (custom)
2024-01-30 07:48:36,283 [33e454d1-da2d-4d19-a678-883106399134-groupManagement] INFO  server.RaftServerConfigKeys (ConfUtils.java:logGet(46)) - raft.server.log.write.buffer.size = 8388616 (custom)
2024-01-30 07:48:36,284 [33e454d1-da2d-4d19-a678-883106399134-groupManagement] INFO  server.RaftServerConfigKeys (ConfUtils.java:logGet(46)) - raft.server.log.appender.buffer.byte-limit = 8388608 (custom)
2024-01-30 07:48:36,284 [33e454d1-da2d-4d19-a678-883106399134-groupManagement] INFO  server.RaftServerConfigKeys (ConfUtils.java:logGet(46)) - raft.server.log.unsafe-flush.enabled = false (default)
2024-01-30 07:48:36,284 [33e454d1-da2d-4d19-a678-883106399134-groupManagement] INFO  server.RaftServerConfigKeys (ConfUtils.java:logGet(46)) - raft.server.log.async-flush.enabled = false (default)
2024-01-30 07:48:36,284 [33e454d1-da2d-4d19-a678-883106399134-groupManagement] INFO  server.RaftServerConfigKeys (ConfUtils.java:logGet(46)) - raft.server.log.statemachine.data.caching.enabled = true (custom)
2024-01-30 07:48:36,285 [33e454d1-da2d-4d19-a678-883106399134-groupManagement] INFO  segmented.SegmentedRaftLogWorker (SegmentedRaftLogWorker.java:lambda$new$0(134)) - 33e454d1-da2d-4d19-a678-883106399134@group-FB520FCB7D25-SegmentedRaftLogWorker: flushIndex: setUnconditionally 0 -> -1
2024-01-30 07:48:36,285 [33e454d1-da2d-4d19-a678-883106399134-groupManagement] INFO  segmented.SegmentedRaftLogWorker (SegmentedRaftLogWorker.java:lambda$new$0(134)) - 33e454d1-da2d-4d19-a678-883106399134@group-FB520FCB7D25-SegmentedRaftLogWorker: safeCacheEvictIndex: setUnconditionally 0 -> -1
2024-01-30 07:48:36,285 [33e454d1-da2d-4d19-a678-883106399134-groupManagement] INFO  server.RaftServer$Division (RaftServerImpl.java:start(396)) - 33e454d1-da2d-4d19-a678-883106399134@group-FB520FCB7D25: start as a follower, conf=-1: peers:[42bb30bf-6dde-4b10-b68e-ce189e81f0fd|10.1.0.48:15156, 53433fb8-bbf6-4d1d-a4a4-8c4d503fb949|10.1.0.48:15147, 33e454d1-da2d-4d19-a678-883106399134|10.1.0.48:15138]|listeners:[], old=null
2024-01-30 07:48:36,285 [33e454d1-da2d-4d19-a678-883106399134-groupManagement] INFO  server.RaftServer$Division (RaftServerImpl.java:setRole(383)) - 33e454d1-da2d-4d19-a678-883106399134@group-FB520FCB7D25: changes role from      null to FOLLOWER at term 0 for startAsFollower
2024-01-30 07:48:36,285 [33e454d1-da2d-4d19-a678-883106399134-groupManagement] INFO  impl.RoleInfo (RoleInfo.java:updateAndGet(139)) - 33e454d1-da2d-4d19-a678-883106399134: start 33e454d1-da2d-4d19-a678-883106399134@group-FB520FCB7D25-FollowerState
2024-01-30 07:48:36,285 [33e454d1-da2d-4d19-a678-883106399134-groupManagement] INFO  util.JmxRegister (JmxRegister.java:tryRegister(44)) - Successfully registered JMX Bean with object name Ratis:service=RaftServer,group=group-FB520FCB7D25,id=33e454d1-da2d-4d19-a678-883106399134
2024-01-30 07:48:36,285 [33e454d1-da2d-4d19-a678-883106399134@group-FB520FCB7D25-FollowerState] INFO  server.RaftServerConfigKeys (ConfUtils.java:logFallback(53)) - raft.server.rpc.first-election.timeout.min = 5s (fallback to raft.server.rpc.timeout.min)
2024-01-30 07:48:36,285 [33e454d1-da2d-4d19-a678-883106399134-groupManagement] INFO  server.RaftServerConfigKeys (ConfUtils.java:logGet(46)) - raft.server.snapshot.trigger-when-stop.enabled = true (default)
2024-01-30 07:48:36,285 [33e454d1-da2d-4d19-a678-883106399134@group-FB520FCB7D25-FollowerState] INFO  server.RaftServerConfigKeys (ConfUtils.java:logFallback(53)) - raft.server.rpc.first-election.timeout.max = 5200ms (fallback to raft.server.rpc.timeout.max)
2024-01-30 07:48:36,285 [33e454d1-da2d-4d19-a678-883106399134-groupManagement] INFO  server.RaftServerConfigKeys (ConfUtils.java:logGet(46)) - raft.server.snapshot.auto.trigger.enabled = true (custom)
2024-01-30 07:48:36,285 [33e454d1-da2d-4d19-a678-883106399134-groupManagement] INFO  server.RaftServerConfigKeys (ConfUtils.java:logGet(46)) - raft.server.snapshot.auto.trigger.threshold = 10000 (custom)
2024-01-30 07:48:36,286 [33e454d1-da2d-4d19-a678-883106399134-groupManagement] INFO  server.RaftServerConfigKeys (ConfUtils.java:logGet(46)) - raft.server.snapshot.retention.file.num = 5 (custom)
2024-01-30 07:48:36,286 [33e454d1-da2d-4d19-a678-883106399134-groupManagement] INFO  server.RaftServerConfigKeys (ConfUtils.java:logGet(46)) - raft.server.log.purge.upto.snapshot.index = false (default)
2024-01-30 07:48:36,286 [33e454d1-da2d-4d19-a678-883106399134-PipelineCommandHandlerThread-0] INFO  ratis.XceiverServerRatis (XceiverServerRatis.java:addGroup(864)) - Created group PipelineID=eb067bd9-c5d6-4c68-8b2a-fb520fcb7d25
2024-01-30 07:48:36,291 [grpc-default-executor-5] INFO  server.RaftServer (RaftServerProxy.java:addNew(100)) - 42bb30bf-6dde-4b10-b68e-ce189e81f0fd: addNew group-FB520FCB7D25:[42bb30bf-6dde-4b10-b68e-ce189e81f0fd|10.1.0.48:15156, 53433fb8-bbf6-4d1d-a4a4-8c4d503fb949|10.1.0.48:15147, 33e454d1-da2d-4d19-a678-883106399134|10.1.0.48:15138] returns group-FB520FCB7D25:java.util.concurrent.CompletableFuture@27d5fd35[Not completed]
2024-01-30 07:48:36,292 [42bb30bf-6dde-4b10-b68e-ce189e81f0fd-groupManagement] INFO  server.RaftServer$Division (RaftServerImpl.java:<init>(256)) - 42bb30bf-6dde-4b10-b68e-ce189e81f0fd: new RaftServerImpl for group-FB520FCB7D25:[42bb30bf-6dde-4b10-b68e-ce189e81f0fd|10.1.0.48:15156, 53433fb8-bbf6-4d1d-a4a4-8c4d503fb949|10.1.0.48:15147, 33e454d1-da2d-4d19-a678-883106399134|10.1.0.48:15138] with ContainerStateMachine:uninitialized
2024-01-30 07:48:36,292 [42bb30bf-6dde-4b10-b68e-ce189e81f0fd-groupManagement] INFO  server.RaftServerConfigKeys (ConfUtils.java:logGet(46)) - raft.server.rpc.timeout.min = 5s (custom)
2024-01-30 07:48:36,292 [42bb30bf-6dde-4b10-b68e-ce189e81f0fd-groupManagement] INFO  server.RaftServerConfigKeys (ConfUtils.java:logGet(46)) - raft.server.rpc.timeout.max = 5200ms (custom)
2024-01-30 07:48:36,292 [42bb30bf-6dde-4b10-b68e-ce189e81f0fd-groupManagement] INFO  server.RaftServerConfigKeys (ConfUtils.java:logGet(46)) - raft.server.rpc.sleep.time = 25ms (default)
2024-01-30 07:48:36,292 [42bb30bf-6dde-4b10-b68e-ce189e81f0fd-groupManagement] INFO  server.RaftServerConfigKeys (ConfUtils.java:logGet(46)) - raft.server.rpc.slowness.timeout = 300s (custom)
2024-01-30 07:48:36,292 [42bb30bf-6dde-4b10-b68e-ce189e81f0fd-groupManagement] INFO  server.RaftServerConfigKeys (ConfUtils.java:logGet(46)) - raft.server.leaderelection.leader.step-down.wait-time = 10s (default)
2024-01-30 07:48:36,292 [42bb30bf-6dde-4b10-b68e-ce189e81f0fd-groupManagement] INFO  server.RaftServerConfigKeys (ConfUtils.java:logGet(46)) - raft.server.leaderelection.member.majority-add = false (default)
2024-01-30 07:48:36,292 [42bb30bf-6dde-4b10-b68e-ce189e81f0fd-groupManagement] INFO  server.RaftServerConfigKeys (ConfUtils.java:logGet(46)) - raft.server.sleep.deviation.threshold = 300ms (default)
2024-01-30 07:48:36,292 [42bb30bf-6dde-4b10-b68e-ce189e81f0fd-groupManagement] INFO  server.RaftServer$Division (ServerState.java:<init>(113)) - 42bb30bf-6dde-4b10-b68e-ce189e81f0fd@group-FB520FCB7D25: ConfigurationManager, init=-1: peers:[42bb30bf-6dde-4b10-b68e-ce189e81f0fd|10.1.0.48:15156, 53433fb8-bbf6-4d1d-a4a4-8c4d503fb949|10.1.0.48:15147, 33e454d1-da2d-4d19-a678-883106399134|10.1.0.48:15138]|listeners:[], old=null, confs=<EMPTY_MAP>
2024-01-30 07:48:36,293 [42bb30bf-6dde-4b10-b68e-ce189e81f0fd-groupManagement] INFO  server.RaftServerConfigKeys (ConfUtils.java:logGet(46)) - raft.server.notification.no-leader.timeout = 300s (custom)
2024-01-30 07:48:36,293 [42bb30bf-6dde-4b10-b68e-ce189e81f0fd-groupManagement] INFO  server.RaftServerConfigKeys (ConfUtils.java:logGet(46)) - raft.server.read.timeout = 10s (default)
2024-01-30 07:48:36,293 [42bb30bf-6dde-4b10-b68e-ce189e81f0fd-groupManagement] INFO  server.RaftServerConfigKeys (ConfUtils.java:logGet(46)) - raft.server.retrycache.expirytime = 600000ms (custom)
2024-01-30 07:48:36,293 [42bb30bf-6dde-4b10-b68e-ce189e81f0fd-groupManagement] INFO  server.RaftServerConfigKeys (ConfUtils.java:logGet(46)) - raft.server.retrycache.statistics.expirytime = 100ms (default)
2024-01-30 07:48:36,293 [42bb30bf-6dde-4b10-b68e-ce189e81f0fd-groupManagement] INFO  server.RaftServerConfigKeys (ConfUtils.java:logGet(46)) - raft.server.read.option = DEFAULT (default)
2024-01-30 07:48:36,293 [42bb30bf-6dde-4b10-b68e-ce189e81f0fd-groupManagement] INFO  server.RaftServerConfigKeys (ConfUtils.java:logGet(46)) - raft.server.read.read-after-write-consistent.write-index-cache.expiry-time = 60s (default)
2024-01-30 07:48:36,294 [42bb30bf-6dde-4b10-b68e-ce189e81f0fd-groupManagement] INFO  server.RaftServerConfigKeys (ConfUtils.java:logGet(46)) - raft.server.rpc.request.timeout = 60s (custom)
2024-01-30 07:48:36,294 [42bb30bf-6dde-4b10-b68e-ce189e81f0fd-groupManagement] INFO  server.RaftServerConfigKeys (ConfUtils.java:logGet(46)) - raft.server.log.appender.install.snapshot.enabled = false (custom)
2024-01-30 07:48:36,294 [42bb30bf-6dde-4b10-b68e-ce189e81f0fd-groupManagement] INFO  server.RaftServerConfigKeys (ConfUtils.java:logGet(46)) - raft.server.threadpool.server.cached = true (default)
2024-01-30 07:48:36,294 [42bb30bf-6dde-4b10-b68e-ce189e81f0fd-groupManagement] INFO  server.RaftServerConfigKeys (ConfUtils.java:logGet(46)) - raft.server.threadpool.server.size = 0 (default)
2024-01-30 07:48:36,294 [42bb30bf-6dde-4b10-b68e-ce189e81f0fd-groupManagement] INFO  server.RaftServerConfigKeys (ConfUtils.java:logGet(46)) - raft.server.threadpool.client.cached = true (default)
2024-01-30 07:48:36,294 [42bb30bf-6dde-4b10-b68e-ce189e81f0fd-groupManagement] INFO  server.RaftServerConfigKeys (ConfUtils.java:logGet(46)) - raft.server.threadpool.client.size = 0 (default)
2024-01-30 07:48:36,294 [42bb30bf-6dde-4b10-b68e-ce189e81f0fd-groupManagement] INFO  server.RaftServerConfigKeys (ConfUtils.java:logGet(46)) - raft.server.storage.free-space.min = 0MB (=0) (default)
2024-01-30 07:48:36,294 [42bb30bf-6dde-4b10-b68e-ce189e81f0fd-groupManagement] INFO  server.RaftServerConfigKeys (ConfUtils.java:logGet(46)) - raft.server.log.corruption.policy = EXCEPTION (default)
2024-01-30 07:48:36,295 [42bb30bf-6dde-4b10-b68e-ce189e81f0fd-groupManagement] INFO  server.RaftServerConfigKeys (ConfUtils.java:logGet(46)) - raft.server.storage.dir = [/home/runner/work/ozone/ozone/hadoop-ozone/integration-test/target/test-dir/MiniOzoneClusterImpl-22134a4f-1b78-467c-b266-ccfd401dbc1a/datanode-5/data/ratis] (custom)
2024-01-30 07:48:36,295 [42bb30bf-6dde-4b10-b68e-ce189e81f0fd-groupManagement] INFO  storage.RaftStorageDirectory (RaftStorageDirectoryImpl.java:analyzeStorage(138)) - The storage directory /home/runner/work/ozone/ozone/hadoop-ozone/integration-test/target/test-dir/MiniOzoneClusterImpl-22134a4f-1b78-467c-b266-ccfd401dbc1a/datanode-5/data/ratis/eb067bd9-c5d6-4c68-8b2a-fb520fcb7d25 does not exist. Creating ...
2024-01-30 07:48:36,295 [42bb30bf-6dde-4b10-b68e-ce189e81f0fd-groupManagement] INFO  storage.RaftStorageDirectory (RaftStorageDirectoryImpl.java:tryLock(228)) - Lock on /home/runner/work/ozone/ozone/hadoop-ozone/integration-test/target/test-dir/MiniOzoneClusterImpl-22134a4f-1b78-467c-b266-ccfd401dbc1a/datanode-5/data/ratis/eb067bd9-c5d6-4c68-8b2a-fb520fcb7d25/in_use.lock acquired by nodename 92995@fv-az1436-717
2024-01-30 07:48:36,296 [42bb30bf-6dde-4b10-b68e-ce189e81f0fd-groupManagement] INFO  storage.RaftStorage (RaftStorageImpl.java:format(99)) - Storage directory /home/runner/work/ozone/ozone/hadoop-ozone/integration-test/target/test-dir/MiniOzoneClusterImpl-22134a4f-1b78-467c-b266-ccfd401dbc1a/datanode-5/data/ratis/eb067bd9-c5d6-4c68-8b2a-fb520fcb7d25 has been successfully formatted.
2024-01-30 07:48:36,296 [42bb30bf-6dde-4b10-b68e-ce189e81f0fd-groupManagement] WARN  util.FileUtils (LogUtils.java:supplyAndLog(63)) - Failed to Files.newInputStream /home/runner/work/ozone/ozone/hadoop-ozone/integration-test/target/test-dir/MiniOzoneClusterImpl-22134a4f-1b78-467c-b266-ccfd401dbc1a/datanode-5/data/ratis/eb067bd9-c5d6-4c68-8b2a-fb520fcb7d25/current/raft-meta.conf with options []: java.nio.file.NoSuchFileException: /home/runner/work/ozone/ozone/hadoop-ozone/integration-test/target/test-dir/MiniOzoneClusterImpl-22134a4f-1b78-467c-b266-ccfd401dbc1a/datanode-5/data/ratis/eb067bd9-c5d6-4c68-8b2a-fb520fcb7d25/current/raft-meta.conf
2024-01-30 07:48:36,297 [42bb30bf-6dde-4b10-b68e-ce189e81f0fd-groupManagement] INFO  ratis.ContainerStateMachine (ContainerStateMachine.java:loadSnapshot(287)) - group-FB520FCB7D25: The snapshot info is null. Setting the last applied index to:(t:0, i:~)
2024-01-30 07:48:36,297 [42bb30bf-6dde-4b10-b68e-ce189e81f0fd-groupManagement] INFO  server.RaftServerConfigKeys (ConfUtils.java:logGet(46)) - raft.server.log.use.memory = false (default)
2024-01-30 07:48:36,297 [42bb30bf-6dde-4b10-b68e-ce189e81f0fd-groupManagement] INFO  server.RaftServerConfigKeys (ConfUtils.java:logGet(46)) - raft.server.log.purge.gap = 1000000 (custom)
2024-01-30 07:48:36,298 [42bb30bf-6dde-4b10-b68e-ce189e81f0fd-groupManagement] INFO  server.RaftServerConfigKeys (ConfUtils.java:logGet(46)) - raft.server.log.appender.buffer.byte-limit = 8388608 (custom)
2024-01-30 07:48:36,298 [42bb30bf-6dde-4b10-b68e-ce189e81f0fd-groupManagement] INFO  server.RaftServerConfigKeys (ConfUtils.java:logGet(46)) - raft.server.log.statemachine.data.read.timeout = 1000ms (default)
2024-01-30 07:48:36,298 [42bb30bf-6dde-4b10-b68e-ce189e81f0fd-groupManagement] INFO  server.RaftServerConfigKeys (ConfUtils.java:logGet(46)) - raft.server.log.purge.preservation.log.num = 0 (default)
2024-01-30 07:48:36,299 [42bb30bf-6dde-4b10-b68e-ce189e81f0fd-groupManagement] INFO  server.RaftServerConfigKeys (ConfUtils.java:logGet(46)) - raft.server.log.segment.size.max = 67108864 (custom)
2024-01-30 07:48:36,299 [42bb30bf-6dde-4b10-b68e-ce189e81f0fd-groupManagement] INFO  server.RaftServerConfigKeys (ConfUtils.java:logGet(46)) - raft.server.log.segment.cache.num.max = 2 (custom)
2024-01-30 07:48:36,299 [42bb30bf-6dde-4b10-b68e-ce189e81f0fd-groupManagement] INFO  server.RaftServerConfigKeys (ConfUtils.java:logGet(46)) - raft.server.log.segment.cache.size.max = 200MB (=209715200) (default)
2024-01-30 07:48:36,299 [42bb30bf-6dde-4b10-b68e-ce189e81f0fd-groupManagement] INFO  server.RaftServerConfigKeys (ConfUtils.java:logGet(46)) - raft.server.log.appender.buffer.byte-limit = 8388608 (custom)
2024-01-30 07:48:36,299 [42bb30bf-6dde-4b10-b68e-ce189e81f0fd-groupManagement] INFO  util.AwaitToRun (AwaitToRun.java:start(81)) - Thread[42bb30bf-6dde-4b10-b68e-ce189e81f0fd@group-FB520FCB7D25-cacheEviction-AwaitToRun,5,main] started
2024-01-30 07:48:36,300 [42bb30bf-6dde-4b10-b68e-ce189e81f0fd-groupManagement] INFO  segmented.SegmentedRaftLogWorker (SegmentedRaftLogWorker.java:<init>(182)) - new 42bb30bf-6dde-4b10-b68e-ce189e81f0fd@group-FB520FCB7D25-SegmentedRaftLogWorker for RaftStorageImpl:Storage Directory /home/runner/work/ozone/ozone/hadoop-ozone/integration-test/target/test-dir/MiniOzoneClusterImpl-22134a4f-1b78-467c-b266-ccfd401dbc1a/datanode-5/data/ratis/eb067bd9-c5d6-4c68-8b2a-fb520fcb7d25
2024-01-30 07:48:36,300 [42bb30bf-6dde-4b10-b68e-ce189e81f0fd-groupManagement] INFO  server.RaftServerConfigKeys (ConfUtils.java:logGet(46)) - raft.server.log.queue.byte-limit = 4294967296 (custom)
2024-01-30 07:48:36,300 [42bb30bf-6dde-4b10-b68e-ce189e81f0fd-groupManagement] INFO  server.RaftServerConfigKeys (ConfUtils.java:logGet(46)) - raft.server.log.queue.element-limit = 1024 (custom)
2024-01-30 07:48:36,300 [42bb30bf-6dde-4b10-b68e-ce189e81f0fd-groupManagement] INFO  server.RaftServerConfigKeys (ConfUtils.java:logGet(46)) - raft.server.log.segment.size.max = 67108864 (custom)
2024-01-30 07:48:36,300 [42bb30bf-6dde-4b10-b68e-ce189e81f0fd-groupManagement] INFO  server.RaftServerConfigKeys (ConfUtils.java:logGet(46)) - raft.server.log.preallocated.size = 4194304 (custom)
2024-01-30 07:48:36,300 [42bb30bf-6dde-4b10-b68e-ce189e81f0fd-groupManagement] INFO  server.RaftServerConfigKeys (ConfUtils.java:logGet(46)) - raft.server.log.force.sync.num = 128 (default)
2024-01-30 07:48:36,300 [42bb30bf-6dde-4b10-b68e-ce189e81f0fd-groupManagement] INFO  server.RaftServerConfigKeys (ConfUtils.java:logGet(46)) - raft.server.log.statemachine.data.sync = true (default)
2024-01-30 07:48:36,300 [42bb30bf-6dde-4b10-b68e-ce189e81f0fd-groupManagement] INFO  server.RaftServerConfigKeys (ConfUtils.java:logGet(46)) - raft.server.log.statemachine.data.sync.timeout = 10s (default)
2024-01-30 07:48:36,300 [42bb30bf-6dde-4b10-b68e-ce189e81f0fd-groupManagement] INFO  server.RaftServerConfigKeys (ConfUtils.java:logGet(46)) - raft.server.log.statemachine.data.sync.timeout.retry = 0 (custom)
2024-01-30 07:48:36,300 [42bb30bf-6dde-4b10-b68e-ce189e81f0fd-groupManagement] INFO  server.RaftServerConfigKeys (ConfUtils.java:logGet(46)) - raft.server.log.write.buffer.size = 8388616 (custom)
2024-01-30 07:48:36,302 [42bb30bf-6dde-4b10-b68e-ce189e81f0fd-groupManagement] INFO  server.RaftServerConfigKeys (ConfUtils.java:logGet(46)) - raft.server.log.appender.buffer.byte-limit = 8388608 (custom)
2024-01-30 07:48:36,303 [42bb30bf-6dde-4b10-b68e-ce189e81f0fd-groupManagement] INFO  server.RaftServerConfigKeys (ConfUtils.java:logGet(46)) - raft.server.log.unsafe-flush.enabled = false (default)
2024-01-30 07:48:36,303 [42bb30bf-6dde-4b10-b68e-ce189e81f0fd-groupManagement] INFO  server.RaftServerConfigKeys (ConfUtils.java:logGet(46)) - raft.server.log.async-flush.enabled = false (default)
2024-01-30 07:48:36,303 [42bb30bf-6dde-4b10-b68e-ce189e81f0fd-groupManagement] INFO  server.RaftServerConfigKeys (ConfUtils.java:logGet(46)) - raft.server.log.statemachine.data.caching.enabled = true (custom)
2024-01-30 07:48:36,303 [42bb30bf-6dde-4b10-b68e-ce189e81f0fd-groupManagement] INFO  segmented.SegmentedRaftLogWorker (SegmentedRaftLogWorker.java:lambda$new$0(134)) - 42bb30bf-6dde-4b10-b68e-ce189e81f0fd@group-FB520FCB7D25-SegmentedRaftLogWorker: flushIndex: setUnconditionally 0 -> -1
2024-01-30 07:48:36,303 [42bb30bf-6dde-4b10-b68e-ce189e81f0fd-groupManagement] INFO  segmented.SegmentedRaftLogWorker (SegmentedRaftLogWorker.java:lambda$new$0(134)) - 42bb30bf-6dde-4b10-b68e-ce189e81f0fd@group-FB520FCB7D25-SegmentedRaftLogWorker: safeCacheEvictIndex: setUnconditionally 0 -> -1
2024-01-30 07:48:36,303 [42bb30bf-6dde-4b10-b68e-ce189e81f0fd-groupManagement] INFO  server.RaftServer$Division (RaftServerImpl.java:start(396)) - 42bb30bf-6dde-4b10-b68e-ce189e81f0fd@group-FB520FCB7D25: start as a follower, conf=-1: peers:[42bb30bf-6dde-4b10-b68e-ce189e81f0fd|10.1.0.48:15156, 53433fb8-bbf6-4d1d-a4a4-8c4d503fb949|10.1.0.48:15147, 33e454d1-da2d-4d19-a678-883106399134|10.1.0.48:15138]|listeners:[], old=null
2024-01-30 07:48:36,303 [42bb30bf-6dde-4b10-b68e-ce189e81f0fd-groupManagement] INFO  server.RaftServer$Division (RaftServerImpl.java:setRole(383)) - 42bb30bf-6dde-4b10-b68e-ce189e81f0fd@group-FB520FCB7D25: changes role from      null to FOLLOWER at term 0 for startAsFollower
2024-01-30 07:48:36,303 [42bb30bf-6dde-4b10-b68e-ce189e81f0fd-groupManagement] INFO  impl.RoleInfo (RoleInfo.java:updateAndGet(139)) - 42bb30bf-6dde-4b10-b68e-ce189e81f0fd: start 42bb30bf-6dde-4b10-b68e-ce189e81f0fd@group-FB520FCB7D25-FollowerState
2024-01-30 07:48:36,303 [42bb30bf-6dde-4b10-b68e-ce189e81f0fd@group-FB520FCB7D25-FollowerState] INFO  server.RaftServerConfigKeys (ConfUtils.java:logFallback(53)) - raft.server.rpc.first-election.timeout.min = 5s (fallback to raft.server.rpc.timeout.min)
2024-01-30 07:48:36,303 [42bb30bf-6dde-4b10-b68e-ce189e81f0fd-groupManagement] INFO  util.JmxRegister (JmxRegister.java:tryRegister(44)) - Successfully registered JMX Bean with object name Ratis:service=RaftServer,group=group-FB520FCB7D25,id=42bb30bf-6dde-4b10-b68e-ce189e81f0fd
2024-01-30 07:48:36,304 [42bb30bf-6dde-4b10-b68e-ce189e81f0fd@group-FB520FCB7D25-FollowerState] INFO  server.RaftServerConfigKeys (ConfUtils.java:logFallback(53)) - raft.server.rpc.first-election.timeout.max = 5200ms (fallback to raft.server.rpc.timeout.max)
2024-01-30 07:48:36,304 [42bb30bf-6dde-4b10-b68e-ce189e81f0fd-groupManagement] INFO  server.RaftServerConfigKeys (ConfUtils.java:logGet(46)) - raft.server.snapshot.trigger-when-stop.enabled = true (default)
2024-01-30 07:48:36,304 [42bb30bf-6dde-4b10-b68e-ce189e81f0fd-groupManagement] INFO  server.RaftServerConfigKeys (ConfUtils.java:logGet(46)) - raft.server.snapshot.auto.trigger.enabled = true (custom)
2024-01-30 07:48:36,304 [42bb30bf-6dde-4b10-b68e-ce189e81f0fd-groupManagement] INFO  server.RaftServerConfigKeys (ConfUtils.java:logGet(46)) - raft.server.snapshot.auto.trigger.threshold = 10000 (custom)
2024-01-30 07:48:36,304 [42bb30bf-6dde-4b10-b68e-ce189e81f0fd-groupManagement] INFO  server.RaftServerConfigKeys (ConfUtils.java:logGet(46)) - raft.server.snapshot.retention.file.num = 5 (custom)
2024-01-30 07:48:36,304 [42bb30bf-6dde-4b10-b68e-ce189e81f0fd-groupManagement] INFO  server.RaftServerConfigKeys (ConfUtils.java:logGet(46)) - raft.server.log.purge.upto.snapshot.index = false (default)
2024-01-30 07:48:36,315 [grpc-default-executor-5] INFO  server.RaftServer (RaftServerProxy.java:addNew(100)) - 53433fb8-bbf6-4d1d-a4a4-8c4d503fb949: addNew group-FB520FCB7D25:[42bb30bf-6dde-4b10-b68e-ce189e81f0fd|10.1.0.48:15156, 53433fb8-bbf6-4d1d-a4a4-8c4d503fb949|10.1.0.48:15147, 33e454d1-da2d-4d19-a678-883106399134|10.1.0.48:15138] returns group-FB520FCB7D25:java.util.concurrent.CompletableFuture@4c12174[Not completed]
2024-01-30 07:48:36,316 [53433fb8-bbf6-4d1d-a4a4-8c4d503fb949-groupManagement] INFO  server.RaftServer$Division (RaftServerImpl.java:<init>(256)) - 53433fb8-bbf6-4d1d-a4a4-8c4d503fb949: new RaftServerImpl for group-FB520FCB7D25:[42bb30bf-6dde-4b10-b68e-ce189e81f0fd|10.1.0.48:15156, 53433fb8-bbf6-4d1d-a4a4-8c4d503fb949|10.1.0.48:15147, 33e454d1-da2d-4d19-a678-883106399134|10.1.0.48:15138] with ContainerStateMachine:uninitialized
2024-01-30 07:48:36,316 [53433fb8-bbf6-4d1d-a4a4-8c4d503fb949-groupManagement] INFO  server.RaftServerConfigKeys (ConfUtils.java:logGet(46)) - raft.server.rpc.timeout.min = 5s (custom)
2024-01-30 07:48:36,316 [53433fb8-bbf6-4d1d-a4a4-8c4d503fb949-groupManagement] INFO  server.RaftServerConfigKeys (ConfUtils.java:logGet(46)) - raft.server.rpc.timeout.max = 5200ms (custom)
2024-01-30 07:48:36,316 [53433fb8-bbf6-4d1d-a4a4-8c4d503fb949-groupManagement] INFO  server.RaftServerConfigKeys (ConfUtils.java:logGet(46)) - raft.server.rpc.sleep.time = 25ms (default)
2024-01-30 07:48:36,316 [53433fb8-bbf6-4d1d-a4a4-8c4d503fb949-groupManagement] INFO  server.RaftServerConfigKeys (ConfUtils.java:logGet(46)) - raft.server.rpc.slowness.timeout = 300s (custom)
2024-01-30 07:48:36,316 [53433fb8-bbf6-4d1d-a4a4-8c4d503fb949-groupManagement] INFO  server.RaftServerConfigKeys (ConfUtils.java:logGet(46)) - raft.server.leaderelection.leader.step-down.wait-time = 10s (default)
2024-01-30 07:48:36,316 [53433fb8-bbf6-4d1d-a4a4-8c4d503fb949-groupManagement] INFO  server.RaftServerConfigKeys (ConfUtils.java:logGet(46)) - raft.server.leaderelection.member.majority-add = false (default)
2024-01-30 07:48:36,316 [53433fb8-bbf6-4d1d-a4a4-8c4d503fb949-groupManagement] INFO  server.RaftServerConfigKeys (ConfUtils.java:logGet(46)) - raft.server.sleep.deviation.threshold = 300ms (default)
2024-01-30 07:48:36,316 [53433fb8-bbf6-4d1d-a4a4-8c4d503fb949-groupManagement] INFO  server.RaftServer$Division (ServerState.java:<init>(113)) - 53433fb8-bbf6-4d1d-a4a4-8c4d503fb949@group-FB520FCB7D25: ConfigurationManager, init=-1: peers:[42bb30bf-6dde-4b10-b68e-ce189e81f0fd|10.1.0.48:15156, 53433fb8-bbf6-4d1d-a4a4-8c4d503fb949|10.1.0.48:15147, 33e454d1-da2d-4d19-a678-883106399134|10.1.0.48:15138]|listeners:[], old=null, confs=<EMPTY_MAP>
2024-01-30 07:48:36,316 [53433fb8-bbf6-4d1d-a4a4-8c4d503fb949-groupManagement] INFO  server.RaftServerConfigKeys (ConfUtils.java:logGet(46)) - raft.server.notification.no-leader.timeout = 300s (custom)
2024-01-30 07:48:36,316 [53433fb8-bbf6-4d1d-a4a4-8c4d503fb949-groupManagement] INFO  server.RaftServerConfigKeys (ConfUtils.java:logGet(46)) - raft.server.read.timeout = 10s (default)
2024-01-30 07:48:36,316 [53433fb8-bbf6-4d1d-a4a4-8c4d503fb949-groupManagement] INFO  server.RaftServerConfigKeys (ConfUtils.java:logGet(46)) - raft.server.retrycache.expirytime = 600000ms (custom)
2024-01-30 07:48:36,317 [53433fb8-bbf6-4d1d-a4a4-8c4d503fb949-groupManagement] INFO  server.RaftServerConfigKeys (ConfUtils.java:logGet(46)) - raft.server.retrycache.statistics.expirytime = 100ms (default)
2024-01-30 07:48:36,317 [53433fb8-bbf6-4d1d-a4a4-8c4d503fb949-groupManagement] INFO  server.RaftServerConfigKeys (ConfUtils.java:logGet(46)) - raft.server.read.option = DEFAULT (default)
2024-01-30 07:48:36,317 [53433fb8-bbf6-4d1d-a4a4-8c4d503fb949-groupManagement] INFO  server.RaftServerConfigKeys (ConfUtils.java:logGet(46)) - raft.server.read.read-after-write-consistent.write-index-cache.expiry-time = 60s (default)
2024-01-30 07:48:36,318 [53433fb8-bbf6-4d1d-a4a4-8c4d503fb949-groupManagement] INFO  server.RaftServerConfigKeys (ConfUtils.java:logGet(46)) - raft.server.rpc.request.timeout = 60s (custom)
2024-01-30 07:48:36,319 [53433fb8-bbf6-4d1d-a4a4-8c4d503fb949-groupManagement] INFO  server.RaftServerConfigKeys (ConfUtils.java:logGet(46)) - raft.server.log.appender.install.snapshot.enabled = false (custom)
2024-01-30 07:48:36,319 [53433fb8-bbf6-4d1d-a4a4-8c4d503fb949-groupManagement] INFO  server.RaftServerConfigKeys (ConfUtils.java:logGet(46)) - raft.server.threadpool.server.cached = true (default)
2024-01-30 07:48:36,319 [53433fb8-bbf6-4d1d-a4a4-8c4d503fb949-groupManagement] INFO  server.RaftServerConfigKeys (ConfUtils.java:logGet(46)) - raft.server.threadpool.server.size = 0 (default)
2024-01-30 07:48:36,319 [53433fb8-bbf6-4d1d-a4a4-8c4d503fb949-groupManagement] INFO  server.RaftServerConfigKeys (ConfUtils.java:logGet(46)) - raft.server.threadpool.client.cached = true (default)
2024-01-30 07:48:36,319 [53433fb8-bbf6-4d1d-a4a4-8c4d503fb949-groupManagement] INFO  server.RaftServerConfigKeys (ConfUtils.java:logGet(46)) - raft.server.threadpool.client.size = 0 (default)
2024-01-30 07:48:36,319 [53433fb8-bbf6-4d1d-a4a4-8c4d503fb949-groupManagement] INFO  server.RaftServerConfigKeys (ConfUtils.java:logGet(46)) - raft.server.storage.free-space.min = 0MB (=0) (default)
2024-01-30 07:48:36,319 [53433fb8-bbf6-4d1d-a4a4-8c4d503fb949-groupManagement] INFO  server.RaftServerConfigKeys (ConfUtils.java:logGet(46)) - raft.server.log.corruption.policy = EXCEPTION (default)
2024-01-30 07:48:36,319 [53433fb8-bbf6-4d1d-a4a4-8c4d503fb949-groupManagement] INFO  server.RaftServerConfigKeys (ConfUtils.java:logGet(46)) - raft.server.storage.dir = [/home/runner/work/ozone/ozone/hadoop-ozone/integration-test/target/test-dir/MiniOzoneClusterImpl-22134a4f-1b78-467c-b266-ccfd401dbc1a/datanode-4/data/ratis] (custom)
2024-01-30 07:48:36,319 [53433fb8-bbf6-4d1d-a4a4-8c4d503fb949-groupManagement] INFO  storage.RaftStorageDirectory (RaftStorageDirectoryImpl.java:analyzeStorage(138)) - The storage directory /home/runner/work/ozone/ozone/hadoop-ozone/integration-test/target/test-dir/MiniOzoneClusterImpl-22134a4f-1b78-467c-b266-ccfd401dbc1a/datanode-4/data/ratis/eb067bd9-c5d6-4c68-8b2a-fb520fcb7d25 does not exist. Creating ...
2024-01-30 07:48:36,320 [53433fb8-bbf6-4d1d-a4a4-8c4d503fb949-groupManagement] INFO  storage.RaftStorageDirectory (RaftStorageDirectoryImpl.java:tryLock(228)) - Lock on /home/runner/work/ozone/ozone/hadoop-ozone/integration-test/target/test-dir/MiniOzoneClusterImpl-22134a4f-1b78-467c-b266-ccfd401dbc1a/datanode-4/data/ratis/eb067bd9-c5d6-4c68-8b2a-fb520fcb7d25/in_use.lock acquired by nodename 92995@fv-az1436-717
2024-01-30 07:48:36,321 [53433fb8-bbf6-4d1d-a4a4-8c4d503fb949-groupManagement] INFO  storage.RaftStorage (RaftStorageImpl.java:format(99)) - Storage directory /home/runner/work/ozone/ozone/hadoop-ozone/integration-test/target/test-dir/MiniOzoneClusterImpl-22134a4f-1b78-467c-b266-ccfd401dbc1a/datanode-4/data/ratis/eb067bd9-c5d6-4c68-8b2a-fb520fcb7d25 has been successfully formatted.
2024-01-30 07:48:36,321 [53433fb8-bbf6-4d1d-a4a4-8c4d503fb949-groupManagement] WARN  util.FileUtils (LogUtils.java:supplyAndLog(63)) - Failed to Files.newInputStream /home/runner/work/ozone/ozone/hadoop-ozone/integration-test/target/test-dir/MiniOzoneClusterImpl-22134a4f-1b78-467c-b266-ccfd401dbc1a/datanode-4/data/ratis/eb067bd9-c5d6-4c68-8b2a-fb520fcb7d25/current/raft-meta.conf with options []: java.nio.file.NoSuchFileException: /home/runner/work/ozone/ozone/hadoop-ozone/integration-test/target/test-dir/MiniOzoneClusterImpl-22134a4f-1b78-467c-b266-ccfd401dbc1a/datanode-4/data/ratis/eb067bd9-c5d6-4c68-8b2a-fb520fcb7d25/current/raft-meta.conf
2024-01-30 07:48:36,322 [53433fb8-bbf6-4d1d-a4a4-8c4d503fb949-groupManagement] INFO  ratis.ContainerStateMachine (ContainerStateMachine.java:loadSnapshot(287)) - group-FB520FCB7D25: The snapshot info is null. Setting the last applied index to:(t:0, i:~)
2024-01-30 07:48:36,322 [53433fb8-bbf6-4d1d-a4a4-8c4d503fb949-groupManagement] INFO  server.RaftServerConfigKeys (ConfUtils.java:logGet(46)) - raft.server.log.use.memory = false (default)
2024-01-30 07:48:36,322 [53433fb8-bbf6-4d1d-a4a4-8c4d503fb949-groupManagement] INFO  server.RaftServerConfigKeys (ConfUtils.java:logGet(46)) - raft.server.log.purge.gap = 1000000 (custom)
2024-01-30 07:48:36,322 [53433fb8-bbf6-4d1d-a4a4-8c4d503fb949-groupManagement] INFO  server.RaftServerConfigKeys (ConfUtils.java:logGet(46)) - raft.server.log.appender.buffer.byte-limit = 8388608 (custom)
2024-01-30 07:48:36,322 [53433fb8-bbf6-4d1d-a4a4-8c4d503fb949-groupManagement] INFO  server.RaftServerConfigKeys (ConfUtils.java:logGet(46)) - raft.server.log.statemachine.data.read.timeout = 1000ms (default)
2024-01-30 07:48:36,323 [53433fb8-bbf6-4d1d-a4a4-8c4d503fb949-groupManagement] INFO  server.RaftServerConfigKeys (ConfUtils.java:logGet(46)) - raft.server.log.purge.preservation.log.num = 0 (default)
2024-01-30 07:48:36,324 [53433fb8-bbf6-4d1d-a4a4-8c4d503fb949-groupManagement] INFO  server.RaftServerConfigKeys (ConfUtils.java:logGet(46)) - raft.server.log.segment.size.max = 67108864 (custom)
2024-01-30 07:48:36,324 [53433fb8-bbf6-4d1d-a4a4-8c4d503fb949-groupManagement] INFO  server.RaftServerConfigKeys (ConfUtils.java:logGet(46)) - raft.server.log.segment.cache.num.max = 2 (custom)
2024-01-30 07:48:36,324 [53433fb8-bbf6-4d1d-a4a4-8c4d503fb949-groupManagement] INFO  server.RaftServerConfigKeys (ConfUtils.java:logGet(46)) - raft.server.log.segment.cache.size.max = 200MB (=209715200) (default)
2024-01-30 07:48:36,324 [53433fb8-bbf6-4d1d-a4a4-8c4d503fb949-groupManagement] INFO  server.RaftServerConfigKeys (ConfUtils.java:logGet(46)) - raft.server.log.appender.buffer.byte-limit = 8388608 (custom)
2024-01-30 07:48:36,324 [53433fb8-bbf6-4d1d-a4a4-8c4d503fb949-groupManagement] INFO  util.AwaitToRun (AwaitToRun.java:start(81)) - Thread[53433fb8-bbf6-4d1d-a4a4-8c4d503fb949@group-FB520FCB7D25-cacheEviction-AwaitToRun,5,main] started
2024-01-30 07:48:36,325 [53433fb8-bbf6-4d1d-a4a4-8c4d503fb949-groupManagement] INFO  segmented.SegmentedRaftLogWorker (SegmentedRaftLogWorker.java:<init>(182)) - new 53433fb8-bbf6-4d1d-a4a4-8c4d503fb949@group-FB520FCB7D25-SegmentedRaftLogWorker for RaftStorageImpl:Storage Directory /home/runner/work/ozone/ozone/hadoop-ozone/integration-test/target/test-dir/MiniOzoneClusterImpl-22134a4f-1b78-467c-b266-ccfd401dbc1a/datanode-4/data/ratis/eb067bd9-c5d6-4c68-8b2a-fb520fcb7d25
2024-01-30 07:48:36,325 [53433fb8-bbf6-4d1d-a4a4-8c4d503fb949-groupManagement] INFO  server.RaftServerConfigKeys (ConfUtils.java:logGet(46)) - raft.server.log.queue.byte-limit = 4294967296 (custom)
2024-01-30 07:48:36,325 [53433fb8-bbf6-4d1d-a4a4-8c4d503fb949-groupManagement] INFO  server.RaftServerConfigKeys (ConfUtils.java:logGet(46)) - raft.server.log.queue.element-limit = 1024 (custom)
2024-01-30 07:48:36,325 [53433fb8-bbf6-4d1d-a4a4-8c4d503fb949-groupManagement] INFO  server.RaftServerConfigKeys (ConfUtils.java:logGet(46)) - raft.server.log.segment.size.max = 67108864 (custom)
2024-01-30 07:48:36,325 [53433fb8-bbf6-4d1d-a4a4-8c4d503fb949-groupManagement] INFO  server.RaftServerConfigKeys (ConfUtils.java:logGet(46)) - raft.server.log.preallocated.size = 4194304 (custom)
2024-01-30 07:48:36,325 [53433fb8-bbf6-4d1d-a4a4-8c4d503fb949-groupManagement] INFO  server.RaftServerConfigKeys (ConfUtils.java:logGet(46)) - raft.server.log.force.sync.num = 128 (default)
2024-01-30 07:48:36,325 [53433fb8-bbf6-4d1d-a4a4-8c4d503fb949-groupManagement] INFO  server.RaftServerConfigKeys (ConfUtils.java:logGet(46)) - raft.server.log.statemachine.data.sync = true (default)
2024-01-30 07:48:36,325 [53433fb8-bbf6-4d1d-a4a4-8c4d503fb949-groupManagement] INFO  server.RaftServerConfigKeys (ConfUtils.java:logGet(46)) - raft.server.log.statemachine.data.sync.timeout = 10s (default)
2024-01-30 07:48:36,325 [53433fb8-bbf6-4d1d-a4a4-8c4d503fb949-groupManagement] INFO  server.RaftServerConfigKeys (ConfUtils.java:logGet(46)) - raft.server.log.statemachine.data.sync.timeout.retry = 0 (custom)
2024-01-30 07:48:36,325 [53433fb8-bbf6-4d1d-a4a4-8c4d503fb949-groupManagement] INFO  server.RaftServerConfigKeys (ConfUtils.java:logGet(46)) - raft.server.log.write.buffer.size = 8388616 (custom)
2024-01-30 07:48:36,327 [53433fb8-bbf6-4d1d-a4a4-8c4d503fb949-groupManagement] INFO  server.RaftServerConfigKeys (ConfUtils.java:logGet(46)) - raft.server.log.appender.buffer.byte-limit = 8388608 (custom)
2024-01-30 07:48:36,327 [53433fb8-bbf6-4d1d-a4a4-8c4d503fb949-groupManagement] INFO  server.RaftServerConfigKeys (ConfUtils.java:logGet(46)) - raft.server.log.unsafe-flush.enabled = false (default)
2024-01-30 07:48:36,327 [53433fb8-bbf6-4d1d-a4a4-8c4d503fb949-groupManagement] INFO  server.RaftServerConfigKeys (ConfUtils.java:logGet(46)) - raft.server.log.async-flush.enabled = false (default)
2024-01-30 07:48:36,327 [53433fb8-bbf6-4d1d-a4a4-8c4d503fb949-groupManagement] INFO  server.RaftServerConfigKeys (ConfUtils.java:logGet(46)) - raft.server.log.statemachine.data.caching.enabled = true (custom)
2024-01-30 07:48:36,327 [53433fb8-bbf6-4d1d-a4a4-8c4d503fb949-groupManagement] INFO  segmented.SegmentedRaftLogWorker (SegmentedRaftLogWorker.java:lambda$new$0(134)) - 53433fb8-bbf6-4d1d-a4a4-8c4d503fb949@group-FB520FCB7D25-SegmentedRaftLogWorker: flushIndex: setUnconditionally 0 -> -1
2024-01-30 07:48:36,327 [53433fb8-bbf6-4d1d-a4a4-8c4d503fb949-groupManagement] INFO  segmented.SegmentedRaftLogWorker (SegmentedRaftLogWorker.java:lambda$new$0(134)) - 53433fb8-bbf6-4d1d-a4a4-8c4d503fb949@group-FB520FCB7D25-SegmentedRaftLogWorker: safeCacheEvictIndex: setUnconditionally 0 -> -1
2024-01-30 07:48:36,327 [53433fb8-bbf6-4d1d-a4a4-8c4d503fb949-groupManagement] INFO  server.RaftServer$Division (RaftServerImpl.java:start(396)) - 53433fb8-bbf6-4d1d-a4a4-8c4d503fb949@group-FB520FCB7D25: start as a follower, conf=-1: peers:[42bb30bf-6dde-4b10-b68e-ce189e81f0fd|10.1.0.48:15156, 53433fb8-bbf6-4d1d-a4a4-8c4d503fb949|10.1.0.48:15147, 33e454d1-da2d-4d19-a678-883106399134|10.1.0.48:15138]|listeners:[], old=null
2024-01-30 07:48:36,327 [53433fb8-bbf6-4d1d-a4a4-8c4d503fb949-groupManagement] INFO  server.RaftServer$Division (RaftServerImpl.java:setRole(383)) - 53433fb8-bbf6-4d1d-a4a4-8c4d503fb949@group-FB520FCB7D25: changes role from      null to FOLLOWER at term 0 for startAsFollower
2024-01-30 07:48:36,327 [53433fb8-bbf6-4d1d-a4a4-8c4d503fb949-groupManagement] INFO  impl.RoleInfo (RoleInfo.java:updateAndGet(139)) - 53433fb8-bbf6-4d1d-a4a4-8c4d503fb949: start 53433fb8-bbf6-4d1d-a4a4-8c4d503fb949@group-FB520FCB7D25-FollowerState
2024-01-30 07:48:36,327 [53433fb8-bbf6-4d1d-a4a4-8c4d503fb949@group-FB520FCB7D25-FollowerState] INFO  server.RaftServerConfigKeys (ConfUtils.java:logFallback(53)) - raft.server.rpc.first-election.timeout.min = 5s (fallback to raft.server.rpc.timeout.min)
2024-01-30 07:48:36,327 [53433fb8-bbf6-4d1d-a4a4-8c4d503fb949-groupManagement] INFO  util.JmxRegister (JmxRegister.java:tryRegister(44)) - Successfully registered JMX Bean with object name Ratis:service=RaftServer,group=group-FB520FCB7D25,id=53433fb8-bbf6-4d1d-a4a4-8c4d503fb949
2024-01-30 07:48:36,327 [53433fb8-bbf6-4d1d-a4a4-8c4d503fb949@group-FB520FCB7D25-FollowerState] INFO  server.RaftServerConfigKeys (ConfUtils.java:logFallback(53)) - raft.server.rpc.first-election.timeout.max = 5200ms (fallback to raft.server.rpc.timeout.max)
2024-01-30 07:48:36,328 [53433fb8-bbf6-4d1d-a4a4-8c4d503fb949-groupManagement] INFO  server.RaftServerConfigKeys (ConfUtils.java:logGet(46)) - raft.server.snapshot.trigger-when-stop.enabled = true (default)
2024-01-30 07:48:36,328 [53433fb8-bbf6-4d1d-a4a4-8c4d503fb949-groupManagement] INFO  server.RaftServerConfigKeys (ConfUtils.java:logGet(46)) - raft.server.snapshot.auto.trigger.enabled = true (custom)
2024-01-30 07:48:36,328 [53433fb8-bbf6-4d1d-a4a4-8c4d503fb949-groupManagement] INFO  server.RaftServerConfigKeys (ConfUtils.java:logGet(46)) - raft.server.snapshot.auto.trigger.threshold = 10000 (custom)
2024-01-30 07:48:36,328 [53433fb8-bbf6-4d1d-a4a4-8c4d503fb949-groupManagement] INFO  server.RaftServerConfigKeys (ConfUtils.java:logGet(46)) - raft.server.snapshot.retention.file.num = 5 (custom)
2024-01-30 07:48:36,328 [53433fb8-bbf6-4d1d-a4a4-8c4d503fb949-groupManagement] INFO  server.RaftServerConfigKeys (ConfUtils.java:logGet(46)) - raft.server.log.purge.upto.snapshot.index = false (default)
2024-01-30 07:48:36,332 [33e454d1-da2d-4d19-a678-883106399134-PipelineCommandHandlerThread-0] INFO  commandhandler.CreatePipelineCommandHandler (CreatePipelineCommandHandler.java:lambda$handle$2(124)) - Created Pipeline RATIS THREE PipelineID=eb067bd9-c5d6-4c68-8b2a-fb520fcb7d25.
2024-01-30 07:48:36,332 [33e454d1-da2d-4d19-a678-883106399134-PipelineCommandHandlerThread-0] INFO  server.RaftServer (RaftServerProxy.java:addNew(100)) - 33e454d1-da2d-4d19-a678-883106399134: addNew group-D8FDF9F2816D:[42bb30bf-6dde-4b10-b68e-ce189e81f0fd|10.1.0.48:15156, 53433fb8-bbf6-4d1d-a4a4-8c4d503fb949|10.1.0.48:15147, 33e454d1-da2d-4d19-a678-883106399134|10.1.0.48:15138] returns group-D8FDF9F2816D:java.util.concurrent.CompletableFuture@89743fd[Not completed]
2024-01-30 07:48:36,333 [33e454d1-da2d-4d19-a678-883106399134-groupManagement] INFO  server.RaftServer$Division (RaftServerImpl.java:<init>(256)) - 33e454d1-da2d-4d19-a678-883106399134: new RaftServerImpl for group-D8FDF9F2816D:[42bb30bf-6dde-4b10-b68e-ce189e81f0fd|10.1.0.48:15156, 53433fb8-bbf6-4d1d-a4a4-8c4d503fb949|10.1.0.48:15147, 33e454d1-da2d-4d19-a678-883106399134|10.1.0.48:15138] with ContainerStateMachine:uninitialized
2024-01-30 07:48:36,333 [33e454d1-da2d-4d19-a678-883106399134-groupManagement] INFO  server.RaftServerConfigKeys (ConfUtils.java:logGet(46)) - raft.server.rpc.timeout.min = 5s (custom)
2024-01-30 07:48:36,333 [33e454d1-da2d-4d19-a678-883106399134-groupManagement] INFO  server.RaftServerConfigKeys (ConfUtils.java:logGet(46)) - raft.server.rpc.timeout.max = 5200ms (custom)
2024-01-30 07:48:36,333 [33e454d1-da2d-4d19-a678-883106399134-groupManagement] INFO  server.RaftServerConfigKeys (ConfUtils.java:logGet(46)) - raft.server.rpc.sleep.time = 25ms (default)
2024-01-30 07:48:36,333 [33e454d1-da2d-4d19-a678-883106399134-groupManagement] INFO  server.RaftServerConfigKeys (ConfUtils.java:logGet(46)) - raft.server.rpc.slowness.timeout = 300s (custom)
2024-01-30 07:48:36,333 [33e454d1-da2d-4d19-a678-883106399134-groupManagement] INFO  server.RaftServerConfigKeys (ConfUtils.java:logGet(46)) - raft.server.leaderelection.leader.step-down.wait-time = 10s (default)
2024-01-30 07:48:36,333 [33e454d1-da2d-4d19-a678-883106399134-groupManagement] INFO  server.RaftServerConfigKeys (ConfUtils.java:logGet(46)) - raft.server.leaderelection.member.majority-add = false (default)
2024-01-30 07:48:36,333 [33e454d1-da2d-4d19-a678-883106399134-groupManagement] INFO  server.RaftServerConfigKeys (ConfUtils.java:logGet(46)) - raft.server.sleep.deviation.threshold = 300ms (default)
2024-01-30 07:48:36,333 [33e454d1-da2d-4d19-a678-883106399134-groupManagement] INFO  server.RaftServer$Division (ServerState.java:<init>(113)) - 33e454d1-da2d-4d19-a678-883106399134@group-D8FDF9F2816D: ConfigurationManager, init=-1: peers:[42bb30bf-6dde-4b10-b68e-ce189e81f0fd|10.1.0.48:15156, 53433fb8-bbf6-4d1d-a4a4-8c4d503fb949|10.1.0.48:15147, 33e454d1-da2d-4d19-a678-883106399134|10.1.0.48:15138]|listeners:[], old=null, confs=<EMPTY_MAP>
2024-01-30 07:48:36,333 [33e454d1-da2d-4d19-a678-883106399134-groupManagement] INFO  server.RaftServerConfigKeys (ConfUtils.java:logGet(46)) - raft.server.notification.no-leader.timeout = 300s (custom)
2024-01-30 07:48:36,333 [33e454d1-da2d-4d19-a678-883106399134-groupManagement] INFO  server.RaftServerConfigKeys (ConfUtils.java:logGet(46)) - raft.server.read.timeout = 10s (default)
2024-01-30 07:48:36,333 [33e454d1-da2d-4d19-a678-883106399134-groupManagement] INFO  server.RaftServerConfigKeys (ConfUtils.java:logGet(46)) - raft.server.retrycache.expirytime = 600000ms (custom)
2024-01-30 07:48:36,333 [33e454d1-da2d-4d19-a678-883106399134-groupManagement] INFO  server.RaftServerConfigKeys (ConfUtils.java:logGet(46)) - raft.server.retrycache.statistics.expirytime = 100ms (default)
2024-01-30 07:48:36,333 [33e454d1-da2d-4d19-a678-883106399134-groupManagement] INFO  server.RaftServerConfigKeys (ConfUtils.java:logGet(46)) - raft.server.read.option = DEFAULT (default)
2024-01-30 07:48:36,333 [33e454d1-da2d-4d19-a678-883106399134-groupManagement] INFO  server.RaftServerConfigKeys (ConfUtils.java:logGet(46)) - raft.server.read.read-after-write-consistent.write-index-cache.expiry-time = 60s (default)
2024-01-30 07:48:36,335 [33e454d1-da2d-4d19-a678-883106399134-groupManagement] INFO  server.RaftServerConfigKeys (ConfUtils.java:logGet(46)) - raft.server.rpc.request.timeout = 60s (custom)
2024-01-30 07:48:36,335 [33e454d1-da2d-4d19-a678-883106399134-groupManagement] INFO  server.RaftServerConfigKeys (ConfUtils.java:logGet(46)) - raft.server.log.appender.install.snapshot.enabled = false (custom)
2024-01-30 07:48:36,335 [33e454d1-da2d-4d19-a678-883106399134-groupManagement] INFO  server.RaftServerConfigKeys (ConfUtils.java:logGet(46)) - raft.server.threadpool.server.cached = true (default)
2024-01-30 07:48:36,335 [33e454d1-da2d-4d19-a678-883106399134-groupManagement] INFO  server.RaftServerConfigKeys (ConfUtils.java:logGet(46)) - raft.server.threadpool.server.size = 0 (default)
2024-01-30 07:48:36,335 [33e454d1-da2d-4d19-a678-883106399134-groupManagement] INFO  server.RaftServerConfigKeys (ConfUtils.java:logGet(46)) - raft.server.threadpool.client.cached = true (default)
2024-01-30 07:48:36,335 [33e454d1-da2d-4d19-a678-883106399134-groupManagement] INFO  server.RaftServerConfigKeys (ConfUtils.java:logGet(46)) - raft.server.threadpool.client.size = 0 (default)
2024-01-30 07:48:36,335 [33e454d1-da2d-4d19-a678-883106399134-groupManagement] INFO  server.RaftServerConfigKeys (ConfUtils.java:logGet(46)) - raft.server.storage.free-space.min = 0MB (=0) (default)
2024-01-30 07:48:36,335 [33e454d1-da2d-4d19-a678-883106399134-groupManagement] INFO  server.RaftServerConfigKeys (ConfUtils.java:logGet(46)) - raft.server.log.corruption.policy = EXCEPTION (default)
2024-01-30 07:48:36,335 [33e454d1-da2d-4d19-a678-883106399134-groupManagement] INFO  server.RaftServerConfigKeys (ConfUtils.java:logGet(46)) - raft.server.storage.dir = [/home/runner/work/ozone/ozone/hadoop-ozone/integration-test/target/test-dir/MiniOzoneClusterImpl-22134a4f-1b78-467c-b266-ccfd401dbc1a/datanode-3/data/ratis] (custom)
2024-01-30 07:48:36,335 [33e454d1-da2d-4d19-a678-883106399134-groupManagement] INFO  storage.RaftStorageDirectory (RaftStorageDirectoryImpl.java:analyzeStorage(138)) - The storage directory /home/runner/work/ozone/ozone/hadoop-ozone/integration-test/target/test-dir/MiniOzoneClusterImpl-22134a4f-1b78-467c-b266-ccfd401dbc1a/datanode-3/data/ratis/a6df5248-7441-4f56-b9a1-d8fdf9f2816d does not exist. Creating ...
2024-01-30 07:48:36,336 [33e454d1-da2d-4d19-a678-883106399134-groupManagement] INFO  storage.RaftStorageDirectory (RaftStorageDirectoryImpl.java:tryLock(228)) - Lock on /home/runner/work/ozone/ozone/hadoop-ozone/integration-test/target/test-dir/MiniOzoneClusterImpl-22134a4f-1b78-467c-b266-ccfd401dbc1a/datanode-3/data/ratis/a6df5248-7441-4f56-b9a1-d8fdf9f2816d/in_use.lock acquired by nodename 92995@fv-az1436-717
2024-01-30 07:48:36,337 [33e454d1-da2d-4d19-a678-883106399134-groupManagement] INFO  storage.RaftStorage (RaftStorageImpl.java:format(99)) - Storage directory /home/runner/work/ozone/ozone/hadoop-ozone/integration-test/target/test-dir/MiniOzoneClusterImpl-22134a4f-1b78-467c-b266-ccfd401dbc1a/datanode-3/data/ratis/a6df5248-7441-4f56-b9a1-d8fdf9f2816d has been successfully formatted.
2024-01-30 07:48:36,337 [33e454d1-da2d-4d19-a678-883106399134-groupManagement] WARN  util.FileUtils (LogUtils.java:supplyAndLog(63)) - Failed to Files.newInputStream /home/runner/work/ozone/ozone/hadoop-ozone/integration-test/target/test-dir/MiniOzoneClusterImpl-22134a4f-1b78-467c-b266-ccfd401dbc1a/datanode-3/data/ratis/a6df5248-7441-4f56-b9a1-d8fdf9f2816d/current/raft-meta.conf with options []: java.nio.file.NoSuchFileException: /home/runner/work/ozone/ozone/hadoop-ozone/integration-test/target/test-dir/MiniOzoneClusterImpl-22134a4f-1b78-467c-b266-ccfd401dbc1a/datanode-3/data/ratis/a6df5248-7441-4f56-b9a1-d8fdf9f2816d/current/raft-meta.conf
2024-01-30 07:48:36,337 [33e454d1-da2d-4d19-a678-883106399134-groupManagement] INFO  ratis.ContainerStateMachine (ContainerStateMachine.java:loadSnapshot(287)) - group-D8FDF9F2816D: The snapshot info is null. Setting the last applied index to:(t:0, i:~)
2024-01-30 07:48:36,337 [33e454d1-da2d-4d19-a678-883106399134-groupManagement] INFO  server.RaftServerConfigKeys (ConfUtils.java:logGet(46)) - raft.server.log.use.memory = false (default)
2024-01-30 07:48:36,337 [33e454d1-da2d-4d19-a678-883106399134-groupManagement] INFO  server.RaftServerConfigKeys (ConfUtils.java:logGet(46)) - raft.server.log.purge.gap = 1000000 (custom)
2024-01-30 07:48:36,337 [33e454d1-da2d-4d19-a678-883106399134-groupManagement] INFO  server.RaftServerConfigKeys (ConfUtils.java:logGet(46)) - raft.server.log.appender.buffer.byte-limit = 8388608 (custom)
2024-01-30 07:48:36,337 [33e454d1-da2d-4d19-a678-883106399134-groupManagement] INFO  server.RaftServerConfigKeys (ConfUtils.java:logGet(46)) - raft.server.log.statemachine.data.read.timeout = 1000ms (default)
2024-01-30 07:48:36,337 [33e454d1-da2d-4d19-a678-883106399134-groupManagement] INFO  server.RaftServerConfigKeys (ConfUtils.java:logGet(46)) - raft.server.log.purge.preservation.log.num = 0 (default)
2024-01-30 07:48:36,339 [33e454d1-da2d-4d19-a678-883106399134-groupManagement] INFO  server.RaftServerConfigKeys (ConfUtils.java:logGet(46)) - raft.server.log.segment.size.max = 67108864 (custom)
2024-01-30 07:48:36,339 [33e454d1-da2d-4d19-a678-883106399134-groupManagement] INFO  server.RaftServerConfigKeys (ConfUtils.java:logGet(46)) - raft.server.log.segment.cache.num.max = 2 (custom)
2024-01-30 07:48:36,339 [33e454d1-da2d-4d19-a678-883106399134-groupManagement] INFO  server.RaftServerConfigKeys (ConfUtils.java:logGet(46)) - raft.server.log.segment.cache.size.max = 200MB (=209715200) (default)
2024-01-30 07:48:36,339 [33e454d1-da2d-4d19-a678-883106399134-groupManagement] INFO  server.RaftServerConfigKeys (ConfUtils.java:logGet(46)) - raft.server.log.appender.buffer.byte-limit = 8388608 (custom)
2024-01-30 07:48:36,339 [33e454d1-da2d-4d19-a678-883106399134-groupManagement] INFO  util.AwaitToRun (AwaitToRun.java:start(81)) - Thread[33e454d1-da2d-4d19-a678-883106399134@group-D8FDF9F2816D-cacheEviction-AwaitToRun,5,main] started
2024-01-30 07:48:36,339 [33e454d1-da2d-4d19-a678-883106399134-groupManagement] INFO  segmented.SegmentedRaftLogWorker (SegmentedRaftLogWorker.java:<init>(182)) - new 33e454d1-da2d-4d19-a678-883106399134@group-D8FDF9F2816D-SegmentedRaftLogWorker for RaftStorageImpl:Storage Directory /home/runner/work/ozone/ozone/hadoop-ozone/integration-test/target/test-dir/MiniOzoneClusterImpl-22134a4f-1b78-467c-b266-ccfd401dbc1a/datanode-3/data/ratis/a6df5248-7441-4f56-b9a1-d8fdf9f2816d
2024-01-30 07:48:36,339 [33e454d1-da2d-4d19-a678-883106399134-groupManagement] INFO  server.RaftServerConfigKeys (ConfUtils.java:logGet(46)) - raft.server.log.queue.byte-limit = 4294967296 (custom)
2024-01-30 07:48:36,339 [33e454d1-da2d-4d19-a678-883106399134-groupManagement] INFO  server.RaftServerConfigKeys (ConfUtils.java:logGet(46)) - raft.server.log.queue.element-limit = 1024 (custom)
2024-01-30 07:48:36,339 [33e454d1-da2d-4d19-a678-883106399134-groupManagement] INFO  server.RaftServerConfigKeys (ConfUtils.java:logGet(46)) - raft.server.log.segment.size.max = 67108864 (custom)
2024-01-30 07:48:36,339 [33e454d1-da2d-4d19-a678-883106399134-groupManagement] INFO  server.RaftServerConfigKeys (ConfUtils.java:logGet(46)) - raft.server.log.preallocated.size = 4194304 (custom)
2024-01-30 07:48:36,339 [33e454d1-da2d-4d19-a678-883106399134-groupManagement] INFO  server.RaftServerConfigKeys (ConfUtils.java:logGet(46)) - raft.server.log.force.sync.num = 128 (default)
2024-01-30 07:48:36,340 [33e454d1-da2d-4d19-a678-883106399134-groupManagement] INFO  server.RaftServerConfigKeys (ConfUtils.java:logGet(46)) - raft.server.log.statemachine.data.sync = true (default)
2024-01-30 07:48:36,340 [33e454d1-da2d-4d19-a678-883106399134-groupManagement] INFO  server.RaftServerConfigKeys (ConfUtils.java:logGet(46)) - raft.server.log.statemachine.data.sync.timeout = 10s (default)
2024-01-30 07:48:36,340 [33e454d1-da2d-4d19-a678-883106399134-groupManagement] INFO  server.RaftServerConfigKeys (ConfUtils.java:logGet(46)) - raft.server.log.statemachine.data.sync.timeout.retry = 0 (custom)
2024-01-30 07:48:36,340 [33e454d1-da2d-4d19-a678-883106399134-groupManagement] INFO  server.RaftServerConfigKeys (ConfUtils.java:logGet(46)) - raft.server.log.write.buffer.size = 8388616 (custom)
2024-01-30 07:48:36,341 [33e454d1-da2d-4d19-a678-883106399134-groupManagement] INFO  server.RaftServerConfigKeys (ConfUtils.java:logGet(46)) - raft.server.log.appender.buffer.byte-limit = 8388608 (custom)
2024-01-30 07:48:36,341 [33e454d1-da2d-4d19-a678-883106399134-groupManagement] INFO  server.RaftServerConfigKeys (ConfUtils.java:logGet(46)) - raft.server.log.unsafe-flush.enabled = false (default)
2024-01-30 07:48:36,341 [33e454d1-da2d-4d19-a678-883106399134-groupManagement] INFO  server.RaftServerConfigKeys (ConfUtils.java:logGet(46)) - raft.server.log.async-flush.enabled = false (default)
2024-01-30 07:48:36,341 [33e454d1-da2d-4d19-a678-883106399134-groupManagement] INFO  server.RaftServerConfigKeys (ConfUtils.java:logGet(46)) - raft.server.log.statemachine.data.caching.enabled = true (custom)
2024-01-30 07:48:36,341 [33e454d1-da2d-4d19-a678-883106399134-groupManagement] INFO  segmented.SegmentedRaftLogWorker (SegmentedRaftLogWorker.java:lambda$new$0(134)) - 33e454d1-da2d-4d19-a678-883106399134@group-D8FDF9F2816D-SegmentedRaftLogWorker: flushIndex: setUnconditionally 0 -> -1
2024-01-30 07:48:36,341 [33e454d1-da2d-4d19-a678-883106399134-groupManagement] INFO  segmented.SegmentedRaftLogWorker (SegmentedRaftLogWorker.java:lambda$new$0(134)) - 33e454d1-da2d-4d19-a678-883106399134@group-D8FDF9F2816D-SegmentedRaftLogWorker: safeCacheEvictIndex: setUnconditionally 0 -> -1
2024-01-30 07:48:36,341 [33e454d1-da2d-4d19-a678-883106399134-groupManagement] INFO  server.RaftServer$Division (RaftServerImpl.java:start(396)) - 33e454d1-da2d-4d19-a678-883106399134@group-D8FDF9F2816D: start as a follower, conf=-1: peers:[42bb30bf-6dde-4b10-b68e-ce189e81f0fd|10.1.0.48:15156, 53433fb8-bbf6-4d1d-a4a4-8c4d503fb949|10.1.0.48:15147, 33e454d1-da2d-4d19-a678-883106399134|10.1.0.48:15138]|listeners:[], old=null
2024-01-30 07:48:36,341 [33e454d1-da2d-4d19-a678-883106399134-groupManagement] INFO  server.RaftServer$Division (RaftServerImpl.java:setRole(383)) - 33e454d1-da2d-4d19-a678-883106399134@group-D8FDF9F2816D: changes role from      null to FOLLOWER at term 0 for startAsFollower
2024-01-30 07:48:36,342 [33e454d1-da2d-4d19-a678-883106399134-groupManagement] INFO  impl.RoleInfo (RoleInfo.java:updateAndGet(139)) - 33e454d1-da2d-4d19-a678-883106399134: start 33e454d1-da2d-4d19-a678-883106399134@group-D8FDF9F2816D-FollowerState
2024-01-30 07:48:36,342 [33e454d1-da2d-4d19-a678-883106399134@group-D8FDF9F2816D-FollowerState] INFO  server.RaftServerConfigKeys (ConfUtils.java:logFallback(53)) - raft.server.rpc.first-election.timeout.min = 5s (fallback to raft.server.rpc.timeout.min)
2024-01-30 07:48:36,342 [33e454d1-da2d-4d19-a678-883106399134-groupManagement] INFO  util.JmxRegister (JmxRegister.java:tryRegister(44)) - Successfully registered JMX Bean with object name Ratis:service=RaftServer,group=group-D8FDF9F2816D,id=33e454d1-da2d-4d19-a678-883106399134
2024-01-30 07:48:36,342 [33e454d1-da2d-4d19-a678-883106399134@group-D8FDF9F2816D-FollowerState] INFO  server.RaftServerConfigKeys (ConfUtils.java:logFallback(53)) - raft.server.rpc.first-election.timeout.max = 5200ms (fallback to raft.server.rpc.timeout.max)
2024-01-30 07:48:36,342 [33e454d1-da2d-4d19-a678-883106399134-groupManagement] INFO  server.RaftServerConfigKeys (ConfUtils.java:logGet(46)) - raft.server.snapshot.trigger-when-stop.enabled = true (default)
2024-01-30 07:48:36,342 [33e454d1-da2d-4d19-a678-883106399134-groupManagement] INFO  server.RaftServerConfigKeys (ConfUtils.java:logGet(46)) - raft.server.snapshot.auto.trigger.enabled = true (custom)
2024-01-30 07:48:36,342 [33e454d1-da2d-4d19-a678-883106399134-groupManagement] INFO  server.RaftServerConfigKeys (ConfUtils.java:logGet(46)) - raft.server.snapshot.auto.trigger.threshold = 10000 (custom)
2024-01-30 07:48:36,342 [33e454d1-da2d-4d19-a678-883106399134-groupManagement] INFO  server.RaftServerConfigKeys (ConfUtils.java:logGet(46)) - raft.server.snapshot.retention.file.num = 5 (custom)
2024-01-30 07:48:36,342 [33e454d1-da2d-4d19-a678-883106399134-groupManagement] INFO  server.RaftServerConfigKeys (ConfUtils.java:logGet(46)) - raft.server.log.purge.upto.snapshot.index = false (default)
2024-01-30 07:48:36,343 [33e454d1-da2d-4d19-a678-883106399134-PipelineCommandHandlerThread-0] INFO  ratis.XceiverServerRatis (XceiverServerRatis.java:addGroup(864)) - Created group PipelineID=a6df5248-7441-4f56-b9a1-d8fdf9f2816d
2024-01-30 07:48:36,349 [grpc-default-executor-5] INFO  server.RaftServer (RaftServerProxy.java:addNew(100)) - 42bb30bf-6dde-4b10-b68e-ce189e81f0fd: addNew group-D8FDF9F2816D:[42bb30bf-6dde-4b10-b68e-ce189e81f0fd|10.1.0.48:15156, 53433fb8-bbf6-4d1d-a4a4-8c4d503fb949|10.1.0.48:15147, 33e454d1-da2d-4d19-a678-883106399134|10.1.0.48:15138] returns group-D8FDF9F2816D:java.util.concurrent.CompletableFuture@4bf9d6[Not completed]
2024-01-30 07:48:36,350 [42bb30bf-6dde-4b10-b68e-ce189e81f0fd-groupManagement] INFO  server.RaftServer$Division (RaftServerImpl.java:<init>(256)) - 42bb30bf-6dde-4b10-b68e-ce189e81f0fd: new RaftServerImpl for group-D8FDF9F2816D:[42bb30bf-6dde-4b10-b68e-ce189e81f0fd|10.1.0.48:15156, 53433fb8-bbf6-4d1d-a4a4-8c4d503fb949|10.1.0.48:15147, 33e454d1-da2d-4d19-a678-883106399134|10.1.0.48:15138] with ContainerStateMachine:uninitialized
2024-01-30 07:48:36,350 [42bb30bf-6dde-4b10-b68e-ce189e81f0fd-groupManagement] INFO  server.RaftServerConfigKeys (ConfUtils.java:logGet(46)) - raft.server.rpc.timeout.min = 5s (custom)
2024-01-30 07:48:36,350 [42bb30bf-6dde-4b10-b68e-ce189e81f0fd-groupManagement] INFO  server.RaftServerConfigKeys (ConfUtils.java:logGet(46)) - raft.server.rpc.timeout.max = 5200ms (custom)
2024-01-30 07:48:36,350 [42bb30bf-6dde-4b10-b68e-ce189e81f0fd-groupManagement] INFO  server.RaftServerConfigKeys (ConfUtils.java:logGet(46)) - raft.server.rpc.sleep.time = 25ms (default)
2024-01-30 07:48:36,351 [42bb30bf-6dde-4b10-b68e-ce189e81f0fd-groupManagement] INFO  server.RaftServerConfigKeys (ConfUtils.java:logGet(46)) - raft.server.rpc.slowness.timeout = 300s (custom)
2024-01-30 07:48:36,351 [42bb30bf-6dde-4b10-b68e-ce189e81f0fd-groupManagement] INFO  server.RaftServerConfigKeys (ConfUtils.java:logGet(46)) - raft.server.leaderelection.leader.step-down.wait-time = 10s (default)
2024-01-30 07:48:36,351 [42bb30bf-6dde-4b10-b68e-ce189e81f0fd-groupManagement] INFO  server.RaftServerConfigKeys (ConfUtils.java:logGet(46)) - raft.server.leaderelection.member.majority-add = false (default)
2024-01-30 07:48:36,351 [42bb30bf-6dde-4b10-b68e-ce189e81f0fd-groupManagement] INFO  server.RaftServerConfigKeys (ConfUtils.java:logGet(46)) - raft.server.sleep.deviation.threshold = 300ms (default)
2024-01-30 07:48:36,351 [42bb30bf-6dde-4b10-b68e-ce189e81f0fd-groupManagement] INFO  server.RaftServer$Division (ServerState.java:<init>(113)) - 42bb30bf-6dde-4b10-b68e-ce189e81f0fd@group-D8FDF9F2816D: ConfigurationManager, init=-1: peers:[42bb30bf-6dde-4b10-b68e-ce189e81f0fd|10.1.0.48:15156, 53433fb8-bbf6-4d1d-a4a4-8c4d503fb949|10.1.0.48:15147, 33e454d1-da2d-4d19-a678-883106399134|10.1.0.48:15138]|listeners:[], old=null, confs=<EMPTY_MAP>
2024-01-30 07:48:36,351 [42bb30bf-6dde-4b10-b68e-ce189e81f0fd-groupManagement] INFO  server.RaftServerConfigKeys (ConfUtils.java:logGet(46)) - raft.server.notification.no-leader.timeout = 300s (custom)
2024-01-30 07:48:36,351 [42bb30bf-6dde-4b10-b68e-ce189e81f0fd-groupManagement] INFO  server.RaftServerConfigKeys (ConfUtils.java:logGet(46)) - raft.server.read.timeout = 10s (default)
2024-01-30 07:48:36,351 [42bb30bf-6dde-4b10-b68e-ce189e81f0fd-groupManagement] INFO  server.RaftServerConfigKeys (ConfUtils.java:logGet(46)) - raft.server.retrycache.expirytime = 600000ms (custom)
2024-01-30 07:48:36,351 [42bb30bf-6dde-4b10-b68e-ce189e81f0fd-groupManagement] INFO  server.RaftServerConfigKeys (ConfUtils.java:logGet(46)) - raft.server.retrycache.statistics.expirytime = 100ms (default)
2024-01-30 07:48:36,351 [42bb30bf-6dde-4b10-b68e-ce189e81f0fd-groupManagement] INFO  server.RaftServerConfigKeys (ConfUtils.java:logGet(46)) - raft.server.read.option = DEFAULT (default)
2024-01-30 07:48:36,351 [42bb30bf-6dde-4b10-b68e-ce189e81f0fd-groupManagement] INFO  server.RaftServerConfigKeys (ConfUtils.java:logGet(46)) - raft.server.read.read-after-write-consistent.write-index-cache.expiry-time = 60s (default)
2024-01-30 07:48:36,353 [42bb30bf-6dde-4b10-b68e-ce189e81f0fd-groupManagement] INFO  server.RaftServerConfigKeys (ConfUtils.java:logGet(46)) - raft.server.rpc.request.timeout = 60s (custom)
2024-01-30 07:48:36,353 [42bb30bf-6dde-4b10-b68e-ce189e81f0fd-groupManagement] INFO  server.RaftServerConfigKeys (ConfUtils.java:logGet(46)) - raft.server.log.appender.install.snapshot.enabled = false (custom)
2024-01-30 07:48:36,353 [42bb30bf-6dde-4b10-b68e-ce189e81f0fd-groupManagement] INFO  server.RaftServerConfigKeys (ConfUtils.java:logGet(46)) - raft.server.threadpool.server.cached = true (default)
2024-01-30 07:48:36,353 [42bb30bf-6dde-4b10-b68e-ce189e81f0fd-groupManagement] INFO  server.RaftServerConfigKeys (ConfUtils.java:logGet(46)) - raft.server.threadpool.server.size = 0 (default)
2024-01-30 07:48:36,353 [42bb30bf-6dde-4b10-b68e-ce189e81f0fd-groupManagement] INFO  server.RaftServerConfigKeys (ConfUtils.java:logGet(46)) - raft.server.threadpool.client.cached = true (default)
2024-01-30 07:48:36,353 [42bb30bf-6dde-4b10-b68e-ce189e81f0fd-groupManagement] INFO  server.RaftServerConfigKeys (ConfUtils.java:logGet(46)) - raft.server.threadpool.client.size = 0 (default)
2024-01-30 07:48:36,353 [42bb30bf-6dde-4b10-b68e-ce189e81f0fd-groupManagement] INFO  server.RaftServerConfigKeys (ConfUtils.java:logGet(46)) - raft.server.storage.free-space.min = 0MB (=0) (default)
2024-01-30 07:48:36,354 [42bb30bf-6dde-4b10-b68e-ce189e81f0fd-groupManagement] INFO  server.RaftServerConfigKeys (ConfUtils.java:logGet(46)) - raft.server.log.corruption.policy = EXCEPTION (default)
2024-01-30 07:48:36,354 [42bb30bf-6dde-4b10-b68e-ce189e81f0fd-groupManagement] INFO  server.RaftServerConfigKeys (ConfUtils.java:logGet(46)) - raft.server.storage.dir = [/home/runner/work/ozone/ozone/hadoop-ozone/integration-test/target/test-dir/MiniOzoneClusterImpl-22134a4f-1b78-467c-b266-ccfd401dbc1a/datanode-5/data/ratis] (custom)
2024-01-30 07:48:36,354 [42bb30bf-6dde-4b10-b68e-ce189e81f0fd-groupManagement] INFO  storage.RaftStorageDirectory (RaftStorageDirectoryImpl.java:analyzeStorage(138)) - The storage directory /home/runner/work/ozone/ozone/hadoop-ozone/integration-test/target/test-dir/MiniOzoneClusterImpl-22134a4f-1b78-467c-b266-ccfd401dbc1a/datanode-5/data/ratis/a6df5248-7441-4f56-b9a1-d8fdf9f2816d does not exist. Creating ...
2024-01-30 07:48:36,355 [42bb30bf-6dde-4b10-b68e-ce189e81f0fd-groupManagement] INFO  storage.RaftStorageDirectory (RaftStorageDirectoryImpl.java:tryLock(228)) - Lock on /home/runner/work/ozone/ozone/hadoop-ozone/integration-test/target/test-dir/MiniOzoneClusterImpl-22134a4f-1b78-467c-b266-ccfd401dbc1a/datanode-5/data/ratis/a6df5248-7441-4f56-b9a1-d8fdf9f2816d/in_use.lock acquired by nodename 92995@fv-az1436-717
2024-01-30 07:48:36,356 [42bb30bf-6dde-4b10-b68e-ce189e81f0fd-groupManagement] INFO  storage.RaftStorage (RaftStorageImpl.java:format(99)) - Storage directory /home/runner/work/ozone/ozone/hadoop-ozone/integration-test/target/test-dir/MiniOzoneClusterImpl-22134a4f-1b78-467c-b266-ccfd401dbc1a/datanode-5/data/ratis/a6df5248-7441-4f56-b9a1-d8fdf9f2816d has been successfully formatted.
2024-01-30 07:48:36,356 [42bb30bf-6dde-4b10-b68e-ce189e81f0fd-groupManagement] WARN  util.FileUtils (LogUtils.java:supplyAndLog(63)) - Failed to Files.newInputStream /home/runner/work/ozone/ozone/hadoop-ozone/integration-test/target/test-dir/MiniOzoneClusterImpl-22134a4f-1b78-467c-b266-ccfd401dbc1a/datanode-5/data/ratis/a6df5248-7441-4f56-b9a1-d8fdf9f2816d/current/raft-meta.conf with options []: java.nio.file.NoSuchFileException: /home/runner/work/ozone/ozone/hadoop-ozone/integration-test/target/test-dir/MiniOzoneClusterImpl-22134a4f-1b78-467c-b266-ccfd401dbc1a/datanode-5/data/ratis/a6df5248-7441-4f56-b9a1-d8fdf9f2816d/current/raft-meta.conf
2024-01-30 07:48:36,357 [42bb30bf-6dde-4b10-b68e-ce189e81f0fd-groupManagement] INFO  ratis.ContainerStateMachine (ContainerStateMachine.java:loadSnapshot(287)) - group-D8FDF9F2816D: The snapshot info is null. Setting the last applied index to:(t:0, i:~)
2024-01-30 07:48:36,357 [42bb30bf-6dde-4b10-b68e-ce189e81f0fd-groupManagement] INFO  server.RaftServerConfigKeys (ConfUtils.java:logGet(46)) - raft.server.log.use.memory = false (default)
2024-01-30 07:48:36,357 [42bb30bf-6dde-4b10-b68e-ce189e81f0fd-groupManagement] INFO  server.RaftServerConfigKeys (ConfUtils.java:logGet(46)) - raft.server.log.purge.gap = 1000000 (custom)
2024-01-30 07:48:36,358 [42bb30bf-6dde-4b10-b68e-ce189e81f0fd-groupManagement] INFO  server.RaftServerConfigKeys (ConfUtils.java:logGet(46)) - raft.server.log.appender.buffer.byte-limit = 8388608 (custom)
2024-01-30 07:48:36,358 [42bb30bf-6dde-4b10-b68e-ce189e81f0fd-groupManagement] INFO  server.RaftServerConfigKeys (ConfUtils.java:logGet(46)) - raft.server.log.statemachine.data.read.timeout = 1000ms (default)
2024-01-30 07:48:36,359 [42bb30bf-6dde-4b10-b68e-ce189e81f0fd-groupManagement] INFO  server.RaftServerConfigKeys (ConfUtils.java:logGet(46)) - raft.server.log.purge.preservation.log.num = 0 (default)
2024-01-30 07:48:36,360 [42bb30bf-6dde-4b10-b68e-ce189e81f0fd-groupManagement] INFO  server.RaftServerConfigKeys (ConfUtils.java:logGet(46)) - raft.server.log.segment.size.max = 67108864 (custom)
2024-01-30 07:48:36,360 [42bb30bf-6dde-4b10-b68e-ce189e81f0fd-groupManagement] INFO  server.RaftServerConfigKeys (ConfUtils.java:logGet(46)) - raft.server.log.segment.cache.num.max = 2 (custom)
2024-01-30 07:48:36,361 [42bb30bf-6dde-4b10-b68e-ce189e81f0fd-groupManagement] INFO  server.RaftServerConfigKeys (ConfUtils.java:logGet(46)) - raft.server.log.segment.cache.size.max = 200MB (=209715200) (default)
2024-01-30 07:48:36,361 [42bb30bf-6dde-4b10-b68e-ce189e81f0fd-groupManagement] INFO  server.RaftServerConfigKeys (ConfUtils.java:logGet(46)) - raft.server.log.appender.buffer.byte-limit = 8388608 (custom)
2024-01-30 07:48:36,361 [42bb30bf-6dde-4b10-b68e-ce189e81f0fd-groupManagement] INFO  util.AwaitToRun (AwaitToRun.java:start(81)) - Thread[42bb30bf-6dde-4b10-b68e-ce189e81f0fd@group-D8FDF9F2816D-cacheEviction-AwaitToRun,5,main] started
2024-01-30 07:48:36,362 [42bb30bf-6dde-4b10-b68e-ce189e81f0fd-groupManagement] INFO  segmented.SegmentedRaftLogWorker (SegmentedRaftLogWorker.java:<init>(182)) - new 42bb30bf-6dde-4b10-b68e-ce189e81f0fd@group-D8FDF9F2816D-SegmentedRaftLogWorker for RaftStorageImpl:Storage Directory /home/runner/work/ozone/ozone/hadoop-ozone/integration-test/target/test-dir/MiniOzoneClusterImpl-22134a4f-1b78-467c-b266-ccfd401dbc1a/datanode-5/data/ratis/a6df5248-7441-4f56-b9a1-d8fdf9f2816d
2024-01-30 07:48:36,362 [42bb30bf-6dde-4b10-b68e-ce189e81f0fd-groupManagement] INFO  server.RaftServerConfigKeys (ConfUtils.java:logGet(46)) - raft.server.log.queue.byte-limit = 4294967296 (custom)
2024-01-30 07:48:36,362 [42bb30bf-6dde-4b10-b68e-ce189e81f0fd-groupManagement] INFO  server.RaftServerConfigKeys (ConfUtils.java:logGet(46)) - raft.server.log.queue.element-limit = 1024 (custom)
2024-01-30 07:48:36,363 [42bb30bf-6dde-4b10-b68e-ce189e81f0fd-groupManagement] INFO  server.RaftServerConfigKeys (ConfUtils.java:logGet(46)) - raft.server.log.segment.size.max = 67108864 (custom)
2024-01-30 07:48:36,363 [42bb30bf-6dde-4b10-b68e-ce189e81f0fd-groupManagement] INFO  server.RaftServerConfigKeys (ConfUtils.java:logGet(46)) - raft.server.log.preallocated.size = 4194304 (custom)
2024-01-30 07:48:36,363 [42bb30bf-6dde-4b10-b68e-ce189e81f0fd-groupManagement] INFO  server.RaftServerConfigKeys (ConfUtils.java:logGet(46)) - raft.server.log.force.sync.num = 128 (default)
2024-01-30 07:48:36,364 [42bb30bf-6dde-4b10-b68e-ce189e81f0fd-groupManagement] INFO  server.RaftServerConfigKeys (ConfUtils.java:logGet(46)) - raft.server.log.statemachine.data.sync = true (default)
2024-01-30 07:48:36,364 [42bb30bf-6dde-4b10-b68e-ce189e81f0fd-groupManagement] INFO  server.RaftServerConfigKeys (ConfUtils.java:logGet(46)) - raft.server.log.statemachine.data.sync.timeout = 10s (default)
2024-01-30 07:48:36,364 [42bb30bf-6dde-4b10-b68e-ce189e81f0fd-groupManagement] INFO  server.RaftServerConfigKeys (ConfUtils.java:logGet(46)) - raft.server.log.statemachine.data.sync.timeout.retry = 0 (custom)
2024-01-30 07:48:36,365 [42bb30bf-6dde-4b10-b68e-ce189e81f0fd-groupManagement] INFO  server.RaftServerConfigKeys (ConfUtils.java:logGet(46)) - raft.server.log.write.buffer.size = 8388616 (custom)
2024-01-30 07:48:36,367 [42bb30bf-6dde-4b10-b68e-ce189e81f0fd-groupManagement] INFO  server.RaftServerConfigKeys (ConfUtils.java:logGet(46)) - raft.server.log.appender.buffer.byte-limit = 8388608 (custom)
2024-01-30 07:48:36,367 [42bb30bf-6dde-4b10-b68e-ce189e81f0fd-groupManagement] INFO  server.RaftServerConfigKeys (ConfUtils.java:logGet(46)) - raft.server.log.unsafe-flush.enabled = false (default)
2024-01-30 07:48:36,367 [42bb30bf-6dde-4b10-b68e-ce189e81f0fd-groupManagement] INFO  server.RaftServerConfigKeys (ConfUtils.java:logGet(46)) - raft.server.log.async-flush.enabled = false (default)
2024-01-30 07:48:36,368 [42bb30bf-6dde-4b10-b68e-ce189e81f0fd-groupManagement] INFO  server.RaftServerConfigKeys (ConfUtils.java:logGet(46)) - raft.server.log.statemachine.data.caching.enabled = true (custom)
2024-01-30 07:48:36,368 [42bb30bf-6dde-4b10-b68e-ce189e81f0fd-groupManagement] INFO  segmented.SegmentedRaftLogWorker (SegmentedRaftLogWorker.java:lambda$new$0(134)) - 42bb30bf-6dde-4b10-b68e-ce189e81f0fd@group-D8FDF9F2816D-SegmentedRaftLogWorker: flushIndex: setUnconditionally 0 -> -1
2024-01-30 07:48:36,369 [42bb30bf-6dde-4b10-b68e-ce189e81f0fd-groupManagement] INFO  segmented.SegmentedRaftLogWorker (SegmentedRaftLogWorker.java:lambda$new$0(134)) - 42bb30bf-6dde-4b10-b68e-ce189e81f0fd@group-D8FDF9F2816D-SegmentedRaftLogWorker: safeCacheEvictIndex: setUnconditionally 0 -> -1
2024-01-30 07:48:36,369 [42bb30bf-6dde-4b10-b68e-ce189e81f0fd-groupManagement] INFO  server.RaftServer$Division (RaftServerImpl.java:start(396)) - 42bb30bf-6dde-4b10-b68e-ce189e81f0fd@group-D8FDF9F2816D: start as a follower, conf=-1: peers:[42bb30bf-6dde-4b10-b68e-ce189e81f0fd|10.1.0.48:15156, 53433fb8-bbf6-4d1d-a4a4-8c4d503fb949|10.1.0.48:15147, 33e454d1-da2d-4d19-a678-883106399134|10.1.0.48:15138]|listeners:[], old=null
2024-01-30 07:48:36,369 [42bb30bf-6dde-4b10-b68e-ce189e81f0fd-groupManagement] INFO  server.RaftServer$Division (RaftServerImpl.java:setRole(383)) - 42bb30bf-6dde-4b10-b68e-ce189e81f0fd@group-D8FDF9F2816D: changes role from      null to FOLLOWER at term 0 for startAsFollower
2024-01-30 07:48:36,370 [42bb30bf-6dde-4b10-b68e-ce189e81f0fd-groupManagement] INFO  impl.RoleInfo (RoleInfo.java:updateAndGet(139)) - 42bb30bf-6dde-4b10-b68e-ce189e81f0fd: start 42bb30bf-6dde-4b10-b68e-ce189e81f0fd@group-D8FDF9F2816D-FollowerState
2024-01-30 07:48:36,370 [42bb30bf-6dde-4b10-b68e-ce189e81f0fd@group-D8FDF9F2816D-FollowerState] INFO  server.RaftServerConfigKeys (ConfUtils.java:logFallback(53)) - raft.server.rpc.first-election.timeout.min = 5s (fallback to raft.server.rpc.timeout.min)
2024-01-30 07:48:36,370 [42bb30bf-6dde-4b10-b68e-ce189e81f0fd@group-D8FDF9F2816D-FollowerState] INFO  server.RaftServerConfigKeys (ConfUtils.java:logFallback(53)) - raft.server.rpc.first-election.timeout.max = 5200ms (fallback to raft.server.rpc.timeout.max)
2024-01-30 07:48:36,370 [42bb30bf-6dde-4b10-b68e-ce189e81f0fd-groupManagement] INFO  util.JmxRegister (JmxRegister.java:tryRegister(44)) - Successfully registered JMX Bean with object name Ratis:service=RaftServer,group=group-D8FDF9F2816D,id=42bb30bf-6dde-4b10-b68e-ce189e81f0fd
2024-01-30 07:48:36,371 [42bb30bf-6dde-4b10-b68e-ce189e81f0fd-groupManagement] INFO  server.RaftServerConfigKeys (ConfUtils.java:logGet(46)) - raft.server.snapshot.trigger-when-stop.enabled = true (default)
2024-01-30 07:48:36,371 [42bb30bf-6dde-4b10-b68e-ce189e81f0fd-groupManagement] INFO  server.RaftServerConfigKeys (ConfUtils.java:logGet(46)) - raft.server.snapshot.auto.trigger.enabled = true (custom)
2024-01-30 07:48:36,371 [42bb30bf-6dde-4b10-b68e-ce189e81f0fd-groupManagement] INFO  server.RaftServerConfigKeys (ConfUtils.java:logGet(46)) - raft.server.snapshot.auto.trigger.threshold = 10000 (custom)
2024-01-30 07:48:36,372 [42bb30bf-6dde-4b10-b68e-ce189e81f0fd-groupManagement] INFO  server.RaftServerConfigKeys (ConfUtils.java:logGet(46)) - raft.server.snapshot.retention.file.num = 5 (custom)
2024-01-30 07:48:36,372 [42bb30bf-6dde-4b10-b68e-ce189e81f0fd-groupManagement] INFO  server.RaftServerConfigKeys (ConfUtils.java:logGet(46)) - raft.server.log.purge.upto.snapshot.index = false (default)
2024-01-30 07:48:36,381 [53433fb8-bbf6-4d1d-a4a4-8c4d503fb949-groupManagement] INFO  server.RaftServer$Division (RaftServerImpl.java:<init>(256)) - 53433fb8-bbf6-4d1d-a4a4-8c4d503fb949: new RaftServerImpl for group-D8FDF9F2816D:[42bb30bf-6dde-4b10-b68e-ce189e81f0fd|10.1.0.48:15156, 53433fb8-bbf6-4d1d-a4a4-8c4d503fb949|10.1.0.48:15147, 33e454d1-da2d-4d19-a678-883106399134|10.1.0.48:15138] with ContainerStateMachine:uninitialized
2024-01-30 07:48:36,381 [53433fb8-bbf6-4d1d-a4a4-8c4d503fb949-groupManagement] INFO  server.RaftServerConfigKeys (ConfUtils.java:logGet(46)) - raft.server.rpc.timeout.min = 5s (custom)
2024-01-30 07:48:36,382 [53433fb8-bbf6-4d1d-a4a4-8c4d503fb949-groupManagement] INFO  server.RaftServerConfigKeys (ConfUtils.java:logGet(46)) - raft.server.rpc.timeout.max = 5200ms (custom)
2024-01-30 07:48:36,382 [53433fb8-bbf6-4d1d-a4a4-8c4d503fb949-groupManagement] INFO  server.RaftServerConfigKeys (ConfUtils.java:logGet(46)) - raft.server.rpc.sleep.time = 25ms (default)
2024-01-30 07:48:36,382 [53433fb8-bbf6-4d1d-a4a4-8c4d503fb949-groupManagement] INFO  server.RaftServerConfigKeys (ConfUtils.java:logGet(46)) - raft.server.rpc.slowness.timeout = 300s (custom)
2024-01-30 07:48:36,382 [53433fb8-bbf6-4d1d-a4a4-8c4d503fb949-groupManagement] INFO  server.RaftServerConfigKeys (ConfUtils.java:logGet(46)) - raft.server.leaderelection.leader.step-down.wait-time = 10s (default)
2024-01-30 07:48:36,382 [53433fb8-bbf6-4d1d-a4a4-8c4d503fb949-groupManagement] INFO  server.RaftServerConfigKeys (ConfUtils.java:logGet(46)) - raft.server.leaderelection.member.majority-add = false (default)
2024-01-30 07:48:36,382 [53433fb8-bbf6-4d1d-a4a4-8c4d503fb949-groupManagement] INFO  server.RaftServerConfigKeys (ConfUtils.java:logGet(46)) - raft.server.sleep.deviation.threshold = 300ms (default)
2024-01-30 07:48:36,382 [53433fb8-bbf6-4d1d-a4a4-8c4d503fb949-groupManagement] INFO  server.RaftServer$Division (ServerState.java:<init>(113)) - 53433fb8-bbf6-4d1d-a4a4-8c4d503fb949@group-D8FDF9F2816D: ConfigurationManager, init=-1: peers:[42bb30bf-6dde-4b10-b68e-ce189e81f0fd|10.1.0.48:15156, 53433fb8-bbf6-4d1d-a4a4-8c4d503fb949|10.1.0.48:15147, 33e454d1-da2d-4d19-a678-883106399134|10.1.0.48:15138]|listeners:[], old=null, confs=<EMPTY_MAP>
2024-01-30 07:48:36,382 [53433fb8-bbf6-4d1d-a4a4-8c4d503fb949-groupManagement] INFO  server.RaftServerConfigKeys (ConfUtils.java:logGet(46)) - raft.server.notification.no-leader.timeout = 300s (custom)
2024-01-30 07:48:36,382 [53433fb8-bbf6-4d1d-a4a4-8c4d503fb949-groupManagement] INFO  server.RaftServerConfigKeys (ConfUtils.java:logGet(46)) - raft.server.read.timeout = 10s (default)
2024-01-30 07:48:36,382 [53433fb8-bbf6-4d1d-a4a4-8c4d503fb949-groupManagement] INFO  server.RaftServerConfigKeys (ConfUtils.java:logGet(46)) - raft.server.retrycache.expirytime = 600000ms (custom)
2024-01-30 07:48:36,382 [53433fb8-bbf6-4d1d-a4a4-8c4d503fb949-groupManagement] INFO  server.RaftServerConfigKeys (ConfUtils.java:logGet(46)) - raft.server.retrycache.statistics.expirytime = 100ms (default)
2024-01-30 07:48:36,382 [53433fb8-bbf6-4d1d-a4a4-8c4d503fb949-groupManagement] INFO  server.RaftServerConfigKeys (ConfUtils.java:logGet(46)) - raft.server.read.option = DEFAULT (default)
2024-01-30 07:48:36,382 [53433fb8-bbf6-4d1d-a4a4-8c4d503fb949-groupManagement] INFO  server.RaftServerConfigKeys (ConfUtils.java:logGet(46)) - raft.server.read.read-after-write-consistent.write-index-cache.expiry-time = 60s (default)
2024-01-30 07:48:36,385 [53433fb8-bbf6-4d1d-a4a4-8c4d503fb949-groupManagement] INFO  server.RaftServerConfigKeys (ConfUtils.java:logGet(46)) - raft.server.rpc.request.timeout = 60s (custom)
2024-01-30 07:48:36,385 [53433fb8-bbf6-4d1d-a4a4-8c4d503fb949-groupManagement] INFO  server.RaftServerConfigKeys (ConfUtils.java:logGet(46)) - raft.server.log.appender.install.snapshot.enabled = false (custom)
2024-01-30 07:48:36,386 [53433fb8-bbf6-4d1d-a4a4-8c4d503fb949-groupManagement] INFO  server.RaftServerConfigKeys (ConfUtils.java:logGet(46)) - raft.server.threadpool.server.cached = true (default)
2024-01-30 07:48:36,386 [53433fb8-bbf6-4d1d-a4a4-8c4d503fb949-groupManagement] INFO  server.RaftServerConfigKeys (ConfUtils.java:logGet(46)) - raft.server.threadpool.server.size = 0 (default)
2024-01-30 07:48:36,386 [53433fb8-bbf6-4d1d-a4a4-8c4d503fb949-groupManagement] INFO  server.RaftServerConfigKeys (ConfUtils.java:logGet(46)) - raft.server.threadpool.client.cached = true (default)
2024-01-30 07:48:36,386 [53433fb8-bbf6-4d1d-a4a4-8c4d503fb949-groupManagement] INFO  server.RaftServerConfigKeys (ConfUtils.java:logGet(46)) - raft.server.threadpool.client.size = 0 (default)
2024-01-30 07:48:36,386 [53433fb8-bbf6-4d1d-a4a4-8c4d503fb949-PipelineCommandHandlerThread-0] INFO  server.RaftServer (RaftServerProxy.java:addNew(100)) - 53433fb8-bbf6-4d1d-a4a4-8c4d503fb949: addNew group-D8FDF9F2816D:[42bb30bf-6dde-4b10-b68e-ce189e81f0fd|10.1.0.48:15156, 53433fb8-bbf6-4d1d-a4a4-8c4d503fb949|10.1.0.48:15147, 33e454d1-da2d-4d19-a678-883106399134|10.1.0.48:15138] returns      null 53433fb8-bbf6-4d1d-a4a4-8c4d503fb949@group-D8FDF9F2816D:t0, leader=null, voted=null, raftlog=UNINITIALIZED, conf=-1: peers:[42bb30bf-6dde-4b10-b68e-ce189e81f0fd|10.1.0.48:15156, 53433fb8-bbf6-4d1d-a4a4-8c4d503fb949|10.1.0.48:15147, 33e454d1-da2d-4d19-a678-883106399134|10.1.0.48:15138]|listeners:[], old=null NEW
2024-01-30 07:48:36,386 [53433fb8-bbf6-4d1d-a4a4-8c4d503fb949-groupManagement] INFO  server.RaftServerConfigKeys (ConfUtils.java:logGet(46)) - raft.server.storage.free-space.min = 0MB (=0) (default)
2024-01-30 07:48:36,386 [53433fb8-bbf6-4d1d-a4a4-8c4d503fb949-groupManagement] INFO  server.RaftServerConfigKeys (ConfUtils.java:logGet(46)) - raft.server.log.corruption.policy = EXCEPTION (default)
2024-01-30 07:48:36,386 [53433fb8-bbf6-4d1d-a4a4-8c4d503fb949-groupManagement] INFO  server.RaftServerConfigKeys (ConfUtils.java:logGet(46)) - raft.server.storage.dir = [/home/runner/work/ozone/ozone/hadoop-ozone/integration-test/target/test-dir/MiniOzoneClusterImpl-22134a4f-1b78-467c-b266-ccfd401dbc1a/datanode-4/data/ratis] (custom)
2024-01-30 07:48:36,386 [53433fb8-bbf6-4d1d-a4a4-8c4d503fb949-groupManagement] INFO  storage.RaftStorageDirectory (RaftStorageDirectoryImpl.java:analyzeStorage(138)) - The storage directory /home/runner/work/ozone/ozone/hadoop-ozone/integration-test/target/test-dir/MiniOzoneClusterImpl-22134a4f-1b78-467c-b266-ccfd401dbc1a/datanode-4/data/ratis/a6df5248-7441-4f56-b9a1-d8fdf9f2816d does not exist. Creating ...
2024-01-30 07:48:36,387 [53433fb8-bbf6-4d1d-a4a4-8c4d503fb949-groupManagement] INFO  storage.RaftStorageDirectory (RaftStorageDirectoryImpl.java:tryLock(228)) - Lock on /home/runner/work/ozone/ozone/hadoop-ozone/integration-test/target/test-dir/MiniOzoneClusterImpl-22134a4f-1b78-467c-b266-ccfd401dbc1a/datanode-4/data/ratis/a6df5248-7441-4f56-b9a1-d8fdf9f2816d/in_use.lock acquired by nodename 92995@fv-az1436-717
2024-01-30 07:48:36,389 [53433fb8-bbf6-4d1d-a4a4-8c4d503fb949-groupManagement] INFO  storage.RaftStorage (RaftStorageImpl.java:format(99)) - Storage directory /home/runner/work/ozone/ozone/hadoop-ozone/integration-test/target/test-dir/MiniOzoneClusterImpl-22134a4f-1b78-467c-b266-ccfd401dbc1a/datanode-4/data/ratis/a6df5248-7441-4f56-b9a1-d8fdf9f2816d has been successfully formatted.
2024-01-30 07:48:36,389 [53433fb8-bbf6-4d1d-a4a4-8c4d503fb949-groupManagement] WARN  util.FileUtils (LogUtils.java:supplyAndLog(63)) - Failed to Files.newInputStream /home/runner/work/ozone/ozone/hadoop-ozone/integration-test/target/test-dir/MiniOzoneClusterImpl-22134a4f-1b78-467c-b266-ccfd401dbc1a/datanode-4/data/ratis/a6df5248-7441-4f56-b9a1-d8fdf9f2816d/current/raft-meta.conf with options []: java.nio.file.NoSuchFileException: /home/runner/work/ozone/ozone/hadoop-ozone/integration-test/target/test-dir/MiniOzoneClusterImpl-22134a4f-1b78-467c-b266-ccfd401dbc1a/datanode-4/data/ratis/a6df5248-7441-4f56-b9a1-d8fdf9f2816d/current/raft-meta.conf
2024-01-30 07:48:36,390 [53433fb8-bbf6-4d1d-a4a4-8c4d503fb949-groupManagement] INFO  ratis.ContainerStateMachine (ContainerStateMachine.java:loadSnapshot(287)) - group-D8FDF9F2816D: The snapshot info is null. Setting the last applied index to:(t:0, i:~)
2024-01-30 07:48:36,390 [53433fb8-bbf6-4d1d-a4a4-8c4d503fb949-groupManagement] INFO  server.RaftServerConfigKeys (ConfUtils.java:logGet(46)) - raft.server.log.use.memory = false (default)
2024-01-30 07:48:36,390 [53433fb8-bbf6-4d1d-a4a4-8c4d503fb949-groupManagement] INFO  server.RaftServerConfigKeys (ConfUtils.java:logGet(46)) - raft.server.log.purge.gap = 1000000 (custom)
2024-01-30 07:48:36,390 [53433fb8-bbf6-4d1d-a4a4-8c4d503fb949-groupManagement] INFO  server.RaftServerConfigKeys (ConfUtils.java:logGet(46)) - raft.server.log.appender.buffer.byte-limit = 8388608 (custom)
2024-01-30 07:48:36,390 [53433fb8-bbf6-4d1d-a4a4-8c4d503fb949-groupManagement] INFO  server.RaftServerConfigKeys (ConfUtils.java:logGet(46)) - raft.server.log.statemachine.data.read.timeout = 1000ms (default)
2024-01-30 07:48:36,390 [53433fb8-bbf6-4d1d-a4a4-8c4d503fb949-groupManagement] INFO  server.RaftServerConfigKeys (ConfUtils.java:logGet(46)) - raft.server.log.purge.preservation.log.num = 0 (default)
2024-01-30 07:48:36,394 [53433fb8-bbf6-4d1d-a4a4-8c4d503fb949-groupManagement] INFO  server.RaftServerConfigKeys (ConfUtils.java:logGet(46)) - raft.server.log.segment.size.max = 67108864 (custom)
2024-01-30 07:48:36,394 [53433fb8-bbf6-4d1d-a4a4-8c4d503fb949-groupManagement] INFO  server.RaftServerConfigKeys (ConfUtils.java:logGet(46)) - raft.server.log.segment.cache.num.max = 2 (custom)
2024-01-30 07:48:36,394 [53433fb8-bbf6-4d1d-a4a4-8c4d503fb949-groupManagement] INFO  server.RaftServerConfigKeys (ConfUtils.java:logGet(46)) - raft.server.log.segment.cache.size.max = 200MB (=209715200) (default)
2024-01-30 07:48:36,394 [53433fb8-bbf6-4d1d-a4a4-8c4d503fb949-groupManagement] INFO  server.RaftServerConfigKeys (ConfUtils.java:logGet(46)) - raft.server.log.appender.buffer.byte-limit = 8388608 (custom)
2024-01-30 07:48:36,394 [53433fb8-bbf6-4d1d-a4a4-8c4d503fb949-groupManagement] INFO  util.AwaitToRun (AwaitToRun.java:start(81)) - Thread[53433fb8-bbf6-4d1d-a4a4-8c4d503fb949@group-D8FDF9F2816D-cacheEviction-AwaitToRun,5,main] started
2024-01-30 07:48:36,394 [53433fb8-bbf6-4d1d-a4a4-8c4d503fb949-groupManagement] INFO  segmented.SegmentedRaftLogWorker (SegmentedRaftLogWorker.java:<init>(182)) - new 53433fb8-bbf6-4d1d-a4a4-8c4d503fb949@group-D8FDF9F2816D-SegmentedRaftLogWorker for RaftStorageImpl:Storage Directory /home/runner/work/ozone/ozone/hadoop-ozone/integration-test/target/test-dir/MiniOzoneClusterImpl-22134a4f-1b78-467c-b266-ccfd401dbc1a/datanode-4/data/ratis/a6df5248-7441-4f56-b9a1-d8fdf9f2816d
2024-01-30 07:48:36,394 [53433fb8-bbf6-4d1d-a4a4-8c4d503fb949-groupManagement] INFO  server.RaftServerConfigKeys (ConfUtils.java:logGet(46)) - raft.server.log.queue.byte-limit = 4294967296 (custom)
2024-01-30 07:48:36,394 [53433fb8-bbf6-4d1d-a4a4-8c4d503fb949-groupManagement] INFO  server.RaftServerConfigKeys (ConfUtils.java:logGet(46)) - raft.server.log.queue.element-limit = 1024 (custom)
2024-01-30 07:48:36,394 [53433fb8-bbf6-4d1d-a4a4-8c4d503fb949-groupManagement] INFO  server.RaftServerConfigKeys (ConfUtils.java:logGet(46)) - raft.server.log.segment.size.max = 67108864 (custom)
2024-01-30 07:48:36,395 [53433fb8-bbf6-4d1d-a4a4-8c4d503fb949-groupManagement] INFO  server.RaftServerConfigKeys (ConfUtils.java:logGet(46)) - raft.server.log.preallocated.size = 4194304 (custom)
2024-01-30 07:48:36,395 [53433fb8-bbf6-4d1d-a4a4-8c4d503fb949-groupManagement] INFO  server.RaftServerConfigKeys (ConfUtils.java:logGet(46)) - raft.server.log.force.sync.num = 128 (default)
2024-01-30 07:48:36,395 [53433fb8-bbf6-4d1d-a4a4-8c4d503fb949-groupManagement] INFO  server.RaftServerConfigKeys (ConfUtils.java:logGet(46)) - raft.server.log.statemachine.data.sync = true (default)
2024-01-30 07:48:36,395 [53433fb8-bbf6-4d1d-a4a4-8c4d503fb949-groupManagement] INFO  server.RaftServerConfigKeys (ConfUtils.java:logGet(46)) - raft.server.log.statemachine.data.sync.timeout = 10s (default)
2024-01-30 07:48:36,395 [53433fb8-bbf6-4d1d-a4a4-8c4d503fb949-groupManagement] INFO  server.RaftServerConfigKeys (ConfUtils.java:logGet(46)) - raft.server.log.statemachine.data.sync.timeout.retry = 0 (custom)
2024-01-30 07:48:36,395 [53433fb8-bbf6-4d1d-a4a4-8c4d503fb949-groupManagement] INFO  server.RaftServerConfigKeys (ConfUtils.java:logGet(46)) - raft.server.log.write.buffer.size = 8388616 (custom)
2024-01-30 07:48:36,397 [53433fb8-bbf6-4d1d-a4a4-8c4d503fb949-groupManagement] INFO  server.RaftServerConfigKeys (ConfUtils.java:logGet(46)) - raft.server.log.appender.buffer.byte-limit = 8388608 (custom)
2024-01-30 07:48:36,397 [53433fb8-bbf6-4d1d-a4a4-8c4d503fb949-groupManagement] INFO  server.RaftServerConfigKeys (ConfUtils.java:logGet(46)) - raft.server.log.unsafe-flush.enabled = false (default)
2024-01-30 07:48:36,398 [53433fb8-bbf6-4d1d-a4a4-8c4d503fb949-groupManagement] INFO  server.RaftServerConfigKeys (ConfUtils.java:logGet(46)) - raft.server.log.async-flush.enabled = false (default)
2024-01-30 07:48:36,398 [33e454d1-da2d-4d19-a678-883106399134-PipelineCommandHandlerThread-0] INFO  commandhandler.CreatePipelineCommandHandler (CreatePipelineCommandHandler.java:lambda$handle$2(124)) - Created Pipeline RATIS THREE PipelineID=a6df5248-7441-4f56-b9a1-d8fdf9f2816d.
2024-01-30 07:48:36,398 [53433fb8-bbf6-4d1d-a4a4-8c4d503fb949-groupManagement] INFO  server.RaftServerConfigKeys (ConfUtils.java:logGet(46)) - raft.server.log.statemachine.data.caching.enabled = true (custom)
2024-01-30 07:48:36,399 [53433fb8-bbf6-4d1d-a4a4-8c4d503fb949-groupManagement] INFO  segmented.SegmentedRaftLogWorker (SegmentedRaftLogWorker.java:lambda$new$0(134)) - 53433fb8-bbf6-4d1d-a4a4-8c4d503fb949@group-D8FDF9F2816D-SegmentedRaftLogWorker: flushIndex: setUnconditionally 0 -> -1
2024-01-30 07:48:36,399 [53433fb8-bbf6-4d1d-a4a4-8c4d503fb949-groupManagement] INFO  segmented.SegmentedRaftLogWorker (SegmentedRaftLogWorker.java:lambda$new$0(134)) - 53433fb8-bbf6-4d1d-a4a4-8c4d503fb949@group-D8FDF9F2816D-SegmentedRaftLogWorker: safeCacheEvictIndex: setUnconditionally 0 -> -1
2024-01-30 07:48:36,399 [53433fb8-bbf6-4d1d-a4a4-8c4d503fb949-groupManagement] INFO  server.RaftServer$Division (RaftServerImpl.java:start(396)) - 53433fb8-bbf6-4d1d-a4a4-8c4d503fb949@group-D8FDF9F2816D: start as a follower, conf=-1: peers:[42bb30bf-6dde-4b10-b68e-ce189e81f0fd|10.1.0.48:15156, 53433fb8-bbf6-4d1d-a4a4-8c4d503fb949|10.1.0.48:15147, 33e454d1-da2d-4d19-a678-883106399134|10.1.0.48:15138]|listeners:[], old=null
2024-01-30 07:48:36,399 [53433fb8-bbf6-4d1d-a4a4-8c4d503fb949-groupManagement] INFO  server.RaftServer$Division (RaftServerImpl.java:setRole(383)) - 53433fb8-bbf6-4d1d-a4a4-8c4d503fb949@group-D8FDF9F2816D: changes role from      null to FOLLOWER at term 0 for startAsFollower
2024-01-30 07:48:36,399 [53433fb8-bbf6-4d1d-a4a4-8c4d503fb949-groupManagement] INFO  impl.RoleInfo (RoleInfo.java:updateAndGet(139)) - 53433fb8-bbf6-4d1d-a4a4-8c4d503fb949: start 53433fb8-bbf6-4d1d-a4a4-8c4d503fb949@group-D8FDF9F2816D-FollowerState
2024-01-30 07:48:36,399 [53433fb8-bbf6-4d1d-a4a4-8c4d503fb949@group-D8FDF9F2816D-FollowerState] INFO  server.RaftServerConfigKeys (ConfUtils.java:logFallback(53)) - raft.server.rpc.first-election.timeout.min = 5s (fallback to raft.server.rpc.timeout.min)
2024-01-30 07:48:36,399 [53433fb8-bbf6-4d1d-a4a4-8c4d503fb949-groupManagement] INFO  util.JmxRegister (JmxRegister.java:tryRegister(44)) - Successfully registered JMX Bean with object name Ratis:service=RaftServer,group=group-D8FDF9F2816D,id=53433fb8-bbf6-4d1d-a4a4-8c4d503fb949
2024-01-30 07:48:36,399 [53433fb8-bbf6-4d1d-a4a4-8c4d503fb949@group-D8FDF9F2816D-FollowerState] INFO  server.RaftServerConfigKeys (ConfUtils.java:logFallback(53)) - raft.server.rpc.first-election.timeout.max = 5200ms (fallback to raft.server.rpc.timeout.max)
2024-01-30 07:48:36,399 [53433fb8-bbf6-4d1d-a4a4-8c4d503fb949-groupManagement] INFO  server.RaftServerConfigKeys (ConfUtils.java:logGet(46)) - raft.server.snapshot.trigger-when-stop.enabled = true (default)
2024-01-30 07:48:36,399 [53433fb8-bbf6-4d1d-a4a4-8c4d503fb949-groupManagement] INFO  server.RaftServerConfigKeys (ConfUtils.java:logGet(46)) - raft.server.snapshot.auto.trigger.enabled = true (custom)
2024-01-30 07:48:36,399 [53433fb8-bbf6-4d1d-a4a4-8c4d503fb949-groupManagement] INFO  server.RaftServerConfigKeys (ConfUtils.java:logGet(46)) - raft.server.snapshot.auto.trigger.threshold = 10000 (custom)
2024-01-30 07:48:36,399 [53433fb8-bbf6-4d1d-a4a4-8c4d503fb949-groupManagement] INFO  server.RaftServerConfigKeys (ConfUtils.java:logGet(46)) - raft.server.snapshot.retention.file.num = 5 (custom)
2024-01-30 07:48:36,400 [53433fb8-bbf6-4d1d-a4a4-8c4d503fb949-groupManagement] INFO  server.RaftServerConfigKeys (ConfUtils.java:logGet(46)) - raft.server.log.purge.upto.snapshot.index = false (default)
2024-01-30 07:48:36,400 [53433fb8-bbf6-4d1d-a4a4-8c4d503fb949-PipelineCommandHandlerThread-0] INFO  ratis.XceiverServerRatis (XceiverServerRatis.java:addGroup(864)) - Created group PipelineID=a6df5248-7441-4f56-b9a1-d8fdf9f2816d
2024-01-30 07:48:36,418 [53433fb8-bbf6-4d1d-a4a4-8c4d503fb949-PipelineCommandHandlerThread-0] INFO  commandhandler.CreatePipelineCommandHandler (CreatePipelineCommandHandler.java:lambda$handle$2(124)) - Created Pipeline RATIS THREE PipelineID=a6df5248-7441-4f56-b9a1-d8fdf9f2816d.
2024-01-30 07:48:36,470 [main] INFO  ozone.MiniOzoneClusterImpl (MiniOzoneClusterImpl.java:lambda$waitForClusterToBeReady$0(229)) - Nodes are ready. Got 6 of 6 DN Heartbeats.
2024-01-30 07:48:36,470 [main] INFO  ozone.MiniOzoneClusterImpl (MiniOzoneClusterImpl.java:lambda$waitForClusterToBeReady$0(232)) - Waiting for cluster to exit safe mode
2024-01-30 07:48:36,471 [main] INFO  ozone.MiniOzoneClusterImpl (MiniOzoneClusterImpl.java:lambda$waitForClusterToBeReady$0(234)) - SCM became leader
2024-01-30 07:48:37,471 [main] INFO  ozone.MiniOzoneClusterImpl (MiniOzoneClusterImpl.java:lambda$waitForClusterToBeReady$0(229)) - Nodes are ready. Got 6 of 6 DN Heartbeats.
2024-01-30 07:48:37,471 [main] INFO  ozone.MiniOzoneClusterImpl (MiniOzoneClusterImpl.java:lambda$waitForClusterToBeReady$0(232)) - Waiting for cluster to exit safe mode
2024-01-30 07:48:37,471 [main] INFO  ozone.MiniOzoneClusterImpl (MiniOzoneClusterImpl.java:lambda$waitForClusterToBeReady$0(234)) - SCM became leader
2024-01-30 07:48:38,471 [main] INFO  ozone.MiniOzoneClusterImpl (MiniOzoneClusterImpl.java:lambda$waitForClusterToBeReady$0(229)) - Nodes are ready. Got 6 of 6 DN Heartbeats.
2024-01-30 07:48:38,472 [main] INFO  ozone.MiniOzoneClusterImpl (MiniOzoneClusterImpl.java:lambda$waitForClusterToBeReady$0(232)) - Waiting for cluster to exit safe mode
2024-01-30 07:48:38,472 [main] INFO  ozone.MiniOzoneClusterImpl (MiniOzoneClusterImpl.java:lambda$waitForClusterToBeReady$0(234)) - SCM became leader
2024-01-30 07:48:39,472 [main] INFO  ozone.MiniOzoneClusterImpl (MiniOzoneClusterImpl.java:lambda$waitForClusterToBeReady$0(229)) - Nodes are ready. Got 6 of 6 DN Heartbeats.
2024-01-30 07:48:39,472 [main] INFO  ozone.MiniOzoneClusterImpl (MiniOzoneClusterImpl.java:lambda$waitForClusterToBeReady$0(232)) - Waiting for cluster to exit safe mode
2024-01-30 07:48:39,472 [main] INFO  ozone.MiniOzoneClusterImpl (MiniOzoneClusterImpl.java:lambda$waitForClusterToBeReady$0(234)) - SCM became leader
2024-01-30 07:48:40,473 [main] INFO  ozone.MiniOzoneClusterImpl (MiniOzoneClusterImpl.java:lambda$waitForClusterToBeReady$0(229)) - Nodes are ready. Got 6 of 6 DN Heartbeats.
2024-01-30 07:48:40,473 [main] INFO  ozone.MiniOzoneClusterImpl (MiniOzoneClusterImpl.java:lambda$waitForClusterToBeReady$0(232)) - Waiting for cluster to exit safe mode
2024-01-30 07:48:40,473 [main] INFO  ozone.MiniOzoneClusterImpl (MiniOzoneClusterImpl.java:lambda$waitForClusterToBeReady$0(234)) - SCM became leader
2024-01-30 07:48:41,054 [2a934876-6cad-418e-9d99-0b91c92fbe5b@group-09F0C667257B-FollowerState] INFO  impl.FollowerState (FollowerState.java:run(143)) - 2a934876-6cad-418e-9d99-0b91c92fbe5b@group-09F0C667257B-FollowerState: change to CANDIDATE, lastRpcElapsedTime:5057426328ns, electionTimeout:5057ms
2024-01-30 07:48:41,054 [2a934876-6cad-418e-9d99-0b91c92fbe5b@group-09F0C667257B-FollowerState] INFO  impl.RoleInfo (RoleInfo.java:shutdownFollowerState(110)) - 2a934876-6cad-418e-9d99-0b91c92fbe5b: shutdown 2a934876-6cad-418e-9d99-0b91c92fbe5b@group-09F0C667257B-FollowerState
2024-01-30 07:48:41,054 [2a934876-6cad-418e-9d99-0b91c92fbe5b@group-09F0C667257B-FollowerState] INFO  server.RaftServer$Division (RaftServerImpl.java:setRole(383)) - 2a934876-6cad-418e-9d99-0b91c92fbe5b@group-09F0C667257B: changes role from  FOLLOWER to CANDIDATE at term 0 for changeToCandidate
2024-01-30 07:48:41,054 [2a934876-6cad-418e-9d99-0b91c92fbe5b@group-09F0C667257B-FollowerState] INFO  server.RaftServerConfigKeys (ConfUtils.java:logGet(46)) - raft.server.leaderelection.pre-vote = true (default)
2024-01-30 07:48:41,054 [2a934876-6cad-418e-9d99-0b91c92fbe5b@group-09F0C667257B-FollowerState] INFO  impl.RoleInfo (RoleInfo.java:updateAndGet(139)) - 2a934876-6cad-418e-9d99-0b91c92fbe5b: start 2a934876-6cad-418e-9d99-0b91c92fbe5b@group-09F0C667257B-LeaderElection24
2024-01-30 07:48:41,056 [2a934876-6cad-418e-9d99-0b91c92fbe5b@group-09F0C667257B-LeaderElection24] INFO  impl.LeaderElection (LeaderElection.java:askForVotes(321)) - 2a934876-6cad-418e-9d99-0b91c92fbe5b@group-09F0C667257B-LeaderElection24 PRE_VOTE round 0: submit vote requests at term 0 for -1: peers:[84e2f200-b83f-4514-9762-a3bf8832ea50|10.1.0.48:15120, 971c1615-1531-4bff-8b79-adf9a27d7f54|10.1.0.48:15129, 2a934876-6cad-418e-9d99-0b91c92fbe5b|10.1.0.48:15111]|listeners:[], old=null
2024-01-30 07:48:41,056 [2a934876-6cad-418e-9d99-0b91c92fbe5b@group-09F0C667257B-LeaderElection24-1] INFO  server.GrpcServerProtocolClient (GrpcServerProtocolClient.java:<init>(65)) - Build channel for 84e2f200-b83f-4514-9762-a3bf8832ea50|10.1.0.48:15120
2024-01-30 07:48:41,056 [2a934876-6cad-418e-9d99-0b91c92fbe5b@group-09F0C667257B-LeaderElection24] INFO  server.RaftServerConfigKeys (ConfUtils.java:logFallback(53)) - raft.server.rpc.first-election.timeout.min = 5s (fallback to raft.server.rpc.timeout.min)
2024-01-30 07:48:41,056 [2a934876-6cad-418e-9d99-0b91c92fbe5b@group-09F0C667257B-LeaderElection24] INFO  server.RaftServerConfigKeys (ConfUtils.java:logFallback(53)) - raft.server.rpc.first-election.timeout.max = 5200ms (fallback to raft.server.rpc.timeout.max)
2024-01-30 07:48:41,056 [2a934876-6cad-418e-9d99-0b91c92fbe5b@group-09F0C667257B-LeaderElection24-2] INFO  server.GrpcServerProtocolClient (GrpcServerProtocolClient.java:<init>(65)) - Build channel for 971c1615-1531-4bff-8b79-adf9a27d7f54|10.1.0.48:15129
2024-01-30 07:48:41,060 [grpc-default-executor-5] INFO  server.RaftServer$Division (RaftServerImpl.java:requestVote(1389)) - 84e2f200-b83f-4514-9762-a3bf8832ea50@group-09F0C667257B: receive requestVote(PRE_VOTE, 2a934876-6cad-418e-9d99-0b91c92fbe5b, group-09F0C667257B, 0, (t:0, i:0))
2024-01-30 07:48:41,060 [grpc-default-executor-5] INFO  impl.VoteContext (VoteContext.java:log(49)) - 84e2f200-b83f-4514-9762-a3bf8832ea50@group-09F0C667257B-FOLLOWER: reject PRE_VOTE from 2a934876-6cad-418e-9d99-0b91c92fbe5b: our priority 1 > candidate's priority 0
2024-01-30 07:48:41,060 [grpc-default-executor-5] INFO  server.RaftServer$Division (RaftServerImpl.java:requestVote(1422)) - 84e2f200-b83f-4514-9762-a3bf8832ea50@group-09F0C667257B replies to PRE_VOTE vote request: 2a934876-6cad-418e-9d99-0b91c92fbe5b<-84e2f200-b83f-4514-9762-a3bf8832ea50#0:FAIL-t0. Peer's state: 84e2f200-b83f-4514-9762-a3bf8832ea50@group-09F0C667257B:t0, leader=null, voted=, raftlog=Memoized:84e2f200-b83f-4514-9762-a3bf8832ea50@group-09F0C667257B-SegmentedRaftLog:OPENED:c-1, conf=-1: peers:[84e2f200-b83f-4514-9762-a3bf8832ea50|10.1.0.48:15120, 971c1615-1531-4bff-8b79-adf9a27d7f54|10.1.0.48:15129, 2a934876-6cad-418e-9d99-0b91c92fbe5b|10.1.0.48:15111]|listeners:[], old=null
2024-01-30 07:48:41,061 [grpc-default-executor-2] INFO  server.RaftServer$Division (RaftServerImpl.java:requestVote(1389)) - 971c1615-1531-4bff-8b79-adf9a27d7f54@group-09F0C667257B: receive requestVote(PRE_VOTE, 2a934876-6cad-418e-9d99-0b91c92fbe5b, group-09F0C667257B, 0, (t:0, i:0))
2024-01-30 07:48:41,061 [grpc-default-executor-2] INFO  impl.VoteContext (VoteContext.java:log(49)) - 971c1615-1531-4bff-8b79-adf9a27d7f54@group-09F0C667257B-FOLLOWER: accept PRE_VOTE from 2a934876-6cad-418e-9d99-0b91c92fbe5b: our priority 0 <= candidate's priority 0
2024-01-30 07:48:41,061 [grpc-default-executor-2] INFO  server.RaftServer$Division (RaftServerImpl.java:requestVote(1422)) - 971c1615-1531-4bff-8b79-adf9a27d7f54@group-09F0C667257B replies to PRE_VOTE vote request: 2a934876-6cad-418e-9d99-0b91c92fbe5b<-971c1615-1531-4bff-8b79-adf9a27d7f54#0:OK-t0. Peer's state: 971c1615-1531-4bff-8b79-adf9a27d7f54@group-09F0C667257B:t0, leader=null, voted=, raftlog=Memoized:971c1615-1531-4bff-8b79-adf9a27d7f54@group-09F0C667257B-SegmentedRaftLog:OPENED:c-1, conf=-1: peers:[84e2f200-b83f-4514-9762-a3bf8832ea50|10.1.0.48:15120, 971c1615-1531-4bff-8b79-adf9a27d7f54|10.1.0.48:15129, 2a934876-6cad-418e-9d99-0b91c92fbe5b|10.1.0.48:15111]|listeners:[], old=null
2024-01-30 07:48:41,061 [2a934876-6cad-418e-9d99-0b91c92fbe5b@group-09F0C667257B-LeaderElection24] INFO  impl.LeaderElection (LeaderElection.java:logAndReturn(89)) - 2a934876-6cad-418e-9d99-0b91c92fbe5b@group-09F0C667257B-LeaderElection24: PRE_VOTE REJECTED received 1 response(s) and 0 exception(s):
2024-01-30 07:48:41,061 [2a934876-6cad-418e-9d99-0b91c92fbe5b@group-09F0C667257B-LeaderElection24] INFO  impl.LeaderElection (LeaderElection.java:logAndReturn(93)) -   Response 0: 2a934876-6cad-418e-9d99-0b91c92fbe5b<-84e2f200-b83f-4514-9762-a3bf8832ea50#0:FAIL-t0
2024-01-30 07:48:41,061 [2a934876-6cad-418e-9d99-0b91c92fbe5b@group-09F0C667257B-LeaderElection24] INFO  impl.LeaderElection (LeaderElection.java:askForVotes(323)) - 2a934876-6cad-418e-9d99-0b91c92fbe5b@group-09F0C667257B-LeaderElection24 PRE_VOTE round 0: result REJECTED
2024-01-30 07:48:41,061 [2a934876-6cad-418e-9d99-0b91c92fbe5b@group-09F0C667257B-LeaderElection24] INFO  server.RaftServer$Division (RaftServerImpl.java:setRole(383)) - 2a934876-6cad-418e-9d99-0b91c92fbe5b@group-09F0C667257B: changes role from CANDIDATE to FOLLOWER at term 0 for REJECTED
2024-01-30 07:48:41,061 [2a934876-6cad-418e-9d99-0b91c92fbe5b@group-09F0C667257B-LeaderElection24] INFO  impl.RoleInfo (RoleInfo.java:shutdownLeaderElection(130)) - 2a934876-6cad-418e-9d99-0b91c92fbe5b: shutdown 2a934876-6cad-418e-9d99-0b91c92fbe5b@group-09F0C667257B-LeaderElection24
2024-01-30 07:48:41,061 [2a934876-6cad-418e-9d99-0b91c92fbe5b@group-09F0C667257B-LeaderElection24] INFO  impl.RoleInfo (RoleInfo.java:updateAndGet(139)) - 2a934876-6cad-418e-9d99-0b91c92fbe5b: start 2a934876-6cad-418e-9d99-0b91c92fbe5b@group-09F0C667257B-FollowerState
2024-01-30 07:48:41,061 [2a934876-6cad-418e-9d99-0b91c92fbe5b@group-09F0C667257B-LeaderElection24] INFO  server.RaftServer$Division (RaftServerImpl.java:setFirstElection(574)) - 2a934876-6cad-418e-9d99-0b91c92fbe5b@group-09F0C667257B: set firstElectionSinceStartup to false for REJECTED
2024-01-30 07:48:41,107 [971c1615-1531-4bff-8b79-adf9a27d7f54@group-07C1DF08F428-FollowerState] INFO  impl.FollowerState (FollowerState.java:run(143)) - 971c1615-1531-4bff-8b79-adf9a27d7f54@group-07C1DF08F428-FollowerState: change to CANDIDATE, lastRpcElapsedTime:5020617789ns, electionTimeout:5020ms
2024-01-30 07:48:41,107 [971c1615-1531-4bff-8b79-adf9a27d7f54@group-07C1DF08F428-FollowerState] INFO  impl.RoleInfo (RoleInfo.java:shutdownFollowerState(110)) - 971c1615-1531-4bff-8b79-adf9a27d7f54: shutdown 971c1615-1531-4bff-8b79-adf9a27d7f54@group-07C1DF08F428-FollowerState
2024-01-30 07:48:41,107 [971c1615-1531-4bff-8b79-adf9a27d7f54@group-07C1DF08F428-FollowerState] INFO  server.RaftServer$Division (RaftServerImpl.java:setRole(383)) - 971c1615-1531-4bff-8b79-adf9a27d7f54@group-07C1DF08F428: changes role from  FOLLOWER to CANDIDATE at term 0 for changeToCandidate
2024-01-30 07:48:41,107 [971c1615-1531-4bff-8b79-adf9a27d7f54@group-07C1DF08F428-FollowerState] INFO  server.RaftServerConfigKeys (ConfUtils.java:logGet(46)) - raft.server.leaderelection.pre-vote = true (default)
2024-01-30 07:48:41,108 [971c1615-1531-4bff-8b79-adf9a27d7f54@group-07C1DF08F428-FollowerState] INFO  impl.RoleInfo (RoleInfo.java:updateAndGet(139)) - 971c1615-1531-4bff-8b79-adf9a27d7f54: start 971c1615-1531-4bff-8b79-adf9a27d7f54@group-07C1DF08F428-LeaderElection25
2024-01-30 07:48:41,109 [971c1615-1531-4bff-8b79-adf9a27d7f54@group-07C1DF08F428-LeaderElection25] INFO  impl.LeaderElection (LeaderElection.java:askForVotes(321)) - 971c1615-1531-4bff-8b79-adf9a27d7f54@group-07C1DF08F428-LeaderElection25 PRE_VOTE round 0: submit vote requests at term 0 for -1: peers:[84e2f200-b83f-4514-9762-a3bf8832ea50|10.1.0.48:15120, 971c1615-1531-4bff-8b79-adf9a27d7f54|10.1.0.48:15129, 2a934876-6cad-418e-9d99-0b91c92fbe5b|10.1.0.48:15111]|listeners:[], old=null
2024-01-30 07:48:41,109 [971c1615-1531-4bff-8b79-adf9a27d7f54@group-07C1DF08F428-LeaderElection25-1] INFO  server.GrpcServerProtocolClient (GrpcServerProtocolClient.java:<init>(65)) - Build channel for 84e2f200-b83f-4514-9762-a3bf8832ea50|10.1.0.48:15120
2024-01-30 07:48:41,109 [971c1615-1531-4bff-8b79-adf9a27d7f54@group-07C1DF08F428-LeaderElection25-2] INFO  server.GrpcServerProtocolClient (GrpcServerProtocolClient.java:<init>(65)) - Build channel for 2a934876-6cad-418e-9d99-0b91c92fbe5b|10.1.0.48:15111
2024-01-30 07:48:41,109 [971c1615-1531-4bff-8b79-adf9a27d7f54@group-07C1DF08F428-LeaderElection25] INFO  server.RaftServerConfigKeys (ConfUtils.java:logFallback(53)) - raft.server.rpc.first-election.timeout.min = 5s (fallback to raft.server.rpc.timeout.min)
2024-01-30 07:48:41,109 [971c1615-1531-4bff-8b79-adf9a27d7f54@group-07C1DF08F428-LeaderElection25] INFO  server.RaftServerConfigKeys (ConfUtils.java:logFallback(53)) - raft.server.rpc.first-election.timeout.max = 5200ms (fallback to raft.server.rpc.timeout.max)
2024-01-30 07:48:41,113 [grpc-default-executor-2] INFO  server.RaftServer$Division (RaftServerImpl.java:requestVote(1389)) - 2a934876-6cad-418e-9d99-0b91c92fbe5b@group-07C1DF08F428: receive requestVote(PRE_VOTE, 971c1615-1531-4bff-8b79-adf9a27d7f54, group-07C1DF08F428, 0, (t:0, i:0))
2024-01-30 07:48:41,113 [grpc-default-executor-2] INFO  impl.VoteContext (VoteContext.java:log(49)) - 2a934876-6cad-418e-9d99-0b91c92fbe5b@group-07C1DF08F428-FOLLOWER: reject PRE_VOTE from 971c1615-1531-4bff-8b79-adf9a27d7f54: our priority 1 > candidate's priority 0
2024-01-30 07:48:41,113 [grpc-default-executor-2] INFO  server.RaftServer$Division (RaftServerImpl.java:requestVote(1422)) - 2a934876-6cad-418e-9d99-0b91c92fbe5b@group-07C1DF08F428 replies to PRE_VOTE vote request: 971c1615-1531-4bff-8b79-adf9a27d7f54<-2a934876-6cad-418e-9d99-0b91c92fbe5b#0:FAIL-t0. Peer's state: 2a934876-6cad-418e-9d99-0b91c92fbe5b@group-07C1DF08F428:t0, leader=null, voted=, raftlog=Memoized:2a934876-6cad-418e-9d99-0b91c92fbe5b@group-07C1DF08F428-SegmentedRaftLog:OPENED:c-1, conf=-1: peers:[84e2f200-b83f-4514-9762-a3bf8832ea50|10.1.0.48:15120, 971c1615-1531-4bff-8b79-adf9a27d7f54|10.1.0.48:15129, 2a934876-6cad-418e-9d99-0b91c92fbe5b|10.1.0.48:15111]|listeners:[], old=null
2024-01-30 07:48:41,114 [grpc-default-executor-5] INFO  server.RaftServer$Division (RaftServerImpl.java:requestVote(1389)) - 84e2f200-b83f-4514-9762-a3bf8832ea50@group-07C1DF08F428: receive requestVote(PRE_VOTE, 971c1615-1531-4bff-8b79-adf9a27d7f54, group-07C1DF08F428, 0, (t:0, i:0))
2024-01-30 07:48:41,114 [grpc-default-executor-5] INFO  impl.VoteContext (VoteContext.java:log(49)) - 84e2f200-b83f-4514-9762-a3bf8832ea50@group-07C1DF08F428-FOLLOWER: accept PRE_VOTE from 971c1615-1531-4bff-8b79-adf9a27d7f54: our priority 0 <= candidate's priority 0
2024-01-30 07:48:41,114 [grpc-default-executor-5] INFO  server.RaftServer$Division (RaftServerImpl.java:requestVote(1422)) - 84e2f200-b83f-4514-9762-a3bf8832ea50@group-07C1DF08F428 replies to PRE_VOTE vote request: 971c1615-1531-4bff-8b79-adf9a27d7f54<-84e2f200-b83f-4514-9762-a3bf8832ea50#0:OK-t0. Peer's state: 84e2f200-b83f-4514-9762-a3bf8832ea50@group-07C1DF08F428:t0, leader=null, voted=, raftlog=Memoized:84e2f200-b83f-4514-9762-a3bf8832ea50@group-07C1DF08F428-SegmentedRaftLog:OPENED:c-1, conf=-1: peers:[84e2f200-b83f-4514-9762-a3bf8832ea50|10.1.0.48:15120, 971c1615-1531-4bff-8b79-adf9a27d7f54|10.1.0.48:15129, 2a934876-6cad-418e-9d99-0b91c92fbe5b|10.1.0.48:15111]|listeners:[], old=null
2024-01-30 07:48:41,114 [971c1615-1531-4bff-8b79-adf9a27d7f54@group-07C1DF08F428-LeaderElection25] INFO  impl.LeaderElection (LeaderElection.java:logAndReturn(89)) - 971c1615-1531-4bff-8b79-adf9a27d7f54@group-07C1DF08F428-LeaderElection25: PRE_VOTE REJECTED received 1 response(s) and 0 exception(s):
2024-01-30 07:48:41,115 [971c1615-1531-4bff-8b79-adf9a27d7f54@group-07C1DF08F428-LeaderElection25] INFO  impl.LeaderElection (LeaderElection.java:logAndReturn(93)) -   Response 0: 971c1615-1531-4bff-8b79-adf9a27d7f54<-2a934876-6cad-418e-9d99-0b91c92fbe5b#0:FAIL-t0
2024-01-30 07:48:41,115 [971c1615-1531-4bff-8b79-adf9a27d7f54@group-07C1DF08F428-LeaderElection25] INFO  impl.LeaderElection (LeaderElection.java:askForVotes(323)) - 971c1615-1531-4bff-8b79-adf9a27d7f54@group-07C1DF08F428-LeaderElection25 PRE_VOTE round 0: result REJECTED
2024-01-30 07:48:41,115 [971c1615-1531-4bff-8b79-adf9a27d7f54@group-07C1DF08F428-LeaderElection25] INFO  server.RaftServer$Division (RaftServerImpl.java:setRole(383)) - 971c1615-1531-4bff-8b79-adf9a27d7f54@group-07C1DF08F428: changes role from CANDIDATE to FOLLOWER at term 0 for REJECTED
2024-01-30 07:48:41,115 [971c1615-1531-4bff-8b79-adf9a27d7f54@group-07C1DF08F428-LeaderElection25] INFO  impl.RoleInfo (RoleInfo.java:shutdownLeaderElection(130)) - 971c1615-1531-4bff-8b79-adf9a27d7f54: shutdown 971c1615-1531-4bff-8b79-adf9a27d7f54@group-07C1DF08F428-LeaderElection25
2024-01-30 07:48:41,115 [971c1615-1531-4bff-8b79-adf9a27d7f54@group-07C1DF08F428-LeaderElection25] INFO  impl.RoleInfo (RoleInfo.java:updateAndGet(139)) - 971c1615-1531-4bff-8b79-adf9a27d7f54: start 971c1615-1531-4bff-8b79-adf9a27d7f54@group-07C1DF08F428-FollowerState
2024-01-30 07:48:41,115 [971c1615-1531-4bff-8b79-adf9a27d7f54@group-07C1DF08F428-LeaderElection25] INFO  server.RaftServer$Division (RaftServerImpl.java:setFirstElection(574)) - 971c1615-1531-4bff-8b79-adf9a27d7f54@group-07C1DF08F428: set firstElectionSinceStartup to false for REJECTED
2024-01-30 07:48:41,129 [84e2f200-b83f-4514-9762-a3bf8832ea50@group-07C1DF08F428-FollowerState] INFO  server.RaftServerConfigKeys (ConfUtils.java:logFallback(53)) - raft.server.rpc.first-election.timeout.min = 5s (fallback to raft.server.rpc.timeout.min)
2024-01-30 07:48:41,129 [84e2f200-b83f-4514-9762-a3bf8832ea50@group-07C1DF08F428-FollowerState] INFO  server.RaftServerConfigKeys (ConfUtils.java:logFallback(53)) - raft.server.rpc.first-election.timeout.max = 5200ms (fallback to raft.server.rpc.timeout.max)
2024-01-30 07:48:41,132 [971c1615-1531-4bff-8b79-adf9a27d7f54@group-09F0C667257B-FollowerState] INFO  server.RaftServerConfigKeys (ConfUtils.java:logFallback(53)) - raft.server.rpc.first-election.timeout.min = 5s (fallback to raft.server.rpc.timeout.min)
2024-01-30 07:48:41,132 [971c1615-1531-4bff-8b79-adf9a27d7f54@group-09F0C667257B-FollowerState] INFO  server.RaftServerConfigKeys (ConfUtils.java:logFallback(53)) - raft.server.rpc.first-election.timeout.max = 5200ms (fallback to raft.server.rpc.timeout.max)
2024-01-30 07:48:41,155 [2a934876-6cad-418e-9d99-0b91c92fbe5b@group-07C1DF08F428-FollowerState] INFO  impl.FollowerState (FollowerState.java:run(143)) - 2a934876-6cad-418e-9d99-0b91c92fbe5b@group-07C1DF08F428-FollowerState: change to CANDIDATE, lastRpcElapsedTime:5094959941ns, electionTimeout:5094ms
2024-01-30 07:48:41,155 [2a934876-6cad-418e-9d99-0b91c92fbe5b@group-07C1DF08F428-FollowerState] INFO  impl.RoleInfo (RoleInfo.java:shutdownFollowerState(110)) - 2a934876-6cad-418e-9d99-0b91c92fbe5b: shutdown 2a934876-6cad-418e-9d99-0b91c92fbe5b@group-07C1DF08F428-FollowerState
2024-01-30 07:48:41,155 [2a934876-6cad-418e-9d99-0b91c92fbe5b@group-07C1DF08F428-FollowerState] INFO  server.RaftServer$Division (RaftServerImpl.java:setRole(383)) - 2a934876-6cad-418e-9d99-0b91c92fbe5b@group-07C1DF08F428: changes role from  FOLLOWER to CANDIDATE at term 0 for changeToCandidate
2024-01-30 07:48:41,155 [2a934876-6cad-418e-9d99-0b91c92fbe5b@group-07C1DF08F428-FollowerState] INFO  server.RaftServerConfigKeys (ConfUtils.java:logGet(46)) - raft.server.leaderelection.pre-vote = true (default)
2024-01-30 07:48:41,155 [2a934876-6cad-418e-9d99-0b91c92fbe5b@group-07C1DF08F428-FollowerState] INFO  impl.RoleInfo (RoleInfo.java:updateAndGet(139)) - 2a934876-6cad-418e-9d99-0b91c92fbe5b: start 2a934876-6cad-418e-9d99-0b91c92fbe5b@group-07C1DF08F428-LeaderElection26
2024-01-30 07:48:41,156 [2a934876-6cad-418e-9d99-0b91c92fbe5b@group-07C1DF08F428-LeaderElection26] INFO  impl.LeaderElection (LeaderElection.java:askForVotes(321)) - 2a934876-6cad-418e-9d99-0b91c92fbe5b@group-07C1DF08F428-LeaderElection26 PRE_VOTE round 0: submit vote requests at term 0 for -1: peers:[84e2f200-b83f-4514-9762-a3bf8832ea50|10.1.0.48:15120, 971c1615-1531-4bff-8b79-adf9a27d7f54|10.1.0.48:15129, 2a934876-6cad-418e-9d99-0b91c92fbe5b|10.1.0.48:15111]|listeners:[], old=null
2024-01-30 07:48:41,156 [2a934876-6cad-418e-9d99-0b91c92fbe5b@group-07C1DF08F428-LeaderElection26] INFO  server.RaftServerConfigKeys (ConfUtils.java:logFallback(53)) - raft.server.rpc.first-election.timeout.min = 5s (fallback to raft.server.rpc.timeout.min)
2024-01-30 07:48:41,156 [2a934876-6cad-418e-9d99-0b91c92fbe5b@group-07C1DF08F428-LeaderElection26] INFO  server.RaftServerConfigKeys (ConfUtils.java:logFallback(53)) - raft.server.rpc.first-election.timeout.max = 5200ms (fallback to raft.server.rpc.timeout.max)
2024-01-30 07:48:41,157 [grpc-default-executor-2] INFO  server.RaftServer$Division (RaftServerImpl.java:requestVote(1389)) - 84e2f200-b83f-4514-9762-a3bf8832ea50@group-07C1DF08F428: receive requestVote(PRE_VOTE, 2a934876-6cad-418e-9d99-0b91c92fbe5b, group-07C1DF08F428, 0, (t:0, i:0))
2024-01-30 07:48:41,157 [grpc-default-executor-2] INFO  impl.VoteContext (VoteContext.java:log(49)) - 84e2f200-b83f-4514-9762-a3bf8832ea50@group-07C1DF08F428-FOLLOWER: accept PRE_VOTE from 2a934876-6cad-418e-9d99-0b91c92fbe5b: our priority 0 <= candidate's priority 1
2024-01-30 07:48:41,157 [grpc-default-executor-2] INFO  server.RaftServer$Division (RaftServerImpl.java:requestVote(1422)) - 84e2f200-b83f-4514-9762-a3bf8832ea50@group-07C1DF08F428 replies to PRE_VOTE vote request: 2a934876-6cad-418e-9d99-0b91c92fbe5b<-84e2f200-b83f-4514-9762-a3bf8832ea50#0:OK-t0. Peer's state: 84e2f200-b83f-4514-9762-a3bf8832ea50@group-07C1DF08F428:t0, leader=null, voted=, raftlog=Memoized:84e2f200-b83f-4514-9762-a3bf8832ea50@group-07C1DF08F428-SegmentedRaftLog:OPENED:c-1, conf=-1: peers:[84e2f200-b83f-4514-9762-a3bf8832ea50|10.1.0.48:15120, 971c1615-1531-4bff-8b79-adf9a27d7f54|10.1.0.48:15129, 2a934876-6cad-418e-9d99-0b91c92fbe5b|10.1.0.48:15111]|listeners:[], old=null
2024-01-30 07:48:41,157 [grpc-default-executor-5] INFO  server.RaftServer$Division (RaftServerImpl.java:requestVote(1389)) - 971c1615-1531-4bff-8b79-adf9a27d7f54@group-07C1DF08F428: receive requestVote(PRE_VOTE, 2a934876-6cad-418e-9d99-0b91c92fbe5b, group-07C1DF08F428, 0, (t:0, i:0))
2024-01-30 07:48:41,158 [grpc-default-executor-5] INFO  impl.VoteContext (VoteContext.java:log(49)) - 971c1615-1531-4bff-8b79-adf9a27d7f54@group-07C1DF08F428-FOLLOWER: accept PRE_VOTE from 2a934876-6cad-418e-9d99-0b91c92fbe5b: our priority 0 <= candidate's priority 1
2024-01-30 07:48:41,158 [grpc-default-executor-5] INFO  server.RaftServer$Division (RaftServerImpl.java:requestVote(1422)) - 971c1615-1531-4bff-8b79-adf9a27d7f54@group-07C1DF08F428 replies to PRE_VOTE vote request: 2a934876-6cad-418e-9d99-0b91c92fbe5b<-971c1615-1531-4bff-8b79-adf9a27d7f54#0:OK-t0. Peer's state: 971c1615-1531-4bff-8b79-adf9a27d7f54@group-07C1DF08F428:t0, leader=null, voted=, raftlog=Memoized:971c1615-1531-4bff-8b79-adf9a27d7f54@group-07C1DF08F428-SegmentedRaftLog:OPENED:c-1, conf=-1: peers:[84e2f200-b83f-4514-9762-a3bf8832ea50|10.1.0.48:15120, 971c1615-1531-4bff-8b79-adf9a27d7f54|10.1.0.48:15129, 2a934876-6cad-418e-9d99-0b91c92fbe5b|10.1.0.48:15111]|listeners:[], old=null
2024-01-30 07:48:41,159 [2a934876-6cad-418e-9d99-0b91c92fbe5b@group-07C1DF08F428-LeaderElection26] INFO  impl.LeaderElection (LeaderElection.java:logAndReturn(89)) - 2a934876-6cad-418e-9d99-0b91c92fbe5b@group-07C1DF08F428-LeaderElection26: PRE_VOTE PASSED received 1 response(s) and 0 exception(s):
2024-01-30 07:48:41,159 [2a934876-6cad-418e-9d99-0b91c92fbe5b@group-07C1DF08F428-LeaderElection26] INFO  impl.LeaderElection (LeaderElection.java:logAndReturn(93)) -   Response 0: 2a934876-6cad-418e-9d99-0b91c92fbe5b<-84e2f200-b83f-4514-9762-a3bf8832ea50#0:OK-t0
2024-01-30 07:48:41,159 [2a934876-6cad-418e-9d99-0b91c92fbe5b@group-07C1DF08F428-LeaderElection26] INFO  impl.LeaderElection (LeaderElection.java:askForVotes(323)) - 2a934876-6cad-418e-9d99-0b91c92fbe5b@group-07C1DF08F428-LeaderElection26 PRE_VOTE round 0: result PASSED
2024-01-30 07:48:41,161 [2a934876-6cad-418e-9d99-0b91c92fbe5b@group-07C1DF08F428-LeaderElection26] INFO  impl.LeaderElection (LeaderElection.java:askForVotes(321)) - 2a934876-6cad-418e-9d99-0b91c92fbe5b@group-07C1DF08F428-LeaderElection26 ELECTION round 0: submit vote requests at term 1 for -1: peers:[84e2f200-b83f-4514-9762-a3bf8832ea50|10.1.0.48:15120, 971c1615-1531-4bff-8b79-adf9a27d7f54|10.1.0.48:15129, 2a934876-6cad-418e-9d99-0b91c92fbe5b|10.1.0.48:15111]|listeners:[], old=null
2024-01-30 07:48:41,161 [2a934876-6cad-418e-9d99-0b91c92fbe5b@group-07C1DF08F428-LeaderElection26] INFO  server.RaftServerConfigKeys (ConfUtils.java:logFallback(53)) - raft.server.rpc.first-election.timeout.min = 5s (fallback to raft.server.rpc.timeout.min)
2024-01-30 07:48:41,161 [2a934876-6cad-418e-9d99-0b91c92fbe5b@group-07C1DF08F428-LeaderElection26] INFO  server.RaftServerConfigKeys (ConfUtils.java:logFallback(53)) - raft.server.rpc.first-election.timeout.max = 5200ms (fallback to raft.server.rpc.timeout.max)
2024-01-30 07:48:41,162 [grpc-default-executor-5] INFO  server.RaftServer$Division (RaftServerImpl.java:requestVote(1389)) - 84e2f200-b83f-4514-9762-a3bf8832ea50@group-07C1DF08F428: receive requestVote(ELECTION, 2a934876-6cad-418e-9d99-0b91c92fbe5b, group-07C1DF08F428, 1, (t:0, i:0))
2024-01-30 07:48:41,162 [grpc-default-executor-5] INFO  impl.VoteContext (VoteContext.java:log(49)) - 84e2f200-b83f-4514-9762-a3bf8832ea50@group-07C1DF08F428-FOLLOWER: accept ELECTION from 2a934876-6cad-418e-9d99-0b91c92fbe5b: our priority 0 <= candidate's priority 1
2024-01-30 07:48:41,162 [grpc-default-executor-5] INFO  server.RaftServer$Division (RaftServerImpl.java:setRole(383)) - 84e2f200-b83f-4514-9762-a3bf8832ea50@group-07C1DF08F428: changes role from  FOLLOWER to FOLLOWER at term 1 for candidate:2a934876-6cad-418e-9d99-0b91c92fbe5b
2024-01-30 07:48:41,162 [grpc-default-executor-5] INFO  impl.RoleInfo (RoleInfo.java:shutdownFollowerState(110)) - 84e2f200-b83f-4514-9762-a3bf8832ea50: shutdown 84e2f200-b83f-4514-9762-a3bf8832ea50@group-07C1DF08F428-FollowerState
2024-01-30 07:48:41,162 [grpc-default-executor-5] INFO  impl.RoleInfo (RoleInfo.java:updateAndGet(139)) - 84e2f200-b83f-4514-9762-a3bf8832ea50: start 84e2f200-b83f-4514-9762-a3bf8832ea50@group-07C1DF08F428-FollowerState
2024-01-30 07:48:41,162 [grpc-default-executor-2] INFO  server.RaftServer$Division (RaftServerImpl.java:requestVote(1389)) - 971c1615-1531-4bff-8b79-adf9a27d7f54@group-07C1DF08F428: receive requestVote(ELECTION, 2a934876-6cad-418e-9d99-0b91c92fbe5b, group-07C1DF08F428, 1, (t:0, i:0))
2024-01-30 07:48:41,162 [84e2f200-b83f-4514-9762-a3bf8832ea50@group-07C1DF08F428-FollowerState] INFO  impl.FollowerState (FollowerState.java:run(152)) - 84e2f200-b83f-4514-9762-a3bf8832ea50@group-07C1DF08F428-FollowerState was interrupted
2024-01-30 07:48:41,162 [grpc-default-executor-2] INFO  impl.VoteContext (VoteContext.java:log(49)) - 971c1615-1531-4bff-8b79-adf9a27d7f54@group-07C1DF08F428-FOLLOWER: accept ELECTION from 2a934876-6cad-418e-9d99-0b91c92fbe5b: our priority 0 <= candidate's priority 1
2024-01-30 07:48:41,162 [grpc-default-executor-5] INFO  server.RaftServer$Division (RaftServerImpl.java:setFirstElection(574)) - 84e2f200-b83f-4514-9762-a3bf8832ea50@group-07C1DF08F428: set firstElectionSinceStartup to false for candidate:2a934876-6cad-418e-9d99-0b91c92fbe5b
2024-01-30 07:48:41,163 [grpc-default-executor-2] INFO  server.RaftServer$Division (RaftServerImpl.java:setRole(383)) - 971c1615-1531-4bff-8b79-adf9a27d7f54@group-07C1DF08F428: changes role from  FOLLOWER to FOLLOWER at term 1 for candidate:2a934876-6cad-418e-9d99-0b91c92fbe5b
2024-01-30 07:48:41,163 [grpc-default-executor-2] INFO  impl.RoleInfo (RoleInfo.java:shutdownFollowerState(110)) - 971c1615-1531-4bff-8b79-adf9a27d7f54: shutdown 971c1615-1531-4bff-8b79-adf9a27d7f54@group-07C1DF08F428-FollowerState
2024-01-30 07:48:41,163 [grpc-default-executor-2] INFO  impl.RoleInfo (RoleInfo.java:updateAndGet(139)) - 971c1615-1531-4bff-8b79-adf9a27d7f54: start 971c1615-1531-4bff-8b79-adf9a27d7f54@group-07C1DF08F428-FollowerState
2024-01-30 07:48:41,164 [971c1615-1531-4bff-8b79-adf9a27d7f54@group-07C1DF08F428-FollowerState] INFO  impl.FollowerState (FollowerState.java:run(152)) - 971c1615-1531-4bff-8b79-adf9a27d7f54@group-07C1DF08F428-FollowerState was interrupted
2024-01-30 07:48:41,164 [grpc-default-executor-2] INFO  server.RaftServer$Division (RaftServerImpl.java:requestVote(1422)) - 971c1615-1531-4bff-8b79-adf9a27d7f54@group-07C1DF08F428 replies to ELECTION vote request: 2a934876-6cad-418e-9d99-0b91c92fbe5b<-971c1615-1531-4bff-8b79-adf9a27d7f54#0:OK-t1. Peer's state: 971c1615-1531-4bff-8b79-adf9a27d7f54@group-07C1DF08F428:t1, leader=null, voted=2a934876-6cad-418e-9d99-0b91c92fbe5b, raftlog=Memoized:971c1615-1531-4bff-8b79-adf9a27d7f54@group-07C1DF08F428-SegmentedRaftLog:OPENED:c-1, conf=-1: peers:[84e2f200-b83f-4514-9762-a3bf8832ea50|10.1.0.48:15120, 971c1615-1531-4bff-8b79-adf9a27d7f54|10.1.0.48:15129, 2a934876-6cad-418e-9d99-0b91c92fbe5b|10.1.0.48:15111]|listeners:[], old=null
2024-01-30 07:48:41,165 [grpc-default-executor-5] INFO  server.RaftServer$Division (RaftServerImpl.java:requestVote(1422)) - 84e2f200-b83f-4514-9762-a3bf8832ea50@group-07C1DF08F428 replies to ELECTION vote request: 2a934876-6cad-418e-9d99-0b91c92fbe5b<-84e2f200-b83f-4514-9762-a3bf8832ea50#0:OK-t1. Peer's state: 84e2f200-b83f-4514-9762-a3bf8832ea50@group-07C1DF08F428:t1, leader=null, voted=2a934876-6cad-418e-9d99-0b91c92fbe5b, raftlog=Memoized:84e2f200-b83f-4514-9762-a3bf8832ea50@group-07C1DF08F428-SegmentedRaftLog:OPENED:c-1, conf=-1: peers:[84e2f200-b83f-4514-9762-a3bf8832ea50|10.1.0.48:15120, 971c1615-1531-4bff-8b79-adf9a27d7f54|10.1.0.48:15129, 2a934876-6cad-418e-9d99-0b91c92fbe5b|10.1.0.48:15111]|listeners:[], old=null
2024-01-30 07:48:41,165 [2a934876-6cad-418e-9d99-0b91c92fbe5b@group-07C1DF08F428-LeaderElection26] INFO  impl.LeaderElection (LeaderElection.java:logAndReturn(89)) - 2a934876-6cad-418e-9d99-0b91c92fbe5b@group-07C1DF08F428-LeaderElection26: ELECTION PASSED received 1 response(s) and 0 exception(s):
2024-01-30 07:48:41,165 [2a934876-6cad-418e-9d99-0b91c92fbe5b@group-07C1DF08F428-LeaderElection26] INFO  impl.LeaderElection (LeaderElection.java:logAndReturn(93)) -   Response 0: 2a934876-6cad-418e-9d99-0b91c92fbe5b<-84e2f200-b83f-4514-9762-a3bf8832ea50#0:OK-t1
2024-01-30 07:48:41,165 [2a934876-6cad-418e-9d99-0b91c92fbe5b@group-07C1DF08F428-LeaderElection26] INFO  impl.LeaderElection (LeaderElection.java:askForVotes(323)) - 2a934876-6cad-418e-9d99-0b91c92fbe5b@group-07C1DF08F428-LeaderElection26 ELECTION round 0: result PASSED
2024-01-30 07:48:41,165 [2a934876-6cad-418e-9d99-0b91c92fbe5b@group-07C1DF08F428-LeaderElection26] INFO  impl.RoleInfo (RoleInfo.java:shutdownLeaderElection(130)) - 2a934876-6cad-418e-9d99-0b91c92fbe5b: shutdown 2a934876-6cad-418e-9d99-0b91c92fbe5b@group-07C1DF08F428-LeaderElection26
2024-01-30 07:48:41,165 [2a934876-6cad-418e-9d99-0b91c92fbe5b@group-07C1DF08F428-LeaderElection26] INFO  server.RaftServer$Division (RaftServerImpl.java:setRole(383)) - 2a934876-6cad-418e-9d99-0b91c92fbe5b@group-07C1DF08F428: changes role from CANDIDATE to LEADER at term 1 for changeToLeader
2024-01-30 07:48:41,165 [2a934876-6cad-418e-9d99-0b91c92fbe5b@group-07C1DF08F428-LeaderElection26] INFO  server.RaftServerConfigKeys (ConfUtils.java:logGet(46)) - raft.server.staging.catchup.gap = 1000 (default)
2024-01-30 07:48:41,166 [2a934876-6cad-418e-9d99-0b91c92fbe5b@group-07C1DF08F428-LeaderElection26] INFO  server.RaftServerConfigKeys (ConfUtils.java:logGet(46)) - raft.server.write.element-limit = 1024 (custom)
2024-01-30 07:48:41,166 [2a934876-6cad-418e-9d99-0b91c92fbe5b@group-07C1DF08F428-LeaderElection26] INFO  server.RaftServerConfigKeys (ConfUtils.java:logGet(46)) - raft.server.write.byte-limit = 1024 M (=1073741824) (custom)
2024-01-30 07:48:41,166 [2a934876-6cad-418e-9d99-0b91c92fbe5b@group-07C1DF08F428-LeaderElection26] INFO  server.RaftServerConfigKeys (ConfUtils.java:logGet(46)) - raft.server.watch.timeout = 180s (custom)
2024-01-30 07:48:41,166 [2a934876-6cad-418e-9d99-0b91c92fbe5b@group-07C1DF08F428-LeaderElection26] INFO  server.RaftServerConfigKeys (ConfUtils.java:logGet(46)) - raft.server.watch.timeout.denomination = 1s (default)
2024-01-30 07:48:41,166 [2a934876-6cad-418e-9d99-0b91c92fbe5b@group-07C1DF08F428-LeaderElection26] INFO  server.RaftServerConfigKeys (ConfUtils.java:logGet(46)) - raft.server.watch.element-limit = 65536 (default)
2024-01-30 07:48:41,166 [2a934876-6cad-418e-9d99-0b91c92fbe5b@group-07C1DF08F428-LeaderElection26] INFO  server.RaftServerConfigKeys (ConfUtils.java:logGet(46)) - raft.server.read.leader.lease.enabled = false (default)
2024-01-30 07:48:41,166 [2a934876-6cad-418e-9d99-0b91c92fbe5b@group-07C1DF08F428-LeaderElection26] INFO  server.RaftServerConfigKeys (ConfUtils.java:logGet(46)) - raft.server.read.leader.lease.timeout.ratio = 0.9 (default)
2024-01-30 07:48:41,166 [2a934876-6cad-418e-9d99-0b91c92fbe5b@group-07C1DF08F428-LeaderElection26] INFO  server.RaftServerConfigKeys (ConfUtils.java:logGet(46)) - raft.server.rpc.timeout.min = 5s (custom)
2024-01-30 07:48:41,167 [2a934876-6cad-418e-9d99-0b91c92fbe5b@group-07C1DF08F428-LeaderElection26] INFO  server.RaftServerConfigKeys (ConfUtils.java:logGet(46)) - raft.server.write.element-limit = 1024 (custom)
2024-01-30 07:48:41,167 [2a934876-6cad-418e-9d99-0b91c92fbe5b@group-07C1DF08F428-LeaderElection26] INFO  server.RaftServerConfigKeys (ConfUtils.java:logGet(46)) - raft.server.write.follower.gap.ratio.max = -1.0 (default)
2024-01-30 07:48:41,167 [2a934876-6cad-418e-9d99-0b91c92fbe5b@group-07C1DF08F428-LeaderElection26] INFO  server.RaftServerConfigKeys (ConfUtils.java:logGet(46)) - raft.server.log.appender.snapshot.chunk.size.max = 16MB (=16777216) (default)
2024-01-30 07:48:41,167 [2a934876-6cad-418e-9d99-0b91c92fbe5b@group-07C1DF08F428-LeaderElection26] INFO  server.RaftServerConfigKeys (ConfUtils.java:logGet(46)) - raft.server.log.appender.buffer.byte-limit = 8388608 (custom)
2024-01-30 07:48:41,167 [2a934876-6cad-418e-9d99-0b91c92fbe5b@group-07C1DF08F428-LeaderElection26] INFO  server.RaftServerConfigKeys (ConfUtils.java:logGet(46)) - raft.server.log.appender.buffer.element-limit = 1 (custom)
2024-01-30 07:48:41,167 [2a934876-6cad-418e-9d99-0b91c92fbe5b@group-07C1DF08F428-LeaderElection26] INFO  server.RaftServerConfigKeys (ConfUtils.java:logGet(46)) - raft.server.log.appender.wait-time.min = 0μs (custom)
2024-01-30 07:48:41,167 [2a934876-6cad-418e-9d99-0b91c92fbe5b@group-07C1DF08F428-LeaderElection26] INFO  grpc.GrpcConfigKeys (ConfUtils.java:logGet(46)) - raft.grpc.server.leader.outstanding.appends.max = 8 (default)
2024-01-30 07:48:41,167 [2a934876-6cad-418e-9d99-0b91c92fbe5b@group-07C1DF08F428-LeaderElection26] INFO  server.RaftServerConfigKeys (ConfUtils.java:logGet(46)) - raft.server.rpc.request.timeout = 60s (custom)
2024-01-30 07:48:41,167 [2a934876-6cad-418e-9d99-0b91c92fbe5b@group-07C1DF08F428-LeaderElection26] INFO  grpc.GrpcConfigKeys (ConfUtils.java:logGet(46)) - raft.grpc.server.install_snapshot.request.element-limit = 8 (default)
2024-01-30 07:48:41,168 [2a934876-6cad-418e-9d99-0b91c92fbe5b@group-07C1DF08F428-LeaderElection26] INFO  grpc.GrpcConfigKeys (ConfUtils.java:logGet(46)) - raft.grpc.server.install_snapshot.request.timeout = 3000ms (default)
2024-01-30 07:48:41,168 [2a934876-6cad-418e-9d99-0b91c92fbe5b@group-07C1DF08F428-LeaderElection26] INFO  grpc.GrpcConfigKeys (ConfUtils.java:logGet(46)) - raft.grpc.server.log-message.batch.duration = 5s (default)
2024-01-30 07:48:41,168 [2a934876-6cad-418e-9d99-0b91c92fbe5b@group-07C1DF08F428-LeaderElection26] INFO  server.RaftServerConfigKeys (ConfUtils.java:logGet(46)) - raft.server.log.appender.install.snapshot.enabled = false (custom)
2024-01-30 07:48:41,168 [2a934876-6cad-418e-9d99-0b91c92fbe5b@group-07C1DF08F428-LeaderElection26] INFO  grpc.GrpcConfigKeys (ConfUtils.java:logGet(46)) - raft.grpc.server.heartbeat.channel = true (default)
2024-01-30 07:48:41,168 [2a934876-6cad-418e-9d99-0b91c92fbe5b@group-07C1DF08F428-LeaderElection26] INFO  server.RaftServerConfigKeys (ConfUtils.java:logGet(46)) - raft.server.log.appender.snapshot.chunk.size.max = 16MB (=16777216) (default)
2024-01-30 07:48:41,168 [2a934876-6cad-418e-9d99-0b91c92fbe5b@group-07C1DF08F428-LeaderElection26] INFO  server.RaftServerConfigKeys (ConfUtils.java:logGet(46)) - raft.server.log.appender.buffer.byte-limit = 8388608 (custom)
2024-01-30 07:48:41,168 [2a934876-6cad-418e-9d99-0b91c92fbe5b@group-07C1DF08F428-LeaderElection26] INFO  server.RaftServerConfigKeys (ConfUtils.java:logGet(46)) - raft.server.log.appender.buffer.element-limit = 1 (custom)
2024-01-30 07:48:41,168 [2a934876-6cad-418e-9d99-0b91c92fbe5b@group-07C1DF08F428-LeaderElection26] INFO  server.RaftServerConfigKeys (ConfUtils.java:logGet(46)) - raft.server.log.appender.wait-time.min = 0μs (custom)
2024-01-30 07:48:41,168 [2a934876-6cad-418e-9d99-0b91c92fbe5b@group-07C1DF08F428-LeaderElection26] INFO  grpc.GrpcConfigKeys (ConfUtils.java:logGet(46)) - raft.grpc.server.leader.outstanding.appends.max = 8 (default)
2024-01-30 07:48:41,168 [2a934876-6cad-418e-9d99-0b91c92fbe5b@group-07C1DF08F428-LeaderElection26] INFO  server.RaftServerConfigKeys (ConfUtils.java:logGet(46)) - raft.server.rpc.request.timeout = 60s (custom)
2024-01-30 07:48:41,168 [2a934876-6cad-418e-9d99-0b91c92fbe5b@group-07C1DF08F428-LeaderElection26] INFO  grpc.GrpcConfigKeys (ConfUtils.java:logGet(46)) - raft.grpc.server.install_snapshot.request.element-limit = 8 (default)
2024-01-30 07:48:41,169 [2a934876-6cad-418e-9d99-0b91c92fbe5b@group-07C1DF08F428-LeaderElection26] INFO  grpc.GrpcConfigKeys (ConfUtils.java:logGet(46)) - raft.grpc.server.install_snapshot.request.timeout = 3000ms (default)
2024-01-30 07:48:41,169 [2a934876-6cad-418e-9d99-0b91c92fbe5b@group-07C1DF08F428-LeaderElection26] INFO  grpc.GrpcConfigKeys (ConfUtils.java:logGet(46)) - raft.grpc.server.log-message.batch.duration = 5s (default)
2024-01-30 07:48:41,169 [2a934876-6cad-418e-9d99-0b91c92fbe5b@group-07C1DF08F428-LeaderElection26] INFO  server.RaftServerConfigKeys (ConfUtils.java:logGet(46)) - raft.server.log.appender.install.snapshot.enabled = false (custom)
2024-01-30 07:48:41,169 [2a934876-6cad-418e-9d99-0b91c92fbe5b@group-07C1DF08F428-LeaderElection26] INFO  grpc.GrpcConfigKeys (ConfUtils.java:logGet(46)) - raft.grpc.server.heartbeat.channel = true (default)
2024-01-30 07:48:41,169 [2a934876-6cad-418e-9d99-0b91c92fbe5b@group-07C1DF08F428-LeaderElection26] INFO  impl.RoleInfo (RoleInfo.java:updateAndGet(139)) - 2a934876-6cad-418e-9d99-0b91c92fbe5b: start 2a934876-6cad-418e-9d99-0b91c92fbe5b@group-07C1DF08F428-LeaderStateImpl
2024-01-30 07:48:41,169 [2a934876-6cad-418e-9d99-0b91c92fbe5b@group-07C1DF08F428-LeaderElection26] INFO  server.RaftServer$Division (RaftServerImpl.java:setFirstElection(574)) - 2a934876-6cad-418e-9d99-0b91c92fbe5b@group-07C1DF08F428: set firstElectionSinceStartup to false for becomeLeader
2024-01-30 07:48:41,169 [2a934876-6cad-418e-9d99-0b91c92fbe5b@group-07C1DF08F428-LeaderElection26] INFO  ratis.XceiverServerRatis (XceiverServerRatis.java:handleLeaderChangedNotification(966)) - Leader change notification received for group: group-07C1DF08F428 with new leaderId: 2a934876-6cad-418e-9d99-0b91c92fbe5b
2024-01-30 07:48:41,169 [2a934876-6cad-418e-9d99-0b91c92fbe5b@group-07C1DF08F428-LeaderElection26] INFO  server.RaftServer$Division (ServerState.java:setLeader(269)) - 2a934876-6cad-418e-9d99-0b91c92fbe5b@group-07C1DF08F428: change Leader from null to 2a934876-6cad-418e-9d99-0b91c92fbe5b at term 1 for becomeLeader, leader elected after 5118ms
2024-01-30 07:48:41,169 [2a934876-6cad-418e-9d99-0b91c92fbe5b@group-07C1DF08F428-LeaderElection26] INFO  segmented.SegmentedRaftLogWorker (SegmentedRaftLogWorker.java:startLogSegment(430)) - 2a934876-6cad-418e-9d99-0b91c92fbe5b@group-07C1DF08F428-SegmentedRaftLogWorker: Starting segment from index:0
2024-01-30 07:48:41,170 [2a934876-6cad-418e-9d99-0b91c92fbe5b@group-07C1DF08F428-LeaderElection26] INFO  server.RaftServer$Division (ServerState.java:setRaftConf(386)) - 2a934876-6cad-418e-9d99-0b91c92fbe5b@group-07C1DF08F428: set configuration 0: peers:[84e2f200-b83f-4514-9762-a3bf8832ea50|10.1.0.48:15120, 971c1615-1531-4bff-8b79-adf9a27d7f54|10.1.0.48:15129, 2a934876-6cad-418e-9d99-0b91c92fbe5b|10.1.0.48:15111]|listeners:[], old=null
2024-01-30 07:48:41,170 [2a934876-6cad-418e-9d99-0b91c92fbe5b@group-07C1DF08F428-SegmentedRaftLogWorker] INFO  segmented.BufferedWriteChannel (BufferedWriteChannel.java:open(62)) - open log_inprogress_0 at position 0
2024-01-30 07:48:41,175 [EventQueue-PipelineReportForPipelineReportHandler] INFO  pipeline.PipelineReportHandler (PipelineReportHandler.java:processPipelineReport(136)) - Opened pipeline PipelineID=cc4d22f2-9f3e-4340-9ad7-07c1df08f428
2024-01-30 07:48:41,177 [EventQueue-OpenPipelineForHealthyPipelineSafeModeRule] INFO  safemode.SCMSafeModeManager (HealthyPipelineSafeModeRule.java:process(140)) - SCM in safe mode. Healthy pipelines reported count is 1, required healthy pipeline reported count is 1
2024-01-30 07:48:41,177 [EventQueue-OpenPipelineForHealthyPipelineSafeModeRule] INFO  safemode.SCMSafeModeManager (SCMSafeModeManager.java:validateSafeModeExitRules(200)) - HealthyPipelineSafeModeRule rule is successfully validated
2024-01-30 07:48:41,177 [EventQueue-OpenPipelineForHealthyPipelineSafeModeRule] INFO  safemode.SCMSafeModeManager (SCMSafeModeManager.java:validateSafeModeExitRules(215)) - ScmSafeModeManager, all rules are successfully validated
2024-01-30 07:48:41,177 [EventQueue-OpenPipelineForHealthyPipelineSafeModeRule] INFO  safemode.SCMSafeModeManager (SCMSafeModeManager.java:exitSafeMode(244)) - SCM exiting safe mode.
2024-01-30 07:48:41,178 [EventQueue-OpenPipelineForHealthyPipelineSafeModeRule] INFO  ha.SCMContext (SCMContext.java:updateSafeModeStatus(230)) - Update SafeModeStatus from SafeModeStatus{safeModeStatus=true, preCheckPassed=true} to SafeModeStatus{safeModeStatus=false, preCheckPassed=true}.
2024-01-30 07:48:41,178 [EventQueue-OpenPipelineForHealthyPipelineSafeModeRule] INFO  pipeline.BackgroundPipelineCreator (BackgroundPipelineCreator.java:notifyStatusChanged(258)) - Service BackgroundPipelineCreator transitions to RUNNING.
2024-01-30 07:48:41,179 [EventQueue-OpenPipelineForHealthyPipelineSafeModeRule] INFO  BackgroundPipelineScrubber (BackgroundSCMService.java:notifyStatusChanged(82)) - Service BackgroundPipelineScrubber transitions to RUNNING.
2024-01-30 07:48:41,179 [EventQueue-OpenPipelineForHealthyPipelineSafeModeRule] INFO  ExpiredContainerReplicaOpScrubber (BackgroundSCMService.java:notifyStatusChanged(82)) - Service ExpiredContainerReplicaOpScrubber transitions to RUNNING.
2024-01-30 07:48:41,179 [EventQueue-OpenPipelineForHealthyPipelineSafeModeRule] INFO  block.SCMBlockDeletingService (SCMBlockDeletingService.java:notifyStatusChanged(247)) - notifyStatusChanged:RUNNING
2024-01-30 07:48:41,179 [EventQueue-OpenPipelineForHealthyPipelineSafeModeRule] INFO  replication.ReplicationManager (ReplicationManager.java:notifyStatusChanged(1401)) - Service ReplicationManager transitions to RUNNING.
2024-01-30 07:48:41,179 [EventQueue-OpenPipelineForHealthyPipelineSafeModeRule] WARN  balancer.ContainerBalancer (ContainerBalancer.java:shouldRun(134)) - Could not find persisted configuration for ContainerBalancer when checking if ContainerBalancer should run. ContainerBalancer should not run now.
2024-01-30 07:48:41,183 [2a934876-6cad-418e-9d99-0b91c92fbe5b@group-07C1DF08F428-SegmentedRaftLogWorker] INFO  segmented.SegmentedRaftLogWorker (SegmentedRaftLogWorker.java:execute(634)) - 2a934876-6cad-418e-9d99-0b91c92fbe5b@group-07C1DF08F428-SegmentedRaftLogWorker: created new log segment /home/runner/work/ozone/ozone/hadoop-ozone/integration-test/target/test-dir/MiniOzoneClusterImpl-22134a4f-1b78-467c-b266-ccfd401dbc1a/datanode-0/data/ratis/cc4d22f2-9f3e-4340-9ad7-07c1df08f428/current/log_inprogress_0
2024-01-30 07:48:41,185 [971c1615-1531-4bff-8b79-adf9a27d7f54-server-thread1] INFO  ratis.XceiverServerRatis (XceiverServerRatis.java:handleLeaderChangedNotification(966)) - Leader change notification received for group: group-07C1DF08F428 with new leaderId: 2a934876-6cad-418e-9d99-0b91c92fbe5b
2024-01-30 07:48:41,185 [971c1615-1531-4bff-8b79-adf9a27d7f54-server-thread1] INFO  server.RaftServer$Division (ServerState.java:setLeader(269)) - 971c1615-1531-4bff-8b79-adf9a27d7f54@group-07C1DF08F428: change Leader from null to 2a934876-6cad-418e-9d99-0b91c92fbe5b at term 1 for appendEntries, leader elected after 5117ms
2024-01-30 07:48:41,185 [84e2f200-b83f-4514-9762-a3bf8832ea50-server-thread2] INFO  ratis.XceiverServerRatis (XceiverServerRatis.java:handleLeaderChangedNotification(966)) - Leader change notification received for group: group-07C1DF08F428 with new leaderId: 2a934876-6cad-418e-9d99-0b91c92fbe5b
2024-01-30 07:48:41,186 [84e2f200-b83f-4514-9762-a3bf8832ea50-server-thread2] INFO  server.RaftServer$Division (ServerState.java:setLeader(269)) - 84e2f200-b83f-4514-9762-a3bf8832ea50@group-07C1DF08F428: change Leader from null to 2a934876-6cad-418e-9d99-0b91c92fbe5b at term 1 for appendEntries, leader elected after 5097ms
2024-01-30 07:48:41,186 [971c1615-1531-4bff-8b79-adf9a27d7f54-server-thread2] INFO  server.RaftServer$Division (ServerState.java:setRaftConf(386)) - 971c1615-1531-4bff-8b79-adf9a27d7f54@group-07C1DF08F428: set configuration 0: peers:[84e2f200-b83f-4514-9762-a3bf8832ea50|10.1.0.48:15120, 971c1615-1531-4bff-8b79-adf9a27d7f54|10.1.0.48:15129, 2a934876-6cad-418e-9d99-0b91c92fbe5b|10.1.0.48:15111]|listeners:[], old=null
2024-01-30 07:48:41,187 [84e2f200-b83f-4514-9762-a3bf8832ea50-server-thread2] INFO  server.RaftServer$Division (ServerState.java:setRaftConf(386)) - 84e2f200-b83f-4514-9762-a3bf8832ea50@group-07C1DF08F428: set configuration 0: peers:[84e2f200-b83f-4514-9762-a3bf8832ea50|10.1.0.48:15120, 971c1615-1531-4bff-8b79-adf9a27d7f54|10.1.0.48:15129, 2a934876-6cad-418e-9d99-0b91c92fbe5b|10.1.0.48:15111]|listeners:[], old=null
2024-01-30 07:48:41,188 [84e2f200-b83f-4514-9762-a3bf8832ea50-server-thread2] INFO  segmented.SegmentedRaftLogWorker (SegmentedRaftLogWorker.java:startLogSegment(430)) - 84e2f200-b83f-4514-9762-a3bf8832ea50@group-07C1DF08F428-SegmentedRaftLogWorker: Starting segment from index:0
2024-01-30 07:48:41,188 [971c1615-1531-4bff-8b79-adf9a27d7f54-server-thread2] INFO  segmented.SegmentedRaftLogWorker (SegmentedRaftLogWorker.java:startLogSegment(430)) - 971c1615-1531-4bff-8b79-adf9a27d7f54@group-07C1DF08F428-SegmentedRaftLogWorker: Starting segment from index:0
2024-01-30 07:48:41,189 [971c1615-1531-4bff-8b79-adf9a27d7f54@group-07C1DF08F428-SegmentedRaftLogWorker] INFO  segmented.BufferedWriteChannel (BufferedWriteChannel.java:open(62)) - open log_inprogress_0 at position 0
2024-01-30 07:48:41,191 [84e2f200-b83f-4514-9762-a3bf8832ea50@group-07C1DF08F428-SegmentedRaftLogWorker] INFO  segmented.BufferedWriteChannel (BufferedWriteChannel.java:open(62)) - open log_inprogress_0 at position 0
2024-01-30 07:48:41,200 [84e2f200-b83f-4514-9762-a3bf8832ea50@group-09F0C667257B-FollowerState] INFO  impl.FollowerState (FollowerState.java:run(143)) - 84e2f200-b83f-4514-9762-a3bf8832ea50@group-09F0C667257B-FollowerState: change to CANDIDATE, lastRpcElapsedTime:5158263523ns, electionTimeout:5157ms
2024-01-30 07:48:41,200 [84e2f200-b83f-4514-9762-a3bf8832ea50@group-09F0C667257B-FollowerState] INFO  impl.RoleInfo (RoleInfo.java:shutdownFollowerState(110)) - 84e2f200-b83f-4514-9762-a3bf8832ea50: shutdown 84e2f200-b83f-4514-9762-a3bf8832ea50@group-09F0C667257B-FollowerState
2024-01-30 07:48:41,200 [84e2f200-b83f-4514-9762-a3bf8832ea50@group-09F0C667257B-FollowerState] INFO  server.RaftServer$Division (RaftServerImpl.java:setRole(383)) - 84e2f200-b83f-4514-9762-a3bf8832ea50@group-09F0C667257B: changes role from  FOLLOWER to CANDIDATE at term 0 for changeToCandidate
2024-01-30 07:48:41,200 [84e2f200-b83f-4514-9762-a3bf8832ea50@group-09F0C667257B-FollowerState] INFO  server.RaftServerConfigKeys (ConfUtils.java:logGet(46)) - raft.server.leaderelection.pre-vote = true (default)
2024-01-30 07:48:41,200 [84e2f200-b83f-4514-9762-a3bf8832ea50@group-09F0C667257B-FollowerState] INFO  impl.RoleInfo (RoleInfo.java:updateAndGet(139)) - 84e2f200-b83f-4514-9762-a3bf8832ea50: start 84e2f200-b83f-4514-9762-a3bf8832ea50@group-09F0C667257B-LeaderElection27
2024-01-30 07:48:41,202 [971c1615-1531-4bff-8b79-adf9a27d7f54@group-07C1DF08F428-SegmentedRaftLogWorker] INFO  segmented.SegmentedRaftLogWorker (SegmentedRaftLogWorker.java:execute(634)) - 971c1615-1531-4bff-8b79-adf9a27d7f54@group-07C1DF08F428-SegmentedRaftLogWorker: created new log segment /home/runner/work/ozone/ozone/hadoop-ozone/integration-test/target/test-dir/MiniOzoneClusterImpl-22134a4f-1b78-467c-b266-ccfd401dbc1a/datanode-2/data/ratis/cc4d22f2-9f3e-4340-9ad7-07c1df08f428/current/log_inprogress_0
2024-01-30 07:48:41,202 [84e2f200-b83f-4514-9762-a3bf8832ea50@group-09F0C667257B-LeaderElection27] INFO  impl.LeaderElection (LeaderElection.java:askForVotes(321)) - 84e2f200-b83f-4514-9762-a3bf8832ea50@group-09F0C667257B-LeaderElection27 PRE_VOTE round 0: submit vote requests at term 0 for -1: peers:[84e2f200-b83f-4514-9762-a3bf8832ea50|10.1.0.48:15120, 971c1615-1531-4bff-8b79-adf9a27d7f54|10.1.0.48:15129, 2a934876-6cad-418e-9d99-0b91c92fbe5b|10.1.0.48:15111]|listeners:[], old=null
2024-01-30 07:48:41,202 [84e2f200-b83f-4514-9762-a3bf8832ea50@group-07C1DF08F428-SegmentedRaftLogWorker] INFO  segmented.SegmentedRaftLogWorker (SegmentedRaftLogWorker.java:execute(634)) - 84e2f200-b83f-4514-9762-a3bf8832ea50@group-07C1DF08F428-SegmentedRaftLogWorker: created new log segment /home/runner/work/ozone/ozone/hadoop-ozone/integration-test/target/test-dir/MiniOzoneClusterImpl-22134a4f-1b78-467c-b266-ccfd401dbc1a/datanode-1/data/ratis/cc4d22f2-9f3e-4340-9ad7-07c1df08f428/current/log_inprogress_0
2024-01-30 07:48:41,208 [84e2f200-b83f-4514-9762-a3bf8832ea50@group-09F0C667257B-LeaderElection27-1] INFO  server.GrpcServerProtocolClient (GrpcServerProtocolClient.java:<init>(65)) - Build channel for 971c1615-1531-4bff-8b79-adf9a27d7f54|10.1.0.48:15129
2024-01-30 07:48:41,210 [84e2f200-b83f-4514-9762-a3bf8832ea50@group-09F0C667257B-LeaderElection27] INFO  server.RaftServerConfigKeys (ConfUtils.java:logFallback(53)) - raft.server.rpc.first-election.timeout.min = 5s (fallback to raft.server.rpc.timeout.min)
2024-01-30 07:48:41,210 [84e2f200-b83f-4514-9762-a3bf8832ea50@group-09F0C667257B-LeaderElection27] INFO  server.RaftServerConfigKeys (ConfUtils.java:logFallback(53)) - raft.server.rpc.first-election.timeout.max = 5200ms (fallback to raft.server.rpc.timeout.max)
2024-01-30 07:48:41,210 [84e2f200-b83f-4514-9762-a3bf8832ea50@group-09F0C667257B-LeaderElection27-2] INFO  server.GrpcServerProtocolClient (GrpcServerProtocolClient.java:<init>(65)) - Build channel for 2a934876-6cad-418e-9d99-0b91c92fbe5b|10.1.0.48:15111
2024-01-30 07:48:41,212 [2a934876-6cad-418e-9d99-0b91c92fbe5b@group-07C1DF08F428-StateMachineUpdater] INFO  server.RaftServer$Division (LeaderStateImpl.java:isApplied(320)) - leader is ready since appliedIndex == 0 >= startIndex == 0
2024-01-30 07:48:41,214 [grpc-default-executor-7] INFO  server.RaftServer$Division (RaftServerImpl.java:requestVote(1389)) - 971c1615-1531-4bff-8b79-adf9a27d7f54@group-09F0C667257B: receive requestVote(PRE_VOTE, 84e2f200-b83f-4514-9762-a3bf8832ea50, group-09F0C667257B, 0, (t:0, i:0))
2024-01-30 07:48:41,215 [grpc-default-executor-7] INFO  impl.VoteContext (VoteContext.java:log(49)) - 971c1615-1531-4bff-8b79-adf9a27d7f54@group-09F0C667257B-FOLLOWER: accept PRE_VOTE from 84e2f200-b83f-4514-9762-a3bf8832ea50: our priority 0 <= candidate's priority 1
2024-01-30 07:48:41,215 [grpc-default-executor-7] INFO  server.RaftServer$Division (RaftServerImpl.java:requestVote(1422)) - 971c1615-1531-4bff-8b79-adf9a27d7f54@group-09F0C667257B replies to PRE_VOTE vote request: 84e2f200-b83f-4514-9762-a3bf8832ea50<-971c1615-1531-4bff-8b79-adf9a27d7f54#0:OK-t0. Peer's state: 971c1615-1531-4bff-8b79-adf9a27d7f54@group-09F0C667257B:t0, leader=null, voted=, raftlog=Memoized:971c1615-1531-4bff-8b79-adf9a27d7f54@group-09F0C667257B-SegmentedRaftLog:OPENED:c-1, conf=-1: peers:[84e2f200-b83f-4514-9762-a3bf8832ea50|10.1.0.48:15120, 971c1615-1531-4bff-8b79-adf9a27d7f54|10.1.0.48:15129, 2a934876-6cad-418e-9d99-0b91c92fbe5b|10.1.0.48:15111]|listeners:[], old=null
2024-01-30 07:48:41,216 [84e2f200-b83f-4514-9762-a3bf8832ea50@group-09F0C667257B-LeaderElection27] INFO  impl.LeaderElection (LeaderElection.java:logAndReturn(89)) - 84e2f200-b83f-4514-9762-a3bf8832ea50@group-09F0C667257B-LeaderElection27: PRE_VOTE PASSED received 1 response(s) and 0 exception(s):
2024-01-30 07:48:41,216 [84e2f200-b83f-4514-9762-a3bf8832ea50@group-09F0C667257B-LeaderElection27] INFO  impl.LeaderElection (LeaderElection.java:logAndReturn(93)) -   Response 0: 84e2f200-b83f-4514-9762-a3bf8832ea50<-971c1615-1531-4bff-8b79-adf9a27d7f54#0:OK-t0
2024-01-30 07:48:41,216 [84e2f200-b83f-4514-9762-a3bf8832ea50@group-09F0C667257B-LeaderElection27] INFO  impl.LeaderElection (LeaderElection.java:askForVotes(323)) - 84e2f200-b83f-4514-9762-a3bf8832ea50@group-09F0C667257B-LeaderElection27 PRE_VOTE round 0: result PASSED
2024-01-30 07:48:41,217 [84e2f200-b83f-4514-9762-a3bf8832ea50@group-09F0C667257B-LeaderElection27] INFO  impl.LeaderElection (LeaderElection.java:askForVotes(321)) - 84e2f200-b83f-4514-9762-a3bf8832ea50@group-09F0C667257B-LeaderElection27 ELECTION round 0: submit vote requests at term 1 for -1: peers:[84e2f200-b83f-4514-9762-a3bf8832ea50|10.1.0.48:15120, 971c1615-1531-4bff-8b79-adf9a27d7f54|10.1.0.48:15129, 2a934876-6cad-418e-9d99-0b91c92fbe5b|10.1.0.48:15111]|listeners:[], old=null
2024-01-30 07:48:41,217 [84e2f200-b83f-4514-9762-a3bf8832ea50@group-09F0C667257B-LeaderElection27] INFO  server.RaftServerConfigKeys (ConfUtils.java:logFallback(53)) - raft.server.rpc.first-election.timeout.min = 5s (fallback to raft.server.rpc.timeout.min)
2024-01-30 07:48:41,218 [84e2f200-b83f-4514-9762-a3bf8832ea50@group-09F0C667257B-LeaderElection27] INFO  server.RaftServerConfigKeys (ConfUtils.java:logFallback(53)) - raft.server.rpc.first-election.timeout.max = 5200ms (fallback to raft.server.rpc.timeout.max)
2024-01-30 07:48:41,218 [grpc-default-executor-7] INFO  server.RaftServer$Division (RaftServerImpl.java:requestVote(1389)) - 2a934876-6cad-418e-9d99-0b91c92fbe5b@group-09F0C667257B: receive requestVote(ELECTION, 84e2f200-b83f-4514-9762-a3bf8832ea50, group-09F0C667257B, 1, (t:0, i:0))
2024-01-30 07:48:41,218 [grpc-default-executor-5] INFO  server.RaftServer$Division (RaftServerImpl.java:requestVote(1389)) - 971c1615-1531-4bff-8b79-adf9a27d7f54@group-09F0C667257B: receive requestVote(ELECTION, 84e2f200-b83f-4514-9762-a3bf8832ea50, group-09F0C667257B, 1, (t:0, i:0))
2024-01-30 07:48:41,219 [grpc-default-executor-7] INFO  impl.VoteContext (VoteContext.java:log(49)) - 2a934876-6cad-418e-9d99-0b91c92fbe5b@group-09F0C667257B-FOLLOWER: accept ELECTION from 84e2f200-b83f-4514-9762-a3bf8832ea50: our priority 0 <= candidate's priority 1
2024-01-30 07:48:41,219 [grpc-default-executor-5] INFO  impl.VoteContext (VoteContext.java:log(49)) - 971c1615-1531-4bff-8b79-adf9a27d7f54@group-09F0C667257B-FOLLOWER: accept ELECTION from 84e2f200-b83f-4514-9762-a3bf8832ea50: our priority 0 <= candidate's priority 1
2024-01-30 07:48:41,219 [grpc-default-executor-5] INFO  server.RaftServer$Division (RaftServerImpl.java:setRole(383)) - 971c1615-1531-4bff-8b79-adf9a27d7f54@group-09F0C667257B: changes role from  FOLLOWER to FOLLOWER at term 1 for candidate:84e2f200-b83f-4514-9762-a3bf8832ea50
2024-01-30 07:48:41,219 [grpc-default-executor-5] INFO  impl.RoleInfo (RoleInfo.java:shutdownFollowerState(110)) - 971c1615-1531-4bff-8b79-adf9a27d7f54: shutdown 971c1615-1531-4bff-8b79-adf9a27d7f54@group-09F0C667257B-FollowerState
2024-01-30 07:48:41,219 [grpc-default-executor-5] INFO  impl.RoleInfo (RoleInfo.java:updateAndGet(139)) - 971c1615-1531-4bff-8b79-adf9a27d7f54: start 971c1615-1531-4bff-8b79-adf9a27d7f54@group-09F0C667257B-FollowerState
2024-01-30 07:48:41,219 [971c1615-1531-4bff-8b79-adf9a27d7f54@group-09F0C667257B-FollowerState] INFO  impl.FollowerState (FollowerState.java:run(152)) - 971c1615-1531-4bff-8b79-adf9a27d7f54@group-09F0C667257B-FollowerState was interrupted
2024-01-30 07:48:41,219 [grpc-default-executor-5] INFO  server.RaftServer$Division (RaftServerImpl.java:setFirstElection(574)) - 971c1615-1531-4bff-8b79-adf9a27d7f54@group-09F0C667257B: set firstElectionSinceStartup to false for candidate:84e2f200-b83f-4514-9762-a3bf8832ea50
2024-01-30 07:48:41,218 [grpc-default-executor-9] INFO  server.RaftServer$Division (RaftServerImpl.java:requestVote(1389)) - 2a934876-6cad-418e-9d99-0b91c92fbe5b@group-09F0C667257B: receive requestVote(PRE_VOTE, 84e2f200-b83f-4514-9762-a3bf8832ea50, group-09F0C667257B, 0, (t:0, i:0))
2024-01-30 07:48:41,220 [grpc-default-executor-5] INFO  server.RaftServer$Division (RaftServerImpl.java:requestVote(1422)) - 971c1615-1531-4bff-8b79-adf9a27d7f54@group-09F0C667257B replies to ELECTION vote request: 84e2f200-b83f-4514-9762-a3bf8832ea50<-971c1615-1531-4bff-8b79-adf9a27d7f54#0:OK-t1. Peer's state: 971c1615-1531-4bff-8b79-adf9a27d7f54@group-09F0C667257B:t1, leader=null, voted=84e2f200-b83f-4514-9762-a3bf8832ea50, raftlog=Memoized:971c1615-1531-4bff-8b79-adf9a27d7f54@group-09F0C667257B-SegmentedRaftLog:OPENED:c-1, conf=-1: peers:[84e2f200-b83f-4514-9762-a3bf8832ea50|10.1.0.48:15120, 971c1615-1531-4bff-8b79-adf9a27d7f54|10.1.0.48:15129, 2a934876-6cad-418e-9d99-0b91c92fbe5b|10.1.0.48:15111]|listeners:[], old=null
2024-01-30 07:48:41,219 [grpc-default-executor-7] INFO  server.RaftServer$Division (RaftServerImpl.java:setRole(383)) - 2a934876-6cad-418e-9d99-0b91c92fbe5b@group-09F0C667257B: changes role from  FOLLOWER to FOLLOWER at term 1 for candidate:84e2f200-b83f-4514-9762-a3bf8832ea50
2024-01-30 07:48:41,221 [grpc-default-executor-7] INFO  impl.RoleInfo (RoleInfo.java:shutdownFollowerState(110)) - 2a934876-6cad-418e-9d99-0b91c92fbe5b: shutdown 2a934876-6cad-418e-9d99-0b91c92fbe5b@group-09F0C667257B-FollowerState
2024-01-30 07:48:41,221 [grpc-default-executor-7] INFO  impl.RoleInfo (RoleInfo.java:updateAndGet(139)) - 2a934876-6cad-418e-9d99-0b91c92fbe5b: start 2a934876-6cad-418e-9d99-0b91c92fbe5b@group-09F0C667257B-FollowerState
2024-01-30 07:48:41,221 [2a934876-6cad-418e-9d99-0b91c92fbe5b@group-09F0C667257B-FollowerState] INFO  impl.FollowerState (FollowerState.java:run(152)) - 2a934876-6cad-418e-9d99-0b91c92fbe5b@group-09F0C667257B-FollowerState was interrupted
2024-01-30 07:48:41,222 [84e2f200-b83f-4514-9762-a3bf8832ea50@group-09F0C667257B-LeaderElection27] INFO  impl.LeaderElection (LeaderElection.java:logAndReturn(89)) - 84e2f200-b83f-4514-9762-a3bf8832ea50@group-09F0C667257B-LeaderElection27: ELECTION PASSED received 1 response(s) and 0 exception(s):
2024-01-30 07:48:41,222 [84e2f200-b83f-4514-9762-a3bf8832ea50@group-09F0C667257B-LeaderElection27] INFO  impl.LeaderElection (LeaderElection.java:logAndReturn(93)) -   Response 0: 84e2f200-b83f-4514-9762-a3bf8832ea50<-971c1615-1531-4bff-8b79-adf9a27d7f54#0:OK-t1
2024-01-30 07:48:41,222 [84e2f200-b83f-4514-9762-a3bf8832ea50@group-09F0C667257B-LeaderElection27] INFO  impl.LeaderElection (LeaderElection.java:askForVotes(323)) - 84e2f200-b83f-4514-9762-a3bf8832ea50@group-09F0C667257B-LeaderElection27 ELECTION round 0: result PASSED
2024-01-30 07:48:41,222 [84e2f200-b83f-4514-9762-a3bf8832ea50@group-09F0C667257B-LeaderElection27] INFO  impl.RoleInfo (RoleInfo.java:shutdownLeaderElection(130)) - 84e2f200-b83f-4514-9762-a3bf8832ea50: shutdown 84e2f200-b83f-4514-9762-a3bf8832ea50@group-09F0C667257B-LeaderElection27
2024-01-30 07:48:41,222 [84e2f200-b83f-4514-9762-a3bf8832ea50@group-09F0C667257B-LeaderElection27] INFO  server.RaftServer$Division (RaftServerImpl.java:setRole(383)) - 84e2f200-b83f-4514-9762-a3bf8832ea50@group-09F0C667257B: changes role from CANDIDATE to LEADER at term 1 for changeToLeader
2024-01-30 07:48:41,222 [grpc-default-executor-7] INFO  server.RaftServer$Division (RaftServerImpl.java:requestVote(1422)) - 2a934876-6cad-418e-9d99-0b91c92fbe5b@group-09F0C667257B replies to ELECTION vote request: 84e2f200-b83f-4514-9762-a3bf8832ea50<-2a934876-6cad-418e-9d99-0b91c92fbe5b#0:OK-t1. Peer's state: 2a934876-6cad-418e-9d99-0b91c92fbe5b@group-09F0C667257B:t1, leader=null, voted=84e2f200-b83f-4514-9762-a3bf8832ea50, raftlog=Memoized:2a934876-6cad-418e-9d99-0b91c92fbe5b@group-09F0C667257B-SegmentedRaftLog:OPENED:c-1, conf=-1: peers:[84e2f200-b83f-4514-9762-a3bf8832ea50|10.1.0.48:15120, 971c1615-1531-4bff-8b79-adf9a27d7f54|10.1.0.48:15129, 2a934876-6cad-418e-9d99-0b91c92fbe5b|10.1.0.48:15111]|listeners:[], old=null
2024-01-30 07:48:41,222 [84e2f200-b83f-4514-9762-a3bf8832ea50@group-09F0C667257B-LeaderElection27] INFO  server.RaftServerConfigKeys (ConfUtils.java:logGet(46)) - raft.server.staging.catchup.gap = 1000 (default)
2024-01-30 07:48:41,222 [grpc-default-executor-9] INFO  impl.VoteContext (VoteContext.java:log(49)) - 2a934876-6cad-418e-9d99-0b91c92fbe5b@group-09F0C667257B-FOLLOWER: accept PRE_VOTE from 84e2f200-b83f-4514-9762-a3bf8832ea50: our priority 0 <= candidate's priority 1
2024-01-30 07:48:41,223 [grpc-default-executor-9] INFO  server.RaftServer$Division (RaftServerImpl.java:requestVote(1422)) - 2a934876-6cad-418e-9d99-0b91c92fbe5b@group-09F0C667257B replies to PRE_VOTE vote request: 84e2f200-b83f-4514-9762-a3bf8832ea50<-2a934876-6cad-418e-9d99-0b91c92fbe5b#0:OK-t1. Peer's state: 2a934876-6cad-418e-9d99-0b91c92fbe5b@group-09F0C667257B:t1, leader=null, voted=84e2f200-b83f-4514-9762-a3bf8832ea50, raftlog=Memoized:2a934876-6cad-418e-9d99-0b91c92fbe5b@group-09F0C667257B-SegmentedRaftLog:OPENED:c-1, conf=-1: peers:[84e2f200-b83f-4514-9762-a3bf8832ea50|10.1.0.48:15120, 971c1615-1531-4bff-8b79-adf9a27d7f54|10.1.0.48:15129, 2a934876-6cad-418e-9d99-0b91c92fbe5b|10.1.0.48:15111]|listeners:[], old=null
2024-01-30 07:48:41,224 [84e2f200-b83f-4514-9762-a3bf8832ea50@group-09F0C667257B-LeaderElection27] INFO  server.RaftServerConfigKeys (ConfUtils.java:logGet(46)) - raft.server.write.element-limit = 1024 (custom)
2024-01-30 07:48:41,224 [84e2f200-b83f-4514-9762-a3bf8832ea50@group-09F0C667257B-LeaderElection27] INFO  server.RaftServerConfigKeys (ConfUtils.java:logGet(46)) - raft.server.write.byte-limit = 1024 M (=1073741824) (custom)
2024-01-30 07:48:41,224 [84e2f200-b83f-4514-9762-a3bf8832ea50@group-09F0C667257B-LeaderElection27] INFO  server.RaftServerConfigKeys (ConfUtils.java:logGet(46)) - raft.server.watch.timeout = 180s (custom)
2024-01-30 07:48:41,224 [84e2f200-b83f-4514-9762-a3bf8832ea50@group-09F0C667257B-LeaderElection27] INFO  server.RaftServerConfigKeys (ConfUtils.java:logGet(46)) - raft.server.watch.timeout.denomination = 1s (default)
2024-01-30 07:48:41,224 [84e2f200-b83f-4514-9762-a3bf8832ea50@group-09F0C667257B-LeaderElection27] INFO  server.RaftServerConfigKeys (ConfUtils.java:logGet(46)) - raft.server.watch.element-limit = 65536 (default)
2024-01-30 07:48:41,224 [84e2f200-b83f-4514-9762-a3bf8832ea50@group-09F0C667257B-LeaderElection27] INFO  server.RaftServerConfigKeys (ConfUtils.java:logGet(46)) - raft.server.read.leader.lease.enabled = false (default)
2024-01-30 07:48:41,224 [84e2f200-b83f-4514-9762-a3bf8832ea50@group-09F0C667257B-LeaderElection27] INFO  server.RaftServerConfigKeys (ConfUtils.java:logGet(46)) - raft.server.read.leader.lease.timeout.ratio = 0.9 (default)
2024-01-30 07:48:41,224 [84e2f200-b83f-4514-9762-a3bf8832ea50@group-09F0C667257B-LeaderElection27] INFO  server.RaftServerConfigKeys (ConfUtils.java:logGet(46)) - raft.server.rpc.timeout.min = 5s (custom)
2024-01-30 07:48:41,224 [84e2f200-b83f-4514-9762-a3bf8832ea50@group-09F0C667257B-LeaderElection27] INFO  server.RaftServerConfigKeys (ConfUtils.java:logGet(46)) - raft.server.write.element-limit = 1024 (custom)
2024-01-30 07:48:41,224 [84e2f200-b83f-4514-9762-a3bf8832ea50@group-09F0C667257B-LeaderElection27] INFO  server.RaftServerConfigKeys (ConfUtils.java:logGet(46)) - raft.server.write.follower.gap.ratio.max = -1.0 (default)
2024-01-30 07:48:41,225 [84e2f200-b83f-4514-9762-a3bf8832ea50@group-09F0C667257B-LeaderElection27] INFO  server.RaftServerConfigKeys (ConfUtils.java:logGet(46)) - raft.server.log.appender.snapshot.chunk.size.max = 16MB (=16777216) (default)
2024-01-30 07:48:41,225 [84e2f200-b83f-4514-9762-a3bf8832ea50@group-09F0C667257B-LeaderElection27] INFO  server.RaftServerConfigKeys (ConfUtils.java:logGet(46)) - raft.server.log.appender.buffer.byte-limit = 8388608 (custom)
2024-01-30 07:48:41,225 [84e2f200-b83f-4514-9762-a3bf8832ea50@group-09F0C667257B-LeaderElection27] INFO  server.RaftServerConfigKeys (ConfUtils.java:logGet(46)) - raft.server.log.appender.buffer.element-limit = 1 (custom)
2024-01-30 07:48:41,225 [84e2f200-b83f-4514-9762-a3bf8832ea50@group-09F0C667257B-LeaderElection27] INFO  server.RaftServerConfigKeys (ConfUtils.java:logGet(46)) - raft.server.log.appender.wait-time.min = 0μs (custom)
2024-01-30 07:48:41,225 [84e2f200-b83f-4514-9762-a3bf8832ea50@group-09F0C667257B-LeaderElection27] INFO  grpc.GrpcConfigKeys (ConfUtils.java:logGet(46)) - raft.grpc.server.leader.outstanding.appends.max = 8 (default)
2024-01-30 07:48:41,225 [84e2f200-b83f-4514-9762-a3bf8832ea50@group-09F0C667257B-LeaderElection27] INFO  server.RaftServerConfigKeys (ConfUtils.java:logGet(46)) - raft.server.rpc.request.timeout = 60s (custom)
2024-01-30 07:48:41,225 [84e2f200-b83f-4514-9762-a3bf8832ea50@group-09F0C667257B-LeaderElection27] INFO  grpc.GrpcConfigKeys (ConfUtils.java:logGet(46)) - raft.grpc.server.install_snapshot.request.element-limit = 8 (default)
2024-01-30 07:48:41,225 [84e2f200-b83f-4514-9762-a3bf8832ea50@group-09F0C667257B-LeaderElection27] INFO  grpc.GrpcConfigKeys (ConfUtils.java:logGet(46)) - raft.grpc.server.install_snapshot.request.timeout = 3000ms (default)
2024-01-30 07:48:41,225 [84e2f200-b83f-4514-9762-a3bf8832ea50@group-09F0C667257B-LeaderElection27] INFO  grpc.GrpcConfigKeys (ConfUtils.java:logGet(46)) - raft.grpc.server.log-message.batch.duration = 5s (default)
2024-01-30 07:48:41,225 [84e2f200-b83f-4514-9762-a3bf8832ea50@group-09F0C667257B-LeaderElection27] INFO  server.RaftServerConfigKeys (ConfUtils.java:logGet(46)) - raft.server.log.appender.install.snapshot.enabled = false (custom)
2024-01-30 07:48:41,225 [84e2f200-b83f-4514-9762-a3bf8832ea50@group-09F0C667257B-LeaderElection27] INFO  grpc.GrpcConfigKeys (ConfUtils.java:logGet(46)) - raft.grpc.server.heartbeat.channel = true (default)
2024-01-30 07:48:41,226 [84e2f200-b83f-4514-9762-a3bf8832ea50@group-09F0C667257B-LeaderElection27] INFO  server.RaftServerConfigKeys (ConfUtils.java:logGet(46)) - raft.server.log.appender.snapshot.chunk.size.max = 16MB (=16777216) (default)
2024-01-30 07:48:41,226 [84e2f200-b83f-4514-9762-a3bf8832ea50@group-09F0C667257B-LeaderElection27] INFO  server.RaftServerConfigKeys (ConfUtils.java:logGet(46)) - raft.server.log.appender.buffer.byte-limit = 8388608 (custom)
2024-01-30 07:48:41,226 [84e2f200-b83f-4514-9762-a3bf8832ea50@group-09F0C667257B-LeaderElection27] INFO  server.RaftServerConfigKeys (ConfUtils.java:logGet(46)) - raft.server.log.appender.buffer.element-limit = 1 (custom)
2024-01-30 07:48:41,226 [84e2f200-b83f-4514-9762-a3bf8832ea50@group-09F0C667257B-LeaderElection27] INFO  server.RaftServerConfigKeys (ConfUtils.java:logGet(46)) - raft.server.log.appender.wait-time.min = 0μs (custom)
2024-01-30 07:48:41,226 [84e2f200-b83f-4514-9762-a3bf8832ea50@group-09F0C667257B-LeaderElection27] INFO  grpc.GrpcConfigKeys (ConfUtils.java:logGet(46)) - raft.grpc.server.leader.outstanding.appends.max = 8 (default)
2024-01-30 07:48:41,226 [84e2f200-b83f-4514-9762-a3bf8832ea50@group-09F0C667257B-LeaderElection27] INFO  server.RaftServerConfigKeys (ConfUtils.java:logGet(46)) - raft.server.rpc.request.timeout = 60s (custom)
2024-01-30 07:48:41,226 [84e2f200-b83f-4514-9762-a3bf8832ea50@group-09F0C667257B-LeaderElection27] INFO  grpc.GrpcConfigKeys (ConfUtils.java:logGet(46)) - raft.grpc.server.install_snapshot.request.element-limit = 8 (default)
2024-01-30 07:48:41,226 [84e2f200-b83f-4514-9762-a3bf8832ea50@group-09F0C667257B-LeaderElection27] INFO  grpc.GrpcConfigKeys (ConfUtils.java:logGet(46)) - raft.grpc.server.install_snapshot.request.timeout = 3000ms (default)
2024-01-30 07:48:41,226 [84e2f200-b83f-4514-9762-a3bf8832ea50@group-09F0C667257B-LeaderElection27] INFO  grpc.GrpcConfigKeys (ConfUtils.java:logGet(46)) - raft.grpc.server.log-message.batch.duration = 5s (default)
2024-01-30 07:48:41,227 [84e2f200-b83f-4514-9762-a3bf8832ea50@group-09F0C667257B-LeaderElection27] INFO  server.RaftServerConfigKeys (ConfUtils.java:logGet(46)) - raft.server.log.appender.install.snapshot.enabled = false (custom)
2024-01-30 07:48:41,227 [84e2f200-b83f-4514-9762-a3bf8832ea50@group-09F0C667257B-LeaderElection27] INFO  grpc.GrpcConfigKeys (ConfUtils.java:logGet(46)) - raft.grpc.server.heartbeat.channel = true (default)
2024-01-30 07:48:41,227 [84e2f200-b83f-4514-9762-a3bf8832ea50@group-09F0C667257B-LeaderElection27] INFO  impl.RoleInfo (RoleInfo.java:updateAndGet(139)) - 84e2f200-b83f-4514-9762-a3bf8832ea50: start 84e2f200-b83f-4514-9762-a3bf8832ea50@group-09F0C667257B-LeaderStateImpl
2024-01-30 07:48:41,227 [84e2f200-b83f-4514-9762-a3bf8832ea50@group-09F0C667257B-LeaderElection27] INFO  server.RaftServer$Division (RaftServerImpl.java:setFirstElection(574)) - 84e2f200-b83f-4514-9762-a3bf8832ea50@group-09F0C667257B: set firstElectionSinceStartup to false for becomeLeader
2024-01-30 07:48:41,227 [84e2f200-b83f-4514-9762-a3bf8832ea50@group-09F0C667257B-LeaderElection27] INFO  ratis.XceiverServerRatis (XceiverServerRatis.java:handleLeaderChangedNotification(966)) - Leader change notification received for group: group-09F0C667257B with new leaderId: 84e2f200-b83f-4514-9762-a3bf8832ea50
2024-01-30 07:48:41,227 [84e2f200-b83f-4514-9762-a3bf8832ea50@group-09F0C667257B-LeaderElection27] INFO  server.RaftServer$Division (ServerState.java:setLeader(269)) - 84e2f200-b83f-4514-9762-a3bf8832ea50@group-09F0C667257B: change Leader from null to 84e2f200-b83f-4514-9762-a3bf8832ea50 at term 1 for becomeLeader, leader elected after 5196ms
2024-01-30 07:48:41,228 [84e2f200-b83f-4514-9762-a3bf8832ea50@group-09F0C667257B-LeaderElection27] INFO  segmented.SegmentedRaftLogWorker (SegmentedRaftLogWorker.java:startLogSegment(430)) - 84e2f200-b83f-4514-9762-a3bf8832ea50@group-09F0C667257B-SegmentedRaftLogWorker: Starting segment from index:0
2024-01-30 07:48:41,228 [84e2f200-b83f-4514-9762-a3bf8832ea50@group-09F0C667257B-SegmentedRaftLogWorker] INFO  segmented.BufferedWriteChannel (BufferedWriteChannel.java:open(62)) - open log_inprogress_0 at position 0
2024-01-30 07:48:41,229 [84e2f200-b83f-4514-9762-a3bf8832ea50@group-09F0C667257B-LeaderElection27] INFO  server.RaftServer$Division (ServerState.java:setRaftConf(386)) - 84e2f200-b83f-4514-9762-a3bf8832ea50@group-09F0C667257B: set configuration 0: peers:[84e2f200-b83f-4514-9762-a3bf8832ea50|10.1.0.48:15120, 971c1615-1531-4bff-8b79-adf9a27d7f54|10.1.0.48:15129, 2a934876-6cad-418e-9d99-0b91c92fbe5b|10.1.0.48:15111]|listeners:[], old=null
2024-01-30 07:48:41,230 [EventQueue-PipelineReportForPipelineReportHandler] INFO  pipeline.PipelineReportHandler (PipelineReportHandler.java:processPipelineReport(136)) - Opened pipeline PipelineID=499ed13b-644a-4b8a-94b8-09f0c667257b
2024-01-30 07:48:41,236 [84e2f200-b83f-4514-9762-a3bf8832ea50@group-09F0C667257B-SegmentedRaftLogWorker] INFO  segmented.SegmentedRaftLogWorker (SegmentedRaftLogWorker.java:execute(634)) - 84e2f200-b83f-4514-9762-a3bf8832ea50@group-09F0C667257B-SegmentedRaftLogWorker: created new log segment /home/runner/work/ozone/ozone/hadoop-ozone/integration-test/target/test-dir/MiniOzoneClusterImpl-22134a4f-1b78-467c-b266-ccfd401dbc1a/datanode-1/data/ratis/499ed13b-644a-4b8a-94b8-09f0c667257b/current/log_inprogress_0
2024-01-30 07:48:41,237 [971c1615-1531-4bff-8b79-adf9a27d7f54-server-thread1] INFO  ratis.XceiverServerRatis (XceiverServerRatis.java:handleLeaderChangedNotification(966)) - Leader change notification received for group: group-09F0C667257B with new leaderId: 84e2f200-b83f-4514-9762-a3bf8832ea50
2024-01-30 07:48:41,237 [971c1615-1531-4bff-8b79-adf9a27d7f54-server-thread1] INFO  server.RaftServer$Division (ServerState.java:setLeader(269)) - 971c1615-1531-4bff-8b79-adf9a27d7f54@group-09F0C667257B: change Leader from null to 84e2f200-b83f-4514-9762-a3bf8832ea50 at term 1 for appendEntries, leader elected after 5230ms
2024-01-30 07:48:41,239 [2a934876-6cad-418e-9d99-0b91c92fbe5b-server-thread1] INFO  ratis.XceiverServerRatis (XceiverServerRatis.java:handleLeaderChangedNotification(966)) - Leader change notification received for group: group-09F0C667257B with new leaderId: 84e2f200-b83f-4514-9762-a3bf8832ea50
2024-01-30 07:48:41,239 [2a934876-6cad-418e-9d99-0b91c92fbe5b-server-thread1] INFO  server.RaftServer$Division (ServerState.java:setLeader(269)) - 2a934876-6cad-418e-9d99-0b91c92fbe5b@group-09F0C667257B: change Leader from null to 84e2f200-b83f-4514-9762-a3bf8832ea50 at term 1 for appendEntries, leader elected after 5253ms
2024-01-30 07:48:41,239 [971c1615-1531-4bff-8b79-adf9a27d7f54-server-thread3] INFO  server.RaftServer$Division (ServerState.java:setRaftConf(386)) - 971c1615-1531-4bff-8b79-adf9a27d7f54@group-09F0C667257B: set configuration 0: peers:[84e2f200-b83f-4514-9762-a3bf8832ea50|10.1.0.48:15120, 971c1615-1531-4bff-8b79-adf9a27d7f54|10.1.0.48:15129, 2a934876-6cad-418e-9d99-0b91c92fbe5b|10.1.0.48:15111]|listeners:[], old=null
2024-01-30 07:48:41,240 [971c1615-1531-4bff-8b79-adf9a27d7f54-server-thread3] INFO  segmented.SegmentedRaftLogWorker (SegmentedRaftLogWorker.java:startLogSegment(430)) - 971c1615-1531-4bff-8b79-adf9a27d7f54@group-09F0C667257B-SegmentedRaftLogWorker: Starting segment from index:0
2024-01-30 07:48:41,240 [971c1615-1531-4bff-8b79-adf9a27d7f54@group-09F0C667257B-SegmentedRaftLogWorker] INFO  segmented.BufferedWriteChannel (BufferedWriteChannel.java:open(62)) - open log_inprogress_0 at position 0
2024-01-30 07:48:41,244 [2a934876-6cad-418e-9d99-0b91c92fbe5b-server-thread2] INFO  server.RaftServer$Division (ServerState.java:setRaftConf(386)) - 2a934876-6cad-418e-9d99-0b91c92fbe5b@group-09F0C667257B: set configuration 0: peers:[84e2f200-b83f-4514-9762-a3bf8832ea50|10.1.0.48:15120, 971c1615-1531-4bff-8b79-adf9a27d7f54|10.1.0.48:15129, 2a934876-6cad-418e-9d99-0b91c92fbe5b|10.1.0.48:15111]|listeners:[], old=null
2024-01-30 07:48:41,245 [2a934876-6cad-418e-9d99-0b91c92fbe5b-server-thread2] INFO  segmented.SegmentedRaftLogWorker (SegmentedRaftLogWorker.java:startLogSegment(430)) - 2a934876-6cad-418e-9d99-0b91c92fbe5b@group-09F0C667257B-SegmentedRaftLogWorker: Starting segment from index:0
2024-01-30 07:48:41,245 [2a934876-6cad-418e-9d99-0b91c92fbe5b@group-09F0C667257B-SegmentedRaftLogWorker] INFO  segmented.BufferedWriteChannel (BufferedWriteChannel.java:open(62)) - open log_inprogress_0 at position 0
2024-01-30 07:48:41,247 [971c1615-1531-4bff-8b79-adf9a27d7f54@group-09F0C667257B-SegmentedRaftLogWorker] INFO  segmented.SegmentedRaftLogWorker (SegmentedRaftLogWorker.java:execute(634)) - 971c1615-1531-4bff-8b79-adf9a27d7f54@group-09F0C667257B-SegmentedRaftLogWorker: created new log segment /home/runner/work/ozone/ozone/hadoop-ozone/integration-test/target/test-dir/MiniOzoneClusterImpl-22134a4f-1b78-467c-b266-ccfd401dbc1a/datanode-2/data/ratis/499ed13b-644a-4b8a-94b8-09f0c667257b/current/log_inprogress_0
2024-01-30 07:48:41,252 [84e2f200-b83f-4514-9762-a3bf8832ea50@group-09F0C667257B-StateMachineUpdater] INFO  server.RaftServer$Division (LeaderStateImpl.java:isApplied(320)) - leader is ready since appliedIndex == 0 >= startIndex == 0
2024-01-30 07:48:41,252 [2a934876-6cad-418e-9d99-0b91c92fbe5b@group-09F0C667257B-SegmentedRaftLogWorker] INFO  segmented.SegmentedRaftLogWorker (SegmentedRaftLogWorker.java:execute(634)) - 2a934876-6cad-418e-9d99-0b91c92fbe5b@group-09F0C667257B-SegmentedRaftLogWorker: created new log segment /home/runner/work/ozone/ozone/hadoop-ozone/integration-test/target/test-dir/MiniOzoneClusterImpl-22134a4f-1b78-467c-b266-ccfd401dbc1a/datanode-0/data/ratis/499ed13b-644a-4b8a-94b8-09f0c667257b/current/log_inprogress_0
2024-01-30 07:48:41,312 [42bb30bf-6dde-4b10-b68e-ce189e81f0fd@group-FB520FCB7D25-FollowerState] INFO  impl.FollowerState (FollowerState.java:run(143)) - 42bb30bf-6dde-4b10-b68e-ce189e81f0fd@group-FB520FCB7D25-FollowerState: change to CANDIDATE, lastRpcElapsedTime:5008424870ns, electionTimeout:5008ms
2024-01-30 07:48:41,312 [42bb30bf-6dde-4b10-b68e-ce189e81f0fd@group-FB520FCB7D25-FollowerState] INFO  impl.RoleInfo (RoleInfo.java:shutdownFollowerState(110)) - 42bb30bf-6dde-4b10-b68e-ce189e81f0fd: shutdown 42bb30bf-6dde-4b10-b68e-ce189e81f0fd@group-FB520FCB7D25-FollowerState
2024-01-30 07:48:41,312 [42bb30bf-6dde-4b10-b68e-ce189e81f0fd@group-FB520FCB7D25-FollowerState] INFO  server.RaftServer$Division (RaftServerImpl.java:setRole(383)) - 42bb30bf-6dde-4b10-b68e-ce189e81f0fd@group-FB520FCB7D25: changes role from  FOLLOWER to CANDIDATE at term 0 for changeToCandidate
2024-01-30 07:48:41,312 [42bb30bf-6dde-4b10-b68e-ce189e81f0fd@group-FB520FCB7D25-FollowerState] INFO  server.RaftServerConfigKeys (ConfUtils.java:logGet(46)) - raft.server.leaderelection.pre-vote = true (default)
2024-01-30 07:48:41,312 [42bb30bf-6dde-4b10-b68e-ce189e81f0fd@group-FB520FCB7D25-FollowerState] INFO  impl.RoleInfo (RoleInfo.java:updateAndGet(139)) - 42bb30bf-6dde-4b10-b68e-ce189e81f0fd: start 42bb30bf-6dde-4b10-b68e-ce189e81f0fd@group-FB520FCB7D25-LeaderElection28
2024-01-30 07:48:41,314 [42bb30bf-6dde-4b10-b68e-ce189e81f0fd@group-FB520FCB7D25-LeaderElection28] INFO  impl.LeaderElection (LeaderElection.java:askForVotes(321)) - 42bb30bf-6dde-4b10-b68e-ce189e81f0fd@group-FB520FCB7D25-LeaderElection28 PRE_VOTE round 0: submit vote requests at term 0 for -1: peers:[42bb30bf-6dde-4b10-b68e-ce189e81f0fd|10.1.0.48:15156, 53433fb8-bbf6-4d1d-a4a4-8c4d503fb949|10.1.0.48:15147, 33e454d1-da2d-4d19-a678-883106399134|10.1.0.48:15138]|listeners:[], old=null
2024-01-30 07:48:41,314 [42bb30bf-6dde-4b10-b68e-ce189e81f0fd@group-FB520FCB7D25-LeaderElection28-1] INFO  server.GrpcServerProtocolClient (GrpcServerProtocolClient.java:<init>(65)) - Build channel for 53433fb8-bbf6-4d1d-a4a4-8c4d503fb949|10.1.0.48:15147
2024-01-30 07:48:41,314 [42bb30bf-6dde-4b10-b68e-ce189e81f0fd@group-FB520FCB7D25-LeaderElection28-2] INFO  server.GrpcServerProtocolClient (GrpcServerProtocolClient.java:<init>(65)) - Build channel for 33e454d1-da2d-4d19-a678-883106399134|10.1.0.48:15138
2024-01-30 07:48:41,314 [42bb30bf-6dde-4b10-b68e-ce189e81f0fd@group-FB520FCB7D25-LeaderElection28] INFO  server.RaftServerConfigKeys (ConfUtils.java:logFallback(53)) - raft.server.rpc.first-election.timeout.min = 5s (fallback to raft.server.rpc.timeout.min)
2024-01-30 07:48:41,314 [42bb30bf-6dde-4b10-b68e-ce189e81f0fd@group-FB520FCB7D25-LeaderElection28] INFO  server.RaftServerConfigKeys (ConfUtils.java:logFallback(53)) - raft.server.rpc.first-election.timeout.max = 5200ms (fallback to raft.server.rpc.timeout.max)
2024-01-30 07:48:41,318 [grpc-default-executor-8] INFO  server.RaftServer$Division (RaftServerImpl.java:requestVote(1389)) - 53433fb8-bbf6-4d1d-a4a4-8c4d503fb949@group-FB520FCB7D25: receive requestVote(PRE_VOTE, 42bb30bf-6dde-4b10-b68e-ce189e81f0fd, group-FB520FCB7D25, 0, (t:0, i:0))
2024-01-30 07:48:41,318 [grpc-default-executor-8] INFO  impl.VoteContext (VoteContext.java:log(49)) - 53433fb8-bbf6-4d1d-a4a4-8c4d503fb949@group-FB520FCB7D25-FOLLOWER: accept PRE_VOTE from 42bb30bf-6dde-4b10-b68e-ce189e81f0fd: our priority 0 <= candidate's priority 1
2024-01-30 07:48:41,318 [grpc-default-executor-8] INFO  server.RaftServer$Division (RaftServerImpl.java:requestVote(1422)) - 53433fb8-bbf6-4d1d-a4a4-8c4d503fb949@group-FB520FCB7D25 replies to PRE_VOTE vote request: 42bb30bf-6dde-4b10-b68e-ce189e81f0fd<-53433fb8-bbf6-4d1d-a4a4-8c4d503fb949#0:OK-t0. Peer's state: 53433fb8-bbf6-4d1d-a4a4-8c4d503fb949@group-FB520FCB7D25:t0, leader=null, voted=, raftlog=Memoized:53433fb8-bbf6-4d1d-a4a4-8c4d503fb949@group-FB520FCB7D25-SegmentedRaftLog:OPENED:c-1, conf=-1: peers:[42bb30bf-6dde-4b10-b68e-ce189e81f0fd|10.1.0.48:15156, 53433fb8-bbf6-4d1d-a4a4-8c4d503fb949|10.1.0.48:15147, 33e454d1-da2d-4d19-a678-883106399134|10.1.0.48:15138]|listeners:[], old=null
2024-01-30 07:48:41,319 [grpc-default-executor-9] INFO  server.RaftServer$Division (RaftServerImpl.java:requestVote(1389)) - 33e454d1-da2d-4d19-a678-883106399134@group-FB520FCB7D25: receive requestVote(PRE_VOTE, 42bb30bf-6dde-4b10-b68e-ce189e81f0fd, group-FB520FCB7D25, 0, (t:0, i:0))
2024-01-30 07:48:41,319 [grpc-default-executor-9] INFO  impl.VoteContext (VoteContext.java:log(49)) - 33e454d1-da2d-4d19-a678-883106399134@group-FB520FCB7D25-FOLLOWER: accept PRE_VOTE from 42bb30bf-6dde-4b10-b68e-ce189e81f0fd: our priority 0 <= candidate's priority 1
2024-01-30 07:48:41,319 [grpc-default-executor-9] INFO  server.RaftServer$Division (RaftServerImpl.java:requestVote(1422)) - 33e454d1-da2d-4d19-a678-883106399134@group-FB520FCB7D25 replies to PRE_VOTE vote request: 42bb30bf-6dde-4b10-b68e-ce189e81f0fd<-33e454d1-da2d-4d19-a678-883106399134#0:OK-t0. Peer's state: 33e454d1-da2d-4d19-a678-883106399134@group-FB520FCB7D25:t0, leader=null, voted=, raftlog=Memoized:33e454d1-da2d-4d19-a678-883106399134@group-FB520FCB7D25-SegmentedRaftLog:OPENED:c-1, conf=-1: peers:[42bb30bf-6dde-4b10-b68e-ce189e81f0fd|10.1.0.48:15156, 53433fb8-bbf6-4d1d-a4a4-8c4d503fb949|10.1.0.48:15147, 33e454d1-da2d-4d19-a678-883106399134|10.1.0.48:15138]|listeners:[], old=null
2024-01-30 07:48:41,320 [42bb30bf-6dde-4b10-b68e-ce189e81f0fd@group-FB520FCB7D25-LeaderElection28] INFO  impl.LeaderElection (LeaderElection.java:logAndReturn(89)) - 42bb30bf-6dde-4b10-b68e-ce189e81f0fd@group-FB520FCB7D25-LeaderElection28: PRE_VOTE PASSED received 1 response(s) and 0 exception(s):
2024-01-30 07:48:41,320 [42bb30bf-6dde-4b10-b68e-ce189e81f0fd@group-FB520FCB7D25-LeaderElection28] INFO  impl.LeaderElection (LeaderElection.java:logAndReturn(93)) -   Response 0: 42bb30bf-6dde-4b10-b68e-ce189e81f0fd<-53433fb8-bbf6-4d1d-a4a4-8c4d503fb949#0:OK-t0
2024-01-30 07:48:41,320 [42bb30bf-6dde-4b10-b68e-ce189e81f0fd@group-FB520FCB7D25-LeaderElection28] INFO  impl.LeaderElection (LeaderElection.java:askForVotes(323)) - 42bb30bf-6dde-4b10-b68e-ce189e81f0fd@group-FB520FCB7D25-LeaderElection28 PRE_VOTE round 0: result PASSED
2024-01-30 07:48:41,321 [42bb30bf-6dde-4b10-b68e-ce189e81f0fd@group-FB520FCB7D25-LeaderElection28] INFO  impl.LeaderElection (LeaderElection.java:askForVotes(321)) - 42bb30bf-6dde-4b10-b68e-ce189e81f0fd@group-FB520FCB7D25-LeaderElection28 ELECTION round 0: submit vote requests at term 1 for -1: peers:[42bb30bf-6dde-4b10-b68e-ce189e81f0fd|10.1.0.48:15156, 53433fb8-bbf6-4d1d-a4a4-8c4d503fb949|10.1.0.48:15147, 33e454d1-da2d-4d19-a678-883106399134|10.1.0.48:15138]|listeners:[], old=null
2024-01-30 07:48:41,321 [42bb30bf-6dde-4b10-b68e-ce189e81f0fd@group-FB520FCB7D25-LeaderElection28] INFO  server.RaftServerConfigKeys (ConfUtils.java:logFallback(53)) - raft.server.rpc.first-election.timeout.min = 5s (fallback to raft.server.rpc.timeout.min)
2024-01-30 07:48:41,321 [42bb30bf-6dde-4b10-b68e-ce189e81f0fd@group-FB520FCB7D25-LeaderElection28] INFO  server.RaftServerConfigKeys (ConfUtils.java:logFallback(53)) - raft.server.rpc.first-election.timeout.max = 5200ms (fallback to raft.server.rpc.timeout.max)
2024-01-30 07:48:41,322 [grpc-default-executor-9] INFO  server.RaftServer$Division (RaftServerImpl.java:requestVote(1389)) - 33e454d1-da2d-4d19-a678-883106399134@group-FB520FCB7D25: receive requestVote(ELECTION, 42bb30bf-6dde-4b10-b68e-ce189e81f0fd, group-FB520FCB7D25, 1, (t:0, i:0))
2024-01-30 07:48:41,322 [grpc-default-executor-9] INFO  impl.VoteContext (VoteContext.java:log(49)) - 33e454d1-da2d-4d19-a678-883106399134@group-FB520FCB7D25-FOLLOWER: accept ELECTION from 42bb30bf-6dde-4b10-b68e-ce189e81f0fd: our priority 0 <= candidate's priority 1
2024-01-30 07:48:41,322 [grpc-default-executor-9] INFO  server.RaftServer$Division (RaftServerImpl.java:setRole(383)) - 33e454d1-da2d-4d19-a678-883106399134@group-FB520FCB7D25: changes role from  FOLLOWER to FOLLOWER at term 1 for candidate:42bb30bf-6dde-4b10-b68e-ce189e81f0fd
2024-01-30 07:48:41,322 [grpc-default-executor-9] INFO  impl.RoleInfo (RoleInfo.java:shutdownFollowerState(110)) - 33e454d1-da2d-4d19-a678-883106399134: shutdown 33e454d1-da2d-4d19-a678-883106399134@group-FB520FCB7D25-FollowerState
2024-01-30 07:48:41,322 [grpc-default-executor-9] INFO  impl.RoleInfo (RoleInfo.java:updateAndGet(139)) - 33e454d1-da2d-4d19-a678-883106399134: start 33e454d1-da2d-4d19-a678-883106399134@group-FB520FCB7D25-FollowerState
2024-01-30 07:48:41,323 [33e454d1-da2d-4d19-a678-883106399134@group-FB520FCB7D25-FollowerState] INFO  impl.FollowerState (FollowerState.java:run(152)) - 33e454d1-da2d-4d19-a678-883106399134@group-FB520FCB7D25-FollowerState was interrupted
2024-01-30 07:48:41,323 [grpc-default-executor-9] INFO  server.RaftServer$Division (RaftServerImpl.java:setFirstElection(574)) - 33e454d1-da2d-4d19-a678-883106399134@group-FB520FCB7D25: set firstElectionSinceStartup to false for candidate:42bb30bf-6dde-4b10-b68e-ce189e81f0fd
2024-01-30 07:48:41,332 [grpc-default-executor-8] INFO  server.RaftServer$Division (RaftServerImpl.java:requestVote(1389)) - 53433fb8-bbf6-4d1d-a4a4-8c4d503fb949@group-FB520FCB7D25: receive requestVote(ELECTION, 42bb30bf-6dde-4b10-b68e-ce189e81f0fd, group-FB520FCB7D25, 1, (t:0, i:0))
2024-01-30 07:48:41,332 [grpc-default-executor-8] INFO  impl.VoteContext (VoteContext.java:log(49)) - 53433fb8-bbf6-4d1d-a4a4-8c4d503fb949@group-FB520FCB7D25-FOLLOWER: accept ELECTION from 42bb30bf-6dde-4b10-b68e-ce189e81f0fd: our priority 0 <= candidate's priority 1
2024-01-30 07:48:41,333 [grpc-default-executor-8] INFO  server.RaftServer$Division (RaftServerImpl.java:setRole(383)) - 53433fb8-bbf6-4d1d-a4a4-8c4d503fb949@group-FB520FCB7D25: changes role from  FOLLOWER to FOLLOWER at term 1 for candidate:42bb30bf-6dde-4b10-b68e-ce189e81f0fd
2024-01-30 07:48:41,333 [grpc-default-executor-8] INFO  impl.RoleInfo (RoleInfo.java:shutdownFollowerState(110)) - 53433fb8-bbf6-4d1d-a4a4-8c4d503fb949: shutdown 53433fb8-bbf6-4d1d-a4a4-8c4d503fb949@group-FB520FCB7D25-FollowerState
2024-01-30 07:48:41,333 [grpc-default-executor-8] INFO  impl.RoleInfo (RoleInfo.java:updateAndGet(139)) - 53433fb8-bbf6-4d1d-a4a4-8c4d503fb949: start 53433fb8-bbf6-4d1d-a4a4-8c4d503fb949@group-FB520FCB7D25-FollowerState
2024-01-30 07:48:41,333 [53433fb8-bbf6-4d1d-a4a4-8c4d503fb949@group-FB520FCB7D25-FollowerState] INFO  impl.FollowerState (FollowerState.java:run(152)) - 53433fb8-bbf6-4d1d-a4a4-8c4d503fb949@group-FB520FCB7D25-FollowerState was interrupted
2024-01-30 07:48:41,333 [grpc-default-executor-9] INFO  server.RaftServer$Division (RaftServerImpl.java:requestVote(1422)) - 33e454d1-da2d-4d19-a678-883106399134@group-FB520FCB7D25 replies to ELECTION vote request: 42bb30bf-6dde-4b10-b68e-ce189e81f0fd<-33e454d1-da2d-4d19-a678-883106399134#0:OK-t1. Peer's state: 33e454d1-da2d-4d19-a678-883106399134@group-FB520FCB7D25:t1, leader=null, voted=42bb30bf-6dde-4b10-b68e-ce189e81f0fd, raftlog=Memoized:33e454d1-da2d-4d19-a678-883106399134@group-FB520FCB7D25-SegmentedRaftLog:OPENED:c-1, conf=-1: peers:[42bb30bf-6dde-4b10-b68e-ce189e81f0fd|10.1.0.48:15156, 53433fb8-bbf6-4d1d-a4a4-8c4d503fb949|10.1.0.48:15147, 33e454d1-da2d-4d19-a678-883106399134|10.1.0.48:15138]|listeners:[], old=null
2024-01-30 07:48:41,334 [grpc-default-executor-8] INFO  server.RaftServer$Division (RaftServerImpl.java:setFirstElection(574)) - 53433fb8-bbf6-4d1d-a4a4-8c4d503fb949@group-FB520FCB7D25: set firstElectionSinceStartup to false for candidate:42bb30bf-6dde-4b10-b68e-ce189e81f0fd
2024-01-30 07:48:41,335 [42bb30bf-6dde-4b10-b68e-ce189e81f0fd@group-FB520FCB7D25-LeaderElection28] INFO  impl.LeaderElection (LeaderElection.java:logAndReturn(89)) - 42bb30bf-6dde-4b10-b68e-ce189e81f0fd@group-FB520FCB7D25-LeaderElection28: ELECTION PASSED received 1 response(s) and 0 exception(s):
2024-01-30 07:48:41,335 [42bb30bf-6dde-4b10-b68e-ce189e81f0fd@group-FB520FCB7D25-LeaderElection28] INFO  impl.LeaderElection (LeaderElection.java:logAndReturn(93)) -   Response 0: 42bb30bf-6dde-4b10-b68e-ce189e81f0fd<-33e454d1-da2d-4d19-a678-883106399134#0:OK-t1
2024-01-30 07:48:41,335 [grpc-default-executor-8] INFO  server.RaftServer$Division (RaftServerImpl.java:requestVote(1422)) - 53433fb8-bbf6-4d1d-a4a4-8c4d503fb949@group-FB520FCB7D25 replies to ELECTION vote request: 42bb30bf-6dde-4b10-b68e-ce189e81f0fd<-53433fb8-bbf6-4d1d-a4a4-8c4d503fb949#0:OK-t1. Peer's state: 53433fb8-bbf6-4d1d-a4a4-8c4d503fb949@group-FB520FCB7D25:t1, leader=null, voted=42bb30bf-6dde-4b10-b68e-ce189e81f0fd, raftlog=Memoized:53433fb8-bbf6-4d1d-a4a4-8c4d503fb949@group-FB520FCB7D25-SegmentedRaftLog:OPENED:c-1, conf=-1: peers:[42bb30bf-6dde-4b10-b68e-ce189e81f0fd|10.1.0.48:15156, 53433fb8-bbf6-4d1d-a4a4-8c4d503fb949|10.1.0.48:15147, 33e454d1-da2d-4d19-a678-883106399134|10.1.0.48:15138]|listeners:[], old=null
2024-01-30 07:48:41,335 [42bb30bf-6dde-4b10-b68e-ce189e81f0fd@group-FB520FCB7D25-LeaderElection28] INFO  impl.LeaderElection (LeaderElection.java:askForVotes(323)) - 42bb30bf-6dde-4b10-b68e-ce189e81f0fd@group-FB520FCB7D25-LeaderElection28 ELECTION round 0: result PASSED
2024-01-30 07:48:41,336 [42bb30bf-6dde-4b10-b68e-ce189e81f0fd@group-FB520FCB7D25-LeaderElection28] INFO  impl.RoleInfo (RoleInfo.java:shutdownLeaderElection(130)) - 42bb30bf-6dde-4b10-b68e-ce189e81f0fd: shutdown 42bb30bf-6dde-4b10-b68e-ce189e81f0fd@group-FB520FCB7D25-LeaderElection28
2024-01-30 07:48:41,336 [42bb30bf-6dde-4b10-b68e-ce189e81f0fd@group-FB520FCB7D25-LeaderElection28] INFO  server.RaftServer$Division (RaftServerImpl.java:setRole(383)) - 42bb30bf-6dde-4b10-b68e-ce189e81f0fd@group-FB520FCB7D25: changes role from CANDIDATE to LEADER at term 1 for changeToLeader
2024-01-30 07:48:41,336 [42bb30bf-6dde-4b10-b68e-ce189e81f0fd@group-FB520FCB7D25-LeaderElection28] INFO  server.RaftServerConfigKeys (ConfUtils.java:logGet(46)) - raft.server.staging.catchup.gap = 1000 (default)
2024-01-30 07:48:41,336 [42bb30bf-6dde-4b10-b68e-ce189e81f0fd@group-FB520FCB7D25-LeaderElection28] INFO  server.RaftServerConfigKeys (ConfUtils.java:logGet(46)) - raft.server.write.element-limit = 1024 (custom)
2024-01-30 07:48:41,336 [42bb30bf-6dde-4b10-b68e-ce189e81f0fd@group-FB520FCB7D25-LeaderElection28] INFO  server.RaftServerConfigKeys (ConfUtils.java:logGet(46)) - raft.server.write.byte-limit = 1024 M (=1073741824) (custom)
2024-01-30 07:48:41,336 [42bb30bf-6dde-4b10-b68e-ce189e81f0fd@group-FB520FCB7D25-LeaderElection28] INFO  server.RaftServerConfigKeys (ConfUtils.java:logGet(46)) - raft.server.watch.timeout = 180s (custom)
2024-01-30 07:48:41,336 [42bb30bf-6dde-4b10-b68e-ce189e81f0fd@group-FB520FCB7D25-LeaderElection28] INFO  server.RaftServerConfigKeys (ConfUtils.java:logGet(46)) - raft.server.watch.timeout.denomination = 1s (default)
2024-01-30 07:48:41,336 [42bb30bf-6dde-4b10-b68e-ce189e81f0fd@group-FB520FCB7D25-LeaderElection28] INFO  server.RaftServerConfigKeys (ConfUtils.java:logGet(46)) - raft.server.watch.element-limit = 65536 (default)
2024-01-30 07:48:41,336 [42bb30bf-6dde-4b10-b68e-ce189e81f0fd@group-FB520FCB7D25-LeaderElection28] INFO  server.RaftServerConfigKeys (ConfUtils.java:logGet(46)) - raft.server.read.leader.lease.enabled = false (default)
2024-01-30 07:48:41,337 [42bb30bf-6dde-4b10-b68e-ce189e81f0fd@group-FB520FCB7D25-LeaderElection28] INFO  server.RaftServerConfigKeys (ConfUtils.java:logGet(46)) - raft.server.read.leader.lease.timeout.ratio = 0.9 (default)
2024-01-30 07:48:41,337 [42bb30bf-6dde-4b10-b68e-ce189e81f0fd@group-FB520FCB7D25-LeaderElection28] INFO  server.RaftServerConfigKeys (ConfUtils.java:logGet(46)) - raft.server.rpc.timeout.min = 5s (custom)
2024-01-30 07:48:41,337 [42bb30bf-6dde-4b10-b68e-ce189e81f0fd@group-FB520FCB7D25-LeaderElection28] INFO  server.RaftServerConfigKeys (ConfUtils.java:logGet(46)) - raft.server.write.element-limit = 1024 (custom)
2024-01-30 07:48:41,337 [42bb30bf-6dde-4b10-b68e-ce189e81f0fd@group-FB520FCB7D25-LeaderElection28] INFO  server.RaftServerConfigKeys (ConfUtils.java:logGet(46)) - raft.server.write.follower.gap.ratio.max = -1.0 (default)
2024-01-30 07:48:41,337 [42bb30bf-6dde-4b10-b68e-ce189e81f0fd@group-FB520FCB7D25-LeaderElection28] INFO  server.RaftServerConfigKeys (ConfUtils.java:logGet(46)) - raft.server.log.appender.snapshot.chunk.size.max = 16MB (=16777216) (default)
2024-01-30 07:48:41,337 [42bb30bf-6dde-4b10-b68e-ce189e81f0fd@group-FB520FCB7D25-LeaderElection28] INFO  server.RaftServerConfigKeys (ConfUtils.java:logGet(46)) - raft.server.log.appender.buffer.byte-limit = 8388608 (custom)
2024-01-30 07:48:41,337 [42bb30bf-6dde-4b10-b68e-ce189e81f0fd@group-FB520FCB7D25-LeaderElection28] INFO  server.RaftServerConfigKeys (ConfUtils.java:logGet(46)) - raft.server.log.appender.buffer.element-limit = 1 (custom)
2024-01-30 07:48:41,337 [42bb30bf-6dde-4b10-b68e-ce189e81f0fd@group-FB520FCB7D25-LeaderElection28] INFO  server.RaftServerConfigKeys (ConfUtils.java:logGet(46)) - raft.server.log.appender.wait-time.min = 0μs (custom)
2024-01-30 07:48:41,338 [42bb30bf-6dde-4b10-b68e-ce189e81f0fd@group-FB520FCB7D25-LeaderElection28] INFO  grpc.GrpcConfigKeys (ConfUtils.java:logGet(46)) - raft.grpc.server.leader.outstanding.appends.max = 8 (default)
2024-01-30 07:48:41,338 [42bb30bf-6dde-4b10-b68e-ce189e81f0fd@group-FB520FCB7D25-LeaderElection28] INFO  server.RaftServerConfigKeys (ConfUtils.java:logGet(46)) - raft.server.rpc.request.timeout = 60s (custom)
2024-01-30 07:48:41,338 [42bb30bf-6dde-4b10-b68e-ce189e81f0fd@group-FB520FCB7D25-LeaderElection28] INFO  grpc.GrpcConfigKeys (ConfUtils.java:logGet(46)) - raft.grpc.server.install_snapshot.request.element-limit = 8 (default)
2024-01-30 07:48:41,338 [42bb30bf-6dde-4b10-b68e-ce189e81f0fd@group-FB520FCB7D25-LeaderElection28] INFO  grpc.GrpcConfigKeys (ConfUtils.java:logGet(46)) - raft.grpc.server.install_snapshot.request.timeout = 3000ms (default)
2024-01-30 07:48:41,338 [42bb30bf-6dde-4b10-b68e-ce189e81f0fd@group-FB520FCB7D25-LeaderElection28] INFO  grpc.GrpcConfigKeys (ConfUtils.java:logGet(46)) - raft.grpc.server.log-message.batch.duration = 5s (default)
2024-01-30 07:48:41,338 [42bb30bf-6dde-4b10-b68e-ce189e81f0fd@group-FB520FCB7D25-LeaderElection28] INFO  server.RaftServerConfigKeys (ConfUtils.java:logGet(46)) - raft.server.log.appender.install.snapshot.enabled = false (custom)
2024-01-30 07:48:41,338 [42bb30bf-6dde-4b10-b68e-ce189e81f0fd@group-FB520FCB7D25-LeaderElection28] INFO  grpc.GrpcConfigKeys (ConfUtils.java:logGet(46)) - raft.grpc.server.heartbeat.channel = true (default)
2024-01-30 07:48:41,339 [42bb30bf-6dde-4b10-b68e-ce189e81f0fd@group-FB520FCB7D25-LeaderElection28] INFO  server.RaftServerConfigKeys (ConfUtils.java:logGet(46)) - raft.server.log.appender.snapshot.chunk.size.max = 16MB (=16777216) (default)
2024-01-30 07:48:41,339 [42bb30bf-6dde-4b10-b68e-ce189e81f0fd@group-FB520FCB7D25-LeaderElection28] INFO  server.RaftServerConfigKeys (ConfUtils.java:logGet(46)) - raft.server.log.appender.buffer.byte-limit = 8388608 (custom)
2024-01-30 07:48:41,339 [42bb30bf-6dde-4b10-b68e-ce189e81f0fd@group-FB520FCB7D25-LeaderElection28] INFO  server.RaftServerConfigKeys (ConfUtils.java:logGet(46)) - raft.server.log.appender.buffer.element-limit = 1 (custom)
2024-01-30 07:48:41,339 [42bb30bf-6dde-4b10-b68e-ce189e81f0fd@group-FB520FCB7D25-LeaderElection28] INFO  server.RaftServerConfigKeys (ConfUtils.java:logGet(46)) - raft.server.log.appender.wait-time.min = 0μs (custom)
2024-01-30 07:48:41,339 [42bb30bf-6dde-4b10-b68e-ce189e81f0fd@group-FB520FCB7D25-LeaderElection28] INFO  grpc.GrpcConfigKeys (ConfUtils.java:logGet(46)) - raft.grpc.server.leader.outstanding.appends.max = 8 (default)
2024-01-30 07:48:41,339 [42bb30bf-6dde-4b10-b68e-ce189e81f0fd@group-FB520FCB7D25-LeaderElection28] INFO  server.RaftServerConfigKeys (ConfUtils.java:logGet(46)) - raft.server.rpc.request.timeout = 60s (custom)
2024-01-30 07:48:41,339 [42bb30bf-6dde-4b10-b68e-ce189e81f0fd@group-FB520FCB7D25-LeaderElection28] INFO  grpc.GrpcConfigKeys (ConfUtils.java:logGet(46)) - raft.grpc.server.install_snapshot.request.element-limit = 8 (default)
2024-01-30 07:48:41,339 [42bb30bf-6dde-4b10-b68e-ce189e81f0fd@group-FB520FCB7D25-LeaderElection28] INFO  grpc.GrpcConfigKeys (ConfUtils.java:logGet(46)) - raft.grpc.server.install_snapshot.request.timeout = 3000ms (default)
2024-01-30 07:48:41,339 [42bb30bf-6dde-4b10-b68e-ce189e81f0fd@group-FB520FCB7D25-LeaderElection28] INFO  grpc.GrpcConfigKeys (ConfUtils.java:logGet(46)) - raft.grpc.server.log-message.batch.duration = 5s (default)
2024-01-30 07:48:41,339 [42bb30bf-6dde-4b10-b68e-ce189e81f0fd@group-FB520FCB7D25-LeaderElection28] INFO  server.RaftServerConfigKeys (ConfUtils.java:logGet(46)) - raft.server.log.appender.install.snapshot.enabled = false (custom)
2024-01-30 07:48:41,339 [42bb30bf-6dde-4b10-b68e-ce189e81f0fd@group-FB520FCB7D25-LeaderElection28] INFO  grpc.GrpcConfigKeys (ConfUtils.java:logGet(46)) - raft.grpc.server.heartbeat.channel = true (default)
2024-01-30 07:48:41,340 [42bb30bf-6dde-4b10-b68e-ce189e81f0fd@group-FB520FCB7D25-LeaderElection28] INFO  impl.RoleInfo (RoleInfo.java:updateAndGet(139)) - 42bb30bf-6dde-4b10-b68e-ce189e81f0fd: start 42bb30bf-6dde-4b10-b68e-ce189e81f0fd@group-FB520FCB7D25-LeaderStateImpl
2024-01-30 07:48:41,340 [42bb30bf-6dde-4b10-b68e-ce189e81f0fd@group-FB520FCB7D25-LeaderElection28] INFO  server.RaftServer$Division (RaftServerImpl.java:setFirstElection(574)) - 42bb30bf-6dde-4b10-b68e-ce189e81f0fd@group-FB520FCB7D25: set firstElectionSinceStartup to false for becomeLeader
2024-01-30 07:48:41,340 [42bb30bf-6dde-4b10-b68e-ce189e81f0fd@group-FB520FCB7D25-LeaderElection28] INFO  ratis.XceiverServerRatis (XceiverServerRatis.java:handleLeaderChangedNotification(966)) - Leader change notification received for group: group-FB520FCB7D25 with new leaderId: 42bb30bf-6dde-4b10-b68e-ce189e81f0fd
2024-01-30 07:48:41,340 [42bb30bf-6dde-4b10-b68e-ce189e81f0fd@group-FB520FCB7D25-LeaderElection28] INFO  server.RaftServer$Division (ServerState.java:setLeader(269)) - 42bb30bf-6dde-4b10-b68e-ce189e81f0fd@group-FB520FCB7D25: change Leader from null to 42bb30bf-6dde-4b10-b68e-ce189e81f0fd at term 1 for becomeLeader, leader elected after 5047ms
2024-01-30 07:48:41,340 [42bb30bf-6dde-4b10-b68e-ce189e81f0fd@group-FB520FCB7D25-LeaderElection28] INFO  segmented.SegmentedRaftLogWorker (SegmentedRaftLogWorker.java:startLogSegment(430)) - 42bb30bf-6dde-4b10-b68e-ce189e81f0fd@group-FB520FCB7D25-SegmentedRaftLogWorker: Starting segment from index:0
2024-01-30 07:48:41,341 [42bb30bf-6dde-4b10-b68e-ce189e81f0fd@group-FB520FCB7D25-LeaderElection28] INFO  server.RaftServer$Division (ServerState.java:setRaftConf(386)) - 42bb30bf-6dde-4b10-b68e-ce189e81f0fd@group-FB520FCB7D25: set configuration 0: peers:[42bb30bf-6dde-4b10-b68e-ce189e81f0fd|10.1.0.48:15156, 53433fb8-bbf6-4d1d-a4a4-8c4d503fb949|10.1.0.48:15147, 33e454d1-da2d-4d19-a678-883106399134|10.1.0.48:15138]|listeners:[], old=null
2024-01-30 07:48:41,342 [42bb30bf-6dde-4b10-b68e-ce189e81f0fd@group-FB520FCB7D25-SegmentedRaftLogWorker] INFO  segmented.BufferedWriteChannel (BufferedWriteChannel.java:open(62)) - open log_inprogress_0 at position 0
2024-01-30 07:48:41,345 [EventQueue-PipelineReportForPipelineReportHandler] INFO  pipeline.PipelineReportHandler (PipelineReportHandler.java:processPipelineReport(136)) - Opened pipeline PipelineID=eb067bd9-c5d6-4c68-8b2a-fb520fcb7d25
2024-01-30 07:48:41,348 [53433fb8-bbf6-4d1d-a4a4-8c4d503fb949-server-thread1] INFO  ratis.XceiverServerRatis (XceiverServerRatis.java:handleLeaderChangedNotification(966)) - Leader change notification received for group: group-FB520FCB7D25 with new leaderId: 42bb30bf-6dde-4b10-b68e-ce189e81f0fd
2024-01-30 07:48:41,348 [53433fb8-bbf6-4d1d-a4a4-8c4d503fb949-server-thread1] INFO  server.RaftServer$Division (ServerState.java:setLeader(269)) - 53433fb8-bbf6-4d1d-a4a4-8c4d503fb949@group-FB520FCB7D25: change Leader from null to 42bb30bf-6dde-4b10-b68e-ce189e81f0fd at term 1 for appendEntries, leader elected after 5031ms
2024-01-30 07:48:41,349 [33e454d1-da2d-4d19-a678-883106399134-server-thread1] INFO  ratis.XceiverServerRatis (XceiverServerRatis.java:handleLeaderChangedNotification(966)) - Leader change notification received for group: group-FB520FCB7D25 with new leaderId: 42bb30bf-6dde-4b10-b68e-ce189e81f0fd
2024-01-30 07:48:41,349 [33e454d1-da2d-4d19-a678-883106399134-server-thread1] INFO  server.RaftServer$Division (ServerState.java:setLeader(269)) - 33e454d1-da2d-4d19-a678-883106399134@group-FB520FCB7D25: change Leader from null to 42bb30bf-6dde-4b10-b68e-ce189e81f0fd at term 1 for appendEntries, leader elected after 5073ms
2024-01-30 07:48:41,351 [53433fb8-bbf6-4d1d-a4a4-8c4d503fb949-server-thread2] INFO  server.RaftServer$Division (ServerState.java:setRaftConf(386)) - 53433fb8-bbf6-4d1d-a4a4-8c4d503fb949@group-FB520FCB7D25: set configuration 0: peers:[42bb30bf-6dde-4b10-b68e-ce189e81f0fd|10.1.0.48:15156, 53433fb8-bbf6-4d1d-a4a4-8c4d503fb949|10.1.0.48:15147, 33e454d1-da2d-4d19-a678-883106399134|10.1.0.48:15138]|listeners:[], old=null
2024-01-30 07:48:41,351 [33e454d1-da2d-4d19-a678-883106399134-server-thread2] INFO  server.RaftServer$Division (ServerState.java:setRaftConf(386)) - 33e454d1-da2d-4d19-a678-883106399134@group-FB520FCB7D25: set configuration 0: peers:[42bb30bf-6dde-4b10-b68e-ce189e81f0fd|10.1.0.48:15156, 53433fb8-bbf6-4d1d-a4a4-8c4d503fb949|10.1.0.48:15147, 33e454d1-da2d-4d19-a678-883106399134|10.1.0.48:15138]|listeners:[], old=null
2024-01-30 07:48:41,351 [33e454d1-da2d-4d19-a678-883106399134-server-thread2] INFO  segmented.SegmentedRaftLogWorker (SegmentedRaftLogWorker.java:startLogSegment(430)) - 33e454d1-da2d-4d19-a678-883106399134@group-FB520FCB7D25-SegmentedRaftLogWorker: Starting segment from index:0
2024-01-30 07:48:41,351 [53433fb8-bbf6-4d1d-a4a4-8c4d503fb949-server-thread2] INFO  segmented.SegmentedRaftLogWorker (SegmentedRaftLogWorker.java:startLogSegment(430)) - 53433fb8-bbf6-4d1d-a4a4-8c4d503fb949@group-FB520FCB7D25-SegmentedRaftLogWorker: Starting segment from index:0
2024-01-30 07:48:41,352 [42bb30bf-6dde-4b10-b68e-ce189e81f0fd@group-FB520FCB7D25-SegmentedRaftLogWorker] INFO  segmented.SegmentedRaftLogWorker (SegmentedRaftLogWorker.java:execute(634)) - 42bb30bf-6dde-4b10-b68e-ce189e81f0fd@group-FB520FCB7D25-SegmentedRaftLogWorker: created new log segment /home/runner/work/ozone/ozone/hadoop-ozone/integration-test/target/test-dir/MiniOzoneClusterImpl-22134a4f-1b78-467c-b266-ccfd401dbc1a/datanode-5/data/ratis/eb067bd9-c5d6-4c68-8b2a-fb520fcb7d25/current/log_inprogress_0
2024-01-30 07:48:41,353 [33e454d1-da2d-4d19-a678-883106399134@group-FB520FCB7D25-SegmentedRaftLogWorker] INFO  segmented.BufferedWriteChannel (BufferedWriteChannel.java:open(62)) - open log_inprogress_0 at position 0
2024-01-30 07:48:41,353 [53433fb8-bbf6-4d1d-a4a4-8c4d503fb949@group-FB520FCB7D25-SegmentedRaftLogWorker] INFO  segmented.BufferedWriteChannel (BufferedWriteChannel.java:open(62)) - open log_inprogress_0 at position 0
2024-01-30 07:48:41,360 [33e454d1-da2d-4d19-a678-883106399134@group-D8FDF9F2816D-FollowerState] INFO  impl.FollowerState (FollowerState.java:run(143)) - 33e454d1-da2d-4d19-a678-883106399134@group-D8FDF9F2816D-FollowerState: change to CANDIDATE, lastRpcElapsedTime:5018392181ns, electionTimeout:5018ms
2024-01-30 07:48:41,360 [33e454d1-da2d-4d19-a678-883106399134@group-D8FDF9F2816D-FollowerState] INFO  impl.RoleInfo (RoleInfo.java:shutdownFollowerState(110)) - 33e454d1-da2d-4d19-a678-883106399134: shutdown 33e454d1-da2d-4d19-a678-883106399134@group-D8FDF9F2816D-FollowerState
2024-01-30 07:48:41,360 [33e454d1-da2d-4d19-a678-883106399134@group-D8FDF9F2816D-FollowerState] INFO  server.RaftServer$Division (RaftServerImpl.java:setRole(383)) - 33e454d1-da2d-4d19-a678-883106399134@group-D8FDF9F2816D: changes role from  FOLLOWER to CANDIDATE at term 0 for changeToCandidate
2024-01-30 07:48:41,360 [33e454d1-da2d-4d19-a678-883106399134@group-D8FDF9F2816D-FollowerState] INFO  server.RaftServerConfigKeys (ConfUtils.java:logGet(46)) - raft.server.leaderelection.pre-vote = true (default)
2024-01-30 07:48:41,360 [33e454d1-da2d-4d19-a678-883106399134@group-D8FDF9F2816D-FollowerState] INFO  impl.RoleInfo (RoleInfo.java:updateAndGet(139)) - 33e454d1-da2d-4d19-a678-883106399134: start 33e454d1-da2d-4d19-a678-883106399134@group-D8FDF9F2816D-LeaderElection29
2024-01-30 07:48:41,361 [33e454d1-da2d-4d19-a678-883106399134@group-D8FDF9F2816D-LeaderElection29] INFO  impl.LeaderElection (LeaderElection.java:askForVotes(321)) - 33e454d1-da2d-4d19-a678-883106399134@group-D8FDF9F2816D-LeaderElection29 PRE_VOTE round 0: submit vote requests at term 0 for -1: peers:[42bb30bf-6dde-4b10-b68e-ce189e81f0fd|10.1.0.48:15156, 53433fb8-bbf6-4d1d-a4a4-8c4d503fb949|10.1.0.48:15147, 33e454d1-da2d-4d19-a678-883106399134|10.1.0.48:15138]|listeners:[], old=null
2024-01-30 07:48:41,364 [33e454d1-da2d-4d19-a678-883106399134@group-FB520FCB7D25-SegmentedRaftLogWorker] INFO  segmented.SegmentedRaftLogWorker (SegmentedRaftLogWorker.java:execute(634)) - 33e454d1-da2d-4d19-a678-883106399134@group-FB520FCB7D25-SegmentedRaftLogWorker: created new log segment /home/runner/work/ozone/ozone/hadoop-ozone/integration-test/target/test-dir/MiniOzoneClusterImpl-22134a4f-1b78-467c-b266-ccfd401dbc1a/datanode-3/data/ratis/eb067bd9-c5d6-4c68-8b2a-fb520fcb7d25/current/log_inprogress_0
2024-01-30 07:48:41,364 [33e454d1-da2d-4d19-a678-883106399134@group-D8FDF9F2816D-LeaderElection29] INFO  server.RaftServerConfigKeys (ConfUtils.java:logFallback(53)) - raft.server.rpc.first-election.timeout.min = 5s (fallback to raft.server.rpc.timeout.min)
2024-01-30 07:48:41,364 [33e454d1-da2d-4d19-a678-883106399134@group-D8FDF9F2816D-LeaderElection29-1] INFO  server.GrpcServerProtocolClient (GrpcServerProtocolClient.java:<init>(65)) - Build channel for 42bb30bf-6dde-4b10-b68e-ce189e81f0fd|10.1.0.48:15156
2024-01-30 07:48:41,364 [33e454d1-da2d-4d19-a678-883106399134@group-D8FDF9F2816D-LeaderElection29-2] INFO  server.GrpcServerProtocolClient (GrpcServerProtocolClient.java:<init>(65)) - Build channel for 53433fb8-bbf6-4d1d-a4a4-8c4d503fb949|10.1.0.48:15147
2024-01-30 07:48:41,364 [53433fb8-bbf6-4d1d-a4a4-8c4d503fb949@group-FB520FCB7D25-SegmentedRaftLogWorker] INFO  segmented.SegmentedRaftLogWorker (SegmentedRaftLogWorker.java:execute(634)) - 53433fb8-bbf6-4d1d-a4a4-8c4d503fb949@group-FB520FCB7D25-SegmentedRaftLogWorker: created new log segment /home/runner/work/ozone/ozone/hadoop-ozone/integration-test/target/test-dir/MiniOzoneClusterImpl-22134a4f-1b78-467c-b266-ccfd401dbc1a/datanode-4/data/ratis/eb067bd9-c5d6-4c68-8b2a-fb520fcb7d25/current/log_inprogress_0
2024-01-30 07:48:41,364 [33e454d1-da2d-4d19-a678-883106399134@group-D8FDF9F2816D-LeaderElection29] INFO  server.RaftServerConfigKeys (ConfUtils.java:logFallback(53)) - raft.server.rpc.first-election.timeout.max = 5200ms (fallback to raft.server.rpc.timeout.max)
2024-01-30 07:48:41,366 [42bb30bf-6dde-4b10-b68e-ce189e81f0fd@group-FB520FCB7D25-StateMachineUpdater] INFO  server.RaftServer$Division (LeaderStateImpl.java:isApplied(320)) - leader is ready since appliedIndex == 0 >= startIndex == 0
2024-01-30 07:48:41,372 [grpc-default-executor-6] INFO  server.RaftServer$Division (RaftServerImpl.java:requestVote(1389)) - 42bb30bf-6dde-4b10-b68e-ce189e81f0fd@group-D8FDF9F2816D: receive requestVote(PRE_VOTE, 33e454d1-da2d-4d19-a678-883106399134, group-D8FDF9F2816D, 0, (t:0, i:0))
2024-01-30 07:48:41,372 [grpc-default-executor-6] INFO  impl.VoteContext (VoteContext.java:log(49)) - 42bb30bf-6dde-4b10-b68e-ce189e81f0fd@group-D8FDF9F2816D-FOLLOWER: accept PRE_VOTE from 33e454d1-da2d-4d19-a678-883106399134: our priority 0 <= candidate's priority 1
2024-01-30 07:48:41,372 [grpc-default-executor-6] INFO  server.RaftServer$Division (RaftServerImpl.java:requestVote(1422)) - 42bb30bf-6dde-4b10-b68e-ce189e81f0fd@group-D8FDF9F2816D replies to PRE_VOTE vote request: 33e454d1-da2d-4d19-a678-883106399134<-42bb30bf-6dde-4b10-b68e-ce189e81f0fd#0:OK-t0. Peer's state: 42bb30bf-6dde-4b10-b68e-ce189e81f0fd@group-D8FDF9F2816D:t0, leader=null, voted=, raftlog=Memoized:42bb30bf-6dde-4b10-b68e-ce189e81f0fd@group-D8FDF9F2816D-SegmentedRaftLog:OPENED:c-1, conf=-1: peers:[42bb30bf-6dde-4b10-b68e-ce189e81f0fd|10.1.0.48:15156, 53433fb8-bbf6-4d1d-a4a4-8c4d503fb949|10.1.0.48:15147, 33e454d1-da2d-4d19-a678-883106399134|10.1.0.48:15138]|listeners:[], old=null
2024-01-30 07:48:41,374 [33e454d1-da2d-4d19-a678-883106399134@group-D8FDF9F2816D-LeaderElection29] INFO  impl.LeaderElection (LeaderElection.java:logAndReturn(89)) - 33e454d1-da2d-4d19-a678-883106399134@group-D8FDF9F2816D-LeaderElection29: PRE_VOTE PASSED received 1 response(s) and 0 exception(s):
2024-01-30 07:48:41,374 [33e454d1-da2d-4d19-a678-883106399134@group-D8FDF9F2816D-LeaderElection29] INFO  impl.LeaderElection (LeaderElection.java:logAndReturn(93)) -   Response 0: 33e454d1-da2d-4d19-a678-883106399134<-42bb30bf-6dde-4b10-b68e-ce189e81f0fd#0:OK-t0
2024-01-30 07:48:41,374 [33e454d1-da2d-4d19-a678-883106399134@group-D8FDF9F2816D-LeaderElection29] INFO  impl.LeaderElection (LeaderElection.java:askForVotes(323)) - 33e454d1-da2d-4d19-a678-883106399134@group-D8FDF9F2816D-LeaderElection29 PRE_VOTE round 0: result PASSED
2024-01-30 07:48:41,375 [grpc-default-executor-6] INFO  server.RaftServer$Division (RaftServerImpl.java:requestVote(1389)) - 53433fb8-bbf6-4d1d-a4a4-8c4d503fb949@group-D8FDF9F2816D: receive requestVote(PRE_VOTE, 33e454d1-da2d-4d19-a678-883106399134, group-D8FDF9F2816D, 0, (t:0, i:0))
2024-01-30 07:48:41,375 [grpc-default-executor-6] INFO  impl.VoteContext (VoteContext.java:log(49)) - 53433fb8-bbf6-4d1d-a4a4-8c4d503fb949@group-D8FDF9F2816D-FOLLOWER: accept PRE_VOTE from 33e454d1-da2d-4d19-a678-883106399134: our priority 0 <= candidate's priority 1
2024-01-30 07:48:41,375 [grpc-default-executor-6] INFO  server.RaftServer$Division (RaftServerImpl.java:requestVote(1422)) - 53433fb8-bbf6-4d1d-a4a4-8c4d503fb949@group-D8FDF9F2816D replies to PRE_VOTE vote request: 33e454d1-da2d-4d19-a678-883106399134<-53433fb8-bbf6-4d1d-a4a4-8c4d503fb949#0:OK-t0. Peer's state: 53433fb8-bbf6-4d1d-a4a4-8c4d503fb949@group-D8FDF9F2816D:t0, leader=null, voted=, raftlog=Memoized:53433fb8-bbf6-4d1d-a4a4-8c4d503fb949@group-D8FDF9F2816D-SegmentedRaftLog:OPENED:c-1, conf=-1: peers:[42bb30bf-6dde-4b10-b68e-ce189e81f0fd|10.1.0.48:15156, 53433fb8-bbf6-4d1d-a4a4-8c4d503fb949|10.1.0.48:15147, 33e454d1-da2d-4d19-a678-883106399134|10.1.0.48:15138]|listeners:[], old=null
2024-01-30 07:48:41,376 [33e454d1-da2d-4d19-a678-883106399134@group-D8FDF9F2816D-LeaderElection29] INFO  impl.LeaderElection (LeaderElection.java:askForVotes(321)) - 33e454d1-da2d-4d19-a678-883106399134@group-D8FDF9F2816D-LeaderElection29 ELECTION round 0: submit vote requests at term 1 for -1: peers:[42bb30bf-6dde-4b10-b68e-ce189e81f0fd|10.1.0.48:15156, 53433fb8-bbf6-4d1d-a4a4-8c4d503fb949|10.1.0.48:15147, 33e454d1-da2d-4d19-a678-883106399134|10.1.0.48:15138]|listeners:[], old=null
2024-01-30 07:48:41,379 [33e454d1-da2d-4d19-a678-883106399134@group-D8FDF9F2816D-LeaderElection29] INFO  server.RaftServerConfigKeys (ConfUtils.java:logFallback(53)) - raft.server.rpc.first-election.timeout.min = 5s (fallback to raft.server.rpc.timeout.min)
2024-01-30 07:48:41,380 [33e454d1-da2d-4d19-a678-883106399134@group-D8FDF9F2816D-LeaderElection29] INFO  server.RaftServerConfigKeys (ConfUtils.java:logFallback(53)) - raft.server.rpc.first-election.timeout.max = 5200ms (fallback to raft.server.rpc.timeout.max)
2024-01-30 07:48:41,380 [grpc-default-executor-6] INFO  server.RaftServer$Division (RaftServerImpl.java:requestVote(1389)) - 53433fb8-bbf6-4d1d-a4a4-8c4d503fb949@group-D8FDF9F2816D: receive requestVote(ELECTION, 33e454d1-da2d-4d19-a678-883106399134, group-D8FDF9F2816D, 1, (t:0, i:0))
2024-01-30 07:48:41,380 [grpc-default-executor-6] INFO  impl.VoteContext (VoteContext.java:log(49)) - 53433fb8-bbf6-4d1d-a4a4-8c4d503fb949@group-D8FDF9F2816D-FOLLOWER: accept ELECTION from 33e454d1-da2d-4d19-a678-883106399134: our priority 0 <= candidate's priority 1
2024-01-30 07:48:41,380 [grpc-default-executor-6] INFO  server.RaftServer$Division (RaftServerImpl.java:setRole(383)) - 53433fb8-bbf6-4d1d-a4a4-8c4d503fb949@group-D8FDF9F2816D: changes role from  FOLLOWER to FOLLOWER at term 1 for candidate:33e454d1-da2d-4d19-a678-883106399134
2024-01-30 07:48:41,380 [grpc-default-executor-6] INFO  impl.RoleInfo (RoleInfo.java:shutdownFollowerState(110)) - 53433fb8-bbf6-4d1d-a4a4-8c4d503fb949: shutdown 53433fb8-bbf6-4d1d-a4a4-8c4d503fb949@group-D8FDF9F2816D-FollowerState
2024-01-30 07:48:41,380 [grpc-default-executor-6] INFO  impl.RoleInfo (RoleInfo.java:updateAndGet(139)) - 53433fb8-bbf6-4d1d-a4a4-8c4d503fb949: start 53433fb8-bbf6-4d1d-a4a4-8c4d503fb949@group-D8FDF9F2816D-FollowerState
2024-01-30 07:48:41,380 [53433fb8-bbf6-4d1d-a4a4-8c4d503fb949@group-D8FDF9F2816D-FollowerState] INFO  impl.FollowerState (FollowerState.java:run(152)) - 53433fb8-bbf6-4d1d-a4a4-8c4d503fb949@group-D8FDF9F2816D-FollowerState was interrupted
2024-01-30 07:48:41,381 [grpc-default-executor-6] INFO  server.RaftServer$Division (RaftServerImpl.java:setFirstElection(574)) - 53433fb8-bbf6-4d1d-a4a4-8c4d503fb949@group-D8FDF9F2816D: set firstElectionSinceStartup to false for candidate:33e454d1-da2d-4d19-a678-883106399134
2024-01-30 07:48:41,387 [grpc-default-executor-7] INFO  server.RaftServer$Division (RaftServerImpl.java:requestVote(1389)) - 42bb30bf-6dde-4b10-b68e-ce189e81f0fd@group-D8FDF9F2816D: receive requestVote(ELECTION, 33e454d1-da2d-4d19-a678-883106399134, group-D8FDF9F2816D, 1, (t:0, i:0))
2024-01-30 07:48:41,388 [grpc-default-executor-7] INFO  impl.VoteContext (VoteContext.java:log(49)) - 42bb30bf-6dde-4b10-b68e-ce189e81f0fd@group-D8FDF9F2816D-FOLLOWER: accept ELECTION from 33e454d1-da2d-4d19-a678-883106399134: our priority 0 <= candidate's priority 1
2024-01-30 07:48:41,388 [grpc-default-executor-7] INFO  server.RaftServer$Division (RaftServerImpl.java:setRole(383)) - 42bb30bf-6dde-4b10-b68e-ce189e81f0fd@group-D8FDF9F2816D: changes role from  FOLLOWER to FOLLOWER at term 1 for candidate:33e454d1-da2d-4d19-a678-883106399134
2024-01-30 07:48:41,388 [grpc-default-executor-7] INFO  impl.RoleInfo (RoleInfo.java:shutdownFollowerState(110)) - 42bb30bf-6dde-4b10-b68e-ce189e81f0fd: shutdown 42bb30bf-6dde-4b10-b68e-ce189e81f0fd@group-D8FDF9F2816D-FollowerState
2024-01-30 07:48:41,388 [grpc-default-executor-6] INFO  server.RaftServer$Division (RaftServerImpl.java:requestVote(1422)) - 53433fb8-bbf6-4d1d-a4a4-8c4d503fb949@group-D8FDF9F2816D replies to ELECTION vote request: 33e454d1-da2d-4d19-a678-883106399134<-53433fb8-bbf6-4d1d-a4a4-8c4d503fb949#0:OK-t1. Peer's state: 53433fb8-bbf6-4d1d-a4a4-8c4d503fb949@group-D8FDF9F2816D:t1, leader=null, voted=33e454d1-da2d-4d19-a678-883106399134, raftlog=Memoized:53433fb8-bbf6-4d1d-a4a4-8c4d503fb949@group-D8FDF9F2816D-SegmentedRaftLog:OPENED:c-1, conf=-1: peers:[42bb30bf-6dde-4b10-b68e-ce189e81f0fd|10.1.0.48:15156, 53433fb8-bbf6-4d1d-a4a4-8c4d503fb949|10.1.0.48:15147, 33e454d1-da2d-4d19-a678-883106399134|10.1.0.48:15138]|listeners:[], old=null
2024-01-30 07:48:41,388 [grpc-default-executor-7] INFO  impl.RoleInfo (RoleInfo.java:updateAndGet(139)) - 42bb30bf-6dde-4b10-b68e-ce189e81f0fd: start 42bb30bf-6dde-4b10-b68e-ce189e81f0fd@group-D8FDF9F2816D-FollowerState
2024-01-30 07:48:41,389 [grpc-default-executor-7] INFO  server.RaftServer$Division (RaftServerImpl.java:setFirstElection(574)) - 42bb30bf-6dde-4b10-b68e-ce189e81f0fd@group-D8FDF9F2816D: set firstElectionSinceStartup to false for candidate:33e454d1-da2d-4d19-a678-883106399134
2024-01-30 07:48:41,389 [42bb30bf-6dde-4b10-b68e-ce189e81f0fd@group-D8FDF9F2816D-FollowerState] INFO  impl.FollowerState (FollowerState.java:run(152)) - 42bb30bf-6dde-4b10-b68e-ce189e81f0fd@group-D8FDF9F2816D-FollowerState was interrupted
2024-01-30 07:48:41,390 [33e454d1-da2d-4d19-a678-883106399134@group-D8FDF9F2816D-LeaderElection29] INFO  impl.LeaderElection (LeaderElection.java:logAndReturn(89)) - 33e454d1-da2d-4d19-a678-883106399134@group-D8FDF9F2816D-LeaderElection29: ELECTION PASSED received 1 response(s) and 0 exception(s):
2024-01-30 07:48:41,390 [33e454d1-da2d-4d19-a678-883106399134@group-D8FDF9F2816D-LeaderElection29] INFO  impl.LeaderElection (LeaderElection.java:logAndReturn(93)) -   Response 0: 33e454d1-da2d-4d19-a678-883106399134<-53433fb8-bbf6-4d1d-a4a4-8c4d503fb949#0:OK-t1
2024-01-30 07:48:41,390 [33e454d1-da2d-4d19-a678-883106399134@group-D8FDF9F2816D-LeaderElection29] INFO  impl.LeaderElection (LeaderElection.java:askForVotes(323)) - 33e454d1-da2d-4d19-a678-883106399134@group-D8FDF9F2816D-LeaderElection29 ELECTION round 0: result PASSED
2024-01-30 07:48:41,390 [33e454d1-da2d-4d19-a678-883106399134@group-D8FDF9F2816D-LeaderElection29] INFO  impl.RoleInfo (RoleInfo.java:shutdownLeaderElection(130)) - 33e454d1-da2d-4d19-a678-883106399134: shutdown 33e454d1-da2d-4d19-a678-883106399134@group-D8FDF9F2816D-LeaderElection29
2024-01-30 07:48:41,390 [33e454d1-da2d-4d19-a678-883106399134@group-D8FDF9F2816D-LeaderElection29] INFO  server.RaftServer$Division (RaftServerImpl.java:setRole(383)) - 33e454d1-da2d-4d19-a678-883106399134@group-D8FDF9F2816D: changes role from CANDIDATE to LEADER at term 1 for changeToLeader
2024-01-30 07:48:41,390 [33e454d1-da2d-4d19-a678-883106399134@group-D8FDF9F2816D-LeaderElection29] INFO  server.RaftServerConfigKeys (ConfUtils.java:logGet(46)) - raft.server.staging.catchup.gap = 1000 (default)
2024-01-30 07:48:41,391 [33e454d1-da2d-4d19-a678-883106399134@group-D8FDF9F2816D-LeaderElection29] INFO  server.RaftServerConfigKeys (ConfUtils.java:logGet(46)) - raft.server.write.element-limit = 1024 (custom)
2024-01-30 07:48:41,391 [grpc-default-executor-7] INFO  server.RaftServer$Division (RaftServerImpl.java:requestVote(1422)) - 42bb30bf-6dde-4b10-b68e-ce189e81f0fd@group-D8FDF9F2816D replies to ELECTION vote request: 33e454d1-da2d-4d19-a678-883106399134<-42bb30bf-6dde-4b10-b68e-ce189e81f0fd#0:OK-t1. Peer's state: 42bb30bf-6dde-4b10-b68e-ce189e81f0fd@group-D8FDF9F2816D:t1, leader=null, voted=33e454d1-da2d-4d19-a678-883106399134, raftlog=Memoized:42bb30bf-6dde-4b10-b68e-ce189e81f0fd@group-D8FDF9F2816D-SegmentedRaftLog:OPENED:c-1, conf=-1: peers:[42bb30bf-6dde-4b10-b68e-ce189e81f0fd|10.1.0.48:15156, 53433fb8-bbf6-4d1d-a4a4-8c4d503fb949|10.1.0.48:15147, 33e454d1-da2d-4d19-a678-883106399134|10.1.0.48:15138]|listeners:[], old=null
2024-01-30 07:48:41,391 [33e454d1-da2d-4d19-a678-883106399134@group-D8FDF9F2816D-LeaderElection29] INFO  server.RaftServerConfigKeys (ConfUtils.java:logGet(46)) - raft.server.write.byte-limit = 1024 M (=1073741824) (custom)
2024-01-30 07:48:41,391 [33e454d1-da2d-4d19-a678-883106399134@group-D8FDF9F2816D-LeaderElection29] INFO  server.RaftServerConfigKeys (ConfUtils.java:logGet(46)) - raft.server.watch.timeout = 180s (custom)
2024-01-30 07:48:41,391 [33e454d1-da2d-4d19-a678-883106399134@group-D8FDF9F2816D-LeaderElection29] INFO  server.RaftServerConfigKeys (ConfUtils.java:logGet(46)) - raft.server.watch.timeout.denomination = 1s (default)
2024-01-30 07:48:41,391 [33e454d1-da2d-4d19-a678-883106399134@group-D8FDF9F2816D-LeaderElection29] INFO  server.RaftServerConfigKeys (ConfUtils.java:logGet(46)) - raft.server.watch.element-limit = 65536 (default)
2024-01-30 07:48:41,391 [33e454d1-da2d-4d19-a678-883106399134@group-D8FDF9F2816D-LeaderElection29] INFO  server.RaftServerConfigKeys (ConfUtils.java:logGet(46)) - raft.server.read.leader.lease.enabled = false (default)
2024-01-30 07:48:41,391 [33e454d1-da2d-4d19-a678-883106399134@group-D8FDF9F2816D-LeaderElection29] INFO  server.RaftServerConfigKeys (ConfUtils.java:logGet(46)) - raft.server.read.leader.lease.timeout.ratio = 0.9 (default)
2024-01-30 07:48:41,391 [33e454d1-da2d-4d19-a678-883106399134@group-D8FDF9F2816D-LeaderElection29] INFO  server.RaftServerConfigKeys (ConfUtils.java:logGet(46)) - raft.server.rpc.timeout.min = 5s (custom)
2024-01-30 07:48:41,391 [33e454d1-da2d-4d19-a678-883106399134@group-D8FDF9F2816D-LeaderElection29] INFO  server.RaftServerConfigKeys (ConfUtils.java:logGet(46)) - raft.server.write.element-limit = 1024 (custom)
2024-01-30 07:48:41,391 [33e454d1-da2d-4d19-a678-883106399134@group-D8FDF9F2816D-LeaderElection29] INFO  server.RaftServerConfigKeys (ConfUtils.java:logGet(46)) - raft.server.write.follower.gap.ratio.max = -1.0 (default)
2024-01-30 07:48:41,392 [33e454d1-da2d-4d19-a678-883106399134@group-D8FDF9F2816D-LeaderElection29] INFO  server.RaftServerConfigKeys (ConfUtils.java:logGet(46)) - raft.server.log.appender.snapshot.chunk.size.max = 16MB (=16777216) (default)
2024-01-30 07:48:41,392 [33e454d1-da2d-4d19-a678-883106399134@group-D8FDF9F2816D-LeaderElection29] INFO  server.RaftServerConfigKeys (ConfUtils.java:logGet(46)) - raft.server.log.appender.buffer.byte-limit = 8388608 (custom)
2024-01-30 07:48:41,392 [33e454d1-da2d-4d19-a678-883106399134@group-D8FDF9F2816D-LeaderElection29] INFO  server.RaftServerConfigKeys (ConfUtils.java:logGet(46)) - raft.server.log.appender.buffer.element-limit = 1 (custom)
2024-01-30 07:48:41,392 [33e454d1-da2d-4d19-a678-883106399134@group-D8FDF9F2816D-LeaderElection29] INFO  server.RaftServerConfigKeys (ConfUtils.java:logGet(46)) - raft.server.log.appender.wait-time.min = 0μs (custom)
2024-01-30 07:48:41,392 [33e454d1-da2d-4d19-a678-883106399134@group-D8FDF9F2816D-LeaderElection29] INFO  grpc.GrpcConfigKeys (ConfUtils.java:logGet(46)) - raft.grpc.server.leader.outstanding.appends.max = 8 (default)
2024-01-30 07:48:41,392 [33e454d1-da2d-4d19-a678-883106399134@group-D8FDF9F2816D-LeaderElection29] INFO  server.RaftServerConfigKeys (ConfUtils.java:logGet(46)) - raft.server.rpc.request.timeout = 60s (custom)
2024-01-30 07:48:41,392 [33e454d1-da2d-4d19-a678-883106399134@group-D8FDF9F2816D-LeaderElection29] INFO  grpc.GrpcConfigKeys (ConfUtils.java:logGet(46)) - raft.grpc.server.install_snapshot.request.element-limit = 8 (default)
2024-01-30 07:48:41,392 [33e454d1-da2d-4d19-a678-883106399134@group-D8FDF9F2816D-LeaderElection29] INFO  grpc.GrpcConfigKeys (ConfUtils.java:logGet(46)) - raft.grpc.server.install_snapshot.request.timeout = 3000ms (default)
2024-01-30 07:48:41,392 [33e454d1-da2d-4d19-a678-883106399134@group-D8FDF9F2816D-LeaderElection29] INFO  grpc.GrpcConfigKeys (ConfUtils.java:logGet(46)) - raft.grpc.server.log-message.batch.duration = 5s (default)
2024-01-30 07:48:41,392 [33e454d1-da2d-4d19-a678-883106399134@group-D8FDF9F2816D-LeaderElection29] INFO  server.RaftServerConfigKeys (ConfUtils.java:logGet(46)) - raft.server.log.appender.install.snapshot.enabled = false (custom)
2024-01-30 07:48:41,392 [33e454d1-da2d-4d19-a678-883106399134@group-D8FDF9F2816D-LeaderElection29] INFO  grpc.GrpcConfigKeys (ConfUtils.java:logGet(46)) - raft.grpc.server.heartbeat.channel = true (default)
2024-01-30 07:48:41,393 [33e454d1-da2d-4d19-a678-883106399134@group-D8FDF9F2816D-LeaderElection29] INFO  server.RaftServerConfigKeys (ConfUtils.java:logGet(46)) - raft.server.log.appender.snapshot.chunk.size.max = 16MB (=16777216) (default)
2024-01-30 07:48:41,393 [33e454d1-da2d-4d19-a678-883106399134@group-D8FDF9F2816D-LeaderElection29] INFO  server.RaftServerConfigKeys (ConfUtils.java:logGet(46)) - raft.server.log.appender.buffer.byte-limit = 8388608 (custom)
2024-01-30 07:48:41,393 [33e454d1-da2d-4d19-a678-883106399134@group-D8FDF9F2816D-LeaderElection29] INFO  server.RaftServerConfigKeys (ConfUtils.java:logGet(46)) - raft.server.log.appender.buffer.element-limit = 1 (custom)
2024-01-30 07:48:41,393 [33e454d1-da2d-4d19-a678-883106399134@group-D8FDF9F2816D-LeaderElection29] INFO  server.RaftServerConfigKeys (ConfUtils.java:logGet(46)) - raft.server.log.appender.wait-time.min = 0μs (custom)
2024-01-30 07:48:41,393 [33e454d1-da2d-4d19-a678-883106399134@group-D8FDF9F2816D-LeaderElection29] INFO  grpc.GrpcConfigKeys (ConfUtils.java:logGet(46)) - raft.grpc.server.leader.outstanding.appends.max = 8 (default)
2024-01-30 07:48:41,393 [33e454d1-da2d-4d19-a678-883106399134@group-D8FDF9F2816D-LeaderElection29] INFO  server.RaftServerConfigKeys (ConfUtils.java:logGet(46)) - raft.server.rpc.request.timeout = 60s (custom)
2024-01-30 07:48:41,393 [33e454d1-da2d-4d19-a678-883106399134@group-D8FDF9F2816D-LeaderElection29] INFO  grpc.GrpcConfigKeys (ConfUtils.java:logGet(46)) - raft.grpc.server.install_snapshot.request.element-limit = 8 (default)
2024-01-30 07:48:41,393 [33e454d1-da2d-4d19-a678-883106399134@group-D8FDF9F2816D-LeaderElection29] INFO  grpc.GrpcConfigKeys (ConfUtils.java:logGet(46)) - raft.grpc.server.install_snapshot.request.timeout = 3000ms (default)
2024-01-30 07:48:41,393 [33e454d1-da2d-4d19-a678-883106399134@group-D8FDF9F2816D-LeaderElection29] INFO  grpc.GrpcConfigKeys (ConfUtils.java:logGet(46)) - raft.grpc.server.log-message.batch.duration = 5s (default)
2024-01-30 07:48:41,394 [33e454d1-da2d-4d19-a678-883106399134@group-D8FDF9F2816D-LeaderElection29] INFO  server.RaftServerConfigKeys (ConfUtils.java:logGet(46)) - raft.server.log.appender.install.snapshot.enabled = false (custom)
2024-01-30 07:48:41,394 [33e454d1-da2d-4d19-a678-883106399134@group-D8FDF9F2816D-LeaderElection29] INFO  grpc.GrpcConfigKeys (ConfUtils.java:logGet(46)) - raft.grpc.server.heartbeat.channel = true (default)
2024-01-30 07:48:41,394 [33e454d1-da2d-4d19-a678-883106399134@group-D8FDF9F2816D-LeaderElection29] INFO  impl.RoleInfo (RoleInfo.java:updateAndGet(139)) - 33e454d1-da2d-4d19-a678-883106399134: start 33e454d1-da2d-4d19-a678-883106399134@group-D8FDF9F2816D-LeaderStateImpl
2024-01-30 07:48:41,394 [33e454d1-da2d-4d19-a678-883106399134@group-D8FDF9F2816D-LeaderElection29] INFO  server.RaftServer$Division (RaftServerImpl.java:setFirstElection(574)) - 33e454d1-da2d-4d19-a678-883106399134@group-D8FDF9F2816D: set firstElectionSinceStartup to false for becomeLeader
2024-01-30 07:48:41,394 [33e454d1-da2d-4d19-a678-883106399134@group-D8FDF9F2816D-LeaderElection29] INFO  ratis.XceiverServerRatis (XceiverServerRatis.java:handleLeaderChangedNotification(966)) - Leader change notification received for group: group-D8FDF9F2816D with new leaderId: 33e454d1-da2d-4d19-a678-883106399134
2024-01-30 07:48:41,394 [33e454d1-da2d-4d19-a678-883106399134@group-D8FDF9F2816D-LeaderElection29] INFO  server.RaftServer$Division (ServerState.java:setLeader(269)) - 33e454d1-da2d-4d19-a678-883106399134@group-D8FDF9F2816D: change Leader from null to 33e454d1-da2d-4d19-a678-883106399134 at term 1 for becomeLeader, leader elected after 5060ms
2024-01-30 07:48:41,394 [33e454d1-da2d-4d19-a678-883106399134@group-D8FDF9F2816D-LeaderElection29] INFO  segmented.SegmentedRaftLogWorker (SegmentedRaftLogWorker.java:startLogSegment(430)) - 33e454d1-da2d-4d19-a678-883106399134@group-D8FDF9F2816D-SegmentedRaftLogWorker: Starting segment from index:0
2024-01-30 07:48:41,395 [33e454d1-da2d-4d19-a678-883106399134@group-D8FDF9F2816D-SegmentedRaftLogWorker] INFO  segmented.BufferedWriteChannel (BufferedWriteChannel.java:open(62)) - open log_inprogress_0 at position 0
2024-01-30 07:48:41,395 [EventQueue-PipelineReportForPipelineReportHandler] INFO  pipeline.PipelineReportHandler (PipelineReportHandler.java:processPipelineReport(136)) - Opened pipeline PipelineID=a6df5248-7441-4f56-b9a1-d8fdf9f2816d
2024-01-30 07:48:41,398 [33e454d1-da2d-4d19-a678-883106399134@group-D8FDF9F2816D-LeaderElection29] INFO  server.RaftServer$Division (ServerState.java:setRaftConf(386)) - 33e454d1-da2d-4d19-a678-883106399134@group-D8FDF9F2816D: set configuration 0: peers:[42bb30bf-6dde-4b10-b68e-ce189e81f0fd|10.1.0.48:15156, 53433fb8-bbf6-4d1d-a4a4-8c4d503fb949|10.1.0.48:15147, 33e454d1-da2d-4d19-a678-883106399134|10.1.0.48:15138]|listeners:[], old=null
2024-01-30 07:48:41,403 [33e454d1-da2d-4d19-a678-883106399134@group-D8FDF9F2816D-SegmentedRaftLogWorker] INFO  segmented.SegmentedRaftLogWorker (SegmentedRaftLogWorker.java:execute(634)) - 33e454d1-da2d-4d19-a678-883106399134@group-D8FDF9F2816D-SegmentedRaftLogWorker: created new log segment /home/runner/work/ozone/ozone/hadoop-ozone/integration-test/target/test-dir/MiniOzoneClusterImpl-22134a4f-1b78-467c-b266-ccfd401dbc1a/datanode-3/data/ratis/a6df5248-7441-4f56-b9a1-d8fdf9f2816d/current/log_inprogress_0
2024-01-30 07:48:41,403 [53433fb8-bbf6-4d1d-a4a4-8c4d503fb949-server-thread1] INFO  ratis.XceiverServerRatis (XceiverServerRatis.java:handleLeaderChangedNotification(966)) - Leader change notification received for group: group-D8FDF9F2816D with new leaderId: 33e454d1-da2d-4d19-a678-883106399134
2024-01-30 07:48:41,403 [53433fb8-bbf6-4d1d-a4a4-8c4d503fb949-server-thread1] INFO  server.RaftServer$Division (ServerState.java:setLeader(269)) - 53433fb8-bbf6-4d1d-a4a4-8c4d503fb949@group-D8FDF9F2816D: change Leader from null to 33e454d1-da2d-4d19-a678-883106399134 at term 1 for appendEntries, leader elected after 5020ms
2024-01-30 07:48:41,406 [53433fb8-bbf6-4d1d-a4a4-8c4d503fb949-server-thread1] INFO  server.RaftServer$Division (ServerState.java:setRaftConf(386)) - 53433fb8-bbf6-4d1d-a4a4-8c4d503fb949@group-D8FDF9F2816D: set configuration 0: peers:[42bb30bf-6dde-4b10-b68e-ce189e81f0fd|10.1.0.48:15156, 53433fb8-bbf6-4d1d-a4a4-8c4d503fb949|10.1.0.48:15147, 33e454d1-da2d-4d19-a678-883106399134|10.1.0.48:15138]|listeners:[], old=null
2024-01-30 07:48:41,406 [53433fb8-bbf6-4d1d-a4a4-8c4d503fb949-server-thread1] INFO  segmented.SegmentedRaftLogWorker (SegmentedRaftLogWorker.java:startLogSegment(430)) - 53433fb8-bbf6-4d1d-a4a4-8c4d503fb949@group-D8FDF9F2816D-SegmentedRaftLogWorker: Starting segment from index:0
2024-01-30 07:48:41,406 [53433fb8-bbf6-4d1d-a4a4-8c4d503fb949@group-D8FDF9F2816D-SegmentedRaftLogWorker] INFO  segmented.BufferedWriteChannel (BufferedWriteChannel.java:open(62)) - open log_inprogress_0 at position 0
2024-01-30 07:48:41,410 [42bb30bf-6dde-4b10-b68e-ce189e81f0fd-server-thread1] INFO  ratis.XceiverServerRatis (XceiverServerRatis.java:handleLeaderChangedNotification(966)) - Leader change notification received for group: group-D8FDF9F2816D with new leaderId: 33e454d1-da2d-4d19-a678-883106399134
2024-01-30 07:48:41,410 [42bb30bf-6dde-4b10-b68e-ce189e81f0fd-server-thread1] INFO  server.RaftServer$Division (ServerState.java:setLeader(269)) - 42bb30bf-6dde-4b10-b68e-ce189e81f0fd@group-D8FDF9F2816D: change Leader from null to 33e454d1-da2d-4d19-a678-883106399134 at term 1 for appendEntries, leader elected after 5055ms
2024-01-30 07:48:41,415 [53433fb8-bbf6-4d1d-a4a4-8c4d503fb949@group-D8FDF9F2816D-SegmentedRaftLogWorker] INFO  segmented.SegmentedRaftLogWorker (SegmentedRaftLogWorker.java:execute(634)) - 53433fb8-bbf6-4d1d-a4a4-8c4d503fb949@group-D8FDF9F2816D-SegmentedRaftLogWorker: created new log segment /home/runner/work/ozone/ozone/hadoop-ozone/integration-test/target/test-dir/MiniOzoneClusterImpl-22134a4f-1b78-467c-b266-ccfd401dbc1a/datanode-4/data/ratis/a6df5248-7441-4f56-b9a1-d8fdf9f2816d/current/log_inprogress_0
2024-01-30 07:48:41,415 [42bb30bf-6dde-4b10-b68e-ce189e81f0fd-server-thread2] INFO  server.RaftServer$Division (ServerState.java:setRaftConf(386)) - 42bb30bf-6dde-4b10-b68e-ce189e81f0fd@group-D8FDF9F2816D: set configuration 0: peers:[42bb30bf-6dde-4b10-b68e-ce189e81f0fd|10.1.0.48:15156, 53433fb8-bbf6-4d1d-a4a4-8c4d503fb949|10.1.0.48:15147, 33e454d1-da2d-4d19-a678-883106399134|10.1.0.48:15138]|listeners:[], old=null
2024-01-30 07:48:41,415 [42bb30bf-6dde-4b10-b68e-ce189e81f0fd-server-thread2] INFO  segmented.SegmentedRaftLogWorker (SegmentedRaftLogWorker.java:startLogSegment(430)) - 42bb30bf-6dde-4b10-b68e-ce189e81f0fd@group-D8FDF9F2816D-SegmentedRaftLogWorker: Starting segment from index:0
2024-01-30 07:48:41,415 [42bb30bf-6dde-4b10-b68e-ce189e81f0fd@group-D8FDF9F2816D-SegmentedRaftLogWorker] INFO  segmented.BufferedWriteChannel (BufferedWriteChannel.java:open(62)) - open log_inprogress_0 at position 0
2024-01-30 07:48:41,423 [42bb30bf-6dde-4b10-b68e-ce189e81f0fd@group-D8FDF9F2816D-SegmentedRaftLogWorker] INFO  segmented.SegmentedRaftLogWorker (SegmentedRaftLogWorker.java:execute(634)) - 42bb30bf-6dde-4b10-b68e-ce189e81f0fd@group-D8FDF9F2816D-SegmentedRaftLogWorker: created new log segment /home/runner/work/ozone/ozone/hadoop-ozone/integration-test/target/test-dir/MiniOzoneClusterImpl-22134a4f-1b78-467c-b266-ccfd401dbc1a/datanode-5/data/ratis/a6df5248-7441-4f56-b9a1-d8fdf9f2816d/current/log_inprogress_0
2024-01-30 07:48:41,423 [33e454d1-da2d-4d19-a678-883106399134@group-D8FDF9F2816D-StateMachineUpdater] INFO  server.RaftServer$Division (LeaderStateImpl.java:isApplied(320)) - leader is ready since appliedIndex == 0 >= startIndex == 0
2024-01-30 07:48:41,473 [main] INFO  ozone.MiniOzoneClusterImpl (MiniOzoneClusterImpl.java:lambda$waitForClusterToBeReady$0(229)) - Nodes are ready. Got 6 of 6 DN Heartbeats.
2024-01-30 07:48:41,473 [main] INFO  ozone.MiniOzoneClusterImpl (MiniOzoneClusterImpl.java:lambda$waitForClusterToBeReady$0(232)) - Cluster exits safe mode
2024-01-30 07:48:41,473 [main] INFO  ozone.MiniOzoneClusterImpl (MiniOzoneClusterImpl.java:lambda$waitForClusterToBeReady$0(234)) - SCM became leader
2024-01-30 07:48:41,474 [main] INFO  pipeline.PipelineManagerImpl (PipelineManagerImpl.java:closePipeline(518)) - Pipeline PipelineID=cc4d22f2-9f3e-4340-9ad7-07c1df08f428 moved to CLOSED state
2024-01-30 07:48:41,475 [main] INFO  pipeline.PipelineManagerImpl (PipelineManagerImpl.java:closePipeline(518)) - Pipeline PipelineID=499ed13b-644a-4b8a-94b8-09f0c667257b moved to CLOSED state
2024-01-30 07:48:41,475 [main] INFO  pipeline.PipelineManagerImpl (PipelineManagerImpl.java:closePipeline(518)) - Pipeline PipelineID=eb067bd9-c5d6-4c68-8b2a-fb520fcb7d25 moved to CLOSED state
2024-01-30 07:48:41,476 [main] INFO  pipeline.PipelineManagerImpl (PipelineManagerImpl.java:closePipeline(518)) - Pipeline PipelineID=a6df5248-7441-4f56-b9a1-d8fdf9f2816d moved to CLOSED state
2024-01-30 07:48:41,972 [RatisPipelineUtilsThread-0] INFO  pipeline.RatisPipelineProvider (RatisPipelineProvider.java:lambda$create$0(206)) - Sending CreatePipelineCommand for pipeline:PipelineID=bdd74d04-67ca-4fcb-a313-5a6d2af928df to datanode:84e2f200-b83f-4514-9762-a3bf8832ea50
2024-01-30 07:48:41,973 [RatisPipelineUtilsThread-0] INFO  pipeline.RatisPipelineProvider (RatisPipelineProvider.java:lambda$create$0(206)) - Sending CreatePipelineCommand for pipeline:PipelineID=bdd74d04-67ca-4fcb-a313-5a6d2af928df to datanode:971c1615-1531-4bff-8b79-adf9a27d7f54
2024-01-30 07:48:41,973 [RatisPipelineUtilsThread-0] INFO  pipeline.RatisPipelineProvider (RatisPipelineProvider.java:lambda$create$0(206)) - Sending CreatePipelineCommand for pipeline:PipelineID=bdd74d04-67ca-4fcb-a313-5a6d2af928df to datanode:2a934876-6cad-418e-9d99-0b91c92fbe5b
2024-01-30 07:48:41,973 [RatisPipelineUtilsThread-0] INFO  pipeline.BackgroundPipelineCreator (BackgroundPipelineCreator.java:createPipelines(236)) - Created new pipeline Pipeline[ Id: bdd74d04-67ca-4fcb-a313-5a6d2af928df, Nodes: 84e2f200-b83f-4514-9762-a3bf8832ea50(fv-az1436-717.rp122gijlobebpuychzvuh3j3h.bx.internal.cloudapp.net/10.1.0.48)971c1615-1531-4bff-8b79-adf9a27d7f54(fv-az1436-717.rp122gijlobebpuychzvuh3j3h.bx.internal.cloudapp.net/10.1.0.48)2a934876-6cad-418e-9d99-0b91c92fbe5b(fv-az1436-717.rp122gijlobebpuychzvuh3j3h.bx.internal.cloudapp.net/10.1.0.48), ReplicationConfig: RATIS/THREE, State:ALLOCATED, leaderId:, CreationTimestamp2024-01-30T07:48:41.972Z[Etc/UTC]]
2024-01-30 07:48:41,974 [RatisPipelineUtilsThread-0] INFO  pipeline.RatisPipelineProvider (RatisPipelineProvider.java:lambda$create$0(206)) - Sending CreatePipelineCommand for pipeline:PipelineID=0228237e-cce7-4be6-ad0a-aa3e182905e7 to datanode:84e2f200-b83f-4514-9762-a3bf8832ea50
2024-01-30 07:48:41,974 [RatisPipelineUtilsThread-0] INFO  pipeline.RatisPipelineProvider (RatisPipelineProvider.java:lambda$create$0(206)) - Sending CreatePipelineCommand for pipeline:PipelineID=0228237e-cce7-4be6-ad0a-aa3e182905e7 to datanode:971c1615-1531-4bff-8b79-adf9a27d7f54
2024-01-30 07:48:41,974 [RatisPipelineUtilsThread-0] INFO  pipeline.RatisPipelineProvider (RatisPipelineProvider.java:lambda$create$0(206)) - Sending CreatePipelineCommand for pipeline:PipelineID=0228237e-cce7-4be6-ad0a-aa3e182905e7 to datanode:33e454d1-da2d-4d19-a678-883106399134
2024-01-30 07:48:41,974 [RatisPipelineUtilsThread-0] INFO  pipeline.BackgroundPipelineCreator (BackgroundPipelineCreator.java:createPipelines(236)) - Created new pipeline Pipeline[ Id: 0228237e-cce7-4be6-ad0a-aa3e182905e7, Nodes: 84e2f200-b83f-4514-9762-a3bf8832ea50(fv-az1436-717.rp122gijlobebpuychzvuh3j3h.bx.internal.cloudapp.net/10.1.0.48)971c1615-1531-4bff-8b79-adf9a27d7f54(fv-az1436-717.rp122gijlobebpuychzvuh3j3h.bx.internal.cloudapp.net/10.1.0.48)33e454d1-da2d-4d19-a678-883106399134(fv-az1436-717.rp122gijlobebpuychzvuh3j3h.bx.internal.cloudapp.net/10.1.0.48), ReplicationConfig: RATIS/THREE, State:ALLOCATED, leaderId:, CreationTimestamp2024-01-30T07:48:41.974Z[Etc/UTC]]
2024-01-30 07:48:41,974 [RatisPipelineUtilsThread-0] INFO  pipeline.RatisPipelineProvider (RatisPipelineProvider.java:lambda$create$0(206)) - Sending CreatePipelineCommand for pipeline:PipelineID=7120e0c9-40f0-4fb9-aec7-5df41746b7e3 to datanode:2a934876-6cad-418e-9d99-0b91c92fbe5b
2024-01-30 07:48:41,975 [RatisPipelineUtilsThread-0] INFO  pipeline.RatisPipelineProvider (RatisPipelineProvider.java:lambda$create$0(206)) - Sending CreatePipelineCommand for pipeline:PipelineID=7120e0c9-40f0-4fb9-aec7-5df41746b7e3 to datanode:33e454d1-da2d-4d19-a678-883106399134
2024-01-30 07:48:41,975 [RatisPipelineUtilsThread-0] INFO  pipeline.RatisPipelineProvider (RatisPipelineProvider.java:lambda$create$0(206)) - Sending CreatePipelineCommand for pipeline:PipelineID=7120e0c9-40f0-4fb9-aec7-5df41746b7e3 to datanode:53433fb8-bbf6-4d1d-a4a4-8c4d503fb949
2024-01-30 07:48:41,975 [RatisPipelineUtilsThread-0] INFO  pipeline.BackgroundPipelineCreator (BackgroundPipelineCreator.java:createPipelines(236)) - Created new pipeline Pipeline[ Id: 7120e0c9-40f0-4fb9-aec7-5df41746b7e3, Nodes: 2a934876-6cad-418e-9d99-0b91c92fbe5b(fv-az1436-717.rp122gijlobebpuychzvuh3j3h.bx.internal.cloudapp.net/10.1.0.48)33e454d1-da2d-4d19-a678-883106399134(fv-az1436-717.rp122gijlobebpuychzvuh3j3h.bx.internal.cloudapp.net/10.1.0.48)53433fb8-bbf6-4d1d-a4a4-8c4d503fb949(fv-az1436-717.rp122gijlobebpuychzvuh3j3h.bx.internal.cloudapp.net/10.1.0.48), ReplicationConfig: RATIS/THREE, State:ALLOCATED, leaderId:, CreationTimestamp2024-01-30T07:48:41.974Z[Etc/UTC]]
2024-01-30 07:48:43,076 [971c1615-1531-4bff-8b79-adf9a27d7f54-PipelineCommandHandlerThread-0] INFO  server.RaftServer (RaftServerProxy.java:addNew(100)) - 971c1615-1531-4bff-8b79-adf9a27d7f54: addNew group-5A6D2AF928DF:[84e2f200-b83f-4514-9762-a3bf8832ea50|10.1.0.48:15120, 971c1615-1531-4bff-8b79-adf9a27d7f54|10.1.0.48:15129, 2a934876-6cad-418e-9d99-0b91c92fbe5b|10.1.0.48:15111] returns group-5A6D2AF928DF:java.util.concurrent.CompletableFuture@4d7d2ce4[Not completed]
2024-01-30 07:48:43,076 [971c1615-1531-4bff-8b79-adf9a27d7f54-groupManagement] INFO  server.RaftServer$Division (RaftServerImpl.java:<init>(256)) - 971c1615-1531-4bff-8b79-adf9a27d7f54: new RaftServerImpl for group-5A6D2AF928DF:[84e2f200-b83f-4514-9762-a3bf8832ea50|10.1.0.48:15120, 971c1615-1531-4bff-8b79-adf9a27d7f54|10.1.0.48:15129, 2a934876-6cad-418e-9d99-0b91c92fbe5b|10.1.0.48:15111] with ContainerStateMachine:uninitialized
2024-01-30 07:48:43,077 [971c1615-1531-4bff-8b79-adf9a27d7f54-groupManagement] INFO  server.RaftServerConfigKeys (ConfUtils.java:logGet(46)) - raft.server.rpc.timeout.min = 5s (custom)
2024-01-30 07:48:43,077 [971c1615-1531-4bff-8b79-adf9a27d7f54-groupManagement] INFO  server.RaftServerConfigKeys (ConfUtils.java:logGet(46)) - raft.server.rpc.timeout.max = 5200ms (custom)
2024-01-30 07:48:43,077 [971c1615-1531-4bff-8b79-adf9a27d7f54-groupManagement] INFO  server.RaftServerConfigKeys (ConfUtils.java:logGet(46)) - raft.server.rpc.sleep.time = 25ms (default)
2024-01-30 07:48:43,077 [971c1615-1531-4bff-8b79-adf9a27d7f54-groupManagement] INFO  server.RaftServerConfigKeys (ConfUtils.java:logGet(46)) - raft.server.rpc.slowness.timeout = 300s (custom)
2024-01-30 07:48:43,077 [971c1615-1531-4bff-8b79-adf9a27d7f54-groupManagement] INFO  server.RaftServerConfigKeys (ConfUtils.java:logGet(46)) - raft.server.leaderelection.leader.step-down.wait-time = 10s (default)
2024-01-30 07:48:43,077 [971c1615-1531-4bff-8b79-adf9a27d7f54-groupManagement] INFO  server.RaftServerConfigKeys (ConfUtils.java:logGet(46)) - raft.server.leaderelection.member.majority-add = false (default)
2024-01-30 07:48:43,077 [971c1615-1531-4bff-8b79-adf9a27d7f54-groupManagement] INFO  server.RaftServerConfigKeys (ConfUtils.java:logGet(46)) - raft.server.sleep.deviation.threshold = 300ms (default)
2024-01-30 07:48:43,077 [971c1615-1531-4bff-8b79-adf9a27d7f54-groupManagement] INFO  server.RaftServer$Division (ServerState.java:<init>(113)) - 971c1615-1531-4bff-8b79-adf9a27d7f54@group-5A6D2AF928DF: ConfigurationManager, init=-1: peers:[84e2f200-b83f-4514-9762-a3bf8832ea50|10.1.0.48:15120, 971c1615-1531-4bff-8b79-adf9a27d7f54|10.1.0.48:15129, 2a934876-6cad-418e-9d99-0b91c92fbe5b|10.1.0.48:15111]|listeners:[], old=null, confs=<EMPTY_MAP>
2024-01-30 07:48:43,077 [971c1615-1531-4bff-8b79-adf9a27d7f54-groupManagement] INFO  server.RaftServerConfigKeys (ConfUtils.java:logGet(46)) - raft.server.notification.no-leader.timeout = 300s (custom)
2024-01-30 07:48:43,077 [971c1615-1531-4bff-8b79-adf9a27d7f54-groupManagement] INFO  server.RaftServerConfigKeys (ConfUtils.java:logGet(46)) - raft.server.read.timeout = 10s (default)
2024-01-30 07:48:43,077 [971c1615-1531-4bff-8b79-adf9a27d7f54-groupManagement] INFO  server.RaftServerConfigKeys (ConfUtils.java:logGet(46)) - raft.server.retrycache.expirytime = 600000ms (custom)
2024-01-30 07:48:43,077 [971c1615-1531-4bff-8b79-adf9a27d7f54-groupManagement] INFO  server.RaftServerConfigKeys (ConfUtils.java:logGet(46)) - raft.server.retrycache.statistics.expirytime = 100ms (default)
2024-01-30 07:48:43,077 [971c1615-1531-4bff-8b79-adf9a27d7f54-groupManagement] INFO  server.RaftServerConfigKeys (ConfUtils.java:logGet(46)) - raft.server.read.option = DEFAULT (default)
2024-01-30 07:48:43,077 [971c1615-1531-4bff-8b79-adf9a27d7f54-groupManagement] INFO  server.RaftServerConfigKeys (ConfUtils.java:logGet(46)) - raft.server.read.read-after-write-consistent.write-index-cache.expiry-time = 60s (default)
2024-01-30 07:48:43,079 [971c1615-1531-4bff-8b79-adf9a27d7f54-groupManagement] INFO  server.RaftServerConfigKeys (ConfUtils.java:logGet(46)) - raft.server.rpc.request.timeout = 60s (custom)
2024-01-30 07:48:43,079 [971c1615-1531-4bff-8b79-adf9a27d7f54-groupManagement] INFO  server.RaftServerConfigKeys (ConfUtils.java:logGet(46)) - raft.server.log.appender.install.snapshot.enabled = false (custom)
2024-01-30 07:48:43,079 [971c1615-1531-4bff-8b79-adf9a27d7f54-groupManagement] INFO  server.RaftServerConfigKeys (ConfUtils.java:logGet(46)) - raft.server.threadpool.server.cached = true (default)
2024-01-30 07:48:43,079 [971c1615-1531-4bff-8b79-adf9a27d7f54-groupManagement] INFO  server.RaftServerConfigKeys (ConfUtils.java:logGet(46)) - raft.server.threadpool.server.size = 0 (default)
2024-01-30 07:48:43,079 [971c1615-1531-4bff-8b79-adf9a27d7f54-groupManagement] INFO  server.RaftServerConfigKeys (ConfUtils.java:logGet(46)) - raft.server.threadpool.client.cached = true (default)
2024-01-30 07:48:43,079 [971c1615-1531-4bff-8b79-adf9a27d7f54-groupManagement] INFO  server.RaftServerConfigKeys (ConfUtils.java:logGet(46)) - raft.server.threadpool.client.size = 0 (default)
2024-01-30 07:48:43,079 [971c1615-1531-4bff-8b79-adf9a27d7f54-groupManagement] INFO  server.RaftServerConfigKeys (ConfUtils.java:logGet(46)) - raft.server.storage.free-space.min = 0MB (=0) (default)
2024-01-30 07:48:43,079 [971c1615-1531-4bff-8b79-adf9a27d7f54-groupManagement] INFO  server.RaftServerConfigKeys (ConfUtils.java:logGet(46)) - raft.server.log.corruption.policy = EXCEPTION (default)
2024-01-30 07:48:43,079 [971c1615-1531-4bff-8b79-adf9a27d7f54-groupManagement] INFO  server.RaftServerConfigKeys (ConfUtils.java:logGet(46)) - raft.server.storage.dir = [/home/runner/work/ozone/ozone/hadoop-ozone/integration-test/target/test-dir/MiniOzoneClusterImpl-22134a4f-1b78-467c-b266-ccfd401dbc1a/datanode-2/data/ratis] (custom)
2024-01-30 07:48:43,079 [971c1615-1531-4bff-8b79-adf9a27d7f54-groupManagement] INFO  storage.RaftStorageDirectory (RaftStorageDirectoryImpl.java:analyzeStorage(138)) - The storage directory /home/runner/work/ozone/ozone/hadoop-ozone/integration-test/target/test-dir/MiniOzoneClusterImpl-22134a4f-1b78-467c-b266-ccfd401dbc1a/datanode-2/data/ratis/bdd74d04-67ca-4fcb-a313-5a6d2af928df does not exist. Creating ...
2024-01-30 07:48:43,081 [971c1615-1531-4bff-8b79-adf9a27d7f54-groupManagement] INFO  storage.RaftStorageDirectory (RaftStorageDirectoryImpl.java:tryLock(228)) - Lock on /home/runner/work/ozone/ozone/hadoop-ozone/integration-test/target/test-dir/MiniOzoneClusterImpl-22134a4f-1b78-467c-b266-ccfd401dbc1a/datanode-2/data/ratis/bdd74d04-67ca-4fcb-a313-5a6d2af928df/in_use.lock acquired by nodename 92995@fv-az1436-717
2024-01-30 07:48:43,082 [971c1615-1531-4bff-8b79-adf9a27d7f54-groupManagement] INFO  storage.RaftStorage (RaftStorageImpl.java:format(99)) - Storage directory /home/runner/work/ozone/ozone/hadoop-ozone/integration-test/target/test-dir/MiniOzoneClusterImpl-22134a4f-1b78-467c-b266-ccfd401dbc1a/datanode-2/data/ratis/bdd74d04-67ca-4fcb-a313-5a6d2af928df has been successfully formatted.
2024-01-30 07:48:43,083 [971c1615-1531-4bff-8b79-adf9a27d7f54-groupManagement] WARN  util.FileUtils (LogUtils.java:supplyAndLog(63)) - Failed to Files.newInputStream /home/runner/work/ozone/ozone/hadoop-ozone/integration-test/target/test-dir/MiniOzoneClusterImpl-22134a4f-1b78-467c-b266-ccfd401dbc1a/datanode-2/data/ratis/bdd74d04-67ca-4fcb-a313-5a6d2af928df/current/raft-meta.conf with options []: java.nio.file.NoSuchFileException: /home/runner/work/ozone/ozone/hadoop-ozone/integration-test/target/test-dir/MiniOzoneClusterImpl-22134a4f-1b78-467c-b266-ccfd401dbc1a/datanode-2/data/ratis/bdd74d04-67ca-4fcb-a313-5a6d2af928df/current/raft-meta.conf
2024-01-30 07:48:43,083 [971c1615-1531-4bff-8b79-adf9a27d7f54-groupManagement] INFO  ratis.ContainerStateMachine (ContainerStateMachine.java:loadSnapshot(287)) - group-5A6D2AF928DF: The snapshot info is null. Setting the last applied index to:(t:0, i:~)
2024-01-30 07:48:43,083 [971c1615-1531-4bff-8b79-adf9a27d7f54-groupManagement] INFO  server.RaftServerConfigKeys (ConfUtils.java:logGet(46)) - raft.server.log.use.memory = false (default)
2024-01-30 07:48:43,083 [971c1615-1531-4bff-8b79-adf9a27d7f54-groupManagement] INFO  server.RaftServerConfigKeys (ConfUtils.java:logGet(46)) - raft.server.log.purge.gap = 1000000 (custom)
2024-01-30 07:48:43,083 [971c1615-1531-4bff-8b79-adf9a27d7f54-groupManagement] INFO  server.RaftServerConfigKeys (ConfUtils.java:logGet(46)) - raft.server.log.appender.buffer.byte-limit = 8388608 (custom)
2024-01-30 07:48:43,083 [971c1615-1531-4bff-8b79-adf9a27d7f54-groupManagement] INFO  server.RaftServerConfigKeys (ConfUtils.java:logGet(46)) - raft.server.log.statemachine.data.read.timeout = 1000ms (default)
2024-01-30 07:48:43,083 [971c1615-1531-4bff-8b79-adf9a27d7f54-groupManagement] INFO  server.RaftServerConfigKeys (ConfUtils.java:logGet(46)) - raft.server.log.purge.preservation.log.num = 0 (default)
2024-01-30 07:48:43,084 [971c1615-1531-4bff-8b79-adf9a27d7f54-groupManagement] INFO  server.RaftServerConfigKeys (ConfUtils.java:logGet(46)) - raft.server.log.segment.size.max = 67108864 (custom)
2024-01-30 07:48:43,084 [971c1615-1531-4bff-8b79-adf9a27d7f54-groupManagement] INFO  server.RaftServerConfigKeys (ConfUtils.java:logGet(46)) - raft.server.log.segment.cache.num.max = 2 (custom)
2024-01-30 07:48:43,084 [971c1615-1531-4bff-8b79-adf9a27d7f54-groupManagement] INFO  server.RaftServerConfigKeys (ConfUtils.java:logGet(46)) - raft.server.log.segment.cache.size.max = 200MB (=209715200) (default)
2024-01-30 07:48:43,084 [971c1615-1531-4bff-8b79-adf9a27d7f54-groupManagement] INFO  server.RaftServerConfigKeys (ConfUtils.java:logGet(46)) - raft.server.log.appender.buffer.byte-limit = 8388608 (custom)
2024-01-30 07:48:43,084 [971c1615-1531-4bff-8b79-adf9a27d7f54-groupManagement] INFO  util.AwaitToRun (AwaitToRun.java:start(81)) - Thread[971c1615-1531-4bff-8b79-adf9a27d7f54@group-5A6D2AF928DF-cacheEviction-AwaitToRun,5,main] started
2024-01-30 07:48:43,085 [971c1615-1531-4bff-8b79-adf9a27d7f54-groupManagement] INFO  segmented.SegmentedRaftLogWorker (SegmentedRaftLogWorker.java:<init>(182)) - new 971c1615-1531-4bff-8b79-adf9a27d7f54@group-5A6D2AF928DF-SegmentedRaftLogWorker for RaftStorageImpl:Storage Directory /home/runner/work/ozone/ozone/hadoop-ozone/integration-test/target/test-dir/MiniOzoneClusterImpl-22134a4f-1b78-467c-b266-ccfd401dbc1a/datanode-2/data/ratis/bdd74d04-67ca-4fcb-a313-5a6d2af928df
2024-01-30 07:48:43,085 [971c1615-1531-4bff-8b79-adf9a27d7f54-groupManagement] INFO  server.RaftServerConfigKeys (ConfUtils.java:logGet(46)) - raft.server.log.queue.byte-limit = 4294967296 (custom)
2024-01-30 07:48:43,085 [971c1615-1531-4bff-8b79-adf9a27d7f54-groupManagement] INFO  server.RaftServerConfigKeys (ConfUtils.java:logGet(46)) - raft.server.log.queue.element-limit = 1024 (custom)
2024-01-30 07:48:43,085 [971c1615-1531-4bff-8b79-adf9a27d7f54-groupManagement] INFO  server.RaftServerConfigKeys (ConfUtils.java:logGet(46)) - raft.server.log.segment.size.max = 67108864 (custom)
2024-01-30 07:48:43,085 [971c1615-1531-4bff-8b79-adf9a27d7f54-groupManagement] INFO  server.RaftServerConfigKeys (ConfUtils.java:logGet(46)) - raft.server.log.preallocated.size = 4194304 (custom)
2024-01-30 07:48:43,085 [971c1615-1531-4bff-8b79-adf9a27d7f54-groupManagement] INFO  server.RaftServerConfigKeys (ConfUtils.java:logGet(46)) - raft.server.log.force.sync.num = 128 (default)
2024-01-30 07:48:43,085 [971c1615-1531-4bff-8b79-adf9a27d7f54-groupManagement] INFO  server.RaftServerConfigKeys (ConfUtils.java:logGet(46)) - raft.server.log.statemachine.data.sync = true (default)
2024-01-30 07:48:43,085 [971c1615-1531-4bff-8b79-adf9a27d7f54-groupManagement] INFO  server.RaftServerConfigKeys (ConfUtils.java:logGet(46)) - raft.server.log.statemachine.data.sync.timeout = 10s (default)
2024-01-30 07:48:43,085 [971c1615-1531-4bff-8b79-adf9a27d7f54-groupManagement] INFO  server.RaftServerConfigKeys (ConfUtils.java:logGet(46)) - raft.server.log.statemachine.data.sync.timeout.retry = 0 (custom)
2024-01-30 07:48:43,085 [971c1615-1531-4bff-8b79-adf9a27d7f54-groupManagement] INFO  server.RaftServerConfigKeys (ConfUtils.java:logGet(46)) - raft.server.log.write.buffer.size = 8388616 (custom)
2024-01-30 07:48:43,087 [971c1615-1531-4bff-8b79-adf9a27d7f54-groupManagement] INFO  server.RaftServerConfigKeys (ConfUtils.java:logGet(46)) - raft.server.log.appender.buffer.byte-limit = 8388608 (custom)
2024-01-30 07:48:43,087 [971c1615-1531-4bff-8b79-adf9a27d7f54-groupManagement] INFO  server.RaftServerConfigKeys (ConfUtils.java:logGet(46)) - raft.server.log.unsafe-flush.enabled = false (default)
2024-01-30 07:48:43,087 [971c1615-1531-4bff-8b79-adf9a27d7f54-groupManagement] INFO  server.RaftServerConfigKeys (ConfUtils.java:logGet(46)) - raft.server.log.async-flush.enabled = false (default)
2024-01-30 07:48:43,087 [971c1615-1531-4bff-8b79-adf9a27d7f54-groupManagement] INFO  server.RaftServerConfigKeys (ConfUtils.java:logGet(46)) - raft.server.log.statemachine.data.caching.enabled = true (custom)
2024-01-30 07:48:43,087 [971c1615-1531-4bff-8b79-adf9a27d7f54-groupManagement] INFO  segmented.SegmentedRaftLogWorker (SegmentedRaftLogWorker.java:lambda$new$0(134)) - 971c1615-1531-4bff-8b79-adf9a27d7f54@group-5A6D2AF928DF-SegmentedRaftLogWorker: flushIndex: setUnconditionally 0 -> -1
2024-01-30 07:48:43,087 [971c1615-1531-4bff-8b79-adf9a27d7f54-groupManagement] INFO  segmented.SegmentedRaftLogWorker (SegmentedRaftLogWorker.java:lambda$new$0(134)) - 971c1615-1531-4bff-8b79-adf9a27d7f54@group-5A6D2AF928DF-SegmentedRaftLogWorker: safeCacheEvictIndex: setUnconditionally 0 -> -1
2024-01-30 07:48:43,088 [971c1615-1531-4bff-8b79-adf9a27d7f54-groupManagement] INFO  server.RaftServer$Division (RaftServerImpl.java:start(396)) - 971c1615-1531-4bff-8b79-adf9a27d7f54@group-5A6D2AF928DF: start as a follower, conf=-1: peers:[84e2f200-b83f-4514-9762-a3bf8832ea50|10.1.0.48:15120, 971c1615-1531-4bff-8b79-adf9a27d7f54|10.1.0.48:15129, 2a934876-6cad-418e-9d99-0b91c92fbe5b|10.1.0.48:15111]|listeners:[], old=null
2024-01-30 07:48:43,088 [971c1615-1531-4bff-8b79-adf9a27d7f54-groupManagement] INFO  server.RaftServer$Division (RaftServerImpl.java:setRole(383)) - 971c1615-1531-4bff-8b79-adf9a27d7f54@group-5A6D2AF928DF: changes role from      null to FOLLOWER at term 0 for startAsFollower
2024-01-30 07:48:43,088 [971c1615-1531-4bff-8b79-adf9a27d7f54-groupManagement] INFO  impl.RoleInfo (RoleInfo.java:updateAndGet(139)) - 971c1615-1531-4bff-8b79-adf9a27d7f54: start 971c1615-1531-4bff-8b79-adf9a27d7f54@group-5A6D2AF928DF-FollowerState
2024-01-30 07:48:43,088 [971c1615-1531-4bff-8b79-adf9a27d7f54@group-5A6D2AF928DF-FollowerState] INFO  server.RaftServerConfigKeys (ConfUtils.java:logFallback(53)) - raft.server.rpc.first-election.timeout.min = 5s (fallback to raft.server.rpc.timeout.min)
2024-01-30 07:48:43,088 [971c1615-1531-4bff-8b79-adf9a27d7f54-groupManagement] INFO  util.JmxRegister (JmxRegister.java:tryRegister(44)) - Successfully registered JMX Bean with object name Ratis:service=RaftServer,group=group-5A6D2AF928DF,id=971c1615-1531-4bff-8b79-adf9a27d7f54
2024-01-30 07:48:43,088 [971c1615-1531-4bff-8b79-adf9a27d7f54@group-5A6D2AF928DF-FollowerState] INFO  server.RaftServerConfigKeys (ConfUtils.java:logFallback(53)) - raft.server.rpc.first-election.timeout.max = 5200ms (fallback to raft.server.rpc.timeout.max)
2024-01-30 07:48:43,088 [971c1615-1531-4bff-8b79-adf9a27d7f54-groupManagement] INFO  server.RaftServerConfigKeys (ConfUtils.java:logGet(46)) - raft.server.snapshot.trigger-when-stop.enabled = true (default)
2024-01-30 07:48:43,088 [971c1615-1531-4bff-8b79-adf9a27d7f54-groupManagement] INFO  server.RaftServerConfigKeys (ConfUtils.java:logGet(46)) - raft.server.snapshot.auto.trigger.enabled = true (custom)
2024-01-30 07:48:43,088 [971c1615-1531-4bff-8b79-adf9a27d7f54-groupManagement] INFO  server.RaftServerConfigKeys (ConfUtils.java:logGet(46)) - raft.server.snapshot.auto.trigger.threshold = 10000 (custom)
2024-01-30 07:48:43,088 [971c1615-1531-4bff-8b79-adf9a27d7f54-groupManagement] INFO  server.RaftServerConfigKeys (ConfUtils.java:logGet(46)) - raft.server.snapshot.retention.file.num = 5 (custom)
2024-01-30 07:48:43,088 [971c1615-1531-4bff-8b79-adf9a27d7f54-groupManagement] INFO  server.RaftServerConfigKeys (ConfUtils.java:logGet(46)) - raft.server.log.purge.upto.snapshot.index = false (default)
2024-01-30 07:48:43,089 [971c1615-1531-4bff-8b79-adf9a27d7f54-PipelineCommandHandlerThread-0] INFO  ratis.XceiverServerRatis (XceiverServerRatis.java:addGroup(864)) - Created group PipelineID=bdd74d04-67ca-4fcb-a313-5a6d2af928df
2024-01-30 07:48:43,097 [grpc-default-executor-7] INFO  server.RaftServer (RaftServerProxy.java:addNew(100)) - 84e2f200-b83f-4514-9762-a3bf8832ea50: addNew group-5A6D2AF928DF:[84e2f200-b83f-4514-9762-a3bf8832ea50|10.1.0.48:15120, 971c1615-1531-4bff-8b79-adf9a27d7f54|10.1.0.48:15129, 2a934876-6cad-418e-9d99-0b91c92fbe5b|10.1.0.48:15111] returns group-5A6D2AF928DF:java.util.concurrent.CompletableFuture@24256484[Not completed]
2024-01-30 07:48:43,098 [84e2f200-b83f-4514-9762-a3bf8832ea50-groupManagement] INFO  server.RaftServer$Division (RaftServerImpl.java:<init>(256)) - 84e2f200-b83f-4514-9762-a3bf8832ea50: new RaftServerImpl for group-5A6D2AF928DF:[84e2f200-b83f-4514-9762-a3bf8832ea50|10.1.0.48:15120, 971c1615-1531-4bff-8b79-adf9a27d7f54|10.1.0.48:15129, 2a934876-6cad-418e-9d99-0b91c92fbe5b|10.1.0.48:15111] with ContainerStateMachine:uninitialized
2024-01-30 07:48:43,098 [84e2f200-b83f-4514-9762-a3bf8832ea50-groupManagement] INFO  server.RaftServerConfigKeys (ConfUtils.java:logGet(46)) - raft.server.rpc.timeout.min = 5s (custom)
2024-01-30 07:48:43,098 [84e2f200-b83f-4514-9762-a3bf8832ea50-groupManagement] INFO  server.RaftServerConfigKeys (ConfUtils.java:logGet(46)) - raft.server.rpc.timeout.max = 5200ms (custom)
2024-01-30 07:48:43,098 [84e2f200-b83f-4514-9762-a3bf8832ea50-groupManagement] INFO  server.RaftServerConfigKeys (ConfUtils.java:logGet(46)) - raft.server.rpc.sleep.time = 25ms (default)
2024-01-30 07:48:43,098 [84e2f200-b83f-4514-9762-a3bf8832ea50-groupManagement] INFO  server.RaftServerConfigKeys (ConfUtils.java:logGet(46)) - raft.server.rpc.slowness.timeout = 300s (custom)
2024-01-30 07:48:43,098 [84e2f200-b83f-4514-9762-a3bf8832ea50-groupManagement] INFO  server.RaftServerConfigKeys (ConfUtils.java:logGet(46)) - raft.server.leaderelection.leader.step-down.wait-time = 10s (default)
2024-01-30 07:48:43,098 [84e2f200-b83f-4514-9762-a3bf8832ea50-groupManagement] INFO  server.RaftServerConfigKeys (ConfUtils.java:logGet(46)) - raft.server.leaderelection.member.majority-add = false (default)
2024-01-30 07:48:43,098 [84e2f200-b83f-4514-9762-a3bf8832ea50-groupManagement] INFO  server.RaftServerConfigKeys (ConfUtils.java:logGet(46)) - raft.server.sleep.deviation.threshold = 300ms (default)
2024-01-30 07:48:43,098 [84e2f200-b83f-4514-9762-a3bf8832ea50-groupManagement] INFO  server.RaftServer$Division (ServerState.java:<init>(113)) - 84e2f200-b83f-4514-9762-a3bf8832ea50@group-5A6D2AF928DF: ConfigurationManager, init=-1: peers:[84e2f200-b83f-4514-9762-a3bf8832ea50|10.1.0.48:15120, 971c1615-1531-4bff-8b79-adf9a27d7f54|10.1.0.48:15129, 2a934876-6cad-418e-9d99-0b91c92fbe5b|10.1.0.48:15111]|listeners:[], old=null, confs=<EMPTY_MAP>
2024-01-30 07:48:43,098 [84e2f200-b83f-4514-9762-a3bf8832ea50-groupManagement] INFO  server.RaftServerConfigKeys (ConfUtils.java:logGet(46)) - raft.server.notification.no-leader.timeout = 300s (custom)
2024-01-30 07:48:43,098 [84e2f200-b83f-4514-9762-a3bf8832ea50-groupManagement] INFO  server.RaftServerConfigKeys (ConfUtils.java:logGet(46)) - raft.server.read.timeout = 10s (default)
2024-01-30 07:48:43,098 [84e2f200-b83f-4514-9762-a3bf8832ea50-groupManagement] INFO  server.RaftServerConfigKeys (ConfUtils.java:logGet(46)) - raft.server.retrycache.expirytime = 600000ms (custom)
2024-01-30 07:48:43,098 [84e2f200-b83f-4514-9762-a3bf8832ea50-groupManagement] INFO  server.RaftServerConfigKeys (ConfUtils.java:logGet(46)) - raft.server.retrycache.statistics.expirytime = 100ms (default)
2024-01-30 07:48:43,099 [84e2f200-b83f-4514-9762-a3bf8832ea50-groupManagement] INFO  server.RaftServerConfigKeys (ConfUtils.java:logGet(46)) - raft.server.read.option = DEFAULT (default)
2024-01-30 07:48:43,099 [84e2f200-b83f-4514-9762-a3bf8832ea50-groupManagement] INFO  server.RaftServerConfigKeys (ConfUtils.java:logGet(46)) - raft.server.read.read-after-write-consistent.write-index-cache.expiry-time = 60s (default)
2024-01-30 07:48:43,100 [84e2f200-b83f-4514-9762-a3bf8832ea50-groupManagement] INFO  server.RaftServerConfigKeys (ConfUtils.java:logGet(46)) - raft.server.rpc.request.timeout = 60s (custom)
2024-01-30 07:48:43,100 [84e2f200-b83f-4514-9762-a3bf8832ea50-groupManagement] INFO  server.RaftServerConfigKeys (ConfUtils.java:logGet(46)) - raft.server.log.appender.install.snapshot.enabled = false (custom)
2024-01-30 07:48:43,100 [84e2f200-b83f-4514-9762-a3bf8832ea50-groupManagement] INFO  server.RaftServerConfigKeys (ConfUtils.java:logGet(46)) - raft.server.threadpool.server.cached = true (default)
2024-01-30 07:48:43,100 [84e2f200-b83f-4514-9762-a3bf8832ea50-groupManagement] INFO  server.RaftServerConfigKeys (ConfUtils.java:logGet(46)) - raft.server.threadpool.server.size = 0 (default)
2024-01-30 07:48:43,100 [84e2f200-b83f-4514-9762-a3bf8832ea50-groupManagement] INFO  server.RaftServerConfigKeys (ConfUtils.java:logGet(46)) - raft.server.threadpool.client.cached = true (default)
2024-01-30 07:48:43,100 [84e2f200-b83f-4514-9762-a3bf8832ea50-groupManagement] INFO  server.RaftServerConfigKeys (ConfUtils.java:logGet(46)) - raft.server.threadpool.client.size = 0 (default)
2024-01-30 07:48:43,100 [84e2f200-b83f-4514-9762-a3bf8832ea50-groupManagement] INFO  server.RaftServerConfigKeys (ConfUtils.java:logGet(46)) - raft.server.storage.free-space.min = 0MB (=0) (default)
2024-01-30 07:48:43,100 [84e2f200-b83f-4514-9762-a3bf8832ea50-groupManagement] INFO  server.RaftServerConfigKeys (ConfUtils.java:logGet(46)) - raft.server.log.corruption.policy = EXCEPTION (default)
2024-01-30 07:48:43,100 [84e2f200-b83f-4514-9762-a3bf8832ea50-groupManagement] INFO  server.RaftServerConfigKeys (ConfUtils.java:logGet(46)) - raft.server.storage.dir = [/home/runner/work/ozone/ozone/hadoop-ozone/integration-test/target/test-dir/MiniOzoneClusterImpl-22134a4f-1b78-467c-b266-ccfd401dbc1a/datanode-1/data/ratis] (custom)
2024-01-30 07:48:43,101 [84e2f200-b83f-4514-9762-a3bf8832ea50-groupManagement] INFO  storage.RaftStorageDirectory (RaftStorageDirectoryImpl.java:analyzeStorage(138)) - The storage directory /home/runner/work/ozone/ozone/hadoop-ozone/integration-test/target/test-dir/MiniOzoneClusterImpl-22134a4f-1b78-467c-b266-ccfd401dbc1a/datanode-1/data/ratis/bdd74d04-67ca-4fcb-a313-5a6d2af928df does not exist. Creating ...
2024-01-30 07:48:43,101 [84e2f200-b83f-4514-9762-a3bf8832ea50-groupManagement] INFO  storage.RaftStorageDirectory (RaftStorageDirectoryImpl.java:tryLock(228)) - Lock on /home/runner/work/ozone/ozone/hadoop-ozone/integration-test/target/test-dir/MiniOzoneClusterImpl-22134a4f-1b78-467c-b266-ccfd401dbc1a/datanode-1/data/ratis/bdd74d04-67ca-4fcb-a313-5a6d2af928df/in_use.lock acquired by nodename 92995@fv-az1436-717
2024-01-30 07:48:43,102 [84e2f200-b83f-4514-9762-a3bf8832ea50-groupManagement] INFO  storage.RaftStorage (RaftStorageImpl.java:format(99)) - Storage directory /home/runner/work/ozone/ozone/hadoop-ozone/integration-test/target/test-dir/MiniOzoneClusterImpl-22134a4f-1b78-467c-b266-ccfd401dbc1a/datanode-1/data/ratis/bdd74d04-67ca-4fcb-a313-5a6d2af928df has been successfully formatted.
2024-01-30 07:48:43,102 [84e2f200-b83f-4514-9762-a3bf8832ea50-groupManagement] WARN  util.FileUtils (LogUtils.java:supplyAndLog(63)) - Failed to Files.newInputStream /home/runner/work/ozone/ozone/hadoop-ozone/integration-test/target/test-dir/MiniOzoneClusterImpl-22134a4f-1b78-467c-b266-ccfd401dbc1a/datanode-1/data/ratis/bdd74d04-67ca-4fcb-a313-5a6d2af928df/current/raft-meta.conf with options []: java.nio.file.NoSuchFileException: /home/runner/work/ozone/ozone/hadoop-ozone/integration-test/target/test-dir/MiniOzoneClusterImpl-22134a4f-1b78-467c-b266-ccfd401dbc1a/datanode-1/data/ratis/bdd74d04-67ca-4fcb-a313-5a6d2af928df/current/raft-meta.conf
2024-01-30 07:48:43,103 [84e2f200-b83f-4514-9762-a3bf8832ea50-groupManagement] INFO  ratis.ContainerStateMachine (ContainerStateMachine.java:loadSnapshot(287)) - group-5A6D2AF928DF: The snapshot info is null. Setting the last applied index to:(t:0, i:~)
2024-01-30 07:48:43,103 [84e2f200-b83f-4514-9762-a3bf8832ea50-groupManagement] INFO  server.RaftServerConfigKeys (ConfUtils.java:logGet(46)) - raft.server.log.use.memory = false (default)
2024-01-30 07:48:43,103 [84e2f200-b83f-4514-9762-a3bf8832ea50-groupManagement] INFO  server.RaftServerConfigKeys (ConfUtils.java:logGet(46)) - raft.server.log.purge.gap = 1000000 (custom)
2024-01-30 07:48:43,103 [84e2f200-b83f-4514-9762-a3bf8832ea50-groupManagement] INFO  server.RaftServerConfigKeys (ConfUtils.java:logGet(46)) - raft.server.log.appender.buffer.byte-limit = 8388608 (custom)
2024-01-30 07:48:43,103 [84e2f200-b83f-4514-9762-a3bf8832ea50-groupManagement] INFO  server.RaftServerConfigKeys (ConfUtils.java:logGet(46)) - raft.server.log.statemachine.data.read.timeout = 1000ms (default)
2024-01-30 07:48:43,103 [84e2f200-b83f-4514-9762-a3bf8832ea50-groupManagement] INFO  server.RaftServerConfigKeys (ConfUtils.java:logGet(46)) - raft.server.log.purge.preservation.log.num = 0 (default)
2024-01-30 07:48:43,104 [84e2f200-b83f-4514-9762-a3bf8832ea50-groupManagement] INFO  server.RaftServerConfigKeys (ConfUtils.java:logGet(46)) - raft.server.log.segment.size.max = 67108864 (custom)
2024-01-30 07:48:43,105 [84e2f200-b83f-4514-9762-a3bf8832ea50-groupManagement] INFO  server.RaftServerConfigKeys (ConfUtils.java:logGet(46)) - raft.server.log.segment.cache.num.max = 2 (custom)
2024-01-30 07:48:43,105 [84e2f200-b83f-4514-9762-a3bf8832ea50-groupManagement] INFO  server.RaftServerConfigKeys (ConfUtils.java:logGet(46)) - raft.server.log.segment.cache.size.max = 200MB (=209715200) (default)
2024-01-30 07:48:43,105 [84e2f200-b83f-4514-9762-a3bf8832ea50-groupManagement] INFO  server.RaftServerConfigKeys (ConfUtils.java:logGet(46)) - raft.server.log.appender.buffer.byte-limit = 8388608 (custom)
2024-01-30 07:48:43,105 [84e2f200-b83f-4514-9762-a3bf8832ea50-groupManagement] INFO  util.AwaitToRun (AwaitToRun.java:start(81)) - Thread[84e2f200-b83f-4514-9762-a3bf8832ea50@group-5A6D2AF928DF-cacheEviction-AwaitToRun,5,main] started
2024-01-30 07:48:43,105 [84e2f200-b83f-4514-9762-a3bf8832ea50-groupManagement] INFO  segmented.SegmentedRaftLogWorker (SegmentedRaftLogWorker.java:<init>(182)) - new 84e2f200-b83f-4514-9762-a3bf8832ea50@group-5A6D2AF928DF-SegmentedRaftLogWorker for RaftStorageImpl:Storage Directory /home/runner/work/ozone/ozone/hadoop-ozone/integration-test/target/test-dir/MiniOzoneClusterImpl-22134a4f-1b78-467c-b266-ccfd401dbc1a/datanode-1/data/ratis/bdd74d04-67ca-4fcb-a313-5a6d2af928df
2024-01-30 07:48:43,105 [84e2f200-b83f-4514-9762-a3bf8832ea50-groupManagement] INFO  server.RaftServerConfigKeys (ConfUtils.java:logGet(46)) - raft.server.log.queue.byte-limit = 4294967296 (custom)
2024-01-30 07:48:43,105 [84e2f200-b83f-4514-9762-a3bf8832ea50-groupManagement] INFO  server.RaftServerConfigKeys (ConfUtils.java:logGet(46)) - raft.server.log.queue.element-limit = 1024 (custom)
2024-01-30 07:48:43,105 [84e2f200-b83f-4514-9762-a3bf8832ea50-groupManagement] INFO  server.RaftServerConfigKeys (ConfUtils.java:logGet(46)) - raft.server.log.segment.size.max = 67108864 (custom)
2024-01-30 07:48:43,105 [84e2f200-b83f-4514-9762-a3bf8832ea50-groupManagement] INFO  server.RaftServerConfigKeys (ConfUtils.java:logGet(46)) - raft.server.log.preallocated.size = 4194304 (custom)
2024-01-30 07:48:43,105 [84e2f200-b83f-4514-9762-a3bf8832ea50-groupManagement] INFO  server.RaftServerConfigKeys (ConfUtils.java:logGet(46)) - raft.server.log.force.sync.num = 128 (default)
2024-01-30 07:48:43,105 [84e2f200-b83f-4514-9762-a3bf8832ea50-groupManagement] INFO  server.RaftServerConfigKeys (ConfUtils.java:logGet(46)) - raft.server.log.statemachine.data.sync = true (default)
2024-01-30 07:48:43,106 [84e2f200-b83f-4514-9762-a3bf8832ea50-groupManagement] INFO  server.RaftServerConfigKeys (ConfUtils.java:logGet(46)) - raft.server.log.statemachine.data.sync.timeout = 10s (default)
2024-01-30 07:48:43,106 [84e2f200-b83f-4514-9762-a3bf8832ea50-groupManagement] INFO  server.RaftServerConfigKeys (ConfUtils.java:logGet(46)) - raft.server.log.statemachine.data.sync.timeout.retry = 0 (custom)
2024-01-30 07:48:43,106 [84e2f200-b83f-4514-9762-a3bf8832ea50-groupManagement] INFO  server.RaftServerConfigKeys (ConfUtils.java:logGet(46)) - raft.server.log.write.buffer.size = 8388616 (custom)
2024-01-30 07:48:43,108 [84e2f200-b83f-4514-9762-a3bf8832ea50-groupManagement] INFO  server.RaftServerConfigKeys (ConfUtils.java:logGet(46)) - raft.server.log.appender.buffer.byte-limit = 8388608 (custom)
2024-01-30 07:48:43,108 [84e2f200-b83f-4514-9762-a3bf8832ea50-groupManagement] INFO  server.RaftServerConfigKeys (ConfUtils.java:logGet(46)) - raft.server.log.unsafe-flush.enabled = false (default)
2024-01-30 07:48:43,108 [84e2f200-b83f-4514-9762-a3bf8832ea50-groupManagement] INFO  server.RaftServerConfigKeys (ConfUtils.java:logGet(46)) - raft.server.log.async-flush.enabled = false (default)
2024-01-30 07:48:43,108 [84e2f200-b83f-4514-9762-a3bf8832ea50-groupManagement] INFO  server.RaftServerConfigKeys (ConfUtils.java:logGet(46)) - raft.server.log.statemachine.data.caching.enabled = true (custom)
2024-01-30 07:48:43,108 [84e2f200-b83f-4514-9762-a3bf8832ea50-groupManagement] INFO  segmented.SegmentedRaftLogWorker (SegmentedRaftLogWorker.java:lambda$new$0(134)) - 84e2f200-b83f-4514-9762-a3bf8832ea50@group-5A6D2AF928DF-SegmentedRaftLogWorker: flushIndex: setUnconditionally 0 -> -1
2024-01-30 07:48:43,108 [84e2f200-b83f-4514-9762-a3bf8832ea50-groupManagement] INFO  segmented.SegmentedRaftLogWorker (SegmentedRaftLogWorker.java:lambda$new$0(134)) - 84e2f200-b83f-4514-9762-a3bf8832ea50@group-5A6D2AF928DF-SegmentedRaftLogWorker: safeCacheEvictIndex: setUnconditionally 0 -> -1
2024-01-30 07:48:43,108 [84e2f200-b83f-4514-9762-a3bf8832ea50-groupManagement] INFO  server.RaftServer$Division (RaftServerImpl.java:start(396)) - 84e2f200-b83f-4514-9762-a3bf8832ea50@group-5A6D2AF928DF: start as a follower, conf=-1: peers:[84e2f200-b83f-4514-9762-a3bf8832ea50|10.1.0.48:15120, 971c1615-1531-4bff-8b79-adf9a27d7f54|10.1.0.48:15129, 2a934876-6cad-418e-9d99-0b91c92fbe5b|10.1.0.48:15111]|listeners:[], old=null
2024-01-30 07:48:43,108 [84e2f200-b83f-4514-9762-a3bf8832ea50-groupManagement] INFO  server.RaftServer$Division (RaftServerImpl.java:setRole(383)) - 84e2f200-b83f-4514-9762-a3bf8832ea50@group-5A6D2AF928DF: changes role from      null to FOLLOWER at term 0 for startAsFollower
2024-01-30 07:48:43,108 [84e2f200-b83f-4514-9762-a3bf8832ea50-groupManagement] INFO  impl.RoleInfo (RoleInfo.java:updateAndGet(139)) - 84e2f200-b83f-4514-9762-a3bf8832ea50: start 84e2f200-b83f-4514-9762-a3bf8832ea50@group-5A6D2AF928DF-FollowerState
2024-01-30 07:48:43,109 [84e2f200-b83f-4514-9762-a3bf8832ea50-groupManagement] INFO  util.JmxRegister (JmxRegister.java:tryRegister(44)) - Successfully registered JMX Bean with object name Ratis:service=RaftServer,group=group-5A6D2AF928DF,id=84e2f200-b83f-4514-9762-a3bf8832ea50
2024-01-30 07:48:43,109 [84e2f200-b83f-4514-9762-a3bf8832ea50-groupManagement] INFO  server.RaftServerConfigKeys (ConfUtils.java:logGet(46)) - raft.server.snapshot.trigger-when-stop.enabled = true (default)
2024-01-30 07:48:43,109 [84e2f200-b83f-4514-9762-a3bf8832ea50@group-5A6D2AF928DF-FollowerState] INFO  server.RaftServerConfigKeys (ConfUtils.java:logFallback(53)) - raft.server.rpc.first-election.timeout.min = 5s (fallback to raft.server.rpc.timeout.min)
2024-01-30 07:48:43,109 [84e2f200-b83f-4514-9762-a3bf8832ea50-groupManagement] INFO  server.RaftServerConfigKeys (ConfUtils.java:logGet(46)) - raft.server.snapshot.auto.trigger.enabled = true (custom)
2024-01-30 07:48:43,110 [84e2f200-b83f-4514-9762-a3bf8832ea50-groupManagement] INFO  server.RaftServerConfigKeys (ConfUtils.java:logGet(46)) - raft.server.snapshot.auto.trigger.threshold = 10000 (custom)
2024-01-30 07:48:43,110 [84e2f200-b83f-4514-9762-a3bf8832ea50-groupManagement] INFO  server.RaftServerConfigKeys (ConfUtils.java:logGet(46)) - raft.server.snapshot.retention.file.num = 5 (custom)
2024-01-30 07:48:43,110 [84e2f200-b83f-4514-9762-a3bf8832ea50-groupManagement] INFO  server.RaftServerConfigKeys (ConfUtils.java:logGet(46)) - raft.server.log.purge.upto.snapshot.index = false (default)
2024-01-30 07:48:43,109 [84e2f200-b83f-4514-9762-a3bf8832ea50@group-5A6D2AF928DF-FollowerState] INFO  server.RaftServerConfigKeys (ConfUtils.java:logFallback(53)) - raft.server.rpc.first-election.timeout.max = 5200ms (fallback to raft.server.rpc.timeout.max)
2024-01-30 07:48:43,123 [grpc-default-executor-6] INFO  server.RaftServer (RaftServerProxy.java:addNew(100)) - 2a934876-6cad-418e-9d99-0b91c92fbe5b: addNew group-5A6D2AF928DF:[84e2f200-b83f-4514-9762-a3bf8832ea50|10.1.0.48:15120, 971c1615-1531-4bff-8b79-adf9a27d7f54|10.1.0.48:15129, 2a934876-6cad-418e-9d99-0b91c92fbe5b|10.1.0.48:15111] returns group-5A6D2AF928DF:java.util.concurrent.CompletableFuture@3012e0fb[Not completed]
2024-01-30 07:48:43,123 [2a934876-6cad-418e-9d99-0b91c92fbe5b-groupManagement] INFO  server.RaftServer$Division (RaftServerImpl.java:<init>(256)) - 2a934876-6cad-418e-9d99-0b91c92fbe5b: new RaftServerImpl for group-5A6D2AF928DF:[84e2f200-b83f-4514-9762-a3bf8832ea50|10.1.0.48:15120, 971c1615-1531-4bff-8b79-adf9a27d7f54|10.1.0.48:15129, 2a934876-6cad-418e-9d99-0b91c92fbe5b|10.1.0.48:15111] with ContainerStateMachine:uninitialized
2024-01-30 07:48:43,124 [2a934876-6cad-418e-9d99-0b91c92fbe5b-groupManagement] INFO  server.RaftServerConfigKeys (ConfUtils.java:logGet(46)) - raft.server.rpc.timeout.min = 5s (custom)
2024-01-30 07:48:43,124 [2a934876-6cad-418e-9d99-0b91c92fbe5b-groupManagement] INFO  server.RaftServerConfigKeys (ConfUtils.java:logGet(46)) - raft.server.rpc.timeout.max = 5200ms (custom)
2024-01-30 07:48:43,124 [2a934876-6cad-418e-9d99-0b91c92fbe5b-groupManagement] INFO  server.RaftServerConfigKeys (ConfUtils.java:logGet(46)) - raft.server.rpc.sleep.time = 25ms (default)
2024-01-30 07:48:43,124 [2a934876-6cad-418e-9d99-0b91c92fbe5b-groupManagement] INFO  server.RaftServerConfigKeys (ConfUtils.java:logGet(46)) - raft.server.rpc.slowness.timeout = 300s (custom)
2024-01-30 07:48:43,124 [2a934876-6cad-418e-9d99-0b91c92fbe5b-groupManagement] INFO  server.RaftServerConfigKeys (ConfUtils.java:logGet(46)) - raft.server.leaderelection.leader.step-down.wait-time = 10s (default)
2024-01-30 07:48:43,124 [2a934876-6cad-418e-9d99-0b91c92fbe5b-groupManagement] INFO  server.RaftServerConfigKeys (ConfUtils.java:logGet(46)) - raft.server.leaderelection.member.majority-add = false (default)
2024-01-30 07:48:43,124 [2a934876-6cad-418e-9d99-0b91c92fbe5b-groupManagement] INFO  server.RaftServerConfigKeys (ConfUtils.java:logGet(46)) - raft.server.sleep.deviation.threshold = 300ms (default)
2024-01-30 07:48:43,124 [2a934876-6cad-418e-9d99-0b91c92fbe5b-groupManagement] INFO  server.RaftServer$Division (ServerState.java:<init>(113)) - 2a934876-6cad-418e-9d99-0b91c92fbe5b@group-5A6D2AF928DF: ConfigurationManager, init=-1: peers:[84e2f200-b83f-4514-9762-a3bf8832ea50|10.1.0.48:15120, 971c1615-1531-4bff-8b79-adf9a27d7f54|10.1.0.48:15129, 2a934876-6cad-418e-9d99-0b91c92fbe5b|10.1.0.48:15111]|listeners:[], old=null, confs=<EMPTY_MAP>
2024-01-30 07:48:43,124 [2a934876-6cad-418e-9d99-0b91c92fbe5b-groupManagement] INFO  server.RaftServerConfigKeys (ConfUtils.java:logGet(46)) - raft.server.notification.no-leader.timeout = 300s (custom)
2024-01-30 07:48:43,124 [2a934876-6cad-418e-9d99-0b91c92fbe5b-groupManagement] INFO  server.RaftServerConfigKeys (ConfUtils.java:logGet(46)) - raft.server.read.timeout = 10s (default)
2024-01-30 07:48:43,124 [2a934876-6cad-418e-9d99-0b91c92fbe5b-groupManagement] INFO  server.RaftServerConfigKeys (ConfUtils.java:logGet(46)) - raft.server.retrycache.expirytime = 600000ms (custom)
2024-01-30 07:48:43,124 [2a934876-6cad-418e-9d99-0b91c92fbe5b-groupManagement] INFO  server.RaftServerConfigKeys (ConfUtils.java:logGet(46)) - raft.server.retrycache.statistics.expirytime = 100ms (default)
2024-01-30 07:48:43,124 [2a934876-6cad-418e-9d99-0b91c92fbe5b-groupManagement] INFO  server.RaftServerConfigKeys (ConfUtils.java:logGet(46)) - raft.server.read.option = DEFAULT (default)
2024-01-30 07:48:43,124 [2a934876-6cad-418e-9d99-0b91c92fbe5b-groupManagement] INFO  server.RaftServerConfigKeys (ConfUtils.java:logGet(46)) - raft.server.read.read-after-write-consistent.write-index-cache.expiry-time = 60s (default)
2024-01-30 07:48:43,125 [2a934876-6cad-418e-9d99-0b91c92fbe5b-groupManagement] INFO  server.RaftServerConfigKeys (ConfUtils.java:logGet(46)) - raft.server.rpc.request.timeout = 60s (custom)
2024-01-30 07:48:43,125 [2a934876-6cad-418e-9d99-0b91c92fbe5b-groupManagement] INFO  server.RaftServerConfigKeys (ConfUtils.java:logGet(46)) - raft.server.log.appender.install.snapshot.enabled = false (custom)
2024-01-30 07:48:43,125 [2a934876-6cad-418e-9d99-0b91c92fbe5b-groupManagement] INFO  server.RaftServerConfigKeys (ConfUtils.java:logGet(46)) - raft.server.threadpool.server.cached = true (default)
2024-01-30 07:48:43,125 [2a934876-6cad-418e-9d99-0b91c92fbe5b-groupManagement] INFO  server.RaftServerConfigKeys (ConfUtils.java:logGet(46)) - raft.server.threadpool.server.size = 0 (default)
2024-01-30 07:48:43,125 [2a934876-6cad-418e-9d99-0b91c92fbe5b-groupManagement] INFO  server.RaftServerConfigKeys (ConfUtils.java:logGet(46)) - raft.server.threadpool.client.cached = true (default)
2024-01-30 07:48:43,125 [2a934876-6cad-418e-9d99-0b91c92fbe5b-groupManagement] INFO  server.RaftServerConfigKeys (ConfUtils.java:logGet(46)) - raft.server.threadpool.client.size = 0 (default)
2024-01-30 07:48:43,125 [2a934876-6cad-418e-9d99-0b91c92fbe5b-groupManagement] INFO  server.RaftServerConfigKeys (ConfUtils.java:logGet(46)) - raft.server.storage.free-space.min = 0MB (=0) (default)
2024-01-30 07:48:43,125 [2a934876-6cad-418e-9d99-0b91c92fbe5b-groupManagement] INFO  server.RaftServerConfigKeys (ConfUtils.java:logGet(46)) - raft.server.log.corruption.policy = EXCEPTION (default)
2024-01-30 07:48:43,125 [2a934876-6cad-418e-9d99-0b91c92fbe5b-groupManagement] INFO  server.RaftServerConfigKeys (ConfUtils.java:logGet(46)) - raft.server.storage.dir = [/home/runner/work/ozone/ozone/hadoop-ozone/integration-test/target/test-dir/MiniOzoneClusterImpl-22134a4f-1b78-467c-b266-ccfd401dbc1a/datanode-0/data/ratis] (custom)
2024-01-30 07:48:43,126 [2a934876-6cad-418e-9d99-0b91c92fbe5b-groupManagement] INFO  storage.RaftStorageDirectory (RaftStorageDirectoryImpl.java:analyzeStorage(138)) - The storage directory /home/runner/work/ozone/ozone/hadoop-ozone/integration-test/target/test-dir/MiniOzoneClusterImpl-22134a4f-1b78-467c-b266-ccfd401dbc1a/datanode-0/data/ratis/bdd74d04-67ca-4fcb-a313-5a6d2af928df does not exist. Creating ...
2024-01-30 07:48:43,126 [2a934876-6cad-418e-9d99-0b91c92fbe5b-groupManagement] INFO  storage.RaftStorageDirectory (RaftStorageDirectoryImpl.java:tryLock(228)) - Lock on /home/runner/work/ozone/ozone/hadoop-ozone/integration-test/target/test-dir/MiniOzoneClusterImpl-22134a4f-1b78-467c-b266-ccfd401dbc1a/datanode-0/data/ratis/bdd74d04-67ca-4fcb-a313-5a6d2af928df/in_use.lock acquired by nodename 92995@fv-az1436-717
2024-01-30 07:48:43,127 [2a934876-6cad-418e-9d99-0b91c92fbe5b-groupManagement] INFO  storage.RaftStorage (RaftStorageImpl.java:format(99)) - Storage directory /home/runner/work/ozone/ozone/hadoop-ozone/integration-test/target/test-dir/MiniOzoneClusterImpl-22134a4f-1b78-467c-b266-ccfd401dbc1a/datanode-0/data/ratis/bdd74d04-67ca-4fcb-a313-5a6d2af928df has been successfully formatted.
2024-01-30 07:48:43,127 [2a934876-6cad-418e-9d99-0b91c92fbe5b-groupManagement] WARN  util.FileUtils (LogUtils.java:supplyAndLog(63)) - Failed to Files.newInputStream /home/runner/work/ozone/ozone/hadoop-ozone/integration-test/target/test-dir/MiniOzoneClusterImpl-22134a4f-1b78-467c-b266-ccfd401dbc1a/datanode-0/data/ratis/bdd74d04-67ca-4fcb-a313-5a6d2af928df/current/raft-meta.conf with options []: java.nio.file.NoSuchFileException: /home/runner/work/ozone/ozone/hadoop-ozone/integration-test/target/test-dir/MiniOzoneClusterImpl-22134a4f-1b78-467c-b266-ccfd401dbc1a/datanode-0/data/ratis/bdd74d04-67ca-4fcb-a313-5a6d2af928df/current/raft-meta.conf
2024-01-30 07:48:43,128 [2a934876-6cad-418e-9d99-0b91c92fbe5b-groupManagement] INFO  ratis.ContainerStateMachine (ContainerStateMachine.java:loadSnapshot(287)) - group-5A6D2AF928DF: The snapshot info is null. Setting the last applied index to:(t:0, i:~)
2024-01-30 07:48:43,128 [2a934876-6cad-418e-9d99-0b91c92fbe5b-groupManagement] INFO  server.RaftServerConfigKeys (ConfUtils.java:logGet(46)) - raft.server.log.use.memory = false (default)
2024-01-30 07:48:43,128 [2a934876-6cad-418e-9d99-0b91c92fbe5b-groupManagement] INFO  server.RaftServerConfigKeys (ConfUtils.java:logGet(46)) - raft.server.log.purge.gap = 1000000 (custom)
2024-01-30 07:48:43,128 [2a934876-6cad-418e-9d99-0b91c92fbe5b-groupManagement] INFO  server.RaftServerConfigKeys (ConfUtils.java:logGet(46)) - raft.server.log.appender.buffer.byte-limit = 8388608 (custom)
2024-01-30 07:48:43,128 [2a934876-6cad-418e-9d99-0b91c92fbe5b-groupManagement] INFO  server.RaftServerConfigKeys (ConfUtils.java:logGet(46)) - raft.server.log.statemachine.data.read.timeout = 1000ms (default)
2024-01-30 07:48:43,128 [2a934876-6cad-418e-9d99-0b91c92fbe5b-groupManagement] INFO  server.RaftServerConfigKeys (ConfUtils.java:logGet(46)) - raft.server.log.purge.preservation.log.num = 0 (default)
2024-01-30 07:48:43,129 [2a934876-6cad-418e-9d99-0b91c92fbe5b-groupManagement] INFO  server.RaftServerConfigKeys (ConfUtils.java:logGet(46)) - raft.server.log.segment.size.max = 67108864 (custom)
2024-01-30 07:48:43,129 [2a934876-6cad-418e-9d99-0b91c92fbe5b-groupManagement] INFO  server.RaftServerConfigKeys (ConfUtils.java:logGet(46)) - raft.server.log.segment.cache.num.max = 2 (custom)
2024-01-30 07:48:43,130 [2a934876-6cad-418e-9d99-0b91c92fbe5b-groupManagement] INFO  server.RaftServerConfigKeys (ConfUtils.java:logGet(46)) - raft.server.log.segment.cache.size.max = 200MB (=209715200) (default)
2024-01-30 07:48:43,130 [2a934876-6cad-418e-9d99-0b91c92fbe5b-groupManagement] INFO  server.RaftServerConfigKeys (ConfUtils.java:logGet(46)) - raft.server.log.appender.buffer.byte-limit = 8388608 (custom)
2024-01-30 07:48:43,130 [2a934876-6cad-418e-9d99-0b91c92fbe5b-groupManagement] INFO  util.AwaitToRun (AwaitToRun.java:start(81)) - Thread[2a934876-6cad-418e-9d99-0b91c92fbe5b@group-5A6D2AF928DF-cacheEviction-AwaitToRun,5,main] started
2024-01-30 07:48:43,130 [2a934876-6cad-418e-9d99-0b91c92fbe5b-groupManagement] INFO  segmented.SegmentedRaftLogWorker (SegmentedRaftLogWorker.java:<init>(182)) - new 2a934876-6cad-418e-9d99-0b91c92fbe5b@group-5A6D2AF928DF-SegmentedRaftLogWorker for RaftStorageImpl:Storage Directory /home/runner/work/ozone/ozone/hadoop-ozone/integration-test/target/test-dir/MiniOzoneClusterImpl-22134a4f-1b78-467c-b266-ccfd401dbc1a/datanode-0/data/ratis/bdd74d04-67ca-4fcb-a313-5a6d2af928df
2024-01-30 07:48:43,130 [2a934876-6cad-418e-9d99-0b91c92fbe5b-groupManagement] INFO  server.RaftServerConfigKeys (ConfUtils.java:logGet(46)) - raft.server.log.queue.byte-limit = 4294967296 (custom)
2024-01-30 07:48:43,130 [2a934876-6cad-418e-9d99-0b91c92fbe5b-groupManagement] INFO  server.RaftServerConfigKeys (ConfUtils.java:logGet(46)) - raft.server.log.queue.element-limit = 1024 (custom)
2024-01-30 07:48:43,130 [2a934876-6cad-418e-9d99-0b91c92fbe5b-groupManagement] INFO  server.RaftServerConfigKeys (ConfUtils.java:logGet(46)) - raft.server.log.segment.size.max = 67108864 (custom)
2024-01-30 07:48:43,130 [2a934876-6cad-418e-9d99-0b91c92fbe5b-groupManagement] INFO  server.RaftServerConfigKeys (ConfUtils.java:logGet(46)) - raft.server.log.preallocated.size = 4194304 (custom)
2024-01-30 07:48:43,130 [2a934876-6cad-418e-9d99-0b91c92fbe5b-groupManagement] INFO  server.RaftServerConfigKeys (ConfUtils.java:logGet(46)) - raft.server.log.force.sync.num = 128 (default)
2024-01-30 07:48:43,130 [2a934876-6cad-418e-9d99-0b91c92fbe5b-groupManagement] INFO  server.RaftServerConfigKeys (ConfUtils.java:logGet(46)) - raft.server.log.statemachine.data.sync = true (default)
2024-01-30 07:48:43,130 [2a934876-6cad-418e-9d99-0b91c92fbe5b-groupManagement] INFO  server.RaftServerConfigKeys (ConfUtils.java:logGet(46)) - raft.server.log.statemachine.data.sync.timeout = 10s (default)
2024-01-30 07:48:43,130 [2a934876-6cad-418e-9d99-0b91c92fbe5b-groupManagement] INFO  server.RaftServerConfigKeys (ConfUtils.java:logGet(46)) - raft.server.log.statemachine.data.sync.timeout.retry = 0 (custom)
2024-01-30 07:48:43,130 [2a934876-6cad-418e-9d99-0b91c92fbe5b-groupManagement] INFO  server.RaftServerConfigKeys (ConfUtils.java:logGet(46)) - raft.server.log.write.buffer.size = 8388616 (custom)
2024-01-30 07:48:43,132 [2a934876-6cad-418e-9d99-0b91c92fbe5b-groupManagement] INFO  server.RaftServerConfigKeys (ConfUtils.java:logGet(46)) - raft.server.log.appender.buffer.byte-limit = 8388608 (custom)
2024-01-30 07:48:43,132 [2a934876-6cad-418e-9d99-0b91c92fbe5b-groupManagement] INFO  server.RaftServerConfigKeys (ConfUtils.java:logGet(46)) - raft.server.log.unsafe-flush.enabled = false (default)
2024-01-30 07:48:43,132 [2a934876-6cad-418e-9d99-0b91c92fbe5b-groupManagement] INFO  server.RaftServerConfigKeys (ConfUtils.java:logGet(46)) - raft.server.log.async-flush.enabled = false (default)
2024-01-30 07:48:43,132 [2a934876-6cad-418e-9d99-0b91c92fbe5b-groupManagement] INFO  server.RaftServerConfigKeys (ConfUtils.java:logGet(46)) - raft.server.log.statemachine.data.caching.enabled = true (custom)
2024-01-30 07:48:43,132 [2a934876-6cad-418e-9d99-0b91c92fbe5b-groupManagement] INFO  segmented.SegmentedRaftLogWorker (SegmentedRaftLogWorker.java:lambda$new$0(134)) - 2a934876-6cad-418e-9d99-0b91c92fbe5b@group-5A6D2AF928DF-SegmentedRaftLogWorker: flushIndex: setUnconditionally 0 -> -1
2024-01-30 07:48:43,132 [2a934876-6cad-418e-9d99-0b91c92fbe5b-groupManagement] INFO  segmented.SegmentedRaftLogWorker (SegmentedRaftLogWorker.java:lambda$new$0(134)) - 2a934876-6cad-418e-9d99-0b91c92fbe5b@group-5A6D2AF928DF-SegmentedRaftLogWorker: safeCacheEvictIndex: setUnconditionally 0 -> -1
2024-01-30 07:48:43,132 [2a934876-6cad-418e-9d99-0b91c92fbe5b-groupManagement] INFO  server.RaftServer$Division (RaftServerImpl.java:start(396)) - 2a934876-6cad-418e-9d99-0b91c92fbe5b@group-5A6D2AF928DF: start as a follower, conf=-1: peers:[84e2f200-b83f-4514-9762-a3bf8832ea50|10.1.0.48:15120, 971c1615-1531-4bff-8b79-adf9a27d7f54|10.1.0.48:15129, 2a934876-6cad-418e-9d99-0b91c92fbe5b|10.1.0.48:15111]|listeners:[], old=null
2024-01-30 07:48:43,132 [2a934876-6cad-418e-9d99-0b91c92fbe5b-groupManagement] INFO  server.RaftServer$Division (RaftServerImpl.java:setRole(383)) - 2a934876-6cad-418e-9d99-0b91c92fbe5b@group-5A6D2AF928DF: changes role from      null to FOLLOWER at term 0 for startAsFollower
2024-01-30 07:48:43,132 [2a934876-6cad-418e-9d99-0b91c92fbe5b-groupManagement] INFO  impl.RoleInfo (RoleInfo.java:updateAndGet(139)) - 2a934876-6cad-418e-9d99-0b91c92fbe5b: start 2a934876-6cad-418e-9d99-0b91c92fbe5b@group-5A6D2AF928DF-FollowerState
2024-01-30 07:48:43,132 [2a934876-6cad-418e-9d99-0b91c92fbe5b@group-5A6D2AF928DF-FollowerState] INFO  server.RaftServerConfigKeys (ConfUtils.java:logFallback(53)) - raft.server.rpc.first-election.timeout.min = 5s (fallback to raft.server.rpc.timeout.min)
2024-01-30 07:48:43,132 [2a934876-6cad-418e-9d99-0b91c92fbe5b-groupManagement] INFO  util.JmxRegister (JmxRegister.java:tryRegister(44)) - Successfully registered JMX Bean with object name Ratis:service=RaftServer,group=group-5A6D2AF928DF,id=2a934876-6cad-418e-9d99-0b91c92fbe5b
2024-01-30 07:48:43,132 [2a934876-6cad-418e-9d99-0b91c92fbe5b@group-5A6D2AF928DF-FollowerState] INFO  server.RaftServerConfigKeys (ConfUtils.java:logFallback(53)) - raft.server.rpc.first-election.timeout.max = 5200ms (fallback to raft.server.rpc.timeout.max)
2024-01-30 07:48:43,132 [2a934876-6cad-418e-9d99-0b91c92fbe5b-groupManagement] INFO  server.RaftServerConfigKeys (ConfUtils.java:logGet(46)) - raft.server.snapshot.trigger-when-stop.enabled = true (default)
2024-01-30 07:48:43,132 [2a934876-6cad-418e-9d99-0b91c92fbe5b-groupManagement] INFO  server.RaftServerConfigKeys (ConfUtils.java:logGet(46)) - raft.server.snapshot.auto.trigger.enabled = true (custom)
2024-01-30 07:48:43,132 [2a934876-6cad-418e-9d99-0b91c92fbe5b-groupManagement] INFO  server.RaftServerConfigKeys (ConfUtils.java:logGet(46)) - raft.server.snapshot.auto.trigger.threshold = 10000 (custom)
2024-01-30 07:48:43,132 [2a934876-6cad-418e-9d99-0b91c92fbe5b-groupManagement] INFO  server.RaftServerConfigKeys (ConfUtils.java:logGet(46)) - raft.server.snapshot.retention.file.num = 5 (custom)
2024-01-30 07:48:43,133 [2a934876-6cad-418e-9d99-0b91c92fbe5b-groupManagement] INFO  server.RaftServerConfigKeys (ConfUtils.java:logGet(46)) - raft.server.log.purge.upto.snapshot.index = false (default)
2024-01-30 07:48:43,144 [971c1615-1531-4bff-8b79-adf9a27d7f54-PipelineCommandHandlerThread-0] INFO  commandhandler.CreatePipelineCommandHandler (CreatePipelineCommandHandler.java:lambda$handle$2(124)) - Created Pipeline RATIS THREE PipelineID=bdd74d04-67ca-4fcb-a313-5a6d2af928df.
2024-01-30 07:48:43,144 [971c1615-1531-4bff-8b79-adf9a27d7f54-PipelineCommandHandlerThread-0] INFO  server.RaftServer (RaftServerProxy.java:addNew(100)) - 971c1615-1531-4bff-8b79-adf9a27d7f54: addNew group-AA3E182905E7:[84e2f200-b83f-4514-9762-a3bf8832ea50|10.1.0.48:15120, 971c1615-1531-4bff-8b79-adf9a27d7f54|10.1.0.48:15129, 33e454d1-da2d-4d19-a678-883106399134|10.1.0.48:15138] returns group-AA3E182905E7:java.util.concurrent.CompletableFuture@75428577[Not completed]
2024-01-30 07:48:43,144 [971c1615-1531-4bff-8b79-adf9a27d7f54-groupManagement] INFO  server.RaftServer$Division (RaftServerImpl.java:<init>(256)) - 971c1615-1531-4bff-8b79-adf9a27d7f54: new RaftServerImpl for group-AA3E182905E7:[84e2f200-b83f-4514-9762-a3bf8832ea50|10.1.0.48:15120, 971c1615-1531-4bff-8b79-adf9a27d7f54|10.1.0.48:15129, 33e454d1-da2d-4d19-a678-883106399134|10.1.0.48:15138] with ContainerStateMachine:uninitialized
2024-01-30 07:48:43,144 [971c1615-1531-4bff-8b79-adf9a27d7f54-groupManagement] INFO  server.RaftServerConfigKeys (ConfUtils.java:logGet(46)) - raft.server.rpc.timeout.min = 5s (custom)
2024-01-30 07:48:43,145 [971c1615-1531-4bff-8b79-adf9a27d7f54-groupManagement] INFO  server.RaftServerConfigKeys (ConfUtils.java:logGet(46)) - raft.server.rpc.timeout.max = 5200ms (custom)
2024-01-30 07:48:43,145 [971c1615-1531-4bff-8b79-adf9a27d7f54-groupManagement] INFO  server.RaftServerConfigKeys (ConfUtils.java:logGet(46)) - raft.server.rpc.sleep.time = 25ms (default)
2024-01-30 07:48:43,145 [971c1615-1531-4bff-8b79-adf9a27d7f54-groupManagement] INFO  server.RaftServerConfigKeys (ConfUtils.java:logGet(46)) - raft.server.rpc.slowness.timeout = 300s (custom)
2024-01-30 07:48:43,145 [971c1615-1531-4bff-8b79-adf9a27d7f54-groupManagement] INFO  server.RaftServerConfigKeys (ConfUtils.java:logGet(46)) - raft.server.leaderelection.leader.step-down.wait-time = 10s (default)
2024-01-30 07:48:43,145 [971c1615-1531-4bff-8b79-adf9a27d7f54-groupManagement] INFO  server.RaftServerConfigKeys (ConfUtils.java:logGet(46)) - raft.server.leaderelection.member.majority-add = false (default)
2024-01-30 07:48:43,145 [971c1615-1531-4bff-8b79-adf9a27d7f54-groupManagement] INFO  server.RaftServerConfigKeys (ConfUtils.java:logGet(46)) - raft.server.sleep.deviation.threshold = 300ms (default)
2024-01-30 07:48:43,145 [971c1615-1531-4bff-8b79-adf9a27d7f54-groupManagement] INFO  server.RaftServer$Division (ServerState.java:<init>(113)) - 971c1615-1531-4bff-8b79-adf9a27d7f54@group-AA3E182905E7: ConfigurationManager, init=-1: peers:[84e2f200-b83f-4514-9762-a3bf8832ea50|10.1.0.48:15120, 971c1615-1531-4bff-8b79-adf9a27d7f54|10.1.0.48:15129, 33e454d1-da2d-4d19-a678-883106399134|10.1.0.48:15138]|listeners:[], old=null, confs=<EMPTY_MAP>
2024-01-30 07:48:43,145 [971c1615-1531-4bff-8b79-adf9a27d7f54-groupManagement] INFO  server.RaftServerConfigKeys (ConfUtils.java:logGet(46)) - raft.server.notification.no-leader.timeout = 300s (custom)
2024-01-30 07:48:43,145 [971c1615-1531-4bff-8b79-adf9a27d7f54-groupManagement] INFO  server.RaftServerConfigKeys (ConfUtils.java:logGet(46)) - raft.server.read.timeout = 10s (default)
2024-01-30 07:48:43,145 [971c1615-1531-4bff-8b79-adf9a27d7f54-groupManagement] INFO  server.RaftServerConfigKeys (ConfUtils.java:logGet(46)) - raft.server.retrycache.expirytime = 600000ms (custom)
2024-01-30 07:48:43,145 [971c1615-1531-4bff-8b79-adf9a27d7f54-groupManagement] INFO  server.RaftServerConfigKeys (ConfUtils.java:logGet(46)) - raft.server.retrycache.statistics.expirytime = 100ms (default)
2024-01-30 07:48:43,145 [971c1615-1531-4bff-8b79-adf9a27d7f54-groupManagement] INFO  server.RaftServerConfigKeys (ConfUtils.java:logGet(46)) - raft.server.read.option = DEFAULT (default)
2024-01-30 07:48:43,145 [971c1615-1531-4bff-8b79-adf9a27d7f54-groupManagement] INFO  server.RaftServerConfigKeys (ConfUtils.java:logGet(46)) - raft.server.read.read-after-write-consistent.write-index-cache.expiry-time = 60s (default)
2024-01-30 07:48:43,147 [971c1615-1531-4bff-8b79-adf9a27d7f54-groupManagement] INFO  server.RaftServerConfigKeys (ConfUtils.java:logGet(46)) - raft.server.rpc.request.timeout = 60s (custom)
2024-01-30 07:48:43,147 [971c1615-1531-4bff-8b79-adf9a27d7f54-groupManagement] INFO  server.RaftServerConfigKeys (ConfUtils.java:logGet(46)) - raft.server.log.appender.install.snapshot.enabled = false (custom)
2024-01-30 07:48:43,147 [971c1615-1531-4bff-8b79-adf9a27d7f54-groupManagement] INFO  server.RaftServerConfigKeys (ConfUtils.java:logGet(46)) - raft.server.threadpool.server.cached = true (default)
2024-01-30 07:48:43,147 [971c1615-1531-4bff-8b79-adf9a27d7f54-groupManagement] INFO  server.RaftServerConfigKeys (ConfUtils.java:logGet(46)) - raft.server.threadpool.server.size = 0 (default)
2024-01-30 07:48:43,147 [971c1615-1531-4bff-8b79-adf9a27d7f54-groupManagement] INFO  server.RaftServerConfigKeys (ConfUtils.java:logGet(46)) - raft.server.threadpool.client.cached = true (default)
2024-01-30 07:48:43,147 [971c1615-1531-4bff-8b79-adf9a27d7f54-groupManagement] INFO  server.RaftServerConfigKeys (ConfUtils.java:logGet(46)) - raft.server.threadpool.client.size = 0 (default)
2024-01-30 07:48:43,147 [971c1615-1531-4bff-8b79-adf9a27d7f54-groupManagement] INFO  server.RaftServerConfigKeys (ConfUtils.java:logGet(46)) - raft.server.storage.free-space.min = 0MB (=0) (default)
2024-01-30 07:48:43,147 [971c1615-1531-4bff-8b79-adf9a27d7f54-groupManagement] INFO  server.RaftServerConfigKeys (ConfUtils.java:logGet(46)) - raft.server.log.corruption.policy = EXCEPTION (default)
2024-01-30 07:48:43,147 [971c1615-1531-4bff-8b79-adf9a27d7f54-groupManagement] INFO  server.RaftServerConfigKeys (ConfUtils.java:logGet(46)) - raft.server.storage.dir = [/home/runner/work/ozone/ozone/hadoop-ozone/integration-test/target/test-dir/MiniOzoneClusterImpl-22134a4f-1b78-467c-b266-ccfd401dbc1a/datanode-2/data/ratis] (custom)
2024-01-30 07:48:43,147 [971c1615-1531-4bff-8b79-adf9a27d7f54-groupManagement] INFO  storage.RaftStorageDirectory (RaftStorageDirectoryImpl.java:analyzeStorage(138)) - The storage directory /home/runner/work/ozone/ozone/hadoop-ozone/integration-test/target/test-dir/MiniOzoneClusterImpl-22134a4f-1b78-467c-b266-ccfd401dbc1a/datanode-2/data/ratis/0228237e-cce7-4be6-ad0a-aa3e182905e7 does not exist. Creating ...
2024-01-30 07:48:43,148 [971c1615-1531-4bff-8b79-adf9a27d7f54-groupManagement] INFO  storage.RaftStorageDirectory (RaftStorageDirectoryImpl.java:tryLock(228)) - Lock on /home/runner/work/ozone/ozone/hadoop-ozone/integration-test/target/test-dir/MiniOzoneClusterImpl-22134a4f-1b78-467c-b266-ccfd401dbc1a/datanode-2/data/ratis/0228237e-cce7-4be6-ad0a-aa3e182905e7/in_use.lock acquired by nodename 92995@fv-az1436-717
2024-01-30 07:48:43,149 [971c1615-1531-4bff-8b79-adf9a27d7f54-groupManagement] INFO  storage.RaftStorage (RaftStorageImpl.java:format(99)) - Storage directory /home/runner/work/ozone/ozone/hadoop-ozone/integration-test/target/test-dir/MiniOzoneClusterImpl-22134a4f-1b78-467c-b266-ccfd401dbc1a/datanode-2/data/ratis/0228237e-cce7-4be6-ad0a-aa3e182905e7 has been successfully formatted.
2024-01-30 07:48:43,149 [971c1615-1531-4bff-8b79-adf9a27d7f54-groupManagement] WARN  util.FileUtils (LogUtils.java:supplyAndLog(63)) - Failed to Files.newInputStream /home/runner/work/ozone/ozone/hadoop-ozone/integration-test/target/test-dir/MiniOzoneClusterImpl-22134a4f-1b78-467c-b266-ccfd401dbc1a/datanode-2/data/ratis/0228237e-cce7-4be6-ad0a-aa3e182905e7/current/raft-meta.conf with options []: java.nio.file.NoSuchFileException: /home/runner/work/ozone/ozone/hadoop-ozone/integration-test/target/test-dir/MiniOzoneClusterImpl-22134a4f-1b78-467c-b266-ccfd401dbc1a/datanode-2/data/ratis/0228237e-cce7-4be6-ad0a-aa3e182905e7/current/raft-meta.conf
2024-01-30 07:48:43,150 [971c1615-1531-4bff-8b79-adf9a27d7f54-groupManagement] INFO  ratis.ContainerStateMachine (ContainerStateMachine.java:loadSnapshot(287)) - group-AA3E182905E7: The snapshot info is null. Setting the last applied index to:(t:0, i:~)
2024-01-30 07:48:43,150 [971c1615-1531-4bff-8b79-adf9a27d7f54-groupManagement] INFO  server.RaftServerConfigKeys (ConfUtils.java:logGet(46)) - raft.server.log.use.memory = false (default)
2024-01-30 07:48:43,150 [971c1615-1531-4bff-8b79-adf9a27d7f54-groupManagement] INFO  server.RaftServerConfigKeys (ConfUtils.java:logGet(46)) - raft.server.log.purge.gap = 1000000 (custom)
2024-01-30 07:48:43,150 [971c1615-1531-4bff-8b79-adf9a27d7f54-groupManagement] INFO  server.RaftServerConfigKeys (ConfUtils.java:logGet(46)) - raft.server.log.appender.buffer.byte-limit = 8388608 (custom)
2024-01-30 07:48:43,150 [971c1615-1531-4bff-8b79-adf9a27d7f54-groupManagement] INFO  server.RaftServerConfigKeys (ConfUtils.java:logGet(46)) - raft.server.log.statemachine.data.read.timeout = 1000ms (default)
2024-01-30 07:48:43,150 [971c1615-1531-4bff-8b79-adf9a27d7f54-groupManagement] INFO  server.RaftServerConfigKeys (ConfUtils.java:logGet(46)) - raft.server.log.purge.preservation.log.num = 0 (default)
2024-01-30 07:48:43,151 [971c1615-1531-4bff-8b79-adf9a27d7f54-groupManagement] INFO  server.RaftServerConfigKeys (ConfUtils.java:logGet(46)) - raft.server.log.segment.size.max = 67108864 (custom)
2024-01-30 07:48:43,151 [971c1615-1531-4bff-8b79-adf9a27d7f54-groupManagement] INFO  server.RaftServerConfigKeys (ConfUtils.java:logGet(46)) - raft.server.log.segment.cache.num.max = 2 (custom)
2024-01-30 07:48:43,151 [971c1615-1531-4bff-8b79-adf9a27d7f54-groupManagement] INFO  server.RaftServerConfigKeys (ConfUtils.java:logGet(46)) - raft.server.log.segment.cache.size.max = 200MB (=209715200) (default)
2024-01-30 07:48:43,151 [971c1615-1531-4bff-8b79-adf9a27d7f54-groupManagement] INFO  server.RaftServerConfigKeys (ConfUtils.java:logGet(46)) - raft.server.log.appender.buffer.byte-limit = 8388608 (custom)
2024-01-30 07:48:43,152 [971c1615-1531-4bff-8b79-adf9a27d7f54-groupManagement] INFO  util.AwaitToRun (AwaitToRun.java:start(81)) - Thread[971c1615-1531-4bff-8b79-adf9a27d7f54@group-AA3E182905E7-cacheEviction-AwaitToRun,5,main] started
2024-01-30 07:48:43,152 [971c1615-1531-4bff-8b79-adf9a27d7f54-groupManagement] INFO  segmented.SegmentedRaftLogWorker (SegmentedRaftLogWorker.java:<init>(182)) - new 971c1615-1531-4bff-8b79-adf9a27d7f54@group-AA3E182905E7-SegmentedRaftLogWorker for RaftStorageImpl:Storage Directory /home/runner/work/ozone/ozone/hadoop-ozone/integration-test/target/test-dir/MiniOzoneClusterImpl-22134a4f-1b78-467c-b266-ccfd401dbc1a/datanode-2/data/ratis/0228237e-cce7-4be6-ad0a-aa3e182905e7
2024-01-30 07:48:43,152 [971c1615-1531-4bff-8b79-adf9a27d7f54-groupManagement] INFO  server.RaftServerConfigKeys (ConfUtils.java:logGet(46)) - raft.server.log.queue.byte-limit = 4294967296 (custom)
2024-01-30 07:48:43,152 [971c1615-1531-4bff-8b79-adf9a27d7f54-groupManagement] INFO  server.RaftServerConfigKeys (ConfUtils.java:logGet(46)) - raft.server.log.queue.element-limit = 1024 (custom)
2024-01-30 07:48:43,152 [971c1615-1531-4bff-8b79-adf9a27d7f54-groupManagement] INFO  server.RaftServerConfigKeys (ConfUtils.java:logGet(46)) - raft.server.log.segment.size.max = 67108864 (custom)
2024-01-30 07:48:43,152 [971c1615-1531-4bff-8b79-adf9a27d7f54-groupManagement] INFO  server.RaftServerConfigKeys (ConfUtils.java:logGet(46)) - raft.server.log.preallocated.size = 4194304 (custom)
2024-01-30 07:48:43,152 [971c1615-1531-4bff-8b79-adf9a27d7f54-groupManagement] INFO  server.RaftServerConfigKeys (ConfUtils.java:logGet(46)) - raft.server.log.force.sync.num = 128 (default)
2024-01-30 07:48:43,152 [971c1615-1531-4bff-8b79-adf9a27d7f54-groupManagement] INFO  server.RaftServerConfigKeys (ConfUtils.java:logGet(46)) - raft.server.log.statemachine.data.sync = true (default)
2024-01-30 07:48:43,152 [971c1615-1531-4bff-8b79-adf9a27d7f54-groupManagement] INFO  server.RaftServerConfigKeys (ConfUtils.java:logGet(46)) - raft.server.log.statemachine.data.sync.timeout = 10s (default)
2024-01-30 07:48:43,152 [971c1615-1531-4bff-8b79-adf9a27d7f54-groupManagement] INFO  server.RaftServerConfigKeys (ConfUtils.java:logGet(46)) - raft.server.log.statemachine.data.sync.timeout.retry = 0 (custom)
2024-01-30 07:48:43,153 [971c1615-1531-4bff-8b79-adf9a27d7f54-groupManagement] INFO  server.RaftServerConfigKeys (ConfUtils.java:logGet(46)) - raft.server.log.write.buffer.size = 8388616 (custom)
2024-01-30 07:48:43,154 [971c1615-1531-4bff-8b79-adf9a27d7f54-groupManagement] INFO  server.RaftServerConfigKeys (ConfUtils.java:logGet(46)) - raft.server.log.appender.buffer.byte-limit = 8388608 (custom)
2024-01-30 07:48:43,154 [971c1615-1531-4bff-8b79-adf9a27d7f54-groupManagement] INFO  server.RaftServerConfigKeys (ConfUtils.java:logGet(46)) - raft.server.log.unsafe-flush.enabled = false (default)
2024-01-30 07:48:43,155 [971c1615-1531-4bff-8b79-adf9a27d7f54-groupManagement] INFO  server.RaftServerConfigKeys (ConfUtils.java:logGet(46)) - raft.server.log.async-flush.enabled = false (default)
2024-01-30 07:48:43,155 [971c1615-1531-4bff-8b79-adf9a27d7f54-groupManagement] INFO  server.RaftServerConfigKeys (ConfUtils.java:logGet(46)) - raft.server.log.statemachine.data.caching.enabled = true (custom)
2024-01-30 07:48:43,155 [971c1615-1531-4bff-8b79-adf9a27d7f54-groupManagement] INFO  segmented.SegmentedRaftLogWorker (SegmentedRaftLogWorker.java:lambda$new$0(134)) - 971c1615-1531-4bff-8b79-adf9a27d7f54@group-AA3E182905E7-SegmentedRaftLogWorker: flushIndex: setUnconditionally 0 -> -1
2024-01-30 07:48:43,155 [971c1615-1531-4bff-8b79-adf9a27d7f54-groupManagement] INFO  segmented.SegmentedRaftLogWorker (SegmentedRaftLogWorker.java:lambda$new$0(134)) - 971c1615-1531-4bff-8b79-adf9a27d7f54@group-AA3E182905E7-SegmentedRaftLogWorker: safeCacheEvictIndex: setUnconditionally 0 -> -1
2024-01-30 07:48:43,155 [971c1615-1531-4bff-8b79-adf9a27d7f54-groupManagement] INFO  server.RaftServer$Division (RaftServerImpl.java:start(396)) - 971c1615-1531-4bff-8b79-adf9a27d7f54@group-AA3E182905E7: start as a follower, conf=-1: peers:[84e2f200-b83f-4514-9762-a3bf8832ea50|10.1.0.48:15120, 971c1615-1531-4bff-8b79-adf9a27d7f54|10.1.0.48:15129, 33e454d1-da2d-4d19-a678-883106399134|10.1.0.48:15138]|listeners:[], old=null
2024-01-30 07:48:43,155 [971c1615-1531-4bff-8b79-adf9a27d7f54-groupManagement] INFO  server.RaftServer$Division (RaftServerImpl.java:setRole(383)) - 971c1615-1531-4bff-8b79-adf9a27d7f54@group-AA3E182905E7: changes role from      null to FOLLOWER at term 0 for startAsFollower
2024-01-30 07:48:43,155 [971c1615-1531-4bff-8b79-adf9a27d7f54-groupManagement] INFO  impl.RoleInfo (RoleInfo.java:updateAndGet(139)) - 971c1615-1531-4bff-8b79-adf9a27d7f54: start 971c1615-1531-4bff-8b79-adf9a27d7f54@group-AA3E182905E7-FollowerState
2024-01-30 07:48:43,155 [971c1615-1531-4bff-8b79-adf9a27d7f54-groupManagement] INFO  util.JmxRegister (JmxRegister.java:tryRegister(44)) - Successfully registered JMX Bean with object name Ratis:service=RaftServer,group=group-AA3E182905E7,id=971c1615-1531-4bff-8b79-adf9a27d7f54
2024-01-30 07:48:43,155 [971c1615-1531-4bff-8b79-adf9a27d7f54@group-AA3E182905E7-FollowerState] INFO  server.RaftServerConfigKeys (ConfUtils.java:logFallback(53)) - raft.server.rpc.first-election.timeout.min = 5s (fallback to raft.server.rpc.timeout.min)
2024-01-30 07:48:43,155 [971c1615-1531-4bff-8b79-adf9a27d7f54-groupManagement] INFO  server.RaftServerConfigKeys (ConfUtils.java:logGet(46)) - raft.server.snapshot.trigger-when-stop.enabled = true (default)
2024-01-30 07:48:43,155 [971c1615-1531-4bff-8b79-adf9a27d7f54@group-AA3E182905E7-FollowerState] INFO  server.RaftServerConfigKeys (ConfUtils.java:logFallback(53)) - raft.server.rpc.first-election.timeout.max = 5200ms (fallback to raft.server.rpc.timeout.max)
2024-01-30 07:48:43,155 [971c1615-1531-4bff-8b79-adf9a27d7f54-groupManagement] INFO  server.RaftServerConfigKeys (ConfUtils.java:logGet(46)) - raft.server.snapshot.auto.trigger.enabled = true (custom)
2024-01-30 07:48:43,156 [971c1615-1531-4bff-8b79-adf9a27d7f54-groupManagement] INFO  server.RaftServerConfigKeys (ConfUtils.java:logGet(46)) - raft.server.snapshot.auto.trigger.threshold = 10000 (custom)
2024-01-30 07:48:43,156 [971c1615-1531-4bff-8b79-adf9a27d7f54-groupManagement] INFO  server.RaftServerConfigKeys (ConfUtils.java:logGet(46)) - raft.server.snapshot.retention.file.num = 5 (custom)
2024-01-30 07:48:43,156 [971c1615-1531-4bff-8b79-adf9a27d7f54-groupManagement] INFO  server.RaftServerConfigKeys (ConfUtils.java:logGet(46)) - raft.server.log.purge.upto.snapshot.index = false (default)
2024-01-30 07:48:43,156 [971c1615-1531-4bff-8b79-adf9a27d7f54-PipelineCommandHandlerThread-0] INFO  ratis.XceiverServerRatis (XceiverServerRatis.java:addGroup(864)) - Created group PipelineID=0228237e-cce7-4be6-ad0a-aa3e182905e7
2024-01-30 07:48:43,161 [grpc-default-executor-6] INFO  server.RaftServer (RaftServerProxy.java:addNew(100)) - 84e2f200-b83f-4514-9762-a3bf8832ea50: addNew group-AA3E182905E7:[84e2f200-b83f-4514-9762-a3bf8832ea50|10.1.0.48:15120, 971c1615-1531-4bff-8b79-adf9a27d7f54|10.1.0.48:15129, 33e454d1-da2d-4d19-a678-883106399134|10.1.0.48:15138] returns group-AA3E182905E7:java.util.concurrent.CompletableFuture@7ecf776f[Not completed]
2024-01-30 07:48:43,162 [84e2f200-b83f-4514-9762-a3bf8832ea50-groupManagement] INFO  server.RaftServer$Division (RaftServerImpl.java:<init>(256)) - 84e2f200-b83f-4514-9762-a3bf8832ea50: new RaftServerImpl for group-AA3E182905E7:[84e2f200-b83f-4514-9762-a3bf8832ea50|10.1.0.48:15120, 971c1615-1531-4bff-8b79-adf9a27d7f54|10.1.0.48:15129, 33e454d1-da2d-4d19-a678-883106399134|10.1.0.48:15138] with ContainerStateMachine:uninitialized
2024-01-30 07:48:43,162 [84e2f200-b83f-4514-9762-a3bf8832ea50-groupManagement] INFO  server.RaftServerConfigKeys (ConfUtils.java:logGet(46)) - raft.server.rpc.timeout.min = 5s (custom)
2024-01-30 07:48:43,162 [84e2f200-b83f-4514-9762-a3bf8832ea50-groupManagement] INFO  server.RaftServerConfigKeys (ConfUtils.java:logGet(46)) - raft.server.rpc.timeout.max = 5200ms (custom)
2024-01-30 07:48:43,162 [84e2f200-b83f-4514-9762-a3bf8832ea50-groupManagement] INFO  server.RaftServerConfigKeys (ConfUtils.java:logGet(46)) - raft.server.rpc.sleep.time = 25ms (default)
2024-01-30 07:48:43,162 [84e2f200-b83f-4514-9762-a3bf8832ea50-groupManagement] INFO  server.RaftServerConfigKeys (ConfUtils.java:logGet(46)) - raft.server.rpc.slowness.timeout = 300s (custom)
2024-01-30 07:48:43,162 [84e2f200-b83f-4514-9762-a3bf8832ea50-groupManagement] INFO  server.RaftServerConfigKeys (ConfUtils.java:logGet(46)) - raft.server.leaderelection.leader.step-down.wait-time = 10s (default)
2024-01-30 07:48:43,162 [84e2f200-b83f-4514-9762-a3bf8832ea50-groupManagement] INFO  server.RaftServerConfigKeys (ConfUtils.java:logGet(46)) - raft.server.leaderelection.member.majority-add = false (default)
2024-01-30 07:48:43,162 [84e2f200-b83f-4514-9762-a3bf8832ea50-groupManagement] INFO  server.RaftServerConfigKeys (ConfUtils.java:logGet(46)) - raft.server.sleep.deviation.threshold = 300ms (default)
2024-01-30 07:48:43,163 [84e2f200-b83f-4514-9762-a3bf8832ea50-groupManagement] INFO  server.RaftServer$Division (ServerState.java:<init>(113)) - 84e2f200-b83f-4514-9762-a3bf8832ea50@group-AA3E182905E7: ConfigurationManager, init=-1: peers:[84e2f200-b83f-4514-9762-a3bf8832ea50|10.1.0.48:15120, 971c1615-1531-4bff-8b79-adf9a27d7f54|10.1.0.48:15129, 33e454d1-da2d-4d19-a678-883106399134|10.1.0.48:15138]|listeners:[], old=null, confs=<EMPTY_MAP>
2024-01-30 07:48:43,163 [84e2f200-b83f-4514-9762-a3bf8832ea50-groupManagement] INFO  server.RaftServerConfigKeys (ConfUtils.java:logGet(46)) - raft.server.notification.no-leader.timeout = 300s (custom)
2024-01-30 07:48:43,163 [84e2f200-b83f-4514-9762-a3bf8832ea50-groupManagement] INFO  server.RaftServerConfigKeys (ConfUtils.java:logGet(46)) - raft.server.read.timeout = 10s (default)
2024-01-30 07:48:43,163 [84e2f200-b83f-4514-9762-a3bf8832ea50-groupManagement] INFO  server.RaftServerConfigKeys (ConfUtils.java:logGet(46)) - raft.server.retrycache.expirytime = 600000ms (custom)
2024-01-30 07:48:43,163 [84e2f200-b83f-4514-9762-a3bf8832ea50-groupManagement] INFO  server.RaftServerConfigKeys (ConfUtils.java:logGet(46)) - raft.server.retrycache.statistics.expirytime = 100ms (default)
2024-01-30 07:48:43,163 [84e2f200-b83f-4514-9762-a3bf8832ea50-groupManagement] INFO  server.RaftServerConfigKeys (ConfUtils.java:logGet(46)) - raft.server.read.option = DEFAULT (default)
2024-01-30 07:48:43,163 [84e2f200-b83f-4514-9762-a3bf8832ea50-groupManagement] INFO  server.RaftServerConfigKeys (ConfUtils.java:logGet(46)) - raft.server.read.read-after-write-consistent.write-index-cache.expiry-time = 60s (default)
2024-01-30 07:48:43,165 [84e2f200-b83f-4514-9762-a3bf8832ea50-groupManagement] INFO  server.RaftServerConfigKeys (ConfUtils.java:logGet(46)) - raft.server.rpc.request.timeout = 60s (custom)
2024-01-30 07:48:43,165 [84e2f200-b83f-4514-9762-a3bf8832ea50-groupManagement] INFO  server.RaftServerConfigKeys (ConfUtils.java:logGet(46)) - raft.server.log.appender.install.snapshot.enabled = false (custom)
2024-01-30 07:48:43,165 [84e2f200-b83f-4514-9762-a3bf8832ea50-groupManagement] INFO  server.RaftServerConfigKeys (ConfUtils.java:logGet(46)) - raft.server.threadpool.server.cached = true (default)
2024-01-30 07:48:43,165 [84e2f200-b83f-4514-9762-a3bf8832ea50-groupManagement] INFO  server.RaftServerConfigKeys (ConfUtils.java:logGet(46)) - raft.server.threadpool.server.size = 0 (default)
2024-01-30 07:48:43,165 [84e2f200-b83f-4514-9762-a3bf8832ea50-groupManagement] INFO  server.RaftServerConfigKeys (ConfUtils.java:logGet(46)) - raft.server.threadpool.client.cached = true (default)
2024-01-30 07:48:43,165 [84e2f200-b83f-4514-9762-a3bf8832ea50-groupManagement] INFO  server.RaftServerConfigKeys (ConfUtils.java:logGet(46)) - raft.server.threadpool.client.size = 0 (default)
2024-01-30 07:48:43,165 [84e2f200-b83f-4514-9762-a3bf8832ea50-groupManagement] INFO  server.RaftServerConfigKeys (ConfUtils.java:logGet(46)) - raft.server.storage.free-space.min = 0MB (=0) (default)
2024-01-30 07:48:43,165 [84e2f200-b83f-4514-9762-a3bf8832ea50-groupManagement] INFO  server.RaftServerConfigKeys (ConfUtils.java:logGet(46)) - raft.server.log.corruption.policy = EXCEPTION (default)
2024-01-30 07:48:43,165 [84e2f200-b83f-4514-9762-a3bf8832ea50-groupManagement] INFO  server.RaftServerConfigKeys (ConfUtils.java:logGet(46)) - raft.server.storage.dir = [/home/runner/work/ozone/ozone/hadoop-ozone/integration-test/target/test-dir/MiniOzoneClusterImpl-22134a4f-1b78-467c-b266-ccfd401dbc1a/datanode-1/data/ratis] (custom)
2024-01-30 07:48:43,165 [84e2f200-b83f-4514-9762-a3bf8832ea50-groupManagement] INFO  storage.RaftStorageDirectory (RaftStorageDirectoryImpl.java:analyzeStorage(138)) - The storage directory /home/runner/work/ozone/ozone/hadoop-ozone/integration-test/target/test-dir/MiniOzoneClusterImpl-22134a4f-1b78-467c-b266-ccfd401dbc1a/datanode-1/data/ratis/0228237e-cce7-4be6-ad0a-aa3e182905e7 does not exist. Creating ...
2024-01-30 07:48:43,166 [84e2f200-b83f-4514-9762-a3bf8832ea50-groupManagement] INFO  storage.RaftStorageDirectory (RaftStorageDirectoryImpl.java:tryLock(228)) - Lock on /home/runner/work/ozone/ozone/hadoop-ozone/integration-test/target/test-dir/MiniOzoneClusterImpl-22134a4f-1b78-467c-b266-ccfd401dbc1a/datanode-1/data/ratis/0228237e-cce7-4be6-ad0a-aa3e182905e7/in_use.lock acquired by nodename 92995@fv-az1436-717
2024-01-30 07:48:43,167 [84e2f200-b83f-4514-9762-a3bf8832ea50-groupManagement] INFO  storage.RaftStorage (RaftStorageImpl.java:format(99)) - Storage directory /home/runner/work/ozone/ozone/hadoop-ozone/integration-test/target/test-dir/MiniOzoneClusterImpl-22134a4f-1b78-467c-b266-ccfd401dbc1a/datanode-1/data/ratis/0228237e-cce7-4be6-ad0a-aa3e182905e7 has been successfully formatted.
2024-01-30 07:48:43,167 [84e2f200-b83f-4514-9762-a3bf8832ea50-groupManagement] WARN  util.FileUtils (LogUtils.java:supplyAndLog(63)) - Failed to Files.newInputStream /home/runner/work/ozone/ozone/hadoop-ozone/integration-test/target/test-dir/MiniOzoneClusterImpl-22134a4f-1b78-467c-b266-ccfd401dbc1a/datanode-1/data/ratis/0228237e-cce7-4be6-ad0a-aa3e182905e7/current/raft-meta.conf with options []: java.nio.file.NoSuchFileException: /home/runner/work/ozone/ozone/hadoop-ozone/integration-test/target/test-dir/MiniOzoneClusterImpl-22134a4f-1b78-467c-b266-ccfd401dbc1a/datanode-1/data/ratis/0228237e-cce7-4be6-ad0a-aa3e182905e7/current/raft-meta.conf
2024-01-30 07:48:43,169 [84e2f200-b83f-4514-9762-a3bf8832ea50-groupManagement] INFO  ratis.ContainerStateMachine (ContainerStateMachine.java:loadSnapshot(287)) - group-AA3E182905E7: The snapshot info is null. Setting the last applied index to:(t:0, i:~)
2024-01-30 07:48:43,169 [84e2f200-b83f-4514-9762-a3bf8832ea50-groupManagement] INFO  server.RaftServerConfigKeys (ConfUtils.java:logGet(46)) - raft.server.log.use.memory = false (default)
2024-01-30 07:48:43,169 [84e2f200-b83f-4514-9762-a3bf8832ea50-groupManagement] INFO  server.RaftServerConfigKeys (ConfUtils.java:logGet(46)) - raft.server.log.purge.gap = 1000000 (custom)
2024-01-30 07:48:43,170 [84e2f200-b83f-4514-9762-a3bf8832ea50-groupManagement] INFO  server.RaftServerConfigKeys (ConfUtils.java:logGet(46)) - raft.server.log.appender.buffer.byte-limit = 8388608 (custom)
2024-01-30 07:48:43,170 [84e2f200-b83f-4514-9762-a3bf8832ea50-groupManagement] INFO  server.RaftServerConfigKeys (ConfUtils.java:logGet(46)) - raft.server.log.statemachine.data.read.timeout = 1000ms (default)
2024-01-30 07:48:43,170 [84e2f200-b83f-4514-9762-a3bf8832ea50-groupManagement] INFO  server.RaftServerConfigKeys (ConfUtils.java:logGet(46)) - raft.server.log.purge.preservation.log.num = 0 (default)
2024-01-30 07:48:43,171 [84e2f200-b83f-4514-9762-a3bf8832ea50-groupManagement] INFO  server.RaftServerConfigKeys (ConfUtils.java:logGet(46)) - raft.server.log.segment.size.max = 67108864 (custom)
2024-01-30 07:48:43,171 [84e2f200-b83f-4514-9762-a3bf8832ea50-groupManagement] INFO  server.RaftServerConfigKeys (ConfUtils.java:logGet(46)) - raft.server.log.segment.cache.num.max = 2 (custom)
2024-01-30 07:48:43,171 [84e2f200-b83f-4514-9762-a3bf8832ea50-groupManagement] INFO  server.RaftServerConfigKeys (ConfUtils.java:logGet(46)) - raft.server.log.segment.cache.size.max = 200MB (=209715200) (default)
2024-01-30 07:48:43,171 [84e2f200-b83f-4514-9762-a3bf8832ea50-groupManagement] INFO  server.RaftServerConfigKeys (ConfUtils.java:logGet(46)) - raft.server.log.appender.buffer.byte-limit = 8388608 (custom)
2024-01-30 07:48:43,172 [84e2f200-b83f-4514-9762-a3bf8832ea50-groupManagement] INFO  util.AwaitToRun (AwaitToRun.java:start(81)) - Thread[84e2f200-b83f-4514-9762-a3bf8832ea50@group-AA3E182905E7-cacheEviction-AwaitToRun,5,main] started
2024-01-30 07:48:43,172 [84e2f200-b83f-4514-9762-a3bf8832ea50-groupManagement] INFO  segmented.SegmentedRaftLogWorker (SegmentedRaftLogWorker.java:<init>(182)) - new 84e2f200-b83f-4514-9762-a3bf8832ea50@group-AA3E182905E7-SegmentedRaftLogWorker for RaftStorageImpl:Storage Directory /home/runner/work/ozone/ozone/hadoop-ozone/integration-test/target/test-dir/MiniOzoneClusterImpl-22134a4f-1b78-467c-b266-ccfd401dbc1a/datanode-1/data/ratis/0228237e-cce7-4be6-ad0a-aa3e182905e7
2024-01-30 07:48:43,172 [84e2f200-b83f-4514-9762-a3bf8832ea50-groupManagement] INFO  server.RaftServerConfigKeys (ConfUtils.java:logGet(46)) - raft.server.log.queue.byte-limit = 4294967296 (custom)
2024-01-30 07:48:43,172 [84e2f200-b83f-4514-9762-a3bf8832ea50-groupManagement] INFO  server.RaftServerConfigKeys (ConfUtils.java:logGet(46)) - raft.server.log.queue.element-limit = 1024 (custom)
2024-01-30 07:48:43,172 [84e2f200-b83f-4514-9762-a3bf8832ea50-groupManagement] INFO  server.RaftServerConfigKeys (ConfUtils.java:logGet(46)) - raft.server.log.segment.size.max = 67108864 (custom)
2024-01-30 07:48:43,172 [84e2f200-b83f-4514-9762-a3bf8832ea50-groupManagement] INFO  server.RaftServerConfigKeys (ConfUtils.java:logGet(46)) - raft.server.log.preallocated.size = 4194304 (custom)
2024-01-30 07:48:43,172 [84e2f200-b83f-4514-9762-a3bf8832ea50-groupManagement] INFO  server.RaftServerConfigKeys (ConfUtils.java:logGet(46)) - raft.server.log.force.sync.num = 128 (default)
2024-01-30 07:48:43,172 [84e2f200-b83f-4514-9762-a3bf8832ea50-groupManagement] INFO  server.RaftServerConfigKeys (ConfUtils.java:logGet(46)) - raft.server.log.statemachine.data.sync = true (default)
2024-01-30 07:48:43,172 [84e2f200-b83f-4514-9762-a3bf8832ea50-groupManagement] INFO  server.RaftServerConfigKeys (ConfUtils.java:logGet(46)) - raft.server.log.statemachine.data.sync.timeout = 10s (default)
2024-01-30 07:48:43,172 [84e2f200-b83f-4514-9762-a3bf8832ea50-groupManagement] INFO  server.RaftServerConfigKeys (ConfUtils.java:logGet(46)) - raft.server.log.statemachine.data.sync.timeout.retry = 0 (custom)
2024-01-30 07:48:43,172 [84e2f200-b83f-4514-9762-a3bf8832ea50-groupManagement] INFO  server.RaftServerConfigKeys (ConfUtils.java:logGet(46)) - raft.server.log.write.buffer.size = 8388616 (custom)
2024-01-30 07:48:43,174 [84e2f200-b83f-4514-9762-a3bf8832ea50-groupManagement] INFO  server.RaftServerConfigKeys (ConfUtils.java:logGet(46)) - raft.server.log.appender.buffer.byte-limit = 8388608 (custom)
2024-01-30 07:48:43,175 [84e2f200-b83f-4514-9762-a3bf8832ea50-groupManagement] INFO  server.RaftServerConfigKeys (ConfUtils.java:logGet(46)) - raft.server.log.unsafe-flush.enabled = false (default)
2024-01-30 07:48:43,175 [84e2f200-b83f-4514-9762-a3bf8832ea50-groupManagement] INFO  server.RaftServerConfigKeys (ConfUtils.java:logGet(46)) - raft.server.log.async-flush.enabled = false (default)
2024-01-30 07:48:43,175 [84e2f200-b83f-4514-9762-a3bf8832ea50-groupManagement] INFO  server.RaftServerConfigKeys (ConfUtils.java:logGet(46)) - raft.server.log.statemachine.data.caching.enabled = true (custom)
2024-01-30 07:48:43,175 [84e2f200-b83f-4514-9762-a3bf8832ea50-groupManagement] INFO  segmented.SegmentedRaftLogWorker (SegmentedRaftLogWorker.java:lambda$new$0(134)) - 84e2f200-b83f-4514-9762-a3bf8832ea50@group-AA3E182905E7-SegmentedRaftLogWorker: flushIndex: setUnconditionally 0 -> -1
2024-01-30 07:48:43,175 [84e2f200-b83f-4514-9762-a3bf8832ea50-groupManagement] INFO  segmented.SegmentedRaftLogWorker (SegmentedRaftLogWorker.java:lambda$new$0(134)) - 84e2f200-b83f-4514-9762-a3bf8832ea50@group-AA3E182905E7-SegmentedRaftLogWorker: safeCacheEvictIndex: setUnconditionally 0 -> -1
2024-01-30 07:48:43,176 [84e2f200-b83f-4514-9762-a3bf8832ea50-groupManagement] INFO  server.RaftServer$Division (RaftServerImpl.java:start(396)) - 84e2f200-b83f-4514-9762-a3bf8832ea50@group-AA3E182905E7: start as a follower, conf=-1: peers:[84e2f200-b83f-4514-9762-a3bf8832ea50|10.1.0.48:15120, 971c1615-1531-4bff-8b79-adf9a27d7f54|10.1.0.48:15129, 33e454d1-da2d-4d19-a678-883106399134|10.1.0.48:15138]|listeners:[], old=null
2024-01-30 07:48:43,176 [84e2f200-b83f-4514-9762-a3bf8832ea50-groupManagement] INFO  server.RaftServer$Division (RaftServerImpl.java:setRole(383)) - 84e2f200-b83f-4514-9762-a3bf8832ea50@group-AA3E182905E7: changes role from      null to FOLLOWER at term 0 for startAsFollower
2024-01-30 07:48:43,176 [84e2f200-b83f-4514-9762-a3bf8832ea50-groupManagement] INFO  impl.RoleInfo (RoleInfo.java:updateAndGet(139)) - 84e2f200-b83f-4514-9762-a3bf8832ea50: start 84e2f200-b83f-4514-9762-a3bf8832ea50@group-AA3E182905E7-FollowerState
2024-01-30 07:48:43,176 [84e2f200-b83f-4514-9762-a3bf8832ea50@group-AA3E182905E7-FollowerState] INFO  server.RaftServerConfigKeys (ConfUtils.java:logFallback(53)) - raft.server.rpc.first-election.timeout.min = 5s (fallback to raft.server.rpc.timeout.min)
2024-01-30 07:48:43,176 [84e2f200-b83f-4514-9762-a3bf8832ea50-groupManagement] INFO  util.JmxRegister (JmxRegister.java:tryRegister(44)) - Successfully registered JMX Bean with object name Ratis:service=RaftServer,group=group-AA3E182905E7,id=84e2f200-b83f-4514-9762-a3bf8832ea50
2024-01-30 07:48:43,179 [84e2f200-b83f-4514-9762-a3bf8832ea50-groupManagement] INFO  server.RaftServerConfigKeys (ConfUtils.java:logGet(46)) - raft.server.snapshot.trigger-when-stop.enabled = true (default)
2024-01-30 07:48:43,179 [84e2f200-b83f-4514-9762-a3bf8832ea50-groupManagement] INFO  server.RaftServerConfigKeys (ConfUtils.java:logGet(46)) - raft.server.snapshot.auto.trigger.enabled = true (custom)
2024-01-30 07:48:43,179 [84e2f200-b83f-4514-9762-a3bf8832ea50-groupManagement] INFO  server.RaftServerConfigKeys (ConfUtils.java:logGet(46)) - raft.server.snapshot.auto.trigger.threshold = 10000 (custom)
2024-01-30 07:48:43,179 [84e2f200-b83f-4514-9762-a3bf8832ea50-groupManagement] INFO  server.RaftServerConfigKeys (ConfUtils.java:logGet(46)) - raft.server.snapshot.retention.file.num = 5 (custom)
2024-01-30 07:48:43,179 [84e2f200-b83f-4514-9762-a3bf8832ea50-groupManagement] INFO  server.RaftServerConfigKeys (ConfUtils.java:logGet(46)) - raft.server.log.purge.upto.snapshot.index = false (default)
2024-01-30 07:48:43,179 [84e2f200-b83f-4514-9762-a3bf8832ea50@group-AA3E182905E7-FollowerState] INFO  server.RaftServerConfigKeys (ConfUtils.java:logFallback(53)) - raft.server.rpc.first-election.timeout.max = 5200ms (fallback to raft.server.rpc.timeout.max)
2024-01-30 07:48:43,187 [grpc-default-executor-6] INFO  server.RaftServer (RaftServerProxy.java:addNew(100)) - 33e454d1-da2d-4d19-a678-883106399134: addNew group-AA3E182905E7:[84e2f200-b83f-4514-9762-a3bf8832ea50|10.1.0.48:15120, 971c1615-1531-4bff-8b79-adf9a27d7f54|10.1.0.48:15129, 33e454d1-da2d-4d19-a678-883106399134|10.1.0.48:15138] returns group-AA3E182905E7:java.util.concurrent.CompletableFuture@25dfe1e6[Not completed]
2024-01-30 07:48:43,187 [33e454d1-da2d-4d19-a678-883106399134-groupManagement] INFO  server.RaftServer$Division (RaftServerImpl.java:<init>(256)) - 33e454d1-da2d-4d19-a678-883106399134: new RaftServerImpl for group-AA3E182905E7:[84e2f200-b83f-4514-9762-a3bf8832ea50|10.1.0.48:15120, 971c1615-1531-4bff-8b79-adf9a27d7f54|10.1.0.48:15129, 33e454d1-da2d-4d19-a678-883106399134|10.1.0.48:15138] with ContainerStateMachine:uninitialized
2024-01-30 07:48:43,187 [33e454d1-da2d-4d19-a678-883106399134-groupManagement] INFO  server.RaftServerConfigKeys (ConfUtils.java:logGet(46)) - raft.server.rpc.timeout.min = 5s (custom)
2024-01-30 07:48:43,187 [33e454d1-da2d-4d19-a678-883106399134-groupManagement] INFO  server.RaftServerConfigKeys (ConfUtils.java:logGet(46)) - raft.server.rpc.timeout.max = 5200ms (custom)
2024-01-30 07:48:43,187 [33e454d1-da2d-4d19-a678-883106399134-groupManagement] INFO  server.RaftServerConfigKeys (ConfUtils.java:logGet(46)) - raft.server.rpc.sleep.time = 25ms (default)
2024-01-30 07:48:43,187 [33e454d1-da2d-4d19-a678-883106399134-groupManagement] INFO  server.RaftServerConfigKeys (ConfUtils.java:logGet(46)) - raft.server.rpc.slowness.timeout = 300s (custom)
2024-01-30 07:48:43,187 [33e454d1-da2d-4d19-a678-883106399134-groupManagement] INFO  server.RaftServerConfigKeys (ConfUtils.java:logGet(46)) - raft.server.leaderelection.leader.step-down.wait-time = 10s (default)
2024-01-30 07:48:43,187 [33e454d1-da2d-4d19-a678-883106399134-groupManagement] INFO  server.RaftServerConfigKeys (ConfUtils.java:logGet(46)) - raft.server.leaderelection.member.majority-add = false (default)
2024-01-30 07:48:43,187 [33e454d1-da2d-4d19-a678-883106399134-groupManagement] INFO  server.RaftServerConfigKeys (ConfUtils.java:logGet(46)) - raft.server.sleep.deviation.threshold = 300ms (default)
2024-01-30 07:48:43,187 [33e454d1-da2d-4d19-a678-883106399134-groupManagement] INFO  server.RaftServer$Division (ServerState.java:<init>(113)) - 33e454d1-da2d-4d19-a678-883106399134@group-AA3E182905E7: ConfigurationManager, init=-1: peers:[84e2f200-b83f-4514-9762-a3bf8832ea50|10.1.0.48:15120, 971c1615-1531-4bff-8b79-adf9a27d7f54|10.1.0.48:15129, 33e454d1-da2d-4d19-a678-883106399134|10.1.0.48:15138]|listeners:[], old=null, confs=<EMPTY_MAP>
2024-01-30 07:48:43,188 [33e454d1-da2d-4d19-a678-883106399134-groupManagement] INFO  server.RaftServerConfigKeys (ConfUtils.java:logGet(46)) - raft.server.notification.no-leader.timeout = 300s (custom)
2024-01-30 07:48:43,188 [33e454d1-da2d-4d19-a678-883106399134-groupManagement] INFO  server.RaftServerConfigKeys (ConfUtils.java:logGet(46)) - raft.server.read.timeout = 10s (default)
2024-01-30 07:48:43,188 [33e454d1-da2d-4d19-a678-883106399134-groupManagement] INFO  server.RaftServerConfigKeys (ConfUtils.java:logGet(46)) - raft.server.retrycache.expirytime = 600000ms (custom)
2024-01-30 07:48:43,188 [33e454d1-da2d-4d19-a678-883106399134-groupManagement] INFO  server.RaftServerConfigKeys (ConfUtils.java:logGet(46)) - raft.server.retrycache.statistics.expirytime = 100ms (default)
2024-01-30 07:48:43,188 [33e454d1-da2d-4d19-a678-883106399134-groupManagement] INFO  server.RaftServerConfigKeys (ConfUtils.java:logGet(46)) - raft.server.read.option = DEFAULT (default)
2024-01-30 07:48:43,188 [33e454d1-da2d-4d19-a678-883106399134-groupManagement] INFO  server.RaftServerConfigKeys (ConfUtils.java:logGet(46)) - raft.server.read.read-after-write-consistent.write-index-cache.expiry-time = 60s (default)
2024-01-30 07:48:43,189 [33e454d1-da2d-4d19-a678-883106399134-groupManagement] INFO  server.RaftServerConfigKeys (ConfUtils.java:logGet(46)) - raft.server.rpc.request.timeout = 60s (custom)
2024-01-30 07:48:43,189 [33e454d1-da2d-4d19-a678-883106399134-groupManagement] INFO  server.RaftServerConfigKeys (ConfUtils.java:logGet(46)) - raft.server.log.appender.install.snapshot.enabled = false (custom)
2024-01-30 07:48:43,189 [33e454d1-da2d-4d19-a678-883106399134-groupManagement] INFO  server.RaftServerConfigKeys (ConfUtils.java:logGet(46)) - raft.server.threadpool.server.cached = true (default)
2024-01-30 07:48:43,189 [33e454d1-da2d-4d19-a678-883106399134-groupManagement] INFO  server.RaftServerConfigKeys (ConfUtils.java:logGet(46)) - raft.server.threadpool.server.size = 0 (default)
2024-01-30 07:48:43,189 [33e454d1-da2d-4d19-a678-883106399134-groupManagement] INFO  server.RaftServerConfigKeys (ConfUtils.java:logGet(46)) - raft.server.threadpool.client.cached = true (default)
2024-01-30 07:48:43,190 [33e454d1-da2d-4d19-a678-883106399134-groupManagement] INFO  server.RaftServerConfigKeys (ConfUtils.java:logGet(46)) - raft.server.threadpool.client.size = 0 (default)
2024-01-30 07:48:43,190 [33e454d1-da2d-4d19-a678-883106399134-groupManagement] INFO  server.RaftServerConfigKeys (ConfUtils.java:logGet(46)) - raft.server.storage.free-space.min = 0MB (=0) (default)
2024-01-30 07:48:43,190 [33e454d1-da2d-4d19-a678-883106399134-groupManagement] INFO  server.RaftServerConfigKeys (ConfUtils.java:logGet(46)) - raft.server.log.corruption.policy = EXCEPTION (default)
2024-01-30 07:48:43,190 [33e454d1-da2d-4d19-a678-883106399134-groupManagement] INFO  server.RaftServerConfigKeys (ConfUtils.java:logGet(46)) - raft.server.storage.dir = [/home/runner/work/ozone/ozone/hadoop-ozone/integration-test/target/test-dir/MiniOzoneClusterImpl-22134a4f-1b78-467c-b266-ccfd401dbc1a/datanode-3/data/ratis] (custom)
2024-01-30 07:48:43,190 [33e454d1-da2d-4d19-a678-883106399134-groupManagement] INFO  storage.RaftStorageDirectory (RaftStorageDirectoryImpl.java:analyzeStorage(138)) - The storage directory /home/runner/work/ozone/ozone/hadoop-ozone/integration-test/target/test-dir/MiniOzoneClusterImpl-22134a4f-1b78-467c-b266-ccfd401dbc1a/datanode-3/data/ratis/0228237e-cce7-4be6-ad0a-aa3e182905e7 does not exist. Creating ...
2024-01-30 07:48:43,191 [33e454d1-da2d-4d19-a678-883106399134-groupManagement] INFO  storage.RaftStorageDirectory (RaftStorageDirectoryImpl.java:tryLock(228)) - Lock on /home/runner/work/ozone/ozone/hadoop-ozone/integration-test/target/test-dir/MiniOzoneClusterImpl-22134a4f-1b78-467c-b266-ccfd401dbc1a/datanode-3/data/ratis/0228237e-cce7-4be6-ad0a-aa3e182905e7/in_use.lock acquired by nodename 92995@fv-az1436-717
2024-01-30 07:48:43,192 [33e454d1-da2d-4d19-a678-883106399134-groupManagement] INFO  storage.RaftStorage (RaftStorageImpl.java:format(99)) - Storage directory /home/runner/work/ozone/ozone/hadoop-ozone/integration-test/target/test-dir/MiniOzoneClusterImpl-22134a4f-1b78-467c-b266-ccfd401dbc1a/datanode-3/data/ratis/0228237e-cce7-4be6-ad0a-aa3e182905e7 has been successfully formatted.
2024-01-30 07:48:43,192 [33e454d1-da2d-4d19-a678-883106399134-groupManagement] WARN  util.FileUtils (LogUtils.java:supplyAndLog(63)) - Failed to Files.newInputStream /home/runner/work/ozone/ozone/hadoop-ozone/integration-test/target/test-dir/MiniOzoneClusterImpl-22134a4f-1b78-467c-b266-ccfd401dbc1a/datanode-3/data/ratis/0228237e-cce7-4be6-ad0a-aa3e182905e7/current/raft-meta.conf with options []: java.nio.file.NoSuchFileException: /home/runner/work/ozone/ozone/hadoop-ozone/integration-test/target/test-dir/MiniOzoneClusterImpl-22134a4f-1b78-467c-b266-ccfd401dbc1a/datanode-3/data/ratis/0228237e-cce7-4be6-ad0a-aa3e182905e7/current/raft-meta.conf
2024-01-30 07:48:43,192 [33e454d1-da2d-4d19-a678-883106399134-groupManagement] INFO  ratis.ContainerStateMachine (ContainerStateMachine.java:loadSnapshot(287)) - group-AA3E182905E7: The snapshot info is null. Setting the last applied index to:(t:0, i:~)
2024-01-30 07:48:43,192 [33e454d1-da2d-4d19-a678-883106399134-groupManagement] INFO  server.RaftServerConfigKeys (ConfUtils.java:logGet(46)) - raft.server.log.use.memory = false (default)
2024-01-30 07:48:43,192 [33e454d1-da2d-4d19-a678-883106399134-groupManagement] INFO  server.RaftServerConfigKeys (ConfUtils.java:logGet(46)) - raft.server.log.purge.gap = 1000000 (custom)
2024-01-30 07:48:43,192 [33e454d1-da2d-4d19-a678-883106399134-groupManagement] INFO  server.RaftServerConfigKeys (ConfUtils.java:logGet(46)) - raft.server.log.appender.buffer.byte-limit = 8388608 (custom)
2024-01-30 07:48:43,192 [33e454d1-da2d-4d19-a678-883106399134-groupManagement] INFO  server.RaftServerConfigKeys (ConfUtils.java:logGet(46)) - raft.server.log.statemachine.data.read.timeout = 1000ms (default)
2024-01-30 07:48:43,192 [33e454d1-da2d-4d19-a678-883106399134-groupManagement] INFO  server.RaftServerConfigKeys (ConfUtils.java:logGet(46)) - raft.server.log.purge.preservation.log.num = 0 (default)
2024-01-30 07:48:43,193 [33e454d1-da2d-4d19-a678-883106399134-groupManagement] INFO  server.RaftServerConfigKeys (ConfUtils.java:logGet(46)) - raft.server.log.segment.size.max = 67108864 (custom)
2024-01-30 07:48:43,194 [33e454d1-da2d-4d19-a678-883106399134-groupManagement] INFO  server.RaftServerConfigKeys (ConfUtils.java:logGet(46)) - raft.server.log.segment.cache.num.max = 2 (custom)
2024-01-30 07:48:43,194 [33e454d1-da2d-4d19-a678-883106399134-groupManagement] INFO  server.RaftServerConfigKeys (ConfUtils.java:logGet(46)) - raft.server.log.segment.cache.size.max = 200MB (=209715200) (default)
2024-01-30 07:48:43,194 [33e454d1-da2d-4d19-a678-883106399134-groupManagement] INFO  server.RaftServerConfigKeys (ConfUtils.java:logGet(46)) - raft.server.log.appender.buffer.byte-limit = 8388608 (custom)
2024-01-30 07:48:43,194 [33e454d1-da2d-4d19-a678-883106399134-groupManagement] INFO  util.AwaitToRun (AwaitToRun.java:start(81)) - Thread[33e454d1-da2d-4d19-a678-883106399134@group-AA3E182905E7-cacheEviction-AwaitToRun,5,main] started
2024-01-30 07:48:43,194 [33e454d1-da2d-4d19-a678-883106399134-groupManagement] INFO  segmented.SegmentedRaftLogWorker (SegmentedRaftLogWorker.java:<init>(182)) - new 33e454d1-da2d-4d19-a678-883106399134@group-AA3E182905E7-SegmentedRaftLogWorker for RaftStorageImpl:Storage Directory /home/runner/work/ozone/ozone/hadoop-ozone/integration-test/target/test-dir/MiniOzoneClusterImpl-22134a4f-1b78-467c-b266-ccfd401dbc1a/datanode-3/data/ratis/0228237e-cce7-4be6-ad0a-aa3e182905e7
2024-01-30 07:48:43,194 [33e454d1-da2d-4d19-a678-883106399134-groupManagement] INFO  server.RaftServerConfigKeys (ConfUtils.java:logGet(46)) - raft.server.log.queue.byte-limit = 4294967296 (custom)
2024-01-30 07:48:43,194 [33e454d1-da2d-4d19-a678-883106399134-groupManagement] INFO  server.RaftServerConfigKeys (ConfUtils.java:logGet(46)) - raft.server.log.queue.element-limit = 1024 (custom)
2024-01-30 07:48:43,194 [33e454d1-da2d-4d19-a678-883106399134-groupManagement] INFO  server.RaftServerConfigKeys (ConfUtils.java:logGet(46)) - raft.server.log.segment.size.max = 67108864 (custom)
2024-01-30 07:48:43,194 [33e454d1-da2d-4d19-a678-883106399134-groupManagement] INFO  server.RaftServerConfigKeys (ConfUtils.java:logGet(46)) - raft.server.log.preallocated.size = 4194304 (custom)
2024-01-30 07:48:43,194 [33e454d1-da2d-4d19-a678-883106399134-groupManagement] INFO  server.RaftServerConfigKeys (ConfUtils.java:logGet(46)) - raft.server.log.force.sync.num = 128 (default)
2024-01-30 07:48:43,195 [33e454d1-da2d-4d19-a678-883106399134-groupManagement] INFO  server.RaftServerConfigKeys (ConfUtils.java:logGet(46)) - raft.server.log.statemachine.data.sync = true (default)
2024-01-30 07:48:43,195 [33e454d1-da2d-4d19-a678-883106399134-groupManagement] INFO  server.RaftServerConfigKeys (ConfUtils.java:logGet(46)) - raft.server.log.statemachine.data.sync.timeout = 10s (default)
2024-01-30 07:48:43,195 [33e454d1-da2d-4d19-a678-883106399134-groupManagement] INFO  server.RaftServerConfigKeys (ConfUtils.java:logGet(46)) - raft.server.log.statemachine.data.sync.timeout.retry = 0 (custom)
2024-01-30 07:48:43,195 [33e454d1-da2d-4d19-a678-883106399134-groupManagement] INFO  server.RaftServerConfigKeys (ConfUtils.java:logGet(46)) - raft.server.log.write.buffer.size = 8388616 (custom)
2024-01-30 07:48:43,196 [33e454d1-da2d-4d19-a678-883106399134-groupManagement] INFO  server.RaftServerConfigKeys (ConfUtils.java:logGet(46)) - raft.server.log.appender.buffer.byte-limit = 8388608 (custom)
2024-01-30 07:48:43,196 [33e454d1-da2d-4d19-a678-883106399134-groupManagement] INFO  server.RaftServerConfigKeys (ConfUtils.java:logGet(46)) - raft.server.log.unsafe-flush.enabled = false (default)
2024-01-30 07:48:43,196 [33e454d1-da2d-4d19-a678-883106399134-groupManagement] INFO  server.RaftServerConfigKeys (ConfUtils.java:logGet(46)) - raft.server.log.async-flush.enabled = false (default)
2024-01-30 07:48:43,196 [33e454d1-da2d-4d19-a678-883106399134-groupManagement] INFO  server.RaftServerConfigKeys (ConfUtils.java:logGet(46)) - raft.server.log.statemachine.data.caching.enabled = true (custom)
2024-01-30 07:48:43,196 [33e454d1-da2d-4d19-a678-883106399134-groupManagement] INFO  segmented.SegmentedRaftLogWorker (SegmentedRaftLogWorker.java:lambda$new$0(134)) - 33e454d1-da2d-4d19-a678-883106399134@group-AA3E182905E7-SegmentedRaftLogWorker: flushIndex: setUnconditionally 0 -> -1
2024-01-30 07:48:43,197 [33e454d1-da2d-4d19-a678-883106399134-groupManagement] INFO  segmented.SegmentedRaftLogWorker (SegmentedRaftLogWorker.java:lambda$new$0(134)) - 33e454d1-da2d-4d19-a678-883106399134@group-AA3E182905E7-SegmentedRaftLogWorker: safeCacheEvictIndex: setUnconditionally 0 -> -1
2024-01-30 07:48:43,197 [33e454d1-da2d-4d19-a678-883106399134-groupManagement] INFO  server.RaftServer$Division (RaftServerImpl.java:start(396)) - 33e454d1-da2d-4d19-a678-883106399134@group-AA3E182905E7: start as a follower, conf=-1: peers:[84e2f200-b83f-4514-9762-a3bf8832ea50|10.1.0.48:15120, 971c1615-1531-4bff-8b79-adf9a27d7f54|10.1.0.48:15129, 33e454d1-da2d-4d19-a678-883106399134|10.1.0.48:15138]|listeners:[], old=null
2024-01-30 07:48:43,197 [33e454d1-da2d-4d19-a678-883106399134-groupManagement] INFO  server.RaftServer$Division (RaftServerImpl.java:setRole(383)) - 33e454d1-da2d-4d19-a678-883106399134@group-AA3E182905E7: changes role from      null to FOLLOWER at term 0 for startAsFollower
2024-01-30 07:48:43,197 [33e454d1-da2d-4d19-a678-883106399134-groupManagement] INFO  impl.RoleInfo (RoleInfo.java:updateAndGet(139)) - 33e454d1-da2d-4d19-a678-883106399134: start 33e454d1-da2d-4d19-a678-883106399134@group-AA3E182905E7-FollowerState
2024-01-30 07:48:43,197 [33e454d1-da2d-4d19-a678-883106399134@group-AA3E182905E7-FollowerState] INFO  server.RaftServerConfigKeys (ConfUtils.java:logFallback(53)) - raft.server.rpc.first-election.timeout.min = 5s (fallback to raft.server.rpc.timeout.min)
2024-01-30 07:48:43,197 [33e454d1-da2d-4d19-a678-883106399134-groupManagement] INFO  util.JmxRegister (JmxRegister.java:tryRegister(44)) - Successfully registered JMX Bean with object name Ratis:service=RaftServer,group=group-AA3E182905E7,id=33e454d1-da2d-4d19-a678-883106399134
2024-01-30 07:48:43,197 [33e454d1-da2d-4d19-a678-883106399134@group-AA3E182905E7-FollowerState] INFO  server.RaftServerConfigKeys (ConfUtils.java:logFallback(53)) - raft.server.rpc.first-election.timeout.max = 5200ms (fallback to raft.server.rpc.timeout.max)
2024-01-30 07:48:43,197 [33e454d1-da2d-4d19-a678-883106399134-groupManagement] INFO  server.RaftServerConfigKeys (ConfUtils.java:logGet(46)) - raft.server.snapshot.trigger-when-stop.enabled = true (default)
2024-01-30 07:48:43,197 [33e454d1-da2d-4d19-a678-883106399134-groupManagement] INFO  server.RaftServerConfigKeys (ConfUtils.java:logGet(46)) - raft.server.snapshot.auto.trigger.enabled = true (custom)
2024-01-30 07:48:43,197 [33e454d1-da2d-4d19-a678-883106399134-groupManagement] INFO  server.RaftServerConfigKeys (ConfUtils.java:logGet(46)) - raft.server.snapshot.auto.trigger.threshold = 10000 (custom)
2024-01-30 07:48:43,197 [33e454d1-da2d-4d19-a678-883106399134-groupManagement] INFO  server.RaftServerConfigKeys (ConfUtils.java:logGet(46)) - raft.server.snapshot.retention.file.num = 5 (custom)
2024-01-30 07:48:43,197 [33e454d1-da2d-4d19-a678-883106399134-groupManagement] INFO  server.RaftServerConfigKeys (ConfUtils.java:logGet(46)) - raft.server.log.purge.upto.snapshot.index = false (default)
2024-01-30 07:48:43,207 [971c1615-1531-4bff-8b79-adf9a27d7f54-PipelineCommandHandlerThread-0] INFO  commandhandler.CreatePipelineCommandHandler (CreatePipelineCommandHandler.java:lambda$handle$2(124)) - Created Pipeline RATIS THREE PipelineID=0228237e-cce7-4be6-ad0a-aa3e182905e7.
2024-01-30 07:48:43,338 [33e454d1-da2d-4d19-a678-883106399134-PipelineCommandHandlerThread-0] INFO  server.RaftServer (RaftServerProxy.java:addNew(100)) - 33e454d1-da2d-4d19-a678-883106399134: addNew group-5DF41746B7E3:[53433fb8-bbf6-4d1d-a4a4-8c4d503fb949|10.1.0.48:15147, 2a934876-6cad-418e-9d99-0b91c92fbe5b|10.1.0.48:15111, 33e454d1-da2d-4d19-a678-883106399134|10.1.0.48:15138] returns group-5DF41746B7E3:java.util.concurrent.CompletableFuture@598ae1f0[Not completed]
2024-01-30 07:48:43,338 [33e454d1-da2d-4d19-a678-883106399134-groupManagement] INFO  server.RaftServer$Division (RaftServerImpl.java:<init>(256)) - 33e454d1-da2d-4d19-a678-883106399134: new RaftServerImpl for group-5DF41746B7E3:[53433fb8-bbf6-4d1d-a4a4-8c4d503fb949|10.1.0.48:15147, 2a934876-6cad-418e-9d99-0b91c92fbe5b|10.1.0.48:15111, 33e454d1-da2d-4d19-a678-883106399134|10.1.0.48:15138] with ContainerStateMachine:uninitialized
2024-01-30 07:48:43,339 [33e454d1-da2d-4d19-a678-883106399134-groupManagement] INFO  server.RaftServerConfigKeys (ConfUtils.java:logGet(46)) - raft.server.rpc.timeout.min = 5s (custom)
2024-01-30 07:48:43,339 [33e454d1-da2d-4d19-a678-883106399134-groupManagement] INFO  server.RaftServerConfigKeys (ConfUtils.java:logGet(46)) - raft.server.rpc.timeout.max = 5200ms (custom)
2024-01-30 07:48:43,339 [33e454d1-da2d-4d19-a678-883106399134-groupManagement] INFO  server.RaftServerConfigKeys (ConfUtils.java:logGet(46)) - raft.server.rpc.sleep.time = 25ms (default)
2024-01-30 07:48:43,339 [33e454d1-da2d-4d19-a678-883106399134-groupManagement] INFO  server.RaftServerConfigKeys (ConfUtils.java:logGet(46)) - raft.server.rpc.slowness.timeout = 300s (custom)
2024-01-30 07:48:43,339 [33e454d1-da2d-4d19-a678-883106399134-groupManagement] INFO  server.RaftServerConfigKeys (ConfUtils.java:logGet(46)) - raft.server.leaderelection.leader.step-down.wait-time = 10s (default)
2024-01-30 07:48:43,339 [33e454d1-da2d-4d19-a678-883106399134-groupManagement] INFO  server.RaftServerConfigKeys (ConfUtils.java:logGet(46)) - raft.server.leaderelection.member.majority-add = false (default)
2024-01-30 07:48:43,339 [33e454d1-da2d-4d19-a678-883106399134-groupManagement] INFO  server.RaftServerConfigKeys (ConfUtils.java:logGet(46)) - raft.server.sleep.deviation.threshold = 300ms (default)
2024-01-30 07:48:43,339 [33e454d1-da2d-4d19-a678-883106399134-groupManagement] INFO  server.RaftServer$Division (ServerState.java:<init>(113)) - 33e454d1-da2d-4d19-a678-883106399134@group-5DF41746B7E3: ConfigurationManager, init=-1: peers:[53433fb8-bbf6-4d1d-a4a4-8c4d503fb949|10.1.0.48:15147, 2a934876-6cad-418e-9d99-0b91c92fbe5b|10.1.0.48:15111, 33e454d1-da2d-4d19-a678-883106399134|10.1.0.48:15138]|listeners:[], old=null, confs=<EMPTY_MAP>
2024-01-30 07:48:43,339 [33e454d1-da2d-4d19-a678-883106399134-groupManagement] INFO  server.RaftServerConfigKeys (ConfUtils.java:logGet(46)) - raft.server.notification.no-leader.timeout = 300s (custom)
2024-01-30 07:48:43,339 [33e454d1-da2d-4d19-a678-883106399134-groupManagement] INFO  server.RaftServerConfigKeys (ConfUtils.java:logGet(46)) - raft.server.read.timeout = 10s (default)
2024-01-30 07:48:43,339 [33e454d1-da2d-4d19-a678-883106399134-groupManagement] INFO  server.RaftServerConfigKeys (ConfUtils.java:logGet(46)) - raft.server.retrycache.expirytime = 600000ms (custom)
2024-01-30 07:48:43,339 [33e454d1-da2d-4d19-a678-883106399134-groupManagement] INFO  server.RaftServerConfigKeys (ConfUtils.java:logGet(46)) - raft.server.retrycache.statistics.expirytime = 100ms (default)
2024-01-30 07:48:43,339 [33e454d1-da2d-4d19-a678-883106399134-groupManagement] INFO  server.RaftServerConfigKeys (ConfUtils.java:logGet(46)) - raft.server.read.option = DEFAULT (default)
2024-01-30 07:48:43,339 [33e454d1-da2d-4d19-a678-883106399134-groupManagement] INFO  server.RaftServerConfigKeys (ConfUtils.java:logGet(46)) - raft.server.read.read-after-write-consistent.write-index-cache.expiry-time = 60s (default)
2024-01-30 07:48:43,341 [33e454d1-da2d-4d19-a678-883106399134-groupManagement] INFO  server.RaftServerConfigKeys (ConfUtils.java:logGet(46)) - raft.server.rpc.request.timeout = 60s (custom)
2024-01-30 07:48:43,341 [33e454d1-da2d-4d19-a678-883106399134-groupManagement] INFO  server.RaftServerConfigKeys (ConfUtils.java:logGet(46)) - raft.server.log.appender.install.snapshot.enabled = false (custom)
2024-01-30 07:48:43,341 [33e454d1-da2d-4d19-a678-883106399134-groupManagement] INFO  server.RaftServerConfigKeys (ConfUtils.java:logGet(46)) - raft.server.threadpool.server.cached = true (default)
2024-01-30 07:48:43,341 [33e454d1-da2d-4d19-a678-883106399134-groupManagement] INFO  server.RaftServerConfigKeys (ConfUtils.java:logGet(46)) - raft.server.threadpool.server.size = 0 (default)
2024-01-30 07:48:43,341 [33e454d1-da2d-4d19-a678-883106399134-groupManagement] INFO  server.RaftServerConfigKeys (ConfUtils.java:logGet(46)) - raft.server.threadpool.client.cached = true (default)
2024-01-30 07:48:43,341 [33e454d1-da2d-4d19-a678-883106399134-groupManagement] INFO  server.RaftServerConfigKeys (ConfUtils.java:logGet(46)) - raft.server.threadpool.client.size = 0 (default)
2024-01-30 07:48:43,341 [33e454d1-da2d-4d19-a678-883106399134-groupManagement] INFO  server.RaftServerConfigKeys (ConfUtils.java:logGet(46)) - raft.server.storage.free-space.min = 0MB (=0) (default)
2024-01-30 07:48:43,342 [33e454d1-da2d-4d19-a678-883106399134-groupManagement] INFO  server.RaftServerConfigKeys (ConfUtils.java:logGet(46)) - raft.server.log.corruption.policy = EXCEPTION (default)
2024-01-30 07:48:43,342 [33e454d1-da2d-4d19-a678-883106399134-groupManagement] INFO  server.RaftServerConfigKeys (ConfUtils.java:logGet(46)) - raft.server.storage.dir = [/home/runner/work/ozone/ozone/hadoop-ozone/integration-test/target/test-dir/MiniOzoneClusterImpl-22134a4f-1b78-467c-b266-ccfd401dbc1a/datanode-3/data/ratis] (custom)
2024-01-30 07:48:43,342 [33e454d1-da2d-4d19-a678-883106399134-groupManagement] INFO  storage.RaftStorageDirectory (RaftStorageDirectoryImpl.java:analyzeStorage(138)) - The storage directory /home/runner/work/ozone/ozone/hadoop-ozone/integration-test/target/test-dir/MiniOzoneClusterImpl-22134a4f-1b78-467c-b266-ccfd401dbc1a/datanode-3/data/ratis/7120e0c9-40f0-4fb9-aec7-5df41746b7e3 does not exist. Creating ...
2024-01-30 07:48:43,343 [33e454d1-da2d-4d19-a678-883106399134-groupManagement] INFO  storage.RaftStorageDirectory (RaftStorageDirectoryImpl.java:tryLock(228)) - Lock on /home/runner/work/ozone/ozone/hadoop-ozone/integration-test/target/test-dir/MiniOzoneClusterImpl-22134a4f-1b78-467c-b266-ccfd401dbc1a/datanode-3/data/ratis/7120e0c9-40f0-4fb9-aec7-5df41746b7e3/in_use.lock acquired by nodename 92995@fv-az1436-717
2024-01-30 07:48:43,344 [33e454d1-da2d-4d19-a678-883106399134-groupManagement] INFO  storage.RaftStorage (RaftStorageImpl.java:format(99)) - Storage directory /home/runner/work/ozone/ozone/hadoop-ozone/integration-test/target/test-dir/MiniOzoneClusterImpl-22134a4f-1b78-467c-b266-ccfd401dbc1a/datanode-3/data/ratis/7120e0c9-40f0-4fb9-aec7-5df41746b7e3 has been successfully formatted.
2024-01-30 07:48:43,344 [33e454d1-da2d-4d19-a678-883106399134-groupManagement] WARN  util.FileUtils (LogUtils.java:supplyAndLog(63)) - Failed to Files.newInputStream /home/runner/work/ozone/ozone/hadoop-ozone/integration-test/target/test-dir/MiniOzoneClusterImpl-22134a4f-1b78-467c-b266-ccfd401dbc1a/datanode-3/data/ratis/7120e0c9-40f0-4fb9-aec7-5df41746b7e3/current/raft-meta.conf with options []: java.nio.file.NoSuchFileException: /home/runner/work/ozone/ozone/hadoop-ozone/integration-test/target/test-dir/MiniOzoneClusterImpl-22134a4f-1b78-467c-b266-ccfd401dbc1a/datanode-3/data/ratis/7120e0c9-40f0-4fb9-aec7-5df41746b7e3/current/raft-meta.conf
2024-01-30 07:48:43,344 [33e454d1-da2d-4d19-a678-883106399134-groupManagement] INFO  ratis.ContainerStateMachine (ContainerStateMachine.java:loadSnapshot(287)) - group-5DF41746B7E3: The snapshot info is null. Setting the last applied index to:(t:0, i:~)
2024-01-30 07:48:43,344 [33e454d1-da2d-4d19-a678-883106399134-groupManagement] INFO  server.RaftServerConfigKeys (ConfUtils.java:logGet(46)) - raft.server.log.use.memory = false (default)
2024-01-30 07:48:43,344 [33e454d1-da2d-4d19-a678-883106399134-groupManagement] INFO  server.RaftServerConfigKeys (ConfUtils.java:logGet(46)) - raft.server.log.purge.gap = 1000000 (custom)
2024-01-30 07:48:43,344 [33e454d1-da2d-4d19-a678-883106399134-groupManagement] INFO  server.RaftServerConfigKeys (ConfUtils.java:logGet(46)) - raft.server.log.appender.buffer.byte-limit = 8388608 (custom)
2024-01-30 07:48:43,344 [33e454d1-da2d-4d19-a678-883106399134-groupManagement] INFO  server.RaftServerConfigKeys (ConfUtils.java:logGet(46)) - raft.server.log.statemachine.data.read.timeout = 1000ms (default)
2024-01-30 07:48:43,344 [33e454d1-da2d-4d19-a678-883106399134-groupManagement] INFO  server.RaftServerConfigKeys (ConfUtils.java:logGet(46)) - raft.server.log.purge.preservation.log.num = 0 (default)
2024-01-30 07:48:43,346 [33e454d1-da2d-4d19-a678-883106399134-groupManagement] INFO  server.RaftServerConfigKeys (ConfUtils.java:logGet(46)) - raft.server.log.segment.size.max = 67108864 (custom)
2024-01-30 07:48:43,346 [33e454d1-da2d-4d19-a678-883106399134-groupManagement] INFO  server.RaftServerConfigKeys (ConfUtils.java:logGet(46)) - raft.server.log.segment.cache.num.max = 2 (custom)
2024-01-30 07:48:43,346 [33e454d1-da2d-4d19-a678-883106399134-groupManagement] INFO  server.RaftServerConfigKeys (ConfUtils.java:logGet(46)) - raft.server.log.segment.cache.size.max = 200MB (=209715200) (default)
2024-01-30 07:48:43,346 [33e454d1-da2d-4d19-a678-883106399134-groupManagement] INFO  server.RaftServerConfigKeys (ConfUtils.java:logGet(46)) - raft.server.log.appender.buffer.byte-limit = 8388608 (custom)
2024-01-30 07:48:43,346 [33e454d1-da2d-4d19-a678-883106399134-groupManagement] INFO  util.AwaitToRun (AwaitToRun.java:start(81)) - Thread[33e454d1-da2d-4d19-a678-883106399134@group-5DF41746B7E3-cacheEviction-AwaitToRun,5,main] started
2024-01-30 07:48:43,346 [33e454d1-da2d-4d19-a678-883106399134-groupManagement] INFO  segmented.SegmentedRaftLogWorker (SegmentedRaftLogWorker.java:<init>(182)) - new 33e454d1-da2d-4d19-a678-883106399134@group-5DF41746B7E3-SegmentedRaftLogWorker for RaftStorageImpl:Storage Directory /home/runner/work/ozone/ozone/hadoop-ozone/integration-test/target/test-dir/MiniOzoneClusterImpl-22134a4f-1b78-467c-b266-ccfd401dbc1a/datanode-3/data/ratis/7120e0c9-40f0-4fb9-aec7-5df41746b7e3
2024-01-30 07:48:43,346 [33e454d1-da2d-4d19-a678-883106399134-groupManagement] INFO  server.RaftServerConfigKeys (ConfUtils.java:logGet(46)) - raft.server.log.queue.byte-limit = 4294967296 (custom)
2024-01-30 07:48:43,346 [33e454d1-da2d-4d19-a678-883106399134-groupManagement] INFO  server.RaftServerConfigKeys (ConfUtils.java:logGet(46)) - raft.server.log.queue.element-limit = 1024 (custom)
2024-01-30 07:48:43,346 [33e454d1-da2d-4d19-a678-883106399134-groupManagement] INFO  server.RaftServerConfigKeys (ConfUtils.java:logGet(46)) - raft.server.log.segment.size.max = 67108864 (custom)
2024-01-30 07:48:43,347 [33e454d1-da2d-4d19-a678-883106399134-groupManagement] INFO  server.RaftServerConfigKeys (ConfUtils.java:logGet(46)) - raft.server.log.preallocated.size = 4194304 (custom)
2024-01-30 07:48:43,347 [33e454d1-da2d-4d19-a678-883106399134-groupManagement] INFO  server.RaftServerConfigKeys (ConfUtils.java:logGet(46)) - raft.server.log.force.sync.num = 128 (default)
2024-01-30 07:48:43,347 [33e454d1-da2d-4d19-a678-883106399134-groupManagement] INFO  server.RaftServerConfigKeys (ConfUtils.java:logGet(46)) - raft.server.log.statemachine.data.sync = true (default)
2024-01-30 07:48:43,347 [33e454d1-da2d-4d19-a678-883106399134-groupManagement] INFO  server.RaftServerConfigKeys (ConfUtils.java:logGet(46)) - raft.server.log.statemachine.data.sync.timeout = 10s (default)
2024-01-30 07:48:43,347 [33e454d1-da2d-4d19-a678-883106399134-groupManagement] INFO  server.RaftServerConfigKeys (ConfUtils.java:logGet(46)) - raft.server.log.statemachine.data.sync.timeout.retry = 0 (custom)
2024-01-30 07:48:43,347 [33e454d1-da2d-4d19-a678-883106399134-groupManagement] INFO  server.RaftServerConfigKeys (ConfUtils.java:logGet(46)) - raft.server.log.write.buffer.size = 8388616 (custom)
2024-01-30 07:48:43,349 [33e454d1-da2d-4d19-a678-883106399134-groupManagement] INFO  server.RaftServerConfigKeys (ConfUtils.java:logGet(46)) - raft.server.log.appender.buffer.byte-limit = 8388608 (custom)
2024-01-30 07:48:43,349 [33e454d1-da2d-4d19-a678-883106399134-groupManagement] INFO  server.RaftServerConfigKeys (ConfUtils.java:logGet(46)) - raft.server.log.unsafe-flush.enabled = false (default)
2024-01-30 07:48:43,349 [33e454d1-da2d-4d19-a678-883106399134-groupManagement] INFO  server.RaftServerConfigKeys (ConfUtils.java:logGet(46)) - raft.server.log.async-flush.enabled = false (default)
2024-01-30 07:48:43,349 [33e454d1-da2d-4d19-a678-883106399134-groupManagement] INFO  server.RaftServerConfigKeys (ConfUtils.java:logGet(46)) - raft.server.log.statemachine.data.caching.enabled = true (custom)
2024-01-30 07:48:43,349 [33e454d1-da2d-4d19-a678-883106399134-groupManagement] INFO  segmented.SegmentedRaftLogWorker (SegmentedRaftLogWorker.java:lambda$new$0(134)) - 33e454d1-da2d-4d19-a678-883106399134@group-5DF41746B7E3-SegmentedRaftLogWorker: flushIndex: setUnconditionally 0 -> -1
2024-01-30 07:48:43,349 [33e454d1-da2d-4d19-a678-883106399134-groupManagement] INFO  segmented.SegmentedRaftLogWorker (SegmentedRaftLogWorker.java:lambda$new$0(134)) - 33e454d1-da2d-4d19-a678-883106399134@group-5DF41746B7E3-SegmentedRaftLogWorker: safeCacheEvictIndex: setUnconditionally 0 -> -1
2024-01-30 07:48:43,349 [33e454d1-da2d-4d19-a678-883106399134-groupManagement] INFO  server.RaftServer$Division (RaftServerImpl.java:start(396)) - 33e454d1-da2d-4d19-a678-883106399134@group-5DF41746B7E3: start as a follower, conf=-1: peers:[53433fb8-bbf6-4d1d-a4a4-8c4d503fb949|10.1.0.48:15147, 2a934876-6cad-418e-9d99-0b91c92fbe5b|10.1.0.48:15111, 33e454d1-da2d-4d19-a678-883106399134|10.1.0.48:15138]|listeners:[], old=null
2024-01-30 07:48:43,349 [33e454d1-da2d-4d19-a678-883106399134-groupManagement] INFO  server.RaftServer$Division (RaftServerImpl.java:setRole(383)) - 33e454d1-da2d-4d19-a678-883106399134@group-5DF41746B7E3: changes role from      null to FOLLOWER at term 0 for startAsFollower
2024-01-30 07:48:43,349 [33e454d1-da2d-4d19-a678-883106399134-groupManagement] INFO  impl.RoleInfo (RoleInfo.java:updateAndGet(139)) - 33e454d1-da2d-4d19-a678-883106399134: start 33e454d1-da2d-4d19-a678-883106399134@group-5DF41746B7E3-FollowerState
2024-01-30 07:48:43,349 [33e454d1-da2d-4d19-a678-883106399134@group-5DF41746B7E3-FollowerState] INFO  server.RaftServerConfigKeys (ConfUtils.java:logFallback(53)) - raft.server.rpc.first-election.timeout.min = 5s (fallback to raft.server.rpc.timeout.min)
2024-01-30 07:48:43,352 [33e454d1-da2d-4d19-a678-883106399134-groupManagement] INFO  util.JmxRegister (JmxRegister.java:tryRegister(44)) - Successfully registered JMX Bean with object name Ratis:service=RaftServer,group=group-5DF41746B7E3,id=33e454d1-da2d-4d19-a678-883106399134
2024-01-30 07:48:43,353 [33e454d1-da2d-4d19-a678-883106399134-groupManagement] INFO  server.RaftServerConfigKeys (ConfUtils.java:logGet(46)) - raft.server.snapshot.trigger-when-stop.enabled = true (default)
2024-01-30 07:48:43,353 [33e454d1-da2d-4d19-a678-883106399134-groupManagement] INFO  server.RaftServerConfigKeys (ConfUtils.java:logGet(46)) - raft.server.snapshot.auto.trigger.enabled = true (custom)
2024-01-30 07:48:43,353 [33e454d1-da2d-4d19-a678-883106399134-groupManagement] INFO  server.RaftServerConfigKeys (ConfUtils.java:logGet(46)) - raft.server.snapshot.auto.trigger.threshold = 10000 (custom)
2024-01-30 07:48:43,352 [33e454d1-da2d-4d19-a678-883106399134@group-5DF41746B7E3-FollowerState] INFO  server.RaftServerConfigKeys (ConfUtils.java:logFallback(53)) - raft.server.rpc.first-election.timeout.max = 5200ms (fallback to raft.server.rpc.timeout.max)
2024-01-30 07:48:43,353 [33e454d1-da2d-4d19-a678-883106399134-groupManagement] INFO  server.RaftServerConfigKeys (ConfUtils.java:logGet(46)) - raft.server.snapshot.retention.file.num = 5 (custom)
2024-01-30 07:48:43,353 [33e454d1-da2d-4d19-a678-883106399134-groupManagement] INFO  server.RaftServerConfigKeys (ConfUtils.java:logGet(46)) - raft.server.log.purge.upto.snapshot.index = false (default)
2024-01-30 07:48:43,353 [33e454d1-da2d-4d19-a678-883106399134-PipelineCommandHandlerThread-0] INFO  ratis.XceiverServerRatis (XceiverServerRatis.java:addGroup(864)) - Created group PipelineID=7120e0c9-40f0-4fb9-aec7-5df41746b7e3
2024-01-30 07:48:43,358 [grpc-default-executor-6] INFO  server.RaftServer (RaftServerProxy.java:addNew(100)) - 2a934876-6cad-418e-9d99-0b91c92fbe5b: addNew group-5DF41746B7E3:[53433fb8-bbf6-4d1d-a4a4-8c4d503fb949|10.1.0.48:15147, 2a934876-6cad-418e-9d99-0b91c92fbe5b|10.1.0.48:15111, 33e454d1-da2d-4d19-a678-883106399134|10.1.0.48:15138] returns group-5DF41746B7E3:java.util.concurrent.CompletableFuture@403200b8[Not completed]
2024-01-30 07:48:43,359 [2a934876-6cad-418e-9d99-0b91c92fbe5b-groupManagement] INFO  server.RaftServer$Division (RaftServerImpl.java:<init>(256)) - 2a934876-6cad-418e-9d99-0b91c92fbe5b: new RaftServerImpl for group-5DF41746B7E3:[53433fb8-bbf6-4d1d-a4a4-8c4d503fb949|10.1.0.48:15147, 2a934876-6cad-418e-9d99-0b91c92fbe5b|10.1.0.48:15111, 33e454d1-da2d-4d19-a678-883106399134|10.1.0.48:15138] with ContainerStateMachine:uninitialized
2024-01-30 07:48:43,359 [2a934876-6cad-418e-9d99-0b91c92fbe5b-groupManagement] INFO  server.RaftServerConfigKeys (ConfUtils.java:logGet(46)) - raft.server.rpc.timeout.min = 5s (custom)
2024-01-30 07:48:43,359 [2a934876-6cad-418e-9d99-0b91c92fbe5b-groupManagement] INFO  server.RaftServerConfigKeys (ConfUtils.java:logGet(46)) - raft.server.rpc.timeout.max = 5200ms (custom)
2024-01-30 07:48:43,359 [2a934876-6cad-418e-9d99-0b91c92fbe5b-groupManagement] INFO  server.RaftServerConfigKeys (ConfUtils.java:logGet(46)) - raft.server.rpc.sleep.time = 25ms (default)
2024-01-30 07:48:43,359 [2a934876-6cad-418e-9d99-0b91c92fbe5b-groupManagement] INFO  server.RaftServerConfigKeys (ConfUtils.java:logGet(46)) - raft.server.rpc.slowness.timeout = 300s (custom)
2024-01-30 07:48:43,359 [2a934876-6cad-418e-9d99-0b91c92fbe5b-groupManagement] INFO  server.RaftServerConfigKeys (ConfUtils.java:logGet(46)) - raft.server.leaderelection.leader.step-down.wait-time = 10s (default)
2024-01-30 07:48:43,359 [2a934876-6cad-418e-9d99-0b91c92fbe5b-groupManagement] INFO  server.RaftServerConfigKeys (ConfUtils.java:logGet(46)) - raft.server.leaderelection.member.majority-add = false (default)
2024-01-30 07:48:43,359 [2a934876-6cad-418e-9d99-0b91c92fbe5b-groupManagement] INFO  server.RaftServerConfigKeys (ConfUtils.java:logGet(46)) - raft.server.sleep.deviation.threshold = 300ms (default)
2024-01-30 07:48:43,360 [2a934876-6cad-418e-9d99-0b91c92fbe5b-groupManagement] INFO  server.RaftServer$Division (ServerState.java:<init>(113)) - 2a934876-6cad-418e-9d99-0b91c92fbe5b@group-5DF41746B7E3: ConfigurationManager, init=-1: peers:[53433fb8-bbf6-4d1d-a4a4-8c4d503fb949|10.1.0.48:15147, 2a934876-6cad-418e-9d99-0b91c92fbe5b|10.1.0.48:15111, 33e454d1-da2d-4d19-a678-883106399134|10.1.0.48:15138]|listeners:[], old=null, confs=<EMPTY_MAP>
2024-01-30 07:48:43,360 [2a934876-6cad-418e-9d99-0b91c92fbe5b-groupManagement] INFO  server.RaftServerConfigKeys (ConfUtils.java:logGet(46)) - raft.server.notification.no-leader.timeout = 300s (custom)
2024-01-30 07:48:43,360 [2a934876-6cad-418e-9d99-0b91c92fbe5b-groupManagement] INFO  server.RaftServerConfigKeys (ConfUtils.java:logGet(46)) - raft.server.read.timeout = 10s (default)
2024-01-30 07:48:43,360 [2a934876-6cad-418e-9d99-0b91c92fbe5b-groupManagement] INFO  server.RaftServerConfigKeys (ConfUtils.java:logGet(46)) - raft.server.retrycache.expirytime = 600000ms (custom)
2024-01-30 07:48:43,360 [2a934876-6cad-418e-9d99-0b91c92fbe5b-groupManagement] INFO  server.RaftServerConfigKeys (ConfUtils.java:logGet(46)) - raft.server.retrycache.statistics.expirytime = 100ms (default)
2024-01-30 07:48:43,360 [2a934876-6cad-418e-9d99-0b91c92fbe5b-groupManagement] INFO  server.RaftServerConfigKeys (ConfUtils.java:logGet(46)) - raft.server.read.option = DEFAULT (default)
2024-01-30 07:48:43,360 [2a934876-6cad-418e-9d99-0b91c92fbe5b-groupManagement] INFO  server.RaftServerConfigKeys (ConfUtils.java:logGet(46)) - raft.server.read.read-after-write-consistent.write-index-cache.expiry-time = 60s (default)
2024-01-30 07:48:43,362 [2a934876-6cad-418e-9d99-0b91c92fbe5b-groupManagement] INFO  server.RaftServerConfigKeys (ConfUtils.java:logGet(46)) - raft.server.rpc.request.timeout = 60s (custom)
2024-01-30 07:48:43,362 [2a934876-6cad-418e-9d99-0b91c92fbe5b-groupManagement] INFO  server.RaftServerConfigKeys (ConfUtils.java:logGet(46)) - raft.server.log.appender.install.snapshot.enabled = false (custom)
2024-01-30 07:48:43,362 [2a934876-6cad-418e-9d99-0b91c92fbe5b-groupManagement] INFO  server.RaftServerConfigKeys (ConfUtils.java:logGet(46)) - raft.server.threadpool.server.cached = true (default)
2024-01-30 07:48:43,362 [2a934876-6cad-418e-9d99-0b91c92fbe5b-groupManagement] INFO  server.RaftServerConfigKeys (ConfUtils.java:logGet(46)) - raft.server.threadpool.server.size = 0 (default)
2024-01-30 07:48:43,362 [2a934876-6cad-418e-9d99-0b91c92fbe5b-groupManagement] INFO  server.RaftServerConfigKeys (ConfUtils.java:logGet(46)) - raft.server.threadpool.client.cached = true (default)
2024-01-30 07:48:43,362 [2a934876-6cad-418e-9d99-0b91c92fbe5b-groupManagement] INFO  server.RaftServerConfigKeys (ConfUtils.java:logGet(46)) - raft.server.threadpool.client.size = 0 (default)
2024-01-30 07:48:43,362 [2a934876-6cad-418e-9d99-0b91c92fbe5b-groupManagement] INFO  server.RaftServerConfigKeys (ConfUtils.java:logGet(46)) - raft.server.storage.free-space.min = 0MB (=0) (default)
2024-01-30 07:48:43,362 [2a934876-6cad-418e-9d99-0b91c92fbe5b-groupManagement] INFO  server.RaftServerConfigKeys (ConfUtils.java:logGet(46)) - raft.server.log.corruption.policy = EXCEPTION (default)
2024-01-30 07:48:43,362 [2a934876-6cad-418e-9d99-0b91c92fbe5b-groupManagement] INFO  server.RaftServerConfigKeys (ConfUtils.java:logGet(46)) - raft.server.storage.dir = [/home/runner/work/ozone/ozone/hadoop-ozone/integration-test/target/test-dir/MiniOzoneClusterImpl-22134a4f-1b78-467c-b266-ccfd401dbc1a/datanode-0/data/ratis] (custom)
2024-01-30 07:48:43,362 [2a934876-6cad-418e-9d99-0b91c92fbe5b-groupManagement] INFO  storage.RaftStorageDirectory (RaftStorageDirectoryImpl.java:analyzeStorage(138)) - The storage directory /home/runner/work/ozone/ozone/hadoop-ozone/integration-test/target/test-dir/MiniOzoneClusterImpl-22134a4f-1b78-467c-b266-ccfd401dbc1a/datanode-0/data/ratis/7120e0c9-40f0-4fb9-aec7-5df41746b7e3 does not exist. Creating ...
2024-01-30 07:48:43,363 [2a934876-6cad-418e-9d99-0b91c92fbe5b-groupManagement] INFO  storage.RaftStorageDirectory (RaftStorageDirectoryImpl.java:tryLock(228)) - Lock on /home/runner/work/ozone/ozone/hadoop-ozone/integration-test/target/test-dir/MiniOzoneClusterImpl-22134a4f-1b78-467c-b266-ccfd401dbc1a/datanode-0/data/ratis/7120e0c9-40f0-4fb9-aec7-5df41746b7e3/in_use.lock acquired by nodename 92995@fv-az1436-717
2024-01-30 07:48:43,364 [2a934876-6cad-418e-9d99-0b91c92fbe5b-groupManagement] INFO  storage.RaftStorage (RaftStorageImpl.java:format(99)) - Storage directory /home/runner/work/ozone/ozone/hadoop-ozone/integration-test/target/test-dir/MiniOzoneClusterImpl-22134a4f-1b78-467c-b266-ccfd401dbc1a/datanode-0/data/ratis/7120e0c9-40f0-4fb9-aec7-5df41746b7e3 has been successfully formatted.
2024-01-30 07:48:43,364 [2a934876-6cad-418e-9d99-0b91c92fbe5b-groupManagement] WARN  util.FileUtils (LogUtils.java:supplyAndLog(63)) - Failed to Files.newInputStream /home/runner/work/ozone/ozone/hadoop-ozone/integration-test/target/test-dir/MiniOzoneClusterImpl-22134a4f-1b78-467c-b266-ccfd401dbc1a/datanode-0/data/ratis/7120e0c9-40f0-4fb9-aec7-5df41746b7e3/current/raft-meta.conf with options []: java.nio.file.NoSuchFileException: /home/runner/work/ozone/ozone/hadoop-ozone/integration-test/target/test-dir/MiniOzoneClusterImpl-22134a4f-1b78-467c-b266-ccfd401dbc1a/datanode-0/data/ratis/7120e0c9-40f0-4fb9-aec7-5df41746b7e3/current/raft-meta.conf
2024-01-30 07:48:43,364 [2a934876-6cad-418e-9d99-0b91c92fbe5b-groupManagement] INFO  ratis.ContainerStateMachine (ContainerStateMachine.java:loadSnapshot(287)) - group-5DF41746B7E3: The snapshot info is null. Setting the last applied index to:(t:0, i:~)
2024-01-30 07:48:43,364 [2a934876-6cad-418e-9d99-0b91c92fbe5b-groupManagement] INFO  server.RaftServerConfigKeys (ConfUtils.java:logGet(46)) - raft.server.log.use.memory = false (default)
2024-01-30 07:48:43,365 [2a934876-6cad-418e-9d99-0b91c92fbe5b-groupManagement] INFO  server.RaftServerConfigKeys (ConfUtils.java:logGet(46)) - raft.server.log.purge.gap = 1000000 (custom)
2024-01-30 07:48:43,365 [2a934876-6cad-418e-9d99-0b91c92fbe5b-groupManagement] INFO  server.RaftServerConfigKeys (ConfUtils.java:logGet(46)) - raft.server.log.appender.buffer.byte-limit = 8388608 (custom)
2024-01-30 07:48:43,365 [2a934876-6cad-418e-9d99-0b91c92fbe5b-groupManagement] INFO  server.RaftServerConfigKeys (ConfUtils.java:logGet(46)) - raft.server.log.statemachine.data.read.timeout = 1000ms (default)
2024-01-30 07:48:43,365 [2a934876-6cad-418e-9d99-0b91c92fbe5b-groupManagement] INFO  server.RaftServerConfigKeys (ConfUtils.java:logGet(46)) - raft.server.log.purge.preservation.log.num = 0 (default)
2024-01-30 07:48:43,365 [2a934876-6cad-418e-9d99-0b91c92fbe5b-groupManagement] INFO  server.RaftServerConfigKeys (ConfUtils.java:logGet(46)) - raft.server.log.segment.size.max = 67108864 (custom)
2024-01-30 07:48:43,366 [2a934876-6cad-418e-9d99-0b91c92fbe5b-groupManagement] INFO  server.RaftServerConfigKeys (ConfUtils.java:logGet(46)) - raft.server.log.segment.cache.num.max = 2 (custom)
2024-01-30 07:48:43,366 [2a934876-6cad-418e-9d99-0b91c92fbe5b-groupManagement] INFO  server.RaftServerConfigKeys (ConfUtils.java:logGet(46)) - raft.server.log.segment.cache.size.max = 200MB (=209715200) (default)
2024-01-30 07:48:43,366 [2a934876-6cad-418e-9d99-0b91c92fbe5b-groupManagement] INFO  server.RaftServerConfigKeys (ConfUtils.java:logGet(46)) - raft.server.log.appender.buffer.byte-limit = 8388608 (custom)
2024-01-30 07:48:43,366 [2a934876-6cad-418e-9d99-0b91c92fbe5b-groupManagement] INFO  util.AwaitToRun (AwaitToRun.java:start(81)) - Thread[2a934876-6cad-418e-9d99-0b91c92fbe5b@group-5DF41746B7E3-cacheEviction-AwaitToRun,5,main] started
2024-01-30 07:48:43,366 [2a934876-6cad-418e-9d99-0b91c92fbe5b-groupManagement] INFO  segmented.SegmentedRaftLogWorker (SegmentedRaftLogWorker.java:<init>(182)) - new 2a934876-6cad-418e-9d99-0b91c92fbe5b@group-5DF41746B7E3-SegmentedRaftLogWorker for RaftStorageImpl:Storage Directory /home/runner/work/ozone/ozone/hadoop-ozone/integration-test/target/test-dir/MiniOzoneClusterImpl-22134a4f-1b78-467c-b266-ccfd401dbc1a/datanode-0/data/ratis/7120e0c9-40f0-4fb9-aec7-5df41746b7e3
2024-01-30 07:48:43,366 [2a934876-6cad-418e-9d99-0b91c92fbe5b-groupManagement] INFO  server.RaftServerConfigKeys (ConfUtils.java:logGet(46)) - raft.server.log.queue.byte-limit = 4294967296 (custom)
2024-01-30 07:48:43,366 [2a934876-6cad-418e-9d99-0b91c92fbe5b-groupManagement] INFO  server.RaftServerConfigKeys (ConfUtils.java:logGet(46)) - raft.server.log.queue.element-limit = 1024 (custom)
2024-01-30 07:48:43,366 [2a934876-6cad-418e-9d99-0b91c92fbe5b-groupManagement] INFO  server.RaftServerConfigKeys (ConfUtils.java:logGet(46)) - raft.server.log.segment.size.max = 67108864 (custom)
2024-01-30 07:48:43,366 [2a934876-6cad-418e-9d99-0b91c92fbe5b-groupManagement] INFO  server.RaftServerConfigKeys (ConfUtils.java:logGet(46)) - raft.server.log.preallocated.size = 4194304 (custom)
2024-01-30 07:48:43,366 [2a934876-6cad-418e-9d99-0b91c92fbe5b-groupManagement] INFO  server.RaftServerConfigKeys (ConfUtils.java:logGet(46)) - raft.server.log.force.sync.num = 128 (default)
2024-01-30 07:48:43,366 [2a934876-6cad-418e-9d99-0b91c92fbe5b-groupManagement] INFO  server.RaftServerConfigKeys (ConfUtils.java:logGet(46)) - raft.server.log.statemachine.data.sync = true (default)
2024-01-30 07:48:43,366 [2a934876-6cad-418e-9d99-0b91c92fbe5b-groupManagement] INFO  server.RaftServerConfigKeys (ConfUtils.java:logGet(46)) - raft.server.log.statemachine.data.sync.timeout = 10s (default)
2024-01-30 07:48:43,367 [2a934876-6cad-418e-9d99-0b91c92fbe5b-groupManagement] INFO  server.RaftServerConfigKeys (ConfUtils.java:logGet(46)) - raft.server.log.statemachine.data.sync.timeout.retry = 0 (custom)
2024-01-30 07:48:43,367 [2a934876-6cad-418e-9d99-0b91c92fbe5b-groupManagement] INFO  server.RaftServerConfigKeys (ConfUtils.java:logGet(46)) - raft.server.log.write.buffer.size = 8388616 (custom)
2024-01-30 07:48:43,368 [2a934876-6cad-418e-9d99-0b91c92fbe5b-groupManagement] INFO  server.RaftServerConfigKeys (ConfUtils.java:logGet(46)) - raft.server.log.appender.buffer.byte-limit = 8388608 (custom)
2024-01-30 07:48:43,368 [2a934876-6cad-418e-9d99-0b91c92fbe5b-groupManagement] INFO  server.RaftServerConfigKeys (ConfUtils.java:logGet(46)) - raft.server.log.unsafe-flush.enabled = false (default)
2024-01-30 07:48:43,368 [2a934876-6cad-418e-9d99-0b91c92fbe5b-groupManagement] INFO  server.RaftServerConfigKeys (ConfUtils.java:logGet(46)) - raft.server.log.async-flush.enabled = false (default)
2024-01-30 07:48:43,368 [2a934876-6cad-418e-9d99-0b91c92fbe5b-groupManagement] INFO  server.RaftServerConfigKeys (ConfUtils.java:logGet(46)) - raft.server.log.statemachine.data.caching.enabled = true (custom)
2024-01-30 07:48:43,368 [2a934876-6cad-418e-9d99-0b91c92fbe5b-groupManagement] INFO  segmented.SegmentedRaftLogWorker (SegmentedRaftLogWorker.java:lambda$new$0(134)) - 2a934876-6cad-418e-9d99-0b91c92fbe5b@group-5DF41746B7E3-SegmentedRaftLogWorker: flushIndex: setUnconditionally 0 -> -1
2024-01-30 07:48:43,368 [2a934876-6cad-418e-9d99-0b91c92fbe5b-groupManagement] INFO  segmented.SegmentedRaftLogWorker (SegmentedRaftLogWorker.java:lambda$new$0(134)) - 2a934876-6cad-418e-9d99-0b91c92fbe5b@group-5DF41746B7E3-SegmentedRaftLogWorker: safeCacheEvictIndex: setUnconditionally 0 -> -1
2024-01-30 07:48:43,369 [2a934876-6cad-418e-9d99-0b91c92fbe5b-groupManagement] INFO  server.RaftServer$Division (RaftServerImpl.java:start(396)) - 2a934876-6cad-418e-9d99-0b91c92fbe5b@group-5DF41746B7E3: start as a follower, conf=-1: peers:[53433fb8-bbf6-4d1d-a4a4-8c4d503fb949|10.1.0.48:15147, 2a934876-6cad-418e-9d99-0b91c92fbe5b|10.1.0.48:15111, 33e454d1-da2d-4d19-a678-883106399134|10.1.0.48:15138]|listeners:[], old=null
2024-01-30 07:48:43,369 [2a934876-6cad-418e-9d99-0b91c92fbe5b-groupManagement] INFO  server.RaftServer$Division (RaftServerImpl.java:setRole(383)) - 2a934876-6cad-418e-9d99-0b91c92fbe5b@group-5DF41746B7E3: changes role from      null to FOLLOWER at term 0 for startAsFollower
2024-01-30 07:48:43,369 [2a934876-6cad-418e-9d99-0b91c92fbe5b-groupManagement] INFO  impl.RoleInfo (RoleInfo.java:updateAndGet(139)) - 2a934876-6cad-418e-9d99-0b91c92fbe5b: start 2a934876-6cad-418e-9d99-0b91c92fbe5b@group-5DF41746B7E3-FollowerState
2024-01-30 07:48:43,369 [2a934876-6cad-418e-9d99-0b91c92fbe5b-groupManagement] INFO  util.JmxRegister (JmxRegister.java:tryRegister(44)) - Successfully registered JMX Bean with object name Ratis:service=RaftServer,group=group-5DF41746B7E3,id=2a934876-6cad-418e-9d99-0b91c92fbe5b
2024-01-30 07:48:43,369 [2a934876-6cad-418e-9d99-0b91c92fbe5b@group-5DF41746B7E3-FollowerState] INFO  server.RaftServerConfigKeys (ConfUtils.java:logFallback(53)) - raft.server.rpc.first-election.timeout.min = 5s (fallback to raft.server.rpc.timeout.min)
2024-01-30 07:48:43,369 [2a934876-6cad-418e-9d99-0b91c92fbe5b-groupManagement] INFO  server.RaftServerConfigKeys (ConfUtils.java:logGet(46)) - raft.server.snapshot.trigger-when-stop.enabled = true (default)
2024-01-30 07:48:43,369 [2a934876-6cad-418e-9d99-0b91c92fbe5b@group-5DF41746B7E3-FollowerState] INFO  server.RaftServerConfigKeys (ConfUtils.java:logFallback(53)) - raft.server.rpc.first-election.timeout.max = 5200ms (fallback to raft.server.rpc.timeout.max)
2024-01-30 07:48:43,369 [2a934876-6cad-418e-9d99-0b91c92fbe5b-groupManagement] INFO  server.RaftServerConfigKeys (ConfUtils.java:logGet(46)) - raft.server.snapshot.auto.trigger.enabled = true (custom)
2024-01-30 07:48:43,369 [2a934876-6cad-418e-9d99-0b91c92fbe5b-groupManagement] INFO  server.RaftServerConfigKeys (ConfUtils.java:logGet(46)) - raft.server.snapshot.auto.trigger.threshold = 10000 (custom)
2024-01-30 07:48:43,369 [2a934876-6cad-418e-9d99-0b91c92fbe5b-groupManagement] INFO  server.RaftServerConfigKeys (ConfUtils.java:logGet(46)) - raft.server.snapshot.retention.file.num = 5 (custom)
2024-01-30 07:48:43,369 [2a934876-6cad-418e-9d99-0b91c92fbe5b-groupManagement] INFO  server.RaftServerConfigKeys (ConfUtils.java:logGet(46)) - raft.server.log.purge.upto.snapshot.index = false (default)
2024-01-30 07:48:43,376 [grpc-default-executor-6] INFO  server.RaftServer (RaftServerProxy.java:addNew(100)) - 53433fb8-bbf6-4d1d-a4a4-8c4d503fb949: addNew group-5DF41746B7E3:[53433fb8-bbf6-4d1d-a4a4-8c4d503fb949|10.1.0.48:15147, 2a934876-6cad-418e-9d99-0b91c92fbe5b|10.1.0.48:15111, 33e454d1-da2d-4d19-a678-883106399134|10.1.0.48:15138] returns group-5DF41746B7E3:java.util.concurrent.CompletableFuture@46c7b665[Not completed]
2024-01-30 07:48:43,376 [53433fb8-bbf6-4d1d-a4a4-8c4d503fb949-groupManagement] INFO  server.RaftServer$Division (RaftServerImpl.java:<init>(256)) - 53433fb8-bbf6-4d1d-a4a4-8c4d503fb949: new RaftServerImpl for group-5DF41746B7E3:[53433fb8-bbf6-4d1d-a4a4-8c4d503fb949|10.1.0.48:15147, 2a934876-6cad-418e-9d99-0b91c92fbe5b|10.1.0.48:15111, 33e454d1-da2d-4d19-a678-883106399134|10.1.0.48:15138] with ContainerStateMachine:uninitialized
2024-01-30 07:48:43,376 [53433fb8-bbf6-4d1d-a4a4-8c4d503fb949-groupManagement] INFO  server.RaftServerConfigKeys (ConfUtils.java:logGet(46)) - raft.server.rpc.timeout.min = 5s (custom)
2024-01-30 07:48:43,376 [53433fb8-bbf6-4d1d-a4a4-8c4d503fb949-groupManagement] INFO  server.RaftServerConfigKeys (ConfUtils.java:logGet(46)) - raft.server.rpc.timeout.max = 5200ms (custom)
2024-01-30 07:48:43,377 [53433fb8-bbf6-4d1d-a4a4-8c4d503fb949-groupManagement] INFO  server.RaftServerConfigKeys (ConfUtils.java:logGet(46)) - raft.server.rpc.sleep.time = 25ms (default)
2024-01-30 07:48:43,377 [53433fb8-bbf6-4d1d-a4a4-8c4d503fb949-groupManagement] INFO  server.RaftServerConfigKeys (ConfUtils.java:logGet(46)) - raft.server.rpc.slowness.timeout = 300s (custom)
2024-01-30 07:48:43,377 [53433fb8-bbf6-4d1d-a4a4-8c4d503fb949-groupManagement] INFO  server.RaftServerConfigKeys (ConfUtils.java:logGet(46)) - raft.server.leaderelection.leader.step-down.wait-time = 10s (default)
2024-01-30 07:48:43,377 [53433fb8-bbf6-4d1d-a4a4-8c4d503fb949-groupManagement] INFO  server.RaftServerConfigKeys (ConfUtils.java:logGet(46)) - raft.server.leaderelection.member.majority-add = false (default)
2024-01-30 07:48:43,377 [53433fb8-bbf6-4d1d-a4a4-8c4d503fb949-groupManagement] INFO  server.RaftServerConfigKeys (ConfUtils.java:logGet(46)) - raft.server.sleep.deviation.threshold = 300ms (default)
2024-01-30 07:48:43,377 [53433fb8-bbf6-4d1d-a4a4-8c4d503fb949-groupManagement] INFO  server.RaftServer$Division (ServerState.java:<init>(113)) - 53433fb8-bbf6-4d1d-a4a4-8c4d503fb949@group-5DF41746B7E3: ConfigurationManager, init=-1: peers:[53433fb8-bbf6-4d1d-a4a4-8c4d503fb949|10.1.0.48:15147, 2a934876-6cad-418e-9d99-0b91c92fbe5b|10.1.0.48:15111, 33e454d1-da2d-4d19-a678-883106399134|10.1.0.48:15138]|listeners:[], old=null, confs=<EMPTY_MAP>
2024-01-30 07:48:43,377 [53433fb8-bbf6-4d1d-a4a4-8c4d503fb949-groupManagement] INFO  server.RaftServerConfigKeys (ConfUtils.java:logGet(46)) - raft.server.notification.no-leader.timeout = 300s (custom)
2024-01-30 07:48:43,377 [53433fb8-bbf6-4d1d-a4a4-8c4d503fb949-groupManagement] INFO  server.RaftServerConfigKeys (ConfUtils.java:logGet(46)) - raft.server.read.timeout = 10s (default)
2024-01-30 07:48:43,377 [53433fb8-bbf6-4d1d-a4a4-8c4d503fb949-groupManagement] INFO  server.RaftServerConfigKeys (ConfUtils.java:logGet(46)) - raft.server.retrycache.expirytime = 600000ms (custom)
2024-01-30 07:48:43,377 [53433fb8-bbf6-4d1d-a4a4-8c4d503fb949-groupManagement] INFO  server.RaftServerConfigKeys (ConfUtils.java:logGet(46)) - raft.server.retrycache.statistics.expirytime = 100ms (default)
2024-01-30 07:48:43,377 [53433fb8-bbf6-4d1d-a4a4-8c4d503fb949-groupManagement] INFO  server.RaftServerConfigKeys (ConfUtils.java:logGet(46)) - raft.server.read.option = DEFAULT (default)
2024-01-30 07:48:43,377 [53433fb8-bbf6-4d1d-a4a4-8c4d503fb949-groupManagement] INFO  server.RaftServerConfigKeys (ConfUtils.java:logGet(46)) - raft.server.read.read-after-write-consistent.write-index-cache.expiry-time = 60s (default)
2024-01-30 07:48:43,379 [53433fb8-bbf6-4d1d-a4a4-8c4d503fb949-groupManagement] INFO  server.RaftServerConfigKeys (ConfUtils.java:logGet(46)) - raft.server.rpc.request.timeout = 60s (custom)
2024-01-30 07:48:43,379 [53433fb8-bbf6-4d1d-a4a4-8c4d503fb949-groupManagement] INFO  server.RaftServerConfigKeys (ConfUtils.java:logGet(46)) - raft.server.log.appender.install.snapshot.enabled = false (custom)
2024-01-30 07:48:43,379 [53433fb8-bbf6-4d1d-a4a4-8c4d503fb949-groupManagement] INFO  server.RaftServerConfigKeys (ConfUtils.java:logGet(46)) - raft.server.threadpool.server.cached = true (default)
2024-01-30 07:48:43,379 [53433fb8-bbf6-4d1d-a4a4-8c4d503fb949-groupManagement] INFO  server.RaftServerConfigKeys (ConfUtils.java:logGet(46)) - raft.server.threadpool.server.size = 0 (default)
2024-01-30 07:48:43,379 [53433fb8-bbf6-4d1d-a4a4-8c4d503fb949-groupManagement] INFO  server.RaftServerConfigKeys (ConfUtils.java:logGet(46)) - raft.server.threadpool.client.cached = true (default)
2024-01-30 07:48:43,379 [53433fb8-bbf6-4d1d-a4a4-8c4d503fb949-groupManagement] INFO  server.RaftServerConfigKeys (ConfUtils.java:logGet(46)) - raft.server.threadpool.client.size = 0 (default)
2024-01-30 07:48:43,380 [53433fb8-bbf6-4d1d-a4a4-8c4d503fb949-groupManagement] INFO  server.RaftServerConfigKeys (ConfUtils.java:logGet(46)) - raft.server.storage.free-space.min = 0MB (=0) (default)
2024-01-30 07:48:43,380 [53433fb8-bbf6-4d1d-a4a4-8c4d503fb949-groupManagement] INFO  server.RaftServerConfigKeys (ConfUtils.java:logGet(46)) - raft.server.log.corruption.policy = EXCEPTION (default)
2024-01-30 07:48:43,380 [53433fb8-bbf6-4d1d-a4a4-8c4d503fb949-groupManagement] INFO  server.RaftServerConfigKeys (ConfUtils.java:logGet(46)) - raft.server.storage.dir = [/home/runner/work/ozone/ozone/hadoop-ozone/integration-test/target/test-dir/MiniOzoneClusterImpl-22134a4f-1b78-467c-b266-ccfd401dbc1a/datanode-4/data/ratis] (custom)
2024-01-30 07:48:43,380 [53433fb8-bbf6-4d1d-a4a4-8c4d503fb949-groupManagement] INFO  storage.RaftStorageDirectory (RaftStorageDirectoryImpl.java:analyzeStorage(138)) - The storage directory /home/runner/work/ozone/ozone/hadoop-ozone/integration-test/target/test-dir/MiniOzoneClusterImpl-22134a4f-1b78-467c-b266-ccfd401dbc1a/datanode-4/data/ratis/7120e0c9-40f0-4fb9-aec7-5df41746b7e3 does not exist. Creating ...
2024-01-30 07:48:43,381 [53433fb8-bbf6-4d1d-a4a4-8c4d503fb949-groupManagement] INFO  storage.RaftStorageDirectory (RaftStorageDirectoryImpl.java:tryLock(228)) - Lock on /home/runner/work/ozone/ozone/hadoop-ozone/integration-test/target/test-dir/MiniOzoneClusterImpl-22134a4f-1b78-467c-b266-ccfd401dbc1a/datanode-4/data/ratis/7120e0c9-40f0-4fb9-aec7-5df41746b7e3/in_use.lock acquired by nodename 92995@fv-az1436-717
2024-01-30 07:48:43,381 [53433fb8-bbf6-4d1d-a4a4-8c4d503fb949-groupManagement] INFO  storage.RaftStorage (RaftStorageImpl.java:format(99)) - Storage directory /home/runner/work/ozone/ozone/hadoop-ozone/integration-test/target/test-dir/MiniOzoneClusterImpl-22134a4f-1b78-467c-b266-ccfd401dbc1a/datanode-4/data/ratis/7120e0c9-40f0-4fb9-aec7-5df41746b7e3 has been successfully formatted.
2024-01-30 07:48:43,381 [53433fb8-bbf6-4d1d-a4a4-8c4d503fb949-groupManagement] WARN  util.FileUtils (LogUtils.java:supplyAndLog(63)) - Failed to Files.newInputStream /home/runner/work/ozone/ozone/hadoop-ozone/integration-test/target/test-dir/MiniOzoneClusterImpl-22134a4f-1b78-467c-b266-ccfd401dbc1a/datanode-4/data/ratis/7120e0c9-40f0-4fb9-aec7-5df41746b7e3/current/raft-meta.conf with options []: java.nio.file.NoSuchFileException: /home/runner/work/ozone/ozone/hadoop-ozone/integration-test/target/test-dir/MiniOzoneClusterImpl-22134a4f-1b78-467c-b266-ccfd401dbc1a/datanode-4/data/ratis/7120e0c9-40f0-4fb9-aec7-5df41746b7e3/current/raft-meta.conf
2024-01-30 07:48:43,382 [53433fb8-bbf6-4d1d-a4a4-8c4d503fb949-groupManagement] INFO  ratis.ContainerStateMachine (ContainerStateMachine.java:loadSnapshot(287)) - group-5DF41746B7E3: The snapshot info is null. Setting the last applied index to:(t:0, i:~)
2024-01-30 07:48:43,382 [53433fb8-bbf6-4d1d-a4a4-8c4d503fb949-groupManagement] INFO  server.RaftServerConfigKeys (ConfUtils.java:logGet(46)) - raft.server.log.use.memory = false (default)
2024-01-30 07:48:43,382 [53433fb8-bbf6-4d1d-a4a4-8c4d503fb949-groupManagement] INFO  server.RaftServerConfigKeys (ConfUtils.java:logGet(46)) - raft.server.log.purge.gap = 1000000 (custom)
2024-01-30 07:48:43,382 [53433fb8-bbf6-4d1d-a4a4-8c4d503fb949-groupManagement] INFO  server.RaftServerConfigKeys (ConfUtils.java:logGet(46)) - raft.server.log.appender.buffer.byte-limit = 8388608 (custom)
2024-01-30 07:48:43,382 [53433fb8-bbf6-4d1d-a4a4-8c4d503fb949-groupManagement] INFO  server.RaftServerConfigKeys (ConfUtils.java:logGet(46)) - raft.server.log.statemachine.data.read.timeout = 1000ms (default)
2024-01-30 07:48:43,382 [53433fb8-bbf6-4d1d-a4a4-8c4d503fb949-groupManagement] INFO  server.RaftServerConfigKeys (ConfUtils.java:logGet(46)) - raft.server.log.purge.preservation.log.num = 0 (default)
2024-01-30 07:48:43,383 [53433fb8-bbf6-4d1d-a4a4-8c4d503fb949-groupManagement] INFO  server.RaftServerConfigKeys (ConfUtils.java:logGet(46)) - raft.server.log.segment.size.max = 67108864 (custom)
2024-01-30 07:48:43,384 [53433fb8-bbf6-4d1d-a4a4-8c4d503fb949-groupManagement] INFO  server.RaftServerConfigKeys (ConfUtils.java:logGet(46)) - raft.server.log.segment.cache.num.max = 2 (custom)
2024-01-30 07:48:43,384 [53433fb8-bbf6-4d1d-a4a4-8c4d503fb949-groupManagement] INFO  server.RaftServerConfigKeys (ConfUtils.java:logGet(46)) - raft.server.log.segment.cache.size.max = 200MB (=209715200) (default)
2024-01-30 07:48:43,384 [53433fb8-bbf6-4d1d-a4a4-8c4d503fb949-groupManagement] INFO  server.RaftServerConfigKeys (ConfUtils.java:logGet(46)) - raft.server.log.appender.buffer.byte-limit = 8388608 (custom)
2024-01-30 07:48:43,384 [53433fb8-bbf6-4d1d-a4a4-8c4d503fb949-groupManagement] INFO  util.AwaitToRun (AwaitToRun.java:start(81)) - Thread[53433fb8-bbf6-4d1d-a4a4-8c4d503fb949@group-5DF41746B7E3-cacheEviction-AwaitToRun,5,main] started
2024-01-30 07:48:43,384 [53433fb8-bbf6-4d1d-a4a4-8c4d503fb949-groupManagement] INFO  segmented.SegmentedRaftLogWorker (SegmentedRaftLogWorker.java:<init>(182)) - new 53433fb8-bbf6-4d1d-a4a4-8c4d503fb949@group-5DF41746B7E3-SegmentedRaftLogWorker for RaftStorageImpl:Storage Directory /home/runner/work/ozone/ozone/hadoop-ozone/integration-test/target/test-dir/MiniOzoneClusterImpl-22134a4f-1b78-467c-b266-ccfd401dbc1a/datanode-4/data/ratis/7120e0c9-40f0-4fb9-aec7-5df41746b7e3
2024-01-30 07:48:43,384 [53433fb8-bbf6-4d1d-a4a4-8c4d503fb949-groupManagement] INFO  server.RaftServerConfigKeys (ConfUtils.java:logGet(46)) - raft.server.log.queue.byte-limit = 4294967296 (custom)
2024-01-30 07:48:43,384 [53433fb8-bbf6-4d1d-a4a4-8c4d503fb949-groupManagement] INFO  server.RaftServerConfigKeys (ConfUtils.java:logGet(46)) - raft.server.log.queue.element-limit = 1024 (custom)
2024-01-30 07:48:43,384 [53433fb8-bbf6-4d1d-a4a4-8c4d503fb949-groupManagement] INFO  server.RaftServerConfigKeys (ConfUtils.java:logGet(46)) - raft.server.log.segment.size.max = 67108864 (custom)
2024-01-30 07:48:43,384 [53433fb8-bbf6-4d1d-a4a4-8c4d503fb949-groupManagement] INFO  server.RaftServerConfigKeys (ConfUtils.java:logGet(46)) - raft.server.log.preallocated.size = 4194304 (custom)
2024-01-30 07:48:43,384 [53433fb8-bbf6-4d1d-a4a4-8c4d503fb949-groupManagement] INFO  server.RaftServerConfigKeys (ConfUtils.java:logGet(46)) - raft.server.log.force.sync.num = 128 (default)
2024-01-30 07:48:43,384 [53433fb8-bbf6-4d1d-a4a4-8c4d503fb949-groupManagement] INFO  server.RaftServerConfigKeys (ConfUtils.java:logGet(46)) - raft.server.log.statemachine.data.sync = true (default)
2024-01-30 07:48:43,384 [53433fb8-bbf6-4d1d-a4a4-8c4d503fb949-groupManagement] INFO  server.RaftServerConfigKeys (ConfUtils.java:logGet(46)) - raft.server.log.statemachine.data.sync.timeout = 10s (default)
2024-01-30 07:48:43,384 [53433fb8-bbf6-4d1d-a4a4-8c4d503fb949-groupManagement] INFO  server.RaftServerConfigKeys (ConfUtils.java:logGet(46)) - raft.server.log.statemachine.data.sync.timeout.retry = 0 (custom)
2024-01-30 07:48:43,385 [53433fb8-bbf6-4d1d-a4a4-8c4d503fb949-groupManagement] INFO  server.RaftServerConfigKeys (ConfUtils.java:logGet(46)) - raft.server.log.write.buffer.size = 8388616 (custom)
2024-01-30 07:48:43,386 [53433fb8-bbf6-4d1d-a4a4-8c4d503fb949-groupManagement] INFO  server.RaftServerConfigKeys (ConfUtils.java:logGet(46)) - raft.server.log.appender.buffer.byte-limit = 8388608 (custom)
2024-01-30 07:48:43,386 [53433fb8-bbf6-4d1d-a4a4-8c4d503fb949-groupManagement] INFO  server.RaftServerConfigKeys (ConfUtils.java:logGet(46)) - raft.server.log.unsafe-flush.enabled = false (default)
2024-01-30 07:48:43,386 [53433fb8-bbf6-4d1d-a4a4-8c4d503fb949-groupManagement] INFO  server.RaftServerConfigKeys (ConfUtils.java:logGet(46)) - raft.server.log.async-flush.enabled = false (default)
2024-01-30 07:48:43,387 [53433fb8-bbf6-4d1d-a4a4-8c4d503fb949-groupManagement] INFO  server.RaftServerConfigKeys (ConfUtils.java:logGet(46)) - raft.server.log.statemachine.data.caching.enabled = true (custom)
2024-01-30 07:48:43,387 [53433fb8-bbf6-4d1d-a4a4-8c4d503fb949-groupManagement] INFO  segmented.SegmentedRaftLogWorker (SegmentedRaftLogWorker.java:lambda$new$0(134)) - 53433fb8-bbf6-4d1d-a4a4-8c4d503fb949@group-5DF41746B7E3-SegmentedRaftLogWorker: flushIndex: setUnconditionally 0 -> -1
2024-01-30 07:48:43,387 [53433fb8-bbf6-4d1d-a4a4-8c4d503fb949-groupManagement] INFO  segmented.SegmentedRaftLogWorker (SegmentedRaftLogWorker.java:lambda$new$0(134)) - 53433fb8-bbf6-4d1d-a4a4-8c4d503fb949@group-5DF41746B7E3-SegmentedRaftLogWorker: safeCacheEvictIndex: setUnconditionally 0 -> -1
2024-01-30 07:48:43,387 [53433fb8-bbf6-4d1d-a4a4-8c4d503fb949-groupManagement] INFO  server.RaftServer$Division (RaftServerImpl.java:start(396)) - 53433fb8-bbf6-4d1d-a4a4-8c4d503fb949@group-5DF41746B7E3: start as a follower, conf=-1: peers:[53433fb8-bbf6-4d1d-a4a4-8c4d503fb949|10.1.0.48:15147, 2a934876-6cad-418e-9d99-0b91c92fbe5b|10.1.0.48:15111, 33e454d1-da2d-4d19-a678-883106399134|10.1.0.48:15138]|listeners:[], old=null
2024-01-30 07:48:43,387 [53433fb8-bbf6-4d1d-a4a4-8c4d503fb949-groupManagement] INFO  server.RaftServer$Division (RaftServerImpl.java:setRole(383)) - 53433fb8-bbf6-4d1d-a4a4-8c4d503fb949@group-5DF41746B7E3: changes role from      null to FOLLOWER at term 0 for startAsFollower
2024-01-30 07:48:43,387 [53433fb8-bbf6-4d1d-a4a4-8c4d503fb949-groupManagement] INFO  impl.RoleInfo (RoleInfo.java:updateAndGet(139)) - 53433fb8-bbf6-4d1d-a4a4-8c4d503fb949: start 53433fb8-bbf6-4d1d-a4a4-8c4d503fb949@group-5DF41746B7E3-FollowerState
2024-01-30 07:48:43,387 [53433fb8-bbf6-4d1d-a4a4-8c4d503fb949@group-5DF41746B7E3-FollowerState] INFO  server.RaftServerConfigKeys (ConfUtils.java:logFallback(53)) - raft.server.rpc.first-election.timeout.min = 5s (fallback to raft.server.rpc.timeout.min)
2024-01-30 07:48:43,387 [53433fb8-bbf6-4d1d-a4a4-8c4d503fb949-groupManagement] INFO  util.JmxRegister (JmxRegister.java:tryRegister(44)) - Successfully registered JMX Bean with object name Ratis:service=RaftServer,group=group-5DF41746B7E3,id=53433fb8-bbf6-4d1d-a4a4-8c4d503fb949
2024-01-30 07:48:43,387 [53433fb8-bbf6-4d1d-a4a4-8c4d503fb949@group-5DF41746B7E3-FollowerState] INFO  server.RaftServerConfigKeys (ConfUtils.java:logFallback(53)) - raft.server.rpc.first-election.timeout.max = 5200ms (fallback to raft.server.rpc.timeout.max)
2024-01-30 07:48:43,387 [53433fb8-bbf6-4d1d-a4a4-8c4d503fb949-groupManagement] INFO  server.RaftServerConfigKeys (ConfUtils.java:logGet(46)) - raft.server.snapshot.trigger-when-stop.enabled = true (default)
2024-01-30 07:48:43,388 [53433fb8-bbf6-4d1d-a4a4-8c4d503fb949-groupManagement] INFO  server.RaftServerConfigKeys (ConfUtils.java:logGet(46)) - raft.server.snapshot.auto.trigger.enabled = true (custom)
2024-01-30 07:48:43,388 [53433fb8-bbf6-4d1d-a4a4-8c4d503fb949-groupManagement] INFO  server.RaftServerConfigKeys (ConfUtils.java:logGet(46)) - raft.server.snapshot.auto.trigger.threshold = 10000 (custom)
2024-01-30 07:48:43,388 [53433fb8-bbf6-4d1d-a4a4-8c4d503fb949-groupManagement] INFO  server.RaftServerConfigKeys (ConfUtils.java:logGet(46)) - raft.server.snapshot.retention.file.num = 5 (custom)
2024-01-30 07:48:43,388 [53433fb8-bbf6-4d1d-a4a4-8c4d503fb949-groupManagement] INFO  server.RaftServerConfigKeys (ConfUtils.java:logGet(46)) - raft.server.log.purge.upto.snapshot.index = false (default)
2024-01-30 07:48:43,391 [33e454d1-da2d-4d19-a678-883106399134-PipelineCommandHandlerThread-0] INFO  commandhandler.CreatePipelineCommandHandler (CreatePipelineCommandHandler.java:lambda$handle$2(124)) - Created Pipeline RATIS THREE PipelineID=7120e0c9-40f0-4fb9-aec7-5df41746b7e3.
2024-01-30 07:48:48,125 [84e2f200-b83f-4514-9762-a3bf8832ea50@group-5A6D2AF928DF-FollowerState] INFO  impl.FollowerState (FollowerState.java:run(143)) - 84e2f200-b83f-4514-9762-a3bf8832ea50@group-5A6D2AF928DF-FollowerState: change to CANDIDATE, lastRpcElapsedTime:5016586951ns, electionTimeout:5015ms
2024-01-30 07:48:48,125 [84e2f200-b83f-4514-9762-a3bf8832ea50@group-5A6D2AF928DF-FollowerState] INFO  impl.RoleInfo (RoleInfo.java:shutdownFollowerState(110)) - 84e2f200-b83f-4514-9762-a3bf8832ea50: shutdown 84e2f200-b83f-4514-9762-a3bf8832ea50@group-5A6D2AF928DF-FollowerState
2024-01-30 07:48:48,125 [84e2f200-b83f-4514-9762-a3bf8832ea50@group-5A6D2AF928DF-FollowerState] INFO  server.RaftServer$Division (RaftServerImpl.java:setRole(383)) - 84e2f200-b83f-4514-9762-a3bf8832ea50@group-5A6D2AF928DF: changes role from  FOLLOWER to CANDIDATE at term 0 for changeToCandidate
2024-01-30 07:48:48,125 [84e2f200-b83f-4514-9762-a3bf8832ea50@group-5A6D2AF928DF-FollowerState] INFO  server.RaftServerConfigKeys (ConfUtils.java:logGet(46)) - raft.server.leaderelection.pre-vote = true (default)
2024-01-30 07:48:48,125 [84e2f200-b83f-4514-9762-a3bf8832ea50@group-5A6D2AF928DF-FollowerState] INFO  impl.RoleInfo (RoleInfo.java:updateAndGet(139)) - 84e2f200-b83f-4514-9762-a3bf8832ea50: start 84e2f200-b83f-4514-9762-a3bf8832ea50@group-5A6D2AF928DF-LeaderElection30
2024-01-30 07:48:48,127 [84e2f200-b83f-4514-9762-a3bf8832ea50@group-5A6D2AF928DF-LeaderElection30] INFO  impl.LeaderElection (LeaderElection.java:askForVotes(321)) - 84e2f200-b83f-4514-9762-a3bf8832ea50@group-5A6D2AF928DF-LeaderElection30 PRE_VOTE round 0: submit vote requests at term 0 for -1: peers:[84e2f200-b83f-4514-9762-a3bf8832ea50|10.1.0.48:15120, 971c1615-1531-4bff-8b79-adf9a27d7f54|10.1.0.48:15129, 2a934876-6cad-418e-9d99-0b91c92fbe5b|10.1.0.48:15111]|listeners:[], old=null
2024-01-30 07:48:48,127 [84e2f200-b83f-4514-9762-a3bf8832ea50@group-5A6D2AF928DF-LeaderElection30] INFO  server.RaftServerConfigKeys (ConfUtils.java:logFallback(53)) - raft.server.rpc.first-election.timeout.min = 5s (fallback to raft.server.rpc.timeout.min)
2024-01-30 07:48:48,127 [84e2f200-b83f-4514-9762-a3bf8832ea50@group-5A6D2AF928DF-LeaderElection30] INFO  server.RaftServerConfigKeys (ConfUtils.java:logFallback(53)) - raft.server.rpc.first-election.timeout.max = 5200ms (fallback to raft.server.rpc.timeout.max)
2024-01-30 07:48:48,128 [grpc-default-executor-7] INFO  server.RaftServer$Division (RaftServerImpl.java:requestVote(1389)) - 971c1615-1531-4bff-8b79-adf9a27d7f54@group-5A6D2AF928DF: receive requestVote(PRE_VOTE, 84e2f200-b83f-4514-9762-a3bf8832ea50, group-5A6D2AF928DF, 0, (t:0, i:0))
2024-01-30 07:48:48,129 [grpc-default-executor-7] INFO  impl.VoteContext (VoteContext.java:log(49)) - 971c1615-1531-4bff-8b79-adf9a27d7f54@group-5A6D2AF928DF-FOLLOWER: accept PRE_VOTE from 84e2f200-b83f-4514-9762-a3bf8832ea50: our priority 0 <= candidate's priority 1
2024-01-30 07:48:48,129 [grpc-default-executor-7] INFO  server.RaftServer$Division (RaftServerImpl.java:requestVote(1422)) - 971c1615-1531-4bff-8b79-adf9a27d7f54@group-5A6D2AF928DF replies to PRE_VOTE vote request: 84e2f200-b83f-4514-9762-a3bf8832ea50<-971c1615-1531-4bff-8b79-adf9a27d7f54#0:OK-t0. Peer's state: 971c1615-1531-4bff-8b79-adf9a27d7f54@group-5A6D2AF928DF:t0, leader=null, voted=, raftlog=Memoized:971c1615-1531-4bff-8b79-adf9a27d7f54@group-5A6D2AF928DF-SegmentedRaftLog:OPENED:c-1, conf=-1: peers:[84e2f200-b83f-4514-9762-a3bf8832ea50|10.1.0.48:15120, 971c1615-1531-4bff-8b79-adf9a27d7f54|10.1.0.48:15129, 2a934876-6cad-418e-9d99-0b91c92fbe5b|10.1.0.48:15111]|listeners:[], old=null
2024-01-30 07:48:48,128 [grpc-default-executor-6] INFO  server.RaftServer$Division (RaftServerImpl.java:requestVote(1389)) - 2a934876-6cad-418e-9d99-0b91c92fbe5b@group-5A6D2AF928DF: receive requestVote(PRE_VOTE, 84e2f200-b83f-4514-9762-a3bf8832ea50, group-5A6D2AF928DF, 0, (t:0, i:0))
2024-01-30 07:48:48,129 [grpc-default-executor-6] INFO  impl.VoteContext (VoteContext.java:log(49)) - 2a934876-6cad-418e-9d99-0b91c92fbe5b@group-5A6D2AF928DF-FOLLOWER: accept PRE_VOTE from 84e2f200-b83f-4514-9762-a3bf8832ea50: our priority 0 <= candidate's priority 1
2024-01-30 07:48:48,129 [grpc-default-executor-6] INFO  server.RaftServer$Division (RaftServerImpl.java:requestVote(1422)) - 2a934876-6cad-418e-9d99-0b91c92fbe5b@group-5A6D2AF928DF replies to PRE_VOTE vote request: 84e2f200-b83f-4514-9762-a3bf8832ea50<-2a934876-6cad-418e-9d99-0b91c92fbe5b#0:OK-t0. Peer's state: 2a934876-6cad-418e-9d99-0b91c92fbe5b@group-5A6D2AF928DF:t0, leader=null, voted=, raftlog=Memoized:2a934876-6cad-418e-9d99-0b91c92fbe5b@group-5A6D2AF928DF-SegmentedRaftLog:OPENED:c-1, conf=-1: peers:[84e2f200-b83f-4514-9762-a3bf8832ea50|10.1.0.48:15120, 971c1615-1531-4bff-8b79-adf9a27d7f54|10.1.0.48:15129, 2a934876-6cad-418e-9d99-0b91c92fbe5b|10.1.0.48:15111]|listeners:[], old=null
2024-01-30 07:48:48,130 [84e2f200-b83f-4514-9762-a3bf8832ea50@group-5A6D2AF928DF-LeaderElection30] INFO  impl.LeaderElection (LeaderElection.java:logAndReturn(89)) - 84e2f200-b83f-4514-9762-a3bf8832ea50@group-5A6D2AF928DF-LeaderElection30: PRE_VOTE PASSED received 1 response(s) and 0 exception(s):
2024-01-30 07:48:48,130 [84e2f200-b83f-4514-9762-a3bf8832ea50@group-5A6D2AF928DF-LeaderElection30] INFO  impl.LeaderElection (LeaderElection.java:logAndReturn(93)) -   Response 0: 84e2f200-b83f-4514-9762-a3bf8832ea50<-971c1615-1531-4bff-8b79-adf9a27d7f54#0:OK-t0
2024-01-30 07:48:48,130 [84e2f200-b83f-4514-9762-a3bf8832ea50@group-5A6D2AF928DF-LeaderElection30] INFO  impl.LeaderElection (LeaderElection.java:askForVotes(323)) - 84e2f200-b83f-4514-9762-a3bf8832ea50@group-5A6D2AF928DF-LeaderElection30 PRE_VOTE round 0: result PASSED
2024-01-30 07:48:48,131 [84e2f200-b83f-4514-9762-a3bf8832ea50@group-5A6D2AF928DF-LeaderElection30] INFO  impl.LeaderElection (LeaderElection.java:askForVotes(321)) - 84e2f200-b83f-4514-9762-a3bf8832ea50@group-5A6D2AF928DF-LeaderElection30 ELECTION round 0: submit vote requests at term 1 for -1: peers:[84e2f200-b83f-4514-9762-a3bf8832ea50|10.1.0.48:15120, 971c1615-1531-4bff-8b79-adf9a27d7f54|10.1.0.48:15129, 2a934876-6cad-418e-9d99-0b91c92fbe5b|10.1.0.48:15111]|listeners:[], old=null
2024-01-30 07:48:48,131 [84e2f200-b83f-4514-9762-a3bf8832ea50@group-5A6D2AF928DF-LeaderElection30] INFO  server.RaftServerConfigKeys (ConfUtils.java:logFallback(53)) - raft.server.rpc.first-election.timeout.min = 5s (fallback to raft.server.rpc.timeout.min)
2024-01-30 07:48:48,131 [84e2f200-b83f-4514-9762-a3bf8832ea50@group-5A6D2AF928DF-LeaderElection30] INFO  server.RaftServerConfigKeys (ConfUtils.java:logFallback(53)) - raft.server.rpc.first-election.timeout.max = 5200ms (fallback to raft.server.rpc.timeout.max)
2024-01-30 07:48:48,134 [grpc-default-executor-7] INFO  server.RaftServer$Division (RaftServerImpl.java:requestVote(1389)) - 971c1615-1531-4bff-8b79-adf9a27d7f54@group-5A6D2AF928DF: receive requestVote(ELECTION, 84e2f200-b83f-4514-9762-a3bf8832ea50, group-5A6D2AF928DF, 1, (t:0, i:0))
2024-01-30 07:48:48,134 [grpc-default-executor-7] INFO  impl.VoteContext (VoteContext.java:log(49)) - 971c1615-1531-4bff-8b79-adf9a27d7f54@group-5A6D2AF928DF-FOLLOWER: accept ELECTION from 84e2f200-b83f-4514-9762-a3bf8832ea50: our priority 0 <= candidate's priority 1
2024-01-30 07:48:48,134 [grpc-default-executor-7] INFO  server.RaftServer$Division (RaftServerImpl.java:setRole(383)) - 971c1615-1531-4bff-8b79-adf9a27d7f54@group-5A6D2AF928DF: changes role from  FOLLOWER to FOLLOWER at term 1 for candidate:84e2f200-b83f-4514-9762-a3bf8832ea50
2024-01-30 07:48:48,134 [grpc-default-executor-7] INFO  impl.RoleInfo (RoleInfo.java:shutdownFollowerState(110)) - 971c1615-1531-4bff-8b79-adf9a27d7f54: shutdown 971c1615-1531-4bff-8b79-adf9a27d7f54@group-5A6D2AF928DF-FollowerState
2024-01-30 07:48:48,134 [grpc-default-executor-7] INFO  impl.RoleInfo (RoleInfo.java:updateAndGet(139)) - 971c1615-1531-4bff-8b79-adf9a27d7f54: start 971c1615-1531-4bff-8b79-adf9a27d7f54@group-5A6D2AF928DF-FollowerState
2024-01-30 07:48:48,134 [971c1615-1531-4bff-8b79-adf9a27d7f54@group-5A6D2AF928DF-FollowerState] INFO  impl.FollowerState (FollowerState.java:run(152)) - 971c1615-1531-4bff-8b79-adf9a27d7f54@group-5A6D2AF928DF-FollowerState was interrupted
2024-01-30 07:48:48,134 [grpc-default-executor-6] INFO  server.RaftServer$Division (RaftServerImpl.java:requestVote(1389)) - 2a934876-6cad-418e-9d99-0b91c92fbe5b@group-5A6D2AF928DF: receive requestVote(ELECTION, 84e2f200-b83f-4514-9762-a3bf8832ea50, group-5A6D2AF928DF, 1, (t:0, i:0))
2024-01-30 07:48:48,134 [grpc-default-executor-6] INFO  impl.VoteContext (VoteContext.java:log(49)) - 2a934876-6cad-418e-9d99-0b91c92fbe5b@group-5A6D2AF928DF-FOLLOWER: accept ELECTION from 84e2f200-b83f-4514-9762-a3bf8832ea50: our priority 0 <= candidate's priority 1
2024-01-30 07:48:48,134 [grpc-default-executor-6] INFO  server.RaftServer$Division (RaftServerImpl.java:setRole(383)) - 2a934876-6cad-418e-9d99-0b91c92fbe5b@group-5A6D2AF928DF: changes role from  FOLLOWER to FOLLOWER at term 1 for candidate:84e2f200-b83f-4514-9762-a3bf8832ea50
2024-01-30 07:48:48,134 [grpc-default-executor-6] INFO  impl.RoleInfo (RoleInfo.java:shutdownFollowerState(110)) - 2a934876-6cad-418e-9d99-0b91c92fbe5b: shutdown 2a934876-6cad-418e-9d99-0b91c92fbe5b@group-5A6D2AF928DF-FollowerState
2024-01-30 07:48:48,134 [grpc-default-executor-7] INFO  server.RaftServer$Division (RaftServerImpl.java:setFirstElection(574)) - 971c1615-1531-4bff-8b79-adf9a27d7f54@group-5A6D2AF928DF: set firstElectionSinceStartup to false for candidate:84e2f200-b83f-4514-9762-a3bf8832ea50
2024-01-30 07:48:48,135 [grpc-default-executor-6] INFO  impl.RoleInfo (RoleInfo.java:updateAndGet(139)) - 2a934876-6cad-418e-9d99-0b91c92fbe5b: start 2a934876-6cad-418e-9d99-0b91c92fbe5b@group-5A6D2AF928DF-FollowerState
2024-01-30 07:48:48,135 [2a934876-6cad-418e-9d99-0b91c92fbe5b@group-5A6D2AF928DF-FollowerState] INFO  impl.FollowerState (FollowerState.java:run(152)) - 2a934876-6cad-418e-9d99-0b91c92fbe5b@group-5A6D2AF928DF-FollowerState was interrupted
2024-01-30 07:48:48,135 [grpc-default-executor-6] INFO  server.RaftServer$Division (RaftServerImpl.java:setFirstElection(574)) - 2a934876-6cad-418e-9d99-0b91c92fbe5b@group-5A6D2AF928DF: set firstElectionSinceStartup to false for candidate:84e2f200-b83f-4514-9762-a3bf8832ea50
2024-01-30 07:48:48,145 [grpc-default-executor-7] INFO  server.RaftServer$Division (RaftServerImpl.java:requestVote(1422)) - 971c1615-1531-4bff-8b79-adf9a27d7f54@group-5A6D2AF928DF replies to ELECTION vote request: 84e2f200-b83f-4514-9762-a3bf8832ea50<-971c1615-1531-4bff-8b79-adf9a27d7f54#0:OK-t1. Peer's state: 971c1615-1531-4bff-8b79-adf9a27d7f54@group-5A6D2AF928DF:t1, leader=null, voted=84e2f200-b83f-4514-9762-a3bf8832ea50, raftlog=Memoized:971c1615-1531-4bff-8b79-adf9a27d7f54@group-5A6D2AF928DF-SegmentedRaftLog:OPENED:c-1, conf=-1: peers:[84e2f200-b83f-4514-9762-a3bf8832ea50|10.1.0.48:15120, 971c1615-1531-4bff-8b79-adf9a27d7f54|10.1.0.48:15129, 2a934876-6cad-418e-9d99-0b91c92fbe5b|10.1.0.48:15111]|listeners:[], old=null
2024-01-30 07:48:48,145 [84e2f200-b83f-4514-9762-a3bf8832ea50@group-5A6D2AF928DF-LeaderElection30] INFO  impl.LeaderElection (LeaderElection.java:logAndReturn(89)) - 84e2f200-b83f-4514-9762-a3bf8832ea50@group-5A6D2AF928DF-LeaderElection30: ELECTION PASSED received 1 response(s) and 0 exception(s):
2024-01-30 07:48:48,145 [84e2f200-b83f-4514-9762-a3bf8832ea50@group-5A6D2AF928DF-LeaderElection30] INFO  impl.LeaderElection (LeaderElection.java:logAndReturn(93)) -   Response 0: 84e2f200-b83f-4514-9762-a3bf8832ea50<-971c1615-1531-4bff-8b79-adf9a27d7f54#0:OK-t1
2024-01-30 07:48:48,145 [84e2f200-b83f-4514-9762-a3bf8832ea50@group-5A6D2AF928DF-LeaderElection30] INFO  impl.LeaderElection (LeaderElection.java:askForVotes(323)) - 84e2f200-b83f-4514-9762-a3bf8832ea50@group-5A6D2AF928DF-LeaderElection30 ELECTION round 0: result PASSED
2024-01-30 07:48:48,145 [84e2f200-b83f-4514-9762-a3bf8832ea50@group-5A6D2AF928DF-LeaderElection30] INFO  impl.RoleInfo (RoleInfo.java:shutdownLeaderElection(130)) - 84e2f200-b83f-4514-9762-a3bf8832ea50: shutdown 84e2f200-b83f-4514-9762-a3bf8832ea50@group-5A6D2AF928DF-LeaderElection30
2024-01-30 07:48:48,145 [84e2f200-b83f-4514-9762-a3bf8832ea50@group-5A6D2AF928DF-LeaderElection30] INFO  server.RaftServer$Division (RaftServerImpl.java:setRole(383)) - 84e2f200-b83f-4514-9762-a3bf8832ea50@group-5A6D2AF928DF: changes role from CANDIDATE to LEADER at term 1 for changeToLeader
2024-01-30 07:48:48,145 [84e2f200-b83f-4514-9762-a3bf8832ea50@group-5A6D2AF928DF-LeaderElection30] INFO  server.RaftServerConfigKeys (ConfUtils.java:logGet(46)) - raft.server.staging.catchup.gap = 1000 (default)
2024-01-30 07:48:48,146 [grpc-default-executor-6] INFO  server.RaftServer$Division (RaftServerImpl.java:requestVote(1422)) - 2a934876-6cad-418e-9d99-0b91c92fbe5b@group-5A6D2AF928DF replies to ELECTION vote request: 84e2f200-b83f-4514-9762-a3bf8832ea50<-2a934876-6cad-418e-9d99-0b91c92fbe5b#0:OK-t1. Peer's state: 2a934876-6cad-418e-9d99-0b91c92fbe5b@group-5A6D2AF928DF:t1, leader=null, voted=84e2f200-b83f-4514-9762-a3bf8832ea50, raftlog=Memoized:2a934876-6cad-418e-9d99-0b91c92fbe5b@group-5A6D2AF928DF-SegmentedRaftLog:OPENED:c-1, conf=-1: peers:[84e2f200-b83f-4514-9762-a3bf8832ea50|10.1.0.48:15120, 971c1615-1531-4bff-8b79-adf9a27d7f54|10.1.0.48:15129, 2a934876-6cad-418e-9d99-0b91c92fbe5b|10.1.0.48:15111]|listeners:[], old=null
2024-01-30 07:48:48,146 [84e2f200-b83f-4514-9762-a3bf8832ea50@group-5A6D2AF928DF-LeaderElection30] INFO  server.RaftServerConfigKeys (ConfUtils.java:logGet(46)) - raft.server.write.element-limit = 1024 (custom)
2024-01-30 07:48:48,146 [84e2f200-b83f-4514-9762-a3bf8832ea50@group-5A6D2AF928DF-LeaderElection30] INFO  server.RaftServerConfigKeys (ConfUtils.java:logGet(46)) - raft.server.write.byte-limit = 1024 M (=1073741824) (custom)
2024-01-30 07:48:48,146 [84e2f200-b83f-4514-9762-a3bf8832ea50@group-5A6D2AF928DF-LeaderElection30] INFO  server.RaftServerConfigKeys (ConfUtils.java:logGet(46)) - raft.server.watch.timeout = 180s (custom)
2024-01-30 07:48:48,146 [84e2f200-b83f-4514-9762-a3bf8832ea50@group-5A6D2AF928DF-LeaderElection30] INFO  server.RaftServerConfigKeys (ConfUtils.java:logGet(46)) - raft.server.watch.timeout.denomination = 1s (default)
2024-01-30 07:48:48,146 [84e2f200-b83f-4514-9762-a3bf8832ea50@group-5A6D2AF928DF-LeaderElection30] INFO  server.RaftServerConfigKeys (ConfUtils.java:logGet(46)) - raft.server.watch.element-limit = 65536 (default)
2024-01-30 07:48:48,146 [84e2f200-b83f-4514-9762-a3bf8832ea50@group-5A6D2AF928DF-LeaderElection30] INFO  server.RaftServerConfigKeys (ConfUtils.java:logGet(46)) - raft.server.read.leader.lease.enabled = false (default)
2024-01-30 07:48:48,146 [84e2f200-b83f-4514-9762-a3bf8832ea50@group-5A6D2AF928DF-LeaderElection30] INFO  server.RaftServerConfigKeys (ConfUtils.java:logGet(46)) - raft.server.read.leader.lease.timeout.ratio = 0.9 (default)
2024-01-30 07:48:48,147 [84e2f200-b83f-4514-9762-a3bf8832ea50@group-5A6D2AF928DF-LeaderElection30] INFO  server.RaftServerConfigKeys (ConfUtils.java:logGet(46)) - raft.server.rpc.timeout.min = 5s (custom)
2024-01-30 07:48:48,147 [84e2f200-b83f-4514-9762-a3bf8832ea50@group-5A6D2AF928DF-LeaderElection30] INFO  server.RaftServerConfigKeys (ConfUtils.java:logGet(46)) - raft.server.write.element-limit = 1024 (custom)
2024-01-30 07:48:48,147 [84e2f200-b83f-4514-9762-a3bf8832ea50@group-5A6D2AF928DF-LeaderElection30] INFO  server.RaftServerConfigKeys (ConfUtils.java:logGet(46)) - raft.server.write.follower.gap.ratio.max = -1.0 (default)
2024-01-30 07:48:48,147 [84e2f200-b83f-4514-9762-a3bf8832ea50@group-5A6D2AF928DF-LeaderElection30] INFO  server.RaftServerConfigKeys (ConfUtils.java:logGet(46)) - raft.server.log.appender.snapshot.chunk.size.max = 16MB (=16777216) (default)
2024-01-30 07:48:48,147 [84e2f200-b83f-4514-9762-a3bf8832ea50@group-5A6D2AF928DF-LeaderElection30] INFO  server.RaftServerConfigKeys (ConfUtils.java:logGet(46)) - raft.server.log.appender.buffer.byte-limit = 8388608 (custom)
2024-01-30 07:48:48,147 [84e2f200-b83f-4514-9762-a3bf8832ea50@group-5A6D2AF928DF-LeaderElection30] INFO  server.RaftServerConfigKeys (ConfUtils.java:logGet(46)) - raft.server.log.appender.buffer.element-limit = 1 (custom)
2024-01-30 07:48:48,147 [84e2f200-b83f-4514-9762-a3bf8832ea50@group-5A6D2AF928DF-LeaderElection30] INFO  server.RaftServerConfigKeys (ConfUtils.java:logGet(46)) - raft.server.log.appender.wait-time.min = 0μs (custom)
2024-01-30 07:48:48,147 [84e2f200-b83f-4514-9762-a3bf8832ea50@group-5A6D2AF928DF-LeaderElection30] INFO  grpc.GrpcConfigKeys (ConfUtils.java:logGet(46)) - raft.grpc.server.leader.outstanding.appends.max = 8 (default)
2024-01-30 07:48:48,148 [84e2f200-b83f-4514-9762-a3bf8832ea50@group-5A6D2AF928DF-LeaderElection30] INFO  server.RaftServerConfigKeys (ConfUtils.java:logGet(46)) - raft.server.rpc.request.timeout = 60s (custom)
2024-01-30 07:48:48,148 [84e2f200-b83f-4514-9762-a3bf8832ea50@group-5A6D2AF928DF-LeaderElection30] INFO  grpc.GrpcConfigKeys (ConfUtils.java:logGet(46)) - raft.grpc.server.install_snapshot.request.element-limit = 8 (default)
2024-01-30 07:48:48,148 [84e2f200-b83f-4514-9762-a3bf8832ea50@group-5A6D2AF928DF-LeaderElection30] INFO  grpc.GrpcConfigKeys (ConfUtils.java:logGet(46)) - raft.grpc.server.install_snapshot.request.timeout = 3000ms (default)
2024-01-30 07:48:48,148 [84e2f200-b83f-4514-9762-a3bf8832ea50@group-5A6D2AF928DF-LeaderElection30] INFO  grpc.GrpcConfigKeys (ConfUtils.java:logGet(46)) - raft.grpc.server.log-message.batch.duration = 5s (default)
2024-01-30 07:48:48,148 [84e2f200-b83f-4514-9762-a3bf8832ea50@group-5A6D2AF928DF-LeaderElection30] INFO  server.RaftServerConfigKeys (ConfUtils.java:logGet(46)) - raft.server.log.appender.install.snapshot.enabled = false (custom)
2024-01-30 07:48:48,148 [84e2f200-b83f-4514-9762-a3bf8832ea50@group-5A6D2AF928DF-LeaderElection30] INFO  grpc.GrpcConfigKeys (ConfUtils.java:logGet(46)) - raft.grpc.server.heartbeat.channel = true (default)
2024-01-30 07:48:48,149 [84e2f200-b83f-4514-9762-a3bf8832ea50@group-5A6D2AF928DF-LeaderElection30] INFO  server.RaftServerConfigKeys (ConfUtils.java:logGet(46)) - raft.server.log.appender.snapshot.chunk.size.max = 16MB (=16777216) (default)
2024-01-30 07:48:48,149 [84e2f200-b83f-4514-9762-a3bf8832ea50@group-5A6D2AF928DF-LeaderElection30] INFO  server.RaftServerConfigKeys (ConfUtils.java:logGet(46)) - raft.server.log.appender.buffer.byte-limit = 8388608 (custom)
2024-01-30 07:48:48,149 [84e2f200-b83f-4514-9762-a3bf8832ea50@group-5A6D2AF928DF-LeaderElection30] INFO  server.RaftServerConfigKeys (ConfUtils.java:logGet(46)) - raft.server.log.appender.buffer.element-limit = 1 (custom)
2024-01-30 07:48:48,149 [84e2f200-b83f-4514-9762-a3bf8832ea50@group-5A6D2AF928DF-LeaderElection30] INFO  server.RaftServerConfigKeys (ConfUtils.java:logGet(46)) - raft.server.log.appender.wait-time.min = 0μs (custom)
2024-01-30 07:48:48,149 [84e2f200-b83f-4514-9762-a3bf8832ea50@group-5A6D2AF928DF-LeaderElection30] INFO  grpc.GrpcConfigKeys (ConfUtils.java:logGet(46)) - raft.grpc.server.leader.outstanding.appends.max = 8 (default)
2024-01-30 07:48:48,149 [84e2f200-b83f-4514-9762-a3bf8832ea50@group-5A6D2AF928DF-LeaderElection30] INFO  server.RaftServerConfigKeys (ConfUtils.java:logGet(46)) - raft.server.rpc.request.timeout = 60s (custom)
2024-01-30 07:48:48,149 [84e2f200-b83f-4514-9762-a3bf8832ea50@group-5A6D2AF928DF-LeaderElection30] INFO  grpc.GrpcConfigKeys (ConfUtils.java:logGet(46)) - raft.grpc.server.install_snapshot.request.element-limit = 8 (default)
2024-01-30 07:48:48,149 [84e2f200-b83f-4514-9762-a3bf8832ea50@group-5A6D2AF928DF-LeaderElection30] INFO  grpc.GrpcConfigKeys (ConfUtils.java:logGet(46)) - raft.grpc.server.install_snapshot.request.timeout = 3000ms (default)
2024-01-30 07:48:48,149 [84e2f200-b83f-4514-9762-a3bf8832ea50@group-5A6D2AF928DF-LeaderElection30] INFO  grpc.GrpcConfigKeys (ConfUtils.java:logGet(46)) - raft.grpc.server.log-message.batch.duration = 5s (default)
2024-01-30 07:48:48,149 [84e2f200-b83f-4514-9762-a3bf8832ea50@group-5A6D2AF928DF-LeaderElection30] INFO  server.RaftServerConfigKeys (ConfUtils.java:logGet(46)) - raft.server.log.appender.install.snapshot.enabled = false (custom)
2024-01-30 07:48:48,149 [84e2f200-b83f-4514-9762-a3bf8832ea50@group-5A6D2AF928DF-LeaderElection30] INFO  grpc.GrpcConfigKeys (ConfUtils.java:logGet(46)) - raft.grpc.server.heartbeat.channel = true (default)
2024-01-30 07:48:48,149 [84e2f200-b83f-4514-9762-a3bf8832ea50@group-5A6D2AF928DF-LeaderElection30] INFO  impl.RoleInfo (RoleInfo.java:updateAndGet(139)) - 84e2f200-b83f-4514-9762-a3bf8832ea50: start 84e2f200-b83f-4514-9762-a3bf8832ea50@group-5A6D2AF928DF-LeaderStateImpl
2024-01-30 07:48:48,149 [84e2f200-b83f-4514-9762-a3bf8832ea50@group-5A6D2AF928DF-LeaderElection30] INFO  server.RaftServer$Division (RaftServerImpl.java:setFirstElection(574)) - 84e2f200-b83f-4514-9762-a3bf8832ea50@group-5A6D2AF928DF: set firstElectionSinceStartup to false for becomeLeader
2024-01-30 07:48:48,150 [84e2f200-b83f-4514-9762-a3bf8832ea50@group-5A6D2AF928DF-LeaderElection30] INFO  ratis.XceiverServerRatis (XceiverServerRatis.java:handleLeaderChangedNotification(966)) - Leader change notification received for group: group-5A6D2AF928DF with new leaderId: 84e2f200-b83f-4514-9762-a3bf8832ea50
2024-01-30 07:48:48,150 [84e2f200-b83f-4514-9762-a3bf8832ea50@group-5A6D2AF928DF-LeaderElection30] INFO  server.RaftServer$Division (ServerState.java:setLeader(269)) - 84e2f200-b83f-4514-9762-a3bf8832ea50@group-5A6D2AF928DF: change Leader from null to 84e2f200-b83f-4514-9762-a3bf8832ea50 at term 1 for becomeLeader, leader elected after 5051ms
2024-01-30 07:48:48,150 [84e2f200-b83f-4514-9762-a3bf8832ea50@group-5A6D2AF928DF-LeaderElection30] INFO  segmented.SegmentedRaftLogWorker (SegmentedRaftLogWorker.java:startLogSegment(430)) - 84e2f200-b83f-4514-9762-a3bf8832ea50@group-5A6D2AF928DF-SegmentedRaftLogWorker: Starting segment from index:0
2024-01-30 07:48:48,151 [84e2f200-b83f-4514-9762-a3bf8832ea50@group-5A6D2AF928DF-LeaderElection30] INFO  server.RaftServer$Division (ServerState.java:setRaftConf(386)) - 84e2f200-b83f-4514-9762-a3bf8832ea50@group-5A6D2AF928DF: set configuration 0: peers:[84e2f200-b83f-4514-9762-a3bf8832ea50|10.1.0.48:15120, 971c1615-1531-4bff-8b79-adf9a27d7f54|10.1.0.48:15129, 2a934876-6cad-418e-9d99-0b91c92fbe5b|10.1.0.48:15111]|listeners:[], old=null
2024-01-30 07:48:48,151 [84e2f200-b83f-4514-9762-a3bf8832ea50@group-5A6D2AF928DF-SegmentedRaftLogWorker] INFO  segmented.BufferedWriteChannel (BufferedWriteChannel.java:open(62)) - open log_inprogress_0 at position 0
2024-01-30 07:48:48,152 [EventQueue-PipelineReportForPipelineReportHandler] INFO  pipeline.PipelineReportHandler (PipelineReportHandler.java:processPipelineReport(136)) - Opened pipeline PipelineID=bdd74d04-67ca-4fcb-a313-5a6d2af928df
2024-01-30 07:48:48,157 [2a934876-6cad-418e-9d99-0b91c92fbe5b-server-thread1] INFO  ratis.XceiverServerRatis (XceiverServerRatis.java:handleLeaderChangedNotification(966)) - Leader change notification received for group: group-5A6D2AF928DF with new leaderId: 84e2f200-b83f-4514-9762-a3bf8832ea50
2024-01-30 07:48:48,157 [2a934876-6cad-418e-9d99-0b91c92fbe5b-server-thread1] INFO  server.RaftServer$Division (ServerState.java:setLeader(269)) - 2a934876-6cad-418e-9d99-0b91c92fbe5b@group-5A6D2AF928DF: change Leader from null to 84e2f200-b83f-4514-9762-a3bf8832ea50 at term 1 for appendEntries, leader elected after 5032ms
2024-01-30 07:48:48,159 [84e2f200-b83f-4514-9762-a3bf8832ea50@group-5A6D2AF928DF-SegmentedRaftLogWorker] INFO  segmented.SegmentedRaftLogWorker (SegmentedRaftLogWorker.java:execute(634)) - 84e2f200-b83f-4514-9762-a3bf8832ea50@group-5A6D2AF928DF-SegmentedRaftLogWorker: created new log segment /home/runner/work/ozone/ozone/hadoop-ozone/integration-test/target/test-dir/MiniOzoneClusterImpl-22134a4f-1b78-467c-b266-ccfd401dbc1a/datanode-1/data/ratis/bdd74d04-67ca-4fcb-a313-5a6d2af928df/current/log_inprogress_0
2024-01-30 07:48:48,159 [2a934876-6cad-418e-9d99-0b91c92fbe5b-server-thread1] INFO  server.RaftServer$Division (ServerState.java:setRaftConf(386)) - 2a934876-6cad-418e-9d99-0b91c92fbe5b@group-5A6D2AF928DF: set configuration 0: peers:[84e2f200-b83f-4514-9762-a3bf8832ea50|10.1.0.48:15120, 971c1615-1531-4bff-8b79-adf9a27d7f54|10.1.0.48:15129, 2a934876-6cad-418e-9d99-0b91c92fbe5b|10.1.0.48:15111]|listeners:[], old=null
2024-01-30 07:48:48,159 [2a934876-6cad-418e-9d99-0b91c92fbe5b-server-thread1] INFO  segmented.SegmentedRaftLogWorker (SegmentedRaftLogWorker.java:startLogSegment(430)) - 2a934876-6cad-418e-9d99-0b91c92fbe5b@group-5A6D2AF928DF-SegmentedRaftLogWorker: Starting segment from index:0
2024-01-30 07:48:48,159 [2a934876-6cad-418e-9d99-0b91c92fbe5b@group-5A6D2AF928DF-SegmentedRaftLogWorker] INFO  segmented.BufferedWriteChannel (BufferedWriteChannel.java:open(62)) - open log_inprogress_0 at position 0
2024-01-30 07:48:48,164 [971c1615-1531-4bff-8b79-adf9a27d7f54-server-thread1] INFO  ratis.XceiverServerRatis (XceiverServerRatis.java:handleLeaderChangedNotification(966)) - Leader change notification received for group: group-5A6D2AF928DF with new leaderId: 84e2f200-b83f-4514-9762-a3bf8832ea50
2024-01-30 07:48:48,164 [971c1615-1531-4bff-8b79-adf9a27d7f54-server-thread1] INFO  server.RaftServer$Division (ServerState.java:setLeader(269)) - 971c1615-1531-4bff-8b79-adf9a27d7f54@group-5A6D2AF928DF: change Leader from null to 84e2f200-b83f-4514-9762-a3bf8832ea50 at term 1 for appendEntries, leader elected after 5086ms
2024-01-30 07:48:48,167 [971c1615-1531-4bff-8b79-adf9a27d7f54-server-thread2] INFO  server.RaftServer$Division (ServerState.java:setRaftConf(386)) - 971c1615-1531-4bff-8b79-adf9a27d7f54@group-5A6D2AF928DF: set configuration 0: peers:[84e2f200-b83f-4514-9762-a3bf8832ea50|10.1.0.48:15120, 971c1615-1531-4bff-8b79-adf9a27d7f54|10.1.0.48:15129, 2a934876-6cad-418e-9d99-0b91c92fbe5b|10.1.0.48:15111]|listeners:[], old=null
2024-01-30 07:48:48,167 [971c1615-1531-4bff-8b79-adf9a27d7f54-server-thread2] INFO  segmented.SegmentedRaftLogWorker (SegmentedRaftLogWorker.java:startLogSegment(430)) - 971c1615-1531-4bff-8b79-adf9a27d7f54@group-5A6D2AF928DF-SegmentedRaftLogWorker: Starting segment from index:0
2024-01-30 07:48:48,167 [2a934876-6cad-418e-9d99-0b91c92fbe5b@group-5A6D2AF928DF-SegmentedRaftLogWorker] INFO  segmented.SegmentedRaftLogWorker (SegmentedRaftLogWorker.java:execute(634)) - 2a934876-6cad-418e-9d99-0b91c92fbe5b@group-5A6D2AF928DF-SegmentedRaftLogWorker: created new log segment /home/runner/work/ozone/ozone/hadoop-ozone/integration-test/target/test-dir/MiniOzoneClusterImpl-22134a4f-1b78-467c-b266-ccfd401dbc1a/datanode-0/data/ratis/bdd74d04-67ca-4fcb-a313-5a6d2af928df/current/log_inprogress_0
2024-01-30 07:48:48,167 [971c1615-1531-4bff-8b79-adf9a27d7f54@group-5A6D2AF928DF-SegmentedRaftLogWorker] INFO  segmented.BufferedWriteChannel (BufferedWriteChannel.java:open(62)) - open log_inprogress_0 at position 0
2024-01-30 07:48:48,175 [84e2f200-b83f-4514-9762-a3bf8832ea50@group-5A6D2AF928DF-StateMachineUpdater] INFO  server.RaftServer$Division (LeaderStateImpl.java:isApplied(320)) - leader is ready since appliedIndex == 0 >= startIndex == 0
2024-01-30 07:48:48,176 [971c1615-1531-4bff-8b79-adf9a27d7f54@group-5A6D2AF928DF-SegmentedRaftLogWorker] INFO  segmented.SegmentedRaftLogWorker (SegmentedRaftLogWorker.java:execute(634)) - 971c1615-1531-4bff-8b79-adf9a27d7f54@group-5A6D2AF928DF-SegmentedRaftLogWorker: created new log segment /home/runner/work/ozone/ozone/hadoop-ozone/integration-test/target/test-dir/MiniOzoneClusterImpl-22134a4f-1b78-467c-b266-ccfd401dbc1a/datanode-2/data/ratis/bdd74d04-67ca-4fcb-a313-5a6d2af928df/current/log_inprogress_0
2024-01-30 07:48:48,221 [971c1615-1531-4bff-8b79-adf9a27d7f54@group-AA3E182905E7-FollowerState] INFO  impl.FollowerState (FollowerState.java:run(143)) - 971c1615-1531-4bff-8b79-adf9a27d7f54@group-AA3E182905E7-FollowerState: change to CANDIDATE, lastRpcElapsedTime:5065496157ns, electionTimeout:5065ms
2024-01-30 07:48:48,221 [971c1615-1531-4bff-8b79-adf9a27d7f54@group-AA3E182905E7-FollowerState] INFO  impl.RoleInfo (RoleInfo.java:shutdownFollowerState(110)) - 971c1615-1531-4bff-8b79-adf9a27d7f54: shutdown 971c1615-1531-4bff-8b79-adf9a27d7f54@group-AA3E182905E7-FollowerState
2024-01-30 07:48:48,221 [971c1615-1531-4bff-8b79-adf9a27d7f54@group-AA3E182905E7-FollowerState] INFO  server.RaftServer$Division (RaftServerImpl.java:setRole(383)) - 971c1615-1531-4bff-8b79-adf9a27d7f54@group-AA3E182905E7: changes role from  FOLLOWER to CANDIDATE at term 0 for changeToCandidate
2024-01-30 07:48:48,221 [971c1615-1531-4bff-8b79-adf9a27d7f54@group-AA3E182905E7-FollowerState] INFO  server.RaftServerConfigKeys (ConfUtils.java:logGet(46)) - raft.server.leaderelection.pre-vote = true (default)
2024-01-30 07:48:48,221 [971c1615-1531-4bff-8b79-adf9a27d7f54@group-AA3E182905E7-FollowerState] INFO  impl.RoleInfo (RoleInfo.java:updateAndGet(139)) - 971c1615-1531-4bff-8b79-adf9a27d7f54: start 971c1615-1531-4bff-8b79-adf9a27d7f54@group-AA3E182905E7-LeaderElection31
2024-01-30 07:48:48,222 [971c1615-1531-4bff-8b79-adf9a27d7f54@group-AA3E182905E7-LeaderElection31] INFO  impl.LeaderElection (LeaderElection.java:askForVotes(321)) - 971c1615-1531-4bff-8b79-adf9a27d7f54@group-AA3E182905E7-LeaderElection31 PRE_VOTE round 0: submit vote requests at term 0 for -1: peers:[84e2f200-b83f-4514-9762-a3bf8832ea50|10.1.0.48:15120, 971c1615-1531-4bff-8b79-adf9a27d7f54|10.1.0.48:15129, 33e454d1-da2d-4d19-a678-883106399134|10.1.0.48:15138]|listeners:[], old=null
2024-01-30 07:48:48,222 [84e2f200-b83f-4514-9762-a3bf8832ea50@group-AA3E182905E7-FollowerState] INFO  impl.FollowerState (FollowerState.java:run(143)) - 84e2f200-b83f-4514-9762-a3bf8832ea50@group-AA3E182905E7-FollowerState: change to CANDIDATE, lastRpcElapsedTime:5045471011ns, electionTimeout:5042ms
2024-01-30 07:48:48,222 [84e2f200-b83f-4514-9762-a3bf8832ea50@group-AA3E182905E7-FollowerState] INFO  impl.RoleInfo (RoleInfo.java:shutdownFollowerState(110)) - 84e2f200-b83f-4514-9762-a3bf8832ea50: shutdown 84e2f200-b83f-4514-9762-a3bf8832ea50@group-AA3E182905E7-FollowerState
2024-01-30 07:48:48,222 [84e2f200-b83f-4514-9762-a3bf8832ea50@group-AA3E182905E7-FollowerState] INFO  server.RaftServer$Division (RaftServerImpl.java:setRole(383)) - 84e2f200-b83f-4514-9762-a3bf8832ea50@group-AA3E182905E7: changes role from  FOLLOWER to CANDIDATE at term 0 for changeToCandidate
2024-01-30 07:48:48,222 [971c1615-1531-4bff-8b79-adf9a27d7f54@group-AA3E182905E7-LeaderElection31] INFO  server.RaftServerConfigKeys (ConfUtils.java:logFallback(53)) - raft.server.rpc.first-election.timeout.min = 5s (fallback to raft.server.rpc.timeout.min)
2024-01-30 07:48:48,222 [971c1615-1531-4bff-8b79-adf9a27d7f54@group-AA3E182905E7-LeaderElection31] INFO  server.RaftServerConfigKeys (ConfUtils.java:logFallback(53)) - raft.server.rpc.first-election.timeout.max = 5200ms (fallback to raft.server.rpc.timeout.max)
2024-01-30 07:48:48,222 [971c1615-1531-4bff-8b79-adf9a27d7f54@group-AA3E182905E7-LeaderElection31-2] INFO  server.GrpcServerProtocolClient (GrpcServerProtocolClient.java:<init>(65)) - Build channel for 33e454d1-da2d-4d19-a678-883106399134|10.1.0.48:15138
2024-01-30 07:48:48,222 [84e2f200-b83f-4514-9762-a3bf8832ea50@group-AA3E182905E7-FollowerState] INFO  server.RaftServerConfigKeys (ConfUtils.java:logGet(46)) - raft.server.leaderelection.pre-vote = true (default)
2024-01-30 07:48:48,223 [84e2f200-b83f-4514-9762-a3bf8832ea50@group-AA3E182905E7-FollowerState] INFO  impl.RoleInfo (RoleInfo.java:updateAndGet(139)) - 84e2f200-b83f-4514-9762-a3bf8832ea50: start 84e2f200-b83f-4514-9762-a3bf8832ea50@group-AA3E182905E7-LeaderElection32
2024-01-30 07:48:48,223 [grpc-default-executor-7] INFO  server.RaftServer$Division (RaftServerImpl.java:requestVote(1389)) - 84e2f200-b83f-4514-9762-a3bf8832ea50@group-AA3E182905E7: receive requestVote(PRE_VOTE, 971c1615-1531-4bff-8b79-adf9a27d7f54, group-AA3E182905E7, 0, (t:0, i:0))
2024-01-30 07:48:48,224 [grpc-default-executor-7] INFO  impl.VoteContext (VoteContext.java:log(49)) - 84e2f200-b83f-4514-9762-a3bf8832ea50@group-AA3E182905E7-CANDIDATE: accept PRE_VOTE from 971c1615-1531-4bff-8b79-adf9a27d7f54: our priority 0 <= candidate's priority 0
2024-01-30 07:48:48,224 [grpc-default-executor-7] INFO  server.RaftServer$Division (RaftServerImpl.java:requestVote(1422)) - 84e2f200-b83f-4514-9762-a3bf8832ea50@group-AA3E182905E7 replies to PRE_VOTE vote request: 971c1615-1531-4bff-8b79-adf9a27d7f54<-84e2f200-b83f-4514-9762-a3bf8832ea50#0:OK-t0. Peer's state: 84e2f200-b83f-4514-9762-a3bf8832ea50@group-AA3E182905E7:t0, leader=null, voted=, raftlog=Memoized:84e2f200-b83f-4514-9762-a3bf8832ea50@group-AA3E182905E7-SegmentedRaftLog:OPENED:c-1, conf=-1: peers:[84e2f200-b83f-4514-9762-a3bf8832ea50|10.1.0.48:15120, 971c1615-1531-4bff-8b79-adf9a27d7f54|10.1.0.48:15129, 33e454d1-da2d-4d19-a678-883106399134|10.1.0.48:15138]|listeners:[], old=null
2024-01-30 07:48:48,224 [84e2f200-b83f-4514-9762-a3bf8832ea50@group-AA3E182905E7-LeaderElection32] INFO  impl.LeaderElection (LeaderElection.java:askForVotes(321)) - 84e2f200-b83f-4514-9762-a3bf8832ea50@group-AA3E182905E7-LeaderElection32 PRE_VOTE round 0: submit vote requests at term 0 for -1: peers:[84e2f200-b83f-4514-9762-a3bf8832ea50|10.1.0.48:15120, 971c1615-1531-4bff-8b79-adf9a27d7f54|10.1.0.48:15129, 33e454d1-da2d-4d19-a678-883106399134|10.1.0.48:15138]|listeners:[], old=null
2024-01-30 07:48:48,225 [84e2f200-b83f-4514-9762-a3bf8832ea50@group-AA3E182905E7-LeaderElection32] INFO  server.RaftServerConfigKeys (ConfUtils.java:logFallback(53)) - raft.server.rpc.first-election.timeout.min = 5s (fallback to raft.server.rpc.timeout.min)
2024-01-30 07:48:48,225 [84e2f200-b83f-4514-9762-a3bf8832ea50@group-AA3E182905E7-LeaderElection32] INFO  server.RaftServerConfigKeys (ConfUtils.java:logFallback(53)) - raft.server.rpc.first-election.timeout.max = 5200ms (fallback to raft.server.rpc.timeout.max)
2024-01-30 07:48:48,225 [grpc-default-executor-7] INFO  server.RaftServer$Division (RaftServerImpl.java:requestVote(1389)) - 971c1615-1531-4bff-8b79-adf9a27d7f54@group-AA3E182905E7: receive requestVote(PRE_VOTE, 84e2f200-b83f-4514-9762-a3bf8832ea50, group-AA3E182905E7, 0, (t:0, i:0))
2024-01-30 07:48:48,225 [grpc-default-executor-7] INFO  impl.VoteContext (VoteContext.java:log(49)) - 971c1615-1531-4bff-8b79-adf9a27d7f54@group-AA3E182905E7-CANDIDATE: accept PRE_VOTE from 84e2f200-b83f-4514-9762-a3bf8832ea50: our priority 0 <= candidate's priority 0
2024-01-30 07:48:48,225 [grpc-default-executor-7] INFO  server.RaftServer$Division (RaftServerImpl.java:requestVote(1422)) - 971c1615-1531-4bff-8b79-adf9a27d7f54@group-AA3E182905E7 replies to PRE_VOTE vote request: 84e2f200-b83f-4514-9762-a3bf8832ea50<-971c1615-1531-4bff-8b79-adf9a27d7f54#0:OK-t0. Peer's state: 971c1615-1531-4bff-8b79-adf9a27d7f54@group-AA3E182905E7:t0, leader=null, voted=, raftlog=Memoized:971c1615-1531-4bff-8b79-adf9a27d7f54@group-AA3E182905E7-SegmentedRaftLog:OPENED:c-1, conf=-1: peers:[84e2f200-b83f-4514-9762-a3bf8832ea50|10.1.0.48:15120, 971c1615-1531-4bff-8b79-adf9a27d7f54|10.1.0.48:15129, 33e454d1-da2d-4d19-a678-883106399134|10.1.0.48:15138]|listeners:[], old=null
2024-01-30 07:48:48,226 [84e2f200-b83f-4514-9762-a3bf8832ea50@group-AA3E182905E7-LeaderElection32-2] INFO  server.GrpcServerProtocolClient (GrpcServerProtocolClient.java:<init>(65)) - Build channel for 33e454d1-da2d-4d19-a678-883106399134|10.1.0.48:15138
2024-01-30 07:48:48,228 [grpc-default-executor-7] INFO  server.RaftServer$Division (RaftServerImpl.java:requestVote(1389)) - 33e454d1-da2d-4d19-a678-883106399134@group-AA3E182905E7: receive requestVote(PRE_VOTE, 84e2f200-b83f-4514-9762-a3bf8832ea50, group-AA3E182905E7, 0, (t:0, i:0))
2024-01-30 07:48:48,228 [grpc-default-executor-7] INFO  impl.VoteContext (VoteContext.java:log(49)) - 33e454d1-da2d-4d19-a678-883106399134@group-AA3E182905E7-FOLLOWER: reject PRE_VOTE from 84e2f200-b83f-4514-9762-a3bf8832ea50: our priority 1 > candidate's priority 0
2024-01-30 07:48:48,228 [grpc-default-executor-7] INFO  server.RaftServer$Division (RaftServerImpl.java:requestVote(1422)) - 33e454d1-da2d-4d19-a678-883106399134@group-AA3E182905E7 replies to PRE_VOTE vote request: 84e2f200-b83f-4514-9762-a3bf8832ea50<-33e454d1-da2d-4d19-a678-883106399134#0:FAIL-t0. Peer's state: 33e454d1-da2d-4d19-a678-883106399134@group-AA3E182905E7:t0, leader=null, voted=, raftlog=Memoized:33e454d1-da2d-4d19-a678-883106399134@group-AA3E182905E7-SegmentedRaftLog:OPENED:c-1, conf=-1: peers:[84e2f200-b83f-4514-9762-a3bf8832ea50|10.1.0.48:15120, 971c1615-1531-4bff-8b79-adf9a27d7f54|10.1.0.48:15129, 33e454d1-da2d-4d19-a678-883106399134|10.1.0.48:15138]|listeners:[], old=null
2024-01-30 07:48:48,229 [84e2f200-b83f-4514-9762-a3bf8832ea50@group-AA3E182905E7-LeaderElection32] INFO  impl.LeaderElection (LeaderElection.java:logAndReturn(89)) - 84e2f200-b83f-4514-9762-a3bf8832ea50@group-AA3E182905E7-LeaderElection32: PRE_VOTE REJECTED received 2 response(s) and 0 exception(s):
2024-01-30 07:48:48,229 [84e2f200-b83f-4514-9762-a3bf8832ea50@group-AA3E182905E7-LeaderElection32] INFO  impl.LeaderElection (LeaderElection.java:logAndReturn(93)) -   Response 0: 84e2f200-b83f-4514-9762-a3bf8832ea50<-971c1615-1531-4bff-8b79-adf9a27d7f54#0:OK-t0
2024-01-30 07:48:48,229 [84e2f200-b83f-4514-9762-a3bf8832ea50@group-AA3E182905E7-LeaderElection32] INFO  impl.LeaderElection (LeaderElection.java:logAndReturn(93)) -   Response 1: 84e2f200-b83f-4514-9762-a3bf8832ea50<-33e454d1-da2d-4d19-a678-883106399134#0:FAIL-t0
2024-01-30 07:48:48,229 [84e2f200-b83f-4514-9762-a3bf8832ea50@group-AA3E182905E7-LeaderElection32] INFO  impl.LeaderElection (LeaderElection.java:askForVotes(323)) - 84e2f200-b83f-4514-9762-a3bf8832ea50@group-AA3E182905E7-LeaderElection32 PRE_VOTE round 0: result REJECTED
2024-01-30 07:48:48,229 [84e2f200-b83f-4514-9762-a3bf8832ea50@group-AA3E182905E7-LeaderElection32] INFO  server.RaftServer$Division (RaftServerImpl.java:setRole(383)) - 84e2f200-b83f-4514-9762-a3bf8832ea50@group-AA3E182905E7: changes role from CANDIDATE to FOLLOWER at term 0 for REJECTED
2024-01-30 07:48:48,229 [84e2f200-b83f-4514-9762-a3bf8832ea50@group-AA3E182905E7-LeaderElection32] INFO  impl.RoleInfo (RoleInfo.java:shutdownLeaderElection(130)) - 84e2f200-b83f-4514-9762-a3bf8832ea50: shutdown 84e2f200-b83f-4514-9762-a3bf8832ea50@group-AA3E182905E7-LeaderElection32
2024-01-30 07:48:48,229 [84e2f200-b83f-4514-9762-a3bf8832ea50@group-AA3E182905E7-LeaderElection32] INFO  impl.RoleInfo (RoleInfo.java:updateAndGet(139)) - 84e2f200-b83f-4514-9762-a3bf8832ea50: start 84e2f200-b83f-4514-9762-a3bf8832ea50@group-AA3E182905E7-FollowerState
2024-01-30 07:48:48,229 [grpc-default-executor-7] INFO  server.RaftServer$Division (RaftServerImpl.java:requestVote(1389)) - 33e454d1-da2d-4d19-a678-883106399134@group-AA3E182905E7: receive requestVote(PRE_VOTE, 971c1615-1531-4bff-8b79-adf9a27d7f54, group-AA3E182905E7, 0, (t:0, i:0))
2024-01-30 07:48:48,229 [grpc-default-executor-7] INFO  impl.VoteContext (VoteContext.java:log(49)) - 33e454d1-da2d-4d19-a678-883106399134@group-AA3E182905E7-FOLLOWER: reject PRE_VOTE from 971c1615-1531-4bff-8b79-adf9a27d7f54: our priority 1 > candidate's priority 0
2024-01-30 07:48:48,229 [grpc-default-executor-7] INFO  server.RaftServer$Division (RaftServerImpl.java:requestVote(1422)) - 33e454d1-da2d-4d19-a678-883106399134@group-AA3E182905E7 replies to PRE_VOTE vote request: 971c1615-1531-4bff-8b79-adf9a27d7f54<-33e454d1-da2d-4d19-a678-883106399134#0:FAIL-t0. Peer's state: 33e454d1-da2d-4d19-a678-883106399134@group-AA3E182905E7:t0, leader=null, voted=, raftlog=Memoized:33e454d1-da2d-4d19-a678-883106399134@group-AA3E182905E7-SegmentedRaftLog:OPENED:c-1, conf=-1: peers:[84e2f200-b83f-4514-9762-a3bf8832ea50|10.1.0.48:15120, 971c1615-1531-4bff-8b79-adf9a27d7f54|10.1.0.48:15129, 33e454d1-da2d-4d19-a678-883106399134|10.1.0.48:15138]|listeners:[], old=null
2024-01-30 07:48:48,230 [971c1615-1531-4bff-8b79-adf9a27d7f54@group-AA3E182905E7-LeaderElection31] INFO  impl.LeaderElection (LeaderElection.java:logAndReturn(89)) - 971c1615-1531-4bff-8b79-adf9a27d7f54@group-AA3E182905E7-LeaderElection31: PRE_VOTE REJECTED received 2 response(s) and 0 exception(s):
2024-01-30 07:48:48,230 [971c1615-1531-4bff-8b79-adf9a27d7f54@group-AA3E182905E7-LeaderElection31] INFO  impl.LeaderElection (LeaderElection.java:logAndReturn(93)) -   Response 0: 971c1615-1531-4bff-8b79-adf9a27d7f54<-84e2f200-b83f-4514-9762-a3bf8832ea50#0:OK-t0
2024-01-30 07:48:48,230 [971c1615-1531-4bff-8b79-adf9a27d7f54@group-AA3E182905E7-LeaderElection31] INFO  impl.LeaderElection (LeaderElection.java:logAndReturn(93)) -   Response 1: 971c1615-1531-4bff-8b79-adf9a27d7f54<-33e454d1-da2d-4d19-a678-883106399134#0:FAIL-t0
2024-01-30 07:48:48,230 [84e2f200-b83f-4514-9762-a3bf8832ea50@group-AA3E182905E7-LeaderElection32] INFO  server.RaftServer$Division (RaftServerImpl.java:setFirstElection(574)) - 84e2f200-b83f-4514-9762-a3bf8832ea50@group-AA3E182905E7: set firstElectionSinceStartup to false for REJECTED
2024-01-30 07:48:48,230 [971c1615-1531-4bff-8b79-adf9a27d7f54@group-AA3E182905E7-LeaderElection31] INFO  impl.LeaderElection (LeaderElection.java:askForVotes(323)) - 971c1615-1531-4bff-8b79-adf9a27d7f54@group-AA3E182905E7-LeaderElection31 PRE_VOTE round 0: result REJECTED
2024-01-30 07:48:48,231 [971c1615-1531-4bff-8b79-adf9a27d7f54@group-AA3E182905E7-LeaderElection31] INFO  server.RaftServer$Division (RaftServerImpl.java:setRole(383)) - 971c1615-1531-4bff-8b79-adf9a27d7f54@group-AA3E182905E7: changes role from CANDIDATE to FOLLOWER at term 0 for REJECTED
2024-01-30 07:48:48,231 [971c1615-1531-4bff-8b79-adf9a27d7f54@group-AA3E182905E7-LeaderElection31] INFO  impl.RoleInfo (RoleInfo.java:shutdownLeaderElection(130)) - 971c1615-1531-4bff-8b79-adf9a27d7f54: shutdown 971c1615-1531-4bff-8b79-adf9a27d7f54@group-AA3E182905E7-LeaderElection31
2024-01-30 07:48:48,231 [971c1615-1531-4bff-8b79-adf9a27d7f54@group-AA3E182905E7-LeaderElection31] INFO  impl.RoleInfo (RoleInfo.java:updateAndGet(139)) - 971c1615-1531-4bff-8b79-adf9a27d7f54: start 971c1615-1531-4bff-8b79-adf9a27d7f54@group-AA3E182905E7-FollowerState
2024-01-30 07:48:48,231 [971c1615-1531-4bff-8b79-adf9a27d7f54@group-AA3E182905E7-LeaderElection31] INFO  server.RaftServer$Division (RaftServerImpl.java:setFirstElection(574)) - 971c1615-1531-4bff-8b79-adf9a27d7f54@group-AA3E182905E7: set firstElectionSinceStartup to false for REJECTED
2024-01-30 07:48:48,354 [33e454d1-da2d-4d19-a678-883106399134@group-AA3E182905E7-FollowerState] INFO  impl.FollowerState (FollowerState.java:run(143)) - 33e454d1-da2d-4d19-a678-883106399134@group-AA3E182905E7-FollowerState: change to CANDIDATE, lastRpcElapsedTime:5157357980ns, electionTimeout:5156ms
2024-01-30 07:48:48,354 [33e454d1-da2d-4d19-a678-883106399134@group-AA3E182905E7-FollowerState] INFO  impl.RoleInfo (RoleInfo.java:shutdownFollowerState(110)) - 33e454d1-da2d-4d19-a678-883106399134: shutdown 33e454d1-da2d-4d19-a678-883106399134@group-AA3E182905E7-FollowerState
2024-01-30 07:48:48,354 [33e454d1-da2d-4d19-a678-883106399134@group-AA3E182905E7-FollowerState] INFO  server.RaftServer$Division (RaftServerImpl.java:setRole(383)) - 33e454d1-da2d-4d19-a678-883106399134@group-AA3E182905E7: changes role from  FOLLOWER to CANDIDATE at term 0 for changeToCandidate
2024-01-30 07:48:48,354 [33e454d1-da2d-4d19-a678-883106399134@group-AA3E182905E7-FollowerState] INFO  server.RaftServerConfigKeys (ConfUtils.java:logGet(46)) - raft.server.leaderelection.pre-vote = true (default)
2024-01-30 07:48:48,354 [33e454d1-da2d-4d19-a678-883106399134@group-AA3E182905E7-FollowerState] INFO  impl.RoleInfo (RoleInfo.java:updateAndGet(139)) - 33e454d1-da2d-4d19-a678-883106399134: start 33e454d1-da2d-4d19-a678-883106399134@group-AA3E182905E7-LeaderElection33
2024-01-30 07:48:48,355 [33e454d1-da2d-4d19-a678-883106399134@group-AA3E182905E7-LeaderElection33] INFO  impl.LeaderElection (LeaderElection.java:askForVotes(321)) - 33e454d1-da2d-4d19-a678-883106399134@group-AA3E182905E7-LeaderElection33 PRE_VOTE round 0: submit vote requests at term 0 for -1: peers:[84e2f200-b83f-4514-9762-a3bf8832ea50|10.1.0.48:15120, 971c1615-1531-4bff-8b79-adf9a27d7f54|10.1.0.48:15129, 33e454d1-da2d-4d19-a678-883106399134|10.1.0.48:15138]|listeners:[], old=null
2024-01-30 07:48:48,355 [33e454d1-da2d-4d19-a678-883106399134@group-AA3E182905E7-LeaderElection33-1] INFO  server.GrpcServerProtocolClient (GrpcServerProtocolClient.java:<init>(65)) - Build channel for 84e2f200-b83f-4514-9762-a3bf8832ea50|10.1.0.48:15120
2024-01-30 07:48:48,355 [33e454d1-da2d-4d19-a678-883106399134@group-AA3E182905E7-LeaderElection33] INFO  server.RaftServerConfigKeys (ConfUtils.java:logFallback(53)) - raft.server.rpc.first-election.timeout.min = 5s (fallback to raft.server.rpc.timeout.min)
2024-01-30 07:48:48,356 [33e454d1-da2d-4d19-a678-883106399134@group-AA3E182905E7-LeaderElection33] INFO  server.RaftServerConfigKeys (ConfUtils.java:logFallback(53)) - raft.server.rpc.first-election.timeout.max = 5200ms (fallback to raft.server.rpc.timeout.max)
2024-01-30 07:48:48,356 [33e454d1-da2d-4d19-a678-883106399134@group-AA3E182905E7-LeaderElection33-2] INFO  server.GrpcServerProtocolClient (GrpcServerProtocolClient.java:<init>(65)) - Build channel for 971c1615-1531-4bff-8b79-adf9a27d7f54|10.1.0.48:15129
2024-01-30 07:48:48,359 [grpc-default-executor-6] INFO  server.RaftServer$Division (RaftServerImpl.java:requestVote(1389)) - 971c1615-1531-4bff-8b79-adf9a27d7f54@group-AA3E182905E7: receive requestVote(PRE_VOTE, 33e454d1-da2d-4d19-a678-883106399134, group-AA3E182905E7, 0, (t:0, i:0))
2024-01-30 07:48:48,359 [grpc-default-executor-7] INFO  server.RaftServer$Division (RaftServerImpl.java:requestVote(1389)) - 84e2f200-b83f-4514-9762-a3bf8832ea50@group-AA3E182905E7: receive requestVote(PRE_VOTE, 33e454d1-da2d-4d19-a678-883106399134, group-AA3E182905E7, 0, (t:0, i:0))
2024-01-30 07:48:48,359 [grpc-default-executor-6] INFO  impl.VoteContext (VoteContext.java:log(49)) - 971c1615-1531-4bff-8b79-adf9a27d7f54@group-AA3E182905E7-FOLLOWER: accept PRE_VOTE from 33e454d1-da2d-4d19-a678-883106399134: our priority 0 <= candidate's priority 1
2024-01-30 07:48:48,359 [grpc-default-executor-7] INFO  impl.VoteContext (VoteContext.java:log(49)) - 84e2f200-b83f-4514-9762-a3bf8832ea50@group-AA3E182905E7-FOLLOWER: accept PRE_VOTE from 33e454d1-da2d-4d19-a678-883106399134: our priority 0 <= candidate's priority 1
2024-01-30 07:48:48,359 [grpc-default-executor-6] INFO  server.RaftServer$Division (RaftServerImpl.java:requestVote(1422)) - 971c1615-1531-4bff-8b79-adf9a27d7f54@group-AA3E182905E7 replies to PRE_VOTE vote request: 33e454d1-da2d-4d19-a678-883106399134<-971c1615-1531-4bff-8b79-adf9a27d7f54#0:OK-t0. Peer's state: 971c1615-1531-4bff-8b79-adf9a27d7f54@group-AA3E182905E7:t0, leader=null, voted=, raftlog=Memoized:971c1615-1531-4bff-8b79-adf9a27d7f54@group-AA3E182905E7-SegmentedRaftLog:OPENED:c-1, conf=-1: peers:[84e2f200-b83f-4514-9762-a3bf8832ea50|10.1.0.48:15120, 971c1615-1531-4bff-8b79-adf9a27d7f54|10.1.0.48:15129, 33e454d1-da2d-4d19-a678-883106399134|10.1.0.48:15138]|listeners:[], old=null
2024-01-30 07:48:48,359 [grpc-default-executor-7] INFO  server.RaftServer$Division (RaftServerImpl.java:requestVote(1422)) - 84e2f200-b83f-4514-9762-a3bf8832ea50@group-AA3E182905E7 replies to PRE_VOTE vote request: 33e454d1-da2d-4d19-a678-883106399134<-84e2f200-b83f-4514-9762-a3bf8832ea50#0:OK-t0. Peer's state: 84e2f200-b83f-4514-9762-a3bf8832ea50@group-AA3E182905E7:t0, leader=null, voted=, raftlog=Memoized:84e2f200-b83f-4514-9762-a3bf8832ea50@group-AA3E182905E7-SegmentedRaftLog:OPENED:c-1, conf=-1: peers:[84e2f200-b83f-4514-9762-a3bf8832ea50|10.1.0.48:15120, 971c1615-1531-4bff-8b79-adf9a27d7f54|10.1.0.48:15129, 33e454d1-da2d-4d19-a678-883106399134|10.1.0.48:15138]|listeners:[], old=null
2024-01-30 07:48:48,360 [33e454d1-da2d-4d19-a678-883106399134@group-AA3E182905E7-LeaderElection33] INFO  impl.LeaderElection (LeaderElection.java:logAndReturn(89)) - 33e454d1-da2d-4d19-a678-883106399134@group-AA3E182905E7-LeaderElection33: PRE_VOTE PASSED received 1 response(s) and 0 exception(s):
2024-01-30 07:48:48,360 [33e454d1-da2d-4d19-a678-883106399134@group-AA3E182905E7-LeaderElection33] INFO  impl.LeaderElection (LeaderElection.java:logAndReturn(93)) -   Response 0: 33e454d1-da2d-4d19-a678-883106399134<-971c1615-1531-4bff-8b79-adf9a27d7f54#0:OK-t0
2024-01-30 07:48:48,360 [33e454d1-da2d-4d19-a678-883106399134@group-AA3E182905E7-LeaderElection33] INFO  impl.LeaderElection (LeaderElection.java:askForVotes(323)) - 33e454d1-da2d-4d19-a678-883106399134@group-AA3E182905E7-LeaderElection33 PRE_VOTE round 0: result PASSED
2024-01-30 07:48:48,361 [33e454d1-da2d-4d19-a678-883106399134@group-AA3E182905E7-LeaderElection33] INFO  impl.LeaderElection (LeaderElection.java:askForVotes(321)) - 33e454d1-da2d-4d19-a678-883106399134@group-AA3E182905E7-LeaderElection33 ELECTION round 0: submit vote requests at term 1 for -1: peers:[84e2f200-b83f-4514-9762-a3bf8832ea50|10.1.0.48:15120, 971c1615-1531-4bff-8b79-adf9a27d7f54|10.1.0.48:15129, 33e454d1-da2d-4d19-a678-883106399134|10.1.0.48:15138]|listeners:[], old=null
2024-01-30 07:48:48,361 [33e454d1-da2d-4d19-a678-883106399134@group-AA3E182905E7-LeaderElection33] INFO  server.RaftServerConfigKeys (ConfUtils.java:logFallback(53)) - raft.server.rpc.first-election.timeout.min = 5s (fallback to raft.server.rpc.timeout.min)
2024-01-30 07:48:48,362 [33e454d1-da2d-4d19-a678-883106399134@group-AA3E182905E7-LeaderElection33] INFO  server.RaftServerConfigKeys (ConfUtils.java:logFallback(53)) - raft.server.rpc.first-election.timeout.max = 5200ms (fallback to raft.server.rpc.timeout.max)
2024-01-30 07:48:48,362 [grpc-default-executor-7] INFO  server.RaftServer$Division (RaftServerImpl.java:requestVote(1389)) - 84e2f200-b83f-4514-9762-a3bf8832ea50@group-AA3E182905E7: receive requestVote(ELECTION, 33e454d1-da2d-4d19-a678-883106399134, group-AA3E182905E7, 1, (t:0, i:0))
2024-01-30 07:48:48,362 [grpc-default-executor-7] INFO  impl.VoteContext (VoteContext.java:log(49)) - 84e2f200-b83f-4514-9762-a3bf8832ea50@group-AA3E182905E7-FOLLOWER: accept ELECTION from 33e454d1-da2d-4d19-a678-883106399134: our priority 0 <= candidate's priority 1
2024-01-30 07:48:48,362 [grpc-default-executor-7] INFO  server.RaftServer$Division (RaftServerImpl.java:setRole(383)) - 84e2f200-b83f-4514-9762-a3bf8832ea50@group-AA3E182905E7: changes role from  FOLLOWER to FOLLOWER at term 1 for candidate:33e454d1-da2d-4d19-a678-883106399134
2024-01-30 07:48:48,362 [grpc-default-executor-7] INFO  impl.RoleInfo (RoleInfo.java:shutdownFollowerState(110)) - 84e2f200-b83f-4514-9762-a3bf8832ea50: shutdown 84e2f200-b83f-4514-9762-a3bf8832ea50@group-AA3E182905E7-FollowerState
2024-01-30 07:48:48,362 [grpc-default-executor-7] INFO  impl.RoleInfo (RoleInfo.java:updateAndGet(139)) - 84e2f200-b83f-4514-9762-a3bf8832ea50: start 84e2f200-b83f-4514-9762-a3bf8832ea50@group-AA3E182905E7-FollowerState
2024-01-30 07:48:48,362 [84e2f200-b83f-4514-9762-a3bf8832ea50@group-AA3E182905E7-FollowerState] INFO  impl.FollowerState (FollowerState.java:run(152)) - 84e2f200-b83f-4514-9762-a3bf8832ea50@group-AA3E182905E7-FollowerState was interrupted
2024-01-30 07:48:48,363 [grpc-default-executor-6] INFO  server.RaftServer$Division (RaftServerImpl.java:requestVote(1389)) - 971c1615-1531-4bff-8b79-adf9a27d7f54@group-AA3E182905E7: receive requestVote(ELECTION, 33e454d1-da2d-4d19-a678-883106399134, group-AA3E182905E7, 1, (t:0, i:0))
2024-01-30 07:48:48,363 [grpc-default-executor-6] INFO  impl.VoteContext (VoteContext.java:log(49)) - 971c1615-1531-4bff-8b79-adf9a27d7f54@group-AA3E182905E7-FOLLOWER: accept ELECTION from 33e454d1-da2d-4d19-a678-883106399134: our priority 0 <= candidate's priority 1
2024-01-30 07:48:48,363 [grpc-default-executor-6] INFO  server.RaftServer$Division (RaftServerImpl.java:setRole(383)) - 971c1615-1531-4bff-8b79-adf9a27d7f54@group-AA3E182905E7: changes role from  FOLLOWER to FOLLOWER at term 1 for candidate:33e454d1-da2d-4d19-a678-883106399134
2024-01-30 07:48:48,363 [grpc-default-executor-6] INFO  impl.RoleInfo (RoleInfo.java:shutdownFollowerState(110)) - 971c1615-1531-4bff-8b79-adf9a27d7f54: shutdown 971c1615-1531-4bff-8b79-adf9a27d7f54@group-AA3E182905E7-FollowerState
2024-01-30 07:48:48,364 [grpc-default-executor-6] INFO  impl.RoleInfo (RoleInfo.java:updateAndGet(139)) - 971c1615-1531-4bff-8b79-adf9a27d7f54: start 971c1615-1531-4bff-8b79-adf9a27d7f54@group-AA3E182905E7-FollowerState
2024-01-30 07:48:48,364 [grpc-default-executor-7] INFO  server.RaftServer$Division (RaftServerImpl.java:requestVote(1422)) - 84e2f200-b83f-4514-9762-a3bf8832ea50@group-AA3E182905E7 replies to ELECTION vote request: 33e454d1-da2d-4d19-a678-883106399134<-84e2f200-b83f-4514-9762-a3bf8832ea50#0:OK-t1. Peer's state: 84e2f200-b83f-4514-9762-a3bf8832ea50@group-AA3E182905E7:t1, leader=null, voted=33e454d1-da2d-4d19-a678-883106399134, raftlog=Memoized:84e2f200-b83f-4514-9762-a3bf8832ea50@group-AA3E182905E7-SegmentedRaftLog:OPENED:c-1, conf=-1: peers:[84e2f200-b83f-4514-9762-a3bf8832ea50|10.1.0.48:15120, 971c1615-1531-4bff-8b79-adf9a27d7f54|10.1.0.48:15129, 33e454d1-da2d-4d19-a678-883106399134|10.1.0.48:15138]|listeners:[], old=null
2024-01-30 07:48:48,365 [33e454d1-da2d-4d19-a678-883106399134@group-AA3E182905E7-LeaderElection33] INFO  impl.LeaderElection (LeaderElection.java:logAndReturn(89)) - 33e454d1-da2d-4d19-a678-883106399134@group-AA3E182905E7-LeaderElection33: ELECTION PASSED received 1 response(s) and 0 exception(s):
2024-01-30 07:48:48,365 [971c1615-1531-4bff-8b79-adf9a27d7f54@group-AA3E182905E7-FollowerState] INFO  impl.FollowerState (FollowerState.java:run(152)) - 971c1615-1531-4bff-8b79-adf9a27d7f54@group-AA3E182905E7-FollowerState was interrupted
2024-01-30 07:48:48,365 [33e454d1-da2d-4d19-a678-883106399134@group-AA3E182905E7-LeaderElection33] INFO  impl.LeaderElection (LeaderElection.java:logAndReturn(93)) -   Response 0: 33e454d1-da2d-4d19-a678-883106399134<-84e2f200-b83f-4514-9762-a3bf8832ea50#0:OK-t1
2024-01-30 07:48:48,367 [33e454d1-da2d-4d19-a678-883106399134@group-AA3E182905E7-LeaderElection33] INFO  impl.LeaderElection (LeaderElection.java:askForVotes(323)) - 33e454d1-da2d-4d19-a678-883106399134@group-AA3E182905E7-LeaderElection33 ELECTION round 0: result PASSED
2024-01-30 07:48:48,367 [grpc-default-executor-6] INFO  server.RaftServer$Division (RaftServerImpl.java:requestVote(1422)) - 971c1615-1531-4bff-8b79-adf9a27d7f54@group-AA3E182905E7 replies to ELECTION vote request: 33e454d1-da2d-4d19-a678-883106399134<-971c1615-1531-4bff-8b79-adf9a27d7f54#0:OK-t1. Peer's state: 971c1615-1531-4bff-8b79-adf9a27d7f54@group-AA3E182905E7:t1, leader=null, voted=33e454d1-da2d-4d19-a678-883106399134, raftlog=Memoized:971c1615-1531-4bff-8b79-adf9a27d7f54@group-AA3E182905E7-SegmentedRaftLog:OPENED:c-1, conf=-1: peers:[84e2f200-b83f-4514-9762-a3bf8832ea50|10.1.0.48:15120, 971c1615-1531-4bff-8b79-adf9a27d7f54|10.1.0.48:15129, 33e454d1-da2d-4d19-a678-883106399134|10.1.0.48:15138]|listeners:[], old=null
2024-01-30 07:48:48,367 [33e454d1-da2d-4d19-a678-883106399134@group-AA3E182905E7-LeaderElection33] INFO  impl.RoleInfo (RoleInfo.java:shutdownLeaderElection(130)) - 33e454d1-da2d-4d19-a678-883106399134: shutdown 33e454d1-da2d-4d19-a678-883106399134@group-AA3E182905E7-LeaderElection33
2024-01-30 07:48:48,367 [33e454d1-da2d-4d19-a678-883106399134@group-AA3E182905E7-LeaderElection33] INFO  server.RaftServer$Division (RaftServerImpl.java:setRole(383)) - 33e454d1-da2d-4d19-a678-883106399134@group-AA3E182905E7: changes role from CANDIDATE to LEADER at term 1 for changeToLeader
2024-01-30 07:48:48,367 [33e454d1-da2d-4d19-a678-883106399134@group-AA3E182905E7-LeaderElection33] INFO  server.RaftServerConfigKeys (ConfUtils.java:logGet(46)) - raft.server.staging.catchup.gap = 1000 (default)
2024-01-30 07:48:48,367 [33e454d1-da2d-4d19-a678-883106399134@group-AA3E182905E7-LeaderElection33] INFO  server.RaftServerConfigKeys (ConfUtils.java:logGet(46)) - raft.server.write.element-limit = 1024 (custom)
2024-01-30 07:48:48,367 [33e454d1-da2d-4d19-a678-883106399134@group-AA3E182905E7-LeaderElection33] INFO  server.RaftServerConfigKeys (ConfUtils.java:logGet(46)) - raft.server.write.byte-limit = 1024 M (=1073741824) (custom)
2024-01-30 07:48:48,368 [33e454d1-da2d-4d19-a678-883106399134@group-AA3E182905E7-LeaderElection33] INFO  server.RaftServerConfigKeys (ConfUtils.java:logGet(46)) - raft.server.watch.timeout = 180s (custom)
2024-01-30 07:48:48,368 [33e454d1-da2d-4d19-a678-883106399134@group-AA3E182905E7-LeaderElection33] INFO  server.RaftServerConfigKeys (ConfUtils.java:logGet(46)) - raft.server.watch.timeout.denomination = 1s (default)
2024-01-30 07:48:48,368 [33e454d1-da2d-4d19-a678-883106399134@group-AA3E182905E7-LeaderElection33] INFO  server.RaftServerConfigKeys (ConfUtils.java:logGet(46)) - raft.server.watch.element-limit = 65536 (default)
2024-01-30 07:48:48,368 [33e454d1-da2d-4d19-a678-883106399134@group-AA3E182905E7-LeaderElection33] INFO  server.RaftServerConfigKeys (ConfUtils.java:logGet(46)) - raft.server.read.leader.lease.enabled = false (default)
2024-01-30 07:48:48,368 [33e454d1-da2d-4d19-a678-883106399134@group-AA3E182905E7-LeaderElection33] INFO  server.RaftServerConfigKeys (ConfUtils.java:logGet(46)) - raft.server.read.leader.lease.timeout.ratio = 0.9 (default)
2024-01-30 07:48:48,368 [33e454d1-da2d-4d19-a678-883106399134@group-AA3E182905E7-LeaderElection33] INFO  server.RaftServerConfigKeys (ConfUtils.java:logGet(46)) - raft.server.rpc.timeout.min = 5s (custom)
2024-01-30 07:48:48,368 [33e454d1-da2d-4d19-a678-883106399134@group-AA3E182905E7-LeaderElection33] INFO  server.RaftServerConfigKeys (ConfUtils.java:logGet(46)) - raft.server.write.element-limit = 1024 (custom)
2024-01-30 07:48:48,368 [33e454d1-da2d-4d19-a678-883106399134@group-AA3E182905E7-LeaderElection33] INFO  server.RaftServerConfigKeys (ConfUtils.java:logGet(46)) - raft.server.write.follower.gap.ratio.max = -1.0 (default)
2024-01-30 07:48:48,368 [33e454d1-da2d-4d19-a678-883106399134@group-AA3E182905E7-LeaderElection33] INFO  server.RaftServerConfigKeys (ConfUtils.java:logGet(46)) - raft.server.log.appender.snapshot.chunk.size.max = 16MB (=16777216) (default)
2024-01-30 07:48:48,368 [33e454d1-da2d-4d19-a678-883106399134@group-AA3E182905E7-LeaderElection33] INFO  server.RaftServerConfigKeys (ConfUtils.java:logGet(46)) - raft.server.log.appender.buffer.byte-limit = 8388608 (custom)
2024-01-30 07:48:48,368 [33e454d1-da2d-4d19-a678-883106399134@group-AA3E182905E7-LeaderElection33] INFO  server.RaftServerConfigKeys (ConfUtils.java:logGet(46)) - raft.server.log.appender.buffer.element-limit = 1 (custom)
2024-01-30 07:48:48,369 [33e454d1-da2d-4d19-a678-883106399134@group-AA3E182905E7-LeaderElection33] INFO  server.RaftServerConfigKeys (ConfUtils.java:logGet(46)) - raft.server.log.appender.wait-time.min = 0μs (custom)
2024-01-30 07:48:48,369 [33e454d1-da2d-4d19-a678-883106399134@group-AA3E182905E7-LeaderElection33] INFO  grpc.GrpcConfigKeys (ConfUtils.java:logGet(46)) - raft.grpc.server.leader.outstanding.appends.max = 8 (default)
2024-01-30 07:48:48,369 [33e454d1-da2d-4d19-a678-883106399134@group-AA3E182905E7-LeaderElection33] INFO  server.RaftServerConfigKeys (ConfUtils.java:logGet(46)) - raft.server.rpc.request.timeout = 60s (custom)
2024-01-30 07:48:48,369 [33e454d1-da2d-4d19-a678-883106399134@group-AA3E182905E7-LeaderElection33] INFO  grpc.GrpcConfigKeys (ConfUtils.java:logGet(46)) - raft.grpc.server.install_snapshot.request.element-limit = 8 (default)
2024-01-30 07:48:48,369 [33e454d1-da2d-4d19-a678-883106399134@group-AA3E182905E7-LeaderElection33] INFO  grpc.GrpcConfigKeys (ConfUtils.java:logGet(46)) - raft.grpc.server.install_snapshot.request.timeout = 3000ms (default)
2024-01-30 07:48:48,369 [33e454d1-da2d-4d19-a678-883106399134@group-AA3E182905E7-LeaderElection33] INFO  grpc.GrpcConfigKeys (ConfUtils.java:logGet(46)) - raft.grpc.server.log-message.batch.duration = 5s (default)
2024-01-30 07:48:48,369 [33e454d1-da2d-4d19-a678-883106399134@group-AA3E182905E7-LeaderElection33] INFO  server.RaftServerConfigKeys (ConfUtils.java:logGet(46)) - raft.server.log.appender.install.snapshot.enabled = false (custom)
2024-01-30 07:48:48,369 [33e454d1-da2d-4d19-a678-883106399134@group-AA3E182905E7-LeaderElection33] INFO  grpc.GrpcConfigKeys (ConfUtils.java:logGet(46)) - raft.grpc.server.heartbeat.channel = true (default)
2024-01-30 07:48:48,370 [33e454d1-da2d-4d19-a678-883106399134@group-AA3E182905E7-LeaderElection33] INFO  server.RaftServerConfigKeys (ConfUtils.java:logGet(46)) - raft.server.log.appender.snapshot.chunk.size.max = 16MB (=16777216) (default)
2024-01-30 07:48:48,370 [33e454d1-da2d-4d19-a678-883106399134@group-AA3E182905E7-LeaderElection33] INFO  server.RaftServerConfigKeys (ConfUtils.java:logGet(46)) - raft.server.log.appender.buffer.byte-limit = 8388608 (custom)
2024-01-30 07:48:48,370 [33e454d1-da2d-4d19-a678-883106399134@group-AA3E182905E7-LeaderElection33] INFO  server.RaftServerConfigKeys (ConfUtils.java:logGet(46)) - raft.server.log.appender.buffer.element-limit = 1 (custom)
2024-01-30 07:48:48,370 [33e454d1-da2d-4d19-a678-883106399134@group-AA3E182905E7-LeaderElection33] INFO  server.RaftServerConfigKeys (ConfUtils.java:logGet(46)) - raft.server.log.appender.wait-time.min = 0μs (custom)
2024-01-30 07:48:48,370 [33e454d1-da2d-4d19-a678-883106399134@group-AA3E182905E7-LeaderElection33] INFO  grpc.GrpcConfigKeys (ConfUtils.java:logGet(46)) - raft.grpc.server.leader.outstanding.appends.max = 8 (default)
2024-01-30 07:48:48,370 [33e454d1-da2d-4d19-a678-883106399134@group-AA3E182905E7-LeaderElection33] INFO  server.RaftServerConfigKeys (ConfUtils.java:logGet(46)) - raft.server.rpc.request.timeout = 60s (custom)
2024-01-30 07:48:48,370 [33e454d1-da2d-4d19-a678-883106399134@group-AA3E182905E7-LeaderElection33] INFO  grpc.GrpcConfigKeys (ConfUtils.java:logGet(46)) - raft.grpc.server.install_snapshot.request.element-limit = 8 (default)
2024-01-30 07:48:48,370 [33e454d1-da2d-4d19-a678-883106399134@group-AA3E182905E7-LeaderElection33] INFO  grpc.GrpcConfigKeys (ConfUtils.java:logGet(46)) - raft.grpc.server.install_snapshot.request.timeout = 3000ms (default)
2024-01-30 07:48:48,370 [33e454d1-da2d-4d19-a678-883106399134@group-AA3E182905E7-LeaderElection33] INFO  grpc.GrpcConfigKeys (ConfUtils.java:logGet(46)) - raft.grpc.server.log-message.batch.duration = 5s (default)
2024-01-30 07:48:48,370 [33e454d1-da2d-4d19-a678-883106399134@group-AA3E182905E7-LeaderElection33] INFO  server.RaftServerConfigKeys (ConfUtils.java:logGet(46)) - raft.server.log.appender.install.snapshot.enabled = false (custom)
2024-01-30 07:48:48,370 [33e454d1-da2d-4d19-a678-883106399134@group-AA3E182905E7-LeaderElection33] INFO  grpc.GrpcConfigKeys (ConfUtils.java:logGet(46)) - raft.grpc.server.heartbeat.channel = true (default)
2024-01-30 07:48:48,371 [33e454d1-da2d-4d19-a678-883106399134@group-AA3E182905E7-LeaderElection33] INFO  impl.RoleInfo (RoleInfo.java:updateAndGet(139)) - 33e454d1-da2d-4d19-a678-883106399134: start 33e454d1-da2d-4d19-a678-883106399134@group-AA3E182905E7-LeaderStateImpl
2024-01-30 07:48:48,371 [33e454d1-da2d-4d19-a678-883106399134@group-AA3E182905E7-LeaderElection33] INFO  server.RaftServer$Division (RaftServerImpl.java:setFirstElection(574)) - 33e454d1-da2d-4d19-a678-883106399134@group-AA3E182905E7: set firstElectionSinceStartup to false for becomeLeader
2024-01-30 07:48:48,371 [33e454d1-da2d-4d19-a678-883106399134@group-AA3E182905E7-LeaderElection33] INFO  ratis.XceiverServerRatis (XceiverServerRatis.java:handleLeaderChangedNotification(966)) - Leader change notification received for group: group-AA3E182905E7 with new leaderId: 33e454d1-da2d-4d19-a678-883106399134
2024-01-30 07:48:48,371 [33e454d1-da2d-4d19-a678-883106399134@group-AA3E182905E7-LeaderElection33] INFO  server.RaftServer$Division (ServerState.java:setLeader(269)) - 33e454d1-da2d-4d19-a678-883106399134@group-AA3E182905E7: change Leader from null to 33e454d1-da2d-4d19-a678-883106399134 at term 1 for becomeLeader, leader elected after 5183ms
2024-01-30 07:48:48,371 [33e454d1-da2d-4d19-a678-883106399134@group-AA3E182905E7-LeaderElection33] INFO  segmented.SegmentedRaftLogWorker (SegmentedRaftLogWorker.java:startLogSegment(430)) - 33e454d1-da2d-4d19-a678-883106399134@group-AA3E182905E7-SegmentedRaftLogWorker: Starting segment from index:0
2024-01-30 07:48:48,372 [33e454d1-da2d-4d19-a678-883106399134@group-AA3E182905E7-LeaderElection33] INFO  server.RaftServer$Division (ServerState.java:setRaftConf(386)) - 33e454d1-da2d-4d19-a678-883106399134@group-AA3E182905E7: set configuration 0: peers:[84e2f200-b83f-4514-9762-a3bf8832ea50|10.1.0.48:15120, 971c1615-1531-4bff-8b79-adf9a27d7f54|10.1.0.48:15129, 33e454d1-da2d-4d19-a678-883106399134|10.1.0.48:15138]|listeners:[], old=null
2024-01-30 07:48:48,372 [33e454d1-da2d-4d19-a678-883106399134@group-AA3E182905E7-SegmentedRaftLogWorker] INFO  segmented.BufferedWriteChannel (BufferedWriteChannel.java:open(62)) - open log_inprogress_0 at position 0
2024-01-30 07:48:48,373 [EventQueue-PipelineReportForPipelineReportHandler] INFO  pipeline.PipelineReportHandler (PipelineReportHandler.java:processPipelineReport(136)) - Opened pipeline PipelineID=0228237e-cce7-4be6-ad0a-aa3e182905e7
2024-01-30 07:48:48,379 [84e2f200-b83f-4514-9762-a3bf8832ea50-server-thread1] INFO  ratis.XceiverServerRatis (XceiverServerRatis.java:handleLeaderChangedNotification(966)) - Leader change notification received for group: group-AA3E182905E7 with new leaderId: 33e454d1-da2d-4d19-a678-883106399134
2024-01-30 07:48:48,379 [84e2f200-b83f-4514-9762-a3bf8832ea50-server-thread1] INFO  server.RaftServer$Division (ServerState.java:setLeader(269)) - 84e2f200-b83f-4514-9762-a3bf8832ea50@group-AA3E182905E7: change Leader from null to 33e454d1-da2d-4d19-a678-883106399134 at term 1 for appendEntries, leader elected after 5216ms
2024-01-30 07:48:48,379 [33e454d1-da2d-4d19-a678-883106399134@group-AA3E182905E7-SegmentedRaftLogWorker] INFO  segmented.SegmentedRaftLogWorker (SegmentedRaftLogWorker.java:execute(634)) - 33e454d1-da2d-4d19-a678-883106399134@group-AA3E182905E7-SegmentedRaftLogWorker: created new log segment /home/runner/work/ozone/ozone/hadoop-ozone/integration-test/target/test-dir/MiniOzoneClusterImpl-22134a4f-1b78-467c-b266-ccfd401dbc1a/datanode-3/data/ratis/0228237e-cce7-4be6-ad0a-aa3e182905e7/current/log_inprogress_0
2024-01-30 07:48:48,379 [971c1615-1531-4bff-8b79-adf9a27d7f54-server-thread1] INFO  ratis.XceiverServerRatis (XceiverServerRatis.java:handleLeaderChangedNotification(966)) - Leader change notification received for group: group-AA3E182905E7 with new leaderId: 33e454d1-da2d-4d19-a678-883106399134
2024-01-30 07:48:48,380 [971c1615-1531-4bff-8b79-adf9a27d7f54-server-thread1] INFO  server.RaftServer$Division (ServerState.java:setLeader(269)) - 971c1615-1531-4bff-8b79-adf9a27d7f54@group-AA3E182905E7: change Leader from null to 33e454d1-da2d-4d19-a678-883106399134 at term 1 for appendEntries, leader elected after 5234ms
2024-01-30 07:48:48,381 [main] INFO  ozone.MiniOzoneClusterImpl (MiniOzoneClusterImpl.java:shutdown(449)) - Shutting down the Mini Ozone Cluster
2024-01-30 07:48:48,381 [main] INFO  db.CodecTestUtil (CodecTestUtil.java:gc(50)) - gc 0
2024-01-30 07:48:48,590 [33e454d1-da2d-4d19-a678-883106399134@group-5DF41746B7E3-FollowerState] INFO  impl.FollowerState (FollowerState.java:run(143)) - 33e454d1-da2d-4d19-a678-883106399134@group-5DF41746B7E3-FollowerState: change to CANDIDATE, lastRpcElapsedTime:5240535673ns, electionTimeout:5175ms
2024-01-30 07:48:48,593 [33e454d1-da2d-4d19-a678-883106399134@group-5DF41746B7E3-FollowerState] INFO  impl.RoleInfo (RoleInfo.java:shutdownFollowerState(110)) - 33e454d1-da2d-4d19-a678-883106399134: shutdown 33e454d1-da2d-4d19-a678-883106399134@group-5DF41746B7E3-FollowerState
2024-01-30 07:48:48,593 [33e454d1-da2d-4d19-a678-883106399134@group-5DF41746B7E3-FollowerState] INFO  server.RaftServer$Division (RaftServerImpl.java:setRole(383)) - 33e454d1-da2d-4d19-a678-883106399134@group-5DF41746B7E3: changes role from  FOLLOWER to CANDIDATE at term 0 for changeToCandidate
2024-01-30 07:48:48,591 [84e2f200-b83f-4514-9762-a3bf8832ea50-server-thread3] INFO  server.RaftServer$Division (ServerState.java:setRaftConf(386)) - 84e2f200-b83f-4514-9762-a3bf8832ea50@group-AA3E182905E7: set configuration 0: peers:[84e2f200-b83f-4514-9762-a3bf8832ea50|10.1.0.48:15120, 971c1615-1531-4bff-8b79-adf9a27d7f54|10.1.0.48:15129, 33e454d1-da2d-4d19-a678-883106399134|10.1.0.48:15138]|listeners:[], old=null
2024-01-30 07:48:48,595 [971c1615-1531-4bff-8b79-adf9a27d7f54-server-thread3] INFO  server.RaftServer$Division (ServerState.java:setRaftConf(386)) - 971c1615-1531-4bff-8b79-adf9a27d7f54@group-AA3E182905E7: set configuration 0: peers:[84e2f200-b83f-4514-9762-a3bf8832ea50|10.1.0.48:15120, 971c1615-1531-4bff-8b79-adf9a27d7f54|10.1.0.48:15129, 33e454d1-da2d-4d19-a678-883106399134|10.1.0.48:15138]|listeners:[], old=null
2024-01-30 07:48:48,595 [971c1615-1531-4bff-8b79-adf9a27d7f54-server-thread3] INFO  segmented.SegmentedRaftLogWorker (SegmentedRaftLogWorker.java:startLogSegment(430)) - 971c1615-1531-4bff-8b79-adf9a27d7f54@group-AA3E182905E7-SegmentedRaftLogWorker: Starting segment from index:0
2024-01-30 07:48:48,591 [2a934876-6cad-418e-9d99-0b91c92fbe5b@group-5DF41746B7E3-FollowerState] INFO  impl.FollowerState (FollowerState.java:run(143)) - 2a934876-6cad-418e-9d99-0b91c92fbe5b@group-5DF41746B7E3-FollowerState: change to CANDIDATE, lastRpcElapsedTime:5222151288ns, electionTimeout:5035ms
2024-01-30 07:48:48,595 [2a934876-6cad-418e-9d99-0b91c92fbe5b@group-5DF41746B7E3-FollowerState] INFO  impl.RoleInfo (RoleInfo.java:shutdownFollowerState(110)) - 2a934876-6cad-418e-9d99-0b91c92fbe5b: shutdown 2a934876-6cad-418e-9d99-0b91c92fbe5b@group-5DF41746B7E3-FollowerState
2024-01-30 07:48:48,595 [2a934876-6cad-418e-9d99-0b91c92fbe5b@group-5DF41746B7E3-FollowerState] INFO  server.RaftServer$Division (RaftServerImpl.java:setRole(383)) - 2a934876-6cad-418e-9d99-0b91c92fbe5b@group-5DF41746B7E3: changes role from  FOLLOWER to CANDIDATE at term 0 for changeToCandidate
2024-01-30 07:48:48,595 [971c1615-1531-4bff-8b79-adf9a27d7f54@group-AA3E182905E7-SegmentedRaftLogWorker] INFO  segmented.BufferedWriteChannel (BufferedWriteChannel.java:open(62)) - open log_inprogress_0 at position 0
2024-01-30 07:48:48,590 [53433fb8-bbf6-4d1d-a4a4-8c4d503fb949@group-5DF41746B7E3-FollowerState] INFO  impl.FollowerState (FollowerState.java:run(143)) - 53433fb8-bbf6-4d1d-a4a4-8c4d503fb949@group-5DF41746B7E3-FollowerState: change to CANDIDATE, lastRpcElapsedTime:5202795176ns, electionTimeout:5121ms
2024-01-30 07:48:48,596 [53433fb8-bbf6-4d1d-a4a4-8c4d503fb949@group-5DF41746B7E3-FollowerState] INFO  impl.RoleInfo (RoleInfo.java:shutdownFollowerState(110)) - 53433fb8-bbf6-4d1d-a4a4-8c4d503fb949: shutdown 53433fb8-bbf6-4d1d-a4a4-8c4d503fb949@group-5DF41746B7E3-FollowerState
2024-01-30 07:48:48,596 [53433fb8-bbf6-4d1d-a4a4-8c4d503fb949@group-5DF41746B7E3-FollowerState] INFO  server.RaftServer$Division (RaftServerImpl.java:setRole(383)) - 53433fb8-bbf6-4d1d-a4a4-8c4d503fb949@group-5DF41746B7E3: changes role from  FOLLOWER to CANDIDATE at term 0 for changeToCandidate
2024-01-30 07:48:48,596 [53433fb8-bbf6-4d1d-a4a4-8c4d503fb949@group-5DF41746B7E3-FollowerState] INFO  server.RaftServerConfigKeys (ConfUtils.java:logGet(46)) - raft.server.leaderelection.pre-vote = true (default)
2024-01-30 07:48:48,596 [53433fb8-bbf6-4d1d-a4a4-8c4d503fb949@group-5DF41746B7E3-FollowerState] INFO  impl.RoleInfo (RoleInfo.java:updateAndGet(139)) - 53433fb8-bbf6-4d1d-a4a4-8c4d503fb949: start 53433fb8-bbf6-4d1d-a4a4-8c4d503fb949@group-5DF41746B7E3-LeaderElection36
2024-01-30 07:48:48,595 [2a934876-6cad-418e-9d99-0b91c92fbe5b@group-5DF41746B7E3-FollowerState] INFO  server.RaftServerConfigKeys (ConfUtils.java:logGet(46)) - raft.server.leaderelection.pre-vote = true (default)
2024-01-30 07:48:48,596 [2a934876-6cad-418e-9d99-0b91c92fbe5b@group-5DF41746B7E3-FollowerState] INFO  impl.RoleInfo (RoleInfo.java:updateAndGet(139)) - 2a934876-6cad-418e-9d99-0b91c92fbe5b: start 2a934876-6cad-418e-9d99-0b91c92fbe5b@group-5DF41746B7E3-LeaderElection35
2024-01-30 07:48:48,595 [33e454d1-da2d-4d19-a678-883106399134@group-5DF41746B7E3-FollowerState] INFO  server.RaftServerConfigKeys (ConfUtils.java:logGet(46)) - raft.server.leaderelection.pre-vote = true (default)
2024-01-30 07:48:48,596 [33e454d1-da2d-4d19-a678-883106399134@group-5DF41746B7E3-FollowerState] INFO  impl.RoleInfo (RoleInfo.java:updateAndGet(139)) - 33e454d1-da2d-4d19-a678-883106399134: start 33e454d1-da2d-4d19-a678-883106399134@group-5DF41746B7E3-LeaderElection34
2024-01-30 07:48:48,599 [53433fb8-bbf6-4d1d-a4a4-8c4d503fb949@group-5DF41746B7E3-LeaderElection36] INFO  impl.LeaderElection (LeaderElection.java:askForVotes(321)) - 53433fb8-bbf6-4d1d-a4a4-8c4d503fb949@group-5DF41746B7E3-LeaderElection36 PRE_VOTE round 0: submit vote requests at term 0 for -1: peers:[53433fb8-bbf6-4d1d-a4a4-8c4d503fb949|10.1.0.48:15147, 2a934876-6cad-418e-9d99-0b91c92fbe5b|10.1.0.48:15111, 33e454d1-da2d-4d19-a678-883106399134|10.1.0.48:15138]|listeners:[], old=null
2024-01-30 07:48:48,599 [84e2f200-b83f-4514-9762-a3bf8832ea50-server-thread3] INFO  segmented.SegmentedRaftLogWorker (SegmentedRaftLogWorker.java:startLogSegment(430)) - 84e2f200-b83f-4514-9762-a3bf8832ea50@group-AA3E182905E7-SegmentedRaftLogWorker: Starting segment from index:0
2024-01-30 07:48:48,599 [53433fb8-bbf6-4d1d-a4a4-8c4d503fb949@group-5DF41746B7E3-LeaderElection36] INFO  server.RaftServerConfigKeys (ConfUtils.java:logFallback(53)) - raft.server.rpc.first-election.timeout.min = 5s (fallback to raft.server.rpc.timeout.min)
2024-01-30 07:48:48,599 [53433fb8-bbf6-4d1d-a4a4-8c4d503fb949@group-5DF41746B7E3-LeaderElection36-2] INFO  server.GrpcServerProtocolClient (GrpcServerProtocolClient.java:<init>(65)) - Build channel for 33e454d1-da2d-4d19-a678-883106399134|10.1.0.48:15138
2024-01-30 07:48:48,599 [53433fb8-bbf6-4d1d-a4a4-8c4d503fb949@group-5DF41746B7E3-LeaderElection36] INFO  server.RaftServerConfigKeys (ConfUtils.java:logFallback(53)) - raft.server.rpc.first-election.timeout.max = 5200ms (fallback to raft.server.rpc.timeout.max)
2024-01-30 07:48:48,600 [84e2f200-b83f-4514-9762-a3bf8832ea50@group-AA3E182905E7-SegmentedRaftLogWorker] INFO  segmented.BufferedWriteChannel (BufferedWriteChannel.java:open(62)) - open log_inprogress_0 at position 0
2024-01-30 07:48:48,602 [53433fb8-bbf6-4d1d-a4a4-8c4d503fb949@group-5DF41746B7E3-LeaderElection36-1] INFO  server.GrpcServerProtocolClient (GrpcServerProtocolClient.java:<init>(65)) - Build channel for 2a934876-6cad-418e-9d99-0b91c92fbe5b|10.1.0.48:15111
2024-01-30 07:48:48,604 [grpc-default-executor-8] INFO  server.RaftServer$Division (RaftServerImpl.java:requestVote(1389)) - 33e454d1-da2d-4d19-a678-883106399134@group-5DF41746B7E3: receive requestVote(PRE_VOTE, 53433fb8-bbf6-4d1d-a4a4-8c4d503fb949, group-5DF41746B7E3, 0, (t:0, i:0))
2024-01-30 07:48:48,608 [2a934876-6cad-418e-9d99-0b91c92fbe5b@group-5DF41746B7E3-LeaderElection35] INFO  impl.LeaderElection (LeaderElection.java:askForVotes(321)) - 2a934876-6cad-418e-9d99-0b91c92fbe5b@group-5DF41746B7E3-LeaderElection35 PRE_VOTE round 0: submit vote requests at term 0 for -1: peers:[53433fb8-bbf6-4d1d-a4a4-8c4d503fb949|10.1.0.48:15147, 2a934876-6cad-418e-9d99-0b91c92fbe5b|10.1.0.48:15111, 33e454d1-da2d-4d19-a678-883106399134|10.1.0.48:15138]|listeners:[], old=null
2024-01-30 07:48:48,609 [grpc-default-executor-7] INFO  server.RaftServer$Division (RaftServerImpl.java:requestVote(1389)) - 2a934876-6cad-418e-9d99-0b91c92fbe5b@group-5DF41746B7E3: receive requestVote(PRE_VOTE, 53433fb8-bbf6-4d1d-a4a4-8c4d503fb949, group-5DF41746B7E3, 0, (t:0, i:0))
2024-01-30 07:48:48,609 [971c1615-1531-4bff-8b79-adf9a27d7f54@group-AA3E182905E7-SegmentedRaftLogWorker] INFO  segmented.SegmentedRaftLogWorker (SegmentedRaftLogWorker.java:execute(634)) - 971c1615-1531-4bff-8b79-adf9a27d7f54@group-AA3E182905E7-SegmentedRaftLogWorker: created new log segment /home/runner/work/ozone/ozone/hadoop-ozone/integration-test/target/test-dir/MiniOzoneClusterImpl-22134a4f-1b78-467c-b266-ccfd401dbc1a/datanode-2/data/ratis/0228237e-cce7-4be6-ad0a-aa3e182905e7/current/log_inprogress_0
2024-01-30 07:48:48,609 [grpc-default-executor-7] INFO  impl.VoteContext (VoteContext.java:log(49)) - 2a934876-6cad-418e-9d99-0b91c92fbe5b@group-5DF41746B7E3-CANDIDATE: reject PRE_VOTE from 53433fb8-bbf6-4d1d-a4a4-8c4d503fb949: our priority 1 > candidate's priority 0
2024-01-30 07:48:48,609 [grpc-default-executor-7] INFO  server.RaftServer$Division (RaftServerImpl.java:requestVote(1422)) - 2a934876-6cad-418e-9d99-0b91c92fbe5b@group-5DF41746B7E3 replies to PRE_VOTE vote request: 53433fb8-bbf6-4d1d-a4a4-8c4d503fb949<-2a934876-6cad-418e-9d99-0b91c92fbe5b#0:FAIL-t0. Peer's state: 2a934876-6cad-418e-9d99-0b91c92fbe5b@group-5DF41746B7E3:t0, leader=null, voted=, raftlog=Memoized:2a934876-6cad-418e-9d99-0b91c92fbe5b@group-5DF41746B7E3-SegmentedRaftLog:OPENED:c-1, conf=-1: peers:[53433fb8-bbf6-4d1d-a4a4-8c4d503fb949|10.1.0.48:15147, 2a934876-6cad-418e-9d99-0b91c92fbe5b|10.1.0.48:15111, 33e454d1-da2d-4d19-a678-883106399134|10.1.0.48:15138]|listeners:[], old=null
2024-01-30 07:48:48,609 [grpc-default-executor-8] INFO  impl.VoteContext (VoteContext.java:log(49)) - 33e454d1-da2d-4d19-a678-883106399134@group-5DF41746B7E3-CANDIDATE: accept PRE_VOTE from 53433fb8-bbf6-4d1d-a4a4-8c4d503fb949: our priority 0 <= candidate's priority 0
2024-01-30 07:48:48,610 [grpc-default-executor-8] INFO  server.RaftServer$Division (RaftServerImpl.java:requestVote(1422)) - 33e454d1-da2d-4d19-a678-883106399134@group-5DF41746B7E3 replies to PRE_VOTE vote request: 53433fb8-bbf6-4d1d-a4a4-8c4d503fb949<-33e454d1-da2d-4d19-a678-883106399134#0:OK-t0. Peer's state: 33e454d1-da2d-4d19-a678-883106399134@group-5DF41746B7E3:t0, leader=null, voted=, raftlog=Memoized:33e454d1-da2d-4d19-a678-883106399134@group-5DF41746B7E3-SegmentedRaftLog:OPENED:c-1, conf=-1: peers:[53433fb8-bbf6-4d1d-a4a4-8c4d503fb949|10.1.0.48:15147, 2a934876-6cad-418e-9d99-0b91c92fbe5b|10.1.0.48:15111, 33e454d1-da2d-4d19-a678-883106399134|10.1.0.48:15138]|listeners:[], old=null
2024-01-30 07:48:48,610 [33e454d1-da2d-4d19-a678-883106399134@group-5DF41746B7E3-LeaderElection34] INFO  impl.LeaderElection (LeaderElection.java:askForVotes(321)) - 33e454d1-da2d-4d19-a678-883106399134@group-5DF41746B7E3-LeaderElection34 PRE_VOTE round 0: submit vote requests at term 0 for -1: peers:[53433fb8-bbf6-4d1d-a4a4-8c4d503fb949|10.1.0.48:15147, 2a934876-6cad-418e-9d99-0b91c92fbe5b|10.1.0.48:15111, 33e454d1-da2d-4d19-a678-883106399134|10.1.0.48:15138]|listeners:[], old=null
2024-01-30 07:48:48,610 [2a934876-6cad-418e-9d99-0b91c92fbe5b@group-5DF41746B7E3-LeaderElection35-1] INFO  server.GrpcServerProtocolClient (GrpcServerProtocolClient.java:<init>(65)) - Build channel for 53433fb8-bbf6-4d1d-a4a4-8c4d503fb949|10.1.0.48:15147
2024-01-30 07:48:48,611 [2a934876-6cad-418e-9d99-0b91c92fbe5b@group-5DF41746B7E3-LeaderElection35] INFO  server.RaftServerConfigKeys (ConfUtils.java:logFallback(53)) - raft.server.rpc.first-election.timeout.min = 5s (fallback to raft.server.rpc.timeout.min)
2024-01-30 07:48:48,611 [2a934876-6cad-418e-9d99-0b91c92fbe5b@group-5DF41746B7E3-LeaderElection35] INFO  server.RaftServerConfigKeys (ConfUtils.java:logFallback(53)) - raft.server.rpc.first-election.timeout.max = 5200ms (fallback to raft.server.rpc.timeout.max)
2024-01-30 07:48:48,611 [84e2f200-b83f-4514-9762-a3bf8832ea50@group-AA3E182905E7-SegmentedRaftLogWorker] INFO  segmented.SegmentedRaftLogWorker (SegmentedRaftLogWorker.java:execute(634)) - 84e2f200-b83f-4514-9762-a3bf8832ea50@group-AA3E182905E7-SegmentedRaftLogWorker: created new log segment /home/runner/work/ozone/ozone/hadoop-ozone/integration-test/target/test-dir/MiniOzoneClusterImpl-22134a4f-1b78-467c-b266-ccfd401dbc1a/datanode-1/data/ratis/0228237e-cce7-4be6-ad0a-aa3e182905e7/current/log_inprogress_0
2024-01-30 07:48:48,612 [53433fb8-bbf6-4d1d-a4a4-8c4d503fb949@group-5DF41746B7E3-LeaderElection36] INFO  impl.LeaderElection (LeaderElection.java:logAndReturn(89)) - 53433fb8-bbf6-4d1d-a4a4-8c4d503fb949@group-5DF41746B7E3-LeaderElection36: PRE_VOTE REJECTED received 1 response(s) and 0 exception(s):
2024-01-30 07:48:48,612 [53433fb8-bbf6-4d1d-a4a4-8c4d503fb949@group-5DF41746B7E3-LeaderElection36] INFO  impl.LeaderElection (LeaderElection.java:logAndReturn(93)) -   Response 0: 53433fb8-bbf6-4d1d-a4a4-8c4d503fb949<-2a934876-6cad-418e-9d99-0b91c92fbe5b#0:FAIL-t0
2024-01-30 07:48:48,612 [2a934876-6cad-418e-9d99-0b91c92fbe5b@group-5DF41746B7E3-LeaderElection35-2] INFO  server.GrpcServerProtocolClient (GrpcServerProtocolClient.java:<init>(65)) - Build channel for 33e454d1-da2d-4d19-a678-883106399134|10.1.0.48:15138
2024-01-30 07:48:48,613 [grpc-default-executor-9] INFO  server.RaftServer$Division (RaftServerImpl.java:requestVote(1389)) - 53433fb8-bbf6-4d1d-a4a4-8c4d503fb949@group-5DF41746B7E3: receive requestVote(PRE_VOTE, 33e454d1-da2d-4d19-a678-883106399134, group-5DF41746B7E3, 0, (t:0, i:0))
2024-01-30 07:48:48,614 [grpc-default-executor-7] INFO  server.RaftServer$Division (RaftServerImpl.java:requestVote(1389)) - 53433fb8-bbf6-4d1d-a4a4-8c4d503fb949@group-5DF41746B7E3: receive requestVote(PRE_VOTE, 2a934876-6cad-418e-9d99-0b91c92fbe5b, group-5DF41746B7E3, 0, (t:0, i:0))
2024-01-30 07:48:48,617 [33e454d1-da2d-4d19-a678-883106399134@group-5DF41746B7E3-LeaderElection34] INFO  server.RaftServerConfigKeys (ConfUtils.java:logFallback(53)) - raft.server.rpc.first-election.timeout.min = 5s (fallback to raft.server.rpc.timeout.min)
2024-01-30 07:48:48,617 [33e454d1-da2d-4d19-a678-883106399134@group-5DF41746B7E3-LeaderElection34-2] INFO  server.GrpcServerProtocolClient (GrpcServerProtocolClient.java:<init>(65)) - Build channel for 2a934876-6cad-418e-9d99-0b91c92fbe5b|10.1.0.48:15111
2024-01-30 07:48:48,617 [53433fb8-bbf6-4d1d-a4a4-8c4d503fb949@group-5DF41746B7E3-LeaderElection36] INFO  impl.LeaderElection (LeaderElection.java:askForVotes(323)) - 53433fb8-bbf6-4d1d-a4a4-8c4d503fb949@group-5DF41746B7E3-LeaderElection36 PRE_VOTE round 0: result REJECTED
2024-01-30 07:48:48,617 [33e454d1-da2d-4d19-a678-883106399134@group-5DF41746B7E3-LeaderElection34] INFO  server.RaftServerConfigKeys (ConfUtils.java:logFallback(53)) - raft.server.rpc.first-election.timeout.max = 5200ms (fallback to raft.server.rpc.timeout.max)
2024-01-30 07:48:48,617 [53433fb8-bbf6-4d1d-a4a4-8c4d503fb949@group-5DF41746B7E3-LeaderElection36] INFO  server.RaftServer$Division (RaftServerImpl.java:setRole(383)) - 53433fb8-bbf6-4d1d-a4a4-8c4d503fb949@group-5DF41746B7E3: changes role from CANDIDATE to FOLLOWER at term 0 for REJECTED
2024-01-30 07:48:48,617 [53433fb8-bbf6-4d1d-a4a4-8c4d503fb949@group-5DF41746B7E3-LeaderElection36] INFO  impl.RoleInfo (RoleInfo.java:shutdownLeaderElection(130)) - 53433fb8-bbf6-4d1d-a4a4-8c4d503fb949: shutdown 53433fb8-bbf6-4d1d-a4a4-8c4d503fb949@group-5DF41746B7E3-LeaderElection36
2024-01-30 07:48:48,617 [53433fb8-bbf6-4d1d-a4a4-8c4d503fb949@group-5DF41746B7E3-LeaderElection36] INFO  impl.RoleInfo (RoleInfo.java:updateAndGet(139)) - 53433fb8-bbf6-4d1d-a4a4-8c4d503fb949: start 53433fb8-bbf6-4d1d-a4a4-8c4d503fb949@group-5DF41746B7E3-FollowerState
2024-01-30 07:48:48,618 [53433fb8-bbf6-4d1d-a4a4-8c4d503fb949@group-5DF41746B7E3-LeaderElection36] INFO  server.RaftServer$Division (RaftServerImpl.java:setFirstElection(574)) - 53433fb8-bbf6-4d1d-a4a4-8c4d503fb949@group-5DF41746B7E3: set firstElectionSinceStartup to false for REJECTED
2024-01-30 07:48:48,619 [grpc-default-executor-9] INFO  impl.VoteContext (VoteContext.java:log(49)) - 53433fb8-bbf6-4d1d-a4a4-8c4d503fb949@group-5DF41746B7E3-FOLLOWER: accept PRE_VOTE from 33e454d1-da2d-4d19-a678-883106399134: our priority 0 <= candidate's priority 0
2024-01-30 07:48:48,619 [grpc-default-executor-9] INFO  server.RaftServer$Division (RaftServerImpl.java:requestVote(1422)) - 53433fb8-bbf6-4d1d-a4a4-8c4d503fb949@group-5DF41746B7E3 replies to PRE_VOTE vote request: 33e454d1-da2d-4d19-a678-883106399134<-53433fb8-bbf6-4d1d-a4a4-8c4d503fb949#0:OK-t0. Peer's state: 53433fb8-bbf6-4d1d-a4a4-8c4d503fb949@group-5DF41746B7E3:t0, leader=null, voted=, raftlog=Memoized:53433fb8-bbf6-4d1d-a4a4-8c4d503fb949@group-5DF41746B7E3-SegmentedRaftLog:OPENED:c-1, conf=-1: peers:[53433fb8-bbf6-4d1d-a4a4-8c4d503fb949|10.1.0.48:15147, 2a934876-6cad-418e-9d99-0b91c92fbe5b|10.1.0.48:15111, 33e454d1-da2d-4d19-a678-883106399134|10.1.0.48:15138]|listeners:[], old=null
2024-01-30 07:48:48,620 [grpc-default-executor-7] INFO  impl.VoteContext (VoteContext.java:log(49)) - 53433fb8-bbf6-4d1d-a4a4-8c4d503fb949@group-5DF41746B7E3-FOLLOWER: accept PRE_VOTE from 2a934876-6cad-418e-9d99-0b91c92fbe5b: our priority 0 <= candidate's priority 1
2024-01-30 07:48:48,620 [grpc-default-executor-7] INFO  server.RaftServer$Division (RaftServerImpl.java:requestVote(1422)) - 53433fb8-bbf6-4d1d-a4a4-8c4d503fb949@group-5DF41746B7E3 replies to PRE_VOTE vote request: 2a934876-6cad-418e-9d99-0b91c92fbe5b<-53433fb8-bbf6-4d1d-a4a4-8c4d503fb949#0:OK-t0. Peer's state: 53433fb8-bbf6-4d1d-a4a4-8c4d503fb949@group-5DF41746B7E3:t0, leader=null, voted=, raftlog=Memoized:53433fb8-bbf6-4d1d-a4a4-8c4d503fb949@group-5DF41746B7E3-SegmentedRaftLog:OPENED:c-1, conf=-1: peers:[53433fb8-bbf6-4d1d-a4a4-8c4d503fb949|10.1.0.48:15147, 2a934876-6cad-418e-9d99-0b91c92fbe5b|10.1.0.48:15111, 33e454d1-da2d-4d19-a678-883106399134|10.1.0.48:15138]|listeners:[], old=null
2024-01-30 07:48:48,620 [2a934876-6cad-418e-9d99-0b91c92fbe5b@group-5DF41746B7E3-LeaderElection35] INFO  impl.LeaderElection (LeaderElection.java:logAndReturn(89)) - 2a934876-6cad-418e-9d99-0b91c92fbe5b@group-5DF41746B7E3-LeaderElection35: PRE_VOTE PASSED received 1 response(s) and 0 exception(s):
2024-01-30 07:48:48,620 [2a934876-6cad-418e-9d99-0b91c92fbe5b@group-5DF41746B7E3-LeaderElection35] INFO  impl.LeaderElection (LeaderElection.java:logAndReturn(93)) -   Response 0: 2a934876-6cad-418e-9d99-0b91c92fbe5b<-53433fb8-bbf6-4d1d-a4a4-8c4d503fb949#0:OK-t0
2024-01-30 07:48:48,621 [33e454d1-da2d-4d19-a678-883106399134@group-AA3E182905E7-StateMachineUpdater] INFO  server.RaftServer$Division (LeaderStateImpl.java:isApplied(320)) - leader is ready since appliedIndex == 0 >= startIndex == 0
2024-01-30 07:48:48,621 [2a934876-6cad-418e-9d99-0b91c92fbe5b@group-5DF41746B7E3-LeaderElection35] INFO  impl.LeaderElection (LeaderElection.java:askForVotes(323)) - 2a934876-6cad-418e-9d99-0b91c92fbe5b@group-5DF41746B7E3-LeaderElection35 PRE_VOTE round 0: result PASSED
2024-01-30 07:48:48,623 [grpc-default-executor-7] INFO  server.RaftServer$Division (RaftServerImpl.java:requestVote(1389)) - 33e454d1-da2d-4d19-a678-883106399134@group-5DF41746B7E3: receive requestVote(PRE_VOTE, 2a934876-6cad-418e-9d99-0b91c92fbe5b, group-5DF41746B7E3, 0, (t:0, i:0))
2024-01-30 07:48:48,623 [grpc-default-executor-9] INFO  server.RaftServer$Division (RaftServerImpl.java:requestVote(1389)) - 2a934876-6cad-418e-9d99-0b91c92fbe5b@group-5DF41746B7E3: receive requestVote(PRE_VOTE, 33e454d1-da2d-4d19-a678-883106399134, group-5DF41746B7E3, 0, (t:0, i:0))
2024-01-30 07:48:48,623 [grpc-default-executor-7] INFO  impl.VoteContext (VoteContext.java:log(49)) - 33e454d1-da2d-4d19-a678-883106399134@group-5DF41746B7E3-CANDIDATE: accept PRE_VOTE from 2a934876-6cad-418e-9d99-0b91c92fbe5b: our priority 0 <= candidate's priority 1
2024-01-30 07:48:48,623 [grpc-default-executor-7] INFO  server.RaftServer$Division (RaftServerImpl.java:requestVote(1422)) - 33e454d1-da2d-4d19-a678-883106399134@group-5DF41746B7E3 replies to PRE_VOTE vote request: 2a934876-6cad-418e-9d99-0b91c92fbe5b<-33e454d1-da2d-4d19-a678-883106399134#0:OK-t0. Peer's state: 33e454d1-da2d-4d19-a678-883106399134@group-5DF41746B7E3:t0, leader=null, voted=, raftlog=Memoized:33e454d1-da2d-4d19-a678-883106399134@group-5DF41746B7E3-SegmentedRaftLog:OPENED:c-1, conf=-1: peers:[53433fb8-bbf6-4d1d-a4a4-8c4d503fb949|10.1.0.48:15147, 2a934876-6cad-418e-9d99-0b91c92fbe5b|10.1.0.48:15111, 33e454d1-da2d-4d19-a678-883106399134|10.1.0.48:15138]|listeners:[], old=null
2024-01-30 07:48:48,623 [2a934876-6cad-418e-9d99-0b91c92fbe5b@group-5DF41746B7E3-LeaderElection35] INFO  impl.LeaderElection (LeaderElection.java:askForVotes(321)) - 2a934876-6cad-418e-9d99-0b91c92fbe5b@group-5DF41746B7E3-LeaderElection35 ELECTION round 0: submit vote requests at term 1 for -1: peers:[53433fb8-bbf6-4d1d-a4a4-8c4d503fb949|10.1.0.48:15147, 2a934876-6cad-418e-9d99-0b91c92fbe5b|10.1.0.48:15111, 33e454d1-da2d-4d19-a678-883106399134|10.1.0.48:15138]|listeners:[], old=null
2024-01-30 07:48:48,623 [grpc-default-executor-9] INFO  impl.VoteContext (VoteContext.java:log(49)) - 2a934876-6cad-418e-9d99-0b91c92fbe5b@group-5DF41746B7E3-CANDIDATE: reject PRE_VOTE from 33e454d1-da2d-4d19-a678-883106399134: our priority 1 > candidate's priority 0
2024-01-30 07:48:48,623 [grpc-default-executor-9] INFO  server.RaftServer$Division (RaftServerImpl.java:requestVote(1422)) - 2a934876-6cad-418e-9d99-0b91c92fbe5b@group-5DF41746B7E3 replies to PRE_VOTE vote request: 33e454d1-da2d-4d19-a678-883106399134<-2a934876-6cad-418e-9d99-0b91c92fbe5b#0:FAIL-t1. Peer's state: 2a934876-6cad-418e-9d99-0b91c92fbe5b@group-5DF41746B7E3:t1, leader=null, voted=2a934876-6cad-418e-9d99-0b91c92fbe5b, raftlog=Memoized:2a934876-6cad-418e-9d99-0b91c92fbe5b@group-5DF41746B7E3-SegmentedRaftLog:OPENED:c-1, conf=-1: peers:[53433fb8-bbf6-4d1d-a4a4-8c4d503fb949|10.1.0.48:15147, 2a934876-6cad-418e-9d99-0b91c92fbe5b|10.1.0.48:15111, 33e454d1-da2d-4d19-a678-883106399134|10.1.0.48:15138]|listeners:[], old=null
2024-01-30 07:48:48,624 [33e454d1-da2d-4d19-a678-883106399134@group-5DF41746B7E3-LeaderElection34] INFO  impl.LeaderElection (LeaderElection.java:logAndReturn(89)) - 33e454d1-da2d-4d19-a678-883106399134@group-5DF41746B7E3-LeaderElection34: PRE_VOTE DISCOVERED_A_NEW_TERM (term=1) received 2 response(s) and 0 exception(s):
2024-01-30 07:48:48,624 [33e454d1-da2d-4d19-a678-883106399134@group-5DF41746B7E3-LeaderElection34] INFO  impl.LeaderElection (LeaderElection.java:logAndReturn(93)) -   Response 0: 33e454d1-da2d-4d19-a678-883106399134<-53433fb8-bbf6-4d1d-a4a4-8c4d503fb949#0:OK-t0
2024-01-30 07:48:48,624 [33e454d1-da2d-4d19-a678-883106399134@group-5DF41746B7E3-LeaderElection34] INFO  impl.LeaderElection (LeaderElection.java:logAndReturn(93)) -   Response 1: 33e454d1-da2d-4d19-a678-883106399134<-2a934876-6cad-418e-9d99-0b91c92fbe5b#0:FAIL-t1
2024-01-30 07:48:48,625 [2a934876-6cad-418e-9d99-0b91c92fbe5b@group-5DF41746B7E3-LeaderElection35] INFO  server.RaftServerConfigKeys (ConfUtils.java:logFallback(53)) - raft.server.rpc.first-election.timeout.min = 5s (fallback to raft.server.rpc.timeout.min)
2024-01-30 07:48:48,625 [2a934876-6cad-418e-9d99-0b91c92fbe5b@group-5DF41746B7E3-LeaderElection35] INFO  server.RaftServerConfigKeys (ConfUtils.java:logFallback(53)) - raft.server.rpc.first-election.timeout.max = 5200ms (fallback to raft.server.rpc.timeout.max)
2024-01-30 07:48:48,626 [33e454d1-da2d-4d19-a678-883106399134@group-5DF41746B7E3-LeaderElection34] INFO  impl.LeaderElection (LeaderElection.java:askForVotes(323)) - 33e454d1-da2d-4d19-a678-883106399134@group-5DF41746B7E3-LeaderElection34 PRE_VOTE round 0: result DISCOVERED_A_NEW_TERM (term=1)
2024-01-30 07:48:48,626 [33e454d1-da2d-4d19-a678-883106399134@group-5DF41746B7E3-LeaderElection34] INFO  server.RaftServer$Division (RaftServerImpl.java:setRole(383)) - 33e454d1-da2d-4d19-a678-883106399134@group-5DF41746B7E3: changes role from CANDIDATE to FOLLOWER at term 1 for DISCOVERED_A_NEW_TERM (term=1)
2024-01-30 07:48:48,626 [33e454d1-da2d-4d19-a678-883106399134@group-5DF41746B7E3-LeaderElection34] INFO  impl.RoleInfo (RoleInfo.java:shutdownLeaderElection(130)) - 33e454d1-da2d-4d19-a678-883106399134: shutdown 33e454d1-da2d-4d19-a678-883106399134@group-5DF41746B7E3-LeaderElection34
2024-01-30 07:48:48,626 [33e454d1-da2d-4d19-a678-883106399134@group-5DF41746B7E3-LeaderElection34] INFO  impl.RoleInfo (RoleInfo.java:updateAndGet(139)) - 33e454d1-da2d-4d19-a678-883106399134: start 33e454d1-da2d-4d19-a678-883106399134@group-5DF41746B7E3-FollowerState
2024-01-30 07:48:48,626 [33e454d1-da2d-4d19-a678-883106399134@group-5DF41746B7E3-LeaderElection34] INFO  server.RaftServer$Division (RaftServerImpl.java:setFirstElection(574)) - 33e454d1-da2d-4d19-a678-883106399134@group-5DF41746B7E3: set firstElectionSinceStartup to false for DISCOVERED_A_NEW_TERM (term=1)
2024-01-30 07:48:48,627 [grpc-default-executor-9] INFO  server.RaftServer$Division (RaftServerImpl.java:requestVote(1389)) - 53433fb8-bbf6-4d1d-a4a4-8c4d503fb949@group-5DF41746B7E3: receive requestVote(ELECTION, 2a934876-6cad-418e-9d99-0b91c92fbe5b, group-5DF41746B7E3, 1, (t:0, i:0))
2024-01-30 07:48:48,627 [grpc-default-executor-9] INFO  impl.VoteContext (VoteContext.java:log(49)) - 53433fb8-bbf6-4d1d-a4a4-8c4d503fb949@group-5DF41746B7E3-FOLLOWER: accept ELECTION from 2a934876-6cad-418e-9d99-0b91c92fbe5b: our priority 0 <= candidate's priority 1
2024-01-30 07:48:48,627 [grpc-default-executor-9] INFO  server.RaftServer$Division (RaftServerImpl.java:setRole(383)) - 53433fb8-bbf6-4d1d-a4a4-8c4d503fb949@group-5DF41746B7E3: changes role from  FOLLOWER to FOLLOWER at term 1 for candidate:2a934876-6cad-418e-9d99-0b91c92fbe5b
2024-01-30 07:48:48,627 [grpc-default-executor-9] INFO  impl.RoleInfo (RoleInfo.java:shutdownFollowerState(110)) - 53433fb8-bbf6-4d1d-a4a4-8c4d503fb949: shutdown 53433fb8-bbf6-4d1d-a4a4-8c4d503fb949@group-5DF41746B7E3-FollowerState
2024-01-30 07:48:48,627 [grpc-default-executor-9] INFO  impl.RoleInfo (RoleInfo.java:updateAndGet(139)) - 53433fb8-bbf6-4d1d-a4a4-8c4d503fb949: start 53433fb8-bbf6-4d1d-a4a4-8c4d503fb949@group-5DF41746B7E3-FollowerState
2024-01-30 07:48:48,627 [53433fb8-bbf6-4d1d-a4a4-8c4d503fb949@group-5DF41746B7E3-FollowerState] INFO  impl.FollowerState (FollowerState.java:run(152)) - 53433fb8-bbf6-4d1d-a4a4-8c4d503fb949@group-5DF41746B7E3-FollowerState was interrupted
2024-01-30 07:48:48,628 [grpc-default-executor-7] INFO  server.RaftServer$Division (RaftServerImpl.java:requestVote(1389)) - 33e454d1-da2d-4d19-a678-883106399134@group-5DF41746B7E3: receive requestVote(ELECTION, 2a934876-6cad-418e-9d99-0b91c92fbe5b, group-5DF41746B7E3, 1, (t:0, i:0))
2024-01-30 07:48:48,628 [grpc-default-executor-7] INFO  impl.VoteContext (VoteContext.java:log(49)) - 33e454d1-da2d-4d19-a678-883106399134@group-5DF41746B7E3-FOLLOWER: accept ELECTION from 2a934876-6cad-418e-9d99-0b91c92fbe5b: our priority 0 <= candidate's priority 1
2024-01-30 07:48:48,628 [grpc-default-executor-7] INFO  server.RaftServer$Division (RaftServerImpl.java:setRole(383)) - 33e454d1-da2d-4d19-a678-883106399134@group-5DF41746B7E3: changes role from  FOLLOWER to FOLLOWER at term 1 for candidate:2a934876-6cad-418e-9d99-0b91c92fbe5b
2024-01-30 07:48:48,628 [grpc-default-executor-7] INFO  impl.RoleInfo (RoleInfo.java:shutdownFollowerState(110)) - 33e454d1-da2d-4d19-a678-883106399134: shutdown 33e454d1-da2d-4d19-a678-883106399134@group-5DF41746B7E3-FollowerState
2024-01-30 07:48:48,631 [grpc-default-executor-7] INFO  impl.RoleInfo (RoleInfo.java:updateAndGet(139)) - 33e454d1-da2d-4d19-a678-883106399134: start 33e454d1-da2d-4d19-a678-883106399134@group-5DF41746B7E3-FollowerState
2024-01-30 07:48:48,631 [33e454d1-da2d-4d19-a678-883106399134@group-5DF41746B7E3-FollowerState] INFO  impl.FollowerState (FollowerState.java:run(152)) - 33e454d1-da2d-4d19-a678-883106399134@group-5DF41746B7E3-FollowerState was interrupted
2024-01-30 07:48:48,635 [grpc-default-executor-9] INFO  server.RaftServer$Division (RaftServerImpl.java:requestVote(1422)) - 53433fb8-bbf6-4d1d-a4a4-8c4d503fb949@group-5DF41746B7E3 replies to ELECTION vote request: 2a934876-6cad-418e-9d99-0b91c92fbe5b<-53433fb8-bbf6-4d1d-a4a4-8c4d503fb949#0:OK-t1. Peer's state: 53433fb8-bbf6-4d1d-a4a4-8c4d503fb949@group-5DF41746B7E3:t1, leader=null, voted=2a934876-6cad-418e-9d99-0b91c92fbe5b, raftlog=Memoized:53433fb8-bbf6-4d1d-a4a4-8c4d503fb949@group-5DF41746B7E3-SegmentedRaftLog:OPENED:c-1, conf=-1: peers:[53433fb8-bbf6-4d1d-a4a4-8c4d503fb949|10.1.0.48:15147, 2a934876-6cad-418e-9d99-0b91c92fbe5b|10.1.0.48:15111, 33e454d1-da2d-4d19-a678-883106399134|10.1.0.48:15138]|listeners:[], old=null
2024-01-30 07:48:48,635 [2a934876-6cad-418e-9d99-0b91c92fbe5b@group-5DF41746B7E3-LeaderElection35] INFO  impl.LeaderElection (LeaderElection.java:logAndReturn(89)) - 2a934876-6cad-418e-9d99-0b91c92fbe5b@group-5DF41746B7E3-LeaderElection35: ELECTION PASSED received 1 response(s) and 0 exception(s):
2024-01-30 07:48:48,635 [2a934876-6cad-418e-9d99-0b91c92fbe5b@group-5DF41746B7E3-LeaderElection35] INFO  impl.LeaderElection (LeaderElection.java:logAndReturn(93)) -   Response 0: 2a934876-6cad-418e-9d99-0b91c92fbe5b<-53433fb8-bbf6-4d1d-a4a4-8c4d503fb949#0:OK-t1
2024-01-30 07:48:48,635 [2a934876-6cad-418e-9d99-0b91c92fbe5b@group-5DF41746B7E3-LeaderElection35] INFO  impl.LeaderElection (LeaderElection.java:askForVotes(323)) - 2a934876-6cad-418e-9d99-0b91c92fbe5b@group-5DF41746B7E3-LeaderElection35 ELECTION round 0: result PASSED
2024-01-30 07:48:48,635 [2a934876-6cad-418e-9d99-0b91c92fbe5b@group-5DF41746B7E3-LeaderElection35] INFO  impl.RoleInfo (RoleInfo.java:shutdownLeaderElection(130)) - 2a934876-6cad-418e-9d99-0b91c92fbe5b: shutdown 2a934876-6cad-418e-9d99-0b91c92fbe5b@group-5DF41746B7E3-LeaderElection35
2024-01-30 07:48:48,635 [2a934876-6cad-418e-9d99-0b91c92fbe5b@group-5DF41746B7E3-LeaderElection35] INFO  server.RaftServer$Division (RaftServerImpl.java:setRole(383)) - 2a934876-6cad-418e-9d99-0b91c92fbe5b@group-5DF41746B7E3: changes role from CANDIDATE to LEADER at term 1 for changeToLeader
2024-01-30 07:48:48,635 [2a934876-6cad-418e-9d99-0b91c92fbe5b@group-5DF41746B7E3-LeaderElection35] INFO  server.RaftServerConfigKeys (ConfUtils.java:logGet(46)) - raft.server.staging.catchup.gap = 1000 (default)
2024-01-30 07:48:48,636 [2a934876-6cad-418e-9d99-0b91c92fbe5b@group-5DF41746B7E3-LeaderElection35] INFO  server.RaftServerConfigKeys (ConfUtils.java:logGet(46)) - raft.server.write.element-limit = 1024 (custom)
2024-01-30 07:48:48,636 [2a934876-6cad-418e-9d99-0b91c92fbe5b@group-5DF41746B7E3-LeaderElection35] INFO  server.RaftServerConfigKeys (ConfUtils.java:logGet(46)) - raft.server.write.byte-limit = 1024 M (=1073741824) (custom)
2024-01-30 07:48:48,636 [grpc-default-executor-7] INFO  server.RaftServer$Division (RaftServerImpl.java:requestVote(1422)) - 33e454d1-da2d-4d19-a678-883106399134@group-5DF41746B7E3 replies to ELECTION vote request: 2a934876-6cad-418e-9d99-0b91c92fbe5b<-33e454d1-da2d-4d19-a678-883106399134#0:OK-t1. Peer's state: 33e454d1-da2d-4d19-a678-883106399134@group-5DF41746B7E3:t1, leader=null, voted=2a934876-6cad-418e-9d99-0b91c92fbe5b, raftlog=Memoized:33e454d1-da2d-4d19-a678-883106399134@group-5DF41746B7E3-SegmentedRaftLog:OPENED:c-1, conf=-1: peers:[53433fb8-bbf6-4d1d-a4a4-8c4d503fb949|10.1.0.48:15147, 2a934876-6cad-418e-9d99-0b91c92fbe5b|10.1.0.48:15111, 33e454d1-da2d-4d19-a678-883106399134|10.1.0.48:15138]|listeners:[], old=null
2024-01-30 07:48:48,636 [2a934876-6cad-418e-9d99-0b91c92fbe5b@group-5DF41746B7E3-LeaderElection35] INFO  server.RaftServerConfigKeys (ConfUtils.java:logGet(46)) - raft.server.watch.timeout = 180s (custom)
2024-01-30 07:48:48,636 [2a934876-6cad-418e-9d99-0b91c92fbe5b@group-5DF41746B7E3-LeaderElection35] INFO  server.RaftServerConfigKeys (ConfUtils.java:logGet(46)) - raft.server.watch.timeout.denomination = 1s (default)
2024-01-30 07:48:48,636 [2a934876-6cad-418e-9d99-0b91c92fbe5b@group-5DF41746B7E3-LeaderElection35] INFO  server.RaftServerConfigKeys (ConfUtils.java:logGet(46)) - raft.server.watch.element-limit = 65536 (default)
2024-01-30 07:48:48,636 [2a934876-6cad-418e-9d99-0b91c92fbe5b@group-5DF41746B7E3-LeaderElection35] INFO  server.RaftServerConfigKeys (ConfUtils.java:logGet(46)) - raft.server.read.leader.lease.enabled = false (default)
2024-01-30 07:48:48,636 [2a934876-6cad-418e-9d99-0b91c92fbe5b@group-5DF41746B7E3-LeaderElection35] INFO  server.RaftServerConfigKeys (ConfUtils.java:logGet(46)) - raft.server.read.leader.lease.timeout.ratio = 0.9 (default)
2024-01-30 07:48:48,636 [2a934876-6cad-418e-9d99-0b91c92fbe5b@group-5DF41746B7E3-LeaderElection35] INFO  server.RaftServerConfigKeys (ConfUtils.java:logGet(46)) - raft.server.rpc.timeout.min = 5s (custom)
2024-01-30 07:48:48,636 [2a934876-6cad-418e-9d99-0b91c92fbe5b@group-5DF41746B7E3-LeaderElection35] INFO  server.RaftServerConfigKeys (ConfUtils.java:logGet(46)) - raft.server.write.element-limit = 1024 (custom)
2024-01-30 07:48:48,636 [2a934876-6cad-418e-9d99-0b91c92fbe5b@group-5DF41746B7E3-LeaderElection35] INFO  server.RaftServerConfigKeys (ConfUtils.java:logGet(46)) - raft.server.write.follower.gap.ratio.max = -1.0 (default)
2024-01-30 07:48:48,637 [2a934876-6cad-418e-9d99-0b91c92fbe5b@group-5DF41746B7E3-LeaderElection35] INFO  server.RaftServerConfigKeys (ConfUtils.java:logGet(46)) - raft.server.log.appender.snapshot.chunk.size.max = 16MB (=16777216) (default)
2024-01-30 07:48:48,637 [2a934876-6cad-418e-9d99-0b91c92fbe5b@group-5DF41746B7E3-LeaderElection35] INFO  server.RaftServerConfigKeys (ConfUtils.java:logGet(46)) - raft.server.log.appender.buffer.byte-limit = 8388608 (custom)
2024-01-30 07:48:48,637 [2a934876-6cad-418e-9d99-0b91c92fbe5b@group-5DF41746B7E3-LeaderElection35] INFO  server.RaftServerConfigKeys (ConfUtils.java:logGet(46)) - raft.server.log.appender.buffer.element-limit = 1 (custom)
2024-01-30 07:48:48,637 [2a934876-6cad-418e-9d99-0b91c92fbe5b@group-5DF41746B7E3-LeaderElection35] INFO  server.RaftServerConfigKeys (ConfUtils.java:logGet(46)) - raft.server.log.appender.wait-time.min = 0μs (custom)
2024-01-30 07:48:48,637 [2a934876-6cad-418e-9d99-0b91c92fbe5b@group-5DF41746B7E3-LeaderElection35] INFO  grpc.GrpcConfigKeys (ConfUtils.java:logGet(46)) - raft.grpc.server.leader.outstanding.appends.max = 8 (default)
2024-01-30 07:48:48,637 [2a934876-6cad-418e-9d99-0b91c92fbe5b@group-5DF41746B7E3-LeaderElection35] INFO  server.RaftServerConfigKeys (ConfUtils.java:logGet(46)) - raft.server.rpc.request.timeout = 60s (custom)
2024-01-30 07:48:48,637 [2a934876-6cad-418e-9d99-0b91c92fbe5b@group-5DF41746B7E3-LeaderElection35] INFO  grpc.GrpcConfigKeys (ConfUtils.java:logGet(46)) - raft.grpc.server.install_snapshot.request.element-limit = 8 (default)
2024-01-30 07:48:48,637 [2a934876-6cad-418e-9d99-0b91c92fbe5b@group-5DF41746B7E3-LeaderElection35] INFO  grpc.GrpcConfigKeys (ConfUtils.java:logGet(46)) - raft.grpc.server.install_snapshot.request.timeout = 3000ms (default)
2024-01-30 07:48:48,637 [2a934876-6cad-418e-9d99-0b91c92fbe5b@group-5DF41746B7E3-LeaderElection35] INFO  grpc.GrpcConfigKeys (ConfUtils.java:logGet(46)) - raft.grpc.server.log-message.batch.duration = 5s (default)
2024-01-30 07:48:48,637 [2a934876-6cad-418e-9d99-0b91c92fbe5b@group-5DF41746B7E3-LeaderElection35] INFO  server.RaftServerConfigKeys (ConfUtils.java:logGet(46)) - raft.server.log.appender.install.snapshot.enabled = false (custom)
2024-01-30 07:48:48,637 [2a934876-6cad-418e-9d99-0b91c92fbe5b@group-5DF41746B7E3-LeaderElection35] INFO  grpc.GrpcConfigKeys (ConfUtils.java:logGet(46)) - raft.grpc.server.heartbeat.channel = true (default)
2024-01-30 07:48:48,638 [2a934876-6cad-418e-9d99-0b91c92fbe5b@group-5DF41746B7E3-LeaderElection35] INFO  server.RaftServerConfigKeys (ConfUtils.java:logGet(46)) - raft.server.log.appender.snapshot.chunk.size.max = 16MB (=16777216) (default)
2024-01-30 07:48:48,638 [2a934876-6cad-418e-9d99-0b91c92fbe5b@group-5DF41746B7E3-LeaderElection35] INFO  server.RaftServerConfigKeys (ConfUtils.java:logGet(46)) - raft.server.log.appender.buffer.byte-limit = 8388608 (custom)
2024-01-30 07:48:48,638 [2a934876-6cad-418e-9d99-0b91c92fbe5b@group-5DF41746B7E3-LeaderElection35] INFO  server.RaftServerConfigKeys (ConfUtils.java:logGet(46)) - raft.server.log.appender.buffer.element-limit = 1 (custom)
2024-01-30 07:48:48,638 [2a934876-6cad-418e-9d99-0b91c92fbe5b@group-5DF41746B7E3-LeaderElection35] INFO  server.RaftServerConfigKeys (ConfUtils.java:logGet(46)) - raft.server.log.appender.wait-time.min = 0μs (custom)
2024-01-30 07:48:48,638 [2a934876-6cad-418e-9d99-0b91c92fbe5b@group-5DF41746B7E3-LeaderElection35] INFO  grpc.GrpcConfigKeys (ConfUtils.java:logGet(46)) - raft.grpc.server.leader.outstanding.appends.max = 8 (default)
2024-01-30 07:48:48,638 [2a934876-6cad-418e-9d99-0b91c92fbe5b@group-5DF41746B7E3-LeaderElection35] INFO  server.RaftServerConfigKeys (ConfUtils.java:logGet(46)) - raft.server.rpc.request.timeout = 60s (custom)
2024-01-30 07:48:48,638 [2a934876-6cad-418e-9d99-0b91c92fbe5b@group-5DF41746B7E3-LeaderElection35] INFO  grpc.GrpcConfigKeys (ConfUtils.java:logGet(46)) - raft.grpc.server.install_snapshot.request.element-limit = 8 (default)
2024-01-30 07:48:48,638 [2a934876-6cad-418e-9d99-0b91c92fbe5b@group-5DF41746B7E3-LeaderElection35] INFO  grpc.GrpcConfigKeys (ConfUtils.java:logGet(46)) - raft.grpc.server.install_snapshot.request.timeout = 3000ms (default)
2024-01-30 07:48:48,638 [2a934876-6cad-418e-9d99-0b91c92fbe5b@group-5DF41746B7E3-LeaderElection35] INFO  grpc.GrpcConfigKeys (ConfUtils.java:logGet(46)) - raft.grpc.server.log-message.batch.duration = 5s (default)
2024-01-30 07:48:48,638 [2a934876-6cad-418e-9d99-0b91c92fbe5b@group-5DF41746B7E3-LeaderElection35] INFO  server.RaftServerConfigKeys (ConfUtils.java:logGet(46)) - raft.server.log.appender.install.snapshot.enabled = false (custom)
2024-01-30 07:48:48,639 [2a934876-6cad-418e-9d99-0b91c92fbe5b@group-5DF41746B7E3-LeaderElection35] INFO  grpc.GrpcConfigKeys (ConfUtils.java:logGet(46)) - raft.grpc.server.heartbeat.channel = true (default)
2024-01-30 07:48:48,639 [2a934876-6cad-418e-9d99-0b91c92fbe5b@group-5DF41746B7E3-LeaderElection35] INFO  impl.RoleInfo (RoleInfo.java:updateAndGet(139)) - 2a934876-6cad-418e-9d99-0b91c92fbe5b: start 2a934876-6cad-418e-9d99-0b91c92fbe5b@group-5DF41746B7E3-LeaderStateImpl
2024-01-30 07:48:48,639 [2a934876-6cad-418e-9d99-0b91c92fbe5b@group-5DF41746B7E3-LeaderElection35] INFO  server.RaftServer$Division (RaftServerImpl.java:setFirstElection(574)) - 2a934876-6cad-418e-9d99-0b91c92fbe5b@group-5DF41746B7E3: set firstElectionSinceStartup to false for becomeLeader
2024-01-30 07:48:48,639 [2a934876-6cad-418e-9d99-0b91c92fbe5b@group-5DF41746B7E3-LeaderElection35] INFO  ratis.XceiverServerRatis (XceiverServerRatis.java:handleLeaderChangedNotification(966)) - Leader change notification received for group: group-5DF41746B7E3 with new leaderId: 2a934876-6cad-418e-9d99-0b91c92fbe5b
2024-01-30 07:48:48,639 [2a934876-6cad-418e-9d99-0b91c92fbe5b@group-5DF41746B7E3-LeaderElection35] INFO  server.RaftServer$Division (ServerState.java:setLeader(269)) - 2a934876-6cad-418e-9d99-0b91c92fbe5b@group-5DF41746B7E3: change Leader from null to 2a934876-6cad-418e-9d99-0b91c92fbe5b at term 1 for becomeLeader, leader elected after 5279ms
2024-01-30 07:48:48,639 [2a934876-6cad-418e-9d99-0b91c92fbe5b@group-5DF41746B7E3-LeaderElection35] INFO  segmented.SegmentedRaftLogWorker (SegmentedRaftLogWorker.java:startLogSegment(430)) - 2a934876-6cad-418e-9d99-0b91c92fbe5b@group-5DF41746B7E3-SegmentedRaftLogWorker: Starting segment from index:0
2024-01-30 07:48:48,642 [2a934876-6cad-418e-9d99-0b91c92fbe5b@group-5DF41746B7E3-LeaderElection35] INFO  server.RaftServer$Division (ServerState.java:setRaftConf(386)) - 2a934876-6cad-418e-9d99-0b91c92fbe5b@group-5DF41746B7E3: set configuration 0: peers:[53433fb8-bbf6-4d1d-a4a4-8c4d503fb949|10.1.0.48:15147, 2a934876-6cad-418e-9d99-0b91c92fbe5b|10.1.0.48:15111, 33e454d1-da2d-4d19-a678-883106399134|10.1.0.48:15138]|listeners:[], old=null
2024-01-30 07:48:48,642 [2a934876-6cad-418e-9d99-0b91c92fbe5b@group-5DF41746B7E3-SegmentedRaftLogWorker] INFO  segmented.BufferedWriteChannel (BufferedWriteChannel.java:open(62)) - open log_inprogress_0 at position 0
2024-01-30 07:48:48,643 [EventQueue-PipelineReportForPipelineReportHandler] INFO  pipeline.PipelineReportHandler (PipelineReportHandler.java:processPipelineReport(136)) - Opened pipeline PipelineID=7120e0c9-40f0-4fb9-aec7-5df41746b7e3
2024-01-30 07:48:48,647 [53433fb8-bbf6-4d1d-a4a4-8c4d503fb949-server-thread1] INFO  ratis.XceiverServerRatis (XceiverServerRatis.java:handleLeaderChangedNotification(966)) - Leader change notification received for group: group-5DF41746B7E3 with new leaderId: 2a934876-6cad-418e-9d99-0b91c92fbe5b
2024-01-30 07:48:48,647 [53433fb8-bbf6-4d1d-a4a4-8c4d503fb949-server-thread1] INFO  server.RaftServer$Division (ServerState.java:setLeader(269)) - 53433fb8-bbf6-4d1d-a4a4-8c4d503fb949@group-5DF41746B7E3: change Leader from null to 2a934876-6cad-418e-9d99-0b91c92fbe5b at term 1 for appendEntries, leader elected after 5269ms
2024-01-30 07:48:48,649 [33e454d1-da2d-4d19-a678-883106399134-server-thread1] INFO  ratis.XceiverServerRatis (XceiverServerRatis.java:handleLeaderChangedNotification(966)) - Leader change notification received for group: group-5DF41746B7E3 with new leaderId: 2a934876-6cad-418e-9d99-0b91c92fbe5b
2024-01-30 07:48:48,649 [33e454d1-da2d-4d19-a678-883106399134-server-thread1] INFO  server.RaftServer$Division (ServerState.java:setLeader(269)) - 33e454d1-da2d-4d19-a678-883106399134@group-5DF41746B7E3: change Leader from null to 2a934876-6cad-418e-9d99-0b91c92fbe5b at term 1 for appendEntries, leader elected after 5309ms
2024-01-30 07:48:48,649 [53433fb8-bbf6-4d1d-a4a4-8c4d503fb949-server-thread1] INFO  server.RaftServer$Division (ServerState.java:setRaftConf(386)) - 53433fb8-bbf6-4d1d-a4a4-8c4d503fb949@group-5DF41746B7E3: set configuration 0: peers:[53433fb8-bbf6-4d1d-a4a4-8c4d503fb949|10.1.0.48:15147, 2a934876-6cad-418e-9d99-0b91c92fbe5b|10.1.0.48:15111, 33e454d1-da2d-4d19-a678-883106399134|10.1.0.48:15138]|listeners:[], old=null
2024-01-30 07:48:48,649 [53433fb8-bbf6-4d1d-a4a4-8c4d503fb949-server-thread1] INFO  segmented.SegmentedRaftLogWorker (SegmentedRaftLogWorker.java:startLogSegment(430)) - 53433fb8-bbf6-4d1d-a4a4-8c4d503fb949@group-5DF41746B7E3-SegmentedRaftLogWorker: Starting segment from index:0
2024-01-30 07:48:48,649 [33e454d1-da2d-4d19-a678-883106399134-server-thread2] INFO  server.RaftServer$Division (ServerState.java:setRaftConf(386)) - 33e454d1-da2d-4d19-a678-883106399134@group-5DF41746B7E3: set configuration 0: peers:[53433fb8-bbf6-4d1d-a4a4-8c4d503fb949|10.1.0.48:15147, 2a934876-6cad-418e-9d99-0b91c92fbe5b|10.1.0.48:15111, 33e454d1-da2d-4d19-a678-883106399134|10.1.0.48:15138]|listeners:[], old=null
2024-01-30 07:48:48,649 [53433fb8-bbf6-4d1d-a4a4-8c4d503fb949@group-5DF41746B7E3-SegmentedRaftLogWorker] INFO  segmented.BufferedWriteChannel (BufferedWriteChannel.java:open(62)) - open log_inprogress_0 at position 0
2024-01-30 07:48:48,649 [33e454d1-da2d-4d19-a678-883106399134-server-thread2] INFO  segmented.SegmentedRaftLogWorker (SegmentedRaftLogWorker.java:startLogSegment(430)) - 33e454d1-da2d-4d19-a678-883106399134@group-5DF41746B7E3-SegmentedRaftLogWorker: Starting segment from index:0
2024-01-30 07:48:48,650 [33e454d1-da2d-4d19-a678-883106399134@group-5DF41746B7E3-SegmentedRaftLogWorker] INFO  segmented.BufferedWriteChannel (BufferedWriteChannel.java:open(62)) - open log_inprogress_0 at position 0
2024-01-30 07:48:48,653 [2a934876-6cad-418e-9d99-0b91c92fbe5b@group-5DF41746B7E3-SegmentedRaftLogWorker] INFO  segmented.SegmentedRaftLogWorker (SegmentedRaftLogWorker.java:execute(634)) - 2a934876-6cad-418e-9d99-0b91c92fbe5b@group-5DF41746B7E3-SegmentedRaftLogWorker: created new log segment /home/runner/work/ozone/ozone/hadoop-ozone/integration-test/target/test-dir/MiniOzoneClusterImpl-22134a4f-1b78-467c-b266-ccfd401dbc1a/datanode-0/data/ratis/7120e0c9-40f0-4fb9-aec7-5df41746b7e3/current/log_inprogress_0
2024-01-30 07:48:48,660 [53433fb8-bbf6-4d1d-a4a4-8c4d503fb949@group-5DF41746B7E3-SegmentedRaftLogWorker] INFO  segmented.SegmentedRaftLogWorker (SegmentedRaftLogWorker.java:execute(634)) - 53433fb8-bbf6-4d1d-a4a4-8c4d503fb949@group-5DF41746B7E3-SegmentedRaftLogWorker: created new log segment /home/runner/work/ozone/ozone/hadoop-ozone/integration-test/target/test-dir/MiniOzoneClusterImpl-22134a4f-1b78-467c-b266-ccfd401dbc1a/datanode-4/data/ratis/7120e0c9-40f0-4fb9-aec7-5df41746b7e3/current/log_inprogress_0
2024-01-30 07:48:48,661 [33e454d1-da2d-4d19-a678-883106399134@group-5DF41746B7E3-SegmentedRaftLogWorker] INFO  segmented.SegmentedRaftLogWorker (SegmentedRaftLogWorker.java:execute(634)) - 33e454d1-da2d-4d19-a678-883106399134@group-5DF41746B7E3-SegmentedRaftLogWorker: created new log segment /home/runner/work/ozone/ozone/hadoop-ozone/integration-test/target/test-dir/MiniOzoneClusterImpl-22134a4f-1b78-467c-b266-ccfd401dbc1a/datanode-3/data/ratis/7120e0c9-40f0-4fb9-aec7-5df41746b7e3/current/log_inprogress_0
2024-01-30 07:48:48,663 [2a934876-6cad-418e-9d99-0b91c92fbe5b@group-5DF41746B7E3-StateMachineUpdater] INFO  server.RaftServer$Division (LeaderStateImpl.java:isApplied(320)) - leader is ready since appliedIndex == 0 >= startIndex == 0
2024-01-30 07:48:48,690 [main] INFO  ozone.MiniOzoneClusterImpl (MiniOzoneClusterImpl.java:stop(465)) - Stopping the Mini Ozone Cluster
2024-01-30 07:48:48,690 [main] INFO  om.OzoneManager (OzoneManager.java:stop(2204)) - om1[localhost:15101]: Stopping Ozone Manager
2024-01-30 07:48:48,690 [main] INFO  ipc.Server (Server.java:stop(3523)) - Stopping server on 15101
2024-01-30 07:48:48,694 [IPC Server listener on 15101] INFO  ipc.Server (Server.java:run(1434)) - Stopping IPC Server listener on 15101
2024-01-30 07:48:48,694 [IPC Server Responder] INFO  ipc.Server (Server.java:run(1567)) - Stopping IPC Server Responder
2024-01-30 07:48:48,694 [main] INFO  ratis.OzoneManagerRatisServer (OzoneManagerRatisServer.java:stop(594)) - Stopping org.apache.hadoop.ozone.om.ratis.OzoneManagerRatisServer@2a6ccd18 at port 15104
2024-01-30 07:48:48,697 [main] INFO  server.RaftServer (RaftServerProxy.java:lambda$close$9(416)) - om1: close
2024-01-30 07:48:48,701 [main] INFO  server.GrpcService (GrpcService.java:closeImpl(311)) - om1: shutdown server GrpcServerProtocolService now
2024-01-30 07:48:48,701 [om1-impl-thread1] INFO  server.RaftServer$Division (RaftServerImpl.java:lambda$close$3(526)) - om1@group-C5BA1605619E: shutdown
2024-01-30 07:48:48,701 [om1-impl-thread1] INFO  util.JmxRegister (JmxRegister.java:unregister(73)) - Successfully un-registered JMX Bean with object name Ratis:service=RaftServer,group=group-C5BA1605619E,id=om1
2024-01-30 07:48:48,701 [om1-impl-thread1] INFO  impl.RoleInfo (RoleInfo.java:shutdownLeaderState(94)) - om1: shutdown om1@group-C5BA1605619E-LeaderStateImpl
2024-01-30 07:48:48,701 [om1-impl-thread1] INFO  impl.PendingRequests (PendingRequests.java:sendNotLeaderResponses(289)) - om1@group-C5BA1605619E-PendingRequests: sendNotLeaderResponses
2024-01-30 07:48:48,701 [om1-impl-thread1] INFO  impl.StateMachineUpdater (StateMachineUpdater.java:stopAndJoin(157)) - om1@group-C5BA1605619E-StateMachineUpdater: set stopIndex = 0
2024-01-30 07:48:48,702 [om1@group-C5BA1605619E-StateMachineUpdater] INFO  ratis.OzoneManagerStateMachine (OzoneManagerStateMachine.java:takeSnapshotImpl(469)) -  applied = (t:0, i:~)
2024-01-30 07:48:48,702 [om1@group-C5BA1605619E-StateMachineUpdater] INFO  ratis.OzoneManagerStateMachine (OzoneManagerStateMachine.java:takeSnapshotImpl(470)) -  skipped = -1
2024-01-30 07:48:48,702 [om1@group-C5BA1605619E-StateMachineUpdater] INFO  ratis.OzoneManagerStateMachine (OzoneManagerStateMachine.java:takeSnapshotImpl(471)) - notified = (t:1, i:0)
2024-01-30 07:48:48,702 [om1@group-C5BA1605619E-StateMachineUpdater] INFO  ratis.OzoneManagerStateMachine (OzoneManagerStateMachine.java:takeSnapshotImpl(472)) - snapshot = (t:1, i:0)
2024-01-30 07:48:48,703 [main] INFO  server.GrpcService (GrpcService.java:closeImpl(320)) - om1: shutdown server GrpcServerProtocolService successfully
2024-01-30 07:48:48,710 [om1@group-C5BA1605619E-StateMachineUpdater] INFO  impl.StateMachineUpdater (StateMachineUpdater.java:takeSnapshot(295)) - om1@group-C5BA1605619E-StateMachineUpdater: Took a snapshot at index 0
2024-01-30 07:48:48,710 [om1@group-C5BA1605619E-StateMachineUpdater] INFO  impl.StateMachineUpdater (StateMachineUpdater.java:lambda$new$0(98)) - om1@group-C5BA1605619E-StateMachineUpdater: snapshotIndex: updateIncreasingly -1 -> 0
2024-01-30 07:48:48,710 [om1@group-C5BA1605619E-StateMachineUpdater] INFO  ratis.OzoneManagerStateMachine (OzoneManagerStateMachine.java:close(515)) - Stopping OzoneManagerStateMachine:om1:group-C5BA1605619E.
2024-01-30 07:48:48,710 [om1@group-C5BA1605619E-StateMachineUpdater] INFO  ratis.OzoneManagerDoubleBuffer (OzoneManagerDoubleBuffer.java:stopDaemon(514)) - Stopping OMDoubleBuffer flush thread
2024-01-30 07:48:48,711 [om1-OMDoubleBufferFlushThread] INFO  ratis.OzoneManagerDoubleBuffer (OzoneManagerDoubleBuffer.java:canFlush(578)) - OMDoubleBuffer flush thread om1-OMDoubleBufferFlushThread is interrupted and will exit.
2024-01-30 07:48:48,711 [om1-impl-thread1] INFO  server.RaftServer$Division (ServerState.java:close(427)) - om1@group-C5BA1605619E: applyIndex: -1
2024-01-30 07:48:48,711 [om1@group-C5BA1605619E-cacheEviction-AwaitToRun] INFO  util.AwaitToRun (AwaitToRun.java:run(49)) - om1@group-C5BA1605619E-cacheEviction-AwaitToRun-AwaitForSignal is interrupted
2024-01-30 07:48:48,848 [om1-impl-thread1] INFO  segmented.SegmentedRaftLogWorker (SegmentedRaftLogWorker.java:close(245)) - om1@group-C5BA1605619E-SegmentedRaftLogWorker close()
2024-01-30 07:48:48,849 [JvmPauseMonitor14] INFO  util.JvmPauseMonitor (JvmPauseMonitor.java:run(152)) - JvmPauseMonitor-om1: Stopped
2024-01-30 07:48:48,849 [main] INFO  utils.BackgroundService (BackgroundService.java:shutdown(160)) - Shutting down service KeyDeletingService
2024-01-30 07:48:48,849 [main] INFO  utils.BackgroundService (BackgroundService.java:shutdown(160)) - Shutting down service DirectoryDeletingService
2024-01-30 07:48:48,850 [main] INFO  utils.BackgroundService (BackgroundService.java:shutdown(160)) - Shutting down service OpenKeyCleanupService
2024-01-30 07:48:48,850 [main] INFO  utils.BackgroundService (BackgroundService.java:shutdown(160)) - Shutting down service SstFilteringService
2024-01-30 07:48:48,850 [main] INFO  utils.BackgroundService (BackgroundService.java:shutdown(160)) - Shutting down service SnapshotDeletingService
2024-01-30 07:48:48,850 [main] INFO  utils.BackgroundService (BackgroundService.java:shutdown(160)) - Shutting down service MultipartUploadCleanupService
2024-01-30 07:48:48,850 [main] INFO  utils.BackgroundService (BackgroundService.java:shutdown(160)) - Shutting down service SnapshotDirectoryCleaningService
2024-01-30 07:48:48,851 [main] INFO  handler.ContextHandler (ContextHandler.java:doStop(1159)) - Stopped o.e.j.w.WebAppContext@7cb7004{ozoneManager,/,null,STOPPED}{file:/home/runner/work/ozone/ozone/hadoop-ozone/integration-test/target/test-classes/webapps/ozoneManager}
2024-01-30 07:48:48,851 [main] INFO  server.AbstractConnector (AbstractConnector.java:doStop(383)) - Stopped ServerConnector@543bfac9{HTTP/1.1, (http/1.1)}{0.0.0.0:15102}
2024-01-30 07:48:48,851 [main] INFO  server.session (HouseKeeper.java:stopScavenging(149)) - node0 Stopped scavenging
2024-01-30 07:48:48,852 [main] INFO  handler.ContextHandler (ContextHandler.java:doStop(1159)) - Stopped o.e.j.s.ServletContextHandler@3a065808{static,/static,file:///home/runner/work/ozone/ozone/hadoop-ozone/integration-test/target/test-classes/webapps/static,STOPPED}
2024-01-30 07:48:48,852 [main] INFO  handler.ContextHandler (ContextHandler.java:doStop(1159)) - Stopped o.e.j.s.ServletContextHandler@4447188d{logs,/logs,file:///home/runner/work/ozone/ozone/hadoop-ozone/integration-test/target/log,STOPPED}
2024-01-30 07:48:48,852 [main] INFO  rocksdiff.RocksDBCheckpointDiffer (RocksDBCheckpointDiffer.java:close(310)) - Shutting down CompactionDagPruningService.
2024-01-30 07:48:48,854 [main] INFO  snapshot.SnapshotDiffManager (SnapshotDiffManager.java:closeExecutorService(1688)) - Shutting down executorService: 'SnapDiffExecutor'
2024-01-30 07:48:48,854 [main] INFO  snapshot.SnapshotDiffManager (SnapshotDiffManager.java:closeExecutorService(1688)) - Shutting down executorService: 'SstDumpToolExecutor'
2024-01-30 07:48:48,854 [main] INFO  utils.BackgroundService (BackgroundService.java:shutdown(160)) - Shutting down service SnapshotDiffCleanupService
2024-01-30 07:48:48,855 [main] INFO  ozone.MiniOzoneClusterImpl (MiniOzoneClusterImpl.java:stopDatanodes(535)) - Stopping the HddsDatanodes
2024-01-30 07:48:48,860 [ForkJoinPool.commonPool-worker-5] INFO  ozoneimpl.OzoneContainer (OzoneContainer.java:stop(479)) - Attempting to stop container services.
2024-01-30 07:48:48,861 [ForkJoinPool.commonPool-worker-5] INFO  server.RaftServer (RaftServerProxy.java:lambda$close$9(416)) - 2a934876-6cad-418e-9d99-0b91c92fbe5b: close
2024-01-30 07:48:48,861 [ForkJoinPool.commonPool-worker-3] INFO  ozoneimpl.OzoneContainer (OzoneContainer.java:stop(479)) - Attempting to stop container services.
2024-01-30 07:48:48,861 [2a934876-6cad-418e-9d99-0b91c92fbe5b-impl-thread1] INFO  server.RaftServer$Division (RaftServerImpl.java:lambda$close$3(526)) - 2a934876-6cad-418e-9d99-0b91c92fbe5b@group-09F0C667257B: shutdown
2024-01-30 07:48:48,861 [2a934876-6cad-418e-9d99-0b91c92fbe5b-impl-thread1] INFO  util.JmxRegister (JmxRegister.java:unregister(73)) - Successfully un-registered JMX Bean with object name Ratis:service=RaftServer,group=group-09F0C667257B,id=2a934876-6cad-418e-9d99-0b91c92fbe5b
2024-01-30 07:48:48,861 [2a934876-6cad-418e-9d99-0b91c92fbe5b-impl-thread1] INFO  impl.RoleInfo (RoleInfo.java:shutdownFollowerState(110)) - 2a934876-6cad-418e-9d99-0b91c92fbe5b: shutdown 2a934876-6cad-418e-9d99-0b91c92fbe5b@group-09F0C667257B-FollowerState
2024-01-30 07:48:48,861 [2a934876-6cad-418e-9d99-0b91c92fbe5b-impl-thread2] INFO  server.RaftServer$Division (RaftServerImpl.java:lambda$close$3(526)) - 2a934876-6cad-418e-9d99-0b91c92fbe5b@group-5DF41746B7E3: shutdown
2024-01-30 07:48:48,861 [2a934876-6cad-418e-9d99-0b91c92fbe5b-impl-thread2] INFO  util.JmxRegister (JmxRegister.java:unregister(73)) - Successfully un-registered JMX Bean with object name Ratis:service=RaftServer,group=group-5DF41746B7E3,id=2a934876-6cad-418e-9d99-0b91c92fbe5b
2024-01-30 07:48:48,861 [2a934876-6cad-418e-9d99-0b91c92fbe5b-impl-thread2] INFO  impl.RoleInfo (RoleInfo.java:shutdownLeaderState(94)) - 2a934876-6cad-418e-9d99-0b91c92fbe5b: shutdown 2a934876-6cad-418e-9d99-0b91c92fbe5b@group-5DF41746B7E3-LeaderStateImpl
2024-01-30 07:48:48,861 [2a934876-6cad-418e-9d99-0b91c92fbe5b-impl-thread3] INFO  server.RaftServer$Division (RaftServerImpl.java:lambda$close$3(526)) - 2a934876-6cad-418e-9d99-0b91c92fbe5b@group-07C1DF08F428: shutdown
2024-01-30 07:48:48,862 [2a934876-6cad-418e-9d99-0b91c92fbe5b-impl-thread3] INFO  util.JmxRegister (JmxRegister.java:unregister(73)) - Successfully un-registered JMX Bean with object name Ratis:service=RaftServer,group=group-07C1DF08F428,id=2a934876-6cad-418e-9d99-0b91c92fbe5b
2024-01-30 07:48:48,862 [2a934876-6cad-418e-9d99-0b91c92fbe5b-impl-thread3] INFO  impl.RoleInfo (RoleInfo.java:shutdownLeaderState(94)) - 2a934876-6cad-418e-9d99-0b91c92fbe5b: shutdown 2a934876-6cad-418e-9d99-0b91c92fbe5b@group-07C1DF08F428-LeaderStateImpl
2024-01-30 07:48:48,862 [ForkJoinPool.commonPool-worker-5] INFO  server.GrpcService (GrpcService.java:closeImpl(311)) - 2a934876-6cad-418e-9d99-0b91c92fbe5b: shutdown server org.apache.ratis.grpc.server.GrpcClientProtocolService now
2024-01-30 07:48:48,862 [2a934876-6cad-418e-9d99-0b91c92fbe5b-impl-thread4] INFO  server.RaftServer$Division (RaftServerImpl.java:lambda$close$3(526)) - 2a934876-6cad-418e-9d99-0b91c92fbe5b@group-5A6D2AF928DF: shutdown
2024-01-30 07:48:48,862 [2a934876-6cad-418e-9d99-0b91c92fbe5b-impl-thread4] INFO  util.JmxRegister (JmxRegister.java:unregister(73)) - Successfully un-registered JMX Bean with object name Ratis:service=RaftServer,group=group-5A6D2AF928DF,id=2a934876-6cad-418e-9d99-0b91c92fbe5b
2024-01-30 07:48:48,862 [2a934876-6cad-418e-9d99-0b91c92fbe5b-impl-thread4] INFO  impl.RoleInfo (RoleInfo.java:shutdownFollowerState(110)) - 2a934876-6cad-418e-9d99-0b91c92fbe5b: shutdown 2a934876-6cad-418e-9d99-0b91c92fbe5b@group-5A6D2AF928DF-FollowerState
2024-01-30 07:48:48,862 [2a934876-6cad-418e-9d99-0b91c92fbe5b@group-5A6D2AF928DF-FollowerState] INFO  impl.FollowerState (FollowerState.java:run(152)) - 2a934876-6cad-418e-9d99-0b91c92fbe5b@group-5A6D2AF928DF-FollowerState was interrupted
2024-01-30 07:48:48,863 [2a934876-6cad-418e-9d99-0b91c92fbe5b-impl-thread3] INFO  impl.PendingRequests (PendingRequests.java:sendNotLeaderResponses(289)) - 2a934876-6cad-418e-9d99-0b91c92fbe5b@group-07C1DF08F428-PendingRequests: sendNotLeaderResponses
2024-01-30 07:48:48,863 [2a934876-6cad-418e-9d99-0b91c92fbe5b@group-07C1DF08F428->971c1615-1531-4bff-8b79-adf9a27d7f54-GrpcLogAppender-LogAppenderDaemon] WARN  server.GrpcLogAppender (GrpcLogAppender.java:mayWait(289)) - 2a934876-6cad-418e-9d99-0b91c92fbe5b@group-07C1DF08F428->971c1615-1531-4bff-8b79-adf9a27d7f54-GrpcLogAppender: Wait interrupted by java.lang.InterruptedException
2024-01-30 07:48:48,863 [2a934876-6cad-418e-9d99-0b91c92fbe5b@group-07C1DF08F428->84e2f200-b83f-4514-9762-a3bf8832ea50-GrpcLogAppender-LogAppenderDaemon] WARN  server.GrpcLogAppender (GrpcLogAppender.java:mayWait(289)) - 2a934876-6cad-418e-9d99-0b91c92fbe5b@group-07C1DF08F428->84e2f200-b83f-4514-9762-a3bf8832ea50-GrpcLogAppender: Wait interrupted by java.lang.InterruptedException
2024-01-30 07:48:48,863 [ForkJoinPool.commonPool-worker-4] INFO  ozoneimpl.OzoneContainer (OzoneContainer.java:stop(479)) - Attempting to stop container services.
2024-01-30 07:48:48,863 [ForkJoinPool.commonPool-worker-4] INFO  server.RaftServer (RaftServerProxy.java:lambda$close$9(416)) - 42bb30bf-6dde-4b10-b68e-ce189e81f0fd: close
2024-01-30 07:48:48,864 [42bb30bf-6dde-4b10-b68e-ce189e81f0fd-impl-thread1] INFO  server.RaftServer$Division (RaftServerImpl.java:lambda$close$3(526)) - 42bb30bf-6dde-4b10-b68e-ce189e81f0fd@group-D8FDF9F2816D: shutdown
2024-01-30 07:48:48,864 [42bb30bf-6dde-4b10-b68e-ce189e81f0fd-impl-thread1] INFO  util.JmxRegister (JmxRegister.java:unregister(73)) - Successfully un-registered JMX Bean with object name Ratis:service=RaftServer,group=group-D8FDF9F2816D,id=42bb30bf-6dde-4b10-b68e-ce189e81f0fd
2024-01-30 07:48:48,864 [42bb30bf-6dde-4b10-b68e-ce189e81f0fd-impl-thread1] INFO  impl.RoleInfo (RoleInfo.java:shutdownFollowerState(110)) - 42bb30bf-6dde-4b10-b68e-ce189e81f0fd: shutdown 42bb30bf-6dde-4b10-b68e-ce189e81f0fd@group-D8FDF9F2816D-FollowerState
2024-01-30 07:48:48,864 [42bb30bf-6dde-4b10-b68e-ce189e81f0fd-impl-thread2] INFO  server.RaftServer$Division (RaftServerImpl.java:lambda$close$3(526)) - 42bb30bf-6dde-4b10-b68e-ce189e81f0fd@group-FB520FCB7D25: shutdown
2024-01-30 07:48:48,864 [ForkJoinPool.commonPool-worker-4] INFO  server.GrpcService (GrpcService.java:closeImpl(311)) - 42bb30bf-6dde-4b10-b68e-ce189e81f0fd: shutdown server org.apache.ratis.grpc.server.GrpcClientProtocolService now
2024-01-30 07:48:48,864 [grpc-default-executor-8] INFO  server.GrpcServerProtocolService (GrpcServerProtocolService.java:onCompleted(157)) - 84e2f200-b83f-4514-9762-a3bf8832ea50: Completed APPEND_ENTRIES, lastRequest: null
2024-01-30 07:48:48,864 [42bb30bf-6dde-4b10-b68e-ce189e81f0fd-impl-thread2] INFO  util.JmxRegister (JmxRegister.java:unregister(73)) - Successfully un-registered JMX Bean with object name Ratis:service=RaftServer,group=group-FB520FCB7D25,id=42bb30bf-6dde-4b10-b68e-ce189e81f0fd
2024-01-30 07:48:48,864 [42bb30bf-6dde-4b10-b68e-ce189e81f0fd-impl-thread2] INFO  impl.RoleInfo (RoleInfo.java:shutdownLeaderState(94)) - 42bb30bf-6dde-4b10-b68e-ce189e81f0fd: shutdown 42bb30bf-6dde-4b10-b68e-ce189e81f0fd@group-FB520FCB7D25-LeaderStateImpl
2024-01-30 07:48:48,864 [42bb30bf-6dde-4b10-b68e-ce189e81f0fd-impl-thread2] INFO  impl.PendingRequests (PendingRequests.java:sendNotLeaderResponses(289)) - 42bb30bf-6dde-4b10-b68e-ce189e81f0fd@group-FB520FCB7D25-PendingRequests: sendNotLeaderResponses
2024-01-30 07:48:48,864 [grpc-default-executor-7] INFO  server.GrpcServerProtocolService (GrpcServerProtocolService.java:onCompleted(157)) - 84e2f200-b83f-4514-9762-a3bf8832ea50: Completed APPEND_ENTRIES, lastRequest: 2a934876-6cad-418e-9d99-0b91c92fbe5b->84e2f200-b83f-4514-9762-a3bf8832ea50#1-t1,previous=(t:0, i:0),leaderCommit=-1,initializing? false,entries: size=1, first=(t:1, i:0), CONFIGURATIONENTRY(current:id: "84e2f200-b83f-4514-9762-a3bf8832ea50"
address: "10.1.0.48:15120"
dataStreamAddress: "10.1.0.48:15121"
clientAddress: "10.1.0.48:15118"
adminAddress: "10.1.0.48:15119"
startupRole: FOLLOWER
,id: "971c1615-1531-4bff-8b79-adf9a27d7f54"
address: "10.1.0.48:15129"
dataStreamAddress: "10.1.0.48:15130"
clientAddress: "10.1.0.48:15127"
adminAddress: "10.1.0.48:15128"
startupRole: FOLLOWER
,id: "2a934876-6cad-418e-9d99-0b91c92fbe5b"
address: "10.1.0.48:15111"
priority: 1
dataStreamAddress: "10.1.0.48:15112"
clientAddress: "10.1.0.48:15109"
adminAddress: "10.1.0.48:15110"
startupRole: FOLLOWER
, old:)
2024-01-30 07:48:48,864 [grpc-default-executor-7] INFO  server.GrpcServerProtocolService (GrpcServerProtocolService.java:lambda$onCompleted$5(159)) - 84e2f200-b83f-4514-9762-a3bf8832ea50: Completed APPEND_ENTRIES, lastReply: null
2024-01-30 07:48:48,864 [42bb30bf-6dde-4b10-b68e-ce189e81f0fd@group-D8FDF9F2816D-StateMachineUpdater] INFO  ratis.ContainerStateMachine (ContainerStateMachine.java:takeSnapshot(355)) - group-D8FDF9F2816D: Taking a snapshot at:(t:1, i:0) file /home/runner/work/ozone/ozone/hadoop-ozone/integration-test/target/test-dir/MiniOzoneClusterImpl-22134a4f-1b78-467c-b266-ccfd401dbc1a/datanode-5/data/ratis/a6df5248-7441-4f56-b9a1-d8fdf9f2816d/sm/snapshot.1_0
2024-01-30 07:48:48,865 [main] INFO  ozoneimpl.OzoneContainer (OzoneContainer.java:stop(479)) - Attempting to stop container services.
2024-01-30 07:48:48,864 [42bb30bf-6dde-4b10-b68e-ce189e81f0fd@group-D8FDF9F2816D-FollowerState] INFO  impl.FollowerState (FollowerState.java:run(152)) - 42bb30bf-6dde-4b10-b68e-ce189e81f0fd@group-D8FDF9F2816D-FollowerState was interrupted
2024-01-30 07:48:48,864 [42bb30bf-6dde-4b10-b68e-ce189e81f0fd-impl-thread1] INFO  impl.StateMachineUpdater (StateMachineUpdater.java:stopAndJoin(157)) - 42bb30bf-6dde-4b10-b68e-ce189e81f0fd@group-D8FDF9F2816D-StateMachineUpdater: set stopIndex = 0
2024-01-30 07:48:48,865 [42bb30bf-6dde-4b10-b68e-ce189e81f0fd@group-FB520FCB7D25->33e454d1-da2d-4d19-a678-883106399134-GrpcLogAppender-LogAppenderDaemon] WARN  server.GrpcLogAppender (GrpcLogAppender.java:mayWait(289)) - 42bb30bf-6dde-4b10-b68e-ce189e81f0fd@group-FB520FCB7D25->33e454d1-da2d-4d19-a678-883106399134-GrpcLogAppender: Wait interrupted by java.lang.InterruptedException
2024-01-30 07:48:48,865 [2a934876-6cad-418e-9d99-0b91c92fbe5b@group-07C1DF08F428-StateMachineUpdater] INFO  ratis.ContainerStateMachine (ContainerStateMachine.java:takeSnapshot(355)) - group-07C1DF08F428: Taking a snapshot at:(t:1, i:0) file /home/runner/work/ozone/ozone/hadoop-ozone/integration-test/target/test-dir/MiniOzoneClusterImpl-22134a4f-1b78-467c-b266-ccfd401dbc1a/datanode-0/data/ratis/cc4d22f2-9f3e-4340-9ad7-07c1df08f428/sm/snapshot.1_0
2024-01-30 07:48:48,865 [2a934876-6cad-418e-9d99-0b91c92fbe5b-impl-thread2] INFO  impl.PendingRequests (PendingRequests.java:sendNotLeaderResponses(289)) - 2a934876-6cad-418e-9d99-0b91c92fbe5b@group-5DF41746B7E3-PendingRequests: sendNotLeaderResponses
2024-01-30 07:48:48,865 [2a934876-6cad-418e-9d99-0b91c92fbe5b-impl-thread3] INFO  impl.StateMachineUpdater (StateMachineUpdater.java:stopAndJoin(157)) - 2a934876-6cad-418e-9d99-0b91c92fbe5b@group-07C1DF08F428-StateMachineUpdater: set stopIndex = 0
2024-01-30 07:48:48,865 [grpc-default-executor-8] INFO  server.GrpcServerProtocolService (GrpcServerProtocolService.java:lambda$onCompleted$5(159)) - 84e2f200-b83f-4514-9762-a3bf8832ea50: Completed APPEND_ENTRIES, lastReply: serverReply {
  requestorId: "2a934876-6cad-418e-9d99-0b91c92fbe5b"
  replyId: "84e2f200-b83f-4514-9762-a3bf8832ea50"
  raftGroupId {
    id: "\314M\"\362\237>C@\232\327\a\301\337\b\364("
  }
  callId: 7
  success: true
}
term: 1
nextIndex: 1
matchIndex: 18446744073709551615
isHearbeat: true

2024-01-30 07:48:48,866 [2a934876-6cad-418e-9d99-0b91c92fbe5b@group-5DF41746B7E3->33e454d1-da2d-4d19-a678-883106399134-GrpcLogAppender-LogAppenderDaemon] WARN  server.GrpcLogAppender (GrpcLogAppender.java:mayWait(289)) - 2a934876-6cad-418e-9d99-0b91c92fbe5b@group-5DF41746B7E3->33e454d1-da2d-4d19-a678-883106399134-GrpcLogAppender: Wait interrupted by java.lang.InterruptedException
2024-01-30 07:48:48,866 [42bb30bf-6dde-4b10-b68e-ce189e81f0fd@group-FB520FCB7D25->53433fb8-bbf6-4d1d-a4a4-8c4d503fb949-GrpcLogAppender-LogAppenderDaemon] WARN  server.GrpcLogAppender (GrpcLogAppender.java:mayWait(289)) - 42bb30bf-6dde-4b10-b68e-ce189e81f0fd@group-FB520FCB7D25->53433fb8-bbf6-4d1d-a4a4-8c4d503fb949-GrpcLogAppender: Wait interrupted by java.lang.InterruptedException
2024-01-30 07:48:48,866 [2a934876-6cad-418e-9d99-0b91c92fbe5b@group-07C1DF08F428-StateMachineUpdater] INFO  ratis.ContainerStateMachine (ContainerStateMachine.java:takeSnapshot(366)) - group-07C1DF08F428: Finished taking a snapshot at:(t:1, i:0) file:/home/runner/work/ozone/ozone/hadoop-ozone/integration-test/target/test-dir/MiniOzoneClusterImpl-22134a4f-1b78-467c-b266-ccfd401dbc1a/datanode-0/data/ratis/cc4d22f2-9f3e-4340-9ad7-07c1df08f428/sm/snapshot.1_0 took: 0 ms
2024-01-30 07:48:48,864 [grpc-default-executor-9] INFO  server.GrpcServerProtocolService (GrpcServerProtocolService.java:onCompleted(157)) - 971c1615-1531-4bff-8b79-adf9a27d7f54: Completed APPEND_ENTRIES, lastRequest: 2a934876-6cad-418e-9d99-0b91c92fbe5b->971c1615-1531-4bff-8b79-adf9a27d7f54#1-t1,previous=(t:0, i:0),leaderCommit=-1,initializing? false,entries: size=1, first=(t:1, i:0), CONFIGURATIONENTRY(current:id: "84e2f200-b83f-4514-9762-a3bf8832ea50"
address: "10.1.0.48:15120"
dataStreamAddress: "10.1.0.48:15121"
clientAddress: "10.1.0.48:15118"
adminAddress: "10.1.0.48:15119"
startupRole: FOLLOWER
,id: "971c1615-1531-4bff-8b79-adf9a27d7f54"
address: "10.1.0.48:15129"
dataStreamAddress: "10.1.0.48:15130"
clientAddress: "10.1.0.48:15127"
adminAddress: "10.1.0.48:15128"
startupRole: FOLLOWER
,id: "2a934876-6cad-418e-9d99-0b91c92fbe5b"
address: "10.1.0.48:15111"
priority: 1
dataStreamAddress: "10.1.0.48:15112"
clientAddress: "10.1.0.48:15109"
adminAddress: "10.1.0.48:15110"
startupRole: FOLLOWER
, old:)
2024-01-30 07:48:48,866 [2a934876-6cad-418e-9d99-0b91c92fbe5b@group-09F0C667257B-StateMachineUpdater] INFO  ratis.ContainerStateMachine (ContainerStateMachine.java:takeSnapshot(355)) - group-09F0C667257B: Taking a snapshot at:(t:1, i:0) file /home/runner/work/ozone/ozone/hadoop-ozone/integration-test/target/test-dir/MiniOzoneClusterImpl-22134a4f-1b78-467c-b266-ccfd401dbc1a/datanode-0/data/ratis/499ed13b-644a-4b8a-94b8-09f0c667257b/sm/snapshot.1_0
2024-01-30 07:48:48,868 [Thread-2689] INFO  server.GrpcServerProtocolClient (GrpcServerProtocolClient.java:close(103)) - 84e2f200-b83f-4514-9762-a3bf8832ea50 Close channels
2024-01-30 07:48:48,865 [2a934876-6cad-418e-9d99-0b91c92fbe5b-impl-thread1] INFO  impl.StateMachineUpdater (StateMachineUpdater.java:stopAndJoin(157)) - 2a934876-6cad-418e-9d99-0b91c92fbe5b@group-09F0C667257B-StateMachineUpdater: set stopIndex = 0
2024-01-30 07:48:48,865 [2a934876-6cad-418e-9d99-0b91c92fbe5b@group-5DF41746B7E3->53433fb8-bbf6-4d1d-a4a4-8c4d503fb949-GrpcLogAppender-LogAppenderDaemon] WARN  server.GrpcLogAppender (GrpcLogAppender.java:mayWait(289)) - 2a934876-6cad-418e-9d99-0b91c92fbe5b@group-5DF41746B7E3->53433fb8-bbf6-4d1d-a4a4-8c4d503fb949-GrpcLogAppender: Wait interrupted by java.lang.InterruptedException
2024-01-30 07:48:48,868 [grpc-default-executor-9] INFO  server.GrpcServerProtocolService (GrpcServerProtocolService.java:lambda$onCompleted$5(159)) - 971c1615-1531-4bff-8b79-adf9a27d7f54: Completed APPEND_ENTRIES, lastReply: null
2024-01-30 07:48:48,866 [42bb30bf-6dde-4b10-b68e-ce189e81f0fd@group-D8FDF9F2816D-StateMachineUpdater] INFO  ratis.ContainerStateMachine (ContainerStateMachine.java:takeSnapshot(366)) - group-D8FDF9F2816D: Finished taking a snapshot at:(t:1, i:0) file:/home/runner/work/ozone/ozone/hadoop-ozone/integration-test/target/test-dir/MiniOzoneClusterImpl-22134a4f-1b78-467c-b266-ccfd401dbc1a/datanode-5/data/ratis/a6df5248-7441-4f56-b9a1-d8fdf9f2816d/sm/snapshot.1_0 took: 2 ms
2024-01-30 07:48:48,869 [2a934876-6cad-418e-9d99-0b91c92fbe5b@group-09F0C667257B-StateMachineUpdater] INFO  ratis.ContainerStateMachine (ContainerStateMachine.java:takeSnapshot(366)) - group-09F0C667257B: Finished taking a snapshot at:(t:1, i:0) file:/home/runner/work/ozone/ozone/hadoop-ozone/integration-test/target/test-dir/MiniOzoneClusterImpl-22134a4f-1b78-467c-b266-ccfd401dbc1a/datanode-0/data/ratis/499ed13b-644a-4b8a-94b8-09f0c667257b/sm/snapshot.1_0 took: 3 ms
2024-01-30 07:48:48,869 [Thread-2691] INFO  server.GrpcServerProtocolClient (GrpcServerProtocolClient.java:close(103)) - 971c1615-1531-4bff-8b79-adf9a27d7f54 Close channels
2024-01-30 07:48:48,869 [grpc-default-executor-9] INFO  server.GrpcServerProtocolService (GrpcServerProtocolService.java:onCompleted(157)) - 53433fb8-bbf6-4d1d-a4a4-8c4d503fb949: Completed APPEND_ENTRIES, lastRequest: 2a934876-6cad-418e-9d99-0b91c92fbe5b->53433fb8-bbf6-4d1d-a4a4-8c4d503fb949#1-t1,previous=(t:0, i:0),leaderCommit=-1,initializing? false,entries: size=1, first=(t:1, i:0), CONFIGURATIONENTRY(current:id: "53433fb8-bbf6-4d1d-a4a4-8c4d503fb949"
address: "10.1.0.48:15147"
dataStreamAddress: "10.1.0.48:15148"
clientAddress: "10.1.0.48:15145"
adminAddress: "10.1.0.48:15146"
startupRole: FOLLOWER
,id: "2a934876-6cad-418e-9d99-0b91c92fbe5b"
address: "10.1.0.48:15111"
priority: 1
dataStreamAddress: "10.1.0.48:15112"
clientAddress: "10.1.0.48:15109"
adminAddress: "10.1.0.48:15110"
startupRole: FOLLOWER
,id: "33e454d1-da2d-4d19-a678-883106399134"
address: "10.1.0.48:15138"
dataStreamAddress: "10.1.0.48:15139"
clientAddress: "10.1.0.48:15136"
adminAddress: "10.1.0.48:15137"
startupRole: FOLLOWER
, old:)
2024-01-30 07:48:48,869 [grpc-default-executor-2] INFO  server.GrpcServerProtocolService (GrpcServerProtocolService.java:onCompleted(157)) - 33e454d1-da2d-4d19-a678-883106399134: Completed APPEND_ENTRIES, lastRequest: 42bb30bf-6dde-4b10-b68e-ce189e81f0fd->33e454d1-da2d-4d19-a678-883106399134#1-t1,previous=(t:0, i:0),leaderCommit=-1,initializing? false,entries: size=1, first=(t:1, i:0), CONFIGURATIONENTRY(current:id: "42bb30bf-6dde-4b10-b68e-ce189e81f0fd"
address: "10.1.0.48:15156"
priority: 1
dataStreamAddress: "10.1.0.48:15157"
clientAddress: "10.1.0.48:15154"
adminAddress: "10.1.0.48:15155"
startupRole: FOLLOWER
,id: "53433fb8-bbf6-4d1d-a4a4-8c4d503fb949"
address: "10.1.0.48:15147"
dataStreamAddress: "10.1.0.48:15148"
clientAddress: "10.1.0.48:15145"
adminAddress: "10.1.0.48:15146"
startupRole: FOLLOWER
,id: "33e454d1-da2d-4d19-a678-883106399134"
address: "10.1.0.48:15138"
dataStreamAddress: "10.1.0.48:15139"
clientAddress: "10.1.0.48:15136"
adminAddress: "10.1.0.48:15137"
startupRole: FOLLOWER
, old:)
2024-01-30 07:48:48,870 [Thread-2690] INFO  server.GrpcServerProtocolClient (GrpcServerProtocolClient.java:close(103)) - 53433fb8-bbf6-4d1d-a4a4-8c4d503fb949 Close channels
2024-01-30 07:48:48,870 [grpc-default-executor-2] INFO  server.GrpcServerProtocolService (GrpcServerProtocolService.java:lambda$onCompleted$5(159)) - 33e454d1-da2d-4d19-a678-883106399134: Completed APPEND_ENTRIES, lastReply: null
2024-01-30 07:48:48,869 [grpc-default-executor-9] INFO  server.GrpcServerProtocolService (GrpcServerProtocolService.java:lambda$onCompleted$5(159)) - 53433fb8-bbf6-4d1d-a4a4-8c4d503fb949: Completed APPEND_ENTRIES, lastReply: null
2024-01-30 07:48:48,870 [grpc-default-executor-6] INFO  server.GrpcServerProtocolService (GrpcServerProtocolService.java:onCompleted(157)) - 33e454d1-da2d-4d19-a678-883106399134: Completed APPEND_ENTRIES, lastRequest: null
2024-01-30 07:48:48,870 [grpc-default-executor-9] INFO  server.GrpcLogAppender (GrpcLogAppender.java:onCompleted(546)) - 42bb30bf-6dde-4b10-b68e-ce189e81f0fd@group-FB520FCB7D25->33e454d1-da2d-4d19-a678-883106399134-AppendLogResponseHandler: follower responses appendEntries COMPLETED
2024-01-30 07:48:48,871 [grpc-default-executor-5] INFO  server.GrpcLogAppender (GrpcLogAppender.java:onCompleted(546)) - 2a934876-6cad-418e-9d99-0b91c92fbe5b@group-07C1DF08F428->84e2f200-b83f-4514-9762-a3bf8832ea50-AppendLogResponseHandler: follower responses appendEntries COMPLETED
2024-01-30 07:48:48,871 [grpc-default-executor-6] INFO  server.GrpcServerProtocolService (GrpcServerProtocolService.java:lambda$onCompleted$5(159)) - 33e454d1-da2d-4d19-a678-883106399134: Completed APPEND_ENTRIES, lastReply: serverReply {
  requestorId: "42bb30bf-6dde-4b10-b68e-ce189e81f0fd"
  replyId: "33e454d1-da2d-4d19-a678-883106399134"
  raftGroupId {
    id: "\353\006{\331\305\326Lh\213*\373R\017\313}%"
  }
  callId: 4
  success: true
}
term: 1
nextIndex: 1
matchIndex: 18446744073709551615
isHearbeat: true

2024-01-30 07:48:48,871 [grpc-default-executor-8] INFO  server.GrpcLogAppender (GrpcLogAppender.java:onCompleted(546)) - 2a934876-6cad-418e-9d99-0b91c92fbe5b@group-07C1DF08F428->84e2f200-b83f-4514-9762-a3bf8832ea50-AppendLogResponseHandler: follower responses appendEntries COMPLETED
2024-01-30 07:48:48,874 [ForkJoinPool.commonPool-worker-3] INFO  server.RaftServer (RaftServerProxy.java:lambda$close$9(416)) - 84e2f200-b83f-4514-9762-a3bf8832ea50: close
2024-01-30 07:48:48,875 [84e2f200-b83f-4514-9762-a3bf8832ea50-impl-thread1] INFO  server.RaftServer$Division (RaftServerImpl.java:lambda$close$3(526)) - 84e2f200-b83f-4514-9762-a3bf8832ea50@group-09F0C667257B: shutdown
2024-01-30 07:48:48,875 [84e2f200-b83f-4514-9762-a3bf8832ea50-impl-thread1] INFO  util.JmxRegister (JmxRegister.java:unregister(73)) - Successfully un-registered JMX Bean with object name Ratis:service=RaftServer,group=group-09F0C667257B,id=84e2f200-b83f-4514-9762-a3bf8832ea50
2024-01-30 07:48:48,875 [84e2f200-b83f-4514-9762-a3bf8832ea50-impl-thread1] INFO  impl.RoleInfo (RoleInfo.java:shutdownLeaderState(94)) - 84e2f200-b83f-4514-9762-a3bf8832ea50: shutdown 84e2f200-b83f-4514-9762-a3bf8832ea50@group-09F0C667257B-LeaderStateImpl
2024-01-30 07:48:48,875 [42bb30bf-6dde-4b10-b68e-ce189e81f0fd-impl-thread2] INFO  impl.StateMachineUpdater (StateMachineUpdater.java:stopAndJoin(157)) - 42bb30bf-6dde-4b10-b68e-ce189e81f0fd@group-FB520FCB7D25-StateMachineUpdater: set stopIndex = 0
2024-01-30 07:48:48,875 [main] INFO  server.RaftServer (RaftServerProxy.java:lambda$close$9(416)) - 33e454d1-da2d-4d19-a678-883106399134: close
2024-01-30 07:48:48,875 [42bb30bf-6dde-4b10-b68e-ce189e81f0fd@group-FB520FCB7D25-StateMachineUpdater] INFO  ratis.ContainerStateMachine (ContainerStateMachine.java:takeSnapshot(355)) - group-FB520FCB7D25: Taking a snapshot at:(t:1, i:0) file /home/runner/work/ozone/ozone/hadoop-ozone/integration-test/target/test-dir/MiniOzoneClusterImpl-22134a4f-1b78-467c-b266-ccfd401dbc1a/datanode-5/data/ratis/eb067bd9-c5d6-4c68-8b2a-fb520fcb7d25/sm/snapshot.1_0
2024-01-30 07:48:48,875 [Thread-2698] INFO  server.GrpcServerProtocolClient (GrpcServerProtocolClient.java:close(103)) - 33e454d1-da2d-4d19-a678-883106399134 Close channels
2024-01-30 07:48:48,875 [Thread-2697] INFO  server.GrpcServerProtocolClient (GrpcServerProtocolClient.java:close(103)) - 53433fb8-bbf6-4d1d-a4a4-8c4d503fb949 Close channels
2024-01-30 07:48:48,875 [84e2f200-b83f-4514-9762-a3bf8832ea50-impl-thread2] INFO  server.RaftServer$Division (RaftServerImpl.java:lambda$close$3(526)) - 84e2f200-b83f-4514-9762-a3bf8832ea50@group-07C1DF08F428: shutdown
2024-01-30 07:48:48,876 [grpc-default-executor-7] INFO  server.GrpcServerProtocolService (GrpcServerProtocolService.java:onCompleted(157)) - 53433fb8-bbf6-4d1d-a4a4-8c4d503fb949: Completed APPEND_ENTRIES, lastRequest: null
2024-01-30 07:48:48,876 [grpc-default-executor-9] INFO  server.GrpcServerProtocolService (GrpcServerProtocolService.java:onCompleted(157)) - 33e454d1-da2d-4d19-a678-883106399134: Completed APPEND_ENTRIES, lastRequest: null
2024-01-30 07:48:48,876 [42bb30bf-6dde-4b10-b68e-ce189e81f0fd@group-D8FDF9F2816D-StateMachineUpdater] INFO  impl.StateMachineUpdater (StateMachineUpdater.java:takeSnapshot(295)) - 42bb30bf-6dde-4b10-b68e-ce189e81f0fd@group-D8FDF9F2816D-StateMachineUpdater: Took a snapshot at index 0
2024-01-30 07:48:48,876 [42bb30bf-6dde-4b10-b68e-ce189e81f0fd@group-D8FDF9F2816D-StateMachineUpdater] INFO  impl.StateMachineUpdater (StateMachineUpdater.java:lambda$new$0(98)) - 42bb30bf-6dde-4b10-b68e-ce189e81f0fd@group-D8FDF9F2816D-StateMachineUpdater: snapshotIndex: updateIncreasingly -1 -> 0
2024-01-30 07:48:48,876 [33e454d1-da2d-4d19-a678-883106399134-impl-thread2] INFO  server.RaftServer$Division (RaftServerImpl.java:lambda$close$3(526)) - 33e454d1-da2d-4d19-a678-883106399134@group-5DF41746B7E3: shutdown
2024-01-30 07:48:48,876 [33e454d1-da2d-4d19-a678-883106399134-impl-thread2] INFO  util.JmxRegister (JmxRegister.java:unregister(73)) - Successfully un-registered JMX Bean with object name Ratis:service=RaftServer,group=group-5DF41746B7E3,id=33e454d1-da2d-4d19-a678-883106399134
2024-01-30 07:48:48,876 [33e454d1-da2d-4d19-a678-883106399134-impl-thread2] INFO  impl.RoleInfo (RoleInfo.java:shutdownFollowerState(110)) - 33e454d1-da2d-4d19-a678-883106399134: shutdown 33e454d1-da2d-4d19-a678-883106399134@group-5DF41746B7E3-FollowerState
2024-01-30 07:48:48,877 [33e454d1-da2d-4d19-a678-883106399134-impl-thread3] INFO  server.RaftServer$Division (RaftServerImpl.java:lambda$close$3(526)) - 33e454d1-da2d-4d19-a678-883106399134@group-FB520FCB7D25: shutdown
2024-01-30 07:48:48,876 [84e2f200-b83f-4514-9762-a3bf8832ea50-impl-thread2] INFO  util.JmxRegister (JmxRegister.java:unregister(73)) - Successfully un-registered JMX Bean with object name Ratis:service=RaftServer,group=group-07C1DF08F428,id=84e2f200-b83f-4514-9762-a3bf8832ea50
2024-01-30 07:48:48,877 [84e2f200-b83f-4514-9762-a3bf8832ea50-impl-thread2] INFO  impl.RoleInfo (RoleInfo.java:shutdownFollowerState(110)) - 84e2f200-b83f-4514-9762-a3bf8832ea50: shutdown 84e2f200-b83f-4514-9762-a3bf8832ea50@group-07C1DF08F428-FollowerState
2024-01-30 07:48:48,877 [2a934876-6cad-418e-9d99-0b91c92fbe5b@group-07C1DF08F428-StateMachineUpdater] INFO  impl.StateMachineUpdater (StateMachineUpdater.java:takeSnapshot(295)) - 2a934876-6cad-418e-9d99-0b91c92fbe5b@group-07C1DF08F428-StateMachineUpdater: Took a snapshot at index 0
2024-01-30 07:48:48,877 [33e454d1-da2d-4d19-a678-883106399134-impl-thread3] INFO  util.JmxRegister (JmxRegister.java:unregister(73)) - Successfully un-registered JMX Bean with object name Ratis:service=RaftServer,group=group-FB520FCB7D25,id=33e454d1-da2d-4d19-a678-883106399134
2024-01-30 07:48:48,877 [33e454d1-da2d-4d19-a678-883106399134-impl-thread3] INFO  impl.RoleInfo (RoleInfo.java:shutdownFollowerState(110)) - 33e454d1-da2d-4d19-a678-883106399134: shutdown 33e454d1-da2d-4d19-a678-883106399134@group-FB520FCB7D25-FollowerState
2024-01-30 07:48:48,876 [2a934876-6cad-418e-9d99-0b91c92fbe5b@group-09F0C667257B-FollowerState] INFO  impl.FollowerState (FollowerState.java:run(152)) - 2a934876-6cad-418e-9d99-0b91c92fbe5b@group-09F0C667257B-FollowerState was interrupted
2024-01-30 07:48:48,877 [42bb30bf-6dde-4b10-b68e-ce189e81f0fd-impl-thread1] INFO  server.RaftServer$Division (ServerState.java:close(427)) - 42bb30bf-6dde-4b10-b68e-ce189e81f0fd@group-D8FDF9F2816D: applyIndex: 0
2024-01-30 07:48:48,875 [33e454d1-da2d-4d19-a678-883106399134-impl-thread1] INFO  server.RaftServer$Division (RaftServerImpl.java:lambda$close$3(526)) - 33e454d1-da2d-4d19-a678-883106399134@group-D8FDF9F2816D: shutdown
2024-01-30 07:48:48,877 [33e454d1-da2d-4d19-a678-883106399134-impl-thread1] INFO  util.JmxRegister (JmxRegister.java:unregister(73)) - Successfully un-registered JMX Bean with object name Ratis:service=RaftServer,group=group-D8FDF9F2816D,id=33e454d1-da2d-4d19-a678-883106399134
2024-01-30 07:48:48,877 [33e454d1-da2d-4d19-a678-883106399134-impl-thread1] INFO  impl.RoleInfo (RoleInfo.java:shutdownLeaderState(94)) - 33e454d1-da2d-4d19-a678-883106399134: shutdown 33e454d1-da2d-4d19-a678-883106399134@group-D8FDF9F2816D-LeaderStateImpl
2024-01-30 07:48:48,877 [2a934876-6cad-418e-9d99-0b91c92fbe5b@group-07C1DF08F428-StateMachineUpdater] INFO  impl.StateMachineUpdater (StateMachineUpdater.java:lambda$new$0(98)) - 2a934876-6cad-418e-9d99-0b91c92fbe5b@group-07C1DF08F428-StateMachineUpdater: snapshotIndex: updateIncreasingly -1 -> 0
2024-01-30 07:48:48,878 [grpc-default-executor-5] WARN  server.GrpcLogAppender (GrpcLogAppender.java:resetClient(226)) - 2a934876-6cad-418e-9d99-0b91c92fbe5b@group-07C1DF08F428->84e2f200-b83f-4514-9762-a3bf8832ea50-GrpcLogAppender: Failed to getClient for 84e2f200-b83f-4514-9762-a3bf8832ea50
org.apache.ratis.protocol.exceptions.AlreadyClosedException: 2a934876-6cad-418e-9d99-0b91c92fbe5b is already CLOSED
	at org.apache.ratis.util.PeerProxyMap$PeerAndProxy.getProxy(PeerProxyMap.java:65)
	at org.apache.ratis.util.PeerProxyMap.getProxy(PeerProxyMap.java:114)
	at org.apache.ratis.grpc.server.GrpcLogAppender.getClient(GrpcLogAppender.java:196)
	at org.apache.ratis.grpc.server.GrpcLogAppender.resetClient(GrpcLogAppender.java:201)
	at org.apache.ratis.grpc.server.GrpcLogAppender.access$800(GrpcLogAppender.java:62)
	at org.apache.ratis.grpc.server.GrpcLogAppender$AppendLogResponseHandler.onCompleted(GrpcLogAppender.java:547)
	at org.apache.ratis.thirdparty.io.grpc.stub.ClientCalls$StreamObserverToCallListenerAdapter.onClose(ClientCalls.java:479)
	at org.apache.ratis.thirdparty.io.grpc.internal.DelayedClientCall$DelayedListener$3.run(DelayedClientCall.java:489)
	at org.apache.ratis.thirdparty.io.grpc.internal.DelayedClientCall$DelayedListener.delayOrExecute(DelayedClientCall.java:453)
	at org.apache.ratis.thirdparty.io.grpc.internal.DelayedClientCall$DelayedListener.onClose(DelayedClientCall.java:486)
	at org.apache.ratis.thirdparty.io.grpc.internal.ClientCallImpl.closeObserver(ClientCallImpl.java:567)
	at org.apache.ratis.thirdparty.io.grpc.internal.ClientCallImpl.access$300(ClientCallImpl.java:71)
	at org.apache.ratis.thirdparty.io.grpc.internal.ClientCallImpl$ClientStreamListenerImpl$1StreamClosed.runInternal(ClientCallImpl.java:735)
	at org.apache.ratis.thirdparty.io.grpc.internal.ClientCallImpl$ClientStreamListenerImpl$1StreamClosed.runInContext(ClientCallImpl.java:716)
	at org.apache.ratis.thirdparty.io.grpc.internal.ContextRunnable.run(ContextRunnable.java:37)
	at org.apache.ratis.thirdparty.io.grpc.internal.SerializingExecutor.run(SerializingExecutor.java:133)
	at java.util.concurrent.ThreadPoolExecutor.runWorker(ThreadPoolExecutor.java:1149)
	at java.util.concurrent.ThreadPoolExecutor$Worker.run(ThreadPoolExecutor.java:624)
	at java.lang.Thread.run(Thread.java:750)
2024-01-30 07:48:48,878 [33e454d1-da2d-4d19-a678-883106399134-impl-thread4] INFO  server.RaftServer$Division (RaftServerImpl.java:lambda$close$3(526)) - 33e454d1-da2d-4d19-a678-883106399134@group-AA3E182905E7: shutdown
2024-01-30 07:48:48,876 [grpc-default-executor-7] INFO  server.GrpcServerProtocolService (GrpcServerProtocolService.java:lambda$onCompleted$5(159)) - 53433fb8-bbf6-4d1d-a4a4-8c4d503fb949: Completed APPEND_ENTRIES, lastReply: serverReply {
  requestorId: "42bb30bf-6dde-4b10-b68e-ce189e81f0fd"
  replyId: "53433fb8-bbf6-4d1d-a4a4-8c4d503fb949"
  raftGroupId {
    id: "\353\006{\331\305\326Lh\213*\373R\017\313}%"
  }
  callId: 6
  success: true
}
term: 1
nextIndex: 1
matchIndex: 18446744073709551615
isHearbeat: true

2024-01-30 07:48:48,876 [2a934876-6cad-418e-9d99-0b91c92fbe5b@group-09F0C667257B-StateMachineUpdater] INFO  impl.StateMachineUpdater (StateMachineUpdater.java:takeSnapshot(295)) - 2a934876-6cad-418e-9d99-0b91c92fbe5b@group-09F0C667257B-StateMachineUpdater: Took a snapshot at index 0
2024-01-30 07:48:48,878 [2a934876-6cad-418e-9d99-0b91c92fbe5b@group-09F0C667257B-StateMachineUpdater] INFO  impl.StateMachineUpdater (StateMachineUpdater.java:lambda$new$0(98)) - 2a934876-6cad-418e-9d99-0b91c92fbe5b@group-09F0C667257B-StateMachineUpdater: snapshotIndex: updateIncreasingly -1 -> 0
2024-01-30 07:48:48,876 [42bb30bf-6dde-4b10-b68e-ce189e81f0fd@group-FB520FCB7D25-StateMachineUpdater] INFO  ratis.ContainerStateMachine (ContainerStateMachine.java:takeSnapshot(366)) - group-FB520FCB7D25: Finished taking a snapshot at:(t:1, i:0) file:/home/runner/work/ozone/ozone/hadoop-ozone/integration-test/target/test-dir/MiniOzoneClusterImpl-22134a4f-1b78-467c-b266-ccfd401dbc1a/datanode-5/data/ratis/eb067bd9-c5d6-4c68-8b2a-fb520fcb7d25/sm/snapshot.1_0 took: 1 ms
2024-01-30 07:48:48,878 [42bb30bf-6dde-4b10-b68e-ce189e81f0fd@group-FB520FCB7D25-StateMachineUpdater] INFO  impl.StateMachineUpdater (StateMachineUpdater.java:takeSnapshot(295)) - 42bb30bf-6dde-4b10-b68e-ce189e81f0fd@group-FB520FCB7D25-StateMachineUpdater: Took a snapshot at index 0
2024-01-30 07:48:48,878 [42bb30bf-6dde-4b10-b68e-ce189e81f0fd@group-FB520FCB7D25-StateMachineUpdater] INFO  impl.StateMachineUpdater (StateMachineUpdater.java:lambda$new$0(98)) - 42bb30bf-6dde-4b10-b68e-ce189e81f0fd@group-FB520FCB7D25-StateMachineUpdater: snapshotIndex: updateIncreasingly -1 -> 0
2024-01-30 07:48:48,878 [grpc-default-executor-8] WARN  server.GrpcLogAppender (GrpcLogAppender.java:resetClient(226)) - 2a934876-6cad-418e-9d99-0b91c92fbe5b@group-07C1DF08F428->84e2f200-b83f-4514-9762-a3bf8832ea50-GrpcLogAppender: Failed to getClient for 84e2f200-b83f-4514-9762-a3bf8832ea50
org.apache.ratis.protocol.exceptions.AlreadyClosedException: 2a934876-6cad-418e-9d99-0b91c92fbe5b is already CLOSED
	at org.apache.ratis.util.PeerProxyMap$PeerAndProxy.getProxy(PeerProxyMap.java:65)
	at org.apache.ratis.util.PeerProxyMap.getProxy(PeerProxyMap.java:114)
	at org.apache.ratis.grpc.server.GrpcLogAppender.getClient(GrpcLogAppender.java:196)
	at org.apache.ratis.grpc.server.GrpcLogAppender.resetClient(GrpcLogAppender.java:201)
	at org.apache.ratis.grpc.server.GrpcLogAppender.access$800(GrpcLogAppender.java:62)
	at org.apache.ratis.grpc.server.GrpcLogAppender$AppendLogResponseHandler.onCompleted(GrpcLogAppender.java:547)
	at org.apache.ratis.thirdparty.io.grpc.stub.ClientCalls$StreamObserverToCallListenerAdapter.onClose(ClientCalls.java:479)
	at org.apache.ratis.thirdparty.io.grpc.internal.ClientCallImpl.closeObserver(ClientCallImpl.java:567)
	at org.apache.ratis.thirdparty.io.grpc.internal.ClientCallImpl.access$300(ClientCallImpl.java:71)
	at org.apache.ratis.thirdparty.io.grpc.internal.ClientCallImpl$ClientStreamListenerImpl$1StreamClosed.runInternal(ClientCallImpl.java:735)
	at org.apache.ratis.thirdparty.io.grpc.internal.ClientCallImpl$ClientStreamListenerImpl$1StreamClosed.runInContext(ClientCallImpl.java:716)
	at org.apache.ratis.thirdparty.io.grpc.internal.ContextRunnable.run(ContextRunnable.java:37)
	at org.apache.ratis.thirdparty.io.grpc.internal.SerializingExecutor.run(SerializingExecutor.java:133)
	at java.util.concurrent.ThreadPoolExecutor.runWorker(ThreadPoolExecutor.java:1149)
	at java.util.concurrent.ThreadPoolExecutor$Worker.run(ThreadPoolExecutor.java:624)
	at java.lang.Thread.run(Thread.java:750)
2024-01-30 07:48:48,878 [main] INFO  server.GrpcService (GrpcService.java:closeImpl(311)) - 33e454d1-da2d-4d19-a678-883106399134: shutdown server org.apache.ratis.grpc.server.GrpcClientProtocolService now
2024-01-30 07:48:48,878 [2a934876-6cad-418e-9d99-0b91c92fbe5b-impl-thread3] INFO  server.RaftServer$Division (ServerState.java:close(427)) - 2a934876-6cad-418e-9d99-0b91c92fbe5b@group-07C1DF08F428: applyIndex: 0
2024-01-30 07:48:48,878 [grpc-default-executor-9] INFO  server.GrpcServerProtocolService (GrpcServerProtocolService.java:lambda$onCompleted$5(159)) - 33e454d1-da2d-4d19-a678-883106399134: Completed APPEND_ENTRIES, lastReply: serverReply {
  requestorId: "2a934876-6cad-418e-9d99-0b91c92fbe5b"
  replyId: "33e454d1-da2d-4d19-a678-883106399134"
  raftGroupId {
    id: "q \340\311@\360O\271\256\307]\364\027F\267\343"
  }
  success: true
}
term: 1
nextIndex: 1
followerCommit: 18446744073709551615
matchIndex: 18446744073709551615
isHearbeat: true

2024-01-30 07:48:48,880 [33e454d1-da2d-4d19-a678-883106399134-impl-thread4] INFO  util.JmxRegister (JmxRegister.java:unregister(73)) - Successfully un-registered JMX Bean with object name Ratis:service=RaftServer,group=group-AA3E182905E7,id=33e454d1-da2d-4d19-a678-883106399134
2024-01-30 07:48:48,880 [2a934876-6cad-418e-9d99-0b91c92fbe5b-impl-thread1] INFO  server.RaftServer$Division (ServerState.java:close(427)) - 2a934876-6cad-418e-9d99-0b91c92fbe5b@group-09F0C667257B: applyIndex: 0
2024-01-30 07:48:48,880 [42bb30bf-6dde-4b10-b68e-ce189e81f0fd-impl-thread2] INFO  server.RaftServer$Division (ServerState.java:close(427)) - 42bb30bf-6dde-4b10-b68e-ce189e81f0fd@group-FB520FCB7D25: applyIndex: 0
2024-01-30 07:48:48,880 [33e454d1-da2d-4d19-a678-883106399134-impl-thread4] INFO  impl.RoleInfo (RoleInfo.java:shutdownLeaderState(94)) - 33e454d1-da2d-4d19-a678-883106399134: shutdown 33e454d1-da2d-4d19-a678-883106399134@group-AA3E182905E7-LeaderStateImpl
2024-01-30 07:48:48,880 [2a934876-6cad-418e-9d99-0b91c92fbe5b@group-09F0C667257B-cacheEviction-AwaitToRun] INFO  util.AwaitToRun (AwaitToRun.java:run(49)) - 2a934876-6cad-418e-9d99-0b91c92fbe5b@group-09F0C667257B-cacheEviction-AwaitToRun-AwaitForSignal is interrupted
2024-01-30 07:48:48,880 [84e2f200-b83f-4514-9762-a3bf8832ea50-impl-thread3] INFO  server.RaftServer$Division (RaftServerImpl.java:lambda$close$3(526)) - 84e2f200-b83f-4514-9762-a3bf8832ea50@group-5A6D2AF928DF: shutdown
2024-01-30 07:48:48,880 [84e2f200-b83f-4514-9762-a3bf8832ea50-impl-thread3] INFO  util.JmxRegister (JmxRegister.java:unregister(73)) - Successfully un-registered JMX Bean with object name Ratis:service=RaftServer,group=group-5A6D2AF928DF,id=84e2f200-b83f-4514-9762-a3bf8832ea50
2024-01-30 07:48:48,880 [ForkJoinPool.commonPool-worker-3] INFO  server.GrpcService (GrpcService.java:closeImpl(311)) - 84e2f200-b83f-4514-9762-a3bf8832ea50: shutdown server org.apache.ratis.grpc.server.GrpcClientProtocolService now
2024-01-30 07:48:48,880 [84e2f200-b83f-4514-9762-a3bf8832ea50-impl-thread3] INFO  impl.RoleInfo (RoleInfo.java:shutdownLeaderState(94)) - 84e2f200-b83f-4514-9762-a3bf8832ea50: shutdown 84e2f200-b83f-4514-9762-a3bf8832ea50@group-5A6D2AF928DF-LeaderStateImpl
2024-01-30 07:48:48,881 [84e2f200-b83f-4514-9762-a3bf8832ea50-impl-thread4] INFO  server.RaftServer$Division (RaftServerImpl.java:lambda$close$3(526)) - 84e2f200-b83f-4514-9762-a3bf8832ea50@group-AA3E182905E7: shutdown
2024-01-30 07:48:48,881 [84e2f200-b83f-4514-9762-a3bf8832ea50-impl-thread4] INFO  util.JmxRegister (JmxRegister.java:unregister(73)) - Successfully un-registered JMX Bean with object name Ratis:service=RaftServer,group=group-AA3E182905E7,id=84e2f200-b83f-4514-9762-a3bf8832ea50
2024-01-30 07:48:48,881 [Thread-2693] INFO  server.GrpcServerProtocolClient (GrpcServerProtocolClient.java:close(103)) - 33e454d1-da2d-4d19-a678-883106399134 Close channels
2024-01-30 07:48:48,881 [2a934876-6cad-418e-9d99-0b91c92fbe5b-impl-thread4] INFO  impl.StateMachineUpdater (StateMachineUpdater.java:stopAndJoin(157)) - 2a934876-6cad-418e-9d99-0b91c92fbe5b@group-5A6D2AF928DF-StateMachineUpdater: set stopIndex = -1
2024-01-30 07:48:48,881 [84e2f200-b83f-4514-9762-a3bf8832ea50@group-09F0C667257B->2a934876-6cad-418e-9d99-0b91c92fbe5b-GrpcLogAppender-LogAppenderDaemon] WARN  server.GrpcLogAppender (GrpcLogAppender.java:mayWait(289)) - 84e2f200-b83f-4514-9762-a3bf8832ea50@group-09F0C667257B->2a934876-6cad-418e-9d99-0b91c92fbe5b-GrpcLogAppender: Wait interrupted by java.lang.InterruptedException
2024-01-30 07:48:48,881 [84e2f200-b83f-4514-9762-a3bf8832ea50-impl-thread1] INFO  impl.PendingRequests (PendingRequests.java:sendNotLeaderResponses(289)) - 84e2f200-b83f-4514-9762-a3bf8832ea50@group-09F0C667257B-PendingRequests: sendNotLeaderResponses
2024-01-30 07:48:48,880 [84e2f200-b83f-4514-9762-a3bf8832ea50@group-09F0C667257B->971c1615-1531-4bff-8b79-adf9a27d7f54-GrpcLogAppender-LogAppenderDaemon] WARN  server.GrpcLogAppender (GrpcLogAppender.java:mayWait(289)) - 84e2f200-b83f-4514-9762-a3bf8832ea50@group-09F0C667257B->971c1615-1531-4bff-8b79-adf9a27d7f54-GrpcLogAppender: Wait interrupted by java.lang.InterruptedException
2024-01-30 07:48:48,881 [Thread-2705] INFO  server.GrpcServerProtocolClient (GrpcServerProtocolClient.java:close(103)) - 971c1615-1531-4bff-8b79-adf9a27d7f54 Close channels
2024-01-30 07:48:48,881 [2a934876-6cad-418e-9d99-0b91c92fbe5b-impl-thread4] INFO  server.RaftServer$Division (ServerState.java:close(427)) - 2a934876-6cad-418e-9d99-0b91c92fbe5b@group-5A6D2AF928DF: applyIndex: -1
2024-01-30 07:48:48,881 [84e2f200-b83f-4514-9762-a3bf8832ea50-impl-thread1] INFO  impl.StateMachineUpdater (StateMachineUpdater.java:stopAndJoin(157)) - 84e2f200-b83f-4514-9762-a3bf8832ea50@group-09F0C667257B-StateMachineUpdater: set stopIndex = 0
2024-01-30 07:48:48,881 [84e2f200-b83f-4514-9762-a3bf8832ea50@group-09F0C667257B-StateMachineUpdater] INFO  ratis.ContainerStateMachine (ContainerStateMachine.java:takeSnapshot(355)) - group-09F0C667257B: Taking a snapshot at:(t:1, i:0) file /home/runner/work/ozone/ozone/hadoop-ozone/integration-test/target/test-dir/MiniOzoneClusterImpl-22134a4f-1b78-467c-b266-ccfd401dbc1a/datanode-1/data/ratis/499ed13b-644a-4b8a-94b8-09f0c667257b/sm/snapshot.1_0
2024-01-30 07:48:48,881 [Thread-2706] INFO  server.GrpcServerProtocolClient (GrpcServerProtocolClient.java:close(103)) - 2a934876-6cad-418e-9d99-0b91c92fbe5b Close channels
2024-01-30 07:48:48,881 [84e2f200-b83f-4514-9762-a3bf8832ea50-impl-thread4] INFO  impl.RoleInfo (RoleInfo.java:shutdownFollowerState(110)) - 84e2f200-b83f-4514-9762-a3bf8832ea50: shutdown 84e2f200-b83f-4514-9762-a3bf8832ea50@group-AA3E182905E7-FollowerState
2024-01-30 07:48:48,882 [84e2f200-b83f-4514-9762-a3bf8832ea50@group-09F0C667257B-StateMachineUpdater] INFO  ratis.ContainerStateMachine (ContainerStateMachine.java:takeSnapshot(366)) - group-09F0C667257B: Finished taking a snapshot at:(t:1, i:0) file:/home/runner/work/ozone/ozone/hadoop-ozone/integration-test/target/test-dir/MiniOzoneClusterImpl-22134a4f-1b78-467c-b266-ccfd401dbc1a/datanode-1/data/ratis/499ed13b-644a-4b8a-94b8-09f0c667257b/sm/snapshot.1_0 took: 0 ms
2024-01-30 07:48:48,882 [84e2f200-b83f-4514-9762-a3bf8832ea50@group-09F0C667257B-StateMachineUpdater] INFO  impl.StateMachineUpdater (StateMachineUpdater.java:takeSnapshot(295)) - 84e2f200-b83f-4514-9762-a3bf8832ea50@group-09F0C667257B-StateMachineUpdater: Took a snapshot at index 0
2024-01-30 07:48:48,882 [84e2f200-b83f-4514-9762-a3bf8832ea50@group-09F0C667257B-StateMachineUpdater] INFO  impl.StateMachineUpdater (StateMachineUpdater.java:lambda$new$0(98)) - 84e2f200-b83f-4514-9762-a3bf8832ea50@group-09F0C667257B-StateMachineUpdater: snapshotIndex: updateIncreasingly -1 -> 0
2024-01-30 07:48:48,882 [84e2f200-b83f-4514-9762-a3bf8832ea50-impl-thread1] INFO  server.RaftServer$Division (ServerState.java:close(427)) - 84e2f200-b83f-4514-9762-a3bf8832ea50@group-09F0C667257B: applyIndex: 0
2024-01-30 07:48:48,882 [Thread-2707] INFO  server.GrpcServerProtocolClient (GrpcServerProtocolClient.java:close(103)) - 33e454d1-da2d-4d19-a678-883106399134 Close channels
2024-01-30 07:48:48,884 [2a934876-6cad-418e-9d99-0b91c92fbe5b-impl-thread2] INFO  impl.StateMachineUpdater (StateMachineUpdater.java:stopAndJoin(157)) - 2a934876-6cad-418e-9d99-0b91c92fbe5b@group-5DF41746B7E3-StateMachineUpdater: set stopIndex = 0
2024-01-30 07:48:48,884 [84e2f200-b83f-4514-9762-a3bf8832ea50@group-09F0C667257B-cacheEviction-AwaitToRun] INFO  util.AwaitToRun (AwaitToRun.java:run(49)) - 84e2f200-b83f-4514-9762-a3bf8832ea50@group-09F0C667257B-cacheEviction-AwaitToRun-AwaitForSignal is interrupted
2024-01-30 07:48:48,884 [2a934876-6cad-418e-9d99-0b91c92fbe5b@group-5DF41746B7E3-StateMachineUpdater] INFO  ratis.ContainerStateMachine (ContainerStateMachine.java:takeSnapshot(355)) - group-5DF41746B7E3: Taking a snapshot at:(t:1, i:0) file /home/runner/work/ozone/ozone/hadoop-ozone/integration-test/target/test-dir/MiniOzoneClusterImpl-22134a4f-1b78-467c-b266-ccfd401dbc1a/datanode-0/data/ratis/7120e0c9-40f0-4fb9-aec7-5df41746b7e3/sm/snapshot.1_0
2024-01-30 07:48:48,884 [grpc-default-executor-11] INFO  server.GrpcServerProtocolService (GrpcServerProtocolService.java:onCompleted(157)) - 53433fb8-bbf6-4d1d-a4a4-8c4d503fb949: Completed APPEND_ENTRIES, lastRequest: null
2024-01-30 07:48:48,884 [grpc-default-executor-7] INFO  server.GrpcServerProtocolService (GrpcServerProtocolService.java:onCompleted(157)) - 53433fb8-bbf6-4d1d-a4a4-8c4d503fb949: Completed APPEND_ENTRIES, lastRequest: 42bb30bf-6dde-4b10-b68e-ce189e81f0fd->53433fb8-bbf6-4d1d-a4a4-8c4d503fb949#1-t1,previous=(t:0, i:0),leaderCommit=-1,initializing? false,entries: size=1, first=(t:1, i:0), CONFIGURATIONENTRY(current:id: "42bb30bf-6dde-4b10-b68e-ce189e81f0fd"
address: "10.1.0.48:15156"
priority: 1
dataStreamAddress: "10.1.0.48:15157"
clientAddress: "10.1.0.48:15154"
adminAddress: "10.1.0.48:15155"
startupRole: FOLLOWER
,id: "53433fb8-bbf6-4d1d-a4a4-8c4d503fb949"
address: "10.1.0.48:15147"
dataStreamAddress: "10.1.0.48:15148"
clientAddress: "10.1.0.48:15145"
adminAddress: "10.1.0.48:15146"
startupRole: FOLLOWER
,id: "33e454d1-da2d-4d19-a678-883106399134"
address: "10.1.0.48:15138"
dataStreamAddress: "10.1.0.48:15139"
clientAddress: "10.1.0.48:15136"
adminAddress: "10.1.0.48:15137"
startupRole: FOLLOWER
, old:)
2024-01-30 07:48:48,884 [grpc-default-executor-7] INFO  server.GrpcServerProtocolService (GrpcServerProtocolService.java:lambda$onCompleted$5(159)) - 53433fb8-bbf6-4d1d-a4a4-8c4d503fb949: Completed APPEND_ENTRIES, lastReply: null
2024-01-30 07:48:48,884 [grpc-default-executor-11] INFO  server.GrpcServerProtocolService (GrpcServerProtocolService.java:lambda$onCompleted$5(159)) - 53433fb8-bbf6-4d1d-a4a4-8c4d503fb949: Completed APPEND_ENTRIES, lastReply: serverReply {
  requestorId: "2a934876-6cad-418e-9d99-0b91c92fbe5b"
  replyId: "53433fb8-bbf6-4d1d-a4a4-8c4d503fb949"
  raftGroupId {
    id: "q \340\311@\360O\271\256\307]\364\027F\267\343"
  }
  success: true
}
term: 1
followerCommit: 18446744073709551615
matchIndex: 18446744073709551615
isHearbeat: true

2024-01-30 07:48:48,885 [84e2f200-b83f-4514-9762-a3bf8832ea50-impl-thread4] INFO  impl.StateMachineUpdater (StateMachineUpdater.java:stopAndJoin(157)) - 84e2f200-b83f-4514-9762-a3bf8832ea50@group-AA3E182905E7-StateMachineUpdater: set stopIndex = -1
2024-01-30 07:48:48,885 [84e2f200-b83f-4514-9762-a3bf8832ea50@group-AA3E182905E7-FollowerState] INFO  impl.FollowerState (FollowerState.java:run(152)) - 84e2f200-b83f-4514-9762-a3bf8832ea50@group-AA3E182905E7-FollowerState was interrupted
2024-01-30 07:48:48,885 [2a934876-6cad-418e-9d99-0b91c92fbe5b@group-5A6D2AF928DF-cacheEviction-AwaitToRun] INFO  util.AwaitToRun (AwaitToRun.java:run(49)) - 2a934876-6cad-418e-9d99-0b91c92fbe5b@group-5A6D2AF928DF-cacheEviction-AwaitToRun-AwaitForSignal is interrupted
2024-01-30 07:48:48,885 [84e2f200-b83f-4514-9762-a3bf8832ea50-impl-thread3] INFO  impl.PendingRequests (PendingRequests.java:sendNotLeaderResponses(289)) - 84e2f200-b83f-4514-9762-a3bf8832ea50@group-5A6D2AF928DF-PendingRequests: sendNotLeaderResponses
2024-01-30 07:48:48,885 [84e2f200-b83f-4514-9762-a3bf8832ea50@group-5A6D2AF928DF->2a934876-6cad-418e-9d99-0b91c92fbe5b-GrpcLogAppender-LogAppenderDaemon] WARN  server.GrpcLogAppender (GrpcLogAppender.java:mayWait(289)) - 84e2f200-b83f-4514-9762-a3bf8832ea50@group-5A6D2AF928DF->2a934876-6cad-418e-9d99-0b91c92fbe5b-GrpcLogAppender: Wait interrupted by java.lang.InterruptedException
2024-01-30 07:48:48,885 [84e2f200-b83f-4514-9762-a3bf8832ea50@group-5A6D2AF928DF->971c1615-1531-4bff-8b79-adf9a27d7f54-GrpcLogAppender-LogAppenderDaemon] WARN  server.GrpcLogAppender (GrpcLogAppender.java:mayWait(289)) - 84e2f200-b83f-4514-9762-a3bf8832ea50@group-5A6D2AF928DF->971c1615-1531-4bff-8b79-adf9a27d7f54-GrpcLogAppender: Wait interrupted by java.lang.InterruptedException
2024-01-30 07:48:48,885 [grpc-default-executor-9] INFO  server.GrpcLogAppender (GrpcLogAppender.java:onCompleted(546)) - 42bb30bf-6dde-4b10-b68e-ce189e81f0fd@group-FB520FCB7D25->33e454d1-da2d-4d19-a678-883106399134-AppendLogResponseHandler: follower responses appendEntries COMPLETED
2024-01-30 07:48:48,885 [grpc-default-executor-2] INFO  server.GrpcLogAppender (GrpcLogAppender.java:onCompleted(546)) - 2a934876-6cad-418e-9d99-0b91c92fbe5b@group-5DF41746B7E3->53433fb8-bbf6-4d1d-a4a4-8c4d503fb949-AppendLogResponseHandler: follower responses appendEntries COMPLETED
2024-01-30 07:48:48,886 [grpc-default-executor-6] INFO  server.GrpcLogAppender (GrpcLogAppender.java:onCompleted(546)) - 42bb30bf-6dde-4b10-b68e-ce189e81f0fd@group-FB520FCB7D25->53433fb8-bbf6-4d1d-a4a4-8c4d503fb949-AppendLogResponseHandler: follower responses appendEntries COMPLETED
2024-01-30 07:48:48,886 [grpc-default-executor-2] WARN  server.GrpcLogAppender (GrpcLogAppender.java:resetClient(226)) - 2a934876-6cad-418e-9d99-0b91c92fbe5b@group-5DF41746B7E3->53433fb8-bbf6-4d1d-a4a4-8c4d503fb949-GrpcLogAppender: Failed to getClient for 53433fb8-bbf6-4d1d-a4a4-8c4d503fb949
org.apache.ratis.protocol.exceptions.AlreadyClosedException: 2a934876-6cad-418e-9d99-0b91c92fbe5b is already CLOSED
	at org.apache.ratis.util.PeerProxyMap$PeerAndProxy.getProxy(PeerProxyMap.java:65)
	at org.apache.ratis.util.PeerProxyMap.getProxy(PeerProxyMap.java:114)
	at org.apache.ratis.grpc.server.GrpcLogAppender.getClient(GrpcLogAppender.java:196)
	at org.apache.ratis.grpc.server.GrpcLogAppender.resetClient(GrpcLogAppender.java:201)
	at org.apache.ratis.grpc.server.GrpcLogAppender.access$800(GrpcLogAppender.java:62)
	at org.apache.ratis.grpc.server.GrpcLogAppender$AppendLogResponseHandler.onCompleted(GrpcLogAppender.java:547)
	at org.apache.ratis.thirdparty.io.grpc.stub.ClientCalls$StreamObserverToCallListenerAdapter.onClose(ClientCalls.java:479)
	at org.apache.ratis.thirdparty.io.grpc.internal.ClientCallImpl.closeObserver(ClientCallImpl.java:567)
	at org.apache.ratis.thirdparty.io.grpc.internal.ClientCallImpl.access$300(ClientCallImpl.java:71)
	at org.apache.ratis.thirdparty.io.grpc.internal.ClientCallImpl$ClientStreamListenerImpl$1StreamClosed.runInternal(ClientCallImpl.java:735)
	at org.apache.ratis.thirdparty.io.grpc.internal.ClientCallImpl$ClientStreamListenerImpl$1StreamClosed.runInContext(ClientCallImpl.java:716)
	at org.apache.ratis.thirdparty.io.grpc.internal.ContextRunnable.run(ContextRunnable.java:37)
	at org.apache.ratis.thirdparty.io.grpc.internal.SerializingExecutor.run(SerializingExecutor.java:133)
	at java.util.concurrent.ThreadPoolExecutor.runWorker(ThreadPoolExecutor.java:1149)
	at java.util.concurrent.ThreadPoolExecutor$Worker.run(ThreadPoolExecutor.java:624)
	at java.lang.Thread.run(Thread.java:750)
2024-01-30 07:48:48,886 [33e454d1-da2d-4d19-a678-883106399134@group-AA3E182905E7->84e2f200-b83f-4514-9762-a3bf8832ea50-GrpcLogAppender-LogAppenderDaemon] WARN  server.GrpcLogAppender (GrpcLogAppender.java:mayWait(289)) - 33e454d1-da2d-4d19-a678-883106399134@group-AA3E182905E7->84e2f200-b83f-4514-9762-a3bf8832ea50-GrpcLogAppender: Wait interrupted by java.lang.InterruptedException
2024-01-30 07:48:48,886 [84e2f200-b83f-4514-9762-a3bf8832ea50-impl-thread4] INFO  server.RaftServer$Division (ServerState.java:close(427)) - 84e2f200-b83f-4514-9762-a3bf8832ea50@group-AA3E182905E7: applyIndex: -1
2024-01-30 07:48:48,886 [Thread-2708] INFO  server.GrpcServerProtocolClient (GrpcServerProtocolClient.java:close(103)) - 84e2f200-b83f-4514-9762-a3bf8832ea50 Close channels
2024-01-30 07:48:48,886 [grpc-default-executor-10] INFO  server.GrpcServerProtocolService (GrpcServerProtocolService.java:onCompleted(157)) - 971c1615-1531-4bff-8b79-adf9a27d7f54: Completed APPEND_ENTRIES, lastRequest: null
2024-01-30 07:48:48,887 [grpc-default-executor-10] INFO  server.GrpcServerProtocolService (GrpcServerProtocolService.java:lambda$onCompleted$5(159)) - 971c1615-1531-4bff-8b79-adf9a27d7f54: Completed APPEND_ENTRIES, lastReply: serverReply {
  requestorId: "2a934876-6cad-418e-9d99-0b91c92fbe5b"
  replyId: "971c1615-1531-4bff-8b79-adf9a27d7f54"
  raftGroupId {
    id: "\314M\"\362\237>C@\232\327\a\301\337\b\364("
  }
  callId: 5
  success: true
}
term: 1
nextIndex: 1
matchIndex: 18446744073709551615
isHearbeat: true

2024-01-30 07:48:48,886 [42bb30bf-6dde-4b10-b68e-ce189e81f0fd@group-FB520FCB7D25-cacheEviction-AwaitToRun] INFO  util.AwaitToRun (AwaitToRun.java:run(49)) - 42bb30bf-6dde-4b10-b68e-ce189e81f0fd@group-FB520FCB7D25-cacheEviction-AwaitToRun-AwaitForSignal is interrupted
2024-01-30 07:48:48,886 [33e454d1-da2d-4d19-a678-883106399134@group-AA3E182905E7->971c1615-1531-4bff-8b79-adf9a27d7f54-GrpcLogAppender-LogAppenderDaemon] WARN  server.GrpcLogAppender (GrpcLogAppender.java:mayWait(289)) - 33e454d1-da2d-4d19-a678-883106399134@group-AA3E182905E7->971c1615-1531-4bff-8b79-adf9a27d7f54-GrpcLogAppender: Wait interrupted by java.lang.InterruptedException
2024-01-30 07:48:48,889 [Thread-2703] INFO  server.GrpcServerProtocolClient (GrpcServerProtocolClient.java:close(103)) - 42bb30bf-6dde-4b10-b68e-ce189e81f0fd Close channels
2024-01-30 07:48:48,886 [2a934876-6cad-418e-9d99-0b91c92fbe5b@group-5DF41746B7E3-StateMachineUpdater] INFO  ratis.ContainerStateMachine (ContainerStateMachine.java:takeSnapshot(366)) - group-5DF41746B7E3: Finished taking a snapshot at:(t:1, i:0) file:/home/runner/work/ozone/ozone/hadoop-ozone/integration-test/target/test-dir/MiniOzoneClusterImpl-22134a4f-1b78-467c-b266-ccfd401dbc1a/datanode-0/data/ratis/7120e0c9-40f0-4fb9-aec7-5df41746b7e3/sm/snapshot.1_0 took: 2 ms
2024-01-30 07:48:48,890 [2a934876-6cad-418e-9d99-0b91c92fbe5b@group-5DF41746B7E3-StateMachineUpdater] INFO  impl.StateMachineUpdater (StateMachineUpdater.java:takeSnapshot(295)) - 2a934876-6cad-418e-9d99-0b91c92fbe5b@group-5DF41746B7E3-StateMachineUpdater: Took a snapshot at index 0
2024-01-30 07:48:48,890 [2a934876-6cad-418e-9d99-0b91c92fbe5b@group-5DF41746B7E3-StateMachineUpdater] INFO  impl.StateMachineUpdater (StateMachineUpdater.java:lambda$new$0(98)) - 2a934876-6cad-418e-9d99-0b91c92fbe5b@group-5DF41746B7E3-StateMachineUpdater: snapshotIndex: updateIncreasingly -1 -> 0
2024-01-30 07:48:48,890 [2a934876-6cad-418e-9d99-0b91c92fbe5b-impl-thread2] INFO  server.RaftServer$Division (ServerState.java:close(427)) - 2a934876-6cad-418e-9d99-0b91c92fbe5b@group-5DF41746B7E3: applyIndex: 0
2024-01-30 07:48:48,886 [33e454d1-da2d-4d19-a678-883106399134-impl-thread4] INFO  impl.PendingRequests (PendingRequests.java:sendNotLeaderResponses(289)) - 33e454d1-da2d-4d19-a678-883106399134@group-AA3E182905E7-PendingRequests: sendNotLeaderResponses
2024-01-30 07:48:48,886 [grpc-default-executor-6] WARN  server.GrpcLogAppender (GrpcLogAppender.java:resetClient(226)) - 42bb30bf-6dde-4b10-b68e-ce189e81f0fd@group-FB520FCB7D25->53433fb8-bbf6-4d1d-a4a4-8c4d503fb949-GrpcLogAppender: Failed to getClient for 53433fb8-bbf6-4d1d-a4a4-8c4d503fb949
org.apache.ratis.protocol.exceptions.AlreadyClosedException: 42bb30bf-6dde-4b10-b68e-ce189e81f0fd is already CLOSED
	at org.apache.ratis.util.PeerProxyMap$PeerAndProxy.getProxy(PeerProxyMap.java:65)
	at org.apache.ratis.util.PeerProxyMap.getProxy(PeerProxyMap.java:114)
	at org.apache.ratis.grpc.server.GrpcLogAppender.getClient(GrpcLogAppender.java:196)
	at org.apache.ratis.grpc.server.GrpcLogAppender.resetClient(GrpcLogAppender.java:201)
	at org.apache.ratis.grpc.server.GrpcLogAppender.access$800(GrpcLogAppender.java:62)
	at org.apache.ratis.grpc.server.GrpcLogAppender$AppendLogResponseHandler.onCompleted(GrpcLogAppender.java:547)
	at org.apache.ratis.thirdparty.io.grpc.stub.ClientCalls$StreamObserverToCallListenerAdapter.onClose(ClientCalls.java:479)
	at org.apache.ratis.thirdparty.io.grpc.internal.ClientCallImpl.closeObserver(ClientCallImpl.java:567)
	at org.apache.ratis.thirdparty.io.grpc.internal.ClientCallImpl.access$300(ClientCallImpl.java:71)
	at org.apache.ratis.thirdparty.io.grpc.internal.ClientCallImpl$ClientStreamListenerImpl$1StreamClosed.runInternal(ClientCallImpl.java:735)
	at org.apache.ratis.thirdparty.io.grpc.internal.ClientCallImpl$ClientStreamListenerImpl$1StreamClosed.runInContext(ClientCallImpl.java:716)
	at org.apache.ratis.thirdparty.io.grpc.internal.ContextRunnable.run(ContextRunnable.java:37)
	at org.apache.ratis.thirdparty.io.grpc.internal.SerializingExecutor.run(SerializingExecutor.java:133)
	at java.util.concurrent.ThreadPoolExecutor.runWorker(ThreadPoolExecutor.java:1149)
	at java.util.concurrent.ThreadPoolExecutor$Worker.run(ThreadPoolExecutor.java:624)
	at java.lang.Thread.run(Thread.java:750)
2024-01-30 07:48:48,890 [33e454d1-da2d-4d19-a678-883106399134-impl-thread4] INFO  impl.StateMachineUpdater (StateMachineUpdater.java:stopAndJoin(157)) - 33e454d1-da2d-4d19-a678-883106399134@group-AA3E182905E7-StateMachineUpdater: set stopIndex = 0
2024-01-30 07:48:48,890 [33e454d1-da2d-4d19-a678-883106399134@group-AA3E182905E7-StateMachineUpdater] INFO  ratis.ContainerStateMachine (ContainerStateMachine.java:takeSnapshot(355)) - group-AA3E182905E7: Taking a snapshot at:(t:1, i:0) file /home/runner/work/ozone/ozone/hadoop-ozone/integration-test/target/test-dir/MiniOzoneClusterImpl-22134a4f-1b78-467c-b266-ccfd401dbc1a/datanode-3/data/ratis/0228237e-cce7-4be6-ad0a-aa3e182905e7/sm/snapshot.1_0
2024-01-30 07:48:48,886 [84e2f200-b83f-4514-9762-a3bf8832ea50@group-5A6D2AF928DF-StateMachineUpdater] INFO  ratis.ContainerStateMachine (ContainerStateMachine.java:takeSnapshot(355)) - group-5A6D2AF928DF: Taking a snapshot at:(t:1, i:0) file /home/runner/work/ozone/ozone/hadoop-ozone/integration-test/target/test-dir/MiniOzoneClusterImpl-22134a4f-1b78-467c-b266-ccfd401dbc1a/datanode-1/data/ratis/bdd74d04-67ca-4fcb-a313-5a6d2af928df/sm/snapshot.1_0
2024-01-30 07:48:48,886 [grpc-default-executor-9] WARN  server.GrpcLogAppender (GrpcLogAppender.java:resetClient(226)) - 42bb30bf-6dde-4b10-b68e-ce189e81f0fd@group-FB520FCB7D25->33e454d1-da2d-4d19-a678-883106399134-GrpcLogAppender: Failed to getClient for 33e454d1-da2d-4d19-a678-883106399134
org.apache.ratis.protocol.exceptions.AlreadyClosedException: 42bb30bf-6dde-4b10-b68e-ce189e81f0fd is already CLOSED
	at org.apache.ratis.util.PeerProxyMap$PeerAndProxy.getProxy(PeerProxyMap.java:65)
	at org.apache.ratis.util.PeerProxyMap.getProxy(PeerProxyMap.java:114)
	at org.apache.ratis.grpc.server.GrpcLogAppender.getClient(GrpcLogAppender.java:196)
	at org.apache.ratis.grpc.server.GrpcLogAppender.resetClient(GrpcLogAppender.java:201)
	at org.apache.ratis.grpc.server.GrpcLogAppender.access$800(GrpcLogAppender.java:62)
	at org.apache.ratis.grpc.server.GrpcLogAppender$AppendLogResponseHandler.onCompleted(GrpcLogAppender.java:547)
	at org.apache.ratis.thirdparty.io.grpc.stub.ClientCalls$StreamObserverToCallListenerAdapter.onClose(ClientCalls.java:479)
	at org.apache.ratis.thirdparty.io.grpc.internal.ClientCallImpl.closeObserver(ClientCallImpl.java:567)
	at org.apache.ratis.thirdparty.io.grpc.internal.ClientCallImpl.access$300(ClientCallImpl.java:71)
	at org.apache.ratis.thirdparty.io.grpc.internal.ClientCallImpl$ClientStreamListenerImpl$1StreamClosed.runInternal(ClientCallImpl.java:735)
	at org.apache.ratis.thirdparty.io.grpc.internal.ClientCallImpl$ClientStreamListenerImpl$1StreamClosed.runInContext(ClientCallImpl.java:716)
	at org.apache.ratis.thirdparty.io.grpc.internal.ContextRunnable.run(ContextRunnable.java:37)
	at org.apache.ratis.thirdparty.io.grpc.internal.SerializingExecutor.run(SerializingExecutor.java:133)
	at java.util.concurrent.ThreadPoolExecutor.runWorker(ThreadPoolExecutor.java:1149)
	at java.util.concurrent.ThreadPoolExecutor$Worker.run(ThreadPoolExecutor.java:624)
	at java.lang.Thread.run(Thread.java:750)
2024-01-30 07:48:48,891 [33e454d1-da2d-4d19-a678-883106399134@group-AA3E182905E7-StateMachineUpdater] INFO  ratis.ContainerStateMachine (ContainerStateMachine.java:takeSnapshot(366)) - group-AA3E182905E7: Finished taking a snapshot at:(t:1, i:0) file:/home/runner/work/ozone/ozone/hadoop-ozone/integration-test/target/test-dir/MiniOzoneClusterImpl-22134a4f-1b78-467c-b266-ccfd401dbc1a/datanode-3/data/ratis/0228237e-cce7-4be6-ad0a-aa3e182905e7/sm/snapshot.1_0 took: 0 ms
2024-01-30 07:48:48,885 [84e2f200-b83f-4514-9762-a3bf8832ea50-impl-thread3] INFO  impl.StateMachineUpdater (StateMachineUpdater.java:stopAndJoin(157)) - 84e2f200-b83f-4514-9762-a3bf8832ea50@group-5A6D2AF928DF-StateMachineUpdater: set stopIndex = 0
2024-01-30 07:48:48,891 [33e454d1-da2d-4d19-a678-883106399134@group-AA3E182905E7-StateMachineUpdater] INFO  impl.StateMachineUpdater (StateMachineUpdater.java:takeSnapshot(295)) - 33e454d1-da2d-4d19-a678-883106399134@group-AA3E182905E7-StateMachineUpdater: Took a snapshot at index 0
2024-01-30 07:48:48,890 [Thread-2709] INFO  server.GrpcServerProtocolClient (GrpcServerProtocolClient.java:close(103)) - 53433fb8-bbf6-4d1d-a4a4-8c4d503fb949 Close channels
2024-01-30 07:48:48,886 [grpc-default-executor-11] INFO  server.GrpcLogAppender (GrpcLogAppender.java:onCompleted(546)) - 2a934876-6cad-418e-9d99-0b91c92fbe5b@group-07C1DF08F428->971c1615-1531-4bff-8b79-adf9a27d7f54-AppendLogResponseHandler: follower responses appendEntries COMPLETED
2024-01-30 07:48:48,891 [84e2f200-b83f-4514-9762-a3bf8832ea50@group-5A6D2AF928DF-StateMachineUpdater] INFO  ratis.ContainerStateMachine (ContainerStateMachine.java:takeSnapshot(366)) - group-5A6D2AF928DF: Finished taking a snapshot at:(t:1, i:0) file:/home/runner/work/ozone/ozone/hadoop-ozone/integration-test/target/test-dir/MiniOzoneClusterImpl-22134a4f-1b78-467c-b266-ccfd401dbc1a/datanode-1/data/ratis/bdd74d04-67ca-4fcb-a313-5a6d2af928df/sm/snapshot.1_0 took: 6 ms
2024-01-30 07:48:48,891 [33e454d1-da2d-4d19-a678-883106399134@group-AA3E182905E7-StateMachineUpdater] INFO  impl.StateMachineUpdater (StateMachineUpdater.java:lambda$new$0(98)) - 33e454d1-da2d-4d19-a678-883106399134@group-AA3E182905E7-StateMachineUpdater: snapshotIndex: updateIncreasingly -1 -> 0
2024-01-30 07:48:48,891 [grpc-default-executor-11] WARN  server.GrpcLogAppender (GrpcLogAppender.java:resetClient(226)) - 2a934876-6cad-418e-9d99-0b91c92fbe5b@group-07C1DF08F428->971c1615-1531-4bff-8b79-adf9a27d7f54-GrpcLogAppender: Failed to getClient for 971c1615-1531-4bff-8b79-adf9a27d7f54
org.apache.ratis.protocol.exceptions.AlreadyClosedException: 2a934876-6cad-418e-9d99-0b91c92fbe5b is already CLOSED
	at org.apache.ratis.util.PeerProxyMap$PeerAndProxy.getProxy(PeerProxyMap.java:65)
	at org.apache.ratis.util.PeerProxyMap.getProxy(PeerProxyMap.java:114)
	at org.apache.ratis.grpc.server.GrpcLogAppender.getClient(GrpcLogAppender.java:196)
	at org.apache.ratis.grpc.server.GrpcLogAppender.resetClient(GrpcLogAppender.java:201)
	at org.apache.ratis.grpc.server.GrpcLogAppender.access$800(GrpcLogAppender.java:62)
	at org.apache.ratis.grpc.server.GrpcLogAppender$AppendLogResponseHandler.onCompleted(GrpcLogAppender.java:547)
	at org.apache.ratis.thirdparty.io.grpc.stub.ClientCalls$StreamObserverToCallListenerAdapter.onClose(ClientCalls.java:479)
	at org.apache.ratis.thirdparty.io.grpc.internal.ClientCallImpl.closeObserver(ClientCallImpl.java:567)
	at org.apache.ratis.thirdparty.io.grpc.internal.ClientCallImpl.access$300(ClientCallImpl.java:71)
	at org.apache.ratis.thirdparty.io.grpc.internal.ClientCallImpl$ClientStreamListenerImpl$1StreamClosed.runInternal(ClientCallImpl.java:735)
	at org.apache.ratis.thirdparty.io.grpc.internal.ClientCallImpl$ClientStreamListenerImpl$1StreamClosed.runInContext(ClientCallImpl.java:716)
	at org.apache.ratis.thirdparty.io.grpc.internal.ContextRunnable.run(ContextRunnable.java:37)
	at org.apache.ratis.thirdparty.io.grpc.internal.SerializingExecutor.run(SerializingExecutor.java:133)
	at java.util.concurrent.ThreadPoolExecutor.runWorker(ThreadPoolExecutor.java:1149)
	at java.util.concurrent.ThreadPoolExecutor$Worker.run(ThreadPoolExecutor.java:624)
	at java.lang.Thread.run(Thread.java:750)
2024-01-30 07:48:48,891 [33e454d1-da2d-4d19-a678-883106399134-impl-thread4] INFO  server.RaftServer$Division (ServerState.java:close(427)) - 33e454d1-da2d-4d19-a678-883106399134@group-AA3E182905E7: applyIndex: 0
2024-01-30 07:48:48,891 [84e2f200-b83f-4514-9762-a3bf8832ea50@group-5A6D2AF928DF-StateMachineUpdater] INFO  impl.StateMachineUpdater (StateMachineUpdater.java:takeSnapshot(295)) - 84e2f200-b83f-4514-9762-a3bf8832ea50@group-5A6D2AF928DF-StateMachineUpdater: Took a snapshot at index 0
2024-01-30 07:48:48,891 [84e2f200-b83f-4514-9762-a3bf8832ea50@group-5A6D2AF928DF-StateMachineUpdater] INFO  impl.StateMachineUpdater (StateMachineUpdater.java:lambda$new$0(98)) - 84e2f200-b83f-4514-9762-a3bf8832ea50@group-5A6D2AF928DF-StateMachineUpdater: snapshotIndex: updateIncreasingly -1 -> 0
2024-01-30 07:48:48,892 [84e2f200-b83f-4514-9762-a3bf8832ea50-impl-thread3] INFO  server.RaftServer$Division (ServerState.java:close(427)) - 84e2f200-b83f-4514-9762-a3bf8832ea50@group-5A6D2AF928DF: applyIndex: 0
2024-01-30 07:48:48,892 [Thread-2710] INFO  server.GrpcServerProtocolClient (GrpcServerProtocolClient.java:close(103)) - 971c1615-1531-4bff-8b79-adf9a27d7f54 Close channels
2024-01-30 07:48:48,895 [grpc-default-executor-5] INFO  server.GrpcServerProtocolService (GrpcServerProtocolService.java:onCompleted(157)) - 84e2f200-b83f-4514-9762-a3bf8832ea50: Completed APPEND_ENTRIES, lastRequest: null
2024-01-30 07:48:48,895 [Thread-2712] INFO  server.GrpcServerProtocolClient (GrpcServerProtocolClient.java:close(103)) - 2a934876-6cad-418e-9d99-0b91c92fbe5b Close channels
2024-01-30 07:48:48,895 [grpc-default-executor-5] INFO  server.GrpcServerProtocolService (GrpcServerProtocolService.java:lambda$onCompleted$5(159)) - 84e2f200-b83f-4514-9762-a3bf8832ea50: Completed APPEND_ENTRIES, lastReply: serverReply {
  requestorId: "33e454d1-da2d-4d19-a678-883106399134"
  replyId: "84e2f200-b83f-4514-9762-a3bf8832ea50"
  raftGroupId {
    id: "\002(#~\314\347K\346\255\n\252>\030)\005\347"
  }
  success: true
}
term: 1
followerCommit: 18446744073709551615
matchIndex: 18446744073709551615
isHearbeat: true

2024-01-30 07:48:48,894 [84e2f200-b83f-4514-9762-a3bf8832ea50@group-07C1DF08F428-FollowerState] INFO  impl.FollowerState (FollowerState.java:run(152)) - 84e2f200-b83f-4514-9762-a3bf8832ea50@group-07C1DF08F428-FollowerState was interrupted
2024-01-30 07:48:48,894 [84e2f200-b83f-4514-9762-a3bf8832ea50@group-07C1DF08F428-StateMachineUpdater] INFO  ratis.ContainerStateMachine (ContainerStateMachine.java:takeSnapshot(355)) - group-07C1DF08F428: Taking a snapshot at:(t:1, i:0) file /home/runner/work/ozone/ozone/hadoop-ozone/integration-test/target/test-dir/MiniOzoneClusterImpl-22134a4f-1b78-467c-b266-ccfd401dbc1a/datanode-1/data/ratis/cc4d22f2-9f3e-4340-9ad7-07c1df08f428/sm/snapshot.1_0
2024-01-30 07:48:48,895 [grpc-default-executor-12] INFO  server.GrpcLogAppender (GrpcLogAppender.java:onCompleted(546)) - 2a934876-6cad-418e-9d99-0b91c92fbe5b@group-5DF41746B7E3->33e454d1-da2d-4d19-a678-883106399134-AppendLogResponseHandler: follower responses appendEntries COMPLETED
2024-01-30 07:48:48,894 [33e454d1-da2d-4d19-a678-883106399134@group-5DF41746B7E3-FollowerState] INFO  impl.FollowerState (FollowerState.java:run(152)) - 33e454d1-da2d-4d19-a678-883106399134@group-5DF41746B7E3-FollowerState was interrupted
2024-01-30 07:48:48,894 [33e454d1-da2d-4d19-a678-883106399134-impl-thread2] INFO  impl.StateMachineUpdater (StateMachineUpdater.java:stopAndJoin(157)) - 33e454d1-da2d-4d19-a678-883106399134@group-5DF41746B7E3-StateMachineUpdater: set stopIndex = -1
2024-01-30 07:48:48,896 [grpc-default-executor-16] INFO  server.GrpcServerProtocolService (GrpcServerProtocolService.java:onCompleted(157)) - 2a934876-6cad-418e-9d99-0b91c92fbe5b: Completed APPEND_ENTRIES, lastRequest: 84e2f200-b83f-4514-9762-a3bf8832ea50->2a934876-6cad-418e-9d99-0b91c92fbe5b#1-t1,previous=(t:0, i:0),leaderCommit=-1,initializing? false,entries: size=1, first=(t:1, i:0), CONFIGURATIONENTRY(current:id: "84e2f200-b83f-4514-9762-a3bf8832ea50"
address: "10.1.0.48:15120"
priority: 1
dataStreamAddress: "10.1.0.48:15121"
clientAddress: "10.1.0.48:15118"
adminAddress: "10.1.0.48:15119"
startupRole: FOLLOWER
,id: "971c1615-1531-4bff-8b79-adf9a27d7f54"
address: "10.1.0.48:15129"
dataStreamAddress: "10.1.0.48:15130"
clientAddress: "10.1.0.48:15127"
adminAddress: "10.1.0.48:15128"
startupRole: FOLLOWER
,id: "2a934876-6cad-418e-9d99-0b91c92fbe5b"
address: "10.1.0.48:15111"
dataStreamAddress: "10.1.0.48:15112"
clientAddress: "10.1.0.48:15109"
adminAddress: "10.1.0.48:15110"
startupRole: FOLLOWER
, old:)
2024-01-30 07:48:48,896 [grpc-default-executor-16] INFO  server.GrpcServerProtocolService (GrpcServerProtocolService.java:lambda$onCompleted$5(159)) - 2a934876-6cad-418e-9d99-0b91c92fbe5b: Completed APPEND_ENTRIES, lastReply: null
2024-01-30 07:48:48,894 [33e454d1-da2d-4d19-a678-883106399134@group-FB520FCB7D25-StateMachineUpdater] INFO  ratis.ContainerStateMachine (ContainerStateMachine.java:takeSnapshot(355)) - group-FB520FCB7D25: Taking a snapshot at:(t:1, i:0) file /home/runner/work/ozone/ozone/hadoop-ozone/integration-test/target/test-dir/MiniOzoneClusterImpl-22134a4f-1b78-467c-b266-ccfd401dbc1a/datanode-3/data/ratis/eb067bd9-c5d6-4c68-8b2a-fb520fcb7d25/sm/snapshot.1_0
2024-01-30 07:48:48,894 [84e2f200-b83f-4514-9762-a3bf8832ea50-impl-thread2] INFO  impl.StateMachineUpdater (StateMachineUpdater.java:stopAndJoin(157)) - 84e2f200-b83f-4514-9762-a3bf8832ea50@group-07C1DF08F428-StateMachineUpdater: set stopIndex = 0
2024-01-30 07:48:48,894 [33e454d1-da2d-4d19-a678-883106399134@group-FB520FCB7D25-FollowerState] INFO  impl.FollowerState (FollowerState.java:run(152)) - 33e454d1-da2d-4d19-a678-883106399134@group-FB520FCB7D25-FollowerState was interrupted
2024-01-30 07:48:48,894 [33e454d1-da2d-4d19-a678-883106399134-impl-thread3] INFO  impl.StateMachineUpdater (StateMachineUpdater.java:stopAndJoin(157)) - 33e454d1-da2d-4d19-a678-883106399134@group-FB520FCB7D25-StateMachineUpdater: set stopIndex = 0
2024-01-30 07:48:48,894 [grpc-default-executor-2] INFO  server.GrpcLogAppender (GrpcLogAppender.java:onCompleted(546)) - 2a934876-6cad-418e-9d99-0b91c92fbe5b@group-07C1DF08F428->971c1615-1531-4bff-8b79-adf9a27d7f54-AppendLogResponseHandler: follower responses appendEntries COMPLETED
2024-01-30 07:48:48,898 [grpc-default-executor-2] WARN  server.GrpcLogAppender (GrpcLogAppender.java:resetClient(226)) - 2a934876-6cad-418e-9d99-0b91c92fbe5b@group-07C1DF08F428->971c1615-1531-4bff-8b79-adf9a27d7f54-GrpcLogAppender: Failed to getClient for 971c1615-1531-4bff-8b79-adf9a27d7f54
org.apache.ratis.protocol.exceptions.AlreadyClosedException: 2a934876-6cad-418e-9d99-0b91c92fbe5b is already CLOSED
	at org.apache.ratis.util.PeerProxyMap$PeerAndProxy.getProxy(PeerProxyMap.java:65)
	at org.apache.ratis.util.PeerProxyMap.getProxy(PeerProxyMap.java:114)
	at org.apache.ratis.grpc.server.GrpcLogAppender.getClient(GrpcLogAppender.java:196)
	at org.apache.ratis.grpc.server.GrpcLogAppender.resetClient(GrpcLogAppender.java:201)
	at org.apache.ratis.grpc.server.GrpcLogAppender.access$800(GrpcLogAppender.java:62)
	at org.apache.ratis.grpc.server.GrpcLogAppender$AppendLogResponseHandler.onCompleted(GrpcLogAppender.java:547)
	at org.apache.ratis.thirdparty.io.grpc.stub.ClientCalls$StreamObserverToCallListenerAdapter.onClose(ClientCalls.java:479)
	at org.apache.ratis.thirdparty.io.grpc.internal.ClientCallImpl.closeObserver(ClientCallImpl.java:567)
	at org.apache.ratis.thirdparty.io.grpc.internal.ClientCallImpl.access$300(ClientCallImpl.java:71)
	at org.apache.ratis.thirdparty.io.grpc.internal.ClientCallImpl$ClientStreamListenerImpl$1StreamClosed.runInternal(ClientCallImpl.java:735)
	at org.apache.ratis.thirdparty.io.grpc.internal.ClientCallImpl$ClientStreamListenerImpl$1StreamClosed.runInContext(ClientCallImpl.java:716)
	at org.apache.ratis.thirdparty.io.grpc.internal.ContextRunnable.run(ContextRunnable.java:37)
	at org.apache.ratis.thirdparty.io.grpc.internal.SerializingExecutor.run(SerializingExecutor.java:133)
	at java.util.concurrent.ThreadPoolExecutor.runWorker(ThreadPoolExecutor.java:1149)
	at java.util.concurrent.ThreadPoolExecutor$Worker.run(ThreadPoolExecutor.java:624)
	at java.lang.Thread.run(Thread.java:750)
2024-01-30 07:48:48,894 [grpc-default-executor-6] INFO  server.GrpcServerProtocolService (GrpcServerProtocolService.java:onCompleted(157)) - 2a934876-6cad-418e-9d99-0b91c92fbe5b: Completed APPEND_ENTRIES, lastRequest: null
2024-01-30 07:48:48,894 [grpc-default-executor-7] INFO  server.GrpcServerProtocolService (GrpcServerProtocolService.java:onCompleted(157)) - 2a934876-6cad-418e-9d99-0b91c92fbe5b: Completed APPEND_ENTRIES, lastRequest: null
2024-01-30 07:48:48,898 [grpc-default-executor-6] INFO  server.GrpcServerProtocolService (GrpcServerProtocolService.java:lambda$onCompleted$5(159)) - 2a934876-6cad-418e-9d99-0b91c92fbe5b: Completed APPEND_ENTRIES, lastReply: serverReply {
  requestorId: "84e2f200-b83f-4514-9762-a3bf8832ea50"
  replyId: "2a934876-6cad-418e-9d99-0b91c92fbe5b"
  raftGroupId {
    id: "I\236\321;dJK\212\224\270\t\360\306g%{"
  }
  callId: 7
  success: true
}
term: 1
nextIndex: 1
matchIndex: 18446744073709551615
isHearbeat: true

2024-01-30 07:48:48,899 [grpc-default-executor-7] INFO  server.GrpcServerProtocolService (GrpcServerProtocolService.java:lambda$onCompleted$5(159)) - 2a934876-6cad-418e-9d99-0b91c92fbe5b: Completed APPEND_ENTRIES, lastReply: serverReply {
  requestorId: "84e2f200-b83f-4514-9762-a3bf8832ea50"
  replyId: "2a934876-6cad-418e-9d99-0b91c92fbe5b"
  raftGroupId {
    id: "\275\327M\004g\312O\313\243\023Zm*\371(\337"
  }
  success: true
}
term: 1
nextIndex: 1
followerCommit: 18446744073709551615
matchIndex: 18446744073709551615
isHearbeat: true

2024-01-30 07:48:48,894 [grpc-default-executor-9] INFO  server.GrpcServerProtocolService (GrpcServerProtocolService.java:onCompleted(157)) - 33e454d1-da2d-4d19-a678-883106399134: Completed APPEND_ENTRIES, lastRequest: 2a934876-6cad-418e-9d99-0b91c92fbe5b->33e454d1-da2d-4d19-a678-883106399134#1-t1,previous=(t:0, i:0),leaderCommit=-1,initializing? false,entries: size=1, first=(t:1, i:0), CONFIGURATIONENTRY(current:id: "53433fb8-bbf6-4d1d-a4a4-8c4d503fb949"
address: "10.1.0.48:15147"
dataStreamAddress: "10.1.0.48:15148"
clientAddress: "10.1.0.48:15145"
adminAddress: "10.1.0.48:15146"
startupRole: FOLLOWER
,id: "2a934876-6cad-418e-9d99-0b91c92fbe5b"
address: "10.1.0.48:15111"
priority: 1
dataStreamAddress: "10.1.0.48:15112"
clientAddress: "10.1.0.48:15109"
adminAddress: "10.1.0.48:15110"
startupRole: FOLLOWER
,id: "33e454d1-da2d-4d19-a678-883106399134"
address: "10.1.0.48:15138"
dataStreamAddress: "10.1.0.48:15139"
clientAddress: "10.1.0.48:15136"
adminAddress: "10.1.0.48:15137"
startupRole: FOLLOWER
, old:)
2024-01-30 07:48:48,899 [grpc-default-executor-9] INFO  server.GrpcServerProtocolService (GrpcServerProtocolService.java:lambda$onCompleted$5(159)) - 33e454d1-da2d-4d19-a678-883106399134: Completed APPEND_ENTRIES, lastReply: null
2024-01-30 07:48:48,894 [grpc-default-executor-11] INFO  server.GrpcLogAppender (GrpcLogAppender.java:onCompleted(546)) - 2a934876-6cad-418e-9d99-0b91c92fbe5b@group-5DF41746B7E3->53433fb8-bbf6-4d1d-a4a4-8c4d503fb949-AppendLogResponseHandler: follower responses appendEntries COMPLETED
2024-01-30 07:48:48,899 [grpc-default-executor-11] WARN  server.GrpcLogAppender (GrpcLogAppender.java:resetClient(226)) - 2a934876-6cad-418e-9d99-0b91c92fbe5b@group-5DF41746B7E3->53433fb8-bbf6-4d1d-a4a4-8c4d503fb949-GrpcLogAppender: Failed to getClient for 53433fb8-bbf6-4d1d-a4a4-8c4d503fb949
org.apache.ratis.protocol.exceptions.AlreadyClosedException: 2a934876-6cad-418e-9d99-0b91c92fbe5b is already CLOSED
	at org.apache.ratis.util.PeerProxyMap$PeerAndProxy.getProxy(PeerProxyMap.java:65)
	at org.apache.ratis.util.PeerProxyMap.getProxy(PeerProxyMap.java:114)
	at org.apache.ratis.grpc.server.GrpcLogAppender.getClient(GrpcLogAppender.java:196)
	at org.apache.ratis.grpc.server.GrpcLogAppender.resetClient(GrpcLogAppender.java:201)
	at org.apache.ratis.grpc.server.GrpcLogAppender.access$800(GrpcLogAppender.java:62)
	at org.apache.ratis.grpc.server.GrpcLogAppender$AppendLogResponseHandler.onCompleted(GrpcLogAppender.java:547)
	at org.apache.ratis.thirdparty.io.grpc.stub.ClientCalls$StreamObserverToCallListenerAdapter.onClose(ClientCalls.java:479)
	at org.apache.ratis.thirdparty.io.grpc.internal.ClientCallImpl.closeObserver(ClientCallImpl.java:567)
	at org.apache.ratis.thirdparty.io.grpc.internal.ClientCallImpl.access$300(ClientCallImpl.java:71)
	at org.apache.ratis.thirdparty.io.grpc.internal.ClientCallImpl$ClientStreamListenerImpl$1StreamClosed.runInternal(ClientCallImpl.java:735)
	at org.apache.ratis.thirdparty.io.grpc.internal.ClientCallImpl$ClientStreamListenerImpl$1StreamClosed.runInContext(ClientCallImpl.java:716)
	at org.apache.ratis.thirdparty.io.grpc.internal.ContextRunnable.run(ContextRunnable.java:37)
	at org.apache.ratis.thirdparty.io.grpc.internal.SerializingExecutor.run(SerializingExecutor.java:133)
	at java.util.concurrent.ThreadPoolExecutor.runWorker(ThreadPoolExecutor.java:1149)
	at java.util.concurrent.ThreadPoolExecutor$Worker.run(ThreadPoolExecutor.java:624)
	at java.lang.Thread.run(Thread.java:750)
2024-01-30 07:48:48,893 [42bb30bf-6dde-4b10-b68e-ce189e81f0fd@group-D8FDF9F2816D-cacheEviction-AwaitToRun] INFO  util.AwaitToRun (AwaitToRun.java:run(49)) - 42bb30bf-6dde-4b10-b68e-ce189e81f0fd@group-D8FDF9F2816D-cacheEviction-AwaitToRun-AwaitForSignal is interrupted
2024-01-30 07:48:48,893 [33e454d1-da2d-4d19-a678-883106399134@group-D8FDF9F2816D->53433fb8-bbf6-4d1d-a4a4-8c4d503fb949-GrpcLogAppender-LogAppenderDaemon] WARN  server.GrpcLogAppender (GrpcLogAppender.java:mayWait(289)) - 33e454d1-da2d-4d19-a678-883106399134@group-D8FDF9F2816D->53433fb8-bbf6-4d1d-a4a4-8c4d503fb949-GrpcLogAppender: Wait interrupted by java.lang.InterruptedException
2024-01-30 07:48:48,893 [33e454d1-da2d-4d19-a678-883106399134-impl-thread1] INFO  impl.PendingRequests (PendingRequests.java:sendNotLeaderResponses(289)) - 33e454d1-da2d-4d19-a678-883106399134@group-D8FDF9F2816D-PendingRequests: sendNotLeaderResponses
2024-01-30 07:48:48,893 [33e454d1-da2d-4d19-a678-883106399134@group-D8FDF9F2816D->42bb30bf-6dde-4b10-b68e-ce189e81f0fd-GrpcLogAppender-LogAppenderDaemon] WARN  server.GrpcLogAppender (GrpcLogAppender.java:mayWait(289)) - 33e454d1-da2d-4d19-a678-883106399134@group-D8FDF9F2816D->42bb30bf-6dde-4b10-b68e-ce189e81f0fd-GrpcLogAppender: Wait interrupted by java.lang.InterruptedException
2024-01-30 07:48:48,893 [2a934876-6cad-418e-9d99-0b91c92fbe5b@group-07C1DF08F428-cacheEviction-AwaitToRun] INFO  util.AwaitToRun (AwaitToRun.java:run(49)) - 2a934876-6cad-418e-9d99-0b91c92fbe5b@group-07C1DF08F428-cacheEviction-AwaitToRun-AwaitForSignal is interrupted
2024-01-30 07:48:48,900 [33e454d1-da2d-4d19-a678-883106399134-impl-thread1] INFO  impl.StateMachineUpdater (StateMachineUpdater.java:stopAndJoin(157)) - 33e454d1-da2d-4d19-a678-883106399134@group-D8FDF9F2816D-StateMachineUpdater: set stopIndex = 0
2024-01-30 07:48:48,893 [grpc-default-executor-8] INFO  server.GrpcLogAppender (GrpcLogAppender.java:onCompleted(546)) - 42bb30bf-6dde-4b10-b68e-ce189e81f0fd@group-FB520FCB7D25->53433fb8-bbf6-4d1d-a4a4-8c4d503fb949-AppendLogResponseHandler: follower responses appendEntries COMPLETED
2024-01-30 07:48:48,900 [grpc-default-executor-8] WARN  server.GrpcLogAppender (GrpcLogAppender.java:resetClient(226)) - 42bb30bf-6dde-4b10-b68e-ce189e81f0fd@group-FB520FCB7D25->53433fb8-bbf6-4d1d-a4a4-8c4d503fb949-GrpcLogAppender: Failed to getClient for 53433fb8-bbf6-4d1d-a4a4-8c4d503fb949
org.apache.ratis.protocol.exceptions.AlreadyClosedException: 42bb30bf-6dde-4b10-b68e-ce189e81f0fd is already CLOSED
	at org.apache.ratis.util.PeerProxyMap$PeerAndProxy.getProxy(PeerProxyMap.java:65)
	at org.apache.ratis.util.PeerProxyMap.getProxy(PeerProxyMap.java:114)
	at org.apache.ratis.grpc.server.GrpcLogAppender.getClient(GrpcLogAppender.java:196)
	at org.apache.ratis.grpc.server.GrpcLogAppender.resetClient(GrpcLogAppender.java:201)
	at org.apache.ratis.grpc.server.GrpcLogAppender.access$800(GrpcLogAppender.java:62)
	at org.apache.ratis.grpc.server.GrpcLogAppender$AppendLogResponseHandler.onCompleted(GrpcLogAppender.java:547)
	at org.apache.ratis.thirdparty.io.grpc.stub.ClientCalls$StreamObserverToCallListenerAdapter.onClose(ClientCalls.java:479)
	at org.apache.ratis.thirdparty.io.grpc.internal.DelayedClientCall$DelayedListener$3.run(DelayedClientCall.java:489)
	at org.apache.ratis.thirdparty.io.grpc.internal.DelayedClientCall$DelayedListener.delayOrExecute(DelayedClientCall.java:453)
	at org.apache.ratis.thirdparty.io.grpc.internal.DelayedClientCall$DelayedListener.onClose(DelayedClientCall.java:486)
	at org.apache.ratis.thirdparty.io.grpc.internal.ClientCallImpl.closeObserver(ClientCallImpl.java:567)
	at org.apache.ratis.thirdparty.io.grpc.internal.ClientCallImpl.access$300(ClientCallImpl.java:71)
	at org.apache.ratis.thirdparty.io.grpc.internal.ClientCallImpl$ClientStreamListenerImpl$1StreamClosed.runInternal(ClientCallImpl.java:735)
	at org.apache.ratis.thirdparty.io.grpc.internal.ClientCallImpl$ClientStreamListenerImpl$1StreamClosed.runInContext(ClientCallImpl.java:716)
	at org.apache.ratis.thirdparty.io.grpc.internal.ContextRunnable.run(ContextRunnable.java:37)
	at org.apache.ratis.thirdparty.io.grpc.internal.SerializingExecutor.run(SerializingExecutor.java:133)
	at java.util.concurrent.ThreadPoolExecutor.runWorker(ThreadPoolExecutor.java:1149)
	at java.util.concurrent.ThreadPoolExecutor$Worker.run(ThreadPoolExecutor.java:624)
	at java.lang.Thread.run(Thread.java:750)
2024-01-30 07:48:48,898 [33e454d1-da2d-4d19-a678-883106399134@group-FB520FCB7D25-StateMachineUpdater] INFO  ratis.ContainerStateMachine (ContainerStateMachine.java:takeSnapshot(366)) - group-FB520FCB7D25: Finished taking a snapshot at:(t:1, i:0) file:/home/runner/work/ozone/ozone/hadoop-ozone/integration-test/target/test-dir/MiniOzoneClusterImpl-22134a4f-1b78-467c-b266-ccfd401dbc1a/datanode-3/data/ratis/eb067bd9-c5d6-4c68-8b2a-fb520fcb7d25/sm/snapshot.1_0 took: 4 ms
2024-01-30 07:48:48,898 [grpc-default-executor-17] INFO  server.GrpcServerProtocolService (GrpcServerProtocolService.java:onCompleted(157)) - 2a934876-6cad-418e-9d99-0b91c92fbe5b: Completed APPEND_ENTRIES, lastRequest: 84e2f200-b83f-4514-9762-a3bf8832ea50->2a934876-6cad-418e-9d99-0b91c92fbe5b#1-t1,previous=(t:0, i:0),leaderCommit=-1,initializing? false,entries: size=1, first=(t:1, i:0), CONFIGURATIONENTRY(current:id: "84e2f200-b83f-4514-9762-a3bf8832ea50"
address: "10.1.0.48:15120"
priority: 1
dataStreamAddress: "10.1.0.48:15121"
clientAddress: "10.1.0.48:15118"
adminAddress: "10.1.0.48:15119"
startupRole: FOLLOWER
,id: "971c1615-1531-4bff-8b79-adf9a27d7f54"
address: "10.1.0.48:15129"
dataStreamAddress: "10.1.0.48:15130"
clientAddress: "10.1.0.48:15127"
adminAddress: "10.1.0.48:15128"
startupRole: FOLLOWER
,id: "2a934876-6cad-418e-9d99-0b91c92fbe5b"
address: "10.1.0.48:15111"
dataStreamAddress: "10.1.0.48:15112"
clientAddress: "10.1.0.48:15109"
adminAddress: "10.1.0.48:15110"
startupRole: FOLLOWER
, old:)
2024-01-30 07:48:48,907 [grpc-default-executor-17] INFO  server.GrpcServerProtocolService (GrpcServerProtocolService.java:lambda$onCompleted$5(159)) - 2a934876-6cad-418e-9d99-0b91c92fbe5b: Completed APPEND_ENTRIES, lastReply: null
2024-01-30 07:48:48,907 [ForkJoinPool.commonPool-worker-4] INFO  server.GrpcService (GrpcService.java:closeImpl(320)) - 42bb30bf-6dde-4b10-b68e-ce189e81f0fd: shutdown server org.apache.ratis.grpc.server.GrpcClientProtocolService successfully
2024-01-30 07:48:48,907 [ForkJoinPool.commonPool-worker-4] INFO  server.GrpcService (GrpcService.java:closeImpl(311)) - 42bb30bf-6dde-4b10-b68e-ce189e81f0fd: shutdown server GrpcServerProtocolService now
2024-01-30 07:48:48,907 [grpc-default-executor-8] INFO  server.GrpcLogAppender (GrpcLogAppender.java:onCompleted(546)) - 84e2f200-b83f-4514-9762-a3bf8832ea50@group-5A6D2AF928DF->2a934876-6cad-418e-9d99-0b91c92fbe5b-AppendLogResponseHandler: follower responses appendEntries COMPLETED
2024-01-30 07:48:48,908 [grpc-default-executor-8] WARN  server.GrpcLogAppender (GrpcLogAppender.java:resetClient(226)) - 84e2f200-b83f-4514-9762-a3bf8832ea50@group-5A6D2AF928DF->2a934876-6cad-418e-9d99-0b91c92fbe5b-GrpcLogAppender: Failed to getClient for 2a934876-6cad-418e-9d99-0b91c92fbe5b
org.apache.ratis.protocol.exceptions.AlreadyClosedException: 84e2f200-b83f-4514-9762-a3bf8832ea50 is already CLOSED
	at org.apache.ratis.util.PeerProxyMap$PeerAndProxy.getProxy(PeerProxyMap.java:65)
	at org.apache.ratis.util.PeerProxyMap.getProxy(PeerProxyMap.java:114)
	at org.apache.ratis.grpc.server.GrpcLogAppender.getClient(GrpcLogAppender.java:196)
	at org.apache.ratis.grpc.server.GrpcLogAppender.resetClient(GrpcLogAppender.java:201)
	at org.apache.ratis.grpc.server.GrpcLogAppender.access$800(GrpcLogAppender.java:62)
	at org.apache.ratis.grpc.server.GrpcLogAppender$AppendLogResponseHandler.onCompleted(GrpcLogAppender.java:547)
	at org.apache.ratis.thirdparty.io.grpc.stub.ClientCalls$StreamObserverToCallListenerAdapter.onClose(ClientCalls.java:479)
	at org.apache.ratis.thirdparty.io.grpc.internal.ClientCallImpl.closeObserver(ClientCallImpl.java:567)
	at org.apache.ratis.thirdparty.io.grpc.internal.ClientCallImpl.access$300(ClientCallImpl.java:71)
	at org.apache.ratis.thirdparty.io.grpc.internal.ClientCallImpl$ClientStreamListenerImpl$1StreamClosed.runInternal(ClientCallImpl.java:735)
	at org.apache.ratis.thirdparty.io.grpc.internal.ClientCallImpl$ClientStreamListenerImpl$1StreamClosed.runInContext(ClientCallImpl.java:716)
	at org.apache.ratis.thirdparty.io.grpc.internal.ContextRunnable.run(ContextRunnable.java:37)
	at org.apache.ratis.thirdparty.io.grpc.internal.SerializingExecutor.run(SerializingExecutor.java:133)
	at java.util.concurrent.ThreadPoolExecutor.runWorker(ThreadPoolExecutor.java:1149)
	at java.util.concurrent.ThreadPoolExecutor$Worker.run(ThreadPoolExecutor.java:624)
	at java.lang.Thread.run(Thread.java:750)
2024-01-30 07:48:48,908 [grpc-default-executor-11] INFO  server.GrpcServerProtocolService (GrpcServerProtocolService.java:onCompleted(157)) - 42bb30bf-6dde-4b10-b68e-ce189e81f0fd: Completed APPEND_ENTRIES, lastRequest: 33e454d1-da2d-4d19-a678-883106399134->42bb30bf-6dde-4b10-b68e-ce189e81f0fd#1-t1,previous=(t:0, i:0),leaderCommit=-1,initializing? false,entries: size=1, first=(t:1, i:0), CONFIGURATIONENTRY(current:id: "42bb30bf-6dde-4b10-b68e-ce189e81f0fd"
address: "10.1.0.48:15156"
dataStreamAddress: "10.1.0.48:15157"
clientAddress: "10.1.0.48:15154"
adminAddress: "10.1.0.48:15155"
startupRole: FOLLOWER
,id: "53433fb8-bbf6-4d1d-a4a4-8c4d503fb949"
address: "10.1.0.48:15147"
dataStreamAddress: "10.1.0.48:15148"
clientAddress: "10.1.0.48:15145"
adminAddress: "10.1.0.48:15146"
startupRole: FOLLOWER
,id: "33e454d1-da2d-4d19-a678-883106399134"
address: "10.1.0.48:15138"
priority: 1
dataStreamAddress: "10.1.0.48:15139"
clientAddress: "10.1.0.48:15136"
adminAddress: "10.1.0.48:15137"
startupRole: FOLLOWER
, old:)
2024-01-30 07:48:48,908 [grpc-default-executor-11] INFO  server.GrpcServerProtocolService (GrpcServerProtocolService.java:lambda$onCompleted$5(159)) - 42bb30bf-6dde-4b10-b68e-ce189e81f0fd: Completed APPEND_ENTRIES, lastReply: null
2024-01-30 07:48:48,908 [grpc-default-executor-10] INFO  server.GrpcServerProtocolService (GrpcServerProtocolService.java:onCompleted(157)) - 84e2f200-b83f-4514-9762-a3bf8832ea50: Completed APPEND_ENTRIES, lastRequest: 33e454d1-da2d-4d19-a678-883106399134->84e2f200-b83f-4514-9762-a3bf8832ea50#1-t1,previous=(t:0, i:0),leaderCommit=-1,initializing? false,entries: size=1, first=(t:1, i:0), CONFIGURATIONENTRY(current:id: "84e2f200-b83f-4514-9762-a3bf8832ea50"
address: "10.1.0.48:15120"
dataStreamAddress: "10.1.0.48:15121"
clientAddress: "10.1.0.48:15118"
adminAddress: "10.1.0.48:15119"
startupRole: FOLLOWER
,id: "971c1615-1531-4bff-8b79-adf9a27d7f54"
address: "10.1.0.48:15129"
dataStreamAddress: "10.1.0.48:15130"
clientAddress: "10.1.0.48:15127"
adminAddress: "10.1.0.48:15128"
startupRole: FOLLOWER
,id: "33e454d1-da2d-4d19-a678-883106399134"
address: "10.1.0.48:15138"
priority: 1
dataStreamAddress: "10.1.0.48:15139"
clientAddress: "10.1.0.48:15136"
adminAddress: "10.1.0.48:15137"
startupRole: FOLLOWER
, old:)
2024-01-30 07:48:48,911 [grpc-default-executor-10] INFO  server.GrpcServerProtocolService (GrpcServerProtocolService.java:lambda$onCompleted$5(159)) - 84e2f200-b83f-4514-9762-a3bf8832ea50: Completed APPEND_ENTRIES, lastReply: null
2024-01-30 07:48:48,896 [84e2f200-b83f-4514-9762-a3bf8832ea50@group-07C1DF08F428-StateMachineUpdater] INFO  ratis.ContainerStateMachine (ContainerStateMachine.java:takeSnapshot(366)) - group-07C1DF08F428: Finished taking a snapshot at:(t:1, i:0) file:/home/runner/work/ozone/ozone/hadoop-ozone/integration-test/target/test-dir/MiniOzoneClusterImpl-22134a4f-1b78-467c-b266-ccfd401dbc1a/datanode-1/data/ratis/cc4d22f2-9f3e-4340-9ad7-07c1df08f428/sm/snapshot.1_0 took: 2 ms
2024-01-30 07:48:48,896 [33e454d1-da2d-4d19-a678-883106399134-impl-thread2] INFO  server.RaftServer$Division (ServerState.java:close(427)) - 33e454d1-da2d-4d19-a678-883106399134@group-5DF41746B7E3: applyIndex: -1
2024-01-30 07:48:48,914 [ForkJoinPool.commonPool-worker-6] INFO  ozoneimpl.OzoneContainer (OzoneContainer.java:stop(479)) - Attempting to stop container services.
2024-01-30 07:48:48,896 [grpc-default-executor-5] INFO  server.GrpcServerProtocolService (GrpcServerProtocolService.java:onCompleted(157)) - 971c1615-1531-4bff-8b79-adf9a27d7f54: Completed APPEND_ENTRIES, lastRequest: 84e2f200-b83f-4514-9762-a3bf8832ea50->971c1615-1531-4bff-8b79-adf9a27d7f54#1-t1,previous=(t:0, i:0),leaderCommit=-1,initializing? false,entries: size=1, first=(t:1, i:0), CONFIGURATIONENTRY(current:id: "84e2f200-b83f-4514-9762-a3bf8832ea50"
address: "10.1.0.48:15120"
priority: 1
dataStreamAddress: "10.1.0.48:15121"
clientAddress: "10.1.0.48:15118"
adminAddress: "10.1.0.48:15119"
startupRole: FOLLOWER
,id: "971c1615-1531-4bff-8b79-adf9a27d7f54"
address: "10.1.0.48:15129"
dataStreamAddress: "10.1.0.48:15130"
clientAddress: "10.1.0.48:15127"
adminAddress: "10.1.0.48:15128"
startupRole: FOLLOWER
,id: "2a934876-6cad-418e-9d99-0b91c92fbe5b"
address: "10.1.0.48:15111"
dataStreamAddress: "10.1.0.48:15112"
clientAddress: "10.1.0.48:15109"
adminAddress: "10.1.0.48:15110"
startupRole: FOLLOWER
, old:)
2024-01-30 07:48:48,915 [grpc-default-executor-5] INFO  server.GrpcServerProtocolService (GrpcServerProtocolService.java:lambda$onCompleted$5(159)) - 971c1615-1531-4bff-8b79-adf9a27d7f54: Completed APPEND_ENTRIES, lastReply: null
2024-01-30 07:48:48,896 [grpc-default-executor-15] INFO  server.GrpcServerProtocolService (GrpcServerProtocolService.java:onCompleted(157)) - 971c1615-1531-4bff-8b79-adf9a27d7f54: Completed APPEND_ENTRIES, lastRequest: null
2024-01-30 07:48:48,896 [grpc-default-executor-14] INFO  server.GrpcServerProtocolService (GrpcServerProtocolService.java:onCompleted(157)) - 971c1615-1531-4bff-8b79-adf9a27d7f54: Completed APPEND_ENTRIES, lastRequest: null
2024-01-30 07:48:48,896 [grpc-default-executor-13] INFO  server.GrpcServerProtocolService (GrpcServerProtocolService.java:onCompleted(157)) - 971c1615-1531-4bff-8b79-adf9a27d7f54: Completed APPEND_ENTRIES, lastRequest: 84e2f200-b83f-4514-9762-a3bf8832ea50->971c1615-1531-4bff-8b79-adf9a27d7f54#1-t1,previous=(t:0, i:0),leaderCommit=-1,initializing? false,entries: size=1, first=(t:1, i:0), CONFIGURATIONENTRY(current:id: "84e2f200-b83f-4514-9762-a3bf8832ea50"
address: "10.1.0.48:15120"
priority: 1
dataStreamAddress: "10.1.0.48:15121"
clientAddress: "10.1.0.48:15118"
adminAddress: "10.1.0.48:15119"
startupRole: FOLLOWER
,id: "971c1615-1531-4bff-8b79-adf9a27d7f54"
address: "10.1.0.48:15129"
dataStreamAddress: "10.1.0.48:15130"
clientAddress: "10.1.0.48:15127"
adminAddress: "10.1.0.48:15128"
startupRole: FOLLOWER
,id: "2a934876-6cad-418e-9d99-0b91c92fbe5b"
address: "10.1.0.48:15111"
dataStreamAddress: "10.1.0.48:15112"
clientAddress: "10.1.0.48:15109"
adminAddress: "10.1.0.48:15110"
startupRole: FOLLOWER
, old:)
2024-01-30 07:48:48,915 [grpc-default-executor-13] INFO  server.GrpcServerProtocolService (GrpcServerProtocolService.java:lambda$onCompleted$5(159)) - 971c1615-1531-4bff-8b79-adf9a27d7f54: Completed APPEND_ENTRIES, lastReply: null
2024-01-30 07:48:48,915 [ForkJoinPool.commonPool-worker-6] INFO  server.RaftServer (RaftServerProxy.java:lambda$close$9(416)) - 971c1615-1531-4bff-8b79-adf9a27d7f54: close
2024-01-30 07:48:48,915 [971c1615-1531-4bff-8b79-adf9a27d7f54-impl-thread1] INFO  server.RaftServer$Division (RaftServerImpl.java:lambda$close$3(526)) - 971c1615-1531-4bff-8b79-adf9a27d7f54@group-09F0C667257B: shutdown
2024-01-30 07:48:48,915 [971c1615-1531-4bff-8b79-adf9a27d7f54-impl-thread1] INFO  util.JmxRegister (JmxRegister.java:unregister(73)) - Successfully un-registered JMX Bean with object name Ratis:service=RaftServer,group=group-09F0C667257B,id=971c1615-1531-4bff-8b79-adf9a27d7f54
2024-01-30 07:48:48,915 [971c1615-1531-4bff-8b79-adf9a27d7f54-impl-thread1] INFO  impl.RoleInfo (RoleInfo.java:shutdownFollowerState(110)) - 971c1615-1531-4bff-8b79-adf9a27d7f54: shutdown 971c1615-1531-4bff-8b79-adf9a27d7f54@group-09F0C667257B-FollowerState
2024-01-30 07:48:48,915 [33e454d1-da2d-4d19-a678-883106399134@group-5DF41746B7E3-cacheEviction-AwaitToRun] INFO  util.AwaitToRun (AwaitToRun.java:run(49)) - 33e454d1-da2d-4d19-a678-883106399134@group-5DF41746B7E3-cacheEviction-AwaitToRun-AwaitForSignal is interrupted
2024-01-30 07:48:48,914 [grpc-default-executor-21] INFO  server.GrpcServerProtocolService (GrpcServerProtocolService.java:onCompleted(157)) - 53433fb8-bbf6-4d1d-a4a4-8c4d503fb949: Completed APPEND_ENTRIES, lastRequest: 33e454d1-da2d-4d19-a678-883106399134->53433fb8-bbf6-4d1d-a4a4-8c4d503fb949#1-t1,previous=(t:0, i:0),leaderCommit=-1,initializing? false,entries: size=1, first=(t:1, i:0), CONFIGURATIONENTRY(current:id: "42bb30bf-6dde-4b10-b68e-ce189e81f0fd"
address: "10.1.0.48:15156"
dataStreamAddress: "10.1.0.48:15157"
clientAddress: "10.1.0.48:15154"
adminAddress: "10.1.0.48:15155"
startupRole: FOLLOWER
,id: "53433fb8-bbf6-4d1d-a4a4-8c4d503fb949"
address: "10.1.0.48:15147"
dataStreamAddress: "10.1.0.48:15148"
clientAddress: "10.1.0.48:15145"
adminAddress: "10.1.0.48:15146"
startupRole: FOLLOWER
,id: "33e454d1-da2d-4d19-a678-883106399134"
address: "10.1.0.48:15138"
priority: 1
dataStreamAddress: "10.1.0.48:15139"
clientAddress: "10.1.0.48:15136"
adminAddress: "10.1.0.48:15137"
startupRole: FOLLOWER
, old:)
2024-01-30 07:48:48,914 [84e2f200-b83f-4514-9762-a3bf8832ea50@group-07C1DF08F428-StateMachineUpdater] INFO  impl.StateMachineUpdater (StateMachineUpdater.java:takeSnapshot(295)) - 84e2f200-b83f-4514-9762-a3bf8832ea50@group-07C1DF08F428-StateMachineUpdater: Took a snapshot at index 0
2024-01-30 07:48:48,916 [84e2f200-b83f-4514-9762-a3bf8832ea50@group-07C1DF08F428-StateMachineUpdater] INFO  impl.StateMachineUpdater (StateMachineUpdater.java:lambda$new$0(98)) - 84e2f200-b83f-4514-9762-a3bf8832ea50@group-07C1DF08F428-StateMachineUpdater: snapshotIndex: updateIncreasingly -1 -> 0
2024-01-30 07:48:48,916 [84e2f200-b83f-4514-9762-a3bf8832ea50-impl-thread2] INFO  server.RaftServer$Division (ServerState.java:close(427)) - 84e2f200-b83f-4514-9762-a3bf8832ea50@group-07C1DF08F428: applyIndex: 0
2024-01-30 07:48:48,912 [ForkJoinPool.commonPool-worker-7] INFO  ozoneimpl.OzoneContainer (OzoneContainer.java:stop(479)) - Attempting to stop container services.
2024-01-30 07:48:48,912 [grpc-default-executor-20] INFO  server.GrpcLogAppender (GrpcLogAppender.java:onError(533)) - 33e454d1-da2d-4d19-a678-883106399134@group-D8FDF9F2816D->42bb30bf-6dde-4b10-b68e-ce189e81f0fd-GrpcLogAppender is already stopped
2024-01-30 07:48:48,912 [grpc-default-executor-9] INFO  server.GrpcLogAppender (GrpcLogAppender.java:onCompleted(546)) - 84e2f200-b83f-4514-9762-a3bf8832ea50@group-09F0C667257B->2a934876-6cad-418e-9d99-0b91c92fbe5b-AppendLogResponseHandler: follower responses appendEntries COMPLETED
2024-01-30 07:48:48,916 [grpc-default-executor-9] WARN  server.GrpcLogAppender (GrpcLogAppender.java:resetClient(226)) - 84e2f200-b83f-4514-9762-a3bf8832ea50@group-09F0C667257B->2a934876-6cad-418e-9d99-0b91c92fbe5b-GrpcLogAppender: Failed to getClient for 2a934876-6cad-418e-9d99-0b91c92fbe5b
org.apache.ratis.protocol.exceptions.AlreadyClosedException: 84e2f200-b83f-4514-9762-a3bf8832ea50 is already CLOSED
	at org.apache.ratis.util.PeerProxyMap$PeerAndProxy.getProxy(PeerProxyMap.java:65)
	at org.apache.ratis.util.PeerProxyMap.getProxy(PeerProxyMap.java:114)
	at org.apache.ratis.grpc.server.GrpcLogAppender.getClient(GrpcLogAppender.java:196)
	at org.apache.ratis.grpc.server.GrpcLogAppender.resetClient(GrpcLogAppender.java:201)
	at org.apache.ratis.grpc.server.GrpcLogAppender.access$800(GrpcLogAppender.java:62)
	at org.apache.ratis.grpc.server.GrpcLogAppender$AppendLogResponseHandler.onCompleted(GrpcLogAppender.java:547)
	at org.apache.ratis.thirdparty.io.grpc.stub.ClientCalls$StreamObserverToCallListenerAdapter.onClose(ClientCalls.java:479)
	at org.apache.ratis.thirdparty.io.grpc.internal.DelayedClientCall$DelayedListener$3.run(DelayedClientCall.java:489)
	at org.apache.ratis.thirdparty.io.grpc.internal.DelayedClientCall$DelayedListener.delayOrExecute(DelayedClientCall.java:453)
	at org.apache.ratis.thirdparty.io.grpc.internal.DelayedClientCall$DelayedListener.onClose(DelayedClientCall.java:486)
	at org.apache.ratis.thirdparty.io.grpc.internal.ClientCallImpl.closeObserver(ClientCallImpl.java:567)
	at org.apache.ratis.thirdparty.io.grpc.internal.ClientCallImpl.access$300(ClientCallImpl.java:71)
	at org.apache.ratis.thirdparty.io.grpc.internal.ClientCallImpl$ClientStreamListenerImpl$1StreamClosed.runInternal(ClientCallImpl.java:735)
	at org.apache.ratis.thirdparty.io.grpc.internal.ClientCallImpl$ClientStreamListenerImpl$1StreamClosed.runInContext(ClientCallImpl.java:716)
	at org.apache.ratis.thirdparty.io.grpc.internal.ContextRunnable.run(ContextRunnable.java:37)
	at org.apache.ratis.thirdparty.io.grpc.internal.SerializingExecutor.run(SerializingExecutor.java:133)
	at java.util.concurrent.ThreadPoolExecutor.runWorker(ThreadPoolExecutor.java:1149)
	at java.util.concurrent.ThreadPoolExecutor$Worker.run(ThreadPoolExecutor.java:624)
	at java.lang.Thread.run(Thread.java:750)
2024-01-30 07:48:48,911 [ForkJoinPool.commonPool-worker-5] INFO  server.GrpcService (GrpcService.java:closeImpl(320)) - 2a934876-6cad-418e-9d99-0b91c92fbe5b: shutdown server org.apache.ratis.grpc.server.GrpcClientProtocolService successfully
2024-01-30 07:48:48,917 [ForkJoinPool.commonPool-worker-5] INFO  server.GrpcService (GrpcService.java:closeImpl(311)) - 2a934876-6cad-418e-9d99-0b91c92fbe5b: shutdown server GrpcServerProtocolService now
2024-01-30 07:48:48,910 [ForkJoinPool.commonPool-worker-4] INFO  server.GrpcService (GrpcService.java:closeImpl(320)) - 42bb30bf-6dde-4b10-b68e-ce189e81f0fd: shutdown server GrpcServerProtocolService successfully
2024-01-30 07:48:48,917 [ForkJoinPool.commonPool-worker-4] INFO  server.GrpcService (GrpcService.java:closeImpl(311)) - 42bb30bf-6dde-4b10-b68e-ce189e81f0fd: shutdown server org.apache.ratis.grpc.server.GrpcAdminProtocolService now
2024-01-30 07:48:48,917 [971c1615-1531-4bff-8b79-adf9a27d7f54-impl-thread2] INFO  server.RaftServer$Division (RaftServerImpl.java:lambda$close$3(526)) - 971c1615-1531-4bff-8b79-adf9a27d7f54@group-07C1DF08F428: shutdown
2024-01-30 07:48:48,917 [971c1615-1531-4bff-8b79-adf9a27d7f54-impl-thread2] INFO  util.JmxRegister (JmxRegister.java:unregister(73)) - Successfully un-registered JMX Bean with object name Ratis:service=RaftServer,group=group-07C1DF08F428,id=971c1615-1531-4bff-8b79-adf9a27d7f54
2024-01-30 07:48:48,917 [971c1615-1531-4bff-8b79-adf9a27d7f54-impl-thread2] INFO  impl.RoleInfo (RoleInfo.java:shutdownFollowerState(110)) - 971c1615-1531-4bff-8b79-adf9a27d7f54: shutdown 971c1615-1531-4bff-8b79-adf9a27d7f54@group-07C1DF08F428-FollowerState
2024-01-30 07:48:48,917 [ForkJoinPool.commonPool-worker-7] INFO  server.RaftServer (RaftServerProxy.java:lambda$close$9(416)) - 53433fb8-bbf6-4d1d-a4a4-8c4d503fb949: close
2024-01-30 07:48:48,910 [grpc-default-executor-19] WARN  server.GrpcServerProtocolService (LogUtils.java:warn(121)) - 42bb30bf-6dde-4b10-b68e-ce189e81f0fd: APPEND_ENTRIES onError, lastRequest: null: org.apache.ratis.thirdparty.io.grpc.StatusRuntimeException: CANCELLED: client cancelled
2024-01-30 07:48:48,910 [grpc-default-executor-2] INFO  server.GrpcLogAppender (GrpcLogAppender.java:onCompleted(546)) - 84e2f200-b83f-4514-9762-a3bf8832ea50@group-5A6D2AF928DF->2a934876-6cad-418e-9d99-0b91c92fbe5b-AppendLogResponseHandler: follower responses appendEntries COMPLETED
2024-01-30 07:48:48,918 [grpc-default-executor-2] WARN  server.GrpcLogAppender (GrpcLogAppender.java:resetClient(226)) - 84e2f200-b83f-4514-9762-a3bf8832ea50@group-5A6D2AF928DF->2a934876-6cad-418e-9d99-0b91c92fbe5b-GrpcLogAppender: Failed to getClient for 2a934876-6cad-418e-9d99-0b91c92fbe5b
org.apache.ratis.protocol.exceptions.AlreadyClosedException: 84e2f200-b83f-4514-9762-a3bf8832ea50 is already CLOSED
	at org.apache.ratis.util.PeerProxyMap$PeerAndProxy.getProxy(PeerProxyMap.java:65)
	at org.apache.ratis.util.PeerProxyMap.getProxy(PeerProxyMap.java:114)
	at org.apache.ratis.grpc.server.GrpcLogAppender.getClient(GrpcLogAppender.java:196)
	at org.apache.ratis.grpc.server.GrpcLogAppender.resetClient(GrpcLogAppender.java:201)
	at org.apache.ratis.grpc.server.GrpcLogAppender.access$800(GrpcLogAppender.java:62)
	at org.apache.ratis.grpc.server.GrpcLogAppender$AppendLogResponseHandler.onCompleted(GrpcLogAppender.java:547)
	at org.apache.ratis.thirdparty.io.grpc.stub.ClientCalls$StreamObserverToCallListenerAdapter.onClose(ClientCalls.java:479)
	at org.apache.ratis.thirdparty.io.grpc.internal.ClientCallImpl.closeObserver(ClientCallImpl.java:567)
	at org.apache.ratis.thirdparty.io.grpc.internal.ClientCallImpl.access$300(ClientCallImpl.java:71)
	at org.apache.ratis.thirdparty.io.grpc.internal.ClientCallImpl$ClientStreamListenerImpl$1StreamClosed.runInternal(ClientCallImpl.java:735)
	at org.apache.ratis.thirdparty.io.grpc.internal.ClientCallImpl$ClientStreamListenerImpl$1StreamClosed.runInContext(ClientCallImpl.java:716)
	at org.apache.ratis.thirdparty.io.grpc.internal.ContextRunnable.run(ContextRunnable.java:37)
	at org.apache.ratis.thirdparty.io.grpc.internal.SerializingExecutor.run(SerializingExecutor.java:133)
	at java.util.concurrent.ThreadPoolExecutor.runWorker(ThreadPoolExecutor.java:1149)
	at java.util.concurrent.ThreadPoolExecutor$Worker.run(ThreadPoolExecutor.java:624)
	at java.lang.Thread.run(Thread.java:750)
2024-01-30 07:48:48,909 [grpc-default-executor-6] INFO  server.GrpcLogAppender (GrpcLogAppender.java:onCompleted(546)) - 2a934876-6cad-418e-9d99-0b91c92fbe5b@group-5DF41746B7E3->33e454d1-da2d-4d19-a678-883106399134-AppendLogResponseHandler: follower responses appendEntries COMPLETED
2024-01-30 07:48:48,909 [grpc-default-executor-8] INFO  server.GrpcServerProtocolService (GrpcServerProtocolService.java:onCompleted(157)) - 971c1615-1531-4bff-8b79-adf9a27d7f54: Completed APPEND_ENTRIES, lastRequest: null
2024-01-30 07:48:48,909 [grpc-default-executor-11] INFO  server.GrpcLogAppender (GrpcLogAppender.java:onError(533)) - 33e454d1-da2d-4d19-a678-883106399134@group-D8FDF9F2816D->42bb30bf-6dde-4b10-b68e-ce189e81f0fd-GrpcLogAppender is already stopped
2024-01-30 07:48:48,918 [grpc-default-executor-8] INFO  server.GrpcServerProtocolService (GrpcServerProtocolService.java:lambda$onCompleted$5(159)) - 971c1615-1531-4bff-8b79-adf9a27d7f54: Completed APPEND_ENTRIES, lastReply: serverReply {
  requestorId: "33e454d1-da2d-4d19-a678-883106399134"
  replyId: "971c1615-1531-4bff-8b79-adf9a27d7f54"
  raftGroupId {
    id: "\002(#~\314\347K\346\255\n\252>\030)\005\347"
  }
  success: true
}
term: 1
nextIndex: 1
followerCommit: 18446744073709551615
matchIndex: 18446744073709551615
isHearbeat: true

2024-01-30 07:48:48,908 [grpc-default-executor-7] INFO  server.GrpcLogAppender (GrpcLogAppender.java:onCompleted(546)) - 84e2f200-b83f-4514-9762-a3bf8832ea50@group-09F0C667257B->2a934876-6cad-418e-9d99-0b91c92fbe5b-AppendLogResponseHandler: follower responses appendEntries COMPLETED
2024-01-30 07:48:48,907 [grpc-default-executor-17] INFO  server.GrpcServerProtocolService (GrpcServerProtocolService.java:onCompleted(157)) - 53433fb8-bbf6-4d1d-a4a4-8c4d503fb949: Completed APPEND_ENTRIES, lastRequest: null
2024-01-30 07:48:48,919 [grpc-default-executor-22] INFO  server.GrpcLogAppender (GrpcLogAppender.java:onCompleted(546)) - 84e2f200-b83f-4514-9762-a3bf8832ea50@group-5A6D2AF928DF->971c1615-1531-4bff-8b79-adf9a27d7f54-AppendLogResponseHandler: follower responses appendEntries COMPLETED
2024-01-30 07:48:48,919 [grpc-default-executor-22] WARN  server.GrpcLogAppender (GrpcLogAppender.java:resetClient(226)) - 84e2f200-b83f-4514-9762-a3bf8832ea50@group-5A6D2AF928DF->971c1615-1531-4bff-8b79-adf9a27d7f54-GrpcLogAppender: Failed to getClient for 971c1615-1531-4bff-8b79-adf9a27d7f54
org.apache.ratis.protocol.exceptions.AlreadyClosedException: 84e2f200-b83f-4514-9762-a3bf8832ea50 is already CLOSED
	at org.apache.ratis.util.PeerProxyMap$PeerAndProxy.getProxy(PeerProxyMap.java:65)
	at org.apache.ratis.util.PeerProxyMap.getProxy(PeerProxyMap.java:114)
	at org.apache.ratis.grpc.server.GrpcLogAppender.getClient(GrpcLogAppender.java:196)
	at org.apache.ratis.grpc.server.GrpcLogAppender.resetClient(GrpcLogAppender.java:201)
	at org.apache.ratis.grpc.server.GrpcLogAppender.access$800(GrpcLogAppender.java:62)
	at org.apache.ratis.grpc.server.GrpcLogAppender$AppendLogResponseHandler.onCompleted(GrpcLogAppender.java:547)
	at org.apache.ratis.thirdparty.io.grpc.stub.ClientCalls$StreamObserverToCallListenerAdapter.onClose(ClientCalls.java:479)
	at org.apache.ratis.thirdparty.io.grpc.internal.ClientCallImpl.closeObserver(ClientCallImpl.java:567)
	at org.apache.ratis.thirdparty.io.grpc.internal.ClientCallImpl.access$300(ClientCallImpl.java:71)
	at org.apache.ratis.thirdparty.io.grpc.internal.ClientCallImpl$ClientStreamListenerImpl$1StreamClosed.runInternal(ClientCallImpl.java:735)
	at org.apache.ratis.thirdparty.io.grpc.internal.ClientCallImpl$ClientStreamListenerImpl$1StreamClosed.runInContext(ClientCallImpl.java:716)
	at org.apache.ratis.thirdparty.io.grpc.internal.ContextRunnable.run(ContextRunnable.java:37)
	at org.apache.ratis.thirdparty.io.grpc.internal.SerializingExecutor.run(SerializingExecutor.java:133)
	at java.util.concurrent.ThreadPoolExecutor.runWorker(ThreadPoolExecutor.java:1149)
	at java.util.concurrent.ThreadPoolExecutor$Worker.run(ThreadPoolExecutor.java:624)
	at java.lang.Thread.run(Thread.java:750)
2024-01-30 07:48:48,907 [grpc-default-executor-18] INFO  server.GrpcLogAppender (GrpcLogAppender.java:onCompleted(546)) - 33e454d1-da2d-4d19-a678-883106399134@group-AA3E182905E7->84e2f200-b83f-4514-9762-a3bf8832ea50-AppendLogResponseHandler: follower responses appendEntries COMPLETED
2024-01-30 07:48:48,906 [33e454d1-da2d-4d19-a678-883106399134@group-FB520FCB7D25-StateMachineUpdater] INFO  impl.StateMachineUpdater (StateMachineUpdater.java:takeSnapshot(295)) - 33e454d1-da2d-4d19-a678-883106399134@group-FB520FCB7D25-StateMachineUpdater: Took a snapshot at index 0
2024-01-30 07:48:48,902 [84e2f200-b83f-4514-9762-a3bf8832ea50@group-AA3E182905E7-cacheEviction-AwaitToRun] INFO  util.AwaitToRun (AwaitToRun.java:run(49)) - 84e2f200-b83f-4514-9762-a3bf8832ea50@group-AA3E182905E7-cacheEviction-AwaitToRun-AwaitForSignal is interrupted
2024-01-30 07:48:48,924 [53433fb8-bbf6-4d1d-a4a4-8c4d503fb949-impl-thread3] INFO  server.RaftServer$Division (RaftServerImpl.java:lambda$close$3(526)) - 53433fb8-bbf6-4d1d-a4a4-8c4d503fb949@group-FB520FCB7D25: shutdown
2024-01-30 07:48:48,924 [53433fb8-bbf6-4d1d-a4a4-8c4d503fb949-impl-thread3] INFO  util.JmxRegister (JmxRegister.java:unregister(73)) - Successfully un-registered JMX Bean with object name Ratis:service=RaftServer,group=group-FB520FCB7D25,id=53433fb8-bbf6-4d1d-a4a4-8c4d503fb949
2024-01-30 07:48:48,925 [53433fb8-bbf6-4d1d-a4a4-8c4d503fb949-impl-thread3] INFO  impl.RoleInfo (RoleInfo.java:shutdownFollowerState(110)) - 53433fb8-bbf6-4d1d-a4a4-8c4d503fb949: shutdown 53433fb8-bbf6-4d1d-a4a4-8c4d503fb949@group-FB520FCB7D25-FollowerState
2024-01-30 07:48:48,925 [53433fb8-bbf6-4d1d-a4a4-8c4d503fb949-impl-thread3] INFO  impl.StateMachineUpdater (StateMachineUpdater.java:stopAndJoin(157)) - 53433fb8-bbf6-4d1d-a4a4-8c4d503fb949@group-FB520FCB7D25-StateMachineUpdater: set stopIndex = 0
2024-01-30 07:48:48,902 [2a934876-6cad-418e-9d99-0b91c92fbe5b@group-5DF41746B7E3-cacheEviction-AwaitToRun] INFO  util.AwaitToRun (AwaitToRun.java:run(49)) - 2a934876-6cad-418e-9d99-0b91c92fbe5b@group-5DF41746B7E3-cacheEviction-AwaitToRun-AwaitForSignal is interrupted
2024-01-30 07:48:48,902 [33e454d1-da2d-4d19-a678-883106399134@group-AA3E182905E7-cacheEviction-AwaitToRun] INFO  util.AwaitToRun (AwaitToRun.java:run(49)) - 33e454d1-da2d-4d19-a678-883106399134@group-AA3E182905E7-cacheEviction-AwaitToRun-AwaitForSignal is interrupted
2024-01-30 07:48:48,902 [84e2f200-b83f-4514-9762-a3bf8832ea50@group-5A6D2AF928DF-cacheEviction-AwaitToRun] INFO  util.AwaitToRun (AwaitToRun.java:run(49)) - 84e2f200-b83f-4514-9762-a3bf8832ea50@group-5A6D2AF928DF-cacheEviction-AwaitToRun-AwaitForSignal is interrupted
2024-01-30 07:48:48,901 [33e454d1-da2d-4d19-a678-883106399134@group-D8FDF9F2816D-StateMachineUpdater] INFO  ratis.ContainerStateMachine (ContainerStateMachine.java:takeSnapshot(355)) - group-D8FDF9F2816D: Taking a snapshot at:(t:1, i:0) file /home/runner/work/ozone/ozone/hadoop-ozone/integration-test/target/test-dir/MiniOzoneClusterImpl-22134a4f-1b78-467c-b266-ccfd401dbc1a/datanode-3/data/ratis/a6df5248-7441-4f56-b9a1-d8fdf9f2816d/sm/snapshot.1_0
2024-01-30 07:48:48,900 [grpc-default-executor-12] WARN  server.GrpcLogAppender (GrpcLogAppender.java:resetClient(226)) - 2a934876-6cad-418e-9d99-0b91c92fbe5b@group-5DF41746B7E3->33e454d1-da2d-4d19-a678-883106399134-GrpcLogAppender: Failed to getClient for 33e454d1-da2d-4d19-a678-883106399134
org.apache.ratis.protocol.exceptions.AlreadyClosedException: 2a934876-6cad-418e-9d99-0b91c92fbe5b is already CLOSED
	at org.apache.ratis.util.PeerProxyMap$PeerAndProxy.getProxy(PeerProxyMap.java:65)
	at org.apache.ratis.util.PeerProxyMap.getProxy(PeerProxyMap.java:114)
	at org.apache.ratis.grpc.server.GrpcLogAppender.getClient(GrpcLogAppender.java:196)
	at org.apache.ratis.grpc.server.GrpcLogAppender.resetClient(GrpcLogAppender.java:201)
	at org.apache.ratis.grpc.server.GrpcLogAppender.access$800(GrpcLogAppender.java:62)
	at org.apache.ratis.grpc.server.GrpcLogAppender$AppendLogResponseHandler.onCompleted(GrpcLogAppender.java:547)
	at org.apache.ratis.thirdparty.io.grpc.stub.ClientCalls$StreamObserverToCallListenerAdapter.onClose(ClientCalls.java:479)
	at org.apache.ratis.thirdparty.io.grpc.internal.ClientCallImpl.closeObserver(ClientCallImpl.java:567)
	at org.apache.ratis.thirdparty.io.grpc.internal.ClientCallImpl.access$300(ClientCallImpl.java:71)
	at org.apache.ratis.thirdparty.io.grpc.internal.ClientCallImpl$ClientStreamListenerImpl$1StreamClosed.runInternal(ClientCallImpl.java:735)
	at org.apache.ratis.thirdparty.io.grpc.internal.ClientCallImpl$ClientStreamListenerImpl$1StreamClosed.runInContext(ClientCallImpl.java:716)
	at org.apache.ratis.thirdparty.io.grpc.internal.ContextRunnable.run(ContextRunnable.java:37)
	at org.apache.ratis.thirdparty.io.grpc.internal.SerializingExecutor.run(SerializingExecutor.java:133)
	at java.util.concurrent.ThreadPoolExecutor.runWorker(ThreadPoolExecutor.java:1149)
	at java.util.concurrent.ThreadPoolExecutor$Worker.run(ThreadPoolExecutor.java:624)
	at java.lang.Thread.run(Thread.java:750)
2024-01-30 07:48:48,900 [grpc-default-executor-16] INFO  server.GrpcServerProtocolService (GrpcServerProtocolService.java:onCompleted(157)) - 971c1615-1531-4bff-8b79-adf9a27d7f54: Completed APPEND_ENTRIES, lastRequest: 33e454d1-da2d-4d19-a678-883106399134->971c1615-1531-4bff-8b79-adf9a27d7f54#1-t1,previous=(t:0, i:0),leaderCommit=-1,initializing? false,entries: size=1, first=(t:1, i:0), CONFIGURATIONENTRY(current:id: "84e2f200-b83f-4514-9762-a3bf8832ea50"
address: "10.1.0.48:15120"
dataStreamAddress: "10.1.0.48:15121"
clientAddress: "10.1.0.48:15118"
adminAddress: "10.1.0.48:15119"
startupRole: FOLLOWER
,id: "971c1615-1531-4bff-8b79-adf9a27d7f54"
address: "10.1.0.48:15129"
dataStreamAddress: "10.1.0.48:15130"
clientAddress: "10.1.0.48:15127"
adminAddress: "10.1.0.48:15128"
startupRole: FOLLOWER
,id: "33e454d1-da2d-4d19-a678-883106399134"
address: "10.1.0.48:15138"
priority: 1
dataStreamAddress: "10.1.0.48:15139"
clientAddress: "10.1.0.48:15136"
adminAddress: "10.1.0.48:15137"
startupRole: FOLLOWER
, old:)
2024-01-30 07:48:48,925 [ForkJoinPool.commonPool-worker-4] INFO  server.GrpcService (GrpcService.java:closeImpl(320)) - 42bb30bf-6dde-4b10-b68e-ce189e81f0fd: shutdown server org.apache.ratis.grpc.server.GrpcAdminProtocolService successfully
2024-01-30 07:48:48,925 [53433fb8-bbf6-4d1d-a4a4-8c4d503fb949@group-FB520FCB7D25-FollowerState] INFO  impl.FollowerState (FollowerState.java:run(152)) - 53433fb8-bbf6-4d1d-a4a4-8c4d503fb949@group-FB520FCB7D25-FollowerState was interrupted
2024-01-30 07:48:48,925 [53433fb8-bbf6-4d1d-a4a4-8c4d503fb949@group-FB520FCB7D25-StateMachineUpdater] INFO  ratis.ContainerStateMachine (ContainerStateMachine.java:takeSnapshot(355)) - group-FB520FCB7D25: Taking a snapshot at:(t:1, i:0) file /home/runner/work/ozone/ozone/hadoop-ozone/integration-test/target/test-dir/MiniOzoneClusterImpl-22134a4f-1b78-467c-b266-ccfd401dbc1a/datanode-4/data/ratis/eb067bd9-c5d6-4c68-8b2a-fb520fcb7d25/sm/snapshot.1_0
2024-01-30 07:48:48,926 [53433fb8-bbf6-4d1d-a4a4-8c4d503fb949@group-FB520FCB7D25-StateMachineUpdater] INFO  ratis.ContainerStateMachine (ContainerStateMachine.java:takeSnapshot(366)) - group-FB520FCB7D25: Finished taking a snapshot at:(t:1, i:0) file:/home/runner/work/ozone/ozone/hadoop-ozone/integration-test/target/test-dir/MiniOzoneClusterImpl-22134a4f-1b78-467c-b266-ccfd401dbc1a/datanode-4/data/ratis/eb067bd9-c5d6-4c68-8b2a-fb520fcb7d25/sm/snapshot.1_0 took: 2 ms
2024-01-30 07:48:48,926 [53433fb8-bbf6-4d1d-a4a4-8c4d503fb949@group-FB520FCB7D25-StateMachineUpdater] INFO  impl.StateMachineUpdater (StateMachineUpdater.java:takeSnapshot(295)) - 53433fb8-bbf6-4d1d-a4a4-8c4d503fb949@group-FB520FCB7D25-StateMachineUpdater: Took a snapshot at index 0
2024-01-30 07:48:48,926 [53433fb8-bbf6-4d1d-a4a4-8c4d503fb949@group-FB520FCB7D25-StateMachineUpdater] INFO  impl.StateMachineUpdater (StateMachineUpdater.java:lambda$new$0(98)) - 53433fb8-bbf6-4d1d-a4a4-8c4d503fb949@group-FB520FCB7D25-StateMachineUpdater: snapshotIndex: updateIncreasingly -1 -> 0
2024-01-30 07:48:48,927 [53433fb8-bbf6-4d1d-a4a4-8c4d503fb949-impl-thread3] INFO  server.RaftServer$Division (ServerState.java:close(427)) - 53433fb8-bbf6-4d1d-a4a4-8c4d503fb949@group-FB520FCB7D25: applyIndex: 0
2024-01-30 07:48:48,924 [33e454d1-da2d-4d19-a678-883106399134@group-FB520FCB7D25-StateMachineUpdater] INFO  impl.StateMachineUpdater (StateMachineUpdater.java:lambda$new$0(98)) - 33e454d1-da2d-4d19-a678-883106399134@group-FB520FCB7D25-StateMachineUpdater: snapshotIndex: updateIncreasingly -1 -> 0
2024-01-30 07:48:48,924 [grpc-default-executor-18] WARN  server.GrpcLogAppender (GrpcLogAppender.java:resetClient(226)) - 33e454d1-da2d-4d19-a678-883106399134@group-AA3E182905E7->84e2f200-b83f-4514-9762-a3bf8832ea50-GrpcLogAppender: Failed to getClient for 84e2f200-b83f-4514-9762-a3bf8832ea50
org.apache.ratis.protocol.exceptions.AlreadyClosedException: 33e454d1-da2d-4d19-a678-883106399134 is already CLOSED
	at org.apache.ratis.util.PeerProxyMap$PeerAndProxy.getProxy(PeerProxyMap.java:65)
	at org.apache.ratis.util.PeerProxyMap.getProxy(PeerProxyMap.java:114)
	at org.apache.ratis.grpc.server.GrpcLogAppender.getClient(GrpcLogAppender.java:196)
	at org.apache.ratis.grpc.server.GrpcLogAppender.resetClient(GrpcLogAppender.java:201)
	at org.apache.ratis.grpc.server.GrpcLogAppender.access$800(GrpcLogAppender.java:62)
	at org.apache.ratis.grpc.server.GrpcLogAppender$AppendLogResponseHandler.onCompleted(GrpcLogAppender.java:547)
	at org.apache.ratis.thirdparty.io.grpc.stub.ClientCalls$StreamObserverToCallListenerAdapter.onClose(ClientCalls.java:479)
	at org.apache.ratis.thirdparty.io.grpc.internal.DelayedClientCall$DelayedListener$3.run(DelayedClientCall.java:489)
	at org.apache.ratis.thirdparty.io.grpc.internal.DelayedClientCall$DelayedListener.delayOrExecute(DelayedClientCall.java:453)
	at org.apache.ratis.thirdparty.io.grpc.internal.DelayedClientCall$DelayedListener.onClose(DelayedClientCall.java:486)
	at org.apache.ratis.thirdparty.io.grpc.internal.ClientCallImpl.closeObserver(ClientCallImpl.java:567)
	at org.apache.ratis.thirdparty.io.grpc.internal.ClientCallImpl.access$300(ClientCallImpl.java:71)
	at org.apache.ratis.thirdparty.io.grpc.internal.ClientCallImpl$ClientStreamListenerImpl$1StreamClosed.runInternal(ClientCallImpl.java:735)
	at org.apache.ratis.thirdparty.io.grpc.internal.ClientCallImpl$ClientStreamListenerImpl$1StreamClosed.runInContext(ClientCallImpl.java:716)
	at org.apache.ratis.thirdparty.io.grpc.internal.ContextRunnable.run(ContextRunnable.java:37)
	at org.apache.ratis.thirdparty.io.grpc.internal.SerializingExecutor.run(SerializingExecutor.java:133)
	at java.util.concurrent.ThreadPoolExecutor.runWorker(ThreadPoolExecutor.java:1149)
	at java.util.concurrent.ThreadPoolExecutor$Worker.run(ThreadPoolExecutor.java:624)
	at java.lang.Thread.run(Thread.java:750)
2024-01-30 07:48:48,924 [53433fb8-bbf6-4d1d-a4a4-8c4d503fb949-impl-thread2] INFO  server.RaftServer$Division (RaftServerImpl.java:lambda$close$3(526)) - 53433fb8-bbf6-4d1d-a4a4-8c4d503fb949@group-5DF41746B7E3: shutdown
2024-01-30 07:48:48,927 [53433fb8-bbf6-4d1d-a4a4-8c4d503fb949-impl-thread2] INFO  util.JmxRegister (JmxRegister.java:unregister(73)) - Successfully un-registered JMX Bean with object name Ratis:service=RaftServer,group=group-5DF41746B7E3,id=53433fb8-bbf6-4d1d-a4a4-8c4d503fb949
2024-01-30 07:48:48,927 [53433fb8-bbf6-4d1d-a4a4-8c4d503fb949-impl-thread2] INFO  impl.RoleInfo (RoleInfo.java:shutdownFollowerState(110)) - 53433fb8-bbf6-4d1d-a4a4-8c4d503fb949: shutdown 53433fb8-bbf6-4d1d-a4a4-8c4d503fb949@group-5DF41746B7E3-FollowerState
2024-01-30 07:48:48,923 [grpc-default-executor-11] INFO  server.GrpcLogAppender (GrpcLogAppender.java:onCompleted(546)) - 33e454d1-da2d-4d19-a678-883106399134@group-AA3E182905E7->84e2f200-b83f-4514-9762-a3bf8832ea50-AppendLogResponseHandler: follower responses appendEntries COMPLETED
2024-01-30 07:48:48,927 [grpc-default-executor-11] WARN  server.GrpcLogAppender (GrpcLogAppender.java:resetClient(226)) - 33e454d1-da2d-4d19-a678-883106399134@group-AA3E182905E7->84e2f200-b83f-4514-9762-a3bf8832ea50-GrpcLogAppender: Failed to getClient for 84e2f200-b83f-4514-9762-a3bf8832ea50
org.apache.ratis.protocol.exceptions.AlreadyClosedException: 33e454d1-da2d-4d19-a678-883106399134 is already CLOSED
	at org.apache.ratis.util.PeerProxyMap$PeerAndProxy.getProxy(PeerProxyMap.java:65)
	at org.apache.ratis.util.PeerProxyMap.getProxy(PeerProxyMap.java:114)
	at org.apache.ratis.grpc.server.GrpcLogAppender.getClient(GrpcLogAppender.java:196)
	at org.apache.ratis.grpc.server.GrpcLogAppender.resetClient(GrpcLogAppender.java:201)
	at org.apache.ratis.grpc.server.GrpcLogAppender.access$800(GrpcLogAppender.java:62)
	at org.apache.ratis.grpc.server.GrpcLogAppender$AppendLogResponseHandler.onCompleted(GrpcLogAppender.java:547)
	at org.apache.ratis.thirdparty.io.grpc.stub.ClientCalls$StreamObserverToCallListenerAdapter.onClose(ClientCalls.java:479)
	at org.apache.ratis.thirdparty.io.grpc.internal.ClientCallImpl.closeObserver(ClientCallImpl.java:567)
	at org.apache.ratis.thirdparty.io.grpc.internal.ClientCallImpl.access$300(ClientCallImpl.java:71)
	at org.apache.ratis.thirdparty.io.grpc.internal.ClientCallImpl$ClientStreamListenerImpl$1StreamClosed.runInternal(ClientCallImpl.java:735)
	at org.apache.ratis.thirdparty.io.grpc.internal.ClientCallImpl$ClientStreamListenerImpl$1StreamClosed.runInContext(ClientCallImpl.java:716)
	at org.apache.ratis.thirdparty.io.grpc.internal.ContextRunnable.run(ContextRunnable.java:37)
	at org.apache.ratis.thirdparty.io.grpc.internal.SerializingExecutor.run(SerializingExecutor.java:133)
	at java.util.concurrent.ThreadPoolExecutor.runWorker(ThreadPoolExecutor.java:1149)
	at java.util.concurrent.ThreadPoolExecutor$Worker.run(ThreadPoolExecutor.java:624)
	at java.lang.Thread.run(Thread.java:750)
2024-01-30 07:48:48,923 [ForkJoinPool.commonPool-worker-7] INFO  server.GrpcService (GrpcService.java:closeImpl(311)) - 53433fb8-bbf6-4d1d-a4a4-8c4d503fb949: shutdown server org.apache.ratis.grpc.server.GrpcClientProtocolService now
2024-01-30 07:48:48,923 [ForkJoinPool.commonPool-worker-5] INFO  server.GrpcService (GrpcService.java:closeImpl(320)) - 2a934876-6cad-418e-9d99-0b91c92fbe5b: shutdown server GrpcServerProtocolService successfully
2024-01-30 07:48:48,928 [ForkJoinPool.commonPool-worker-5] INFO  server.GrpcService (GrpcService.java:closeImpl(311)) - 2a934876-6cad-418e-9d99-0b91c92fbe5b: shutdown server org.apache.ratis.grpc.server.GrpcAdminProtocolService now
2024-01-30 07:48:48,923 [971c1615-1531-4bff-8b79-adf9a27d7f54@group-07C1DF08F428-StateMachineUpdater] INFO  ratis.ContainerStateMachine (ContainerStateMachine.java:takeSnapshot(355)) - group-07C1DF08F428: Taking a snapshot at:(t:1, i:0) file /home/runner/work/ozone/ozone/hadoop-ozone/integration-test/target/test-dir/MiniOzoneClusterImpl-22134a4f-1b78-467c-b266-ccfd401dbc1a/datanode-2/data/ratis/cc4d22f2-9f3e-4340-9ad7-07c1df08f428/sm/snapshot.1_0
2024-01-30 07:48:48,923 [971c1615-1531-4bff-8b79-adf9a27d7f54-impl-thread2] INFO  impl.StateMachineUpdater (StateMachineUpdater.java:stopAndJoin(157)) - 971c1615-1531-4bff-8b79-adf9a27d7f54@group-07C1DF08F428-StateMachineUpdater: set stopIndex = 0
2024-01-30 07:48:48,923 [971c1615-1531-4bff-8b79-adf9a27d7f54@group-07C1DF08F428-FollowerState] INFO  impl.FollowerState (FollowerState.java:run(152)) - 971c1615-1531-4bff-8b79-adf9a27d7f54@group-07C1DF08F428-FollowerState was interrupted
2024-01-30 07:48:48,928 [53433fb8-bbf6-4d1d-a4a4-8c4d503fb949@group-FB520FCB7D25-cacheEviction-AwaitToRun] INFO  util.AwaitToRun (AwaitToRun.java:run(49)) - 53433fb8-bbf6-4d1d-a4a4-8c4d503fb949@group-FB520FCB7D25-cacheEviction-AwaitToRun-AwaitForSignal is interrupted
2024-01-30 07:48:48,923 [53433fb8-bbf6-4d1d-a4a4-8c4d503fb949-impl-thread1] INFO  server.RaftServer$Division (RaftServerImpl.java:lambda$close$3(526)) - 53433fb8-bbf6-4d1d-a4a4-8c4d503fb949@group-D8FDF9F2816D: shutdown
2024-01-30 07:48:48,923 [grpc-default-executor-8] INFO  server.GrpcLogAppender (GrpcLogAppender.java:onCompleted(546)) - 33e454d1-da2d-4d19-a678-883106399134@group-AA3E182905E7->971c1615-1531-4bff-8b79-adf9a27d7f54-AppendLogResponseHandler: follower responses appendEntries COMPLETED
2024-01-30 07:48:48,919 [971c1615-1531-4bff-8b79-adf9a27d7f54@group-09F0C667257B-StateMachineUpdater] INFO  ratis.ContainerStateMachine (ContainerStateMachine.java:takeSnapshot(355)) - group-09F0C667257B: Taking a snapshot at:(t:1, i:0) file /home/runner/work/ozone/ozone/hadoop-ozone/integration-test/target/test-dir/MiniOzoneClusterImpl-22134a4f-1b78-467c-b266-ccfd401dbc1a/datanode-2/data/ratis/499ed13b-644a-4b8a-94b8-09f0c667257b/sm/snapshot.1_0
2024-01-30 07:48:48,928 [971c1615-1531-4bff-8b79-adf9a27d7f54@group-07C1DF08F428-StateMachineUpdater] INFO  ratis.ContainerStateMachine (ContainerStateMachine.java:takeSnapshot(366)) - group-07C1DF08F428: Finished taking a snapshot at:(t:1, i:0) file:/home/runner/work/ozone/ozone/hadoop-ozone/integration-test/target/test-dir/MiniOzoneClusterImpl-22134a4f-1b78-467c-b266-ccfd401dbc1a/datanode-2/data/ratis/cc4d22f2-9f3e-4340-9ad7-07c1df08f428/sm/snapshot.1_0 took: 6 ms
2024-01-30 07:48:48,929 [971c1615-1531-4bff-8b79-adf9a27d7f54@group-07C1DF08F428-StateMachineUpdater] INFO  impl.StateMachineUpdater (StateMachineUpdater.java:takeSnapshot(295)) - 971c1615-1531-4bff-8b79-adf9a27d7f54@group-07C1DF08F428-StateMachineUpdater: Took a snapshot at index 0
2024-01-30 07:48:48,929 [971c1615-1531-4bff-8b79-adf9a27d7f54@group-07C1DF08F428-StateMachineUpdater] INFO  impl.StateMachineUpdater (StateMachineUpdater.java:lambda$new$0(98)) - 971c1615-1531-4bff-8b79-adf9a27d7f54@group-07C1DF08F428-StateMachineUpdater: snapshotIndex: updateIncreasingly -1 -> 0
2024-01-30 07:48:48,919 [971c1615-1531-4bff-8b79-adf9a27d7f54@group-09F0C667257B-FollowerState] INFO  impl.FollowerState (FollowerState.java:run(152)) - 971c1615-1531-4bff-8b79-adf9a27d7f54@group-09F0C667257B-FollowerState was interrupted
2024-01-30 07:48:48,919 [971c1615-1531-4bff-8b79-adf9a27d7f54-impl-thread1] INFO  impl.StateMachineUpdater (StateMachineUpdater.java:stopAndJoin(157)) - 971c1615-1531-4bff-8b79-adf9a27d7f54@group-09F0C667257B-StateMachineUpdater: set stopIndex = 0
2024-01-30 07:48:48,919 [grpc-default-executor-17] INFO  server.GrpcServerProtocolService (GrpcServerProtocolService.java:lambda$onCompleted$5(159)) - 53433fb8-bbf6-4d1d-a4a4-8c4d503fb949: Completed APPEND_ENTRIES, lastReply: serverReply {
  requestorId: "33e454d1-da2d-4d19-a678-883106399134"
  replyId: "53433fb8-bbf6-4d1d-a4a4-8c4d503fb949"
  raftGroupId {
    id: "\246\337RHtAOV\271\241\330\375\371\362\201m"
  }
  callId: 4
  success: true
}
term: 1
nextIndex: 1
matchIndex: 18446744073709551615
isHearbeat: true

2024-01-30 07:48:48,919 [grpc-default-executor-7] WARN  server.GrpcLogAppender (GrpcLogAppender.java:resetClient(226)) - 84e2f200-b83f-4514-9762-a3bf8832ea50@group-09F0C667257B->2a934876-6cad-418e-9d99-0b91c92fbe5b-GrpcLogAppender: Failed to getClient for 2a934876-6cad-418e-9d99-0b91c92fbe5b
org.apache.ratis.protocol.exceptions.AlreadyClosedException: 84e2f200-b83f-4514-9762-a3bf8832ea50 is already CLOSED
	at org.apache.ratis.util.PeerProxyMap$PeerAndProxy.getProxy(PeerProxyMap.java:65)
	at org.apache.ratis.util.PeerProxyMap.getProxy(PeerProxyMap.java:114)
	at org.apache.ratis.grpc.server.GrpcLogAppender.getClient(GrpcLogAppender.java:196)
	at org.apache.ratis.grpc.server.GrpcLogAppender.resetClient(GrpcLogAppender.java:201)
	at org.apache.ratis.grpc.server.GrpcLogAppender.access$800(GrpcLogAppender.java:62)
	at org.apache.ratis.grpc.server.GrpcLogAppender$AppendLogResponseHandler.onCompleted(GrpcLogAppender.java:547)
	at org.apache.ratis.thirdparty.io.grpc.stub.ClientCalls$StreamObserverToCallListenerAdapter.onClose(ClientCalls.java:479)
	at org.apache.ratis.thirdparty.io.grpc.internal.ClientCallImpl.closeObserver(ClientCallImpl.java:567)
	at org.apache.ratis.thirdparty.io.grpc.internal.ClientCallImpl.access$300(ClientCallImpl.java:71)
	at org.apache.ratis.thirdparty.io.grpc.internal.ClientCallImpl$ClientStreamListenerImpl$1StreamClosed.runInternal(ClientCallImpl.java:735)
	at org.apache.ratis.thirdparty.io.grpc.internal.ClientCallImpl$ClientStreamListenerImpl$1StreamClosed.runInContext(ClientCallImpl.java:716)
	at org.apache.ratis.thirdparty.io.grpc.internal.ContextRunnable.run(ContextRunnable.java:37)
	at org.apache.ratis.thirdparty.io.grpc.internal.SerializingExecutor.run(SerializingExecutor.java:133)
	at java.util.concurrent.ThreadPoolExecutor.runWorker(ThreadPoolExecutor.java:1149)
	at java.util.concurrent.ThreadPoolExecutor$Worker.run(ThreadPoolExecutor.java:624)
	at java.lang.Thread.run(Thread.java:750)
2024-01-30 07:48:48,918 [grpc-default-executor-6] WARN  server.GrpcLogAppender (GrpcLogAppender.java:resetClient(226)) - 2a934876-6cad-418e-9d99-0b91c92fbe5b@group-5DF41746B7E3->33e454d1-da2d-4d19-a678-883106399134-GrpcLogAppender: Failed to getClient for 33e454d1-da2d-4d19-a678-883106399134
org.apache.ratis.protocol.exceptions.AlreadyClosedException: 2a934876-6cad-418e-9d99-0b91c92fbe5b is already CLOSED
	at org.apache.ratis.util.PeerProxyMap$PeerAndProxy.getProxy(PeerProxyMap.java:65)
	at org.apache.ratis.util.PeerProxyMap.getProxy(PeerProxyMap.java:114)
	at org.apache.ratis.grpc.server.GrpcLogAppender.getClient(GrpcLogAppender.java:196)
	at org.apache.ratis.grpc.server.GrpcLogAppender.resetClient(GrpcLogAppender.java:201)
	at org.apache.ratis.grpc.server.GrpcLogAppender.access$800(GrpcLogAppender.java:62)
	at org.apache.ratis.grpc.server.GrpcLogAppender$AppendLogResponseHandler.onCompleted(GrpcLogAppender.java:547)
	at org.apache.ratis.thirdparty.io.grpc.stub.ClientCalls$StreamObserverToCallListenerAdapter.onClose(ClientCalls.java:479)
	at org.apache.ratis.thirdparty.io.grpc.internal.ClientCallImpl.closeObserver(ClientCallImpl.java:567)
	at org.apache.ratis.thirdparty.io.grpc.internal.ClientCallImpl.access$300(ClientCallImpl.java:71)
	at org.apache.ratis.thirdparty.io.grpc.internal.ClientCallImpl$ClientStreamListenerImpl$1StreamClosed.runInternal(ClientCallImpl.java:735)
	at org.apache.ratis.thirdparty.io.grpc.internal.ClientCallImpl$ClientStreamListenerImpl$1StreamClosed.runInContext(ClientCallImpl.java:716)
	at org.apache.ratis.thirdparty.io.grpc.internal.ContextRunnable.run(ContextRunnable.java:37)
	at org.apache.ratis.thirdparty.io.grpc.internal.SerializingExecutor.run(SerializingExecutor.java:133)
	at java.util.concurrent.ThreadPoolExecutor.runWorker(ThreadPoolExecutor.java:1149)
	at java.util.concurrent.ThreadPoolExecutor$Worker.run(ThreadPoolExecutor.java:624)
	at java.lang.Thread.run(Thread.java:750)
2024-01-30 07:48:48,918 [971c1615-1531-4bff-8b79-adf9a27d7f54-impl-thread4] INFO  server.RaftServer$Division (RaftServerImpl.java:lambda$close$3(526)) - 971c1615-1531-4bff-8b79-adf9a27d7f54@group-AA3E182905E7: shutdown
2024-01-30 07:48:48,930 [971c1615-1531-4bff-8b79-adf9a27d7f54-impl-thread4] INFO  util.JmxRegister (JmxRegister.java:unregister(73)) - Successfully un-registered JMX Bean with object name Ratis:service=RaftServer,group=group-AA3E182905E7,id=971c1615-1531-4bff-8b79-adf9a27d7f54
2024-01-30 07:48:48,930 [971c1615-1531-4bff-8b79-adf9a27d7f54-impl-thread4] INFO  impl.RoleInfo (RoleInfo.java:shutdownFollowerState(110)) - 971c1615-1531-4bff-8b79-adf9a27d7f54: shutdown 971c1615-1531-4bff-8b79-adf9a27d7f54@group-AA3E182905E7-FollowerState
2024-01-30 07:48:48,918 [84e2f200-b83f-4514-9762-a3bf8832ea50@group-07C1DF08F428-cacheEviction-AwaitToRun] INFO  util.AwaitToRun (AwaitToRun.java:run(49)) - 84e2f200-b83f-4514-9762-a3bf8832ea50@group-07C1DF08F428-cacheEviction-AwaitToRun-AwaitForSignal is interrupted
2024-01-30 07:48:48,918 [ForkJoinPool.commonPool-worker-6] INFO  server.GrpcService (GrpcService.java:closeImpl(311)) - 971c1615-1531-4bff-8b79-adf9a27d7f54: shutdown server org.apache.ratis.grpc.server.GrpcClientProtocolService now
2024-01-30 07:48:48,917 [971c1615-1531-4bff-8b79-adf9a27d7f54-impl-thread3] INFO  server.RaftServer$Division (RaftServerImpl.java:lambda$close$3(526)) - 971c1615-1531-4bff-8b79-adf9a27d7f54@group-5A6D2AF928DF: shutdown
2024-01-30 07:48:48,930 [971c1615-1531-4bff-8b79-adf9a27d7f54-impl-thread3] INFO  util.JmxRegister (JmxRegister.java:unregister(73)) - Successfully un-registered JMX Bean with object name Ratis:service=RaftServer,group=group-5A6D2AF928DF,id=971c1615-1531-4bff-8b79-adf9a27d7f54
2024-01-30 07:48:48,930 [971c1615-1531-4bff-8b79-adf9a27d7f54-impl-thread3] INFO  impl.RoleInfo (RoleInfo.java:shutdownFollowerState(110)) - 971c1615-1531-4bff-8b79-adf9a27d7f54: shutdown 971c1615-1531-4bff-8b79-adf9a27d7f54@group-5A6D2AF928DF-FollowerState
2024-01-30 07:48:48,916 [grpc-default-executor-21] INFO  server.GrpcServerProtocolService (GrpcServerProtocolService.java:lambda$onCompleted$5(159)) - 53433fb8-bbf6-4d1d-a4a4-8c4d503fb949: Completed APPEND_ENTRIES, lastReply: null
2024-01-30 07:48:48,915 [grpc-default-executor-5] INFO  server.GrpcLogAppender (GrpcLogAppender.java:onCompleted(546)) - 84e2f200-b83f-4514-9762-a3bf8832ea50@group-09F0C667257B->971c1615-1531-4bff-8b79-adf9a27d7f54-AppendLogResponseHandler: follower responses appendEntries COMPLETED
2024-01-30 07:48:48,915 [grpc-default-executor-14] INFO  server.GrpcServerProtocolService (GrpcServerProtocolService.java:lambda$onCompleted$5(159)) - 971c1615-1531-4bff-8b79-adf9a27d7f54: Completed APPEND_ENTRIES, lastReply: serverReply {
  requestorId: "84e2f200-b83f-4514-9762-a3bf8832ea50"
  replyId: "971c1615-1531-4bff-8b79-adf9a27d7f54"
  raftGroupId {
    id: "I\236\321;dJK\212\224\270\t\360\306g%{"
  }
  callId: 5
  success: true
}
term: 1
nextIndex: 1
matchIndex: 18446744073709551615
isHearbeat: true

2024-01-30 07:48:48,915 [grpc-default-executor-15] INFO  server.GrpcServerProtocolService (GrpcServerProtocolService.java:lambda$onCompleted$5(159)) - 971c1615-1531-4bff-8b79-adf9a27d7f54: Completed APPEND_ENTRIES, lastReply: serverReply {
  requestorId: "84e2f200-b83f-4514-9762-a3bf8832ea50"
  replyId: "971c1615-1531-4bff-8b79-adf9a27d7f54"
  raftGroupId {
    id: "\275\327M\004g\312O\313\243\023Zm*\371(\337"
  }
  success: true
}
term: 1
nextIndex: 1
followerCommit: 18446744073709551615
matchIndex: 18446744073709551615
isHearbeat: true

2024-01-30 07:48:48,931 [ForkJoinPool.commonPool-worker-5] INFO  server.GrpcService (GrpcService.java:closeImpl(320)) - 2a934876-6cad-418e-9d99-0b91c92fbe5b: shutdown server org.apache.ratis.grpc.server.GrpcAdminProtocolService successfully
2024-01-30 07:48:48,931 [grpc-default-executor-5] WARN  server.GrpcLogAppender (GrpcLogAppender.java:resetClient(226)) - 84e2f200-b83f-4514-9762-a3bf8832ea50@group-09F0C667257B->971c1615-1531-4bff-8b79-adf9a27d7f54-GrpcLogAppender: Failed to getClient for 971c1615-1531-4bff-8b79-adf9a27d7f54
org.apache.ratis.protocol.exceptions.AlreadyClosedException: 84e2f200-b83f-4514-9762-a3bf8832ea50 is already CLOSED
	at org.apache.ratis.util.PeerProxyMap$PeerAndProxy.getProxy(PeerProxyMap.java:65)
	at org.apache.ratis.util.PeerProxyMap.getProxy(PeerProxyMap.java:114)
	at org.apache.ratis.grpc.server.GrpcLogAppender.getClient(GrpcLogAppender.java:196)
	at org.apache.ratis.grpc.server.GrpcLogAppender.resetClient(GrpcLogAppender.java:201)
	at org.apache.ratis.grpc.server.GrpcLogAppender.access$800(GrpcLogAppender.java:62)
	at org.apache.ratis.grpc.server.GrpcLogAppender$AppendLogResponseHandler.onCompleted(GrpcLogAppender.java:547)
	at org.apache.ratis.thirdparty.io.grpc.stub.ClientCalls$StreamObserverToCallListenerAdapter.onClose(ClientCalls.java:479)
	at org.apache.ratis.thirdparty.io.grpc.internal.ClientCallImpl.closeObserver(ClientCallImpl.java:567)
	at org.apache.ratis.thirdparty.io.grpc.internal.ClientCallImpl.access$300(ClientCallImpl.java:71)
	at org.apache.ratis.thirdparty.io.grpc.internal.ClientCallImpl$ClientStreamListenerImpl$1StreamClosed.runInternal(ClientCallImpl.java:735)
	at org.apache.ratis.thirdparty.io.grpc.internal.ClientCallImpl$ClientStreamListenerImpl$1StreamClosed.runInContext(ClientCallImpl.java:716)
	at org.apache.ratis.thirdparty.io.grpc.internal.ContextRunnable.run(ContextRunnable.java:37)
	at org.apache.ratis.thirdparty.io.grpc.internal.SerializingExecutor.run(SerializingExecutor.java:133)
	at java.util.concurrent.ThreadPoolExecutor.runWorker(ThreadPoolExecutor.java:1149)
	at java.util.concurrent.ThreadPoolExecutor$Worker.run(ThreadPoolExecutor.java:624)
	at java.lang.Thread.run(Thread.java:750)
2024-01-30 07:48:48,930 [971c1615-1531-4bff-8b79-adf9a27d7f54@group-AA3E182905E7-FollowerState] INFO  impl.FollowerState (FollowerState.java:run(152)) - 971c1615-1531-4bff-8b79-adf9a27d7f54@group-AA3E182905E7-FollowerState was interrupted
2024-01-30 07:48:48,929 [971c1615-1531-4bff-8b79-adf9a27d7f54@group-09F0C667257B-StateMachineUpdater] INFO  ratis.ContainerStateMachine (ContainerStateMachine.java:takeSnapshot(366)) - group-09F0C667257B: Finished taking a snapshot at:(t:1, i:0) file:/home/runner/work/ozone/ozone/hadoop-ozone/integration-test/target/test-dir/MiniOzoneClusterImpl-22134a4f-1b78-467c-b266-ccfd401dbc1a/datanode-2/data/ratis/499ed13b-644a-4b8a-94b8-09f0c667257b/sm/snapshot.1_0 took: 9 ms
2024-01-30 07:48:48,929 [971c1615-1531-4bff-8b79-adf9a27d7f54-impl-thread2] INFO  server.RaftServer$Division (ServerState.java:close(427)) - 971c1615-1531-4bff-8b79-adf9a27d7f54@group-07C1DF08F428: applyIndex: 0
2024-01-30 07:48:48,928 [grpc-default-executor-8] WARN  server.GrpcLogAppender (GrpcLogAppender.java:resetClient(226)) - 33e454d1-da2d-4d19-a678-883106399134@group-AA3E182905E7->971c1615-1531-4bff-8b79-adf9a27d7f54-GrpcLogAppender: Failed to getClient for 971c1615-1531-4bff-8b79-adf9a27d7f54
org.apache.ratis.protocol.exceptions.AlreadyClosedException: 33e454d1-da2d-4d19-a678-883106399134 is already CLOSED
	at org.apache.ratis.util.PeerProxyMap$PeerAndProxy.getProxy(PeerProxyMap.java:65)
	at org.apache.ratis.util.PeerProxyMap.getProxy(PeerProxyMap.java:114)
	at org.apache.ratis.grpc.server.GrpcLogAppender.getClient(GrpcLogAppender.java:196)
	at org.apache.ratis.grpc.server.GrpcLogAppender.resetClient(GrpcLogAppender.java:201)
	at org.apache.ratis.grpc.server.GrpcLogAppender.access$800(GrpcLogAppender.java:62)
	at org.apache.ratis.grpc.server.GrpcLogAppender$AppendLogResponseHandler.onCompleted(GrpcLogAppender.java:547)
	at org.apache.ratis.thirdparty.io.grpc.stub.ClientCalls$StreamObserverToCallListenerAdapter.onClose(ClientCalls.java:479)
	at org.apache.ratis.thirdparty.io.grpc.internal.DelayedClientCall$DelayedListener$3.run(DelayedClientCall.java:489)
	at org.apache.ratis.thirdparty.io.grpc.internal.DelayedClientCall$DelayedListener.delayOrExecute(DelayedClientCall.java:453)
	at org.apache.ratis.thirdparty.io.grpc.internal.DelayedClientCall$DelayedListener.onClose(DelayedClientCall.java:486)
	at org.apache.ratis.thirdparty.io.grpc.internal.ClientCallImpl.closeObserver(ClientCallImpl.java:567)
	at org.apache.ratis.thirdparty.io.grpc.internal.ClientCallImpl.access$300(ClientCallImpl.java:71)
	at org.apache.ratis.thirdparty.io.grpc.internal.ClientCallImpl$ClientStreamListenerImpl$1StreamClosed.runInternal(ClientCallImpl.java:735)
	at org.apache.ratis.thirdparty.io.grpc.internal.ClientCallImpl$ClientStreamListenerImpl$1StreamClosed.runInContext(ClientCallImpl.java:716)
	at org.apache.ratis.thirdparty.io.grpc.internal.ContextRunnable.run(ContextRunnable.java:37)
	at org.apache.ratis.thirdparty.io.grpc.internal.SerializingExecutor.run(SerializingExecutor.java:133)
	at java.util.concurrent.ThreadPoolExecutor.runWorker(ThreadPoolExecutor.java:1149)
	at java.util.concurrent.ThreadPoolExecutor$Worker.run(ThreadPoolExecutor.java:624)
	at java.lang.Thread.run(Thread.java:750)
2024-01-30 07:48:48,928 [53433fb8-bbf6-4d1d-a4a4-8c4d503fb949-impl-thread1] INFO  util.JmxRegister (JmxRegister.java:unregister(73)) - Successfully un-registered JMX Bean with object name Ratis:service=RaftServer,group=group-D8FDF9F2816D,id=53433fb8-bbf6-4d1d-a4a4-8c4d503fb949
2024-01-30 07:48:48,932 [53433fb8-bbf6-4d1d-a4a4-8c4d503fb949-impl-thread1] INFO  impl.RoleInfo (RoleInfo.java:shutdownFollowerState(110)) - 53433fb8-bbf6-4d1d-a4a4-8c4d503fb949: shutdown 53433fb8-bbf6-4d1d-a4a4-8c4d503fb949@group-D8FDF9F2816D-FollowerState
2024-01-30 07:48:48,927 [33e454d1-da2d-4d19-a678-883106399134-impl-thread3] INFO  server.RaftServer$Division (ServerState.java:close(427)) - 33e454d1-da2d-4d19-a678-883106399134@group-FB520FCB7D25: applyIndex: 0
2024-01-30 07:48:48,926 [33e454d1-da2d-4d19-a678-883106399134@group-D8FDF9F2816D-StateMachineUpdater] INFO  ratis.ContainerStateMachine (ContainerStateMachine.java:takeSnapshot(366)) - group-D8FDF9F2816D: Finished taking a snapshot at:(t:1, i:0) file:/home/runner/work/ozone/ozone/hadoop-ozone/integration-test/target/test-dir/MiniOzoneClusterImpl-22134a4f-1b78-467c-b266-ccfd401dbc1a/datanode-3/data/ratis/a6df5248-7441-4f56-b9a1-d8fdf9f2816d/sm/snapshot.1_0 took: 25 ms
2024-01-30 07:48:48,926 [grpc-default-executor-16] INFO  server.GrpcServerProtocolService (GrpcServerProtocolService.java:lambda$onCompleted$5(159)) - 971c1615-1531-4bff-8b79-adf9a27d7f54: Completed APPEND_ENTRIES, lastReply: null
2024-01-30 07:48:48,932 [33e454d1-da2d-4d19-a678-883106399134@group-D8FDF9F2816D-StateMachineUpdater] INFO  impl.StateMachineUpdater (StateMachineUpdater.java:takeSnapshot(295)) - 33e454d1-da2d-4d19-a678-883106399134@group-D8FDF9F2816D-StateMachineUpdater: Took a snapshot at index 0
2024-01-30 07:48:48,931 [grpc-default-executor-6] INFO  server.GrpcLogAppender (GrpcLogAppender.java:onCompleted(546)) - 33e454d1-da2d-4d19-a678-883106399134@group-D8FDF9F2816D->53433fb8-bbf6-4d1d-a4a4-8c4d503fb949-AppendLogResponseHandler: follower responses appendEntries COMPLETED
2024-01-30 07:48:48,932 [grpc-default-executor-6] WARN  server.GrpcLogAppender (GrpcLogAppender.java:resetClient(226)) - 33e454d1-da2d-4d19-a678-883106399134@group-D8FDF9F2816D->53433fb8-bbf6-4d1d-a4a4-8c4d503fb949-GrpcLogAppender: Failed to getClient for 53433fb8-bbf6-4d1d-a4a4-8c4d503fb949
org.apache.ratis.protocol.exceptions.AlreadyClosedException: 33e454d1-da2d-4d19-a678-883106399134 is already CLOSED
	at org.apache.ratis.util.PeerProxyMap$PeerAndProxy.getProxy(PeerProxyMap.java:65)
	at org.apache.ratis.util.PeerProxyMap.getProxy(PeerProxyMap.java:114)
	at org.apache.ratis.grpc.server.GrpcLogAppender.getClient(GrpcLogAppender.java:196)
	at org.apache.ratis.grpc.server.GrpcLogAppender.resetClient(GrpcLogAppender.java:201)
	at org.apache.ratis.grpc.server.GrpcLogAppender.access$800(GrpcLogAppender.java:62)
	at org.apache.ratis.grpc.server.GrpcLogAppender$AppendLogResponseHandler.onCompleted(GrpcLogAppender.java:547)
	at org.apache.ratis.thirdparty.io.grpc.stub.ClientCalls$StreamObserverToCallListenerAdapter.onClose(ClientCalls.java:479)
	at org.apache.ratis.thirdparty.io.grpc.internal.ClientCallImpl.closeObserver(ClientCallImpl.java:567)
	at org.apache.ratis.thirdparty.io.grpc.internal.ClientCallImpl.access$300(ClientCallImpl.java:71)
	at org.apache.ratis.thirdparty.io.grpc.internal.ClientCallImpl$ClientStreamListenerImpl$1StreamClosed.runInternal(ClientCallImpl.java:735)
	at org.apache.ratis.thirdparty.io.grpc.internal.ClientCallImpl$ClientStreamListenerImpl$1StreamClosed.runInContext(ClientCallImpl.java:716)
	at org.apache.ratis.thirdparty.io.grpc.internal.ContextRunnable.run(ContextRunnable.java:37)
	at org.apache.ratis.thirdparty.io.grpc.internal.SerializingExecutor.run(SerializingExecutor.java:133)
	at java.util.concurrent.ThreadPoolExecutor.runWorker(ThreadPoolExecutor.java:1149)
	at java.util.concurrent.ThreadPoolExecutor$Worker.run(ThreadPoolExecutor.java:624)
	at java.lang.Thread.run(Thread.java:750)
2024-01-30 07:48:48,931 [971c1615-1531-4bff-8b79-adf9a27d7f54@group-09F0C667257B-StateMachineUpdater] INFO  impl.StateMachineUpdater (StateMachineUpdater.java:takeSnapshot(295)) - 971c1615-1531-4bff-8b79-adf9a27d7f54@group-09F0C667257B-StateMachineUpdater: Took a snapshot at index 0
2024-01-30 07:48:48,932 [33e454d1-da2d-4d19-a678-883106399134@group-D8FDF9F2816D-StateMachineUpdater] INFO  impl.StateMachineUpdater (StateMachineUpdater.java:lambda$new$0(98)) - 33e454d1-da2d-4d19-a678-883106399134@group-D8FDF9F2816D-StateMachineUpdater: snapshotIndex: updateIncreasingly -1 -> 0
2024-01-30 07:48:48,932 [971c1615-1531-4bff-8b79-adf9a27d7f54@group-09F0C667257B-StateMachineUpdater] INFO  impl.StateMachineUpdater (StateMachineUpdater.java:lambda$new$0(98)) - 971c1615-1531-4bff-8b79-adf9a27d7f54@group-09F0C667257B-StateMachineUpdater: snapshotIndex: updateIncreasingly -1 -> 0
2024-01-30 07:48:48,932 [33e454d1-da2d-4d19-a678-883106399134-impl-thread1] INFO  server.RaftServer$Division (ServerState.java:close(427)) - 33e454d1-da2d-4d19-a678-883106399134@group-D8FDF9F2816D: applyIndex: 0
2024-01-30 07:48:48,932 [971c1615-1531-4bff-8b79-adf9a27d7f54-impl-thread1] INFO  server.RaftServer$Division (ServerState.java:close(427)) - 971c1615-1531-4bff-8b79-adf9a27d7f54@group-09F0C667257B: applyIndex: 0
2024-01-30 07:48:48,933 [Thread-2755] INFO  server.GrpcServerProtocolClient (GrpcServerProtocolClient.java:close(103)) - 33e454d1-da2d-4d19-a678-883106399134 Close channels
2024-01-30 07:48:48,933 [53433fb8-bbf6-4d1d-a4a4-8c4d503fb949-impl-thread2] INFO  impl.StateMachineUpdater (StateMachineUpdater.java:stopAndJoin(157)) - 53433fb8-bbf6-4d1d-a4a4-8c4d503fb949@group-5DF41746B7E3-StateMachineUpdater: set stopIndex = -1
2024-01-30 07:48:48,934 [33e454d1-da2d-4d19-a678-883106399134@group-D8FDF9F2816D-cacheEviction-AwaitToRun] INFO  util.AwaitToRun (AwaitToRun.java:run(49)) - 33e454d1-da2d-4d19-a678-883106399134@group-D8FDF9F2816D-cacheEviction-AwaitToRun-AwaitForSignal is interrupted
2024-01-30 07:48:48,934 [971c1615-1531-4bff-8b79-adf9a27d7f54@group-09F0C667257B-cacheEviction-AwaitToRun] INFO  util.AwaitToRun (AwaitToRun.java:run(49)) - 971c1615-1531-4bff-8b79-adf9a27d7f54@group-09F0C667257B-cacheEviction-AwaitToRun-AwaitForSignal is interrupted
2024-01-30 07:48:48,934 [53433fb8-bbf6-4d1d-a4a4-8c4d503fb949@group-5DF41746B7E3-FollowerState] INFO  impl.FollowerState (FollowerState.java:run(152)) - 53433fb8-bbf6-4d1d-a4a4-8c4d503fb949@group-5DF41746B7E3-FollowerState was interrupted
2024-01-30 07:48:48,937 [53433fb8-bbf6-4d1d-a4a4-8c4d503fb949-impl-thread2] INFO  server.RaftServer$Division (ServerState.java:close(427)) - 53433fb8-bbf6-4d1d-a4a4-8c4d503fb949@group-5DF41746B7E3: applyIndex: -1
2024-01-30 07:48:48,937 [grpc-default-executor-21] INFO  server.GrpcLogAppender (GrpcLogAppender.java:onCompleted(546)) - 33e454d1-da2d-4d19-a678-883106399134@group-AA3E182905E7->971c1615-1531-4bff-8b79-adf9a27d7f54-AppendLogResponseHandler: follower responses appendEntries COMPLETED
2024-01-30 07:48:48,944 [grpc-default-executor-21] WARN  server.GrpcLogAppender (GrpcLogAppender.java:resetClient(226)) - 33e454d1-da2d-4d19-a678-883106399134@group-AA3E182905E7->971c1615-1531-4bff-8b79-adf9a27d7f54-GrpcLogAppender: Failed to getClient for 971c1615-1531-4bff-8b79-adf9a27d7f54
org.apache.ratis.protocol.exceptions.AlreadyClosedException: 33e454d1-da2d-4d19-a678-883106399134 is already CLOSED
	at org.apache.ratis.util.PeerProxyMap$PeerAndProxy.getProxy(PeerProxyMap.java:65)
	at org.apache.ratis.util.PeerProxyMap.getProxy(PeerProxyMap.java:114)
	at org.apache.ratis.grpc.server.GrpcLogAppender.getClient(GrpcLogAppender.java:196)
	at org.apache.ratis.grpc.server.GrpcLogAppender.resetClient(GrpcLogAppender.java:201)
	at org.apache.ratis.grpc.server.GrpcLogAppender.access$800(GrpcLogAppender.java:62)
	at org.apache.ratis.grpc.server.GrpcLogAppender$AppendLogResponseHandler.onCompleted(GrpcLogAppender.java:547)
	at org.apache.ratis.thirdparty.io.grpc.stub.ClientCalls$StreamObserverToCallListenerAdapter.onClose(ClientCalls.java:479)
	at org.apache.ratis.thirdparty.io.grpc.internal.ClientCallImpl.closeObserver(ClientCallImpl.java:567)
	at org.apache.ratis.thirdparty.io.grpc.internal.ClientCallImpl.access$300(ClientCallImpl.java:71)
	at org.apache.ratis.thirdparty.io.grpc.internal.ClientCallImpl$ClientStreamListenerImpl$1StreamClosed.runInternal(ClientCallImpl.java:735)
	at org.apache.ratis.thirdparty.io.grpc.internal.ClientCallImpl$ClientStreamListenerImpl$1StreamClosed.runInContext(ClientCallImpl.java:716)
	at org.apache.ratis.thirdparty.io.grpc.internal.ContextRunnable.run(ContextRunnable.java:37)
	at org.apache.ratis.thirdparty.io.grpc.internal.SerializingExecutor.run(SerializingExecutor.java:133)
	at java.util.concurrent.ThreadPoolExecutor.runWorker(ThreadPoolExecutor.java:1149)
	at java.util.concurrent.ThreadPoolExecutor$Worker.run(ThreadPoolExecutor.java:624)
	at java.lang.Thread.run(Thread.java:750)
2024-01-30 07:48:48,944 [42bb30bf-6dde-4b10-b68e-ce189e81f0fd-NettyServerStreamRpc-bossGroup--thread1] INFO  logging.LoggingHandler (AbstractInternalLogger.java:log(148)) - [id: 0x632f1255, L:/0.0.0.0:15157] CLOSE
2024-01-30 07:48:48,944 [42bb30bf-6dde-4b10-b68e-ce189e81f0fd-NettyServerStreamRpc-bossGroup--thread1] INFO  logging.LoggingHandler (AbstractInternalLogger.java:log(148)) - [id: 0x632f1255, L:/0.0.0.0:15157] INACTIVE
2024-01-30 07:48:48,944 [42bb30bf-6dde-4b10-b68e-ce189e81f0fd-NettyServerStreamRpc-bossGroup--thread1] INFO  logging.LoggingHandler (AbstractInternalLogger.java:log(148)) - [id: 0x632f1255, L:/0.0.0.0:15157] UNREGISTERED
2024-01-30 07:48:48,946 [53433fb8-bbf6-4d1d-a4a4-8c4d503fb949@group-5DF41746B7E3-cacheEviction-AwaitToRun] INFO  util.AwaitToRun (AwaitToRun.java:run(49)) - 53433fb8-bbf6-4d1d-a4a4-8c4d503fb949@group-5DF41746B7E3-cacheEviction-AwaitToRun-AwaitForSignal is interrupted
2024-01-30 07:48:48,937 [Thread-2756] INFO  server.GrpcServerProtocolClient (GrpcServerProtocolClient.java:close(103)) - 2a934876-6cad-418e-9d99-0b91c92fbe5b Close channels
2024-01-30 07:48:48,937 [grpc-default-executor-16] INFO  server.GrpcLogAppender (GrpcLogAppender.java:onCompleted(546)) - 84e2f200-b83f-4514-9762-a3bf8832ea50@group-5A6D2AF928DF->971c1615-1531-4bff-8b79-adf9a27d7f54-AppendLogResponseHandler: follower responses appendEntries COMPLETED
2024-01-30 07:48:48,946 [grpc-default-executor-16] WARN  server.GrpcLogAppender (GrpcLogAppender.java:resetClient(226)) - 84e2f200-b83f-4514-9762-a3bf8832ea50@group-5A6D2AF928DF->971c1615-1531-4bff-8b79-adf9a27d7f54-GrpcLogAppender: Failed to getClient for 971c1615-1531-4bff-8b79-adf9a27d7f54
org.apache.ratis.protocol.exceptions.AlreadyClosedException: 84e2f200-b83f-4514-9762-a3bf8832ea50 is already CLOSED
	at org.apache.ratis.util.PeerProxyMap$PeerAndProxy.getProxy(PeerProxyMap.java:65)
	at org.apache.ratis.util.PeerProxyMap.getProxy(PeerProxyMap.java:114)
	at org.apache.ratis.grpc.server.GrpcLogAppender.getClient(GrpcLogAppender.java:196)
	at org.apache.ratis.grpc.server.GrpcLogAppender.resetClient(GrpcLogAppender.java:201)
	at org.apache.ratis.grpc.server.GrpcLogAppender.access$800(GrpcLogAppender.java:62)
	at org.apache.ratis.grpc.server.GrpcLogAppender$AppendLogResponseHandler.onCompleted(GrpcLogAppender.java:547)
	at org.apache.ratis.thirdparty.io.grpc.stub.ClientCalls$StreamObserverToCallListenerAdapter.onClose(ClientCalls.java:479)
	at org.apache.ratis.thirdparty.io.grpc.internal.ClientCallImpl.closeObserver(ClientCallImpl.java:567)
	at org.apache.ratis.thirdparty.io.grpc.internal.ClientCallImpl.access$300(ClientCallImpl.java:71)
	at org.apache.ratis.thirdparty.io.grpc.internal.ClientCallImpl$ClientStreamListenerImpl$1StreamClosed.runInternal(ClientCallImpl.java:735)
	at org.apache.ratis.thirdparty.io.grpc.internal.ClientCallImpl$ClientStreamListenerImpl$1StreamClosed.runInContext(ClientCallImpl.java:716)
	at org.apache.ratis.thirdparty.io.grpc.internal.ContextRunnable.run(ContextRunnable.java:37)
	at org.apache.ratis.thirdparty.io.grpc.internal.SerializingExecutor.run(SerializingExecutor.java:133)
	at java.util.concurrent.ThreadPoolExecutor.runWorker(ThreadPoolExecutor.java:1149)
	at java.util.concurrent.ThreadPoolExecutor$Worker.run(ThreadPoolExecutor.java:624)
	at java.lang.Thread.run(Thread.java:750)
2024-01-30 07:48:48,936 [971c1615-1531-4bff-8b79-adf9a27d7f54@group-5A6D2AF928DF-FollowerState] INFO  impl.FollowerState (FollowerState.java:run(152)) - 971c1615-1531-4bff-8b79-adf9a27d7f54@group-5A6D2AF928DF-FollowerState was interrupted
2024-01-30 07:48:48,936 [971c1615-1531-4bff-8b79-adf9a27d7f54-impl-thread4] INFO  impl.StateMachineUpdater (StateMachineUpdater.java:stopAndJoin(157)) - 971c1615-1531-4bff-8b79-adf9a27d7f54@group-AA3E182905E7-StateMachineUpdater: set stopIndex = -1
2024-01-30 07:48:48,947 [971c1615-1531-4bff-8b79-adf9a27d7f54-impl-thread4] INFO  server.RaftServer$Division (ServerState.java:close(427)) - 971c1615-1531-4bff-8b79-adf9a27d7f54@group-AA3E182905E7: applyIndex: -1
2024-01-30 07:48:48,935 [Thread-2762] INFO  server.GrpcServerProtocolClient (GrpcServerProtocolClient.java:close(103)) - 33e454d1-da2d-4d19-a678-883106399134 Close channels
2024-01-30 07:48:48,935 [971c1615-1531-4bff-8b79-adf9a27d7f54-impl-thread3] INFO  impl.StateMachineUpdater (StateMachineUpdater.java:stopAndJoin(157)) - 971c1615-1531-4bff-8b79-adf9a27d7f54@group-5A6D2AF928DF-StateMachineUpdater: set stopIndex = -1
2024-01-30 07:48:48,947 [971c1615-1531-4bff-8b79-adf9a27d7f54-impl-thread3] INFO  server.RaftServer$Division (ServerState.java:close(427)) - 971c1615-1531-4bff-8b79-adf9a27d7f54@group-5A6D2AF928DF: applyIndex: -1
2024-01-30 07:48:48,935 [Thread-2761] INFO  server.GrpcServerProtocolClient (GrpcServerProtocolClient.java:close(103)) - 2a934876-6cad-418e-9d99-0b91c92fbe5b Close channels
2024-01-30 07:48:48,935 [Thread-2752] INFO  server.GrpcServerProtocolClient (GrpcServerProtocolClient.java:close(103)) - 84e2f200-b83f-4514-9762-a3bf8832ea50 Close channels
2024-01-30 07:48:48,935 [53433fb8-bbf6-4d1d-a4a4-8c4d503fb949@group-D8FDF9F2816D-StateMachineUpdater] INFO  ratis.ContainerStateMachine (ContainerStateMachine.java:takeSnapshot(355)) - group-D8FDF9F2816D: Taking a snapshot at:(t:1, i:0) file /home/runner/work/ozone/ozone/hadoop-ozone/integration-test/target/test-dir/MiniOzoneClusterImpl-22134a4f-1b78-467c-b266-ccfd401dbc1a/datanode-4/data/ratis/a6df5248-7441-4f56-b9a1-d8fdf9f2816d/sm/snapshot.1_0
2024-01-30 07:48:48,935 [971c1615-1531-4bff-8b79-adf9a27d7f54@group-07C1DF08F428-cacheEviction-AwaitToRun] INFO  util.AwaitToRun (AwaitToRun.java:run(49)) - 971c1615-1531-4bff-8b79-adf9a27d7f54@group-07C1DF08F428-cacheEviction-AwaitToRun-AwaitForSignal is interrupted
2024-01-30 07:48:48,935 [53433fb8-bbf6-4d1d-a4a4-8c4d503fb949@group-D8FDF9F2816D-FollowerState] INFO  impl.FollowerState (FollowerState.java:run(152)) - 53433fb8-bbf6-4d1d-a4a4-8c4d503fb949@group-D8FDF9F2816D-FollowerState was interrupted
2024-01-30 07:48:48,935 [53433fb8-bbf6-4d1d-a4a4-8c4d503fb949-impl-thread1] INFO  impl.StateMachineUpdater (StateMachineUpdater.java:stopAndJoin(157)) - 53433fb8-bbf6-4d1d-a4a4-8c4d503fb949@group-D8FDF9F2816D-StateMachineUpdater: set stopIndex = 0
2024-01-30 07:48:48,935 [33e454d1-da2d-4d19-a678-883106399134@group-FB520FCB7D25-cacheEviction-AwaitToRun] INFO  util.AwaitToRun (AwaitToRun.java:run(49)) - 33e454d1-da2d-4d19-a678-883106399134@group-FB520FCB7D25-cacheEviction-AwaitToRun-AwaitForSignal is interrupted
2024-01-30 07:48:48,935 [grpc-default-executor-17] INFO  server.GrpcLogAppender (GrpcLogAppender.java:onCompleted(546)) - 33e454d1-da2d-4d19-a678-883106399134@group-D8FDF9F2816D->53433fb8-bbf6-4d1d-a4a4-8c4d503fb949-AppendLogResponseHandler: follower responses appendEntries COMPLETED
2024-01-30 07:48:48,951 [grpc-default-executor-17] WARN  server.GrpcLogAppender (GrpcLogAppender.java:resetClient(226)) - 33e454d1-da2d-4d19-a678-883106399134@group-D8FDF9F2816D->53433fb8-bbf6-4d1d-a4a4-8c4d503fb949-GrpcLogAppender: Failed to getClient for 53433fb8-bbf6-4d1d-a4a4-8c4d503fb949
org.apache.ratis.protocol.exceptions.AlreadyClosedException: 33e454d1-da2d-4d19-a678-883106399134 is already CLOSED
	at org.apache.ratis.util.PeerProxyMap$PeerAndProxy.getProxy(PeerProxyMap.java:65)
	at org.apache.ratis.util.PeerProxyMap.getProxy(PeerProxyMap.java:114)
	at org.apache.ratis.grpc.server.GrpcLogAppender.getClient(GrpcLogAppender.java:196)
	at org.apache.ratis.grpc.server.GrpcLogAppender.resetClient(GrpcLogAppender.java:201)
	at org.apache.ratis.grpc.server.GrpcLogAppender.access$800(GrpcLogAppender.java:62)
	at org.apache.ratis.grpc.server.GrpcLogAppender$AppendLogResponseHandler.onCompleted(GrpcLogAppender.java:547)
	at org.apache.ratis.thirdparty.io.grpc.stub.ClientCalls$StreamObserverToCallListenerAdapter.onClose(ClientCalls.java:479)
	at org.apache.ratis.thirdparty.io.grpc.internal.DelayedClientCall$DelayedListener$3.run(DelayedClientCall.java:489)
	at org.apache.ratis.thirdparty.io.grpc.internal.DelayedClientCall$DelayedListener.delayOrExecute(DelayedClientCall.java:453)
	at org.apache.ratis.thirdparty.io.grpc.internal.DelayedClientCall$DelayedListener.onClose(DelayedClientCall.java:486)
	at org.apache.ratis.thirdparty.io.grpc.internal.ClientCallImpl.closeObserver(ClientCallImpl.java:567)
	at org.apache.ratis.thirdparty.io.grpc.internal.ClientCallImpl.access$300(ClientCallImpl.java:71)
	at org.apache.ratis.thirdparty.io.grpc.internal.ClientCallImpl$ClientStreamListenerImpl$1StreamClosed.runInternal(ClientCallImpl.java:735)
	at org.apache.ratis.thirdparty.io.grpc.internal.ClientCallImpl$ClientStreamListenerImpl$1StreamClosed.runInContext(ClientCallImpl.java:716)
	at org.apache.ratis.thirdparty.io.grpc.internal.ContextRunnable.run(ContextRunnable.java:37)
	at org.apache.ratis.thirdparty.io.grpc.internal.SerializingExecutor.run(SerializingExecutor.java:133)
	at java.util.concurrent.ThreadPoolExecutor.runWorker(ThreadPoolExecutor.java:1149)
	at java.util.concurrent.ThreadPoolExecutor$Worker.run(ThreadPoolExecutor.java:624)
	at java.lang.Thread.run(Thread.java:750)
2024-01-30 07:48:48,944 [grpc-default-executor-6] INFO  server.GrpcLogAppender (GrpcLogAppender.java:onCompleted(546)) - 84e2f200-b83f-4514-9762-a3bf8832ea50@group-09F0C667257B->971c1615-1531-4bff-8b79-adf9a27d7f54-AppendLogResponseHandler: follower responses appendEntries COMPLETED
2024-01-30 07:48:48,943 [ForkJoinPool.commonPool-worker-3] INFO  server.GrpcService (GrpcService.java:closeImpl(320)) - 84e2f200-b83f-4514-9762-a3bf8832ea50: shutdown server org.apache.ratis.grpc.server.GrpcClientProtocolService successfully
2024-01-30 07:48:48,951 [ForkJoinPool.commonPool-worker-3] INFO  server.GrpcService (GrpcService.java:closeImpl(311)) - 84e2f200-b83f-4514-9762-a3bf8832ea50: shutdown server GrpcServerProtocolService now
2024-01-30 07:48:48,943 [main] INFO  server.GrpcService (GrpcService.java:closeImpl(320)) - 33e454d1-da2d-4d19-a678-883106399134: shutdown server org.apache.ratis.grpc.server.GrpcClientProtocolService successfully
2024-01-30 07:48:48,952 [main] INFO  server.GrpcService (GrpcService.java:closeImpl(311)) - 33e454d1-da2d-4d19-a678-883106399134: shutdown server GrpcServerProtocolService now
2024-01-30 07:48:48,951 [grpc-default-executor-6] WARN  server.GrpcLogAppender (GrpcLogAppender.java:resetClient(226)) - 84e2f200-b83f-4514-9762-a3bf8832ea50@group-09F0C667257B->971c1615-1531-4bff-8b79-adf9a27d7f54-GrpcLogAppender: Failed to getClient for 971c1615-1531-4bff-8b79-adf9a27d7f54
org.apache.ratis.protocol.exceptions.AlreadyClosedException: 84e2f200-b83f-4514-9762-a3bf8832ea50 is already CLOSED
	at org.apache.ratis.util.PeerProxyMap$PeerAndProxy.getProxy(PeerProxyMap.java:65)
	at org.apache.ratis.util.PeerProxyMap.getProxy(PeerProxyMap.java:114)
	at org.apache.ratis.grpc.server.GrpcLogAppender.getClient(GrpcLogAppender.java:196)
	at org.apache.ratis.grpc.server.GrpcLogAppender.resetClient(GrpcLogAppender.java:201)
	at org.apache.ratis.grpc.server.GrpcLogAppender.access$800(GrpcLogAppender.java:62)
	at org.apache.ratis.grpc.server.GrpcLogAppender$AppendLogResponseHandler.onCompleted(GrpcLogAppender.java:547)
	at org.apache.ratis.thirdparty.io.grpc.stub.ClientCalls$StreamObserverToCallListenerAdapter.onClose(ClientCalls.java:479)
	at org.apache.ratis.thirdparty.io.grpc.internal.DelayedClientCall$DelayedListener$3.run(DelayedClientCall.java:489)
	at org.apache.ratis.thirdparty.io.grpc.internal.DelayedClientCall$DelayedListener.delayOrExecute(DelayedClientCall.java:453)
	at org.apache.ratis.thirdparty.io.grpc.internal.DelayedClientCall$DelayedListener.onClose(DelayedClientCall.java:486)
	at org.apache.ratis.thirdparty.io.grpc.internal.ClientCallImpl.closeObserver(ClientCallImpl.java:567)
	at org.apache.ratis.thirdparty.io.grpc.internal.ClientCallImpl.access$300(ClientCallImpl.java:71)
	at org.apache.ratis.thirdparty.io.grpc.internal.ClientCallImpl$ClientStreamListenerImpl$1StreamClosed.runInternal(ClientCallImpl.java:735)
	at org.apache.ratis.thirdparty.io.grpc.internal.ClientCallImpl$ClientStreamListenerImpl$1StreamClosed.runInContext(ClientCallImpl.java:716)
	at org.apache.ratis.thirdparty.io.grpc.internal.ContextRunnable.run(ContextRunnable.java:37)
	at org.apache.ratis.thirdparty.io.grpc.internal.SerializingExecutor.run(SerializingExecutor.java:133)
	at java.util.concurrent.ThreadPoolExecutor.runWorker(ThreadPoolExecutor.java:1149)
	at java.util.concurrent.ThreadPoolExecutor$Worker.run(ThreadPoolExecutor.java:624)
	at java.lang.Thread.run(Thread.java:750)
2024-01-30 07:48:48,951 [53433fb8-bbf6-4d1d-a4a4-8c4d503fb949@group-D8FDF9F2816D-StateMachineUpdater] INFO  ratis.ContainerStateMachine (ContainerStateMachine.java:takeSnapshot(366)) - group-D8FDF9F2816D: Finished taking a snapshot at:(t:1, i:0) file:/home/runner/work/ozone/ozone/hadoop-ozone/integration-test/target/test-dir/MiniOzoneClusterImpl-22134a4f-1b78-467c-b266-ccfd401dbc1a/datanode-4/data/ratis/a6df5248-7441-4f56-b9a1-d8fdf9f2816d/sm/snapshot.1_0 took: 16 ms
2024-01-30 07:48:48,953 [53433fb8-bbf6-4d1d-a4a4-8c4d503fb949@group-D8FDF9F2816D-StateMachineUpdater] INFO  impl.StateMachineUpdater (StateMachineUpdater.java:takeSnapshot(295)) - 53433fb8-bbf6-4d1d-a4a4-8c4d503fb949@group-D8FDF9F2816D-StateMachineUpdater: Took a snapshot at index 0
2024-01-30 07:48:48,953 [53433fb8-bbf6-4d1d-a4a4-8c4d503fb949@group-D8FDF9F2816D-StateMachineUpdater] INFO  impl.StateMachineUpdater (StateMachineUpdater.java:lambda$new$0(98)) - 53433fb8-bbf6-4d1d-a4a4-8c4d503fb949@group-D8FDF9F2816D-StateMachineUpdater: snapshotIndex: updateIncreasingly -1 -> 0
2024-01-30 07:48:48,953 [53433fb8-bbf6-4d1d-a4a4-8c4d503fb949-impl-thread1] INFO  server.RaftServer$Division (ServerState.java:close(427)) - 53433fb8-bbf6-4d1d-a4a4-8c4d503fb949@group-D8FDF9F2816D: applyIndex: 0
2024-01-30 07:48:48,954 [971c1615-1531-4bff-8b79-adf9a27d7f54@group-AA3E182905E7-cacheEviction-AwaitToRun] INFO  util.AwaitToRun (AwaitToRun.java:run(49)) - 971c1615-1531-4bff-8b79-adf9a27d7f54@group-AA3E182905E7-cacheEviction-AwaitToRun-AwaitForSignal is interrupted
2024-01-30 07:48:48,956 [53433fb8-bbf6-4d1d-a4a4-8c4d503fb949@group-D8FDF9F2816D-cacheEviction-AwaitToRun] INFO  util.AwaitToRun (AwaitToRun.java:run(49)) - 53433fb8-bbf6-4d1d-a4a4-8c4d503fb949@group-D8FDF9F2816D-cacheEviction-AwaitToRun-AwaitForSignal is interrupted
2024-01-30 07:48:48,955 [ForkJoinPool.commonPool-worker-3] INFO  server.GrpcService (GrpcService.java:closeImpl(320)) - 84e2f200-b83f-4514-9762-a3bf8832ea50: shutdown server GrpcServerProtocolService successfully
2024-01-30 07:48:48,955 [ForkJoinPool.commonPool-worker-6] INFO  server.GrpcService (GrpcService.java:closeImpl(320)) - 971c1615-1531-4bff-8b79-adf9a27d7f54: shutdown server org.apache.ratis.grpc.server.GrpcClientProtocolService successfully
2024-01-30 07:48:48,956 [ForkJoinPool.commonPool-worker-6] INFO  server.GrpcService (GrpcService.java:closeImpl(311)) - 971c1615-1531-4bff-8b79-adf9a27d7f54: shutdown server GrpcServerProtocolService now
2024-01-30 07:48:48,955 [ForkJoinPool.commonPool-worker-7] INFO  server.GrpcService (GrpcService.java:closeImpl(320)) - 53433fb8-bbf6-4d1d-a4a4-8c4d503fb949: shutdown server org.apache.ratis.grpc.server.GrpcClientProtocolService successfully
2024-01-30 07:48:48,956 [ForkJoinPool.commonPool-worker-7] INFO  server.GrpcService (GrpcService.java:closeImpl(311)) - 53433fb8-bbf6-4d1d-a4a4-8c4d503fb949: shutdown server GrpcServerProtocolService now
2024-01-30 07:48:48,954 [971c1615-1531-4bff-8b79-adf9a27d7f54@group-5A6D2AF928DF-cacheEviction-AwaitToRun] INFO  util.AwaitToRun (AwaitToRun.java:run(49)) - 971c1615-1531-4bff-8b79-adf9a27d7f54@group-5A6D2AF928DF-cacheEviction-AwaitToRun-AwaitForSignal is interrupted
2024-01-30 07:48:48,956 [ForkJoinPool.commonPool-worker-3] INFO  server.GrpcService (GrpcService.java:closeImpl(311)) - 84e2f200-b83f-4514-9762-a3bf8832ea50: shutdown server org.apache.ratis.grpc.server.GrpcAdminProtocolService now
2024-01-30 07:48:48,958 [ForkJoinPool.commonPool-worker-3] INFO  server.GrpcService (GrpcService.java:closeImpl(320)) - 84e2f200-b83f-4514-9762-a3bf8832ea50: shutdown server org.apache.ratis.grpc.server.GrpcAdminProtocolService successfully
2024-01-30 07:48:48,959 [ForkJoinPool.commonPool-worker-7] INFO  server.GrpcService (GrpcService.java:closeImpl(320)) - 53433fb8-bbf6-4d1d-a4a4-8c4d503fb949: shutdown server GrpcServerProtocolService successfully
2024-01-30 07:48:48,959 [ForkJoinPool.commonPool-worker-7] INFO  server.GrpcService (GrpcService.java:closeImpl(311)) - 53433fb8-bbf6-4d1d-a4a4-8c4d503fb949: shutdown server org.apache.ratis.grpc.server.GrpcAdminProtocolService now
2024-01-30 07:48:48,959 [ForkJoinPool.commonPool-worker-6] INFO  server.GrpcService (GrpcService.java:closeImpl(320)) - 971c1615-1531-4bff-8b79-adf9a27d7f54: shutdown server GrpcServerProtocolService successfully
2024-01-30 07:48:48,959 [ForkJoinPool.commonPool-worker-6] INFO  server.GrpcService (GrpcService.java:closeImpl(311)) - 971c1615-1531-4bff-8b79-adf9a27d7f54: shutdown server org.apache.ratis.grpc.server.GrpcAdminProtocolService now
2024-01-30 07:48:48,960 [ForkJoinPool.commonPool-worker-6] INFO  server.GrpcService (GrpcService.java:closeImpl(320)) - 971c1615-1531-4bff-8b79-adf9a27d7f54: shutdown server org.apache.ratis.grpc.server.GrpcAdminProtocolService successfully
2024-01-30 07:48:48,960 [main] INFO  server.GrpcService (GrpcService.java:closeImpl(320)) - 33e454d1-da2d-4d19-a678-883106399134: shutdown server GrpcServerProtocolService successfully
2024-01-30 07:48:48,961 [main] INFO  server.GrpcService (GrpcService.java:closeImpl(311)) - 33e454d1-da2d-4d19-a678-883106399134: shutdown server org.apache.ratis.grpc.server.GrpcAdminProtocolService now
2024-01-30 07:48:48,963 [ForkJoinPool.commonPool-worker-7] INFO  server.GrpcService (GrpcService.java:closeImpl(320)) - 53433fb8-bbf6-4d1d-a4a4-8c4d503fb949: shutdown server org.apache.ratis.grpc.server.GrpcAdminProtocolService successfully
2024-01-30 07:48:48,964 [main] INFO  server.GrpcService (GrpcService.java:closeImpl(320)) - 33e454d1-da2d-4d19-a678-883106399134: shutdown server org.apache.ratis.grpc.server.GrpcAdminProtocolService successfully
2024-01-30 07:48:48,970 [2a934876-6cad-418e-9d99-0b91c92fbe5b-NettyServerStreamRpc-bossGroup--thread1] INFO  logging.LoggingHandler (AbstractInternalLogger.java:log(148)) - [id: 0x91c13026, L:/0.0.0.0:15112] CLOSE
2024-01-30 07:48:48,970 [2a934876-6cad-418e-9d99-0b91c92fbe5b-NettyServerStreamRpc-bossGroup--thread1] INFO  logging.LoggingHandler (AbstractInternalLogger.java:log(148)) - [id: 0x91c13026, L:/0.0.0.0:15112] INACTIVE
2024-01-30 07:48:48,970 [2a934876-6cad-418e-9d99-0b91c92fbe5b-NettyServerStreamRpc-bossGroup--thread1] INFO  logging.LoggingHandler (AbstractInternalLogger.java:log(148)) - [id: 0x91c13026, L:/0.0.0.0:15112] UNREGISTERED
2024-01-30 07:48:48,971 [84e2f200-b83f-4514-9762-a3bf8832ea50-NettyServerStreamRpc-bossGroup--thread1] INFO  logging.LoggingHandler (AbstractInternalLogger.java:log(148)) - [id: 0x0e13de50, L:/0.0.0.0:15121] CLOSE
2024-01-30 07:48:48,971 [84e2f200-b83f-4514-9762-a3bf8832ea50-NettyServerStreamRpc-bossGroup--thread1] INFO  logging.LoggingHandler (AbstractInternalLogger.java:log(148)) - [id: 0x0e13de50, L:/0.0.0.0:15121] INACTIVE
2024-01-30 07:48:48,971 [84e2f200-b83f-4514-9762-a3bf8832ea50-NettyServerStreamRpc-bossGroup--thread1] INFO  logging.LoggingHandler (AbstractInternalLogger.java:log(148)) - [id: 0x0e13de50, L:/0.0.0.0:15121] UNREGISTERED
2024-01-30 07:48:48,974 [53433fb8-bbf6-4d1d-a4a4-8c4d503fb949-NettyServerStreamRpc-bossGroup--thread1] INFO  logging.LoggingHandler (AbstractInternalLogger.java:log(148)) - [id: 0x80f6ab43, L:/0.0.0.0:15148] CLOSE
2024-01-30 07:48:48,975 [53433fb8-bbf6-4d1d-a4a4-8c4d503fb949-NettyServerStreamRpc-bossGroup--thread1] INFO  logging.LoggingHandler (AbstractInternalLogger.java:log(148)) - [id: 0x80f6ab43, L:/0.0.0.0:15148] INACTIVE
2024-01-30 07:48:48,975 [53433fb8-bbf6-4d1d-a4a4-8c4d503fb949-NettyServerStreamRpc-bossGroup--thread1] INFO  logging.LoggingHandler (AbstractInternalLogger.java:log(148)) - [id: 0x80f6ab43, L:/0.0.0.0:15148] UNREGISTERED
2024-01-30 07:48:48,979 [971c1615-1531-4bff-8b79-adf9a27d7f54-NettyServerStreamRpc-bossGroup--thread1] INFO  logging.LoggingHandler (AbstractInternalLogger.java:log(148)) - [id: 0xb679e894, L:/0.0.0.0:15130] CLOSE
2024-01-30 07:48:48,979 [971c1615-1531-4bff-8b79-adf9a27d7f54-NettyServerStreamRpc-bossGroup--thread1] INFO  logging.LoggingHandler (AbstractInternalLogger.java:log(148)) - [id: 0xb679e894, L:/0.0.0.0:15130] INACTIVE
2024-01-30 07:48:48,979 [971c1615-1531-4bff-8b79-adf9a27d7f54-NettyServerStreamRpc-bossGroup--thread1] INFO  logging.LoggingHandler (AbstractInternalLogger.java:log(148)) - [id: 0xb679e894, L:/0.0.0.0:15130] UNREGISTERED
2024-01-30 07:48:48,984 [33e454d1-da2d-4d19-a678-883106399134-NettyServerStreamRpc-bossGroup--thread1] INFO  logging.LoggingHandler (AbstractInternalLogger.java:log(148)) - [id: 0xcad8fba6, L:/0.0.0.0:15139] CLOSE
2024-01-30 07:48:48,984 [33e454d1-da2d-4d19-a678-883106399134-NettyServerStreamRpc-bossGroup--thread1] INFO  logging.LoggingHandler (AbstractInternalLogger.java:log(148)) - [id: 0xcad8fba6, L:/0.0.0.0:15139] INACTIVE
2024-01-30 07:48:48,984 [33e454d1-da2d-4d19-a678-883106399134-NettyServerStreamRpc-bossGroup--thread1] INFO  logging.LoggingHandler (AbstractInternalLogger.java:log(148)) - [id: 0xcad8fba6, L:/0.0.0.0:15139] UNREGISTERED
2024-01-30 07:48:49,160 [84e2f200-b83f-4514-9762-a3bf8832ea50-impl-thread3] INFO  segmented.SegmentedRaftLogWorker (SegmentedRaftLogWorker.java:close(245)) - 84e2f200-b83f-4514-9762-a3bf8832ea50@group-5A6D2AF928DF-SegmentedRaftLogWorker close()
2024-01-30 07:48:49,168 [2a934876-6cad-418e-9d99-0b91c92fbe5b-impl-thread4] INFO  segmented.SegmentedRaftLogWorker (SegmentedRaftLogWorker.java:close(245)) - 2a934876-6cad-418e-9d99-0b91c92fbe5b@group-5A6D2AF928DF-SegmentedRaftLogWorker close()
2024-01-30 07:48:49,179 [971c1615-1531-4bff-8b79-adf9a27d7f54-impl-thread3] INFO  segmented.SegmentedRaftLogWorker (SegmentedRaftLogWorker.java:close(245)) - 971c1615-1531-4bff-8b79-adf9a27d7f54@group-5A6D2AF928DF-SegmentedRaftLogWorker close()
2024-01-30 07:48:49,184 [2a934876-6cad-418e-9d99-0b91c92fbe5b-impl-thread3] INFO  segmented.SegmentedRaftLogWorker (SegmentedRaftLogWorker.java:close(245)) - 2a934876-6cad-418e-9d99-0b91c92fbe5b@group-07C1DF08F428-SegmentedRaftLogWorker close()
2024-01-30 07:48:49,203 [971c1615-1531-4bff-8b79-adf9a27d7f54-impl-thread2] INFO  segmented.SegmentedRaftLogWorker (SegmentedRaftLogWorker.java:close(245)) - 971c1615-1531-4bff-8b79-adf9a27d7f54@group-07C1DF08F428-SegmentedRaftLogWorker close()
2024-01-30 07:48:49,209 [84e2f200-b83f-4514-9762-a3bf8832ea50-impl-thread2] INFO  segmented.SegmentedRaftLogWorker (SegmentedRaftLogWorker.java:close(245)) - 84e2f200-b83f-4514-9762-a3bf8832ea50@group-07C1DF08F428-SegmentedRaftLogWorker close()
2024-01-30 07:48:49,237 [84e2f200-b83f-4514-9762-a3bf8832ea50-impl-thread1] INFO  segmented.SegmentedRaftLogWorker (SegmentedRaftLogWorker.java:close(245)) - 84e2f200-b83f-4514-9762-a3bf8832ea50@group-09F0C667257B-SegmentedRaftLogWorker close()
2024-01-30 07:48:49,248 [971c1615-1531-4bff-8b79-adf9a27d7f54-impl-thread1] INFO  segmented.SegmentedRaftLogWorker (SegmentedRaftLogWorker.java:close(245)) - 971c1615-1531-4bff-8b79-adf9a27d7f54@group-09F0C667257B-SegmentedRaftLogWorker close()
2024-01-30 07:48:49,254 [2a934876-6cad-418e-9d99-0b91c92fbe5b-impl-thread1] INFO  segmented.SegmentedRaftLogWorker (SegmentedRaftLogWorker.java:close(245)) - 2a934876-6cad-418e-9d99-0b91c92fbe5b@group-09F0C667257B-SegmentedRaftLogWorker close()
2024-01-30 07:48:49,355 [42bb30bf-6dde-4b10-b68e-ce189e81f0fd-impl-thread2] INFO  segmented.SegmentedRaftLogWorker (SegmentedRaftLogWorker.java:close(245)) - 42bb30bf-6dde-4b10-b68e-ce189e81f0fd@group-FB520FCB7D25-SegmentedRaftLogWorker close()
2024-01-30 07:48:49,367 [53433fb8-bbf6-4d1d-a4a4-8c4d503fb949-impl-thread3] INFO  segmented.SegmentedRaftLogWorker (SegmentedRaftLogWorker.java:close(245)) - 53433fb8-bbf6-4d1d-a4a4-8c4d503fb949@group-FB520FCB7D25-SegmentedRaftLogWorker close()
2024-01-30 07:48:49,368 [33e454d1-da2d-4d19-a678-883106399134-impl-thread3] INFO  segmented.SegmentedRaftLogWorker (SegmentedRaftLogWorker.java:close(245)) - 33e454d1-da2d-4d19-a678-883106399134@group-FB520FCB7D25-SegmentedRaftLogWorker close()
2024-01-30 07:48:49,590 [33e454d1-da2d-4d19-a678-883106399134-impl-thread4] INFO  segmented.SegmentedRaftLogWorker (SegmentedRaftLogWorker.java:close(245)) - 33e454d1-da2d-4d19-a678-883106399134@group-AA3E182905E7-SegmentedRaftLogWorker close()
2024-01-30 07:48:49,591 [53433fb8-bbf6-4d1d-a4a4-8c4d503fb949-impl-thread1] INFO  segmented.SegmentedRaftLogWorker (SegmentedRaftLogWorker.java:close(245)) - 53433fb8-bbf6-4d1d-a4a4-8c4d503fb949@group-D8FDF9F2816D-SegmentedRaftLogWorker close()
2024-01-30 07:48:49,591 [42bb30bf-6dde-4b10-b68e-ce189e81f0fd-impl-thread1] INFO  segmented.SegmentedRaftLogWorker (SegmentedRaftLogWorker.java:close(245)) - 42bb30bf-6dde-4b10-b68e-ce189e81f0fd@group-D8FDF9F2816D-SegmentedRaftLogWorker close()
2024-01-30 07:48:49,592 [33e454d1-da2d-4d19-a678-883106399134-impl-thread1] INFO  segmented.SegmentedRaftLogWorker (SegmentedRaftLogWorker.java:close(245)) - 33e454d1-da2d-4d19-a678-883106399134@group-D8FDF9F2816D-SegmentedRaftLogWorker close()
2024-01-30 07:48:49,593 [JvmPauseMonitor20] INFO  util.JvmPauseMonitor (JvmPauseMonitor.java:run(152)) - JvmPauseMonitor-42bb30bf-6dde-4b10-b68e-ce189e81f0fd: Stopped
2024-01-30 07:48:49,612 [971c1615-1531-4bff-8b79-adf9a27d7f54-impl-thread4] INFO  segmented.SegmentedRaftLogWorker (SegmentedRaftLogWorker.java:close(245)) - 971c1615-1531-4bff-8b79-adf9a27d7f54@group-AA3E182905E7-SegmentedRaftLogWorker close()
2024-01-30 07:48:49,613 [84e2f200-b83f-4514-9762-a3bf8832ea50-impl-thread4] INFO  segmented.SegmentedRaftLogWorker (SegmentedRaftLogWorker.java:close(245)) - 84e2f200-b83f-4514-9762-a3bf8832ea50@group-AA3E182905E7-SegmentedRaftLogWorker close()
2024-01-30 07:48:49,613 [JvmPauseMonitor17] INFO  util.JvmPauseMonitor (JvmPauseMonitor.java:run(152)) - JvmPauseMonitor-971c1615-1531-4bff-8b79-adf9a27d7f54: Stopped
2024-01-30 07:48:49,614 [JvmPauseMonitor16] INFO  util.JvmPauseMonitor (JvmPauseMonitor.java:run(152)) - JvmPauseMonitor-84e2f200-b83f-4514-9762-a3bf8832ea50: Stopped
2024-01-30 07:48:49,657 [2a934876-6cad-418e-9d99-0b91c92fbe5b-impl-thread2] INFO  segmented.SegmentedRaftLogWorker (SegmentedRaftLogWorker.java:close(245)) - 2a934876-6cad-418e-9d99-0b91c92fbe5b@group-5DF41746B7E3-SegmentedRaftLogWorker close()
2024-01-30 07:48:49,658 [JvmPauseMonitor15] INFO  util.JvmPauseMonitor (JvmPauseMonitor.java:run(152)) - JvmPauseMonitor-2a934876-6cad-418e-9d99-0b91c92fbe5b: Stopped
2024-01-30 07:48:49,661 [53433fb8-bbf6-4d1d-a4a4-8c4d503fb949-impl-thread2] INFO  segmented.SegmentedRaftLogWorker (SegmentedRaftLogWorker.java:close(245)) - 53433fb8-bbf6-4d1d-a4a4-8c4d503fb949@group-5DF41746B7E3-SegmentedRaftLogWorker close()
2024-01-30 07:48:49,663 [33e454d1-da2d-4d19-a678-883106399134-impl-thread2] INFO  segmented.SegmentedRaftLogWorker (SegmentedRaftLogWorker.java:close(245)) - 33e454d1-da2d-4d19-a678-883106399134@group-5DF41746B7E3-SegmentedRaftLogWorker close()
2024-01-30 07:48:49,664 [JvmPauseMonitor18] INFO  util.JvmPauseMonitor (JvmPauseMonitor.java:run(152)) - JvmPauseMonitor-33e454d1-da2d-4d19-a678-883106399134: Stopped
2024-01-30 07:48:49,664 [JvmPauseMonitor19] INFO  util.JvmPauseMonitor (JvmPauseMonitor.java:run(152)) - JvmPauseMonitor-53433fb8-bbf6-4d1d-a4a4-8c4d503fb949: Stopped
2024-01-30 07:48:51,598 [ForkJoinPool.commonPool-worker-4] INFO  utils.DatanodeStoreCache (DatanodeStoreCache.java:shutdownCache(116)) - Skip clearing cache in mini cluster mode. Entries left: [/home/runner/work/ozone/ozone/hadoop-ozone/integration-test/target/test-dir/MiniOzoneClusterImpl-22134a4f-1b78-467c-b266-ccfd401dbc1a/datanode-0/data-0/containers/hdds/22134a4f-1b78-467c-b266-ccfd401dbc1a/DS-7fb701d6-c8b3-4c51-8f83-1c2186fc7f74/container.db, /home/runner/work/ozone/ozone/hadoop-ozone/integration-test/target/test-dir/MiniOzoneClusterImpl-22134a4f-1b78-467c-b266-ccfd401dbc1a/datanode-1/data-0/containers/hdds/22134a4f-1b78-467c-b266-ccfd401dbc1a/DS-b29f98f2-d5e1-413d-94db-2d864bde7c63/container.db, /home/runner/work/ozone/ozone/hadoop-ozone/integration-test/target/test-dir/MiniOzoneClusterImpl-22134a4f-1b78-467c-b266-ccfd401dbc1a/datanode-2/data-0/containers/hdds/22134a4f-1b78-467c-b266-ccfd401dbc1a/DS-a7b40ece-0d52-4b0f-a648-3d0a5ca1cff8/container.db, /home/runner/work/ozone/ozone/hadoop-ozone/integration-test/target/test-dir/MiniOzoneClusterImpl-22134a4f-1b78-467c-b266-ccfd401dbc1a/datanode-3/data-0/containers/hdds/22134a4f-1b78-467c-b266-ccfd401dbc1a/DS-f8760ec0-3b56-40bf-9a63-16b9ed1fccc7/container.db, /home/runner/work/ozone/ozone/hadoop-ozone/integration-test/target/test-dir/MiniOzoneClusterImpl-22134a4f-1b78-467c-b266-ccfd401dbc1a/datanode-4/data-0/containers/hdds/22134a4f-1b78-467c-b266-ccfd401dbc1a/DS-9b65a95d-5210-4d4a-b4ee-3c23d51b6ce1/container.db, /home/runner/work/ozone/ozone/hadoop-ozone/integration-test/target/test-dir/MiniOzoneClusterImpl-22134a4f-1b78-467c-b266-ccfd401dbc1a/datanode-5/data-0/containers/hdds/22134a4f-1b78-467c-b266-ccfd401dbc1a/DS-948e6948-781e-4e9d-8959-9054038e9868/container.db]
2024-01-30 07:48:51,601 [ForkJoinPool.commonPool-worker-4] INFO  utils.DatanodeStoreCache (DatanodeStoreCache.java:removeDB(110)) - Removed db /home/runner/work/ozone/ozone/hadoop-ozone/integration-test/target/test-dir/MiniOzoneClusterImpl-22134a4f-1b78-467c-b266-ccfd401dbc1a/datanode-5/data-0/containers/hdds/22134a4f-1b78-467c-b266-ccfd401dbc1a/DS-948e6948-781e-4e9d-8959-9054038e9868/container.db from cache
2024-01-30 07:48:51,601 [ForkJoinPool.commonPool-worker-4] INFO  volume.HddsVolume (HddsVolume.java:closeDbStore(451)) - SchemaV3 db is stopped at /home/runner/work/ozone/ozone/hadoop-ozone/integration-test/target/test-dir/MiniOzoneClusterImpl-22134a4f-1b78-467c-b266-ccfd401dbc1a/datanode-5/data-0/containers/hdds/22134a4f-1b78-467c-b266-ccfd401dbc1a/DS-948e6948-781e-4e9d-8959-9054038e9868/container.db for volume DS-948e6948-781e-4e9d-8959-9054038e9868
2024-01-30 07:48:51,602 [ForkJoinPool.commonPool-worker-4] INFO  utils.BackgroundService (BackgroundService.java:shutdown(160)) - Shutting down service BlockDeletingService
2024-01-30 07:48:51,602 [ForkJoinPool.commonPool-worker-4] INFO  utils.BackgroundService (BackgroundService.java:shutdown(160)) - Shutting down service StaleRecoveringContainerScrubbingService
2024-01-30 07:48:51,604 [ForkJoinPool.commonPool-worker-4] INFO  statemachine.DatanodeStateMachine (DatanodeStateMachine.java:stopDaemon(638)) - Ozone container server stopped.
2024-01-30 07:48:51,607 [ForkJoinPool.commonPool-worker-4] INFO  handler.ContextHandler (ContextHandler.java:doStop(1159)) - Stopped o.e.j.w.WebAppContext@72ecd5ce{hddsDatanode,/,null,STOPPED}{jar:file:/home/runner/.m2/repository/org/apache/ozone/hdds-container-service/1.5.0-SNAPSHOT/hdds-container-service-1.5.0-SNAPSHOT.jar!/webapps/hddsDatanode}
2024-01-30 07:48:51,607 [ForkJoinPool.commonPool-worker-4] INFO  server.AbstractConnector (AbstractConnector.java:doStop(383)) - Stopped ServerConnector@66077611{HTTP/1.1, (http/1.1)}{0.0.0.0:15151}
2024-01-30 07:48:51,607 [ForkJoinPool.commonPool-worker-4] INFO  server.session (HouseKeeper.java:stopScavenging(149)) - node0 Stopped scavenging
2024-01-30 07:48:51,608 [ForkJoinPool.commonPool-worker-4] INFO  handler.ContextHandler (ContextHandler.java:doStop(1159)) - Stopped o.e.j.s.ServletContextHandler@7925da37{static,/static,jar:file:/home/runner/.m2/repository/org/apache/ozone/hdds-container-service/1.5.0-SNAPSHOT/hdds-container-service-1.5.0-SNAPSHOT.jar!/webapps/static,STOPPED}
2024-01-30 07:48:51,608 [ForkJoinPool.commonPool-worker-4] INFO  handler.ContextHandler (ContextHandler.java:doStop(1159)) - Stopped o.e.j.s.ServletContextHandler@57f8c3a{logs,/logs,file:///home/runner/work/ozone/ozone/hadoop-ozone/integration-test/target/log,STOPPED}
2024-01-30 07:48:51,609 [ForkJoinPool.commonPool-worker-4] INFO  ozone.HddsDatanodeClientProtocolServer (HddsDatanodeClientProtocolServer.java:stop(78)) - Stopping the RPC server for Client Protocol
2024-01-30 07:48:51,609 [ForkJoinPool.commonPool-worker-4] INFO  ipc.Server (Server.java:stop(3523)) - Stopping server on 15152
2024-01-30 07:48:51,610 [IPC Server listener on 15152] INFO  ipc.Server (Server.java:run(1434)) - Stopping IPC Server listener on 15152
2024-01-30 07:48:51,610 [IPC Server Responder] INFO  ipc.Server (Server.java:run(1567)) - Stopping IPC Server Responder
2024-01-30 07:48:51,615 [ForkJoinPool.commonPool-worker-6] INFO  utils.DatanodeStoreCache (DatanodeStoreCache.java:shutdownCache(116)) - Skip clearing cache in mini cluster mode. Entries left: [/home/runner/work/ozone/ozone/hadoop-ozone/integration-test/target/test-dir/MiniOzoneClusterImpl-22134a4f-1b78-467c-b266-ccfd401dbc1a/datanode-0/data-0/containers/hdds/22134a4f-1b78-467c-b266-ccfd401dbc1a/DS-7fb701d6-c8b3-4c51-8f83-1c2186fc7f74/container.db, /home/runner/work/ozone/ozone/hadoop-ozone/integration-test/target/test-dir/MiniOzoneClusterImpl-22134a4f-1b78-467c-b266-ccfd401dbc1a/datanode-1/data-0/containers/hdds/22134a4f-1b78-467c-b266-ccfd401dbc1a/DS-b29f98f2-d5e1-413d-94db-2d864bde7c63/container.db, /home/runner/work/ozone/ozone/hadoop-ozone/integration-test/target/test-dir/MiniOzoneClusterImpl-22134a4f-1b78-467c-b266-ccfd401dbc1a/datanode-2/data-0/containers/hdds/22134a4f-1b78-467c-b266-ccfd401dbc1a/DS-a7b40ece-0d52-4b0f-a648-3d0a5ca1cff8/container.db, /home/runner/work/ozone/ozone/hadoop-ozone/integration-test/target/test-dir/MiniOzoneClusterImpl-22134a4f-1b78-467c-b266-ccfd401dbc1a/datanode-3/data-0/containers/hdds/22134a4f-1b78-467c-b266-ccfd401dbc1a/DS-f8760ec0-3b56-40bf-9a63-16b9ed1fccc7/container.db, /home/runner/work/ozone/ozone/hadoop-ozone/integration-test/target/test-dir/MiniOzoneClusterImpl-22134a4f-1b78-467c-b266-ccfd401dbc1a/datanode-4/data-0/containers/hdds/22134a4f-1b78-467c-b266-ccfd401dbc1a/DS-9b65a95d-5210-4d4a-b4ee-3c23d51b6ce1/container.db]
2024-01-30 07:48:51,616 [ForkJoinPool.commonPool-worker-3] INFO  utils.DatanodeStoreCache (DatanodeStoreCache.java:shutdownCache(116)) - Skip clearing cache in mini cluster mode. Entries left: [/home/runner/work/ozone/ozone/hadoop-ozone/integration-test/target/test-dir/MiniOzoneClusterImpl-22134a4f-1b78-467c-b266-ccfd401dbc1a/datanode-0/data-0/containers/hdds/22134a4f-1b78-467c-b266-ccfd401dbc1a/DS-7fb701d6-c8b3-4c51-8f83-1c2186fc7f74/container.db, /home/runner/work/ozone/ozone/hadoop-ozone/integration-test/target/test-dir/MiniOzoneClusterImpl-22134a4f-1b78-467c-b266-ccfd401dbc1a/datanode-1/data-0/containers/hdds/22134a4f-1b78-467c-b266-ccfd401dbc1a/DS-b29f98f2-d5e1-413d-94db-2d864bde7c63/container.db, /home/runner/work/ozone/ozone/hadoop-ozone/integration-test/target/test-dir/MiniOzoneClusterImpl-22134a4f-1b78-467c-b266-ccfd401dbc1a/datanode-2/data-0/containers/hdds/22134a4f-1b78-467c-b266-ccfd401dbc1a/DS-a7b40ece-0d52-4b0f-a648-3d0a5ca1cff8/container.db, /home/runner/work/ozone/ozone/hadoop-ozone/integration-test/target/test-dir/MiniOzoneClusterImpl-22134a4f-1b78-467c-b266-ccfd401dbc1a/datanode-3/data-0/containers/hdds/22134a4f-1b78-467c-b266-ccfd401dbc1a/DS-f8760ec0-3b56-40bf-9a63-16b9ed1fccc7/container.db, /home/runner/work/ozone/ozone/hadoop-ozone/integration-test/target/test-dir/MiniOzoneClusterImpl-22134a4f-1b78-467c-b266-ccfd401dbc1a/datanode-4/data-0/containers/hdds/22134a4f-1b78-467c-b266-ccfd401dbc1a/DS-9b65a95d-5210-4d4a-b4ee-3c23d51b6ce1/container.db]
2024-01-30 07:48:51,618 [ForkJoinPool.commonPool-worker-6] INFO  utils.DatanodeStoreCache (DatanodeStoreCache.java:removeDB(110)) - Removed db /home/runner/work/ozone/ozone/hadoop-ozone/integration-test/target/test-dir/MiniOzoneClusterImpl-22134a4f-1b78-467c-b266-ccfd401dbc1a/datanode-2/data-0/containers/hdds/22134a4f-1b78-467c-b266-ccfd401dbc1a/DS-a7b40ece-0d52-4b0f-a648-3d0a5ca1cff8/container.db from cache
2024-01-30 07:48:51,618 [ForkJoinPool.commonPool-worker-3] INFO  utils.DatanodeStoreCache (DatanodeStoreCache.java:removeDB(110)) - Removed db /home/runner/work/ozone/ozone/hadoop-ozone/integration-test/target/test-dir/MiniOzoneClusterImpl-22134a4f-1b78-467c-b266-ccfd401dbc1a/datanode-1/data-0/containers/hdds/22134a4f-1b78-467c-b266-ccfd401dbc1a/DS-b29f98f2-d5e1-413d-94db-2d864bde7c63/container.db from cache
2024-01-30 07:48:51,619 [ForkJoinPool.commonPool-worker-3] INFO  volume.HddsVolume (HddsVolume.java:closeDbStore(451)) - SchemaV3 db is stopped at /home/runner/work/ozone/ozone/hadoop-ozone/integration-test/target/test-dir/MiniOzoneClusterImpl-22134a4f-1b78-467c-b266-ccfd401dbc1a/datanode-1/data-0/containers/hdds/22134a4f-1b78-467c-b266-ccfd401dbc1a/DS-b29f98f2-d5e1-413d-94db-2d864bde7c63/container.db for volume DS-b29f98f2-d5e1-413d-94db-2d864bde7c63
2024-01-30 07:48:51,618 [ForkJoinPool.commonPool-worker-6] INFO  volume.HddsVolume (HddsVolume.java:closeDbStore(451)) - SchemaV3 db is stopped at /home/runner/work/ozone/ozone/hadoop-ozone/integration-test/target/test-dir/MiniOzoneClusterImpl-22134a4f-1b78-467c-b266-ccfd401dbc1a/datanode-2/data-0/containers/hdds/22134a4f-1b78-467c-b266-ccfd401dbc1a/DS-a7b40ece-0d52-4b0f-a648-3d0a5ca1cff8/container.db for volume DS-a7b40ece-0d52-4b0f-a648-3d0a5ca1cff8
2024-01-30 07:48:51,620 [ForkJoinPool.commonPool-worker-6] INFO  utils.BackgroundService (BackgroundService.java:shutdown(160)) - Shutting down service BlockDeletingService
2024-01-30 07:48:51,620 [ForkJoinPool.commonPool-worker-3] INFO  utils.BackgroundService (BackgroundService.java:shutdown(160)) - Shutting down service BlockDeletingService
2024-01-30 07:48:51,621 [ForkJoinPool.commonPool-worker-3] INFO  utils.BackgroundService (BackgroundService.java:shutdown(160)) - Shutting down service StaleRecoveringContainerScrubbingService
2024-01-30 07:48:51,621 [ForkJoinPool.commonPool-worker-6] INFO  utils.BackgroundService (BackgroundService.java:shutdown(160)) - Shutting down service StaleRecoveringContainerScrubbingService
2024-01-30 07:48:51,621 [ForkJoinPool.commonPool-worker-3] INFO  statemachine.DatanodeStateMachine (DatanodeStateMachine.java:stopDaemon(638)) - Ozone container server stopped.
2024-01-30 07:48:51,623 [ForkJoinPool.commonPool-worker-6] INFO  statemachine.DatanodeStateMachine (DatanodeStateMachine.java:stopDaemon(638)) - Ozone container server stopped.
2024-01-30 07:48:51,624 [ForkJoinPool.commonPool-worker-3] INFO  handler.ContextHandler (ContextHandler.java:doStop(1159)) - Stopped o.e.j.w.WebAppContext@4b725b8b{hddsDatanode,/,null,STOPPED}{jar:file:/home/runner/.m2/repository/org/apache/ozone/hdds-container-service/1.5.0-SNAPSHOT/hdds-container-service-1.5.0-SNAPSHOT.jar!/webapps/hddsDatanode}
2024-01-30 07:48:51,624 [ForkJoinPool.commonPool-worker-3] INFO  server.AbstractConnector (AbstractConnector.java:doStop(383)) - Stopped ServerConnector@4c286ab9{HTTP/1.1, (http/1.1)}{0.0.0.0:15115}
2024-01-30 07:48:51,625 [ForkJoinPool.commonPool-worker-6] INFO  handler.ContextHandler (ContextHandler.java:doStop(1159)) - Stopped o.e.j.w.WebAppContext@16ab05a1{hddsDatanode,/,null,STOPPED}{jar:file:/home/runner/.m2/repository/org/apache/ozone/hdds-container-service/1.5.0-SNAPSHOT/hdds-container-service-1.5.0-SNAPSHOT.jar!/webapps/hddsDatanode}
2024-01-30 07:48:51,625 [ForkJoinPool.commonPool-worker-3] INFO  server.session (HouseKeeper.java:stopScavenging(149)) - node0 Stopped scavenging
2024-01-30 07:48:51,626 [ForkJoinPool.commonPool-worker-3] INFO  handler.ContextHandler (ContextHandler.java:doStop(1159)) - Stopped o.e.j.s.ServletContextHandler@460d42b9{static,/static,jar:file:/home/runner/.m2/repository/org/apache/ozone/hdds-container-service/1.5.0-SNAPSHOT/hdds-container-service-1.5.0-SNAPSHOT.jar!/webapps/static,STOPPED}
2024-01-30 07:48:51,626 [ForkJoinPool.commonPool-worker-3] INFO  handler.ContextHandler (ContextHandler.java:doStop(1159)) - Stopped o.e.j.s.ServletContextHandler@65258683{logs,/logs,file:///home/runner/work/ozone/ozone/hadoop-ozone/integration-test/target/log,STOPPED}
2024-01-30 07:48:51,626 [ForkJoinPool.commonPool-worker-6] INFO  server.AbstractConnector (AbstractConnector.java:doStop(383)) - Stopped ServerConnector@7f2e33d1{HTTP/1.1, (http/1.1)}{0.0.0.0:15124}
2024-01-30 07:48:51,626 [ForkJoinPool.commonPool-worker-6] INFO  server.session (HouseKeeper.java:stopScavenging(149)) - node0 Stopped scavenging
2024-01-30 07:48:51,627 [ForkJoinPool.commonPool-worker-6] INFO  handler.ContextHandler (ContextHandler.java:doStop(1159)) - Stopped o.e.j.s.ServletContextHandler@6566212d{static,/static,jar:file:/home/runner/.m2/repository/org/apache/ozone/hdds-container-service/1.5.0-SNAPSHOT/hdds-container-service-1.5.0-SNAPSHOT.jar!/webapps/static,STOPPED}
2024-01-30 07:48:51,627 [ForkJoinPool.commonPool-worker-3] INFO  ozone.HddsDatanodeClientProtocolServer (HddsDatanodeClientProtocolServer.java:stop(78)) - Stopping the RPC server for Client Protocol
2024-01-30 07:48:51,629 [ForkJoinPool.commonPool-worker-3] INFO  ipc.Server (Server.java:stop(3523)) - Stopping server on 15116
2024-01-30 07:48:51,629 [ForkJoinPool.commonPool-worker-6] INFO  handler.ContextHandler (ContextHandler.java:doStop(1159)) - Stopped o.e.j.s.ServletContextHandler@4c298855{logs,/logs,file:///home/runner/work/ozone/ozone/hadoop-ozone/integration-test/target/log,STOPPED}
2024-01-30 07:48:51,629 [ForkJoinPool.commonPool-worker-6] INFO  ozone.HddsDatanodeClientProtocolServer (HddsDatanodeClientProtocolServer.java:stop(78)) - Stopping the RPC server for Client Protocol
2024-01-30 07:48:51,630 [IPC Server Responder] INFO  ipc.Server (Server.java:run(1567)) - Stopping IPC Server Responder
2024-01-30 07:48:51,630 [ForkJoinPool.commonPool-worker-6] INFO  ipc.Server (Server.java:stop(3523)) - Stopping server on 15125
2024-01-30 07:48:51,630 [IPC Server listener on 15116] INFO  ipc.Server (Server.java:run(1434)) - Stopping IPC Server listener on 15116
2024-01-30 07:48:51,631 [IPC Server Responder] INFO  ipc.Server (Server.java:run(1567)) - Stopping IPC Server Responder
2024-01-30 07:48:51,632 [IPC Server listener on 15125] INFO  ipc.Server (Server.java:run(1434)) - Stopping IPC Server listener on 15125
2024-01-30 07:48:51,660 [ForkJoinPool.commonPool-worker-5] INFO  utils.DatanodeStoreCache (DatanodeStoreCache.java:shutdownCache(116)) - Skip clearing cache in mini cluster mode. Entries left: [/home/runner/work/ozone/ozone/hadoop-ozone/integration-test/target/test-dir/MiniOzoneClusterImpl-22134a4f-1b78-467c-b266-ccfd401dbc1a/datanode-0/data-0/containers/hdds/22134a4f-1b78-467c-b266-ccfd401dbc1a/DS-7fb701d6-c8b3-4c51-8f83-1c2186fc7f74/container.db, /home/runner/work/ozone/ozone/hadoop-ozone/integration-test/target/test-dir/MiniOzoneClusterImpl-22134a4f-1b78-467c-b266-ccfd401dbc1a/datanode-3/data-0/containers/hdds/22134a4f-1b78-467c-b266-ccfd401dbc1a/DS-f8760ec0-3b56-40bf-9a63-16b9ed1fccc7/container.db, /home/runner/work/ozone/ozone/hadoop-ozone/integration-test/target/test-dir/MiniOzoneClusterImpl-22134a4f-1b78-467c-b266-ccfd401dbc1a/datanode-4/data-0/containers/hdds/22134a4f-1b78-467c-b266-ccfd401dbc1a/DS-9b65a95d-5210-4d4a-b4ee-3c23d51b6ce1/container.db]
2024-01-30 07:48:51,660 [ForkJoinPool.commonPool-worker-5] INFO  utils.DatanodeStoreCache (DatanodeStoreCache.java:removeDB(110)) - Removed db /home/runner/work/ozone/ozone/hadoop-ozone/integration-test/target/test-dir/MiniOzoneClusterImpl-22134a4f-1b78-467c-b266-ccfd401dbc1a/datanode-0/data-0/containers/hdds/22134a4f-1b78-467c-b266-ccfd401dbc1a/DS-7fb701d6-c8b3-4c51-8f83-1c2186fc7f74/container.db from cache
2024-01-30 07:48:51,660 [ForkJoinPool.commonPool-worker-5] INFO  volume.HddsVolume (HddsVolume.java:closeDbStore(451)) - SchemaV3 db is stopped at /home/runner/work/ozone/ozone/hadoop-ozone/integration-test/target/test-dir/MiniOzoneClusterImpl-22134a4f-1b78-467c-b266-ccfd401dbc1a/datanode-0/data-0/containers/hdds/22134a4f-1b78-467c-b266-ccfd401dbc1a/DS-7fb701d6-c8b3-4c51-8f83-1c2186fc7f74/container.db for volume DS-7fb701d6-c8b3-4c51-8f83-1c2186fc7f74
2024-01-30 07:48:51,661 [ForkJoinPool.commonPool-worker-5] INFO  utils.BackgroundService (BackgroundService.java:shutdown(160)) - Shutting down service BlockDeletingService
2024-01-30 07:48:51,661 [ForkJoinPool.commonPool-worker-5] INFO  utils.BackgroundService (BackgroundService.java:shutdown(160)) - Shutting down service StaleRecoveringContainerScrubbingService
2024-01-30 07:48:51,662 [ForkJoinPool.commonPool-worker-5] INFO  statemachine.DatanodeStateMachine (DatanodeStateMachine.java:stopDaemon(638)) - Ozone container server stopped.
2024-01-30 07:48:51,663 [ForkJoinPool.commonPool-worker-5] INFO  handler.ContextHandler (ContextHandler.java:doStop(1159)) - Stopped o.e.j.w.WebAppContext@5f23ef28{hddsDatanode,/,null,STOPPED}{jar:file:/home/runner/.m2/repository/org/apache/ozone/hdds-container-service/1.5.0-SNAPSHOT/hdds-container-service-1.5.0-SNAPSHOT.jar!/webapps/hddsDatanode}
2024-01-30 07:48:51,664 [ForkJoinPool.commonPool-worker-5] INFO  server.AbstractConnector (AbstractConnector.java:doStop(383)) - Stopped ServerConnector@788f216{HTTP/1.1, (http/1.1)}{0.0.0.0:15106}
2024-01-30 07:48:51,664 [ForkJoinPool.commonPool-worker-5] INFO  server.session (HouseKeeper.java:stopScavenging(149)) - node0 Stopped scavenging
2024-01-30 07:48:51,664 [ForkJoinPool.commonPool-worker-5] INFO  handler.ContextHandler (ContextHandler.java:doStop(1159)) - Stopped o.e.j.s.ServletContextHandler@2db0fdb7{static,/static,jar:file:/home/runner/.m2/repository/org/apache/ozone/hdds-container-service/1.5.0-SNAPSHOT/hdds-container-service-1.5.0-SNAPSHOT.jar!/webapps/static,STOPPED}
2024-01-30 07:48:51,665 [ForkJoinPool.commonPool-worker-5] INFO  handler.ContextHandler (ContextHandler.java:doStop(1159)) - Stopped o.e.j.s.ServletContextHandler@53340a2d{logs,/logs,file:///home/runner/work/ozone/ozone/hadoop-ozone/integration-test/target/log,STOPPED}
2024-01-30 07:48:51,665 [ForkJoinPool.commonPool-worker-5] INFO  ozone.HddsDatanodeClientProtocolServer (HddsDatanodeClientProtocolServer.java:stop(78)) - Stopping the RPC server for Client Protocol
2024-01-30 07:48:51,665 [ForkJoinPool.commonPool-worker-5] INFO  ipc.Server (Server.java:stop(3523)) - Stopping server on 15107
2024-01-30 07:48:51,666 [IPC Server listener on 15107] INFO  ipc.Server (Server.java:run(1434)) - Stopping IPC Server listener on 15107
2024-01-30 07:48:51,666 [IPC Server Responder] INFO  ipc.Server (Server.java:run(1567)) - Stopping IPC Server Responder
2024-01-30 07:48:51,666 [main] INFO  utils.DatanodeStoreCache (DatanodeStoreCache.java:shutdownCache(116)) - Skip clearing cache in mini cluster mode. Entries left: [/home/runner/work/ozone/ozone/hadoop-ozone/integration-test/target/test-dir/MiniOzoneClusterImpl-22134a4f-1b78-467c-b266-ccfd401dbc1a/datanode-3/data-0/containers/hdds/22134a4f-1b78-467c-b266-ccfd401dbc1a/DS-f8760ec0-3b56-40bf-9a63-16b9ed1fccc7/container.db, /home/runner/work/ozone/ozone/hadoop-ozone/integration-test/target/test-dir/MiniOzoneClusterImpl-22134a4f-1b78-467c-b266-ccfd401dbc1a/datanode-4/data-0/containers/hdds/22134a4f-1b78-467c-b266-ccfd401dbc1a/DS-9b65a95d-5210-4d4a-b4ee-3c23d51b6ce1/container.db]
2024-01-30 07:48:51,666 [ForkJoinPool.commonPool-worker-7] INFO  utils.DatanodeStoreCache (DatanodeStoreCache.java:shutdownCache(116)) - Skip clearing cache in mini cluster mode. Entries left: [/home/runner/work/ozone/ozone/hadoop-ozone/integration-test/target/test-dir/MiniOzoneClusterImpl-22134a4f-1b78-467c-b266-ccfd401dbc1a/datanode-3/data-0/containers/hdds/22134a4f-1b78-467c-b266-ccfd401dbc1a/DS-f8760ec0-3b56-40bf-9a63-16b9ed1fccc7/container.db, /home/runner/work/ozone/ozone/hadoop-ozone/integration-test/target/test-dir/MiniOzoneClusterImpl-22134a4f-1b78-467c-b266-ccfd401dbc1a/datanode-4/data-0/containers/hdds/22134a4f-1b78-467c-b266-ccfd401dbc1a/DS-9b65a95d-5210-4d4a-b4ee-3c23d51b6ce1/container.db]
2024-01-30 07:48:51,667 [main] INFO  utils.DatanodeStoreCache (DatanodeStoreCache.java:removeDB(110)) - Removed db /home/runner/work/ozone/ozone/hadoop-ozone/integration-test/target/test-dir/MiniOzoneClusterImpl-22134a4f-1b78-467c-b266-ccfd401dbc1a/datanode-3/data-0/containers/hdds/22134a4f-1b78-467c-b266-ccfd401dbc1a/DS-f8760ec0-3b56-40bf-9a63-16b9ed1fccc7/container.db from cache
2024-01-30 07:48:51,667 [ForkJoinPool.commonPool-worker-7] INFO  utils.DatanodeStoreCache (DatanodeStoreCache.java:removeDB(110)) - Removed db /home/runner/work/ozone/ozone/hadoop-ozone/integration-test/target/test-dir/MiniOzoneClusterImpl-22134a4f-1b78-467c-b266-ccfd401dbc1a/datanode-4/data-0/containers/hdds/22134a4f-1b78-467c-b266-ccfd401dbc1a/DS-9b65a95d-5210-4d4a-b4ee-3c23d51b6ce1/container.db from cache
2024-01-30 07:48:51,667 [ForkJoinPool.commonPool-worker-7] INFO  volume.HddsVolume (HddsVolume.java:closeDbStore(451)) - SchemaV3 db is stopped at /home/runner/work/ozone/ozone/hadoop-ozone/integration-test/target/test-dir/MiniOzoneClusterImpl-22134a4f-1b78-467c-b266-ccfd401dbc1a/datanode-4/data-0/containers/hdds/22134a4f-1b78-467c-b266-ccfd401dbc1a/DS-9b65a95d-5210-4d4a-b4ee-3c23d51b6ce1/container.db for volume DS-9b65a95d-5210-4d4a-b4ee-3c23d51b6ce1
2024-01-30 07:48:51,667 [ForkJoinPool.commonPool-worker-7] INFO  utils.BackgroundService (BackgroundService.java:shutdown(160)) - Shutting down service BlockDeletingService
2024-01-30 07:48:51,668 [ForkJoinPool.commonPool-worker-7] INFO  utils.BackgroundService (BackgroundService.java:shutdown(160)) - Shutting down service StaleRecoveringContainerScrubbingService
2024-01-30 07:48:51,667 [main] INFO  volume.HddsVolume (HddsVolume.java:closeDbStore(451)) - SchemaV3 db is stopped at /home/runner/work/ozone/ozone/hadoop-ozone/integration-test/target/test-dir/MiniOzoneClusterImpl-22134a4f-1b78-467c-b266-ccfd401dbc1a/datanode-3/data-0/containers/hdds/22134a4f-1b78-467c-b266-ccfd401dbc1a/DS-f8760ec0-3b56-40bf-9a63-16b9ed1fccc7/container.db for volume DS-f8760ec0-3b56-40bf-9a63-16b9ed1fccc7
2024-01-30 07:48:51,669 [ForkJoinPool.commonPool-worker-7] INFO  statemachine.DatanodeStateMachine (DatanodeStateMachine.java:stopDaemon(638)) - Ozone container server stopped.
2024-01-30 07:48:51,669 [main] INFO  utils.BackgroundService (BackgroundService.java:shutdown(160)) - Shutting down service BlockDeletingService
2024-01-30 07:48:51,670 [ForkJoinPool.commonPool-worker-7] INFO  handler.ContextHandler (ContextHandler.java:doStop(1159)) - Stopped o.e.j.w.WebAppContext@3cd45cb8{hddsDatanode,/,null,STOPPED}{jar:file:/home/runner/.m2/repository/org/apache/ozone/hdds-container-service/1.5.0-SNAPSHOT/hdds-container-service-1.5.0-SNAPSHOT.jar!/webapps/hddsDatanode}
2024-01-30 07:48:51,670 [main] INFO  utils.BackgroundService (BackgroundService.java:shutdown(160)) - Shutting down service StaleRecoveringContainerScrubbingService
2024-01-30 07:48:51,671 [ForkJoinPool.commonPool-worker-7] INFO  server.AbstractConnector (AbstractConnector.java:doStop(383)) - Stopped ServerConnector@2dd00266{HTTP/1.1, (http/1.1)}{0.0.0.0:15142}
2024-01-30 07:48:51,671 [ForkJoinPool.commonPool-worker-7] INFO  server.session (HouseKeeper.java:stopScavenging(149)) - node0 Stopped scavenging
2024-01-30 07:48:51,672 [main] INFO  statemachine.DatanodeStateMachine (DatanodeStateMachine.java:stopDaemon(638)) - Ozone container server stopped.
2024-01-30 07:48:51,672 [ForkJoinPool.commonPool-worker-7] INFO  handler.ContextHandler (ContextHandler.java:doStop(1159)) - Stopped o.e.j.s.ServletContextHandler@6d51e2d{static,/static,jar:file:/home/runner/.m2/repository/org/apache/ozone/hdds-container-service/1.5.0-SNAPSHOT/hdds-container-service-1.5.0-SNAPSHOT.jar!/webapps/static,STOPPED}
2024-01-30 07:48:51,673 [ForkJoinPool.commonPool-worker-7] INFO  handler.ContextHandler (ContextHandler.java:doStop(1159)) - Stopped o.e.j.s.ServletContextHandler@6e613ceb{logs,/logs,file:///home/runner/work/ozone/ozone/hadoop-ozone/integration-test/target/log,STOPPED}
2024-01-30 07:48:51,673 [main] INFO  handler.ContextHandler (ContextHandler.java:doStop(1159)) - Stopped o.e.j.w.WebAppContext@5394e749{hddsDatanode,/,null,STOPPED}{jar:file:/home/runner/.m2/repository/org/apache/ozone/hdds-container-service/1.5.0-SNAPSHOT/hdds-container-service-1.5.0-SNAPSHOT.jar!/webapps/hddsDatanode}
2024-01-30 07:48:51,673 [ForkJoinPool.commonPool-worker-7] INFO  ozone.HddsDatanodeClientProtocolServer (HddsDatanodeClientProtocolServer.java:stop(78)) - Stopping the RPC server for Client Protocol
2024-01-30 07:48:51,673 [main] INFO  server.AbstractConnector (AbstractConnector.java:doStop(383)) - Stopped ServerConnector@17955761{HTTP/1.1, (http/1.1)}{0.0.0.0:15133}
2024-01-30 07:48:51,674 [main] INFO  server.session (HouseKeeper.java:stopScavenging(149)) - node0 Stopped scavenging
2024-01-30 07:48:51,674 [main] INFO  handler.ContextHandler (ContextHandler.java:doStop(1159)) - Stopped o.e.j.s.ServletContextHandler@75024403{static,/static,jar:file:/home/runner/.m2/repository/org/apache/ozone/hdds-container-service/1.5.0-SNAPSHOT/hdds-container-service-1.5.0-SNAPSHOT.jar!/webapps/static,STOPPED}
2024-01-30 07:48:51,673 [ForkJoinPool.commonPool-worker-7] INFO  ipc.Server (Server.java:stop(3523)) - Stopping server on 15143
2024-01-30 07:48:51,674 [main] INFO  handler.ContextHandler (ContextHandler.java:doStop(1159)) - Stopped o.e.j.s.ServletContextHandler@1ada2d53{logs,/logs,file:///home/runner/work/ozone/ozone/hadoop-ozone/integration-test/target/log,STOPPED}
2024-01-30 07:48:51,675 [main] INFO  ozone.HddsDatanodeClientProtocolServer (HddsDatanodeClientProtocolServer.java:stop(78)) - Stopping the RPC server for Client Protocol
2024-01-30 07:48:51,675 [main] INFO  ipc.Server (Server.java:stop(3523)) - Stopping server on 15134
2024-01-30 07:48:51,677 [IPC Server listener on 15143] INFO  ipc.Server (Server.java:run(1434)) - Stopping IPC Server listener on 15143
2024-01-30 07:48:51,677 [IPC Server Responder] INFO  ipc.Server (Server.java:run(1567)) - Stopping IPC Server Responder
2024-01-30 07:48:51,678 [IPC Server Responder] INFO  ipc.Server (Server.java:run(1567)) - Stopping IPC Server Responder
2024-01-30 07:48:51,678 [IPC Server listener on 15134] INFO  ipc.Server (Server.java:run(1434)) - Stopping IPC Server listener on 15134
2024-01-30 07:48:51,679 [main] INFO  ozone.MiniOzoneClusterImpl (MiniOzoneClusterImpl.java:stopSCM(550)) - Stopping the StorageContainerManager
2024-01-30 07:48:51,679 [main] INFO  server.StorageContainerManager (StorageContainerManager.java:stop(1654)) - Container Balancer is not running.
2024-01-30 07:48:51,679 [main] INFO  server.StorageContainerManager (StorageContainerManager.java:stopReplicationManager(1787)) - Stopping Replication Manager Service.
2024-01-30 07:48:51,680 [main] INFO  replication.ReplicationManager (ReplicationManager.java:stop(326)) - Stopping Replication Monitor Thread.
2024-01-30 07:48:51,680 [main] INFO  server.StorageContainerManager (StorageContainerManager.java:stop(1663)) - Stopping the Datanode Admin Monitor.
2024-01-30 07:48:51,680 [ReplicationMonitor] INFO  replication.ReplicationManager (ReplicationManager.java:run(933)) - Replication Monitor Thread is stopped
2024-01-30 07:48:51,680 [main] INFO  server.StorageContainerManager (StorageContainerManager.java:stop(1670)) - Stopping datanode service RPC server
2024-01-30 07:48:51,680 [main] INFO  server.SCMDatanodeProtocolServer (SCMDatanodeProtocolServer.java:stop(425)) - Stopping the RPC server for DataNodes
2024-01-30 07:48:51,680 [main] INFO  ipc.Server (Server.java:stop(3523)) - Stopping server on 15099
2024-01-30 07:48:51,680 [OverReplicatedProcessor] WARN  replication.UnhealthyReplicationProcessor (UnhealthyReplicationProcessor.java:run(180)) - OverReplicatedProcessor interrupted. Exiting...
2024-01-30 07:48:51,680 [UnderReplicatedProcessor] WARN  replication.UnhealthyReplicationProcessor (UnhealthyReplicationProcessor.java:run(180)) - UnderReplicatedProcessor interrupted. Exiting...
2024-01-30 07:48:51,682 [IPC Server listener on 15099] INFO  ipc.Server (Server.java:run(1434)) - Stopping IPC Server listener on 15099
2024-01-30 07:48:51,684 [IPC Server Responder] INFO  ipc.Server (Server.java:run(1567)) - Stopping IPC Server Responder
2024-01-30 07:48:52,253 [SCMHeartbeatProcessor-0] WARN  node.NodeStateManager (NodeStateManager.java:scheduleNextHealthCheck(878)) - Current Thread is interrupted, shutting down HB processing thread for Node Manager.
2024-01-30 07:48:52,253 [main] INFO  server.StorageContainerManager (StorageContainerManager.java:stop(1678)) - Stopping block service RPC server
2024-01-30 07:48:52,254 [main] INFO  server.SCMBlockProtocolServer (SCMBlockProtocolServer.java:stop(169)) - Stopping the RPC server for Block Protocol
2024-01-30 07:48:52,254 [main] INFO  ipc.Server (Server.java:stop(3523)) - Stopping server on 15098
2024-01-30 07:48:52,256 [IPC Server listener on 15098] INFO  ipc.Server (Server.java:run(1434)) - Stopping IPC Server listener on 15098
2024-01-30 07:48:52,256 [IPC Server Responder] INFO  ipc.Server (Server.java:run(1567)) - Stopping IPC Server Responder
2024-01-30 07:48:52,257 [main] INFO  server.StorageContainerManager (StorageContainerManager.java:stop(1685)) - Stopping the StorageContainerLocationProtocol RPC server
2024-01-30 07:48:52,257 [main] INFO  server.SCMClientProtocolServer (SCMClientProtocolServer.java:stop(212)) - Stopping the RPC server for Client Protocol
2024-01-30 07:48:52,257 [main] INFO  ipc.Server (Server.java:stop(3523)) - Stopping server on 15097
2024-01-30 07:48:52,259 [IPC Server listener on 15097] INFO  ipc.Server (Server.java:run(1434)) - Stopping IPC Server listener on 15097
2024-01-30 07:48:52,260 [main] INFO  server.StorageContainerManager (StorageContainerManager.java:stop(1692)) - Stopping Storage Container Manager HTTP server.
2024-01-30 07:48:52,260 [IPC Server Responder] INFO  ipc.Server (Server.java:run(1567)) - Stopping IPC Server Responder
2024-01-30 07:48:52,261 [main] INFO  handler.ContextHandler (ContextHandler.java:doStop(1159)) - Stopped o.e.j.w.WebAppContext@57e3c86e{scm,/,null,STOPPED}{file:/home/runner/work/ozone/ozone/hadoop-ozone/integration-test/target/test-classes/webapps/scm}
2024-01-30 07:48:52,262 [main] INFO  server.AbstractConnector (AbstractConnector.java:doStop(383)) - Stopped ServerConnector@32db2656{HTTP/1.1, (http/1.1)}{0.0.0.0:15100}
2024-01-30 07:48:52,262 [main] INFO  server.session (HouseKeeper.java:stopScavenging(149)) - node0 Stopped scavenging
2024-01-30 07:48:52,262 [main] INFO  handler.ContextHandler (ContextHandler.java:doStop(1159)) - Stopped o.e.j.s.ServletContextHandler@42b3e56b{static,/static,file:///home/runner/work/ozone/ozone/hadoop-ozone/integration-test/target/test-classes/webapps/static,STOPPED}
2024-01-30 07:48:52,262 [main] INFO  handler.ContextHandler (ContextHandler.java:doStop(1159)) - Stopped o.e.j.s.ServletContextHandler@5cc1a0c3{logs,/logs,file:///home/runner/work/ozone/ozone/hadoop-ozone/integration-test/target/log,STOPPED}
2024-01-30 07:48:52,263 [main] INFO  server.StorageContainerManager (StorageContainerManager.java:stop(1700)) - Stopping SCM LayoutVersionManager Service.
2024-01-30 07:48:52,263 [main] INFO  server.StorageContainerManager (StorageContainerManager.java:stop(1712)) - Stopping Block Manager Service.
2024-01-30 07:48:52,263 [main] INFO  utils.BackgroundService (BackgroundService.java:shutdown(160)) - Shutting down service SCMBlockDeletingService
2024-01-30 07:48:52,263 [main] INFO  utils.BackgroundService (BackgroundService.java:shutdown(160)) - Shutting down service SCMBlockDeletingService
2024-01-30 07:48:52,264 [main] INFO  server.StorageContainerManager (StorageContainerManager.java:stop(1732)) - Stopping SCM Event Queue.
2024-01-30 07:48:52,264 [JvmPauseMonitor13] INFO  util.JvmPauseMonitor (JvmPauseMonitor.java:run(152)) - JvmPauseMonitor-2cd2829e-88b7-4bf8-8c32-66fb1e8f6b2d: Stopped
2024-01-30 07:48:52,264 [main] INFO  server.StorageContainerManager (StorageContainerManager.java:stop(1743)) - Stopping SCM HA services.
2024-01-30 07:48:52,265 [main] INFO  pipeline.BackgroundPipelineCreator (BackgroundPipelineCreator.java:stop(152)) - Stopping RatisPipelineUtilsThread.
2024-01-30 07:48:52,265 [RatisPipelineUtilsThread-0] WARN  pipeline.BackgroundPipelineCreator (BackgroundPipelineCreator.java:run(183)) - RatisPipelineUtilsThread is interrupted.
2024-01-30 07:48:52,265 [main] INFO  BackgroundPipelineScrubber (BackgroundSCMService.java:stop(131)) - Stopping BackgroundPipelineScrubber Service.
2024-01-30 07:48:52,265 [BackgroundPipelineScrubber] WARN  BackgroundPipelineScrubber (BackgroundSCMService.java:run(115)) - BackgroundPipelineScrubber is interrupted, exit
2024-01-30 07:48:52,265 [main] INFO  impl.MetricsSystemImpl (MetricsSystemImpl.java:stop(210)) - Stopping HddsDatanode metrics system...
2024-01-30 07:48:52,269 [prometheus] INFO  impl.MetricsSinkAdapter (MetricsSinkAdapter.java:publishMetricsFromQueue(141)) - prometheus thread interrupted.
2024-01-30 07:48:52,269 [main] INFO  impl.MetricsSystemImpl (MetricsSystemImpl.java:stop(216)) - HddsDatanode metrics system stopped.
2024-01-30 07:48:52,269 [main] WARN  pipeline.BackgroundPipelineCreator (BackgroundPipelineCreator.java:stop(148)) - RatisPipelineUtilsThread is not running, just ignore.
2024-01-30 07:48:52,269 [main] INFO  BackgroundPipelineScrubber (BackgroundSCMService.java:stop(126)) - BackgroundPipelineScrubber Service is not running, skip stop.
2024-01-30 07:48:52,270 [ExpiredContainerReplicaOpScrubber] WARN  ExpiredContainerReplicaOpScrubber (BackgroundSCMService.java:run(115)) - ExpiredContainerReplicaOpScrubber is interrupted, exit
2024-01-30 07:48:52,270 [main] INFO  ExpiredContainerReplicaOpScrubber (BackgroundSCMService.java:stop(131)) - Stopping ExpiredContainerReplicaOpScrubber Service.
2024-01-30 07:48:52,270 [main] INFO  utils.BackgroundService (BackgroundService.java:shutdown(160)) - Shutting down service SCMBlockDeletingService
2024-01-30 07:48:52,270 [main] INFO  replication.ReplicationManager (ReplicationManager.java:stop(336)) - Replication Monitor Thread is not running.
2024-01-30 07:48:52,270 [main] WARN  balancer.ContainerBalancer (ContainerBalancer.java:stop(327)) - Cannot stop Container Balancer because it's not running or stopping
2024-01-30 07:48:52,271 [LeaseManager#LeaseMonitor] WARN  lease.LeaseManager (LeaseManager.java:run(287)) - Lease manager is interrupted. Shutting down...
java.lang.InterruptedException
	at java.util.concurrent.locks.AbstractQueuedSynchronizer.doAcquireSharedNanos(AbstractQueuedSynchronizer.java:1039)
	at java.util.concurrent.locks.AbstractQueuedSynchronizer.tryAcquireSharedNanos(AbstractQueuedSynchronizer.java:1328)
	at java.util.concurrent.Semaphore.tryAcquire(Semaphore.java:409)
	at org.apache.hadoop.ozone.lease.LeaseManager$LeaseMonitor.run(LeaseManager.java:285)
	at java.lang.Thread.run(Thread.java:750)
2024-01-30 07:48:52,271 [main] INFO  server.StorageContainerManager (StorageContainerManager.java:stop(1778)) - Stopping SCM MetadataStore.
]]></system-out>
    <system-err><![CDATA[====> testPipelineCreationOnNodeRestart() TIMED OUT. PRINTING THREAD DUMP. <====

Timestamp: 2024-01-30 07:48:28,130

"ForkJoinPool.commonPool-worker-1" daemon prio=5 tid=1939 timed_waiting
java.lang.Thread.State: TIMED_WAITING
        at sun.misc.Unsafe.park(Native Method)
        at java.util.concurrent.ForkJoinPool.awaitWork(ForkJoinPool.java:1824)
        at java.util.concurrent.ForkJoinPool.runWorker(ForkJoinPool.java:1693)
        at java.util.concurrent.ForkJoinWorkerThread.run(ForkJoinWorkerThread.java:175)
"timer4" daemon prio=5 tid=878 timed_waiting
java.lang.Thread.State: TIMED_WAITING
        at java.lang.Object.wait(Native Method)
        at java.util.TimerThread.mainLoop(Timer.java:552)
        at java.util.TimerThread.run(Timer.java:505)
"IPC Client (1276439844) connection to 0.0.0.0/0.0.0.0:15064 from runner" daemon prio=5 tid=1781 timed_waiting
java.lang.Thread.State: TIMED_WAITING
        at java.lang.Object.wait(Native Method)
        at org.apache.hadoop.ipc.Client$Connection.waitForWork(Client.java:1026)
        at org.apache.hadoop.ipc.Client$Connection.run(Client.java:1077)
"b0b6b7fd-b71c-48b9-9e8b-e03541d31df9-NettyServerStreamRpc-bossGroup--thread1"  prio=5 tid=2151 runnable
java.lang.Thread.State: RUNNABLE
        at org.apache.ratis.thirdparty.io.netty.channel.epoll.Native.epollWait(Native Method)
        at org.apache.ratis.thirdparty.io.netty.channel.epoll.Native.epollWait(Native.java:209)
        at org.apache.ratis.thirdparty.io.netty.channel.epoll.Native.epollWait(Native.java:202)
        at org.apache.ratis.thirdparty.io.netty.channel.epoll.EpollEventLoop.epollWaitNoTimerChange(EpollEventLoop.java:316)
        at org.apache.ratis.thirdparty.io.netty.channel.epoll.EpollEventLoop.run(EpollEventLoop.java:373)
        at org.apache.ratis.thirdparty.io.netty.util.concurrent.SingleThreadEventExecutor$4.run(SingleThreadEventExecutor.java:997)
        at org.apache.ratis.thirdparty.io.netty.util.internal.ThreadExecutorMap$2.run(ThreadExecutorMap.java:74)
        at java.lang.Thread.run(Thread.java:750)
"surefire-forkedjvm-ping-30s" daemon prio=5 tid=12 timed_waiting
java.lang.Thread.State: TIMED_WAITING
        at sun.misc.Unsafe.park(Native Method)
        at java.util.concurrent.locks.LockSupport.parkNanos(LockSupport.java:215)
        at java.util.concurrent.locks.AbstractQueuedSynchronizer$ConditionObject.awaitNanos(AbstractQueuedSynchronizer.java:2078)
        at java.util.concurrent.ScheduledThreadPoolExecutor$DelayedWorkQueue.take(ScheduledThreadPoolExecutor.java:1093)
        at java.util.concurrent.ScheduledThreadPoolExecutor$DelayedWorkQueue.take(ScheduledThreadPoolExecutor.java:809)
        at java.util.concurrent.ThreadPoolExecutor.getTask(ThreadPoolExecutor.java:1074)
        at java.util.concurrent.ThreadPoolExecutor.runWorker(ThreadPoolExecutor.java:1134)
        at java.util.concurrent.ThreadPoolExecutor$Worker.run(ThreadPoolExecutor.java:624)
        at java.lang.Thread.run(Thread.java:750)
"d07b3c51-3354-45f5-8abc-ab9fc0487f36@group-8413612DC804-cacheEviction-AwaitToRun" daemon prio=5 tid=1867 in Object.wait()
java.lang.Thread.State: WAITING (on object monitor)
        at sun.misc.Unsafe.park(Native Method)
        at java.util.concurrent.locks.LockSupport.park(LockSupport.java:175)
        at java.util.concurrent.locks.AbstractQueuedSynchronizer$ConditionObject.await(AbstractQueuedSynchronizer.java:2039)
        at org.apache.ratis.util.AwaitForSignal.await(AwaitForSignal.java:48)
        at org.apache.ratis.util.AwaitToRun$RunnableImpl.run(AwaitToRun.java:47)
        at java.lang.Thread.run(Thread.java:750)
"grpc-default-worker-ELG-5-3" daemon prio=5 tid=1847 runnable
java.lang.Thread.State: RUNNABLE
        at org.apache.ratis.thirdparty.io.netty.channel.epoll.Native.epollWait0(Native Method)
        at org.apache.ratis.thirdparty.io.netty.channel.epoll.Native.epollWait(Native.java:182)
        at org.apache.ratis.thirdparty.io.netty.channel.epoll.EpollEventLoop.epollWait(EpollEventLoop.java:312)
        at org.apache.ratis.thirdparty.io.netty.channel.epoll.EpollEventLoop.run(EpollEventLoop.java:376)
        at org.apache.ratis.thirdparty.io.netty.util.concurrent.SingleThreadEventExecutor$4.run(SingleThreadEventExecutor.java:997)
        at org.apache.ratis.thirdparty.io.netty.util.internal.ThreadExecutorMap$2.run(ThreadExecutorMap.java:74)
        at org.apache.ratis.thirdparty.io.netty.util.concurrent.FastThreadLocalRunnable.run(FastThreadLocalRunnable.java:30)
        at java.lang.Thread.run(Thread.java:750)
"grpc-shared-destroyer-0" daemon prio=5 tid=2211 timed_waiting
java.lang.Thread.State: TIMED_WAITING
        at sun.misc.Unsafe.park(Native Method)
        at java.util.concurrent.locks.LockSupport.parkNanos(LockSupport.java:215)
        at java.util.concurrent.locks.AbstractQueuedSynchronizer$ConditionObject.awaitNanos(AbstractQueuedSynchronizer.java:2078)
        at java.util.concurrent.ScheduledThreadPoolExecutor$DelayedWorkQueue.take(ScheduledThreadPoolExecutor.java:1093)
        at java.util.concurrent.ScheduledThreadPoolExecutor$DelayedWorkQueue.take(ScheduledThreadPoolExecutor.java:809)
        at java.util.concurrent.ThreadPoolExecutor.getTask(ThreadPoolExecutor.java:1074)
        at java.util.concurrent.ThreadPoolExecutor.runWorker(ThreadPoolExecutor.java:1134)
        at java.util.concurrent.ThreadPoolExecutor$Worker.run(ThreadPoolExecutor.java:624)
        at java.lang.Thread.run(Thread.java:750)
"d07b3c51-3354-45f5-8abc-ab9fc0487f36@group-8413612DC804-StateMachineUpdater" daemon prio=5 tid=1872 timed_waiting
java.lang.Thread.State: TIMED_WAITING
        at sun.misc.Unsafe.park(Native Method)
        at java.util.concurrent.locks.LockSupport.parkNanos(LockSupport.java:215)
        at java.util.concurrent.locks.AbstractQueuedSynchronizer$ConditionObject.await(AbstractQueuedSynchronizer.java:2163)
        at org.apache.ratis.util.AwaitForSignal.await(AwaitForSignal.java:65)
        at org.apache.ratis.server.impl.StateMachineUpdater.waitForCommit(StateMachineUpdater.java:211)
        at org.apache.ratis.server.impl.StateMachineUpdater.run(StateMachineUpdater.java:180)
        at java.lang.Thread.run(Thread.java:750)
"d07b3c51-3354-45f5-8abc-ab9fc0487f36-ChunkReader-ELG-0" daemon prio=5 tid=1791 runnable
java.lang.Thread.State: RUNNABLE
        at org.apache.ratis.thirdparty.io.netty.channel.epoll.Native.epollWait(Native Method)
        at org.apache.ratis.thirdparty.io.netty.channel.epoll.Native.epollWait(Native.java:209)
        at org.apache.ratis.thirdparty.io.netty.channel.epoll.Native.epollWait(Native.java:202)
        at org.apache.ratis.thirdparty.io.netty.channel.epoll.EpollEventLoop.epollWaitNoTimerChange(EpollEventLoop.java:316)
        at org.apache.ratis.thirdparty.io.netty.channel.epoll.EpollEventLoop.run(EpollEventLoop.java:373)
        at org.apache.ratis.thirdparty.io.netty.util.concurrent.SingleThreadEventExecutor$4.run(SingleThreadEventExecutor.java:997)
        at org.apache.ratis.thirdparty.io.netty.util.internal.ThreadExecutorMap$2.run(ThreadExecutorMap.java:74)
        at java.lang.Thread.run(Thread.java:750)
"grpc-default-boss-ELG-4-1" daemon prio=5 tid=1650 runnable
java.lang.Thread.State: RUNNABLE
        at org.apache.ratis.thirdparty.io.netty.channel.epoll.Native.epollWait(Native Method)
        at org.apache.ratis.thirdparty.io.netty.channel.epoll.Native.epollWait(Native.java:209)
        at org.apache.ratis.thirdparty.io.netty.channel.epoll.Native.epollWait(Native.java:202)
        at org.apache.ratis.thirdparty.io.netty.channel.epoll.EpollEventLoop.epollWaitNoTimerChange(EpollEventLoop.java:316)
        at org.apache.ratis.thirdparty.io.netty.channel.epoll.EpollEventLoop.run(EpollEventLoop.java:373)
        at org.apache.ratis.thirdparty.io.netty.util.concurrent.SingleThreadEventExecutor$4.run(SingleThreadEventExecutor.java:997)
        at org.apache.ratis.thirdparty.io.netty.util.internal.ThreadExecutorMap$2.run(ThreadExecutorMap.java:74)
        at org.apache.ratis.thirdparty.io.netty.util.concurrent.FastThreadLocalRunnable.run(FastThreadLocalRunnable.java:30)
        at java.lang.Thread.run(Thread.java:750)
"ce491c53-a544-4921-9edd-2ea5f993f9d2-NettyServerStreamRpc-bossGroup--thread1"  prio=5 tid=2181 runnable
java.lang.Thread.State: RUNNABLE
        at org.apache.ratis.thirdparty.io.netty.channel.epoll.Native.epollWait(Native Method)
        at org.apache.ratis.thirdparty.io.netty.channel.epoll.Native.epollWait(Native.java:209)
        at org.apache.ratis.thirdparty.io.netty.channel.epoll.Native.epollWait(Native.java:202)
        at org.apache.ratis.thirdparty.io.netty.channel.epoll.EpollEventLoop.epollWaitNoTimerChange(EpollEventLoop.java:316)
        at org.apache.ratis.thirdparty.io.netty.channel.epoll.EpollEventLoop.run(EpollEventLoop.java:373)
        at org.apache.ratis.thirdparty.io.netty.util.concurrent.SingleThreadEventExecutor$4.run(SingleThreadEventExecutor.java:997)
        at org.apache.ratis.thirdparty.io.netty.util.internal.ThreadExecutorMap$2.run(ThreadExecutorMap.java:74)
        at java.lang.Thread.run(Thread.java:750)
"grpc-default-executor-9" daemon prio=5 tid=2026 timed_waiting
java.lang.Thread.State: TIMED_WAITING
        at sun.misc.Unsafe.park(Native Method)
        at java.util.concurrent.locks.LockSupport.parkNanos(LockSupport.java:215)
        at java.util.concurrent.SynchronousQueue$TransferStack.awaitFulfill(SynchronousQueue.java:460)
        at java.util.concurrent.SynchronousQueue$TransferStack.transfer(SynchronousQueue.java:362)
        at java.util.concurrent.SynchronousQueue.poll(SynchronousQueue.java:941)
        at java.util.concurrent.ThreadPoolExecutor.getTask(ThreadPoolExecutor.java:1073)
        at java.util.concurrent.ThreadPoolExecutor.runWorker(ThreadPoolExecutor.java:1134)
        at java.util.concurrent.ThreadPoolExecutor$Worker.run(ThreadPoolExecutor.java:624)
        at java.lang.Thread.run(Thread.java:750)
"surefire-forkedjvm-command-thread" daemon prio=5 tid=11 runnable
java.lang.Thread.State: RUNNABLE
        at java.io.FileInputStream.readBytes(Native Method)
        at java.io.FileInputStream.read(FileInputStream.java:255)
        at java.io.BufferedInputStream.read1(BufferedInputStream.java:284)
        at java.io.BufferedInputStream.read(BufferedInputStream.java:345)
        at java.io.BufferedInputStream.fill(BufferedInputStream.java:246)
        at java.io.BufferedInputStream.read1(BufferedInputStream.java:286)
        at java.io.BufferedInputStream.read(BufferedInputStream.java:345)
        at org.apache.maven.surefire.api.util.internal.Channels$3.readImpl(Channels.java:214)
        at org.apache.maven.surefire.api.util.internal.AbstractNoninterruptibleReadableChannel.read(AbstractNoninterruptibleReadableChannel.java:54)
        at org.apache.maven.surefire.booter.spi.LegacyMasterProcessChannelDecoder.decode(LegacyMasterProcessChannelDecoder.java:80)
        at org.apache.maven.surefire.booter.CommandReader$CommandRunnable.run(CommandReader.java:343)
        at java.lang.Thread.run(Thread.java:750)
"grpc-default-worker-ELG-5-4" daemon prio=5 tid=1848 runnable
java.lang.Thread.State: RUNNABLE
        at org.apache.ratis.thirdparty.io.netty.channel.epoll.Native.epollWait(Native Method)
        at org.apache.ratis.thirdparty.io.netty.channel.epoll.Native.epollWait(Native.java:209)
        at org.apache.ratis.thirdparty.io.netty.channel.epoll.Native.epollWait(Native.java:202)
        at org.apache.ratis.thirdparty.io.netty.channel.epoll.EpollEventLoop.epollWaitNoTimerChange(EpollEventLoop.java:316)
        at org.apache.ratis.thirdparty.io.netty.channel.epoll.EpollEventLoop.run(EpollEventLoop.java:373)
        at org.apache.ratis.thirdparty.io.netty.util.concurrent.SingleThreadEventExecutor$4.run(SingleThreadEventExecutor.java:997)
        at org.apache.ratis.thirdparty.io.netty.util.internal.ThreadExecutorMap$2.run(ThreadExecutorMap.java:74)
        at org.apache.ratis.thirdparty.io.netty.util.concurrent.FastThreadLocalRunnable.run(FastThreadLocalRunnable.java:30)
        at java.lang.Thread.run(Thread.java:750)
"grpc-default-worker-ELG-5-1" daemon prio=5 tid=1844 runnable
java.lang.Thread.State: RUNNABLE
        at org.apache.ratis.thirdparty.io.netty.channel.epoll.Native.epollWait(Native Method)
        at org.apache.ratis.thirdparty.io.netty.channel.epoll.Native.epollWait(Native.java:209)
        at org.apache.ratis.thirdparty.io.netty.channel.epoll.Native.epollWait(Native.java:202)
        at org.apache.ratis.thirdparty.io.netty.channel.epoll.EpollEventLoop.epollWaitNoTimerChange(EpollEventLoop.java:316)
        at org.apache.ratis.thirdparty.io.netty.channel.epoll.EpollEventLoop.run(EpollEventLoop.java:373)
        at org.apache.ratis.thirdparty.io.netty.util.concurrent.SingleThreadEventExecutor$4.run(SingleThreadEventExecutor.java:997)
        at org.apache.ratis.thirdparty.io.netty.util.internal.ThreadExecutorMap$2.run(ThreadExecutorMap.java:74)
        at org.apache.ratis.thirdparty.io.netty.util.concurrent.FastThreadLocalRunnable.run(FastThreadLocalRunnable.java:30)
        at java.lang.Thread.run(Thread.java:750)
"ForkJoinPool.commonPool-worker-0" daemon prio=5 tid=879 in Object.wait()
java.lang.Thread.State: WAITING (on object monitor)
        at sun.misc.Unsafe.park(Native Method)
        at java.util.concurrent.ForkJoinPool.awaitWork(ForkJoinPool.java:1824)
        at java.util.concurrent.ForkJoinPool.runWorker(ForkJoinPool.java:1693)
        at java.util.concurrent.ForkJoinWorkerThread.run(ForkJoinWorkerThread.java:175)
"timer7" daemon prio=5 tid=908 timed_waiting
java.lang.Thread.State: TIMED_WAITING
        at java.lang.Object.wait(Native Method)
        at java.util.TimerThread.mainLoop(Timer.java:552)
        at java.util.TimerThread.run(Timer.java:505)
"IPC Parameter Sending Thread for 0.0.0.0/0.0.0.0:15064" daemon prio=5 tid=1782 timed_waiting
java.lang.Thread.State: TIMED_WAITING
        at sun.misc.Unsafe.park(Native Method)
        at java.util.concurrent.locks.LockSupport.parkNanos(LockSupport.java:215)
        at java.util.concurrent.SynchronousQueue$TransferQueue.awaitFulfill(SynchronousQueue.java:764)
        at java.util.concurrent.SynchronousQueue$TransferQueue.transfer(SynchronousQueue.java:695)
        at java.util.concurrent.SynchronousQueue.poll(SynchronousQueue.java:941)
        at org.apache.hadoop.ipc.Client$Connection$RpcRequestSender.run(Client.java:1105)
        at java.lang.Thread.run(Thread.java:750)
"d07b3c51-3354-45f5-8abc-ab9fc0487f36-groupManagement"  prio=5 tid=2123 in Object.wait()
java.lang.Thread.State: WAITING (on object monitor)
        at sun.misc.Unsafe.park(Native Method)
        at java.util.concurrent.locks.LockSupport.park(LockSupport.java:175)
        at java.util.concurrent.locks.AbstractQueuedSynchronizer$ConditionObject.await(AbstractQueuedSynchronizer.java:2039)
        at java.util.concurrent.LinkedBlockingQueue.take(LinkedBlockingQueue.java:442)
        at java.util.concurrent.ThreadPoolExecutor.getTask(ThreadPoolExecutor.java:1074)
        at java.util.concurrent.ThreadPoolExecutor.runWorker(ThreadPoolExecutor.java:1134)
        at java.util.concurrent.ThreadPoolExecutor$Worker.run(ThreadPoolExecutor.java:624)
        at java.lang.Thread.run(Thread.java:750)
"b0b6b7fd-b71c-48b9-9e8b-e03541d31df9-impl-thread1"  prio=5 tid=2152 timed_waiting
java.lang.Thread.State: TIMED_WAITING
        at sun.misc.Unsafe.park(Native Method)
        at java.util.concurrent.locks.LockSupport.parkNanos(LockSupport.java:215)
        at java.util.concurrent.SynchronousQueue$TransferStack.awaitFulfill(SynchronousQueue.java:460)
        at java.util.concurrent.SynchronousQueue$TransferStack.transfer(SynchronousQueue.java:362)
        at java.util.concurrent.SynchronousQueue.poll(SynchronousQueue.java:941)
        at java.util.concurrent.ThreadPoolExecutor.getTask(ThreadPoolExecutor.java:1073)
        at java.util.concurrent.ThreadPoolExecutor.runWorker(ThreadPoolExecutor.java:1134)
        at java.util.concurrent.ThreadPoolExecutor$Worker.run(ThreadPoolExecutor.java:624)
        at java.lang.Thread.run(Thread.java:750)
"process reaper" daemon prio=10 tid=13 timed_waiting
java.lang.Thread.State: TIMED_WAITING
        at sun.misc.Unsafe.park(Native Method)
        at java.util.concurrent.locks.LockSupport.parkNanos(LockSupport.java:215)
        at java.util.concurrent.SynchronousQueue$TransferStack.awaitFulfill(SynchronousQueue.java:460)
        at java.util.concurrent.SynchronousQueue$TransferStack.transfer(SynchronousQueue.java:362)
        at java.util.concurrent.SynchronousQueue.poll(SynchronousQueue.java:941)
        at java.util.concurrent.ThreadPoolExecutor.getTask(ThreadPoolExecutor.java:1073)
        at java.util.concurrent.ThreadPoolExecutor.runWorker(ThreadPoolExecutor.java:1134)
        at java.util.concurrent.ThreadPoolExecutor$Worker.run(ThreadPoolExecutor.java:624)
        at java.lang.Thread.run(Thread.java:750)
"d07b3c51-3354-45f5-8abc-ab9fc0487f36-impl-thread1"  prio=5 tid=2122 timed_waiting
java.lang.Thread.State: TIMED_WAITING
        at sun.misc.Unsafe.park(Native Method)
        at java.util.concurrent.locks.LockSupport.parkNanos(LockSupport.java:215)
        at java.util.concurrent.SynchronousQueue$TransferStack.awaitFulfill(SynchronousQueue.java:460)
        at java.util.concurrent.SynchronousQueue$TransferStack.transfer(SynchronousQueue.java:362)
        at java.util.concurrent.SynchronousQueue.poll(SynchronousQueue.java:941)
        at java.util.concurrent.ThreadPoolExecutor.getTask(ThreadPoolExecutor.java:1073)
        at java.util.concurrent.ThreadPoolExecutor.runWorker(ThreadPoolExecutor.java:1134)
        at java.util.concurrent.ThreadPoolExecutor$Worker.run(ThreadPoolExecutor.java:624)
        at java.lang.Thread.run(Thread.java:750)
"d07b3c51-3354-45f5-8abc-ab9fc0487f36@group-8413612DC804-SegmentedRaftLogWorker"  prio=5 tid=1868 timed_waiting
java.lang.Thread.State: TIMED_WAITING
        at sun.misc.Unsafe.park(Native Method)
        at java.util.concurrent.locks.LockSupport.parkNanos(LockSupport.java:215)
        at java.util.concurrent.locks.AbstractQueuedSynchronizer$ConditionObject.awaitNanos(AbstractQueuedSynchronizer.java:2078)
        at org.apache.ratis.util.DataBlockingQueue.poll(DataBlockingQueue.java:148)
        at org.apache.ratis.server.raftlog.segmented.SegmentedRaftLogWorker.run(SegmentedRaftLogWorker.java:299)
        at org.apache.ratis.server.raftlog.segmented.SegmentedRaftLogWorker$$Lambda$941/1636509071.run(Unknown Source)
        at java.util.concurrent.Executors$RunnableAdapter.call(Executors.java:511)
        at java.util.concurrent.FutureTask.run(FutureTask.java:266)
        at java.util.concurrent.ThreadPoolExecutor.runWorker(ThreadPoolExecutor.java:1149)
        at java.util.concurrent.ThreadPoolExecutor$Worker.run(ThreadPoolExecutor.java:624)
        at java.lang.Thread.run(Thread.java:750)
"b0b6b7fd-b71c-48b9-9e8b-e03541d31df9-groupManagement"  prio=5 tid=2153 in Object.wait()
java.lang.Thread.State: WAITING (on object monitor)
        at sun.misc.Unsafe.park(Native Method)
        at java.util.concurrent.locks.LockSupport.park(LockSupport.java:175)
        at java.util.concurrent.locks.AbstractQueuedSynchronizer$ConditionObject.await(AbstractQueuedSynchronizer.java:2039)
        at java.util.concurrent.LinkedBlockingQueue.take(LinkedBlockingQueue.java:442)
        at java.util.concurrent.ThreadPoolExecutor.getTask(ThreadPoolExecutor.java:1074)
        at java.util.concurrent.ThreadPoolExecutor.runWorker(ThreadPoolExecutor.java:1134)
        at java.util.concurrent.ThreadPoolExecutor$Worker.run(ThreadPoolExecutor.java:624)
        at java.lang.Thread.run(Thread.java:750)
"grpc-default-executor-6" daemon prio=5 tid=2023 timed_waiting
java.lang.Thread.State: TIMED_WAITING
        at sun.misc.Unsafe.park(Native Method)
        at java.util.concurrent.locks.LockSupport.parkNanos(LockSupport.java:215)
        at java.util.concurrent.SynchronousQueue$TransferStack.awaitFulfill(SynchronousQueue.java:460)
        at java.util.concurrent.SynchronousQueue$TransferStack.transfer(SynchronousQueue.java:362)
        at java.util.concurrent.SynchronousQueue.poll(SynchronousQueue.java:941)
        at java.util.concurrent.ThreadPoolExecutor.getTask(ThreadPoolExecutor.java:1073)
        at java.util.concurrent.ThreadPoolExecutor.runWorker(ThreadPoolExecutor.java:1134)
        at java.util.concurrent.ThreadPoolExecutor$Worker.run(ThreadPoolExecutor.java:624)
        at java.lang.Thread.run(Thread.java:750)
"d07b3c51-3354-45f5-8abc-ab9fc0487f36-NettyServerStreamRpc-bossGroup--thread1"  prio=5 tid=2121 runnable
java.lang.Thread.State: RUNNABLE
        at org.apache.ratis.thirdparty.io.netty.channel.epoll.Native.epollWait(Native Method)
        at org.apache.ratis.thirdparty.io.netty.channel.epoll.Native.epollWait(Native.java:209)
        at org.apache.ratis.thirdparty.io.netty.channel.epoll.Native.epollWait(Native.java:202)
        at org.apache.ratis.thirdparty.io.netty.channel.epoll.EpollEventLoop.epollWaitNoTimerChange(EpollEventLoop.java:316)
        at org.apache.ratis.thirdparty.io.netty.channel.epoll.EpollEventLoop.run(EpollEventLoop.java:373)
        at org.apache.ratis.thirdparty.io.netty.util.concurrent.SingleThreadEventExecutor$4.run(SingleThreadEventExecutor.java:997)
        at org.apache.ratis.thirdparty.io.netty.util.internal.ThreadExecutorMap$2.run(ThreadExecutorMap.java:74)
        at java.lang.Thread.run(Thread.java:750)
"om1@group-C5BA1605619E-LeaderStateImpl" daemon prio=5 tid=1778 timed_waiting
java.lang.Thread.State: TIMED_WAITING
        at sun.misc.Unsafe.park(Native Method)
        at java.util.concurrent.locks.LockSupport.parkNanos(LockSupport.java:215)
        at java.util.concurrent.locks.AbstractQueuedSynchronizer$ConditionObject.awaitNanos(AbstractQueuedSynchronizer.java:2078)
        at java.util.concurrent.ArrayBlockingQueue.poll(ArrayBlockingQueue.java:418)
        at org.apache.ratis.server.impl.LeaderStateImpl$EventQueue.poll(LeaderStateImpl.java:164)
        at org.apache.ratis.server.impl.LeaderStateImpl$EventProcessor.run(LeaderStateImpl.java:762)
"d07b3c51-3354-45f5-8abc-ab9fc0487f36-impl-thread1"  prio=5 tid=1693 in Object.wait()
java.lang.Thread.State: WAITING (on object monitor)
        at sun.misc.Unsafe.park(Native Method)
        at java.util.concurrent.locks.LockSupport.park(LockSupport.java:175)
        at java.util.concurrent.CompletableFuture$Signaller.block(CompletableFuture.java:1707)
        at java.util.concurrent.ForkJoinPool.managedBlock(ForkJoinPool.java:3323)
        at java.util.concurrent.CompletableFuture.waitingGet(CompletableFuture.java:1742)
        at java.util.concurrent.CompletableFuture.join(CompletableFuture.java:1947)
        at org.apache.ratis.server.impl.RaftServerImpl.lambda$close$3(RaftServerImpl.java:543)
        at org.apache.ratis.server.impl.RaftServerImpl$$Lambda$1493/1410465914.run(Unknown Source)
        at org.apache.ratis.util.LifeCycle.lambda$checkStateAndClose$7(LifeCycle.java:306)
        at org.apache.ratis.util.LifeCycle$$Lambda$1138/2106110581.get(Unknown Source)
        at org.apache.ratis.util.LifeCycle.checkStateAndClose(LifeCycle.java:326)
        at org.apache.ratis.util.LifeCycle.checkStateAndClose(LifeCycle.java:304)
        at org.apache.ratis.server.impl.RaftServerImpl.close(RaftServerImpl.java:525)
        at org.apache.ratis.server.impl.RaftServerProxy$ImplMap.close(RaftServerProxy.java:136)
        at org.apache.ratis.server.impl.RaftServerProxy$ImplMap.lambda$close$0(RaftServerProxy.java:123)
        at org.apache.ratis.server.impl.RaftServerProxy$ImplMap$$Lambda$1491/770100565.accept(Unknown Source)
        at org.apache.ratis.util.ConcurrentUtils.accept(ConcurrentUtils.java:203)
        at org.apache.ratis.util.ConcurrentUtils.lambda$null$4(ConcurrentUtils.java:182)
        at org.apache.ratis.util.ConcurrentUtils$$Lambda$788/1398608621.run(Unknown Source)
        at java.util.concurrent.ThreadPoolExecutor.runWorker(ThreadPoolExecutor.java:1149)
        at java.util.concurrent.ThreadPoolExecutor$Worker.run(ThreadPoolExecutor.java:624)
        at java.lang.Thread.run(Thread.java:750)
"grpc-default-executor-7" daemon prio=5 tid=2024 timed_waiting
java.lang.Thread.State: TIMED_WAITING
        at sun.misc.Unsafe.park(Native Method)
        at java.util.concurrent.locks.LockSupport.parkNanos(LockSupport.java:215)
        at java.util.concurrent.SynchronousQueue$TransferStack.awaitFulfill(SynchronousQueue.java:460)
        at java.util.concurrent.SynchronousQueue$TransferStack.transfer(SynchronousQueue.java:362)
        at java.util.concurrent.SynchronousQueue.poll(SynchronousQueue.java:941)
        at java.util.concurrent.ThreadPoolExecutor.getTask(ThreadPoolExecutor.java:1073)
        at java.util.concurrent.ThreadPoolExecutor.runWorker(ThreadPoolExecutor.java:1134)
        at java.util.concurrent.ThreadPoolExecutor$Worker.run(ThreadPoolExecutor.java:624)
        at java.lang.Thread.run(Thread.java:750)
"ce491c53-a544-4921-9edd-2ea5f993f9d2-impl-thread1"  prio=5 tid=2182 timed_waiting
java.lang.Thread.State: TIMED_WAITING
        at sun.misc.Unsafe.park(Native Method)
        at java.util.concurrent.locks.LockSupport.parkNanos(LockSupport.java:215)
        at java.util.concurrent.SynchronousQueue$TransferStack.awaitFulfill(SynchronousQueue.java:460)
        at java.util.concurrent.SynchronousQueue$TransferStack.transfer(SynchronousQueue.java:362)
        at java.util.concurrent.SynchronousQueue.poll(SynchronousQueue.java:941)
        at java.util.concurrent.ThreadPoolExecutor.getTask(ThreadPoolExecutor.java:1073)
        at java.util.concurrent.ThreadPoolExecutor.runWorker(ThreadPoolExecutor.java:1134)
        at java.util.concurrent.ThreadPoolExecutor$Worker.run(ThreadPoolExecutor.java:624)
        at java.lang.Thread.run(Thread.java:750)
"grpc-default-executor-8" daemon prio=5 tid=2025 timed_waiting
java.lang.Thread.State: TIMED_WAITING
        at sun.misc.Unsafe.park(Native Method)
        at java.util.concurrent.locks.LockSupport.parkNanos(LockSupport.java:215)
        at java.util.concurrent.SynchronousQueue$TransferStack.awaitFulfill(SynchronousQueue.java:460)
        at java.util.concurrent.SynchronousQueue$TransferStack.transfer(SynchronousQueue.java:362)
        at java.util.concurrent.SynchronousQueue.poll(SynchronousQueue.java:941)
        at java.util.concurrent.ThreadPoolExecutor.getTask(ThreadPoolExecutor.java:1073)
        at java.util.concurrent.ThreadPoolExecutor.runWorker(ThreadPoolExecutor.java:1134)
        at java.util.concurrent.ThreadPoolExecutor$Worker.run(ThreadPoolExecutor.java:624)
        at java.lang.Thread.run(Thread.java:750)
"ForkJoinPool.commonPool-worker-2" daemon prio=5 tid=2248 in Object.wait()
java.lang.Thread.State: WAITING (on object monitor)
        at sun.misc.Unsafe.park(Native Method)
        at java.util.concurrent.ForkJoinPool.awaitWork(ForkJoinPool.java:1824)
        at java.util.concurrent.ForkJoinPool.runWorker(ForkJoinPool.java:1693)
        at java.util.concurrent.ForkJoinWorkerThread.run(ForkJoinWorkerThread.java:175)
"main"  prio=5 tid=1 runnable
java.lang.Thread.State: RUNNABLE
        at java.lang.Thread.dumpThreads(Native Method)
        at java.lang.Thread.getAllStackTraces(Thread.java:1615)
        at org.apache.ozone.test.TimedOutTestsListener.buildThreadDump(TimedOutTestsListener.java:83)
        at org.apache.ozone.test.TimedOutTestsListener.buildThreadDiagnosticString(TimedOutTestsListener.java:69)
        at org.apache.ozone.test.TimedOutTestsListener.lambda$executionFinished$0(TimedOutTestsListener.java:55)
        at org.apache.ozone.test.TimedOutTestsListener$$Lambda$1629/1686003716.accept(Unknown Source)
        at java.util.Optional.ifPresent(Optional.java:159)
        at org.apache.ozone.test.TimedOutTestsListener.executionFinished(TimedOutTestsListener.java:51)
        at org.junit.platform.launcher.core.CompositeTestExecutionListener.lambda$executionFinished$10(CompositeTestExecutionListener.java:73)
        at org.junit.platform.launcher.core.CompositeTestExecutionListener$$Lambda$1584/398288871.accept(Unknown Source)
        at org.junit.platform.launcher.core.CompositeTestExecutionListener.lambda$notifyEach$19(CompositeTestExecutionListener.java:102)
        at org.junit.platform.launcher.core.CompositeTestExecutionListener$$Lambda$249/1201484275.accept(Unknown Source)
        at org.junit.platform.commons.util.CollectionUtils.forEachInReverseOrder(CollectionUtils.java:221)
        at org.junit.platform.launcher.core.IterationOrder$2.forEach(IterationOrder.java:30)
        at org.junit.platform.launcher.core.CompositeTestExecutionListener.notifyEach(CompositeTestExecutionListener.java:100)
        at org.junit.platform.launcher.core.CompositeTestExecutionListener.executionFinished(CompositeTestExecutionListener.java:72)
        at org.junit.platform.launcher.core.ExecutionListenerAdapter.executionFinished(ExecutionListenerAdapter.java:56)
        at org.junit.platform.launcher.core.CompositeEngineExecutionListener.lambda$executionFinished$6(CompositeEngineExecutionListener.java:59)
        at org.junit.platform.launcher.core.CompositeEngineExecutionListener$$Lambda$1575/172119225.accept(Unknown Source)
        at org.junit.platform.launcher.core.CompositeEngineExecutionListener.lambda$notifyEach$11(CompositeEngineExecutionListener.java:74)
        at org.junit.platform.launcher.core.CompositeEngineExecutionListener$$Lambda$298/607207372.accept(Unknown Source)
        at org.junit.platform.commons.util.CollectionUtils.forEachInReverseOrder(CollectionUtils.java:221)
        at org.junit.platform.launcher.core.IterationOrder$2.forEach(IterationOrder.java:30)
        at org.junit.platform.launcher.core.CompositeEngineExecutionListener.notifyEach(CompositeEngineExecutionListener.java:72)
        at org.junit.platform.launcher.core.CompositeEngineExecutionListener.executionFinished(CompositeEngineExecutionListener.java:58)
        at org.junit.platform.launcher.core.DelegatingEngineExecutionListener.executionFinished(DelegatingEngineExecutionListener.java:46)
        at org.junit.platform.launcher.core.StackTracePruningEngineExecutionListener.executionFinished(StackTracePruningEngineExecutionListener.java:46)
        at org.junit.platform.launcher.core.DelegatingEngineExecutionListener.executionFinished(DelegatingEngineExecutionListener.java:46)
        at org.junit.platform.launcher.core.OutcomeDelayingEngineExecutionListener.executionFinished(OutcomeDelayingEngineExecutionListener.java:63)
        at org.junit.platform.engine.support.hierarchical.NodeTestTask.reportCompletion(NodeTestTask.java:195)
        at org.junit.platform.engine.support.hierarchical.NodeTestTask.execute(NodeTestTask.java:100)
        at org.junit.platform.engine.support.hierarchical.SameThreadHierarchicalTestExecutorService$$Lambda$323/1977310713.accept(Unknown Source)
        at java.util.ArrayList.forEach(ArrayList.java:1259)
        at org.junit.platform.engine.support.hierarchical.SameThreadHierarchicalTestExecutorService.invokeAll(SameThreadHierarchicalTestExecutorService.java:41)
        at org.junit.platform.engine.support.hierarchical.NodeTestTask.lambda$executeRecursively$6(NodeTestTask.java:155)
        at org.junit.platform.engine.support.hierarchical.NodeTestTask$$Lambda$319/1487500813.execute(Unknown Source)
        at org.junit.platform.engine.support.hierarchical.ThrowableCollector.execute(ThrowableCollector.java:73)
        at org.junit.platform.engine.support.hierarchical.NodeTestTask.lambda$executeRecursively$8(NodeTestTask.java:141)
        at org.junit.platform.engine.support.hierarchical.NodeTestTask$$Lambda$318/1966124444.invoke(Unknown Source)
        at org.junit.platform.engine.support.hierarchical.Node.around(Node.java:137)
        at org.junit.platform.engine.support.hierarchical.NodeTestTask.lambda$executeRecursively$9(NodeTestTask.java:139)
        at org.junit.platform.engine.support.hierarchical.NodeTestTask$$Lambda$317/1010670443.execute(Unknown Source)
        at org.junit.platform.engine.support.hierarchical.ThrowableCollector.execute(ThrowableCollector.java:73)
        at org.junit.platform.engine.support.hierarchical.NodeTestTask.executeRecursively(NodeTestTask.java:138)
        at org.junit.platform.engine.support.hierarchical.NodeTestTask.execute(NodeTestTask.java:95)
        at org.junit.platform.engine.support.hierarchical.SameThreadHierarchicalTestExecutorService$$Lambda$323/1977310713.accept(Unknown Source)
        at java.util.ArrayList.forEach(ArrayList.java:1259)
        at org.junit.platform.engine.support.hierarchical.SameThreadHierarchicalTestExecutorService.invokeAll(SameThreadHierarchicalTestExecutorService.java:41)
        at org.junit.platform.engine.support.hierarchical.NodeTestTask.lambda$executeRecursively$6(NodeTestTask.java:155)
        at org.junit.platform.engine.support.hierarchical.NodeTestTask$$Lambda$319/1487500813.execute(Unknown Source)
        at org.junit.platform.engine.support.hierarchical.ThrowableCollector.execute(ThrowableCollector.java:73)
        at org.junit.platform.engine.support.hierarchical.NodeTestTask.lambda$executeRecursively$8(NodeTestTask.java:141)
        at org.junit.platform.engine.support.hierarchical.NodeTestTask$$Lambda$318/1966124444.invoke(Unknown Source)
        at org.junit.platform.engine.support.hierarchical.Node.around(Node.java:137)
        at org.junit.platform.engine.support.hierarchical.NodeTestTask.lambda$executeRecursively$9(NodeTestTask.java:139)
        at org.junit.platform.engine.support.hierarchical.NodeTestTask$$Lambda$317/1010670443.execute(Unknown Source)
        at org.junit.platform.engine.support.hierarchical.ThrowableCollector.execute(ThrowableCollector.java:73)
        at org.junit.platform.engine.support.hierarchical.NodeTestTask.executeRecursively(NodeTestTask.java:138)
        at org.junit.platform.engine.support.hierarchical.NodeTestTask.execute(NodeTestTask.java:95)
        at org.junit.platform.engine.support.hierarchical.SameThreadHierarchicalTestExecutorService.submit(SameThreadHierarchicalTestExecutorService.java:35)
        at org.junit.platform.engine.support.hierarchical.HierarchicalTestExecutor.execute(HierarchicalTestExecutor.java:57)
        at org.junit.platform.engine.support.hierarchical.HierarchicalTestEngine.execute(HierarchicalTestEngine.java:54)
        at org.junit.platform.launcher.core.EngineExecutionOrchestrator.execute(EngineExecutionOrchestrator.java:198)
        at org.junit.platform.launcher.core.EngineExecutionOrchestrator.execute(EngineExecutionOrchestrator.java:169)
        at org.junit.platform.launcher.core.EngineExecutionOrchestrator.execute(EngineExecutionOrchestrator.java:93)
        at org.junit.platform.launcher.core.EngineExecutionOrchestrator.lambda$execute$0(EngineExecutionOrchestrator.java:58)
        at org.junit.platform.launcher.core.EngineExecutionOrchestrator$$Lambda$237/904861801.accept(Unknown Source)
        at org.junit.platform.launcher.core.EngineExecutionOrchestrator.withInterceptedStreams(EngineExecutionOrchestrator.java:141)
        at org.junit.platform.launcher.core.EngineExecutionOrchestrator.execute(EngineExecutionOrchestrator.java:57)
        at org.junit.platform.launcher.core.DefaultLauncher.execute(DefaultLauncher.java:103)
        at org.junit.platform.launcher.core.DefaultLauncher.execute(DefaultLauncher.java:85)
        at org.junit.platform.launcher.core.DelegatingLauncher.execute(DelegatingLauncher.java:47)
        at org.junit.platform.launcher.core.SessionPerRequestLauncher.execute(SessionPerRequestLauncher.java:63)
        at org.apache.maven.surefire.junitplatform.JUnitPlatformProvider.execute(JUnitPlatformProvider.java:188)
        at org.apache.maven.surefire.junitplatform.JUnitPlatformProvider.invokeAllTests(JUnitPlatformProvider.java:154)
        at org.apache.maven.surefire.junitplatform.JUnitPlatformProvider.invoke(JUnitPlatformProvider.java:124)
        at org.apache.maven.surefire.booter.ForkedBooter.runSuitesInProcess(ForkedBooter.java:428)
        at org.apache.maven.surefire.booter.ForkedBooter.execute(ForkedBooter.java:162)
        at org.apache.maven.surefire.booter.ForkedBooter.run(ForkedBooter.java:562)
        at org.apache.maven.surefire.booter.ForkedBooter.main(ForkedBooter.java:548)
"Reference Handler" daemon prio=10 tid=2 in Object.wait()
java.lang.Thread.State: WAITING (on object monitor)
        at java.lang.Object.wait(Native Method)
        at java.lang.Object.wait(Object.java:502)
        at java.lang.ref.Reference.tryHandlePending(Reference.java:191)
        at java.lang.ref.Reference$ReferenceHandler.run(Reference.java:153)
"Signal Dispatcher" daemon prio=9 tid=4 runnable
java.lang.Thread.State: RUNNABLE
"ce491c53-a544-4921-9edd-2ea5f993f9d2-groupManagement"  prio=5 tid=2183 in Object.wait()
java.lang.Thread.State: WAITING (on object monitor)
        at sun.misc.Unsafe.park(Native Method)
        at java.util.concurrent.locks.LockSupport.park(LockSupport.java:175)
        at java.util.concurrent.locks.AbstractQueuedSynchronizer$ConditionObject.await(AbstractQueuedSynchronizer.java:2039)
        at java.util.concurrent.LinkedBlockingQueue.take(LinkedBlockingQueue.java:442)
        at java.util.concurrent.ThreadPoolExecutor.getTask(ThreadPoolExecutor.java:1074)
        at java.util.concurrent.ThreadPoolExecutor.runWorker(ThreadPoolExecutor.java:1134)
        at java.util.concurrent.ThreadPoolExecutor$Worker.run(ThreadPoolExecutor.java:624)
        at java.lang.Thread.run(Thread.java:750)
"timer2" daemon prio=5 tid=870 timed_waiting
java.lang.Thread.State: TIMED_WAITING
        at java.lang.Object.wait(Native Method)
        at java.util.TimerThread.mainLoop(Timer.java:552)
        at java.util.TimerThread.run(Timer.java:505)
"timer5" daemon prio=5 tid=901 timed_waiting
java.lang.Thread.State: TIMED_WAITING
        at java.lang.Object.wait(Native Method)
        at java.util.TimerThread.mainLoop(Timer.java:552)
        at java.util.TimerThread.run(Timer.java:505)
"LeakDetector-ManagedRocksObject0" daemon prio=5 tid=19 in Object.wait()
java.lang.Thread.State: WAITING (on object monitor)
        at java.lang.Object.wait(Native Method)
        at java.lang.ref.ReferenceQueue.remove(ReferenceQueue.java:144)
        at java.lang.ref.ReferenceQueue.remove(ReferenceQueue.java:165)
        at org.apache.hadoop.hdds.utils.LeakDetector.run(LeakDetector.java:80)
        at org.apache.hadoop.hdds.utils.LeakDetector$$Lambda$460/1045718836.run(Unknown Source)
        at java.lang.Thread.run(Thread.java:750)
"grpc-default-executor-5" daemon prio=5 tid=1923 timed_waiting
java.lang.Thread.State: TIMED_WAITING
        at sun.misc.Unsafe.park(Native Method)
        at java.util.concurrent.locks.LockSupport.parkNanos(LockSupport.java:215)
        at java.util.concurrent.SynchronousQueue$TransferStack.awaitFulfill(SynchronousQueue.java:460)
        at java.util.concurrent.SynchronousQueue$TransferStack.transfer(SynchronousQueue.java:362)
        at java.util.concurrent.SynchronousQueue.poll(SynchronousQueue.java:941)
        at java.util.concurrent.ThreadPoolExecutor.getTask(ThreadPoolExecutor.java:1073)
        at java.util.concurrent.ThreadPoolExecutor.runWorker(ThreadPoolExecutor.java:1134)
        at java.util.concurrent.ThreadPoolExecutor$Worker.run(ThreadPoolExecutor.java:624)
        at java.lang.Thread.run(Thread.java:750)
"grpc-default-executor-2" daemon prio=5 tid=1907 timed_waiting
java.lang.Thread.State: TIMED_WAITING
        at sun.misc.Unsafe.park(Native Method)
        at java.util.concurrent.locks.LockSupport.parkNanos(LockSupport.java:215)
        at java.util.concurrent.SynchronousQueue$TransferStack.awaitFulfill(SynchronousQueue.java:460)
        at java.util.concurrent.SynchronousQueue$TransferStack.transfer(SynchronousQueue.java:362)
        at java.util.concurrent.SynchronousQueue.poll(SynchronousQueue.java:941)
        at java.util.concurrent.ThreadPoolExecutor.getTask(ThreadPoolExecutor.java:1073)
        at java.util.concurrent.ThreadPoolExecutor.runWorker(ThreadPoolExecutor.java:1134)
        at java.util.concurrent.ThreadPoolExecutor$Worker.run(ThreadPoolExecutor.java:624)
        at java.lang.Thread.run(Thread.java:750)
"grpc-default-worker-ELG-5-2" daemon prio=5 tid=1846 runnable
java.lang.Thread.State: RUNNABLE
        at org.apache.ratis.thirdparty.io.netty.channel.epoll.Native.epollWait(Native Method)
        at org.apache.ratis.thirdparty.io.netty.channel.epoll.Native.epollWait(Native.java:209)
        at org.apache.ratis.thirdparty.io.netty.channel.epoll.Native.epollWait(Native.java:202)
        at org.apache.ratis.thirdparty.io.netty.channel.epoll.EpollEventLoop.epollWaitNoTimerChange(EpollEventLoop.java:316)
        at org.apache.ratis.thirdparty.io.netty.channel.epoll.EpollEventLoop.run(EpollEventLoop.java:373)
        at org.apache.ratis.thirdparty.io.netty.util.concurrent.SingleThreadEventExecutor$4.run(SingleThreadEventExecutor.java:997)
        at org.apache.ratis.thirdparty.io.netty.util.internal.ThreadExecutorMap$2.run(ThreadExecutorMap.java:74)
        at org.apache.ratis.thirdparty.io.netty.util.concurrent.FastThreadLocalRunnable.run(FastThreadLocalRunnable.java:30)
        at java.lang.Thread.run(Thread.java:750)
"junit-jupiter-timeout-watcher"  prio=10 tid=17 in Object.wait()
java.lang.Thread.State: WAITING (on object monitor)
        at sun.misc.Unsafe.park(Native Method)
        at java.util.concurrent.locks.LockSupport.park(LockSupport.java:175)
        at java.util.concurrent.locks.AbstractQueuedSynchronizer$ConditionObject.await(AbstractQueuedSynchronizer.java:2039)
        at java.util.concurrent.ScheduledThreadPoolExecutor$DelayedWorkQueue.take(ScheduledThreadPoolExecutor.java:1081)
        at java.util.concurrent.ScheduledThreadPoolExecutor$DelayedWorkQueue.take(ScheduledThreadPoolExecutor.java:809)
        at java.util.concurrent.ThreadPoolExecutor.getTask(ThreadPoolExecutor.java:1074)
        at java.util.concurrent.ThreadPoolExecutor.runWorker(ThreadPoolExecutor.java:1134)
        at java.util.concurrent.ThreadPoolExecutor$Worker.run(ThreadPoolExecutor.java:624)
        at java.lang.Thread.run(Thread.java:750)
"timer6" daemon prio=5 tid=904 timed_waiting
java.lang.Thread.State: TIMED_WAITING
        at java.lang.Object.wait(Native Method)
        at java.util.TimerThread.mainLoop(Timer.java:552)
        at java.util.TimerThread.run(Timer.java:505)
"timer0" daemon prio=5 tid=910 timed_waiting
java.lang.Thread.State: TIMED_WAITING
        at java.lang.Object.wait(Native Method)
        at java.util.TimerThread.mainLoop(Timer.java:552)
        at java.util.TimerThread.run(Timer.java:505)
"gradle-enterprise-test-client-gradle-enterprise-test-listener"  prio=5 tid=15 in Object.wait()
java.lang.Thread.State: WAITING (on object monitor)
        at sun.misc.Unsafe.park(Native Method)
        at java.util.concurrent.locks.LockSupport.park(LockSupport.java:175)
        at java.util.concurrent.locks.AbstractQueuedSynchronizer$ConditionObject.await(AbstractQueuedSynchronizer.java:2039)
        at java.util.concurrent.ArrayBlockingQueue.take(ArrayBlockingQueue.java:403)
        at com.gradle.maven.scan.extension.test.listener.obfuscated.k.a.a(SourceFile:130)
        at com.gradle.maven.scan.extension.test.listener.obfuscated.k.a.b(SourceFile:93)
        at com.gradle.maven.scan.extension.test.listener.obfuscated.k.a$$Lambda$258/798981583.run(Unknown Source)
        at java.util.concurrent.Executors$RunnableAdapter.call(Executors.java:511)
        at java.util.concurrent.FutureTask.run(FutureTask.java:266)
        at java.util.concurrent.ThreadPoolExecutor.runWorker(ThreadPoolExecutor.java:1149)
        at java.util.concurrent.ThreadPoolExecutor$Worker.run(ThreadPoolExecutor.java:624)
        at java.lang.Thread.run(Thread.java:750)
"timer1" daemon prio=5 tid=869 timed_waiting
java.lang.Thread.State: TIMED_WAITING
        at java.lang.Object.wait(Native Method)
        at java.util.TimerThread.mainLoop(Timer.java:552)
        at java.util.TimerThread.run(Timer.java:505)
"Finalizer" daemon prio=8 tid=3 in Object.wait()
java.lang.Thread.State: WAITING (on object monitor)
        at java.lang.Object.wait(Native Method)
        at java.lang.ref.ReferenceQueue.remove(ReferenceQueue.java:144)
        at java.lang.ref.ReferenceQueue.remove(ReferenceQueue.java:165)
        at java.lang.ref.Finalizer$FinalizerThread.run(Finalizer.java:188)
"timer3" daemon prio=5 tid=875 timed_waiting
java.lang.Thread.State: TIMED_WAITING
        at java.lang.Object.wait(Native Method)
        at java.util.TimerThread.mainLoop(Timer.java:552)
        at java.util.TimerThread.run(Timer.java:505)

]]></system-err>
  </testcase>
</testsuite>