<?xml version="1.0" encoding="UTF-8"?>
<testsuite xmlns:xsi="http://www.w3.org/2001/XMLSchema-instance" xsi:noNamespaceSchemaLocation="https://maven.apache.org/surefire/maven-surefire-plugin/xsd/surefire-test-report.xsd" name="org.apache.hadoop.ozone.client.rpc.TestWatchForCommit" time="309.391" tests="4" errors="1" skipped="0" failures="0">
  <properties>
    <property name="awt.toolkit" value="sun.awt.X11.XToolkit"/>
    <property name="file.encoding.pkg" value="sun.io"/>
    <property name="java.specification.version" value="1.8"/>
    <property name="sun.cpu.isalist" value=""/>
    <property name="sun.jnu.encoding" value="UTF-8"/>
    <property name="java.class.path" value="/home/runner/work/ozone/ozone/hadoop-ozone/integration-test/target/test-classes:/home/runner/work/ozone/ozone/hadoop-ozone/integration-test/target/classes:/home/runner/.m2/repository/org/apache/ozone/ozone-common/1.2.0-SNAPSHOT/ozone-common-1.2.0-SNAPSHOT.jar:/home/runner/.m2/repository/org/apache/commons/commons-compress/1.21/commons-compress-1.21.jar:/home/runner/.m2/repository/org/apache/ozone/hdds-common/1.2.0-SNAPSHOT/hdds-common-1.2.0-SNAPSHOT.jar:/home/runner/.m2/repository/org/apache/ozone/hdds-client/1.2.0-SNAPSHOT/hdds-client-1.2.0-SNAPSHOT.jar:/home/runner/.m2/repository/org/apache/ozone/ozone-interface-client/1.2.0-SNAPSHOT/ozone-interface-client-1.2.0-SNAPSHOT.jar:/home/runner/.m2/repository/org/apache/ozone/hdds-test-utils/1.2.0-SNAPSHOT/hdds-test-utils-1.2.0-SNAPSHOT.jar:/home/runner/.m2/repository/com/google/guava/guava/30.1.1-jre/guava-30.1.1-jre.jar:/home/runner/.m2/repository/com/google/guava/failureaccess/1.0.1/failureaccess-1.0.1.jar:/home/runner/.m2/repository/com/google/guava/listenablefuture/9999.0-empty-to-avoid-conflict-with-guava/listenablefuture-9999.0-empty-to-avoid-conflict-with-guava.jar:/home/runner/.m2/repository/com/google/code/findbugs/jsr305/3.0.0/jsr305-3.0.0.jar:/home/runner/.m2/repository/org/checkerframework/checker-qual/3.8.0/checker-qual-3.8.0.jar:/home/runner/.m2/repository/com/google/errorprone/error_prone_annotations/2.2.0/error_prone_annotations-2.2.0.jar:/home/runner/.m2/repository/com/google/j2objc/j2objc-annotations/1.3/j2objc-annotations-1.3.jar:/home/runner/.m2/repository/commons-io/commons-io/2.11.0/commons-io-2.11.0.jar:/home/runner/.m2/repository/commons-logging/commons-logging/1.2/commons-logging-1.2.jar:/home/runner/.m2/repository/log4j/log4j/1.2.17/log4j-1.2.17.jar:/home/runner/.m2/repository/org/slf4j/slf4j-api/1.7.30/slf4j-api-1.7.30.jar:/home/runner/.m2/repository/org/apache/ozone/hdds-server-scm/1.2.0-SNAPSHOT/hdds-server-scm-1.2.0-SNAPSHOT.jar:/home/runner/.m2/repository/org/apache/ozone/hdds-container-service/1.2.0-SNAPSHOT/hdds-container-service-1.2.0-SNAPSHOT.jar:/home/runner/.m2/repository/org/apache/ozone/hdds-hadoop-dependency-server/1.2.0-SNAPSHOT/hdds-hadoop-dependency-server-1.2.0-SNAPSHOT.jar:/home/runner/.m2/repository/org/apache/hadoop/hadoop-hdfs/3.3.1/hadoop-hdfs-3.3.1.jar:/home/runner/.m2/repository/org/apache/ozone/hdds-server-framework/1.2.0-SNAPSHOT/hdds-server-framework-1.2.0-SNAPSHOT.jar:/home/runner/.m2/repository/org/apache/ozone/hdds-interface-server/1.2.0-SNAPSHOT/hdds-interface-server-1.2.0-SNAPSHOT.jar:/home/runner/.m2/repository/org/eclipse/jetty/jetty-servlet/9.4.43.v20210629/jetty-servlet-9.4.43.v20210629.jar:/home/runner/.m2/repository/org/eclipse/jetty/jetty-security/9.4.43.v20210629/jetty-security-9.4.43.v20210629.jar:/home/runner/.m2/repository/org/rocksdb/rocksdbjni/6.25.3/rocksdbjni-6.25.3.jar:/home/runner/.m2/repository/io/prometheus/simpleclient_dropwizard/0.7.0/simpleclient_dropwizard-0.7.0.jar:/home/runner/.m2/repository/io/prometheus/simpleclient/0.7.0/simpleclient-0.7.0.jar:/home/runner/.m2/repository/io/prometheus/simpleclient_common/0.7.0/simpleclient_common-0.7.0.jar:/home/runner/.m2/repository/com/fasterxml/jackson/datatype/jackson-datatype-jsr310/2.12.1/jackson-datatype-jsr310-2.12.1.jar:/home/runner/.m2/repository/io/dropwizard/metrics/metrics-core/3.2.4/metrics-core-3.2.4.jar:/home/runner/.m2/repository/org/apache/hadoop/hadoop-hdfs-client/3.3.1/hadoop-hdfs-client-3.3.1.jar:/home/runner/.m2/repository/org/bouncycastle/bcprov-jdk15on/1.67/bcprov-jdk15on-1.67.jar:/home/runner/.m2/repository/com/google/protobuf/protobuf-java/2.5.0/protobuf-java-2.5.0.jar:/home/runner/.m2/repository/org/apache/ozone/ozone-manager/1.2.0-SNAPSHOT/ozone-manager-1.2.0-SNAPSHOT.jar:/home/runner/.m2/repository/org/aspectj/aspectjrt/1.9.7/aspectjrt-1.9.7.jar:/home/runner/.m2/repository/org/aspectj/aspectjweaver/1.9.7/aspectjweaver-1.9.7.jar:/home/runner/.m2/repository/org/apache/ozone/hdds-interface-client/1.2.0-SNAPSHOT/hdds-interface-client-1.2.0-SNAPSHOT.jar:/home/runner/.m2/repository/org/apache/hadoop/thirdparty/hadoop-shaded-protobuf_3_7/1.1.1/hadoop-shaded-protobuf_3_7-1.1.1.jar:/home/runner/.m2/repository/org/apache/ozone/ozone-interface-storage/1.2.0-SNAPSHOT/ozone-interface-storage-1.2.0-SNAPSHOT.jar:/home/runner/.m2/repository/org/reflections/reflections/0.9.11/reflections-0.9.11.jar:/home/runner/.m2/repository/org/apache/hadoop/hadoop-minikdc/3.3.1/hadoop-minikdc-3.3.1.jar:/home/runner/.m2/repository/org/apache/kerby/kerb-simplekdc/1.0.1/kerb-simplekdc-1.0.1.jar:/home/runner/.m2/repository/org/apache/kerby/kerb-client/1.0.1/kerb-client-1.0.1.jar:/home/runner/.m2/repository/org/apache/kerby/kerby-config/1.0.1/kerby-config-1.0.1.jar:/home/runner/.m2/repository/org/apache/kerby/kerb-common/1.0.1/kerb-common-1.0.1.jar:/home/runner/.m2/repository/org/apache/kerby/kerb-crypto/1.0.1/kerb-crypto-1.0.1.jar:/home/runner/.m2/repository/org/apache/kerby/kerb-util/1.0.1/kerb-util-1.0.1.jar:/home/runner/.m2/repository/org/apache/kerby/token-provider/1.0.1/token-provider-1.0.1.jar:/home/runner/.m2/repository/org/apache/kerby/kerb-admin/1.0.1/kerb-admin-1.0.1.jar:/home/runner/.m2/repository/org/apache/kerby/kerb-server/1.0.1/kerb-server-1.0.1.jar:/home/runner/.m2/repository/org/apache/kerby/kerb-identity/1.0.1/kerb-identity-1.0.1.jar:/home/runner/.m2/repository/org/apache/kerby/kerby-xdr/1.0.1/kerby-xdr-1.0.1.jar:/home/runner/.m2/repository/org/slf4j/slf4j-log4j12/1.7.30/slf4j-log4j12-1.7.30.jar:/home/runner/.m2/repository/org/apache/ozone/ozone-s3gateway/1.2.0-SNAPSHOT/ozone-s3gateway-1.2.0-SNAPSHOT.jar:/home/runner/.m2/repository/org/javassist/javassist/3.21.0-GA/javassist-3.21.0-GA.jar:/home/runner/.m2/repository/org/jboss/weld/servlet/weld-servlet/2.4.7.Final/weld-servlet-2.4.7.Final.jar:/home/runner/.m2/repository/org/glassfish/jersey/containers/jersey-container-servlet-core/2.33/jersey-container-servlet-core-2.33.jar:/home/runner/.m2/repository/org/glassfish/hk2/external/jakarta.inject/2.6.1/jakarta.inject-2.6.1.jar:/home/runner/.m2/repository/org/glassfish/jersey/core/jersey-common/2.33/jersey-common-2.33.jar:/home/runner/.m2/repository/jakarta/ws/rs/jakarta.ws.rs-api/2.1.6/jakarta.ws.rs-api-2.1.6.jar:/home/runner/.m2/repository/org/glassfish/jersey/ext/cdi/jersey-cdi1x/2.33/jersey-cdi1x-2.33.jar:/home/runner/.m2/repository/org/glassfish/jersey/inject/jersey-hk2/2.33/jersey-hk2-2.33.jar:/home/runner/.m2/repository/org/glassfish/hk2/hk2-locator/2.6.1/hk2-locator-2.6.1.jar:/home/runner/.m2/repository/org/glassfish/jersey/media/jersey-media-jaxb/2.33/jersey-media-jaxb-2.33.jar:/home/runner/.m2/repository/org/glassfish/hk2/osgi-resource-locator/1.0.3/osgi-resource-locator-1.0.3.jar:/home/runner/.m2/repository/org/glassfish/hk2/hk2-api/2.5.0/hk2-api-2.5.0.jar:/home/runner/.m2/repository/org/glassfish/hk2/hk2-utils/2.5.0/hk2-utils-2.5.0.jar:/home/runner/.m2/repository/org/glassfish/hk2/external/aopalliance-repackaged/2.5.0/aopalliance-repackaged-2.5.0.jar:/home/runner/.m2/repository/com/fasterxml/jackson/dataformat/jackson-dataformat-xml/2.12.1/jackson-dataformat-xml-2.12.1.jar:/home/runner/.m2/repository/com/fasterxml/jackson/core/jackson-core/2.12.1/jackson-core-2.12.1.jar:/home/runner/.m2/repository/com/fasterxml/jackson/module/jackson-module-jaxb-annotations/2.12.1/jackson-module-jaxb-annotations-2.12.1.jar:/home/runner/.m2/repository/jakarta/xml/bind/jakarta.xml.bind-api/2.3.2/jakarta.xml.bind-api-2.3.2.jar:/home/runner/.m2/repository/org/codehaus/woodstox/stax2-api/3.1.4/stax2-api-3.1.4.jar:/home/runner/.m2/repository/com/fasterxml/woodstox/woodstox-core/5.0.3/woodstox-core-5.0.3.jar:/home/runner/.m2/repository/javax/enterprise/cdi-api/1.2/cdi-api-1.2.jar:/home/runner/.m2/repository/javax/el/javax.el-api/3.0.0/javax.el-api-3.0.0.jar:/home/runner/.m2/repository/javax/interceptor/javax.interceptor-api/1.2/javax.interceptor-api-1.2.jar:/home/runner/.m2/repository/javax/inject/javax.inject/1/javax.inject-1.jar:/home/runner/.m2/repository/javax/xml/bind/jaxb-api/2.3.0/jaxb-api-2.3.0.jar:/home/runner/.m2/repository/org/glassfish/jaxb/jaxb-runtime/2.3.0.1/jaxb-runtime-2.3.0.1.jar:/home/runner/.m2/repository/org/glassfish/jaxb/jaxb-core/2.3.0.1/jaxb-core-2.3.0.1.jar:/home/runner/.m2/repository/org/glassfish/jaxb/txw2/2.3.0.1/txw2-2.3.0.1.jar:/home/runner/.m2/repository/com/sun/istack/istack-commons-runtime/3.0.5/istack-commons-runtime-3.0.5.jar:/home/runner/.m2/repository/org/jvnet/staxex/stax-ex/1.7.8/stax-ex-1.7.8.jar:/home/runner/.m2/repository/com/sun/xml/fastinfoset/FastInfoset/1.2.13/FastInfoset-1.2.13.jar:/home/runner/.m2/repository/javax/activation/activation/1.1.1/activation-1.1.1.jar:/home/runner/.m2/repository/org/apache/ozone/ozone-csi/1.2.0-SNAPSHOT/ozone-csi-1.2.0-SNAPSHOT.jar:/home/runner/.m2/repository/com/google/protobuf/protobuf-java-util/3.12.0/protobuf-java-util-3.12.0.jar:/home/runner/.m2/repository/com/google/code/gson/gson/2.2.4/gson-2.2.4.jar:/home/runner/.m2/repository/org/apache/ozone/hdds-config/1.2.0-SNAPSHOT/hdds-config-1.2.0-SNAPSHOT.jar:/home/runner/.m2/repository/io/grpc/grpc-netty/1.33.0/grpc-netty-1.33.0.jar:/home/runner/.m2/repository/io/grpc/grpc-core/1.33.0/grpc-core-1.33.0.jar:/home/runner/.m2/repository/com/google/android/annotations/4.1.1.4/annotations-4.1.1.4.jar:/home/runner/.m2/repository/io/netty/netty-codec-http2/4.1.63.Final/netty-codec-http2-4.1.63.Final.jar:/home/runner/.m2/repository/io/netty/netty-codec-http/4.1.63.Final/netty-codec-http-4.1.63.Final.jar:/home/runner/.m2/repository/io/netty/netty-handler-proxy/4.1.63.Final/netty-handler-proxy-4.1.63.Final.jar:/home/runner/.m2/repository/io/netty/netty-codec-socks/4.1.63.Final/netty-codec-socks-4.1.63.Final.jar:/home/runner/.m2/repository/io/perfmark/perfmark-api/0.19.0/perfmark-api-0.19.0.jar:/home/runner/.m2/repository/org/codehaus/mojo/animal-sniffer-annotations/1.18/animal-sniffer-annotations-1.18.jar:/home/runner/.m2/repository/io/netty/netty-transport-native-epoll/4.1.63.Final/netty-transport-native-epoll-4.1.63.Final.jar:/home/runner/.m2/repository/io/netty/netty-common/4.1.63.Final/netty-common-4.1.63.Final.jar:/home/runner/.m2/repository/io/netty/netty-buffer/4.1.63.Final/netty-buffer-4.1.63.Final.jar:/home/runner/.m2/repository/io/netty/netty-transport-native-unix-common/4.1.63.Final/netty-transport-native-unix-common-4.1.63.Final.jar:/home/runner/.m2/repository/io/grpc/grpc-protobuf/1.33.0/grpc-protobuf-1.33.0.jar:/home/runner/.m2/repository/io/grpc/grpc-api/1.33.0/grpc-api-1.33.0.jar:/home/runner/.m2/repository/io/grpc/grpc-context/1.33.0/grpc-context-1.33.0.jar:/home/runner/.m2/repository/com/google/api/grpc/proto-google-common-protos/1.17.0/proto-google-common-protos-1.17.0.jar:/home/runner/.m2/repository/io/grpc/grpc-protobuf-lite/1.33.0/grpc-protobuf-lite-1.33.0.jar:/home/runner/.m2/repository/io/grpc/grpc-stub/1.33.0/grpc-stub-1.33.0.jar:/home/runner/.m2/repository/org/apache/ozone/ozone-recon/1.2.0-SNAPSHOT/ozone-recon-1.2.0-SNAPSHOT.jar:/home/runner/.m2/repository/org/apache/ozone/ozone-reconcodegen/1.2.0-SNAPSHOT/ozone-reconcodegen-1.2.0-SNAPSHOT.jar:/home/runner/.m2/repository/com/google/inject/extensions/guice-multibindings/4.0/guice-multibindings-4.0.jar:/home/runner/.m2/repository/com/google/inject/guice/4.0/guice-4.0.jar:/home/runner/.m2/repository/aopalliance/aopalliance/1.0/aopalliance-1.0.jar:/home/runner/.m2/repository/com/google/inject/extensions/guice-assistedinject/4.0/guice-assistedinject-4.0.jar:/home/runner/.m2/repository/com/google/inject/extensions/guice-servlet/4.0/guice-servlet-4.0.jar:/home/runner/.m2/repository/org/glassfish/jersey/containers/jersey-container-servlet/2.33/jersey-container-servlet-2.33.jar:/home/runner/.m2/repository/org/glassfish/hk2/guice-bridge/2.5.0/guice-bridge-2.5.0.jar:/home/runner/.m2/repository/org/glassfish/jersey/core/jersey-server/2.33/jersey-server-2.33.jar:/home/runner/.m2/repository/org/glassfish/jersey/core/jersey-client/2.33/jersey-client-2.33.jar:/home/runner/.m2/repository/jakarta/annotation/jakarta.annotation-api/1.3.5/jakarta.annotation-api-1.3.5.jar:/home/runner/.m2/repository/jakarta/validation/jakarta.validation-api/2.0.2/jakarta.validation-api-2.0.2.jar:/home/runner/.m2/repository/org/glassfish/jersey/media/jersey-media-json-jackson/2.33/jersey-media-json-jackson-2.33.jar:/home/runner/.m2/repository/org/glassfish/jersey/ext/jersey-entity-filtering/2.33/jersey-entity-filtering-2.33.jar:/home/runner/.m2/repository/org/jooq/jooq/3.11.10/jooq-3.11.10.jar:/home/runner/.m2/repository/org/jooq/jooq-meta/3.11.10/jooq-meta-3.11.10.jar:/home/runner/.m2/repository/org/jooq/jooq-codegen/3.11.10/jooq-codegen-3.11.10.jar:/home/runner/.m2/repository/com/jolbox/bonecp/0.8.0.RELEASE/bonecp-0.8.0.RELEASE.jar:/home/runner/.m2/repository/org/apache/derby/derby/10.14.2.0/derby-10.14.2.0.jar:/home/runner/.m2/repository/org/xerial/sqlite-jdbc/3.25.2/sqlite-jdbc-3.25.2.jar:/home/runner/.m2/repository/org/springframework/spring-jdbc/5.2.18.RELEASE/spring-jdbc-5.2.18.RELEASE.jar:/home/runner/.m2/repository/org/springframework/spring-beans/5.2.18.RELEASE/spring-beans-5.2.18.RELEASE.jar:/home/runner/.m2/repository/org/springframework/spring-core/5.2.18.RELEASE/spring-core-5.2.18.RELEASE.jar:/home/runner/.m2/repository/org/springframework/spring-jcl/5.2.18.RELEASE/spring-jcl-5.2.18.RELEASE.jar:/home/runner/.m2/repository/org/springframework/spring-tx/5.2.18.RELEASE/spring-tx-5.2.18.RELEASE.jar:/home/runner/.m2/repository/org/apache/ozone/ozone-client/1.2.0-SNAPSHOT/ozone-client-1.2.0-SNAPSHOT.jar:/home/runner/.m2/repository/org/apache/ozone/ozone-filesystem/1.2.0-SNAPSHOT/ozone-filesystem-1.2.0-SNAPSHOT.jar:/home/runner/.m2/repository/org/apache/ozone/ozone-filesystem-common/1.2.0-SNAPSHOT/ozone-filesystem-common-1.2.0-SNAPSHOT.jar:/home/runner/.m2/repository/org/apache/ozone/ozone-tools/1.2.0-SNAPSHOT/ozone-tools-1.2.0-SNAPSHOT.jar:/home/runner/.m2/repository/org/apache/ratis/ratis-tools/2.2.0/ratis-tools-2.2.0.jar:/home/runner/.m2/repository/com/amazonaws/aws-java-sdk-core/1.11.1034/aws-java-sdk-core-1.11.1034.jar:/home/runner/.m2/repository/org/apache/httpcomponents/httpclient/4.5.13/httpclient-4.5.13.jar:/home/runner/.m2/repository/org/apache/httpcomponents/httpcore/4.4.13/httpcore-4.4.13.jar:/home/runner/.m2/repository/software/amazon/ion/ion-java/1.0.2/ion-java-1.0.2.jar:/home/runner/.m2/repository/com/fasterxml/jackson/dataformat/jackson-dataformat-cbor/2.12.1/jackson-dataformat-cbor-2.12.1.jar:/home/runner/.m2/repository/joda-time/joda-time/2.8.1/joda-time-2.8.1.jar:/home/runner/.m2/repository/com/amazonaws/aws-java-sdk-s3/1.11.1034/aws-java-sdk-s3-1.11.1034.jar:/home/runner/.m2/repository/com/amazonaws/aws-java-sdk-kms/1.11.1034/aws-java-sdk-kms-1.11.1034.jar:/home/runner/.m2/repository/com/amazonaws/jmespath-java/1.11.1034/jmespath-java-1.11.1034.jar:/home/runner/.m2/repository/org/kohsuke/metainf-services/metainf-services/1.8/metainf-services-1.8.jar:/home/runner/.m2/repository/org/apache/ozone/hdds-tools/1.2.0-SNAPSHOT/hdds-tools-1.2.0-SNAPSHOT.jar:/home/runner/.m2/repository/commons-cli/commons-cli/1.2/commons-cli-1.2.jar:/home/runner/.m2/repository/org/apache/commons/commons-lang3/3.7/commons-lang3-3.7.jar:/home/runner/.m2/repository/org/apache/ozone/ozone-manager/1.2.0-SNAPSHOT/ozone-manager-1.2.0-SNAPSHOT-tests.jar:/home/runner/.m2/repository/org/apache/ozone/hdds-common/1.2.0-SNAPSHOT/hdds-common-1.2.0-SNAPSHOT-tests.jar:/home/runner/.m2/repository/org/apache/ozone/hdds-hadoop-dependency-client/1.2.0-SNAPSHOT/hdds-hadoop-dependency-client-1.2.0-SNAPSHOT.jar:/home/runner/.m2/repository/info/picocli/picocli/4.6.1/picocli-4.6.1.jar:/home/runner/.m2/repository/com/fasterxml/jackson/core/jackson-annotations/2.12.1/jackson-annotations-2.12.1.jar:/home/runner/.m2/repository/javax/annotation/javax.annotation-api/1.2/javax.annotation-api-1.2.jar:/home/runner/.m2/repository/org/apache/ratis/ratis-server/2.2.0/ratis-server-2.2.0.jar:/home/runner/.m2/repository/org/apache/ratis/ratis-client/2.2.0/ratis-client-2.2.0.jar:/home/runner/.m2/repository/org/apache/ratis/ratis-server-api/2.2.0/ratis-server-api-2.2.0.jar:/home/runner/.m2/repository/org/apache/ratis/ratis-metrics/2.2.0/ratis-metrics-2.2.0.jar:/home/runner/.m2/repository/org/apache/ratis/ratis-netty/2.2.0/ratis-netty-2.2.0.jar:/home/runner/.m2/repository/org/apache/ratis/ratis-grpc/2.2.0/ratis-grpc-2.2.0.jar:/home/runner/.m2/repository/org/apache/logging/log4j/log4j-api/2.13.3/log4j-api-2.13.3.jar:/home/runner/.m2/repository/org/apache/logging/log4j/log4j-core/2.13.3/log4j-core-2.13.3.jar:/home/runner/.m2/repository/com/lmax/disruptor/3.4.2/disruptor-3.4.2.jar:/home/runner/.m2/repository/org/apache/commons/commons-pool2/2.6.0/commons-pool2-2.6.0.jar:/home/runner/.m2/repository/org/bouncycastle/bcpkix-jdk15on/1.67/bcpkix-jdk15on-1.67.jar:/home/runner/.m2/repository/commons-validator/commons-validator/1.6/commons-validator-1.6.jar:/home/runner/.m2/repository/commons-beanutils/commons-beanutils/1.9.4/commons-beanutils-1.9.4.jar:/home/runner/.m2/repository/commons-digester/commons-digester/1.8.1/commons-digester-1.8.1.jar:/home/runner/.m2/repository/commons-collections/commons-collections/3.2.2/commons-collections-3.2.2.jar:/home/runner/.m2/repository/io/jaegertracing/jaeger-client/1.6.0/jaeger-client-1.6.0.jar:/home/runner/.m2/repository/io/jaegertracing/jaeger-thrift/1.6.0/jaeger-thrift-1.6.0.jar:/home/runner/.m2/repository/org/apache/thrift/libthrift/0.14.1/libthrift-0.14.1.jar:/home/runner/.m2/repository/com/squareup/okhttp3/okhttp/4.9.0/okhttp-4.9.0.jar:/home/runner/.m2/repository/com/squareup/okio/okio/2.8.0/okio-2.8.0.jar:/home/runner/.m2/repository/io/jaegertracing/jaeger-core/1.6.0/jaeger-core-1.6.0.jar:/home/runner/.m2/repository/io/jaegertracing/jaeger-tracerresolver/1.6.0/jaeger-tracerresolver-1.6.0.jar:/home/runner/.m2/repository/io/opentracing/contrib/opentracing-tracerresolver/0.1.8/opentracing-tracerresolver-0.1.8.jar:/home/runner/.m2/repository/org/jetbrains/kotlin/kotlin-stdlib/1.4.31/kotlin-stdlib-1.4.31.jar:/home/runner/.m2/repository/org/jetbrains/kotlin/kotlin-stdlib-common/1.4.31/kotlin-stdlib-common-1.4.31.jar:/home/runner/.m2/repository/org/jetbrains/annotations/13.0/annotations-13.0.jar:/home/runner/.m2/repository/io/opentracing/opentracing-util/0.33.0/opentracing-util-0.33.0.jar:/home/runner/.m2/repository/io/opentracing/opentracing-api/0.33.0/opentracing-api-0.33.0.jar:/home/runner/.m2/repository/io/opentracing/opentracing-noop/0.33.0/opentracing-noop-0.33.0.jar:/home/runner/.m2/repository/org/yaml/snakeyaml/1.26/snakeyaml-1.26.jar:/home/runner/.m2/repository/org/apache/ozone/hdds-interface-admin/1.2.0-SNAPSHOT/hdds-interface-admin-1.2.0-SNAPSHOT.jar:/home/runner/.m2/repository/junit/junit/4.13.1/junit-4.13.1.jar:/home/runner/.m2/repository/org/hamcrest/hamcrest-core/1.3/hamcrest-core-1.3.jar:/home/runner/.m2/repository/org/junit/jupiter/junit-jupiter-api/5.7.0/junit-jupiter-api-5.7.0.jar:/home/runner/.m2/repository/org/apiguardian/apiguardian-api/1.1.0/apiguardian-api-1.1.0.jar:/home/runner/.m2/repository/org/opentest4j/opentest4j/1.2.0/opentest4j-1.2.0.jar:/home/runner/.m2/repository/org/junit/platform/junit-platform-commons/1.7.0/junit-platform-commons-1.7.0.jar:/home/runner/.m2/repository/org/junit/jupiter/junit-jupiter-engine/5.7.0/junit-jupiter-engine-5.7.0.jar:/home/runner/.m2/repository/org/junit/platform/junit-platform-engine/1.7.0/junit-platform-engine-1.7.0.jar:/home/runner/.m2/repository/org/junit/vintage/junit-vintage-engine/5.7.0/junit-vintage-engine-5.7.0.jar:/home/runner/.m2/repository/org/junit/platform/junit-platform-launcher/1.7.0/junit-platform-launcher-1.7.0.jar:/home/runner/.m2/repository/org/openjdk/jmh/jmh-core/1.19/jmh-core-1.19.jar:/home/runner/.m2/repository/net/sf/jopt-simple/jopt-simple/4.6/jopt-simple-4.6.jar:/home/runner/.m2/repository/org/apache/commons/commons-math3/3.1.1/commons-math3-3.1.1.jar:/home/runner/.m2/repository/org/openjdk/jmh/jmh-generator-annprocess/1.19/jmh-generator-annprocess-1.19.jar:/home/runner/.m2/repository/org/mockito/mockito-core/2.28.2/mockito-core-2.28.2.jar:/home/runner/.m2/repository/net/bytebuddy/byte-buddy/1.9.10/byte-buddy-1.9.10.jar:/home/runner/.m2/repository/net/bytebuddy/byte-buddy-agent/1.9.10/byte-buddy-agent-1.9.10.jar:/home/runner/.m2/repository/org/objenesis/objenesis/1.0/objenesis-1.0.jar:/home/runner/.m2/repository/org/apache/hadoop/hadoop-kms/3.3.1/hadoop-kms-3.3.1.jar:/home/runner/.m2/repository/org/apache/hadoop/hadoop-auth/3.3.1/hadoop-auth-3.3.1.jar:/home/runner/.m2/repository/com/nimbusds/nimbus-jose-jwt/7.9/nimbus-jose-jwt-7.9.jar:/home/runner/.m2/repository/com/github/stephenc/jcip/jcip-annotations/1.0-1/jcip-annotations-1.0-1.jar:/home/runner/.m2/repository/net/minidev/json-smart/2.3.1/json-smart-2.3.1.jar:/home/runner/.m2/repository/net/minidev/accessors-smart/2.3.1/accessors-smart-2.3.1.jar:/home/runner/.m2/repository/org/ow2/asm/asm/5.0.4/asm-5.0.4.jar:/home/runner/.m2/repository/org/apache/zookeeper/zookeeper/3.5.6/zookeeper-3.5.6.jar:/home/runner/.m2/repository/org/apache/zookeeper/zookeeper-jute/3.5.6/zookeeper-jute-3.5.6.jar:/home/runner/.m2/repository/org/apache/yetus/audience-annotations/0.5.0/audience-annotations-0.5.0.jar:/home/runner/.m2/repository/org/apache/curator/curator-framework/4.2.0/curator-framework-4.2.0.jar:/home/runner/.m2/repository/org/apache/hadoop/thirdparty/hadoop-shaded-guava/1.1.1/hadoop-shaded-guava-1.1.1.jar:/home/runner/.m2/repository/com/sun/jersey/jersey-core/1.19/jersey-core-1.19.jar:/home/runner/.m2/repository/javax/ws/rs/jsr311-api/1.1.1/jsr311-api-1.1.1.jar:/home/runner/.m2/repository/com/sun/jersey/jersey-server/1.19/jersey-server-1.19.jar:/home/runner/.m2/repository/javax/servlet/javax.servlet-api/3.1.0/javax.servlet-api-3.1.0.jar:/home/runner/.m2/repository/org/eclipse/jetty/jetty-server/9.4.43.v20210629/jetty-server-9.4.43.v20210629.jar:/home/runner/.m2/repository/org/eclipse/jetty/jetty-http/9.4.43.v20210629/jetty-http-9.4.43.v20210629.jar:/home/runner/.m2/repository/org/eclipse/jetty/jetty-io/9.4.43.v20210629/jetty-io-9.4.43.v20210629.jar:/home/runner/.m2/repository/org/eclipse/jetty/jetty-webapp/9.4.43.v20210629/jetty-webapp-9.4.43.v20210629.jar:/home/runner/.m2/repository/org/eclipse/jetty/jetty-xml/9.4.43.v20210629/jetty-xml-9.4.43.v20210629.jar:/home/runner/.m2/repository/org/apache/hadoop/hadoop-common/3.3.1/hadoop-common-3.3.1.jar:/home/runner/.m2/repository/commons-net/commons-net/3.6/commons-net-3.6.jar:/home/runner/.m2/repository/jakarta/activation/jakarta.activation-api/1.2.1/jakarta.activation-api-1.2.1.jar:/home/runner/.m2/repository/com/sun/jersey/jersey-servlet/1.19/jersey-servlet-1.19.jar:/home/runner/.m2/repository/com/sun/jersey/jersey-json/1.19/jersey-json-1.19.jar:/home/runner/.m2/repository/org/codehaus/jettison/jettison/1.1/jettison-1.1.jar:/home/runner/.m2/repository/com/sun/xml/bind/jaxb-impl/2.2.3-1/jaxb-impl-2.2.3-1.jar:/home/runner/.m2/repository/org/codehaus/jackson/jackson-jaxrs/1.9.2/jackson-jaxrs-1.9.2.jar:/home/runner/.m2/repository/org/codehaus/jackson/jackson-xc/1.9.2/jackson-xc-1.9.2.jar:/home/runner/.m2/repository/org/apache/commons/commons-configuration2/2.1.1/commons-configuration2-2.1.1.jar:/home/runner/.m2/repository/org/apache/commons/commons-text/1.4/commons-text-1.4.jar:/home/runner/.m2/repository/com/google/re2j/re2j/1.1/re2j-1.1.jar:/home/runner/.m2/repository/com/jcraft/jsch/0.1.54/jsch-0.1.54.jar:/home/runner/.m2/repository/org/apache/curator/curator-client/4.2.0/curator-client-4.2.0.jar:/home/runner/.m2/repository/org/apache/curator/curator-recipes/4.2.0/curator-recipes-4.2.0.jar:/home/runner/.m2/repository/org/apache/kerby/kerb-core/1.0.1/kerb-core-1.0.1.jar:/home/runner/.m2/repository/org/apache/kerby/kerby-pkix/1.0.1/kerby-pkix-1.0.1.jar:/home/runner/.m2/repository/org/apache/kerby/kerby-asn1/1.0.1/kerby-asn1-1.0.1.jar:/home/runner/.m2/repository/org/apache/kerby/kerby-util/1.0.1/kerby-util-1.0.1.jar:/home/runner/.m2/repository/dnsjava/dnsjava/2.1.7/dnsjava-2.1.7.jar:/home/runner/.m2/repository/org/xerial/snappy/snappy-java/1.1.8.2/snappy-java-1.1.8.2.jar:/home/runner/.m2/repository/org/slf4j/jul-to-slf4j/1.7.30/jul-to-slf4j-1.7.30.jar:/home/runner/.m2/repository/org/eclipse/jetty/jetty-util/9.4.43.v20210629/jetty-util-9.4.43.v20210629.jar:/home/runner/.m2/repository/com/fasterxml/jackson/core/jackson-databind/2.12.1/jackson-databind-2.12.1.jar:/home/runner/.m2/repository/org/apache/hadoop/hadoop-kms/3.3.1/hadoop-kms-3.3.1-tests.jar:/home/runner/.m2/repository/org/apache/ozone/hdds-server-scm/1.2.0-SNAPSHOT/hdds-server-scm-1.2.0-SNAPSHOT-tests.jar:/home/runner/.m2/repository/org/apache/ozone/hdds-container-service/1.2.0-SNAPSHOT/hdds-container-service-1.2.0-SNAPSHOT-tests.jar:/home/runner/.m2/repository/commons-codec/commons-codec/1.11/commons-codec-1.11.jar:/home/runner/.m2/repository/io/netty/netty-transport/4.1.63.Final/netty-transport-4.1.63.Final.jar:/home/runner/.m2/repository/io/netty/netty-resolver/4.1.63.Final/netty-resolver-4.1.63.Final.jar:/home/runner/.m2/repository/io/netty/netty-codec/4.1.63.Final/netty-codec-4.1.63.Final.jar:/home/runner/.m2/repository/io/netty/netty-handler/4.1.63.Final/netty-handler-4.1.63.Final.jar:/home/runner/.m2/repository/org/apache/ozone/hdds-hadoop-dependency-test/1.2.0-SNAPSHOT/hdds-hadoop-dependency-test-1.2.0-SNAPSHOT.jar:/home/runner/.m2/repository/org/apache/hadoop/hadoop-common/3.3.1/hadoop-common-3.3.1-tests.jar:/home/runner/.m2/repository/org/assertj/assertj-core/3.12.2/assertj-core-3.12.2.jar:/home/runner/.m2/repository/org/apache/hadoop/hadoop-hdfs/3.3.1/hadoop-hdfs-3.3.1-tests.jar:/home/runner/.m2/repository/org/eclipse/jetty/jetty-util-ajax/9.4.43.v20210629/jetty-util-ajax-9.4.43.v20210629.jar:/home/runner/.m2/repository/commons-daemon/commons-daemon/1.0.13/commons-daemon-1.0.13.jar:/home/runner/.m2/repository/io/netty/netty/3.10.6.Final/netty-3.10.6.Final.jar:/home/runner/.m2/repository/io/netty/netty-all/4.1.63.Final/netty-all-4.1.63.Final.jar:/home/runner/.m2/repository/org/apache/htrace/htrace-core4/4.1.0-incubating/htrace-core4-4.1.0-incubating.jar:/home/runner/.m2/repository/org/fusesource/leveldbjni/leveldbjni-all/1.8/leveldbjni-all-1.8.jar:/home/runner/.m2/repository/org/apache/hadoop/hadoop-distcp/3.3.1/hadoop-distcp-3.3.1.jar:/home/runner/.m2/repository/org/apache/hadoop/hadoop-mapreduce-client-jobclient/3.3.1/hadoop-mapreduce-client-jobclient-3.3.1.jar:/home/runner/.m2/repository/org/apache/hadoop/hadoop-mapreduce-client-common/3.3.1/hadoop-mapreduce-client-common-3.3.1.jar:/home/runner/.m2/repository/org/apache/hadoop/hadoop-yarn-common/3.3.1/hadoop-yarn-common-3.3.1.jar:/home/runner/.m2/repository/org/apache/hadoop/hadoop-yarn-api/3.3.1/hadoop-yarn-api-3.3.1.jar:/home/runner/.m2/repository/com/sun/jersey/jersey-client/1.19/jersey-client-1.19.jar:/home/runner/.m2/repository/com/sun/jersey/contribs/jersey-guice/1.19/jersey-guice-1.19.jar:/home/runner/.m2/repository/com/fasterxml/jackson/jaxrs/jackson-jaxrs-json-provider/2.12.1/jackson-jaxrs-json-provider-2.12.1.jar:/home/runner/.m2/repository/com/fasterxml/jackson/jaxrs/jackson-jaxrs-base/2.12.1/jackson-jaxrs-base-2.12.1.jar:/home/runner/.m2/repository/org/apache/hadoop/hadoop-yarn-client/3.3.1/hadoop-yarn-client-3.3.1.jar:/home/runner/.m2/repository/org/eclipse/jetty/websocket/websocket-client/9.4.40.v20210413/websocket-client-9.4.40.v20210413.jar:/home/runner/.m2/repository/org/eclipse/jetty/jetty-client/9.4.40.v20210413/jetty-client-9.4.40.v20210413.jar:/home/runner/.m2/repository/org/eclipse/jetty/websocket/websocket-common/9.4.40.v20210413/websocket-common-9.4.40.v20210413.jar:/home/runner/.m2/repository/org/eclipse/jetty/websocket/websocket-api/9.4.40.v20210413/websocket-api-9.4.40.v20210413.jar:/home/runner/.m2/repository/org/jline/jline/3.9.0/jline-3.9.0.jar:/home/runner/.m2/repository/org/apache/hadoop/hadoop-mapreduce-client-core/3.3.1/hadoop-mapreduce-client-core-3.3.1.jar:/home/runner/.m2/repository/org/apache/avro/avro/1.7.7/avro-1.7.7.jar:/home/runner/.m2/repository/org/codehaus/jackson/jackson-core-asl/1.9.13/jackson-core-asl-1.9.13.jar:/home/runner/.m2/repository/org/codehaus/jackson/jackson-mapper-asl/1.9.13/jackson-mapper-asl-1.9.13.jar:/home/runner/.m2/repository/com/thoughtworks/paranamer/paranamer/2.3/paranamer-2.3.jar:/home/runner/.m2/repository/org/apache/hadoop/hadoop-annotations/3.3.1/hadoop-annotations-3.3.1.jar:/usr/lib/jvm/adoptopenjdk-8-hotspot-amd64/jre/../lib/tools.jar:/home/runner/.m2/repository/org/apache/hadoop/hadoop-distcp/3.3.1/hadoop-distcp-3.3.1-tests.jar:/home/runner/.m2/repository/org/apache/ratis/ratis-common/2.2.0/ratis-common-2.2.0.jar:/home/runner/.m2/repository/org/apache/ratis/ratis-thirdparty-misc/0.7.0/ratis-thirdparty-misc-0.7.0.jar:/home/runner/.m2/repository/org/apache/ratis/ratis-proto/2.2.0/ratis-proto-2.2.0.jar:"/>
    <property name="java.vm.vendor" value="AdoptOpenJDK"/>
    <property name="sun.arch.data.model" value="64"/>
    <property name="test.build.dir" value="/home/runner/work/ozone/ozone/hadoop-ozone/integration-test/target/test-dir"/>
    <property name="test.cache.data" value=""/>
    <property name="java.vendor.url" value="https://adoptopenjdk.net/"/>
    <property name="user.timezone" value=""/>
    <property name="java.vm.specification.version" value="1.8"/>
    <property name="os.name" value="Linux"/>
    <property name="test.build.data" value="/home/runner/work/ozone/ozone/hadoop-ozone/integration-test/target/test-dir"/>
    <property name="sun.java.launcher" value="SUN_STANDARD"/>
    <property name="sun.boot.library.path" value="/usr/lib/jvm/adoptopenjdk-8-hotspot-amd64/jre/lib/amd64"/>
    <property name="sun.java.command" value="/home/runner/work/ozone/ozone/hadoop-ozone/integration-test/target/surefire/surefirebooter1749734962071708475.jar /home/runner/work/ozone/ozone/hadoop-ozone/integration-test/target/surefire 2021-11-10T23-45-38_132-jvmRun1 surefire8255874289091419556tmp surefire_62954774344173732340tmp"/>
    <property name="surefire.test.class.path" value="/home/runner/work/ozone/ozone/hadoop-ozone/integration-test/target/test-classes:/home/runner/work/ozone/ozone/hadoop-ozone/integration-test/target/classes:/home/runner/.m2/repository/org/apache/ozone/ozone-common/1.2.0-SNAPSHOT/ozone-common-1.2.0-SNAPSHOT.jar:/home/runner/.m2/repository/org/apache/commons/commons-compress/1.21/commons-compress-1.21.jar:/home/runner/.m2/repository/org/apache/ozone/hdds-common/1.2.0-SNAPSHOT/hdds-common-1.2.0-SNAPSHOT.jar:/home/runner/.m2/repository/org/apache/ozone/hdds-client/1.2.0-SNAPSHOT/hdds-client-1.2.0-SNAPSHOT.jar:/home/runner/.m2/repository/org/apache/ozone/ozone-interface-client/1.2.0-SNAPSHOT/ozone-interface-client-1.2.0-SNAPSHOT.jar:/home/runner/.m2/repository/org/apache/ozone/hdds-test-utils/1.2.0-SNAPSHOT/hdds-test-utils-1.2.0-SNAPSHOT.jar:/home/runner/.m2/repository/com/google/guava/guava/30.1.1-jre/guava-30.1.1-jre.jar:/home/runner/.m2/repository/com/google/guava/failureaccess/1.0.1/failureaccess-1.0.1.jar:/home/runner/.m2/repository/com/google/guava/listenablefuture/9999.0-empty-to-avoid-conflict-with-guava/listenablefuture-9999.0-empty-to-avoid-conflict-with-guava.jar:/home/runner/.m2/repository/com/google/code/findbugs/jsr305/3.0.0/jsr305-3.0.0.jar:/home/runner/.m2/repository/org/checkerframework/checker-qual/3.8.0/checker-qual-3.8.0.jar:/home/runner/.m2/repository/com/google/errorprone/error_prone_annotations/2.2.0/error_prone_annotations-2.2.0.jar:/home/runner/.m2/repository/com/google/j2objc/j2objc-annotations/1.3/j2objc-annotations-1.3.jar:/home/runner/.m2/repository/commons-io/commons-io/2.11.0/commons-io-2.11.0.jar:/home/runner/.m2/repository/commons-logging/commons-logging/1.2/commons-logging-1.2.jar:/home/runner/.m2/repository/log4j/log4j/1.2.17/log4j-1.2.17.jar:/home/runner/.m2/repository/org/slf4j/slf4j-api/1.7.30/slf4j-api-1.7.30.jar:/home/runner/.m2/repository/org/apache/ozone/hdds-server-scm/1.2.0-SNAPSHOT/hdds-server-scm-1.2.0-SNAPSHOT.jar:/home/runner/.m2/repository/org/apache/ozone/hdds-container-service/1.2.0-SNAPSHOT/hdds-container-service-1.2.0-SNAPSHOT.jar:/home/runner/.m2/repository/org/apache/ozone/hdds-hadoop-dependency-server/1.2.0-SNAPSHOT/hdds-hadoop-dependency-server-1.2.0-SNAPSHOT.jar:/home/runner/.m2/repository/org/apache/hadoop/hadoop-hdfs/3.3.1/hadoop-hdfs-3.3.1.jar:/home/runner/.m2/repository/org/apache/ozone/hdds-server-framework/1.2.0-SNAPSHOT/hdds-server-framework-1.2.0-SNAPSHOT.jar:/home/runner/.m2/repository/org/apache/ozone/hdds-interface-server/1.2.0-SNAPSHOT/hdds-interface-server-1.2.0-SNAPSHOT.jar:/home/runner/.m2/repository/org/eclipse/jetty/jetty-servlet/9.4.43.v20210629/jetty-servlet-9.4.43.v20210629.jar:/home/runner/.m2/repository/org/eclipse/jetty/jetty-security/9.4.43.v20210629/jetty-security-9.4.43.v20210629.jar:/home/runner/.m2/repository/org/rocksdb/rocksdbjni/6.25.3/rocksdbjni-6.25.3.jar:/home/runner/.m2/repository/io/prometheus/simpleclient_dropwizard/0.7.0/simpleclient_dropwizard-0.7.0.jar:/home/runner/.m2/repository/io/prometheus/simpleclient/0.7.0/simpleclient-0.7.0.jar:/home/runner/.m2/repository/io/prometheus/simpleclient_common/0.7.0/simpleclient_common-0.7.0.jar:/home/runner/.m2/repository/com/fasterxml/jackson/datatype/jackson-datatype-jsr310/2.12.1/jackson-datatype-jsr310-2.12.1.jar:/home/runner/.m2/repository/io/dropwizard/metrics/metrics-core/3.2.4/metrics-core-3.2.4.jar:/home/runner/.m2/repository/org/apache/hadoop/hadoop-hdfs-client/3.3.1/hadoop-hdfs-client-3.3.1.jar:/home/runner/.m2/repository/org/bouncycastle/bcprov-jdk15on/1.67/bcprov-jdk15on-1.67.jar:/home/runner/.m2/repository/com/google/protobuf/protobuf-java/2.5.0/protobuf-java-2.5.0.jar:/home/runner/.m2/repository/org/apache/ozone/ozone-manager/1.2.0-SNAPSHOT/ozone-manager-1.2.0-SNAPSHOT.jar:/home/runner/.m2/repository/org/aspectj/aspectjrt/1.9.7/aspectjrt-1.9.7.jar:/home/runner/.m2/repository/org/aspectj/aspectjweaver/1.9.7/aspectjweaver-1.9.7.jar:/home/runner/.m2/repository/org/apache/ozone/hdds-interface-client/1.2.0-SNAPSHOT/hdds-interface-client-1.2.0-SNAPSHOT.jar:/home/runner/.m2/repository/org/apache/hadoop/thirdparty/hadoop-shaded-protobuf_3_7/1.1.1/hadoop-shaded-protobuf_3_7-1.1.1.jar:/home/runner/.m2/repository/org/apache/ozone/ozone-interface-storage/1.2.0-SNAPSHOT/ozone-interface-storage-1.2.0-SNAPSHOT.jar:/home/runner/.m2/repository/org/reflections/reflections/0.9.11/reflections-0.9.11.jar:/home/runner/.m2/repository/org/apache/hadoop/hadoop-minikdc/3.3.1/hadoop-minikdc-3.3.1.jar:/home/runner/.m2/repository/org/apache/kerby/kerb-simplekdc/1.0.1/kerb-simplekdc-1.0.1.jar:/home/runner/.m2/repository/org/apache/kerby/kerb-client/1.0.1/kerb-client-1.0.1.jar:/home/runner/.m2/repository/org/apache/kerby/kerby-config/1.0.1/kerby-config-1.0.1.jar:/home/runner/.m2/repository/org/apache/kerby/kerb-common/1.0.1/kerb-common-1.0.1.jar:/home/runner/.m2/repository/org/apache/kerby/kerb-crypto/1.0.1/kerb-crypto-1.0.1.jar:/home/runner/.m2/repository/org/apache/kerby/kerb-util/1.0.1/kerb-util-1.0.1.jar:/home/runner/.m2/repository/org/apache/kerby/token-provider/1.0.1/token-provider-1.0.1.jar:/home/runner/.m2/repository/org/apache/kerby/kerb-admin/1.0.1/kerb-admin-1.0.1.jar:/home/runner/.m2/repository/org/apache/kerby/kerb-server/1.0.1/kerb-server-1.0.1.jar:/home/runner/.m2/repository/org/apache/kerby/kerb-identity/1.0.1/kerb-identity-1.0.1.jar:/home/runner/.m2/repository/org/apache/kerby/kerby-xdr/1.0.1/kerby-xdr-1.0.1.jar:/home/runner/.m2/repository/org/slf4j/slf4j-log4j12/1.7.30/slf4j-log4j12-1.7.30.jar:/home/runner/.m2/repository/org/apache/ozone/ozone-s3gateway/1.2.0-SNAPSHOT/ozone-s3gateway-1.2.0-SNAPSHOT.jar:/home/runner/.m2/repository/org/javassist/javassist/3.21.0-GA/javassist-3.21.0-GA.jar:/home/runner/.m2/repository/org/jboss/weld/servlet/weld-servlet/2.4.7.Final/weld-servlet-2.4.7.Final.jar:/home/runner/.m2/repository/org/glassfish/jersey/containers/jersey-container-servlet-core/2.33/jersey-container-servlet-core-2.33.jar:/home/runner/.m2/repository/org/glassfish/hk2/external/jakarta.inject/2.6.1/jakarta.inject-2.6.1.jar:/home/runner/.m2/repository/org/glassfish/jersey/core/jersey-common/2.33/jersey-common-2.33.jar:/home/runner/.m2/repository/jakarta/ws/rs/jakarta.ws.rs-api/2.1.6/jakarta.ws.rs-api-2.1.6.jar:/home/runner/.m2/repository/org/glassfish/jersey/ext/cdi/jersey-cdi1x/2.33/jersey-cdi1x-2.33.jar:/home/runner/.m2/repository/org/glassfish/jersey/inject/jersey-hk2/2.33/jersey-hk2-2.33.jar:/home/runner/.m2/repository/org/glassfish/hk2/hk2-locator/2.6.1/hk2-locator-2.6.1.jar:/home/runner/.m2/repository/org/glassfish/jersey/media/jersey-media-jaxb/2.33/jersey-media-jaxb-2.33.jar:/home/runner/.m2/repository/org/glassfish/hk2/osgi-resource-locator/1.0.3/osgi-resource-locator-1.0.3.jar:/home/runner/.m2/repository/org/glassfish/hk2/hk2-api/2.5.0/hk2-api-2.5.0.jar:/home/runner/.m2/repository/org/glassfish/hk2/hk2-utils/2.5.0/hk2-utils-2.5.0.jar:/home/runner/.m2/repository/org/glassfish/hk2/external/aopalliance-repackaged/2.5.0/aopalliance-repackaged-2.5.0.jar:/home/runner/.m2/repository/com/fasterxml/jackson/dataformat/jackson-dataformat-xml/2.12.1/jackson-dataformat-xml-2.12.1.jar:/home/runner/.m2/repository/com/fasterxml/jackson/core/jackson-core/2.12.1/jackson-core-2.12.1.jar:/home/runner/.m2/repository/com/fasterxml/jackson/module/jackson-module-jaxb-annotations/2.12.1/jackson-module-jaxb-annotations-2.12.1.jar:/home/runner/.m2/repository/jakarta/xml/bind/jakarta.xml.bind-api/2.3.2/jakarta.xml.bind-api-2.3.2.jar:/home/runner/.m2/repository/org/codehaus/woodstox/stax2-api/3.1.4/stax2-api-3.1.4.jar:/home/runner/.m2/repository/com/fasterxml/woodstox/woodstox-core/5.0.3/woodstox-core-5.0.3.jar:/home/runner/.m2/repository/javax/enterprise/cdi-api/1.2/cdi-api-1.2.jar:/home/runner/.m2/repository/javax/el/javax.el-api/3.0.0/javax.el-api-3.0.0.jar:/home/runner/.m2/repository/javax/interceptor/javax.interceptor-api/1.2/javax.interceptor-api-1.2.jar:/home/runner/.m2/repository/javax/inject/javax.inject/1/javax.inject-1.jar:/home/runner/.m2/repository/javax/xml/bind/jaxb-api/2.3.0/jaxb-api-2.3.0.jar:/home/runner/.m2/repository/org/glassfish/jaxb/jaxb-runtime/2.3.0.1/jaxb-runtime-2.3.0.1.jar:/home/runner/.m2/repository/org/glassfish/jaxb/jaxb-core/2.3.0.1/jaxb-core-2.3.0.1.jar:/home/runner/.m2/repository/org/glassfish/jaxb/txw2/2.3.0.1/txw2-2.3.0.1.jar:/home/runner/.m2/repository/com/sun/istack/istack-commons-runtime/3.0.5/istack-commons-runtime-3.0.5.jar:/home/runner/.m2/repository/org/jvnet/staxex/stax-ex/1.7.8/stax-ex-1.7.8.jar:/home/runner/.m2/repository/com/sun/xml/fastinfoset/FastInfoset/1.2.13/FastInfoset-1.2.13.jar:/home/runner/.m2/repository/javax/activation/activation/1.1.1/activation-1.1.1.jar:/home/runner/.m2/repository/org/apache/ozone/ozone-csi/1.2.0-SNAPSHOT/ozone-csi-1.2.0-SNAPSHOT.jar:/home/runner/.m2/repository/com/google/protobuf/protobuf-java-util/3.12.0/protobuf-java-util-3.12.0.jar:/home/runner/.m2/repository/com/google/code/gson/gson/2.2.4/gson-2.2.4.jar:/home/runner/.m2/repository/org/apache/ozone/hdds-config/1.2.0-SNAPSHOT/hdds-config-1.2.0-SNAPSHOT.jar:/home/runner/.m2/repository/io/grpc/grpc-netty/1.33.0/grpc-netty-1.33.0.jar:/home/runner/.m2/repository/io/grpc/grpc-core/1.33.0/grpc-core-1.33.0.jar:/home/runner/.m2/repository/com/google/android/annotations/4.1.1.4/annotations-4.1.1.4.jar:/home/runner/.m2/repository/io/netty/netty-codec-http2/4.1.63.Final/netty-codec-http2-4.1.63.Final.jar:/home/runner/.m2/repository/io/netty/netty-codec-http/4.1.63.Final/netty-codec-http-4.1.63.Final.jar:/home/runner/.m2/repository/io/netty/netty-handler-proxy/4.1.63.Final/netty-handler-proxy-4.1.63.Final.jar:/home/runner/.m2/repository/io/netty/netty-codec-socks/4.1.63.Final/netty-codec-socks-4.1.63.Final.jar:/home/runner/.m2/repository/io/perfmark/perfmark-api/0.19.0/perfmark-api-0.19.0.jar:/home/runner/.m2/repository/org/codehaus/mojo/animal-sniffer-annotations/1.18/animal-sniffer-annotations-1.18.jar:/home/runner/.m2/repository/io/netty/netty-transport-native-epoll/4.1.63.Final/netty-transport-native-epoll-4.1.63.Final.jar:/home/runner/.m2/repository/io/netty/netty-common/4.1.63.Final/netty-common-4.1.63.Final.jar:/home/runner/.m2/repository/io/netty/netty-buffer/4.1.63.Final/netty-buffer-4.1.63.Final.jar:/home/runner/.m2/repository/io/netty/netty-transport-native-unix-common/4.1.63.Final/netty-transport-native-unix-common-4.1.63.Final.jar:/home/runner/.m2/repository/io/grpc/grpc-protobuf/1.33.0/grpc-protobuf-1.33.0.jar:/home/runner/.m2/repository/io/grpc/grpc-api/1.33.0/grpc-api-1.33.0.jar:/home/runner/.m2/repository/io/grpc/grpc-context/1.33.0/grpc-context-1.33.0.jar:/home/runner/.m2/repository/com/google/api/grpc/proto-google-common-protos/1.17.0/proto-google-common-protos-1.17.0.jar:/home/runner/.m2/repository/io/grpc/grpc-protobuf-lite/1.33.0/grpc-protobuf-lite-1.33.0.jar:/home/runner/.m2/repository/io/grpc/grpc-stub/1.33.0/grpc-stub-1.33.0.jar:/home/runner/.m2/repository/org/apache/ozone/ozone-recon/1.2.0-SNAPSHOT/ozone-recon-1.2.0-SNAPSHOT.jar:/home/runner/.m2/repository/org/apache/ozone/ozone-reconcodegen/1.2.0-SNAPSHOT/ozone-reconcodegen-1.2.0-SNAPSHOT.jar:/home/runner/.m2/repository/com/google/inject/extensions/guice-multibindings/4.0/guice-multibindings-4.0.jar:/home/runner/.m2/repository/com/google/inject/guice/4.0/guice-4.0.jar:/home/runner/.m2/repository/aopalliance/aopalliance/1.0/aopalliance-1.0.jar:/home/runner/.m2/repository/com/google/inject/extensions/guice-assistedinject/4.0/guice-assistedinject-4.0.jar:/home/runner/.m2/repository/com/google/inject/extensions/guice-servlet/4.0/guice-servlet-4.0.jar:/home/runner/.m2/repository/org/glassfish/jersey/containers/jersey-container-servlet/2.33/jersey-container-servlet-2.33.jar:/home/runner/.m2/repository/org/glassfish/hk2/guice-bridge/2.5.0/guice-bridge-2.5.0.jar:/home/runner/.m2/repository/org/glassfish/jersey/core/jersey-server/2.33/jersey-server-2.33.jar:/home/runner/.m2/repository/org/glassfish/jersey/core/jersey-client/2.33/jersey-client-2.33.jar:/home/runner/.m2/repository/jakarta/annotation/jakarta.annotation-api/1.3.5/jakarta.annotation-api-1.3.5.jar:/home/runner/.m2/repository/jakarta/validation/jakarta.validation-api/2.0.2/jakarta.validation-api-2.0.2.jar:/home/runner/.m2/repository/org/glassfish/jersey/media/jersey-media-json-jackson/2.33/jersey-media-json-jackson-2.33.jar:/home/runner/.m2/repository/org/glassfish/jersey/ext/jersey-entity-filtering/2.33/jersey-entity-filtering-2.33.jar:/home/runner/.m2/repository/org/jooq/jooq/3.11.10/jooq-3.11.10.jar:/home/runner/.m2/repository/org/jooq/jooq-meta/3.11.10/jooq-meta-3.11.10.jar:/home/runner/.m2/repository/org/jooq/jooq-codegen/3.11.10/jooq-codegen-3.11.10.jar:/home/runner/.m2/repository/com/jolbox/bonecp/0.8.0.RELEASE/bonecp-0.8.0.RELEASE.jar:/home/runner/.m2/repository/org/apache/derby/derby/10.14.2.0/derby-10.14.2.0.jar:/home/runner/.m2/repository/org/xerial/sqlite-jdbc/3.25.2/sqlite-jdbc-3.25.2.jar:/home/runner/.m2/repository/org/springframework/spring-jdbc/5.2.18.RELEASE/spring-jdbc-5.2.18.RELEASE.jar:/home/runner/.m2/repository/org/springframework/spring-beans/5.2.18.RELEASE/spring-beans-5.2.18.RELEASE.jar:/home/runner/.m2/repository/org/springframework/spring-core/5.2.18.RELEASE/spring-core-5.2.18.RELEASE.jar:/home/runner/.m2/repository/org/springframework/spring-jcl/5.2.18.RELEASE/spring-jcl-5.2.18.RELEASE.jar:/home/runner/.m2/repository/org/springframework/spring-tx/5.2.18.RELEASE/spring-tx-5.2.18.RELEASE.jar:/home/runner/.m2/repository/org/apache/ozone/ozone-client/1.2.0-SNAPSHOT/ozone-client-1.2.0-SNAPSHOT.jar:/home/runner/.m2/repository/org/apache/ozone/ozone-filesystem/1.2.0-SNAPSHOT/ozone-filesystem-1.2.0-SNAPSHOT.jar:/home/runner/.m2/repository/org/apache/ozone/ozone-filesystem-common/1.2.0-SNAPSHOT/ozone-filesystem-common-1.2.0-SNAPSHOT.jar:/home/runner/.m2/repository/org/apache/ozone/ozone-tools/1.2.0-SNAPSHOT/ozone-tools-1.2.0-SNAPSHOT.jar:/home/runner/.m2/repository/org/apache/ratis/ratis-tools/2.2.0/ratis-tools-2.2.0.jar:/home/runner/.m2/repository/com/amazonaws/aws-java-sdk-core/1.11.1034/aws-java-sdk-core-1.11.1034.jar:/home/runner/.m2/repository/org/apache/httpcomponents/httpclient/4.5.13/httpclient-4.5.13.jar:/home/runner/.m2/repository/org/apache/httpcomponents/httpcore/4.4.13/httpcore-4.4.13.jar:/home/runner/.m2/repository/software/amazon/ion/ion-java/1.0.2/ion-java-1.0.2.jar:/home/runner/.m2/repository/com/fasterxml/jackson/dataformat/jackson-dataformat-cbor/2.12.1/jackson-dataformat-cbor-2.12.1.jar:/home/runner/.m2/repository/joda-time/joda-time/2.8.1/joda-time-2.8.1.jar:/home/runner/.m2/repository/com/amazonaws/aws-java-sdk-s3/1.11.1034/aws-java-sdk-s3-1.11.1034.jar:/home/runner/.m2/repository/com/amazonaws/aws-java-sdk-kms/1.11.1034/aws-java-sdk-kms-1.11.1034.jar:/home/runner/.m2/repository/com/amazonaws/jmespath-java/1.11.1034/jmespath-java-1.11.1034.jar:/home/runner/.m2/repository/org/kohsuke/metainf-services/metainf-services/1.8/metainf-services-1.8.jar:/home/runner/.m2/repository/org/apache/ozone/hdds-tools/1.2.0-SNAPSHOT/hdds-tools-1.2.0-SNAPSHOT.jar:/home/runner/.m2/repository/commons-cli/commons-cli/1.2/commons-cli-1.2.jar:/home/runner/.m2/repository/org/apache/commons/commons-lang3/3.7/commons-lang3-3.7.jar:/home/runner/.m2/repository/org/apache/ozone/ozone-manager/1.2.0-SNAPSHOT/ozone-manager-1.2.0-SNAPSHOT-tests.jar:/home/runner/.m2/repository/org/apache/ozone/hdds-common/1.2.0-SNAPSHOT/hdds-common-1.2.0-SNAPSHOT-tests.jar:/home/runner/.m2/repository/org/apache/ozone/hdds-hadoop-dependency-client/1.2.0-SNAPSHOT/hdds-hadoop-dependency-client-1.2.0-SNAPSHOT.jar:/home/runner/.m2/repository/info/picocli/picocli/4.6.1/picocli-4.6.1.jar:/home/runner/.m2/repository/com/fasterxml/jackson/core/jackson-annotations/2.12.1/jackson-annotations-2.12.1.jar:/home/runner/.m2/repository/javax/annotation/javax.annotation-api/1.2/javax.annotation-api-1.2.jar:/home/runner/.m2/repository/org/apache/ratis/ratis-server/2.2.0/ratis-server-2.2.0.jar:/home/runner/.m2/repository/org/apache/ratis/ratis-client/2.2.0/ratis-client-2.2.0.jar:/home/runner/.m2/repository/org/apache/ratis/ratis-server-api/2.2.0/ratis-server-api-2.2.0.jar:/home/runner/.m2/repository/org/apache/ratis/ratis-metrics/2.2.0/ratis-metrics-2.2.0.jar:/home/runner/.m2/repository/org/apache/ratis/ratis-netty/2.2.0/ratis-netty-2.2.0.jar:/home/runner/.m2/repository/org/apache/ratis/ratis-grpc/2.2.0/ratis-grpc-2.2.0.jar:/home/runner/.m2/repository/org/apache/logging/log4j/log4j-api/2.13.3/log4j-api-2.13.3.jar:/home/runner/.m2/repository/org/apache/logging/log4j/log4j-core/2.13.3/log4j-core-2.13.3.jar:/home/runner/.m2/repository/com/lmax/disruptor/3.4.2/disruptor-3.4.2.jar:/home/runner/.m2/repository/org/apache/commons/commons-pool2/2.6.0/commons-pool2-2.6.0.jar:/home/runner/.m2/repository/org/bouncycastle/bcpkix-jdk15on/1.67/bcpkix-jdk15on-1.67.jar:/home/runner/.m2/repository/commons-validator/commons-validator/1.6/commons-validator-1.6.jar:/home/runner/.m2/repository/commons-beanutils/commons-beanutils/1.9.4/commons-beanutils-1.9.4.jar:/home/runner/.m2/repository/commons-digester/commons-digester/1.8.1/commons-digester-1.8.1.jar:/home/runner/.m2/repository/commons-collections/commons-collections/3.2.2/commons-collections-3.2.2.jar:/home/runner/.m2/repository/io/jaegertracing/jaeger-client/1.6.0/jaeger-client-1.6.0.jar:/home/runner/.m2/repository/io/jaegertracing/jaeger-thrift/1.6.0/jaeger-thrift-1.6.0.jar:/home/runner/.m2/repository/org/apache/thrift/libthrift/0.14.1/libthrift-0.14.1.jar:/home/runner/.m2/repository/com/squareup/okhttp3/okhttp/4.9.0/okhttp-4.9.0.jar:/home/runner/.m2/repository/com/squareup/okio/okio/2.8.0/okio-2.8.0.jar:/home/runner/.m2/repository/io/jaegertracing/jaeger-core/1.6.0/jaeger-core-1.6.0.jar:/home/runner/.m2/repository/io/jaegertracing/jaeger-tracerresolver/1.6.0/jaeger-tracerresolver-1.6.0.jar:/home/runner/.m2/repository/io/opentracing/contrib/opentracing-tracerresolver/0.1.8/opentracing-tracerresolver-0.1.8.jar:/home/runner/.m2/repository/org/jetbrains/kotlin/kotlin-stdlib/1.4.31/kotlin-stdlib-1.4.31.jar:/home/runner/.m2/repository/org/jetbrains/kotlin/kotlin-stdlib-common/1.4.31/kotlin-stdlib-common-1.4.31.jar:/home/runner/.m2/repository/org/jetbrains/annotations/13.0/annotations-13.0.jar:/home/runner/.m2/repository/io/opentracing/opentracing-util/0.33.0/opentracing-util-0.33.0.jar:/home/runner/.m2/repository/io/opentracing/opentracing-api/0.33.0/opentracing-api-0.33.0.jar:/home/runner/.m2/repository/io/opentracing/opentracing-noop/0.33.0/opentracing-noop-0.33.0.jar:/home/runner/.m2/repository/org/yaml/snakeyaml/1.26/snakeyaml-1.26.jar:/home/runner/.m2/repository/org/apache/ozone/hdds-interface-admin/1.2.0-SNAPSHOT/hdds-interface-admin-1.2.0-SNAPSHOT.jar:/home/runner/.m2/repository/junit/junit/4.13.1/junit-4.13.1.jar:/home/runner/.m2/repository/org/hamcrest/hamcrest-core/1.3/hamcrest-core-1.3.jar:/home/runner/.m2/repository/org/junit/jupiter/junit-jupiter-api/5.7.0/junit-jupiter-api-5.7.0.jar:/home/runner/.m2/repository/org/apiguardian/apiguardian-api/1.1.0/apiguardian-api-1.1.0.jar:/home/runner/.m2/repository/org/opentest4j/opentest4j/1.2.0/opentest4j-1.2.0.jar:/home/runner/.m2/repository/org/junit/platform/junit-platform-commons/1.7.0/junit-platform-commons-1.7.0.jar:/home/runner/.m2/repository/org/junit/jupiter/junit-jupiter-engine/5.7.0/junit-jupiter-engine-5.7.0.jar:/home/runner/.m2/repository/org/junit/platform/junit-platform-engine/1.7.0/junit-platform-engine-1.7.0.jar:/home/runner/.m2/repository/org/junit/vintage/junit-vintage-engine/5.7.0/junit-vintage-engine-5.7.0.jar:/home/runner/.m2/repository/org/junit/platform/junit-platform-launcher/1.7.0/junit-platform-launcher-1.7.0.jar:/home/runner/.m2/repository/org/openjdk/jmh/jmh-core/1.19/jmh-core-1.19.jar:/home/runner/.m2/repository/net/sf/jopt-simple/jopt-simple/4.6/jopt-simple-4.6.jar:/home/runner/.m2/repository/org/apache/commons/commons-math3/3.1.1/commons-math3-3.1.1.jar:/home/runner/.m2/repository/org/openjdk/jmh/jmh-generator-annprocess/1.19/jmh-generator-annprocess-1.19.jar:/home/runner/.m2/repository/org/mockito/mockito-core/2.28.2/mockito-core-2.28.2.jar:/home/runner/.m2/repository/net/bytebuddy/byte-buddy/1.9.10/byte-buddy-1.9.10.jar:/home/runner/.m2/repository/net/bytebuddy/byte-buddy-agent/1.9.10/byte-buddy-agent-1.9.10.jar:/home/runner/.m2/repository/org/objenesis/objenesis/1.0/objenesis-1.0.jar:/home/runner/.m2/repository/org/apache/hadoop/hadoop-kms/3.3.1/hadoop-kms-3.3.1.jar:/home/runner/.m2/repository/org/apache/hadoop/hadoop-auth/3.3.1/hadoop-auth-3.3.1.jar:/home/runner/.m2/repository/com/nimbusds/nimbus-jose-jwt/7.9/nimbus-jose-jwt-7.9.jar:/home/runner/.m2/repository/com/github/stephenc/jcip/jcip-annotations/1.0-1/jcip-annotations-1.0-1.jar:/home/runner/.m2/repository/net/minidev/json-smart/2.3.1/json-smart-2.3.1.jar:/home/runner/.m2/repository/net/minidev/accessors-smart/2.3.1/accessors-smart-2.3.1.jar:/home/runner/.m2/repository/org/ow2/asm/asm/5.0.4/asm-5.0.4.jar:/home/runner/.m2/repository/org/apache/zookeeper/zookeeper/3.5.6/zookeeper-3.5.6.jar:/home/runner/.m2/repository/org/apache/zookeeper/zookeeper-jute/3.5.6/zookeeper-jute-3.5.6.jar:/home/runner/.m2/repository/org/apache/yetus/audience-annotations/0.5.0/audience-annotations-0.5.0.jar:/home/runner/.m2/repository/org/apache/curator/curator-framework/4.2.0/curator-framework-4.2.0.jar:/home/runner/.m2/repository/org/apache/hadoop/thirdparty/hadoop-shaded-guava/1.1.1/hadoop-shaded-guava-1.1.1.jar:/home/runner/.m2/repository/com/sun/jersey/jersey-core/1.19/jersey-core-1.19.jar:/home/runner/.m2/repository/javax/ws/rs/jsr311-api/1.1.1/jsr311-api-1.1.1.jar:/home/runner/.m2/repository/com/sun/jersey/jersey-server/1.19/jersey-server-1.19.jar:/home/runner/.m2/repository/javax/servlet/javax.servlet-api/3.1.0/javax.servlet-api-3.1.0.jar:/home/runner/.m2/repository/org/eclipse/jetty/jetty-server/9.4.43.v20210629/jetty-server-9.4.43.v20210629.jar:/home/runner/.m2/repository/org/eclipse/jetty/jetty-http/9.4.43.v20210629/jetty-http-9.4.43.v20210629.jar:/home/runner/.m2/repository/org/eclipse/jetty/jetty-io/9.4.43.v20210629/jetty-io-9.4.43.v20210629.jar:/home/runner/.m2/repository/org/eclipse/jetty/jetty-webapp/9.4.43.v20210629/jetty-webapp-9.4.43.v20210629.jar:/home/runner/.m2/repository/org/eclipse/jetty/jetty-xml/9.4.43.v20210629/jetty-xml-9.4.43.v20210629.jar:/home/runner/.m2/repository/org/apache/hadoop/hadoop-common/3.3.1/hadoop-common-3.3.1.jar:/home/runner/.m2/repository/commons-net/commons-net/3.6/commons-net-3.6.jar:/home/runner/.m2/repository/jakarta/activation/jakarta.activation-api/1.2.1/jakarta.activation-api-1.2.1.jar:/home/runner/.m2/repository/com/sun/jersey/jersey-servlet/1.19/jersey-servlet-1.19.jar:/home/runner/.m2/repository/com/sun/jersey/jersey-json/1.19/jersey-json-1.19.jar:/home/runner/.m2/repository/org/codehaus/jettison/jettison/1.1/jettison-1.1.jar:/home/runner/.m2/repository/com/sun/xml/bind/jaxb-impl/2.2.3-1/jaxb-impl-2.2.3-1.jar:/home/runner/.m2/repository/org/codehaus/jackson/jackson-jaxrs/1.9.2/jackson-jaxrs-1.9.2.jar:/home/runner/.m2/repository/org/codehaus/jackson/jackson-xc/1.9.2/jackson-xc-1.9.2.jar:/home/runner/.m2/repository/org/apache/commons/commons-configuration2/2.1.1/commons-configuration2-2.1.1.jar:/home/runner/.m2/repository/org/apache/commons/commons-text/1.4/commons-text-1.4.jar:/home/runner/.m2/repository/com/google/re2j/re2j/1.1/re2j-1.1.jar:/home/runner/.m2/repository/com/jcraft/jsch/0.1.54/jsch-0.1.54.jar:/home/runner/.m2/repository/org/apache/curator/curator-client/4.2.0/curator-client-4.2.0.jar:/home/runner/.m2/repository/org/apache/curator/curator-recipes/4.2.0/curator-recipes-4.2.0.jar:/home/runner/.m2/repository/org/apache/kerby/kerb-core/1.0.1/kerb-core-1.0.1.jar:/home/runner/.m2/repository/org/apache/kerby/kerby-pkix/1.0.1/kerby-pkix-1.0.1.jar:/home/runner/.m2/repository/org/apache/kerby/kerby-asn1/1.0.1/kerby-asn1-1.0.1.jar:/home/runner/.m2/repository/org/apache/kerby/kerby-util/1.0.1/kerby-util-1.0.1.jar:/home/runner/.m2/repository/dnsjava/dnsjava/2.1.7/dnsjava-2.1.7.jar:/home/runner/.m2/repository/org/xerial/snappy/snappy-java/1.1.8.2/snappy-java-1.1.8.2.jar:/home/runner/.m2/repository/org/slf4j/jul-to-slf4j/1.7.30/jul-to-slf4j-1.7.30.jar:/home/runner/.m2/repository/org/eclipse/jetty/jetty-util/9.4.43.v20210629/jetty-util-9.4.43.v20210629.jar:/home/runner/.m2/repository/com/fasterxml/jackson/core/jackson-databind/2.12.1/jackson-databind-2.12.1.jar:/home/runner/.m2/repository/org/apache/hadoop/hadoop-kms/3.3.1/hadoop-kms-3.3.1-tests.jar:/home/runner/.m2/repository/org/apache/ozone/hdds-server-scm/1.2.0-SNAPSHOT/hdds-server-scm-1.2.0-SNAPSHOT-tests.jar:/home/runner/.m2/repository/org/apache/ozone/hdds-container-service/1.2.0-SNAPSHOT/hdds-container-service-1.2.0-SNAPSHOT-tests.jar:/home/runner/.m2/repository/commons-codec/commons-codec/1.11/commons-codec-1.11.jar:/home/runner/.m2/repository/io/netty/netty-transport/4.1.63.Final/netty-transport-4.1.63.Final.jar:/home/runner/.m2/repository/io/netty/netty-resolver/4.1.63.Final/netty-resolver-4.1.63.Final.jar:/home/runner/.m2/repository/io/netty/netty-codec/4.1.63.Final/netty-codec-4.1.63.Final.jar:/home/runner/.m2/repository/io/netty/netty-handler/4.1.63.Final/netty-handler-4.1.63.Final.jar:/home/runner/.m2/repository/org/apache/ozone/hdds-hadoop-dependency-test/1.2.0-SNAPSHOT/hdds-hadoop-dependency-test-1.2.0-SNAPSHOT.jar:/home/runner/.m2/repository/org/apache/hadoop/hadoop-common/3.3.1/hadoop-common-3.3.1-tests.jar:/home/runner/.m2/repository/org/assertj/assertj-core/3.12.2/assertj-core-3.12.2.jar:/home/runner/.m2/repository/org/apache/hadoop/hadoop-hdfs/3.3.1/hadoop-hdfs-3.3.1-tests.jar:/home/runner/.m2/repository/org/eclipse/jetty/jetty-util-ajax/9.4.43.v20210629/jetty-util-ajax-9.4.43.v20210629.jar:/home/runner/.m2/repository/commons-daemon/commons-daemon/1.0.13/commons-daemon-1.0.13.jar:/home/runner/.m2/repository/io/netty/netty/3.10.6.Final/netty-3.10.6.Final.jar:/home/runner/.m2/repository/io/netty/netty-all/4.1.63.Final/netty-all-4.1.63.Final.jar:/home/runner/.m2/repository/org/apache/htrace/htrace-core4/4.1.0-incubating/htrace-core4-4.1.0-incubating.jar:/home/runner/.m2/repository/org/fusesource/leveldbjni/leveldbjni-all/1.8/leveldbjni-all-1.8.jar:/home/runner/.m2/repository/org/apache/hadoop/hadoop-distcp/3.3.1/hadoop-distcp-3.3.1.jar:/home/runner/.m2/repository/org/apache/hadoop/hadoop-mapreduce-client-jobclient/3.3.1/hadoop-mapreduce-client-jobclient-3.3.1.jar:/home/runner/.m2/repository/org/apache/hadoop/hadoop-mapreduce-client-common/3.3.1/hadoop-mapreduce-client-common-3.3.1.jar:/home/runner/.m2/repository/org/apache/hadoop/hadoop-yarn-common/3.3.1/hadoop-yarn-common-3.3.1.jar:/home/runner/.m2/repository/org/apache/hadoop/hadoop-yarn-api/3.3.1/hadoop-yarn-api-3.3.1.jar:/home/runner/.m2/repository/com/sun/jersey/jersey-client/1.19/jersey-client-1.19.jar:/home/runner/.m2/repository/com/sun/jersey/contribs/jersey-guice/1.19/jersey-guice-1.19.jar:/home/runner/.m2/repository/com/fasterxml/jackson/jaxrs/jackson-jaxrs-json-provider/2.12.1/jackson-jaxrs-json-provider-2.12.1.jar:/home/runner/.m2/repository/com/fasterxml/jackson/jaxrs/jackson-jaxrs-base/2.12.1/jackson-jaxrs-base-2.12.1.jar:/home/runner/.m2/repository/org/apache/hadoop/hadoop-yarn-client/3.3.1/hadoop-yarn-client-3.3.1.jar:/home/runner/.m2/repository/org/eclipse/jetty/websocket/websocket-client/9.4.40.v20210413/websocket-client-9.4.40.v20210413.jar:/home/runner/.m2/repository/org/eclipse/jetty/jetty-client/9.4.40.v20210413/jetty-client-9.4.40.v20210413.jar:/home/runner/.m2/repository/org/eclipse/jetty/websocket/websocket-common/9.4.40.v20210413/websocket-common-9.4.40.v20210413.jar:/home/runner/.m2/repository/org/eclipse/jetty/websocket/websocket-api/9.4.40.v20210413/websocket-api-9.4.40.v20210413.jar:/home/runner/.m2/repository/org/jline/jline/3.9.0/jline-3.9.0.jar:/home/runner/.m2/repository/org/apache/hadoop/hadoop-mapreduce-client-core/3.3.1/hadoop-mapreduce-client-core-3.3.1.jar:/home/runner/.m2/repository/org/apache/avro/avro/1.7.7/avro-1.7.7.jar:/home/runner/.m2/repository/org/codehaus/jackson/jackson-core-asl/1.9.13/jackson-core-asl-1.9.13.jar:/home/runner/.m2/repository/org/codehaus/jackson/jackson-mapper-asl/1.9.13/jackson-mapper-asl-1.9.13.jar:/home/runner/.m2/repository/com/thoughtworks/paranamer/paranamer/2.3/paranamer-2.3.jar:/home/runner/.m2/repository/org/apache/hadoop/hadoop-annotations/3.3.1/hadoop-annotations-3.3.1.jar:/usr/lib/jvm/adoptopenjdk-8-hotspot-amd64/jre/../lib/tools.jar:/home/runner/.m2/repository/org/apache/hadoop/hadoop-distcp/3.3.1/hadoop-distcp-3.3.1-tests.jar:/home/runner/.m2/repository/org/apache/ratis/ratis-common/2.2.0/ratis-common-2.2.0.jar:/home/runner/.m2/repository/org/apache/ratis/ratis-thirdparty-misc/0.7.0/ratis-thirdparty-misc-0.7.0.jar:/home/runner/.m2/repository/org/apache/ratis/ratis-proto/2.2.0/ratis-proto-2.2.0.jar:"/>
    <property name="sun.cpu.endian" value="little"/>
    <property name="user.home" value="/home/runner"/>
    <property name="user.language" value="en"/>
    <property name="java.specification.vendor" value="Oracle Corporation"/>
    <property name="java.home" value="/usr/lib/jvm/adoptopenjdk-8-hotspot-amd64/jre"/>
    <property name="java.security.krb5.conf" value="/home/runner/work/ozone/ozone/hadoop-ozone/integration-test/target/test-classes/krb5.conf"/>
    <property name="basedir" value="/home/runner/work/ozone/ozone/hadoop-ozone/integration-test"/>
    <property name="file.separator" value="/"/>
    <property name="line.separator" value="&#10;"/>
    <property name="java.vm.specification.vendor" value="Oracle Corporation"/>
    <property name="java.specification.name" value="Java Platform API Specification"/>
    <property name="java.awt.graphicsenv" value="sun.awt.X11GraphicsEnvironment"/>
    <property name="skip.installnpx" value="true"/>
    <property name="surefire.real.class.path" value="/home/runner/work/ozone/ozone/hadoop-ozone/integration-test/target/surefire/surefirebooter1749734962071708475.jar:/home/runner/.m2/repository/org/jacoco/org.jacoco.agent/0.8.5/org.jacoco.agent-0.8.5-runtime.jar"/>
    <property name="hadoop.log.dir" value="/home/runner/work/ozone/ozone/hadoop-ozone/integration-test/target/log"/>
    <property name="sun.boot.class.path" value="/usr/lib/jvm/adoptopenjdk-8-hotspot-amd64/jre/lib/resources.jar:/usr/lib/jvm/adoptopenjdk-8-hotspot-amd64/jre/lib/rt.jar:/usr/lib/jvm/adoptopenjdk-8-hotspot-amd64/jre/lib/sunrsasign.jar:/usr/lib/jvm/adoptopenjdk-8-hotspot-amd64/jre/lib/jsse.jar:/usr/lib/jvm/adoptopenjdk-8-hotspot-amd64/jre/lib/jce.jar:/usr/lib/jvm/adoptopenjdk-8-hotspot-amd64/jre/lib/charsets.jar:/usr/lib/jvm/adoptopenjdk-8-hotspot-amd64/jre/lib/jfr.jar:/usr/lib/jvm/adoptopenjdk-8-hotspot-amd64/jre/classes"/>
    <property name="sun.management.compiler" value="HotSpot 64-Bit Tiered Compilers"/>
    <property name="skip.npx" value="true"/>
    <property name="java.runtime.version" value="1.8.0_292-b10"/>
    <property name="java.net.preferIPv4Stack" value="true"/>
    <property name="user.name" value="runner"/>
    <property name="path.separator" value=":"/>
    <property name="java.security.egd" value="file:///dev/urandom"/>
    <property name="os.version" value="5.4.0-1062-azure"/>
    <property name="java.endorsed.dirs" value="/usr/lib/jvm/adoptopenjdk-8-hotspot-amd64/jre/lib/endorsed"/>
    <property name="java.runtime.name" value="OpenJDK Runtime Environment"/>
    <property name="file.encoding" value="UTF-8"/>
    <property name="java.vm.name" value="OpenJDK 64-Bit Server VM"/>
    <property name="test.build.webapps" value=""/>
    <property name="localRepository" value="/home/runner/.m2/repository"/>
    <property name="java.vendor.url.bug" value="https://github.com/AdoptOpenJDK/openjdk-support/issues"/>
    <property name="java.io.tmpdir" value="/tmp"/>
    <property name="require.test.libhadoop" value=""/>
    <property name="java.version" value="1.8.0_292"/>
    <property name="user.dir" value="/home/runner/work/ozone/ozone/hadoop-ozone/integration-test"/>
    <property name="os.arch" value="amd64"/>
    <property name="java.vm.specification.name" value="Java Virtual Machine Specification"/>
    <property name="test.build.classes" value="/home/runner/work/ozone/ozone/hadoop-ozone/integration-test/target/test-classes"/>
    <property name="java.awt.printerjob" value="sun.print.PSPrinterJob"/>
    <property name="sun.os.patch.level" value="unknown"/>
    <property name="hadoop.tmp.dir" value="/home/runner/work/ozone/ozone/hadoop-ozone/integration-test/target/tmp"/>
    <property name="java.library.path" value="/usr/java/packages/lib/amd64:/usr/lib64:/lib64:/lib:/usr/lib"/>
    <property name="java.vm.info" value="mixed mode"/>
    <property name="java.vendor" value="AdoptOpenJDK"/>
    <property name="java.vm.version" value="25.292-b10"/>
    <property name="java.ext.dirs" value="/usr/lib/jvm/adoptopenjdk-8-hotspot-amd64/jre/lib/ext:/usr/java/packages/lib/ext"/>
    <property name="sun.io.unicode.encoding" value="UnicodeLittle"/>
    <property name="java.class.version" value="52.0"/>
  </properties>
  <testcase name="testWatchForCommitWithKeyWrite" classname="org.apache.hadoop.ozone.client.rpc.TestWatchForCommit" time="83.923"/>
  <testcase name="testWatchForCommitForRetryfailure" classname="org.apache.hadoop.ozone.client.rpc.TestWatchForCommit" time="88.126"/>
  <testcase name="testWatchForCommitForGroupMismatchException" classname="org.apache.hadoop.ozone.client.rpc.TestWatchForCommit" time="62.465"/>
  <testcase name="test2WayCommitForTimeoutException" classname="org.apache.hadoop.ozone.client.rpc.TestWatchForCommit" time="74.862">
    <error message="org.apache.ratis.protocol.exceptions.AlreadyClosedException: SlidingWindow$Client:client-AE4B0BDC3743-&gt;RAFT is closed." type="java.util.concurrent.ExecutionException">java.util.concurrent.ExecutionException: org.apache.ratis.protocol.exceptions.AlreadyClosedException: SlidingWindow$Client:client-AE4B0BDC3743->RAFT is closed.
	at java.util.concurrent.CompletableFuture.reportGet(CompletableFuture.java:357)
	at java.util.concurrent.CompletableFuture.get(CompletableFuture.java:1908)
	at org.apache.hadoop.ozone.client.rpc.TestWatchForCommit.test2WayCommitForTimeoutException(TestWatchForCommit.java:310)
	at sun.reflect.NativeMethodAccessorImpl.invoke0(Native Method)
	at sun.reflect.NativeMethodAccessorImpl.invoke(NativeMethodAccessorImpl.java:62)
	at sun.reflect.DelegatingMethodAccessorImpl.invoke(DelegatingMethodAccessorImpl.java:43)
	at java.lang.reflect.Method.invoke(Method.java:498)
	at org.junit.runners.model.FrameworkMethod$1.runReflectiveCall(FrameworkMethod.java:59)
	at org.junit.internal.runners.model.ReflectiveCallable.run(ReflectiveCallable.java:12)
	at org.junit.runners.model.FrameworkMethod.invokeExplosively(FrameworkMethod.java:56)
	at org.junit.internal.runners.statements.InvokeMethod.evaluate(InvokeMethod.java:17)
	at org.junit.internal.runners.statements.RunBefores.evaluate(RunBefores.java:26)
	at org.junit.internal.runners.statements.RunAfters.evaluate(RunAfters.java:27)
	at org.junit.runners.ParentRunner$3.evaluate(ParentRunner.java:306)
	at org.junit.runners.BlockJUnit4ClassRunner$1.evaluate(BlockJUnit4ClassRunner.java:100)
	at org.junit.runners.ParentRunner.runLeaf(ParentRunner.java:366)
	at org.junit.runners.BlockJUnit4ClassRunner.runChild(BlockJUnit4ClassRunner.java:103)
	at org.junit.runners.BlockJUnit4ClassRunner.runChild(BlockJUnit4ClassRunner.java:63)
	at org.junit.runners.ParentRunner$4.run(ParentRunner.java:331)
	at org.junit.runners.ParentRunner$1.schedule(ParentRunner.java:79)
	at org.junit.runners.ParentRunner.runChildren(ParentRunner.java:329)
	at org.junit.runners.ParentRunner.access$100(ParentRunner.java:66)
	at org.junit.runners.ParentRunner$2.evaluate(ParentRunner.java:293)
	at org.junit.runners.ParentRunner$3.evaluate(ParentRunner.java:306)
	at org.junit.runners.ParentRunner.run(ParentRunner.java:413)
	at org.junit.runner.JUnitCore.run(JUnitCore.java:137)
	at org.junit.runner.JUnitCore.run(JUnitCore.java:115)
	at org.junit.vintage.engine.execution.RunnerExecutor.execute(RunnerExecutor.java:43)
	at java.util.stream.ForEachOps$ForEachOp$OfRef.accept(ForEachOps.java:183)
	at java.util.stream.ReferencePipeline$3$1.accept(ReferencePipeline.java:193)
	at java.util.Iterator.forEachRemaining(Iterator.java:116)
	at java.util.Spliterators$IteratorSpliterator.forEachRemaining(Spliterators.java:1801)
	at java.util.stream.AbstractPipeline.copyInto(AbstractPipeline.java:482)
	at java.util.stream.AbstractPipeline.wrapAndCopyInto(AbstractPipeline.java:472)
	at java.util.stream.ForEachOps$ForEachOp.evaluateSequential(ForEachOps.java:150)
	at java.util.stream.ForEachOps$ForEachOp$OfRef.evaluateSequential(ForEachOps.java:173)
	at java.util.stream.AbstractPipeline.evaluate(AbstractPipeline.java:234)
	at java.util.stream.ReferencePipeline.forEach(ReferencePipeline.java:485)
	at org.junit.vintage.engine.VintageTestEngine.executeAllChildren(VintageTestEngine.java:82)
	at org.junit.vintage.engine.VintageTestEngine.execute(VintageTestEngine.java:73)
	at org.junit.platform.launcher.core.EngineExecutionOrchestrator.execute(EngineExecutionOrchestrator.java:108)
	at org.junit.platform.launcher.core.EngineExecutionOrchestrator.execute(EngineExecutionOrchestrator.java:88)
	at org.junit.platform.launcher.core.EngineExecutionOrchestrator.lambda$execute$0(EngineExecutionOrchestrator.java:54)
	at org.junit.platform.launcher.core.EngineExecutionOrchestrator.withInterceptedStreams(EngineExecutionOrchestrator.java:67)
	at org.junit.platform.launcher.core.EngineExecutionOrchestrator.execute(EngineExecutionOrchestrator.java:52)
	at org.junit.platform.launcher.core.DefaultLauncher.execute(DefaultLauncher.java:96)
	at org.junit.platform.launcher.core.DefaultLauncher.execute(DefaultLauncher.java:75)
	at org.apache.maven.surefire.junitplatform.JUnitPlatformProvider.invokeAllTests(JUnitPlatformProvider.java:142)
	at org.apache.maven.surefire.junitplatform.JUnitPlatformProvider.invoke(JUnitPlatformProvider.java:113)
	at org.apache.maven.surefire.booter.ForkedBooter.invokeProviderInSameClassLoader(ForkedBooter.java:384)
	at org.apache.maven.surefire.booter.ForkedBooter.runSuitesInProcess(ForkedBooter.java:345)
	at org.apache.maven.surefire.booter.ForkedBooter.execute(ForkedBooter.java:126)
	at org.apache.maven.surefire.booter.ForkedBooter.main(ForkedBooter.java:418)
Caused by: org.apache.ratis.protocol.exceptions.AlreadyClosedException: SlidingWindow$Client:client-AE4B0BDC3743->RAFT is closed.
	at org.apache.ratis.util.SlidingWindow$Client.alreadyClosed(SlidingWindow.java:378)
	at org.apache.ratis.util.SlidingWindow$Client.fail(SlidingWindow.java:366)
	at org.apache.ratis.client.impl.OrderedAsync.failAllAsyncRequests(OrderedAsync.java:148)
	at org.apache.ratis.client.impl.OrderedAsync.handleAsyncRetryFailure(OrderedAsync.java:152)
	at org.apache.ratis.client.impl.OrderedAsync.lambda$sendRequest$10(OrderedAsync.java:253)
	at java.util.concurrent.CompletableFuture.uniExceptionally(CompletableFuture.java:884)
	at java.util.concurrent.CompletableFuture$UniExceptionally.tryFire(CompletableFuture.java:866)
	at java.util.concurrent.CompletableFuture.postComplete(CompletableFuture.java:488)
	at java.util.concurrent.CompletableFuture.completeExceptionally(CompletableFuture.java:1990)
	at org.apache.ratis.grpc.client.GrpcClientProtocolClient$AsyncStreamObservers.completeReplyExceptionally(GrpcClientProtocolClient.java:389)
	at org.apache.ratis.grpc.client.GrpcClientProtocolClient$AsyncStreamObservers.access$000(GrpcClientProtocolClient.java:295)
	at org.apache.ratis.grpc.client.GrpcClientProtocolClient$AsyncStreamObservers$1.onNext(GrpcClientProtocolClient.java:309)
	at org.apache.ratis.grpc.client.GrpcClientProtocolClient$AsyncStreamObservers$1.onNext(GrpcClientProtocolClient.java:300)
	at org.apache.ratis.thirdparty.io.grpc.stub.ClientCalls$StreamObserverToCallListenerAdapter.onMessage(ClientCalls.java:465)
	at org.apache.ratis.thirdparty.io.grpc.ForwardingClientCallListener.onMessage(ForwardingClientCallListener.java:33)
	at org.apache.ratis.thirdparty.io.grpc.internal.ClientCallImpl$ClientStreamListenerImpl$1MessagesAvailable.runInternal(ClientCallImpl.java:715)
	at org.apache.ratis.thirdparty.io.grpc.internal.ClientCallImpl$ClientStreamListenerImpl$1MessagesAvailable.runInContext(ClientCallImpl.java:700)
	at org.apache.ratis.thirdparty.io.grpc.internal.ContextRunnable.run(ContextRunnable.java:37)
	at org.apache.ratis.thirdparty.io.grpc.internal.SerializingExecutor.run(SerializingExecutor.java:123)
	at java.util.concurrent.ThreadPoolExecutor.runWorker(ThreadPoolExecutor.java:1149)
	at java.util.concurrent.ThreadPoolExecutor$Worker.run(ThreadPoolExecutor.java:624)
	at java.lang.Thread.run(Thread.java:748)
Caused by: org.apache.ratis.protocol.exceptions.RaftRetryFailureException: Failed RaftClientRequest:client-AE4B0BDC3743->e5ed6742-d51a-4f99-aebb-54e43bc29342@group-D18AC6807E55, cid=57, seq=1*, Watch(0), null for 3 attempts with RequestTypeDependentRetryPolicy{WRITE->org.apache.ratis.retry.ExceptionDependentRetry@59d89e66, WATCH->org.apache.ratis.retry.ExceptionDependentRetry@20f5e2ee}
	at org.apache.ratis.client.impl.RaftClientImpl.noMoreRetries(RaftClientImpl.java:272)
	... 19 more
Caused by: org.apache.ratis.protocol.exceptions.NotLeaderException: Server e5ed6742-d51a-4f99-aebb-54e43bc29342@group-D18AC6807E55 is not the leader
	at org.apache.ratis.client.impl.ClientProtoUtils.toRaftClientReply(ClientProtoUtils.java:378)
	at org.apache.ratis.grpc.client.GrpcClientProtocolClient$AsyncStreamObservers$1.onNext(GrpcClientProtocolClient.java:305)
	... 10 more
</error>
    <system-out><![CDATA[2021-11-11 00:06:50,637 [Listener at 127.0.0.1/46479] WARN  server.ServerUtils (ServerUtils.java:getScmDbDir(148)) - ozone.scm.db.dirs is not configured. We recommend adding this setting. Falling back to ozone.metadata.dirs instead.
2021-11-11 00:06:50,645 [Listener at 127.0.0.1/46479] INFO  ha.SCMHANodeDetails (SCMHANodeDetails.java:loadSCMHAConfig(157)) - ServiceID for StorageContainerManager is null
2021-11-11 00:06:50,646 [Listener at 127.0.0.1/46479] INFO  ha.SCMHANodeDetails (SCMHANodeDetails.java:loadSCMHAConfig(162)) - ozone.scm.default.service.id is not defined, falling back to ozone.scm.service.ids to find serviceID for StorageContainerManager if it is HA enabled cluster
2021-11-11 00:06:50,646 [Listener at 127.0.0.1/46479] WARN  server.ServerUtils (ServerUtils.java:getScmDbDir(148)) - ozone.scm.db.dirs is not configured. We recommend adding this setting. Falling back to ozone.metadata.dirs instead.
2021-11-11 00:06:50,647 [Listener at 127.0.0.1/46479] INFO  upgrade.AbstractLayoutVersionManager (AbstractLayoutVersionManager.java:init(79)) - Initializing Layout version manager with metadata layout = SCM_HA (version = 2), software layout = SCM_HA (version = 2)
2021-11-11 00:06:50,754 [Listener at 127.0.0.1/46479] INFO  reflections.Reflections (Reflections.java:scan(232)) - Reflections took 106 ms to scan 7 urls, producing 119 keys and 279 values 
2021-11-11 00:06:50,757 [Listener at 127.0.0.1/46479] WARN  utils.HAUtils (HAUtils.java:getMetaDir(342)) - ozone.scm.db.dirs is not configured. We recommend adding this setting. Falling back to ozone.metadata.dirs instead.
2021-11-11 00:06:50,762 [Listener at 127.0.0.1/46479] WARN  db.DBStoreBuilder (DBStoreBuilder.java:applyDBDefinition(145)) - ozone.scm.db.dirs is not configured. We recommend adding this setting. Falling back to ozone.metadata.dirs instead.
2021-11-11 00:06:50,977 [Listener at 127.0.0.1/46479] INFO  net.NodeSchemaLoader (NodeSchemaLoader.java:loadSchemaFromFile(129)) - Loading schema from [jar:file:/home/runner/.m2/repository/org/apache/ozone/hdds-common/1.2.0-SNAPSHOT/hdds-common-1.2.0-SNAPSHOT.jar!/network-topology-default.xml]
2021-11-11 00:06:50,977 [Listener at 127.0.0.1/46479] INFO  net.NodeSchemaLoader (NodeSchemaLoader.java:loadSchema(176)) - Loading network topology layer schema file
2021-11-11 00:06:50,982 [Listener at 127.0.0.1/46479] WARN  impl.MetricRegistriesImpl (MetricRegistriesImpl.java:addReporterRegistration(111)) - New reporters are added after registries were created. Some metrics will be missing from the reporter. Please add reporter before adding any new registry.
2021-11-11 00:06:50,982 [Listener at 127.0.0.1/46479] WARN  impl.MetricRegistriesImpl (MetricRegistriesImpl.java:addReporterRegistration(111)) - New reporters are added after registries were created. Some metrics will be missing from the reporter. Please add reporter before adding any new registry.
2021-11-11 00:06:50,983 [Listener at 127.0.0.1/46479] INFO  ha.SequenceIdGenerator (SequenceIdGenerator.java:upgradeToSequenceId(347)) - upgrade localId to 107544261427200000
2021-11-11 00:06:50,983 [Listener at 127.0.0.1/46479] INFO  ha.SequenceIdGenerator (SequenceIdGenerator.java:upgradeToSequenceId(357)) - upgrade delTxnId to 0
2021-11-11 00:06:50,983 [Listener at 127.0.0.1/46479] INFO  ha.SequenceIdGenerator (SequenceIdGenerator.java:upgradeToSequenceId(371)) - upgrade containerId to 0
2021-11-11 00:06:50,983 [Listener at 127.0.0.1/46479] INFO  ha.SequenceIdGenerator (SequenceIdGenerator.java:<init>(218)) - Init the HA SequenceIdGenerator.
2021-11-11 00:06:51,002 [Listener at 127.0.0.1/46479] INFO  node.SCMNodeManager (SCMNodeManager.java:<init>(144)) - Entering startup safe mode.
2021-11-11 00:06:51,002 [Listener at 127.0.0.1/46479] INFO  algorithms.ContainerPlacementPolicyFactory (ContainerPlacementPolicyFactory.java:getPolicy(60)) - Create container placement policy of type org.apache.hadoop.hdds.scm.container.placement.algorithms.SCMContainerPlacementRandom
2021-11-11 00:06:51,003 [Listener at 127.0.0.1/46479] INFO  pipeline.PipelineStateManagerImpl (PipelineStateManagerImpl.java:initialize(78)) - No pipeline exists in current db
2021-11-11 00:06:51,003 [Listener at 127.0.0.1/46479] INFO  algorithms.LeaderChoosePolicyFactory (LeaderChoosePolicyFactory.java:getPolicy(57)) - Create leader choose policy of type org.apache.hadoop.hdds.scm.pipeline.leader.choose.algorithms.MinLeaderCountChoosePolicy
2021-11-11 00:06:51,003 [Listener at 127.0.0.1/46479] INFO  ha.SCMServiceManager (SCMServiceManager.java:register(43)) - Registering service BackgroundPipelineCreator.
2021-11-11 00:06:51,003 [Listener at 127.0.0.1/46479] INFO  pipeline.BackgroundPipelineCreator (BackgroundPipelineCreator.java:start(130)) - Starting RatisPipelineUtilsThread.
2021-11-11 00:06:51,007 [Listener at 127.0.0.1/46479] INFO  algorithms.PipelineChoosePolicyFactory (PipelineChoosePolicyFactory.java:createPipelineChoosePolicyFromClass(73)) - Create pipeline choose policy of type org.apache.hadoop.hdds.scm.pipeline.choose.algorithms.RandomPipelineChoosePolicy
2021-11-11 00:06:51,007 [Listener at 127.0.0.1/46479] INFO  ha.SCMServiceManager (SCMServiceManager.java:register(43)) - Registering service SCMBlockDeletingService.
2021-11-11 00:06:51,007 [Listener at 127.0.0.1/46479] INFO  ha.SCMServiceManager (SCMServiceManager.java:register(43)) - Registering service ReplicationManager.
2021-11-11 00:06:51,008 [Listener at 127.0.0.1/46479] INFO  container.ReplicationManager (ReplicationManager.java:start(319)) - Starting Replication Monitor Thread.
2021-11-11 00:06:51,011 [Listener at 127.0.0.1/46479] INFO  safemode.ContainerSafeModeRule (ContainerSafeModeRule.java:<init>(89)) - containers with one replica threshold count 0
2021-11-11 00:06:51,013 [Listener at 127.0.0.1/46479] INFO  safemode.HealthyPipelineSafeModeRule (HealthyPipelineSafeModeRule.java:initializeRule(156)) - Total pipeline count is 0, healthy pipeline threshold count is 1
2021-11-11 00:06:51,013 [Listener at 127.0.0.1/46479] INFO  safemode.OneReplicaPipelineSafeModeRule (OneReplicaPipelineSafeModeRule.java:initializeRule(180)) - Total pipeline count is 0, pipeline's with at least one datanode reported threshold count is 0
2021-11-11 00:06:51,018 [Listener at 127.0.0.1/46479] INFO  ipc.CallQueueManager (CallQueueManager.java:<init>(90)) - Using callQueue: class java.util.concurrent.LinkedBlockingQueue, queueCapacity: 2000, scheduler: class org.apache.hadoop.ipc.DefaultRpcScheduler, ipcBackoff: false.
2021-11-11 00:06:51,032 [Socket Reader #1 for port 0] INFO  ipc.Server (Server.java:run(1265)) - Starting Socket Reader #1 for port 0
2021-11-11 00:06:51,033 [Listener at 0.0.0.0/40809] INFO  ipc.CallQueueManager (CallQueueManager.java:<init>(90)) - Using callQueue: class java.util.concurrent.LinkedBlockingQueue, queueCapacity: 2000, scheduler: class org.apache.hadoop.ipc.DefaultRpcScheduler, ipcBackoff: false.
2021-11-11 00:06:51,034 [Socket Reader #1 for port 0] INFO  ipc.Server (Server.java:run(1265)) - Starting Socket Reader #1 for port 0
2021-11-11 00:06:51,035 [Listener at 0.0.0.0/39741] INFO  ipc.CallQueueManager (CallQueueManager.java:<init>(90)) - Using callQueue: class java.util.concurrent.LinkedBlockingQueue, queueCapacity: 2000, scheduler: class org.apache.hadoop.ipc.DefaultRpcScheduler, ipcBackoff: false.
2021-11-11 00:06:51,035 [Socket Reader #1 for port 0] INFO  ipc.Server (Server.java:run(1265)) - Starting Socket Reader #1 for port 0
2021-11-11 00:06:51,047 [ReplicationMonitor] INFO  container.ReplicationManager (ReplicationManager.java:processAll(371)) - Replication Monitor Thread took 0 milliseconds for processing 0 containers.
2021-11-11 00:06:51,114 [Listener at 0.0.0.0/39925] INFO  algorithms.ContainerPlacementPolicyFactory (ContainerPlacementPolicyFactory.java:getPolicy(60)) - Create container placement policy of type org.apache.hadoop.hdds.scm.container.placement.algorithms.SCMContainerPlacementRandom
2021-11-11 00:06:51,115 [Listener at 0.0.0.0/39925] INFO  server.StorageContainerManager (StorageContainerManager.java:<init>(388)) - 
Container Balancer status:
Key                            Value
Running                        false
Container Balancer Configuration values:
Key                                                Value
Threshold                                          0.1
Max Datanodes to Involve per Iteration(ratio)      0.2
Max Size to Move per Iteration                     32212254720B

2021-11-11 00:06:51,115 [Listener at 0.0.0.0/39925] WARN  events.EventQueue (EventQueue.java:fireEvent(194)) - No event handler registered for event TypedEvent{payloadType=SafeModeStatus, name='Safe mode status'}
2021-11-11 00:06:51,115 [Listener at 0.0.0.0/39925] INFO  ha.SCMContext (SCMContext.java:updateSafeModeStatus(205)) - Update SafeModeStatus from SafeModeStatus{safeModeStatus=true, preCheckPassed=false} to SafeModeStatus{safeModeStatus=true, preCheckPassed=false}.
2021-11-11 00:06:51,115 [Listener at 0.0.0.0/39925] INFO  server.StorageContainerManager (StorageContainerManager.java:start(1303)) - StorageContainerLocationProtocol RPC server is listening at /0.0.0.0:39925
2021-11-11 00:06:51,117 [Listener at 0.0.0.0/39925] WARN  impl.MetricsConfig (MetricsConfig.java:loadFirst(136)) - Cannot locate configuration: tried hadoop-metrics2-storagecontainermanager.properties,hadoop-metrics2.properties
2021-11-11 00:06:51,118 [Listener at 0.0.0.0/39925] INFO  impl.MetricsSystemImpl (MetricsSystemImpl.java:startTimer(378)) - Scheduled Metric snapshot period at 10 second(s).
2021-11-11 00:06:51,118 [Listener at 0.0.0.0/39925] INFO  impl.MetricsSystemImpl (MetricsSystemImpl.java:start(191)) - StorageContainerManager metrics system started
2021-11-11 00:06:51,139 [Listener at 0.0.0.0/39925] INFO  impl.MetricsSinkAdapter (MetricsSinkAdapter.java:start(204)) - Sink prometheus started
2021-11-11 00:06:51,139 [Listener at 0.0.0.0/39925] INFO  impl.MetricsSystemImpl (MetricsSystemImpl.java:registerSink(305)) - Registered sink prometheus
2021-11-11 00:06:51,196 [Listener at 0.0.0.0/39925] INFO  server.SCMClientProtocolServer (SCMClientProtocolServer.java:start(164)) - RPC server for Client  is listening at /0.0.0.0:39925
2021-11-11 00:06:51,197 [IPC Server Responder] INFO  ipc.Server (Server.java:run(1507)) - IPC Server Responder: starting
2021-11-11 00:06:51,197 [IPC Server listener on 0] INFO  ipc.Server (Server.java:run(1344)) - IPC Server listener on 0: starting
2021-11-11 00:06:51,246 [Listener at 0.0.0.0/39925] INFO  server.StorageContainerManager (StorageContainerManager.java:start(1318)) - ScmBlockLocationProtocol RPC server is listening at /0.0.0.0:39741
2021-11-11 00:06:51,246 [Listener at 0.0.0.0/39925] INFO  server.SCMBlockProtocolServer (SCMBlockProtocolServer.java:start(151)) - RPC server for Block Protocol is listening at /0.0.0.0:39741
2021-11-11 00:06:51,254 [IPC Server Responder] INFO  ipc.Server (Server.java:run(1507)) - IPC Server Responder: starting
2021-11-11 00:06:51,254 [IPC Server listener on 0] INFO  ipc.Server (Server.java:run(1344)) - IPC Server listener on 0: starting
2021-11-11 00:06:51,256 [Listener at 0.0.0.0/39925] INFO  server.StorageContainerManager (StorageContainerManager.java:start(1324)) - ScmDatanodeProtocl RPC server is listening at /0.0.0.0:40809
2021-11-11 00:06:51,256 [Listener at 0.0.0.0/39925] INFO  server.SCMDatanodeProtocolServer (SCMDatanodeProtocolServer.java:start(181)) - RPC server for DataNodes is listening at /0.0.0.0:40809
2021-11-11 00:06:51,259 [IPC Server Responder] INFO  ipc.Server (Server.java:run(1507)) - IPC Server Responder: starting
2021-11-11 00:06:51,260 [IPC Server listener on 0] INFO  ipc.Server (Server.java:run(1344)) - IPC Server listener on 0: starting
2021-11-11 00:06:51,272 [Listener at 0.0.0.0/39925] INFO  http.BaseHttpServer (BaseHttpServer.java:newHttpServer2BuilderForOzone(209)) - Starting Web-server for scm at: http://0.0.0.0:0
2021-11-11 00:06:51,272 [Listener at 0.0.0.0/39925] INFO  http.BaseHttpServer (BaseHttpServer.java:<init>(107)) - Hadoop Security Enabled: false Ozone Security Enabled: false Ozone HTTP Security Enabled: false 
2021-11-11 00:06:51,273 [Listener at 0.0.0.0/39925] INFO  server.AuthenticationFilter (AuthenticationFilter.java:constructSecretProvider(240)) - Unable to initialize FileSignerSecretProvider, falling back to use random secrets.
2021-11-11 00:06:51,274 [org.apache.hadoop.util.JvmPauseMonitor$Monitor@4e80e2a0] INFO  util.JvmPauseMonitor (JvmPauseMonitor.java:run(188)) - Starting JVM pause monitor
2021-11-11 00:06:51,274 [Listener at 0.0.0.0/39925] WARN  http.HttpRequestLog (HttpRequestLog.java:getRequestLog(103)) - Jetty request log can only be enabled using Log4j
2021-11-11 00:06:51,295 [Listener at 0.0.0.0/39925] INFO  http.HttpServer2 (HttpServer2.java:addGlobalFilter(1030)) - Added global filter 'safety' (class=org.apache.hadoop.hdds.server.http.HttpServer2$QuotingInputFilter)
2021-11-11 00:06:51,296 [Listener at 0.0.0.0/39925] INFO  http.HttpServer2 (HttpServer2.java:addFilter(1006)) - Added filter static_user_filter (class=org.apache.hadoop.http.lib.StaticUserWebFilter$StaticUserFilter) to context scm
2021-11-11 00:06:51,296 [Listener at 0.0.0.0/39925] INFO  http.HttpServer2 (HttpServer2.java:addFilter(1014)) - Added filter static_user_filter (class=org.apache.hadoop.http.lib.StaticUserWebFilter$StaticUserFilter) to context static
2021-11-11 00:06:51,296 [Listener at 0.0.0.0/39925] INFO  http.HttpServer2 (HttpServer2.java:addFilter(1014)) - Added filter static_user_filter (class=org.apache.hadoop.http.lib.StaticUserWebFilter$StaticUserFilter) to context logs
2021-11-11 00:06:51,297 [Listener at 0.0.0.0/39925] INFO  http.HttpServer2 (HttpServer2.java:bindListener(1249)) - Jetty bound to port 46723
2021-11-11 00:06:51,297 [Listener at 0.0.0.0/39925] INFO  server.Server (Server.java:doStart(375)) - jetty-9.4.43.v20210629; built: 2021-06-30T11:07:22.254Z; git: 526006ecfa3af7f1a27ef3a288e2bef7ea9dd7e8; jvm 1.8.0_292-b10
2021-11-11 00:06:51,311 [Listener at 0.0.0.0/39925] INFO  server.session (DefaultSessionIdManager.java:doStart(334)) - DefaultSessionIdManager workerName=node0
2021-11-11 00:06:51,312 [Listener at 0.0.0.0/39925] INFO  server.session (DefaultSessionIdManager.java:doStart(339)) - No SessionScavenger set, using defaults
2021-11-11 00:06:51,312 [Listener at 0.0.0.0/39925] INFO  server.session (HouseKeeper.java:startScavenging(132)) - node0 Scavenging every 660000ms
2021-11-11 00:06:51,313 [Listener at 0.0.0.0/39925] INFO  handler.ContextHandler (ContextHandler.java:doStart(915)) - Started o.e.j.s.ServletContextHandler@71a67a4c{logs,/logs,file:///home/runner/work/ozone/ozone/hadoop-ozone/integration-test/target/log,AVAILABLE}
2021-11-11 00:06:51,313 [Listener at 0.0.0.0/39925] INFO  handler.ContextHandler (ContextHandler.java:doStart(915)) - Started o.e.j.s.ServletContextHandler@54a1d3b4{static,/static,file:///home/runner/work/ozone/ozone/hadoop-ozone/integration-test/target/test-classes/webapps/static,AVAILABLE}
2021-11-11 00:06:51,342 [Listener at 0.0.0.0/39925] INFO  handler.ContextHandler (ContextHandler.java:doStart(915)) - Started o.e.j.w.WebAppContext@4dcb9037{scm,/,file:///home/runner/work/ozone/ozone/hadoop-ozone/integration-test/target/test-classes/webapps/scm/,AVAILABLE}{file:/home/runner/work/ozone/ozone/hadoop-ozone/integration-test/target/test-classes/webapps/scm}
2021-11-11 00:06:51,359 [Listener at 0.0.0.0/39925] INFO  server.AbstractConnector (AbstractConnector.java:doStart(331)) - Started ServerConnector@11ab6d81{HTTP/1.1, (http/1.1)}{0.0.0.0:46723}
2021-11-11 00:06:51,361 [Listener at 0.0.0.0/39925] INFO  server.Server (Server.java:doStart(415)) - Started @236412ms
2021-11-11 00:06:51,361 [Listener at 0.0.0.0/39925] WARN  impl.MetricsSystemImpl (MetricsSystemImpl.java:register(279)) - Sink prometheus already exists!
2021-11-11 00:06:51,365 [Listener at 0.0.0.0/39925] INFO  http.BaseHttpServer (BaseHttpServer.java:updateConnectorAddress(329)) - HTTP server of scm listening at http://0.0.0.0:46723
2021-11-11 00:06:51,369 [Listener at 0.0.0.0/39925] WARN  server.ServerUtils (ServerUtils.java:getDBPath(225)) - ozone.om.db.dirs is not configured. We recommend adding this setting. Falling back to ozone.metadata.dirs instead.
2021-11-11 00:06:51,385 [Listener at 0.0.0.0/39925] INFO  ha.OMHANodeDetails (OMHANodeDetails.java:loadOMHAConfig(112)) - ozone.om.internal.service.id is not defined, falling back to ozone.om.service.ids to find serviceID for OzoneManager if it is HA enabled cluster
2021-11-11 00:06:51,385 [Listener at 0.0.0.0/39925] INFO  ha.OMHANodeDetails (OMHANodeDetails.java:loadOMHAConfig(219)) - Configuration does not have ozone.om.address set. Falling back to the default OM address /127.0.0.1:0
2021-11-11 00:06:51,386 [Listener at 0.0.0.0/39925] INFO  ha.OMHANodeDetails (OMHANodeDetails.java:getOMNodeDetails(247)) - OM Service ID is not set. Setting it to the default ID: omServiceIdDefault
2021-11-11 00:06:51,386 [Listener at 0.0.0.0/39925] INFO  ha.OMHANodeDetails (OMHANodeDetails.java:getOMNodeDetails(254)) - OM Node ID is not set. Setting it to the default ID: om1
2021-11-11 00:06:51,386 [Listener at 0.0.0.0/39925] WARN  server.ServerUtils (ServerUtils.java:getDBPath(225)) - ozone.om.db.dirs is not configured. We recommend adding this setting. Falling back to ozone.metadata.dirs instead.
2021-11-11 00:06:51,387 [Listener at 0.0.0.0/39925] INFO  upgrade.AbstractLayoutVersionManager (AbstractLayoutVersionManager.java:init(79)) - Initializing Layout version manager with metadata layout = INITIAL_VERSION (version = 0), software layout = INITIAL_VERSION (version = 0)
2021-11-11 00:06:51,494 [Listener at 0.0.0.0/39925] INFO  reflections.Reflections (Reflections.java:scan(232)) - Reflections took 102 ms to scan 2 urls, producing 131 keys and 344 values [using 2 cores]
2021-11-11 00:06:51,494 [Listener at 0.0.0.0/39925] INFO  upgrade.OMLayoutVersionManager (OMLayoutVersionManager.java:lambda$0(115)) - Skipping Upgrade Action MockOmUpgradeAction since it has been finalized.
2021-11-11 00:06:51,494 [Listener at 0.0.0.0/39925] WARN  server.ServerUtils (ServerUtils.java:getDBPath(225)) - ozone.om.db.dirs is not configured. We recommend adding this setting. Falling back to ozone.metadata.dirs instead.
2021-11-11 00:06:51,575 [Listener at 0.0.0.0/39925] WARN  server.ServerUtils (ServerUtils.java:getDBPath(225)) - ozone.om.db.dirs is not configured. We recommend adding this setting. Falling back to ozone.metadata.dirs instead.
2021-11-11 00:06:51,576 [Listener at 0.0.0.0/39925] INFO  codec.OmKeyInfoCodec (OmKeyInfoCodec.java:<init>(51)) - OmKeyInfoCodec ignorePipeline = true
2021-11-11 00:06:51,576 [Listener at 0.0.0.0/39925] INFO  codec.RepeatedOmKeyInfoCodec (RepeatedOmKeyInfoCodec.java:<init>(42)) - RepeatedOmKeyInfoCodec ignorePipeline = true
2021-11-11 00:06:51,891 [Listener at 0.0.0.0/39925] INFO  om.OzoneManager (OzoneManager.java:addS3GVolumeToDB(3457)) - Created Volume s3v With Owner runner required for S3Gateway operations.
2021-11-11 00:06:51,892 [Listener at 0.0.0.0/39925] WARN  server.ServerUtils (ServerUtils.java:getDefaultRatisDirectory(237)) - Storage directory for Ratis is not configured. It is a good idea to map this to an SSD disk. Falling back to ozone.metadata.dirs
2021-11-11 00:06:51,892 [Listener at 0.0.0.0/39925] WARN  utils.OzoneManagerRatisUtils (OzoneManagerRatisUtils.java:getOMRatisSnapshotDirectory(435)) - ozone.om.ratis.snapshot.dir is not configured. Falling back to ozone.metadata.dirs config
2021-11-11 00:06:51,893 [Listener at 0.0.0.0/39925] WARN  impl.MetricRegistriesImpl (MetricRegistriesImpl.java:addReporterRegistration(111)) - New reporters are added after registries were created. Some metrics will be missing from the reporter. Please add reporter before adding any new registry.
2021-11-11 00:06:51,893 [Listener at 0.0.0.0/39925] WARN  impl.MetricRegistriesImpl (MetricRegistriesImpl.java:addReporterRegistration(111)) - New reporters are added after registries were created. Some metrics will be missing from the reporter. Please add reporter before adding any new registry.
2021-11-11 00:06:51,893 [Listener at 0.0.0.0/39925] WARN  server.ServerUtils (ServerUtils.java:getDefaultRatisDirectory(237)) - Storage directory for Ratis is not configured. It is a good idea to map this to an SSD disk. Falling back to ozone.metadata.dirs
2021-11-11 00:06:51,894 [Listener at 0.0.0.0/39925] INFO  ratis.OzoneManagerRatisServer (OzoneManagerRatisServer.java:<init>(159)) - Instantiating OM Ratis server with groupID: omServiceIdDefault and peers: localhost:9872
2021-11-11 00:06:51,894 [Listener at 0.0.0.0/39925] INFO  ratis.OzoneManagerStateMachine (OzoneManagerStateMachine.java:loadSnapshotInfoFromDB(605)) - LastAppliedIndex is set from TransactionInfo from OM DB as (t:0, i:~)
2021-11-11 00:06:51,895 [Listener at 0.0.0.0/39925] INFO  server.RaftServer (ConfUtils.java:logGet(44)) - raft.rpc.type = GRPC (default)
2021-11-11 00:06:51,895 [Listener at 0.0.0.0/39925] INFO  grpc.GrpcFactory (GrpcFactory.java:checkPooledByteBufAllocatorUseCacheForAllThreads(48)) - PERFORMANCE WARNING: useCacheForAllThreads is true that may cause Netty to create a lot garbage objects and, as a result, trigger GC.
	It is recommended to disable useCacheForAllThreads by setting -Dorg.apache.ratis.thirdparty.io.netty.allocator.useCacheForAllThreads=false in command line.
2021-11-11 00:06:51,895 [Listener at 0.0.0.0/39925] INFO  grpc.GrpcConfigKeys (ConfUtils.java:logGet(44)) - raft.grpc.admin.port = -1 (default)
2021-11-11 00:06:51,895 [Listener at 0.0.0.0/39925] INFO  grpc.GrpcConfigKeys (ConfUtils.java:logGet(44)) - raft.grpc.server.port = 9872 (custom)
2021-11-11 00:06:51,896 [Listener at 0.0.0.0/39925] INFO  grpc.GrpcConfigKeys (ConfUtils.java:logGet(44)) - raft.grpc.client.port = -1 (default)
2021-11-11 00:06:51,896 [Listener at 0.0.0.0/39925] INFO  grpc.GrpcConfigKeys (ConfUtils.java:logGet(44)) - raft.grpc.server.port = 9872 (custom)
2021-11-11 00:06:51,896 [Listener at 0.0.0.0/39925] INFO  grpc.GrpcConfigKeys (ConfUtils.java:logGet(44)) - raft.grpc.server.port = 9872 (custom)
2021-11-11 00:06:51,896 [Listener at 0.0.0.0/39925] INFO  server.GrpcService (ConfUtils.java:logGet(44)) - raft.grpc.message.size.max = 33554432 (custom)
2021-11-11 00:06:51,897 [Listener at 0.0.0.0/39925] INFO  server.RaftServerConfigKeys (ConfUtils.java:logGet(44)) - raft.server.log.appender.buffer.byte-limit = 33554432 (custom)
2021-11-11 00:06:51,898 [Listener at 0.0.0.0/39925] INFO  server.GrpcService (ConfUtils.java:logGet(44)) - raft.grpc.flow.control.window = 1MB (=1048576) (default)
2021-11-11 00:06:51,898 [Listener at 0.0.0.0/39925] INFO  server.RaftServerConfigKeys (ConfUtils.java:logGet(44)) - raft.server.rpc.request.timeout = 3000ms (default)
2021-11-11 00:06:51,899 [Listener at 0.0.0.0/39925] INFO  impl.DataStreamServerImpl (ConfUtils.java:logGet(44)) - raft.datastream.type = DISABLED (default)
2021-11-11 00:06:51,900 [Listener at 0.0.0.0/39925] INFO  server.RaftServerConfigKeys (ConfUtils.java:logGet(44)) - raft.server.rpc.slowness.timeout = 120s (custom)
2021-11-11 00:06:51,900 [Listener at 0.0.0.0/39925] INFO  server.RaftServerConfigKeys (ConfUtils.java:logGet(44)) - raft.server.leaderelection.leader.step-down.wait-time = 10s (default)
2021-11-11 00:06:51,900 [Listener at 0.0.0.0/39925] INFO  server.RaftServerConfigKeys (ConfUtils.java:logGet(44)) - raft.server.storage.dir = [/home/runner/work/ozone/ozone/hadoop-ozone/integration-test/target/test-dir/MiniOzoneClusterImpl-d5f2283b-1c97-4f43-babe-75a35a923614/ozone-meta/ratis] (custom)
2021-11-11 00:06:51,900 [Listener at 0.0.0.0/39925] INFO  server.RaftServer (RaftServerProxy.java:addNew(95)) - om1: addNew group-C5BA1605619E:[om1|rpc:localhost:9872|priority:0] returns group-C5BA1605619E:java.util.concurrent.CompletableFuture@6b12a5ed[Not completed]
2021-11-11 00:06:51,901 [Listener at 0.0.0.0/39925] INFO  om.OzoneManager (OzoneManager.java:initializeRatisServer(1639)) - OzoneManager Ratis server initialized at port 9872
2021-11-11 00:06:51,905 [Listener at 0.0.0.0/39925] INFO  ipc.CallQueueManager (CallQueueManager.java:<init>(90)) - Using callQueue: class java.util.concurrent.LinkedBlockingQueue, queueCapacity: 2000, scheduler: class org.apache.hadoop.ipc.DefaultRpcScheduler, ipcBackoff: false.
2021-11-11 00:06:51,906 [pool-774-thread-1] INFO  server.RaftServer$Division (RaftServerImpl.java:<init>(184)) - om1: new RaftServerImpl for group-C5BA1605619E:[om1|rpc:localhost:9872|priority:0] with OzoneManagerStateMachine:uninitialized
2021-11-11 00:06:51,906 [Socket Reader #1 for port 0] INFO  ipc.Server (Server.java:run(1265)) - Starting Socket Reader #1 for port 0
2021-11-11 00:06:51,919 [pool-774-thread-1] INFO  server.RaftServerConfigKeys (ConfUtils.java:logGet(44)) - raft.server.rpc.timeout.min = 1s (custom)
2021-11-11 00:06:51,919 [pool-774-thread-1] INFO  server.RaftServerConfigKeys (ConfUtils.java:logGet(44)) - raft.server.rpc.timeout.max = 1200ms (custom)
2021-11-11 00:06:51,919 [pool-774-thread-1] INFO  server.RaftServerConfigKeys (ConfUtils.java:logGet(44)) - raft.server.rpc.sleep.time = 25ms (default)
2021-11-11 00:06:51,919 [pool-774-thread-1] INFO  server.RaftServerConfigKeys (ConfUtils.java:logGet(44)) - raft.server.rpc.slowness.timeout = 120s (custom)
2021-11-11 00:06:51,919 [pool-774-thread-1] INFO  server.RaftServerConfigKeys (ConfUtils.java:logGet(44)) - raft.server.leaderelection.leader.step-down.wait-time = 10s (default)
2021-11-11 00:06:51,919 [pool-774-thread-1] INFO  server.RaftServerConfigKeys (ConfUtils.java:logGet(44)) - raft.server.sleep.deviation.threshold = 300ms (default)
2021-11-11 00:06:51,919 [pool-774-thread-1] INFO  server.RaftServerConfigKeys (ConfUtils.java:logGet(44)) - raft.server.log.appender.install.snapshot.enabled = false (custom)
2021-11-11 00:06:51,919 [pool-774-thread-1] INFO  server.RaftServer$Division (ServerState.java:<init>(105)) - om1@group-C5BA1605619E: ConfigurationManager, init=-1: [om1|rpc:localhost:9872|priority:0], old=null, confs=<EMPTY_MAP>
2021-11-11 00:06:51,919 [pool-774-thread-1] INFO  server.RaftServerConfigKeys (ConfUtils.java:logGet(44)) - raft.server.storage.dir = [/home/runner/work/ozone/ozone/hadoop-ozone/integration-test/target/test-dir/MiniOzoneClusterImpl-d5f2283b-1c97-4f43-babe-75a35a923614/ozone-meta/ratis] (custom)
2021-11-11 00:06:51,919 [pool-774-thread-1] INFO  server.RaftServerConfigKeys (ConfUtils.java:logGet(44)) - raft.server.log.corruption.policy = EXCEPTION (default)
2021-11-11 00:06:51,919 [pool-774-thread-1] INFO  server.RaftServerConfigKeys (ConfUtils.java:logGet(44)) - raft.server.storage.free-space.min = 0MB (=0) (default)
2021-11-11 00:06:51,920 [pool-774-thread-1] INFO  storage.RaftStorageDirectory (RaftStorageDirectoryImpl.java:analyzeStorage(135)) - The storage directory /home/runner/work/ozone/ozone/hadoop-ozone/integration-test/target/test-dir/MiniOzoneClusterImpl-d5f2283b-1c97-4f43-babe-75a35a923614/ozone-meta/ratis/bf265839-605b-3f16-9796-c5ba1605619e does not exist. Creating ...
2021-11-11 00:06:51,926 [pool-774-thread-1] INFO  storage.RaftStorageDirectory (RaftStorageDirectoryImpl.java:tryLock(230)) - Lock on /home/runner/work/ozone/ozone/hadoop-ozone/integration-test/target/test-dir/MiniOzoneClusterImpl-d5f2283b-1c97-4f43-babe-75a35a923614/ozone-meta/ratis/bf265839-605b-3f16-9796-c5ba1605619e/in_use.lock acquired by nodename 20903@fv-az151-339
2021-11-11 00:06:51,929 [pool-774-thread-1] INFO  storage.RaftStorage (RaftStorageImpl.java:format(89)) - Storage directory /home/runner/work/ozone/ozone/hadoop-ozone/integration-test/target/test-dir/MiniOzoneClusterImpl-d5f2283b-1c97-4f43-babe-75a35a923614/ozone-meta/ratis/bf265839-605b-3f16-9796-c5ba1605619e has been successfully formatted.
2021-11-11 00:06:51,929 [pool-774-thread-1] INFO  server.RaftServerConfigKeys (ConfUtils.java:logGet(44)) - raft.server.notification.no-leader.timeout = 120s (custom)
2021-11-11 00:06:51,929 [pool-774-thread-1] INFO  server.RaftServerConfigKeys (ConfUtils.java:logGet(44)) - raft.server.log.use.memory = false (default)
2021-11-11 00:06:51,929 [pool-774-thread-1] INFO  server.RaftServerConfigKeys (ConfUtils.java:logGet(44)) - raft.server.log.purge.gap = 1000000 (custom)
2021-11-11 00:06:51,930 [pool-774-thread-1] INFO  server.RaftServerConfigKeys (ConfUtils.java:logGet(44)) - raft.server.log.appender.buffer.byte-limit = 33554432 (custom)
2021-11-11 00:06:51,930 [pool-774-thread-1] INFO  server.RaftServerConfigKeys (ConfUtils.java:logGet(44)) - raft.server.log.segment.size.max = 4194304 (custom)
2021-11-11 00:06:51,940 [pool-774-thread-1] INFO  server.RaftServerConfigKeys (ConfUtils.java:logGet(44)) - raft.server.log.segment.cache.num.max = 2 (custom)
2021-11-11 00:06:51,941 [pool-774-thread-1] INFO  server.RaftServerConfigKeys (ConfUtils.java:logGet(44)) - raft.server.log.segment.cache.size.max = 200MB (=209715200) (default)
2021-11-11 00:06:51,941 [pool-774-thread-1] INFO  segmented.SegmentedRaftLogWorker (SegmentedRaftLogWorker.java:<init>(182)) - new om1@group-C5BA1605619E-SegmentedRaftLogWorker for RaftStorageImpl:Storage Directory /home/runner/work/ozone/ozone/hadoop-ozone/integration-test/target/test-dir/MiniOzoneClusterImpl-d5f2283b-1c97-4f43-babe-75a35a923614/ozone-meta/ratis/bf265839-605b-3f16-9796-c5ba1605619e
2021-11-11 00:06:51,941 [pool-774-thread-1] INFO  server.RaftServerConfigKeys (ConfUtils.java:logGet(44)) - raft.server.log.queue.byte-limit = 64MB (=67108864) (default)
2021-11-11 00:06:51,942 [pool-774-thread-1] INFO  server.RaftServerConfigKeys (ConfUtils.java:logGet(44)) - raft.server.log.queue.element-limit = 4096 (default)
2021-11-11 00:06:51,942 [pool-774-thread-1] INFO  server.RaftServerConfigKeys (ConfUtils.java:logGet(44)) - raft.server.log.segment.size.max = 4194304 (custom)
2021-11-11 00:06:51,942 [pool-774-thread-1] INFO  server.RaftServerConfigKeys (ConfUtils.java:logGet(44)) - raft.server.log.preallocated.size = 4194304 (custom)
2021-11-11 00:06:51,942 [pool-774-thread-1] INFO  server.RaftServerConfigKeys (ConfUtils.java:logGet(44)) - raft.server.log.force.sync.num = 128 (default)
2021-11-11 00:06:51,942 [pool-774-thread-1] INFO  server.RaftServerConfigKeys (ConfUtils.java:logGet(44)) - raft.server.log.statemachine.data.sync = true (default)
2021-11-11 00:06:51,942 [pool-774-thread-1] INFO  server.RaftServerConfigKeys (ConfUtils.java:logGet(44)) - raft.server.log.statemachine.data.sync.timeout = 10s (default)
2021-11-11 00:06:51,942 [pool-774-thread-1] INFO  server.RaftServerConfigKeys (ConfUtils.java:logGet(44)) - raft.server.log.statemachine.data.sync.timeout.retry = -1 (default)
2021-11-11 00:06:51,944 [pool-774-thread-1] INFO  server.RaftServerConfigKeys (ConfUtils.java:logGet(44)) - raft.server.log.write.buffer.size = 64KB (=65536) (default)
2021-11-11 00:06:51,944 [pool-774-thread-1] INFO  server.RaftServerConfigKeys (ConfUtils.java:logGet(44)) - raft.server.log.statemachine.data.caching.enabled = false (default)
2021-11-11 00:06:51,944 [pool-774-thread-1] INFO  segmented.SegmentedRaftLogWorker (SegmentedRaftLogWorker.java:lambda$new$0(133)) - om1@group-C5BA1605619E-SegmentedRaftLogWorker: flushIndex: setUnconditionally 0 -> -1
2021-11-11 00:06:51,944 [pool-774-thread-1] INFO  segmented.SegmentedRaftLogWorker (SegmentedRaftLogWorker.java:lambda$new$0(133)) - om1@group-C5BA1605619E-SegmentedRaftLogWorker: safeCacheEvictIndex: setUnconditionally 0 -> -1
2021-11-11 00:06:51,955 [pool-774-thread-1] INFO  server.RaftServerConfigKeys (ConfUtils.java:logGet(44)) - raft.server.snapshot.auto.trigger.enabled = true (custom)
2021-11-11 00:06:51,955 [pool-774-thread-1] INFO  server.RaftServerConfigKeys (ConfUtils.java:logGet(44)) - raft.server.snapshot.auto.trigger.threshold = 400000 (default)
2021-11-11 00:06:51,955 [pool-774-thread-1] INFO  server.RaftServerConfigKeys (ConfUtils.java:logGet(44)) - raft.server.snapshot.retention.file.num = -1 (default)
2021-11-11 00:06:51,955 [pool-774-thread-1] INFO  server.RaftServerConfigKeys (ConfUtils.java:logGet(44)) - raft.server.log.purge.upto.snapshot.index = true (custom)
2021-11-11 00:06:51,955 [pool-774-thread-1] INFO  server.RaftServerConfigKeys (ConfUtils.java:logGet(44)) - raft.server.retrycache.expirytime = 300s (custom)
2021-11-11 00:06:51,955 [pool-774-thread-1] INFO  server.RaftServerConfigKeys (ConfUtils.java:logGet(44)) - raft.server.retrycache.statistics.expirytime = 100μs (default)
2021-11-11 00:06:51,995 [Listener at 127.0.0.1/36803] INFO  om.OzoneManager (OzoneManager.java:initFSOLayout(3663)) - Configured ozone.om.metadata.layout=SIMPLE and disabled optimized OM FS operations
2021-11-11 00:06:51,996 [Listener at 127.0.0.1/36803] INFO  impl.MetricsSystemImpl (MetricsSystemImpl.java:init(158)) - OzoneManager metrics system started (again)
2021-11-11 00:06:52,061 [Listener at 127.0.0.1/36803] INFO  om.OzoneManager (OzoneManager.java:start(1323)) - OzoneManager RPC server is listening at localhost/127.0.0.1:36803
2021-11-11 00:06:52,061 [Listener at 127.0.0.1/36803] INFO  ratis.OzoneManagerRatisServer (OzoneManagerRatisServer.java:start(522)) - Starting OzoneManagerRatisServer om1 at port 9872
2021-11-11 00:06:52,077 [Listener at 127.0.0.1/36803] INFO  server.RaftServer$Division (RaftServerImpl.java:start(301)) - om1@group-C5BA1605619E: start as a follower, conf=-1: [om1|rpc:localhost:9872|priority:0], old=null
2021-11-11 00:06:52,077 [Listener at 127.0.0.1/36803] INFO  server.RaftServer$Division (RaftServerImpl.java:setRole(290)) - om1@group-C5BA1605619E: changes role from      null to FOLLOWER at term 0 for startAsFollower
2021-11-11 00:06:52,078 [Listener at 127.0.0.1/36803] INFO  impl.RoleInfo (RoleInfo.java:updateAndGet(130)) - om1: start om1@group-C5BA1605619E-FollowerState
2021-11-11 00:06:52,084 [Listener at 127.0.0.1/36803] INFO  util.JmxRegister (JmxRegister.java:tryRegister(44)) - Successfully registered JMX Bean with object name Ratis:service=RaftServer,group=group-C5BA1605619E,id=om1
2021-11-11 00:06:52,104 [Listener at 127.0.0.1/36803] INFO  server.RaftServer (RaftServerProxy.java:lambda$start$5(374)) - om1: start RPC server
2021-11-11 00:06:52,146 [Listener at 127.0.0.1/36803] INFO  server.GrpcService (GrpcService.java:startImpl(253)) - om1: GrpcService started, listening on 9872
2021-11-11 00:06:52,173 [Listener at 127.0.0.1/36803] INFO  om.OzoneManager (OzoneManager.java:start(1341)) - Version File has different layout version (0) than OM DB (null). That is expected if this OM has never been finalized to a newer layout version.
2021-11-11 00:06:52,174 [org.apache.ratis.util.JvmPauseMonitor$$Lambda$531/1874401182@6652d373] INFO  util.JvmPauseMonitor (JvmPauseMonitor.java:run(103)) - JvmPauseMonitor-om1: Started
2021-11-11 00:06:52,275 [Listener at 127.0.0.1/36803] INFO  http.BaseHttpServer (BaseHttpServer.java:newHttpServer2BuilderForOzone(209)) - Starting Web-server for ozoneManager at: http://0.0.0.0:0
2021-11-11 00:06:52,275 [Listener at 127.0.0.1/36803] INFO  http.BaseHttpServer (BaseHttpServer.java:<init>(107)) - Hadoop Security Enabled: false Ozone Security Enabled: false Ozone HTTP Security Enabled: false 
2021-11-11 00:06:52,276 [Listener at 127.0.0.1/36803] INFO  server.AuthenticationFilter (AuthenticationFilter.java:constructSecretProvider(240)) - Unable to initialize FileSignerSecretProvider, falling back to use random secrets.
2021-11-11 00:06:52,297 [Listener at 127.0.0.1/36803] WARN  http.HttpRequestLog (HttpRequestLog.java:getRequestLog(103)) - Jetty request log can only be enabled using Log4j
2021-11-11 00:06:52,298 [Listener at 127.0.0.1/36803] INFO  http.HttpServer2 (HttpServer2.java:addGlobalFilter(1030)) - Added global filter 'safety' (class=org.apache.hadoop.hdds.server.http.HttpServer2$QuotingInputFilter)
2021-11-11 00:06:52,299 [Listener at 127.0.0.1/36803] INFO  http.HttpServer2 (HttpServer2.java:addFilter(1006)) - Added filter static_user_filter (class=org.apache.hadoop.http.lib.StaticUserWebFilter$StaticUserFilter) to context ozoneManager
2021-11-11 00:06:52,299 [Listener at 127.0.0.1/36803] INFO  http.HttpServer2 (HttpServer2.java:addFilter(1014)) - Added filter static_user_filter (class=org.apache.hadoop.http.lib.StaticUserWebFilter$StaticUserFilter) to context static
2021-11-11 00:06:52,299 [Listener at 127.0.0.1/36803] INFO  http.HttpServer2 (HttpServer2.java:addFilter(1014)) - Added filter static_user_filter (class=org.apache.hadoop.http.lib.StaticUserWebFilter$StaticUserFilter) to context logs
2021-11-11 00:06:52,300 [Listener at 127.0.0.1/36803] INFO  http.HttpServer2 (HttpServer2.java:bindListener(1249)) - Jetty bound to port 35869
2021-11-11 00:06:52,301 [Listener at 127.0.0.1/36803] INFO  server.Server (Server.java:doStart(375)) - jetty-9.4.43.v20210629; built: 2021-06-30T11:07:22.254Z; git: 526006ecfa3af7f1a27ef3a288e2bef7ea9dd7e8; jvm 1.8.0_292-b10
2021-11-11 00:06:52,377 [Listener at 127.0.0.1/36803] INFO  server.session (DefaultSessionIdManager.java:doStart(334)) - DefaultSessionIdManager workerName=node0
2021-11-11 00:06:52,377 [Listener at 127.0.0.1/36803] INFO  server.session (DefaultSessionIdManager.java:doStart(339)) - No SessionScavenger set, using defaults
2021-11-11 00:06:52,378 [Listener at 127.0.0.1/36803] INFO  server.session (HouseKeeper.java:startScavenging(132)) - node0 Scavenging every 600000ms
2021-11-11 00:06:52,427 [Listener at 127.0.0.1/36803] INFO  handler.ContextHandler (ContextHandler.java:doStart(915)) - Started o.e.j.s.ServletContextHandler@1ef4aafe{logs,/logs,file:///home/runner/work/ozone/ozone/hadoop-ozone/integration-test/target/log,AVAILABLE}
2021-11-11 00:06:52,427 [Listener at 127.0.0.1/36803] INFO  handler.ContextHandler (ContextHandler.java:doStart(915)) - Started o.e.j.s.ServletContextHandler@bdc973a{static,/static,file:///home/runner/work/ozone/ozone/hadoop-ozone/integration-test/target/test-classes/webapps/static,AVAILABLE}
2021-11-11 00:06:52,435 [Listener at 127.0.0.1/36803] INFO  handler.ContextHandler (ContextHandler.java:doStart(915)) - Started o.e.j.w.WebAppContext@cb419c6{ozoneManager,/,file:///home/runner/work/ozone/ozone/hadoop-ozone/integration-test/target/test-classes/webapps/ozoneManager/,AVAILABLE}{file:/home/runner/work/ozone/ozone/hadoop-ozone/integration-test/target/test-classes/webapps/ozoneManager}
2021-11-11 00:06:52,471 [Listener at 127.0.0.1/36803] INFO  server.AbstractConnector (AbstractConnector.java:doStart(331)) - Started ServerConnector@43c63b8c{HTTP/1.1, (http/1.1)}{0.0.0.0:35869}
2021-11-11 00:06:52,472 [Listener at 127.0.0.1/36803] INFO  server.Server (Server.java:doStart(415)) - Started @237522ms
2021-11-11 00:06:52,472 [Listener at 127.0.0.1/36803] WARN  impl.MetricsSystemImpl (MetricsSystemImpl.java:register(279)) - Sink prometheus already exists!
2021-11-11 00:06:52,481 [Listener at 127.0.0.1/36803] INFO  http.BaseHttpServer (BaseHttpServer.java:updateConnectorAddress(329)) - HTTP server of ozoneManager listening at http://0.0.0.0:35869
2021-11-11 00:06:52,486 [IPC Server Responder] INFO  ipc.Server (Server.java:run(1507)) - IPC Server Responder: starting
2021-11-11 00:06:52,489 [IPC Server listener on 0] INFO  ipc.Server (Server.java:run(1344)) - IPC Server listener on 0: starting
2021-11-11 00:06:52,609 [Listener at 127.0.0.1/36803] INFO  om.OzoneManager (OzoneManager.java:startTrashEmptier(1597)) - Trash Interval set to 0. Files deleted will not move to trash
2021-11-11 00:06:52,631 [org.apache.hadoop.util.JvmPauseMonitor$Monitor@59d4bb2d] INFO  util.JvmPauseMonitor (JvmPauseMonitor.java:run(188)) - Starting JVM pause monitor
2021-11-11 00:06:52,720 [Listener at 127.0.0.1/36803] WARN  impl.MetricRegistriesImpl (MetricRegistriesImpl.java:addReporterRegistration(111)) - New reporters are added after registries were created. Some metrics will be missing from the reporter. Please add reporter before adding any new registry.
2021-11-11 00:06:52,720 [Listener at 127.0.0.1/36803] WARN  impl.MetricRegistriesImpl (MetricRegistriesImpl.java:addReporterRegistration(111)) - New reporters are added after registries were created. Some metrics will be missing from the reporter. Please add reporter before adding any new registry.
2021-11-11 00:06:52,720 [Listener at 127.0.0.1/36803] INFO  impl.MetricsSystemImpl (MetricsSystemImpl.java:init(158)) - HddsDatanode metrics system started (again)
2021-11-11 00:06:52,771 [Listener at 127.0.0.1/36803] INFO  ozone.HddsDatanodeService (HddsDatanodeService.java:start(234)) - HddsDatanodeService host:fv-az151-339.yf2hydr00wburbhx3j5hxtcipe.bx.internal.cloudapp.net ip:10.1.0.10
2021-11-11 00:06:52,871 [Listener at 127.0.0.1/36803] INFO  upgrade.AbstractLayoutVersionManager (AbstractLayoutVersionManager.java:init(79)) - Initializing Layout version manager with metadata layout = SCM_HA (version = 2), software layout = SCM_HA (version = 2)
2021-11-11 00:06:53,018 [Listener at 127.0.0.1/36803] INFO  reflections.Reflections (Reflections.java:scan(232)) - Reflections took 146 ms to scan 7 urls, producing 119 keys and 279 values 
2021-11-11 00:06:53,020 [Listener at 127.0.0.1/36803] INFO  statemachine.DatanodeStateMachine (DatanodeStateMachine.java:getEndPointTaskThreadPoolSize(219)) - Datanode State Machine Task Thread Pool size 2
2021-11-11 00:06:53,021 [Listener at 127.0.0.1/36803] INFO  volume.HddsVolume (HddsVolume.java:<init>(120)) - Creating HddsVolume: /home/runner/work/ozone/ozone/hadoop-ozone/integration-test/target/test-dir/MiniOzoneClusterImpl-d5f2283b-1c97-4f43-babe-75a35a923614/datanode-0/data-0/containers/hdds of storage type : DISK capacity : 9223372036854775807
2021-11-11 00:06:53,022 [Listener at 127.0.0.1/36803] INFO  volume.MutableVolumeSet (MutableVolumeSet.java:initializeVolumeSet(168)) - Added Volume : /home/runner/work/ozone/ozone/hadoop-ozone/integration-test/target/test-dir/MiniOzoneClusterImpl-d5f2283b-1c97-4f43-babe-75a35a923614/datanode-0/data-0/containers/hdds to VolumeSet
2021-11-11 00:06:53,022 [Listener at 127.0.0.1/36803] INFO  volume.ThrottledAsyncChecker (ThrottledAsyncChecker.java:schedule(141)) - Scheduling a check for /home/runner/work/ozone/ozone/hadoop-ozone/integration-test/target/test-dir/MiniOzoneClusterImpl-d5f2283b-1c97-4f43-babe-75a35a923614/datanode-0/data-0/containers/hdds
2021-11-11 00:06:53,023 [Listener at 127.0.0.1/36803] INFO  volume.StorageVolumeChecker (StorageVolumeChecker.java:checkAllVolumes(202)) - Scheduled health check for volume /home/runner/work/ozone/ozone/hadoop-ozone/integration-test/target/test-dir/MiniOzoneClusterImpl-d5f2283b-1c97-4f43-babe-75a35a923614/datanode-0/data-0/containers/hdds
2021-11-11 00:06:53,060 [Listener at 127.0.0.1/36803] INFO  volume.MutableVolumeSet (MutableVolumeSet.java:initializeVolumeSet(168)) - Added Volume : /home/runner/work/ozone/ozone/hadoop-ozone/integration-test/target/test-dir/MiniOzoneClusterImpl-d5f2283b-1c97-4f43-babe-75a35a923614/datanode-0/data/ratis to VolumeSet
2021-11-11 00:06:53,060 [Listener at 127.0.0.1/36803] INFO  volume.ThrottledAsyncChecker (ThrottledAsyncChecker.java:schedule(141)) - Scheduling a check for /home/runner/work/ozone/ozone/hadoop-ozone/integration-test/target/test-dir/MiniOzoneClusterImpl-d5f2283b-1c97-4f43-babe-75a35a923614/datanode-0/data/ratis
2021-11-11 00:06:53,060 [Listener at 127.0.0.1/36803] INFO  volume.StorageVolumeChecker (StorageVolumeChecker.java:checkAllVolumes(202)) - Scheduled health check for volume /home/runner/work/ozone/ozone/hadoop-ozone/integration-test/target/test-dir/MiniOzoneClusterImpl-d5f2283b-1c97-4f43-babe-75a35a923614/datanode-0/data/ratis
2021-11-11 00:06:53,074 [Thread-1699] INFO  ozoneimpl.ContainerReader (ContainerReader.java:readVolume(172)) - Finish verifying containers on volume /home/runner/work/ozone/ozone/hadoop-ozone/integration-test/target/test-dir/MiniOzoneClusterImpl-d5f2283b-1c97-4f43-babe-75a35a923614/datanode-0/data-0/containers/hdds
2021-11-11 00:06:53,074 [Listener at 127.0.0.1/36803] INFO  ozoneimpl.OzoneContainer (OzoneContainer.java:buildContainerSet(236)) - Build ContainerSet costs 0s
2021-11-11 00:06:53,076 [Listener at 127.0.0.1/36803] INFO  server.RaftServer (ConfUtils.java:logGet(44)) - raft.rpc.type = GRPC (default)
2021-11-11 00:06:53,076 [Listener at 127.0.0.1/36803] INFO  grpc.GrpcFactory (GrpcFactory.java:checkPooledByteBufAllocatorUseCacheForAllThreads(48)) - PERFORMANCE WARNING: useCacheForAllThreads is true that may cause Netty to create a lot garbage objects and, as a result, trigger GC.
	It is recommended to disable useCacheForAllThreads by setting -Dorg.apache.ratis.thirdparty.io.netty.allocator.useCacheForAllThreads=false in command line.
2021-11-11 00:06:53,076 [Listener at 127.0.0.1/36803] INFO  grpc.GrpcConfigKeys (ConfUtils.java:logGet(44)) - raft.grpc.admin.port = 0 (custom)
2021-11-11 00:06:53,076 [Listener at 127.0.0.1/36803] INFO  grpc.GrpcConfigKeys (ConfUtils.java:logGet(44)) - raft.grpc.client.port = 0 (custom)
2021-11-11 00:06:53,077 [Listener at 127.0.0.1/36803] INFO  grpc.GrpcConfigKeys (ConfUtils.java:logGet(44)) - raft.grpc.server.port = 0 (default)
2021-11-11 00:06:53,077 [Listener at 127.0.0.1/36803] INFO  server.GrpcService (ConfUtils.java:logGet(44)) - raft.grpc.message.size.max = 32MB (=33554432) (custom)
2021-11-11 00:06:53,077 [Listener at 127.0.0.1/36803] INFO  server.RaftServerConfigKeys (ConfUtils.java:logGet(44)) - raft.server.log.appender.buffer.byte-limit = 33554432 (custom)
2021-11-11 00:06:53,077 [Listener at 127.0.0.1/36803] INFO  server.GrpcService (ConfUtils.java:logGet(44)) - raft.grpc.flow.control.window = 5MB (=5242880) (custom)
2021-11-11 00:06:53,077 [Listener at 127.0.0.1/36803] INFO  server.RaftServerConfigKeys (ConfUtils.java:logGet(44)) - raft.server.rpc.request.timeout = 3000ms (default)
2021-11-11 00:06:53,078 [Listener at 127.0.0.1/36803] INFO  impl.DataStreamServerImpl (ConfUtils.java:logGet(44)) - raft.datastream.type = DISABLED (default)
2021-11-11 00:06:53,078 [Listener at 127.0.0.1/36803] INFO  server.RaftServerConfigKeys (ConfUtils.java:logGet(44)) - raft.server.rpc.slowness.timeout = 300000ms (custom)
2021-11-11 00:06:53,079 [Listener at 127.0.0.1/36803] INFO  server.RaftServerConfigKeys (ConfUtils.java:logGet(44)) - raft.server.leaderelection.leader.step-down.wait-time = 10s (default)
2021-11-11 00:06:53,079 [Listener at 127.0.0.1/36803] INFO  server.RaftServerConfigKeys (ConfUtils.java:logGet(44)) - raft.server.storage.dir = [/home/runner/work/ozone/ozone/hadoop-ozone/integration-test/target/test-dir/MiniOzoneClusterImpl-d5f2283b-1c97-4f43-babe-75a35a923614/datanode-0/data/ratis] (custom)
2021-11-11 00:06:53,102 [Listener at 127.0.0.1/36803] INFO  http.BaseHttpServer (BaseHttpServer.java:newHttpServer2BuilderForOzone(209)) - Starting Web-server for hddsDatanode at: http://0.0.0.0:0
2021-11-11 00:06:53,103 [Listener at 127.0.0.1/36803] INFO  http.BaseHttpServer (BaseHttpServer.java:<init>(107)) - Hadoop Security Enabled: false Ozone Security Enabled: false Ozone HTTP Security Enabled: false 
2021-11-11 00:06:53,104 [Listener at 127.0.0.1/36803] INFO  server.AuthenticationFilter (AuthenticationFilter.java:constructSecretProvider(240)) - Unable to initialize FileSignerSecretProvider, falling back to use random secrets.
2021-11-11 00:06:53,104 [Listener at 127.0.0.1/36803] WARN  http.HttpRequestLog (HttpRequestLog.java:getRequestLog(103)) - Jetty request log can only be enabled using Log4j
2021-11-11 00:06:53,105 [Listener at 127.0.0.1/36803] INFO  http.HttpServer2 (HttpServer2.java:addGlobalFilter(1030)) - Added global filter 'safety' (class=org.apache.hadoop.hdds.server.http.HttpServer2$QuotingInputFilter)
2021-11-11 00:06:53,106 [Listener at 127.0.0.1/36803] INFO  http.HttpServer2 (HttpServer2.java:addFilter(1006)) - Added filter static_user_filter (class=org.apache.hadoop.http.lib.StaticUserWebFilter$StaticUserFilter) to context hddsDatanode
2021-11-11 00:06:53,106 [Listener at 127.0.0.1/36803] INFO  http.HttpServer2 (HttpServer2.java:addFilter(1014)) - Added filter static_user_filter (class=org.apache.hadoop.http.lib.StaticUserWebFilter$StaticUserFilter) to context static
2021-11-11 00:06:53,106 [Listener at 127.0.0.1/36803] INFO  http.HttpServer2 (HttpServer2.java:addFilter(1014)) - Added filter static_user_filter (class=org.apache.hadoop.http.lib.StaticUserWebFilter$StaticUserFilter) to context logs
2021-11-11 00:06:53,106 [Listener at 127.0.0.1/36803] INFO  http.HttpServer2 (HttpServer2.java:bindListener(1249)) - Jetty bound to port 42833
2021-11-11 00:06:53,106 [Listener at 127.0.0.1/36803] INFO  server.Server (Server.java:doStart(375)) - jetty-9.4.43.v20210629; built: 2021-06-30T11:07:22.254Z; git: 526006ecfa3af7f1a27ef3a288e2bef7ea9dd7e8; jvm 1.8.0_292-b10
2021-11-11 00:06:53,133 [Listener at 127.0.0.1/36803] INFO  server.session (DefaultSessionIdManager.java:doStart(334)) - DefaultSessionIdManager workerName=node0
2021-11-11 00:06:53,133 [Listener at 127.0.0.1/36803] INFO  server.session (DefaultSessionIdManager.java:doStart(339)) - No SessionScavenger set, using defaults
2021-11-11 00:06:53,134 [Listener at 127.0.0.1/36803] INFO  server.session (HouseKeeper.java:startScavenging(132)) - node0 Scavenging every 660000ms
2021-11-11 00:06:53,135 [Listener at 127.0.0.1/36803] INFO  handler.ContextHandler (ContextHandler.java:doStart(915)) - Started o.e.j.s.ServletContextHandler@72943338{logs,/logs,file:///home/runner/work/ozone/ozone/hadoop-ozone/integration-test/target/log,AVAILABLE}
2021-11-11 00:06:53,135 [Listener at 127.0.0.1/36803] INFO  handler.ContextHandler (ContextHandler.java:doStart(915)) - Started o.e.j.s.ServletContextHandler@361d0abb{static,/static,jar:file:/home/runner/.m2/repository/org/apache/ozone/hdds-container-service/1.2.0-SNAPSHOT/hdds-container-service-1.2.0-SNAPSHOT.jar!/webapps/static,AVAILABLE}
2021-11-11 00:06:53,210 [Listener at 127.0.0.1/36803] INFO  handler.ContextHandler (ContextHandler.java:doStart(915)) - Started o.e.j.w.WebAppContext@5429db71{hddsDatanode,/,file:///tmp/jetty-0_0_0_0-42833-hdds-container-service-1_2_0-SNAPSHOT_jar-_-any-1267662229521807381/webapp/,AVAILABLE}{jar:file:/home/runner/.m2/repository/org/apache/ozone/hdds-container-service/1.2.0-SNAPSHOT/hdds-container-service-1.2.0-SNAPSHOT.jar!/webapps/hddsDatanode}
2021-11-11 00:06:53,232 [Listener at 127.0.0.1/36803] INFO  server.AbstractConnector (AbstractConnector.java:doStart(331)) - Started ServerConnector@69151aa2{HTTP/1.1, (http/1.1)}{0.0.0.0:42833}
2021-11-11 00:06:53,232 [Listener at 127.0.0.1/36803] INFO  server.Server (Server.java:doStart(415)) - Started @238283ms
2021-11-11 00:06:53,233 [Listener at 127.0.0.1/36803] WARN  impl.MetricsSystemImpl (MetricsSystemImpl.java:register(279)) - Sink prometheus already exists!
2021-11-11 00:06:53,234 [Listener at 127.0.0.1/36803] INFO  http.BaseHttpServer (BaseHttpServer.java:updateConnectorAddress(329)) - HTTP server of hddsDatanode listening at http://0.0.0.0:42833
2021-11-11 00:06:53,235 [Listener at 127.0.0.1/36803] WARN  impl.MetricRegistriesImpl (MetricRegistriesImpl.java:addReporterRegistration(111)) - New reporters are added after registries were created. Some metrics will be missing from the reporter. Please add reporter before adding any new registry.
2021-11-11 00:06:53,235 [Listener at 127.0.0.1/36803] WARN  impl.MetricRegistriesImpl (MetricRegistriesImpl.java:addReporterRegistration(111)) - New reporters are added after registries were created. Some metrics will be missing from the reporter. Please add reporter before adding any new registry.
2021-11-11 00:06:53,235 [Listener at 127.0.0.1/36803] INFO  impl.MetricsSystemImpl (MetricsSystemImpl.java:init(158)) - HddsDatanode metrics system started (again)
2021-11-11 00:06:53,242 [Datanode State Machine Daemon Thread] INFO  statemachine.DatanodeStateMachine (DatanodeStateMachine.java:lambda$startDaemon$0(467)) - Ozone container server started.
2021-11-11 00:06:53,272 [Datanode State Machine Task Thread - 0] INFO  datanode.InitDatanodeState (InitDatanodeState.java:persistContainerDatanodeDetails(145)) - DatanodeDetails is persisted to /home/runner/work/ozone/ozone/hadoop-ozone/integration-test/target/test-dir/MiniOzoneClusterImpl-d5f2283b-1c97-4f43-babe-75a35a923614/datanode-0/meta/datanode.id
2021-11-11 00:06:53,288 [Listener at 127.0.0.1/36803] INFO  ozone.HddsDatanodeService (HddsDatanodeService.java:start(234)) - HddsDatanodeService host:fv-az151-339.yf2hydr00wburbhx3j5hxtcipe.bx.internal.cloudapp.net ip:10.1.0.10
2021-11-11 00:06:53,293 [org.apache.hadoop.util.JvmPauseMonitor$Monitor@40ca549b] INFO  util.JvmPauseMonitor (JvmPauseMonitor.java:run(188)) - Starting JVM pause monitor
2021-11-11 00:06:53,326 [om1@group-C5BA1605619E-FollowerState] INFO  impl.FollowerState (FollowerState.java:run(134)) - om1@group-C5BA1605619E-FollowerState: change to CANDIDATE, lastRpcElapsedTime:1248542131ns, electionTimeout:1178ms
2021-11-11 00:06:53,326 [om1@group-C5BA1605619E-FollowerState] INFO  impl.RoleInfo (RoleInfo.java:shutdownFollowerState(108)) - om1: shutdown om1@group-C5BA1605619E-FollowerState
2021-11-11 00:06:53,327 [om1@group-C5BA1605619E-FollowerState] INFO  server.RaftServer$Division (RaftServerImpl.java:setRole(290)) - om1@group-C5BA1605619E: changes role from  FOLLOWER to CANDIDATE at term 0 for changeToCandidate
2021-11-11 00:06:53,327 [om1@group-C5BA1605619E-FollowerState] INFO  server.RaftServerConfigKeys (ConfUtils.java:logGet(44)) - raft.server.leaderelection.pre-vote = false (custom)
2021-11-11 00:06:53,327 [om1@group-C5BA1605619E-FollowerState] INFO  impl.RoleInfo (RoleInfo.java:updateAndGet(130)) - om1: start om1@group-C5BA1605619E-LeaderElection74
2021-11-11 00:06:53,359 [Listener at 127.0.0.1/36803] INFO  upgrade.AbstractLayoutVersionManager (AbstractLayoutVersionManager.java:init(79)) - Initializing Layout version manager with metadata layout = SCM_HA (version = 2), software layout = SCM_HA (version = 2)
2021-11-11 00:06:53,361 [om1@group-C5BA1605619E-LeaderElection74] INFO  impl.LeaderElection (LeaderElection.java:askForVotes(306)) - om1@group-C5BA1605619E-LeaderElection74 ELECTION round 0: submit vote requests at term 1 for -1: [om1|rpc:localhost:9872|priority:0], old=null
2021-11-11 00:06:53,361 [om1@group-C5BA1605619E-LeaderElection74] INFO  impl.LeaderElection (LeaderElection.java:askForVotes(308)) - om1@group-C5BA1605619E-LeaderElection74 ELECTION round 0: result PASSED (term=1)
2021-11-11 00:06:53,361 [om1@group-C5BA1605619E-LeaderElection74] INFO  impl.RoleInfo (RoleInfo.java:shutdownLeaderElection(121)) - om1: shutdown om1@group-C5BA1605619E-LeaderElection74
2021-11-11 00:06:53,361 [om1@group-C5BA1605619E-LeaderElection74] INFO  server.RaftServer$Division (RaftServerImpl.java:setRole(290)) - om1@group-C5BA1605619E: changes role from CANDIDATE to LEADER at term 1 for changeToLeader
2021-11-11 00:06:53,361 [om1@group-C5BA1605619E-LeaderElection74] INFO  server.RaftServer$Division (ServerState.java:setLeader(285)) - om1@group-C5BA1605619E: change Leader from null to om1 at term 1 for becomeLeader, leader elected after 1432ms
2021-11-11 00:06:53,361 [om1@group-C5BA1605619E-LeaderElection74] INFO  server.RaftServerConfigKeys (ConfUtils.java:logGet(44)) - raft.server.staging.catchup.gap = 1000 (default)
2021-11-11 00:06:53,362 [om1@group-C5BA1605619E-LeaderElection74] INFO  server.RaftServerConfigKeys (ConfUtils.java:logGet(44)) - raft.server.write.element-limit = 4096 (default)
2021-11-11 00:06:53,362 [om1@group-C5BA1605619E-LeaderElection74] INFO  server.RaftServerConfigKeys (ConfUtils.java:logGet(44)) - raft.server.write.byte-limit = 64MB (=67108864) (default)
2021-11-11 00:06:53,362 [om1@group-C5BA1605619E-LeaderElection74] INFO  server.RaftServerConfigKeys (ConfUtils.java:logGet(44)) - raft.server.watch.timeout = 10s (default)
2021-11-11 00:06:53,362 [om1@group-C5BA1605619E-LeaderElection74] INFO  server.RaftServerConfigKeys (ConfUtils.java:logGet(44)) - raft.server.watch.timeout.denomination = 1s (default)
2021-11-11 00:06:53,362 [om1@group-C5BA1605619E-LeaderElection74] INFO  server.RaftServerConfigKeys (ConfUtils.java:logGet(44)) - raft.server.watch.element-limit = 65536 (default)
2021-11-11 00:06:53,363 [om1@group-C5BA1605619E-LeaderElection74] INFO  server.RaftServerConfigKeys (ConfUtils.java:logGet(44)) - raft.server.write.element-limit = 4096 (default)
2021-11-11 00:06:53,363 [om1@group-C5BA1605619E-LeaderElection74] INFO  server.RaftServerConfigKeys (ConfUtils.java:logGet(44)) - raft.server.write.follower.gap.ratio.max = -1.0 (default)
2021-11-11 00:06:53,363 [om1@group-C5BA1605619E-LeaderElection74] INFO  impl.RoleInfo (RoleInfo.java:updateAndGet(130)) - om1: start om1@group-C5BA1605619E-LeaderStateImpl
2021-11-11 00:06:53,363 [om1@group-C5BA1605619E-LeaderElection74] INFO  segmented.SegmentedRaftLogWorker (SegmentedRaftLogWorker.java:startLogSegment(394)) - om1@group-C5BA1605619E-SegmentedRaftLogWorker: Starting segment from index:0
2021-11-11 00:06:53,382 [om1@group-C5BA1605619E-LeaderElection74] INFO  server.RaftServer$Division (ServerState.java:setRaftConf(387)) - om1@group-C5BA1605619E: set configuration 0: [om1|rpc:localhost:9872|admin:|client:|dataStream:|priority:0], old=null
2021-11-11 00:06:53,419 [om1@group-C5BA1605619E-SegmentedRaftLogWorker] INFO  segmented.SegmentedRaftLogWorker (SegmentedRaftLogWorker.java:execute(601)) - om1@group-C5BA1605619E-SegmentedRaftLogWorker: created new log segment /home/runner/work/ozone/ozone/hadoop-ozone/integration-test/target/test-dir/MiniOzoneClusterImpl-d5f2283b-1c97-4f43-babe-75a35a923614/ozone-meta/ratis/bf265839-605b-3f16-9796-c5ba1605619e/current/log_inprogress_0
2021-11-11 00:06:53,422 [om1@group-C5BA1605619E-StateMachineUpdater] INFO  ratis.OzoneManagerStateMachine (OzoneManagerStateMachine.java:notifyConfigurationChanged(188)) - Received Configuration change notification from Ratis. New Peer list:
[id: "om1"
address: "localhost:9872"
]
2021-11-11 00:06:53,468 [Listener at 127.0.0.1/36803] INFO  reflections.Reflections (Reflections.java:scan(232)) - Reflections took 65 ms to scan 7 urls, producing 119 keys and 279 values 
2021-11-11 00:06:53,469 [Listener at 127.0.0.1/36803] INFO  statemachine.DatanodeStateMachine (DatanodeStateMachine.java:getEndPointTaskThreadPoolSize(219)) - Datanode State Machine Task Thread Pool size 2
2021-11-11 00:06:53,470 [Listener at 127.0.0.1/36803] INFO  volume.HddsVolume (HddsVolume.java:<init>(120)) - Creating HddsVolume: /home/runner/work/ozone/ozone/hadoop-ozone/integration-test/target/test-dir/MiniOzoneClusterImpl-d5f2283b-1c97-4f43-babe-75a35a923614/datanode-1/data-0/containers/hdds of storage type : DISK capacity : 9223372036854775807
2021-11-11 00:06:53,471 [Listener at 127.0.0.1/36803] INFO  volume.MutableVolumeSet (MutableVolumeSet.java:initializeVolumeSet(168)) - Added Volume : /home/runner/work/ozone/ozone/hadoop-ozone/integration-test/target/test-dir/MiniOzoneClusterImpl-d5f2283b-1c97-4f43-babe-75a35a923614/datanode-1/data-0/containers/hdds to VolumeSet
2021-11-11 00:06:53,471 [Listener at 127.0.0.1/36803] INFO  volume.ThrottledAsyncChecker (ThrottledAsyncChecker.java:schedule(141)) - Scheduling a check for /home/runner/work/ozone/ozone/hadoop-ozone/integration-test/target/test-dir/MiniOzoneClusterImpl-d5f2283b-1c97-4f43-babe-75a35a923614/datanode-1/data-0/containers/hdds
2021-11-11 00:06:53,472 [Listener at 127.0.0.1/36803] INFO  volume.StorageVolumeChecker (StorageVolumeChecker.java:checkAllVolumes(202)) - Scheduled health check for volume /home/runner/work/ozone/ozone/hadoop-ozone/integration-test/target/test-dir/MiniOzoneClusterImpl-d5f2283b-1c97-4f43-babe-75a35a923614/datanode-1/data-0/containers/hdds
2021-11-11 00:06:53,494 [Listener at 127.0.0.1/36803] INFO  volume.MutableVolumeSet (MutableVolumeSet.java:initializeVolumeSet(168)) - Added Volume : /home/runner/work/ozone/ozone/hadoop-ozone/integration-test/target/test-dir/MiniOzoneClusterImpl-d5f2283b-1c97-4f43-babe-75a35a923614/datanode-1/data/ratis to VolumeSet
2021-11-11 00:06:53,495 [Listener at 127.0.0.1/36803] INFO  volume.ThrottledAsyncChecker (ThrottledAsyncChecker.java:schedule(141)) - Scheduling a check for /home/runner/work/ozone/ozone/hadoop-ozone/integration-test/target/test-dir/MiniOzoneClusterImpl-d5f2283b-1c97-4f43-babe-75a35a923614/datanode-1/data/ratis
2021-11-11 00:06:53,528 [Listener at 127.0.0.1/36803] INFO  volume.StorageVolumeChecker (StorageVolumeChecker.java:checkAllVolumes(202)) - Scheduled health check for volume /home/runner/work/ozone/ozone/hadoop-ozone/integration-test/target/test-dir/MiniOzoneClusterImpl-d5f2283b-1c97-4f43-babe-75a35a923614/datanode-1/data/ratis
2021-11-11 00:06:53,561 [Thread-1713] INFO  ozoneimpl.ContainerReader (ContainerReader.java:readVolume(172)) - Finish verifying containers on volume /home/runner/work/ozone/ozone/hadoop-ozone/integration-test/target/test-dir/MiniOzoneClusterImpl-d5f2283b-1c97-4f43-babe-75a35a923614/datanode-1/data-0/containers/hdds
2021-11-11 00:06:53,561 [Listener at 127.0.0.1/36803] INFO  ozoneimpl.OzoneContainer (OzoneContainer.java:buildContainerSet(236)) - Build ContainerSet costs 0s
2021-11-11 00:06:53,563 [Listener at 127.0.0.1/36803] INFO  server.RaftServer (ConfUtils.java:logGet(44)) - raft.rpc.type = GRPC (default)
2021-11-11 00:06:53,563 [Listener at 127.0.0.1/36803] INFO  grpc.GrpcFactory (GrpcFactory.java:checkPooledByteBufAllocatorUseCacheForAllThreads(48)) - PERFORMANCE WARNING: useCacheForAllThreads is true that may cause Netty to create a lot garbage objects and, as a result, trigger GC.
	It is recommended to disable useCacheForAllThreads by setting -Dorg.apache.ratis.thirdparty.io.netty.allocator.useCacheForAllThreads=false in command line.
2021-11-11 00:06:53,564 [Listener at 127.0.0.1/36803] INFO  grpc.GrpcConfigKeys (ConfUtils.java:logGet(44)) - raft.grpc.admin.port = 0 (custom)
2021-11-11 00:06:53,564 [Listener at 127.0.0.1/36803] INFO  grpc.GrpcConfigKeys (ConfUtils.java:logGet(44)) - raft.grpc.client.port = 0 (custom)
2021-11-11 00:06:53,564 [Listener at 127.0.0.1/36803] INFO  grpc.GrpcConfigKeys (ConfUtils.java:logGet(44)) - raft.grpc.server.port = 0 (default)
2021-11-11 00:06:53,564 [Listener at 127.0.0.1/36803] INFO  server.GrpcService (ConfUtils.java:logGet(44)) - raft.grpc.message.size.max = 32MB (=33554432) (custom)
2021-11-11 00:06:53,564 [Listener at 127.0.0.1/36803] INFO  server.RaftServerConfigKeys (ConfUtils.java:logGet(44)) - raft.server.log.appender.buffer.byte-limit = 33554432 (custom)
2021-11-11 00:06:53,564 [Listener at 127.0.0.1/36803] INFO  server.GrpcService (ConfUtils.java:logGet(44)) - raft.grpc.flow.control.window = 5MB (=5242880) (custom)
2021-11-11 00:06:53,564 [Listener at 127.0.0.1/36803] INFO  server.RaftServerConfigKeys (ConfUtils.java:logGet(44)) - raft.server.rpc.request.timeout = 3000ms (default)
2021-11-11 00:06:53,572 [Listener at 127.0.0.1/36803] INFO  impl.DataStreamServerImpl (ConfUtils.java:logGet(44)) - raft.datastream.type = DISABLED (default)
2021-11-11 00:06:53,573 [Listener at 127.0.0.1/36803] INFO  server.RaftServerConfigKeys (ConfUtils.java:logGet(44)) - raft.server.rpc.slowness.timeout = 300000ms (custom)
2021-11-11 00:06:53,573 [Listener at 127.0.0.1/36803] INFO  server.RaftServerConfigKeys (ConfUtils.java:logGet(44)) - raft.server.leaderelection.leader.step-down.wait-time = 10s (default)
2021-11-11 00:06:53,573 [Listener at 127.0.0.1/36803] INFO  server.RaftServerConfigKeys (ConfUtils.java:logGet(44)) - raft.server.storage.dir = [/home/runner/work/ozone/ozone/hadoop-ozone/integration-test/target/test-dir/MiniOzoneClusterImpl-d5f2283b-1c97-4f43-babe-75a35a923614/datanode-1/data/ratis] (custom)
2021-11-11 00:06:53,589 [Listener at 127.0.0.1/36803] INFO  http.BaseHttpServer (BaseHttpServer.java:newHttpServer2BuilderForOzone(209)) - Starting Web-server for hddsDatanode at: http://0.0.0.0:0
2021-11-11 00:06:53,590 [Listener at 127.0.0.1/36803] INFO  http.BaseHttpServer (BaseHttpServer.java:<init>(107)) - Hadoop Security Enabled: false Ozone Security Enabled: false Ozone HTTP Security Enabled: false 
2021-11-11 00:06:53,591 [Listener at 127.0.0.1/36803] INFO  server.AuthenticationFilter (AuthenticationFilter.java:constructSecretProvider(240)) - Unable to initialize FileSignerSecretProvider, falling back to use random secrets.
2021-11-11 00:06:53,593 [Listener at 127.0.0.1/36803] WARN  http.HttpRequestLog (HttpRequestLog.java:getRequestLog(103)) - Jetty request log can only be enabled using Log4j
2021-11-11 00:06:53,594 [Listener at 127.0.0.1/36803] INFO  http.HttpServer2 (HttpServer2.java:addGlobalFilter(1030)) - Added global filter 'safety' (class=org.apache.hadoop.hdds.server.http.HttpServer2$QuotingInputFilter)
2021-11-11 00:06:53,594 [Listener at 127.0.0.1/36803] INFO  http.HttpServer2 (HttpServer2.java:addFilter(1006)) - Added filter static_user_filter (class=org.apache.hadoop.http.lib.StaticUserWebFilter$StaticUserFilter) to context hddsDatanode
2021-11-11 00:06:53,595 [Listener at 127.0.0.1/36803] INFO  http.HttpServer2 (HttpServer2.java:addFilter(1014)) - Added filter static_user_filter (class=org.apache.hadoop.http.lib.StaticUserWebFilter$StaticUserFilter) to context static
2021-11-11 00:06:53,595 [Listener at 127.0.0.1/36803] INFO  http.HttpServer2 (HttpServer2.java:addFilter(1014)) - Added filter static_user_filter (class=org.apache.hadoop.http.lib.StaticUserWebFilter$StaticUserFilter) to context logs
2021-11-11 00:06:53,595 [Listener at 127.0.0.1/36803] INFO  http.HttpServer2 (HttpServer2.java:bindListener(1249)) - Jetty bound to port 37797
2021-11-11 00:06:53,595 [Listener at 127.0.0.1/36803] INFO  server.Server (Server.java:doStart(375)) - jetty-9.4.43.v20210629; built: 2021-06-30T11:07:22.254Z; git: 526006ecfa3af7f1a27ef3a288e2bef7ea9dd7e8; jvm 1.8.0_292-b10
2021-11-11 00:06:53,612 [Listener at 127.0.0.1/36803] INFO  server.session (DefaultSessionIdManager.java:doStart(334)) - DefaultSessionIdManager workerName=node0
2021-11-11 00:06:53,612 [Listener at 127.0.0.1/36803] INFO  server.session (DefaultSessionIdManager.java:doStart(339)) - No SessionScavenger set, using defaults
2021-11-11 00:06:53,612 [Listener at 127.0.0.1/36803] INFO  server.session (HouseKeeper.java:startScavenging(132)) - node0 Scavenging every 660000ms
2021-11-11 00:06:53,613 [Listener at 127.0.0.1/36803] INFO  handler.ContextHandler (ContextHandler.java:doStart(915)) - Started o.e.j.s.ServletContextHandler@25365b30{logs,/logs,file:///home/runner/work/ozone/ozone/hadoop-ozone/integration-test/target/log,AVAILABLE}
2021-11-11 00:06:53,613 [Listener at 127.0.0.1/36803] INFO  handler.ContextHandler (ContextHandler.java:doStart(915)) - Started o.e.j.s.ServletContextHandler@6e4ccc5f{static,/static,jar:file:/home/runner/.m2/repository/org/apache/ozone/hdds-container-service/1.2.0-SNAPSHOT/hdds-container-service-1.2.0-SNAPSHOT.jar!/webapps/static,AVAILABLE}
2021-11-11 00:06:53,705 [Listener at 127.0.0.1/36803] INFO  handler.ContextHandler (ContextHandler.java:doStart(915)) - Started o.e.j.w.WebAppContext@216c5868{hddsDatanode,/,file:///tmp/jetty-0_0_0_0-37797-hdds-container-service-1_2_0-SNAPSHOT_jar-_-any-2991678301291879651/webapp/,AVAILABLE}{jar:file:/home/runner/.m2/repository/org/apache/ozone/hdds-container-service/1.2.0-SNAPSHOT/hdds-container-service-1.2.0-SNAPSHOT.jar!/webapps/hddsDatanode}
2021-11-11 00:06:53,714 [Listener at 127.0.0.1/36803] INFO  server.AbstractConnector (AbstractConnector.java:doStart(331)) - Started ServerConnector@22d456ba{HTTP/1.1, (http/1.1)}{0.0.0.0:37797}
2021-11-11 00:06:53,714 [Listener at 127.0.0.1/36803] INFO  server.Server (Server.java:doStart(415)) - Started @238765ms
2021-11-11 00:06:53,714 [Listener at 127.0.0.1/36803] WARN  impl.MetricsSystemImpl (MetricsSystemImpl.java:register(279)) - Sink prometheus already exists!
2021-11-11 00:06:53,715 [Listener at 127.0.0.1/36803] INFO  http.BaseHttpServer (BaseHttpServer.java:updateConnectorAddress(329)) - HTTP server of hddsDatanode listening at http://0.0.0.0:37797
2021-11-11 00:06:53,715 [Listener at 127.0.0.1/36803] WARN  impl.MetricRegistriesImpl (MetricRegistriesImpl.java:addReporterRegistration(111)) - New reporters are added after registries were created. Some metrics will be missing from the reporter. Please add reporter before adding any new registry.
2021-11-11 00:06:53,716 [Listener at 127.0.0.1/36803] WARN  impl.MetricRegistriesImpl (MetricRegistriesImpl.java:addReporterRegistration(111)) - New reporters are added after registries were created. Some metrics will be missing from the reporter. Please add reporter before adding any new registry.
2021-11-11 00:06:53,716 [Listener at 127.0.0.1/36803] INFO  impl.MetricsSystemImpl (MetricsSystemImpl.java:init(158)) - HddsDatanode metrics system started (again)
2021-11-11 00:06:53,734 [Datanode State Machine Daemon Thread] INFO  statemachine.DatanodeStateMachine (DatanodeStateMachine.java:lambda$startDaemon$0(467)) - Ozone container server started.
2021-11-11 00:06:53,786 [Listener at 127.0.0.1/36803] INFO  ozone.HddsDatanodeService (HddsDatanodeService.java:start(234)) - HddsDatanodeService host:fv-az151-339.yf2hydr00wburbhx3j5hxtcipe.bx.internal.cloudapp.net ip:10.1.0.10
2021-11-11 00:06:53,825 [org.apache.hadoop.util.JvmPauseMonitor$Monitor@51f0de45] INFO  util.JvmPauseMonitor (JvmPauseMonitor.java:run(188)) - Starting JVM pause monitor
2021-11-11 00:06:53,844 [Listener at 127.0.0.1/36803] INFO  upgrade.AbstractLayoutVersionManager (AbstractLayoutVersionManager.java:init(79)) - Initializing Layout version manager with metadata layout = SCM_HA (version = 2), software layout = SCM_HA (version = 2)
2021-11-11 00:06:53,846 [Datanode State Machine Task Thread - 0] INFO  datanode.InitDatanodeState (InitDatanodeState.java:persistContainerDatanodeDetails(145)) - DatanodeDetails is persisted to /home/runner/work/ozone/ozone/hadoop-ozone/integration-test/target/test-dir/MiniOzoneClusterImpl-d5f2283b-1c97-4f43-babe-75a35a923614/datanode-1/meta/datanode.id
2021-11-11 00:06:53,951 [Listener at 127.0.0.1/36803] INFO  reflections.Reflections (Reflections.java:scan(232)) - Reflections took 105 ms to scan 7 urls, producing 119 keys and 279 values 
2021-11-11 00:06:53,963 [Listener at 127.0.0.1/36803] INFO  statemachine.DatanodeStateMachine (DatanodeStateMachine.java:getEndPointTaskThreadPoolSize(219)) - Datanode State Machine Task Thread Pool size 2
2021-11-11 00:06:54,002 [Listener at 127.0.0.1/36803] INFO  volume.HddsVolume (HddsVolume.java:<init>(120)) - Creating HddsVolume: /home/runner/work/ozone/ozone/hadoop-ozone/integration-test/target/test-dir/MiniOzoneClusterImpl-d5f2283b-1c97-4f43-babe-75a35a923614/datanode-2/data-0/containers/hdds of storage type : DISK capacity : 9223372036854775807
2021-11-11 00:06:54,002 [Listener at 127.0.0.1/36803] INFO  volume.MutableVolumeSet (MutableVolumeSet.java:initializeVolumeSet(168)) - Added Volume : /home/runner/work/ozone/ozone/hadoop-ozone/integration-test/target/test-dir/MiniOzoneClusterImpl-d5f2283b-1c97-4f43-babe-75a35a923614/datanode-2/data-0/containers/hdds to VolumeSet
2021-11-11 00:06:54,002 [Listener at 127.0.0.1/36803] INFO  volume.ThrottledAsyncChecker (ThrottledAsyncChecker.java:schedule(141)) - Scheduling a check for /home/runner/work/ozone/ozone/hadoop-ozone/integration-test/target/test-dir/MiniOzoneClusterImpl-d5f2283b-1c97-4f43-babe-75a35a923614/datanode-2/data-0/containers/hdds
2021-11-11 00:06:54,007 [Listener at 127.0.0.1/36803] INFO  volume.StorageVolumeChecker (StorageVolumeChecker.java:checkAllVolumes(202)) - Scheduled health check for volume /home/runner/work/ozone/ozone/hadoop-ozone/integration-test/target/test-dir/MiniOzoneClusterImpl-d5f2283b-1c97-4f43-babe-75a35a923614/datanode-2/data-0/containers/hdds
2021-11-11 00:06:54,081 [Listener at 127.0.0.1/36803] INFO  volume.MutableVolumeSet (MutableVolumeSet.java:initializeVolumeSet(168)) - Added Volume : /home/runner/work/ozone/ozone/hadoop-ozone/integration-test/target/test-dir/MiniOzoneClusterImpl-d5f2283b-1c97-4f43-babe-75a35a923614/datanode-2/data/ratis to VolumeSet
2021-11-11 00:06:54,084 [Listener at 127.0.0.1/36803] INFO  volume.ThrottledAsyncChecker (ThrottledAsyncChecker.java:schedule(141)) - Scheduling a check for /home/runner/work/ozone/ozone/hadoop-ozone/integration-test/target/test-dir/MiniOzoneClusterImpl-d5f2283b-1c97-4f43-babe-75a35a923614/datanode-2/data/ratis
2021-11-11 00:06:54,084 [Listener at 127.0.0.1/36803] INFO  volume.StorageVolumeChecker (StorageVolumeChecker.java:checkAllVolumes(202)) - Scheduled health check for volume /home/runner/work/ozone/ozone/hadoop-ozone/integration-test/target/test-dir/MiniOzoneClusterImpl-d5f2283b-1c97-4f43-babe-75a35a923614/datanode-2/data/ratis
2021-11-11 00:06:54,151 [Thread-1725] INFO  ozoneimpl.ContainerReader (ContainerReader.java:readVolume(172)) - Finish verifying containers on volume /home/runner/work/ozone/ozone/hadoop-ozone/integration-test/target/test-dir/MiniOzoneClusterImpl-d5f2283b-1c97-4f43-babe-75a35a923614/datanode-2/data-0/containers/hdds
2021-11-11 00:06:54,151 [Listener at 127.0.0.1/36803] INFO  ozoneimpl.OzoneContainer (OzoneContainer.java:buildContainerSet(236)) - Build ContainerSet costs 0s
2021-11-11 00:06:54,153 [Listener at 127.0.0.1/36803] INFO  server.RaftServer (ConfUtils.java:logGet(44)) - raft.rpc.type = GRPC (default)
2021-11-11 00:06:54,153 [Listener at 127.0.0.1/36803] INFO  grpc.GrpcFactory (GrpcFactory.java:checkPooledByteBufAllocatorUseCacheForAllThreads(48)) - PERFORMANCE WARNING: useCacheForAllThreads is true that may cause Netty to create a lot garbage objects and, as a result, trigger GC.
	It is recommended to disable useCacheForAllThreads by setting -Dorg.apache.ratis.thirdparty.io.netty.allocator.useCacheForAllThreads=false in command line.
2021-11-11 00:06:54,153 [Listener at 127.0.0.1/36803] INFO  grpc.GrpcConfigKeys (ConfUtils.java:logGet(44)) - raft.grpc.admin.port = 0 (custom)
2021-11-11 00:06:54,154 [Listener at 127.0.0.1/36803] INFO  grpc.GrpcConfigKeys (ConfUtils.java:logGet(44)) - raft.grpc.client.port = 0 (custom)
2021-11-11 00:06:54,154 [Listener at 127.0.0.1/36803] INFO  grpc.GrpcConfigKeys (ConfUtils.java:logGet(44)) - raft.grpc.server.port = 0 (default)
2021-11-11 00:06:54,154 [Listener at 127.0.0.1/36803] INFO  server.GrpcService (ConfUtils.java:logGet(44)) - raft.grpc.message.size.max = 32MB (=33554432) (custom)
2021-11-11 00:06:54,154 [Listener at 127.0.0.1/36803] INFO  server.RaftServerConfigKeys (ConfUtils.java:logGet(44)) - raft.server.log.appender.buffer.byte-limit = 33554432 (custom)
2021-11-11 00:06:54,154 [Listener at 127.0.0.1/36803] INFO  server.GrpcService (ConfUtils.java:logGet(44)) - raft.grpc.flow.control.window = 5MB (=5242880) (custom)
2021-11-11 00:06:54,154 [Listener at 127.0.0.1/36803] INFO  server.RaftServerConfigKeys (ConfUtils.java:logGet(44)) - raft.server.rpc.request.timeout = 3000ms (default)
2021-11-11 00:06:54,156 [Listener at 127.0.0.1/36803] INFO  impl.DataStreamServerImpl (ConfUtils.java:logGet(44)) - raft.datastream.type = DISABLED (default)
2021-11-11 00:06:54,156 [Listener at 127.0.0.1/36803] INFO  server.RaftServerConfigKeys (ConfUtils.java:logGet(44)) - raft.server.rpc.slowness.timeout = 300000ms (custom)
2021-11-11 00:06:54,156 [Listener at 127.0.0.1/36803] INFO  server.RaftServerConfigKeys (ConfUtils.java:logGet(44)) - raft.server.leaderelection.leader.step-down.wait-time = 10s (default)
2021-11-11 00:06:54,156 [Listener at 127.0.0.1/36803] INFO  server.RaftServerConfigKeys (ConfUtils.java:logGet(44)) - raft.server.storage.dir = [/home/runner/work/ozone/ozone/hadoop-ozone/integration-test/target/test-dir/MiniOzoneClusterImpl-d5f2283b-1c97-4f43-babe-75a35a923614/datanode-2/data/ratis] (custom)
2021-11-11 00:06:54,172 [Listener at 127.0.0.1/36803] INFO  http.BaseHttpServer (BaseHttpServer.java:newHttpServer2BuilderForOzone(209)) - Starting Web-server for hddsDatanode at: http://0.0.0.0:0
2021-11-11 00:06:54,173 [Listener at 127.0.0.1/36803] INFO  http.BaseHttpServer (BaseHttpServer.java:<init>(107)) - Hadoop Security Enabled: false Ozone Security Enabled: false Ozone HTTP Security Enabled: false 
2021-11-11 00:06:54,176 [Listener at 127.0.0.1/36803] INFO  server.AuthenticationFilter (AuthenticationFilter.java:constructSecretProvider(240)) - Unable to initialize FileSignerSecretProvider, falling back to use random secrets.
2021-11-11 00:06:54,178 [Listener at 127.0.0.1/36803] WARN  http.HttpRequestLog (HttpRequestLog.java:getRequestLog(103)) - Jetty request log can only be enabled using Log4j
2021-11-11 00:06:54,179 [Listener at 127.0.0.1/36803] INFO  http.HttpServer2 (HttpServer2.java:addGlobalFilter(1030)) - Added global filter 'safety' (class=org.apache.hadoop.hdds.server.http.HttpServer2$QuotingInputFilter)
2021-11-11 00:06:54,179 [Listener at 127.0.0.1/36803] INFO  http.HttpServer2 (HttpServer2.java:addFilter(1006)) - Added filter static_user_filter (class=org.apache.hadoop.http.lib.StaticUserWebFilter$StaticUserFilter) to context hddsDatanode
2021-11-11 00:06:54,179 [Listener at 127.0.0.1/36803] INFO  http.HttpServer2 (HttpServer2.java:addFilter(1014)) - Added filter static_user_filter (class=org.apache.hadoop.http.lib.StaticUserWebFilter$StaticUserFilter) to context static
2021-11-11 00:06:54,179 [Listener at 127.0.0.1/36803] INFO  http.HttpServer2 (HttpServer2.java:addFilter(1014)) - Added filter static_user_filter (class=org.apache.hadoop.http.lib.StaticUserWebFilter$StaticUserFilter) to context logs
2021-11-11 00:06:54,180 [Listener at 127.0.0.1/36803] INFO  http.HttpServer2 (HttpServer2.java:bindListener(1249)) - Jetty bound to port 38043
2021-11-11 00:06:54,180 [Listener at 127.0.0.1/36803] INFO  server.Server (Server.java:doStart(375)) - jetty-9.4.43.v20210629; built: 2021-06-30T11:07:22.254Z; git: 526006ecfa3af7f1a27ef3a288e2bef7ea9dd7e8; jvm 1.8.0_292-b10
2021-11-11 00:06:54,201 [Listener at 127.0.0.1/36803] INFO  server.session (DefaultSessionIdManager.java:doStart(334)) - DefaultSessionIdManager workerName=node0
2021-11-11 00:06:54,202 [Listener at 127.0.0.1/36803] INFO  server.session (DefaultSessionIdManager.java:doStart(339)) - No SessionScavenger set, using defaults
2021-11-11 00:06:54,202 [Listener at 127.0.0.1/36803] INFO  server.session (HouseKeeper.java:startScavenging(132)) - node0 Scavenging every 660000ms
2021-11-11 00:06:54,211 [Listener at 127.0.0.1/36803] INFO  handler.ContextHandler (ContextHandler.java:doStart(915)) - Started o.e.j.s.ServletContextHandler@79302976{logs,/logs,file:///home/runner/work/ozone/ozone/hadoop-ozone/integration-test/target/log,AVAILABLE}
2021-11-11 00:06:54,211 [Listener at 127.0.0.1/36803] INFO  handler.ContextHandler (ContextHandler.java:doStart(915)) - Started o.e.j.s.ServletContextHandler@8954f25{static,/static,jar:file:/home/runner/.m2/repository/org/apache/ozone/hdds-container-service/1.2.0-SNAPSHOT/hdds-container-service-1.2.0-SNAPSHOT.jar!/webapps/static,AVAILABLE}
2021-11-11 00:06:54,290 [Listener at 127.0.0.1/36803] INFO  handler.ContextHandler (ContextHandler.java:doStart(915)) - Started o.e.j.w.WebAppContext@7d484dbb{hddsDatanode,/,file:///tmp/jetty-0_0_0_0-38043-hdds-container-service-1_2_0-SNAPSHOT_jar-_-any-7961939798713294649/webapp/,AVAILABLE}{jar:file:/home/runner/.m2/repository/org/apache/ozone/hdds-container-service/1.2.0-SNAPSHOT/hdds-container-service-1.2.0-SNAPSHOT.jar!/webapps/hddsDatanode}
2021-11-11 00:06:54,292 [Listener at 127.0.0.1/36803] INFO  server.AbstractConnector (AbstractConnector.java:doStart(331)) - Started ServerConnector@54b7c6bb{HTTP/1.1, (http/1.1)}{0.0.0.0:38043}
2021-11-11 00:06:54,292 [Listener at 127.0.0.1/36803] INFO  server.Server (Server.java:doStart(415)) - Started @239343ms
2021-11-11 00:06:54,292 [Listener at 127.0.0.1/36803] WARN  impl.MetricsSystemImpl (MetricsSystemImpl.java:register(279)) - Sink prometheus already exists!
2021-11-11 00:06:54,293 [Listener at 127.0.0.1/36803] INFO  http.BaseHttpServer (BaseHttpServer.java:updateConnectorAddress(329)) - HTTP server of hddsDatanode listening at http://0.0.0.0:38043
2021-11-11 00:06:54,315 [Listener at 127.0.0.1/36803] WARN  impl.MetricRegistriesImpl (MetricRegistriesImpl.java:addReporterRegistration(111)) - New reporters are added after registries were created. Some metrics will be missing from the reporter. Please add reporter before adding any new registry.
2021-11-11 00:06:54,315 [Listener at 127.0.0.1/36803] WARN  impl.MetricRegistriesImpl (MetricRegistriesImpl.java:addReporterRegistration(111)) - New reporters are added after registries were created. Some metrics will be missing from the reporter. Please add reporter before adding any new registry.
2021-11-11 00:06:54,315 [Listener at 127.0.0.1/36803] INFO  impl.MetricsSystemImpl (MetricsSystemImpl.java:init(158)) - HddsDatanode metrics system started (again)
2021-11-11 00:06:54,322 [Datanode State Machine Daemon Thread] INFO  statemachine.DatanodeStateMachine (DatanodeStateMachine.java:lambda$startDaemon$0(467)) - Ozone container server started.
2021-11-11 00:06:54,342 [org.apache.hadoop.util.JvmPauseMonitor$Monitor@f5d4e7d] INFO  util.JvmPauseMonitor (JvmPauseMonitor.java:run(188)) - Starting JVM pause monitor
2021-11-11 00:06:54,350 [Datanode State Machine Task Thread - 0] INFO  datanode.InitDatanodeState (InitDatanodeState.java:persistContainerDatanodeDetails(145)) - DatanodeDetails is persisted to /home/runner/work/ozone/ozone/hadoop-ozone/integration-test/target/test-dir/MiniOzoneClusterImpl-d5f2283b-1c97-4f43-babe-75a35a923614/datanode-2/meta/datanode.id
2021-11-11 00:06:54,362 [Listener at 127.0.0.1/36803] INFO  ozone.HddsDatanodeService (HddsDatanodeService.java:start(234)) - HddsDatanodeService host:fv-az151-339.yf2hydr00wburbhx3j5hxtcipe.bx.internal.cloudapp.net ip:10.1.0.10
2021-11-11 00:06:54,400 [Listener at 127.0.0.1/36803] INFO  upgrade.AbstractLayoutVersionManager (AbstractLayoutVersionManager.java:init(79)) - Initializing Layout version manager with metadata layout = SCM_HA (version = 2), software layout = SCM_HA (version = 2)
2021-11-11 00:06:54,457 [Listener at 127.0.0.1/36803] INFO  reflections.Reflections (Reflections.java:scan(232)) - Reflections took 55 ms to scan 7 urls, producing 119 keys and 279 values 
2021-11-11 00:06:54,458 [Listener at 127.0.0.1/36803] INFO  statemachine.DatanodeStateMachine (DatanodeStateMachine.java:getEndPointTaskThreadPoolSize(219)) - Datanode State Machine Task Thread Pool size 2
2021-11-11 00:06:54,461 [Listener at 127.0.0.1/36803] INFO  volume.HddsVolume (HddsVolume.java:<init>(120)) - Creating HddsVolume: /home/runner/work/ozone/ozone/hadoop-ozone/integration-test/target/test-dir/MiniOzoneClusterImpl-d5f2283b-1c97-4f43-babe-75a35a923614/datanode-3/data-0/containers/hdds of storage type : DISK capacity : 9223372036854775807
2021-11-11 00:06:54,461 [Listener at 127.0.0.1/36803] INFO  volume.MutableVolumeSet (MutableVolumeSet.java:initializeVolumeSet(168)) - Added Volume : /home/runner/work/ozone/ozone/hadoop-ozone/integration-test/target/test-dir/MiniOzoneClusterImpl-d5f2283b-1c97-4f43-babe-75a35a923614/datanode-3/data-0/containers/hdds to VolumeSet
2021-11-11 00:06:54,461 [Listener at 127.0.0.1/36803] INFO  volume.ThrottledAsyncChecker (ThrottledAsyncChecker.java:schedule(141)) - Scheduling a check for /home/runner/work/ozone/ozone/hadoop-ozone/integration-test/target/test-dir/MiniOzoneClusterImpl-d5f2283b-1c97-4f43-babe-75a35a923614/datanode-3/data-0/containers/hdds
2021-11-11 00:06:54,462 [Listener at 127.0.0.1/36803] INFO  volume.StorageVolumeChecker (StorageVolumeChecker.java:checkAllVolumes(202)) - Scheduled health check for volume /home/runner/work/ozone/ozone/hadoop-ozone/integration-test/target/test-dir/MiniOzoneClusterImpl-d5f2283b-1c97-4f43-babe-75a35a923614/datanode-3/data-0/containers/hdds
2021-11-11 00:06:54,521 [Listener at 127.0.0.1/36803] INFO  volume.MutableVolumeSet (MutableVolumeSet.java:initializeVolumeSet(168)) - Added Volume : /home/runner/work/ozone/ozone/hadoop-ozone/integration-test/target/test-dir/MiniOzoneClusterImpl-d5f2283b-1c97-4f43-babe-75a35a923614/datanode-3/data/ratis to VolumeSet
2021-11-11 00:06:54,522 [Listener at 127.0.0.1/36803] INFO  volume.ThrottledAsyncChecker (ThrottledAsyncChecker.java:schedule(141)) - Scheduling a check for /home/runner/work/ozone/ozone/hadoop-ozone/integration-test/target/test-dir/MiniOzoneClusterImpl-d5f2283b-1c97-4f43-babe-75a35a923614/datanode-3/data/ratis
2021-11-11 00:06:54,522 [Listener at 127.0.0.1/36803] INFO  volume.StorageVolumeChecker (StorageVolumeChecker.java:checkAllVolumes(202)) - Scheduled health check for volume /home/runner/work/ozone/ozone/hadoop-ozone/integration-test/target/test-dir/MiniOzoneClusterImpl-d5f2283b-1c97-4f43-babe-75a35a923614/datanode-3/data/ratis
2021-11-11 00:06:54,540 [Thread-1737] INFO  ozoneimpl.ContainerReader (ContainerReader.java:readVolume(172)) - Finish verifying containers on volume /home/runner/work/ozone/ozone/hadoop-ozone/integration-test/target/test-dir/MiniOzoneClusterImpl-d5f2283b-1c97-4f43-babe-75a35a923614/datanode-3/data-0/containers/hdds
2021-11-11 00:06:54,541 [Listener at 127.0.0.1/36803] INFO  ozoneimpl.OzoneContainer (OzoneContainer.java:buildContainerSet(236)) - Build ContainerSet costs 0s
2021-11-11 00:06:54,543 [Listener at 127.0.0.1/36803] INFO  server.RaftServer (ConfUtils.java:logGet(44)) - raft.rpc.type = GRPC (default)
2021-11-11 00:06:54,543 [Listener at 127.0.0.1/36803] INFO  grpc.GrpcFactory (GrpcFactory.java:checkPooledByteBufAllocatorUseCacheForAllThreads(48)) - PERFORMANCE WARNING: useCacheForAllThreads is true that may cause Netty to create a lot garbage objects and, as a result, trigger GC.
	It is recommended to disable useCacheForAllThreads by setting -Dorg.apache.ratis.thirdparty.io.netty.allocator.useCacheForAllThreads=false in command line.
2021-11-11 00:06:54,543 [Listener at 127.0.0.1/36803] INFO  grpc.GrpcConfigKeys (ConfUtils.java:logGet(44)) - raft.grpc.admin.port = 0 (custom)
2021-11-11 00:06:54,543 [Listener at 127.0.0.1/36803] INFO  grpc.GrpcConfigKeys (ConfUtils.java:logGet(44)) - raft.grpc.client.port = 0 (custom)
2021-11-11 00:06:54,543 [Listener at 127.0.0.1/36803] INFO  grpc.GrpcConfigKeys (ConfUtils.java:logGet(44)) - raft.grpc.server.port = 0 (default)
2021-11-11 00:06:54,544 [Listener at 127.0.0.1/36803] INFO  server.GrpcService (ConfUtils.java:logGet(44)) - raft.grpc.message.size.max = 32MB (=33554432) (custom)
2021-11-11 00:06:54,544 [Listener at 127.0.0.1/36803] INFO  server.RaftServerConfigKeys (ConfUtils.java:logGet(44)) - raft.server.log.appender.buffer.byte-limit = 33554432 (custom)
2021-11-11 00:06:54,544 [Listener at 127.0.0.1/36803] INFO  server.GrpcService (ConfUtils.java:logGet(44)) - raft.grpc.flow.control.window = 5MB (=5242880) (custom)
2021-11-11 00:06:54,544 [Listener at 127.0.0.1/36803] INFO  server.RaftServerConfigKeys (ConfUtils.java:logGet(44)) - raft.server.rpc.request.timeout = 3000ms (default)
2021-11-11 00:06:54,546 [Listener at 127.0.0.1/36803] INFO  impl.DataStreamServerImpl (ConfUtils.java:logGet(44)) - raft.datastream.type = DISABLED (default)
2021-11-11 00:06:54,546 [Listener at 127.0.0.1/36803] INFO  server.RaftServerConfigKeys (ConfUtils.java:logGet(44)) - raft.server.rpc.slowness.timeout = 300000ms (custom)
2021-11-11 00:06:54,546 [Listener at 127.0.0.1/36803] INFO  server.RaftServerConfigKeys (ConfUtils.java:logGet(44)) - raft.server.leaderelection.leader.step-down.wait-time = 10s (default)
2021-11-11 00:06:54,547 [Listener at 127.0.0.1/36803] INFO  server.RaftServerConfigKeys (ConfUtils.java:logGet(44)) - raft.server.storage.dir = [/home/runner/work/ozone/ozone/hadoop-ozone/integration-test/target/test-dir/MiniOzoneClusterImpl-d5f2283b-1c97-4f43-babe-75a35a923614/datanode-3/data/ratis] (custom)
2021-11-11 00:06:54,552 [Listener at 127.0.0.1/36803] INFO  http.BaseHttpServer (BaseHttpServer.java:newHttpServer2BuilderForOzone(209)) - Starting Web-server for hddsDatanode at: http://0.0.0.0:0
2021-11-11 00:06:54,552 [Listener at 127.0.0.1/36803] INFO  http.BaseHttpServer (BaseHttpServer.java:<init>(107)) - Hadoop Security Enabled: false Ozone Security Enabled: false Ozone HTTP Security Enabled: false 
2021-11-11 00:06:54,553 [Listener at 127.0.0.1/36803] INFO  server.AuthenticationFilter (AuthenticationFilter.java:constructSecretProvider(240)) - Unable to initialize FileSignerSecretProvider, falling back to use random secrets.
2021-11-11 00:06:54,562 [Listener at 127.0.0.1/36803] WARN  http.HttpRequestLog (HttpRequestLog.java:getRequestLog(103)) - Jetty request log can only be enabled using Log4j
2021-11-11 00:06:54,563 [Listener at 127.0.0.1/36803] INFO  http.HttpServer2 (HttpServer2.java:addGlobalFilter(1030)) - Added global filter 'safety' (class=org.apache.hadoop.hdds.server.http.HttpServer2$QuotingInputFilter)
2021-11-11 00:06:54,563 [Listener at 127.0.0.1/36803] INFO  http.HttpServer2 (HttpServer2.java:addFilter(1006)) - Added filter static_user_filter (class=org.apache.hadoop.http.lib.StaticUserWebFilter$StaticUserFilter) to context hddsDatanode
2021-11-11 00:06:54,563 [Listener at 127.0.0.1/36803] INFO  http.HttpServer2 (HttpServer2.java:addFilter(1014)) - Added filter static_user_filter (class=org.apache.hadoop.http.lib.StaticUserWebFilter$StaticUserFilter) to context static
2021-11-11 00:06:54,563 [Listener at 127.0.0.1/36803] INFO  http.HttpServer2 (HttpServer2.java:addFilter(1014)) - Added filter static_user_filter (class=org.apache.hadoop.http.lib.StaticUserWebFilter$StaticUserFilter) to context logs
2021-11-11 00:06:54,564 [Listener at 127.0.0.1/36803] INFO  http.HttpServer2 (HttpServer2.java:bindListener(1249)) - Jetty bound to port 45377
2021-11-11 00:06:54,564 [Listener at 127.0.0.1/36803] INFO  server.Server (Server.java:doStart(375)) - jetty-9.4.43.v20210629; built: 2021-06-30T11:07:22.254Z; git: 526006ecfa3af7f1a27ef3a288e2bef7ea9dd7e8; jvm 1.8.0_292-b10
2021-11-11 00:06:54,568 [Listener at 127.0.0.1/36803] INFO  server.session (DefaultSessionIdManager.java:doStart(334)) - DefaultSessionIdManager workerName=node0
2021-11-11 00:06:54,568 [Listener at 127.0.0.1/36803] INFO  server.session (DefaultSessionIdManager.java:doStart(339)) - No SessionScavenger set, using defaults
2021-11-11 00:06:54,568 [Listener at 127.0.0.1/36803] INFO  server.session (HouseKeeper.java:startScavenging(132)) - node0 Scavenging every 660000ms
2021-11-11 00:06:54,569 [Listener at 127.0.0.1/36803] INFO  handler.ContextHandler (ContextHandler.java:doStart(915)) - Started o.e.j.s.ServletContextHandler@3004029b{logs,/logs,file:///home/runner/work/ozone/ozone/hadoop-ozone/integration-test/target/log,AVAILABLE}
2021-11-11 00:06:54,569 [Listener at 127.0.0.1/36803] INFO  handler.ContextHandler (ContextHandler.java:doStart(915)) - Started o.e.j.s.ServletContextHandler@368e8ea7{static,/static,jar:file:/home/runner/.m2/repository/org/apache/ozone/hdds-container-service/1.2.0-SNAPSHOT/hdds-container-service-1.2.0-SNAPSHOT.jar!/webapps/static,AVAILABLE}
2021-11-11 00:06:54,629 [Listener at 127.0.0.1/36803] INFO  handler.ContextHandler (ContextHandler.java:doStart(915)) - Started o.e.j.w.WebAppContext@65e1c98c{hddsDatanode,/,file:///tmp/jetty-0_0_0_0-45377-hdds-container-service-1_2_0-SNAPSHOT_jar-_-any-6512466618547606445/webapp/,AVAILABLE}{jar:file:/home/runner/.m2/repository/org/apache/ozone/hdds-container-service/1.2.0-SNAPSHOT/hdds-container-service-1.2.0-SNAPSHOT.jar!/webapps/hddsDatanode}
2021-11-11 00:06:54,644 [Listener at 127.0.0.1/36803] INFO  server.AbstractConnector (AbstractConnector.java:doStart(331)) - Started ServerConnector@5c37f527{HTTP/1.1, (http/1.1)}{0.0.0.0:45377}
2021-11-11 00:06:54,644 [Listener at 127.0.0.1/36803] INFO  server.Server (Server.java:doStart(415)) - Started @239695ms
2021-11-11 00:06:54,644 [Listener at 127.0.0.1/36803] WARN  impl.MetricsSystemImpl (MetricsSystemImpl.java:register(279)) - Sink prometheus already exists!
2021-11-11 00:06:54,645 [Listener at 127.0.0.1/36803] INFO  http.BaseHttpServer (BaseHttpServer.java:updateConnectorAddress(329)) - HTTP server of hddsDatanode listening at http://0.0.0.0:45377
2021-11-11 00:06:54,647 [Listener at 127.0.0.1/36803] WARN  impl.MetricRegistriesImpl (MetricRegistriesImpl.java:addReporterRegistration(111)) - New reporters are added after registries were created. Some metrics will be missing from the reporter. Please add reporter before adding any new registry.
2021-11-11 00:06:54,647 [Listener at 127.0.0.1/36803] WARN  impl.MetricRegistriesImpl (MetricRegistriesImpl.java:addReporterRegistration(111)) - New reporters are added after registries were created. Some metrics will be missing from the reporter. Please add reporter before adding any new registry.
2021-11-11 00:06:54,647 [Listener at 127.0.0.1/36803] INFO  impl.MetricsSystemImpl (MetricsSystemImpl.java:init(158)) - HddsDatanode metrics system started (again)
2021-11-11 00:06:54,654 [Datanode State Machine Daemon Thread] INFO  statemachine.DatanodeStateMachine (DatanodeStateMachine.java:lambda$startDaemon$0(467)) - Ozone container server started.
2021-11-11 00:06:54,686 [Listener at 127.0.0.1/36803] INFO  ozone.HddsDatanodeService (HddsDatanodeService.java:start(234)) - HddsDatanodeService host:fv-az151-339.yf2hydr00wburbhx3j5hxtcipe.bx.internal.cloudapp.net ip:10.1.0.10
2021-11-11 00:06:54,718 [org.apache.hadoop.util.JvmPauseMonitor$Monitor@52048c4b] INFO  util.JvmPauseMonitor (JvmPauseMonitor.java:run(188)) - Starting JVM pause monitor
2021-11-11 00:06:54,734 [Listener at 127.0.0.1/36803] INFO  upgrade.AbstractLayoutVersionManager (AbstractLayoutVersionManager.java:init(79)) - Initializing Layout version manager with metadata layout = SCM_HA (version = 2), software layout = SCM_HA (version = 2)
2021-11-11 00:06:54,762 [Datanode State Machine Task Thread - 0] INFO  datanode.InitDatanodeState (InitDatanodeState.java:persistContainerDatanodeDetails(145)) - DatanodeDetails is persisted to /home/runner/work/ozone/ozone/hadoop-ozone/integration-test/target/test-dir/MiniOzoneClusterImpl-d5f2283b-1c97-4f43-babe-75a35a923614/datanode-3/meta/datanode.id
2021-11-11 00:06:54,779 [Listener at 127.0.0.1/36803] INFO  reflections.Reflections (Reflections.java:scan(232)) - Reflections took 40 ms to scan 7 urls, producing 119 keys and 279 values 
2021-11-11 00:06:54,780 [Listener at 127.0.0.1/36803] INFO  statemachine.DatanodeStateMachine (DatanodeStateMachine.java:getEndPointTaskThreadPoolSize(219)) - Datanode State Machine Task Thread Pool size 2
2021-11-11 00:06:54,788 [Listener at 127.0.0.1/36803] INFO  volume.HddsVolume (HddsVolume.java:<init>(120)) - Creating HddsVolume: /home/runner/work/ozone/ozone/hadoop-ozone/integration-test/target/test-dir/MiniOzoneClusterImpl-d5f2283b-1c97-4f43-babe-75a35a923614/datanode-4/data-0/containers/hdds of storage type : DISK capacity : 9223372036854775807
2021-11-11 00:06:54,789 [Listener at 127.0.0.1/36803] INFO  volume.MutableVolumeSet (MutableVolumeSet.java:initializeVolumeSet(168)) - Added Volume : /home/runner/work/ozone/ozone/hadoop-ozone/integration-test/target/test-dir/MiniOzoneClusterImpl-d5f2283b-1c97-4f43-babe-75a35a923614/datanode-4/data-0/containers/hdds to VolumeSet
2021-11-11 00:06:54,789 [Listener at 127.0.0.1/36803] INFO  volume.ThrottledAsyncChecker (ThrottledAsyncChecker.java:schedule(141)) - Scheduling a check for /home/runner/work/ozone/ozone/hadoop-ozone/integration-test/target/test-dir/MiniOzoneClusterImpl-d5f2283b-1c97-4f43-babe-75a35a923614/datanode-4/data-0/containers/hdds
2021-11-11 00:06:54,801 [Listener at 127.0.0.1/36803] INFO  volume.StorageVolumeChecker (StorageVolumeChecker.java:checkAllVolumes(202)) - Scheduled health check for volume /home/runner/work/ozone/ozone/hadoop-ozone/integration-test/target/test-dir/MiniOzoneClusterImpl-d5f2283b-1c97-4f43-babe-75a35a923614/datanode-4/data-0/containers/hdds
2021-11-11 00:06:54,815 [Listener at 127.0.0.1/36803] INFO  volume.MutableVolumeSet (MutableVolumeSet.java:initializeVolumeSet(168)) - Added Volume : /home/runner/work/ozone/ozone/hadoop-ozone/integration-test/target/test-dir/MiniOzoneClusterImpl-d5f2283b-1c97-4f43-babe-75a35a923614/datanode-4/data/ratis to VolumeSet
2021-11-11 00:06:54,815 [Listener at 127.0.0.1/36803] INFO  volume.ThrottledAsyncChecker (ThrottledAsyncChecker.java:schedule(141)) - Scheduling a check for /home/runner/work/ozone/ozone/hadoop-ozone/integration-test/target/test-dir/MiniOzoneClusterImpl-d5f2283b-1c97-4f43-babe-75a35a923614/datanode-4/data/ratis
2021-11-11 00:06:54,816 [Listener at 127.0.0.1/36803] INFO  volume.StorageVolumeChecker (StorageVolumeChecker.java:checkAllVolumes(202)) - Scheduled health check for volume /home/runner/work/ozone/ozone/hadoop-ozone/integration-test/target/test-dir/MiniOzoneClusterImpl-d5f2283b-1c97-4f43-babe-75a35a923614/datanode-4/data/ratis
2021-11-11 00:06:54,856 [Thread-1749] INFO  ozoneimpl.ContainerReader (ContainerReader.java:readVolume(172)) - Finish verifying containers on volume /home/runner/work/ozone/ozone/hadoop-ozone/integration-test/target/test-dir/MiniOzoneClusterImpl-d5f2283b-1c97-4f43-babe-75a35a923614/datanode-4/data-0/containers/hdds
2021-11-11 00:06:54,865 [Listener at 127.0.0.1/36803] INFO  ozoneimpl.OzoneContainer (OzoneContainer.java:buildContainerSet(236)) - Build ContainerSet costs 0s
2021-11-11 00:06:54,868 [Listener at 127.0.0.1/36803] INFO  server.RaftServer (ConfUtils.java:logGet(44)) - raft.rpc.type = GRPC (default)
2021-11-11 00:06:54,868 [Listener at 127.0.0.1/36803] INFO  grpc.GrpcFactory (GrpcFactory.java:checkPooledByteBufAllocatorUseCacheForAllThreads(48)) - PERFORMANCE WARNING: useCacheForAllThreads is true that may cause Netty to create a lot garbage objects and, as a result, trigger GC.
	It is recommended to disable useCacheForAllThreads by setting -Dorg.apache.ratis.thirdparty.io.netty.allocator.useCacheForAllThreads=false in command line.
2021-11-11 00:06:54,868 [Listener at 127.0.0.1/36803] INFO  grpc.GrpcConfigKeys (ConfUtils.java:logGet(44)) - raft.grpc.admin.port = 0 (custom)
2021-11-11 00:06:54,869 [Listener at 127.0.0.1/36803] INFO  grpc.GrpcConfigKeys (ConfUtils.java:logGet(44)) - raft.grpc.client.port = 0 (custom)
2021-11-11 00:06:54,869 [Listener at 127.0.0.1/36803] INFO  grpc.GrpcConfigKeys (ConfUtils.java:logGet(44)) - raft.grpc.server.port = 0 (default)
2021-11-11 00:06:54,869 [Listener at 127.0.0.1/36803] INFO  server.GrpcService (ConfUtils.java:logGet(44)) - raft.grpc.message.size.max = 32MB (=33554432) (custom)
2021-11-11 00:06:54,869 [Listener at 127.0.0.1/36803] INFO  server.RaftServerConfigKeys (ConfUtils.java:logGet(44)) - raft.server.log.appender.buffer.byte-limit = 33554432 (custom)
2021-11-11 00:06:54,870 [Listener at 127.0.0.1/36803] INFO  server.GrpcService (ConfUtils.java:logGet(44)) - raft.grpc.flow.control.window = 5MB (=5242880) (custom)
2021-11-11 00:06:54,870 [Listener at 127.0.0.1/36803] INFO  server.RaftServerConfigKeys (ConfUtils.java:logGet(44)) - raft.server.rpc.request.timeout = 3000ms (default)
2021-11-11 00:06:54,871 [Listener at 127.0.0.1/36803] INFO  impl.DataStreamServerImpl (ConfUtils.java:logGet(44)) - raft.datastream.type = DISABLED (default)
2021-11-11 00:06:54,872 [Listener at 127.0.0.1/36803] INFO  server.RaftServerConfigKeys (ConfUtils.java:logGet(44)) - raft.server.rpc.slowness.timeout = 300000ms (custom)
2021-11-11 00:06:54,872 [Listener at 127.0.0.1/36803] INFO  server.RaftServerConfigKeys (ConfUtils.java:logGet(44)) - raft.server.leaderelection.leader.step-down.wait-time = 10s (default)
2021-11-11 00:06:54,872 [Listener at 127.0.0.1/36803] INFO  server.RaftServerConfigKeys (ConfUtils.java:logGet(44)) - raft.server.storage.dir = [/home/runner/work/ozone/ozone/hadoop-ozone/integration-test/target/test-dir/MiniOzoneClusterImpl-d5f2283b-1c97-4f43-babe-75a35a923614/datanode-4/data/ratis] (custom)
2021-11-11 00:06:54,876 [Listener at 127.0.0.1/36803] INFO  http.BaseHttpServer (BaseHttpServer.java:newHttpServer2BuilderForOzone(209)) - Starting Web-server for hddsDatanode at: http://0.0.0.0:0
2021-11-11 00:06:54,877 [Listener at 127.0.0.1/36803] INFO  http.BaseHttpServer (BaseHttpServer.java:<init>(107)) - Hadoop Security Enabled: false Ozone Security Enabled: false Ozone HTTP Security Enabled: false 
2021-11-11 00:06:54,878 [Listener at 127.0.0.1/36803] INFO  server.AuthenticationFilter (AuthenticationFilter.java:constructSecretProvider(240)) - Unable to initialize FileSignerSecretProvider, falling back to use random secrets.
2021-11-11 00:06:54,886 [Listener at 127.0.0.1/36803] WARN  http.HttpRequestLog (HttpRequestLog.java:getRequestLog(103)) - Jetty request log can only be enabled using Log4j
2021-11-11 00:06:54,887 [Listener at 127.0.0.1/36803] INFO  http.HttpServer2 (HttpServer2.java:addGlobalFilter(1030)) - Added global filter 'safety' (class=org.apache.hadoop.hdds.server.http.HttpServer2$QuotingInputFilter)
2021-11-11 00:06:54,887 [Listener at 127.0.0.1/36803] INFO  http.HttpServer2 (HttpServer2.java:addFilter(1006)) - Added filter static_user_filter (class=org.apache.hadoop.http.lib.StaticUserWebFilter$StaticUserFilter) to context hddsDatanode
2021-11-11 00:06:54,888 [Listener at 127.0.0.1/36803] INFO  http.HttpServer2 (HttpServer2.java:addFilter(1014)) - Added filter static_user_filter (class=org.apache.hadoop.http.lib.StaticUserWebFilter$StaticUserFilter) to context static
2021-11-11 00:06:54,888 [Listener at 127.0.0.1/36803] INFO  http.HttpServer2 (HttpServer2.java:addFilter(1014)) - Added filter static_user_filter (class=org.apache.hadoop.http.lib.StaticUserWebFilter$StaticUserFilter) to context logs
2021-11-11 00:06:54,888 [Listener at 127.0.0.1/36803] INFO  http.HttpServer2 (HttpServer2.java:bindListener(1249)) - Jetty bound to port 45405
2021-11-11 00:06:54,888 [Listener at 127.0.0.1/36803] INFO  server.Server (Server.java:doStart(375)) - jetty-9.4.43.v20210629; built: 2021-06-30T11:07:22.254Z; git: 526006ecfa3af7f1a27ef3a288e2bef7ea9dd7e8; jvm 1.8.0_292-b10
2021-11-11 00:06:54,895 [Listener at 127.0.0.1/36803] INFO  server.session (DefaultSessionIdManager.java:doStart(334)) - DefaultSessionIdManager workerName=node0
2021-11-11 00:06:54,895 [Listener at 127.0.0.1/36803] INFO  server.session (DefaultSessionIdManager.java:doStart(339)) - No SessionScavenger set, using defaults
2021-11-11 00:06:54,895 [Listener at 127.0.0.1/36803] INFO  server.session (HouseKeeper.java:startScavenging(132)) - node0 Scavenging every 600000ms
2021-11-11 00:06:54,896 [Listener at 127.0.0.1/36803] INFO  handler.ContextHandler (ContextHandler.java:doStart(915)) - Started o.e.j.s.ServletContextHandler@296cb049{logs,/logs,file:///home/runner/work/ozone/ozone/hadoop-ozone/integration-test/target/log,AVAILABLE}
2021-11-11 00:06:54,896 [Listener at 127.0.0.1/36803] INFO  handler.ContextHandler (ContextHandler.java:doStart(915)) - Started o.e.j.s.ServletContextHandler@7a3f567c{static,/static,jar:file:/home/runner/.m2/repository/org/apache/ozone/hdds-container-service/1.2.0-SNAPSHOT/hdds-container-service-1.2.0-SNAPSHOT.jar!/webapps/static,AVAILABLE}
2021-11-11 00:06:54,948 [Listener at 127.0.0.1/36803] INFO  handler.ContextHandler (ContextHandler.java:doStart(915)) - Started o.e.j.w.WebAppContext@27a38afa{hddsDatanode,/,file:///tmp/jetty-0_0_0_0-45405-hdds-container-service-1_2_0-SNAPSHOT_jar-_-any-2959410628642690703/webapp/,AVAILABLE}{jar:file:/home/runner/.m2/repository/org/apache/ozone/hdds-container-service/1.2.0-SNAPSHOT/hdds-container-service-1.2.0-SNAPSHOT.jar!/webapps/hddsDatanode}
2021-11-11 00:06:54,950 [Listener at 127.0.0.1/36803] INFO  server.AbstractConnector (AbstractConnector.java:doStart(331)) - Started ServerConnector@30f942f{HTTP/1.1, (http/1.1)}{0.0.0.0:45405}
2021-11-11 00:06:54,950 [Listener at 127.0.0.1/36803] INFO  server.Server (Server.java:doStart(415)) - Started @240001ms
2021-11-11 00:06:54,950 [Listener at 127.0.0.1/36803] WARN  impl.MetricsSystemImpl (MetricsSystemImpl.java:register(279)) - Sink prometheus already exists!
2021-11-11 00:06:54,953 [Listener at 127.0.0.1/36803] INFO  http.BaseHttpServer (BaseHttpServer.java:updateConnectorAddress(329)) - HTTP server of hddsDatanode listening at http://0.0.0.0:45405
2021-11-11 00:06:54,955 [Listener at 127.0.0.1/36803] WARN  impl.MetricRegistriesImpl (MetricRegistriesImpl.java:addReporterRegistration(111)) - New reporters are added after registries were created. Some metrics will be missing from the reporter. Please add reporter before adding any new registry.
2021-11-11 00:06:54,955 [Listener at 127.0.0.1/36803] WARN  impl.MetricRegistriesImpl (MetricRegistriesImpl.java:addReporterRegistration(111)) - New reporters are added after registries were created. Some metrics will be missing from the reporter. Please add reporter before adding any new registry.
2021-11-11 00:06:54,955 [Listener at 127.0.0.1/36803] INFO  impl.MetricsSystemImpl (MetricsSystemImpl.java:init(158)) - HddsDatanode metrics system started (again)
2021-11-11 00:06:54,957 [Datanode State Machine Daemon Thread] INFO  statemachine.DatanodeStateMachine (DatanodeStateMachine.java:lambda$startDaemon$0(467)) - Ozone container server started.
2021-11-11 00:06:55,001 [org.apache.hadoop.util.JvmPauseMonitor$Monitor@4ad75f3f] INFO  util.JvmPauseMonitor (JvmPauseMonitor.java:run(188)) - Starting JVM pause monitor
2021-11-11 00:06:55,004 [Datanode State Machine Task Thread - 0] INFO  datanode.InitDatanodeState (InitDatanodeState.java:persistContainerDatanodeDetails(145)) - DatanodeDetails is persisted to /home/runner/work/ozone/ozone/hadoop-ozone/integration-test/target/test-dir/MiniOzoneClusterImpl-d5f2283b-1c97-4f43-babe-75a35a923614/datanode-4/meta/datanode.id
2021-11-11 00:06:55,017 [Listener at 127.0.0.1/36803] INFO  ozone.HddsDatanodeService (HddsDatanodeService.java:start(234)) - HddsDatanodeService host:fv-az151-339.yf2hydr00wburbhx3j5hxtcipe.bx.internal.cloudapp.net ip:10.1.0.10
2021-11-11 00:06:55,075 [Listener at 127.0.0.1/36803] INFO  upgrade.AbstractLayoutVersionManager (AbstractLayoutVersionManager.java:init(79)) - Initializing Layout version manager with metadata layout = SCM_HA (version = 2), software layout = SCM_HA (version = 2)
2021-11-11 00:06:55,136 [Listener at 127.0.0.1/36803] INFO  reflections.Reflections (Reflections.java:scan(232)) - Reflections took 59 ms to scan 7 urls, producing 119 keys and 279 values 
2021-11-11 00:06:55,138 [Listener at 127.0.0.1/36803] INFO  statemachine.DatanodeStateMachine (DatanodeStateMachine.java:getEndPointTaskThreadPoolSize(219)) - Datanode State Machine Task Thread Pool size 2
2021-11-11 00:06:55,167 [Listener at 127.0.0.1/36803] INFO  volume.HddsVolume (HddsVolume.java:<init>(120)) - Creating HddsVolume: /home/runner/work/ozone/ozone/hadoop-ozone/integration-test/target/test-dir/MiniOzoneClusterImpl-d5f2283b-1c97-4f43-babe-75a35a923614/datanode-5/data-0/containers/hdds of storage type : DISK capacity : 9223372036854775807
2021-11-11 00:06:55,167 [Listener at 127.0.0.1/36803] INFO  volume.MutableVolumeSet (MutableVolumeSet.java:initializeVolumeSet(168)) - Added Volume : /home/runner/work/ozone/ozone/hadoop-ozone/integration-test/target/test-dir/MiniOzoneClusterImpl-d5f2283b-1c97-4f43-babe-75a35a923614/datanode-5/data-0/containers/hdds to VolumeSet
2021-11-11 00:06:55,168 [Listener at 127.0.0.1/36803] INFO  volume.ThrottledAsyncChecker (ThrottledAsyncChecker.java:schedule(141)) - Scheduling a check for /home/runner/work/ozone/ozone/hadoop-ozone/integration-test/target/test-dir/MiniOzoneClusterImpl-d5f2283b-1c97-4f43-babe-75a35a923614/datanode-5/data-0/containers/hdds
2021-11-11 00:06:55,189 [Listener at 127.0.0.1/36803] INFO  volume.StorageVolumeChecker (StorageVolumeChecker.java:checkAllVolumes(202)) - Scheduled health check for volume /home/runner/work/ozone/ozone/hadoop-ozone/integration-test/target/test-dir/MiniOzoneClusterImpl-d5f2283b-1c97-4f43-babe-75a35a923614/datanode-5/data-0/containers/hdds
2021-11-11 00:06:55,214 [Listener at 127.0.0.1/36803] INFO  volume.MutableVolumeSet (MutableVolumeSet.java:initializeVolumeSet(168)) - Added Volume : /home/runner/work/ozone/ozone/hadoop-ozone/integration-test/target/test-dir/MiniOzoneClusterImpl-d5f2283b-1c97-4f43-babe-75a35a923614/datanode-5/data/ratis to VolumeSet
2021-11-11 00:06:55,215 [Listener at 127.0.0.1/36803] INFO  volume.ThrottledAsyncChecker (ThrottledAsyncChecker.java:schedule(141)) - Scheduling a check for /home/runner/work/ozone/ozone/hadoop-ozone/integration-test/target/test-dir/MiniOzoneClusterImpl-d5f2283b-1c97-4f43-babe-75a35a923614/datanode-5/data/ratis
2021-11-11 00:06:55,215 [Listener at 127.0.0.1/36803] INFO  volume.StorageVolumeChecker (StorageVolumeChecker.java:checkAllVolumes(202)) - Scheduled health check for volume /home/runner/work/ozone/ozone/hadoop-ozone/integration-test/target/test-dir/MiniOzoneClusterImpl-d5f2283b-1c97-4f43-babe-75a35a923614/datanode-5/data/ratis
2021-11-11 00:06:55,250 [Thread-1761] INFO  ozoneimpl.ContainerReader (ContainerReader.java:readVolume(172)) - Finish verifying containers on volume /home/runner/work/ozone/ozone/hadoop-ozone/integration-test/target/test-dir/MiniOzoneClusterImpl-d5f2283b-1c97-4f43-babe-75a35a923614/datanode-5/data-0/containers/hdds
2021-11-11 00:06:55,250 [Listener at 127.0.0.1/36803] INFO  ozoneimpl.OzoneContainer (OzoneContainer.java:buildContainerSet(236)) - Build ContainerSet costs 0s
2021-11-11 00:06:55,252 [Listener at 127.0.0.1/36803] INFO  server.RaftServer (ConfUtils.java:logGet(44)) - raft.rpc.type = GRPC (default)
2021-11-11 00:06:55,253 [Listener at 127.0.0.1/36803] INFO  grpc.GrpcFactory (GrpcFactory.java:checkPooledByteBufAllocatorUseCacheForAllThreads(48)) - PERFORMANCE WARNING: useCacheForAllThreads is true that may cause Netty to create a lot garbage objects and, as a result, trigger GC.
	It is recommended to disable useCacheForAllThreads by setting -Dorg.apache.ratis.thirdparty.io.netty.allocator.useCacheForAllThreads=false in command line.
2021-11-11 00:06:55,253 [Listener at 127.0.0.1/36803] INFO  grpc.GrpcConfigKeys (ConfUtils.java:logGet(44)) - raft.grpc.admin.port = 0 (custom)
2021-11-11 00:06:55,253 [Listener at 127.0.0.1/36803] INFO  grpc.GrpcConfigKeys (ConfUtils.java:logGet(44)) - raft.grpc.client.port = 0 (custom)
2021-11-11 00:06:55,253 [Listener at 127.0.0.1/36803] INFO  grpc.GrpcConfigKeys (ConfUtils.java:logGet(44)) - raft.grpc.server.port = 0 (default)
2021-11-11 00:06:55,253 [Listener at 127.0.0.1/36803] INFO  server.GrpcService (ConfUtils.java:logGet(44)) - raft.grpc.message.size.max = 32MB (=33554432) (custom)
2021-11-11 00:06:55,254 [Listener at 127.0.0.1/36803] INFO  server.RaftServerConfigKeys (ConfUtils.java:logGet(44)) - raft.server.log.appender.buffer.byte-limit = 33554432 (custom)
2021-11-11 00:06:55,254 [Listener at 127.0.0.1/36803] INFO  server.GrpcService (ConfUtils.java:logGet(44)) - raft.grpc.flow.control.window = 5MB (=5242880) (custom)
2021-11-11 00:06:55,254 [Listener at 127.0.0.1/36803] INFO  server.RaftServerConfigKeys (ConfUtils.java:logGet(44)) - raft.server.rpc.request.timeout = 3000ms (default)
2021-11-11 00:06:55,255 [Listener at 127.0.0.1/36803] INFO  impl.DataStreamServerImpl (ConfUtils.java:logGet(44)) - raft.datastream.type = DISABLED (default)
2021-11-11 00:06:55,256 [Listener at 127.0.0.1/36803] INFO  server.RaftServerConfigKeys (ConfUtils.java:logGet(44)) - raft.server.rpc.slowness.timeout = 300000ms (custom)
2021-11-11 00:06:55,256 [Listener at 127.0.0.1/36803] INFO  server.RaftServerConfigKeys (ConfUtils.java:logGet(44)) - raft.server.leaderelection.leader.step-down.wait-time = 10s (default)
2021-11-11 00:06:55,256 [Listener at 127.0.0.1/36803] INFO  server.RaftServerConfigKeys (ConfUtils.java:logGet(44)) - raft.server.storage.dir = [/home/runner/work/ozone/ozone/hadoop-ozone/integration-test/target/test-dir/MiniOzoneClusterImpl-d5f2283b-1c97-4f43-babe-75a35a923614/datanode-5/data/ratis] (custom)
2021-11-11 00:06:55,261 [Listener at 127.0.0.1/36803] INFO  http.BaseHttpServer (BaseHttpServer.java:newHttpServer2BuilderForOzone(209)) - Starting Web-server for hddsDatanode at: http://0.0.0.0:0
2021-11-11 00:06:55,261 [Listener at 127.0.0.1/36803] INFO  http.BaseHttpServer (BaseHttpServer.java:<init>(107)) - Hadoop Security Enabled: false Ozone Security Enabled: false Ozone HTTP Security Enabled: false 
2021-11-11 00:06:55,262 [Listener at 127.0.0.1/36803] INFO  server.AuthenticationFilter (AuthenticationFilter.java:constructSecretProvider(240)) - Unable to initialize FileSignerSecretProvider, falling back to use random secrets.
2021-11-11 00:06:55,262 [Listener at 127.0.0.1/36803] WARN  http.HttpRequestLog (HttpRequestLog.java:getRequestLog(103)) - Jetty request log can only be enabled using Log4j
2021-11-11 00:06:55,263 [Listener at 127.0.0.1/36803] INFO  http.HttpServer2 (HttpServer2.java:addGlobalFilter(1030)) - Added global filter 'safety' (class=org.apache.hadoop.hdds.server.http.HttpServer2$QuotingInputFilter)
2021-11-11 00:06:55,264 [Listener at 127.0.0.1/36803] INFO  http.HttpServer2 (HttpServer2.java:addFilter(1006)) - Added filter static_user_filter (class=org.apache.hadoop.http.lib.StaticUserWebFilter$StaticUserFilter) to context hddsDatanode
2021-11-11 00:06:55,264 [Listener at 127.0.0.1/36803] INFO  http.HttpServer2 (HttpServer2.java:addFilter(1014)) - Added filter static_user_filter (class=org.apache.hadoop.http.lib.StaticUserWebFilter$StaticUserFilter) to context logs
2021-11-11 00:06:55,264 [Listener at 127.0.0.1/36803] INFO  http.HttpServer2 (HttpServer2.java:addFilter(1014)) - Added filter static_user_filter (class=org.apache.hadoop.http.lib.StaticUserWebFilter$StaticUserFilter) to context static
2021-11-11 00:06:55,264 [Listener at 127.0.0.1/36803] INFO  http.HttpServer2 (HttpServer2.java:bindListener(1249)) - Jetty bound to port 34775
2021-11-11 00:06:55,265 [Listener at 127.0.0.1/36803] INFO  server.Server (Server.java:doStart(375)) - jetty-9.4.43.v20210629; built: 2021-06-30T11:07:22.254Z; git: 526006ecfa3af7f1a27ef3a288e2bef7ea9dd7e8; jvm 1.8.0_292-b10
2021-11-11 00:06:55,266 [Listener at 127.0.0.1/36803] INFO  server.session (DefaultSessionIdManager.java:doStart(334)) - DefaultSessionIdManager workerName=node0
2021-11-11 00:06:55,266 [Listener at 127.0.0.1/36803] INFO  server.session (DefaultSessionIdManager.java:doStart(339)) - No SessionScavenger set, using defaults
2021-11-11 00:06:55,267 [Listener at 127.0.0.1/36803] INFO  server.session (HouseKeeper.java:startScavenging(132)) - node0 Scavenging every 600000ms
2021-11-11 00:06:55,267 [Listener at 127.0.0.1/36803] INFO  handler.ContextHandler (ContextHandler.java:doStart(915)) - Started o.e.j.s.ServletContextHandler@39e5bd18{logs,/logs,file:///home/runner/work/ozone/ozone/hadoop-ozone/integration-test/target/log,AVAILABLE}
2021-11-11 00:06:55,268 [Listener at 127.0.0.1/36803] INFO  handler.ContextHandler (ContextHandler.java:doStart(915)) - Started o.e.j.s.ServletContextHandler@7c0cc5d1{static,/static,jar:file:/home/runner/.m2/repository/org/apache/ozone/hdds-container-service/1.2.0-SNAPSHOT/hdds-container-service-1.2.0-SNAPSHOT.jar!/webapps/static,AVAILABLE}
2021-11-11 00:06:55,328 [EndpointStateMachine task thread for /0.0.0.0:40809 - 0 ] INFO  ozoneimpl.OzoneContainer (OzoneContainer.java:start(304)) - Attempting to start container services.
2021-11-11 00:06:55,329 [EndpointStateMachine task thread for /0.0.0.0:40809 - 0 ] INFO  ozoneimpl.OzoneContainer (OzoneContainer.java:startContainerScrub(249)) - Background container scanner has been disabled.
2021-11-11 00:06:55,329 [EndpointStateMachine task thread for /0.0.0.0:40809 - 0 ] INFO  replication.ReplicationServer (ReplicationServer.java:start(107)) - ReplicationServer is started using port 46213
2021-11-11 00:06:55,331 [EndpointStateMachine task thread for /0.0.0.0:40809 - 0 ] INFO  ratis.XceiverServerRatis (XceiverServerRatis.java:start(484)) - Starting XceiverServerRatis 0d2fb367-afe0-4be7-ae24-70cd5e1a0313
2021-11-11 00:06:55,346 [EndpointStateMachine task thread for /0.0.0.0:40809 - 0 ] INFO  server.RaftServer (RaftServerProxy.java:lambda$start$5(374)) - 0d2fb367-afe0-4be7-ae24-70cd5e1a0313: start RPC server
2021-11-11 00:06:55,347 [EndpointStateMachine task thread for /0.0.0.0:40809 - 0 ] INFO  server.GrpcService (GrpcService.java:startImpl(253)) - 0d2fb367-afe0-4be7-ae24-70cd5e1a0313: GrpcService started, listening on 34699
2021-11-11 00:06:55,355 [EndpointStateMachine task thread for /0.0.0.0:40809 - 0 ] INFO  ratis.XceiverServerRatis (XceiverServerRatis.java:getRealPort(505)) - XceiverServerRatis 0d2fb367-afe0-4be7-ae24-70cd5e1a0313 is started using port 34699 for RATIS
2021-11-11 00:06:55,355 [EndpointStateMachine task thread for /0.0.0.0:40809 - 0 ] INFO  ratis.XceiverServerRatis (XceiverServerRatis.java:getRealPort(505)) - XceiverServerRatis 0d2fb367-afe0-4be7-ae24-70cd5e1a0313 is started using port 34699 for RATIS_ADMIN
2021-11-11 00:06:55,355 [EndpointStateMachine task thread for /0.0.0.0:40809 - 0 ] INFO  ratis.XceiverServerRatis (XceiverServerRatis.java:getRealPort(505)) - XceiverServerRatis 0d2fb367-afe0-4be7-ae24-70cd5e1a0313 is started using port 34699 for RATIS_SERVER
2021-11-11 00:06:55,355 [EndpointStateMachine task thread for /0.0.0.0:40809 - 0 ] INFO  server.XceiverServerGrpc (XceiverServerGrpc.java:start(135)) - XceiverServerGrpc 0d2fb367-afe0-4be7-ae24-70cd5e1a0313 is started using port 44495
2021-11-11 00:06:55,369 [org.apache.ratis.util.JvmPauseMonitor$$Lambda$531/1874401182@7cc0f847] INFO  util.JvmPauseMonitor (JvmPauseMonitor.java:run(103)) - JvmPauseMonitor-0d2fb367-afe0-4be7-ae24-70cd5e1a0313: Started
2021-11-11 00:06:55,411 [Listener at 127.0.0.1/36803] INFO  handler.ContextHandler (ContextHandler.java:doStart(915)) - Started o.e.j.w.WebAppContext@1c90e5ff{hddsDatanode,/,file:///tmp/jetty-0_0_0_0-34775-hdds-container-service-1_2_0-SNAPSHOT_jar-_-any-623765897868751699/webapp/,AVAILABLE}{jar:file:/home/runner/.m2/repository/org/apache/ozone/hdds-container-service/1.2.0-SNAPSHOT/hdds-container-service-1.2.0-SNAPSHOT.jar!/webapps/hddsDatanode}
2021-11-11 00:06:55,417 [Listener at 127.0.0.1/36803] INFO  server.AbstractConnector (AbstractConnector.java:doStart(331)) - Started ServerConnector@55058ed{HTTP/1.1, (http/1.1)}{0.0.0.0:34775}
2021-11-11 00:06:55,418 [Listener at 127.0.0.1/36803] INFO  server.Server (Server.java:doStart(415)) - Started @240468ms
2021-11-11 00:06:55,418 [Listener at 127.0.0.1/36803] WARN  impl.MetricsSystemImpl (MetricsSystemImpl.java:register(279)) - Sink prometheus already exists!
2021-11-11 00:06:55,419 [Listener at 127.0.0.1/36803] INFO  http.BaseHttpServer (BaseHttpServer.java:updateConnectorAddress(329)) - HTTP server of hddsDatanode listening at http://0.0.0.0:34775
2021-11-11 00:06:55,419 [Listener at 127.0.0.1/36803] WARN  impl.MetricRegistriesImpl (MetricRegistriesImpl.java:addReporterRegistration(111)) - New reporters are added after registries were created. Some metrics will be missing from the reporter. Please add reporter before adding any new registry.
2021-11-11 00:06:55,419 [Listener at 127.0.0.1/36803] WARN  impl.MetricRegistriesImpl (MetricRegistriesImpl.java:addReporterRegistration(111)) - New reporters are added after registries were created. Some metrics will be missing from the reporter. Please add reporter before adding any new registry.
2021-11-11 00:06:55,419 [Listener at 127.0.0.1/36803] INFO  impl.MetricsSystemImpl (MetricsSystemImpl.java:init(158)) - HddsDatanode metrics system started (again)
2021-11-11 00:06:55,429 [Datanode State Machine Daemon Thread] INFO  statemachine.DatanodeStateMachine (DatanodeStateMachine.java:lambda$startDaemon$0(467)) - Ozone container server started.
2021-11-11 00:06:55,459 [Listener at 127.0.0.1/36803] INFO  ozone.HddsDatanodeService (HddsDatanodeService.java:start(234)) - HddsDatanodeService host:fv-az151-339.yf2hydr00wburbhx3j5hxtcipe.bx.internal.cloudapp.net ip:10.1.0.10
2021-11-11 00:06:55,473 [org.apache.hadoop.util.JvmPauseMonitor$Monitor@41c43ad9] INFO  util.JvmPauseMonitor (JvmPauseMonitor.java:run(188)) - Starting JVM pause monitor
2021-11-11 00:06:55,492 [Datanode State Machine Task Thread - 0] INFO  datanode.InitDatanodeState (InitDatanodeState.java:persistContainerDatanodeDetails(145)) - DatanodeDetails is persisted to /home/runner/work/ozone/ozone/hadoop-ozone/integration-test/target/test-dir/MiniOzoneClusterImpl-d5f2283b-1c97-4f43-babe-75a35a923614/datanode-5/meta/datanode.id
2021-11-11 00:06:55,499 [Listener at 127.0.0.1/36803] INFO  upgrade.AbstractLayoutVersionManager (AbstractLayoutVersionManager.java:init(79)) - Initializing Layout version manager with metadata layout = SCM_HA (version = 2), software layout = SCM_HA (version = 2)
2021-11-11 00:06:55,577 [Listener at 127.0.0.1/36803] INFO  reflections.Reflections (Reflections.java:scan(232)) - Reflections took 77 ms to scan 7 urls, producing 119 keys and 279 values 
2021-11-11 00:06:55,595 [Listener at 127.0.0.1/36803] INFO  statemachine.DatanodeStateMachine (DatanodeStateMachine.java:getEndPointTaskThreadPoolSize(219)) - Datanode State Machine Task Thread Pool size 2
2021-11-11 00:06:55,614 [Listener at 127.0.0.1/36803] INFO  volume.HddsVolume (HddsVolume.java:<init>(120)) - Creating HddsVolume: /home/runner/work/ozone/ozone/hadoop-ozone/integration-test/target/test-dir/MiniOzoneClusterImpl-d5f2283b-1c97-4f43-babe-75a35a923614/datanode-6/data-0/containers/hdds of storage type : DISK capacity : 9223372036854775807
2021-11-11 00:06:55,615 [Listener at 127.0.0.1/36803] INFO  volume.MutableVolumeSet (MutableVolumeSet.java:initializeVolumeSet(168)) - Added Volume : /home/runner/work/ozone/ozone/hadoop-ozone/integration-test/target/test-dir/MiniOzoneClusterImpl-d5f2283b-1c97-4f43-babe-75a35a923614/datanode-6/data-0/containers/hdds to VolumeSet
2021-11-11 00:06:55,615 [Listener at 127.0.0.1/36803] INFO  volume.ThrottledAsyncChecker (ThrottledAsyncChecker.java:schedule(141)) - Scheduling a check for /home/runner/work/ozone/ozone/hadoop-ozone/integration-test/target/test-dir/MiniOzoneClusterImpl-d5f2283b-1c97-4f43-babe-75a35a923614/datanode-6/data-0/containers/hdds
2021-11-11 00:06:55,616 [Listener at 127.0.0.1/36803] INFO  volume.StorageVolumeChecker (StorageVolumeChecker.java:checkAllVolumes(202)) - Scheduled health check for volume /home/runner/work/ozone/ozone/hadoop-ozone/integration-test/target/test-dir/MiniOzoneClusterImpl-d5f2283b-1c97-4f43-babe-75a35a923614/datanode-6/data-0/containers/hdds
2021-11-11 00:06:55,634 [Listener at 127.0.0.1/36803] INFO  volume.MutableVolumeSet (MutableVolumeSet.java:initializeVolumeSet(168)) - Added Volume : /home/runner/work/ozone/ozone/hadoop-ozone/integration-test/target/test-dir/MiniOzoneClusterImpl-d5f2283b-1c97-4f43-babe-75a35a923614/datanode-6/data/ratis to VolumeSet
2021-11-11 00:06:55,635 [Listener at 127.0.0.1/36803] INFO  volume.ThrottledAsyncChecker (ThrottledAsyncChecker.java:schedule(141)) - Scheduling a check for /home/runner/work/ozone/ozone/hadoop-ozone/integration-test/target/test-dir/MiniOzoneClusterImpl-d5f2283b-1c97-4f43-babe-75a35a923614/datanode-6/data/ratis
2021-11-11 00:06:55,636 [Listener at 127.0.0.1/36803] INFO  volume.StorageVolumeChecker (StorageVolumeChecker.java:checkAllVolumes(202)) - Scheduled health check for volume /home/runner/work/ozone/ozone/hadoop-ozone/integration-test/target/test-dir/MiniOzoneClusterImpl-d5f2283b-1c97-4f43-babe-75a35a923614/datanode-6/data/ratis
2021-11-11 00:06:55,675 [Thread-1777] INFO  ozoneimpl.ContainerReader (ContainerReader.java:readVolume(172)) - Finish verifying containers on volume /home/runner/work/ozone/ozone/hadoop-ozone/integration-test/target/test-dir/MiniOzoneClusterImpl-d5f2283b-1c97-4f43-babe-75a35a923614/datanode-6/data-0/containers/hdds
2021-11-11 00:06:55,675 [Listener at 127.0.0.1/36803] INFO  ozoneimpl.OzoneContainer (OzoneContainer.java:buildContainerSet(236)) - Build ContainerSet costs 0s
2021-11-11 00:06:55,684 [Listener at 127.0.0.1/36803] INFO  server.RaftServer (ConfUtils.java:logGet(44)) - raft.rpc.type = GRPC (default)
2021-11-11 00:06:55,684 [Listener at 127.0.0.1/36803] INFO  grpc.GrpcFactory (GrpcFactory.java:checkPooledByteBufAllocatorUseCacheForAllThreads(48)) - PERFORMANCE WARNING: useCacheForAllThreads is true that may cause Netty to create a lot garbage objects and, as a result, trigger GC.
	It is recommended to disable useCacheForAllThreads by setting -Dorg.apache.ratis.thirdparty.io.netty.allocator.useCacheForAllThreads=false in command line.
2021-11-11 00:06:55,684 [Listener at 127.0.0.1/36803] INFO  grpc.GrpcConfigKeys (ConfUtils.java:logGet(44)) - raft.grpc.admin.port = 0 (custom)
2021-11-11 00:06:55,684 [Listener at 127.0.0.1/36803] INFO  grpc.GrpcConfigKeys (ConfUtils.java:logGet(44)) - raft.grpc.client.port = 0 (custom)
2021-11-11 00:06:55,685 [Listener at 127.0.0.1/36803] INFO  grpc.GrpcConfigKeys (ConfUtils.java:logGet(44)) - raft.grpc.server.port = 0 (default)
2021-11-11 00:06:55,685 [Listener at 127.0.0.1/36803] INFO  server.GrpcService (ConfUtils.java:logGet(44)) - raft.grpc.message.size.max = 32MB (=33554432) (custom)
2021-11-11 00:06:55,685 [Listener at 127.0.0.1/36803] INFO  server.RaftServerConfigKeys (ConfUtils.java:logGet(44)) - raft.server.log.appender.buffer.byte-limit = 33554432 (custom)
2021-11-11 00:06:55,688 [Listener at 127.0.0.1/36803] INFO  server.GrpcService (ConfUtils.java:logGet(44)) - raft.grpc.flow.control.window = 5MB (=5242880) (custom)
2021-11-11 00:06:55,688 [Listener at 127.0.0.1/36803] INFO  server.RaftServerConfigKeys (ConfUtils.java:logGet(44)) - raft.server.rpc.request.timeout = 3000ms (default)
2021-11-11 00:06:55,694 [Listener at 127.0.0.1/36803] INFO  impl.DataStreamServerImpl (ConfUtils.java:logGet(44)) - raft.datastream.type = DISABLED (default)
2021-11-11 00:06:55,694 [Listener at 127.0.0.1/36803] INFO  server.RaftServerConfigKeys (ConfUtils.java:logGet(44)) - raft.server.rpc.slowness.timeout = 300000ms (custom)
2021-11-11 00:06:55,695 [Listener at 127.0.0.1/36803] INFO  server.RaftServerConfigKeys (ConfUtils.java:logGet(44)) - raft.server.leaderelection.leader.step-down.wait-time = 10s (default)
2021-11-11 00:06:55,695 [Listener at 127.0.0.1/36803] INFO  server.RaftServerConfigKeys (ConfUtils.java:logGet(44)) - raft.server.storage.dir = [/home/runner/work/ozone/ozone/hadoop-ozone/integration-test/target/test-dir/MiniOzoneClusterImpl-d5f2283b-1c97-4f43-babe-75a35a923614/datanode-6/data/ratis] (custom)
2021-11-11 00:06:55,726 [Listener at 127.0.0.1/36803] INFO  http.BaseHttpServer (BaseHttpServer.java:newHttpServer2BuilderForOzone(209)) - Starting Web-server for hddsDatanode at: http://0.0.0.0:0
2021-11-11 00:06:55,726 [Listener at 127.0.0.1/36803] INFO  http.BaseHttpServer (BaseHttpServer.java:<init>(107)) - Hadoop Security Enabled: false Ozone Security Enabled: false Ozone HTTP Security Enabled: false 
2021-11-11 00:06:55,731 [Listener at 127.0.0.1/36803] INFO  server.AuthenticationFilter (AuthenticationFilter.java:constructSecretProvider(240)) - Unable to initialize FileSignerSecretProvider, falling back to use random secrets.
2021-11-11 00:06:55,736 [Listener at 127.0.0.1/36803] WARN  http.HttpRequestLog (HttpRequestLog.java:getRequestLog(103)) - Jetty request log can only be enabled using Log4j
2021-11-11 00:06:55,737 [Listener at 127.0.0.1/36803] INFO  http.HttpServer2 (HttpServer2.java:addGlobalFilter(1030)) - Added global filter 'safety' (class=org.apache.hadoop.hdds.server.http.HttpServer2$QuotingInputFilter)
2021-11-11 00:06:55,738 [Listener at 127.0.0.1/36803] INFO  http.HttpServer2 (HttpServer2.java:addFilter(1006)) - Added filter static_user_filter (class=org.apache.hadoop.http.lib.StaticUserWebFilter$StaticUserFilter) to context hddsDatanode
2021-11-11 00:06:55,738 [Listener at 127.0.0.1/36803] INFO  http.HttpServer2 (HttpServer2.java:addFilter(1014)) - Added filter static_user_filter (class=org.apache.hadoop.http.lib.StaticUserWebFilter$StaticUserFilter) to context logs
2021-11-11 00:06:55,738 [Listener at 127.0.0.1/36803] INFO  http.HttpServer2 (HttpServer2.java:addFilter(1014)) - Added filter static_user_filter (class=org.apache.hadoop.http.lib.StaticUserWebFilter$StaticUserFilter) to context static
2021-11-11 00:06:55,739 [Listener at 127.0.0.1/36803] INFO  http.HttpServer2 (HttpServer2.java:bindListener(1249)) - Jetty bound to port 46377
2021-11-11 00:06:55,739 [Listener at 127.0.0.1/36803] INFO  server.Server (Server.java:doStart(375)) - jetty-9.4.43.v20210629; built: 2021-06-30T11:07:22.254Z; git: 526006ecfa3af7f1a27ef3a288e2bef7ea9dd7e8; jvm 1.8.0_292-b10
2021-11-11 00:06:55,770 [Listener at 127.0.0.1/36803] INFO  server.session (DefaultSessionIdManager.java:doStart(334)) - DefaultSessionIdManager workerName=node0
2021-11-11 00:06:55,771 [Listener at 127.0.0.1/36803] INFO  server.session (DefaultSessionIdManager.java:doStart(339)) - No SessionScavenger set, using defaults
2021-11-11 00:06:55,781 [Listener at 127.0.0.1/36803] INFO  server.session (HouseKeeper.java:startScavenging(132)) - node0 Scavenging every 600000ms
2021-11-11 00:06:55,782 [Listener at 127.0.0.1/36803] INFO  handler.ContextHandler (ContextHandler.java:doStart(915)) - Started o.e.j.s.ServletContextHandler@75b0c649{logs,/logs,file:///home/runner/work/ozone/ozone/hadoop-ozone/integration-test/target/log,AVAILABLE}
2021-11-11 00:06:55,782 [Listener at 127.0.0.1/36803] INFO  handler.ContextHandler (ContextHandler.java:doStart(915)) - Started o.e.j.s.ServletContextHandler@80850c3{static,/static,jar:file:/home/runner/.m2/repository/org/apache/ozone/hdds-container-service/1.2.0-SNAPSHOT/hdds-container-service-1.2.0-SNAPSHOT.jar!/webapps/static,AVAILABLE}
2021-11-11 00:06:55,893 [Listener at 127.0.0.1/36803] INFO  handler.ContextHandler (ContextHandler.java:doStart(915)) - Started o.e.j.w.WebAppContext@7dc2d05f{hddsDatanode,/,file:///tmp/jetty-0_0_0_0-46377-hdds-container-service-1_2_0-SNAPSHOT_jar-_-any-7190606319703749445/webapp/,AVAILABLE}{jar:file:/home/runner/.m2/repository/org/apache/ozone/hdds-container-service/1.2.0-SNAPSHOT/hdds-container-service-1.2.0-SNAPSHOT.jar!/webapps/hddsDatanode}
2021-11-11 00:06:55,906 [Listener at 127.0.0.1/36803] INFO  server.AbstractConnector (AbstractConnector.java:doStart(331)) - Started ServerConnector@7d4e7683{HTTP/1.1, (http/1.1)}{0.0.0.0:46377}
2021-11-11 00:06:55,939 [Listener at 127.0.0.1/36803] INFO  server.Server (Server.java:doStart(415)) - Started @240989ms
2021-11-11 00:06:55,951 [Listener at 127.0.0.1/36803] WARN  impl.MetricsSystemImpl (MetricsSystemImpl.java:register(279)) - Sink prometheus already exists!
2021-11-11 00:06:55,945 [EndpointStateMachine task thread for /0.0.0.0:40809 - 0 ] INFO  ozoneimpl.OzoneContainer (OzoneContainer.java:start(304)) - Attempting to start container services.
2021-11-11 00:06:55,953 [EndpointStateMachine task thread for /0.0.0.0:40809 - 0 ] INFO  ozoneimpl.OzoneContainer (OzoneContainer.java:startContainerScrub(249)) - Background container scanner has been disabled.
2021-11-11 00:06:55,957 [EndpointStateMachine task thread for /0.0.0.0:40809 - 0 ] INFO  replication.ReplicationServer (ReplicationServer.java:start(107)) - ReplicationServer is started using port 44417
2021-11-11 00:06:55,959 [EndpointStateMachine task thread for /0.0.0.0:40809 - 0 ] INFO  ratis.XceiverServerRatis (XceiverServerRatis.java:start(484)) - Starting XceiverServerRatis 5b650bcb-8111-473c-88bf-b7649abefc48
2021-11-11 00:06:55,960 [EndpointStateMachine task thread for /0.0.0.0:40809 - 0 ] INFO  server.RaftServer (RaftServerProxy.java:lambda$start$5(374)) - 5b650bcb-8111-473c-88bf-b7649abefc48: start RPC server
2021-11-11 00:06:55,962 [EndpointStateMachine task thread for /0.0.0.0:40809 - 0 ] INFO  server.GrpcService (GrpcService.java:startImpl(253)) - 5b650bcb-8111-473c-88bf-b7649abefc48: GrpcService started, listening on 34803
2021-11-11 00:06:55,973 [EndpointStateMachine task thread for /0.0.0.0:40809 - 0 ] INFO  ratis.XceiverServerRatis (XceiverServerRatis.java:getRealPort(505)) - XceiverServerRatis 5b650bcb-8111-473c-88bf-b7649abefc48 is started using port 34803 for RATIS
2021-11-11 00:06:55,973 [EndpointStateMachine task thread for /0.0.0.0:40809 - 0 ] INFO  ratis.XceiverServerRatis (XceiverServerRatis.java:getRealPort(505)) - XceiverServerRatis 5b650bcb-8111-473c-88bf-b7649abefc48 is started using port 34803 for RATIS_ADMIN
2021-11-11 00:06:55,973 [EndpointStateMachine task thread for /0.0.0.0:40809 - 0 ] INFO  ratis.XceiverServerRatis (XceiverServerRatis.java:getRealPort(505)) - XceiverServerRatis 5b650bcb-8111-473c-88bf-b7649abefc48 is started using port 34803 for RATIS_SERVER
2021-11-11 00:06:55,973 [org.apache.ratis.util.JvmPauseMonitor$$Lambda$531/1874401182@e7af57b] INFO  util.JvmPauseMonitor (JvmPauseMonitor.java:run(103)) - JvmPauseMonitor-5b650bcb-8111-473c-88bf-b7649abefc48: Started
2021-11-11 00:06:55,981 [EndpointStateMachine task thread for /0.0.0.0:40809 - 0 ] INFO  server.XceiverServerGrpc (XceiverServerGrpc.java:start(135)) - XceiverServerGrpc 5b650bcb-8111-473c-88bf-b7649abefc48 is started using port 40261
2021-11-11 00:06:56,013 [Listener at 127.0.0.1/36803] INFO  http.BaseHttpServer (BaseHttpServer.java:updateConnectorAddress(329)) - HTTP server of hddsDatanode listening at http://0.0.0.0:46377
2021-11-11 00:06:56,014 [Listener at 127.0.0.1/36803] WARN  impl.MetricRegistriesImpl (MetricRegistriesImpl.java:addReporterRegistration(111)) - New reporters are added after registries were created. Some metrics will be missing from the reporter. Please add reporter before adding any new registry.
2021-11-11 00:06:56,014 [Listener at 127.0.0.1/36803] WARN  impl.MetricRegistriesImpl (MetricRegistriesImpl.java:addReporterRegistration(111)) - New reporters are added after registries were created. Some metrics will be missing from the reporter. Please add reporter before adding any new registry.
2021-11-11 00:06:56,014 [Listener at 127.0.0.1/36803] INFO  impl.MetricsSystemImpl (MetricsSystemImpl.java:init(158)) - HddsDatanode metrics system started (again)
2021-11-11 00:06:56,035 [Datanode State Machine Daemon Thread] INFO  statemachine.DatanodeStateMachine (DatanodeStateMachine.java:lambda$startDaemon$0(467)) - Ozone container server started.
2021-11-11 00:06:56,057 [org.apache.hadoop.util.JvmPauseMonitor$Monitor@724cf8df] INFO  util.JvmPauseMonitor (JvmPauseMonitor.java:run(188)) - Starting JVM pause monitor
2021-11-11 00:06:56,080 [Listener at 127.0.0.1/36803] INFO  ozone.HddsDatanodeService (HddsDatanodeService.java:start(234)) - HddsDatanodeService host:fv-az151-339.yf2hydr00wburbhx3j5hxtcipe.bx.internal.cloudapp.net ip:10.1.0.10
2021-11-11 00:06:56,087 [Datanode State Machine Task Thread - 0] INFO  datanode.InitDatanodeState (InitDatanodeState.java:persistContainerDatanodeDetails(145)) - DatanodeDetails is persisted to /home/runner/work/ozone/ozone/hadoop-ozone/integration-test/target/test-dir/MiniOzoneClusterImpl-d5f2283b-1c97-4f43-babe-75a35a923614/datanode-6/meta/datanode.id
2021-11-11 00:06:56,147 [Listener at 127.0.0.1/36803] INFO  upgrade.AbstractLayoutVersionManager (AbstractLayoutVersionManager.java:init(79)) - Initializing Layout version manager with metadata layout = SCM_HA (version = 2), software layout = SCM_HA (version = 2)
2021-11-11 00:06:56,203 [Listener at 127.0.0.1/36803] INFO  reflections.Reflections (Reflections.java:scan(232)) - Reflections took 51 ms to scan 7 urls, producing 119 keys and 279 values 
2021-11-11 00:06:56,205 [Listener at 127.0.0.1/36803] INFO  statemachine.DatanodeStateMachine (DatanodeStateMachine.java:getEndPointTaskThreadPoolSize(219)) - Datanode State Machine Task Thread Pool size 2
2021-11-11 00:06:56,206 [Listener at 127.0.0.1/36803] INFO  volume.HddsVolume (HddsVolume.java:<init>(120)) - Creating HddsVolume: /home/runner/work/ozone/ozone/hadoop-ozone/integration-test/target/test-dir/MiniOzoneClusterImpl-d5f2283b-1c97-4f43-babe-75a35a923614/datanode-7/data-0/containers/hdds of storage type : DISK capacity : 9223372036854775807
2021-11-11 00:06:56,206 [Listener at 127.0.0.1/36803] INFO  volume.MutableVolumeSet (MutableVolumeSet.java:initializeVolumeSet(168)) - Added Volume : /home/runner/work/ozone/ozone/hadoop-ozone/integration-test/target/test-dir/MiniOzoneClusterImpl-d5f2283b-1c97-4f43-babe-75a35a923614/datanode-7/data-0/containers/hdds to VolumeSet
2021-11-11 00:06:56,206 [Listener at 127.0.0.1/36803] INFO  volume.ThrottledAsyncChecker (ThrottledAsyncChecker.java:schedule(141)) - Scheduling a check for /home/runner/work/ozone/ozone/hadoop-ozone/integration-test/target/test-dir/MiniOzoneClusterImpl-d5f2283b-1c97-4f43-babe-75a35a923614/datanode-7/data-0/containers/hdds
2021-11-11 00:06:56,207 [Listener at 127.0.0.1/36803] INFO  volume.StorageVolumeChecker (StorageVolumeChecker.java:checkAllVolumes(202)) - Scheduled health check for volume /home/runner/work/ozone/ozone/hadoop-ozone/integration-test/target/test-dir/MiniOzoneClusterImpl-d5f2283b-1c97-4f43-babe-75a35a923614/datanode-7/data-0/containers/hdds
2021-11-11 00:06:56,245 [Listener at 127.0.0.1/36803] INFO  volume.MutableVolumeSet (MutableVolumeSet.java:initializeVolumeSet(168)) - Added Volume : /home/runner/work/ozone/ozone/hadoop-ozone/integration-test/target/test-dir/MiniOzoneClusterImpl-d5f2283b-1c97-4f43-babe-75a35a923614/datanode-7/data/ratis to VolumeSet
2021-11-11 00:06:56,246 [Listener at 127.0.0.1/36803] INFO  volume.ThrottledAsyncChecker (ThrottledAsyncChecker.java:schedule(141)) - Scheduling a check for /home/runner/work/ozone/ozone/hadoop-ozone/integration-test/target/test-dir/MiniOzoneClusterImpl-d5f2283b-1c97-4f43-babe-75a35a923614/datanode-7/data/ratis
2021-11-11 00:06:56,246 [Listener at 127.0.0.1/36803] INFO  volume.StorageVolumeChecker (StorageVolumeChecker.java:checkAllVolumes(202)) - Scheduled health check for volume /home/runner/work/ozone/ozone/hadoop-ozone/integration-test/target/test-dir/MiniOzoneClusterImpl-d5f2283b-1c97-4f43-babe-75a35a923614/datanode-7/data/ratis
2021-11-11 00:06:56,267 [Thread-1792] INFO  ozoneimpl.ContainerReader (ContainerReader.java:readVolume(172)) - Finish verifying containers on volume /home/runner/work/ozone/ozone/hadoop-ozone/integration-test/target/test-dir/MiniOzoneClusterImpl-d5f2283b-1c97-4f43-babe-75a35a923614/datanode-7/data-0/containers/hdds
2021-11-11 00:06:56,267 [Listener at 127.0.0.1/36803] INFO  ozoneimpl.OzoneContainer (OzoneContainer.java:buildContainerSet(236)) - Build ContainerSet costs 0s
2021-11-11 00:06:56,270 [Listener at 127.0.0.1/36803] INFO  server.RaftServer (ConfUtils.java:logGet(44)) - raft.rpc.type = GRPC (default)
2021-11-11 00:06:56,271 [Listener at 127.0.0.1/36803] INFO  grpc.GrpcFactory (GrpcFactory.java:checkPooledByteBufAllocatorUseCacheForAllThreads(48)) - PERFORMANCE WARNING: useCacheForAllThreads is true that may cause Netty to create a lot garbage objects and, as a result, trigger GC.
	It is recommended to disable useCacheForAllThreads by setting -Dorg.apache.ratis.thirdparty.io.netty.allocator.useCacheForAllThreads=false in command line.
2021-11-11 00:06:56,271 [Listener at 127.0.0.1/36803] INFO  grpc.GrpcConfigKeys (ConfUtils.java:logGet(44)) - raft.grpc.admin.port = 0 (custom)
2021-11-11 00:06:56,271 [Listener at 127.0.0.1/36803] INFO  grpc.GrpcConfigKeys (ConfUtils.java:logGet(44)) - raft.grpc.client.port = 0 (custom)
2021-11-11 00:06:56,271 [Listener at 127.0.0.1/36803] INFO  grpc.GrpcConfigKeys (ConfUtils.java:logGet(44)) - raft.grpc.server.port = 0 (default)
2021-11-11 00:06:56,271 [Listener at 127.0.0.1/36803] INFO  server.GrpcService (ConfUtils.java:logGet(44)) - raft.grpc.message.size.max = 32MB (=33554432) (custom)
2021-11-11 00:06:56,272 [Listener at 127.0.0.1/36803] INFO  server.RaftServerConfigKeys (ConfUtils.java:logGet(44)) - raft.server.log.appender.buffer.byte-limit = 33554432 (custom)
2021-11-11 00:06:56,272 [Listener at 127.0.0.1/36803] INFO  server.GrpcService (ConfUtils.java:logGet(44)) - raft.grpc.flow.control.window = 5MB (=5242880) (custom)
2021-11-11 00:06:56,272 [Listener at 127.0.0.1/36803] INFO  server.RaftServerConfigKeys (ConfUtils.java:logGet(44)) - raft.server.rpc.request.timeout = 3000ms (default)
2021-11-11 00:06:56,282 [Listener at 127.0.0.1/36803] INFO  impl.DataStreamServerImpl (ConfUtils.java:logGet(44)) - raft.datastream.type = DISABLED (default)
2021-11-11 00:06:56,282 [Listener at 127.0.0.1/36803] INFO  server.RaftServerConfigKeys (ConfUtils.java:logGet(44)) - raft.server.rpc.slowness.timeout = 300000ms (custom)
2021-11-11 00:06:56,283 [Listener at 127.0.0.1/36803] INFO  server.RaftServerConfigKeys (ConfUtils.java:logGet(44)) - raft.server.leaderelection.leader.step-down.wait-time = 10s (default)
2021-11-11 00:06:56,283 [Listener at 127.0.0.1/36803] INFO  server.RaftServerConfigKeys (ConfUtils.java:logGet(44)) - raft.server.storage.dir = [/home/runner/work/ozone/ozone/hadoop-ozone/integration-test/target/test-dir/MiniOzoneClusterImpl-d5f2283b-1c97-4f43-babe-75a35a923614/datanode-7/data/ratis] (custom)
2021-11-11 00:06:56,286 [Listener at 127.0.0.1/36803] INFO  http.BaseHttpServer (BaseHttpServer.java:newHttpServer2BuilderForOzone(209)) - Starting Web-server for hddsDatanode at: http://0.0.0.0:0
2021-11-11 00:06:56,287 [Listener at 127.0.0.1/36803] INFO  http.BaseHttpServer (BaseHttpServer.java:<init>(107)) - Hadoop Security Enabled: false Ozone Security Enabled: false Ozone HTTP Security Enabled: false 
2021-11-11 00:06:56,294 [Listener at 127.0.0.1/36803] INFO  server.AuthenticationFilter (AuthenticationFilter.java:constructSecretProvider(240)) - Unable to initialize FileSignerSecretProvider, falling back to use random secrets.
2021-11-11 00:06:56,305 [Listener at 127.0.0.1/36803] WARN  http.HttpRequestLog (HttpRequestLog.java:getRequestLog(103)) - Jetty request log can only be enabled using Log4j
2021-11-11 00:06:56,306 [Listener at 127.0.0.1/36803] INFO  http.HttpServer2 (HttpServer2.java:addGlobalFilter(1030)) - Added global filter 'safety' (class=org.apache.hadoop.hdds.server.http.HttpServer2$QuotingInputFilter)
2021-11-11 00:06:56,307 [Listener at 127.0.0.1/36803] INFO  http.HttpServer2 (HttpServer2.java:addFilter(1006)) - Added filter static_user_filter (class=org.apache.hadoop.http.lib.StaticUserWebFilter$StaticUserFilter) to context hddsDatanode
2021-11-11 00:06:56,307 [Listener at 127.0.0.1/36803] INFO  http.HttpServer2 (HttpServer2.java:addFilter(1014)) - Added filter static_user_filter (class=org.apache.hadoop.http.lib.StaticUserWebFilter$StaticUserFilter) to context static
2021-11-11 00:06:56,307 [Listener at 127.0.0.1/36803] INFO  http.HttpServer2 (HttpServer2.java:addFilter(1014)) - Added filter static_user_filter (class=org.apache.hadoop.http.lib.StaticUserWebFilter$StaticUserFilter) to context logs
2021-11-11 00:06:56,308 [Listener at 127.0.0.1/36803] INFO  http.HttpServer2 (HttpServer2.java:bindListener(1249)) - Jetty bound to port 33117
2021-11-11 00:06:56,308 [Listener at 127.0.0.1/36803] INFO  server.Server (Server.java:doStart(375)) - jetty-9.4.43.v20210629; built: 2021-06-30T11:07:22.254Z; git: 526006ecfa3af7f1a27ef3a288e2bef7ea9dd7e8; jvm 1.8.0_292-b10
2021-11-11 00:06:56,325 [Listener at 127.0.0.1/36803] INFO  server.session (DefaultSessionIdManager.java:doStart(334)) - DefaultSessionIdManager workerName=node0
2021-11-11 00:06:56,325 [Listener at 127.0.0.1/36803] INFO  server.session (DefaultSessionIdManager.java:doStart(339)) - No SessionScavenger set, using defaults
2021-11-11 00:06:56,326 [Listener at 127.0.0.1/36803] INFO  server.session (HouseKeeper.java:startScavenging(132)) - node0 Scavenging every 600000ms
2021-11-11 00:06:56,327 [Listener at 127.0.0.1/36803] INFO  handler.ContextHandler (ContextHandler.java:doStart(915)) - Started o.e.j.s.ServletContextHandler@e8757fd{logs,/logs,file:///home/runner/work/ozone/ozone/hadoop-ozone/integration-test/target/log,AVAILABLE}
2021-11-11 00:06:56,327 [Listener at 127.0.0.1/36803] INFO  handler.ContextHandler (ContextHandler.java:doStart(915)) - Started o.e.j.s.ServletContextHandler@6433f21{static,/static,jar:file:/home/runner/.m2/repository/org/apache/ozone/hdds-container-service/1.2.0-SNAPSHOT/hdds-container-service-1.2.0-SNAPSHOT.jar!/webapps/static,AVAILABLE}
2021-11-11 00:06:56,359 [EndpointStateMachine task thread for /0.0.0.0:40809 - 0 ] INFO  ozoneimpl.OzoneContainer (OzoneContainer.java:start(304)) - Attempting to start container services.
2021-11-11 00:06:56,360 [EndpointStateMachine task thread for /0.0.0.0:40809 - 0 ] INFO  ozoneimpl.OzoneContainer (OzoneContainer.java:startContainerScrub(249)) - Background container scanner has been disabled.
2021-11-11 00:06:56,360 [EndpointStateMachine task thread for /0.0.0.0:40809 - 0 ] INFO  replication.ReplicationServer (ReplicationServer.java:start(107)) - ReplicationServer is started using port 41807
2021-11-11 00:06:56,362 [EndpointStateMachine task thread for /0.0.0.0:40809 - 0 ] INFO  ratis.XceiverServerRatis (XceiverServerRatis.java:start(484)) - Starting XceiverServerRatis e5ed6742-d51a-4f99-aebb-54e43bc29342
2021-11-11 00:06:56,370 [EndpointStateMachine task thread for /0.0.0.0:40809 - 0 ] INFO  server.RaftServer (RaftServerProxy.java:lambda$start$5(374)) - e5ed6742-d51a-4f99-aebb-54e43bc29342: start RPC server
2021-11-11 00:06:56,385 [EndpointStateMachine task thread for /0.0.0.0:40809 - 0 ] INFO  server.GrpcService (GrpcService.java:startImpl(253)) - e5ed6742-d51a-4f99-aebb-54e43bc29342: GrpcService started, listening on 41847
2021-11-11 00:06:56,415 [EndpointStateMachine task thread for /0.0.0.0:40809 - 0 ] INFO  ratis.XceiverServerRatis (XceiverServerRatis.java:getRealPort(505)) - XceiverServerRatis e5ed6742-d51a-4f99-aebb-54e43bc29342 is started using port 41847 for RATIS
2021-11-11 00:06:56,415 [EndpointStateMachine task thread for /0.0.0.0:40809 - 0 ] INFO  ratis.XceiverServerRatis (XceiverServerRatis.java:getRealPort(505)) - XceiverServerRatis e5ed6742-d51a-4f99-aebb-54e43bc29342 is started using port 41847 for RATIS_ADMIN
2021-11-11 00:06:56,415 [EndpointStateMachine task thread for /0.0.0.0:40809 - 0 ] INFO  ratis.XceiverServerRatis (XceiverServerRatis.java:getRealPort(505)) - XceiverServerRatis e5ed6742-d51a-4f99-aebb-54e43bc29342 is started using port 41847 for RATIS_SERVER
2021-11-11 00:06:56,424 [Listener at 127.0.0.1/36803] INFO  handler.ContextHandler (ContextHandler.java:doStart(915)) - Started o.e.j.w.WebAppContext@67552892{hddsDatanode,/,file:///tmp/jetty-0_0_0_0-33117-hdds-container-service-1_2_0-SNAPSHOT_jar-_-any-8971534857796161657/webapp/,AVAILABLE}{jar:file:/home/runner/.m2/repository/org/apache/ozone/hdds-container-service/1.2.0-SNAPSHOT/hdds-container-service-1.2.0-SNAPSHOT.jar!/webapps/hddsDatanode}
2021-11-11 00:06:56,451 [EndpointStateMachine task thread for /0.0.0.0:40809 - 0 ] INFO  server.XceiverServerGrpc (XceiverServerGrpc.java:start(135)) - XceiverServerGrpc e5ed6742-d51a-4f99-aebb-54e43bc29342 is started using port 43099
2021-11-11 00:06:56,489 [Listener at 127.0.0.1/36803] INFO  server.AbstractConnector (AbstractConnector.java:doStart(331)) - Started ServerConnector@1467cb71{HTTP/1.1, (http/1.1)}{0.0.0.0:33117}
2021-11-11 00:06:56,490 [Listener at 127.0.0.1/36803] INFO  server.Server (Server.java:doStart(415)) - Started @241540ms
2021-11-11 00:06:56,490 [Listener at 127.0.0.1/36803] WARN  impl.MetricsSystemImpl (MetricsSystemImpl.java:register(279)) - Sink prometheus already exists!
2021-11-11 00:06:56,491 [Listener at 127.0.0.1/36803] INFO  http.BaseHttpServer (BaseHttpServer.java:updateConnectorAddress(329)) - HTTP server of hddsDatanode listening at http://0.0.0.0:33117
2021-11-11 00:06:56,498 [Listener at 127.0.0.1/36803] WARN  impl.MetricRegistriesImpl (MetricRegistriesImpl.java:addReporterRegistration(111)) - New reporters are added after registries were created. Some metrics will be missing from the reporter. Please add reporter before adding any new registry.
2021-11-11 00:06:56,498 [Listener at 127.0.0.1/36803] WARN  impl.MetricRegistriesImpl (MetricRegistriesImpl.java:addReporterRegistration(111)) - New reporters are added after registries were created. Some metrics will be missing from the reporter. Please add reporter before adding any new registry.
2021-11-11 00:06:56,499 [Listener at 127.0.0.1/36803] INFO  impl.MetricsSystemImpl (MetricsSystemImpl.java:init(158)) - HddsDatanode metrics system started (again)
2021-11-11 00:06:56,501 [org.apache.ratis.util.JvmPauseMonitor$$Lambda$531/1874401182@4a85fd3f] INFO  util.JvmPauseMonitor (JvmPauseMonitor.java:run(103)) - JvmPauseMonitor-e5ed6742-d51a-4f99-aebb-54e43bc29342: Started
2021-11-11 00:06:56,509 [Datanode State Machine Daemon Thread] INFO  statemachine.DatanodeStateMachine (DatanodeStateMachine.java:lambda$startDaemon$0(467)) - Ozone container server started.
2021-11-11 00:06:56,551 [org.apache.hadoop.util.JvmPauseMonitor$Monitor@d60c6d] INFO  util.JvmPauseMonitor (JvmPauseMonitor.java:run(188)) - Starting JVM pause monitor
2021-11-11 00:06:56,570 [Listener at 127.0.0.1/36803] INFO  ozone.HddsDatanodeService (HddsDatanodeService.java:start(234)) - HddsDatanodeService host:fv-az151-339.yf2hydr00wburbhx3j5hxtcipe.bx.internal.cloudapp.net ip:10.1.0.10
2021-11-11 00:06:56,584 [Datanode State Machine Task Thread - 0] INFO  datanode.InitDatanodeState (InitDatanodeState.java:persistContainerDatanodeDetails(145)) - DatanodeDetails is persisted to /home/runner/work/ozone/ozone/hadoop-ozone/integration-test/target/test-dir/MiniOzoneClusterImpl-d5f2283b-1c97-4f43-babe-75a35a923614/datanode-7/meta/datanode.id
2021-11-11 00:06:56,623 [Listener at 127.0.0.1/36803] INFO  upgrade.AbstractLayoutVersionManager (AbstractLayoutVersionManager.java:init(79)) - Initializing Layout version manager with metadata layout = SCM_HA (version = 2), software layout = SCM_HA (version = 2)
2021-11-11 00:06:56,687 [Listener at 127.0.0.1/36803] INFO  reflections.Reflections (Reflections.java:scan(232)) - Reflections took 62 ms to scan 7 urls, producing 119 keys and 279 values 
2021-11-11 00:06:56,689 [Listener at 127.0.0.1/36803] INFO  statemachine.DatanodeStateMachine (DatanodeStateMachine.java:getEndPointTaskThreadPoolSize(219)) - Datanode State Machine Task Thread Pool size 2
2021-11-11 00:06:56,690 [Listener at 127.0.0.1/36803] INFO  volume.HddsVolume (HddsVolume.java:<init>(120)) - Creating HddsVolume: /home/runner/work/ozone/ozone/hadoop-ozone/integration-test/target/test-dir/MiniOzoneClusterImpl-d5f2283b-1c97-4f43-babe-75a35a923614/datanode-8/data-0/containers/hdds of storage type : DISK capacity : 9223372036854775807
2021-11-11 00:06:56,691 [Listener at 127.0.0.1/36803] INFO  volume.MutableVolumeSet (MutableVolumeSet.java:initializeVolumeSet(168)) - Added Volume : /home/runner/work/ozone/ozone/hadoop-ozone/integration-test/target/test-dir/MiniOzoneClusterImpl-d5f2283b-1c97-4f43-babe-75a35a923614/datanode-8/data-0/containers/hdds to VolumeSet
2021-11-11 00:06:56,691 [Listener at 127.0.0.1/36803] INFO  volume.ThrottledAsyncChecker (ThrottledAsyncChecker.java:schedule(141)) - Scheduling a check for /home/runner/work/ozone/ozone/hadoop-ozone/integration-test/target/test-dir/MiniOzoneClusterImpl-d5f2283b-1c97-4f43-babe-75a35a923614/datanode-8/data-0/containers/hdds
2021-11-11 00:06:56,691 [Listener at 127.0.0.1/36803] INFO  volume.StorageVolumeChecker (StorageVolumeChecker.java:checkAllVolumes(202)) - Scheduled health check for volume /home/runner/work/ozone/ozone/hadoop-ozone/integration-test/target/test-dir/MiniOzoneClusterImpl-d5f2283b-1c97-4f43-babe-75a35a923614/datanode-8/data-0/containers/hdds
2021-11-11 00:06:56,729 [Listener at 127.0.0.1/36803] INFO  volume.MutableVolumeSet (MutableVolumeSet.java:initializeVolumeSet(168)) - Added Volume : /home/runner/work/ozone/ozone/hadoop-ozone/integration-test/target/test-dir/MiniOzoneClusterImpl-d5f2283b-1c97-4f43-babe-75a35a923614/datanode-8/data/ratis to VolumeSet
2021-11-11 00:06:56,730 [Listener at 127.0.0.1/36803] INFO  volume.ThrottledAsyncChecker (ThrottledAsyncChecker.java:schedule(141)) - Scheduling a check for /home/runner/work/ozone/ozone/hadoop-ozone/integration-test/target/test-dir/MiniOzoneClusterImpl-d5f2283b-1c97-4f43-babe-75a35a923614/datanode-8/data/ratis
2021-11-11 00:06:56,749 [Listener at 127.0.0.1/36803] INFO  volume.StorageVolumeChecker (StorageVolumeChecker.java:checkAllVolumes(202)) - Scheduled health check for volume /home/runner/work/ozone/ozone/hadoop-ozone/integration-test/target/test-dir/MiniOzoneClusterImpl-d5f2283b-1c97-4f43-babe-75a35a923614/datanode-8/data/ratis
2021-11-11 00:06:56,781 [Thread-1807] INFO  ozoneimpl.ContainerReader (ContainerReader.java:readVolume(172)) - Finish verifying containers on volume /home/runner/work/ozone/ozone/hadoop-ozone/integration-test/target/test-dir/MiniOzoneClusterImpl-d5f2283b-1c97-4f43-babe-75a35a923614/datanode-8/data-0/containers/hdds
2021-11-11 00:06:56,781 [Listener at 127.0.0.1/36803] INFO  ozoneimpl.OzoneContainer (OzoneContainer.java:buildContainerSet(236)) - Build ContainerSet costs 0s
2021-11-11 00:06:56,783 [Listener at 127.0.0.1/36803] INFO  server.RaftServer (ConfUtils.java:logGet(44)) - raft.rpc.type = GRPC (default)
2021-11-11 00:06:56,783 [Listener at 127.0.0.1/36803] INFO  grpc.GrpcFactory (GrpcFactory.java:checkPooledByteBufAllocatorUseCacheForAllThreads(48)) - PERFORMANCE WARNING: useCacheForAllThreads is true that may cause Netty to create a lot garbage objects and, as a result, trigger GC.
	It is recommended to disable useCacheForAllThreads by setting -Dorg.apache.ratis.thirdparty.io.netty.allocator.useCacheForAllThreads=false in command line.
2021-11-11 00:06:56,783 [Listener at 127.0.0.1/36803] INFO  grpc.GrpcConfigKeys (ConfUtils.java:logGet(44)) - raft.grpc.admin.port = 0 (custom)
2021-11-11 00:06:56,784 [Listener at 127.0.0.1/36803] INFO  grpc.GrpcConfigKeys (ConfUtils.java:logGet(44)) - raft.grpc.client.port = 0 (custom)
2021-11-11 00:06:56,784 [Listener at 127.0.0.1/36803] INFO  grpc.GrpcConfigKeys (ConfUtils.java:logGet(44)) - raft.grpc.server.port = 0 (default)
2021-11-11 00:06:56,784 [Listener at 127.0.0.1/36803] INFO  server.GrpcService (ConfUtils.java:logGet(44)) - raft.grpc.message.size.max = 32MB (=33554432) (custom)
2021-11-11 00:06:56,784 [Listener at 127.0.0.1/36803] INFO  server.RaftServerConfigKeys (ConfUtils.java:logGet(44)) - raft.server.log.appender.buffer.byte-limit = 33554432 (custom)
2021-11-11 00:06:56,784 [Listener at 127.0.0.1/36803] INFO  server.GrpcService (ConfUtils.java:logGet(44)) - raft.grpc.flow.control.window = 5MB (=5242880) (custom)
2021-11-11 00:06:56,784 [Listener at 127.0.0.1/36803] INFO  server.RaftServerConfigKeys (ConfUtils.java:logGet(44)) - raft.server.rpc.request.timeout = 3000ms (default)
2021-11-11 00:06:56,786 [Listener at 127.0.0.1/36803] INFO  impl.DataStreamServerImpl (ConfUtils.java:logGet(44)) - raft.datastream.type = DISABLED (default)
2021-11-11 00:06:56,786 [Listener at 127.0.0.1/36803] INFO  server.RaftServerConfigKeys (ConfUtils.java:logGet(44)) - raft.server.rpc.slowness.timeout = 300000ms (custom)
2021-11-11 00:06:56,786 [Listener at 127.0.0.1/36803] INFO  server.RaftServerConfigKeys (ConfUtils.java:logGet(44)) - raft.server.leaderelection.leader.step-down.wait-time = 10s (default)
2021-11-11 00:06:56,786 [Listener at 127.0.0.1/36803] INFO  server.RaftServerConfigKeys (ConfUtils.java:logGet(44)) - raft.server.storage.dir = [/home/runner/work/ozone/ozone/hadoop-ozone/integration-test/target/test-dir/MiniOzoneClusterImpl-d5f2283b-1c97-4f43-babe-75a35a923614/datanode-8/data/ratis] (custom)
2021-11-11 00:06:56,794 [Listener at 127.0.0.1/36803] INFO  http.BaseHttpServer (BaseHttpServer.java:newHttpServer2BuilderForOzone(209)) - Starting Web-server for hddsDatanode at: http://0.0.0.0:0
2021-11-11 00:06:56,795 [Listener at 127.0.0.1/36803] INFO  http.BaseHttpServer (BaseHttpServer.java:<init>(107)) - Hadoop Security Enabled: false Ozone Security Enabled: false Ozone HTTP Security Enabled: false 
2021-11-11 00:06:56,796 [Listener at 127.0.0.1/36803] INFO  server.AuthenticationFilter (AuthenticationFilter.java:constructSecretProvider(240)) - Unable to initialize FileSignerSecretProvider, falling back to use random secrets.
2021-11-11 00:06:56,796 [Listener at 127.0.0.1/36803] WARN  http.HttpRequestLog (HttpRequestLog.java:getRequestLog(103)) - Jetty request log can only be enabled using Log4j
2021-11-11 00:06:56,797 [Listener at 127.0.0.1/36803] INFO  http.HttpServer2 (HttpServer2.java:addGlobalFilter(1030)) - Added global filter 'safety' (class=org.apache.hadoop.hdds.server.http.HttpServer2$QuotingInputFilter)
2021-11-11 00:06:56,797 [Listener at 127.0.0.1/36803] INFO  http.HttpServer2 (HttpServer2.java:addFilter(1006)) - Added filter static_user_filter (class=org.apache.hadoop.http.lib.StaticUserWebFilter$StaticUserFilter) to context hddsDatanode
2021-11-11 00:06:56,797 [Listener at 127.0.0.1/36803] INFO  http.HttpServer2 (HttpServer2.java:addFilter(1014)) - Added filter static_user_filter (class=org.apache.hadoop.http.lib.StaticUserWebFilter$StaticUserFilter) to context logs
2021-11-11 00:06:56,797 [Listener at 127.0.0.1/36803] INFO  http.HttpServer2 (HttpServer2.java:addFilter(1014)) - Added filter static_user_filter (class=org.apache.hadoop.http.lib.StaticUserWebFilter$StaticUserFilter) to context static
2021-11-11 00:06:56,798 [Listener at 127.0.0.1/36803] INFO  http.HttpServer2 (HttpServer2.java:bindListener(1249)) - Jetty bound to port 41817
2021-11-11 00:06:56,798 [Listener at 127.0.0.1/36803] INFO  server.Server (Server.java:doStart(375)) - jetty-9.4.43.v20210629; built: 2021-06-30T11:07:22.254Z; git: 526006ecfa3af7f1a27ef3a288e2bef7ea9dd7e8; jvm 1.8.0_292-b10
2021-11-11 00:06:56,800 [Listener at 127.0.0.1/36803] INFO  server.session (DefaultSessionIdManager.java:doStart(334)) - DefaultSessionIdManager workerName=node0
2021-11-11 00:06:56,800 [Listener at 127.0.0.1/36803] INFO  server.session (DefaultSessionIdManager.java:doStart(339)) - No SessionScavenger set, using defaults
2021-11-11 00:06:56,800 [Listener at 127.0.0.1/36803] INFO  server.session (HouseKeeper.java:startScavenging(132)) - node0 Scavenging every 660000ms
2021-11-11 00:06:56,801 [Listener at 127.0.0.1/36803] INFO  handler.ContextHandler (ContextHandler.java:doStart(915)) - Started o.e.j.s.ServletContextHandler@47442047{logs,/logs,file:///home/runner/work/ozone/ozone/hadoop-ozone/integration-test/target/log,AVAILABLE}
2021-11-11 00:06:56,801 [Listener at 127.0.0.1/36803] INFO  handler.ContextHandler (ContextHandler.java:doStart(915)) - Started o.e.j.s.ServletContextHandler@39ed8d69{static,/static,jar:file:/home/runner/.m2/repository/org/apache/ozone/hdds-container-service/1.2.0-SNAPSHOT/hdds-container-service-1.2.0-SNAPSHOT.jar!/webapps/static,AVAILABLE}
2021-11-11 00:06:56,830 [EndpointStateMachine task thread for /0.0.0.0:40809 - 0 ] INFO  ozoneimpl.OzoneContainer (OzoneContainer.java:start(304)) - Attempting to start container services.
2021-11-11 00:06:56,830 [EndpointStateMachine task thread for /0.0.0.0:40809 - 0 ] INFO  ozoneimpl.OzoneContainer (OzoneContainer.java:startContainerScrub(249)) - Background container scanner has been disabled.
2021-11-11 00:06:56,831 [EndpointStateMachine task thread for /0.0.0.0:40809 - 0 ] INFO  replication.ReplicationServer (ReplicationServer.java:start(107)) - ReplicationServer is started using port 44883
2021-11-11 00:06:56,834 [EndpointStateMachine task thread for /0.0.0.0:40809 - 0 ] INFO  ratis.XceiverServerRatis (XceiverServerRatis.java:start(484)) - Starting XceiverServerRatis 6b695e55-6982-478b-aea3-481865f298ec
2021-11-11 00:06:56,844 [EndpointStateMachine task thread for /0.0.0.0:40809 - 0 ] INFO  server.RaftServer (RaftServerProxy.java:lambda$start$5(374)) - 6b695e55-6982-478b-aea3-481865f298ec: start RPC server
2021-11-11 00:06:56,857 [EndpointStateMachine task thread for /0.0.0.0:40809 - 0 ] INFO  server.GrpcService (GrpcService.java:startImpl(253)) - 6b695e55-6982-478b-aea3-481865f298ec: GrpcService started, listening on 43719
2021-11-11 00:06:56,861 [EndpointStateMachine task thread for /0.0.0.0:40809 - 0 ] INFO  ratis.XceiverServerRatis (XceiverServerRatis.java:getRealPort(505)) - XceiverServerRatis 6b695e55-6982-478b-aea3-481865f298ec is started using port 43719 for RATIS
2021-11-11 00:06:56,861 [EndpointStateMachine task thread for /0.0.0.0:40809 - 0 ] INFO  ratis.XceiverServerRatis (XceiverServerRatis.java:getRealPort(505)) - XceiverServerRatis 6b695e55-6982-478b-aea3-481865f298ec is started using port 43719 for RATIS_ADMIN
2021-11-11 00:06:56,861 [EndpointStateMachine task thread for /0.0.0.0:40809 - 0 ] INFO  ratis.XceiverServerRatis (XceiverServerRatis.java:getRealPort(505)) - XceiverServerRatis 6b695e55-6982-478b-aea3-481865f298ec is started using port 43719 for RATIS_SERVER
2021-11-11 00:06:56,876 [EndpointStateMachine task thread for /0.0.0.0:40809 - 0 ] INFO  server.XceiverServerGrpc (XceiverServerGrpc.java:start(135)) - XceiverServerGrpc 6b695e55-6982-478b-aea3-481865f298ec is started using port 33573
2021-11-11 00:06:56,884 [org.apache.ratis.util.JvmPauseMonitor$$Lambda$531/1874401182@6dadff48] INFO  util.JvmPauseMonitor (JvmPauseMonitor.java:run(103)) - JvmPauseMonitor-6b695e55-6982-478b-aea3-481865f298ec: Started
2021-11-11 00:06:56,942 [Listener at 127.0.0.1/36803] INFO  handler.ContextHandler (ContextHandler.java:doStart(915)) - Started o.e.j.w.WebAppContext@212770ba{hddsDatanode,/,file:///tmp/jetty-0_0_0_0-41817-hdds-container-service-1_2_0-SNAPSHOT_jar-_-any-4157687715930019037/webapp/,AVAILABLE}{jar:file:/home/runner/.m2/repository/org/apache/ozone/hdds-container-service/1.2.0-SNAPSHOT/hdds-container-service-1.2.0-SNAPSHOT.jar!/webapps/hddsDatanode}
2021-11-11 00:06:56,967 [Listener at 127.0.0.1/36803] INFO  server.AbstractConnector (AbstractConnector.java:doStart(331)) - Started ServerConnector@6b82ce26{HTTP/1.1, (http/1.1)}{0.0.0.0:41817}
2021-11-11 00:06:56,967 [Listener at 127.0.0.1/36803] INFO  server.Server (Server.java:doStart(415)) - Started @242018ms
2021-11-11 00:06:56,967 [Listener at 127.0.0.1/36803] WARN  impl.MetricsSystemImpl (MetricsSystemImpl.java:register(279)) - Sink prometheus already exists!
2021-11-11 00:06:56,968 [Listener at 127.0.0.1/36803] INFO  http.BaseHttpServer (BaseHttpServer.java:updateConnectorAddress(329)) - HTTP server of hddsDatanode listening at http://0.0.0.0:41817
2021-11-11 00:06:56,969 [Listener at 127.0.0.1/36803] INFO  ozone.MiniOzoneClusterImpl (MiniOzoneClusterImpl.java:lambda$waitForClusterToBeReady$0(235)) - Waiting for nodes to be ready. Got 0 of 9 DN Heartbeats.
2021-11-11 00:06:56,969 [Listener at 127.0.0.1/36803] INFO  ozone.MiniOzoneClusterImpl (MiniOzoneClusterImpl.java:lambda$waitForClusterToBeReady$0(238)) - Waiting for cluster to exit safe mode
2021-11-11 00:06:56,969 [Listener at 127.0.0.1/36803] INFO  ozone.MiniOzoneClusterImpl (MiniOzoneClusterImpl.java:lambda$waitForClusterToBeReady$0(240)) - SCM became leader
2021-11-11 00:06:56,969 [Datanode State Machine Daemon Thread] INFO  statemachine.DatanodeStateMachine (DatanodeStateMachine.java:lambda$startDaemon$0(467)) - Ozone container server started.
2021-11-11 00:06:57,016 [org.apache.hadoop.util.JvmPauseMonitor$Monitor@6e80edf8] INFO  util.JvmPauseMonitor (JvmPauseMonitor.java:run(188)) - Starting JVM pause monitor
2021-11-11 00:06:57,028 [Datanode State Machine Task Thread - 0] INFO  datanode.InitDatanodeState (InitDatanodeState.java:persistContainerDatanodeDetails(145)) - DatanodeDetails is persisted to /home/runner/work/ozone/ozone/hadoop-ozone/integration-test/target/test-dir/MiniOzoneClusterImpl-d5f2283b-1c97-4f43-babe-75a35a923614/datanode-8/meta/datanode.id
2021-11-11 00:06:57,048 [EndpointStateMachine task thread for /0.0.0.0:40809 - 0 ] INFO  ozoneimpl.OzoneContainer (OzoneContainer.java:start(304)) - Attempting to start container services.
2021-11-11 00:06:57,048 [EndpointStateMachine task thread for /0.0.0.0:40809 - 0 ] INFO  ozoneimpl.OzoneContainer (OzoneContainer.java:startContainerScrub(249)) - Background container scanner has been disabled.
2021-11-11 00:06:57,048 [EndpointStateMachine task thread for /0.0.0.0:40809 - 0 ] INFO  replication.ReplicationServer (ReplicationServer.java:start(107)) - ReplicationServer is started using port 43031
2021-11-11 00:06:57,081 [EndpointStateMachine task thread for /0.0.0.0:40809 - 0 ] INFO  ratis.XceiverServerRatis (XceiverServerRatis.java:start(484)) - Starting XceiverServerRatis 855159a8-46d2-4956-afe8-ac9382fc30e5
2021-11-11 00:06:57,082 [EndpointStateMachine task thread for /0.0.0.0:40809 - 0 ] INFO  server.RaftServer (RaftServerProxy.java:lambda$start$5(374)) - 855159a8-46d2-4956-afe8-ac9382fc30e5: start RPC server
2021-11-11 00:06:57,082 [EndpointStateMachine task thread for /0.0.0.0:40809 - 0 ] INFO  server.GrpcService (GrpcService.java:startImpl(253)) - 855159a8-46d2-4956-afe8-ac9382fc30e5: GrpcService started, listening on 42821
2021-11-11 00:06:57,095 [EndpointStateMachine task thread for /0.0.0.0:40809 - 0 ] INFO  ratis.XceiverServerRatis (XceiverServerRatis.java:getRealPort(505)) - XceiverServerRatis 855159a8-46d2-4956-afe8-ac9382fc30e5 is started using port 42821 for RATIS
2021-11-11 00:06:57,096 [EndpointStateMachine task thread for /0.0.0.0:40809 - 0 ] INFO  ratis.XceiverServerRatis (XceiverServerRatis.java:getRealPort(505)) - XceiverServerRatis 855159a8-46d2-4956-afe8-ac9382fc30e5 is started using port 42821 for RATIS_ADMIN
2021-11-11 00:06:57,096 [EndpointStateMachine task thread for /0.0.0.0:40809 - 0 ] INFO  ratis.XceiverServerRatis (XceiverServerRatis.java:getRealPort(505)) - XceiverServerRatis 855159a8-46d2-4956-afe8-ac9382fc30e5 is started using port 42821 for RATIS_SERVER
2021-11-11 00:06:57,105 [EndpointStateMachine task thread for /0.0.0.0:40809 - 0 ] INFO  server.XceiverServerGrpc (XceiverServerGrpc.java:start(135)) - XceiverServerGrpc 855159a8-46d2-4956-afe8-ac9382fc30e5 is started using port 42135
2021-11-11 00:06:57,134 [org.apache.ratis.util.JvmPauseMonitor$$Lambda$531/1874401182@25d3d9d1] INFO  util.JvmPauseMonitor (JvmPauseMonitor.java:run(103)) - JvmPauseMonitor-855159a8-46d2-4956-afe8-ac9382fc30e5: Started
2021-11-11 00:06:57,269 [IPC Server handler 4 on default port 40809] INFO  net.NetworkTopologyImpl (NetworkTopologyImpl.java:add(112)) - Added a new node: /default-rack/0d2fb367-afe0-4be7-ae24-70cd5e1a0313
2021-11-11 00:06:57,269 [IPC Server handler 4 on default port 40809] INFO  node.SCMNodeManager (SCMNodeManager.java:register(389)) - Registered Data node : 0d2fb367-afe0-4be7-ae24-70cd5e1a0313{ip: 10.1.0.10, host: fv-az151-339.yf2hydr00wburbhx3j5hxtcipe.bx.internal.cloudapp.net, ports: [REPLICATION=46213, RATIS=34699, RATIS_ADMIN=34699, RATIS_SERVER=34699, STANDALONE=44495], networkLocation: /default-rack, certSerialId: null, persistedOpState: null, persistedOpStateExpiryEpochSec: 0}
2021-11-11 00:06:57,272 [EventQueue-NodeRegistrationContainerReportForContainerSafeModeRule] INFO  safemode.SCMSafeModeManager (SCMSafeModeManager.java:validateSafeModeExitRules(204)) - ContainerSafeModeRule rule is successfully validated
2021-11-11 00:06:57,272 [EventQueue-NodeRegistrationContainerReportForDataNodeSafeModeRule] INFO  safemode.SCMSafeModeManager (DataNodeSafeModeRule.java:process(71)) - SCM in safe mode. 1 DataNodes registered, 3 required.
2021-11-11 00:06:57,299 [EventQueue-NewNodeForNewNodeHandler] INFO  pipeline.BackgroundPipelineCreator (BackgroundPipelineCreator.java:notifyEventTriggered(285)) - trigger a one-shot run on RatisPipelineUtilsThread.
2021-11-11 00:06:57,299 [EventQueue-PipelineReportForOneReplicaPipelineSafeModeRule] INFO  safemode.SCMSafeModeManager (SCMSafeModeManager.java:validateSafeModeExitRules(204)) - AtleastOneDatanodeReportedRule rule is successfully validated
2021-11-11 00:06:57,301 [RatisPipelineUtilsThread - 0] INFO  pipeline.RatisPipelineProvider (RatisPipelineProvider.java:lambda$create$0(183)) - Sending CreatePipelineCommand for pipeline:PipelineID=1adfe36a-35da-4738-93f5-1d734d956124 to datanode:0d2fb367-afe0-4be7-ae24-70cd5e1a0313
2021-11-11 00:06:57,309 [RatisPipelineUtilsThread - 0] INFO  pipeline.PipelineStateManagerImpl (PipelineStateManagerImpl.java:addPipeline(101)) - Created pipeline Pipeline[ Id: 1adfe36a-35da-4738-93f5-1d734d956124, Nodes: 0d2fb367-afe0-4be7-ae24-70cd5e1a0313{ip: 10.1.0.10, host: fv-az151-339.yf2hydr00wburbhx3j5hxtcipe.bx.internal.cloudapp.net, ports: [REPLICATION=46213, RATIS=34699, RATIS_ADMIN=34699, RATIS_SERVER=34699, STANDALONE=44495], networkLocation: /default-rack, certSerialId: null, persistedOpState: IN_SERVICE, persistedOpStateExpiryEpochSec: 0}, ReplicationConfig: RATIS/ONE, State:ALLOCATED, leaderId:, CreationTimestamp2021-11-11T00:06:57.301Z[Etc/UTC]].
2021-11-11 00:06:57,481 [EndpointStateMachine task thread for /0.0.0.0:40809 - 0 ] INFO  ozoneimpl.OzoneContainer (OzoneContainer.java:start(304)) - Attempting to start container services.
2021-11-11 00:06:57,481 [EndpointStateMachine task thread for /0.0.0.0:40809 - 0 ] INFO  ozoneimpl.OzoneContainer (OzoneContainer.java:startContainerScrub(249)) - Background container scanner has been disabled.
2021-11-11 00:06:57,482 [EndpointStateMachine task thread for /0.0.0.0:40809 - 0 ] INFO  replication.ReplicationServer (ReplicationServer.java:start(107)) - ReplicationServer is started using port 45079
2021-11-11 00:06:57,513 [EndpointStateMachine task thread for /0.0.0.0:40809 - 0 ] INFO  ratis.XceiverServerRatis (XceiverServerRatis.java:start(484)) - Starting XceiverServerRatis f37a6f46-5950-4be3-9f6d-6eb53e609f63
2021-11-11 00:06:57,533 [EndpointStateMachine task thread for /0.0.0.0:40809 - 0 ] INFO  server.RaftServer (RaftServerProxy.java:lambda$start$5(374)) - f37a6f46-5950-4be3-9f6d-6eb53e609f63: start RPC server
2021-11-11 00:06:57,534 [EndpointStateMachine task thread for /0.0.0.0:40809 - 0 ] INFO  server.GrpcService (GrpcService.java:startImpl(253)) - f37a6f46-5950-4be3-9f6d-6eb53e609f63: GrpcService started, listening on 39151
2021-11-11 00:06:57,534 [EndpointStateMachine task thread for /0.0.0.0:40809 - 0 ] INFO  ratis.XceiverServerRatis (XceiverServerRatis.java:getRealPort(505)) - XceiverServerRatis f37a6f46-5950-4be3-9f6d-6eb53e609f63 is started using port 39151 for RATIS
2021-11-11 00:06:57,535 [EndpointStateMachine task thread for /0.0.0.0:40809 - 0 ] INFO  ratis.XceiverServerRatis (XceiverServerRatis.java:getRealPort(505)) - XceiverServerRatis f37a6f46-5950-4be3-9f6d-6eb53e609f63 is started using port 39151 for RATIS_ADMIN
2021-11-11 00:06:57,535 [EndpointStateMachine task thread for /0.0.0.0:40809 - 0 ] INFO  ratis.XceiverServerRatis (XceiverServerRatis.java:getRealPort(505)) - XceiverServerRatis f37a6f46-5950-4be3-9f6d-6eb53e609f63 is started using port 39151 for RATIS_SERVER
2021-11-11 00:06:57,535 [EndpointStateMachine task thread for /0.0.0.0:40809 - 0 ] INFO  server.XceiverServerGrpc (XceiverServerGrpc.java:start(135)) - XceiverServerGrpc f37a6f46-5950-4be3-9f6d-6eb53e609f63 is started using port 39417
2021-11-11 00:06:57,557 [org.apache.ratis.util.JvmPauseMonitor$$Lambda$531/1874401182@667bc9fb] INFO  util.JvmPauseMonitor (JvmPauseMonitor.java:run(103)) - JvmPauseMonitor-f37a6f46-5950-4be3-9f6d-6eb53e609f63: Started
2021-11-11 00:06:57,830 [IPC Server handler 2 on default port 40809] INFO  net.NetworkTopologyImpl (NetworkTopologyImpl.java:add(112)) - Added a new node: /default-rack/5b650bcb-8111-473c-88bf-b7649abefc48
2021-11-11 00:06:57,830 [IPC Server handler 2 on default port 40809] INFO  node.SCMNodeManager (SCMNodeManager.java:register(389)) - Registered Data node : 5b650bcb-8111-473c-88bf-b7649abefc48{ip: 10.1.0.10, host: fv-az151-339.yf2hydr00wburbhx3j5hxtcipe.bx.internal.cloudapp.net, ports: [REPLICATION=44417, RATIS=34803, RATIS_ADMIN=34803, RATIS_SERVER=34803, STANDALONE=40261], networkLocation: /default-rack, certSerialId: null, persistedOpState: null, persistedOpStateExpiryEpochSec: 0}
2021-11-11 00:06:57,831 [EventQueue-NewNodeForNewNodeHandler] INFO  pipeline.BackgroundPipelineCreator (BackgroundPipelineCreator.java:notifyEventTriggered(285)) - trigger a one-shot run on RatisPipelineUtilsThread.
2021-11-11 00:06:57,831 [EventQueue-NodeRegistrationContainerReportForDataNodeSafeModeRule] INFO  safemode.SCMSafeModeManager (DataNodeSafeModeRule.java:process(71)) - SCM in safe mode. 2 DataNodes registered, 3 required.
2021-11-11 00:06:57,833 [RatisPipelineUtilsThread - 0] INFO  pipeline.RatisPipelineProvider (RatisPipelineProvider.java:lambda$create$0(183)) - Sending CreatePipelineCommand for pipeline:PipelineID=c8d19f90-34c6-4826-aa45-46ffcca1da0f to datanode:5b650bcb-8111-473c-88bf-b7649abefc48
2021-11-11 00:06:57,834 [RatisPipelineUtilsThread - 0] INFO  pipeline.PipelineStateManagerImpl (PipelineStateManagerImpl.java:addPipeline(101)) - Created pipeline Pipeline[ Id: c8d19f90-34c6-4826-aa45-46ffcca1da0f, Nodes: 5b650bcb-8111-473c-88bf-b7649abefc48{ip: 10.1.0.10, host: fv-az151-339.yf2hydr00wburbhx3j5hxtcipe.bx.internal.cloudapp.net, ports: [REPLICATION=44417, RATIS=34803, RATIS_ADMIN=34803, RATIS_SERVER=34803, STANDALONE=40261], networkLocation: /default-rack, certSerialId: null, persistedOpState: IN_SERVICE, persistedOpStateExpiryEpochSec: 0}, ReplicationConfig: RATIS/ONE, State:ALLOCATED, leaderId:, CreationTimestamp2021-11-11T00:06:57.833Z[Etc/UTC]].
2021-11-11 00:06:57,969 [Listener at 127.0.0.1/36803] INFO  ozone.MiniOzoneClusterImpl (MiniOzoneClusterImpl.java:lambda$waitForClusterToBeReady$0(235)) - Waiting for nodes to be ready. Got 2 of 9 DN Heartbeats.
2021-11-11 00:06:57,969 [Listener at 127.0.0.1/36803] INFO  ozone.MiniOzoneClusterImpl (MiniOzoneClusterImpl.java:lambda$waitForClusterToBeReady$0(238)) - Waiting for cluster to exit safe mode
2021-11-11 00:06:57,969 [Listener at 127.0.0.1/36803] INFO  ozone.MiniOzoneClusterImpl (MiniOzoneClusterImpl.java:lambda$waitForClusterToBeReady$0(240)) - SCM became leader
2021-11-11 00:06:58,079 [EndpointStateMachine task thread for /0.0.0.0:40809 - 0 ] INFO  ozoneimpl.OzoneContainer (OzoneContainer.java:start(304)) - Attempting to start container services.
2021-11-11 00:06:58,079 [EndpointStateMachine task thread for /0.0.0.0:40809 - 0 ] INFO  ozoneimpl.OzoneContainer (OzoneContainer.java:startContainerScrub(249)) - Background container scanner has been disabled.
2021-11-11 00:06:58,085 [EndpointStateMachine task thread for /0.0.0.0:40809 - 0 ] INFO  replication.ReplicationServer (ReplicationServer.java:start(107)) - ReplicationServer is started using port 46829
2021-11-11 00:06:58,103 [EndpointStateMachine task thread for /0.0.0.0:40809 - 0 ] INFO  ratis.XceiverServerRatis (XceiverServerRatis.java:start(484)) - Starting XceiverServerRatis f2abff67-7f5e-423a-807c-f1c8bf0fd89e
2021-11-11 00:06:58,138 [EndpointStateMachine task thread for /0.0.0.0:40809 - 0 ] INFO  server.RaftServer (RaftServerProxy.java:lambda$start$5(374)) - f2abff67-7f5e-423a-807c-f1c8bf0fd89e: start RPC server
2021-11-11 00:06:58,139 [EndpointStateMachine task thread for /0.0.0.0:40809 - 0 ] INFO  server.GrpcService (GrpcService.java:startImpl(253)) - f2abff67-7f5e-423a-807c-f1c8bf0fd89e: GrpcService started, listening on 42673
2021-11-11 00:06:58,139 [EndpointStateMachine task thread for /0.0.0.0:40809 - 0 ] INFO  ratis.XceiverServerRatis (XceiverServerRatis.java:getRealPort(505)) - XceiverServerRatis f2abff67-7f5e-423a-807c-f1c8bf0fd89e is started using port 42673 for RATIS
2021-11-11 00:06:58,139 [EndpointStateMachine task thread for /0.0.0.0:40809 - 0 ] INFO  ratis.XceiverServerRatis (XceiverServerRatis.java:getRealPort(505)) - XceiverServerRatis f2abff67-7f5e-423a-807c-f1c8bf0fd89e is started using port 42673 for RATIS_ADMIN
2021-11-11 00:06:58,139 [EndpointStateMachine task thread for /0.0.0.0:40809 - 0 ] INFO  ratis.XceiverServerRatis (XceiverServerRatis.java:getRealPort(505)) - XceiverServerRatis f2abff67-7f5e-423a-807c-f1c8bf0fd89e is started using port 42673 for RATIS_SERVER
2021-11-11 00:06:58,140 [EndpointStateMachine task thread for /0.0.0.0:40809 - 0 ] INFO  server.XceiverServerGrpc (XceiverServerGrpc.java:start(135)) - XceiverServerGrpc f2abff67-7f5e-423a-807c-f1c8bf0fd89e is started using port 45051
2021-11-11 00:06:58,178 [org.apache.ratis.util.JvmPauseMonitor$$Lambda$531/1874401182@feda0fd] INFO  util.JvmPauseMonitor (JvmPauseMonitor.java:run(103)) - JvmPauseMonitor-f2abff67-7f5e-423a-807c-f1c8bf0fd89e: Started
2021-11-11 00:06:58,344 [IPC Server handler 0 on default port 40809] INFO  net.NetworkTopologyImpl (NetworkTopologyImpl.java:add(112)) - Added a new node: /default-rack/e5ed6742-d51a-4f99-aebb-54e43bc29342
2021-11-11 00:06:58,345 [IPC Server handler 0 on default port 40809] INFO  node.SCMNodeManager (SCMNodeManager.java:register(389)) - Registered Data node : e5ed6742-d51a-4f99-aebb-54e43bc29342{ip: 10.1.0.10, host: fv-az151-339.yf2hydr00wburbhx3j5hxtcipe.bx.internal.cloudapp.net, ports: [REPLICATION=41807, RATIS=41847, RATIS_ADMIN=41847, RATIS_SERVER=41847, STANDALONE=43099], networkLocation: /default-rack, certSerialId: null, persistedOpState: null, persistedOpStateExpiryEpochSec: 0}
2021-11-11 00:06:58,345 [EventQueue-NewNodeForNewNodeHandler] INFO  pipeline.BackgroundPipelineCreator (BackgroundPipelineCreator.java:notifyEventTriggered(285)) - trigger a one-shot run on RatisPipelineUtilsThread.
2021-11-11 00:06:58,348 [EventQueue-NodeRegistrationContainerReportForDataNodeSafeModeRule] INFO  safemode.SCMSafeModeManager (DataNodeSafeModeRule.java:process(71)) - SCM in safe mode. 3 DataNodes registered, 3 required.
2021-11-11 00:06:58,348 [EventQueue-NodeRegistrationContainerReportForDataNodeSafeModeRule] INFO  safemode.SCMSafeModeManager (SCMSafeModeManager.java:validateSafeModeExitRules(204)) - DataNodeSafeModeRule rule is successfully validated
2021-11-11 00:06:58,348 [EventQueue-NodeRegistrationContainerReportForDataNodeSafeModeRule] INFO  safemode.SCMSafeModeManager (SCMSafeModeManager.java:completePreCheck(233)) - All SCM safe mode pre check rules have passed
2021-11-11 00:06:58,348 [EventQueue-NodeRegistrationContainerReportForDataNodeSafeModeRule] WARN  events.EventQueue (EventQueue.java:fireEvent(194)) - No event handler registered for event TypedEvent{payloadType=SafeModeStatus, name='Safe mode status'}
2021-11-11 00:06:58,348 [EventQueue-NodeRegistrationContainerReportForDataNodeSafeModeRule] INFO  ha.SCMContext (SCMContext.java:updateSafeModeStatus(205)) - Update SafeModeStatus from SafeModeStatus{safeModeStatus=true, preCheckPassed=false} to SafeModeStatus{safeModeStatus=true, preCheckPassed=true}.
2021-11-11 00:06:58,348 [EventQueue-NodeRegistrationContainerReportForDataNodeSafeModeRule] INFO  pipeline.BackgroundPipelineCreator (BackgroundPipelineCreator.java:notifyEventTriggered(285)) - trigger a one-shot run on RatisPipelineUtilsThread.
2021-11-11 00:06:58,349 [RatisPipelineUtilsThread - 0] INFO  pipeline.RatisPipelineProvider (RatisPipelineProvider.java:lambda$create$0(183)) - Sending CreatePipelineCommand for pipeline:PipelineID=b7a77d92-3049-465a-8452-ea1cce7752fb to datanode:e5ed6742-d51a-4f99-aebb-54e43bc29342
2021-11-11 00:06:58,349 [RatisPipelineUtilsThread - 0] INFO  pipeline.PipelineStateManagerImpl (PipelineStateManagerImpl.java:addPipeline(101)) - Created pipeline Pipeline[ Id: b7a77d92-3049-465a-8452-ea1cce7752fb, Nodes: e5ed6742-d51a-4f99-aebb-54e43bc29342{ip: 10.1.0.10, host: fv-az151-339.yf2hydr00wburbhx3j5hxtcipe.bx.internal.cloudapp.net, ports: [REPLICATION=41807, RATIS=41847, RATIS_ADMIN=41847, RATIS_SERVER=41847, STANDALONE=43099], networkLocation: /default-rack, certSerialId: null, persistedOpState: IN_SERVICE, persistedOpStateExpiryEpochSec: 0}, ReplicationConfig: RATIS/ONE, State:ALLOCATED, leaderId:, CreationTimestamp2021-11-11T00:06:58.349Z[Etc/UTC]].
2021-11-11 00:06:58,350 [RatisPipelineUtilsThread - 0] INFO  pipeline.RatisPipelineProvider (RatisPipelineProvider.java:lambda$create$0(183)) - Sending CreatePipelineCommand for pipeline:PipelineID=f46ad258-11d7-4282-b328-d18ac6807e55 to datanode:e5ed6742-d51a-4f99-aebb-54e43bc29342
2021-11-11 00:06:58,350 [RatisPipelineUtilsThread - 0] INFO  pipeline.RatisPipelineProvider (RatisPipelineProvider.java:lambda$create$0(183)) - Sending CreatePipelineCommand for pipeline:PipelineID=f46ad258-11d7-4282-b328-d18ac6807e55 to datanode:5b650bcb-8111-473c-88bf-b7649abefc48
2021-11-11 00:06:58,350 [RatisPipelineUtilsThread - 0] INFO  pipeline.RatisPipelineProvider (RatisPipelineProvider.java:lambda$create$0(183)) - Sending CreatePipelineCommand for pipeline:PipelineID=f46ad258-11d7-4282-b328-d18ac6807e55 to datanode:0d2fb367-afe0-4be7-ae24-70cd5e1a0313
2021-11-11 00:06:58,350 [RatisPipelineUtilsThread - 0] INFO  pipeline.PipelineStateManagerImpl (PipelineStateManagerImpl.java:addPipeline(101)) - Created pipeline Pipeline[ Id: f46ad258-11d7-4282-b328-d18ac6807e55, Nodes: e5ed6742-d51a-4f99-aebb-54e43bc29342{ip: 10.1.0.10, host: fv-az151-339.yf2hydr00wburbhx3j5hxtcipe.bx.internal.cloudapp.net, ports: [REPLICATION=41807, RATIS=41847, RATIS_ADMIN=41847, RATIS_SERVER=41847, STANDALONE=43099], networkLocation: /default-rack, certSerialId: null, persistedOpState: IN_SERVICE, persistedOpStateExpiryEpochSec: 0}5b650bcb-8111-473c-88bf-b7649abefc48{ip: 10.1.0.10, host: fv-az151-339.yf2hydr00wburbhx3j5hxtcipe.bx.internal.cloudapp.net, ports: [REPLICATION=44417, RATIS=34803, RATIS_ADMIN=34803, RATIS_SERVER=34803, STANDALONE=40261], networkLocation: /default-rack, certSerialId: null, persistedOpState: IN_SERVICE, persistedOpStateExpiryEpochSec: 0}0d2fb367-afe0-4be7-ae24-70cd5e1a0313{ip: 10.1.0.10, host: fv-az151-339.yf2hydr00wburbhx3j5hxtcipe.bx.internal.cloudapp.net, ports: [REPLICATION=46213, RATIS=34699, RATIS_ADMIN=34699, RATIS_SERVER=34699, STANDALONE=44495], networkLocation: /default-rack, certSerialId: null, persistedOpState: IN_SERVICE, persistedOpStateExpiryEpochSec: 0}, ReplicationConfig: RATIS/THREE, State:ALLOCATED, leaderId:, CreationTimestamp2021-11-11T00:06:58.350Z[Etc/UTC]].
2021-11-11 00:06:58,557 [EndpointStateMachine task thread for /0.0.0.0:40809 - 0 ] INFO  ozoneimpl.OzoneContainer (OzoneContainer.java:start(304)) - Attempting to start container services.
2021-11-11 00:06:58,558 [EndpointStateMachine task thread for /0.0.0.0:40809 - 0 ] INFO  ozoneimpl.OzoneContainer (OzoneContainer.java:startContainerScrub(249)) - Background container scanner has been disabled.
2021-11-11 00:06:58,561 [EndpointStateMachine task thread for /0.0.0.0:40809 - 0 ] INFO  replication.ReplicationServer (ReplicationServer.java:start(107)) - ReplicationServer is started using port 36749
2021-11-11 00:06:58,563 [EndpointStateMachine task thread for /0.0.0.0:40809 - 0 ] INFO  ratis.XceiverServerRatis (XceiverServerRatis.java:start(484)) - Starting XceiverServerRatis 6e133fb8-c87a-4d8d-9d3f-d688ae1cb6f8
2021-11-11 00:06:58,566 [EndpointStateMachine task thread for /0.0.0.0:40809 - 0 ] INFO  server.RaftServer (RaftServerProxy.java:lambda$start$5(374)) - 6e133fb8-c87a-4d8d-9d3f-d688ae1cb6f8: start RPC server
2021-11-11 00:06:58,585 [EndpointStateMachine task thread for /0.0.0.0:40809 - 0 ] INFO  server.GrpcService (GrpcService.java:startImpl(253)) - 6e133fb8-c87a-4d8d-9d3f-d688ae1cb6f8: GrpcService started, listening on 38557
2021-11-11 00:06:58,585 [EndpointStateMachine task thread for /0.0.0.0:40809 - 0 ] INFO  ratis.XceiverServerRatis (XceiverServerRatis.java:getRealPort(505)) - XceiverServerRatis 6e133fb8-c87a-4d8d-9d3f-d688ae1cb6f8 is started using port 38557 for RATIS
2021-11-11 00:06:58,585 [EndpointStateMachine task thread for /0.0.0.0:40809 - 0 ] INFO  ratis.XceiverServerRatis (XceiverServerRatis.java:getRealPort(505)) - XceiverServerRatis 6e133fb8-c87a-4d8d-9d3f-d688ae1cb6f8 is started using port 38557 for RATIS_ADMIN
2021-11-11 00:06:58,585 [EndpointStateMachine task thread for /0.0.0.0:40809 - 0 ] INFO  ratis.XceiverServerRatis (XceiverServerRatis.java:getRealPort(505)) - XceiverServerRatis 6e133fb8-c87a-4d8d-9d3f-d688ae1cb6f8 is started using port 38557 for RATIS_SERVER
2021-11-11 00:06:58,587 [EndpointStateMachine task thread for /0.0.0.0:40809 - 0 ] INFO  server.XceiverServerGrpc (XceiverServerGrpc.java:start(135)) - XceiverServerGrpc 6e133fb8-c87a-4d8d-9d3f-d688ae1cb6f8 is started using port 36933
2021-11-11 00:06:58,609 [org.apache.ratis.util.JvmPauseMonitor$$Lambda$531/1874401182@4b33902b] INFO  util.JvmPauseMonitor (JvmPauseMonitor.java:run(103)) - JvmPauseMonitor-6e133fb8-c87a-4d8d-9d3f-d688ae1cb6f8: Started
2021-11-11 00:06:58,714 [IPC Server handler 3 on default port 40809] INFO  net.NetworkTopologyImpl (NetworkTopologyImpl.java:add(112)) - Added a new node: /default-rack/6b695e55-6982-478b-aea3-481865f298ec
2021-11-11 00:06:58,714 [IPC Server handler 3 on default port 40809] INFO  node.SCMNodeManager (SCMNodeManager.java:register(389)) - Registered Data node : 6b695e55-6982-478b-aea3-481865f298ec{ip: 10.1.0.10, host: fv-az151-339.yf2hydr00wburbhx3j5hxtcipe.bx.internal.cloudapp.net, ports: [REPLICATION=44883, RATIS=43719, RATIS_ADMIN=43719, RATIS_SERVER=43719, STANDALONE=33573], networkLocation: /default-rack, certSerialId: null, persistedOpState: null, persistedOpStateExpiryEpochSec: 0}
2021-11-11 00:06:58,715 [EventQueue-NewNodeForNewNodeHandler] INFO  pipeline.BackgroundPipelineCreator (BackgroundPipelineCreator.java:notifyEventTriggered(285)) - trigger a one-shot run on RatisPipelineUtilsThread.
2021-11-11 00:06:58,715 [RatisPipelineUtilsThread - 0] INFO  pipeline.RatisPipelineProvider (RatisPipelineProvider.java:lambda$create$0(183)) - Sending CreatePipelineCommand for pipeline:PipelineID=e52301a4-0bd3-4fc1-b1e1-cb7168c967d4 to datanode:6b695e55-6982-478b-aea3-481865f298ec
2021-11-11 00:06:58,716 [RatisPipelineUtilsThread - 0] INFO  pipeline.PipelineStateManagerImpl (PipelineStateManagerImpl.java:addPipeline(101)) - Created pipeline Pipeline[ Id: e52301a4-0bd3-4fc1-b1e1-cb7168c967d4, Nodes: 6b695e55-6982-478b-aea3-481865f298ec{ip: 10.1.0.10, host: fv-az151-339.yf2hydr00wburbhx3j5hxtcipe.bx.internal.cloudapp.net, ports: [REPLICATION=44883, RATIS=43719, RATIS_ADMIN=43719, RATIS_SERVER=43719, STANDALONE=33573], networkLocation: /default-rack, certSerialId: null, persistedOpState: IN_SERVICE, persistedOpStateExpiryEpochSec: 0}, ReplicationConfig: RATIS/ONE, State:ALLOCATED, leaderId:, CreationTimestamp2021-11-11T00:06:58.715Z[Etc/UTC]].
2021-11-11 00:06:58,971 [Listener at 127.0.0.1/36803] INFO  ozone.MiniOzoneClusterImpl (MiniOzoneClusterImpl.java:lambda$waitForClusterToBeReady$0(235)) - Waiting for nodes to be ready. Got 4 of 9 DN Heartbeats.
2021-11-11 00:06:58,971 [Listener at 127.0.0.1/36803] INFO  ozone.MiniOzoneClusterImpl (MiniOzoneClusterImpl.java:lambda$waitForClusterToBeReady$0(238)) - Waiting for cluster to exit safe mode
2021-11-11 00:06:58,971 [Listener at 127.0.0.1/36803] INFO  ozone.MiniOzoneClusterImpl (MiniOzoneClusterImpl.java:lambda$waitForClusterToBeReady$0(240)) - SCM became leader
2021-11-11 00:06:59,008 [IPC Server handler 18 on default port 40809] INFO  net.NetworkTopologyImpl (NetworkTopologyImpl.java:add(112)) - Added a new node: /default-rack/855159a8-46d2-4956-afe8-ac9382fc30e5
2021-11-11 00:06:59,008 [IPC Server handler 18 on default port 40809] INFO  node.SCMNodeManager (SCMNodeManager.java:register(389)) - Registered Data node : 855159a8-46d2-4956-afe8-ac9382fc30e5{ip: 10.1.0.10, host: fv-az151-339.yf2hydr00wburbhx3j5hxtcipe.bx.internal.cloudapp.net, ports: [REPLICATION=43031, RATIS=42821, RATIS_ADMIN=42821, RATIS_SERVER=42821, STANDALONE=42135], networkLocation: /default-rack, certSerialId: null, persistedOpState: null, persistedOpStateExpiryEpochSec: 0}
2021-11-11 00:06:59,009 [EventQueue-NewNodeForNewNodeHandler] INFO  pipeline.BackgroundPipelineCreator (BackgroundPipelineCreator.java:notifyEventTriggered(285)) - trigger a one-shot run on RatisPipelineUtilsThread.
2021-11-11 00:06:59,009 [RatisPipelineUtilsThread - 0] INFO  pipeline.RatisPipelineProvider (RatisPipelineProvider.java:lambda$create$0(183)) - Sending CreatePipelineCommand for pipeline:PipelineID=017c3729-644e-466c-86bc-ead26fa73f49 to datanode:855159a8-46d2-4956-afe8-ac9382fc30e5
2021-11-11 00:06:59,010 [RatisPipelineUtilsThread - 0] INFO  pipeline.PipelineStateManagerImpl (PipelineStateManagerImpl.java:addPipeline(101)) - Created pipeline Pipeline[ Id: 017c3729-644e-466c-86bc-ead26fa73f49, Nodes: 855159a8-46d2-4956-afe8-ac9382fc30e5{ip: 10.1.0.10, host: fv-az151-339.yf2hydr00wburbhx3j5hxtcipe.bx.internal.cloudapp.net, ports: [REPLICATION=43031, RATIS=42821, RATIS_ADMIN=42821, RATIS_SERVER=42821, STANDALONE=42135], networkLocation: /default-rack, certSerialId: null, persistedOpState: IN_SERVICE, persistedOpStateExpiryEpochSec: 0}, ReplicationConfig: RATIS/ONE, State:ALLOCATED, leaderId:, CreationTimestamp2021-11-11T00:06:59.009Z[Etc/UTC]].
2021-11-11 00:06:59,034 [EndpointStateMachine task thread for /0.0.0.0:40809 - 0 ] INFO  ozoneimpl.OzoneContainer (OzoneContainer.java:start(304)) - Attempting to start container services.
2021-11-11 00:06:59,035 [EndpointStateMachine task thread for /0.0.0.0:40809 - 0 ] INFO  ozoneimpl.OzoneContainer (OzoneContainer.java:startContainerScrub(249)) - Background container scanner has been disabled.
2021-11-11 00:06:59,038 [EndpointStateMachine task thread for /0.0.0.0:40809 - 0 ] INFO  replication.ReplicationServer (ReplicationServer.java:start(107)) - ReplicationServer is started using port 39313
2021-11-11 00:06:59,053 [EndpointStateMachine task thread for /0.0.0.0:40809 - 0 ] INFO  ratis.XceiverServerRatis (XceiverServerRatis.java:start(484)) - Starting XceiverServerRatis 69aff4e4-918e-4266-92c0-ec642b93bcd5
2021-11-11 00:06:59,054 [EndpointStateMachine task thread for /0.0.0.0:40809 - 0 ] INFO  server.RaftServer (RaftServerProxy.java:lambda$start$5(374)) - 69aff4e4-918e-4266-92c0-ec642b93bcd5: start RPC server
2021-11-11 00:06:59,057 [EndpointStateMachine task thread for /0.0.0.0:40809 - 0 ] INFO  server.GrpcService (GrpcService.java:startImpl(253)) - 69aff4e4-918e-4266-92c0-ec642b93bcd5: GrpcService started, listening on 41107
2021-11-11 00:06:59,062 [EndpointStateMachine task thread for /0.0.0.0:40809 - 0 ] INFO  ratis.XceiverServerRatis (XceiverServerRatis.java:getRealPort(505)) - XceiverServerRatis 69aff4e4-918e-4266-92c0-ec642b93bcd5 is started using port 41107 for RATIS
2021-11-11 00:06:59,062 [EndpointStateMachine task thread for /0.0.0.0:40809 - 0 ] INFO  ratis.XceiverServerRatis (XceiverServerRatis.java:getRealPort(505)) - XceiverServerRatis 69aff4e4-918e-4266-92c0-ec642b93bcd5 is started using port 41107 for RATIS_ADMIN
2021-11-11 00:06:59,062 [EndpointStateMachine task thread for /0.0.0.0:40809 - 0 ] INFO  ratis.XceiverServerRatis (XceiverServerRatis.java:getRealPort(505)) - XceiverServerRatis 69aff4e4-918e-4266-92c0-ec642b93bcd5 is started using port 41107 for RATIS_SERVER
2021-11-11 00:06:59,063 [EndpointStateMachine task thread for /0.0.0.0:40809 - 0 ] INFO  server.XceiverServerGrpc (XceiverServerGrpc.java:start(135)) - XceiverServerGrpc 69aff4e4-918e-4266-92c0-ec642b93bcd5 is started using port 40977
2021-11-11 00:06:59,065 [org.apache.ratis.util.JvmPauseMonitor$$Lambda$531/1874401182@586b674] INFO  util.JvmPauseMonitor (JvmPauseMonitor.java:run(103)) - JvmPauseMonitor-69aff4e4-918e-4266-92c0-ec642b93bcd5: Started
2021-11-11 00:06:59,476 [IPC Server handler 1 on default port 40809] INFO  net.NetworkTopologyImpl (NetworkTopologyImpl.java:add(112)) - Added a new node: /default-rack/f37a6f46-5950-4be3-9f6d-6eb53e609f63
2021-11-11 00:06:59,476 [IPC Server handler 1 on default port 40809] INFO  node.SCMNodeManager (SCMNodeManager.java:register(389)) - Registered Data node : f37a6f46-5950-4be3-9f6d-6eb53e609f63{ip: 10.1.0.10, host: fv-az151-339.yf2hydr00wburbhx3j5hxtcipe.bx.internal.cloudapp.net, ports: [REPLICATION=45079, RATIS=39151, RATIS_ADMIN=39151, RATIS_SERVER=39151, STANDALONE=39417], networkLocation: /default-rack, certSerialId: null, persistedOpState: null, persistedOpStateExpiryEpochSec: 0}
2021-11-11 00:06:59,476 [EventQueue-NewNodeForNewNodeHandler] INFO  pipeline.BackgroundPipelineCreator (BackgroundPipelineCreator.java:notifyEventTriggered(285)) - trigger a one-shot run on RatisPipelineUtilsThread.
2021-11-11 00:06:59,477 [RatisPipelineUtilsThread - 0] INFO  pipeline.RatisPipelineProvider (RatisPipelineProvider.java:lambda$create$0(183)) - Sending CreatePipelineCommand for pipeline:PipelineID=9103f27b-b0c3-4f05-ba12-ed7ab6a8db8c to datanode:f37a6f46-5950-4be3-9f6d-6eb53e609f63
2021-11-11 00:06:59,477 [RatisPipelineUtilsThread - 0] INFO  pipeline.PipelineStateManagerImpl (PipelineStateManagerImpl.java:addPipeline(101)) - Created pipeline Pipeline[ Id: 9103f27b-b0c3-4f05-ba12-ed7ab6a8db8c, Nodes: f37a6f46-5950-4be3-9f6d-6eb53e609f63{ip: 10.1.0.10, host: fv-az151-339.yf2hydr00wburbhx3j5hxtcipe.bx.internal.cloudapp.net, ports: [REPLICATION=45079, RATIS=39151, RATIS_ADMIN=39151, RATIS_SERVER=39151, STANDALONE=39417], networkLocation: /default-rack, certSerialId: null, persistedOpState: IN_SERVICE, persistedOpStateExpiryEpochSec: 0}, ReplicationConfig: RATIS/ONE, State:ALLOCATED, leaderId:, CreationTimestamp2021-11-11T00:06:59.477Z[Etc/UTC]].
2021-11-11 00:06:59,478 [RatisPipelineUtilsThread - 0] INFO  pipeline.RatisPipelineProvider (RatisPipelineProvider.java:lambda$create$0(183)) - Sending CreatePipelineCommand for pipeline:PipelineID=0ed2803a-810b-47c9-a359-4c1e298e4bb6 to datanode:6b695e55-6982-478b-aea3-481865f298ec
2021-11-11 00:06:59,478 [RatisPipelineUtilsThread - 0] INFO  pipeline.RatisPipelineProvider (RatisPipelineProvider.java:lambda$create$0(183)) - Sending CreatePipelineCommand for pipeline:PipelineID=0ed2803a-810b-47c9-a359-4c1e298e4bb6 to datanode:855159a8-46d2-4956-afe8-ac9382fc30e5
2021-11-11 00:06:59,478 [RatisPipelineUtilsThread - 0] INFO  pipeline.RatisPipelineProvider (RatisPipelineProvider.java:lambda$create$0(183)) - Sending CreatePipelineCommand for pipeline:PipelineID=0ed2803a-810b-47c9-a359-4c1e298e4bb6 to datanode:f37a6f46-5950-4be3-9f6d-6eb53e609f63
2021-11-11 00:06:59,478 [RatisPipelineUtilsThread - 0] INFO  pipeline.PipelineStateManagerImpl (PipelineStateManagerImpl.java:addPipeline(101)) - Created pipeline Pipeline[ Id: 0ed2803a-810b-47c9-a359-4c1e298e4bb6, Nodes: 6b695e55-6982-478b-aea3-481865f298ec{ip: 10.1.0.10, host: fv-az151-339.yf2hydr00wburbhx3j5hxtcipe.bx.internal.cloudapp.net, ports: [REPLICATION=44883, RATIS=43719, RATIS_ADMIN=43719, RATIS_SERVER=43719, STANDALONE=33573], networkLocation: /default-rack, certSerialId: null, persistedOpState: IN_SERVICE, persistedOpStateExpiryEpochSec: 0}855159a8-46d2-4956-afe8-ac9382fc30e5{ip: 10.1.0.10, host: fv-az151-339.yf2hydr00wburbhx3j5hxtcipe.bx.internal.cloudapp.net, ports: [REPLICATION=43031, RATIS=42821, RATIS_ADMIN=42821, RATIS_SERVER=42821, STANDALONE=42135], networkLocation: /default-rack, certSerialId: null, persistedOpState: IN_SERVICE, persistedOpStateExpiryEpochSec: 0}f37a6f46-5950-4be3-9f6d-6eb53e609f63{ip: 10.1.0.10, host: fv-az151-339.yf2hydr00wburbhx3j5hxtcipe.bx.internal.cloudapp.net, ports: [REPLICATION=45079, RATIS=39151, RATIS_ADMIN=39151, RATIS_SERVER=39151, STANDALONE=39417], networkLocation: /default-rack, certSerialId: null, persistedOpState: IN_SERVICE, persistedOpStateExpiryEpochSec: 0}, ReplicationConfig: RATIS/THREE, State:ALLOCATED, leaderId:, CreationTimestamp2021-11-11T00:06:59.478Z[Etc/UTC]].
2021-11-11 00:06:59,972 [Listener at 127.0.0.1/36803] INFO  ozone.MiniOzoneClusterImpl (MiniOzoneClusterImpl.java:lambda$waitForClusterToBeReady$0(235)) - Waiting for nodes to be ready. Got 6 of 9 DN Heartbeats.
2021-11-11 00:06:59,972 [Listener at 127.0.0.1/36803] INFO  ozone.MiniOzoneClusterImpl (MiniOzoneClusterImpl.java:lambda$waitForClusterToBeReady$0(238)) - Waiting for cluster to exit safe mode
2021-11-11 00:06:59,972 [Listener at 127.0.0.1/36803] INFO  ozone.MiniOzoneClusterImpl (MiniOzoneClusterImpl.java:lambda$waitForClusterToBeReady$0(240)) - SCM became leader
2021-11-11 00:07:00,058 [IPC Server handler 17 on default port 40809] INFO  net.NetworkTopologyImpl (NetworkTopologyImpl.java:add(112)) - Added a new node: /default-rack/f2abff67-7f5e-423a-807c-f1c8bf0fd89e
2021-11-11 00:07:00,058 [IPC Server handler 17 on default port 40809] INFO  node.SCMNodeManager (SCMNodeManager.java:register(389)) - Registered Data node : f2abff67-7f5e-423a-807c-f1c8bf0fd89e{ip: 10.1.0.10, host: fv-az151-339.yf2hydr00wburbhx3j5hxtcipe.bx.internal.cloudapp.net, ports: [REPLICATION=46829, RATIS=42673, RATIS_ADMIN=42673, RATIS_SERVER=42673, STANDALONE=45051], networkLocation: /default-rack, certSerialId: null, persistedOpState: null, persistedOpStateExpiryEpochSec: 0}
2021-11-11 00:07:00,058 [EventQueue-NewNodeForNewNodeHandler] INFO  pipeline.BackgroundPipelineCreator (BackgroundPipelineCreator.java:notifyEventTriggered(285)) - trigger a one-shot run on RatisPipelineUtilsThread.
2021-11-11 00:07:00,059 [RatisPipelineUtilsThread - 0] INFO  pipeline.RatisPipelineProvider (RatisPipelineProvider.java:lambda$create$0(183)) - Sending CreatePipelineCommand for pipeline:PipelineID=42f2bfa2-68e2-48ed-995b-673c0e226f09 to datanode:f2abff67-7f5e-423a-807c-f1c8bf0fd89e
2021-11-11 00:07:00,059 [RatisPipelineUtilsThread - 0] INFO  pipeline.PipelineStateManagerImpl (PipelineStateManagerImpl.java:addPipeline(101)) - Created pipeline Pipeline[ Id: 42f2bfa2-68e2-48ed-995b-673c0e226f09, Nodes: f2abff67-7f5e-423a-807c-f1c8bf0fd89e{ip: 10.1.0.10, host: fv-az151-339.yf2hydr00wburbhx3j5hxtcipe.bx.internal.cloudapp.net, ports: [REPLICATION=46829, RATIS=42673, RATIS_ADMIN=42673, RATIS_SERVER=42673, STANDALONE=45051], networkLocation: /default-rack, certSerialId: null, persistedOpState: IN_SERVICE, persistedOpStateExpiryEpochSec: 0}, ReplicationConfig: RATIS/ONE, State:ALLOCATED, leaderId:, CreationTimestamp2021-11-11T00:07:00.059Z[Etc/UTC]].
2021-11-11 00:07:00,267 [Command processor thread] INFO  server.RaftServer (RaftServerProxy.java:addNew(95)) - 0d2fb367-afe0-4be7-ae24-70cd5e1a0313: addNew group-1D734D956124:[0d2fb367-afe0-4be7-ae24-70cd5e1a0313|rpc:10.1.0.10:34699|priority:1] returns group-1D734D956124:java.util.concurrent.CompletableFuture@39053536[Not completed]
2021-11-11 00:07:00,268 [pool-787-thread-1] INFO  server.RaftServer$Division (RaftServerImpl.java:<init>(184)) - 0d2fb367-afe0-4be7-ae24-70cd5e1a0313: new RaftServerImpl for group-1D734D956124:[0d2fb367-afe0-4be7-ae24-70cd5e1a0313|rpc:10.1.0.10:34699|priority:1] with ContainerStateMachine:uninitialized
2021-11-11 00:07:00,268 [pool-787-thread-1] INFO  server.RaftServerConfigKeys (ConfUtils.java:logGet(44)) - raft.server.rpc.timeout.min = 5s (custom)
2021-11-11 00:07:00,268 [pool-787-thread-1] INFO  server.RaftServerConfigKeys (ConfUtils.java:logGet(44)) - raft.server.rpc.timeout.max = 5200ms (custom)
2021-11-11 00:07:00,268 [pool-787-thread-1] INFO  server.RaftServerConfigKeys (ConfUtils.java:logGet(44)) - raft.server.rpc.sleep.time = 25ms (default)
2021-11-11 00:07:00,269 [pool-787-thread-1] INFO  server.RaftServerConfigKeys (ConfUtils.java:logGet(44)) - raft.server.rpc.slowness.timeout = 300000ms (custom)
2021-11-11 00:07:00,269 [pool-787-thread-1] INFO  server.RaftServerConfigKeys (ConfUtils.java:logGet(44)) - raft.server.leaderelection.leader.step-down.wait-time = 10s (default)
2021-11-11 00:07:00,269 [pool-787-thread-1] INFO  server.RaftServerConfigKeys (ConfUtils.java:logGet(44)) - raft.server.sleep.deviation.threshold = 300ms (default)
2021-11-11 00:07:00,269 [pool-787-thread-1] INFO  server.RaftServerConfigKeys (ConfUtils.java:logGet(44)) - raft.server.log.appender.install.snapshot.enabled = false (custom)
2021-11-11 00:07:00,269 [pool-787-thread-1] INFO  server.RaftServer$Division (ServerState.java:<init>(105)) - 0d2fb367-afe0-4be7-ae24-70cd5e1a0313@group-1D734D956124: ConfigurationManager, init=-1: [0d2fb367-afe0-4be7-ae24-70cd5e1a0313|rpc:10.1.0.10:34699|priority:1], old=null, confs=<EMPTY_MAP>
2021-11-11 00:07:00,269 [pool-787-thread-1] INFO  server.RaftServerConfigKeys (ConfUtils.java:logGet(44)) - raft.server.storage.dir = [/home/runner/work/ozone/ozone/hadoop-ozone/integration-test/target/test-dir/MiniOzoneClusterImpl-d5f2283b-1c97-4f43-babe-75a35a923614/datanode-0/data/ratis] (custom)
2021-11-11 00:07:00,269 [pool-787-thread-1] INFO  server.RaftServerConfigKeys (ConfUtils.java:logGet(44)) - raft.server.log.corruption.policy = EXCEPTION (default)
2021-11-11 00:07:00,269 [pool-787-thread-1] INFO  server.RaftServerConfigKeys (ConfUtils.java:logGet(44)) - raft.server.storage.free-space.min = 0MB (=0) (default)
2021-11-11 00:07:00,269 [pool-787-thread-1] INFO  storage.RaftStorageDirectory (RaftStorageDirectoryImpl.java:analyzeStorage(135)) - The storage directory /home/runner/work/ozone/ozone/hadoop-ozone/integration-test/target/test-dir/MiniOzoneClusterImpl-d5f2283b-1c97-4f43-babe-75a35a923614/datanode-0/data/ratis/1adfe36a-35da-4738-93f5-1d734d956124 does not exist. Creating ...
2021-11-11 00:07:00,273 [pool-787-thread-1] INFO  storage.RaftStorageDirectory (RaftStorageDirectoryImpl.java:tryLock(230)) - Lock on /home/runner/work/ozone/ozone/hadoop-ozone/integration-test/target/test-dir/MiniOzoneClusterImpl-d5f2283b-1c97-4f43-babe-75a35a923614/datanode-0/data/ratis/1adfe36a-35da-4738-93f5-1d734d956124/in_use.lock acquired by nodename 20903@fv-az151-339
2021-11-11 00:07:00,276 [pool-787-thread-1] INFO  storage.RaftStorage (RaftStorageImpl.java:format(89)) - Storage directory /home/runner/work/ozone/ozone/hadoop-ozone/integration-test/target/test-dir/MiniOzoneClusterImpl-d5f2283b-1c97-4f43-babe-75a35a923614/datanode-0/data/ratis/1adfe36a-35da-4738-93f5-1d734d956124 has been successfully formatted.
2021-11-11 00:07:00,280 [pool-787-thread-1] INFO  ratis.ContainerStateMachine (ContainerStateMachine.java:loadSnapshot(224)) - group-1D734D956124: The snapshot info is null. Setting the last applied indexto:(t:0, i:~)
2021-11-11 00:07:00,280 [pool-787-thread-1] INFO  server.RaftServerConfigKeys (ConfUtils.java:logGet(44)) - raft.server.notification.no-leader.timeout = 300000ms (custom)
2021-11-11 00:07:00,280 [pool-787-thread-1] INFO  server.RaftServerConfigKeys (ConfUtils.java:logGet(44)) - raft.server.log.use.memory = false (default)
2021-11-11 00:07:00,280 [pool-787-thread-1] INFO  server.RaftServerConfigKeys (ConfUtils.java:logGet(44)) - raft.server.log.purge.gap = 1000000 (custom)
2021-11-11 00:07:00,280 [pool-787-thread-1] INFO  server.RaftServerConfigKeys (ConfUtils.java:logGet(44)) - raft.server.log.appender.buffer.byte-limit = 33554432 (custom)
2021-11-11 00:07:00,281 [pool-787-thread-1] INFO  server.RaftServerConfigKeys (ConfUtils.java:logGet(44)) - raft.server.log.segment.size.max = 1048576 (custom)
2021-11-11 00:07:00,281 [pool-787-thread-1] INFO  server.RaftServerConfigKeys (ConfUtils.java:logGet(44)) - raft.server.log.segment.cache.num.max = 2 (custom)
2021-11-11 00:07:00,281 [pool-787-thread-1] INFO  server.RaftServerConfigKeys (ConfUtils.java:logGet(44)) - raft.server.log.segment.cache.size.max = 200MB (=209715200) (default)
2021-11-11 00:07:00,282 [pool-787-thread-1] INFO  segmented.SegmentedRaftLogWorker (SegmentedRaftLogWorker.java:<init>(182)) - new 0d2fb367-afe0-4be7-ae24-70cd5e1a0313@group-1D734D956124-SegmentedRaftLogWorker for RaftStorageImpl:Storage Directory /home/runner/work/ozone/ozone/hadoop-ozone/integration-test/target/test-dir/MiniOzoneClusterImpl-d5f2283b-1c97-4f43-babe-75a35a923614/datanode-0/data/ratis/1adfe36a-35da-4738-93f5-1d734d956124
2021-11-11 00:07:00,282 [pool-787-thread-1] INFO  server.RaftServerConfigKeys (ConfUtils.java:logGet(44)) - raft.server.log.queue.byte-limit = 2147483647 (custom)
2021-11-11 00:07:00,282 [pool-787-thread-1] INFO  server.RaftServerConfigKeys (ConfUtils.java:logGet(44)) - raft.server.log.queue.element-limit = 1024 (custom)
2021-11-11 00:07:00,282 [pool-787-thread-1] INFO  server.RaftServerConfigKeys (ConfUtils.java:logGet(44)) - raft.server.log.segment.size.max = 1048576 (custom)
2021-11-11 00:07:00,282 [pool-787-thread-1] INFO  server.RaftServerConfigKeys (ConfUtils.java:logGet(44)) - raft.server.log.preallocated.size = 16384 (custom)
2021-11-11 00:07:00,282 [pool-787-thread-1] INFO  server.RaftServerConfigKeys (ConfUtils.java:logGet(44)) - raft.server.log.force.sync.num = 128 (default)
2021-11-11 00:07:00,282 [pool-787-thread-1] INFO  server.RaftServerConfigKeys (ConfUtils.java:logGet(44)) - raft.server.log.statemachine.data.sync = true (default)
2021-11-11 00:07:00,282 [pool-787-thread-1] INFO  server.RaftServerConfigKeys (ConfUtils.java:logGet(44)) - raft.server.log.statemachine.data.sync.timeout = 10s (default)
2021-11-11 00:07:00,282 [pool-787-thread-1] INFO  server.RaftServerConfigKeys (ConfUtils.java:logGet(44)) - raft.server.log.statemachine.data.sync.timeout.retry = -1 (default)
2021-11-11 00:07:00,284 [pool-787-thread-1] INFO  server.RaftServerConfigKeys (ConfUtils.java:logGet(44)) - raft.server.log.write.buffer.size = 1048576 (custom)
2021-11-11 00:07:00,284 [pool-787-thread-1] INFO  server.RaftServerConfigKeys (ConfUtils.java:logGet(44)) - raft.server.log.statemachine.data.caching.enabled = true (custom)
2021-11-11 00:07:00,284 [pool-787-thread-1] INFO  segmented.SegmentedRaftLogWorker (SegmentedRaftLogWorker.java:lambda$new$0(133)) - 0d2fb367-afe0-4be7-ae24-70cd5e1a0313@group-1D734D956124-SegmentedRaftLogWorker: flushIndex: setUnconditionally 0 -> -1
2021-11-11 00:07:00,285 [pool-787-thread-1] INFO  segmented.SegmentedRaftLogWorker (SegmentedRaftLogWorker.java:lambda$new$0(133)) - 0d2fb367-afe0-4be7-ae24-70cd5e1a0313@group-1D734D956124-SegmentedRaftLogWorker: safeCacheEvictIndex: setUnconditionally 0 -> -1
2021-11-11 00:07:00,285 [pool-787-thread-1] INFO  server.RaftServerConfigKeys (ConfUtils.java:logGet(44)) - raft.server.snapshot.auto.trigger.enabled = true (custom)
2021-11-11 00:07:00,285 [pool-787-thread-1] INFO  server.RaftServerConfigKeys (ConfUtils.java:logGet(44)) - raft.server.snapshot.auto.trigger.threshold = 10000 (custom)
2021-11-11 00:07:00,285 [pool-787-thread-1] INFO  server.RaftServerConfigKeys (ConfUtils.java:logGet(44)) - raft.server.snapshot.retention.file.num = 5 (custom)
2021-11-11 00:07:00,285 [pool-787-thread-1] INFO  server.RaftServerConfigKeys (ConfUtils.java:logGet(44)) - raft.server.log.purge.upto.snapshot.index = false (default)
2021-11-11 00:07:00,285 [pool-787-thread-1] INFO  server.RaftServerConfigKeys (ConfUtils.java:logGet(44)) - raft.server.retrycache.expirytime = 600000ms (custom)
2021-11-11 00:07:00,285 [pool-787-thread-1] INFO  server.RaftServerConfigKeys (ConfUtils.java:logGet(44)) - raft.server.retrycache.statistics.expirytime = 100μs (default)
2021-11-11 00:07:00,287 [pool-787-thread-1] INFO  server.RaftServer$Division (RaftServerImpl.java:start(301)) - 0d2fb367-afe0-4be7-ae24-70cd5e1a0313@group-1D734D956124: start as a follower, conf=-1: [0d2fb367-afe0-4be7-ae24-70cd5e1a0313|rpc:10.1.0.10:34699|priority:1], old=null
2021-11-11 00:07:00,287 [pool-787-thread-1] INFO  server.RaftServer$Division (RaftServerImpl.java:setRole(290)) - 0d2fb367-afe0-4be7-ae24-70cd5e1a0313@group-1D734D956124: changes role from      null to FOLLOWER at term 0 for startAsFollower
2021-11-11 00:07:00,287 [pool-787-thread-1] INFO  impl.RoleInfo (RoleInfo.java:updateAndGet(130)) - 0d2fb367-afe0-4be7-ae24-70cd5e1a0313: start 0d2fb367-afe0-4be7-ae24-70cd5e1a0313@group-1D734D956124-FollowerState
2021-11-11 00:07:00,288 [pool-787-thread-1] INFO  util.JmxRegister (JmxRegister.java:tryRegister(44)) - Successfully registered JMX Bean with object name Ratis:service=RaftServer,group=group-1D734D956124,id=0d2fb367-afe0-4be7-ae24-70cd5e1a0313
2021-11-11 00:07:00,290 [Command processor thread] INFO  ratis.XceiverServerRatis (XceiverServerRatis.java:addGroup(768)) - Created group PipelineID=1adfe36a-35da-4738-93f5-1d734d956124
2021-11-11 00:07:00,290 [Command processor thread] INFO  commandhandler.CreatePipelineCommandHandler (CreatePipelineCommandHandler.java:handle(106)) - Created Pipeline RATIS ONE PipelineID=1adfe36a-35da-4738-93f5-1d734d956124.
2021-11-11 00:07:00,290 [Command processor thread] INFO  server.RaftServer (RaftServerProxy.java:addNew(95)) - 0d2fb367-afe0-4be7-ae24-70cd5e1a0313: addNew group-D18AC6807E55:[0d2fb367-afe0-4be7-ae24-70cd5e1a0313|rpc:10.1.0.10:34699|priority:0, e5ed6742-d51a-4f99-aebb-54e43bc29342|rpc:10.1.0.10:41847|priority:1, 5b650bcb-8111-473c-88bf-b7649abefc48|rpc:10.1.0.10:34803|priority:0] returns group-D18AC6807E55:java.util.concurrent.CompletableFuture@3d3aa6ce[Not completed]
2021-11-11 00:07:00,291 [pool-787-thread-1] INFO  server.RaftServer$Division (RaftServerImpl.java:<init>(184)) - 0d2fb367-afe0-4be7-ae24-70cd5e1a0313: new RaftServerImpl for group-D18AC6807E55:[0d2fb367-afe0-4be7-ae24-70cd5e1a0313|rpc:10.1.0.10:34699|priority:0, e5ed6742-d51a-4f99-aebb-54e43bc29342|rpc:10.1.0.10:41847|priority:1, 5b650bcb-8111-473c-88bf-b7649abefc48|rpc:10.1.0.10:34803|priority:0] with ContainerStateMachine:uninitialized
2021-11-11 00:07:00,291 [pool-787-thread-1] INFO  server.RaftServerConfigKeys (ConfUtils.java:logGet(44)) - raft.server.rpc.timeout.min = 5s (custom)
2021-11-11 00:07:00,291 [pool-787-thread-1] INFO  server.RaftServerConfigKeys (ConfUtils.java:logGet(44)) - raft.server.rpc.timeout.max = 5200ms (custom)
2021-11-11 00:07:00,291 [pool-787-thread-1] INFO  server.RaftServerConfigKeys (ConfUtils.java:logGet(44)) - raft.server.rpc.sleep.time = 25ms (default)
2021-11-11 00:07:00,291 [pool-787-thread-1] INFO  server.RaftServerConfigKeys (ConfUtils.java:logGet(44)) - raft.server.rpc.slowness.timeout = 300000ms (custom)
2021-11-11 00:07:00,291 [pool-787-thread-1] INFO  server.RaftServerConfigKeys (ConfUtils.java:logGet(44)) - raft.server.leaderelection.leader.step-down.wait-time = 10s (default)
2021-11-11 00:07:00,291 [pool-787-thread-1] INFO  server.RaftServerConfigKeys (ConfUtils.java:logGet(44)) - raft.server.sleep.deviation.threshold = 300ms (default)
2021-11-11 00:07:00,291 [pool-787-thread-1] INFO  server.RaftServerConfigKeys (ConfUtils.java:logGet(44)) - raft.server.log.appender.install.snapshot.enabled = false (custom)
2021-11-11 00:07:00,291 [pool-787-thread-1] INFO  server.RaftServer$Division (ServerState.java:<init>(105)) - 0d2fb367-afe0-4be7-ae24-70cd5e1a0313@group-D18AC6807E55: ConfigurationManager, init=-1: [0d2fb367-afe0-4be7-ae24-70cd5e1a0313|rpc:10.1.0.10:34699|priority:0, e5ed6742-d51a-4f99-aebb-54e43bc29342|rpc:10.1.0.10:41847|priority:1, 5b650bcb-8111-473c-88bf-b7649abefc48|rpc:10.1.0.10:34803|priority:0], old=null, confs=<EMPTY_MAP>
2021-11-11 00:07:00,291 [pool-787-thread-1] INFO  server.RaftServerConfigKeys (ConfUtils.java:logGet(44)) - raft.server.storage.dir = [/home/runner/work/ozone/ozone/hadoop-ozone/integration-test/target/test-dir/MiniOzoneClusterImpl-d5f2283b-1c97-4f43-babe-75a35a923614/datanode-0/data/ratis] (custom)
2021-11-11 00:07:00,291 [pool-787-thread-1] INFO  server.RaftServerConfigKeys (ConfUtils.java:logGet(44)) - raft.server.log.corruption.policy = EXCEPTION (default)
2021-11-11 00:07:00,291 [pool-787-thread-1] INFO  server.RaftServerConfigKeys (ConfUtils.java:logGet(44)) - raft.server.storage.free-space.min = 0MB (=0) (default)
2021-11-11 00:07:00,292 [pool-787-thread-1] INFO  storage.RaftStorageDirectory (RaftStorageDirectoryImpl.java:analyzeStorage(135)) - The storage directory /home/runner/work/ozone/ozone/hadoop-ozone/integration-test/target/test-dir/MiniOzoneClusterImpl-d5f2283b-1c97-4f43-babe-75a35a923614/datanode-0/data/ratis/f46ad258-11d7-4282-b328-d18ac6807e55 does not exist. Creating ...
2021-11-11 00:07:00,293 [pool-787-thread-1] INFO  storage.RaftStorageDirectory (RaftStorageDirectoryImpl.java:tryLock(230)) - Lock on /home/runner/work/ozone/ozone/hadoop-ozone/integration-test/target/test-dir/MiniOzoneClusterImpl-d5f2283b-1c97-4f43-babe-75a35a923614/datanode-0/data/ratis/f46ad258-11d7-4282-b328-d18ac6807e55/in_use.lock acquired by nodename 20903@fv-az151-339
2021-11-11 00:07:00,294 [pool-787-thread-1] INFO  storage.RaftStorage (RaftStorageImpl.java:format(89)) - Storage directory /home/runner/work/ozone/ozone/hadoop-ozone/integration-test/target/test-dir/MiniOzoneClusterImpl-d5f2283b-1c97-4f43-babe-75a35a923614/datanode-0/data/ratis/f46ad258-11d7-4282-b328-d18ac6807e55 has been successfully formatted.
2021-11-11 00:07:00,294 [pool-787-thread-1] INFO  ratis.ContainerStateMachine (ContainerStateMachine.java:loadSnapshot(224)) - group-D18AC6807E55: The snapshot info is null. Setting the last applied indexto:(t:0, i:~)
2021-11-11 00:07:00,294 [pool-787-thread-1] INFO  server.RaftServerConfigKeys (ConfUtils.java:logGet(44)) - raft.server.notification.no-leader.timeout = 300000ms (custom)
2021-11-11 00:07:00,295 [pool-787-thread-1] INFO  server.RaftServerConfigKeys (ConfUtils.java:logGet(44)) - raft.server.log.use.memory = false (default)
2021-11-11 00:07:00,295 [pool-787-thread-1] INFO  server.RaftServerConfigKeys (ConfUtils.java:logGet(44)) - raft.server.log.purge.gap = 1000000 (custom)
2021-11-11 00:07:00,295 [pool-787-thread-1] INFO  server.RaftServerConfigKeys (ConfUtils.java:logGet(44)) - raft.server.log.appender.buffer.byte-limit = 33554432 (custom)
2021-11-11 00:07:00,295 [pool-787-thread-1] INFO  server.RaftServerConfigKeys (ConfUtils.java:logGet(44)) - raft.server.log.segment.size.max = 1048576 (custom)
2021-11-11 00:07:00,296 [pool-787-thread-1] INFO  server.RaftServerConfigKeys (ConfUtils.java:logGet(44)) - raft.server.log.segment.cache.num.max = 2 (custom)
2021-11-11 00:07:00,296 [pool-787-thread-1] INFO  server.RaftServerConfigKeys (ConfUtils.java:logGet(44)) - raft.server.log.segment.cache.size.max = 200MB (=209715200) (default)
2021-11-11 00:07:00,296 [pool-787-thread-1] INFO  segmented.SegmentedRaftLogWorker (SegmentedRaftLogWorker.java:<init>(182)) - new 0d2fb367-afe0-4be7-ae24-70cd5e1a0313@group-D18AC6807E55-SegmentedRaftLogWorker for RaftStorageImpl:Storage Directory /home/runner/work/ozone/ozone/hadoop-ozone/integration-test/target/test-dir/MiniOzoneClusterImpl-d5f2283b-1c97-4f43-babe-75a35a923614/datanode-0/data/ratis/f46ad258-11d7-4282-b328-d18ac6807e55
2021-11-11 00:07:00,296 [pool-787-thread-1] INFO  server.RaftServerConfigKeys (ConfUtils.java:logGet(44)) - raft.server.log.queue.byte-limit = 2147483647 (custom)
2021-11-11 00:07:00,296 [pool-787-thread-1] INFO  server.RaftServerConfigKeys (ConfUtils.java:logGet(44)) - raft.server.log.queue.element-limit = 1024 (custom)
2021-11-11 00:07:00,296 [pool-787-thread-1] INFO  server.RaftServerConfigKeys (ConfUtils.java:logGet(44)) - raft.server.log.segment.size.max = 1048576 (custom)
2021-11-11 00:07:00,296 [pool-787-thread-1] INFO  server.RaftServerConfigKeys (ConfUtils.java:logGet(44)) - raft.server.log.preallocated.size = 16384 (custom)
2021-11-11 00:07:00,296 [pool-787-thread-1] INFO  server.RaftServerConfigKeys (ConfUtils.java:logGet(44)) - raft.server.log.force.sync.num = 128 (default)
2021-11-11 00:07:00,297 [pool-787-thread-1] INFO  server.RaftServerConfigKeys (ConfUtils.java:logGet(44)) - raft.server.log.statemachine.data.sync = true (default)
2021-11-11 00:07:00,297 [pool-787-thread-1] INFO  server.RaftServerConfigKeys (ConfUtils.java:logGet(44)) - raft.server.log.statemachine.data.sync.timeout = 10s (default)
2021-11-11 00:07:00,297 [pool-787-thread-1] INFO  server.RaftServerConfigKeys (ConfUtils.java:logGet(44)) - raft.server.log.statemachine.data.sync.timeout.retry = -1 (default)
2021-11-11 00:07:00,299 [pool-787-thread-1] INFO  server.RaftServerConfigKeys (ConfUtils.java:logGet(44)) - raft.server.log.write.buffer.size = 1048576 (custom)
2021-11-11 00:07:00,299 [pool-787-thread-1] INFO  server.RaftServerConfigKeys (ConfUtils.java:logGet(44)) - raft.server.log.statemachine.data.caching.enabled = true (custom)
2021-11-11 00:07:00,299 [pool-787-thread-1] INFO  segmented.SegmentedRaftLogWorker (SegmentedRaftLogWorker.java:lambda$new$0(133)) - 0d2fb367-afe0-4be7-ae24-70cd5e1a0313@group-D18AC6807E55-SegmentedRaftLogWorker: flushIndex: setUnconditionally 0 -> -1
2021-11-11 00:07:00,300 [pool-787-thread-1] INFO  segmented.SegmentedRaftLogWorker (SegmentedRaftLogWorker.java:lambda$new$0(133)) - 0d2fb367-afe0-4be7-ae24-70cd5e1a0313@group-D18AC6807E55-SegmentedRaftLogWorker: safeCacheEvictIndex: setUnconditionally 0 -> -1
2021-11-11 00:07:00,310 [pool-787-thread-1] INFO  server.RaftServerConfigKeys (ConfUtils.java:logGet(44)) - raft.server.snapshot.auto.trigger.enabled = true (custom)
2021-11-11 00:07:00,310 [pool-787-thread-1] INFO  server.RaftServerConfigKeys (ConfUtils.java:logGet(44)) - raft.server.snapshot.auto.trigger.threshold = 10000 (custom)
2021-11-11 00:07:00,310 [pool-787-thread-1] INFO  server.RaftServerConfigKeys (ConfUtils.java:logGet(44)) - raft.server.snapshot.retention.file.num = 5 (custom)
2021-11-11 00:07:00,310 [pool-787-thread-1] INFO  server.RaftServerConfigKeys (ConfUtils.java:logGet(44)) - raft.server.log.purge.upto.snapshot.index = false (default)
2021-11-11 00:07:00,310 [pool-787-thread-1] INFO  server.RaftServerConfigKeys (ConfUtils.java:logGet(44)) - raft.server.retrycache.expirytime = 600000ms (custom)
2021-11-11 00:07:00,310 [pool-787-thread-1] INFO  server.RaftServerConfigKeys (ConfUtils.java:logGet(44)) - raft.server.retrycache.statistics.expirytime = 100μs (default)
2021-11-11 00:07:00,313 [pool-787-thread-1] INFO  server.RaftServer$Division (RaftServerImpl.java:start(301)) - 0d2fb367-afe0-4be7-ae24-70cd5e1a0313@group-D18AC6807E55: start as a follower, conf=-1: [0d2fb367-afe0-4be7-ae24-70cd5e1a0313|rpc:10.1.0.10:34699|priority:0, e5ed6742-d51a-4f99-aebb-54e43bc29342|rpc:10.1.0.10:41847|priority:1, 5b650bcb-8111-473c-88bf-b7649abefc48|rpc:10.1.0.10:34803|priority:0], old=null
2021-11-11 00:07:00,313 [pool-787-thread-1] INFO  server.RaftServer$Division (RaftServerImpl.java:setRole(290)) - 0d2fb367-afe0-4be7-ae24-70cd5e1a0313@group-D18AC6807E55: changes role from      null to FOLLOWER at term 0 for startAsFollower
2021-11-11 00:07:00,313 [pool-787-thread-1] INFO  impl.RoleInfo (RoleInfo.java:updateAndGet(130)) - 0d2fb367-afe0-4be7-ae24-70cd5e1a0313: start 0d2fb367-afe0-4be7-ae24-70cd5e1a0313@group-D18AC6807E55-FollowerState
2021-11-11 00:07:00,314 [pool-787-thread-1] INFO  util.JmxRegister (JmxRegister.java:tryRegister(44)) - Successfully registered JMX Bean with object name Ratis:service=RaftServer,group=group-D18AC6807E55,id=0d2fb367-afe0-4be7-ae24-70cd5e1a0313
2021-11-11 00:07:00,315 [Command processor thread] INFO  ratis.XceiverServerRatis (XceiverServerRatis.java:addGroup(768)) - Created group PipelineID=f46ad258-11d7-4282-b328-d18ac6807e55
2021-11-11 00:07:00,327 [EventQueue-PipelineReportForPipelineReportHandler] INFO  pipeline.PipelineManagerImpl (PipelineManagerImpl.java:openPipeline(289)) - Pipeline Pipeline[ Id: 1adfe36a-35da-4738-93f5-1d734d956124, Nodes: 0d2fb367-afe0-4be7-ae24-70cd5e1a0313{ip: 10.1.0.10, host: fv-az151-339.yf2hydr00wburbhx3j5hxtcipe.bx.internal.cloudapp.net, ports: [REPLICATION=46213, RATIS=34699, RATIS_ADMIN=34699, RATIS_SERVER=34699, STANDALONE=44495], networkLocation: /default-rack, certSerialId: null, persistedOpState: IN_SERVICE, persistedOpStateExpiryEpochSec: 0}, ReplicationConfig: RATIS/ONE, State:ALLOCATED, leaderId:0d2fb367-afe0-4be7-ae24-70cd5e1a0313, CreationTimestamp2021-11-11T00:06:57.301Z[Etc/UTC]] moved to OPEN state
2021-11-11 00:07:00,365 [grpc-default-executor-3] INFO  server.RaftServer (RaftServerProxy.java:addNew(95)) - e5ed6742-d51a-4f99-aebb-54e43bc29342: addNew group-D18AC6807E55:[0d2fb367-afe0-4be7-ae24-70cd5e1a0313|rpc:10.1.0.10:34699|dataStream:|priority:0, e5ed6742-d51a-4f99-aebb-54e43bc29342|rpc:10.1.0.10:41847|dataStream:|priority:1, 5b650bcb-8111-473c-88bf-b7649abefc48|rpc:10.1.0.10:34803|dataStream:|priority:0] returns group-D18AC6807E55:java.util.concurrent.CompletableFuture@783cb3d1[Not completed]
2021-11-11 00:07:00,370 [pool-825-thread-1] INFO  server.RaftServer$Division (RaftServerImpl.java:<init>(184)) - e5ed6742-d51a-4f99-aebb-54e43bc29342: new RaftServerImpl for group-D18AC6807E55:[0d2fb367-afe0-4be7-ae24-70cd5e1a0313|rpc:10.1.0.10:34699|dataStream:|priority:0, e5ed6742-d51a-4f99-aebb-54e43bc29342|rpc:10.1.0.10:41847|dataStream:|priority:1, 5b650bcb-8111-473c-88bf-b7649abefc48|rpc:10.1.0.10:34803|dataStream:|priority:0] with ContainerStateMachine:uninitialized
2021-11-11 00:07:00,371 [pool-825-thread-1] INFO  server.RaftServerConfigKeys (ConfUtils.java:logGet(44)) - raft.server.rpc.timeout.min = 5s (custom)
2021-11-11 00:07:00,371 [pool-825-thread-1] INFO  server.RaftServerConfigKeys (ConfUtils.java:logGet(44)) - raft.server.rpc.timeout.max = 5200ms (custom)
2021-11-11 00:07:00,371 [pool-825-thread-1] INFO  server.RaftServerConfigKeys (ConfUtils.java:logGet(44)) - raft.server.rpc.sleep.time = 25ms (default)
2021-11-11 00:07:00,371 [pool-825-thread-1] INFO  server.RaftServerConfigKeys (ConfUtils.java:logGet(44)) - raft.server.rpc.slowness.timeout = 300000ms (custom)
2021-11-11 00:07:00,371 [pool-825-thread-1] INFO  server.RaftServerConfigKeys (ConfUtils.java:logGet(44)) - raft.server.leaderelection.leader.step-down.wait-time = 10s (default)
2021-11-11 00:07:00,371 [pool-825-thread-1] INFO  server.RaftServerConfigKeys (ConfUtils.java:logGet(44)) - raft.server.sleep.deviation.threshold = 300ms (default)
2021-11-11 00:07:00,371 [pool-825-thread-1] INFO  server.RaftServerConfigKeys (ConfUtils.java:logGet(44)) - raft.server.log.appender.install.snapshot.enabled = false (custom)
2021-11-11 00:07:00,371 [pool-825-thread-1] INFO  server.RaftServer$Division (ServerState.java:<init>(105)) - e5ed6742-d51a-4f99-aebb-54e43bc29342@group-D18AC6807E55: ConfigurationManager, init=-1: [0d2fb367-afe0-4be7-ae24-70cd5e1a0313|rpc:10.1.0.10:34699|dataStream:|priority:0, e5ed6742-d51a-4f99-aebb-54e43bc29342|rpc:10.1.0.10:41847|dataStream:|priority:1, 5b650bcb-8111-473c-88bf-b7649abefc48|rpc:10.1.0.10:34803|dataStream:|priority:0], old=null, confs=<EMPTY_MAP>
2021-11-11 00:07:00,371 [pool-825-thread-1] INFO  server.RaftServerConfigKeys (ConfUtils.java:logGet(44)) - raft.server.storage.dir = [/home/runner/work/ozone/ozone/hadoop-ozone/integration-test/target/test-dir/MiniOzoneClusterImpl-d5f2283b-1c97-4f43-babe-75a35a923614/datanode-2/data/ratis] (custom)
2021-11-11 00:07:00,372 [pool-825-thread-1] INFO  server.RaftServerConfigKeys (ConfUtils.java:logGet(44)) - raft.server.log.corruption.policy = EXCEPTION (default)
2021-11-11 00:07:00,372 [pool-825-thread-1] INFO  server.RaftServerConfigKeys (ConfUtils.java:logGet(44)) - raft.server.storage.free-space.min = 0MB (=0) (default)
2021-11-11 00:07:00,372 [pool-825-thread-1] INFO  storage.RaftStorageDirectory (RaftStorageDirectoryImpl.java:analyzeStorage(135)) - The storage directory /home/runner/work/ozone/ozone/hadoop-ozone/integration-test/target/test-dir/MiniOzoneClusterImpl-d5f2283b-1c97-4f43-babe-75a35a923614/datanode-2/data/ratis/f46ad258-11d7-4282-b328-d18ac6807e55 does not exist. Creating ...
2021-11-11 00:07:00,377 [EventQueue-OpenPipelineForHealthyPipelineSafeModeRule] INFO  safemode.SCMSafeModeManager (HealthyPipelineSafeModeRule.java:process(124)) - SCM in safe mode. Healthy pipelines reported count is 0, required healthy pipeline reported count is 1
2021-11-11 00:07:00,391 [pool-825-thread-1] INFO  storage.RaftStorageDirectory (RaftStorageDirectoryImpl.java:tryLock(230)) - Lock on /home/runner/work/ozone/ozone/hadoop-ozone/integration-test/target/test-dir/MiniOzoneClusterImpl-d5f2283b-1c97-4f43-babe-75a35a923614/datanode-2/data/ratis/f46ad258-11d7-4282-b328-d18ac6807e55/in_use.lock acquired by nodename 20903@fv-az151-339
2021-11-11 00:07:00,392 [EventQueue-OpenPipelineForHealthyPipelineSafeModeRule] INFO  safemode.SCMSafeModeManager (HealthyPipelineSafeModeRule.java:process(124)) - SCM in safe mode. Healthy pipelines reported count is 0, required healthy pipeline reported count is 1
2021-11-11 00:07:00,395 [pool-825-thread-1] INFO  storage.RaftStorage (RaftStorageImpl.java:format(89)) - Storage directory /home/runner/work/ozone/ozone/hadoop-ozone/integration-test/target/test-dir/MiniOzoneClusterImpl-d5f2283b-1c97-4f43-babe-75a35a923614/datanode-2/data/ratis/f46ad258-11d7-4282-b328-d18ac6807e55 has been successfully formatted.
2021-11-11 00:07:00,398 [pool-825-thread-1] INFO  ratis.ContainerStateMachine (ContainerStateMachine.java:loadSnapshot(224)) - group-D18AC6807E55: The snapshot info is null. Setting the last applied indexto:(t:0, i:~)
2021-11-11 00:07:00,402 [pool-825-thread-1] INFO  server.RaftServerConfigKeys (ConfUtils.java:logGet(44)) - raft.server.notification.no-leader.timeout = 300000ms (custom)
2021-11-11 00:07:00,402 [pool-825-thread-1] INFO  server.RaftServerConfigKeys (ConfUtils.java:logGet(44)) - raft.server.log.use.memory = false (default)
2021-11-11 00:07:00,402 [pool-825-thread-1] INFO  server.RaftServerConfigKeys (ConfUtils.java:logGet(44)) - raft.server.log.purge.gap = 1000000 (custom)
2021-11-11 00:07:00,402 [pool-825-thread-1] INFO  server.RaftServerConfigKeys (ConfUtils.java:logGet(44)) - raft.server.log.appender.buffer.byte-limit = 33554432 (custom)
2021-11-11 00:07:00,403 [pool-825-thread-1] INFO  server.RaftServerConfigKeys (ConfUtils.java:logGet(44)) - raft.server.log.segment.size.max = 1048576 (custom)
2021-11-11 00:07:00,404 [pool-825-thread-1] INFO  server.RaftServerConfigKeys (ConfUtils.java:logGet(44)) - raft.server.log.segment.cache.num.max = 2 (custom)
2021-11-11 00:07:00,404 [pool-825-thread-1] INFO  server.RaftServerConfigKeys (ConfUtils.java:logGet(44)) - raft.server.log.segment.cache.size.max = 200MB (=209715200) (default)
2021-11-11 00:07:00,404 [pool-825-thread-1] INFO  segmented.SegmentedRaftLogWorker (SegmentedRaftLogWorker.java:<init>(182)) - new e5ed6742-d51a-4f99-aebb-54e43bc29342@group-D18AC6807E55-SegmentedRaftLogWorker for RaftStorageImpl:Storage Directory /home/runner/work/ozone/ozone/hadoop-ozone/integration-test/target/test-dir/MiniOzoneClusterImpl-d5f2283b-1c97-4f43-babe-75a35a923614/datanode-2/data/ratis/f46ad258-11d7-4282-b328-d18ac6807e55
2021-11-11 00:07:00,404 [pool-825-thread-1] INFO  server.RaftServerConfigKeys (ConfUtils.java:logGet(44)) - raft.server.log.queue.byte-limit = 2147483647 (custom)
2021-11-11 00:07:00,404 [pool-825-thread-1] INFO  server.RaftServerConfigKeys (ConfUtils.java:logGet(44)) - raft.server.log.queue.element-limit = 1024 (custom)
2021-11-11 00:07:00,404 [pool-825-thread-1] INFO  server.RaftServerConfigKeys (ConfUtils.java:logGet(44)) - raft.server.log.segment.size.max = 1048576 (custom)
2021-11-11 00:07:00,404 [pool-825-thread-1] INFO  server.RaftServerConfigKeys (ConfUtils.java:logGet(44)) - raft.server.log.preallocated.size = 16384 (custom)
2021-11-11 00:07:00,404 [pool-825-thread-1] INFO  server.RaftServerConfigKeys (ConfUtils.java:logGet(44)) - raft.server.log.force.sync.num = 128 (default)
2021-11-11 00:07:00,404 [pool-825-thread-1] INFO  server.RaftServerConfigKeys (ConfUtils.java:logGet(44)) - raft.server.log.statemachine.data.sync = true (default)
2021-11-11 00:07:00,404 [pool-825-thread-1] INFO  server.RaftServerConfigKeys (ConfUtils.java:logGet(44)) - raft.server.log.statemachine.data.sync.timeout = 10s (default)
2021-11-11 00:07:00,404 [pool-825-thread-1] INFO  server.RaftServerConfigKeys (ConfUtils.java:logGet(44)) - raft.server.log.statemachine.data.sync.timeout.retry = -1 (default)
2021-11-11 00:07:00,408 [pool-825-thread-1] INFO  server.RaftServerConfigKeys (ConfUtils.java:logGet(44)) - raft.server.log.write.buffer.size = 1048576 (custom)
2021-11-11 00:07:00,409 [pool-825-thread-1] INFO  server.RaftServerConfigKeys (ConfUtils.java:logGet(44)) - raft.server.log.statemachine.data.caching.enabled = true (custom)
2021-11-11 00:07:00,409 [pool-825-thread-1] INFO  segmented.SegmentedRaftLogWorker (SegmentedRaftLogWorker.java:lambda$new$0(133)) - e5ed6742-d51a-4f99-aebb-54e43bc29342@group-D18AC6807E55-SegmentedRaftLogWorker: flushIndex: setUnconditionally 0 -> -1
2021-11-11 00:07:00,409 [pool-825-thread-1] INFO  segmented.SegmentedRaftLogWorker (SegmentedRaftLogWorker.java:lambda$new$0(133)) - e5ed6742-d51a-4f99-aebb-54e43bc29342@group-D18AC6807E55-SegmentedRaftLogWorker: safeCacheEvictIndex: setUnconditionally 0 -> -1
2021-11-11 00:07:00,410 [pool-825-thread-1] INFO  server.RaftServerConfigKeys (ConfUtils.java:logGet(44)) - raft.server.snapshot.auto.trigger.enabled = true (custom)
2021-11-11 00:07:00,410 [pool-825-thread-1] INFO  server.RaftServerConfigKeys (ConfUtils.java:logGet(44)) - raft.server.snapshot.auto.trigger.threshold = 10000 (custom)
2021-11-11 00:07:00,410 [pool-825-thread-1] INFO  server.RaftServerConfigKeys (ConfUtils.java:logGet(44)) - raft.server.snapshot.retention.file.num = 5 (custom)
2021-11-11 00:07:00,410 [pool-825-thread-1] INFO  server.RaftServerConfigKeys (ConfUtils.java:logGet(44)) - raft.server.log.purge.upto.snapshot.index = false (default)
2021-11-11 00:07:00,410 [pool-825-thread-1] INFO  server.RaftServerConfigKeys (ConfUtils.java:logGet(44)) - raft.server.retrycache.expirytime = 600000ms (custom)
2021-11-11 00:07:00,410 [pool-825-thread-1] INFO  server.RaftServerConfigKeys (ConfUtils.java:logGet(44)) - raft.server.retrycache.statistics.expirytime = 100μs (default)
2021-11-11 00:07:00,412 [pool-825-thread-1] INFO  server.RaftServer$Division (RaftServerImpl.java:start(301)) - e5ed6742-d51a-4f99-aebb-54e43bc29342@group-D18AC6807E55: start as a follower, conf=-1: [0d2fb367-afe0-4be7-ae24-70cd5e1a0313|rpc:10.1.0.10:34699|dataStream:|priority:0, e5ed6742-d51a-4f99-aebb-54e43bc29342|rpc:10.1.0.10:41847|dataStream:|priority:1, 5b650bcb-8111-473c-88bf-b7649abefc48|rpc:10.1.0.10:34803|dataStream:|priority:0], old=null
2021-11-11 00:07:00,412 [pool-825-thread-1] INFO  server.RaftServer$Division (RaftServerImpl.java:setRole(290)) - e5ed6742-d51a-4f99-aebb-54e43bc29342@group-D18AC6807E55: changes role from      null to FOLLOWER at term 0 for startAsFollower
2021-11-11 00:07:00,412 [pool-825-thread-1] INFO  impl.RoleInfo (RoleInfo.java:updateAndGet(130)) - e5ed6742-d51a-4f99-aebb-54e43bc29342: start e5ed6742-d51a-4f99-aebb-54e43bc29342@group-D18AC6807E55-FollowerState
2021-11-11 00:07:00,413 [pool-825-thread-1] INFO  util.JmxRegister (JmxRegister.java:tryRegister(44)) - Successfully registered JMX Bean with object name Ratis:service=RaftServer,group=group-D18AC6807E55,id=e5ed6742-d51a-4f99-aebb-54e43bc29342
2021-11-11 00:07:00,481 [grpc-default-executor-3] INFO  server.RaftServer (RaftServerProxy.java:addNew(95)) - 5b650bcb-8111-473c-88bf-b7649abefc48: addNew group-D18AC6807E55:[0d2fb367-afe0-4be7-ae24-70cd5e1a0313|rpc:10.1.0.10:34699|dataStream:|priority:0, e5ed6742-d51a-4f99-aebb-54e43bc29342|rpc:10.1.0.10:41847|dataStream:|priority:1, 5b650bcb-8111-473c-88bf-b7649abefc48|rpc:10.1.0.10:34803|dataStream:|priority:0] returns group-D18AC6807E55:java.util.concurrent.CompletableFuture@957ab72[Not completed]
2021-11-11 00:07:00,483 [pool-806-thread-1] INFO  server.RaftServer$Division (RaftServerImpl.java:<init>(184)) - 5b650bcb-8111-473c-88bf-b7649abefc48: new RaftServerImpl for group-D18AC6807E55:[0d2fb367-afe0-4be7-ae24-70cd5e1a0313|rpc:10.1.0.10:34699|dataStream:|priority:0, e5ed6742-d51a-4f99-aebb-54e43bc29342|rpc:10.1.0.10:41847|dataStream:|priority:1, 5b650bcb-8111-473c-88bf-b7649abefc48|rpc:10.1.0.10:34803|dataStream:|priority:0] with ContainerStateMachine:uninitialized
2021-11-11 00:07:00,484 [pool-806-thread-1] INFO  server.RaftServerConfigKeys (ConfUtils.java:logGet(44)) - raft.server.rpc.timeout.min = 5s (custom)
2021-11-11 00:07:00,484 [pool-806-thread-1] INFO  server.RaftServerConfigKeys (ConfUtils.java:logGet(44)) - raft.server.rpc.timeout.max = 5200ms (custom)
2021-11-11 00:07:00,484 [pool-806-thread-1] INFO  server.RaftServerConfigKeys (ConfUtils.java:logGet(44)) - raft.server.rpc.sleep.time = 25ms (default)
2021-11-11 00:07:00,484 [pool-806-thread-1] INFO  server.RaftServerConfigKeys (ConfUtils.java:logGet(44)) - raft.server.rpc.slowness.timeout = 300000ms (custom)
2021-11-11 00:07:00,484 [pool-806-thread-1] INFO  server.RaftServerConfigKeys (ConfUtils.java:logGet(44)) - raft.server.leaderelection.leader.step-down.wait-time = 10s (default)
2021-11-11 00:07:00,484 [pool-806-thread-1] INFO  server.RaftServerConfigKeys (ConfUtils.java:logGet(44)) - raft.server.sleep.deviation.threshold = 300ms (default)
2021-11-11 00:07:00,484 [pool-806-thread-1] INFO  server.RaftServerConfigKeys (ConfUtils.java:logGet(44)) - raft.server.log.appender.install.snapshot.enabled = false (custom)
2021-11-11 00:07:00,484 [pool-806-thread-1] INFO  server.RaftServer$Division (ServerState.java:<init>(105)) - 5b650bcb-8111-473c-88bf-b7649abefc48@group-D18AC6807E55: ConfigurationManager, init=-1: [0d2fb367-afe0-4be7-ae24-70cd5e1a0313|rpc:10.1.0.10:34699|dataStream:|priority:0, e5ed6742-d51a-4f99-aebb-54e43bc29342|rpc:10.1.0.10:41847|dataStream:|priority:1, 5b650bcb-8111-473c-88bf-b7649abefc48|rpc:10.1.0.10:34803|dataStream:|priority:0], old=null, confs=<EMPTY_MAP>
2021-11-11 00:07:00,485 [pool-806-thread-1] INFO  server.RaftServerConfigKeys (ConfUtils.java:logGet(44)) - raft.server.storage.dir = [/home/runner/work/ozone/ozone/hadoop-ozone/integration-test/target/test-dir/MiniOzoneClusterImpl-d5f2283b-1c97-4f43-babe-75a35a923614/datanode-1/data/ratis] (custom)
2021-11-11 00:07:00,485 [pool-806-thread-1] INFO  server.RaftServerConfigKeys (ConfUtils.java:logGet(44)) - raft.server.log.corruption.policy = EXCEPTION (default)
2021-11-11 00:07:00,485 [pool-806-thread-1] INFO  server.RaftServerConfigKeys (ConfUtils.java:logGet(44)) - raft.server.storage.free-space.min = 0MB (=0) (default)
2021-11-11 00:07:00,485 [pool-806-thread-1] INFO  storage.RaftStorageDirectory (RaftStorageDirectoryImpl.java:analyzeStorage(135)) - The storage directory /home/runner/work/ozone/ozone/hadoop-ozone/integration-test/target/test-dir/MiniOzoneClusterImpl-d5f2283b-1c97-4f43-babe-75a35a923614/datanode-1/data/ratis/f46ad258-11d7-4282-b328-d18ac6807e55 does not exist. Creating ...
2021-11-11 00:07:00,502 [pool-806-thread-1] INFO  storage.RaftStorageDirectory (RaftStorageDirectoryImpl.java:tryLock(230)) - Lock on /home/runner/work/ozone/ozone/hadoop-ozone/integration-test/target/test-dir/MiniOzoneClusterImpl-d5f2283b-1c97-4f43-babe-75a35a923614/datanode-1/data/ratis/f46ad258-11d7-4282-b328-d18ac6807e55/in_use.lock acquired by nodename 20903@fv-az151-339
2021-11-11 00:07:00,505 [pool-806-thread-1] INFO  storage.RaftStorage (RaftStorageImpl.java:format(89)) - Storage directory /home/runner/work/ozone/ozone/hadoop-ozone/integration-test/target/test-dir/MiniOzoneClusterImpl-d5f2283b-1c97-4f43-babe-75a35a923614/datanode-1/data/ratis/f46ad258-11d7-4282-b328-d18ac6807e55 has been successfully formatted.
2021-11-11 00:07:00,536 [pool-806-thread-1] INFO  ratis.ContainerStateMachine (ContainerStateMachine.java:loadSnapshot(224)) - group-D18AC6807E55: The snapshot info is null. Setting the last applied indexto:(t:0, i:~)
2021-11-11 00:07:00,536 [pool-806-thread-1] INFO  server.RaftServerConfigKeys (ConfUtils.java:logGet(44)) - raft.server.notification.no-leader.timeout = 300000ms (custom)
2021-11-11 00:07:00,536 [pool-806-thread-1] INFO  server.RaftServerConfigKeys (ConfUtils.java:logGet(44)) - raft.server.log.use.memory = false (default)
2021-11-11 00:07:00,536 [pool-806-thread-1] INFO  server.RaftServerConfigKeys (ConfUtils.java:logGet(44)) - raft.server.log.purge.gap = 1000000 (custom)
2021-11-11 00:07:00,538 [pool-806-thread-1] INFO  server.RaftServerConfigKeys (ConfUtils.java:logGet(44)) - raft.server.log.appender.buffer.byte-limit = 33554432 (custom)
2021-11-11 00:07:00,539 [pool-806-thread-1] INFO  server.RaftServerConfigKeys (ConfUtils.java:logGet(44)) - raft.server.log.segment.size.max = 1048576 (custom)
2021-11-11 00:07:00,539 [pool-806-thread-1] INFO  server.RaftServerConfigKeys (ConfUtils.java:logGet(44)) - raft.server.log.segment.cache.num.max = 2 (custom)
2021-11-11 00:07:00,540 [pool-806-thread-1] INFO  server.RaftServerConfigKeys (ConfUtils.java:logGet(44)) - raft.server.log.segment.cache.size.max = 200MB (=209715200) (default)
2021-11-11 00:07:00,540 [pool-806-thread-1] INFO  segmented.SegmentedRaftLogWorker (SegmentedRaftLogWorker.java:<init>(182)) - new 5b650bcb-8111-473c-88bf-b7649abefc48@group-D18AC6807E55-SegmentedRaftLogWorker for RaftStorageImpl:Storage Directory /home/runner/work/ozone/ozone/hadoop-ozone/integration-test/target/test-dir/MiniOzoneClusterImpl-d5f2283b-1c97-4f43-babe-75a35a923614/datanode-1/data/ratis/f46ad258-11d7-4282-b328-d18ac6807e55
2021-11-11 00:07:00,540 [pool-806-thread-1] INFO  server.RaftServerConfigKeys (ConfUtils.java:logGet(44)) - raft.server.log.queue.byte-limit = 2147483647 (custom)
2021-11-11 00:07:00,540 [pool-806-thread-1] INFO  server.RaftServerConfigKeys (ConfUtils.java:logGet(44)) - raft.server.log.queue.element-limit = 1024 (custom)
2021-11-11 00:07:00,540 [pool-806-thread-1] INFO  server.RaftServerConfigKeys (ConfUtils.java:logGet(44)) - raft.server.log.segment.size.max = 1048576 (custom)
2021-11-11 00:07:00,540 [pool-806-thread-1] INFO  server.RaftServerConfigKeys (ConfUtils.java:logGet(44)) - raft.server.log.preallocated.size = 16384 (custom)
2021-11-11 00:07:00,540 [pool-806-thread-1] INFO  server.RaftServerConfigKeys (ConfUtils.java:logGet(44)) - raft.server.log.force.sync.num = 128 (default)
2021-11-11 00:07:00,540 [pool-806-thread-1] INFO  server.RaftServerConfigKeys (ConfUtils.java:logGet(44)) - raft.server.log.statemachine.data.sync = true (default)
2021-11-11 00:07:00,540 [pool-806-thread-1] INFO  server.RaftServerConfigKeys (ConfUtils.java:logGet(44)) - raft.server.log.statemachine.data.sync.timeout = 10s (default)
2021-11-11 00:07:00,540 [pool-806-thread-1] INFO  server.RaftServerConfigKeys (ConfUtils.java:logGet(44)) - raft.server.log.statemachine.data.sync.timeout.retry = -1 (default)
2021-11-11 00:07:00,543 [pool-806-thread-1] INFO  server.RaftServerConfigKeys (ConfUtils.java:logGet(44)) - raft.server.log.write.buffer.size = 1048576 (custom)
2021-11-11 00:07:00,544 [pool-806-thread-1] INFO  server.RaftServerConfigKeys (ConfUtils.java:logGet(44)) - raft.server.log.statemachine.data.caching.enabled = true (custom)
2021-11-11 00:07:00,544 [pool-806-thread-1] INFO  segmented.SegmentedRaftLogWorker (SegmentedRaftLogWorker.java:lambda$new$0(133)) - 5b650bcb-8111-473c-88bf-b7649abefc48@group-D18AC6807E55-SegmentedRaftLogWorker: flushIndex: setUnconditionally 0 -> -1
2021-11-11 00:07:00,544 [pool-806-thread-1] INFO  segmented.SegmentedRaftLogWorker (SegmentedRaftLogWorker.java:lambda$new$0(133)) - 5b650bcb-8111-473c-88bf-b7649abefc48@group-D18AC6807E55-SegmentedRaftLogWorker: safeCacheEvictIndex: setUnconditionally 0 -> -1
2021-11-11 00:07:00,544 [pool-806-thread-1] INFO  server.RaftServerConfigKeys (ConfUtils.java:logGet(44)) - raft.server.snapshot.auto.trigger.enabled = true (custom)
2021-11-11 00:07:00,544 [pool-806-thread-1] INFO  server.RaftServerConfigKeys (ConfUtils.java:logGet(44)) - raft.server.snapshot.auto.trigger.threshold = 10000 (custom)
2021-11-11 00:07:00,544 [pool-806-thread-1] INFO  server.RaftServerConfigKeys (ConfUtils.java:logGet(44)) - raft.server.snapshot.retention.file.num = 5 (custom)
2021-11-11 00:07:00,544 [pool-806-thread-1] INFO  server.RaftServerConfigKeys (ConfUtils.java:logGet(44)) - raft.server.log.purge.upto.snapshot.index = false (default)
2021-11-11 00:07:00,544 [pool-806-thread-1] INFO  server.RaftServerConfigKeys (ConfUtils.java:logGet(44)) - raft.server.retrycache.expirytime = 600000ms (custom)
2021-11-11 00:07:00,545 [pool-806-thread-1] INFO  server.RaftServerConfigKeys (ConfUtils.java:logGet(44)) - raft.server.retrycache.statistics.expirytime = 100μs (default)
2021-11-11 00:07:00,547 [pool-806-thread-1] INFO  server.RaftServer$Division (RaftServerImpl.java:start(301)) - 5b650bcb-8111-473c-88bf-b7649abefc48@group-D18AC6807E55: start as a follower, conf=-1: [0d2fb367-afe0-4be7-ae24-70cd5e1a0313|rpc:10.1.0.10:34699|dataStream:|priority:0, e5ed6742-d51a-4f99-aebb-54e43bc29342|rpc:10.1.0.10:41847|dataStream:|priority:1, 5b650bcb-8111-473c-88bf-b7649abefc48|rpc:10.1.0.10:34803|dataStream:|priority:0], old=null
2021-11-11 00:07:00,547 [pool-806-thread-1] INFO  server.RaftServer$Division (RaftServerImpl.java:setRole(290)) - 5b650bcb-8111-473c-88bf-b7649abefc48@group-D18AC6807E55: changes role from      null to FOLLOWER at term 0 for startAsFollower
2021-11-11 00:07:00,547 [pool-806-thread-1] INFO  impl.RoleInfo (RoleInfo.java:updateAndGet(130)) - 5b650bcb-8111-473c-88bf-b7649abefc48: start 5b650bcb-8111-473c-88bf-b7649abefc48@group-D18AC6807E55-FollowerState
2021-11-11 00:07:00,548 [IPC Server handler 17 on default port 40809] INFO  net.NetworkTopologyImpl (NetworkTopologyImpl.java:add(112)) - Added a new node: /default-rack/6e133fb8-c87a-4d8d-9d3f-d688ae1cb6f8
2021-11-11 00:07:00,548 [IPC Server handler 17 on default port 40809] INFO  node.SCMNodeManager (SCMNodeManager.java:register(389)) - Registered Data node : 6e133fb8-c87a-4d8d-9d3f-d688ae1cb6f8{ip: 10.1.0.10, host: fv-az151-339.yf2hydr00wburbhx3j5hxtcipe.bx.internal.cloudapp.net, ports: [REPLICATION=36749, RATIS=38557, RATIS_ADMIN=38557, RATIS_SERVER=38557, STANDALONE=36933], networkLocation: /default-rack, certSerialId: null, persistedOpState: null, persistedOpStateExpiryEpochSec: 0}
2021-11-11 00:07:00,549 [pool-806-thread-1] INFO  util.JmxRegister (JmxRegister.java:tryRegister(44)) - Successfully registered JMX Bean with object name Ratis:service=RaftServer,group=group-D18AC6807E55,id=5b650bcb-8111-473c-88bf-b7649abefc48
2021-11-11 00:07:00,550 [EventQueue-NewNodeForNewNodeHandler] INFO  pipeline.BackgroundPipelineCreator (BackgroundPipelineCreator.java:notifyEventTriggered(285)) - trigger a one-shot run on RatisPipelineUtilsThread.
2021-11-11 00:07:00,550 [RatisPipelineUtilsThread - 0] INFO  pipeline.RatisPipelineProvider (RatisPipelineProvider.java:lambda$create$0(183)) - Sending CreatePipelineCommand for pipeline:PipelineID=e010c6ce-98d7-40ae-9b90-0f7999503da4 to datanode:6e133fb8-c87a-4d8d-9d3f-d688ae1cb6f8
2021-11-11 00:07:00,551 [RatisPipelineUtilsThread - 0] INFO  pipeline.PipelineStateManagerImpl (PipelineStateManagerImpl.java:addPipeline(101)) - Created pipeline Pipeline[ Id: e010c6ce-98d7-40ae-9b90-0f7999503da4, Nodes: 6e133fb8-c87a-4d8d-9d3f-d688ae1cb6f8{ip: 10.1.0.10, host: fv-az151-339.yf2hydr00wburbhx3j5hxtcipe.bx.internal.cloudapp.net, ports: [REPLICATION=36749, RATIS=38557, RATIS_ADMIN=38557, RATIS_SERVER=38557, STANDALONE=36933], networkLocation: /default-rack, certSerialId: null, persistedOpState: IN_SERVICE, persistedOpStateExpiryEpochSec: 0}, ReplicationConfig: RATIS/ONE, State:ALLOCATED, leaderId:, CreationTimestamp2021-11-11T00:07:00.550Z[Etc/UTC]].
2021-11-11 00:07:00,564 [Command processor thread] INFO  commandhandler.CreatePipelineCommandHandler (CreatePipelineCommandHandler.java:handle(106)) - Created Pipeline RATIS THREE PipelineID=f46ad258-11d7-4282-b328-d18ac6807e55.
2021-11-11 00:07:00,829 [Command processor thread] INFO  server.RaftServer (RaftServerProxy.java:addNew(95)) - 5b650bcb-8111-473c-88bf-b7649abefc48: addNew group-46FFCCA1DA0F:[5b650bcb-8111-473c-88bf-b7649abefc48|rpc:10.1.0.10:34803|priority:1] returns group-46FFCCA1DA0F:java.util.concurrent.CompletableFuture@75a9a00d[Not completed]
2021-11-11 00:07:00,834 [pool-806-thread-1] INFO  server.RaftServer$Division (RaftServerImpl.java:<init>(184)) - 5b650bcb-8111-473c-88bf-b7649abefc48: new RaftServerImpl for group-46FFCCA1DA0F:[5b650bcb-8111-473c-88bf-b7649abefc48|rpc:10.1.0.10:34803|priority:1] with ContainerStateMachine:uninitialized
2021-11-11 00:07:00,834 [pool-806-thread-1] INFO  server.RaftServerConfigKeys (ConfUtils.java:logGet(44)) - raft.server.rpc.timeout.min = 5s (custom)
2021-11-11 00:07:00,834 [pool-806-thread-1] INFO  server.RaftServerConfigKeys (ConfUtils.java:logGet(44)) - raft.server.rpc.timeout.max = 5200ms (custom)
2021-11-11 00:07:00,834 [pool-806-thread-1] INFO  server.RaftServerConfigKeys (ConfUtils.java:logGet(44)) - raft.server.rpc.sleep.time = 25ms (default)
2021-11-11 00:07:00,834 [pool-806-thread-1] INFO  server.RaftServerConfigKeys (ConfUtils.java:logGet(44)) - raft.server.rpc.slowness.timeout = 300000ms (custom)
2021-11-11 00:07:00,834 [pool-806-thread-1] INFO  server.RaftServerConfigKeys (ConfUtils.java:logGet(44)) - raft.server.leaderelection.leader.step-down.wait-time = 10s (default)
2021-11-11 00:07:00,834 [pool-806-thread-1] INFO  server.RaftServerConfigKeys (ConfUtils.java:logGet(44)) - raft.server.sleep.deviation.threshold = 300ms (default)
2021-11-11 00:07:00,834 [pool-806-thread-1] INFO  server.RaftServerConfigKeys (ConfUtils.java:logGet(44)) - raft.server.log.appender.install.snapshot.enabled = false (custom)
2021-11-11 00:07:00,834 [pool-806-thread-1] INFO  server.RaftServer$Division (ServerState.java:<init>(105)) - 5b650bcb-8111-473c-88bf-b7649abefc48@group-46FFCCA1DA0F: ConfigurationManager, init=-1: [5b650bcb-8111-473c-88bf-b7649abefc48|rpc:10.1.0.10:34803|priority:1], old=null, confs=<EMPTY_MAP>
2021-11-11 00:07:00,834 [pool-806-thread-1] INFO  server.RaftServerConfigKeys (ConfUtils.java:logGet(44)) - raft.server.storage.dir = [/home/runner/work/ozone/ozone/hadoop-ozone/integration-test/target/test-dir/MiniOzoneClusterImpl-d5f2283b-1c97-4f43-babe-75a35a923614/datanode-1/data/ratis] (custom)
2021-11-11 00:07:00,835 [pool-806-thread-1] INFO  server.RaftServerConfigKeys (ConfUtils.java:logGet(44)) - raft.server.log.corruption.policy = EXCEPTION (default)
2021-11-11 00:07:00,835 [pool-806-thread-1] INFO  server.RaftServerConfigKeys (ConfUtils.java:logGet(44)) - raft.server.storage.free-space.min = 0MB (=0) (default)
2021-11-11 00:07:00,835 [pool-806-thread-1] INFO  storage.RaftStorageDirectory (RaftStorageDirectoryImpl.java:analyzeStorage(135)) - The storage directory /home/runner/work/ozone/ozone/hadoop-ozone/integration-test/target/test-dir/MiniOzoneClusterImpl-d5f2283b-1c97-4f43-babe-75a35a923614/datanode-1/data/ratis/c8d19f90-34c6-4826-aa45-46ffcca1da0f does not exist. Creating ...
2021-11-11 00:07:00,846 [pool-806-thread-1] INFO  storage.RaftStorageDirectory (RaftStorageDirectoryImpl.java:tryLock(230)) - Lock on /home/runner/work/ozone/ozone/hadoop-ozone/integration-test/target/test-dir/MiniOzoneClusterImpl-d5f2283b-1c97-4f43-babe-75a35a923614/datanode-1/data/ratis/c8d19f90-34c6-4826-aa45-46ffcca1da0f/in_use.lock acquired by nodename 20903@fv-az151-339
2021-11-11 00:07:00,848 [pool-806-thread-1] INFO  storage.RaftStorage (RaftStorageImpl.java:format(89)) - Storage directory /home/runner/work/ozone/ozone/hadoop-ozone/integration-test/target/test-dir/MiniOzoneClusterImpl-d5f2283b-1c97-4f43-babe-75a35a923614/datanode-1/data/ratis/c8d19f90-34c6-4826-aa45-46ffcca1da0f has been successfully formatted.
2021-11-11 00:07:00,848 [pool-806-thread-1] INFO  ratis.ContainerStateMachine (ContainerStateMachine.java:loadSnapshot(224)) - group-46FFCCA1DA0F: The snapshot info is null. Setting the last applied indexto:(t:0, i:~)
2021-11-11 00:07:00,848 [pool-806-thread-1] INFO  server.RaftServerConfigKeys (ConfUtils.java:logGet(44)) - raft.server.notification.no-leader.timeout = 300000ms (custom)
2021-11-11 00:07:00,848 [pool-806-thread-1] INFO  server.RaftServerConfigKeys (ConfUtils.java:logGet(44)) - raft.server.log.use.memory = false (default)
2021-11-11 00:07:00,848 [pool-806-thread-1] INFO  server.RaftServerConfigKeys (ConfUtils.java:logGet(44)) - raft.server.log.purge.gap = 1000000 (custom)
2021-11-11 00:07:00,848 [pool-806-thread-1] INFO  server.RaftServerConfigKeys (ConfUtils.java:logGet(44)) - raft.server.log.appender.buffer.byte-limit = 33554432 (custom)
2021-11-11 00:07:00,849 [pool-806-thread-1] INFO  server.RaftServerConfigKeys (ConfUtils.java:logGet(44)) - raft.server.log.segment.size.max = 1048576 (custom)
2021-11-11 00:07:00,849 [pool-806-thread-1] INFO  server.RaftServerConfigKeys (ConfUtils.java:logGet(44)) - raft.server.log.segment.cache.num.max = 2 (custom)
2021-11-11 00:07:00,849 [pool-806-thread-1] INFO  server.RaftServerConfigKeys (ConfUtils.java:logGet(44)) - raft.server.log.segment.cache.size.max = 200MB (=209715200) (default)
2021-11-11 00:07:00,850 [pool-806-thread-1] INFO  segmented.SegmentedRaftLogWorker (SegmentedRaftLogWorker.java:<init>(182)) - new 5b650bcb-8111-473c-88bf-b7649abefc48@group-46FFCCA1DA0F-SegmentedRaftLogWorker for RaftStorageImpl:Storage Directory /home/runner/work/ozone/ozone/hadoop-ozone/integration-test/target/test-dir/MiniOzoneClusterImpl-d5f2283b-1c97-4f43-babe-75a35a923614/datanode-1/data/ratis/c8d19f90-34c6-4826-aa45-46ffcca1da0f
2021-11-11 00:07:00,850 [pool-806-thread-1] INFO  server.RaftServerConfigKeys (ConfUtils.java:logGet(44)) - raft.server.log.queue.byte-limit = 2147483647 (custom)
2021-11-11 00:07:00,850 [pool-806-thread-1] INFO  server.RaftServerConfigKeys (ConfUtils.java:logGet(44)) - raft.server.log.queue.element-limit = 1024 (custom)
2021-11-11 00:07:00,850 [pool-806-thread-1] INFO  server.RaftServerConfigKeys (ConfUtils.java:logGet(44)) - raft.server.log.segment.size.max = 1048576 (custom)
2021-11-11 00:07:00,850 [pool-806-thread-1] INFO  server.RaftServerConfigKeys (ConfUtils.java:logGet(44)) - raft.server.log.preallocated.size = 16384 (custom)
2021-11-11 00:07:00,850 [pool-806-thread-1] INFO  server.RaftServerConfigKeys (ConfUtils.java:logGet(44)) - raft.server.log.force.sync.num = 128 (default)
2021-11-11 00:07:00,850 [pool-806-thread-1] INFO  server.RaftServerConfigKeys (ConfUtils.java:logGet(44)) - raft.server.log.statemachine.data.sync = true (default)
2021-11-11 00:07:00,850 [pool-806-thread-1] INFO  server.RaftServerConfigKeys (ConfUtils.java:logGet(44)) - raft.server.log.statemachine.data.sync.timeout = 10s (default)
2021-11-11 00:07:00,850 [pool-806-thread-1] INFO  server.RaftServerConfigKeys (ConfUtils.java:logGet(44)) - raft.server.log.statemachine.data.sync.timeout.retry = -1 (default)
2021-11-11 00:07:00,852 [pool-806-thread-1] INFO  server.RaftServerConfigKeys (ConfUtils.java:logGet(44)) - raft.server.log.write.buffer.size = 1048576 (custom)
2021-11-11 00:07:00,852 [pool-806-thread-1] INFO  server.RaftServerConfigKeys (ConfUtils.java:logGet(44)) - raft.server.log.statemachine.data.caching.enabled = true (custom)
2021-11-11 00:07:00,852 [pool-806-thread-1] INFO  segmented.SegmentedRaftLogWorker (SegmentedRaftLogWorker.java:lambda$new$0(133)) - 5b650bcb-8111-473c-88bf-b7649abefc48@group-46FFCCA1DA0F-SegmentedRaftLogWorker: flushIndex: setUnconditionally 0 -> -1
2021-11-11 00:07:00,853 [pool-806-thread-1] INFO  segmented.SegmentedRaftLogWorker (SegmentedRaftLogWorker.java:lambda$new$0(133)) - 5b650bcb-8111-473c-88bf-b7649abefc48@group-46FFCCA1DA0F-SegmentedRaftLogWorker: safeCacheEvictIndex: setUnconditionally 0 -> -1
2021-11-11 00:07:00,867 [EventQueue-PipelineReportForPipelineReportHandler] INFO  pipeline.PipelineManagerImpl (PipelineManagerImpl.java:openPipeline(289)) - Pipeline Pipeline[ Id: c8d19f90-34c6-4826-aa45-46ffcca1da0f, Nodes: 5b650bcb-8111-473c-88bf-b7649abefc48{ip: 10.1.0.10, host: fv-az151-339.yf2hydr00wburbhx3j5hxtcipe.bx.internal.cloudapp.net, ports: [REPLICATION=44417, RATIS=34803, RATIS_ADMIN=34803, RATIS_SERVER=34803, STANDALONE=40261], networkLocation: /default-rack, certSerialId: null, persistedOpState: IN_SERVICE, persistedOpStateExpiryEpochSec: 0}, ReplicationConfig: RATIS/ONE, State:ALLOCATED, leaderId:5b650bcb-8111-473c-88bf-b7649abefc48, CreationTimestamp2021-11-11T00:06:57.833Z[Etc/UTC]] moved to OPEN state
2021-11-11 00:07:00,868 [pool-806-thread-1] INFO  server.RaftServerConfigKeys (ConfUtils.java:logGet(44)) - raft.server.snapshot.auto.trigger.enabled = true (custom)
2021-11-11 00:07:00,868 [pool-806-thread-1] INFO  server.RaftServerConfigKeys (ConfUtils.java:logGet(44)) - raft.server.snapshot.auto.trigger.threshold = 10000 (custom)
2021-11-11 00:07:00,868 [pool-806-thread-1] INFO  server.RaftServerConfigKeys (ConfUtils.java:logGet(44)) - raft.server.snapshot.retention.file.num = 5 (custom)
2021-11-11 00:07:00,868 [pool-806-thread-1] INFO  server.RaftServerConfigKeys (ConfUtils.java:logGet(44)) - raft.server.log.purge.upto.snapshot.index = false (default)
2021-11-11 00:07:00,868 [pool-806-thread-1] INFO  server.RaftServerConfigKeys (ConfUtils.java:logGet(44)) - raft.server.retrycache.expirytime = 600000ms (custom)
2021-11-11 00:07:00,869 [pool-806-thread-1] INFO  server.RaftServerConfigKeys (ConfUtils.java:logGet(44)) - raft.server.retrycache.statistics.expirytime = 100μs (default)
2021-11-11 00:07:00,869 [EventQueue-OpenPipelineForHealthyPipelineSafeModeRule] INFO  safemode.SCMSafeModeManager (HealthyPipelineSafeModeRule.java:process(124)) - SCM in safe mode. Healthy pipelines reported count is 0, required healthy pipeline reported count is 1
2021-11-11 00:07:00,872 [pool-806-thread-1] INFO  server.RaftServer$Division (RaftServerImpl.java:start(301)) - 5b650bcb-8111-473c-88bf-b7649abefc48@group-46FFCCA1DA0F: start as a follower, conf=-1: [5b650bcb-8111-473c-88bf-b7649abefc48|rpc:10.1.0.10:34803|priority:1], old=null
2021-11-11 00:07:00,875 [pool-806-thread-1] INFO  server.RaftServer$Division (RaftServerImpl.java:setRole(290)) - 5b650bcb-8111-473c-88bf-b7649abefc48@group-46FFCCA1DA0F: changes role from      null to FOLLOWER at term 0 for startAsFollower
2021-11-11 00:07:00,876 [pool-806-thread-1] INFO  impl.RoleInfo (RoleInfo.java:updateAndGet(130)) - 5b650bcb-8111-473c-88bf-b7649abefc48: start 5b650bcb-8111-473c-88bf-b7649abefc48@group-46FFCCA1DA0F-FollowerState
2021-11-11 00:07:00,881 [pool-806-thread-1] INFO  util.JmxRegister (JmxRegister.java:tryRegister(44)) - Successfully registered JMX Bean with object name Ratis:service=RaftServer,group=group-46FFCCA1DA0F,id=5b650bcb-8111-473c-88bf-b7649abefc48
2021-11-11 00:07:00,885 [Command processor thread] INFO  ratis.XceiverServerRatis (XceiverServerRatis.java:addGroup(768)) - Created group PipelineID=c8d19f90-34c6-4826-aa45-46ffcca1da0f
2021-11-11 00:07:00,885 [Command processor thread] INFO  commandhandler.CreatePipelineCommandHandler (CreatePipelineCommandHandler.java:handle(106)) - Created Pipeline RATIS ONE PipelineID=c8d19f90-34c6-4826-aa45-46ffcca1da0f.
2021-11-11 00:07:00,973 [Listener at 127.0.0.1/36803] INFO  ozone.MiniOzoneClusterImpl (MiniOzoneClusterImpl.java:lambda$waitForClusterToBeReady$0(235)) - Waiting for nodes to be ready. Got 8 of 9 DN Heartbeats.
2021-11-11 00:07:00,973 [Listener at 127.0.0.1/36803] INFO  ozone.MiniOzoneClusterImpl (MiniOzoneClusterImpl.java:lambda$waitForClusterToBeReady$0(238)) - Waiting for cluster to exit safe mode
2021-11-11 00:07:00,974 [Listener at 127.0.0.1/36803] INFO  ozone.MiniOzoneClusterImpl (MiniOzoneClusterImpl.java:lambda$waitForClusterToBeReady$0(240)) - SCM became leader
2021-11-11 00:07:01,017 [IPC Server handler 13 on default port 40809] INFO  net.NetworkTopologyImpl (NetworkTopologyImpl.java:add(112)) - Added a new node: /default-rack/69aff4e4-918e-4266-92c0-ec642b93bcd5
2021-11-11 00:07:01,017 [IPC Server handler 13 on default port 40809] INFO  node.SCMNodeManager (SCMNodeManager.java:register(389)) - Registered Data node : 69aff4e4-918e-4266-92c0-ec642b93bcd5{ip: 10.1.0.10, host: fv-az151-339.yf2hydr00wburbhx3j5hxtcipe.bx.internal.cloudapp.net, ports: [REPLICATION=39313, RATIS=41107, RATIS_ADMIN=41107, RATIS_SERVER=41107, STANDALONE=40977], networkLocation: /default-rack, certSerialId: null, persistedOpState: null, persistedOpStateExpiryEpochSec: 0}
2021-11-11 00:07:01,017 [EventQueue-NewNodeForNewNodeHandler] INFO  pipeline.BackgroundPipelineCreator (BackgroundPipelineCreator.java:notifyEventTriggered(285)) - trigger a one-shot run on RatisPipelineUtilsThread.
2021-11-11 00:07:01,017 [RatisPipelineUtilsThread - 0] INFO  pipeline.RatisPipelineProvider (RatisPipelineProvider.java:lambda$create$0(183)) - Sending CreatePipelineCommand for pipeline:PipelineID=55bd206c-c573-45bb-9c72-8a9b2939d484 to datanode:69aff4e4-918e-4266-92c0-ec642b93bcd5
2021-11-11 00:07:01,018 [RatisPipelineUtilsThread - 0] INFO  pipeline.PipelineStateManagerImpl (PipelineStateManagerImpl.java:addPipeline(101)) - Created pipeline Pipeline[ Id: 55bd206c-c573-45bb-9c72-8a9b2939d484, Nodes: 69aff4e4-918e-4266-92c0-ec642b93bcd5{ip: 10.1.0.10, host: fv-az151-339.yf2hydr00wburbhx3j5hxtcipe.bx.internal.cloudapp.net, ports: [REPLICATION=39313, RATIS=41107, RATIS_ADMIN=41107, RATIS_SERVER=41107, STANDALONE=40977], networkLocation: /default-rack, certSerialId: null, persistedOpState: IN_SERVICE, persistedOpStateExpiryEpochSec: 0}, ReplicationConfig: RATIS/ONE, State:ALLOCATED, leaderId:, CreationTimestamp2021-11-11T00:07:01.017Z[Etc/UTC]].
2021-11-11 00:07:01,018 [RatisPipelineUtilsThread - 0] INFO  pipeline.RatisPipelineProvider (RatisPipelineProvider.java:lambda$create$0(183)) - Sending CreatePipelineCommand for pipeline:PipelineID=54cb16ec-fc10-47c0-939b-b667c1c291a7 to datanode:6e133fb8-c87a-4d8d-9d3f-d688ae1cb6f8
2021-11-11 00:07:01,018 [RatisPipelineUtilsThread - 0] INFO  pipeline.RatisPipelineProvider (RatisPipelineProvider.java:lambda$create$0(183)) - Sending CreatePipelineCommand for pipeline:PipelineID=54cb16ec-fc10-47c0-939b-b667c1c291a7 to datanode:f2abff67-7f5e-423a-807c-f1c8bf0fd89e
2021-11-11 00:07:01,018 [RatisPipelineUtilsThread - 0] INFO  pipeline.RatisPipelineProvider (RatisPipelineProvider.java:lambda$create$0(183)) - Sending CreatePipelineCommand for pipeline:PipelineID=54cb16ec-fc10-47c0-939b-b667c1c291a7 to datanode:69aff4e4-918e-4266-92c0-ec642b93bcd5
2021-11-11 00:07:01,019 [RatisPipelineUtilsThread - 0] INFO  pipeline.PipelineStateManagerImpl (PipelineStateManagerImpl.java:addPipeline(101)) - Created pipeline Pipeline[ Id: 54cb16ec-fc10-47c0-939b-b667c1c291a7, Nodes: 6e133fb8-c87a-4d8d-9d3f-d688ae1cb6f8{ip: 10.1.0.10, host: fv-az151-339.yf2hydr00wburbhx3j5hxtcipe.bx.internal.cloudapp.net, ports: [REPLICATION=36749, RATIS=38557, RATIS_ADMIN=38557, RATIS_SERVER=38557, STANDALONE=36933], networkLocation: /default-rack, certSerialId: null, persistedOpState: IN_SERVICE, persistedOpStateExpiryEpochSec: 0}f2abff67-7f5e-423a-807c-f1c8bf0fd89e{ip: 10.1.0.10, host: fv-az151-339.yf2hydr00wburbhx3j5hxtcipe.bx.internal.cloudapp.net, ports: [REPLICATION=46829, RATIS=42673, RATIS_ADMIN=42673, RATIS_SERVER=42673, STANDALONE=45051], networkLocation: /default-rack, certSerialId: null, persistedOpState: IN_SERVICE, persistedOpStateExpiryEpochSec: 0}69aff4e4-918e-4266-92c0-ec642b93bcd5{ip: 10.1.0.10, host: fv-az151-339.yf2hydr00wburbhx3j5hxtcipe.bx.internal.cloudapp.net, ports: [REPLICATION=39313, RATIS=41107, RATIS_ADMIN=41107, RATIS_SERVER=41107, STANDALONE=40977], networkLocation: /default-rack, certSerialId: null, persistedOpState: IN_SERVICE, persistedOpStateExpiryEpochSec: 0}, ReplicationConfig: RATIS/THREE, State:ALLOCATED, leaderId:, CreationTimestamp2021-11-11T00:07:01.018Z[Etc/UTC]].
2021-11-11 00:07:01,343 [Command processor thread] INFO  server.RaftServer (RaftServerProxy.java:addNew(95)) - e5ed6742-d51a-4f99-aebb-54e43bc29342: addNew group-EA1CCE7752FB:[e5ed6742-d51a-4f99-aebb-54e43bc29342|rpc:10.1.0.10:41847|priority:1] returns group-EA1CCE7752FB:java.util.concurrent.CompletableFuture@473dbd3b[Not completed]
2021-11-11 00:07:01,344 [pool-825-thread-1] INFO  server.RaftServer$Division (RaftServerImpl.java:<init>(184)) - e5ed6742-d51a-4f99-aebb-54e43bc29342: new RaftServerImpl for group-EA1CCE7752FB:[e5ed6742-d51a-4f99-aebb-54e43bc29342|rpc:10.1.0.10:41847|priority:1] with ContainerStateMachine:uninitialized
2021-11-11 00:07:01,344 [pool-825-thread-1] INFO  server.RaftServerConfigKeys (ConfUtils.java:logGet(44)) - raft.server.rpc.timeout.min = 5s (custom)
2021-11-11 00:07:01,344 [pool-825-thread-1] INFO  server.RaftServerConfigKeys (ConfUtils.java:logGet(44)) - raft.server.rpc.timeout.max = 5200ms (custom)
2021-11-11 00:07:01,344 [pool-825-thread-1] INFO  server.RaftServerConfigKeys (ConfUtils.java:logGet(44)) - raft.server.rpc.sleep.time = 25ms (default)
2021-11-11 00:07:01,345 [pool-825-thread-1] INFO  server.RaftServerConfigKeys (ConfUtils.java:logGet(44)) - raft.server.rpc.slowness.timeout = 300000ms (custom)
2021-11-11 00:07:01,345 [pool-825-thread-1] INFO  server.RaftServerConfigKeys (ConfUtils.java:logGet(44)) - raft.server.leaderelection.leader.step-down.wait-time = 10s (default)
2021-11-11 00:07:01,345 [pool-825-thread-1] INFO  server.RaftServerConfigKeys (ConfUtils.java:logGet(44)) - raft.server.sleep.deviation.threshold = 300ms (default)
2021-11-11 00:07:01,345 [pool-825-thread-1] INFO  server.RaftServerConfigKeys (ConfUtils.java:logGet(44)) - raft.server.log.appender.install.snapshot.enabled = false (custom)
2021-11-11 00:07:01,345 [pool-825-thread-1] INFO  server.RaftServer$Division (ServerState.java:<init>(105)) - e5ed6742-d51a-4f99-aebb-54e43bc29342@group-EA1CCE7752FB: ConfigurationManager, init=-1: [e5ed6742-d51a-4f99-aebb-54e43bc29342|rpc:10.1.0.10:41847|priority:1], old=null, confs=<EMPTY_MAP>
2021-11-11 00:07:01,345 [pool-825-thread-1] INFO  server.RaftServerConfigKeys (ConfUtils.java:logGet(44)) - raft.server.storage.dir = [/home/runner/work/ozone/ozone/hadoop-ozone/integration-test/target/test-dir/MiniOzoneClusterImpl-d5f2283b-1c97-4f43-babe-75a35a923614/datanode-2/data/ratis] (custom)
2021-11-11 00:07:01,345 [pool-825-thread-1] INFO  server.RaftServerConfigKeys (ConfUtils.java:logGet(44)) - raft.server.log.corruption.policy = EXCEPTION (default)
2021-11-11 00:07:01,345 [pool-825-thread-1] INFO  server.RaftServerConfigKeys (ConfUtils.java:logGet(44)) - raft.server.storage.free-space.min = 0MB (=0) (default)
2021-11-11 00:07:01,345 [pool-825-thread-1] INFO  storage.RaftStorageDirectory (RaftStorageDirectoryImpl.java:analyzeStorage(135)) - The storage directory /home/runner/work/ozone/ozone/hadoop-ozone/integration-test/target/test-dir/MiniOzoneClusterImpl-d5f2283b-1c97-4f43-babe-75a35a923614/datanode-2/data/ratis/b7a77d92-3049-465a-8452-ea1cce7752fb does not exist. Creating ...
2021-11-11 00:07:01,347 [pool-825-thread-1] INFO  storage.RaftStorageDirectory (RaftStorageDirectoryImpl.java:tryLock(230)) - Lock on /home/runner/work/ozone/ozone/hadoop-ozone/integration-test/target/test-dir/MiniOzoneClusterImpl-d5f2283b-1c97-4f43-babe-75a35a923614/datanode-2/data/ratis/b7a77d92-3049-465a-8452-ea1cce7752fb/in_use.lock acquired by nodename 20903@fv-az151-339
2021-11-11 00:07:01,349 [pool-825-thread-1] INFO  storage.RaftStorage (RaftStorageImpl.java:format(89)) - Storage directory /home/runner/work/ozone/ozone/hadoop-ozone/integration-test/target/test-dir/MiniOzoneClusterImpl-d5f2283b-1c97-4f43-babe-75a35a923614/datanode-2/data/ratis/b7a77d92-3049-465a-8452-ea1cce7752fb has been successfully formatted.
2021-11-11 00:07:01,349 [pool-825-thread-1] INFO  ratis.ContainerStateMachine (ContainerStateMachine.java:loadSnapshot(224)) - group-EA1CCE7752FB: The snapshot info is null. Setting the last applied indexto:(t:0, i:~)
2021-11-11 00:07:01,349 [pool-825-thread-1] INFO  server.RaftServerConfigKeys (ConfUtils.java:logGet(44)) - raft.server.notification.no-leader.timeout = 300000ms (custom)
2021-11-11 00:07:01,350 [pool-825-thread-1] INFO  server.RaftServerConfigKeys (ConfUtils.java:logGet(44)) - raft.server.log.use.memory = false (default)
2021-11-11 00:07:01,350 [pool-825-thread-1] INFO  server.RaftServerConfigKeys (ConfUtils.java:logGet(44)) - raft.server.log.purge.gap = 1000000 (custom)
2021-11-11 00:07:01,350 [pool-825-thread-1] INFO  server.RaftServerConfigKeys (ConfUtils.java:logGet(44)) - raft.server.log.appender.buffer.byte-limit = 33554432 (custom)
2021-11-11 00:07:01,350 [pool-825-thread-1] INFO  server.RaftServerConfigKeys (ConfUtils.java:logGet(44)) - raft.server.log.segment.size.max = 1048576 (custom)
2021-11-11 00:07:01,351 [pool-825-thread-1] INFO  server.RaftServerConfigKeys (ConfUtils.java:logGet(44)) - raft.server.log.segment.cache.num.max = 2 (custom)
2021-11-11 00:07:01,351 [pool-825-thread-1] INFO  server.RaftServerConfigKeys (ConfUtils.java:logGet(44)) - raft.server.log.segment.cache.size.max = 200MB (=209715200) (default)
2021-11-11 00:07:01,351 [pool-825-thread-1] INFO  segmented.SegmentedRaftLogWorker (SegmentedRaftLogWorker.java:<init>(182)) - new e5ed6742-d51a-4f99-aebb-54e43bc29342@group-EA1CCE7752FB-SegmentedRaftLogWorker for RaftStorageImpl:Storage Directory /home/runner/work/ozone/ozone/hadoop-ozone/integration-test/target/test-dir/MiniOzoneClusterImpl-d5f2283b-1c97-4f43-babe-75a35a923614/datanode-2/data/ratis/b7a77d92-3049-465a-8452-ea1cce7752fb
2021-11-11 00:07:01,351 [pool-825-thread-1] INFO  server.RaftServerConfigKeys (ConfUtils.java:logGet(44)) - raft.server.log.queue.byte-limit = 2147483647 (custom)
2021-11-11 00:07:01,351 [pool-825-thread-1] INFO  server.RaftServerConfigKeys (ConfUtils.java:logGet(44)) - raft.server.log.queue.element-limit = 1024 (custom)
2021-11-11 00:07:01,351 [pool-825-thread-1] INFO  server.RaftServerConfigKeys (ConfUtils.java:logGet(44)) - raft.server.log.segment.size.max = 1048576 (custom)
2021-11-11 00:07:01,351 [pool-825-thread-1] INFO  server.RaftServerConfigKeys (ConfUtils.java:logGet(44)) - raft.server.log.preallocated.size = 16384 (custom)
2021-11-11 00:07:01,351 [pool-825-thread-1] INFO  server.RaftServerConfigKeys (ConfUtils.java:logGet(44)) - raft.server.log.force.sync.num = 128 (default)
2021-11-11 00:07:01,351 [pool-825-thread-1] INFO  server.RaftServerConfigKeys (ConfUtils.java:logGet(44)) - raft.server.log.statemachine.data.sync = true (default)
2021-11-11 00:07:01,352 [pool-825-thread-1] INFO  server.RaftServerConfigKeys (ConfUtils.java:logGet(44)) - raft.server.log.statemachine.data.sync.timeout = 10s (default)
2021-11-11 00:07:01,352 [pool-825-thread-1] INFO  server.RaftServerConfigKeys (ConfUtils.java:logGet(44)) - raft.server.log.statemachine.data.sync.timeout.retry = -1 (default)
2021-11-11 00:07:01,353 [pool-825-thread-1] INFO  server.RaftServerConfigKeys (ConfUtils.java:logGet(44)) - raft.server.log.write.buffer.size = 1048576 (custom)
2021-11-11 00:07:01,354 [pool-825-thread-1] INFO  server.RaftServerConfigKeys (ConfUtils.java:logGet(44)) - raft.server.log.statemachine.data.caching.enabled = true (custom)
2021-11-11 00:07:01,354 [EventQueue-PipelineReportForPipelineReportHandler] INFO  pipeline.PipelineManagerImpl (PipelineManagerImpl.java:openPipeline(289)) - Pipeline Pipeline[ Id: b7a77d92-3049-465a-8452-ea1cce7752fb, Nodes: e5ed6742-d51a-4f99-aebb-54e43bc29342{ip: 10.1.0.10, host: fv-az151-339.yf2hydr00wburbhx3j5hxtcipe.bx.internal.cloudapp.net, ports: [REPLICATION=41807, RATIS=41847, RATIS_ADMIN=41847, RATIS_SERVER=41847, STANDALONE=43099], networkLocation: /default-rack, certSerialId: null, persistedOpState: IN_SERVICE, persistedOpStateExpiryEpochSec: 0}, ReplicationConfig: RATIS/ONE, State:ALLOCATED, leaderId:e5ed6742-d51a-4f99-aebb-54e43bc29342, CreationTimestamp2021-11-11T00:06:58.349Z[Etc/UTC]] moved to OPEN state
2021-11-11 00:07:01,355 [EventQueue-OpenPipelineForHealthyPipelineSafeModeRule] INFO  safemode.SCMSafeModeManager (HealthyPipelineSafeModeRule.java:process(124)) - SCM in safe mode. Healthy pipelines reported count is 0, required healthy pipeline reported count is 1
2021-11-11 00:07:01,357 [pool-825-thread-1] INFO  segmented.SegmentedRaftLogWorker (SegmentedRaftLogWorker.java:lambda$new$0(133)) - e5ed6742-d51a-4f99-aebb-54e43bc29342@group-EA1CCE7752FB-SegmentedRaftLogWorker: flushIndex: setUnconditionally 0 -> -1
2021-11-11 00:07:01,358 [pool-825-thread-1] INFO  segmented.SegmentedRaftLogWorker (SegmentedRaftLogWorker.java:lambda$new$0(133)) - e5ed6742-d51a-4f99-aebb-54e43bc29342@group-EA1CCE7752FB-SegmentedRaftLogWorker: safeCacheEvictIndex: setUnconditionally 0 -> -1
2021-11-11 00:07:01,358 [pool-825-thread-1] INFO  server.RaftServerConfigKeys (ConfUtils.java:logGet(44)) - raft.server.snapshot.auto.trigger.enabled = true (custom)
2021-11-11 00:07:01,358 [pool-825-thread-1] INFO  server.RaftServerConfigKeys (ConfUtils.java:logGet(44)) - raft.server.snapshot.auto.trigger.threshold = 10000 (custom)
2021-11-11 00:07:01,358 [pool-825-thread-1] INFO  server.RaftServerConfigKeys (ConfUtils.java:logGet(44)) - raft.server.snapshot.retention.file.num = 5 (custom)
2021-11-11 00:07:01,359 [pool-825-thread-1] INFO  server.RaftServerConfigKeys (ConfUtils.java:logGet(44)) - raft.server.log.purge.upto.snapshot.index = false (default)
2021-11-11 00:07:01,359 [pool-825-thread-1] INFO  server.RaftServerConfigKeys (ConfUtils.java:logGet(44)) - raft.server.retrycache.expirytime = 600000ms (custom)
2021-11-11 00:07:01,359 [pool-825-thread-1] INFO  server.RaftServerConfigKeys (ConfUtils.java:logGet(44)) - raft.server.retrycache.statistics.expirytime = 100μs (default)
2021-11-11 00:07:01,361 [pool-825-thread-1] INFO  server.RaftServer$Division (RaftServerImpl.java:start(301)) - e5ed6742-d51a-4f99-aebb-54e43bc29342@group-EA1CCE7752FB: start as a follower, conf=-1: [e5ed6742-d51a-4f99-aebb-54e43bc29342|rpc:10.1.0.10:41847|priority:1], old=null
2021-11-11 00:07:01,361 [pool-825-thread-1] INFO  server.RaftServer$Division (RaftServerImpl.java:setRole(290)) - e5ed6742-d51a-4f99-aebb-54e43bc29342@group-EA1CCE7752FB: changes role from      null to FOLLOWER at term 0 for startAsFollower
2021-11-11 00:07:01,361 [pool-825-thread-1] INFO  impl.RoleInfo (RoleInfo.java:updateAndGet(130)) - e5ed6742-d51a-4f99-aebb-54e43bc29342: start e5ed6742-d51a-4f99-aebb-54e43bc29342@group-EA1CCE7752FB-FollowerState
2021-11-11 00:07:01,364 [pool-825-thread-1] INFO  util.JmxRegister (JmxRegister.java:tryRegister(44)) - Successfully registered JMX Bean with object name Ratis:service=RaftServer,group=group-EA1CCE7752FB,id=e5ed6742-d51a-4f99-aebb-54e43bc29342
2021-11-11 00:07:01,366 [Command processor thread] INFO  ratis.XceiverServerRatis (XceiverServerRatis.java:addGroup(768)) - Created group PipelineID=b7a77d92-3049-465a-8452-ea1cce7752fb
2021-11-11 00:07:01,366 [Command processor thread] INFO  commandhandler.CreatePipelineCommandHandler (CreatePipelineCommandHandler.java:handle(106)) - Created Pipeline RATIS ONE PipelineID=b7a77d92-3049-465a-8452-ea1cce7752fb.
2021-11-11 00:07:01,715 [Command processor thread] INFO  server.RaftServer (RaftServerProxy.java:addNew(95)) - 6b695e55-6982-478b-aea3-481865f298ec: addNew group-CB7168C967D4:[6b695e55-6982-478b-aea3-481865f298ec|rpc:10.1.0.10:43719|priority:1] returns group-CB7168C967D4:java.util.concurrent.CompletableFuture@37bb7b00[Not completed]
2021-11-11 00:07:01,716 [pool-844-thread-1] INFO  server.RaftServer$Division (RaftServerImpl.java:<init>(184)) - 6b695e55-6982-478b-aea3-481865f298ec: new RaftServerImpl for group-CB7168C967D4:[6b695e55-6982-478b-aea3-481865f298ec|rpc:10.1.0.10:43719|priority:1] with ContainerStateMachine:uninitialized
2021-11-11 00:07:01,717 [pool-844-thread-1] INFO  server.RaftServerConfigKeys (ConfUtils.java:logGet(44)) - raft.server.rpc.timeout.min = 5s (custom)
2021-11-11 00:07:01,717 [pool-844-thread-1] INFO  server.RaftServerConfigKeys (ConfUtils.java:logGet(44)) - raft.server.rpc.timeout.max = 5200ms (custom)
2021-11-11 00:07:01,717 [pool-844-thread-1] INFO  server.RaftServerConfigKeys (ConfUtils.java:logGet(44)) - raft.server.rpc.sleep.time = 25ms (default)
2021-11-11 00:07:01,717 [pool-844-thread-1] INFO  server.RaftServerConfigKeys (ConfUtils.java:logGet(44)) - raft.server.rpc.slowness.timeout = 300000ms (custom)
2021-11-11 00:07:01,717 [pool-844-thread-1] INFO  server.RaftServerConfigKeys (ConfUtils.java:logGet(44)) - raft.server.leaderelection.leader.step-down.wait-time = 10s (default)
2021-11-11 00:07:01,717 [pool-844-thread-1] INFO  server.RaftServerConfigKeys (ConfUtils.java:logGet(44)) - raft.server.sleep.deviation.threshold = 300ms (default)
2021-11-11 00:07:01,717 [pool-844-thread-1] INFO  server.RaftServerConfigKeys (ConfUtils.java:logGet(44)) - raft.server.log.appender.install.snapshot.enabled = false (custom)
2021-11-11 00:07:01,717 [pool-844-thread-1] INFO  server.RaftServer$Division (ServerState.java:<init>(105)) - 6b695e55-6982-478b-aea3-481865f298ec@group-CB7168C967D4: ConfigurationManager, init=-1: [6b695e55-6982-478b-aea3-481865f298ec|rpc:10.1.0.10:43719|priority:1], old=null, confs=<EMPTY_MAP>
2021-11-11 00:07:01,717 [pool-844-thread-1] INFO  server.RaftServerConfigKeys (ConfUtils.java:logGet(44)) - raft.server.storage.dir = [/home/runner/work/ozone/ozone/hadoop-ozone/integration-test/target/test-dir/MiniOzoneClusterImpl-d5f2283b-1c97-4f43-babe-75a35a923614/datanode-3/data/ratis] (custom)
2021-11-11 00:07:01,718 [pool-844-thread-1] INFO  server.RaftServerConfigKeys (ConfUtils.java:logGet(44)) - raft.server.log.corruption.policy = EXCEPTION (default)
2021-11-11 00:07:01,718 [pool-844-thread-1] INFO  server.RaftServerConfigKeys (ConfUtils.java:logGet(44)) - raft.server.storage.free-space.min = 0MB (=0) (default)
2021-11-11 00:07:01,718 [pool-844-thread-1] INFO  storage.RaftStorageDirectory (RaftStorageDirectoryImpl.java:analyzeStorage(135)) - The storage directory /home/runner/work/ozone/ozone/hadoop-ozone/integration-test/target/test-dir/MiniOzoneClusterImpl-d5f2283b-1c97-4f43-babe-75a35a923614/datanode-3/data/ratis/e52301a4-0bd3-4fc1-b1e1-cb7168c967d4 does not exist. Creating ...
2021-11-11 00:07:01,719 [pool-844-thread-1] INFO  storage.RaftStorageDirectory (RaftStorageDirectoryImpl.java:tryLock(230)) - Lock on /home/runner/work/ozone/ozone/hadoop-ozone/integration-test/target/test-dir/MiniOzoneClusterImpl-d5f2283b-1c97-4f43-babe-75a35a923614/datanode-3/data/ratis/e52301a4-0bd3-4fc1-b1e1-cb7168c967d4/in_use.lock acquired by nodename 20903@fv-az151-339
2021-11-11 00:07:01,720 [pool-844-thread-1] INFO  storage.RaftStorage (RaftStorageImpl.java:format(89)) - Storage directory /home/runner/work/ozone/ozone/hadoop-ozone/integration-test/target/test-dir/MiniOzoneClusterImpl-d5f2283b-1c97-4f43-babe-75a35a923614/datanode-3/data/ratis/e52301a4-0bd3-4fc1-b1e1-cb7168c967d4 has been successfully formatted.
2021-11-11 00:07:01,745 [pool-844-thread-1] INFO  ratis.ContainerStateMachine (ContainerStateMachine.java:loadSnapshot(224)) - group-CB7168C967D4: The snapshot info is null. Setting the last applied indexto:(t:0, i:~)
2021-11-11 00:07:01,746 [EventQueue-PipelineReportForPipelineReportHandler] INFO  pipeline.PipelineManagerImpl (PipelineManagerImpl.java:openPipeline(289)) - Pipeline Pipeline[ Id: e52301a4-0bd3-4fc1-b1e1-cb7168c967d4, Nodes: 6b695e55-6982-478b-aea3-481865f298ec{ip: 10.1.0.10, host: fv-az151-339.yf2hydr00wburbhx3j5hxtcipe.bx.internal.cloudapp.net, ports: [REPLICATION=44883, RATIS=43719, RATIS_ADMIN=43719, RATIS_SERVER=43719, STANDALONE=33573], networkLocation: /default-rack, certSerialId: null, persistedOpState: IN_SERVICE, persistedOpStateExpiryEpochSec: 0}, ReplicationConfig: RATIS/ONE, State:ALLOCATED, leaderId:6b695e55-6982-478b-aea3-481865f298ec, CreationTimestamp2021-11-11T00:06:58.715Z[Etc/UTC]] moved to OPEN state
2021-11-11 00:07:01,747 [EventQueue-OpenPipelineForHealthyPipelineSafeModeRule] INFO  safemode.SCMSafeModeManager (HealthyPipelineSafeModeRule.java:process(124)) - SCM in safe mode. Healthy pipelines reported count is 0, required healthy pipeline reported count is 1
2021-11-11 00:07:01,747 [pool-844-thread-1] INFO  server.RaftServerConfigKeys (ConfUtils.java:logGet(44)) - raft.server.notification.no-leader.timeout = 300000ms (custom)
2021-11-11 00:07:01,748 [pool-844-thread-1] INFO  server.RaftServerConfigKeys (ConfUtils.java:logGet(44)) - raft.server.log.use.memory = false (default)
2021-11-11 00:07:01,748 [pool-844-thread-1] INFO  server.RaftServerConfigKeys (ConfUtils.java:logGet(44)) - raft.server.log.purge.gap = 1000000 (custom)
2021-11-11 00:07:01,748 [pool-844-thread-1] INFO  server.RaftServerConfigKeys (ConfUtils.java:logGet(44)) - raft.server.log.appender.buffer.byte-limit = 33554432 (custom)
2021-11-11 00:07:01,748 [pool-844-thread-1] INFO  server.RaftServerConfigKeys (ConfUtils.java:logGet(44)) - raft.server.log.segment.size.max = 1048576 (custom)
2021-11-11 00:07:01,749 [pool-844-thread-1] INFO  server.RaftServerConfigKeys (ConfUtils.java:logGet(44)) - raft.server.log.segment.cache.num.max = 2 (custom)
2021-11-11 00:07:01,750 [pool-844-thread-1] INFO  server.RaftServerConfigKeys (ConfUtils.java:logGet(44)) - raft.server.log.segment.cache.size.max = 200MB (=209715200) (default)
2021-11-11 00:07:01,750 [pool-844-thread-1] INFO  segmented.SegmentedRaftLogWorker (SegmentedRaftLogWorker.java:<init>(182)) - new 6b695e55-6982-478b-aea3-481865f298ec@group-CB7168C967D4-SegmentedRaftLogWorker for RaftStorageImpl:Storage Directory /home/runner/work/ozone/ozone/hadoop-ozone/integration-test/target/test-dir/MiniOzoneClusterImpl-d5f2283b-1c97-4f43-babe-75a35a923614/datanode-3/data/ratis/e52301a4-0bd3-4fc1-b1e1-cb7168c967d4
2021-11-11 00:07:01,750 [pool-844-thread-1] INFO  server.RaftServerConfigKeys (ConfUtils.java:logGet(44)) - raft.server.log.queue.byte-limit = 2147483647 (custom)
2021-11-11 00:07:01,750 [pool-844-thread-1] INFO  server.RaftServerConfigKeys (ConfUtils.java:logGet(44)) - raft.server.log.queue.element-limit = 1024 (custom)
2021-11-11 00:07:01,750 [pool-844-thread-1] INFO  server.RaftServerConfigKeys (ConfUtils.java:logGet(44)) - raft.server.log.segment.size.max = 1048576 (custom)
2021-11-11 00:07:01,750 [pool-844-thread-1] INFO  server.RaftServerConfigKeys (ConfUtils.java:logGet(44)) - raft.server.log.preallocated.size = 16384 (custom)
2021-11-11 00:07:01,750 [pool-844-thread-1] INFO  server.RaftServerConfigKeys (ConfUtils.java:logGet(44)) - raft.server.log.force.sync.num = 128 (default)
2021-11-11 00:07:01,750 [pool-844-thread-1] INFO  server.RaftServerConfigKeys (ConfUtils.java:logGet(44)) - raft.server.log.statemachine.data.sync = true (default)
2021-11-11 00:07:01,750 [pool-844-thread-1] INFO  server.RaftServerConfigKeys (ConfUtils.java:logGet(44)) - raft.server.log.statemachine.data.sync.timeout = 10s (default)
2021-11-11 00:07:01,750 [pool-844-thread-1] INFO  server.RaftServerConfigKeys (ConfUtils.java:logGet(44)) - raft.server.log.statemachine.data.sync.timeout.retry = -1 (default)
2021-11-11 00:07:01,752 [pool-844-thread-1] INFO  server.RaftServerConfigKeys (ConfUtils.java:logGet(44)) - raft.server.log.write.buffer.size = 1048576 (custom)
2021-11-11 00:07:01,753 [pool-844-thread-1] INFO  server.RaftServerConfigKeys (ConfUtils.java:logGet(44)) - raft.server.log.statemachine.data.caching.enabled = true (custom)
2021-11-11 00:07:01,753 [pool-844-thread-1] INFO  segmented.SegmentedRaftLogWorker (SegmentedRaftLogWorker.java:lambda$new$0(133)) - 6b695e55-6982-478b-aea3-481865f298ec@group-CB7168C967D4-SegmentedRaftLogWorker: flushIndex: setUnconditionally 0 -> -1
2021-11-11 00:07:01,753 [pool-844-thread-1] INFO  segmented.SegmentedRaftLogWorker (SegmentedRaftLogWorker.java:lambda$new$0(133)) - 6b695e55-6982-478b-aea3-481865f298ec@group-CB7168C967D4-SegmentedRaftLogWorker: safeCacheEvictIndex: setUnconditionally 0 -> -1
2021-11-11 00:07:01,753 [pool-844-thread-1] INFO  server.RaftServerConfigKeys (ConfUtils.java:logGet(44)) - raft.server.snapshot.auto.trigger.enabled = true (custom)
2021-11-11 00:07:01,753 [pool-844-thread-1] INFO  server.RaftServerConfigKeys (ConfUtils.java:logGet(44)) - raft.server.snapshot.auto.trigger.threshold = 10000 (custom)
2021-11-11 00:07:01,754 [pool-844-thread-1] INFO  server.RaftServerConfigKeys (ConfUtils.java:logGet(44)) - raft.server.snapshot.retention.file.num = 5 (custom)
2021-11-11 00:07:01,754 [pool-844-thread-1] INFO  server.RaftServerConfigKeys (ConfUtils.java:logGet(44)) - raft.server.log.purge.upto.snapshot.index = false (default)
2021-11-11 00:07:01,754 [pool-844-thread-1] INFO  server.RaftServerConfigKeys (ConfUtils.java:logGet(44)) - raft.server.retrycache.expirytime = 600000ms (custom)
2021-11-11 00:07:01,754 [pool-844-thread-1] INFO  server.RaftServerConfigKeys (ConfUtils.java:logGet(44)) - raft.server.retrycache.statistics.expirytime = 100μs (default)
2021-11-11 00:07:01,756 [pool-844-thread-1] INFO  server.RaftServer$Division (RaftServerImpl.java:start(301)) - 6b695e55-6982-478b-aea3-481865f298ec@group-CB7168C967D4: start as a follower, conf=-1: [6b695e55-6982-478b-aea3-481865f298ec|rpc:10.1.0.10:43719|priority:1], old=null
2021-11-11 00:07:01,756 [pool-844-thread-1] INFO  server.RaftServer$Division (RaftServerImpl.java:setRole(290)) - 6b695e55-6982-478b-aea3-481865f298ec@group-CB7168C967D4: changes role from      null to FOLLOWER at term 0 for startAsFollower
2021-11-11 00:07:01,756 [pool-844-thread-1] INFO  impl.RoleInfo (RoleInfo.java:updateAndGet(130)) - 6b695e55-6982-478b-aea3-481865f298ec: start 6b695e55-6982-478b-aea3-481865f298ec@group-CB7168C967D4-FollowerState
2021-11-11 00:07:01,757 [pool-844-thread-1] INFO  util.JmxRegister (JmxRegister.java:tryRegister(44)) - Successfully registered JMX Bean with object name Ratis:service=RaftServer,group=group-CB7168C967D4,id=6b695e55-6982-478b-aea3-481865f298ec
2021-11-11 00:07:01,762 [Command processor thread] INFO  ratis.XceiverServerRatis (XceiverServerRatis.java:addGroup(768)) - Created group PipelineID=e52301a4-0bd3-4fc1-b1e1-cb7168c967d4
2021-11-11 00:07:01,762 [Command processor thread] INFO  commandhandler.CreatePipelineCommandHandler (CreatePipelineCommandHandler.java:handle(106)) - Created Pipeline RATIS ONE PipelineID=e52301a4-0bd3-4fc1-b1e1-cb7168c967d4.
2021-11-11 00:07:01,762 [Command processor thread] INFO  server.RaftServer (RaftServerProxy.java:addNew(95)) - 6b695e55-6982-478b-aea3-481865f298ec: addNew group-4C1E298E4BB6:[855159a8-46d2-4956-afe8-ac9382fc30e5|rpc:10.1.0.10:42821|priority:0, f37a6f46-5950-4be3-9f6d-6eb53e609f63|rpc:10.1.0.10:39151|priority:0, 6b695e55-6982-478b-aea3-481865f298ec|rpc:10.1.0.10:43719|priority:1] returns group-4C1E298E4BB6:java.util.concurrent.CompletableFuture@3384e92f[Not completed]
2021-11-11 00:07:01,763 [pool-844-thread-1] INFO  server.RaftServer$Division (RaftServerImpl.java:<init>(184)) - 6b695e55-6982-478b-aea3-481865f298ec: new RaftServerImpl for group-4C1E298E4BB6:[855159a8-46d2-4956-afe8-ac9382fc30e5|rpc:10.1.0.10:42821|priority:0, f37a6f46-5950-4be3-9f6d-6eb53e609f63|rpc:10.1.0.10:39151|priority:0, 6b695e55-6982-478b-aea3-481865f298ec|rpc:10.1.0.10:43719|priority:1] with ContainerStateMachine:uninitialized
2021-11-11 00:07:01,763 [pool-844-thread-1] INFO  server.RaftServerConfigKeys (ConfUtils.java:logGet(44)) - raft.server.rpc.timeout.min = 5s (custom)
2021-11-11 00:07:01,763 [pool-844-thread-1] INFO  server.RaftServerConfigKeys (ConfUtils.java:logGet(44)) - raft.server.rpc.timeout.max = 5200ms (custom)
2021-11-11 00:07:01,763 [pool-844-thread-1] INFO  server.RaftServerConfigKeys (ConfUtils.java:logGet(44)) - raft.server.rpc.sleep.time = 25ms (default)
2021-11-11 00:07:01,763 [pool-844-thread-1] INFO  server.RaftServerConfigKeys (ConfUtils.java:logGet(44)) - raft.server.rpc.slowness.timeout = 300000ms (custom)
2021-11-11 00:07:01,763 [pool-844-thread-1] INFO  server.RaftServerConfigKeys (ConfUtils.java:logGet(44)) - raft.server.leaderelection.leader.step-down.wait-time = 10s (default)
2021-11-11 00:07:01,763 [pool-844-thread-1] INFO  server.RaftServerConfigKeys (ConfUtils.java:logGet(44)) - raft.server.sleep.deviation.threshold = 300ms (default)
2021-11-11 00:07:01,763 [pool-844-thread-1] INFO  server.RaftServerConfigKeys (ConfUtils.java:logGet(44)) - raft.server.log.appender.install.snapshot.enabled = false (custom)
2021-11-11 00:07:01,763 [pool-844-thread-1] INFO  server.RaftServer$Division (ServerState.java:<init>(105)) - 6b695e55-6982-478b-aea3-481865f298ec@group-4C1E298E4BB6: ConfigurationManager, init=-1: [855159a8-46d2-4956-afe8-ac9382fc30e5|rpc:10.1.0.10:42821|priority:0, f37a6f46-5950-4be3-9f6d-6eb53e609f63|rpc:10.1.0.10:39151|priority:0, 6b695e55-6982-478b-aea3-481865f298ec|rpc:10.1.0.10:43719|priority:1], old=null, confs=<EMPTY_MAP>
2021-11-11 00:07:01,763 [pool-844-thread-1] INFO  server.RaftServerConfigKeys (ConfUtils.java:logGet(44)) - raft.server.storage.dir = [/home/runner/work/ozone/ozone/hadoop-ozone/integration-test/target/test-dir/MiniOzoneClusterImpl-d5f2283b-1c97-4f43-babe-75a35a923614/datanode-3/data/ratis] (custom)
2021-11-11 00:07:01,764 [pool-844-thread-1] INFO  server.RaftServerConfigKeys (ConfUtils.java:logGet(44)) - raft.server.log.corruption.policy = EXCEPTION (default)
2021-11-11 00:07:01,764 [pool-844-thread-1] INFO  server.RaftServerConfigKeys (ConfUtils.java:logGet(44)) - raft.server.storage.free-space.min = 0MB (=0) (default)
2021-11-11 00:07:01,764 [pool-844-thread-1] INFO  storage.RaftStorageDirectory (RaftStorageDirectoryImpl.java:analyzeStorage(135)) - The storage directory /home/runner/work/ozone/ozone/hadoop-ozone/integration-test/target/test-dir/MiniOzoneClusterImpl-d5f2283b-1c97-4f43-babe-75a35a923614/datanode-3/data/ratis/0ed2803a-810b-47c9-a359-4c1e298e4bb6 does not exist. Creating ...
2021-11-11 00:07:01,765 [pool-844-thread-1] INFO  storage.RaftStorageDirectory (RaftStorageDirectoryImpl.java:tryLock(230)) - Lock on /home/runner/work/ozone/ozone/hadoop-ozone/integration-test/target/test-dir/MiniOzoneClusterImpl-d5f2283b-1c97-4f43-babe-75a35a923614/datanode-3/data/ratis/0ed2803a-810b-47c9-a359-4c1e298e4bb6/in_use.lock acquired by nodename 20903@fv-az151-339
2021-11-11 00:07:01,767 [pool-844-thread-1] INFO  storage.RaftStorage (RaftStorageImpl.java:format(89)) - Storage directory /home/runner/work/ozone/ozone/hadoop-ozone/integration-test/target/test-dir/MiniOzoneClusterImpl-d5f2283b-1c97-4f43-babe-75a35a923614/datanode-3/data/ratis/0ed2803a-810b-47c9-a359-4c1e298e4bb6 has been successfully formatted.
2021-11-11 00:07:01,767 [pool-844-thread-1] INFO  ratis.ContainerStateMachine (ContainerStateMachine.java:loadSnapshot(224)) - group-4C1E298E4BB6: The snapshot info is null. Setting the last applied indexto:(t:0, i:~)
2021-11-11 00:07:01,768 [pool-844-thread-1] INFO  server.RaftServerConfigKeys (ConfUtils.java:logGet(44)) - raft.server.notification.no-leader.timeout = 300000ms (custom)
2021-11-11 00:07:01,768 [pool-844-thread-1] INFO  server.RaftServerConfigKeys (ConfUtils.java:logGet(44)) - raft.server.log.use.memory = false (default)
2021-11-11 00:07:01,768 [pool-844-thread-1] INFO  server.RaftServerConfigKeys (ConfUtils.java:logGet(44)) - raft.server.log.purge.gap = 1000000 (custom)
2021-11-11 00:07:01,768 [pool-844-thread-1] INFO  server.RaftServerConfigKeys (ConfUtils.java:logGet(44)) - raft.server.log.appender.buffer.byte-limit = 33554432 (custom)
2021-11-11 00:07:01,769 [pool-844-thread-1] INFO  server.RaftServerConfigKeys (ConfUtils.java:logGet(44)) - raft.server.log.segment.size.max = 1048576 (custom)
2021-11-11 00:07:01,769 [EventQueue-OpenPipelineForHealthyPipelineSafeModeRule] INFO  safemode.SCMSafeModeManager (HealthyPipelineSafeModeRule.java:process(124)) - SCM in safe mode. Healthy pipelines reported count is 0, required healthy pipeline reported count is 1
2021-11-11 00:07:01,770 [pool-844-thread-1] INFO  server.RaftServerConfigKeys (ConfUtils.java:logGet(44)) - raft.server.log.segment.cache.num.max = 2 (custom)
2021-11-11 00:07:01,770 [pool-844-thread-1] INFO  server.RaftServerConfigKeys (ConfUtils.java:logGet(44)) - raft.server.log.segment.cache.size.max = 200MB (=209715200) (default)
2021-11-11 00:07:01,770 [pool-844-thread-1] INFO  segmented.SegmentedRaftLogWorker (SegmentedRaftLogWorker.java:<init>(182)) - new 6b695e55-6982-478b-aea3-481865f298ec@group-4C1E298E4BB6-SegmentedRaftLogWorker for RaftStorageImpl:Storage Directory /home/runner/work/ozone/ozone/hadoop-ozone/integration-test/target/test-dir/MiniOzoneClusterImpl-d5f2283b-1c97-4f43-babe-75a35a923614/datanode-3/data/ratis/0ed2803a-810b-47c9-a359-4c1e298e4bb6
2021-11-11 00:07:01,771 [pool-844-thread-1] INFO  server.RaftServerConfigKeys (ConfUtils.java:logGet(44)) - raft.server.log.queue.byte-limit = 2147483647 (custom)
2021-11-11 00:07:01,771 [pool-844-thread-1] INFO  server.RaftServerConfigKeys (ConfUtils.java:logGet(44)) - raft.server.log.queue.element-limit = 1024 (custom)
2021-11-11 00:07:01,771 [pool-844-thread-1] INFO  server.RaftServerConfigKeys (ConfUtils.java:logGet(44)) - raft.server.log.segment.size.max = 1048576 (custom)
2021-11-11 00:07:01,771 [pool-844-thread-1] INFO  server.RaftServerConfigKeys (ConfUtils.java:logGet(44)) - raft.server.log.preallocated.size = 16384 (custom)
2021-11-11 00:07:01,771 [pool-844-thread-1] INFO  server.RaftServerConfigKeys (ConfUtils.java:logGet(44)) - raft.server.log.force.sync.num = 128 (default)
2021-11-11 00:07:01,771 [pool-844-thread-1] INFO  server.RaftServerConfigKeys (ConfUtils.java:logGet(44)) - raft.server.log.statemachine.data.sync = true (default)
2021-11-11 00:07:01,771 [pool-844-thread-1] INFO  server.RaftServerConfigKeys (ConfUtils.java:logGet(44)) - raft.server.log.statemachine.data.sync.timeout = 10s (default)
2021-11-11 00:07:01,771 [pool-844-thread-1] INFO  server.RaftServerConfigKeys (ConfUtils.java:logGet(44)) - raft.server.log.statemachine.data.sync.timeout.retry = -1 (default)
2021-11-11 00:07:01,773 [pool-844-thread-1] INFO  server.RaftServerConfigKeys (ConfUtils.java:logGet(44)) - raft.server.log.write.buffer.size = 1048576 (custom)
2021-11-11 00:07:01,774 [pool-844-thread-1] INFO  server.RaftServerConfigKeys (ConfUtils.java:logGet(44)) - raft.server.log.statemachine.data.caching.enabled = true (custom)
2021-11-11 00:07:01,774 [pool-844-thread-1] INFO  segmented.SegmentedRaftLogWorker (SegmentedRaftLogWorker.java:lambda$new$0(133)) - 6b695e55-6982-478b-aea3-481865f298ec@group-4C1E298E4BB6-SegmentedRaftLogWorker: flushIndex: setUnconditionally 0 -> -1
2021-11-11 00:07:01,774 [pool-844-thread-1] INFO  segmented.SegmentedRaftLogWorker (SegmentedRaftLogWorker.java:lambda$new$0(133)) - 6b695e55-6982-478b-aea3-481865f298ec@group-4C1E298E4BB6-SegmentedRaftLogWorker: safeCacheEvictIndex: setUnconditionally 0 -> -1
2021-11-11 00:07:01,775 [pool-844-thread-1] INFO  server.RaftServerConfigKeys (ConfUtils.java:logGet(44)) - raft.server.snapshot.auto.trigger.enabled = true (custom)
2021-11-11 00:07:01,775 [pool-844-thread-1] INFO  server.RaftServerConfigKeys (ConfUtils.java:logGet(44)) - raft.server.snapshot.auto.trigger.threshold = 10000 (custom)
2021-11-11 00:07:01,775 [pool-844-thread-1] INFO  server.RaftServerConfigKeys (ConfUtils.java:logGet(44)) - raft.server.snapshot.retention.file.num = 5 (custom)
2021-11-11 00:07:01,775 [pool-844-thread-1] INFO  server.RaftServerConfigKeys (ConfUtils.java:logGet(44)) - raft.server.log.purge.upto.snapshot.index = false (default)
2021-11-11 00:07:01,775 [pool-844-thread-1] INFO  server.RaftServerConfigKeys (ConfUtils.java:logGet(44)) - raft.server.retrycache.expirytime = 600000ms (custom)
2021-11-11 00:07:01,775 [pool-844-thread-1] INFO  server.RaftServerConfigKeys (ConfUtils.java:logGet(44)) - raft.server.retrycache.statistics.expirytime = 100μs (default)
2021-11-11 00:07:01,778 [pool-844-thread-1] INFO  server.RaftServer$Division (RaftServerImpl.java:start(301)) - 6b695e55-6982-478b-aea3-481865f298ec@group-4C1E298E4BB6: start as a follower, conf=-1: [855159a8-46d2-4956-afe8-ac9382fc30e5|rpc:10.1.0.10:42821|priority:0, f37a6f46-5950-4be3-9f6d-6eb53e609f63|rpc:10.1.0.10:39151|priority:0, 6b695e55-6982-478b-aea3-481865f298ec|rpc:10.1.0.10:43719|priority:1], old=null
2021-11-11 00:07:01,778 [pool-844-thread-1] INFO  server.RaftServer$Division (RaftServerImpl.java:setRole(290)) - 6b695e55-6982-478b-aea3-481865f298ec@group-4C1E298E4BB6: changes role from      null to FOLLOWER at term 0 for startAsFollower
2021-11-11 00:07:01,778 [pool-844-thread-1] INFO  impl.RoleInfo (RoleInfo.java:updateAndGet(130)) - 6b695e55-6982-478b-aea3-481865f298ec: start 6b695e55-6982-478b-aea3-481865f298ec@group-4C1E298E4BB6-FollowerState
2021-11-11 00:07:01,779 [pool-844-thread-1] INFO  util.JmxRegister (JmxRegister.java:tryRegister(44)) - Successfully registered JMX Bean with object name Ratis:service=RaftServer,group=group-4C1E298E4BB6,id=6b695e55-6982-478b-aea3-481865f298ec
2021-11-11 00:07:01,783 [Command processor thread] INFO  ratis.XceiverServerRatis (XceiverServerRatis.java:addGroup(768)) - Created group PipelineID=0ed2803a-810b-47c9-a359-4c1e298e4bb6
2021-11-11 00:07:01,830 [grpc-default-executor-3] INFO  server.RaftServer (RaftServerProxy.java:addNew(95)) - 855159a8-46d2-4956-afe8-ac9382fc30e5: addNew group-4C1E298E4BB6:[855159a8-46d2-4956-afe8-ac9382fc30e5|rpc:10.1.0.10:42821|dataStream:|priority:0, f37a6f46-5950-4be3-9f6d-6eb53e609f63|rpc:10.1.0.10:39151|dataStream:|priority:0, 6b695e55-6982-478b-aea3-481865f298ec|rpc:10.1.0.10:43719|dataStream:|priority:1] returns group-4C1E298E4BB6:java.util.concurrent.CompletableFuture@1b80d91a[Not completed]
2021-11-11 00:07:01,831 [pool-863-thread-1] INFO  server.RaftServer$Division (RaftServerImpl.java:<init>(184)) - 855159a8-46d2-4956-afe8-ac9382fc30e5: new RaftServerImpl for group-4C1E298E4BB6:[855159a8-46d2-4956-afe8-ac9382fc30e5|rpc:10.1.0.10:42821|dataStream:|priority:0, f37a6f46-5950-4be3-9f6d-6eb53e609f63|rpc:10.1.0.10:39151|dataStream:|priority:0, 6b695e55-6982-478b-aea3-481865f298ec|rpc:10.1.0.10:43719|dataStream:|priority:1] with ContainerStateMachine:uninitialized
2021-11-11 00:07:01,831 [pool-863-thread-1] INFO  server.RaftServerConfigKeys (ConfUtils.java:logGet(44)) - raft.server.rpc.timeout.min = 5s (custom)
2021-11-11 00:07:01,831 [pool-863-thread-1] INFO  server.RaftServerConfigKeys (ConfUtils.java:logGet(44)) - raft.server.rpc.timeout.max = 5200ms (custom)
2021-11-11 00:07:01,831 [pool-863-thread-1] INFO  server.RaftServerConfigKeys (ConfUtils.java:logGet(44)) - raft.server.rpc.sleep.time = 25ms (default)
2021-11-11 00:07:01,831 [pool-863-thread-1] INFO  server.RaftServerConfigKeys (ConfUtils.java:logGet(44)) - raft.server.rpc.slowness.timeout = 300000ms (custom)
2021-11-11 00:07:01,831 [pool-863-thread-1] INFO  server.RaftServerConfigKeys (ConfUtils.java:logGet(44)) - raft.server.leaderelection.leader.step-down.wait-time = 10s (default)
2021-11-11 00:07:01,831 [pool-863-thread-1] INFO  server.RaftServerConfigKeys (ConfUtils.java:logGet(44)) - raft.server.sleep.deviation.threshold = 300ms (default)
2021-11-11 00:07:01,831 [pool-863-thread-1] INFO  server.RaftServerConfigKeys (ConfUtils.java:logGet(44)) - raft.server.log.appender.install.snapshot.enabled = false (custom)
2021-11-11 00:07:01,831 [pool-863-thread-1] INFO  server.RaftServer$Division (ServerState.java:<init>(105)) - 855159a8-46d2-4956-afe8-ac9382fc30e5@group-4C1E298E4BB6: ConfigurationManager, init=-1: [855159a8-46d2-4956-afe8-ac9382fc30e5|rpc:10.1.0.10:42821|dataStream:|priority:0, f37a6f46-5950-4be3-9f6d-6eb53e609f63|rpc:10.1.0.10:39151|dataStream:|priority:0, 6b695e55-6982-478b-aea3-481865f298ec|rpc:10.1.0.10:43719|dataStream:|priority:1], old=null, confs=<EMPTY_MAP>
2021-11-11 00:07:01,832 [pool-863-thread-1] INFO  server.RaftServerConfigKeys (ConfUtils.java:logGet(44)) - raft.server.storage.dir = [/home/runner/work/ozone/ozone/hadoop-ozone/integration-test/target/test-dir/MiniOzoneClusterImpl-d5f2283b-1c97-4f43-babe-75a35a923614/datanode-4/data/ratis] (custom)
2021-11-11 00:07:01,832 [pool-863-thread-1] INFO  server.RaftServerConfigKeys (ConfUtils.java:logGet(44)) - raft.server.log.corruption.policy = EXCEPTION (default)
2021-11-11 00:07:01,832 [pool-863-thread-1] INFO  server.RaftServerConfigKeys (ConfUtils.java:logGet(44)) - raft.server.storage.free-space.min = 0MB (=0) (default)
2021-11-11 00:07:01,832 [pool-863-thread-1] INFO  storage.RaftStorageDirectory (RaftStorageDirectoryImpl.java:analyzeStorage(135)) - The storage directory /home/runner/work/ozone/ozone/hadoop-ozone/integration-test/target/test-dir/MiniOzoneClusterImpl-d5f2283b-1c97-4f43-babe-75a35a923614/datanode-4/data/ratis/0ed2803a-810b-47c9-a359-4c1e298e4bb6 does not exist. Creating ...
2021-11-11 00:07:01,833 [pool-863-thread-1] INFO  storage.RaftStorageDirectory (RaftStorageDirectoryImpl.java:tryLock(230)) - Lock on /home/runner/work/ozone/ozone/hadoop-ozone/integration-test/target/test-dir/MiniOzoneClusterImpl-d5f2283b-1c97-4f43-babe-75a35a923614/datanode-4/data/ratis/0ed2803a-810b-47c9-a359-4c1e298e4bb6/in_use.lock acquired by nodename 20903@fv-az151-339
2021-11-11 00:07:01,842 [pool-863-thread-1] INFO  storage.RaftStorage (RaftStorageImpl.java:format(89)) - Storage directory /home/runner/work/ozone/ozone/hadoop-ozone/integration-test/target/test-dir/MiniOzoneClusterImpl-d5f2283b-1c97-4f43-babe-75a35a923614/datanode-4/data/ratis/0ed2803a-810b-47c9-a359-4c1e298e4bb6 has been successfully formatted.
2021-11-11 00:07:01,847 [pool-863-thread-1] INFO  ratis.ContainerStateMachine (ContainerStateMachine.java:loadSnapshot(224)) - group-4C1E298E4BB6: The snapshot info is null. Setting the last applied indexto:(t:0, i:~)
2021-11-11 00:07:01,847 [pool-863-thread-1] INFO  server.RaftServerConfigKeys (ConfUtils.java:logGet(44)) - raft.server.notification.no-leader.timeout = 300000ms (custom)
2021-11-11 00:07:01,847 [pool-863-thread-1] INFO  server.RaftServerConfigKeys (ConfUtils.java:logGet(44)) - raft.server.log.use.memory = false (default)
2021-11-11 00:07:01,847 [pool-863-thread-1] INFO  server.RaftServerConfigKeys (ConfUtils.java:logGet(44)) - raft.server.log.purge.gap = 1000000 (custom)
2021-11-11 00:07:01,847 [pool-863-thread-1] INFO  server.RaftServerConfigKeys (ConfUtils.java:logGet(44)) - raft.server.log.appender.buffer.byte-limit = 33554432 (custom)
2021-11-11 00:07:01,848 [pool-863-thread-1] INFO  server.RaftServerConfigKeys (ConfUtils.java:logGet(44)) - raft.server.log.segment.size.max = 1048576 (custom)
2021-11-11 00:07:01,849 [pool-863-thread-1] INFO  server.RaftServerConfigKeys (ConfUtils.java:logGet(44)) - raft.server.log.segment.cache.num.max = 2 (custom)
2021-11-11 00:07:01,849 [pool-863-thread-1] INFO  server.RaftServerConfigKeys (ConfUtils.java:logGet(44)) - raft.server.log.segment.cache.size.max = 200MB (=209715200) (default)
2021-11-11 00:07:01,849 [pool-863-thread-1] INFO  segmented.SegmentedRaftLogWorker (SegmentedRaftLogWorker.java:<init>(182)) - new 855159a8-46d2-4956-afe8-ac9382fc30e5@group-4C1E298E4BB6-SegmentedRaftLogWorker for RaftStorageImpl:Storage Directory /home/runner/work/ozone/ozone/hadoop-ozone/integration-test/target/test-dir/MiniOzoneClusterImpl-d5f2283b-1c97-4f43-babe-75a35a923614/datanode-4/data/ratis/0ed2803a-810b-47c9-a359-4c1e298e4bb6
2021-11-11 00:07:01,849 [pool-863-thread-1] INFO  server.RaftServerConfigKeys (ConfUtils.java:logGet(44)) - raft.server.log.queue.byte-limit = 2147483647 (custom)
2021-11-11 00:07:01,849 [pool-863-thread-1] INFO  server.RaftServerConfigKeys (ConfUtils.java:logGet(44)) - raft.server.log.queue.element-limit = 1024 (custom)
2021-11-11 00:07:01,849 [pool-863-thread-1] INFO  server.RaftServerConfigKeys (ConfUtils.java:logGet(44)) - raft.server.log.segment.size.max = 1048576 (custom)
2021-11-11 00:07:01,850 [pool-863-thread-1] INFO  server.RaftServerConfigKeys (ConfUtils.java:logGet(44)) - raft.server.log.preallocated.size = 16384 (custom)
2021-11-11 00:07:01,850 [pool-863-thread-1] INFO  server.RaftServerConfigKeys (ConfUtils.java:logGet(44)) - raft.server.log.force.sync.num = 128 (default)
2021-11-11 00:07:01,850 [pool-863-thread-1] INFO  server.RaftServerConfigKeys (ConfUtils.java:logGet(44)) - raft.server.log.statemachine.data.sync = true (default)
2021-11-11 00:07:01,850 [pool-863-thread-1] INFO  server.RaftServerConfigKeys (ConfUtils.java:logGet(44)) - raft.server.log.statemachine.data.sync.timeout = 10s (default)
2021-11-11 00:07:01,850 [pool-863-thread-1] INFO  server.RaftServerConfigKeys (ConfUtils.java:logGet(44)) - raft.server.log.statemachine.data.sync.timeout.retry = -1 (default)
2021-11-11 00:07:01,852 [pool-863-thread-1] INFO  server.RaftServerConfigKeys (ConfUtils.java:logGet(44)) - raft.server.log.write.buffer.size = 1048576 (custom)
2021-11-11 00:07:01,852 [pool-863-thread-1] INFO  server.RaftServerConfigKeys (ConfUtils.java:logGet(44)) - raft.server.log.statemachine.data.caching.enabled = true (custom)
2021-11-11 00:07:01,852 [pool-863-thread-1] INFO  segmented.SegmentedRaftLogWorker (SegmentedRaftLogWorker.java:lambda$new$0(133)) - 855159a8-46d2-4956-afe8-ac9382fc30e5@group-4C1E298E4BB6-SegmentedRaftLogWorker: flushIndex: setUnconditionally 0 -> -1
2021-11-11 00:07:01,853 [pool-863-thread-1] INFO  segmented.SegmentedRaftLogWorker (SegmentedRaftLogWorker.java:lambda$new$0(133)) - 855159a8-46d2-4956-afe8-ac9382fc30e5@group-4C1E298E4BB6-SegmentedRaftLogWorker: safeCacheEvictIndex: setUnconditionally 0 -> -1
2021-11-11 00:07:01,853 [pool-863-thread-1] INFO  server.RaftServerConfigKeys (ConfUtils.java:logGet(44)) - raft.server.snapshot.auto.trigger.enabled = true (custom)
2021-11-11 00:07:01,853 [pool-863-thread-1] INFO  server.RaftServerConfigKeys (ConfUtils.java:logGet(44)) - raft.server.snapshot.auto.trigger.threshold = 10000 (custom)
2021-11-11 00:07:01,853 [pool-863-thread-1] INFO  server.RaftServerConfigKeys (ConfUtils.java:logGet(44)) - raft.server.snapshot.retention.file.num = 5 (custom)
2021-11-11 00:07:01,853 [pool-863-thread-1] INFO  server.RaftServerConfigKeys (ConfUtils.java:logGet(44)) - raft.server.log.purge.upto.snapshot.index = false (default)
2021-11-11 00:07:01,853 [pool-863-thread-1] INFO  server.RaftServerConfigKeys (ConfUtils.java:logGet(44)) - raft.server.retrycache.expirytime = 600000ms (custom)
2021-11-11 00:07:01,853 [pool-863-thread-1] INFO  server.RaftServerConfigKeys (ConfUtils.java:logGet(44)) - raft.server.retrycache.statistics.expirytime = 100μs (default)
2021-11-11 00:07:01,855 [pool-863-thread-1] INFO  server.RaftServer$Division (RaftServerImpl.java:start(301)) - 855159a8-46d2-4956-afe8-ac9382fc30e5@group-4C1E298E4BB6: start as a follower, conf=-1: [855159a8-46d2-4956-afe8-ac9382fc30e5|rpc:10.1.0.10:42821|dataStream:|priority:0, f37a6f46-5950-4be3-9f6d-6eb53e609f63|rpc:10.1.0.10:39151|dataStream:|priority:0, 6b695e55-6982-478b-aea3-481865f298ec|rpc:10.1.0.10:43719|dataStream:|priority:1], old=null
2021-11-11 00:07:01,856 [pool-863-thread-1] INFO  server.RaftServer$Division (RaftServerImpl.java:setRole(290)) - 855159a8-46d2-4956-afe8-ac9382fc30e5@group-4C1E298E4BB6: changes role from      null to FOLLOWER at term 0 for startAsFollower
2021-11-11 00:07:01,856 [pool-863-thread-1] INFO  impl.RoleInfo (RoleInfo.java:updateAndGet(130)) - 855159a8-46d2-4956-afe8-ac9382fc30e5: start 855159a8-46d2-4956-afe8-ac9382fc30e5@group-4C1E298E4BB6-FollowerState
2021-11-11 00:07:01,857 [pool-863-thread-1] INFO  util.JmxRegister (JmxRegister.java:tryRegister(44)) - Successfully registered JMX Bean with object name Ratis:service=RaftServer,group=group-4C1E298E4BB6,id=855159a8-46d2-4956-afe8-ac9382fc30e5
2021-11-11 00:07:01,959 [grpc-default-executor-3] INFO  server.RaftServer (RaftServerProxy.java:addNew(95)) - f37a6f46-5950-4be3-9f6d-6eb53e609f63: addNew group-4C1E298E4BB6:[855159a8-46d2-4956-afe8-ac9382fc30e5|rpc:10.1.0.10:42821|dataStream:|priority:0, f37a6f46-5950-4be3-9f6d-6eb53e609f63|rpc:10.1.0.10:39151|dataStream:|priority:0, 6b695e55-6982-478b-aea3-481865f298ec|rpc:10.1.0.10:43719|dataStream:|priority:1] returns group-4C1E298E4BB6:java.util.concurrent.CompletableFuture@51b8781f[Not completed]
2021-11-11 00:07:01,973 [pool-882-thread-1] INFO  server.RaftServer$Division (RaftServerImpl.java:<init>(184)) - f37a6f46-5950-4be3-9f6d-6eb53e609f63: new RaftServerImpl for group-4C1E298E4BB6:[855159a8-46d2-4956-afe8-ac9382fc30e5|rpc:10.1.0.10:42821|dataStream:|priority:0, f37a6f46-5950-4be3-9f6d-6eb53e609f63|rpc:10.1.0.10:39151|dataStream:|priority:0, 6b695e55-6982-478b-aea3-481865f298ec|rpc:10.1.0.10:43719|dataStream:|priority:1] with ContainerStateMachine:uninitialized
2021-11-11 00:07:01,973 [pool-882-thread-1] INFO  server.RaftServerConfigKeys (ConfUtils.java:logGet(44)) - raft.server.rpc.timeout.min = 5s (custom)
2021-11-11 00:07:01,973 [pool-882-thread-1] INFO  server.RaftServerConfigKeys (ConfUtils.java:logGet(44)) - raft.server.rpc.timeout.max = 5200ms (custom)
2021-11-11 00:07:01,974 [pool-882-thread-1] INFO  server.RaftServerConfigKeys (ConfUtils.java:logGet(44)) - raft.server.rpc.sleep.time = 25ms (default)
2021-11-11 00:07:01,974 [pool-882-thread-1] INFO  server.RaftServerConfigKeys (ConfUtils.java:logGet(44)) - raft.server.rpc.slowness.timeout = 300000ms (custom)
2021-11-11 00:07:01,974 [pool-882-thread-1] INFO  server.RaftServerConfigKeys (ConfUtils.java:logGet(44)) - raft.server.leaderelection.leader.step-down.wait-time = 10s (default)
2021-11-11 00:07:01,974 [pool-882-thread-1] INFO  server.RaftServerConfigKeys (ConfUtils.java:logGet(44)) - raft.server.sleep.deviation.threshold = 300ms (default)
2021-11-11 00:07:01,974 [Listener at 127.0.0.1/36803] INFO  ozone.MiniOzoneClusterImpl (MiniOzoneClusterImpl.java:lambda$waitForClusterToBeReady$0(235)) - Nodes are ready. Got 9 of 9 DN Heartbeats.
2021-11-11 00:07:01,974 [Listener at 127.0.0.1/36803] INFO  ozone.MiniOzoneClusterImpl (MiniOzoneClusterImpl.java:lambda$waitForClusterToBeReady$0(238)) - Waiting for cluster to exit safe mode
2021-11-11 00:07:01,974 [Listener at 127.0.0.1/36803] INFO  ozone.MiniOzoneClusterImpl (MiniOzoneClusterImpl.java:lambda$waitForClusterToBeReady$0(240)) - SCM became leader
2021-11-11 00:07:01,974 [pool-882-thread-1] INFO  server.RaftServerConfigKeys (ConfUtils.java:logGet(44)) - raft.server.log.appender.install.snapshot.enabled = false (custom)
2021-11-11 00:07:01,974 [pool-882-thread-1] INFO  server.RaftServer$Division (ServerState.java:<init>(105)) - f37a6f46-5950-4be3-9f6d-6eb53e609f63@group-4C1E298E4BB6: ConfigurationManager, init=-1: [855159a8-46d2-4956-afe8-ac9382fc30e5|rpc:10.1.0.10:42821|dataStream:|priority:0, f37a6f46-5950-4be3-9f6d-6eb53e609f63|rpc:10.1.0.10:39151|dataStream:|priority:0, 6b695e55-6982-478b-aea3-481865f298ec|rpc:10.1.0.10:43719|dataStream:|priority:1], old=null, confs=<EMPTY_MAP>
2021-11-11 00:07:01,974 [pool-882-thread-1] INFO  server.RaftServerConfigKeys (ConfUtils.java:logGet(44)) - raft.server.storage.dir = [/home/runner/work/ozone/ozone/hadoop-ozone/integration-test/target/test-dir/MiniOzoneClusterImpl-d5f2283b-1c97-4f43-babe-75a35a923614/datanode-5/data/ratis] (custom)
2021-11-11 00:07:01,975 [pool-882-thread-1] INFO  server.RaftServerConfigKeys (ConfUtils.java:logGet(44)) - raft.server.log.corruption.policy = EXCEPTION (default)
2021-11-11 00:07:01,975 [pool-882-thread-1] INFO  server.RaftServerConfigKeys (ConfUtils.java:logGet(44)) - raft.server.storage.free-space.min = 0MB (=0) (default)
2021-11-11 00:07:01,975 [pool-882-thread-1] INFO  storage.RaftStorageDirectory (RaftStorageDirectoryImpl.java:analyzeStorage(135)) - The storage directory /home/runner/work/ozone/ozone/hadoop-ozone/integration-test/target/test-dir/MiniOzoneClusterImpl-d5f2283b-1c97-4f43-babe-75a35a923614/datanode-5/data/ratis/0ed2803a-810b-47c9-a359-4c1e298e4bb6 does not exist. Creating ...
2021-11-11 00:07:01,976 [pool-882-thread-1] INFO  storage.RaftStorageDirectory (RaftStorageDirectoryImpl.java:tryLock(230)) - Lock on /home/runner/work/ozone/ozone/hadoop-ozone/integration-test/target/test-dir/MiniOzoneClusterImpl-d5f2283b-1c97-4f43-babe-75a35a923614/datanode-5/data/ratis/0ed2803a-810b-47c9-a359-4c1e298e4bb6/in_use.lock acquired by nodename 20903@fv-az151-339
2021-11-11 00:07:01,978 [pool-882-thread-1] INFO  storage.RaftStorage (RaftStorageImpl.java:format(89)) - Storage directory /home/runner/work/ozone/ozone/hadoop-ozone/integration-test/target/test-dir/MiniOzoneClusterImpl-d5f2283b-1c97-4f43-babe-75a35a923614/datanode-5/data/ratis/0ed2803a-810b-47c9-a359-4c1e298e4bb6 has been successfully formatted.
2021-11-11 00:07:01,988 [pool-882-thread-1] INFO  ratis.ContainerStateMachine (ContainerStateMachine.java:loadSnapshot(224)) - group-4C1E298E4BB6: The snapshot info is null. Setting the last applied indexto:(t:0, i:~)
2021-11-11 00:07:01,989 [pool-882-thread-1] INFO  server.RaftServerConfigKeys (ConfUtils.java:logGet(44)) - raft.server.notification.no-leader.timeout = 300000ms (custom)
2021-11-11 00:07:01,989 [pool-882-thread-1] INFO  server.RaftServerConfigKeys (ConfUtils.java:logGet(44)) - raft.server.log.use.memory = false (default)
2021-11-11 00:07:01,989 [pool-882-thread-1] INFO  server.RaftServerConfigKeys (ConfUtils.java:logGet(44)) - raft.server.log.purge.gap = 1000000 (custom)
2021-11-11 00:07:01,989 [pool-882-thread-1] INFO  server.RaftServerConfigKeys (ConfUtils.java:logGet(44)) - raft.server.log.appender.buffer.byte-limit = 33554432 (custom)
2021-11-11 00:07:01,990 [pool-882-thread-1] INFO  server.RaftServerConfigKeys (ConfUtils.java:logGet(44)) - raft.server.log.segment.size.max = 1048576 (custom)
2021-11-11 00:07:01,991 [pool-882-thread-1] INFO  server.RaftServerConfigKeys (ConfUtils.java:logGet(44)) - raft.server.log.segment.cache.num.max = 2 (custom)
2021-11-11 00:07:01,991 [pool-882-thread-1] INFO  server.RaftServerConfigKeys (ConfUtils.java:logGet(44)) - raft.server.log.segment.cache.size.max = 200MB (=209715200) (default)
2021-11-11 00:07:01,991 [pool-882-thread-1] INFO  segmented.SegmentedRaftLogWorker (SegmentedRaftLogWorker.java:<init>(182)) - new f37a6f46-5950-4be3-9f6d-6eb53e609f63@group-4C1E298E4BB6-SegmentedRaftLogWorker for RaftStorageImpl:Storage Directory /home/runner/work/ozone/ozone/hadoop-ozone/integration-test/target/test-dir/MiniOzoneClusterImpl-d5f2283b-1c97-4f43-babe-75a35a923614/datanode-5/data/ratis/0ed2803a-810b-47c9-a359-4c1e298e4bb6
2021-11-11 00:07:01,991 [pool-882-thread-1] INFO  server.RaftServerConfigKeys (ConfUtils.java:logGet(44)) - raft.server.log.queue.byte-limit = 2147483647 (custom)
2021-11-11 00:07:01,991 [pool-882-thread-1] INFO  server.RaftServerConfigKeys (ConfUtils.java:logGet(44)) - raft.server.log.queue.element-limit = 1024 (custom)
2021-11-11 00:07:01,991 [pool-882-thread-1] INFO  server.RaftServerConfigKeys (ConfUtils.java:logGet(44)) - raft.server.log.segment.size.max = 1048576 (custom)
2021-11-11 00:07:01,991 [pool-882-thread-1] INFO  server.RaftServerConfigKeys (ConfUtils.java:logGet(44)) - raft.server.log.preallocated.size = 16384 (custom)
2021-11-11 00:07:01,991 [pool-882-thread-1] INFO  server.RaftServerConfigKeys (ConfUtils.java:logGet(44)) - raft.server.log.force.sync.num = 128 (default)
2021-11-11 00:07:01,991 [pool-882-thread-1] INFO  server.RaftServerConfigKeys (ConfUtils.java:logGet(44)) - raft.server.log.statemachine.data.sync = true (default)
2021-11-11 00:07:01,991 [pool-882-thread-1] INFO  server.RaftServerConfigKeys (ConfUtils.java:logGet(44)) - raft.server.log.statemachine.data.sync.timeout = 10s (default)
2021-11-11 00:07:01,991 [pool-882-thread-1] INFO  server.RaftServerConfigKeys (ConfUtils.java:logGet(44)) - raft.server.log.statemachine.data.sync.timeout.retry = -1 (default)
2021-11-11 00:07:01,997 [pool-882-thread-1] INFO  server.RaftServerConfigKeys (ConfUtils.java:logGet(44)) - raft.server.log.write.buffer.size = 1048576 (custom)
2021-11-11 00:07:01,998 [pool-882-thread-1] INFO  server.RaftServerConfigKeys (ConfUtils.java:logGet(44)) - raft.server.log.statemachine.data.caching.enabled = true (custom)
2021-11-11 00:07:01,998 [pool-882-thread-1] INFO  segmented.SegmentedRaftLogWorker (SegmentedRaftLogWorker.java:lambda$new$0(133)) - f37a6f46-5950-4be3-9f6d-6eb53e609f63@group-4C1E298E4BB6-SegmentedRaftLogWorker: flushIndex: setUnconditionally 0 -> -1
2021-11-11 00:07:01,999 [pool-882-thread-1] INFO  segmented.SegmentedRaftLogWorker (SegmentedRaftLogWorker.java:lambda$new$0(133)) - f37a6f46-5950-4be3-9f6d-6eb53e609f63@group-4C1E298E4BB6-SegmentedRaftLogWorker: safeCacheEvictIndex: setUnconditionally 0 -> -1
2021-11-11 00:07:01,999 [pool-882-thread-1] INFO  server.RaftServerConfigKeys (ConfUtils.java:logGet(44)) - raft.server.snapshot.auto.trigger.enabled = true (custom)
2021-11-11 00:07:01,999 [pool-882-thread-1] INFO  server.RaftServerConfigKeys (ConfUtils.java:logGet(44)) - raft.server.snapshot.auto.trigger.threshold = 10000 (custom)
2021-11-11 00:07:01,999 [pool-882-thread-1] INFO  server.RaftServerConfigKeys (ConfUtils.java:logGet(44)) - raft.server.snapshot.retention.file.num = 5 (custom)
2021-11-11 00:07:01,999 [pool-882-thread-1] INFO  server.RaftServerConfigKeys (ConfUtils.java:logGet(44)) - raft.server.log.purge.upto.snapshot.index = false (default)
2021-11-11 00:07:01,999 [pool-882-thread-1] INFO  server.RaftServerConfigKeys (ConfUtils.java:logGet(44)) - raft.server.retrycache.expirytime = 600000ms (custom)
2021-11-11 00:07:01,999 [pool-882-thread-1] INFO  server.RaftServerConfigKeys (ConfUtils.java:logGet(44)) - raft.server.retrycache.statistics.expirytime = 100μs (default)
2021-11-11 00:07:02,007 [Command processor thread] INFO  server.RaftServer (RaftServerProxy.java:addNew(95)) - 855159a8-46d2-4956-afe8-ac9382fc30e5: addNew group-EAD26FA73F49:[855159a8-46d2-4956-afe8-ac9382fc30e5|rpc:10.1.0.10:42821|priority:1] returns group-EAD26FA73F49:java.util.concurrent.CompletableFuture@2cd72bd9[Not completed]
2021-11-11 00:07:02,007 [pool-863-thread-1] INFO  server.RaftServer$Division (RaftServerImpl.java:<init>(184)) - 855159a8-46d2-4956-afe8-ac9382fc30e5: new RaftServerImpl for group-EAD26FA73F49:[855159a8-46d2-4956-afe8-ac9382fc30e5|rpc:10.1.0.10:42821|priority:1] with ContainerStateMachine:uninitialized
2021-11-11 00:07:02,008 [pool-863-thread-1] INFO  server.RaftServerConfigKeys (ConfUtils.java:logGet(44)) - raft.server.rpc.timeout.min = 5s (custom)
2021-11-11 00:07:02,008 [pool-863-thread-1] INFO  server.RaftServerConfigKeys (ConfUtils.java:logGet(44)) - raft.server.rpc.timeout.max = 5200ms (custom)
2021-11-11 00:07:02,008 [pool-863-thread-1] INFO  server.RaftServerConfigKeys (ConfUtils.java:logGet(44)) - raft.server.rpc.sleep.time = 25ms (default)
2021-11-11 00:07:02,008 [pool-863-thread-1] INFO  server.RaftServerConfigKeys (ConfUtils.java:logGet(44)) - raft.server.rpc.slowness.timeout = 300000ms (custom)
2021-11-11 00:07:02,008 [pool-863-thread-1] INFO  server.RaftServerConfigKeys (ConfUtils.java:logGet(44)) - raft.server.leaderelection.leader.step-down.wait-time = 10s (default)
2021-11-11 00:07:02,008 [pool-863-thread-1] INFO  server.RaftServerConfigKeys (ConfUtils.java:logGet(44)) - raft.server.sleep.deviation.threshold = 300ms (default)
2021-11-11 00:07:02,008 [pool-863-thread-1] INFO  server.RaftServerConfigKeys (ConfUtils.java:logGet(44)) - raft.server.log.appender.install.snapshot.enabled = false (custom)
2021-11-11 00:07:02,008 [pool-863-thread-1] INFO  server.RaftServer$Division (ServerState.java:<init>(105)) - 855159a8-46d2-4956-afe8-ac9382fc30e5@group-EAD26FA73F49: ConfigurationManager, init=-1: [855159a8-46d2-4956-afe8-ac9382fc30e5|rpc:10.1.0.10:42821|priority:1], old=null, confs=<EMPTY_MAP>
2021-11-11 00:07:02,008 [pool-863-thread-1] INFO  server.RaftServerConfigKeys (ConfUtils.java:logGet(44)) - raft.server.storage.dir = [/home/runner/work/ozone/ozone/hadoop-ozone/integration-test/target/test-dir/MiniOzoneClusterImpl-d5f2283b-1c97-4f43-babe-75a35a923614/datanode-4/data/ratis] (custom)
2021-11-11 00:07:02,008 [pool-863-thread-1] INFO  server.RaftServerConfigKeys (ConfUtils.java:logGet(44)) - raft.server.log.corruption.policy = EXCEPTION (default)
2021-11-11 00:07:02,008 [pool-863-thread-1] INFO  server.RaftServerConfigKeys (ConfUtils.java:logGet(44)) - raft.server.storage.free-space.min = 0MB (=0) (default)
2021-11-11 00:07:02,008 [pool-863-thread-1] INFO  storage.RaftStorageDirectory (RaftStorageDirectoryImpl.java:analyzeStorage(135)) - The storage directory /home/runner/work/ozone/ozone/hadoop-ozone/integration-test/target/test-dir/MiniOzoneClusterImpl-d5f2283b-1c97-4f43-babe-75a35a923614/datanode-4/data/ratis/017c3729-644e-466c-86bc-ead26fa73f49 does not exist. Creating ...
2021-11-11 00:07:02,013 [pool-882-thread-1] INFO  server.RaftServer$Division (RaftServerImpl.java:start(301)) - f37a6f46-5950-4be3-9f6d-6eb53e609f63@group-4C1E298E4BB6: start as a follower, conf=-1: [855159a8-46d2-4956-afe8-ac9382fc30e5|rpc:10.1.0.10:42821|dataStream:|priority:0, f37a6f46-5950-4be3-9f6d-6eb53e609f63|rpc:10.1.0.10:39151|dataStream:|priority:0, 6b695e55-6982-478b-aea3-481865f298ec|rpc:10.1.0.10:43719|dataStream:|priority:1], old=null
2021-11-11 00:07:02,014 [pool-882-thread-1] INFO  server.RaftServer$Division (RaftServerImpl.java:setRole(290)) - f37a6f46-5950-4be3-9f6d-6eb53e609f63@group-4C1E298E4BB6: changes role from      null to FOLLOWER at term 0 for startAsFollower
2021-11-11 00:07:02,014 [pool-882-thread-1] INFO  impl.RoleInfo (RoleInfo.java:updateAndGet(130)) - f37a6f46-5950-4be3-9f6d-6eb53e609f63: start f37a6f46-5950-4be3-9f6d-6eb53e609f63@group-4C1E298E4BB6-FollowerState
2021-11-11 00:07:02,015 [pool-863-thread-1] INFO  storage.RaftStorageDirectory (RaftStorageDirectoryImpl.java:tryLock(230)) - Lock on /home/runner/work/ozone/ozone/hadoop-ozone/integration-test/target/test-dir/MiniOzoneClusterImpl-d5f2283b-1c97-4f43-babe-75a35a923614/datanode-4/data/ratis/017c3729-644e-466c-86bc-ead26fa73f49/in_use.lock acquired by nodename 20903@fv-az151-339
2021-11-11 00:07:02,021 [pool-882-thread-1] INFO  util.JmxRegister (JmxRegister.java:tryRegister(44)) - Successfully registered JMX Bean with object name Ratis:service=RaftServer,group=group-4C1E298E4BB6,id=f37a6f46-5950-4be3-9f6d-6eb53e609f63
2021-11-11 00:07:02,023 [pool-863-thread-1] INFO  storage.RaftStorage (RaftStorageImpl.java:format(89)) - Storage directory /home/runner/work/ozone/ozone/hadoop-ozone/integration-test/target/test-dir/MiniOzoneClusterImpl-d5f2283b-1c97-4f43-babe-75a35a923614/datanode-4/data/ratis/017c3729-644e-466c-86bc-ead26fa73f49 has been successfully formatted.
2021-11-11 00:07:02,051 [pool-863-thread-1] INFO  ratis.ContainerStateMachine (ContainerStateMachine.java:loadSnapshot(224)) - group-EAD26FA73F49: The snapshot info is null. Setting the last applied indexto:(t:0, i:~)
2021-11-11 00:07:02,052 [pool-863-thread-1] INFO  server.RaftServerConfigKeys (ConfUtils.java:logGet(44)) - raft.server.notification.no-leader.timeout = 300000ms (custom)
2021-11-11 00:07:02,052 [pool-863-thread-1] INFO  server.RaftServerConfigKeys (ConfUtils.java:logGet(44)) - raft.server.log.use.memory = false (default)
2021-11-11 00:07:02,052 [pool-863-thread-1] INFO  server.RaftServerConfigKeys (ConfUtils.java:logGet(44)) - raft.server.log.purge.gap = 1000000 (custom)
2021-11-11 00:07:02,052 [pool-863-thread-1] INFO  server.RaftServerConfigKeys (ConfUtils.java:logGet(44)) - raft.server.log.appender.buffer.byte-limit = 33554432 (custom)
2021-11-11 00:07:02,052 [pool-863-thread-1] INFO  server.RaftServerConfigKeys (ConfUtils.java:logGet(44)) - raft.server.log.segment.size.max = 1048576 (custom)
2021-11-11 00:07:02,056 [pool-863-thread-1] INFO  server.RaftServerConfigKeys (ConfUtils.java:logGet(44)) - raft.server.log.segment.cache.num.max = 2 (custom)
2021-11-11 00:07:02,057 [pool-863-thread-1] INFO  server.RaftServerConfigKeys (ConfUtils.java:logGet(44)) - raft.server.log.segment.cache.size.max = 200MB (=209715200) (default)
2021-11-11 00:07:02,058 [pool-863-thread-1] INFO  segmented.SegmentedRaftLogWorker (SegmentedRaftLogWorker.java:<init>(182)) - new 855159a8-46d2-4956-afe8-ac9382fc30e5@group-EAD26FA73F49-SegmentedRaftLogWorker for RaftStorageImpl:Storage Directory /home/runner/work/ozone/ozone/hadoop-ozone/integration-test/target/test-dir/MiniOzoneClusterImpl-d5f2283b-1c97-4f43-babe-75a35a923614/datanode-4/data/ratis/017c3729-644e-466c-86bc-ead26fa73f49
2021-11-11 00:07:02,058 [pool-863-thread-1] INFO  server.RaftServerConfigKeys (ConfUtils.java:logGet(44)) - raft.server.log.queue.byte-limit = 2147483647 (custom)
2021-11-11 00:07:02,058 [pool-863-thread-1] INFO  server.RaftServerConfigKeys (ConfUtils.java:logGet(44)) - raft.server.log.queue.element-limit = 1024 (custom)
2021-11-11 00:07:02,058 [pool-863-thread-1] INFO  server.RaftServerConfigKeys (ConfUtils.java:logGet(44)) - raft.server.log.segment.size.max = 1048576 (custom)
2021-11-11 00:07:02,058 [pool-863-thread-1] INFO  server.RaftServerConfigKeys (ConfUtils.java:logGet(44)) - raft.server.log.preallocated.size = 16384 (custom)
2021-11-11 00:07:02,058 [pool-863-thread-1] INFO  server.RaftServerConfigKeys (ConfUtils.java:logGet(44)) - raft.server.log.force.sync.num = 128 (default)
2021-11-11 00:07:02,058 [pool-863-thread-1] INFO  server.RaftServerConfigKeys (ConfUtils.java:logGet(44)) - raft.server.log.statemachine.data.sync = true (default)
2021-11-11 00:07:02,058 [pool-863-thread-1] INFO  server.RaftServerConfigKeys (ConfUtils.java:logGet(44)) - raft.server.log.statemachine.data.sync.timeout = 10s (default)
2021-11-11 00:07:02,058 [pool-863-thread-1] INFO  server.RaftServerConfigKeys (ConfUtils.java:logGet(44)) - raft.server.log.statemachine.data.sync.timeout.retry = -1 (default)
2021-11-11 00:07:02,061 [pool-863-thread-1] INFO  server.RaftServerConfigKeys (ConfUtils.java:logGet(44)) - raft.server.log.write.buffer.size = 1048576 (custom)
2021-11-11 00:07:02,062 [pool-863-thread-1] INFO  server.RaftServerConfigKeys (ConfUtils.java:logGet(44)) - raft.server.log.statemachine.data.caching.enabled = true (custom)
2021-11-11 00:07:02,062 [pool-863-thread-1] INFO  segmented.SegmentedRaftLogWorker (SegmentedRaftLogWorker.java:lambda$new$0(133)) - 855159a8-46d2-4956-afe8-ac9382fc30e5@group-EAD26FA73F49-SegmentedRaftLogWorker: flushIndex: setUnconditionally 0 -> -1
2021-11-11 00:07:02,062 [pool-863-thread-1] INFO  segmented.SegmentedRaftLogWorker (SegmentedRaftLogWorker.java:lambda$new$0(133)) - 855159a8-46d2-4956-afe8-ac9382fc30e5@group-EAD26FA73F49-SegmentedRaftLogWorker: safeCacheEvictIndex: setUnconditionally 0 -> -1
2021-11-11 00:07:02,063 [EventQueue-PipelineReportForPipelineReportHandler] INFO  pipeline.PipelineManagerImpl (PipelineManagerImpl.java:openPipeline(289)) - Pipeline Pipeline[ Id: 017c3729-644e-466c-86bc-ead26fa73f49, Nodes: 855159a8-46d2-4956-afe8-ac9382fc30e5{ip: 10.1.0.10, host: fv-az151-339.yf2hydr00wburbhx3j5hxtcipe.bx.internal.cloudapp.net, ports: [REPLICATION=43031, RATIS=42821, RATIS_ADMIN=42821, RATIS_SERVER=42821, STANDALONE=42135], networkLocation: /default-rack, certSerialId: null, persistedOpState: IN_SERVICE, persistedOpStateExpiryEpochSec: 0}, ReplicationConfig: RATIS/ONE, State:ALLOCATED, leaderId:855159a8-46d2-4956-afe8-ac9382fc30e5, CreationTimestamp2021-11-11T00:06:59.009Z[Etc/UTC]] moved to OPEN state
2021-11-11 00:07:02,064 [EventQueue-OpenPipelineForHealthyPipelineSafeModeRule] INFO  safemode.SCMSafeModeManager (HealthyPipelineSafeModeRule.java:process(124)) - SCM in safe mode. Healthy pipelines reported count is 0, required healthy pipeline reported count is 1
2021-11-11 00:07:02,065 [pool-863-thread-1] INFO  server.RaftServerConfigKeys (ConfUtils.java:logGet(44)) - raft.server.snapshot.auto.trigger.enabled = true (custom)
2021-11-11 00:07:02,065 [pool-863-thread-1] INFO  server.RaftServerConfigKeys (ConfUtils.java:logGet(44)) - raft.server.snapshot.auto.trigger.threshold = 10000 (custom)
2021-11-11 00:07:02,065 [pool-863-thread-1] INFO  server.RaftServerConfigKeys (ConfUtils.java:logGet(44)) - raft.server.snapshot.retention.file.num = 5 (custom)
2021-11-11 00:07:02,065 [pool-863-thread-1] INFO  server.RaftServerConfigKeys (ConfUtils.java:logGet(44)) - raft.server.log.purge.upto.snapshot.index = false (default)
2021-11-11 00:07:02,065 [pool-863-thread-1] INFO  server.RaftServerConfigKeys (ConfUtils.java:logGet(44)) - raft.server.retrycache.expirytime = 600000ms (custom)
2021-11-11 00:07:02,065 [pool-863-thread-1] INFO  server.RaftServerConfigKeys (ConfUtils.java:logGet(44)) - raft.server.retrycache.statistics.expirytime = 100μs (default)
2021-11-11 00:07:02,068 [pool-863-thread-1] INFO  server.RaftServer$Division (RaftServerImpl.java:start(301)) - 855159a8-46d2-4956-afe8-ac9382fc30e5@group-EAD26FA73F49: start as a follower, conf=-1: [855159a8-46d2-4956-afe8-ac9382fc30e5|rpc:10.1.0.10:42821|priority:1], old=null
2021-11-11 00:07:02,068 [pool-863-thread-1] INFO  server.RaftServer$Division (RaftServerImpl.java:setRole(290)) - 855159a8-46d2-4956-afe8-ac9382fc30e5@group-EAD26FA73F49: changes role from      null to FOLLOWER at term 0 for startAsFollower
2021-11-11 00:07:02,068 [pool-863-thread-1] INFO  impl.RoleInfo (RoleInfo.java:updateAndGet(130)) - 855159a8-46d2-4956-afe8-ac9382fc30e5: start 855159a8-46d2-4956-afe8-ac9382fc30e5@group-EAD26FA73F49-FollowerState
2021-11-11 00:07:02,087 [pool-863-thread-1] INFO  util.JmxRegister (JmxRegister.java:tryRegister(44)) - Successfully registered JMX Bean with object name Ratis:service=RaftServer,group=group-EAD26FA73F49,id=855159a8-46d2-4956-afe8-ac9382fc30e5
2021-11-11 00:07:02,109 [Command processor thread] INFO  commandhandler.CreatePipelineCommandHandler (CreatePipelineCommandHandler.java:handle(106)) - Created Pipeline RATIS THREE PipelineID=0ed2803a-810b-47c9-a359-4c1e298e4bb6.
2021-11-11 00:07:02,128 [Command processor thread] INFO  ratis.XceiverServerRatis (XceiverServerRatis.java:addGroup(768)) - Created group PipelineID=017c3729-644e-466c-86bc-ead26fa73f49
2021-11-11 00:07:02,128 [Command processor thread] INFO  commandhandler.CreatePipelineCommandHandler (CreatePipelineCommandHandler.java:handle(106)) - Created Pipeline RATIS ONE PipelineID=017c3729-644e-466c-86bc-ead26fa73f49.
2021-11-11 00:07:02,475 [Command processor thread] INFO  server.RaftServer (RaftServerProxy.java:addNew(95)) - f37a6f46-5950-4be3-9f6d-6eb53e609f63: addNew group-ED7AB6A8DB8C:[f37a6f46-5950-4be3-9f6d-6eb53e609f63|rpc:10.1.0.10:39151|priority:1] returns group-ED7AB6A8DB8C:java.util.concurrent.CompletableFuture@72cc9fb0[Not completed]
2021-11-11 00:07:02,477 [pool-882-thread-1] INFO  server.RaftServer$Division (RaftServerImpl.java:<init>(184)) - f37a6f46-5950-4be3-9f6d-6eb53e609f63: new RaftServerImpl for group-ED7AB6A8DB8C:[f37a6f46-5950-4be3-9f6d-6eb53e609f63|rpc:10.1.0.10:39151|priority:1] with ContainerStateMachine:uninitialized
2021-11-11 00:07:02,477 [pool-882-thread-1] INFO  server.RaftServerConfigKeys (ConfUtils.java:logGet(44)) - raft.server.rpc.timeout.min = 5s (custom)
2021-11-11 00:07:02,477 [pool-882-thread-1] INFO  server.RaftServerConfigKeys (ConfUtils.java:logGet(44)) - raft.server.rpc.timeout.max = 5200ms (custom)
2021-11-11 00:07:02,477 [pool-882-thread-1] INFO  server.RaftServerConfigKeys (ConfUtils.java:logGet(44)) - raft.server.rpc.sleep.time = 25ms (default)
2021-11-11 00:07:02,477 [pool-882-thread-1] INFO  server.RaftServerConfigKeys (ConfUtils.java:logGet(44)) - raft.server.rpc.slowness.timeout = 300000ms (custom)
2021-11-11 00:07:02,477 [pool-882-thread-1] INFO  server.RaftServerConfigKeys (ConfUtils.java:logGet(44)) - raft.server.leaderelection.leader.step-down.wait-time = 10s (default)
2021-11-11 00:07:02,477 [pool-882-thread-1] INFO  server.RaftServerConfigKeys (ConfUtils.java:logGet(44)) - raft.server.sleep.deviation.threshold = 300ms (default)
2021-11-11 00:07:02,477 [pool-882-thread-1] INFO  server.RaftServerConfigKeys (ConfUtils.java:logGet(44)) - raft.server.log.appender.install.snapshot.enabled = false (custom)
2021-11-11 00:07:02,477 [pool-882-thread-1] INFO  server.RaftServer$Division (ServerState.java:<init>(105)) - f37a6f46-5950-4be3-9f6d-6eb53e609f63@group-ED7AB6A8DB8C: ConfigurationManager, init=-1: [f37a6f46-5950-4be3-9f6d-6eb53e609f63|rpc:10.1.0.10:39151|priority:1], old=null, confs=<EMPTY_MAP>
2021-11-11 00:07:02,477 [pool-882-thread-1] INFO  server.RaftServerConfigKeys (ConfUtils.java:logGet(44)) - raft.server.storage.dir = [/home/runner/work/ozone/ozone/hadoop-ozone/integration-test/target/test-dir/MiniOzoneClusterImpl-d5f2283b-1c97-4f43-babe-75a35a923614/datanode-5/data/ratis] (custom)
2021-11-11 00:07:02,477 [pool-882-thread-1] INFO  server.RaftServerConfigKeys (ConfUtils.java:logGet(44)) - raft.server.log.corruption.policy = EXCEPTION (default)
2021-11-11 00:07:02,477 [pool-882-thread-1] INFO  server.RaftServerConfigKeys (ConfUtils.java:logGet(44)) - raft.server.storage.free-space.min = 0MB (=0) (default)
2021-11-11 00:07:02,478 [pool-882-thread-1] INFO  storage.RaftStorageDirectory (RaftStorageDirectoryImpl.java:analyzeStorage(135)) - The storage directory /home/runner/work/ozone/ozone/hadoop-ozone/integration-test/target/test-dir/MiniOzoneClusterImpl-d5f2283b-1c97-4f43-babe-75a35a923614/datanode-5/data/ratis/9103f27b-b0c3-4f05-ba12-ed7ab6a8db8c does not exist. Creating ...
2021-11-11 00:07:02,479 [pool-882-thread-1] INFO  storage.RaftStorageDirectory (RaftStorageDirectoryImpl.java:tryLock(230)) - Lock on /home/runner/work/ozone/ozone/hadoop-ozone/integration-test/target/test-dir/MiniOzoneClusterImpl-d5f2283b-1c97-4f43-babe-75a35a923614/datanode-5/data/ratis/9103f27b-b0c3-4f05-ba12-ed7ab6a8db8c/in_use.lock acquired by nodename 20903@fv-az151-339
2021-11-11 00:07:02,483 [pool-882-thread-1] INFO  storage.RaftStorage (RaftStorageImpl.java:format(89)) - Storage directory /home/runner/work/ozone/ozone/hadoop-ozone/integration-test/target/test-dir/MiniOzoneClusterImpl-d5f2283b-1c97-4f43-babe-75a35a923614/datanode-5/data/ratis/9103f27b-b0c3-4f05-ba12-ed7ab6a8db8c has been successfully formatted.
2021-11-11 00:07:02,483 [pool-882-thread-1] INFO  ratis.ContainerStateMachine (ContainerStateMachine.java:loadSnapshot(224)) - group-ED7AB6A8DB8C: The snapshot info is null. Setting the last applied indexto:(t:0, i:~)
2021-11-11 00:07:02,483 [pool-882-thread-1] INFO  server.RaftServerConfigKeys (ConfUtils.java:logGet(44)) - raft.server.notification.no-leader.timeout = 300000ms (custom)
2021-11-11 00:07:02,483 [pool-882-thread-1] INFO  server.RaftServerConfigKeys (ConfUtils.java:logGet(44)) - raft.server.log.use.memory = false (default)
2021-11-11 00:07:02,483 [pool-882-thread-1] INFO  server.RaftServerConfigKeys (ConfUtils.java:logGet(44)) - raft.server.log.purge.gap = 1000000 (custom)
2021-11-11 00:07:02,484 [pool-882-thread-1] INFO  server.RaftServerConfigKeys (ConfUtils.java:logGet(44)) - raft.server.log.appender.buffer.byte-limit = 33554432 (custom)
2021-11-11 00:07:02,484 [pool-882-thread-1] INFO  server.RaftServerConfigKeys (ConfUtils.java:logGet(44)) - raft.server.log.segment.size.max = 1048576 (custom)
2021-11-11 00:07:02,484 [EventQueue-PipelineReportForPipelineReportHandler] INFO  pipeline.PipelineManagerImpl (PipelineManagerImpl.java:openPipeline(289)) - Pipeline Pipeline[ Id: 9103f27b-b0c3-4f05-ba12-ed7ab6a8db8c, Nodes: f37a6f46-5950-4be3-9f6d-6eb53e609f63{ip: 10.1.0.10, host: fv-az151-339.yf2hydr00wburbhx3j5hxtcipe.bx.internal.cloudapp.net, ports: [REPLICATION=45079, RATIS=39151, RATIS_ADMIN=39151, RATIS_SERVER=39151, STANDALONE=39417], networkLocation: /default-rack, certSerialId: null, persistedOpState: IN_SERVICE, persistedOpStateExpiryEpochSec: 0}, ReplicationConfig: RATIS/ONE, State:ALLOCATED, leaderId:f37a6f46-5950-4be3-9f6d-6eb53e609f63, CreationTimestamp2021-11-11T00:06:59.477Z[Etc/UTC]] moved to OPEN state
2021-11-11 00:07:02,486 [EventQueue-OpenPipelineForHealthyPipelineSafeModeRule] INFO  safemode.SCMSafeModeManager (HealthyPipelineSafeModeRule.java:process(124)) - SCM in safe mode. Healthy pipelines reported count is 0, required healthy pipeline reported count is 1
2021-11-11 00:07:02,487 [pool-882-thread-1] INFO  server.RaftServerConfigKeys (ConfUtils.java:logGet(44)) - raft.server.log.segment.cache.num.max = 2 (custom)
2021-11-11 00:07:02,487 [pool-882-thread-1] INFO  server.RaftServerConfigKeys (ConfUtils.java:logGet(44)) - raft.server.log.segment.cache.size.max = 200MB (=209715200) (default)
2021-11-11 00:07:02,487 [pool-882-thread-1] INFO  segmented.SegmentedRaftLogWorker (SegmentedRaftLogWorker.java:<init>(182)) - new f37a6f46-5950-4be3-9f6d-6eb53e609f63@group-ED7AB6A8DB8C-SegmentedRaftLogWorker for RaftStorageImpl:Storage Directory /home/runner/work/ozone/ozone/hadoop-ozone/integration-test/target/test-dir/MiniOzoneClusterImpl-d5f2283b-1c97-4f43-babe-75a35a923614/datanode-5/data/ratis/9103f27b-b0c3-4f05-ba12-ed7ab6a8db8c
2021-11-11 00:07:02,487 [pool-882-thread-1] INFO  server.RaftServerConfigKeys (ConfUtils.java:logGet(44)) - raft.server.log.queue.byte-limit = 2147483647 (custom)
2021-11-11 00:07:02,487 [pool-882-thread-1] INFO  server.RaftServerConfigKeys (ConfUtils.java:logGet(44)) - raft.server.log.queue.element-limit = 1024 (custom)
2021-11-11 00:07:02,487 [pool-882-thread-1] INFO  server.RaftServerConfigKeys (ConfUtils.java:logGet(44)) - raft.server.log.segment.size.max = 1048576 (custom)
2021-11-11 00:07:02,487 [pool-882-thread-1] INFO  server.RaftServerConfigKeys (ConfUtils.java:logGet(44)) - raft.server.log.preallocated.size = 16384 (custom)
2021-11-11 00:07:02,487 [pool-882-thread-1] INFO  server.RaftServerConfigKeys (ConfUtils.java:logGet(44)) - raft.server.log.force.sync.num = 128 (default)
2021-11-11 00:07:02,488 [pool-882-thread-1] INFO  server.RaftServerConfigKeys (ConfUtils.java:logGet(44)) - raft.server.log.statemachine.data.sync = true (default)
2021-11-11 00:07:02,488 [pool-882-thread-1] INFO  server.RaftServerConfigKeys (ConfUtils.java:logGet(44)) - raft.server.log.statemachine.data.sync.timeout = 10s (default)
2021-11-11 00:07:02,488 [pool-882-thread-1] INFO  server.RaftServerConfigKeys (ConfUtils.java:logGet(44)) - raft.server.log.statemachine.data.sync.timeout.retry = -1 (default)
2021-11-11 00:07:02,489 [pool-882-thread-1] INFO  server.RaftServerConfigKeys (ConfUtils.java:logGet(44)) - raft.server.log.write.buffer.size = 1048576 (custom)
2021-11-11 00:07:02,490 [pool-882-thread-1] INFO  server.RaftServerConfigKeys (ConfUtils.java:logGet(44)) - raft.server.log.statemachine.data.caching.enabled = true (custom)
2021-11-11 00:07:02,491 [pool-882-thread-1] INFO  segmented.SegmentedRaftLogWorker (SegmentedRaftLogWorker.java:lambda$new$0(133)) - f37a6f46-5950-4be3-9f6d-6eb53e609f63@group-ED7AB6A8DB8C-SegmentedRaftLogWorker: flushIndex: setUnconditionally 0 -> -1
2021-11-11 00:07:02,491 [pool-882-thread-1] INFO  segmented.SegmentedRaftLogWorker (SegmentedRaftLogWorker.java:lambda$new$0(133)) - f37a6f46-5950-4be3-9f6d-6eb53e609f63@group-ED7AB6A8DB8C-SegmentedRaftLogWorker: safeCacheEvictIndex: setUnconditionally 0 -> -1
2021-11-11 00:07:02,491 [pool-882-thread-1] INFO  server.RaftServerConfigKeys (ConfUtils.java:logGet(44)) - raft.server.snapshot.auto.trigger.enabled = true (custom)
2021-11-11 00:07:02,491 [pool-882-thread-1] INFO  server.RaftServerConfigKeys (ConfUtils.java:logGet(44)) - raft.server.snapshot.auto.trigger.threshold = 10000 (custom)
2021-11-11 00:07:02,491 [pool-882-thread-1] INFO  server.RaftServerConfigKeys (ConfUtils.java:logGet(44)) - raft.server.snapshot.retention.file.num = 5 (custom)
2021-11-11 00:07:02,491 [pool-882-thread-1] INFO  server.RaftServerConfigKeys (ConfUtils.java:logGet(44)) - raft.server.log.purge.upto.snapshot.index = false (default)
2021-11-11 00:07:02,491 [pool-882-thread-1] INFO  server.RaftServerConfigKeys (ConfUtils.java:logGet(44)) - raft.server.retrycache.expirytime = 600000ms (custom)
2021-11-11 00:07:02,491 [pool-882-thread-1] INFO  server.RaftServerConfigKeys (ConfUtils.java:logGet(44)) - raft.server.retrycache.statistics.expirytime = 100μs (default)
2021-11-11 00:07:02,494 [pool-882-thread-1] INFO  server.RaftServer$Division (RaftServerImpl.java:start(301)) - f37a6f46-5950-4be3-9f6d-6eb53e609f63@group-ED7AB6A8DB8C: start as a follower, conf=-1: [f37a6f46-5950-4be3-9f6d-6eb53e609f63|rpc:10.1.0.10:39151|priority:1], old=null
2021-11-11 00:07:02,494 [pool-882-thread-1] INFO  server.RaftServer$Division (RaftServerImpl.java:setRole(290)) - f37a6f46-5950-4be3-9f6d-6eb53e609f63@group-ED7AB6A8DB8C: changes role from      null to FOLLOWER at term 0 for startAsFollower
2021-11-11 00:07:02,494 [pool-882-thread-1] INFO  impl.RoleInfo (RoleInfo.java:updateAndGet(130)) - f37a6f46-5950-4be3-9f6d-6eb53e609f63: start f37a6f46-5950-4be3-9f6d-6eb53e609f63@group-ED7AB6A8DB8C-FollowerState
2021-11-11 00:07:02,495 [pool-882-thread-1] INFO  util.JmxRegister (JmxRegister.java:tryRegister(44)) - Successfully registered JMX Bean with object name Ratis:service=RaftServer,group=group-ED7AB6A8DB8C,id=f37a6f46-5950-4be3-9f6d-6eb53e609f63
2021-11-11 00:07:02,497 [Command processor thread] INFO  ratis.XceiverServerRatis (XceiverServerRatis.java:addGroup(768)) - Created group PipelineID=9103f27b-b0c3-4f05-ba12-ed7ab6a8db8c
2021-11-11 00:07:02,497 [Command processor thread] INFO  commandhandler.CreatePipelineCommandHandler (CreatePipelineCommandHandler.java:handle(106)) - Created Pipeline RATIS ONE PipelineID=9103f27b-b0c3-4f05-ba12-ed7ab6a8db8c.
2021-11-11 00:07:02,974 [Listener at 127.0.0.1/36803] INFO  ozone.MiniOzoneClusterImpl (MiniOzoneClusterImpl.java:lambda$waitForClusterToBeReady$0(235)) - Nodes are ready. Got 9 of 9 DN Heartbeats.
2021-11-11 00:07:02,975 [Listener at 127.0.0.1/36803] INFO  ozone.MiniOzoneClusterImpl (MiniOzoneClusterImpl.java:lambda$waitForClusterToBeReady$0(238)) - Waiting for cluster to exit safe mode
2021-11-11 00:07:02,975 [Listener at 127.0.0.1/36803] INFO  ozone.MiniOzoneClusterImpl (MiniOzoneClusterImpl.java:lambda$waitForClusterToBeReady$0(240)) - SCM became leader
2021-11-11 00:07:03,059 [Command processor thread] INFO  server.RaftServer (RaftServerProxy.java:addNew(95)) - f2abff67-7f5e-423a-807c-f1c8bf0fd89e: addNew group-673C0E226F09:[f2abff67-7f5e-423a-807c-f1c8bf0fd89e|rpc:10.1.0.10:42673|priority:1] returns group-673C0E226F09:java.util.concurrent.CompletableFuture@5e393d54[Not completed]
2021-11-11 00:07:03,061 [pool-901-thread-1] INFO  server.RaftServer$Division (RaftServerImpl.java:<init>(184)) - f2abff67-7f5e-423a-807c-f1c8bf0fd89e: new RaftServerImpl for group-673C0E226F09:[f2abff67-7f5e-423a-807c-f1c8bf0fd89e|rpc:10.1.0.10:42673|priority:1] with ContainerStateMachine:uninitialized
2021-11-11 00:07:03,061 [pool-901-thread-1] INFO  server.RaftServerConfigKeys (ConfUtils.java:logGet(44)) - raft.server.rpc.timeout.min = 5s (custom)
2021-11-11 00:07:03,061 [pool-901-thread-1] INFO  server.RaftServerConfigKeys (ConfUtils.java:logGet(44)) - raft.server.rpc.timeout.max = 5200ms (custom)
2021-11-11 00:07:03,061 [pool-901-thread-1] INFO  server.RaftServerConfigKeys (ConfUtils.java:logGet(44)) - raft.server.rpc.sleep.time = 25ms (default)
2021-11-11 00:07:03,061 [pool-901-thread-1] INFO  server.RaftServerConfigKeys (ConfUtils.java:logGet(44)) - raft.server.rpc.slowness.timeout = 300000ms (custom)
2021-11-11 00:07:03,061 [pool-901-thread-1] INFO  server.RaftServerConfigKeys (ConfUtils.java:logGet(44)) - raft.server.leaderelection.leader.step-down.wait-time = 10s (default)
2021-11-11 00:07:03,061 [pool-901-thread-1] INFO  server.RaftServerConfigKeys (ConfUtils.java:logGet(44)) - raft.server.sleep.deviation.threshold = 300ms (default)
2021-11-11 00:07:03,061 [pool-901-thread-1] INFO  server.RaftServerConfigKeys (ConfUtils.java:logGet(44)) - raft.server.log.appender.install.snapshot.enabled = false (custom)
2021-11-11 00:07:03,061 [pool-901-thread-1] INFO  server.RaftServer$Division (ServerState.java:<init>(105)) - f2abff67-7f5e-423a-807c-f1c8bf0fd89e@group-673C0E226F09: ConfigurationManager, init=-1: [f2abff67-7f5e-423a-807c-f1c8bf0fd89e|rpc:10.1.0.10:42673|priority:1], old=null, confs=<EMPTY_MAP>
2021-11-11 00:07:03,061 [pool-901-thread-1] INFO  server.RaftServerConfigKeys (ConfUtils.java:logGet(44)) - raft.server.storage.dir = [/home/runner/work/ozone/ozone/hadoop-ozone/integration-test/target/test-dir/MiniOzoneClusterImpl-d5f2283b-1c97-4f43-babe-75a35a923614/datanode-6/data/ratis] (custom)
2021-11-11 00:07:03,061 [pool-901-thread-1] INFO  server.RaftServerConfigKeys (ConfUtils.java:logGet(44)) - raft.server.log.corruption.policy = EXCEPTION (default)
2021-11-11 00:07:03,061 [pool-901-thread-1] INFO  server.RaftServerConfigKeys (ConfUtils.java:logGet(44)) - raft.server.storage.free-space.min = 0MB (=0) (default)
2021-11-11 00:07:03,061 [pool-901-thread-1] INFO  storage.RaftStorageDirectory (RaftStorageDirectoryImpl.java:analyzeStorage(135)) - The storage directory /home/runner/work/ozone/ozone/hadoop-ozone/integration-test/target/test-dir/MiniOzoneClusterImpl-d5f2283b-1c97-4f43-babe-75a35a923614/datanode-6/data/ratis/42f2bfa2-68e2-48ed-995b-673c0e226f09 does not exist. Creating ...
2021-11-11 00:07:03,063 [pool-901-thread-1] INFO  storage.RaftStorageDirectory (RaftStorageDirectoryImpl.java:tryLock(230)) - Lock on /home/runner/work/ozone/ozone/hadoop-ozone/integration-test/target/test-dir/MiniOzoneClusterImpl-d5f2283b-1c97-4f43-babe-75a35a923614/datanode-6/data/ratis/42f2bfa2-68e2-48ed-995b-673c0e226f09/in_use.lock acquired by nodename 20903@fv-az151-339
2021-11-11 00:07:03,069 [pool-901-thread-1] INFO  storage.RaftStorage (RaftStorageImpl.java:format(89)) - Storage directory /home/runner/work/ozone/ozone/hadoop-ozone/integration-test/target/test-dir/MiniOzoneClusterImpl-d5f2283b-1c97-4f43-babe-75a35a923614/datanode-6/data/ratis/42f2bfa2-68e2-48ed-995b-673c0e226f09 has been successfully formatted.
2021-11-11 00:07:03,100 [pool-901-thread-1] INFO  ratis.ContainerStateMachine (ContainerStateMachine.java:loadSnapshot(224)) - group-673C0E226F09: The snapshot info is null. Setting the last applied indexto:(t:0, i:~)
2021-11-11 00:07:03,102 [EventQueue-PipelineReportForPipelineReportHandler] INFO  pipeline.PipelineManagerImpl (PipelineManagerImpl.java:openPipeline(289)) - Pipeline Pipeline[ Id: 42f2bfa2-68e2-48ed-995b-673c0e226f09, Nodes: f2abff67-7f5e-423a-807c-f1c8bf0fd89e{ip: 10.1.0.10, host: fv-az151-339.yf2hydr00wburbhx3j5hxtcipe.bx.internal.cloudapp.net, ports: [REPLICATION=46829, RATIS=42673, RATIS_ADMIN=42673, RATIS_SERVER=42673, STANDALONE=45051], networkLocation: /default-rack, certSerialId: null, persistedOpState: IN_SERVICE, persistedOpStateExpiryEpochSec: 0}, ReplicationConfig: RATIS/ONE, State:ALLOCATED, leaderId:f2abff67-7f5e-423a-807c-f1c8bf0fd89e, CreationTimestamp2021-11-11T00:07:00.059Z[Etc/UTC]] moved to OPEN state
2021-11-11 00:07:03,102 [pool-901-thread-1] INFO  server.RaftServerConfigKeys (ConfUtils.java:logGet(44)) - raft.server.notification.no-leader.timeout = 300000ms (custom)
2021-11-11 00:07:03,102 [pool-901-thread-1] INFO  server.RaftServerConfigKeys (ConfUtils.java:logGet(44)) - raft.server.log.use.memory = false (default)
2021-11-11 00:07:03,102 [pool-901-thread-1] INFO  server.RaftServerConfigKeys (ConfUtils.java:logGet(44)) - raft.server.log.purge.gap = 1000000 (custom)
2021-11-11 00:07:03,102 [pool-901-thread-1] INFO  server.RaftServerConfigKeys (ConfUtils.java:logGet(44)) - raft.server.log.appender.buffer.byte-limit = 33554432 (custom)
2021-11-11 00:07:03,102 [EventQueue-OpenPipelineForHealthyPipelineSafeModeRule] INFO  safemode.SCMSafeModeManager (HealthyPipelineSafeModeRule.java:process(124)) - SCM in safe mode. Healthy pipelines reported count is 0, required healthy pipeline reported count is 1
2021-11-11 00:07:03,103 [pool-901-thread-1] INFO  server.RaftServerConfigKeys (ConfUtils.java:logGet(44)) - raft.server.log.segment.size.max = 1048576 (custom)
2021-11-11 00:07:03,105 [pool-901-thread-1] INFO  server.RaftServerConfigKeys (ConfUtils.java:logGet(44)) - raft.server.log.segment.cache.num.max = 2 (custom)
2021-11-11 00:07:03,105 [pool-901-thread-1] INFO  server.RaftServerConfigKeys (ConfUtils.java:logGet(44)) - raft.server.log.segment.cache.size.max = 200MB (=209715200) (default)
2021-11-11 00:07:03,105 [pool-901-thread-1] INFO  segmented.SegmentedRaftLogWorker (SegmentedRaftLogWorker.java:<init>(182)) - new f2abff67-7f5e-423a-807c-f1c8bf0fd89e@group-673C0E226F09-SegmentedRaftLogWorker for RaftStorageImpl:Storage Directory /home/runner/work/ozone/ozone/hadoop-ozone/integration-test/target/test-dir/MiniOzoneClusterImpl-d5f2283b-1c97-4f43-babe-75a35a923614/datanode-6/data/ratis/42f2bfa2-68e2-48ed-995b-673c0e226f09
2021-11-11 00:07:03,105 [pool-901-thread-1] INFO  server.RaftServerConfigKeys (ConfUtils.java:logGet(44)) - raft.server.log.queue.byte-limit = 2147483647 (custom)
2021-11-11 00:07:03,105 [pool-901-thread-1] INFO  server.RaftServerConfigKeys (ConfUtils.java:logGet(44)) - raft.server.log.queue.element-limit = 1024 (custom)
2021-11-11 00:07:03,105 [pool-901-thread-1] INFO  server.RaftServerConfigKeys (ConfUtils.java:logGet(44)) - raft.server.log.segment.size.max = 1048576 (custom)
2021-11-11 00:07:03,105 [pool-901-thread-1] INFO  server.RaftServerConfigKeys (ConfUtils.java:logGet(44)) - raft.server.log.preallocated.size = 16384 (custom)
2021-11-11 00:07:03,105 [pool-901-thread-1] INFO  server.RaftServerConfigKeys (ConfUtils.java:logGet(44)) - raft.server.log.force.sync.num = 128 (default)
2021-11-11 00:07:03,106 [pool-901-thread-1] INFO  server.RaftServerConfigKeys (ConfUtils.java:logGet(44)) - raft.server.log.statemachine.data.sync = true (default)
2021-11-11 00:07:03,106 [pool-901-thread-1] INFO  server.RaftServerConfigKeys (ConfUtils.java:logGet(44)) - raft.server.log.statemachine.data.sync.timeout = 10s (default)
2021-11-11 00:07:03,106 [pool-901-thread-1] INFO  server.RaftServerConfigKeys (ConfUtils.java:logGet(44)) - raft.server.log.statemachine.data.sync.timeout.retry = -1 (default)
2021-11-11 00:07:03,108 [pool-901-thread-1] INFO  server.RaftServerConfigKeys (ConfUtils.java:logGet(44)) - raft.server.log.write.buffer.size = 1048576 (custom)
2021-11-11 00:07:03,108 [pool-901-thread-1] INFO  server.RaftServerConfigKeys (ConfUtils.java:logGet(44)) - raft.server.log.statemachine.data.caching.enabled = true (custom)
2021-11-11 00:07:03,109 [pool-901-thread-1] INFO  segmented.SegmentedRaftLogWorker (SegmentedRaftLogWorker.java:lambda$new$0(133)) - f2abff67-7f5e-423a-807c-f1c8bf0fd89e@group-673C0E226F09-SegmentedRaftLogWorker: flushIndex: setUnconditionally 0 -> -1
2021-11-11 00:07:03,109 [pool-901-thread-1] INFO  segmented.SegmentedRaftLogWorker (SegmentedRaftLogWorker.java:lambda$new$0(133)) - f2abff67-7f5e-423a-807c-f1c8bf0fd89e@group-673C0E226F09-SegmentedRaftLogWorker: safeCacheEvictIndex: setUnconditionally 0 -> -1
2021-11-11 00:07:03,118 [pool-901-thread-1] INFO  server.RaftServerConfigKeys (ConfUtils.java:logGet(44)) - raft.server.snapshot.auto.trigger.enabled = true (custom)
2021-11-11 00:07:03,118 [pool-901-thread-1] INFO  server.RaftServerConfigKeys (ConfUtils.java:logGet(44)) - raft.server.snapshot.auto.trigger.threshold = 10000 (custom)
2021-11-11 00:07:03,118 [pool-901-thread-1] INFO  server.RaftServerConfigKeys (ConfUtils.java:logGet(44)) - raft.server.snapshot.retention.file.num = 5 (custom)
2021-11-11 00:07:03,118 [pool-901-thread-1] INFO  server.RaftServerConfigKeys (ConfUtils.java:logGet(44)) - raft.server.log.purge.upto.snapshot.index = false (default)
2021-11-11 00:07:03,118 [pool-901-thread-1] INFO  server.RaftServerConfigKeys (ConfUtils.java:logGet(44)) - raft.server.retrycache.expirytime = 600000ms (custom)
2021-11-11 00:07:03,118 [pool-901-thread-1] INFO  server.RaftServerConfigKeys (ConfUtils.java:logGet(44)) - raft.server.retrycache.statistics.expirytime = 100μs (default)
2021-11-11 00:07:03,121 [pool-901-thread-1] INFO  server.RaftServer$Division (RaftServerImpl.java:start(301)) - f2abff67-7f5e-423a-807c-f1c8bf0fd89e@group-673C0E226F09: start as a follower, conf=-1: [f2abff67-7f5e-423a-807c-f1c8bf0fd89e|rpc:10.1.0.10:42673|priority:1], old=null
2021-11-11 00:07:03,121 [pool-901-thread-1] INFO  server.RaftServer$Division (RaftServerImpl.java:setRole(290)) - f2abff67-7f5e-423a-807c-f1c8bf0fd89e@group-673C0E226F09: changes role from      null to FOLLOWER at term 0 for startAsFollower
2021-11-11 00:07:03,121 [pool-901-thread-1] INFO  impl.RoleInfo (RoleInfo.java:updateAndGet(130)) - f2abff67-7f5e-423a-807c-f1c8bf0fd89e: start f2abff67-7f5e-423a-807c-f1c8bf0fd89e@group-673C0E226F09-FollowerState
2021-11-11 00:07:03,121 [pool-901-thread-1] INFO  util.JmxRegister (JmxRegister.java:tryRegister(44)) - Successfully registered JMX Bean with object name Ratis:service=RaftServer,group=group-673C0E226F09,id=f2abff67-7f5e-423a-807c-f1c8bf0fd89e
2021-11-11 00:07:03,122 [Command processor thread] INFO  ratis.XceiverServerRatis (XceiverServerRatis.java:addGroup(768)) - Created group PipelineID=42f2bfa2-68e2-48ed-995b-673c0e226f09
2021-11-11 00:07:03,122 [Command processor thread] INFO  commandhandler.CreatePipelineCommandHandler (CreatePipelineCommandHandler.java:handle(106)) - Created Pipeline RATIS ONE PipelineID=42f2bfa2-68e2-48ed-995b-673c0e226f09.
2021-11-11 00:07:03,122 [Command processor thread] INFO  server.RaftServer (RaftServerProxy.java:addNew(95)) - f2abff67-7f5e-423a-807c-f1c8bf0fd89e: addNew group-B667C1C291A7:[69aff4e4-918e-4266-92c0-ec642b93bcd5|rpc:10.1.0.10:41107|priority:1, f2abff67-7f5e-423a-807c-f1c8bf0fd89e|rpc:10.1.0.10:42673|priority:0, 6e133fb8-c87a-4d8d-9d3f-d688ae1cb6f8|rpc:10.1.0.10:38557|priority:0] returns group-B667C1C291A7:java.util.concurrent.CompletableFuture@5a06a24b[Not completed]
2021-11-11 00:07:03,123 [pool-901-thread-1] INFO  server.RaftServer$Division (RaftServerImpl.java:<init>(184)) - f2abff67-7f5e-423a-807c-f1c8bf0fd89e: new RaftServerImpl for group-B667C1C291A7:[69aff4e4-918e-4266-92c0-ec642b93bcd5|rpc:10.1.0.10:41107|priority:1, f2abff67-7f5e-423a-807c-f1c8bf0fd89e|rpc:10.1.0.10:42673|priority:0, 6e133fb8-c87a-4d8d-9d3f-d688ae1cb6f8|rpc:10.1.0.10:38557|priority:0] with ContainerStateMachine:uninitialized
2021-11-11 00:07:03,123 [pool-901-thread-1] INFO  server.RaftServerConfigKeys (ConfUtils.java:logGet(44)) - raft.server.rpc.timeout.min = 5s (custom)
2021-11-11 00:07:03,124 [pool-901-thread-1] INFO  server.RaftServerConfigKeys (ConfUtils.java:logGet(44)) - raft.server.rpc.timeout.max = 5200ms (custom)
2021-11-11 00:07:03,124 [pool-901-thread-1] INFO  server.RaftServerConfigKeys (ConfUtils.java:logGet(44)) - raft.server.rpc.sleep.time = 25ms (default)
2021-11-11 00:07:03,124 [pool-901-thread-1] INFO  server.RaftServerConfigKeys (ConfUtils.java:logGet(44)) - raft.server.rpc.slowness.timeout = 300000ms (custom)
2021-11-11 00:07:03,124 [pool-901-thread-1] INFO  server.RaftServerConfigKeys (ConfUtils.java:logGet(44)) - raft.server.leaderelection.leader.step-down.wait-time = 10s (default)
2021-11-11 00:07:03,124 [pool-901-thread-1] INFO  server.RaftServerConfigKeys (ConfUtils.java:logGet(44)) - raft.server.sleep.deviation.threshold = 300ms (default)
2021-11-11 00:07:03,124 [pool-901-thread-1] INFO  server.RaftServerConfigKeys (ConfUtils.java:logGet(44)) - raft.server.log.appender.install.snapshot.enabled = false (custom)
2021-11-11 00:07:03,124 [pool-901-thread-1] INFO  server.RaftServer$Division (ServerState.java:<init>(105)) - f2abff67-7f5e-423a-807c-f1c8bf0fd89e@group-B667C1C291A7: ConfigurationManager, init=-1: [69aff4e4-918e-4266-92c0-ec642b93bcd5|rpc:10.1.0.10:41107|priority:1, f2abff67-7f5e-423a-807c-f1c8bf0fd89e|rpc:10.1.0.10:42673|priority:0, 6e133fb8-c87a-4d8d-9d3f-d688ae1cb6f8|rpc:10.1.0.10:38557|priority:0], old=null, confs=<EMPTY_MAP>
2021-11-11 00:07:03,124 [pool-901-thread-1] INFO  server.RaftServerConfigKeys (ConfUtils.java:logGet(44)) - raft.server.storage.dir = [/home/runner/work/ozone/ozone/hadoop-ozone/integration-test/target/test-dir/MiniOzoneClusterImpl-d5f2283b-1c97-4f43-babe-75a35a923614/datanode-6/data/ratis] (custom)
2021-11-11 00:07:03,124 [pool-901-thread-1] INFO  server.RaftServerConfigKeys (ConfUtils.java:logGet(44)) - raft.server.log.corruption.policy = EXCEPTION (default)
2021-11-11 00:07:03,124 [pool-901-thread-1] INFO  server.RaftServerConfigKeys (ConfUtils.java:logGet(44)) - raft.server.storage.free-space.min = 0MB (=0) (default)
2021-11-11 00:07:03,124 [pool-901-thread-1] INFO  storage.RaftStorageDirectory (RaftStorageDirectoryImpl.java:analyzeStorage(135)) - The storage directory /home/runner/work/ozone/ozone/hadoop-ozone/integration-test/target/test-dir/MiniOzoneClusterImpl-d5f2283b-1c97-4f43-babe-75a35a923614/datanode-6/data/ratis/54cb16ec-fc10-47c0-939b-b667c1c291a7 does not exist. Creating ...
2021-11-11 00:07:03,126 [pool-901-thread-1] INFO  storage.RaftStorageDirectory (RaftStorageDirectoryImpl.java:tryLock(230)) - Lock on /home/runner/work/ozone/ozone/hadoop-ozone/integration-test/target/test-dir/MiniOzoneClusterImpl-d5f2283b-1c97-4f43-babe-75a35a923614/datanode-6/data/ratis/54cb16ec-fc10-47c0-939b-b667c1c291a7/in_use.lock acquired by nodename 20903@fv-az151-339
2021-11-11 00:07:03,128 [pool-901-thread-1] INFO  storage.RaftStorage (RaftStorageImpl.java:format(89)) - Storage directory /home/runner/work/ozone/ozone/hadoop-ozone/integration-test/target/test-dir/MiniOzoneClusterImpl-d5f2283b-1c97-4f43-babe-75a35a923614/datanode-6/data/ratis/54cb16ec-fc10-47c0-939b-b667c1c291a7 has been successfully formatted.
2021-11-11 00:07:03,128 [pool-901-thread-1] INFO  ratis.ContainerStateMachine (ContainerStateMachine.java:loadSnapshot(224)) - group-B667C1C291A7: The snapshot info is null. Setting the last applied indexto:(t:0, i:~)
2021-11-11 00:07:03,129 [EventQueue-OpenPipelineForHealthyPipelineSafeModeRule] INFO  safemode.SCMSafeModeManager (HealthyPipelineSafeModeRule.java:process(124)) - SCM in safe mode. Healthy pipelines reported count is 0, required healthy pipeline reported count is 1
2021-11-11 00:07:03,129 [pool-901-thread-1] INFO  server.RaftServerConfigKeys (ConfUtils.java:logGet(44)) - raft.server.notification.no-leader.timeout = 300000ms (custom)
2021-11-11 00:07:03,129 [pool-901-thread-1] INFO  server.RaftServerConfigKeys (ConfUtils.java:logGet(44)) - raft.server.log.use.memory = false (default)
2021-11-11 00:07:03,129 [pool-901-thread-1] INFO  server.RaftServerConfigKeys (ConfUtils.java:logGet(44)) - raft.server.log.purge.gap = 1000000 (custom)
2021-11-11 00:07:03,130 [pool-901-thread-1] INFO  server.RaftServerConfigKeys (ConfUtils.java:logGet(44)) - raft.server.log.appender.buffer.byte-limit = 33554432 (custom)
2021-11-11 00:07:03,130 [pool-901-thread-1] INFO  server.RaftServerConfigKeys (ConfUtils.java:logGet(44)) - raft.server.log.segment.size.max = 1048576 (custom)
2021-11-11 00:07:03,131 [pool-901-thread-1] INFO  server.RaftServerConfigKeys (ConfUtils.java:logGet(44)) - raft.server.log.segment.cache.num.max = 2 (custom)
2021-11-11 00:07:03,131 [pool-901-thread-1] INFO  server.RaftServerConfigKeys (ConfUtils.java:logGet(44)) - raft.server.log.segment.cache.size.max = 200MB (=209715200) (default)
2021-11-11 00:07:03,131 [pool-901-thread-1] INFO  segmented.SegmentedRaftLogWorker (SegmentedRaftLogWorker.java:<init>(182)) - new f2abff67-7f5e-423a-807c-f1c8bf0fd89e@group-B667C1C291A7-SegmentedRaftLogWorker for RaftStorageImpl:Storage Directory /home/runner/work/ozone/ozone/hadoop-ozone/integration-test/target/test-dir/MiniOzoneClusterImpl-d5f2283b-1c97-4f43-babe-75a35a923614/datanode-6/data/ratis/54cb16ec-fc10-47c0-939b-b667c1c291a7
2021-11-11 00:07:03,131 [pool-901-thread-1] INFO  server.RaftServerConfigKeys (ConfUtils.java:logGet(44)) - raft.server.log.queue.byte-limit = 2147483647 (custom)
2021-11-11 00:07:03,131 [pool-901-thread-1] INFO  server.RaftServerConfigKeys (ConfUtils.java:logGet(44)) - raft.server.log.queue.element-limit = 1024 (custom)
2021-11-11 00:07:03,131 [pool-901-thread-1] INFO  server.RaftServerConfigKeys (ConfUtils.java:logGet(44)) - raft.server.log.segment.size.max = 1048576 (custom)
2021-11-11 00:07:03,131 [pool-901-thread-1] INFO  server.RaftServerConfigKeys (ConfUtils.java:logGet(44)) - raft.server.log.preallocated.size = 16384 (custom)
2021-11-11 00:07:03,131 [pool-901-thread-1] INFO  server.RaftServerConfigKeys (ConfUtils.java:logGet(44)) - raft.server.log.force.sync.num = 128 (default)
2021-11-11 00:07:03,131 [pool-901-thread-1] INFO  server.RaftServerConfigKeys (ConfUtils.java:logGet(44)) - raft.server.log.statemachine.data.sync = true (default)
2021-11-11 00:07:03,131 [pool-901-thread-1] INFO  server.RaftServerConfigKeys (ConfUtils.java:logGet(44)) - raft.server.log.statemachine.data.sync.timeout = 10s (default)
2021-11-11 00:07:03,131 [pool-901-thread-1] INFO  server.RaftServerConfigKeys (ConfUtils.java:logGet(44)) - raft.server.log.statemachine.data.sync.timeout.retry = -1 (default)
2021-11-11 00:07:03,145 [pool-901-thread-1] INFO  server.RaftServerConfigKeys (ConfUtils.java:logGet(44)) - raft.server.log.write.buffer.size = 1048576 (custom)
2021-11-11 00:07:03,146 [pool-901-thread-1] INFO  server.RaftServerConfigKeys (ConfUtils.java:logGet(44)) - raft.server.log.statemachine.data.caching.enabled = true (custom)
2021-11-11 00:07:03,148 [pool-901-thread-1] INFO  segmented.SegmentedRaftLogWorker (SegmentedRaftLogWorker.java:lambda$new$0(133)) - f2abff67-7f5e-423a-807c-f1c8bf0fd89e@group-B667C1C291A7-SegmentedRaftLogWorker: flushIndex: setUnconditionally 0 -> -1
2021-11-11 00:07:03,148 [pool-901-thread-1] INFO  segmented.SegmentedRaftLogWorker (SegmentedRaftLogWorker.java:lambda$new$0(133)) - f2abff67-7f5e-423a-807c-f1c8bf0fd89e@group-B667C1C291A7-SegmentedRaftLogWorker: safeCacheEvictIndex: setUnconditionally 0 -> -1
2021-11-11 00:07:03,150 [pool-901-thread-1] INFO  server.RaftServerConfigKeys (ConfUtils.java:logGet(44)) - raft.server.snapshot.auto.trigger.enabled = true (custom)
2021-11-11 00:07:03,150 [pool-901-thread-1] INFO  server.RaftServerConfigKeys (ConfUtils.java:logGet(44)) - raft.server.snapshot.auto.trigger.threshold = 10000 (custom)
2021-11-11 00:07:03,150 [pool-901-thread-1] INFO  server.RaftServerConfigKeys (ConfUtils.java:logGet(44)) - raft.server.snapshot.retention.file.num = 5 (custom)
2021-11-11 00:07:03,150 [pool-901-thread-1] INFO  server.RaftServerConfigKeys (ConfUtils.java:logGet(44)) - raft.server.log.purge.upto.snapshot.index = false (default)
2021-11-11 00:07:03,150 [pool-901-thread-1] INFO  server.RaftServerConfigKeys (ConfUtils.java:logGet(44)) - raft.server.retrycache.expirytime = 600000ms (custom)
2021-11-11 00:07:03,150 [pool-901-thread-1] INFO  server.RaftServerConfigKeys (ConfUtils.java:logGet(44)) - raft.server.retrycache.statistics.expirytime = 100μs (default)
2021-11-11 00:07:03,153 [pool-901-thread-1] INFO  server.RaftServer$Division (RaftServerImpl.java:start(301)) - f2abff67-7f5e-423a-807c-f1c8bf0fd89e@group-B667C1C291A7: start as a follower, conf=-1: [69aff4e4-918e-4266-92c0-ec642b93bcd5|rpc:10.1.0.10:41107|priority:1, f2abff67-7f5e-423a-807c-f1c8bf0fd89e|rpc:10.1.0.10:42673|priority:0, 6e133fb8-c87a-4d8d-9d3f-d688ae1cb6f8|rpc:10.1.0.10:38557|priority:0], old=null
2021-11-11 00:07:03,153 [pool-901-thread-1] INFO  server.RaftServer$Division (RaftServerImpl.java:setRole(290)) - f2abff67-7f5e-423a-807c-f1c8bf0fd89e@group-B667C1C291A7: changes role from      null to FOLLOWER at term 0 for startAsFollower
2021-11-11 00:07:03,153 [pool-901-thread-1] INFO  impl.RoleInfo (RoleInfo.java:updateAndGet(130)) - f2abff67-7f5e-423a-807c-f1c8bf0fd89e: start f2abff67-7f5e-423a-807c-f1c8bf0fd89e@group-B667C1C291A7-FollowerState
2021-11-11 00:07:03,159 [pool-901-thread-1] INFO  util.JmxRegister (JmxRegister.java:tryRegister(44)) - Successfully registered JMX Bean with object name Ratis:service=RaftServer,group=group-B667C1C291A7,id=f2abff67-7f5e-423a-807c-f1c8bf0fd89e
2021-11-11 00:07:03,161 [Command processor thread] INFO  ratis.XceiverServerRatis (XceiverServerRatis.java:addGroup(768)) - Created group PipelineID=54cb16ec-fc10-47c0-939b-b667c1c291a7
2021-11-11 00:07:03,233 [grpc-default-executor-3] INFO  server.RaftServer (RaftServerProxy.java:addNew(95)) - 6e133fb8-c87a-4d8d-9d3f-d688ae1cb6f8: addNew group-B667C1C291A7:[69aff4e4-918e-4266-92c0-ec642b93bcd5|rpc:10.1.0.10:41107|dataStream:|priority:1, f2abff67-7f5e-423a-807c-f1c8bf0fd89e|rpc:10.1.0.10:42673|dataStream:|priority:0, 6e133fb8-c87a-4d8d-9d3f-d688ae1cb6f8|rpc:10.1.0.10:38557|dataStream:|priority:0] returns group-B667C1C291A7:java.util.concurrent.CompletableFuture@64c6c31a[Not completed]
2021-11-11 00:07:03,234 [pool-920-thread-1] INFO  server.RaftServer$Division (RaftServerImpl.java:<init>(184)) - 6e133fb8-c87a-4d8d-9d3f-d688ae1cb6f8: new RaftServerImpl for group-B667C1C291A7:[69aff4e4-918e-4266-92c0-ec642b93bcd5|rpc:10.1.0.10:41107|dataStream:|priority:1, f2abff67-7f5e-423a-807c-f1c8bf0fd89e|rpc:10.1.0.10:42673|dataStream:|priority:0, 6e133fb8-c87a-4d8d-9d3f-d688ae1cb6f8|rpc:10.1.0.10:38557|dataStream:|priority:0] with ContainerStateMachine:uninitialized
2021-11-11 00:07:03,234 [pool-920-thread-1] INFO  server.RaftServerConfigKeys (ConfUtils.java:logGet(44)) - raft.server.rpc.timeout.min = 5s (custom)
2021-11-11 00:07:03,234 [pool-920-thread-1] INFO  server.RaftServerConfigKeys (ConfUtils.java:logGet(44)) - raft.server.rpc.timeout.max = 5200ms (custom)
2021-11-11 00:07:03,234 [pool-920-thread-1] INFO  server.RaftServerConfigKeys (ConfUtils.java:logGet(44)) - raft.server.rpc.sleep.time = 25ms (default)
2021-11-11 00:07:03,235 [pool-920-thread-1] INFO  server.RaftServerConfigKeys (ConfUtils.java:logGet(44)) - raft.server.rpc.slowness.timeout = 300000ms (custom)
2021-11-11 00:07:03,235 [pool-920-thread-1] INFO  server.RaftServerConfigKeys (ConfUtils.java:logGet(44)) - raft.server.leaderelection.leader.step-down.wait-time = 10s (default)
2021-11-11 00:07:03,235 [pool-920-thread-1] INFO  server.RaftServerConfigKeys (ConfUtils.java:logGet(44)) - raft.server.sleep.deviation.threshold = 300ms (default)
2021-11-11 00:07:03,235 [pool-920-thread-1] INFO  server.RaftServerConfigKeys (ConfUtils.java:logGet(44)) - raft.server.log.appender.install.snapshot.enabled = false (custom)
2021-11-11 00:07:03,235 [pool-920-thread-1] INFO  server.RaftServer$Division (ServerState.java:<init>(105)) - 6e133fb8-c87a-4d8d-9d3f-d688ae1cb6f8@group-B667C1C291A7: ConfigurationManager, init=-1: [69aff4e4-918e-4266-92c0-ec642b93bcd5|rpc:10.1.0.10:41107|dataStream:|priority:1, f2abff67-7f5e-423a-807c-f1c8bf0fd89e|rpc:10.1.0.10:42673|dataStream:|priority:0, 6e133fb8-c87a-4d8d-9d3f-d688ae1cb6f8|rpc:10.1.0.10:38557|dataStream:|priority:0], old=null, confs=<EMPTY_MAP>
2021-11-11 00:07:03,235 [pool-920-thread-1] INFO  server.RaftServerConfigKeys (ConfUtils.java:logGet(44)) - raft.server.storage.dir = [/home/runner/work/ozone/ozone/hadoop-ozone/integration-test/target/test-dir/MiniOzoneClusterImpl-d5f2283b-1c97-4f43-babe-75a35a923614/datanode-7/data/ratis] (custom)
2021-11-11 00:07:03,235 [pool-920-thread-1] INFO  server.RaftServerConfigKeys (ConfUtils.java:logGet(44)) - raft.server.log.corruption.policy = EXCEPTION (default)
2021-11-11 00:07:03,235 [pool-920-thread-1] INFO  server.RaftServerConfigKeys (ConfUtils.java:logGet(44)) - raft.server.storage.free-space.min = 0MB (=0) (default)
2021-11-11 00:07:03,235 [pool-920-thread-1] INFO  storage.RaftStorageDirectory (RaftStorageDirectoryImpl.java:analyzeStorage(135)) - The storage directory /home/runner/work/ozone/ozone/hadoop-ozone/integration-test/target/test-dir/MiniOzoneClusterImpl-d5f2283b-1c97-4f43-babe-75a35a923614/datanode-7/data/ratis/54cb16ec-fc10-47c0-939b-b667c1c291a7 does not exist. Creating ...
2021-11-11 00:07:03,253 [pool-920-thread-1] INFO  storage.RaftStorageDirectory (RaftStorageDirectoryImpl.java:tryLock(230)) - Lock on /home/runner/work/ozone/ozone/hadoop-ozone/integration-test/target/test-dir/MiniOzoneClusterImpl-d5f2283b-1c97-4f43-babe-75a35a923614/datanode-7/data/ratis/54cb16ec-fc10-47c0-939b-b667c1c291a7/in_use.lock acquired by nodename 20903@fv-az151-339
2021-11-11 00:07:03,269 [pool-920-thread-1] INFO  storage.RaftStorage (RaftStorageImpl.java:format(89)) - Storage directory /home/runner/work/ozone/ozone/hadoop-ozone/integration-test/target/test-dir/MiniOzoneClusterImpl-d5f2283b-1c97-4f43-babe-75a35a923614/datanode-7/data/ratis/54cb16ec-fc10-47c0-939b-b667c1c291a7 has been successfully formatted.
2021-11-11 00:07:03,290 [pool-920-thread-1] INFO  ratis.ContainerStateMachine (ContainerStateMachine.java:loadSnapshot(224)) - group-B667C1C291A7: The snapshot info is null. Setting the last applied indexto:(t:0, i:~)
2021-11-11 00:07:03,290 [pool-920-thread-1] INFO  server.RaftServerConfigKeys (ConfUtils.java:logGet(44)) - raft.server.notification.no-leader.timeout = 300000ms (custom)
2021-11-11 00:07:03,290 [pool-920-thread-1] INFO  server.RaftServerConfigKeys (ConfUtils.java:logGet(44)) - raft.server.log.use.memory = false (default)
2021-11-11 00:07:03,291 [pool-920-thread-1] INFO  server.RaftServerConfigKeys (ConfUtils.java:logGet(44)) - raft.server.log.purge.gap = 1000000 (custom)
2021-11-11 00:07:03,291 [pool-920-thread-1] INFO  server.RaftServerConfigKeys (ConfUtils.java:logGet(44)) - raft.server.log.appender.buffer.byte-limit = 33554432 (custom)
2021-11-11 00:07:03,291 [pool-920-thread-1] INFO  server.RaftServerConfigKeys (ConfUtils.java:logGet(44)) - raft.server.log.segment.size.max = 1048576 (custom)
2021-11-11 00:07:03,292 [pool-920-thread-1] INFO  server.RaftServerConfigKeys (ConfUtils.java:logGet(44)) - raft.server.log.segment.cache.num.max = 2 (custom)
2021-11-11 00:07:03,297 [pool-920-thread-1] INFO  server.RaftServerConfigKeys (ConfUtils.java:logGet(44)) - raft.server.log.segment.cache.size.max = 200MB (=209715200) (default)
2021-11-11 00:07:03,297 [pool-920-thread-1] INFO  segmented.SegmentedRaftLogWorker (SegmentedRaftLogWorker.java:<init>(182)) - new 6e133fb8-c87a-4d8d-9d3f-d688ae1cb6f8@group-B667C1C291A7-SegmentedRaftLogWorker for RaftStorageImpl:Storage Directory /home/runner/work/ozone/ozone/hadoop-ozone/integration-test/target/test-dir/MiniOzoneClusterImpl-d5f2283b-1c97-4f43-babe-75a35a923614/datanode-7/data/ratis/54cb16ec-fc10-47c0-939b-b667c1c291a7
2021-11-11 00:07:03,301 [pool-920-thread-1] INFO  server.RaftServerConfigKeys (ConfUtils.java:logGet(44)) - raft.server.log.queue.byte-limit = 2147483647 (custom)
2021-11-11 00:07:03,301 [pool-920-thread-1] INFO  server.RaftServerConfigKeys (ConfUtils.java:logGet(44)) - raft.server.log.queue.element-limit = 1024 (custom)
2021-11-11 00:07:03,301 [pool-920-thread-1] INFO  server.RaftServerConfigKeys (ConfUtils.java:logGet(44)) - raft.server.log.segment.size.max = 1048576 (custom)
2021-11-11 00:07:03,302 [pool-920-thread-1] INFO  server.RaftServerConfigKeys (ConfUtils.java:logGet(44)) - raft.server.log.preallocated.size = 16384 (custom)
2021-11-11 00:07:03,302 [pool-920-thread-1] INFO  server.RaftServerConfigKeys (ConfUtils.java:logGet(44)) - raft.server.log.force.sync.num = 128 (default)
2021-11-11 00:07:03,302 [pool-920-thread-1] INFO  server.RaftServerConfigKeys (ConfUtils.java:logGet(44)) - raft.server.log.statemachine.data.sync = true (default)
2021-11-11 00:07:03,302 [pool-920-thread-1] INFO  server.RaftServerConfigKeys (ConfUtils.java:logGet(44)) - raft.server.log.statemachine.data.sync.timeout = 10s (default)
2021-11-11 00:07:03,302 [pool-920-thread-1] INFO  server.RaftServerConfigKeys (ConfUtils.java:logGet(44)) - raft.server.log.statemachine.data.sync.timeout.retry = -1 (default)
2021-11-11 00:07:03,304 [pool-920-thread-1] INFO  server.RaftServerConfigKeys (ConfUtils.java:logGet(44)) - raft.server.log.write.buffer.size = 1048576 (custom)
2021-11-11 00:07:03,304 [pool-920-thread-1] INFO  server.RaftServerConfigKeys (ConfUtils.java:logGet(44)) - raft.server.log.statemachine.data.caching.enabled = true (custom)
2021-11-11 00:07:03,305 [pool-920-thread-1] INFO  segmented.SegmentedRaftLogWorker (SegmentedRaftLogWorker.java:lambda$new$0(133)) - 6e133fb8-c87a-4d8d-9d3f-d688ae1cb6f8@group-B667C1C291A7-SegmentedRaftLogWorker: flushIndex: setUnconditionally 0 -> -1
2021-11-11 00:07:03,305 [pool-920-thread-1] INFO  segmented.SegmentedRaftLogWorker (SegmentedRaftLogWorker.java:lambda$new$0(133)) - 6e133fb8-c87a-4d8d-9d3f-d688ae1cb6f8@group-B667C1C291A7-SegmentedRaftLogWorker: safeCacheEvictIndex: setUnconditionally 0 -> -1
2021-11-11 00:07:03,305 [pool-920-thread-1] INFO  server.RaftServerConfigKeys (ConfUtils.java:logGet(44)) - raft.server.snapshot.auto.trigger.enabled = true (custom)
2021-11-11 00:07:03,305 [pool-920-thread-1] INFO  server.RaftServerConfigKeys (ConfUtils.java:logGet(44)) - raft.server.snapshot.auto.trigger.threshold = 10000 (custom)
2021-11-11 00:07:03,305 [pool-920-thread-1] INFO  server.RaftServerConfigKeys (ConfUtils.java:logGet(44)) - raft.server.snapshot.retention.file.num = 5 (custom)
2021-11-11 00:07:03,305 [pool-920-thread-1] INFO  server.RaftServerConfigKeys (ConfUtils.java:logGet(44)) - raft.server.log.purge.upto.snapshot.index = false (default)
2021-11-11 00:07:03,305 [pool-920-thread-1] INFO  server.RaftServerConfigKeys (ConfUtils.java:logGet(44)) - raft.server.retrycache.expirytime = 600000ms (custom)
2021-11-11 00:07:03,306 [pool-920-thread-1] INFO  server.RaftServerConfigKeys (ConfUtils.java:logGet(44)) - raft.server.retrycache.statistics.expirytime = 100μs (default)
2021-11-11 00:07:03,308 [pool-920-thread-1] INFO  server.RaftServer$Division (RaftServerImpl.java:start(301)) - 6e133fb8-c87a-4d8d-9d3f-d688ae1cb6f8@group-B667C1C291A7: start as a follower, conf=-1: [69aff4e4-918e-4266-92c0-ec642b93bcd5|rpc:10.1.0.10:41107|dataStream:|priority:1, f2abff67-7f5e-423a-807c-f1c8bf0fd89e|rpc:10.1.0.10:42673|dataStream:|priority:0, 6e133fb8-c87a-4d8d-9d3f-d688ae1cb6f8|rpc:10.1.0.10:38557|dataStream:|priority:0], old=null
2021-11-11 00:07:03,308 [pool-920-thread-1] INFO  server.RaftServer$Division (RaftServerImpl.java:setRole(290)) - 6e133fb8-c87a-4d8d-9d3f-d688ae1cb6f8@group-B667C1C291A7: changes role from      null to FOLLOWER at term 0 for startAsFollower
2021-11-11 00:07:03,308 [pool-920-thread-1] INFO  impl.RoleInfo (RoleInfo.java:updateAndGet(130)) - 6e133fb8-c87a-4d8d-9d3f-d688ae1cb6f8: start 6e133fb8-c87a-4d8d-9d3f-d688ae1cb6f8@group-B667C1C291A7-FollowerState
2021-11-11 00:07:03,314 [pool-920-thread-1] INFO  util.JmxRegister (JmxRegister.java:tryRegister(44)) - Successfully registered JMX Bean with object name Ratis:service=RaftServer,group=group-B667C1C291A7,id=6e133fb8-c87a-4d8d-9d3f-d688ae1cb6f8
2021-11-11 00:07:03,383 [grpc-default-executor-3] INFO  server.RaftServer (RaftServerProxy.java:addNew(95)) - 69aff4e4-918e-4266-92c0-ec642b93bcd5: addNew group-B667C1C291A7:[69aff4e4-918e-4266-92c0-ec642b93bcd5|rpc:10.1.0.10:41107|dataStream:|priority:1, f2abff67-7f5e-423a-807c-f1c8bf0fd89e|rpc:10.1.0.10:42673|dataStream:|priority:0, 6e133fb8-c87a-4d8d-9d3f-d688ae1cb6f8|rpc:10.1.0.10:38557|dataStream:|priority:0] returns group-B667C1C291A7:java.util.concurrent.CompletableFuture@68d2be3b[Not completed]
2021-11-11 00:07:03,384 [pool-939-thread-1] INFO  server.RaftServer$Division (RaftServerImpl.java:<init>(184)) - 69aff4e4-918e-4266-92c0-ec642b93bcd5: new RaftServerImpl for group-B667C1C291A7:[69aff4e4-918e-4266-92c0-ec642b93bcd5|rpc:10.1.0.10:41107|dataStream:|priority:1, f2abff67-7f5e-423a-807c-f1c8bf0fd89e|rpc:10.1.0.10:42673|dataStream:|priority:0, 6e133fb8-c87a-4d8d-9d3f-d688ae1cb6f8|rpc:10.1.0.10:38557|dataStream:|priority:0] with ContainerStateMachine:uninitialized
2021-11-11 00:07:03,405 [pool-939-thread-1] INFO  server.RaftServerConfigKeys (ConfUtils.java:logGet(44)) - raft.server.rpc.timeout.min = 5s (custom)
2021-11-11 00:07:03,405 [pool-939-thread-1] INFO  server.RaftServerConfigKeys (ConfUtils.java:logGet(44)) - raft.server.rpc.timeout.max = 5200ms (custom)
2021-11-11 00:07:03,406 [pool-939-thread-1] INFO  server.RaftServerConfigKeys (ConfUtils.java:logGet(44)) - raft.server.rpc.sleep.time = 25ms (default)
2021-11-11 00:07:03,406 [pool-939-thread-1] INFO  server.RaftServerConfigKeys (ConfUtils.java:logGet(44)) - raft.server.rpc.slowness.timeout = 300000ms (custom)
2021-11-11 00:07:03,406 [pool-939-thread-1] INFO  server.RaftServerConfigKeys (ConfUtils.java:logGet(44)) - raft.server.leaderelection.leader.step-down.wait-time = 10s (default)
2021-11-11 00:07:03,406 [pool-939-thread-1] INFO  server.RaftServerConfigKeys (ConfUtils.java:logGet(44)) - raft.server.sleep.deviation.threshold = 300ms (default)
2021-11-11 00:07:03,406 [pool-939-thread-1] INFO  server.RaftServerConfigKeys (ConfUtils.java:logGet(44)) - raft.server.log.appender.install.snapshot.enabled = false (custom)
2021-11-11 00:07:03,406 [pool-939-thread-1] INFO  server.RaftServer$Division (ServerState.java:<init>(105)) - 69aff4e4-918e-4266-92c0-ec642b93bcd5@group-B667C1C291A7: ConfigurationManager, init=-1: [69aff4e4-918e-4266-92c0-ec642b93bcd5|rpc:10.1.0.10:41107|dataStream:|priority:1, f2abff67-7f5e-423a-807c-f1c8bf0fd89e|rpc:10.1.0.10:42673|dataStream:|priority:0, 6e133fb8-c87a-4d8d-9d3f-d688ae1cb6f8|rpc:10.1.0.10:38557|dataStream:|priority:0], old=null, confs=<EMPTY_MAP>
2021-11-11 00:07:03,407 [pool-939-thread-1] INFO  server.RaftServerConfigKeys (ConfUtils.java:logGet(44)) - raft.server.storage.dir = [/home/runner/work/ozone/ozone/hadoop-ozone/integration-test/target/test-dir/MiniOzoneClusterImpl-d5f2283b-1c97-4f43-babe-75a35a923614/datanode-8/data/ratis] (custom)
2021-11-11 00:07:03,407 [pool-939-thread-1] INFO  server.RaftServerConfigKeys (ConfUtils.java:logGet(44)) - raft.server.log.corruption.policy = EXCEPTION (default)
2021-11-11 00:07:03,407 [pool-939-thread-1] INFO  server.RaftServerConfigKeys (ConfUtils.java:logGet(44)) - raft.server.storage.free-space.min = 0MB (=0) (default)
2021-11-11 00:07:03,407 [pool-939-thread-1] INFO  storage.RaftStorageDirectory (RaftStorageDirectoryImpl.java:analyzeStorage(135)) - The storage directory /home/runner/work/ozone/ozone/hadoop-ozone/integration-test/target/test-dir/MiniOzoneClusterImpl-d5f2283b-1c97-4f43-babe-75a35a923614/datanode-8/data/ratis/54cb16ec-fc10-47c0-939b-b667c1c291a7 does not exist. Creating ...
2021-11-11 00:07:03,409 [pool-939-thread-1] INFO  storage.RaftStorageDirectory (RaftStorageDirectoryImpl.java:tryLock(230)) - Lock on /home/runner/work/ozone/ozone/hadoop-ozone/integration-test/target/test-dir/MiniOzoneClusterImpl-d5f2283b-1c97-4f43-babe-75a35a923614/datanode-8/data/ratis/54cb16ec-fc10-47c0-939b-b667c1c291a7/in_use.lock acquired by nodename 20903@fv-az151-339
2021-11-11 00:07:03,411 [pool-939-thread-1] INFO  storage.RaftStorage (RaftStorageImpl.java:format(89)) - Storage directory /home/runner/work/ozone/ozone/hadoop-ozone/integration-test/target/test-dir/MiniOzoneClusterImpl-d5f2283b-1c97-4f43-babe-75a35a923614/datanode-8/data/ratis/54cb16ec-fc10-47c0-939b-b667c1c291a7 has been successfully formatted.
2021-11-11 00:07:03,413 [pool-939-thread-1] INFO  ratis.ContainerStateMachine (ContainerStateMachine.java:loadSnapshot(224)) - group-B667C1C291A7: The snapshot info is null. Setting the last applied indexto:(t:0, i:~)
2021-11-11 00:07:03,415 [pool-939-thread-1] INFO  server.RaftServerConfigKeys (ConfUtils.java:logGet(44)) - raft.server.notification.no-leader.timeout = 300000ms (custom)
2021-11-11 00:07:03,415 [pool-939-thread-1] INFO  server.RaftServerConfigKeys (ConfUtils.java:logGet(44)) - raft.server.log.use.memory = false (default)
2021-11-11 00:07:03,415 [pool-939-thread-1] INFO  server.RaftServerConfigKeys (ConfUtils.java:logGet(44)) - raft.server.log.purge.gap = 1000000 (custom)
2021-11-11 00:07:03,415 [pool-939-thread-1] INFO  server.RaftServerConfigKeys (ConfUtils.java:logGet(44)) - raft.server.log.appender.buffer.byte-limit = 33554432 (custom)
2021-11-11 00:07:03,415 [pool-939-thread-1] INFO  server.RaftServerConfigKeys (ConfUtils.java:logGet(44)) - raft.server.log.segment.size.max = 1048576 (custom)
2021-11-11 00:07:03,416 [pool-939-thread-1] INFO  server.RaftServerConfigKeys (ConfUtils.java:logGet(44)) - raft.server.log.segment.cache.num.max = 2 (custom)
2021-11-11 00:07:03,416 [pool-939-thread-1] INFO  server.RaftServerConfigKeys (ConfUtils.java:logGet(44)) - raft.server.log.segment.cache.size.max = 200MB (=209715200) (default)
2021-11-11 00:07:03,416 [pool-939-thread-1] INFO  segmented.SegmentedRaftLogWorker (SegmentedRaftLogWorker.java:<init>(182)) - new 69aff4e4-918e-4266-92c0-ec642b93bcd5@group-B667C1C291A7-SegmentedRaftLogWorker for RaftStorageImpl:Storage Directory /home/runner/work/ozone/ozone/hadoop-ozone/integration-test/target/test-dir/MiniOzoneClusterImpl-d5f2283b-1c97-4f43-babe-75a35a923614/datanode-8/data/ratis/54cb16ec-fc10-47c0-939b-b667c1c291a7
2021-11-11 00:07:03,416 [pool-939-thread-1] INFO  server.RaftServerConfigKeys (ConfUtils.java:logGet(44)) - raft.server.log.queue.byte-limit = 2147483647 (custom)
2021-11-11 00:07:03,417 [pool-939-thread-1] INFO  server.RaftServerConfigKeys (ConfUtils.java:logGet(44)) - raft.server.log.queue.element-limit = 1024 (custom)
2021-11-11 00:07:03,417 [pool-939-thread-1] INFO  server.RaftServerConfigKeys (ConfUtils.java:logGet(44)) - raft.server.log.segment.size.max = 1048576 (custom)
2021-11-11 00:07:03,417 [pool-939-thread-1] INFO  server.RaftServerConfigKeys (ConfUtils.java:logGet(44)) - raft.server.log.preallocated.size = 16384 (custom)
2021-11-11 00:07:03,417 [pool-939-thread-1] INFO  server.RaftServerConfigKeys (ConfUtils.java:logGet(44)) - raft.server.log.force.sync.num = 128 (default)
2021-11-11 00:07:03,417 [pool-939-thread-1] INFO  server.RaftServerConfigKeys (ConfUtils.java:logGet(44)) - raft.server.log.statemachine.data.sync = true (default)
2021-11-11 00:07:03,417 [pool-939-thread-1] INFO  server.RaftServerConfigKeys (ConfUtils.java:logGet(44)) - raft.server.log.statemachine.data.sync.timeout = 10s (default)
2021-11-11 00:07:03,417 [pool-939-thread-1] INFO  server.RaftServerConfigKeys (ConfUtils.java:logGet(44)) - raft.server.log.statemachine.data.sync.timeout.retry = -1 (default)
2021-11-11 00:07:03,419 [pool-939-thread-1] INFO  server.RaftServerConfigKeys (ConfUtils.java:logGet(44)) - raft.server.log.write.buffer.size = 1048576 (custom)
2021-11-11 00:07:03,420 [pool-939-thread-1] INFO  server.RaftServerConfigKeys (ConfUtils.java:logGet(44)) - raft.server.log.statemachine.data.caching.enabled = true (custom)
2021-11-11 00:07:03,420 [pool-939-thread-1] INFO  segmented.SegmentedRaftLogWorker (SegmentedRaftLogWorker.java:lambda$new$0(133)) - 69aff4e4-918e-4266-92c0-ec642b93bcd5@group-B667C1C291A7-SegmentedRaftLogWorker: flushIndex: setUnconditionally 0 -> -1
2021-11-11 00:07:03,420 [pool-939-thread-1] INFO  segmented.SegmentedRaftLogWorker (SegmentedRaftLogWorker.java:lambda$new$0(133)) - 69aff4e4-918e-4266-92c0-ec642b93bcd5@group-B667C1C291A7-SegmentedRaftLogWorker: safeCacheEvictIndex: setUnconditionally 0 -> -1
2021-11-11 00:07:03,420 [pool-939-thread-1] INFO  server.RaftServerConfigKeys (ConfUtils.java:logGet(44)) - raft.server.snapshot.auto.trigger.enabled = true (custom)
2021-11-11 00:07:03,420 [pool-939-thread-1] INFO  server.RaftServerConfigKeys (ConfUtils.java:logGet(44)) - raft.server.snapshot.auto.trigger.threshold = 10000 (custom)
2021-11-11 00:07:03,421 [pool-939-thread-1] INFO  server.RaftServerConfigKeys (ConfUtils.java:logGet(44)) - raft.server.snapshot.retention.file.num = 5 (custom)
2021-11-11 00:07:03,421 [pool-939-thread-1] INFO  server.RaftServerConfigKeys (ConfUtils.java:logGet(44)) - raft.server.log.purge.upto.snapshot.index = false (default)
2021-11-11 00:07:03,421 [pool-939-thread-1] INFO  server.RaftServerConfigKeys (ConfUtils.java:logGet(44)) - raft.server.retrycache.expirytime = 600000ms (custom)
2021-11-11 00:07:03,421 [pool-939-thread-1] INFO  server.RaftServerConfigKeys (ConfUtils.java:logGet(44)) - raft.server.retrycache.statistics.expirytime = 100μs (default)
2021-11-11 00:07:03,431 [pool-939-thread-1] INFO  server.RaftServer$Division (RaftServerImpl.java:start(301)) - 69aff4e4-918e-4266-92c0-ec642b93bcd5@group-B667C1C291A7: start as a follower, conf=-1: [69aff4e4-918e-4266-92c0-ec642b93bcd5|rpc:10.1.0.10:41107|dataStream:|priority:1, f2abff67-7f5e-423a-807c-f1c8bf0fd89e|rpc:10.1.0.10:42673|dataStream:|priority:0, 6e133fb8-c87a-4d8d-9d3f-d688ae1cb6f8|rpc:10.1.0.10:38557|dataStream:|priority:0], old=null
2021-11-11 00:07:03,431 [pool-939-thread-1] INFO  server.RaftServer$Division (RaftServerImpl.java:setRole(290)) - 69aff4e4-918e-4266-92c0-ec642b93bcd5@group-B667C1C291A7: changes role from      null to FOLLOWER at term 0 for startAsFollower
2021-11-11 00:07:03,431 [pool-939-thread-1] INFO  impl.RoleInfo (RoleInfo.java:updateAndGet(130)) - 69aff4e4-918e-4266-92c0-ec642b93bcd5: start 69aff4e4-918e-4266-92c0-ec642b93bcd5@group-B667C1C291A7-FollowerState
2021-11-11 00:07:03,435 [pool-939-thread-1] INFO  util.JmxRegister (JmxRegister.java:tryRegister(44)) - Successfully registered JMX Bean with object name Ratis:service=RaftServer,group=group-B667C1C291A7,id=69aff4e4-918e-4266-92c0-ec642b93bcd5
2021-11-11 00:07:03,465 [Command processor thread] INFO  commandhandler.CreatePipelineCommandHandler (CreatePipelineCommandHandler.java:handle(106)) - Created Pipeline RATIS THREE PipelineID=54cb16ec-fc10-47c0-939b-b667c1c291a7.
2021-11-11 00:07:03,545 [Command processor thread] INFO  server.RaftServer (RaftServerProxy.java:addNew(95)) - 6e133fb8-c87a-4d8d-9d3f-d688ae1cb6f8: addNew group-0F7999503DA4:[6e133fb8-c87a-4d8d-9d3f-d688ae1cb6f8|rpc:10.1.0.10:38557|priority:1] returns group-0F7999503DA4:java.util.concurrent.CompletableFuture@66ff83c1[Not completed]
2021-11-11 00:07:03,546 [pool-920-thread-1] INFO  server.RaftServer$Division (RaftServerImpl.java:<init>(184)) - 6e133fb8-c87a-4d8d-9d3f-d688ae1cb6f8: new RaftServerImpl for group-0F7999503DA4:[6e133fb8-c87a-4d8d-9d3f-d688ae1cb6f8|rpc:10.1.0.10:38557|priority:1] with ContainerStateMachine:uninitialized
2021-11-11 00:07:03,547 [pool-920-thread-1] INFO  server.RaftServerConfigKeys (ConfUtils.java:logGet(44)) - raft.server.rpc.timeout.min = 5s (custom)
2021-11-11 00:07:03,547 [pool-920-thread-1] INFO  server.RaftServerConfigKeys (ConfUtils.java:logGet(44)) - raft.server.rpc.timeout.max = 5200ms (custom)
2021-11-11 00:07:03,547 [pool-920-thread-1] INFO  server.RaftServerConfigKeys (ConfUtils.java:logGet(44)) - raft.server.rpc.sleep.time = 25ms (default)
2021-11-11 00:07:03,547 [pool-920-thread-1] INFO  server.RaftServerConfigKeys (ConfUtils.java:logGet(44)) - raft.server.rpc.slowness.timeout = 300000ms (custom)
2021-11-11 00:07:03,547 [pool-920-thread-1] INFO  server.RaftServerConfigKeys (ConfUtils.java:logGet(44)) - raft.server.leaderelection.leader.step-down.wait-time = 10s (default)
2021-11-11 00:07:03,547 [pool-920-thread-1] INFO  server.RaftServerConfigKeys (ConfUtils.java:logGet(44)) - raft.server.sleep.deviation.threshold = 300ms (default)
2021-11-11 00:07:03,547 [pool-920-thread-1] INFO  server.RaftServerConfigKeys (ConfUtils.java:logGet(44)) - raft.server.log.appender.install.snapshot.enabled = false (custom)
2021-11-11 00:07:03,547 [pool-920-thread-1] INFO  server.RaftServer$Division (ServerState.java:<init>(105)) - 6e133fb8-c87a-4d8d-9d3f-d688ae1cb6f8@group-0F7999503DA4: ConfigurationManager, init=-1: [6e133fb8-c87a-4d8d-9d3f-d688ae1cb6f8|rpc:10.1.0.10:38557|priority:1], old=null, confs=<EMPTY_MAP>
2021-11-11 00:07:03,547 [pool-920-thread-1] INFO  server.RaftServerConfigKeys (ConfUtils.java:logGet(44)) - raft.server.storage.dir = [/home/runner/work/ozone/ozone/hadoop-ozone/integration-test/target/test-dir/MiniOzoneClusterImpl-d5f2283b-1c97-4f43-babe-75a35a923614/datanode-7/data/ratis] (custom)
2021-11-11 00:07:03,547 [pool-920-thread-1] INFO  server.RaftServerConfigKeys (ConfUtils.java:logGet(44)) - raft.server.log.corruption.policy = EXCEPTION (default)
2021-11-11 00:07:03,547 [pool-920-thread-1] INFO  server.RaftServerConfigKeys (ConfUtils.java:logGet(44)) - raft.server.storage.free-space.min = 0MB (=0) (default)
2021-11-11 00:07:03,548 [pool-920-thread-1] INFO  storage.RaftStorageDirectory (RaftStorageDirectoryImpl.java:analyzeStorage(135)) - The storage directory /home/runner/work/ozone/ozone/hadoop-ozone/integration-test/target/test-dir/MiniOzoneClusterImpl-d5f2283b-1c97-4f43-babe-75a35a923614/datanode-7/data/ratis/e010c6ce-98d7-40ae-9b90-0f7999503da4 does not exist. Creating ...
2021-11-11 00:07:03,550 [pool-920-thread-1] INFO  storage.RaftStorageDirectory (RaftStorageDirectoryImpl.java:tryLock(230)) - Lock on /home/runner/work/ozone/ozone/hadoop-ozone/integration-test/target/test-dir/MiniOzoneClusterImpl-d5f2283b-1c97-4f43-babe-75a35a923614/datanode-7/data/ratis/e010c6ce-98d7-40ae-9b90-0f7999503da4/in_use.lock acquired by nodename 20903@fv-az151-339
2021-11-11 00:07:03,553 [pool-920-thread-1] INFO  storage.RaftStorage (RaftStorageImpl.java:format(89)) - Storage directory /home/runner/work/ozone/ozone/hadoop-ozone/integration-test/target/test-dir/MiniOzoneClusterImpl-d5f2283b-1c97-4f43-babe-75a35a923614/datanode-7/data/ratis/e010c6ce-98d7-40ae-9b90-0f7999503da4 has been successfully formatted.
2021-11-11 00:07:03,554 [pool-920-thread-1] INFO  ratis.ContainerStateMachine (ContainerStateMachine.java:loadSnapshot(224)) - group-0F7999503DA4: The snapshot info is null. Setting the last applied indexto:(t:0, i:~)
2021-11-11 00:07:03,554 [pool-920-thread-1] INFO  server.RaftServerConfigKeys (ConfUtils.java:logGet(44)) - raft.server.notification.no-leader.timeout = 300000ms (custom)
2021-11-11 00:07:03,554 [pool-920-thread-1] INFO  server.RaftServerConfigKeys (ConfUtils.java:logGet(44)) - raft.server.log.use.memory = false (default)
2021-11-11 00:07:03,554 [pool-920-thread-1] INFO  server.RaftServerConfigKeys (ConfUtils.java:logGet(44)) - raft.server.log.purge.gap = 1000000 (custom)
2021-11-11 00:07:03,554 [pool-920-thread-1] INFO  server.RaftServerConfigKeys (ConfUtils.java:logGet(44)) - raft.server.log.appender.buffer.byte-limit = 33554432 (custom)
2021-11-11 00:07:03,554 [pool-920-thread-1] INFO  server.RaftServerConfigKeys (ConfUtils.java:logGet(44)) - raft.server.log.segment.size.max = 1048576 (custom)
2021-11-11 00:07:03,555 [pool-920-thread-1] INFO  server.RaftServerConfigKeys (ConfUtils.java:logGet(44)) - raft.server.log.segment.cache.num.max = 2 (custom)
2021-11-11 00:07:03,555 [pool-920-thread-1] INFO  server.RaftServerConfigKeys (ConfUtils.java:logGet(44)) - raft.server.log.segment.cache.size.max = 200MB (=209715200) (default)
2021-11-11 00:07:03,555 [pool-920-thread-1] INFO  segmented.SegmentedRaftLogWorker (SegmentedRaftLogWorker.java:<init>(182)) - new 6e133fb8-c87a-4d8d-9d3f-d688ae1cb6f8@group-0F7999503DA4-SegmentedRaftLogWorker for RaftStorageImpl:Storage Directory /home/runner/work/ozone/ozone/hadoop-ozone/integration-test/target/test-dir/MiniOzoneClusterImpl-d5f2283b-1c97-4f43-babe-75a35a923614/datanode-7/data/ratis/e010c6ce-98d7-40ae-9b90-0f7999503da4
2021-11-11 00:07:03,555 [pool-920-thread-1] INFO  server.RaftServerConfigKeys (ConfUtils.java:logGet(44)) - raft.server.log.queue.byte-limit = 2147483647 (custom)
2021-11-11 00:07:03,555 [pool-920-thread-1] INFO  server.RaftServerConfigKeys (ConfUtils.java:logGet(44)) - raft.server.log.queue.element-limit = 1024 (custom)
2021-11-11 00:07:03,555 [pool-920-thread-1] INFO  server.RaftServerConfigKeys (ConfUtils.java:logGet(44)) - raft.server.log.segment.size.max = 1048576 (custom)
2021-11-11 00:07:03,556 [pool-920-thread-1] INFO  server.RaftServerConfigKeys (ConfUtils.java:logGet(44)) - raft.server.log.preallocated.size = 16384 (custom)
2021-11-11 00:07:03,556 [pool-920-thread-1] INFO  server.RaftServerConfigKeys (ConfUtils.java:logGet(44)) - raft.server.log.force.sync.num = 128 (default)
2021-11-11 00:07:03,556 [pool-920-thread-1] INFO  server.RaftServerConfigKeys (ConfUtils.java:logGet(44)) - raft.server.log.statemachine.data.sync = true (default)
2021-11-11 00:07:03,556 [pool-920-thread-1] INFO  server.RaftServerConfigKeys (ConfUtils.java:logGet(44)) - raft.server.log.statemachine.data.sync.timeout = 10s (default)
2021-11-11 00:07:03,556 [pool-920-thread-1] INFO  server.RaftServerConfigKeys (ConfUtils.java:logGet(44)) - raft.server.log.statemachine.data.sync.timeout.retry = -1 (default)
2021-11-11 00:07:03,558 [EventQueue-PipelineReportForPipelineReportHandler] INFO  pipeline.PipelineManagerImpl (PipelineManagerImpl.java:openPipeline(289)) - Pipeline Pipeline[ Id: e010c6ce-98d7-40ae-9b90-0f7999503da4, Nodes: 6e133fb8-c87a-4d8d-9d3f-d688ae1cb6f8{ip: 10.1.0.10, host: fv-az151-339.yf2hydr00wburbhx3j5hxtcipe.bx.internal.cloudapp.net, ports: [REPLICATION=36749, RATIS=38557, RATIS_ADMIN=38557, RATIS_SERVER=38557, STANDALONE=36933], networkLocation: /default-rack, certSerialId: null, persistedOpState: IN_SERVICE, persistedOpStateExpiryEpochSec: 0}, ReplicationConfig: RATIS/ONE, State:ALLOCATED, leaderId:6e133fb8-c87a-4d8d-9d3f-d688ae1cb6f8, CreationTimestamp2021-11-11T00:07:00.550Z[Etc/UTC]] moved to OPEN state
2021-11-11 00:07:03,558 [EventQueue-OpenPipelineForHealthyPipelineSafeModeRule] INFO  safemode.SCMSafeModeManager (HealthyPipelineSafeModeRule.java:process(124)) - SCM in safe mode. Healthy pipelines reported count is 0, required healthy pipeline reported count is 1
2021-11-11 00:07:03,559 [pool-920-thread-1] INFO  server.RaftServerConfigKeys (ConfUtils.java:logGet(44)) - raft.server.log.write.buffer.size = 1048576 (custom)
2021-11-11 00:07:03,560 [pool-920-thread-1] INFO  server.RaftServerConfigKeys (ConfUtils.java:logGet(44)) - raft.server.log.statemachine.data.caching.enabled = true (custom)
2021-11-11 00:07:03,560 [pool-920-thread-1] INFO  segmented.SegmentedRaftLogWorker (SegmentedRaftLogWorker.java:lambda$new$0(133)) - 6e133fb8-c87a-4d8d-9d3f-d688ae1cb6f8@group-0F7999503DA4-SegmentedRaftLogWorker: flushIndex: setUnconditionally 0 -> -1
2021-11-11 00:07:03,560 [pool-920-thread-1] INFO  segmented.SegmentedRaftLogWorker (SegmentedRaftLogWorker.java:lambda$new$0(133)) - 6e133fb8-c87a-4d8d-9d3f-d688ae1cb6f8@group-0F7999503DA4-SegmentedRaftLogWorker: safeCacheEvictIndex: setUnconditionally 0 -> -1
2021-11-11 00:07:03,561 [pool-920-thread-1] INFO  server.RaftServerConfigKeys (ConfUtils.java:logGet(44)) - raft.server.snapshot.auto.trigger.enabled = true (custom)
2021-11-11 00:07:03,561 [pool-920-thread-1] INFO  server.RaftServerConfigKeys (ConfUtils.java:logGet(44)) - raft.server.snapshot.auto.trigger.threshold = 10000 (custom)
2021-11-11 00:07:03,561 [pool-920-thread-1] INFO  server.RaftServerConfigKeys (ConfUtils.java:logGet(44)) - raft.server.snapshot.retention.file.num = 5 (custom)
2021-11-11 00:07:03,561 [pool-920-thread-1] INFO  server.RaftServerConfigKeys (ConfUtils.java:logGet(44)) - raft.server.log.purge.upto.snapshot.index = false (default)
2021-11-11 00:07:03,561 [pool-920-thread-1] INFO  server.RaftServerConfigKeys (ConfUtils.java:logGet(44)) - raft.server.retrycache.expirytime = 600000ms (custom)
2021-11-11 00:07:03,561 [pool-920-thread-1] INFO  server.RaftServerConfigKeys (ConfUtils.java:logGet(44)) - raft.server.retrycache.statistics.expirytime = 100μs (default)
2021-11-11 00:07:03,563 [pool-920-thread-1] INFO  server.RaftServer$Division (RaftServerImpl.java:start(301)) - 6e133fb8-c87a-4d8d-9d3f-d688ae1cb6f8@group-0F7999503DA4: start as a follower, conf=-1: [6e133fb8-c87a-4d8d-9d3f-d688ae1cb6f8|rpc:10.1.0.10:38557|priority:1], old=null
2021-11-11 00:07:03,563 [pool-920-thread-1] INFO  server.RaftServer$Division (RaftServerImpl.java:setRole(290)) - 6e133fb8-c87a-4d8d-9d3f-d688ae1cb6f8@group-0F7999503DA4: changes role from      null to FOLLOWER at term 0 for startAsFollower
2021-11-11 00:07:03,563 [pool-920-thread-1] INFO  impl.RoleInfo (RoleInfo.java:updateAndGet(130)) - 6e133fb8-c87a-4d8d-9d3f-d688ae1cb6f8: start 6e133fb8-c87a-4d8d-9d3f-d688ae1cb6f8@group-0F7999503DA4-FollowerState
2021-11-11 00:07:03,577 [pool-920-thread-1] INFO  util.JmxRegister (JmxRegister.java:tryRegister(44)) - Successfully registered JMX Bean with object name Ratis:service=RaftServer,group=group-0F7999503DA4,id=6e133fb8-c87a-4d8d-9d3f-d688ae1cb6f8
2021-11-11 00:07:03,579 [Command processor thread] INFO  ratis.XceiverServerRatis (XceiverServerRatis.java:addGroup(768)) - Created group PipelineID=e010c6ce-98d7-40ae-9b90-0f7999503da4
2021-11-11 00:07:03,580 [Command processor thread] INFO  commandhandler.CreatePipelineCommandHandler (CreatePipelineCommandHandler.java:handle(106)) - Created Pipeline RATIS ONE PipelineID=e010c6ce-98d7-40ae-9b90-0f7999503da4.
2021-11-11 00:07:03,975 [Listener at 127.0.0.1/36803] INFO  ozone.MiniOzoneClusterImpl (MiniOzoneClusterImpl.java:lambda$waitForClusterToBeReady$0(235)) - Nodes are ready. Got 9 of 9 DN Heartbeats.
2021-11-11 00:07:03,975 [Listener at 127.0.0.1/36803] INFO  ozone.MiniOzoneClusterImpl (MiniOzoneClusterImpl.java:lambda$waitForClusterToBeReady$0(238)) - Waiting for cluster to exit safe mode
2021-11-11 00:07:03,975 [Listener at 127.0.0.1/36803] INFO  ozone.MiniOzoneClusterImpl (MiniOzoneClusterImpl.java:lambda$waitForClusterToBeReady$0(240)) - SCM became leader
2021-11-11 00:07:04,016 [Command processor thread] INFO  server.RaftServer (RaftServerProxy.java:addNew(95)) - 69aff4e4-918e-4266-92c0-ec642b93bcd5: addNew group-8A9B2939D484:[69aff4e4-918e-4266-92c0-ec642b93bcd5|rpc:10.1.0.10:41107|priority:1] returns group-8A9B2939D484:java.util.concurrent.CompletableFuture@63bb021d[Not completed]
2021-11-11 00:07:04,017 [pool-939-thread-1] INFO  server.RaftServer$Division (RaftServerImpl.java:<init>(184)) - 69aff4e4-918e-4266-92c0-ec642b93bcd5: new RaftServerImpl for group-8A9B2939D484:[69aff4e4-918e-4266-92c0-ec642b93bcd5|rpc:10.1.0.10:41107|priority:1] with ContainerStateMachine:uninitialized
2021-11-11 00:07:04,017 [pool-939-thread-1] INFO  server.RaftServerConfigKeys (ConfUtils.java:logGet(44)) - raft.server.rpc.timeout.min = 5s (custom)
2021-11-11 00:07:04,017 [pool-939-thread-1] INFO  server.RaftServerConfigKeys (ConfUtils.java:logGet(44)) - raft.server.rpc.timeout.max = 5200ms (custom)
2021-11-11 00:07:04,017 [pool-939-thread-1] INFO  server.RaftServerConfigKeys (ConfUtils.java:logGet(44)) - raft.server.rpc.sleep.time = 25ms (default)
2021-11-11 00:07:04,017 [pool-939-thread-1] INFO  server.RaftServerConfigKeys (ConfUtils.java:logGet(44)) - raft.server.rpc.slowness.timeout = 300000ms (custom)
2021-11-11 00:07:04,017 [pool-939-thread-1] INFO  server.RaftServerConfigKeys (ConfUtils.java:logGet(44)) - raft.server.leaderelection.leader.step-down.wait-time = 10s (default)
2021-11-11 00:07:04,017 [pool-939-thread-1] INFO  server.RaftServerConfigKeys (ConfUtils.java:logGet(44)) - raft.server.sleep.deviation.threshold = 300ms (default)
2021-11-11 00:07:04,017 [pool-939-thread-1] INFO  server.RaftServerConfigKeys (ConfUtils.java:logGet(44)) - raft.server.log.appender.install.snapshot.enabled = false (custom)
2021-11-11 00:07:04,017 [pool-939-thread-1] INFO  server.RaftServer$Division (ServerState.java:<init>(105)) - 69aff4e4-918e-4266-92c0-ec642b93bcd5@group-8A9B2939D484: ConfigurationManager, init=-1: [69aff4e4-918e-4266-92c0-ec642b93bcd5|rpc:10.1.0.10:41107|priority:1], old=null, confs=<EMPTY_MAP>
2021-11-11 00:07:04,018 [pool-939-thread-1] INFO  server.RaftServerConfigKeys (ConfUtils.java:logGet(44)) - raft.server.storage.dir = [/home/runner/work/ozone/ozone/hadoop-ozone/integration-test/target/test-dir/MiniOzoneClusterImpl-d5f2283b-1c97-4f43-babe-75a35a923614/datanode-8/data/ratis] (custom)
2021-11-11 00:07:04,018 [pool-939-thread-1] INFO  server.RaftServerConfigKeys (ConfUtils.java:logGet(44)) - raft.server.log.corruption.policy = EXCEPTION (default)
2021-11-11 00:07:04,018 [pool-939-thread-1] INFO  server.RaftServerConfigKeys (ConfUtils.java:logGet(44)) - raft.server.storage.free-space.min = 0MB (=0) (default)
2021-11-11 00:07:04,018 [pool-939-thread-1] INFO  storage.RaftStorageDirectory (RaftStorageDirectoryImpl.java:analyzeStorage(135)) - The storage directory /home/runner/work/ozone/ozone/hadoop-ozone/integration-test/target/test-dir/MiniOzoneClusterImpl-d5f2283b-1c97-4f43-babe-75a35a923614/datanode-8/data/ratis/55bd206c-c573-45bb-9c72-8a9b2939d484 does not exist. Creating ...
2021-11-11 00:07:04,021 [pool-939-thread-1] INFO  storage.RaftStorageDirectory (RaftStorageDirectoryImpl.java:tryLock(230)) - Lock on /home/runner/work/ozone/ozone/hadoop-ozone/integration-test/target/test-dir/MiniOzoneClusterImpl-d5f2283b-1c97-4f43-babe-75a35a923614/datanode-8/data/ratis/55bd206c-c573-45bb-9c72-8a9b2939d484/in_use.lock acquired by nodename 20903@fv-az151-339
2021-11-11 00:07:04,023 [pool-939-thread-1] INFO  storage.RaftStorage (RaftStorageImpl.java:format(89)) - Storage directory /home/runner/work/ozone/ozone/hadoop-ozone/integration-test/target/test-dir/MiniOzoneClusterImpl-d5f2283b-1c97-4f43-babe-75a35a923614/datanode-8/data/ratis/55bd206c-c573-45bb-9c72-8a9b2939d484 has been successfully formatted.
2021-11-11 00:07:04,030 [EventQueue-PipelineReportForPipelineReportHandler] INFO  pipeline.PipelineManagerImpl (PipelineManagerImpl.java:openPipeline(289)) - Pipeline Pipeline[ Id: 55bd206c-c573-45bb-9c72-8a9b2939d484, Nodes: 69aff4e4-918e-4266-92c0-ec642b93bcd5{ip: 10.1.0.10, host: fv-az151-339.yf2hydr00wburbhx3j5hxtcipe.bx.internal.cloudapp.net, ports: [REPLICATION=39313, RATIS=41107, RATIS_ADMIN=41107, RATIS_SERVER=41107, STANDALONE=40977], networkLocation: /default-rack, certSerialId: null, persistedOpState: IN_SERVICE, persistedOpStateExpiryEpochSec: 0}, ReplicationConfig: RATIS/ONE, State:ALLOCATED, leaderId:69aff4e4-918e-4266-92c0-ec642b93bcd5, CreationTimestamp2021-11-11T00:07:01.017Z[Etc/UTC]] moved to OPEN state
2021-11-11 00:07:04,030 [EventQueue-OpenPipelineForHealthyPipelineSafeModeRule] INFO  safemode.SCMSafeModeManager (HealthyPipelineSafeModeRule.java:process(124)) - SCM in safe mode. Healthy pipelines reported count is 0, required healthy pipeline reported count is 1
2021-11-11 00:07:04,030 [pool-939-thread-1] INFO  ratis.ContainerStateMachine (ContainerStateMachine.java:loadSnapshot(224)) - group-8A9B2939D484: The snapshot info is null. Setting the last applied indexto:(t:0, i:~)
2021-11-11 00:07:04,031 [pool-939-thread-1] INFO  server.RaftServerConfigKeys (ConfUtils.java:logGet(44)) - raft.server.notification.no-leader.timeout = 300000ms (custom)
2021-11-11 00:07:04,031 [pool-939-thread-1] INFO  server.RaftServerConfigKeys (ConfUtils.java:logGet(44)) - raft.server.log.use.memory = false (default)
2021-11-11 00:07:04,031 [pool-939-thread-1] INFO  server.RaftServerConfigKeys (ConfUtils.java:logGet(44)) - raft.server.log.purge.gap = 1000000 (custom)
2021-11-11 00:07:04,031 [pool-939-thread-1] INFO  server.RaftServerConfigKeys (ConfUtils.java:logGet(44)) - raft.server.log.appender.buffer.byte-limit = 33554432 (custom)
2021-11-11 00:07:04,031 [pool-939-thread-1] INFO  server.RaftServerConfigKeys (ConfUtils.java:logGet(44)) - raft.server.log.segment.size.max = 1048576 (custom)
2021-11-11 00:07:04,032 [pool-939-thread-1] INFO  server.RaftServerConfigKeys (ConfUtils.java:logGet(44)) - raft.server.log.segment.cache.num.max = 2 (custom)
2021-11-11 00:07:04,037 [pool-939-thread-1] INFO  server.RaftServerConfigKeys (ConfUtils.java:logGet(44)) - raft.server.log.segment.cache.size.max = 200MB (=209715200) (default)
2021-11-11 00:07:04,037 [pool-939-thread-1] INFO  segmented.SegmentedRaftLogWorker (SegmentedRaftLogWorker.java:<init>(182)) - new 69aff4e4-918e-4266-92c0-ec642b93bcd5@group-8A9B2939D484-SegmentedRaftLogWorker for RaftStorageImpl:Storage Directory /home/runner/work/ozone/ozone/hadoop-ozone/integration-test/target/test-dir/MiniOzoneClusterImpl-d5f2283b-1c97-4f43-babe-75a35a923614/datanode-8/data/ratis/55bd206c-c573-45bb-9c72-8a9b2939d484
2021-11-11 00:07:04,037 [pool-939-thread-1] INFO  server.RaftServerConfigKeys (ConfUtils.java:logGet(44)) - raft.server.log.queue.byte-limit = 2147483647 (custom)
2021-11-11 00:07:04,037 [pool-939-thread-1] INFO  server.RaftServerConfigKeys (ConfUtils.java:logGet(44)) - raft.server.log.queue.element-limit = 1024 (custom)
2021-11-11 00:07:04,037 [pool-939-thread-1] INFO  server.RaftServerConfigKeys (ConfUtils.java:logGet(44)) - raft.server.log.segment.size.max = 1048576 (custom)
2021-11-11 00:07:04,038 [pool-939-thread-1] INFO  server.RaftServerConfigKeys (ConfUtils.java:logGet(44)) - raft.server.log.preallocated.size = 16384 (custom)
2021-11-11 00:07:04,038 [pool-939-thread-1] INFO  server.RaftServerConfigKeys (ConfUtils.java:logGet(44)) - raft.server.log.force.sync.num = 128 (default)
2021-11-11 00:07:04,038 [pool-939-thread-1] INFO  server.RaftServerConfigKeys (ConfUtils.java:logGet(44)) - raft.server.log.statemachine.data.sync = true (default)
2021-11-11 00:07:04,038 [pool-939-thread-1] INFO  server.RaftServerConfigKeys (ConfUtils.java:logGet(44)) - raft.server.log.statemachine.data.sync.timeout = 10s (default)
2021-11-11 00:07:04,038 [pool-939-thread-1] INFO  server.RaftServerConfigKeys (ConfUtils.java:logGet(44)) - raft.server.log.statemachine.data.sync.timeout.retry = -1 (default)
2021-11-11 00:07:04,040 [pool-939-thread-1] INFO  server.RaftServerConfigKeys (ConfUtils.java:logGet(44)) - raft.server.log.write.buffer.size = 1048576 (custom)
2021-11-11 00:07:04,040 [pool-939-thread-1] INFO  server.RaftServerConfigKeys (ConfUtils.java:logGet(44)) - raft.server.log.statemachine.data.caching.enabled = true (custom)
2021-11-11 00:07:04,041 [pool-939-thread-1] INFO  segmented.SegmentedRaftLogWorker (SegmentedRaftLogWorker.java:lambda$new$0(133)) - 69aff4e4-918e-4266-92c0-ec642b93bcd5@group-8A9B2939D484-SegmentedRaftLogWorker: flushIndex: setUnconditionally 0 -> -1
2021-11-11 00:07:04,041 [pool-939-thread-1] INFO  segmented.SegmentedRaftLogWorker (SegmentedRaftLogWorker.java:lambda$new$0(133)) - 69aff4e4-918e-4266-92c0-ec642b93bcd5@group-8A9B2939D484-SegmentedRaftLogWorker: safeCacheEvictIndex: setUnconditionally 0 -> -1
2021-11-11 00:07:04,045 [pool-939-thread-1] INFO  server.RaftServerConfigKeys (ConfUtils.java:logGet(44)) - raft.server.snapshot.auto.trigger.enabled = true (custom)
2021-11-11 00:07:04,045 [pool-939-thread-1] INFO  server.RaftServerConfigKeys (ConfUtils.java:logGet(44)) - raft.server.snapshot.auto.trigger.threshold = 10000 (custom)
2021-11-11 00:07:04,045 [pool-939-thread-1] INFO  server.RaftServerConfigKeys (ConfUtils.java:logGet(44)) - raft.server.snapshot.retention.file.num = 5 (custom)
2021-11-11 00:07:04,045 [pool-939-thread-1] INFO  server.RaftServerConfigKeys (ConfUtils.java:logGet(44)) - raft.server.log.purge.upto.snapshot.index = false (default)
2021-11-11 00:07:04,045 [pool-939-thread-1] INFO  server.RaftServerConfigKeys (ConfUtils.java:logGet(44)) - raft.server.retrycache.expirytime = 600000ms (custom)
2021-11-11 00:07:04,046 [pool-939-thread-1] INFO  server.RaftServerConfigKeys (ConfUtils.java:logGet(44)) - raft.server.retrycache.statistics.expirytime = 100μs (default)
2021-11-11 00:07:04,048 [pool-939-thread-1] INFO  server.RaftServer$Division (RaftServerImpl.java:start(301)) - 69aff4e4-918e-4266-92c0-ec642b93bcd5@group-8A9B2939D484: start as a follower, conf=-1: [69aff4e4-918e-4266-92c0-ec642b93bcd5|rpc:10.1.0.10:41107|priority:1], old=null
2021-11-11 00:07:04,048 [pool-939-thread-1] INFO  server.RaftServer$Division (RaftServerImpl.java:setRole(290)) - 69aff4e4-918e-4266-92c0-ec642b93bcd5@group-8A9B2939D484: changes role from      null to FOLLOWER at term 0 for startAsFollower
2021-11-11 00:07:04,048 [pool-939-thread-1] INFO  impl.RoleInfo (RoleInfo.java:updateAndGet(130)) - 69aff4e4-918e-4266-92c0-ec642b93bcd5: start 69aff4e4-918e-4266-92c0-ec642b93bcd5@group-8A9B2939D484-FollowerState
2021-11-11 00:07:04,050 [pool-939-thread-1] INFO  util.JmxRegister (JmxRegister.java:tryRegister(44)) - Successfully registered JMX Bean with object name Ratis:service=RaftServer,group=group-8A9B2939D484,id=69aff4e4-918e-4266-92c0-ec642b93bcd5
2021-11-11 00:07:04,053 [Command processor thread] INFO  ratis.XceiverServerRatis (XceiverServerRatis.java:addGroup(768)) - Created group PipelineID=55bd206c-c573-45bb-9c72-8a9b2939d484
2021-11-11 00:07:04,053 [Command processor thread] INFO  commandhandler.CreatePipelineCommandHandler (CreatePipelineCommandHandler.java:handle(106)) - Created Pipeline RATIS ONE PipelineID=55bd206c-c573-45bb-9c72-8a9b2939d484.
2021-11-11 00:07:04,976 [Listener at 127.0.0.1/36803] INFO  ozone.MiniOzoneClusterImpl (MiniOzoneClusterImpl.java:lambda$waitForClusterToBeReady$0(235)) - Nodes are ready. Got 9 of 9 DN Heartbeats.
2021-11-11 00:07:04,976 [Listener at 127.0.0.1/36803] INFO  ozone.MiniOzoneClusterImpl (MiniOzoneClusterImpl.java:lambda$waitForClusterToBeReady$0(238)) - Waiting for cluster to exit safe mode
2021-11-11 00:07:04,976 [Listener at 127.0.0.1/36803] INFO  ozone.MiniOzoneClusterImpl (MiniOzoneClusterImpl.java:lambda$waitForClusterToBeReady$0(240)) - SCM became leader
2021-11-11 00:07:05,323 [0d2fb367-afe0-4be7-ae24-70cd5e1a0313@group-1D734D956124-FollowerState] INFO  impl.FollowerState (FollowerState.java:run(134)) - 0d2fb367-afe0-4be7-ae24-70cd5e1a0313@group-1D734D956124-FollowerState: change to CANDIDATE, lastRpcElapsedTime:5035602452ns, electionTimeout:5034ms
2021-11-11 00:07:05,323 [0d2fb367-afe0-4be7-ae24-70cd5e1a0313@group-1D734D956124-FollowerState] INFO  impl.RoleInfo (RoleInfo.java:shutdownFollowerState(108)) - 0d2fb367-afe0-4be7-ae24-70cd5e1a0313: shutdown 0d2fb367-afe0-4be7-ae24-70cd5e1a0313@group-1D734D956124-FollowerState
2021-11-11 00:07:05,324 [0d2fb367-afe0-4be7-ae24-70cd5e1a0313@group-1D734D956124-FollowerState] INFO  server.RaftServer$Division (RaftServerImpl.java:setRole(290)) - 0d2fb367-afe0-4be7-ae24-70cd5e1a0313@group-1D734D956124: changes role from  FOLLOWER to CANDIDATE at term 0 for changeToCandidate
2021-11-11 00:07:05,326 [0d2fb367-afe0-4be7-ae24-70cd5e1a0313@group-1D734D956124-FollowerState] INFO  server.RaftServerConfigKeys (ConfUtils.java:logGet(44)) - raft.server.leaderelection.pre-vote = false (custom)
2021-11-11 00:07:05,326 [0d2fb367-afe0-4be7-ae24-70cd5e1a0313@group-1D734D956124-FollowerState] INFO  impl.RoleInfo (RoleInfo.java:updateAndGet(130)) - 0d2fb367-afe0-4be7-ae24-70cd5e1a0313: start 0d2fb367-afe0-4be7-ae24-70cd5e1a0313@group-1D734D956124-LeaderElection75
2021-11-11 00:07:05,374 [0d2fb367-afe0-4be7-ae24-70cd5e1a0313@group-1D734D956124-LeaderElection75] INFO  impl.LeaderElection (LeaderElection.java:askForVotes(306)) - 0d2fb367-afe0-4be7-ae24-70cd5e1a0313@group-1D734D956124-LeaderElection75 ELECTION round 0: submit vote requests at term 1 for -1: [0d2fb367-afe0-4be7-ae24-70cd5e1a0313|rpc:10.1.0.10:34699|priority:1], old=null
2021-11-11 00:07:05,374 [0d2fb367-afe0-4be7-ae24-70cd5e1a0313@group-1D734D956124-LeaderElection75] INFO  impl.LeaderElection (LeaderElection.java:askForVotes(308)) - 0d2fb367-afe0-4be7-ae24-70cd5e1a0313@group-1D734D956124-LeaderElection75 ELECTION round 0: result PASSED (term=1)
2021-11-11 00:07:05,374 [0d2fb367-afe0-4be7-ae24-70cd5e1a0313@group-1D734D956124-LeaderElection75] INFO  impl.RoleInfo (RoleInfo.java:shutdownLeaderElection(121)) - 0d2fb367-afe0-4be7-ae24-70cd5e1a0313: shutdown 0d2fb367-afe0-4be7-ae24-70cd5e1a0313@group-1D734D956124-LeaderElection75
2021-11-11 00:07:05,375 [0d2fb367-afe0-4be7-ae24-70cd5e1a0313@group-1D734D956124-LeaderElection75] INFO  server.RaftServer$Division (RaftServerImpl.java:setRole(290)) - 0d2fb367-afe0-4be7-ae24-70cd5e1a0313@group-1D734D956124: changes role from CANDIDATE to LEADER at term 1 for changeToLeader
2021-11-11 00:07:05,375 [0d2fb367-afe0-4be7-ae24-70cd5e1a0313@group-1D734D956124-LeaderElection75] INFO  ratis.XceiverServerRatis (XceiverServerRatis.java:handleLeaderChangedNotification(866)) - Leader change notification received for group: group-1D734D956124 with new leaderId: 0d2fb367-afe0-4be7-ae24-70cd5e1a0313
2021-11-11 00:07:05,375 [0d2fb367-afe0-4be7-ae24-70cd5e1a0313@group-1D734D956124-LeaderElection75] INFO  server.RaftServer$Division (ServerState.java:setLeader(285)) - 0d2fb367-afe0-4be7-ae24-70cd5e1a0313@group-1D734D956124: change Leader from null to 0d2fb367-afe0-4be7-ae24-70cd5e1a0313 at term 1 for becomeLeader, leader elected after 5094ms
2021-11-11 00:07:05,375 [0d2fb367-afe0-4be7-ae24-70cd5e1a0313@group-1D734D956124-LeaderElection75] INFO  server.RaftServerConfigKeys (ConfUtils.java:logGet(44)) - raft.server.staging.catchup.gap = 1000 (default)
2021-11-11 00:07:05,376 [0d2fb367-afe0-4be7-ae24-70cd5e1a0313@group-1D734D956124-LeaderElection75] INFO  server.RaftServerConfigKeys (ConfUtils.java:logGet(44)) - raft.server.write.element-limit = 1024 (custom)
2021-11-11 00:07:05,378 [0d2fb367-afe0-4be7-ae24-70cd5e1a0313@group-1D734D956124-LeaderElection75] INFO  server.RaftServerConfigKeys (ConfUtils.java:logGet(44)) - raft.server.write.byte-limit = 1024 M (=1073741824) (custom)
2021-11-11 00:07:05,379 [0d2fb367-afe0-4be7-ae24-70cd5e1a0313@group-1D734D956124-LeaderElection75] INFO  server.RaftServerConfigKeys (ConfUtils.java:logGet(44)) - raft.server.watch.timeout = 3000ms (custom)
2021-11-11 00:07:05,379 [0d2fb367-afe0-4be7-ae24-70cd5e1a0313@group-1D734D956124-LeaderElection75] INFO  server.RaftServerConfigKeys (ConfUtils.java:logGet(44)) - raft.server.watch.timeout.denomination = 1s (default)
2021-11-11 00:07:05,379 [0d2fb367-afe0-4be7-ae24-70cd5e1a0313@group-1D734D956124-LeaderElection75] INFO  server.RaftServerConfigKeys (ConfUtils.java:logGet(44)) - raft.server.watch.element-limit = 65536 (default)
2021-11-11 00:07:05,379 [0d2fb367-afe0-4be7-ae24-70cd5e1a0313@group-1D734D956124-LeaderElection75] INFO  server.RaftServerConfigKeys (ConfUtils.java:logGet(44)) - raft.server.write.element-limit = 1024 (custom)
2021-11-11 00:07:05,380 [0d2fb367-afe0-4be7-ae24-70cd5e1a0313@group-1D734D956124-LeaderElection75] INFO  server.RaftServerConfigKeys (ConfUtils.java:logGet(44)) - raft.server.write.follower.gap.ratio.max = -1.0 (default)
2021-11-11 00:07:05,380 [0d2fb367-afe0-4be7-ae24-70cd5e1a0313@group-1D734D956124-LeaderElection75] INFO  impl.RoleInfo (RoleInfo.java:updateAndGet(130)) - 0d2fb367-afe0-4be7-ae24-70cd5e1a0313: start 0d2fb367-afe0-4be7-ae24-70cd5e1a0313@group-1D734D956124-LeaderStateImpl
2021-11-11 00:07:05,380 [0d2fb367-afe0-4be7-ae24-70cd5e1a0313@group-1D734D956124-LeaderElection75] INFO  segmented.SegmentedRaftLogWorker (SegmentedRaftLogWorker.java:startLogSegment(394)) - 0d2fb367-afe0-4be7-ae24-70cd5e1a0313@group-1D734D956124-SegmentedRaftLogWorker: Starting segment from index:0
2021-11-11 00:07:05,378 [EventQueue-OpenPipelineForHealthyPipelineSafeModeRule] INFO  safemode.SCMSafeModeManager (HealthyPipelineSafeModeRule.java:process(124)) - SCM in safe mode. Healthy pipelines reported count is 0, required healthy pipeline reported count is 1
2021-11-11 00:07:05,382 [0d2fb367-afe0-4be7-ae24-70cd5e1a0313@group-1D734D956124-SegmentedRaftLogWorker] INFO  segmented.SegmentedRaftLogWorker (SegmentedRaftLogWorker.java:execute(601)) - 0d2fb367-afe0-4be7-ae24-70cd5e1a0313@group-1D734D956124-SegmentedRaftLogWorker: created new log segment /home/runner/work/ozone/ozone/hadoop-ozone/integration-test/target/test-dir/MiniOzoneClusterImpl-d5f2283b-1c97-4f43-babe-75a35a923614/datanode-0/data/ratis/1adfe36a-35da-4738-93f5-1d734d956124/current/log_inprogress_0
2021-11-11 00:07:05,405 [0d2fb367-afe0-4be7-ae24-70cd5e1a0313@group-1D734D956124-LeaderElection75] INFO  server.RaftServer$Division (ServerState.java:setRaftConf(387)) - 0d2fb367-afe0-4be7-ae24-70cd5e1a0313@group-1D734D956124: set configuration 0: [0d2fb367-afe0-4be7-ae24-70cd5e1a0313|rpc:10.1.0.10:34699|dataStream:|priority:1], old=null
2021-11-11 00:07:05,441 [0d2fb367-afe0-4be7-ae24-70cd5e1a0313@group-D18AC6807E55-FollowerState] INFO  impl.FollowerState (FollowerState.java:run(134)) - 0d2fb367-afe0-4be7-ae24-70cd5e1a0313@group-D18AC6807E55-FollowerState: change to CANDIDATE, lastRpcElapsedTime:5128054821ns, electionTimeout:5126ms
2021-11-11 00:07:05,442 [0d2fb367-afe0-4be7-ae24-70cd5e1a0313@group-D18AC6807E55-FollowerState] INFO  impl.RoleInfo (RoleInfo.java:shutdownFollowerState(108)) - 0d2fb367-afe0-4be7-ae24-70cd5e1a0313: shutdown 0d2fb367-afe0-4be7-ae24-70cd5e1a0313@group-D18AC6807E55-FollowerState
2021-11-11 00:07:05,442 [0d2fb367-afe0-4be7-ae24-70cd5e1a0313@group-D18AC6807E55-FollowerState] INFO  server.RaftServer$Division (RaftServerImpl.java:setRole(290)) - 0d2fb367-afe0-4be7-ae24-70cd5e1a0313@group-D18AC6807E55: changes role from  FOLLOWER to CANDIDATE at term 0 for changeToCandidate
2021-11-11 00:07:05,442 [0d2fb367-afe0-4be7-ae24-70cd5e1a0313@group-D18AC6807E55-FollowerState] INFO  server.RaftServerConfigKeys (ConfUtils.java:logGet(44)) - raft.server.leaderelection.pre-vote = false (custom)
2021-11-11 00:07:05,442 [0d2fb367-afe0-4be7-ae24-70cd5e1a0313@group-D18AC6807E55-FollowerState] INFO  impl.RoleInfo (RoleInfo.java:updateAndGet(130)) - 0d2fb367-afe0-4be7-ae24-70cd5e1a0313: start 0d2fb367-afe0-4be7-ae24-70cd5e1a0313@group-D18AC6807E55-LeaderElection76
2021-11-11 00:07:05,474 [0d2fb367-afe0-4be7-ae24-70cd5e1a0313@group-D18AC6807E55-LeaderElection76] INFO  impl.LeaderElection (LeaderElection.java:askForVotes(306)) - 0d2fb367-afe0-4be7-ae24-70cd5e1a0313@group-D18AC6807E55-LeaderElection76 ELECTION round 0: submit vote requests at term 1 for -1: [0d2fb367-afe0-4be7-ae24-70cd5e1a0313|rpc:10.1.0.10:34699|priority:0, e5ed6742-d51a-4f99-aebb-54e43bc29342|rpc:10.1.0.10:41847|priority:1, 5b650bcb-8111-473c-88bf-b7649abefc48|rpc:10.1.0.10:34803|priority:0], old=null
2021-11-11 00:07:05,515 [grpc-default-executor-3] INFO  server.RaftServer$Division (RaftServerImpl.java:requestVote(1046)) - 5b650bcb-8111-473c-88bf-b7649abefc48@group-D18AC6807E55: receive requestVote(ELECTION, 0d2fb367-afe0-4be7-ae24-70cd5e1a0313, group-D18AC6807E55, 1, (t:0, i:0))
2021-11-11 00:07:05,515 [grpc-default-executor-3] INFO  impl.VoteContext (VoteContext.java:log(48)) - 5b650bcb-8111-473c-88bf-b7649abefc48@group-D18AC6807E55-FOLLOWER: accept ELECTION from 0d2fb367-afe0-4be7-ae24-70cd5e1a0313: our priority 0 <= candidate's priority 0
2021-11-11 00:07:05,515 [grpc-default-executor-3] INFO  server.RaftServer$Division (RaftServerImpl.java:setRole(290)) - 5b650bcb-8111-473c-88bf-b7649abefc48@group-D18AC6807E55: changes role from  FOLLOWER to FOLLOWER at term 1 for candidate:0d2fb367-afe0-4be7-ae24-70cd5e1a0313
2021-11-11 00:07:05,515 [grpc-default-executor-3] INFO  impl.RoleInfo (RoleInfo.java:shutdownFollowerState(108)) - 5b650bcb-8111-473c-88bf-b7649abefc48: shutdown 5b650bcb-8111-473c-88bf-b7649abefc48@group-D18AC6807E55-FollowerState
2021-11-11 00:07:05,515 [grpc-default-executor-3] INFO  impl.RoleInfo (RoleInfo.java:updateAndGet(130)) - 5b650bcb-8111-473c-88bf-b7649abefc48: start 5b650bcb-8111-473c-88bf-b7649abefc48@group-D18AC6807E55-FollowerState
2021-11-11 00:07:05,516 [5b650bcb-8111-473c-88bf-b7649abefc48@group-D18AC6807E55-FollowerState] INFO  impl.FollowerState (FollowerState.java:run(143)) - 5b650bcb-8111-473c-88bf-b7649abefc48@group-D18AC6807E55-FollowerState was interrupted: {}
java.lang.InterruptedException: sleep interrupted
	at java.lang.Thread.sleep(Native Method)
	at java.lang.Thread.sleep(Thread.java:340)
	at java.util.concurrent.TimeUnit.sleep(TimeUnit.java:386)
	at org.apache.ratis.util.TimeDuration.sleep(TimeDuration.java:324)
	at org.apache.ratis.util.TimeDuration.sleep(TimeDuration.java:309)
	at org.apache.ratis.server.impl.FollowerState.run(FollowerState.java:118)
2021-11-11 00:07:05,518 [grpc-default-executor-3] INFO  server.RaftServer$Division (RaftServerImpl.java:requestVote(1078)) - 5b650bcb-8111-473c-88bf-b7649abefc48@group-D18AC6807E55 replies to ELECTION vote request: 0d2fb367-afe0-4be7-ae24-70cd5e1a0313<-5b650bcb-8111-473c-88bf-b7649abefc48#0:OK-t1. Peer's state: 5b650bcb-8111-473c-88bf-b7649abefc48@group-D18AC6807E55:t1, leader=null, voted=0d2fb367-afe0-4be7-ae24-70cd5e1a0313, raftlog=5b650bcb-8111-473c-88bf-b7649abefc48@group-D18AC6807E55-SegmentedRaftLog:OPENED:c-1, conf=-1: [0d2fb367-afe0-4be7-ae24-70cd5e1a0313|rpc:10.1.0.10:34699|dataStream:|priority:0, e5ed6742-d51a-4f99-aebb-54e43bc29342|rpc:10.1.0.10:41847|dataStream:|priority:1, 5b650bcb-8111-473c-88bf-b7649abefc48|rpc:10.1.0.10:34803|dataStream:|priority:0], old=null
2021-11-11 00:07:05,530 [grpc-default-executor-3] INFO  server.RaftServer$Division (RaftServerImpl.java:requestVote(1046)) - e5ed6742-d51a-4f99-aebb-54e43bc29342@group-D18AC6807E55: receive requestVote(ELECTION, 0d2fb367-afe0-4be7-ae24-70cd5e1a0313, group-D18AC6807E55, 1, (t:0, i:0))
2021-11-11 00:07:05,531 [grpc-default-executor-3] INFO  impl.VoteContext (VoteContext.java:log(48)) - e5ed6742-d51a-4f99-aebb-54e43bc29342@group-D18AC6807E55-FOLLOWER: reject ELECTION from 0d2fb367-afe0-4be7-ae24-70cd5e1a0313: our priority 1 > candidate's priority 0
2021-11-11 00:07:05,531 [grpc-default-executor-3] INFO  server.RaftServer$Division (RaftServerImpl.java:setRole(290)) - e5ed6742-d51a-4f99-aebb-54e43bc29342@group-D18AC6807E55: changes role from  FOLLOWER to FOLLOWER at term 1 for candidate:0d2fb367-afe0-4be7-ae24-70cd5e1a0313
2021-11-11 00:07:05,531 [grpc-default-executor-3] INFO  impl.RoleInfo (RoleInfo.java:shutdownFollowerState(108)) - e5ed6742-d51a-4f99-aebb-54e43bc29342: shutdown e5ed6742-d51a-4f99-aebb-54e43bc29342@group-D18AC6807E55-FollowerState
2021-11-11 00:07:05,531 [e5ed6742-d51a-4f99-aebb-54e43bc29342@group-D18AC6807E55-FollowerState] INFO  impl.FollowerState (FollowerState.java:run(143)) - e5ed6742-d51a-4f99-aebb-54e43bc29342@group-D18AC6807E55-FollowerState was interrupted: {}
java.lang.InterruptedException: sleep interrupted
	at java.lang.Thread.sleep(Native Method)
	at java.lang.Thread.sleep(Thread.java:340)
	at java.util.concurrent.TimeUnit.sleep(TimeUnit.java:386)
	at org.apache.ratis.util.TimeDuration.sleep(TimeDuration.java:324)
	at org.apache.ratis.util.TimeDuration.sleep(TimeDuration.java:309)
	at org.apache.ratis.server.impl.FollowerState.run(FollowerState.java:118)
2021-11-11 00:07:05,531 [grpc-default-executor-3] INFO  impl.RoleInfo (RoleInfo.java:updateAndGet(130)) - e5ed6742-d51a-4f99-aebb-54e43bc29342: start e5ed6742-d51a-4f99-aebb-54e43bc29342@group-D18AC6807E55-FollowerState
2021-11-11 00:07:05,534 [grpc-default-executor-3] INFO  server.RaftServer$Division (RaftServerImpl.java:requestVote(1078)) - e5ed6742-d51a-4f99-aebb-54e43bc29342@group-D18AC6807E55 replies to ELECTION vote request: 0d2fb367-afe0-4be7-ae24-70cd5e1a0313<-e5ed6742-d51a-4f99-aebb-54e43bc29342#0:FAIL-t1. Peer's state: e5ed6742-d51a-4f99-aebb-54e43bc29342@group-D18AC6807E55:t1, leader=null, voted=null, raftlog=e5ed6742-d51a-4f99-aebb-54e43bc29342@group-D18AC6807E55-SegmentedRaftLog:OPENED:c-1, conf=-1: [0d2fb367-afe0-4be7-ae24-70cd5e1a0313|rpc:10.1.0.10:34699|dataStream:|priority:0, e5ed6742-d51a-4f99-aebb-54e43bc29342|rpc:10.1.0.10:41847|dataStream:|priority:1, 5b650bcb-8111-473c-88bf-b7649abefc48|rpc:10.1.0.10:34803|dataStream:|priority:0], old=null
2021-11-11 00:07:05,539 [0d2fb367-afe0-4be7-ae24-70cd5e1a0313@group-D18AC6807E55-LeaderElection76] INFO  impl.LeaderElection (LeaderElection.java:logAndReturn(89)) - 0d2fb367-afe0-4be7-ae24-70cd5e1a0313@group-D18AC6807E55-LeaderElection76: ELECTION REJECTED received 1 response(s) and 0 exception(s):
2021-11-11 00:07:05,539 [0d2fb367-afe0-4be7-ae24-70cd5e1a0313@group-D18AC6807E55-LeaderElection76] INFO  impl.LeaderElection (LeaderElection.java:logAndReturn(93)) -   Response 0: 0d2fb367-afe0-4be7-ae24-70cd5e1a0313<-e5ed6742-d51a-4f99-aebb-54e43bc29342#0:FAIL-t1
2021-11-11 00:07:05,539 [0d2fb367-afe0-4be7-ae24-70cd5e1a0313@group-D18AC6807E55-LeaderElection76] INFO  impl.LeaderElection (LeaderElection.java:askForVotes(308)) - 0d2fb367-afe0-4be7-ae24-70cd5e1a0313@group-D18AC6807E55-LeaderElection76 ELECTION round 0: result REJECTED
2021-11-11 00:07:05,539 [0d2fb367-afe0-4be7-ae24-70cd5e1a0313@group-D18AC6807E55-LeaderElection76] INFO  server.RaftServer$Division (RaftServerImpl.java:setRole(290)) - 0d2fb367-afe0-4be7-ae24-70cd5e1a0313@group-D18AC6807E55: changes role from CANDIDATE to FOLLOWER at term 1 for REJECTED
2021-11-11 00:07:05,539 [0d2fb367-afe0-4be7-ae24-70cd5e1a0313@group-D18AC6807E55-LeaderElection76] INFO  impl.RoleInfo (RoleInfo.java:shutdownLeaderElection(121)) - 0d2fb367-afe0-4be7-ae24-70cd5e1a0313: shutdown 0d2fb367-afe0-4be7-ae24-70cd5e1a0313@group-D18AC6807E55-LeaderElection76
2021-11-11 00:07:05,540 [0d2fb367-afe0-4be7-ae24-70cd5e1a0313@group-D18AC6807E55-LeaderElection76] INFO  impl.RoleInfo (RoleInfo.java:updateAndGet(130)) - 0d2fb367-afe0-4be7-ae24-70cd5e1a0313: start 0d2fb367-afe0-4be7-ae24-70cd5e1a0313@group-D18AC6807E55-FollowerState
2021-11-11 00:07:05,976 [Listener at 127.0.0.1/36803] INFO  ozone.MiniOzoneClusterImpl (MiniOzoneClusterImpl.java:lambda$waitForClusterToBeReady$0(235)) - Nodes are ready. Got 9 of 9 DN Heartbeats.
2021-11-11 00:07:05,977 [Listener at 127.0.0.1/36803] INFO  ozone.MiniOzoneClusterImpl (MiniOzoneClusterImpl.java:lambda$waitForClusterToBeReady$0(238)) - Waiting for cluster to exit safe mode
2021-11-11 00:07:05,977 [Listener at 127.0.0.1/36803] INFO  ozone.MiniOzoneClusterImpl (MiniOzoneClusterImpl.java:lambda$waitForClusterToBeReady$0(240)) - SCM became leader
2021-11-11 00:07:05,994 [5b650bcb-8111-473c-88bf-b7649abefc48@group-46FFCCA1DA0F-FollowerState] INFO  impl.FollowerState (FollowerState.java:run(134)) - 5b650bcb-8111-473c-88bf-b7649abefc48@group-46FFCCA1DA0F-FollowerState: change to CANDIDATE, lastRpcElapsedTime:5118736314ns, electionTimeout:5112ms
2021-11-11 00:07:05,995 [5b650bcb-8111-473c-88bf-b7649abefc48@group-46FFCCA1DA0F-FollowerState] INFO  impl.RoleInfo (RoleInfo.java:shutdownFollowerState(108)) - 5b650bcb-8111-473c-88bf-b7649abefc48: shutdown 5b650bcb-8111-473c-88bf-b7649abefc48@group-46FFCCA1DA0F-FollowerState
2021-11-11 00:07:05,995 [5b650bcb-8111-473c-88bf-b7649abefc48@group-46FFCCA1DA0F-FollowerState] INFO  server.RaftServer$Division (RaftServerImpl.java:setRole(290)) - 5b650bcb-8111-473c-88bf-b7649abefc48@group-46FFCCA1DA0F: changes role from  FOLLOWER to CANDIDATE at term 0 for changeToCandidate
2021-11-11 00:07:05,997 [5b650bcb-8111-473c-88bf-b7649abefc48@group-46FFCCA1DA0F-FollowerState] INFO  server.RaftServerConfigKeys (ConfUtils.java:logGet(44)) - raft.server.leaderelection.pre-vote = false (custom)
2021-11-11 00:07:05,997 [5b650bcb-8111-473c-88bf-b7649abefc48@group-46FFCCA1DA0F-FollowerState] INFO  impl.RoleInfo (RoleInfo.java:updateAndGet(130)) - 5b650bcb-8111-473c-88bf-b7649abefc48: start 5b650bcb-8111-473c-88bf-b7649abefc48@group-46FFCCA1DA0F-LeaderElection77
2021-11-11 00:07:06,026 [5b650bcb-8111-473c-88bf-b7649abefc48@group-46FFCCA1DA0F-LeaderElection77] INFO  impl.LeaderElection (LeaderElection.java:askForVotes(306)) - 5b650bcb-8111-473c-88bf-b7649abefc48@group-46FFCCA1DA0F-LeaderElection77 ELECTION round 0: submit vote requests at term 1 for -1: [5b650bcb-8111-473c-88bf-b7649abefc48|rpc:10.1.0.10:34803|priority:1], old=null
2021-11-11 00:07:06,026 [5b650bcb-8111-473c-88bf-b7649abefc48@group-46FFCCA1DA0F-LeaderElection77] INFO  impl.LeaderElection (LeaderElection.java:askForVotes(308)) - 5b650bcb-8111-473c-88bf-b7649abefc48@group-46FFCCA1DA0F-LeaderElection77 ELECTION round 0: result PASSED (term=1)
2021-11-11 00:07:06,026 [5b650bcb-8111-473c-88bf-b7649abefc48@group-46FFCCA1DA0F-LeaderElection77] INFO  impl.RoleInfo (RoleInfo.java:shutdownLeaderElection(121)) - 5b650bcb-8111-473c-88bf-b7649abefc48: shutdown 5b650bcb-8111-473c-88bf-b7649abefc48@group-46FFCCA1DA0F-LeaderElection77
2021-11-11 00:07:06,026 [5b650bcb-8111-473c-88bf-b7649abefc48@group-46FFCCA1DA0F-LeaderElection77] INFO  server.RaftServer$Division (RaftServerImpl.java:setRole(290)) - 5b650bcb-8111-473c-88bf-b7649abefc48@group-46FFCCA1DA0F: changes role from CANDIDATE to LEADER at term 1 for changeToLeader
2021-11-11 00:07:06,026 [5b650bcb-8111-473c-88bf-b7649abefc48@group-46FFCCA1DA0F-LeaderElection77] INFO  ratis.XceiverServerRatis (XceiverServerRatis.java:handleLeaderChangedNotification(866)) - Leader change notification received for group: group-46FFCCA1DA0F with new leaderId: 5b650bcb-8111-473c-88bf-b7649abefc48
2021-11-11 00:07:06,027 [5b650bcb-8111-473c-88bf-b7649abefc48@group-46FFCCA1DA0F-LeaderElection77] INFO  server.RaftServer$Division (ServerState.java:setLeader(285)) - 5b650bcb-8111-473c-88bf-b7649abefc48@group-46FFCCA1DA0F: change Leader from null to 5b650bcb-8111-473c-88bf-b7649abefc48 at term 1 for becomeLeader, leader elected after 5178ms
2021-11-11 00:07:06,028 [EventQueue-OpenPipelineForHealthyPipelineSafeModeRule] INFO  safemode.SCMSafeModeManager (HealthyPipelineSafeModeRule.java:process(124)) - SCM in safe mode. Healthy pipelines reported count is 0, required healthy pipeline reported count is 1
2021-11-11 00:07:06,028 [5b650bcb-8111-473c-88bf-b7649abefc48@group-46FFCCA1DA0F-LeaderElection77] INFO  server.RaftServerConfigKeys (ConfUtils.java:logGet(44)) - raft.server.staging.catchup.gap = 1000 (default)
2021-11-11 00:07:06,028 [5b650bcb-8111-473c-88bf-b7649abefc48@group-46FFCCA1DA0F-LeaderElection77] INFO  server.RaftServerConfigKeys (ConfUtils.java:logGet(44)) - raft.server.write.element-limit = 1024 (custom)
2021-11-11 00:07:06,028 [5b650bcb-8111-473c-88bf-b7649abefc48@group-46FFCCA1DA0F-LeaderElection77] INFO  server.RaftServerConfigKeys (ConfUtils.java:logGet(44)) - raft.server.write.byte-limit = 1024 M (=1073741824) (custom)
2021-11-11 00:07:06,029 [5b650bcb-8111-473c-88bf-b7649abefc48@group-46FFCCA1DA0F-LeaderElection77] INFO  server.RaftServerConfigKeys (ConfUtils.java:logGet(44)) - raft.server.watch.timeout = 3000ms (custom)
2021-11-11 00:07:06,029 [5b650bcb-8111-473c-88bf-b7649abefc48@group-46FFCCA1DA0F-LeaderElection77] INFO  server.RaftServerConfigKeys (ConfUtils.java:logGet(44)) - raft.server.watch.timeout.denomination = 1s (default)
2021-11-11 00:07:06,029 [5b650bcb-8111-473c-88bf-b7649abefc48@group-46FFCCA1DA0F-LeaderElection77] INFO  server.RaftServerConfigKeys (ConfUtils.java:logGet(44)) - raft.server.watch.element-limit = 65536 (default)
2021-11-11 00:07:06,029 [5b650bcb-8111-473c-88bf-b7649abefc48@group-46FFCCA1DA0F-LeaderElection77] INFO  server.RaftServerConfigKeys (ConfUtils.java:logGet(44)) - raft.server.write.element-limit = 1024 (custom)
2021-11-11 00:07:06,029 [5b650bcb-8111-473c-88bf-b7649abefc48@group-46FFCCA1DA0F-LeaderElection77] INFO  server.RaftServerConfigKeys (ConfUtils.java:logGet(44)) - raft.server.write.follower.gap.ratio.max = -1.0 (default)
2021-11-11 00:07:06,030 [5b650bcb-8111-473c-88bf-b7649abefc48@group-46FFCCA1DA0F-LeaderElection77] INFO  impl.RoleInfo (RoleInfo.java:updateAndGet(130)) - 5b650bcb-8111-473c-88bf-b7649abefc48: start 5b650bcb-8111-473c-88bf-b7649abefc48@group-46FFCCA1DA0F-LeaderStateImpl
2021-11-11 00:07:06,030 [5b650bcb-8111-473c-88bf-b7649abefc48@group-46FFCCA1DA0F-LeaderElection77] INFO  segmented.SegmentedRaftLogWorker (SegmentedRaftLogWorker.java:startLogSegment(394)) - 5b650bcb-8111-473c-88bf-b7649abefc48@group-46FFCCA1DA0F-SegmentedRaftLogWorker: Starting segment from index:0
2021-11-11 00:07:06,039 [5b650bcb-8111-473c-88bf-b7649abefc48@group-46FFCCA1DA0F-LeaderElection77] INFO  server.RaftServer$Division (ServerState.java:setRaftConf(387)) - 5b650bcb-8111-473c-88bf-b7649abefc48@group-46FFCCA1DA0F: set configuration 0: [5b650bcb-8111-473c-88bf-b7649abefc48|rpc:10.1.0.10:34803|dataStream:|priority:1], old=null
2021-11-11 00:07:06,058 [5b650bcb-8111-473c-88bf-b7649abefc48@group-46FFCCA1DA0F-SegmentedRaftLogWorker] INFO  segmented.SegmentedRaftLogWorker (SegmentedRaftLogWorker.java:execute(601)) - 5b650bcb-8111-473c-88bf-b7649abefc48@group-46FFCCA1DA0F-SegmentedRaftLogWorker: created new log segment /home/runner/work/ozone/ozone/hadoop-ozone/integration-test/target/test-dir/MiniOzoneClusterImpl-d5f2283b-1c97-4f43-babe-75a35a923614/datanode-1/data/ratis/c8d19f90-34c6-4826-aa45-46ffcca1da0f/current/log_inprogress_0
2021-11-11 00:07:06,421 [e5ed6742-d51a-4f99-aebb-54e43bc29342@group-EA1CCE7752FB-FollowerState] INFO  impl.FollowerState (FollowerState.java:run(134)) - e5ed6742-d51a-4f99-aebb-54e43bc29342@group-EA1CCE7752FB-FollowerState: change to CANDIDATE, lastRpcElapsedTime:5059754870ns, electionTimeout:5056ms
2021-11-11 00:07:06,421 [e5ed6742-d51a-4f99-aebb-54e43bc29342@group-EA1CCE7752FB-FollowerState] INFO  impl.RoleInfo (RoleInfo.java:shutdownFollowerState(108)) - e5ed6742-d51a-4f99-aebb-54e43bc29342: shutdown e5ed6742-d51a-4f99-aebb-54e43bc29342@group-EA1CCE7752FB-FollowerState
2021-11-11 00:07:06,421 [e5ed6742-d51a-4f99-aebb-54e43bc29342@group-EA1CCE7752FB-FollowerState] INFO  server.RaftServer$Division (RaftServerImpl.java:setRole(290)) - e5ed6742-d51a-4f99-aebb-54e43bc29342@group-EA1CCE7752FB: changes role from  FOLLOWER to CANDIDATE at term 0 for changeToCandidate
2021-11-11 00:07:06,425 [e5ed6742-d51a-4f99-aebb-54e43bc29342@group-EA1CCE7752FB-FollowerState] INFO  server.RaftServerConfigKeys (ConfUtils.java:logGet(44)) - raft.server.leaderelection.pre-vote = false (custom)
2021-11-11 00:07:06,425 [e5ed6742-d51a-4f99-aebb-54e43bc29342@group-EA1CCE7752FB-FollowerState] INFO  impl.RoleInfo (RoleInfo.java:updateAndGet(130)) - e5ed6742-d51a-4f99-aebb-54e43bc29342: start e5ed6742-d51a-4f99-aebb-54e43bc29342@group-EA1CCE7752FB-LeaderElection78
2021-11-11 00:07:06,451 [e5ed6742-d51a-4f99-aebb-54e43bc29342@group-EA1CCE7752FB-LeaderElection78] INFO  impl.LeaderElection (LeaderElection.java:askForVotes(306)) - e5ed6742-d51a-4f99-aebb-54e43bc29342@group-EA1CCE7752FB-LeaderElection78 ELECTION round 0: submit vote requests at term 1 for -1: [e5ed6742-d51a-4f99-aebb-54e43bc29342|rpc:10.1.0.10:41847|priority:1], old=null
2021-11-11 00:07:06,452 [e5ed6742-d51a-4f99-aebb-54e43bc29342@group-EA1CCE7752FB-LeaderElection78] INFO  impl.LeaderElection (LeaderElection.java:askForVotes(308)) - e5ed6742-d51a-4f99-aebb-54e43bc29342@group-EA1CCE7752FB-LeaderElection78 ELECTION round 0: result PASSED (term=1)
2021-11-11 00:07:06,452 [e5ed6742-d51a-4f99-aebb-54e43bc29342@group-EA1CCE7752FB-LeaderElection78] INFO  impl.RoleInfo (RoleInfo.java:shutdownLeaderElection(121)) - e5ed6742-d51a-4f99-aebb-54e43bc29342: shutdown e5ed6742-d51a-4f99-aebb-54e43bc29342@group-EA1CCE7752FB-LeaderElection78
2021-11-11 00:07:06,452 [e5ed6742-d51a-4f99-aebb-54e43bc29342@group-EA1CCE7752FB-LeaderElection78] INFO  server.RaftServer$Division (RaftServerImpl.java:setRole(290)) - e5ed6742-d51a-4f99-aebb-54e43bc29342@group-EA1CCE7752FB: changes role from CANDIDATE to LEADER at term 1 for changeToLeader
2021-11-11 00:07:06,452 [e5ed6742-d51a-4f99-aebb-54e43bc29342@group-EA1CCE7752FB-LeaderElection78] INFO  ratis.XceiverServerRatis (XceiverServerRatis.java:handleLeaderChangedNotification(866)) - Leader change notification received for group: group-EA1CCE7752FB with new leaderId: e5ed6742-d51a-4f99-aebb-54e43bc29342
2021-11-11 00:07:06,452 [e5ed6742-d51a-4f99-aebb-54e43bc29342@group-EA1CCE7752FB-LeaderElection78] INFO  server.RaftServer$Division (ServerState.java:setLeader(285)) - e5ed6742-d51a-4f99-aebb-54e43bc29342@group-EA1CCE7752FB: change Leader from null to e5ed6742-d51a-4f99-aebb-54e43bc29342 at term 1 for becomeLeader, leader elected after 5102ms
2021-11-11 00:07:06,452 [e5ed6742-d51a-4f99-aebb-54e43bc29342@group-EA1CCE7752FB-LeaderElection78] INFO  server.RaftServerConfigKeys (ConfUtils.java:logGet(44)) - raft.server.staging.catchup.gap = 1000 (default)
2021-11-11 00:07:06,453 [e5ed6742-d51a-4f99-aebb-54e43bc29342@group-EA1CCE7752FB-LeaderElection78] INFO  server.RaftServerConfigKeys (ConfUtils.java:logGet(44)) - raft.server.write.element-limit = 1024 (custom)
2021-11-11 00:07:06,453 [e5ed6742-d51a-4f99-aebb-54e43bc29342@group-EA1CCE7752FB-LeaderElection78] INFO  server.RaftServerConfigKeys (ConfUtils.java:logGet(44)) - raft.server.write.byte-limit = 1024 M (=1073741824) (custom)
2021-11-11 00:07:06,453 [e5ed6742-d51a-4f99-aebb-54e43bc29342@group-EA1CCE7752FB-LeaderElection78] INFO  server.RaftServerConfigKeys (ConfUtils.java:logGet(44)) - raft.server.watch.timeout = 3000ms (custom)
2021-11-11 00:07:06,453 [e5ed6742-d51a-4f99-aebb-54e43bc29342@group-EA1CCE7752FB-LeaderElection78] INFO  server.RaftServerConfigKeys (ConfUtils.java:logGet(44)) - raft.server.watch.timeout.denomination = 1s (default)
2021-11-11 00:07:06,454 [e5ed6742-d51a-4f99-aebb-54e43bc29342@group-EA1CCE7752FB-LeaderElection78] INFO  server.RaftServerConfigKeys (ConfUtils.java:logGet(44)) - raft.server.watch.element-limit = 65536 (default)
2021-11-11 00:07:06,454 [e5ed6742-d51a-4f99-aebb-54e43bc29342@group-EA1CCE7752FB-LeaderElection78] INFO  server.RaftServerConfigKeys (ConfUtils.java:logGet(44)) - raft.server.write.element-limit = 1024 (custom)
2021-11-11 00:07:06,454 [e5ed6742-d51a-4f99-aebb-54e43bc29342@group-EA1CCE7752FB-LeaderElection78] INFO  server.RaftServerConfigKeys (ConfUtils.java:logGet(44)) - raft.server.write.follower.gap.ratio.max = -1.0 (default)
2021-11-11 00:07:06,454 [e5ed6742-d51a-4f99-aebb-54e43bc29342@group-EA1CCE7752FB-LeaderElection78] INFO  impl.RoleInfo (RoleInfo.java:updateAndGet(130)) - e5ed6742-d51a-4f99-aebb-54e43bc29342: start e5ed6742-d51a-4f99-aebb-54e43bc29342@group-EA1CCE7752FB-LeaderStateImpl
2021-11-11 00:07:06,454 [e5ed6742-d51a-4f99-aebb-54e43bc29342@group-EA1CCE7752FB-LeaderElection78] INFO  segmented.SegmentedRaftLogWorker (SegmentedRaftLogWorker.java:startLogSegment(394)) - e5ed6742-d51a-4f99-aebb-54e43bc29342@group-EA1CCE7752FB-SegmentedRaftLogWorker: Starting segment from index:0
2021-11-11 00:07:06,456 [EventQueue-OpenPipelineForHealthyPipelineSafeModeRule] INFO  safemode.SCMSafeModeManager (HealthyPipelineSafeModeRule.java:process(124)) - SCM in safe mode. Healthy pipelines reported count is 0, required healthy pipeline reported count is 1
2021-11-11 00:07:06,457 [e5ed6742-d51a-4f99-aebb-54e43bc29342@group-EA1CCE7752FB-SegmentedRaftLogWorker] INFO  segmented.SegmentedRaftLogWorker (SegmentedRaftLogWorker.java:execute(601)) - e5ed6742-d51a-4f99-aebb-54e43bc29342@group-EA1CCE7752FB-SegmentedRaftLogWorker: created new log segment /home/runner/work/ozone/ozone/hadoop-ozone/integration-test/target/test-dir/MiniOzoneClusterImpl-d5f2283b-1c97-4f43-babe-75a35a923614/datanode-2/data/ratis/b7a77d92-3049-465a-8452-ea1cce7752fb/current/log_inprogress_0
2021-11-11 00:07:06,474 [e5ed6742-d51a-4f99-aebb-54e43bc29342@group-EA1CCE7752FB-LeaderElection78] INFO  server.RaftServer$Division (ServerState.java:setRaftConf(387)) - e5ed6742-d51a-4f99-aebb-54e43bc29342@group-EA1CCE7752FB: set configuration 0: [e5ed6742-d51a-4f99-aebb-54e43bc29342|rpc:10.1.0.10:41847|dataStream:|priority:1], old=null
2021-11-11 00:07:06,868 [6b695e55-6982-478b-aea3-481865f298ec@group-CB7168C967D4-FollowerState] INFO  impl.FollowerState (FollowerState.java:run(134)) - 6b695e55-6982-478b-aea3-481865f298ec@group-CB7168C967D4-FollowerState: change to CANDIDATE, lastRpcElapsedTime:5111422909ns, electionTimeout:5110ms
2021-11-11 00:07:06,868 [6b695e55-6982-478b-aea3-481865f298ec@group-CB7168C967D4-FollowerState] INFO  impl.RoleInfo (RoleInfo.java:shutdownFollowerState(108)) - 6b695e55-6982-478b-aea3-481865f298ec: shutdown 6b695e55-6982-478b-aea3-481865f298ec@group-CB7168C967D4-FollowerState
2021-11-11 00:07:06,868 [6b695e55-6982-478b-aea3-481865f298ec@group-CB7168C967D4-FollowerState] INFO  server.RaftServer$Division (RaftServerImpl.java:setRole(290)) - 6b695e55-6982-478b-aea3-481865f298ec@group-CB7168C967D4: changes role from  FOLLOWER to CANDIDATE at term 0 for changeToCandidate
2021-11-11 00:07:06,870 [6b695e55-6982-478b-aea3-481865f298ec@group-CB7168C967D4-FollowerState] INFO  server.RaftServerConfigKeys (ConfUtils.java:logGet(44)) - raft.server.leaderelection.pre-vote = false (custom)
2021-11-11 00:07:06,870 [6b695e55-6982-478b-aea3-481865f298ec@group-CB7168C967D4-FollowerState] INFO  impl.RoleInfo (RoleInfo.java:updateAndGet(130)) - 6b695e55-6982-478b-aea3-481865f298ec: start 6b695e55-6982-478b-aea3-481865f298ec@group-CB7168C967D4-LeaderElection79
2021-11-11 00:07:06,888 [855159a8-46d2-4956-afe8-ac9382fc30e5@group-4C1E298E4BB6-FollowerState] INFO  impl.FollowerState (FollowerState.java:run(134)) - 855159a8-46d2-4956-afe8-ac9382fc30e5@group-4C1E298E4BB6-FollowerState: change to CANDIDATE, lastRpcElapsedTime:5032227949ns, electionTimeout:5030ms
2021-11-11 00:07:06,888 [855159a8-46d2-4956-afe8-ac9382fc30e5@group-4C1E298E4BB6-FollowerState] INFO  impl.RoleInfo (RoleInfo.java:shutdownFollowerState(108)) - 855159a8-46d2-4956-afe8-ac9382fc30e5: shutdown 855159a8-46d2-4956-afe8-ac9382fc30e5@group-4C1E298E4BB6-FollowerState
2021-11-11 00:07:06,888 [855159a8-46d2-4956-afe8-ac9382fc30e5@group-4C1E298E4BB6-FollowerState] INFO  server.RaftServer$Division (RaftServerImpl.java:setRole(290)) - 855159a8-46d2-4956-afe8-ac9382fc30e5@group-4C1E298E4BB6: changes role from  FOLLOWER to CANDIDATE at term 0 for changeToCandidate
2021-11-11 00:07:06,896 [855159a8-46d2-4956-afe8-ac9382fc30e5@group-4C1E298E4BB6-FollowerState] INFO  server.RaftServerConfigKeys (ConfUtils.java:logGet(44)) - raft.server.leaderelection.pre-vote = false (custom)
2021-11-11 00:07:06,896 [855159a8-46d2-4956-afe8-ac9382fc30e5@group-4C1E298E4BB6-FollowerState] INFO  impl.RoleInfo (RoleInfo.java:updateAndGet(130)) - 855159a8-46d2-4956-afe8-ac9382fc30e5: start 855159a8-46d2-4956-afe8-ac9382fc30e5@group-4C1E298E4BB6-LeaderElection80
2021-11-11 00:07:06,913 [6b695e55-6982-478b-aea3-481865f298ec@group-CB7168C967D4-LeaderElection79] INFO  impl.LeaderElection (LeaderElection.java:askForVotes(306)) - 6b695e55-6982-478b-aea3-481865f298ec@group-CB7168C967D4-LeaderElection79 ELECTION round 0: submit vote requests at term 1 for -1: [6b695e55-6982-478b-aea3-481865f298ec|rpc:10.1.0.10:43719|priority:1], old=null
2021-11-11 00:07:06,914 [6b695e55-6982-478b-aea3-481865f298ec@group-CB7168C967D4-LeaderElection79] INFO  impl.LeaderElection (LeaderElection.java:askForVotes(308)) - 6b695e55-6982-478b-aea3-481865f298ec@group-CB7168C967D4-LeaderElection79 ELECTION round 0: result PASSED (term=1)
2021-11-11 00:07:06,914 [6b695e55-6982-478b-aea3-481865f298ec@group-CB7168C967D4-LeaderElection79] INFO  impl.RoleInfo (RoleInfo.java:shutdownLeaderElection(121)) - 6b695e55-6982-478b-aea3-481865f298ec: shutdown 6b695e55-6982-478b-aea3-481865f298ec@group-CB7168C967D4-LeaderElection79
2021-11-11 00:07:06,914 [6b695e55-6982-478b-aea3-481865f298ec@group-CB7168C967D4-LeaderElection79] INFO  server.RaftServer$Division (RaftServerImpl.java:setRole(290)) - 6b695e55-6982-478b-aea3-481865f298ec@group-CB7168C967D4: changes role from CANDIDATE to LEADER at term 1 for changeToLeader
2021-11-11 00:07:06,914 [6b695e55-6982-478b-aea3-481865f298ec@group-CB7168C967D4-LeaderElection79] INFO  ratis.XceiverServerRatis (XceiverServerRatis.java:handleLeaderChangedNotification(866)) - Leader change notification received for group: group-CB7168C967D4 with new leaderId: 6b695e55-6982-478b-aea3-481865f298ec
2021-11-11 00:07:06,914 [6b695e55-6982-478b-aea3-481865f298ec@group-CB7168C967D4-LeaderElection79] INFO  server.RaftServer$Division (ServerState.java:setLeader(285)) - 6b695e55-6982-478b-aea3-481865f298ec@group-CB7168C967D4: change Leader from null to 6b695e55-6982-478b-aea3-481865f298ec at term 1 for becomeLeader, leader elected after 5166ms
2021-11-11 00:07:06,914 [6b695e55-6982-478b-aea3-481865f298ec@group-CB7168C967D4-LeaderElection79] INFO  server.RaftServerConfigKeys (ConfUtils.java:logGet(44)) - raft.server.staging.catchup.gap = 1000 (default)
2021-11-11 00:07:06,915 [EventQueue-OpenPipelineForHealthyPipelineSafeModeRule] INFO  safemode.SCMSafeModeManager (HealthyPipelineSafeModeRule.java:process(124)) - SCM in safe mode. Healthy pipelines reported count is 0, required healthy pipeline reported count is 1
2021-11-11 00:07:06,917 [6b695e55-6982-478b-aea3-481865f298ec@group-CB7168C967D4-LeaderElection79] INFO  server.RaftServerConfigKeys (ConfUtils.java:logGet(44)) - raft.server.write.element-limit = 1024 (custom)
2021-11-11 00:07:06,917 [6b695e55-6982-478b-aea3-481865f298ec@group-CB7168C967D4-LeaderElection79] INFO  server.RaftServerConfigKeys (ConfUtils.java:logGet(44)) - raft.server.write.byte-limit = 1024 M (=1073741824) (custom)
2021-11-11 00:07:06,917 [6b695e55-6982-478b-aea3-481865f298ec@group-CB7168C967D4-LeaderElection79] INFO  server.RaftServerConfigKeys (ConfUtils.java:logGet(44)) - raft.server.watch.timeout = 3000ms (custom)
2021-11-11 00:07:06,918 [6b695e55-6982-478b-aea3-481865f298ec@group-CB7168C967D4-LeaderElection79] INFO  server.RaftServerConfigKeys (ConfUtils.java:logGet(44)) - raft.server.watch.timeout.denomination = 1s (default)
2021-11-11 00:07:06,918 [6b695e55-6982-478b-aea3-481865f298ec@group-CB7168C967D4-LeaderElection79] INFO  server.RaftServerConfigKeys (ConfUtils.java:logGet(44)) - raft.server.watch.element-limit = 65536 (default)
2021-11-11 00:07:06,918 [6b695e55-6982-478b-aea3-481865f298ec@group-CB7168C967D4-LeaderElection79] INFO  server.RaftServerConfigKeys (ConfUtils.java:logGet(44)) - raft.server.write.element-limit = 1024 (custom)
2021-11-11 00:07:06,918 [6b695e55-6982-478b-aea3-481865f298ec@group-CB7168C967D4-LeaderElection79] INFO  server.RaftServerConfigKeys (ConfUtils.java:logGet(44)) - raft.server.write.follower.gap.ratio.max = -1.0 (default)
2021-11-11 00:07:06,918 [6b695e55-6982-478b-aea3-481865f298ec@group-CB7168C967D4-LeaderElection79] INFO  impl.RoleInfo (RoleInfo.java:updateAndGet(130)) - 6b695e55-6982-478b-aea3-481865f298ec: start 6b695e55-6982-478b-aea3-481865f298ec@group-CB7168C967D4-LeaderStateImpl
2021-11-11 00:07:06,918 [6b695e55-6982-478b-aea3-481865f298ec@group-CB7168C967D4-LeaderElection79] INFO  segmented.SegmentedRaftLogWorker (SegmentedRaftLogWorker.java:startLogSegment(394)) - 6b695e55-6982-478b-aea3-481865f298ec@group-CB7168C967D4-SegmentedRaftLogWorker: Starting segment from index:0
2021-11-11 00:07:06,922 [6b695e55-6982-478b-aea3-481865f298ec@group-CB7168C967D4-SegmentedRaftLogWorker] INFO  segmented.SegmentedRaftLogWorker (SegmentedRaftLogWorker.java:execute(601)) - 6b695e55-6982-478b-aea3-481865f298ec@group-CB7168C967D4-SegmentedRaftLogWorker: created new log segment /home/runner/work/ozone/ozone/hadoop-ozone/integration-test/target/test-dir/MiniOzoneClusterImpl-d5f2283b-1c97-4f43-babe-75a35a923614/datanode-3/data/ratis/e52301a4-0bd3-4fc1-b1e1-cb7168c967d4/current/log_inprogress_0
2021-11-11 00:07:06,925 [6b695e55-6982-478b-aea3-481865f298ec@group-CB7168C967D4-LeaderElection79] INFO  server.RaftServer$Division (ServerState.java:setRaftConf(387)) - 6b695e55-6982-478b-aea3-481865f298ec@group-CB7168C967D4: set configuration 0: [6b695e55-6982-478b-aea3-481865f298ec|rpc:10.1.0.10:43719|dataStream:|priority:1], old=null
2021-11-11 00:07:06,934 [6b695e55-6982-478b-aea3-481865f298ec@group-4C1E298E4BB6-FollowerState] INFO  impl.FollowerState (FollowerState.java:run(134)) - 6b695e55-6982-478b-aea3-481865f298ec@group-4C1E298E4BB6-FollowerState: change to CANDIDATE, lastRpcElapsedTime:5155350841ns, electionTimeout:5152ms
2021-11-11 00:07:06,934 [6b695e55-6982-478b-aea3-481865f298ec@group-4C1E298E4BB6-FollowerState] INFO  impl.RoleInfo (RoleInfo.java:shutdownFollowerState(108)) - 6b695e55-6982-478b-aea3-481865f298ec: shutdown 6b695e55-6982-478b-aea3-481865f298ec@group-4C1E298E4BB6-FollowerState
2021-11-11 00:07:06,934 [6b695e55-6982-478b-aea3-481865f298ec@group-4C1E298E4BB6-FollowerState] INFO  server.RaftServer$Division (RaftServerImpl.java:setRole(290)) - 6b695e55-6982-478b-aea3-481865f298ec@group-4C1E298E4BB6: changes role from  FOLLOWER to CANDIDATE at term 0 for changeToCandidate
2021-11-11 00:07:06,934 [6b695e55-6982-478b-aea3-481865f298ec@group-4C1E298E4BB6-FollowerState] INFO  server.RaftServerConfigKeys (ConfUtils.java:logGet(44)) - raft.server.leaderelection.pre-vote = false (custom)
2021-11-11 00:07:06,934 [6b695e55-6982-478b-aea3-481865f298ec@group-4C1E298E4BB6-FollowerState] INFO  impl.RoleInfo (RoleInfo.java:updateAndGet(130)) - 6b695e55-6982-478b-aea3-481865f298ec: start 6b695e55-6982-478b-aea3-481865f298ec@group-4C1E298E4BB6-LeaderElection81
2021-11-11 00:07:06,935 [855159a8-46d2-4956-afe8-ac9382fc30e5@group-4C1E298E4BB6-LeaderElection80] INFO  impl.LeaderElection (LeaderElection.java:askForVotes(306)) - 855159a8-46d2-4956-afe8-ac9382fc30e5@group-4C1E298E4BB6-LeaderElection80 ELECTION round 0: submit vote requests at term 1 for -1: [855159a8-46d2-4956-afe8-ac9382fc30e5|rpc:10.1.0.10:42821|dataStream:|priority:0, f37a6f46-5950-4be3-9f6d-6eb53e609f63|rpc:10.1.0.10:39151|dataStream:|priority:0, 6b695e55-6982-478b-aea3-481865f298ec|rpc:10.1.0.10:43719|dataStream:|priority:1], old=null
2021-11-11 00:07:06,977 [Listener at 127.0.0.1/36803] INFO  ozone.MiniOzoneClusterImpl (MiniOzoneClusterImpl.java:lambda$waitForClusterToBeReady$0(235)) - Nodes are ready. Got 9 of 9 DN Heartbeats.
2021-11-11 00:07:06,977 [Listener at 127.0.0.1/36803] INFO  ozone.MiniOzoneClusterImpl (MiniOzoneClusterImpl.java:lambda$waitForClusterToBeReady$0(238)) - Waiting for cluster to exit safe mode
2021-11-11 00:07:06,977 [Listener at 127.0.0.1/36803] INFO  ozone.MiniOzoneClusterImpl (MiniOzoneClusterImpl.java:lambda$waitForClusterToBeReady$0(240)) - SCM became leader
2021-11-11 00:07:06,989 [6b695e55-6982-478b-aea3-481865f298ec@group-4C1E298E4BB6-LeaderElection81] INFO  impl.LeaderElection (LeaderElection.java:askForVotes(306)) - 6b695e55-6982-478b-aea3-481865f298ec@group-4C1E298E4BB6-LeaderElection81 ELECTION round 0: submit vote requests at term 1 for -1: [855159a8-46d2-4956-afe8-ac9382fc30e5|rpc:10.1.0.10:42821|priority:0, f37a6f46-5950-4be3-9f6d-6eb53e609f63|rpc:10.1.0.10:39151|priority:0, 6b695e55-6982-478b-aea3-481865f298ec|rpc:10.1.0.10:43719|priority:1], old=null
2021-11-11 00:07:06,997 [grpc-default-executor-3] INFO  server.RaftServer$Division (RaftServerImpl.java:requestVote(1046)) - f37a6f46-5950-4be3-9f6d-6eb53e609f63@group-4C1E298E4BB6: receive requestVote(ELECTION, 855159a8-46d2-4956-afe8-ac9382fc30e5, group-4C1E298E4BB6, 1, (t:0, i:0))
2021-11-11 00:07:06,997 [grpc-default-executor-3] INFO  impl.VoteContext (VoteContext.java:log(48)) - f37a6f46-5950-4be3-9f6d-6eb53e609f63@group-4C1E298E4BB6-FOLLOWER: accept ELECTION from 855159a8-46d2-4956-afe8-ac9382fc30e5: our priority 0 <= candidate's priority 0
2021-11-11 00:07:06,997 [grpc-default-executor-3] INFO  server.RaftServer$Division (RaftServerImpl.java:setRole(290)) - f37a6f46-5950-4be3-9f6d-6eb53e609f63@group-4C1E298E4BB6: changes role from  FOLLOWER to FOLLOWER at term 1 for candidate:855159a8-46d2-4956-afe8-ac9382fc30e5
2021-11-11 00:07:06,997 [grpc-default-executor-3] INFO  impl.RoleInfo (RoleInfo.java:shutdownFollowerState(108)) - f37a6f46-5950-4be3-9f6d-6eb53e609f63: shutdown f37a6f46-5950-4be3-9f6d-6eb53e609f63@group-4C1E298E4BB6-FollowerState
2021-11-11 00:07:07,031 [grpc-default-executor-3] INFO  impl.RoleInfo (RoleInfo.java:updateAndGet(130)) - f37a6f46-5950-4be3-9f6d-6eb53e609f63: start f37a6f46-5950-4be3-9f6d-6eb53e609f63@group-4C1E298E4BB6-FollowerState
2021-11-11 00:07:07,031 [grpc-default-executor-0] INFO  server.RaftServer$Division (RaftServerImpl.java:requestVote(1046)) - 6b695e55-6982-478b-aea3-481865f298ec@group-4C1E298E4BB6: receive requestVote(ELECTION, 855159a8-46d2-4956-afe8-ac9382fc30e5, group-4C1E298E4BB6, 1, (t:0, i:0))
2021-11-11 00:07:07,032 [grpc-default-executor-0] INFO  impl.VoteContext (VoteContext.java:log(48)) - 6b695e55-6982-478b-aea3-481865f298ec@group-4C1E298E4BB6-CANDIDATE: reject ELECTION from 855159a8-46d2-4956-afe8-ac9382fc30e5: already has voted for 6b695e55-6982-478b-aea3-481865f298ec at current term 1
2021-11-11 00:07:07,032 [grpc-default-executor-0] INFO  server.RaftServer$Division (RaftServerImpl.java:requestVote(1078)) - 6b695e55-6982-478b-aea3-481865f298ec@group-4C1E298E4BB6 replies to ELECTION vote request: 855159a8-46d2-4956-afe8-ac9382fc30e5<-6b695e55-6982-478b-aea3-481865f298ec#0:FAIL-t1. Peer's state: 6b695e55-6982-478b-aea3-481865f298ec@group-4C1E298E4BB6:t1, leader=null, voted=6b695e55-6982-478b-aea3-481865f298ec, raftlog=6b695e55-6982-478b-aea3-481865f298ec@group-4C1E298E4BB6-SegmentedRaftLog:OPENED:c-1, conf=-1: [855159a8-46d2-4956-afe8-ac9382fc30e5|rpc:10.1.0.10:42821|priority:0, f37a6f46-5950-4be3-9f6d-6eb53e609f63|rpc:10.1.0.10:39151|priority:0, 6b695e55-6982-478b-aea3-481865f298ec|rpc:10.1.0.10:43719|priority:1], old=null
2021-11-11 00:07:07,033 [f37a6f46-5950-4be3-9f6d-6eb53e609f63@group-4C1E298E4BB6-FollowerState] INFO  impl.FollowerState (FollowerState.java:run(143)) - f37a6f46-5950-4be3-9f6d-6eb53e609f63@group-4C1E298E4BB6-FollowerState was interrupted: {}
java.lang.InterruptedException: sleep interrupted
	at java.lang.Thread.sleep(Native Method)
	at java.lang.Thread.sleep(Thread.java:340)
	at java.util.concurrent.TimeUnit.sleep(TimeUnit.java:386)
	at org.apache.ratis.util.TimeDuration.sleep(TimeDuration.java:324)
	at org.apache.ratis.util.TimeDuration.sleep(TimeDuration.java:309)
	at org.apache.ratis.server.impl.FollowerState.run(FollowerState.java:118)
2021-11-11 00:07:07,037 [grpc-default-executor-3] INFO  server.RaftServer$Division (RaftServerImpl.java:requestVote(1078)) - f37a6f46-5950-4be3-9f6d-6eb53e609f63@group-4C1E298E4BB6 replies to ELECTION vote request: 855159a8-46d2-4956-afe8-ac9382fc30e5<-f37a6f46-5950-4be3-9f6d-6eb53e609f63#0:OK-t1. Peer's state: f37a6f46-5950-4be3-9f6d-6eb53e609f63@group-4C1E298E4BB6:t1, leader=null, voted=855159a8-46d2-4956-afe8-ac9382fc30e5, raftlog=f37a6f46-5950-4be3-9f6d-6eb53e609f63@group-4C1E298E4BB6-SegmentedRaftLog:OPENED:c-1, conf=-1: [855159a8-46d2-4956-afe8-ac9382fc30e5|rpc:10.1.0.10:42821|dataStream:|priority:0, f37a6f46-5950-4be3-9f6d-6eb53e609f63|rpc:10.1.0.10:39151|dataStream:|priority:0, 6b695e55-6982-478b-aea3-481865f298ec|rpc:10.1.0.10:43719|dataStream:|priority:1], old=null
2021-11-11 00:07:07,050 [855159a8-46d2-4956-afe8-ac9382fc30e5@group-4C1E298E4BB6-LeaderElection80] INFO  impl.LeaderElection (LeaderElection.java:logAndReturn(89)) - 855159a8-46d2-4956-afe8-ac9382fc30e5@group-4C1E298E4BB6-LeaderElection80: ELECTION REJECTED received 1 response(s) and 0 exception(s):
2021-11-11 00:07:07,050 [855159a8-46d2-4956-afe8-ac9382fc30e5@group-4C1E298E4BB6-LeaderElection80] INFO  impl.LeaderElection (LeaderElection.java:logAndReturn(93)) -   Response 0: 855159a8-46d2-4956-afe8-ac9382fc30e5<-6b695e55-6982-478b-aea3-481865f298ec#0:FAIL-t1
2021-11-11 00:07:07,050 [855159a8-46d2-4956-afe8-ac9382fc30e5@group-4C1E298E4BB6-LeaderElection80] INFO  impl.LeaderElection (LeaderElection.java:askForVotes(308)) - 855159a8-46d2-4956-afe8-ac9382fc30e5@group-4C1E298E4BB6-LeaderElection80 ELECTION round 0: result REJECTED
2021-11-11 00:07:07,050 [855159a8-46d2-4956-afe8-ac9382fc30e5@group-4C1E298E4BB6-LeaderElection80] INFO  server.RaftServer$Division (RaftServerImpl.java:setRole(290)) - 855159a8-46d2-4956-afe8-ac9382fc30e5@group-4C1E298E4BB6: changes role from CANDIDATE to FOLLOWER at term 1 for REJECTED
2021-11-11 00:07:07,050 [855159a8-46d2-4956-afe8-ac9382fc30e5@group-4C1E298E4BB6-LeaderElection80] INFO  impl.RoleInfo (RoleInfo.java:shutdownLeaderElection(121)) - 855159a8-46d2-4956-afe8-ac9382fc30e5: shutdown 855159a8-46d2-4956-afe8-ac9382fc30e5@group-4C1E298E4BB6-LeaderElection80
2021-11-11 00:07:07,050 [855159a8-46d2-4956-afe8-ac9382fc30e5@group-4C1E298E4BB6-LeaderElection80] INFO  impl.RoleInfo (RoleInfo.java:updateAndGet(130)) - 855159a8-46d2-4956-afe8-ac9382fc30e5: start 855159a8-46d2-4956-afe8-ac9382fc30e5@group-4C1E298E4BB6-FollowerState
2021-11-11 00:07:07,078 [grpc-default-executor-3] INFO  server.RaftServer$Division (RaftServerImpl.java:requestVote(1046)) - 855159a8-46d2-4956-afe8-ac9382fc30e5@group-4C1E298E4BB6: receive requestVote(ELECTION, 6b695e55-6982-478b-aea3-481865f298ec, group-4C1E298E4BB6, 1, (t:0, i:0))
2021-11-11 00:07:07,078 [grpc-default-executor-3] INFO  impl.VoteContext (VoteContext.java:log(48)) - 855159a8-46d2-4956-afe8-ac9382fc30e5@group-4C1E298E4BB6-FOLLOWER: reject ELECTION from 6b695e55-6982-478b-aea3-481865f298ec: already has voted for 855159a8-46d2-4956-afe8-ac9382fc30e5 at current term 1
2021-11-11 00:07:07,079 [grpc-default-executor-3] INFO  server.RaftServer$Division (RaftServerImpl.java:requestVote(1078)) - 855159a8-46d2-4956-afe8-ac9382fc30e5@group-4C1E298E4BB6 replies to ELECTION vote request: 6b695e55-6982-478b-aea3-481865f298ec<-855159a8-46d2-4956-afe8-ac9382fc30e5#0:FAIL-t1. Peer's state: 855159a8-46d2-4956-afe8-ac9382fc30e5@group-4C1E298E4BB6:t1, leader=null, voted=855159a8-46d2-4956-afe8-ac9382fc30e5, raftlog=855159a8-46d2-4956-afe8-ac9382fc30e5@group-4C1E298E4BB6-SegmentedRaftLog:OPENED:c-1, conf=-1: [855159a8-46d2-4956-afe8-ac9382fc30e5|rpc:10.1.0.10:42821|dataStream:|priority:0, f37a6f46-5950-4be3-9f6d-6eb53e609f63|rpc:10.1.0.10:39151|dataStream:|priority:0, 6b695e55-6982-478b-aea3-481865f298ec|rpc:10.1.0.10:43719|dataStream:|priority:1], old=null
2021-11-11 00:07:07,078 [grpc-default-executor-0] INFO  server.RaftServer$Division (RaftServerImpl.java:requestVote(1046)) - f37a6f46-5950-4be3-9f6d-6eb53e609f63@group-4C1E298E4BB6: receive requestVote(ELECTION, 6b695e55-6982-478b-aea3-481865f298ec, group-4C1E298E4BB6, 1, (t:0, i:0))
2021-11-11 00:07:07,093 [grpc-default-executor-0] INFO  impl.VoteContext (VoteContext.java:log(48)) - f37a6f46-5950-4be3-9f6d-6eb53e609f63@group-4C1E298E4BB6-FOLLOWER: reject ELECTION from 6b695e55-6982-478b-aea3-481865f298ec: already has voted for 855159a8-46d2-4956-afe8-ac9382fc30e5 at current term 1
2021-11-11 00:07:07,093 [grpc-default-executor-0] INFO  server.RaftServer$Division (RaftServerImpl.java:requestVote(1078)) - f37a6f46-5950-4be3-9f6d-6eb53e609f63@group-4C1E298E4BB6 replies to ELECTION vote request: 6b695e55-6982-478b-aea3-481865f298ec<-f37a6f46-5950-4be3-9f6d-6eb53e609f63#0:FAIL-t1. Peer's state: f37a6f46-5950-4be3-9f6d-6eb53e609f63@group-4C1E298E4BB6:t1, leader=null, voted=855159a8-46d2-4956-afe8-ac9382fc30e5, raftlog=f37a6f46-5950-4be3-9f6d-6eb53e609f63@group-4C1E298E4BB6-SegmentedRaftLog:OPENED:c-1, conf=-1: [855159a8-46d2-4956-afe8-ac9382fc30e5|rpc:10.1.0.10:42821|dataStream:|priority:0, f37a6f46-5950-4be3-9f6d-6eb53e609f63|rpc:10.1.0.10:39151|dataStream:|priority:0, 6b695e55-6982-478b-aea3-481865f298ec|rpc:10.1.0.10:43719|dataStream:|priority:1], old=null
2021-11-11 00:07:07,098 [6b695e55-6982-478b-aea3-481865f298ec@group-4C1E298E4BB6-LeaderElection81] INFO  impl.LeaderElection (LeaderElection.java:logAndReturn(89)) - 6b695e55-6982-478b-aea3-481865f298ec@group-4C1E298E4BB6-LeaderElection81: ELECTION REJECTED received 2 response(s) and 0 exception(s):
2021-11-11 00:07:07,098 [6b695e55-6982-478b-aea3-481865f298ec@group-4C1E298E4BB6-LeaderElection81] INFO  impl.LeaderElection (LeaderElection.java:logAndReturn(93)) -   Response 0: 6b695e55-6982-478b-aea3-481865f298ec<-855159a8-46d2-4956-afe8-ac9382fc30e5#0:FAIL-t1
2021-11-11 00:07:07,098 [6b695e55-6982-478b-aea3-481865f298ec@group-4C1E298E4BB6-LeaderElection81] INFO  impl.LeaderElection (LeaderElection.java:logAndReturn(93)) -   Response 1: 6b695e55-6982-478b-aea3-481865f298ec<-f37a6f46-5950-4be3-9f6d-6eb53e609f63#0:FAIL-t1
2021-11-11 00:07:07,098 [6b695e55-6982-478b-aea3-481865f298ec@group-4C1E298E4BB6-LeaderElection81] INFO  impl.LeaderElection (LeaderElection.java:askForVotes(308)) - 6b695e55-6982-478b-aea3-481865f298ec@group-4C1E298E4BB6-LeaderElection81 ELECTION round 0: result REJECTED
2021-11-11 00:07:07,098 [6b695e55-6982-478b-aea3-481865f298ec@group-4C1E298E4BB6-LeaderElection81] INFO  server.RaftServer$Division (RaftServerImpl.java:setRole(290)) - 6b695e55-6982-478b-aea3-481865f298ec@group-4C1E298E4BB6: changes role from CANDIDATE to FOLLOWER at term 1 for REJECTED
2021-11-11 00:07:07,098 [6b695e55-6982-478b-aea3-481865f298ec@group-4C1E298E4BB6-LeaderElection81] INFO  impl.RoleInfo (RoleInfo.java:shutdownLeaderElection(121)) - 6b695e55-6982-478b-aea3-481865f298ec: shutdown 6b695e55-6982-478b-aea3-481865f298ec@group-4C1E298E4BB6-LeaderElection81
2021-11-11 00:07:07,098 [6b695e55-6982-478b-aea3-481865f298ec@group-4C1E298E4BB6-LeaderElection81] INFO  impl.RoleInfo (RoleInfo.java:updateAndGet(130)) - 6b695e55-6982-478b-aea3-481865f298ec: start 6b695e55-6982-478b-aea3-481865f298ec@group-4C1E298E4BB6-FollowerState
2021-11-11 00:07:07,189 [855159a8-46d2-4956-afe8-ac9382fc30e5@group-EAD26FA73F49-FollowerState] INFO  impl.FollowerState (FollowerState.java:run(134)) - 855159a8-46d2-4956-afe8-ac9382fc30e5@group-EAD26FA73F49-FollowerState: change to CANDIDATE, lastRpcElapsedTime:5121143815ns, electionTimeout:5101ms
2021-11-11 00:07:07,189 [855159a8-46d2-4956-afe8-ac9382fc30e5@group-EAD26FA73F49-FollowerState] INFO  impl.RoleInfo (RoleInfo.java:shutdownFollowerState(108)) - 855159a8-46d2-4956-afe8-ac9382fc30e5: shutdown 855159a8-46d2-4956-afe8-ac9382fc30e5@group-EAD26FA73F49-FollowerState
2021-11-11 00:07:07,189 [855159a8-46d2-4956-afe8-ac9382fc30e5@group-EAD26FA73F49-FollowerState] INFO  server.RaftServer$Division (RaftServerImpl.java:setRole(290)) - 855159a8-46d2-4956-afe8-ac9382fc30e5@group-EAD26FA73F49: changes role from  FOLLOWER to CANDIDATE at term 0 for changeToCandidate
2021-11-11 00:07:07,189 [855159a8-46d2-4956-afe8-ac9382fc30e5@group-EAD26FA73F49-FollowerState] INFO  server.RaftServerConfigKeys (ConfUtils.java:logGet(44)) - raft.server.leaderelection.pre-vote = false (custom)
2021-11-11 00:07:07,190 [855159a8-46d2-4956-afe8-ac9382fc30e5@group-EAD26FA73F49-FollowerState] INFO  impl.RoleInfo (RoleInfo.java:updateAndGet(130)) - 855159a8-46d2-4956-afe8-ac9382fc30e5: start 855159a8-46d2-4956-afe8-ac9382fc30e5@group-EAD26FA73F49-LeaderElection82
2021-11-11 00:07:07,207 [855159a8-46d2-4956-afe8-ac9382fc30e5@group-EAD26FA73F49-LeaderElection82] INFO  impl.LeaderElection (LeaderElection.java:askForVotes(306)) - 855159a8-46d2-4956-afe8-ac9382fc30e5@group-EAD26FA73F49-LeaderElection82 ELECTION round 0: submit vote requests at term 1 for -1: [855159a8-46d2-4956-afe8-ac9382fc30e5|rpc:10.1.0.10:42821|priority:1], old=null
2021-11-11 00:07:07,207 [855159a8-46d2-4956-afe8-ac9382fc30e5@group-EAD26FA73F49-LeaderElection82] INFO  impl.LeaderElection (LeaderElection.java:askForVotes(308)) - 855159a8-46d2-4956-afe8-ac9382fc30e5@group-EAD26FA73F49-LeaderElection82 ELECTION round 0: result PASSED (term=1)
2021-11-11 00:07:07,207 [855159a8-46d2-4956-afe8-ac9382fc30e5@group-EAD26FA73F49-LeaderElection82] INFO  impl.RoleInfo (RoleInfo.java:shutdownLeaderElection(121)) - 855159a8-46d2-4956-afe8-ac9382fc30e5: shutdown 855159a8-46d2-4956-afe8-ac9382fc30e5@group-EAD26FA73F49-LeaderElection82
2021-11-11 00:07:07,207 [855159a8-46d2-4956-afe8-ac9382fc30e5@group-EAD26FA73F49-LeaderElection82] INFO  server.RaftServer$Division (RaftServerImpl.java:setRole(290)) - 855159a8-46d2-4956-afe8-ac9382fc30e5@group-EAD26FA73F49: changes role from CANDIDATE to LEADER at term 1 for changeToLeader
2021-11-11 00:07:07,207 [855159a8-46d2-4956-afe8-ac9382fc30e5@group-EAD26FA73F49-LeaderElection82] INFO  ratis.XceiverServerRatis (XceiverServerRatis.java:handleLeaderChangedNotification(866)) - Leader change notification received for group: group-EAD26FA73F49 with new leaderId: 855159a8-46d2-4956-afe8-ac9382fc30e5
2021-11-11 00:07:07,207 [855159a8-46d2-4956-afe8-ac9382fc30e5@group-EAD26FA73F49-LeaderElection82] INFO  server.RaftServer$Division (ServerState.java:setLeader(285)) - 855159a8-46d2-4956-afe8-ac9382fc30e5@group-EAD26FA73F49: change Leader from null to 855159a8-46d2-4956-afe8-ac9382fc30e5 at term 1 for becomeLeader, leader elected after 5155ms
2021-11-11 00:07:07,208 [855159a8-46d2-4956-afe8-ac9382fc30e5@group-EAD26FA73F49-LeaderElection82] INFO  server.RaftServerConfigKeys (ConfUtils.java:logGet(44)) - raft.server.staging.catchup.gap = 1000 (default)
2021-11-11 00:07:07,209 [EventQueue-OpenPipelineForHealthyPipelineSafeModeRule] INFO  safemode.SCMSafeModeManager (HealthyPipelineSafeModeRule.java:process(124)) - SCM in safe mode. Healthy pipelines reported count is 0, required healthy pipeline reported count is 1
2021-11-11 00:07:07,210 [855159a8-46d2-4956-afe8-ac9382fc30e5@group-EAD26FA73F49-LeaderElection82] INFO  server.RaftServerConfigKeys (ConfUtils.java:logGet(44)) - raft.server.write.element-limit = 1024 (custom)
2021-11-11 00:07:07,210 [855159a8-46d2-4956-afe8-ac9382fc30e5@group-EAD26FA73F49-LeaderElection82] INFO  server.RaftServerConfigKeys (ConfUtils.java:logGet(44)) - raft.server.write.byte-limit = 1024 M (=1073741824) (custom)
2021-11-11 00:07:07,211 [855159a8-46d2-4956-afe8-ac9382fc30e5@group-EAD26FA73F49-LeaderElection82] INFO  server.RaftServerConfigKeys (ConfUtils.java:logGet(44)) - raft.server.watch.timeout = 3000ms (custom)
2021-11-11 00:07:07,211 [855159a8-46d2-4956-afe8-ac9382fc30e5@group-EAD26FA73F49-LeaderElection82] INFO  server.RaftServerConfigKeys (ConfUtils.java:logGet(44)) - raft.server.watch.timeout.denomination = 1s (default)
2021-11-11 00:07:07,211 [855159a8-46d2-4956-afe8-ac9382fc30e5@group-EAD26FA73F49-LeaderElection82] INFO  server.RaftServerConfigKeys (ConfUtils.java:logGet(44)) - raft.server.watch.element-limit = 65536 (default)
2021-11-11 00:07:07,211 [855159a8-46d2-4956-afe8-ac9382fc30e5@group-EAD26FA73F49-LeaderElection82] INFO  server.RaftServerConfigKeys (ConfUtils.java:logGet(44)) - raft.server.write.element-limit = 1024 (custom)
2021-11-11 00:07:07,211 [855159a8-46d2-4956-afe8-ac9382fc30e5@group-EAD26FA73F49-LeaderElection82] INFO  server.RaftServerConfigKeys (ConfUtils.java:logGet(44)) - raft.server.write.follower.gap.ratio.max = -1.0 (default)
2021-11-11 00:07:07,211 [855159a8-46d2-4956-afe8-ac9382fc30e5@group-EAD26FA73F49-LeaderElection82] INFO  impl.RoleInfo (RoleInfo.java:updateAndGet(130)) - 855159a8-46d2-4956-afe8-ac9382fc30e5: start 855159a8-46d2-4956-afe8-ac9382fc30e5@group-EAD26FA73F49-LeaderStateImpl
2021-11-11 00:07:07,212 [855159a8-46d2-4956-afe8-ac9382fc30e5@group-EAD26FA73F49-LeaderElection82] INFO  segmented.SegmentedRaftLogWorker (SegmentedRaftLogWorker.java:startLogSegment(394)) - 855159a8-46d2-4956-afe8-ac9382fc30e5@group-EAD26FA73F49-SegmentedRaftLogWorker: Starting segment from index:0
2021-11-11 00:07:07,213 [855159a8-46d2-4956-afe8-ac9382fc30e5@group-EAD26FA73F49-SegmentedRaftLogWorker] INFO  segmented.SegmentedRaftLogWorker (SegmentedRaftLogWorker.java:execute(601)) - 855159a8-46d2-4956-afe8-ac9382fc30e5@group-EAD26FA73F49-SegmentedRaftLogWorker: created new log segment /home/runner/work/ozone/ozone/hadoop-ozone/integration-test/target/test-dir/MiniOzoneClusterImpl-d5f2283b-1c97-4f43-babe-75a35a923614/datanode-4/data/ratis/017c3729-644e-466c-86bc-ead26fa73f49/current/log_inprogress_0
2021-11-11 00:07:07,214 [855159a8-46d2-4956-afe8-ac9382fc30e5@group-EAD26FA73F49-LeaderElection82] INFO  server.RaftServer$Division (ServerState.java:setRaftConf(387)) - 855159a8-46d2-4956-afe8-ac9382fc30e5@group-EAD26FA73F49: set configuration 0: [855159a8-46d2-4956-afe8-ac9382fc30e5|rpc:10.1.0.10:42821|dataStream:|priority:1], old=null
2021-11-11 00:07:07,536 [f37a6f46-5950-4be3-9f6d-6eb53e609f63@group-ED7AB6A8DB8C-FollowerState] INFO  impl.FollowerState (FollowerState.java:run(134)) - f37a6f46-5950-4be3-9f6d-6eb53e609f63@group-ED7AB6A8DB8C-FollowerState: change to CANDIDATE, lastRpcElapsedTime:5041604656ns, electionTimeout:5039ms
2021-11-11 00:07:07,536 [f37a6f46-5950-4be3-9f6d-6eb53e609f63@group-ED7AB6A8DB8C-FollowerState] INFO  impl.RoleInfo (RoleInfo.java:shutdownFollowerState(108)) - f37a6f46-5950-4be3-9f6d-6eb53e609f63: shutdown f37a6f46-5950-4be3-9f6d-6eb53e609f63@group-ED7AB6A8DB8C-FollowerState
2021-11-11 00:07:07,536 [f37a6f46-5950-4be3-9f6d-6eb53e609f63@group-ED7AB6A8DB8C-FollowerState] INFO  server.RaftServer$Division (RaftServerImpl.java:setRole(290)) - f37a6f46-5950-4be3-9f6d-6eb53e609f63@group-ED7AB6A8DB8C: changes role from  FOLLOWER to CANDIDATE at term 0 for changeToCandidate
2021-11-11 00:07:07,538 [f37a6f46-5950-4be3-9f6d-6eb53e609f63@group-ED7AB6A8DB8C-FollowerState] INFO  server.RaftServerConfigKeys (ConfUtils.java:logGet(44)) - raft.server.leaderelection.pre-vote = false (custom)
2021-11-11 00:07:07,538 [f37a6f46-5950-4be3-9f6d-6eb53e609f63@group-ED7AB6A8DB8C-FollowerState] INFO  impl.RoleInfo (RoleInfo.java:updateAndGet(130)) - f37a6f46-5950-4be3-9f6d-6eb53e609f63: start f37a6f46-5950-4be3-9f6d-6eb53e609f63@group-ED7AB6A8DB8C-LeaderElection83
2021-11-11 00:07:07,557 [f37a6f46-5950-4be3-9f6d-6eb53e609f63@group-ED7AB6A8DB8C-LeaderElection83] INFO  impl.LeaderElection (LeaderElection.java:askForVotes(306)) - f37a6f46-5950-4be3-9f6d-6eb53e609f63@group-ED7AB6A8DB8C-LeaderElection83 ELECTION round 0: submit vote requests at term 1 for -1: [f37a6f46-5950-4be3-9f6d-6eb53e609f63|rpc:10.1.0.10:39151|priority:1], old=null
2021-11-11 00:07:07,557 [f37a6f46-5950-4be3-9f6d-6eb53e609f63@group-ED7AB6A8DB8C-LeaderElection83] INFO  impl.LeaderElection (LeaderElection.java:askForVotes(308)) - f37a6f46-5950-4be3-9f6d-6eb53e609f63@group-ED7AB6A8DB8C-LeaderElection83 ELECTION round 0: result PASSED (term=1)
2021-11-11 00:07:07,557 [f37a6f46-5950-4be3-9f6d-6eb53e609f63@group-ED7AB6A8DB8C-LeaderElection83] INFO  impl.RoleInfo (RoleInfo.java:shutdownLeaderElection(121)) - f37a6f46-5950-4be3-9f6d-6eb53e609f63: shutdown f37a6f46-5950-4be3-9f6d-6eb53e609f63@group-ED7AB6A8DB8C-LeaderElection83
2021-11-11 00:07:07,558 [f37a6f46-5950-4be3-9f6d-6eb53e609f63@group-ED7AB6A8DB8C-LeaderElection83] INFO  server.RaftServer$Division (RaftServerImpl.java:setRole(290)) - f37a6f46-5950-4be3-9f6d-6eb53e609f63@group-ED7AB6A8DB8C: changes role from CANDIDATE to LEADER at term 1 for changeToLeader
2021-11-11 00:07:07,558 [f37a6f46-5950-4be3-9f6d-6eb53e609f63@group-ED7AB6A8DB8C-LeaderElection83] INFO  ratis.XceiverServerRatis (XceiverServerRatis.java:handleLeaderChangedNotification(866)) - Leader change notification received for group: group-ED7AB6A8DB8C with new leaderId: f37a6f46-5950-4be3-9f6d-6eb53e609f63
2021-11-11 00:07:07,558 [f37a6f46-5950-4be3-9f6d-6eb53e609f63@group-ED7AB6A8DB8C-LeaderElection83] INFO  server.RaftServer$Division (ServerState.java:setLeader(285)) - f37a6f46-5950-4be3-9f6d-6eb53e609f63@group-ED7AB6A8DB8C: change Leader from null to f37a6f46-5950-4be3-9f6d-6eb53e609f63 at term 1 for becomeLeader, leader elected after 5074ms
2021-11-11 00:07:07,558 [f37a6f46-5950-4be3-9f6d-6eb53e609f63@group-ED7AB6A8DB8C-LeaderElection83] INFO  server.RaftServerConfigKeys (ConfUtils.java:logGet(44)) - raft.server.staging.catchup.gap = 1000 (default)
2021-11-11 00:07:07,558 [f37a6f46-5950-4be3-9f6d-6eb53e609f63@group-ED7AB6A8DB8C-LeaderElection83] INFO  server.RaftServerConfigKeys (ConfUtils.java:logGet(44)) - raft.server.write.element-limit = 1024 (custom)
2021-11-11 00:07:07,559 [f37a6f46-5950-4be3-9f6d-6eb53e609f63@group-ED7AB6A8DB8C-LeaderElection83] INFO  server.RaftServerConfigKeys (ConfUtils.java:logGet(44)) - raft.server.write.byte-limit = 1024 M (=1073741824) (custom)
2021-11-11 00:07:07,559 [f37a6f46-5950-4be3-9f6d-6eb53e609f63@group-ED7AB6A8DB8C-LeaderElection83] INFO  server.RaftServerConfigKeys (ConfUtils.java:logGet(44)) - raft.server.watch.timeout = 3000ms (custom)
2021-11-11 00:07:07,559 [f37a6f46-5950-4be3-9f6d-6eb53e609f63@group-ED7AB6A8DB8C-LeaderElection83] INFO  server.RaftServerConfigKeys (ConfUtils.java:logGet(44)) - raft.server.watch.timeout.denomination = 1s (default)
2021-11-11 00:07:07,559 [f37a6f46-5950-4be3-9f6d-6eb53e609f63@group-ED7AB6A8DB8C-LeaderElection83] INFO  server.RaftServerConfigKeys (ConfUtils.java:logGet(44)) - raft.server.watch.element-limit = 65536 (default)
2021-11-11 00:07:07,559 [f37a6f46-5950-4be3-9f6d-6eb53e609f63@group-ED7AB6A8DB8C-LeaderElection83] INFO  server.RaftServerConfigKeys (ConfUtils.java:logGet(44)) - raft.server.write.element-limit = 1024 (custom)
2021-11-11 00:07:07,560 [f37a6f46-5950-4be3-9f6d-6eb53e609f63@group-ED7AB6A8DB8C-LeaderElection83] INFO  server.RaftServerConfigKeys (ConfUtils.java:logGet(44)) - raft.server.write.follower.gap.ratio.max = -1.0 (default)
2021-11-11 00:07:07,560 [f37a6f46-5950-4be3-9f6d-6eb53e609f63@group-ED7AB6A8DB8C-LeaderElection83] INFO  impl.RoleInfo (RoleInfo.java:updateAndGet(130)) - f37a6f46-5950-4be3-9f6d-6eb53e609f63: start f37a6f46-5950-4be3-9f6d-6eb53e609f63@group-ED7AB6A8DB8C-LeaderStateImpl
2021-11-11 00:07:07,560 [EventQueue-OpenPipelineForHealthyPipelineSafeModeRule] INFO  safemode.SCMSafeModeManager (HealthyPipelineSafeModeRule.java:process(124)) - SCM in safe mode. Healthy pipelines reported count is 0, required healthy pipeline reported count is 1
2021-11-11 00:07:07,560 [f37a6f46-5950-4be3-9f6d-6eb53e609f63@group-ED7AB6A8DB8C-LeaderElection83] INFO  segmented.SegmentedRaftLogWorker (SegmentedRaftLogWorker.java:startLogSegment(394)) - f37a6f46-5950-4be3-9f6d-6eb53e609f63@group-ED7AB6A8DB8C-SegmentedRaftLogWorker: Starting segment from index:0
2021-11-11 00:07:07,561 [f37a6f46-5950-4be3-9f6d-6eb53e609f63@group-ED7AB6A8DB8C-LeaderElection83] INFO  server.RaftServer$Division (ServerState.java:setRaftConf(387)) - f37a6f46-5950-4be3-9f6d-6eb53e609f63@group-ED7AB6A8DB8C: set configuration 0: [f37a6f46-5950-4be3-9f6d-6eb53e609f63|rpc:10.1.0.10:39151|dataStream:|priority:1], old=null
2021-11-11 00:07:07,562 [f37a6f46-5950-4be3-9f6d-6eb53e609f63@group-ED7AB6A8DB8C-SegmentedRaftLogWorker] INFO  segmented.SegmentedRaftLogWorker (SegmentedRaftLogWorker.java:execute(601)) - f37a6f46-5950-4be3-9f6d-6eb53e609f63@group-ED7AB6A8DB8C-SegmentedRaftLogWorker: created new log segment /home/runner/work/ozone/ozone/hadoop-ozone/integration-test/target/test-dir/MiniOzoneClusterImpl-d5f2283b-1c97-4f43-babe-75a35a923614/datanode-5/data/ratis/9103f27b-b0c3-4f05-ba12-ed7ab6a8db8c/current/log_inprogress_0
2021-11-11 00:07:07,978 [Listener at 127.0.0.1/36803] INFO  ozone.MiniOzoneClusterImpl (MiniOzoneClusterImpl.java:lambda$waitForClusterToBeReady$0(235)) - Nodes are ready. Got 9 of 9 DN Heartbeats.
2021-11-11 00:07:07,978 [Listener at 127.0.0.1/36803] INFO  ozone.MiniOzoneClusterImpl (MiniOzoneClusterImpl.java:lambda$waitForClusterToBeReady$0(238)) - Waiting for cluster to exit safe mode
2021-11-11 00:07:07,978 [Listener at 127.0.0.1/36803] INFO  ozone.MiniOzoneClusterImpl (MiniOzoneClusterImpl.java:lambda$waitForClusterToBeReady$0(240)) - SCM became leader
2021-11-11 00:07:08,183 [f2abff67-7f5e-423a-807c-f1c8bf0fd89e@group-B667C1C291A7-FollowerState] INFO  impl.FollowerState (FollowerState.java:run(134)) - f2abff67-7f5e-423a-807c-f1c8bf0fd89e@group-B667C1C291A7-FollowerState: change to CANDIDATE, lastRpcElapsedTime:5029459447ns, electionTimeout:5022ms
2021-11-11 00:07:08,183 [f2abff67-7f5e-423a-807c-f1c8bf0fd89e@group-B667C1C291A7-FollowerState] INFO  impl.RoleInfo (RoleInfo.java:shutdownFollowerState(108)) - f2abff67-7f5e-423a-807c-f1c8bf0fd89e: shutdown f2abff67-7f5e-423a-807c-f1c8bf0fd89e@group-B667C1C291A7-FollowerState
2021-11-11 00:07:08,183 [f2abff67-7f5e-423a-807c-f1c8bf0fd89e@group-B667C1C291A7-FollowerState] INFO  server.RaftServer$Division (RaftServerImpl.java:setRole(290)) - f2abff67-7f5e-423a-807c-f1c8bf0fd89e@group-B667C1C291A7: changes role from  FOLLOWER to CANDIDATE at term 0 for changeToCandidate
2021-11-11 00:07:08,185 [f2abff67-7f5e-423a-807c-f1c8bf0fd89e@group-B667C1C291A7-FollowerState] INFO  server.RaftServerConfigKeys (ConfUtils.java:logGet(44)) - raft.server.leaderelection.pre-vote = false (custom)
2021-11-11 00:07:08,185 [f2abff67-7f5e-423a-807c-f1c8bf0fd89e@group-B667C1C291A7-FollowerState] INFO  impl.RoleInfo (RoleInfo.java:updateAndGet(130)) - f2abff67-7f5e-423a-807c-f1c8bf0fd89e: start f2abff67-7f5e-423a-807c-f1c8bf0fd89e@group-B667C1C291A7-LeaderElection84
2021-11-11 00:07:08,206 [f2abff67-7f5e-423a-807c-f1c8bf0fd89e@group-B667C1C291A7-LeaderElection84] INFO  impl.LeaderElection (LeaderElection.java:askForVotes(306)) - f2abff67-7f5e-423a-807c-f1c8bf0fd89e@group-B667C1C291A7-LeaderElection84 ELECTION round 0: submit vote requests at term 1 for -1: [69aff4e4-918e-4266-92c0-ec642b93bcd5|rpc:10.1.0.10:41107|priority:1, f2abff67-7f5e-423a-807c-f1c8bf0fd89e|rpc:10.1.0.10:42673|priority:0, 6e133fb8-c87a-4d8d-9d3f-d688ae1cb6f8|rpc:10.1.0.10:38557|priority:0], old=null
2021-11-11 00:07:08,239 [f2abff67-7f5e-423a-807c-f1c8bf0fd89e@group-673C0E226F09-FollowerState] INFO  impl.FollowerState (FollowerState.java:run(134)) - f2abff67-7f5e-423a-807c-f1c8bf0fd89e@group-673C0E226F09-FollowerState: change to CANDIDATE, lastRpcElapsedTime:5118072613ns, electionTimeout:5116ms
2021-11-11 00:07:08,239 [f2abff67-7f5e-423a-807c-f1c8bf0fd89e@group-673C0E226F09-FollowerState] INFO  impl.RoleInfo (RoleInfo.java:shutdownFollowerState(108)) - f2abff67-7f5e-423a-807c-f1c8bf0fd89e: shutdown f2abff67-7f5e-423a-807c-f1c8bf0fd89e@group-673C0E226F09-FollowerState
2021-11-11 00:07:08,239 [f2abff67-7f5e-423a-807c-f1c8bf0fd89e@group-673C0E226F09-FollowerState] INFO  server.RaftServer$Division (RaftServerImpl.java:setRole(290)) - f2abff67-7f5e-423a-807c-f1c8bf0fd89e@group-673C0E226F09: changes role from  FOLLOWER to CANDIDATE at term 0 for changeToCandidate
2021-11-11 00:07:08,239 [f2abff67-7f5e-423a-807c-f1c8bf0fd89e@group-673C0E226F09-FollowerState] INFO  server.RaftServerConfigKeys (ConfUtils.java:logGet(44)) - raft.server.leaderelection.pre-vote = false (custom)
2021-11-11 00:07:08,240 [f2abff67-7f5e-423a-807c-f1c8bf0fd89e@group-673C0E226F09-FollowerState] INFO  impl.RoleInfo (RoleInfo.java:updateAndGet(130)) - f2abff67-7f5e-423a-807c-f1c8bf0fd89e: start f2abff67-7f5e-423a-807c-f1c8bf0fd89e@group-673C0E226F09-LeaderElection85
2021-11-11 00:07:08,314 [f2abff67-7f5e-423a-807c-f1c8bf0fd89e@group-673C0E226F09-LeaderElection85] INFO  impl.LeaderElection (LeaderElection.java:askForVotes(306)) - f2abff67-7f5e-423a-807c-f1c8bf0fd89e@group-673C0E226F09-LeaderElection85 ELECTION round 0: submit vote requests at term 1 for -1: [f2abff67-7f5e-423a-807c-f1c8bf0fd89e|rpc:10.1.0.10:42673|priority:1], old=null
2021-11-11 00:07:08,315 [f2abff67-7f5e-423a-807c-f1c8bf0fd89e@group-673C0E226F09-LeaderElection85] INFO  impl.LeaderElection (LeaderElection.java:askForVotes(308)) - f2abff67-7f5e-423a-807c-f1c8bf0fd89e@group-673C0E226F09-LeaderElection85 ELECTION round 0: result PASSED (term=1)
2021-11-11 00:07:08,315 [f2abff67-7f5e-423a-807c-f1c8bf0fd89e@group-673C0E226F09-LeaderElection85] INFO  impl.RoleInfo (RoleInfo.java:shutdownLeaderElection(121)) - f2abff67-7f5e-423a-807c-f1c8bf0fd89e: shutdown f2abff67-7f5e-423a-807c-f1c8bf0fd89e@group-673C0E226F09-LeaderElection85
2021-11-11 00:07:08,315 [f2abff67-7f5e-423a-807c-f1c8bf0fd89e@group-673C0E226F09-LeaderElection85] INFO  server.RaftServer$Division (RaftServerImpl.java:setRole(290)) - f2abff67-7f5e-423a-807c-f1c8bf0fd89e@group-673C0E226F09: changes role from CANDIDATE to LEADER at term 1 for changeToLeader
2021-11-11 00:07:08,315 [f2abff67-7f5e-423a-807c-f1c8bf0fd89e@group-673C0E226F09-LeaderElection85] INFO  ratis.XceiverServerRatis (XceiverServerRatis.java:handleLeaderChangedNotification(866)) - Leader change notification received for group: group-673C0E226F09 with new leaderId: f2abff67-7f5e-423a-807c-f1c8bf0fd89e
2021-11-11 00:07:08,315 [f2abff67-7f5e-423a-807c-f1c8bf0fd89e@group-673C0E226F09-LeaderElection85] INFO  server.RaftServer$Division (ServerState.java:setLeader(285)) - f2abff67-7f5e-423a-807c-f1c8bf0fd89e@group-673C0E226F09: change Leader from null to f2abff67-7f5e-423a-807c-f1c8bf0fd89e at term 1 for becomeLeader, leader elected after 5213ms
2021-11-11 00:07:08,315 [f2abff67-7f5e-423a-807c-f1c8bf0fd89e@group-673C0E226F09-LeaderElection85] INFO  server.RaftServerConfigKeys (ConfUtils.java:logGet(44)) - raft.server.staging.catchup.gap = 1000 (default)
2021-11-11 00:07:08,316 [EventQueue-OpenPipelineForHealthyPipelineSafeModeRule] INFO  safemode.SCMSafeModeManager (HealthyPipelineSafeModeRule.java:process(124)) - SCM in safe mode. Healthy pipelines reported count is 0, required healthy pipeline reported count is 1
2021-11-11 00:07:08,317 [f2abff67-7f5e-423a-807c-f1c8bf0fd89e@group-673C0E226F09-LeaderElection85] INFO  server.RaftServerConfigKeys (ConfUtils.java:logGet(44)) - raft.server.write.element-limit = 1024 (custom)
2021-11-11 00:07:08,317 [f2abff67-7f5e-423a-807c-f1c8bf0fd89e@group-673C0E226F09-LeaderElection85] INFO  server.RaftServerConfigKeys (ConfUtils.java:logGet(44)) - raft.server.write.byte-limit = 1024 M (=1073741824) (custom)
2021-11-11 00:07:08,317 [f2abff67-7f5e-423a-807c-f1c8bf0fd89e@group-673C0E226F09-LeaderElection85] INFO  server.RaftServerConfigKeys (ConfUtils.java:logGet(44)) - raft.server.watch.timeout = 3000ms (custom)
2021-11-11 00:07:08,318 [f2abff67-7f5e-423a-807c-f1c8bf0fd89e@group-673C0E226F09-LeaderElection85] INFO  server.RaftServerConfigKeys (ConfUtils.java:logGet(44)) - raft.server.watch.timeout.denomination = 1s (default)
2021-11-11 00:07:08,318 [f2abff67-7f5e-423a-807c-f1c8bf0fd89e@group-673C0E226F09-LeaderElection85] INFO  server.RaftServerConfigKeys (ConfUtils.java:logGet(44)) - raft.server.watch.element-limit = 65536 (default)
2021-11-11 00:07:08,318 [f2abff67-7f5e-423a-807c-f1c8bf0fd89e@group-673C0E226F09-LeaderElection85] INFO  server.RaftServerConfigKeys (ConfUtils.java:logGet(44)) - raft.server.write.element-limit = 1024 (custom)
2021-11-11 00:07:08,318 [f2abff67-7f5e-423a-807c-f1c8bf0fd89e@group-673C0E226F09-LeaderElection85] INFO  server.RaftServerConfigKeys (ConfUtils.java:logGet(44)) - raft.server.write.follower.gap.ratio.max = -1.0 (default)
2021-11-11 00:07:08,318 [f2abff67-7f5e-423a-807c-f1c8bf0fd89e@group-673C0E226F09-LeaderElection85] INFO  impl.RoleInfo (RoleInfo.java:updateAndGet(130)) - f2abff67-7f5e-423a-807c-f1c8bf0fd89e: start f2abff67-7f5e-423a-807c-f1c8bf0fd89e@group-673C0E226F09-LeaderStateImpl
2021-11-11 00:07:08,318 [f2abff67-7f5e-423a-807c-f1c8bf0fd89e@group-673C0E226F09-LeaderElection85] INFO  segmented.SegmentedRaftLogWorker (SegmentedRaftLogWorker.java:startLogSegment(394)) - f2abff67-7f5e-423a-807c-f1c8bf0fd89e@group-673C0E226F09-SegmentedRaftLogWorker: Starting segment from index:0
2021-11-11 00:07:08,321 [f2abff67-7f5e-423a-807c-f1c8bf0fd89e@group-673C0E226F09-SegmentedRaftLogWorker] INFO  segmented.SegmentedRaftLogWorker (SegmentedRaftLogWorker.java:execute(601)) - f2abff67-7f5e-423a-807c-f1c8bf0fd89e@group-673C0E226F09-SegmentedRaftLogWorker: created new log segment /home/runner/work/ozone/ozone/hadoop-ozone/integration-test/target/test-dir/MiniOzoneClusterImpl-d5f2283b-1c97-4f43-babe-75a35a923614/datanode-6/data/ratis/42f2bfa2-68e2-48ed-995b-673c0e226f09/current/log_inprogress_0
2021-11-11 00:07:08,325 [f2abff67-7f5e-423a-807c-f1c8bf0fd89e@group-673C0E226F09-LeaderElection85] INFO  server.RaftServer$Division (ServerState.java:setRaftConf(387)) - f2abff67-7f5e-423a-807c-f1c8bf0fd89e@group-673C0E226F09: set configuration 0: [f2abff67-7f5e-423a-807c-f1c8bf0fd89e|rpc:10.1.0.10:42673|dataStream:|priority:1], old=null
2021-11-11 00:07:08,359 [grpc-default-executor-3] INFO  server.RaftServer$Division (RaftServerImpl.java:requestVote(1046)) - 6e133fb8-c87a-4d8d-9d3f-d688ae1cb6f8@group-B667C1C291A7: receive requestVote(ELECTION, f2abff67-7f5e-423a-807c-f1c8bf0fd89e, group-B667C1C291A7, 1, (t:0, i:0))
2021-11-11 00:07:08,359 [grpc-default-executor-3] INFO  impl.VoteContext (VoteContext.java:log(48)) - 6e133fb8-c87a-4d8d-9d3f-d688ae1cb6f8@group-B667C1C291A7-FOLLOWER: accept ELECTION from f2abff67-7f5e-423a-807c-f1c8bf0fd89e: our priority 0 <= candidate's priority 0
2021-11-11 00:07:08,359 [grpc-default-executor-3] INFO  server.RaftServer$Division (RaftServerImpl.java:setRole(290)) - 6e133fb8-c87a-4d8d-9d3f-d688ae1cb6f8@group-B667C1C291A7: changes role from  FOLLOWER to FOLLOWER at term 1 for candidate:f2abff67-7f5e-423a-807c-f1c8bf0fd89e
2021-11-11 00:07:08,359 [grpc-default-executor-3] INFO  impl.RoleInfo (RoleInfo.java:shutdownFollowerState(108)) - 6e133fb8-c87a-4d8d-9d3f-d688ae1cb6f8: shutdown 6e133fb8-c87a-4d8d-9d3f-d688ae1cb6f8@group-B667C1C291A7-FollowerState
2021-11-11 00:07:08,359 [grpc-default-executor-3] INFO  impl.RoleInfo (RoleInfo.java:updateAndGet(130)) - 6e133fb8-c87a-4d8d-9d3f-d688ae1cb6f8: start 6e133fb8-c87a-4d8d-9d3f-d688ae1cb6f8@group-B667C1C291A7-FollowerState
2021-11-11 00:07:08,360 [6e133fb8-c87a-4d8d-9d3f-d688ae1cb6f8@group-B667C1C291A7-FollowerState] INFO  impl.FollowerState (FollowerState.java:run(143)) - 6e133fb8-c87a-4d8d-9d3f-d688ae1cb6f8@group-B667C1C291A7-FollowerState was interrupted: {}
java.lang.InterruptedException: sleep interrupted
	at java.lang.Thread.sleep(Native Method)
	at java.lang.Thread.sleep(Thread.java:340)
	at java.util.concurrent.TimeUnit.sleep(TimeUnit.java:386)
	at org.apache.ratis.util.TimeDuration.sleep(TimeDuration.java:324)
	at org.apache.ratis.util.TimeDuration.sleep(TimeDuration.java:309)
	at org.apache.ratis.server.impl.FollowerState.run(FollowerState.java:118)
2021-11-11 00:07:08,361 [grpc-default-executor-0] INFO  server.RaftServer$Division (RaftServerImpl.java:requestVote(1046)) - 69aff4e4-918e-4266-92c0-ec642b93bcd5@group-B667C1C291A7: receive requestVote(ELECTION, f2abff67-7f5e-423a-807c-f1c8bf0fd89e, group-B667C1C291A7, 1, (t:0, i:0))
2021-11-11 00:07:08,361 [grpc-default-executor-0] INFO  impl.VoteContext (VoteContext.java:log(48)) - 69aff4e4-918e-4266-92c0-ec642b93bcd5@group-B667C1C291A7-FOLLOWER: reject ELECTION from f2abff67-7f5e-423a-807c-f1c8bf0fd89e: our priority 1 > candidate's priority 0
2021-11-11 00:07:08,361 [grpc-default-executor-0] INFO  server.RaftServer$Division (RaftServerImpl.java:setRole(290)) - 69aff4e4-918e-4266-92c0-ec642b93bcd5@group-B667C1C291A7: changes role from  FOLLOWER to FOLLOWER at term 1 for candidate:f2abff67-7f5e-423a-807c-f1c8bf0fd89e
2021-11-11 00:07:08,361 [grpc-default-executor-0] INFO  impl.RoleInfo (RoleInfo.java:shutdownFollowerState(108)) - 69aff4e4-918e-4266-92c0-ec642b93bcd5: shutdown 69aff4e4-918e-4266-92c0-ec642b93bcd5@group-B667C1C291A7-FollowerState
2021-11-11 00:07:08,363 [grpc-default-executor-0] INFO  impl.RoleInfo (RoleInfo.java:updateAndGet(130)) - 69aff4e4-918e-4266-92c0-ec642b93bcd5: start 69aff4e4-918e-4266-92c0-ec642b93bcd5@group-B667C1C291A7-FollowerState
2021-11-11 00:07:08,363 [69aff4e4-918e-4266-92c0-ec642b93bcd5@group-B667C1C291A7-FollowerState] INFO  impl.FollowerState (FollowerState.java:run(143)) - 69aff4e4-918e-4266-92c0-ec642b93bcd5@group-B667C1C291A7-FollowerState was interrupted: {}
java.lang.InterruptedException: sleep interrupted
	at java.lang.Thread.sleep(Native Method)
	at java.lang.Thread.sleep(Thread.java:340)
	at java.util.concurrent.TimeUnit.sleep(TimeUnit.java:386)
	at org.apache.ratis.util.TimeDuration.sleep(TimeDuration.java:324)
	at org.apache.ratis.util.TimeDuration.sleep(TimeDuration.java:309)
	at org.apache.ratis.server.impl.FollowerState.run(FollowerState.java:118)
2021-11-11 00:07:08,364 [grpc-default-executor-3] INFO  server.RaftServer$Division (RaftServerImpl.java:requestVote(1078)) - 6e133fb8-c87a-4d8d-9d3f-d688ae1cb6f8@group-B667C1C291A7 replies to ELECTION vote request: f2abff67-7f5e-423a-807c-f1c8bf0fd89e<-6e133fb8-c87a-4d8d-9d3f-d688ae1cb6f8#0:OK-t1. Peer's state: 6e133fb8-c87a-4d8d-9d3f-d688ae1cb6f8@group-B667C1C291A7:t1, leader=null, voted=f2abff67-7f5e-423a-807c-f1c8bf0fd89e, raftlog=6e133fb8-c87a-4d8d-9d3f-d688ae1cb6f8@group-B667C1C291A7-SegmentedRaftLog:OPENED:c-1, conf=-1: [69aff4e4-918e-4266-92c0-ec642b93bcd5|rpc:10.1.0.10:41107|dataStream:|priority:1, f2abff67-7f5e-423a-807c-f1c8bf0fd89e|rpc:10.1.0.10:42673|dataStream:|priority:0, 6e133fb8-c87a-4d8d-9d3f-d688ae1cb6f8|rpc:10.1.0.10:38557|dataStream:|priority:0], old=null
2021-11-11 00:07:08,367 [grpc-default-executor-0] INFO  server.RaftServer$Division (RaftServerImpl.java:requestVote(1078)) - 69aff4e4-918e-4266-92c0-ec642b93bcd5@group-B667C1C291A7 replies to ELECTION vote request: f2abff67-7f5e-423a-807c-f1c8bf0fd89e<-69aff4e4-918e-4266-92c0-ec642b93bcd5#0:FAIL-t1. Peer's state: 69aff4e4-918e-4266-92c0-ec642b93bcd5@group-B667C1C291A7:t1, leader=null, voted=null, raftlog=69aff4e4-918e-4266-92c0-ec642b93bcd5@group-B667C1C291A7-SegmentedRaftLog:OPENED:c-1, conf=-1: [69aff4e4-918e-4266-92c0-ec642b93bcd5|rpc:10.1.0.10:41107|dataStream:|priority:1, f2abff67-7f5e-423a-807c-f1c8bf0fd89e|rpc:10.1.0.10:42673|dataStream:|priority:0, 6e133fb8-c87a-4d8d-9d3f-d688ae1cb6f8|rpc:10.1.0.10:38557|dataStream:|priority:0], old=null
2021-11-11 00:07:08,380 [f2abff67-7f5e-423a-807c-f1c8bf0fd89e@group-B667C1C291A7-LeaderElection84] INFO  impl.LeaderElection (LeaderElection.java:logAndReturn(89)) - f2abff67-7f5e-423a-807c-f1c8bf0fd89e@group-B667C1C291A7-LeaderElection84: ELECTION REJECTED received 2 response(s) and 0 exception(s):
2021-11-11 00:07:08,380 [f2abff67-7f5e-423a-807c-f1c8bf0fd89e@group-B667C1C291A7-LeaderElection84] INFO  impl.LeaderElection (LeaderElection.java:logAndReturn(93)) -   Response 0: f2abff67-7f5e-423a-807c-f1c8bf0fd89e<-69aff4e4-918e-4266-92c0-ec642b93bcd5#0:FAIL-t1
2021-11-11 00:07:08,380 [f2abff67-7f5e-423a-807c-f1c8bf0fd89e@group-B667C1C291A7-LeaderElection84] INFO  impl.LeaderElection (LeaderElection.java:logAndReturn(93)) -   Response 1: f2abff67-7f5e-423a-807c-f1c8bf0fd89e<-6e133fb8-c87a-4d8d-9d3f-d688ae1cb6f8#0:OK-t1
2021-11-11 00:07:08,380 [f2abff67-7f5e-423a-807c-f1c8bf0fd89e@group-B667C1C291A7-LeaderElection84] INFO  impl.LeaderElection (LeaderElection.java:askForVotes(308)) - f2abff67-7f5e-423a-807c-f1c8bf0fd89e@group-B667C1C291A7-LeaderElection84 ELECTION round 0: result REJECTED
2021-11-11 00:07:08,380 [f2abff67-7f5e-423a-807c-f1c8bf0fd89e@group-B667C1C291A7-LeaderElection84] INFO  server.RaftServer$Division (RaftServerImpl.java:setRole(290)) - f2abff67-7f5e-423a-807c-f1c8bf0fd89e@group-B667C1C291A7: changes role from CANDIDATE to FOLLOWER at term 1 for REJECTED
2021-11-11 00:07:08,380 [f2abff67-7f5e-423a-807c-f1c8bf0fd89e@group-B667C1C291A7-LeaderElection84] INFO  impl.RoleInfo (RoleInfo.java:shutdownLeaderElection(121)) - f2abff67-7f5e-423a-807c-f1c8bf0fd89e: shutdown f2abff67-7f5e-423a-807c-f1c8bf0fd89e@group-B667C1C291A7-LeaderElection84
2021-11-11 00:07:08,380 [f2abff67-7f5e-423a-807c-f1c8bf0fd89e@group-B667C1C291A7-LeaderElection84] INFO  impl.RoleInfo (RoleInfo.java:updateAndGet(130)) - f2abff67-7f5e-423a-807c-f1c8bf0fd89e: start f2abff67-7f5e-423a-807c-f1c8bf0fd89e@group-B667C1C291A7-FollowerState
2021-11-11 00:07:08,676 [6e133fb8-c87a-4d8d-9d3f-d688ae1cb6f8@group-0F7999503DA4-FollowerState] INFO  impl.FollowerState (FollowerState.java:run(134)) - 6e133fb8-c87a-4d8d-9d3f-d688ae1cb6f8@group-0F7999503DA4-FollowerState: change to CANDIDATE, lastRpcElapsedTime:5112808909ns, electionTimeout:5097ms
2021-11-11 00:07:08,676 [6e133fb8-c87a-4d8d-9d3f-d688ae1cb6f8@group-0F7999503DA4-FollowerState] INFO  impl.RoleInfo (RoleInfo.java:shutdownFollowerState(108)) - 6e133fb8-c87a-4d8d-9d3f-d688ae1cb6f8: shutdown 6e133fb8-c87a-4d8d-9d3f-d688ae1cb6f8@group-0F7999503DA4-FollowerState
2021-11-11 00:07:08,676 [6e133fb8-c87a-4d8d-9d3f-d688ae1cb6f8@group-0F7999503DA4-FollowerState] INFO  server.RaftServer$Division (RaftServerImpl.java:setRole(290)) - 6e133fb8-c87a-4d8d-9d3f-d688ae1cb6f8@group-0F7999503DA4: changes role from  FOLLOWER to CANDIDATE at term 0 for changeToCandidate
2021-11-11 00:07:08,679 [6e133fb8-c87a-4d8d-9d3f-d688ae1cb6f8@group-0F7999503DA4-FollowerState] INFO  server.RaftServerConfigKeys (ConfUtils.java:logGet(44)) - raft.server.leaderelection.pre-vote = false (custom)
2021-11-11 00:07:08,679 [6e133fb8-c87a-4d8d-9d3f-d688ae1cb6f8@group-0F7999503DA4-FollowerState] INFO  impl.RoleInfo (RoleInfo.java:updateAndGet(130)) - 6e133fb8-c87a-4d8d-9d3f-d688ae1cb6f8: start 6e133fb8-c87a-4d8d-9d3f-d688ae1cb6f8@group-0F7999503DA4-LeaderElection86
2021-11-11 00:07:08,710 [6e133fb8-c87a-4d8d-9d3f-d688ae1cb6f8@group-0F7999503DA4-LeaderElection86] INFO  impl.LeaderElection (LeaderElection.java:askForVotes(306)) - 6e133fb8-c87a-4d8d-9d3f-d688ae1cb6f8@group-0F7999503DA4-LeaderElection86 ELECTION round 0: submit vote requests at term 1 for -1: [6e133fb8-c87a-4d8d-9d3f-d688ae1cb6f8|rpc:10.1.0.10:38557|priority:1], old=null
2021-11-11 00:07:08,710 [6e133fb8-c87a-4d8d-9d3f-d688ae1cb6f8@group-0F7999503DA4-LeaderElection86] INFO  impl.LeaderElection (LeaderElection.java:askForVotes(308)) - 6e133fb8-c87a-4d8d-9d3f-d688ae1cb6f8@group-0F7999503DA4-LeaderElection86 ELECTION round 0: result PASSED (term=1)
2021-11-11 00:07:08,710 [6e133fb8-c87a-4d8d-9d3f-d688ae1cb6f8@group-0F7999503DA4-LeaderElection86] INFO  impl.RoleInfo (RoleInfo.java:shutdownLeaderElection(121)) - 6e133fb8-c87a-4d8d-9d3f-d688ae1cb6f8: shutdown 6e133fb8-c87a-4d8d-9d3f-d688ae1cb6f8@group-0F7999503DA4-LeaderElection86
2021-11-11 00:07:08,710 [6e133fb8-c87a-4d8d-9d3f-d688ae1cb6f8@group-0F7999503DA4-LeaderElection86] INFO  server.RaftServer$Division (RaftServerImpl.java:setRole(290)) - 6e133fb8-c87a-4d8d-9d3f-d688ae1cb6f8@group-0F7999503DA4: changes role from CANDIDATE to LEADER at term 1 for changeToLeader
2021-11-11 00:07:08,710 [6e133fb8-c87a-4d8d-9d3f-d688ae1cb6f8@group-0F7999503DA4-LeaderElection86] INFO  ratis.XceiverServerRatis (XceiverServerRatis.java:handleLeaderChangedNotification(866)) - Leader change notification received for group: group-0F7999503DA4 with new leaderId: 6e133fb8-c87a-4d8d-9d3f-d688ae1cb6f8
2021-11-11 00:07:08,711 [6e133fb8-c87a-4d8d-9d3f-d688ae1cb6f8@group-0F7999503DA4-LeaderElection86] INFO  server.RaftServer$Division (ServerState.java:setLeader(285)) - 6e133fb8-c87a-4d8d-9d3f-d688ae1cb6f8@group-0F7999503DA4: change Leader from null to 6e133fb8-c87a-4d8d-9d3f-d688ae1cb6f8 at term 1 for becomeLeader, leader elected after 5156ms
2021-11-11 00:07:08,711 [6e133fb8-c87a-4d8d-9d3f-d688ae1cb6f8@group-0F7999503DA4-LeaderElection86] INFO  server.RaftServerConfigKeys (ConfUtils.java:logGet(44)) - raft.server.staging.catchup.gap = 1000 (default)
2021-11-11 00:07:08,712 [6e133fb8-c87a-4d8d-9d3f-d688ae1cb6f8@group-0F7999503DA4-LeaderElection86] INFO  server.RaftServerConfigKeys (ConfUtils.java:logGet(44)) - raft.server.write.element-limit = 1024 (custom)
2021-11-11 00:07:08,712 [6e133fb8-c87a-4d8d-9d3f-d688ae1cb6f8@group-0F7999503DA4-LeaderElection86] INFO  server.RaftServerConfigKeys (ConfUtils.java:logGet(44)) - raft.server.write.byte-limit = 1024 M (=1073741824) (custom)
2021-11-11 00:07:08,713 [6e133fb8-c87a-4d8d-9d3f-d688ae1cb6f8@group-0F7999503DA4-LeaderElection86] INFO  server.RaftServerConfigKeys (ConfUtils.java:logGet(44)) - raft.server.watch.timeout = 3000ms (custom)
2021-11-11 00:07:08,713 [6e133fb8-c87a-4d8d-9d3f-d688ae1cb6f8@group-0F7999503DA4-LeaderElection86] INFO  server.RaftServerConfigKeys (ConfUtils.java:logGet(44)) - raft.server.watch.timeout.denomination = 1s (default)
2021-11-11 00:07:08,713 [6e133fb8-c87a-4d8d-9d3f-d688ae1cb6f8@group-0F7999503DA4-LeaderElection86] INFO  server.RaftServerConfigKeys (ConfUtils.java:logGet(44)) - raft.server.watch.element-limit = 65536 (default)
2021-11-11 00:07:08,713 [6e133fb8-c87a-4d8d-9d3f-d688ae1cb6f8@group-0F7999503DA4-LeaderElection86] INFO  server.RaftServerConfigKeys (ConfUtils.java:logGet(44)) - raft.server.write.element-limit = 1024 (custom)
2021-11-11 00:07:08,713 [6e133fb8-c87a-4d8d-9d3f-d688ae1cb6f8@group-0F7999503DA4-LeaderElection86] INFO  server.RaftServerConfigKeys (ConfUtils.java:logGet(44)) - raft.server.write.follower.gap.ratio.max = -1.0 (default)
2021-11-11 00:07:08,713 [6e133fb8-c87a-4d8d-9d3f-d688ae1cb6f8@group-0F7999503DA4-LeaderElection86] INFO  impl.RoleInfo (RoleInfo.java:updateAndGet(130)) - 6e133fb8-c87a-4d8d-9d3f-d688ae1cb6f8: start 6e133fb8-c87a-4d8d-9d3f-d688ae1cb6f8@group-0F7999503DA4-LeaderStateImpl
2021-11-11 00:07:08,714 [6e133fb8-c87a-4d8d-9d3f-d688ae1cb6f8@group-0F7999503DA4-LeaderElection86] INFO  segmented.SegmentedRaftLogWorker (SegmentedRaftLogWorker.java:startLogSegment(394)) - 6e133fb8-c87a-4d8d-9d3f-d688ae1cb6f8@group-0F7999503DA4-SegmentedRaftLogWorker: Starting segment from index:0
2021-11-11 00:07:08,715 [6e133fb8-c87a-4d8d-9d3f-d688ae1cb6f8@group-0F7999503DA4-LeaderElection86] INFO  server.RaftServer$Division (ServerState.java:setRaftConf(387)) - 6e133fb8-c87a-4d8d-9d3f-d688ae1cb6f8@group-0F7999503DA4: set configuration 0: [6e133fb8-c87a-4d8d-9d3f-d688ae1cb6f8|rpc:10.1.0.10:38557|dataStream:|priority:1], old=null
2021-11-11 00:07:08,716 [EventQueue-OpenPipelineForHealthyPipelineSafeModeRule] INFO  safemode.SCMSafeModeManager (HealthyPipelineSafeModeRule.java:process(124)) - SCM in safe mode. Healthy pipelines reported count is 0, required healthy pipeline reported count is 1
2021-11-11 00:07:08,716 [6e133fb8-c87a-4d8d-9d3f-d688ae1cb6f8@group-0F7999503DA4-SegmentedRaftLogWorker] INFO  segmented.SegmentedRaftLogWorker (SegmentedRaftLogWorker.java:execute(601)) - 6e133fb8-c87a-4d8d-9d3f-d688ae1cb6f8@group-0F7999503DA4-SegmentedRaftLogWorker: created new log segment /home/runner/work/ozone/ozone/hadoop-ozone/integration-test/target/test-dir/MiniOzoneClusterImpl-d5f2283b-1c97-4f43-babe-75a35a923614/datanode-7/data/ratis/e010c6ce-98d7-40ae-9b90-0f7999503da4/current/log_inprogress_0
2021-11-11 00:07:08,978 [Listener at 127.0.0.1/36803] INFO  ozone.MiniOzoneClusterImpl (MiniOzoneClusterImpl.java:lambda$waitForClusterToBeReady$0(235)) - Nodes are ready. Got 9 of 9 DN Heartbeats.
2021-11-11 00:07:08,978 [Listener at 127.0.0.1/36803] INFO  ozone.MiniOzoneClusterImpl (MiniOzoneClusterImpl.java:lambda$waitForClusterToBeReady$0(238)) - Waiting for cluster to exit safe mode
2021-11-11 00:07:08,979 [Listener at 127.0.0.1/36803] INFO  ozone.MiniOzoneClusterImpl (MiniOzoneClusterImpl.java:lambda$waitForClusterToBeReady$0(240)) - SCM became leader
2021-11-11 00:07:09,234 [69aff4e4-918e-4266-92c0-ec642b93bcd5@group-8A9B2939D484-FollowerState] INFO  impl.FollowerState (FollowerState.java:run(134)) - 69aff4e4-918e-4266-92c0-ec642b93bcd5@group-8A9B2939D484-FollowerState: change to CANDIDATE, lastRpcElapsedTime:5185875063ns, electionTimeout:5183ms
2021-11-11 00:07:09,234 [69aff4e4-918e-4266-92c0-ec642b93bcd5@group-8A9B2939D484-FollowerState] INFO  impl.RoleInfo (RoleInfo.java:shutdownFollowerState(108)) - 69aff4e4-918e-4266-92c0-ec642b93bcd5: shutdown 69aff4e4-918e-4266-92c0-ec642b93bcd5@group-8A9B2939D484-FollowerState
2021-11-11 00:07:09,234 [69aff4e4-918e-4266-92c0-ec642b93bcd5@group-8A9B2939D484-FollowerState] INFO  server.RaftServer$Division (RaftServerImpl.java:setRole(290)) - 69aff4e4-918e-4266-92c0-ec642b93bcd5@group-8A9B2939D484: changes role from  FOLLOWER to CANDIDATE at term 0 for changeToCandidate
2021-11-11 00:07:09,234 [69aff4e4-918e-4266-92c0-ec642b93bcd5@group-8A9B2939D484-FollowerState] INFO  server.RaftServerConfigKeys (ConfUtils.java:logGet(44)) - raft.server.leaderelection.pre-vote = false (custom)
2021-11-11 00:07:09,234 [69aff4e4-918e-4266-92c0-ec642b93bcd5@group-8A9B2939D484-FollowerState] INFO  impl.RoleInfo (RoleInfo.java:updateAndGet(130)) - 69aff4e4-918e-4266-92c0-ec642b93bcd5: start 69aff4e4-918e-4266-92c0-ec642b93bcd5@group-8A9B2939D484-LeaderElection87
2021-11-11 00:07:09,257 [69aff4e4-918e-4266-92c0-ec642b93bcd5@group-8A9B2939D484-LeaderElection87] INFO  impl.LeaderElection (LeaderElection.java:askForVotes(306)) - 69aff4e4-918e-4266-92c0-ec642b93bcd5@group-8A9B2939D484-LeaderElection87 ELECTION round 0: submit vote requests at term 1 for -1: [69aff4e4-918e-4266-92c0-ec642b93bcd5|rpc:10.1.0.10:41107|priority:1], old=null
2021-11-11 00:07:09,257 [69aff4e4-918e-4266-92c0-ec642b93bcd5@group-8A9B2939D484-LeaderElection87] INFO  impl.LeaderElection (LeaderElection.java:askForVotes(308)) - 69aff4e4-918e-4266-92c0-ec642b93bcd5@group-8A9B2939D484-LeaderElection87 ELECTION round 0: result PASSED (term=1)
2021-11-11 00:07:09,257 [69aff4e4-918e-4266-92c0-ec642b93bcd5@group-8A9B2939D484-LeaderElection87] INFO  impl.RoleInfo (RoleInfo.java:shutdownLeaderElection(121)) - 69aff4e4-918e-4266-92c0-ec642b93bcd5: shutdown 69aff4e4-918e-4266-92c0-ec642b93bcd5@group-8A9B2939D484-LeaderElection87
2021-11-11 00:07:09,257 [69aff4e4-918e-4266-92c0-ec642b93bcd5@group-8A9B2939D484-LeaderElection87] INFO  server.RaftServer$Division (RaftServerImpl.java:setRole(290)) - 69aff4e4-918e-4266-92c0-ec642b93bcd5@group-8A9B2939D484: changes role from CANDIDATE to LEADER at term 1 for changeToLeader
2021-11-11 00:07:09,257 [69aff4e4-918e-4266-92c0-ec642b93bcd5@group-8A9B2939D484-LeaderElection87] INFO  ratis.XceiverServerRatis (XceiverServerRatis.java:handleLeaderChangedNotification(866)) - Leader change notification received for group: group-8A9B2939D484 with new leaderId: 69aff4e4-918e-4266-92c0-ec642b93bcd5
2021-11-11 00:07:09,262 [EventQueue-OpenPipelineForHealthyPipelineSafeModeRule] INFO  safemode.SCMSafeModeManager (HealthyPipelineSafeModeRule.java:process(124)) - SCM in safe mode. Healthy pipelines reported count is 0, required healthy pipeline reported count is 1
2021-11-11 00:07:09,264 [69aff4e4-918e-4266-92c0-ec642b93bcd5@group-8A9B2939D484-LeaderElection87] INFO  server.RaftServer$Division (ServerState.java:setLeader(285)) - 69aff4e4-918e-4266-92c0-ec642b93bcd5@group-8A9B2939D484: change Leader from null to 69aff4e4-918e-4266-92c0-ec642b93bcd5 at term 1 for becomeLeader, leader elected after 5226ms
2021-11-11 00:07:09,264 [69aff4e4-918e-4266-92c0-ec642b93bcd5@group-8A9B2939D484-LeaderElection87] INFO  server.RaftServerConfigKeys (ConfUtils.java:logGet(44)) - raft.server.staging.catchup.gap = 1000 (default)
2021-11-11 00:07:09,264 [69aff4e4-918e-4266-92c0-ec642b93bcd5@group-8A9B2939D484-LeaderElection87] INFO  server.RaftServerConfigKeys (ConfUtils.java:logGet(44)) - raft.server.write.element-limit = 1024 (custom)
2021-11-11 00:07:09,264 [69aff4e4-918e-4266-92c0-ec642b93bcd5@group-8A9B2939D484-LeaderElection87] INFO  server.RaftServerConfigKeys (ConfUtils.java:logGet(44)) - raft.server.write.byte-limit = 1024 M (=1073741824) (custom)
2021-11-11 00:07:09,265 [69aff4e4-918e-4266-92c0-ec642b93bcd5@group-8A9B2939D484-LeaderElection87] INFO  server.RaftServerConfigKeys (ConfUtils.java:logGet(44)) - raft.server.watch.timeout = 3000ms (custom)
2021-11-11 00:07:09,265 [69aff4e4-918e-4266-92c0-ec642b93bcd5@group-8A9B2939D484-LeaderElection87] INFO  server.RaftServerConfigKeys (ConfUtils.java:logGet(44)) - raft.server.watch.timeout.denomination = 1s (default)
2021-11-11 00:07:09,265 [69aff4e4-918e-4266-92c0-ec642b93bcd5@group-8A9B2939D484-LeaderElection87] INFO  server.RaftServerConfigKeys (ConfUtils.java:logGet(44)) - raft.server.watch.element-limit = 65536 (default)
2021-11-11 00:07:09,265 [69aff4e4-918e-4266-92c0-ec642b93bcd5@group-8A9B2939D484-LeaderElection87] INFO  server.RaftServerConfigKeys (ConfUtils.java:logGet(44)) - raft.server.write.element-limit = 1024 (custom)
2021-11-11 00:07:09,265 [69aff4e4-918e-4266-92c0-ec642b93bcd5@group-8A9B2939D484-LeaderElection87] INFO  server.RaftServerConfigKeys (ConfUtils.java:logGet(44)) - raft.server.write.follower.gap.ratio.max = -1.0 (default)
2021-11-11 00:07:09,265 [69aff4e4-918e-4266-92c0-ec642b93bcd5@group-8A9B2939D484-LeaderElection87] INFO  impl.RoleInfo (RoleInfo.java:updateAndGet(130)) - 69aff4e4-918e-4266-92c0-ec642b93bcd5: start 69aff4e4-918e-4266-92c0-ec642b93bcd5@group-8A9B2939D484-LeaderStateImpl
2021-11-11 00:07:09,266 [69aff4e4-918e-4266-92c0-ec642b93bcd5@group-8A9B2939D484-LeaderElection87] INFO  segmented.SegmentedRaftLogWorker (SegmentedRaftLogWorker.java:startLogSegment(394)) - 69aff4e4-918e-4266-92c0-ec642b93bcd5@group-8A9B2939D484-SegmentedRaftLogWorker: Starting segment from index:0
2021-11-11 00:07:09,269 [69aff4e4-918e-4266-92c0-ec642b93bcd5@group-8A9B2939D484-SegmentedRaftLogWorker] INFO  segmented.SegmentedRaftLogWorker (SegmentedRaftLogWorker.java:execute(601)) - 69aff4e4-918e-4266-92c0-ec642b93bcd5@group-8A9B2939D484-SegmentedRaftLogWorker: created new log segment /home/runner/work/ozone/ozone/hadoop-ozone/integration-test/target/test-dir/MiniOzoneClusterImpl-d5f2283b-1c97-4f43-babe-75a35a923614/datanode-8/data/ratis/55bd206c-c573-45bb-9c72-8a9b2939d484/current/log_inprogress_0
2021-11-11 00:07:09,286 [69aff4e4-918e-4266-92c0-ec642b93bcd5@group-8A9B2939D484-LeaderElection87] INFO  server.RaftServer$Division (ServerState.java:setRaftConf(387)) - 69aff4e4-918e-4266-92c0-ec642b93bcd5@group-8A9B2939D484: set configuration 0: [69aff4e4-918e-4266-92c0-ec642b93bcd5|rpc:10.1.0.10:41107|dataStream:|priority:1], old=null
2021-11-11 00:07:09,979 [Listener at 127.0.0.1/36803] INFO  ozone.MiniOzoneClusterImpl (MiniOzoneClusterImpl.java:lambda$waitForClusterToBeReady$0(235)) - Nodes are ready. Got 9 of 9 DN Heartbeats.
2021-11-11 00:07:09,979 [Listener at 127.0.0.1/36803] INFO  ozone.MiniOzoneClusterImpl (MiniOzoneClusterImpl.java:lambda$waitForClusterToBeReady$0(238)) - Waiting for cluster to exit safe mode
2021-11-11 00:07:09,979 [Listener at 127.0.0.1/36803] INFO  ozone.MiniOzoneClusterImpl (MiniOzoneClusterImpl.java:lambda$waitForClusterToBeReady$0(240)) - SCM became leader
2021-11-11 00:07:10,569 [e5ed6742-d51a-4f99-aebb-54e43bc29342@group-D18AC6807E55-FollowerState] INFO  impl.FollowerState (FollowerState.java:run(134)) - e5ed6742-d51a-4f99-aebb-54e43bc29342@group-D18AC6807E55-FollowerState: change to CANDIDATE, lastRpcElapsedTime:5038057254ns, electionTimeout:5035ms
2021-11-11 00:07:10,570 [e5ed6742-d51a-4f99-aebb-54e43bc29342@group-D18AC6807E55-FollowerState] INFO  impl.RoleInfo (RoleInfo.java:shutdownFollowerState(108)) - e5ed6742-d51a-4f99-aebb-54e43bc29342: shutdown e5ed6742-d51a-4f99-aebb-54e43bc29342@group-D18AC6807E55-FollowerState
2021-11-11 00:07:10,570 [e5ed6742-d51a-4f99-aebb-54e43bc29342@group-D18AC6807E55-FollowerState] INFO  server.RaftServer$Division (RaftServerImpl.java:setRole(290)) - e5ed6742-d51a-4f99-aebb-54e43bc29342@group-D18AC6807E55: changes role from  FOLLOWER to CANDIDATE at term 1 for changeToCandidate
2021-11-11 00:07:10,570 [e5ed6742-d51a-4f99-aebb-54e43bc29342@group-D18AC6807E55-FollowerState] INFO  server.RaftServerConfigKeys (ConfUtils.java:logGet(44)) - raft.server.leaderelection.pre-vote = false (custom)
2021-11-11 00:07:10,570 [e5ed6742-d51a-4f99-aebb-54e43bc29342@group-D18AC6807E55-FollowerState] INFO  impl.RoleInfo (RoleInfo.java:updateAndGet(130)) - e5ed6742-d51a-4f99-aebb-54e43bc29342: start e5ed6742-d51a-4f99-aebb-54e43bc29342@group-D18AC6807E55-LeaderElection88
2021-11-11 00:07:10,572 [e5ed6742-d51a-4f99-aebb-54e43bc29342@group-D18AC6807E55-LeaderElection88] INFO  impl.LeaderElection (LeaderElection.java:askForVotes(306)) - e5ed6742-d51a-4f99-aebb-54e43bc29342@group-D18AC6807E55-LeaderElection88 ELECTION round 0: submit vote requests at term 2 for -1: [0d2fb367-afe0-4be7-ae24-70cd5e1a0313|rpc:10.1.0.10:34699|dataStream:|priority:0, e5ed6742-d51a-4f99-aebb-54e43bc29342|rpc:10.1.0.10:41847|dataStream:|priority:1, 5b650bcb-8111-473c-88bf-b7649abefc48|rpc:10.1.0.10:34803|dataStream:|priority:0], old=null
2021-11-11 00:07:10,612 [0d2fb367-afe0-4be7-ae24-70cd5e1a0313@group-D18AC6807E55-FollowerState] INFO  impl.FollowerState (FollowerState.java:run(134)) - 0d2fb367-afe0-4be7-ae24-70cd5e1a0313@group-D18AC6807E55-FollowerState: change to CANDIDATE, lastRpcElapsedTime:5072517180ns, electionTimeout:5069ms
2021-11-11 00:07:10,612 [0d2fb367-afe0-4be7-ae24-70cd5e1a0313@group-D18AC6807E55-FollowerState] INFO  impl.RoleInfo (RoleInfo.java:shutdownFollowerState(108)) - 0d2fb367-afe0-4be7-ae24-70cd5e1a0313: shutdown 0d2fb367-afe0-4be7-ae24-70cd5e1a0313@group-D18AC6807E55-FollowerState
2021-11-11 00:07:10,612 [0d2fb367-afe0-4be7-ae24-70cd5e1a0313@group-D18AC6807E55-FollowerState] INFO  server.RaftServer$Division (RaftServerImpl.java:setRole(290)) - 0d2fb367-afe0-4be7-ae24-70cd5e1a0313@group-D18AC6807E55: changes role from  FOLLOWER to CANDIDATE at term 1 for changeToCandidate
2021-11-11 00:07:10,612 [0d2fb367-afe0-4be7-ae24-70cd5e1a0313@group-D18AC6807E55-FollowerState] INFO  server.RaftServerConfigKeys (ConfUtils.java:logGet(44)) - raft.server.leaderelection.pre-vote = false (custom)
2021-11-11 00:07:10,612 [0d2fb367-afe0-4be7-ae24-70cd5e1a0313@group-D18AC6807E55-FollowerState] INFO  impl.RoleInfo (RoleInfo.java:updateAndGet(130)) - 0d2fb367-afe0-4be7-ae24-70cd5e1a0313: start 0d2fb367-afe0-4be7-ae24-70cd5e1a0313@group-D18AC6807E55-LeaderElection89
2021-11-11 00:07:10,615 [0d2fb367-afe0-4be7-ae24-70cd5e1a0313@group-D18AC6807E55-LeaderElection89] INFO  impl.LeaderElection (LeaderElection.java:askForVotes(306)) - 0d2fb367-afe0-4be7-ae24-70cd5e1a0313@group-D18AC6807E55-LeaderElection89 ELECTION round 0: submit vote requests at term 2 for -1: [0d2fb367-afe0-4be7-ae24-70cd5e1a0313|rpc:10.1.0.10:34699|priority:0, e5ed6742-d51a-4f99-aebb-54e43bc29342|rpc:10.1.0.10:41847|priority:1, 5b650bcb-8111-473c-88bf-b7649abefc48|rpc:10.1.0.10:34803|priority:0], old=null
2021-11-11 00:07:10,622 [grpc-default-executor-0] INFO  server.RaftServer$Division (RaftServerImpl.java:requestVote(1046)) - 0d2fb367-afe0-4be7-ae24-70cd5e1a0313@group-D18AC6807E55: receive requestVote(ELECTION, e5ed6742-d51a-4f99-aebb-54e43bc29342, group-D18AC6807E55, 2, (t:0, i:0))
2021-11-11 00:07:10,622 [grpc-default-executor-0] INFO  impl.VoteContext (VoteContext.java:log(48)) - 0d2fb367-afe0-4be7-ae24-70cd5e1a0313@group-D18AC6807E55-CANDIDATE: reject ELECTION from e5ed6742-d51a-4f99-aebb-54e43bc29342: already has voted for 0d2fb367-afe0-4be7-ae24-70cd5e1a0313 at current term 2
2021-11-11 00:07:10,622 [grpc-default-executor-0] INFO  server.RaftServer$Division (RaftServerImpl.java:requestVote(1078)) - 0d2fb367-afe0-4be7-ae24-70cd5e1a0313@group-D18AC6807E55 replies to ELECTION vote request: e5ed6742-d51a-4f99-aebb-54e43bc29342<-0d2fb367-afe0-4be7-ae24-70cd5e1a0313#0:FAIL-t2. Peer's state: 0d2fb367-afe0-4be7-ae24-70cd5e1a0313@group-D18AC6807E55:t2, leader=null, voted=0d2fb367-afe0-4be7-ae24-70cd5e1a0313, raftlog=0d2fb367-afe0-4be7-ae24-70cd5e1a0313@group-D18AC6807E55-SegmentedRaftLog:OPENED:c-1, conf=-1: [0d2fb367-afe0-4be7-ae24-70cd5e1a0313|rpc:10.1.0.10:34699|priority:0, e5ed6742-d51a-4f99-aebb-54e43bc29342|rpc:10.1.0.10:41847|priority:1, 5b650bcb-8111-473c-88bf-b7649abefc48|rpc:10.1.0.10:34803|priority:0], old=null
2021-11-11 00:07:10,633 [grpc-default-executor-3] INFO  server.RaftServer$Division (RaftServerImpl.java:requestVote(1046)) - e5ed6742-d51a-4f99-aebb-54e43bc29342@group-D18AC6807E55: receive requestVote(ELECTION, 0d2fb367-afe0-4be7-ae24-70cd5e1a0313, group-D18AC6807E55, 2, (t:0, i:0))
2021-11-11 00:07:10,633 [grpc-default-executor-3] INFO  impl.VoteContext (VoteContext.java:log(48)) - e5ed6742-d51a-4f99-aebb-54e43bc29342@group-D18AC6807E55-CANDIDATE: reject ELECTION from 0d2fb367-afe0-4be7-ae24-70cd5e1a0313: already has voted for e5ed6742-d51a-4f99-aebb-54e43bc29342 at current term 2
2021-11-11 00:07:10,633 [grpc-default-executor-3] INFO  server.RaftServer$Division (RaftServerImpl.java:requestVote(1078)) - e5ed6742-d51a-4f99-aebb-54e43bc29342@group-D18AC6807E55 replies to ELECTION vote request: 0d2fb367-afe0-4be7-ae24-70cd5e1a0313<-e5ed6742-d51a-4f99-aebb-54e43bc29342#0:FAIL-t2. Peer's state: e5ed6742-d51a-4f99-aebb-54e43bc29342@group-D18AC6807E55:t2, leader=null, voted=e5ed6742-d51a-4f99-aebb-54e43bc29342, raftlog=e5ed6742-d51a-4f99-aebb-54e43bc29342@group-D18AC6807E55-SegmentedRaftLog:OPENED:c-1, conf=-1: [0d2fb367-afe0-4be7-ae24-70cd5e1a0313|rpc:10.1.0.10:34699|dataStream:|priority:0, e5ed6742-d51a-4f99-aebb-54e43bc29342|rpc:10.1.0.10:41847|dataStream:|priority:1, 5b650bcb-8111-473c-88bf-b7649abefc48|rpc:10.1.0.10:34803|dataStream:|priority:0], old=null
2021-11-11 00:07:10,634 [grpc-default-executor-6] INFO  server.RaftServer$Division (RaftServerImpl.java:requestVote(1046)) - 5b650bcb-8111-473c-88bf-b7649abefc48@group-D18AC6807E55: receive requestVote(ELECTION, e5ed6742-d51a-4f99-aebb-54e43bc29342, group-D18AC6807E55, 2, (t:0, i:0))
2021-11-11 00:07:10,634 [grpc-default-executor-0] INFO  server.RaftServer$Division (RaftServerImpl.java:requestVote(1046)) - 5b650bcb-8111-473c-88bf-b7649abefc48@group-D18AC6807E55: receive requestVote(ELECTION, 0d2fb367-afe0-4be7-ae24-70cd5e1a0313, group-D18AC6807E55, 2, (t:0, i:0))
2021-11-11 00:07:10,635 [0d2fb367-afe0-4be7-ae24-70cd5e1a0313@group-D18AC6807E55-LeaderElection89] INFO  impl.LeaderElection (LeaderElection.java:logAndReturn(89)) - 0d2fb367-afe0-4be7-ae24-70cd5e1a0313@group-D18AC6807E55-LeaderElection89: ELECTION REJECTED received 1 response(s) and 0 exception(s):
2021-11-11 00:07:10,635 [0d2fb367-afe0-4be7-ae24-70cd5e1a0313@group-D18AC6807E55-LeaderElection89] INFO  impl.LeaderElection (LeaderElection.java:logAndReturn(93)) -   Response 0: 0d2fb367-afe0-4be7-ae24-70cd5e1a0313<-e5ed6742-d51a-4f99-aebb-54e43bc29342#0:FAIL-t2
2021-11-11 00:07:10,635 [0d2fb367-afe0-4be7-ae24-70cd5e1a0313@group-D18AC6807E55-LeaderElection89] INFO  impl.LeaderElection (LeaderElection.java:askForVotes(308)) - 0d2fb367-afe0-4be7-ae24-70cd5e1a0313@group-D18AC6807E55-LeaderElection89 ELECTION round 0: result REJECTED
2021-11-11 00:07:10,635 [0d2fb367-afe0-4be7-ae24-70cd5e1a0313@group-D18AC6807E55-LeaderElection89] INFO  server.RaftServer$Division (RaftServerImpl.java:setRole(290)) - 0d2fb367-afe0-4be7-ae24-70cd5e1a0313@group-D18AC6807E55: changes role from CANDIDATE to FOLLOWER at term 2 for REJECTED
2021-11-11 00:07:10,635 [0d2fb367-afe0-4be7-ae24-70cd5e1a0313@group-D18AC6807E55-LeaderElection89] INFO  impl.RoleInfo (RoleInfo.java:shutdownLeaderElection(121)) - 0d2fb367-afe0-4be7-ae24-70cd5e1a0313: shutdown 0d2fb367-afe0-4be7-ae24-70cd5e1a0313@group-D18AC6807E55-LeaderElection89
2021-11-11 00:07:10,635 [0d2fb367-afe0-4be7-ae24-70cd5e1a0313@group-D18AC6807E55-LeaderElection89] INFO  impl.RoleInfo (RoleInfo.java:updateAndGet(130)) - 0d2fb367-afe0-4be7-ae24-70cd5e1a0313: start 0d2fb367-afe0-4be7-ae24-70cd5e1a0313@group-D18AC6807E55-FollowerState
2021-11-11 00:07:10,652 [grpc-default-executor-6] INFO  impl.VoteContext (VoteContext.java:log(48)) - 5b650bcb-8111-473c-88bf-b7649abefc48@group-D18AC6807E55-FOLLOWER: accept ELECTION from e5ed6742-d51a-4f99-aebb-54e43bc29342: our priority 0 <= candidate's priority 1
2021-11-11 00:07:10,652 [grpc-default-executor-6] INFO  server.RaftServer$Division (RaftServerImpl.java:setRole(290)) - 5b650bcb-8111-473c-88bf-b7649abefc48@group-D18AC6807E55: changes role from  FOLLOWER to FOLLOWER at term 2 for candidate:e5ed6742-d51a-4f99-aebb-54e43bc29342
2021-11-11 00:07:10,652 [grpc-default-executor-6] INFO  impl.RoleInfo (RoleInfo.java:shutdownFollowerState(108)) - 5b650bcb-8111-473c-88bf-b7649abefc48: shutdown 5b650bcb-8111-473c-88bf-b7649abefc48@group-D18AC6807E55-FollowerState
2021-11-11 00:07:10,652 [grpc-default-executor-6] INFO  impl.RoleInfo (RoleInfo.java:updateAndGet(130)) - 5b650bcb-8111-473c-88bf-b7649abefc48: start 5b650bcb-8111-473c-88bf-b7649abefc48@group-D18AC6807E55-FollowerState
2021-11-11 00:07:10,654 [grpc-default-executor-6] INFO  server.RaftServer$Division (RaftServerImpl.java:requestVote(1078)) - 5b650bcb-8111-473c-88bf-b7649abefc48@group-D18AC6807E55 replies to ELECTION vote request: e5ed6742-d51a-4f99-aebb-54e43bc29342<-5b650bcb-8111-473c-88bf-b7649abefc48#0:OK-t2. Peer's state: 5b650bcb-8111-473c-88bf-b7649abefc48@group-D18AC6807E55:t2, leader=null, voted=e5ed6742-d51a-4f99-aebb-54e43bc29342, raftlog=5b650bcb-8111-473c-88bf-b7649abefc48@group-D18AC6807E55-SegmentedRaftLog:OPENED:c-1, conf=-1: [0d2fb367-afe0-4be7-ae24-70cd5e1a0313|rpc:10.1.0.10:34699|dataStream:|priority:0, e5ed6742-d51a-4f99-aebb-54e43bc29342|rpc:10.1.0.10:41847|dataStream:|priority:1, 5b650bcb-8111-473c-88bf-b7649abefc48|rpc:10.1.0.10:34803|dataStream:|priority:0], old=null
2021-11-11 00:07:10,654 [5b650bcb-8111-473c-88bf-b7649abefc48@group-D18AC6807E55-FollowerState] INFO  impl.FollowerState (FollowerState.java:run(134)) - 5b650bcb-8111-473c-88bf-b7649abefc48@group-D18AC6807E55-FollowerState: change to CANDIDATE, lastRpcElapsedTime:5135995127ns, electionTimeout:5125ms
2021-11-11 00:07:10,654 [5b650bcb-8111-473c-88bf-b7649abefc48@group-D18AC6807E55-FollowerState] INFO  impl.RoleInfo (RoleInfo.java:shutdownFollowerState(108)) - 5b650bcb-8111-473c-88bf-b7649abefc48: shutdown 5b650bcb-8111-473c-88bf-b7649abefc48@group-D18AC6807E55-FollowerState
2021-11-11 00:07:10,654 [5b650bcb-8111-473c-88bf-b7649abefc48@group-D18AC6807E55-FollowerState] INFO  server.RaftServer$Division (RaftServerImpl.java:setRole(290)) - 5b650bcb-8111-473c-88bf-b7649abefc48@group-D18AC6807E55: changes role from  FOLLOWER to CANDIDATE at term 2 for changeToCandidate
2021-11-11 00:07:10,654 [5b650bcb-8111-473c-88bf-b7649abefc48@group-D18AC6807E55-FollowerState] INFO  server.RaftServerConfigKeys (ConfUtils.java:logGet(44)) - raft.server.leaderelection.pre-vote = false (custom)
2021-11-11 00:07:10,655 [5b650bcb-8111-473c-88bf-b7649abefc48@group-D18AC6807E55-FollowerState] INFO  impl.RoleInfo (RoleInfo.java:updateAndGet(130)) - 5b650bcb-8111-473c-88bf-b7649abefc48: start 5b650bcb-8111-473c-88bf-b7649abefc48@group-D18AC6807E55-LeaderElection90
2021-11-11 00:07:10,655 [5b650bcb-8111-473c-88bf-b7649abefc48@group-D18AC6807E55-FollowerState] INFO  impl.FollowerState (FollowerState.java:run(143)) - 5b650bcb-8111-473c-88bf-b7649abefc48@group-D18AC6807E55-FollowerState was interrupted: {}
java.lang.InterruptedException: sleep interrupted
	at java.lang.Thread.sleep(Native Method)
	at java.lang.Thread.sleep(Thread.java:340)
	at java.util.concurrent.TimeUnit.sleep(TimeUnit.java:386)
	at org.apache.ratis.util.TimeDuration.sleep(TimeDuration.java:324)
	at org.apache.ratis.util.TimeDuration.sleep(TimeDuration.java:309)
	at org.apache.ratis.server.impl.FollowerState.run(FollowerState.java:118)
2021-11-11 00:07:10,658 [grpc-default-executor-0] INFO  impl.VoteContext (VoteContext.java:log(48)) - 5b650bcb-8111-473c-88bf-b7649abefc48@group-D18AC6807E55-CANDIDATE: reject ELECTION from 0d2fb367-afe0-4be7-ae24-70cd5e1a0313: already has voted for e5ed6742-d51a-4f99-aebb-54e43bc29342 at current term 2
2021-11-11 00:07:10,658 [grpc-default-executor-0] INFO  server.RaftServer$Division (RaftServerImpl.java:requestVote(1078)) - 5b650bcb-8111-473c-88bf-b7649abefc48@group-D18AC6807E55 replies to ELECTION vote request: 0d2fb367-afe0-4be7-ae24-70cd5e1a0313<-5b650bcb-8111-473c-88bf-b7649abefc48#0:FAIL-t2. Peer's state: 5b650bcb-8111-473c-88bf-b7649abefc48@group-D18AC6807E55:t2, leader=null, voted=e5ed6742-d51a-4f99-aebb-54e43bc29342, raftlog=5b650bcb-8111-473c-88bf-b7649abefc48@group-D18AC6807E55-SegmentedRaftLog:OPENED:c-1, conf=-1: [0d2fb367-afe0-4be7-ae24-70cd5e1a0313|rpc:10.1.0.10:34699|dataStream:|priority:0, e5ed6742-d51a-4f99-aebb-54e43bc29342|rpc:10.1.0.10:41847|dataStream:|priority:1, 5b650bcb-8111-473c-88bf-b7649abefc48|rpc:10.1.0.10:34803|dataStream:|priority:0], old=null
2021-11-11 00:07:10,660 [5b650bcb-8111-473c-88bf-b7649abefc48@group-D18AC6807E55-LeaderElection90] INFO  impl.LeaderElection (LeaderElection.java:askForVotes(306)) - 5b650bcb-8111-473c-88bf-b7649abefc48@group-D18AC6807E55-LeaderElection90 ELECTION round 0: submit vote requests at term 3 for -1: [0d2fb367-afe0-4be7-ae24-70cd5e1a0313|rpc:10.1.0.10:34699|dataStream:|priority:0, e5ed6742-d51a-4f99-aebb-54e43bc29342|rpc:10.1.0.10:41847|dataStream:|priority:1, 5b650bcb-8111-473c-88bf-b7649abefc48|rpc:10.1.0.10:34803|dataStream:|priority:0], old=null
2021-11-11 00:07:10,693 [e5ed6742-d51a-4f99-aebb-54e43bc29342@group-D18AC6807E55-LeaderElection88] INFO  impl.LeaderElection (LeaderElection.java:logAndReturn(89)) - e5ed6742-d51a-4f99-aebb-54e43bc29342@group-D18AC6807E55-LeaderElection88: ELECTION PASSED received 2 response(s) and 0 exception(s):
2021-11-11 00:07:10,693 [e5ed6742-d51a-4f99-aebb-54e43bc29342@group-D18AC6807E55-LeaderElection88] INFO  impl.LeaderElection (LeaderElection.java:logAndReturn(93)) -   Response 0: e5ed6742-d51a-4f99-aebb-54e43bc29342<-0d2fb367-afe0-4be7-ae24-70cd5e1a0313#0:FAIL-t2
2021-11-11 00:07:10,693 [e5ed6742-d51a-4f99-aebb-54e43bc29342@group-D18AC6807E55-LeaderElection88] INFO  impl.LeaderElection (LeaderElection.java:logAndReturn(93)) -   Response 1: e5ed6742-d51a-4f99-aebb-54e43bc29342<-5b650bcb-8111-473c-88bf-b7649abefc48#0:OK-t2
2021-11-11 00:07:10,693 [e5ed6742-d51a-4f99-aebb-54e43bc29342@group-D18AC6807E55-LeaderElection88] INFO  impl.LeaderElection (LeaderElection.java:askForVotes(308)) - e5ed6742-d51a-4f99-aebb-54e43bc29342@group-D18AC6807E55-LeaderElection88 ELECTION round 0: result PASSED
2021-11-11 00:07:10,693 [e5ed6742-d51a-4f99-aebb-54e43bc29342@group-D18AC6807E55-LeaderElection88] INFO  impl.RoleInfo (RoleInfo.java:shutdownLeaderElection(121)) - e5ed6742-d51a-4f99-aebb-54e43bc29342: shutdown e5ed6742-d51a-4f99-aebb-54e43bc29342@group-D18AC6807E55-LeaderElection88
2021-11-11 00:07:10,693 [e5ed6742-d51a-4f99-aebb-54e43bc29342@group-D18AC6807E55-LeaderElection88] INFO  server.RaftServer$Division (RaftServerImpl.java:setRole(290)) - e5ed6742-d51a-4f99-aebb-54e43bc29342@group-D18AC6807E55: changes role from CANDIDATE to LEADER at term 2 for changeToLeader
2021-11-11 00:07:10,693 [e5ed6742-d51a-4f99-aebb-54e43bc29342@group-D18AC6807E55-LeaderElection88] INFO  ratis.XceiverServerRatis (XceiverServerRatis.java:handleLeaderChangedNotification(866)) - Leader change notification received for group: group-D18AC6807E55 with new leaderId: e5ed6742-d51a-4f99-aebb-54e43bc29342
2021-11-11 00:07:10,693 [e5ed6742-d51a-4f99-aebb-54e43bc29342@group-D18AC6807E55-LeaderElection88] INFO  server.RaftServer$Division (ServerState.java:setLeader(285)) - e5ed6742-d51a-4f99-aebb-54e43bc29342@group-D18AC6807E55: change Leader from null to e5ed6742-d51a-4f99-aebb-54e43bc29342 at term 2 for becomeLeader, leader elected after 10291ms
2021-11-11 00:07:10,693 [e5ed6742-d51a-4f99-aebb-54e43bc29342@group-D18AC6807E55-LeaderElection88] INFO  server.RaftServerConfigKeys (ConfUtils.java:logGet(44)) - raft.server.staging.catchup.gap = 1000 (default)
2021-11-11 00:07:10,694 [e5ed6742-d51a-4f99-aebb-54e43bc29342@group-D18AC6807E55-LeaderElection88] INFO  server.RaftServerConfigKeys (ConfUtils.java:logGet(44)) - raft.server.write.element-limit = 1024 (custom)
2021-11-11 00:07:10,694 [e5ed6742-d51a-4f99-aebb-54e43bc29342@group-D18AC6807E55-LeaderElection88] INFO  server.RaftServerConfigKeys (ConfUtils.java:logGet(44)) - raft.server.write.byte-limit = 1024 M (=1073741824) (custom)
2021-11-11 00:07:10,694 [e5ed6742-d51a-4f99-aebb-54e43bc29342@group-D18AC6807E55-LeaderElection88] INFO  server.RaftServerConfigKeys (ConfUtils.java:logGet(44)) - raft.server.watch.timeout = 3000ms (custom)
2021-11-11 00:07:10,694 [e5ed6742-d51a-4f99-aebb-54e43bc29342@group-D18AC6807E55-LeaderElection88] INFO  server.RaftServerConfigKeys (ConfUtils.java:logGet(44)) - raft.server.watch.timeout.denomination = 1s (default)
2021-11-11 00:07:10,695 [e5ed6742-d51a-4f99-aebb-54e43bc29342@group-D18AC6807E55-LeaderElection88] INFO  server.RaftServerConfigKeys (ConfUtils.java:logGet(44)) - raft.server.watch.element-limit = 65536 (default)
2021-11-11 00:07:10,695 [e5ed6742-d51a-4f99-aebb-54e43bc29342@group-D18AC6807E55-LeaderElection88] INFO  server.RaftServerConfigKeys (ConfUtils.java:logGet(44)) - raft.server.write.element-limit = 1024 (custom)
2021-11-11 00:07:10,695 [e5ed6742-d51a-4f99-aebb-54e43bc29342@group-D18AC6807E55-LeaderElection88] INFO  server.RaftServerConfigKeys (ConfUtils.java:logGet(44)) - raft.server.write.follower.gap.ratio.max = -1.0 (default)
2021-11-11 00:07:10,695 [e5ed6742-d51a-4f99-aebb-54e43bc29342@group-D18AC6807E55-LeaderElection88] INFO  server.RaftServerConfigKeys (ConfUtils.java:logGet(44)) - raft.server.log.appender.snapshot.chunk.size.max = 16MB (=16777216) (default)
2021-11-11 00:07:10,695 [e5ed6742-d51a-4f99-aebb-54e43bc29342@group-D18AC6807E55-LeaderElection88] INFO  server.RaftServerConfigKeys (ConfUtils.java:logGet(44)) - raft.server.log.appender.buffer.byte-limit = 33554432 (custom)
2021-11-11 00:07:10,695 [e5ed6742-d51a-4f99-aebb-54e43bc29342@group-D18AC6807E55-LeaderElection88] INFO  server.RaftServerConfigKeys (ConfUtils.java:logGet(44)) - raft.server.log.appender.buffer.element-limit = 1 (custom)
2021-11-11 00:07:10,695 [e5ed6742-d51a-4f99-aebb-54e43bc29342@group-D18AC6807E55-LeaderElection88] INFO  grpc.GrpcConfigKeys (ConfUtils.java:logGet(44)) - raft.grpc.server.leader.outstanding.appends.max = 128 (default)
2021-11-11 00:07:10,695 [e5ed6742-d51a-4f99-aebb-54e43bc29342@group-D18AC6807E55-LeaderElection88] INFO  server.RaftServerConfigKeys (ConfUtils.java:logGet(44)) - raft.server.rpc.request.timeout = 3000ms (default)
2021-11-11 00:07:10,695 [e5ed6742-d51a-4f99-aebb-54e43bc29342@group-D18AC6807E55-LeaderElection88] INFO  server.RaftServerConfigKeys (ConfUtils.java:logGet(44)) - raft.server.log.appender.install.snapshot.enabled = false (custom)
2021-11-11 00:07:10,717 [grpc-default-executor-0] INFO  server.RaftServer$Division (RaftServerImpl.java:requestVote(1046)) - e5ed6742-d51a-4f99-aebb-54e43bc29342@group-D18AC6807E55: receive requestVote(ELECTION, 5b650bcb-8111-473c-88bf-b7649abefc48, group-D18AC6807E55, 3, (t:0, i:0))
2021-11-11 00:07:10,738 [EventQueue-PipelineReportForPipelineReportHandler] INFO  pipeline.PipelineManagerImpl (PipelineManagerImpl.java:openPipeline(289)) - Pipeline Pipeline[ Id: f46ad258-11d7-4282-b328-d18ac6807e55, Nodes: e5ed6742-d51a-4f99-aebb-54e43bc29342{ip: 10.1.0.10, host: fv-az151-339.yf2hydr00wburbhx3j5hxtcipe.bx.internal.cloudapp.net, ports: [REPLICATION=41807, RATIS=41847, RATIS_ADMIN=41847, RATIS_SERVER=41847, STANDALONE=43099], networkLocation: /default-rack, certSerialId: null, persistedOpState: IN_SERVICE, persistedOpStateExpiryEpochSec: 0}5b650bcb-8111-473c-88bf-b7649abefc48{ip: 10.1.0.10, host: fv-az151-339.yf2hydr00wburbhx3j5hxtcipe.bx.internal.cloudapp.net, ports: [REPLICATION=44417, RATIS=34803, RATIS_ADMIN=34803, RATIS_SERVER=34803, STANDALONE=40261], networkLocation: /default-rack, certSerialId: null, persistedOpState: IN_SERVICE, persistedOpStateExpiryEpochSec: 0}0d2fb367-afe0-4be7-ae24-70cd5e1a0313{ip: 10.1.0.10, host: fv-az151-339.yf2hydr00wburbhx3j5hxtcipe.bx.internal.cloudapp.net, ports: [REPLICATION=46213, RATIS=34699, RATIS_ADMIN=34699, RATIS_SERVER=34699, STANDALONE=44495], networkLocation: /default-rack, certSerialId: null, persistedOpState: IN_SERVICE, persistedOpStateExpiryEpochSec: 0}, ReplicationConfig: RATIS/THREE, State:ALLOCATED, leaderId:e5ed6742-d51a-4f99-aebb-54e43bc29342, CreationTimestamp2021-11-11T00:06:58.350Z[Etc/UTC]] moved to OPEN state
2021-11-11 00:07:10,738 [EventQueue-OpenPipelineForHealthyPipelineSafeModeRule] INFO  safemode.SCMSafeModeManager (HealthyPipelineSafeModeRule.java:process(124)) - SCM in safe mode. Healthy pipelines reported count is 1, required healthy pipeline reported count is 1
2021-11-11 00:07:10,739 [EventQueue-OpenPipelineForHealthyPipelineSafeModeRule] INFO  safemode.SCMSafeModeManager (SCMSafeModeManager.java:validateSafeModeExitRules(204)) - HealthyPipelineSafeModeRule rule is successfully validated
2021-11-11 00:07:10,739 [EventQueue-OpenPipelineForHealthyPipelineSafeModeRule] INFO  safemode.SCMSafeModeManager (SCMSafeModeManager.java:validateSafeModeExitRules(219)) - ScmSafeModeManager, all rules are successfully validated
2021-11-11 00:07:10,739 [EventQueue-OpenPipelineForHealthyPipelineSafeModeRule] INFO  safemode.SCMSafeModeManager (SCMSafeModeManager.java:exitSafeMode(248)) - SCM exiting safe mode.
2021-11-11 00:07:10,739 [EventQueue-OpenPipelineForHealthyPipelineSafeModeRule] WARN  events.EventQueue (EventQueue.java:fireEvent(194)) - No event handler registered for event TypedEvent{payloadType=SafeModeStatus, name='Safe mode status'}
2021-11-11 00:07:10,739 [EventQueue-OpenPipelineForHealthyPipelineSafeModeRule] INFO  ha.SCMContext (SCMContext.java:updateSafeModeStatus(205)) - Update SafeModeStatus from SafeModeStatus{safeModeStatus=true, preCheckPassed=true} to SafeModeStatus{safeModeStatus=false, preCheckPassed=true}.
2021-11-11 00:07:10,739 [EventQueue-OpenPipelineForHealthyPipelineSafeModeRule] INFO  pipeline.BackgroundPipelineCreator (BackgroundPipelineCreator.java:notifyStatusChanged(264)) - Service BackgroundPipelineCreator transitions to RUNNING.
2021-11-11 00:07:10,739 [EventQueue-OpenPipelineForHealthyPipelineSafeModeRule] INFO  container.ReplicationManager (ReplicationManager.java:notifyStatusChanged(1746)) - Service ReplicationManager transitions to RUNNING.
2021-11-11 00:07:10,753 [grpc-default-executor-6] INFO  server.RaftServer$Division (RaftServerImpl.java:requestVote(1046)) - 0d2fb367-afe0-4be7-ae24-70cd5e1a0313@group-D18AC6807E55: receive requestVote(ELECTION, 5b650bcb-8111-473c-88bf-b7649abefc48, group-D18AC6807E55, 3, (t:0, i:0))
2021-11-11 00:07:10,753 [grpc-default-executor-6] INFO  impl.VoteContext (VoteContext.java:log(48)) - 0d2fb367-afe0-4be7-ae24-70cd5e1a0313@group-D18AC6807E55-FOLLOWER: accept ELECTION from 5b650bcb-8111-473c-88bf-b7649abefc48: our priority 0 <= candidate's priority 0
2021-11-11 00:07:10,753 [grpc-default-executor-6] INFO  server.RaftServer$Division (RaftServerImpl.java:setRole(290)) - 0d2fb367-afe0-4be7-ae24-70cd5e1a0313@group-D18AC6807E55: changes role from  FOLLOWER to FOLLOWER at term 3 for candidate:5b650bcb-8111-473c-88bf-b7649abefc48
2021-11-11 00:07:10,753 [grpc-default-executor-6] INFO  impl.RoleInfo (RoleInfo.java:shutdownFollowerState(108)) - 0d2fb367-afe0-4be7-ae24-70cd5e1a0313: shutdown 0d2fb367-afe0-4be7-ae24-70cd5e1a0313@group-D18AC6807E55-FollowerState
2021-11-11 00:07:10,753 [grpc-default-executor-6] INFO  impl.RoleInfo (RoleInfo.java:updateAndGet(130)) - 0d2fb367-afe0-4be7-ae24-70cd5e1a0313: start 0d2fb367-afe0-4be7-ae24-70cd5e1a0313@group-D18AC6807E55-FollowerState
2021-11-11 00:07:10,753 [0d2fb367-afe0-4be7-ae24-70cd5e1a0313@group-D18AC6807E55-FollowerState] INFO  impl.FollowerState (FollowerState.java:run(143)) - 0d2fb367-afe0-4be7-ae24-70cd5e1a0313@group-D18AC6807E55-FollowerState was interrupted: {}
java.lang.InterruptedException: sleep interrupted
	at java.lang.Thread.sleep(Native Method)
	at java.lang.Thread.sleep(Thread.java:340)
	at java.util.concurrent.TimeUnit.sleep(TimeUnit.java:386)
	at org.apache.ratis.util.TimeDuration.sleep(TimeDuration.java:324)
	at org.apache.ratis.util.TimeDuration.sleep(TimeDuration.java:309)
	at org.apache.ratis.server.impl.FollowerState.run(FollowerState.java:118)
2021-11-11 00:07:10,754 [e5ed6742-d51a-4f99-aebb-54e43bc29342@group-D18AC6807E55-LeaderElection88] INFO  server.RaftServerConfigKeys (ConfUtils.java:logGet(44)) - raft.server.log.appender.snapshot.chunk.size.max = 16MB (=16777216) (default)
2021-11-11 00:07:10,754 [e5ed6742-d51a-4f99-aebb-54e43bc29342@group-D18AC6807E55-LeaderElection88] INFO  server.RaftServerConfigKeys (ConfUtils.java:logGet(44)) - raft.server.log.appender.buffer.byte-limit = 33554432 (custom)
2021-11-11 00:07:10,754 [e5ed6742-d51a-4f99-aebb-54e43bc29342@group-D18AC6807E55-LeaderElection88] INFO  server.RaftServerConfigKeys (ConfUtils.java:logGet(44)) - raft.server.log.appender.buffer.element-limit = 1 (custom)
2021-11-11 00:07:10,754 [e5ed6742-d51a-4f99-aebb-54e43bc29342@group-D18AC6807E55-LeaderElection88] INFO  grpc.GrpcConfigKeys (ConfUtils.java:logGet(44)) - raft.grpc.server.leader.outstanding.appends.max = 128 (default)
2021-11-11 00:07:10,754 [e5ed6742-d51a-4f99-aebb-54e43bc29342@group-D18AC6807E55-LeaderElection88] INFO  server.RaftServerConfigKeys (ConfUtils.java:logGet(44)) - raft.server.rpc.request.timeout = 3000ms (default)
2021-11-11 00:07:10,755 [e5ed6742-d51a-4f99-aebb-54e43bc29342@group-D18AC6807E55-LeaderElection88] INFO  server.RaftServerConfigKeys (ConfUtils.java:logGet(44)) - raft.server.log.appender.install.snapshot.enabled = false (custom)
2021-11-11 00:07:10,756 [e5ed6742-d51a-4f99-aebb-54e43bc29342@group-D18AC6807E55-LeaderElection88] INFO  impl.RoleInfo (RoleInfo.java:updateAndGet(130)) - e5ed6742-d51a-4f99-aebb-54e43bc29342: start e5ed6742-d51a-4f99-aebb-54e43bc29342@group-D18AC6807E55-LeaderStateImpl
2021-11-11 00:07:10,760 [grpc-default-executor-6] INFO  server.RaftServer$Division (RaftServerImpl.java:requestVote(1078)) - 0d2fb367-afe0-4be7-ae24-70cd5e1a0313@group-D18AC6807E55 replies to ELECTION vote request: 5b650bcb-8111-473c-88bf-b7649abefc48<-0d2fb367-afe0-4be7-ae24-70cd5e1a0313#0:OK-t3. Peer's state: 0d2fb367-afe0-4be7-ae24-70cd5e1a0313@group-D18AC6807E55:t3, leader=null, voted=5b650bcb-8111-473c-88bf-b7649abefc48, raftlog=0d2fb367-afe0-4be7-ae24-70cd5e1a0313@group-D18AC6807E55-SegmentedRaftLog:OPENED:c-1, conf=-1: [0d2fb367-afe0-4be7-ae24-70cd5e1a0313|rpc:10.1.0.10:34699|priority:0, e5ed6742-d51a-4f99-aebb-54e43bc29342|rpc:10.1.0.10:41847|priority:1, 5b650bcb-8111-473c-88bf-b7649abefc48|rpc:10.1.0.10:34803|priority:0], old=null
2021-11-11 00:07:10,762 [e5ed6742-d51a-4f99-aebb-54e43bc29342@group-D18AC6807E55-LeaderElection88] INFO  segmented.SegmentedRaftLogWorker (SegmentedRaftLogWorker.java:startLogSegment(394)) - e5ed6742-d51a-4f99-aebb-54e43bc29342@group-D18AC6807E55-SegmentedRaftLogWorker: Starting segment from index:0
2021-11-11 00:07:10,769 [e5ed6742-d51a-4f99-aebb-54e43bc29342@group-D18AC6807E55-SegmentedRaftLogWorker] INFO  segmented.SegmentedRaftLogWorker (SegmentedRaftLogWorker.java:execute(601)) - e5ed6742-d51a-4f99-aebb-54e43bc29342@group-D18AC6807E55-SegmentedRaftLogWorker: created new log segment /home/runner/work/ozone/ozone/hadoop-ozone/integration-test/target/test-dir/MiniOzoneClusterImpl-d5f2283b-1c97-4f43-babe-75a35a923614/datanode-2/data/ratis/f46ad258-11d7-4282-b328-d18ac6807e55/current/log_inprogress_0
2021-11-11 00:07:10,788 [e5ed6742-d51a-4f99-aebb-54e43bc29342@group-D18AC6807E55-LeaderElection88] INFO  server.RaftServer$Division (ServerState.java:setRaftConf(387)) - e5ed6742-d51a-4f99-aebb-54e43bc29342@group-D18AC6807E55: set configuration 0: [0d2fb367-afe0-4be7-ae24-70cd5e1a0313|rpc:10.1.0.10:34699|dataStream:|priority:0, e5ed6742-d51a-4f99-aebb-54e43bc29342|rpc:10.1.0.10:41847|dataStream:|priority:1, 5b650bcb-8111-473c-88bf-b7649abefc48|rpc:10.1.0.10:34803|dataStream:|priority:0], old=null
2021-11-11 00:07:10,788 [grpc-default-executor-0] INFO  impl.VoteContext (VoteContext.java:log(48)) - e5ed6742-d51a-4f99-aebb-54e43bc29342@group-D18AC6807E55-LEADER: reject ELECTION from 5b650bcb-8111-473c-88bf-b7649abefc48: our last entry (t:2, i:0) > candidate's last entry (t:0, i:0)
2021-11-11 00:07:10,788 [grpc-default-executor-0] INFO  server.RaftServer$Division (ServerState.java:setLeader(285)) - e5ed6742-d51a-4f99-aebb-54e43bc29342@group-D18AC6807E55: change Leader from e5ed6742-d51a-4f99-aebb-54e43bc29342 to null at term 3 for updateCurrentTerm
2021-11-11 00:07:10,788 [grpc-default-executor-0] INFO  server.RaftServer$Division (RaftServerImpl.java:setRole(290)) - e5ed6742-d51a-4f99-aebb-54e43bc29342@group-D18AC6807E55: changes role from    LEADER to FOLLOWER at term 3 for candidate:5b650bcb-8111-473c-88bf-b7649abefc48
2021-11-11 00:07:10,788 [grpc-default-executor-0] INFO  impl.RoleInfo (RoleInfo.java:shutdownLeaderState(91)) - e5ed6742-d51a-4f99-aebb-54e43bc29342: shutdown e5ed6742-d51a-4f99-aebb-54e43bc29342@group-D18AC6807E55-LeaderStateImpl
2021-11-11 00:07:10,789 [grpc-default-executor-0] INFO  impl.PendingRequests (PendingRequests.java:sendNotLeaderResponses(282)) - e5ed6742-d51a-4f99-aebb-54e43bc29342@group-D18AC6807E55-PendingRequests: sendNotLeaderResponses
2021-11-11 00:07:10,802 [grpc-default-executor-0] INFO  impl.RoleInfo (RoleInfo.java:updateAndGet(130)) - e5ed6742-d51a-4f99-aebb-54e43bc29342: start e5ed6742-d51a-4f99-aebb-54e43bc29342@group-D18AC6807E55-FollowerState
2021-11-11 00:07:10,802 [e5ed6742-d51a-4f99-aebb-54e43bc29342@group-D18AC6807E55->5b650bcb-8111-473c-88bf-b7649abefc48-GrpcLogAppender-LogAppenderDaemon] WARN  server.GrpcLogAppender (GrpcLogAppender.java:mayWait(177)) - e5ed6742-d51a-4f99-aebb-54e43bc29342@group-D18AC6807E55->5b650bcb-8111-473c-88bf-b7649abefc48-GrpcLogAppender: Wait interrupted by java.lang.InterruptedException
2021-11-11 00:07:10,803 [grpc-default-executor-3] INFO  server.GrpcServerProtocolService (GrpcServerProtocolService.java:onCompleted(140)) - 5b650bcb-8111-473c-88bf-b7649abefc48: Completed APPEND_ENTRIES, lastRequest: null
2021-11-11 00:07:10,837 [grpc-default-executor-0] INFO  server.RaftServer$Division (RaftServerImpl.java:requestVote(1078)) - e5ed6742-d51a-4f99-aebb-54e43bc29342@group-D18AC6807E55 replies to ELECTION vote request: 5b650bcb-8111-473c-88bf-b7649abefc48<-e5ed6742-d51a-4f99-aebb-54e43bc29342#0:FAIL-t3. Peer's state: e5ed6742-d51a-4f99-aebb-54e43bc29342@group-D18AC6807E55:t3, leader=null, voted=null, raftlog=e5ed6742-d51a-4f99-aebb-54e43bc29342@group-D18AC6807E55-SegmentedRaftLog:OPENED:c-1, conf=0: [0d2fb367-afe0-4be7-ae24-70cd5e1a0313|rpc:10.1.0.10:34699|dataStream:|priority:0, e5ed6742-d51a-4f99-aebb-54e43bc29342|rpc:10.1.0.10:41847|dataStream:|priority:1, 5b650bcb-8111-473c-88bf-b7649abefc48|rpc:10.1.0.10:34803|dataStream:|priority:0], old=null
2021-11-11 00:07:10,841 [grpc-default-executor-6] INFO  server.GrpcLogAppender (GrpcLogAppender.java:onCompleted(346)) - e5ed6742-d51a-4f99-aebb-54e43bc29342@group-D18AC6807E55->5b650bcb-8111-473c-88bf-b7649abefc48-AppendLogResponseHandler: follower responses appendEntries COMPLETED
2021-11-11 00:07:10,841 [grpc-default-executor-6] INFO  leader.FollowerInfo (FollowerInfoImpl.java:lambda$new$0(47)) - e5ed6742-d51a-4f99-aebb-54e43bc29342@group-D18AC6807E55->5b650bcb-8111-473c-88bf-b7649abefc48: nextIndex: updateUnconditionally 1 -> 0
2021-11-11 00:07:10,849 [5b650bcb-8111-473c-88bf-b7649abefc48@group-D18AC6807E55-LeaderElection90] INFO  impl.LeaderElection (LeaderElection.java:logAndReturn(89)) - 5b650bcb-8111-473c-88bf-b7649abefc48@group-D18AC6807E55-LeaderElection90: ELECTION REJECTED received 2 response(s) and 0 exception(s):
2021-11-11 00:07:10,850 [5b650bcb-8111-473c-88bf-b7649abefc48@group-D18AC6807E55-LeaderElection90] INFO  impl.LeaderElection (LeaderElection.java:logAndReturn(93)) -   Response 0: 5b650bcb-8111-473c-88bf-b7649abefc48<-0d2fb367-afe0-4be7-ae24-70cd5e1a0313#0:OK-t3
2021-11-11 00:07:10,850 [5b650bcb-8111-473c-88bf-b7649abefc48@group-D18AC6807E55-LeaderElection90] INFO  impl.LeaderElection (LeaderElection.java:logAndReturn(93)) -   Response 1: 5b650bcb-8111-473c-88bf-b7649abefc48<-e5ed6742-d51a-4f99-aebb-54e43bc29342#0:FAIL-t3
2021-11-11 00:07:10,850 [5b650bcb-8111-473c-88bf-b7649abefc48@group-D18AC6807E55-LeaderElection90] INFO  impl.LeaderElection (LeaderElection.java:askForVotes(308)) - 5b650bcb-8111-473c-88bf-b7649abefc48@group-D18AC6807E55-LeaderElection90 ELECTION round 0: result REJECTED
2021-11-11 00:07:10,850 [5b650bcb-8111-473c-88bf-b7649abefc48@group-D18AC6807E55-LeaderElection90] INFO  server.RaftServer$Division (RaftServerImpl.java:setRole(290)) - 5b650bcb-8111-473c-88bf-b7649abefc48@group-D18AC6807E55: changes role from CANDIDATE to FOLLOWER at term 3 for REJECTED
2021-11-11 00:07:10,850 [5b650bcb-8111-473c-88bf-b7649abefc48@group-D18AC6807E55-LeaderElection90] INFO  impl.RoleInfo (RoleInfo.java:shutdownLeaderElection(121)) - 5b650bcb-8111-473c-88bf-b7649abefc48: shutdown 5b650bcb-8111-473c-88bf-b7649abefc48@group-D18AC6807E55-LeaderElection90
2021-11-11 00:07:10,850 [5b650bcb-8111-473c-88bf-b7649abefc48@group-D18AC6807E55-LeaderElection90] INFO  impl.RoleInfo (RoleInfo.java:updateAndGet(130)) - 5b650bcb-8111-473c-88bf-b7649abefc48: start 5b650bcb-8111-473c-88bf-b7649abefc48@group-D18AC6807E55-FollowerState
2021-11-11 00:07:10,979 [Listener at 127.0.0.1/36803] INFO  ozone.MiniOzoneClusterImpl (MiniOzoneClusterImpl.java:lambda$waitForClusterToBeReady$0(235)) - Nodes are ready. Got 9 of 9 DN Heartbeats.
2021-11-11 00:07:10,980 [Listener at 127.0.0.1/36803] INFO  ozone.MiniOzoneClusterImpl (MiniOzoneClusterImpl.java:lambda$waitForClusterToBeReady$0(238)) - Cluster exits safe mode
2021-11-11 00:07:10,980 [Listener at 127.0.0.1/36803] INFO  ozone.MiniOzoneClusterImpl (MiniOzoneClusterImpl.java:lambda$waitForClusterToBeReady$0(240)) - SCM became leader
2021-11-11 00:07:10,981 [Listener at 127.0.0.1/36803] INFO  rpc.RpcClient (RpcClient.java:createVolume(349)) - Creating Volume: watchforcommithandlingtest, with runner as owner and space quota set to -1 bytes, counts quota set to -1
2021-11-11 00:07:11,022 [OM StateMachine ApplyTransaction Thread - 0] INFO  volume.OMVolumeCreateRequest (OMVolumeCreateRequest.java:validateAndUpdateCache(195)) - created volume:watchforcommithandlingtest for user:runner
2021-11-11 00:07:11,052 [Listener at 127.0.0.1/36803] INFO  rpc.RpcClient (RpcClient.java:createBucket(509)) - Creating Bucket: watchforcommithandlingtest/watchforcommithandlingtest, with Versioning false and Storage Type set to DISK and Encryption set to false 
2021-11-11 00:07:11,086 [Listener at 127.0.0.1/36803] INFO  ozone.MiniOzoneClusterImpl (MiniOzoneClusterImpl.java:getStorageContainerLocationClient(346)) - Creating StorageContainerLocationProtocol RPC client with address /0.0.0.0:39925
2021-11-11 00:07:11,117 [IPC Server handler 8 on default port 39925] INFO  ha.SequenceIdGenerator (SequenceIdGenerator.java:getNextId(127)) - Allocate a batch for containerId, change lastId from 0 to 1000.
2021-11-11 00:07:12,124 [6b695e55-6982-478b-aea3-481865f298ec@group-4C1E298E4BB6-FollowerState] INFO  impl.FollowerState (FollowerState.java:run(134)) - 6b695e55-6982-478b-aea3-481865f298ec@group-4C1E298E4BB6-FollowerState: change to CANDIDATE, lastRpcElapsedTime:5026401445ns, electionTimeout:5013ms
2021-11-11 00:07:12,125 [6b695e55-6982-478b-aea3-481865f298ec@group-4C1E298E4BB6-FollowerState] INFO  impl.RoleInfo (RoleInfo.java:shutdownFollowerState(108)) - 6b695e55-6982-478b-aea3-481865f298ec: shutdown 6b695e55-6982-478b-aea3-481865f298ec@group-4C1E298E4BB6-FollowerState
2021-11-11 00:07:12,125 [6b695e55-6982-478b-aea3-481865f298ec@group-4C1E298E4BB6-FollowerState] INFO  server.RaftServer$Division (RaftServerImpl.java:setRole(290)) - 6b695e55-6982-478b-aea3-481865f298ec@group-4C1E298E4BB6: changes role from  FOLLOWER to CANDIDATE at term 1 for changeToCandidate
2021-11-11 00:07:12,125 [6b695e55-6982-478b-aea3-481865f298ec@group-4C1E298E4BB6-FollowerState] INFO  server.RaftServerConfigKeys (ConfUtils.java:logGet(44)) - raft.server.leaderelection.pre-vote = false (custom)
2021-11-11 00:07:12,125 [6b695e55-6982-478b-aea3-481865f298ec@group-4C1E298E4BB6-FollowerState] INFO  impl.RoleInfo (RoleInfo.java:updateAndGet(130)) - 6b695e55-6982-478b-aea3-481865f298ec: start 6b695e55-6982-478b-aea3-481865f298ec@group-4C1E298E4BB6-LeaderElection91
2021-11-11 00:07:12,132 [6b695e55-6982-478b-aea3-481865f298ec@group-4C1E298E4BB6-LeaderElection91] INFO  impl.LeaderElection (LeaderElection.java:askForVotes(306)) - 6b695e55-6982-478b-aea3-481865f298ec@group-4C1E298E4BB6-LeaderElection91 ELECTION round 0: submit vote requests at term 2 for -1: [855159a8-46d2-4956-afe8-ac9382fc30e5|rpc:10.1.0.10:42821|priority:0, f37a6f46-5950-4be3-9f6d-6eb53e609f63|rpc:10.1.0.10:39151|priority:0, 6b695e55-6982-478b-aea3-481865f298ec|rpc:10.1.0.10:43719|priority:1], old=null
2021-11-11 00:07:12,132 [855159a8-46d2-4956-afe8-ac9382fc30e5@group-4C1E298E4BB6-FollowerState] INFO  impl.FollowerState (FollowerState.java:run(134)) - 855159a8-46d2-4956-afe8-ac9382fc30e5@group-4C1E298E4BB6-FollowerState: change to CANDIDATE, lastRpcElapsedTime:5082425086ns, electionTimeout:5043ms
2021-11-11 00:07:12,133 [855159a8-46d2-4956-afe8-ac9382fc30e5@group-4C1E298E4BB6-FollowerState] INFO  impl.RoleInfo (RoleInfo.java:shutdownFollowerState(108)) - 855159a8-46d2-4956-afe8-ac9382fc30e5: shutdown 855159a8-46d2-4956-afe8-ac9382fc30e5@group-4C1E298E4BB6-FollowerState
2021-11-11 00:07:12,133 [855159a8-46d2-4956-afe8-ac9382fc30e5@group-4C1E298E4BB6-FollowerState] INFO  server.RaftServer$Division (RaftServerImpl.java:setRole(290)) - 855159a8-46d2-4956-afe8-ac9382fc30e5@group-4C1E298E4BB6: changes role from  FOLLOWER to CANDIDATE at term 1 for changeToCandidate
2021-11-11 00:07:12,136 [855159a8-46d2-4956-afe8-ac9382fc30e5@group-4C1E298E4BB6-FollowerState] INFO  server.RaftServerConfigKeys (ConfUtils.java:logGet(44)) - raft.server.leaderelection.pre-vote = false (custom)
2021-11-11 00:07:12,136 [855159a8-46d2-4956-afe8-ac9382fc30e5@group-4C1E298E4BB6-FollowerState] INFO  impl.RoleInfo (RoleInfo.java:updateAndGet(130)) - 855159a8-46d2-4956-afe8-ac9382fc30e5: start 855159a8-46d2-4956-afe8-ac9382fc30e5@group-4C1E298E4BB6-LeaderElection92
2021-11-11 00:07:12,151 [grpc-default-executor-6] INFO  server.RaftServer$Division (RaftServerImpl.java:requestVote(1046)) - f37a6f46-5950-4be3-9f6d-6eb53e609f63@group-4C1E298E4BB6: receive requestVote(ELECTION, 6b695e55-6982-478b-aea3-481865f298ec, group-4C1E298E4BB6, 2, (t:0, i:0))
2021-11-11 00:07:12,151 [grpc-default-executor-6] INFO  impl.VoteContext (VoteContext.java:log(48)) - f37a6f46-5950-4be3-9f6d-6eb53e609f63@group-4C1E298E4BB6-FOLLOWER: accept ELECTION from 6b695e55-6982-478b-aea3-481865f298ec: our priority 0 <= candidate's priority 1
2021-11-11 00:07:12,151 [grpc-default-executor-6] INFO  server.RaftServer$Division (RaftServerImpl.java:setRole(290)) - f37a6f46-5950-4be3-9f6d-6eb53e609f63@group-4C1E298E4BB6: changes role from  FOLLOWER to FOLLOWER at term 2 for candidate:6b695e55-6982-478b-aea3-481865f298ec
2021-11-11 00:07:12,151 [grpc-default-executor-6] INFO  impl.RoleInfo (RoleInfo.java:shutdownFollowerState(108)) - f37a6f46-5950-4be3-9f6d-6eb53e609f63: shutdown f37a6f46-5950-4be3-9f6d-6eb53e609f63@group-4C1E298E4BB6-FollowerState
2021-11-11 00:07:12,151 [grpc-default-executor-6] INFO  impl.RoleInfo (RoleInfo.java:updateAndGet(130)) - f37a6f46-5950-4be3-9f6d-6eb53e609f63: start f37a6f46-5950-4be3-9f6d-6eb53e609f63@group-4C1E298E4BB6-FollowerState
2021-11-11 00:07:12,153 [f37a6f46-5950-4be3-9f6d-6eb53e609f63@group-4C1E298E4BB6-FollowerState] INFO  impl.FollowerState (FollowerState.java:run(143)) - f37a6f46-5950-4be3-9f6d-6eb53e609f63@group-4C1E298E4BB6-FollowerState was interrupted: {}
java.lang.InterruptedException: sleep interrupted
	at java.lang.Thread.sleep(Native Method)
	at java.lang.Thread.sleep(Thread.java:340)
	at java.util.concurrent.TimeUnit.sleep(TimeUnit.java:386)
	at org.apache.ratis.util.TimeDuration.sleep(TimeDuration.java:324)
	at org.apache.ratis.util.TimeDuration.sleep(TimeDuration.java:309)
	at org.apache.ratis.server.impl.FollowerState.run(FollowerState.java:118)
2021-11-11 00:07:12,155 [grpc-default-executor-6] INFO  server.RaftServer$Division (RaftServerImpl.java:requestVote(1078)) - f37a6f46-5950-4be3-9f6d-6eb53e609f63@group-4C1E298E4BB6 replies to ELECTION vote request: 6b695e55-6982-478b-aea3-481865f298ec<-f37a6f46-5950-4be3-9f6d-6eb53e609f63#0:OK-t2. Peer's state: f37a6f46-5950-4be3-9f6d-6eb53e609f63@group-4C1E298E4BB6:t2, leader=null, voted=6b695e55-6982-478b-aea3-481865f298ec, raftlog=f37a6f46-5950-4be3-9f6d-6eb53e609f63@group-4C1E298E4BB6-SegmentedRaftLog:OPENED:c-1, conf=-1: [855159a8-46d2-4956-afe8-ac9382fc30e5|rpc:10.1.0.10:42821|dataStream:|priority:0, f37a6f46-5950-4be3-9f6d-6eb53e609f63|rpc:10.1.0.10:39151|dataStream:|priority:0, 6b695e55-6982-478b-aea3-481865f298ec|rpc:10.1.0.10:43719|dataStream:|priority:1], old=null
2021-11-11 00:07:12,157 [6b695e55-6982-478b-aea3-481865f298ec@group-4C1E298E4BB6-LeaderElection91] INFO  impl.LeaderElection (LeaderElection.java:logAndReturn(89)) - 6b695e55-6982-478b-aea3-481865f298ec@group-4C1E298E4BB6-LeaderElection91: ELECTION PASSED received 1 response(s) and 0 exception(s):
2021-11-11 00:07:12,157 [6b695e55-6982-478b-aea3-481865f298ec@group-4C1E298E4BB6-LeaderElection91] INFO  impl.LeaderElection (LeaderElection.java:logAndReturn(93)) -   Response 0: 6b695e55-6982-478b-aea3-481865f298ec<-f37a6f46-5950-4be3-9f6d-6eb53e609f63#0:OK-t2
2021-11-11 00:07:12,157 [6b695e55-6982-478b-aea3-481865f298ec@group-4C1E298E4BB6-LeaderElection91] INFO  impl.LeaderElection (LeaderElection.java:askForVotes(308)) - 6b695e55-6982-478b-aea3-481865f298ec@group-4C1E298E4BB6-LeaderElection91 ELECTION round 0: result PASSED
2021-11-11 00:07:12,157 [6b695e55-6982-478b-aea3-481865f298ec@group-4C1E298E4BB6-LeaderElection91] INFO  impl.RoleInfo (RoleInfo.java:shutdownLeaderElection(121)) - 6b695e55-6982-478b-aea3-481865f298ec: shutdown 6b695e55-6982-478b-aea3-481865f298ec@group-4C1E298E4BB6-LeaderElection91
2021-11-11 00:07:12,157 [6b695e55-6982-478b-aea3-481865f298ec@group-4C1E298E4BB6-LeaderElection91] INFO  server.RaftServer$Division (RaftServerImpl.java:setRole(290)) - 6b695e55-6982-478b-aea3-481865f298ec@group-4C1E298E4BB6: changes role from CANDIDATE to LEADER at term 2 for changeToLeader
2021-11-11 00:07:12,157 [6b695e55-6982-478b-aea3-481865f298ec@group-4C1E298E4BB6-LeaderElection91] INFO  ratis.XceiverServerRatis (XceiverServerRatis.java:handleLeaderChangedNotification(866)) - Leader change notification received for group: group-4C1E298E4BB6 with new leaderId: 6b695e55-6982-478b-aea3-481865f298ec
2021-11-11 00:07:12,157 [6b695e55-6982-478b-aea3-481865f298ec@group-4C1E298E4BB6-LeaderElection91] INFO  server.RaftServer$Division (ServerState.java:setLeader(285)) - 6b695e55-6982-478b-aea3-481865f298ec@group-4C1E298E4BB6: change Leader from null to 6b695e55-6982-478b-aea3-481865f298ec at term 2 for becomeLeader, leader elected after 10389ms
2021-11-11 00:07:12,157 [6b695e55-6982-478b-aea3-481865f298ec@group-4C1E298E4BB6-LeaderElection91] INFO  server.RaftServerConfigKeys (ConfUtils.java:logGet(44)) - raft.server.staging.catchup.gap = 1000 (default)
2021-11-11 00:07:12,158 [6b695e55-6982-478b-aea3-481865f298ec@group-4C1E298E4BB6-LeaderElection91] INFO  server.RaftServerConfigKeys (ConfUtils.java:logGet(44)) - raft.server.write.element-limit = 1024 (custom)
2021-11-11 00:07:12,158 [6b695e55-6982-478b-aea3-481865f298ec@group-4C1E298E4BB6-LeaderElection91] INFO  server.RaftServerConfigKeys (ConfUtils.java:logGet(44)) - raft.server.write.byte-limit = 1024 M (=1073741824) (custom)
2021-11-11 00:07:12,158 [6b695e55-6982-478b-aea3-481865f298ec@group-4C1E298E4BB6-LeaderElection91] INFO  server.RaftServerConfigKeys (ConfUtils.java:logGet(44)) - raft.server.watch.timeout = 3000ms (custom)
2021-11-11 00:07:12,158 [6b695e55-6982-478b-aea3-481865f298ec@group-4C1E298E4BB6-LeaderElection91] INFO  server.RaftServerConfigKeys (ConfUtils.java:logGet(44)) - raft.server.watch.timeout.denomination = 1s (default)
2021-11-11 00:07:12,158 [6b695e55-6982-478b-aea3-481865f298ec@group-4C1E298E4BB6-LeaderElection91] INFO  server.RaftServerConfigKeys (ConfUtils.java:logGet(44)) - raft.server.watch.element-limit = 65536 (default)
2021-11-11 00:07:12,158 [6b695e55-6982-478b-aea3-481865f298ec@group-4C1E298E4BB6-LeaderElection91] INFO  server.RaftServerConfigKeys (ConfUtils.java:logGet(44)) - raft.server.write.element-limit = 1024 (custom)
2021-11-11 00:07:12,159 [6b695e55-6982-478b-aea3-481865f298ec@group-4C1E298E4BB6-LeaderElection91] INFO  server.RaftServerConfigKeys (ConfUtils.java:logGet(44)) - raft.server.write.follower.gap.ratio.max = -1.0 (default)
2021-11-11 00:07:12,159 [6b695e55-6982-478b-aea3-481865f298ec@group-4C1E298E4BB6-LeaderElection91] INFO  server.RaftServerConfigKeys (ConfUtils.java:logGet(44)) - raft.server.log.appender.snapshot.chunk.size.max = 16MB (=16777216) (default)
2021-11-11 00:07:12,159 [6b695e55-6982-478b-aea3-481865f298ec@group-4C1E298E4BB6-LeaderElection91] INFO  server.RaftServerConfigKeys (ConfUtils.java:logGet(44)) - raft.server.log.appender.buffer.byte-limit = 33554432 (custom)
2021-11-11 00:07:12,159 [6b695e55-6982-478b-aea3-481865f298ec@group-4C1E298E4BB6-LeaderElection91] INFO  server.RaftServerConfigKeys (ConfUtils.java:logGet(44)) - raft.server.log.appender.buffer.element-limit = 1 (custom)
2021-11-11 00:07:12,159 [6b695e55-6982-478b-aea3-481865f298ec@group-4C1E298E4BB6-LeaderElection91] INFO  grpc.GrpcConfigKeys (ConfUtils.java:logGet(44)) - raft.grpc.server.leader.outstanding.appends.max = 128 (default)
2021-11-11 00:07:12,159 [6b695e55-6982-478b-aea3-481865f298ec@group-4C1E298E4BB6-LeaderElection91] INFO  server.RaftServerConfigKeys (ConfUtils.java:logGet(44)) - raft.server.rpc.request.timeout = 3000ms (default)
2021-11-11 00:07:12,159 [6b695e55-6982-478b-aea3-481865f298ec@group-4C1E298E4BB6-LeaderElection91] INFO  server.RaftServerConfigKeys (ConfUtils.java:logGet(44)) - raft.server.log.appender.install.snapshot.enabled = false (custom)
2021-11-11 00:07:12,163 [6b695e55-6982-478b-aea3-481865f298ec@group-4C1E298E4BB6-LeaderElection91] INFO  server.RaftServerConfigKeys (ConfUtils.java:logGet(44)) - raft.server.log.appender.snapshot.chunk.size.max = 16MB (=16777216) (default)
2021-11-11 00:07:12,163 [6b695e55-6982-478b-aea3-481865f298ec@group-4C1E298E4BB6-LeaderElection91] INFO  server.RaftServerConfigKeys (ConfUtils.java:logGet(44)) - raft.server.log.appender.buffer.byte-limit = 33554432 (custom)
2021-11-11 00:07:12,163 [6b695e55-6982-478b-aea3-481865f298ec@group-4C1E298E4BB6-LeaderElection91] INFO  server.RaftServerConfigKeys (ConfUtils.java:logGet(44)) - raft.server.log.appender.buffer.element-limit = 1 (custom)
2021-11-11 00:07:12,163 [6b695e55-6982-478b-aea3-481865f298ec@group-4C1E298E4BB6-LeaderElection91] INFO  grpc.GrpcConfigKeys (ConfUtils.java:logGet(44)) - raft.grpc.server.leader.outstanding.appends.max = 128 (default)
2021-11-11 00:07:12,163 [6b695e55-6982-478b-aea3-481865f298ec@group-4C1E298E4BB6-LeaderElection91] INFO  server.RaftServerConfigKeys (ConfUtils.java:logGet(44)) - raft.server.rpc.request.timeout = 3000ms (default)
2021-11-11 00:07:12,163 [6b695e55-6982-478b-aea3-481865f298ec@group-4C1E298E4BB6-LeaderElection91] INFO  server.RaftServerConfigKeys (ConfUtils.java:logGet(44)) - raft.server.log.appender.install.snapshot.enabled = false (custom)
2021-11-11 00:07:12,165 [6b695e55-6982-478b-aea3-481865f298ec@group-4C1E298E4BB6-LeaderElection91] INFO  impl.RoleInfo (RoleInfo.java:updateAndGet(130)) - 6b695e55-6982-478b-aea3-481865f298ec: start 6b695e55-6982-478b-aea3-481865f298ec@group-4C1E298E4BB6-LeaderStateImpl
2021-11-11 00:07:12,168 [EventQueue-PipelineReportForPipelineReportHandler] INFO  pipeline.PipelineManagerImpl (PipelineManagerImpl.java:openPipeline(289)) - Pipeline Pipeline[ Id: 0ed2803a-810b-47c9-a359-4c1e298e4bb6, Nodes: 6b695e55-6982-478b-aea3-481865f298ec{ip: 10.1.0.10, host: fv-az151-339.yf2hydr00wburbhx3j5hxtcipe.bx.internal.cloudapp.net, ports: [REPLICATION=44883, RATIS=43719, RATIS_ADMIN=43719, RATIS_SERVER=43719, STANDALONE=33573], networkLocation: /default-rack, certSerialId: null, persistedOpState: IN_SERVICE, persistedOpStateExpiryEpochSec: 0}855159a8-46d2-4956-afe8-ac9382fc30e5{ip: 10.1.0.10, host: fv-az151-339.yf2hydr00wburbhx3j5hxtcipe.bx.internal.cloudapp.net, ports: [REPLICATION=43031, RATIS=42821, RATIS_ADMIN=42821, RATIS_SERVER=42821, STANDALONE=42135], networkLocation: /default-rack, certSerialId: null, persistedOpState: IN_SERVICE, persistedOpStateExpiryEpochSec: 0}f37a6f46-5950-4be3-9f6d-6eb53e609f63{ip: 10.1.0.10, host: fv-az151-339.yf2hydr00wburbhx3j5hxtcipe.bx.internal.cloudapp.net, ports: [REPLICATION=45079, RATIS=39151, RATIS_ADMIN=39151, RATIS_SERVER=39151, STANDALONE=39417], networkLocation: /default-rack, certSerialId: null, persistedOpState: IN_SERVICE, persistedOpStateExpiryEpochSec: 0}, ReplicationConfig: RATIS/THREE, State:ALLOCATED, leaderId:6b695e55-6982-478b-aea3-481865f298ec, CreationTimestamp2021-11-11T00:06:59.478Z[Etc/UTC]] moved to OPEN state
2021-11-11 00:07:12,171 [6b695e55-6982-478b-aea3-481865f298ec@group-4C1E298E4BB6-LeaderElection91] INFO  segmented.SegmentedRaftLogWorker (SegmentedRaftLogWorker.java:startLogSegment(394)) - 6b695e55-6982-478b-aea3-481865f298ec@group-4C1E298E4BB6-SegmentedRaftLogWorker: Starting segment from index:0
2021-11-11 00:07:12,173 [6b695e55-6982-478b-aea3-481865f298ec@group-4C1E298E4BB6-SegmentedRaftLogWorker] INFO  segmented.SegmentedRaftLogWorker (SegmentedRaftLogWorker.java:execute(601)) - 6b695e55-6982-478b-aea3-481865f298ec@group-4C1E298E4BB6-SegmentedRaftLogWorker: created new log segment /home/runner/work/ozone/ozone/hadoop-ozone/integration-test/target/test-dir/MiniOzoneClusterImpl-d5f2283b-1c97-4f43-babe-75a35a923614/datanode-3/data/ratis/0ed2803a-810b-47c9-a359-4c1e298e4bb6/current/log_inprogress_0
2021-11-11 00:07:12,194 [grpc-default-executor-0] INFO  ratis.XceiverServerRatis (XceiverServerRatis.java:handleLeaderChangedNotification(866)) - Leader change notification received for group: group-4C1E298E4BB6 with new leaderId: 6b695e55-6982-478b-aea3-481865f298ec
2021-11-11 00:07:12,194 [grpc-default-executor-0] INFO  server.RaftServer$Division (ServerState.java:setLeader(285)) - f37a6f46-5950-4be3-9f6d-6eb53e609f63@group-4C1E298E4BB6: change Leader from null to 6b695e55-6982-478b-aea3-481865f298ec at term 2 for appendEntries, leader elected after 10205ms
2021-11-11 00:07:12,225 [855159a8-46d2-4956-afe8-ac9382fc30e5@group-4C1E298E4BB6-LeaderElection92] INFO  impl.LeaderElection (LeaderElection.java:askForVotes(306)) - 855159a8-46d2-4956-afe8-ac9382fc30e5@group-4C1E298E4BB6-LeaderElection92 ELECTION round 0: submit vote requests at term 2 for -1: [855159a8-46d2-4956-afe8-ac9382fc30e5|rpc:10.1.0.10:42821|dataStream:|priority:0, f37a6f46-5950-4be3-9f6d-6eb53e609f63|rpc:10.1.0.10:39151|dataStream:|priority:0, 6b695e55-6982-478b-aea3-481865f298ec|rpc:10.1.0.10:43719|dataStream:|priority:1], old=null
2021-11-11 00:07:12,257 [grpc-default-executor-5] INFO  server.RaftServer$Division (ServerState.java:setRaftConf(387)) - f37a6f46-5950-4be3-9f6d-6eb53e609f63@group-4C1E298E4BB6: set configuration 0: [855159a8-46d2-4956-afe8-ac9382fc30e5|rpc:10.1.0.10:42821|dataStream:|priority:0, f37a6f46-5950-4be3-9f6d-6eb53e609f63|rpc:10.1.0.10:39151|dataStream:|priority:0, 6b695e55-6982-478b-aea3-481865f298ec|rpc:10.1.0.10:43719|dataStream:|priority:1], old=null
2021-11-11 00:07:12,258 [grpc-default-executor-5] INFO  segmented.SegmentedRaftLogWorker (SegmentedRaftLogWorker.java:startLogSegment(394)) - f37a6f46-5950-4be3-9f6d-6eb53e609f63@group-4C1E298E4BB6-SegmentedRaftLogWorker: Starting segment from index:0
2021-11-11 00:07:12,261 [6b695e55-6982-478b-aea3-481865f298ec@group-4C1E298E4BB6-LeaderElection91] INFO  server.RaftServer$Division (ServerState.java:setRaftConf(387)) - 6b695e55-6982-478b-aea3-481865f298ec@group-4C1E298E4BB6: set configuration 0: [855159a8-46d2-4956-afe8-ac9382fc30e5|rpc:10.1.0.10:42821|dataStream:|priority:0, f37a6f46-5950-4be3-9f6d-6eb53e609f63|rpc:10.1.0.10:39151|dataStream:|priority:0, 6b695e55-6982-478b-aea3-481865f298ec|rpc:10.1.0.10:43719|dataStream:|priority:1], old=null
2021-11-11 00:07:12,263 [f37a6f46-5950-4be3-9f6d-6eb53e609f63@group-4C1E298E4BB6-SegmentedRaftLogWorker] INFO  segmented.SegmentedRaftLogWorker (SegmentedRaftLogWorker.java:execute(601)) - f37a6f46-5950-4be3-9f6d-6eb53e609f63@group-4C1E298E4BB6-SegmentedRaftLogWorker: created new log segment /home/runner/work/ozone/ozone/hadoop-ozone/integration-test/target/test-dir/MiniOzoneClusterImpl-d5f2283b-1c97-4f43-babe-75a35a923614/datanode-5/data/ratis/0ed2803a-810b-47c9-a359-4c1e298e4bb6/current/log_inprogress_0
2021-11-11 00:07:12,270 [grpc-default-executor-6] INFO  server.RaftServer$Division (RaftServerImpl.java:requestVote(1046)) - f37a6f46-5950-4be3-9f6d-6eb53e609f63@group-4C1E298E4BB6: receive requestVote(ELECTION, 855159a8-46d2-4956-afe8-ac9382fc30e5, group-4C1E298E4BB6, 2, (t:0, i:0))
2021-11-11 00:07:12,271 [grpc-default-executor-6] INFO  impl.VoteContext (VoteContext.java:log(48)) - f37a6f46-5950-4be3-9f6d-6eb53e609f63@group-4C1E298E4BB6-FOLLOWER: reject ELECTION from 855159a8-46d2-4956-afe8-ac9382fc30e5: already has voted for 6b695e55-6982-478b-aea3-481865f298ec at current term 2
2021-11-11 00:07:12,271 [grpc-default-executor-6] INFO  server.RaftServer$Division (RaftServerImpl.java:requestVote(1078)) - f37a6f46-5950-4be3-9f6d-6eb53e609f63@group-4C1E298E4BB6 replies to ELECTION vote request: 855159a8-46d2-4956-afe8-ac9382fc30e5<-f37a6f46-5950-4be3-9f6d-6eb53e609f63#0:FAIL-t2. Peer's state: f37a6f46-5950-4be3-9f6d-6eb53e609f63@group-4C1E298E4BB6:t2, leader=6b695e55-6982-478b-aea3-481865f298ec, voted=6b695e55-6982-478b-aea3-481865f298ec, raftlog=f37a6f46-5950-4be3-9f6d-6eb53e609f63@group-4C1E298E4BB6-SegmentedRaftLog:OPENED:c-1, conf=0: [855159a8-46d2-4956-afe8-ac9382fc30e5|rpc:10.1.0.10:42821|dataStream:|priority:0, f37a6f46-5950-4be3-9f6d-6eb53e609f63|rpc:10.1.0.10:39151|dataStream:|priority:0, 6b695e55-6982-478b-aea3-481865f298ec|rpc:10.1.0.10:43719|dataStream:|priority:1], old=null
2021-11-11 00:07:12,271 [grpc-default-executor-3] INFO  server.RaftServer$Division (RaftServerImpl.java:requestVote(1046)) - 6b695e55-6982-478b-aea3-481865f298ec@group-4C1E298E4BB6: receive requestVote(ELECTION, 855159a8-46d2-4956-afe8-ac9382fc30e5, group-4C1E298E4BB6, 2, (t:0, i:0))
2021-11-11 00:07:12,271 [grpc-default-executor-3] INFO  impl.VoteContext (VoteContext.java:log(48)) - 6b695e55-6982-478b-aea3-481865f298ec@group-4C1E298E4BB6-LEADER: reject ELECTION from 855159a8-46d2-4956-afe8-ac9382fc30e5: already has voted for 6b695e55-6982-478b-aea3-481865f298ec at current term 2
2021-11-11 00:07:12,271 [grpc-default-executor-3] INFO  server.RaftServer$Division (RaftServerImpl.java:requestVote(1078)) - 6b695e55-6982-478b-aea3-481865f298ec@group-4C1E298E4BB6 replies to ELECTION vote request: 855159a8-46d2-4956-afe8-ac9382fc30e5<-6b695e55-6982-478b-aea3-481865f298ec#0:FAIL-t2. Peer's state: 6b695e55-6982-478b-aea3-481865f298ec@group-4C1E298E4BB6:t2, leader=6b695e55-6982-478b-aea3-481865f298ec, voted=6b695e55-6982-478b-aea3-481865f298ec, raftlog=6b695e55-6982-478b-aea3-481865f298ec@group-4C1E298E4BB6-SegmentedRaftLog:OPENED:c0, conf=0: [855159a8-46d2-4956-afe8-ac9382fc30e5|rpc:10.1.0.10:42821|dataStream:|priority:0, f37a6f46-5950-4be3-9f6d-6eb53e609f63|rpc:10.1.0.10:39151|dataStream:|priority:0, 6b695e55-6982-478b-aea3-481865f298ec|rpc:10.1.0.10:43719|dataStream:|priority:1], old=null
2021-11-11 00:07:12,273 [grpc-default-executor-0] INFO  server.RaftServer$Division (RaftServerImpl.java:requestVote(1046)) - 855159a8-46d2-4956-afe8-ac9382fc30e5@group-4C1E298E4BB6: receive requestVote(ELECTION, 6b695e55-6982-478b-aea3-481865f298ec, group-4C1E298E4BB6, 2, (t:0, i:0))
2021-11-11 00:07:12,273 [grpc-default-executor-0] INFO  impl.VoteContext (VoteContext.java:log(48)) - 855159a8-46d2-4956-afe8-ac9382fc30e5@group-4C1E298E4BB6-CANDIDATE: reject ELECTION from 6b695e55-6982-478b-aea3-481865f298ec: already has voted for 855159a8-46d2-4956-afe8-ac9382fc30e5 at current term 2
2021-11-11 00:07:12,273 [grpc-default-executor-0] INFO  server.RaftServer$Division (RaftServerImpl.java:requestVote(1078)) - 855159a8-46d2-4956-afe8-ac9382fc30e5@group-4C1E298E4BB6 replies to ELECTION vote request: 6b695e55-6982-478b-aea3-481865f298ec<-855159a8-46d2-4956-afe8-ac9382fc30e5#0:FAIL-t2. Peer's state: 855159a8-46d2-4956-afe8-ac9382fc30e5@group-4C1E298E4BB6:t2, leader=null, voted=855159a8-46d2-4956-afe8-ac9382fc30e5, raftlog=855159a8-46d2-4956-afe8-ac9382fc30e5@group-4C1E298E4BB6-SegmentedRaftLog:OPENED:c-1, conf=-1: [855159a8-46d2-4956-afe8-ac9382fc30e5|rpc:10.1.0.10:42821|dataStream:|priority:0, f37a6f46-5950-4be3-9f6d-6eb53e609f63|rpc:10.1.0.10:39151|dataStream:|priority:0, 6b695e55-6982-478b-aea3-481865f298ec|rpc:10.1.0.10:43719|dataStream:|priority:1], old=null
2021-11-11 00:07:12,282 [855159a8-46d2-4956-afe8-ac9382fc30e5@group-4C1E298E4BB6-LeaderElection92] INFO  impl.LeaderElection (LeaderElection.java:logAndReturn(89)) - 855159a8-46d2-4956-afe8-ac9382fc30e5@group-4C1E298E4BB6-LeaderElection92: ELECTION REJECTED received 2 response(s) and 0 exception(s):
2021-11-11 00:07:12,282 [855159a8-46d2-4956-afe8-ac9382fc30e5@group-4C1E298E4BB6-LeaderElection92] INFO  impl.LeaderElection (LeaderElection.java:logAndReturn(93)) -   Response 0: 855159a8-46d2-4956-afe8-ac9382fc30e5<-f37a6f46-5950-4be3-9f6d-6eb53e609f63#0:FAIL-t2
2021-11-11 00:07:12,282 [855159a8-46d2-4956-afe8-ac9382fc30e5@group-4C1E298E4BB6-LeaderElection92] INFO  impl.LeaderElection (LeaderElection.java:logAndReturn(93)) -   Response 1: 855159a8-46d2-4956-afe8-ac9382fc30e5<-6b695e55-6982-478b-aea3-481865f298ec#0:FAIL-t2
2021-11-11 00:07:12,282 [855159a8-46d2-4956-afe8-ac9382fc30e5@group-4C1E298E4BB6-LeaderElection92] INFO  impl.LeaderElection (LeaderElection.java:askForVotes(308)) - 855159a8-46d2-4956-afe8-ac9382fc30e5@group-4C1E298E4BB6-LeaderElection92 ELECTION round 0: result REJECTED
2021-11-11 00:07:12,282 [855159a8-46d2-4956-afe8-ac9382fc30e5@group-4C1E298E4BB6-LeaderElection92] INFO  server.RaftServer$Division (RaftServerImpl.java:setRole(290)) - 855159a8-46d2-4956-afe8-ac9382fc30e5@group-4C1E298E4BB6: changes role from CANDIDATE to FOLLOWER at term 2 for REJECTED
2021-11-11 00:07:12,282 [855159a8-46d2-4956-afe8-ac9382fc30e5@group-4C1E298E4BB6-LeaderElection92] INFO  impl.RoleInfo (RoleInfo.java:shutdownLeaderElection(121)) - 855159a8-46d2-4956-afe8-ac9382fc30e5: shutdown 855159a8-46d2-4956-afe8-ac9382fc30e5@group-4C1E298E4BB6-LeaderElection92
2021-11-11 00:07:12,282 [855159a8-46d2-4956-afe8-ac9382fc30e5@group-4C1E298E4BB6-LeaderElection92] INFO  impl.RoleInfo (RoleInfo.java:updateAndGet(130)) - 855159a8-46d2-4956-afe8-ac9382fc30e5: start 855159a8-46d2-4956-afe8-ac9382fc30e5@group-4C1E298E4BB6-FollowerState
2021-11-11 00:07:12,296 [grpc-default-executor-3] INFO  ratis.XceiverServerRatis (XceiverServerRatis.java:handleLeaderChangedNotification(866)) - Leader change notification received for group: group-4C1E298E4BB6 with new leaderId: 6b695e55-6982-478b-aea3-481865f298ec
2021-11-11 00:07:12,296 [grpc-default-executor-3] INFO  server.RaftServer$Division (ServerState.java:setLeader(285)) - 855159a8-46d2-4956-afe8-ac9382fc30e5@group-4C1E298E4BB6: change Leader from null to 6b695e55-6982-478b-aea3-481865f298ec at term 2 for appendEntries, leader elected after 10448ms
2021-11-11 00:07:12,298 [grpc-default-executor-3] INFO  server.RaftServer$Division (ServerState.java:setRaftConf(387)) - 855159a8-46d2-4956-afe8-ac9382fc30e5@group-4C1E298E4BB6: set configuration 0: [855159a8-46d2-4956-afe8-ac9382fc30e5|rpc:10.1.0.10:42821|dataStream:|priority:0, f37a6f46-5950-4be3-9f6d-6eb53e609f63|rpc:10.1.0.10:39151|dataStream:|priority:0, 6b695e55-6982-478b-aea3-481865f298ec|rpc:10.1.0.10:43719|dataStream:|priority:1], old=null
2021-11-11 00:07:12,299 [grpc-default-executor-3] INFO  segmented.SegmentedRaftLogWorker (SegmentedRaftLogWorker.java:startLogSegment(394)) - 855159a8-46d2-4956-afe8-ac9382fc30e5@group-4C1E298E4BB6-SegmentedRaftLogWorker: Starting segment from index:0
2021-11-11 00:07:12,301 [855159a8-46d2-4956-afe8-ac9382fc30e5@group-4C1E298E4BB6-SegmentedRaftLogWorker] INFO  segmented.SegmentedRaftLogWorker (SegmentedRaftLogWorker.java:execute(601)) - 855159a8-46d2-4956-afe8-ac9382fc30e5@group-4C1E298E4BB6-SegmentedRaftLogWorker: created new log segment /home/runner/work/ozone/ozone/hadoop-ozone/integration-test/target/test-dir/MiniOzoneClusterImpl-d5f2283b-1c97-4f43-babe-75a35a923614/datanode-4/data/ratis/0ed2803a-810b-47c9-a359-4c1e298e4bb6/current/log_inprogress_0
2021-11-11 00:07:13,468 [6e133fb8-c87a-4d8d-9d3f-d688ae1cb6f8@group-B667C1C291A7-FollowerState] INFO  impl.FollowerState (FollowerState.java:run(134)) - 6e133fb8-c87a-4d8d-9d3f-d688ae1cb6f8@group-B667C1C291A7-FollowerState: change to CANDIDATE, lastRpcElapsedTime:5104455703ns, electionTimeout:5098ms
2021-11-11 00:07:13,469 [6e133fb8-c87a-4d8d-9d3f-d688ae1cb6f8@group-B667C1C291A7-FollowerState] INFO  impl.RoleInfo (RoleInfo.java:shutdownFollowerState(108)) - 6e133fb8-c87a-4d8d-9d3f-d688ae1cb6f8: shutdown 6e133fb8-c87a-4d8d-9d3f-d688ae1cb6f8@group-B667C1C291A7-FollowerState
2021-11-11 00:07:13,469 [6e133fb8-c87a-4d8d-9d3f-d688ae1cb6f8@group-B667C1C291A7-FollowerState] INFO  server.RaftServer$Division (RaftServerImpl.java:setRole(290)) - 6e133fb8-c87a-4d8d-9d3f-d688ae1cb6f8@group-B667C1C291A7: changes role from  FOLLOWER to CANDIDATE at term 1 for changeToCandidate
2021-11-11 00:07:13,469 [6e133fb8-c87a-4d8d-9d3f-d688ae1cb6f8@group-B667C1C291A7-FollowerState] INFO  server.RaftServerConfigKeys (ConfUtils.java:logGet(44)) - raft.server.leaderelection.pre-vote = false (custom)
2021-11-11 00:07:13,469 [6e133fb8-c87a-4d8d-9d3f-d688ae1cb6f8@group-B667C1C291A7-FollowerState] INFO  impl.RoleInfo (RoleInfo.java:updateAndGet(130)) - 6e133fb8-c87a-4d8d-9d3f-d688ae1cb6f8: start 6e133fb8-c87a-4d8d-9d3f-d688ae1cb6f8@group-B667C1C291A7-LeaderElection93
2021-11-11 00:07:13,477 [f2abff67-7f5e-423a-807c-f1c8bf0fd89e@group-B667C1C291A7-FollowerState] INFO  impl.FollowerState (FollowerState.java:run(134)) - f2abff67-7f5e-423a-807c-f1c8bf0fd89e@group-B667C1C291A7-FollowerState: change to CANDIDATE, lastRpcElapsedTime:5096875497ns, electionTimeout:5091ms
2021-11-11 00:07:13,477 [f2abff67-7f5e-423a-807c-f1c8bf0fd89e@group-B667C1C291A7-FollowerState] INFO  impl.RoleInfo (RoleInfo.java:shutdownFollowerState(108)) - f2abff67-7f5e-423a-807c-f1c8bf0fd89e: shutdown f2abff67-7f5e-423a-807c-f1c8bf0fd89e@group-B667C1C291A7-FollowerState
2021-11-11 00:07:13,477 [f2abff67-7f5e-423a-807c-f1c8bf0fd89e@group-B667C1C291A7-FollowerState] INFO  server.RaftServer$Division (RaftServerImpl.java:setRole(290)) - f2abff67-7f5e-423a-807c-f1c8bf0fd89e@group-B667C1C291A7: changes role from  FOLLOWER to CANDIDATE at term 1 for changeToCandidate
2021-11-11 00:07:13,477 [f2abff67-7f5e-423a-807c-f1c8bf0fd89e@group-B667C1C291A7-FollowerState] INFO  server.RaftServerConfigKeys (ConfUtils.java:logGet(44)) - raft.server.leaderelection.pre-vote = false (custom)
2021-11-11 00:07:13,478 [f2abff67-7f5e-423a-807c-f1c8bf0fd89e@group-B667C1C291A7-FollowerState] INFO  impl.RoleInfo (RoleInfo.java:updateAndGet(130)) - f2abff67-7f5e-423a-807c-f1c8bf0fd89e: start f2abff67-7f5e-423a-807c-f1c8bf0fd89e@group-B667C1C291A7-LeaderElection94
2021-11-11 00:07:13,483 [6e133fb8-c87a-4d8d-9d3f-d688ae1cb6f8@group-B667C1C291A7-LeaderElection93] INFO  impl.LeaderElection (LeaderElection.java:askForVotes(306)) - 6e133fb8-c87a-4d8d-9d3f-d688ae1cb6f8@group-B667C1C291A7-LeaderElection93 ELECTION round 0: submit vote requests at term 2 for -1: [69aff4e4-918e-4266-92c0-ec642b93bcd5|rpc:10.1.0.10:41107|dataStream:|priority:1, f2abff67-7f5e-423a-807c-f1c8bf0fd89e|rpc:10.1.0.10:42673|dataStream:|priority:0, 6e133fb8-c87a-4d8d-9d3f-d688ae1cb6f8|rpc:10.1.0.10:38557|dataStream:|priority:0], old=null
2021-11-11 00:07:13,495 [grpc-default-executor-3] INFO  server.RaftServer$Division (RaftServerImpl.java:requestVote(1046)) - 69aff4e4-918e-4266-92c0-ec642b93bcd5@group-B667C1C291A7: receive requestVote(ELECTION, 6e133fb8-c87a-4d8d-9d3f-d688ae1cb6f8, group-B667C1C291A7, 2, (t:0, i:0))
2021-11-11 00:07:13,495 [grpc-default-executor-3] INFO  impl.VoteContext (VoteContext.java:log(48)) - 69aff4e4-918e-4266-92c0-ec642b93bcd5@group-B667C1C291A7-FOLLOWER: reject ELECTION from 6e133fb8-c87a-4d8d-9d3f-d688ae1cb6f8: our priority 1 > candidate's priority 0
2021-11-11 00:07:13,495 [grpc-default-executor-3] INFO  server.RaftServer$Division (RaftServerImpl.java:setRole(290)) - 69aff4e4-918e-4266-92c0-ec642b93bcd5@group-B667C1C291A7: changes role from  FOLLOWER to FOLLOWER at term 2 for candidate:6e133fb8-c87a-4d8d-9d3f-d688ae1cb6f8
2021-11-11 00:07:13,495 [grpc-default-executor-3] INFO  impl.RoleInfo (RoleInfo.java:shutdownFollowerState(108)) - 69aff4e4-918e-4266-92c0-ec642b93bcd5: shutdown 69aff4e4-918e-4266-92c0-ec642b93bcd5@group-B667C1C291A7-FollowerState
2021-11-11 00:07:13,495 [grpc-default-executor-3] INFO  impl.RoleInfo (RoleInfo.java:updateAndGet(130)) - 69aff4e4-918e-4266-92c0-ec642b93bcd5: start 69aff4e4-918e-4266-92c0-ec642b93bcd5@group-B667C1C291A7-FollowerState
2021-11-11 00:07:13,497 [69aff4e4-918e-4266-92c0-ec642b93bcd5@group-B667C1C291A7-FollowerState] INFO  impl.FollowerState (FollowerState.java:run(143)) - 69aff4e4-918e-4266-92c0-ec642b93bcd5@group-B667C1C291A7-FollowerState was interrupted: {}
java.lang.InterruptedException: sleep interrupted
	at java.lang.Thread.sleep(Native Method)
	at java.lang.Thread.sleep(Thread.java:340)
	at java.util.concurrent.TimeUnit.sleep(TimeUnit.java:386)
	at org.apache.ratis.util.TimeDuration.sleep(TimeDuration.java:324)
	at org.apache.ratis.util.TimeDuration.sleep(TimeDuration.java:309)
	at org.apache.ratis.server.impl.FollowerState.run(FollowerState.java:118)
2021-11-11 00:07:13,497 [grpc-default-executor-3] INFO  server.RaftServer$Division (RaftServerImpl.java:requestVote(1078)) - 69aff4e4-918e-4266-92c0-ec642b93bcd5@group-B667C1C291A7 replies to ELECTION vote request: 6e133fb8-c87a-4d8d-9d3f-d688ae1cb6f8<-69aff4e4-918e-4266-92c0-ec642b93bcd5#0:FAIL-t2. Peer's state: 69aff4e4-918e-4266-92c0-ec642b93bcd5@group-B667C1C291A7:t2, leader=null, voted=null, raftlog=69aff4e4-918e-4266-92c0-ec642b93bcd5@group-B667C1C291A7-SegmentedRaftLog:OPENED:c-1, conf=-1: [69aff4e4-918e-4266-92c0-ec642b93bcd5|rpc:10.1.0.10:41107|dataStream:|priority:1, f2abff67-7f5e-423a-807c-f1c8bf0fd89e|rpc:10.1.0.10:42673|dataStream:|priority:0, 6e133fb8-c87a-4d8d-9d3f-d688ae1cb6f8|rpc:10.1.0.10:38557|dataStream:|priority:0], old=null
2021-11-11 00:07:13,503 [6e133fb8-c87a-4d8d-9d3f-d688ae1cb6f8@group-B667C1C291A7-LeaderElection93] INFO  impl.LeaderElection (LeaderElection.java:logAndReturn(89)) - 6e133fb8-c87a-4d8d-9d3f-d688ae1cb6f8@group-B667C1C291A7-LeaderElection93: ELECTION REJECTED received 1 response(s) and 0 exception(s):
2021-11-11 00:07:13,503 [6e133fb8-c87a-4d8d-9d3f-d688ae1cb6f8@group-B667C1C291A7-LeaderElection93] INFO  impl.LeaderElection (LeaderElection.java:logAndReturn(93)) -   Response 0: 6e133fb8-c87a-4d8d-9d3f-d688ae1cb6f8<-69aff4e4-918e-4266-92c0-ec642b93bcd5#0:FAIL-t2
2021-11-11 00:07:13,503 [6e133fb8-c87a-4d8d-9d3f-d688ae1cb6f8@group-B667C1C291A7-LeaderElection93] INFO  impl.LeaderElection (LeaderElection.java:askForVotes(308)) - 6e133fb8-c87a-4d8d-9d3f-d688ae1cb6f8@group-B667C1C291A7-LeaderElection93 ELECTION round 0: result REJECTED
2021-11-11 00:07:13,503 [6e133fb8-c87a-4d8d-9d3f-d688ae1cb6f8@group-B667C1C291A7-LeaderElection93] INFO  server.RaftServer$Division (RaftServerImpl.java:setRole(290)) - 6e133fb8-c87a-4d8d-9d3f-d688ae1cb6f8@group-B667C1C291A7: changes role from CANDIDATE to FOLLOWER at term 2 for REJECTED
2021-11-11 00:07:13,504 [6e133fb8-c87a-4d8d-9d3f-d688ae1cb6f8@group-B667C1C291A7-LeaderElection93] INFO  impl.RoleInfo (RoleInfo.java:shutdownLeaderElection(121)) - 6e133fb8-c87a-4d8d-9d3f-d688ae1cb6f8: shutdown 6e133fb8-c87a-4d8d-9d3f-d688ae1cb6f8@group-B667C1C291A7-LeaderElection93
2021-11-11 00:07:13,504 [6e133fb8-c87a-4d8d-9d3f-d688ae1cb6f8@group-B667C1C291A7-LeaderElection93] INFO  impl.RoleInfo (RoleInfo.java:updateAndGet(130)) - 6e133fb8-c87a-4d8d-9d3f-d688ae1cb6f8: start 6e133fb8-c87a-4d8d-9d3f-d688ae1cb6f8@group-B667C1C291A7-FollowerState
2021-11-11 00:07:13,550 [f2abff67-7f5e-423a-807c-f1c8bf0fd89e@group-B667C1C291A7-LeaderElection94] INFO  impl.LeaderElection (LeaderElection.java:askForVotes(306)) - f2abff67-7f5e-423a-807c-f1c8bf0fd89e@group-B667C1C291A7-LeaderElection94 ELECTION round 0: submit vote requests at term 2 for -1: [69aff4e4-918e-4266-92c0-ec642b93bcd5|rpc:10.1.0.10:41107|priority:1, f2abff67-7f5e-423a-807c-f1c8bf0fd89e|rpc:10.1.0.10:42673|priority:0, 6e133fb8-c87a-4d8d-9d3f-d688ae1cb6f8|rpc:10.1.0.10:38557|priority:0], old=null
2021-11-11 00:07:13,584 [grpc-default-executor-3] INFO  server.RaftServer$Division (RaftServerImpl.java:requestVote(1046)) - f2abff67-7f5e-423a-807c-f1c8bf0fd89e@group-B667C1C291A7: receive requestVote(ELECTION, 6e133fb8-c87a-4d8d-9d3f-d688ae1cb6f8, group-B667C1C291A7, 2, (t:0, i:0))
2021-11-11 00:07:13,584 [grpc-default-executor-3] INFO  impl.VoteContext (VoteContext.java:log(48)) - f2abff67-7f5e-423a-807c-f1c8bf0fd89e@group-B667C1C291A7-CANDIDATE: reject ELECTION from 6e133fb8-c87a-4d8d-9d3f-d688ae1cb6f8: already has voted for f2abff67-7f5e-423a-807c-f1c8bf0fd89e at current term 2
2021-11-11 00:07:13,584 [grpc-default-executor-3] INFO  server.RaftServer$Division (RaftServerImpl.java:requestVote(1078)) - f2abff67-7f5e-423a-807c-f1c8bf0fd89e@group-B667C1C291A7 replies to ELECTION vote request: 6e133fb8-c87a-4d8d-9d3f-d688ae1cb6f8<-f2abff67-7f5e-423a-807c-f1c8bf0fd89e#0:FAIL-t2. Peer's state: f2abff67-7f5e-423a-807c-f1c8bf0fd89e@group-B667C1C291A7:t2, leader=null, voted=f2abff67-7f5e-423a-807c-f1c8bf0fd89e, raftlog=f2abff67-7f5e-423a-807c-f1c8bf0fd89e@group-B667C1C291A7-SegmentedRaftLog:OPENED:c-1, conf=-1: [69aff4e4-918e-4266-92c0-ec642b93bcd5|rpc:10.1.0.10:41107|priority:1, f2abff67-7f5e-423a-807c-f1c8bf0fd89e|rpc:10.1.0.10:42673|priority:0, 6e133fb8-c87a-4d8d-9d3f-d688ae1cb6f8|rpc:10.1.0.10:38557|priority:0], old=null
2021-11-11 00:07:13,618 [grpc-default-executor-3] INFO  server.RaftServer$Division (RaftServerImpl.java:requestVote(1046)) - 69aff4e4-918e-4266-92c0-ec642b93bcd5@group-B667C1C291A7: receive requestVote(ELECTION, f2abff67-7f5e-423a-807c-f1c8bf0fd89e, group-B667C1C291A7, 2, (t:0, i:0))
2021-11-11 00:07:13,618 [grpc-default-executor-3] INFO  impl.VoteContext (VoteContext.java:log(48)) - 69aff4e4-918e-4266-92c0-ec642b93bcd5@group-B667C1C291A7-FOLLOWER: reject ELECTION from f2abff67-7f5e-423a-807c-f1c8bf0fd89e: our priority 1 > candidate's priority 0
2021-11-11 00:07:13,618 [grpc-default-executor-3] INFO  server.RaftServer$Division (RaftServerImpl.java:setRole(290)) - 69aff4e4-918e-4266-92c0-ec642b93bcd5@group-B667C1C291A7: changes role from  FOLLOWER to FOLLOWER at term 2 for candidate:f2abff67-7f5e-423a-807c-f1c8bf0fd89e
2021-11-11 00:07:13,619 [grpc-default-executor-3] INFO  impl.RoleInfo (RoleInfo.java:shutdownFollowerState(108)) - 69aff4e4-918e-4266-92c0-ec642b93bcd5: shutdown 69aff4e4-918e-4266-92c0-ec642b93bcd5@group-B667C1C291A7-FollowerState
2021-11-11 00:07:13,619 [grpc-default-executor-3] INFO  impl.RoleInfo (RoleInfo.java:updateAndGet(130)) - 69aff4e4-918e-4266-92c0-ec642b93bcd5: start 69aff4e4-918e-4266-92c0-ec642b93bcd5@group-B667C1C291A7-FollowerState
2021-11-11 00:07:13,622 [69aff4e4-918e-4266-92c0-ec642b93bcd5@group-B667C1C291A7-FollowerState] INFO  impl.FollowerState (FollowerState.java:run(143)) - 69aff4e4-918e-4266-92c0-ec642b93bcd5@group-B667C1C291A7-FollowerState was interrupted: {}
java.lang.InterruptedException: sleep interrupted
	at java.lang.Thread.sleep(Native Method)
	at java.lang.Thread.sleep(Thread.java:340)
	at java.util.concurrent.TimeUnit.sleep(TimeUnit.java:386)
	at org.apache.ratis.util.TimeDuration.sleep(TimeDuration.java:324)
	at org.apache.ratis.util.TimeDuration.sleep(TimeDuration.java:309)
	at org.apache.ratis.server.impl.FollowerState.run(FollowerState.java:118)
2021-11-11 00:07:13,631 [grpc-default-executor-3] INFO  server.RaftServer$Division (RaftServerImpl.java:requestVote(1078)) - 69aff4e4-918e-4266-92c0-ec642b93bcd5@group-B667C1C291A7 replies to ELECTION vote request: f2abff67-7f5e-423a-807c-f1c8bf0fd89e<-69aff4e4-918e-4266-92c0-ec642b93bcd5#0:FAIL-t2. Peer's state: 69aff4e4-918e-4266-92c0-ec642b93bcd5@group-B667C1C291A7:t2, leader=null, voted=null, raftlog=69aff4e4-918e-4266-92c0-ec642b93bcd5@group-B667C1C291A7-SegmentedRaftLog:OPENED:c-1, conf=-1: [69aff4e4-918e-4266-92c0-ec642b93bcd5|rpc:10.1.0.10:41107|dataStream:|priority:1, f2abff67-7f5e-423a-807c-f1c8bf0fd89e|rpc:10.1.0.10:42673|dataStream:|priority:0, 6e133fb8-c87a-4d8d-9d3f-d688ae1cb6f8|rpc:10.1.0.10:38557|dataStream:|priority:0], old=null
2021-11-11 00:07:13,632 [f2abff67-7f5e-423a-807c-f1c8bf0fd89e@group-B667C1C291A7-LeaderElection94] INFO  impl.LeaderElection (LeaderElection.java:logAndReturn(89)) - f2abff67-7f5e-423a-807c-f1c8bf0fd89e@group-B667C1C291A7-LeaderElection94: ELECTION REJECTED received 1 response(s) and 0 exception(s):
2021-11-11 00:07:13,632 [f2abff67-7f5e-423a-807c-f1c8bf0fd89e@group-B667C1C291A7-LeaderElection94] INFO  impl.LeaderElection (LeaderElection.java:logAndReturn(93)) -   Response 0: f2abff67-7f5e-423a-807c-f1c8bf0fd89e<-69aff4e4-918e-4266-92c0-ec642b93bcd5#0:FAIL-t2
2021-11-11 00:07:13,632 [f2abff67-7f5e-423a-807c-f1c8bf0fd89e@group-B667C1C291A7-LeaderElection94] INFO  impl.LeaderElection (LeaderElection.java:askForVotes(308)) - f2abff67-7f5e-423a-807c-f1c8bf0fd89e@group-B667C1C291A7-LeaderElection94 ELECTION round 0: result REJECTED
2021-11-11 00:07:13,632 [f2abff67-7f5e-423a-807c-f1c8bf0fd89e@group-B667C1C291A7-LeaderElection94] INFO  server.RaftServer$Division (RaftServerImpl.java:setRole(290)) - f2abff67-7f5e-423a-807c-f1c8bf0fd89e@group-B667C1C291A7: changes role from CANDIDATE to FOLLOWER at term 2 for REJECTED
2021-11-11 00:07:13,632 [f2abff67-7f5e-423a-807c-f1c8bf0fd89e@group-B667C1C291A7-LeaderElection94] INFO  impl.RoleInfo (RoleInfo.java:shutdownLeaderElection(121)) - f2abff67-7f5e-423a-807c-f1c8bf0fd89e: shutdown f2abff67-7f5e-423a-807c-f1c8bf0fd89e@group-B667C1C291A7-LeaderElection94
2021-11-11 00:07:13,632 [f2abff67-7f5e-423a-807c-f1c8bf0fd89e@group-B667C1C291A7-LeaderElection94] INFO  impl.RoleInfo (RoleInfo.java:updateAndGet(130)) - f2abff67-7f5e-423a-807c-f1c8bf0fd89e: start f2abff67-7f5e-423a-807c-f1c8bf0fd89e@group-B667C1C291A7-FollowerState
2021-11-11 00:07:13,642 [grpc-default-executor-6] INFO  server.RaftServer$Division (RaftServerImpl.java:requestVote(1046)) - 6e133fb8-c87a-4d8d-9d3f-d688ae1cb6f8@group-B667C1C291A7: receive requestVote(ELECTION, f2abff67-7f5e-423a-807c-f1c8bf0fd89e, group-B667C1C291A7, 2, (t:0, i:0))
2021-11-11 00:07:13,642 [grpc-default-executor-6] INFO  impl.VoteContext (VoteContext.java:log(48)) - 6e133fb8-c87a-4d8d-9d3f-d688ae1cb6f8@group-B667C1C291A7-FOLLOWER: reject ELECTION from f2abff67-7f5e-423a-807c-f1c8bf0fd89e: already has voted for 6e133fb8-c87a-4d8d-9d3f-d688ae1cb6f8 at current term 2
2021-11-11 00:07:13,642 [grpc-default-executor-6] INFO  server.RaftServer$Division (RaftServerImpl.java:requestVote(1078)) - 6e133fb8-c87a-4d8d-9d3f-d688ae1cb6f8@group-B667C1C291A7 replies to ELECTION vote request: f2abff67-7f5e-423a-807c-f1c8bf0fd89e<-6e133fb8-c87a-4d8d-9d3f-d688ae1cb6f8#0:FAIL-t2. Peer's state: 6e133fb8-c87a-4d8d-9d3f-d688ae1cb6f8@group-B667C1C291A7:t2, leader=null, voted=6e133fb8-c87a-4d8d-9d3f-d688ae1cb6f8, raftlog=6e133fb8-c87a-4d8d-9d3f-d688ae1cb6f8@group-B667C1C291A7-SegmentedRaftLog:OPENED:c-1, conf=-1: [69aff4e4-918e-4266-92c0-ec642b93bcd5|rpc:10.1.0.10:41107|dataStream:|priority:1, f2abff67-7f5e-423a-807c-f1c8bf0fd89e|rpc:10.1.0.10:42673|dataStream:|priority:0, 6e133fb8-c87a-4d8d-9d3f-d688ae1cb6f8|rpc:10.1.0.10:38557|dataStream:|priority:0], old=null
2021-11-11 00:07:15,911 [0d2fb367-afe0-4be7-ae24-70cd5e1a0313@group-D18AC6807E55-FollowerState] INFO  impl.FollowerState (FollowerState.java:run(134)) - 0d2fb367-afe0-4be7-ae24-70cd5e1a0313@group-D18AC6807E55-FollowerState: change to CANDIDATE, lastRpcElapsedTime:5150401537ns, electionTimeout:5143ms
2021-11-11 00:07:15,911 [0d2fb367-afe0-4be7-ae24-70cd5e1a0313@group-D18AC6807E55-FollowerState] INFO  impl.RoleInfo (RoleInfo.java:shutdownFollowerState(108)) - 0d2fb367-afe0-4be7-ae24-70cd5e1a0313: shutdown 0d2fb367-afe0-4be7-ae24-70cd5e1a0313@group-D18AC6807E55-FollowerState
2021-11-11 00:07:15,911 [0d2fb367-afe0-4be7-ae24-70cd5e1a0313@group-D18AC6807E55-FollowerState] INFO  server.RaftServer$Division (RaftServerImpl.java:setRole(290)) - 0d2fb367-afe0-4be7-ae24-70cd5e1a0313@group-D18AC6807E55: changes role from  FOLLOWER to CANDIDATE at term 3 for changeToCandidate
2021-11-11 00:07:15,911 [0d2fb367-afe0-4be7-ae24-70cd5e1a0313@group-D18AC6807E55-FollowerState] INFO  server.RaftServerConfigKeys (ConfUtils.java:logGet(44)) - raft.server.leaderelection.pre-vote = false (custom)
2021-11-11 00:07:15,911 [0d2fb367-afe0-4be7-ae24-70cd5e1a0313@group-D18AC6807E55-FollowerState] INFO  impl.RoleInfo (RoleInfo.java:updateAndGet(130)) - 0d2fb367-afe0-4be7-ae24-70cd5e1a0313: start 0d2fb367-afe0-4be7-ae24-70cd5e1a0313@group-D18AC6807E55-LeaderElection95
2021-11-11 00:07:15,918 [0d2fb367-afe0-4be7-ae24-70cd5e1a0313@group-D18AC6807E55-LeaderElection95] INFO  impl.LeaderElection (LeaderElection.java:askForVotes(306)) - 0d2fb367-afe0-4be7-ae24-70cd5e1a0313@group-D18AC6807E55-LeaderElection95 ELECTION round 0: submit vote requests at term 4 for -1: [0d2fb367-afe0-4be7-ae24-70cd5e1a0313|rpc:10.1.0.10:34699|priority:0, e5ed6742-d51a-4f99-aebb-54e43bc29342|rpc:10.1.0.10:41847|priority:1, 5b650bcb-8111-473c-88bf-b7649abefc48|rpc:10.1.0.10:34803|priority:0], old=null
2021-11-11 00:07:15,930 [grpc-default-executor-6] INFO  server.RaftServer$Division (RaftServerImpl.java:requestVote(1046)) - 5b650bcb-8111-473c-88bf-b7649abefc48@group-D18AC6807E55: receive requestVote(ELECTION, 0d2fb367-afe0-4be7-ae24-70cd5e1a0313, group-D18AC6807E55, 4, (t:0, i:0))
2021-11-11 00:07:15,930 [grpc-default-executor-6] INFO  impl.VoteContext (VoteContext.java:log(48)) - 5b650bcb-8111-473c-88bf-b7649abefc48@group-D18AC6807E55-FOLLOWER: accept ELECTION from 0d2fb367-afe0-4be7-ae24-70cd5e1a0313: our priority 0 <= candidate's priority 0
2021-11-11 00:07:15,930 [grpc-default-executor-6] INFO  server.RaftServer$Division (RaftServerImpl.java:setRole(290)) - 5b650bcb-8111-473c-88bf-b7649abefc48@group-D18AC6807E55: changes role from  FOLLOWER to FOLLOWER at term 4 for candidate:0d2fb367-afe0-4be7-ae24-70cd5e1a0313
2021-11-11 00:07:15,930 [grpc-default-executor-6] INFO  impl.RoleInfo (RoleInfo.java:shutdownFollowerState(108)) - 5b650bcb-8111-473c-88bf-b7649abefc48: shutdown 5b650bcb-8111-473c-88bf-b7649abefc48@group-D18AC6807E55-FollowerState
2021-11-11 00:07:15,930 [grpc-default-executor-6] INFO  impl.RoleInfo (RoleInfo.java:updateAndGet(130)) - 5b650bcb-8111-473c-88bf-b7649abefc48: start 5b650bcb-8111-473c-88bf-b7649abefc48@group-D18AC6807E55-FollowerState
2021-11-11 00:07:15,930 [5b650bcb-8111-473c-88bf-b7649abefc48@group-D18AC6807E55-FollowerState] INFO  impl.FollowerState (FollowerState.java:run(143)) - 5b650bcb-8111-473c-88bf-b7649abefc48@group-D18AC6807E55-FollowerState was interrupted: {}
java.lang.InterruptedException: sleep interrupted
	at java.lang.Thread.sleep(Native Method)
	at java.lang.Thread.sleep(Thread.java:340)
	at java.util.concurrent.TimeUnit.sleep(TimeUnit.java:386)
	at org.apache.ratis.util.TimeDuration.sleep(TimeDuration.java:324)
	at org.apache.ratis.util.TimeDuration.sleep(TimeDuration.java:309)
	at org.apache.ratis.server.impl.FollowerState.run(FollowerState.java:118)
2021-11-11 00:07:15,930 [e5ed6742-d51a-4f99-aebb-54e43bc29342@group-D18AC6807E55-FollowerState] INFO  impl.FollowerState (FollowerState.java:run(134)) - e5ed6742-d51a-4f99-aebb-54e43bc29342@group-D18AC6807E55-FollowerState: change to CANDIDATE, lastRpcElapsedTime:5128305421ns, electionTimeout:5092ms
2021-11-11 00:07:15,931 [e5ed6742-d51a-4f99-aebb-54e43bc29342@group-D18AC6807E55-FollowerState] INFO  impl.RoleInfo (RoleInfo.java:shutdownFollowerState(108)) - e5ed6742-d51a-4f99-aebb-54e43bc29342: shutdown e5ed6742-d51a-4f99-aebb-54e43bc29342@group-D18AC6807E55-FollowerState
2021-11-11 00:07:15,931 [e5ed6742-d51a-4f99-aebb-54e43bc29342@group-D18AC6807E55-FollowerState] INFO  server.RaftServer$Division (RaftServerImpl.java:setRole(290)) - e5ed6742-d51a-4f99-aebb-54e43bc29342@group-D18AC6807E55: changes role from  FOLLOWER to CANDIDATE at term 3 for changeToCandidate
2021-11-11 00:07:15,930 [grpc-default-executor-3] INFO  server.RaftServer$Division (RaftServerImpl.java:requestVote(1046)) - e5ed6742-d51a-4f99-aebb-54e43bc29342@group-D18AC6807E55: receive requestVote(ELECTION, 0d2fb367-afe0-4be7-ae24-70cd5e1a0313, group-D18AC6807E55, 4, (t:0, i:0))
2021-11-11 00:07:15,939 [grpc-default-executor-6] INFO  server.RaftServer$Division (RaftServerImpl.java:requestVote(1078)) - 5b650bcb-8111-473c-88bf-b7649abefc48@group-D18AC6807E55 replies to ELECTION vote request: 0d2fb367-afe0-4be7-ae24-70cd5e1a0313<-5b650bcb-8111-473c-88bf-b7649abefc48#0:OK-t4. Peer's state: 5b650bcb-8111-473c-88bf-b7649abefc48@group-D18AC6807E55:t4, leader=null, voted=0d2fb367-afe0-4be7-ae24-70cd5e1a0313, raftlog=5b650bcb-8111-473c-88bf-b7649abefc48@group-D18AC6807E55-SegmentedRaftLog:OPENED:c-1, conf=-1: [0d2fb367-afe0-4be7-ae24-70cd5e1a0313|rpc:10.1.0.10:34699|dataStream:|priority:0, e5ed6742-d51a-4f99-aebb-54e43bc29342|rpc:10.1.0.10:41847|dataStream:|priority:1, 5b650bcb-8111-473c-88bf-b7649abefc48|rpc:10.1.0.10:34803|dataStream:|priority:0], old=null
2021-11-11 00:07:15,965 [e5ed6742-d51a-4f99-aebb-54e43bc29342@group-D18AC6807E55-FollowerState] INFO  server.RaftServerConfigKeys (ConfUtils.java:logGet(44)) - raft.server.leaderelection.pre-vote = false (custom)
2021-11-11 00:07:15,965 [e5ed6742-d51a-4f99-aebb-54e43bc29342@group-D18AC6807E55-FollowerState] INFO  impl.RoleInfo (RoleInfo.java:updateAndGet(130)) - e5ed6742-d51a-4f99-aebb-54e43bc29342: start e5ed6742-d51a-4f99-aebb-54e43bc29342@group-D18AC6807E55-LeaderElection96
2021-11-11 00:07:15,968 [grpc-default-executor-3] INFO  impl.VoteContext (VoteContext.java:log(48)) - e5ed6742-d51a-4f99-aebb-54e43bc29342@group-D18AC6807E55-CANDIDATE: reject ELECTION from 0d2fb367-afe0-4be7-ae24-70cd5e1a0313: our last entry (t:2, i:0) > candidate's last entry (t:0, i:0)
2021-11-11 00:07:15,968 [grpc-default-executor-3] INFO  server.RaftServer$Division (RaftServerImpl.java:setRole(290)) - e5ed6742-d51a-4f99-aebb-54e43bc29342@group-D18AC6807E55: changes role from CANDIDATE to FOLLOWER at term 4 for candidate:0d2fb367-afe0-4be7-ae24-70cd5e1a0313
2021-11-11 00:07:15,968 [grpc-default-executor-3] INFO  impl.RoleInfo (RoleInfo.java:shutdownLeaderElection(121)) - e5ed6742-d51a-4f99-aebb-54e43bc29342: shutdown e5ed6742-d51a-4f99-aebb-54e43bc29342@group-D18AC6807E55-LeaderElection96
2021-11-11 00:07:15,968 [grpc-default-executor-3] INFO  impl.RoleInfo (RoleInfo.java:updateAndGet(130)) - e5ed6742-d51a-4f99-aebb-54e43bc29342: start e5ed6742-d51a-4f99-aebb-54e43bc29342@group-D18AC6807E55-FollowerState
2021-11-11 00:07:15,968 [e5ed6742-d51a-4f99-aebb-54e43bc29342@group-D18AC6807E55-LeaderElection96] INFO  impl.LeaderElection (LeaderElection.java:run(230)) - e5ed6742-d51a-4f99-aebb-54e43bc29342@group-D18AC6807E55-LeaderElection96: skip running since this is already CLOSING
2021-11-11 00:07:15,973 [grpc-default-executor-3] INFO  server.RaftServer$Division (RaftServerImpl.java:requestVote(1078)) - e5ed6742-d51a-4f99-aebb-54e43bc29342@group-D18AC6807E55 replies to ELECTION vote request: 0d2fb367-afe0-4be7-ae24-70cd5e1a0313<-e5ed6742-d51a-4f99-aebb-54e43bc29342#0:FAIL-t4. Peer's state: e5ed6742-d51a-4f99-aebb-54e43bc29342@group-D18AC6807E55:t4, leader=null, voted=null, raftlog=e5ed6742-d51a-4f99-aebb-54e43bc29342@group-D18AC6807E55-SegmentedRaftLog:OPENED:c-1, conf=0: [0d2fb367-afe0-4be7-ae24-70cd5e1a0313|rpc:10.1.0.10:34699|dataStream:|priority:0, e5ed6742-d51a-4f99-aebb-54e43bc29342|rpc:10.1.0.10:41847|dataStream:|priority:1, 5b650bcb-8111-473c-88bf-b7649abefc48|rpc:10.1.0.10:34803|dataStream:|priority:0], old=null
2021-11-11 00:07:15,979 [0d2fb367-afe0-4be7-ae24-70cd5e1a0313@group-D18AC6807E55-LeaderElection95] INFO  impl.LeaderElection (LeaderElection.java:logAndReturn(89)) - 0d2fb367-afe0-4be7-ae24-70cd5e1a0313@group-D18AC6807E55-LeaderElection95: ELECTION REJECTED received 2 response(s) and 0 exception(s):
2021-11-11 00:07:15,979 [0d2fb367-afe0-4be7-ae24-70cd5e1a0313@group-D18AC6807E55-LeaderElection95] INFO  impl.LeaderElection (LeaderElection.java:logAndReturn(93)) -   Response 0: 0d2fb367-afe0-4be7-ae24-70cd5e1a0313<-e5ed6742-d51a-4f99-aebb-54e43bc29342#0:FAIL-t4
2021-11-11 00:07:15,979 [0d2fb367-afe0-4be7-ae24-70cd5e1a0313@group-D18AC6807E55-LeaderElection95] INFO  impl.LeaderElection (LeaderElection.java:logAndReturn(93)) -   Response 1: 0d2fb367-afe0-4be7-ae24-70cd5e1a0313<-5b650bcb-8111-473c-88bf-b7649abefc48#0:OK-t4
2021-11-11 00:07:15,979 [0d2fb367-afe0-4be7-ae24-70cd5e1a0313@group-D18AC6807E55-LeaderElection95] INFO  impl.LeaderElection (LeaderElection.java:askForVotes(308)) - 0d2fb367-afe0-4be7-ae24-70cd5e1a0313@group-D18AC6807E55-LeaderElection95 ELECTION round 0: result REJECTED
2021-11-11 00:07:15,979 [0d2fb367-afe0-4be7-ae24-70cd5e1a0313@group-D18AC6807E55-LeaderElection95] INFO  server.RaftServer$Division (RaftServerImpl.java:setRole(290)) - 0d2fb367-afe0-4be7-ae24-70cd5e1a0313@group-D18AC6807E55: changes role from CANDIDATE to FOLLOWER at term 4 for REJECTED
2021-11-11 00:07:15,979 [0d2fb367-afe0-4be7-ae24-70cd5e1a0313@group-D18AC6807E55-LeaderElection95] INFO  impl.RoleInfo (RoleInfo.java:shutdownLeaderElection(121)) - 0d2fb367-afe0-4be7-ae24-70cd5e1a0313: shutdown 0d2fb367-afe0-4be7-ae24-70cd5e1a0313@group-D18AC6807E55-LeaderElection95
2021-11-11 00:07:15,980 [0d2fb367-afe0-4be7-ae24-70cd5e1a0313@group-D18AC6807E55-LeaderElection95] INFO  impl.RoleInfo (RoleInfo.java:updateAndGet(130)) - 0d2fb367-afe0-4be7-ae24-70cd5e1a0313: start 0d2fb367-afe0-4be7-ae24-70cd5e1a0313@group-D18AC6807E55-FollowerState
2021-11-11 00:07:18,619 [6e133fb8-c87a-4d8d-9d3f-d688ae1cb6f8@group-B667C1C291A7-FollowerState] INFO  impl.FollowerState (FollowerState.java:run(134)) - 6e133fb8-c87a-4d8d-9d3f-d688ae1cb6f8@group-B667C1C291A7-FollowerState: change to CANDIDATE, lastRpcElapsedTime:5115119911ns, electionTimeout:5094ms
2021-11-11 00:07:18,619 [6e133fb8-c87a-4d8d-9d3f-d688ae1cb6f8@group-B667C1C291A7-FollowerState] INFO  impl.RoleInfo (RoleInfo.java:shutdownFollowerState(108)) - 6e133fb8-c87a-4d8d-9d3f-d688ae1cb6f8: shutdown 6e133fb8-c87a-4d8d-9d3f-d688ae1cb6f8@group-B667C1C291A7-FollowerState
2021-11-11 00:07:18,619 [6e133fb8-c87a-4d8d-9d3f-d688ae1cb6f8@group-B667C1C291A7-FollowerState] INFO  server.RaftServer$Division (RaftServerImpl.java:setRole(290)) - 6e133fb8-c87a-4d8d-9d3f-d688ae1cb6f8@group-B667C1C291A7: changes role from  FOLLOWER to CANDIDATE at term 2 for changeToCandidate
2021-11-11 00:07:18,619 [6e133fb8-c87a-4d8d-9d3f-d688ae1cb6f8@group-B667C1C291A7-FollowerState] INFO  server.RaftServerConfigKeys (ConfUtils.java:logGet(44)) - raft.server.leaderelection.pre-vote = false (custom)
2021-11-11 00:07:18,619 [6e133fb8-c87a-4d8d-9d3f-d688ae1cb6f8@group-B667C1C291A7-FollowerState] INFO  impl.RoleInfo (RoleInfo.java:updateAndGet(130)) - 6e133fb8-c87a-4d8d-9d3f-d688ae1cb6f8: start 6e133fb8-c87a-4d8d-9d3f-d688ae1cb6f8@group-B667C1C291A7-LeaderElection97
2021-11-11 00:07:18,642 [6e133fb8-c87a-4d8d-9d3f-d688ae1cb6f8@group-B667C1C291A7-LeaderElection97] INFO  impl.LeaderElection (LeaderElection.java:askForVotes(306)) - 6e133fb8-c87a-4d8d-9d3f-d688ae1cb6f8@group-B667C1C291A7-LeaderElection97 ELECTION round 0: submit vote requests at term 3 for -1: [69aff4e4-918e-4266-92c0-ec642b93bcd5|rpc:10.1.0.10:41107|dataStream:|priority:1, f2abff67-7f5e-423a-807c-f1c8bf0fd89e|rpc:10.1.0.10:42673|dataStream:|priority:0, 6e133fb8-c87a-4d8d-9d3f-d688ae1cb6f8|rpc:10.1.0.10:38557|dataStream:|priority:0], old=null
2021-11-11 00:07:18,647 [grpc-default-executor-3] INFO  server.RaftServer$Division (RaftServerImpl.java:requestVote(1046)) - 69aff4e4-918e-4266-92c0-ec642b93bcd5@group-B667C1C291A7: receive requestVote(ELECTION, 6e133fb8-c87a-4d8d-9d3f-d688ae1cb6f8, group-B667C1C291A7, 3, (t:0, i:0))
2021-11-11 00:07:18,647 [grpc-default-executor-3] INFO  impl.VoteContext (VoteContext.java:log(48)) - 69aff4e4-918e-4266-92c0-ec642b93bcd5@group-B667C1C291A7-FOLLOWER: reject ELECTION from 6e133fb8-c87a-4d8d-9d3f-d688ae1cb6f8: our priority 1 > candidate's priority 0
2021-11-11 00:07:18,647 [grpc-default-executor-3] INFO  server.RaftServer$Division (RaftServerImpl.java:setRole(290)) - 69aff4e4-918e-4266-92c0-ec642b93bcd5@group-B667C1C291A7: changes role from  FOLLOWER to FOLLOWER at term 3 for candidate:6e133fb8-c87a-4d8d-9d3f-d688ae1cb6f8
2021-11-11 00:07:18,647 [grpc-default-executor-3] INFO  impl.RoleInfo (RoleInfo.java:shutdownFollowerState(108)) - 69aff4e4-918e-4266-92c0-ec642b93bcd5: shutdown 69aff4e4-918e-4266-92c0-ec642b93bcd5@group-B667C1C291A7-FollowerState
2021-11-11 00:07:18,647 [grpc-default-executor-3] INFO  impl.RoleInfo (RoleInfo.java:updateAndGet(130)) - 69aff4e4-918e-4266-92c0-ec642b93bcd5: start 69aff4e4-918e-4266-92c0-ec642b93bcd5@group-B667C1C291A7-FollowerState
2021-11-11 00:07:18,647 [69aff4e4-918e-4266-92c0-ec642b93bcd5@group-B667C1C291A7-FollowerState] INFO  impl.FollowerState (FollowerState.java:run(143)) - 69aff4e4-918e-4266-92c0-ec642b93bcd5@group-B667C1C291A7-FollowerState was interrupted: {}
java.lang.InterruptedException: sleep interrupted
	at java.lang.Thread.sleep(Native Method)
	at java.lang.Thread.sleep(Thread.java:340)
	at java.util.concurrent.TimeUnit.sleep(TimeUnit.java:386)
	at org.apache.ratis.util.TimeDuration.sleep(TimeDuration.java:324)
	at org.apache.ratis.util.TimeDuration.sleep(TimeDuration.java:309)
	at org.apache.ratis.server.impl.FollowerState.run(FollowerState.java:118)
2021-11-11 00:07:18,653 [grpc-default-executor-3] INFO  server.RaftServer$Division (RaftServerImpl.java:requestVote(1078)) - 69aff4e4-918e-4266-92c0-ec642b93bcd5@group-B667C1C291A7 replies to ELECTION vote request: 6e133fb8-c87a-4d8d-9d3f-d688ae1cb6f8<-69aff4e4-918e-4266-92c0-ec642b93bcd5#0:FAIL-t3. Peer's state: 69aff4e4-918e-4266-92c0-ec642b93bcd5@group-B667C1C291A7:t3, leader=null, voted=null, raftlog=69aff4e4-918e-4266-92c0-ec642b93bcd5@group-B667C1C291A7-SegmentedRaftLog:OPENED:c-1, conf=-1: [69aff4e4-918e-4266-92c0-ec642b93bcd5|rpc:10.1.0.10:41107|dataStream:|priority:1, f2abff67-7f5e-423a-807c-f1c8bf0fd89e|rpc:10.1.0.10:42673|dataStream:|priority:0, 6e133fb8-c87a-4d8d-9d3f-d688ae1cb6f8|rpc:10.1.0.10:38557|dataStream:|priority:0], old=null
2021-11-11 00:07:18,705 [6e133fb8-c87a-4d8d-9d3f-d688ae1cb6f8@group-B667C1C291A7-LeaderElection97] INFO  impl.LeaderElection (LeaderElection.java:logAndReturn(89)) - 6e133fb8-c87a-4d8d-9d3f-d688ae1cb6f8@group-B667C1C291A7-LeaderElection97: ELECTION REJECTED received 1 response(s) and 0 exception(s):
2021-11-11 00:07:18,705 [6e133fb8-c87a-4d8d-9d3f-d688ae1cb6f8@group-B667C1C291A7-LeaderElection97] INFO  impl.LeaderElection (LeaderElection.java:logAndReturn(93)) -   Response 0: 6e133fb8-c87a-4d8d-9d3f-d688ae1cb6f8<-69aff4e4-918e-4266-92c0-ec642b93bcd5#0:FAIL-t3
2021-11-11 00:07:18,705 [6e133fb8-c87a-4d8d-9d3f-d688ae1cb6f8@group-B667C1C291A7-LeaderElection97] INFO  impl.LeaderElection (LeaderElection.java:askForVotes(308)) - 6e133fb8-c87a-4d8d-9d3f-d688ae1cb6f8@group-B667C1C291A7-LeaderElection97 ELECTION round 0: result REJECTED
2021-11-11 00:07:18,705 [6e133fb8-c87a-4d8d-9d3f-d688ae1cb6f8@group-B667C1C291A7-LeaderElection97] INFO  server.RaftServer$Division (RaftServerImpl.java:setRole(290)) - 6e133fb8-c87a-4d8d-9d3f-d688ae1cb6f8@group-B667C1C291A7: changes role from CANDIDATE to FOLLOWER at term 3 for REJECTED
2021-11-11 00:07:18,705 [6e133fb8-c87a-4d8d-9d3f-d688ae1cb6f8@group-B667C1C291A7-LeaderElection97] INFO  impl.RoleInfo (RoleInfo.java:shutdownLeaderElection(121)) - 6e133fb8-c87a-4d8d-9d3f-d688ae1cb6f8: shutdown 6e133fb8-c87a-4d8d-9d3f-d688ae1cb6f8@group-B667C1C291A7-LeaderElection97
2021-11-11 00:07:18,705 [6e133fb8-c87a-4d8d-9d3f-d688ae1cb6f8@group-B667C1C291A7-LeaderElection97] INFO  impl.RoleInfo (RoleInfo.java:updateAndGet(130)) - 6e133fb8-c87a-4d8d-9d3f-d688ae1cb6f8: start 6e133fb8-c87a-4d8d-9d3f-d688ae1cb6f8@group-B667C1C291A7-FollowerState
2021-11-11 00:07:18,719 [grpc-default-executor-3] INFO  server.RaftServer$Division (RaftServerImpl.java:requestVote(1046)) - f2abff67-7f5e-423a-807c-f1c8bf0fd89e@group-B667C1C291A7: receive requestVote(ELECTION, 6e133fb8-c87a-4d8d-9d3f-d688ae1cb6f8, group-B667C1C291A7, 3, (t:0, i:0))
2021-11-11 00:07:18,719 [grpc-default-executor-3] INFO  impl.VoteContext (VoteContext.java:log(48)) - f2abff67-7f5e-423a-807c-f1c8bf0fd89e@group-B667C1C291A7-FOLLOWER: accept ELECTION from 6e133fb8-c87a-4d8d-9d3f-d688ae1cb6f8: our priority 0 <= candidate's priority 0
2021-11-11 00:07:18,719 [grpc-default-executor-3] INFO  server.RaftServer$Division (RaftServerImpl.java:setRole(290)) - f2abff67-7f5e-423a-807c-f1c8bf0fd89e@group-B667C1C291A7: changes role from  FOLLOWER to FOLLOWER at term 3 for candidate:6e133fb8-c87a-4d8d-9d3f-d688ae1cb6f8
2021-11-11 00:07:18,719 [grpc-default-executor-3] INFO  impl.RoleInfo (RoleInfo.java:shutdownFollowerState(108)) - f2abff67-7f5e-423a-807c-f1c8bf0fd89e: shutdown f2abff67-7f5e-423a-807c-f1c8bf0fd89e@group-B667C1C291A7-FollowerState
2021-11-11 00:07:18,754 [f2abff67-7f5e-423a-807c-f1c8bf0fd89e@group-B667C1C291A7-FollowerState] INFO  impl.FollowerState (FollowerState.java:run(127)) - f2abff67-7f5e-423a-807c-f1c8bf0fd89e@group-B667C1C291A7-FollowerState: Stopping now (isRunning? false, isFollower? true)
2021-11-11 00:07:18,765 [grpc-default-executor-3] INFO  impl.RoleInfo (RoleInfo.java:updateAndGet(130)) - f2abff67-7f5e-423a-807c-f1c8bf0fd89e: start f2abff67-7f5e-423a-807c-f1c8bf0fd89e@group-B667C1C291A7-FollowerState
2021-11-11 00:07:18,816 [grpc-default-executor-3] INFO  server.RaftServer$Division (RaftServerImpl.java:requestVote(1078)) - f2abff67-7f5e-423a-807c-f1c8bf0fd89e@group-B667C1C291A7 replies to ELECTION vote request: 6e133fb8-c87a-4d8d-9d3f-d688ae1cb6f8<-f2abff67-7f5e-423a-807c-f1c8bf0fd89e#0:OK-t3. Peer's state: f2abff67-7f5e-423a-807c-f1c8bf0fd89e@group-B667C1C291A7:t3, leader=null, voted=6e133fb8-c87a-4d8d-9d3f-d688ae1cb6f8, raftlog=f2abff67-7f5e-423a-807c-f1c8bf0fd89e@group-B667C1C291A7-SegmentedRaftLog:OPENED:c-1, conf=-1: [69aff4e4-918e-4266-92c0-ec642b93bcd5|rpc:10.1.0.10:41107|priority:1, f2abff67-7f5e-423a-807c-f1c8bf0fd89e|rpc:10.1.0.10:42673|priority:0, 6e133fb8-c87a-4d8d-9d3f-d688ae1cb6f8|rpc:10.1.0.10:38557|priority:0], old=null
2021-11-11 00:07:20,998 [5b650bcb-8111-473c-88bf-b7649abefc48@group-D18AC6807E55-FollowerState] INFO  impl.FollowerState (FollowerState.java:run(134)) - 5b650bcb-8111-473c-88bf-b7649abefc48@group-D18AC6807E55-FollowerState: change to CANDIDATE, lastRpcElapsedTime:5059667470ns, electionTimeout:5055ms
2021-11-11 00:07:20,999 [5b650bcb-8111-473c-88bf-b7649abefc48@group-D18AC6807E55-FollowerState] INFO  impl.RoleInfo (RoleInfo.java:shutdownFollowerState(108)) - 5b650bcb-8111-473c-88bf-b7649abefc48: shutdown 5b650bcb-8111-473c-88bf-b7649abefc48@group-D18AC6807E55-FollowerState
2021-11-11 00:07:20,999 [5b650bcb-8111-473c-88bf-b7649abefc48@group-D18AC6807E55-FollowerState] INFO  server.RaftServer$Division (RaftServerImpl.java:setRole(290)) - 5b650bcb-8111-473c-88bf-b7649abefc48@group-D18AC6807E55: changes role from  FOLLOWER to CANDIDATE at term 4 for changeToCandidate
2021-11-11 00:07:20,999 [5b650bcb-8111-473c-88bf-b7649abefc48@group-D18AC6807E55-FollowerState] INFO  server.RaftServerConfigKeys (ConfUtils.java:logGet(44)) - raft.server.leaderelection.pre-vote = false (custom)
2021-11-11 00:07:20,999 [5b650bcb-8111-473c-88bf-b7649abefc48@group-D18AC6807E55-FollowerState] INFO  impl.RoleInfo (RoleInfo.java:updateAndGet(130)) - 5b650bcb-8111-473c-88bf-b7649abefc48: start 5b650bcb-8111-473c-88bf-b7649abefc48@group-D18AC6807E55-LeaderElection98
2021-11-11 00:07:21,002 [e5ed6742-d51a-4f99-aebb-54e43bc29342@group-D18AC6807E55-FollowerState] INFO  impl.FollowerState (FollowerState.java:run(134)) - e5ed6742-d51a-4f99-aebb-54e43bc29342@group-D18AC6807E55-FollowerState: change to CANDIDATE, lastRpcElapsedTime:5033588750ns, electionTimeout:5031ms
2021-11-11 00:07:21,002 [e5ed6742-d51a-4f99-aebb-54e43bc29342@group-D18AC6807E55-FollowerState] INFO  impl.RoleInfo (RoleInfo.java:shutdownFollowerState(108)) - e5ed6742-d51a-4f99-aebb-54e43bc29342: shutdown e5ed6742-d51a-4f99-aebb-54e43bc29342@group-D18AC6807E55-FollowerState
2021-11-11 00:07:21,002 [e5ed6742-d51a-4f99-aebb-54e43bc29342@group-D18AC6807E55-FollowerState] INFO  server.RaftServer$Division (RaftServerImpl.java:setRole(290)) - e5ed6742-d51a-4f99-aebb-54e43bc29342@group-D18AC6807E55: changes role from  FOLLOWER to CANDIDATE at term 4 for changeToCandidate
2021-11-11 00:07:21,002 [e5ed6742-d51a-4f99-aebb-54e43bc29342@group-D18AC6807E55-FollowerState] INFO  server.RaftServerConfigKeys (ConfUtils.java:logGet(44)) - raft.server.leaderelection.pre-vote = false (custom)
2021-11-11 00:07:21,002 [e5ed6742-d51a-4f99-aebb-54e43bc29342@group-D18AC6807E55-FollowerState] INFO  impl.RoleInfo (RoleInfo.java:updateAndGet(130)) - e5ed6742-d51a-4f99-aebb-54e43bc29342: start e5ed6742-d51a-4f99-aebb-54e43bc29342@group-D18AC6807E55-LeaderElection99
2021-11-11 00:07:21,009 [0d2fb367-afe0-4be7-ae24-70cd5e1a0313@group-D18AC6807E55-FollowerState] INFO  impl.FollowerState (FollowerState.java:run(134)) - 0d2fb367-afe0-4be7-ae24-70cd5e1a0313@group-D18AC6807E55-FollowerState: change to CANDIDATE, lastRpcElapsedTime:5029393247ns, electionTimeout:5029ms
2021-11-11 00:07:21,009 [0d2fb367-afe0-4be7-ae24-70cd5e1a0313@group-D18AC6807E55-FollowerState] INFO  impl.RoleInfo (RoleInfo.java:shutdownFollowerState(108)) - 0d2fb367-afe0-4be7-ae24-70cd5e1a0313: shutdown 0d2fb367-afe0-4be7-ae24-70cd5e1a0313@group-D18AC6807E55-FollowerState
2021-11-11 00:07:21,009 [0d2fb367-afe0-4be7-ae24-70cd5e1a0313@group-D18AC6807E55-FollowerState] INFO  server.RaftServer$Division (RaftServerImpl.java:setRole(290)) - 0d2fb367-afe0-4be7-ae24-70cd5e1a0313@group-D18AC6807E55: changes role from  FOLLOWER to CANDIDATE at term 4 for changeToCandidate
2021-11-11 00:07:21,009 [0d2fb367-afe0-4be7-ae24-70cd5e1a0313@group-D18AC6807E55-FollowerState] INFO  server.RaftServerConfigKeys (ConfUtils.java:logGet(44)) - raft.server.leaderelection.pre-vote = false (custom)
2021-11-11 00:07:21,009 [0d2fb367-afe0-4be7-ae24-70cd5e1a0313@group-D18AC6807E55-FollowerState] INFO  impl.RoleInfo (RoleInfo.java:updateAndGet(130)) - 0d2fb367-afe0-4be7-ae24-70cd5e1a0313: start 0d2fb367-afe0-4be7-ae24-70cd5e1a0313@group-D18AC6807E55-LeaderElection100
2021-11-11 00:07:21,010 [e5ed6742-d51a-4f99-aebb-54e43bc29342@group-D18AC6807E55-LeaderElection99] INFO  impl.LeaderElection (LeaderElection.java:askForVotes(306)) - e5ed6742-d51a-4f99-aebb-54e43bc29342@group-D18AC6807E55-LeaderElection99 ELECTION round 0: submit vote requests at term 5 for 0: [0d2fb367-afe0-4be7-ae24-70cd5e1a0313|rpc:10.1.0.10:34699|dataStream:|priority:0, e5ed6742-d51a-4f99-aebb-54e43bc29342|rpc:10.1.0.10:41847|dataStream:|priority:1, 5b650bcb-8111-473c-88bf-b7649abefc48|rpc:10.1.0.10:34803|dataStream:|priority:0], old=null
2021-11-11 00:07:21,012 [0d2fb367-afe0-4be7-ae24-70cd5e1a0313@group-D18AC6807E55-LeaderElection100] INFO  impl.LeaderElection (LeaderElection.java:askForVotes(306)) - 0d2fb367-afe0-4be7-ae24-70cd5e1a0313@group-D18AC6807E55-LeaderElection100 ELECTION round 0: submit vote requests at term 5 for -1: [0d2fb367-afe0-4be7-ae24-70cd5e1a0313|rpc:10.1.0.10:34699|priority:0, e5ed6742-d51a-4f99-aebb-54e43bc29342|rpc:10.1.0.10:41847|priority:1, 5b650bcb-8111-473c-88bf-b7649abefc48|rpc:10.1.0.10:34803|priority:0], old=null
2021-11-11 00:07:21,024 [5b650bcb-8111-473c-88bf-b7649abefc48@group-D18AC6807E55-LeaderElection98] INFO  impl.LeaderElection (LeaderElection.java:askForVotes(306)) - 5b650bcb-8111-473c-88bf-b7649abefc48@group-D18AC6807E55-LeaderElection98 ELECTION round 0: submit vote requests at term 5 for -1: [0d2fb367-afe0-4be7-ae24-70cd5e1a0313|rpc:10.1.0.10:34699|dataStream:|priority:0, e5ed6742-d51a-4f99-aebb-54e43bc29342|rpc:10.1.0.10:41847|dataStream:|priority:1, 5b650bcb-8111-473c-88bf-b7649abefc48|rpc:10.1.0.10:34803|dataStream:|priority:0], old=null
2021-11-11 00:07:21,038 [grpc-default-executor-0] INFO  server.RaftServer$Division (RaftServerImpl.java:requestVote(1046)) - 5b650bcb-8111-473c-88bf-b7649abefc48@group-D18AC6807E55: receive requestVote(ELECTION, e5ed6742-d51a-4f99-aebb-54e43bc29342, group-D18AC6807E55, 5, (t:2, i:0))
2021-11-11 00:07:21,038 [grpc-default-executor-0] INFO  impl.VoteContext (VoteContext.java:log(48)) - 5b650bcb-8111-473c-88bf-b7649abefc48@group-D18AC6807E55-CANDIDATE: reject ELECTION from e5ed6742-d51a-4f99-aebb-54e43bc29342: already has voted for 5b650bcb-8111-473c-88bf-b7649abefc48 at current term 5
2021-11-11 00:07:21,038 [grpc-default-executor-0] INFO  server.RaftServer$Division (RaftServerImpl.java:requestVote(1078)) - 5b650bcb-8111-473c-88bf-b7649abefc48@group-D18AC6807E55 replies to ELECTION vote request: e5ed6742-d51a-4f99-aebb-54e43bc29342<-5b650bcb-8111-473c-88bf-b7649abefc48#0:FAIL-t5. Peer's state: 5b650bcb-8111-473c-88bf-b7649abefc48@group-D18AC6807E55:t5, leader=null, voted=5b650bcb-8111-473c-88bf-b7649abefc48, raftlog=5b650bcb-8111-473c-88bf-b7649abefc48@group-D18AC6807E55-SegmentedRaftLog:OPENED:c-1, conf=-1: [0d2fb367-afe0-4be7-ae24-70cd5e1a0313|rpc:10.1.0.10:34699|dataStream:|priority:0, e5ed6742-d51a-4f99-aebb-54e43bc29342|rpc:10.1.0.10:41847|dataStream:|priority:1, 5b650bcb-8111-473c-88bf-b7649abefc48|rpc:10.1.0.10:34803|dataStream:|priority:0], old=null
2021-11-11 00:07:21,038 [grpc-default-executor-3] INFO  server.RaftServer$Division (RaftServerImpl.java:requestVote(1046)) - e5ed6742-d51a-4f99-aebb-54e43bc29342@group-D18AC6807E55: receive requestVote(ELECTION, 0d2fb367-afe0-4be7-ae24-70cd5e1a0313, group-D18AC6807E55, 5, (t:0, i:0))
2021-11-11 00:07:21,045 [grpc-default-executor-3] INFO  impl.VoteContext (VoteContext.java:log(48)) - e5ed6742-d51a-4f99-aebb-54e43bc29342@group-D18AC6807E55-CANDIDATE: reject ELECTION from 0d2fb367-afe0-4be7-ae24-70cd5e1a0313: already has voted for e5ed6742-d51a-4f99-aebb-54e43bc29342 at current term 5
2021-11-11 00:07:21,045 [grpc-default-executor-3] INFO  server.RaftServer$Division (RaftServerImpl.java:requestVote(1078)) - e5ed6742-d51a-4f99-aebb-54e43bc29342@group-D18AC6807E55 replies to ELECTION vote request: 0d2fb367-afe0-4be7-ae24-70cd5e1a0313<-e5ed6742-d51a-4f99-aebb-54e43bc29342#0:FAIL-t5. Peer's state: e5ed6742-d51a-4f99-aebb-54e43bc29342@group-D18AC6807E55:t5, leader=null, voted=e5ed6742-d51a-4f99-aebb-54e43bc29342, raftlog=e5ed6742-d51a-4f99-aebb-54e43bc29342@group-D18AC6807E55-SegmentedRaftLog:OPENED:c-1, conf=0: [0d2fb367-afe0-4be7-ae24-70cd5e1a0313|rpc:10.1.0.10:34699|dataStream:|priority:0, e5ed6742-d51a-4f99-aebb-54e43bc29342|rpc:10.1.0.10:41847|dataStream:|priority:1, 5b650bcb-8111-473c-88bf-b7649abefc48|rpc:10.1.0.10:34803|dataStream:|priority:0], old=null
2021-11-11 00:07:21,038 [grpc-default-executor-6] INFO  server.RaftServer$Division (RaftServerImpl.java:requestVote(1046)) - 0d2fb367-afe0-4be7-ae24-70cd5e1a0313@group-D18AC6807E55: receive requestVote(ELECTION, e5ed6742-d51a-4f99-aebb-54e43bc29342, group-D18AC6807E55, 5, (t:2, i:0))
2021-11-11 00:07:21,045 [grpc-default-executor-6] INFO  impl.VoteContext (VoteContext.java:log(48)) - 0d2fb367-afe0-4be7-ae24-70cd5e1a0313@group-D18AC6807E55-CANDIDATE: reject ELECTION from e5ed6742-d51a-4f99-aebb-54e43bc29342: already has voted for 0d2fb367-afe0-4be7-ae24-70cd5e1a0313 at current term 5
2021-11-11 00:07:21,045 [grpc-default-executor-6] INFO  server.RaftServer$Division (RaftServerImpl.java:requestVote(1078)) - 0d2fb367-afe0-4be7-ae24-70cd5e1a0313@group-D18AC6807E55 replies to ELECTION vote request: e5ed6742-d51a-4f99-aebb-54e43bc29342<-0d2fb367-afe0-4be7-ae24-70cd5e1a0313#0:FAIL-t5. Peer's state: 0d2fb367-afe0-4be7-ae24-70cd5e1a0313@group-D18AC6807E55:t5, leader=null, voted=0d2fb367-afe0-4be7-ae24-70cd5e1a0313, raftlog=0d2fb367-afe0-4be7-ae24-70cd5e1a0313@group-D18AC6807E55-SegmentedRaftLog:OPENED:c-1, conf=-1: [0d2fb367-afe0-4be7-ae24-70cd5e1a0313|rpc:10.1.0.10:34699|priority:0, e5ed6742-d51a-4f99-aebb-54e43bc29342|rpc:10.1.0.10:41847|priority:1, 5b650bcb-8111-473c-88bf-b7649abefc48|rpc:10.1.0.10:34803|priority:0], old=null
2021-11-11 00:07:21,048 [0d2fb367-afe0-4be7-ae24-70cd5e1a0313@group-D18AC6807E55-LeaderElection100] INFO  impl.LeaderElection (LeaderElection.java:logAndReturn(89)) - 0d2fb367-afe0-4be7-ae24-70cd5e1a0313@group-D18AC6807E55-LeaderElection100: ELECTION REJECTED received 1 response(s) and 0 exception(s):
2021-11-11 00:07:21,048 [0d2fb367-afe0-4be7-ae24-70cd5e1a0313@group-D18AC6807E55-LeaderElection100] INFO  impl.LeaderElection (LeaderElection.java:logAndReturn(93)) -   Response 0: 0d2fb367-afe0-4be7-ae24-70cd5e1a0313<-e5ed6742-d51a-4f99-aebb-54e43bc29342#0:FAIL-t5
2021-11-11 00:07:21,048 [0d2fb367-afe0-4be7-ae24-70cd5e1a0313@group-D18AC6807E55-LeaderElection100] INFO  impl.LeaderElection (LeaderElection.java:askForVotes(308)) - 0d2fb367-afe0-4be7-ae24-70cd5e1a0313@group-D18AC6807E55-LeaderElection100 ELECTION round 0: result REJECTED
2021-11-11 00:07:21,048 [0d2fb367-afe0-4be7-ae24-70cd5e1a0313@group-D18AC6807E55-LeaderElection100] INFO  server.RaftServer$Division (RaftServerImpl.java:setRole(290)) - 0d2fb367-afe0-4be7-ae24-70cd5e1a0313@group-D18AC6807E55: changes role from CANDIDATE to FOLLOWER at term 5 for REJECTED
2021-11-11 00:07:21,048 [0d2fb367-afe0-4be7-ae24-70cd5e1a0313@group-D18AC6807E55-LeaderElection100] INFO  impl.RoleInfo (RoleInfo.java:shutdownLeaderElection(121)) - 0d2fb367-afe0-4be7-ae24-70cd5e1a0313: shutdown 0d2fb367-afe0-4be7-ae24-70cd5e1a0313@group-D18AC6807E55-LeaderElection100
2021-11-11 00:07:21,048 [0d2fb367-afe0-4be7-ae24-70cd5e1a0313@group-D18AC6807E55-LeaderElection100] INFO  impl.RoleInfo (RoleInfo.java:updateAndGet(130)) - 0d2fb367-afe0-4be7-ae24-70cd5e1a0313: start 0d2fb367-afe0-4be7-ae24-70cd5e1a0313@group-D18AC6807E55-FollowerState
2021-11-11 00:07:21,048 [e5ed6742-d51a-4f99-aebb-54e43bc29342@group-D18AC6807E55-LeaderElection99] INFO  impl.LeaderElection (LeaderElection.java:logAndReturn(89)) - e5ed6742-d51a-4f99-aebb-54e43bc29342@group-D18AC6807E55-LeaderElection99: ELECTION REJECTED received 2 response(s) and 0 exception(s):
2021-11-11 00:07:21,048 [e5ed6742-d51a-4f99-aebb-54e43bc29342@group-D18AC6807E55-LeaderElection99] INFO  impl.LeaderElection (LeaderElection.java:logAndReturn(93)) -   Response 0: e5ed6742-d51a-4f99-aebb-54e43bc29342<-0d2fb367-afe0-4be7-ae24-70cd5e1a0313#0:FAIL-t5
2021-11-11 00:07:21,048 [e5ed6742-d51a-4f99-aebb-54e43bc29342@group-D18AC6807E55-LeaderElection99] INFO  impl.LeaderElection (LeaderElection.java:logAndReturn(93)) -   Response 1: e5ed6742-d51a-4f99-aebb-54e43bc29342<-5b650bcb-8111-473c-88bf-b7649abefc48#0:FAIL-t5
2021-11-11 00:07:21,078 [grpc-default-executor-6] INFO  server.RaftServer$Division (RaftServerImpl.java:requestVote(1046)) - 5b650bcb-8111-473c-88bf-b7649abefc48@group-D18AC6807E55: receive requestVote(ELECTION, 0d2fb367-afe0-4be7-ae24-70cd5e1a0313, group-D18AC6807E55, 5, (t:0, i:0))
2021-11-11 00:07:21,078 [grpc-default-executor-6] INFO  impl.VoteContext (VoteContext.java:log(48)) - 5b650bcb-8111-473c-88bf-b7649abefc48@group-D18AC6807E55-CANDIDATE: reject ELECTION from 0d2fb367-afe0-4be7-ae24-70cd5e1a0313: already has voted for 5b650bcb-8111-473c-88bf-b7649abefc48 at current term 5
2021-11-11 00:07:21,078 [grpc-default-executor-6] INFO  server.RaftServer$Division (RaftServerImpl.java:requestVote(1078)) - 5b650bcb-8111-473c-88bf-b7649abefc48@group-D18AC6807E55 replies to ELECTION vote request: 0d2fb367-afe0-4be7-ae24-70cd5e1a0313<-5b650bcb-8111-473c-88bf-b7649abefc48#0:FAIL-t5. Peer's state: 5b650bcb-8111-473c-88bf-b7649abefc48@group-D18AC6807E55:t5, leader=null, voted=5b650bcb-8111-473c-88bf-b7649abefc48, raftlog=5b650bcb-8111-473c-88bf-b7649abefc48@group-D18AC6807E55-SegmentedRaftLog:OPENED:c-1, conf=-1: [0d2fb367-afe0-4be7-ae24-70cd5e1a0313|rpc:10.1.0.10:34699|dataStream:|priority:0, e5ed6742-d51a-4f99-aebb-54e43bc29342|rpc:10.1.0.10:41847|dataStream:|priority:1, 5b650bcb-8111-473c-88bf-b7649abefc48|rpc:10.1.0.10:34803|dataStream:|priority:0], old=null
2021-11-11 00:07:21,089 [grpc-default-executor-6] INFO  server.RaftServer$Division (RaftServerImpl.java:requestVote(1046)) - 0d2fb367-afe0-4be7-ae24-70cd5e1a0313@group-D18AC6807E55: receive requestVote(ELECTION, 5b650bcb-8111-473c-88bf-b7649abefc48, group-D18AC6807E55, 5, (t:0, i:0))
2021-11-11 00:07:21,089 [grpc-default-executor-6] INFO  impl.VoteContext (VoteContext.java:log(48)) - 0d2fb367-afe0-4be7-ae24-70cd5e1a0313@group-D18AC6807E55-FOLLOWER: reject ELECTION from 5b650bcb-8111-473c-88bf-b7649abefc48: already has voted for 0d2fb367-afe0-4be7-ae24-70cd5e1a0313 at current term 5
2021-11-11 00:07:21,089 [grpc-default-executor-6] INFO  server.RaftServer$Division (RaftServerImpl.java:requestVote(1078)) - 0d2fb367-afe0-4be7-ae24-70cd5e1a0313@group-D18AC6807E55 replies to ELECTION vote request: 5b650bcb-8111-473c-88bf-b7649abefc48<-0d2fb367-afe0-4be7-ae24-70cd5e1a0313#0:FAIL-t5. Peer's state: 0d2fb367-afe0-4be7-ae24-70cd5e1a0313@group-D18AC6807E55:t5, leader=null, voted=0d2fb367-afe0-4be7-ae24-70cd5e1a0313, raftlog=0d2fb367-afe0-4be7-ae24-70cd5e1a0313@group-D18AC6807E55-SegmentedRaftLog:OPENED:c-1, conf=-1: [0d2fb367-afe0-4be7-ae24-70cd5e1a0313|rpc:10.1.0.10:34699|priority:0, e5ed6742-d51a-4f99-aebb-54e43bc29342|rpc:10.1.0.10:41847|priority:1, 5b650bcb-8111-473c-88bf-b7649abefc48|rpc:10.1.0.10:34803|priority:0], old=null
2021-11-11 00:07:21,094 [e5ed6742-d51a-4f99-aebb-54e43bc29342@group-D18AC6807E55-LeaderElection99] INFO  impl.LeaderElection (LeaderElection.java:askForVotes(308)) - e5ed6742-d51a-4f99-aebb-54e43bc29342@group-D18AC6807E55-LeaderElection99 ELECTION round 0: result REJECTED
2021-11-11 00:07:21,094 [e5ed6742-d51a-4f99-aebb-54e43bc29342@group-D18AC6807E55-LeaderElection99] INFO  server.RaftServer$Division (RaftServerImpl.java:setRole(290)) - e5ed6742-d51a-4f99-aebb-54e43bc29342@group-D18AC6807E55: changes role from CANDIDATE to FOLLOWER at term 5 for REJECTED
2021-11-11 00:07:21,094 [e5ed6742-d51a-4f99-aebb-54e43bc29342@group-D18AC6807E55-LeaderElection99] INFO  impl.RoleInfo (RoleInfo.java:shutdownLeaderElection(121)) - e5ed6742-d51a-4f99-aebb-54e43bc29342: shutdown e5ed6742-d51a-4f99-aebb-54e43bc29342@group-D18AC6807E55-LeaderElection99
2021-11-11 00:07:21,094 [e5ed6742-d51a-4f99-aebb-54e43bc29342@group-D18AC6807E55-LeaderElection99] INFO  impl.RoleInfo (RoleInfo.java:updateAndGet(130)) - e5ed6742-d51a-4f99-aebb-54e43bc29342: start e5ed6742-d51a-4f99-aebb-54e43bc29342@group-D18AC6807E55-FollowerState
2021-11-11 00:07:21,097 [grpc-default-executor-6] INFO  server.RaftServer$Division (RaftServerImpl.java:requestVote(1046)) - e5ed6742-d51a-4f99-aebb-54e43bc29342@group-D18AC6807E55: receive requestVote(ELECTION, 5b650bcb-8111-473c-88bf-b7649abefc48, group-D18AC6807E55, 5, (t:0, i:0))
2021-11-11 00:07:21,103 [grpc-default-executor-6] INFO  impl.VoteContext (VoteContext.java:log(48)) - e5ed6742-d51a-4f99-aebb-54e43bc29342@group-D18AC6807E55-FOLLOWER: reject ELECTION from 5b650bcb-8111-473c-88bf-b7649abefc48: already has voted for e5ed6742-d51a-4f99-aebb-54e43bc29342 at current term 5
2021-11-11 00:07:21,104 [grpc-default-executor-6] INFO  server.RaftServer$Division (RaftServerImpl.java:requestVote(1078)) - e5ed6742-d51a-4f99-aebb-54e43bc29342@group-D18AC6807E55 replies to ELECTION vote request: 5b650bcb-8111-473c-88bf-b7649abefc48<-e5ed6742-d51a-4f99-aebb-54e43bc29342#0:FAIL-t5. Peer's state: e5ed6742-d51a-4f99-aebb-54e43bc29342@group-D18AC6807E55:t5, leader=null, voted=e5ed6742-d51a-4f99-aebb-54e43bc29342, raftlog=e5ed6742-d51a-4f99-aebb-54e43bc29342@group-D18AC6807E55-SegmentedRaftLog:OPENED:c-1, conf=0: [0d2fb367-afe0-4be7-ae24-70cd5e1a0313|rpc:10.1.0.10:34699|dataStream:|priority:0, e5ed6742-d51a-4f99-aebb-54e43bc29342|rpc:10.1.0.10:41847|dataStream:|priority:1, 5b650bcb-8111-473c-88bf-b7649abefc48|rpc:10.1.0.10:34803|dataStream:|priority:0], old=null
2021-11-11 00:07:21,105 [5b650bcb-8111-473c-88bf-b7649abefc48@group-D18AC6807E55-LeaderElection98] INFO  impl.LeaderElection (LeaderElection.java:logAndReturn(89)) - 5b650bcb-8111-473c-88bf-b7649abefc48@group-D18AC6807E55-LeaderElection98: ELECTION REJECTED received 2 response(s) and 0 exception(s):
2021-11-11 00:07:21,105 [5b650bcb-8111-473c-88bf-b7649abefc48@group-D18AC6807E55-LeaderElection98] INFO  impl.LeaderElection (LeaderElection.java:logAndReturn(93)) -   Response 0: 5b650bcb-8111-473c-88bf-b7649abefc48<-0d2fb367-afe0-4be7-ae24-70cd5e1a0313#0:FAIL-t5
2021-11-11 00:07:21,105 [5b650bcb-8111-473c-88bf-b7649abefc48@group-D18AC6807E55-LeaderElection98] INFO  impl.LeaderElection (LeaderElection.java:logAndReturn(93)) -   Response 1: 5b650bcb-8111-473c-88bf-b7649abefc48<-e5ed6742-d51a-4f99-aebb-54e43bc29342#0:FAIL-t5
2021-11-11 00:07:21,105 [5b650bcb-8111-473c-88bf-b7649abefc48@group-D18AC6807E55-LeaderElection98] INFO  impl.LeaderElection (LeaderElection.java:askForVotes(308)) - 5b650bcb-8111-473c-88bf-b7649abefc48@group-D18AC6807E55-LeaderElection98 ELECTION round 0: result REJECTED
2021-11-11 00:07:21,106 [5b650bcb-8111-473c-88bf-b7649abefc48@group-D18AC6807E55-LeaderElection98] INFO  server.RaftServer$Division (RaftServerImpl.java:setRole(290)) - 5b650bcb-8111-473c-88bf-b7649abefc48@group-D18AC6807E55: changes role from CANDIDATE to FOLLOWER at term 5 for REJECTED
2021-11-11 00:07:21,106 [5b650bcb-8111-473c-88bf-b7649abefc48@group-D18AC6807E55-LeaderElection98] INFO  impl.RoleInfo (RoleInfo.java:shutdownLeaderElection(121)) - 5b650bcb-8111-473c-88bf-b7649abefc48: shutdown 5b650bcb-8111-473c-88bf-b7649abefc48@group-D18AC6807E55-LeaderElection98
2021-11-11 00:07:21,106 [5b650bcb-8111-473c-88bf-b7649abefc48@group-D18AC6807E55-LeaderElection98] INFO  impl.RoleInfo (RoleInfo.java:updateAndGet(130)) - 5b650bcb-8111-473c-88bf-b7649abefc48: start 5b650bcb-8111-473c-88bf-b7649abefc48@group-D18AC6807E55-FollowerState
2021-11-11 00:07:23,657 [69aff4e4-918e-4266-92c0-ec642b93bcd5@group-B667C1C291A7-FollowerState] INFO  impl.FollowerState (FollowerState.java:run(134)) - 69aff4e4-918e-4266-92c0-ec642b93bcd5@group-B667C1C291A7-FollowerState: change to CANDIDATE, lastRpcElapsedTime:5009900233ns, electionTimeout:5006ms
2021-11-11 00:07:23,658 [69aff4e4-918e-4266-92c0-ec642b93bcd5@group-B667C1C291A7-FollowerState] INFO  impl.RoleInfo (RoleInfo.java:shutdownFollowerState(108)) - 69aff4e4-918e-4266-92c0-ec642b93bcd5: shutdown 69aff4e4-918e-4266-92c0-ec642b93bcd5@group-B667C1C291A7-FollowerState
2021-11-11 00:07:23,658 [69aff4e4-918e-4266-92c0-ec642b93bcd5@group-B667C1C291A7-FollowerState] INFO  server.RaftServer$Division (RaftServerImpl.java:setRole(290)) - 69aff4e4-918e-4266-92c0-ec642b93bcd5@group-B667C1C291A7: changes role from  FOLLOWER to CANDIDATE at term 3 for changeToCandidate
2021-11-11 00:07:23,658 [69aff4e4-918e-4266-92c0-ec642b93bcd5@group-B667C1C291A7-FollowerState] INFO  server.RaftServerConfigKeys (ConfUtils.java:logGet(44)) - raft.server.leaderelection.pre-vote = false (custom)
2021-11-11 00:07:23,658 [69aff4e4-918e-4266-92c0-ec642b93bcd5@group-B667C1C291A7-FollowerState] INFO  impl.RoleInfo (RoleInfo.java:updateAndGet(130)) - 69aff4e4-918e-4266-92c0-ec642b93bcd5: start 69aff4e4-918e-4266-92c0-ec642b93bcd5@group-B667C1C291A7-LeaderElection101
2021-11-11 00:07:23,664 [69aff4e4-918e-4266-92c0-ec642b93bcd5@group-B667C1C291A7-LeaderElection101] INFO  impl.LeaderElection (LeaderElection.java:askForVotes(306)) - 69aff4e4-918e-4266-92c0-ec642b93bcd5@group-B667C1C291A7-LeaderElection101 ELECTION round 0: submit vote requests at term 4 for -1: [69aff4e4-918e-4266-92c0-ec642b93bcd5|rpc:10.1.0.10:41107|dataStream:|priority:1, f2abff67-7f5e-423a-807c-f1c8bf0fd89e|rpc:10.1.0.10:42673|dataStream:|priority:0, 6e133fb8-c87a-4d8d-9d3f-d688ae1cb6f8|rpc:10.1.0.10:38557|dataStream:|priority:0], old=null
2021-11-11 00:07:23,675 [grpc-default-executor-6] INFO  server.RaftServer$Division (RaftServerImpl.java:requestVote(1046)) - 6e133fb8-c87a-4d8d-9d3f-d688ae1cb6f8@group-B667C1C291A7: receive requestVote(ELECTION, 69aff4e4-918e-4266-92c0-ec642b93bcd5, group-B667C1C291A7, 4, (t:0, i:0))
2021-11-11 00:07:23,675 [grpc-default-executor-6] INFO  impl.VoteContext (VoteContext.java:log(48)) - 6e133fb8-c87a-4d8d-9d3f-d688ae1cb6f8@group-B667C1C291A7-FOLLOWER: accept ELECTION from 69aff4e4-918e-4266-92c0-ec642b93bcd5: our priority 0 <= candidate's priority 1
2021-11-11 00:07:23,675 [grpc-default-executor-6] INFO  server.RaftServer$Division (RaftServerImpl.java:setRole(290)) - 6e133fb8-c87a-4d8d-9d3f-d688ae1cb6f8@group-B667C1C291A7: changes role from  FOLLOWER to FOLLOWER at term 4 for candidate:69aff4e4-918e-4266-92c0-ec642b93bcd5
2021-11-11 00:07:23,676 [grpc-default-executor-6] INFO  impl.RoleInfo (RoleInfo.java:shutdownFollowerState(108)) - 6e133fb8-c87a-4d8d-9d3f-d688ae1cb6f8: shutdown 6e133fb8-c87a-4d8d-9d3f-d688ae1cb6f8@group-B667C1C291A7-FollowerState
2021-11-11 00:07:23,676 [grpc-default-executor-6] INFO  impl.RoleInfo (RoleInfo.java:updateAndGet(130)) - 6e133fb8-c87a-4d8d-9d3f-d688ae1cb6f8: start 6e133fb8-c87a-4d8d-9d3f-d688ae1cb6f8@group-B667C1C291A7-FollowerState
2021-11-11 00:07:23,677 [6e133fb8-c87a-4d8d-9d3f-d688ae1cb6f8@group-B667C1C291A7-FollowerState] INFO  impl.FollowerState (FollowerState.java:run(143)) - 6e133fb8-c87a-4d8d-9d3f-d688ae1cb6f8@group-B667C1C291A7-FollowerState was interrupted: {}
java.lang.InterruptedException: sleep interrupted
	at java.lang.Thread.sleep(Native Method)
	at java.lang.Thread.sleep(Thread.java:340)
	at java.util.concurrent.TimeUnit.sleep(TimeUnit.java:386)
	at org.apache.ratis.util.TimeDuration.sleep(TimeDuration.java:324)
	at org.apache.ratis.util.TimeDuration.sleep(TimeDuration.java:309)
	at org.apache.ratis.server.impl.FollowerState.run(FollowerState.java:118)
2021-11-11 00:07:23,686 [grpc-default-executor-6] INFO  server.RaftServer$Division (RaftServerImpl.java:requestVote(1078)) - 6e133fb8-c87a-4d8d-9d3f-d688ae1cb6f8@group-B667C1C291A7 replies to ELECTION vote request: 69aff4e4-918e-4266-92c0-ec642b93bcd5<-6e133fb8-c87a-4d8d-9d3f-d688ae1cb6f8#0:OK-t4. Peer's state: 6e133fb8-c87a-4d8d-9d3f-d688ae1cb6f8@group-B667C1C291A7:t4, leader=null, voted=69aff4e4-918e-4266-92c0-ec642b93bcd5, raftlog=6e133fb8-c87a-4d8d-9d3f-d688ae1cb6f8@group-B667C1C291A7-SegmentedRaftLog:OPENED:c-1, conf=-1: [69aff4e4-918e-4266-92c0-ec642b93bcd5|rpc:10.1.0.10:41107|dataStream:|priority:1, f2abff67-7f5e-423a-807c-f1c8bf0fd89e|rpc:10.1.0.10:42673|dataStream:|priority:0, 6e133fb8-c87a-4d8d-9d3f-d688ae1cb6f8|rpc:10.1.0.10:38557|dataStream:|priority:0], old=null
2021-11-11 00:07:23,695 [69aff4e4-918e-4266-92c0-ec642b93bcd5@group-B667C1C291A7-LeaderElection101] INFO  impl.LeaderElection (LeaderElection.java:logAndReturn(89)) - 69aff4e4-918e-4266-92c0-ec642b93bcd5@group-B667C1C291A7-LeaderElection101: ELECTION PASSED received 1 response(s) and 0 exception(s):
2021-11-11 00:07:23,695 [69aff4e4-918e-4266-92c0-ec642b93bcd5@group-B667C1C291A7-LeaderElection101] INFO  impl.LeaderElection (LeaderElection.java:logAndReturn(93)) -   Response 0: 69aff4e4-918e-4266-92c0-ec642b93bcd5<-6e133fb8-c87a-4d8d-9d3f-d688ae1cb6f8#0:OK-t4
2021-11-11 00:07:23,695 [69aff4e4-918e-4266-92c0-ec642b93bcd5@group-B667C1C291A7-LeaderElection101] INFO  impl.LeaderElection (LeaderElection.java:askForVotes(308)) - 69aff4e4-918e-4266-92c0-ec642b93bcd5@group-B667C1C291A7-LeaderElection101 ELECTION round 0: result PASSED
2021-11-11 00:07:23,695 [69aff4e4-918e-4266-92c0-ec642b93bcd5@group-B667C1C291A7-LeaderElection101] INFO  impl.RoleInfo (RoleInfo.java:shutdownLeaderElection(121)) - 69aff4e4-918e-4266-92c0-ec642b93bcd5: shutdown 69aff4e4-918e-4266-92c0-ec642b93bcd5@group-B667C1C291A7-LeaderElection101
2021-11-11 00:07:23,695 [69aff4e4-918e-4266-92c0-ec642b93bcd5@group-B667C1C291A7-LeaderElection101] INFO  server.RaftServer$Division (RaftServerImpl.java:setRole(290)) - 69aff4e4-918e-4266-92c0-ec642b93bcd5@group-B667C1C291A7: changes role from CANDIDATE to LEADER at term 4 for changeToLeader
2021-11-11 00:07:23,695 [69aff4e4-918e-4266-92c0-ec642b93bcd5@group-B667C1C291A7-LeaderElection101] INFO  ratis.XceiverServerRatis (XceiverServerRatis.java:handleLeaderChangedNotification(866)) - Leader change notification received for group: group-B667C1C291A7 with new leaderId: 69aff4e4-918e-4266-92c0-ec642b93bcd5
2021-11-11 00:07:23,695 [69aff4e4-918e-4266-92c0-ec642b93bcd5@group-B667C1C291A7-LeaderElection101] INFO  server.RaftServer$Division (ServerState.java:setLeader(285)) - 69aff4e4-918e-4266-92c0-ec642b93bcd5@group-B667C1C291A7: change Leader from null to 69aff4e4-918e-4266-92c0-ec642b93bcd5 at term 4 for becomeLeader, leader elected after 20280ms
2021-11-11 00:07:23,695 [69aff4e4-918e-4266-92c0-ec642b93bcd5@group-B667C1C291A7-LeaderElection101] INFO  server.RaftServerConfigKeys (ConfUtils.java:logGet(44)) - raft.server.staging.catchup.gap = 1000 (default)
2021-11-11 00:07:23,696 [69aff4e4-918e-4266-92c0-ec642b93bcd5@group-B667C1C291A7-LeaderElection101] INFO  server.RaftServerConfigKeys (ConfUtils.java:logGet(44)) - raft.server.write.element-limit = 1024 (custom)
2021-11-11 00:07:23,696 [69aff4e4-918e-4266-92c0-ec642b93bcd5@group-B667C1C291A7-LeaderElection101] INFO  server.RaftServerConfigKeys (ConfUtils.java:logGet(44)) - raft.server.write.byte-limit = 1024 M (=1073741824) (custom)
2021-11-11 00:07:23,696 [69aff4e4-918e-4266-92c0-ec642b93bcd5@group-B667C1C291A7-LeaderElection101] INFO  server.RaftServerConfigKeys (ConfUtils.java:logGet(44)) - raft.server.watch.timeout = 3000ms (custom)
2021-11-11 00:07:23,696 [69aff4e4-918e-4266-92c0-ec642b93bcd5@group-B667C1C291A7-LeaderElection101] INFO  server.RaftServerConfigKeys (ConfUtils.java:logGet(44)) - raft.server.watch.timeout.denomination = 1s (default)
2021-11-11 00:07:23,696 [69aff4e4-918e-4266-92c0-ec642b93bcd5@group-B667C1C291A7-LeaderElection101] INFO  server.RaftServerConfigKeys (ConfUtils.java:logGet(44)) - raft.server.watch.element-limit = 65536 (default)
2021-11-11 00:07:23,696 [EventQueue-PipelineReportForPipelineReportHandler] INFO  pipeline.PipelineManagerImpl (PipelineManagerImpl.java:openPipeline(289)) - Pipeline Pipeline[ Id: 54cb16ec-fc10-47c0-939b-b667c1c291a7, Nodes: 6e133fb8-c87a-4d8d-9d3f-d688ae1cb6f8{ip: 10.1.0.10, host: fv-az151-339.yf2hydr00wburbhx3j5hxtcipe.bx.internal.cloudapp.net, ports: [REPLICATION=36749, RATIS=38557, RATIS_ADMIN=38557, RATIS_SERVER=38557, STANDALONE=36933], networkLocation: /default-rack, certSerialId: null, persistedOpState: IN_SERVICE, persistedOpStateExpiryEpochSec: 0}f2abff67-7f5e-423a-807c-f1c8bf0fd89e{ip: 10.1.0.10, host: fv-az151-339.yf2hydr00wburbhx3j5hxtcipe.bx.internal.cloudapp.net, ports: [REPLICATION=46829, RATIS=42673, RATIS_ADMIN=42673, RATIS_SERVER=42673, STANDALONE=45051], networkLocation: /default-rack, certSerialId: null, persistedOpState: IN_SERVICE, persistedOpStateExpiryEpochSec: 0}69aff4e4-918e-4266-92c0-ec642b93bcd5{ip: 10.1.0.10, host: fv-az151-339.yf2hydr00wburbhx3j5hxtcipe.bx.internal.cloudapp.net, ports: [REPLICATION=39313, RATIS=41107, RATIS_ADMIN=41107, RATIS_SERVER=41107, STANDALONE=40977], networkLocation: /default-rack, certSerialId: null, persistedOpState: IN_SERVICE, persistedOpStateExpiryEpochSec: 0}, ReplicationConfig: RATIS/THREE, State:ALLOCATED, leaderId:69aff4e4-918e-4266-92c0-ec642b93bcd5, CreationTimestamp2021-11-11T00:07:01.018Z[Etc/UTC]] moved to OPEN state
2021-11-11 00:07:23,697 [69aff4e4-918e-4266-92c0-ec642b93bcd5@group-B667C1C291A7-LeaderElection101] INFO  server.RaftServerConfigKeys (ConfUtils.java:logGet(44)) - raft.server.write.element-limit = 1024 (custom)
2021-11-11 00:07:23,698 [69aff4e4-918e-4266-92c0-ec642b93bcd5@group-B667C1C291A7-LeaderElection101] INFO  server.RaftServerConfigKeys (ConfUtils.java:logGet(44)) - raft.server.write.follower.gap.ratio.max = -1.0 (default)
2021-11-11 00:07:23,698 [69aff4e4-918e-4266-92c0-ec642b93bcd5@group-B667C1C291A7-LeaderElection101] INFO  server.RaftServerConfigKeys (ConfUtils.java:logGet(44)) - raft.server.log.appender.snapshot.chunk.size.max = 16MB (=16777216) (default)
2021-11-11 00:07:23,698 [grpc-default-executor-6] INFO  server.RaftServer$Division (RaftServerImpl.java:requestVote(1046)) - f2abff67-7f5e-423a-807c-f1c8bf0fd89e@group-B667C1C291A7: receive requestVote(ELECTION, 69aff4e4-918e-4266-92c0-ec642b93bcd5, group-B667C1C291A7, 4, (t:0, i:0))
2021-11-11 00:07:23,698 [grpc-default-executor-6] INFO  impl.VoteContext (VoteContext.java:log(48)) - f2abff67-7f5e-423a-807c-f1c8bf0fd89e@group-B667C1C291A7-FOLLOWER: accept ELECTION from 69aff4e4-918e-4266-92c0-ec642b93bcd5: our priority 0 <= candidate's priority 1
2021-11-11 00:07:23,698 [grpc-default-executor-6] INFO  server.RaftServer$Division (RaftServerImpl.java:setRole(290)) - f2abff67-7f5e-423a-807c-f1c8bf0fd89e@group-B667C1C291A7: changes role from  FOLLOWER to FOLLOWER at term 4 for candidate:69aff4e4-918e-4266-92c0-ec642b93bcd5
2021-11-11 00:07:23,699 [grpc-default-executor-6] INFO  impl.RoleInfo (RoleInfo.java:shutdownFollowerState(108)) - f2abff67-7f5e-423a-807c-f1c8bf0fd89e: shutdown f2abff67-7f5e-423a-807c-f1c8bf0fd89e@group-B667C1C291A7-FollowerState
2021-11-11 00:07:23,699 [grpc-default-executor-6] INFO  impl.RoleInfo (RoleInfo.java:updateAndGet(130)) - f2abff67-7f5e-423a-807c-f1c8bf0fd89e: start f2abff67-7f5e-423a-807c-f1c8bf0fd89e@group-B667C1C291A7-FollowerState
2021-11-11 00:07:23,699 [f2abff67-7f5e-423a-807c-f1c8bf0fd89e@group-B667C1C291A7-FollowerState] INFO  impl.FollowerState (FollowerState.java:run(143)) - f2abff67-7f5e-423a-807c-f1c8bf0fd89e@group-B667C1C291A7-FollowerState was interrupted: {}
java.lang.InterruptedException: sleep interrupted
	at java.lang.Thread.sleep(Native Method)
	at java.lang.Thread.sleep(Thread.java:340)
	at java.util.concurrent.TimeUnit.sleep(TimeUnit.java:386)
	at org.apache.ratis.util.TimeDuration.sleep(TimeDuration.java:324)
	at org.apache.ratis.util.TimeDuration.sleep(TimeDuration.java:309)
	at org.apache.ratis.server.impl.FollowerState.run(FollowerState.java:118)
2021-11-11 00:07:23,698 [69aff4e4-918e-4266-92c0-ec642b93bcd5@group-B667C1C291A7-LeaderElection101] INFO  server.RaftServerConfigKeys (ConfUtils.java:logGet(44)) - raft.server.log.appender.buffer.byte-limit = 33554432 (custom)
2021-11-11 00:07:23,702 [69aff4e4-918e-4266-92c0-ec642b93bcd5@group-B667C1C291A7-LeaderElection101] INFO  server.RaftServerConfigKeys (ConfUtils.java:logGet(44)) - raft.server.log.appender.buffer.element-limit = 1 (custom)
2021-11-11 00:07:23,710 [grpc-default-executor-6] INFO  server.RaftServer$Division (RaftServerImpl.java:requestVote(1078)) - f2abff67-7f5e-423a-807c-f1c8bf0fd89e@group-B667C1C291A7 replies to ELECTION vote request: 69aff4e4-918e-4266-92c0-ec642b93bcd5<-f2abff67-7f5e-423a-807c-f1c8bf0fd89e#0:OK-t4. Peer's state: f2abff67-7f5e-423a-807c-f1c8bf0fd89e@group-B667C1C291A7:t4, leader=null, voted=69aff4e4-918e-4266-92c0-ec642b93bcd5, raftlog=f2abff67-7f5e-423a-807c-f1c8bf0fd89e@group-B667C1C291A7-SegmentedRaftLog:OPENED:c-1, conf=-1: [69aff4e4-918e-4266-92c0-ec642b93bcd5|rpc:10.1.0.10:41107|priority:1, f2abff67-7f5e-423a-807c-f1c8bf0fd89e|rpc:10.1.0.10:42673|priority:0, 6e133fb8-c87a-4d8d-9d3f-d688ae1cb6f8|rpc:10.1.0.10:38557|priority:0], old=null
2021-11-11 00:07:23,735 [69aff4e4-918e-4266-92c0-ec642b93bcd5@group-B667C1C291A7-LeaderElection101] INFO  grpc.GrpcConfigKeys (ConfUtils.java:logGet(44)) - raft.grpc.server.leader.outstanding.appends.max = 128 (default)
2021-11-11 00:07:23,735 [69aff4e4-918e-4266-92c0-ec642b93bcd5@group-B667C1C291A7-LeaderElection101] INFO  server.RaftServerConfigKeys (ConfUtils.java:logGet(44)) - raft.server.rpc.request.timeout = 3000ms (default)
2021-11-11 00:07:23,735 [69aff4e4-918e-4266-92c0-ec642b93bcd5@group-B667C1C291A7-LeaderElection101] INFO  server.RaftServerConfigKeys (ConfUtils.java:logGet(44)) - raft.server.log.appender.install.snapshot.enabled = false (custom)
2021-11-11 00:07:23,737 [69aff4e4-918e-4266-92c0-ec642b93bcd5@group-B667C1C291A7-LeaderElection101] INFO  server.RaftServerConfigKeys (ConfUtils.java:logGet(44)) - raft.server.log.appender.snapshot.chunk.size.max = 16MB (=16777216) (default)
2021-11-11 00:07:23,738 [69aff4e4-918e-4266-92c0-ec642b93bcd5@group-B667C1C291A7-LeaderElection101] INFO  server.RaftServerConfigKeys (ConfUtils.java:logGet(44)) - raft.server.log.appender.buffer.byte-limit = 33554432 (custom)
2021-11-11 00:07:23,738 [69aff4e4-918e-4266-92c0-ec642b93bcd5@group-B667C1C291A7-LeaderElection101] INFO  server.RaftServerConfigKeys (ConfUtils.java:logGet(44)) - raft.server.log.appender.buffer.element-limit = 1 (custom)
2021-11-11 00:07:23,738 [69aff4e4-918e-4266-92c0-ec642b93bcd5@group-B667C1C291A7-LeaderElection101] INFO  grpc.GrpcConfigKeys (ConfUtils.java:logGet(44)) - raft.grpc.server.leader.outstanding.appends.max = 128 (default)
2021-11-11 00:07:23,738 [69aff4e4-918e-4266-92c0-ec642b93bcd5@group-B667C1C291A7-LeaderElection101] INFO  server.RaftServerConfigKeys (ConfUtils.java:logGet(44)) - raft.server.rpc.request.timeout = 3000ms (default)
2021-11-11 00:07:23,738 [69aff4e4-918e-4266-92c0-ec642b93bcd5@group-B667C1C291A7-LeaderElection101] INFO  server.RaftServerConfigKeys (ConfUtils.java:logGet(44)) - raft.server.log.appender.install.snapshot.enabled = false (custom)
2021-11-11 00:07:23,740 [69aff4e4-918e-4266-92c0-ec642b93bcd5@group-B667C1C291A7-LeaderElection101] INFO  impl.RoleInfo (RoleInfo.java:updateAndGet(130)) - 69aff4e4-918e-4266-92c0-ec642b93bcd5: start 69aff4e4-918e-4266-92c0-ec642b93bcd5@group-B667C1C291A7-LeaderStateImpl
2021-11-11 00:07:23,740 [69aff4e4-918e-4266-92c0-ec642b93bcd5@group-B667C1C291A7-LeaderElection101] INFO  segmented.SegmentedRaftLogWorker (SegmentedRaftLogWorker.java:startLogSegment(394)) - 69aff4e4-918e-4266-92c0-ec642b93bcd5@group-B667C1C291A7-SegmentedRaftLogWorker: Starting segment from index:0
2021-11-11 00:07:23,747 [69aff4e4-918e-4266-92c0-ec642b93bcd5@group-B667C1C291A7-SegmentedRaftLogWorker] INFO  segmented.SegmentedRaftLogWorker (SegmentedRaftLogWorker.java:execute(601)) - 69aff4e4-918e-4266-92c0-ec642b93bcd5@group-B667C1C291A7-SegmentedRaftLogWorker: created new log segment /home/runner/work/ozone/ozone/hadoop-ozone/integration-test/target/test-dir/MiniOzoneClusterImpl-d5f2283b-1c97-4f43-babe-75a35a923614/datanode-8/data/ratis/54cb16ec-fc10-47c0-939b-b667c1c291a7/current/log_inprogress_0
2021-11-11 00:07:23,751 [69aff4e4-918e-4266-92c0-ec642b93bcd5@group-B667C1C291A7-LeaderElection101] INFO  server.RaftServer$Division (ServerState.java:setRaftConf(387)) - 69aff4e4-918e-4266-92c0-ec642b93bcd5@group-B667C1C291A7: set configuration 0: [69aff4e4-918e-4266-92c0-ec642b93bcd5|rpc:10.1.0.10:41107|dataStream:|priority:1, f2abff67-7f5e-423a-807c-f1c8bf0fd89e|rpc:10.1.0.10:42673|dataStream:|priority:0, 6e133fb8-c87a-4d8d-9d3f-d688ae1cb6f8|rpc:10.1.0.10:38557|dataStream:|priority:0], old=null
2021-11-11 00:07:23,758 [grpc-default-executor-0] INFO  ratis.XceiverServerRatis (XceiverServerRatis.java:handleLeaderChangedNotification(866)) - Leader change notification received for group: group-B667C1C291A7 with new leaderId: 69aff4e4-918e-4266-92c0-ec642b93bcd5
2021-11-11 00:07:23,758 [grpc-default-executor-0] INFO  server.RaftServer$Division (ServerState.java:setLeader(285)) - f2abff67-7f5e-423a-807c-f1c8bf0fd89e@group-B667C1C291A7: change Leader from null to 69aff4e4-918e-4266-92c0-ec642b93bcd5 at term 4 for appendEntries, leader elected after 20628ms
2021-11-11 00:07:23,759 [grpc-default-executor-3] INFO  ratis.XceiverServerRatis (XceiverServerRatis.java:handleLeaderChangedNotification(866)) - Leader change notification received for group: group-B667C1C291A7 with new leaderId: 69aff4e4-918e-4266-92c0-ec642b93bcd5
2021-11-11 00:07:23,759 [grpc-default-executor-3] INFO  server.RaftServer$Division (ServerState.java:setLeader(285)) - 6e133fb8-c87a-4d8d-9d3f-d688ae1cb6f8@group-B667C1C291A7: change Leader from null to 69aff4e4-918e-4266-92c0-ec642b93bcd5 at term 4 for appendEntries, leader elected after 20468ms
2021-11-11 00:07:23,760 [grpc-default-executor-0] INFO  server.RaftServer$Division (ServerState.java:setRaftConf(387)) - f2abff67-7f5e-423a-807c-f1c8bf0fd89e@group-B667C1C291A7: set configuration 0: [69aff4e4-918e-4266-92c0-ec642b93bcd5|rpc:10.1.0.10:41107|dataStream:|priority:1, f2abff67-7f5e-423a-807c-f1c8bf0fd89e|rpc:10.1.0.10:42673|dataStream:|priority:0, 6e133fb8-c87a-4d8d-9d3f-d688ae1cb6f8|rpc:10.1.0.10:38557|dataStream:|priority:0], old=null
2021-11-11 00:07:23,761 [grpc-default-executor-0] INFO  segmented.SegmentedRaftLogWorker (SegmentedRaftLogWorker.java:startLogSegment(394)) - f2abff67-7f5e-423a-807c-f1c8bf0fd89e@group-B667C1C291A7-SegmentedRaftLogWorker: Starting segment from index:0
2021-11-11 00:07:23,763 [grpc-default-executor-0] INFO  server.RaftServer$Division (ServerState.java:setRaftConf(387)) - 6e133fb8-c87a-4d8d-9d3f-d688ae1cb6f8@group-B667C1C291A7: set configuration 0: [69aff4e4-918e-4266-92c0-ec642b93bcd5|rpc:10.1.0.10:41107|dataStream:|priority:1, f2abff67-7f5e-423a-807c-f1c8bf0fd89e|rpc:10.1.0.10:42673|dataStream:|priority:0, 6e133fb8-c87a-4d8d-9d3f-d688ae1cb6f8|rpc:10.1.0.10:38557|dataStream:|priority:0], old=null
2021-11-11 00:07:23,764 [grpc-default-executor-0] INFO  segmented.SegmentedRaftLogWorker (SegmentedRaftLogWorker.java:startLogSegment(394)) - 6e133fb8-c87a-4d8d-9d3f-d688ae1cb6f8@group-B667C1C291A7-SegmentedRaftLogWorker: Starting segment from index:0
2021-11-11 00:07:23,770 [6e133fb8-c87a-4d8d-9d3f-d688ae1cb6f8@group-B667C1C291A7-SegmentedRaftLogWorker] INFO  segmented.SegmentedRaftLogWorker (SegmentedRaftLogWorker.java:execute(601)) - 6e133fb8-c87a-4d8d-9d3f-d688ae1cb6f8@group-B667C1C291A7-SegmentedRaftLogWorker: created new log segment /home/runner/work/ozone/ozone/hadoop-ozone/integration-test/target/test-dir/MiniOzoneClusterImpl-d5f2283b-1c97-4f43-babe-75a35a923614/datanode-7/data/ratis/54cb16ec-fc10-47c0-939b-b667c1c291a7/current/log_inprogress_0
2021-11-11 00:07:23,771 [f2abff67-7f5e-423a-807c-f1c8bf0fd89e@group-B667C1C291A7-SegmentedRaftLogWorker] INFO  segmented.SegmentedRaftLogWorker (SegmentedRaftLogWorker.java:execute(601)) - f2abff67-7f5e-423a-807c-f1c8bf0fd89e@group-B667C1C291A7-SegmentedRaftLogWorker: created new log segment /home/runner/work/ozone/ozone/hadoop-ozone/integration-test/target/test-dir/MiniOzoneClusterImpl-d5f2283b-1c97-4f43-babe-75a35a923614/datanode-6/data/ratis/54cb16ec-fc10-47c0-939b-b667c1c291a7/current/log_inprogress_0
2021-11-11 00:07:24,336 [Listener at 127.0.0.1/36803] INFO  ozone.MiniOzoneClusterImpl (MiniOzoneClusterImpl.java:shutdown(453)) - Shutting down the Mini Ozone Cluster
2021-11-11 00:07:24,337 [Listener at 127.0.0.1/36803] INFO  ozone.MiniOzoneClusterImpl (MiniOzoneClusterImpl.java:stop(468)) - Stopping the Mini Ozone Cluster
2021-11-11 00:07:24,337 [Listener at 127.0.0.1/36803] INFO  ozone.MiniOzoneClusterImpl (MiniOzoneClusterImpl.java:stopOM(550)) - Stopping the OzoneManager
2021-11-11 00:07:24,337 [Listener at 127.0.0.1/36803] INFO  om.OzoneManager (OzoneManager.java:stop(1698)) - Stopping Ozone Manager
2021-11-11 00:07:24,337 [Listener at 127.0.0.1/36803] INFO  ipc.Server (Server.java:stop(3414)) - Stopping server on 36803
2021-11-11 00:07:24,365 [IPC Server Responder] INFO  ipc.Server (Server.java:run(1512)) - Stopping IPC Server Responder
2021-11-11 00:07:24,368 [Listener at 127.0.0.1/36803] INFO  server.RaftServer (RaftServerProxy.java:lambda$close$6(391)) - om1: close
2021-11-11 00:07:24,369 [Listener at 127.0.0.1/36803] INFO  server.RaftServer$Division (RaftServerImpl.java:lambda$close$4(412)) - om1@group-C5BA1605619E: shutdown
2021-11-11 00:07:24,369 [Listener at 127.0.0.1/36803] INFO  util.JmxRegister (JmxRegister.java:unregister(73)) - Successfully un-registered JMX Bean with object name Ratis:service=RaftServer,group=group-C5BA1605619E,id=om1
2021-11-11 00:07:24,369 [Listener at 127.0.0.1/36803] INFO  impl.RoleInfo (RoleInfo.java:shutdownLeaderState(91)) - om1: shutdown om1@group-C5BA1605619E-LeaderStateImpl
2021-11-11 00:07:24,369 [Listener at 127.0.0.1/36803] INFO  impl.PendingRequests (PendingRequests.java:sendNotLeaderResponses(282)) - om1@group-C5BA1605619E-PendingRequests: sendNotLeaderResponses
2021-11-11 00:07:24,370 [IPC Server listener on 0] INFO  ipc.Server (Server.java:run(1376)) - Stopping IPC Server listener on 0
2021-11-11 00:07:24,376 [Listener at 127.0.0.1/36803] INFO  impl.StateMachineUpdater (StateMachineUpdater.java:stopAndJoin(149)) - om1@group-C5BA1605619E-StateMachineUpdater: set stopIndex = 4
2021-11-11 00:07:24,377 [om1@group-C5BA1605619E-StateMachineUpdater] INFO  ratis.OzoneManagerStateMachine (OzoneManagerStateMachine.java:takeSnapshot(417)) - Current Snapshot Index (t:1, i:4)
2021-11-11 00:07:24,377 [om1@group-C5BA1605619E-StateMachineUpdater] INFO  impl.StateMachineUpdater (StateMachineUpdater.java:takeSnapshot(281)) - om1@group-C5BA1605619E-StateMachineUpdater: Took a snapshot at index 4
2021-11-11 00:07:24,378 [om1@group-C5BA1605619E-StateMachineUpdater] INFO  impl.StateMachineUpdater (StateMachineUpdater.java:lambda$new$0(89)) - om1@group-C5BA1605619E-StateMachineUpdater: snapshotIndex: updateIncreasingly -1 -> 4
2021-11-11 00:07:24,378 [om1@group-C5BA1605619E-StateMachineUpdater] INFO  ratis.OzoneManagerStateMachine (OzoneManagerStateMachine.java:close(471)) - StateMachine has shutdown. Shutdown OzoneManager if not already shutdown.
2021-11-11 00:07:24,378 [Listener at 127.0.0.1/36803] INFO  server.RaftServer$Division (ServerState.java:close(419)) - om1@group-C5BA1605619E: closes. applyIndex: 4
2021-11-11 00:07:24,378 [om1@group-C5BA1605619E-SegmentedRaftLogWorker] INFO  segmented.SegmentedRaftLogWorker (SegmentedRaftLogWorker.java:run(327)) - om1@group-C5BA1605619E-SegmentedRaftLogWorker was interrupted, exiting. There are 0 tasks remaining in the queue.
2021-11-11 00:07:24,384 [Listener at 127.0.0.1/36803] INFO  segmented.SegmentedRaftLogWorker (SegmentedRaftLogWorker.java:close(237)) - om1@group-C5BA1605619E-SegmentedRaftLogWorker close()
2021-11-11 00:07:24,389 [Listener at 127.0.0.1/36803] INFO  server.GrpcService (GrpcService.java:closeImpl(262)) - om1: shutdown server with port 9872 now
2021-11-11 00:07:24,397 [Listener at 127.0.0.1/36803] INFO  server.GrpcService (GrpcService.java:closeImpl(271)) - om1: shutdown server with port 9872 successfully
2021-11-11 00:07:24,397 [org.apache.ratis.util.JvmPauseMonitor$$Lambda$531/1874401182@6652d373] INFO  util.JvmPauseMonitor (JvmPauseMonitor.java:run(109)) - JvmPauseMonitor-om1: Stopped
2021-11-11 00:07:24,398 [Listener at 127.0.0.1/36803] INFO  ratis.OzoneManagerDoubleBuffer (OzoneManagerDoubleBuffer.java:stop(437)) - Stopping OMDoubleBuffer flush thread
2021-11-11 00:07:24,398 [OMDoubleBufferFlushThread] INFO  ratis.OzoneManagerDoubleBuffer (OzoneManagerDoubleBuffer.java:flushTransactions(356)) - OMDoubleBuffer flush thread OMDoubleBufferFlushThread is interrupted and will exit. OMDoubleBufferFlushThread
2021-11-11 00:07:24,399 [Listener at 127.0.0.1/36803] INFO  utils.BackgroundService (BackgroundService.java:shutdown(132)) - Shutting down service KeyDeletingService
2021-11-11 00:07:24,399 [Listener at 127.0.0.1/36803] INFO  utils.BackgroundService (BackgroundService.java:shutdown(132)) - Shutting down service DirectoryDeletingService
2021-11-11 00:07:24,400 [Listener at 127.0.0.1/36803] INFO  handler.ContextHandler (ContextHandler.java:doStop(1153)) - Stopped o.e.j.w.WebAppContext@cb419c6{ozoneManager,/,null,STOPPED}{file:/home/runner/work/ozone/ozone/hadoop-ozone/integration-test/target/test-classes/webapps/ozoneManager}
2021-11-11 00:07:24,401 [Listener at 127.0.0.1/36803] INFO  server.AbstractConnector (AbstractConnector.java:doStop(381)) - Stopped ServerConnector@43c63b8c{HTTP/1.1, (http/1.1)}{0.0.0.0:0}
2021-11-11 00:07:24,401 [Listener at 127.0.0.1/36803] INFO  server.session (HouseKeeper.java:stopScavenging(149)) - node0 Stopped scavenging
2021-11-11 00:07:24,402 [Listener at 127.0.0.1/36803] INFO  handler.ContextHandler (ContextHandler.java:doStop(1153)) - Stopped o.e.j.s.ServletContextHandler@bdc973a{static,/static,file:///home/runner/work/ozone/ozone/hadoop-ozone/integration-test/target/test-classes/webapps/static,STOPPED}
2021-11-11 00:07:24,403 [Listener at 127.0.0.1/36803] INFO  handler.ContextHandler (ContextHandler.java:doStop(1153)) - Stopped o.e.j.s.ServletContextHandler@1ef4aafe{logs,/logs,file:///home/runner/work/ozone/ozone/hadoop-ozone/integration-test/target/log,STOPPED}
2021-11-11 00:07:24,415 [Listener at 127.0.0.1/36803] INFO  ozone.MiniOzoneClusterImpl (MiniOzoneClusterImpl.java:stopDatanodes(527)) - Stopping the HddsDatanodes
2021-11-11 00:07:26,126 [0d2fb367-afe0-4be7-ae24-70cd5e1a0313@group-D18AC6807E55-FollowerState] INFO  impl.FollowerState (FollowerState.java:run(134)) - 0d2fb367-afe0-4be7-ae24-70cd5e1a0313@group-D18AC6807E55-FollowerState: change to CANDIDATE, lastRpcElapsedTime:5078241784ns, electionTimeout:5070ms
2021-11-11 00:07:26,127 [0d2fb367-afe0-4be7-ae24-70cd5e1a0313@group-D18AC6807E55-FollowerState] INFO  impl.RoleInfo (RoleInfo.java:shutdownFollowerState(108)) - 0d2fb367-afe0-4be7-ae24-70cd5e1a0313: shutdown 0d2fb367-afe0-4be7-ae24-70cd5e1a0313@group-D18AC6807E55-FollowerState
2021-11-11 00:07:26,127 [0d2fb367-afe0-4be7-ae24-70cd5e1a0313@group-D18AC6807E55-FollowerState] INFO  server.RaftServer$Division (RaftServerImpl.java:setRole(290)) - 0d2fb367-afe0-4be7-ae24-70cd5e1a0313@group-D18AC6807E55: changes role from  FOLLOWER to CANDIDATE at term 5 for changeToCandidate
2021-11-11 00:07:26,127 [0d2fb367-afe0-4be7-ae24-70cd5e1a0313@group-D18AC6807E55-FollowerState] INFO  server.RaftServerConfigKeys (ConfUtils.java:logGet(44)) - raft.server.leaderelection.pre-vote = false (custom)
2021-11-11 00:07:26,127 [0d2fb367-afe0-4be7-ae24-70cd5e1a0313@group-D18AC6807E55-FollowerState] INFO  impl.RoleInfo (RoleInfo.java:updateAndGet(130)) - 0d2fb367-afe0-4be7-ae24-70cd5e1a0313: start 0d2fb367-afe0-4be7-ae24-70cd5e1a0313@group-D18AC6807E55-LeaderElection102
2021-11-11 00:07:26,136 [0d2fb367-afe0-4be7-ae24-70cd5e1a0313@group-D18AC6807E55-LeaderElection102] INFO  impl.LeaderElection (LeaderElection.java:askForVotes(306)) - 0d2fb367-afe0-4be7-ae24-70cd5e1a0313@group-D18AC6807E55-LeaderElection102 ELECTION round 0: submit vote requests at term 6 for -1: [0d2fb367-afe0-4be7-ae24-70cd5e1a0313|rpc:10.1.0.10:34699|priority:0, e5ed6742-d51a-4f99-aebb-54e43bc29342|rpc:10.1.0.10:41847|priority:1, 5b650bcb-8111-473c-88bf-b7649abefc48|rpc:10.1.0.10:34803|priority:0], old=null
2021-11-11 00:07:26,142 [grpc-default-executor-0] INFO  server.RaftServer$Division (RaftServerImpl.java:requestVote(1046)) - e5ed6742-d51a-4f99-aebb-54e43bc29342@group-D18AC6807E55: receive requestVote(ELECTION, 0d2fb367-afe0-4be7-ae24-70cd5e1a0313, group-D18AC6807E55, 6, (t:0, i:0))
2021-11-11 00:07:26,142 [grpc-default-executor-0] INFO  impl.VoteContext (VoteContext.java:log(48)) - e5ed6742-d51a-4f99-aebb-54e43bc29342@group-D18AC6807E55-FOLLOWER: reject ELECTION from 0d2fb367-afe0-4be7-ae24-70cd5e1a0313: our last entry (t:2, i:0) > candidate's last entry (t:0, i:0)
2021-11-11 00:07:26,142 [grpc-default-executor-0] INFO  server.RaftServer$Division (RaftServerImpl.java:setRole(290)) - e5ed6742-d51a-4f99-aebb-54e43bc29342@group-D18AC6807E55: changes role from  FOLLOWER to FOLLOWER at term 6 for candidate:0d2fb367-afe0-4be7-ae24-70cd5e1a0313
2021-11-11 00:07:26,142 [grpc-default-executor-0] INFO  impl.RoleInfo (RoleInfo.java:shutdownFollowerState(108)) - e5ed6742-d51a-4f99-aebb-54e43bc29342: shutdown e5ed6742-d51a-4f99-aebb-54e43bc29342@group-D18AC6807E55-FollowerState
2021-11-11 00:07:26,157 [grpc-default-executor-0] INFO  impl.RoleInfo (RoleInfo.java:updateAndGet(130)) - e5ed6742-d51a-4f99-aebb-54e43bc29342: start e5ed6742-d51a-4f99-aebb-54e43bc29342@group-D18AC6807E55-FollowerState
2021-11-11 00:07:26,162 [grpc-default-executor-3] INFO  server.RaftServer$Division (RaftServerImpl.java:requestVote(1046)) - 5b650bcb-8111-473c-88bf-b7649abefc48@group-D18AC6807E55: receive requestVote(ELECTION, 0d2fb367-afe0-4be7-ae24-70cd5e1a0313, group-D18AC6807E55, 6, (t:0, i:0))
2021-11-11 00:07:26,162 [grpc-default-executor-3] INFO  impl.VoteContext (VoteContext.java:log(48)) - 5b650bcb-8111-473c-88bf-b7649abefc48@group-D18AC6807E55-FOLLOWER: accept ELECTION from 0d2fb367-afe0-4be7-ae24-70cd5e1a0313: our priority 0 <= candidate's priority 0
2021-11-11 00:07:26,162 [grpc-default-executor-3] INFO  server.RaftServer$Division (RaftServerImpl.java:setRole(290)) - 5b650bcb-8111-473c-88bf-b7649abefc48@group-D18AC6807E55: changes role from  FOLLOWER to FOLLOWER at term 6 for candidate:0d2fb367-afe0-4be7-ae24-70cd5e1a0313
2021-11-11 00:07:26,162 [grpc-default-executor-3] INFO  impl.RoleInfo (RoleInfo.java:shutdownFollowerState(108)) - 5b650bcb-8111-473c-88bf-b7649abefc48: shutdown 5b650bcb-8111-473c-88bf-b7649abefc48@group-D18AC6807E55-FollowerState
2021-11-11 00:07:26,162 [e5ed6742-d51a-4f99-aebb-54e43bc29342@group-D18AC6807E55-FollowerState] INFO  impl.FollowerState (FollowerState.java:run(143)) - e5ed6742-d51a-4f99-aebb-54e43bc29342@group-D18AC6807E55-FollowerState was interrupted: {}
java.lang.InterruptedException: sleep interrupted
	at java.lang.Thread.sleep(Native Method)
	at java.lang.Thread.sleep(Thread.java:340)
	at java.util.concurrent.TimeUnit.sleep(TimeUnit.java:386)
	at org.apache.ratis.util.TimeDuration.sleep(TimeDuration.java:324)
	at org.apache.ratis.util.TimeDuration.sleep(TimeDuration.java:309)
	at org.apache.ratis.server.impl.FollowerState.run(FollowerState.java:118)
2021-11-11 00:07:26,163 [grpc-default-executor-3] INFO  impl.RoleInfo (RoleInfo.java:updateAndGet(130)) - 5b650bcb-8111-473c-88bf-b7649abefc48: start 5b650bcb-8111-473c-88bf-b7649abefc48@group-D18AC6807E55-FollowerState
2021-11-11 00:07:26,164 [5b650bcb-8111-473c-88bf-b7649abefc48@group-D18AC6807E55-FollowerState] INFO  impl.FollowerState (FollowerState.java:run(143)) - 5b650bcb-8111-473c-88bf-b7649abefc48@group-D18AC6807E55-FollowerState was interrupted: {}
java.lang.InterruptedException: sleep interrupted
	at java.lang.Thread.sleep(Native Method)
	at java.lang.Thread.sleep(Thread.java:340)
	at java.util.concurrent.TimeUnit.sleep(TimeUnit.java:386)
	at org.apache.ratis.util.TimeDuration.sleep(TimeDuration.java:324)
	at org.apache.ratis.util.TimeDuration.sleep(TimeDuration.java:309)
	at org.apache.ratis.server.impl.FollowerState.run(FollowerState.java:118)
2021-11-11 00:07:26,168 [grpc-default-executor-0] INFO  server.RaftServer$Division (RaftServerImpl.java:requestVote(1078)) - e5ed6742-d51a-4f99-aebb-54e43bc29342@group-D18AC6807E55 replies to ELECTION vote request: 0d2fb367-afe0-4be7-ae24-70cd5e1a0313<-e5ed6742-d51a-4f99-aebb-54e43bc29342#0:FAIL-t6. Peer's state: e5ed6742-d51a-4f99-aebb-54e43bc29342@group-D18AC6807E55:t6, leader=null, voted=null, raftlog=e5ed6742-d51a-4f99-aebb-54e43bc29342@group-D18AC6807E55-SegmentedRaftLog:OPENED:c-1, conf=0: [0d2fb367-afe0-4be7-ae24-70cd5e1a0313|rpc:10.1.0.10:34699|dataStream:|priority:0, e5ed6742-d51a-4f99-aebb-54e43bc29342|rpc:10.1.0.10:41847|dataStream:|priority:1, 5b650bcb-8111-473c-88bf-b7649abefc48|rpc:10.1.0.10:34803|dataStream:|priority:0], old=null
2021-11-11 00:07:26,169 [0d2fb367-afe0-4be7-ae24-70cd5e1a0313@group-D18AC6807E55-LeaderElection102] INFO  impl.LeaderElection (LeaderElection.java:logAndReturn(89)) - 0d2fb367-afe0-4be7-ae24-70cd5e1a0313@group-D18AC6807E55-LeaderElection102: ELECTION REJECTED received 1 response(s) and 0 exception(s):
2021-11-11 00:07:26,169 [0d2fb367-afe0-4be7-ae24-70cd5e1a0313@group-D18AC6807E55-LeaderElection102] INFO  impl.LeaderElection (LeaderElection.java:logAndReturn(93)) -   Response 0: 0d2fb367-afe0-4be7-ae24-70cd5e1a0313<-e5ed6742-d51a-4f99-aebb-54e43bc29342#0:FAIL-t6
2021-11-11 00:07:26,169 [0d2fb367-afe0-4be7-ae24-70cd5e1a0313@group-D18AC6807E55-LeaderElection102] INFO  impl.LeaderElection (LeaderElection.java:askForVotes(308)) - 0d2fb367-afe0-4be7-ae24-70cd5e1a0313@group-D18AC6807E55-LeaderElection102 ELECTION round 0: result REJECTED
2021-11-11 00:07:26,169 [0d2fb367-afe0-4be7-ae24-70cd5e1a0313@group-D18AC6807E55-LeaderElection102] INFO  server.RaftServer$Division (RaftServerImpl.java:setRole(290)) - 0d2fb367-afe0-4be7-ae24-70cd5e1a0313@group-D18AC6807E55: changes role from CANDIDATE to FOLLOWER at term 6 for REJECTED
2021-11-11 00:07:26,169 [0d2fb367-afe0-4be7-ae24-70cd5e1a0313@group-D18AC6807E55-LeaderElection102] INFO  impl.RoleInfo (RoleInfo.java:shutdownLeaderElection(121)) - 0d2fb367-afe0-4be7-ae24-70cd5e1a0313: shutdown 0d2fb367-afe0-4be7-ae24-70cd5e1a0313@group-D18AC6807E55-LeaderElection102
2021-11-11 00:07:26,169 [0d2fb367-afe0-4be7-ae24-70cd5e1a0313@group-D18AC6807E55-LeaderElection102] INFO  impl.RoleInfo (RoleInfo.java:updateAndGet(130)) - 0d2fb367-afe0-4be7-ae24-70cd5e1a0313: start 0d2fb367-afe0-4be7-ae24-70cd5e1a0313@group-D18AC6807E55-FollowerState
2021-11-11 00:07:26,174 [grpc-default-executor-3] INFO  server.RaftServer$Division (RaftServerImpl.java:requestVote(1078)) - 5b650bcb-8111-473c-88bf-b7649abefc48@group-D18AC6807E55 replies to ELECTION vote request: 0d2fb367-afe0-4be7-ae24-70cd5e1a0313<-5b650bcb-8111-473c-88bf-b7649abefc48#0:OK-t6. Peer's state: 5b650bcb-8111-473c-88bf-b7649abefc48@group-D18AC6807E55:t6, leader=null, voted=0d2fb367-afe0-4be7-ae24-70cd5e1a0313, raftlog=5b650bcb-8111-473c-88bf-b7649abefc48@group-D18AC6807E55-SegmentedRaftLog:OPENED:c-1, conf=-1: [0d2fb367-afe0-4be7-ae24-70cd5e1a0313|rpc:10.1.0.10:34699|dataStream:|priority:0, e5ed6742-d51a-4f99-aebb-54e43bc29342|rpc:10.1.0.10:41847|dataStream:|priority:1, 5b650bcb-8111-473c-88bf-b7649abefc48|rpc:10.1.0.10:34803|dataStream:|priority:0], old=null
2021-11-11 00:07:29,416 [Listener at 127.0.0.1/36803] INFO  ozoneimpl.OzoneContainer (OzoneContainer.java:stop(325)) - Attempting to stop container services.
2021-11-11 00:07:29,417 [Listener at 127.0.0.1/36803] INFO  server.RaftServer (RaftServerProxy.java:lambda$close$6(391)) - 855159a8-46d2-4956-afe8-ac9382fc30e5: close
2021-11-11 00:07:29,417 [Listener at 127.0.0.1/36803] INFO  server.RaftServer$Division (RaftServerImpl.java:lambda$close$4(412)) - 855159a8-46d2-4956-afe8-ac9382fc30e5@group-4C1E298E4BB6: shutdown
2021-11-11 00:07:29,417 [Listener at 127.0.0.1/36803] INFO  util.JmxRegister (JmxRegister.java:unregister(73)) - Successfully un-registered JMX Bean with object name Ratis:service=RaftServer,group=group-4C1E298E4BB6,id=855159a8-46d2-4956-afe8-ac9382fc30e5
2021-11-11 00:07:29,417 [Listener at 127.0.0.1/36803] INFO  impl.RoleInfo (RoleInfo.java:shutdownFollowerState(108)) - 855159a8-46d2-4956-afe8-ac9382fc30e5: shutdown 855159a8-46d2-4956-afe8-ac9382fc30e5@group-4C1E298E4BB6-FollowerState
2021-11-11 00:07:29,418 [Listener at 127.0.0.1/36803] INFO  impl.StateMachineUpdater (StateMachineUpdater.java:stopAndJoin(149)) - 855159a8-46d2-4956-afe8-ac9382fc30e5@group-4C1E298E4BB6-StateMachineUpdater: set stopIndex = 0
2021-11-11 00:07:29,418 [ForkJoinPool.commonPool-worker-1] INFO  ozoneimpl.OzoneContainer (OzoneContainer.java:stop(325)) - Attempting to stop container services.
2021-11-11 00:07:29,418 [855159a8-46d2-4956-afe8-ac9382fc30e5@group-4C1E298E4BB6-FollowerState] INFO  impl.FollowerState (FollowerState.java:run(143)) - 855159a8-46d2-4956-afe8-ac9382fc30e5@group-4C1E298E4BB6-FollowerState was interrupted: {}
java.lang.InterruptedException: sleep interrupted
	at java.lang.Thread.sleep(Native Method)
	at java.lang.Thread.sleep(Thread.java:340)
	at java.util.concurrent.TimeUnit.sleep(TimeUnit.java:386)
	at org.apache.ratis.util.TimeDuration.sleep(TimeDuration.java:324)
	at org.apache.ratis.util.TimeDuration.sleep(TimeDuration.java:309)
	at org.apache.ratis.server.impl.FollowerState.run(FollowerState.java:118)
2021-11-11 00:07:29,418 [855159a8-46d2-4956-afe8-ac9382fc30e5@group-4C1E298E4BB6-StateMachineUpdater] INFO  ratis.ContainerStateMachine (ContainerStateMachine.java:takeSnapshot(292)) - group-4C1E298E4BB6: Taking a snapshot at:(t:2, i:0) file /home/runner/work/ozone/ozone/hadoop-ozone/integration-test/target/test-dir/MiniOzoneClusterImpl-d5f2283b-1c97-4f43-babe-75a35a923614/datanode-4/data/ratis/0ed2803a-810b-47c9-a359-4c1e298e4bb6/sm/snapshot.2_0
2021-11-11 00:07:29,419 [ForkJoinPool.commonPool-worker-1] INFO  server.RaftServer (RaftServerProxy.java:lambda$close$6(391)) - e5ed6742-d51a-4f99-aebb-54e43bc29342: close
2021-11-11 00:07:29,419 [ForkJoinPool.commonPool-worker-1] INFO  server.RaftServer$Division (RaftServerImpl.java:lambda$close$4(412)) - e5ed6742-d51a-4f99-aebb-54e43bc29342@group-D18AC6807E55: shutdown
2021-11-11 00:07:29,419 [ForkJoinPool.commonPool-worker-1] INFO  util.JmxRegister (JmxRegister.java:unregister(73)) - Successfully un-registered JMX Bean with object name Ratis:service=RaftServer,group=group-D18AC6807E55,id=e5ed6742-d51a-4f99-aebb-54e43bc29342
2021-11-11 00:07:29,419 [ForkJoinPool.commonPool-worker-1] INFO  impl.RoleInfo (RoleInfo.java:shutdownFollowerState(108)) - e5ed6742-d51a-4f99-aebb-54e43bc29342: shutdown e5ed6742-d51a-4f99-aebb-54e43bc29342@group-D18AC6807E55-FollowerState
2021-11-11 00:07:29,419 [ForkJoinPool.commonPool-worker-1] INFO  impl.StateMachineUpdater (StateMachineUpdater.java:stopAndJoin(149)) - e5ed6742-d51a-4f99-aebb-54e43bc29342@group-D18AC6807E55-StateMachineUpdater: set stopIndex = -1
2021-11-11 00:07:29,420 [e5ed6742-d51a-4f99-aebb-54e43bc29342@group-D18AC6807E55-FollowerState] INFO  impl.FollowerState (FollowerState.java:run(143)) - e5ed6742-d51a-4f99-aebb-54e43bc29342@group-D18AC6807E55-FollowerState was interrupted: {}
java.lang.InterruptedException: sleep interrupted
	at java.lang.Thread.sleep(Native Method)
	at java.lang.Thread.sleep(Thread.java:340)
	at java.util.concurrent.TimeUnit.sleep(TimeUnit.java:386)
	at org.apache.ratis.util.TimeDuration.sleep(TimeDuration.java:324)
	at org.apache.ratis.util.TimeDuration.sleep(TimeDuration.java:309)
	at org.apache.ratis.server.impl.FollowerState.run(FollowerState.java:118)
2021-11-11 00:07:29,421 [ForkJoinPool.commonPool-worker-1] INFO  server.RaftServer$Division (ServerState.java:close(419)) - e5ed6742-d51a-4f99-aebb-54e43bc29342@group-D18AC6807E55: closes. applyIndex: -1
2021-11-11 00:07:29,421 [e5ed6742-d51a-4f99-aebb-54e43bc29342@group-D18AC6807E55-SegmentedRaftLogWorker] INFO  segmented.SegmentedRaftLogWorker (SegmentedRaftLogWorker.java:run(327)) - e5ed6742-d51a-4f99-aebb-54e43bc29342@group-D18AC6807E55-SegmentedRaftLogWorker was interrupted, exiting. There are 0 tasks remaining in the queue.
2021-11-11 00:07:29,421 [855159a8-46d2-4956-afe8-ac9382fc30e5@group-4C1E298E4BB6-StateMachineUpdater] INFO  ratis.ContainerStateMachine (ContainerStateMachine.java:takeSnapshot(303)) - group-4C1E298E4BB6: Finished taking a snapshot at:(t:2, i:0) file:/home/runner/work/ozone/ozone/hadoop-ozone/integration-test/target/test-dir/MiniOzoneClusterImpl-d5f2283b-1c97-4f43-babe-75a35a923614/datanode-4/data/ratis/0ed2803a-810b-47c9-a359-4c1e298e4bb6/sm/snapshot.2_0 took: 3 ms
2021-11-11 00:07:29,421 [855159a8-46d2-4956-afe8-ac9382fc30e5@group-4C1E298E4BB6-StateMachineUpdater] INFO  impl.StateMachineUpdater (StateMachineUpdater.java:takeSnapshot(281)) - 855159a8-46d2-4956-afe8-ac9382fc30e5@group-4C1E298E4BB6-StateMachineUpdater: Took a snapshot at index 0
2021-11-11 00:07:29,421 [855159a8-46d2-4956-afe8-ac9382fc30e5@group-4C1E298E4BB6-StateMachineUpdater] INFO  impl.StateMachineUpdater (StateMachineUpdater.java:lambda$new$0(89)) - 855159a8-46d2-4956-afe8-ac9382fc30e5@group-4C1E298E4BB6-StateMachineUpdater: snapshotIndex: updateIncreasingly -1 -> 0
2021-11-11 00:07:29,426 [ForkJoinPool.commonPool-worker-1] INFO  segmented.SegmentedRaftLogWorker (SegmentedRaftLogWorker.java:close(237)) - e5ed6742-d51a-4f99-aebb-54e43bc29342@group-D18AC6807E55-SegmentedRaftLogWorker close()
2021-11-11 00:07:29,427 [ForkJoinPool.commonPool-worker-1] INFO  server.RaftServer$Division (RaftServerImpl.java:lambda$close$4(412)) - e5ed6742-d51a-4f99-aebb-54e43bc29342@group-EA1CCE7752FB: shutdown
2021-11-11 00:07:29,427 [ForkJoinPool.commonPool-worker-1] INFO  util.JmxRegister (JmxRegister.java:unregister(73)) - Successfully un-registered JMX Bean with object name Ratis:service=RaftServer,group=group-EA1CCE7752FB,id=e5ed6742-d51a-4f99-aebb-54e43bc29342
2021-11-11 00:07:29,427 [ForkJoinPool.commonPool-worker-1] INFO  impl.RoleInfo (RoleInfo.java:shutdownLeaderState(91)) - e5ed6742-d51a-4f99-aebb-54e43bc29342: shutdown e5ed6742-d51a-4f99-aebb-54e43bc29342@group-EA1CCE7752FB-LeaderStateImpl
2021-11-11 00:07:29,427 [ForkJoinPool.commonPool-worker-1] INFO  impl.PendingRequests (PendingRequests.java:sendNotLeaderResponses(282)) - e5ed6742-d51a-4f99-aebb-54e43bc29342@group-EA1CCE7752FB-PendingRequests: sendNotLeaderResponses
2021-11-11 00:07:29,428 [ForkJoinPool.commonPool-worker-1] INFO  impl.StateMachineUpdater (StateMachineUpdater.java:stopAndJoin(149)) - e5ed6742-d51a-4f99-aebb-54e43bc29342@group-EA1CCE7752FB-StateMachineUpdater: set stopIndex = 0
2021-11-11 00:07:29,431 [e5ed6742-d51a-4f99-aebb-54e43bc29342@group-EA1CCE7752FB-StateMachineUpdater] INFO  ratis.ContainerStateMachine (ContainerStateMachine.java:takeSnapshot(292)) - group-EA1CCE7752FB: Taking a snapshot at:(t:1, i:0) file /home/runner/work/ozone/ozone/hadoop-ozone/integration-test/target/test-dir/MiniOzoneClusterImpl-d5f2283b-1c97-4f43-babe-75a35a923614/datanode-2/data/ratis/b7a77d92-3049-465a-8452-ea1cce7752fb/sm/snapshot.1_0
2021-11-11 00:07:29,432 [e5ed6742-d51a-4f99-aebb-54e43bc29342@group-EA1CCE7752FB-StateMachineUpdater] INFO  ratis.ContainerStateMachine (ContainerStateMachine.java:takeSnapshot(303)) - group-EA1CCE7752FB: Finished taking a snapshot at:(t:1, i:0) file:/home/runner/work/ozone/ozone/hadoop-ozone/integration-test/target/test-dir/MiniOzoneClusterImpl-d5f2283b-1c97-4f43-babe-75a35a923614/datanode-2/data/ratis/b7a77d92-3049-465a-8452-ea1cce7752fb/sm/snapshot.1_0 took: 1 ms
2021-11-11 00:07:29,433 [e5ed6742-d51a-4f99-aebb-54e43bc29342@group-EA1CCE7752FB-StateMachineUpdater] INFO  impl.StateMachineUpdater (StateMachineUpdater.java:takeSnapshot(281)) - e5ed6742-d51a-4f99-aebb-54e43bc29342@group-EA1CCE7752FB-StateMachineUpdater: Took a snapshot at index 0
2021-11-11 00:07:29,433 [e5ed6742-d51a-4f99-aebb-54e43bc29342@group-EA1CCE7752FB-StateMachineUpdater] INFO  impl.StateMachineUpdater (StateMachineUpdater.java:lambda$new$0(89)) - e5ed6742-d51a-4f99-aebb-54e43bc29342@group-EA1CCE7752FB-StateMachineUpdater: snapshotIndex: updateIncreasingly -1 -> 0
2021-11-11 00:07:29,433 [ForkJoinPool.commonPool-worker-1] INFO  server.RaftServer$Division (ServerState.java:close(419)) - e5ed6742-d51a-4f99-aebb-54e43bc29342@group-EA1CCE7752FB: closes. applyIndex: 0
2021-11-11 00:07:29,433 [e5ed6742-d51a-4f99-aebb-54e43bc29342@group-EA1CCE7752FB-SegmentedRaftLogWorker] INFO  segmented.SegmentedRaftLogWorker (SegmentedRaftLogWorker.java:run(327)) - e5ed6742-d51a-4f99-aebb-54e43bc29342@group-EA1CCE7752FB-SegmentedRaftLogWorker was interrupted, exiting. There are 0 tasks remaining in the queue.
2021-11-11 00:07:29,435 [ForkJoinPool.commonPool-worker-1] INFO  segmented.SegmentedRaftLogWorker (SegmentedRaftLogWorker.java:close(237)) - e5ed6742-d51a-4f99-aebb-54e43bc29342@group-EA1CCE7752FB-SegmentedRaftLogWorker close()
2021-11-11 00:07:29,441 [ForkJoinPool.commonPool-worker-1] INFO  server.GrpcService (GrpcService.java:closeImpl(262)) - e5ed6742-d51a-4f99-aebb-54e43bc29342: shutdown server with port 41847 now
2021-11-11 00:07:29,442 [grpc-default-executor-0] WARN  client.GrpcClientProtocolService (LogUtils.java:warn(122)) - 1-OrderedRequestStreamObserver1: onError: org.apache.ratis.thirdparty.io.grpc.StatusRuntimeException: CANCELLED: client cancelled
2021-11-11 00:07:29,462 [Listener at 127.0.0.1/36803] INFO  server.RaftServer$Division (ServerState.java:close(419)) - 855159a8-46d2-4956-afe8-ac9382fc30e5@group-4C1E298E4BB6: closes. applyIndex: 0
2021-11-11 00:07:29,463 [855159a8-46d2-4956-afe8-ac9382fc30e5@group-4C1E298E4BB6-SegmentedRaftLogWorker] INFO  segmented.SegmentedRaftLogWorker (SegmentedRaftLogWorker.java:run(327)) - 855159a8-46d2-4956-afe8-ac9382fc30e5@group-4C1E298E4BB6-SegmentedRaftLogWorker was interrupted, exiting. There are 0 tasks remaining in the queue.
2021-11-11 00:07:29,488 [Listener at 127.0.0.1/36803] INFO  segmented.SegmentedRaftLogWorker (SegmentedRaftLogWorker.java:close(237)) - 855159a8-46d2-4956-afe8-ac9382fc30e5@group-4C1E298E4BB6-SegmentedRaftLogWorker close()
2021-11-11 00:07:29,490 [Listener at 127.0.0.1/36803] INFO  server.RaftServer$Division (RaftServerImpl.java:lambda$close$4(412)) - 855159a8-46d2-4956-afe8-ac9382fc30e5@group-EAD26FA73F49: shutdown
2021-11-11 00:07:29,490 [Listener at 127.0.0.1/36803] INFO  util.JmxRegister (JmxRegister.java:unregister(73)) - Successfully un-registered JMX Bean with object name Ratis:service=RaftServer,group=group-EAD26FA73F49,id=855159a8-46d2-4956-afe8-ac9382fc30e5
2021-11-11 00:07:29,490 [Listener at 127.0.0.1/36803] INFO  impl.RoleInfo (RoleInfo.java:shutdownLeaderState(91)) - 855159a8-46d2-4956-afe8-ac9382fc30e5: shutdown 855159a8-46d2-4956-afe8-ac9382fc30e5@group-EAD26FA73F49-LeaderStateImpl
2021-11-11 00:07:29,490 [Listener at 127.0.0.1/36803] INFO  impl.PendingRequests (PendingRequests.java:sendNotLeaderResponses(282)) - 855159a8-46d2-4956-afe8-ac9382fc30e5@group-EAD26FA73F49-PendingRequests: sendNotLeaderResponses
2021-11-11 00:07:29,492 [Listener at 127.0.0.1/36803] INFO  impl.StateMachineUpdater (StateMachineUpdater.java:stopAndJoin(149)) - 855159a8-46d2-4956-afe8-ac9382fc30e5@group-EAD26FA73F49-StateMachineUpdater: set stopIndex = 0
2021-11-11 00:07:29,492 [855159a8-46d2-4956-afe8-ac9382fc30e5@group-EAD26FA73F49-StateMachineUpdater] INFO  ratis.ContainerStateMachine (ContainerStateMachine.java:takeSnapshot(292)) - group-EAD26FA73F49: Taking a snapshot at:(t:1, i:0) file /home/runner/work/ozone/ozone/hadoop-ozone/integration-test/target/test-dir/MiniOzoneClusterImpl-d5f2283b-1c97-4f43-babe-75a35a923614/datanode-4/data/ratis/017c3729-644e-466c-86bc-ead26fa73f49/sm/snapshot.1_0
2021-11-11 00:07:29,493 [855159a8-46d2-4956-afe8-ac9382fc30e5@group-EAD26FA73F49-StateMachineUpdater] INFO  ratis.ContainerStateMachine (ContainerStateMachine.java:takeSnapshot(303)) - group-EAD26FA73F49: Finished taking a snapshot at:(t:1, i:0) file:/home/runner/work/ozone/ozone/hadoop-ozone/integration-test/target/test-dir/MiniOzoneClusterImpl-d5f2283b-1c97-4f43-babe-75a35a923614/datanode-4/data/ratis/017c3729-644e-466c-86bc-ead26fa73f49/sm/snapshot.1_0 took: 1 ms
2021-11-11 00:07:29,493 [855159a8-46d2-4956-afe8-ac9382fc30e5@group-EAD26FA73F49-StateMachineUpdater] INFO  impl.StateMachineUpdater (StateMachineUpdater.java:takeSnapshot(281)) - 855159a8-46d2-4956-afe8-ac9382fc30e5@group-EAD26FA73F49-StateMachineUpdater: Took a snapshot at index 0
2021-11-11 00:07:29,493 [855159a8-46d2-4956-afe8-ac9382fc30e5@group-EAD26FA73F49-StateMachineUpdater] INFO  impl.StateMachineUpdater (StateMachineUpdater.java:lambda$new$0(89)) - 855159a8-46d2-4956-afe8-ac9382fc30e5@group-EAD26FA73F49-StateMachineUpdater: snapshotIndex: updateIncreasingly -1 -> 0
2021-11-11 00:07:29,494 [Listener at 127.0.0.1/36803] INFO  server.RaftServer$Division (ServerState.java:close(419)) - 855159a8-46d2-4956-afe8-ac9382fc30e5@group-EAD26FA73F49: closes. applyIndex: 0
2021-11-11 00:07:29,496 [855159a8-46d2-4956-afe8-ac9382fc30e5@group-EAD26FA73F49-SegmentedRaftLogWorker] INFO  segmented.SegmentedRaftLogWorker (SegmentedRaftLogWorker.java:run(327)) - 855159a8-46d2-4956-afe8-ac9382fc30e5@group-EAD26FA73F49-SegmentedRaftLogWorker was interrupted, exiting. There are 0 tasks remaining in the queue.
2021-11-11 00:07:29,503 [Listener at 127.0.0.1/36803] INFO  segmented.SegmentedRaftLogWorker (SegmentedRaftLogWorker.java:close(237)) - 855159a8-46d2-4956-afe8-ac9382fc30e5@group-EAD26FA73F49-SegmentedRaftLogWorker close()
2021-11-11 00:07:29,504 [ForkJoinPool.commonPool-worker-1] INFO  server.GrpcService (GrpcService.java:closeImpl(271)) - e5ed6742-d51a-4f99-aebb-54e43bc29342: shutdown server with port 41847 successfully
2021-11-11 00:07:29,504 [Listener at 127.0.0.1/36803] INFO  server.GrpcService (GrpcService.java:closeImpl(262)) - 855159a8-46d2-4956-afe8-ac9382fc30e5: shutdown server with port 42821 now
2021-11-11 00:07:29,508 [grpc-default-executor-3] WARN  server.GrpcServerProtocolService (LogUtils.java:warn(122)) - 855159a8-46d2-4956-afe8-ac9382fc30e5: installSnapshot onError, lastRequest: 6b695e55-6982-478b-aea3-481865f298ec->855159a8-46d2-4956-afe8-ac9382fc30e5#1-t2,previous=(t:0, i:0),leaderCommit=0,initializing? true,entries: size=1, first=(t:2, i:0), CONFIGURATIONENTRY: org.apache.ratis.thirdparty.io.grpc.StatusRuntimeException: CANCELLED: client cancelled
2021-11-11 00:07:29,504 [org.apache.ratis.util.JvmPauseMonitor$$Lambda$531/1874401182@4a85fd3f] INFO  util.JvmPauseMonitor (JvmPauseMonitor.java:run(109)) - JvmPauseMonitor-e5ed6742-d51a-4f99-aebb-54e43bc29342: Stopped
2021-11-11 00:07:29,521 [Listener at 127.0.0.1/36803] INFO  server.GrpcService (GrpcService.java:closeImpl(271)) - 855159a8-46d2-4956-afe8-ac9382fc30e5: shutdown server with port 42821 successfully
2021-11-11 00:07:29,537 [grpc-default-executor-6] WARN  server.GrpcLogAppender (LogUtils.java:warn(122)) - 6b695e55-6982-478b-aea3-481865f298ec@group-4C1E298E4BB6->855159a8-46d2-4956-afe8-ac9382fc30e5-AppendLogResponseHandler: Failed appendEntries: org.apache.ratis.thirdparty.io.grpc.StatusRuntimeException: CANCELLED: HTTP/2 error code: CANCEL
Received Rst Stream
2021-11-11 00:07:29,538 [org.apache.ratis.util.JvmPauseMonitor$$Lambda$531/1874401182@25d3d9d1] INFO  util.JvmPauseMonitor (JvmPauseMonitor.java:run(109)) - JvmPauseMonitor-855159a8-46d2-4956-afe8-ac9382fc30e5: Stopped
2021-11-11 00:07:29,540 [grpc-default-executor-6] WARN  server.GrpcLogAppender (GrpcLogAppender.java:resetClient(110)) - 6b695e55-6982-478b-aea3-481865f298ec@group-4C1E298E4BB6->855159a8-46d2-4956-afe8-ac9382fc30e5-GrpcLogAppender: Leader has not got in touch with Follower 6b695e55-6982-478b-aea3-481865f298ec@group-4C1E298E4BB6->855159a8-46d2-4956-afe8-ac9382fc30e5(c0,m0,n1, attendVote=true, lastRpcSendTime=2136, lastRpcResponseTime=2129) yet, just keep nextIndex unchanged and retry.
2021-11-11 00:07:29,606 [Listener at 127.0.0.1/36803] INFO  utils.BackgroundService (BackgroundService.java:shutdown(132)) - Shutting down service BlockDeletingService
2021-11-11 00:07:29,613 [ForkJoinPool.commonPool-worker-1] INFO  utils.BackgroundService (BackgroundService.java:shutdown(132)) - Shutting down service BlockDeletingService
2021-11-11 00:07:29,913 [grpc-default-executor-3] WARN  server.GrpcLogAppender (LogUtils.java:warn(122)) - 6b695e55-6982-478b-aea3-481865f298ec@group-4C1E298E4BB6->855159a8-46d2-4956-afe8-ac9382fc30e5-AppendLogResponseHandler: Failed appendEntries: org.apache.ratis.thirdparty.io.grpc.StatusRuntimeException: UNAVAILABLE: io exception
2021-11-11 00:07:29,914 [grpc-default-executor-3] WARN  server.GrpcLogAppender (GrpcLogAppender.java:resetClient(110)) - 6b695e55-6982-478b-aea3-481865f298ec@group-4C1E298E4BB6->855159a8-46d2-4956-afe8-ac9382fc30e5-GrpcLogAppender: Leader has not got in touch with Follower 6b695e55-6982-478b-aea3-481865f298ec@group-4C1E298E4BB6->855159a8-46d2-4956-afe8-ac9382fc30e5(c0,m0,n1, attendVote=true, lastRpcSendTime=0, lastRpcResponseTime=2502) yet, just keep nextIndex unchanged and retry.
2021-11-11 00:07:31,249 [0d2fb367-afe0-4be7-ae24-70cd5e1a0313@group-D18AC6807E55-FollowerState] INFO  impl.FollowerState (FollowerState.java:run(134)) - 0d2fb367-afe0-4be7-ae24-70cd5e1a0313@group-D18AC6807E55-FollowerState: change to CANDIDATE, lastRpcElapsedTime:5079243784ns, electionTimeout:5076ms
2021-11-11 00:07:31,249 [0d2fb367-afe0-4be7-ae24-70cd5e1a0313@group-D18AC6807E55-FollowerState] INFO  impl.RoleInfo (RoleInfo.java:shutdownFollowerState(108)) - 0d2fb367-afe0-4be7-ae24-70cd5e1a0313: shutdown 0d2fb367-afe0-4be7-ae24-70cd5e1a0313@group-D18AC6807E55-FollowerState
2021-11-11 00:07:31,249 [0d2fb367-afe0-4be7-ae24-70cd5e1a0313@group-D18AC6807E55-FollowerState] INFO  server.RaftServer$Division (RaftServerImpl.java:setRole(290)) - 0d2fb367-afe0-4be7-ae24-70cd5e1a0313@group-D18AC6807E55: changes role from  FOLLOWER to CANDIDATE at term 6 for changeToCandidate
2021-11-11 00:07:31,249 [0d2fb367-afe0-4be7-ae24-70cd5e1a0313@group-D18AC6807E55-FollowerState] INFO  server.RaftServerConfigKeys (ConfUtils.java:logGet(44)) - raft.server.leaderelection.pre-vote = false (custom)
2021-11-11 00:07:31,249 [0d2fb367-afe0-4be7-ae24-70cd5e1a0313@group-D18AC6807E55-FollowerState] INFO  impl.RoleInfo (RoleInfo.java:updateAndGet(130)) - 0d2fb367-afe0-4be7-ae24-70cd5e1a0313: start 0d2fb367-afe0-4be7-ae24-70cd5e1a0313@group-D18AC6807E55-LeaderElection103
2021-11-11 00:07:31,255 [0d2fb367-afe0-4be7-ae24-70cd5e1a0313@group-D18AC6807E55-LeaderElection103] INFO  impl.LeaderElection (LeaderElection.java:askForVotes(306)) - 0d2fb367-afe0-4be7-ae24-70cd5e1a0313@group-D18AC6807E55-LeaderElection103 ELECTION round 0: submit vote requests at term 7 for -1: [0d2fb367-afe0-4be7-ae24-70cd5e1a0313|rpc:10.1.0.10:34699|priority:0, e5ed6742-d51a-4f99-aebb-54e43bc29342|rpc:10.1.0.10:41847|priority:1, 5b650bcb-8111-473c-88bf-b7649abefc48|rpc:10.1.0.10:34803|priority:0], old=null
2021-11-11 00:07:31,293 [0d2fb367-afe0-4be7-ae24-70cd5e1a0313@group-D18AC6807E55-LeaderElection103] INFO  impl.LeaderElection (LogUtils.java:infoOrTrace(137)) - 0d2fb367-afe0-4be7-ae24-70cd5e1a0313@group-D18AC6807E55-LeaderElection103 got exception when requesting votes: java.util.concurrent.ExecutionException: org.apache.ratis.thirdparty.io.grpc.StatusRuntimeException: UNAVAILABLE: io exception
2021-11-11 00:07:31,300 [grpc-default-executor-3] INFO  server.RaftServer$Division (RaftServerImpl.java:requestVote(1046)) - 5b650bcb-8111-473c-88bf-b7649abefc48@group-D18AC6807E55: receive requestVote(ELECTION, 0d2fb367-afe0-4be7-ae24-70cd5e1a0313, group-D18AC6807E55, 7, (t:0, i:0))
2021-11-11 00:07:31,300 [grpc-default-executor-3] INFO  impl.VoteContext (VoteContext.java:log(48)) - 5b650bcb-8111-473c-88bf-b7649abefc48@group-D18AC6807E55-FOLLOWER: accept ELECTION from 0d2fb367-afe0-4be7-ae24-70cd5e1a0313: our priority 0 <= candidate's priority 0
2021-11-11 00:07:31,300 [grpc-default-executor-3] INFO  server.RaftServer$Division (RaftServerImpl.java:setRole(290)) - 5b650bcb-8111-473c-88bf-b7649abefc48@group-D18AC6807E55: changes role from  FOLLOWER to FOLLOWER at term 7 for candidate:0d2fb367-afe0-4be7-ae24-70cd5e1a0313
2021-11-11 00:07:31,300 [grpc-default-executor-3] INFO  impl.RoleInfo (RoleInfo.java:shutdownFollowerState(108)) - 5b650bcb-8111-473c-88bf-b7649abefc48: shutdown 5b650bcb-8111-473c-88bf-b7649abefc48@group-D18AC6807E55-FollowerState
2021-11-11 00:07:31,300 [grpc-default-executor-3] INFO  impl.RoleInfo (RoleInfo.java:updateAndGet(130)) - 5b650bcb-8111-473c-88bf-b7649abefc48: start 5b650bcb-8111-473c-88bf-b7649abefc48@group-D18AC6807E55-FollowerState
2021-11-11 00:07:31,301 [5b650bcb-8111-473c-88bf-b7649abefc48@group-D18AC6807E55-FollowerState] INFO  impl.FollowerState (FollowerState.java:run(143)) - 5b650bcb-8111-473c-88bf-b7649abefc48@group-D18AC6807E55-FollowerState was interrupted: {}
java.lang.InterruptedException: sleep interrupted
	at java.lang.Thread.sleep(Native Method)
	at java.lang.Thread.sleep(Thread.java:340)
	at java.util.concurrent.TimeUnit.sleep(TimeUnit.java:386)
	at org.apache.ratis.util.TimeDuration.sleep(TimeDuration.java:324)
	at org.apache.ratis.util.TimeDuration.sleep(TimeDuration.java:309)
	at org.apache.ratis.server.impl.FollowerState.run(FollowerState.java:118)
2021-11-11 00:07:31,318 [grpc-default-executor-3] INFO  server.RaftServer$Division (RaftServerImpl.java:requestVote(1078)) - 5b650bcb-8111-473c-88bf-b7649abefc48@group-D18AC6807E55 replies to ELECTION vote request: 0d2fb367-afe0-4be7-ae24-70cd5e1a0313<-5b650bcb-8111-473c-88bf-b7649abefc48#0:OK-t7. Peer's state: 5b650bcb-8111-473c-88bf-b7649abefc48@group-D18AC6807E55:t7, leader=null, voted=0d2fb367-afe0-4be7-ae24-70cd5e1a0313, raftlog=5b650bcb-8111-473c-88bf-b7649abefc48@group-D18AC6807E55-SegmentedRaftLog:OPENED:c-1, conf=-1: [0d2fb367-afe0-4be7-ae24-70cd5e1a0313|rpc:10.1.0.10:34699|dataStream:|priority:0, e5ed6742-d51a-4f99-aebb-54e43bc29342|rpc:10.1.0.10:41847|dataStream:|priority:1, 5b650bcb-8111-473c-88bf-b7649abefc48|rpc:10.1.0.10:34803|dataStream:|priority:0], old=null
2021-11-11 00:07:31,373 [0d2fb367-afe0-4be7-ae24-70cd5e1a0313@group-D18AC6807E55-LeaderElection103] INFO  impl.LeaderElection (LeaderElection.java:logAndReturn(89)) - 0d2fb367-afe0-4be7-ae24-70cd5e1a0313@group-D18AC6807E55-LeaderElection103: ELECTION PASSED received 1 response(s) and 1 exception(s):
2021-11-11 00:07:31,373 [0d2fb367-afe0-4be7-ae24-70cd5e1a0313@group-D18AC6807E55-LeaderElection103] INFO  impl.LeaderElection (LeaderElection.java:logAndReturn(93)) -   Response 0: 0d2fb367-afe0-4be7-ae24-70cd5e1a0313<-5b650bcb-8111-473c-88bf-b7649abefc48#0:OK-t7
2021-11-11 00:07:31,373 [0d2fb367-afe0-4be7-ae24-70cd5e1a0313@group-D18AC6807E55-LeaderElection103] INFO  impl.LeaderElection (LogUtils.java:infoOrTrace(137)) -   Exception 1: java.util.concurrent.ExecutionException: org.apache.ratis.thirdparty.io.grpc.StatusRuntimeException: UNAVAILABLE: io exception
2021-11-11 00:07:31,373 [0d2fb367-afe0-4be7-ae24-70cd5e1a0313@group-D18AC6807E55-LeaderElection103] INFO  impl.LeaderElection (LeaderElection.java:askForVotes(308)) - 0d2fb367-afe0-4be7-ae24-70cd5e1a0313@group-D18AC6807E55-LeaderElection103 ELECTION round 0: result PASSED
2021-11-11 00:07:31,373 [0d2fb367-afe0-4be7-ae24-70cd5e1a0313@group-D18AC6807E55-LeaderElection103] INFO  impl.RoleInfo (RoleInfo.java:shutdownLeaderElection(121)) - 0d2fb367-afe0-4be7-ae24-70cd5e1a0313: shutdown 0d2fb367-afe0-4be7-ae24-70cd5e1a0313@group-D18AC6807E55-LeaderElection103
2021-11-11 00:07:31,373 [0d2fb367-afe0-4be7-ae24-70cd5e1a0313@group-D18AC6807E55-LeaderElection103] INFO  server.RaftServer$Division (RaftServerImpl.java:setRole(290)) - 0d2fb367-afe0-4be7-ae24-70cd5e1a0313@group-D18AC6807E55: changes role from CANDIDATE to LEADER at term 7 for changeToLeader
2021-11-11 00:07:31,373 [0d2fb367-afe0-4be7-ae24-70cd5e1a0313@group-D18AC6807E55-LeaderElection103] INFO  ratis.XceiverServerRatis (XceiverServerRatis.java:handleLeaderChangedNotification(866)) - Leader change notification received for group: group-D18AC6807E55 with new leaderId: 0d2fb367-afe0-4be7-ae24-70cd5e1a0313
2021-11-11 00:07:31,374 [0d2fb367-afe0-4be7-ae24-70cd5e1a0313@group-D18AC6807E55-LeaderElection103] INFO  server.RaftServer$Division (ServerState.java:setLeader(285)) - 0d2fb367-afe0-4be7-ae24-70cd5e1a0313@group-D18AC6807E55: change Leader from null to 0d2fb367-afe0-4be7-ae24-70cd5e1a0313 at term 7 for becomeLeader, leader elected after 31079ms
2021-11-11 00:07:31,374 [0d2fb367-afe0-4be7-ae24-70cd5e1a0313@group-D18AC6807E55-LeaderElection103] INFO  server.RaftServerConfigKeys (ConfUtils.java:logGet(44)) - raft.server.staging.catchup.gap = 1000 (default)
2021-11-11 00:07:31,374 [0d2fb367-afe0-4be7-ae24-70cd5e1a0313@group-D18AC6807E55-LeaderElection103] INFO  server.RaftServerConfigKeys (ConfUtils.java:logGet(44)) - raft.server.write.element-limit = 1024 (custom)
2021-11-11 00:07:31,374 [0d2fb367-afe0-4be7-ae24-70cd5e1a0313@group-D18AC6807E55-LeaderElection103] INFO  server.RaftServerConfigKeys (ConfUtils.java:logGet(44)) - raft.server.write.byte-limit = 1024 M (=1073741824) (custom)
2021-11-11 00:07:31,375 [0d2fb367-afe0-4be7-ae24-70cd5e1a0313@group-D18AC6807E55-LeaderElection103] INFO  server.RaftServerConfigKeys (ConfUtils.java:logGet(44)) - raft.server.watch.timeout = 3000ms (custom)
2021-11-11 00:07:31,375 [0d2fb367-afe0-4be7-ae24-70cd5e1a0313@group-D18AC6807E55-LeaderElection103] INFO  server.RaftServerConfigKeys (ConfUtils.java:logGet(44)) - raft.server.watch.timeout.denomination = 1s (default)
2021-11-11 00:07:31,375 [0d2fb367-afe0-4be7-ae24-70cd5e1a0313@group-D18AC6807E55-LeaderElection103] INFO  server.RaftServerConfigKeys (ConfUtils.java:logGet(44)) - raft.server.watch.element-limit = 65536 (default)
2021-11-11 00:07:31,375 [0d2fb367-afe0-4be7-ae24-70cd5e1a0313@group-D18AC6807E55-LeaderElection103] INFO  server.RaftServerConfigKeys (ConfUtils.java:logGet(44)) - raft.server.write.element-limit = 1024 (custom)
2021-11-11 00:07:31,375 [0d2fb367-afe0-4be7-ae24-70cd5e1a0313@group-D18AC6807E55-LeaderElection103] INFO  server.RaftServerConfigKeys (ConfUtils.java:logGet(44)) - raft.server.write.follower.gap.ratio.max = -1.0 (default)
2021-11-11 00:07:31,375 [0d2fb367-afe0-4be7-ae24-70cd5e1a0313@group-D18AC6807E55-LeaderElection103] INFO  server.RaftServerConfigKeys (ConfUtils.java:logGet(44)) - raft.server.log.appender.snapshot.chunk.size.max = 16MB (=16777216) (default)
2021-11-11 00:07:31,375 [0d2fb367-afe0-4be7-ae24-70cd5e1a0313@group-D18AC6807E55-LeaderElection103] INFO  server.RaftServerConfigKeys (ConfUtils.java:logGet(44)) - raft.server.log.appender.buffer.byte-limit = 33554432 (custom)
2021-11-11 00:07:31,375 [0d2fb367-afe0-4be7-ae24-70cd5e1a0313@group-D18AC6807E55-LeaderElection103] INFO  server.RaftServerConfigKeys (ConfUtils.java:logGet(44)) - raft.server.log.appender.buffer.element-limit = 1 (custom)
2021-11-11 00:07:31,375 [0d2fb367-afe0-4be7-ae24-70cd5e1a0313@group-D18AC6807E55-LeaderElection103] INFO  grpc.GrpcConfigKeys (ConfUtils.java:logGet(44)) - raft.grpc.server.leader.outstanding.appends.max = 128 (default)
2021-11-11 00:07:31,375 [0d2fb367-afe0-4be7-ae24-70cd5e1a0313@group-D18AC6807E55-LeaderElection103] INFO  server.RaftServerConfigKeys (ConfUtils.java:logGet(44)) - raft.server.rpc.request.timeout = 3000ms (default)
2021-11-11 00:07:31,375 [0d2fb367-afe0-4be7-ae24-70cd5e1a0313@group-D18AC6807E55-LeaderElection103] INFO  server.RaftServerConfigKeys (ConfUtils.java:logGet(44)) - raft.server.log.appender.install.snapshot.enabled = false (custom)
2021-11-11 00:07:31,385 [0d2fb367-afe0-4be7-ae24-70cd5e1a0313@group-D18AC6807E55-LeaderElection103] INFO  server.RaftServerConfigKeys (ConfUtils.java:logGet(44)) - raft.server.log.appender.snapshot.chunk.size.max = 16MB (=16777216) (default)
2021-11-11 00:07:31,385 [0d2fb367-afe0-4be7-ae24-70cd5e1a0313@group-D18AC6807E55-LeaderElection103] INFO  server.RaftServerConfigKeys (ConfUtils.java:logGet(44)) - raft.server.log.appender.buffer.byte-limit = 33554432 (custom)
2021-11-11 00:07:31,385 [0d2fb367-afe0-4be7-ae24-70cd5e1a0313@group-D18AC6807E55-LeaderElection103] INFO  server.RaftServerConfigKeys (ConfUtils.java:logGet(44)) - raft.server.log.appender.buffer.element-limit = 1 (custom)
2021-11-11 00:07:31,385 [0d2fb367-afe0-4be7-ae24-70cd5e1a0313@group-D18AC6807E55-LeaderElection103] INFO  grpc.GrpcConfigKeys (ConfUtils.java:logGet(44)) - raft.grpc.server.leader.outstanding.appends.max = 128 (default)
2021-11-11 00:07:31,385 [0d2fb367-afe0-4be7-ae24-70cd5e1a0313@group-D18AC6807E55-LeaderElection103] INFO  server.RaftServerConfigKeys (ConfUtils.java:logGet(44)) - raft.server.rpc.request.timeout = 3000ms (default)
2021-11-11 00:07:31,385 [0d2fb367-afe0-4be7-ae24-70cd5e1a0313@group-D18AC6807E55-LeaderElection103] INFO  server.RaftServerConfigKeys (ConfUtils.java:logGet(44)) - raft.server.log.appender.install.snapshot.enabled = false (custom)
2021-11-11 00:07:31,388 [0d2fb367-afe0-4be7-ae24-70cd5e1a0313@group-D18AC6807E55-LeaderElection103] INFO  impl.RoleInfo (RoleInfo.java:updateAndGet(130)) - 0d2fb367-afe0-4be7-ae24-70cd5e1a0313: start 0d2fb367-afe0-4be7-ae24-70cd5e1a0313@group-D18AC6807E55-LeaderStateImpl
2021-11-11 00:07:31,388 [0d2fb367-afe0-4be7-ae24-70cd5e1a0313@group-D18AC6807E55-LeaderElection103] INFO  segmented.SegmentedRaftLogWorker (SegmentedRaftLogWorker.java:startLogSegment(394)) - 0d2fb367-afe0-4be7-ae24-70cd5e1a0313@group-D18AC6807E55-SegmentedRaftLogWorker: Starting segment from index:0
2021-11-11 00:07:31,390 [0d2fb367-afe0-4be7-ae24-70cd5e1a0313@group-D18AC6807E55-SegmentedRaftLogWorker] INFO  segmented.SegmentedRaftLogWorker (SegmentedRaftLogWorker.java:execute(601)) - 0d2fb367-afe0-4be7-ae24-70cd5e1a0313@group-D18AC6807E55-SegmentedRaftLogWorker: created new log segment /home/runner/work/ozone/ozone/hadoop-ozone/integration-test/target/test-dir/MiniOzoneClusterImpl-d5f2283b-1c97-4f43-babe-75a35a923614/datanode-0/data/ratis/f46ad258-11d7-4282-b328-d18ac6807e55/current/log_inprogress_0
2021-11-11 00:07:31,394 [grpc-default-executor-3] INFO  ratis.XceiverServerRatis (XceiverServerRatis.java:handleLeaderChangedNotification(866)) - Leader change notification received for group: group-D18AC6807E55 with new leaderId: 0d2fb367-afe0-4be7-ae24-70cd5e1a0313
2021-11-11 00:07:31,394 [grpc-default-executor-3] INFO  server.RaftServer$Division (ServerState.java:setLeader(285)) - 5b650bcb-8111-473c-88bf-b7649abefc48@group-D18AC6807E55: change Leader from null to 0d2fb367-afe0-4be7-ae24-70cd5e1a0313 at term 7 for appendEntries, leader elected after 30857ms
2021-11-11 00:07:31,395 [0d2fb367-afe0-4be7-ae24-70cd5e1a0313@group-D18AC6807E55-LeaderElection103] INFO  server.RaftServer$Division (ServerState.java:setRaftConf(387)) - 0d2fb367-afe0-4be7-ae24-70cd5e1a0313@group-D18AC6807E55: set configuration 0: [0d2fb367-afe0-4be7-ae24-70cd5e1a0313|rpc:10.1.0.10:34699|dataStream:|priority:0, e5ed6742-d51a-4f99-aebb-54e43bc29342|rpc:10.1.0.10:41847|dataStream:|priority:1, 5b650bcb-8111-473c-88bf-b7649abefc48|rpc:10.1.0.10:34803|dataStream:|priority:0], old=null
2021-11-11 00:07:31,403 [grpc-default-executor-6] WARN  server.GrpcLogAppender (LogUtils.java:warn(122)) - 0d2fb367-afe0-4be7-ae24-70cd5e1a0313@group-D18AC6807E55->e5ed6742-d51a-4f99-aebb-54e43bc29342-AppendLogResponseHandler: Failed appendEntries: org.apache.ratis.thirdparty.io.grpc.StatusRuntimeException: UNAVAILABLE: io exception
2021-11-11 00:07:31,404 [grpc-default-executor-6] WARN  server.GrpcLogAppender (GrpcLogAppender.java:resetClient(110)) - 0d2fb367-afe0-4be7-ae24-70cd5e1a0313@group-D18AC6807E55->e5ed6742-d51a-4f99-aebb-54e43bc29342-GrpcLogAppender: Leader has not got in touch with Follower 0d2fb367-afe0-4be7-ae24-70cd5e1a0313@group-D18AC6807E55->e5ed6742-d51a-4f99-aebb-54e43bc29342(c-1,m0,n0, attendVote=true, lastRpcSendTime=5229, lastRpcResponseTime=5229) yet, just keep nextIndex unchanged and retry.
2021-11-11 00:07:31,420 [grpc-default-executor-6] WARN  server.GrpcLogAppender (LogUtils.java:warn(122)) - 0d2fb367-afe0-4be7-ae24-70cd5e1a0313@group-D18AC6807E55->e5ed6742-d51a-4f99-aebb-54e43bc29342-AppendLogResponseHandler: Failed appendEntries: org.apache.ratis.thirdparty.io.grpc.StatusRuntimeException: UNAVAILABLE: io exception
2021-11-11 00:07:31,422 [grpc-default-executor-6] WARN  server.GrpcLogAppender (GrpcLogAppender.java:resetClient(110)) - 0d2fb367-afe0-4be7-ae24-70cd5e1a0313@group-D18AC6807E55->e5ed6742-d51a-4f99-aebb-54e43bc29342-GrpcLogAppender: Leader has not got in touch with Follower 0d2fb367-afe0-4be7-ae24-70cd5e1a0313@group-D18AC6807E55->e5ed6742-d51a-4f99-aebb-54e43bc29342(c-1,m0,n1, attendVote=true, lastRpcSendTime=12, lastRpcResponseTime=5247) yet, just keep nextIndex unchanged and retry.
2021-11-11 00:07:31,428 [grpc-default-executor-3] INFO  server.RaftServer$Division (ServerState.java:setRaftConf(387)) - 5b650bcb-8111-473c-88bf-b7649abefc48@group-D18AC6807E55: set configuration 0: [0d2fb367-afe0-4be7-ae24-70cd5e1a0313|rpc:10.1.0.10:34699|dataStream:|priority:0, e5ed6742-d51a-4f99-aebb-54e43bc29342|rpc:10.1.0.10:41847|dataStream:|priority:1, 5b650bcb-8111-473c-88bf-b7649abefc48|rpc:10.1.0.10:34803|dataStream:|priority:0], old=null
2021-11-11 00:07:31,428 [grpc-default-executor-3] INFO  segmented.SegmentedRaftLogWorker (SegmentedRaftLogWorker.java:startLogSegment(394)) - 5b650bcb-8111-473c-88bf-b7649abefc48@group-D18AC6807E55-SegmentedRaftLogWorker: Starting segment from index:0
2021-11-11 00:07:31,485 [5b650bcb-8111-473c-88bf-b7649abefc48@group-D18AC6807E55-SegmentedRaftLogWorker] INFO  segmented.SegmentedRaftLogWorker (SegmentedRaftLogWorker.java:execute(601)) - 5b650bcb-8111-473c-88bf-b7649abefc48@group-D18AC6807E55-SegmentedRaftLogWorker: created new log segment /home/runner/work/ozone/ozone/hadoop-ozone/integration-test/target/test-dir/MiniOzoneClusterImpl-d5f2283b-1c97-4f43-babe-75a35a923614/datanode-1/data/ratis/f46ad258-11d7-4282-b328-d18ac6807e55/current/log_inprogress_0
2021-11-11 00:07:32,414 [grpc-default-executor-3] WARN  server.GrpcLogAppender (LogUtils.java:warn(122)) - 6b695e55-6982-478b-aea3-481865f298ec@group-4C1E298E4BB6->855159a8-46d2-4956-afe8-ac9382fc30e5-AppendLogResponseHandler: Failed appendEntries: org.apache.ratis.thirdparty.io.grpc.StatusRuntimeException: UNAVAILABLE: io exception
2021-11-11 00:07:32,414 [grpc-default-executor-3] WARN  server.GrpcLogAppender (GrpcLogAppender.java:resetClient(110)) - 6b695e55-6982-478b-aea3-481865f298ec@group-4C1E298E4BB6->855159a8-46d2-4956-afe8-ac9382fc30e5-GrpcLogAppender: Leader has not got in touch with Follower 6b695e55-6982-478b-aea3-481865f298ec@group-4C1E298E4BB6->855159a8-46d2-4956-afe8-ac9382fc30e5(c0,m0,n1, attendVote=true, lastRpcSendTime=2501, lastRpcResponseTime=5003) yet, just keep nextIndex unchanged and retry.
2021-11-11 00:07:32,648 [Listener at 127.0.0.1/36803] INFO  statemachine.DatanodeStateMachine (DatanodeStateMachine.java:stopDaemon(526)) - Ozone container server stopped.
2021-11-11 00:07:32,649 [Listener at 127.0.0.1/36803] INFO  handler.ContextHandler (ContextHandler.java:doStop(1153)) - Stopped o.e.j.w.WebAppContext@27a38afa{hddsDatanode,/,null,STOPPED}{jar:file:/home/runner/.m2/repository/org/apache/ozone/hdds-container-service/1.2.0-SNAPSHOT/hdds-container-service-1.2.0-SNAPSHOT.jar!/webapps/hddsDatanode}
2021-11-11 00:07:32,660 [Listener at 127.0.0.1/36803] INFO  server.AbstractConnector (AbstractConnector.java:doStop(381)) - Stopped ServerConnector@30f942f{HTTP/1.1, (http/1.1)}{0.0.0.0:0}
2021-11-11 00:07:32,660 [Listener at 127.0.0.1/36803] INFO  server.session (HouseKeeper.java:stopScavenging(149)) - node0 Stopped scavenging
2021-11-11 00:07:32,660 [Listener at 127.0.0.1/36803] INFO  handler.ContextHandler (ContextHandler.java:doStop(1153)) - Stopped o.e.j.s.ServletContextHandler@7a3f567c{static,/static,jar:file:/home/runner/.m2/repository/org/apache/ozone/hdds-container-service/1.2.0-SNAPSHOT/hdds-container-service-1.2.0-SNAPSHOT.jar!/webapps/static,STOPPED}
2021-11-11 00:07:32,661 [Listener at 127.0.0.1/36803] INFO  handler.ContextHandler (ContextHandler.java:doStop(1153)) - Stopped o.e.j.s.ServletContextHandler@296cb049{logs,/logs,file:///home/runner/work/ozone/ozone/hadoop-ozone/integration-test/target/log,STOPPED}
2021-11-11 00:07:32,676 [ForkJoinPool.commonPool-worker-1] INFO  statemachine.DatanodeStateMachine (DatanodeStateMachine.java:stopDaemon(526)) - Ozone container server stopped.
2021-11-11 00:07:32,714 [ForkJoinPool.commonPool-worker-1] INFO  handler.ContextHandler (ContextHandler.java:doStop(1153)) - Stopped o.e.j.w.WebAppContext@7d484dbb{hddsDatanode,/,null,STOPPED}{jar:file:/home/runner/.m2/repository/org/apache/ozone/hdds-container-service/1.2.0-SNAPSHOT/hdds-container-service-1.2.0-SNAPSHOT.jar!/webapps/hddsDatanode}
2021-11-11 00:07:32,718 [ForkJoinPool.commonPool-worker-1] INFO  server.AbstractConnector (AbstractConnector.java:doStop(381)) - Stopped ServerConnector@54b7c6bb{HTTP/1.1, (http/1.1)}{0.0.0.0:0}
2021-11-11 00:07:32,719 [ForkJoinPool.commonPool-worker-1] INFO  server.session (HouseKeeper.java:stopScavenging(149)) - node0 Stopped scavenging
2021-11-11 00:07:32,725 [ForkJoinPool.commonPool-worker-1] INFO  handler.ContextHandler (ContextHandler.java:doStop(1153)) - Stopped o.e.j.s.ServletContextHandler@8954f25{static,/static,jar:file:/home/runner/.m2/repository/org/apache/ozone/hdds-container-service/1.2.0-SNAPSHOT/hdds-container-service-1.2.0-SNAPSHOT.jar!/webapps/static,STOPPED}
2021-11-11 00:07:32,733 [ForkJoinPool.commonPool-worker-1] INFO  handler.ContextHandler (ContextHandler.java:doStop(1153)) - Stopped o.e.j.s.ServletContextHandler@79302976{logs,/logs,file:///home/runner/work/ozone/ozone/hadoop-ozone/integration-test/target/log,STOPPED}
2021-11-11 00:07:33,951 [grpc-default-executor-0] WARN  server.GrpcLogAppender (LogUtils.java:warn(122)) - 0d2fb367-afe0-4be7-ae24-70cd5e1a0313@group-D18AC6807E55->e5ed6742-d51a-4f99-aebb-54e43bc29342-AppendLogResponseHandler: Failed appendEntries: org.apache.ratis.thirdparty.io.grpc.StatusRuntimeException: UNAVAILABLE: io exception
2021-11-11 00:07:33,951 [grpc-default-executor-0] WARN  server.GrpcLogAppender (GrpcLogAppender.java:resetClient(110)) - 0d2fb367-afe0-4be7-ae24-70cd5e1a0313@group-D18AC6807E55->e5ed6742-d51a-4f99-aebb-54e43bc29342-GrpcLogAppender: Leader has not got in touch with Follower 0d2fb367-afe0-4be7-ae24-70cd5e1a0313@group-D18AC6807E55->e5ed6742-d51a-4f99-aebb-54e43bc29342(c-1,m0,n1, attendVote=true, lastRpcSendTime=26, lastRpcResponseTime=7776) yet, just keep nextIndex unchanged and retry.
2021-11-11 00:07:34,921 [grpc-default-executor-3] WARN  server.GrpcLogAppender (LogUtils.java:warn(122)) - 6b695e55-6982-478b-aea3-481865f298ec@group-4C1E298E4BB6->855159a8-46d2-4956-afe8-ac9382fc30e5-AppendLogResponseHandler: Failed appendEntries: org.apache.ratis.thirdparty.io.grpc.StatusRuntimeException: UNAVAILABLE: io exception
2021-11-11 00:07:34,922 [grpc-default-executor-3] WARN  server.GrpcLogAppender (GrpcLogAppender.java:resetClient(110)) - 6b695e55-6982-478b-aea3-481865f298ec@group-4C1E298E4BB6->855159a8-46d2-4956-afe8-ac9382fc30e5-GrpcLogAppender: Leader has not got in touch with Follower 6b695e55-6982-478b-aea3-481865f298ec@group-4C1E298E4BB6->855159a8-46d2-4956-afe8-ac9382fc30e5(c0,m0,n1, attendVote=true, lastRpcSendTime=2, lastRpcResponseTime=7511) yet, just keep nextIndex unchanged and retry.
2021-11-11 00:07:36,426 [grpc-default-executor-3] WARN  server.GrpcLogAppender (LogUtils.java:warn(122)) - 0d2fb367-afe0-4be7-ae24-70cd5e1a0313@group-D18AC6807E55->e5ed6742-d51a-4f99-aebb-54e43bc29342-AppendLogResponseHandler: Failed appendEntries: org.apache.ratis.thirdparty.io.grpc.StatusRuntimeException: UNAVAILABLE: io exception
2021-11-11 00:07:36,429 [grpc-default-executor-3] WARN  server.GrpcLogAppender (GrpcLogAppender.java:resetClient(110)) - 0d2fb367-afe0-4be7-ae24-70cd5e1a0313@group-D18AC6807E55->e5ed6742-d51a-4f99-aebb-54e43bc29342-GrpcLogAppender: Leader has not got in touch with Follower 0d2fb367-afe0-4be7-ae24-70cd5e1a0313@group-D18AC6807E55->e5ed6742-d51a-4f99-aebb-54e43bc29342(c-1,m0,n1, attendVote=true, lastRpcSendTime=2503, lastRpcResponseTime=10253) yet, just keep nextIndex unchanged and retry.
2021-11-11 00:07:36,596 [0d2fb367-afe0-4be7-ae24-70cd5e1a0313@group-D18AC6807E55-LeaderStateImpl] INFO  server.RaftServer$Division (LeaderStateImpl.java:yieldLeaderToHigherPriorityPeer(930)) - 0d2fb367-afe0-4be7-ae24-70cd5e1a0313@group-D18AC6807E55-LeaderStateImpl send StartLeaderElectionRequest to follower:e5ed6742-d51a-4f99-aebb-54e43bc29342 on term:7 because follower's priority:1 is higher than leader's:0 and follower's lastEntry index:0 catch up with leader's:0
2021-11-11 00:07:37,424 [grpc-default-executor-3] WARN  server.GrpcLogAppender (LogUtils.java:warn(122)) - 6b695e55-6982-478b-aea3-481865f298ec@group-4C1E298E4BB6->855159a8-46d2-4956-afe8-ac9382fc30e5-AppendLogResponseHandler: Failed appendEntries: org.apache.ratis.thirdparty.io.grpc.StatusRuntimeException: UNAVAILABLE: io exception
2021-11-11 00:07:37,425 [grpc-default-executor-3] WARN  server.GrpcLogAppender (GrpcLogAppender.java:resetClient(110)) - 6b695e55-6982-478b-aea3-481865f298ec@group-4C1E298E4BB6->855159a8-46d2-4956-afe8-ac9382fc30e5-GrpcLogAppender: Leader has not got in touch with Follower 6b695e55-6982-478b-aea3-481865f298ec@group-4C1E298E4BB6->855159a8-46d2-4956-afe8-ac9382fc30e5(c0,m0,n1, attendVote=true, lastRpcSendTime=2505, lastRpcResponseTime=10013) yet, just keep nextIndex unchanged and retry.
2021-11-11 00:07:37,671 [Listener at 127.0.0.1/36803] INFO  ozoneimpl.OzoneContainer (OzoneContainer.java:stop(325)) - Attempting to stop container services.
2021-11-11 00:07:37,672 [Listener at 127.0.0.1/36803] INFO  server.RaftServer (RaftServerProxy.java:lambda$close$6(391)) - f37a6f46-5950-4be3-9f6d-6eb53e609f63: close
2021-11-11 00:07:37,672 [Listener at 127.0.0.1/36803] INFO  server.RaftServer$Division (RaftServerImpl.java:lambda$close$4(412)) - f37a6f46-5950-4be3-9f6d-6eb53e609f63@group-ED7AB6A8DB8C: shutdown
2021-11-11 00:07:37,673 [Listener at 127.0.0.1/36803] INFO  util.JmxRegister (JmxRegister.java:unregister(73)) - Successfully un-registered JMX Bean with object name Ratis:service=RaftServer,group=group-ED7AB6A8DB8C,id=f37a6f46-5950-4be3-9f6d-6eb53e609f63
2021-11-11 00:07:37,673 [Listener at 127.0.0.1/36803] INFO  impl.RoleInfo (RoleInfo.java:shutdownLeaderState(91)) - f37a6f46-5950-4be3-9f6d-6eb53e609f63: shutdown f37a6f46-5950-4be3-9f6d-6eb53e609f63@group-ED7AB6A8DB8C-LeaderStateImpl
2021-11-11 00:07:37,673 [Listener at 127.0.0.1/36803] INFO  impl.PendingRequests (PendingRequests.java:sendNotLeaderResponses(282)) - f37a6f46-5950-4be3-9f6d-6eb53e609f63@group-ED7AB6A8DB8C-PendingRequests: sendNotLeaderResponses
2021-11-11 00:07:37,675 [f37a6f46-5950-4be3-9f6d-6eb53e609f63@group-ED7AB6A8DB8C-StateMachineUpdater] INFO  ratis.ContainerStateMachine (ContainerStateMachine.java:takeSnapshot(292)) - group-ED7AB6A8DB8C: Taking a snapshot at:(t:1, i:0) file /home/runner/work/ozone/ozone/hadoop-ozone/integration-test/target/test-dir/MiniOzoneClusterImpl-d5f2283b-1c97-4f43-babe-75a35a923614/datanode-5/data/ratis/9103f27b-b0c3-4f05-ba12-ed7ab6a8db8c/sm/snapshot.1_0
2021-11-11 00:07:37,675 [Listener at 127.0.0.1/36803] INFO  impl.StateMachineUpdater (StateMachineUpdater.java:stopAndJoin(149)) - f37a6f46-5950-4be3-9f6d-6eb53e609f63@group-ED7AB6A8DB8C-StateMachineUpdater: set stopIndex = 0
2021-11-11 00:07:37,677 [f37a6f46-5950-4be3-9f6d-6eb53e609f63@group-ED7AB6A8DB8C-StateMachineUpdater] INFO  ratis.ContainerStateMachine (ContainerStateMachine.java:takeSnapshot(303)) - group-ED7AB6A8DB8C: Finished taking a snapshot at:(t:1, i:0) file:/home/runner/work/ozone/ozone/hadoop-ozone/integration-test/target/test-dir/MiniOzoneClusterImpl-d5f2283b-1c97-4f43-babe-75a35a923614/datanode-5/data/ratis/9103f27b-b0c3-4f05-ba12-ed7ab6a8db8c/sm/snapshot.1_0 took: 2 ms
2021-11-11 00:07:37,677 [f37a6f46-5950-4be3-9f6d-6eb53e609f63@group-ED7AB6A8DB8C-StateMachineUpdater] INFO  impl.StateMachineUpdater (StateMachineUpdater.java:takeSnapshot(281)) - f37a6f46-5950-4be3-9f6d-6eb53e609f63@group-ED7AB6A8DB8C-StateMachineUpdater: Took a snapshot at index 0
2021-11-11 00:07:37,677 [f37a6f46-5950-4be3-9f6d-6eb53e609f63@group-ED7AB6A8DB8C-StateMachineUpdater] INFO  impl.StateMachineUpdater (StateMachineUpdater.java:lambda$new$0(89)) - f37a6f46-5950-4be3-9f6d-6eb53e609f63@group-ED7AB6A8DB8C-StateMachineUpdater: snapshotIndex: updateIncreasingly -1 -> 0
2021-11-11 00:07:37,677 [Listener at 127.0.0.1/36803] INFO  server.RaftServer$Division (ServerState.java:close(419)) - f37a6f46-5950-4be3-9f6d-6eb53e609f63@group-ED7AB6A8DB8C: closes. applyIndex: 0
2021-11-11 00:07:37,677 [f37a6f46-5950-4be3-9f6d-6eb53e609f63@group-ED7AB6A8DB8C-SegmentedRaftLogWorker] INFO  segmented.SegmentedRaftLogWorker (SegmentedRaftLogWorker.java:run(327)) - f37a6f46-5950-4be3-9f6d-6eb53e609f63@group-ED7AB6A8DB8C-SegmentedRaftLogWorker was interrupted, exiting. There are 0 tasks remaining in the queue.
2021-11-11 00:07:37,710 [Listener at 127.0.0.1/36803] INFO  segmented.SegmentedRaftLogWorker (SegmentedRaftLogWorker.java:close(237)) - f37a6f46-5950-4be3-9f6d-6eb53e609f63@group-ED7AB6A8DB8C-SegmentedRaftLogWorker close()
2021-11-11 00:07:37,745 [ForkJoinPool.commonPool-worker-1] INFO  ozoneimpl.OzoneContainer (OzoneContainer.java:stop(325)) - Attempting to stop container services.
2021-11-11 00:07:37,749 [ForkJoinPool.commonPool-worker-1] INFO  server.RaftServer (RaftServerProxy.java:lambda$close$6(391)) - 6b695e55-6982-478b-aea3-481865f298ec: close
2021-11-11 00:07:37,750 [ForkJoinPool.commonPool-worker-1] INFO  server.RaftServer$Division (RaftServerImpl.java:lambda$close$4(412)) - 6b695e55-6982-478b-aea3-481865f298ec@group-4C1E298E4BB6: shutdown
2021-11-11 00:07:37,750 [Listener at 127.0.0.1/36803] INFO  server.RaftServer$Division (RaftServerImpl.java:lambda$close$4(412)) - f37a6f46-5950-4be3-9f6d-6eb53e609f63@group-4C1E298E4BB6: shutdown
2021-11-11 00:07:37,750 [Listener at 127.0.0.1/36803] INFO  util.JmxRegister (JmxRegister.java:unregister(73)) - Successfully un-registered JMX Bean with object name Ratis:service=RaftServer,group=group-4C1E298E4BB6,id=f37a6f46-5950-4be3-9f6d-6eb53e609f63
2021-11-11 00:07:37,750 [Listener at 127.0.0.1/36803] INFO  impl.RoleInfo (RoleInfo.java:shutdownFollowerState(108)) - f37a6f46-5950-4be3-9f6d-6eb53e609f63: shutdown f37a6f46-5950-4be3-9f6d-6eb53e609f63@group-4C1E298E4BB6-FollowerState
2021-11-11 00:07:37,750 [Listener at 127.0.0.1/36803] INFO  impl.StateMachineUpdater (StateMachineUpdater.java:stopAndJoin(149)) - f37a6f46-5950-4be3-9f6d-6eb53e609f63@group-4C1E298E4BB6-StateMachineUpdater: set stopIndex = 0
2021-11-11 00:07:37,750 [ForkJoinPool.commonPool-worker-1] INFO  util.JmxRegister (JmxRegister.java:unregister(73)) - Successfully un-registered JMX Bean with object name Ratis:service=RaftServer,group=group-4C1E298E4BB6,id=6b695e55-6982-478b-aea3-481865f298ec
2021-11-11 00:07:37,751 [ForkJoinPool.commonPool-worker-1] INFO  impl.RoleInfo (RoleInfo.java:shutdownLeaderState(91)) - 6b695e55-6982-478b-aea3-481865f298ec: shutdown 6b695e55-6982-478b-aea3-481865f298ec@group-4C1E298E4BB6-LeaderStateImpl
2021-11-11 00:07:37,751 [ForkJoinPool.commonPool-worker-1] INFO  impl.PendingRequests (PendingRequests.java:sendNotLeaderResponses(282)) - 6b695e55-6982-478b-aea3-481865f298ec@group-4C1E298E4BB6-PendingRequests: sendNotLeaderResponses
2021-11-11 00:07:37,752 [ForkJoinPool.commonPool-worker-1] INFO  impl.StateMachineUpdater (StateMachineUpdater.java:stopAndJoin(149)) - 6b695e55-6982-478b-aea3-481865f298ec@group-4C1E298E4BB6-StateMachineUpdater: set stopIndex = 0
2021-11-11 00:07:37,750 [f37a6f46-5950-4be3-9f6d-6eb53e609f63@group-4C1E298E4BB6-FollowerState] INFO  impl.FollowerState (FollowerState.java:run(143)) - f37a6f46-5950-4be3-9f6d-6eb53e609f63@group-4C1E298E4BB6-FollowerState was interrupted: {}
java.lang.InterruptedException: sleep interrupted
	at java.lang.Thread.sleep(Native Method)
	at java.lang.Thread.sleep(Thread.java:340)
	at java.util.concurrent.TimeUnit.sleep(TimeUnit.java:386)
	at org.apache.ratis.util.TimeDuration.sleep(TimeDuration.java:324)
	at org.apache.ratis.util.TimeDuration.sleep(TimeDuration.java:309)
	at org.apache.ratis.server.impl.FollowerState.run(FollowerState.java:118)
2021-11-11 00:07:37,752 [6b695e55-6982-478b-aea3-481865f298ec@group-4C1E298E4BB6-StateMachineUpdater] INFO  ratis.ContainerStateMachine (ContainerStateMachine.java:takeSnapshot(292)) - group-4C1E298E4BB6: Taking a snapshot at:(t:2, i:0) file /home/runner/work/ozone/ozone/hadoop-ozone/integration-test/target/test-dir/MiniOzoneClusterImpl-d5f2283b-1c97-4f43-babe-75a35a923614/datanode-3/data/ratis/0ed2803a-810b-47c9-a359-4c1e298e4bb6/sm/snapshot.2_0
2021-11-11 00:07:37,752 [6b695e55-6982-478b-aea3-481865f298ec@group-4C1E298E4BB6->f37a6f46-5950-4be3-9f6d-6eb53e609f63-GrpcLogAppender-LogAppenderDaemon] WARN  server.GrpcLogAppender (GrpcLogAppender.java:mayWait(177)) - 6b695e55-6982-478b-aea3-481865f298ec@group-4C1E298E4BB6->f37a6f46-5950-4be3-9f6d-6eb53e609f63-GrpcLogAppender: Wait interrupted by java.lang.InterruptedException
2021-11-11 00:07:37,753 [grpc-default-executor-3] INFO  server.GrpcServerProtocolService (GrpcServerProtocolService.java:onCompleted(140)) - f37a6f46-5950-4be3-9f6d-6eb53e609f63: Completed APPEND_ENTRIES, lastRequest: 6b695e55-6982-478b-aea3-481865f298ec->f37a6f46-5950-4be3-9f6d-6eb53e609f63#1-t2,previous=(t:0, i:0),leaderCommit=-1,initializing? true,entries: size=1, first=(t:2, i:0), CONFIGURATIONENTRY
2021-11-11 00:07:37,754 [grpc-default-executor-6] INFO  server.GrpcLogAppender (GrpcLogAppender.java:onCompleted(346)) - 6b695e55-6982-478b-aea3-481865f298ec@group-4C1E298E4BB6->f37a6f46-5950-4be3-9f6d-6eb53e609f63-AppendLogResponseHandler: follower responses appendEntries COMPLETED
2021-11-11 00:07:37,754 [grpc-default-executor-6] INFO  leader.FollowerInfo (FollowerInfoImpl.java:lambda$new$0(47)) - 6b695e55-6982-478b-aea3-481865f298ec@group-4C1E298E4BB6->f37a6f46-5950-4be3-9f6d-6eb53e609f63: nextIndex: updateUnconditionally 1 -> 0
2021-11-11 00:07:37,751 [f37a6f46-5950-4be3-9f6d-6eb53e609f63@group-4C1E298E4BB6-StateMachineUpdater] INFO  ratis.ContainerStateMachine (ContainerStateMachine.java:takeSnapshot(292)) - group-4C1E298E4BB6: Taking a snapshot at:(t:2, i:0) file /home/runner/work/ozone/ozone/hadoop-ozone/integration-test/target/test-dir/MiniOzoneClusterImpl-d5f2283b-1c97-4f43-babe-75a35a923614/datanode-5/data/ratis/0ed2803a-810b-47c9-a359-4c1e298e4bb6/sm/snapshot.2_0
2021-11-11 00:07:37,754 [6b695e55-6982-478b-aea3-481865f298ec@group-4C1E298E4BB6-StateMachineUpdater] INFO  ratis.ContainerStateMachine (ContainerStateMachine.java:takeSnapshot(303)) - group-4C1E298E4BB6: Finished taking a snapshot at:(t:2, i:0) file:/home/runner/work/ozone/ozone/hadoop-ozone/integration-test/target/test-dir/MiniOzoneClusterImpl-d5f2283b-1c97-4f43-babe-75a35a923614/datanode-3/data/ratis/0ed2803a-810b-47c9-a359-4c1e298e4bb6/sm/snapshot.2_0 took: 3 ms
2021-11-11 00:07:37,755 [f37a6f46-5950-4be3-9f6d-6eb53e609f63@group-4C1E298E4BB6-StateMachineUpdater] INFO  ratis.ContainerStateMachine (ContainerStateMachine.java:takeSnapshot(303)) - group-4C1E298E4BB6: Finished taking a snapshot at:(t:2, i:0) file:/home/runner/work/ozone/ozone/hadoop-ozone/integration-test/target/test-dir/MiniOzoneClusterImpl-d5f2283b-1c97-4f43-babe-75a35a923614/datanode-5/data/ratis/0ed2803a-810b-47c9-a359-4c1e298e4bb6/sm/snapshot.2_0 took: 4 ms
2021-11-11 00:07:37,755 [f37a6f46-5950-4be3-9f6d-6eb53e609f63@group-4C1E298E4BB6-StateMachineUpdater] INFO  impl.StateMachineUpdater (StateMachineUpdater.java:takeSnapshot(281)) - f37a6f46-5950-4be3-9f6d-6eb53e609f63@group-4C1E298E4BB6-StateMachineUpdater: Took a snapshot at index 0
2021-11-11 00:07:37,755 [f37a6f46-5950-4be3-9f6d-6eb53e609f63@group-4C1E298E4BB6-StateMachineUpdater] INFO  impl.StateMachineUpdater (StateMachineUpdater.java:lambda$new$0(89)) - f37a6f46-5950-4be3-9f6d-6eb53e609f63@group-4C1E298E4BB6-StateMachineUpdater: snapshotIndex: updateIncreasingly -1 -> 0
2021-11-11 00:07:37,755 [6b695e55-6982-478b-aea3-481865f298ec@group-4C1E298E4BB6-StateMachineUpdater] INFO  impl.StateMachineUpdater (StateMachineUpdater.java:takeSnapshot(281)) - 6b695e55-6982-478b-aea3-481865f298ec@group-4C1E298E4BB6-StateMachineUpdater: Took a snapshot at index 0
2021-11-11 00:07:37,755 [6b695e55-6982-478b-aea3-481865f298ec@group-4C1E298E4BB6-StateMachineUpdater] INFO  impl.StateMachineUpdater (StateMachineUpdater.java:lambda$new$0(89)) - 6b695e55-6982-478b-aea3-481865f298ec@group-4C1E298E4BB6-StateMachineUpdater: snapshotIndex: updateIncreasingly -1 -> 0
2021-11-11 00:07:37,756 [ForkJoinPool.commonPool-worker-1] INFO  server.RaftServer$Division (ServerState.java:close(419)) - 6b695e55-6982-478b-aea3-481865f298ec@group-4C1E298E4BB6: closes. applyIndex: 0
2021-11-11 00:07:37,757 [6b695e55-6982-478b-aea3-481865f298ec@group-4C1E298E4BB6-SegmentedRaftLogWorker] INFO  segmented.SegmentedRaftLogWorker (SegmentedRaftLogWorker.java:run(327)) - 6b695e55-6982-478b-aea3-481865f298ec@group-4C1E298E4BB6-SegmentedRaftLogWorker was interrupted, exiting. There are 0 tasks remaining in the queue.
2021-11-11 00:07:37,757 [Listener at 127.0.0.1/36803] INFO  server.RaftServer$Division (ServerState.java:close(419)) - f37a6f46-5950-4be3-9f6d-6eb53e609f63@group-4C1E298E4BB6: closes. applyIndex: 0
2021-11-11 00:07:37,757 [f37a6f46-5950-4be3-9f6d-6eb53e609f63@group-4C1E298E4BB6-SegmentedRaftLogWorker] INFO  segmented.SegmentedRaftLogWorker (SegmentedRaftLogWorker.java:run(327)) - f37a6f46-5950-4be3-9f6d-6eb53e609f63@group-4C1E298E4BB6-SegmentedRaftLogWorker was interrupted, exiting. There are 0 tasks remaining in the queue.
2021-11-11 00:07:37,761 [ForkJoinPool.commonPool-worker-1] INFO  segmented.SegmentedRaftLogWorker (SegmentedRaftLogWorker.java:close(237)) - 6b695e55-6982-478b-aea3-481865f298ec@group-4C1E298E4BB6-SegmentedRaftLogWorker close()
2021-11-11 00:07:37,787 [Listener at 127.0.0.1/36803] INFO  segmented.SegmentedRaftLogWorker (SegmentedRaftLogWorker.java:close(237)) - f37a6f46-5950-4be3-9f6d-6eb53e609f63@group-4C1E298E4BB6-SegmentedRaftLogWorker close()
2021-11-11 00:07:37,787 [ForkJoinPool.commonPool-worker-1] INFO  server.RaftServer$Division (RaftServerImpl.java:lambda$close$4(412)) - 6b695e55-6982-478b-aea3-481865f298ec@group-CB7168C967D4: shutdown
2021-11-11 00:07:37,791 [ForkJoinPool.commonPool-worker-1] INFO  util.JmxRegister (JmxRegister.java:unregister(73)) - Successfully un-registered JMX Bean with object name Ratis:service=RaftServer,group=group-CB7168C967D4,id=6b695e55-6982-478b-aea3-481865f298ec
2021-11-11 00:07:37,792 [ForkJoinPool.commonPool-worker-1] INFO  impl.RoleInfo (RoleInfo.java:shutdownLeaderState(91)) - 6b695e55-6982-478b-aea3-481865f298ec: shutdown 6b695e55-6982-478b-aea3-481865f298ec@group-CB7168C967D4-LeaderStateImpl
2021-11-11 00:07:37,792 [ForkJoinPool.commonPool-worker-1] INFO  impl.PendingRequests (PendingRequests.java:sendNotLeaderResponses(282)) - 6b695e55-6982-478b-aea3-481865f298ec@group-CB7168C967D4-PendingRequests: sendNotLeaderResponses
2021-11-11 00:07:37,788 [Listener at 127.0.0.1/36803] INFO  server.GrpcService (GrpcService.java:closeImpl(262)) - f37a6f46-5950-4be3-9f6d-6eb53e609f63: shutdown server with port 39151 now
2021-11-11 00:07:37,794 [Listener at 127.0.0.1/36803] INFO  server.GrpcService (GrpcService.java:closeImpl(271)) - f37a6f46-5950-4be3-9f6d-6eb53e609f63: shutdown server with port 39151 successfully
2021-11-11 00:07:37,795 [org.apache.ratis.util.JvmPauseMonitor$$Lambda$531/1874401182@667bc9fb] INFO  util.JvmPauseMonitor (JvmPauseMonitor.java:run(109)) - JvmPauseMonitor-f37a6f46-5950-4be3-9f6d-6eb53e609f63: Stopped
2021-11-11 00:07:37,795 [Listener at 127.0.0.1/36803] INFO  utils.BackgroundService (BackgroundService.java:shutdown(132)) - Shutting down service BlockDeletingService
2021-11-11 00:07:37,797 [6b695e55-6982-478b-aea3-481865f298ec@group-CB7168C967D4-StateMachineUpdater] INFO  ratis.ContainerStateMachine (ContainerStateMachine.java:takeSnapshot(292)) - group-CB7168C967D4: Taking a snapshot at:(t:1, i:0) file /home/runner/work/ozone/ozone/hadoop-ozone/integration-test/target/test-dir/MiniOzoneClusterImpl-d5f2283b-1c97-4f43-babe-75a35a923614/datanode-3/data/ratis/e52301a4-0bd3-4fc1-b1e1-cb7168c967d4/sm/snapshot.1_0
2021-11-11 00:07:37,797 [ForkJoinPool.commonPool-worker-1] INFO  impl.StateMachineUpdater (StateMachineUpdater.java:stopAndJoin(149)) - 6b695e55-6982-478b-aea3-481865f298ec@group-CB7168C967D4-StateMachineUpdater: set stopIndex = 0
2021-11-11 00:07:37,799 [6b695e55-6982-478b-aea3-481865f298ec@group-CB7168C967D4-StateMachineUpdater] INFO  ratis.ContainerStateMachine (ContainerStateMachine.java:takeSnapshot(303)) - group-CB7168C967D4: Finished taking a snapshot at:(t:1, i:0) file:/home/runner/work/ozone/ozone/hadoop-ozone/integration-test/target/test-dir/MiniOzoneClusterImpl-d5f2283b-1c97-4f43-babe-75a35a923614/datanode-3/data/ratis/e52301a4-0bd3-4fc1-b1e1-cb7168c967d4/sm/snapshot.1_0 took: 2 ms
2021-11-11 00:07:37,799 [6b695e55-6982-478b-aea3-481865f298ec@group-CB7168C967D4-StateMachineUpdater] INFO  impl.StateMachineUpdater (StateMachineUpdater.java:takeSnapshot(281)) - 6b695e55-6982-478b-aea3-481865f298ec@group-CB7168C967D4-StateMachineUpdater: Took a snapshot at index 0
2021-11-11 00:07:37,799 [6b695e55-6982-478b-aea3-481865f298ec@group-CB7168C967D4-StateMachineUpdater] INFO  impl.StateMachineUpdater (StateMachineUpdater.java:lambda$new$0(89)) - 6b695e55-6982-478b-aea3-481865f298ec@group-CB7168C967D4-StateMachineUpdater: snapshotIndex: updateIncreasingly -1 -> 0
2021-11-11 00:07:37,799 [ForkJoinPool.commonPool-worker-1] INFO  server.RaftServer$Division (ServerState.java:close(419)) - 6b695e55-6982-478b-aea3-481865f298ec@group-CB7168C967D4: closes. applyIndex: 0
2021-11-11 00:07:37,799 [6b695e55-6982-478b-aea3-481865f298ec@group-CB7168C967D4-SegmentedRaftLogWorker] INFO  segmented.SegmentedRaftLogWorker (SegmentedRaftLogWorker.java:run(327)) - 6b695e55-6982-478b-aea3-481865f298ec@group-CB7168C967D4-SegmentedRaftLogWorker was interrupted, exiting. There are 0 tasks remaining in the queue.
2021-11-11 00:07:37,811 [ForkJoinPool.commonPool-worker-1] INFO  segmented.SegmentedRaftLogWorker (SegmentedRaftLogWorker.java:close(237)) - 6b695e55-6982-478b-aea3-481865f298ec@group-CB7168C967D4-SegmentedRaftLogWorker close()
2021-11-11 00:07:37,817 [ForkJoinPool.commonPool-worker-1] INFO  server.GrpcService (GrpcService.java:closeImpl(262)) - 6b695e55-6982-478b-aea3-481865f298ec: shutdown server with port 43719 now
2021-11-11 00:07:37,826 [ForkJoinPool.commonPool-worker-1] INFO  server.GrpcService (GrpcService.java:closeImpl(271)) - 6b695e55-6982-478b-aea3-481865f298ec: shutdown server with port 43719 successfully
2021-11-11 00:07:37,826 [org.apache.ratis.util.JvmPauseMonitor$$Lambda$531/1874401182@6dadff48] INFO  util.JvmPauseMonitor (JvmPauseMonitor.java:run(109)) - JvmPauseMonitor-6b695e55-6982-478b-aea3-481865f298ec: Stopped
2021-11-11 00:07:37,833 [ForkJoinPool.commonPool-worker-1] INFO  utils.BackgroundService (BackgroundService.java:shutdown(132)) - Shutting down service BlockDeletingService
2021-11-11 00:07:38,932 [grpc-default-executor-3] WARN  server.GrpcLogAppender (LogUtils.java:warn(122)) - 0d2fb367-afe0-4be7-ae24-70cd5e1a0313@group-D18AC6807E55->e5ed6742-d51a-4f99-aebb-54e43bc29342-AppendLogResponseHandler: Failed appendEntries: org.apache.ratis.thirdparty.io.grpc.StatusRuntimeException: UNAVAILABLE: io exception
2021-11-11 00:07:38,932 [grpc-default-executor-3] WARN  server.GrpcLogAppender (GrpcLogAppender.java:resetClient(110)) - 0d2fb367-afe0-4be7-ae24-70cd5e1a0313@group-D18AC6807E55->e5ed6742-d51a-4f99-aebb-54e43bc29342-GrpcLogAppender: Leader has not got in touch with Follower 0d2fb367-afe0-4be7-ae24-70cd5e1a0313@group-D18AC6807E55->e5ed6742-d51a-4f99-aebb-54e43bc29342(c-1,m0,n1, attendVote=true, lastRpcSendTime=0, lastRpcResponseTime=12757) yet, just keep nextIndex unchanged and retry.
2021-11-11 00:07:40,837 [ForkJoinPool.commonPool-worker-1] INFO  statemachine.DatanodeStateMachine (DatanodeStateMachine.java:stopDaemon(526)) - Ozone container server stopped.
2021-11-11 00:07:40,853 [ForkJoinPool.commonPool-worker-1] INFO  handler.ContextHandler (ContextHandler.java:doStop(1153)) - Stopped o.e.j.w.WebAppContext@65e1c98c{hddsDatanode,/,null,STOPPED}{jar:file:/home/runner/.m2/repository/org/apache/ozone/hdds-container-service/1.2.0-SNAPSHOT/hdds-container-service-1.2.0-SNAPSHOT.jar!/webapps/hddsDatanode}
2021-11-11 00:07:40,854 [Listener at 127.0.0.1/36803] INFO  statemachine.DatanodeStateMachine (DatanodeStateMachine.java:stopDaemon(526)) - Ozone container server stopped.
2021-11-11 00:07:40,855 [Listener at 127.0.0.1/36803] INFO  handler.ContextHandler (ContextHandler.java:doStop(1153)) - Stopped o.e.j.w.WebAppContext@1c90e5ff{hddsDatanode,/,null,STOPPED}{jar:file:/home/runner/.m2/repository/org/apache/ozone/hdds-container-service/1.2.0-SNAPSHOT/hdds-container-service-1.2.0-SNAPSHOT.jar!/webapps/hddsDatanode}
2021-11-11 00:07:40,856 [Listener at 127.0.0.1/36803] INFO  server.AbstractConnector (AbstractConnector.java:doStop(381)) - Stopped ServerConnector@55058ed{HTTP/1.1, (http/1.1)}{0.0.0.0:0}
2021-11-11 00:07:40,856 [Listener at 127.0.0.1/36803] INFO  server.session (HouseKeeper.java:stopScavenging(149)) - node0 Stopped scavenging
2021-11-11 00:07:40,856 [Listener at 127.0.0.1/36803] INFO  handler.ContextHandler (ContextHandler.java:doStop(1153)) - Stopped o.e.j.s.ServletContextHandler@7c0cc5d1{static,/static,jar:file:/home/runner/.m2/repository/org/apache/ozone/hdds-container-service/1.2.0-SNAPSHOT/hdds-container-service-1.2.0-SNAPSHOT.jar!/webapps/static,STOPPED}
2021-11-11 00:07:40,856 [Listener at 127.0.0.1/36803] INFO  handler.ContextHandler (ContextHandler.java:doStop(1153)) - Stopped o.e.j.s.ServletContextHandler@39e5bd18{logs,/logs,file:///home/runner/work/ozone/ozone/hadoop-ozone/integration-test/target/log,STOPPED}
2021-11-11 00:07:40,872 [ForkJoinPool.commonPool-worker-1] INFO  server.AbstractConnector (AbstractConnector.java:doStop(381)) - Stopped ServerConnector@5c37f527{HTTP/1.1, (http/1.1)}{0.0.0.0:0}
2021-11-11 00:07:40,872 [ForkJoinPool.commonPool-worker-1] INFO  server.session (HouseKeeper.java:stopScavenging(149)) - node0 Stopped scavenging
2021-11-11 00:07:40,878 [ForkJoinPool.commonPool-worker-1] INFO  handler.ContextHandler (ContextHandler.java:doStop(1153)) - Stopped o.e.j.s.ServletContextHandler@368e8ea7{static,/static,jar:file:/home/runner/.m2/repository/org/apache/ozone/hdds-container-service/1.2.0-SNAPSHOT/hdds-container-service-1.2.0-SNAPSHOT.jar!/webapps/static,STOPPED}
2021-11-11 00:07:40,901 [ForkJoinPool.commonPool-worker-1] INFO  handler.ContextHandler (ContextHandler.java:doStop(1153)) - Stopped o.e.j.s.ServletContextHandler@3004029b{logs,/logs,file:///home/runner/work/ozone/ozone/hadoop-ozone/integration-test/target/log,STOPPED}
2021-11-11 00:07:41,434 [grpc-default-executor-3] WARN  server.GrpcLogAppender (LogUtils.java:warn(122)) - 0d2fb367-afe0-4be7-ae24-70cd5e1a0313@group-D18AC6807E55->e5ed6742-d51a-4f99-aebb-54e43bc29342-AppendLogResponseHandler: Failed appendEntries: org.apache.ratis.thirdparty.io.grpc.StatusRuntimeException: UNAVAILABLE: io exception
2021-11-11 00:07:41,435 [grpc-default-executor-3] WARN  server.GrpcLogAppender (GrpcLogAppender.java:resetClient(110)) - 0d2fb367-afe0-4be7-ae24-70cd5e1a0313@group-D18AC6807E55->e5ed6742-d51a-4f99-aebb-54e43bc29342-GrpcLogAppender: Leader has not got in touch with Follower 0d2fb367-afe0-4be7-ae24-70cd5e1a0313@group-D18AC6807E55->e5ed6742-d51a-4f99-aebb-54e43bc29342(c-1,m0,n1, attendVote=true, lastRpcSendTime=2503, lastRpcResponseTime=15259) yet, just keep nextIndex unchanged and retry.
2021-11-11 00:07:41,847 [0d2fb367-afe0-4be7-ae24-70cd5e1a0313@group-D18AC6807E55-LeaderStateImpl] INFO  server.RaftServer$Division (LeaderStateImpl.java:yieldLeaderToHigherPriorityPeer(930)) - 0d2fb367-afe0-4be7-ae24-70cd5e1a0313@group-D18AC6807E55-LeaderStateImpl send StartLeaderElectionRequest to follower:e5ed6742-d51a-4f99-aebb-54e43bc29342 on term:7 because follower's priority:1 is higher than leader's:0 and follower's lastEntry index:0 catch up with leader's:0
2021-11-11 00:07:43,936 [grpc-default-executor-6] WARN  server.GrpcLogAppender (LogUtils.java:warn(122)) - 0d2fb367-afe0-4be7-ae24-70cd5e1a0313@group-D18AC6807E55->e5ed6742-d51a-4f99-aebb-54e43bc29342-AppendLogResponseHandler: Failed appendEntries: org.apache.ratis.thirdparty.io.grpc.StatusRuntimeException: UNAVAILABLE: io exception
2021-11-11 00:07:43,937 [grpc-default-executor-6] WARN  server.GrpcLogAppender (GrpcLogAppender.java:resetClient(110)) - 0d2fb367-afe0-4be7-ae24-70cd5e1a0313@group-D18AC6807E55->e5ed6742-d51a-4f99-aebb-54e43bc29342-GrpcLogAppender: Leader has not got in touch with Follower 0d2fb367-afe0-4be7-ae24-70cd5e1a0313@group-D18AC6807E55->e5ed6742-d51a-4f99-aebb-54e43bc29342(c-1,m0,n1, attendVote=true, lastRpcSendTime=0, lastRpcResponseTime=17761) yet, just keep nextIndex unchanged and retry.
2021-11-11 00:07:45,861 [Listener at 127.0.0.1/36803] INFO  ozoneimpl.OzoneContainer (OzoneContainer.java:stop(325)) - Attempting to stop container services.
2021-11-11 00:07:45,862 [Listener at 127.0.0.1/36803] INFO  server.RaftServer (RaftServerProxy.java:lambda$close$6(391)) - 6e133fb8-c87a-4d8d-9d3f-d688ae1cb6f8: close
2021-11-11 00:07:45,862 [Listener at 127.0.0.1/36803] INFO  server.RaftServer$Division (RaftServerImpl.java:lambda$close$4(412)) - 6e133fb8-c87a-4d8d-9d3f-d688ae1cb6f8@group-0F7999503DA4: shutdown
2021-11-11 00:07:45,862 [Listener at 127.0.0.1/36803] INFO  util.JmxRegister (JmxRegister.java:unregister(73)) - Successfully un-registered JMX Bean with object name Ratis:service=RaftServer,group=group-0F7999503DA4,id=6e133fb8-c87a-4d8d-9d3f-d688ae1cb6f8
2021-11-11 00:07:45,862 [Listener at 127.0.0.1/36803] INFO  impl.RoleInfo (RoleInfo.java:shutdownLeaderState(91)) - 6e133fb8-c87a-4d8d-9d3f-d688ae1cb6f8: shutdown 6e133fb8-c87a-4d8d-9d3f-d688ae1cb6f8@group-0F7999503DA4-LeaderStateImpl
2021-11-11 00:07:45,863 [Listener at 127.0.0.1/36803] INFO  impl.PendingRequests (PendingRequests.java:sendNotLeaderResponses(282)) - 6e133fb8-c87a-4d8d-9d3f-d688ae1cb6f8@group-0F7999503DA4-PendingRequests: sendNotLeaderResponses
2021-11-11 00:07:45,866 [6e133fb8-c87a-4d8d-9d3f-d688ae1cb6f8@group-0F7999503DA4-StateMachineUpdater] INFO  ratis.ContainerStateMachine (ContainerStateMachine.java:takeSnapshot(292)) - group-0F7999503DA4: Taking a snapshot at:(t:1, i:0) file /home/runner/work/ozone/ozone/hadoop-ozone/integration-test/target/test-dir/MiniOzoneClusterImpl-d5f2283b-1c97-4f43-babe-75a35a923614/datanode-7/data/ratis/e010c6ce-98d7-40ae-9b90-0f7999503da4/sm/snapshot.1_0
2021-11-11 00:07:45,867 [Listener at 127.0.0.1/36803] INFO  impl.StateMachineUpdater (StateMachineUpdater.java:stopAndJoin(149)) - 6e133fb8-c87a-4d8d-9d3f-d688ae1cb6f8@group-0F7999503DA4-StateMachineUpdater: set stopIndex = 0
2021-11-11 00:07:45,868 [6e133fb8-c87a-4d8d-9d3f-d688ae1cb6f8@group-0F7999503DA4-StateMachineUpdater] INFO  ratis.ContainerStateMachine (ContainerStateMachine.java:takeSnapshot(303)) - group-0F7999503DA4: Finished taking a snapshot at:(t:1, i:0) file:/home/runner/work/ozone/ozone/hadoop-ozone/integration-test/target/test-dir/MiniOzoneClusterImpl-d5f2283b-1c97-4f43-babe-75a35a923614/datanode-7/data/ratis/e010c6ce-98d7-40ae-9b90-0f7999503da4/sm/snapshot.1_0 took: 2 ms
2021-11-11 00:07:45,868 [6e133fb8-c87a-4d8d-9d3f-d688ae1cb6f8@group-0F7999503DA4-StateMachineUpdater] INFO  impl.StateMachineUpdater (StateMachineUpdater.java:takeSnapshot(281)) - 6e133fb8-c87a-4d8d-9d3f-d688ae1cb6f8@group-0F7999503DA4-StateMachineUpdater: Took a snapshot at index 0
2021-11-11 00:07:45,868 [6e133fb8-c87a-4d8d-9d3f-d688ae1cb6f8@group-0F7999503DA4-StateMachineUpdater] INFO  impl.StateMachineUpdater (StateMachineUpdater.java:lambda$new$0(89)) - 6e133fb8-c87a-4d8d-9d3f-d688ae1cb6f8@group-0F7999503DA4-StateMachineUpdater: snapshotIndex: updateIncreasingly -1 -> 0
2021-11-11 00:07:45,868 [Listener at 127.0.0.1/36803] INFO  server.RaftServer$Division (ServerState.java:close(419)) - 6e133fb8-c87a-4d8d-9d3f-d688ae1cb6f8@group-0F7999503DA4: closes. applyIndex: 0
2021-11-11 00:07:45,869 [6e133fb8-c87a-4d8d-9d3f-d688ae1cb6f8@group-0F7999503DA4-SegmentedRaftLogWorker] INFO  segmented.SegmentedRaftLogWorker (SegmentedRaftLogWorker.java:run(327)) - 6e133fb8-c87a-4d8d-9d3f-d688ae1cb6f8@group-0F7999503DA4-SegmentedRaftLogWorker was interrupted, exiting. There are 0 tasks remaining in the queue.
2021-11-11 00:07:45,889 [Listener at 127.0.0.1/36803] INFO  segmented.SegmentedRaftLogWorker (SegmentedRaftLogWorker.java:close(237)) - 6e133fb8-c87a-4d8d-9d3f-d688ae1cb6f8@group-0F7999503DA4-SegmentedRaftLogWorker close()
2021-11-11 00:07:45,907 [ForkJoinPool.commonPool-worker-1] INFO  ozoneimpl.OzoneContainer (OzoneContainer.java:stop(325)) - Attempting to stop container services.
2021-11-11 00:07:45,908 [ForkJoinPool.commonPool-worker-1] INFO  server.RaftServer (RaftServerProxy.java:lambda$close$6(391)) - 0d2fb367-afe0-4be7-ae24-70cd5e1a0313: close
2021-11-11 00:07:45,908 [ForkJoinPool.commonPool-worker-1] INFO  server.RaftServer$Division (RaftServerImpl.java:lambda$close$4(412)) - 0d2fb367-afe0-4be7-ae24-70cd5e1a0313@group-1D734D956124: shutdown
2021-11-11 00:07:45,909 [ForkJoinPool.commonPool-worker-1] INFO  util.JmxRegister (JmxRegister.java:unregister(73)) - Successfully un-registered JMX Bean with object name Ratis:service=RaftServer,group=group-1D734D956124,id=0d2fb367-afe0-4be7-ae24-70cd5e1a0313
2021-11-11 00:07:45,909 [ForkJoinPool.commonPool-worker-1] INFO  impl.RoleInfo (RoleInfo.java:shutdownLeaderState(91)) - 0d2fb367-afe0-4be7-ae24-70cd5e1a0313: shutdown 0d2fb367-afe0-4be7-ae24-70cd5e1a0313@group-1D734D956124-LeaderStateImpl
2021-11-11 00:07:45,909 [ForkJoinPool.commonPool-worker-1] INFO  impl.PendingRequests (PendingRequests.java:sendNotLeaderResponses(282)) - 0d2fb367-afe0-4be7-ae24-70cd5e1a0313@group-1D734D956124-PendingRequests: sendNotLeaderResponses
2021-11-11 00:07:45,910 [ForkJoinPool.commonPool-worker-1] INFO  impl.StateMachineUpdater (StateMachineUpdater.java:stopAndJoin(149)) - 0d2fb367-afe0-4be7-ae24-70cd5e1a0313@group-1D734D956124-StateMachineUpdater: set stopIndex = 0
2021-11-11 00:07:45,910 [0d2fb367-afe0-4be7-ae24-70cd5e1a0313@group-1D734D956124-StateMachineUpdater] INFO  ratis.ContainerStateMachine (ContainerStateMachine.java:takeSnapshot(292)) - group-1D734D956124: Taking a snapshot at:(t:1, i:0) file /home/runner/work/ozone/ozone/hadoop-ozone/integration-test/target/test-dir/MiniOzoneClusterImpl-d5f2283b-1c97-4f43-babe-75a35a923614/datanode-0/data/ratis/1adfe36a-35da-4738-93f5-1d734d956124/sm/snapshot.1_0
2021-11-11 00:07:45,912 [0d2fb367-afe0-4be7-ae24-70cd5e1a0313@group-1D734D956124-StateMachineUpdater] INFO  ratis.ContainerStateMachine (ContainerStateMachine.java:takeSnapshot(303)) - group-1D734D956124: Finished taking a snapshot at:(t:1, i:0) file:/home/runner/work/ozone/ozone/hadoop-ozone/integration-test/target/test-dir/MiniOzoneClusterImpl-d5f2283b-1c97-4f43-babe-75a35a923614/datanode-0/data/ratis/1adfe36a-35da-4738-93f5-1d734d956124/sm/snapshot.1_0 took: 3 ms
2021-11-11 00:07:45,913 [0d2fb367-afe0-4be7-ae24-70cd5e1a0313@group-1D734D956124-StateMachineUpdater] INFO  impl.StateMachineUpdater (StateMachineUpdater.java:takeSnapshot(281)) - 0d2fb367-afe0-4be7-ae24-70cd5e1a0313@group-1D734D956124-StateMachineUpdater: Took a snapshot at index 0
2021-11-11 00:07:45,913 [0d2fb367-afe0-4be7-ae24-70cd5e1a0313@group-1D734D956124-StateMachineUpdater] INFO  impl.StateMachineUpdater (StateMachineUpdater.java:lambda$new$0(89)) - 0d2fb367-afe0-4be7-ae24-70cd5e1a0313@group-1D734D956124-StateMachineUpdater: snapshotIndex: updateIncreasingly -1 -> 0
2021-11-11 00:07:45,913 [ForkJoinPool.commonPool-worker-1] INFO  server.RaftServer$Division (ServerState.java:close(419)) - 0d2fb367-afe0-4be7-ae24-70cd5e1a0313@group-1D734D956124: closes. applyIndex: 0
2021-11-11 00:07:45,913 [0d2fb367-afe0-4be7-ae24-70cd5e1a0313@group-1D734D956124-SegmentedRaftLogWorker] INFO  segmented.SegmentedRaftLogWorker (SegmentedRaftLogWorker.java:run(327)) - 0d2fb367-afe0-4be7-ae24-70cd5e1a0313@group-1D734D956124-SegmentedRaftLogWorker was interrupted, exiting. There are 0 tasks remaining in the queue.
2021-11-11 00:07:45,914 [ForkJoinPool.commonPool-worker-1] INFO  segmented.SegmentedRaftLogWorker (SegmentedRaftLogWorker.java:close(237)) - 0d2fb367-afe0-4be7-ae24-70cd5e1a0313@group-1D734D956124-SegmentedRaftLogWorker close()
2021-11-11 00:07:45,914 [ForkJoinPool.commonPool-worker-1] INFO  server.RaftServer$Division (RaftServerImpl.java:lambda$close$4(412)) - 0d2fb367-afe0-4be7-ae24-70cd5e1a0313@group-D18AC6807E55: shutdown
2021-11-11 00:07:45,914 [ForkJoinPool.commonPool-worker-1] INFO  util.JmxRegister (JmxRegister.java:unregister(73)) - Successfully un-registered JMX Bean with object name Ratis:service=RaftServer,group=group-D18AC6807E55,id=0d2fb367-afe0-4be7-ae24-70cd5e1a0313
2021-11-11 00:07:45,914 [ForkJoinPool.commonPool-worker-1] INFO  impl.RoleInfo (RoleInfo.java:shutdownLeaderState(91)) - 0d2fb367-afe0-4be7-ae24-70cd5e1a0313: shutdown 0d2fb367-afe0-4be7-ae24-70cd5e1a0313@group-D18AC6807E55-LeaderStateImpl
2021-11-11 00:07:45,914 [ForkJoinPool.commonPool-worker-1] INFO  impl.PendingRequests (PendingRequests.java:sendNotLeaderResponses(282)) - 0d2fb367-afe0-4be7-ae24-70cd5e1a0313@group-D18AC6807E55-PendingRequests: sendNotLeaderResponses
2021-11-11 00:07:45,915 [Listener at 127.0.0.1/36803] INFO  server.RaftServer$Division (RaftServerImpl.java:lambda$close$4(412)) - 6e133fb8-c87a-4d8d-9d3f-d688ae1cb6f8@group-B667C1C291A7: shutdown
2021-11-11 00:07:45,915 [Listener at 127.0.0.1/36803] INFO  util.JmxRegister (JmxRegister.java:unregister(73)) - Successfully un-registered JMX Bean with object name Ratis:service=RaftServer,group=group-B667C1C291A7,id=6e133fb8-c87a-4d8d-9d3f-d688ae1cb6f8
2021-11-11 00:07:45,916 [Listener at 127.0.0.1/36803] INFO  impl.RoleInfo (RoleInfo.java:shutdownFollowerState(108)) - 6e133fb8-c87a-4d8d-9d3f-d688ae1cb6f8: shutdown 6e133fb8-c87a-4d8d-9d3f-d688ae1cb6f8@group-B667C1C291A7-FollowerState
2021-11-11 00:07:45,916 [Listener at 127.0.0.1/36803] INFO  impl.StateMachineUpdater (StateMachineUpdater.java:stopAndJoin(149)) - 6e133fb8-c87a-4d8d-9d3f-d688ae1cb6f8@group-B667C1C291A7-StateMachineUpdater: set stopIndex = 0
2021-11-11 00:07:45,916 [6e133fb8-c87a-4d8d-9d3f-d688ae1cb6f8@group-B667C1C291A7-FollowerState] INFO  impl.FollowerState (FollowerState.java:run(143)) - 6e133fb8-c87a-4d8d-9d3f-d688ae1cb6f8@group-B667C1C291A7-FollowerState was interrupted: {}
java.lang.InterruptedException: sleep interrupted
	at java.lang.Thread.sleep(Native Method)
	at java.lang.Thread.sleep(Thread.java:340)
	at java.util.concurrent.TimeUnit.sleep(TimeUnit.java:386)
	at org.apache.ratis.util.TimeDuration.sleep(TimeDuration.java:324)
	at org.apache.ratis.util.TimeDuration.sleep(TimeDuration.java:309)
	at org.apache.ratis.server.impl.FollowerState.run(FollowerState.java:118)
2021-11-11 00:07:45,917 [6e133fb8-c87a-4d8d-9d3f-d688ae1cb6f8@group-B667C1C291A7-StateMachineUpdater] INFO  ratis.ContainerStateMachine (ContainerStateMachine.java:takeSnapshot(292)) - group-B667C1C291A7: Taking a snapshot at:(t:4, i:0) file /home/runner/work/ozone/ozone/hadoop-ozone/integration-test/target/test-dir/MiniOzoneClusterImpl-d5f2283b-1c97-4f43-babe-75a35a923614/datanode-7/data/ratis/54cb16ec-fc10-47c0-939b-b667c1c291a7/sm/snapshot.4_0
2021-11-11 00:07:45,918 [6e133fb8-c87a-4d8d-9d3f-d688ae1cb6f8@group-B667C1C291A7-StateMachineUpdater] INFO  ratis.ContainerStateMachine (ContainerStateMachine.java:takeSnapshot(303)) - group-B667C1C291A7: Finished taking a snapshot at:(t:4, i:0) file:/home/runner/work/ozone/ozone/hadoop-ozone/integration-test/target/test-dir/MiniOzoneClusterImpl-d5f2283b-1c97-4f43-babe-75a35a923614/datanode-7/data/ratis/54cb16ec-fc10-47c0-939b-b667c1c291a7/sm/snapshot.4_0 took: 1 ms
2021-11-11 00:07:45,918 [6e133fb8-c87a-4d8d-9d3f-d688ae1cb6f8@group-B667C1C291A7-StateMachineUpdater] INFO  impl.StateMachineUpdater (StateMachineUpdater.java:takeSnapshot(281)) - 6e133fb8-c87a-4d8d-9d3f-d688ae1cb6f8@group-B667C1C291A7-StateMachineUpdater: Took a snapshot at index 0
2021-11-11 00:07:45,918 [6e133fb8-c87a-4d8d-9d3f-d688ae1cb6f8@group-B667C1C291A7-StateMachineUpdater] INFO  impl.StateMachineUpdater (StateMachineUpdater.java:lambda$new$0(89)) - 6e133fb8-c87a-4d8d-9d3f-d688ae1cb6f8@group-B667C1C291A7-StateMachineUpdater: snapshotIndex: updateIncreasingly -1 -> 0
2021-11-11 00:07:45,918 [Listener at 127.0.0.1/36803] INFO  server.RaftServer$Division (ServerState.java:close(419)) - 6e133fb8-c87a-4d8d-9d3f-d688ae1cb6f8@group-B667C1C291A7: closes. applyIndex: 0
2021-11-11 00:07:45,921 [6e133fb8-c87a-4d8d-9d3f-d688ae1cb6f8@group-B667C1C291A7-SegmentedRaftLogWorker] INFO  segmented.SegmentedRaftLogWorker (SegmentedRaftLogWorker.java:run(327)) - 6e133fb8-c87a-4d8d-9d3f-d688ae1cb6f8@group-B667C1C291A7-SegmentedRaftLogWorker was interrupted, exiting. There are 0 tasks remaining in the queue.
2021-11-11 00:07:45,921 [ForkJoinPool.commonPool-worker-1] INFO  impl.StateMachineUpdater (StateMachineUpdater.java:stopAndJoin(149)) - 0d2fb367-afe0-4be7-ae24-70cd5e1a0313@group-D18AC6807E55-StateMachineUpdater: set stopIndex = 0
2021-11-11 00:07:45,921 [Listener at 127.0.0.1/36803] INFO  segmented.SegmentedRaftLogWorker (SegmentedRaftLogWorker.java:close(237)) - 6e133fb8-c87a-4d8d-9d3f-d688ae1cb6f8@group-B667C1C291A7-SegmentedRaftLogWorker close()
2021-11-11 00:07:45,921 [0d2fb367-afe0-4be7-ae24-70cd5e1a0313@group-D18AC6807E55-StateMachineUpdater] INFO  ratis.ContainerStateMachine (ContainerStateMachine.java:takeSnapshot(292)) - group-D18AC6807E55: Taking a snapshot at:(t:7, i:0) file /home/runner/work/ozone/ozone/hadoop-ozone/integration-test/target/test-dir/MiniOzoneClusterImpl-d5f2283b-1c97-4f43-babe-75a35a923614/datanode-0/data/ratis/f46ad258-11d7-4282-b328-d18ac6807e55/sm/snapshot.7_0
2021-11-11 00:07:45,922 [Listener at 127.0.0.1/36803] INFO  server.GrpcService (GrpcService.java:closeImpl(262)) - 6e133fb8-c87a-4d8d-9d3f-d688ae1cb6f8: shutdown server with port 38557 now
2021-11-11 00:07:45,922 [0d2fb367-afe0-4be7-ae24-70cd5e1a0313@group-D18AC6807E55->5b650bcb-8111-473c-88bf-b7649abefc48-GrpcLogAppender-LogAppenderDaemon] WARN  server.GrpcLogAppender (GrpcLogAppender.java:mayWait(177)) - 0d2fb367-afe0-4be7-ae24-70cd5e1a0313@group-D18AC6807E55->5b650bcb-8111-473c-88bf-b7649abefc48-GrpcLogAppender: Wait interrupted by java.lang.InterruptedException
2021-11-11 00:07:45,923 [grpc-default-executor-3] INFO  server.GrpcServerProtocolService (GrpcServerProtocolService.java:onCompleted(140)) - 5b650bcb-8111-473c-88bf-b7649abefc48: Completed APPEND_ENTRIES, lastRequest: 0d2fb367-afe0-4be7-ae24-70cd5e1a0313->5b650bcb-8111-473c-88bf-b7649abefc48#1-t7,previous=(t:0, i:0),leaderCommit=-1,initializing? true,entries: size=1, first=(t:7, i:0), CONFIGURATIONENTRY
2021-11-11 00:07:45,924 [0d2fb367-afe0-4be7-ae24-70cd5e1a0313@group-D18AC6807E55-StateMachineUpdater] INFO  ratis.ContainerStateMachine (ContainerStateMachine.java:takeSnapshot(303)) - group-D18AC6807E55: Finished taking a snapshot at:(t:7, i:0) file:/home/runner/work/ozone/ozone/hadoop-ozone/integration-test/target/test-dir/MiniOzoneClusterImpl-d5f2283b-1c97-4f43-babe-75a35a923614/datanode-0/data/ratis/f46ad258-11d7-4282-b328-d18ac6807e55/sm/snapshot.7_0 took: 2 ms
2021-11-11 00:07:45,924 [0d2fb367-afe0-4be7-ae24-70cd5e1a0313@group-D18AC6807E55-StateMachineUpdater] INFO  impl.StateMachineUpdater (StateMachineUpdater.java:takeSnapshot(281)) - 0d2fb367-afe0-4be7-ae24-70cd5e1a0313@group-D18AC6807E55-StateMachineUpdater: Took a snapshot at index 0
2021-11-11 00:07:45,924 [0d2fb367-afe0-4be7-ae24-70cd5e1a0313@group-D18AC6807E55-StateMachineUpdater] INFO  impl.StateMachineUpdater (StateMachineUpdater.java:lambda$new$0(89)) - 0d2fb367-afe0-4be7-ae24-70cd5e1a0313@group-D18AC6807E55-StateMachineUpdater: snapshotIndex: updateIncreasingly -1 -> 0
2021-11-11 00:07:45,925 [grpc-default-executor-3] INFO  server.GrpcLogAppender (GrpcLogAppender.java:onCompleted(346)) - 0d2fb367-afe0-4be7-ae24-70cd5e1a0313@group-D18AC6807E55->5b650bcb-8111-473c-88bf-b7649abefc48-AppendLogResponseHandler: follower responses appendEntries COMPLETED
2021-11-11 00:07:45,925 [grpc-default-executor-3] INFO  leader.FollowerInfo (FollowerInfoImpl.java:lambda$new$0(47)) - 0d2fb367-afe0-4be7-ae24-70cd5e1a0313@group-D18AC6807E55->5b650bcb-8111-473c-88bf-b7649abefc48: nextIndex: updateUnconditionally 1 -> 0
2021-11-11 00:07:45,931 [grpc-default-executor-6] WARN  server.GrpcServerProtocolService (LogUtils.java:warn(122)) - 6e133fb8-c87a-4d8d-9d3f-d688ae1cb6f8: installSnapshot onError, lastRequest: 69aff4e4-918e-4266-92c0-ec642b93bcd5->6e133fb8-c87a-4d8d-9d3f-d688ae1cb6f8#1-t4,previous=(t:0, i:0),leaderCommit=-1,initializing? true,entries: size=1, first=(t:4, i:0), CONFIGURATIONENTRY: org.apache.ratis.thirdparty.io.grpc.StatusRuntimeException: CANCELLED: client cancelled
2021-11-11 00:07:45,931 [Listener at 127.0.0.1/36803] INFO  server.GrpcService (GrpcService.java:closeImpl(271)) - 6e133fb8-c87a-4d8d-9d3f-d688ae1cb6f8: shutdown server with port 38557 successfully
2021-11-11 00:07:45,932 [org.apache.ratis.util.JvmPauseMonitor$$Lambda$531/1874401182@4b33902b] INFO  util.JvmPauseMonitor (JvmPauseMonitor.java:run(109)) - JvmPauseMonitor-6e133fb8-c87a-4d8d-9d3f-d688ae1cb6f8: Stopped
2021-11-11 00:07:45,932 [grpc-default-executor-0] WARN  server.GrpcLogAppender (LogUtils.java:warn(122)) - 69aff4e4-918e-4266-92c0-ec642b93bcd5@group-B667C1C291A7->6e133fb8-c87a-4d8d-9d3f-d688ae1cb6f8-AppendLogResponseHandler: Failed appendEntries: org.apache.ratis.thirdparty.io.grpc.StatusRuntimeException: CANCELLED: HTTP/2 error code: CANCEL
Received Rst Stream
2021-11-11 00:07:45,932 [grpc-default-executor-0] WARN  server.GrpcLogAppender (GrpcLogAppender.java:resetClient(110)) - 69aff4e4-918e-4266-92c0-ec642b93bcd5@group-B667C1C291A7->6e133fb8-c87a-4d8d-9d3f-d688ae1cb6f8-GrpcLogAppender: Leader has not got in touch with Follower 69aff4e4-918e-4266-92c0-ec642b93bcd5@group-B667C1C291A7->6e133fb8-c87a-4d8d-9d3f-d688ae1cb6f8(c0,m0,n1, attendVote=true, lastRpcSendTime=1953, lastRpcResponseTime=1945) yet, just keep nextIndex unchanged and retry.
2021-11-11 00:07:45,933 [Listener at 127.0.0.1/36803] INFO  utils.BackgroundService (BackgroundService.java:shutdown(132)) - Shutting down service BlockDeletingService
2021-11-11 00:07:45,973 [ForkJoinPool.commonPool-worker-1] INFO  server.RaftServer$Division (ServerState.java:close(419)) - 0d2fb367-afe0-4be7-ae24-70cd5e1a0313@group-D18AC6807E55: closes. applyIndex: 0
2021-11-11 00:07:46,007 [0d2fb367-afe0-4be7-ae24-70cd5e1a0313@group-D18AC6807E55-SegmentedRaftLogWorker] INFO  segmented.SegmentedRaftLogWorker (SegmentedRaftLogWorker.java:run(327)) - 0d2fb367-afe0-4be7-ae24-70cd5e1a0313@group-D18AC6807E55-SegmentedRaftLogWorker was interrupted, exiting. There are 0 tasks remaining in the queue.
2021-11-11 00:07:46,008 [ForkJoinPool.commonPool-worker-1] INFO  segmented.SegmentedRaftLogWorker (SegmentedRaftLogWorker.java:close(237)) - 0d2fb367-afe0-4be7-ae24-70cd5e1a0313@group-D18AC6807E55-SegmentedRaftLogWorker close()
2021-11-11 00:07:46,008 [ForkJoinPool.commonPool-worker-1] INFO  server.GrpcService (GrpcService.java:closeImpl(262)) - 0d2fb367-afe0-4be7-ae24-70cd5e1a0313: shutdown server with port 34699 now
2021-11-11 00:07:46,067 [ForkJoinPool.commonPool-worker-1] INFO  server.GrpcService (GrpcService.java:closeImpl(271)) - 0d2fb367-afe0-4be7-ae24-70cd5e1a0313: shutdown server with port 34699 successfully
2021-11-11 00:07:46,067 [org.apache.ratis.util.JvmPauseMonitor$$Lambda$531/1874401182@7cc0f847] INFO  util.JvmPauseMonitor (JvmPauseMonitor.java:run(109)) - JvmPauseMonitor-0d2fb367-afe0-4be7-ae24-70cd5e1a0313: Stopped
2021-11-11 00:07:46,076 [ForkJoinPool.commonPool-worker-1] INFO  utils.BackgroundService (BackgroundService.java:shutdown(132)) - Shutting down service BlockDeletingService
2021-11-11 00:07:46,495 [grpc-default-executor-3] WARN  server.GrpcLogAppender (LogUtils.java:warn(122)) - 69aff4e4-918e-4266-92c0-ec642b93bcd5@group-B667C1C291A7->6e133fb8-c87a-4d8d-9d3f-d688ae1cb6f8-AppendLogResponseHandler: Failed appendEntries: org.apache.ratis.thirdparty.io.grpc.StatusRuntimeException: UNAVAILABLE: io exception
2021-11-11 00:07:46,496 [grpc-default-executor-3] WARN  server.GrpcLogAppender (GrpcLogAppender.java:resetClient(110)) - 69aff4e4-918e-4266-92c0-ec642b93bcd5@group-B667C1C291A7->6e133fb8-c87a-4d8d-9d3f-d688ae1cb6f8-GrpcLogAppender: Leader has not got in touch with Follower 69aff4e4-918e-4266-92c0-ec642b93bcd5@group-B667C1C291A7->6e133fb8-c87a-4d8d-9d3f-d688ae1cb6f8(c0,m0,n1, attendVote=true, lastRpcSendTime=3, lastRpcResponseTime=2508) yet, just keep nextIndex unchanged and retry.
2021-11-11 00:07:48,993 [grpc-default-executor-3] WARN  server.GrpcLogAppender (LogUtils.java:warn(122)) - 69aff4e4-918e-4266-92c0-ec642b93bcd5@group-B667C1C291A7->6e133fb8-c87a-4d8d-9d3f-d688ae1cb6f8-AppendLogResponseHandler: Failed appendEntries: org.apache.ratis.thirdparty.io.grpc.StatusRuntimeException: UNAVAILABLE: io exception
2021-11-11 00:07:48,994 [grpc-default-executor-3] WARN  server.GrpcLogAppender (GrpcLogAppender.java:resetClient(110)) - 69aff4e4-918e-4266-92c0-ec642b93bcd5@group-B667C1C291A7->6e133fb8-c87a-4d8d-9d3f-d688ae1cb6f8-GrpcLogAppender: Leader has not got in touch with Follower 69aff4e4-918e-4266-92c0-ec642b93bcd5@group-B667C1C291A7->6e133fb8-c87a-4d8d-9d3f-d688ae1cb6f8(c0,m0,n1, attendVote=true, lastRpcSendTime=0, lastRpcResponseTime=5006) yet, just keep nextIndex unchanged and retry.
2021-11-11 00:07:49,015 [Listener at 127.0.0.1/36803] INFO  statemachine.DatanodeStateMachine (DatanodeStateMachine.java:stopDaemon(526)) - Ozone container server stopped.
2021-11-11 00:07:49,016 [Listener at 127.0.0.1/36803] INFO  handler.ContextHandler (ContextHandler.java:doStop(1153)) - Stopped o.e.j.w.WebAppContext@67552892{hddsDatanode,/,null,STOPPED}{jar:file:/home/runner/.m2/repository/org/apache/ozone/hdds-container-service/1.2.0-SNAPSHOT/hdds-container-service-1.2.0-SNAPSHOT.jar!/webapps/hddsDatanode}
2021-11-11 00:07:49,017 [Listener at 127.0.0.1/36803] INFO  server.AbstractConnector (AbstractConnector.java:doStop(381)) - Stopped ServerConnector@1467cb71{HTTP/1.1, (http/1.1)}{0.0.0.0:0}
2021-11-11 00:07:49,017 [Listener at 127.0.0.1/36803] INFO  server.session (HouseKeeper.java:stopScavenging(149)) - node0 Stopped scavenging
2021-11-11 00:07:49,017 [Listener at 127.0.0.1/36803] INFO  handler.ContextHandler (ContextHandler.java:doStop(1153)) - Stopped o.e.j.s.ServletContextHandler@6433f21{static,/static,jar:file:/home/runner/.m2/repository/org/apache/ozone/hdds-container-service/1.2.0-SNAPSHOT/hdds-container-service-1.2.0-SNAPSHOT.jar!/webapps/static,STOPPED}
2021-11-11 00:07:49,017 [Listener at 127.0.0.1/36803] INFO  handler.ContextHandler (ContextHandler.java:doStop(1153)) - Stopped o.e.j.s.ServletContextHandler@e8757fd{logs,/logs,file:///home/runner/work/ozone/ozone/hadoop-ozone/integration-test/target/log,STOPPED}
2021-11-11 00:07:49,195 [ForkJoinPool.commonPool-worker-1] INFO  statemachine.DatanodeStateMachine (DatanodeStateMachine.java:stopDaemon(526)) - Ozone container server stopped.
2021-11-11 00:07:49,205 [ForkJoinPool.commonPool-worker-1] INFO  handler.ContextHandler (ContextHandler.java:doStop(1153)) - Stopped o.e.j.w.WebAppContext@5429db71{hddsDatanode,/,null,STOPPED}{jar:file:/home/runner/.m2/repository/org/apache/ozone/hdds-container-service/1.2.0-SNAPSHOT/hdds-container-service-1.2.0-SNAPSHOT.jar!/webapps/hddsDatanode}
2021-11-11 00:07:49,216 [ForkJoinPool.commonPool-worker-1] INFO  server.AbstractConnector (AbstractConnector.java:doStop(381)) - Stopped ServerConnector@69151aa2{HTTP/1.1, (http/1.1)}{0.0.0.0:0}
2021-11-11 00:07:49,217 [ForkJoinPool.commonPool-worker-1] INFO  server.session (HouseKeeper.java:stopScavenging(149)) - node0 Stopped scavenging
2021-11-11 00:07:49,225 [ForkJoinPool.commonPool-worker-1] INFO  handler.ContextHandler (ContextHandler.java:doStop(1153)) - Stopped o.e.j.s.ServletContextHandler@361d0abb{static,/static,jar:file:/home/runner/.m2/repository/org/apache/ozone/hdds-container-service/1.2.0-SNAPSHOT/hdds-container-service-1.2.0-SNAPSHOT.jar!/webapps/static,STOPPED}
2021-11-11 00:07:49,225 [ForkJoinPool.commonPool-worker-1] INFO  handler.ContextHandler (ContextHandler.java:doStop(1153)) - Stopped o.e.j.s.ServletContextHandler@72943338{logs,/logs,file:///home/runner/work/ozone/ozone/hadoop-ozone/integration-test/target/log,STOPPED}
2021-11-11 00:07:51,494 [grpc-default-executor-3] WARN  server.GrpcLogAppender (LogUtils.java:warn(122)) - 69aff4e4-918e-4266-92c0-ec642b93bcd5@group-B667C1C291A7->6e133fb8-c87a-4d8d-9d3f-d688ae1cb6f8-AppendLogResponseHandler: Failed appendEntries: org.apache.ratis.thirdparty.io.grpc.StatusRuntimeException: UNAVAILABLE: io exception
2021-11-11 00:07:51,495 [grpc-default-executor-3] WARN  server.GrpcLogAppender (GrpcLogAppender.java:resetClient(110)) - 69aff4e4-918e-4266-92c0-ec642b93bcd5@group-B667C1C291A7->6e133fb8-c87a-4d8d-9d3f-d688ae1cb6f8-GrpcLogAppender: Leader has not got in touch with Follower 69aff4e4-918e-4266-92c0-ec642b93bcd5@group-B667C1C291A7->6e133fb8-c87a-4d8d-9d3f-d688ae1cb6f8(c0,m0,n1, attendVote=true, lastRpcSendTime=2502, lastRpcResponseTime=7508) yet, just keep nextIndex unchanged and retry.
2021-11-11 00:07:51,869 [5b650bcb-8111-473c-88bf-b7649abefc48@group-D18AC6807E55-FollowerState] INFO  impl.FollowerState (FollowerState.java:run(134)) - 5b650bcb-8111-473c-88bf-b7649abefc48@group-D18AC6807E55-FollowerState: change to CANDIDATE, lastRpcElapsedTime:7742949169ns, electionTimeout:5128ms
2021-11-11 00:07:51,869 [5b650bcb-8111-473c-88bf-b7649abefc48@group-D18AC6807E55-FollowerState] INFO  impl.RoleInfo (RoleInfo.java:shutdownFollowerState(108)) - 5b650bcb-8111-473c-88bf-b7649abefc48: shutdown 5b650bcb-8111-473c-88bf-b7649abefc48@group-D18AC6807E55-FollowerState
2021-11-11 00:07:51,869 [5b650bcb-8111-473c-88bf-b7649abefc48@group-D18AC6807E55-FollowerState] INFO  server.RaftServer$Division (RaftServerImpl.java:setRole(290)) - 5b650bcb-8111-473c-88bf-b7649abefc48@group-D18AC6807E55: changes role from  FOLLOWER to CANDIDATE at term 7 for changeToCandidate
2021-11-11 00:07:51,869 [5b650bcb-8111-473c-88bf-b7649abefc48@group-D18AC6807E55-FollowerState] INFO  server.RaftServerConfigKeys (ConfUtils.java:logGet(44)) - raft.server.leaderelection.pre-vote = false (custom)
2021-11-11 00:07:51,869 [5b650bcb-8111-473c-88bf-b7649abefc48@group-D18AC6807E55-FollowerState] INFO  impl.RoleInfo (RoleInfo.java:updateAndGet(130)) - 5b650bcb-8111-473c-88bf-b7649abefc48: start 5b650bcb-8111-473c-88bf-b7649abefc48@group-D18AC6807E55-LeaderElection104
2021-11-11 00:07:51,877 [5b650bcb-8111-473c-88bf-b7649abefc48@group-D18AC6807E55-LeaderElection104] INFO  server.RaftServer$Division (ServerState.java:setLeader(285)) - 5b650bcb-8111-473c-88bf-b7649abefc48@group-D18AC6807E55: change Leader from 0d2fb367-afe0-4be7-ae24-70cd5e1a0313 to null at term 7 for ELECTION
2021-11-11 00:07:51,880 [5b650bcb-8111-473c-88bf-b7649abefc48@group-D18AC6807E55-LeaderElection104] INFO  impl.LeaderElection (LeaderElection.java:askForVotes(306)) - 5b650bcb-8111-473c-88bf-b7649abefc48@group-D18AC6807E55-LeaderElection104 ELECTION round 0: submit vote requests at term 8 for 0: [0d2fb367-afe0-4be7-ae24-70cd5e1a0313|rpc:10.1.0.10:34699|dataStream:|priority:0, e5ed6742-d51a-4f99-aebb-54e43bc29342|rpc:10.1.0.10:41847|dataStream:|priority:1, 5b650bcb-8111-473c-88bf-b7649abefc48|rpc:10.1.0.10:34803|dataStream:|priority:0], old=null
2021-11-11 00:07:51,892 [5b650bcb-8111-473c-88bf-b7649abefc48@group-D18AC6807E55-LeaderElection104] INFO  impl.LeaderElection (LogUtils.java:infoOrTrace(137)) - 5b650bcb-8111-473c-88bf-b7649abefc48@group-D18AC6807E55-LeaderElection104 got exception when requesting votes: java.util.concurrent.ExecutionException: org.apache.ratis.thirdparty.io.grpc.StatusRuntimeException: UNAVAILABLE: io exception
2021-11-11 00:07:51,910 [5b650bcb-8111-473c-88bf-b7649abefc48@group-D18AC6807E55-LeaderElection104] INFO  impl.LeaderElection (LogUtils.java:infoOrTrace(137)) - 5b650bcb-8111-473c-88bf-b7649abefc48@group-D18AC6807E55-LeaderElection104 got exception when requesting votes: java.util.concurrent.ExecutionException: org.apache.ratis.thirdparty.io.grpc.StatusRuntimeException: UNAVAILABLE: io exception
2021-11-11 00:07:51,910 [5b650bcb-8111-473c-88bf-b7649abefc48@group-D18AC6807E55-LeaderElection104] INFO  impl.LeaderElection (LeaderElection.java:logAndReturn(89)) - 5b650bcb-8111-473c-88bf-b7649abefc48@group-D18AC6807E55-LeaderElection104: ELECTION REJECTED received 0 response(s) and 2 exception(s):
2021-11-11 00:07:51,910 [5b650bcb-8111-473c-88bf-b7649abefc48@group-D18AC6807E55-LeaderElection104] INFO  impl.LeaderElection (LogUtils.java:infoOrTrace(137)) -   Exception 0: java.util.concurrent.ExecutionException: org.apache.ratis.thirdparty.io.grpc.StatusRuntimeException: UNAVAILABLE: io exception
2021-11-11 00:07:51,910 [5b650bcb-8111-473c-88bf-b7649abefc48@group-D18AC6807E55-LeaderElection104] INFO  impl.LeaderElection (LogUtils.java:infoOrTrace(137)) -   Exception 1: java.util.concurrent.ExecutionException: org.apache.ratis.thirdparty.io.grpc.StatusRuntimeException: UNAVAILABLE: io exception
2021-11-11 00:07:51,910 [5b650bcb-8111-473c-88bf-b7649abefc48@group-D18AC6807E55-LeaderElection104] INFO  impl.LeaderElection (LeaderElection.java:askForVotes(308)) - 5b650bcb-8111-473c-88bf-b7649abefc48@group-D18AC6807E55-LeaderElection104 ELECTION round 0: result REJECTED
2021-11-11 00:07:51,910 [5b650bcb-8111-473c-88bf-b7649abefc48@group-D18AC6807E55-LeaderElection104] INFO  server.RaftServer$Division (RaftServerImpl.java:setRole(290)) - 5b650bcb-8111-473c-88bf-b7649abefc48@group-D18AC6807E55: changes role from CANDIDATE to FOLLOWER at term 8 for REJECTED
2021-11-11 00:07:51,910 [5b650bcb-8111-473c-88bf-b7649abefc48@group-D18AC6807E55-LeaderElection104] INFO  impl.RoleInfo (RoleInfo.java:shutdownLeaderElection(121)) - 5b650bcb-8111-473c-88bf-b7649abefc48: shutdown 5b650bcb-8111-473c-88bf-b7649abefc48@group-D18AC6807E55-LeaderElection104
2021-11-11 00:07:51,910 [5b650bcb-8111-473c-88bf-b7649abefc48@group-D18AC6807E55-LeaderElection104] INFO  impl.RoleInfo (RoleInfo.java:updateAndGet(130)) - 5b650bcb-8111-473c-88bf-b7649abefc48: start 5b650bcb-8111-473c-88bf-b7649abefc48@group-D18AC6807E55-FollowerState
2021-11-11 00:07:53,743 [EventQueue-StaleNodeForStaleNodeHandler] INFO  node.StaleNodeHandler (StaleNodeHandler.java:onMessage(58)) - Datanode e5ed6742-d51a-4f99-aebb-54e43bc29342{ip: 10.1.0.10, host: fv-az151-339.yf2hydr00wburbhx3j5hxtcipe.bx.internal.cloudapp.net, ports: [REPLICATION=41807, RATIS=41847, RATIS_ADMIN=41847, RATIS_SERVER=41847, STANDALONE=43099], networkLocation: /default-rack, certSerialId: null, persistedOpState: IN_SERVICE, persistedOpStateExpiryEpochSec: 0} moved to stale state. Finalizing its pipelines [PipelineID=f46ad258-11d7-4282-b328-d18ac6807e55, PipelineID=b7a77d92-3049-465a-8452-ea1cce7752fb]
2021-11-11 00:07:53,744 [EventQueue-StaleNodeForStaleNodeHandler] INFO  pipeline.PipelineManagerImpl (PipelineManagerImpl.java:closePipeline(349)) - Pipeline Pipeline[ Id: f46ad258-11d7-4282-b328-d18ac6807e55, Nodes: e5ed6742-d51a-4f99-aebb-54e43bc29342{ip: 10.1.0.10, host: fv-az151-339.yf2hydr00wburbhx3j5hxtcipe.bx.internal.cloudapp.net, ports: [REPLICATION=41807, RATIS=41847, RATIS_ADMIN=41847, RATIS_SERVER=41847, STANDALONE=43099], networkLocation: /default-rack, certSerialId: null, persistedOpState: IN_SERVICE, persistedOpStateExpiryEpochSec: 0}5b650bcb-8111-473c-88bf-b7649abefc48{ip: 10.1.0.10, host: fv-az151-339.yf2hydr00wburbhx3j5hxtcipe.bx.internal.cloudapp.net, ports: [REPLICATION=44417, RATIS=34803, RATIS_ADMIN=34803, RATIS_SERVER=34803, STANDALONE=40261], networkLocation: /default-rack, certSerialId: null, persistedOpState: IN_SERVICE, persistedOpStateExpiryEpochSec: 0}0d2fb367-afe0-4be7-ae24-70cd5e1a0313{ip: 10.1.0.10, host: fv-az151-339.yf2hydr00wburbhx3j5hxtcipe.bx.internal.cloudapp.net, ports: [REPLICATION=46213, RATIS=34699, RATIS_ADMIN=34699, RATIS_SERVER=34699, STANDALONE=44495], networkLocation: /default-rack, certSerialId: null, persistedOpState: IN_SERVICE, persistedOpStateExpiryEpochSec: 0}, ReplicationConfig: RATIS/THREE, State:OPEN, leaderId:0d2fb367-afe0-4be7-ae24-70cd5e1a0313, CreationTimestamp2021-11-11T00:06:58.350Z[Etc/UTC]] moved to CLOSED state
2021-11-11 00:07:53,745 [EventQueue-StaleNodeForStaleNodeHandler] INFO  pipeline.PipelineManagerImpl (PipelineManagerImpl.java:closePipeline(349)) - Pipeline Pipeline[ Id: b7a77d92-3049-465a-8452-ea1cce7752fb, Nodes: e5ed6742-d51a-4f99-aebb-54e43bc29342{ip: 10.1.0.10, host: fv-az151-339.yf2hydr00wburbhx3j5hxtcipe.bx.internal.cloudapp.net, ports: [REPLICATION=41807, RATIS=41847, RATIS_ADMIN=41847, RATIS_SERVER=41847, STANDALONE=43099], networkLocation: /default-rack, certSerialId: null, persistedOpState: IN_SERVICE, persistedOpStateExpiryEpochSec: 0}, ReplicationConfig: RATIS/ONE, State:OPEN, leaderId:e5ed6742-d51a-4f99-aebb-54e43bc29342, CreationTimestamp2021-11-11T00:06:58.349Z[Etc/UTC]] moved to CLOSED state
2021-11-11 00:07:53,745 [EventQueue-CloseContainerForCloseContainerEventHandler] INFO  container.CloseContainerEventHandler (CloseContainerEventHandler.java:onMessage(69)) - Close container Event triggered for container : #1
2021-11-11 00:07:53,996 [grpc-default-executor-3] WARN  server.GrpcLogAppender (LogUtils.java:warn(122)) - 69aff4e4-918e-4266-92c0-ec642b93bcd5@group-B667C1C291A7->6e133fb8-c87a-4d8d-9d3f-d688ae1cb6f8-AppendLogResponseHandler: Failed appendEntries: org.apache.ratis.thirdparty.io.grpc.StatusRuntimeException: UNAVAILABLE: io exception
2021-11-11 00:07:53,997 [grpc-default-executor-3] WARN  server.GrpcLogAppender (GrpcLogAppender.java:resetClient(110)) - 69aff4e4-918e-4266-92c0-ec642b93bcd5@group-B667C1C291A7->6e133fb8-c87a-4d8d-9d3f-d688ae1cb6f8-GrpcLogAppender: Leader has not got in touch with Follower 69aff4e4-918e-4266-92c0-ec642b93bcd5@group-B667C1C291A7->6e133fb8-c87a-4d8d-9d3f-d688ae1cb6f8(c0,m0,n1, attendVote=true, lastRpcSendTime=0, lastRpcResponseTime=10010) yet, just keep nextIndex unchanged and retry.
2021-11-11 00:07:54,020 [Listener at 127.0.0.1/36803] INFO  ozoneimpl.OzoneContainer (OzoneContainer.java:stop(325)) - Attempting to stop container services.
2021-11-11 00:07:54,021 [Listener at 127.0.0.1/36803] INFO  server.RaftServer (RaftServerProxy.java:lambda$close$6(391)) - 69aff4e4-918e-4266-92c0-ec642b93bcd5: close
2021-11-11 00:07:54,022 [Listener at 127.0.0.1/36803] INFO  server.RaftServer$Division (RaftServerImpl.java:lambda$close$4(412)) - 69aff4e4-918e-4266-92c0-ec642b93bcd5@group-8A9B2939D484: shutdown
2021-11-11 00:07:54,022 [Listener at 127.0.0.1/36803] INFO  util.JmxRegister (JmxRegister.java:unregister(73)) - Successfully un-registered JMX Bean with object name Ratis:service=RaftServer,group=group-8A9B2939D484,id=69aff4e4-918e-4266-92c0-ec642b93bcd5
2021-11-11 00:07:54,022 [Listener at 127.0.0.1/36803] INFO  impl.RoleInfo (RoleInfo.java:shutdownLeaderState(91)) - 69aff4e4-918e-4266-92c0-ec642b93bcd5: shutdown 69aff4e4-918e-4266-92c0-ec642b93bcd5@group-8A9B2939D484-LeaderStateImpl
2021-11-11 00:07:54,022 [Listener at 127.0.0.1/36803] INFO  impl.PendingRequests (PendingRequests.java:sendNotLeaderResponses(282)) - 69aff4e4-918e-4266-92c0-ec642b93bcd5@group-8A9B2939D484-PendingRequests: sendNotLeaderResponses
2021-11-11 00:07:54,029 [69aff4e4-918e-4266-92c0-ec642b93bcd5@group-8A9B2939D484-StateMachineUpdater] INFO  ratis.ContainerStateMachine (ContainerStateMachine.java:takeSnapshot(292)) - group-8A9B2939D484: Taking a snapshot at:(t:1, i:0) file /home/runner/work/ozone/ozone/hadoop-ozone/integration-test/target/test-dir/MiniOzoneClusterImpl-d5f2283b-1c97-4f43-babe-75a35a923614/datanode-8/data/ratis/55bd206c-c573-45bb-9c72-8a9b2939d484/sm/snapshot.1_0
2021-11-11 00:07:54,029 [Listener at 127.0.0.1/36803] INFO  impl.StateMachineUpdater (StateMachineUpdater.java:stopAndJoin(149)) - 69aff4e4-918e-4266-92c0-ec642b93bcd5@group-8A9B2939D484-StateMachineUpdater: set stopIndex = 0
2021-11-11 00:07:54,033 [69aff4e4-918e-4266-92c0-ec642b93bcd5@group-8A9B2939D484-StateMachineUpdater] INFO  ratis.ContainerStateMachine (ContainerStateMachine.java:takeSnapshot(303)) - group-8A9B2939D484: Finished taking a snapshot at:(t:1, i:0) file:/home/runner/work/ozone/ozone/hadoop-ozone/integration-test/target/test-dir/MiniOzoneClusterImpl-d5f2283b-1c97-4f43-babe-75a35a923614/datanode-8/data/ratis/55bd206c-c573-45bb-9c72-8a9b2939d484/sm/snapshot.1_0 took: 4 ms
2021-11-11 00:07:54,034 [69aff4e4-918e-4266-92c0-ec642b93bcd5@group-8A9B2939D484-StateMachineUpdater] INFO  impl.StateMachineUpdater (StateMachineUpdater.java:takeSnapshot(281)) - 69aff4e4-918e-4266-92c0-ec642b93bcd5@group-8A9B2939D484-StateMachineUpdater: Took a snapshot at index 0
2021-11-11 00:07:54,034 [69aff4e4-918e-4266-92c0-ec642b93bcd5@group-8A9B2939D484-StateMachineUpdater] INFO  impl.StateMachineUpdater (StateMachineUpdater.java:lambda$new$0(89)) - 69aff4e4-918e-4266-92c0-ec642b93bcd5@group-8A9B2939D484-StateMachineUpdater: snapshotIndex: updateIncreasingly -1 -> 0
2021-11-11 00:07:54,034 [Listener at 127.0.0.1/36803] INFO  server.RaftServer$Division (ServerState.java:close(419)) - 69aff4e4-918e-4266-92c0-ec642b93bcd5@group-8A9B2939D484: closes. applyIndex: 0
2021-11-11 00:07:54,035 [69aff4e4-918e-4266-92c0-ec642b93bcd5@group-8A9B2939D484-SegmentedRaftLogWorker] INFO  segmented.SegmentedRaftLogWorker (SegmentedRaftLogWorker.java:run(327)) - 69aff4e4-918e-4266-92c0-ec642b93bcd5@group-8A9B2939D484-SegmentedRaftLogWorker was interrupted, exiting. There are 0 tasks remaining in the queue.
2021-11-11 00:07:54,035 [Listener at 127.0.0.1/36803] INFO  segmented.SegmentedRaftLogWorker (SegmentedRaftLogWorker.java:close(237)) - 69aff4e4-918e-4266-92c0-ec642b93bcd5@group-8A9B2939D484-SegmentedRaftLogWorker close()
2021-11-11 00:07:54,035 [Listener at 127.0.0.1/36803] INFO  server.RaftServer$Division (RaftServerImpl.java:lambda$close$4(412)) - 69aff4e4-918e-4266-92c0-ec642b93bcd5@group-B667C1C291A7: shutdown
2021-11-11 00:07:54,036 [Listener at 127.0.0.1/36803] INFO  util.JmxRegister (JmxRegister.java:unregister(73)) - Successfully un-registered JMX Bean with object name Ratis:service=RaftServer,group=group-B667C1C291A7,id=69aff4e4-918e-4266-92c0-ec642b93bcd5
2021-11-11 00:07:54,036 [Listener at 127.0.0.1/36803] INFO  impl.RoleInfo (RoleInfo.java:shutdownLeaderState(91)) - 69aff4e4-918e-4266-92c0-ec642b93bcd5: shutdown 69aff4e4-918e-4266-92c0-ec642b93bcd5@group-B667C1C291A7-LeaderStateImpl
2021-11-11 00:07:54,036 [69aff4e4-918e-4266-92c0-ec642b93bcd5@group-B667C1C291A7->f2abff67-7f5e-423a-807c-f1c8bf0fd89e-GrpcLogAppender-LogAppenderDaemon] WARN  server.GrpcLogAppender (GrpcLogAppender.java:mayWait(177)) - 69aff4e4-918e-4266-92c0-ec642b93bcd5@group-B667C1C291A7->f2abff67-7f5e-423a-807c-f1c8bf0fd89e-GrpcLogAppender: Wait interrupted by java.lang.InterruptedException
2021-11-11 00:07:54,037 [grpc-default-executor-3] INFO  server.GrpcServerProtocolService (GrpcServerProtocolService.java:onCompleted(140)) - f2abff67-7f5e-423a-807c-f1c8bf0fd89e: Completed APPEND_ENTRIES, lastRequest: 69aff4e4-918e-4266-92c0-ec642b93bcd5->f2abff67-7f5e-423a-807c-f1c8bf0fd89e#1-t4,previous=(t:0, i:0),leaderCommit=0,initializing? true,entries: size=1, first=(t:4, i:0), CONFIGURATIONENTRY
2021-11-11 00:07:54,039 [grpc-default-executor-0] INFO  server.GrpcLogAppender (GrpcLogAppender.java:onCompleted(346)) - 69aff4e4-918e-4266-92c0-ec642b93bcd5@group-B667C1C291A7->f2abff67-7f5e-423a-807c-f1c8bf0fd89e-AppendLogResponseHandler: follower responses appendEntries COMPLETED
2021-11-11 00:07:54,039 [grpc-default-executor-0] INFO  leader.FollowerInfo (FollowerInfoImpl.java:lambda$new$0(47)) - 69aff4e4-918e-4266-92c0-ec642b93bcd5@group-B667C1C291A7->f2abff67-7f5e-423a-807c-f1c8bf0fd89e: nextIndex: updateUnconditionally 1 -> 0
2021-11-11 00:07:54,036 [Listener at 127.0.0.1/36803] INFO  impl.PendingRequests (PendingRequests.java:sendNotLeaderResponses(282)) - 69aff4e4-918e-4266-92c0-ec642b93bcd5@group-B667C1C291A7-PendingRequests: sendNotLeaderResponses
2021-11-11 00:07:54,041 [Listener at 127.0.0.1/36803] INFO  impl.StateMachineUpdater (StateMachineUpdater.java:stopAndJoin(149)) - 69aff4e4-918e-4266-92c0-ec642b93bcd5@group-B667C1C291A7-StateMachineUpdater: set stopIndex = 0
2021-11-11 00:07:54,042 [69aff4e4-918e-4266-92c0-ec642b93bcd5@group-B667C1C291A7-StateMachineUpdater] INFO  ratis.ContainerStateMachine (ContainerStateMachine.java:takeSnapshot(292)) - group-B667C1C291A7: Taking a snapshot at:(t:4, i:0) file /home/runner/work/ozone/ozone/hadoop-ozone/integration-test/target/test-dir/MiniOzoneClusterImpl-d5f2283b-1c97-4f43-babe-75a35a923614/datanode-8/data/ratis/54cb16ec-fc10-47c0-939b-b667c1c291a7/sm/snapshot.4_0
2021-11-11 00:07:54,045 [69aff4e4-918e-4266-92c0-ec642b93bcd5@group-B667C1C291A7-StateMachineUpdater] INFO  ratis.ContainerStateMachine (ContainerStateMachine.java:takeSnapshot(303)) - group-B667C1C291A7: Finished taking a snapshot at:(t:4, i:0) file:/home/runner/work/ozone/ozone/hadoop-ozone/integration-test/target/test-dir/MiniOzoneClusterImpl-d5f2283b-1c97-4f43-babe-75a35a923614/datanode-8/data/ratis/54cb16ec-fc10-47c0-939b-b667c1c291a7/sm/snapshot.4_0 took: 2 ms
2021-11-11 00:07:54,045 [69aff4e4-918e-4266-92c0-ec642b93bcd5@group-B667C1C291A7-StateMachineUpdater] INFO  impl.StateMachineUpdater (StateMachineUpdater.java:takeSnapshot(281)) - 69aff4e4-918e-4266-92c0-ec642b93bcd5@group-B667C1C291A7-StateMachineUpdater: Took a snapshot at index 0
2021-11-11 00:07:54,045 [69aff4e4-918e-4266-92c0-ec642b93bcd5@group-B667C1C291A7-StateMachineUpdater] INFO  impl.StateMachineUpdater (StateMachineUpdater.java:lambda$new$0(89)) - 69aff4e4-918e-4266-92c0-ec642b93bcd5@group-B667C1C291A7-StateMachineUpdater: snapshotIndex: updateIncreasingly -1 -> 0
2021-11-11 00:07:54,048 [Listener at 127.0.0.1/36803] INFO  server.RaftServer$Division (ServerState.java:close(419)) - 69aff4e4-918e-4266-92c0-ec642b93bcd5@group-B667C1C291A7: closes. applyIndex: 0
2021-11-11 00:07:54,050 [69aff4e4-918e-4266-92c0-ec642b93bcd5@group-B667C1C291A7-SegmentedRaftLogWorker] INFO  segmented.SegmentedRaftLogWorker (SegmentedRaftLogWorker.java:run(327)) - 69aff4e4-918e-4266-92c0-ec642b93bcd5@group-B667C1C291A7-SegmentedRaftLogWorker was interrupted, exiting. There are 0 tasks remaining in the queue.
2021-11-11 00:07:54,050 [Listener at 127.0.0.1/36803] INFO  segmented.SegmentedRaftLogWorker (SegmentedRaftLogWorker.java:close(237)) - 69aff4e4-918e-4266-92c0-ec642b93bcd5@group-B667C1C291A7-SegmentedRaftLogWorker close()
2021-11-11 00:07:54,052 [Listener at 127.0.0.1/36803] INFO  server.GrpcService (GrpcService.java:closeImpl(262)) - 69aff4e4-918e-4266-92c0-ec642b93bcd5: shutdown server with port 41107 now
2021-11-11 00:07:54,068 [Listener at 127.0.0.1/36803] INFO  server.GrpcService (GrpcService.java:closeImpl(271)) - 69aff4e4-918e-4266-92c0-ec642b93bcd5: shutdown server with port 41107 successfully
2021-11-11 00:07:54,069 [org.apache.ratis.util.JvmPauseMonitor$$Lambda$531/1874401182@586b674] INFO  util.JvmPauseMonitor (JvmPauseMonitor.java:run(109)) - JvmPauseMonitor-69aff4e4-918e-4266-92c0-ec642b93bcd5: Stopped
2021-11-11 00:07:54,071 [Listener at 127.0.0.1/36803] INFO  utils.BackgroundService (BackgroundService.java:shutdown(132)) - Shutting down service BlockDeletingService
2021-11-11 00:07:54,227 [ForkJoinPool.commonPool-worker-1] INFO  ozoneimpl.OzoneContainer (OzoneContainer.java:stop(325)) - Attempting to stop container services.
2021-11-11 00:07:54,228 [ForkJoinPool.commonPool-worker-1] INFO  server.RaftServer (RaftServerProxy.java:lambda$close$6(391)) - 5b650bcb-8111-473c-88bf-b7649abefc48: close
2021-11-11 00:07:54,228 [ForkJoinPool.commonPool-worker-1] INFO  server.RaftServer$Division (RaftServerImpl.java:lambda$close$4(412)) - 5b650bcb-8111-473c-88bf-b7649abefc48@group-D18AC6807E55: shutdown
2021-11-11 00:07:54,228 [ForkJoinPool.commonPool-worker-1] INFO  util.JmxRegister (JmxRegister.java:unregister(73)) - Successfully un-registered JMX Bean with object name Ratis:service=RaftServer,group=group-D18AC6807E55,id=5b650bcb-8111-473c-88bf-b7649abefc48
2021-11-11 00:07:54,228 [ForkJoinPool.commonPool-worker-1] INFO  impl.RoleInfo (RoleInfo.java:shutdownFollowerState(108)) - 5b650bcb-8111-473c-88bf-b7649abefc48: shutdown 5b650bcb-8111-473c-88bf-b7649abefc48@group-D18AC6807E55-FollowerState
2021-11-11 00:07:54,229 [ForkJoinPool.commonPool-worker-1] INFO  impl.StateMachineUpdater (StateMachineUpdater.java:stopAndJoin(149)) - 5b650bcb-8111-473c-88bf-b7649abefc48@group-D18AC6807E55-StateMachineUpdater: set stopIndex = 0
2021-11-11 00:07:54,229 [5b650bcb-8111-473c-88bf-b7649abefc48@group-D18AC6807E55-StateMachineUpdater] INFO  ratis.ContainerStateMachine (ContainerStateMachine.java:takeSnapshot(292)) - group-D18AC6807E55: Taking a snapshot at:(t:7, i:0) file /home/runner/work/ozone/ozone/hadoop-ozone/integration-test/target/test-dir/MiniOzoneClusterImpl-d5f2283b-1c97-4f43-babe-75a35a923614/datanode-1/data/ratis/f46ad258-11d7-4282-b328-d18ac6807e55/sm/snapshot.7_0
2021-11-11 00:07:54,230 [5b650bcb-8111-473c-88bf-b7649abefc48@group-D18AC6807E55-StateMachineUpdater] INFO  ratis.ContainerStateMachine (ContainerStateMachine.java:takeSnapshot(303)) - group-D18AC6807E55: Finished taking a snapshot at:(t:7, i:0) file:/home/runner/work/ozone/ozone/hadoop-ozone/integration-test/target/test-dir/MiniOzoneClusterImpl-d5f2283b-1c97-4f43-babe-75a35a923614/datanode-1/data/ratis/f46ad258-11d7-4282-b328-d18ac6807e55/sm/snapshot.7_0 took: 1 ms
2021-11-11 00:07:54,230 [5b650bcb-8111-473c-88bf-b7649abefc48@group-D18AC6807E55-StateMachineUpdater] INFO  impl.StateMachineUpdater (StateMachineUpdater.java:takeSnapshot(281)) - 5b650bcb-8111-473c-88bf-b7649abefc48@group-D18AC6807E55-StateMachineUpdater: Took a snapshot at index 0
2021-11-11 00:07:54,230 [5b650bcb-8111-473c-88bf-b7649abefc48@group-D18AC6807E55-StateMachineUpdater] INFO  impl.StateMachineUpdater (StateMachineUpdater.java:lambda$new$0(89)) - 5b650bcb-8111-473c-88bf-b7649abefc48@group-D18AC6807E55-StateMachineUpdater: snapshotIndex: updateIncreasingly -1 -> 0
2021-11-11 00:07:54,231 [ForkJoinPool.commonPool-worker-1] INFO  server.RaftServer$Division (ServerState.java:close(419)) - 5b650bcb-8111-473c-88bf-b7649abefc48@group-D18AC6807E55: closes. applyIndex: 0
2021-11-11 00:07:54,231 [5b650bcb-8111-473c-88bf-b7649abefc48@group-D18AC6807E55-SegmentedRaftLogWorker] INFO  segmented.SegmentedRaftLogWorker (SegmentedRaftLogWorker.java:run(327)) - 5b650bcb-8111-473c-88bf-b7649abefc48@group-D18AC6807E55-SegmentedRaftLogWorker was interrupted, exiting. There are 0 tasks remaining in the queue.
2021-11-11 00:07:54,231 [ForkJoinPool.commonPool-worker-1] INFO  segmented.SegmentedRaftLogWorker (SegmentedRaftLogWorker.java:close(237)) - 5b650bcb-8111-473c-88bf-b7649abefc48@group-D18AC6807E55-SegmentedRaftLogWorker close()
2021-11-11 00:07:54,232 [ForkJoinPool.commonPool-worker-1] INFO  server.RaftServer$Division (RaftServerImpl.java:lambda$close$4(412)) - 5b650bcb-8111-473c-88bf-b7649abefc48@group-46FFCCA1DA0F: shutdown
2021-11-11 00:07:54,232 [ForkJoinPool.commonPool-worker-1] INFO  util.JmxRegister (JmxRegister.java:unregister(73)) - Successfully un-registered JMX Bean with object name Ratis:service=RaftServer,group=group-46FFCCA1DA0F,id=5b650bcb-8111-473c-88bf-b7649abefc48
2021-11-11 00:07:54,232 [ForkJoinPool.commonPool-worker-1] INFO  impl.RoleInfo (RoleInfo.java:shutdownLeaderState(91)) - 5b650bcb-8111-473c-88bf-b7649abefc48: shutdown 5b650bcb-8111-473c-88bf-b7649abefc48@group-46FFCCA1DA0F-LeaderStateImpl
2021-11-11 00:07:54,232 [ForkJoinPool.commonPool-worker-1] INFO  impl.PendingRequests (PendingRequests.java:sendNotLeaderResponses(282)) - 5b650bcb-8111-473c-88bf-b7649abefc48@group-46FFCCA1DA0F-PendingRequests: sendNotLeaderResponses
2021-11-11 00:07:54,237 [5b650bcb-8111-473c-88bf-b7649abefc48@group-46FFCCA1DA0F-StateMachineUpdater] INFO  ratis.ContainerStateMachine (ContainerStateMachine.java:takeSnapshot(292)) - group-46FFCCA1DA0F: Taking a snapshot at:(t:1, i:0) file /home/runner/work/ozone/ozone/hadoop-ozone/integration-test/target/test-dir/MiniOzoneClusterImpl-d5f2283b-1c97-4f43-babe-75a35a923614/datanode-1/data/ratis/c8d19f90-34c6-4826-aa45-46ffcca1da0f/sm/snapshot.1_0
2021-11-11 00:07:54,238 [ForkJoinPool.commonPool-worker-1] INFO  impl.StateMachineUpdater (StateMachineUpdater.java:stopAndJoin(149)) - 5b650bcb-8111-473c-88bf-b7649abefc48@group-46FFCCA1DA0F-StateMachineUpdater: set stopIndex = 0
2021-11-11 00:07:54,238 [5b650bcb-8111-473c-88bf-b7649abefc48@group-46FFCCA1DA0F-StateMachineUpdater] INFO  ratis.ContainerStateMachine (ContainerStateMachine.java:takeSnapshot(303)) - group-46FFCCA1DA0F: Finished taking a snapshot at:(t:1, i:0) file:/home/runner/work/ozone/ozone/hadoop-ozone/integration-test/target/test-dir/MiniOzoneClusterImpl-d5f2283b-1c97-4f43-babe-75a35a923614/datanode-1/data/ratis/c8d19f90-34c6-4826-aa45-46ffcca1da0f/sm/snapshot.1_0 took: 2 ms
2021-11-11 00:07:54,238 [5b650bcb-8111-473c-88bf-b7649abefc48@group-46FFCCA1DA0F-StateMachineUpdater] INFO  impl.StateMachineUpdater (StateMachineUpdater.java:takeSnapshot(281)) - 5b650bcb-8111-473c-88bf-b7649abefc48@group-46FFCCA1DA0F-StateMachineUpdater: Took a snapshot at index 0
2021-11-11 00:07:54,239 [5b650bcb-8111-473c-88bf-b7649abefc48@group-46FFCCA1DA0F-StateMachineUpdater] INFO  impl.StateMachineUpdater (StateMachineUpdater.java:lambda$new$0(89)) - 5b650bcb-8111-473c-88bf-b7649abefc48@group-46FFCCA1DA0F-StateMachineUpdater: snapshotIndex: updateIncreasingly -1 -> 0
2021-11-11 00:07:54,239 [ForkJoinPool.commonPool-worker-1] INFO  server.RaftServer$Division (ServerState.java:close(419)) - 5b650bcb-8111-473c-88bf-b7649abefc48@group-46FFCCA1DA0F: closes. applyIndex: 0
2021-11-11 00:07:54,239 [5b650bcb-8111-473c-88bf-b7649abefc48@group-46FFCCA1DA0F-SegmentedRaftLogWorker] INFO  segmented.SegmentedRaftLogWorker (SegmentedRaftLogWorker.java:run(327)) - 5b650bcb-8111-473c-88bf-b7649abefc48@group-46FFCCA1DA0F-SegmentedRaftLogWorker was interrupted, exiting. There are 0 tasks remaining in the queue.
2021-11-11 00:07:54,240 [ForkJoinPool.commonPool-worker-1] INFO  segmented.SegmentedRaftLogWorker (SegmentedRaftLogWorker.java:close(237)) - 5b650bcb-8111-473c-88bf-b7649abefc48@group-46FFCCA1DA0F-SegmentedRaftLogWorker close()
2021-11-11 00:07:54,240 [ForkJoinPool.commonPool-worker-1] INFO  server.GrpcService (GrpcService.java:closeImpl(262)) - 5b650bcb-8111-473c-88bf-b7649abefc48: shutdown server with port 34803 now
2021-11-11 00:07:54,245 [EventQueue-StaleNodeForStaleNodeHandler] INFO  node.StaleNodeHandler (StaleNodeHandler.java:onMessage(58)) - Datanode 855159a8-46d2-4956-afe8-ac9382fc30e5{ip: 10.1.0.10, host: fv-az151-339.yf2hydr00wburbhx3j5hxtcipe.bx.internal.cloudapp.net, ports: [REPLICATION=43031, RATIS=42821, RATIS_ADMIN=42821, RATIS_SERVER=42821, STANDALONE=42135], networkLocation: /default-rack, certSerialId: null, persistedOpState: IN_SERVICE, persistedOpStateExpiryEpochSec: 0} moved to stale state. Finalizing its pipelines [PipelineID=0ed2803a-810b-47c9-a359-4c1e298e4bb6, PipelineID=017c3729-644e-466c-86bc-ead26fa73f49]
2021-11-11 00:07:54,245 [EventQueue-StaleNodeForStaleNodeHandler] INFO  pipeline.PipelineManagerImpl (PipelineManagerImpl.java:closePipeline(349)) - Pipeline Pipeline[ Id: 0ed2803a-810b-47c9-a359-4c1e298e4bb6, Nodes: 6b695e55-6982-478b-aea3-481865f298ec{ip: 10.1.0.10, host: fv-az151-339.yf2hydr00wburbhx3j5hxtcipe.bx.internal.cloudapp.net, ports: [REPLICATION=44883, RATIS=43719, RATIS_ADMIN=43719, RATIS_SERVER=43719, STANDALONE=33573], networkLocation: /default-rack, certSerialId: null, persistedOpState: IN_SERVICE, persistedOpStateExpiryEpochSec: 0}855159a8-46d2-4956-afe8-ac9382fc30e5{ip: 10.1.0.10, host: fv-az151-339.yf2hydr00wburbhx3j5hxtcipe.bx.internal.cloudapp.net, ports: [REPLICATION=43031, RATIS=42821, RATIS_ADMIN=42821, RATIS_SERVER=42821, STANDALONE=42135], networkLocation: /default-rack, certSerialId: null, persistedOpState: IN_SERVICE, persistedOpStateExpiryEpochSec: 0}f37a6f46-5950-4be3-9f6d-6eb53e609f63{ip: 10.1.0.10, host: fv-az151-339.yf2hydr00wburbhx3j5hxtcipe.bx.internal.cloudapp.net, ports: [REPLICATION=45079, RATIS=39151, RATIS_ADMIN=39151, RATIS_SERVER=39151, STANDALONE=39417], networkLocation: /default-rack, certSerialId: null, persistedOpState: IN_SERVICE, persistedOpStateExpiryEpochSec: 0}, ReplicationConfig: RATIS/THREE, State:OPEN, leaderId:6b695e55-6982-478b-aea3-481865f298ec, CreationTimestamp2021-11-11T00:06:59.478Z[Etc/UTC]] moved to CLOSED state
2021-11-11 00:07:54,246 [EventQueue-StaleNodeForStaleNodeHandler] INFO  pipeline.PipelineManagerImpl (PipelineManagerImpl.java:closePipeline(349)) - Pipeline Pipeline[ Id: 017c3729-644e-466c-86bc-ead26fa73f49, Nodes: 855159a8-46d2-4956-afe8-ac9382fc30e5{ip: 10.1.0.10, host: fv-az151-339.yf2hydr00wburbhx3j5hxtcipe.bx.internal.cloudapp.net, ports: [REPLICATION=43031, RATIS=42821, RATIS_ADMIN=42821, RATIS_SERVER=42821, STANDALONE=42135], networkLocation: /default-rack, certSerialId: null, persistedOpState: IN_SERVICE, persistedOpStateExpiryEpochSec: 0}, ReplicationConfig: RATIS/ONE, State:OPEN, leaderId:855159a8-46d2-4956-afe8-ac9382fc30e5, CreationTimestamp2021-11-11T00:06:59.009Z[Etc/UTC]] moved to CLOSED state
2021-11-11 00:07:54,251 [5b650bcb-8111-473c-88bf-b7649abefc48@group-D18AC6807E55-FollowerState] INFO  impl.FollowerState (FollowerState.java:run(143)) - 5b650bcb-8111-473c-88bf-b7649abefc48@group-D18AC6807E55-FollowerState was interrupted: {}
java.lang.InterruptedException: sleep interrupted
	at java.lang.Thread.sleep(Native Method)
	at java.lang.Thread.sleep(Thread.java:340)
	at java.util.concurrent.TimeUnit.sleep(TimeUnit.java:386)
	at org.apache.ratis.util.TimeDuration.sleep(TimeDuration.java:324)
	at org.apache.ratis.util.TimeDuration.sleep(TimeDuration.java:309)
	at org.apache.ratis.server.impl.FollowerState.run(FollowerState.java:118)
2021-11-11 00:07:54,252 [ForkJoinPool.commonPool-worker-1] INFO  server.GrpcService (GrpcService.java:closeImpl(271)) - 5b650bcb-8111-473c-88bf-b7649abefc48: shutdown server with port 34803 successfully
2021-11-11 00:07:54,252 [org.apache.ratis.util.JvmPauseMonitor$$Lambda$531/1874401182@e7af57b] INFO  util.JvmPauseMonitor (JvmPauseMonitor.java:run(109)) - JvmPauseMonitor-5b650bcb-8111-473c-88bf-b7649abefc48: Stopped
2021-11-11 00:07:54,256 [ForkJoinPool.commonPool-worker-1] INFO  utils.BackgroundService (BackgroundService.java:shutdown(132)) - Shutting down service BlockDeletingService
2021-11-11 00:07:57,086 [Listener at 127.0.0.1/36803] INFO  statemachine.DatanodeStateMachine (DatanodeStateMachine.java:stopDaemon(526)) - Ozone container server stopped.
2021-11-11 00:07:57,088 [Listener at 127.0.0.1/36803] INFO  handler.ContextHandler (ContextHandler.java:doStop(1153)) - Stopped o.e.j.w.WebAppContext@212770ba{hddsDatanode,/,null,STOPPED}{jar:file:/home/runner/.m2/repository/org/apache/ozone/hdds-container-service/1.2.0-SNAPSHOT/hdds-container-service-1.2.0-SNAPSHOT.jar!/webapps/hddsDatanode}
2021-11-11 00:07:57,089 [Listener at 127.0.0.1/36803] INFO  server.AbstractConnector (AbstractConnector.java:doStop(381)) - Stopped ServerConnector@6b82ce26{HTTP/1.1, (http/1.1)}{0.0.0.0:0}
2021-11-11 00:07:57,089 [Listener at 127.0.0.1/36803] INFO  server.session (HouseKeeper.java:stopScavenging(149)) - node0 Stopped scavenging
2021-11-11 00:07:57,090 [Listener at 127.0.0.1/36803] INFO  handler.ContextHandler (ContextHandler.java:doStop(1153)) - Stopped o.e.j.s.ServletContextHandler@39ed8d69{static,/static,jar:file:/home/runner/.m2/repository/org/apache/ozone/hdds-container-service/1.2.0-SNAPSHOT/hdds-container-service-1.2.0-SNAPSHOT.jar!/webapps/static,STOPPED}
2021-11-11 00:07:57,091 [Listener at 127.0.0.1/36803] INFO  handler.ContextHandler (ContextHandler.java:doStop(1153)) - Stopped o.e.j.s.ServletContextHandler@47442047{logs,/logs,file:///home/runner/work/ozone/ozone/hadoop-ozone/integration-test/target/log,STOPPED}
2021-11-11 00:07:57,283 [ForkJoinPool.commonPool-worker-1] INFO  statemachine.DatanodeStateMachine (DatanodeStateMachine.java:stopDaemon(526)) - Ozone container server stopped.
2021-11-11 00:07:57,288 [ForkJoinPool.commonPool-worker-1] INFO  handler.ContextHandler (ContextHandler.java:doStop(1153)) - Stopped o.e.j.w.WebAppContext@216c5868{hddsDatanode,/,null,STOPPED}{jar:file:/home/runner/.m2/repository/org/apache/ozone/hdds-container-service/1.2.0-SNAPSHOT/hdds-container-service-1.2.0-SNAPSHOT.jar!/webapps/hddsDatanode}
2021-11-11 00:07:57,294 [ForkJoinPool.commonPool-worker-1] INFO  server.AbstractConnector (AbstractConnector.java:doStop(381)) - Stopped ServerConnector@22d456ba{HTTP/1.1, (http/1.1)}{0.0.0.0:0}
2021-11-11 00:07:57,294 [ForkJoinPool.commonPool-worker-1] INFO  server.session (HouseKeeper.java:stopScavenging(149)) - node0 Stopped scavenging
2021-11-11 00:07:57,295 [ForkJoinPool.commonPool-worker-1] INFO  handler.ContextHandler (ContextHandler.java:doStop(1153)) - Stopped o.e.j.s.ServletContextHandler@6e4ccc5f{static,/static,jar:file:/home/runner/.m2/repository/org/apache/ozone/hdds-container-service/1.2.0-SNAPSHOT/hdds-container-service-1.2.0-SNAPSHOT.jar!/webapps/static,STOPPED}
2021-11-11 00:07:57,295 [ForkJoinPool.commonPool-worker-1] INFO  handler.ContextHandler (ContextHandler.java:doStop(1153)) - Stopped o.e.j.s.ServletContextHandler@25365b30{logs,/logs,file:///home/runner/work/ozone/ozone/hadoop-ozone/integration-test/target/log,STOPPED}
2021-11-11 00:07:59,195 [f2abff67-7f5e-423a-807c-f1c8bf0fd89e@group-B667C1C291A7-FollowerState] INFO  impl.FollowerState (FollowerState.java:run(134)) - f2abff67-7f5e-423a-807c-f1c8bf0fd89e@group-B667C1C291A7-FollowerState: change to CANDIDATE, lastRpcElapsedTime:7569910740ns, electionTimeout:5010ms
2021-11-11 00:07:59,195 [f2abff67-7f5e-423a-807c-f1c8bf0fd89e@group-B667C1C291A7-FollowerState] INFO  impl.RoleInfo (RoleInfo.java:shutdownFollowerState(108)) - f2abff67-7f5e-423a-807c-f1c8bf0fd89e: shutdown f2abff67-7f5e-423a-807c-f1c8bf0fd89e@group-B667C1C291A7-FollowerState
2021-11-11 00:07:59,195 [f2abff67-7f5e-423a-807c-f1c8bf0fd89e@group-B667C1C291A7-FollowerState] INFO  server.RaftServer$Division (RaftServerImpl.java:setRole(290)) - f2abff67-7f5e-423a-807c-f1c8bf0fd89e@group-B667C1C291A7: changes role from  FOLLOWER to CANDIDATE at term 4 for changeToCandidate
2021-11-11 00:07:59,195 [f2abff67-7f5e-423a-807c-f1c8bf0fd89e@group-B667C1C291A7-FollowerState] INFO  server.RaftServerConfigKeys (ConfUtils.java:logGet(44)) - raft.server.leaderelection.pre-vote = false (custom)
2021-11-11 00:07:59,195 [f2abff67-7f5e-423a-807c-f1c8bf0fd89e@group-B667C1C291A7-FollowerState] INFO  impl.RoleInfo (RoleInfo.java:updateAndGet(130)) - f2abff67-7f5e-423a-807c-f1c8bf0fd89e: start f2abff67-7f5e-423a-807c-f1c8bf0fd89e@group-B667C1C291A7-LeaderElection105
2021-11-11 00:07:59,196 [f2abff67-7f5e-423a-807c-f1c8bf0fd89e@group-B667C1C291A7-LeaderElection105] INFO  server.RaftServer$Division (ServerState.java:setLeader(285)) - f2abff67-7f5e-423a-807c-f1c8bf0fd89e@group-B667C1C291A7: change Leader from 69aff4e4-918e-4266-92c0-ec642b93bcd5 to null at term 4 for ELECTION
2021-11-11 00:07:59,201 [f2abff67-7f5e-423a-807c-f1c8bf0fd89e@group-B667C1C291A7-LeaderElection105] INFO  impl.LeaderElection (LeaderElection.java:askForVotes(306)) - f2abff67-7f5e-423a-807c-f1c8bf0fd89e@group-B667C1C291A7-LeaderElection105 ELECTION round 0: submit vote requests at term 5 for 0: [69aff4e4-918e-4266-92c0-ec642b93bcd5|rpc:10.1.0.10:41107|dataStream:|priority:1, f2abff67-7f5e-423a-807c-f1c8bf0fd89e|rpc:10.1.0.10:42673|dataStream:|priority:0, 6e133fb8-c87a-4d8d-9d3f-d688ae1cb6f8|rpc:10.1.0.10:38557|dataStream:|priority:0], old=null
2021-11-11 00:07:59,207 [f2abff67-7f5e-423a-807c-f1c8bf0fd89e@group-B667C1C291A7-LeaderElection105] INFO  impl.LeaderElection (LogUtils.java:infoOrTrace(137)) - f2abff67-7f5e-423a-807c-f1c8bf0fd89e@group-B667C1C291A7-LeaderElection105 got exception when requesting votes: java.util.concurrent.ExecutionException: org.apache.ratis.thirdparty.io.grpc.StatusRuntimeException: UNAVAILABLE: io exception
2021-11-11 00:07:59,212 [f2abff67-7f5e-423a-807c-f1c8bf0fd89e@group-B667C1C291A7-LeaderElection105] INFO  impl.LeaderElection (LogUtils.java:infoOrTrace(137)) - f2abff67-7f5e-423a-807c-f1c8bf0fd89e@group-B667C1C291A7-LeaderElection105 got exception when requesting votes: java.util.concurrent.ExecutionException: org.apache.ratis.thirdparty.io.grpc.StatusRuntimeException: UNAVAILABLE: io exception
2021-11-11 00:07:59,212 [f2abff67-7f5e-423a-807c-f1c8bf0fd89e@group-B667C1C291A7-LeaderElection105] INFO  impl.LeaderElection (LeaderElection.java:logAndReturn(89)) - f2abff67-7f5e-423a-807c-f1c8bf0fd89e@group-B667C1C291A7-LeaderElection105: ELECTION REJECTED received 0 response(s) and 2 exception(s):
2021-11-11 00:07:59,212 [f2abff67-7f5e-423a-807c-f1c8bf0fd89e@group-B667C1C291A7-LeaderElection105] INFO  impl.LeaderElection (LogUtils.java:infoOrTrace(137)) -   Exception 0: java.util.concurrent.ExecutionException: org.apache.ratis.thirdparty.io.grpc.StatusRuntimeException: UNAVAILABLE: io exception
2021-11-11 00:07:59,212 [f2abff67-7f5e-423a-807c-f1c8bf0fd89e@group-B667C1C291A7-LeaderElection105] INFO  impl.LeaderElection (LogUtils.java:infoOrTrace(137)) -   Exception 1: java.util.concurrent.ExecutionException: org.apache.ratis.thirdparty.io.grpc.StatusRuntimeException: UNAVAILABLE: io exception
2021-11-11 00:07:59,212 [f2abff67-7f5e-423a-807c-f1c8bf0fd89e@group-B667C1C291A7-LeaderElection105] INFO  impl.LeaderElection (LeaderElection.java:askForVotes(308)) - f2abff67-7f5e-423a-807c-f1c8bf0fd89e@group-B667C1C291A7-LeaderElection105 ELECTION round 0: result REJECTED
2021-11-11 00:07:59,212 [f2abff67-7f5e-423a-807c-f1c8bf0fd89e@group-B667C1C291A7-LeaderElection105] INFO  server.RaftServer$Division (RaftServerImpl.java:setRole(290)) - f2abff67-7f5e-423a-807c-f1c8bf0fd89e@group-B667C1C291A7: changes role from CANDIDATE to FOLLOWER at term 5 for REJECTED
2021-11-11 00:07:59,212 [f2abff67-7f5e-423a-807c-f1c8bf0fd89e@group-B667C1C291A7-LeaderElection105] INFO  impl.RoleInfo (RoleInfo.java:shutdownLeaderElection(121)) - f2abff67-7f5e-423a-807c-f1c8bf0fd89e: shutdown f2abff67-7f5e-423a-807c-f1c8bf0fd89e@group-B667C1C291A7-LeaderElection105
2021-11-11 00:07:59,212 [f2abff67-7f5e-423a-807c-f1c8bf0fd89e@group-B667C1C291A7-LeaderElection105] INFO  impl.RoleInfo (RoleInfo.java:updateAndGet(130)) - f2abff67-7f5e-423a-807c-f1c8bf0fd89e: start f2abff67-7f5e-423a-807c-f1c8bf0fd89e@group-B667C1C291A7-FollowerState
2021-11-11 00:08:02,095 [Listener at 127.0.0.1/36803] INFO  ozoneimpl.OzoneContainer (OzoneContainer.java:stop(325)) - Attempting to stop container services.
2021-11-11 00:08:02,097 [Listener at 127.0.0.1/36803] INFO  server.RaftServer (RaftServerProxy.java:lambda$close$6(391)) - f2abff67-7f5e-423a-807c-f1c8bf0fd89e: close
2021-11-11 00:08:02,105 [Listener at 127.0.0.1/36803] INFO  server.RaftServer$Division (RaftServerImpl.java:lambda$close$4(412)) - f2abff67-7f5e-423a-807c-f1c8bf0fd89e@group-673C0E226F09: shutdown
2021-11-11 00:08:02,105 [Listener at 127.0.0.1/36803] INFO  util.JmxRegister (JmxRegister.java:unregister(73)) - Successfully un-registered JMX Bean with object name Ratis:service=RaftServer,group=group-673C0E226F09,id=f2abff67-7f5e-423a-807c-f1c8bf0fd89e
2021-11-11 00:08:02,105 [Listener at 127.0.0.1/36803] INFO  impl.RoleInfo (RoleInfo.java:shutdownLeaderState(91)) - f2abff67-7f5e-423a-807c-f1c8bf0fd89e: shutdown f2abff67-7f5e-423a-807c-f1c8bf0fd89e@group-673C0E226F09-LeaderStateImpl
2021-11-11 00:08:02,106 [Listener at 127.0.0.1/36803] INFO  impl.PendingRequests (PendingRequests.java:sendNotLeaderResponses(282)) - f2abff67-7f5e-423a-807c-f1c8bf0fd89e@group-673C0E226F09-PendingRequests: sendNotLeaderResponses
2021-11-11 00:08:02,108 [f2abff67-7f5e-423a-807c-f1c8bf0fd89e@group-673C0E226F09-StateMachineUpdater] INFO  ratis.ContainerStateMachine (ContainerStateMachine.java:takeSnapshot(292)) - group-673C0E226F09: Taking a snapshot at:(t:1, i:0) file /home/runner/work/ozone/ozone/hadoop-ozone/integration-test/target/test-dir/MiniOzoneClusterImpl-d5f2283b-1c97-4f43-babe-75a35a923614/datanode-6/data/ratis/42f2bfa2-68e2-48ed-995b-673c0e226f09/sm/snapshot.1_0
2021-11-11 00:08:02,108 [Listener at 127.0.0.1/36803] INFO  impl.StateMachineUpdater (StateMachineUpdater.java:stopAndJoin(149)) - f2abff67-7f5e-423a-807c-f1c8bf0fd89e@group-673C0E226F09-StateMachineUpdater: set stopIndex = 0
2021-11-11 00:08:02,109 [ForkJoinPool.commonPool-worker-0] INFO  server.RaftServer$Division (RaftServerImpl.java:lambda$close$4(412)) - f2abff67-7f5e-423a-807c-f1c8bf0fd89e@group-B667C1C291A7: shutdown
2021-11-11 00:08:02,109 [ForkJoinPool.commonPool-worker-0] INFO  util.JmxRegister (JmxRegister.java:unregister(73)) - Successfully un-registered JMX Bean with object name Ratis:service=RaftServer,group=group-B667C1C291A7,id=f2abff67-7f5e-423a-807c-f1c8bf0fd89e
2021-11-11 00:08:02,109 [ForkJoinPool.commonPool-worker-0] INFO  impl.RoleInfo (RoleInfo.java:shutdownFollowerState(108)) - f2abff67-7f5e-423a-807c-f1c8bf0fd89e: shutdown f2abff67-7f5e-423a-807c-f1c8bf0fd89e@group-B667C1C291A7-FollowerState
2021-11-11 00:08:02,109 [f2abff67-7f5e-423a-807c-f1c8bf0fd89e@group-B667C1C291A7-FollowerState] INFO  impl.FollowerState (FollowerState.java:run(143)) - f2abff67-7f5e-423a-807c-f1c8bf0fd89e@group-B667C1C291A7-FollowerState was interrupted: {}
java.lang.InterruptedException: sleep interrupted
	at java.lang.Thread.sleep(Native Method)
	at java.lang.Thread.sleep(Thread.java:340)
	at java.util.concurrent.TimeUnit.sleep(TimeUnit.java:386)
	at org.apache.ratis.util.TimeDuration.sleep(TimeDuration.java:324)
	at org.apache.ratis.util.TimeDuration.sleep(TimeDuration.java:309)
	at org.apache.ratis.server.impl.FollowerState.run(FollowerState.java:118)
2021-11-11 00:08:02,109 [f2abff67-7f5e-423a-807c-f1c8bf0fd89e@group-673C0E226F09-StateMachineUpdater] INFO  ratis.ContainerStateMachine (ContainerStateMachine.java:takeSnapshot(303)) - group-673C0E226F09: Finished taking a snapshot at:(t:1, i:0) file:/home/runner/work/ozone/ozone/hadoop-ozone/integration-test/target/test-dir/MiniOzoneClusterImpl-d5f2283b-1c97-4f43-babe-75a35a923614/datanode-6/data/ratis/42f2bfa2-68e2-48ed-995b-673c0e226f09/sm/snapshot.1_0 took: 1 ms
2021-11-11 00:08:02,109 [f2abff67-7f5e-423a-807c-f1c8bf0fd89e@group-673C0E226F09-StateMachineUpdater] INFO  impl.StateMachineUpdater (StateMachineUpdater.java:takeSnapshot(281)) - f2abff67-7f5e-423a-807c-f1c8bf0fd89e@group-673C0E226F09-StateMachineUpdater: Took a snapshot at index 0
2021-11-11 00:08:02,109 [f2abff67-7f5e-423a-807c-f1c8bf0fd89e@group-673C0E226F09-StateMachineUpdater] INFO  impl.StateMachineUpdater (StateMachineUpdater.java:lambda$new$0(89)) - f2abff67-7f5e-423a-807c-f1c8bf0fd89e@group-673C0E226F09-StateMachineUpdater: snapshotIndex: updateIncreasingly -1 -> 0
2021-11-11 00:08:02,110 [Listener at 127.0.0.1/36803] INFO  server.RaftServer$Division (ServerState.java:close(419)) - f2abff67-7f5e-423a-807c-f1c8bf0fd89e@group-673C0E226F09: closes. applyIndex: 0
2021-11-11 00:08:02,110 [f2abff67-7f5e-423a-807c-f1c8bf0fd89e@group-B667C1C291A7-StateMachineUpdater] INFO  ratis.ContainerStateMachine (ContainerStateMachine.java:takeSnapshot(292)) - group-B667C1C291A7: Taking a snapshot at:(t:4, i:0) file /home/runner/work/ozone/ozone/hadoop-ozone/integration-test/target/test-dir/MiniOzoneClusterImpl-d5f2283b-1c97-4f43-babe-75a35a923614/datanode-6/data/ratis/54cb16ec-fc10-47c0-939b-b667c1c291a7/sm/snapshot.4_0
2021-11-11 00:08:02,110 [ForkJoinPool.commonPool-worker-0] INFO  impl.StateMachineUpdater (StateMachineUpdater.java:stopAndJoin(149)) - f2abff67-7f5e-423a-807c-f1c8bf0fd89e@group-B667C1C291A7-StateMachineUpdater: set stopIndex = 0
2021-11-11 00:08:02,111 [f2abff67-7f5e-423a-807c-f1c8bf0fd89e@group-B667C1C291A7-StateMachineUpdater] INFO  ratis.ContainerStateMachine (ContainerStateMachine.java:takeSnapshot(303)) - group-B667C1C291A7: Finished taking a snapshot at:(t:4, i:0) file:/home/runner/work/ozone/ozone/hadoop-ozone/integration-test/target/test-dir/MiniOzoneClusterImpl-d5f2283b-1c97-4f43-babe-75a35a923614/datanode-6/data/ratis/54cb16ec-fc10-47c0-939b-b667c1c291a7/sm/snapshot.4_0 took: 0 ms
2021-11-11 00:08:02,111 [f2abff67-7f5e-423a-807c-f1c8bf0fd89e@group-B667C1C291A7-StateMachineUpdater] INFO  impl.StateMachineUpdater (StateMachineUpdater.java:takeSnapshot(281)) - f2abff67-7f5e-423a-807c-f1c8bf0fd89e@group-B667C1C291A7-StateMachineUpdater: Took a snapshot at index 0
2021-11-11 00:08:02,111 [f2abff67-7f5e-423a-807c-f1c8bf0fd89e@group-B667C1C291A7-StateMachineUpdater] INFO  impl.StateMachineUpdater (StateMachineUpdater.java:lambda$new$0(89)) - f2abff67-7f5e-423a-807c-f1c8bf0fd89e@group-B667C1C291A7-StateMachineUpdater: snapshotIndex: updateIncreasingly -1 -> 0
2021-11-11 00:08:02,112 [ForkJoinPool.commonPool-worker-0] INFO  server.RaftServer$Division (ServerState.java:close(419)) - f2abff67-7f5e-423a-807c-f1c8bf0fd89e@group-B667C1C291A7: closes. applyIndex: 0
2021-11-11 00:08:02,112 [f2abff67-7f5e-423a-807c-f1c8bf0fd89e@group-B667C1C291A7-SegmentedRaftLogWorker] INFO  segmented.SegmentedRaftLogWorker (SegmentedRaftLogWorker.java:run(327)) - f2abff67-7f5e-423a-807c-f1c8bf0fd89e@group-B667C1C291A7-SegmentedRaftLogWorker was interrupted, exiting. There are 0 tasks remaining in the queue.
2021-11-11 00:08:02,112 [ForkJoinPool.commonPool-worker-0] INFO  segmented.SegmentedRaftLogWorker (SegmentedRaftLogWorker.java:close(237)) - f2abff67-7f5e-423a-807c-f1c8bf0fd89e@group-B667C1C291A7-SegmentedRaftLogWorker close()
2021-11-11 00:08:02,120 [f2abff67-7f5e-423a-807c-f1c8bf0fd89e@group-673C0E226F09-SegmentedRaftLogWorker] INFO  segmented.SegmentedRaftLogWorker (SegmentedRaftLogWorker.java:run(327)) - f2abff67-7f5e-423a-807c-f1c8bf0fd89e@group-673C0E226F09-SegmentedRaftLogWorker was interrupted, exiting. There are 0 tasks remaining in the queue.
2021-11-11 00:08:02,120 [Listener at 127.0.0.1/36803] INFO  segmented.SegmentedRaftLogWorker (SegmentedRaftLogWorker.java:close(237)) - f2abff67-7f5e-423a-807c-f1c8bf0fd89e@group-673C0E226F09-SegmentedRaftLogWorker close()
2021-11-11 00:08:02,120 [Listener at 127.0.0.1/36803] INFO  server.GrpcService (GrpcService.java:closeImpl(262)) - f2abff67-7f5e-423a-807c-f1c8bf0fd89e: shutdown server with port 42673 now
2021-11-11 00:08:02,130 [Listener at 127.0.0.1/36803] INFO  server.GrpcService (GrpcService.java:closeImpl(271)) - f2abff67-7f5e-423a-807c-f1c8bf0fd89e: shutdown server with port 42673 successfully
2021-11-11 00:08:02,130 [org.apache.ratis.util.JvmPauseMonitor$$Lambda$531/1874401182@feda0fd] INFO  util.JvmPauseMonitor (JvmPauseMonitor.java:run(109)) - JvmPauseMonitor-f2abff67-7f5e-423a-807c-f1c8bf0fd89e: Stopped
2021-11-11 00:08:02,131 [Listener at 127.0.0.1/36803] INFO  utils.BackgroundService (BackgroundService.java:shutdown(132)) - Shutting down service BlockDeletingService
2021-11-11 00:08:02,260 [EventQueue-StaleNodeForStaleNodeHandler] INFO  node.StaleNodeHandler (StaleNodeHandler.java:onMessage(58)) - Datanode 6b695e55-6982-478b-aea3-481865f298ec{ip: 10.1.0.10, host: fv-az151-339.yf2hydr00wburbhx3j5hxtcipe.bx.internal.cloudapp.net, ports: [REPLICATION=44883, RATIS=43719, RATIS_ADMIN=43719, RATIS_SERVER=43719, STANDALONE=33573], networkLocation: /default-rack, certSerialId: null, persistedOpState: IN_SERVICE, persistedOpStateExpiryEpochSec: 0} moved to stale state. Finalizing its pipelines [PipelineID=0ed2803a-810b-47c9-a359-4c1e298e4bb6, PipelineID=e52301a4-0bd3-4fc1-b1e1-cb7168c967d4]
2021-11-11 00:08:02,260 [EventQueue-StaleNodeForStaleNodeHandler] INFO  pipeline.PipelineManagerImpl (PipelineManagerImpl.java:closePipeline(349)) - Pipeline Pipeline[ Id: e52301a4-0bd3-4fc1-b1e1-cb7168c967d4, Nodes: 6b695e55-6982-478b-aea3-481865f298ec{ip: 10.1.0.10, host: fv-az151-339.yf2hydr00wburbhx3j5hxtcipe.bx.internal.cloudapp.net, ports: [REPLICATION=44883, RATIS=43719, RATIS_ADMIN=43719, RATIS_SERVER=43719, STANDALONE=33573], networkLocation: /default-rack, certSerialId: null, persistedOpState: IN_SERVICE, persistedOpStateExpiryEpochSec: 0}, ReplicationConfig: RATIS/ONE, State:OPEN, leaderId:6b695e55-6982-478b-aea3-481865f298ec, CreationTimestamp2021-11-11T00:06:58.715Z[Etc/UTC]] moved to CLOSED state
2021-11-11 00:08:02,661 [EventQueue-StaleNodeForStaleNodeHandler] INFO  node.StaleNodeHandler (StaleNodeHandler.java:onMessage(58)) - Datanode f37a6f46-5950-4be3-9f6d-6eb53e609f63{ip: 10.1.0.10, host: fv-az151-339.yf2hydr00wburbhx3j5hxtcipe.bx.internal.cloudapp.net, ports: [REPLICATION=45079, RATIS=39151, RATIS_ADMIN=39151, RATIS_SERVER=39151, STANDALONE=39417], networkLocation: /default-rack, certSerialId: null, persistedOpState: IN_SERVICE, persistedOpStateExpiryEpochSec: 0} moved to stale state. Finalizing its pipelines [PipelineID=9103f27b-b0c3-4f05-ba12-ed7ab6a8db8c, PipelineID=0ed2803a-810b-47c9-a359-4c1e298e4bb6]
2021-11-11 00:08:02,662 [EventQueue-StaleNodeForStaleNodeHandler] INFO  pipeline.PipelineManagerImpl (PipelineManagerImpl.java:closePipeline(349)) - Pipeline Pipeline[ Id: 9103f27b-b0c3-4f05-ba12-ed7ab6a8db8c, Nodes: f37a6f46-5950-4be3-9f6d-6eb53e609f63{ip: 10.1.0.10, host: fv-az151-339.yf2hydr00wburbhx3j5hxtcipe.bx.internal.cloudapp.net, ports: [REPLICATION=45079, RATIS=39151, RATIS_ADMIN=39151, RATIS_SERVER=39151, STANDALONE=39417], networkLocation: /default-rack, certSerialId: null, persistedOpState: IN_SERVICE, persistedOpStateExpiryEpochSec: 0}, ReplicationConfig: RATIS/ONE, State:OPEN, leaderId:f37a6f46-5950-4be3-9f6d-6eb53e609f63, CreationTimestamp2021-11-11T00:06:59.477Z[Etc/UTC]] moved to CLOSED state
2021-11-11 00:08:05,143 [Listener at 127.0.0.1/36803] INFO  statemachine.DatanodeStateMachine (DatanodeStateMachine.java:stopDaemon(526)) - Ozone container server stopped.
2021-11-11 00:08:05,144 [Listener at 127.0.0.1/36803] INFO  handler.ContextHandler (ContextHandler.java:doStop(1153)) - Stopped o.e.j.w.WebAppContext@7dc2d05f{hddsDatanode,/,null,STOPPED}{jar:file:/home/runner/.m2/repository/org/apache/ozone/hdds-container-service/1.2.0-SNAPSHOT/hdds-container-service-1.2.0-SNAPSHOT.jar!/webapps/hddsDatanode}
2021-11-11 00:08:05,148 [Listener at 127.0.0.1/36803] INFO  server.AbstractConnector (AbstractConnector.java:doStop(381)) - Stopped ServerConnector@7d4e7683{HTTP/1.1, (http/1.1)}{0.0.0.0:0}
2021-11-11 00:08:05,148 [Listener at 127.0.0.1/36803] INFO  server.session (HouseKeeper.java:stopScavenging(149)) - node0 Stopped scavenging
2021-11-11 00:08:05,150 [Listener at 127.0.0.1/36803] INFO  handler.ContextHandler (ContextHandler.java:doStop(1153)) - Stopped o.e.j.s.ServletContextHandler@80850c3{static,/static,jar:file:/home/runner/.m2/repository/org/apache/ozone/hdds-container-service/1.2.0-SNAPSHOT/hdds-container-service-1.2.0-SNAPSHOT.jar!/webapps/static,STOPPED}
2021-11-11 00:08:05,151 [Listener at 127.0.0.1/36803] INFO  handler.ContextHandler (ContextHandler.java:doStop(1153)) - Stopped o.e.j.s.ServletContextHandler@75b0c649{logs,/logs,file:///home/runner/work/ozone/ozone/hadoop-ozone/integration-test/target/log,STOPPED}
2021-11-11 00:08:05,152 [Listener at 127.0.0.1/36803] INFO  ozone.MiniOzoneClusterImpl (MiniOzoneClusterImpl.java:stopSCM(542)) - Stopping the StorageContainerManager
2021-11-11 00:08:05,153 [Listener at 127.0.0.1/36803] INFO  server.StorageContainerManager (StorageContainerManager.java:stop(1395)) - Stopping Container Balancer service.
2021-11-11 00:08:05,153 [Listener at 127.0.0.1/36803] INFO  balancer.ContainerBalancer (ContainerBalancer.java:stop(773)) - Container Balancer is not running.
2021-11-11 00:08:05,153 [Listener at 127.0.0.1/36803] INFO  server.StorageContainerManager (StorageContainerManager.java:stop(1402)) - Stopping Replication Manager Service.
2021-11-11 00:08:05,153 [Listener at 127.0.0.1/36803] INFO  container.ReplicationManager (ReplicationManager.java:stop(350)) - Stopping Replication Monitor Thread.
2021-11-11 00:08:05,153 [Listener at 127.0.0.1/36803] INFO  server.StorageContainerManager (StorageContainerManager.java:stop(1409)) - Stopping the Datanode Admin Monitor.
2021-11-11 00:08:05,154 [Listener at 127.0.0.1/36803] INFO  server.StorageContainerManager (StorageContainerManager.java:stop(1416)) - Stopping Lease Manager of the command watchers
2021-11-11 00:08:05,154 [Listener at 127.0.0.1/36803] INFO  server.StorageContainerManager (StorageContainerManager.java:stop(1423)) - Stopping datanode service RPC server
2021-11-11 00:08:05,154 [Listener at 127.0.0.1/36803] INFO  server.SCMDatanodeProtocolServer (SCMDatanodeProtocolServer.java:stop(389)) - Stopping the RPC server for DataNodes
2021-11-11 00:08:05,154 [Listener at 127.0.0.1/36803] INFO  ipc.Server (Server.java:stop(3414)) - Stopping server on 40809
2021-11-11 00:08:05,156 [IPC Server listener on 0] INFO  ipc.Server (Server.java:run(1376)) - Stopping IPC Server listener on 0
2021-11-11 00:08:05,194 [IPC Server Responder] INFO  ipc.Server (Server.java:run(1512)) - Stopping IPC Server Responder
2021-11-11 00:08:05,268 [SCM Heartbeat Processing Thread - 0] WARN  node.NodeStateManager (NodeStateManager.java:scheduleNextHealthCheck(799)) - Current Thread is interrupted, shutting down HB processing thread for Node Manager.
2021-11-11 00:08:05,269 [Listener at 127.0.0.1/36803] INFO  server.StorageContainerManager (StorageContainerManager.java:stop(1431)) - Stopping block service RPC server
2021-11-11 00:08:05,269 [Listener at 127.0.0.1/36803] INFO  server.SCMBlockProtocolServer (SCMBlockProtocolServer.java:stop(160)) - Stopping the RPC server for Block Protocol
2021-11-11 00:08:05,269 [Listener at 127.0.0.1/36803] INFO  ipc.Server (Server.java:stop(3414)) - Stopping server on 39741
2021-11-11 00:08:05,272 [Listener at 127.0.0.1/36803] INFO  server.StorageContainerManager (StorageContainerManager.java:stop(1438)) - Stopping the StorageContainerLocationProtocol RPC server
2021-11-11 00:08:05,272 [Listener at 127.0.0.1/36803] INFO  server.SCMClientProtocolServer (SCMClientProtocolServer.java:stop(173)) - Stopping the RPC server for Client Protocol
2021-11-11 00:08:05,272 [Listener at 127.0.0.1/36803] INFO  ipc.Server (Server.java:stop(3414)) - Stopping server on 39925
2021-11-11 00:08:05,272 [IPC Server listener on 0] INFO  ipc.Server (Server.java:run(1376)) - Stopping IPC Server listener on 0
2021-11-11 00:08:05,273 [IPC Server listener on 0] INFO  ipc.Server (Server.java:run(1376)) - Stopping IPC Server listener on 0
2021-11-11 00:08:05,273 [Listener at 127.0.0.1/36803] INFO  server.StorageContainerManager (StorageContainerManager.java:stop(1445)) - Stopping Storage Container Manager HTTP server.
2021-11-11 00:08:05,274 [IPC Server Responder] INFO  ipc.Server (Server.java:run(1512)) - Stopping IPC Server Responder
2021-11-11 00:08:05,289 [IPC Server Responder] INFO  ipc.Server (Server.java:run(1512)) - Stopping IPC Server Responder
2021-11-11 00:08:05,293 [Listener at 127.0.0.1/36803] INFO  handler.ContextHandler (ContextHandler.java:doStop(1153)) - Stopped o.e.j.w.WebAppContext@4dcb9037{scm,/,null,STOPPED}{file:/home/runner/work/ozone/ozone/hadoop-ozone/integration-test/target/test-classes/webapps/scm}
2021-11-11 00:08:05,301 [Listener at 127.0.0.1/36803] INFO  server.AbstractConnector (AbstractConnector.java:doStop(381)) - Stopped ServerConnector@11ab6d81{HTTP/1.1, (http/1.1)}{0.0.0.0:0}
2021-11-11 00:08:05,301 [Listener at 127.0.0.1/36803] INFO  server.session (HouseKeeper.java:stopScavenging(149)) - node0 Stopped scavenging
2021-11-11 00:08:05,302 [Listener at 127.0.0.1/36803] INFO  handler.ContextHandler (ContextHandler.java:doStop(1153)) - Stopped o.e.j.s.ServletContextHandler@54a1d3b4{static,/static,file:///home/runner/work/ozone/ozone/hadoop-ozone/integration-test/target/test-classes/webapps/static,STOPPED}
2021-11-11 00:08:05,302 [Listener at 127.0.0.1/36803] INFO  handler.ContextHandler (ContextHandler.java:doStop(1153)) - Stopped o.e.j.s.ServletContextHandler@71a67a4c{logs,/logs,file:///home/runner/work/ozone/ozone/hadoop-ozone/integration-test/target/log,STOPPED}
2021-11-11 00:08:05,303 [Listener at 127.0.0.1/36803] INFO  server.StorageContainerManager (StorageContainerManager.java:stop(1456)) - Stopping Block Manager Service.
2021-11-11 00:08:05,303 [Listener at 127.0.0.1/36803] INFO  utils.BackgroundService (BackgroundService.java:shutdown(132)) - Shutting down service SCMBlockDeletingService
2021-11-11 00:08:05,303 [Listener at 127.0.0.1/36803] INFO  utils.BackgroundService (BackgroundService.java:shutdown(132)) - Shutting down service SCMBlockDeletingService
2021-11-11 00:08:05,303 [Listener at 127.0.0.1/36803] INFO  server.StorageContainerManager (StorageContainerManager.java:stop(1483)) - Stopping SCM Event Queue.
2021-11-11 00:08:05,307 [Listener at 127.0.0.1/36803] INFO  server.StorageContainerManager (StorageContainerManager.java:stop(1494)) - Stopping SCM HA services.
2021-11-11 00:08:05,308 [Listener at 127.0.0.1/36803] INFO  pipeline.BackgroundPipelineCreator (BackgroundPipelineCreator.java:stop(158)) - Stopping RatisPipelineUtilsThread.
2021-11-11 00:08:05,310 [Listener at 127.0.0.1/36803] INFO  server.StorageContainerManager (StorageContainerManager.java:stop(1504)) - Stopping SCM MetadataStore.
2021-11-11 00:08:05,311 [Listener at 127.0.0.1/36803] INFO  impl.MetricsSystemImpl (MetricsSystemImpl.java:stop(210)) - Stopping HddsDatanode metrics system...
2021-11-11 00:08:05,349 [prometheus] INFO  impl.MetricsSinkAdapter (MetricsSinkAdapter.java:publishMetricsFromQueue(141)) - prometheus thread interrupted.
2021-11-11 00:08:05,349 [Listener at 127.0.0.1/36803] INFO  impl.MetricsSystemImpl (MetricsSystemImpl.java:stop(216)) - HddsDatanode metrics system stopped.
]]></system-out>
    <system-err><![CDATA[Nov 11, 2021 12:07:37 AM org.apache.ratis.thirdparty.io.grpc.internal.ManagedChannelOrphanWrapper$ManagedChannelReference cleanQueue
SEVERE: *~*~*~ Channel ManagedChannelImpl{logId=917, target=10.1.0.10:41847} was not shutdown properly!!! ~*~*~*
    Make sure to call shutdown()/shutdownNow() and wait until awaitTermination() returns true.
java.lang.RuntimeException: ManagedChannel allocation site
	at org.apache.ratis.thirdparty.io.grpc.internal.ManagedChannelOrphanWrapper$ManagedChannelReference.<init>(ManagedChannelOrphanWrapper.java:93)
	at org.apache.ratis.thirdparty.io.grpc.internal.ManagedChannelOrphanWrapper.<init>(ManagedChannelOrphanWrapper.java:53)
	at org.apache.ratis.thirdparty.io.grpc.internal.ManagedChannelOrphanWrapper.<init>(ManagedChannelOrphanWrapper.java:44)
	at org.apache.ratis.thirdparty.io.grpc.internal.ManagedChannelImplBuilder.build(ManagedChannelImplBuilder.java:596)
	at org.apache.ratis.thirdparty.io.grpc.ForwardingChannelBuilder.build(ForwardingChannelBuilder.java:255)
	at org.apache.ratis.grpc.client.GrpcClientProtocolClient.buildChannel(GrpcClientProtocolClient.java:159)
	at org.apache.ratis.grpc.client.GrpcClientProtocolClient.<init>(GrpcClientProtocolClient.java:111)
	at org.apache.ratis.grpc.client.GrpcClientRpc.lambda$new$0(GrpcClientRpc.java:57)
	at org.apache.ratis.util.PeerProxyMap$PeerAndProxy.lambda$getProxy$0(PeerProxyMap.java:63)
	at org.apache.ratis.util.LifeCycle.startAndTransition(LifeCycle.java:270)
	at org.apache.ratis.util.PeerProxyMap$PeerAndProxy.getProxy(PeerProxyMap.java:62)
	at org.apache.ratis.util.PeerProxyMap.getProxy(PeerProxyMap.java:114)
	at org.apache.ratis.grpc.client.GrpcClientRpc.sendRequestAsync(GrpcClientRpc.java:67)
	at org.apache.ratis.client.impl.OrderedAsync.sendRequest(OrderedAsync.java:236)
	at org.apache.ratis.client.impl.OrderedAsync.sendRequestWithRetry(OrderedAsync.java:189)
	at org.apache.ratis.util.SlidingWindow$Client.sendOrDelayRequest(SlidingWindow.java:280)
	at org.apache.ratis.util.SlidingWindow$Client.retry(SlidingWindow.java:296)
	at org.apache.ratis.client.impl.OrderedAsync.lambda$scheduleWithTimeout$7(OrderedAsync.java:223)
	at org.apache.ratis.util.TimeoutScheduler.lambda$onTimeout$0(TimeoutScheduler.java:141)
	at org.apache.ratis.util.TimeoutScheduler.lambda$onTimeout$1(TimeoutScheduler.java:155)
	at org.apache.ratis.util.LogUtils.runAndLog(LogUtils.java:38)
	at org.apache.ratis.util.LogUtils$1.run(LogUtils.java:79)
	at java.util.concurrent.Executors$RunnableAdapter.call(Executors.java:511)
	at java.util.concurrent.FutureTask.run(FutureTask.java:266)
	at java.util.concurrent.ScheduledThreadPoolExecutor$ScheduledFutureTask.access$201(ScheduledThreadPoolExecutor.java:180)
	at java.util.concurrent.ScheduledThreadPoolExecutor$ScheduledFutureTask.run(ScheduledThreadPoolExecutor.java:293)
	at java.util.concurrent.ThreadPoolExecutor.runWorker(ThreadPoolExecutor.java:1149)
	at java.util.concurrent.ThreadPoolExecutor$Worker.run(ThreadPoolExecutor.java:624)
	at java.lang.Thread.run(Thread.java:748)

]]></system-err>
  </testcase>
</testsuite>