<?xml version="1.0" encoding="UTF-8"?>
<testsuite xmlns:xsi="http://www.w3.org/2001/XMLSchema-instance" xsi:noNamespaceSchemaLocation="https://maven.apache.org/surefire/maven-surefire-plugin/xsd/surefire-test-report-3.0.xsd" version="3.0" name="org.apache.hadoop.ozone.container.TestECContainerRecovery" time="183.595" tests="2" errors="1" skipped="0" failures="0">
  <properties>
    <property name="java.specification.version" value="21"/>
    <property name="sun.jnu.encoding" value="UTF-8"/>
    <property name="java.class.path" value="/home/runner/work/ozone/ozone/hadoop-ozone/integration-test/target/test-classes:/home/runner/work/ozone/ozone/hadoop-ozone/integration-test/target/classes:/home/runner/work/ozone/ozone/hadoop-ozone/common/target/ozone-common-2.0.0-SNAPSHOT.jar:/home/runner/.m2/repository/io/grpc/grpc-netty/1.58.0/grpc-netty-1.58.0.jar:/home/runner/.m2/repository/io/grpc/grpc-core/1.58.0/grpc-core-1.58.0.jar:/home/runner/.m2/repository/com/google/android/annotations/4.1.1.4/annotations-4.1.1.4.jar:/home/runner/.m2/repository/org/codehaus/mojo/animal-sniffer-annotations/1.23/animal-sniffer-annotations-1.23.jar:/home/runner/.m2/repository/io/grpc/grpc-context/1.58.0/grpc-context-1.58.0.jar:/home/runner/.m2/repository/io/grpc/grpc-util/1.58.0/grpc-util-1.58.0.jar:/home/runner/.m2/repository/com/google/errorprone/error_prone_annotations/2.29.2/error_prone_annotations-2.29.2.jar:/home/runner/.m2/repository/io/perfmark/perfmark-api/0.26.0/perfmark-api-0.26.0.jar:/home/runner/.m2/repository/io/netty/netty-codec-http2/4.1.109.Final/netty-codec-http2-4.1.109.Final.jar:/home/runner/.m2/repository/io/netty/netty-codec-http/4.1.109.Final/netty-codec-http-4.1.109.Final.jar:/home/runner/.m2/repository/io/netty/netty-handler-proxy/4.1.109.Final/netty-handler-proxy-4.1.109.Final.jar:/home/runner/.m2/repository/io/netty/netty-codec-socks/4.1.109.Final/netty-codec-socks-4.1.109.Final.jar:/home/runner/.m2/repository/io/netty/netty-tcnative-boringssl-static/2.0.65.Final/netty-tcnative-boringssl-static-2.0.65.Final.jar:/home/runner/.m2/repository/io/netty/netty-tcnative-classes/2.0.65.Final/netty-tcnative-classes-2.0.65.Final.jar:/home/runner/.m2/repository/io/netty/netty-tcnative-boringssl-static/2.0.65.Final/netty-tcnative-boringssl-static-2.0.65.Final-linux-x86_64.jar:/home/runner/.m2/repository/io/netty/netty-tcnative-boringssl-static/2.0.65.Final/netty-tcnative-boringssl-static-2.0.65.Final-linux-aarch_64.jar:/home/runner/.m2/repository/io/netty/netty-tcnative-boringssl-static/2.0.65.Final/netty-tcnative-boringssl-static-2.0.65.Final-osx-x86_64.jar:/home/runner/.m2/repository/io/netty/netty-tcnative-boringssl-static/2.0.65.Final/netty-tcnative-boringssl-static-2.0.65.Final-osx-aarch_64.jar:/home/runner/.m2/repository/io/netty/netty-tcnative-boringssl-static/2.0.65.Final/netty-tcnative-boringssl-static-2.0.65.Final-windows-x86_64.jar:/home/runner/.m2/repository/org/apache/commons/commons-compress/1.27.1/commons-compress-1.27.1.jar:/home/runner/work/ozone/ozone/hadoop-hdds/common/target/hdds-common-2.0.0-SNAPSHOT.jar:/home/runner/work/ozone/ozone/hadoop-hdds/client/target/hdds-client-2.0.0-SNAPSHOT.jar:/home/runner/work/ozone/ozone/hadoop-hdds/config/target/hdds-config-2.0.0-SNAPSHOT.jar:/home/runner/work/ozone/ozone/hadoop-hdds/interface-client/target/hdds-interface-client-2.0.0-SNAPSHOT.jar:/home/runner/.m2/repository/org/apache/hadoop/thirdparty/hadoop-shaded-protobuf_3_25/1.3.0/hadoop-shaded-protobuf_3_25-1.3.0.jar:/home/runner/work/ozone/ozone/hadoop-ozone/interface-client/target/ozone-interface-client-2.0.0-SNAPSHOT.jar:/home/runner/.m2/repository/org/apache/hadoop/hadoop-hdfs-client/3.4.1/hadoop-hdfs-client-3.4.1.jar:/home/runner/.m2/repository/org/apache/httpcomponents/httpclient/4.5.14/httpclient-4.5.14.jar:/home/runner/.m2/repository/org/apache/httpcomponents/httpcore/4.4.16/httpcore-4.4.16.jar:/home/runner/.m2/repository/org/apache/ratis/ratis-common/3.1.2/ratis-common-3.1.2.jar:/home/runner/.m2/repository/org/apache/ratis/ratis-proto/3.1.2/ratis-proto-3.1.2.jar:/home/runner/.m2/repository/org/apache/ratis/ratis-thirdparty-misc/1.0.6/ratis-thirdparty-misc-1.0.6.jar:/home/runner/.m2/repository/org/slf4j/slf4j-api/2.0.16/slf4j-api-2.0.16.jar:/home/runner/.m2/repository/com/fasterxml/jackson/core/jackson-annotations/2.16.2/jackson-annotations-2.16.2.jar:/home/runner/.m2/repository/com/fasterxml/jackson/core/jackson-databind/2.16.2/jackson-databind-2.16.2.jar:/home/runner/.m2/repository/com/github/stephenc/jcip/jcip-annotations/1.0-1/jcip-annotations-1.0-1.jar:/home/runner/.m2/repository/com/google/guava/guava/32.1.3-jre/guava-32.1.3-jre.jar:/home/runner/.m2/repository/com/google/guava/failureaccess/1.0.1/failureaccess-1.0.1.jar:/home/runner/.m2/repository/com/google/guava/listenablefuture/9999.0-empty-to-avoid-conflict-with-guava/listenablefuture-9999.0-empty-to-avoid-conflict-with-guava.jar:/home/runner/.m2/repository/org/checkerframework/checker-qual/3.37.0/checker-qual-3.37.0.jar:/home/runner/.m2/repository/com/google/j2objc/j2objc-annotations/2.8/j2objc-annotations-2.8.jar:/home/runner/.m2/repository/com/google/protobuf/protobuf-java/2.5.0/protobuf-java-2.5.0.jar:/home/runner/.m2/repository/io/grpc/grpc-api/1.58.0/grpc-api-1.58.0.jar:/home/runner/.m2/repository/io/grpc/grpc-stub/1.58.0/grpc-stub-1.58.0.jar:/home/runner/.m2/repository/io/netty/netty-common/4.1.109.Final/netty-common-4.1.109.Final.jar:/home/runner/.m2/repository/io/netty/netty-handler/4.1.109.Final/netty-handler-4.1.109.Final.jar:/home/runner/.m2/repository/io/netty/netty-resolver/4.1.109.Final/netty-resolver-4.1.109.Final.jar:/home/runner/.m2/repository/jakarta/annotation/jakarta.annotation-api/2.1.1/jakarta.annotation-api-2.1.1.jar:/home/runner/work/ozone/ozone/hadoop-hdds/test-utils/target/hdds-test-utils-2.0.0-SNAPSHOT.jar:/home/runner/.m2/repository/commons-io/commons-io/2.18.0/commons-io-2.18.0.jar:/home/runner/.m2/repository/commons-logging/commons-logging/1.2/commons-logging-1.2.jar:/home/runner/.m2/repository/org/junit/jupiter/junit-jupiter-api/5.11.4/junit-jupiter-api-5.11.4.jar:/home/runner/.m2/repository/org/opentest4j/opentest4j/1.3.0/opentest4j-1.3.0.jar:/home/runner/.m2/repository/org/junit/platform/junit-platform-commons/1.11.4/junit-platform-commons-1.11.4.jar:/home/runner/.m2/repository/ch/qos/reload4j/reload4j/1.2.26/reload4j-1.2.26.jar:/home/runner/.m2/repository/org/apache/logging/log4j/log4j-api/2.24.2/log4j-api-2.24.2.jar:/home/runner/work/ozone/ozone/hadoop-hdds/server-scm/target/hdds-server-scm-2.0.0-SNAPSHOT.jar:/home/runner/work/ozone/ozone/hadoop-hdds/container-service/target/hdds-container-service-2.0.0-SNAPSHOT.jar:/home/runner/work/ozone/ozone/hadoop-hdds/hadoop-dependency-server/target/hdds-hadoop-dependency-server-2.0.0-SNAPSHOT.jar:/home/runner/.m2/repository/com/nimbusds/nimbus-jose-jwt/9.40/nimbus-jose-jwt-9.40.jar:/home/runner/.m2/repository/org/apache/hadoop/hadoop-hdfs/3.4.1/hadoop-hdfs-3.4.1.jar:/home/runner/.m2/repository/commons-daemon/commons-daemon/1.4.0/commons-daemon-1.4.0.jar:/home/runner/.m2/repository/org/apache/kerby/kerb-core/1.0.1/kerb-core-1.0.1.jar:/home/runner/.m2/repository/org/apache/kerby/kerby-pkix/1.0.1/kerby-pkix-1.0.1.jar:/home/runner/.m2/repository/org/apache/kerby/kerby-asn1/1.0.1/kerby-asn1-1.0.1.jar:/home/runner/.m2/repository/org/apache/kerby/kerb-util/1.0.1/kerb-util-1.0.1.jar:/home/runner/.m2/repository/org/apache/kerby/kerby-config/1.0.1/kerby-config-1.0.1.jar:/home/runner/.m2/repository/org/apache/kerby/kerb-crypto/1.0.1/kerb-crypto-1.0.1.jar:/home/runner/.m2/repository/org/xerial/snappy/snappy-java/1.1.10.7/snappy-java-1.1.10.7.jar:/home/runner/work/ozone/ozone/hadoop-hdds/interface-admin/target/hdds-interface-admin-2.0.0-SNAPSHOT.jar:/home/runner/work/ozone/ozone/hadoop-hdds/interface-server/target/hdds-interface-server-2.0.0-SNAPSHOT.jar:/home/runner/work/ozone/ozone/hadoop-hdds/framework/target/hdds-server-framework-2.0.0-SNAPSHOT.jar:/home/runner/.m2/repository/org/apache/ratis/ratis-client/3.1.2/ratis-client-3.1.2.jar:/home/runner/.m2/repository/org/apache/ratis/ratis-grpc/3.1.2/ratis-grpc-3.1.2.jar:/home/runner/.m2/repository/org/apache/ratis/ratis-netty/3.1.2/ratis-netty-3.1.2.jar:/home/runner/.m2/repository/org/apache/ratis/ratis-server-api/3.1.2/ratis-server-api-3.1.2.jar:/home/runner/.m2/repository/org/bouncycastle/bcpkix-jdk18on/1.79/bcpkix-jdk18on-1.79.jar:/home/runner/.m2/repository/org/bouncycastle/bcprov-jdk18on/1.79/bcprov-jdk18on-1.79.jar:/home/runner/.m2/repository/io/dropwizard/metrics/metrics-core/3.2.6/metrics-core-3.2.6.jar:/home/runner/.m2/repository/org/apache/commons/commons-text/1.12.0/commons-text-1.12.0.jar:/home/runner/.m2/repository/org/eclipse/jetty/jetty-webapp/9.4.57.v20241219/jetty-webapp-9.4.57.v20241219.jar:/home/runner/.m2/repository/org/eclipse/jetty/jetty-xml/9.4.57.v20241219/jetty-xml-9.4.57.v20241219.jar:/home/runner/.m2/repository/com/fasterxml/jackson/core/jackson-core/2.16.2/jackson-core-2.16.2.jar:/home/runner/.m2/repository/info/picocli/picocli/4.7.5/picocli-4.7.5.jar:/home/runner/.m2/repository/javax/servlet/javax.servlet-api/3.1.0/javax.servlet-api-3.1.0.jar:/home/runner/.m2/repository/commons-collections/commons-collections/3.2.2/commons-collections-3.2.2.jar:/home/runner/work/ozone/ozone/hadoop-hdds/framework/target/hdds-server-framework-2.0.0-SNAPSHOT-tests.jar:/home/runner/.m2/repository/com/fasterxml/jackson/datatype/jackson-datatype-jsr310/2.16.2/jackson-datatype-jsr310-2.16.2.jar:/home/runner/.m2/repository/com/github/jnr/jnr-constants/0.10.4/jnr-constants-0.10.4.jar:/home/runner/.m2/repository/com/github/jnr/jnr-posix/3.1.20/jnr-posix-3.1.20.jar:/home/runner/.m2/repository/com/github/jnr/jnr-ffi/2.2.17/jnr-ffi-2.2.17.jar:/home/runner/.m2/repository/com/github/jnr/jffi/1.3.13/jffi-1.3.13.jar:/home/runner/.m2/repository/com/github/jnr/jffi/1.3.13/jffi-1.3.13-native.jar:/home/runner/.m2/repository/org/ow2/asm/asm/9.7.1/asm-9.7.1.jar:/home/runner/.m2/repository/org/ow2/asm/asm-commons/9.7.1/asm-commons-9.7.1.jar:/home/runner/.m2/repository/org/ow2/asm/asm-analysis/9.7.1/asm-analysis-9.7.1.jar:/home/runner/.m2/repository/org/ow2/asm/asm-tree/9.7.1/asm-tree-9.7.1.jar:/home/runner/.m2/repository/org/ow2/asm/asm-util/9.7.1/asm-util-9.7.1.jar:/home/runner/.m2/repository/com/github/jnr/jnr-a64asm/1.0.0/jnr-a64asm-1.0.0.jar:/home/runner/.m2/repository/com/github/jnr/jnr-x86asm/1.0.2/jnr-x86asm-1.0.2.jar:/home/runner/.m2/repository/com/google/code/gson/gson/2.10.1/gson-2.10.1.jar:/home/runner/.m2/repository/commons-codec/commons-codec/1.17.1/commons-codec-1.17.1.jar:/home/runner/.m2/repository/commons-fileupload/commons-fileupload/1.5/commons-fileupload-1.5.jar:/home/runner/.m2/repository/commons-validator/commons-validator/1.6/commons-validator-1.6.jar:/home/runner/.m2/repository/commons-beanutils/commons-beanutils/1.9.4/commons-beanutils-1.9.4.jar:/home/runner/.m2/repository/commons-digester/commons-digester/1.8.1/commons-digester-1.8.1.jar:/home/runner/.m2/repository/io/opentracing/opentracing-api/0.33.0/opentracing-api-0.33.0.jar:/home/runner/.m2/repository/io/prometheus/simpleclient/0.16.0/simpleclient-0.16.0.jar:/home/runner/.m2/repository/io/prometheus/simpleclient_common/0.16.0/simpleclient_common-0.16.0.jar:/home/runner/.m2/repository/io/prometheus/simpleclient_dropwizard/0.16.0/simpleclient_dropwizard-0.16.0.jar:/home/runner/.m2/repository/jakarta/ws/rs/jakarta.ws.rs-api/2.1.6/jakarta.ws.rs-api-2.1.6.jar:/home/runner/.m2/repository/org/apache/commons/commons-configuration2/2.11.0/commons-configuration2-2.11.0.jar:/home/runner/.m2/repository/org/apache/logging/log4j/log4j-core/2.24.2/log4j-core-2.24.2.jar:/home/runner/work/ozone/ozone/hadoop-hdds/managed-rocksdb/target/hdds-managed-rocksdb-2.0.0-SNAPSHOT.jar:/home/runner/work/ozone/ozone/hadoop-hdds/rocksdb-checkpoint-differ/target/rocksdb-checkpoint-differ-2.0.0-SNAPSHOT.jar:/home/runner/.m2/repository/org/jgrapht/jgrapht-core/1.4.0/jgrapht-core-1.4.0.jar:/home/runner/.m2/repository/org/jheaps/jheaps/0.11/jheaps-0.11.jar:/home/runner/.m2/repository/org/jgrapht/jgrapht-ext/1.4.0/jgrapht-ext-1.4.0.jar:/home/runner/.m2/repository/com/github/vlsi/mxgraph/jgraphx/3.9.12/jgraphx-3.9.12.jar:/home/runner/.m2/repository/org/apache/ratis/ratis-metrics-api/3.1.2/ratis-metrics-api-3.1.2.jar:/home/runner/.m2/repository/org/apache/ratis/ratis-metrics-dropwizard3/3.1.2/ratis-metrics-dropwizard3-3.1.2.jar:/home/runner/.m2/repository/org/eclipse/jetty/jetty-http/9.4.57.v20241219/jetty-http-9.4.57.v20241219.jar:/home/runner/.m2/repository/org/eclipse/jetty/jetty-io/9.4.57.v20241219/jetty-io-9.4.57.v20241219.jar:/home/runner/.m2/repository/org/eclipse/jetty/jetty-server/9.4.57.v20241219/jetty-server-9.4.57.v20241219.jar:/home/runner/.m2/repository/org/eclipse/jetty/jetty-servlet/9.4.57.v20241219/jetty-servlet-9.4.57.v20241219.jar:/home/runner/.m2/repository/org/eclipse/jetty/jetty-security/9.4.57.v20241219/jetty-security-9.4.57.v20241219.jar:/home/runner/.m2/repository/org/eclipse/jetty/jetty-util-ajax/9.4.57.v20241219/jetty-util-ajax-9.4.57.v20241219.jar:/home/runner/.m2/repository/org/eclipse/jetty/jetty-util/9.4.57.v20241219/jetty-util-9.4.57.v20241219.jar:/home/runner/.m2/repository/org/glassfish/jersey/containers/jersey-container-servlet-core/2.46/jersey-container-servlet-core-2.46.jar:/home/runner/.m2/repository/org/glassfish/jersey/core/jersey-server/2.46/jersey-server-2.46.jar:/home/runner/.m2/repository/org/glassfish/jersey/core/jersey-client/2.46/jersey-client-2.46.jar:/home/runner/.m2/repository/org/rocksdb/rocksdbjni/7.7.3/rocksdbjni-7.7.3.jar:/home/runner/.m2/repository/org/slf4j/slf4j-reload4j/2.0.16/slf4j-reload4j-2.0.16.jar:/home/runner/.m2/repository/com/lmax/disruptor/3.4.4/disruptor-3.4.4.jar:/home/runner/work/ozone/ozone/hadoop-ozone/ozone-manager/target/ozone-manager-2.0.0-SNAPSHOT.jar:/home/runner/.m2/repository/org/aspectj/aspectjrt/1.9.7/aspectjrt-1.9.7.jar:/home/runner/.m2/repository/org/aspectj/aspectjweaver/1.9.7/aspectjweaver-1.9.7.jar:/home/runner/work/ozone/ozone/hadoop-ozone/interface-storage/target/ozone-interface-storage-2.0.0-SNAPSHOT.jar:/home/runner/.m2/repository/org/apache/kerby/kerby-util/1.0.1/kerby-util-1.0.1.jar:/home/runner/.m2/repository/io/netty/netty-transport/4.1.109.Final/netty-transport-4.1.109.Final.jar:/home/runner/.m2/repository/org/reflections/reflections/0.10.2/reflections-0.10.2.jar:/home/runner/.m2/repository/com/sun/jersey/jersey-client/1.19.4/jersey-client-1.19.4.jar:/home/runner/.m2/repository/jakarta/xml/bind/jakarta.xml.bind-api/2.3.3/jakarta.xml.bind-api-2.3.3.jar:/home/runner/.m2/repository/org/codehaus/jackson/jackson-core-asl/1.9.13/jackson-core-asl-1.9.13.jar:/home/runner/.m2/repository/org/codehaus/jackson/jackson-mapper-asl/1.9.13/jackson-mapper-asl-1.9.13.jar:/home/runner/.m2/repository/org/codehaus/jackson/jackson-jaxrs/1.9.13/jackson-jaxrs-1.9.13.jar:/home/runner/.m2/repository/org/apache/ranger/ranger-plugins-common/2.3.0/ranger-plugins-common-2.3.0.jar:/home/runner/.m2/repository/commons-lang/commons-lang/2.6/commons-lang-2.6.jar:/home/runner/.m2/repository/org/apache/ranger/ranger-plugins-cred/2.3.0/ranger-plugins-cred-2.3.0.jar:/home/runner/.m2/repository/org/apache/ranger/ranger-plugins-audit/2.3.0/ranger-plugins-audit-2.3.0.jar:/home/runner/.m2/repository/org/eclipse/jetty/jetty-client/9.4.57.v20241219/jetty-client-9.4.57.v20241219.jar:/home/runner/.m2/repository/org/apache/httpcomponents/httpmime/4.5.6/httpmime-4.5.6.jar:/home/runner/.m2/repository/org/apache/httpcomponents/httpcore-nio/4.4.16/httpcore-nio-4.4.16.jar:/home/runner/.m2/repository/org/apache/httpcomponents/httpasyncclient/4.1.3/httpasyncclient-4.1.3.jar:/home/runner/.m2/repository/com/carrotsearch/hppc/0.8.0/hppc-0.8.0.jar:/home/runner/.m2/repository/org/apache/orc/orc-core/1.5.8/orc-core-1.5.8.jar:/home/runner/.m2/repository/net/java/dev/jna/jna/5.2.0/jna-5.2.0.jar:/home/runner/.m2/repository/net/java/dev/jna/jna-platform/5.2.0/jna-platform-5.2.0.jar:/home/runner/.m2/repository/com/kstruct/gethostname4j/0.0.2/gethostname4j-0.0.2.jar:/home/runner/.m2/repository/org/apache/ranger/ranger-plugin-classloader/2.3.0/ranger-plugin-classloader-2.3.0.jar:/home/runner/.m2/repository/org/apache/ranger/ranger-intg/2.3.0/ranger-intg-2.3.0.jar:/home/runner/work/ozone/ozone/hadoop-hdds/rocks-native/target/hdds-rocks-native-2.0.0-SNAPSHOT.jar:/home/runner/.m2/repository/org/apache/hadoop/hadoop-minikdc/3.4.1/hadoop-minikdc-3.4.1.jar:/home/runner/.m2/repository/org/apache/kerby/kerb-simplekdc/2.0.3/kerb-simplekdc-2.0.3.jar:/home/runner/.m2/repository/org/apache/kerby/kerb-client/2.0.3/kerb-client-2.0.3.jar:/home/runner/.m2/repository/org/apache/kerby/kerb-common/2.0.3/kerb-common-2.0.3.jar:/home/runner/.m2/repository/org/apache/kerby/token-provider/2.0.3/token-provider-2.0.3.jar:/home/runner/.m2/repository/org/apache/kerby/kerb-admin/2.0.3/kerb-admin-2.0.3.jar:/home/runner/.m2/repository/org/apache/kerby/kerb-server/2.0.3/kerb-server-2.0.3.jar:/home/runner/.m2/repository/org/apache/kerby/kerb-identity/2.0.3/kerb-identity-2.0.3.jar:/home/runner/.m2/repository/org/apache/kerby/kerby-xdr/2.0.3/kerby-xdr-2.0.3.jar:/home/runner/.m2/repository/junit/junit/4.13.2/junit-4.13.2.jar:/home/runner/.m2/repository/org/hamcrest/hamcrest-core/1.3/hamcrest-core-1.3.jar:/home/runner/work/ozone/ozone/hadoop-ozone/s3gateway/target/ozone-s3gateway-2.0.0-SNAPSHOT.jar:/home/runner/.m2/repository/org/javassist/javassist/3.30.2-GA/javassist-3.30.2-GA.jar:/home/runner/.m2/repository/org/jboss/weld/servlet/weld-servlet-shaded/3.1.9.Final/weld-servlet-shaded-3.1.9.Final.jar:/home/runner/.m2/repository/org/glassfish/jersey/core/jersey-common/2.46/jersey-common-2.46.jar:/home/runner/.m2/repository/org/glassfish/hk2/osgi-resource-locator/1.0.3/osgi-resource-locator-1.0.3.jar:/home/runner/.m2/repository/org/glassfish/jersey/ext/cdi/jersey-cdi1x/2.46/jersey-cdi1x-2.46.jar:/home/runner/.m2/repository/org/glassfish/jersey/inject/jersey-hk2/2.46/jersey-hk2-2.46.jar:/home/runner/.m2/repository/org/glassfish/hk2/hk2-locator/2.6.1/hk2-locator-2.6.1.jar:/home/runner/.m2/repository/org/glassfish/jersey/media/jersey-media-jaxb/2.46/jersey-media-jaxb-2.46.jar:/home/runner/.m2/repository/org/glassfish/hk2/hk2-api/2.6.1/hk2-api-2.6.1.jar:/home/runner/.m2/repository/org/glassfish/hk2/hk2-utils/2.6.1/hk2-utils-2.6.1.jar:/home/runner/.m2/repository/org/glassfish/hk2/external/aopalliance-repackaged/2.6.1/aopalliance-repackaged-2.6.1.jar:/home/runner/.m2/repository/com/fasterxml/jackson/dataformat/jackson-dataformat-xml/2.16.2/jackson-dataformat-xml-2.16.2.jar:/home/runner/.m2/repository/org/codehaus/woodstox/stax2-api/4.2.2/stax2-api-4.2.2.jar:/home/runner/.m2/repository/com/fasterxml/woodstox/woodstox-core/5.4.0/woodstox-core-5.4.0.jar:/home/runner/.m2/repository/com/fasterxml/jackson/module/jackson-module-jaxb-annotations/2.16.2/jackson-module-jaxb-annotations-2.16.2.jar:/home/runner/.m2/repository/javax/annotation/javax.annotation-api/1.3.2/javax.annotation-api-1.3.2.jar:/home/runner/.m2/repository/javax/enterprise/cdi-api/2.0/cdi-api-2.0.jar:/home/runner/.m2/repository/javax/el/javax.el-api/3.0.0/javax.el-api-3.0.0.jar:/home/runner/.m2/repository/javax/interceptor/javax.interceptor-api/1.2/javax.interceptor-api-1.2.jar:/home/runner/.m2/repository/org/glassfish/jaxb/jaxb-runtime/2.3.9/jaxb-runtime-2.3.9.jar:/home/runner/.m2/repository/org/glassfish/jaxb/txw2/2.3.9/txw2-2.3.9.jar:/home/runner/.m2/repository/com/sun/istack/istack-commons-runtime/3.0.12/istack-commons-runtime-3.0.12.jar:/home/runner/.m2/repository/com/sun/activation/jakarta.activation/1.2.2/jakarta.activation-1.2.2.jar:/home/runner/.m2/repository/jakarta/activation/jakarta.activation-api/1.2.2/jakarta.activation-api-1.2.2.jar:/home/runner/.m2/repository/io/grpc/grpc-protobuf/1.58.0/grpc-protobuf-1.58.0.jar:/home/runner/.m2/repository/com/google/api/grpc/proto-google-common-protos/2.22.0/proto-google-common-protos-2.22.0.jar:/home/runner/.m2/repository/io/grpc/grpc-protobuf-lite/1.58.0/grpc-protobuf-lite-1.58.0.jar:/home/runner/.m2/repository/io/opentracing/opentracing-noop/0.33.0/opentracing-noop-0.33.0.jar:/home/runner/.m2/repository/io/opentracing/opentracing-util/0.33.0/opentracing-util-0.33.0.jar:/home/runner/work/ozone/ozone/hadoop-ozone/csi/target/ozone-csi-2.0.0-SNAPSHOT.jar:/home/runner/.m2/repository/com/google/protobuf/protobuf-java-util/3.19.6/protobuf-java-util-3.19.6.jar:/home/runner/.m2/repository/io/netty/netty-transport-classes-epoll/4.1.109.Final/netty-transport-classes-epoll-4.1.109.Final.jar:/home/runner/.m2/repository/io/netty/netty-transport-native-epoll/4.1.109.Final/netty-transport-native-epoll-4.1.109.Final-linux-x86_64.jar:/home/runner/.m2/repository/io/netty/netty-transport-native-unix-common/4.1.109.Final/netty-transport-native-unix-common-4.1.109.Final.jar:/home/runner/work/ozone/ozone/hadoop-ozone/recon/target/ozone-recon-2.0.0-SNAPSHOT.jar:/home/runner/work/ozone/ozone/hadoop-ozone/recon-codegen/target/ozone-reconcodegen-2.0.0-SNAPSHOT.jar:/home/runner/.m2/repository/aopalliance/aopalliance/1.0/aopalliance-1.0.jar:/home/runner/.m2/repository/com/google/inject/guice/6.0.0/guice-6.0.0.jar:/home/runner/.m2/repository/jakarta/inject/jakarta.inject-api/2.0.1/jakarta.inject-api-2.0.1.jar:/home/runner/.m2/repository/com/google/inject/extensions/guice-assistedinject/6.0.0/guice-assistedinject-6.0.0.jar:/home/runner/.m2/repository/com/google/inject/extensions/guice-servlet/6.0.0/guice-servlet-6.0.0.jar:/home/runner/.m2/repository/org/glassfish/jersey/containers/jersey-container-servlet/2.46/jersey-container-servlet-2.46.jar:/home/runner/.m2/repository/org/glassfish/hk2/guice-bridge/2.6.1/guice-bridge-2.6.1.jar:/home/runner/.m2/repository/org/glassfish/hk2/external/jakarta.inject/2.6.1/jakarta.inject-2.6.1.jar:/home/runner/.m2/repository/org/glassfish/jersey/media/jersey-media-json-jackson/2.46/jersey-media-json-jackson-2.46.jar:/home/runner/.m2/repository/org/glassfish/jersey/ext/jersey-entity-filtering/2.46/jersey-entity-filtering-2.46.jar:/home/runner/.m2/repository/org/jooq/jooq/3.11.10/jooq-3.11.10.jar:/home/runner/.m2/repository/org/jooq/jooq-meta/3.11.10/jooq-meta-3.11.10.jar:/home/runner/.m2/repository/org/jooq/jooq-codegen/3.11.10/jooq-codegen-3.11.10.jar:/home/runner/.m2/repository/com/jolbox/bonecp/0.8.0.RELEASE/bonecp-0.8.0.RELEASE.jar:/home/runner/.m2/repository/org/apache/derby/derby/10.14.2.0/derby-10.14.2.0.jar:/home/runner/.m2/repository/org/xerial/sqlite-jdbc/3.47.2.0/sqlite-jdbc-3.47.2.0.jar:/home/runner/.m2/repository/org/springframework/spring-core/5.3.39/spring-core-5.3.39.jar:/home/runner/.m2/repository/org/springframework/spring-jdbc/5.3.39/spring-jdbc-5.3.39.jar:/home/runner/.m2/repository/org/springframework/spring-beans/5.3.39/spring-beans-5.3.39.jar:/home/runner/.m2/repository/org/springframework/spring-tx/5.3.39/spring-tx-5.3.39.jar:/home/runner/.m2/repository/jakarta/validation/jakarta.validation-api/2.0.2/jakarta.validation-api-2.0.2.jar:/home/runner/.m2/repository/javax/inject/javax.inject/1/javax.inject-1.jar:/home/runner/work/ozone/ozone/hadoop-ozone/client/target/ozone-client-2.0.0-SNAPSHOT.jar:/home/runner/work/ozone/ozone/hadoop-hdds/erasurecode/target/hdds-erasurecode-2.0.0-SNAPSHOT.jar:/home/runner/work/ozone/ozone/hadoop-ozone/ozonefs/target/ozone-filesystem-2.0.0-SNAPSHOT.jar:/home/runner/work/ozone/ozone/hadoop-ozone/ozonefs-common/target/ozone-filesystem-common-2.0.0-SNAPSHOT.jar:/home/runner/work/ozone/ozone/hadoop-ozone/tools/target/ozone-tools-2.0.0-SNAPSHOT.jar:/home/runner/.m2/repository/org/apache/ratis/ratis-tools/3.1.2/ratis-tools-3.1.2.jar:/home/runner/.m2/repository/org/apache/ratis/ratis-shell/3.1.2/ratis-shell-3.1.2.jar:/home/runner/.m2/repository/info/picocli/picocli-shell-jline3/4.7.5/picocli-shell-jline3-4.7.5.jar:/home/runner/.m2/repository/org/jline/jline/3.28.0/jline-3.28.0.jar:/home/runner/.m2/repository/com/amazonaws/aws-java-sdk-core/1.12.661/aws-java-sdk-core-1.12.661.jar:/home/runner/.m2/repository/com/fasterxml/jackson/dataformat/jackson-dataformat-cbor/2.16.2/jackson-dataformat-cbor-2.16.2.jar:/home/runner/.m2/repository/joda-time/joda-time/2.12.7/joda-time-2.12.7.jar:/home/runner/.m2/repository/com/amazonaws/aws-java-sdk-s3/1.12.661/aws-java-sdk-s3-1.12.661.jar:/home/runner/.m2/repository/com/amazonaws/aws-java-sdk-kms/1.12.661/aws-java-sdk-kms-1.12.661.jar:/home/runner/.m2/repository/com/amazonaws/jmespath-java/1.12.661/jmespath-java-1.12.661.jar:/home/runner/.m2/repository/org/kohsuke/metainf-services/metainf-services/1.11/metainf-services-1.11.jar:/home/runner/work/ozone/ozone/hadoop-hdds/tools/target/hdds-tools-2.0.0-SNAPSHOT.jar:/home/runner/.m2/repository/commons-cli/commons-cli/1.8.0/commons-cli-1.8.0.jar:/home/runner/.m2/repository/org/apache/commons/commons-lang3/3.17.0/commons-lang3-3.17.0.jar:/home/runner/work/ozone/ozone/hadoop-ozone/ozone-manager/target/ozone-manager-2.0.0-SNAPSHOT-tests.jar:/home/runner/work/ozone/ozone/hadoop-hdds/common/target/hdds-common-2.0.0-SNAPSHOT-tests.jar:/home/runner/.m2/repository/io/jaegertracing/jaeger-client/1.8.1/jaeger-client-1.8.1.jar:/home/runner/.m2/repository/io/jaegertracing/jaeger-thrift/1.8.1/jaeger-thrift-1.8.1.jar:/home/runner/.m2/repository/org/apache/thrift/libthrift/0.15.0/libthrift-0.15.0.jar:/home/runner/.m2/repository/com/squareup/okhttp3/okhttp/4.12.0/okhttp-4.12.0.jar:/home/runner/.m2/repository/com/squareup/okio/okio/3.6.0/okio-3.6.0.jar:/home/runner/.m2/repository/com/squareup/okio/okio-jvm/3.6.0/okio-jvm-3.6.0.jar:/home/runner/.m2/repository/org/jetbrains/kotlin/kotlin-stdlib-common/1.9.25/kotlin-stdlib-common-1.9.25.jar:/home/runner/.m2/repository/org/jetbrains/kotlin/kotlin-stdlib-jdk8/1.9.25/kotlin-stdlib-jdk8-1.9.25.jar:/home/runner/.m2/repository/org/jetbrains/kotlin/kotlin-stdlib-jdk7/1.9.25/kotlin-stdlib-jdk7-1.9.25.jar:/home/runner/.m2/repository/io/jaegertracing/jaeger-tracerresolver/1.8.1/jaeger-tracerresolver-1.8.1.jar:/home/runner/.m2/repository/io/opentracing/contrib/opentracing-tracerresolver/0.1.8/opentracing-tracerresolver-0.1.8.jar:/home/runner/.m2/repository/io/jaegertracing/jaeger-core/1.8.1/jaeger-core-1.8.1.jar:/home/runner/work/ozone/ozone/hadoop-hdds/annotations/target/hdds-annotation-processing-2.0.0-SNAPSHOT.jar:/home/runner/work/ozone/ozone/hadoop-hdds/hadoop-dependency-client/target/hdds-hadoop-dependency-client-2.0.0-SNAPSHOT.jar:/home/runner/.m2/repository/org/bouncycastle/bcutil-jdk18on/1.79/bcutil-jdk18on-1.79.jar:/home/runner/.m2/repository/org/jetbrains/kotlin/kotlin-stdlib/1.9.25/kotlin-stdlib-1.9.25.jar:/home/runner/.m2/repository/org/jetbrains/annotations/13.0/annotations-13.0.jar:/home/runner/.m2/repository/org/yaml/snakeyaml/2.0/snakeyaml-2.0.jar:/home/runner/.m2/repository/org/junit/platform/junit-platform-launcher/1.11.4/junit-platform-launcher-1.11.4.jar:/home/runner/.m2/repository/org/junit/platform/junit-platform-engine/1.11.4/junit-platform-engine-1.11.4.jar:/home/runner/.m2/repository/org/apiguardian/apiguardian-api/1.1.2/apiguardian-api-1.1.2.jar:/home/runner/.m2/repository/org/apache/hadoop/hadoop-kms/3.4.1/hadoop-kms-3.4.1.jar:/home/runner/.m2/repository/org/apache/hadoop/hadoop-auth/3.4.1/hadoop-auth-3.4.1.jar:/home/runner/.m2/repository/org/apache/zookeeper/zookeeper/3.8.4/zookeeper-3.8.4.jar:/home/runner/.m2/repository/org/apache/zookeeper/zookeeper-jute/3.8.4/zookeeper-jute-3.8.4.jar:/home/runner/.m2/repository/org/apache/yetus/audience-annotations/0.12.0/audience-annotations-0.12.0.jar:/home/runner/.m2/repository/org/apache/curator/curator-framework/4.2.0/curator-framework-4.2.0.jar:/home/runner/.m2/repository/org/apache/hadoop/thirdparty/hadoop-shaded-guava/1.3.0/hadoop-shaded-guava-1.3.0.jar:/home/runner/.m2/repository/com/sun/jersey/jersey-core/1.19.4/jersey-core-1.19.4.jar:/home/runner/.m2/repository/javax/ws/rs/jsr311-api/1.1.1/jsr311-api-1.1.1.jar:/home/runner/.m2/repository/com/sun/jersey/jersey-server/1.19.4/jersey-server-1.19.4.jar:/home/runner/.m2/repository/org/apache/hadoop/hadoop-common/3.4.1/hadoop-common-3.4.1.jar:/home/runner/.m2/repository/org/apache/commons/commons-math3/3.6.1/commons-math3-3.6.1.jar:/home/runner/.m2/repository/commons-net/commons-net/3.11.1/commons-net-3.11.1.jar:/home/runner/.m2/repository/com/github/pjfanning/jersey-json/1.22.0/jersey-json-1.22.0.jar:/home/runner/.m2/repository/com/sun/xml/bind/jaxb-impl/2.2.3-1/jaxb-impl-2.2.3-1.jar:/home/runner/.m2/repository/org/codehaus/jettison/jettison/1.5.4/jettison-1.5.4.jar:/home/runner/.m2/repository/com/google/re2j/re2j/1.7/re2j-1.7.jar:/home/runner/.m2/repository/com/jcraft/jsch/0.1.55/jsch-0.1.55.jar:/home/runner/.m2/repository/org/apache/curator/curator-client/4.2.0/curator-client-4.2.0.jar:/home/runner/.m2/repository/org/apache/curator/curator-recipes/5.2.0/curator-recipes-5.2.0.jar:/home/runner/.m2/repository/com/google/code/findbugs/jsr305/3.0.2/jsr305-3.0.2.jar:/home/runner/.m2/repository/io/netty/netty-transport-native-epoll/4.1.109.Final/netty-transport-native-epoll-4.1.109.Final.jar:/home/runner/.m2/repository/dnsjava/dnsjava/3.6.1/dnsjava-3.6.1.jar:/home/runner/.m2/repository/org/apache/hadoop/hadoop-kms/3.4.1/hadoop-kms-3.4.1-tests.jar:/home/runner/work/ozone/ozone/hadoop-hdds/server-scm/target/hdds-server-scm-2.0.0-SNAPSHOT-tests.jar:/home/runner/work/ozone/ozone/hadoop-hdds/container-service/target/hdds-container-service-2.0.0-SNAPSHOT-tests.jar:/home/runner/.m2/repository/com/github/luben/zstd-jni/1.5.6-9/zstd-jni-1.5.6-9.jar:/home/runner/.m2/repository/io/netty/netty-buffer/4.1.109.Final/netty-buffer-4.1.109.Final.jar:/home/runner/.m2/repository/io/netty/netty-codec/4.1.109.Final/netty-codec-4.1.109.Final.jar:/home/runner/work/ozone/ozone/hadoop-hdds/hadoop-dependency-test/target/hdds-hadoop-dependency-test-2.0.0-SNAPSHOT.jar:/home/runner/.m2/repository/org/apache/hadoop/hadoop-common/3.4.1/hadoop-common-3.4.1-tests.jar:/home/runner/.m2/repository/org/apache/hadoop/hadoop-hdfs/3.4.1/hadoop-hdfs-3.4.1-tests.jar:/home/runner/.m2/repository/org/junit/jupiter/junit-jupiter-engine/5.11.4/junit-jupiter-engine-5.11.4.jar:/home/runner/.m2/repository/org/junit/jupiter/junit-jupiter-params/5.11.4/junit-jupiter-params-5.11.4.jar:/home/runner/.m2/repository/org/mockito/mockito-core/4.11.0/mockito-core-4.11.0.jar:/home/runner/.m2/repository/net/bytebuddy/byte-buddy-agent/1.12.19/byte-buddy-agent-1.12.19.jar:/home/runner/.m2/repository/org/objenesis/objenesis/3.3/objenesis-3.3.jar:/home/runner/.m2/repository/org/mockito/mockito-inline/4.11.0/mockito-inline-4.11.0.jar:/home/runner/.m2/repository/org/mockito/mockito-junit-jupiter/4.11.0/mockito-junit-jupiter-4.11.0.jar:/home/runner/.m2/repository/org/apache/hadoop/hadoop-distcp/3.4.1/hadoop-distcp-3.4.1.jar:/home/runner/.m2/repository/org/apache/hadoop/hadoop-mapreduce-client-jobclient/3.4.1/hadoop-mapreduce-client-jobclient-3.4.1.jar:/home/runner/.m2/repository/org/apache/hadoop/hadoop-mapreduce-client-common/3.4.1/hadoop-mapreduce-client-common-3.4.1.jar:/home/runner/.m2/repository/org/apache/hadoop/hadoop-yarn-common/3.4.1/hadoop-yarn-common-3.4.1.jar:/home/runner/.m2/repository/org/apache/hadoop/hadoop-yarn-api/3.4.1/hadoop-yarn-api-3.4.1.jar:/home/runner/.m2/repository/javax/xml/bind/jaxb-api/2.2.11/jaxb-api-2.2.11.jar:/home/runner/.m2/repository/com/sun/jersey/contribs/jersey-guice/1.19.4/jersey-guice-1.19.4.jar:/home/runner/.m2/repository/com/fasterxml/jackson/jaxrs/jackson-jaxrs-json-provider/2.16.2/jackson-jaxrs-json-provider-2.16.2.jar:/home/runner/.m2/repository/com/fasterxml/jackson/jaxrs/jackson-jaxrs-base/2.16.2/jackson-jaxrs-base-2.16.2.jar:/home/runner/.m2/repository/org/apache/hadoop/hadoop-yarn-client/3.4.1/hadoop-yarn-client-3.4.1.jar:/home/runner/.m2/repository/org/eclipse/jetty/websocket/websocket-client/9.4.53.v20231009/websocket-client-9.4.53.v20231009.jar:/home/runner/.m2/repository/org/eclipse/jetty/websocket/websocket-common/9.4.53.v20231009/websocket-common-9.4.53.v20231009.jar:/home/runner/.m2/repository/org/eclipse/jetty/websocket/websocket-api/9.4.53.v20231009/websocket-api-9.4.53.v20231009.jar:/home/runner/.m2/repository/org/apache/hadoop/hadoop-mapreduce-client-core/3.4.1/hadoop-mapreduce-client-core-3.4.1.jar:/home/runner/.m2/repository/org/apache/avro/avro/1.9.2/avro-1.9.2.jar:/home/runner/.m2/repository/org/apache/hadoop/hadoop-annotations/3.4.1/hadoop-annotations-3.4.1.jar:/home/runner/.m2/repository/io/netty/netty-all/4.1.109.Final/netty-all-4.1.109.Final.jar:/home/runner/.m2/repository/io/netty/netty-codec-dns/4.1.109.Final/netty-codec-dns-4.1.109.Final.jar:/home/runner/.m2/repository/io/netty/netty-codec-haproxy/4.1.109.Final/netty-codec-haproxy-4.1.109.Final.jar:/home/runner/.m2/repository/io/netty/netty-codec-memcache/4.1.109.Final/netty-codec-memcache-4.1.109.Final.jar:/home/runner/.m2/repository/io/netty/netty-codec-mqtt/4.1.109.Final/netty-codec-mqtt-4.1.109.Final.jar:/home/runner/.m2/repository/io/netty/netty-codec-redis/4.1.109.Final/netty-codec-redis-4.1.109.Final.jar:/home/runner/.m2/repository/io/netty/netty-codec-smtp/4.1.109.Final/netty-codec-smtp-4.1.109.Final.jar:/home/runner/.m2/repository/io/netty/netty-codec-stomp/4.1.109.Final/netty-codec-stomp-4.1.109.Final.jar:/home/runner/.m2/repository/io/netty/netty-codec-xml/4.1.109.Final/netty-codec-xml-4.1.109.Final.jar:/home/runner/.m2/repository/io/netty/netty-handler-ssl-ocsp/4.1.109.Final/netty-handler-ssl-ocsp-4.1.109.Final.jar:/home/runner/.m2/repository/io/netty/netty-resolver-dns/4.1.109.Final/netty-resolver-dns-4.1.109.Final.jar:/home/runner/.m2/repository/io/netty/netty-transport-rxtx/4.1.109.Final/netty-transport-rxtx-4.1.109.Final.jar:/home/runner/.m2/repository/io/netty/netty-transport-sctp/4.1.109.Final/netty-transport-sctp-4.1.109.Final.jar:/home/runner/.m2/repository/io/netty/netty-transport-udt/4.1.109.Final/netty-transport-udt-4.1.109.Final.jar:/home/runner/.m2/repository/io/netty/netty-transport-classes-kqueue/4.1.109.Final/netty-transport-classes-kqueue-4.1.109.Final.jar:/home/runner/.m2/repository/io/netty/netty-resolver-dns-classes-macos/4.1.109.Final/netty-resolver-dns-classes-macos-4.1.109.Final.jar:/home/runner/.m2/repository/io/netty/netty-transport-native-epoll/4.1.109.Final/netty-transport-native-epoll-4.1.109.Final-linux-aarch_64.jar:/home/runner/.m2/repository/io/netty/netty-transport-native-epoll/4.1.109.Final/netty-transport-native-epoll-4.1.109.Final-linux-riscv64.jar:/home/runner/.m2/repository/io/netty/netty-transport-native-kqueue/4.1.109.Final/netty-transport-native-kqueue-4.1.109.Final-osx-x86_64.jar:/home/runner/.m2/repository/io/netty/netty-transport-native-kqueue/4.1.109.Final/netty-transport-native-kqueue-4.1.109.Final-osx-aarch_64.jar:/home/runner/.m2/repository/io/netty/netty-resolver-dns-native-macos/4.1.109.Final/netty-resolver-dns-native-macos-4.1.109.Final-osx-x86_64.jar:/home/runner/.m2/repository/io/netty/netty-resolver-dns-native-macos/4.1.109.Final/netty-resolver-dns-native-macos-4.1.109.Final-osx-aarch_64.jar:/home/runner/.m2/repository/org/apache/hadoop/hadoop-distcp/3.4.1/hadoop-distcp-3.4.1-tests.jar:/home/runner/.m2/repository/org/apache/ratis/ratis-server/3.1.2/ratis-server-3.1.2.jar:/home/runner/.m2/repository/org/hamcrest/hamcrest/2.2/hamcrest-2.2.jar:/home/runner/.m2/repository/org/slf4j/jul-to-slf4j/2.0.16/jul-to-slf4j-2.0.16.jar:/home/runner/.m2/repository/org/assertj/assertj-core/3.27.2/assertj-core-3.27.2.jar:/home/runner/.m2/repository/net/bytebuddy/byte-buddy/1.15.11/byte-buddy-1.15.11.jar:/home/runner/work/ozone/ozone/hadoop-ozone/integration-test/target/gradle-enterprise/test-listeners.jar:"/>
    <property name="java.vm.vendor" value="Eclipse Adoptium"/>
    <property name="sun.arch.data.model" value="64"/>
    <property name="test.build.dir" value="/home/runner/work/ozone/ozone/hadoop-ozone/integration-test/target/test-dir"/>
    <property name="test.cache.data" value=""/>
    <property name="java.vendor.url" value="https://adoptium.net/"/>
    <property name="user.timezone" value="Etc/UTC"/>
    <property name="maven-surefire-plugin.argLineAccessArgs" value=" --add-opens java.management/com.sun.jmx.mbeanserver=ALL-UNNAMED --add-exports java.management/com.sun.jmx.mbeanserver=ALL-UNNAMED --add-opens java.base/java.nio=ALL-UNNAMED --add-opens java.base/java.lang=ALL-UNNAMED --add-opens java.base/java.lang.reflect=ALL-UNNAMED"/>
    <property name="os.name" value="Linux"/>
    <property name="java.vm.specification.version" value="21"/>
    <property name="test.build.data" value="/home/runner/work/ozone/ozone/hadoop-ozone/integration-test/target/test-dir"/>
    <property name="sun.java.launcher" value="SUN_STANDARD"/>
    <property name="sun.boot.library.path" value="/usr/lib/jvm/temurin-21-jdk-amd64/lib"/>
    <property name="sun.java.command" value="/home/runner/work/ozone/ozone/hadoop-ozone/integration-test/target/surefire/surefirebooter12337681660670467699.jar /home/runner/work/ozone/ozone/hadoop-ozone/integration-test/target/surefire 2025-01-11T19-46-43_075-jvmRun1 surefire11972977010678666643tmp surefire_16111993839189388801022tmp"/>
    <property name="jdk.debug" value="release"/>
    <property name="native.lib.tmp.dir" value="/tmp"/>
    <property name="surefire.test.class.path" value="/home/runner/work/ozone/ozone/hadoop-ozone/integration-test/target/test-classes:/home/runner/work/ozone/ozone/hadoop-ozone/integration-test/target/classes:/home/runner/work/ozone/ozone/hadoop-ozone/common/target/ozone-common-2.0.0-SNAPSHOT.jar:/home/runner/.m2/repository/io/grpc/grpc-netty/1.58.0/grpc-netty-1.58.0.jar:/home/runner/.m2/repository/io/grpc/grpc-core/1.58.0/grpc-core-1.58.0.jar:/home/runner/.m2/repository/com/google/android/annotations/4.1.1.4/annotations-4.1.1.4.jar:/home/runner/.m2/repository/org/codehaus/mojo/animal-sniffer-annotations/1.23/animal-sniffer-annotations-1.23.jar:/home/runner/.m2/repository/io/grpc/grpc-context/1.58.0/grpc-context-1.58.0.jar:/home/runner/.m2/repository/io/grpc/grpc-util/1.58.0/grpc-util-1.58.0.jar:/home/runner/.m2/repository/com/google/errorprone/error_prone_annotations/2.29.2/error_prone_annotations-2.29.2.jar:/home/runner/.m2/repository/io/perfmark/perfmark-api/0.26.0/perfmark-api-0.26.0.jar:/home/runner/.m2/repository/io/netty/netty-codec-http2/4.1.109.Final/netty-codec-http2-4.1.109.Final.jar:/home/runner/.m2/repository/io/netty/netty-codec-http/4.1.109.Final/netty-codec-http-4.1.109.Final.jar:/home/runner/.m2/repository/io/netty/netty-handler-proxy/4.1.109.Final/netty-handler-proxy-4.1.109.Final.jar:/home/runner/.m2/repository/io/netty/netty-codec-socks/4.1.109.Final/netty-codec-socks-4.1.109.Final.jar:/home/runner/.m2/repository/io/netty/netty-tcnative-boringssl-static/2.0.65.Final/netty-tcnative-boringssl-static-2.0.65.Final.jar:/home/runner/.m2/repository/io/netty/netty-tcnative-classes/2.0.65.Final/netty-tcnative-classes-2.0.65.Final.jar:/home/runner/.m2/repository/io/netty/netty-tcnative-boringssl-static/2.0.65.Final/netty-tcnative-boringssl-static-2.0.65.Final-linux-x86_64.jar:/home/runner/.m2/repository/io/netty/netty-tcnative-boringssl-static/2.0.65.Final/netty-tcnative-boringssl-static-2.0.65.Final-linux-aarch_64.jar:/home/runner/.m2/repository/io/netty/netty-tcnative-boringssl-static/2.0.65.Final/netty-tcnative-boringssl-static-2.0.65.Final-osx-x86_64.jar:/home/runner/.m2/repository/io/netty/netty-tcnative-boringssl-static/2.0.65.Final/netty-tcnative-boringssl-static-2.0.65.Final-osx-aarch_64.jar:/home/runner/.m2/repository/io/netty/netty-tcnative-boringssl-static/2.0.65.Final/netty-tcnative-boringssl-static-2.0.65.Final-windows-x86_64.jar:/home/runner/.m2/repository/org/apache/commons/commons-compress/1.27.1/commons-compress-1.27.1.jar:/home/runner/work/ozone/ozone/hadoop-hdds/common/target/hdds-common-2.0.0-SNAPSHOT.jar:/home/runner/work/ozone/ozone/hadoop-hdds/client/target/hdds-client-2.0.0-SNAPSHOT.jar:/home/runner/work/ozone/ozone/hadoop-hdds/config/target/hdds-config-2.0.0-SNAPSHOT.jar:/home/runner/work/ozone/ozone/hadoop-hdds/interface-client/target/hdds-interface-client-2.0.0-SNAPSHOT.jar:/home/runner/.m2/repository/org/apache/hadoop/thirdparty/hadoop-shaded-protobuf_3_25/1.3.0/hadoop-shaded-protobuf_3_25-1.3.0.jar:/home/runner/work/ozone/ozone/hadoop-ozone/interface-client/target/ozone-interface-client-2.0.0-SNAPSHOT.jar:/home/runner/.m2/repository/org/apache/hadoop/hadoop-hdfs-client/3.4.1/hadoop-hdfs-client-3.4.1.jar:/home/runner/.m2/repository/org/apache/httpcomponents/httpclient/4.5.14/httpclient-4.5.14.jar:/home/runner/.m2/repository/org/apache/httpcomponents/httpcore/4.4.16/httpcore-4.4.16.jar:/home/runner/.m2/repository/org/apache/ratis/ratis-common/3.1.2/ratis-common-3.1.2.jar:/home/runner/.m2/repository/org/apache/ratis/ratis-proto/3.1.2/ratis-proto-3.1.2.jar:/home/runner/.m2/repository/org/apache/ratis/ratis-thirdparty-misc/1.0.6/ratis-thirdparty-misc-1.0.6.jar:/home/runner/.m2/repository/org/slf4j/slf4j-api/2.0.16/slf4j-api-2.0.16.jar:/home/runner/.m2/repository/com/fasterxml/jackson/core/jackson-annotations/2.16.2/jackson-annotations-2.16.2.jar:/home/runner/.m2/repository/com/fasterxml/jackson/core/jackson-databind/2.16.2/jackson-databind-2.16.2.jar:/home/runner/.m2/repository/com/github/stephenc/jcip/jcip-annotations/1.0-1/jcip-annotations-1.0-1.jar:/home/runner/.m2/repository/com/google/guava/guava/32.1.3-jre/guava-32.1.3-jre.jar:/home/runner/.m2/repository/com/google/guava/failureaccess/1.0.1/failureaccess-1.0.1.jar:/home/runner/.m2/repository/com/google/guava/listenablefuture/9999.0-empty-to-avoid-conflict-with-guava/listenablefuture-9999.0-empty-to-avoid-conflict-with-guava.jar:/home/runner/.m2/repository/org/checkerframework/checker-qual/3.37.0/checker-qual-3.37.0.jar:/home/runner/.m2/repository/com/google/j2objc/j2objc-annotations/2.8/j2objc-annotations-2.8.jar:/home/runner/.m2/repository/com/google/protobuf/protobuf-java/2.5.0/protobuf-java-2.5.0.jar:/home/runner/.m2/repository/io/grpc/grpc-api/1.58.0/grpc-api-1.58.0.jar:/home/runner/.m2/repository/io/grpc/grpc-stub/1.58.0/grpc-stub-1.58.0.jar:/home/runner/.m2/repository/io/netty/netty-common/4.1.109.Final/netty-common-4.1.109.Final.jar:/home/runner/.m2/repository/io/netty/netty-handler/4.1.109.Final/netty-handler-4.1.109.Final.jar:/home/runner/.m2/repository/io/netty/netty-resolver/4.1.109.Final/netty-resolver-4.1.109.Final.jar:/home/runner/.m2/repository/jakarta/annotation/jakarta.annotation-api/2.1.1/jakarta.annotation-api-2.1.1.jar:/home/runner/work/ozone/ozone/hadoop-hdds/test-utils/target/hdds-test-utils-2.0.0-SNAPSHOT.jar:/home/runner/.m2/repository/commons-io/commons-io/2.18.0/commons-io-2.18.0.jar:/home/runner/.m2/repository/commons-logging/commons-logging/1.2/commons-logging-1.2.jar:/home/runner/.m2/repository/org/junit/jupiter/junit-jupiter-api/5.11.4/junit-jupiter-api-5.11.4.jar:/home/runner/.m2/repository/org/opentest4j/opentest4j/1.3.0/opentest4j-1.3.0.jar:/home/runner/.m2/repository/org/junit/platform/junit-platform-commons/1.11.4/junit-platform-commons-1.11.4.jar:/home/runner/.m2/repository/ch/qos/reload4j/reload4j/1.2.26/reload4j-1.2.26.jar:/home/runner/.m2/repository/org/apache/logging/log4j/log4j-api/2.24.2/log4j-api-2.24.2.jar:/home/runner/work/ozone/ozone/hadoop-hdds/server-scm/target/hdds-server-scm-2.0.0-SNAPSHOT.jar:/home/runner/work/ozone/ozone/hadoop-hdds/container-service/target/hdds-container-service-2.0.0-SNAPSHOT.jar:/home/runner/work/ozone/ozone/hadoop-hdds/hadoop-dependency-server/target/hdds-hadoop-dependency-server-2.0.0-SNAPSHOT.jar:/home/runner/.m2/repository/com/nimbusds/nimbus-jose-jwt/9.40/nimbus-jose-jwt-9.40.jar:/home/runner/.m2/repository/org/apache/hadoop/hadoop-hdfs/3.4.1/hadoop-hdfs-3.4.1.jar:/home/runner/.m2/repository/commons-daemon/commons-daemon/1.4.0/commons-daemon-1.4.0.jar:/home/runner/.m2/repository/org/apache/kerby/kerb-core/1.0.1/kerb-core-1.0.1.jar:/home/runner/.m2/repository/org/apache/kerby/kerby-pkix/1.0.1/kerby-pkix-1.0.1.jar:/home/runner/.m2/repository/org/apache/kerby/kerby-asn1/1.0.1/kerby-asn1-1.0.1.jar:/home/runner/.m2/repository/org/apache/kerby/kerb-util/1.0.1/kerb-util-1.0.1.jar:/home/runner/.m2/repository/org/apache/kerby/kerby-config/1.0.1/kerby-config-1.0.1.jar:/home/runner/.m2/repository/org/apache/kerby/kerb-crypto/1.0.1/kerb-crypto-1.0.1.jar:/home/runner/.m2/repository/org/xerial/snappy/snappy-java/1.1.10.7/snappy-java-1.1.10.7.jar:/home/runner/work/ozone/ozone/hadoop-hdds/interface-admin/target/hdds-interface-admin-2.0.0-SNAPSHOT.jar:/home/runner/work/ozone/ozone/hadoop-hdds/interface-server/target/hdds-interface-server-2.0.0-SNAPSHOT.jar:/home/runner/work/ozone/ozone/hadoop-hdds/framework/target/hdds-server-framework-2.0.0-SNAPSHOT.jar:/home/runner/.m2/repository/org/apache/ratis/ratis-client/3.1.2/ratis-client-3.1.2.jar:/home/runner/.m2/repository/org/apache/ratis/ratis-grpc/3.1.2/ratis-grpc-3.1.2.jar:/home/runner/.m2/repository/org/apache/ratis/ratis-netty/3.1.2/ratis-netty-3.1.2.jar:/home/runner/.m2/repository/org/apache/ratis/ratis-server-api/3.1.2/ratis-server-api-3.1.2.jar:/home/runner/.m2/repository/org/bouncycastle/bcpkix-jdk18on/1.79/bcpkix-jdk18on-1.79.jar:/home/runner/.m2/repository/org/bouncycastle/bcprov-jdk18on/1.79/bcprov-jdk18on-1.79.jar:/home/runner/.m2/repository/io/dropwizard/metrics/metrics-core/3.2.6/metrics-core-3.2.6.jar:/home/runner/.m2/repository/org/apache/commons/commons-text/1.12.0/commons-text-1.12.0.jar:/home/runner/.m2/repository/org/eclipse/jetty/jetty-webapp/9.4.57.v20241219/jetty-webapp-9.4.57.v20241219.jar:/home/runner/.m2/repository/org/eclipse/jetty/jetty-xml/9.4.57.v20241219/jetty-xml-9.4.57.v20241219.jar:/home/runner/.m2/repository/com/fasterxml/jackson/core/jackson-core/2.16.2/jackson-core-2.16.2.jar:/home/runner/.m2/repository/info/picocli/picocli/4.7.5/picocli-4.7.5.jar:/home/runner/.m2/repository/javax/servlet/javax.servlet-api/3.1.0/javax.servlet-api-3.1.0.jar:/home/runner/.m2/repository/commons-collections/commons-collections/3.2.2/commons-collections-3.2.2.jar:/home/runner/work/ozone/ozone/hadoop-hdds/framework/target/hdds-server-framework-2.0.0-SNAPSHOT-tests.jar:/home/runner/.m2/repository/com/fasterxml/jackson/datatype/jackson-datatype-jsr310/2.16.2/jackson-datatype-jsr310-2.16.2.jar:/home/runner/.m2/repository/com/github/jnr/jnr-constants/0.10.4/jnr-constants-0.10.4.jar:/home/runner/.m2/repository/com/github/jnr/jnr-posix/3.1.20/jnr-posix-3.1.20.jar:/home/runner/.m2/repository/com/github/jnr/jnr-ffi/2.2.17/jnr-ffi-2.2.17.jar:/home/runner/.m2/repository/com/github/jnr/jffi/1.3.13/jffi-1.3.13.jar:/home/runner/.m2/repository/com/github/jnr/jffi/1.3.13/jffi-1.3.13-native.jar:/home/runner/.m2/repository/org/ow2/asm/asm/9.7.1/asm-9.7.1.jar:/home/runner/.m2/repository/org/ow2/asm/asm-commons/9.7.1/asm-commons-9.7.1.jar:/home/runner/.m2/repository/org/ow2/asm/asm-analysis/9.7.1/asm-analysis-9.7.1.jar:/home/runner/.m2/repository/org/ow2/asm/asm-tree/9.7.1/asm-tree-9.7.1.jar:/home/runner/.m2/repository/org/ow2/asm/asm-util/9.7.1/asm-util-9.7.1.jar:/home/runner/.m2/repository/com/github/jnr/jnr-a64asm/1.0.0/jnr-a64asm-1.0.0.jar:/home/runner/.m2/repository/com/github/jnr/jnr-x86asm/1.0.2/jnr-x86asm-1.0.2.jar:/home/runner/.m2/repository/com/google/code/gson/gson/2.10.1/gson-2.10.1.jar:/home/runner/.m2/repository/commons-codec/commons-codec/1.17.1/commons-codec-1.17.1.jar:/home/runner/.m2/repository/commons-fileupload/commons-fileupload/1.5/commons-fileupload-1.5.jar:/home/runner/.m2/repository/commons-validator/commons-validator/1.6/commons-validator-1.6.jar:/home/runner/.m2/repository/commons-beanutils/commons-beanutils/1.9.4/commons-beanutils-1.9.4.jar:/home/runner/.m2/repository/commons-digester/commons-digester/1.8.1/commons-digester-1.8.1.jar:/home/runner/.m2/repository/io/opentracing/opentracing-api/0.33.0/opentracing-api-0.33.0.jar:/home/runner/.m2/repository/io/prometheus/simpleclient/0.16.0/simpleclient-0.16.0.jar:/home/runner/.m2/repository/io/prometheus/simpleclient_common/0.16.0/simpleclient_common-0.16.0.jar:/home/runner/.m2/repository/io/prometheus/simpleclient_dropwizard/0.16.0/simpleclient_dropwizard-0.16.0.jar:/home/runner/.m2/repository/jakarta/ws/rs/jakarta.ws.rs-api/2.1.6/jakarta.ws.rs-api-2.1.6.jar:/home/runner/.m2/repository/org/apache/commons/commons-configuration2/2.11.0/commons-configuration2-2.11.0.jar:/home/runner/.m2/repository/org/apache/logging/log4j/log4j-core/2.24.2/log4j-core-2.24.2.jar:/home/runner/work/ozone/ozone/hadoop-hdds/managed-rocksdb/target/hdds-managed-rocksdb-2.0.0-SNAPSHOT.jar:/home/runner/work/ozone/ozone/hadoop-hdds/rocksdb-checkpoint-differ/target/rocksdb-checkpoint-differ-2.0.0-SNAPSHOT.jar:/home/runner/.m2/repository/org/jgrapht/jgrapht-core/1.4.0/jgrapht-core-1.4.0.jar:/home/runner/.m2/repository/org/jheaps/jheaps/0.11/jheaps-0.11.jar:/home/runner/.m2/repository/org/jgrapht/jgrapht-ext/1.4.0/jgrapht-ext-1.4.0.jar:/home/runner/.m2/repository/com/github/vlsi/mxgraph/jgraphx/3.9.12/jgraphx-3.9.12.jar:/home/runner/.m2/repository/org/apache/ratis/ratis-metrics-api/3.1.2/ratis-metrics-api-3.1.2.jar:/home/runner/.m2/repository/org/apache/ratis/ratis-metrics-dropwizard3/3.1.2/ratis-metrics-dropwizard3-3.1.2.jar:/home/runner/.m2/repository/org/eclipse/jetty/jetty-http/9.4.57.v20241219/jetty-http-9.4.57.v20241219.jar:/home/runner/.m2/repository/org/eclipse/jetty/jetty-io/9.4.57.v20241219/jetty-io-9.4.57.v20241219.jar:/home/runner/.m2/repository/org/eclipse/jetty/jetty-server/9.4.57.v20241219/jetty-server-9.4.57.v20241219.jar:/home/runner/.m2/repository/org/eclipse/jetty/jetty-servlet/9.4.57.v20241219/jetty-servlet-9.4.57.v20241219.jar:/home/runner/.m2/repository/org/eclipse/jetty/jetty-security/9.4.57.v20241219/jetty-security-9.4.57.v20241219.jar:/home/runner/.m2/repository/org/eclipse/jetty/jetty-util-ajax/9.4.57.v20241219/jetty-util-ajax-9.4.57.v20241219.jar:/home/runner/.m2/repository/org/eclipse/jetty/jetty-util/9.4.57.v20241219/jetty-util-9.4.57.v20241219.jar:/home/runner/.m2/repository/org/glassfish/jersey/containers/jersey-container-servlet-core/2.46/jersey-container-servlet-core-2.46.jar:/home/runner/.m2/repository/org/glassfish/jersey/core/jersey-server/2.46/jersey-server-2.46.jar:/home/runner/.m2/repository/org/glassfish/jersey/core/jersey-client/2.46/jersey-client-2.46.jar:/home/runner/.m2/repository/org/rocksdb/rocksdbjni/7.7.3/rocksdbjni-7.7.3.jar:/home/runner/.m2/repository/org/slf4j/slf4j-reload4j/2.0.16/slf4j-reload4j-2.0.16.jar:/home/runner/.m2/repository/com/lmax/disruptor/3.4.4/disruptor-3.4.4.jar:/home/runner/work/ozone/ozone/hadoop-ozone/ozone-manager/target/ozone-manager-2.0.0-SNAPSHOT.jar:/home/runner/.m2/repository/org/aspectj/aspectjrt/1.9.7/aspectjrt-1.9.7.jar:/home/runner/.m2/repository/org/aspectj/aspectjweaver/1.9.7/aspectjweaver-1.9.7.jar:/home/runner/work/ozone/ozone/hadoop-ozone/interface-storage/target/ozone-interface-storage-2.0.0-SNAPSHOT.jar:/home/runner/.m2/repository/org/apache/kerby/kerby-util/1.0.1/kerby-util-1.0.1.jar:/home/runner/.m2/repository/io/netty/netty-transport/4.1.109.Final/netty-transport-4.1.109.Final.jar:/home/runner/.m2/repository/org/reflections/reflections/0.10.2/reflections-0.10.2.jar:/home/runner/.m2/repository/com/sun/jersey/jersey-client/1.19.4/jersey-client-1.19.4.jar:/home/runner/.m2/repository/jakarta/xml/bind/jakarta.xml.bind-api/2.3.3/jakarta.xml.bind-api-2.3.3.jar:/home/runner/.m2/repository/org/codehaus/jackson/jackson-core-asl/1.9.13/jackson-core-asl-1.9.13.jar:/home/runner/.m2/repository/org/codehaus/jackson/jackson-mapper-asl/1.9.13/jackson-mapper-asl-1.9.13.jar:/home/runner/.m2/repository/org/codehaus/jackson/jackson-jaxrs/1.9.13/jackson-jaxrs-1.9.13.jar:/home/runner/.m2/repository/org/apache/ranger/ranger-plugins-common/2.3.0/ranger-plugins-common-2.3.0.jar:/home/runner/.m2/repository/commons-lang/commons-lang/2.6/commons-lang-2.6.jar:/home/runner/.m2/repository/org/apache/ranger/ranger-plugins-cred/2.3.0/ranger-plugins-cred-2.3.0.jar:/home/runner/.m2/repository/org/apache/ranger/ranger-plugins-audit/2.3.0/ranger-plugins-audit-2.3.0.jar:/home/runner/.m2/repository/org/eclipse/jetty/jetty-client/9.4.57.v20241219/jetty-client-9.4.57.v20241219.jar:/home/runner/.m2/repository/org/apache/httpcomponents/httpmime/4.5.6/httpmime-4.5.6.jar:/home/runner/.m2/repository/org/apache/httpcomponents/httpcore-nio/4.4.16/httpcore-nio-4.4.16.jar:/home/runner/.m2/repository/org/apache/httpcomponents/httpasyncclient/4.1.3/httpasyncclient-4.1.3.jar:/home/runner/.m2/repository/com/carrotsearch/hppc/0.8.0/hppc-0.8.0.jar:/home/runner/.m2/repository/org/apache/orc/orc-core/1.5.8/orc-core-1.5.8.jar:/home/runner/.m2/repository/net/java/dev/jna/jna/5.2.0/jna-5.2.0.jar:/home/runner/.m2/repository/net/java/dev/jna/jna-platform/5.2.0/jna-platform-5.2.0.jar:/home/runner/.m2/repository/com/kstruct/gethostname4j/0.0.2/gethostname4j-0.0.2.jar:/home/runner/.m2/repository/org/apache/ranger/ranger-plugin-classloader/2.3.0/ranger-plugin-classloader-2.3.0.jar:/home/runner/.m2/repository/org/apache/ranger/ranger-intg/2.3.0/ranger-intg-2.3.0.jar:/home/runner/work/ozone/ozone/hadoop-hdds/rocks-native/target/hdds-rocks-native-2.0.0-SNAPSHOT.jar:/home/runner/.m2/repository/org/apache/hadoop/hadoop-minikdc/3.4.1/hadoop-minikdc-3.4.1.jar:/home/runner/.m2/repository/org/apache/kerby/kerb-simplekdc/2.0.3/kerb-simplekdc-2.0.3.jar:/home/runner/.m2/repository/org/apache/kerby/kerb-client/2.0.3/kerb-client-2.0.3.jar:/home/runner/.m2/repository/org/apache/kerby/kerb-common/2.0.3/kerb-common-2.0.3.jar:/home/runner/.m2/repository/org/apache/kerby/token-provider/2.0.3/token-provider-2.0.3.jar:/home/runner/.m2/repository/org/apache/kerby/kerb-admin/2.0.3/kerb-admin-2.0.3.jar:/home/runner/.m2/repository/org/apache/kerby/kerb-server/2.0.3/kerb-server-2.0.3.jar:/home/runner/.m2/repository/org/apache/kerby/kerb-identity/2.0.3/kerb-identity-2.0.3.jar:/home/runner/.m2/repository/org/apache/kerby/kerby-xdr/2.0.3/kerby-xdr-2.0.3.jar:/home/runner/.m2/repository/junit/junit/4.13.2/junit-4.13.2.jar:/home/runner/.m2/repository/org/hamcrest/hamcrest-core/1.3/hamcrest-core-1.3.jar:/home/runner/work/ozone/ozone/hadoop-ozone/s3gateway/target/ozone-s3gateway-2.0.0-SNAPSHOT.jar:/home/runner/.m2/repository/org/javassist/javassist/3.30.2-GA/javassist-3.30.2-GA.jar:/home/runner/.m2/repository/org/jboss/weld/servlet/weld-servlet-shaded/3.1.9.Final/weld-servlet-shaded-3.1.9.Final.jar:/home/runner/.m2/repository/org/glassfish/jersey/core/jersey-common/2.46/jersey-common-2.46.jar:/home/runner/.m2/repository/org/glassfish/hk2/osgi-resource-locator/1.0.3/osgi-resource-locator-1.0.3.jar:/home/runner/.m2/repository/org/glassfish/jersey/ext/cdi/jersey-cdi1x/2.46/jersey-cdi1x-2.46.jar:/home/runner/.m2/repository/org/glassfish/jersey/inject/jersey-hk2/2.46/jersey-hk2-2.46.jar:/home/runner/.m2/repository/org/glassfish/hk2/hk2-locator/2.6.1/hk2-locator-2.6.1.jar:/home/runner/.m2/repository/org/glassfish/jersey/media/jersey-media-jaxb/2.46/jersey-media-jaxb-2.46.jar:/home/runner/.m2/repository/org/glassfish/hk2/hk2-api/2.6.1/hk2-api-2.6.1.jar:/home/runner/.m2/repository/org/glassfish/hk2/hk2-utils/2.6.1/hk2-utils-2.6.1.jar:/home/runner/.m2/repository/org/glassfish/hk2/external/aopalliance-repackaged/2.6.1/aopalliance-repackaged-2.6.1.jar:/home/runner/.m2/repository/com/fasterxml/jackson/dataformat/jackson-dataformat-xml/2.16.2/jackson-dataformat-xml-2.16.2.jar:/home/runner/.m2/repository/org/codehaus/woodstox/stax2-api/4.2.2/stax2-api-4.2.2.jar:/home/runner/.m2/repository/com/fasterxml/woodstox/woodstox-core/5.4.0/woodstox-core-5.4.0.jar:/home/runner/.m2/repository/com/fasterxml/jackson/module/jackson-module-jaxb-annotations/2.16.2/jackson-module-jaxb-annotations-2.16.2.jar:/home/runner/.m2/repository/javax/annotation/javax.annotation-api/1.3.2/javax.annotation-api-1.3.2.jar:/home/runner/.m2/repository/javax/enterprise/cdi-api/2.0/cdi-api-2.0.jar:/home/runner/.m2/repository/javax/el/javax.el-api/3.0.0/javax.el-api-3.0.0.jar:/home/runner/.m2/repository/javax/interceptor/javax.interceptor-api/1.2/javax.interceptor-api-1.2.jar:/home/runner/.m2/repository/org/glassfish/jaxb/jaxb-runtime/2.3.9/jaxb-runtime-2.3.9.jar:/home/runner/.m2/repository/org/glassfish/jaxb/txw2/2.3.9/txw2-2.3.9.jar:/home/runner/.m2/repository/com/sun/istack/istack-commons-runtime/3.0.12/istack-commons-runtime-3.0.12.jar:/home/runner/.m2/repository/com/sun/activation/jakarta.activation/1.2.2/jakarta.activation-1.2.2.jar:/home/runner/.m2/repository/jakarta/activation/jakarta.activation-api/1.2.2/jakarta.activation-api-1.2.2.jar:/home/runner/.m2/repository/io/grpc/grpc-protobuf/1.58.0/grpc-protobuf-1.58.0.jar:/home/runner/.m2/repository/com/google/api/grpc/proto-google-common-protos/2.22.0/proto-google-common-protos-2.22.0.jar:/home/runner/.m2/repository/io/grpc/grpc-protobuf-lite/1.58.0/grpc-protobuf-lite-1.58.0.jar:/home/runner/.m2/repository/io/opentracing/opentracing-noop/0.33.0/opentracing-noop-0.33.0.jar:/home/runner/.m2/repository/io/opentracing/opentracing-util/0.33.0/opentracing-util-0.33.0.jar:/home/runner/work/ozone/ozone/hadoop-ozone/csi/target/ozone-csi-2.0.0-SNAPSHOT.jar:/home/runner/.m2/repository/com/google/protobuf/protobuf-java-util/3.19.6/protobuf-java-util-3.19.6.jar:/home/runner/.m2/repository/io/netty/netty-transport-classes-epoll/4.1.109.Final/netty-transport-classes-epoll-4.1.109.Final.jar:/home/runner/.m2/repository/io/netty/netty-transport-native-epoll/4.1.109.Final/netty-transport-native-epoll-4.1.109.Final-linux-x86_64.jar:/home/runner/.m2/repository/io/netty/netty-transport-native-unix-common/4.1.109.Final/netty-transport-native-unix-common-4.1.109.Final.jar:/home/runner/work/ozone/ozone/hadoop-ozone/recon/target/ozone-recon-2.0.0-SNAPSHOT.jar:/home/runner/work/ozone/ozone/hadoop-ozone/recon-codegen/target/ozone-reconcodegen-2.0.0-SNAPSHOT.jar:/home/runner/.m2/repository/aopalliance/aopalliance/1.0/aopalliance-1.0.jar:/home/runner/.m2/repository/com/google/inject/guice/6.0.0/guice-6.0.0.jar:/home/runner/.m2/repository/jakarta/inject/jakarta.inject-api/2.0.1/jakarta.inject-api-2.0.1.jar:/home/runner/.m2/repository/com/google/inject/extensions/guice-assistedinject/6.0.0/guice-assistedinject-6.0.0.jar:/home/runner/.m2/repository/com/google/inject/extensions/guice-servlet/6.0.0/guice-servlet-6.0.0.jar:/home/runner/.m2/repository/org/glassfish/jersey/containers/jersey-container-servlet/2.46/jersey-container-servlet-2.46.jar:/home/runner/.m2/repository/org/glassfish/hk2/guice-bridge/2.6.1/guice-bridge-2.6.1.jar:/home/runner/.m2/repository/org/glassfish/hk2/external/jakarta.inject/2.6.1/jakarta.inject-2.6.1.jar:/home/runner/.m2/repository/org/glassfish/jersey/media/jersey-media-json-jackson/2.46/jersey-media-json-jackson-2.46.jar:/home/runner/.m2/repository/org/glassfish/jersey/ext/jersey-entity-filtering/2.46/jersey-entity-filtering-2.46.jar:/home/runner/.m2/repository/org/jooq/jooq/3.11.10/jooq-3.11.10.jar:/home/runner/.m2/repository/org/jooq/jooq-meta/3.11.10/jooq-meta-3.11.10.jar:/home/runner/.m2/repository/org/jooq/jooq-codegen/3.11.10/jooq-codegen-3.11.10.jar:/home/runner/.m2/repository/com/jolbox/bonecp/0.8.0.RELEASE/bonecp-0.8.0.RELEASE.jar:/home/runner/.m2/repository/org/apache/derby/derby/10.14.2.0/derby-10.14.2.0.jar:/home/runner/.m2/repository/org/xerial/sqlite-jdbc/3.47.2.0/sqlite-jdbc-3.47.2.0.jar:/home/runner/.m2/repository/org/springframework/spring-core/5.3.39/spring-core-5.3.39.jar:/home/runner/.m2/repository/org/springframework/spring-jdbc/5.3.39/spring-jdbc-5.3.39.jar:/home/runner/.m2/repository/org/springframework/spring-beans/5.3.39/spring-beans-5.3.39.jar:/home/runner/.m2/repository/org/springframework/spring-tx/5.3.39/spring-tx-5.3.39.jar:/home/runner/.m2/repository/jakarta/validation/jakarta.validation-api/2.0.2/jakarta.validation-api-2.0.2.jar:/home/runner/.m2/repository/javax/inject/javax.inject/1/javax.inject-1.jar:/home/runner/work/ozone/ozone/hadoop-ozone/client/target/ozone-client-2.0.0-SNAPSHOT.jar:/home/runner/work/ozone/ozone/hadoop-hdds/erasurecode/target/hdds-erasurecode-2.0.0-SNAPSHOT.jar:/home/runner/work/ozone/ozone/hadoop-ozone/ozonefs/target/ozone-filesystem-2.0.0-SNAPSHOT.jar:/home/runner/work/ozone/ozone/hadoop-ozone/ozonefs-common/target/ozone-filesystem-common-2.0.0-SNAPSHOT.jar:/home/runner/work/ozone/ozone/hadoop-ozone/tools/target/ozone-tools-2.0.0-SNAPSHOT.jar:/home/runner/.m2/repository/org/apache/ratis/ratis-tools/3.1.2/ratis-tools-3.1.2.jar:/home/runner/.m2/repository/org/apache/ratis/ratis-shell/3.1.2/ratis-shell-3.1.2.jar:/home/runner/.m2/repository/info/picocli/picocli-shell-jline3/4.7.5/picocli-shell-jline3-4.7.5.jar:/home/runner/.m2/repository/org/jline/jline/3.28.0/jline-3.28.0.jar:/home/runner/.m2/repository/com/amazonaws/aws-java-sdk-core/1.12.661/aws-java-sdk-core-1.12.661.jar:/home/runner/.m2/repository/com/fasterxml/jackson/dataformat/jackson-dataformat-cbor/2.16.2/jackson-dataformat-cbor-2.16.2.jar:/home/runner/.m2/repository/joda-time/joda-time/2.12.7/joda-time-2.12.7.jar:/home/runner/.m2/repository/com/amazonaws/aws-java-sdk-s3/1.12.661/aws-java-sdk-s3-1.12.661.jar:/home/runner/.m2/repository/com/amazonaws/aws-java-sdk-kms/1.12.661/aws-java-sdk-kms-1.12.661.jar:/home/runner/.m2/repository/com/amazonaws/jmespath-java/1.12.661/jmespath-java-1.12.661.jar:/home/runner/.m2/repository/org/kohsuke/metainf-services/metainf-services/1.11/metainf-services-1.11.jar:/home/runner/work/ozone/ozone/hadoop-hdds/tools/target/hdds-tools-2.0.0-SNAPSHOT.jar:/home/runner/.m2/repository/commons-cli/commons-cli/1.8.0/commons-cli-1.8.0.jar:/home/runner/.m2/repository/org/apache/commons/commons-lang3/3.17.0/commons-lang3-3.17.0.jar:/home/runner/work/ozone/ozone/hadoop-ozone/ozone-manager/target/ozone-manager-2.0.0-SNAPSHOT-tests.jar:/home/runner/work/ozone/ozone/hadoop-hdds/common/target/hdds-common-2.0.0-SNAPSHOT-tests.jar:/home/runner/.m2/repository/io/jaegertracing/jaeger-client/1.8.1/jaeger-client-1.8.1.jar:/home/runner/.m2/repository/io/jaegertracing/jaeger-thrift/1.8.1/jaeger-thrift-1.8.1.jar:/home/runner/.m2/repository/org/apache/thrift/libthrift/0.15.0/libthrift-0.15.0.jar:/home/runner/.m2/repository/com/squareup/okhttp3/okhttp/4.12.0/okhttp-4.12.0.jar:/home/runner/.m2/repository/com/squareup/okio/okio/3.6.0/okio-3.6.0.jar:/home/runner/.m2/repository/com/squareup/okio/okio-jvm/3.6.0/okio-jvm-3.6.0.jar:/home/runner/.m2/repository/org/jetbrains/kotlin/kotlin-stdlib-common/1.9.25/kotlin-stdlib-common-1.9.25.jar:/home/runner/.m2/repository/org/jetbrains/kotlin/kotlin-stdlib-jdk8/1.9.25/kotlin-stdlib-jdk8-1.9.25.jar:/home/runner/.m2/repository/org/jetbrains/kotlin/kotlin-stdlib-jdk7/1.9.25/kotlin-stdlib-jdk7-1.9.25.jar:/home/runner/.m2/repository/io/jaegertracing/jaeger-tracerresolver/1.8.1/jaeger-tracerresolver-1.8.1.jar:/home/runner/.m2/repository/io/opentracing/contrib/opentracing-tracerresolver/0.1.8/opentracing-tracerresolver-0.1.8.jar:/home/runner/.m2/repository/io/jaegertracing/jaeger-core/1.8.1/jaeger-core-1.8.1.jar:/home/runner/work/ozone/ozone/hadoop-hdds/annotations/target/hdds-annotation-processing-2.0.0-SNAPSHOT.jar:/home/runner/work/ozone/ozone/hadoop-hdds/hadoop-dependency-client/target/hdds-hadoop-dependency-client-2.0.0-SNAPSHOT.jar:/home/runner/.m2/repository/org/bouncycastle/bcutil-jdk18on/1.79/bcutil-jdk18on-1.79.jar:/home/runner/.m2/repository/org/jetbrains/kotlin/kotlin-stdlib/1.9.25/kotlin-stdlib-1.9.25.jar:/home/runner/.m2/repository/org/jetbrains/annotations/13.0/annotations-13.0.jar:/home/runner/.m2/repository/org/yaml/snakeyaml/2.0/snakeyaml-2.0.jar:/home/runner/.m2/repository/org/junit/platform/junit-platform-launcher/1.11.4/junit-platform-launcher-1.11.4.jar:/home/runner/.m2/repository/org/junit/platform/junit-platform-engine/1.11.4/junit-platform-engine-1.11.4.jar:/home/runner/.m2/repository/org/apiguardian/apiguardian-api/1.1.2/apiguardian-api-1.1.2.jar:/home/runner/.m2/repository/org/apache/hadoop/hadoop-kms/3.4.1/hadoop-kms-3.4.1.jar:/home/runner/.m2/repository/org/apache/hadoop/hadoop-auth/3.4.1/hadoop-auth-3.4.1.jar:/home/runner/.m2/repository/org/apache/zookeeper/zookeeper/3.8.4/zookeeper-3.8.4.jar:/home/runner/.m2/repository/org/apache/zookeeper/zookeeper-jute/3.8.4/zookeeper-jute-3.8.4.jar:/home/runner/.m2/repository/org/apache/yetus/audience-annotations/0.12.0/audience-annotations-0.12.0.jar:/home/runner/.m2/repository/org/apache/curator/curator-framework/4.2.0/curator-framework-4.2.0.jar:/home/runner/.m2/repository/org/apache/hadoop/thirdparty/hadoop-shaded-guava/1.3.0/hadoop-shaded-guava-1.3.0.jar:/home/runner/.m2/repository/com/sun/jersey/jersey-core/1.19.4/jersey-core-1.19.4.jar:/home/runner/.m2/repository/javax/ws/rs/jsr311-api/1.1.1/jsr311-api-1.1.1.jar:/home/runner/.m2/repository/com/sun/jersey/jersey-server/1.19.4/jersey-server-1.19.4.jar:/home/runner/.m2/repository/org/apache/hadoop/hadoop-common/3.4.1/hadoop-common-3.4.1.jar:/home/runner/.m2/repository/org/apache/commons/commons-math3/3.6.1/commons-math3-3.6.1.jar:/home/runner/.m2/repository/commons-net/commons-net/3.11.1/commons-net-3.11.1.jar:/home/runner/.m2/repository/com/github/pjfanning/jersey-json/1.22.0/jersey-json-1.22.0.jar:/home/runner/.m2/repository/com/sun/xml/bind/jaxb-impl/2.2.3-1/jaxb-impl-2.2.3-1.jar:/home/runner/.m2/repository/org/codehaus/jettison/jettison/1.5.4/jettison-1.5.4.jar:/home/runner/.m2/repository/com/google/re2j/re2j/1.7/re2j-1.7.jar:/home/runner/.m2/repository/com/jcraft/jsch/0.1.55/jsch-0.1.55.jar:/home/runner/.m2/repository/org/apache/curator/curator-client/4.2.0/curator-client-4.2.0.jar:/home/runner/.m2/repository/org/apache/curator/curator-recipes/5.2.0/curator-recipes-5.2.0.jar:/home/runner/.m2/repository/com/google/code/findbugs/jsr305/3.0.2/jsr305-3.0.2.jar:/home/runner/.m2/repository/io/netty/netty-transport-native-epoll/4.1.109.Final/netty-transport-native-epoll-4.1.109.Final.jar:/home/runner/.m2/repository/dnsjava/dnsjava/3.6.1/dnsjava-3.6.1.jar:/home/runner/.m2/repository/org/apache/hadoop/hadoop-kms/3.4.1/hadoop-kms-3.4.1-tests.jar:/home/runner/work/ozone/ozone/hadoop-hdds/server-scm/target/hdds-server-scm-2.0.0-SNAPSHOT-tests.jar:/home/runner/work/ozone/ozone/hadoop-hdds/container-service/target/hdds-container-service-2.0.0-SNAPSHOT-tests.jar:/home/runner/.m2/repository/com/github/luben/zstd-jni/1.5.6-9/zstd-jni-1.5.6-9.jar:/home/runner/.m2/repository/io/netty/netty-buffer/4.1.109.Final/netty-buffer-4.1.109.Final.jar:/home/runner/.m2/repository/io/netty/netty-codec/4.1.109.Final/netty-codec-4.1.109.Final.jar:/home/runner/work/ozone/ozone/hadoop-hdds/hadoop-dependency-test/target/hdds-hadoop-dependency-test-2.0.0-SNAPSHOT.jar:/home/runner/.m2/repository/org/apache/hadoop/hadoop-common/3.4.1/hadoop-common-3.4.1-tests.jar:/home/runner/.m2/repository/org/apache/hadoop/hadoop-hdfs/3.4.1/hadoop-hdfs-3.4.1-tests.jar:/home/runner/.m2/repository/org/junit/jupiter/junit-jupiter-engine/5.11.4/junit-jupiter-engine-5.11.4.jar:/home/runner/.m2/repository/org/junit/jupiter/junit-jupiter-params/5.11.4/junit-jupiter-params-5.11.4.jar:/home/runner/.m2/repository/org/mockito/mockito-core/4.11.0/mockito-core-4.11.0.jar:/home/runner/.m2/repository/net/bytebuddy/byte-buddy-agent/1.12.19/byte-buddy-agent-1.12.19.jar:/home/runner/.m2/repository/org/objenesis/objenesis/3.3/objenesis-3.3.jar:/home/runner/.m2/repository/org/mockito/mockito-inline/4.11.0/mockito-inline-4.11.0.jar:/home/runner/.m2/repository/org/mockito/mockito-junit-jupiter/4.11.0/mockito-junit-jupiter-4.11.0.jar:/home/runner/.m2/repository/org/apache/hadoop/hadoop-distcp/3.4.1/hadoop-distcp-3.4.1.jar:/home/runner/.m2/repository/org/apache/hadoop/hadoop-mapreduce-client-jobclient/3.4.1/hadoop-mapreduce-client-jobclient-3.4.1.jar:/home/runner/.m2/repository/org/apache/hadoop/hadoop-mapreduce-client-common/3.4.1/hadoop-mapreduce-client-common-3.4.1.jar:/home/runner/.m2/repository/org/apache/hadoop/hadoop-yarn-common/3.4.1/hadoop-yarn-common-3.4.1.jar:/home/runner/.m2/repository/org/apache/hadoop/hadoop-yarn-api/3.4.1/hadoop-yarn-api-3.4.1.jar:/home/runner/.m2/repository/javax/xml/bind/jaxb-api/2.2.11/jaxb-api-2.2.11.jar:/home/runner/.m2/repository/com/sun/jersey/contribs/jersey-guice/1.19.4/jersey-guice-1.19.4.jar:/home/runner/.m2/repository/com/fasterxml/jackson/jaxrs/jackson-jaxrs-json-provider/2.16.2/jackson-jaxrs-json-provider-2.16.2.jar:/home/runner/.m2/repository/com/fasterxml/jackson/jaxrs/jackson-jaxrs-base/2.16.2/jackson-jaxrs-base-2.16.2.jar:/home/runner/.m2/repository/org/apache/hadoop/hadoop-yarn-client/3.4.1/hadoop-yarn-client-3.4.1.jar:/home/runner/.m2/repository/org/eclipse/jetty/websocket/websocket-client/9.4.53.v20231009/websocket-client-9.4.53.v20231009.jar:/home/runner/.m2/repository/org/eclipse/jetty/websocket/websocket-common/9.4.53.v20231009/websocket-common-9.4.53.v20231009.jar:/home/runner/.m2/repository/org/eclipse/jetty/websocket/websocket-api/9.4.53.v20231009/websocket-api-9.4.53.v20231009.jar:/home/runner/.m2/repository/org/apache/hadoop/hadoop-mapreduce-client-core/3.4.1/hadoop-mapreduce-client-core-3.4.1.jar:/home/runner/.m2/repository/org/apache/avro/avro/1.9.2/avro-1.9.2.jar:/home/runner/.m2/repository/org/apache/hadoop/hadoop-annotations/3.4.1/hadoop-annotations-3.4.1.jar:/home/runner/.m2/repository/io/netty/netty-all/4.1.109.Final/netty-all-4.1.109.Final.jar:/home/runner/.m2/repository/io/netty/netty-codec-dns/4.1.109.Final/netty-codec-dns-4.1.109.Final.jar:/home/runner/.m2/repository/io/netty/netty-codec-haproxy/4.1.109.Final/netty-codec-haproxy-4.1.109.Final.jar:/home/runner/.m2/repository/io/netty/netty-codec-memcache/4.1.109.Final/netty-codec-memcache-4.1.109.Final.jar:/home/runner/.m2/repository/io/netty/netty-codec-mqtt/4.1.109.Final/netty-codec-mqtt-4.1.109.Final.jar:/home/runner/.m2/repository/io/netty/netty-codec-redis/4.1.109.Final/netty-codec-redis-4.1.109.Final.jar:/home/runner/.m2/repository/io/netty/netty-codec-smtp/4.1.109.Final/netty-codec-smtp-4.1.109.Final.jar:/home/runner/.m2/repository/io/netty/netty-codec-stomp/4.1.109.Final/netty-codec-stomp-4.1.109.Final.jar:/home/runner/.m2/repository/io/netty/netty-codec-xml/4.1.109.Final/netty-codec-xml-4.1.109.Final.jar:/home/runner/.m2/repository/io/netty/netty-handler-ssl-ocsp/4.1.109.Final/netty-handler-ssl-ocsp-4.1.109.Final.jar:/home/runner/.m2/repository/io/netty/netty-resolver-dns/4.1.109.Final/netty-resolver-dns-4.1.109.Final.jar:/home/runner/.m2/repository/io/netty/netty-transport-rxtx/4.1.109.Final/netty-transport-rxtx-4.1.109.Final.jar:/home/runner/.m2/repository/io/netty/netty-transport-sctp/4.1.109.Final/netty-transport-sctp-4.1.109.Final.jar:/home/runner/.m2/repository/io/netty/netty-transport-udt/4.1.109.Final/netty-transport-udt-4.1.109.Final.jar:/home/runner/.m2/repository/io/netty/netty-transport-classes-kqueue/4.1.109.Final/netty-transport-classes-kqueue-4.1.109.Final.jar:/home/runner/.m2/repository/io/netty/netty-resolver-dns-classes-macos/4.1.109.Final/netty-resolver-dns-classes-macos-4.1.109.Final.jar:/home/runner/.m2/repository/io/netty/netty-transport-native-epoll/4.1.109.Final/netty-transport-native-epoll-4.1.109.Final-linux-aarch_64.jar:/home/runner/.m2/repository/io/netty/netty-transport-native-epoll/4.1.109.Final/netty-transport-native-epoll-4.1.109.Final-linux-riscv64.jar:/home/runner/.m2/repository/io/netty/netty-transport-native-kqueue/4.1.109.Final/netty-transport-native-kqueue-4.1.109.Final-osx-x86_64.jar:/home/runner/.m2/repository/io/netty/netty-transport-native-kqueue/4.1.109.Final/netty-transport-native-kqueue-4.1.109.Final-osx-aarch_64.jar:/home/runner/.m2/repository/io/netty/netty-resolver-dns-native-macos/4.1.109.Final/netty-resolver-dns-native-macos-4.1.109.Final-osx-x86_64.jar:/home/runner/.m2/repository/io/netty/netty-resolver-dns-native-macos/4.1.109.Final/netty-resolver-dns-native-macos-4.1.109.Final-osx-aarch_64.jar:/home/runner/.m2/repository/org/apache/hadoop/hadoop-distcp/3.4.1/hadoop-distcp-3.4.1-tests.jar:/home/runner/.m2/repository/org/apache/ratis/ratis-server/3.1.2/ratis-server-3.1.2.jar:/home/runner/.m2/repository/org/hamcrest/hamcrest/2.2/hamcrest-2.2.jar:/home/runner/.m2/repository/org/slf4j/jul-to-slf4j/2.0.16/jul-to-slf4j-2.0.16.jar:/home/runner/.m2/repository/org/assertj/assertj-core/3.27.2/assertj-core-3.27.2.jar:/home/runner/.m2/repository/net/bytebuddy/byte-buddy/1.15.11/byte-buddy-1.15.11.jar:/home/runner/work/ozone/ozone/hadoop-ozone/integration-test/target/gradle-enterprise/test-listeners.jar:"/>
    <property name="sun.cpu.endian" value="little"/>
    <property name="user.home" value="/home/runner"/>
    <property name="user.language" value="en"/>
    <property name="java.specification.vendor" value="Oracle Corporation"/>
    <property name="skipRecon" value="true"/>
    <property name="java.version.date" value="2024-10-15"/>
    <property name="java.home" value="/usr/lib/jvm/temurin-21-jdk-amd64"/>
    <property name="java.security.krb5.conf" value="/home/runner/work/ozone/ozone/hadoop-ozone/integration-test/target/test-classes/krb5.conf"/>
    <property name="file.separator" value="/"/>
    <property name="basedir" value="/home/runner/work/ozone/ozone/hadoop-ozone/integration-test"/>
    <property name="java.vm.compressedOopsMode" value="Zero based"/>
    <property name="line.separator" value="&#10;"/>
    <property name="java.vm.specification.vendor" value="Oracle Corporation"/>
    <property name="java.specification.name" value="Java Platform API Specification"/>
    <property name="surefire.real.class.path" value="/home/runner/work/ozone/ozone/hadoop-ozone/integration-test/target/surefire/surefirebooter12337681660670467699.jar"/>
    <property name="hadoop.log.dir" value="/home/runner/work/ozone/ozone/hadoop-ozone/integration-test/target/log"/>
    <property name="sun.management.compiler" value="HotSpot 64-Bit Tiered Compilers"/>
    <property name="skipShade" value="true"/>
    <property name="java.runtime.version" value="21.0.5+11-LTS"/>
    <property name="user.name" value="runner"/>
    <property name="java.net.preferIPv4Stack" value="true"/>
    <property name="stdout.encoding" value="UTF-8"/>
    <property name="path.separator" value=":"/>
    <property name="java.security.egd" value="file:///dev/urandom"/>
    <property name="os.version" value="5.15.0-1074-azure"/>
    <property name="java.runtime.name" value="OpenJDK Runtime Environment"/>
    <property name="com.gradle.maven.scan.extension.test.listener.junitplatform.NestedExecutionSafeDelegatingTestExecutionListener" value="18ece7f4"/>
    <property name="file.encoding" value="UTF-8"/>
    <property name="java.vm.name" value="OpenJDK 64-Bit Server VM"/>
    <property name="java.vendor.version" value="Temurin-21.0.5+11"/>
    <property name="test.build.webapps" value=""/>
    <property name="develocity.listener.surefire.forkId" value="1"/>
    <property name="localRepository" value="/home/runner/.m2/repository"/>
    <property name="java.vendor.url.bug" value="https://github.com/adoptium/adoptium-support/issues"/>
    <property name="jetty.git.hash" value="df524e6b29271c2e09ba9aea83c18dc9db464a31"/>
    <property name="java.io.tmpdir" value="/tmp"/>
    <property name="require.test.libhadoop" value=""/>
    <property name="java.version" value="21.0.5"/>
    <property name="user.dir" value="/home/runner/work/ozone/ozone/hadoop-ozone/integration-test"/>
    <property name="os.arch" value="amd64"/>
    <property name="java.vm.specification.name" value="Java Virtual Machine Specification"/>
    <property name="test.build.classes" value="/home/runner/work/ozone/ozone/hadoop-ozone/integration-test/target/test-classes"/>
    <property name="org.apache.ratis.thirdparty.io.netty.allocator.useCacheForAllThreads" value="false"/>
    <property name="native.encoding" value="UTF-8"/>
    <property name="hadoop.tmp.dir" value="/home/runner/work/ozone/ozone/hadoop-ozone/integration-test/target/tmp"/>
    <property name="java.library.path" value="/usr/java/packages/lib:/usr/lib64:/lib64:/lib:/usr/lib"/>
    <property name="java.vm.info" value="mixed mode, sharing"/>
    <property name="stderr.encoding" value="UTF-8"/>
    <property name="java.vendor" value="Eclipse Adoptium"/>
    <property name="java.vm.version" value="21.0.5+11-LTS"/>
    <property name="sun.io.unicode.encoding" value="UnicodeLittle"/>
    <property name="develocity.listener.port" value="35077"/>
    <property name="java.class.version" value="65.0"/>
  </properties>
  <testcase name="testContainerRecoveryOverReplicationProcessing" classname="org.apache.hadoop.ozone.container.TestECContainerRecovery" time="35.6"/>
  <testcase name="testECContainerRecoveryWithTimedOutRecovery" classname="org.apache.hadoop.ozone.container.TestECContainerRecovery" time="104.754">
    <error type="java.util.concurrent.TimeoutException"><![CDATA[java.util.concurrent.TimeoutException: 
Timed out waiting for condition. Thread diagnostics:
Timestamp: 2025-01-11 08:29:36,037

"IPC Server handler 48 on default port 15002" daemon prio=5 tid=380 timed_waiting
java.lang.Thread.State: TIMED_WAITING
        at java.base@21.0.5/jdk.internal.misc.Unsafe.park(Native Method)
        at java.base@21.0.5/java.util.concurrent.locks.LockSupport.parkNanos(LockSupport.java:269)
        at java.base@21.0.5/java.util.concurrent.locks.AbstractQueuedSynchronizer$ConditionObject.awaitNanos(AbstractQueuedSynchronizer.java:1763)
        at java.base@21.0.5/java.util.concurrent.LinkedBlockingQueue.poll(LinkedBlockingQueue.java:460)
        at app//org.apache.hadoop.ipc.CallQueueManager.take(CallQueueManager.java:370)
        at app//org.apache.hadoop.ipc.Server$Handler.run(Server.java:3165)
"qtp547643943-317" daemon prio=5 tid=317 runnable
java.lang.Thread.State: RUNNABLE
        at java.base@21.0.5/sun.nio.ch.EPoll.wait(Native Method)
        at java.base@21.0.5/sun.nio.ch.EPollSelectorImpl.doSelect(EPollSelectorImpl.java:121)
        at java.base@21.0.5/sun.nio.ch.SelectorImpl.lockAndDoSelect(SelectorImpl.java:130)
        at java.base@21.0.5/sun.nio.ch.SelectorImpl.select(SelectorImpl.java:147)
        at app//org.eclipse.jetty.io.ManagedSelector.nioSelect(ManagedSelector.java:183)
        at app//org.eclipse.jetty.io.ManagedSelector.select(ManagedSelector.java:190)
        at app//org.eclipse.jetty.io.ManagedSelector$SelectorProducer.select(ManagedSelector.java:606)
        at app//org.eclipse.jetty.io.ManagedSelector$SelectorProducer.produce(ManagedSelector.java:543)
        at app//org.eclipse.jetty.util.thread.strategy.EatWhatYouKill.produceTask(EatWhatYouKill.java:362)
        at app//org.eclipse.jetty.util.thread.strategy.EatWhatYouKill.doProduce(EatWhatYouKill.java:186)
        at app//org.eclipse.jetty.util.thread.strategy.EatWhatYouKill.tryProduce(EatWhatYouKill.java:173)
        at app//org.eclipse.jetty.util.thread.strategy.EatWhatYouKill.produce(EatWhatYouKill.java:137)
        at app//org.eclipse.jetty.io.ManagedSelector$$Lambda/0x00007fd9cc65d0d0.run(Unknown Source)
        at app//org.eclipse.jetty.util.thread.QueuedThreadPool.runJob(QueuedThreadPool.java:883)
        at app//org.eclipse.jetty.util.thread.QueuedThreadPool$Runner.run(QueuedThreadPool.java:1034)
        at java.base@21.0.5/java.lang.Thread.runWith(Thread.java:1596)
        at java.base@21.0.5/java.lang.Thread.run(Thread.java:1583)
"IPC Server handler 19 on default port 15002" daemon prio=5 tid=351 timed_waiting
java.lang.Thread.State: TIMED_WAITING
        at java.base@21.0.5/jdk.internal.misc.Unsafe.park(Native Method)
        at java.base@21.0.5/java.util.concurrent.locks.LockSupport.parkNanos(LockSupport.java:269)
        at java.base@21.0.5/java.util.concurrent.locks.AbstractQueuedSynchronizer$ConditionObject.awaitNanos(AbstractQueuedSynchronizer.java:1763)
        at java.base@21.0.5/java.util.concurrent.LinkedBlockingQueue.poll(LinkedBlockingQueue.java:460)
        at app//org.apache.hadoop.ipc.CallQueueManager.take(CallQueueManager.java:370)
        at app//org.apache.hadoop.ipc.Server$Handler.run(Server.java:3165)
"grpc-default-executor-0" daemon prio=5 tid=1181 timed_waiting
java.lang.Thread.State: TIMED_WAITING
        at java.base@21.0.5/jdk.internal.misc.Unsafe.park(Native Method)
        at java.base@21.0.5/java.util.concurrent.locks.LockSupport.parkNanos(LockSupport.java:410)
        at java.base@21.0.5/java.util.concurrent.LinkedTransferQueue$DualNode.await(LinkedTransferQueue.java:452)
        at java.base@21.0.5/java.util.concurrent.SynchronousQueue$Transferer.xferLifo(SynchronousQueue.java:194)
        at java.base@21.0.5/java.util.concurrent.SynchronousQueue.xfer(SynchronousQueue.java:235)
        at java.base@21.0.5/java.util.concurrent.SynchronousQueue.poll(SynchronousQueue.java:338)
        at java.base@21.0.5/java.util.concurrent.ThreadPoolExecutor.getTask(ThreadPoolExecutor.java:1069)
        at java.base@21.0.5/java.util.concurrent.ThreadPoolExecutor.runWorker(ThreadPoolExecutor.java:1130)
        at java.base@21.0.5/java.util.concurrent.ThreadPoolExecutor$Worker.run(ThreadPoolExecutor.java:642)
        at java.base@21.0.5/java.lang.Thread.runWith(Thread.java:1596)
        at java.base@21.0.5/java.lang.Thread.run(Thread.java:1583)
"79978ed1-1a5c-4832-b584-9e2d85f03cd7-server-thread2" daemon prio=5 tid=2234 timed_waiting
java.lang.Thread.State: TIMED_WAITING
        at java.base@21.0.5/jdk.internal.misc.Unsafe.park(Native Method)
        at java.base@21.0.5/java.util.concurrent.locks.LockSupport.parkNanos(LockSupport.java:410)
        at java.base@21.0.5/java.util.concurrent.LinkedTransferQueue$DualNode.await(LinkedTransferQueue.java:452)
        at java.base@21.0.5/java.util.concurrent.SynchronousQueue$Transferer.xferLifo(SynchronousQueue.java:194)
        at java.base@21.0.5/java.util.concurrent.SynchronousQueue.xfer(SynchronousQueue.java:235)
        at java.base@21.0.5/java.util.concurrent.SynchronousQueue.poll(SynchronousQueue.java:338)
        at java.base@21.0.5/java.util.concurrent.ThreadPoolExecutor.getTask(ThreadPoolExecutor.java:1069)
        at java.base@21.0.5/java.util.concurrent.ThreadPoolExecutor.runWorker(ThreadPoolExecutor.java:1130)
        at java.base@21.0.5/java.util.concurrent.ThreadPoolExecutor$Worker.run(ThreadPoolExecutor.java:642)
        at java.base@21.0.5/java.lang.Thread.runWith(Thread.java:1596)
        at java.base@21.0.5/java.lang.Thread.run(Thread.java:1583)
"StaleRecoveringContainerScrubbingService#3" daemon prio=5 tid=2436 in Object.wait()
java.lang.Thread.State: WAITING (on object monitor)
        at java.base@21.0.5/jdk.internal.misc.Unsafe.park(Native Method)
        at java.base@21.0.5/java.util.concurrent.locks.LockSupport.park(LockSupport.java:371)
        at java.base@21.0.5/java.util.concurrent.locks.AbstractQueuedSynchronizer$ConditionNode.block(AbstractQueuedSynchronizer.java:519)
        at java.base@21.0.5/java.util.concurrent.ForkJoinPool.unmanagedBlock(ForkJoinPool.java:3780)
        at java.base@21.0.5/java.util.concurrent.ForkJoinPool.managedBlock(ForkJoinPool.java:3725)
        at java.base@21.0.5/java.util.concurrent.locks.AbstractQueuedSynchronizer$ConditionObject.await(AbstractQueuedSynchronizer.java:1712)
        at java.base@21.0.5/java.util.concurrent.ScheduledThreadPoolExecutor$DelayedWorkQueue.take(ScheduledThreadPoolExecutor.java:1177)
        at java.base@21.0.5/java.util.concurrent.ScheduledThreadPoolExecutor$DelayedWorkQueue.take(ScheduledThreadPoolExecutor.java:899)
        at java.base@21.0.5/java.util.concurrent.ThreadPoolExecutor.getTask(ThreadPoolExecutor.java:1070)
        at java.base@21.0.5/java.util.concurrent.ThreadPoolExecutor.runWorker(ThreadPoolExecutor.java:1130)
        at java.base@21.0.5/java.util.concurrent.ThreadPoolExecutor$Worker.run(ThreadPoolExecutor.java:642)
        at java.base@21.0.5/java.lang.Thread.runWith(Thread.java:1596)
        at java.base@21.0.5/java.lang.Thread.run(Thread.java:1583)
"IPC Server handler 19 on default port 15006" daemon prio=5 tid=510 timed_waiting
java.lang.Thread.State: TIMED_WAITING
        at java.base@21.0.5/jdk.internal.misc.Unsafe.park(Native Method)
        at java.base@21.0.5/java.util.concurrent.locks.LockSupport.parkNanos(LockSupport.java:269)
        at java.base@21.0.5/java.util.concurrent.locks.AbstractQueuedSynchronizer$ConditionObject.awaitNanos(AbstractQueuedSynchronizer.java:1763)
        at java.base@21.0.5/java.util.concurrent.LinkedBlockingQueue.poll(LinkedBlockingQueue.java:460)
        at app//org.apache.hadoop.ipc.CallQueueManager.take(CallQueueManager.java:370)
        at app//org.apache.hadoop.ipc.Server$Handler.run(Server.java:3165)
"IPC Server handler 1 on default port 15093" daemon prio=5 tid=1016 timed_waiting
java.lang.Thread.State: TIMED_WAITING
        at java.base@21.0.5/jdk.internal.misc.Unsafe.park(Native Method)
        at java.base@21.0.5/java.util.concurrent.locks.LockSupport.parkNanos(LockSupport.java:269)
        at java.base@21.0.5/java.util.concurrent.locks.AbstractQueuedSynchronizer$ConditionObject.awaitNanos(AbstractQueuedSynchronizer.java:1763)
        at java.base@21.0.5/java.util.concurrent.LinkedBlockingQueue.poll(LinkedBlockingQueue.java:460)
        at app//org.apache.hadoop.ipc.CallQueueManager.take(CallQueueManager.java:370)
        at app//org.apache.hadoop.ipc.Server$Handler.run(Server.java:3165)
"b6b79d51-52d7-4711-a690-06a51533978a-server-thread1" daemon prio=5 tid=1936 timed_waiting
java.lang.Thread.State: TIMED_WAITING
        at java.base@21.0.5/jdk.internal.misc.Unsafe.park(Native Method)
        at java.base@21.0.5/java.util.concurrent.locks.LockSupport.parkNanos(LockSupport.java:410)
        at java.base@21.0.5/java.util.concurrent.LinkedTransferQueue$DualNode.await(LinkedTransferQueue.java:452)
        at java.base@21.0.5/java.util.concurrent.SynchronousQueue$Transferer.xferLifo(SynchronousQueue.java:194)
        at java.base@21.0.5/java.util.concurrent.SynchronousQueue.xfer(SynchronousQueue.java:235)
        at java.base@21.0.5/java.util.concurrent.SynchronousQueue.poll(SynchronousQueue.java:338)
        at java.base@21.0.5/java.util.concurrent.ThreadPoolExecutor.getTask(ThreadPoolExecutor.java:1069)
        at java.base@21.0.5/java.util.concurrent.ThreadPoolExecutor.runWorker(ThreadPoolExecutor.java:1130)
        at java.base@21.0.5/java.util.concurrent.ThreadPoolExecutor$Worker.run(ThreadPoolExecutor.java:642)
        at java.base@21.0.5/java.lang.Thread.runWith(Thread.java:1596)
        at java.base@21.0.5/java.lang.Thread.run(Thread.java:1583)
"751e45cc-852a-454f-97c8-e80f2befe6f4-BlockDeletingService#2" daemon prio=5 tid=2862 in Object.wait()
java.lang.Thread.State: WAITING (on object monitor)
        at java.base@21.0.5/jdk.internal.misc.Unsafe.park(Native Method)
        at java.base@21.0.5/java.util.concurrent.locks.LockSupport.park(LockSupport.java:371)
        at java.base@21.0.5/java.util.concurrent.locks.AbstractQueuedSynchronizer$ConditionNode.block(AbstractQueuedSynchronizer.java:519)
        at java.base@21.0.5/java.util.concurrent.ForkJoinPool.unmanagedBlock(ForkJoinPool.java:3780)
        at java.base@21.0.5/java.util.concurrent.ForkJoinPool.managedBlock(ForkJoinPool.java:3725)
        at java.base@21.0.5/java.util.concurrent.locks.AbstractQueuedSynchronizer$ConditionObject.await(AbstractQueuedSynchronizer.java:1712)
        at java.base@21.0.5/java.util.concurrent.ScheduledThreadPoolExecutor$DelayedWorkQueue.take(ScheduledThreadPoolExecutor.java:1177)
        at java.base@21.0.5/java.util.concurrent.ScheduledThreadPoolExecutor$DelayedWorkQueue.take(ScheduledThreadPoolExecutor.java:899)
        at java.base@21.0.5/java.util.concurrent.ThreadPoolExecutor.getTask(ThreadPoolExecutor.java:1070)
        at java.base@21.0.5/java.util.concurrent.ThreadPoolExecutor.runWorker(ThreadPoolExecutor.java:1130)
        at java.base@21.0.5/java.util.concurrent.ThreadPoolExecutor$Worker.run(ThreadPoolExecutor.java:642)
        at java.base@21.0.5/java.lang.Thread.runWith(Thread.java:1596)
        at java.base@21.0.5/java.lang.Thread.run(Thread.java:1583)
"751e45cc-852a-454f-97c8-e80f2befe6f4-BlockDeletingService#3" daemon prio=5 tid=2909 in Object.wait()
java.lang.Thread.State: WAITING (on object monitor)
        at java.base@21.0.5/jdk.internal.misc.Unsafe.park(Native Method)
        at java.base@21.0.5/java.util.concurrent.locks.LockSupport.park(LockSupport.java:371)
        at java.base@21.0.5/java.util.concurrent.locks.AbstractQueuedSynchronizer$ConditionNode.block(AbstractQueuedSynchronizer.java:519)
        at java.base@21.0.5/java.util.concurrent.ForkJoinPool.unmanagedBlock(ForkJoinPool.java:3780)
        at java.base@21.0.5/java.util.concurrent.ForkJoinPool.managedBlock(ForkJoinPool.java:3725)
        at java.base@21.0.5/java.util.concurrent.locks.AbstractQueuedSynchronizer$ConditionObject.await(AbstractQueuedSynchronizer.java:1712)
        at java.base@21.0.5/java.util.concurrent.ScheduledThreadPoolExecutor$DelayedWorkQueue.take(ScheduledThreadPoolExecutor.java:1177)
        at java.base@21.0.5/java.util.concurrent.ScheduledThreadPoolExecutor$DelayedWorkQueue.take(ScheduledThreadPoolExecutor.java:899)
        at java.base@21.0.5/java.util.concurrent.ThreadPoolExecutor.getTask(ThreadPoolExecutor.java:1070)
        at java.base@21.0.5/java.util.concurrent.ThreadPoolExecutor.runWorker(ThreadPoolExecutor.java:1130)
        at java.base@21.0.5/java.util.concurrent.ThreadPoolExecutor$Worker.run(ThreadPoolExecutor.java:642)
        at java.base@21.0.5/java.lang.Thread.runWith(Thread.java:1596)
        at java.base@21.0.5/java.lang.Thread.run(Thread.java:1583)
"JvmPauseMonitor4" daemon prio=5 tid=931 timed_waiting
java.lang.Thread.State: TIMED_WAITING
        at java.base@21.0.5/java.lang.Thread.sleep0(Native Method)
        at java.base@21.0.5/java.lang.Thread.sleep(Thread.java:558)
        at java.base@21.0.5/java.util.concurrent.TimeUnit.sleep(TimeUnit.java:446)
        at app//org.apache.ratis.util.TimeDuration.sleep(TimeDuration.java:353)
        at app//org.apache.ratis.util.TimeDuration.sleep(TimeDuration.java:338)
        at app//org.apache.ratis.util.JvmPauseMonitor.detectPause(JvmPauseMonitor.java:160)
        at app//org.apache.ratis.util.JvmPauseMonitor.run(JvmPauseMonitor.java:149)
        at app//org.apache.ratis.util.JvmPauseMonitor$$Lambda/0x00007fd9cc38c980.run(Unknown Source)
        at java.base@21.0.5/java.lang.Thread.runWith(Thread.java:1596)
        at java.base@21.0.5/java.lang.Thread.run(Thread.java:1583)
"751e45cc-852a-454f-97c8-e80f2befe6f4@group-33E612B207F7-SegmentedRaftLogWorker" daemon prio=5 tid=1296 timed_waiting
java.lang.Thread.State: TIMED_WAITING
        at java.base@21.0.5/jdk.internal.misc.Unsafe.park(Native Method)
        at java.base@21.0.5/java.util.concurrent.locks.LockSupport.parkNanos(LockSupport.java:269)
        at java.base@21.0.5/java.util.concurrent.locks.AbstractQueuedSynchronizer$ConditionObject.awaitNanos(AbstractQueuedSynchronizer.java:1763)
        at app//org.apache.ratis.util.DataBlockingQueue.poll(DataBlockingQueue.java:148)
        at app//org.apache.ratis.server.raftlog.segmented.SegmentedRaftLogWorker.run(SegmentedRaftLogWorker.java:307)
        at app//org.apache.ratis.server.raftlog.segmented.SegmentedRaftLogWorker$$Lambda/0x00007fd9cc334298.run(Unknown Source)
        at java.base@21.0.5/java.util.concurrent.Executors$RunnableAdapter.call(Executors.java:572)
        at java.base@21.0.5/java.util.concurrent.FutureTask.run(FutureTask.java:317)
        at java.base@21.0.5/java.util.concurrent.ThreadPoolExecutor.runWorker(ThreadPoolExecutor.java:1144)
        at java.base@21.0.5/java.util.concurrent.ThreadPoolExecutor$Worker.run(ThreadPoolExecutor.java:642)
        at java.base@21.0.5/java.lang.Thread.runWith(Thread.java:1596)
        at java.base@21.0.5/java.lang.Thread.run(Thread.java:1583)
"Socket Reader #8 for port 15012"  prio=5 tid=535 runnable
java.lang.Thread.State: RUNNABLE
        at java.base@21.0.5/sun.nio.ch.EPoll.wait(Native Method)
        at java.base@21.0.5/sun.nio.ch.EPollSelectorImpl.doSelect(EPollSelectorImpl.java:121)
        at java.base@21.0.5/sun.nio.ch.SelectorImpl.lockAndDoSelect(SelectorImpl.java:130)
        at java.base@21.0.5/sun.nio.ch.SelectorImpl.select(SelectorImpl.java:147)
        at app//org.apache.hadoop.ipc.Server$Listener$Reader.doRunLoop(Server.java:1497)
        at app//org.apache.hadoop.ipc.Server$Listener$Reader.run(Server.java:1476)
"IPC Server handler 3 on default port 15039" daemon prio=5 tid=684 timed_waiting
java.lang.Thread.State: TIMED_WAITING
        at java.base@21.0.5/jdk.internal.misc.Unsafe.park(Native Method)
        at java.base@21.0.5/java.util.concurrent.locks.LockSupport.parkNanos(LockSupport.java:269)
        at java.base@21.0.5/java.util.concurrent.locks.AbstractQueuedSynchronizer$ConditionObject.awaitNanos(AbstractQueuedSynchronizer.java:1763)
        at java.base@21.0.5/java.util.concurrent.LinkedBlockingQueue.poll(LinkedBlockingQueue.java:460)
        at app//org.apache.hadoop.ipc.CallQueueManager.take(CallQueueManager.java:370)
        at app//org.apache.hadoop.ipc.Server$Handler.run(Server.java:3165)
"eca5a246-1f8f-493f-b50d-7eee1f2fec76@group-AEA5E11D46FC-SegmentedRaftLogWorker" daemon prio=5 tid=1385 timed_waiting
java.lang.Thread.State: TIMED_WAITING
        at java.base@21.0.5/jdk.internal.misc.Unsafe.park(Native Method)
        at java.base@21.0.5/java.util.concurrent.locks.LockSupport.parkNanos(LockSupport.java:269)
        at java.base@21.0.5/java.util.concurrent.locks.AbstractQueuedSynchronizer$ConditionObject.awaitNanos(AbstractQueuedSynchronizer.java:1763)
        at app//org.apache.ratis.util.DataBlockingQueue.poll(DataBlockingQueue.java:148)
        at app//org.apache.ratis.server.raftlog.segmented.SegmentedRaftLogWorker.run(SegmentedRaftLogWorker.java:307)
        at app//org.apache.ratis.server.raftlog.segmented.SegmentedRaftLogWorker$$Lambda/0x00007fd9cc334298.run(Unknown Source)
        at java.base@21.0.5/java.util.concurrent.Executors$RunnableAdapter.call(Executors.java:572)
        at java.base@21.0.5/java.util.concurrent.FutureTask.run(FutureTask.java:317)
        at java.base@21.0.5/java.util.concurrent.ThreadPoolExecutor.runWorker(ThreadPoolExecutor.java:1144)
        at java.base@21.0.5/java.util.concurrent.ThreadPoolExecutor$Worker.run(ThreadPoolExecutor.java:642)
        at java.base@21.0.5/java.lang.Thread.runWith(Thread.java:1596)
        at java.base@21.0.5/java.lang.Thread.run(Thread.java:1583)
"IPC Server handler 40 on default port 15002" daemon prio=5 tid=372 timed_waiting
java.lang.Thread.State: TIMED_WAITING
        at java.base@21.0.5/jdk.internal.misc.Unsafe.park(Native Method)
        at java.base@21.0.5/java.util.concurrent.locks.LockSupport.parkNanos(LockSupport.java:269)
        at java.base@21.0.5/java.util.concurrent.locks.AbstractQueuedSynchronizer$ConditionObject.awaitNanos(AbstractQueuedSynchronizer.java:1763)
        at java.base@21.0.5/java.util.concurrent.LinkedBlockingQueue.poll(LinkedBlockingQueue.java:460)
        at app//org.apache.hadoop.ipc.CallQueueManager.take(CallQueueManager.java:370)
        at app//org.apache.hadoop.ipc.Server$Handler.run(Server.java:3165)
"ac32094a-198b-4072-99dd-552311e88daf@group-7D6565184E1B-FollowerState" daemon prio=5 tid=2668 timed_waiting
java.lang.Thread.State: TIMED_WAITING
        at java.base@21.0.5/java.lang.Thread.sleep0(Native Method)
        at java.base@21.0.5/java.lang.Thread.sleep(Thread.java:558)
        at java.base@21.0.5/java.util.concurrent.TimeUnit.sleep(TimeUnit.java:446)
        at app//org.apache.ratis.util.TimeDuration.sleep(TimeDuration.java:353)
        at app//org.apache.ratis.util.TimeDuration.sleep(TimeDuration.java:338)
        at app//org.apache.ratis.server.impl.FollowerState.runImpl(FollowerState.java:149)
        at app//org.apache.ratis.server.impl.FollowerState.run(FollowerState.java:130)
"qtp1757232703-2487" daemon prio=5 tid=2487 timed_waiting
java.lang.Thread.State: TIMED_WAITING
        at java.base@21.0.5/jdk.internal.misc.Unsafe.park(Native Method)
        at java.base@21.0.5/java.util.concurrent.locks.LockSupport.parkNanos(LockSupport.java:269)
        at java.base@21.0.5/java.util.concurrent.locks.AbstractQueuedSynchronizer$ConditionObject.awaitNanos(AbstractQueuedSynchronizer.java:1763)
        at app//org.eclipse.jetty.util.BlockingArrayQueue.poll(BlockingArrayQueue.java:382)
        at app//org.eclipse.jetty.util.thread.QueuedThreadPool$Runner.idleJobPoll(QueuedThreadPool.java:974)
        at app//org.eclipse.jetty.util.thread.QueuedThreadPool$Runner.run(QueuedThreadPool.java:1018)
        at java.base@21.0.5/java.lang.Thread.runWith(Thread.java:1596)
        at java.base@21.0.5/java.lang.Thread.run(Thread.java:1583)
"IPC Server handler 23 on default port 15000" daemon prio=5 tid=137 timed_waiting
java.lang.Thread.State: TIMED_WAITING
        at java.base@21.0.5/jdk.internal.misc.Unsafe.park(Native Method)
        at java.base@21.0.5/java.util.concurrent.locks.LockSupport.parkNanos(LockSupport.java:269)
        at java.base@21.0.5/java.util.concurrent.locks.AbstractQueuedSynchronizer$ConditionObject.awaitNanos(AbstractQueuedSynchronizer.java:1763)
        at java.base@21.0.5/java.util.concurrent.LinkedBlockingQueue.poll(LinkedBlockingQueue.java:460)
        at app//org.apache.hadoop.ipc.CallQueueManager.take(CallQueueManager.java:370)
        at app//org.apache.hadoop.ipc.Server$Handler.run(Server.java:3165)
"IPC Server listener on 15075" daemon prio=5 tid=2491 runnable
java.lang.Thread.State: RUNNABLE
        at java.base@21.0.5/sun.nio.ch.EPoll.wait(Native Method)
        at java.base@21.0.5/sun.nio.ch.EPollSelectorImpl.doSelect(EPollSelectorImpl.java:121)
        at java.base@21.0.5/sun.nio.ch.SelectorImpl.lockAndDoSelect(SelectorImpl.java:130)
        at java.base@21.0.5/sun.nio.ch.SelectorImpl.select(SelectorImpl.java:147)
        at app//org.apache.hadoop.ipc.Server$Listener.run(Server.java:1559)
"4b5ea8a3-88a5-4114-908f-7a85f39bc1cb-BlockDeletingService#1" daemon prio=5 tid=1049 in Object.wait()
java.lang.Thread.State: WAITING (on object monitor)
        at java.base@21.0.5/jdk.internal.misc.Unsafe.park(Native Method)
        at java.base@21.0.5/java.util.concurrent.locks.LockSupport.park(LockSupport.java:371)
        at java.base@21.0.5/java.util.concurrent.locks.AbstractQueuedSynchronizer$ConditionNode.block(AbstractQueuedSynchronizer.java:519)
        at java.base@21.0.5/java.util.concurrent.ForkJoinPool.unmanagedBlock(ForkJoinPool.java:3780)
        at java.base@21.0.5/java.util.concurrent.ForkJoinPool.managedBlock(ForkJoinPool.java:3725)
        at java.base@21.0.5/java.util.concurrent.locks.AbstractQueuedSynchronizer$ConditionObject.await(AbstractQueuedSynchronizer.java:1712)
        at java.base@21.0.5/java.util.concurrent.ScheduledThreadPoolExecutor$DelayedWorkQueue.take(ScheduledThreadPoolExecutor.java:1177)
        at java.base@21.0.5/java.util.concurrent.ScheduledThreadPoolExecutor$DelayedWorkQueue.take(ScheduledThreadPoolExecutor.java:899)
        at java.base@21.0.5/java.util.concurrent.ThreadPoolExecutor.getTask(ThreadPoolExecutor.java:1070)
        at java.base@21.0.5/java.util.concurrent.ThreadPoolExecutor.runWorker(ThreadPoolExecutor.java:1130)
        at java.base@21.0.5/java.util.concurrent.ThreadPoolExecutor$Worker.run(ThreadPoolExecutor.java:642)
        at java.base@21.0.5/java.lang.Thread.runWith(Thread.java:1596)
        at java.base@21.0.5/java.lang.Thread.run(Thread.java:1583)
"IPC Server handler 50 on default port 15000" daemon prio=5 tid=164 timed_waiting
java.lang.Thread.State: TIMED_WAITING
        at java.base@21.0.5/jdk.internal.misc.Unsafe.park(Native Method)
        at java.base@21.0.5/java.util.concurrent.locks.LockSupport.parkNanos(LockSupport.java:269)
        at java.base@21.0.5/java.util.concurrent.locks.AbstractQueuedSynchronizer$ConditionObject.awaitNanos(AbstractQueuedSynchronizer.java:1763)
        at java.base@21.0.5/java.util.concurrent.LinkedBlockingQueue.poll(LinkedBlockingQueue.java:460)
        at app//org.apache.hadoop.ipc.CallQueueManager.take(CallQueueManager.java:370)
        at app//org.apache.hadoop.ipc.Server$Handler.run(Server.java:3165)
"IPC Server handler 59 on default port 15002" daemon prio=5 tid=391 timed_waiting
java.lang.Thread.State: TIMED_WAITING
        at java.base@21.0.5/jdk.internal.misc.Unsafe.park(Native Method)
        at java.base@21.0.5/java.util.concurrent.locks.LockSupport.parkNanos(LockSupport.java:269)
        at java.base@21.0.5/java.util.concurrent.locks.AbstractQueuedSynchronizer$ConditionObject.awaitNanos(AbstractQueuedSynchronizer.java:1763)
        at java.base@21.0.5/java.util.concurrent.LinkedBlockingQueue.poll(LinkedBlockingQueue.java:460)
        at app//org.apache.hadoop.ipc.CallQueueManager.take(CallQueueManager.java:370)
        at app//org.apache.hadoop.ipc.Server$Handler.run(Server.java:3165)
"IPC Server handler 8 on default port 15030" daemon prio=5 tid=643 timed_waiting
java.lang.Thread.State: TIMED_WAITING
        at java.base@21.0.5/jdk.internal.misc.Unsafe.park(Native Method)
        at java.base@21.0.5/java.util.concurrent.locks.LockSupport.parkNanos(LockSupport.java:269)
        at java.base@21.0.5/java.util.concurrent.locks.AbstractQueuedSynchronizer$ConditionObject.awaitNanos(AbstractQueuedSynchronizer.java:1763)
        at java.base@21.0.5/java.util.concurrent.LinkedBlockingQueue.poll(LinkedBlockingQueue.java:460)
        at app//org.apache.hadoop.ipc.CallQueueManager.take(CallQueueManager.java:370)
        at app//org.apache.hadoop.ipc.Server$Handler.run(Server.java:3165)
"IPC Server handler 94 on default port 15000" daemon prio=5 tid=208 timed_waiting
java.lang.Thread.State: TIMED_WAITING
        at java.base@21.0.5/jdk.internal.misc.Unsafe.park(Native Method)
        at java.base@21.0.5/java.util.concurrent.locks.LockSupport.parkNanos(LockSupport.java:269)
        at java.base@21.0.5/java.util.concurrent.locks.AbstractQueuedSynchronizer$ConditionObject.awaitNanos(AbstractQueuedSynchronizer.java:1763)
        at java.base@21.0.5/java.util.concurrent.LinkedBlockingQueue.poll(LinkedBlockingQueue.java:460)
        at app//org.apache.hadoop.ipc.CallQueueManager.take(CallQueueManager.java:370)
        at app//org.apache.hadoop.ipc.Server$Handler.run(Server.java:3165)
"751e45cc-852a-454f-97c8-e80f2befe6f4@group-EF3CB8D23BF9-SegmentedRaftLogWorker" daemon prio=5 tid=1263 timed_waiting
java.lang.Thread.State: TIMED_WAITING
        at java.base@21.0.5/jdk.internal.misc.Unsafe.park(Native Method)
        at java.base@21.0.5/java.util.concurrent.locks.LockSupport.parkNanos(LockSupport.java:269)
        at java.base@21.0.5/java.util.concurrent.locks.AbstractQueuedSynchronizer$ConditionObject.awaitNanos(AbstractQueuedSynchronizer.java:1763)
        at app//org.apache.ratis.util.DataBlockingQueue.poll(DataBlockingQueue.java:148)
        at app//org.apache.ratis.server.raftlog.segmented.SegmentedRaftLogWorker.run(SegmentedRaftLogWorker.java:307)
        at app//org.apache.ratis.server.raftlog.segmented.SegmentedRaftLogWorker$$Lambda/0x00007fd9cc334298.run(Unknown Source)
        at java.base@21.0.5/java.util.concurrent.Executors$RunnableAdapter.call(Executors.java:572)
        at java.base@21.0.5/java.util.concurrent.FutureTask.run(FutureTask.java:317)
        at java.base@21.0.5/java.util.concurrent.ThreadPoolExecutor.runWorker(ThreadPoolExecutor.java:1144)
        at java.base@21.0.5/java.util.concurrent.ThreadPoolExecutor$Worker.run(ThreadPoolExecutor.java:642)
        at java.base@21.0.5/java.lang.Thread.runWith(Thread.java:1596)
        at java.base@21.0.5/java.lang.Thread.run(Thread.java:1583)
"Socket Reader #2 for port 15066"  prio=5 tid=807 runnable
java.lang.Thread.State: RUNNABLE
        at java.base@21.0.5/sun.nio.ch.EPoll.wait(Native Method)
        at java.base@21.0.5/sun.nio.ch.EPollSelectorImpl.doSelect(EPollSelectorImpl.java:121)
        at java.base@21.0.5/sun.nio.ch.SelectorImpl.lockAndDoSelect(SelectorImpl.java:130)
        at java.base@21.0.5/sun.nio.ch.SelectorImpl.select(SelectorImpl.java:147)
        at app//org.apache.hadoop.ipc.Server$Listener$Reader.doRunLoop(Server.java:1497)
        at app//org.apache.hadoop.ipc.Server$Listener$Reader.run(Server.java:1476)
"ac32094a-198b-4072-99dd-552311e88daf-ChunkWriter-0-0" daemon prio=5 tid=1155 in Object.wait()
java.lang.Thread.State: WAITING (on object monitor)
        at java.base@21.0.5/jdk.internal.misc.Unsafe.park(Native Method)
        at java.base@21.0.5/java.util.concurrent.locks.LockSupport.park(LockSupport.java:371)
        at java.base@21.0.5/java.util.concurrent.locks.AbstractQueuedSynchronizer$ConditionNode.block(AbstractQueuedSynchronizer.java:519)
        at java.base@21.0.5/java.util.concurrent.ForkJoinPool.unmanagedBlock(ForkJoinPool.java:3780)
        at java.base@21.0.5/java.util.concurrent.ForkJoinPool.managedBlock(ForkJoinPool.java:3725)
        at java.base@21.0.5/java.util.concurrent.locks.AbstractQueuedSynchronizer$ConditionObject.await(AbstractQueuedSynchronizer.java:1712)
        at java.base@21.0.5/java.util.concurrent.LinkedBlockingDeque.takeFirst(LinkedBlockingDeque.java:485)
        at java.base@21.0.5/java.util.concurrent.LinkedBlockingDeque.take(LinkedBlockingDeque.java:673)
        at java.base@21.0.5/java.util.concurrent.ThreadPoolExecutor.getTask(ThreadPoolExecutor.java:1070)
        at java.base@21.0.5/java.util.concurrent.ThreadPoolExecutor.runWorker(ThreadPoolExecutor.java:1130)
        at java.base@21.0.5/java.util.concurrent.ThreadPoolExecutor$Worker.run(ThreadPoolExecutor.java:642)
        at java.base@21.0.5/java.lang.Thread.runWith(Thread.java:1596)
        at java.base@21.0.5/java.lang.Thread.run(Thread.java:1583)
"JvmPauseMonitor6" daemon prio=5 tid=1044 timed_waiting
java.lang.Thread.State: TIMED_WAITING
        at java.base@21.0.5/java.lang.Thread.sleep0(Native Method)
        at java.base@21.0.5/java.lang.Thread.sleep(Thread.java:558)
        at java.base@21.0.5/java.util.concurrent.TimeUnit.sleep(TimeUnit.java:446)
        at app//org.apache.ratis.util.TimeDuration.sleep(TimeDuration.java:353)
        at app//org.apache.ratis.util.TimeDuration.sleep(TimeDuration.java:338)
        at app//org.apache.ratis.util.JvmPauseMonitor.detectPause(JvmPauseMonitor.java:160)
        at app//org.apache.ratis.util.JvmPauseMonitor.run(JvmPauseMonitor.java:149)
        at app//org.apache.ratis.util.JvmPauseMonitor$$Lambda/0x00007fd9cc38c980.run(Unknown Source)
        at java.base@21.0.5/java.lang.Thread.runWith(Thread.java:1596)
        at java.base@21.0.5/java.lang.Thread.run(Thread.java:1583)
"Socket Reader #6 for port 15002"  prio=5 tid=61 runnable
java.lang.Thread.State: RUNNABLE
        at java.base@21.0.5/sun.nio.ch.EPoll.wait(Native Method)
        at java.base@21.0.5/sun.nio.ch.EPollSelectorImpl.doSelect(EPollSelectorImpl.java:121)
        at java.base@21.0.5/sun.nio.ch.SelectorImpl.lockAndDoSelect(SelectorImpl.java:130)
        at java.base@21.0.5/sun.nio.ch.SelectorImpl.select(SelectorImpl.java:147)
        at app//org.apache.hadoop.ipc.Server$Listener$Reader.doRunLoop(Server.java:1497)
        at app//org.apache.hadoop.ipc.Server$Listener$Reader.run(Server.java:1476)
"EventQueue-OpenPipelineForHealthyPipelineSafeModeRule" daemon prio=5 tid=1171 in Object.wait()
java.lang.Thread.State: WAITING (on object monitor)
        at java.base@21.0.5/jdk.internal.misc.Unsafe.park(Native Method)
        at java.base@21.0.5/java.util.concurrent.locks.LockSupport.park(LockSupport.java:371)
        at java.base@21.0.5/java.util.concurrent.locks.AbstractQueuedSynchronizer$ConditionNode.block(AbstractQueuedSynchronizer.java:519)
        at java.base@21.0.5/java.util.concurrent.ForkJoinPool.unmanagedBlock(ForkJoinPool.java:3780)
        at java.base@21.0.5/java.util.concurrent.ForkJoinPool.managedBlock(ForkJoinPool.java:3725)
        at java.base@21.0.5/java.util.concurrent.locks.AbstractQueuedSynchronizer$ConditionObject.await(AbstractQueuedSynchronizer.java:1712)
        at java.base@21.0.5/java.util.concurrent.LinkedBlockingQueue.take(LinkedBlockingQueue.java:435)
        at java.base@21.0.5/java.util.concurrent.ThreadPoolExecutor.getTask(ThreadPoolExecutor.java:1070)
        at java.base@21.0.5/java.util.concurrent.ThreadPoolExecutor.runWorker(ThreadPoolExecutor.java:1130)
        at java.base@21.0.5/java.util.concurrent.ThreadPoolExecutor$Worker.run(ThreadPoolExecutor.java:642)
        at java.base@21.0.5/java.lang.Thread.runWith(Thread.java:1596)
        at java.base@21.0.5/java.lang.Thread.run(Thread.java:1583)
"SCMBlockDeletingService#0" daemon prio=5 tid=314 timed_waiting
java.lang.Thread.State: TIMED_WAITING
        at java.base@21.0.5/jdk.internal.misc.Unsafe.park(Native Method)
        at java.base@21.0.5/java.util.concurrent.locks.LockSupport.parkNanos(LockSupport.java:269)
        at java.base@21.0.5/java.util.concurrent.locks.AbstractQueuedSynchronizer$ConditionObject.awaitNanos(AbstractQueuedSynchronizer.java:1763)
        at java.base@21.0.5/java.util.concurrent.ScheduledThreadPoolExecutor$DelayedWorkQueue.take(ScheduledThreadPoolExecutor.java:1182)
        at java.base@21.0.5/java.util.concurrent.ScheduledThreadPoolExecutor$DelayedWorkQueue.take(ScheduledThreadPoolExecutor.java:899)
        at java.base@21.0.5/java.util.concurrent.ThreadPoolExecutor.getTask(ThreadPoolExecutor.java:1070)
        at java.base@21.0.5/java.util.concurrent.ThreadPoolExecutor.runWorker(ThreadPoolExecutor.java:1130)
        at java.base@21.0.5/java.util.concurrent.ThreadPoolExecutor$Worker.run(ThreadPoolExecutor.java:642)
        at java.base@21.0.5/java.lang.Thread.runWith(Thread.java:1596)
        at java.base@21.0.5/java.lang.Thread.run(Thread.java:1583)
"4b5ea8a3-88a5-4114-908f-7a85f39bc1cb@group-7D6565184E1B-SegmentedRaftLogWorker" daemon prio=5 tid=2589 timed_waiting
java.lang.Thread.State: TIMED_WAITING
        at java.base@21.0.5/jdk.internal.misc.Unsafe.park(Native Method)
        at java.base@21.0.5/java.util.concurrent.locks.LockSupport.parkNanos(LockSupport.java:269)
        at java.base@21.0.5/java.util.concurrent.locks.AbstractQueuedSynchronizer$ConditionObject.awaitNanos(AbstractQueuedSynchronizer.java:1763)
        at app//org.apache.ratis.util.DataBlockingQueue.poll(DataBlockingQueue.java:148)
        at app//org.apache.ratis.server.raftlog.segmented.SegmentedRaftLogWorker.run(SegmentedRaftLogWorker.java:307)
        at app//org.apache.ratis.server.raftlog.segmented.SegmentedRaftLogWorker$$Lambda/0x00007fd9cc334298.run(Unknown Source)
        at java.base@21.0.5/java.util.concurrent.Executors$RunnableAdapter.call(Executors.java:572)
        at java.base@21.0.5/java.util.concurrent.FutureTask.run(FutureTask.java:317)
        at java.base@21.0.5/java.util.concurrent.ThreadPoolExecutor.runWorker(ThreadPoolExecutor.java:1144)
        at java.base@21.0.5/java.util.concurrent.ThreadPoolExecutor$Worker.run(ThreadPoolExecutor.java:642)
        at java.base@21.0.5/java.lang.Thread.runWith(Thread.java:1596)
        at java.base@21.0.5/java.lang.Thread.run(Thread.java:1583)
"qtp1778430092-610" daemon prio=5 tid=610 runnable
java.lang.Thread.State: RUNNABLE
        at java.base@21.0.5/sun.nio.ch.EPoll.wait(Native Method)
        at java.base@21.0.5/sun.nio.ch.EPollSelectorImpl.doSelect(EPollSelectorImpl.java:121)
        at java.base@21.0.5/sun.nio.ch.SelectorImpl.lockAndDoSelect(SelectorImpl.java:130)
        at java.base@21.0.5/sun.nio.ch.SelectorImpl.select(SelectorImpl.java:147)
        at app//org.eclipse.jetty.io.ManagedSelector.nioSelect(ManagedSelector.java:183)
        at app//org.eclipse.jetty.io.ManagedSelector.select(ManagedSelector.java:190)
        at app//org.eclipse.jetty.io.ManagedSelector$SelectorProducer.select(ManagedSelector.java:606)
        at app//org.eclipse.jetty.io.ManagedSelector$SelectorProducer.produce(ManagedSelector.java:543)
        at app//org.eclipse.jetty.util.thread.strategy.EatWhatYouKill.produceTask(EatWhatYouKill.java:362)
        at app//org.eclipse.jetty.util.thread.strategy.EatWhatYouKill.doProduce(EatWhatYouKill.java:186)
        at app//org.eclipse.jetty.util.thread.strategy.EatWhatYouKill.tryProduce(EatWhatYouKill.java:173)
        at app//org.eclipse.jetty.util.thread.strategy.EatWhatYouKill.produce(EatWhatYouKill.java:137)
        at app//org.eclipse.jetty.io.ManagedSelector$$Lambda/0x00007fd9cc65d0d0.run(Unknown Source)
        at app//org.eclipse.jetty.util.thread.QueuedThreadPool.runJob(QueuedThreadPool.java:883)
        at app//org.eclipse.jetty.util.thread.QueuedThreadPool$Runner.run(QueuedThreadPool.java:1034)
        at java.base@21.0.5/java.lang.Thread.runWith(Thread.java:1596)
        at java.base@21.0.5/java.lang.Thread.run(Thread.java:1583)
"4b5ea8a3-88a5-4114-908f-7a85f39bc1cb-groupManagement" daemon prio=5 tid=1262 in Object.wait()
java.lang.Thread.State: WAITING (on object monitor)
        at java.base@21.0.5/jdk.internal.misc.Unsafe.park(Native Method)
        at java.base@21.0.5/java.util.concurrent.locks.LockSupport.park(LockSupport.java:371)
        at java.base@21.0.5/java.util.concurrent.locks.AbstractQueuedSynchronizer$ConditionNode.block(AbstractQueuedSynchronizer.java:519)
        at java.base@21.0.5/java.util.concurrent.ForkJoinPool.unmanagedBlock(ForkJoinPool.java:3780)
        at java.base@21.0.5/java.util.concurrent.ForkJoinPool.managedBlock(ForkJoinPool.java:3725)
        at java.base@21.0.5/java.util.concurrent.locks.AbstractQueuedSynchronizer$ConditionObject.await(AbstractQueuedSynchronizer.java:1712)
        at java.base@21.0.5/java.util.concurrent.LinkedBlockingQueue.take(LinkedBlockingQueue.java:435)
        at java.base@21.0.5/java.util.concurrent.ThreadPoolExecutor.getTask(ThreadPoolExecutor.java:1070)
        at java.base@21.0.5/java.util.concurrent.ThreadPoolExecutor.runWorker(ThreadPoolExecutor.java:1130)
        at java.base@21.0.5/java.util.concurrent.ThreadPoolExecutor$Worker.run(ThreadPoolExecutor.java:642)
        at java.base@21.0.5/java.lang.Thread.runWith(Thread.java:1596)
        at java.base@21.0.5/java.lang.Thread.run(Thread.java:1583)
"IPC Server handler 66 on default port 15000" daemon prio=5 tid=180 timed_waiting
java.lang.Thread.State: TIMED_WAITING
        at java.base@21.0.5/jdk.internal.misc.Unsafe.park(Native Method)
        at java.base@21.0.5/java.util.concurrent.locks.LockSupport.parkNanos(LockSupport.java:269)
        at java.base@21.0.5/java.util.concurrent.locks.AbstractQueuedSynchronizer$ConditionObject.awaitNanos(AbstractQueuedSynchronizer.java:1763)
        at java.base@21.0.5/java.util.concurrent.LinkedBlockingQueue.poll(LinkedBlockingQueue.java:460)
        at app//org.apache.hadoop.ipc.CallQueueManager.take(CallQueueManager.java:370)
        at app//org.apache.hadoop.ipc.Server$Handler.run(Server.java:3165)
"IPC Server handler 27 on default port 15000" daemon prio=5 tid=141 timed_waiting
java.lang.Thread.State: TIMED_WAITING
        at java.base@21.0.5/jdk.internal.misc.Unsafe.park(Native Method)
        at java.base@21.0.5/java.util.concurrent.locks.LockSupport.parkNanos(LockSupport.java:269)
        at java.base@21.0.5/java.util.concurrent.locks.AbstractQueuedSynchronizer$ConditionObject.awaitNanos(AbstractQueuedSynchronizer.java:1763)
        at java.base@21.0.5/java.util.concurrent.LinkedBlockingQueue.poll(LinkedBlockingQueue.java:460)
        at app//org.apache.hadoop.ipc.CallQueueManager.take(CallQueueManager.java:370)
        at app//org.apache.hadoop.ipc.Server$Handler.run(Server.java:3165)
"IPC Server handler 72 on default port 15001" daemon prio=5 tid=286 timed_waiting
java.lang.Thread.State: TIMED_WAITING
        at java.base@21.0.5/jdk.internal.misc.Unsafe.park(Native Method)
        at java.base@21.0.5/java.util.concurrent.locks.LockSupport.parkNanos(LockSupport.java:269)
        at java.base@21.0.5/java.util.concurrent.locks.AbstractQueuedSynchronizer$ConditionObject.awaitNanos(AbstractQueuedSynchronizer.java:1763)
        at java.base@21.0.5/java.util.concurrent.LinkedBlockingQueue.poll(LinkedBlockingQueue.java:460)
        at app//org.apache.hadoop.ipc.CallQueueManager.take(CallQueueManager.java:370)
        at app//org.apache.hadoop.ipc.Server$Handler.run(Server.java:3165)
"79978ed1-1a5c-4832-b584-9e2d85f03cd7-DatanodeStateMachineDaemonThread" daemon prio=5 tid=551 timed_waiting
java.lang.Thread.State: TIMED_WAITING
        at java.base@21.0.5/java.lang.Thread.sleep0(Native Method)
        at java.base@21.0.5/java.lang.Thread.sleep(Thread.java:509)
        at app//org.apache.hadoop.ozone.container.common.statemachine.DatanodeStateMachine.startStateMachineThread(DatanodeStateMachine.java:358)
        at app//org.apache.hadoop.ozone.container.common.statemachine.DatanodeStateMachine.lambda$startDaemon$1(DatanodeStateMachine.java:544)
        at app//org.apache.hadoop.ozone.container.common.statemachine.DatanodeStateMachine$$Lambda/0x00007fd9cc7d49d8.run(Unknown Source)
        at java.base@21.0.5/java.lang.Thread.runWith(Thread.java:1596)
        at java.base@21.0.5/java.lang.Thread.run(Thread.java:1583)
"IPC Server handler 2 on default port 15030" daemon prio=5 tid=637 timed_waiting
java.lang.Thread.State: TIMED_WAITING
        at java.base@21.0.5/jdk.internal.misc.Unsafe.park(Native Method)
        at java.base@21.0.5/java.util.concurrent.locks.LockSupport.parkNanos(LockSupport.java:269)
        at java.base@21.0.5/java.util.concurrent.locks.AbstractQueuedSynchronizer$ConditionObject.awaitNanos(AbstractQueuedSynchronizer.java:1763)
        at java.base@21.0.5/java.util.concurrent.LinkedBlockingQueue.poll(LinkedBlockingQueue.java:460)
        at app//org.apache.hadoop.ipc.CallQueueManager.take(CallQueueManager.java:370)
        at app//org.apache.hadoop.ipc.Server$Handler.run(Server.java:3165)
"3296053d-9d54-4057-a6a8-67c4b6ec6587-BlockDeletingService#1" daemon prio=5 tid=1000 in Object.wait()
java.lang.Thread.State: WAITING (on object monitor)
        at java.base@21.0.5/jdk.internal.misc.Unsafe.park(Native Method)
        at java.base@21.0.5/java.util.concurrent.locks.LockSupport.park(LockSupport.java:371)
        at java.base@21.0.5/java.util.concurrent.locks.AbstractQueuedSynchronizer$ConditionNode.block(AbstractQueuedSynchronizer.java:519)
        at java.base@21.0.5/java.util.concurrent.ForkJoinPool.unmanagedBlock(ForkJoinPool.java:3780)
        at java.base@21.0.5/java.util.concurrent.ForkJoinPool.managedBlock(ForkJoinPool.java:3725)
        at java.base@21.0.5/java.util.concurrent.locks.AbstractQueuedSynchronizer$ConditionObject.await(AbstractQueuedSynchronizer.java:1712)
        at java.base@21.0.5/java.util.concurrent.ScheduledThreadPoolExecutor$DelayedWorkQueue.take(ScheduledThreadPoolExecutor.java:1177)
        at java.base@21.0.5/java.util.concurrent.ScheduledThreadPoolExecutor$DelayedWorkQueue.take(ScheduledThreadPoolExecutor.java:899)
        at java.base@21.0.5/java.util.concurrent.ThreadPoolExecutor.getTask(ThreadPoolExecutor.java:1070)
        at java.base@21.0.5/java.util.concurrent.ThreadPoolExecutor.runWorker(ThreadPoolExecutor.java:1130)
        at java.base@21.0.5/java.util.concurrent.ThreadPoolExecutor$Worker.run(ThreadPoolExecutor.java:642)
        at java.base@21.0.5/java.lang.Thread.runWith(Thread.java:1596)
        at java.base@21.0.5/java.lang.Thread.run(Thread.java:1583)
"3296053d-9d54-4057-a6a8-67c4b6ec6587-server-thread1" daemon prio=5 tid=2231 timed_waiting
java.lang.Thread.State: TIMED_WAITING
        at java.base@21.0.5/jdk.internal.misc.Unsafe.park(Native Method)
        at java.base@21.0.5/java.util.concurrent.locks.LockSupport.parkNanos(LockSupport.java:410)
        at java.base@21.0.5/java.util.concurrent.LinkedTransferQueue$DualNode.await(LinkedTransferQueue.java:452)
        at java.base@21.0.5/java.util.concurrent.SynchronousQueue$Transferer.xferLifo(SynchronousQueue.java:194)
        at java.base@21.0.5/java.util.concurrent.SynchronousQueue.xfer(SynchronousQueue.java:235)
        at java.base@21.0.5/java.util.concurrent.SynchronousQueue.poll(SynchronousQueue.java:338)
        at java.base@21.0.5/java.util.concurrent.ThreadPoolExecutor.getTask(ThreadPoolExecutor.java:1069)
        at java.base@21.0.5/java.util.concurrent.ThreadPoolExecutor.runWorker(ThreadPoolExecutor.java:1130)
        at java.base@21.0.5/java.util.concurrent.ThreadPoolExecutor$Worker.run(ThreadPoolExecutor.java:642)
        at java.base@21.0.5/java.lang.Thread.runWith(Thread.java:1596)
        at java.base@21.0.5/java.lang.Thread.run(Thread.java:1583)
"grpc-default-boss-ELG-1-1" daemon prio=5 tid=38 runnable
java.lang.Thread.State: RUNNABLE
        at app//org.apache.ratis.thirdparty.io.netty.channel.epoll.Native.epollWait(Native Method)
        at app//org.apache.ratis.thirdparty.io.netty.channel.epoll.Native.epollWait(Native.java:220)
        at app//org.apache.ratis.thirdparty.io.netty.channel.epoll.Native.epollWait(Native.java:213)
        at app//org.apache.ratis.thirdparty.io.netty.channel.epoll.EpollEventLoop.epollWaitNoTimerChange(EpollEventLoop.java:308)
        at app//org.apache.ratis.thirdparty.io.netty.channel.epoll.EpollEventLoop.run(EpollEventLoop.java:365)
        at app//org.apache.ratis.thirdparty.io.netty.util.concurrent.SingleThreadEventExecutor$4.run(SingleThreadEventExecutor.java:997)
        at app//org.apache.ratis.thirdparty.io.netty.util.internal.ThreadExecutorMap$2.run(ThreadExecutorMap.java:74)
        at app//org.apache.ratis.thirdparty.io.netty.util.concurrent.FastThreadLocalRunnable.run(FastThreadLocalRunnable.java:30)
        at java.base@21.0.5/java.lang.Thread.runWith(Thread.java:1596)
        at java.base@21.0.5/java.lang.Thread.run(Thread.java:1583)
"3296053d-9d54-4057-a6a8-67c4b6ec6587@group-5233A358D31F-FollowerState" daemon prio=5 tid=2358 timed_waiting
java.lang.Thread.State: TIMED_WAITING
        at java.base@21.0.5/java.lang.Thread.sleep0(Native Method)
        at java.base@21.0.5/java.lang.Thread.sleep(Thread.java:558)
        at java.base@21.0.5/java.util.concurrent.TimeUnit.sleep(TimeUnit.java:446)
        at app//org.apache.ratis.util.TimeDuration.sleep(TimeDuration.java:353)
        at app//org.apache.ratis.util.TimeDuration.sleep(TimeDuration.java:338)
        at app//org.apache.ratis.server.impl.FollowerState.runImpl(FollowerState.java:149)
        at app//org.apache.ratis.server.impl.FollowerState.run(FollowerState.java:130)
"eca5a246-1f8f-493f-b50d-7eee1f2fec76-BlockDeletingService#3" daemon prio=5 tid=2910 in Object.wait()
java.lang.Thread.State: WAITING (on object monitor)
        at java.base@21.0.5/jdk.internal.misc.Unsafe.park(Native Method)
        at java.base@21.0.5/java.util.concurrent.locks.LockSupport.park(LockSupport.java:371)
        at java.base@21.0.5/java.util.concurrent.locks.AbstractQueuedSynchronizer$ConditionNode.block(AbstractQueuedSynchronizer.java:519)
        at java.base@21.0.5/java.util.concurrent.ForkJoinPool.unmanagedBlock(ForkJoinPool.java:3780)
        at java.base@21.0.5/java.util.concurrent.ForkJoinPool.managedBlock(ForkJoinPool.java:3725)
        at java.base@21.0.5/java.util.concurrent.locks.AbstractQueuedSynchronizer$ConditionObject.await(AbstractQueuedSynchronizer.java:1712)
        at java.base@21.0.5/java.util.concurrent.ScheduledThreadPoolExecutor$DelayedWorkQueue.take(ScheduledThreadPoolExecutor.java:1177)
        at java.base@21.0.5/java.util.concurrent.ScheduledThreadPoolExecutor$DelayedWorkQueue.take(ScheduledThreadPoolExecutor.java:899)
        at java.base@21.0.5/java.util.concurrent.ThreadPoolExecutor.getTask(ThreadPoolExecutor.java:1070)
        at java.base@21.0.5/java.util.concurrent.ThreadPoolExecutor.runWorker(ThreadPoolExecutor.java:1130)
        at java.base@21.0.5/java.util.concurrent.ThreadPoolExecutor$Worker.run(ThreadPoolExecutor.java:642)
        at java.base@21.0.5/java.lang.Thread.runWith(Thread.java:1596)
        at java.base@21.0.5/java.lang.Thread.run(Thread.java:1583)
"qtp1967404553-706-acceptor-0@26466c21-ServerConnector@2dfecd52{HTTP/1.1, (http/1.1)}{0.0.0.0:15047}" daemon prio=3 tid=706 runnable
java.lang.Thread.State: RUNNABLE
        at java.base@21.0.5/sun.nio.ch.Net.accept(Native Method)
        at java.base@21.0.5/sun.nio.ch.ServerSocketChannelImpl.implAccept(ServerSocketChannelImpl.java:433)
        at java.base@21.0.5/sun.nio.ch.ServerSocketChannelImpl.accept(ServerSocketChannelImpl.java:399)
        at app//org.eclipse.jetty.server.ServerConnector.accept(ServerConnector.java:388)
        at app//org.eclipse.jetty.server.AbstractConnector$Acceptor.run(AbstractConnector.java:704)
        at app//org.eclipse.jetty.util.thread.QueuedThreadPool.runJob(QueuedThreadPool.java:883)
        at app//org.eclipse.jetty.util.thread.QueuedThreadPool$Runner.run(QueuedThreadPool.java:1034)
        at java.base@21.0.5/java.lang.Thread.runWith(Thread.java:1596)
        at java.base@21.0.5/java.lang.Thread.run(Thread.java:1583)
"DatanodeAdminManager-0" daemon prio=5 tid=54 timed_waiting
java.lang.Thread.State: TIMED_WAITING
        at java.base@21.0.5/jdk.internal.misc.Unsafe.park(Native Method)
        at java.base@21.0.5/java.util.concurrent.locks.LockSupport.parkNanos(LockSupport.java:269)
        at java.base@21.0.5/java.util.concurrent.locks.AbstractQueuedSynchronizer$ConditionObject.awaitNanos(AbstractQueuedSynchronizer.java:1763)
        at java.base@21.0.5/java.util.concurrent.ScheduledThreadPoolExecutor$DelayedWorkQueue.take(ScheduledThreadPoolExecutor.java:1182)
        at java.base@21.0.5/java.util.concurrent.ScheduledThreadPoolExecutor$DelayedWorkQueue.take(ScheduledThreadPoolExecutor.java:899)
        at java.base@21.0.5/java.util.concurrent.ThreadPoolExecutor.getTask(ThreadPoolExecutor.java:1070)
        at java.base@21.0.5/java.util.concurrent.ThreadPoolExecutor.runWorker(ThreadPoolExecutor.java:1130)
        at java.base@21.0.5/java.util.concurrent.ThreadPoolExecutor$Worker.run(ThreadPoolExecutor.java:642)
        at java.base@21.0.5/java.lang.Thread.runWith(Thread.java:1596)
        at java.base@21.0.5/java.lang.Thread.run(Thread.java:1583)
"79978ed1-1a5c-4832-b584-9e2d85f03cd7@group-A6DF87581CD1-cacheEviction-AwaitToRun" daemon prio=5 tid=1284 in Object.wait()
java.lang.Thread.State: WAITING (on object monitor)
        at java.base@21.0.5/jdk.internal.misc.Unsafe.park(Native Method)
        at java.base@21.0.5/java.util.concurrent.locks.LockSupport.park(LockSupport.java:371)
        at java.base@21.0.5/java.util.concurrent.locks.AbstractQueuedSynchronizer$ConditionNode.block(AbstractQueuedSynchronizer.java:519)
        at java.base@21.0.5/java.util.concurrent.ForkJoinPool.unmanagedBlock(ForkJoinPool.java:3780)
        at java.base@21.0.5/java.util.concurrent.ForkJoinPool.managedBlock(ForkJoinPool.java:3725)
        at java.base@21.0.5/java.util.concurrent.locks.AbstractQueuedSynchronizer$ConditionObject.await(AbstractQueuedSynchronizer.java:1712)
        at app//org.apache.ratis.util.AwaitForSignal.await(AwaitForSignal.java:48)
        at app//org.apache.ratis.util.AwaitToRun$RunnableImpl.run(AwaitToRun.java:47)
        at java.base@21.0.5/java.lang.Thread.runWith(Thread.java:1596)
        at java.base@21.0.5/java.lang.Thread.run(Thread.java:1583)
"Hadoop-Metrics-Updater-0" daemon prio=5 tid=540 timed_waiting
java.lang.Thread.State: TIMED_WAITING
        at java.base@21.0.5/jdk.internal.misc.Unsafe.park(Native Method)
        at java.base@21.0.5/java.util.concurrent.locks.LockSupport.parkNanos(LockSupport.java:269)
        at java.base@21.0.5/java.util.concurrent.locks.AbstractQueuedSynchronizer$ConditionObject.awaitNanos(AbstractQueuedSynchronizer.java:1763)
        at java.base@21.0.5/java.util.concurrent.ScheduledThreadPoolExecutor$DelayedWorkQueue.take(ScheduledThreadPoolExecutor.java:1182)
        at java.base@21.0.5/java.util.concurrent.ScheduledThreadPoolExecutor$DelayedWorkQueue.take(ScheduledThreadPoolExecutor.java:899)
        at java.base@21.0.5/java.util.concurrent.ThreadPoolExecutor.getTask(ThreadPoolExecutor.java:1070)
        at java.base@21.0.5/java.util.concurrent.ThreadPoolExecutor.runWorker(ThreadPoolExecutor.java:1130)
        at java.base@21.0.5/java.util.concurrent.ThreadPoolExecutor$Worker.run(ThreadPoolExecutor.java:642)
        at java.base@21.0.5/java.lang.Thread.runWith(Thread.java:1596)
        at java.base@21.0.5/java.lang.Thread.run(Thread.java:1583)
"IPC Server handler 0 on default port 15012" daemon prio=5 tid=541 timed_waiting
java.lang.Thread.State: TIMED_WAITING
        at java.base@21.0.5/jdk.internal.misc.Unsafe.park(Native Method)
        at java.base@21.0.5/java.util.concurrent.locks.LockSupport.parkNanos(LockSupport.java:269)
        at java.base@21.0.5/java.util.concurrent.locks.AbstractQueuedSynchronizer$ConditionObject.awaitNanos(AbstractQueuedSynchronizer.java:1763)
        at java.base@21.0.5/java.util.concurrent.LinkedBlockingQueue.poll(LinkedBlockingQueue.java:460)
        at app//org.apache.hadoop.ipc.CallQueueManager.take(CallQueueManager.java:370)
        at app//org.apache.hadoop.ipc.Server$Handler.run(Server.java:3165)
"79978ed1-1a5c-4832-b584-9e2d85f03cd7-BlockDeletingService#1" daemon prio=5 tid=871 in Object.wait()
java.lang.Thread.State: WAITING (on object monitor)
        at java.base@21.0.5/jdk.internal.misc.Unsafe.park(Native Method)
        at java.base@21.0.5/java.util.concurrent.locks.LockSupport.park(LockSupport.java:371)
        at java.base@21.0.5/java.util.concurrent.locks.AbstractQueuedSynchronizer$ConditionNode.block(AbstractQueuedSynchronizer.java:519)
        at java.base@21.0.5/java.util.concurrent.ForkJoinPool.unmanagedBlock(ForkJoinPool.java:3780)
        at java.base@21.0.5/java.util.concurrent.ForkJoinPool.managedBlock(ForkJoinPool.java:3725)
        at java.base@21.0.5/java.util.concurrent.locks.AbstractQueuedSynchronizer$ConditionObject.await(AbstractQueuedSynchronizer.java:1712)
        at java.base@21.0.5/java.util.concurrent.ScheduledThreadPoolExecutor$DelayedWorkQueue.take(ScheduledThreadPoolExecutor.java:1177)
        at java.base@21.0.5/java.util.concurrent.ScheduledThreadPoolExecutor$DelayedWorkQueue.take(ScheduledThreadPoolExecutor.java:899)
        at java.base@21.0.5/java.util.concurrent.ThreadPoolExecutor.getTask(ThreadPoolExecutor.java:1070)
        at java.base@21.0.5/java.util.concurrent.ThreadPoolExecutor.runWorker(ThreadPoolExecutor.java:1130)
        at java.base@21.0.5/java.util.concurrent.ThreadPoolExecutor$Worker.run(ThreadPoolExecutor.java:642)
        at java.base@21.0.5/java.lang.Thread.runWith(Thread.java:1596)
        at java.base@21.0.5/java.lang.Thread.run(Thread.java:1583)
"IPC Server idle connection scanner for port 15021" daemon prio=5 tid=584 timed_waiting
java.lang.Thread.State: TIMED_WAITING
        at java.base@21.0.5/java.lang.Object.wait0(Native Method)
        at java.base@21.0.5/java.lang.Object.wait(Object.java:366)
        at java.base@21.0.5/java.util.TimerThread.mainLoop(Timer.java:563)
        at java.base@21.0.5/java.util.TimerThread.run(Timer.java:516)
"IPC Server handler 5 on default port 15066" daemon prio=5 tid=824 timed_waiting
java.lang.Thread.State: TIMED_WAITING
        at java.base@21.0.5/jdk.internal.misc.Unsafe.park(Native Method)
        at java.base@21.0.5/java.util.concurrent.locks.LockSupport.parkNanos(LockSupport.java:269)
        at java.base@21.0.5/java.util.concurrent.locks.AbstractQueuedSynchronizer$ConditionObject.awaitNanos(AbstractQueuedSynchronizer.java:1763)
        at java.base@21.0.5/java.util.concurrent.LinkedBlockingQueue.poll(LinkedBlockingQueue.java:460)
        at app//org.apache.hadoop.ipc.CallQueueManager.take(CallQueueManager.java:370)
        at app//org.apache.hadoop.ipc.Server$Handler.run(Server.java:3165)
"IPC Server handler 8 on default port 15066" daemon prio=5 tid=827 timed_waiting
java.lang.Thread.State: TIMED_WAITING
        at java.base@21.0.5/jdk.internal.misc.Unsafe.park(Native Method)
        at java.base@21.0.5/java.util.concurrent.locks.LockSupport.parkNanos(LockSupport.java:269)
        at java.base@21.0.5/java.util.concurrent.locks.AbstractQueuedSynchronizer$ConditionObject.awaitNanos(AbstractQueuedSynchronizer.java:1763)
        at java.base@21.0.5/java.util.concurrent.LinkedBlockingQueue.poll(LinkedBlockingQueue.java:460)
        at app//org.apache.hadoop.ipc.CallQueueManager.take(CallQueueManager.java:370)
        at app//org.apache.hadoop.ipc.Server$Handler.run(Server.java:3165)
"Socket Reader #3 for port 15057"  prio=5 tid=762 runnable
java.lang.Thread.State: RUNNABLE
        at java.base@21.0.5/sun.nio.ch.EPoll.wait(Native Method)
        at java.base@21.0.5/sun.nio.ch.EPollSelectorImpl.doSelect(EPollSelectorImpl.java:121)
        at java.base@21.0.5/sun.nio.ch.SelectorImpl.lockAndDoSelect(SelectorImpl.java:130)
        at java.base@21.0.5/sun.nio.ch.SelectorImpl.select(SelectorImpl.java:147)
        at app//org.apache.hadoop.ipc.Server$Listener$Reader.doRunLoop(Server.java:1497)
        at app//org.apache.hadoop.ipc.Server$Listener$Reader.run(Server.java:1476)
"EventQueue-ContainerRegistrationReportForContainerSafeModeRule" daemon prio=5 tid=1090 in Object.wait()
java.lang.Thread.State: WAITING (on object monitor)
        at java.base@21.0.5/jdk.internal.misc.Unsafe.park(Native Method)
        at java.base@21.0.5/java.util.concurrent.locks.LockSupport.park(LockSupport.java:371)
        at java.base@21.0.5/java.util.concurrent.locks.AbstractQueuedSynchronizer$ConditionNode.block(AbstractQueuedSynchronizer.java:519)
        at java.base@21.0.5/java.util.concurrent.ForkJoinPool.unmanagedBlock(ForkJoinPool.java:3780)
        at java.base@21.0.5/java.util.concurrent.ForkJoinPool.managedBlock(ForkJoinPool.java:3725)
        at java.base@21.0.5/java.util.concurrent.locks.AbstractQueuedSynchronizer$ConditionObject.await(AbstractQueuedSynchronizer.java:1712)
        at java.base@21.0.5/java.util.concurrent.LinkedBlockingQueue.take(LinkedBlockingQueue.java:435)
        at java.base@21.0.5/java.util.concurrent.ThreadPoolExecutor.getTask(ThreadPoolExecutor.java:1070)
        at java.base@21.0.5/java.util.concurrent.ThreadPoolExecutor.runWorker(ThreadPoolExecutor.java:1130)
        at java.base@21.0.5/java.util.concurrent.ThreadPoolExecutor$Worker.run(ThreadPoolExecutor.java:642)
        at java.base@21.0.5/java.lang.Thread.runWith(Thread.java:1596)
        at java.base@21.0.5/java.lang.Thread.run(Thread.java:1583)
"ac32094a-198b-4072-99dd-552311e88daf-ChunkReader-3" daemon prio=5 tid=2080 in Object.wait()
java.lang.Thread.State: WAITING (on object monitor)
        at java.base@21.0.5/jdk.internal.misc.Unsafe.park(Native Method)
        at java.base@21.0.5/java.util.concurrent.locks.LockSupport.park(LockSupport.java:371)
        at java.base@21.0.5/java.util.concurrent.locks.AbstractQueuedSynchronizer$ConditionNode.block(AbstractQueuedSynchronizer.java:519)
        at java.base@21.0.5/java.util.concurrent.ForkJoinPool.unmanagedBlock(ForkJoinPool.java:3780)
        at java.base@21.0.5/java.util.concurrent.ForkJoinPool.managedBlock(ForkJoinPool.java:3725)
        at java.base@21.0.5/java.util.concurrent.locks.AbstractQueuedSynchronizer$ConditionObject.await(AbstractQueuedSynchronizer.java:1712)
        at java.base@21.0.5/java.util.concurrent.LinkedBlockingQueue.take(LinkedBlockingQueue.java:435)
        at java.base@21.0.5/java.util.concurrent.ThreadPoolExecutor.getTask(ThreadPoolExecutor.java:1070)
        at java.base@21.0.5/java.util.concurrent.ThreadPoolExecutor.runWorker(ThreadPoolExecutor.java:1130)
        at java.base@21.0.5/java.util.concurrent.ThreadPoolExecutor$Worker.run(ThreadPoolExecutor.java:642)
        at java.base@21.0.5/java.lang.Thread.runWith(Thread.java:1596)
        at java.base@21.0.5/java.lang.Thread.run(Thread.java:1583)
"79978ed1-1a5c-4832-b584-9e2d85f03cd7-ChunkWriter-1-0" daemon prio=5 tid=863 in Object.wait()
java.lang.Thread.State: WAITING (on object monitor)
        at java.base@21.0.5/jdk.internal.misc.Unsafe.park(Native Method)
        at java.base@21.0.5/java.util.concurrent.locks.LockSupport.park(LockSupport.java:371)
        at java.base@21.0.5/java.util.concurrent.locks.AbstractQueuedSynchronizer$ConditionNode.block(AbstractQueuedSynchronizer.java:519)
        at java.base@21.0.5/java.util.concurrent.ForkJoinPool.unmanagedBlock(ForkJoinPool.java:3780)
        at java.base@21.0.5/java.util.concurrent.ForkJoinPool.managedBlock(ForkJoinPool.java:3725)
        at java.base@21.0.5/java.util.concurrent.locks.AbstractQueuedSynchronizer$ConditionObject.await(AbstractQueuedSynchronizer.java:1712)
        at java.base@21.0.5/java.util.concurrent.LinkedBlockingDeque.takeFirst(LinkedBlockingDeque.java:485)
        at java.base@21.0.5/java.util.concurrent.LinkedBlockingDeque.take(LinkedBlockingDeque.java:673)
        at java.base@21.0.5/java.util.concurrent.ThreadPoolExecutor.getTask(ThreadPoolExecutor.java:1070)
        at java.base@21.0.5/java.util.concurrent.ThreadPoolExecutor.runWorker(ThreadPoolExecutor.java:1130)
        at java.base@21.0.5/java.util.concurrent.ThreadPoolExecutor$Worker.run(ThreadPoolExecutor.java:642)
        at java.base@21.0.5/java.lang.Thread.runWith(Thread.java:1596)
        at java.base@21.0.5/java.lang.Thread.run(Thread.java:1583)
"StaleRecoveringContainerScrubbingService#9" daemon prio=5 tid=2888 in Object.wait()
java.lang.Thread.State: WAITING (on object monitor)
        at java.base@21.0.5/jdk.internal.misc.Unsafe.park(Native Method)
        at java.base@21.0.5/java.util.concurrent.locks.LockSupport.park(LockSupport.java:371)
        at java.base@21.0.5/java.util.concurrent.locks.AbstractQueuedSynchronizer$ConditionNode.block(AbstractQueuedSynchronizer.java:519)
        at java.base@21.0.5/java.util.concurrent.ForkJoinPool.unmanagedBlock(ForkJoinPool.java:3780)
        at java.base@21.0.5/java.util.concurrent.ForkJoinPool.managedBlock(ForkJoinPool.java:3725)
        at java.base@21.0.5/java.util.concurrent.locks.AbstractQueuedSynchronizer$ConditionObject.await(AbstractQueuedSynchronizer.java:1712)
        at java.base@21.0.5/java.util.concurrent.ScheduledThreadPoolExecutor$DelayedWorkQueue.take(ScheduledThreadPoolExecutor.java:1177)
        at java.base@21.0.5/java.util.concurrent.ScheduledThreadPoolExecutor$DelayedWorkQueue.take(ScheduledThreadPoolExecutor.java:899)
        at java.base@21.0.5/java.util.concurrent.ThreadPoolExecutor.getTask(ThreadPoolExecutor.java:1070)
        at java.base@21.0.5/java.util.concurrent.ThreadPoolExecutor.runWorker(ThreadPoolExecutor.java:1130)
        at java.base@21.0.5/java.util.concurrent.ThreadPoolExecutor$Worker.run(ThreadPoolExecutor.java:642)
        at java.base@21.0.5/java.lang.Thread.runWith(Thread.java:1596)
        at java.base@21.0.5/java.lang.Thread.run(Thread.java:1583)
"IPC Server handler 76 on default port 15001" daemon prio=5 tid=290 timed_waiting
java.lang.Thread.State: TIMED_WAITING
        at java.base@21.0.5/jdk.internal.misc.Unsafe.park(Native Method)
        at java.base@21.0.5/java.util.concurrent.locks.LockSupport.parkNanos(LockSupport.java:269)
        at java.base@21.0.5/java.util.concurrent.locks.AbstractQueuedSynchronizer$ConditionObject.awaitNanos(AbstractQueuedSynchronizer.java:1763)
        at java.base@21.0.5/java.util.concurrent.LinkedBlockingQueue.poll(LinkedBlockingQueue.java:460)
        at app//org.apache.hadoop.ipc.CallQueueManager.take(CallQueueManager.java:370)
        at app//org.apache.hadoop.ipc.Server$Handler.run(Server.java:3165)
"Hadoop-Metrics-Updater-0" daemon prio=5 tid=68 timed_waiting
java.lang.Thread.State: TIMED_WAITING
        at java.base@21.0.5/jdk.internal.misc.Unsafe.park(Native Method)
        at java.base@21.0.5/java.util.concurrent.locks.LockSupport.parkNanos(LockSupport.java:269)
        at java.base@21.0.5/java.util.concurrent.locks.AbstractQueuedSynchronizer$ConditionObject.awaitNanos(AbstractQueuedSynchronizer.java:1763)
        at java.base@21.0.5/java.util.concurrent.ScheduledThreadPoolExecutor$DelayedWorkQueue.take(ScheduledThreadPoolExecutor.java:1182)
        at java.base@21.0.5/java.util.concurrent.ScheduledThreadPoolExecutor$DelayedWorkQueue.take(ScheduledThreadPoolExecutor.java:899)
        at java.base@21.0.5/java.util.concurrent.ThreadPoolExecutor.getTask(ThreadPoolExecutor.java:1070)
        at java.base@21.0.5/java.util.concurrent.ThreadPoolExecutor.runWorker(ThreadPoolExecutor.java:1130)
        at java.base@21.0.5/java.util.concurrent.ThreadPoolExecutor$Worker.run(ThreadPoolExecutor.java:642)
        at java.base@21.0.5/java.lang.Thread.runWith(Thread.java:1596)
        at java.base@21.0.5/java.lang.Thread.run(Thread.java:1583)
"3296053d-9d54-4057-a6a8-67c4b6ec6587@group-DAF53CCE5B84-cacheEviction-AwaitToRun" daemon prio=5 tid=1519 in Object.wait()
java.lang.Thread.State: WAITING (on object monitor)
        at java.base@21.0.5/jdk.internal.misc.Unsafe.park(Native Method)
        at java.base@21.0.5/java.util.concurrent.locks.LockSupport.park(LockSupport.java:371)
        at java.base@21.0.5/java.util.concurrent.locks.AbstractQueuedSynchronizer$ConditionNode.block(AbstractQueuedSynchronizer.java:519)
        at java.base@21.0.5/java.util.concurrent.ForkJoinPool.unmanagedBlock(ForkJoinPool.java:3780)
        at java.base@21.0.5/java.util.concurrent.ForkJoinPool.managedBlock(ForkJoinPool.java:3725)
        at java.base@21.0.5/java.util.concurrent.locks.AbstractQueuedSynchronizer$ConditionObject.await(AbstractQueuedSynchronizer.java:1712)
        at app//org.apache.ratis.util.AwaitForSignal.await(AwaitForSignal.java:48)
        at app//org.apache.ratis.util.AwaitToRun$RunnableImpl.run(AwaitToRun.java:47)
        at java.base@21.0.5/java.lang.Thread.runWith(Thread.java:1596)
        at java.base@21.0.5/java.lang.Thread.run(Thread.java:1583)
"26f755b0-b4b1-4239-8401-e418fca9ef4b-ChunkWriter-2-0" daemon prio=5 tid=2534 in Object.wait()
java.lang.Thread.State: WAITING (on object monitor)
        at java.base@21.0.5/jdk.internal.misc.Unsafe.park(Native Method)
        at java.base@21.0.5/java.util.concurrent.locks.LockSupport.park(LockSupport.java:371)
        at java.base@21.0.5/java.util.concurrent.locks.AbstractQueuedSynchronizer$ConditionNode.block(AbstractQueuedSynchronizer.java:519)
        at java.base@21.0.5/java.util.concurrent.ForkJoinPool.unmanagedBlock(ForkJoinPool.java:3780)
        at java.base@21.0.5/java.util.concurrent.ForkJoinPool.managedBlock(ForkJoinPool.java:3725)
        at java.base@21.0.5/java.util.concurrent.locks.AbstractQueuedSynchronizer$ConditionObject.await(AbstractQueuedSynchronizer.java:1712)
        at java.base@21.0.5/java.util.concurrent.LinkedBlockingDeque.takeFirst(LinkedBlockingDeque.java:485)
        at java.base@21.0.5/java.util.concurrent.LinkedBlockingDeque.take(LinkedBlockingDeque.java:673)
        at java.base@21.0.5/java.util.concurrent.ThreadPoolExecutor.getTask(ThreadPoolExecutor.java:1070)
        at java.base@21.0.5/java.util.concurrent.ThreadPoolExecutor.runWorker(ThreadPoolExecutor.java:1130)
        at java.base@21.0.5/java.util.concurrent.ThreadPoolExecutor$Worker.run(ThreadPoolExecutor.java:642)
        at java.base@21.0.5/java.lang.Thread.runWith(Thread.java:1596)
        at java.base@21.0.5/java.lang.Thread.run(Thread.java:1583)
"IPC Server handler 29 on default port 15002" daemon prio=5 tid=361 timed_waiting
java.lang.Thread.State: TIMED_WAITING
        at java.base@21.0.5/jdk.internal.misc.Unsafe.park(Native Method)
        at java.base@21.0.5/java.util.concurrent.locks.LockSupport.parkNanos(LockSupport.java:269)
        at java.base@21.0.5/java.util.concurrent.locks.AbstractQueuedSynchronizer$ConditionObject.awaitNanos(AbstractQueuedSynchronizer.java:1763)
        at java.base@21.0.5/java.util.concurrent.LinkedBlockingQueue.poll(LinkedBlockingQueue.java:460)
        at app//org.apache.hadoop.ipc.CallQueueManager.take(CallQueueManager.java:370)
        at app//org.apache.hadoop.ipc.Server$Handler.run(Server.java:3165)
"IPC Server handler 7 on default port 15048" daemon prio=5 tid=734 timed_waiting
java.lang.Thread.State: TIMED_WAITING
        at java.base@21.0.5/jdk.internal.misc.Unsafe.park(Native Method)
        at java.base@21.0.5/java.util.concurrent.locks.LockSupport.parkNanos(LockSupport.java:269)
        at java.base@21.0.5/java.util.concurrent.locks.AbstractQueuedSynchronizer$ConditionObject.awaitNanos(AbstractQueuedSynchronizer.java:1763)
        at java.base@21.0.5/java.util.concurrent.LinkedBlockingQueue.poll(LinkedBlockingQueue.java:460)
        at app//org.apache.hadoop.ipc.CallQueueManager.take(CallQueueManager.java:370)
        at app//org.apache.hadoop.ipc.Server$Handler.run(Server.java:3165)
"751e45cc-852a-454f-97c8-e80f2befe6f4-server-thread2" daemon prio=5 tid=2216 timed_waiting
java.lang.Thread.State: TIMED_WAITING
        at java.base@21.0.5/jdk.internal.misc.Unsafe.park(Native Method)
        at java.base@21.0.5/java.util.concurrent.locks.LockSupport.parkNanos(LockSupport.java:410)
        at java.base@21.0.5/java.util.concurrent.LinkedTransferQueue$DualNode.await(LinkedTransferQueue.java:452)
        at java.base@21.0.5/java.util.concurrent.SynchronousQueue$Transferer.xferLifo(SynchronousQueue.java:194)
        at java.base@21.0.5/java.util.concurrent.SynchronousQueue.xfer(SynchronousQueue.java:235)
        at java.base@21.0.5/java.util.concurrent.SynchronousQueue.poll(SynchronousQueue.java:338)
        at java.base@21.0.5/java.util.concurrent.ThreadPoolExecutor.getTask(ThreadPoolExecutor.java:1069)
        at java.base@21.0.5/java.util.concurrent.ThreadPoolExecutor.runWorker(ThreadPoolExecutor.java:1130)
        at java.base@21.0.5/java.util.concurrent.ThreadPoolExecutor$Worker.run(ThreadPoolExecutor.java:642)
        at java.base@21.0.5/java.lang.Thread.runWith(Thread.java:1596)
        at java.base@21.0.5/java.lang.Thread.run(Thread.java:1583)
"79978ed1-1a5c-4832-b584-9e2d85f03cd7@group-17ECB58173E6-StateMachineUpdater" daemon prio=5 tid=1501 timed_waiting
java.lang.Thread.State: TIMED_WAITING
        at java.base@21.0.5/jdk.internal.misc.Unsafe.park(Native Method)
        at java.base@21.0.5/java.util.concurrent.locks.LockSupport.parkNanos(LockSupport.java:269)
        at java.base@21.0.5/java.util.concurrent.locks.AbstractQueuedSynchronizer$ConditionObject.await(AbstractQueuedSynchronizer.java:1852)
        at app//org.apache.ratis.util.AwaitForSignal.await(AwaitForSignal.java:65)
        at app//org.apache.ratis.server.impl.StateMachineUpdater.waitForCommit(StateMachineUpdater.java:219)
        at app//org.apache.ratis.server.impl.StateMachineUpdater.run(StateMachineUpdater.java:187)
        at java.base@21.0.5/java.lang.Thread.runWith(Thread.java:1596)
        at java.base@21.0.5/java.lang.Thread.run(Thread.java:1583)
"Socket Reader #8 for port 15006"  prio=5 tid=450 runnable
java.lang.Thread.State: RUNNABLE
        at java.base@21.0.5/sun.nio.ch.EPoll.wait(Native Method)
        at java.base@21.0.5/sun.nio.ch.EPollSelectorImpl.doSelect(EPollSelectorImpl.java:121)
        at java.base@21.0.5/sun.nio.ch.SelectorImpl.lockAndDoSelect(SelectorImpl.java:130)
        at java.base@21.0.5/sun.nio.ch.SelectorImpl.select(SelectorImpl.java:147)
        at app//org.apache.hadoop.ipc.Server$Listener$Reader.doRunLoop(Server.java:1497)
        at app//org.apache.hadoop.ipc.Server$Listener$Reader.run(Server.java:1476)
"IPC Server handler 22 on default port 15002" daemon prio=5 tid=354 timed_waiting
java.lang.Thread.State: TIMED_WAITING
        at java.base@21.0.5/jdk.internal.misc.Unsafe.park(Native Method)
        at java.base@21.0.5/java.util.concurrent.locks.LockSupport.parkNanos(LockSupport.java:269)
        at java.base@21.0.5/java.util.concurrent.locks.AbstractQueuedSynchronizer$ConditionObject.awaitNanos(AbstractQueuedSynchronizer.java:1763)
        at java.base@21.0.5/java.util.concurrent.LinkedBlockingQueue.poll(LinkedBlockingQueue.java:460)
        at app//org.apache.hadoop.ipc.CallQueueManager.take(CallQueueManager.java:370)
        at app//org.apache.hadoop.ipc.Server$Handler.run(Server.java:3165)
"StaleRecoveringContainerScrubbingService#2" daemon prio=5 tid=2040 timed_waiting
java.lang.Thread.State: TIMED_WAITING
        at java.base@21.0.5/jdk.internal.misc.Unsafe.park(Native Method)
        at java.base@21.0.5/java.util.concurrent.locks.LockSupport.parkNanos(LockSupport.java:269)
        at java.base@21.0.5/java.util.concurrent.locks.AbstractQueuedSynchronizer$ConditionObject.awaitNanos(AbstractQueuedSynchronizer.java:1763)
        at java.base@21.0.5/java.util.concurrent.ScheduledThreadPoolExecutor$DelayedWorkQueue.take(ScheduledThreadPoolExecutor.java:1182)
        at java.base@21.0.5/java.util.concurrent.ScheduledThreadPoolExecutor$DelayedWorkQueue.take(ScheduledThreadPoolExecutor.java:899)
        at java.base@21.0.5/java.util.concurrent.ThreadPoolExecutor.getTask(ThreadPoolExecutor.java:1070)
        at java.base@21.0.5/java.util.concurrent.ThreadPoolExecutor.runWorker(ThreadPoolExecutor.java:1130)
        at java.base@21.0.5/java.util.concurrent.ThreadPoolExecutor$Worker.run(ThreadPoolExecutor.java:642)
        at java.base@21.0.5/java.lang.Thread.runWith(Thread.java:1596)
        at java.base@21.0.5/java.lang.Thread.run(Thread.java:1583)
"3296053d-9d54-4057-a6a8-67c4b6ec6587@group-8D64113706DD-cacheEviction-AwaitToRun" daemon prio=5 tid=1376 in Object.wait()
java.lang.Thread.State: WAITING (on object monitor)
        at java.base@21.0.5/jdk.internal.misc.Unsafe.park(Native Method)
        at java.base@21.0.5/java.util.concurrent.locks.LockSupport.park(LockSupport.java:371)
        at java.base@21.0.5/java.util.concurrent.locks.AbstractQueuedSynchronizer$ConditionNode.block(AbstractQueuedSynchronizer.java:519)
        at java.base@21.0.5/java.util.concurrent.ForkJoinPool.unmanagedBlock(ForkJoinPool.java:3780)
        at java.base@21.0.5/java.util.concurrent.ForkJoinPool.managedBlock(ForkJoinPool.java:3725)
        at java.base@21.0.5/java.util.concurrent.locks.AbstractQueuedSynchronizer$ConditionObject.await(AbstractQueuedSynchronizer.java:1712)
        at app//org.apache.ratis.util.AwaitForSignal.await(AwaitForSignal.java:48)
        at app//org.apache.ratis.util.AwaitToRun$RunnableImpl.run(AwaitToRun.java:47)
        at java.base@21.0.5/java.lang.Thread.runWith(Thread.java:1596)
        at java.base@21.0.5/java.lang.Thread.run(Thread.java:1583)
"grpc-shared-destroyer-0" daemon prio=5 tid=42 in Object.wait()
java.lang.Thread.State: WAITING (on object monitor)
        at java.base@21.0.5/jdk.internal.misc.Unsafe.park(Native Method)
        at java.base@21.0.5/java.util.concurrent.locks.LockSupport.park(LockSupport.java:371)
        at java.base@21.0.5/java.util.concurrent.locks.AbstractQueuedSynchronizer$ConditionNode.block(AbstractQueuedSynchronizer.java:519)
        at java.base@21.0.5/java.util.concurrent.ForkJoinPool.unmanagedBlock(ForkJoinPool.java:3780)
        at java.base@21.0.5/java.util.concurrent.ForkJoinPool.managedBlock(ForkJoinPool.java:3725)
        at java.base@21.0.5/java.util.concurrent.locks.AbstractQueuedSynchronizer$ConditionObject.await(AbstractQueuedSynchronizer.java:1712)
        at java.base@21.0.5/java.util.concurrent.ScheduledThreadPoolExecutor$DelayedWorkQueue.take(ScheduledThreadPoolExecutor.java:1170)
        at java.base@21.0.5/java.util.concurrent.ScheduledThreadPoolExecutor$DelayedWorkQueue.take(ScheduledThreadPoolExecutor.java:899)
        at java.base@21.0.5/java.util.concurrent.ThreadPoolExecutor.getTask(ThreadPoolExecutor.java:1070)
        at java.base@21.0.5/java.util.concurrent.ThreadPoolExecutor.runWorker(ThreadPoolExecutor.java:1130)
        at java.base@21.0.5/java.util.concurrent.ThreadPoolExecutor$Worker.run(ThreadPoolExecutor.java:642)
        at java.base@21.0.5/java.lang.Thread.runWith(Thread.java:1596)
        at java.base@21.0.5/java.lang.Thread.run(Thread.java:1583)
"IPC Server handler 83 on default port 15001" daemon prio=5 tid=297 timed_waiting
java.lang.Thread.State: TIMED_WAITING
        at java.base@21.0.5/jdk.internal.misc.Unsafe.park(Native Method)
        at java.base@21.0.5/java.util.concurrent.locks.LockSupport.parkNanos(LockSupport.java:269)
        at java.base@21.0.5/java.util.concurrent.locks.AbstractQueuedSynchronizer$ConditionObject.awaitNanos(AbstractQueuedSynchronizer.java:1763)
        at java.base@21.0.5/java.util.concurrent.LinkedBlockingQueue.poll(LinkedBlockingQueue.java:460)
        at app//org.apache.hadoop.ipc.CallQueueManager.take(CallQueueManager.java:370)
        at app//org.apache.hadoop.ipc.Server$Handler.run(Server.java:3165)
"IPC Server handler 7 on default port 15021" daemon prio=5 tid=594 timed_waiting
java.lang.Thread.State: TIMED_WAITING
        at java.base@21.0.5/jdk.internal.misc.Unsafe.park(Native Method)
        at java.base@21.0.5/java.util.concurrent.locks.LockSupport.parkNanos(LockSupport.java:269)
        at java.base@21.0.5/java.util.concurrent.locks.AbstractQueuedSynchronizer$ConditionObject.awaitNanos(AbstractQueuedSynchronizer.java:1763)
        at java.base@21.0.5/java.util.concurrent.LinkedBlockingQueue.poll(LinkedBlockingQueue.java:460)
        at app//org.apache.hadoop.ipc.CallQueueManager.take(CallQueueManager.java:370)
        at app//org.apache.hadoop.ipc.Server$Handler.run(Server.java:3165)
"IPC Server handler 7 on default port 15039" daemon prio=5 tid=688 timed_waiting
java.lang.Thread.State: TIMED_WAITING
        at java.base@21.0.5/jdk.internal.misc.Unsafe.park(Native Method)
        at java.base@21.0.5/java.util.concurrent.locks.LockSupport.parkNanos(LockSupport.java:269)
        at java.base@21.0.5/java.util.concurrent.locks.AbstractQueuedSynchronizer$ConditionObject.awaitNanos(AbstractQueuedSynchronizer.java:1763)
        at java.base@21.0.5/java.util.concurrent.LinkedBlockingQueue.poll(LinkedBlockingQueue.java:460)
        at app//org.apache.hadoop.ipc.CallQueueManager.take(CallQueueManager.java:370)
        at app//org.apache.hadoop.ipc.Server$Handler.run(Server.java:3165)
"IPC Server Responder" daemon prio=5 tid=67 runnable
java.lang.Thread.State: RUNNABLE
        at java.base@21.0.5/sun.nio.ch.EPoll.wait(Native Method)
        at java.base@21.0.5/sun.nio.ch.EPollSelectorImpl.doSelect(EPollSelectorImpl.java:121)
        at java.base@21.0.5/sun.nio.ch.SelectorImpl.lockAndDoSelect(SelectorImpl.java:130)
        at java.base@21.0.5/sun.nio.ch.SelectorImpl.select(SelectorImpl.java:142)
        at app//org.apache.hadoop.ipc.Server$Responder.doRunLoop(Server.java:1733)
        at app//org.apache.hadoop.ipc.Server$Responder.run(Server.java:1716)
"ac32094a-198b-4072-99dd-552311e88daf-ChunkReader-6" daemon prio=5 tid=2446 in Object.wait()
java.lang.Thread.State: WAITING (on object monitor)
        at java.base@21.0.5/jdk.internal.misc.Unsafe.park(Native Method)
        at java.base@21.0.5/java.util.concurrent.locks.LockSupport.park(LockSupport.java:371)
        at java.base@21.0.5/java.util.concurrent.locks.AbstractQueuedSynchronizer$ConditionNode.block(AbstractQueuedSynchronizer.java:519)
        at java.base@21.0.5/java.util.concurrent.ForkJoinPool.unmanagedBlock(ForkJoinPool.java:3780)
        at java.base@21.0.5/java.util.concurrent.ForkJoinPool.managedBlock(ForkJoinPool.java:3725)
        at java.base@21.0.5/java.util.concurrent.locks.AbstractQueuedSynchronizer$ConditionObject.await(AbstractQueuedSynchronizer.java:1712)
        at java.base@21.0.5/java.util.concurrent.LinkedBlockingQueue.take(LinkedBlockingQueue.java:435)
        at java.base@21.0.5/java.util.concurrent.ThreadPoolExecutor.getTask(ThreadPoolExecutor.java:1070)
        at java.base@21.0.5/java.util.concurrent.ThreadPoolExecutor.runWorker(ThreadPoolExecutor.java:1130)
        at java.base@21.0.5/java.util.concurrent.ThreadPoolExecutor$Worker.run(ThreadPoolExecutor.java:642)
        at java.base@21.0.5/java.lang.Thread.runWith(Thread.java:1596)
        at java.base@21.0.5/java.lang.Thread.run(Thread.java:1583)
"26f755b0-b4b1-4239-8401-e418fca9ef4b@group-5DFB2FDE8AB3-StateMachineUpdater" daemon prio=5 tid=2634 timed_waiting
java.lang.Thread.State: TIMED_WAITING
        at java.base@21.0.5/jdk.internal.misc.Unsafe.park(Native Method)
        at java.base@21.0.5/java.util.concurrent.locks.LockSupport.parkNanos(LockSupport.java:269)
        at java.base@21.0.5/java.util.concurrent.locks.AbstractQueuedSynchronizer$ConditionObject.await(AbstractQueuedSynchronizer.java:1852)
        at app//org.apache.ratis.util.AwaitForSignal.await(AwaitForSignal.java:65)
        at app//org.apache.ratis.server.impl.StateMachineUpdater.waitForCommit(StateMachineUpdater.java:219)
        at app//org.apache.ratis.server.impl.StateMachineUpdater.run(StateMachineUpdater.java:187)
        at java.base@21.0.5/java.lang.Thread.runWith(Thread.java:1596)
        at java.base@21.0.5/java.lang.Thread.run(Thread.java:1583)
"79978ed1-1a5c-4832-b584-9e2d85f03cd7@group-69B381BA0E06-cacheEviction-AwaitToRun" daemon prio=5 tid=1210 in Object.wait()
java.lang.Thread.State: WAITING (on object monitor)
        at java.base@21.0.5/jdk.internal.misc.Unsafe.park(Native Method)
        at java.base@21.0.5/java.util.concurrent.locks.LockSupport.park(LockSupport.java:371)
        at java.base@21.0.5/java.util.concurrent.locks.AbstractQueuedSynchronizer$ConditionNode.block(AbstractQueuedSynchronizer.java:519)
        at java.base@21.0.5/java.util.concurrent.ForkJoinPool.unmanagedBlock(ForkJoinPool.java:3780)
        at java.base@21.0.5/java.util.concurrent.ForkJoinPool.managedBlock(ForkJoinPool.java:3725)
        at java.base@21.0.5/java.util.concurrent.locks.AbstractQueuedSynchronizer$ConditionObject.await(AbstractQueuedSynchronizer.java:1712)
        at app//org.apache.ratis.util.AwaitForSignal.await(AwaitForSignal.java:48)
        at app//org.apache.ratis.util.AwaitToRun$RunnableImpl.run(AwaitToRun.java:47)
        at java.base@21.0.5/java.lang.Thread.runWith(Thread.java:1596)
        at java.base@21.0.5/java.lang.Thread.run(Thread.java:1583)
"grpc-default-worker-ELG-3-1" daemon prio=5 tid=1180 runnable
java.lang.Thread.State: RUNNABLE
        at app//org.apache.ratis.thirdparty.io.netty.channel.epoll.Native.epollWait0(Native Method)
        at app//org.apache.ratis.thirdparty.io.netty.channel.epoll.Native.epollWait(Native.java:193)
        at app//org.apache.ratis.thirdparty.io.netty.channel.epoll.EpollEventLoop.epollWait(EpollEventLoop.java:304)
        at app//org.apache.ratis.thirdparty.io.netty.channel.epoll.EpollEventLoop.run(EpollEventLoop.java:368)
        at app//org.apache.ratis.thirdparty.io.netty.util.concurrent.SingleThreadEventExecutor$4.run(SingleThreadEventExecutor.java:997)
        at app//org.apache.ratis.thirdparty.io.netty.util.internal.ThreadExecutorMap$2.run(ThreadExecutorMap.java:74)
        at app//org.apache.ratis.thirdparty.io.netty.util.concurrent.FastThreadLocalRunnable.run(FastThreadLocalRunnable.java:30)
        at java.base@21.0.5/java.lang.Thread.runWith(Thread.java:1596)
        at java.base@21.0.5/java.lang.Thread.run(Thread.java:1583)
"02fc1759-725d-47af-8349-873c9c5c9167@group-63946492C14B-SegmentedRaftLogWorker"  prio=5 tid=1196 timed_waiting
java.lang.Thread.State: TIMED_WAITING
        at java.base@21.0.5/jdk.internal.misc.Unsafe.park(Native Method)
        at java.base@21.0.5/java.util.concurrent.locks.LockSupport.parkNanos(LockSupport.java:269)
        at java.base@21.0.5/java.util.concurrent.locks.AbstractQueuedSynchronizer$ConditionObject.awaitNanos(AbstractQueuedSynchronizer.java:1763)
        at app//org.apache.ratis.util.DataBlockingQueue.poll(DataBlockingQueue.java:148)
        at app//org.apache.ratis.server.raftlog.segmented.SegmentedRaftLogWorker.run(SegmentedRaftLogWorker.java:307)
        at app//org.apache.ratis.server.raftlog.segmented.SegmentedRaftLogWorker$$Lambda/0x00007fd9cc334298.run(Unknown Source)
        at java.base@21.0.5/java.util.concurrent.Executors$RunnableAdapter.call(Executors.java:572)
        at java.base@21.0.5/java.util.concurrent.FutureTask.run(FutureTask.java:317)
        at java.base@21.0.5/java.util.concurrent.ThreadPoolExecutor.runWorker(ThreadPoolExecutor.java:1144)
        at java.base@21.0.5/java.util.concurrent.ThreadPoolExecutor$Worker.run(ThreadPoolExecutor.java:642)
        at java.base@21.0.5/java.lang.Thread.runWith(Thread.java:1596)
        at java.base@21.0.5/java.lang.Thread.run(Thread.java:1583)
"Socket Reader #5 for port 15030"  prio=5 tid=626 runnable
java.lang.Thread.State: RUNNABLE
        at java.base@21.0.5/sun.nio.ch.EPoll.wait(Native Method)
        at java.base@21.0.5/sun.nio.ch.EPollSelectorImpl.doSelect(EPollSelectorImpl.java:121)
        at java.base@21.0.5/sun.nio.ch.SelectorImpl.lockAndDoSelect(SelectorImpl.java:130)
        at java.base@21.0.5/sun.nio.ch.SelectorImpl.select(SelectorImpl.java:147)
        at app//org.apache.hadoop.ipc.Server$Listener$Reader.doRunLoop(Server.java:1497)
        at app//org.apache.hadoop.ipc.Server$Listener$Reader.run(Server.java:1476)
"IPC Server handler 89 on default port 15000" daemon prio=5 tid=203 timed_waiting
java.lang.Thread.State: TIMED_WAITING
        at java.base@21.0.5/jdk.internal.misc.Unsafe.park(Native Method)
        at java.base@21.0.5/java.util.concurrent.locks.LockSupport.parkNanos(LockSupport.java:269)
        at java.base@21.0.5/java.util.concurrent.locks.AbstractQueuedSynchronizer$ConditionObject.awaitNanos(AbstractQueuedSynchronizer.java:1763)
        at java.base@21.0.5/java.util.concurrent.LinkedBlockingQueue.poll(LinkedBlockingQueue.java:460)
        at app//org.apache.hadoop.ipc.CallQueueManager.take(CallQueueManager.java:370)
        at app//org.apache.hadoop.ipc.Server$Handler.run(Server.java:3165)
"Socket Reader #1 for port 15057"  prio=5 tid=760 runnable
java.lang.Thread.State: RUNNABLE
        at java.base@21.0.5/sun.nio.ch.EPoll.wait(Native Method)
        at java.base@21.0.5/sun.nio.ch.EPollSelectorImpl.doSelect(EPollSelectorImpl.java:121)
        at java.base@21.0.5/sun.nio.ch.SelectorImpl.lockAndDoSelect(SelectorImpl.java:130)
        at java.base@21.0.5/sun.nio.ch.SelectorImpl.select(SelectorImpl.java:147)
        at app//org.apache.hadoop.ipc.Server$Listener$Reader.doRunLoop(Server.java:1497)
        at app//org.apache.hadoop.ipc.Server$Listener$Reader.run(Server.java:1476)
"02fc1759-725d-47af-8349-873c9c5c9167@group-41854415688A-SegmentedRaftLogWorker"  prio=5 tid=1561 timed_waiting
java.lang.Thread.State: TIMED_WAITING
        at java.base@21.0.5/jdk.internal.misc.Unsafe.park(Native Method)
        at java.base@21.0.5/java.util.concurrent.locks.LockSupport.parkNanos(LockSupport.java:269)
        at java.base@21.0.5/java.util.concurrent.locks.AbstractQueuedSynchronizer$ConditionObject.awaitNanos(AbstractQueuedSynchronizer.java:1763)
        at app//org.apache.ratis.util.DataBlockingQueue.poll(DataBlockingQueue.java:148)
        at app//org.apache.ratis.server.raftlog.segmented.SegmentedRaftLogWorker.run(SegmentedRaftLogWorker.java:307)
        at app//org.apache.ratis.server.raftlog.segmented.SegmentedRaftLogWorker$$Lambda/0x00007fd9cc334298.run(Unknown Source)
        at java.base@21.0.5/java.util.concurrent.Executors$RunnableAdapter.call(Executors.java:572)
        at java.base@21.0.5/java.util.concurrent.FutureTask.run(FutureTask.java:317)
        at java.base@21.0.5/java.util.concurrent.ThreadPoolExecutor.runWorker(ThreadPoolExecutor.java:1144)
        at java.base@21.0.5/java.util.concurrent.ThreadPoolExecutor$Worker.run(ThreadPoolExecutor.java:642)
        at java.base@21.0.5/java.lang.Thread.runWith(Thread.java:1596)
        at java.base@21.0.5/java.lang.Thread.run(Thread.java:1583)
"4b5ea8a3-88a5-4114-908f-7a85f39bc1cb-DatanodeStateMachineTaskThread-0"  prio=5 tid=697 in Object.wait()
java.lang.Thread.State: WAITING (on object monitor)
        at java.base@21.0.5/jdk.internal.misc.Unsafe.park(Native Method)
        at java.base@21.0.5/java.util.concurrent.locks.LockSupport.park(LockSupport.java:371)
        at java.base@21.0.5/java.util.concurrent.locks.AbstractQueuedSynchronizer$ConditionNode.block(AbstractQueuedSynchronizer.java:519)
        at java.base@21.0.5/java.util.concurrent.ForkJoinPool.unmanagedBlock(ForkJoinPool.java:3780)
        at java.base@21.0.5/java.util.concurrent.ForkJoinPool.managedBlock(ForkJoinPool.java:3725)
        at java.base@21.0.5/java.util.concurrent.locks.AbstractQueuedSynchronizer$ConditionObject.await(AbstractQueuedSynchronizer.java:1712)
        at java.base@21.0.5/java.util.concurrent.LinkedBlockingQueue.take(LinkedBlockingQueue.java:435)
        at java.base@21.0.5/java.util.concurrent.ThreadPoolExecutor.getTask(ThreadPoolExecutor.java:1070)
        at java.base@21.0.5/java.util.concurrent.ThreadPoolExecutor.runWorker(ThreadPoolExecutor.java:1130)
        at java.base@21.0.5/java.util.concurrent.ThreadPoolExecutor$Worker.run(ThreadPoolExecutor.java:642)
        at java.base@21.0.5/java.lang.Thread.runWith(Thread.java:1596)
        at java.base@21.0.5/java.lang.Thread.run(Thread.java:1583)
"eca5a246-1f8f-493f-b50d-7eee1f2fec76-PipelineCommandHandlerThread-0"  prio=5 tid=1470 in Object.wait()
java.lang.Thread.State: WAITING (on object monitor)
        at java.base@21.0.5/jdk.internal.misc.Unsafe.park(Native Method)
        at java.base@21.0.5/java.util.concurrent.locks.LockSupport.park(LockSupport.java:371)
        at java.base@21.0.5/java.util.concurrent.locks.AbstractQueuedSynchronizer$ConditionNode.block(AbstractQueuedSynchronizer.java:519)
        at java.base@21.0.5/java.util.concurrent.ForkJoinPool.unmanagedBlock(ForkJoinPool.java:3780)
        at java.base@21.0.5/java.util.concurrent.ForkJoinPool.managedBlock(ForkJoinPool.java:3725)
        at java.base@21.0.5/java.util.concurrent.locks.AbstractQueuedSynchronizer$ConditionObject.await(AbstractQueuedSynchronizer.java:1712)
        at java.base@21.0.5/java.util.concurrent.LinkedBlockingQueue.take(LinkedBlockingQueue.java:435)
        at java.base@21.0.5/java.util.concurrent.ThreadPoolExecutor.getTask(ThreadPoolExecutor.java:1070)
        at java.base@21.0.5/java.util.concurrent.ThreadPoolExecutor.runWorker(ThreadPoolExecutor.java:1130)
        at java.base@21.0.5/java.util.concurrent.ThreadPoolExecutor$Worker.run(ThreadPoolExecutor.java:642)
        at java.base@21.0.5/java.lang.Thread.runWith(Thread.java:1596)
        at java.base@21.0.5/java.lang.Thread.run(Thread.java:1583)
"IPC Server handler 0 on default port 15021" daemon prio=5 tid=587 timed_waiting
java.lang.Thread.State: TIMED_WAITING
        at java.base@21.0.5/jdk.internal.misc.Unsafe.park(Native Method)
        at java.base@21.0.5/java.util.concurrent.locks.LockSupport.parkNanos(LockSupport.java:269)
        at java.base@21.0.5/java.util.concurrent.locks.AbstractQueuedSynchronizer$ConditionObject.awaitNanos(AbstractQueuedSynchronizer.java:1763)
        at java.base@21.0.5/java.util.concurrent.LinkedBlockingQueue.poll(LinkedBlockingQueue.java:460)
        at app//org.apache.hadoop.ipc.CallQueueManager.take(CallQueueManager.java:370)
        at app//org.apache.hadoop.ipc.Server$Handler.run(Server.java:3165)
"IPC Server handler 4 on default port 15030" daemon prio=5 tid=639 timed_waiting
java.lang.Thread.State: TIMED_WAITING
        at java.base@21.0.5/jdk.internal.misc.Unsafe.park(Native Method)
        at java.base@21.0.5/java.util.concurrent.locks.LockSupport.parkNanos(LockSupport.java:269)
        at java.base@21.0.5/java.util.concurrent.locks.AbstractQueuedSynchronizer$ConditionObject.awaitNanos(AbstractQueuedSynchronizer.java:1763)
        at java.base@21.0.5/java.util.concurrent.LinkedBlockingQueue.poll(LinkedBlockingQueue.java:460)
        at app//org.apache.hadoop.ipc.CallQueueManager.take(CallQueueManager.java:370)
        at app//org.apache.hadoop.ipc.Server$Handler.run(Server.java:3165)
"qtp996171897-662" daemon prio=5 tid=662 timed_waiting
java.lang.Thread.State: TIMED_WAITING
        at java.base@21.0.5/jdk.internal.misc.Unsafe.park(Native Method)
        at java.base@21.0.5/java.util.concurrent.locks.LockSupport.parkNanos(LockSupport.java:269)
        at java.base@21.0.5/java.util.concurrent.locks.AbstractQueuedSynchronizer$ConditionObject.awaitNanos(AbstractQueuedSynchronizer.java:1763)
        at app//org.eclipse.jetty.util.BlockingArrayQueue.poll(BlockingArrayQueue.java:382)
        at app//org.eclipse.jetty.util.thread.QueuedThreadPool$Runner.idleJobPoll(QueuedThreadPool.java:974)
        at app//org.eclipse.jetty.util.thread.QueuedThreadPool$Runner.run(QueuedThreadPool.java:1018)
        at java.base@21.0.5/java.lang.Thread.runWith(Thread.java:1596)
        at java.base@21.0.5/java.lang.Thread.run(Thread.java:1583)
"StaleRecoveringContainerScrubbingService#5" daemon prio=5 tid=2682 in Object.wait()
java.lang.Thread.State: WAITING (on object monitor)
        at java.base@21.0.5/jdk.internal.misc.Unsafe.park(Native Method)
        at java.base@21.0.5/java.util.concurrent.locks.LockSupport.park(LockSupport.java:371)
        at java.base@21.0.5/java.util.concurrent.locks.AbstractQueuedSynchronizer$ConditionNode.block(AbstractQueuedSynchronizer.java:519)
        at java.base@21.0.5/java.util.concurrent.ForkJoinPool.unmanagedBlock(ForkJoinPool.java:3780)
        at java.base@21.0.5/java.util.concurrent.ForkJoinPool.managedBlock(ForkJoinPool.java:3725)
        at java.base@21.0.5/java.util.concurrent.locks.AbstractQueuedSynchronizer$ConditionObject.await(AbstractQueuedSynchronizer.java:1712)
        at java.base@21.0.5/java.util.concurrent.ScheduledThreadPoolExecutor$DelayedWorkQueue.take(ScheduledThreadPoolExecutor.java:1177)
        at java.base@21.0.5/java.util.concurrent.ScheduledThreadPoolExecutor$DelayedWorkQueue.take(ScheduledThreadPoolExecutor.java:899)
        at java.base@21.0.5/java.util.concurrent.ThreadPoolExecutor.getTask(ThreadPoolExecutor.java:1070)
        at java.base@21.0.5/java.util.concurrent.ThreadPoolExecutor.runWorker(ThreadPoolExecutor.java:1130)
        at java.base@21.0.5/java.util.concurrent.ThreadPoolExecutor$Worker.run(ThreadPoolExecutor.java:642)
        at java.base@21.0.5/java.lang.Thread.runWith(Thread.java:1596)
        at java.base@21.0.5/java.lang.Thread.run(Thread.java:1583)
"pool-93-thread-1" daemon prio=5 tid=923 timed_waiting
java.lang.Thread.State: TIMED_WAITING
        at java.base@21.0.5/jdk.internal.misc.Unsafe.park(Native Method)
        at java.base@21.0.5/java.util.concurrent.locks.LockSupport.parkNanos(LockSupport.java:269)
        at java.base@21.0.5/java.util.concurrent.locks.AbstractQueuedSynchronizer$ConditionObject.awaitNanos(AbstractQueuedSynchronizer.java:1763)
        at java.base@21.0.5/java.util.concurrent.ScheduledThreadPoolExecutor$DelayedWorkQueue.take(ScheduledThreadPoolExecutor.java:1182)
        at java.base@21.0.5/java.util.concurrent.ScheduledThreadPoolExecutor$DelayedWorkQueue.take(ScheduledThreadPoolExecutor.java:899)
        at java.base@21.0.5/java.util.concurrent.ThreadPoolExecutor.getTask(ThreadPoolExecutor.java:1070)
        at java.base@21.0.5/java.util.concurrent.ThreadPoolExecutor.runWorker(ThreadPoolExecutor.java:1130)
        at java.base@21.0.5/java.util.concurrent.ThreadPoolExecutor$Worker.run(ThreadPoolExecutor.java:642)
        at java.base@21.0.5/java.lang.Thread.runWith(Thread.java:1596)
        at java.base@21.0.5/java.lang.Thread.run(Thread.java:1583)
"qtp1768621734-523" daemon prio=5 tid=523 timed_waiting
java.lang.Thread.State: TIMED_WAITING
        at java.base@21.0.5/jdk.internal.misc.Unsafe.park(Native Method)
        at java.base@21.0.5/java.util.concurrent.locks.LockSupport.parkNanos(LockSupport.java:269)
        at java.base@21.0.5/java.util.concurrent.locks.AbstractQueuedSynchronizer$ConditionObject.awaitNanos(AbstractQueuedSynchronizer.java:1763)
        at app//org.eclipse.jetty.util.BlockingArrayQueue.poll(BlockingArrayQueue.java:382)
        at app//org.eclipse.jetty.util.thread.QueuedThreadPool$Runner.idleJobPoll(QueuedThreadPool.java:974)
        at app//org.eclipse.jetty.util.thread.QueuedThreadPool$Runner.run(QueuedThreadPool.java:1018)
        at java.base@21.0.5/java.lang.Thread.runWith(Thread.java:1596)
        at java.base@21.0.5/java.lang.Thread.run(Thread.java:1583)
"eca5a246-1f8f-493f-b50d-7eee1f2fec76-ChunkReader-9" daemon prio=5 tid=2465 in Object.wait()
java.lang.Thread.State: WAITING (on object monitor)
        at java.base@21.0.5/jdk.internal.misc.Unsafe.park(Native Method)
        at java.base@21.0.5/java.util.concurrent.locks.LockSupport.park(LockSupport.java:371)
        at java.base@21.0.5/java.util.concurrent.locks.AbstractQueuedSynchronizer$ConditionNode.block(AbstractQueuedSynchronizer.java:519)
        at java.base@21.0.5/java.util.concurrent.ForkJoinPool.unmanagedBlock(ForkJoinPool.java:3780)
        at java.base@21.0.5/java.util.concurrent.ForkJoinPool.managedBlock(ForkJoinPool.java:3725)
        at java.base@21.0.5/java.util.concurrent.locks.AbstractQueuedSynchronizer$ConditionObject.await(AbstractQueuedSynchronizer.java:1712)
        at java.base@21.0.5/java.util.concurrent.LinkedBlockingQueue.take(LinkedBlockingQueue.java:435)
        at java.base@21.0.5/java.util.concurrent.ThreadPoolExecutor.getTask(ThreadPoolExecutor.java:1070)
        at java.base@21.0.5/java.util.concurrent.ThreadPoolExecutor.runWorker(ThreadPoolExecutor.java:1130)
        at java.base@21.0.5/java.util.concurrent.ThreadPoolExecutor$Worker.run(ThreadPoolExecutor.java:642)
        at java.base@21.0.5/java.lang.Thread.runWith(Thread.java:1596)
        at java.base@21.0.5/java.lang.Thread.run(Thread.java:1583)
"pool-212-thread-1"  prio=5 tid=749 timed_waiting
java.lang.Thread.State: TIMED_WAITING
        at java.base@21.0.5/jdk.internal.misc.Unsafe.park(Native Method)
        at java.base@21.0.5/java.util.concurrent.locks.LockSupport.parkNanos(LockSupport.java:269)
        at java.base@21.0.5/java.util.concurrent.locks.AbstractQueuedSynchronizer$ConditionObject.awaitNanos(AbstractQueuedSynchronizer.java:1763)
        at java.base@21.0.5/java.util.concurrent.ScheduledThreadPoolExecutor$DelayedWorkQueue.take(ScheduledThreadPoolExecutor.java:1182)
        at java.base@21.0.5/java.util.concurrent.ScheduledThreadPoolExecutor$DelayedWorkQueue.take(ScheduledThreadPoolExecutor.java:899)
        at java.base@21.0.5/java.util.concurrent.ThreadPoolExecutor.getTask(ThreadPoolExecutor.java:1070)
        at java.base@21.0.5/java.util.concurrent.ThreadPoolExecutor.runWorker(ThreadPoolExecutor.java:1130)
        at java.base@21.0.5/java.util.concurrent.ThreadPoolExecutor$Worker.run(ThreadPoolExecutor.java:642)
        at java.base@21.0.5/java.lang.Thread.runWith(Thread.java:1596)
        at java.base@21.0.5/java.lang.Thread.run(Thread.java:1583)
"ac32094a-198b-4072-99dd-552311e88daf-RocksDBCompactionThread-0"  prio=5 tid=969 timed_waiting
java.lang.Thread.State: TIMED_WAITING
        at java.base@21.0.5/jdk.internal.misc.Unsafe.park(Native Method)
        at java.base@21.0.5/java.util.concurrent.locks.LockSupport.parkNanos(LockSupport.java:269)
        at java.base@21.0.5/java.util.concurrent.locks.AbstractQueuedSynchronizer$ConditionObject.awaitNanos(AbstractQueuedSynchronizer.java:1763)
        at java.base@21.0.5/java.util.concurrent.ScheduledThreadPoolExecutor$DelayedWorkQueue.take(ScheduledThreadPoolExecutor.java:1182)
        at java.base@21.0.5/java.util.concurrent.ScheduledThreadPoolExecutor$DelayedWorkQueue.take(ScheduledThreadPoolExecutor.java:899)
        at java.base@21.0.5/java.util.concurrent.ThreadPoolExecutor.getTask(ThreadPoolExecutor.java:1070)
        at java.base@21.0.5/java.util.concurrent.ThreadPoolExecutor.runWorker(ThreadPoolExecutor.java:1130)
        at java.base@21.0.5/java.util.concurrent.ThreadPoolExecutor$Worker.run(ThreadPoolExecutor.java:642)
        at java.base@21.0.5/java.lang.Thread.runWith(Thread.java:1596)
        at java.base@21.0.5/java.lang.Thread.run(Thread.java:1583)
"b6b79d51-52d7-4711-a690-06a51533978a-BlockDeletingService#0" daemon prio=5 tid=1064 timed_waiting
java.lang.Thread.State: TIMED_WAITING
        at java.base@21.0.5/jdk.internal.misc.Unsafe.park(Native Method)
        at java.base@21.0.5/java.util.concurrent.locks.LockSupport.parkNanos(LockSupport.java:269)
        at java.base@21.0.5/java.util.concurrent.locks.AbstractQueuedSynchronizer$ConditionObject.awaitNanos(AbstractQueuedSynchronizer.java:1763)
        at java.base@21.0.5/java.util.concurrent.ScheduledThreadPoolExecutor$DelayedWorkQueue.take(ScheduledThreadPoolExecutor.java:1182)
        at java.base@21.0.5/java.util.concurrent.ScheduledThreadPoolExecutor$DelayedWorkQueue.take(ScheduledThreadPoolExecutor.java:899)
        at java.base@21.0.5/java.util.concurrent.ThreadPoolExecutor.getTask(ThreadPoolExecutor.java:1070)
        at java.base@21.0.5/java.util.concurrent.ThreadPoolExecutor.runWorker(ThreadPoolExecutor.java:1130)
        at java.base@21.0.5/java.util.concurrent.ThreadPoolExecutor$Worker.run(ThreadPoolExecutor.java:642)
        at java.base@21.0.5/java.lang.Thread.runWith(Thread.java:1596)
        at java.base@21.0.5/java.lang.Thread.run(Thread.java:1583)
"751e45cc-852a-454f-97c8-e80f2befe6f4@group-2A3258B325AC-cacheEviction-AwaitToRun" daemon prio=5 tid=1354 in Object.wait()
java.lang.Thread.State: WAITING (on object monitor)
        at java.base@21.0.5/jdk.internal.misc.Unsafe.park(Native Method)
        at java.base@21.0.5/java.util.concurrent.locks.LockSupport.park(LockSupport.java:371)
        at java.base@21.0.5/java.util.concurrent.locks.AbstractQueuedSynchronizer$ConditionNode.block(AbstractQueuedSynchronizer.java:519)
        at java.base@21.0.5/java.util.concurrent.ForkJoinPool.unmanagedBlock(ForkJoinPool.java:3780)
        at java.base@21.0.5/java.util.concurrent.ForkJoinPool.managedBlock(ForkJoinPool.java:3725)
        at java.base@21.0.5/java.util.concurrent.locks.AbstractQueuedSynchronizer$ConditionObject.await(AbstractQueuedSynchronizer.java:1712)
        at app//org.apache.ratis.util.AwaitForSignal.await(AwaitForSignal.java:48)
        at app//org.apache.ratis.util.AwaitToRun$RunnableImpl.run(AwaitToRun.java:47)
        at java.base@21.0.5/java.lang.Thread.runWith(Thread.java:1596)
        at java.base@21.0.5/java.lang.Thread.run(Thread.java:1583)
"Session-HouseKeeper-30ba29cf-1"  prio=5 tid=712 timed_waiting
java.lang.Thread.State: TIMED_WAITING
        at java.base@21.0.5/jdk.internal.misc.Unsafe.park(Native Method)
        at java.base@21.0.5/java.util.concurrent.locks.LockSupport.parkNanos(LockSupport.java:269)
        at java.base@21.0.5/java.util.concurrent.locks.AbstractQueuedSynchronizer$ConditionObject.awaitNanos(AbstractQueuedSynchronizer.java:1763)
        at java.base@21.0.5/java.util.concurrent.ScheduledThreadPoolExecutor$DelayedWorkQueue.take(ScheduledThreadPoolExecutor.java:1182)
        at java.base@21.0.5/java.util.concurrent.ScheduledThreadPoolExecutor$DelayedWorkQueue.take(ScheduledThreadPoolExecutor.java:899)
        at java.base@21.0.5/java.util.concurrent.ThreadPoolExecutor.getTask(ThreadPoolExecutor.java:1070)
        at java.base@21.0.5/java.util.concurrent.ThreadPoolExecutor.runWorker(ThreadPoolExecutor.java:1130)
        at java.base@21.0.5/java.util.concurrent.ThreadPoolExecutor$Worker.run(ThreadPoolExecutor.java:642)
        at java.base@21.0.5/java.lang.Thread.runWith(Thread.java:1596)
        at java.base@21.0.5/java.lang.Thread.run(Thread.java:1583)
"02fc1759-725d-47af-8349-873c9c5c9167@group-41854415688A-StateMachineUpdater" daemon prio=5 tid=1568 timed_waiting
java.lang.Thread.State: TIMED_WAITING
        at java.base@21.0.5/jdk.internal.misc.Unsafe.park(Native Method)
        at java.base@21.0.5/java.util.concurrent.locks.LockSupport.parkNanos(LockSupport.java:269)
        at java.base@21.0.5/java.util.concurrent.locks.AbstractQueuedSynchronizer$ConditionObject.await(AbstractQueuedSynchronizer.java:1852)
        at app//org.apache.ratis.util.AwaitForSignal.await(AwaitForSignal.java:65)
        at app//org.apache.ratis.server.impl.StateMachineUpdater.waitForCommit(StateMachineUpdater.java:219)
        at app//org.apache.ratis.server.impl.StateMachineUpdater.run(StateMachineUpdater.java:187)
        at java.base@21.0.5/java.lang.Thread.runWith(Thread.java:1596)
        at java.base@21.0.5/java.lang.Thread.run(Thread.java:1583)
"4b5ea8a3-88a5-4114-908f-7a85f39bc1cb-PipelineCommandHandlerThread-0"  prio=5 tid=1295 in Object.wait()
java.lang.Thread.State: WAITING (on object monitor)
        at java.base@21.0.5/jdk.internal.misc.Unsafe.park(Native Method)
        at java.base@21.0.5/java.util.concurrent.locks.LockSupport.park(LockSupport.java:371)
        at java.base@21.0.5/java.util.concurrent.locks.AbstractQueuedSynchronizer$ConditionNode.block(AbstractQueuedSynchronizer.java:519)
        at java.base@21.0.5/java.util.concurrent.ForkJoinPool.unmanagedBlock(ForkJoinPool.java:3780)
        at java.base@21.0.5/java.util.concurrent.ForkJoinPool.managedBlock(ForkJoinPool.java:3725)
        at java.base@21.0.5/java.util.concurrent.locks.AbstractQueuedSynchronizer$ConditionObject.await(AbstractQueuedSynchronizer.java:1712)
        at java.base@21.0.5/java.util.concurrent.LinkedBlockingQueue.take(LinkedBlockingQueue.java:435)
        at java.base@21.0.5/java.util.concurrent.ThreadPoolExecutor.getTask(ThreadPoolExecutor.java:1070)
        at java.base@21.0.5/java.util.concurrent.ThreadPoolExecutor.runWorker(ThreadPoolExecutor.java:1130)
        at java.base@21.0.5/java.util.concurrent.ThreadPoolExecutor$Worker.run(ThreadPoolExecutor.java:642)
        at java.base@21.0.5/java.lang.Thread.runWith(Thread.java:1596)
        at java.base@21.0.5/java.lang.Thread.run(Thread.java:1583)
"IPC Server handler 25 on default port 15002" daemon prio=5 tid=357 timed_waiting
java.lang.Thread.State: TIMED_WAITING
        at java.base@21.0.5/jdk.internal.misc.Unsafe.park(Native Method)
        at java.base@21.0.5/java.util.concurrent.locks.LockSupport.parkNanos(LockSupport.java:269)
        at java.base@21.0.5/java.util.concurrent.locks.AbstractQueuedSynchronizer$ConditionObject.awaitNanos(AbstractQueuedSynchronizer.java:1763)
        at java.base@21.0.5/java.util.concurrent.LinkedBlockingQueue.poll(LinkedBlockingQueue.java:460)
        at app//org.apache.hadoop.ipc.CallQueueManager.take(CallQueueManager.java:370)
        at app//org.apache.hadoop.ipc.Server$Handler.run(Server.java:3165)
"IPC Server handler 5 on default port 15075" daemon prio=5 tid=2510 timed_waiting
java.lang.Thread.State: TIMED_WAITING
        at java.base@21.0.5/jdk.internal.misc.Unsafe.park(Native Method)
        at java.base@21.0.5/java.util.concurrent.locks.LockSupport.parkNanos(LockSupport.java:269)
        at java.base@21.0.5/java.util.concurrent.locks.AbstractQueuedSynchronizer$ConditionObject.awaitNanos(AbstractQueuedSynchronizer.java:1763)
        at java.base@21.0.5/java.util.concurrent.LinkedBlockingQueue.poll(LinkedBlockingQueue.java:460)
        at app//org.apache.hadoop.ipc.CallQueueManager.take(CallQueueManager.java:370)
        at app//org.apache.hadoop.ipc.Server$Handler.run(Server.java:3165)
"751e45cc-852a-454f-97c8-e80f2befe6f4@group-1CB239B5D031-FollowerState" daemon prio=5 tid=1325 timed_waiting
java.lang.Thread.State: TIMED_WAITING
        at java.base@21.0.5/java.lang.Thread.sleep0(Native Method)
        at java.base@21.0.5/java.lang.Thread.sleep(Thread.java:558)
        at java.base@21.0.5/java.util.concurrent.TimeUnit.sleep(TimeUnit.java:446)
        at app//org.apache.ratis.util.TimeDuration.sleep(TimeDuration.java:353)
        at app//org.apache.ratis.util.TimeDuration.sleep(TimeDuration.java:338)
        at app//org.apache.ratis.server.impl.FollowerState.runImpl(FollowerState.java:149)
        at app//org.apache.ratis.server.impl.FollowerState.run(FollowerState.java:130)
"IPC Server handler 76 on default port 15002" daemon prio=5 tid=408 timed_waiting
java.lang.Thread.State: TIMED_WAITING
        at java.base@21.0.5/jdk.internal.misc.Unsafe.park(Native Method)
        at java.base@21.0.5/java.util.concurrent.locks.LockSupport.parkNanos(LockSupport.java:269)
        at java.base@21.0.5/java.util.concurrent.locks.AbstractQueuedSynchronizer$ConditionObject.awaitNanos(AbstractQueuedSynchronizer.java:1763)
        at java.base@21.0.5/java.util.concurrent.LinkedBlockingQueue.poll(LinkedBlockingQueue.java:460)
        at app//org.apache.hadoop.ipc.CallQueueManager.take(CallQueueManager.java:370)
        at app//org.apache.hadoop.ipc.Server$Handler.run(Server.java:3165)
"IPC Server handler 86 on default port 15001" daemon prio=5 tid=300 timed_waiting
java.lang.Thread.State: TIMED_WAITING
        at java.base@21.0.5/jdk.internal.misc.Unsafe.park(Native Method)
        at java.base@21.0.5/java.util.concurrent.locks.LockSupport.parkNanos(LockSupport.java:269)
        at java.base@21.0.5/java.util.concurrent.locks.AbstractQueuedSynchronizer$ConditionObject.awaitNanos(AbstractQueuedSynchronizer.java:1763)
        at java.base@21.0.5/java.util.concurrent.LinkedBlockingQueue.poll(LinkedBlockingQueue.java:460)
        at app//org.apache.hadoop.ipc.CallQueueManager.take(CallQueueManager.java:370)
        at app//org.apache.hadoop.ipc.Server$Handler.run(Server.java:3165)
"eca5a246-1f8f-493f-b50d-7eee1f2fec76-RocksDBCompactionThread-0"  prio=5 tid=791 timed_waiting
java.lang.Thread.State: TIMED_WAITING
        at java.base@21.0.5/jdk.internal.misc.Unsafe.park(Native Method)
        at java.base@21.0.5/java.util.concurrent.locks.LockSupport.parkNanos(LockSupport.java:269)
        at java.base@21.0.5/java.util.concurrent.locks.AbstractQueuedSynchronizer$ConditionObject.awaitNanos(AbstractQueuedSynchronizer.java:1763)
        at java.base@21.0.5/java.util.concurrent.ScheduledThreadPoolExecutor$DelayedWorkQueue.take(ScheduledThreadPoolExecutor.java:1182)
        at java.base@21.0.5/java.util.concurrent.ScheduledThreadPoolExecutor$DelayedWorkQueue.take(ScheduledThreadPoolExecutor.java:899)
        at java.base@21.0.5/java.util.concurrent.ThreadPoolExecutor.getTask(ThreadPoolExecutor.java:1070)
        at java.base@21.0.5/java.util.concurrent.ThreadPoolExecutor.runWorker(ThreadPoolExecutor.java:1130)
        at java.base@21.0.5/java.util.concurrent.ThreadPoolExecutor$Worker.run(ThreadPoolExecutor.java:642)
        at java.base@21.0.5/java.lang.Thread.runWith(Thread.java:1596)
        at java.base@21.0.5/java.lang.Thread.run(Thread.java:1583)
"4b5ea8a3-88a5-4114-908f-7a85f39bc1cb-CommandProcessorThread" daemon prio=5 tid=696 timed_waiting
java.lang.Thread.State: TIMED_WAITING
        at java.base@21.0.5/java.lang.Thread.sleep0(Native Method)
        at java.base@21.0.5/java.lang.Thread.sleep(Thread.java:509)
        at app//org.apache.hadoop.ozone.container.common.statemachine.DatanodeStateMachine.lambda$initCommandHandlerThread$4(DatanodeStateMachine.java:670)
        at app//org.apache.hadoop.ozone.container.common.statemachine.DatanodeStateMachine$$Lambda/0x00007fd9cc7d5ae8.run(Unknown Source)
        at java.base@21.0.5/java.lang.Thread.runWith(Thread.java:1596)
        at java.base@21.0.5/java.lang.Thread.run(Thread.java:1583)
"FixedThreadPoolWithAffinityExecutor-1-0" daemon prio=5 tid=98 timed_waiting
java.lang.Thread.State: TIMED_WAITING
        at java.base@21.0.5/jdk.internal.misc.Unsafe.park(Native Method)
        at java.base@21.0.5/java.util.concurrent.locks.LockSupport.parkNanos(LockSupport.java:269)
        at java.base@21.0.5/java.util.concurrent.locks.AbstractQueuedSynchronizer$ConditionObject.awaitNanos(AbstractQueuedSynchronizer.java:1763)
        at java.base@21.0.5/java.util.concurrent.LinkedBlockingQueue.poll(LinkedBlockingQueue.java:460)
        at app//org.apache.hadoop.hdds.scm.server.ContainerReportQueue.poll(ContainerReportQueue.java:269)
        at app//org.apache.hadoop.hdds.scm.server.ContainerReportQueue.poll(ContainerReportQueue.java:42)
        at app//org.apache.hadoop.hdds.server.events.FixedThreadPoolWithAffinityExecutor$ContainerReportProcessTask.run(FixedThreadPoolWithAffinityExecutor.java:253)
        at java.base@21.0.5/java.util.concurrent.Executors$RunnableAdapter.call(Executors.java:572)
        at java.base@21.0.5/java.util.concurrent.FutureTask.run(FutureTask.java:317)
        at java.base@21.0.5/java.util.concurrent.ThreadPoolExecutor.runWorker(ThreadPoolExecutor.java:1144)
        at java.base@21.0.5/java.util.concurrent.ThreadPoolExecutor$Worker.run(ThreadPoolExecutor.java:642)
        at java.base@21.0.5/java.lang.Thread.runWith(Thread.java:1596)
        at java.base@21.0.5/java.lang.Thread.run(Thread.java:1583)
"IPC Server handler 19 on default port 15000" daemon prio=5 tid=133 timed_waiting
java.lang.Thread.State: TIMED_WAITING
        at java.base@21.0.5/jdk.internal.misc.Unsafe.park(Native Method)
        at java.base@21.0.5/java.util.concurrent.locks.LockSupport.parkNanos(LockSupport.java:269)
        at java.base@21.0.5/java.util.concurrent.locks.AbstractQueuedSynchronizer$ConditionObject.awaitNanos(AbstractQueuedSynchronizer.java:1763)
        at java.base@21.0.5/java.util.concurrent.LinkedBlockingQueue.poll(LinkedBlockingQueue.java:460)
        at app//org.apache.hadoop.ipc.CallQueueManager.take(CallQueueManager.java:370)
        at app//org.apache.hadoop.ipc.Server$Handler.run(Server.java:3165)
"IPC Server Responder" daemon prio=5 tid=585 runnable
java.lang.Thread.State: RUNNABLE
        at java.base@21.0.5/sun.nio.ch.EPoll.wait(Native Method)
        at java.base@21.0.5/sun.nio.ch.EPollSelectorImpl.doSelect(EPollSelectorImpl.java:121)
        at java.base@21.0.5/sun.nio.ch.SelectorImpl.lockAndDoSelect(SelectorImpl.java:130)
        at java.base@21.0.5/sun.nio.ch.SelectorImpl.select(SelectorImpl.java:142)
        at app//org.apache.hadoop.ipc.Server$Responder.doRunLoop(Server.java:1733)
        at app//org.apache.hadoop.ipc.Server$Responder.run(Server.java:1716)
"IPC Server handler 81 on default port 15001" daemon prio=5 tid=295 timed_waiting
java.lang.Thread.State: TIMED_WAITING
        at java.base@21.0.5/jdk.internal.misc.Unsafe.park(Native Method)
        at java.base@21.0.5/java.util.concurrent.locks.LockSupport.parkNanos(LockSupport.java:269)
        at java.base@21.0.5/java.util.concurrent.locks.AbstractQueuedSynchronizer$ConditionObject.awaitNanos(AbstractQueuedSynchronizer.java:1763)
        at java.base@21.0.5/java.util.concurrent.LinkedBlockingQueue.poll(LinkedBlockingQueue.java:460)
        at app//org.apache.hadoop.ipc.CallQueueManager.take(CallQueueManager.java:370)
        at app//org.apache.hadoop.ipc.Server$Handler.run(Server.java:3165)
"IPC Server handler 36 on default port 15002" daemon prio=5 tid=368 timed_waiting
java.lang.Thread.State: TIMED_WAITING
        at java.base@21.0.5/jdk.internal.misc.Unsafe.park(Native Method)
        at java.base@21.0.5/java.util.concurrent.locks.LockSupport.parkNanos(LockSupport.java:269)
        at java.base@21.0.5/java.util.concurrent.locks.AbstractQueuedSynchronizer$ConditionObject.awaitNanos(AbstractQueuedSynchronizer.java:1763)
        at java.base@21.0.5/java.util.concurrent.LinkedBlockingQueue.poll(LinkedBlockingQueue.java:460)
        at app//org.apache.hadoop.ipc.CallQueueManager.take(CallQueueManager.java:370)
        at app//org.apache.hadoop.ipc.Server$Handler.run(Server.java:3165)
"Socket Reader #4 for port 15030"  prio=5 tid=625 runnable
java.lang.Thread.State: RUNNABLE
        at java.base@21.0.5/sun.nio.ch.EPoll.wait(Native Method)
        at java.base@21.0.5/sun.nio.ch.EPollSelectorImpl.doSelect(EPollSelectorImpl.java:121)
        at java.base@21.0.5/sun.nio.ch.SelectorImpl.lockAndDoSelect(SelectorImpl.java:130)
        at java.base@21.0.5/sun.nio.ch.SelectorImpl.select(SelectorImpl.java:147)
        at app//org.apache.hadoop.ipc.Server$Listener$Reader.doRunLoop(Server.java:1497)
        at app//org.apache.hadoop.ipc.Server$Listener$Reader.run(Server.java:1476)
"grpc-default-executor-8" daemon prio=5 tid=2142 timed_waiting
java.lang.Thread.State: TIMED_WAITING
        at java.base@21.0.5/jdk.internal.misc.Unsafe.park(Native Method)
        at java.base@21.0.5/java.util.concurrent.locks.LockSupport.parkNanos(LockSupport.java:410)
        at java.base@21.0.5/java.util.concurrent.LinkedTransferQueue$DualNode.await(LinkedTransferQueue.java:452)
        at java.base@21.0.5/java.util.concurrent.SynchronousQueue$Transferer.xferLifo(SynchronousQueue.java:194)
        at java.base@21.0.5/java.util.concurrent.SynchronousQueue.xfer(SynchronousQueue.java:235)
        at java.base@21.0.5/java.util.concurrent.SynchronousQueue.poll(SynchronousQueue.java:338)
        at java.base@21.0.5/java.util.concurrent.ThreadPoolExecutor.getTask(ThreadPoolExecutor.java:1069)
        at java.base@21.0.5/java.util.concurrent.ThreadPoolExecutor.runWorker(ThreadPoolExecutor.java:1130)
        at java.base@21.0.5/java.util.concurrent.ThreadPoolExecutor$Worker.run(ThreadPoolExecutor.java:642)
        at java.base@21.0.5/java.lang.Thread.runWith(Thread.java:1596)
        at java.base@21.0.5/java.lang.Thread.run(Thread.java:1583)
"4b5ea8a3-88a5-4114-908f-7a85f39bc1cb@group-91A8CF666C05-LeaderStateImpl" daemon prio=5 tid=2282 timed_waiting
java.lang.Thread.State: TIMED_WAITING
        at java.base@21.0.5/jdk.internal.misc.Unsafe.park(Native Method)
        at java.base@21.0.5/java.util.concurrent.locks.LockSupport.parkNanos(LockSupport.java:269)
        at java.base@21.0.5/java.util.concurrent.locks.AbstractQueuedSynchronizer$ConditionObject.awaitNanos(AbstractQueuedSynchronizer.java:1763)
        at java.base@21.0.5/java.util.concurrent.ArrayBlockingQueue.poll(ArrayBlockingQueue.java:435)
        at app//org.apache.ratis.server.impl.LeaderStateImpl$EventQueue.poll(LeaderStateImpl.java:164)
        at app//org.apache.ratis.server.impl.LeaderStateImpl$EventProcessor.run(LeaderStateImpl.java:763)
"StaleRecoveringContainerScrubbingService#3" daemon prio=5 tid=2819 in Object.wait()
java.lang.Thread.State: WAITING (on object monitor)
        at java.base@21.0.5/jdk.internal.misc.Unsafe.park(Native Method)
        at java.base@21.0.5/java.util.concurrent.locks.LockSupport.park(LockSupport.java:371)
        at java.base@21.0.5/java.util.concurrent.locks.AbstractQueuedSynchronizer$ConditionNode.block(AbstractQueuedSynchronizer.java:519)
        at java.base@21.0.5/java.util.concurrent.ForkJoinPool.unmanagedBlock(ForkJoinPool.java:3780)
        at java.base@21.0.5/java.util.concurrent.ForkJoinPool.managedBlock(ForkJoinPool.java:3725)
        at java.base@21.0.5/java.util.concurrent.locks.AbstractQueuedSynchronizer$ConditionObject.await(AbstractQueuedSynchronizer.java:1712)
        at java.base@21.0.5/java.util.concurrent.ScheduledThreadPoolExecutor$DelayedWorkQueue.take(ScheduledThreadPoolExecutor.java:1177)
        at java.base@21.0.5/java.util.concurrent.ScheduledThreadPoolExecutor$DelayedWorkQueue.take(ScheduledThreadPoolExecutor.java:899)
        at java.base@21.0.5/java.util.concurrent.ThreadPoolExecutor.getTask(ThreadPoolExecutor.java:1070)
        at java.base@21.0.5/java.util.concurrent.ThreadPoolExecutor.runWorker(ThreadPoolExecutor.java:1130)
        at java.base@21.0.5/java.util.concurrent.ThreadPoolExecutor$Worker.run(ThreadPoolExecutor.java:642)
        at java.base@21.0.5/java.lang.Thread.runWith(Thread.java:1596)
        at java.base@21.0.5/java.lang.Thread.run(Thread.java:1583)
"IPC Server handler 58 on default port 15000" daemon prio=5 tid=172 timed_waiting
java.lang.Thread.State: TIMED_WAITING
        at java.base@21.0.5/jdk.internal.misc.Unsafe.park(Native Method)
        at java.base@21.0.5/java.util.concurrent.locks.LockSupport.parkNanos(LockSupport.java:269)
        at java.base@21.0.5/java.util.concurrent.locks.AbstractQueuedSynchronizer$ConditionObject.awaitNanos(AbstractQueuedSynchronizer.java:1763)
        at java.base@21.0.5/java.util.concurrent.LinkedBlockingQueue.poll(LinkedBlockingQueue.java:460)
        at app//org.apache.hadoop.ipc.CallQueueManager.take(CallQueueManager.java:370)
        at app//org.apache.hadoop.ipc.Server$Handler.run(Server.java:3165)
"IPC Server handler 60 on default port 15002" daemon prio=5 tid=392 timed_waiting
java.lang.Thread.State: TIMED_WAITING
        at java.base@21.0.5/jdk.internal.misc.Unsafe.park(Native Method)
        at java.base@21.0.5/java.util.concurrent.locks.LockSupport.parkNanos(LockSupport.java:269)
        at java.base@21.0.5/java.util.concurrent.locks.AbstractQueuedSynchronizer$ConditionObject.awaitNanos(AbstractQueuedSynchronizer.java:1763)
        at java.base@21.0.5/java.util.concurrent.LinkedBlockingQueue.poll(LinkedBlockingQueue.java:460)
        at app//org.apache.hadoop.ipc.CallQueueManager.take(CallQueueManager.java:370)
        at app//org.apache.hadoop.ipc.Server$Handler.run(Server.java:3165)
"3296053d-9d54-4057-a6a8-67c4b6ec6587-ChunkReader-7" daemon prio=5 tid=2471 in Object.wait()
java.lang.Thread.State: WAITING (on object monitor)
        at java.base@21.0.5/jdk.internal.misc.Unsafe.park(Native Method)
        at java.base@21.0.5/java.util.concurrent.locks.LockSupport.park(LockSupport.java:371)
        at java.base@21.0.5/java.util.concurrent.locks.AbstractQueuedSynchronizer$ConditionNode.block(AbstractQueuedSynchronizer.java:519)
        at java.base@21.0.5/java.util.concurrent.ForkJoinPool.unmanagedBlock(ForkJoinPool.java:3780)
        at java.base@21.0.5/java.util.concurrent.ForkJoinPool.managedBlock(ForkJoinPool.java:3725)
        at java.base@21.0.5/java.util.concurrent.locks.AbstractQueuedSynchronizer$ConditionObject.await(AbstractQueuedSynchronizer.java:1712)
        at java.base@21.0.5/java.util.concurrent.LinkedBlockingQueue.take(LinkedBlockingQueue.java:435)
        at java.base@21.0.5/java.util.concurrent.ThreadPoolExecutor.getTask(ThreadPoolExecutor.java:1070)
        at java.base@21.0.5/java.util.concurrent.ThreadPoolExecutor.runWorker(ThreadPoolExecutor.java:1130)
        at java.base@21.0.5/java.util.concurrent.ThreadPoolExecutor$Worker.run(ThreadPoolExecutor.java:642)
        at java.base@21.0.5/java.lang.Thread.runWith(Thread.java:1596)
        at java.base@21.0.5/java.lang.Thread.run(Thread.java:1583)
"Socket Reader #2 for port 15039"  prio=5 tid=669 runnable
java.lang.Thread.State: RUNNABLE
        at java.base@21.0.5/sun.nio.ch.EPoll.wait(Native Method)
        at java.base@21.0.5/sun.nio.ch.EPollSelectorImpl.doSelect(EPollSelectorImpl.java:121)
        at java.base@21.0.5/sun.nio.ch.SelectorImpl.lockAndDoSelect(SelectorImpl.java:130)
        at java.base@21.0.5/sun.nio.ch.SelectorImpl.select(SelectorImpl.java:147)
        at app//org.apache.hadoop.ipc.Server$Listener$Reader.doRunLoop(Server.java:1497)
        at app//org.apache.hadoop.ipc.Server$Listener$Reader.run(Server.java:1476)
"79978ed1-1a5c-4832-b584-9e2d85f03cd7@group-17ECB58173E6-cacheEviction-AwaitToRun" daemon prio=5 tid=1475 in Object.wait()
java.lang.Thread.State: WAITING (on object monitor)
        at java.base@21.0.5/jdk.internal.misc.Unsafe.park(Native Method)
        at java.base@21.0.5/java.util.concurrent.locks.LockSupport.park(LockSupport.java:371)
        at java.base@21.0.5/java.util.concurrent.locks.AbstractQueuedSynchronizer$ConditionNode.block(AbstractQueuedSynchronizer.java:519)
        at java.base@21.0.5/java.util.concurrent.ForkJoinPool.unmanagedBlock(ForkJoinPool.java:3780)
        at java.base@21.0.5/java.util.concurrent.ForkJoinPool.managedBlock(ForkJoinPool.java:3725)
        at java.base@21.0.5/java.util.concurrent.locks.AbstractQueuedSynchronizer$ConditionObject.await(AbstractQueuedSynchronizer.java:1712)
        at app//org.apache.ratis.util.AwaitForSignal.await(AwaitForSignal.java:48)
        at app//org.apache.ratis.util.AwaitToRun$RunnableImpl.run(AwaitToRun.java:47)
        at java.base@21.0.5/java.lang.Thread.runWith(Thread.java:1596)
        at java.base@21.0.5/java.lang.Thread.run(Thread.java:1583)
"b6b79d51-52d7-4711-a690-06a51533978a-DatanodeStateMachineDaemonThread" daemon prio=5 tid=737 timed_waiting
java.lang.Thread.State: TIMED_WAITING
        at java.base@21.0.5/java.lang.Thread.sleep0(Native Method)
        at java.base@21.0.5/java.lang.Thread.sleep(Thread.java:509)
        at app//org.apache.hadoop.ozone.container.common.statemachine.DatanodeStateMachine.startStateMachineThread(DatanodeStateMachine.java:358)
        at app//org.apache.hadoop.ozone.container.common.statemachine.DatanodeStateMachine.lambda$startDaemon$1(DatanodeStateMachine.java:544)
        at app//org.apache.hadoop.ozone.container.common.statemachine.DatanodeStateMachine$$Lambda/0x00007fd9cc7d49d8.run(Unknown Source)
        at java.base@21.0.5/java.lang.Thread.runWith(Thread.java:1596)
        at java.base@21.0.5/java.lang.Thread.run(Thread.java:1583)
"timer1" daemon prio=5 tid=1802 timed_waiting
java.lang.Thread.State: TIMED_WAITING
        at java.base@21.0.5/java.lang.Object.wait0(Native Method)
        at java.base@21.0.5/java.lang.Object.wait(Object.java:366)
        at java.base@21.0.5/java.util.TimerThread.mainLoop(Timer.java:563)
        at java.base@21.0.5/java.util.TimerThread.run(Timer.java:516)
"IPC Server handler 10 on default port 15006" daemon prio=5 tid=501 timed_waiting
java.lang.Thread.State: TIMED_WAITING
        at java.base@21.0.5/jdk.internal.misc.Unsafe.park(Native Method)
        at java.base@21.0.5/java.util.concurrent.locks.LockSupport.parkNanos(LockSupport.java:269)
        at java.base@21.0.5/java.util.concurrent.locks.AbstractQueuedSynchronizer$ConditionObject.awaitNanos(AbstractQueuedSynchronizer.java:1763)
        at java.base@21.0.5/java.util.concurrent.LinkedBlockingQueue.poll(LinkedBlockingQueue.java:460)
        at app//org.apache.hadoop.ipc.CallQueueManager.take(CallQueueManager.java:370)
        at app//org.apache.hadoop.ipc.Server$Handler.run(Server.java:3165)
"IPC Server handler 74 on default port 15001" daemon prio=5 tid=288 timed_waiting
java.lang.Thread.State: TIMED_WAITING
        at java.base@21.0.5/jdk.internal.misc.Unsafe.park(Native Method)
        at java.base@21.0.5/java.util.concurrent.locks.LockSupport.parkNanos(LockSupport.java:269)
        at java.base@21.0.5/java.util.concurrent.locks.AbstractQueuedSynchronizer$ConditionObject.awaitNanos(AbstractQueuedSynchronizer.java:1763)
        at java.base@21.0.5/java.util.concurrent.LinkedBlockingQueue.poll(LinkedBlockingQueue.java:460)
        at app//org.apache.hadoop.ipc.CallQueueManager.take(CallQueueManager.java:370)
        at app//org.apache.hadoop.ipc.Server$Handler.run(Server.java:3165)
"4b5ea8a3-88a5-4114-908f-7a85f39bc1cb-PeriodicHDDSVolumeChecker" daemon prio=5 tid=1035 timed_waiting
java.lang.Thread.State: TIMED_WAITING
        at java.base@21.0.5/jdk.internal.misc.Unsafe.park(Native Method)
        at java.base@21.0.5/java.util.concurrent.locks.LockSupport.parkNanos(LockSupport.java:269)
        at java.base@21.0.5/java.util.concurrent.locks.AbstractQueuedSynchronizer$ConditionObject.awaitNanos(AbstractQueuedSynchronizer.java:1763)
        at java.base@21.0.5/java.util.concurrent.ScheduledThreadPoolExecutor$DelayedWorkQueue.take(ScheduledThreadPoolExecutor.java:1182)
        at java.base@21.0.5/java.util.concurrent.ScheduledThreadPoolExecutor$DelayedWorkQueue.take(ScheduledThreadPoolExecutor.java:899)
        at java.base@21.0.5/java.util.concurrent.ThreadPoolExecutor.getTask(ThreadPoolExecutor.java:1070)
        at java.base@21.0.5/java.util.concurrent.ThreadPoolExecutor.runWorker(ThreadPoolExecutor.java:1130)
        at java.base@21.0.5/java.util.concurrent.ThreadPoolExecutor$Worker.run(ThreadPoolExecutor.java:642)
        at java.base@21.0.5/java.lang.Thread.runWith(Thread.java:1596)
        at java.base@21.0.5/java.lang.Thread.run(Thread.java:1583)
"79978ed1-1a5c-4832-b584-9e2d85f03cd7@group-DAF53CCE5B84-StateMachineUpdater" daemon prio=5 tid=1591 timed_waiting
java.lang.Thread.State: TIMED_WAITING
        at java.base@21.0.5/jdk.internal.misc.Unsafe.park(Native Method)
        at java.base@21.0.5/java.util.concurrent.locks.LockSupport.parkNanos(LockSupport.java:269)
        at java.base@21.0.5/java.util.concurrent.locks.AbstractQueuedSynchronizer$ConditionObject.await(AbstractQueuedSynchronizer.java:1852)
        at app//org.apache.ratis.util.AwaitForSignal.await(AwaitForSignal.java:65)
        at app//org.apache.ratis.server.impl.StateMachineUpdater.waitForCommit(StateMachineUpdater.java:219)
        at app//org.apache.ratis.server.impl.StateMachineUpdater.run(StateMachineUpdater.java:187)
        at java.base@21.0.5/java.lang.Thread.runWith(Thread.java:1596)
        at java.base@21.0.5/java.lang.Thread.run(Thread.java:1583)
"IPC Server handler 83 on default port 15000" daemon prio=5 tid=197 timed_waiting
java.lang.Thread.State: TIMED_WAITING
        at java.base@21.0.5/jdk.internal.misc.Unsafe.park(Native Method)
        at java.base@21.0.5/java.util.concurrent.locks.LockSupport.parkNanos(LockSupport.java:269)
        at java.base@21.0.5/java.util.concurrent.locks.AbstractQueuedSynchronizer$ConditionObject.awaitNanos(AbstractQueuedSynchronizer.java:1763)
        at java.base@21.0.5/java.util.concurrent.LinkedBlockingQueue.poll(LinkedBlockingQueue.java:460)
        at app//org.apache.hadoop.ipc.CallQueueManager.take(CallQueueManager.java:370)
        at app//org.apache.hadoop.ipc.Server$Handler.run(Server.java:3165)
"JvmPauseMonitor5" daemon prio=5 tid=995 timed_waiting
java.lang.Thread.State: TIMED_WAITING
        at java.base@21.0.5/java.lang.Thread.sleep0(Native Method)
        at java.base@21.0.5/java.lang.Thread.sleep(Thread.java:558)
        at java.base@21.0.5/java.util.concurrent.TimeUnit.sleep(TimeUnit.java:446)
        at app//org.apache.ratis.util.TimeDuration.sleep(TimeDuration.java:353)
        at app//org.apache.ratis.util.TimeDuration.sleep(TimeDuration.java:338)
        at app//org.apache.ratis.util.JvmPauseMonitor.detectPause(JvmPauseMonitor.java:160)
        at app//org.apache.ratis.util.JvmPauseMonitor.run(JvmPauseMonitor.java:149)
        at app//org.apache.ratis.util.JvmPauseMonitor$$Lambda/0x00007fd9cc38c980.run(Unknown Source)
        at java.base@21.0.5/java.lang.Thread.runWith(Thread.java:1596)
        at java.base@21.0.5/java.lang.Thread.run(Thread.java:1583)
"79978ed1-1a5c-4832-b584-9e2d85f03cd7@group-AD7877671860-cacheEviction-AwaitToRun" daemon prio=5 tid=1225 in Object.wait()
java.lang.Thread.State: WAITING (on object monitor)
        at java.base@21.0.5/jdk.internal.misc.Unsafe.park(Native Method)
        at java.base@21.0.5/java.util.concurrent.locks.LockSupport.park(LockSupport.java:371)
        at java.base@21.0.5/java.util.concurrent.locks.AbstractQueuedSynchronizer$ConditionNode.block(AbstractQueuedSynchronizer.java:519)
        at java.base@21.0.5/java.util.concurrent.ForkJoinPool.unmanagedBlock(ForkJoinPool.java:3780)
        at java.base@21.0.5/java.util.concurrent.ForkJoinPool.managedBlock(ForkJoinPool.java:3725)
        at java.base@21.0.5/java.util.concurrent.locks.AbstractQueuedSynchronizer$ConditionObject.await(AbstractQueuedSynchronizer.java:1712)
        at app//org.apache.ratis.util.AwaitForSignal.await(AwaitForSignal.java:48)
        at app//org.apache.ratis.util.AwaitToRun$RunnableImpl.run(AwaitToRun.java:47)
        at java.base@21.0.5/java.lang.Thread.runWith(Thread.java:1596)
        at java.base@21.0.5/java.lang.Thread.run(Thread.java:1583)
"IPC Server handler 60 on default port 15001" daemon prio=5 tid=274 timed_waiting
java.lang.Thread.State: TIMED_WAITING
        at java.base@21.0.5/jdk.internal.misc.Unsafe.park(Native Method)
        at java.base@21.0.5/java.util.concurrent.locks.LockSupport.parkNanos(LockSupport.java:269)
        at java.base@21.0.5/java.util.concurrent.locks.AbstractQueuedSynchronizer$ConditionObject.awaitNanos(AbstractQueuedSynchronizer.java:1763)
        at java.base@21.0.5/java.util.concurrent.LinkedBlockingQueue.poll(LinkedBlockingQueue.java:460)
        at app//org.apache.hadoop.ipc.CallQueueManager.take(CallQueueManager.java:370)
        at app//org.apache.hadoop.ipc.Server$Handler.run(Server.java:3165)
"751e45cc-852a-454f-97c8-e80f2befe6f4-NettyServerStreamRpc-bossGroup--thread1"  prio=5 tid=746 runnable
java.lang.Thread.State: RUNNABLE
        at app//org.apache.ratis.thirdparty.io.netty.channel.epoll.Native.epollWait(Native Method)
        at app//org.apache.ratis.thirdparty.io.netty.channel.epoll.Native.epollWait(Native.java:220)
        at app//org.apache.ratis.thirdparty.io.netty.channel.epoll.Native.epollWait(Native.java:213)
        at app//org.apache.ratis.thirdparty.io.netty.channel.epoll.EpollEventLoop.epollWaitNoTimerChange(EpollEventLoop.java:308)
        at app//org.apache.ratis.thirdparty.io.netty.channel.epoll.EpollEventLoop.run(EpollEventLoop.java:365)
        at app//org.apache.ratis.thirdparty.io.netty.util.concurrent.SingleThreadEventExecutor$4.run(SingleThreadEventExecutor.java:997)
        at app//org.apache.ratis.thirdparty.io.netty.util.internal.ThreadExecutorMap$2.run(ThreadExecutorMap.java:74)
        at java.base@21.0.5/java.lang.Thread.runWith(Thread.java:1596)
        at java.base@21.0.5/java.lang.Thread.run(Thread.java:1583)
"3296053d-9d54-4057-a6a8-67c4b6ec6587@group-38C783663C2E-cacheEviction-AwaitToRun" daemon prio=5 tid=1237 in Object.wait()
java.lang.Thread.State: WAITING (on object monitor)
        at java.base@21.0.5/jdk.internal.misc.Unsafe.park(Native Method)
        at java.base@21.0.5/java.util.concurrent.locks.LockSupport.park(LockSupport.java:371)
        at java.base@21.0.5/java.util.concurrent.locks.AbstractQueuedSynchronizer$ConditionNode.block(AbstractQueuedSynchronizer.java:519)
        at java.base@21.0.5/java.util.concurrent.ForkJoinPool.unmanagedBlock(ForkJoinPool.java:3780)
        at java.base@21.0.5/java.util.concurrent.ForkJoinPool.managedBlock(ForkJoinPool.java:3725)
        at java.base@21.0.5/java.util.concurrent.locks.AbstractQueuedSynchronizer$ConditionObject.await(AbstractQueuedSynchronizer.java:1712)
        at app//org.apache.ratis.util.AwaitForSignal.await(AwaitForSignal.java:48)
        at app//org.apache.ratis.util.AwaitToRun$RunnableImpl.run(AwaitToRun.java:47)
        at java.base@21.0.5/java.lang.Thread.runWith(Thread.java:1596)
        at java.base@21.0.5/java.lang.Thread.run(Thread.java:1583)
"751e45cc-852a-454f-97c8-e80f2befe6f4@group-2F015B8B5508-SegmentedRaftLogWorker" daemon prio=5 tid=1430 timed_waiting
java.lang.Thread.State: TIMED_WAITING
        at java.base@21.0.5/jdk.internal.misc.Unsafe.park(Native Method)
        at java.base@21.0.5/java.util.concurrent.locks.LockSupport.parkNanos(LockSupport.java:269)
        at java.base@21.0.5/java.util.concurrent.locks.AbstractQueuedSynchronizer$ConditionObject.awaitNanos(AbstractQueuedSynchronizer.java:1763)
        at app//org.apache.ratis.util.DataBlockingQueue.poll(DataBlockingQueue.java:148)
        at app//org.apache.ratis.server.raftlog.segmented.SegmentedRaftLogWorker.run(SegmentedRaftLogWorker.java:307)
        at app//org.apache.ratis.server.raftlog.segmented.SegmentedRaftLogWorker$$Lambda/0x00007fd9cc334298.run(Unknown Source)
        at java.base@21.0.5/java.util.concurrent.Executors$RunnableAdapter.call(Executors.java:572)
        at java.base@21.0.5/java.util.concurrent.FutureTask.run(FutureTask.java:317)
        at java.base@21.0.5/java.util.concurrent.ThreadPoolExecutor.runWorker(ThreadPoolExecutor.java:1144)
        at java.base@21.0.5/java.util.concurrent.ThreadPoolExecutor$Worker.run(ThreadPoolExecutor.java:642)
        at java.base@21.0.5/java.lang.Thread.runWith(Thread.java:1596)
        at java.base@21.0.5/java.lang.Thread.run(Thread.java:1583)
"IPC Server Responder" daemon prio=5 tid=817 runnable
java.lang.Thread.State: RUNNABLE
        at java.base@21.0.5/sun.nio.ch.EPoll.wait(Native Method)
        at java.base@21.0.5/sun.nio.ch.EPollSelectorImpl.doSelect(EPollSelectorImpl.java:121)
        at java.base@21.0.5/sun.nio.ch.SelectorImpl.lockAndDoSelect(SelectorImpl.java:130)
        at java.base@21.0.5/sun.nio.ch.SelectorImpl.select(SelectorImpl.java:142)
        at app//org.apache.hadoop.ipc.Server$Responder.doRunLoop(Server.java:1733)
        at app//org.apache.hadoop.ipc.Server$Responder.run(Server.java:1716)
"StaleRecoveringContainerScrubbingService#4" daemon prio=5 tid=2568 in Object.wait()
java.lang.Thread.State: WAITING (on object monitor)
        at java.base@21.0.5/jdk.internal.misc.Unsafe.park(Native Method)
        at java.base@21.0.5/java.util.concurrent.locks.LockSupport.park(LockSupport.java:371)
        at java.base@21.0.5/java.util.concurrent.locks.AbstractQueuedSynchronizer$ConditionNode.block(AbstractQueuedSynchronizer.java:519)
        at java.base@21.0.5/java.util.concurrent.ForkJoinPool.unmanagedBlock(ForkJoinPool.java:3780)
        at java.base@21.0.5/java.util.concurrent.ForkJoinPool.managedBlock(ForkJoinPool.java:3725)
        at java.base@21.0.5/java.util.concurrent.locks.AbstractQueuedSynchronizer$ConditionObject.await(AbstractQueuedSynchronizer.java:1712)
        at java.base@21.0.5/java.util.concurrent.ScheduledThreadPoolExecutor$DelayedWorkQueue.take(ScheduledThreadPoolExecutor.java:1177)
        at java.base@21.0.5/java.util.concurrent.ScheduledThreadPoolExecutor$DelayedWorkQueue.take(ScheduledThreadPoolExecutor.java:899)
        at java.base@21.0.5/java.util.concurrent.ThreadPoolExecutor.getTask(ThreadPoolExecutor.java:1070)
        at java.base@21.0.5/java.util.concurrent.ThreadPoolExecutor.runWorker(ThreadPoolExecutor.java:1130)
        at java.base@21.0.5/java.util.concurrent.ThreadPoolExecutor$Worker.run(ThreadPoolExecutor.java:642)
        at java.base@21.0.5/java.lang.Thread.runWith(Thread.java:1596)
        at java.base@21.0.5/java.lang.Thread.run(Thread.java:1583)
"IPC Server handler 8 on default port 15057" daemon prio=5 tid=781 timed_waiting
java.lang.Thread.State: TIMED_WAITING
        at java.base@21.0.5/jdk.internal.misc.Unsafe.park(Native Method)
        at java.base@21.0.5/java.util.concurrent.locks.LockSupport.parkNanos(LockSupport.java:269)
        at java.base@21.0.5/java.util.concurrent.locks.AbstractQueuedSynchronizer$ConditionObject.awaitNanos(AbstractQueuedSynchronizer.java:1763)
        at java.base@21.0.5/java.util.concurrent.LinkedBlockingQueue.poll(LinkedBlockingQueue.java:460)
        at app//org.apache.hadoop.ipc.CallQueueManager.take(CallQueueManager.java:370)
        at app//org.apache.hadoop.ipc.Server$Handler.run(Server.java:3165)
"4b5ea8a3-88a5-4114-908f-7a85f39bc1cb@group-5233A358D31F-StateMachineUpdater" daemon prio=5 tid=1666 timed_waiting
java.lang.Thread.State: TIMED_WAITING
        at java.base@21.0.5/jdk.internal.misc.Unsafe.park(Native Method)
        at java.base@21.0.5/java.util.concurrent.locks.LockSupport.parkNanos(LockSupport.java:269)
        at java.base@21.0.5/java.util.concurrent.locks.AbstractQueuedSynchronizer$ConditionObject.await(AbstractQueuedSynchronizer.java:1852)
        at app//org.apache.ratis.util.AwaitForSignal.await(AwaitForSignal.java:65)
        at app//org.apache.ratis.server.impl.StateMachineUpdater.waitForCommit(StateMachineUpdater.java:219)
        at app//org.apache.ratis.server.impl.StateMachineUpdater.run(StateMachineUpdater.java:187)
        at java.base@21.0.5/java.lang.Thread.runWith(Thread.java:1596)
        at java.base@21.0.5/java.lang.Thread.run(Thread.java:1583)
"IPC Server handler 92 on default port 15002" daemon prio=5 tid=424 timed_waiting
java.lang.Thread.State: TIMED_WAITING
        at java.base@21.0.5/jdk.internal.misc.Unsafe.park(Native Method)
        at java.base@21.0.5/java.util.concurrent.locks.LockSupport.parkNanos(LockSupport.java:269)
        at java.base@21.0.5/java.util.concurrent.locks.AbstractQueuedSynchronizer$ConditionObject.awaitNanos(AbstractQueuedSynchronizer.java:1763)
        at java.base@21.0.5/java.util.concurrent.LinkedBlockingQueue.poll(LinkedBlockingQueue.java:460)
        at app//org.apache.hadoop.ipc.CallQueueManager.take(CallQueueManager.java:370)
        at app//org.apache.hadoop.ipc.Server$Handler.run(Server.java:3165)
"4b5ea8a3-88a5-4114-908f-7a85f39bc1cb-ChunkReader-7" daemon prio=5 tid=2448 in Object.wait()
java.lang.Thread.State: WAITING (on object monitor)
        at java.base@21.0.5/jdk.internal.misc.Unsafe.park(Native Method)
        at java.base@21.0.5/java.util.concurrent.locks.LockSupport.park(LockSupport.java:371)
        at java.base@21.0.5/java.util.concurrent.locks.AbstractQueuedSynchronizer$ConditionNode.block(AbstractQueuedSynchronizer.java:519)
        at java.base@21.0.5/java.util.concurrent.ForkJoinPool.unmanagedBlock(ForkJoinPool.java:3780)
        at java.base@21.0.5/java.util.concurrent.ForkJoinPool.managedBlock(ForkJoinPool.java:3725)
        at java.base@21.0.5/java.util.concurrent.locks.AbstractQueuedSynchronizer$ConditionObject.await(AbstractQueuedSynchronizer.java:1712)
        at java.base@21.0.5/java.util.concurrent.LinkedBlockingQueue.take(LinkedBlockingQueue.java:435)
        at java.base@21.0.5/java.util.concurrent.ThreadPoolExecutor.getTask(ThreadPoolExecutor.java:1070)
        at java.base@21.0.5/java.util.concurrent.ThreadPoolExecutor.runWorker(ThreadPoolExecutor.java:1130)
        at java.base@21.0.5/java.util.concurrent.ThreadPoolExecutor$Worker.run(ThreadPoolExecutor.java:642)
        at java.base@21.0.5/java.lang.Thread.runWith(Thread.java:1596)
        at java.base@21.0.5/java.lang.Thread.run(Thread.java:1583)
"eca5a246-1f8f-493f-b50d-7eee1f2fec76-CloseContainerThread-0"  prio=5 tid=2410 in Object.wait()
java.lang.Thread.State: WAITING (on object monitor)
        at java.base@21.0.5/jdk.internal.misc.Unsafe.park(Native Method)
        at java.base@21.0.5/java.util.concurrent.locks.LockSupport.park(LockSupport.java:371)
        at java.base@21.0.5/java.util.concurrent.locks.AbstractQueuedSynchronizer$ConditionNode.block(AbstractQueuedSynchronizer.java:519)
        at java.base@21.0.5/java.util.concurrent.ForkJoinPool.unmanagedBlock(ForkJoinPool.java:3780)
        at java.base@21.0.5/java.util.concurrent.ForkJoinPool.managedBlock(ForkJoinPool.java:3725)
        at java.base@21.0.5/java.util.concurrent.locks.AbstractQueuedSynchronizer$ConditionObject.await(AbstractQueuedSynchronizer.java:1712)
        at java.base@21.0.5/java.util.concurrent.LinkedBlockingQueue.take(LinkedBlockingQueue.java:435)
        at java.base@21.0.5/java.util.concurrent.ThreadPoolExecutor.getTask(ThreadPoolExecutor.java:1070)
        at java.base@21.0.5/java.util.concurrent.ThreadPoolExecutor.runWorker(ThreadPoolExecutor.java:1130)
        at java.base@21.0.5/java.util.concurrent.ThreadPoolExecutor$Worker.run(ThreadPoolExecutor.java:642)
        at java.base@21.0.5/java.lang.Thread.runWith(Thread.java:1596)
        at java.base@21.0.5/java.lang.Thread.run(Thread.java:1583)
"4b5ea8a3-88a5-4114-908f-7a85f39bc1cb-server-thread1" daemon prio=5 tid=2001 timed_waiting
java.lang.Thread.State: TIMED_WAITING
        at java.base@21.0.5/jdk.internal.misc.Unsafe.park(Native Method)
        at java.base@21.0.5/java.util.concurrent.locks.LockSupport.parkNanos(LockSupport.java:410)
        at java.base@21.0.5/java.util.concurrent.LinkedTransferQueue$DualNode.await(LinkedTransferQueue.java:452)
        at java.base@21.0.5/java.util.concurrent.SynchronousQueue$Transferer.xferLifo(SynchronousQueue.java:194)
        at java.base@21.0.5/java.util.concurrent.SynchronousQueue.xfer(SynchronousQueue.java:235)
        at java.base@21.0.5/java.util.concurrent.SynchronousQueue.poll(SynchronousQueue.java:338)
        at java.base@21.0.5/java.util.concurrent.ThreadPoolExecutor.getTask(ThreadPoolExecutor.java:1069)
        at java.base@21.0.5/java.util.concurrent.ThreadPoolExecutor.runWorker(ThreadPoolExecutor.java:1130)
        at java.base@21.0.5/java.util.concurrent.ThreadPoolExecutor$Worker.run(ThreadPoolExecutor.java:642)
        at java.base@21.0.5/java.lang.Thread.runWith(Thread.java:1596)
        at java.base@21.0.5/java.lang.Thread.run(Thread.java:1583)
"b6b79d51-52d7-4711-a690-06a51533978a-CommandProcessorThread" daemon prio=5 tid=742 timed_waiting
java.lang.Thread.State: TIMED_WAITING
        at java.base@21.0.5/java.lang.Thread.sleep0(Native Method)
        at java.base@21.0.5/java.lang.Thread.sleep(Thread.java:509)
        at app//org.apache.hadoop.ozone.container.common.statemachine.DatanodeStateMachine.lambda$initCommandHandlerThread$4(DatanodeStateMachine.java:670)
        at app//org.apache.hadoop.ozone.container.common.statemachine.DatanodeStateMachine$$Lambda/0x00007fd9cc7d5ae8.run(Unknown Source)
        at java.base@21.0.5/java.lang.Thread.runWith(Thread.java:1596)
        at java.base@21.0.5/java.lang.Thread.run(Thread.java:1583)
"3296053d-9d54-4057-a6a8-67c4b6ec6587-ChunkWriter-1-0" daemon prio=5 tid=992 in Object.wait()
java.lang.Thread.State: WAITING (on object monitor)
        at java.base@21.0.5/jdk.internal.misc.Unsafe.park(Native Method)
        at java.base@21.0.5/java.util.concurrent.locks.LockSupport.park(LockSupport.java:371)
        at java.base@21.0.5/java.util.concurrent.locks.AbstractQueuedSynchronizer$ConditionNode.block(AbstractQueuedSynchronizer.java:519)
        at java.base@21.0.5/java.util.concurrent.ForkJoinPool.unmanagedBlock(ForkJoinPool.java:3780)
        at java.base@21.0.5/java.util.concurrent.ForkJoinPool.managedBlock(ForkJoinPool.java:3725)
        at java.base@21.0.5/java.util.concurrent.locks.AbstractQueuedSynchronizer$ConditionObject.await(AbstractQueuedSynchronizer.java:1712)
        at java.base@21.0.5/java.util.concurrent.LinkedBlockingDeque.takeFirst(LinkedBlockingDeque.java:485)
        at java.base@21.0.5/java.util.concurrent.LinkedBlockingDeque.take(LinkedBlockingDeque.java:673)
        at java.base@21.0.5/java.util.concurrent.ThreadPoolExecutor.getTask(ThreadPoolExecutor.java:1070)
        at java.base@21.0.5/java.util.concurrent.ThreadPoolExecutor.runWorker(ThreadPoolExecutor.java:1130)
        at java.base@21.0.5/java.util.concurrent.ThreadPoolExecutor$Worker.run(ThreadPoolExecutor.java:642)
        at java.base@21.0.5/java.lang.Thread.runWith(Thread.java:1596)
        at java.base@21.0.5/java.lang.Thread.run(Thread.java:1583)
"StaleRecoveringContainerScrubbingService#6" daemon prio=5 tid=2817 in Object.wait()
java.lang.Thread.State: WAITING (on object monitor)
        at java.base@21.0.5/jdk.internal.misc.Unsafe.park(Native Method)
        at java.base@21.0.5/java.util.concurrent.locks.LockSupport.park(LockSupport.java:371)
        at java.base@21.0.5/java.util.concurrent.locks.AbstractQueuedSynchronizer$ConditionNode.block(AbstractQueuedSynchronizer.java:519)
        at java.base@21.0.5/java.util.concurrent.ForkJoinPool.unmanagedBlock(ForkJoinPool.java:3780)
        at java.base@21.0.5/java.util.concurrent.ForkJoinPool.managedBlock(ForkJoinPool.java:3725)
        at java.base@21.0.5/java.util.concurrent.locks.AbstractQueuedSynchronizer$ConditionObject.await(AbstractQueuedSynchronizer.java:1712)
        at java.base@21.0.5/java.util.concurrent.ScheduledThreadPoolExecutor$DelayedWorkQueue.take(ScheduledThreadPoolExecutor.java:1177)
        at java.base@21.0.5/java.util.concurrent.ScheduledThreadPoolExecutor$DelayedWorkQueue.take(ScheduledThreadPoolExecutor.java:899)
        at java.base@21.0.5/java.util.concurrent.ThreadPoolExecutor.getTask(ThreadPoolExecutor.java:1070)
        at java.base@21.0.5/java.util.concurrent.ThreadPoolExecutor.runWorker(ThreadPoolExecutor.java:1130)
        at java.base@21.0.5/java.util.concurrent.ThreadPoolExecutor$Worker.run(ThreadPoolExecutor.java:642)
        at java.base@21.0.5/java.lang.Thread.runWith(Thread.java:1596)
        at java.base@21.0.5/java.lang.Thread.run(Thread.java:1583)
"IPC Server handler 64 on default port 15000" daemon prio=5 tid=178 timed_waiting
java.lang.Thread.State: TIMED_WAITING
        at java.base@21.0.5/jdk.internal.misc.Unsafe.park(Native Method)
        at java.base@21.0.5/java.util.concurrent.locks.LockSupport.parkNanos(LockSupport.java:269)
        at java.base@21.0.5/java.util.concurrent.locks.AbstractQueuedSynchronizer$ConditionObject.awaitNanos(AbstractQueuedSynchronizer.java:1763)
        at java.base@21.0.5/java.util.concurrent.LinkedBlockingQueue.poll(LinkedBlockingQueue.java:460)
        at app//org.apache.hadoop.ipc.CallQueueManager.take(CallQueueManager.java:370)
        at app//org.apache.hadoop.ipc.Server$Handler.run(Server.java:3165)
"qtp1604816394-753" daemon prio=5 tid=753 timed_waiting
java.lang.Thread.State: TIMED_WAITING
        at java.base@21.0.5/jdk.internal.misc.Unsafe.park(Native Method)
        at java.base@21.0.5/java.util.concurrent.locks.LockSupport.parkNanos(LockSupport.java:269)
        at java.base@21.0.5/java.util.concurrent.locks.AbstractQueuedSynchronizer$ConditionObject.awaitNanos(AbstractQueuedSynchronizer.java:1763)
        at app//org.eclipse.jetty.util.BlockingArrayQueue.poll(BlockingArrayQueue.java:382)
        at app//org.eclipse.jetty.util.thread.QueuedThreadPool$Runner.idleJobPoll(QueuedThreadPool.java:974)
        at app//org.eclipse.jetty.util.thread.QueuedThreadPool$Runner.run(QueuedThreadPool.java:1018)
        at java.base@21.0.5/java.lang.Thread.runWith(Thread.java:1596)
        at java.base@21.0.5/java.lang.Thread.run(Thread.java:1583)
"IPC Server handler 88 on default port 15000" daemon prio=5 tid=202 timed_waiting
java.lang.Thread.State: TIMED_WAITING
        at java.base@21.0.5/jdk.internal.misc.Unsafe.park(Native Method)
        at java.base@21.0.5/java.util.concurrent.locks.LockSupport.parkNanos(LockSupport.java:269)
        at java.base@21.0.5/java.util.concurrent.locks.AbstractQueuedSynchronizer$ConditionObject.awaitNanos(AbstractQueuedSynchronizer.java:1763)
        at java.base@21.0.5/java.util.concurrent.LinkedBlockingQueue.poll(LinkedBlockingQueue.java:460)
        at app//org.apache.hadoop.ipc.CallQueueManager.take(CallQueueManager.java:370)
        at app//org.apache.hadoop.ipc.Server$Handler.run(Server.java:3165)
"ac32094a-198b-4072-99dd-552311e88daf-PipelineCommandHandlerThread-0"  prio=5 tid=1677 in Object.wait()
java.lang.Thread.State: WAITING (on object monitor)
        at java.base@21.0.5/jdk.internal.misc.Unsafe.park(Native Method)
        at java.base@21.0.5/java.util.concurrent.locks.LockSupport.park(LockSupport.java:371)
        at java.base@21.0.5/java.util.concurrent.locks.AbstractQueuedSynchronizer$ConditionNode.block(AbstractQueuedSynchronizer.java:519)
        at java.base@21.0.5/java.util.concurrent.ForkJoinPool.unmanagedBlock(ForkJoinPool.java:3780)
        at java.base@21.0.5/java.util.concurrent.ForkJoinPool.managedBlock(ForkJoinPool.java:3725)
        at java.base@21.0.5/java.util.concurrent.locks.AbstractQueuedSynchronizer$ConditionObject.await(AbstractQueuedSynchronizer.java:1712)
        at java.base@21.0.5/java.util.concurrent.LinkedBlockingQueue.take(LinkedBlockingQueue.java:435)
        at java.base@21.0.5/java.util.concurrent.ThreadPoolExecutor.getTask(ThreadPoolExecutor.java:1070)
        at java.base@21.0.5/java.util.concurrent.ThreadPoolExecutor.runWorker(ThreadPoolExecutor.java:1130)
        at java.base@21.0.5/java.util.concurrent.ThreadPoolExecutor$Worker.run(ThreadPoolExecutor.java:642)
        at java.base@21.0.5/java.lang.Thread.runWith(Thread.java:1596)
        at java.base@21.0.5/java.lang.Thread.run(Thread.java:1583)
"JvmPauseMonitor1" daemon prio=5 tid=111 timed_waiting
java.lang.Thread.State: TIMED_WAITING
        at java.base@21.0.5/java.lang.Thread.sleep0(Native Method)
        at java.base@21.0.5/java.lang.Thread.sleep(Thread.java:558)
        at java.base@21.0.5/java.util.concurrent.TimeUnit.sleep(TimeUnit.java:446)
        at app//org.apache.ratis.util.TimeDuration.sleep(TimeDuration.java:353)
        at app//org.apache.ratis.util.TimeDuration.sleep(TimeDuration.java:338)
        at app//org.apache.ratis.util.JvmPauseMonitor.detectPause(JvmPauseMonitor.java:160)
        at app//org.apache.ratis.util.JvmPauseMonitor.run(JvmPauseMonitor.java:149)
        at app//org.apache.ratis.util.JvmPauseMonitor$$Lambda/0x00007fd9cc38c980.run(Unknown Source)
        at java.base@21.0.5/java.lang.Thread.runWith(Thread.java:1596)
        at java.base@21.0.5/java.lang.Thread.run(Thread.java:1583)
"751e45cc-852a-454f-97c8-e80f2befe6f4@group-2A3258B325AC-StateMachineUpdater" daemon prio=5 tid=1363 timed_waiting
java.lang.Thread.State: TIMED_WAITING
        at java.base@21.0.5/jdk.internal.misc.Unsafe.park(Native Method)
        at java.base@21.0.5/java.util.concurrent.locks.LockSupport.parkNanos(LockSupport.java:269)
        at java.base@21.0.5/java.util.concurrent.locks.AbstractQueuedSynchronizer$ConditionObject.await(AbstractQueuedSynchronizer.java:1852)
        at app//org.apache.ratis.util.AwaitForSignal.await(AwaitForSignal.java:65)
        at app//org.apache.ratis.server.impl.StateMachineUpdater.waitForCommit(StateMachineUpdater.java:219)
        at app//org.apache.ratis.server.impl.StateMachineUpdater.run(StateMachineUpdater.java:187)
        at java.base@21.0.5/java.lang.Thread.runWith(Thread.java:1596)
        at java.base@21.0.5/java.lang.Thread.run(Thread.java:1583)
"eca5a246-1f8f-493f-b50d-7eee1f2fec76@group-65FF6341E423-LeaderStateImpl" daemon prio=5 tid=2240 timed_waiting
java.lang.Thread.State: TIMED_WAITING
        at java.base@21.0.5/jdk.internal.misc.Unsafe.park(Native Method)
        at java.base@21.0.5/java.util.concurrent.locks.LockSupport.parkNanos(LockSupport.java:269)
        at java.base@21.0.5/java.util.concurrent.locks.AbstractQueuedSynchronizer$ConditionObject.awaitNanos(AbstractQueuedSynchronizer.java:1763)
        at java.base@21.0.5/java.util.concurrent.ArrayBlockingQueue.poll(ArrayBlockingQueue.java:435)
        at app//org.apache.ratis.server.impl.LeaderStateImpl$EventQueue.poll(LeaderStateImpl.java:164)
        at app//org.apache.ratis.server.impl.LeaderStateImpl$EventProcessor.run(LeaderStateImpl.java:763)
"pool-237-thread-1"  prio=5 tid=795 timed_waiting
java.lang.Thread.State: TIMED_WAITING
        at java.base@21.0.5/jdk.internal.misc.Unsafe.park(Native Method)
        at java.base@21.0.5/java.util.concurrent.locks.LockSupport.parkNanos(LockSupport.java:269)
        at java.base@21.0.5/java.util.concurrent.locks.AbstractQueuedSynchronizer$ConditionObject.awaitNanos(AbstractQueuedSynchronizer.java:1763)
        at java.base@21.0.5/java.util.concurrent.ScheduledThreadPoolExecutor$DelayedWorkQueue.take(ScheduledThreadPoolExecutor.java:1182)
        at java.base@21.0.5/java.util.concurrent.ScheduledThreadPoolExecutor$DelayedWorkQueue.take(ScheduledThreadPoolExecutor.java:899)
        at java.base@21.0.5/java.util.concurrent.ThreadPoolExecutor.getTask(ThreadPoolExecutor.java:1070)
        at java.base@21.0.5/java.util.concurrent.ThreadPoolExecutor.runWorker(ThreadPoolExecutor.java:1130)
        at java.base@21.0.5/java.util.concurrent.ThreadPoolExecutor$Worker.run(ThreadPoolExecutor.java:642)
        at java.base@21.0.5/java.lang.Thread.runWith(Thread.java:1596)
        at java.base@21.0.5/java.lang.Thread.run(Thread.java:1583)
"StaleRecoveringContainerScrubbingService#7" daemon prio=5 tid=2876 in Object.wait()
java.lang.Thread.State: WAITING (on object monitor)
        at java.base@21.0.5/jdk.internal.misc.Unsafe.park(Native Method)
        at java.base@21.0.5/java.util.concurrent.locks.LockSupport.park(LockSupport.java:371)
        at java.base@21.0.5/java.util.concurrent.locks.AbstractQueuedSynchronizer$ConditionNode.block(AbstractQueuedSynchronizer.java:519)
        at java.base@21.0.5/java.util.concurrent.ForkJoinPool.unmanagedBlock(ForkJoinPool.java:3780)
        at java.base@21.0.5/java.util.concurrent.ForkJoinPool.managedBlock(ForkJoinPool.java:3725)
        at java.base@21.0.5/java.util.concurrent.locks.AbstractQueuedSynchronizer$ConditionObject.await(AbstractQueuedSynchronizer.java:1712)
        at java.base@21.0.5/java.util.concurrent.ScheduledThreadPoolExecutor$DelayedWorkQueue.take(ScheduledThreadPoolExecutor.java:1177)
        at java.base@21.0.5/java.util.concurrent.ScheduledThreadPoolExecutor$DelayedWorkQueue.take(ScheduledThreadPoolExecutor.java:899)
        at java.base@21.0.5/java.util.concurrent.ThreadPoolExecutor.getTask(ThreadPoolExecutor.java:1070)
        at java.base@21.0.5/java.util.concurrent.ThreadPoolExecutor.runWorker(ThreadPoolExecutor.java:1130)
        at java.base@21.0.5/java.util.concurrent.ThreadPoolExecutor$Worker.run(ThreadPoolExecutor.java:642)
        at java.base@21.0.5/java.lang.Thread.runWith(Thread.java:1596)
        at java.base@21.0.5/java.lang.Thread.run(Thread.java:1583)
"IPC Server handler 55 on default port 15001" daemon prio=5 tid=269 timed_waiting
java.lang.Thread.State: TIMED_WAITING
        at java.base@21.0.5/jdk.internal.misc.Unsafe.park(Native Method)
        at java.base@21.0.5/java.util.concurrent.locks.LockSupport.parkNanos(LockSupport.java:269)
        at java.base@21.0.5/java.util.concurrent.locks.AbstractQueuedSynchronizer$ConditionObject.awaitNanos(AbstractQueuedSynchronizer.java:1763)
        at java.base@21.0.5/java.util.concurrent.LinkedBlockingQueue.poll(LinkedBlockingQueue.java:460)
        at app//org.apache.hadoop.ipc.CallQueueManager.take(CallQueueManager.java:370)
        at app//org.apache.hadoop.ipc.Server$Handler.run(Server.java:3165)
"79978ed1-1a5c-4832-b584-9e2d85f03cd7@group-A6DF87581CD1-SegmentedRaftLogWorker"  prio=5 tid=1288 timed_waiting
java.lang.Thread.State: TIMED_WAITING
        at java.base@21.0.5/jdk.internal.misc.Unsafe.park(Native Method)
        at java.base@21.0.5/java.util.concurrent.locks.LockSupport.parkNanos(LockSupport.java:269)
        at java.base@21.0.5/java.util.concurrent.locks.AbstractQueuedSynchronizer$ConditionObject.awaitNanos(AbstractQueuedSynchronizer.java:1763)
        at app//org.apache.ratis.util.DataBlockingQueue.poll(DataBlockingQueue.java:148)
        at app//org.apache.ratis.server.raftlog.segmented.SegmentedRaftLogWorker.run(SegmentedRaftLogWorker.java:307)
        at app//org.apache.ratis.server.raftlog.segmented.SegmentedRaftLogWorker$$Lambda/0x00007fd9cc334298.run(Unknown Source)
        at java.base@21.0.5/java.util.concurrent.Executors$RunnableAdapter.call(Executors.java:572)
        at java.base@21.0.5/java.util.concurrent.FutureTask.run(FutureTask.java:317)
        at java.base@21.0.5/java.util.concurrent.ThreadPoolExecutor.runWorker(ThreadPoolExecutor.java:1144)
        at java.base@21.0.5/java.util.concurrent.ThreadPoolExecutor$Worker.run(ThreadPoolExecutor.java:642)
        at java.base@21.0.5/java.lang.Thread.runWith(Thread.java:1596)
        at java.base@21.0.5/java.lang.Thread.run(Thread.java:1583)
"26f755b0-b4b1-4239-8401-e418fca9ef4b-DatanodeReportManager-2" daemon prio=5 tid=2518 timed_waiting
java.lang.Thread.State: TIMED_WAITING
        at java.base@21.0.5/jdk.internal.misc.Unsafe.park(Native Method)
        at java.base@21.0.5/java.util.concurrent.locks.LockSupport.parkNanos(LockSupport.java:269)
        at java.base@21.0.5/java.util.concurrent.locks.AbstractQueuedSynchronizer$ConditionObject.awaitNanos(AbstractQueuedSynchronizer.java:1763)
        at java.base@21.0.5/java.util.concurrent.ScheduledThreadPoolExecutor$DelayedWorkQueue.take(ScheduledThreadPoolExecutor.java:1182)
        at java.base@21.0.5/java.util.concurrent.ScheduledThreadPoolExecutor$DelayedWorkQueue.take(ScheduledThreadPoolExecutor.java:899)
        at java.base@21.0.5/java.util.concurrent.ThreadPoolExecutor.getTask(ThreadPoolExecutor.java:1070)
        at java.base@21.0.5/java.util.concurrent.ThreadPoolExecutor.runWorker(ThreadPoolExecutor.java:1130)
        at java.base@21.0.5/java.util.concurrent.ThreadPoolExecutor$Worker.run(ThreadPoolExecutor.java:642)
        at java.base@21.0.5/java.lang.Thread.runWith(Thread.java:1596)
        at java.base@21.0.5/java.lang.Thread.run(Thread.java:1583)
"IPC Server handler 21 on default port 15000" daemon prio=5 tid=135 timed_waiting
java.lang.Thread.State: TIMED_WAITING
        at java.base@21.0.5/jdk.internal.misc.Unsafe.park(Native Method)
        at java.base@21.0.5/java.util.concurrent.locks.LockSupport.parkNanos(LockSupport.java:269)
        at java.base@21.0.5/java.util.concurrent.locks.AbstractQueuedSynchronizer$ConditionObject.awaitNanos(AbstractQueuedSynchronizer.java:1763)
        at java.base@21.0.5/java.util.concurrent.LinkedBlockingQueue.poll(LinkedBlockingQueue.java:460)
        at app//org.apache.hadoop.ipc.CallQueueManager.take(CallQueueManager.java:370)
        at app//org.apache.hadoop.ipc.Server$Handler.run(Server.java:3165)
"IPC Server handler 52 on default port 15000" daemon prio=5 tid=166 timed_waiting
java.lang.Thread.State: TIMED_WAITING
        at java.base@21.0.5/jdk.internal.misc.Unsafe.park(Native Method)
        at java.base@21.0.5/java.util.concurrent.locks.LockSupport.parkNanos(LockSupport.java:269)
        at java.base@21.0.5/java.util.concurrent.locks.AbstractQueuedSynchronizer$ConditionObject.awaitNanos(AbstractQueuedSynchronizer.java:1763)
        at java.base@21.0.5/java.util.concurrent.LinkedBlockingQueue.poll(LinkedBlockingQueue.java:460)
        at app//org.apache.hadoop.ipc.CallQueueManager.take(CallQueueManager.java:370)
        at app//org.apache.hadoop.ipc.Server$Handler.run(Server.java:3165)
"om1-DirectoryDeletingService#7" daemon prio=5 tid=478 in Object.wait()
java.lang.Thread.State: WAITING (on object monitor)
        at java.base@21.0.5/jdk.internal.misc.Unsafe.park(Native Method)
        at java.base@21.0.5/java.util.concurrent.locks.LockSupport.park(LockSupport.java:371)
        at java.base@21.0.5/java.util.concurrent.locks.AbstractQueuedSynchronizer$ConditionNode.block(AbstractQueuedSynchronizer.java:519)
        at java.base@21.0.5/java.util.concurrent.ForkJoinPool.unmanagedBlock(ForkJoinPool.java:3780)
        at java.base@21.0.5/java.util.concurrent.ForkJoinPool.managedBlock(ForkJoinPool.java:3725)
        at java.base@21.0.5/java.util.concurrent.locks.AbstractQueuedSynchronizer$ConditionObject.await(AbstractQueuedSynchronizer.java:1712)
        at java.base@21.0.5/java.util.concurrent.ScheduledThreadPoolExecutor$DelayedWorkQueue.take(ScheduledThreadPoolExecutor.java:1177)
        at java.base@21.0.5/java.util.concurrent.ScheduledThreadPoolExecutor$DelayedWorkQueue.take(ScheduledThreadPoolExecutor.java:899)
        at java.base@21.0.5/java.util.concurrent.ThreadPoolExecutor.getTask(ThreadPoolExecutor.java:1070)
        at java.base@21.0.5/java.util.concurrent.ThreadPoolExecutor.runWorker(ThreadPoolExecutor.java:1130)
        at java.base@21.0.5/java.util.concurrent.ThreadPoolExecutor$Worker.run(ThreadPoolExecutor.java:642)
        at java.base@21.0.5/java.lang.Thread.runWith(Thread.java:1596)
        at java.base@21.0.5/java.lang.Thread.run(Thread.java:1583)
"4b5ea8a3-88a5-4114-908f-7a85f39bc1cb@group-1CB239B5D031-SegmentedRaftLogWorker" daemon prio=5 tid=1330 timed_waiting
java.lang.Thread.State: TIMED_WAITING
        at java.base@21.0.5/jdk.internal.misc.Unsafe.park(Native Method)
        at java.base@21.0.5/java.util.concurrent.locks.LockSupport.parkNanos(LockSupport.java:269)
        at java.base@21.0.5/java.util.concurrent.locks.AbstractQueuedSynchronizer$ConditionObject.awaitNanos(AbstractQueuedSynchronizer.java:1763)
        at app//org.apache.ratis.util.DataBlockingQueue.poll(DataBlockingQueue.java:148)
        at app//org.apache.ratis.server.raftlog.segmented.SegmentedRaftLogWorker.run(SegmentedRaftLogWorker.java:307)
        at app//org.apache.ratis.server.raftlog.segmented.SegmentedRaftLogWorker$$Lambda/0x00007fd9cc334298.run(Unknown Source)
        at java.base@21.0.5/java.util.concurrent.Executors$RunnableAdapter.call(Executors.java:572)
        at java.base@21.0.5/java.util.concurrent.FutureTask.run(FutureTask.java:317)
        at java.base@21.0.5/java.util.concurrent.ThreadPoolExecutor.runWorker(ThreadPoolExecutor.java:1144)
        at java.base@21.0.5/java.util.concurrent.ThreadPoolExecutor$Worker.run(ThreadPoolExecutor.java:642)
        at java.base@21.0.5/java.lang.Thread.runWith(Thread.java:1596)
        at java.base@21.0.5/java.lang.Thread.run(Thread.java:1583)
"751e45cc-852a-454f-97c8-e80f2befe6f4@group-EF3CB8D23BF9-FollowerState" daemon prio=5 tid=1904 timed_waiting
java.lang.Thread.State: TIMED_WAITING
        at java.base@21.0.5/java.lang.Thread.sleep0(Native Method)
        at java.base@21.0.5/java.lang.Thread.sleep(Thread.java:558)
        at java.base@21.0.5/java.util.concurrent.TimeUnit.sleep(TimeUnit.java:446)
        at app//org.apache.ratis.util.TimeDuration.sleep(TimeDuration.java:353)
        at app//org.apache.ratis.util.TimeDuration.sleep(TimeDuration.java:338)
        at app//org.apache.ratis.server.impl.FollowerState.runImpl(FollowerState.java:149)
        at app//org.apache.ratis.server.impl.FollowerState.run(FollowerState.java:130)
"pool-499-thread-1"  prio=5 tid=2481 timed_waiting
java.lang.Thread.State: TIMED_WAITING
        at java.base@21.0.5/jdk.internal.misc.Unsafe.park(Native Method)
        at java.base@21.0.5/java.util.concurrent.locks.LockSupport.parkNanos(LockSupport.java:269)
        at java.base@21.0.5/java.util.concurrent.locks.AbstractQueuedSynchronizer$ConditionObject.awaitNanos(AbstractQueuedSynchronizer.java:1763)
        at java.base@21.0.5/java.util.concurrent.ScheduledThreadPoolExecutor$DelayedWorkQueue.take(ScheduledThreadPoolExecutor.java:1182)
        at java.base@21.0.5/java.util.concurrent.ScheduledThreadPoolExecutor$DelayedWorkQueue.take(ScheduledThreadPoolExecutor.java:899)
        at java.base@21.0.5/java.util.concurrent.ThreadPoolExecutor.getTask(ThreadPoolExecutor.java:1070)
        at java.base@21.0.5/java.util.concurrent.ThreadPoolExecutor.runWorker(ThreadPoolExecutor.java:1130)
        at java.base@21.0.5/java.util.concurrent.ThreadPoolExecutor$Worker.run(ThreadPoolExecutor.java:642)
        at java.base@21.0.5/java.lang.Thread.runWith(Thread.java:1596)
        at java.base@21.0.5/java.lang.Thread.run(Thread.java:1583)
"4b5ea8a3-88a5-4114-908f-7a85f39bc1cb@group-EF3CB8D23BF9-LeaderStateImpl" daemon prio=5 tid=1906 timed_waiting
java.lang.Thread.State: TIMED_WAITING
        at java.base@21.0.5/jdk.internal.misc.Unsafe.park(Native Method)
        at java.base@21.0.5/java.util.concurrent.locks.LockSupport.parkNanos(LockSupport.java:269)
        at java.base@21.0.5/java.util.concurrent.locks.AbstractQueuedSynchronizer$ConditionObject.awaitNanos(AbstractQueuedSynchronizer.java:1763)
        at java.base@21.0.5/java.util.concurrent.ArrayBlockingQueue.poll(ArrayBlockingQueue.java:435)
        at app//org.apache.ratis.server.impl.LeaderStateImpl$EventQueue.poll(LeaderStateImpl.java:164)
        at app//org.apache.ratis.server.impl.LeaderStateImpl$EventProcessor.run(LeaderStateImpl.java:763)
"Socket Reader #3 for port 15000"  prio=5 tid=86 runnable
java.lang.Thread.State: RUNNABLE
        at java.base@21.0.5/sun.nio.ch.EPoll.wait(Native Method)
        at java.base@21.0.5/sun.nio.ch.EPollSelectorImpl.doSelect(EPollSelectorImpl.java:121)
        at java.base@21.0.5/sun.nio.ch.SelectorImpl.lockAndDoSelect(SelectorImpl.java:130)
        at java.base@21.0.5/sun.nio.ch.SelectorImpl.select(SelectorImpl.java:147)
        at app//org.apache.hadoop.ipc.Server$Listener$Reader.doRunLoop(Server.java:1497)
        at app//org.apache.hadoop.ipc.Server$Listener$Reader.run(Server.java:1476)
"ac32094a-198b-4072-99dd-552311e88daf-ChunkReader-ELG-0" daemon prio=5 tid=1160 runnable
java.lang.Thread.State: RUNNABLE
        at app//org.apache.ratis.thirdparty.io.netty.channel.epoll.Native.epollWait0(Native Method)
        at app//org.apache.ratis.thirdparty.io.netty.channel.epoll.Native.epollWait(Native.java:193)
        at app//org.apache.ratis.thirdparty.io.netty.channel.epoll.EpollEventLoop.epollWait(EpollEventLoop.java:304)
        at app//org.apache.ratis.thirdparty.io.netty.channel.epoll.EpollEventLoop.run(EpollEventLoop.java:368)
        at app//org.apache.ratis.thirdparty.io.netty.util.concurrent.SingleThreadEventExecutor$4.run(SingleThreadEventExecutor.java:997)
        at app//org.apache.ratis.thirdparty.io.netty.util.internal.ThreadExecutorMap$2.run(ThreadExecutorMap.java:74)
        at java.base@21.0.5/java.lang.Thread.runWith(Thread.java:1596)
        at java.base@21.0.5/java.lang.Thread.run(Thread.java:1583)
"02fc1759-725d-47af-8349-873c9c5c9167@group-2F5615DC861B-cacheEviction-AwaitToRun" daemon prio=5 tid=1199 in Object.wait()
java.lang.Thread.State: WAITING (on object monitor)
        at java.base@21.0.5/jdk.internal.misc.Unsafe.park(Native Method)
        at java.base@21.0.5/java.util.concurrent.locks.LockSupport.park(LockSupport.java:371)
        at java.base@21.0.5/java.util.concurrent.locks.AbstractQueuedSynchronizer$ConditionNode.block(AbstractQueuedSynchronizer.java:519)
        at java.base@21.0.5/java.util.concurrent.ForkJoinPool.unmanagedBlock(ForkJoinPool.java:3780)
        at java.base@21.0.5/java.util.concurrent.ForkJoinPool.managedBlock(ForkJoinPool.java:3725)
        at java.base@21.0.5/java.util.concurrent.locks.AbstractQueuedSynchronizer$ConditionObject.await(AbstractQueuedSynchronizer.java:1712)
        at app//org.apache.ratis.util.AwaitForSignal.await(AwaitForSignal.java:48)
        at app//org.apache.ratis.util.AwaitToRun$RunnableImpl.run(AwaitToRun.java:47)
        at java.base@21.0.5/java.lang.Thread.runWith(Thread.java:1596)
        at java.base@21.0.5/java.lang.Thread.run(Thread.java:1583)
"IPC Server handler 6 on default port 15057" daemon prio=5 tid=779 timed_waiting
java.lang.Thread.State: TIMED_WAITING
        at java.base@21.0.5/jdk.internal.misc.Unsafe.park(Native Method)
        at java.base@21.0.5/java.util.concurrent.locks.LockSupport.parkNanos(LockSupport.java:269)
        at java.base@21.0.5/java.util.concurrent.locks.AbstractQueuedSynchronizer$ConditionObject.awaitNanos(AbstractQueuedSynchronizer.java:1763)
        at java.base@21.0.5/java.util.concurrent.LinkedBlockingQueue.poll(LinkedBlockingQueue.java:460)
        at app//org.apache.hadoop.ipc.CallQueueManager.take(CallQueueManager.java:370)
        at app//org.apache.hadoop.ipc.Server$Handler.run(Server.java:3165)
"4b5ea8a3-88a5-4114-908f-7a85f39bc1cb-DatanodeReportManager-3" daemon prio=5 tid=695 timed_waiting
java.lang.Thread.State: TIMED_WAITING
        at java.base@21.0.5/jdk.internal.misc.Unsafe.park(Native Method)
        at java.base@21.0.5/java.util.concurrent.locks.LockSupport.parkNanos(LockSupport.java:269)
        at java.base@21.0.5/java.util.concurrent.locks.AbstractQueuedSynchronizer$ConditionObject.awaitNanos(AbstractQueuedSynchronizer.java:1763)
        at java.base@21.0.5/java.util.concurrent.ScheduledThreadPoolExecutor$DelayedWorkQueue.take(ScheduledThreadPoolExecutor.java:1182)
        at java.base@21.0.5/java.util.concurrent.ScheduledThreadPoolExecutor$DelayedWorkQueue.take(ScheduledThreadPoolExecutor.java:899)
        at java.base@21.0.5/java.util.concurrent.ThreadPoolExecutor.getTask(ThreadPoolExecutor.java:1070)
        at java.base@21.0.5/java.util.concurrent.ThreadPoolExecutor.runWorker(ThreadPoolExecutor.java:1130)
        at java.base@21.0.5/java.util.concurrent.ThreadPoolExecutor$Worker.run(ThreadPoolExecutor.java:642)
        at java.base@21.0.5/java.lang.Thread.runWith(Thread.java:1596)
        at java.base@21.0.5/java.lang.Thread.run(Thread.java:1583)
"eca5a246-1f8f-493f-b50d-7eee1f2fec76-ChunkReader-7" daemon prio=5 tid=2458 in Object.wait()
java.lang.Thread.State: WAITING (on object monitor)
        at java.base@21.0.5/jdk.internal.misc.Unsafe.park(Native Method)
        at java.base@21.0.5/java.util.concurrent.locks.LockSupport.park(LockSupport.java:371)
        at java.base@21.0.5/java.util.concurrent.locks.AbstractQueuedSynchronizer$ConditionNode.block(AbstractQueuedSynchronizer.java:519)
        at java.base@21.0.5/java.util.concurrent.ForkJoinPool.unmanagedBlock(ForkJoinPool.java:3780)
        at java.base@21.0.5/java.util.concurrent.ForkJoinPool.managedBlock(ForkJoinPool.java:3725)
        at java.base@21.0.5/java.util.concurrent.locks.AbstractQueuedSynchronizer$ConditionObject.await(AbstractQueuedSynchronizer.java:1712)
        at java.base@21.0.5/java.util.concurrent.LinkedBlockingQueue.take(LinkedBlockingQueue.java:435)
        at java.base@21.0.5/java.util.concurrent.ThreadPoolExecutor.getTask(ThreadPoolExecutor.java:1070)
        at java.base@21.0.5/java.util.concurrent.ThreadPoolExecutor.runWorker(ThreadPoolExecutor.java:1130)
        at java.base@21.0.5/java.util.concurrent.ThreadPoolExecutor$Worker.run(ThreadPoolExecutor.java:642)
        at java.base@21.0.5/java.lang.Thread.runWith(Thread.java:1596)
        at java.base@21.0.5/java.lang.Thread.run(Thread.java:1583)
"StaleRecoveringContainerScrubbingService#1" daemon prio=5 tid=1067 in Object.wait()
java.lang.Thread.State: WAITING (on object monitor)
        at java.base@21.0.5/jdk.internal.misc.Unsafe.park(Native Method)
        at java.base@21.0.5/java.util.concurrent.locks.LockSupport.park(LockSupport.java:371)
        at java.base@21.0.5/java.util.concurrent.locks.AbstractQueuedSynchronizer$ConditionNode.block(AbstractQueuedSynchronizer.java:519)
        at java.base@21.0.5/java.util.concurrent.ForkJoinPool.unmanagedBlock(ForkJoinPool.java:3780)
        at java.base@21.0.5/java.util.concurrent.ForkJoinPool.managedBlock(ForkJoinPool.java:3725)
        at java.base@21.0.5/java.util.concurrent.locks.AbstractQueuedSynchronizer$ConditionObject.await(AbstractQueuedSynchronizer.java:1712)
        at java.base@21.0.5/java.util.concurrent.ScheduledThreadPoolExecutor$DelayedWorkQueue.take(ScheduledThreadPoolExecutor.java:1177)
        at java.base@21.0.5/java.util.concurrent.ScheduledThreadPoolExecutor$DelayedWorkQueue.take(ScheduledThreadPoolExecutor.java:899)
        at java.base@21.0.5/java.util.concurrent.ThreadPoolExecutor.getTask(ThreadPoolExecutor.java:1070)
        at java.base@21.0.5/java.util.concurrent.ThreadPoolExecutor.runWorker(ThreadPoolExecutor.java:1130)
        at java.base@21.0.5/java.util.concurrent.ThreadPoolExecutor$Worker.run(ThreadPoolExecutor.java:642)
        at java.base@21.0.5/java.lang.Thread.runWith(Thread.java:1596)
        at java.base@21.0.5/java.lang.Thread.run(Thread.java:1583)
"NetworkTopologyPoller" daemon prio=5 tid=465 timed_waiting
java.lang.Thread.State: TIMED_WAITING
        at java.base@21.0.5/jdk.internal.misc.Unsafe.park(Native Method)
        at java.base@21.0.5/java.util.concurrent.locks.LockSupport.parkNanos(LockSupport.java:269)
        at java.base@21.0.5/java.util.concurrent.locks.AbstractQueuedSynchronizer$ConditionObject.awaitNanos(AbstractQueuedSynchronizer.java:1763)
        at java.base@21.0.5/java.util.concurrent.ScheduledThreadPoolExecutor$DelayedWorkQueue.take(ScheduledThreadPoolExecutor.java:1182)
        at java.base@21.0.5/java.util.concurrent.ScheduledThreadPoolExecutor$DelayedWorkQueue.take(ScheduledThreadPoolExecutor.java:899)
        at java.base@21.0.5/java.util.concurrent.ThreadPoolExecutor.getTask(ThreadPoolExecutor.java:1070)
        at java.base@21.0.5/java.util.concurrent.ThreadPoolExecutor.runWorker(ThreadPoolExecutor.java:1130)
        at java.base@21.0.5/java.util.concurrent.ThreadPoolExecutor$Worker.run(ThreadPoolExecutor.java:642)
        at java.base@21.0.5/java.lang.Thread.runWith(Thread.java:1596)
        at java.base@21.0.5/java.lang.Thread.run(Thread.java:1583)
"3296053d-9d54-4057-a6a8-67c4b6ec6587-BlockDeletingService#2" daemon prio=5 tid=2855 in Object.wait()
java.lang.Thread.State: WAITING (on object monitor)
        at java.base@21.0.5/jdk.internal.misc.Unsafe.park(Native Method)
        at java.base@21.0.5/java.util.concurrent.locks.LockSupport.park(LockSupport.java:371)
        at java.base@21.0.5/java.util.concurrent.locks.AbstractQueuedSynchronizer$ConditionNode.block(AbstractQueuedSynchronizer.java:519)
        at java.base@21.0.5/java.util.concurrent.ForkJoinPool.unmanagedBlock(ForkJoinPool.java:3780)
        at java.base@21.0.5/java.util.concurrent.ForkJoinPool.managedBlock(ForkJoinPool.java:3725)
        at java.base@21.0.5/java.util.concurrent.locks.AbstractQueuedSynchronizer$ConditionObject.await(AbstractQueuedSynchronizer.java:1712)
        at java.base@21.0.5/java.util.concurrent.ScheduledThreadPoolExecutor$DelayedWorkQueue.take(ScheduledThreadPoolExecutor.java:1177)
        at java.base@21.0.5/java.util.concurrent.ScheduledThreadPoolExecutor$DelayedWorkQueue.take(ScheduledThreadPoolExecutor.java:899)
        at java.base@21.0.5/java.util.concurrent.ThreadPoolExecutor.getTask(ThreadPoolExecutor.java:1070)
        at java.base@21.0.5/java.util.concurrent.ThreadPoolExecutor.runWorker(ThreadPoolExecutor.java:1130)
        at java.base@21.0.5/java.util.concurrent.ThreadPoolExecutor$Worker.run(ThreadPoolExecutor.java:642)
        at java.base@21.0.5/java.lang.Thread.runWith(Thread.java:1596)
        at java.base@21.0.5/java.lang.Thread.run(Thread.java:1583)
"26f755b0-b4b1-4239-8401-e418fca9ef4b-ChunkReader-6" daemon prio=5 tid=2870 in Object.wait()
java.lang.Thread.State: WAITING (on object monitor)
        at java.base@21.0.5/jdk.internal.misc.Unsafe.park(Native Method)
        at java.base@21.0.5/java.util.concurrent.locks.LockSupport.park(LockSupport.java:371)
        at java.base@21.0.5/java.util.concurrent.locks.AbstractQueuedSynchronizer$ConditionNode.block(AbstractQueuedSynchronizer.java:519)
        at java.base@21.0.5/java.util.concurrent.ForkJoinPool.unmanagedBlock(ForkJoinPool.java:3780)
        at java.base@21.0.5/java.util.concurrent.ForkJoinPool.managedBlock(ForkJoinPool.java:3725)
        at java.base@21.0.5/java.util.concurrent.locks.AbstractQueuedSynchronizer$ConditionObject.await(AbstractQueuedSynchronizer.java:1712)
        at java.base@21.0.5/java.util.concurrent.LinkedBlockingQueue.take(LinkedBlockingQueue.java:435)
        at java.base@21.0.5/java.util.concurrent.ThreadPoolExecutor.getTask(ThreadPoolExecutor.java:1070)
        at java.base@21.0.5/java.util.concurrent.ThreadPoolExecutor.runWorker(ThreadPoolExecutor.java:1130)
        at java.base@21.0.5/java.util.concurrent.ThreadPoolExecutor$Worker.run(ThreadPoolExecutor.java:642)
        at java.base@21.0.5/java.lang.Thread.runWith(Thread.java:1596)
        at java.base@21.0.5/java.lang.Thread.run(Thread.java:1583)
"02fc1759-725d-47af-8349-873c9c5c9167-ChunkWriter-1-0" daemon prio=5 tid=928 in Object.wait()
java.lang.Thread.State: WAITING (on object monitor)
        at java.base@21.0.5/jdk.internal.misc.Unsafe.park(Native Method)
        at java.base@21.0.5/java.util.concurrent.locks.LockSupport.park(LockSupport.java:371)
        at java.base@21.0.5/java.util.concurrent.locks.AbstractQueuedSynchronizer$ConditionNode.block(AbstractQueuedSynchronizer.java:519)
        at java.base@21.0.5/java.util.concurrent.ForkJoinPool.unmanagedBlock(ForkJoinPool.java:3780)
        at java.base@21.0.5/java.util.concurrent.ForkJoinPool.managedBlock(ForkJoinPool.java:3725)
        at java.base@21.0.5/java.util.concurrent.locks.AbstractQueuedSynchronizer$ConditionObject.await(AbstractQueuedSynchronizer.java:1712)
        at java.base@21.0.5/java.util.concurrent.LinkedBlockingDeque.takeFirst(LinkedBlockingDeque.java:485)
        at java.base@21.0.5/java.util.concurrent.LinkedBlockingDeque.take(LinkedBlockingDeque.java:673)
        at java.base@21.0.5/java.util.concurrent.ThreadPoolExecutor.getTask(ThreadPoolExecutor.java:1070)
        at java.base@21.0.5/java.util.concurrent.ThreadPoolExecutor.runWorker(ThreadPoolExecutor.java:1130)
        at java.base@21.0.5/java.util.concurrent.ThreadPoolExecutor$Worker.run(ThreadPoolExecutor.java:642)
        at java.base@21.0.5/java.lang.Thread.runWith(Thread.java:1596)
        at java.base@21.0.5/java.lang.Thread.run(Thread.java:1583)
"Socket Reader #10 for port 15006"  prio=5 tid=452 runnable
java.lang.Thread.State: RUNNABLE
        at java.base@21.0.5/sun.nio.ch.EPoll.wait(Native Method)
        at java.base@21.0.5/sun.nio.ch.EPollSelectorImpl.doSelect(EPollSelectorImpl.java:121)
        at java.base@21.0.5/sun.nio.ch.SelectorImpl.lockAndDoSelect(SelectorImpl.java:130)
        at java.base@21.0.5/sun.nio.ch.SelectorImpl.select(SelectorImpl.java:147)
        at app//org.apache.hadoop.ipc.Server$Listener$Reader.doRunLoop(Server.java:1497)
        at app//org.apache.hadoop.ipc.Server$Listener$Reader.run(Server.java:1476)
"IPC Server handler 5 on default port 15006" daemon prio=5 tid=496 timed_waiting
java.lang.Thread.State: TIMED_WAITING
        at java.base@21.0.5/jdk.internal.misc.Unsafe.park(Native Method)
        at java.base@21.0.5/java.util.concurrent.locks.LockSupport.parkNanos(LockSupport.java:269)
        at java.base@21.0.5/java.util.concurrent.locks.AbstractQueuedSynchronizer$ConditionObject.awaitNanos(AbstractQueuedSynchronizer.java:1763)
        at java.base@21.0.5/java.util.concurrent.LinkedBlockingQueue.poll(LinkedBlockingQueue.java:460)
        at app//org.apache.hadoop.ipc.CallQueueManager.take(CallQueueManager.java:370)
        at app//org.apache.hadoop.ipc.Server$Handler.run(Server.java:3165)
"02fc1759-725d-47af-8349-873c9c5c9167@group-1CB239B5D031-LeaderStateImpl" daemon prio=5 tid=1912 timed_waiting
java.lang.Thread.State: TIMED_WAITING
        at java.base@21.0.5/jdk.internal.misc.Unsafe.park(Native Method)
        at java.base@21.0.5/java.util.concurrent.locks.LockSupport.parkNanos(LockSupport.java:269)
        at java.base@21.0.5/java.util.concurrent.locks.AbstractQueuedSynchronizer$ConditionObject.awaitNanos(AbstractQueuedSynchronizer.java:1763)
        at java.base@21.0.5/java.util.concurrent.ArrayBlockingQueue.poll(ArrayBlockingQueue.java:435)
        at app//org.apache.ratis.server.impl.LeaderStateImpl$EventQueue.poll(LeaderStateImpl.java:164)
        at app//org.apache.ratis.server.impl.LeaderStateImpl$EventProcessor.run(LeaderStateImpl.java:763)
"4b5ea8a3-88a5-4114-908f-7a85f39bc1cb-server-thread1" daemon prio=5 tid=1923 timed_waiting
java.lang.Thread.State: TIMED_WAITING
        at java.base@21.0.5/jdk.internal.misc.Unsafe.park(Native Method)
        at java.base@21.0.5/java.util.concurrent.locks.LockSupport.parkNanos(LockSupport.java:410)
        at java.base@21.0.5/java.util.concurrent.LinkedTransferQueue$DualNode.await(LinkedTransferQueue.java:452)
        at java.base@21.0.5/java.util.concurrent.SynchronousQueue$Transferer.xferLifo(SynchronousQueue.java:194)
        at java.base@21.0.5/java.util.concurrent.SynchronousQueue.xfer(SynchronousQueue.java:235)
        at java.base@21.0.5/java.util.concurrent.SynchronousQueue.poll(SynchronousQueue.java:338)
        at java.base@21.0.5/java.util.concurrent.ThreadPoolExecutor.getTask(ThreadPoolExecutor.java:1069)
        at java.base@21.0.5/java.util.concurrent.ThreadPoolExecutor.runWorker(ThreadPoolExecutor.java:1130)
        at java.base@21.0.5/java.util.concurrent.ThreadPoolExecutor$Worker.run(ThreadPoolExecutor.java:642)
        at java.base@21.0.5/java.lang.Thread.runWith(Thread.java:1596)
        at java.base@21.0.5/java.lang.Thread.run(Thread.java:1583)
"StaleRecoveringContainerScrubbingService#1" daemon prio=5 tid=1108 in Object.wait()
java.lang.Thread.State: WAITING (on object monitor)
        at java.base@21.0.5/jdk.internal.misc.Unsafe.park(Native Method)
        at java.base@21.0.5/java.util.concurrent.locks.LockSupport.park(LockSupport.java:371)
        at java.base@21.0.5/java.util.concurrent.locks.AbstractQueuedSynchronizer$ConditionNode.block(AbstractQueuedSynchronizer.java:519)
        at java.base@21.0.5/java.util.concurrent.ForkJoinPool.unmanagedBlock(ForkJoinPool.java:3780)
        at java.base@21.0.5/java.util.concurrent.ForkJoinPool.managedBlock(ForkJoinPool.java:3725)
        at java.base@21.0.5/java.util.concurrent.locks.AbstractQueuedSynchronizer$ConditionObject.await(AbstractQueuedSynchronizer.java:1712)
        at java.base@21.0.5/java.util.concurrent.ScheduledThreadPoolExecutor$DelayedWorkQueue.take(ScheduledThreadPoolExecutor.java:1177)
        at java.base@21.0.5/java.util.concurrent.ScheduledThreadPoolExecutor$DelayedWorkQueue.take(ScheduledThreadPoolExecutor.java:899)
        at java.base@21.0.5/java.util.concurrent.ThreadPoolExecutor.getTask(ThreadPoolExecutor.java:1070)
        at java.base@21.0.5/java.util.concurrent.ThreadPoolExecutor.runWorker(ThreadPoolExecutor.java:1130)
        at java.base@21.0.5/java.util.concurrent.ThreadPoolExecutor$Worker.run(ThreadPoolExecutor.java:642)
        at java.base@21.0.5/java.lang.Thread.runWith(Thread.java:1596)
        at java.base@21.0.5/java.lang.Thread.run(Thread.java:1583)
"StaleRecoveringContainerScrubbingService#4" daemon prio=5 tid=2578 in Object.wait()
java.lang.Thread.State: WAITING (on object monitor)
        at java.base@21.0.5/jdk.internal.misc.Unsafe.park(Native Method)
        at java.base@21.0.5/java.util.concurrent.locks.LockSupport.park(LockSupport.java:371)
        at java.base@21.0.5/java.util.concurrent.locks.AbstractQueuedSynchronizer$ConditionNode.block(AbstractQueuedSynchronizer.java:519)
        at java.base@21.0.5/java.util.concurrent.ForkJoinPool.unmanagedBlock(ForkJoinPool.java:3780)
        at java.base@21.0.5/java.util.concurrent.ForkJoinPool.managedBlock(ForkJoinPool.java:3725)
        at java.base@21.0.5/java.util.concurrent.locks.AbstractQueuedSynchronizer$ConditionObject.await(AbstractQueuedSynchronizer.java:1712)
        at java.base@21.0.5/java.util.concurrent.ScheduledThreadPoolExecutor$DelayedWorkQueue.take(ScheduledThreadPoolExecutor.java:1177)
        at java.base@21.0.5/java.util.concurrent.ScheduledThreadPoolExecutor$DelayedWorkQueue.take(ScheduledThreadPoolExecutor.java:899)
        at java.base@21.0.5/java.util.concurrent.ThreadPoolExecutor.getTask(ThreadPoolExecutor.java:1070)
        at java.base@21.0.5/java.util.concurrent.ThreadPoolExecutor.runWorker(ThreadPoolExecutor.java:1130)
        at java.base@21.0.5/java.util.concurrent.ThreadPoolExecutor$Worker.run(ThreadPoolExecutor.java:642)
        at java.base@21.0.5/java.lang.Thread.runWith(Thread.java:1596)
        at java.base@21.0.5/java.lang.Thread.run(Thread.java:1583)
"IPC Server listener on 15006" daemon prio=5 tid=442 runnable
java.lang.Thread.State: RUNNABLE
        at java.base@21.0.5/sun.nio.ch.EPoll.wait(Native Method)
        at java.base@21.0.5/sun.nio.ch.EPollSelectorImpl.doSelect(EPollSelectorImpl.java:121)
        at java.base@21.0.5/sun.nio.ch.SelectorImpl.lockAndDoSelect(SelectorImpl.java:130)
        at java.base@21.0.5/sun.nio.ch.SelectorImpl.select(SelectorImpl.java:147)
        at app//org.apache.hadoop.ipc.Server$Listener.run(Server.java:1559)
"IPC Server handler 23 on default port 15002" daemon prio=5 tid=355 timed_waiting
java.lang.Thread.State: TIMED_WAITING
        at java.base@21.0.5/jdk.internal.misc.Unsafe.park(Native Method)
        at java.base@21.0.5/java.util.concurrent.locks.LockSupport.parkNanos(LockSupport.java:269)
        at java.base@21.0.5/java.util.concurrent.locks.AbstractQueuedSynchronizer$ConditionObject.awaitNanos(AbstractQueuedSynchronizer.java:1763)
        at java.base@21.0.5/java.util.concurrent.LinkedBlockingQueue.poll(LinkedBlockingQueue.java:460)
        at app//org.apache.hadoop.ipc.CallQueueManager.take(CallQueueManager.java:370)
        at app//org.apache.hadoop.ipc.Server$Handler.run(Server.java:3165)
"eca5a246-1f8f-493f-b50d-7eee1f2fec76-ChunkReader-5" daemon prio=5 tid=2442 in Object.wait()
java.lang.Thread.State: WAITING (on object monitor)
        at java.base@21.0.5/jdk.internal.misc.Unsafe.park(Native Method)
        at java.base@21.0.5/java.util.concurrent.locks.LockSupport.park(LockSupport.java:371)
        at java.base@21.0.5/java.util.concurrent.locks.AbstractQueuedSynchronizer$ConditionNode.block(AbstractQueuedSynchronizer.java:519)
        at java.base@21.0.5/java.util.concurrent.ForkJoinPool.unmanagedBlock(ForkJoinPool.java:3780)
        at java.base@21.0.5/java.util.concurrent.ForkJoinPool.managedBlock(ForkJoinPool.java:3725)
        at java.base@21.0.5/java.util.concurrent.locks.AbstractQueuedSynchronizer$ConditionObject.await(AbstractQueuedSynchronizer.java:1712)
        at java.base@21.0.5/java.util.concurrent.LinkedBlockingQueue.take(LinkedBlockingQueue.java:435)
        at java.base@21.0.5/java.util.concurrent.ThreadPoolExecutor.getTask(ThreadPoolExecutor.java:1070)
        at java.base@21.0.5/java.util.concurrent.ThreadPoolExecutor.runWorker(ThreadPoolExecutor.java:1130)
        at java.base@21.0.5/java.util.concurrent.ThreadPoolExecutor$Worker.run(ThreadPoolExecutor.java:642)
        at java.base@21.0.5/java.lang.Thread.runWith(Thread.java:1596)
        at java.base@21.0.5/java.lang.Thread.run(Thread.java:1583)
"IPC Server handler 5 on default port 15021" daemon prio=5 tid=592 timed_waiting
java.lang.Thread.State: TIMED_WAITING
        at java.base@21.0.5/jdk.internal.misc.Unsafe.park(Native Method)
        at java.base@21.0.5/java.util.concurrent.locks.LockSupport.parkNanos(LockSupport.java:269)
        at java.base@21.0.5/java.util.concurrent.locks.AbstractQueuedSynchronizer$ConditionObject.awaitNanos(AbstractQueuedSynchronizer.java:1763)
        at java.base@21.0.5/java.util.concurrent.LinkedBlockingQueue.poll(LinkedBlockingQueue.java:460)
        at app//org.apache.hadoop.ipc.CallQueueManager.take(CallQueueManager.java:370)
        at app//org.apache.hadoop.ipc.Server$Handler.run(Server.java:3165)
"IPC Server handler 8 on default port 15012" daemon prio=5 tid=549 timed_waiting
java.lang.Thread.State: TIMED_WAITING
        at java.base@21.0.5/jdk.internal.misc.Unsafe.park(Native Method)
        at java.base@21.0.5/java.util.concurrent.locks.LockSupport.parkNanos(LockSupport.java:269)
        at java.base@21.0.5/java.util.concurrent.locks.AbstractQueuedSynchronizer$ConditionObject.awaitNanos(AbstractQueuedSynchronizer.java:1763)
        at java.base@21.0.5/java.util.concurrent.LinkedBlockingQueue.poll(LinkedBlockingQueue.java:460)
        at app//org.apache.hadoop.ipc.CallQueueManager.take(CallQueueManager.java:370)
        at app//org.apache.hadoop.ipc.Server$Handler.run(Server.java:3165)
"Socket Reader #2 for port 15048"  prio=5 tid=715 runnable
java.lang.Thread.State: RUNNABLE
        at java.base@21.0.5/sun.nio.ch.EPoll.wait(Native Method)
        at java.base@21.0.5/sun.nio.ch.EPollSelectorImpl.doSelect(EPollSelectorImpl.java:121)
        at java.base@21.0.5/sun.nio.ch.SelectorImpl.lockAndDoSelect(SelectorImpl.java:130)
        at java.base@21.0.5/sun.nio.ch.SelectorImpl.select(SelectorImpl.java:147)
        at app//org.apache.hadoop.ipc.Server$Listener$Reader.doRunLoop(Server.java:1497)
        at app//org.apache.hadoop.ipc.Server$Listener$Reader.run(Server.java:1476)
"ac32094a-198b-4072-99dd-552311e88daf-DatanodeReportManager-1" daemon prio=5 tid=1027 in Object.wait()
java.lang.Thread.State: WAITING (on object monitor)
        at java.base@21.0.5/jdk.internal.misc.Unsafe.park(Native Method)
        at java.base@21.0.5/java.util.concurrent.locks.LockSupport.park(LockSupport.java:371)
        at java.base@21.0.5/java.util.concurrent.locks.AbstractQueuedSynchronizer$ConditionNode.block(AbstractQueuedSynchronizer.java:519)
        at java.base@21.0.5/java.util.concurrent.ForkJoinPool.unmanagedBlock(ForkJoinPool.java:3780)
        at java.base@21.0.5/java.util.concurrent.ForkJoinPool.managedBlock(ForkJoinPool.java:3725)
        at java.base@21.0.5/java.util.concurrent.locks.AbstractQueuedSynchronizer$ConditionObject.await(AbstractQueuedSynchronizer.java:1712)
        at java.base@21.0.5/java.util.concurrent.ScheduledThreadPoolExecutor$DelayedWorkQueue.take(ScheduledThreadPoolExecutor.java:1177)
        at java.base@21.0.5/java.util.concurrent.ScheduledThreadPoolExecutor$DelayedWorkQueue.take(ScheduledThreadPoolExecutor.java:899)
        at java.base@21.0.5/java.util.concurrent.ThreadPoolExecutor.getTask(ThreadPoolExecutor.java:1070)
        at java.base@21.0.5/java.util.concurrent.ThreadPoolExecutor.runWorker(ThreadPoolExecutor.java:1130)
        at java.base@21.0.5/java.util.concurrent.ThreadPoolExecutor$Worker.run(ThreadPoolExecutor.java:642)
        at java.base@21.0.5/java.lang.Thread.runWith(Thread.java:1596)
        at java.base@21.0.5/java.lang.Thread.run(Thread.java:1583)
"3296053d-9d54-4057-a6a8-67c4b6ec6587@group-38C783663C2E-StateMachineUpdater" daemon prio=5 tid=1246 timed_waiting
java.lang.Thread.State: TIMED_WAITING
        at java.base@21.0.5/jdk.internal.misc.Unsafe.park(Native Method)
        at java.base@21.0.5/java.util.concurrent.locks.LockSupport.parkNanos(LockSupport.java:269)
        at java.base@21.0.5/java.util.concurrent.locks.AbstractQueuedSynchronizer$ConditionObject.await(AbstractQueuedSynchronizer.java:1852)
        at app//org.apache.ratis.util.AwaitForSignal.await(AwaitForSignal.java:65)
        at app//org.apache.ratis.server.impl.StateMachineUpdater.waitForCommit(StateMachineUpdater.java:219)
        at app//org.apache.ratis.server.impl.StateMachineUpdater.run(StateMachineUpdater.java:187)
        at java.base@21.0.5/java.lang.Thread.runWith(Thread.java:1596)
        at java.base@21.0.5/java.lang.Thread.run(Thread.java:1583)
"IPC Server handler 30 on default port 15001" daemon prio=5 tid=244 timed_waiting
java.lang.Thread.State: TIMED_WAITING
        at java.base@21.0.5/jdk.internal.misc.Unsafe.park(Native Method)
        at java.base@21.0.5/java.util.concurrent.locks.LockSupport.parkNanos(LockSupport.java:269)
        at java.base@21.0.5/java.util.concurrent.locks.AbstractQueuedSynchronizer$ConditionObject.awaitNanos(AbstractQueuedSynchronizer.java:1763)
        at java.base@21.0.5/java.util.concurrent.LinkedBlockingQueue.poll(LinkedBlockingQueue.java:460)
        at app//org.apache.hadoop.ipc.CallQueueManager.take(CallQueueManager.java:370)
        at app//org.apache.hadoop.ipc.Server$Handler.run(Server.java:3165)
"FullTableCache-Cleanup-0" daemon prio=5 tid=434 timed_waiting
java.lang.Thread.State: TIMED_WAITING
        at java.base@21.0.5/jdk.internal.misc.Unsafe.park(Native Method)
        at java.base@21.0.5/java.util.concurrent.locks.LockSupport.parkNanos(LockSupport.java:269)
        at java.base@21.0.5/java.util.concurrent.locks.AbstractQueuedSynchronizer$ConditionObject.awaitNanos(AbstractQueuedSynchronizer.java:1763)
        at java.base@21.0.5/java.util.concurrent.ScheduledThreadPoolExecutor$DelayedWorkQueue.take(ScheduledThreadPoolExecutor.java:1182)
        at java.base@21.0.5/java.util.concurrent.ScheduledThreadPoolExecutor$DelayedWorkQueue.take(ScheduledThreadPoolExecutor.java:899)
        at java.base@21.0.5/java.util.concurrent.ThreadPoolExecutor.getTask(ThreadPoolExecutor.java:1070)
        at java.base@21.0.5/java.util.concurrent.ThreadPoolExecutor.runWorker(ThreadPoolExecutor.java:1130)
        at java.base@21.0.5/java.util.concurrent.ThreadPoolExecutor$Worker.run(ThreadPoolExecutor.java:642)
        at java.base@21.0.5/java.lang.Thread.runWith(Thread.java:1596)
        at java.base@21.0.5/java.lang.Thread.run(Thread.java:1583)
"qtp547643943-323" daemon prio=5 tid=323 timed_waiting
java.lang.Thread.State: TIMED_WAITING
        at java.base@21.0.5/jdk.internal.misc.Unsafe.park(Native Method)
        at java.base@21.0.5/java.util.concurrent.locks.LockSupport.parkNanos(LockSupport.java:269)
        at java.base@21.0.5/java.util.concurrent.locks.AbstractQueuedSynchronizer$ConditionObject.awaitNanos(AbstractQueuedSynchronizer.java:1763)
        at app//org.eclipse.jetty.util.BlockingArrayQueue.poll(BlockingArrayQueue.java:382)
        at app//org.eclipse.jetty.util.thread.QueuedThreadPool$Runner.idleJobPoll(QueuedThreadPool.java:974)
        at app//org.eclipse.jetty.util.thread.QueuedThreadPool$Runner.run(QueuedThreadPool.java:1018)
        at java.base@21.0.5/java.lang.Thread.runWith(Thread.java:1596)
        at java.base@21.0.5/java.lang.Thread.run(Thread.java:1583)
"Timer-0"  prio=5 tid=462 timed_waiting
java.lang.Thread.State: TIMED_WAITING
        at java.base@21.0.5/java.lang.Object.wait0(Native Method)
        at java.base@21.0.5/java.lang.Object.wait(Unknown Source)
        at java.base@21.0.5/java.util.TimerThread.mainLoop(Timer.java:563)
        at java.base@21.0.5/java.util.TimerThread.run(Timer.java:516)
"qtp1967404553-704" daemon prio=5 tid=704 runnable
java.lang.Thread.State: RUNNABLE
        at java.base@21.0.5/sun.nio.ch.EPoll.wait(Native Method)
        at java.base@21.0.5/sun.nio.ch.EPollSelectorImpl.doSelect(EPollSelectorImpl.java:121)
        at java.base@21.0.5/sun.nio.ch.SelectorImpl.lockAndDoSelect(SelectorImpl.java:130)
        at java.base@21.0.5/sun.nio.ch.SelectorImpl.select(SelectorImpl.java:147)
        at app//org.eclipse.jetty.io.ManagedSelector.nioSelect(ManagedSelector.java:183)
        at app//org.eclipse.jetty.io.ManagedSelector.select(ManagedSelector.java:190)
        at app//org.eclipse.jetty.io.ManagedSelector$SelectorProducer.select(ManagedSelector.java:606)
        at app//org.eclipse.jetty.io.ManagedSelector$SelectorProducer.produce(ManagedSelector.java:543)
        at app//org.eclipse.jetty.util.thread.strategy.EatWhatYouKill.produceTask(EatWhatYouKill.java:362)
        at app//org.eclipse.jetty.util.thread.strategy.EatWhatYouKill.doProduce(EatWhatYouKill.java:186)
        at app//org.eclipse.jetty.util.thread.strategy.EatWhatYouKill.tryProduce(EatWhatYouKill.java:173)
        at app//org.eclipse.jetty.util.thread.strategy.EatWhatYouKill.produce(EatWhatYouKill.java:137)
        at app//org.eclipse.jetty.io.ManagedSelector$$Lambda/0x00007fd9cc65d0d0.run(Unknown Source)
        at app//org.eclipse.jetty.util.thread.QueuedThreadPool.runJob(QueuedThreadPool.java:883)
        at app//org.eclipse.jetty.util.thread.QueuedThreadPool$Runner.run(QueuedThreadPool.java:1034)
        at java.base@21.0.5/java.lang.Thread.runWith(Thread.java:1596)
        at java.base@21.0.5/java.lang.Thread.run(Thread.java:1583)
"eca5a246-1f8f-493f-b50d-7eee1f2fec76@group-65FF6341E423-cacheEviction-AwaitToRun" daemon prio=5 tid=1606 in Object.wait()
java.lang.Thread.State: WAITING (on object monitor)
        at java.base@21.0.5/jdk.internal.misc.Unsafe.park(Native Method)
        at java.base@21.0.5/java.util.concurrent.locks.LockSupport.park(LockSupport.java:371)
        at java.base@21.0.5/java.util.concurrent.locks.AbstractQueuedSynchronizer$ConditionNode.block(AbstractQueuedSynchronizer.java:519)
        at java.base@21.0.5/java.util.concurrent.ForkJoinPool.unmanagedBlock(ForkJoinPool.java:3780)
        at java.base@21.0.5/java.util.concurrent.ForkJoinPool.managedBlock(ForkJoinPool.java:3725)
        at java.base@21.0.5/java.util.concurrent.locks.AbstractQueuedSynchronizer$ConditionObject.await(AbstractQueuedSynchronizer.java:1712)
        at app//org.apache.ratis.util.AwaitForSignal.await(AwaitForSignal.java:48)
        at app//org.apache.ratis.util.AwaitToRun$RunnableImpl.run(AwaitToRun.java:47)
        at java.base@21.0.5/java.lang.Thread.runWith(Thread.java:1596)
        at java.base@21.0.5/java.lang.Thread.run(Thread.java:1583)
"qtp996171897-663" daemon prio=5 tid=663 timed_waiting
java.lang.Thread.State: TIMED_WAITING
        at java.base@21.0.5/jdk.internal.misc.Unsafe.park(Native Method)
        at java.base@21.0.5/java.util.concurrent.locks.LockSupport.parkNanos(LockSupport.java:269)
        at java.base@21.0.5/java.util.concurrent.locks.AbstractQueuedSynchronizer$ConditionObject.awaitNanos(AbstractQueuedSynchronizer.java:1763)
        at app//org.eclipse.jetty.util.BlockingArrayQueue.poll(BlockingArrayQueue.java:382)
        at app//org.eclipse.jetty.util.thread.QueuedThreadPool$Runner.idleJobPoll(QueuedThreadPool.java:974)
        at app//org.eclipse.jetty.util.thread.QueuedThreadPool$Runner.run(QueuedThreadPool.java:1018)
        at java.base@21.0.5/java.lang.Thread.runWith(Thread.java:1596)
        at java.base@21.0.5/java.lang.Thread.run(Thread.java:1583)
"eca5a246-1f8f-493f-b50d-7eee1f2fec76-CommandProcessorThread" daemon prio=5 tid=834 timed_waiting
java.lang.Thread.State: TIMED_WAITING
        at java.base@21.0.5/java.lang.Thread.sleep0(Native Method)
        at java.base@21.0.5/java.lang.Thread.sleep(Thread.java:509)
        at app//org.apache.hadoop.ozone.container.common.statemachine.DatanodeStateMachine.lambda$initCommandHandlerThread$4(DatanodeStateMachine.java:670)
        at app//org.apache.hadoop.ozone.container.common.statemachine.DatanodeStateMachine$$Lambda/0x00007fd9cc7d5ae8.run(Unknown Source)
        at java.base@21.0.5/java.lang.Thread.runWith(Thread.java:1596)
        at java.base@21.0.5/java.lang.Thread.run(Thread.java:1583)
"eca5a246-1f8f-493f-b50d-7eee1f2fec76@group-29E8A10AA121-SegmentedRaftLogWorker" daemon prio=5 tid=1488 timed_waiting
java.lang.Thread.State: TIMED_WAITING
        at java.base@21.0.5/jdk.internal.misc.Unsafe.park(Native Method)
        at java.base@21.0.5/java.util.concurrent.locks.LockSupport.parkNanos(LockSupport.java:269)
        at java.base@21.0.5/java.util.concurrent.locks.AbstractQueuedSynchronizer$ConditionObject.awaitNanos(AbstractQueuedSynchronizer.java:1763)
        at app//org.apache.ratis.util.DataBlockingQueue.poll(DataBlockingQueue.java:148)
        at app//org.apache.ratis.server.raftlog.segmented.SegmentedRaftLogWorker.run(SegmentedRaftLogWorker.java:307)
        at app//org.apache.ratis.server.raftlog.segmented.SegmentedRaftLogWorker$$Lambda/0x00007fd9cc334298.run(Unknown Source)
        at java.base@21.0.5/java.util.concurrent.Executors$RunnableAdapter.call(Executors.java:572)
        at java.base@21.0.5/java.util.concurrent.FutureTask.run(FutureTask.java:317)
        at java.base@21.0.5/java.util.concurrent.ThreadPoolExecutor.runWorker(ThreadPoolExecutor.java:1144)
        at java.base@21.0.5/java.util.concurrent.ThreadPoolExecutor$Worker.run(ThreadPoolExecutor.java:642)
        at java.base@21.0.5/java.lang.Thread.runWith(Thread.java:1596)
        at java.base@21.0.5/java.lang.Thread.run(Thread.java:1583)
"79978ed1-1a5c-4832-b584-9e2d85f03cd7@group-2F5615DC861B-LeaderStateImpl" daemon prio=5 tid=1796 timed_waiting
java.lang.Thread.State: TIMED_WAITING
        at java.base@21.0.5/jdk.internal.misc.Unsafe.park(Native Method)
        at java.base@21.0.5/java.util.concurrent.locks.LockSupport.parkNanos(LockSupport.java:269)
        at java.base@21.0.5/java.util.concurrent.locks.AbstractQueuedSynchronizer$ConditionObject.awaitNanos(AbstractQueuedSynchronizer.java:1763)
        at java.base@21.0.5/java.util.concurrent.ArrayBlockingQueue.poll(ArrayBlockingQueue.java:435)
        at app//org.apache.ratis.server.impl.LeaderStateImpl$EventQueue.poll(LeaderStateImpl.java:164)
        at app//org.apache.ratis.server.impl.LeaderStateImpl$EventProcessor.run(LeaderStateImpl.java:763)
"eca5a246-1f8f-493f-b50d-7eee1f2fec76@group-91A8CF666C05-FollowerState" daemon prio=5 tid=2281 timed_waiting
java.lang.Thread.State: TIMED_WAITING
        at java.base@21.0.5/java.lang.Thread.sleep0(Native Method)
        at java.base@21.0.5/java.lang.Thread.sleep(Thread.java:558)
        at java.base@21.0.5/java.util.concurrent.TimeUnit.sleep(TimeUnit.java:446)
        at app//org.apache.ratis.util.TimeDuration.sleep(TimeDuration.java:353)
        at app//org.apache.ratis.util.TimeDuration.sleep(TimeDuration.java:338)
        at app//org.apache.ratis.server.impl.FollowerState.runImpl(FollowerState.java:149)
        at app//org.apache.ratis.server.impl.FollowerState.run(FollowerState.java:130)
"surefire-forkedjvm-ping-30s" daemon prio=5 tid=24 timed_waiting
java.lang.Thread.State: TIMED_WAITING
        at java.base@21.0.5/jdk.internal.misc.Unsafe.park(Native Method)
        at java.base@21.0.5/java.util.concurrent.locks.LockSupport.parkNanos(LockSupport.java:269)
        at java.base@21.0.5/java.util.concurrent.locks.AbstractQueuedSynchronizer$ConditionObject.awaitNanos(AbstractQueuedSynchronizer.java:1763)
        at java.base@21.0.5/java.util.concurrent.ScheduledThreadPoolExecutor$DelayedWorkQueue.take(ScheduledThreadPoolExecutor.java:1182)
        at java.base@21.0.5/java.util.concurrent.ScheduledThreadPoolExecutor$DelayedWorkQueue.take(ScheduledThreadPoolExecutor.java:899)
        at java.base@21.0.5/java.util.concurrent.ThreadPoolExecutor.getTask(ThreadPoolExecutor.java:1070)
        at java.base@21.0.5/java.util.concurrent.ThreadPoolExecutor.runWorker(ThreadPoolExecutor.java:1130)
        at java.base@21.0.5/java.util.concurrent.ThreadPoolExecutor$Worker.run(ThreadPoolExecutor.java:642)
        at java.base@21.0.5/java.lang.Thread.runWith(Thread.java:1596)
        at java.base@21.0.5/java.lang.Thread.run(Thread.java:1583)
"IPC Server handler 52 on default port 15001" daemon prio=5 tid=266 timed_waiting
java.lang.Thread.State: TIMED_WAITING
        at java.base@21.0.5/jdk.internal.misc.Unsafe.park(Native Method)
        at java.base@21.0.5/java.util.concurrent.locks.LockSupport.parkNanos(LockSupport.java:269)
        at java.base@21.0.5/java.util.concurrent.locks.AbstractQueuedSynchronizer$ConditionObject.awaitNanos(AbstractQueuedSynchronizer.java:1763)
        at java.base@21.0.5/java.util.concurrent.LinkedBlockingQueue.poll(LinkedBlockingQueue.java:460)
        at app//org.apache.hadoop.ipc.CallQueueManager.take(CallQueueManager.java:370)
        at app//org.apache.hadoop.ipc.Server$Handler.run(Server.java:3165)
"IPC Server handler 5 on default port 15012" daemon prio=5 tid=546 timed_waiting
java.lang.Thread.State: TIMED_WAITING
        at java.base@21.0.5/jdk.internal.misc.Unsafe.park(Native Method)
        at java.base@21.0.5/java.util.concurrent.locks.LockSupport.parkNanos(LockSupport.java:269)
        at java.base@21.0.5/java.util.concurrent.locks.AbstractQueuedSynchronizer$ConditionObject.awaitNanos(AbstractQueuedSynchronizer.java:1763)
        at java.base@21.0.5/java.util.concurrent.LinkedBlockingQueue.poll(LinkedBlockingQueue.java:460)
        at app//org.apache.hadoop.ipc.CallQueueManager.take(CallQueueManager.java:370)
        at app//org.apache.hadoop.ipc.Server$Handler.run(Server.java:3165)
"StaleRecoveringContainerScrubbingService#1" daemon prio=5 tid=1048 in Object.wait()
java.lang.Thread.State: WAITING (on object monitor)
        at java.base@21.0.5/jdk.internal.misc.Unsafe.park(Native Method)
        at java.base@21.0.5/java.util.concurrent.locks.LockSupport.park(LockSupport.java:371)
        at java.base@21.0.5/java.util.concurrent.locks.AbstractQueuedSynchronizer$ConditionNode.block(AbstractQueuedSynchronizer.java:519)
        at java.base@21.0.5/java.util.concurrent.ForkJoinPool.unmanagedBlock(ForkJoinPool.java:3780)
        at java.base@21.0.5/java.util.concurrent.ForkJoinPool.managedBlock(ForkJoinPool.java:3725)
        at java.base@21.0.5/java.util.concurrent.locks.AbstractQueuedSynchronizer$ConditionObject.await(AbstractQueuedSynchronizer.java:1712)
        at java.base@21.0.5/java.util.concurrent.ScheduledThreadPoolExecutor$DelayedWorkQueue.take(ScheduledThreadPoolExecutor.java:1177)
        at java.base@21.0.5/java.util.concurrent.ScheduledThreadPoolExecutor$DelayedWorkQueue.take(ScheduledThreadPoolExecutor.java:899)
        at java.base@21.0.5/java.util.concurrent.ThreadPoolExecutor.getTask(ThreadPoolExecutor.java:1070)
        at java.base@21.0.5/java.util.concurrent.ThreadPoolExecutor.runWorker(ThreadPoolExecutor.java:1130)
        at java.base@21.0.5/java.util.concurrent.ThreadPoolExecutor$Worker.run(ThreadPoolExecutor.java:642)
        at java.base@21.0.5/java.lang.Thread.runWith(Thread.java:1596)
        at java.base@21.0.5/java.lang.Thread.run(Thread.java:1583)
"eca5a246-1f8f-493f-b50d-7eee1f2fec76-server-thread1" daemon prio=5 tid=1848 timed_waiting
java.lang.Thread.State: TIMED_WAITING
        at java.base@21.0.5/jdk.internal.misc.Unsafe.park(Native Method)
        at java.base@21.0.5/java.util.concurrent.locks.LockSupport.parkNanos(LockSupport.java:410)
        at java.base@21.0.5/java.util.concurrent.LinkedTransferQueue$DualNode.await(LinkedTransferQueue.java:452)
        at java.base@21.0.5/java.util.concurrent.SynchronousQueue$Transferer.xferLifo(SynchronousQueue.java:194)
        at java.base@21.0.5/java.util.concurrent.SynchronousQueue.xfer(SynchronousQueue.java:235)
        at java.base@21.0.5/java.util.concurrent.SynchronousQueue.poll(SynchronousQueue.java:338)
        at java.base@21.0.5/java.util.concurrent.ThreadPoolExecutor.getTask(ThreadPoolExecutor.java:1069)
        at java.base@21.0.5/java.util.concurrent.ThreadPoolExecutor.runWorker(ThreadPoolExecutor.java:1130)
        at java.base@21.0.5/java.util.concurrent.ThreadPoolExecutor$Worker.run(ThreadPoolExecutor.java:642)
        at java.base@21.0.5/java.lang.Thread.runWith(Thread.java:1596)
        at java.base@21.0.5/java.lang.Thread.run(Thread.java:1583)
"Socket Reader #9 for port 15057"  prio=5 tid=768 runnable
java.lang.Thread.State: RUNNABLE
        at java.base@21.0.5/sun.nio.ch.EPoll.wait(Native Method)
        at java.base@21.0.5/sun.nio.ch.EPollSelectorImpl.doSelect(EPollSelectorImpl.java:121)
        at java.base@21.0.5/sun.nio.ch.SelectorImpl.lockAndDoSelect(SelectorImpl.java:130)
        at java.base@21.0.5/sun.nio.ch.SelectorImpl.select(SelectorImpl.java:147)
        at app//org.apache.hadoop.ipc.Server$Listener$Reader.doRunLoop(Server.java:1497)
        at app//org.apache.hadoop.ipc.Server$Listener$Reader.run(Server.java:1476)
"Socket Reader #5 for port 15012"  prio=5 tid=532 runnable
java.lang.Thread.State: RUNNABLE
        at java.base@21.0.5/sun.nio.ch.EPoll.wait(Native Method)
        at java.base@21.0.5/sun.nio.ch.EPollSelectorImpl.doSelect(EPollSelectorImpl.java:121)
        at java.base@21.0.5/sun.nio.ch.SelectorImpl.lockAndDoSelect(SelectorImpl.java:130)
        at java.base@21.0.5/sun.nio.ch.SelectorImpl.select(SelectorImpl.java:147)
        at app//org.apache.hadoop.ipc.Server$Listener$Reader.doRunLoop(Server.java:1497)
        at app//org.apache.hadoop.ipc.Server$Listener$Reader.run(Server.java:1476)
"pool-218-thread-1" daemon prio=5 tid=1097 timed_waiting
java.lang.Thread.State: TIMED_WAITING
        at java.base@21.0.5/jdk.internal.misc.Unsafe.park(Native Method)
        at java.base@21.0.5/java.util.concurrent.locks.LockSupport.parkNanos(LockSupport.java:269)
        at java.base@21.0.5/java.util.concurrent.locks.AbstractQueuedSynchronizer$ConditionObject.awaitNanos(AbstractQueuedSynchronizer.java:1763)
        at java.base@21.0.5/java.util.concurrent.ScheduledThreadPoolExecutor$DelayedWorkQueue.take(ScheduledThreadPoolExecutor.java:1182)
        at java.base@21.0.5/java.util.concurrent.ScheduledThreadPoolExecutor$DelayedWorkQueue.take(ScheduledThreadPoolExecutor.java:899)
        at java.base@21.0.5/java.util.concurrent.ThreadPoolExecutor.getTask(ThreadPoolExecutor.java:1070)
        at java.base@21.0.5/java.util.concurrent.ThreadPoolExecutor.runWorker(ThreadPoolExecutor.java:1130)
        at java.base@21.0.5/java.util.concurrent.ThreadPoolExecutor$Worker.run(ThreadPoolExecutor.java:642)
        at java.base@21.0.5/java.lang.Thread.runWith(Thread.java:1596)
        at java.base@21.0.5/java.lang.Thread.run(Thread.java:1583)
"EventQueue-HealthyReadonlyToHealthyNodeForReadOnlyHealthyToHealthyNodeHandler" daemon prio=5 tid=1168 in Object.wait()
java.lang.Thread.State: WAITING (on object monitor)
        at java.base@21.0.5/jdk.internal.misc.Unsafe.park(Native Method)
        at java.base@21.0.5/java.util.concurrent.locks.LockSupport.park(LockSupport.java:371)
        at java.base@21.0.5/java.util.concurrent.locks.AbstractQueuedSynchronizer$ConditionNode.block(AbstractQueuedSynchronizer.java:519)
        at java.base@21.0.5/java.util.concurrent.ForkJoinPool.unmanagedBlock(ForkJoinPool.java:3780)
        at java.base@21.0.5/java.util.concurrent.ForkJoinPool.managedBlock(ForkJoinPool.java:3725)
        at java.base@21.0.5/java.util.concurrent.locks.AbstractQueuedSynchronizer$ConditionObject.await(AbstractQueuedSynchronizer.java:1712)
        at java.base@21.0.5/java.util.concurrent.LinkedBlockingQueue.take(LinkedBlockingQueue.java:435)
        at java.base@21.0.5/java.util.concurrent.ThreadPoolExecutor.getTask(ThreadPoolExecutor.java:1070)
        at java.base@21.0.5/java.util.concurrent.ThreadPoolExecutor.runWorker(ThreadPoolExecutor.java:1130)
        at java.base@21.0.5/java.util.concurrent.ThreadPoolExecutor$Worker.run(ThreadPoolExecutor.java:642)
        at java.base@21.0.5/java.lang.Thread.runWith(Thread.java:1596)
        at java.base@21.0.5/java.lang.Thread.run(Thread.java:1583)
"02fc1759-725d-47af-8349-873c9c5c9167@group-40AB9B634D2B-SegmentedRaftLogWorker"  prio=5 tid=1360 timed_waiting
java.lang.Thread.State: TIMED_WAITING
        at java.base@21.0.5/jdk.internal.misc.Unsafe.park(Native Method)
        at java.base@21.0.5/java.util.concurrent.locks.LockSupport.parkNanos(LockSupport.java:269)
        at java.base@21.0.5/java.util.concurrent.locks.AbstractQueuedSynchronizer$ConditionObject.awaitNanos(AbstractQueuedSynchronizer.java:1763)
        at app//org.apache.ratis.util.DataBlockingQueue.poll(DataBlockingQueue.java:148)
        at app//org.apache.ratis.server.raftlog.segmented.SegmentedRaftLogWorker.run(SegmentedRaftLogWorker.java:307)
        at app//org.apache.ratis.server.raftlog.segmented.SegmentedRaftLogWorker$$Lambda/0x00007fd9cc334298.run(Unknown Source)
        at java.base@21.0.5/java.util.concurrent.Executors$RunnableAdapter.call(Executors.java:572)
        at java.base@21.0.5/java.util.concurrent.FutureTask.run(FutureTask.java:317)
        at java.base@21.0.5/java.util.concurrent.ThreadPoolExecutor.runWorker(ThreadPoolExecutor.java:1144)
        at java.base@21.0.5/java.util.concurrent.ThreadPoolExecutor$Worker.run(ThreadPoolExecutor.java:642)
        at java.base@21.0.5/java.lang.Thread.runWith(Thread.java:1596)
        at java.base@21.0.5/java.lang.Thread.run(Thread.java:1583)
"pool-168-thread-1" daemon prio=5 tid=1055 timed_waiting
java.lang.Thread.State: TIMED_WAITING
        at java.base@21.0.5/jdk.internal.misc.Unsafe.park(Native Method)
        at java.base@21.0.5/java.util.concurrent.locks.LockSupport.parkNanos(LockSupport.java:269)
        at java.base@21.0.5/java.util.concurrent.locks.AbstractQueuedSynchronizer$ConditionObject.awaitNanos(AbstractQueuedSynchronizer.java:1763)
        at java.base@21.0.5/java.util.concurrent.ScheduledThreadPoolExecutor$DelayedWorkQueue.take(ScheduledThreadPoolExecutor.java:1182)
        at java.base@21.0.5/java.util.concurrent.ScheduledThreadPoolExecutor$DelayedWorkQueue.take(ScheduledThreadPoolExecutor.java:899)
        at java.base@21.0.5/java.util.concurrent.ThreadPoolExecutor.getTask(ThreadPoolExecutor.java:1070)
        at java.base@21.0.5/java.util.concurrent.ThreadPoolExecutor.runWorker(ThreadPoolExecutor.java:1130)
        at java.base@21.0.5/java.util.concurrent.ThreadPoolExecutor$Worker.run(ThreadPoolExecutor.java:642)
        at java.base@21.0.5/java.lang.Thread.runWith(Thread.java:1596)
        at java.base@21.0.5/java.lang.Thread.run(Thread.java:1583)
"IPC Server handler 78 on default port 15001" daemon prio=5 tid=292 timed_waiting
java.lang.Thread.State: TIMED_WAITING
        at java.base@21.0.5/jdk.internal.misc.Unsafe.park(Native Method)
        at java.base@21.0.5/java.util.concurrent.locks.LockSupport.parkNanos(LockSupport.java:269)
        at java.base@21.0.5/java.util.concurrent.locks.AbstractQueuedSynchronizer$ConditionObject.awaitNanos(AbstractQueuedSynchronizer.java:1763)
        at java.base@21.0.5/java.util.concurrent.LinkedBlockingQueue.poll(LinkedBlockingQueue.java:460)
        at app//org.apache.hadoop.ipc.CallQueueManager.take(CallQueueManager.java:370)
        at app//org.apache.hadoop.ipc.Server$Handler.run(Server.java:3165)
"IPC Server handler 49 on default port 15001" daemon prio=5 tid=263 timed_waiting
java.lang.Thread.State: TIMED_WAITING
        at java.base@21.0.5/jdk.internal.misc.Unsafe.park(Native Method)
        at java.base@21.0.5/java.util.concurrent.locks.LockSupport.parkNanos(LockSupport.java:269)
        at java.base@21.0.5/java.util.concurrent.locks.AbstractQueuedSynchronizer$ConditionObject.awaitNanos(AbstractQueuedSynchronizer.java:1763)
        at java.base@21.0.5/java.util.concurrent.LinkedBlockingQueue.poll(LinkedBlockingQueue.java:460)
        at app//org.apache.hadoop.ipc.CallQueueManager.take(CallQueueManager.java:370)
        at app//org.apache.hadoop.ipc.Server$Handler.run(Server.java:3165)
"02fc1759-725d-47af-8349-873c9c5c9167-BlockDeletingService#2" daemon prio=5 tid=2853 in Object.wait()
java.lang.Thread.State: WAITING (on object monitor)
        at java.base@21.0.5/jdk.internal.misc.Unsafe.park(Native Method)
        at java.base@21.0.5/java.util.concurrent.locks.LockSupport.park(LockSupport.java:371)
        at java.base@21.0.5/java.util.concurrent.locks.AbstractQueuedSynchronizer$ConditionNode.block(AbstractQueuedSynchronizer.java:519)
        at java.base@21.0.5/java.util.concurrent.ForkJoinPool.unmanagedBlock(ForkJoinPool.java:3780)
        at java.base@21.0.5/java.util.concurrent.ForkJoinPool.managedBlock(ForkJoinPool.java:3725)
        at java.base@21.0.5/java.util.concurrent.locks.AbstractQueuedSynchronizer$ConditionObject.await(AbstractQueuedSynchronizer.java:1712)
        at java.base@21.0.5/java.util.concurrent.ScheduledThreadPoolExecutor$DelayedWorkQueue.take(ScheduledThreadPoolExecutor.java:1177)
        at java.base@21.0.5/java.util.concurrent.ScheduledThreadPoolExecutor$DelayedWorkQueue.take(ScheduledThreadPoolExecutor.java:899)
        at java.base@21.0.5/java.util.concurrent.ThreadPoolExecutor.getTask(ThreadPoolExecutor.java:1070)
        at java.base@21.0.5/java.util.concurrent.ThreadPoolExecutor.runWorker(ThreadPoolExecutor.java:1130)
        at java.base@21.0.5/java.util.concurrent.ThreadPoolExecutor$Worker.run(ThreadPoolExecutor.java:642)
        at java.base@21.0.5/java.lang.Thread.runWith(Thread.java:1596)
        at java.base@21.0.5/java.lang.Thread.run(Thread.java:1583)
"751e45cc-852a-454f-97c8-e80f2befe6f4-BlockDeletingService#0" daemon prio=5 tid=1082 timed_waiting
java.lang.Thread.State: TIMED_WAITING
        at java.base@21.0.5/jdk.internal.misc.Unsafe.park(Native Method)
        at java.base@21.0.5/java.util.concurrent.locks.LockSupport.parkNanos(LockSupport.java:269)
        at java.base@21.0.5/java.util.concurrent.locks.AbstractQueuedSynchronizer$ConditionObject.awaitNanos(AbstractQueuedSynchronizer.java:1763)
        at java.base@21.0.5/java.util.concurrent.ScheduledThreadPoolExecutor$DelayedWorkQueue.take(ScheduledThreadPoolExecutor.java:1182)
        at java.base@21.0.5/java.util.concurrent.ScheduledThreadPoolExecutor$DelayedWorkQueue.take(ScheduledThreadPoolExecutor.java:899)
        at java.base@21.0.5/java.util.concurrent.ThreadPoolExecutor.getTask(ThreadPoolExecutor.java:1070)
        at java.base@21.0.5/java.util.concurrent.ThreadPoolExecutor.runWorker(ThreadPoolExecutor.java:1130)
        at java.base@21.0.5/java.util.concurrent.ThreadPoolExecutor$Worker.run(ThreadPoolExecutor.java:642)
        at java.base@21.0.5/java.lang.Thread.runWith(Thread.java:1596)
        at java.base@21.0.5/java.lang.Thread.run(Thread.java:1583)
"eca5a246-1f8f-493f-b50d-7eee1f2fec76-NettyServerStreamRpc-bossGroup--thread1"  prio=5 tid=792 runnable
java.lang.Thread.State: RUNNABLE
        at app//org.apache.ratis.thirdparty.io.netty.channel.epoll.Native.epollWait(Native Method)
        at app//org.apache.ratis.thirdparty.io.netty.channel.epoll.Native.epollWait(Native.java:220)
        at app//org.apache.ratis.thirdparty.io.netty.channel.epoll.Native.epollWait(Native.java:213)
        at app//org.apache.ratis.thirdparty.io.netty.channel.epoll.EpollEventLoop.epollWaitNoTimerChange(EpollEventLoop.java:308)
        at app//org.apache.ratis.thirdparty.io.netty.channel.epoll.EpollEventLoop.run(EpollEventLoop.java:365)
        at app//org.apache.ratis.thirdparty.io.netty.util.concurrent.SingleThreadEventExecutor$4.run(SingleThreadEventExecutor.java:997)
        at app//org.apache.ratis.thirdparty.io.netty.util.internal.ThreadExecutorMap$2.run(ThreadExecutorMap.java:74)
        at java.base@21.0.5/java.lang.Thread.runWith(Thread.java:1596)
        at java.base@21.0.5/java.lang.Thread.run(Thread.java:1583)
"3296053d-9d54-4057-a6a8-67c4b6ec6587-CommandProcessorThread" daemon prio=5 tid=650 timed_waiting
java.lang.Thread.State: TIMED_WAITING
        at java.base@21.0.5/java.lang.Thread.sleep0(Native Method)
        at java.base@21.0.5/java.lang.Thread.sleep(Thread.java:509)
        at app//org.apache.hadoop.ozone.container.common.statemachine.DatanodeStateMachine.lambda$initCommandHandlerThread$4(DatanodeStateMachine.java:670)
        at app//org.apache.hadoop.ozone.container.common.statemachine.DatanodeStateMachine$$Lambda/0x00007fd9cc7d5ae8.run(Unknown Source)
        at java.base@21.0.5/java.lang.Thread.runWith(Thread.java:1596)
        at java.base@21.0.5/java.lang.Thread.run(Thread.java:1583)
"751e45cc-852a-454f-97c8-e80f2befe6f4@group-41854415688A-StateMachineUpdater" daemon prio=5 tid=1487 timed_waiting
java.lang.Thread.State: TIMED_WAITING
        at java.base@21.0.5/jdk.internal.misc.Unsafe.park(Native Method)
        at java.base@21.0.5/java.util.concurrent.locks.LockSupport.parkNanos(LockSupport.java:269)
        at java.base@21.0.5/java.util.concurrent.locks.AbstractQueuedSynchronizer$ConditionObject.await(AbstractQueuedSynchronizer.java:1852)
        at app//org.apache.ratis.util.AwaitForSignal.await(AwaitForSignal.java:65)
        at app//org.apache.ratis.server.impl.StateMachineUpdater.waitForCommit(StateMachineUpdater.java:219)
        at app//org.apache.ratis.server.impl.StateMachineUpdater.run(StateMachineUpdater.java:187)
        at java.base@21.0.5/java.lang.Thread.runWith(Thread.java:1596)
        at java.base@21.0.5/java.lang.Thread.run(Thread.java:1583)
"b6b79d51-52d7-4711-a690-06a51533978a@group-DAF53CCE5B84-StateMachineUpdater" daemon prio=5 tid=1588 timed_waiting
java.lang.Thread.State: TIMED_WAITING
        at java.base@21.0.5/jdk.internal.misc.Unsafe.park(Native Method)
        at java.base@21.0.5/java.util.concurrent.locks.LockSupport.parkNanos(LockSupport.java:269)
        at java.base@21.0.5/java.util.concurrent.locks.AbstractQueuedSynchronizer$ConditionObject.await(AbstractQueuedSynchronizer.java:1852)
        at app//org.apache.ratis.util.AwaitForSignal.await(AwaitForSignal.java:65)
        at app//org.apache.ratis.server.impl.StateMachineUpdater.waitForCommit(StateMachineUpdater.java:219)
        at app//org.apache.ratis.server.impl.StateMachineUpdater.run(StateMachineUpdater.java:187)
        at java.base@21.0.5/java.lang.Thread.runWith(Thread.java:1596)
        at java.base@21.0.5/java.lang.Thread.run(Thread.java:1583)
"b6b79d51-52d7-4711-a690-06a51533978a@group-AC937E2D10C4-LeaderStateImpl" daemon prio=5 tid=1982 timed_waiting
java.lang.Thread.State: TIMED_WAITING
        at java.base@21.0.5/jdk.internal.misc.Unsafe.park(Native Method)
        at java.base@21.0.5/java.util.concurrent.locks.LockSupport.parkNanos(LockSupport.java:269)
        at java.base@21.0.5/java.util.concurrent.locks.AbstractQueuedSynchronizer$ConditionObject.awaitNanos(AbstractQueuedSynchronizer.java:1763)
        at java.base@21.0.5/java.util.concurrent.ArrayBlockingQueue.poll(ArrayBlockingQueue.java:435)
        at app//org.apache.ratis.server.impl.LeaderStateImpl$EventQueue.poll(LeaderStateImpl.java:164)
        at app//org.apache.ratis.server.impl.LeaderStateImpl$EventProcessor.run(LeaderStateImpl.java:763)
"ac32094a-198b-4072-99dd-552311e88daf@group-7D6565184E1B-SegmentedRaftLogWorker" daemon prio=5 tid=2594 timed_waiting
java.lang.Thread.State: TIMED_WAITING
        at java.base@21.0.5/jdk.internal.misc.Unsafe.park(Native Method)
        at java.base@21.0.5/java.util.concurrent.locks.LockSupport.parkNanos(LockSupport.java:269)
        at java.base@21.0.5/java.util.concurrent.locks.AbstractQueuedSynchronizer$ConditionObject.awaitNanos(AbstractQueuedSynchronizer.java:1763)
        at app//org.apache.ratis.util.DataBlockingQueue.poll(DataBlockingQueue.java:148)
        at app//org.apache.ratis.server.raftlog.segmented.SegmentedRaftLogWorker.run(SegmentedRaftLogWorker.java:307)
        at app//org.apache.ratis.server.raftlog.segmented.SegmentedRaftLogWorker$$Lambda/0x00007fd9cc334298.run(Unknown Source)
        at java.base@21.0.5/java.util.concurrent.Executors$RunnableAdapter.call(Executors.java:572)
        at java.base@21.0.5/java.util.concurrent.FutureTask.run(FutureTask.java:317)
        at java.base@21.0.5/java.util.concurrent.ThreadPoolExecutor.runWorker(ThreadPoolExecutor.java:1144)
        at java.base@21.0.5/java.util.concurrent.ThreadPoolExecutor$Worker.run(ThreadPoolExecutor.java:642)
        at java.base@21.0.5/java.lang.Thread.runWith(Thread.java:1596)
        at java.base@21.0.5/java.lang.Thread.run(Thread.java:1583)
"4b5ea8a3-88a5-4114-908f-7a85f39bc1cb@group-1CB239B5D031-StateMachineUpdater" daemon prio=5 tid=1340 timed_waiting
java.lang.Thread.State: TIMED_WAITING
        at java.base@21.0.5/jdk.internal.misc.Unsafe.park(Native Method)
        at java.base@21.0.5/java.util.concurrent.locks.LockSupport.parkNanos(LockSupport.java:269)
        at java.base@21.0.5/java.util.concurrent.locks.AbstractQueuedSynchronizer$ConditionObject.await(AbstractQueuedSynchronizer.java:1852)
        at app//org.apache.ratis.util.AwaitForSignal.await(AwaitForSignal.java:65)
        at app//org.apache.ratis.server.impl.StateMachineUpdater.waitForCommit(StateMachineUpdater.java:219)
        at app//org.apache.ratis.server.impl.StateMachineUpdater.run(StateMachineUpdater.java:187)
        at java.base@21.0.5/java.lang.Thread.runWith(Thread.java:1596)
        at java.base@21.0.5/java.lang.Thread.run(Thread.java:1583)
"79978ed1-1a5c-4832-b584-9e2d85f03cd7@group-A038BBDD90A4-LeaderStateImpl" daemon prio=5 tid=1789 timed_waiting
java.lang.Thread.State: TIMED_WAITING
        at java.base@21.0.5/jdk.internal.misc.Unsafe.park(Native Method)
        at java.base@21.0.5/java.util.concurrent.locks.LockSupport.parkNanos(LockSupport.java:269)
        at java.base@21.0.5/java.util.concurrent.locks.AbstractQueuedSynchronizer$ConditionObject.awaitNanos(AbstractQueuedSynchronizer.java:1763)
        at java.base@21.0.5/java.util.concurrent.ArrayBlockingQueue.poll(ArrayBlockingQueue.java:435)
        at app//org.apache.ratis.server.impl.LeaderStateImpl$EventQueue.poll(LeaderStateImpl.java:164)
        at app//org.apache.ratis.server.impl.LeaderStateImpl$EventProcessor.run(LeaderStateImpl.java:763)
"IPC Server handler 1 on default port 15002" daemon prio=5 tid=333 timed_waiting
java.lang.Thread.State: TIMED_WAITING
        at java.base@21.0.5/jdk.internal.misc.Unsafe.park(Native Method)
        at java.base@21.0.5/java.util.concurrent.locks.LockSupport.parkNanos(LockSupport.java:269)
        at java.base@21.0.5/java.util.concurrent.locks.AbstractQueuedSynchronizer$ConditionObject.awaitNanos(AbstractQueuedSynchronizer.java:1763)
        at java.base@21.0.5/java.util.concurrent.LinkedBlockingQueue.poll(LinkedBlockingQueue.java:460)
        at app//org.apache.hadoop.ipc.CallQueueManager.take(CallQueueManager.java:370)
        at app//org.apache.hadoop.ipc.Server$Handler.run(Server.java:3165)
"79978ed1-1a5c-4832-b584-9e2d85f03cd7@group-66FA7163FB5C-FollowerState" daemon prio=5 tid=2049 timed_waiting
java.lang.Thread.State: TIMED_WAITING
        at java.base@21.0.5/java.lang.Thread.sleep0(Native Method)
        at java.base@21.0.5/java.lang.Thread.sleep(Thread.java:558)
        at java.base@21.0.5/java.util.concurrent.TimeUnit.sleep(TimeUnit.java:446)
        at app//org.apache.ratis.util.TimeDuration.sleep(TimeDuration.java:353)
        at app//org.apache.ratis.util.TimeDuration.sleep(TimeDuration.java:338)
        at app//org.apache.ratis.server.impl.FollowerState.runImpl(FollowerState.java:149)
        at app//org.apache.ratis.server.impl.FollowerState.run(FollowerState.java:130)
"Socket Reader #5 for port 15057"  prio=5 tid=764 runnable
java.lang.Thread.State: RUNNABLE
        at java.base@21.0.5/sun.nio.ch.EPoll.wait(Native Method)
        at java.base@21.0.5/sun.nio.ch.EPollSelectorImpl.doSelect(EPollSelectorImpl.java:121)
        at java.base@21.0.5/sun.nio.ch.SelectorImpl.lockAndDoSelect(SelectorImpl.java:130)
        at java.base@21.0.5/sun.nio.ch.SelectorImpl.select(SelectorImpl.java:147)
        at app//org.apache.hadoop.ipc.Server$Listener$Reader.doRunLoop(Server.java:1497)
        at app//org.apache.hadoop.ipc.Server$Listener$Reader.run(Server.java:1476)
"ac32094a-198b-4072-99dd-552311e88daf-CloseContainerThread-0"  prio=5 tid=2418 in Object.wait()
java.lang.Thread.State: WAITING (on object monitor)
        at java.base@21.0.5/jdk.internal.misc.Unsafe.park(Native Method)
        at java.base@21.0.5/java.util.concurrent.locks.LockSupport.park(LockSupport.java:371)
        at java.base@21.0.5/java.util.concurrent.locks.AbstractQueuedSynchronizer$ConditionNode.block(AbstractQueuedSynchronizer.java:519)
        at java.base@21.0.5/java.util.concurrent.ForkJoinPool.unmanagedBlock(ForkJoinPool.java:3780)
        at java.base@21.0.5/java.util.concurrent.ForkJoinPool.managedBlock(ForkJoinPool.java:3725)
        at java.base@21.0.5/java.util.concurrent.locks.AbstractQueuedSynchronizer$ConditionObject.await(AbstractQueuedSynchronizer.java:1712)
        at java.base@21.0.5/java.util.concurrent.LinkedBlockingQueue.take(LinkedBlockingQueue.java:435)
        at java.base@21.0.5/java.util.concurrent.ThreadPoolExecutor.getTask(ThreadPoolExecutor.java:1070)
        at java.base@21.0.5/java.util.concurrent.ThreadPoolExecutor.runWorker(ThreadPoolExecutor.java:1130)
        at java.base@21.0.5/java.util.concurrent.ThreadPoolExecutor$Worker.run(ThreadPoolExecutor.java:642)
        at java.base@21.0.5/java.lang.Thread.runWith(Thread.java:1596)
        at java.base@21.0.5/java.lang.Thread.run(Thread.java:1583)
"751e45cc-852a-454f-97c8-e80f2befe6f4@group-2F015B8B5508-StateMachineUpdater" daemon prio=5 tid=1435 timed_waiting
java.lang.Thread.State: TIMED_WAITING
        at java.base@21.0.5/jdk.internal.misc.Unsafe.park(Native Method)
        at java.base@21.0.5/java.util.concurrent.locks.LockSupport.parkNanos(LockSupport.java:269)
        at java.base@21.0.5/java.util.concurrent.locks.AbstractQueuedSynchronizer$ConditionObject.await(AbstractQueuedSynchronizer.java:1852)
        at app//org.apache.ratis.util.AwaitForSignal.await(AwaitForSignal.java:65)
        at app//org.apache.ratis.server.impl.StateMachineUpdater.waitForCommit(StateMachineUpdater.java:219)
        at app//org.apache.ratis.server.impl.StateMachineUpdater.run(StateMachineUpdater.java:187)
        at java.base@21.0.5/java.lang.Thread.runWith(Thread.java:1596)
        at java.base@21.0.5/java.lang.Thread.run(Thread.java:1583)
"IPC Server handler 96 on default port 15001" daemon prio=5 tid=310 timed_waiting
java.lang.Thread.State: TIMED_WAITING
        at java.base@21.0.5/jdk.internal.misc.Unsafe.park(Native Method)
        at java.base@21.0.5/java.util.concurrent.locks.LockSupport.parkNanos(LockSupport.java:269)
        at java.base@21.0.5/java.util.concurrent.locks.AbstractQueuedSynchronizer$ConditionObject.awaitNanos(AbstractQueuedSynchronizer.java:1763)
        at java.base@21.0.5/java.util.concurrent.LinkedBlockingQueue.poll(LinkedBlockingQueue.java:460)
        at app//org.apache.hadoop.ipc.CallQueueManager.take(CallQueueManager.java:370)
        at app//org.apache.hadoop.ipc.Server$Handler.run(Server.java:3165)
"PartialTableCache-Cleanup-0" daemon prio=5 tid=1995 in Object.wait()
java.lang.Thread.State: WAITING (on object monitor)
        at java.base@21.0.5/jdk.internal.misc.Unsafe.park(Native Method)
        at java.base@21.0.5/java.util.concurrent.locks.LockSupport.park(LockSupport.java:371)
        at java.base@21.0.5/java.util.concurrent.locks.AbstractQueuedSynchronizer$ConditionNode.block(AbstractQueuedSynchronizer.java:519)
        at java.base@21.0.5/java.util.concurrent.ForkJoinPool.unmanagedBlock(ForkJoinPool.java:3780)
        at java.base@21.0.5/java.util.concurrent.ForkJoinPool.managedBlock(ForkJoinPool.java:3725)
        at java.base@21.0.5/java.util.concurrent.locks.AbstractQueuedSynchronizer$ConditionObject.await(AbstractQueuedSynchronizer.java:1712)
        at java.base@21.0.5/java.util.concurrent.LinkedBlockingQueue.take(LinkedBlockingQueue.java:435)
        at java.base@21.0.5/java.util.concurrent.ThreadPoolExecutor.getTask(ThreadPoolExecutor.java:1070)
        at java.base@21.0.5/java.util.concurrent.ThreadPoolExecutor.runWorker(ThreadPoolExecutor.java:1130)
        at java.base@21.0.5/java.util.concurrent.ThreadPoolExecutor$Worker.run(ThreadPoolExecutor.java:642)
        at java.base@21.0.5/java.lang.Thread.runWith(Thread.java:1596)
        at java.base@21.0.5/java.lang.Thread.run(Thread.java:1583)
"IPC Server handler 58 on default port 15001" daemon prio=5 tid=272 timed_waiting
java.lang.Thread.State: TIMED_WAITING
        at java.base@21.0.5/jdk.internal.misc.Unsafe.park(Native Method)
        at java.base@21.0.5/java.util.concurrent.locks.LockSupport.parkNanos(LockSupport.java:269)
        at java.base@21.0.5/java.util.concurrent.locks.AbstractQueuedSynchronizer$ConditionObject.awaitNanos(AbstractQueuedSynchronizer.java:1763)
        at java.base@21.0.5/java.util.concurrent.LinkedBlockingQueue.poll(LinkedBlockingQueue.java:460)
        at app//org.apache.hadoop.ipc.CallQueueManager.take(CallQueueManager.java:370)
        at app//org.apache.hadoop.ipc.Server$Handler.run(Server.java:3165)
"IPC Server handler 17 on default port 15001" daemon prio=5 tid=231 timed_waiting
java.lang.Thread.State: TIMED_WAITING
        at java.base@21.0.5/jdk.internal.misc.Unsafe.park(Native Method)
        at java.base@21.0.5/java.util.concurrent.locks.LockSupport.parkNanos(LockSupport.java:269)
        at java.base@21.0.5/java.util.concurrent.locks.AbstractQueuedSynchronizer$ConditionObject.awaitNanos(AbstractQueuedSynchronizer.java:1763)
        at java.base@21.0.5/java.util.concurrent.LinkedBlockingQueue.poll(LinkedBlockingQueue.java:460)
        at app//org.apache.hadoop.ipc.CallQueueManager.take(CallQueueManager.java:370)
        at app//org.apache.hadoop.ipc.Server$Handler.run(Server.java:3165)
"Socket Reader #2 for port 15006"  prio=5 tid=444 runnable
java.lang.Thread.State: RUNNABLE
        at java.base@21.0.5/sun.nio.ch.EPoll.wait(Native Method)
        at java.base@21.0.5/sun.nio.ch.EPollSelectorImpl.doSelect(EPollSelectorImpl.java:121)
        at java.base@21.0.5/sun.nio.ch.SelectorImpl.lockAndDoSelect(SelectorImpl.java:130)
        at java.base@21.0.5/sun.nio.ch.SelectorImpl.select(SelectorImpl.java:147)
        at app//org.apache.hadoop.ipc.Server$Listener$Reader.doRunLoop(Server.java:1497)
        at app//org.apache.hadoop.ipc.Server$Listener$Reader.run(Server.java:1476)
"b6b79d51-52d7-4711-a690-06a51533978a-groupManagement" daemon prio=5 tid=1317 in Object.wait()
java.lang.Thread.State: WAITING (on object monitor)
        at java.base@21.0.5/jdk.internal.misc.Unsafe.park(Native Method)
        at java.base@21.0.5/java.util.concurrent.locks.LockSupport.park(LockSupport.java:371)
        at java.base@21.0.5/java.util.concurrent.locks.AbstractQueuedSynchronizer$ConditionNode.block(AbstractQueuedSynchronizer.java:519)
        at java.base@21.0.5/java.util.concurrent.ForkJoinPool.unmanagedBlock(ForkJoinPool.java:3780)
        at java.base@21.0.5/java.util.concurrent.ForkJoinPool.managedBlock(ForkJoinPool.java:3725)
        at java.base@21.0.5/java.util.concurrent.locks.AbstractQueuedSynchronizer$ConditionObject.await(AbstractQueuedSynchronizer.java:1712)
        at java.base@21.0.5/java.util.concurrent.LinkedBlockingQueue.take(LinkedBlockingQueue.java:435)
        at java.base@21.0.5/java.util.concurrent.ThreadPoolExecutor.getTask(ThreadPoolExecutor.java:1070)
        at java.base@21.0.5/java.util.concurrent.ThreadPoolExecutor.runWorker(ThreadPoolExecutor.java:1130)
        at java.base@21.0.5/java.util.concurrent.ThreadPoolExecutor$Worker.run(ThreadPoolExecutor.java:642)
        at java.base@21.0.5/java.lang.Thread.runWith(Thread.java:1596)
        at java.base@21.0.5/java.lang.Thread.run(Thread.java:1583)
"26f755b0-b4b1-4239-8401-e418fca9ef4b-ChunkReader-2" daemon prio=5 tid=2700 in Object.wait()
java.lang.Thread.State: WAITING (on object monitor)
        at java.base@21.0.5/jdk.internal.misc.Unsafe.park(Native Method)
        at java.base@21.0.5/java.util.concurrent.locks.LockSupport.park(LockSupport.java:371)
        at java.base@21.0.5/java.util.concurrent.locks.AbstractQueuedSynchronizer$ConditionNode.block(AbstractQueuedSynchronizer.java:519)
        at java.base@21.0.5/java.util.concurrent.ForkJoinPool.unmanagedBlock(ForkJoinPool.java:3780)
        at java.base@21.0.5/java.util.concurrent.ForkJoinPool.managedBlock(ForkJoinPool.java:3725)
        at java.base@21.0.5/java.util.concurrent.locks.AbstractQueuedSynchronizer$ConditionObject.await(AbstractQueuedSynchronizer.java:1712)
        at java.base@21.0.5/java.util.concurrent.LinkedBlockingQueue.take(LinkedBlockingQueue.java:435)
        at java.base@21.0.5/java.util.concurrent.ThreadPoolExecutor.getTask(ThreadPoolExecutor.java:1070)
        at java.base@21.0.5/java.util.concurrent.ThreadPoolExecutor.runWorker(ThreadPoolExecutor.java:1130)
        at java.base@21.0.5/java.util.concurrent.ThreadPoolExecutor$Worker.run(ThreadPoolExecutor.java:642)
        at java.base@21.0.5/java.lang.Thread.runWith(Thread.java:1596)
        at java.base@21.0.5/java.lang.Thread.run(Thread.java:1583)
"om1-groupManagement"  prio=5 tid=440 in Object.wait()
java.lang.Thread.State: WAITING (on object monitor)
        at java.base@21.0.5/jdk.internal.misc.Unsafe.park(Native Method)
        at java.base@21.0.5/java.util.concurrent.locks.LockSupport.park(LockSupport.java:371)
        at java.base@21.0.5/java.util.concurrent.locks.AbstractQueuedSynchronizer$ConditionNode.block(AbstractQueuedSynchronizer.java:519)
        at java.base@21.0.5/java.util.concurrent.ForkJoinPool.unmanagedBlock(ForkJoinPool.java:3780)
        at java.base@21.0.5/java.util.concurrent.ForkJoinPool.managedBlock(ForkJoinPool.java:3725)
        at java.base@21.0.5/java.util.concurrent.locks.AbstractQueuedSynchronizer$ConditionObject.await(AbstractQueuedSynchronizer.java:1712)
        at java.base@21.0.5/java.util.concurrent.LinkedBlockingQueue.take(LinkedBlockingQueue.java:435)
        at java.base@21.0.5/java.util.concurrent.ThreadPoolExecutor.getTask(ThreadPoolExecutor.java:1070)
        at java.base@21.0.5/java.util.concurrent.ThreadPoolExecutor.runWorker(ThreadPoolExecutor.java:1130)
        at java.base@21.0.5/java.util.concurrent.ThreadPoolExecutor$Worker.run(ThreadPoolExecutor.java:642)
        at java.base@21.0.5/java.lang.Thread.runWith(Thread.java:1596)
        at java.base@21.0.5/java.lang.Thread.run(Thread.java:1583)
"02fc1759-725d-47af-8349-873c9c5c9167-server-thread2" daemon prio=5 tid=1913 timed_waiting
java.lang.Thread.State: TIMED_WAITING
        at java.base@21.0.5/jdk.internal.misc.Unsafe.park(Native Method)
        at java.base@21.0.5/java.util.concurrent.locks.LockSupport.parkNanos(LockSupport.java:410)
        at java.base@21.0.5/java.util.concurrent.LinkedTransferQueue$DualNode.await(LinkedTransferQueue.java:452)
        at java.base@21.0.5/java.util.concurrent.SynchronousQueue$Transferer.xferLifo(SynchronousQueue.java:194)
        at java.base@21.0.5/java.util.concurrent.SynchronousQueue.xfer(SynchronousQueue.java:235)
        at java.base@21.0.5/java.util.concurrent.SynchronousQueue.poll(SynchronousQueue.java:338)
        at java.base@21.0.5/java.util.concurrent.ThreadPoolExecutor.getTask(ThreadPoolExecutor.java:1069)
        at java.base@21.0.5/java.util.concurrent.ThreadPoolExecutor.runWorker(ThreadPoolExecutor.java:1130)
        at java.base@21.0.5/java.util.concurrent.ThreadPoolExecutor$Worker.run(ThreadPoolExecutor.java:642)
        at java.base@21.0.5/java.lang.Thread.runWith(Thread.java:1596)
        at java.base@21.0.5/java.lang.Thread.run(Thread.java:1583)
"Socket Reader #7 for port 15093"  prio=5 tid=1008 runnable
java.lang.Thread.State: RUNNABLE
        at java.base@21.0.5/sun.nio.ch.EPoll.wait(Native Method)
        at java.base@21.0.5/sun.nio.ch.EPollSelectorImpl.doSelect(EPollSelectorImpl.java:121)
        at java.base@21.0.5/sun.nio.ch.SelectorImpl.lockAndDoSelect(SelectorImpl.java:130)
        at java.base@21.0.5/sun.nio.ch.SelectorImpl.select(SelectorImpl.java:147)
        at app//org.apache.hadoop.ipc.Server$Listener$Reader.doRunLoop(Server.java:1497)
        at app//org.apache.hadoop.ipc.Server$Listener$Reader.run(Server.java:1476)
"02fc1759-725d-47af-8349-873c9c5c9167@group-2F5615DC861B-StateMachineUpdater" daemon prio=5 tid=1202 timed_waiting
java.lang.Thread.State: TIMED_WAITING
        at java.base@21.0.5/jdk.internal.misc.Unsafe.park(Native Method)
        at java.base@21.0.5/java.util.concurrent.locks.LockSupport.parkNanos(LockSupport.java:269)
        at java.base@21.0.5/java.util.concurrent.locks.AbstractQueuedSynchronizer$ConditionObject.await(AbstractQueuedSynchronizer.java:1852)
        at app//org.apache.ratis.util.AwaitForSignal.await(AwaitForSignal.java:65)
        at app//org.apache.ratis.server.impl.StateMachineUpdater.waitForCommit(StateMachineUpdater.java:219)
        at app//org.apache.ratis.server.impl.StateMachineUpdater.run(StateMachineUpdater.java:187)
        at java.base@21.0.5/java.lang.Thread.runWith(Thread.java:1596)
        at java.base@21.0.5/java.lang.Thread.run(Thread.java:1583)
"IPC Server handler 81 on default port 15000" daemon prio=5 tid=195 timed_waiting
java.lang.Thread.State: TIMED_WAITING
        at java.base@21.0.5/jdk.internal.misc.Unsafe.park(Native Method)
        at java.base@21.0.5/java.util.concurrent.locks.LockSupport.parkNanos(LockSupport.java:269)
        at java.base@21.0.5/java.util.concurrent.locks.AbstractQueuedSynchronizer$ConditionObject.awaitNanos(AbstractQueuedSynchronizer.java:1763)
        at java.base@21.0.5/java.util.concurrent.LinkedBlockingQueue.poll(LinkedBlockingQueue.java:460)
        at app//org.apache.hadoop.ipc.CallQueueManager.take(CallQueueManager.java:370)
        at app//org.apache.hadoop.ipc.Server$Handler.run(Server.java:3165)
"StaleRecoveringContainerScrubbingService#9" daemon prio=5 tid=2903 in Object.wait()
java.lang.Thread.State: WAITING (on object monitor)
        at java.base@21.0.5/jdk.internal.misc.Unsafe.park(Native Method)
        at java.base@21.0.5/java.util.concurrent.locks.LockSupport.park(LockSupport.java:371)
        at java.base@21.0.5/java.util.concurrent.locks.AbstractQueuedSynchronizer$ConditionNode.block(AbstractQueuedSynchronizer.java:519)
        at java.base@21.0.5/java.util.concurrent.ForkJoinPool.unmanagedBlock(ForkJoinPool.java:3780)
        at java.base@21.0.5/java.util.concurrent.ForkJoinPool.managedBlock(ForkJoinPool.java:3725)
        at java.base@21.0.5/java.util.concurrent.locks.AbstractQueuedSynchronizer$ConditionObject.await(AbstractQueuedSynchronizer.java:1712)
        at java.base@21.0.5/java.util.concurrent.ScheduledThreadPoolExecutor$DelayedWorkQueue.take(ScheduledThreadPoolExecutor.java:1177)
        at java.base@21.0.5/java.util.concurrent.ScheduledThreadPoolExecutor$DelayedWorkQueue.take(ScheduledThreadPoolExecutor.java:899)
        at java.base@21.0.5/java.util.concurrent.ThreadPoolExecutor.getTask(ThreadPoolExecutor.java:1070)
        at java.base@21.0.5/java.util.concurrent.ThreadPoolExecutor.runWorker(ThreadPoolExecutor.java:1130)
        at java.base@21.0.5/java.util.concurrent.ThreadPoolExecutor$Worker.run(ThreadPoolExecutor.java:642)
        at java.base@21.0.5/java.lang.Thread.runWith(Thread.java:1596)
        at java.base@21.0.5/java.lang.Thread.run(Thread.java:1583)
"02fc1759-725d-47af-8349-873c9c5c9167-ChunkWriter-3-0" daemon prio=5 tid=930 in Object.wait()
java.lang.Thread.State: WAITING (on object monitor)
        at java.base@21.0.5/jdk.internal.misc.Unsafe.park(Native Method)
        at java.base@21.0.5/java.util.concurrent.locks.LockSupport.park(LockSupport.java:371)
        at java.base@21.0.5/java.util.concurrent.locks.AbstractQueuedSynchronizer$ConditionNode.block(AbstractQueuedSynchronizer.java:519)
        at java.base@21.0.5/java.util.concurrent.ForkJoinPool.unmanagedBlock(ForkJoinPool.java:3780)
        at java.base@21.0.5/java.util.concurrent.ForkJoinPool.managedBlock(ForkJoinPool.java:3725)
        at java.base@21.0.5/java.util.concurrent.locks.AbstractQueuedSynchronizer$ConditionObject.await(AbstractQueuedSynchronizer.java:1712)
        at java.base@21.0.5/java.util.concurrent.LinkedBlockingDeque.takeFirst(LinkedBlockingDeque.java:485)
        at java.base@21.0.5/java.util.concurrent.LinkedBlockingDeque.take(LinkedBlockingDeque.java:673)
        at java.base@21.0.5/java.util.concurrent.ThreadPoolExecutor.getTask(ThreadPoolExecutor.java:1070)
        at java.base@21.0.5/java.util.concurrent.ThreadPoolExecutor.runWorker(ThreadPoolExecutor.java:1130)
        at java.base@21.0.5/java.util.concurrent.ThreadPoolExecutor$Worker.run(ThreadPoolExecutor.java:642)
        at java.base@21.0.5/java.lang.Thread.runWith(Thread.java:1596)
        at java.base@21.0.5/java.lang.Thread.run(Thread.java:1583)
"IPC Server handler 1 on default port 15066" daemon prio=5 tid=820 timed_waiting
java.lang.Thread.State: TIMED_WAITING
        at java.base@21.0.5/jdk.internal.misc.Unsafe.park(Native Method)
        at java.base@21.0.5/java.util.concurrent.locks.LockSupport.parkNanos(LockSupport.java:269)
        at java.base@21.0.5/java.util.concurrent.locks.AbstractQueuedSynchronizer$ConditionObject.awaitNanos(AbstractQueuedSynchronizer.java:1763)
        at java.base@21.0.5/java.util.concurrent.LinkedBlockingQueue.poll(LinkedBlockingQueue.java:460)
        at app//org.apache.hadoop.ipc.CallQueueManager.take(CallQueueManager.java:370)
        at app//org.apache.hadoop.ipc.Server$Handler.run(Server.java:3165)
"3296053d-9d54-4057-a6a8-67c4b6ec6587-ec-reconstruct-writer-TID-0"  prio=5 tid=2468 in Object.wait()
java.lang.Thread.State: WAITING (on object monitor)
        at java.base@21.0.5/jdk.internal.misc.Unsafe.park(Native Method)
        at java.base@21.0.5/java.util.concurrent.locks.LockSupport.park(LockSupport.java:371)
        at java.base@21.0.5/java.util.concurrent.LinkedTransferQueue$DualNode.await(LinkedTransferQueue.java:458)
        at java.base@21.0.5/java.util.concurrent.SynchronousQueue$Transferer.xferLifo(SynchronousQueue.java:194)
        at java.base@21.0.5/java.util.concurrent.SynchronousQueue.xfer(SynchronousQueue.java:235)
        at java.base@21.0.5/java.util.concurrent.SynchronousQueue.take(SynchronousQueue.java:318)
        at java.base@21.0.5/java.util.concurrent.ThreadPoolExecutor.getTask(ThreadPoolExecutor.java:1070)
        at java.base@21.0.5/java.util.concurrent.ThreadPoolExecutor.runWorker(ThreadPoolExecutor.java:1130)
        at java.base@21.0.5/java.util.concurrent.ThreadPoolExecutor$Worker.run(ThreadPoolExecutor.java:642)
        at java.base@21.0.5/java.lang.Thread.runWith(Thread.java:1596)
        at java.base@21.0.5/java.lang.Thread.run(Thread.java:1583)
"26f755b0-b4b1-4239-8401-e418fca9ef4b-BlockDeletingService#2" daemon prio=5 tid=2900 in Object.wait()
java.lang.Thread.State: WAITING (on object monitor)
        at java.base@21.0.5/jdk.internal.misc.Unsafe.park(Native Method)
        at java.base@21.0.5/java.util.concurrent.locks.LockSupport.park(LockSupport.java:371)
        at java.base@21.0.5/java.util.concurrent.locks.AbstractQueuedSynchronizer$ConditionNode.block(AbstractQueuedSynchronizer.java:519)
        at java.base@21.0.5/java.util.concurrent.ForkJoinPool.unmanagedBlock(ForkJoinPool.java:3780)
        at java.base@21.0.5/java.util.concurrent.ForkJoinPool.managedBlock(ForkJoinPool.java:3725)
        at java.base@21.0.5/java.util.concurrent.locks.AbstractQueuedSynchronizer$ConditionObject.await(AbstractQueuedSynchronizer.java:1712)
        at java.base@21.0.5/java.util.concurrent.ScheduledThreadPoolExecutor$DelayedWorkQueue.take(ScheduledThreadPoolExecutor.java:1177)
        at java.base@21.0.5/java.util.concurrent.ScheduledThreadPoolExecutor$DelayedWorkQueue.take(ScheduledThreadPoolExecutor.java:899)
        at java.base@21.0.5/java.util.concurrent.ThreadPoolExecutor.getTask(ThreadPoolExecutor.java:1070)
        at java.base@21.0.5/java.util.concurrent.ThreadPoolExecutor.runWorker(ThreadPoolExecutor.java:1130)
        at java.base@21.0.5/java.util.concurrent.ThreadPoolExecutor$Worker.run(ThreadPoolExecutor.java:642)
        at java.base@21.0.5/java.lang.Thread.runWith(Thread.java:1596)
        at java.base@21.0.5/java.lang.Thread.run(Thread.java:1583)
"Socket Reader #5 for port 15039"  prio=5 tid=672 runnable
java.lang.Thread.State: RUNNABLE
        at java.base@21.0.5/sun.nio.ch.EPoll.wait(Native Method)
        at java.base@21.0.5/sun.nio.ch.EPollSelectorImpl.doSelect(EPollSelectorImpl.java:121)
        at java.base@21.0.5/sun.nio.ch.SelectorImpl.lockAndDoSelect(SelectorImpl.java:130)
        at java.base@21.0.5/sun.nio.ch.SelectorImpl.select(SelectorImpl.java:147)
        at app//org.apache.hadoop.ipc.Server$Listener$Reader.doRunLoop(Server.java:1497)
        at app//org.apache.hadoop.ipc.Server$Listener$Reader.run(Server.java:1476)
"pool-306-thread-1" daemon prio=5 tid=1152 timed_waiting
java.lang.Thread.State: TIMED_WAITING
        at java.base@21.0.5/jdk.internal.misc.Unsafe.park(Native Method)
        at java.base@21.0.5/java.util.concurrent.locks.LockSupport.parkNanos(LockSupport.java:269)
        at java.base@21.0.5/java.util.concurrent.locks.AbstractQueuedSynchronizer$ConditionObject.awaitNanos(AbstractQueuedSynchronizer.java:1763)
        at java.base@21.0.5/java.util.concurrent.ScheduledThreadPoolExecutor$DelayedWorkQueue.take(ScheduledThreadPoolExecutor.java:1182)
        at java.base@21.0.5/java.util.concurrent.ScheduledThreadPoolExecutor$DelayedWorkQueue.take(ScheduledThreadPoolExecutor.java:899)
        at java.base@21.0.5/java.util.concurrent.ThreadPoolExecutor.getTask(ThreadPoolExecutor.java:1070)
        at java.base@21.0.5/java.util.concurrent.ThreadPoolExecutor.runWorker(ThreadPoolExecutor.java:1130)
        at java.base@21.0.5/java.util.concurrent.ThreadPoolExecutor$Worker.run(ThreadPoolExecutor.java:642)
        at java.base@21.0.5/java.lang.Thread.runWith(Thread.java:1596)
        at java.base@21.0.5/java.lang.Thread.run(Thread.java:1583)
"Session-HouseKeeper-58ae7e50-1"  prio=5 tid=526 timed_waiting
java.lang.Thread.State: TIMED_WAITING
        at java.base@21.0.5/jdk.internal.misc.Unsafe.park(Native Method)
        at java.base@21.0.5/java.util.concurrent.locks.LockSupport.parkNanos(LockSupport.java:269)
        at java.base@21.0.5/java.util.concurrent.locks.AbstractQueuedSynchronizer$ConditionObject.awaitNanos(AbstractQueuedSynchronizer.java:1763)
        at java.base@21.0.5/java.util.concurrent.ScheduledThreadPoolExecutor$DelayedWorkQueue.take(ScheduledThreadPoolExecutor.java:1182)
        at java.base@21.0.5/java.util.concurrent.ScheduledThreadPoolExecutor$DelayedWorkQueue.take(ScheduledThreadPoolExecutor.java:899)
        at java.base@21.0.5/java.util.concurrent.ThreadPoolExecutor.getTask(ThreadPoolExecutor.java:1070)
        at java.base@21.0.5/java.util.concurrent.ThreadPoolExecutor.runWorker(ThreadPoolExecutor.java:1130)
        at java.base@21.0.5/java.util.concurrent.ThreadPoolExecutor$Worker.run(ThreadPoolExecutor.java:642)
        at java.base@21.0.5/java.lang.Thread.runWith(Thread.java:1596)
        at java.base@21.0.5/java.lang.Thread.run(Thread.java:1583)
"eca5a246-1f8f-493f-b50d-7eee1f2fec76@group-41854415688A-SegmentedRaftLogWorker" daemon prio=5 tid=1516 timed_waiting
java.lang.Thread.State: TIMED_WAITING
        at java.base@21.0.5/jdk.internal.misc.Unsafe.park(Native Method)
        at java.base@21.0.5/java.util.concurrent.locks.LockSupport.parkNanos(LockSupport.java:269)
        at java.base@21.0.5/java.util.concurrent.locks.AbstractQueuedSynchronizer$ConditionObject.awaitNanos(AbstractQueuedSynchronizer.java:1763)
        at app//org.apache.ratis.util.DataBlockingQueue.poll(DataBlockingQueue.java:148)
        at app//org.apache.ratis.server.raftlog.segmented.SegmentedRaftLogWorker.run(SegmentedRaftLogWorker.java:307)
        at app//org.apache.ratis.server.raftlog.segmented.SegmentedRaftLogWorker$$Lambda/0x00007fd9cc334298.run(Unknown Source)
        at java.base@21.0.5/java.util.concurrent.Executors$RunnableAdapter.call(Executors.java:572)
        at java.base@21.0.5/java.util.concurrent.FutureTask.run(FutureTask.java:317)
        at java.base@21.0.5/java.util.concurrent.ThreadPoolExecutor.runWorker(ThreadPoolExecutor.java:1144)
        at java.base@21.0.5/java.util.concurrent.ThreadPoolExecutor$Worker.run(ThreadPoolExecutor.java:642)
        at java.base@21.0.5/java.lang.Thread.runWith(Thread.java:1596)
        at java.base@21.0.5/java.lang.Thread.run(Thread.java:1583)
"om1-DirectoryDeletingService#6" daemon prio=5 tid=477 in Object.wait()
java.lang.Thread.State: WAITING (on object monitor)
        at java.base@21.0.5/jdk.internal.misc.Unsafe.park(Native Method)
        at java.base@21.0.5/java.util.concurrent.locks.LockSupport.park(LockSupport.java:371)
        at java.base@21.0.5/java.util.concurrent.locks.AbstractQueuedSynchronizer$ConditionNode.block(AbstractQueuedSynchronizer.java:519)
        at java.base@21.0.5/java.util.concurrent.ForkJoinPool.unmanagedBlock(ForkJoinPool.java:3780)
        at java.base@21.0.5/java.util.concurrent.ForkJoinPool.managedBlock(ForkJoinPool.java:3725)
        at java.base@21.0.5/java.util.concurrent.locks.AbstractQueuedSynchronizer$ConditionObject.await(AbstractQueuedSynchronizer.java:1712)
        at java.base@21.0.5/java.util.concurrent.ScheduledThreadPoolExecutor$DelayedWorkQueue.take(ScheduledThreadPoolExecutor.java:1177)
        at java.base@21.0.5/java.util.concurrent.ScheduledThreadPoolExecutor$DelayedWorkQueue.take(ScheduledThreadPoolExecutor.java:899)
        at java.base@21.0.5/java.util.concurrent.ThreadPoolExecutor.getTask(ThreadPoolExecutor.java:1070)
        at java.base@21.0.5/java.util.concurrent.ThreadPoolExecutor.runWorker(ThreadPoolExecutor.java:1130)
        at java.base@21.0.5/java.util.concurrent.ThreadPoolExecutor$Worker.run(ThreadPoolExecutor.java:642)
        at java.base@21.0.5/java.lang.Thread.runWith(Thread.java:1596)
        at java.base@21.0.5/java.lang.Thread.run(Thread.java:1583)
"IPC Server handler 8 on default port 15021" daemon prio=5 tid=595 timed_waiting
java.lang.Thread.State: TIMED_WAITING
        at java.base@21.0.5/jdk.internal.misc.Unsafe.park(Native Method)
        at java.base@21.0.5/java.util.concurrent.locks.LockSupport.parkNanos(LockSupport.java:269)
        at java.base@21.0.5/java.util.concurrent.locks.AbstractQueuedSynchronizer$ConditionObject.awaitNanos(AbstractQueuedSynchronizer.java:1763)
        at java.base@21.0.5/java.util.concurrent.LinkedBlockingQueue.poll(LinkedBlockingQueue.java:460)
        at app//org.apache.hadoop.ipc.CallQueueManager.take(CallQueueManager.java:370)
        at app//org.apache.hadoop.ipc.Server$Handler.run(Server.java:3165)
"ac32094a-198b-4072-99dd-552311e88daf-CloseContainerThread-1"  prio=5 tid=2429 in Object.wait()
java.lang.Thread.State: WAITING (on object monitor)
        at java.base@21.0.5/jdk.internal.misc.Unsafe.park(Native Method)
        at java.base@21.0.5/java.util.concurrent.locks.LockSupport.park(LockSupport.java:371)
        at java.base@21.0.5/java.util.concurrent.locks.AbstractQueuedSynchronizer$ConditionNode.block(AbstractQueuedSynchronizer.java:519)
        at java.base@21.0.5/java.util.concurrent.ForkJoinPool.unmanagedBlock(ForkJoinPool.java:3780)
        at java.base@21.0.5/java.util.concurrent.ForkJoinPool.managedBlock(ForkJoinPool.java:3725)
        at java.base@21.0.5/java.util.concurrent.locks.AbstractQueuedSynchronizer$ConditionObject.await(AbstractQueuedSynchronizer.java:1712)
        at java.base@21.0.5/java.util.concurrent.LinkedBlockingQueue.take(LinkedBlockingQueue.java:435)
        at java.base@21.0.5/java.util.concurrent.ThreadPoolExecutor.getTask(ThreadPoolExecutor.java:1070)
        at java.base@21.0.5/java.util.concurrent.ThreadPoolExecutor.runWorker(ThreadPoolExecutor.java:1130)
        at java.base@21.0.5/java.util.concurrent.ThreadPoolExecutor$Worker.run(ThreadPoolExecutor.java:642)
        at java.base@21.0.5/java.lang.Thread.runWith(Thread.java:1596)
        at java.base@21.0.5/java.lang.Thread.run(Thread.java:1583)
"IPC Server handler 7 on default port 15057" daemon prio=5 tid=780 timed_waiting
java.lang.Thread.State: TIMED_WAITING
        at java.base@21.0.5/jdk.internal.misc.Unsafe.park(Native Method)
        at java.base@21.0.5/java.util.concurrent.locks.LockSupport.parkNanos(LockSupport.java:269)
        at java.base@21.0.5/java.util.concurrent.locks.AbstractQueuedSynchronizer$ConditionObject.awaitNanos(AbstractQueuedSynchronizer.java:1763)
        at java.base@21.0.5/java.util.concurrent.LinkedBlockingQueue.poll(LinkedBlockingQueue.java:460)
        at app//org.apache.hadoop.ipc.CallQueueManager.take(CallQueueManager.java:370)
        at app//org.apache.hadoop.ipc.Server$Handler.run(Server.java:3165)
"79978ed1-1a5c-4832-b584-9e2d85f03cd7-BlockDeletingService#2" daemon prio=5 tid=2852 in Object.wait()
java.lang.Thread.State: WAITING (on object monitor)
        at java.base@21.0.5/jdk.internal.misc.Unsafe.park(Native Method)
        at java.base@21.0.5/java.util.concurrent.locks.LockSupport.park(LockSupport.java:371)
        at java.base@21.0.5/java.util.concurrent.locks.AbstractQueuedSynchronizer$ConditionNode.block(AbstractQueuedSynchronizer.java:519)
        at java.base@21.0.5/java.util.concurrent.ForkJoinPool.unmanagedBlock(ForkJoinPool.java:3780)
        at java.base@21.0.5/java.util.concurrent.ForkJoinPool.managedBlock(ForkJoinPool.java:3725)
        at java.base@21.0.5/java.util.concurrent.locks.AbstractQueuedSynchronizer$ConditionObject.await(AbstractQueuedSynchronizer.java:1712)
        at java.base@21.0.5/java.util.concurrent.ScheduledThreadPoolExecutor$DelayedWorkQueue.take(ScheduledThreadPoolExecutor.java:1177)
        at java.base@21.0.5/java.util.concurrent.ScheduledThreadPoolExecutor$DelayedWorkQueue.take(ScheduledThreadPoolExecutor.java:899)
        at java.base@21.0.5/java.util.concurrent.ThreadPoolExecutor.getTask(ThreadPoolExecutor.java:1070)
        at java.base@21.0.5/java.util.concurrent.ThreadPoolExecutor.runWorker(ThreadPoolExecutor.java:1130)
        at java.base@21.0.5/java.util.concurrent.ThreadPoolExecutor$Worker.run(ThreadPoolExecutor.java:642)
        at java.base@21.0.5/java.lang.Thread.runWith(Thread.java:1596)
        at java.base@21.0.5/java.lang.Thread.run(Thread.java:1583)
"3296053d-9d54-4057-a6a8-67c4b6ec6587-BlockDeletingService#0" daemon prio=5 tid=997 timed_waiting
java.lang.Thread.State: TIMED_WAITING
        at java.base@21.0.5/jdk.internal.misc.Unsafe.park(Native Method)
        at java.base@21.0.5/java.util.concurrent.locks.LockSupport.parkNanos(LockSupport.java:269)
        at java.base@21.0.5/java.util.concurrent.locks.AbstractQueuedSynchronizer$ConditionObject.awaitNanos(AbstractQueuedSynchronizer.java:1763)
        at java.base@21.0.5/java.util.concurrent.ScheduledThreadPoolExecutor$DelayedWorkQueue.take(ScheduledThreadPoolExecutor.java:1182)
        at java.base@21.0.5/java.util.concurrent.ScheduledThreadPoolExecutor$DelayedWorkQueue.take(ScheduledThreadPoolExecutor.java:899)
        at java.base@21.0.5/java.util.concurrent.ThreadPoolExecutor.getTask(ThreadPoolExecutor.java:1070)
        at java.base@21.0.5/java.util.concurrent.ThreadPoolExecutor.runWorker(ThreadPoolExecutor.java:1130)
        at java.base@21.0.5/java.util.concurrent.ThreadPoolExecutor$Worker.run(ThreadPoolExecutor.java:642)
        at java.base@21.0.5/java.lang.Thread.runWith(Thread.java:1596)
        at java.base@21.0.5/java.lang.Thread.run(Thread.java:1583)
"eca5a246-1f8f-493f-b50d-7eee1f2fec76-DatanodeStateMachineTaskThread-0"  prio=5 tid=835 in Object.wait()
java.lang.Thread.State: WAITING (on object monitor)
        at java.base@21.0.5/jdk.internal.misc.Unsafe.park(Native Method)
        at java.base@21.0.5/java.util.concurrent.locks.LockSupport.park(LockSupport.java:371)
        at java.base@21.0.5/java.util.concurrent.locks.AbstractQueuedSynchronizer$ConditionNode.block(AbstractQueuedSynchronizer.java:519)
        at java.base@21.0.5/java.util.concurrent.ForkJoinPool.unmanagedBlock(ForkJoinPool.java:3780)
        at java.base@21.0.5/java.util.concurrent.ForkJoinPool.managedBlock(ForkJoinPool.java:3725)
        at java.base@21.0.5/java.util.concurrent.locks.AbstractQueuedSynchronizer$ConditionObject.await(AbstractQueuedSynchronizer.java:1712)
        at java.base@21.0.5/java.util.concurrent.LinkedBlockingQueue.take(LinkedBlockingQueue.java:435)
        at java.base@21.0.5/java.util.concurrent.ThreadPoolExecutor.getTask(ThreadPoolExecutor.java:1070)
        at java.base@21.0.5/java.util.concurrent.ThreadPoolExecutor.runWorker(ThreadPoolExecutor.java:1130)
        at java.base@21.0.5/java.util.concurrent.ThreadPoolExecutor$Worker.run(ThreadPoolExecutor.java:642)
        at java.base@21.0.5/java.lang.Thread.runWith(Thread.java:1596)
        at java.base@21.0.5/java.lang.Thread.run(Thread.java:1583)
"3296053d-9d54-4057-a6a8-67c4b6ec6587-server-thread3" daemon prio=5 tid=2238 timed_waiting
java.lang.Thread.State: TIMED_WAITING
        at java.base@21.0.5/jdk.internal.misc.Unsafe.park(Native Method)
        at java.base@21.0.5/java.util.concurrent.locks.LockSupport.parkNanos(LockSupport.java:410)
        at java.base@21.0.5/java.util.concurrent.LinkedTransferQueue$DualNode.await(LinkedTransferQueue.java:452)
        at java.base@21.0.5/java.util.concurrent.SynchronousQueue$Transferer.xferLifo(SynchronousQueue.java:194)
        at java.base@21.0.5/java.util.concurrent.SynchronousQueue.xfer(SynchronousQueue.java:235)
        at java.base@21.0.5/java.util.concurrent.SynchronousQueue.poll(SynchronousQueue.java:338)
        at java.base@21.0.5/java.util.concurrent.ThreadPoolExecutor.getTask(ThreadPoolExecutor.java:1069)
        at java.base@21.0.5/java.util.concurrent.ThreadPoolExecutor.runWorker(ThreadPoolExecutor.java:1130)
        at java.base@21.0.5/java.util.concurrent.ThreadPoolExecutor$Worker.run(ThreadPoolExecutor.java:642)
        at java.base@21.0.5/java.lang.Thread.runWith(Thread.java:1596)
        at java.base@21.0.5/java.lang.Thread.run(Thread.java:1583)
"JvmPauseMonitor8" daemon prio=5 tid=1080 timed_waiting
java.lang.Thread.State: TIMED_WAITING
        at java.base@21.0.5/java.lang.Thread.sleep0(Native Method)
        at java.base@21.0.5/java.lang.Thread.sleep(Thread.java:558)
        at java.base@21.0.5/java.util.concurrent.TimeUnit.sleep(TimeUnit.java:446)
        at app//org.apache.ratis.util.TimeDuration.sleep(TimeDuration.java:353)
        at app//org.apache.ratis.util.TimeDuration.sleep(TimeDuration.java:338)
        at app//org.apache.ratis.util.JvmPauseMonitor.detectPause(JvmPauseMonitor.java:160)
        at app//org.apache.ratis.util.JvmPauseMonitor.run(JvmPauseMonitor.java:149)
        at app//org.apache.ratis.util.JvmPauseMonitor$$Lambda/0x00007fd9cc38c980.run(Unknown Source)
        at java.base@21.0.5/java.lang.Thread.runWith(Thread.java:1596)
        at java.base@21.0.5/java.lang.Thread.run(Thread.java:1583)
"02fc1759-725d-47af-8349-873c9c5c9167-DatanodeStateMachineDaemonThread" daemon prio=5 tid=597 timed_waiting
java.lang.Thread.State: TIMED_WAITING
        at java.base@21.0.5/java.lang.Thread.sleep0(Native Method)
        at java.base@21.0.5/java.lang.Thread.sleep(Thread.java:509)
        at app//org.apache.hadoop.ozone.container.common.statemachine.DatanodeStateMachine.startStateMachineThread(DatanodeStateMachine.java:358)
        at app//org.apache.hadoop.ozone.container.common.statemachine.DatanodeStateMachine.lambda$startDaemon$1(DatanodeStateMachine.java:544)
        at app//org.apache.hadoop.ozone.container.common.statemachine.DatanodeStateMachine$$Lambda/0x00007fd9cc7d49d8.run(Unknown Source)
        at java.base@21.0.5/java.lang.Thread.runWith(Thread.java:1596)
        at java.base@21.0.5/java.lang.Thread.run(Thread.java:1583)
"IPC Server handler 40 on default port 15001" daemon prio=5 tid=254 timed_waiting
java.lang.Thread.State: TIMED_WAITING
        at java.base@21.0.5/jdk.internal.misc.Unsafe.park(Native Method)
        at java.base@21.0.5/java.util.concurrent.locks.LockSupport.parkNanos(LockSupport.java:269)
        at java.base@21.0.5/java.util.concurrent.locks.AbstractQueuedSynchronizer$ConditionObject.awaitNanos(AbstractQueuedSynchronizer.java:1763)
        at java.base@21.0.5/java.util.concurrent.LinkedBlockingQueue.poll(LinkedBlockingQueue.java:460)
        at app//org.apache.hadoop.ipc.CallQueueManager.take(CallQueueManager.java:370)
        at app//org.apache.hadoop.ipc.Server$Handler.run(Server.java:3165)
"Socket Reader #8 for port 15093"  prio=5 tid=1009 runnable
java.lang.Thread.State: RUNNABLE
        at java.base@21.0.5/sun.nio.ch.EPoll.wait(Native Method)
        at java.base@21.0.5/sun.nio.ch.EPollSelectorImpl.doSelect(EPollSelectorImpl.java:121)
        at java.base@21.0.5/sun.nio.ch.SelectorImpl.lockAndDoSelect(SelectorImpl.java:130)
        at java.base@21.0.5/sun.nio.ch.SelectorImpl.select(SelectorImpl.java:147)
        at app//org.apache.hadoop.ipc.Server$Listener$Reader.doRunLoop(Server.java:1497)
        at app//org.apache.hadoop.ipc.Server$Listener$Reader.run(Server.java:1476)
"79978ed1-1a5c-4832-b584-9e2d85f03cd7@group-17ECB58173E6->ac32094a-198b-4072-99dd-552311e88daf-GrpcLogAppender-LogAppenderDaemon" daemon prio=5 tid=2165 timed_waiting
java.lang.Thread.State: TIMED_WAITING
        at java.base@21.0.5/jdk.internal.misc.Unsafe.park(Native Method)
        at java.base@21.0.5/java.util.concurrent.locks.LockSupport.parkNanos(LockSupport.java:269)
        at java.base@21.0.5/java.util.concurrent.locks.AbstractQueuedSynchronizer$ConditionObject.await(AbstractQueuedSynchronizer.java:1852)
        at app//org.apache.ratis.util.AwaitForSignal.await(AwaitForSignal.java:65)
        at app//org.apache.ratis.grpc.server.GrpcLogAppender.mayWait(GrpcLogAppender.java:290)
        at app//org.apache.ratis.grpc.server.GrpcLogAppender.run(GrpcLogAppender.java:258)
        at app//org.apache.ratis.server.leader.LogAppenderDaemon.run(LogAppenderDaemon.java:80)
        at app//org.apache.ratis.server.leader.LogAppenderDaemon$$Lambda/0x00007fd9cc91b588.run(Unknown Source)
        at java.base@21.0.5/java.lang.Thread.runWith(Thread.java:1596)
        at java.base@21.0.5/java.lang.Thread.run(Thread.java:1583)
"02fc1759-725d-47af-8349-873c9c5c9167@group-69B381BA0E06-LeaderStateImpl" daemon prio=5 tid=1823 timed_waiting
java.lang.Thread.State: TIMED_WAITING
        at java.base@21.0.5/jdk.internal.misc.Unsafe.park(Native Method)
        at java.base@21.0.5/java.util.concurrent.locks.LockSupport.parkNanos(LockSupport.java:269)
        at java.base@21.0.5/java.util.concurrent.locks.AbstractQueuedSynchronizer$ConditionObject.awaitNanos(AbstractQueuedSynchronizer.java:1763)
        at java.base@21.0.5/java.util.concurrent.ArrayBlockingQueue.poll(ArrayBlockingQueue.java:435)
        at app//org.apache.ratis.server.impl.LeaderStateImpl$EventQueue.poll(LeaderStateImpl.java:164)
        at app//org.apache.ratis.server.impl.LeaderStateImpl$EventProcessor.run(LeaderStateImpl.java:763)
"IPC Server handler 77 on default port 15001" daemon prio=5 tid=291 timed_waiting
java.lang.Thread.State: TIMED_WAITING
        at java.base@21.0.5/jdk.internal.misc.Unsafe.park(Native Method)
        at java.base@21.0.5/java.util.concurrent.locks.LockSupport.parkNanos(LockSupport.java:269)
        at java.base@21.0.5/java.util.concurrent.locks.AbstractQueuedSynchronizer$ConditionObject.awaitNanos(AbstractQueuedSynchronizer.java:1763)
        at java.base@21.0.5/java.util.concurrent.LinkedBlockingQueue.poll(LinkedBlockingQueue.java:460)
        at app//org.apache.hadoop.ipc.CallQueueManager.take(CallQueueManager.java:370)
        at app//org.apache.hadoop.ipc.Server$Handler.run(Server.java:3165)
"4b5ea8a3-88a5-4114-908f-7a85f39bc1cb-ChunkWriter-1-0" daemon prio=5 tid=1041 in Object.wait()
java.lang.Thread.State: WAITING (on object monitor)
        at java.base@21.0.5/jdk.internal.misc.Unsafe.park(Native Method)
        at java.base@21.0.5/java.util.concurrent.locks.LockSupport.park(LockSupport.java:371)
        at java.base@21.0.5/java.util.concurrent.locks.AbstractQueuedSynchronizer$ConditionNode.block(AbstractQueuedSynchronizer.java:519)
        at java.base@21.0.5/java.util.concurrent.ForkJoinPool.unmanagedBlock(ForkJoinPool.java:3780)
        at java.base@21.0.5/java.util.concurrent.ForkJoinPool.managedBlock(ForkJoinPool.java:3725)
        at java.base@21.0.5/java.util.concurrent.locks.AbstractQueuedSynchronizer$ConditionObject.await(AbstractQueuedSynchronizer.java:1712)
        at java.base@21.0.5/java.util.concurrent.LinkedBlockingDeque.takeFirst(LinkedBlockingDeque.java:485)
        at java.base@21.0.5/java.util.concurrent.LinkedBlockingDeque.take(LinkedBlockingDeque.java:673)
        at java.base@21.0.5/java.util.concurrent.ThreadPoolExecutor.getTask(ThreadPoolExecutor.java:1070)
        at java.base@21.0.5/java.util.concurrent.ThreadPoolExecutor.runWorker(ThreadPoolExecutor.java:1130)
        at java.base@21.0.5/java.util.concurrent.ThreadPoolExecutor$Worker.run(ThreadPoolExecutor.java:642)
        at java.base@21.0.5/java.lang.Thread.runWith(Thread.java:1596)
        at java.base@21.0.5/java.lang.Thread.run(Thread.java:1583)
"02fc1759-725d-47af-8349-873c9c5c9167@group-69B381BA0E06-cacheEviction-AwaitToRun" daemon prio=5 tid=1206 in Object.wait()
java.lang.Thread.State: WAITING (on object monitor)
        at java.base@21.0.5/jdk.internal.misc.Unsafe.park(Native Method)
        at java.base@21.0.5/java.util.concurrent.locks.LockSupport.park(LockSupport.java:371)
        at java.base@21.0.5/java.util.concurrent.locks.AbstractQueuedSynchronizer$ConditionNode.block(AbstractQueuedSynchronizer.java:519)
        at java.base@21.0.5/java.util.concurrent.ForkJoinPool.unmanagedBlock(ForkJoinPool.java:3780)
        at java.base@21.0.5/java.util.concurrent.ForkJoinPool.managedBlock(ForkJoinPool.java:3725)
        at java.base@21.0.5/java.util.concurrent.locks.AbstractQueuedSynchronizer$ConditionObject.await(AbstractQueuedSynchronizer.java:1712)
        at app//org.apache.ratis.util.AwaitForSignal.await(AwaitForSignal.java:48)
        at app//org.apache.ratis.util.AwaitToRun$RunnableImpl.run(AwaitToRun.java:47)
        at java.base@21.0.5/java.lang.Thread.runWith(Thread.java:1596)
        at java.base@21.0.5/java.lang.Thread.run(Thread.java:1583)
"IPC Server handler 7 on default port 15001" daemon prio=5 tid=221 timed_waiting
java.lang.Thread.State: TIMED_WAITING
        at java.base@21.0.5/jdk.internal.misc.Unsafe.park(Native Method)
        at java.base@21.0.5/java.util.concurrent.locks.LockSupport.parkNanos(LockSupport.java:269)
        at java.base@21.0.5/java.util.concurrent.locks.AbstractQueuedSynchronizer$ConditionObject.awaitNanos(AbstractQueuedSynchronizer.java:1763)
        at java.base@21.0.5/java.util.concurrent.LinkedBlockingQueue.poll(LinkedBlockingQueue.java:460)
        at app//org.apache.hadoop.ipc.CallQueueManager.take(CallQueueManager.java:370)
        at app//org.apache.hadoop.ipc.Server$Handler.run(Server.java:3165)
"eca5a246-1f8f-493f-b50d-7eee1f2fec76@group-66FA7163FB5C-cacheEviction-AwaitToRun" daemon prio=5 tid=1415 in Object.wait()
java.lang.Thread.State: WAITING (on object monitor)
        at java.base@21.0.5/jdk.internal.misc.Unsafe.park(Native Method)
        at java.base@21.0.5/java.util.concurrent.locks.LockSupport.park(LockSupport.java:371)
        at java.base@21.0.5/java.util.concurrent.locks.AbstractQueuedSynchronizer$ConditionNode.block(AbstractQueuedSynchronizer.java:519)
        at java.base@21.0.5/java.util.concurrent.ForkJoinPool.unmanagedBlock(ForkJoinPool.java:3780)
        at java.base@21.0.5/java.util.concurrent.ForkJoinPool.managedBlock(ForkJoinPool.java:3725)
        at java.base@21.0.5/java.util.concurrent.locks.AbstractQueuedSynchronizer$ConditionObject.await(AbstractQueuedSynchronizer.java:1712)
        at app//org.apache.ratis.util.AwaitForSignal.await(AwaitForSignal.java:48)
        at app//org.apache.ratis.util.AwaitToRun$RunnableImpl.run(AwaitToRun.java:47)
        at java.base@21.0.5/java.lang.Thread.runWith(Thread.java:1596)
        at java.base@21.0.5/java.lang.Thread.run(Thread.java:1583)
"IPC Server handler 0 on default port 15000" daemon prio=5 tid=114 timed_waiting
java.lang.Thread.State: TIMED_WAITING
        at java.base@21.0.5/jdk.internal.misc.Unsafe.park(Native Method)
        at java.base@21.0.5/java.util.concurrent.locks.LockSupport.parkNanos(LockSupport.java:269)
        at java.base@21.0.5/java.util.concurrent.locks.AbstractQueuedSynchronizer$ConditionObject.awaitNanos(AbstractQueuedSynchronizer.java:1763)
        at java.base@21.0.5/java.util.concurrent.LinkedBlockingQueue.poll(LinkedBlockingQueue.java:460)
        at app//org.apache.hadoop.ipc.CallQueueManager.take(CallQueueManager.java:370)
        at app//org.apache.hadoop.ipc.Server$Handler.run(Server.java:3165)
"751e45cc-852a-454f-97c8-e80f2befe6f4@group-33E612B207F7-StateMachineUpdater" daemon prio=5 tid=1298 timed_waiting
java.lang.Thread.State: TIMED_WAITING
        at java.base@21.0.5/jdk.internal.misc.Unsafe.park(Native Method)
        at java.base@21.0.5/java.util.concurrent.locks.LockSupport.parkNanos(LockSupport.java:269)
        at java.base@21.0.5/java.util.concurrent.locks.AbstractQueuedSynchronizer$ConditionObject.await(AbstractQueuedSynchronizer.java:1852)
        at app//org.apache.ratis.util.AwaitForSignal.await(AwaitForSignal.java:65)
        at app//org.apache.ratis.server.impl.StateMachineUpdater.waitForCommit(StateMachineUpdater.java:219)
        at app//org.apache.ratis.server.impl.StateMachineUpdater.run(StateMachineUpdater.java:187)
        at java.base@21.0.5/java.lang.Thread.runWith(Thread.java:1596)
        at java.base@21.0.5/java.lang.Thread.run(Thread.java:1583)
"IPC Server handler 11 on default port 15000" daemon prio=5 tid=125 timed_waiting
java.lang.Thread.State: TIMED_WAITING
        at java.base@21.0.5/jdk.internal.misc.Unsafe.park(Native Method)
        at java.base@21.0.5/java.util.concurrent.locks.LockSupport.parkNanos(LockSupport.java:269)
        at java.base@21.0.5/java.util.concurrent.locks.AbstractQueuedSynchronizer$ConditionObject.awaitNanos(AbstractQueuedSynchronizer.java:1763)
        at java.base@21.0.5/java.util.concurrent.LinkedBlockingQueue.poll(LinkedBlockingQueue.java:460)
        at app//org.apache.hadoop.ipc.CallQueueManager.take(CallQueueManager.java:370)
        at app//org.apache.hadoop.ipc.Server$Handler.run(Server.java:3165)
"IPC Server handler 61 on default port 15001" daemon prio=5 tid=275 timed_waiting
java.lang.Thread.State: TIMED_WAITING
        at java.base@21.0.5/jdk.internal.misc.Unsafe.park(Native Method)
        at java.base@21.0.5/java.util.concurrent.locks.LockSupport.parkNanos(LockSupport.java:269)
        at java.base@21.0.5/java.util.concurrent.locks.AbstractQueuedSynchronizer$ConditionObject.awaitNanos(AbstractQueuedSynchronizer.java:1763)
        at java.base@21.0.5/java.util.concurrent.LinkedBlockingQueue.poll(LinkedBlockingQueue.java:460)
        at app//org.apache.hadoop.ipc.CallQueueManager.take(CallQueueManager.java:370)
        at app//org.apache.hadoop.ipc.Server$Handler.run(Server.java:3165)
"4b5ea8a3-88a5-4114-908f-7a85f39bc1cb-server-thread1" daemon prio=5 tid=2674 timed_waiting
java.lang.Thread.State: TIMED_WAITING
        at java.base@21.0.5/jdk.internal.misc.Unsafe.park(Native Method)
        at java.base@21.0.5/java.util.concurrent.locks.LockSupport.parkNanos(LockSupport.java:410)
        at java.base@21.0.5/java.util.concurrent.LinkedTransferQueue$DualNode.await(LinkedTransferQueue.java:452)
        at java.base@21.0.5/java.util.concurrent.SynchronousQueue$Transferer.xferLifo(SynchronousQueue.java:194)
        at java.base@21.0.5/java.util.concurrent.SynchronousQueue.xfer(SynchronousQueue.java:235)
        at java.base@21.0.5/java.util.concurrent.SynchronousQueue.poll(SynchronousQueue.java:338)
        at java.base@21.0.5/java.util.concurrent.ThreadPoolExecutor.getTask(ThreadPoolExecutor.java:1069)
        at java.base@21.0.5/java.util.concurrent.ThreadPoolExecutor.runWorker(ThreadPoolExecutor.java:1130)
        at java.base@21.0.5/java.util.concurrent.ThreadPoolExecutor$Worker.run(ThreadPoolExecutor.java:642)
        at java.base@21.0.5/java.lang.Thread.runWith(Thread.java:1596)
        at java.base@21.0.5/java.lang.Thread.run(Thread.java:1583)
"4b5ea8a3-88a5-4114-908f-7a85f39bc1cb-DatanodeStateMachineTaskThread-1"  prio=5 tid=1032 in Object.wait()
java.lang.Thread.State: WAITING (on object monitor)
        at java.base@21.0.5/jdk.internal.misc.Unsafe.park(Native Method)
        at java.base@21.0.5/java.util.concurrent.locks.LockSupport.park(LockSupport.java:371)
        at java.base@21.0.5/java.util.concurrent.locks.AbstractQueuedSynchronizer$ConditionNode.block(AbstractQueuedSynchronizer.java:519)
        at java.base@21.0.5/java.util.concurrent.ForkJoinPool.unmanagedBlock(ForkJoinPool.java:3780)
        at java.base@21.0.5/java.util.concurrent.ForkJoinPool.managedBlock(ForkJoinPool.java:3725)
        at java.base@21.0.5/java.util.concurrent.locks.AbstractQueuedSynchronizer$ConditionObject.await(AbstractQueuedSynchronizer.java:1712)
        at java.base@21.0.5/java.util.concurrent.LinkedBlockingQueue.take(LinkedBlockingQueue.java:435)
        at java.base@21.0.5/java.util.concurrent.ThreadPoolExecutor.getTask(ThreadPoolExecutor.java:1070)
        at java.base@21.0.5/java.util.concurrent.ThreadPoolExecutor.runWorker(ThreadPoolExecutor.java:1130)
        at java.base@21.0.5/java.util.concurrent.ThreadPoolExecutor$Worker.run(ThreadPoolExecutor.java:642)
        at java.base@21.0.5/java.lang.Thread.runWith(Thread.java:1596)
        at java.base@21.0.5/java.lang.Thread.run(Thread.java:1583)
"IPC Server handler 28 on default port 15001" daemon prio=5 tid=242 timed_waiting
java.lang.Thread.State: TIMED_WAITING
        at java.base@21.0.5/jdk.internal.misc.Unsafe.park(Native Method)
        at java.base@21.0.5/java.util.concurrent.locks.LockSupport.parkNanos(LockSupport.java:269)
        at java.base@21.0.5/java.util.concurrent.locks.AbstractQueuedSynchronizer$ConditionObject.awaitNanos(AbstractQueuedSynchronizer.java:1763)
        at java.base@21.0.5/java.util.concurrent.LinkedBlockingQueue.poll(LinkedBlockingQueue.java:460)
        at app//org.apache.hadoop.ipc.CallQueueManager.take(CallQueueManager.java:370)
        at app//org.apache.hadoop.ipc.Server$Handler.run(Server.java:3165)
"02fc1759-725d-47af-8349-873c9c5c9167@group-63946492C14B-StateMachineUpdater" daemon prio=5 tid=1198 timed_waiting
java.lang.Thread.State: TIMED_WAITING
        at java.base@21.0.5/jdk.internal.misc.Unsafe.park(Native Method)
        at java.base@21.0.5/java.util.concurrent.locks.LockSupport.parkNanos(LockSupport.java:269)
        at java.base@21.0.5/java.util.concurrent.locks.AbstractQueuedSynchronizer$ConditionObject.await(AbstractQueuedSynchronizer.java:1852)
        at app//org.apache.ratis.util.AwaitForSignal.await(AwaitForSignal.java:65)
        at app//org.apache.ratis.server.impl.StateMachineUpdater.waitForCommit(StateMachineUpdater.java:219)
        at app//org.apache.ratis.server.impl.StateMachineUpdater.run(StateMachineUpdater.java:187)
        at java.base@21.0.5/java.lang.Thread.runWith(Thread.java:1596)
        at java.base@21.0.5/java.lang.Thread.run(Thread.java:1583)
"3296053d-9d54-4057-a6a8-67c4b6ec6587-ec-reconstruct-reader-TID-0"  prio=5 tid=2455 in Object.wait()
java.lang.Thread.State: WAITING (on object monitor)
        at java.base@21.0.5/jdk.internal.misc.Unsafe.park(Native Method)
        at java.base@21.0.5/java.util.concurrent.locks.LockSupport.park(LockSupport.java:371)
        at java.base@21.0.5/java.util.concurrent.LinkedTransferQueue$DualNode.await(LinkedTransferQueue.java:458)
        at java.base@21.0.5/java.util.concurrent.SynchronousQueue$Transferer.xferLifo(SynchronousQueue.java:194)
        at java.base@21.0.5/java.util.concurrent.SynchronousQueue.xfer(SynchronousQueue.java:235)
        at java.base@21.0.5/java.util.concurrent.SynchronousQueue.take(SynchronousQueue.java:318)
        at java.base@21.0.5/java.util.concurrent.ThreadPoolExecutor.getTask(ThreadPoolExecutor.java:1070)
        at java.base@21.0.5/java.util.concurrent.ThreadPoolExecutor.runWorker(ThreadPoolExecutor.java:1130)
        at java.base@21.0.5/java.util.concurrent.ThreadPoolExecutor$Worker.run(ThreadPoolExecutor.java:642)
        at java.base@21.0.5/java.lang.Thread.runWith(Thread.java:1596)
        at java.base@21.0.5/java.lang.Thread.run(Thread.java:1583)
"pool-187-thread-1"  prio=5 tid=703 timed_waiting
java.lang.Thread.State: TIMED_WAITING
        at java.base@21.0.5/jdk.internal.misc.Unsafe.park(Native Method)
        at java.base@21.0.5/java.util.concurrent.locks.LockSupport.parkNanos(LockSupport.java:269)
        at java.base@21.0.5/java.util.concurrent.locks.AbstractQueuedSynchronizer$ConditionObject.awaitNanos(AbstractQueuedSynchronizer.java:1763)
        at java.base@21.0.5/java.util.concurrent.ScheduledThreadPoolExecutor$DelayedWorkQueue.take(ScheduledThreadPoolExecutor.java:1182)
        at java.base@21.0.5/java.util.concurrent.ScheduledThreadPoolExecutor$DelayedWorkQueue.take(ScheduledThreadPoolExecutor.java:899)
        at java.base@21.0.5/java.util.concurrent.ThreadPoolExecutor.getTask(ThreadPoolExecutor.java:1070)
        at java.base@21.0.5/java.util.concurrent.ThreadPoolExecutor.runWorker(ThreadPoolExecutor.java:1130)
        at java.base@21.0.5/java.util.concurrent.ThreadPoolExecutor$Worker.run(ThreadPoolExecutor.java:642)
        at java.base@21.0.5/java.lang.Thread.runWith(Thread.java:1596)
        at java.base@21.0.5/java.lang.Thread.run(Thread.java:1583)
"02fc1759-725d-47af-8349-873c9c5c9167-PipelineCommandHandlerThread-0"  prio=5 tid=1190 in Object.wait()
java.lang.Thread.State: WAITING (on object monitor)
        at java.base@21.0.5/jdk.internal.misc.Unsafe.park(Native Method)
        at java.base@21.0.5/java.util.concurrent.locks.LockSupport.park(LockSupport.java:371)
        at java.base@21.0.5/java.util.concurrent.locks.AbstractQueuedSynchronizer$ConditionNode.block(AbstractQueuedSynchronizer.java:519)
        at java.base@21.0.5/java.util.concurrent.ForkJoinPool.unmanagedBlock(ForkJoinPool.java:3780)
        at java.base@21.0.5/java.util.concurrent.ForkJoinPool.managedBlock(ForkJoinPool.java:3725)
        at java.base@21.0.5/java.util.concurrent.locks.AbstractQueuedSynchronizer$ConditionObject.await(AbstractQueuedSynchronizer.java:1712)
        at java.base@21.0.5/java.util.concurrent.LinkedBlockingQueue.take(LinkedBlockingQueue.java:435)
        at java.base@21.0.5/java.util.concurrent.ThreadPoolExecutor.getTask(ThreadPoolExecutor.java:1070)
        at java.base@21.0.5/java.util.concurrent.ThreadPoolExecutor.runWorker(ThreadPoolExecutor.java:1130)
        at java.base@21.0.5/java.util.concurrent.ThreadPoolExecutor$Worker.run(ThreadPoolExecutor.java:642)
        at java.base@21.0.5/java.lang.Thread.runWith(Thread.java:1596)
        at java.base@21.0.5/java.lang.Thread.run(Thread.java:1583)
"IPC Server handler 54 on default port 15002" daemon prio=5 tid=386 timed_waiting
java.lang.Thread.State: TIMED_WAITING
        at java.base@21.0.5/jdk.internal.misc.Unsafe.park(Native Method)
        at java.base@21.0.5/java.util.concurrent.locks.LockSupport.parkNanos(LockSupport.java:269)
        at java.base@21.0.5/java.util.concurrent.locks.AbstractQueuedSynchronizer$ConditionObject.awaitNanos(AbstractQueuedSynchronizer.java:1763)
        at java.base@21.0.5/java.util.concurrent.LinkedBlockingQueue.poll(LinkedBlockingQueue.java:460)
        at app//org.apache.hadoop.ipc.CallQueueManager.take(CallQueueManager.java:370)
        at app//org.apache.hadoop.ipc.Server$Handler.run(Server.java:3165)
"751e45cc-852a-454f-97c8-e80f2befe6f4@group-1249EE10DFDC-StateMachineUpdater" daemon prio=5 tid=1459 timed_waiting
java.lang.Thread.State: TIMED_WAITING
        at java.base@21.0.5/jdk.internal.misc.Unsafe.park(Native Method)
        at java.base@21.0.5/java.util.concurrent.locks.LockSupport.parkNanos(LockSupport.java:269)
        at java.base@21.0.5/java.util.concurrent.locks.AbstractQueuedSynchronizer$ConditionObject.await(AbstractQueuedSynchronizer.java:1852)
        at app//org.apache.ratis.util.AwaitForSignal.await(AwaitForSignal.java:65)
        at app//org.apache.ratis.server.impl.StateMachineUpdater.waitForCommit(StateMachineUpdater.java:219)
        at app//org.apache.ratis.server.impl.StateMachineUpdater.run(StateMachineUpdater.java:187)
        at java.base@21.0.5/java.lang.Thread.runWith(Thread.java:1596)
        at java.base@21.0.5/java.lang.Thread.run(Thread.java:1583)
"IPC Server handler 7 on default port 15012" daemon prio=5 tid=548 timed_waiting
java.lang.Thread.State: TIMED_WAITING
        at java.base@21.0.5/jdk.internal.misc.Unsafe.park(Native Method)
        at java.base@21.0.5/java.util.concurrent.locks.LockSupport.parkNanos(LockSupport.java:269)
        at java.base@21.0.5/java.util.concurrent.locks.AbstractQueuedSynchronizer$ConditionObject.awaitNanos(AbstractQueuedSynchronizer.java:1763)
        at java.base@21.0.5/java.util.concurrent.LinkedBlockingQueue.poll(LinkedBlockingQueue.java:460)
        at app//org.apache.hadoop.ipc.CallQueueManager.take(CallQueueManager.java:370)
        at app//org.apache.hadoop.ipc.Server$Handler.run(Server.java:3165)
"79978ed1-1a5c-4832-b584-9e2d85f03cd7@group-17ECB58173E6-SegmentedRaftLogWorker"  prio=5 tid=1484 timed_waiting
java.lang.Thread.State: TIMED_WAITING
        at java.base@21.0.5/jdk.internal.misc.Unsafe.park(Native Method)
        at java.base@21.0.5/java.util.concurrent.locks.LockSupport.parkNanos(LockSupport.java:269)
        at java.base@21.0.5/java.util.concurrent.locks.AbstractQueuedSynchronizer$ConditionObject.awaitNanos(AbstractQueuedSynchronizer.java:1763)
        at app//org.apache.ratis.util.DataBlockingQueue.poll(DataBlockingQueue.java:148)
        at app//org.apache.ratis.server.raftlog.segmented.SegmentedRaftLogWorker.run(SegmentedRaftLogWorker.java:307)
        at app//org.apache.ratis.server.raftlog.segmented.SegmentedRaftLogWorker$$Lambda/0x00007fd9cc334298.run(Unknown Source)
        at java.base@21.0.5/java.util.concurrent.Executors$RunnableAdapter.call(Executors.java:572)
        at java.base@21.0.5/java.util.concurrent.FutureTask.run(FutureTask.java:317)
        at java.base@21.0.5/java.util.concurrent.ThreadPoolExecutor.runWorker(ThreadPoolExecutor.java:1144)
        at java.base@21.0.5/java.util.concurrent.ThreadPoolExecutor$Worker.run(ThreadPoolExecutor.java:642)
        at java.base@21.0.5/java.lang.Thread.runWith(Thread.java:1596)
        at java.base@21.0.5/java.lang.Thread.run(Thread.java:1583)
"qtp547643943-318" daemon prio=5 tid=318 runnable
java.lang.Thread.State: RUNNABLE
        at java.base@21.0.5/sun.nio.ch.EPoll.wait(Native Method)
        at java.base@21.0.5/sun.nio.ch.EPollSelectorImpl.doSelect(EPollSelectorImpl.java:121)
        at java.base@21.0.5/sun.nio.ch.SelectorImpl.lockAndDoSelect(SelectorImpl.java:130)
        at java.base@21.0.5/sun.nio.ch.SelectorImpl.select(SelectorImpl.java:147)
        at app//org.eclipse.jetty.io.ManagedSelector.nioSelect(ManagedSelector.java:183)
        at app//org.eclipse.jetty.io.ManagedSelector.select(ManagedSelector.java:190)
        at app//org.eclipse.jetty.io.ManagedSelector$SelectorProducer.select(ManagedSelector.java:606)
        at app//org.eclipse.jetty.io.ManagedSelector$SelectorProducer.produce(ManagedSelector.java:543)
        at app//org.eclipse.jetty.util.thread.strategy.EatWhatYouKill.produceTask(EatWhatYouKill.java:362)
        at app//org.eclipse.jetty.util.thread.strategy.EatWhatYouKill.doProduce(EatWhatYouKill.java:186)
        at app//org.eclipse.jetty.util.thread.strategy.EatWhatYouKill.tryProduce(EatWhatYouKill.java:173)
        at app//org.eclipse.jetty.util.thread.strategy.EatWhatYouKill.produce(EatWhatYouKill.java:137)
        at app//org.eclipse.jetty.io.ManagedSelector$$Lambda/0x00007fd9cc65d0d0.run(Unknown Source)
        at app//org.eclipse.jetty.util.thread.QueuedThreadPool.runJob(QueuedThreadPool.java:883)
        at app//org.eclipse.jetty.util.thread.QueuedThreadPool$Runner.run(QueuedThreadPool.java:1034)
        at java.base@21.0.5/java.lang.Thread.runWith(Thread.java:1596)
        at java.base@21.0.5/java.lang.Thread.run(Thread.java:1583)
"751e45cc-852a-454f-97c8-e80f2befe6f4-BlockDeletingService#1" daemon prio=5 tid=1085 in Object.wait()
java.lang.Thread.State: WAITING (on object monitor)
        at java.base@21.0.5/jdk.internal.misc.Unsafe.park(Native Method)
        at java.base@21.0.5/java.util.concurrent.locks.LockSupport.park(LockSupport.java:371)
        at java.base@21.0.5/java.util.concurrent.locks.AbstractQueuedSynchronizer$ConditionNode.block(AbstractQueuedSynchronizer.java:519)
        at java.base@21.0.5/java.util.concurrent.ForkJoinPool.unmanagedBlock(ForkJoinPool.java:3780)
        at java.base@21.0.5/java.util.concurrent.ForkJoinPool.managedBlock(ForkJoinPool.java:3725)
        at java.base@21.0.5/java.util.concurrent.locks.AbstractQueuedSynchronizer$ConditionObject.await(AbstractQueuedSynchronizer.java:1712)
        at java.base@21.0.5/java.util.concurrent.ScheduledThreadPoolExecutor$DelayedWorkQueue.take(ScheduledThreadPoolExecutor.java:1177)
        at java.base@21.0.5/java.util.concurrent.ScheduledThreadPoolExecutor$DelayedWorkQueue.take(ScheduledThreadPoolExecutor.java:899)
        at java.base@21.0.5/java.util.concurrent.ThreadPoolExecutor.getTask(ThreadPoolExecutor.java:1070)
        at java.base@21.0.5/java.util.concurrent.ThreadPoolExecutor.runWorker(ThreadPoolExecutor.java:1130)
        at java.base@21.0.5/java.util.concurrent.ThreadPoolExecutor$Worker.run(ThreadPoolExecutor.java:642)
        at java.base@21.0.5/java.lang.Thread.runWith(Thread.java:1596)
        at java.base@21.0.5/java.lang.Thread.run(Thread.java:1583)
"EventQueue-CloseContainerForCloseContainerEventHandler" daemon prio=5 tid=2406 in Object.wait()
java.lang.Thread.State: WAITING (on object monitor)
        at java.base@21.0.5/jdk.internal.misc.Unsafe.park(Native Method)
        at java.base@21.0.5/java.util.concurrent.locks.LockSupport.park(LockSupport.java:371)
        at java.base@21.0.5/java.util.concurrent.locks.AbstractQueuedSynchronizer$ConditionNode.block(AbstractQueuedSynchronizer.java:519)
        at java.base@21.0.5/java.util.concurrent.ForkJoinPool.unmanagedBlock(ForkJoinPool.java:3780)
        at java.base@21.0.5/java.util.concurrent.ForkJoinPool.managedBlock(ForkJoinPool.java:3725)
        at java.base@21.0.5/java.util.concurrent.locks.AbstractQueuedSynchronizer$ConditionObject.await(AbstractQueuedSynchronizer.java:1712)
        at java.base@21.0.5/java.util.concurrent.LinkedBlockingQueue.take(LinkedBlockingQueue.java:435)
        at java.base@21.0.5/java.util.concurrent.ThreadPoolExecutor.getTask(ThreadPoolExecutor.java:1070)
        at java.base@21.0.5/java.util.concurrent.ThreadPoolExecutor.runWorker(ThreadPoolExecutor.java:1130)
        at java.base@21.0.5/java.util.concurrent.ThreadPoolExecutor$Worker.run(ThreadPoolExecutor.java:642)
        at java.base@21.0.5/java.lang.Thread.runWith(Thread.java:1596)
        at java.base@21.0.5/java.lang.Thread.run(Thread.java:1583)
"02fc1759-725d-47af-8349-873c9c5c9167-server-thread1" daemon prio=5 tid=1911 timed_waiting
java.lang.Thread.State: TIMED_WAITING
        at java.base@21.0.5/jdk.internal.misc.Unsafe.park(Native Method)
        at java.base@21.0.5/java.util.concurrent.locks.LockSupport.parkNanos(LockSupport.java:410)
        at java.base@21.0.5/java.util.concurrent.LinkedTransferQueue$DualNode.await(LinkedTransferQueue.java:452)
        at java.base@21.0.5/java.util.concurrent.SynchronousQueue$Transferer.xferLifo(SynchronousQueue.java:194)
        at java.base@21.0.5/java.util.concurrent.SynchronousQueue.xfer(SynchronousQueue.java:235)
        at java.base@21.0.5/java.util.concurrent.SynchronousQueue.poll(SynchronousQueue.java:338)
        at java.base@21.0.5/java.util.concurrent.ThreadPoolExecutor.getTask(ThreadPoolExecutor.java:1069)
        at java.base@21.0.5/java.util.concurrent.ThreadPoolExecutor.runWorker(ThreadPoolExecutor.java:1130)
        at java.base@21.0.5/java.util.concurrent.ThreadPoolExecutor$Worker.run(ThreadPoolExecutor.java:642)
        at java.base@21.0.5/java.lang.Thread.runWith(Thread.java:1596)
        at java.base@21.0.5/java.lang.Thread.run(Thread.java:1583)
"StaleRecoveringContainerScrubbingService#0" daemon prio=5 tid=2573 in Object.wait()
java.lang.Thread.State: WAITING (on object monitor)
        at java.base@21.0.5/jdk.internal.misc.Unsafe.park(Native Method)
        at java.base@21.0.5/java.util.concurrent.locks.LockSupport.park(LockSupport.java:371)
        at java.base@21.0.5/java.util.concurrent.locks.AbstractQueuedSynchronizer$ConditionNode.block(AbstractQueuedSynchronizer.java:519)
        at java.base@21.0.5/java.util.concurrent.ForkJoinPool.unmanagedBlock(ForkJoinPool.java:3780)
        at java.base@21.0.5/java.util.concurrent.ForkJoinPool.managedBlock(ForkJoinPool.java:3725)
        at java.base@21.0.5/java.util.concurrent.locks.AbstractQueuedSynchronizer$ConditionObject.await(AbstractQueuedSynchronizer.java:1712)
        at java.base@21.0.5/java.util.concurrent.ScheduledThreadPoolExecutor$DelayedWorkQueue.take(ScheduledThreadPoolExecutor.java:1177)
        at java.base@21.0.5/java.util.concurrent.ScheduledThreadPoolExecutor$DelayedWorkQueue.take(ScheduledThreadPoolExecutor.java:899)
        at java.base@21.0.5/java.util.concurrent.ThreadPoolExecutor.getTask(ThreadPoolExecutor.java:1070)
        at java.base@21.0.5/java.util.concurrent.ThreadPoolExecutor.runWorker(ThreadPoolExecutor.java:1130)
        at java.base@21.0.5/java.util.concurrent.ThreadPoolExecutor$Worker.run(ThreadPoolExecutor.java:642)
        at java.base@21.0.5/java.lang.Thread.runWith(Thread.java:1596)
        at java.base@21.0.5/java.lang.Thread.run(Thread.java:1583)
"IPC Server handler 99 on default port 15002" daemon prio=5 tid=431 timed_waiting
java.lang.Thread.State: TIMED_WAITING
        at java.base@21.0.5/jdk.internal.misc.Unsafe.park(Native Method)
        at java.base@21.0.5/java.util.concurrent.locks.LockSupport.parkNanos(LockSupport.java:269)
        at java.base@21.0.5/java.util.concurrent.locks.AbstractQueuedSynchronizer$ConditionObject.awaitNanos(AbstractQueuedSynchronizer.java:1763)
        at java.base@21.0.5/java.util.concurrent.LinkedBlockingQueue.poll(LinkedBlockingQueue.java:460)
        at app//org.apache.hadoop.ipc.CallQueueManager.take(CallQueueManager.java:370)
        at app//org.apache.hadoop.ipc.Server$Handler.run(Server.java:3165)
"om1-SnapshotDiffCleanupService#0" daemon prio=5 tid=436 timed_waiting
java.lang.Thread.State: TIMED_WAITING
        at java.base@21.0.5/jdk.internal.misc.Unsafe.park(Native Method)
        at java.base@21.0.5/java.util.concurrent.locks.LockSupport.parkNanos(LockSupport.java:269)
        at java.base@21.0.5/java.util.concurrent.locks.AbstractQueuedSynchronizer$ConditionObject.awaitNanos(AbstractQueuedSynchronizer.java:1763)
        at java.base@21.0.5/java.util.concurrent.ScheduledThreadPoolExecutor$DelayedWorkQueue.take(ScheduledThreadPoolExecutor.java:1182)
        at java.base@21.0.5/java.util.concurrent.ScheduledThreadPoolExecutor$DelayedWorkQueue.take(ScheduledThreadPoolExecutor.java:899)
        at java.base@21.0.5/java.util.concurrent.ThreadPoolExecutor.getTask(ThreadPoolExecutor.java:1070)
        at java.base@21.0.5/java.util.concurrent.ThreadPoolExecutor.runWorker(ThreadPoolExecutor.java:1130)
        at java.base@21.0.5/java.util.concurrent.ThreadPoolExecutor$Worker.run(ThreadPoolExecutor.java:642)
        at java.base@21.0.5/java.lang.Thread.runWith(Thread.java:1596)
        at java.base@21.0.5/java.lang.Thread.run(Thread.java:1583)
"79978ed1-1a5c-4832-b584-9e2d85f03cd7@group-AD7877671860-LeaderStateImpl" daemon prio=5 tid=1836 timed_waiting
java.lang.Thread.State: TIMED_WAITING
        at java.base@21.0.5/jdk.internal.misc.Unsafe.park(Native Method)
        at java.base@21.0.5/java.util.concurrent.locks.LockSupport.parkNanos(LockSupport.java:269)
        at java.base@21.0.5/java.util.concurrent.locks.AbstractQueuedSynchronizer$ConditionObject.awaitNanos(AbstractQueuedSynchronizer.java:1763)
        at java.base@21.0.5/java.util.concurrent.ArrayBlockingQueue.poll(ArrayBlockingQueue.java:435)
        at app//org.apache.ratis.server.impl.LeaderStateImpl$EventQueue.poll(LeaderStateImpl.java:164)
        at app//org.apache.ratis.server.impl.LeaderStateImpl$EventProcessor.run(LeaderStateImpl.java:763)
"4b5ea8a3-88a5-4114-908f-7a85f39bc1cb@group-1CB239B5D031-cacheEviction-AwaitToRun" daemon prio=5 tid=1328 in Object.wait()
java.lang.Thread.State: WAITING (on object monitor)
        at java.base@21.0.5/jdk.internal.misc.Unsafe.park(Native Method)
        at java.base@21.0.5/java.util.concurrent.locks.LockSupport.park(LockSupport.java:371)
        at java.base@21.0.5/java.util.concurrent.locks.AbstractQueuedSynchronizer$ConditionNode.block(AbstractQueuedSynchronizer.java:519)
        at java.base@21.0.5/java.util.concurrent.ForkJoinPool.unmanagedBlock(ForkJoinPool.java:3780)
        at java.base@21.0.5/java.util.concurrent.ForkJoinPool.managedBlock(ForkJoinPool.java:3725)
        at java.base@21.0.5/java.util.concurrent.locks.AbstractQueuedSynchronizer$ConditionObject.await(AbstractQueuedSynchronizer.java:1712)
        at app//org.apache.ratis.util.AwaitForSignal.await(AwaitForSignal.java:48)
        at app//org.apache.ratis.util.AwaitToRun$RunnableImpl.run(AwaitToRun.java:47)
        at java.base@21.0.5/java.lang.Thread.runWith(Thread.java:1596)
        at java.base@21.0.5/java.lang.Thread.run(Thread.java:1583)
"4b5ea8a3-88a5-4114-908f-7a85f39bc1cb@group-5233A358D31F->3296053d-9d54-4057-a6a8-67c4b6ec6587-GrpcLogAppender-LogAppenderDaemon" daemon prio=5 tid=2363 timed_waiting
java.lang.Thread.State: TIMED_WAITING
        at java.base@21.0.5/jdk.internal.misc.Unsafe.park(Native Method)
        at java.base@21.0.5/java.util.concurrent.locks.LockSupport.parkNanos(LockSupport.java:269)
        at java.base@21.0.5/java.util.concurrent.locks.AbstractQueuedSynchronizer$ConditionObject.await(AbstractQueuedSynchronizer.java:1852)
        at app//org.apache.ratis.util.AwaitForSignal.await(AwaitForSignal.java:65)
        at app//org.apache.ratis.grpc.server.GrpcLogAppender.mayWait(GrpcLogAppender.java:290)
        at app//org.apache.ratis.grpc.server.GrpcLogAppender.run(GrpcLogAppender.java:258)
        at app//org.apache.ratis.server.leader.LogAppenderDaemon.run(LogAppenderDaemon.java:80)
        at app//org.apache.ratis.server.leader.LogAppenderDaemon$$Lambda/0x00007fd9cc91b588.run(Unknown Source)
        at java.base@21.0.5/java.lang.Thread.runWith(Thread.java:1596)
        at java.base@21.0.5/java.lang.Thread.run(Thread.java:1583)
"IPC Server handler 0 on default port 15066" daemon prio=5 tid=819 timed_waiting
java.lang.Thread.State: TIMED_WAITING
        at java.base@21.0.5/jdk.internal.misc.Unsafe.park(Native Method)
        at java.base@21.0.5/java.util.concurrent.locks.LockSupport.parkNanos(LockSupport.java:269)
        at java.base@21.0.5/java.util.concurrent.locks.AbstractQueuedSynchronizer$ConditionObject.awaitNanos(AbstractQueuedSynchronizer.java:1763)
        at java.base@21.0.5/java.util.concurrent.LinkedBlockingQueue.poll(LinkedBlockingQueue.java:460)
        at app//org.apache.hadoop.ipc.CallQueueManager.take(CallQueueManager.java:370)
        at app//org.apache.hadoop.ipc.Server$Handler.run(Server.java:3165)
"IPC Server handler 0 on default port 15001" daemon prio=5 tid=214 timed_waiting
java.lang.Thread.State: TIMED_WAITING
        at java.base@21.0.5/jdk.internal.misc.Unsafe.park(Native Method)
        at java.base@21.0.5/java.util.concurrent.locks.LockSupport.parkNanos(LockSupport.java:269)
        at java.base@21.0.5/java.util.concurrent.locks.AbstractQueuedSynchronizer$ConditionObject.awaitNanos(AbstractQueuedSynchronizer.java:1763)
        at java.base@21.0.5/java.util.concurrent.LinkedBlockingQueue.poll(LinkedBlockingQueue.java:460)
        at app//org.apache.hadoop.ipc.CallQueueManager.take(CallQueueManager.java:370)
        at app//org.apache.hadoop.ipc.Server$Handler.run(Server.java:3165)
"b6b79d51-52d7-4711-a690-06a51533978a-ChunkReader-1" daemon prio=5 tid=2696 in Object.wait()
java.lang.Thread.State: WAITING (on object monitor)
        at java.base@21.0.5/jdk.internal.misc.Unsafe.park(Native Method)
        at java.base@21.0.5/java.util.concurrent.locks.LockSupport.park(LockSupport.java:371)
        at java.base@21.0.5/java.util.concurrent.locks.AbstractQueuedSynchronizer$ConditionNode.block(AbstractQueuedSynchronizer.java:519)
        at java.base@21.0.5/java.util.concurrent.ForkJoinPool.unmanagedBlock(ForkJoinPool.java:3780)
        at java.base@21.0.5/java.util.concurrent.ForkJoinPool.managedBlock(ForkJoinPool.java:3725)
        at java.base@21.0.5/java.util.concurrent.locks.AbstractQueuedSynchronizer$ConditionObject.await(AbstractQueuedSynchronizer.java:1712)
        at java.base@21.0.5/java.util.concurrent.LinkedBlockingQueue.take(LinkedBlockingQueue.java:435)
        at java.base@21.0.5/java.util.concurrent.ThreadPoolExecutor.getTask(ThreadPoolExecutor.java:1070)
        at java.base@21.0.5/java.util.concurrent.ThreadPoolExecutor.runWorker(ThreadPoolExecutor.java:1130)
        at java.base@21.0.5/java.util.concurrent.ThreadPoolExecutor$Worker.run(ThreadPoolExecutor.java:642)
        at java.base@21.0.5/java.lang.Thread.runWith(Thread.java:1596)
        at java.base@21.0.5/java.lang.Thread.run(Thread.java:1583)
"Socket Reader #3 for port 15021"  prio=5 tid=576 runnable
java.lang.Thread.State: RUNNABLE
        at java.base@21.0.5/sun.nio.ch.EPoll.wait(Native Method)
        at java.base@21.0.5/sun.nio.ch.EPollSelectorImpl.doSelect(EPollSelectorImpl.java:121)
        at java.base@21.0.5/sun.nio.ch.SelectorImpl.lockAndDoSelect(SelectorImpl.java:130)
        at java.base@21.0.5/sun.nio.ch.SelectorImpl.select(SelectorImpl.java:147)
        at app//org.apache.hadoop.ipc.Server$Listener$Reader.doRunLoop(Server.java:1497)
        at app//org.apache.hadoop.ipc.Server$Listener$Reader.run(Server.java:1476)
"qtp270478498-485-acceptor-0@7f5cbfac-ServerConnector@68ac7598{HTTP/1.1, (http/1.1)}{0.0.0.0:15007}" daemon prio=3 tid=485 runnable
java.lang.Thread.State: RUNNABLE
        at java.base@21.0.5/sun.nio.ch.Net.accept(Native Method)
        at java.base@21.0.5/sun.nio.ch.ServerSocketChannelImpl.implAccept(ServerSocketChannelImpl.java:433)
        at java.base@21.0.5/sun.nio.ch.ServerSocketChannelImpl.accept(ServerSocketChannelImpl.java:399)
        at app//org.eclipse.jetty.server.ServerConnector.accept(ServerConnector.java:388)
        at app//org.eclipse.jetty.server.AbstractConnector$Acceptor.run(AbstractConnector.java:704)
        at app//org.eclipse.jetty.util.thread.QueuedThreadPool.runJob(QueuedThreadPool.java:883)
        at app//org.eclipse.jetty.util.thread.QueuedThreadPool$Runner.run(QueuedThreadPool.java:1034)
        at java.base@21.0.5/java.lang.Thread.runWith(Thread.java:1596)
        at java.base@21.0.5/java.lang.Thread.run(Thread.java:1583)
"751e45cc-852a-454f-97c8-e80f2befe6f4@group-1249EE10DFDC-SegmentedRaftLogWorker" daemon prio=5 tid=1454 timed_waiting
java.lang.Thread.State: TIMED_WAITING
        at java.base@21.0.5/jdk.internal.misc.Unsafe.park(Native Method)
        at java.base@21.0.5/java.util.concurrent.locks.LockSupport.parkNanos(LockSupport.java:269)
        at java.base@21.0.5/java.util.concurrent.locks.AbstractQueuedSynchronizer$ConditionObject.awaitNanos(AbstractQueuedSynchronizer.java:1763)
        at app//org.apache.ratis.util.DataBlockingQueue.poll(DataBlockingQueue.java:148)
        at app//org.apache.ratis.server.raftlog.segmented.SegmentedRaftLogWorker.run(SegmentedRaftLogWorker.java:307)
        at app//org.apache.ratis.server.raftlog.segmented.SegmentedRaftLogWorker$$Lambda/0x00007fd9cc334298.run(Unknown Source)
        at java.base@21.0.5/java.util.concurrent.Executors$RunnableAdapter.call(Executors.java:572)
        at java.base@21.0.5/java.util.concurrent.FutureTask.run(FutureTask.java:317)
        at java.base@21.0.5/java.util.concurrent.ThreadPoolExecutor.runWorker(ThreadPoolExecutor.java:1144)
        at java.base@21.0.5/java.util.concurrent.ThreadPoolExecutor$Worker.run(ThreadPoolExecutor.java:642)
        at java.base@21.0.5/java.lang.Thread.runWith(Thread.java:1596)
        at java.base@21.0.5/java.lang.Thread.run(Thread.java:1583)
"StaleRecoveringContainerScrubbingService#9" daemon prio=5 tid=2899 in Object.wait()
java.lang.Thread.State: WAITING (on object monitor)
        at java.base@21.0.5/jdk.internal.misc.Unsafe.park(Native Method)
        at java.base@21.0.5/java.util.concurrent.locks.LockSupport.park(LockSupport.java:371)
        at java.base@21.0.5/java.util.concurrent.locks.AbstractQueuedSynchronizer$ConditionNode.block(AbstractQueuedSynchronizer.java:519)
        at java.base@21.0.5/java.util.concurrent.ForkJoinPool.unmanagedBlock(ForkJoinPool.java:3780)
        at java.base@21.0.5/java.util.concurrent.ForkJoinPool.managedBlock(ForkJoinPool.java:3725)
        at java.base@21.0.5/java.util.concurrent.locks.AbstractQueuedSynchronizer$ConditionObject.await(AbstractQueuedSynchronizer.java:1712)
        at java.base@21.0.5/java.util.concurrent.ScheduledThreadPoolExecutor$DelayedWorkQueue.take(ScheduledThreadPoolExecutor.java:1177)
        at java.base@21.0.5/java.util.concurrent.ScheduledThreadPoolExecutor$DelayedWorkQueue.take(ScheduledThreadPoolExecutor.java:899)
        at java.base@21.0.5/java.util.concurrent.ThreadPoolExecutor.getTask(ThreadPoolExecutor.java:1070)
        at java.base@21.0.5/java.util.concurrent.ThreadPoolExecutor.runWorker(ThreadPoolExecutor.java:1130)
        at java.base@21.0.5/java.util.concurrent.ThreadPoolExecutor$Worker.run(ThreadPoolExecutor.java:642)
        at java.base@21.0.5/java.lang.Thread.runWith(Thread.java:1596)
        at java.base@21.0.5/java.lang.Thread.run(Thread.java:1583)
"ac32094a-198b-4072-99dd-552311e88daf@group-17ECB58173E6-cacheEviction-AwaitToRun" daemon prio=5 tid=1518 in Object.wait()
java.lang.Thread.State: WAITING (on object monitor)
        at java.base@21.0.5/jdk.internal.misc.Unsafe.park(Native Method)
        at java.base@21.0.5/java.util.concurrent.locks.LockSupport.park(LockSupport.java:371)
        at java.base@21.0.5/java.util.concurrent.locks.AbstractQueuedSynchronizer$ConditionNode.block(AbstractQueuedSynchronizer.java:519)
        at java.base@21.0.5/java.util.concurrent.ForkJoinPool.unmanagedBlock(ForkJoinPool.java:3780)
        at java.base@21.0.5/java.util.concurrent.ForkJoinPool.managedBlock(ForkJoinPool.java:3725)
        at java.base@21.0.5/java.util.concurrent.locks.AbstractQueuedSynchronizer$ConditionObject.await(AbstractQueuedSynchronizer.java:1712)
        at app//org.apache.ratis.util.AwaitForSignal.await(AwaitForSignal.java:48)
        at app//org.apache.ratis.util.AwaitToRun$RunnableImpl.run(AwaitToRun.java:47)
        at java.base@21.0.5/java.lang.Thread.runWith(Thread.java:1596)
        at java.base@21.0.5/java.lang.Thread.run(Thread.java:1583)
"StaleRecoveringContainerScrubbingService#3" daemon prio=5 tid=2434 in Object.wait()
java.lang.Thread.State: WAITING (on object monitor)
        at java.base@21.0.5/jdk.internal.misc.Unsafe.park(Native Method)
        at java.base@21.0.5/java.util.concurrent.locks.LockSupport.park(LockSupport.java:371)
        at java.base@21.0.5/java.util.concurrent.locks.AbstractQueuedSynchronizer$ConditionNode.block(AbstractQueuedSynchronizer.java:519)
        at java.base@21.0.5/java.util.concurrent.ForkJoinPool.unmanagedBlock(ForkJoinPool.java:3780)
        at java.base@21.0.5/java.util.concurrent.ForkJoinPool.managedBlock(ForkJoinPool.java:3725)
        at java.base@21.0.5/java.util.concurrent.locks.AbstractQueuedSynchronizer$ConditionObject.await(AbstractQueuedSynchronizer.java:1712)
        at java.base@21.0.5/java.util.concurrent.ScheduledThreadPoolExecutor$DelayedWorkQueue.take(ScheduledThreadPoolExecutor.java:1177)
        at java.base@21.0.5/java.util.concurrent.ScheduledThreadPoolExecutor$DelayedWorkQueue.take(ScheduledThreadPoolExecutor.java:899)
        at java.base@21.0.5/java.util.concurrent.ThreadPoolExecutor.getTask(ThreadPoolExecutor.java:1070)
        at java.base@21.0.5/java.util.concurrent.ThreadPoolExecutor.runWorker(ThreadPoolExecutor.java:1130)
        at java.base@21.0.5/java.util.concurrent.ThreadPoolExecutor$Worker.run(ThreadPoolExecutor.java:642)
        at java.base@21.0.5/java.lang.Thread.runWith(Thread.java:1596)
        at java.base@21.0.5/java.lang.Thread.run(Thread.java:1583)
"ac32094a-198b-4072-99dd-552311e88daf-ChunkReader-5" daemon prio=5 tid=2445 in Object.wait()
java.lang.Thread.State: WAITING (on object monitor)
        at java.base@21.0.5/jdk.internal.misc.Unsafe.park(Native Method)
        at java.base@21.0.5/java.util.concurrent.locks.LockSupport.park(LockSupport.java:371)
        at java.base@21.0.5/java.util.concurrent.locks.AbstractQueuedSynchronizer$ConditionNode.block(AbstractQueuedSynchronizer.java:519)
        at java.base@21.0.5/java.util.concurrent.ForkJoinPool.unmanagedBlock(ForkJoinPool.java:3780)
        at java.base@21.0.5/java.util.concurrent.ForkJoinPool.managedBlock(ForkJoinPool.java:3725)
        at java.base@21.0.5/java.util.concurrent.locks.AbstractQueuedSynchronizer$ConditionObject.await(AbstractQueuedSynchronizer.java:1712)
        at java.base@21.0.5/java.util.concurrent.LinkedBlockingQueue.take(LinkedBlockingQueue.java:435)
        at java.base@21.0.5/java.util.concurrent.ThreadPoolExecutor.getTask(ThreadPoolExecutor.java:1070)
        at java.base@21.0.5/java.util.concurrent.ThreadPoolExecutor.runWorker(ThreadPoolExecutor.java:1130)
        at java.base@21.0.5/java.util.concurrent.ThreadPoolExecutor$Worker.run(ThreadPoolExecutor.java:642)
        at java.base@21.0.5/java.lang.Thread.runWith(Thread.java:1596)
        at java.base@21.0.5/java.lang.Thread.run(Thread.java:1583)
"3296053d-9d54-4057-a6a8-67c4b6ec6587@group-2F5615DC861B-SegmentedRaftLogWorker" daemon prio=5 tid=1187 timed_waiting
java.lang.Thread.State: TIMED_WAITING
        at java.base@21.0.5/jdk.internal.misc.Unsafe.park(Native Method)
        at java.base@21.0.5/java.util.concurrent.locks.LockSupport.parkNanos(LockSupport.java:269)
        at java.base@21.0.5/java.util.concurrent.locks.AbstractQueuedSynchronizer$ConditionObject.awaitNanos(AbstractQueuedSynchronizer.java:1763)
        at app//org.apache.ratis.util.DataBlockingQueue.poll(DataBlockingQueue.java:148)
        at app//org.apache.ratis.server.raftlog.segmented.SegmentedRaftLogWorker.run(SegmentedRaftLogWorker.java:307)
        at app//org.apache.ratis.server.raftlog.segmented.SegmentedRaftLogWorker$$Lambda/0x00007fd9cc334298.run(Unknown Source)
        at java.base@21.0.5/java.util.concurrent.Executors$RunnableAdapter.call(Executors.java:572)
        at java.base@21.0.5/java.util.concurrent.FutureTask.run(FutureTask.java:317)
        at java.base@21.0.5/java.util.concurrent.ThreadPoolExecutor.runWorker(ThreadPoolExecutor.java:1144)
        at java.base@21.0.5/java.util.concurrent.ThreadPoolExecutor$Worker.run(ThreadPoolExecutor.java:642)
        at java.base@21.0.5/java.lang.Thread.runWith(Thread.java:1596)
        at java.base@21.0.5/java.lang.Thread.run(Thread.java:1583)
"26f755b0-b4b1-4239-8401-e418fca9ef4b-BlockDeletingService#0" daemon prio=5 tid=2572 timed_waiting
java.lang.Thread.State: TIMED_WAITING
        at java.base@21.0.5/jdk.internal.misc.Unsafe.park(Native Method)
        at java.base@21.0.5/java.util.concurrent.locks.LockSupport.parkNanos(LockSupport.java:269)
        at java.base@21.0.5/java.util.concurrent.locks.AbstractQueuedSynchronizer$ConditionObject.awaitNanos(AbstractQueuedSynchronizer.java:1763)
        at java.base@21.0.5/java.util.concurrent.ScheduledThreadPoolExecutor$DelayedWorkQueue.take(ScheduledThreadPoolExecutor.java:1182)
        at java.base@21.0.5/java.util.concurrent.ScheduledThreadPoolExecutor$DelayedWorkQueue.take(ScheduledThreadPoolExecutor.java:899)
        at java.base@21.0.5/java.util.concurrent.ThreadPoolExecutor.getTask(ThreadPoolExecutor.java:1070)
        at java.base@21.0.5/java.util.concurrent.ThreadPoolExecutor.runWorker(ThreadPoolExecutor.java:1130)
        at java.base@21.0.5/java.util.concurrent.ThreadPoolExecutor$Worker.run(ThreadPoolExecutor.java:642)
        at java.base@21.0.5/java.lang.Thread.runWith(Thread.java:1596)
        at java.base@21.0.5/java.lang.Thread.run(Thread.java:1583)
"26f755b0-b4b1-4239-8401-e418fca9ef4b-ChunkReader-8" daemon prio=5 tid=2872 in Object.wait()
java.lang.Thread.State: WAITING (on object monitor)
        at java.base@21.0.5/jdk.internal.misc.Unsafe.park(Native Method)
        at java.base@21.0.5/java.util.concurrent.locks.LockSupport.park(LockSupport.java:371)
        at java.base@21.0.5/java.util.concurrent.locks.AbstractQueuedSynchronizer$ConditionNode.block(AbstractQueuedSynchronizer.java:519)
        at java.base@21.0.5/java.util.concurrent.ForkJoinPool.unmanagedBlock(ForkJoinPool.java:3780)
        at java.base@21.0.5/java.util.concurrent.ForkJoinPool.managedBlock(ForkJoinPool.java:3725)
        at java.base@21.0.5/java.util.concurrent.locks.AbstractQueuedSynchronizer$ConditionObject.await(AbstractQueuedSynchronizer.java:1712)
        at java.base@21.0.5/java.util.concurrent.LinkedBlockingQueue.take(LinkedBlockingQueue.java:435)
        at java.base@21.0.5/java.util.concurrent.ThreadPoolExecutor.getTask(ThreadPoolExecutor.java:1070)
        at java.base@21.0.5/java.util.concurrent.ThreadPoolExecutor.runWorker(ThreadPoolExecutor.java:1130)
        at java.base@21.0.5/java.util.concurrent.ThreadPoolExecutor$Worker.run(ThreadPoolExecutor.java:642)
        at java.base@21.0.5/java.lang.Thread.runWith(Thread.java:1596)
        at java.base@21.0.5/java.lang.Thread.run(Thread.java:1583)
"Socket Reader #3 for port 15002"  prio=5 tid=58 runnable
java.lang.Thread.State: RUNNABLE
        at java.base@21.0.5/sun.nio.ch.EPoll.wait(Native Method)
        at java.base@21.0.5/sun.nio.ch.EPollSelectorImpl.doSelect(EPollSelectorImpl.java:121)
        at java.base@21.0.5/sun.nio.ch.SelectorImpl.lockAndDoSelect(SelectorImpl.java:130)
        at java.base@21.0.5/sun.nio.ch.SelectorImpl.select(SelectorImpl.java:147)
        at app//org.apache.hadoop.ipc.Server$Listener$Reader.doRunLoop(Server.java:1497)
        at app//org.apache.hadoop.ipc.Server$Listener$Reader.run(Server.java:1476)
"3296053d-9d54-4057-a6a8-67c4b6ec6587-ChunkWriter-0-0" daemon prio=5 tid=991 in Object.wait()
java.lang.Thread.State: WAITING (on object monitor)
        at java.base@21.0.5/jdk.internal.misc.Unsafe.park(Native Method)
        at java.base@21.0.5/java.util.concurrent.locks.LockSupport.park(LockSupport.java:371)
        at java.base@21.0.5/java.util.concurrent.locks.AbstractQueuedSynchronizer$ConditionNode.block(AbstractQueuedSynchronizer.java:519)
        at java.base@21.0.5/java.util.concurrent.ForkJoinPool.unmanagedBlock(ForkJoinPool.java:3780)
        at java.base@21.0.5/java.util.concurrent.ForkJoinPool.managedBlock(ForkJoinPool.java:3725)
        at java.base@21.0.5/java.util.concurrent.locks.AbstractQueuedSynchronizer$ConditionObject.await(AbstractQueuedSynchronizer.java:1712)
        at java.base@21.0.5/java.util.concurrent.LinkedBlockingDeque.takeFirst(LinkedBlockingDeque.java:485)
        at java.base@21.0.5/java.util.concurrent.LinkedBlockingDeque.take(LinkedBlockingDeque.java:673)
        at java.base@21.0.5/java.util.concurrent.ThreadPoolExecutor.getTask(ThreadPoolExecutor.java:1070)
        at java.base@21.0.5/java.util.concurrent.ThreadPoolExecutor.runWorker(ThreadPoolExecutor.java:1130)
        at java.base@21.0.5/java.util.concurrent.ThreadPoolExecutor$Worker.run(ThreadPoolExecutor.java:642)
        at java.base@21.0.5/java.lang.Thread.runWith(Thread.java:1596)
        at java.base@21.0.5/java.lang.Thread.run(Thread.java:1583)
"Socket Reader #5 for port 15002"  prio=5 tid=60 runnable
java.lang.Thread.State: RUNNABLE
        at java.base@21.0.5/sun.nio.ch.EPoll.wait(Native Method)
        at java.base@21.0.5/sun.nio.ch.EPollSelectorImpl.doSelect(EPollSelectorImpl.java:121)
        at java.base@21.0.5/sun.nio.ch.SelectorImpl.lockAndDoSelect(SelectorImpl.java:130)
        at java.base@21.0.5/sun.nio.ch.SelectorImpl.select(SelectorImpl.java:147)
        at app//org.apache.hadoop.ipc.Server$Listener$Reader.doRunLoop(Server.java:1497)
        at app//org.apache.hadoop.ipc.Server$Listener$Reader.run(Server.java:1476)
"FixedThreadPoolWithAffinityExecutor-9-0" daemon prio=5 tid=106 timed_waiting
java.lang.Thread.State: TIMED_WAITING
        at java.base@21.0.5/jdk.internal.misc.Unsafe.park(Native Method)
        at java.base@21.0.5/java.util.concurrent.locks.LockSupport.parkNanos(LockSupport.java:269)
        at java.base@21.0.5/java.util.concurrent.locks.AbstractQueuedSynchronizer$ConditionObject.awaitNanos(AbstractQueuedSynchronizer.java:1763)
        at java.base@21.0.5/java.util.concurrent.LinkedBlockingQueue.poll(LinkedBlockingQueue.java:460)
        at app//org.apache.hadoop.hdds.scm.server.ContainerReportQueue.poll(ContainerReportQueue.java:269)
        at app//org.apache.hadoop.hdds.scm.server.ContainerReportQueue.poll(ContainerReportQueue.java:42)
        at app//org.apache.hadoop.hdds.server.events.FixedThreadPoolWithAffinityExecutor$ContainerReportProcessTask.run(FixedThreadPoolWithAffinityExecutor.java:253)
        at java.base@21.0.5/java.util.concurrent.Executors$RunnableAdapter.call(Executors.java:572)
        at java.base@21.0.5/java.util.concurrent.FutureTask.run(FutureTask.java:317)
        at java.base@21.0.5/java.util.concurrent.ThreadPoolExecutor.runWorker(ThreadPoolExecutor.java:1144)
        at java.base@21.0.5/java.util.concurrent.ThreadPoolExecutor$Worker.run(ThreadPoolExecutor.java:642)
        at java.base@21.0.5/java.lang.Thread.runWith(Thread.java:1596)
        at java.base@21.0.5/java.lang.Thread.run(Thread.java:1583)
"02fc1759-725d-47af-8349-873c9c5c9167-DatanodeReportManager-0" daemon prio=5 tid=598 timed_waiting
java.lang.Thread.State: TIMED_WAITING
        at java.base@21.0.5/jdk.internal.misc.Unsafe.park(Native Method)
        at java.base@21.0.5/java.util.concurrent.locks.LockSupport.parkNanos(LockSupport.java:269)
        at java.base@21.0.5/java.util.concurrent.locks.AbstractQueuedSynchronizer$ConditionObject.awaitNanos(AbstractQueuedSynchronizer.java:1763)
        at java.base@21.0.5/java.util.concurrent.ScheduledThreadPoolExecutor$DelayedWorkQueue.take(ScheduledThreadPoolExecutor.java:1182)
        at java.base@21.0.5/java.util.concurrent.ScheduledThreadPoolExecutor$DelayedWorkQueue.take(ScheduledThreadPoolExecutor.java:899)
        at java.base@21.0.5/java.util.concurrent.ThreadPoolExecutor.getTask(ThreadPoolExecutor.java:1070)
        at java.base@21.0.5/java.util.concurrent.ThreadPoolExecutor.runWorker(ThreadPoolExecutor.java:1130)
        at java.base@21.0.5/java.util.concurrent.ThreadPoolExecutor$Worker.run(ThreadPoolExecutor.java:642)
        at java.base@21.0.5/java.lang.Thread.runWith(Thread.java:1596)
        at java.base@21.0.5/java.lang.Thread.run(Thread.java:1583)
"b6b79d51-52d7-4711-a690-06a51533978a-BlockDeletingService#2" daemon prio=5 tid=2860 in Object.wait()
java.lang.Thread.State: WAITING (on object monitor)
        at java.base@21.0.5/jdk.internal.misc.Unsafe.park(Native Method)
        at java.base@21.0.5/java.util.concurrent.locks.LockSupport.park(LockSupport.java:371)
        at java.base@21.0.5/java.util.concurrent.locks.AbstractQueuedSynchronizer$ConditionNode.block(AbstractQueuedSynchronizer.java:519)
        at java.base@21.0.5/java.util.concurrent.ForkJoinPool.unmanagedBlock(ForkJoinPool.java:3780)
        at java.base@21.0.5/java.util.concurrent.ForkJoinPool.managedBlock(ForkJoinPool.java:3725)
        at java.base@21.0.5/java.util.concurrent.locks.AbstractQueuedSynchronizer$ConditionObject.await(AbstractQueuedSynchronizer.java:1712)
        at java.base@21.0.5/java.util.concurrent.ScheduledThreadPoolExecutor$DelayedWorkQueue.take(ScheduledThreadPoolExecutor.java:1177)
        at java.base@21.0.5/java.util.concurrent.ScheduledThreadPoolExecutor$DelayedWorkQueue.take(ScheduledThreadPoolExecutor.java:899)
        at java.base@21.0.5/java.util.concurrent.ThreadPoolExecutor.getTask(ThreadPoolExecutor.java:1070)
        at java.base@21.0.5/java.util.concurrent.ThreadPoolExecutor.runWorker(ThreadPoolExecutor.java:1130)
        at java.base@21.0.5/java.util.concurrent.ThreadPoolExecutor$Worker.run(ThreadPoolExecutor.java:642)
        at java.base@21.0.5/java.lang.Thread.runWith(Thread.java:1596)
        at java.base@21.0.5/java.lang.Thread.run(Thread.java:1583)
"26f755b0-b4b1-4239-8401-e418fca9ef4b-ChunkWriter-0-0" daemon prio=5 tid=2532 in Object.wait()
java.lang.Thread.State: WAITING (on object monitor)
        at java.base@21.0.5/jdk.internal.misc.Unsafe.park(Native Method)
        at java.base@21.0.5/java.util.concurrent.locks.LockSupport.park(LockSupport.java:371)
        at java.base@21.0.5/java.util.concurrent.locks.AbstractQueuedSynchronizer$ConditionNode.block(AbstractQueuedSynchronizer.java:519)
        at java.base@21.0.5/java.util.concurrent.ForkJoinPool.unmanagedBlock(ForkJoinPool.java:3780)
        at java.base@21.0.5/java.util.concurrent.ForkJoinPool.managedBlock(ForkJoinPool.java:3725)
        at java.base@21.0.5/java.util.concurrent.locks.AbstractQueuedSynchronizer$ConditionObject.await(AbstractQueuedSynchronizer.java:1712)
        at java.base@21.0.5/java.util.concurrent.LinkedBlockingDeque.takeFirst(LinkedBlockingDeque.java:485)
        at java.base@21.0.5/java.util.concurrent.LinkedBlockingDeque.take(LinkedBlockingDeque.java:673)
        at java.base@21.0.5/java.util.concurrent.ThreadPoolExecutor.getTask(ThreadPoolExecutor.java:1070)
        at java.base@21.0.5/java.util.concurrent.ThreadPoolExecutor.runWorker(ThreadPoolExecutor.java:1130)
        at java.base@21.0.5/java.util.concurrent.ThreadPoolExecutor$Worker.run(ThreadPoolExecutor.java:642)
        at java.base@21.0.5/java.lang.Thread.runWith(Thread.java:1596)
        at java.base@21.0.5/java.lang.Thread.run(Thread.java:1583)
"Socket Reader #4 for port 15002"  prio=5 tid=59 runnable
java.lang.Thread.State: RUNNABLE
        at java.base@21.0.5/sun.nio.ch.EPoll.wait(Native Method)
        at java.base@21.0.5/sun.nio.ch.EPollSelectorImpl.doSelect(EPollSelectorImpl.java:121)
        at java.base@21.0.5/sun.nio.ch.SelectorImpl.lockAndDoSelect(SelectorImpl.java:130)
        at java.base@21.0.5/sun.nio.ch.SelectorImpl.select(SelectorImpl.java:147)
        at app//org.apache.hadoop.ipc.Server$Listener$Reader.doRunLoop(Server.java:1497)
        at app//org.apache.hadoop.ipc.Server$Listener$Reader.run(Server.java:1476)
"ac32094a-198b-4072-99dd-552311e88daf-NettyServerStreamRpc-bossGroup--thread1"  prio=5 tid=970 runnable
java.lang.Thread.State: RUNNABLE
        at app//org.apache.ratis.thirdparty.io.netty.channel.epoll.Native.epollWait(Native Method)
        at app//org.apache.ratis.thirdparty.io.netty.channel.epoll.Native.epollWait(Native.java:220)
        at app//org.apache.ratis.thirdparty.io.netty.channel.epoll.Native.epollWait(Native.java:213)
        at app//org.apache.ratis.thirdparty.io.netty.channel.epoll.EpollEventLoop.epollWaitNoTimerChange(EpollEventLoop.java:308)
        at app//org.apache.ratis.thirdparty.io.netty.channel.epoll.EpollEventLoop.run(EpollEventLoop.java:365)
        at app//org.apache.ratis.thirdparty.io.netty.util.concurrent.SingleThreadEventExecutor$4.run(SingleThreadEventExecutor.java:997)
        at app//org.apache.ratis.thirdparty.io.netty.util.internal.ThreadExecutorMap$2.run(ThreadExecutorMap.java:74)
        at java.base@21.0.5/java.lang.Thread.runWith(Thread.java:1596)
        at java.base@21.0.5/java.lang.Thread.run(Thread.java:1583)
"4b5ea8a3-88a5-4114-908f-7a85f39bc1cb-server-thread3" daemon prio=5 tid=1930 timed_waiting
java.lang.Thread.State: TIMED_WAITING
        at java.base@21.0.5/jdk.internal.misc.Unsafe.park(Native Method)
        at java.base@21.0.5/java.util.concurrent.locks.LockSupport.parkNanos(LockSupport.java:410)
        at java.base@21.0.5/java.util.concurrent.LinkedTransferQueue$DualNode.await(LinkedTransferQueue.java:452)
        at java.base@21.0.5/java.util.concurrent.SynchronousQueue$Transferer.xferLifo(SynchronousQueue.java:194)
        at java.base@21.0.5/java.util.concurrent.SynchronousQueue.xfer(SynchronousQueue.java:235)
        at java.base@21.0.5/java.util.concurrent.SynchronousQueue.poll(SynchronousQueue.java:338)
        at java.base@21.0.5/java.util.concurrent.ThreadPoolExecutor.getTask(ThreadPoolExecutor.java:1069)
        at java.base@21.0.5/java.util.concurrent.ThreadPoolExecutor.runWorker(ThreadPoolExecutor.java:1130)
        at java.base@21.0.5/java.util.concurrent.ThreadPoolExecutor$Worker.run(ThreadPoolExecutor.java:642)
        at java.base@21.0.5/java.lang.Thread.runWith(Thread.java:1596)
        at java.base@21.0.5/java.lang.Thread.run(Thread.java:1583)
"79978ed1-1a5c-4832-b584-9e2d85f03cd7-DatanodeReportManager-2" daemon prio=5 tid=554 timed_waiting
java.lang.Thread.State: TIMED_WAITING
        at java.base@21.0.5/jdk.internal.misc.Unsafe.park(Native Method)
        at java.base@21.0.5/java.util.concurrent.locks.LockSupport.parkNanos(LockSupport.java:269)
        at java.base@21.0.5/java.util.concurrent.locks.AbstractQueuedSynchronizer$ConditionObject.awaitNanos(AbstractQueuedSynchronizer.java:1763)
        at java.base@21.0.5/java.util.concurrent.ScheduledThreadPoolExecutor$DelayedWorkQueue.take(ScheduledThreadPoolExecutor.java:1182)
        at java.base@21.0.5/java.util.concurrent.ScheduledThreadPoolExecutor$DelayedWorkQueue.take(ScheduledThreadPoolExecutor.java:899)
        at java.base@21.0.5/java.util.concurrent.ThreadPoolExecutor.getTask(ThreadPoolExecutor.java:1070)
        at java.base@21.0.5/java.util.concurrent.ThreadPoolExecutor.runWorker(ThreadPoolExecutor.java:1130)
        at java.base@21.0.5/java.util.concurrent.ThreadPoolExecutor$Worker.run(ThreadPoolExecutor.java:642)
        at java.base@21.0.5/java.lang.Thread.runWith(Thread.java:1596)
        at java.base@21.0.5/java.lang.Thread.run(Thread.java:1583)
"4b5ea8a3-88a5-4114-908f-7a85f39bc1cb-ChunkReader-8" daemon prio=5 tid=2460 in Object.wait()
java.lang.Thread.State: WAITING (on object monitor)
        at java.base@21.0.5/jdk.internal.misc.Unsafe.park(Native Method)
        at java.base@21.0.5/java.util.concurrent.locks.LockSupport.park(LockSupport.java:371)
        at java.base@21.0.5/java.util.concurrent.locks.AbstractQueuedSynchronizer$ConditionNode.block(AbstractQueuedSynchronizer.java:519)
        at java.base@21.0.5/java.util.concurrent.ForkJoinPool.unmanagedBlock(ForkJoinPool.java:3780)
        at java.base@21.0.5/java.util.concurrent.ForkJoinPool.managedBlock(ForkJoinPool.java:3725)
        at java.base@21.0.5/java.util.concurrent.locks.AbstractQueuedSynchronizer$ConditionObject.await(AbstractQueuedSynchronizer.java:1712)
        at java.base@21.0.5/java.util.concurrent.LinkedBlockingQueue.take(LinkedBlockingQueue.java:435)
        at java.base@21.0.5/java.util.concurrent.ThreadPoolExecutor.getTask(ThreadPoolExecutor.java:1070)
        at java.base@21.0.5/java.util.concurrent.ThreadPoolExecutor.runWorker(ThreadPoolExecutor.java:1130)
        at java.base@21.0.5/java.util.concurrent.ThreadPoolExecutor$Worker.run(ThreadPoolExecutor.java:642)
        at java.base@21.0.5/java.lang.Thread.runWith(Thread.java:1596)
        at java.base@21.0.5/java.lang.Thread.run(Thread.java:1583)
"pool-117-thread-1" daemon prio=5 tid=988 timed_waiting
java.lang.Thread.State: TIMED_WAITING
        at java.base@21.0.5/jdk.internal.misc.Unsafe.park(Native Method)
        at java.base@21.0.5/java.util.concurrent.locks.LockSupport.parkNanos(LockSupport.java:269)
        at java.base@21.0.5/java.util.concurrent.locks.AbstractQueuedSynchronizer$ConditionObject.awaitNanos(AbstractQueuedSynchronizer.java:1763)
        at java.base@21.0.5/java.util.concurrent.ScheduledThreadPoolExecutor$DelayedWorkQueue.take(ScheduledThreadPoolExecutor.java:1182)
        at java.base@21.0.5/java.util.concurrent.ScheduledThreadPoolExecutor$DelayedWorkQueue.take(ScheduledThreadPoolExecutor.java:899)
        at java.base@21.0.5/java.util.concurrent.ThreadPoolExecutor.getTask(ThreadPoolExecutor.java:1070)
        at java.base@21.0.5/java.util.concurrent.ThreadPoolExecutor.runWorker(ThreadPoolExecutor.java:1130)
        at java.base@21.0.5/java.util.concurrent.ThreadPoolExecutor$Worker.run(ThreadPoolExecutor.java:642)
        at java.base@21.0.5/java.lang.Thread.runWith(Thread.java:1596)
        at java.base@21.0.5/java.lang.Thread.run(Thread.java:1583)
"751e45cc-852a-454f-97c8-e80f2befe6f4@group-41854415688A-FollowerState" daemon prio=5 tid=2179 timed_waiting
java.lang.Thread.State: TIMED_WAITING
        at java.base@21.0.5/java.lang.Thread.sleep0(Native Method)
        at java.base@21.0.5/java.lang.Thread.sleep(Thread.java:558)
        at java.base@21.0.5/java.util.concurrent.TimeUnit.sleep(TimeUnit.java:446)
        at app//org.apache.ratis.util.TimeDuration.sleep(TimeDuration.java:353)
        at app//org.apache.ratis.util.TimeDuration.sleep(TimeDuration.java:338)
        at app//org.apache.ratis.server.impl.FollowerState.runImpl(FollowerState.java:149)
        at app//org.apache.ratis.server.impl.FollowerState.run(FollowerState.java:130)
"IPC Server idle connection scanner for port 15093" daemon prio=5 tid=1012 timed_waiting
java.lang.Thread.State: TIMED_WAITING
        at java.base@21.0.5/java.lang.Object.wait0(Native Method)
        at java.base@21.0.5/java.lang.Object.wait(Object.java:366)
        at java.base@21.0.5/java.util.TimerThread.mainLoop(Timer.java:563)
        at java.base@21.0.5/java.util.TimerThread.run(Timer.java:516)
"IPC Server handler 8 on default port 15001" daemon prio=5 tid=222 timed_waiting
java.lang.Thread.State: TIMED_WAITING
        at java.base@21.0.5/jdk.internal.misc.Unsafe.park(Native Method)
        at java.base@21.0.5/java.util.concurrent.locks.LockSupport.parkNanos(LockSupport.java:269)
        at java.base@21.0.5/java.util.concurrent.locks.AbstractQueuedSynchronizer$ConditionObject.awaitNanos(AbstractQueuedSynchronizer.java:1763)
        at java.base@21.0.5/java.util.concurrent.LinkedBlockingQueue.poll(LinkedBlockingQueue.java:460)
        at app//org.apache.hadoop.ipc.CallQueueManager.take(CallQueueManager.java:370)
        at app//org.apache.hadoop.ipc.Server$Handler.run(Server.java:3165)
"4b5ea8a3-88a5-4114-908f-7a85f39bc1cb-ChunkWriter-2-0" daemon prio=5 tid=1042 in Object.wait()
java.lang.Thread.State: WAITING (on object monitor)
        at java.base@21.0.5/jdk.internal.misc.Unsafe.park(Native Method)
        at java.base@21.0.5/java.util.concurrent.locks.LockSupport.park(LockSupport.java:371)
        at java.base@21.0.5/java.util.concurrent.locks.AbstractQueuedSynchronizer$ConditionNode.block(AbstractQueuedSynchronizer.java:519)
        at java.base@21.0.5/java.util.concurrent.ForkJoinPool.unmanagedBlock(ForkJoinPool.java:3780)
        at java.base@21.0.5/java.util.concurrent.ForkJoinPool.managedBlock(ForkJoinPool.java:3725)
        at java.base@21.0.5/java.util.concurrent.locks.AbstractQueuedSynchronizer$ConditionObject.await(AbstractQueuedSynchronizer.java:1712)
        at java.base@21.0.5/java.util.concurrent.LinkedBlockingDeque.takeFirst(LinkedBlockingDeque.java:485)
        at java.base@21.0.5/java.util.concurrent.LinkedBlockingDeque.take(LinkedBlockingDeque.java:673)
        at java.base@21.0.5/java.util.concurrent.ThreadPoolExecutor.getTask(ThreadPoolExecutor.java:1070)
        at java.base@21.0.5/java.util.concurrent.ThreadPoolExecutor.runWorker(ThreadPoolExecutor.java:1130)
        at java.base@21.0.5/java.util.concurrent.ThreadPoolExecutor$Worker.run(ThreadPoolExecutor.java:642)
        at java.base@21.0.5/java.lang.Thread.runWith(Thread.java:1596)
        at java.base@21.0.5/java.lang.Thread.run(Thread.java:1583)
"timer3" daemon prio=5 tid=1809 timed_waiting
java.lang.Thread.State: TIMED_WAITING
        at java.base@21.0.5/java.lang.Object.wait0(Native Method)
        at java.base@21.0.5/java.lang.Object.wait(Object.java:366)
        at java.base@21.0.5/java.util.TimerThread.mainLoop(Timer.java:563)
        at java.base@21.0.5/java.util.TimerThread.run(Timer.java:516)
"4b5ea8a3-88a5-4114-908f-7a85f39bc1cb@group-91A8CF666C05-StateMachineUpdater" daemon prio=5 tid=1651 timed_waiting
java.lang.Thread.State: TIMED_WAITING
        at java.base@21.0.5/jdk.internal.misc.Unsafe.park(Native Method)
        at java.base@21.0.5/java.util.concurrent.locks.LockSupport.parkNanos(LockSupport.java:269)
        at java.base@21.0.5/java.util.concurrent.locks.AbstractQueuedSynchronizer$ConditionObject.await(AbstractQueuedSynchronizer.java:1852)
        at app//org.apache.ratis.util.AwaitForSignal.await(AwaitForSignal.java:65)
        at app//org.apache.ratis.server.impl.StateMachineUpdater.waitForCommit(StateMachineUpdater.java:219)
        at app//org.apache.ratis.server.impl.StateMachineUpdater.run(StateMachineUpdater.java:187)
        at java.base@21.0.5/java.lang.Thread.runWith(Thread.java:1596)
        at java.base@21.0.5/java.lang.Thread.run(Thread.java:1583)
"Socket Reader #8 for port 15001"  prio=5 tid=77 runnable
java.lang.Thread.State: RUNNABLE
        at java.base@21.0.5/sun.nio.ch.EPoll.wait(Native Method)
        at java.base@21.0.5/sun.nio.ch.EPollSelectorImpl.doSelect(EPollSelectorImpl.java:121)
        at java.base@21.0.5/sun.nio.ch.SelectorImpl.lockAndDoSelect(SelectorImpl.java:130)
        at java.base@21.0.5/sun.nio.ch.SelectorImpl.select(SelectorImpl.java:147)
        at app//org.apache.hadoop.ipc.Server$Listener$Reader.doRunLoop(Server.java:1497)
        at app//org.apache.hadoop.ipc.Server$Listener$Reader.run(Server.java:1476)
"Session-HouseKeeper-54d7d2ba-1"  prio=5 tid=758 timed_waiting
java.lang.Thread.State: TIMED_WAITING
        at java.base@21.0.5/jdk.internal.misc.Unsafe.park(Native Method)
        at java.base@21.0.5/java.util.concurrent.locks.LockSupport.parkNanos(LockSupport.java:269)
        at java.base@21.0.5/java.util.concurrent.locks.AbstractQueuedSynchronizer$ConditionObject.awaitNanos(AbstractQueuedSynchronizer.java:1763)
        at java.base@21.0.5/java.util.concurrent.ScheduledThreadPoolExecutor$DelayedWorkQueue.take(ScheduledThreadPoolExecutor.java:1182)
        at java.base@21.0.5/java.util.concurrent.ScheduledThreadPoolExecutor$DelayedWorkQueue.take(ScheduledThreadPoolExecutor.java:899)
        at java.base@21.0.5/java.util.concurrent.ThreadPoolExecutor.getTask(ThreadPoolExecutor.java:1070)
        at java.base@21.0.5/java.util.concurrent.ThreadPoolExecutor.runWorker(ThreadPoolExecutor.java:1130)
        at java.base@21.0.5/java.util.concurrent.ThreadPoolExecutor$Worker.run(ThreadPoolExecutor.java:642)
        at java.base@21.0.5/java.lang.Thread.runWith(Thread.java:1596)
        at java.base@21.0.5/java.lang.Thread.run(Thread.java:1583)
"Socket Reader #2 for port 15002"  prio=5 tid=57 runnable
java.lang.Thread.State: RUNNABLE
        at java.base@21.0.5/sun.nio.ch.EPoll.wait(Native Method)
        at java.base@21.0.5/sun.nio.ch.EPollSelectorImpl.doSelect(EPollSelectorImpl.java:121)
        at java.base@21.0.5/sun.nio.ch.SelectorImpl.lockAndDoSelect(SelectorImpl.java:130)
        at java.base@21.0.5/sun.nio.ch.SelectorImpl.select(SelectorImpl.java:147)
        at app//org.apache.hadoop.ipc.Server$Listener$Reader.doRunLoop(Server.java:1497)
        at app//org.apache.hadoop.ipc.Server$Listener$Reader.run(Server.java:1476)
"3296053d-9d54-4057-a6a8-67c4b6ec6587-server-thread1" daemon prio=5 tid=1805 timed_waiting
java.lang.Thread.State: TIMED_WAITING
        at java.base@21.0.5/jdk.internal.misc.Unsafe.park(Native Method)
        at java.base@21.0.5/java.util.concurrent.locks.LockSupport.parkNanos(LockSupport.java:410)
        at java.base@21.0.5/java.util.concurrent.LinkedTransferQueue$DualNode.await(LinkedTransferQueue.java:452)
        at java.base@21.0.5/java.util.concurrent.SynchronousQueue$Transferer.xferLifo(SynchronousQueue.java:194)
        at java.base@21.0.5/java.util.concurrent.SynchronousQueue.xfer(SynchronousQueue.java:235)
        at java.base@21.0.5/java.util.concurrent.SynchronousQueue.poll(SynchronousQueue.java:338)
        at java.base@21.0.5/java.util.concurrent.ThreadPoolExecutor.getTask(ThreadPoolExecutor.java:1069)
        at java.base@21.0.5/java.util.concurrent.ThreadPoolExecutor.runWorker(ThreadPoolExecutor.java:1130)
        at java.base@21.0.5/java.util.concurrent.ThreadPoolExecutor$Worker.run(ThreadPoolExecutor.java:642)
        at java.base@21.0.5/java.lang.Thread.runWith(Thread.java:1596)
        at java.base@21.0.5/java.lang.Thread.run(Thread.java:1583)
"79978ed1-1a5c-4832-b584-9e2d85f03cd7-ChunkReader-0" daemon prio=5 tid=2895 in Object.wait()
java.lang.Thread.State: WAITING (on object monitor)
        at java.base@21.0.5/jdk.internal.misc.Unsafe.park(Native Method)
        at java.base@21.0.5/java.util.concurrent.locks.LockSupport.park(LockSupport.java:371)
        at java.base@21.0.5/java.util.concurrent.locks.AbstractQueuedSynchronizer$ConditionNode.block(AbstractQueuedSynchronizer.java:519)
        at java.base@21.0.5/java.util.concurrent.ForkJoinPool.unmanagedBlock(ForkJoinPool.java:3780)
        at java.base@21.0.5/java.util.concurrent.ForkJoinPool.managedBlock(ForkJoinPool.java:3725)
        at java.base@21.0.5/java.util.concurrent.locks.AbstractQueuedSynchronizer$ConditionObject.await(AbstractQueuedSynchronizer.java:1712)
        at java.base@21.0.5/java.util.concurrent.LinkedBlockingQueue.take(LinkedBlockingQueue.java:435)
        at java.base@21.0.5/java.util.concurrent.ThreadPoolExecutor.getTask(ThreadPoolExecutor.java:1070)
        at java.base@21.0.5/java.util.concurrent.ThreadPoolExecutor.runWorker(ThreadPoolExecutor.java:1130)
        at java.base@21.0.5/java.util.concurrent.ThreadPoolExecutor$Worker.run(ThreadPoolExecutor.java:642)
        at java.base@21.0.5/java.lang.Thread.runWith(Thread.java:1596)
        at java.base@21.0.5/java.lang.Thread.run(Thread.java:1583)
"IPC Server handler 42 on default port 15001" daemon prio=5 tid=256 timed_waiting
java.lang.Thread.State: TIMED_WAITING
        at java.base@21.0.5/jdk.internal.misc.Unsafe.park(Native Method)
        at java.base@21.0.5/java.util.concurrent.locks.LockSupport.parkNanos(LockSupport.java:269)
        at java.base@21.0.5/java.util.concurrent.locks.AbstractQueuedSynchronizer$ConditionObject.awaitNanos(AbstractQueuedSynchronizer.java:1763)
        at java.base@21.0.5/java.util.concurrent.LinkedBlockingQueue.poll(LinkedBlockingQueue.java:460)
        at app//org.apache.hadoop.ipc.CallQueueManager.take(CallQueueManager.java:370)
        at app//org.apache.hadoop.ipc.Server$Handler.run(Server.java:3165)
"om1-OpenKeyCleanupService#0" daemon prio=5 tid=468 timed_waiting
java.lang.Thread.State: TIMED_WAITING
        at java.base@21.0.5/jdk.internal.misc.Unsafe.park(Native Method)
        at java.base@21.0.5/java.util.concurrent.locks.LockSupport.parkNanos(LockSupport.java:269)
        at java.base@21.0.5/java.util.concurrent.locks.AbstractQueuedSynchronizer$ConditionObject.awaitNanos(AbstractQueuedSynchronizer.java:1763)
        at java.base@21.0.5/java.util.concurrent.ScheduledThreadPoolExecutor$DelayedWorkQueue.take(ScheduledThreadPoolExecutor.java:1182)
        at java.base@21.0.5/java.util.concurrent.ScheduledThreadPoolExecutor$DelayedWorkQueue.take(ScheduledThreadPoolExecutor.java:899)
        at java.base@21.0.5/java.util.concurrent.ThreadPoolExecutor.getTask(ThreadPoolExecutor.java:1070)
        at java.base@21.0.5/java.util.concurrent.ThreadPoolExecutor.runWorker(ThreadPoolExecutor.java:1130)
        at java.base@21.0.5/java.util.concurrent.ThreadPoolExecutor$Worker.run(ThreadPoolExecutor.java:642)
        at java.base@21.0.5/java.lang.Thread.runWith(Thread.java:1596)
        at java.base@21.0.5/java.lang.Thread.run(Thread.java:1583)
"pool-35-thread-1"  prio=5 tid=316 timed_waiting
java.lang.Thread.State: TIMED_WAITING
        at java.base@21.0.5/jdk.internal.misc.Unsafe.park(Native Method)
        at java.base@21.0.5/java.util.concurrent.locks.LockSupport.parkNanos(LockSupport.java:269)
        at java.base@21.0.5/java.util.concurrent.locks.AbstractQueuedSynchronizer$ConditionObject.awaitNanos(AbstractQueuedSynchronizer.java:1763)
        at java.base@21.0.5/java.util.concurrent.ScheduledThreadPoolExecutor$DelayedWorkQueue.take(ScheduledThreadPoolExecutor.java:1182)
        at java.base@21.0.5/java.util.concurrent.ScheduledThreadPoolExecutor$DelayedWorkQueue.take(ScheduledThreadPoolExecutor.java:899)
        at java.base@21.0.5/java.util.concurrent.ThreadPoolExecutor.getTask(ThreadPoolExecutor.java:1070)
        at java.base@21.0.5/java.util.concurrent.ThreadPoolExecutor.runWorker(ThreadPoolExecutor.java:1130)
        at java.base@21.0.5/java.util.concurrent.ThreadPoolExecutor$Worker.run(ThreadPoolExecutor.java:642)
        at java.base@21.0.5/java.lang.Thread.runWith(Thread.java:1596)
        at java.base@21.0.5/java.lang.Thread.run(Thread.java:1583)
"02fc1759-725d-47af-8349-873c9c5c9167-server-thread3" daemon prio=5 tid=2371 timed_waiting
java.lang.Thread.State: TIMED_WAITING
        at java.base@21.0.5/jdk.internal.misc.Unsafe.park(Native Method)
        at java.base@21.0.5/java.util.concurrent.locks.LockSupport.parkNanos(LockSupport.java:410)
        at java.base@21.0.5/java.util.concurrent.LinkedTransferQueue$DualNode.await(LinkedTransferQueue.java:452)
        at java.base@21.0.5/java.util.concurrent.SynchronousQueue$Transferer.xferLifo(SynchronousQueue.java:194)
        at java.base@21.0.5/java.util.concurrent.SynchronousQueue.xfer(SynchronousQueue.java:235)
        at java.base@21.0.5/java.util.concurrent.SynchronousQueue.poll(SynchronousQueue.java:338)
        at java.base@21.0.5/java.util.concurrent.ThreadPoolExecutor.getTask(ThreadPoolExecutor.java:1069)
        at java.base@21.0.5/java.util.concurrent.ThreadPoolExecutor.runWorker(ThreadPoolExecutor.java:1130)
        at java.base@21.0.5/java.util.concurrent.ThreadPoolExecutor$Worker.run(ThreadPoolExecutor.java:642)
        at java.base@21.0.5/java.lang.Thread.runWith(Thread.java:1596)
        at java.base@21.0.5/java.lang.Thread.run(Thread.java:1583)
"Socket Reader #8 for port 15030"  prio=5 tid=629 runnable
java.lang.Thread.State: RUNNABLE
        at java.base@21.0.5/sun.nio.ch.EPoll.wait(Native Method)
        at java.base@21.0.5/sun.nio.ch.EPollSelectorImpl.doSelect(EPollSelectorImpl.java:121)
        at java.base@21.0.5/sun.nio.ch.SelectorImpl.lockAndDoSelect(SelectorImpl.java:130)
        at java.base@21.0.5/sun.nio.ch.SelectorImpl.select(SelectorImpl.java:147)
        at app//org.apache.hadoop.ipc.Server$Listener$Reader.doRunLoop(Server.java:1497)
        at app//org.apache.hadoop.ipc.Server$Listener$Reader.run(Server.java:1476)
"79978ed1-1a5c-4832-b584-9e2d85f03cd7-DatanodeReportManager-3" daemon prio=5 tid=555 timed_waiting
java.lang.Thread.State: TIMED_WAITING
        at java.base@21.0.5/jdk.internal.misc.Unsafe.park(Native Method)
        at java.base@21.0.5/java.util.concurrent.locks.LockSupport.parkNanos(LockSupport.java:269)
        at java.base@21.0.5/java.util.concurrent.locks.AbstractQueuedSynchronizer$ConditionObject.awaitNanos(AbstractQueuedSynchronizer.java:1763)
        at java.base@21.0.5/java.util.concurrent.ScheduledThreadPoolExecutor$DelayedWorkQueue.take(ScheduledThreadPoolExecutor.java:1182)
        at java.base@21.0.5/java.util.concurrent.ScheduledThreadPoolExecutor$DelayedWorkQueue.take(ScheduledThreadPoolExecutor.java:899)
        at java.base@21.0.5/java.util.concurrent.ThreadPoolExecutor.getTask(ThreadPoolExecutor.java:1070)
        at java.base@21.0.5/java.util.concurrent.ThreadPoolExecutor.runWorker(ThreadPoolExecutor.java:1130)
        at java.base@21.0.5/java.util.concurrent.ThreadPoolExecutor$Worker.run(ThreadPoolExecutor.java:642)
        at java.base@21.0.5/java.lang.Thread.runWith(Thread.java:1596)
        at java.base@21.0.5/java.lang.Thread.run(Thread.java:1583)
"IPC Server handler 8 on default port 15039" daemon prio=5 tid=689 timed_waiting
java.lang.Thread.State: TIMED_WAITING
        at java.base@21.0.5/jdk.internal.misc.Unsafe.park(Native Method)
        at java.base@21.0.5/java.util.concurrent.locks.LockSupport.parkNanos(LockSupport.java:269)
        at java.base@21.0.5/java.util.concurrent.locks.AbstractQueuedSynchronizer$ConditionObject.awaitNanos(AbstractQueuedSynchronizer.java:1763)
        at java.base@21.0.5/java.util.concurrent.LinkedBlockingQueue.poll(LinkedBlockingQueue.java:460)
        at app//org.apache.hadoop.ipc.CallQueueManager.take(CallQueueManager.java:370)
        at app//org.apache.hadoop.ipc.Server$Handler.run(Server.java:3165)
"Socket Reader #10 for port 15048"  prio=5 tid=723 runnable
java.lang.Thread.State: RUNNABLE
        at java.base@21.0.5/sun.nio.ch.EPoll.wait(Native Method)
        at java.base@21.0.5/sun.nio.ch.EPollSelectorImpl.doSelect(EPollSelectorImpl.java:121)
        at java.base@21.0.5/sun.nio.ch.SelectorImpl.lockAndDoSelect(SelectorImpl.java:130)
        at java.base@21.0.5/sun.nio.ch.SelectorImpl.select(SelectorImpl.java:147)
        at app//org.apache.hadoop.ipc.Server$Listener$Reader.doRunLoop(Server.java:1497)
        at app//org.apache.hadoop.ipc.Server$Listener$Reader.run(Server.java:1476)
"Socket Reader #7 for port 15021"  prio=5 tid=580 runnable
java.lang.Thread.State: RUNNABLE
        at java.base@21.0.5/sun.nio.ch.EPoll.wait(Native Method)
        at java.base@21.0.5/sun.nio.ch.EPollSelectorImpl.doSelect(EPollSelectorImpl.java:121)
        at java.base@21.0.5/sun.nio.ch.SelectorImpl.lockAndDoSelect(SelectorImpl.java:130)
        at java.base@21.0.5/sun.nio.ch.SelectorImpl.select(SelectorImpl.java:147)
        at app//org.apache.hadoop.ipc.Server$Listener$Reader.doRunLoop(Server.java:1497)
        at app//org.apache.hadoop.ipc.Server$Listener$Reader.run(Server.java:1476)
"26f755b0-b4b1-4239-8401-e418fca9ef4b-PipelineCommandHandlerThread-0"  prio=5 tid=2585 in Object.wait()
java.lang.Thread.State: WAITING (on object monitor)
        at java.base@21.0.5/jdk.internal.misc.Unsafe.park(Native Method)
        at java.base@21.0.5/java.util.concurrent.locks.LockSupport.park(LockSupport.java:371)
        at java.base@21.0.5/java.util.concurrent.locks.AbstractQueuedSynchronizer$ConditionNode.block(AbstractQueuedSynchronizer.java:519)
        at java.base@21.0.5/java.util.concurrent.ForkJoinPool.unmanagedBlock(ForkJoinPool.java:3780)
        at java.base@21.0.5/java.util.concurrent.ForkJoinPool.managedBlock(ForkJoinPool.java:3725)
        at java.base@21.0.5/java.util.concurrent.locks.AbstractQueuedSynchronizer$ConditionObject.await(AbstractQueuedSynchronizer.java:1712)
        at java.base@21.0.5/java.util.concurrent.LinkedBlockingQueue.take(LinkedBlockingQueue.java:435)
        at java.base@21.0.5/java.util.concurrent.ThreadPoolExecutor.getTask(ThreadPoolExecutor.java:1070)
        at java.base@21.0.5/java.util.concurrent.ThreadPoolExecutor.runWorker(ThreadPoolExecutor.java:1130)
        at java.base@21.0.5/java.util.concurrent.ThreadPoolExecutor$Worker.run(ThreadPoolExecutor.java:642)
        at java.base@21.0.5/java.lang.Thread.runWith(Thread.java:1596)
        at java.base@21.0.5/java.lang.Thread.run(Thread.java:1583)
"ac32094a-198b-4072-99dd-552311e88daf@group-C96B30E4F715-cacheEviction-AwaitToRun" daemon prio=5 tid=1744 in Object.wait()
java.lang.Thread.State: WAITING (on object monitor)
        at java.base@21.0.5/jdk.internal.misc.Unsafe.park(Native Method)
        at java.base@21.0.5/java.util.concurrent.locks.LockSupport.park(LockSupport.java:371)
        at java.base@21.0.5/java.util.concurrent.locks.AbstractQueuedSynchronizer$ConditionNode.block(AbstractQueuedSynchronizer.java:519)
        at java.base@21.0.5/java.util.concurrent.ForkJoinPool.unmanagedBlock(ForkJoinPool.java:3780)
        at java.base@21.0.5/java.util.concurrent.ForkJoinPool.managedBlock(ForkJoinPool.java:3725)
        at java.base@21.0.5/java.util.concurrent.locks.AbstractQueuedSynchronizer$ConditionObject.await(AbstractQueuedSynchronizer.java:1712)
        at app//org.apache.ratis.util.AwaitForSignal.await(AwaitForSignal.java:48)
        at app//org.apache.ratis.util.AwaitToRun$RunnableImpl.run(AwaitToRun.java:47)
        at java.base@21.0.5/java.lang.Thread.runWith(Thread.java:1596)
        at java.base@21.0.5/java.lang.Thread.run(Thread.java:1583)
"IPC Server handler 71 on default port 15000" daemon prio=5 tid=185 timed_waiting
java.lang.Thread.State: TIMED_WAITING
        at java.base@21.0.5/jdk.internal.misc.Unsafe.park(Native Method)
        at java.base@21.0.5/java.util.concurrent.locks.LockSupport.parkNanos(LockSupport.java:269)
        at java.base@21.0.5/java.util.concurrent.locks.AbstractQueuedSynchronizer$ConditionObject.awaitNanos(AbstractQueuedSynchronizer.java:1763)
        at java.base@21.0.5/java.util.concurrent.LinkedBlockingQueue.poll(LinkedBlockingQueue.java:460)
        at app//org.apache.hadoop.ipc.CallQueueManager.take(CallQueueManager.java:370)
        at app//org.apache.hadoop.ipc.Server$Handler.run(Server.java:3165)
"4b5ea8a3-88a5-4114-908f-7a85f39bc1cb-ChunkReader-0" daemon prio=5 tid=2035 in Object.wait()
java.lang.Thread.State: WAITING (on object monitor)
        at java.base@21.0.5/jdk.internal.misc.Unsafe.park(Native Method)
        at java.base@21.0.5/java.util.concurrent.locks.LockSupport.park(LockSupport.java:371)
        at java.base@21.0.5/java.util.concurrent.locks.AbstractQueuedSynchronizer$ConditionNode.block(AbstractQueuedSynchronizer.java:519)
        at java.base@21.0.5/java.util.concurrent.ForkJoinPool.unmanagedBlock(ForkJoinPool.java:3780)
        at java.base@21.0.5/java.util.concurrent.ForkJoinPool.managedBlock(ForkJoinPool.java:3725)
        at java.base@21.0.5/java.util.concurrent.locks.AbstractQueuedSynchronizer$ConditionObject.await(AbstractQueuedSynchronizer.java:1712)
        at java.base@21.0.5/java.util.concurrent.LinkedBlockingQueue.take(LinkedBlockingQueue.java:435)
        at java.base@21.0.5/java.util.concurrent.ThreadPoolExecutor.getTask(ThreadPoolExecutor.java:1070)
        at java.base@21.0.5/java.util.concurrent.ThreadPoolExecutor.runWorker(ThreadPoolExecutor.java:1130)
        at java.base@21.0.5/java.util.concurrent.ThreadPoolExecutor$Worker.run(ThreadPoolExecutor.java:642)
        at java.base@21.0.5/java.lang.Thread.runWith(Thread.java:1596)
        at java.base@21.0.5/java.lang.Thread.run(Thread.java:1583)
"IPC Server handler 13 on default port 15000" daemon prio=5 tid=127 timed_waiting
java.lang.Thread.State: TIMED_WAITING
        at java.base@21.0.5/jdk.internal.misc.Unsafe.park(Native Method)
        at java.base@21.0.5/java.util.concurrent.locks.LockSupport.parkNanos(LockSupport.java:269)
        at java.base@21.0.5/java.util.concurrent.locks.AbstractQueuedSynchronizer$ConditionObject.awaitNanos(AbstractQueuedSynchronizer.java:1763)
        at java.base@21.0.5/java.util.concurrent.LinkedBlockingQueue.poll(LinkedBlockingQueue.java:460)
        at app//org.apache.hadoop.ipc.CallQueueManager.take(CallQueueManager.java:370)
        at app//org.apache.hadoop.ipc.Server$Handler.run(Server.java:3165)
"751e45cc-852a-454f-97c8-e80f2befe6f4-server-thread2" daemon prio=5 tid=1888 timed_waiting
java.lang.Thread.State: TIMED_WAITING
        at java.base@21.0.5/jdk.internal.misc.Unsafe.park(Native Method)
        at java.base@21.0.5/java.util.concurrent.locks.LockSupport.parkNanos(LockSupport.java:410)
        at java.base@21.0.5/java.util.concurrent.LinkedTransferQueue$DualNode.await(LinkedTransferQueue.java:452)
        at java.base@21.0.5/java.util.concurrent.SynchronousQueue$Transferer.xferLifo(SynchronousQueue.java:194)
        at java.base@21.0.5/java.util.concurrent.SynchronousQueue.xfer(SynchronousQueue.java:235)
        at java.base@21.0.5/java.util.concurrent.SynchronousQueue.poll(SynchronousQueue.java:338)
        at java.base@21.0.5/java.util.concurrent.ThreadPoolExecutor.getTask(ThreadPoolExecutor.java:1069)
        at java.base@21.0.5/java.util.concurrent.ThreadPoolExecutor.runWorker(ThreadPoolExecutor.java:1130)
        at java.base@21.0.5/java.util.concurrent.ThreadPoolExecutor$Worker.run(ThreadPoolExecutor.java:642)
        at java.base@21.0.5/java.lang.Thread.runWith(Thread.java:1596)
        at java.base@21.0.5/java.lang.Thread.run(Thread.java:1583)
"4b5ea8a3-88a5-4114-908f-7a85f39bc1cb@group-17ECB58173E6-cacheEviction-AwaitToRun" daemon prio=5 tid=1563 in Object.wait()
java.lang.Thread.State: WAITING (on object monitor)
        at java.base@21.0.5/jdk.internal.misc.Unsafe.park(Native Method)
        at java.base@21.0.5/java.util.concurrent.locks.LockSupport.park(LockSupport.java:371)
        at java.base@21.0.5/java.util.concurrent.locks.AbstractQueuedSynchronizer$ConditionNode.block(AbstractQueuedSynchronizer.java:519)
        at java.base@21.0.5/java.util.concurrent.ForkJoinPool.unmanagedBlock(ForkJoinPool.java:3780)
        at java.base@21.0.5/java.util.concurrent.ForkJoinPool.managedBlock(ForkJoinPool.java:3725)
        at java.base@21.0.5/java.util.concurrent.locks.AbstractQueuedSynchronizer$ConditionObject.await(AbstractQueuedSynchronizer.java:1712)
        at app//org.apache.ratis.util.AwaitForSignal.await(AwaitForSignal.java:48)
        at app//org.apache.ratis.util.AwaitToRun$RunnableImpl.run(AwaitToRun.java:47)
        at java.base@21.0.5/java.lang.Thread.runWith(Thread.java:1596)
        at java.base@21.0.5/java.lang.Thread.run(Thread.java:1583)
"Socket Reader #4 for port 15000"  prio=5 tid=87 runnable
java.lang.Thread.State: RUNNABLE
        at java.base@21.0.5/sun.nio.ch.EPoll.wait(Native Method)
        at java.base@21.0.5/sun.nio.ch.EPollSelectorImpl.doSelect(EPollSelectorImpl.java:121)
        at java.base@21.0.5/sun.nio.ch.SelectorImpl.lockAndDoSelect(SelectorImpl.java:130)
        at java.base@21.0.5/sun.nio.ch.SelectorImpl.select(SelectorImpl.java:147)
        at app//org.apache.hadoop.ipc.Server$Listener$Reader.doRunLoop(Server.java:1497)
        at app//org.apache.hadoop.ipc.Server$Listener$Reader.run(Server.java:1476)
"IPC Server handler 78 on default port 15000" daemon prio=5 tid=192 timed_waiting
java.lang.Thread.State: TIMED_WAITING
        at java.base@21.0.5/jdk.internal.misc.Unsafe.park(Native Method)
        at java.base@21.0.5/java.util.concurrent.locks.LockSupport.parkNanos(LockSupport.java:269)
        at java.base@21.0.5/java.util.concurrent.locks.AbstractQueuedSynchronizer$ConditionObject.awaitNanos(AbstractQueuedSynchronizer.java:1763)
        at java.base@21.0.5/java.util.concurrent.LinkedBlockingQueue.poll(LinkedBlockingQueue.java:460)
        at app//org.apache.hadoop.ipc.CallQueueManager.take(CallQueueManager.java:370)
        at app//org.apache.hadoop.ipc.Server$Handler.run(Server.java:3165)
"Socket Reader #4 for port 15039"  prio=5 tid=671 runnable
java.lang.Thread.State: RUNNABLE
        at java.base@21.0.5/sun.nio.ch.EPoll.wait(Native Method)
        at java.base@21.0.5/sun.nio.ch.EPollSelectorImpl.doSelect(EPollSelectorImpl.java:121)
        at java.base@21.0.5/sun.nio.ch.SelectorImpl.lockAndDoSelect(SelectorImpl.java:130)
        at java.base@21.0.5/sun.nio.ch.SelectorImpl.select(SelectorImpl.java:147)
        at app//org.apache.hadoop.ipc.Server$Listener$Reader.doRunLoop(Server.java:1497)
        at app//org.apache.hadoop.ipc.Server$Listener$Reader.run(Server.java:1476)
"b6b79d51-52d7-4711-a690-06a51533978a@group-A6DF87581CD1-cacheEviction-AwaitToRun" daemon prio=5 tid=1323 in Object.wait()
java.lang.Thread.State: WAITING (on object monitor)
        at java.base@21.0.5/jdk.internal.misc.Unsafe.park(Native Method)
        at java.base@21.0.5/java.util.concurrent.locks.LockSupport.park(LockSupport.java:371)
        at java.base@21.0.5/java.util.concurrent.locks.AbstractQueuedSynchronizer$ConditionNode.block(AbstractQueuedSynchronizer.java:519)
        at java.base@21.0.5/java.util.concurrent.ForkJoinPool.unmanagedBlock(ForkJoinPool.java:3780)
        at java.base@21.0.5/java.util.concurrent.ForkJoinPool.managedBlock(ForkJoinPool.java:3725)
        at java.base@21.0.5/java.util.concurrent.locks.AbstractQueuedSynchronizer$ConditionObject.await(AbstractQueuedSynchronizer.java:1712)
        at app//org.apache.ratis.util.AwaitForSignal.await(AwaitForSignal.java:48)
        at app//org.apache.ratis.util.AwaitToRun$RunnableImpl.run(AwaitToRun.java:47)
        at java.base@21.0.5/java.lang.Thread.runWith(Thread.java:1596)
        at java.base@21.0.5/java.lang.Thread.run(Thread.java:1583)
"Session-HouseKeeper-5460452a-1"  prio=5 tid=666 timed_waiting
java.lang.Thread.State: TIMED_WAITING
        at java.base@21.0.5/jdk.internal.misc.Unsafe.park(Native Method)
        at java.base@21.0.5/java.util.concurrent.locks.LockSupport.parkNanos(LockSupport.java:269)
        at java.base@21.0.5/java.util.concurrent.locks.AbstractQueuedSynchronizer$ConditionObject.awaitNanos(AbstractQueuedSynchronizer.java:1763)
        at java.base@21.0.5/java.util.concurrent.ScheduledThreadPoolExecutor$DelayedWorkQueue.take(ScheduledThreadPoolExecutor.java:1182)
        at java.base@21.0.5/java.util.concurrent.ScheduledThreadPoolExecutor$DelayedWorkQueue.take(ScheduledThreadPoolExecutor.java:899)
        at java.base@21.0.5/java.util.concurrent.ThreadPoolExecutor.getTask(ThreadPoolExecutor.java:1070)
        at java.base@21.0.5/java.util.concurrent.ThreadPoolExecutor.runWorker(ThreadPoolExecutor.java:1130)
        at java.base@21.0.5/java.util.concurrent.ThreadPoolExecutor$Worker.run(ThreadPoolExecutor.java:642)
        at java.base@21.0.5/java.lang.Thread.runWith(Thread.java:1596)
        at java.base@21.0.5/java.lang.Thread.run(Thread.java:1583)
"qtp1768621734-520-acceptor-0@54eab67-ServerConnector@71988db3{HTTP/1.1, (http/1.1)}{0.0.0.0:15011}" daemon prio=3 tid=520 runnable
java.lang.Thread.State: RUNNABLE
        at java.base@21.0.5/sun.nio.ch.Net.accept(Native Method)
        at java.base@21.0.5/sun.nio.ch.ServerSocketChannelImpl.implAccept(ServerSocketChannelImpl.java:433)
        at java.base@21.0.5/sun.nio.ch.ServerSocketChannelImpl.accept(ServerSocketChannelImpl.java:399)
        at app//org.eclipse.jetty.server.ServerConnector.accept(ServerConnector.java:388)
        at app//org.eclipse.jetty.server.AbstractConnector$Acceptor.run(AbstractConnector.java:704)
        at app//org.eclipse.jetty.util.thread.QueuedThreadPool.runJob(QueuedThreadPool.java:883)
        at app//org.eclipse.jetty.util.thread.QueuedThreadPool$Runner.run(QueuedThreadPool.java:1034)
        at java.base@21.0.5/java.lang.Thread.runWith(Thread.java:1596)
        at java.base@21.0.5/java.lang.Thread.run(Thread.java:1583)
"qtp442606276-803" daemon prio=5 tid=803 timed_waiting
java.lang.Thread.State: TIMED_WAITING
        at java.base@21.0.5/jdk.internal.misc.Unsafe.park(Native Method)
        at java.base@21.0.5/java.util.concurrent.locks.LockSupport.parkNanos(LockSupport.java:269)
        at java.base@21.0.5/java.util.concurrent.locks.AbstractQueuedSynchronizer$ConditionObject.awaitNanos(AbstractQueuedSynchronizer.java:1763)
        at app//org.eclipse.jetty.util.BlockingArrayQueue.poll(BlockingArrayQueue.java:382)
        at app//org.eclipse.jetty.util.thread.QueuedThreadPool$Runner.idleJobPoll(QueuedThreadPool.java:974)
        at app//org.eclipse.jetty.util.thread.QueuedThreadPool$Runner.run(QueuedThreadPool.java:1018)
        at java.base@21.0.5/java.lang.Thread.runWith(Thread.java:1596)
        at java.base@21.0.5/java.lang.Thread.run(Thread.java:1583)
"IPC Server handler 30 on default port 15002" daemon prio=5 tid=362 timed_waiting
java.lang.Thread.State: TIMED_WAITING
        at java.base@21.0.5/jdk.internal.misc.Unsafe.park(Native Method)
        at java.base@21.0.5/java.util.concurrent.locks.LockSupport.parkNanos(LockSupport.java:269)
        at java.base@21.0.5/java.util.concurrent.locks.AbstractQueuedSynchronizer$ConditionObject.awaitNanos(AbstractQueuedSynchronizer.java:1763)
        at java.base@21.0.5/java.util.concurrent.LinkedBlockingQueue.poll(LinkedBlockingQueue.java:460)
        at app//org.apache.hadoop.ipc.CallQueueManager.take(CallQueueManager.java:370)
        at app//org.apache.hadoop.ipc.Server$Handler.run(Server.java:3165)
"qtp270478498-483" daemon prio=5 tid=483 timed_waiting
java.lang.Thread.State: TIMED_WAITING
        at java.base@21.0.5/jdk.internal.misc.Unsafe.park(Native Method)
        at java.base@21.0.5/java.util.concurrent.locks.LockSupport.parkNanos(LockSupport.java:269)
        at java.base@21.0.5/java.util.concurrent.locks.AbstractQueuedSynchronizer$ConditionObject.awaitNanos(AbstractQueuedSynchronizer.java:1763)
        at app//org.eclipse.jetty.util.BlockingArrayQueue.poll(BlockingArrayQueue.java:382)
        at app//org.eclipse.jetty.util.thread.QueuedThreadPool$Runner.idleJobPoll(QueuedThreadPool.java:974)
        at app//org.eclipse.jetty.util.thread.QueuedThreadPool$Runner.run(QueuedThreadPool.java:1018)
        at java.base@21.0.5/java.lang.Thread.runWith(Thread.java:1596)
        at java.base@21.0.5/java.lang.Thread.run(Thread.java:1583)
"Socket Reader #3 for port 15012"  prio=5 tid=530 runnable
java.lang.Thread.State: RUNNABLE
        at java.base@21.0.5/sun.nio.ch.EPoll.wait(Native Method)
        at java.base@21.0.5/sun.nio.ch.EPollSelectorImpl.doSelect(EPollSelectorImpl.java:121)
        at java.base@21.0.5/sun.nio.ch.SelectorImpl.lockAndDoSelect(SelectorImpl.java:130)
        at java.base@21.0.5/sun.nio.ch.SelectorImpl.select(SelectorImpl.java:147)
        at app//org.apache.hadoop.ipc.Server$Listener$Reader.doRunLoop(Server.java:1497)
        at app//org.apache.hadoop.ipc.Server$Listener$Reader.run(Server.java:1476)
"Socket Reader #7 for port 15048"  prio=5 tid=720 runnable
java.lang.Thread.State: RUNNABLE
        at java.base@21.0.5/sun.nio.ch.EPoll.wait(Native Method)
        at java.base@21.0.5/sun.nio.ch.EPollSelectorImpl.doSelect(EPollSelectorImpl.java:121)
        at java.base@21.0.5/sun.nio.ch.SelectorImpl.lockAndDoSelect(SelectorImpl.java:130)
        at java.base@21.0.5/sun.nio.ch.SelectorImpl.select(SelectorImpl.java:147)
        at app//org.apache.hadoop.ipc.Server$Listener$Reader.doRunLoop(Server.java:1497)
        at app//org.apache.hadoop.ipc.Server$Listener$Reader.run(Server.java:1476)
"4b5ea8a3-88a5-4114-908f-7a85f39bc1cb@group-5233A358D31F-LeaderStateImpl" daemon prio=5 tid=2361 timed_waiting
java.lang.Thread.State: TIMED_WAITING
        at java.base@21.0.5/jdk.internal.misc.Unsafe.park(Native Method)
        at java.base@21.0.5/java.util.concurrent.locks.LockSupport.parkNanos(LockSupport.java:269)
        at java.base@21.0.5/java.util.concurrent.locks.AbstractQueuedSynchronizer$ConditionObject.awaitNanos(AbstractQueuedSynchronizer.java:1763)
        at java.base@21.0.5/java.util.concurrent.ArrayBlockingQueue.poll(ArrayBlockingQueue.java:435)
        at app//org.apache.ratis.server.impl.LeaderStateImpl$EventQueue.poll(LeaderStateImpl.java:164)
        at app//org.apache.ratis.server.impl.LeaderStateImpl$EventProcessor.run(LeaderStateImpl.java:763)
"StaleRecoveringContainerScrubbingService#7" daemon prio=5 tid=2856 in Object.wait()
java.lang.Thread.State: WAITING (on object monitor)
        at java.base@21.0.5/jdk.internal.misc.Unsafe.park(Native Method)
        at java.base@21.0.5/java.util.concurrent.locks.LockSupport.park(LockSupport.java:371)
        at java.base@21.0.5/java.util.concurrent.locks.AbstractQueuedSynchronizer$ConditionNode.block(AbstractQueuedSynchronizer.java:519)
        at java.base@21.0.5/java.util.concurrent.ForkJoinPool.unmanagedBlock(ForkJoinPool.java:3780)
        at java.base@21.0.5/java.util.concurrent.ForkJoinPool.managedBlock(ForkJoinPool.java:3725)
        at java.base@21.0.5/java.util.concurrent.locks.AbstractQueuedSynchronizer$ConditionObject.await(AbstractQueuedSynchronizer.java:1712)
        at java.base@21.0.5/java.util.concurrent.ScheduledThreadPoolExecutor$DelayedWorkQueue.take(ScheduledThreadPoolExecutor.java:1177)
        at java.base@21.0.5/java.util.concurrent.ScheduledThreadPoolExecutor$DelayedWorkQueue.take(ScheduledThreadPoolExecutor.java:899)
        at java.base@21.0.5/java.util.concurrent.ThreadPoolExecutor.getTask(ThreadPoolExecutor.java:1070)
        at java.base@21.0.5/java.util.concurrent.ThreadPoolExecutor.runWorker(ThreadPoolExecutor.java:1130)
        at java.base@21.0.5/java.util.concurrent.ThreadPoolExecutor$Worker.run(ThreadPoolExecutor.java:642)
        at java.base@21.0.5/java.lang.Thread.runWith(Thread.java:1596)
        at java.base@21.0.5/java.lang.Thread.run(Thread.java:1583)
"IPC Server handler 24 on default port 15002" daemon prio=5 tid=356 timed_waiting
java.lang.Thread.State: TIMED_WAITING
        at java.base@21.0.5/jdk.internal.misc.Unsafe.park(Native Method)
        at java.base@21.0.5/java.util.concurrent.locks.LockSupport.parkNanos(LockSupport.java:269)
        at java.base@21.0.5/java.util.concurrent.locks.AbstractQueuedSynchronizer$ConditionObject.awaitNanos(AbstractQueuedSynchronizer.java:1763)
        at java.base@21.0.5/java.util.concurrent.LinkedBlockingQueue.poll(LinkedBlockingQueue.java:460)
        at app//org.apache.hadoop.ipc.CallQueueManager.take(CallQueueManager.java:370)
        at app//org.apache.hadoop.ipc.Server$Handler.run(Server.java:3165)
"26f755b0-b4b1-4239-8401-e418fca9ef4b-ChunkWriter-3-0" daemon prio=5 tid=2535 in Object.wait()
java.lang.Thread.State: WAITING (on object monitor)
        at java.base@21.0.5/jdk.internal.misc.Unsafe.park(Native Method)
        at java.base@21.0.5/java.util.concurrent.locks.LockSupport.park(LockSupport.java:371)
        at java.base@21.0.5/java.util.concurrent.locks.AbstractQueuedSynchronizer$ConditionNode.block(AbstractQueuedSynchronizer.java:519)
        at java.base@21.0.5/java.util.concurrent.ForkJoinPool.unmanagedBlock(ForkJoinPool.java:3780)
        at java.base@21.0.5/java.util.concurrent.ForkJoinPool.managedBlock(ForkJoinPool.java:3725)
        at java.base@21.0.5/java.util.concurrent.locks.AbstractQueuedSynchronizer$ConditionObject.await(AbstractQueuedSynchronizer.java:1712)
        at java.base@21.0.5/java.util.concurrent.LinkedBlockingDeque.takeFirst(LinkedBlockingDeque.java:485)
        at java.base@21.0.5/java.util.concurrent.LinkedBlockingDeque.take(LinkedBlockingDeque.java:673)
        at java.base@21.0.5/java.util.concurrent.ThreadPoolExecutor.getTask(ThreadPoolExecutor.java:1070)
        at java.base@21.0.5/java.util.concurrent.ThreadPoolExecutor.runWorker(ThreadPoolExecutor.java:1130)
        at java.base@21.0.5/java.util.concurrent.ThreadPoolExecutor$Worker.run(ThreadPoolExecutor.java:642)
        at java.base@21.0.5/java.lang.Thread.runWith(Thread.java:1596)
        at java.base@21.0.5/java.lang.Thread.run(Thread.java:1583)
"IPC Server handler 54 on default port 15001" daemon prio=5 tid=268 timed_waiting
java.lang.Thread.State: TIMED_WAITING
        at java.base@21.0.5/jdk.internal.misc.Unsafe.park(Native Method)
        at java.base@21.0.5/java.util.concurrent.locks.LockSupport.parkNanos(LockSupport.java:269)
        at java.base@21.0.5/java.util.concurrent.locks.AbstractQueuedSynchronizer$ConditionObject.awaitNanos(AbstractQueuedSynchronizer.java:1763)
        at java.base@21.0.5/java.util.concurrent.LinkedBlockingQueue.poll(LinkedBlockingQueue.java:460)
        at app//org.apache.hadoop.ipc.CallQueueManager.take(CallQueueManager.java:370)
        at app//org.apache.hadoop.ipc.Server$Handler.run(Server.java:3165)
"StaleRecoveringContainerScrubbingService#4" daemon prio=5 tid=2581 in Object.wait()
java.lang.Thread.State: WAITING (on object monitor)
        at java.base@21.0.5/jdk.internal.misc.Unsafe.park(Native Method)
        at java.base@21.0.5/java.util.concurrent.locks.LockSupport.park(LockSupport.java:371)
        at java.base@21.0.5/java.util.concurrent.locks.AbstractQueuedSynchronizer$ConditionNode.block(AbstractQueuedSynchronizer.java:519)
        at java.base@21.0.5/java.util.concurrent.ForkJoinPool.unmanagedBlock(ForkJoinPool.java:3780)
        at java.base@21.0.5/java.util.concurrent.ForkJoinPool.managedBlock(ForkJoinPool.java:3725)
        at java.base@21.0.5/java.util.concurrent.locks.AbstractQueuedSynchronizer$ConditionObject.await(AbstractQueuedSynchronizer.java:1712)
        at java.base@21.0.5/java.util.concurrent.ScheduledThreadPoolExecutor$DelayedWorkQueue.take(ScheduledThreadPoolExecutor.java:1177)
        at java.base@21.0.5/java.util.concurrent.ScheduledThreadPoolExecutor$DelayedWorkQueue.take(ScheduledThreadPoolExecutor.java:899)
        at java.base@21.0.5/java.util.concurrent.ThreadPoolExecutor.getTask(ThreadPoolExecutor.java:1070)
        at java.base@21.0.5/java.util.concurrent.ThreadPoolExecutor.runWorker(ThreadPoolExecutor.java:1130)
        at java.base@21.0.5/java.util.concurrent.ThreadPoolExecutor$Worker.run(ThreadPoolExecutor.java:642)
        at java.base@21.0.5/java.lang.Thread.runWith(Thread.java:1596)
        at java.base@21.0.5/java.lang.Thread.run(Thread.java:1583)
"eca5a246-1f8f-493f-b50d-7eee1f2fec76-ChunkReader-0" daemon prio=5 tid=2034 in Object.wait()
java.lang.Thread.State: WAITING (on object monitor)
        at java.base@21.0.5/jdk.internal.misc.Unsafe.park(Native Method)
        at java.base@21.0.5/java.util.concurrent.locks.LockSupport.park(LockSupport.java:371)
        at java.base@21.0.5/java.util.concurrent.locks.AbstractQueuedSynchronizer$ConditionNode.block(AbstractQueuedSynchronizer.java:519)
        at java.base@21.0.5/java.util.concurrent.ForkJoinPool.unmanagedBlock(ForkJoinPool.java:3780)
        at java.base@21.0.5/java.util.concurrent.ForkJoinPool.managedBlock(ForkJoinPool.java:3725)
        at java.base@21.0.5/java.util.concurrent.locks.AbstractQueuedSynchronizer$ConditionObject.await(AbstractQueuedSynchronizer.java:1712)
        at java.base@21.0.5/java.util.concurrent.LinkedBlockingQueue.take(LinkedBlockingQueue.java:435)
        at java.base@21.0.5/java.util.concurrent.ThreadPoolExecutor.getTask(ThreadPoolExecutor.java:1070)
        at java.base@21.0.5/java.util.concurrent.ThreadPoolExecutor.runWorker(ThreadPoolExecutor.java:1130)
        at java.base@21.0.5/java.util.concurrent.ThreadPoolExecutor$Worker.run(ThreadPoolExecutor.java:642)
        at java.base@21.0.5/java.lang.Thread.runWith(Thread.java:1596)
        at java.base@21.0.5/java.lang.Thread.run(Thread.java:1583)
"02fc1759-725d-47af-8349-873c9c5c9167@group-1CB239B5D031->751e45cc-852a-454f-97c8-e80f2befe6f4-GrpcLogAppender-LogAppenderDaemon" daemon prio=5 tid=1915 timed_waiting
java.lang.Thread.State: TIMED_WAITING
        at java.base@21.0.5/jdk.internal.misc.Unsafe.park(Native Method)
        at java.base@21.0.5/java.util.concurrent.locks.LockSupport.parkNanos(LockSupport.java:269)
        at java.base@21.0.5/java.util.concurrent.locks.AbstractQueuedSynchronizer$ConditionObject.await(AbstractQueuedSynchronizer.java:1852)
        at app//org.apache.ratis.util.AwaitForSignal.await(AwaitForSignal.java:65)
        at app//org.apache.ratis.grpc.server.GrpcLogAppender.mayWait(GrpcLogAppender.java:290)
        at app//org.apache.ratis.grpc.server.GrpcLogAppender.run(GrpcLogAppender.java:258)
        at app//org.apache.ratis.server.leader.LogAppenderDaemon.run(LogAppenderDaemon.java:80)
        at app//org.apache.ratis.server.leader.LogAppenderDaemon$$Lambda/0x00007fd9cc91b588.run(Unknown Source)
        at java.base@21.0.5/java.lang.Thread.runWith(Thread.java:1596)
        at java.base@21.0.5/java.lang.Thread.run(Thread.java:1583)
"79978ed1-1a5c-4832-b584-9e2d85f03cd7@group-2F5615DC861B-SegmentedRaftLogWorker"  prio=5 tid=1177 timed_waiting
java.lang.Thread.State: TIMED_WAITING
        at java.base@21.0.5/jdk.internal.misc.Unsafe.park(Native Method)
        at java.base@21.0.5/java.util.concurrent.locks.LockSupport.parkNanos(LockSupport.java:269)
        at java.base@21.0.5/java.util.concurrent.locks.AbstractQueuedSynchronizer$ConditionObject.awaitNanos(AbstractQueuedSynchronizer.java:1763)
        at app//org.apache.ratis.util.DataBlockingQueue.poll(DataBlockingQueue.java:148)
        at app//org.apache.ratis.server.raftlog.segmented.SegmentedRaftLogWorker.run(SegmentedRaftLogWorker.java:307)
        at app//org.apache.ratis.server.raftlog.segmented.SegmentedRaftLogWorker$$Lambda/0x00007fd9cc334298.run(Unknown Source)
        at java.base@21.0.5/java.util.concurrent.Executors$RunnableAdapter.call(Executors.java:572)
        at java.base@21.0.5/java.util.concurrent.FutureTask.run(FutureTask.java:317)
        at java.base@21.0.5/java.util.concurrent.ThreadPoolExecutor.runWorker(ThreadPoolExecutor.java:1144)
        at java.base@21.0.5/java.util.concurrent.ThreadPoolExecutor$Worker.run(ThreadPoolExecutor.java:642)
        at java.base@21.0.5/java.lang.Thread.runWith(Thread.java:1596)
        at java.base@21.0.5/java.lang.Thread.run(Thread.java:1583)
"IPC Server handler 9 on default port 15030" daemon prio=5 tid=644 timed_waiting
java.lang.Thread.State: TIMED_WAITING
        at java.base@21.0.5/jdk.internal.misc.Unsafe.park(Native Method)
        at java.base@21.0.5/java.util.concurrent.locks.LockSupport.parkNanos(LockSupport.java:269)
        at java.base@21.0.5/java.util.concurrent.locks.AbstractQueuedSynchronizer$ConditionObject.awaitNanos(AbstractQueuedSynchronizer.java:1763)
        at java.base@21.0.5/java.util.concurrent.LinkedBlockingQueue.poll(LinkedBlockingQueue.java:460)
        at app//org.apache.hadoop.ipc.CallQueueManager.take(CallQueueManager.java:370)
        at app//org.apache.hadoop.ipc.Server$Handler.run(Server.java:3165)
"StaleRecoveringContainerScrubbingService#5" daemon prio=5 tid=2679 in Object.wait()
java.lang.Thread.State: WAITING (on object monitor)
        at java.base@21.0.5/jdk.internal.misc.Unsafe.park(Native Method)
        at java.base@21.0.5/java.util.concurrent.locks.LockSupport.park(LockSupport.java:371)
        at java.base@21.0.5/java.util.concurrent.locks.AbstractQueuedSynchronizer$ConditionNode.block(AbstractQueuedSynchronizer.java:519)
        at java.base@21.0.5/java.util.concurrent.ForkJoinPool.unmanagedBlock(ForkJoinPool.java:3780)
        at java.base@21.0.5/java.util.concurrent.ForkJoinPool.managedBlock(ForkJoinPool.java:3725)
        at java.base@21.0.5/java.util.concurrent.locks.AbstractQueuedSynchronizer$ConditionObject.await(AbstractQueuedSynchronizer.java:1712)
        at java.base@21.0.5/java.util.concurrent.ScheduledThreadPoolExecutor$DelayedWorkQueue.take(ScheduledThreadPoolExecutor.java:1177)
        at java.base@21.0.5/java.util.concurrent.ScheduledThreadPoolExecutor$DelayedWorkQueue.take(ScheduledThreadPoolExecutor.java:899)
        at java.base@21.0.5/java.util.concurrent.ThreadPoolExecutor.getTask(ThreadPoolExecutor.java:1070)
        at java.base@21.0.5/java.util.concurrent.ThreadPoolExecutor.runWorker(ThreadPoolExecutor.java:1130)
        at java.base@21.0.5/java.util.concurrent.ThreadPoolExecutor$Worker.run(ThreadPoolExecutor.java:642)
        at java.base@21.0.5/java.lang.Thread.runWith(Thread.java:1596)
        at java.base@21.0.5/java.lang.Thread.run(Thread.java:1583)
"IPC Server handler 59 on default port 15001" daemon prio=5 tid=273 timed_waiting
java.lang.Thread.State: TIMED_WAITING
        at java.base@21.0.5/jdk.internal.misc.Unsafe.park(Native Method)
        at java.base@21.0.5/java.util.concurrent.locks.LockSupport.parkNanos(LockSupport.java:269)
        at java.base@21.0.5/java.util.concurrent.locks.AbstractQueuedSynchronizer$ConditionObject.awaitNanos(AbstractQueuedSynchronizer.java:1763)
        at java.base@21.0.5/java.util.concurrent.LinkedBlockingQueue.poll(LinkedBlockingQueue.java:460)
        at app//org.apache.hadoop.ipc.CallQueueManager.take(CallQueueManager.java:370)
        at app//org.apache.hadoop.ipc.Server$Handler.run(Server.java:3165)
"b6b79d51-52d7-4711-a690-06a51533978a@group-DAF53CCE5B84-LeaderStateImpl" daemon prio=5 tid=2217 timed_waiting
java.lang.Thread.State: TIMED_WAITING
        at java.base@21.0.5/jdk.internal.misc.Unsafe.park(Native Method)
        at java.base@21.0.5/java.util.concurrent.locks.LockSupport.parkNanos(LockSupport.java:269)
        at java.base@21.0.5/java.util.concurrent.locks.AbstractQueuedSynchronizer$ConditionObject.awaitNanos(AbstractQueuedSynchronizer.java:1763)
        at java.base@21.0.5/java.util.concurrent.ArrayBlockingQueue.poll(ArrayBlockingQueue.java:435)
        at app//org.apache.ratis.server.impl.LeaderStateImpl$EventQueue.poll(LeaderStateImpl.java:164)
        at app//org.apache.ratis.server.impl.LeaderStateImpl$EventProcessor.run(LeaderStateImpl.java:763)
"26f755b0-b4b1-4239-8401-e418fca9ef4b-DatanodeStateMachineDaemonThread" daemon prio=5 tid=2515 timed_waiting
java.lang.Thread.State: TIMED_WAITING
        at java.base@21.0.5/java.lang.Thread.sleep0(Native Method)
        at java.base@21.0.5/java.lang.Thread.sleep(Thread.java:509)
        at app//org.apache.hadoop.ozone.container.common.statemachine.DatanodeStateMachine.startStateMachineThread(DatanodeStateMachine.java:358)
        at app//org.apache.hadoop.ozone.container.common.statemachine.DatanodeStateMachine.lambda$startDaemon$1(DatanodeStateMachine.java:544)
        at app//org.apache.hadoop.ozone.container.common.statemachine.DatanodeStateMachine$$Lambda/0x00007fd9cc7d49d8.run(Unknown Source)
        at java.base@21.0.5/java.lang.Thread.runWith(Thread.java:1596)
        at java.base@21.0.5/java.lang.Thread.run(Thread.java:1583)
"pool-112-thread-1"  prio=5 tid=563 timed_waiting
java.lang.Thread.State: TIMED_WAITING
        at java.base@21.0.5/jdk.internal.misc.Unsafe.park(Native Method)
        at java.base@21.0.5/java.util.concurrent.locks.LockSupport.parkNanos(LockSupport.java:269)
        at java.base@21.0.5/java.util.concurrent.locks.AbstractQueuedSynchronizer$ConditionObject.awaitNanos(AbstractQueuedSynchronizer.java:1763)
        at java.base@21.0.5/java.util.concurrent.ScheduledThreadPoolExecutor$DelayedWorkQueue.take(ScheduledThreadPoolExecutor.java:1182)
        at java.base@21.0.5/java.util.concurrent.ScheduledThreadPoolExecutor$DelayedWorkQueue.take(ScheduledThreadPoolExecutor.java:899)
        at java.base@21.0.5/java.util.concurrent.ThreadPoolExecutor.getTask(ThreadPoolExecutor.java:1070)
        at java.base@21.0.5/java.util.concurrent.ThreadPoolExecutor.runWorker(ThreadPoolExecutor.java:1130)
        at java.base@21.0.5/java.util.concurrent.ThreadPoolExecutor$Worker.run(ThreadPoolExecutor.java:642)
        at java.base@21.0.5/java.lang.Thread.runWith(Thread.java:1596)
        at java.base@21.0.5/java.lang.Thread.run(Thread.java:1583)
"3296053d-9d54-4057-a6a8-67c4b6ec6587@group-DAF53CCE5B84-StateMachineUpdater" daemon prio=5 tid=1537 timed_waiting
java.lang.Thread.State: TIMED_WAITING
        at java.base@21.0.5/jdk.internal.misc.Unsafe.park(Native Method)
        at java.base@21.0.5/java.util.concurrent.locks.LockSupport.parkNanos(LockSupport.java:269)
        at java.base@21.0.5/java.util.concurrent.locks.AbstractQueuedSynchronizer$ConditionObject.await(AbstractQueuedSynchronizer.java:1852)
        at app//org.apache.ratis.util.AwaitForSignal.await(AwaitForSignal.java:65)
        at app//org.apache.ratis.server.impl.StateMachineUpdater.waitForCommit(StateMachineUpdater.java:219)
        at app//org.apache.ratis.server.impl.StateMachineUpdater.run(StateMachineUpdater.java:187)
        at java.base@21.0.5/java.lang.Thread.runWith(Thread.java:1596)
        at java.base@21.0.5/java.lang.Thread.run(Thread.java:1583)
"02fc1759-725d-47af-8349-873c9c5c9167@group-1CB239B5D031-SegmentedRaftLogWorker"  prio=5 tid=1303 timed_waiting
java.lang.Thread.State: TIMED_WAITING
        at java.base@21.0.5/jdk.internal.misc.Unsafe.park(Native Method)
        at java.base@21.0.5/java.util.concurrent.locks.LockSupport.parkNanos(LockSupport.java:269)
        at java.base@21.0.5/java.util.concurrent.locks.AbstractQueuedSynchronizer$ConditionObject.awaitNanos(AbstractQueuedSynchronizer.java:1763)
        at app//org.apache.ratis.util.DataBlockingQueue.poll(DataBlockingQueue.java:148)
        at app//org.apache.ratis.server.raftlog.segmented.SegmentedRaftLogWorker.run(SegmentedRaftLogWorker.java:307)
        at app//org.apache.ratis.server.raftlog.segmented.SegmentedRaftLogWorker$$Lambda/0x00007fd9cc334298.run(Unknown Source)
        at java.base@21.0.5/java.util.concurrent.Executors$RunnableAdapter.call(Executors.java:572)
        at java.base@21.0.5/java.util.concurrent.FutureTask.run(FutureTask.java:317)
        at java.base@21.0.5/java.util.concurrent.ThreadPoolExecutor.runWorker(ThreadPoolExecutor.java:1144)
        at java.base@21.0.5/java.util.concurrent.ThreadPoolExecutor$Worker.run(ThreadPoolExecutor.java:642)
        at java.base@21.0.5/java.lang.Thread.runWith(Thread.java:1596)
        at java.base@21.0.5/java.lang.Thread.run(Thread.java:1583)
"IPC Server handler 15 on default port 15002" daemon prio=5 tid=347 timed_waiting
java.lang.Thread.State: TIMED_WAITING
        at java.base@21.0.5/jdk.internal.misc.Unsafe.park(Native Method)
        at java.base@21.0.5/java.util.concurrent.locks.LockSupport.parkNanos(LockSupport.java:269)
        at java.base@21.0.5/java.util.concurrent.locks.AbstractQueuedSynchronizer$ConditionObject.awaitNanos(AbstractQueuedSynchronizer.java:1763)
        at java.base@21.0.5/java.util.concurrent.LinkedBlockingQueue.poll(LinkedBlockingQueue.java:460)
        at app//org.apache.hadoop.ipc.CallQueueManager.take(CallQueueManager.java:370)
        at app//org.apache.hadoop.ipc.Server$Handler.run(Server.java:3165)
"ForkJoinPool.commonPool-worker-2" daemon prio=5 tid=31 timed_waiting
java.lang.Thread.State: TIMED_WAITING
        at java.base@21.0.5/jdk.internal.misc.Unsafe.park(Native Method)
        at java.base@21.0.5/java.util.concurrent.locks.LockSupport.parkUntil(LockSupport.java:449)
        at java.base@21.0.5/java.util.concurrent.ForkJoinPool.awaitWork(ForkJoinPool.java:1891)
        at java.base@21.0.5/java.util.concurrent.ForkJoinPool.runWorker(ForkJoinPool.java:1809)
        at java.base@21.0.5/java.util.concurrent.ForkJoinWorkerThread.run(ForkJoinWorkerThread.java:188)
"StaleRecoveringContainerScrubbingService#3" daemon prio=5 tid=2439 in Object.wait()
java.lang.Thread.State: WAITING (on object monitor)
        at java.base@21.0.5/jdk.internal.misc.Unsafe.park(Native Method)
        at java.base@21.0.5/java.util.concurrent.locks.LockSupport.park(LockSupport.java:371)
        at java.base@21.0.5/java.util.concurrent.locks.AbstractQueuedSynchronizer$ConditionNode.block(AbstractQueuedSynchronizer.java:519)
        at java.base@21.0.5/java.util.concurrent.ForkJoinPool.unmanagedBlock(ForkJoinPool.java:3780)
        at java.base@21.0.5/java.util.concurrent.ForkJoinPool.managedBlock(ForkJoinPool.java:3725)
        at java.base@21.0.5/java.util.concurrent.locks.AbstractQueuedSynchronizer$ConditionObject.await(AbstractQueuedSynchronizer.java:1712)
        at java.base@21.0.5/java.util.concurrent.ScheduledThreadPoolExecutor$DelayedWorkQueue.take(ScheduledThreadPoolExecutor.java:1177)
        at java.base@21.0.5/java.util.concurrent.ScheduledThreadPoolExecutor$DelayedWorkQueue.take(ScheduledThreadPoolExecutor.java:899)
        at java.base@21.0.5/java.util.concurrent.ThreadPoolExecutor.getTask(ThreadPoolExecutor.java:1070)
        at java.base@21.0.5/java.util.concurrent.ThreadPoolExecutor.runWorker(ThreadPoolExecutor.java:1130)
        at java.base@21.0.5/java.util.concurrent.ThreadPoolExecutor$Worker.run(ThreadPoolExecutor.java:642)
        at java.base@21.0.5/java.lang.Thread.runWith(Thread.java:1596)
        at java.base@21.0.5/java.lang.Thread.run(Thread.java:1583)
"79978ed1-1a5c-4832-b584-9e2d85f03cd7@group-69B381BA0E06-FollowerState" daemon prio=5 tid=1822 timed_waiting
java.lang.Thread.State: TIMED_WAITING
        at java.base@21.0.5/java.lang.Thread.sleep0(Native Method)
        at java.base@21.0.5/java.lang.Thread.sleep(Thread.java:558)
        at java.base@21.0.5/java.util.concurrent.TimeUnit.sleep(TimeUnit.java:446)
        at app//org.apache.ratis.util.TimeDuration.sleep(TimeDuration.java:353)
        at app//org.apache.ratis.util.TimeDuration.sleep(TimeDuration.java:338)
        at app//org.apache.ratis.server.impl.FollowerState.runImpl(FollowerState.java:149)
        at app//org.apache.ratis.server.impl.FollowerState.run(FollowerState.java:130)
"IPC Server handler 9 on default port 15093" daemon prio=5 tid=1024 timed_waiting
java.lang.Thread.State: TIMED_WAITING
        at java.base@21.0.5/jdk.internal.misc.Unsafe.park(Native Method)
        at java.base@21.0.5/java.util.concurrent.locks.LockSupport.parkNanos(LockSupport.java:269)
        at java.base@21.0.5/java.util.concurrent.locks.AbstractQueuedSynchronizer$ConditionObject.awaitNanos(AbstractQueuedSynchronizer.java:1763)
        at java.base@21.0.5/java.util.concurrent.LinkedBlockingQueue.poll(LinkedBlockingQueue.java:460)
        at app//org.apache.hadoop.ipc.CallQueueManager.take(CallQueueManager.java:370)
        at app//org.apache.hadoop.ipc.Server$Handler.run(Server.java:3165)
"JvmPauseMonitor13" daemon prio=5 tid=2570 timed_waiting
java.lang.Thread.State: TIMED_WAITING
        at java.base@21.0.5/java.lang.Thread.sleep0(Native Method)
        at java.base@21.0.5/java.lang.Thread.sleep(Thread.java:558)
        at java.base@21.0.5/java.util.concurrent.TimeUnit.sleep(TimeUnit.java:446)
        at app//org.apache.ratis.util.TimeDuration.sleep(TimeDuration.java:353)
        at app//org.apache.ratis.util.TimeDuration.sleep(TimeDuration.java:338)
        at app//org.apache.ratis.util.JvmPauseMonitor.detectPause(JvmPauseMonitor.java:160)
        at app//org.apache.ratis.util.JvmPauseMonitor.run(JvmPauseMonitor.java:149)
        at app//org.apache.ratis.util.JvmPauseMonitor$$Lambda/0x00007fd9cc38c980.run(Unknown Source)
        at java.base@21.0.5/java.lang.Thread.runWith(Thread.java:1596)
        at java.base@21.0.5/java.lang.Thread.run(Thread.java:1583)
"Socket Reader #4 for port 15021"  prio=5 tid=577 runnable
java.lang.Thread.State: RUNNABLE
        at java.base@21.0.5/sun.nio.ch.EPoll.wait(Native Method)
        at java.base@21.0.5/sun.nio.ch.EPollSelectorImpl.doSelect(EPollSelectorImpl.java:121)
        at java.base@21.0.5/sun.nio.ch.SelectorImpl.lockAndDoSelect(SelectorImpl.java:130)
        at java.base@21.0.5/sun.nio.ch.SelectorImpl.select(SelectorImpl.java:147)
        at app//org.apache.hadoop.ipc.Server$Listener$Reader.doRunLoop(Server.java:1497)
        at app//org.apache.hadoop.ipc.Server$Listener$Reader.run(Server.java:1476)
"IPC Server handler 63 on default port 15000" daemon prio=5 tid=177 timed_waiting
java.lang.Thread.State: TIMED_WAITING
        at java.base@21.0.5/jdk.internal.misc.Unsafe.park(Native Method)
        at java.base@21.0.5/java.util.concurrent.locks.LockSupport.parkNanos(LockSupport.java:269)
        at java.base@21.0.5/java.util.concurrent.locks.AbstractQueuedSynchronizer$ConditionObject.awaitNanos(AbstractQueuedSynchronizer.java:1763)
        at java.base@21.0.5/java.util.concurrent.LinkedBlockingQueue.poll(LinkedBlockingQueue.java:460)
        at app//org.apache.hadoop.ipc.CallQueueManager.take(CallQueueManager.java:370)
        at app//org.apache.hadoop.ipc.Server$Handler.run(Server.java:3165)
"Socket Reader #9 for port 15075"  prio=5 tid=2500 runnable
java.lang.Thread.State: RUNNABLE
        at java.base@21.0.5/sun.nio.ch.EPoll.wait(Native Method)
        at java.base@21.0.5/sun.nio.ch.EPollSelectorImpl.doSelect(EPollSelectorImpl.java:121)
        at java.base@21.0.5/sun.nio.ch.SelectorImpl.lockAndDoSelect(SelectorImpl.java:130)
        at java.base@21.0.5/sun.nio.ch.SelectorImpl.select(SelectorImpl.java:147)
        at app//org.apache.hadoop.ipc.Server$Listener$Reader.doRunLoop(Server.java:1497)
        at app//org.apache.hadoop.ipc.Server$Listener$Reader.run(Server.java:1476)
"IPC Server handler 34 on default port 15000" daemon prio=5 tid=148 timed_waiting
java.lang.Thread.State: TIMED_WAITING
        at java.base@21.0.5/jdk.internal.misc.Unsafe.park(Native Method)
        at java.base@21.0.5/java.util.concurrent.locks.LockSupport.parkNanos(LockSupport.java:269)
        at java.base@21.0.5/java.util.concurrent.locks.AbstractQueuedSynchronizer$ConditionObject.awaitNanos(AbstractQueuedSynchronizer.java:1763)
        at java.base@21.0.5/java.util.concurrent.LinkedBlockingQueue.poll(LinkedBlockingQueue.java:460)
        at app//org.apache.hadoop.ipc.CallQueueManager.take(CallQueueManager.java:370)
        at app//org.apache.hadoop.ipc.Server$Handler.run(Server.java:3165)
"3296053d-9d54-4057-a6a8-67c4b6ec6587@group-8D64113706DD-LeaderStateImpl" daemon prio=5 tid=2008 timed_waiting
java.lang.Thread.State: TIMED_WAITING
        at java.base@21.0.5/jdk.internal.misc.Unsafe.park(Native Method)
        at java.base@21.0.5/java.util.concurrent.locks.LockSupport.parkNanos(LockSupport.java:269)
        at java.base@21.0.5/java.util.concurrent.locks.AbstractQueuedSynchronizer$ConditionObject.awaitNanos(AbstractQueuedSynchronizer.java:1763)
        at java.base@21.0.5/java.util.concurrent.ArrayBlockingQueue.poll(ArrayBlockingQueue.java:435)
        at app//org.apache.ratis.server.impl.LeaderStateImpl$EventQueue.poll(LeaderStateImpl.java:164)
        at app//org.apache.ratis.server.impl.LeaderStateImpl$EventProcessor.run(LeaderStateImpl.java:763)
"IPC Server handler 6 on default port 15030" daemon prio=5 tid=641 timed_waiting
java.lang.Thread.State: TIMED_WAITING
        at java.base@21.0.5/jdk.internal.misc.Unsafe.park(Native Method)
        at java.base@21.0.5/java.util.concurrent.locks.LockSupport.parkNanos(LockSupport.java:269)
        at java.base@21.0.5/java.util.concurrent.locks.AbstractQueuedSynchronizer$ConditionObject.awaitNanos(AbstractQueuedSynchronizer.java:1763)
        at java.base@21.0.5/java.util.concurrent.LinkedBlockingQueue.poll(LinkedBlockingQueue.java:460)
        at app//org.apache.hadoop.ipc.CallQueueManager.take(CallQueueManager.java:370)
        at app//org.apache.hadoop.ipc.Server$Handler.run(Server.java:3165)
"Session-HouseKeeper-41cd09da-1"  prio=5 tid=804 timed_waiting
java.lang.Thread.State: TIMED_WAITING
        at java.base@21.0.5/jdk.internal.misc.Unsafe.park(Native Method)
        at java.base@21.0.5/java.util.concurrent.locks.LockSupport.parkNanos(LockSupport.java:269)
        at java.base@21.0.5/java.util.concurrent.locks.AbstractQueuedSynchronizer$ConditionObject.awaitNanos(AbstractQueuedSynchronizer.java:1763)
        at java.base@21.0.5/java.util.concurrent.ScheduledThreadPoolExecutor$DelayedWorkQueue.take(ScheduledThreadPoolExecutor.java:1182)
        at java.base@21.0.5/java.util.concurrent.ScheduledThreadPoolExecutor$DelayedWorkQueue.take(ScheduledThreadPoolExecutor.java:899)
        at java.base@21.0.5/java.util.concurrent.ThreadPoolExecutor.getTask(ThreadPoolExecutor.java:1070)
        at java.base@21.0.5/java.util.concurrent.ThreadPoolExecutor.runWorker(ThreadPoolExecutor.java:1130)
        at java.base@21.0.5/java.util.concurrent.ThreadPoolExecutor$Worker.run(ThreadPoolExecutor.java:642)
        at java.base@21.0.5/java.lang.Thread.runWith(Thread.java:1596)
        at java.base@21.0.5/java.lang.Thread.run(Thread.java:1583)
"4b5ea8a3-88a5-4114-908f-7a85f39bc1cb@group-66FA7163FB5C->eca5a246-1f8f-493f-b50d-7eee1f2fec76-GrpcLogAppender-LogAppenderDaemon" daemon prio=5 tid=2063 timed_waiting
java.lang.Thread.State: TIMED_WAITING
        at java.base@21.0.5/jdk.internal.misc.Unsafe.park(Native Method)
        at java.base@21.0.5/java.util.concurrent.locks.LockSupport.parkNanos(LockSupport.java:269)
        at java.base@21.0.5/java.util.concurrent.locks.AbstractQueuedSynchronizer$ConditionObject.await(AbstractQueuedSynchronizer.java:1852)
        at app//org.apache.ratis.util.AwaitForSignal.await(AwaitForSignal.java:65)
        at app//org.apache.ratis.grpc.server.GrpcLogAppender.mayWait(GrpcLogAppender.java:290)
        at app//org.apache.ratis.grpc.server.GrpcLogAppender.run(GrpcLogAppender.java:258)
        at app//org.apache.ratis.server.leader.LogAppenderDaemon.run(LogAppenderDaemon.java:80)
        at app//org.apache.ratis.server.leader.LogAppenderDaemon$$Lambda/0x00007fd9cc91b588.run(Unknown Source)
        at java.base@21.0.5/java.lang.Thread.runWith(Thread.java:1596)
        at java.base@21.0.5/java.lang.Thread.run(Thread.java:1583)
"IPC Server handler 45 on default port 15002" daemon prio=5 tid=377 timed_waiting
java.lang.Thread.State: TIMED_WAITING
        at java.base@21.0.5/jdk.internal.misc.Unsafe.park(Native Method)
        at java.base@21.0.5/java.util.concurrent.locks.LockSupport.parkNanos(LockSupport.java:269)
        at java.base@21.0.5/java.util.concurrent.locks.AbstractQueuedSynchronizer$ConditionObject.awaitNanos(AbstractQueuedSynchronizer.java:1763)
        at java.base@21.0.5/java.util.concurrent.LinkedBlockingQueue.poll(LinkedBlockingQueue.java:460)
        at app//org.apache.hadoop.ipc.CallQueueManager.take(CallQueueManager.java:370)
        at app//org.apache.hadoop.ipc.Server$Handler.run(Server.java:3165)
"3296053d-9d54-4057-a6a8-67c4b6ec6587-EndpointStateMachineTaskThread-/0.0.0.0:15002-0 "  prio=5 tid=984 in Object.wait()
java.lang.Thread.State: WAITING (on object monitor)
        at java.base@21.0.5/jdk.internal.misc.Unsafe.park(Native Method)
        at java.base@21.0.5/java.util.concurrent.locks.LockSupport.park(LockSupport.java:371)
        at java.base@21.0.5/java.util.concurrent.locks.AbstractQueuedSynchronizer$ConditionNode.block(AbstractQueuedSynchronizer.java:519)
        at java.base@21.0.5/java.util.concurrent.ForkJoinPool.unmanagedBlock(ForkJoinPool.java:3780)
        at java.base@21.0.5/java.util.concurrent.ForkJoinPool.managedBlock(ForkJoinPool.java:3725)
        at java.base@21.0.5/java.util.concurrent.locks.AbstractQueuedSynchronizer$ConditionObject.await(AbstractQueuedSynchronizer.java:1712)
        at java.base@21.0.5/java.util.concurrent.LinkedBlockingQueue.take(LinkedBlockingQueue.java:435)
        at java.base@21.0.5/java.util.concurrent.ThreadPoolExecutor.getTask(ThreadPoolExecutor.java:1070)
        at java.base@21.0.5/java.util.concurrent.ThreadPoolExecutor.runWorker(ThreadPoolExecutor.java:1130)
        at java.base@21.0.5/java.util.concurrent.ThreadPoolExecutor$Worker.run(ThreadPoolExecutor.java:642)
        at java.base@21.0.5/java.lang.Thread.runWith(Thread.java:1596)
        at java.base@21.0.5/java.lang.Thread.run(Thread.java:1583)
"eca5a246-1f8f-493f-b50d-7eee1f2fec76-ChunkWriter-3-0" daemon prio=5 tid=1103 in Object.wait()
java.lang.Thread.State: WAITING (on object monitor)
        at java.base@21.0.5/jdk.internal.misc.Unsafe.park(Native Method)
        at java.base@21.0.5/java.util.concurrent.locks.LockSupport.park(LockSupport.java:371)
        at java.base@21.0.5/java.util.concurrent.locks.AbstractQueuedSynchronizer$ConditionNode.block(AbstractQueuedSynchronizer.java:519)
        at java.base@21.0.5/java.util.concurrent.ForkJoinPool.unmanagedBlock(ForkJoinPool.java:3780)
        at java.base@21.0.5/java.util.concurrent.ForkJoinPool.managedBlock(ForkJoinPool.java:3725)
        at java.base@21.0.5/java.util.concurrent.locks.AbstractQueuedSynchronizer$ConditionObject.await(AbstractQueuedSynchronizer.java:1712)
        at java.base@21.0.5/java.util.concurrent.LinkedBlockingDeque.takeFirst(LinkedBlockingDeque.java:485)
        at java.base@21.0.5/java.util.concurrent.LinkedBlockingDeque.take(LinkedBlockingDeque.java:673)
        at java.base@21.0.5/java.util.concurrent.ThreadPoolExecutor.getTask(ThreadPoolExecutor.java:1070)
        at java.base@21.0.5/java.util.concurrent.ThreadPoolExecutor.runWorker(ThreadPoolExecutor.java:1130)
        at java.base@21.0.5/java.util.concurrent.ThreadPoolExecutor$Worker.run(ThreadPoolExecutor.java:642)
        at java.base@21.0.5/java.lang.Thread.runWith(Thread.java:1596)
        at java.base@21.0.5/java.lang.Thread.run(Thread.java:1583)
"om1-DirectoryDeletingService#1" daemon prio=5 tid=470 in Object.wait()
java.lang.Thread.State: WAITING (on object monitor)
        at java.base@21.0.5/jdk.internal.misc.Unsafe.park(Native Method)
        at java.base@21.0.5/java.util.concurrent.locks.LockSupport.park(LockSupport.java:371)
        at java.base@21.0.5/java.util.concurrent.locks.AbstractQueuedSynchronizer$ConditionNode.block(AbstractQueuedSynchronizer.java:519)
        at java.base@21.0.5/java.util.concurrent.ForkJoinPool.unmanagedBlock(ForkJoinPool.java:3780)
        at java.base@21.0.5/java.util.concurrent.ForkJoinPool.managedBlock(ForkJoinPool.java:3725)
        at java.base@21.0.5/java.util.concurrent.locks.AbstractQueuedSynchronizer$ConditionObject.await(AbstractQueuedSynchronizer.java:1712)
        at java.base@21.0.5/java.util.concurrent.ScheduledThreadPoolExecutor$DelayedWorkQueue.take(ScheduledThreadPoolExecutor.java:1177)
        at java.base@21.0.5/java.util.concurrent.ScheduledThreadPoolExecutor$DelayedWorkQueue.take(ScheduledThreadPoolExecutor.java:899)
        at java.base@21.0.5/java.util.concurrent.ThreadPoolExecutor.getTask(ThreadPoolExecutor.java:1070)
        at java.base@21.0.5/java.util.concurrent.ThreadPoolExecutor.runWorker(ThreadPoolExecutor.java:1130)
        at java.base@21.0.5/java.util.concurrent.ThreadPoolExecutor$Worker.run(ThreadPoolExecutor.java:642)
        at java.base@21.0.5/java.lang.Thread.runWith(Thread.java:1596)
        at java.base@21.0.5/java.lang.Thread.run(Thread.java:1583)
"ac32094a-198b-4072-99dd-552311e88daf@group-91A8CF666C05-SegmentedRaftLogWorker" daemon prio=5 tid=1679 timed_waiting
java.lang.Thread.State: TIMED_WAITING
        at java.base@21.0.5/jdk.internal.misc.Unsafe.park(Native Method)
        at java.base@21.0.5/java.util.concurrent.locks.LockSupport.parkNanos(LockSupport.java:269)
        at java.base@21.0.5/java.util.concurrent.locks.AbstractQueuedSynchronizer$ConditionObject.awaitNanos(AbstractQueuedSynchronizer.java:1763)
        at app//org.apache.ratis.util.DataBlockingQueue.poll(DataBlockingQueue.java:148)
        at app//org.apache.ratis.server.raftlog.segmented.SegmentedRaftLogWorker.run(SegmentedRaftLogWorker.java:307)
        at app//org.apache.ratis.server.raftlog.segmented.SegmentedRaftLogWorker$$Lambda/0x00007fd9cc334298.run(Unknown Source)
        at java.base@21.0.5/java.util.concurrent.Executors$RunnableAdapter.call(Executors.java:572)
        at java.base@21.0.5/java.util.concurrent.FutureTask.run(FutureTask.java:317)
        at java.base@21.0.5/java.util.concurrent.ThreadPoolExecutor.runWorker(ThreadPoolExecutor.java:1144)
        at java.base@21.0.5/java.util.concurrent.ThreadPoolExecutor$Worker.run(ThreadPoolExecutor.java:642)
        at java.base@21.0.5/java.lang.Thread.runWith(Thread.java:1596)
        at java.base@21.0.5/java.lang.Thread.run(Thread.java:1583)
"IPC Server idle connection scanner for port 15039" daemon prio=5 tid=678 timed_waiting
java.lang.Thread.State: TIMED_WAITING
        at java.base@21.0.5/java.lang.Object.wait0(Native Method)
        at java.base@21.0.5/java.lang.Object.wait(Object.java:366)
        at java.base@21.0.5/java.util.TimerThread.mainLoop(Timer.java:563)
        at java.base@21.0.5/java.util.TimerThread.run(Timer.java:516)
"ac32094a-198b-4072-99dd-552311e88daf-ChunkReader-0" daemon prio=5 tid=2032 in Object.wait()
java.lang.Thread.State: WAITING (on object monitor)
        at java.base@21.0.5/jdk.internal.misc.Unsafe.park(Native Method)
        at java.base@21.0.5/java.util.concurrent.locks.LockSupport.park(LockSupport.java:371)
        at java.base@21.0.5/java.util.concurrent.locks.AbstractQueuedSynchronizer$ConditionNode.block(AbstractQueuedSynchronizer.java:519)
        at java.base@21.0.5/java.util.concurrent.ForkJoinPool.unmanagedBlock(ForkJoinPool.java:3780)
        at java.base@21.0.5/java.util.concurrent.ForkJoinPool.managedBlock(ForkJoinPool.java:3725)
        at java.base@21.0.5/java.util.concurrent.locks.AbstractQueuedSynchronizer$ConditionObject.await(AbstractQueuedSynchronizer.java:1712)
        at java.base@21.0.5/java.util.concurrent.LinkedBlockingQueue.take(LinkedBlockingQueue.java:435)
        at java.base@21.0.5/java.util.concurrent.ThreadPoolExecutor.getTask(ThreadPoolExecutor.java:1070)
        at java.base@21.0.5/java.util.concurrent.ThreadPoolExecutor.runWorker(ThreadPoolExecutor.java:1130)
        at java.base@21.0.5/java.util.concurrent.ThreadPoolExecutor$Worker.run(ThreadPoolExecutor.java:642)
        at java.base@21.0.5/java.lang.Thread.runWith(Thread.java:1596)
        at java.base@21.0.5/java.lang.Thread.run(Thread.java:1583)
"IPC Server handler 45 on default port 15001" daemon prio=5 tid=259 timed_waiting
java.lang.Thread.State: TIMED_WAITING
        at java.base@21.0.5/jdk.internal.misc.Unsafe.park(Native Method)
        at java.base@21.0.5/java.util.concurrent.locks.LockSupport.parkNanos(LockSupport.java:269)
        at java.base@21.0.5/java.util.concurrent.locks.AbstractQueuedSynchronizer$ConditionObject.awaitNanos(AbstractQueuedSynchronizer.java:1763)
        at java.base@21.0.5/java.util.concurrent.LinkedBlockingQueue.poll(LinkedBlockingQueue.java:460)
        at app//org.apache.hadoop.ipc.CallQueueManager.take(CallQueueManager.java:370)
        at app//org.apache.hadoop.ipc.Server$Handler.run(Server.java:3165)
"4b5ea8a3-88a5-4114-908f-7a85f39bc1cb@group-33E612B207F7-cacheEviction-AwaitToRun" daemon prio=5 tid=1269 in Object.wait()
java.lang.Thread.State: WAITING (on object monitor)
        at java.base@21.0.5/jdk.internal.misc.Unsafe.park(Native Method)
        at java.base@21.0.5/java.util.concurrent.locks.LockSupport.park(LockSupport.java:371)
        at java.base@21.0.5/java.util.concurrent.locks.AbstractQueuedSynchronizer$ConditionNode.block(AbstractQueuedSynchronizer.java:519)
        at java.base@21.0.5/java.util.concurrent.ForkJoinPool.unmanagedBlock(ForkJoinPool.java:3780)
        at java.base@21.0.5/java.util.concurrent.ForkJoinPool.managedBlock(ForkJoinPool.java:3725)
        at java.base@21.0.5/java.util.concurrent.locks.AbstractQueuedSynchronizer$ConditionObject.await(AbstractQueuedSynchronizer.java:1712)
        at app//org.apache.ratis.util.AwaitForSignal.await(AwaitForSignal.java:48)
        at app//org.apache.ratis.util.AwaitToRun$RunnableImpl.run(AwaitToRun.java:47)
        at java.base@21.0.5/java.lang.Thread.runWith(Thread.java:1596)
        at java.base@21.0.5/java.lang.Thread.run(Thread.java:1583)
"3296053d-9d54-4057-a6a8-67c4b6ec6587-server-thread2" daemon prio=5 tid=1964 timed_waiting
java.lang.Thread.State: TIMED_WAITING
        at java.base@21.0.5/jdk.internal.misc.Unsafe.park(Native Method)
        at java.base@21.0.5/java.util.concurrent.locks.LockSupport.parkNanos(LockSupport.java:410)
        at java.base@21.0.5/java.util.concurrent.LinkedTransferQueue$DualNode.await(LinkedTransferQueue.java:452)
        at java.base@21.0.5/java.util.concurrent.SynchronousQueue$Transferer.xferLifo(SynchronousQueue.java:194)
        at java.base@21.0.5/java.util.concurrent.SynchronousQueue.xfer(SynchronousQueue.java:235)
        at java.base@21.0.5/java.util.concurrent.SynchronousQueue.poll(SynchronousQueue.java:338)
        at java.base@21.0.5/java.util.concurrent.ThreadPoolExecutor.getTask(ThreadPoolExecutor.java:1069)
        at java.base@21.0.5/java.util.concurrent.ThreadPoolExecutor.runWorker(ThreadPoolExecutor.java:1130)
        at java.base@21.0.5/java.util.concurrent.ThreadPoolExecutor$Worker.run(ThreadPoolExecutor.java:642)
        at java.base@21.0.5/java.lang.Thread.runWith(Thread.java:1596)
        at java.base@21.0.5/java.lang.Thread.run(Thread.java:1583)
"StaleRecoveringContainerScrubbingService#2" daemon prio=5 tid=2638 timed_waiting
java.lang.Thread.State: TIMED_WAITING
        at java.base@21.0.5/jdk.internal.misc.Unsafe.park(Native Method)
        at java.base@21.0.5/java.util.concurrent.locks.LockSupport.parkNanos(LockSupport.java:269)
        at java.base@21.0.5/java.util.concurrent.locks.AbstractQueuedSynchronizer$ConditionObject.awaitNanos(AbstractQueuedSynchronizer.java:1763)
        at java.base@21.0.5/java.util.concurrent.ScheduledThreadPoolExecutor$DelayedWorkQueue.take(ScheduledThreadPoolExecutor.java:1182)
        at java.base@21.0.5/java.util.concurrent.ScheduledThreadPoolExecutor$DelayedWorkQueue.take(ScheduledThreadPoolExecutor.java:899)
        at java.base@21.0.5/java.util.concurrent.ThreadPoolExecutor.getTask(ThreadPoolExecutor.java:1070)
        at java.base@21.0.5/java.util.concurrent.ThreadPoolExecutor.runWorker(ThreadPoolExecutor.java:1130)
        at java.base@21.0.5/java.util.concurrent.ThreadPoolExecutor$Worker.run(ThreadPoolExecutor.java:642)
        at java.base@21.0.5/java.lang.Thread.runWith(Thread.java:1596)
        at java.base@21.0.5/java.lang.Thread.run(Thread.java:1583)
"02fc1759-725d-47af-8349-873c9c5c9167@group-5233A358D31F-StateMachineUpdater" daemon prio=5 tid=1596 timed_waiting
java.lang.Thread.State: TIMED_WAITING
        at java.base@21.0.5/jdk.internal.misc.Unsafe.park(Native Method)
        at java.base@21.0.5/java.util.concurrent.locks.LockSupport.parkNanos(LockSupport.java:269)
        at java.base@21.0.5/java.util.concurrent.locks.AbstractQueuedSynchronizer$ConditionObject.await(AbstractQueuedSynchronizer.java:1852)
        at app//org.apache.ratis.util.AwaitForSignal.await(AwaitForSignal.java:65)
        at app//org.apache.ratis.server.impl.StateMachineUpdater.waitForCommit(StateMachineUpdater.java:219)
        at app//org.apache.ratis.server.impl.StateMachineUpdater.run(StateMachineUpdater.java:187)
        at java.base@21.0.5/java.lang.Thread.runWith(Thread.java:1596)
        at java.base@21.0.5/java.lang.Thread.run(Thread.java:1583)
"Socket Reader #6 for port 15006"  prio=5 tid=448 runnable
java.lang.Thread.State: RUNNABLE
        at java.base@21.0.5/sun.nio.ch.EPoll.wait(Native Method)
        at java.base@21.0.5/sun.nio.ch.EPollSelectorImpl.doSelect(EPollSelectorImpl.java:121)
        at java.base@21.0.5/sun.nio.ch.SelectorImpl.lockAndDoSelect(SelectorImpl.java:130)
        at java.base@21.0.5/sun.nio.ch.SelectorImpl.select(SelectorImpl.java:147)
        at app//org.apache.hadoop.ipc.Server$Listener$Reader.doRunLoop(Server.java:1497)
        at app//org.apache.hadoop.ipc.Server$Listener$Reader.run(Server.java:1476)
"qtp1604816394-751" daemon prio=5 tid=751 runnable
java.lang.Thread.State: RUNNABLE
        at java.base@21.0.5/sun.nio.ch.EPoll.wait(Native Method)
        at java.base@21.0.5/sun.nio.ch.EPollSelectorImpl.doSelect(EPollSelectorImpl.java:121)
        at java.base@21.0.5/sun.nio.ch.SelectorImpl.lockAndDoSelect(SelectorImpl.java:130)
        at java.base@21.0.5/sun.nio.ch.SelectorImpl.select(SelectorImpl.java:147)
        at app//org.eclipse.jetty.io.ManagedSelector.nioSelect(ManagedSelector.java:183)
        at app//org.eclipse.jetty.io.ManagedSelector.select(ManagedSelector.java:190)
        at app//org.eclipse.jetty.io.ManagedSelector$SelectorProducer.select(ManagedSelector.java:606)
        at app//org.eclipse.jetty.io.ManagedSelector$SelectorProducer.produce(ManagedSelector.java:543)
        at app//org.eclipse.jetty.util.thread.strategy.EatWhatYouKill.produceTask(EatWhatYouKill.java:362)
        at app//org.eclipse.jetty.util.thread.strategy.EatWhatYouKill.doProduce(EatWhatYouKill.java:186)
        at app//org.eclipse.jetty.util.thread.strategy.EatWhatYouKill.tryProduce(EatWhatYouKill.java:173)
        at app//org.eclipse.jetty.util.thread.strategy.EatWhatYouKill.produce(EatWhatYouKill.java:137)
        at app//org.eclipse.jetty.io.ManagedSelector$$Lambda/0x00007fd9cc65d0d0.run(Unknown Source)
        at app//org.eclipse.jetty.util.thread.QueuedThreadPool.runJob(QueuedThreadPool.java:883)
        at app//org.eclipse.jetty.util.thread.QueuedThreadPool$Runner.run(QueuedThreadPool.java:1034)
        at java.base@21.0.5/java.lang.Thread.runWith(Thread.java:1596)
        at java.base@21.0.5/java.lang.Thread.run(Thread.java:1583)
"Socket Reader #9 for port 15000"  prio=5 tid=92 runnable
java.lang.Thread.State: RUNNABLE
        at java.base@21.0.5/sun.nio.ch.EPoll.wait(Native Method)
        at java.base@21.0.5/sun.nio.ch.EPollSelectorImpl.doSelect(EPollSelectorImpl.java:121)
        at java.base@21.0.5/sun.nio.ch.SelectorImpl.lockAndDoSelect(SelectorImpl.java:130)
        at java.base@21.0.5/sun.nio.ch.SelectorImpl.select(SelectorImpl.java:147)
        at app//org.apache.hadoop.ipc.Server$Listener$Reader.doRunLoop(Server.java:1497)
        at app//org.apache.hadoop.ipc.Server$Listener$Reader.run(Server.java:1476)
"b6b79d51-52d7-4711-a690-06a51533978a@group-12A0FE72DC1C-SegmentedRaftLogWorker" daemon prio=5 tid=1531 timed_waiting
java.lang.Thread.State: TIMED_WAITING
        at java.base@21.0.5/jdk.internal.misc.Unsafe.park(Native Method)
        at java.base@21.0.5/java.util.concurrent.locks.LockSupport.parkNanos(LockSupport.java:269)
        at java.base@21.0.5/java.util.concurrent.locks.AbstractQueuedSynchronizer$ConditionObject.awaitNanos(AbstractQueuedSynchronizer.java:1763)
        at app//org.apache.ratis.util.DataBlockingQueue.poll(DataBlockingQueue.java:148)
        at app//org.apache.ratis.server.raftlog.segmented.SegmentedRaftLogWorker.run(SegmentedRaftLogWorker.java:307)
        at app//org.apache.ratis.server.raftlog.segmented.SegmentedRaftLogWorker$$Lambda/0x00007fd9cc334298.run(Unknown Source)
        at java.base@21.0.5/java.util.concurrent.Executors$RunnableAdapter.call(Executors.java:572)
        at java.base@21.0.5/java.util.concurrent.FutureTask.run(FutureTask.java:317)
        at java.base@21.0.5/java.util.concurrent.ThreadPoolExecutor.runWorker(ThreadPoolExecutor.java:1144)
        at java.base@21.0.5/java.util.concurrent.ThreadPoolExecutor$Worker.run(ThreadPoolExecutor.java:642)
        at java.base@21.0.5/java.lang.Thread.runWith(Thread.java:1596)
        at java.base@21.0.5/java.lang.Thread.run(Thread.java:1583)
"751e45cc-852a-454f-97c8-e80f2befe6f4@group-EF3CB8D23BF9-StateMachineUpdater" daemon prio=5 tid=1266 timed_waiting
java.lang.Thread.State: TIMED_WAITING
        at java.base@21.0.5/jdk.internal.misc.Unsafe.park(Native Method)
        at java.base@21.0.5/java.util.concurrent.locks.LockSupport.parkNanos(LockSupport.java:269)
        at java.base@21.0.5/java.util.concurrent.locks.AbstractQueuedSynchronizer$ConditionObject.await(AbstractQueuedSynchronizer.java:1852)
        at app//org.apache.ratis.util.AwaitForSignal.await(AwaitForSignal.java:65)
        at app//org.apache.ratis.server.impl.StateMachineUpdater.waitForCommit(StateMachineUpdater.java:219)
        at app//org.apache.ratis.server.impl.StateMachineUpdater.run(StateMachineUpdater.java:187)
        at java.base@21.0.5/java.lang.Thread.runWith(Thread.java:1596)
        at java.base@21.0.5/java.lang.Thread.run(Thread.java:1583)
"om1@group-C5BA1605619E-LeaderStateImpl" daemon prio=5 tid=620 timed_waiting
java.lang.Thread.State: TIMED_WAITING
        at java.base@21.0.5/jdk.internal.misc.Unsafe.park(Native Method)
        at java.base@21.0.5/java.util.concurrent.locks.LockSupport.parkNanos(LockSupport.java:269)
        at java.base@21.0.5/java.util.concurrent.locks.AbstractQueuedSynchronizer$ConditionObject.awaitNanos(AbstractQueuedSynchronizer.java:1763)
        at java.base@21.0.5/java.util.concurrent.ArrayBlockingQueue.poll(ArrayBlockingQueue.java:435)
        at app//org.apache.ratis.server.impl.LeaderStateImpl$EventQueue.poll(LeaderStateImpl.java:164)
        at app//org.apache.ratis.server.impl.LeaderStateImpl$EventProcessor.run(LeaderStateImpl.java:763)
"4b5ea8a3-88a5-4114-908f-7a85f39bc1cb-ChunkReader-9" daemon prio=5 tid=2461 in Object.wait()
java.lang.Thread.State: WAITING (on object monitor)
        at java.base@21.0.5/jdk.internal.misc.Unsafe.park(Native Method)
        at java.base@21.0.5/java.util.concurrent.locks.LockSupport.park(LockSupport.java:371)
        at java.base@21.0.5/java.util.concurrent.locks.AbstractQueuedSynchronizer$ConditionNode.block(AbstractQueuedSynchronizer.java:519)
        at java.base@21.0.5/java.util.concurrent.ForkJoinPool.unmanagedBlock(ForkJoinPool.java:3780)
        at java.base@21.0.5/java.util.concurrent.ForkJoinPool.managedBlock(ForkJoinPool.java:3725)
        at java.base@21.0.5/java.util.concurrent.locks.AbstractQueuedSynchronizer$ConditionObject.await(AbstractQueuedSynchronizer.java:1712)
        at java.base@21.0.5/java.util.concurrent.LinkedBlockingQueue.take(LinkedBlockingQueue.java:435)
        at java.base@21.0.5/java.util.concurrent.ThreadPoolExecutor.getTask(ThreadPoolExecutor.java:1070)
        at java.base@21.0.5/java.util.concurrent.ThreadPoolExecutor.runWorker(ThreadPoolExecutor.java:1130)
        at java.base@21.0.5/java.util.concurrent.ThreadPoolExecutor$Worker.run(ThreadPoolExecutor.java:642)
        at java.base@21.0.5/java.lang.Thread.runWith(Thread.java:1596)
        at java.base@21.0.5/java.lang.Thread.run(Thread.java:1583)
"IPC Server handler 61 on default port 15002" daemon prio=5 tid=393 timed_waiting
java.lang.Thread.State: TIMED_WAITING
        at java.base@21.0.5/jdk.internal.misc.Unsafe.park(Native Method)
        at java.base@21.0.5/java.util.concurrent.locks.LockSupport.parkNanos(LockSupport.java:269)
        at java.base@21.0.5/java.util.concurrent.locks.AbstractQueuedSynchronizer$ConditionObject.awaitNanos(AbstractQueuedSynchronizer.java:1763)
        at java.base@21.0.5/java.util.concurrent.LinkedBlockingQueue.poll(LinkedBlockingQueue.java:460)
        at app//org.apache.hadoop.ipc.CallQueueManager.take(CallQueueManager.java:370)
        at app//org.apache.hadoop.ipc.Server$Handler.run(Server.java:3165)
"FixedThreadPoolWithAffinityExecutor-4-0" daemon prio=5 tid=101 timed_waiting
java.lang.Thread.State: TIMED_WAITING
        at java.base@21.0.5/jdk.internal.misc.Unsafe.park(Native Method)
        at java.base@21.0.5/java.util.concurrent.locks.LockSupport.parkNanos(LockSupport.java:269)
        at java.base@21.0.5/java.util.concurrent.locks.AbstractQueuedSynchronizer$ConditionObject.awaitNanos(AbstractQueuedSynchronizer.java:1763)
        at java.base@21.0.5/java.util.concurrent.LinkedBlockingQueue.poll(LinkedBlockingQueue.java:460)
        at app//org.apache.hadoop.hdds.scm.server.ContainerReportQueue.poll(ContainerReportQueue.java:269)
        at app//org.apache.hadoop.hdds.scm.server.ContainerReportQueue.poll(ContainerReportQueue.java:42)
        at app//org.apache.hadoop.hdds.server.events.FixedThreadPoolWithAffinityExecutor$ContainerReportProcessTask.run(FixedThreadPoolWithAffinityExecutor.java:253)
        at java.base@21.0.5/java.util.concurrent.Executors$RunnableAdapter.call(Executors.java:572)
        at java.base@21.0.5/java.util.concurrent.FutureTask.run(FutureTask.java:317)
        at java.base@21.0.5/java.util.concurrent.ThreadPoolExecutor.runWorker(ThreadPoolExecutor.java:1144)
        at java.base@21.0.5/java.util.concurrent.ThreadPoolExecutor$Worker.run(ThreadPoolExecutor.java:642)
        at java.base@21.0.5/java.lang.Thread.runWith(Thread.java:1596)
        at java.base@21.0.5/java.lang.Thread.run(Thread.java:1583)
"StaleRecoveringContainerScrubbingService#0" daemon prio=5 tid=998 in Object.wait()
java.lang.Thread.State: WAITING (on object monitor)
        at java.base@21.0.5/jdk.internal.misc.Unsafe.park(Native Method)
        at java.base@21.0.5/java.util.concurrent.locks.LockSupport.park(LockSupport.java:371)
        at java.base@21.0.5/java.util.concurrent.locks.AbstractQueuedSynchronizer$ConditionNode.block(AbstractQueuedSynchronizer.java:519)
        at java.base@21.0.5/java.util.concurrent.ForkJoinPool.unmanagedBlock(ForkJoinPool.java:3780)
        at java.base@21.0.5/java.util.concurrent.ForkJoinPool.managedBlock(ForkJoinPool.java:3725)
        at java.base@21.0.5/java.util.concurrent.locks.AbstractQueuedSynchronizer$ConditionObject.await(AbstractQueuedSynchronizer.java:1712)
        at java.base@21.0.5/java.util.concurrent.ScheduledThreadPoolExecutor$DelayedWorkQueue.take(ScheduledThreadPoolExecutor.java:1177)
        at java.base@21.0.5/java.util.concurrent.ScheduledThreadPoolExecutor$DelayedWorkQueue.take(ScheduledThreadPoolExecutor.java:899)
        at java.base@21.0.5/java.util.concurrent.ThreadPoolExecutor.getTask(ThreadPoolExecutor.java:1070)
        at java.base@21.0.5/java.util.concurrent.ThreadPoolExecutor.runWorker(ThreadPoolExecutor.java:1130)
        at java.base@21.0.5/java.util.concurrent.ThreadPoolExecutor$Worker.run(ThreadPoolExecutor.java:642)
        at java.base@21.0.5/java.lang.Thread.runWith(Thread.java:1596)
        at java.base@21.0.5/java.lang.Thread.run(Thread.java:1583)
"ac32094a-198b-4072-99dd-552311e88daf-EndpointStateMachineTaskThread-/0.0.0.0:15002-0 "  prio=5 tid=1148 in Object.wait()
java.lang.Thread.State: WAITING (on object monitor)
        at java.base@21.0.5/jdk.internal.misc.Unsafe.park(Native Method)
        at java.base@21.0.5/java.util.concurrent.locks.LockSupport.park(LockSupport.java:371)
        at java.base@21.0.5/java.util.concurrent.locks.AbstractQueuedSynchronizer$ConditionNode.block(AbstractQueuedSynchronizer.java:519)
        at java.base@21.0.5/java.util.concurrent.ForkJoinPool.unmanagedBlock(ForkJoinPool.java:3780)
        at java.base@21.0.5/java.util.concurrent.ForkJoinPool.managedBlock(ForkJoinPool.java:3725)
        at java.base@21.0.5/java.util.concurrent.locks.AbstractQueuedSynchronizer$ConditionObject.await(AbstractQueuedSynchronizer.java:1712)
        at java.base@21.0.5/java.util.concurrent.LinkedBlockingQueue.take(LinkedBlockingQueue.java:435)
        at java.base@21.0.5/java.util.concurrent.ThreadPoolExecutor.getTask(ThreadPoolExecutor.java:1070)
        at java.base@21.0.5/java.util.concurrent.ThreadPoolExecutor.runWorker(ThreadPoolExecutor.java:1130)
        at java.base@21.0.5/java.util.concurrent.ThreadPoolExecutor$Worker.run(ThreadPoolExecutor.java:642)
        at java.base@21.0.5/java.lang.Thread.runWith(Thread.java:1596)
        at java.base@21.0.5/java.lang.Thread.run(Thread.java:1583)
"26f755b0-b4b1-4239-8401-e418fca9ef4b@group-7D6565184E1B->4b5ea8a3-88a5-4114-908f-7a85f39bc1cb-GrpcLogAppender-LogAppenderDaemon" daemon prio=5 tid=2672 timed_waiting
java.lang.Thread.State: TIMED_WAITING
        at java.base@21.0.5/jdk.internal.misc.Unsafe.park(Native Method)
        at java.base@21.0.5/java.util.concurrent.locks.LockSupport.parkNanos(LockSupport.java:269)
        at java.base@21.0.5/java.util.concurrent.locks.AbstractQueuedSynchronizer$ConditionObject.await(AbstractQueuedSynchronizer.java:1852)
        at app//org.apache.ratis.util.AwaitForSignal.await(AwaitForSignal.java:65)
        at app//org.apache.ratis.grpc.server.GrpcLogAppender.mayWait(GrpcLogAppender.java:290)
        at app//org.apache.ratis.grpc.server.GrpcLogAppender.run(GrpcLogAppender.java:258)
        at app//org.apache.ratis.server.leader.LogAppenderDaemon.run(LogAppenderDaemon.java:80)
        at app//org.apache.ratis.server.leader.LogAppenderDaemon$$Lambda/0x00007fd9cc91b588.run(Unknown Source)
        at java.base@21.0.5/java.lang.Thread.runWith(Thread.java:1596)
        at java.base@21.0.5/java.lang.Thread.run(Thread.java:1583)
"LeakDetector-ManagedRocksObject0" daemon prio=5 tid=44 in Object.wait()
java.lang.Thread.State: WAITING (on object monitor)
        at java.base@21.0.5/jdk.internal.misc.Unsafe.park(Native Method)
        at java.base@21.0.5/java.util.concurrent.locks.LockSupport.park(LockSupport.java:371)
        at java.base@21.0.5/java.util.concurrent.locks.AbstractQueuedSynchronizer$ConditionNode.block(AbstractQueuedSynchronizer.java:519)
        at java.base@21.0.5/java.util.concurrent.ForkJoinPool.unmanagedBlock(ForkJoinPool.java:3780)
        at java.base@21.0.5/java.util.concurrent.ForkJoinPool.managedBlock(ForkJoinPool.java:3725)
        at java.base@21.0.5/java.util.concurrent.locks.AbstractQueuedSynchronizer$ConditionObject.await(AbstractQueuedSynchronizer.java:1712)
        at java.base@21.0.5/java.lang.ref.ReferenceQueue.await(ReferenceQueue.java:67)
        at java.base@21.0.5/java.lang.ref.ReferenceQueue.remove0(ReferenceQueue.java:158)
        at java.base@21.0.5/java.lang.ref.ReferenceQueue.remove(ReferenceQueue.java:234)
        at app//org.apache.hadoop.hdds.utils.LeakDetector.run(LeakDetector.java:81)
        at app//org.apache.hadoop.hdds.utils.LeakDetector$$Lambda/0x00007fd9cc41d018.run(Unknown Source)
        at java.base@21.0.5/java.lang.Thread.runWith(Thread.java:1596)
        at java.base@21.0.5/java.lang.Thread.run(Thread.java:1583)
"IPC Server handler 4 on default port 15001" daemon prio=5 tid=218 timed_waiting
java.lang.Thread.State: TIMED_WAITING
        at java.base@21.0.5/jdk.internal.misc.Unsafe.park(Native Method)
        at java.base@21.0.5/java.util.concurrent.locks.LockSupport.parkNanos(LockSupport.java:269)
        at java.base@21.0.5/java.util.concurrent.locks.AbstractQueuedSynchronizer$ConditionObject.awaitNanos(AbstractQueuedSynchronizer.java:1763)
        at java.base@21.0.5/java.util.concurrent.LinkedBlockingQueue.poll(LinkedBlockingQueue.java:460)
        at app//org.apache.hadoop.ipc.CallQueueManager.take(CallQueueManager.java:370)
        at app//org.apache.hadoop.ipc.Server$Handler.run(Server.java:3165)
"Socket Reader #1 for port 15002"  prio=5 tid=56 runnable
java.lang.Thread.State: RUNNABLE
        at java.base@21.0.5/sun.nio.ch.EPoll.wait(Native Method)
        at java.base@21.0.5/sun.nio.ch.EPollSelectorImpl.doSelect(EPollSelectorImpl.java:121)
        at java.base@21.0.5/sun.nio.ch.SelectorImpl.lockAndDoSelect(SelectorImpl.java:130)
        at java.base@21.0.5/sun.nio.ch.SelectorImpl.select(SelectorImpl.java:147)
        at app//org.apache.hadoop.ipc.Server$Listener$Reader.doRunLoop(Server.java:1497)
        at app//org.apache.hadoop.ipc.Server$Listener$Reader.run(Server.java:1476)
"751e45cc-852a-454f-97c8-e80f2befe6f4@group-AE8CA6FC1197-cacheEviction-AwaitToRun" daemon prio=5 tid=1249 in Object.wait()
java.lang.Thread.State: WAITING (on object monitor)
        at java.base@21.0.5/jdk.internal.misc.Unsafe.park(Native Method)
        at java.base@21.0.5/java.util.concurrent.locks.LockSupport.park(LockSupport.java:371)
        at java.base@21.0.5/java.util.concurrent.locks.AbstractQueuedSynchronizer$ConditionNode.block(AbstractQueuedSynchronizer.java:519)
        at java.base@21.0.5/java.util.concurrent.ForkJoinPool.unmanagedBlock(ForkJoinPool.java:3780)
        at java.base@21.0.5/java.util.concurrent.ForkJoinPool.managedBlock(ForkJoinPool.java:3725)
        at java.base@21.0.5/java.util.concurrent.locks.AbstractQueuedSynchronizer$ConditionObject.await(AbstractQueuedSynchronizer.java:1712)
        at app//org.apache.ratis.util.AwaitForSignal.await(AwaitForSignal.java:48)
        at app//org.apache.ratis.util.AwaitToRun$RunnableImpl.run(AwaitToRun.java:47)
        at java.base@21.0.5/java.lang.Thread.runWith(Thread.java:1596)
        at java.base@21.0.5/java.lang.Thread.run(Thread.java:1583)
"IPC Server handler 2 on default port 15000" daemon prio=5 tid=116 timed_waiting
java.lang.Thread.State: TIMED_WAITING
        at java.base@21.0.5/jdk.internal.misc.Unsafe.park(Native Method)
        at java.base@21.0.5/java.util.concurrent.locks.LockSupport.parkNanos(LockSupport.java:269)
        at java.base@21.0.5/java.util.concurrent.locks.AbstractQueuedSynchronizer$ConditionObject.awaitNanos(AbstractQueuedSynchronizer.java:1763)
        at java.base@21.0.5/java.util.concurrent.LinkedBlockingQueue.poll(LinkedBlockingQueue.java:460)
        at app//org.apache.hadoop.ipc.CallQueueManager.take(CallQueueManager.java:370)
        at app//org.apache.hadoop.ipc.Server$Handler.run(Server.java:3165)
"StaleRecoveringContainerScrubbingService#1" daemon prio=5 tid=2575 in Object.wait()
java.lang.Thread.State: WAITING (on object monitor)
        at java.base@21.0.5/jdk.internal.misc.Unsafe.park(Native Method)
        at java.base@21.0.5/java.util.concurrent.locks.LockSupport.park(LockSupport.java:371)
        at java.base@21.0.5/java.util.concurrent.locks.AbstractQueuedSynchronizer$ConditionNode.block(AbstractQueuedSynchronizer.java:519)
        at java.base@21.0.5/java.util.concurrent.ForkJoinPool.unmanagedBlock(ForkJoinPool.java:3780)
        at java.base@21.0.5/java.util.concurrent.ForkJoinPool.managedBlock(ForkJoinPool.java:3725)
        at java.base@21.0.5/java.util.concurrent.locks.AbstractQueuedSynchronizer$ConditionObject.await(AbstractQueuedSynchronizer.java:1712)
        at java.base@21.0.5/java.util.concurrent.ScheduledThreadPoolExecutor$DelayedWorkQueue.take(ScheduledThreadPoolExecutor.java:1177)
        at java.base@21.0.5/java.util.concurrent.ScheduledThreadPoolExecutor$DelayedWorkQueue.take(ScheduledThreadPoolExecutor.java:899)
        at java.base@21.0.5/java.util.concurrent.ThreadPoolExecutor.getTask(ThreadPoolExecutor.java:1070)
        at java.base@21.0.5/java.util.concurrent.ThreadPoolExecutor.runWorker(ThreadPoolExecutor.java:1130)
        at java.base@21.0.5/java.util.concurrent.ThreadPoolExecutor$Worker.run(ThreadPoolExecutor.java:642)
        at java.base@21.0.5/java.lang.Thread.runWith(Thread.java:1596)
        at java.base@21.0.5/java.lang.Thread.run(Thread.java:1583)
"3296053d-9d54-4057-a6a8-67c4b6ec6587-server-thread3" daemon prio=5 tid=1812 timed_waiting
java.lang.Thread.State: TIMED_WAITING
        at java.base@21.0.5/jdk.internal.misc.Unsafe.park(Native Method)
        at java.base@21.0.5/java.util.concurrent.locks.LockSupport.parkNanos(LockSupport.java:410)
        at java.base@21.0.5/java.util.concurrent.LinkedTransferQueue$DualNode.await(LinkedTransferQueue.java:452)
        at java.base@21.0.5/java.util.concurrent.SynchronousQueue$Transferer.xferLifo(SynchronousQueue.java:194)
        at java.base@21.0.5/java.util.concurrent.SynchronousQueue.xfer(SynchronousQueue.java:235)
        at java.base@21.0.5/java.util.concurrent.SynchronousQueue.poll(SynchronousQueue.java:338)
        at java.base@21.0.5/java.util.concurrent.ThreadPoolExecutor.getTask(ThreadPoolExecutor.java:1069)
        at java.base@21.0.5/java.util.concurrent.ThreadPoolExecutor.runWorker(ThreadPoolExecutor.java:1130)
        at java.base@21.0.5/java.util.concurrent.ThreadPoolExecutor$Worker.run(ThreadPoolExecutor.java:642)
        at java.base@21.0.5/java.lang.Thread.runWith(Thread.java:1596)
        at java.base@21.0.5/java.lang.Thread.run(Thread.java:1583)
"IPC Server handler 17 on default port 15000" daemon prio=5 tid=131 timed_waiting
java.lang.Thread.State: TIMED_WAITING
        at java.base@21.0.5/jdk.internal.misc.Unsafe.park(Native Method)
        at java.base@21.0.5/java.util.concurrent.locks.LockSupport.parkNanos(LockSupport.java:269)
        at java.base@21.0.5/java.util.concurrent.locks.AbstractQueuedSynchronizer$ConditionObject.awaitNanos(AbstractQueuedSynchronizer.java:1763)
        at java.base@21.0.5/java.util.concurrent.LinkedBlockingQueue.poll(LinkedBlockingQueue.java:460)
        at app//org.apache.hadoop.ipc.CallQueueManager.take(CallQueueManager.java:370)
        at app//org.apache.hadoop.ipc.Server$Handler.run(Server.java:3165)
"Socket Reader #4 for port 15057"  prio=5 tid=763 runnable
java.lang.Thread.State: RUNNABLE
        at java.base@21.0.5/sun.nio.ch.EPoll.wait(Native Method)
        at java.base@21.0.5/sun.nio.ch.EPollSelectorImpl.doSelect(EPollSelectorImpl.java:121)
        at java.base@21.0.5/sun.nio.ch.SelectorImpl.lockAndDoSelect(SelectorImpl.java:130)
        at java.base@21.0.5/sun.nio.ch.SelectorImpl.select(SelectorImpl.java:147)
        at app//org.apache.hadoop.ipc.Server$Listener$Reader.doRunLoop(Server.java:1497)
        at app//org.apache.hadoop.ipc.Server$Listener$Reader.run(Server.java:1476)
"26f755b0-b4b1-4239-8401-e418fca9ef4b-ChunkReader-0" daemon prio=5 tid=2694 in Object.wait()
java.lang.Thread.State: WAITING (on object monitor)
        at java.base@21.0.5/jdk.internal.misc.Unsafe.park(Native Method)
        at java.base@21.0.5/java.util.concurrent.locks.LockSupport.park(LockSupport.java:371)
        at java.base@21.0.5/java.util.concurrent.locks.AbstractQueuedSynchronizer$ConditionNode.block(AbstractQueuedSynchronizer.java:519)
        at java.base@21.0.5/java.util.concurrent.ForkJoinPool.unmanagedBlock(ForkJoinPool.java:3780)
        at java.base@21.0.5/java.util.concurrent.ForkJoinPool.managedBlock(ForkJoinPool.java:3725)
        at java.base@21.0.5/java.util.concurrent.locks.AbstractQueuedSynchronizer$ConditionObject.await(AbstractQueuedSynchronizer.java:1712)
        at java.base@21.0.5/java.util.concurrent.LinkedBlockingQueue.take(LinkedBlockingQueue.java:435)
        at java.base@21.0.5/java.util.concurrent.ThreadPoolExecutor.getTask(ThreadPoolExecutor.java:1070)
        at java.base@21.0.5/java.util.concurrent.ThreadPoolExecutor.runWorker(ThreadPoolExecutor.java:1130)
        at java.base@21.0.5/java.util.concurrent.ThreadPoolExecutor$Worker.run(ThreadPoolExecutor.java:642)
        at java.base@21.0.5/java.lang.Thread.runWith(Thread.java:1596)
        at java.base@21.0.5/java.lang.Thread.run(Thread.java:1583)
"751e45cc-852a-454f-97c8-e80f2befe6f4-ChunkReader-ELG-0" daemon prio=5 tid=1081 runnable
java.lang.Thread.State: RUNNABLE
        at app//org.apache.ratis.thirdparty.io.netty.channel.epoll.Native.epollWait(Native Method)
        at app//org.apache.ratis.thirdparty.io.netty.channel.epoll.Native.epollWait(Native.java:220)
        at app//org.apache.ratis.thirdparty.io.netty.channel.epoll.Native.epollWait(Native.java:213)
        at app//org.apache.ratis.thirdparty.io.netty.channel.epoll.EpollEventLoop.epollWaitNoTimerChange(EpollEventLoop.java:308)
        at app//org.apache.ratis.thirdparty.io.netty.channel.epoll.EpollEventLoop.run(EpollEventLoop.java:365)
        at app//org.apache.ratis.thirdparty.io.netty.util.concurrent.SingleThreadEventExecutor$4.run(SingleThreadEventExecutor.java:997)
        at app//org.apache.ratis.thirdparty.io.netty.util.internal.ThreadExecutorMap$2.run(ThreadExecutorMap.java:74)
        at java.base@21.0.5/java.lang.Thread.runWith(Thread.java:1596)
        at java.base@21.0.5/java.lang.Thread.run(Thread.java:1583)
"ContainerDataScanner(/home/runner/work/ozone/ozone/hadoop-ozone/integration-test/target/test-dir/MiniOzoneClusterImpl-19e1eff0-706f-497d-806e-bf7d4c525004/ozone-meta/datanode-1/data-0/hdds)" daemon prio=5 tid=861 timed_waiting
java.lang.Thread.State: TIMED_WAITING
        at java.base@21.0.5/java.lang.Thread.sleep0(Native Method)
        at java.base@21.0.5/java.lang.Thread.sleep(Thread.java:509)
        at app//org.apache.hadoop.ozone.container.ozoneimpl.AbstractBackgroundContainerScanner.handleRemainingSleep(AbstractBackgroundContainerScanner.java:131)
        at app//org.apache.hadoop.ozone.container.ozoneimpl.AbstractBackgroundContainerScanner.runIteration(AbstractBackgroundContainerScanner.java:98)
        at app//org.apache.hadoop.ozone.container.ozoneimpl.AbstractBackgroundContainerScanner.run(AbstractBackgroundContainerScanner.java:57)
"UnderReplicatedProcessor" daemon prio=5 tid=2839 timed_waiting
java.lang.Thread.State: TIMED_WAITING
        at java.base@21.0.5/java.lang.Object.wait0(Native Method)
        at java.base@21.0.5/java.lang.Object.wait(Object.java:366)
        at app//org.apache.hadoop.hdds.scm.container.replication.UnhealthyReplicationProcessor.run(UnhealthyReplicationProcessor.java:174)
        at java.base@21.0.5/java.lang.Thread.runWith(Thread.java:1596)
        at java.base@21.0.5/java.lang.Thread.run(Thread.java:1583)
"om1-DirectoryDeletingService#2" daemon prio=5 tid=472 timed_waiting
java.lang.Thread.State: TIMED_WAITING
        at java.base@21.0.5/jdk.internal.misc.Unsafe.park(Native Method)
        at java.base@21.0.5/java.util.concurrent.locks.LockSupport.parkNanos(LockSupport.java:269)
        at java.base@21.0.5/java.util.concurrent.locks.AbstractQueuedSynchronizer$ConditionObject.awaitNanos(AbstractQueuedSynchronizer.java:1763)
        at java.base@21.0.5/java.util.concurrent.ScheduledThreadPoolExecutor$DelayedWorkQueue.take(ScheduledThreadPoolExecutor.java:1182)
        at java.base@21.0.5/java.util.concurrent.ScheduledThreadPoolExecutor$DelayedWorkQueue.take(ScheduledThreadPoolExecutor.java:899)
        at java.base@21.0.5/java.util.concurrent.ThreadPoolExecutor.getTask(ThreadPoolExecutor.java:1070)
        at java.base@21.0.5/java.util.concurrent.ThreadPoolExecutor.runWorker(ThreadPoolExecutor.java:1130)
        at java.base@21.0.5/java.util.concurrent.ThreadPoolExecutor$Worker.run(ThreadPoolExecutor.java:642)
        at java.base@21.0.5/java.lang.Thread.runWith(Thread.java:1596)
        at java.base@21.0.5/java.lang.Thread.run(Thread.java:1583)
"02fc1759-725d-47af-8349-873c9c5c9167@group-EF3CB8D23BF9-SegmentedRaftLogWorker"  prio=5 tid=1245 timed_waiting
java.lang.Thread.State: TIMED_WAITING
        at java.base@21.0.5/jdk.internal.misc.Unsafe.park(Native Method)
        at java.base@21.0.5/java.util.concurrent.locks.LockSupport.parkNanos(LockSupport.java:269)
        at java.base@21.0.5/java.util.concurrent.locks.AbstractQueuedSynchronizer$ConditionObject.awaitNanos(AbstractQueuedSynchronizer.java:1763)
        at app//org.apache.ratis.util.DataBlockingQueue.poll(DataBlockingQueue.java:148)
        at app//org.apache.ratis.server.raftlog.segmented.SegmentedRaftLogWorker.run(SegmentedRaftLogWorker.java:307)
        at app//org.apache.ratis.server.raftlog.segmented.SegmentedRaftLogWorker$$Lambda/0x00007fd9cc334298.run(Unknown Source)
        at java.base@21.0.5/java.util.concurrent.Executors$RunnableAdapter.call(Executors.java:572)
        at java.base@21.0.5/java.util.concurrent.FutureTask.run(FutureTask.java:317)
        at java.base@21.0.5/java.util.concurrent.ThreadPoolExecutor.runWorker(ThreadPoolExecutor.java:1144)
        at java.base@21.0.5/java.util.concurrent.ThreadPoolExecutor$Worker.run(ThreadPoolExecutor.java:642)
        at java.base@21.0.5/java.lang.Thread.runWith(Thread.java:1596)
        at java.base@21.0.5/java.lang.Thread.run(Thread.java:1583)
"3296053d-9d54-4057-a6a8-67c4b6ec6587-ContainerReplicationThread-0" daemon prio=5 tid=2440 in Object.wait()
java.lang.Thread.State: WAITING (on object monitor)
        at java.base@21.0.5/jdk.internal.misc.Unsafe.park(Native Method)
        at java.base@21.0.5/java.util.concurrent.locks.LockSupport.park(LockSupport.java:371)
        at java.base@21.0.5/java.util.concurrent.locks.AbstractQueuedSynchronizer$ConditionNode.block(AbstractQueuedSynchronizer.java:519)
        at java.base@21.0.5/java.util.concurrent.ForkJoinPool.unmanagedBlock(ForkJoinPool.java:3780)
        at java.base@21.0.5/java.util.concurrent.ForkJoinPool.managedBlock(ForkJoinPool.java:3725)
        at java.base@21.0.5/java.util.concurrent.locks.AbstractQueuedSynchronizer$ConditionObject.await(AbstractQueuedSynchronizer.java:1712)
        at java.base@21.0.5/java.util.concurrent.PriorityBlockingQueue.take(PriorityBlockingQueue.java:535)
        at java.base@21.0.5/java.util.concurrent.ThreadPoolExecutor.getTask(ThreadPoolExecutor.java:1070)
        at java.base@21.0.5/java.util.concurrent.ThreadPoolExecutor.runWorker(ThreadPoolExecutor.java:1130)
        at java.base@21.0.5/java.util.concurrent.ThreadPoolExecutor$Worker.run(ThreadPoolExecutor.java:642)
        at java.base@21.0.5/java.lang.Thread.runWith(Thread.java:1596)
        at java.base@21.0.5/java.lang.Thread.run(Thread.java:1583)
"4b5ea8a3-88a5-4114-908f-7a85f39bc1cb@group-33E612B207F7-SegmentedRaftLogWorker" daemon prio=5 tid=1273 timed_waiting
java.lang.Thread.State: TIMED_WAITING
        at java.base@21.0.5/jdk.internal.misc.Unsafe.park(Native Method)
        at java.base@21.0.5/java.util.concurrent.locks.LockSupport.parkNanos(LockSupport.java:269)
        at java.base@21.0.5/java.util.concurrent.locks.AbstractQueuedSynchronizer$ConditionObject.awaitNanos(AbstractQueuedSynchronizer.java:1763)
        at app//org.apache.ratis.util.DataBlockingQueue.poll(DataBlockingQueue.java:148)
        at app//org.apache.ratis.server.raftlog.segmented.SegmentedRaftLogWorker.run(SegmentedRaftLogWorker.java:307)
        at app//org.apache.ratis.server.raftlog.segmented.SegmentedRaftLogWorker$$Lambda/0x00007fd9cc334298.run(Unknown Source)
        at java.base@21.0.5/java.util.concurrent.Executors$RunnableAdapter.call(Executors.java:572)
        at java.base@21.0.5/java.util.concurrent.FutureTask.run(FutureTask.java:317)
        at java.base@21.0.5/java.util.concurrent.ThreadPoolExecutor.runWorker(ThreadPoolExecutor.java:1144)
        at java.base@21.0.5/java.util.concurrent.ThreadPoolExecutor$Worker.run(ThreadPoolExecutor.java:642)
        at java.base@21.0.5/java.lang.Thread.runWith(Thread.java:1596)
        at java.base@21.0.5/java.lang.Thread.run(Thread.java:1583)
"IPC Server handler 24 on default port 15001" daemon prio=5 tid=238 timed_waiting
java.lang.Thread.State: TIMED_WAITING
        at java.base@21.0.5/jdk.internal.misc.Unsafe.park(Native Method)
        at java.base@21.0.5/java.util.concurrent.locks.LockSupport.parkNanos(LockSupport.java:269)
        at java.base@21.0.5/java.util.concurrent.locks.AbstractQueuedSynchronizer$ConditionObject.awaitNanos(AbstractQueuedSynchronizer.java:1763)
        at java.base@21.0.5/java.util.concurrent.LinkedBlockingQueue.poll(LinkedBlockingQueue.java:460)
        at app//org.apache.hadoop.ipc.CallQueueManager.take(CallQueueManager.java:370)
        at app//org.apache.hadoop.ipc.Server$Handler.run(Server.java:3165)
"79978ed1-1a5c-4832-b584-9e2d85f03cd7-DatanodeReportManager-0" daemon prio=5 tid=552 in Object.wait()
java.lang.Thread.State: WAITING (on object monitor)
        at java.base@21.0.5/jdk.internal.misc.Unsafe.park(Native Method)
        at java.base@21.0.5/java.util.concurrent.locks.LockSupport.park(LockSupport.java:371)
        at java.base@21.0.5/java.util.concurrent.locks.AbstractQueuedSynchronizer$ConditionNode.block(AbstractQueuedSynchronizer.java:519)
        at java.base@21.0.5/java.util.concurrent.ForkJoinPool.unmanagedBlock(ForkJoinPool.java:3780)
        at java.base@21.0.5/java.util.concurrent.ForkJoinPool.managedBlock(ForkJoinPool.java:3725)
        at java.base@21.0.5/java.util.concurrent.locks.AbstractQueuedSynchronizer$ConditionObject.await(AbstractQueuedSynchronizer.java:1712)
        at java.base@21.0.5/java.util.concurrent.ScheduledThreadPoolExecutor$DelayedWorkQueue.take(ScheduledThreadPoolExecutor.java:1177)
        at java.base@21.0.5/java.util.concurrent.ScheduledThreadPoolExecutor$DelayedWorkQueue.take(ScheduledThreadPoolExecutor.java:899)
        at java.base@21.0.5/java.util.concurrent.ThreadPoolExecutor.getTask(ThreadPoolExecutor.java:1070)
        at java.base@21.0.5/java.util.concurrent.ThreadPoolExecutor.runWorker(ThreadPoolExecutor.java:1130)
        at java.base@21.0.5/java.util.concurrent.ThreadPoolExecutor$Worker.run(ThreadPoolExecutor.java:642)
        at java.base@21.0.5/java.lang.Thread.runWith(Thread.java:1596)
        at java.base@21.0.5/java.lang.Thread.run(Thread.java:1583)
"IPC Server handler 1 on default port 15030" daemon prio=5 tid=636 timed_waiting
java.lang.Thread.State: TIMED_WAITING
        at java.base@21.0.5/jdk.internal.misc.Unsafe.park(Native Method)
        at java.base@21.0.5/java.util.concurrent.locks.LockSupport.parkNanos(LockSupport.java:269)
        at java.base@21.0.5/java.util.concurrent.locks.AbstractQueuedSynchronizer$ConditionObject.awaitNanos(AbstractQueuedSynchronizer.java:1763)
        at java.base@21.0.5/java.util.concurrent.LinkedBlockingQueue.poll(LinkedBlockingQueue.java:460)
        at app//org.apache.hadoop.ipc.CallQueueManager.take(CallQueueManager.java:370)
        at app//org.apache.hadoop.ipc.Server$Handler.run(Server.java:3165)
"IPC Server listener on 15093" daemon prio=5 tid=1001 runnable
java.lang.Thread.State: RUNNABLE
        at java.base@21.0.5/sun.nio.ch.EPoll.wait(Native Method)
        at java.base@21.0.5/sun.nio.ch.EPollSelectorImpl.doSelect(EPollSelectorImpl.java:121)
        at java.base@21.0.5/sun.nio.ch.SelectorImpl.lockAndDoSelect(SelectorImpl.java:130)
        at java.base@21.0.5/sun.nio.ch.SelectorImpl.select(SelectorImpl.java:147)
        at app//org.apache.hadoop.ipc.Server$Listener.run(Server.java:1559)
"b6b79d51-52d7-4711-a690-06a51533978a@group-2A3258B325AC-SegmentedRaftLogWorker" daemon prio=5 tid=1344 timed_waiting
java.lang.Thread.State: TIMED_WAITING
        at java.base@21.0.5/jdk.internal.misc.Unsafe.park(Native Method)
        at java.base@21.0.5/java.util.concurrent.locks.LockSupport.parkNanos(LockSupport.java:269)
        at java.base@21.0.5/java.util.concurrent.locks.AbstractQueuedSynchronizer$ConditionObject.awaitNanos(AbstractQueuedSynchronizer.java:1763)
        at app//org.apache.ratis.util.DataBlockingQueue.poll(DataBlockingQueue.java:148)
        at app//org.apache.ratis.server.raftlog.segmented.SegmentedRaftLogWorker.run(SegmentedRaftLogWorker.java:307)
        at app//org.apache.ratis.server.raftlog.segmented.SegmentedRaftLogWorker$$Lambda/0x00007fd9cc334298.run(Unknown Source)
        at java.base@21.0.5/java.util.concurrent.Executors$RunnableAdapter.call(Executors.java:572)
        at java.base@21.0.5/java.util.concurrent.FutureTask.run(FutureTask.java:317)
        at java.base@21.0.5/java.util.concurrent.ThreadPoolExecutor.runWorker(ThreadPoolExecutor.java:1144)
        at java.base@21.0.5/java.util.concurrent.ThreadPoolExecutor$Worker.run(ThreadPoolExecutor.java:642)
        at java.base@21.0.5/java.lang.Thread.runWith(Thread.java:1596)
        at java.base@21.0.5/java.lang.Thread.run(Thread.java:1583)
"IPC Server handler 15 on default port 15006" daemon prio=5 tid=506 timed_waiting
java.lang.Thread.State: TIMED_WAITING
        at java.base@21.0.5/jdk.internal.misc.Unsafe.park(Native Method)
        at java.base@21.0.5/java.util.concurrent.locks.LockSupport.parkNanos(LockSupport.java:269)
        at java.base@21.0.5/java.util.concurrent.locks.AbstractQueuedSynchronizer$ConditionObject.awaitNanos(AbstractQueuedSynchronizer.java:1763)
        at java.base@21.0.5/java.util.concurrent.LinkedBlockingQueue.poll(LinkedBlockingQueue.java:460)
        at app//org.apache.hadoop.ipc.CallQueueManager.take(CallQueueManager.java:370)
        at app//org.apache.hadoop.ipc.Server$Handler.run(Server.java:3165)
"751e45cc-852a-454f-97c8-e80f2befe6f4@group-41854415688A-SegmentedRaftLogWorker" daemon prio=5 tid=1481 timed_waiting
java.lang.Thread.State: TIMED_WAITING
        at java.base@21.0.5/jdk.internal.misc.Unsafe.park(Native Method)
        at java.base@21.0.5/java.util.concurrent.locks.LockSupport.parkNanos(LockSupport.java:269)
        at java.base@21.0.5/java.util.concurrent.locks.AbstractQueuedSynchronizer$ConditionObject.awaitNanos(AbstractQueuedSynchronizer.java:1763)
        at app//org.apache.ratis.util.DataBlockingQueue.poll(DataBlockingQueue.java:148)
        at app//org.apache.ratis.server.raftlog.segmented.SegmentedRaftLogWorker.run(SegmentedRaftLogWorker.java:307)
        at app//org.apache.ratis.server.raftlog.segmented.SegmentedRaftLogWorker$$Lambda/0x00007fd9cc334298.run(Unknown Source)
        at java.base@21.0.5/java.util.concurrent.Executors$RunnableAdapter.call(Executors.java:572)
        at java.base@21.0.5/java.util.concurrent.FutureTask.run(FutureTask.java:317)
        at java.base@21.0.5/java.util.concurrent.ThreadPoolExecutor.runWorker(ThreadPoolExecutor.java:1144)
        at java.base@21.0.5/java.util.concurrent.ThreadPoolExecutor$Worker.run(ThreadPoolExecutor.java:642)
        at java.base@21.0.5/java.lang.Thread.runWith(Thread.java:1596)
        at java.base@21.0.5/java.lang.Thread.run(Thread.java:1583)
"qtp270478498-488" daemon prio=5 tid=488 timed_waiting
java.lang.Thread.State: TIMED_WAITING
        at java.base@21.0.5/jdk.internal.misc.Unsafe.park(Native Method)
        at java.base@21.0.5/java.util.concurrent.locks.LockSupport.parkNanos(LockSupport.java:269)
        at java.base@21.0.5/java.util.concurrent.locks.AbstractQueuedSynchronizer$ConditionObject.awaitNanos(AbstractQueuedSynchronizer.java:1763)
        at app//org.eclipse.jetty.util.BlockingArrayQueue.poll(BlockingArrayQueue.java:382)
        at app//org.eclipse.jetty.util.thread.QueuedThreadPool$Runner.idleJobPoll(QueuedThreadPool.java:974)
        at app//org.eclipse.jetty.util.thread.QueuedThreadPool$Runner.run(QueuedThreadPool.java:1018)
        at java.base@21.0.5/java.lang.Thread.runWith(Thread.java:1596)
        at java.base@21.0.5/java.lang.Thread.run(Thread.java:1583)
"751e45cc-852a-454f-97c8-e80f2befe6f4@group-2F015B8B5508-cacheEviction-AwaitToRun" daemon prio=5 tid=1424 in Object.wait()
java.lang.Thread.State: WAITING (on object monitor)
        at java.base@21.0.5/jdk.internal.misc.Unsafe.park(Native Method)
        at java.base@21.0.5/java.util.concurrent.locks.LockSupport.park(LockSupport.java:371)
        at java.base@21.0.5/java.util.concurrent.locks.AbstractQueuedSynchronizer$ConditionNode.block(AbstractQueuedSynchronizer.java:519)
        at java.base@21.0.5/java.util.concurrent.ForkJoinPool.unmanagedBlock(ForkJoinPool.java:3780)
        at java.base@21.0.5/java.util.concurrent.ForkJoinPool.managedBlock(ForkJoinPool.java:3725)
        at java.base@21.0.5/java.util.concurrent.locks.AbstractQueuedSynchronizer$ConditionObject.await(AbstractQueuedSynchronizer.java:1712)
        at app//org.apache.ratis.util.AwaitForSignal.await(AwaitForSignal.java:48)
        at app//org.apache.ratis.util.AwaitToRun$RunnableImpl.run(AwaitToRun.java:47)
        at java.base@21.0.5/java.lang.Thread.runWith(Thread.java:1596)
        at java.base@21.0.5/java.lang.Thread.run(Thread.java:1583)
"IPC Server handler 6 on default port 15021" daemon prio=5 tid=593 timed_waiting
java.lang.Thread.State: TIMED_WAITING
        at java.base@21.0.5/jdk.internal.misc.Unsafe.park(Native Method)
        at java.base@21.0.5/java.util.concurrent.locks.LockSupport.parkNanos(LockSupport.java:269)
        at java.base@21.0.5/java.util.concurrent.locks.AbstractQueuedSynchronizer$ConditionObject.awaitNanos(AbstractQueuedSynchronizer.java:1763)
        at java.base@21.0.5/java.util.concurrent.LinkedBlockingQueue.poll(LinkedBlockingQueue.java:460)
        at app//org.apache.hadoop.ipc.CallQueueManager.take(CallQueueManager.java:370)
        at app//org.apache.hadoop.ipc.Server$Handler.run(Server.java:3165)
"IPC Server handler 56 on default port 15002" daemon prio=5 tid=388 timed_waiting
java.lang.Thread.State: TIMED_WAITING
        at java.base@21.0.5/jdk.internal.misc.Unsafe.park(Native Method)
        at java.base@21.0.5/java.util.concurrent.locks.LockSupport.parkNanos(LockSupport.java:269)
        at java.base@21.0.5/java.util.concurrent.locks.AbstractQueuedSynchronizer$ConditionObject.awaitNanos(AbstractQueuedSynchronizer.java:1763)
        at java.base@21.0.5/java.util.concurrent.LinkedBlockingQueue.poll(LinkedBlockingQueue.java:460)
        at app//org.apache.hadoop.ipc.CallQueueManager.take(CallQueueManager.java:370)
        at app//org.apache.hadoop.ipc.Server$Handler.run(Server.java:3165)
"IPC Server handler 9 on default port 15075" daemon prio=5 tid=2514 timed_waiting
java.lang.Thread.State: TIMED_WAITING
        at java.base@21.0.5/jdk.internal.misc.Unsafe.park(Native Method)
        at java.base@21.0.5/java.util.concurrent.locks.LockSupport.parkNanos(LockSupport.java:269)
        at java.base@21.0.5/java.util.concurrent.locks.AbstractQueuedSynchronizer$ConditionObject.awaitNanos(AbstractQueuedSynchronizer.java:1763)
        at java.base@21.0.5/java.util.concurrent.LinkedBlockingQueue.poll(LinkedBlockingQueue.java:460)
        at app//org.apache.hadoop.ipc.CallQueueManager.take(CallQueueManager.java:370)
        at app//org.apache.hadoop.ipc.Server$Handler.run(Server.java:3165)
"IPC Server handler 15 on default port 15000" daemon prio=5 tid=129 timed_waiting
java.lang.Thread.State: TIMED_WAITING
        at java.base@21.0.5/jdk.internal.misc.Unsafe.park(Native Method)
        at java.base@21.0.5/java.util.concurrent.locks.LockSupport.parkNanos(LockSupport.java:269)
        at java.base@21.0.5/java.util.concurrent.locks.AbstractQueuedSynchronizer$ConditionObject.awaitNanos(AbstractQueuedSynchronizer.java:1763)
        at java.base@21.0.5/java.util.concurrent.LinkedBlockingQueue.poll(LinkedBlockingQueue.java:460)
        at app//org.apache.hadoop.ipc.CallQueueManager.take(CallQueueManager.java:370)
        at app//org.apache.hadoop.ipc.Server$Handler.run(Server.java:3165)
"IPC Server handler 4 on default port 15006" daemon prio=5 tid=495 timed_waiting
java.lang.Thread.State: TIMED_WAITING
        at java.base@21.0.5/jdk.internal.misc.Unsafe.park(Native Method)
        at java.base@21.0.5/java.util.concurrent.locks.LockSupport.parkNanos(LockSupport.java:269)
        at java.base@21.0.5/java.util.concurrent.locks.AbstractQueuedSynchronizer$ConditionObject.awaitNanos(AbstractQueuedSynchronizer.java:1763)
        at java.base@21.0.5/java.util.concurrent.LinkedBlockingQueue.poll(LinkedBlockingQueue.java:460)
        at app//org.apache.hadoop.ipc.CallQueueManager.take(CallQueueManager.java:370)
        at app//org.apache.hadoop.ipc.Server$Handler.run(Server.java:3165)
"751e45cc-852a-454f-97c8-e80f2befe6f4-DatanodeReportManager-2" daemon prio=5 tid=786 timed_waiting
java.lang.Thread.State: TIMED_WAITING
        at java.base@21.0.5/jdk.internal.misc.Unsafe.park(Native Method)
        at java.base@21.0.5/java.util.concurrent.locks.LockSupport.parkNanos(LockSupport.java:269)
        at java.base@21.0.5/java.util.concurrent.locks.AbstractQueuedSynchronizer$ConditionObject.awaitNanos(AbstractQueuedSynchronizer.java:1763)
        at java.base@21.0.5/java.util.concurrent.ScheduledThreadPoolExecutor$DelayedWorkQueue.take(ScheduledThreadPoolExecutor.java:1182)
        at java.base@21.0.5/java.util.concurrent.ScheduledThreadPoolExecutor$DelayedWorkQueue.take(ScheduledThreadPoolExecutor.java:899)
        at java.base@21.0.5/java.util.concurrent.ThreadPoolExecutor.getTask(ThreadPoolExecutor.java:1070)
        at java.base@21.0.5/java.util.concurrent.ThreadPoolExecutor.runWorker(ThreadPoolExecutor.java:1130)
        at java.base@21.0.5/java.util.concurrent.ThreadPoolExecutor$Worker.run(ThreadPoolExecutor.java:642)
        at java.base@21.0.5/java.lang.Thread.runWith(Thread.java:1596)
        at java.base@21.0.5/java.lang.Thread.run(Thread.java:1583)
"IPC Server Responder" daemon prio=5 tid=725 runnable
java.lang.Thread.State: RUNNABLE
        at java.base@21.0.5/sun.nio.ch.EPoll.wait(Native Method)
        at java.base@21.0.5/sun.nio.ch.EPollSelectorImpl.doSelect(EPollSelectorImpl.java:121)
        at java.base@21.0.5/sun.nio.ch.SelectorImpl.lockAndDoSelect(SelectorImpl.java:130)
        at java.base@21.0.5/sun.nio.ch.SelectorImpl.select(SelectorImpl.java:142)
        at app//org.apache.hadoop.ipc.Server$Responder.doRunLoop(Server.java:1733)
        at app//org.apache.hadoop.ipc.Server$Responder.run(Server.java:1716)
"org.apache.hadoop.ozone.container.common.statemachine.commandhandler.DeleteBlocksCommandHandler$DeleteCmdWorker@bc6655d" daemon prio=5 tid=794 timed_waiting
java.lang.Thread.State: TIMED_WAITING
        at java.base@21.0.5/java.lang.Thread.sleep0(Native Method)
        at java.base@21.0.5/java.lang.Thread.sleep(Thread.java:509)
        at app//org.apache.hadoop.ozone.container.common.statemachine.commandhandler.DeleteBlocksCommandHandler$DeleteCmdWorker.run(DeleteBlocksCommandHandler.java:264)
        at java.base@21.0.5/java.lang.Thread.runWith(Thread.java:1596)
        at java.base@21.0.5/java.lang.Thread.run(Thread.java:1583)
"4b5ea8a3-88a5-4114-908f-7a85f39bc1cb@group-EF3CB8D23BF9-StateMachineUpdater" daemon prio=5 tid=1287 timed_waiting
java.lang.Thread.State: TIMED_WAITING
        at java.base@21.0.5/jdk.internal.misc.Unsafe.park(Native Method)
        at java.base@21.0.5/java.util.concurrent.locks.LockSupport.parkNanos(LockSupport.java:269)
        at java.base@21.0.5/java.util.concurrent.locks.AbstractQueuedSynchronizer$ConditionObject.await(AbstractQueuedSynchronizer.java:1852)
        at app//org.apache.ratis.util.AwaitForSignal.await(AwaitForSignal.java:65)
        at app//org.apache.ratis.server.impl.StateMachineUpdater.waitForCommit(StateMachineUpdater.java:219)
        at app//org.apache.ratis.server.impl.StateMachineUpdater.run(StateMachineUpdater.java:187)
        at java.base@21.0.5/java.lang.Thread.runWith(Thread.java:1596)
        at java.base@21.0.5/java.lang.Thread.run(Thread.java:1583)
"Socket Reader #2 for port 15075"  prio=5 tid=2493 runnable
java.lang.Thread.State: RUNNABLE
        at java.base@21.0.5/sun.nio.ch.EPoll.wait(Native Method)
        at java.base@21.0.5/sun.nio.ch.EPollSelectorImpl.doSelect(EPollSelectorImpl.java:121)
        at java.base@21.0.5/sun.nio.ch.SelectorImpl.lockAndDoSelect(SelectorImpl.java:130)
        at java.base@21.0.5/sun.nio.ch.SelectorImpl.select(SelectorImpl.java:147)
        at app//org.apache.hadoop.ipc.Server$Listener$Reader.doRunLoop(Server.java:1497)
        at app//org.apache.hadoop.ipc.Server$Listener$Reader.run(Server.java:1476)
"IPC Server handler 53 on default port 15001" daemon prio=5 tid=267 timed_waiting
java.lang.Thread.State: TIMED_WAITING
        at java.base@21.0.5/jdk.internal.misc.Unsafe.park(Native Method)
        at java.base@21.0.5/java.util.concurrent.locks.LockSupport.parkNanos(LockSupport.java:269)
        at java.base@21.0.5/java.util.concurrent.locks.AbstractQueuedSynchronizer$ConditionObject.awaitNanos(AbstractQueuedSynchronizer.java:1763)
        at java.base@21.0.5/java.util.concurrent.LinkedBlockingQueue.poll(LinkedBlockingQueue.java:460)
        at app//org.apache.hadoop.ipc.CallQueueManager.take(CallQueueManager.java:370)
        at app//org.apache.hadoop.ipc.Server$Handler.run(Server.java:3165)
"26f755b0-b4b1-4239-8401-e418fca9ef4b-NettyServerStreamRpc-bossGroup--thread1"  prio=5 tid=2477 runnable
java.lang.Thread.State: RUNNABLE
        at app//org.apache.ratis.thirdparty.io.netty.channel.epoll.Native.epollWait(Native Method)
        at app//org.apache.ratis.thirdparty.io.netty.channel.epoll.Native.epollWait(Native.java:220)
        at app//org.apache.ratis.thirdparty.io.netty.channel.epoll.Native.epollWait(Native.java:213)
        at app//org.apache.ratis.thirdparty.io.netty.channel.epoll.EpollEventLoop.epollWaitNoTimerChange(EpollEventLoop.java:308)
        at app//org.apache.ratis.thirdparty.io.netty.channel.epoll.EpollEventLoop.run(EpollEventLoop.java:365)
        at app//org.apache.ratis.thirdparty.io.netty.util.concurrent.SingleThreadEventExecutor$4.run(SingleThreadEventExecutor.java:997)
        at app//org.apache.ratis.thirdparty.io.netty.util.internal.ThreadExecutorMap$2.run(ThreadExecutorMap.java:74)
        at java.base@21.0.5/java.lang.Thread.runWith(Thread.java:1596)
        at java.base@21.0.5/java.lang.Thread.run(Thread.java:1583)
"StaleRecoveringContainerScrubbingService#7" daemon prio=5 tid=2861 in Object.wait()
java.lang.Thread.State: WAITING (on object monitor)
        at java.base@21.0.5/jdk.internal.misc.Unsafe.park(Native Method)
        at java.base@21.0.5/java.util.concurrent.locks.LockSupport.park(LockSupport.java:371)
        at java.base@21.0.5/java.util.concurrent.locks.AbstractQueuedSynchronizer$ConditionNode.block(AbstractQueuedSynchronizer.java:519)
        at java.base@21.0.5/java.util.concurrent.ForkJoinPool.unmanagedBlock(ForkJoinPool.java:3780)
        at java.base@21.0.5/java.util.concurrent.ForkJoinPool.managedBlock(ForkJoinPool.java:3725)
        at java.base@21.0.5/java.util.concurrent.locks.AbstractQueuedSynchronizer$ConditionObject.await(AbstractQueuedSynchronizer.java:1712)
        at java.base@21.0.5/java.util.concurrent.ScheduledThreadPoolExecutor$DelayedWorkQueue.take(ScheduledThreadPoolExecutor.java:1177)
        at java.base@21.0.5/java.util.concurrent.ScheduledThreadPoolExecutor$DelayedWorkQueue.take(ScheduledThreadPoolExecutor.java:899)
        at java.base@21.0.5/java.util.concurrent.ThreadPoolExecutor.getTask(ThreadPoolExecutor.java:1070)
        at java.base@21.0.5/java.util.concurrent.ThreadPoolExecutor.runWorker(ThreadPoolExecutor.java:1130)
        at java.base@21.0.5/java.util.concurrent.ThreadPoolExecutor$Worker.run(ThreadPoolExecutor.java:642)
        at java.base@21.0.5/java.lang.Thread.runWith(Thread.java:1596)
        at java.base@21.0.5/java.lang.Thread.run(Thread.java:1583)
"ContainerMetadataScanner" daemon prio=5 tid=989 timed_waiting
java.lang.Thread.State: TIMED_WAITING
        at java.base@21.0.5/java.lang.Thread.sleep0(Native Method)
        at java.base@21.0.5/java.lang.Thread.sleep(Thread.java:509)
        at app//org.apache.hadoop.ozone.container.ozoneimpl.AbstractBackgroundContainerScanner.handleRemainingSleep(AbstractBackgroundContainerScanner.java:131)
        at app//org.apache.hadoop.ozone.container.ozoneimpl.AbstractBackgroundContainerScanner.runIteration(AbstractBackgroundContainerScanner.java:98)
        at app//org.apache.hadoop.ozone.container.ozoneimpl.AbstractBackgroundContainerScanner.run(AbstractBackgroundContainerScanner.java:57)
"79978ed1-1a5c-4832-b584-9e2d85f03cd7-server-thread1" daemon prio=5 tid=2233 timed_waiting
java.lang.Thread.State: TIMED_WAITING
        at java.base@21.0.5/jdk.internal.misc.Unsafe.park(Native Method)
        at java.base@21.0.5/java.util.concurrent.locks.LockSupport.parkNanos(LockSupport.java:410)
        at java.base@21.0.5/java.util.concurrent.LinkedTransferQueue$DualNode.await(LinkedTransferQueue.java:452)
        at java.base@21.0.5/java.util.concurrent.SynchronousQueue$Transferer.xferLifo(SynchronousQueue.java:194)
        at java.base@21.0.5/java.util.concurrent.SynchronousQueue.xfer(SynchronousQueue.java:235)
        at java.base@21.0.5/java.util.concurrent.SynchronousQueue.poll(SynchronousQueue.java:338)
        at java.base@21.0.5/java.util.concurrent.ThreadPoolExecutor.getTask(ThreadPoolExecutor.java:1069)
        at java.base@21.0.5/java.util.concurrent.ThreadPoolExecutor.runWorker(ThreadPoolExecutor.java:1130)
        at java.base@21.0.5/java.util.concurrent.ThreadPoolExecutor$Worker.run(ThreadPoolExecutor.java:642)
        at java.base@21.0.5/java.lang.Thread.runWith(Thread.java:1596)
        at java.base@21.0.5/java.lang.Thread.run(Thread.java:1583)
"751e45cc-852a-454f-97c8-e80f2befe6f4@group-A6DF87581CD1-SegmentedRaftLogWorker" daemon prio=5 tid=1307 timed_waiting
java.lang.Thread.State: TIMED_WAITING
        at java.base@21.0.5/jdk.internal.misc.Unsafe.park(Native Method)
        at java.base@21.0.5/java.util.concurrent.locks.LockSupport.parkNanos(LockSupport.java:269)
        at java.base@21.0.5/java.util.concurrent.locks.AbstractQueuedSynchronizer$ConditionObject.awaitNanos(AbstractQueuedSynchronizer.java:1763)
        at app//org.apache.ratis.util.DataBlockingQueue.poll(DataBlockingQueue.java:148)
        at app//org.apache.ratis.server.raftlog.segmented.SegmentedRaftLogWorker.run(SegmentedRaftLogWorker.java:307)
        at app//org.apache.ratis.server.raftlog.segmented.SegmentedRaftLogWorker$$Lambda/0x00007fd9cc334298.run(Unknown Source)
        at java.base@21.0.5/java.util.concurrent.Executors$RunnableAdapter.call(Executors.java:572)
        at java.base@21.0.5/java.util.concurrent.FutureTask.run(FutureTask.java:317)
        at java.base@21.0.5/java.util.concurrent.ThreadPoolExecutor.runWorker(ThreadPoolExecutor.java:1144)
        at java.base@21.0.5/java.util.concurrent.ThreadPoolExecutor$Worker.run(ThreadPoolExecutor.java:642)
        at java.base@21.0.5/java.lang.Thread.runWith(Thread.java:1596)
        at java.base@21.0.5/java.lang.Thread.run(Thread.java:1583)
"4b5ea8a3-88a5-4114-908f-7a85f39bc1cb@group-33E612B207F7-LeaderStateImpl" daemon prio=5 tid=1878 timed_waiting
java.lang.Thread.State: TIMED_WAITING
        at java.base@21.0.5/jdk.internal.misc.Unsafe.park(Native Method)
        at java.base@21.0.5/java.util.concurrent.locks.LockSupport.parkNanos(LockSupport.java:269)
        at java.base@21.0.5/java.util.concurrent.locks.AbstractQueuedSynchronizer$ConditionObject.awaitNanos(AbstractQueuedSynchronizer.java:1763)
        at java.base@21.0.5/java.util.concurrent.ArrayBlockingQueue.poll(ArrayBlockingQueue.java:435)
        at app//org.apache.ratis.server.impl.LeaderStateImpl$EventQueue.poll(LeaderStateImpl.java:164)
        at app//org.apache.ratis.server.impl.LeaderStateImpl$EventProcessor.run(LeaderStateImpl.java:763)
"ac32094a-198b-4072-99dd-552311e88daf-server-thread1" daemon prio=5 tid=2189 timed_waiting
java.lang.Thread.State: TIMED_WAITING
        at java.base@21.0.5/jdk.internal.misc.Unsafe.park(Native Method)
        at java.base@21.0.5/java.util.concurrent.locks.LockSupport.parkNanos(LockSupport.java:410)
        at java.base@21.0.5/java.util.concurrent.LinkedTransferQueue$DualNode.await(LinkedTransferQueue.java:452)
        at java.base@21.0.5/java.util.concurrent.SynchronousQueue$Transferer.xferLifo(SynchronousQueue.java:194)
        at java.base@21.0.5/java.util.concurrent.SynchronousQueue.xfer(SynchronousQueue.java:235)
        at java.base@21.0.5/java.util.concurrent.SynchronousQueue.poll(SynchronousQueue.java:338)
        at java.base@21.0.5/java.util.concurrent.ThreadPoolExecutor.getTask(ThreadPoolExecutor.java:1069)
        at java.base@21.0.5/java.util.concurrent.ThreadPoolExecutor.runWorker(ThreadPoolExecutor.java:1130)
        at java.base@21.0.5/java.util.concurrent.ThreadPoolExecutor$Worker.run(ThreadPoolExecutor.java:642)
        at java.base@21.0.5/java.lang.Thread.runWith(Thread.java:1596)
        at java.base@21.0.5/java.lang.Thread.run(Thread.java:1583)
"Socket Reader #6 for port 15093"  prio=5 tid=1007 runnable
java.lang.Thread.State: RUNNABLE
        at java.base@21.0.5/sun.nio.ch.EPoll.wait(Native Method)
        at java.base@21.0.5/sun.nio.ch.EPollSelectorImpl.doSelect(EPollSelectorImpl.java:121)
        at java.base@21.0.5/sun.nio.ch.SelectorImpl.lockAndDoSelect(SelectorImpl.java:130)
        at java.base@21.0.5/sun.nio.ch.SelectorImpl.select(SelectorImpl.java:147)
        at app//org.apache.hadoop.ipc.Server$Listener$Reader.doRunLoop(Server.java:1497)
        at app//org.apache.hadoop.ipc.Server$Listener$Reader.run(Server.java:1476)
"79978ed1-1a5c-4832-b584-9e2d85f03cd7-server-thread3" daemon prio=5 tid=1834 timed_waiting
java.lang.Thread.State: TIMED_WAITING
        at java.base@21.0.5/jdk.internal.misc.Unsafe.park(Native Method)
        at java.base@21.0.5/java.util.concurrent.locks.LockSupport.parkNanos(LockSupport.java:410)
        at java.base@21.0.5/java.util.concurrent.LinkedTransferQueue$DualNode.await(LinkedTransferQueue.java:452)
        at java.base@21.0.5/java.util.concurrent.SynchronousQueue$Transferer.xferLifo(SynchronousQueue.java:194)
        at java.base@21.0.5/java.util.concurrent.SynchronousQueue.xfer(SynchronousQueue.java:235)
        at java.base@21.0.5/java.util.concurrent.SynchronousQueue.poll(SynchronousQueue.java:338)
        at java.base@21.0.5/java.util.concurrent.ThreadPoolExecutor.getTask(ThreadPoolExecutor.java:1069)
        at java.base@21.0.5/java.util.concurrent.ThreadPoolExecutor.runWorker(ThreadPoolExecutor.java:1130)
        at java.base@21.0.5/java.util.concurrent.ThreadPoolExecutor$Worker.run(ThreadPoolExecutor.java:642)
        at java.base@21.0.5/java.lang.Thread.runWith(Thread.java:1596)
        at java.base@21.0.5/java.lang.Thread.run(Thread.java:1583)
"Signal Dispatcher" daemon prio=9 tid=11 runnable
java.lang.Thread.State: RUNNABLE
"ac32094a-198b-4072-99dd-552311e88daf-ChunkReader-4" daemon prio=5 tid=2444 in Object.wait()
java.lang.Thread.State: WAITING (on object monitor)
        at java.base@21.0.5/jdk.internal.misc.Unsafe.park(Native Method)
        at java.base@21.0.5/java.util.concurrent.locks.LockSupport.park(LockSupport.java:371)
        at java.base@21.0.5/java.util.concurrent.locks.AbstractQueuedSynchronizer$ConditionNode.block(AbstractQueuedSynchronizer.java:519)
        at java.base@21.0.5/java.util.concurrent.ForkJoinPool.unmanagedBlock(ForkJoinPool.java:3780)
        at java.base@21.0.5/java.util.concurrent.ForkJoinPool.managedBlock(ForkJoinPool.java:3725)
        at java.base@21.0.5/java.util.concurrent.locks.AbstractQueuedSynchronizer$ConditionObject.await(AbstractQueuedSynchronizer.java:1712)
        at java.base@21.0.5/java.util.concurrent.LinkedBlockingQueue.take(LinkedBlockingQueue.java:435)
        at java.base@21.0.5/java.util.concurrent.ThreadPoolExecutor.getTask(ThreadPoolExecutor.java:1070)
        at java.base@21.0.5/java.util.concurrent.ThreadPoolExecutor.runWorker(ThreadPoolExecutor.java:1130)
        at java.base@21.0.5/java.util.concurrent.ThreadPoolExecutor$Worker.run(ThreadPoolExecutor.java:642)
        at java.base@21.0.5/java.lang.Thread.runWith(Thread.java:1596)
        at java.base@21.0.5/java.lang.Thread.run(Thread.java:1583)
"pool-143-thread-1" daemon prio=5 tid=1037 timed_waiting
java.lang.Thread.State: TIMED_WAITING
        at java.base@21.0.5/jdk.internal.misc.Unsafe.park(Native Method)
        at java.base@21.0.5/java.util.concurrent.locks.LockSupport.parkNanos(LockSupport.java:269)
        at java.base@21.0.5/java.util.concurrent.locks.AbstractQueuedSynchronizer$ConditionObject.awaitNanos(AbstractQueuedSynchronizer.java:1763)
        at java.base@21.0.5/java.util.concurrent.ScheduledThreadPoolExecutor$DelayedWorkQueue.take(ScheduledThreadPoolExecutor.java:1182)
        at java.base@21.0.5/java.util.concurrent.ScheduledThreadPoolExecutor$DelayedWorkQueue.take(ScheduledThreadPoolExecutor.java:899)
        at java.base@21.0.5/java.util.concurrent.ThreadPoolExecutor.getTask(ThreadPoolExecutor.java:1070)
        at java.base@21.0.5/java.util.concurrent.ThreadPoolExecutor.runWorker(ThreadPoolExecutor.java:1130)
        at java.base@21.0.5/java.util.concurrent.ThreadPoolExecutor$Worker.run(ThreadPoolExecutor.java:642)
        at java.base@21.0.5/java.lang.Thread.runWith(Thread.java:1596)
        at java.base@21.0.5/java.lang.Thread.run(Thread.java:1583)
"eca5a246-1f8f-493f-b50d-7eee1f2fec76-DatanodeStateMachineTaskThread-1"  prio=5 tid=1086 in Object.wait()
java.lang.Thread.State: WAITING (on object monitor)
        at java.base@21.0.5/jdk.internal.misc.Unsafe.park(Native Method)
        at java.base@21.0.5/java.util.concurrent.locks.LockSupport.park(LockSupport.java:371)
        at java.base@21.0.5/java.util.concurrent.locks.AbstractQueuedSynchronizer$ConditionNode.block(AbstractQueuedSynchronizer.java:519)
        at java.base@21.0.5/java.util.concurrent.ForkJoinPool.unmanagedBlock(ForkJoinPool.java:3780)
        at java.base@21.0.5/java.util.concurrent.ForkJoinPool.managedBlock(ForkJoinPool.java:3725)
        at java.base@21.0.5/java.util.concurrent.locks.AbstractQueuedSynchronizer$ConditionObject.await(AbstractQueuedSynchronizer.java:1712)
        at java.base@21.0.5/java.util.concurrent.LinkedBlockingQueue.take(LinkedBlockingQueue.java:435)
        at java.base@21.0.5/java.util.concurrent.ThreadPoolExecutor.getTask(ThreadPoolExecutor.java:1070)
        at java.base@21.0.5/java.util.concurrent.ThreadPoolExecutor.runWorker(ThreadPoolExecutor.java:1130)
        at java.base@21.0.5/java.util.concurrent.ThreadPoolExecutor$Worker.run(ThreadPoolExecutor.java:642)
        at java.base@21.0.5/java.lang.Thread.runWith(Thread.java:1596)
        at java.base@21.0.5/java.lang.Thread.run(Thread.java:1583)
"IPC Server handler 1 on default port 15000" daemon prio=5 tid=115 timed_waiting
java.lang.Thread.State: TIMED_WAITING
        at java.base@21.0.5/jdk.internal.misc.Unsafe.park(Native Method)
        at java.base@21.0.5/java.util.concurrent.locks.LockSupport.parkNanos(LockSupport.java:269)
        at java.base@21.0.5/java.util.concurrent.locks.AbstractQueuedSynchronizer$ConditionObject.awaitNanos(AbstractQueuedSynchronizer.java:1763)
        at java.base@21.0.5/java.util.concurrent.LinkedBlockingQueue.poll(LinkedBlockingQueue.java:460)
        at app//org.apache.hadoop.ipc.CallQueueManager.take(CallQueueManager.java:370)
        at app//org.apache.hadoop.ipc.Server$Handler.run(Server.java:3165)
"Socket Reader #4 for port 15012"  prio=5 tid=531 runnable
java.lang.Thread.State: RUNNABLE
        at java.base@21.0.5/sun.nio.ch.EPoll.wait(Native Method)
        at java.base@21.0.5/sun.nio.ch.EPollSelectorImpl.doSelect(EPollSelectorImpl.java:121)
        at java.base@21.0.5/sun.nio.ch.SelectorImpl.lockAndDoSelect(SelectorImpl.java:130)
        at java.base@21.0.5/sun.nio.ch.SelectorImpl.select(SelectorImpl.java:147)
        at app//org.apache.hadoop.ipc.Server$Listener$Reader.doRunLoop(Server.java:1497)
        at app//org.apache.hadoop.ipc.Server$Listener$Reader.run(Server.java:1476)
"IPC Server handler 83 on default port 15002" daemon prio=5 tid=415 timed_waiting
java.lang.Thread.State: TIMED_WAITING
        at java.base@21.0.5/jdk.internal.misc.Unsafe.park(Native Method)
        at java.base@21.0.5/java.util.concurrent.locks.LockSupport.parkNanos(LockSupport.java:269)
        at java.base@21.0.5/java.util.concurrent.locks.AbstractQueuedSynchronizer$ConditionObject.awaitNanos(AbstractQueuedSynchronizer.java:1763)
        at java.base@21.0.5/java.util.concurrent.LinkedBlockingQueue.poll(LinkedBlockingQueue.java:460)
        at app//org.apache.hadoop.ipc.CallQueueManager.take(CallQueueManager.java:370)
        at app//org.apache.hadoop.ipc.Server$Handler.run(Server.java:3165)
"ac32094a-198b-4072-99dd-552311e88daf-DatanodeReportManager-2" daemon prio=5 tid=1028 timed_waiting
java.lang.Thread.State: TIMED_WAITING
        at java.base@21.0.5/jdk.internal.misc.Unsafe.park(Native Method)
        at java.base@21.0.5/java.util.concurrent.locks.LockSupport.parkNanos(LockSupport.java:269)
        at java.base@21.0.5/java.util.concurrent.locks.AbstractQueuedSynchronizer$ConditionObject.awaitNanos(AbstractQueuedSynchronizer.java:1763)
        at java.base@21.0.5/java.util.concurrent.ScheduledThreadPoolExecutor$DelayedWorkQueue.take(ScheduledThreadPoolExecutor.java:1182)
        at java.base@21.0.5/java.util.concurrent.ScheduledThreadPoolExecutor$DelayedWorkQueue.take(ScheduledThreadPoolExecutor.java:899)
        at java.base@21.0.5/java.util.concurrent.ThreadPoolExecutor.getTask(ThreadPoolExecutor.java:1070)
        at java.base@21.0.5/java.util.concurrent.ThreadPoolExecutor.runWorker(ThreadPoolExecutor.java:1130)
        at java.base@21.0.5/java.util.concurrent.ThreadPoolExecutor$Worker.run(ThreadPoolExecutor.java:642)
        at java.base@21.0.5/java.lang.Thread.runWith(Thread.java:1596)
        at java.base@21.0.5/java.lang.Thread.run(Thread.java:1583)
"15cb4571-9135-45da-b00b-37db09da0048@group-BF7D4C525004-StateMachineUpdater" daemon prio=5 tid=110 timed_waiting
java.lang.Thread.State: TIMED_WAITING
        at java.base@21.0.5/jdk.internal.misc.Unsafe.park(Native Method)
        at java.base@21.0.5/java.util.concurrent.locks.LockSupport.parkNanos(LockSupport.java:269)
        at java.base@21.0.5/java.util.concurrent.locks.AbstractQueuedSynchronizer$ConditionObject.await(AbstractQueuedSynchronizer.java:1852)
        at app//org.apache.ratis.util.AwaitForSignal.await(AwaitForSignal.java:65)
        at app//org.apache.ratis.server.impl.StateMachineUpdater.waitForCommit(StateMachineUpdater.java:219)
        at app//org.apache.ratis.server.impl.StateMachineUpdater.run(StateMachineUpdater.java:187)
        at java.base@21.0.5/java.lang.Thread.runWith(Thread.java:1596)
        at java.base@21.0.5/java.lang.Thread.run(Thread.java:1583)
"qtp1604816394-757" daemon prio=5 tid=757 timed_waiting
java.lang.Thread.State: TIMED_WAITING
        at java.base@21.0.5/jdk.internal.misc.Unsafe.park(Native Method)
        at java.base@21.0.5/java.util.concurrent.locks.LockSupport.parkNanos(LockSupport.java:269)
        at java.base@21.0.5/java.util.concurrent.locks.AbstractQueuedSynchronizer$ConditionObject.awaitNanos(AbstractQueuedSynchronizer.java:1763)
        at app//org.eclipse.jetty.util.BlockingArrayQueue.poll(BlockingArrayQueue.java:382)
        at app//org.eclipse.jetty.util.thread.QueuedThreadPool$Runner.idleJobPoll(QueuedThreadPool.java:974)
        at app//org.eclipse.jetty.util.thread.QueuedThreadPool$Runner.run(QueuedThreadPool.java:1018)
        at java.base@21.0.5/java.lang.Thread.runWith(Thread.java:1596)
        at java.base@21.0.5/java.lang.Thread.run(Thread.java:1583)
"4b5ea8a3-88a5-4114-908f-7a85f39bc1cb@group-3AA7185FFAA2-SegmentedRaftLogWorker" daemon prio=5 tid=1316 timed_waiting
java.lang.Thread.State: TIMED_WAITING
        at java.base@21.0.5/jdk.internal.misc.Unsafe.park(Native Method)
        at java.base@21.0.5/java.util.concurrent.locks.LockSupport.parkNanos(LockSupport.java:269)
        at java.base@21.0.5/java.util.concurrent.locks.AbstractQueuedSynchronizer$ConditionObject.awaitNanos(AbstractQueuedSynchronizer.java:1763)
        at app//org.apache.ratis.util.DataBlockingQueue.poll(DataBlockingQueue.java:148)
        at app//org.apache.ratis.server.raftlog.segmented.SegmentedRaftLogWorker.run(SegmentedRaftLogWorker.java:307)
        at app//org.apache.ratis.server.raftlog.segmented.SegmentedRaftLogWorker$$Lambda/0x00007fd9cc334298.run(Unknown Source)
        at java.base@21.0.5/java.util.concurrent.Executors$RunnableAdapter.call(Executors.java:572)
        at java.base@21.0.5/java.util.concurrent.FutureTask.run(FutureTask.java:317)
        at java.base@21.0.5/java.util.concurrent.ThreadPoolExecutor.runWorker(ThreadPoolExecutor.java:1144)
        at java.base@21.0.5/java.util.concurrent.ThreadPoolExecutor$Worker.run(ThreadPoolExecutor.java:642)
        at java.base@21.0.5/java.lang.Thread.runWith(Thread.java:1596)
        at java.base@21.0.5/java.lang.Thread.run(Thread.java:1583)
"751e45cc-852a-454f-97c8-e80f2befe6f4-DatanodeReportManager-0" daemon prio=5 tid=784 in Object.wait()
java.lang.Thread.State: WAITING (on object monitor)
        at java.base@21.0.5/jdk.internal.misc.Unsafe.park(Native Method)
        at java.base@21.0.5/java.util.concurrent.locks.LockSupport.park(LockSupport.java:371)
        at java.base@21.0.5/java.util.concurrent.locks.AbstractQueuedSynchronizer$ConditionNode.block(AbstractQueuedSynchronizer.java:519)
        at java.base@21.0.5/java.util.concurrent.ForkJoinPool.unmanagedBlock(ForkJoinPool.java:3780)
        at java.base@21.0.5/java.util.concurrent.ForkJoinPool.managedBlock(ForkJoinPool.java:3725)
        at java.base@21.0.5/java.util.concurrent.locks.AbstractQueuedSynchronizer$ConditionObject.await(AbstractQueuedSynchronizer.java:1712)
        at java.base@21.0.5/java.util.concurrent.ScheduledThreadPoolExecutor$DelayedWorkQueue.take(ScheduledThreadPoolExecutor.java:1177)
        at java.base@21.0.5/java.util.concurrent.ScheduledThreadPoolExecutor$DelayedWorkQueue.take(ScheduledThreadPoolExecutor.java:899)
        at java.base@21.0.5/java.util.concurrent.ThreadPoolExecutor.getTask(ThreadPoolExecutor.java:1070)
        at java.base@21.0.5/java.util.concurrent.ThreadPoolExecutor.runWorker(ThreadPoolExecutor.java:1130)
        at java.base@21.0.5/java.util.concurrent.ThreadPoolExecutor$Worker.run(ThreadPoolExecutor.java:642)
        at java.base@21.0.5/java.lang.Thread.runWith(Thread.java:1596)
        at java.base@21.0.5/java.lang.Thread.run(Thread.java:1583)
"IPC Server handler 5 on default port 15002" daemon prio=5 tid=337 timed_waiting
java.lang.Thread.State: TIMED_WAITING
        at java.base@21.0.5/jdk.internal.misc.Unsafe.park(Native Method)
        at java.base@21.0.5/java.util.concurrent.locks.LockSupport.parkNanos(LockSupport.java:269)
        at java.base@21.0.5/java.util.concurrent.locks.AbstractQueuedSynchronizer$ConditionObject.awaitNanos(AbstractQueuedSynchronizer.java:1763)
        at java.base@21.0.5/java.util.concurrent.LinkedBlockingQueue.poll(LinkedBlockingQueue.java:460)
        at app//org.apache.hadoop.ipc.CallQueueManager.take(CallQueueManager.java:370)
        at app//org.apache.hadoop.ipc.Server$Handler.run(Server.java:3165)
"qtp1757232703-2486" daemon prio=5 tid=2486 timed_waiting
java.lang.Thread.State: TIMED_WAITING
        at java.base@21.0.5/jdk.internal.misc.Unsafe.park(Native Method)
        at java.base@21.0.5/java.util.concurrent.locks.LockSupport.parkNanos(LockSupport.java:269)
        at java.base@21.0.5/java.util.concurrent.locks.AbstractQueuedSynchronizer$ConditionObject.awaitNanos(AbstractQueuedSynchronizer.java:1763)
        at app//org.eclipse.jetty.util.BlockingArrayQueue.poll(BlockingArrayQueue.java:382)
        at app//org.eclipse.jetty.util.thread.QueuedThreadPool$Runner.idleJobPoll(QueuedThreadPool.java:974)
        at app//org.eclipse.jetty.util.thread.QueuedThreadPool$Runner.run(QueuedThreadPool.java:1018)
        at java.base@21.0.5/java.lang.Thread.runWith(Thread.java:1596)
        at java.base@21.0.5/java.lang.Thread.run(Thread.java:1583)
"ac32094a-198b-4072-99dd-552311e88daf-server-thread1" daemon prio=5 tid=2673 timed_waiting
java.lang.Thread.State: TIMED_WAITING
        at java.base@21.0.5/jdk.internal.misc.Unsafe.park(Native Method)
        at java.base@21.0.5/java.util.concurrent.locks.LockSupport.parkNanos(LockSupport.java:410)
        at java.base@21.0.5/java.util.concurrent.LinkedTransferQueue$DualNode.await(LinkedTransferQueue.java:452)
        at java.base@21.0.5/java.util.concurrent.SynchronousQueue$Transferer.xferLifo(SynchronousQueue.java:194)
        at java.base@21.0.5/java.util.concurrent.SynchronousQueue.xfer(SynchronousQueue.java:235)
        at java.base@21.0.5/java.util.concurrent.SynchronousQueue.poll(SynchronousQueue.java:338)
        at java.base@21.0.5/java.util.concurrent.ThreadPoolExecutor.getTask(ThreadPoolExecutor.java:1069)
        at java.base@21.0.5/java.util.concurrent.ThreadPoolExecutor.runWorker(ThreadPoolExecutor.java:1130)
        at java.base@21.0.5/java.util.concurrent.ThreadPoolExecutor$Worker.run(ThreadPoolExecutor.java:642)
        at java.base@21.0.5/java.lang.Thread.runWith(Thread.java:1596)
        at java.base@21.0.5/java.lang.Thread.run(Thread.java:1583)
"IPC Server handler 56 on default port 15000" daemon prio=5 tid=170 timed_waiting
java.lang.Thread.State: TIMED_WAITING
        at java.base@21.0.5/jdk.internal.misc.Unsafe.park(Native Method)
        at java.base@21.0.5/java.util.concurrent.locks.LockSupport.parkNanos(LockSupport.java:269)
        at java.base@21.0.5/java.util.concurrent.locks.AbstractQueuedSynchronizer$ConditionObject.awaitNanos(AbstractQueuedSynchronizer.java:1763)
        at java.base@21.0.5/java.util.concurrent.LinkedBlockingQueue.poll(LinkedBlockingQueue.java:460)
        at app//org.apache.hadoop.ipc.CallQueueManager.take(CallQueueManager.java:370)
        at app//org.apache.hadoop.ipc.Server$Handler.run(Server.java:3165)
"IPC Server listener on 15039" daemon prio=5 tid=667 runnable
java.lang.Thread.State: RUNNABLE
        at java.base@21.0.5/sun.nio.ch.EPoll.wait(Native Method)
        at java.base@21.0.5/sun.nio.ch.EPollSelectorImpl.doSelect(EPollSelectorImpl.java:121)
        at java.base@21.0.5/sun.nio.ch.SelectorImpl.lockAndDoSelect(SelectorImpl.java:130)
        at java.base@21.0.5/sun.nio.ch.SelectorImpl.select(SelectorImpl.java:147)
        at app//org.apache.hadoop.ipc.Server$Listener.run(Server.java:1559)
"StaleRecoveringContainerScrubbingService#0" daemon prio=5 tid=1162 in Object.wait()
java.lang.Thread.State: WAITING (on object monitor)
        at java.base@21.0.5/jdk.internal.misc.Unsafe.park(Native Method)
        at java.base@21.0.5/java.util.concurrent.locks.LockSupport.park(LockSupport.java:371)
        at java.base@21.0.5/java.util.concurrent.locks.AbstractQueuedSynchronizer$ConditionNode.block(AbstractQueuedSynchronizer.java:519)
        at java.base@21.0.5/java.util.concurrent.ForkJoinPool.unmanagedBlock(ForkJoinPool.java:3780)
        at java.base@21.0.5/java.util.concurrent.ForkJoinPool.managedBlock(ForkJoinPool.java:3725)
        at java.base@21.0.5/java.util.concurrent.locks.AbstractQueuedSynchronizer$ConditionObject.await(AbstractQueuedSynchronizer.java:1712)
        at java.base@21.0.5/java.util.concurrent.ScheduledThreadPoolExecutor$DelayedWorkQueue.take(ScheduledThreadPoolExecutor.java:1177)
        at java.base@21.0.5/java.util.concurrent.ScheduledThreadPoolExecutor$DelayedWorkQueue.take(ScheduledThreadPoolExecutor.java:899)
        at java.base@21.0.5/java.util.concurrent.ThreadPoolExecutor.getTask(ThreadPoolExecutor.java:1070)
        at java.base@21.0.5/java.util.concurrent.ThreadPoolExecutor.runWorker(ThreadPoolExecutor.java:1130)
        at java.base@21.0.5/java.util.concurrent.ThreadPoolExecutor$Worker.run(ThreadPoolExecutor.java:642)
        at java.base@21.0.5/java.lang.Thread.runWith(Thread.java:1596)
        at java.base@21.0.5/java.lang.Thread.run(Thread.java:1583)
"IPC Server handler 0 on default port 15093" daemon prio=5 tid=1015 timed_waiting
java.lang.Thread.State: TIMED_WAITING
        at java.base@21.0.5/jdk.internal.misc.Unsafe.park(Native Method)
        at java.base@21.0.5/java.util.concurrent.locks.LockSupport.parkNanos(LockSupport.java:269)
        at java.base@21.0.5/java.util.concurrent.locks.AbstractQueuedSynchronizer$ConditionObject.awaitNanos(AbstractQueuedSynchronizer.java:1763)
        at java.base@21.0.5/java.util.concurrent.LinkedBlockingQueue.poll(LinkedBlockingQueue.java:460)
        at app//org.apache.hadoop.ipc.CallQueueManager.take(CallQueueManager.java:370)
        at app//org.apache.hadoop.ipc.Server$Handler.run(Server.java:3165)
"StaleRecoveringContainerScrubbingService#5" daemon prio=5 tid=2636 in Object.wait()
java.lang.Thread.State: WAITING (on object monitor)
        at java.base@21.0.5/jdk.internal.misc.Unsafe.park(Native Method)
        at java.base@21.0.5/java.util.concurrent.locks.LockSupport.park(LockSupport.java:371)
        at java.base@21.0.5/java.util.concurrent.locks.AbstractQueuedSynchronizer$ConditionNode.block(AbstractQueuedSynchronizer.java:519)
        at java.base@21.0.5/java.util.concurrent.ForkJoinPool.unmanagedBlock(ForkJoinPool.java:3780)
        at java.base@21.0.5/java.util.concurrent.ForkJoinPool.managedBlock(ForkJoinPool.java:3725)
        at java.base@21.0.5/java.util.concurrent.locks.AbstractQueuedSynchronizer$ConditionObject.await(AbstractQueuedSynchronizer.java:1712)
        at java.base@21.0.5/java.util.concurrent.ScheduledThreadPoolExecutor$DelayedWorkQueue.take(ScheduledThreadPoolExecutor.java:1177)
        at java.base@21.0.5/java.util.concurrent.ScheduledThreadPoolExecutor$DelayedWorkQueue.take(ScheduledThreadPoolExecutor.java:899)
        at java.base@21.0.5/java.util.concurrent.ThreadPoolExecutor.getTask(ThreadPoolExecutor.java:1070)
        at java.base@21.0.5/java.util.concurrent.ThreadPoolExecutor.runWorker(ThreadPoolExecutor.java:1130)
        at java.base@21.0.5/java.util.concurrent.ThreadPoolExecutor$Worker.run(ThreadPoolExecutor.java:642)
        at java.base@21.0.5/java.lang.Thread.runWith(Thread.java:1596)
        at java.base@21.0.5/java.lang.Thread.run(Thread.java:1583)
"ac32094a-198b-4072-99dd-552311e88daf-BlockDeletingService#2" daemon prio=5 tid=2875 in Object.wait()
java.lang.Thread.State: WAITING (on object monitor)
        at java.base@21.0.5/jdk.internal.misc.Unsafe.park(Native Method)
        at java.base@21.0.5/java.util.concurrent.locks.LockSupport.park(LockSupport.java:371)
        at java.base@21.0.5/java.util.concurrent.locks.AbstractQueuedSynchronizer$ConditionNode.block(AbstractQueuedSynchronizer.java:519)
        at java.base@21.0.5/java.util.concurrent.ForkJoinPool.unmanagedBlock(ForkJoinPool.java:3780)
        at java.base@21.0.5/java.util.concurrent.ForkJoinPool.managedBlock(ForkJoinPool.java:3725)
        at java.base@21.0.5/java.util.concurrent.locks.AbstractQueuedSynchronizer$ConditionObject.await(AbstractQueuedSynchronizer.java:1712)
        at java.base@21.0.5/java.util.concurrent.ScheduledThreadPoolExecutor$DelayedWorkQueue.take(ScheduledThreadPoolExecutor.java:1177)
        at java.base@21.0.5/java.util.concurrent.ScheduledThreadPoolExecutor$DelayedWorkQueue.take(ScheduledThreadPoolExecutor.java:899)
        at java.base@21.0.5/java.util.concurrent.ThreadPoolExecutor.getTask(ThreadPoolExecutor.java:1070)
        at java.base@21.0.5/java.util.concurrent.ThreadPoolExecutor.runWorker(ThreadPoolExecutor.java:1130)
        at java.base@21.0.5/java.util.concurrent.ThreadPoolExecutor$Worker.run(ThreadPoolExecutor.java:642)
        at java.base@21.0.5/java.lang.Thread.runWith(Thread.java:1596)
        at java.base@21.0.5/java.lang.Thread.run(Thread.java:1583)
"StaleRecoveringContainerScrubbingService#1" daemon prio=5 tid=1164 in Object.wait()
java.lang.Thread.State: WAITING (on object monitor)
        at java.base@21.0.5/jdk.internal.misc.Unsafe.park(Native Method)
        at java.base@21.0.5/java.util.concurrent.locks.LockSupport.park(LockSupport.java:371)
        at java.base@21.0.5/java.util.concurrent.locks.AbstractQueuedSynchronizer$ConditionNode.block(AbstractQueuedSynchronizer.java:519)
        at java.base@21.0.5/java.util.concurrent.ForkJoinPool.unmanagedBlock(ForkJoinPool.java:3780)
        at java.base@21.0.5/java.util.concurrent.ForkJoinPool.managedBlock(ForkJoinPool.java:3725)
        at java.base@21.0.5/java.util.concurrent.locks.AbstractQueuedSynchronizer$ConditionObject.await(AbstractQueuedSynchronizer.java:1712)
        at java.base@21.0.5/java.util.concurrent.ScheduledThreadPoolExecutor$DelayedWorkQueue.take(ScheduledThreadPoolExecutor.java:1177)
        at java.base@21.0.5/java.util.concurrent.ScheduledThreadPoolExecutor$DelayedWorkQueue.take(ScheduledThreadPoolExecutor.java:899)
        at java.base@21.0.5/java.util.concurrent.ThreadPoolExecutor.getTask(ThreadPoolExecutor.java:1070)
        at java.base@21.0.5/java.util.concurrent.ThreadPoolExecutor.runWorker(ThreadPoolExecutor.java:1130)
        at java.base@21.0.5/java.util.concurrent.ThreadPoolExecutor$Worker.run(ThreadPoolExecutor.java:642)
        at java.base@21.0.5/java.lang.Thread.runWith(Thread.java:1596)
        at java.base@21.0.5/java.lang.Thread.run(Thread.java:1583)
"Socket Reader #4 for port 15001"  prio=5 tid=73 runnable
java.lang.Thread.State: RUNNABLE
        at java.base@21.0.5/sun.nio.ch.EPoll.wait(Native Method)
        at java.base@21.0.5/sun.nio.ch.EPollSelectorImpl.doSelect(EPollSelectorImpl.java:121)
        at java.base@21.0.5/sun.nio.ch.SelectorImpl.lockAndDoSelect(SelectorImpl.java:130)
        at java.base@21.0.5/sun.nio.ch.SelectorImpl.select(SelectorImpl.java:147)
        at app//org.apache.hadoop.ipc.Server$Listener$Reader.doRunLoop(Server.java:1497)
        at app//org.apache.hadoop.ipc.Server$Listener$Reader.run(Server.java:1476)
"IPC Server handler 89 on default port 15001" daemon prio=5 tid=303 timed_waiting
java.lang.Thread.State: TIMED_WAITING
        at java.base@21.0.5/jdk.internal.misc.Unsafe.park(Native Method)
        at java.base@21.0.5/java.util.concurrent.locks.LockSupport.parkNanos(LockSupport.java:269)
        at java.base@21.0.5/java.util.concurrent.locks.AbstractQueuedSynchronizer$ConditionObject.awaitNanos(AbstractQueuedSynchronizer.java:1763)
        at java.base@21.0.5/java.util.concurrent.LinkedBlockingQueue.poll(LinkedBlockingQueue.java:460)
        at app//org.apache.hadoop.ipc.CallQueueManager.take(CallQueueManager.java:370)
        at app//org.apache.hadoop.ipc.Server$Handler.run(Server.java:3165)
"IPC Server idle connection scanner for port 15000" daemon prio=5 tid=94 timed_waiting
java.lang.Thread.State: TIMED_WAITING
        at java.base@21.0.5/java.lang.Object.wait0(Native Method)
        at java.base@21.0.5/java.lang.Object.wait(Object.java:366)
        at java.base@21.0.5/java.util.TimerThread.mainLoop(Timer.java:563)
        at java.base@21.0.5/java.util.TimerThread.run(Timer.java:516)
"751e45cc-852a-454f-97c8-e80f2befe6f4-DatanodeReportManager-3" daemon prio=5 tid=787 timed_waiting
java.lang.Thread.State: TIMED_WAITING
        at java.base@21.0.5/jdk.internal.misc.Unsafe.park(Native Method)
        at java.base@21.0.5/java.util.concurrent.locks.LockSupport.parkNanos(LockSupport.java:269)
        at java.base@21.0.5/java.util.concurrent.locks.AbstractQueuedSynchronizer$ConditionObject.awaitNanos(AbstractQueuedSynchronizer.java:1763)
        at java.base@21.0.5/java.util.concurrent.ScheduledThreadPoolExecutor$DelayedWorkQueue.take(ScheduledThreadPoolExecutor.java:1182)
        at java.base@21.0.5/java.util.concurrent.ScheduledThreadPoolExecutor$DelayedWorkQueue.take(ScheduledThreadPoolExecutor.java:899)
        at java.base@21.0.5/java.util.concurrent.ThreadPoolExecutor.getTask(ThreadPoolExecutor.java:1070)
        at java.base@21.0.5/java.util.concurrent.ThreadPoolExecutor.runWorker(ThreadPoolExecutor.java:1130)
        at java.base@21.0.5/java.util.concurrent.ThreadPoolExecutor$Worker.run(ThreadPoolExecutor.java:642)
        at java.base@21.0.5/java.lang.Thread.runWith(Thread.java:1596)
        at java.base@21.0.5/java.lang.Thread.run(Thread.java:1583)
"StaleRecoveringContainerScrubbingService#5" daemon prio=5 tid=2881 in Object.wait()
java.lang.Thread.State: WAITING (on object monitor)
        at java.base@21.0.5/jdk.internal.misc.Unsafe.park(Native Method)
        at java.base@21.0.5/java.util.concurrent.locks.LockSupport.park(LockSupport.java:371)
        at java.base@21.0.5/java.util.concurrent.locks.AbstractQueuedSynchronizer$ConditionNode.block(AbstractQueuedSynchronizer.java:519)
        at java.base@21.0.5/java.util.concurrent.ForkJoinPool.unmanagedBlock(ForkJoinPool.java:3780)
        at java.base@21.0.5/java.util.concurrent.ForkJoinPool.managedBlock(ForkJoinPool.java:3725)
        at java.base@21.0.5/java.util.concurrent.locks.AbstractQueuedSynchronizer$ConditionObject.await(AbstractQueuedSynchronizer.java:1712)
        at java.base@21.0.5/java.util.concurrent.ScheduledThreadPoolExecutor$DelayedWorkQueue.take(ScheduledThreadPoolExecutor.java:1177)
        at java.base@21.0.5/java.util.concurrent.ScheduledThreadPoolExecutor$DelayedWorkQueue.take(ScheduledThreadPoolExecutor.java:899)
        at java.base@21.0.5/java.util.concurrent.ThreadPoolExecutor.getTask(ThreadPoolExecutor.java:1070)
        at java.base@21.0.5/java.util.concurrent.ThreadPoolExecutor.runWorker(ThreadPoolExecutor.java:1130)
        at java.base@21.0.5/java.util.concurrent.ThreadPoolExecutor$Worker.run(ThreadPoolExecutor.java:642)
        at java.base@21.0.5/java.lang.Thread.runWith(Thread.java:1596)
        at java.base@21.0.5/java.lang.Thread.run(Thread.java:1583)
"IPC Server handler 65 on default port 15001" daemon prio=5 tid=279 timed_waiting
java.lang.Thread.State: TIMED_WAITING
        at java.base@21.0.5/jdk.internal.misc.Unsafe.park(Native Method)
        at java.base@21.0.5/java.util.concurrent.locks.LockSupport.parkNanos(LockSupport.java:269)
        at java.base@21.0.5/java.util.concurrent.locks.AbstractQueuedSynchronizer$ConditionObject.awaitNanos(AbstractQueuedSynchronizer.java:1763)
        at java.base@21.0.5/java.util.concurrent.LinkedBlockingQueue.poll(LinkedBlockingQueue.java:460)
        at app//org.apache.hadoop.ipc.CallQueueManager.take(CallQueueManager.java:370)
        at app//org.apache.hadoop.ipc.Server$Handler.run(Server.java:3165)
"IPC Server Responder" daemon prio=5 tid=2503 runnable
java.lang.Thread.State: RUNNABLE
        at java.base@21.0.5/sun.nio.ch.EPoll.wait(Native Method)
        at java.base@21.0.5/sun.nio.ch.EPollSelectorImpl.doSelect(EPollSelectorImpl.java:121)
        at java.base@21.0.5/sun.nio.ch.SelectorImpl.lockAndDoSelect(SelectorImpl.java:130)
        at java.base@21.0.5/sun.nio.ch.SelectorImpl.select(SelectorImpl.java:142)
        at app//org.apache.hadoop.ipc.Server$Responder.doRunLoop(Server.java:1733)
        at app//org.apache.hadoop.ipc.Server$Responder.run(Server.java:1716)
"qtp874186099-569" daemon prio=5 tid=569 timed_waiting
java.lang.Thread.State: TIMED_WAITING
        at java.base@21.0.5/jdk.internal.misc.Unsafe.park(Native Method)
        at java.base@21.0.5/java.util.concurrent.locks.LockSupport.parkNanos(LockSupport.java:269)
        at java.base@21.0.5/java.util.concurrent.locks.AbstractQueuedSynchronizer$ConditionObject.awaitNanos(AbstractQueuedSynchronizer.java:1763)
        at app//org.eclipse.jetty.util.BlockingArrayQueue.poll(BlockingArrayQueue.java:382)
        at app//org.eclipse.jetty.util.thread.QueuedThreadPool$Runner.idleJobPoll(QueuedThreadPool.java:974)
        at app//org.eclipse.jetty.util.thread.QueuedThreadPool$Runner.run(QueuedThreadPool.java:1018)
        at java.base@21.0.5/java.lang.Thread.runWith(Thread.java:1596)
        at java.base@21.0.5/java.lang.Thread.run(Thread.java:1583)
"IPC Server handler 36 on default port 15000" daemon prio=5 tid=150 timed_waiting
java.lang.Thread.State: TIMED_WAITING
        at java.base@21.0.5/jdk.internal.misc.Unsafe.park(Native Method)
        at java.base@21.0.5/java.util.concurrent.locks.LockSupport.parkNanos(LockSupport.java:269)
        at java.base@21.0.5/java.util.concurrent.locks.AbstractQueuedSynchronizer$ConditionObject.awaitNanos(AbstractQueuedSynchronizer.java:1763)
        at java.base@21.0.5/java.util.concurrent.LinkedBlockingQueue.poll(LinkedBlockingQueue.java:460)
        at app//org.apache.hadoop.ipc.CallQueueManager.take(CallQueueManager.java:370)
        at app//org.apache.hadoop.ipc.Server$Handler.run(Server.java:3165)
"4b5ea8a3-88a5-4114-908f-7a85f39bc1cb@group-84CADC6795ED-StateMachineUpdater" daemon prio=5 tid=1500 timed_waiting
java.lang.Thread.State: TIMED_WAITING
        at java.base@21.0.5/jdk.internal.misc.Unsafe.park(Native Method)
        at java.base@21.0.5/java.util.concurrent.locks.LockSupport.parkNanos(LockSupport.java:269)
        at java.base@21.0.5/java.util.concurrent.locks.AbstractQueuedSynchronizer$ConditionObject.await(AbstractQueuedSynchronizer.java:1852)
        at app//org.apache.ratis.util.AwaitForSignal.await(AwaitForSignal.java:65)
        at app//org.apache.ratis.server.impl.StateMachineUpdater.waitForCommit(StateMachineUpdater.java:219)
        at app//org.apache.ratis.server.impl.StateMachineUpdater.run(StateMachineUpdater.java:187)
        at java.base@21.0.5/java.lang.Thread.runWith(Thread.java:1596)
        at java.base@21.0.5/java.lang.Thread.run(Thread.java:1583)
"qtp1778430092-613" daemon prio=5 tid=613 timed_waiting
java.lang.Thread.State: TIMED_WAITING
        at java.base@21.0.5/jdk.internal.misc.Unsafe.park(Native Method)
        at java.base@21.0.5/java.util.concurrent.locks.LockSupport.parkNanos(LockSupport.java:269)
        at java.base@21.0.5/java.util.concurrent.locks.AbstractQueuedSynchronizer$ConditionObject.awaitNanos(AbstractQueuedSynchronizer.java:1763)
        at app//org.eclipse.jetty.util.BlockingArrayQueue.poll(BlockingArrayQueue.java:382)
        at app//org.eclipse.jetty.util.thread.QueuedThreadPool$Runner.idleJobPoll(QueuedThreadPool.java:974)
        at app//org.eclipse.jetty.util.thread.QueuedThreadPool$Runner.run(QueuedThreadPool.java:1018)
        at java.base@21.0.5/java.lang.Thread.runWith(Thread.java:1596)
        at java.base@21.0.5/java.lang.Thread.run(Thread.java:1583)
"751e45cc-852a-454f-97c8-e80f2befe6f4@group-A6DF87581CD1-LeaderStateImpl" daemon prio=5 tid=1929 timed_waiting
java.lang.Thread.State: TIMED_WAITING
        at java.base@21.0.5/jdk.internal.misc.Unsafe.park(Native Method)
        at java.base@21.0.5/java.util.concurrent.locks.LockSupport.parkNanos(LockSupport.java:269)
        at java.base@21.0.5/java.util.concurrent.locks.AbstractQueuedSynchronizer$ConditionObject.awaitNanos(AbstractQueuedSynchronizer.java:1763)
        at java.base@21.0.5/java.util.concurrent.ArrayBlockingQueue.poll(ArrayBlockingQueue.java:435)
        at app//org.apache.ratis.server.impl.LeaderStateImpl$EventQueue.poll(LeaderStateImpl.java:164)
        at app//org.apache.ratis.server.impl.LeaderStateImpl$EventProcessor.run(LeaderStateImpl.java:763)
"IPC Server handler 6 on default port 15012" daemon prio=5 tid=547 timed_waiting
java.lang.Thread.State: TIMED_WAITING
        at java.base@21.0.5/jdk.internal.misc.Unsafe.park(Native Method)
        at java.base@21.0.5/java.util.concurrent.locks.LockSupport.parkNanos(LockSupport.java:269)
        at java.base@21.0.5/java.util.concurrent.locks.AbstractQueuedSynchronizer$ConditionObject.awaitNanos(AbstractQueuedSynchronizer.java:1763)
        at java.base@21.0.5/java.util.concurrent.LinkedBlockingQueue.poll(LinkedBlockingQueue.java:460)
        at app//org.apache.hadoop.ipc.CallQueueManager.take(CallQueueManager.java:370)
        at app//org.apache.hadoop.ipc.Server$Handler.run(Server.java:3165)
"eca5a246-1f8f-493f-b50d-7eee1f2fec76@group-AEA5E11D46FC-LeaderStateImpl" daemon prio=5 tid=1989 timed_waiting
java.lang.Thread.State: TIMED_WAITING
        at java.base@21.0.5/jdk.internal.misc.Unsafe.park(Native Method)
        at java.base@21.0.5/java.util.concurrent.locks.LockSupport.parkNanos(LockSupport.java:269)
        at java.base@21.0.5/java.util.concurrent.locks.AbstractQueuedSynchronizer$ConditionObject.awaitNanos(AbstractQueuedSynchronizer.java:1763)
        at java.base@21.0.5/java.util.concurrent.ArrayBlockingQueue.poll(ArrayBlockingQueue.java:435)
        at app//org.apache.ratis.server.impl.LeaderStateImpl$EventQueue.poll(LeaderStateImpl.java:164)
        at app//org.apache.ratis.server.impl.LeaderStateImpl$EventProcessor.run(LeaderStateImpl.java:763)
"Socket Reader #8 for port 15066"  prio=5 tid=813 runnable
java.lang.Thread.State: RUNNABLE
        at java.base@21.0.5/sun.nio.ch.EPoll.wait(Native Method)
        at java.base@21.0.5/sun.nio.ch.EPollSelectorImpl.doSelect(EPollSelectorImpl.java:121)
        at java.base@21.0.5/sun.nio.ch.SelectorImpl.lockAndDoSelect(SelectorImpl.java:130)
        at java.base@21.0.5/sun.nio.ch.SelectorImpl.select(SelectorImpl.java:147)
        at app//org.apache.hadoop.ipc.Server$Listener$Reader.doRunLoop(Server.java:1497)
        at app//org.apache.hadoop.ipc.Server$Listener$Reader.run(Server.java:1476)
"ContainerMetadataScanner" daemon prio=5 tid=860 timed_waiting
java.lang.Thread.State: TIMED_WAITING
        at java.base@21.0.5/java.lang.Thread.sleep0(Native Method)
        at java.base@21.0.5/java.lang.Thread.sleep(Thread.java:509)
        at app//org.apache.hadoop.ozone.container.ozoneimpl.AbstractBackgroundContainerScanner.handleRemainingSleep(AbstractBackgroundContainerScanner.java:131)
        at app//org.apache.hadoop.ozone.container.ozoneimpl.AbstractBackgroundContainerScanner.runIteration(AbstractBackgroundContainerScanner.java:98)
        at app//org.apache.hadoop.ozone.container.ozoneimpl.AbstractBackgroundContainerScanner.run(AbstractBackgroundContainerScanner.java:57)
"IPC Server handler 37 on default port 15000" daemon prio=5 tid=151 timed_waiting
java.lang.Thread.State: TIMED_WAITING
        at java.base@21.0.5/jdk.internal.misc.Unsafe.park(Native Method)
        at java.base@21.0.5/java.util.concurrent.locks.LockSupport.parkNanos(LockSupport.java:269)
        at java.base@21.0.5/java.util.concurrent.locks.AbstractQueuedSynchronizer$ConditionObject.awaitNanos(AbstractQueuedSynchronizer.java:1763)
        at java.base@21.0.5/java.util.concurrent.LinkedBlockingQueue.poll(LinkedBlockingQueue.java:460)
        at app//org.apache.hadoop.ipc.CallQueueManager.take(CallQueueManager.java:370)
        at app//org.apache.hadoop.ipc.Server$Handler.run(Server.java:3165)
"4b5ea8a3-88a5-4114-908f-7a85f39bc1cb@group-EF3CB8D23BF9-SegmentedRaftLogWorker" daemon prio=5 tid=1285 timed_waiting
java.lang.Thread.State: TIMED_WAITING
        at java.base@21.0.5/jdk.internal.misc.Unsafe.park(Native Method)
        at java.base@21.0.5/java.util.concurrent.locks.LockSupport.parkNanos(LockSupport.java:269)
        at java.base@21.0.5/java.util.concurrent.locks.AbstractQueuedSynchronizer$ConditionObject.awaitNanos(AbstractQueuedSynchronizer.java:1763)
        at app//org.apache.ratis.util.DataBlockingQueue.poll(DataBlockingQueue.java:148)
        at app//org.apache.ratis.server.raftlog.segmented.SegmentedRaftLogWorker.run(SegmentedRaftLogWorker.java:307)
        at app//org.apache.ratis.server.raftlog.segmented.SegmentedRaftLogWorker$$Lambda/0x00007fd9cc334298.run(Unknown Source)
        at java.base@21.0.5/java.util.concurrent.Executors$RunnableAdapter.call(Executors.java:572)
        at java.base@21.0.5/java.util.concurrent.FutureTask.run(FutureTask.java:317)
        at java.base@21.0.5/java.util.concurrent.ThreadPoolExecutor.runWorker(ThreadPoolExecutor.java:1144)
        at java.base@21.0.5/java.util.concurrent.ThreadPoolExecutor$Worker.run(ThreadPoolExecutor.java:642)
        at java.base@21.0.5/java.lang.Thread.runWith(Thread.java:1596)
        at java.base@21.0.5/java.lang.Thread.run(Thread.java:1583)
"751e45cc-852a-454f-97c8-e80f2befe6f4@group-A6DF87581CD1->b6b79d51-52d7-4711-a690-06a51533978a-GrpcLogAppender-LogAppenderDaemon" daemon prio=5 tid=1932 timed_waiting
java.lang.Thread.State: TIMED_WAITING
        at java.base@21.0.5/jdk.internal.misc.Unsafe.park(Native Method)
        at java.base@21.0.5/java.util.concurrent.locks.LockSupport.parkNanos(LockSupport.java:269)
        at java.base@21.0.5/java.util.concurrent.locks.AbstractQueuedSynchronizer$ConditionObject.await(AbstractQueuedSynchronizer.java:1852)
        at app//org.apache.ratis.util.AwaitForSignal.await(AwaitForSignal.java:65)
        at app//org.apache.ratis.grpc.server.GrpcLogAppender.mayWait(GrpcLogAppender.java:290)
        at app//org.apache.ratis.grpc.server.GrpcLogAppender.run(GrpcLogAppender.java:258)
        at app//org.apache.ratis.server.leader.LogAppenderDaemon.run(LogAppenderDaemon.java:80)
        at app//org.apache.ratis.server.leader.LogAppenderDaemon$$Lambda/0x00007fd9cc91b588.run(Unknown Source)
        at java.base@21.0.5/java.lang.Thread.runWith(Thread.java:1596)
        at java.base@21.0.5/java.lang.Thread.run(Thread.java:1583)
"3296053d-9d54-4057-a6a8-67c4b6ec6587@group-38C783663C2E-LeaderStateImpl" daemon prio=5 tid=1859 timed_waiting
java.lang.Thread.State: TIMED_WAITING
        at java.base@21.0.5/jdk.internal.misc.Unsafe.park(Native Method)
        at java.base@21.0.5/java.util.concurrent.locks.LockSupport.parkNanos(LockSupport.java:269)
        at java.base@21.0.5/java.util.concurrent.locks.AbstractQueuedSynchronizer$ConditionObject.awaitNanos(AbstractQueuedSynchronizer.java:1763)
        at java.base@21.0.5/java.util.concurrent.ArrayBlockingQueue.poll(ArrayBlockingQueue.java:435)
        at app//org.apache.ratis.server.impl.LeaderStateImpl$EventQueue.poll(LeaderStateImpl.java:164)
        at app//org.apache.ratis.server.impl.LeaderStateImpl$EventProcessor.run(LeaderStateImpl.java:763)
"IPC Server handler 97 on default port 15001" daemon prio=5 tid=311 timed_waiting
java.lang.Thread.State: TIMED_WAITING
        at java.base@21.0.5/jdk.internal.misc.Unsafe.park(Native Method)
        at java.base@21.0.5/java.util.concurrent.locks.LockSupport.parkNanos(LockSupport.java:269)
        at java.base@21.0.5/java.util.concurrent.locks.AbstractQueuedSynchronizer$ConditionObject.awaitNanos(AbstractQueuedSynchronizer.java:1763)
        at java.base@21.0.5/java.util.concurrent.LinkedBlockingQueue.poll(LinkedBlockingQueue.java:460)
        at app//org.apache.hadoop.ipc.CallQueueManager.take(CallQueueManager.java:370)
        at app//org.apache.hadoop.ipc.Server$Handler.run(Server.java:3165)
"IPC Server handler 31 on default port 15000" daemon prio=5 tid=145 timed_waiting
java.lang.Thread.State: TIMED_WAITING
        at java.base@21.0.5/jdk.internal.misc.Unsafe.park(Native Method)
        at java.base@21.0.5/java.util.concurrent.locks.LockSupport.parkNanos(LockSupport.java:269)
        at java.base@21.0.5/java.util.concurrent.locks.AbstractQueuedSynchronizer$ConditionObject.awaitNanos(AbstractQueuedSynchronizer.java:1763)
        at java.base@21.0.5/java.util.concurrent.LinkedBlockingQueue.poll(LinkedBlockingQueue.java:460)
        at app//org.apache.hadoop.ipc.CallQueueManager.take(CallQueueManager.java:370)
        at app//org.apache.hadoop.ipc.Server$Handler.run(Server.java:3165)
"EventQueue-NewNodeForNewNodeHandler" daemon prio=5 tid=1088 in Object.wait()
java.lang.Thread.State: WAITING (on object monitor)
        at java.base@21.0.5/jdk.internal.misc.Unsafe.park(Native Method)
        at java.base@21.0.5/java.util.concurrent.locks.LockSupport.park(LockSupport.java:371)
        at java.base@21.0.5/java.util.concurrent.locks.AbstractQueuedSynchronizer$ConditionNode.block(AbstractQueuedSynchronizer.java:519)
        at java.base@21.0.5/java.util.concurrent.ForkJoinPool.unmanagedBlock(ForkJoinPool.java:3780)
        at java.base@21.0.5/java.util.concurrent.ForkJoinPool.managedBlock(ForkJoinPool.java:3725)
        at java.base@21.0.5/java.util.concurrent.locks.AbstractQueuedSynchronizer$ConditionObject.await(AbstractQueuedSynchronizer.java:1712)
        at java.base@21.0.5/java.util.concurrent.LinkedBlockingQueue.take(LinkedBlockingQueue.java:435)
        at java.base@21.0.5/java.util.concurrent.ThreadPoolExecutor.getTask(ThreadPoolExecutor.java:1070)
        at java.base@21.0.5/java.util.concurrent.ThreadPoolExecutor.runWorker(ThreadPoolExecutor.java:1130)
        at java.base@21.0.5/java.util.concurrent.ThreadPoolExecutor$Worker.run(ThreadPoolExecutor.java:642)
        at java.base@21.0.5/java.lang.Thread.runWith(Thread.java:1596)
        at java.base@21.0.5/java.lang.Thread.run(Thread.java:1583)
"StaleRecoveringContainerScrubbingService#7" daemon prio=5 tid=2865 in Object.wait()
java.lang.Thread.State: WAITING (on object monitor)
        at java.base@21.0.5/jdk.internal.misc.Unsafe.park(Native Method)
        at java.base@21.0.5/java.util.concurrent.locks.LockSupport.park(LockSupport.java:371)
        at java.base@21.0.5/java.util.concurrent.locks.AbstractQueuedSynchronizer$ConditionNode.block(AbstractQueuedSynchronizer.java:519)
        at java.base@21.0.5/java.util.concurrent.ForkJoinPool.unmanagedBlock(ForkJoinPool.java:3780)
        at java.base@21.0.5/java.util.concurrent.ForkJoinPool.managedBlock(ForkJoinPool.java:3725)
        at java.base@21.0.5/java.util.concurrent.locks.AbstractQueuedSynchronizer$ConditionObject.await(AbstractQueuedSynchronizer.java:1712)
        at java.base@21.0.5/java.util.concurrent.ScheduledThreadPoolExecutor$DelayedWorkQueue.take(ScheduledThreadPoolExecutor.java:1177)
        at java.base@21.0.5/java.util.concurrent.ScheduledThreadPoolExecutor$DelayedWorkQueue.take(ScheduledThreadPoolExecutor.java:899)
        at java.base@21.0.5/java.util.concurrent.ThreadPoolExecutor.getTask(ThreadPoolExecutor.java:1070)
        at java.base@21.0.5/java.util.concurrent.ThreadPoolExecutor.runWorker(ThreadPoolExecutor.java:1130)
        at java.base@21.0.5/java.util.concurrent.ThreadPoolExecutor$Worker.run(ThreadPoolExecutor.java:642)
        at java.base@21.0.5/java.lang.Thread.runWith(Thread.java:1596)
        at java.base@21.0.5/java.lang.Thread.run(Thread.java:1583)
"02fc1759-725d-47af-8349-873c9c5c9167@group-EF3CB8D23BF9-cacheEviction-AwaitToRun" daemon prio=5 tid=1241 in Object.wait()
java.lang.Thread.State: WAITING (on object monitor)
        at java.base@21.0.5/jdk.internal.misc.Unsafe.park(Native Method)
        at java.base@21.0.5/java.util.concurrent.locks.LockSupport.park(LockSupport.java:371)
        at java.base@21.0.5/java.util.concurrent.locks.AbstractQueuedSynchronizer$ConditionNode.block(AbstractQueuedSynchronizer.java:519)
        at java.base@21.0.5/java.util.concurrent.ForkJoinPool.unmanagedBlock(ForkJoinPool.java:3780)
        at java.base@21.0.5/java.util.concurrent.ForkJoinPool.managedBlock(ForkJoinPool.java:3725)
        at java.base@21.0.5/java.util.concurrent.locks.AbstractQueuedSynchronizer$ConditionObject.await(AbstractQueuedSynchronizer.java:1712)
        at app//org.apache.ratis.util.AwaitForSignal.await(AwaitForSignal.java:48)
        at app//org.apache.ratis.util.AwaitToRun$RunnableImpl.run(AwaitToRun.java:47)
        at java.base@21.0.5/java.lang.Thread.runWith(Thread.java:1596)
        at java.base@21.0.5/java.lang.Thread.run(Thread.java:1583)
"IPC Server listener on 15021" daemon prio=5 tid=573 runnable
java.lang.Thread.State: RUNNABLE
        at java.base@21.0.5/sun.nio.ch.EPoll.wait(Native Method)
        at java.base@21.0.5/sun.nio.ch.EPollSelectorImpl.doSelect(EPollSelectorImpl.java:121)
        at java.base@21.0.5/sun.nio.ch.SelectorImpl.lockAndDoSelect(SelectorImpl.java:130)
        at java.base@21.0.5/sun.nio.ch.SelectorImpl.select(SelectorImpl.java:147)
        at app//org.apache.hadoop.ipc.Server$Listener.run(Server.java:1559)
"IPC Server handler 75 on default port 15002" daemon prio=5 tid=407 timed_waiting
java.lang.Thread.State: TIMED_WAITING
        at java.base@21.0.5/jdk.internal.misc.Unsafe.park(Native Method)
        at java.base@21.0.5/java.util.concurrent.locks.LockSupport.parkNanos(LockSupport.java:269)
        at java.base@21.0.5/java.util.concurrent.locks.AbstractQueuedSynchronizer$ConditionObject.awaitNanos(AbstractQueuedSynchronizer.java:1763)
        at java.base@21.0.5/java.util.concurrent.LinkedBlockingQueue.poll(LinkedBlockingQueue.java:460)
        at app//org.apache.hadoop.ipc.CallQueueManager.take(CallQueueManager.java:370)
        at app//org.apache.hadoop.ipc.Server$Handler.run(Server.java:3165)
"pool-137-thread-1"  prio=5 tid=609 timed_waiting
java.lang.Thread.State: TIMED_WAITING
        at java.base@21.0.5/jdk.internal.misc.Unsafe.park(Native Method)
        at java.base@21.0.5/java.util.concurrent.locks.LockSupport.parkNanos(LockSupport.java:269)
        at java.base@21.0.5/java.util.concurrent.locks.AbstractQueuedSynchronizer$ConditionObject.awaitNanos(AbstractQueuedSynchronizer.java:1763)
        at java.base@21.0.5/java.util.concurrent.ScheduledThreadPoolExecutor$DelayedWorkQueue.take(ScheduledThreadPoolExecutor.java:1182)
        at java.base@21.0.5/java.util.concurrent.ScheduledThreadPoolExecutor$DelayedWorkQueue.take(ScheduledThreadPoolExecutor.java:899)
        at java.base@21.0.5/java.util.concurrent.ThreadPoolExecutor.getTask(ThreadPoolExecutor.java:1070)
        at java.base@21.0.5/java.util.concurrent.ThreadPoolExecutor.runWorker(ThreadPoolExecutor.java:1130)
        at java.base@21.0.5/java.util.concurrent.ThreadPoolExecutor$Worker.run(ThreadPoolExecutor.java:642)
        at java.base@21.0.5/java.lang.Thread.runWith(Thread.java:1596)
        at java.base@21.0.5/java.lang.Thread.run(Thread.java:1583)
"IPC Server handler 30 on default port 15000" daemon prio=5 tid=144 timed_waiting
java.lang.Thread.State: TIMED_WAITING
        at java.base@21.0.5/jdk.internal.misc.Unsafe.park(Native Method)
        at java.base@21.0.5/java.util.concurrent.locks.LockSupport.parkNanos(LockSupport.java:269)
        at java.base@21.0.5/java.util.concurrent.locks.AbstractQueuedSynchronizer$ConditionObject.awaitNanos(AbstractQueuedSynchronizer.java:1763)
        at java.base@21.0.5/java.util.concurrent.LinkedBlockingQueue.poll(LinkedBlockingQueue.java:460)
        at app//org.apache.hadoop.ipc.CallQueueManager.take(CallQueueManager.java:370)
        at app//org.apache.hadoop.ipc.Server$Handler.run(Server.java:3165)
"Socket Reader #10 for port 15002"  prio=5 tid=65 runnable
java.lang.Thread.State: RUNNABLE
        at java.base@21.0.5/sun.nio.ch.EPoll.wait(Native Method)
        at java.base@21.0.5/sun.nio.ch.EPollSelectorImpl.doSelect(EPollSelectorImpl.java:121)
        at java.base@21.0.5/sun.nio.ch.SelectorImpl.lockAndDoSelect(SelectorImpl.java:130)
        at java.base@21.0.5/sun.nio.ch.SelectorImpl.select(SelectorImpl.java:147)
        at app//org.apache.hadoop.ipc.Server$Listener$Reader.doRunLoop(Server.java:1497)
        at app//org.apache.hadoop.ipc.Server$Listener$Reader.run(Server.java:1476)
"ac32094a-198b-4072-99dd-552311e88daf-groupManagement" daemon prio=5 tid=1505 in Object.wait()
java.lang.Thread.State: WAITING (on object monitor)
        at java.base@21.0.5/jdk.internal.misc.Unsafe.park(Native Method)
        at java.base@21.0.5/java.util.concurrent.locks.LockSupport.park(LockSupport.java:371)
        at java.base@21.0.5/java.util.concurrent.locks.AbstractQueuedSynchronizer$ConditionNode.block(AbstractQueuedSynchronizer.java:519)
        at java.base@21.0.5/java.util.concurrent.ForkJoinPool.unmanagedBlock(ForkJoinPool.java:3780)
        at java.base@21.0.5/java.util.concurrent.ForkJoinPool.managedBlock(ForkJoinPool.java:3725)
        at java.base@21.0.5/java.util.concurrent.locks.AbstractQueuedSynchronizer$ConditionObject.await(AbstractQueuedSynchronizer.java:1712)
        at java.base@21.0.5/java.util.concurrent.LinkedBlockingQueue.take(LinkedBlockingQueue.java:435)
        at java.base@21.0.5/java.util.concurrent.ThreadPoolExecutor.getTask(ThreadPoolExecutor.java:1070)
        at java.base@21.0.5/java.util.concurrent.ThreadPoolExecutor.runWorker(ThreadPoolExecutor.java:1130)
        at java.base@21.0.5/java.util.concurrent.ThreadPoolExecutor$Worker.run(ThreadPoolExecutor.java:642)
        at java.base@21.0.5/java.lang.Thread.runWith(Thread.java:1596)
        at java.base@21.0.5/java.lang.Thread.run(Thread.java:1583)
"IPC Server handler 9 on default port 15001" daemon prio=5 tid=223 timed_waiting
java.lang.Thread.State: TIMED_WAITING
        at java.base@21.0.5/jdk.internal.misc.Unsafe.park(Native Method)
        at java.base@21.0.5/java.util.concurrent.locks.LockSupport.parkNanos(LockSupport.java:269)
        at java.base@21.0.5/java.util.concurrent.locks.AbstractQueuedSynchronizer$ConditionObject.awaitNanos(AbstractQueuedSynchronizer.java:1763)
        at java.base@21.0.5/java.util.concurrent.LinkedBlockingQueue.poll(LinkedBlockingQueue.java:460)
        at app//org.apache.hadoop.ipc.CallQueueManager.take(CallQueueManager.java:370)
        at app//org.apache.hadoop.ipc.Server$Handler.run(Server.java:3165)
"IPC Server handler 63 on default port 15002" daemon prio=5 tid=395 timed_waiting
java.lang.Thread.State: TIMED_WAITING
        at java.base@21.0.5/jdk.internal.misc.Unsafe.park(Native Method)
        at java.base@21.0.5/java.util.concurrent.locks.LockSupport.parkNanos(LockSupport.java:269)
        at java.base@21.0.5/java.util.concurrent.locks.AbstractQueuedSynchronizer$ConditionObject.awaitNanos(AbstractQueuedSynchronizer.java:1763)
        at java.base@21.0.5/java.util.concurrent.LinkedBlockingQueue.poll(LinkedBlockingQueue.java:460)
        at app//org.apache.hadoop.ipc.CallQueueManager.take(CallQueueManager.java:370)
        at app//org.apache.hadoop.ipc.Server$Handler.run(Server.java:3165)
"02fc1759-725d-47af-8349-873c9c5c9167-DatanodeReportManager-1" daemon prio=5 tid=599 in Object.wait()
java.lang.Thread.State: WAITING (on object monitor)
        at java.base@21.0.5/jdk.internal.misc.Unsafe.park(Native Method)
        at java.base@21.0.5/java.util.concurrent.locks.LockSupport.park(LockSupport.java:371)
        at java.base@21.0.5/java.util.concurrent.locks.AbstractQueuedSynchronizer$ConditionNode.block(AbstractQueuedSynchronizer.java:519)
        at java.base@21.0.5/java.util.concurrent.ForkJoinPool.unmanagedBlock(ForkJoinPool.java:3780)
        at java.base@21.0.5/java.util.concurrent.ForkJoinPool.managedBlock(ForkJoinPool.java:3725)
        at java.base@21.0.5/java.util.concurrent.locks.AbstractQueuedSynchronizer$ConditionObject.await(AbstractQueuedSynchronizer.java:1712)
        at java.base@21.0.5/java.util.concurrent.ScheduledThreadPoolExecutor$DelayedWorkQueue.take(ScheduledThreadPoolExecutor.java:1177)
        at java.base@21.0.5/java.util.concurrent.ScheduledThreadPoolExecutor$DelayedWorkQueue.take(ScheduledThreadPoolExecutor.java:899)
        at java.base@21.0.5/java.util.concurrent.ThreadPoolExecutor.getTask(ThreadPoolExecutor.java:1070)
        at java.base@21.0.5/java.util.concurrent.ThreadPoolExecutor.runWorker(ThreadPoolExecutor.java:1130)
        at java.base@21.0.5/java.util.concurrent.ThreadPoolExecutor$Worker.run(ThreadPoolExecutor.java:642)
        at java.base@21.0.5/java.lang.Thread.runWith(Thread.java:1596)
        at java.base@21.0.5/java.lang.Thread.run(Thread.java:1583)
"ac32094a-198b-4072-99dd-552311e88daf-BlockDeletingService#0" daemon prio=5 tid=1161 timed_waiting
java.lang.Thread.State: TIMED_WAITING
        at java.base@21.0.5/jdk.internal.misc.Unsafe.park(Native Method)
        at java.base@21.0.5/java.util.concurrent.locks.LockSupport.parkNanos(LockSupport.java:269)
        at java.base@21.0.5/java.util.concurrent.locks.AbstractQueuedSynchronizer$ConditionObject.awaitNanos(AbstractQueuedSynchronizer.java:1763)
        at java.base@21.0.5/java.util.concurrent.ScheduledThreadPoolExecutor$DelayedWorkQueue.take(ScheduledThreadPoolExecutor.java:1182)
        at java.base@21.0.5/java.util.concurrent.ScheduledThreadPoolExecutor$DelayedWorkQueue.take(ScheduledThreadPoolExecutor.java:899)
        at java.base@21.0.5/java.util.concurrent.ThreadPoolExecutor.getTask(ThreadPoolExecutor.java:1070)
        at java.base@21.0.5/java.util.concurrent.ThreadPoolExecutor.runWorker(ThreadPoolExecutor.java:1130)
        at java.base@21.0.5/java.util.concurrent.ThreadPoolExecutor$Worker.run(ThreadPoolExecutor.java:642)
        at java.base@21.0.5/java.lang.Thread.runWith(Thread.java:1596)
        at java.base@21.0.5/java.lang.Thread.run(Thread.java:1583)
"IPC Server handler 26 on default port 15001" daemon prio=5 tid=240 timed_waiting
java.lang.Thread.State: TIMED_WAITING
        at java.base@21.0.5/jdk.internal.misc.Unsafe.park(Native Method)
        at java.base@21.0.5/java.util.concurrent.locks.LockSupport.parkNanos(LockSupport.java:269)
        at java.base@21.0.5/java.util.concurrent.locks.AbstractQueuedSynchronizer$ConditionObject.awaitNanos(AbstractQueuedSynchronizer.java:1763)
        at java.base@21.0.5/java.util.concurrent.LinkedBlockingQueue.poll(LinkedBlockingQueue.java:460)
        at app//org.apache.hadoop.ipc.CallQueueManager.take(CallQueueManager.java:370)
        at app//org.apache.hadoop.ipc.Server$Handler.run(Server.java:3165)
"om1-SstFilteringService#0" daemon prio=5 tid=469 timed_waiting
java.lang.Thread.State: TIMED_WAITING
        at java.base@21.0.5/jdk.internal.misc.Unsafe.park(Native Method)
        at java.base@21.0.5/java.util.concurrent.locks.LockSupport.parkNanos(LockSupport.java:269)
        at java.base@21.0.5/java.util.concurrent.locks.AbstractQueuedSynchronizer$ConditionObject.awaitNanos(AbstractQueuedSynchronizer.java:1763)
        at java.base@21.0.5/java.util.concurrent.ScheduledThreadPoolExecutor$DelayedWorkQueue.take(ScheduledThreadPoolExecutor.java:1182)
        at java.base@21.0.5/java.util.concurrent.ScheduledThreadPoolExecutor$DelayedWorkQueue.take(ScheduledThreadPoolExecutor.java:899)
        at java.base@21.0.5/java.util.concurrent.ThreadPoolExecutor.getTask(ThreadPoolExecutor.java:1070)
        at java.base@21.0.5/java.util.concurrent.ThreadPoolExecutor.runWorker(ThreadPoolExecutor.java:1130)
        at java.base@21.0.5/java.util.concurrent.ThreadPoolExecutor$Worker.run(ThreadPoolExecutor.java:642)
        at java.base@21.0.5/java.lang.Thread.runWith(Thread.java:1596)
        at java.base@21.0.5/java.lang.Thread.run(Thread.java:1583)
"4b5ea8a3-88a5-4114-908f-7a85f39bc1cb@group-AEA5E11D46FC-StateMachineUpdater" daemon prio=5 tid=1373 timed_waiting
java.lang.Thread.State: TIMED_WAITING
        at java.base@21.0.5/jdk.internal.misc.Unsafe.park(Native Method)
        at java.base@21.0.5/java.util.concurrent.locks.LockSupport.parkNanos(LockSupport.java:269)
        at java.base@21.0.5/java.util.concurrent.locks.AbstractQueuedSynchronizer$ConditionObject.await(AbstractQueuedSynchronizer.java:1852)
        at app//org.apache.ratis.util.AwaitForSignal.await(AwaitForSignal.java:65)
        at app//org.apache.ratis.server.impl.StateMachineUpdater.waitForCommit(StateMachineUpdater.java:219)
        at app//org.apache.ratis.server.impl.StateMachineUpdater.run(StateMachineUpdater.java:187)
        at java.base@21.0.5/java.lang.Thread.runWith(Thread.java:1596)
        at java.base@21.0.5/java.lang.Thread.run(Thread.java:1583)
"79978ed1-1a5c-4832-b584-9e2d85f03cd7@group-AE8CA6FC1197->eca5a246-1f8f-493f-b50d-7eee1f2fec76-GrpcLogAppender-LogAppenderDaemon" daemon prio=5 tid=1846 timed_waiting
java.lang.Thread.State: TIMED_WAITING
        at java.base@21.0.5/jdk.internal.misc.Unsafe.park(Native Method)
        at java.base@21.0.5/java.util.concurrent.locks.LockSupport.parkNanos(LockSupport.java:269)
        at java.base@21.0.5/java.util.concurrent.locks.AbstractQueuedSynchronizer$ConditionObject.await(AbstractQueuedSynchronizer.java:1852)
        at app//org.apache.ratis.util.AwaitForSignal.await(AwaitForSignal.java:65)
        at app//org.apache.ratis.grpc.server.GrpcLogAppender.mayWait(GrpcLogAppender.java:290)
        at app//org.apache.ratis.grpc.server.GrpcLogAppender.run(GrpcLogAppender.java:258)
        at app//org.apache.ratis.server.leader.LogAppenderDaemon.run(LogAppenderDaemon.java:80)
        at app//org.apache.ratis.server.leader.LogAppenderDaemon$$Lambda/0x00007fd9cc91b588.run(Unknown Source)
        at java.base@21.0.5/java.lang.Thread.runWith(Thread.java:1596)
        at java.base@21.0.5/java.lang.Thread.run(Thread.java:1583)
"qtp1604816394-756" daemon prio=5 tid=756 timed_waiting
java.lang.Thread.State: TIMED_WAITING
        at java.base@21.0.5/jdk.internal.misc.Unsafe.park(Native Method)
        at java.base@21.0.5/java.util.concurrent.locks.LockSupport.parkNanos(LockSupport.java:269)
        at java.base@21.0.5/java.util.concurrent.locks.AbstractQueuedSynchronizer$ConditionObject.awaitNanos(AbstractQueuedSynchronizer.java:1763)
        at app//org.eclipse.jetty.util.BlockingArrayQueue.poll(BlockingArrayQueue.java:382)
        at app//org.eclipse.jetty.util.thread.QueuedThreadPool$Runner.idleJobPoll(QueuedThreadPool.java:974)
        at app//org.eclipse.jetty.util.thread.QueuedThreadPool$Runner.run(QueuedThreadPool.java:1018)
        at java.base@21.0.5/java.lang.Thread.runWith(Thread.java:1596)
        at java.base@21.0.5/java.lang.Thread.run(Thread.java:1583)
"ac32094a-198b-4072-99dd-552311e88daf-PeriodicHDDSVolumeChecker" daemon prio=5 tid=1150 timed_waiting
java.lang.Thread.State: TIMED_WAITING
        at java.base@21.0.5/jdk.internal.misc.Unsafe.park(Native Method)
        at java.base@21.0.5/java.util.concurrent.locks.LockSupport.parkNanos(LockSupport.java:269)
        at java.base@21.0.5/java.util.concurrent.locks.AbstractQueuedSynchronizer$ConditionObject.awaitNanos(AbstractQueuedSynchronizer.java:1763)
        at java.base@21.0.5/java.util.concurrent.ScheduledThreadPoolExecutor$DelayedWorkQueue.take(ScheduledThreadPoolExecutor.java:1182)
        at java.base@21.0.5/java.util.concurrent.ScheduledThreadPoolExecutor$DelayedWorkQueue.take(ScheduledThreadPoolExecutor.java:899)
        at java.base@21.0.5/java.util.concurrent.ThreadPoolExecutor.getTask(ThreadPoolExecutor.java:1070)
        at java.base@21.0.5/java.util.concurrent.ThreadPoolExecutor.runWorker(ThreadPoolExecutor.java:1130)
        at java.base@21.0.5/java.util.concurrent.ThreadPoolExecutor$Worker.run(ThreadPoolExecutor.java:642)
        at java.base@21.0.5/java.lang.Thread.runWith(Thread.java:1596)
        at java.base@21.0.5/java.lang.Thread.run(Thread.java:1583)
"02fc1759-725d-47af-8349-873c9c5c9167@group-69B381BA0E06->79978ed1-1a5c-4832-b584-9e2d85f03cd7-GrpcLogAppender-LogAppenderDaemon" daemon prio=5 tid=1825 timed_waiting
java.lang.Thread.State: TIMED_WAITING
        at java.base@21.0.5/jdk.internal.misc.Unsafe.park(Native Method)
        at java.base@21.0.5/java.util.concurrent.locks.LockSupport.parkNanos(LockSupport.java:269)
        at java.base@21.0.5/java.util.concurrent.locks.AbstractQueuedSynchronizer$ConditionObject.await(AbstractQueuedSynchronizer.java:1852)
        at app//org.apache.ratis.util.AwaitForSignal.await(AwaitForSignal.java:65)
        at app//org.apache.ratis.grpc.server.GrpcLogAppender.mayWait(GrpcLogAppender.java:290)
        at app//org.apache.ratis.grpc.server.GrpcLogAppender.run(GrpcLogAppender.java:258)
        at app//org.apache.ratis.server.leader.LogAppenderDaemon.run(LogAppenderDaemon.java:80)
        at app//org.apache.ratis.server.leader.LogAppenderDaemon$$Lambda/0x00007fd9cc91b588.run(Unknown Source)
        at java.base@21.0.5/java.lang.Thread.runWith(Thread.java:1596)
        at java.base@21.0.5/java.lang.Thread.run(Thread.java:1583)
"IPC Server handler 90 on default port 15000" daemon prio=5 tid=204 timed_waiting
java.lang.Thread.State: TIMED_WAITING
        at java.base@21.0.5/jdk.internal.misc.Unsafe.park(Native Method)
        at java.base@21.0.5/java.util.concurrent.locks.LockSupport.parkNanos(LockSupport.java:269)
        at java.base@21.0.5/java.util.concurrent.locks.AbstractQueuedSynchronizer$ConditionObject.awaitNanos(AbstractQueuedSynchronizer.java:1763)
        at java.base@21.0.5/java.util.concurrent.LinkedBlockingQueue.poll(LinkedBlockingQueue.java:460)
        at app//org.apache.hadoop.ipc.CallQueueManager.take(CallQueueManager.java:370)
        at app//org.apache.hadoop.ipc.Server$Handler.run(Server.java:3165)
"02fc1759-725d-47af-8349-873c9c5c9167@group-2F5615DC861B-FollowerState" daemon prio=5 tid=1794 timed_waiting
java.lang.Thread.State: TIMED_WAITING
        at java.base@21.0.5/java.lang.Thread.sleep0(Native Method)
        at java.base@21.0.5/java.lang.Thread.sleep(Thread.java:558)
        at java.base@21.0.5/java.util.concurrent.TimeUnit.sleep(TimeUnit.java:446)
        at app//org.apache.ratis.util.TimeDuration.sleep(TimeDuration.java:353)
        at app//org.apache.ratis.util.TimeDuration.sleep(TimeDuration.java:338)
        at app//org.apache.ratis.server.impl.FollowerState.runImpl(FollowerState.java:149)
        at app//org.apache.ratis.server.impl.FollowerState.run(FollowerState.java:130)
"751e45cc-852a-454f-97c8-e80f2befe6f4-ChunkWriter-3-0" daemon prio=5 tid=1079 in Object.wait()
java.lang.Thread.State: WAITING (on object monitor)
        at java.base@21.0.5/jdk.internal.misc.Unsafe.park(Native Method)
        at java.base@21.0.5/java.util.concurrent.locks.LockSupport.park(LockSupport.java:371)
        at java.base@21.0.5/java.util.concurrent.locks.AbstractQueuedSynchronizer$ConditionNode.block(AbstractQueuedSynchronizer.java:519)
        at java.base@21.0.5/java.util.concurrent.ForkJoinPool.unmanagedBlock(ForkJoinPool.java:3780)
        at java.base@21.0.5/java.util.concurrent.ForkJoinPool.managedBlock(ForkJoinPool.java:3725)
        at java.base@21.0.5/java.util.concurrent.locks.AbstractQueuedSynchronizer$ConditionObject.await(AbstractQueuedSynchronizer.java:1712)
        at java.base@21.0.5/java.util.concurrent.LinkedBlockingDeque.takeFirst(LinkedBlockingDeque.java:485)
        at java.base@21.0.5/java.util.concurrent.LinkedBlockingDeque.take(LinkedBlockingDeque.java:673)
        at java.base@21.0.5/java.util.concurrent.ThreadPoolExecutor.getTask(ThreadPoolExecutor.java:1070)
        at java.base@21.0.5/java.util.concurrent.ThreadPoolExecutor.runWorker(ThreadPoolExecutor.java:1130)
        at java.base@21.0.5/java.util.concurrent.ThreadPoolExecutor$Worker.run(ThreadPoolExecutor.java:642)
        at java.base@21.0.5/java.lang.Thread.runWith(Thread.java:1596)
        at java.base@21.0.5/java.lang.Thread.run(Thread.java:1583)
"26f755b0-b4b1-4239-8401-e418fca9ef4b-DatanodeStateMachineTaskThread-1"  prio=5 tid=2524 in Object.wait()
java.lang.Thread.State: WAITING (on object monitor)
        at java.base@21.0.5/jdk.internal.misc.Unsafe.park(Native Method)
        at java.base@21.0.5/java.util.concurrent.locks.LockSupport.park(LockSupport.java:371)
        at java.base@21.0.5/java.util.concurrent.locks.AbstractQueuedSynchronizer$ConditionNode.block(AbstractQueuedSynchronizer.java:519)
        at java.base@21.0.5/java.util.concurrent.ForkJoinPool.unmanagedBlock(ForkJoinPool.java:3780)
        at java.base@21.0.5/java.util.concurrent.ForkJoinPool.managedBlock(ForkJoinPool.java:3725)
        at java.base@21.0.5/java.util.concurrent.locks.AbstractQueuedSynchronizer$ConditionObject.await(AbstractQueuedSynchronizer.java:1712)
        at java.base@21.0.5/java.util.concurrent.LinkedBlockingQueue.take(LinkedBlockingQueue.java:435)
        at java.base@21.0.5/java.util.concurrent.ThreadPoolExecutor.getTask(ThreadPoolExecutor.java:1070)
        at java.base@21.0.5/java.util.concurrent.ThreadPoolExecutor.runWorker(ThreadPoolExecutor.java:1130)
        at java.base@21.0.5/java.util.concurrent.ThreadPoolExecutor$Worker.run(ThreadPoolExecutor.java:642)
        at java.base@21.0.5/java.lang.Thread.runWith(Thread.java:1596)
        at java.base@21.0.5/java.lang.Thread.run(Thread.java:1583)
"751e45cc-852a-454f-97c8-e80f2befe6f4-server-thread1" daemon prio=5 tid=1924 timed_waiting
java.lang.Thread.State: TIMED_WAITING
        at java.base@21.0.5/jdk.internal.misc.Unsafe.park(Native Method)
        at java.base@21.0.5/java.util.concurrent.locks.LockSupport.parkNanos(LockSupport.java:410)
        at java.base@21.0.5/java.util.concurrent.LinkedTransferQueue$DualNode.await(LinkedTransferQueue.java:452)
        at java.base@21.0.5/java.util.concurrent.SynchronousQueue$Transferer.xferLifo(SynchronousQueue.java:194)
        at java.base@21.0.5/java.util.concurrent.SynchronousQueue.xfer(SynchronousQueue.java:235)
        at java.base@21.0.5/java.util.concurrent.SynchronousQueue.poll(SynchronousQueue.java:338)
        at java.base@21.0.5/java.util.concurrent.ThreadPoolExecutor.getTask(ThreadPoolExecutor.java:1069)
        at java.base@21.0.5/java.util.concurrent.ThreadPoolExecutor.runWorker(ThreadPoolExecutor.java:1130)
        at java.base@21.0.5/java.util.concurrent.ThreadPoolExecutor$Worker.run(ThreadPoolExecutor.java:642)
        at java.base@21.0.5/java.lang.Thread.runWith(Thread.java:1596)
        at java.base@21.0.5/java.lang.Thread.run(Thread.java:1583)
"IPC Server handler 8 on default port 15000" daemon prio=5 tid=122 timed_waiting
java.lang.Thread.State: TIMED_WAITING
        at java.base@21.0.5/jdk.internal.misc.Unsafe.park(Native Method)
        at java.base@21.0.5/java.util.concurrent.locks.LockSupport.parkNanos(LockSupport.java:269)
        at java.base@21.0.5/java.util.concurrent.locks.AbstractQueuedSynchronizer$ConditionObject.awaitNanos(AbstractQueuedSynchronizer.java:1763)
        at java.base@21.0.5/java.util.concurrent.LinkedBlockingQueue.poll(LinkedBlockingQueue.java:460)
        at app//org.apache.hadoop.ipc.CallQueueManager.take(CallQueueManager.java:370)
        at app//org.apache.hadoop.ipc.Server$Handler.run(Server.java:3165)
"3296053d-9d54-4057-a6a8-67c4b6ec6587@group-DAF53CCE5B84-FollowerState" daemon prio=5 tid=2203 timed_waiting
java.lang.Thread.State: TIMED_WAITING
        at java.base@21.0.5/java.lang.Thread.sleep0(Native Method)
        at java.base@21.0.5/java.lang.Thread.sleep(Thread.java:558)
        at java.base@21.0.5/java.util.concurrent.TimeUnit.sleep(TimeUnit.java:446)
        at app//org.apache.ratis.util.TimeDuration.sleep(TimeDuration.java:353)
        at app//org.apache.ratis.util.TimeDuration.sleep(TimeDuration.java:338)
        at app//org.apache.ratis.server.impl.FollowerState.runImpl(FollowerState.java:149)
        at app//org.apache.ratis.server.impl.FollowerState.run(FollowerState.java:130)
"IPC Server handler 22 on default port 15001" daemon prio=5 tid=236 timed_waiting
java.lang.Thread.State: TIMED_WAITING
        at java.base@21.0.5/jdk.internal.misc.Unsafe.park(Native Method)
        at java.base@21.0.5/java.util.concurrent.locks.LockSupport.parkNanos(LockSupport.java:269)
        at java.base@21.0.5/java.util.concurrent.locks.AbstractQueuedSynchronizer$ConditionObject.awaitNanos(AbstractQueuedSynchronizer.java:1763)
        at java.base@21.0.5/java.util.concurrent.LinkedBlockingQueue.poll(LinkedBlockingQueue.java:460)
        at app//org.apache.hadoop.ipc.CallQueueManager.take(CallQueueManager.java:370)
        at app//org.apache.hadoop.ipc.Server$Handler.run(Server.java:3165)
"Socket Reader #8 for port 15000"  prio=5 tid=91 runnable
java.lang.Thread.State: RUNNABLE
        at java.base@21.0.5/sun.nio.ch.EPoll.wait(Native Method)
        at java.base@21.0.5/sun.nio.ch.EPollSelectorImpl.doSelect(EPollSelectorImpl.java:121)
        at java.base@21.0.5/sun.nio.ch.SelectorImpl.lockAndDoSelect(SelectorImpl.java:130)
        at java.base@21.0.5/sun.nio.ch.SelectorImpl.select(SelectorImpl.java:147)
        at app//org.apache.hadoop.ipc.Server$Listener$Reader.doRunLoop(Server.java:1497)
        at app//org.apache.hadoop.ipc.Server$Listener$Reader.run(Server.java:1476)
"IPC Server handler 53 on default port 15000" daemon prio=5 tid=167 timed_waiting
java.lang.Thread.State: TIMED_WAITING
        at java.base@21.0.5/jdk.internal.misc.Unsafe.park(Native Method)
        at java.base@21.0.5/java.util.concurrent.locks.LockSupport.parkNanos(LockSupport.java:269)
        at java.base@21.0.5/java.util.concurrent.locks.AbstractQueuedSynchronizer$ConditionObject.awaitNanos(AbstractQueuedSynchronizer.java:1763)
        at java.base@21.0.5/java.util.concurrent.LinkedBlockingQueue.poll(LinkedBlockingQueue.java:460)
        at app//org.apache.hadoop.ipc.CallQueueManager.take(CallQueueManager.java:370)
        at app//org.apache.hadoop.ipc.Server$Handler.run(Server.java:3165)
"IPC Server handler 56 on default port 15001" daemon prio=5 tid=270 timed_waiting
java.lang.Thread.State: TIMED_WAITING
        at java.base@21.0.5/jdk.internal.misc.Unsafe.park(Native Method)
        at java.base@21.0.5/java.util.concurrent.locks.LockSupport.parkNanos(LockSupport.java:269)
        at java.base@21.0.5/java.util.concurrent.locks.AbstractQueuedSynchronizer$ConditionObject.awaitNanos(AbstractQueuedSynchronizer.java:1763)
        at java.base@21.0.5/java.util.concurrent.LinkedBlockingQueue.poll(LinkedBlockingQueue.java:460)
        at app//org.apache.hadoop.ipc.CallQueueManager.take(CallQueueManager.java:370)
        at app//org.apache.hadoop.ipc.Server$Handler.run(Server.java:3165)
"IPC Server handler 98 on default port 15002" daemon prio=5 tid=430 timed_waiting
java.lang.Thread.State: TIMED_WAITING
        at java.base@21.0.5/jdk.internal.misc.Unsafe.park(Native Method)
        at java.base@21.0.5/java.util.concurrent.locks.LockSupport.parkNanos(LockSupport.java:269)
        at java.base@21.0.5/java.util.concurrent.locks.AbstractQueuedSynchronizer$ConditionObject.awaitNanos(AbstractQueuedSynchronizer.java:1763)
        at java.base@21.0.5/java.util.concurrent.LinkedBlockingQueue.poll(LinkedBlockingQueue.java:460)
        at app//org.apache.hadoop.ipc.CallQueueManager.take(CallQueueManager.java:370)
        at app//org.apache.hadoop.ipc.Server$Handler.run(Server.java:3165)
"eca5a246-1f8f-493f-b50d-7eee1f2fec76@group-AE8CA6FC1197-SegmentedRaftLogWorker" daemon prio=5 tid=1271 timed_waiting
java.lang.Thread.State: TIMED_WAITING
        at java.base@21.0.5/jdk.internal.misc.Unsafe.park(Native Method)
        at java.base@21.0.5/java.util.concurrent.locks.LockSupport.parkNanos(LockSupport.java:269)
        at java.base@21.0.5/java.util.concurrent.locks.AbstractQueuedSynchronizer$ConditionObject.awaitNanos(AbstractQueuedSynchronizer.java:1763)
        at app//org.apache.ratis.util.DataBlockingQueue.poll(DataBlockingQueue.java:148)
        at app//org.apache.ratis.server.raftlog.segmented.SegmentedRaftLogWorker.run(SegmentedRaftLogWorker.java:307)
        at app//org.apache.ratis.server.raftlog.segmented.SegmentedRaftLogWorker$$Lambda/0x00007fd9cc334298.run(Unknown Source)
        at java.base@21.0.5/java.util.concurrent.Executors$RunnableAdapter.call(Executors.java:572)
        at java.base@21.0.5/java.util.concurrent.FutureTask.run(FutureTask.java:317)
        at java.base@21.0.5/java.util.concurrent.ThreadPoolExecutor.runWorker(ThreadPoolExecutor.java:1144)
        at java.base@21.0.5/java.util.concurrent.ThreadPoolExecutor$Worker.run(ThreadPoolExecutor.java:642)
        at java.base@21.0.5/java.lang.Thread.runWith(Thread.java:1596)
        at java.base@21.0.5/java.lang.Thread.run(Thread.java:1583)
"ac32094a-198b-4072-99dd-552311e88daf@group-C96B30E4F715-LeaderStateImpl" daemon prio=5 tid=2404 timed_waiting
java.lang.Thread.State: TIMED_WAITING
        at java.base@21.0.5/jdk.internal.misc.Unsafe.park(Native Method)
        at java.base@21.0.5/java.util.concurrent.locks.LockSupport.parkNanos(LockSupport.java:269)
        at java.base@21.0.5/java.util.concurrent.locks.AbstractQueuedSynchronizer$ConditionObject.awaitNanos(AbstractQueuedSynchronizer.java:1763)
        at java.base@21.0.5/java.util.concurrent.ArrayBlockingQueue.poll(ArrayBlockingQueue.java:435)
        at app//org.apache.ratis.server.impl.LeaderStateImpl$EventQueue.poll(LeaderStateImpl.java:164)
        at app//org.apache.ratis.server.impl.LeaderStateImpl$EventProcessor.run(LeaderStateImpl.java:763)
"Socket Reader #9 for port 15002"  prio=5 tid=64 runnable
java.lang.Thread.State: RUNNABLE
        at java.base@21.0.5/sun.nio.ch.EPoll.wait(Native Method)
        at java.base@21.0.5/sun.nio.ch.EPollSelectorImpl.doSelect(EPollSelectorImpl.java:121)
        at java.base@21.0.5/sun.nio.ch.SelectorImpl.lockAndDoSelect(SelectorImpl.java:130)
        at java.base@21.0.5/sun.nio.ch.SelectorImpl.select(SelectorImpl.java:147)
        at app//org.apache.hadoop.ipc.Server$Listener$Reader.doRunLoop(Server.java:1497)
        at app//org.apache.hadoop.ipc.Server$Listener$Reader.run(Server.java:1476)
"qtp874186099-568" daemon prio=5 tid=568 timed_waiting
java.lang.Thread.State: TIMED_WAITING
        at java.base@21.0.5/jdk.internal.misc.Unsafe.park(Native Method)
        at java.base@21.0.5/java.util.concurrent.locks.LockSupport.parkNanos(LockSupport.java:269)
        at java.base@21.0.5/java.util.concurrent.locks.AbstractQueuedSynchronizer$ConditionObject.awaitNanos(AbstractQueuedSynchronizer.java:1763)
        at app//org.eclipse.jetty.util.BlockingArrayQueue.poll(BlockingArrayQueue.java:382)
        at app//org.eclipse.jetty.util.thread.QueuedThreadPool$Runner.idleJobPoll(QueuedThreadPool.java:974)
        at app//org.eclipse.jetty.util.thread.QueuedThreadPool$Runner.run(QueuedThreadPool.java:1018)
        at java.base@21.0.5/java.lang.Thread.runWith(Thread.java:1596)
        at java.base@21.0.5/java.lang.Thread.run(Thread.java:1583)
"eca5a246-1f8f-493f-b50d-7eee1f2fec76@group-29E8A10AA121-StateMachineUpdater" daemon prio=5 tid=1494 timed_waiting
java.lang.Thread.State: TIMED_WAITING
        at java.base@21.0.5/jdk.internal.misc.Unsafe.park(Native Method)
        at java.base@21.0.5/java.util.concurrent.locks.LockSupport.parkNanos(LockSupport.java:269)
        at java.base@21.0.5/java.util.concurrent.locks.AbstractQueuedSynchronizer$ConditionObject.await(AbstractQueuedSynchronizer.java:1852)
        at app//org.apache.ratis.util.AwaitForSignal.await(AwaitForSignal.java:65)
        at app//org.apache.ratis.server.impl.StateMachineUpdater.waitForCommit(StateMachineUpdater.java:219)
        at app//org.apache.ratis.server.impl.StateMachineUpdater.run(StateMachineUpdater.java:187)
        at java.base@21.0.5/java.lang.Thread.runWith(Thread.java:1596)
        at java.base@21.0.5/java.lang.Thread.run(Thread.java:1583)
"3296053d-9d54-4057-a6a8-67c4b6ec6587@group-5233A358D31F-SegmentedRaftLogWorker" daemon prio=5 tid=1628 timed_waiting
java.lang.Thread.State: TIMED_WAITING
        at java.base@21.0.5/jdk.internal.misc.Unsafe.park(Native Method)
        at java.base@21.0.5/java.util.concurrent.locks.LockSupport.parkNanos(LockSupport.java:269)
        at java.base@21.0.5/java.util.concurrent.locks.AbstractQueuedSynchronizer$ConditionObject.awaitNanos(AbstractQueuedSynchronizer.java:1763)
        at app//org.apache.ratis.util.DataBlockingQueue.poll(DataBlockingQueue.java:148)
        at app//org.apache.ratis.server.raftlog.segmented.SegmentedRaftLogWorker.run(SegmentedRaftLogWorker.java:307)
        at app//org.apache.ratis.server.raftlog.segmented.SegmentedRaftLogWorker$$Lambda/0x00007fd9cc334298.run(Unknown Source)
        at java.base@21.0.5/java.util.concurrent.Executors$RunnableAdapter.call(Executors.java:572)
        at java.base@21.0.5/java.util.concurrent.FutureTask.run(FutureTask.java:317)
        at java.base@21.0.5/java.util.concurrent.ThreadPoolExecutor.runWorker(ThreadPoolExecutor.java:1144)
        at java.base@21.0.5/java.util.concurrent.ThreadPoolExecutor$Worker.run(ThreadPoolExecutor.java:642)
        at java.base@21.0.5/java.lang.Thread.runWith(Thread.java:1596)
        at java.base@21.0.5/java.lang.Thread.run(Thread.java:1583)
"79978ed1-1a5c-4832-b584-9e2d85f03cd7@group-2F5615DC861B-cacheEviction-AwaitToRun" daemon prio=5 tid=1176 in Object.wait()
java.lang.Thread.State: WAITING (on object monitor)
        at java.base@21.0.5/jdk.internal.misc.Unsafe.park(Native Method)
        at java.base@21.0.5/java.util.concurrent.locks.LockSupport.park(LockSupport.java:371)
        at java.base@21.0.5/java.util.concurrent.locks.AbstractQueuedSynchronizer$ConditionNode.block(AbstractQueuedSynchronizer.java:519)
        at java.base@21.0.5/java.util.concurrent.ForkJoinPool.unmanagedBlock(ForkJoinPool.java:3780)
        at java.base@21.0.5/java.util.concurrent.ForkJoinPool.managedBlock(ForkJoinPool.java:3725)
        at java.base@21.0.5/java.util.concurrent.locks.AbstractQueuedSynchronizer$ConditionObject.await(AbstractQueuedSynchronizer.java:1712)
        at app//org.apache.ratis.util.AwaitForSignal.await(AwaitForSignal.java:48)
        at app//org.apache.ratis.util.AwaitToRun$RunnableImpl.run(AwaitToRun.java:47)
        at java.base@21.0.5/java.lang.Thread.runWith(Thread.java:1596)
        at java.base@21.0.5/java.lang.Thread.run(Thread.java:1583)
"Attach Listener" daemon prio=9 tid=2704 runnable
java.lang.Thread.State: RUNNABLE
"Socket Reader #10 for port 15000"  prio=5 tid=93 runnable
java.lang.Thread.State: RUNNABLE
        at java.base@21.0.5/sun.nio.ch.EPoll.wait(Native Method)
        at java.base@21.0.5/sun.nio.ch.EPollSelectorImpl.doSelect(EPollSelectorImpl.java:121)
        at java.base@21.0.5/sun.nio.ch.SelectorImpl.lockAndDoSelect(SelectorImpl.java:130)
        at java.base@21.0.5/sun.nio.ch.SelectorImpl.select(SelectorImpl.java:147)
        at app//org.apache.hadoop.ipc.Server$Listener$Reader.doRunLoop(Server.java:1497)
        at app//org.apache.hadoop.ipc.Server$Listener$Reader.run(Server.java:1476)
"4b5ea8a3-88a5-4114-908f-7a85f39bc1cb-ChunkReader-ELG-0" daemon prio=5 tid=1045 runnable
java.lang.Thread.State: RUNNABLE
        at app//org.apache.ratis.thirdparty.io.netty.channel.epoll.Native.epollWait0(Native Method)
        at app//org.apache.ratis.thirdparty.io.netty.channel.epoll.Native.epollWait(Native.java:193)
        at app//org.apache.ratis.thirdparty.io.netty.channel.epoll.EpollEventLoop.epollWait(EpollEventLoop.java:304)
        at app//org.apache.ratis.thirdparty.io.netty.channel.epoll.EpollEventLoop.run(EpollEventLoop.java:368)
        at app//org.apache.ratis.thirdparty.io.netty.util.concurrent.SingleThreadEventExecutor$4.run(SingleThreadEventExecutor.java:997)
        at app//org.apache.ratis.thirdparty.io.netty.util.internal.ThreadExecutorMap$2.run(ThreadExecutorMap.java:74)
        at java.base@21.0.5/java.lang.Thread.runWith(Thread.java:1596)
        at java.base@21.0.5/java.lang.Thread.run(Thread.java:1583)
"IPC Server handler 17 on default port 15002" daemon prio=5 tid=349 timed_waiting
java.lang.Thread.State: TIMED_WAITING
        at java.base@21.0.5/jdk.internal.misc.Unsafe.park(Native Method)
        at java.base@21.0.5/java.util.concurrent.locks.LockSupport.parkNanos(LockSupport.java:269)
        at java.base@21.0.5/java.util.concurrent.locks.AbstractQueuedSynchronizer$ConditionObject.awaitNanos(AbstractQueuedSynchronizer.java:1763)
        at java.base@21.0.5/java.util.concurrent.LinkedBlockingQueue.poll(LinkedBlockingQueue.java:460)
        at app//org.apache.hadoop.ipc.CallQueueManager.take(CallQueueManager.java:370)
        at app//org.apache.hadoop.ipc.Server$Handler.run(Server.java:3165)
"3296053d-9d54-4057-a6a8-67c4b6ec6587-ChunkWriter-2-0" daemon prio=5 tid=993 in Object.wait()
java.lang.Thread.State: WAITING (on object monitor)
        at java.base@21.0.5/jdk.internal.misc.Unsafe.park(Native Method)
        at java.base@21.0.5/java.util.concurrent.locks.LockSupport.park(LockSupport.java:371)
        at java.base@21.0.5/java.util.concurrent.locks.AbstractQueuedSynchronizer$ConditionNode.block(AbstractQueuedSynchronizer.java:519)
        at java.base@21.0.5/java.util.concurrent.ForkJoinPool.unmanagedBlock(ForkJoinPool.java:3780)
        at java.base@21.0.5/java.util.concurrent.ForkJoinPool.managedBlock(ForkJoinPool.java:3725)
        at java.base@21.0.5/java.util.concurrent.locks.AbstractQueuedSynchronizer$ConditionObject.await(AbstractQueuedSynchronizer.java:1712)
        at java.base@21.0.5/java.util.concurrent.LinkedBlockingDeque.takeFirst(LinkedBlockingDeque.java:485)
        at java.base@21.0.5/java.util.concurrent.LinkedBlockingDeque.take(LinkedBlockingDeque.java:673)
        at java.base@21.0.5/java.util.concurrent.ThreadPoolExecutor.getTask(ThreadPoolExecutor.java:1070)
        at java.base@21.0.5/java.util.concurrent.ThreadPoolExecutor.runWorker(ThreadPoolExecutor.java:1130)
        at java.base@21.0.5/java.util.concurrent.ThreadPoolExecutor$Worker.run(ThreadPoolExecutor.java:642)
        at java.base@21.0.5/java.lang.Thread.runWith(Thread.java:1596)
        at java.base@21.0.5/java.lang.Thread.run(Thread.java:1583)
"ac32094a-198b-4072-99dd-552311e88daf-ChunkWriter-2-0" daemon prio=5 tid=1157 in Object.wait()
java.lang.Thread.State: WAITING (on object monitor)
        at java.base@21.0.5/jdk.internal.misc.Unsafe.park(Native Method)
        at java.base@21.0.5/java.util.concurrent.locks.LockSupport.park(LockSupport.java:371)
        at java.base@21.0.5/java.util.concurrent.locks.AbstractQueuedSynchronizer$ConditionNode.block(AbstractQueuedSynchronizer.java:519)
        at java.base@21.0.5/java.util.concurrent.ForkJoinPool.unmanagedBlock(ForkJoinPool.java:3780)
        at java.base@21.0.5/java.util.concurrent.ForkJoinPool.managedBlock(ForkJoinPool.java:3725)
        at java.base@21.0.5/java.util.concurrent.locks.AbstractQueuedSynchronizer$ConditionObject.await(AbstractQueuedSynchronizer.java:1712)
        at java.base@21.0.5/java.util.concurrent.LinkedBlockingDeque.takeFirst(LinkedBlockingDeque.java:485)
        at java.base@21.0.5/java.util.concurrent.LinkedBlockingDeque.take(LinkedBlockingDeque.java:673)
        at java.base@21.0.5/java.util.concurrent.ThreadPoolExecutor.getTask(ThreadPoolExecutor.java:1070)
        at java.base@21.0.5/java.util.concurrent.ThreadPoolExecutor.runWorker(ThreadPoolExecutor.java:1130)
        at java.base@21.0.5/java.util.concurrent.ThreadPoolExecutor$Worker.run(ThreadPoolExecutor.java:642)
        at java.base@21.0.5/java.lang.Thread.runWith(Thread.java:1596)
        at java.base@21.0.5/java.lang.Thread.run(Thread.java:1583)
"eca5a246-1f8f-493f-b50d-7eee1f2fec76@group-41854415688A-LeaderStateImpl" daemon prio=5 tid=2188 timed_waiting
java.lang.Thread.State: TIMED_WAITING
        at java.base@21.0.5/jdk.internal.misc.Unsafe.park(Native Method)
        at java.base@21.0.5/java.util.concurrent.locks.LockSupport.parkNanos(LockSupport.java:269)
        at java.base@21.0.5/java.util.concurrent.locks.AbstractQueuedSynchronizer$ConditionObject.awaitNanos(AbstractQueuedSynchronizer.java:1763)
        at java.base@21.0.5/java.util.concurrent.ArrayBlockingQueue.poll(ArrayBlockingQueue.java:435)
        at app//org.apache.ratis.server.impl.LeaderStateImpl$EventQueue.poll(LeaderStateImpl.java:164)
        at app//org.apache.ratis.server.impl.LeaderStateImpl$EventProcessor.run(LeaderStateImpl.java:763)
"ac32094a-198b-4072-99dd-552311e88daf@group-C96B30E4F715-StateMachineUpdater" daemon prio=5 tid=1761 timed_waiting
java.lang.Thread.State: TIMED_WAITING
        at java.base@21.0.5/jdk.internal.misc.Unsafe.park(Native Method)
        at java.base@21.0.5/java.util.concurrent.locks.LockSupport.parkNanos(LockSupport.java:269)
        at java.base@21.0.5/java.util.concurrent.locks.AbstractQueuedSynchronizer$ConditionObject.await(AbstractQueuedSynchronizer.java:1852)
        at app//org.apache.ratis.util.AwaitForSignal.await(AwaitForSignal.java:65)
        at app//org.apache.ratis.server.impl.StateMachineUpdater.waitForCommit(StateMachineUpdater.java:219)
        at app//org.apache.ratis.server.impl.StateMachineUpdater.run(StateMachineUpdater.java:187)
        at java.base@21.0.5/java.lang.Thread.runWith(Thread.java:1596)
        at java.base@21.0.5/java.lang.Thread.run(Thread.java:1583)
"om1-DirectoryDeletingService#5" daemon prio=5 tid=476 in Object.wait()
java.lang.Thread.State: WAITING (on object monitor)
        at java.base@21.0.5/jdk.internal.misc.Unsafe.park(Native Method)
        at java.base@21.0.5/java.util.concurrent.locks.LockSupport.park(LockSupport.java:371)
        at java.base@21.0.5/java.util.concurrent.locks.AbstractQueuedSynchronizer$ConditionNode.block(AbstractQueuedSynchronizer.java:519)
        at java.base@21.0.5/java.util.concurrent.ForkJoinPool.unmanagedBlock(ForkJoinPool.java:3780)
        at java.base@21.0.5/java.util.concurrent.ForkJoinPool.managedBlock(ForkJoinPool.java:3725)
        at java.base@21.0.5/java.util.concurrent.locks.AbstractQueuedSynchronizer$ConditionObject.await(AbstractQueuedSynchronizer.java:1712)
        at java.base@21.0.5/java.util.concurrent.ScheduledThreadPoolExecutor$DelayedWorkQueue.take(ScheduledThreadPoolExecutor.java:1177)
        at java.base@21.0.5/java.util.concurrent.ScheduledThreadPoolExecutor$DelayedWorkQueue.take(ScheduledThreadPoolExecutor.java:899)
        at java.base@21.0.5/java.util.concurrent.ThreadPoolExecutor.getTask(ThreadPoolExecutor.java:1070)
        at java.base@21.0.5/java.util.concurrent.ThreadPoolExecutor.runWorker(ThreadPoolExecutor.java:1130)
        at java.base@21.0.5/java.util.concurrent.ThreadPoolExecutor$Worker.run(ThreadPoolExecutor.java:642)
        at java.base@21.0.5/java.lang.Thread.runWith(Thread.java:1596)
        at java.base@21.0.5/java.lang.Thread.run(Thread.java:1583)
"Socket Reader #1 for port 15006"  prio=5 tid=443 runnable
java.lang.Thread.State: RUNNABLE
        at java.base@21.0.5/sun.nio.ch.EPoll.wait(Native Method)
        at java.base@21.0.5/sun.nio.ch.EPollSelectorImpl.doSelect(EPollSelectorImpl.java:121)
        at java.base@21.0.5/sun.nio.ch.SelectorImpl.lockAndDoSelect(SelectorImpl.java:130)
        at java.base@21.0.5/sun.nio.ch.SelectorImpl.select(SelectorImpl.java:147)
        at app//org.apache.hadoop.ipc.Server$Listener$Reader.doRunLoop(Server.java:1497)
        at app//org.apache.hadoop.ipc.Server$Listener$Reader.run(Server.java:1476)
"StaleRecoveringContainerScrubbingService#2" daemon prio=5 tid=2297 timed_waiting
java.lang.Thread.State: TIMED_WAITING
        at java.base@21.0.5/jdk.internal.misc.Unsafe.park(Native Method)
        at java.base@21.0.5/java.util.concurrent.locks.LockSupport.parkNanos(LockSupport.java:269)
        at java.base@21.0.5/java.util.concurrent.locks.AbstractQueuedSynchronizer$ConditionObject.awaitNanos(AbstractQueuedSynchronizer.java:1763)
        at java.base@21.0.5/java.util.concurrent.ScheduledThreadPoolExecutor$DelayedWorkQueue.take(ScheduledThreadPoolExecutor.java:1182)
        at java.base@21.0.5/java.util.concurrent.ScheduledThreadPoolExecutor$DelayedWorkQueue.take(ScheduledThreadPoolExecutor.java:899)
        at java.base@21.0.5/java.util.concurrent.ThreadPoolExecutor.getTask(ThreadPoolExecutor.java:1070)
        at java.base@21.0.5/java.util.concurrent.ThreadPoolExecutor.runWorker(ThreadPoolExecutor.java:1130)
        at java.base@21.0.5/java.util.concurrent.ThreadPoolExecutor$Worker.run(ThreadPoolExecutor.java:642)
        at java.base@21.0.5/java.lang.Thread.runWith(Thread.java:1596)
        at java.base@21.0.5/java.lang.Thread.run(Thread.java:1583)
"b6b79d51-52d7-4711-a690-06a51533978a@group-A6DF87581CD1-FollowerState" daemon prio=5 tid=1927 timed_waiting
java.lang.Thread.State: TIMED_WAITING
        at java.base@21.0.5/java.lang.Thread.sleep0(Native Method)
        at java.base@21.0.5/java.lang.Thread.sleep(Thread.java:558)
        at java.base@21.0.5/java.util.concurrent.TimeUnit.sleep(TimeUnit.java:446)
        at app//org.apache.ratis.util.TimeDuration.sleep(TimeDuration.java:353)
        at app//org.apache.ratis.util.TimeDuration.sleep(TimeDuration.java:338)
        at app//org.apache.ratis.server.impl.FollowerState.runImpl(FollowerState.java:149)
        at app//org.apache.ratis.server.impl.FollowerState.run(FollowerState.java:130)
"IPC Server handler 2 on default port 15012" daemon prio=5 tid=543 timed_waiting
java.lang.Thread.State: TIMED_WAITING
        at java.base@21.0.5/jdk.internal.misc.Unsafe.park(Native Method)
        at java.base@21.0.5/java.util.concurrent.locks.LockSupport.parkNanos(LockSupport.java:269)
        at java.base@21.0.5/java.util.concurrent.locks.AbstractQueuedSynchronizer$ConditionObject.awaitNanos(AbstractQueuedSynchronizer.java:1763)
        at java.base@21.0.5/java.util.concurrent.LinkedBlockingQueue.poll(LinkedBlockingQueue.java:460)
        at app//org.apache.hadoop.ipc.CallQueueManager.take(CallQueueManager.java:370)
        at app//org.apache.hadoop.ipc.Server$Handler.run(Server.java:3165)
"3296053d-9d54-4057-a6a8-67c4b6ec6587-DatanodeReportManager-1" daemon prio=5 tid=647 timed_waiting
java.lang.Thread.State: TIMED_WAITING
        at java.base@21.0.5/jdk.internal.misc.Unsafe.park(Native Method)
        at java.base@21.0.5/java.util.concurrent.locks.LockSupport.parkNanos(LockSupport.java:269)
        at java.base@21.0.5/java.util.concurrent.locks.AbstractQueuedSynchronizer$ConditionObject.awaitNanos(AbstractQueuedSynchronizer.java:1763)
        at java.base@21.0.5/java.util.concurrent.ScheduledThreadPoolExecutor$DelayedWorkQueue.take(ScheduledThreadPoolExecutor.java:1182)
        at java.base@21.0.5/java.util.concurrent.ScheduledThreadPoolExecutor$DelayedWorkQueue.take(ScheduledThreadPoolExecutor.java:899)
        at java.base@21.0.5/java.util.concurrent.ThreadPoolExecutor.getTask(ThreadPoolExecutor.java:1070)
        at java.base@21.0.5/java.util.concurrent.ThreadPoolExecutor.runWorker(ThreadPoolExecutor.java:1130)
        at java.base@21.0.5/java.util.concurrent.ThreadPoolExecutor$Worker.run(ThreadPoolExecutor.java:642)
        at java.base@21.0.5/java.lang.Thread.runWith(Thread.java:1596)
        at java.base@21.0.5/java.lang.Thread.run(Thread.java:1583)
"751e45cc-852a-454f-97c8-e80f2befe6f4@group-33E612B207F7-FollowerState" daemon prio=5 tid=1877 timed_waiting
java.lang.Thread.State: TIMED_WAITING
        at java.base@21.0.5/java.lang.Thread.sleep0(Native Method)
        at java.base@21.0.5/java.lang.Thread.sleep(Thread.java:558)
        at java.base@21.0.5/java.util.concurrent.TimeUnit.sleep(TimeUnit.java:446)
        at app//org.apache.ratis.util.TimeDuration.sleep(TimeDuration.java:353)
        at app//org.apache.ratis.util.TimeDuration.sleep(TimeDuration.java:338)
        at app//org.apache.ratis.server.impl.FollowerState.runImpl(FollowerState.java:149)
        at app//org.apache.ratis.server.impl.FollowerState.run(FollowerState.java:130)
"IPC Server handler 9 on default port 15021" daemon prio=5 tid=596 timed_waiting
java.lang.Thread.State: TIMED_WAITING
        at java.base@21.0.5/jdk.internal.misc.Unsafe.park(Native Method)
        at java.base@21.0.5/java.util.concurrent.locks.LockSupport.parkNanos(LockSupport.java:269)
        at java.base@21.0.5/java.util.concurrent.locks.AbstractQueuedSynchronizer$ConditionObject.awaitNanos(AbstractQueuedSynchronizer.java:1763)
        at java.base@21.0.5/java.util.concurrent.LinkedBlockingQueue.poll(LinkedBlockingQueue.java:460)
        at app//org.apache.hadoop.ipc.CallQueueManager.take(CallQueueManager.java:370)
        at app//org.apache.hadoop.ipc.Server$Handler.run(Server.java:3165)
"02fc1759-725d-47af-8349-873c9c5c9167-BlockDeletingService#1" daemon prio=5 tid=935 in Object.wait()
java.lang.Thread.State: WAITING (on object monitor)
        at java.base@21.0.5/jdk.internal.misc.Unsafe.park(Native Method)
        at java.base@21.0.5/java.util.concurrent.locks.LockSupport.park(LockSupport.java:371)
        at java.base@21.0.5/java.util.concurrent.locks.AbstractQueuedSynchronizer$ConditionNode.block(AbstractQueuedSynchronizer.java:519)
        at java.base@21.0.5/java.util.concurrent.ForkJoinPool.unmanagedBlock(ForkJoinPool.java:3780)
        at java.base@21.0.5/java.util.concurrent.ForkJoinPool.managedBlock(ForkJoinPool.java:3725)
        at java.base@21.0.5/java.util.concurrent.locks.AbstractQueuedSynchronizer$ConditionObject.await(AbstractQueuedSynchronizer.java:1712)
        at java.base@21.0.5/java.util.concurrent.ScheduledThreadPoolExecutor$DelayedWorkQueue.take(ScheduledThreadPoolExecutor.java:1177)
        at java.base@21.0.5/java.util.concurrent.ScheduledThreadPoolExecutor$DelayedWorkQueue.take(ScheduledThreadPoolExecutor.java:899)
        at java.base@21.0.5/java.util.concurrent.ThreadPoolExecutor.getTask(ThreadPoolExecutor.java:1070)
        at java.base@21.0.5/java.util.concurrent.ThreadPoolExecutor.runWorker(ThreadPoolExecutor.java:1130)
        at java.base@21.0.5/java.util.concurrent.ThreadPoolExecutor$Worker.run(ThreadPoolExecutor.java:642)
        at java.base@21.0.5/java.lang.Thread.runWith(Thread.java:1596)
        at java.base@21.0.5/java.lang.Thread.run(Thread.java:1583)
"Socket Reader #8 for port 15048"  prio=5 tid=721 runnable
java.lang.Thread.State: RUNNABLE
        at java.base@21.0.5/sun.nio.ch.EPoll.wait(Native Method)
        at java.base@21.0.5/sun.nio.ch.EPollSelectorImpl.doSelect(EPollSelectorImpl.java:121)
        at java.base@21.0.5/sun.nio.ch.SelectorImpl.lockAndDoSelect(SelectorImpl.java:130)
        at java.base@21.0.5/sun.nio.ch.SelectorImpl.select(SelectorImpl.java:147)
        at app//org.apache.hadoop.ipc.Server$Listener$Reader.doRunLoop(Server.java:1497)
        at app//org.apache.hadoop.ipc.Server$Listener$Reader.run(Server.java:1476)
"751e45cc-852a-454f-97c8-e80f2befe6f4@group-2A3258B325AC-SegmentedRaftLogWorker" daemon prio=5 tid=1358 timed_waiting
java.lang.Thread.State: TIMED_WAITING
        at java.base@21.0.5/jdk.internal.misc.Unsafe.park(Native Method)
        at java.base@21.0.5/java.util.concurrent.locks.LockSupport.parkNanos(LockSupport.java:269)
        at java.base@21.0.5/java.util.concurrent.locks.AbstractQueuedSynchronizer$ConditionObject.awaitNanos(AbstractQueuedSynchronizer.java:1763)
        at app//org.apache.ratis.util.DataBlockingQueue.poll(DataBlockingQueue.java:148)
        at app//org.apache.ratis.server.raftlog.segmented.SegmentedRaftLogWorker.run(SegmentedRaftLogWorker.java:307)
        at app//org.apache.ratis.server.raftlog.segmented.SegmentedRaftLogWorker$$Lambda/0x00007fd9cc334298.run(Unknown Source)
        at java.base@21.0.5/java.util.concurrent.Executors$RunnableAdapter.call(Executors.java:572)
        at java.base@21.0.5/java.util.concurrent.FutureTask.run(FutureTask.java:317)
        at java.base@21.0.5/java.util.concurrent.ThreadPoolExecutor.runWorker(ThreadPoolExecutor.java:1144)
        at java.base@21.0.5/java.util.concurrent.ThreadPoolExecutor$Worker.run(ThreadPoolExecutor.java:642)
        at java.base@21.0.5/java.lang.Thread.runWith(Thread.java:1596)
        at java.base@21.0.5/java.lang.Thread.run(Thread.java:1583)
"eca5a246-1f8f-493f-b50d-7eee1f2fec76-ChunkReader-1" daemon prio=5 tid=2039 in Object.wait()
java.lang.Thread.State: WAITING (on object monitor)
        at java.base@21.0.5/jdk.internal.misc.Unsafe.park(Native Method)
        at java.base@21.0.5/java.util.concurrent.locks.LockSupport.park(LockSupport.java:371)
        at java.base@21.0.5/java.util.concurrent.locks.AbstractQueuedSynchronizer$ConditionNode.block(AbstractQueuedSynchronizer.java:519)
        at java.base@21.0.5/java.util.concurrent.ForkJoinPool.unmanagedBlock(ForkJoinPool.java:3780)
        at java.base@21.0.5/java.util.concurrent.ForkJoinPool.managedBlock(ForkJoinPool.java:3725)
        at java.base@21.0.5/java.util.concurrent.locks.AbstractQueuedSynchronizer$ConditionObject.await(AbstractQueuedSynchronizer.java:1712)
        at java.base@21.0.5/java.util.concurrent.LinkedBlockingQueue.take(LinkedBlockingQueue.java:435)
        at java.base@21.0.5/java.util.concurrent.ThreadPoolExecutor.getTask(ThreadPoolExecutor.java:1070)
        at java.base@21.0.5/java.util.concurrent.ThreadPoolExecutor.runWorker(ThreadPoolExecutor.java:1130)
        at java.base@21.0.5/java.util.concurrent.ThreadPoolExecutor$Worker.run(ThreadPoolExecutor.java:642)
        at java.base@21.0.5/java.lang.Thread.runWith(Thread.java:1596)
        at java.base@21.0.5/java.lang.Thread.run(Thread.java:1583)
"eca5a246-1f8f-493f-b50d-7eee1f2fec76@group-41854415688A->02fc1759-725d-47af-8349-873c9c5c9167-GrpcLogAppender-LogAppenderDaemon" daemon prio=5 tid=2191 timed_waiting
java.lang.Thread.State: TIMED_WAITING
        at java.base@21.0.5/jdk.internal.misc.Unsafe.park(Native Method)
        at java.base@21.0.5/java.util.concurrent.locks.LockSupport.parkNanos(LockSupport.java:269)
        at java.base@21.0.5/java.util.concurrent.locks.AbstractQueuedSynchronizer$ConditionObject.await(AbstractQueuedSynchronizer.java:1852)
        at app//org.apache.ratis.util.AwaitForSignal.await(AwaitForSignal.java:65)
        at app//org.apache.ratis.grpc.server.GrpcLogAppender.mayWait(GrpcLogAppender.java:290)
        at app//org.apache.ratis.grpc.server.GrpcLogAppender.run(GrpcLogAppender.java:258)
        at app//org.apache.ratis.server.leader.LogAppenderDaemon.run(LogAppenderDaemon.java:80)
        at app//org.apache.ratis.server.leader.LogAppenderDaemon$$Lambda/0x00007fd9cc91b588.run(Unknown Source)
        at java.base@21.0.5/java.lang.Thread.runWith(Thread.java:1596)
        at java.base@21.0.5/java.lang.Thread.run(Thread.java:1583)
"4d3e3722-41cc-4fd9-b8c2-1e24fef1c1d7-CloseContainerThread-0"  prio=5 tid=2411 in Object.wait()
java.lang.Thread.State: WAITING (on object monitor)
        at java.base@21.0.5/jdk.internal.misc.Unsafe.park(Native Method)
        at java.base@21.0.5/java.util.concurrent.locks.LockSupport.park(LockSupport.java:371)
        at java.base@21.0.5/java.util.concurrent.locks.AbstractQueuedSynchronizer$ConditionNode.block(AbstractQueuedSynchronizer.java:519)
        at java.base@21.0.5/java.util.concurrent.ForkJoinPool.unmanagedBlock(ForkJoinPool.java:3780)
        at java.base@21.0.5/java.util.concurrent.ForkJoinPool.managedBlock(ForkJoinPool.java:3725)
        at java.base@21.0.5/java.util.concurrent.locks.AbstractQueuedSynchronizer$ConditionObject.await(AbstractQueuedSynchronizer.java:1712)
        at java.base@21.0.5/java.util.concurrent.LinkedBlockingQueue.take(LinkedBlockingQueue.java:435)
        at java.base@21.0.5/java.util.concurrent.ThreadPoolExecutor.getTask(ThreadPoolExecutor.java:1070)
        at java.base@21.0.5/java.util.concurrent.ThreadPoolExecutor.runWorker(ThreadPoolExecutor.java:1130)
        at java.base@21.0.5/java.util.concurrent.ThreadPoolExecutor$Worker.run(ThreadPoolExecutor.java:642)
        at java.base@21.0.5/java.lang.Thread.runWith(Thread.java:1596)
        at java.base@21.0.5/java.lang.Thread.run(Thread.java:1583)
"IPC Server handler 95 on default port 15002" daemon prio=5 tid=427 timed_waiting
java.lang.Thread.State: TIMED_WAITING
        at java.base@21.0.5/jdk.internal.misc.Unsafe.park(Native Method)
        at java.base@21.0.5/java.util.concurrent.locks.LockSupport.parkNanos(LockSupport.java:269)
        at java.base@21.0.5/java.util.concurrent.locks.AbstractQueuedSynchronizer$ConditionObject.awaitNanos(AbstractQueuedSynchronizer.java:1763)
        at java.base@21.0.5/java.util.concurrent.LinkedBlockingQueue.poll(LinkedBlockingQueue.java:460)
        at app//org.apache.hadoop.ipc.CallQueueManager.take(CallQueueManager.java:370)
        at app//org.apache.hadoop.ipc.Server$Handler.run(Server.java:3165)
"IPC Server idle connection scanner for port 15001" daemon prio=5 tid=80 timed_waiting
java.lang.Thread.State: TIMED_WAITING
        at java.base@21.0.5/java.lang.Object.wait0(Native Method)
        at java.base@21.0.5/java.lang.Object.wait(Object.java:366)
        at java.base@21.0.5/java.util.TimerThread.mainLoop(Timer.java:563)
        at java.base@21.0.5/java.util.TimerThread.run(Timer.java:516)
"4b5ea8a3-88a5-4114-908f-7a85f39bc1cb-ChunkReader-2" daemon prio=5 tid=2062 in Object.wait()
java.lang.Thread.State: WAITING (on object monitor)
        at java.base@21.0.5/jdk.internal.misc.Unsafe.park(Native Method)
        at java.base@21.0.5/java.util.concurrent.locks.LockSupport.park(LockSupport.java:371)
        at java.base@21.0.5/java.util.concurrent.locks.AbstractQueuedSynchronizer$ConditionNode.block(AbstractQueuedSynchronizer.java:519)
        at java.base@21.0.5/java.util.concurrent.ForkJoinPool.unmanagedBlock(ForkJoinPool.java:3780)
        at java.base@21.0.5/java.util.concurrent.ForkJoinPool.managedBlock(ForkJoinPool.java:3725)
        at java.base@21.0.5/java.util.concurrent.locks.AbstractQueuedSynchronizer$ConditionObject.await(AbstractQueuedSynchronizer.java:1712)
        at java.base@21.0.5/java.util.concurrent.LinkedBlockingQueue.take(LinkedBlockingQueue.java:435)
        at java.base@21.0.5/java.util.concurrent.ThreadPoolExecutor.getTask(ThreadPoolExecutor.java:1070)
        at java.base@21.0.5/java.util.concurrent.ThreadPoolExecutor.runWorker(ThreadPoolExecutor.java:1130)
        at java.base@21.0.5/java.util.concurrent.ThreadPoolExecutor$Worker.run(ThreadPoolExecutor.java:642)
        at java.base@21.0.5/java.lang.Thread.runWith(Thread.java:1596)
        at java.base@21.0.5/java.lang.Thread.run(Thread.java:1583)
"pool-193-thread-1" daemon prio=5 tid=1073 timed_waiting
java.lang.Thread.State: TIMED_WAITING
        at java.base@21.0.5/jdk.internal.misc.Unsafe.park(Native Method)
        at java.base@21.0.5/java.util.concurrent.locks.LockSupport.parkNanos(LockSupport.java:269)
        at java.base@21.0.5/java.util.concurrent.locks.AbstractQueuedSynchronizer$ConditionObject.awaitNanos(AbstractQueuedSynchronizer.java:1763)
        at java.base@21.0.5/java.util.concurrent.ScheduledThreadPoolExecutor$DelayedWorkQueue.take(ScheduledThreadPoolExecutor.java:1182)
        at java.base@21.0.5/java.util.concurrent.ScheduledThreadPoolExecutor$DelayedWorkQueue.take(ScheduledThreadPoolExecutor.java:899)
        at java.base@21.0.5/java.util.concurrent.ThreadPoolExecutor.getTask(ThreadPoolExecutor.java:1070)
        at java.base@21.0.5/java.util.concurrent.ThreadPoolExecutor.runWorker(ThreadPoolExecutor.java:1130)
        at java.base@21.0.5/java.util.concurrent.ThreadPoolExecutor$Worker.run(ThreadPoolExecutor.java:642)
        at java.base@21.0.5/java.lang.Thread.runWith(Thread.java:1596)
        at java.base@21.0.5/java.lang.Thread.run(Thread.java:1583)
"b6b79d51-52d7-4711-a690-06a51533978a@group-DAF53CCE5B84-cacheEviction-AwaitToRun" daemon prio=5 tid=1560 in Object.wait()
java.lang.Thread.State: WAITING (on object monitor)
        at java.base@21.0.5/jdk.internal.misc.Unsafe.park(Native Method)
        at java.base@21.0.5/java.util.concurrent.locks.LockSupport.park(LockSupport.java:371)
        at java.base@21.0.5/java.util.concurrent.locks.AbstractQueuedSynchronizer$ConditionNode.block(AbstractQueuedSynchronizer.java:519)
        at java.base@21.0.5/java.util.concurrent.ForkJoinPool.unmanagedBlock(ForkJoinPool.java:3780)
        at java.base@21.0.5/java.util.concurrent.ForkJoinPool.managedBlock(ForkJoinPool.java:3725)
        at java.base@21.0.5/java.util.concurrent.locks.AbstractQueuedSynchronizer$ConditionObject.await(AbstractQueuedSynchronizer.java:1712)
        at app//org.apache.ratis.util.AwaitForSignal.await(AwaitForSignal.java:48)
        at app//org.apache.ratis.util.AwaitToRun$RunnableImpl.run(AwaitToRun.java:47)
        at java.base@21.0.5/java.lang.Thread.runWith(Thread.java:1596)
        at java.base@21.0.5/java.lang.Thread.run(Thread.java:1583)
"Session-HouseKeeper-5bda90af-1"  prio=5 tid=2490 timed_waiting
java.lang.Thread.State: TIMED_WAITING
        at java.base@21.0.5/jdk.internal.misc.Unsafe.park(Native Method)
        at java.base@21.0.5/java.util.concurrent.locks.LockSupport.parkNanos(LockSupport.java:269)
        at java.base@21.0.5/java.util.concurrent.locks.AbstractQueuedSynchronizer$ConditionObject.awaitNanos(AbstractQueuedSynchronizer.java:1763)
        at java.base@21.0.5/java.util.concurrent.ScheduledThreadPoolExecutor$DelayedWorkQueue.take(ScheduledThreadPoolExecutor.java:1182)
        at java.base@21.0.5/java.util.concurrent.ScheduledThreadPoolExecutor$DelayedWorkQueue.take(ScheduledThreadPoolExecutor.java:899)
        at java.base@21.0.5/java.util.concurrent.ThreadPoolExecutor.getTask(ThreadPoolExecutor.java:1070)
        at java.base@21.0.5/java.util.concurrent.ThreadPoolExecutor.runWorker(ThreadPoolExecutor.java:1130)
        at java.base@21.0.5/java.util.concurrent.ThreadPoolExecutor$Worker.run(ThreadPoolExecutor.java:642)
        at java.base@21.0.5/java.lang.Thread.runWith(Thread.java:1596)
        at java.base@21.0.5/java.lang.Thread.run(Thread.java:1583)
"IPC Server handler 92 on default port 15001" daemon prio=5 tid=306 timed_waiting
java.lang.Thread.State: TIMED_WAITING
        at java.base@21.0.5/jdk.internal.misc.Unsafe.park(Native Method)
        at java.base@21.0.5/java.util.concurrent.locks.LockSupport.parkNanos(LockSupport.java:269)
        at java.base@21.0.5/java.util.concurrent.locks.AbstractQueuedSynchronizer$ConditionObject.awaitNanos(AbstractQueuedSynchronizer.java:1763)
        at java.base@21.0.5/java.util.concurrent.LinkedBlockingQueue.poll(LinkedBlockingQueue.java:460)
        at app//org.apache.hadoop.ipc.CallQueueManager.take(CallQueueManager.java:370)
        at app//org.apache.hadoop.ipc.Server$Handler.run(Server.java:3165)
"Socket Reader #3 for port 15066"  prio=5 tid=808 runnable
java.lang.Thread.State: RUNNABLE
        at java.base@21.0.5/sun.nio.ch.EPoll.wait(Native Method)
        at java.base@21.0.5/sun.nio.ch.EPollSelectorImpl.doSelect(EPollSelectorImpl.java:121)
        at java.base@21.0.5/sun.nio.ch.SelectorImpl.lockAndDoSelect(SelectorImpl.java:130)
        at java.base@21.0.5/sun.nio.ch.SelectorImpl.select(SelectorImpl.java:147)
        at app//org.apache.hadoop.ipc.Server$Listener$Reader.doRunLoop(Server.java:1497)
        at app//org.apache.hadoop.ipc.Server$Listener$Reader.run(Server.java:1476)
"3296053d-9d54-4057-a6a8-67c4b6ec6587-BlockDeletingService#3" daemon prio=5 tid=2906 in Object.wait()
java.lang.Thread.State: WAITING (on object monitor)
        at java.base@21.0.5/jdk.internal.misc.Unsafe.park(Native Method)
        at java.base@21.0.5/java.util.concurrent.locks.LockSupport.park(LockSupport.java:371)
        at java.base@21.0.5/java.util.concurrent.locks.AbstractQueuedSynchronizer$ConditionNode.block(AbstractQueuedSynchronizer.java:519)
        at java.base@21.0.5/java.util.concurrent.ForkJoinPool.unmanagedBlock(ForkJoinPool.java:3780)
        at java.base@21.0.5/java.util.concurrent.ForkJoinPool.managedBlock(ForkJoinPool.java:3725)
        at java.base@21.0.5/java.util.concurrent.locks.AbstractQueuedSynchronizer$ConditionObject.await(AbstractQueuedSynchronizer.java:1712)
        at java.base@21.0.5/java.util.concurrent.ScheduledThreadPoolExecutor$DelayedWorkQueue.take(ScheduledThreadPoolExecutor.java:1177)
        at java.base@21.0.5/java.util.concurrent.ScheduledThreadPoolExecutor$DelayedWorkQueue.take(ScheduledThreadPoolExecutor.java:899)
        at java.base@21.0.5/java.util.concurrent.ThreadPoolExecutor.getTask(ThreadPoolExecutor.java:1070)
        at java.base@21.0.5/java.util.concurrent.ThreadPoolExecutor.runWorker(ThreadPoolExecutor.java:1130)
        at java.base@21.0.5/java.util.concurrent.ThreadPoolExecutor$Worker.run(ThreadPoolExecutor.java:642)
        at java.base@21.0.5/java.lang.Thread.runWith(Thread.java:1596)
        at java.base@21.0.5/java.lang.Thread.run(Thread.java:1583)
"ac32094a-198b-4072-99dd-552311e88daf-DatanodeReportManager-3" daemon prio=5 tid=1029 in Object.wait()
java.lang.Thread.State: WAITING (on object monitor)
        at java.base@21.0.5/jdk.internal.misc.Unsafe.park(Native Method)
        at java.base@21.0.5/java.util.concurrent.locks.LockSupport.park(LockSupport.java:371)
        at java.base@21.0.5/java.util.concurrent.locks.AbstractQueuedSynchronizer$ConditionNode.block(AbstractQueuedSynchronizer.java:519)
        at java.base@21.0.5/java.util.concurrent.ForkJoinPool.unmanagedBlock(ForkJoinPool.java:3780)
        at java.base@21.0.5/java.util.concurrent.ForkJoinPool.managedBlock(ForkJoinPool.java:3725)
        at java.base@21.0.5/java.util.concurrent.locks.AbstractQueuedSynchronizer$ConditionObject.await(AbstractQueuedSynchronizer.java:1712)
        at java.base@21.0.5/java.util.concurrent.ScheduledThreadPoolExecutor$DelayedWorkQueue.take(ScheduledThreadPoolExecutor.java:1177)
        at java.base@21.0.5/java.util.concurrent.ScheduledThreadPoolExecutor$DelayedWorkQueue.take(ScheduledThreadPoolExecutor.java:899)
        at java.base@21.0.5/java.util.concurrent.ThreadPoolExecutor.getTask(ThreadPoolExecutor.java:1070)
        at java.base@21.0.5/java.util.concurrent.ThreadPoolExecutor.runWorker(ThreadPoolExecutor.java:1130)
        at java.base@21.0.5/java.util.concurrent.ThreadPoolExecutor$Worker.run(ThreadPoolExecutor.java:642)
        at java.base@21.0.5/java.lang.Thread.runWith(Thread.java:1596)
        at java.base@21.0.5/java.lang.Thread.run(Thread.java:1583)
"02fc1759-725d-47af-8349-873c9c5c9167-DatanodeReportManager-2" daemon prio=5 tid=600 timed_waiting
java.lang.Thread.State: TIMED_WAITING
        at java.base@21.0.5/jdk.internal.misc.Unsafe.park(Native Method)
        at java.base@21.0.5/java.util.concurrent.locks.LockSupport.parkNanos(LockSupport.java:269)
        at java.base@21.0.5/java.util.concurrent.locks.AbstractQueuedSynchronizer$ConditionObject.awaitNanos(AbstractQueuedSynchronizer.java:1763)
        at java.base@21.0.5/java.util.concurrent.ScheduledThreadPoolExecutor$DelayedWorkQueue.take(ScheduledThreadPoolExecutor.java:1182)
        at java.base@21.0.5/java.util.concurrent.ScheduledThreadPoolExecutor$DelayedWorkQueue.take(ScheduledThreadPoolExecutor.java:899)
        at java.base@21.0.5/java.util.concurrent.ThreadPoolExecutor.getTask(ThreadPoolExecutor.java:1070)
        at java.base@21.0.5/java.util.concurrent.ThreadPoolExecutor.runWorker(ThreadPoolExecutor.java:1130)
        at java.base@21.0.5/java.util.concurrent.ThreadPoolExecutor$Worker.run(ThreadPoolExecutor.java:642)
        at java.base@21.0.5/java.lang.Thread.runWith(Thread.java:1596)
        at java.base@21.0.5/java.lang.Thread.run(Thread.java:1583)
"4b5ea8a3-88a5-4114-908f-7a85f39bc1cb@group-33E612B207F7-StateMachineUpdater" daemon prio=5 tid=1277 timed_waiting
java.lang.Thread.State: TIMED_WAITING
        at java.base@21.0.5/jdk.internal.misc.Unsafe.park(Native Method)
        at java.base@21.0.5/java.util.concurrent.locks.LockSupport.parkNanos(LockSupport.java:269)
        at java.base@21.0.5/java.util.concurrent.locks.AbstractQueuedSynchronizer$ConditionObject.await(AbstractQueuedSynchronizer.java:1852)
        at app//org.apache.ratis.util.AwaitForSignal.await(AwaitForSignal.java:65)
        at app//org.apache.ratis.server.impl.StateMachineUpdater.waitForCommit(StateMachineUpdater.java:219)
        at app//org.apache.ratis.server.impl.StateMachineUpdater.run(StateMachineUpdater.java:187)
        at java.base@21.0.5/java.lang.Thread.runWith(Thread.java:1596)
        at java.base@21.0.5/java.lang.Thread.run(Thread.java:1583)
"StaleRecoveringContainerScrubbingService#7" daemon prio=5 tid=2851 in Object.wait()
java.lang.Thread.State: WAITING (on object monitor)
        at java.base@21.0.5/jdk.internal.misc.Unsafe.park(Native Method)
        at java.base@21.0.5/java.util.concurrent.locks.LockSupport.park(LockSupport.java:371)
        at java.base@21.0.5/java.util.concurrent.locks.AbstractQueuedSynchronizer$ConditionNode.block(AbstractQueuedSynchronizer.java:519)
        at java.base@21.0.5/java.util.concurrent.ForkJoinPool.unmanagedBlock(ForkJoinPool.java:3780)
        at java.base@21.0.5/java.util.concurrent.ForkJoinPool.managedBlock(ForkJoinPool.java:3725)
        at java.base@21.0.5/java.util.concurrent.locks.AbstractQueuedSynchronizer$ConditionObject.await(AbstractQueuedSynchronizer.java:1712)
        at java.base@21.0.5/java.util.concurrent.ScheduledThreadPoolExecutor$DelayedWorkQueue.take(ScheduledThreadPoolExecutor.java:1177)
        at java.base@21.0.5/java.util.concurrent.ScheduledThreadPoolExecutor$DelayedWorkQueue.take(ScheduledThreadPoolExecutor.java:899)
        at java.base@21.0.5/java.util.concurrent.ThreadPoolExecutor.getTask(ThreadPoolExecutor.java:1070)
        at java.base@21.0.5/java.util.concurrent.ThreadPoolExecutor.runWorker(ThreadPoolExecutor.java:1130)
        at java.base@21.0.5/java.util.concurrent.ThreadPoolExecutor$Worker.run(ThreadPoolExecutor.java:642)
        at java.base@21.0.5/java.lang.Thread.runWith(Thread.java:1596)
        at java.base@21.0.5/java.lang.Thread.run(Thread.java:1583)
"Timer for 'StorageContainerManager' metrics system" daemon prio=5 tid=113 timed_waiting
java.lang.Thread.State: TIMED_WAITING
        at java.base@21.0.5/java.lang.Object.wait0(Native Method)
        at java.base@21.0.5/java.lang.Object.wait(Object.java:366)
        at java.base@21.0.5/java.util.TimerThread.mainLoop(Timer.java:563)
        at java.base@21.0.5/java.util.TimerThread.run(Timer.java:516)
"3296053d-9d54-4057-a6a8-67c4b6ec6587-server-thread1" daemon prio=5 tid=1883 timed_waiting
java.lang.Thread.State: TIMED_WAITING
        at java.base@21.0.5/jdk.internal.misc.Unsafe.park(Native Method)
        at java.base@21.0.5/java.util.concurrent.locks.LockSupport.parkNanos(LockSupport.java:410)
        at java.base@21.0.5/java.util.concurrent.LinkedTransferQueue$DualNode.await(LinkedTransferQueue.java:452)
        at java.base@21.0.5/java.util.concurrent.SynchronousQueue$Transferer.xferLifo(SynchronousQueue.java:194)
        at java.base@21.0.5/java.util.concurrent.SynchronousQueue.xfer(SynchronousQueue.java:235)
        at java.base@21.0.5/java.util.concurrent.SynchronousQueue.poll(SynchronousQueue.java:338)
        at java.base@21.0.5/java.util.concurrent.ThreadPoolExecutor.getTask(ThreadPoolExecutor.java:1069)
        at java.base@21.0.5/java.util.concurrent.ThreadPoolExecutor.runWorker(ThreadPoolExecutor.java:1130)
        at java.base@21.0.5/java.util.concurrent.ThreadPoolExecutor$Worker.run(ThreadPoolExecutor.java:642)
        at java.base@21.0.5/java.lang.Thread.runWith(Thread.java:1596)
        at java.base@21.0.5/java.lang.Thread.run(Thread.java:1583)
"26f755b0-b4b1-4239-8401-e418fca9ef4b-ChunkReader-5" daemon prio=5 tid=2869 in Object.wait()
java.lang.Thread.State: WAITING (on object monitor)
        at java.base@21.0.5/jdk.internal.misc.Unsafe.park(Native Method)
        at java.base@21.0.5/java.util.concurrent.locks.LockSupport.park(LockSupport.java:371)
        at java.base@21.0.5/java.util.concurrent.locks.AbstractQueuedSynchronizer$ConditionNode.block(AbstractQueuedSynchronizer.java:519)
        at java.base@21.0.5/java.util.concurrent.ForkJoinPool.unmanagedBlock(ForkJoinPool.java:3780)
        at java.base@21.0.5/java.util.concurrent.ForkJoinPool.managedBlock(ForkJoinPool.java:3725)
        at java.base@21.0.5/java.util.concurrent.locks.AbstractQueuedSynchronizer$ConditionObject.await(AbstractQueuedSynchronizer.java:1712)
        at java.base@21.0.5/java.util.concurrent.LinkedBlockingQueue.take(LinkedBlockingQueue.java:435)
        at java.base@21.0.5/java.util.concurrent.ThreadPoolExecutor.getTask(ThreadPoolExecutor.java:1070)
        at java.base@21.0.5/java.util.concurrent.ThreadPoolExecutor.runWorker(ThreadPoolExecutor.java:1130)
        at java.base@21.0.5/java.util.concurrent.ThreadPoolExecutor$Worker.run(ThreadPoolExecutor.java:642)
        at java.base@21.0.5/java.lang.Thread.runWith(Thread.java:1596)
        at java.base@21.0.5/java.lang.Thread.run(Thread.java:1583)
"3296053d-9d54-4057-a6a8-67c4b6ec6587-ChunkReader-5" daemon prio=5 tid=2469 in Object.wait()
java.lang.Thread.State: WAITING (on object monitor)
        at java.base@21.0.5/jdk.internal.misc.Unsafe.park(Native Method)
        at java.base@21.0.5/java.util.concurrent.locks.LockSupport.park(LockSupport.java:371)
        at java.base@21.0.5/java.util.concurrent.locks.AbstractQueuedSynchronizer$ConditionNode.block(AbstractQueuedSynchronizer.java:519)
        at java.base@21.0.5/java.util.concurrent.ForkJoinPool.unmanagedBlock(ForkJoinPool.java:3780)
        at java.base@21.0.5/java.util.concurrent.ForkJoinPool.managedBlock(ForkJoinPool.java:3725)
        at java.base@21.0.5/java.util.concurrent.locks.AbstractQueuedSynchronizer$ConditionObject.await(AbstractQueuedSynchronizer.java:1712)
        at java.base@21.0.5/java.util.concurrent.LinkedBlockingQueue.take(LinkedBlockingQueue.java:435)
        at java.base@21.0.5/java.util.concurrent.ThreadPoolExecutor.getTask(ThreadPoolExecutor.java:1070)
        at java.base@21.0.5/java.util.concurrent.ThreadPoolExecutor.runWorker(ThreadPoolExecutor.java:1130)
        at java.base@21.0.5/java.util.concurrent.ThreadPoolExecutor$Worker.run(ThreadPoolExecutor.java:642)
        at java.base@21.0.5/java.lang.Thread.runWith(Thread.java:1596)
        at java.base@21.0.5/java.lang.Thread.run(Thread.java:1583)
"prometheus" daemon prio=5 tid=326 in Object.wait()
java.lang.Thread.State: WAITING (on object monitor)
        at java.base@21.0.5/java.lang.Object.wait0(Native Method)
        at java.base@21.0.5/java.lang.Object.wait(Object.java:366)
        at java.base@21.0.5/java.lang.Object.wait(Object.java:339)
        at app//org.apache.hadoop.metrics2.impl.SinkQueue.waitForData(SinkQueue.java:114)
        at app//org.apache.hadoop.metrics2.impl.SinkQueue.consumeAll(SinkQueue.java:83)
        at app//org.apache.hadoop.metrics2.impl.MetricsSinkAdapter.publishMetricsFromQueue(MetricsSinkAdapter.java:135)
        at app//org.apache.hadoop.metrics2.impl.MetricsSinkAdapter$1.run(MetricsSinkAdapter.java:89)
"IPC Server handler 86 on default port 15002" daemon prio=5 tid=418 timed_waiting
java.lang.Thread.State: TIMED_WAITING
        at java.base@21.0.5/jdk.internal.misc.Unsafe.park(Native Method)
        at java.base@21.0.5/java.util.concurrent.locks.LockSupport.parkNanos(LockSupport.java:269)
        at java.base@21.0.5/java.util.concurrent.locks.AbstractQueuedSynchronizer$ConditionObject.awaitNanos(AbstractQueuedSynchronizer.java:1763)
        at java.base@21.0.5/java.util.concurrent.LinkedBlockingQueue.poll(LinkedBlockingQueue.java:460)
        at app//org.apache.hadoop.ipc.CallQueueManager.take(CallQueueManager.java:370)
        at app//org.apache.hadoop.ipc.Server$Handler.run(Server.java:3165)
"IPC Server handler 11 on default port 15006" daemon prio=5 tid=502 timed_waiting
java.lang.Thread.State: TIMED_WAITING
        at java.base@21.0.5/jdk.internal.misc.Unsafe.park(Native Method)
        at java.base@21.0.5/java.util.concurrent.locks.LockSupport.parkNanos(LockSupport.java:269)
        at java.base@21.0.5/java.util.concurrent.locks.AbstractQueuedSynchronizer$ConditionObject.awaitNanos(AbstractQueuedSynchronizer.java:1763)
        at java.base@21.0.5/java.util.concurrent.LinkedBlockingQueue.poll(LinkedBlockingQueue.java:460)
        at app//org.apache.hadoop.ipc.CallQueueManager.take(CallQueueManager.java:370)
        at app//org.apache.hadoop.ipc.Server$Handler.run(Server.java:3165)
"Socket Reader #2 for port 15000"  prio=5 tid=85 runnable
java.lang.Thread.State: RUNNABLE
        at java.base@21.0.5/sun.nio.ch.EPoll.wait(Native Method)
        at java.base@21.0.5/sun.nio.ch.EPollSelectorImpl.doSelect(EPollSelectorImpl.java:121)
        at java.base@21.0.5/sun.nio.ch.SelectorImpl.lockAndDoSelect(SelectorImpl.java:130)
        at java.base@21.0.5/sun.nio.ch.SelectorImpl.select(SelectorImpl.java:147)
        at app//org.apache.hadoop.ipc.Server$Listener$Reader.doRunLoop(Server.java:1497)
        at app//org.apache.hadoop.ipc.Server$Listener$Reader.run(Server.java:1476)
"IPC Server handler 88 on default port 15002" daemon prio=5 tid=420 timed_waiting
java.lang.Thread.State: TIMED_WAITING
        at java.base@21.0.5/jdk.internal.misc.Unsafe.park(Native Method)
        at java.base@21.0.5/java.util.concurrent.locks.LockSupport.parkNanos(LockSupport.java:269)
        at java.base@21.0.5/java.util.concurrent.locks.AbstractQueuedSynchronizer$ConditionObject.awaitNanos(AbstractQueuedSynchronizer.java:1763)
        at java.base@21.0.5/java.util.concurrent.LinkedBlockingQueue.poll(LinkedBlockingQueue.java:460)
        at app//org.apache.hadoop.ipc.CallQueueManager.take(CallQueueManager.java:370)
        at app//org.apache.hadoop.ipc.Server$Handler.run(Server.java:3165)
"Socket Reader #2 for port 15001"  prio=5 tid=71 runnable
java.lang.Thread.State: RUNNABLE
        at java.base@21.0.5/sun.nio.ch.EPoll.wait(Native Method)
        at java.base@21.0.5/sun.nio.ch.EPollSelectorImpl.doSelect(EPollSelectorImpl.java:121)
        at java.base@21.0.5/sun.nio.ch.SelectorImpl.lockAndDoSelect(SelectorImpl.java:130)
        at java.base@21.0.5/sun.nio.ch.SelectorImpl.select(SelectorImpl.java:147)
        at app//org.apache.hadoop.ipc.Server$Listener$Reader.doRunLoop(Server.java:1497)
        at app//org.apache.hadoop.ipc.Server$Listener$Reader.run(Server.java:1476)
"pool-64-thread-1"  prio=5 tid=481 timed_waiting
java.lang.Thread.State: TIMED_WAITING
        at java.base@21.0.5/jdk.internal.misc.Unsafe.park(Native Method)
        at java.base@21.0.5/java.util.concurrent.locks.LockSupport.parkNanos(LockSupport.java:269)
        at java.base@21.0.5/java.util.concurrent.locks.AbstractQueuedSynchronizer$ConditionObject.awaitNanos(AbstractQueuedSynchronizer.java:1763)
        at java.base@21.0.5/java.util.concurrent.ScheduledThreadPoolExecutor$DelayedWorkQueue.take(ScheduledThreadPoolExecutor.java:1182)
        at java.base@21.0.5/java.util.concurrent.ScheduledThreadPoolExecutor$DelayedWorkQueue.take(ScheduledThreadPoolExecutor.java:899)
        at java.base@21.0.5/java.util.concurrent.ThreadPoolExecutor.getTask(ThreadPoolExecutor.java:1070)
        at java.base@21.0.5/java.util.concurrent.ThreadPoolExecutor.runWorker(ThreadPoolExecutor.java:1130)
        at java.base@21.0.5/java.util.concurrent.ThreadPoolExecutor$Worker.run(ThreadPoolExecutor.java:642)
        at java.base@21.0.5/java.lang.Thread.runWith(Thread.java:1596)
        at java.base@21.0.5/java.lang.Thread.run(Thread.java:1583)
"qtp1778430092-611" daemon prio=5 tid=611 runnable
java.lang.Thread.State: RUNNABLE
        at java.base@21.0.5/sun.nio.ch.EPoll.wait(Native Method)
        at java.base@21.0.5/sun.nio.ch.EPollSelectorImpl.doSelect(EPollSelectorImpl.java:121)
        at java.base@21.0.5/sun.nio.ch.SelectorImpl.lockAndDoSelect(SelectorImpl.java:130)
        at java.base@21.0.5/sun.nio.ch.SelectorImpl.select(SelectorImpl.java:147)
        at app//org.eclipse.jetty.io.ManagedSelector.nioSelect(ManagedSelector.java:183)
        at app//org.eclipse.jetty.io.ManagedSelector.select(ManagedSelector.java:190)
        at app//org.eclipse.jetty.io.ManagedSelector$SelectorProducer.select(ManagedSelector.java:606)
        at app//org.eclipse.jetty.io.ManagedSelector$SelectorProducer.produce(ManagedSelector.java:543)
        at app//org.eclipse.jetty.util.thread.strategy.EatWhatYouKill.produceTask(EatWhatYouKill.java:362)
        at app//org.eclipse.jetty.util.thread.strategy.EatWhatYouKill.doProduce(EatWhatYouKill.java:186)
        at app//org.eclipse.jetty.util.thread.strategy.EatWhatYouKill.tryProduce(EatWhatYouKill.java:173)
        at app//org.eclipse.jetty.util.thread.strategy.EatWhatYouKill.produce(EatWhatYouKill.java:137)
        at app//org.eclipse.jetty.io.ManagedSelector$$Lambda/0x00007fd9cc65d0d0.run(Unknown Source)
        at app//org.eclipse.jetty.util.thread.QueuedThreadPool.runJob(QueuedThreadPool.java:883)
        at app//org.eclipse.jetty.util.thread.QueuedThreadPool$Runner.run(QueuedThreadPool.java:1034)
        at java.base@21.0.5/java.lang.Thread.runWith(Thread.java:1596)
        at java.base@21.0.5/java.lang.Thread.run(Thread.java:1583)
"4b5ea8a3-88a5-4114-908f-7a85f39bc1cb@group-1CB239B5D031-FollowerState" daemon prio=5 tid=1907 timed_waiting
java.lang.Thread.State: TIMED_WAITING
        at java.base@21.0.5/java.lang.Thread.sleep0(Native Method)
        at java.base@21.0.5/java.lang.Thread.sleep(Thread.java:558)
        at java.base@21.0.5/java.util.concurrent.TimeUnit.sleep(TimeUnit.java:446)
        at app//org.apache.ratis.util.TimeDuration.sleep(TimeDuration.java:353)
        at app//org.apache.ratis.util.TimeDuration.sleep(TimeDuration.java:338)
        at app//org.apache.ratis.server.impl.FollowerState.runImpl(FollowerState.java:149)
        at app//org.apache.ratis.server.impl.FollowerState.run(FollowerState.java:130)
"StaleRecoveringContainerScrubbingService#0" daemon prio=5 tid=1065 in Object.wait()
java.lang.Thread.State: WAITING (on object monitor)
        at java.base@21.0.5/jdk.internal.misc.Unsafe.park(Native Method)
        at java.base@21.0.5/java.util.concurrent.locks.LockSupport.park(LockSupport.java:371)
        at java.base@21.0.5/java.util.concurrent.locks.AbstractQueuedSynchronizer$ConditionNode.block(AbstractQueuedSynchronizer.java:519)
        at java.base@21.0.5/java.util.concurrent.ForkJoinPool.unmanagedBlock(ForkJoinPool.java:3780)
        at java.base@21.0.5/java.util.concurrent.ForkJoinPool.managedBlock(ForkJoinPool.java:3725)
        at java.base@21.0.5/java.util.concurrent.locks.AbstractQueuedSynchronizer$ConditionObject.await(AbstractQueuedSynchronizer.java:1712)
        at java.base@21.0.5/java.util.concurrent.ScheduledThreadPoolExecutor$DelayedWorkQueue.take(ScheduledThreadPoolExecutor.java:1177)
        at java.base@21.0.5/java.util.concurrent.ScheduledThreadPoolExecutor$DelayedWorkQueue.take(ScheduledThreadPoolExecutor.java:899)
        at java.base@21.0.5/java.util.concurrent.ThreadPoolExecutor.getTask(ThreadPoolExecutor.java:1070)
        at java.base@21.0.5/java.util.concurrent.ThreadPoolExecutor.runWorker(ThreadPoolExecutor.java:1130)
        at java.base@21.0.5/java.util.concurrent.ThreadPoolExecutor$Worker.run(ThreadPoolExecutor.java:642)
        at java.base@21.0.5/java.lang.Thread.runWith(Thread.java:1596)
        at java.base@21.0.5/java.lang.Thread.run(Thread.java:1583)
"Socket Reader #2 for port 15030"  prio=5 tid=623 runnable
java.lang.Thread.State: RUNNABLE
        at java.base@21.0.5/sun.nio.ch.EPoll.wait(Native Method)
        at java.base@21.0.5/sun.nio.ch.EPollSelectorImpl.doSelect(EPollSelectorImpl.java:121)
        at java.base@21.0.5/sun.nio.ch.SelectorImpl.lockAndDoSelect(SelectorImpl.java:130)
        at java.base@21.0.5/sun.nio.ch.SelectorImpl.select(SelectorImpl.java:147)
        at app//org.apache.hadoop.ipc.Server$Listener$Reader.doRunLoop(Server.java:1497)
        at app//org.apache.hadoop.ipc.Server$Listener$Reader.run(Server.java:1476)
"qtp996171897-661" daemon prio=5 tid=661 timed_waiting
java.lang.Thread.State: TIMED_WAITING
        at java.base@21.0.5/jdk.internal.misc.Unsafe.park(Native Method)
        at java.base@21.0.5/java.util.concurrent.locks.LockSupport.parkNanos(LockSupport.java:269)
        at java.base@21.0.5/java.util.concurrent.locks.AbstractQueuedSynchronizer$ConditionObject.awaitNanos(AbstractQueuedSynchronizer.java:1763)
        at app//org.eclipse.jetty.util.BlockingArrayQueue.poll(BlockingArrayQueue.java:382)
        at app//org.eclipse.jetty.util.thread.QueuedThreadPool$Runner.idleJobPoll(QueuedThreadPool.java:974)
        at app//org.eclipse.jetty.util.thread.QueuedThreadPool$Runner.run(QueuedThreadPool.java:1018)
        at java.base@21.0.5/java.lang.Thread.runWith(Thread.java:1596)
        at java.base@21.0.5/java.lang.Thread.run(Thread.java:1583)
"4b5ea8a3-88a5-4114-908f-7a85f39bc1cb@group-EF3CB8D23BF9-cacheEviction-AwaitToRun" daemon prio=5 tid=1281 in Object.wait()
java.lang.Thread.State: WAITING (on object monitor)
        at java.base@21.0.5/jdk.internal.misc.Unsafe.park(Native Method)
        at java.base@21.0.5/java.util.concurrent.locks.LockSupport.park(LockSupport.java:371)
        at java.base@21.0.5/java.util.concurrent.locks.AbstractQueuedSynchronizer$ConditionNode.block(AbstractQueuedSynchronizer.java:519)
        at java.base@21.0.5/java.util.concurrent.ForkJoinPool.unmanagedBlock(ForkJoinPool.java:3780)
        at java.base@21.0.5/java.util.concurrent.ForkJoinPool.managedBlock(ForkJoinPool.java:3725)
        at java.base@21.0.5/java.util.concurrent.locks.AbstractQueuedSynchronizer$ConditionObject.await(AbstractQueuedSynchronizer.java:1712)
        at app//org.apache.ratis.util.AwaitForSignal.await(AwaitForSignal.java:48)
        at app//org.apache.ratis.util.AwaitToRun$RunnableImpl.run(AwaitToRun.java:47)
        at java.base@21.0.5/java.lang.Thread.runWith(Thread.java:1596)
        at java.base@21.0.5/java.lang.Thread.run(Thread.java:1583)
"IPC Server handler 2 on default port 15048" daemon prio=5 tid=729 timed_waiting
java.lang.Thread.State: TIMED_WAITING
        at java.base@21.0.5/jdk.internal.misc.Unsafe.park(Native Method)
        at java.base@21.0.5/java.util.concurrent.locks.LockSupport.parkNanos(LockSupport.java:269)
        at java.base@21.0.5/java.util.concurrent.locks.AbstractQueuedSynchronizer$ConditionObject.awaitNanos(AbstractQueuedSynchronizer.java:1763)
        at java.base@21.0.5/java.util.concurrent.LinkedBlockingQueue.poll(LinkedBlockingQueue.java:460)
        at app//org.apache.hadoop.ipc.CallQueueManager.take(CallQueueManager.java:370)
        at app//org.apache.hadoop.ipc.Server$Handler.run(Server.java:3165)
"79978ed1-1a5c-4832-b584-9e2d85f03cd7@group-AE8CA6FC1197-SegmentedRaftLogWorker"  prio=5 tid=1238 timed_waiting
java.lang.Thread.State: TIMED_WAITING
        at java.base@21.0.5/jdk.internal.misc.Unsafe.park(Native Method)
        at java.base@21.0.5/java.util.concurrent.locks.LockSupport.parkNanos(LockSupport.java:269)
        at java.base@21.0.5/java.util.concurrent.locks.AbstractQueuedSynchronizer$ConditionObject.awaitNanos(AbstractQueuedSynchronizer.java:1763)
        at app//org.apache.ratis.util.DataBlockingQueue.poll(DataBlockingQueue.java:148)
        at app//org.apache.ratis.server.raftlog.segmented.SegmentedRaftLogWorker.run(SegmentedRaftLogWorker.java:307)
        at app//org.apache.ratis.server.raftlog.segmented.SegmentedRaftLogWorker$$Lambda/0x00007fd9cc334298.run(Unknown Source)
        at java.base@21.0.5/java.util.concurrent.Executors$RunnableAdapter.call(Executors.java:572)
        at java.base@21.0.5/java.util.concurrent.FutureTask.run(FutureTask.java:317)
        at java.base@21.0.5/java.util.concurrent.ThreadPoolExecutor.runWorker(ThreadPoolExecutor.java:1144)
        at java.base@21.0.5/java.util.concurrent.ThreadPoolExecutor$Worker.run(ThreadPoolExecutor.java:642)
        at java.base@21.0.5/java.lang.Thread.runWith(Thread.java:1596)
        at java.base@21.0.5/java.lang.Thread.run(Thread.java:1583)
"org.apache.hadoop.ozone.container.common.statemachine.commandhandler.DeleteBlocksCommandHandler$DeleteCmdWorker@44c3fef4" daemon prio=5 tid=2480 timed_waiting
java.lang.Thread.State: TIMED_WAITING
        at java.base@21.0.5/java.lang.Thread.sleep0(Native Method)
        at java.base@21.0.5/java.lang.Thread.sleep(Thread.java:509)
        at app//org.apache.hadoop.ozone.container.common.statemachine.commandhandler.DeleteBlocksCommandHandler$DeleteCmdWorker.run(DeleteBlocksCommandHandler.java:264)
        at java.base@21.0.5/java.lang.Thread.runWith(Thread.java:1596)
        at java.base@21.0.5/java.lang.Thread.run(Thread.java:1583)
"02fc1759-725d-47af-8349-873c9c5c9167-server-thread2" daemon prio=5 tid=2211 timed_waiting
java.lang.Thread.State: TIMED_WAITING
        at java.base@21.0.5/jdk.internal.misc.Unsafe.park(Native Method)
        at java.base@21.0.5/java.util.concurrent.locks.LockSupport.parkNanos(LockSupport.java:410)
        at java.base@21.0.5/java.util.concurrent.LinkedTransferQueue$DualNode.await(LinkedTransferQueue.java:452)
        at java.base@21.0.5/java.util.concurrent.SynchronousQueue$Transferer.xferLifo(SynchronousQueue.java:194)
        at java.base@21.0.5/java.util.concurrent.SynchronousQueue.xfer(SynchronousQueue.java:235)
        at java.base@21.0.5/java.util.concurrent.SynchronousQueue.poll(SynchronousQueue.java:338)
        at java.base@21.0.5/java.util.concurrent.ThreadPoolExecutor.getTask(ThreadPoolExecutor.java:1069)
        at java.base@21.0.5/java.util.concurrent.ThreadPoolExecutor.runWorker(ThreadPoolExecutor.java:1130)
        at java.base@21.0.5/java.util.concurrent.ThreadPoolExecutor$Worker.run(ThreadPoolExecutor.java:642)
        at java.base@21.0.5/java.lang.Thread.runWith(Thread.java:1596)
        at java.base@21.0.5/java.lang.Thread.run(Thread.java:1583)
"26f755b0-b4b1-4239-8401-e418fca9ef4b-ChunkReader-7" daemon prio=5 tid=2871 in Object.wait()
java.lang.Thread.State: WAITING (on object monitor)
        at java.base@21.0.5/jdk.internal.misc.Unsafe.park(Native Method)
        at java.base@21.0.5/java.util.concurrent.locks.LockSupport.park(LockSupport.java:371)
        at java.base@21.0.5/java.util.concurrent.locks.AbstractQueuedSynchronizer$ConditionNode.block(AbstractQueuedSynchronizer.java:519)
        at java.base@21.0.5/java.util.concurrent.ForkJoinPool.unmanagedBlock(ForkJoinPool.java:3780)
        at java.base@21.0.5/java.util.concurrent.ForkJoinPool.managedBlock(ForkJoinPool.java:3725)
        at java.base@21.0.5/java.util.concurrent.locks.AbstractQueuedSynchronizer$ConditionObject.await(AbstractQueuedSynchronizer.java:1712)
        at java.base@21.0.5/java.util.concurrent.LinkedBlockingQueue.take(LinkedBlockingQueue.java:435)
        at java.base@21.0.5/java.util.concurrent.ThreadPoolExecutor.getTask(ThreadPoolExecutor.java:1070)
        at java.base@21.0.5/java.util.concurrent.ThreadPoolExecutor.runWorker(ThreadPoolExecutor.java:1130)
        at java.base@21.0.5/java.util.concurrent.ThreadPoolExecutor$Worker.run(ThreadPoolExecutor.java:642)
        at java.base@21.0.5/java.lang.Thread.runWith(Thread.java:1596)
        at java.base@21.0.5/java.lang.Thread.run(Thread.java:1583)
"IPC Server handler 38 on default port 15001" daemon prio=5 tid=252 timed_waiting
java.lang.Thread.State: TIMED_WAITING
        at java.base@21.0.5/jdk.internal.misc.Unsafe.park(Native Method)
        at java.base@21.0.5/java.util.concurrent.locks.LockSupport.parkNanos(LockSupport.java:269)
        at java.base@21.0.5/java.util.concurrent.locks.AbstractQueuedSynchronizer$ConditionObject.awaitNanos(AbstractQueuedSynchronizer.java:1763)
        at java.base@21.0.5/java.util.concurrent.LinkedBlockingQueue.poll(LinkedBlockingQueue.java:460)
        at app//org.apache.hadoop.ipc.CallQueueManager.take(CallQueueManager.java:370)
        at app//org.apache.hadoop.ipc.Server$Handler.run(Server.java:3165)
"MutableQuantiles-0" daemon prio=5 tid=512 timed_waiting
java.lang.Thread.State: TIMED_WAITING
        at java.base@21.0.5/jdk.internal.misc.Unsafe.park(Native Method)
        at java.base@21.0.5/java.util.concurrent.locks.LockSupport.parkNanos(LockSupport.java:269)
        at java.base@21.0.5/java.util.concurrent.locks.AbstractQueuedSynchronizer$ConditionObject.awaitNanos(AbstractQueuedSynchronizer.java:1763)
        at java.base@21.0.5/java.util.concurrent.ScheduledThreadPoolExecutor$DelayedWorkQueue.take(ScheduledThreadPoolExecutor.java:1182)
        at java.base@21.0.5/java.util.concurrent.ScheduledThreadPoolExecutor$DelayedWorkQueue.take(ScheduledThreadPoolExecutor.java:899)
        at java.base@21.0.5/java.util.concurrent.ThreadPoolExecutor.getTask(ThreadPoolExecutor.java:1070)
        at java.base@21.0.5/java.util.concurrent.ThreadPoolExecutor.runWorker(ThreadPoolExecutor.java:1130)
        at java.base@21.0.5/java.util.concurrent.ThreadPoolExecutor$Worker.run(ThreadPoolExecutor.java:642)
        at java.base@21.0.5/java.lang.Thread.runWith(Thread.java:1596)
        at java.base@21.0.5/java.lang.Thread.run(Thread.java:1583)
"IPC Server handler 44 on default port 15000" daemon prio=5 tid=158 timed_waiting
java.lang.Thread.State: TIMED_WAITING
        at java.base@21.0.5/jdk.internal.misc.Unsafe.park(Native Method)
        at java.base@21.0.5/java.util.concurrent.locks.LockSupport.parkNanos(LockSupport.java:269)
        at java.base@21.0.5/java.util.concurrent.locks.AbstractQueuedSynchronizer$ConditionObject.awaitNanos(AbstractQueuedSynchronizer.java:1763)
        at java.base@21.0.5/java.util.concurrent.LinkedBlockingQueue.poll(LinkedBlockingQueue.java:460)
        at app//org.apache.hadoop.ipc.CallQueueManager.take(CallQueueManager.java:370)
        at app//org.apache.hadoop.ipc.Server$Handler.run(Server.java:3165)
"b6b79d51-52d7-4711-a690-06a51533978a-ChunkWriter-2-0" daemon prio=5 tid=1060 in Object.wait()
java.lang.Thread.State: WAITING (on object monitor)
        at java.base@21.0.5/jdk.internal.misc.Unsafe.park(Native Method)
        at java.base@21.0.5/java.util.concurrent.locks.LockSupport.park(LockSupport.java:371)
        at java.base@21.0.5/java.util.concurrent.locks.AbstractQueuedSynchronizer$ConditionNode.block(AbstractQueuedSynchronizer.java:519)
        at java.base@21.0.5/java.util.concurrent.ForkJoinPool.unmanagedBlock(ForkJoinPool.java:3780)
        at java.base@21.0.5/java.util.concurrent.ForkJoinPool.managedBlock(ForkJoinPool.java:3725)
        at java.base@21.0.5/java.util.concurrent.locks.AbstractQueuedSynchronizer$ConditionObject.await(AbstractQueuedSynchronizer.java:1712)
        at java.base@21.0.5/java.util.concurrent.LinkedBlockingDeque.takeFirst(LinkedBlockingDeque.java:485)
        at java.base@21.0.5/java.util.concurrent.LinkedBlockingDeque.take(LinkedBlockingDeque.java:673)
        at java.base@21.0.5/java.util.concurrent.ThreadPoolExecutor.getTask(ThreadPoolExecutor.java:1070)
        at java.base@21.0.5/java.util.concurrent.ThreadPoolExecutor.runWorker(ThreadPoolExecutor.java:1130)
        at java.base@21.0.5/java.util.concurrent.ThreadPoolExecutor$Worker.run(ThreadPoolExecutor.java:642)
        at java.base@21.0.5/java.lang.Thread.runWith(Thread.java:1596)
        at java.base@21.0.5/java.lang.Thread.run(Thread.java:1583)
"IPC Server handler 3 on default port 15075" daemon prio=5 tid=2508 timed_waiting
java.lang.Thread.State: TIMED_WAITING
        at java.base@21.0.5/jdk.internal.misc.Unsafe.park(Native Method)
        at java.base@21.0.5/java.util.concurrent.locks.LockSupport.parkNanos(LockSupport.java:269)
        at java.base@21.0.5/java.util.concurrent.locks.AbstractQueuedSynchronizer$ConditionObject.awaitNanos(AbstractQueuedSynchronizer.java:1763)
        at java.base@21.0.5/java.util.concurrent.LinkedBlockingQueue.poll(LinkedBlockingQueue.java:460)
        at app//org.apache.hadoop.ipc.CallQueueManager.take(CallQueueManager.java:370)
        at app//org.apache.hadoop.ipc.Server$Handler.run(Server.java:3165)
"ac32094a-198b-4072-99dd-552311e88daf@group-B4DF6D08F4AD-SegmentedRaftLogWorker" daemon prio=5 tid=1709 timed_waiting
java.lang.Thread.State: TIMED_WAITING
        at java.base@21.0.5/jdk.internal.misc.Unsafe.park(Native Method)
        at java.base@21.0.5/java.util.concurrent.locks.LockSupport.parkNanos(LockSupport.java:269)
        at java.base@21.0.5/java.util.concurrent.locks.AbstractQueuedSynchronizer$ConditionObject.awaitNanos(AbstractQueuedSynchronizer.java:1763)
        at app//org.apache.ratis.util.DataBlockingQueue.poll(DataBlockingQueue.java:148)
        at app//org.apache.ratis.server.raftlog.segmented.SegmentedRaftLogWorker.run(SegmentedRaftLogWorker.java:307)
        at app//org.apache.ratis.server.raftlog.segmented.SegmentedRaftLogWorker$$Lambda/0x00007fd9cc334298.run(Unknown Source)
        at java.base@21.0.5/java.util.concurrent.Executors$RunnableAdapter.call(Executors.java:572)
        at java.base@21.0.5/java.util.concurrent.FutureTask.run(FutureTask.java:317)
        at java.base@21.0.5/java.util.concurrent.ThreadPoolExecutor.runWorker(ThreadPoolExecutor.java:1144)
        at java.base@21.0.5/java.util.concurrent.ThreadPoolExecutor$Worker.run(ThreadPoolExecutor.java:642)
        at java.base@21.0.5/java.lang.Thread.runWith(Thread.java:1596)
        at java.base@21.0.5/java.lang.Thread.run(Thread.java:1583)
"b6b79d51-52d7-4711-a690-06a51533978a@group-AC937E2D10C4-StateMachineUpdater" daemon prio=5 tid=1375 timed_waiting
java.lang.Thread.State: TIMED_WAITING
        at java.base@21.0.5/jdk.internal.misc.Unsafe.park(Native Method)
        at java.base@21.0.5/java.util.concurrent.locks.LockSupport.parkNanos(LockSupport.java:269)
        at java.base@21.0.5/java.util.concurrent.locks.AbstractQueuedSynchronizer$ConditionObject.await(AbstractQueuedSynchronizer.java:1852)
        at app//org.apache.ratis.util.AwaitForSignal.await(AwaitForSignal.java:65)
        at app//org.apache.ratis.server.impl.StateMachineUpdater.waitForCommit(StateMachineUpdater.java:219)
        at app//org.apache.ratis.server.impl.StateMachineUpdater.run(StateMachineUpdater.java:187)
        at java.base@21.0.5/java.lang.Thread.runWith(Thread.java:1596)
        at java.base@21.0.5/java.lang.Thread.run(Thread.java:1583)
"IPC Server handler 28 on default port 15000" daemon prio=5 tid=142 timed_waiting
java.lang.Thread.State: TIMED_WAITING
        at java.base@21.0.5/jdk.internal.misc.Unsafe.park(Native Method)
        at java.base@21.0.5/java.util.concurrent.locks.LockSupport.parkNanos(LockSupport.java:269)
        at java.base@21.0.5/java.util.concurrent.locks.AbstractQueuedSynchronizer$ConditionObject.awaitNanos(AbstractQueuedSynchronizer.java:1763)
        at java.base@21.0.5/java.util.concurrent.LinkedBlockingQueue.poll(LinkedBlockingQueue.java:460)
        at app//org.apache.hadoop.ipc.CallQueueManager.take(CallQueueManager.java:370)
        at app//org.apache.hadoop.ipc.Server$Handler.run(Server.java:3165)
"02fc1759-725d-47af-8349-873c9c5c9167-groupManagement"  prio=5 tid=1191 in Object.wait()
java.lang.Thread.State: WAITING (on object monitor)
        at java.base@21.0.5/jdk.internal.misc.Unsafe.park(Native Method)
        at java.base@21.0.5/java.util.concurrent.locks.LockSupport.park(LockSupport.java:371)
        at java.base@21.0.5/java.util.concurrent.locks.AbstractQueuedSynchronizer$ConditionNode.block(AbstractQueuedSynchronizer.java:519)
        at java.base@21.0.5/java.util.concurrent.ForkJoinPool.unmanagedBlock(ForkJoinPool.java:3780)
        at java.base@21.0.5/java.util.concurrent.ForkJoinPool.managedBlock(ForkJoinPool.java:3725)
        at java.base@21.0.5/java.util.concurrent.locks.AbstractQueuedSynchronizer$ConditionObject.await(AbstractQueuedSynchronizer.java:1712)
        at java.base@21.0.5/java.util.concurrent.LinkedBlockingQueue.take(LinkedBlockingQueue.java:435)
        at java.base@21.0.5/java.util.concurrent.ThreadPoolExecutor.getTask(ThreadPoolExecutor.java:1070)
        at java.base@21.0.5/java.util.concurrent.ThreadPoolExecutor.runWorker(ThreadPoolExecutor.java:1130)
        at java.base@21.0.5/java.util.concurrent.ThreadPoolExecutor$Worker.run(ThreadPoolExecutor.java:642)
        at java.base@21.0.5/java.lang.Thread.runWith(Thread.java:1596)
        at java.base@21.0.5/java.lang.Thread.run(Thread.java:1583)
"IPC Server handler 4 on default port 15093" daemon prio=5 tid=1019 timed_waiting
java.lang.Thread.State: TIMED_WAITING
        at java.base@21.0.5/jdk.internal.misc.Unsafe.park(Native Method)
        at java.base@21.0.5/java.util.concurrent.locks.LockSupport.parkNanos(LockSupport.java:269)
        at java.base@21.0.5/java.util.concurrent.locks.AbstractQueuedSynchronizer$ConditionObject.awaitNanos(AbstractQueuedSynchronizer.java:1763)
        at java.base@21.0.5/java.util.concurrent.LinkedBlockingQueue.poll(LinkedBlockingQueue.java:460)
        at app//org.apache.hadoop.ipc.CallQueueManager.take(CallQueueManager.java:370)
        at app//org.apache.hadoop.ipc.Server$Handler.run(Server.java:3165)
"3296053d-9d54-4057-a6a8-67c4b6ec6587@group-8D64113706DD-StateMachineUpdater" daemon prio=5 tid=1388 timed_waiting
java.lang.Thread.State: TIMED_WAITING
        at java.base@21.0.5/jdk.internal.misc.Unsafe.park(Native Method)
        at java.base@21.0.5/java.util.concurrent.locks.LockSupport.parkNanos(LockSupport.java:269)
        at java.base@21.0.5/java.util.concurrent.locks.AbstractQueuedSynchronizer$ConditionObject.await(AbstractQueuedSynchronizer.java:1852)
        at app//org.apache.ratis.util.AwaitForSignal.await(AwaitForSignal.java:65)
        at app//org.apache.ratis.server.impl.StateMachineUpdater.waitForCommit(StateMachineUpdater.java:219)
        at app//org.apache.ratis.server.impl.StateMachineUpdater.run(StateMachineUpdater.java:187)
        at java.base@21.0.5/java.lang.Thread.runWith(Thread.java:1596)
        at java.base@21.0.5/java.lang.Thread.run(Thread.java:1583)
"StaleRecoveringContainerScrubbingService#0" daemon prio=5 tid=1047 in Object.wait()
java.lang.Thread.State: WAITING (on object monitor)
        at java.base@21.0.5/jdk.internal.misc.Unsafe.park(Native Method)
        at java.base@21.0.5/java.util.concurrent.locks.LockSupport.park(LockSupport.java:371)
        at java.base@21.0.5/java.util.concurrent.locks.AbstractQueuedSynchronizer$ConditionNode.block(AbstractQueuedSynchronizer.java:519)
        at java.base@21.0.5/java.util.concurrent.ForkJoinPool.unmanagedBlock(ForkJoinPool.java:3780)
        at java.base@21.0.5/java.util.concurrent.ForkJoinPool.managedBlock(ForkJoinPool.java:3725)
        at java.base@21.0.5/java.util.concurrent.locks.AbstractQueuedSynchronizer$ConditionObject.await(AbstractQueuedSynchronizer.java:1712)
        at java.base@21.0.5/java.util.concurrent.ScheduledThreadPoolExecutor$DelayedWorkQueue.take(ScheduledThreadPoolExecutor.java:1177)
        at java.base@21.0.5/java.util.concurrent.ScheduledThreadPoolExecutor$DelayedWorkQueue.take(ScheduledThreadPoolExecutor.java:899)
        at java.base@21.0.5/java.util.concurrent.ThreadPoolExecutor.getTask(ThreadPoolExecutor.java:1070)
        at java.base@21.0.5/java.util.concurrent.ThreadPoolExecutor.runWorker(ThreadPoolExecutor.java:1130)
        at java.base@21.0.5/java.util.concurrent.ThreadPoolExecutor$Worker.run(ThreadPoolExecutor.java:642)
        at java.base@21.0.5/java.lang.Thread.runWith(Thread.java:1596)
        at java.base@21.0.5/java.lang.Thread.run(Thread.java:1583)
"IPC Server handler 2 on default port 15093" daemon prio=5 tid=1017 timed_waiting
java.lang.Thread.State: TIMED_WAITING
        at java.base@21.0.5/jdk.internal.misc.Unsafe.park(Native Method)
        at java.base@21.0.5/java.util.concurrent.locks.LockSupport.parkNanos(LockSupport.java:269)
        at java.base@21.0.5/java.util.concurrent.locks.AbstractQueuedSynchronizer$ConditionObject.awaitNanos(AbstractQueuedSynchronizer.java:1763)
        at java.base@21.0.5/java.util.concurrent.LinkedBlockingQueue.poll(LinkedBlockingQueue.java:460)
        at app//org.apache.hadoop.ipc.CallQueueManager.take(CallQueueManager.java:370)
        at app//org.apache.hadoop.ipc.Server$Handler.run(Server.java:3165)
"751e45cc-852a-454f-97c8-e80f2befe6f4-groupManagement" daemon prio=5 tid=1243 in Object.wait()
java.lang.Thread.State: WAITING (on object monitor)
        at java.base@21.0.5/jdk.internal.misc.Unsafe.park(Native Method)
        at java.base@21.0.5/java.util.concurrent.locks.LockSupport.park(LockSupport.java:371)
        at java.base@21.0.5/java.util.concurrent.locks.AbstractQueuedSynchronizer$ConditionNode.block(AbstractQueuedSynchronizer.java:519)
        at java.base@21.0.5/java.util.concurrent.ForkJoinPool.unmanagedBlock(ForkJoinPool.java:3780)
        at java.base@21.0.5/java.util.concurrent.ForkJoinPool.managedBlock(ForkJoinPool.java:3725)
        at java.base@21.0.5/java.util.concurrent.locks.AbstractQueuedSynchronizer$ConditionObject.await(AbstractQueuedSynchronizer.java:1712)
        at java.base@21.0.5/java.util.concurrent.LinkedBlockingQueue.take(LinkedBlockingQueue.java:435)
        at java.base@21.0.5/java.util.concurrent.ThreadPoolExecutor.getTask(ThreadPoolExecutor.java:1070)
        at java.base@21.0.5/java.util.concurrent.ThreadPoolExecutor.runWorker(ThreadPoolExecutor.java:1130)
        at java.base@21.0.5/java.util.concurrent.ThreadPoolExecutor$Worker.run(ThreadPoolExecutor.java:642)
        at java.base@21.0.5/java.lang.Thread.runWith(Thread.java:1596)
        at java.base@21.0.5/java.lang.Thread.run(Thread.java:1583)
"StaleRecoveringContainerScrubbingService#3" daemon prio=5 tid=2435 in Object.wait()
java.lang.Thread.State: WAITING (on object monitor)
        at java.base@21.0.5/jdk.internal.misc.Unsafe.park(Native Method)
        at java.base@21.0.5/java.util.concurrent.locks.LockSupport.park(LockSupport.java:371)
        at java.base@21.0.5/java.util.concurrent.locks.AbstractQueuedSynchronizer$ConditionNode.block(AbstractQueuedSynchronizer.java:519)
        at java.base@21.0.5/java.util.concurrent.ForkJoinPool.unmanagedBlock(ForkJoinPool.java:3780)
        at java.base@21.0.5/java.util.concurrent.ForkJoinPool.managedBlock(ForkJoinPool.java:3725)
        at java.base@21.0.5/java.util.concurrent.locks.AbstractQueuedSynchronizer$ConditionObject.await(AbstractQueuedSynchronizer.java:1712)
        at java.base@21.0.5/java.util.concurrent.ScheduledThreadPoolExecutor$DelayedWorkQueue.take(ScheduledThreadPoolExecutor.java:1177)
        at java.base@21.0.5/java.util.concurrent.ScheduledThreadPoolExecutor$DelayedWorkQueue.take(ScheduledThreadPoolExecutor.java:899)
        at java.base@21.0.5/java.util.concurrent.ThreadPoolExecutor.getTask(ThreadPoolExecutor.java:1070)
        at java.base@21.0.5/java.util.concurrent.ThreadPoolExecutor.runWorker(ThreadPoolExecutor.java:1130)
        at java.base@21.0.5/java.util.concurrent.ThreadPoolExecutor$Worker.run(ThreadPoolExecutor.java:642)
        at java.base@21.0.5/java.lang.Thread.runWith(Thread.java:1596)
        at java.base@21.0.5/java.lang.Thread.run(Thread.java:1583)
"eca5a246-1f8f-493f-b50d-7eee1f2fec76-PeriodicHDDSVolumeChecker" daemon prio=5 tid=1095 timed_waiting
java.lang.Thread.State: TIMED_WAITING
        at java.base@21.0.5/jdk.internal.misc.Unsafe.park(Native Method)
        at java.base@21.0.5/java.util.concurrent.locks.LockSupport.parkNanos(LockSupport.java:269)
        at java.base@21.0.5/java.util.concurrent.locks.AbstractQueuedSynchronizer$ConditionObject.awaitNanos(AbstractQueuedSynchronizer.java:1763)
        at java.base@21.0.5/java.util.concurrent.ScheduledThreadPoolExecutor$DelayedWorkQueue.take(ScheduledThreadPoolExecutor.java:1182)
        at java.base@21.0.5/java.util.concurrent.ScheduledThreadPoolExecutor$DelayedWorkQueue.take(ScheduledThreadPoolExecutor.java:899)
        at java.base@21.0.5/java.util.concurrent.ThreadPoolExecutor.getTask(ThreadPoolExecutor.java:1070)
        at java.base@21.0.5/java.util.concurrent.ThreadPoolExecutor.runWorker(ThreadPoolExecutor.java:1130)
        at java.base@21.0.5/java.util.concurrent.ThreadPoolExecutor$Worker.run(ThreadPoolExecutor.java:642)
        at java.base@21.0.5/java.lang.Thread.runWith(Thread.java:1596)
        at java.base@21.0.5/java.lang.Thread.run(Thread.java:1583)
"ac32094a-198b-4072-99dd-552311e88daf@group-7D6565184E1B-StateMachineUpdater" daemon prio=5 tid=2597 timed_waiting
java.lang.Thread.State: TIMED_WAITING
        at java.base@21.0.5/jdk.internal.misc.Unsafe.park(Native Method)
        at java.base@21.0.5/java.util.concurrent.locks.LockSupport.parkNanos(LockSupport.java:269)
        at java.base@21.0.5/java.util.concurrent.locks.AbstractQueuedSynchronizer$ConditionObject.await(AbstractQueuedSynchronizer.java:1852)
        at app//org.apache.ratis.util.AwaitForSignal.await(AwaitForSignal.java:65)
        at app//org.apache.ratis.server.impl.StateMachineUpdater.waitForCommit(StateMachineUpdater.java:219)
        at app//org.apache.ratis.server.impl.StateMachineUpdater.run(StateMachineUpdater.java:187)
        at java.base@21.0.5/java.lang.Thread.runWith(Thread.java:1596)
        at java.base@21.0.5/java.lang.Thread.run(Thread.java:1583)
"IPC Server handler 7 on default port 15002" daemon prio=5 tid=339 timed_waiting
java.lang.Thread.State: TIMED_WAITING
        at java.base@21.0.5/jdk.internal.misc.Unsafe.park(Native Method)
        at java.base@21.0.5/java.util.concurrent.locks.LockSupport.parkNanos(LockSupport.java:269)
        at java.base@21.0.5/java.util.concurrent.locks.AbstractQueuedSynchronizer$ConditionObject.awaitNanos(AbstractQueuedSynchronizer.java:1763)
        at java.base@21.0.5/java.util.concurrent.LinkedBlockingQueue.poll(LinkedBlockingQueue.java:460)
        at app//org.apache.hadoop.ipc.CallQueueManager.take(CallQueueManager.java:370)
        at app//org.apache.hadoop.ipc.Server$Handler.run(Server.java:3165)
"FixedThreadPoolWithAffinityExecutor-0-0" daemon prio=5 tid=97 timed_waiting
java.lang.Thread.State: TIMED_WAITING
        at java.base@21.0.5/jdk.internal.misc.Unsafe.park(Native Method)
        at java.base@21.0.5/java.util.concurrent.locks.LockSupport.parkNanos(LockSupport.java:269)
        at java.base@21.0.5/java.util.concurrent.locks.AbstractQueuedSynchronizer$ConditionObject.awaitNanos(AbstractQueuedSynchronizer.java:1763)
        at java.base@21.0.5/java.util.concurrent.LinkedBlockingQueue.poll(LinkedBlockingQueue.java:460)
        at app//org.apache.hadoop.hdds.scm.server.ContainerReportQueue.poll(ContainerReportQueue.java:269)
        at app//org.apache.hadoop.hdds.scm.server.ContainerReportQueue.poll(ContainerReportQueue.java:42)
        at app//org.apache.hadoop.hdds.server.events.FixedThreadPoolWithAffinityExecutor$ContainerReportProcessTask.run(FixedThreadPoolWithAffinityExecutor.java:253)
        at java.base@21.0.5/java.util.concurrent.Executors$RunnableAdapter.call(Executors.java:572)
        at java.base@21.0.5/java.util.concurrent.FutureTask.run(FutureTask.java:317)
        at java.base@21.0.5/java.util.concurrent.ThreadPoolExecutor.runWorker(ThreadPoolExecutor.java:1144)
        at java.base@21.0.5/java.util.concurrent.ThreadPoolExecutor$Worker.run(ThreadPoolExecutor.java:642)
        at java.base@21.0.5/java.lang.Thread.runWith(Thread.java:1596)
        at java.base@21.0.5/java.lang.Thread.run(Thread.java:1583)
"IPC Server handler 6 on default port 15002" daemon prio=5 tid=338 timed_waiting
java.lang.Thread.State: TIMED_WAITING
        at java.base@21.0.5/jdk.internal.misc.Unsafe.park(Native Method)
        at java.base@21.0.5/java.util.concurrent.locks.LockSupport.parkNanos(LockSupport.java:269)
        at java.base@21.0.5/java.util.concurrent.locks.AbstractQueuedSynchronizer$ConditionObject.awaitNanos(AbstractQueuedSynchronizer.java:1763)
        at java.base@21.0.5/java.util.concurrent.LinkedBlockingQueue.poll(LinkedBlockingQueue.java:460)
        at app//org.apache.hadoop.ipc.CallQueueManager.take(CallQueueManager.java:370)
        at app//org.apache.hadoop.ipc.Server$Handler.run(Server.java:3165)
"IPC Server handler 7 on default port 15006" daemon prio=5 tid=498 timed_waiting
java.lang.Thread.State: TIMED_WAITING
        at java.base@21.0.5/jdk.internal.misc.Unsafe.park(Native Method)
        at java.base@21.0.5/java.util.concurrent.locks.LockSupport.parkNanos(LockSupport.java:269)
        at java.base@21.0.5/java.util.concurrent.locks.AbstractQueuedSynchronizer$ConditionObject.awaitNanos(AbstractQueuedSynchronizer.java:1763)
        at java.base@21.0.5/java.util.concurrent.LinkedBlockingQueue.poll(LinkedBlockingQueue.java:460)
        at app//org.apache.hadoop.ipc.CallQueueManager.take(CallQueueManager.java:370)
        at app//org.apache.hadoop.ipc.Server$Handler.run(Server.java:3165)
"qtp547643943-321" daemon prio=5 tid=321 timed_waiting
java.lang.Thread.State: TIMED_WAITING
        at java.base@21.0.5/jdk.internal.misc.Unsafe.park(Native Method)
        at java.base@21.0.5/java.util.concurrent.locks.LockSupport.parkNanos(LockSupport.java:269)
        at java.base@21.0.5/java.util.concurrent.locks.AbstractQueuedSynchronizer$ConditionObject.awaitNanos(AbstractQueuedSynchronizer.java:1763)
        at app//org.eclipse.jetty.util.BlockingArrayQueue.poll(BlockingArrayQueue.java:382)
        at app//org.eclipse.jetty.util.thread.QueuedThreadPool$Runner.idleJobPoll(QueuedThreadPool.java:974)
        at app//org.eclipse.jetty.util.thread.QueuedThreadPool$Runner.run(QueuedThreadPool.java:1018)
        at java.base@21.0.5/java.lang.Thread.runWith(Thread.java:1596)
        at java.base@21.0.5/java.lang.Thread.run(Thread.java:1583)
"IPC Server handler 14 on default port 15001" daemon prio=5 tid=228 timed_waiting
java.lang.Thread.State: TIMED_WAITING
        at java.base@21.0.5/jdk.internal.misc.Unsafe.park(Native Method)
        at java.base@21.0.5/java.util.concurrent.locks.LockSupport.parkNanos(LockSupport.java:269)
        at java.base@21.0.5/java.util.concurrent.locks.AbstractQueuedSynchronizer$ConditionObject.awaitNanos(AbstractQueuedSynchronizer.java:1763)
        at java.base@21.0.5/java.util.concurrent.LinkedBlockingQueue.poll(LinkedBlockingQueue.java:460)
        at app//org.apache.hadoop.ipc.CallQueueManager.take(CallQueueManager.java:370)
        at app//org.apache.hadoop.ipc.Server$Handler.run(Server.java:3165)
"b6b79d51-52d7-4711-a690-06a51533978a@group-2A3258B325AC-StateMachineUpdater" daemon prio=5 tid=1346 timed_waiting
java.lang.Thread.State: TIMED_WAITING
        at java.base@21.0.5/jdk.internal.misc.Unsafe.park(Native Method)
        at java.base@21.0.5/java.util.concurrent.locks.LockSupport.parkNanos(LockSupport.java:269)
        at java.base@21.0.5/java.util.concurrent.locks.AbstractQueuedSynchronizer$ConditionObject.await(AbstractQueuedSynchronizer.java:1852)
        at app//org.apache.ratis.util.AwaitForSignal.await(AwaitForSignal.java:65)
        at app//org.apache.ratis.server.impl.StateMachineUpdater.waitForCommit(StateMachineUpdater.java:219)
        at app//org.apache.ratis.server.impl.StateMachineUpdater.run(StateMachineUpdater.java:187)
        at java.base@21.0.5/java.lang.Thread.runWith(Thread.java:1596)
        at java.base@21.0.5/java.lang.Thread.run(Thread.java:1583)
"ac32094a-198b-4072-99dd-552311e88daf-ChunkReader-7" daemon prio=5 tid=2693 in Object.wait()
java.lang.Thread.State: WAITING (on object monitor)
        at java.base@21.0.5/jdk.internal.misc.Unsafe.park(Native Method)
        at java.base@21.0.5/java.util.concurrent.locks.LockSupport.park(LockSupport.java:371)
        at java.base@21.0.5/java.util.concurrent.locks.AbstractQueuedSynchronizer$ConditionNode.block(AbstractQueuedSynchronizer.java:519)
        at java.base@21.0.5/java.util.concurrent.ForkJoinPool.unmanagedBlock(ForkJoinPool.java:3780)
        at java.base@21.0.5/java.util.concurrent.ForkJoinPool.managedBlock(ForkJoinPool.java:3725)
        at java.base@21.0.5/java.util.concurrent.locks.AbstractQueuedSynchronizer$ConditionObject.await(AbstractQueuedSynchronizer.java:1712)
        at java.base@21.0.5/java.util.concurrent.LinkedBlockingQueue.take(LinkedBlockingQueue.java:435)
        at java.base@21.0.5/java.util.concurrent.ThreadPoolExecutor.getTask(ThreadPoolExecutor.java:1070)
        at java.base@21.0.5/java.util.concurrent.ThreadPoolExecutor.runWorker(ThreadPoolExecutor.java:1130)
        at java.base@21.0.5/java.util.concurrent.ThreadPoolExecutor$Worker.run(ThreadPoolExecutor.java:642)
        at java.base@21.0.5/java.lang.Thread.runWith(Thread.java:1596)
        at java.base@21.0.5/java.lang.Thread.run(Thread.java:1583)
"b6b79d51-52d7-4711-a690-06a51533978a@group-12A0FE72DC1C-StateMachineUpdater" daemon prio=5 tid=1536 timed_waiting
java.lang.Thread.State: TIMED_WAITING
        at java.base@21.0.5/jdk.internal.misc.Unsafe.park(Native Method)
        at java.base@21.0.5/java.util.concurrent.locks.LockSupport.parkNanos(LockSupport.java:269)
        at java.base@21.0.5/java.util.concurrent.locks.AbstractQueuedSynchronizer$ConditionObject.await(AbstractQueuedSynchronizer.java:1852)
        at app//org.apache.ratis.util.AwaitForSignal.await(AwaitForSignal.java:65)
        at app//org.apache.ratis.server.impl.StateMachineUpdater.waitForCommit(StateMachineUpdater.java:219)
        at app//org.apache.ratis.server.impl.StateMachineUpdater.run(StateMachineUpdater.java:187)
        at java.base@21.0.5/java.lang.Thread.runWith(Thread.java:1596)
        at java.base@21.0.5/java.lang.Thread.run(Thread.java:1583)
"ac32094a-198b-4072-99dd-552311e88daf@group-17ECB58173E6-StateMachineUpdater" daemon prio=5 tid=1538 timed_waiting
java.lang.Thread.State: TIMED_WAITING
        at java.base@21.0.5/jdk.internal.misc.Unsafe.park(Native Method)
        at java.base@21.0.5/java.util.concurrent.locks.LockSupport.parkNanos(LockSupport.java:269)
        at java.base@21.0.5/java.util.concurrent.locks.AbstractQueuedSynchronizer$ConditionObject.await(AbstractQueuedSynchronizer.java:1852)
        at app//org.apache.ratis.util.AwaitForSignal.await(AwaitForSignal.java:65)
        at app//org.apache.ratis.server.impl.StateMachineUpdater.waitForCommit(StateMachineUpdater.java:219)
        at app//org.apache.ratis.server.impl.StateMachineUpdater.run(StateMachineUpdater.java:187)
        at java.base@21.0.5/java.lang.Thread.runWith(Thread.java:1596)
        at java.base@21.0.5/java.lang.Thread.run(Thread.java:1583)
"IPC Server handler 1 on default port 15057" daemon prio=5 tid=774 timed_waiting
java.lang.Thread.State: TIMED_WAITING
        at java.base@21.0.5/jdk.internal.misc.Unsafe.park(Native Method)
        at java.base@21.0.5/java.util.concurrent.locks.LockSupport.parkNanos(LockSupport.java:269)
        at java.base@21.0.5/java.util.concurrent.locks.AbstractQueuedSynchronizer$ConditionObject.awaitNanos(AbstractQueuedSynchronizer.java:1763)
        at java.base@21.0.5/java.util.concurrent.LinkedBlockingQueue.poll(LinkedBlockingQueue.java:460)
        at app//org.apache.hadoop.ipc.CallQueueManager.take(CallQueueManager.java:370)
        at app//org.apache.hadoop.ipc.Server$Handler.run(Server.java:3165)
"IPC Server handler 6 on default port 15093" daemon prio=5 tid=1021 timed_waiting
java.lang.Thread.State: TIMED_WAITING
        at java.base@21.0.5/jdk.internal.misc.Unsafe.park(Native Method)
        at java.base@21.0.5/java.util.concurrent.locks.LockSupport.parkNanos(LockSupport.java:269)
        at java.base@21.0.5/java.util.concurrent.locks.AbstractQueuedSynchronizer$ConditionObject.awaitNanos(AbstractQueuedSynchronizer.java:1763)
        at java.base@21.0.5/java.util.concurrent.LinkedBlockingQueue.poll(LinkedBlockingQueue.java:460)
        at app//org.apache.hadoop.ipc.CallQueueManager.take(CallQueueManager.java:370)
        at app//org.apache.hadoop.ipc.Server$Handler.run(Server.java:3165)
"IPC Server handler 38 on default port 15000" daemon prio=5 tid=152 timed_waiting
java.lang.Thread.State: TIMED_WAITING
        at java.base@21.0.5/jdk.internal.misc.Unsafe.park(Native Method)
        at java.base@21.0.5/java.util.concurrent.locks.LockSupport.parkNanos(LockSupport.java:269)
        at java.base@21.0.5/java.util.concurrent.locks.AbstractQueuedSynchronizer$ConditionObject.awaitNanos(AbstractQueuedSynchronizer.java:1763)
        at java.base@21.0.5/java.util.concurrent.LinkedBlockingQueue.poll(LinkedBlockingQueue.java:460)
        at app//org.apache.hadoop.ipc.CallQueueManager.take(CallQueueManager.java:370)
        at app//org.apache.hadoop.ipc.Server$Handler.run(Server.java:3165)
"Socket Reader #9 for port 15001"  prio=5 tid=78 runnable
java.lang.Thread.State: RUNNABLE
        at java.base@21.0.5/sun.nio.ch.EPoll.wait(Native Method)
        at java.base@21.0.5/sun.nio.ch.EPollSelectorImpl.doSelect(EPollSelectorImpl.java:121)
        at java.base@21.0.5/sun.nio.ch.SelectorImpl.lockAndDoSelect(SelectorImpl.java:130)
        at java.base@21.0.5/sun.nio.ch.SelectorImpl.select(SelectorImpl.java:147)
        at app//org.apache.hadoop.ipc.Server$Listener$Reader.doRunLoop(Server.java:1497)
        at app//org.apache.hadoop.ipc.Server$Listener$Reader.run(Server.java:1476)
"qtp1768621734-518" daemon prio=5 tid=518 runnable
java.lang.Thread.State: RUNNABLE
        at java.base@21.0.5/sun.nio.ch.EPoll.wait(Native Method)
        at java.base@21.0.5/sun.nio.ch.EPollSelectorImpl.doSelect(EPollSelectorImpl.java:121)
        at java.base@21.0.5/sun.nio.ch.SelectorImpl.lockAndDoSelect(SelectorImpl.java:130)
        at java.base@21.0.5/sun.nio.ch.SelectorImpl.select(SelectorImpl.java:147)
        at app//org.eclipse.jetty.io.ManagedSelector.nioSelect(ManagedSelector.java:183)
        at app//org.eclipse.jetty.io.ManagedSelector.select(ManagedSelector.java:190)
        at app//org.eclipse.jetty.io.ManagedSelector$SelectorProducer.select(ManagedSelector.java:606)
        at app//org.eclipse.jetty.io.ManagedSelector$SelectorProducer.produce(ManagedSelector.java:543)
        at app//org.eclipse.jetty.util.thread.strategy.EatWhatYouKill.produceTask(EatWhatYouKill.java:362)
        at app//org.eclipse.jetty.util.thread.strategy.EatWhatYouKill.doProduce(EatWhatYouKill.java:186)
        at app//org.eclipse.jetty.util.thread.strategy.EatWhatYouKill.tryProduce(EatWhatYouKill.java:173)
        at app//org.eclipse.jetty.util.thread.strategy.EatWhatYouKill.produce(EatWhatYouKill.java:137)
        at app//org.eclipse.jetty.io.ManagedSelector$$Lambda/0x00007fd9cc65d0d0.run(Unknown Source)
        at app//org.eclipse.jetty.util.thread.QueuedThreadPool.runJob(QueuedThreadPool.java:883)
        at app//org.eclipse.jetty.util.thread.QueuedThreadPool$Runner.run(QueuedThreadPool.java:1034)
        at java.base@21.0.5/java.lang.Thread.runWith(Thread.java:1596)
        at java.base@21.0.5/java.lang.Thread.run(Thread.java:1583)
"26f755b0-b4b1-4239-8401-e418fca9ef4b-ChunkWriter-1-0" daemon prio=5 tid=2533 in Object.wait()
java.lang.Thread.State: WAITING (on object monitor)
        at java.base@21.0.5/jdk.internal.misc.Unsafe.park(Native Method)
        at java.base@21.0.5/java.util.concurrent.locks.LockSupport.park(LockSupport.java:371)
        at java.base@21.0.5/java.util.concurrent.locks.AbstractQueuedSynchronizer$ConditionNode.block(AbstractQueuedSynchronizer.java:519)
        at java.base@21.0.5/java.util.concurrent.ForkJoinPool.unmanagedBlock(ForkJoinPool.java:3780)
        at java.base@21.0.5/java.util.concurrent.ForkJoinPool.managedBlock(ForkJoinPool.java:3725)
        at java.base@21.0.5/java.util.concurrent.locks.AbstractQueuedSynchronizer$ConditionObject.await(AbstractQueuedSynchronizer.java:1712)
        at java.base@21.0.5/java.util.concurrent.LinkedBlockingDeque.takeFirst(LinkedBlockingDeque.java:485)
        at java.base@21.0.5/java.util.concurrent.LinkedBlockingDeque.take(LinkedBlockingDeque.java:673)
        at java.base@21.0.5/java.util.concurrent.ThreadPoolExecutor.getTask(ThreadPoolExecutor.java:1070)
        at java.base@21.0.5/java.util.concurrent.ThreadPoolExecutor.runWorker(ThreadPoolExecutor.java:1130)
        at java.base@21.0.5/java.util.concurrent.ThreadPoolExecutor$Worker.run(ThreadPoolExecutor.java:642)
        at java.base@21.0.5/java.lang.Thread.runWith(Thread.java:1596)
        at java.base@21.0.5/java.lang.Thread.run(Thread.java:1583)
"IPC Server handler 7 on default port 15093" daemon prio=5 tid=1022 timed_waiting
java.lang.Thread.State: TIMED_WAITING
        at java.base@21.0.5/jdk.internal.misc.Unsafe.park(Native Method)
        at java.base@21.0.5/java.util.concurrent.locks.LockSupport.parkNanos(LockSupport.java:269)
        at java.base@21.0.5/java.util.concurrent.locks.AbstractQueuedSynchronizer$ConditionObject.awaitNanos(AbstractQueuedSynchronizer.java:1763)
        at java.base@21.0.5/java.util.concurrent.LinkedBlockingQueue.poll(LinkedBlockingQueue.java:460)
        at app//org.apache.hadoop.ipc.CallQueueManager.take(CallQueueManager.java:370)
        at app//org.apache.hadoop.ipc.Server$Handler.run(Server.java:3165)
"79978ed1-1a5c-4832-b584-9e2d85f03cd7@group-AE8CA6FC1197-cacheEviction-AwaitToRun" daemon prio=5 tid=1236 in Object.wait()
java.lang.Thread.State: WAITING (on object monitor)
        at java.base@21.0.5/jdk.internal.misc.Unsafe.park(Native Method)
        at java.base@21.0.5/java.util.concurrent.locks.LockSupport.park(LockSupport.java:371)
        at java.base@21.0.5/java.util.concurrent.locks.AbstractQueuedSynchronizer$ConditionNode.block(AbstractQueuedSynchronizer.java:519)
        at java.base@21.0.5/java.util.concurrent.ForkJoinPool.unmanagedBlock(ForkJoinPool.java:3780)
        at java.base@21.0.5/java.util.concurrent.ForkJoinPool.managedBlock(ForkJoinPool.java:3725)
        at java.base@21.0.5/java.util.concurrent.locks.AbstractQueuedSynchronizer$ConditionObject.await(AbstractQueuedSynchronizer.java:1712)
        at app//org.apache.ratis.util.AwaitForSignal.await(AwaitForSignal.java:48)
        at app//org.apache.ratis.util.AwaitToRun$RunnableImpl.run(AwaitToRun.java:47)
        at java.base@21.0.5/java.lang.Thread.runWith(Thread.java:1596)
        at java.base@21.0.5/java.lang.Thread.run(Thread.java:1583)
"4b5ea8a3-88a5-4114-908f-7a85f39bc1cb@group-5233A358D31F-SegmentedRaftLogWorker" daemon prio=5 tid=1660 timed_waiting
java.lang.Thread.State: TIMED_WAITING
        at java.base@21.0.5/jdk.internal.misc.Unsafe.park(Native Method)
        at java.base@21.0.5/java.util.concurrent.locks.LockSupport.parkNanos(LockSupport.java:269)
        at java.base@21.0.5/java.util.concurrent.locks.AbstractQueuedSynchronizer$ConditionObject.awaitNanos(AbstractQueuedSynchronizer.java:1763)
        at app//org.apache.ratis.util.DataBlockingQueue.poll(DataBlockingQueue.java:148)
        at app//org.apache.ratis.server.raftlog.segmented.SegmentedRaftLogWorker.run(SegmentedRaftLogWorker.java:307)
        at app//org.apache.ratis.server.raftlog.segmented.SegmentedRaftLogWorker$$Lambda/0x00007fd9cc334298.run(Unknown Source)
        at java.base@21.0.5/java.util.concurrent.Executors$RunnableAdapter.call(Executors.java:572)
        at java.base@21.0.5/java.util.concurrent.FutureTask.run(FutureTask.java:317)
        at java.base@21.0.5/java.util.concurrent.ThreadPoolExecutor.runWorker(ThreadPoolExecutor.java:1144)
        at java.base@21.0.5/java.util.concurrent.ThreadPoolExecutor$Worker.run(ThreadPoolExecutor.java:642)
        at java.base@21.0.5/java.lang.Thread.runWith(Thread.java:1596)
        at java.base@21.0.5/java.lang.Thread.run(Thread.java:1583)
"IPC Server handler 20 on default port 15000" daemon prio=5 tid=134 timed_waiting
java.lang.Thread.State: TIMED_WAITING
        at java.base@21.0.5/jdk.internal.misc.Unsafe.park(Native Method)
        at java.base@21.0.5/java.util.concurrent.locks.LockSupport.parkNanos(LockSupport.java:269)
        at java.base@21.0.5/java.util.concurrent.locks.AbstractQueuedSynchronizer$ConditionObject.awaitNanos(AbstractQueuedSynchronizer.java:1763)
        at java.base@21.0.5/java.util.concurrent.LinkedBlockingQueue.poll(LinkedBlockingQueue.java:460)
        at app//org.apache.hadoop.ipc.CallQueueManager.take(CallQueueManager.java:370)
        at app//org.apache.hadoop.ipc.Server$Handler.run(Server.java:3165)
"FixedThreadPoolWithAffinityExecutor-7-0" daemon prio=5 tid=104 timed_waiting
java.lang.Thread.State: TIMED_WAITING
        at java.base@21.0.5/jdk.internal.misc.Unsafe.park(Native Method)
        at java.base@21.0.5/java.util.concurrent.locks.LockSupport.parkNanos(LockSupport.java:269)
        at java.base@21.0.5/java.util.concurrent.locks.AbstractQueuedSynchronizer$ConditionObject.awaitNanos(AbstractQueuedSynchronizer.java:1763)
        at java.base@21.0.5/java.util.concurrent.LinkedBlockingQueue.poll(LinkedBlockingQueue.java:460)
        at app//org.apache.hadoop.hdds.scm.server.ContainerReportQueue.poll(ContainerReportQueue.java:269)
        at app//org.apache.hadoop.hdds.scm.server.ContainerReportQueue.poll(ContainerReportQueue.java:42)
        at app//org.apache.hadoop.hdds.server.events.FixedThreadPoolWithAffinityExecutor$ContainerReportProcessTask.run(FixedThreadPoolWithAffinityExecutor.java:253)
        at java.base@21.0.5/java.util.concurrent.Executors$RunnableAdapter.call(Executors.java:572)
        at java.base@21.0.5/java.util.concurrent.FutureTask.run(FutureTask.java:317)
        at java.base@21.0.5/java.util.concurrent.ThreadPoolExecutor.runWorker(ThreadPoolExecutor.java:1144)
        at java.base@21.0.5/java.util.concurrent.ThreadPoolExecutor$Worker.run(ThreadPoolExecutor.java:642)
        at java.base@21.0.5/java.lang.Thread.runWith(Thread.java:1596)
        at java.base@21.0.5/java.lang.Thread.run(Thread.java:1583)
"IPC Server handler 77 on default port 15000" daemon prio=5 tid=191 timed_waiting
java.lang.Thread.State: TIMED_WAITING
        at java.base@21.0.5/jdk.internal.misc.Unsafe.park(Native Method)
        at java.base@21.0.5/java.util.concurrent.locks.LockSupport.parkNanos(LockSupport.java:269)
        at java.base@21.0.5/java.util.concurrent.locks.AbstractQueuedSynchronizer$ConditionObject.awaitNanos(AbstractQueuedSynchronizer.java:1763)
        at java.base@21.0.5/java.util.concurrent.LinkedBlockingQueue.poll(LinkedBlockingQueue.java:460)
        at app//org.apache.hadoop.ipc.CallQueueManager.take(CallQueueManager.java:370)
        at app//org.apache.hadoop.ipc.Server$Handler.run(Server.java:3165)
"IPC Server handler 90 on default port 15001" daemon prio=5 tid=304 timed_waiting
java.lang.Thread.State: TIMED_WAITING
        at java.base@21.0.5/jdk.internal.misc.Unsafe.park(Native Method)
        at java.base@21.0.5/java.util.concurrent.locks.LockSupport.parkNanos(LockSupport.java:269)
        at java.base@21.0.5/java.util.concurrent.locks.AbstractQueuedSynchronizer$ConditionObject.awaitNanos(AbstractQueuedSynchronizer.java:1763)
        at java.base@21.0.5/java.util.concurrent.LinkedBlockingQueue.poll(LinkedBlockingQueue.java:460)
        at app//org.apache.hadoop.ipc.CallQueueManager.take(CallQueueManager.java:370)
        at app//org.apache.hadoop.ipc.Server$Handler.run(Server.java:3165)
"IPC Server handler 6 on default port 15006" daemon prio=5 tid=497 timed_waiting
java.lang.Thread.State: TIMED_WAITING
        at java.base@21.0.5/jdk.internal.misc.Unsafe.park(Native Method)
        at java.base@21.0.5/java.util.concurrent.locks.LockSupport.parkNanos(LockSupport.java:269)
        at java.base@21.0.5/java.util.concurrent.locks.AbstractQueuedSynchronizer$ConditionObject.awaitNanos(AbstractQueuedSynchronizer.java:1763)
        at java.base@21.0.5/java.util.concurrent.LinkedBlockingQueue.poll(LinkedBlockingQueue.java:460)
        at app//org.apache.hadoop.ipc.CallQueueManager.take(CallQueueManager.java:370)
        at app//org.apache.hadoop.ipc.Server$Handler.run(Server.java:3165)
"EventQueue-HealthyReadonlyNodeForHealthyReadOnlyNodeHandler" daemon prio=5 tid=1167 in Object.wait()
java.lang.Thread.State: WAITING (on object monitor)
        at java.base@21.0.5/jdk.internal.misc.Unsafe.park(Native Method)
        at java.base@21.0.5/java.util.concurrent.locks.LockSupport.park(LockSupport.java:371)
        at java.base@21.0.5/java.util.concurrent.locks.AbstractQueuedSynchronizer$ConditionNode.block(AbstractQueuedSynchronizer.java:519)
        at java.base@21.0.5/java.util.concurrent.ForkJoinPool.unmanagedBlock(ForkJoinPool.java:3780)
        at java.base@21.0.5/java.util.concurrent.ForkJoinPool.managedBlock(ForkJoinPool.java:3725)
        at java.base@21.0.5/java.util.concurrent.locks.AbstractQueuedSynchronizer$ConditionObject.await(AbstractQueuedSynchronizer.java:1712)
        at java.base@21.0.5/java.util.concurrent.LinkedBlockingQueue.take(LinkedBlockingQueue.java:435)
        at java.base@21.0.5/java.util.concurrent.ThreadPoolExecutor.getTask(ThreadPoolExecutor.java:1070)
        at java.base@21.0.5/java.util.concurrent.ThreadPoolExecutor.runWorker(ThreadPoolExecutor.java:1130)
        at java.base@21.0.5/java.util.concurrent.ThreadPoolExecutor$Worker.run(ThreadPoolExecutor.java:642)
        at java.base@21.0.5/java.lang.Thread.runWith(Thread.java:1596)
        at java.base@21.0.5/java.lang.Thread.run(Thread.java:1583)
"IPC Server handler 48 on default port 15001" daemon prio=5 tid=262 timed_waiting
java.lang.Thread.State: TIMED_WAITING
        at java.base@21.0.5/jdk.internal.misc.Unsafe.park(Native Method)
        at java.base@21.0.5/java.util.concurrent.locks.LockSupport.parkNanos(LockSupport.java:269)
        at java.base@21.0.5/java.util.concurrent.locks.AbstractQueuedSynchronizer$ConditionObject.awaitNanos(AbstractQueuedSynchronizer.java:1763)
        at java.base@21.0.5/java.util.concurrent.LinkedBlockingQueue.poll(LinkedBlockingQueue.java:460)
        at app//org.apache.hadoop.ipc.CallQueueManager.take(CallQueueManager.java:370)
        at app//org.apache.hadoop.ipc.Server$Handler.run(Server.java:3165)
"02fc1759-725d-47af-8349-873c9c5c9167-DatanodeStateMachineTaskThread-0"  prio=5 tid=603 in Object.wait()
java.lang.Thread.State: WAITING (on object monitor)
        at java.base@21.0.5/jdk.internal.misc.Unsafe.park(Native Method)
        at java.base@21.0.5/java.util.concurrent.locks.LockSupport.park(LockSupport.java:371)
        at java.base@21.0.5/java.util.concurrent.locks.AbstractQueuedSynchronizer$ConditionNode.block(AbstractQueuedSynchronizer.java:519)
        at java.base@21.0.5/java.util.concurrent.ForkJoinPool.unmanagedBlock(ForkJoinPool.java:3780)
        at java.base@21.0.5/java.util.concurrent.ForkJoinPool.managedBlock(ForkJoinPool.java:3725)
        at java.base@21.0.5/java.util.concurrent.locks.AbstractQueuedSynchronizer$ConditionObject.await(AbstractQueuedSynchronizer.java:1712)
        at java.base@21.0.5/java.util.concurrent.LinkedBlockingQueue.take(LinkedBlockingQueue.java:435)
        at java.base@21.0.5/java.util.concurrent.ThreadPoolExecutor.getTask(ThreadPoolExecutor.java:1070)
        at java.base@21.0.5/java.util.concurrent.ThreadPoolExecutor.runWorker(ThreadPoolExecutor.java:1130)
        at java.base@21.0.5/java.util.concurrent.ThreadPoolExecutor$Worker.run(ThreadPoolExecutor.java:642)
        at java.base@21.0.5/java.lang.Thread.runWith(Thread.java:1596)
        at java.base@21.0.5/java.lang.Thread.run(Thread.java:1583)
"b6b79d51-52d7-4711-a690-06a51533978a@group-12A0FE72DC1C-cacheEviction-AwaitToRun" daemon prio=5 tid=1515 in Object.wait()
java.lang.Thread.State: WAITING (on object monitor)
        at java.base@21.0.5/jdk.internal.misc.Unsafe.park(Native Method)
        at java.base@21.0.5/java.util.concurrent.locks.LockSupport.park(LockSupport.java:371)
        at java.base@21.0.5/java.util.concurrent.locks.AbstractQueuedSynchronizer$ConditionNode.block(AbstractQueuedSynchronizer.java:519)
        at java.base@21.0.5/java.util.concurrent.ForkJoinPool.unmanagedBlock(ForkJoinPool.java:3780)
        at java.base@21.0.5/java.util.concurrent.ForkJoinPool.managedBlock(ForkJoinPool.java:3725)
        at java.base@21.0.5/java.util.concurrent.locks.AbstractQueuedSynchronizer$ConditionObject.await(AbstractQueuedSynchronizer.java:1712)
        at app//org.apache.ratis.util.AwaitForSignal.await(AwaitForSignal.java:48)
        at app//org.apache.ratis.util.AwaitToRun$RunnableImpl.run(AwaitToRun.java:47)
        at java.base@21.0.5/java.lang.Thread.runWith(Thread.java:1596)
        at java.base@21.0.5/java.lang.Thread.run(Thread.java:1583)
"IPC Server handler 99 on default port 15000" daemon prio=5 tid=213 timed_waiting
java.lang.Thread.State: TIMED_WAITING
        at java.base@21.0.5/jdk.internal.misc.Unsafe.park(Native Method)
        at java.base@21.0.5/java.util.concurrent.locks.LockSupport.parkNanos(LockSupport.java:269)
        at java.base@21.0.5/java.util.concurrent.locks.AbstractQueuedSynchronizer$ConditionObject.awaitNanos(AbstractQueuedSynchronizer.java:1763)
        at java.base@21.0.5/java.util.concurrent.LinkedBlockingQueue.poll(LinkedBlockingQueue.java:460)
        at app//org.apache.hadoop.ipc.CallQueueManager.take(CallQueueManager.java:370)
        at app//org.apache.hadoop.ipc.Server$Handler.run(Server.java:3165)
"751e45cc-852a-454f-97c8-e80f2befe6f4-DatanodeReportManager-1" daemon prio=5 tid=785 in Object.wait()
java.lang.Thread.State: WAITING (on object monitor)
        at java.base@21.0.5/jdk.internal.misc.Unsafe.park(Native Method)
        at java.base@21.0.5/java.util.concurrent.locks.LockSupport.park(LockSupport.java:371)
        at java.base@21.0.5/java.util.concurrent.locks.AbstractQueuedSynchronizer$ConditionNode.block(AbstractQueuedSynchronizer.java:519)
        at java.base@21.0.5/java.util.concurrent.ForkJoinPool.unmanagedBlock(ForkJoinPool.java:3780)
        at java.base@21.0.5/java.util.concurrent.ForkJoinPool.managedBlock(ForkJoinPool.java:3725)
        at java.base@21.0.5/java.util.concurrent.locks.AbstractQueuedSynchronizer$ConditionObject.await(AbstractQueuedSynchronizer.java:1712)
        at java.base@21.0.5/java.util.concurrent.ScheduledThreadPoolExecutor$DelayedWorkQueue.take(ScheduledThreadPoolExecutor.java:1177)
        at java.base@21.0.5/java.util.concurrent.ScheduledThreadPoolExecutor$DelayedWorkQueue.take(ScheduledThreadPoolExecutor.java:899)
        at java.base@21.0.5/java.util.concurrent.ThreadPoolExecutor.getTask(ThreadPoolExecutor.java:1070)
        at java.base@21.0.5/java.util.concurrent.ThreadPoolExecutor.runWorker(ThreadPoolExecutor.java:1130)
        at java.base@21.0.5/java.util.concurrent.ThreadPoolExecutor$Worker.run(ThreadPoolExecutor.java:642)
        at java.base@21.0.5/java.lang.Thread.runWith(Thread.java:1596)
        at java.base@21.0.5/java.lang.Thread.run(Thread.java:1583)
"3296053d-9d54-4057-a6a8-67c4b6ec6587@group-33E612B207F7-FollowerState" daemon prio=5 tid=1876 timed_waiting
java.lang.Thread.State: TIMED_WAITING
        at java.base@21.0.5/java.lang.Thread.sleep0(Native Method)
        at java.base@21.0.5/java.lang.Thread.sleep(Thread.java:558)
        at java.base@21.0.5/java.util.concurrent.TimeUnit.sleep(TimeUnit.java:446)
        at app//org.apache.ratis.util.TimeDuration.sleep(TimeDuration.java:353)
        at app//org.apache.ratis.util.TimeDuration.sleep(TimeDuration.java:338)
        at app//org.apache.ratis.server.impl.FollowerState.runImpl(FollowerState.java:149)
        at app//org.apache.ratis.server.impl.FollowerState.run(FollowerState.java:130)
"qtp1998750464-974" daemon prio=5 tid=974 runnable
java.lang.Thread.State: RUNNABLE
        at java.base@21.0.5/sun.nio.ch.EPoll.wait(Native Method)
        at java.base@21.0.5/sun.nio.ch.EPollSelectorImpl.doSelect(EPollSelectorImpl.java:121)
        at java.base@21.0.5/sun.nio.ch.SelectorImpl.lockAndDoSelect(SelectorImpl.java:130)
        at java.base@21.0.5/sun.nio.ch.SelectorImpl.select(SelectorImpl.java:147)
        at app//org.eclipse.jetty.io.ManagedSelector.nioSelect(ManagedSelector.java:183)
        at app//org.eclipse.jetty.io.ManagedSelector.select(ManagedSelector.java:190)
        at app//org.eclipse.jetty.io.ManagedSelector$SelectorProducer.select(ManagedSelector.java:606)
        at app//org.eclipse.jetty.io.ManagedSelector$SelectorProducer.produce(ManagedSelector.java:543)
        at app//org.eclipse.jetty.util.thread.strategy.EatWhatYouKill.produceTask(EatWhatYouKill.java:362)
        at app//org.eclipse.jetty.util.thread.strategy.EatWhatYouKill.doProduce(EatWhatYouKill.java:186)
        at app//org.eclipse.jetty.util.thread.strategy.EatWhatYouKill.tryProduce(EatWhatYouKill.java:173)
        at app//org.eclipse.jetty.util.thread.strategy.EatWhatYouKill.produce(EatWhatYouKill.java:137)
        at app//org.eclipse.jetty.io.ManagedSelector$$Lambda/0x00007fd9cc65d0d0.run(Unknown Source)
        at app//org.eclipse.jetty.util.thread.QueuedThreadPool.runJob(QueuedThreadPool.java:883)
        at app//org.eclipse.jetty.util.thread.QueuedThreadPool$Runner.run(QueuedThreadPool.java:1034)
        at java.base@21.0.5/java.lang.Thread.runWith(Thread.java:1596)
        at java.base@21.0.5/java.lang.Thread.run(Thread.java:1583)
"b6b79d51-52d7-4711-a690-06a51533978a@group-DAF53CCE5B84-SegmentedRaftLogWorker" daemon prio=5 tid=1566 timed_waiting
java.lang.Thread.State: TIMED_WAITING
        at java.base@21.0.5/jdk.internal.misc.Unsafe.park(Native Method)
        at java.base@21.0.5/java.util.concurrent.locks.LockSupport.parkNanos(LockSupport.java:269)
        at java.base@21.0.5/java.util.concurrent.locks.AbstractQueuedSynchronizer$ConditionObject.awaitNanos(AbstractQueuedSynchronizer.java:1763)
        at app//org.apache.ratis.util.DataBlockingQueue.poll(DataBlockingQueue.java:148)
        at app//org.apache.ratis.server.raftlog.segmented.SegmentedRaftLogWorker.run(SegmentedRaftLogWorker.java:307)
        at app//org.apache.ratis.server.raftlog.segmented.SegmentedRaftLogWorker$$Lambda/0x00007fd9cc334298.run(Unknown Source)
        at java.base@21.0.5/java.util.concurrent.Executors$RunnableAdapter.call(Executors.java:572)
        at java.base@21.0.5/java.util.concurrent.FutureTask.run(FutureTask.java:317)
        at java.base@21.0.5/java.util.concurrent.ThreadPoolExecutor.runWorker(ThreadPoolExecutor.java:1144)
        at java.base@21.0.5/java.util.concurrent.ThreadPoolExecutor$Worker.run(ThreadPoolExecutor.java:642)
        at java.base@21.0.5/java.lang.Thread.runWith(Thread.java:1596)
        at java.base@21.0.5/java.lang.Thread.run(Thread.java:1583)
"IPC Server handler 8 on default port 15006" daemon prio=5 tid=499 timed_waiting
java.lang.Thread.State: TIMED_WAITING
        at java.base@21.0.5/jdk.internal.misc.Unsafe.park(Native Method)
        at java.base@21.0.5/java.util.concurrent.locks.LockSupport.parkNanos(LockSupport.java:269)
        at java.base@21.0.5/java.util.concurrent.locks.AbstractQueuedSynchronizer$ConditionObject.awaitNanos(AbstractQueuedSynchronizer.java:1763)
        at java.base@21.0.5/java.util.concurrent.LinkedBlockingQueue.poll(LinkedBlockingQueue.java:460)
        at app//org.apache.hadoop.ipc.CallQueueManager.take(CallQueueManager.java:370)
        at app//org.apache.hadoop.ipc.Server$Handler.run(Server.java:3165)
"IPC Server handler 2 on default port 15075" daemon prio=5 tid=2507 timed_waiting
java.lang.Thread.State: TIMED_WAITING
        at java.base@21.0.5/jdk.internal.misc.Unsafe.park(Native Method)
        at java.base@21.0.5/java.util.concurrent.locks.LockSupport.parkNanos(LockSupport.java:269)
        at java.base@21.0.5/java.util.concurrent.locks.AbstractQueuedSynchronizer$ConditionObject.awaitNanos(AbstractQueuedSynchronizer.java:1763)
        at java.base@21.0.5/java.util.concurrent.LinkedBlockingQueue.poll(LinkedBlockingQueue.java:460)
        at app//org.apache.hadoop.ipc.CallQueueManager.take(CallQueueManager.java:370)
        at app//org.apache.hadoop.ipc.Server$Handler.run(Server.java:3165)
"IPC Server handler 10 on default port 15002" daemon prio=5 tid=342 timed_waiting
java.lang.Thread.State: TIMED_WAITING
        at java.base@21.0.5/jdk.internal.misc.Unsafe.park(Native Method)
        at java.base@21.0.5/java.util.concurrent.locks.LockSupport.parkNanos(LockSupport.java:269)
        at java.base@21.0.5/java.util.concurrent.locks.AbstractQueuedSynchronizer$ConditionObject.awaitNanos(AbstractQueuedSynchronizer.java:1763)
        at java.base@21.0.5/java.util.concurrent.LinkedBlockingQueue.poll(LinkedBlockingQueue.java:460)
        at app//org.apache.hadoop.ipc.CallQueueManager.take(CallQueueManager.java:370)
        at app//org.apache.hadoop.ipc.Server$Handler.run(Server.java:3165)
"eca5a246-1f8f-493f-b50d-7eee1f2fec76@group-66FA7163FB5C-StateMachineUpdater" daemon prio=5 tid=1428 timed_waiting
java.lang.Thread.State: TIMED_WAITING
        at java.base@21.0.5/jdk.internal.misc.Unsafe.park(Native Method)
        at java.base@21.0.5/java.util.concurrent.locks.LockSupport.parkNanos(LockSupport.java:269)
        at java.base@21.0.5/java.util.concurrent.locks.AbstractQueuedSynchronizer$ConditionObject.await(AbstractQueuedSynchronizer.java:1852)
        at app//org.apache.ratis.util.AwaitForSignal.await(AwaitForSignal.java:65)
        at app//org.apache.ratis.server.impl.StateMachineUpdater.waitForCommit(StateMachineUpdater.java:219)
        at app//org.apache.ratis.server.impl.StateMachineUpdater.run(StateMachineUpdater.java:187)
        at java.base@21.0.5/java.lang.Thread.runWith(Thread.java:1596)
        at java.base@21.0.5/java.lang.Thread.run(Thread.java:1583)
"751e45cc-852a-454f-97c8-e80f2befe6f4-server-thread3" daemon prio=5 tid=1920 timed_waiting
java.lang.Thread.State: TIMED_WAITING
        at java.base@21.0.5/jdk.internal.misc.Unsafe.park(Native Method)
        at java.base@21.0.5/java.util.concurrent.locks.LockSupport.parkNanos(LockSupport.java:410)
        at java.base@21.0.5/java.util.concurrent.LinkedTransferQueue$DualNode.await(LinkedTransferQueue.java:452)
        at java.base@21.0.5/java.util.concurrent.SynchronousQueue$Transferer.xferLifo(SynchronousQueue.java:194)
        at java.base@21.0.5/java.util.concurrent.SynchronousQueue.xfer(SynchronousQueue.java:235)
        at java.base@21.0.5/java.util.concurrent.SynchronousQueue.poll(SynchronousQueue.java:338)
        at java.base@21.0.5/java.util.concurrent.ThreadPoolExecutor.getTask(ThreadPoolExecutor.java:1069)
        at java.base@21.0.5/java.util.concurrent.ThreadPoolExecutor.runWorker(ThreadPoolExecutor.java:1130)
        at java.base@21.0.5/java.util.concurrent.ThreadPoolExecutor$Worker.run(ThreadPoolExecutor.java:642)
        at java.base@21.0.5/java.lang.Thread.runWith(Thread.java:1596)
        at java.base@21.0.5/java.lang.Thread.run(Thread.java:1583)
"IPC Server handler 34 on default port 15001" daemon prio=5 tid=248 timed_waiting
java.lang.Thread.State: TIMED_WAITING
        at java.base@21.0.5/jdk.internal.misc.Unsafe.park(Native Method)
        at java.base@21.0.5/java.util.concurrent.locks.LockSupport.parkNanos(LockSupport.java:269)
        at java.base@21.0.5/java.util.concurrent.locks.AbstractQueuedSynchronizer$ConditionObject.awaitNanos(AbstractQueuedSynchronizer.java:1763)
        at java.base@21.0.5/java.util.concurrent.LinkedBlockingQueue.poll(LinkedBlockingQueue.java:460)
        at app//org.apache.hadoop.ipc.CallQueueManager.take(CallQueueManager.java:370)
        at app//org.apache.hadoop.ipc.Server$Handler.run(Server.java:3165)
"qtp270478498-482" daemon prio=5 tid=482 runnable
java.lang.Thread.State: RUNNABLE
        at java.base@21.0.5/sun.nio.ch.EPoll.wait(Native Method)
        at java.base@21.0.5/sun.nio.ch.EPollSelectorImpl.doSelect(EPollSelectorImpl.java:121)
        at java.base@21.0.5/sun.nio.ch.SelectorImpl.lockAndDoSelect(SelectorImpl.java:130)
        at java.base@21.0.5/sun.nio.ch.SelectorImpl.select(SelectorImpl.java:147)
        at app//org.eclipse.jetty.io.ManagedSelector.nioSelect(ManagedSelector.java:183)
        at app//org.eclipse.jetty.io.ManagedSelector.select(ManagedSelector.java:190)
        at app//org.eclipse.jetty.io.ManagedSelector$SelectorProducer.select(ManagedSelector.java:606)
        at app//org.eclipse.jetty.io.ManagedSelector$SelectorProducer.produce(ManagedSelector.java:543)
        at app//org.eclipse.jetty.util.thread.strategy.EatWhatYouKill.produceTask(EatWhatYouKill.java:362)
        at app//org.eclipse.jetty.util.thread.strategy.EatWhatYouKill.doProduce(EatWhatYouKill.java:186)
        at app//org.eclipse.jetty.util.thread.strategy.EatWhatYouKill.tryProduce(EatWhatYouKill.java:173)
        at app//org.eclipse.jetty.util.thread.strategy.EatWhatYouKill.produce(EatWhatYouKill.java:137)
        at app//org.eclipse.jetty.io.ManagedSelector$$Lambda/0x00007fd9cc65d0d0.run(Unknown Source)
        at app//org.eclipse.jetty.util.thread.QueuedThreadPool.runJob(QueuedThreadPool.java:883)
        at app//org.eclipse.jetty.util.thread.QueuedThreadPool$Runner.run(QueuedThreadPool.java:1034)
        at java.base@21.0.5/java.lang.Thread.runWith(Thread.java:1596)
        at java.base@21.0.5/java.lang.Thread.run(Thread.java:1583)
"26f755b0-b4b1-4239-8401-e418fca9ef4b-ChunkReader-9" daemon prio=5 tid=2873 in Object.wait()
java.lang.Thread.State: WAITING (on object monitor)
        at java.base@21.0.5/jdk.internal.misc.Unsafe.park(Native Method)
        at java.base@21.0.5/java.util.concurrent.locks.LockSupport.park(LockSupport.java:371)
        at java.base@21.0.5/java.util.concurrent.locks.AbstractQueuedSynchronizer$ConditionNode.block(AbstractQueuedSynchronizer.java:519)
        at java.base@21.0.5/java.util.concurrent.ForkJoinPool.unmanagedBlock(ForkJoinPool.java:3780)
        at java.base@21.0.5/java.util.concurrent.ForkJoinPool.managedBlock(ForkJoinPool.java:3725)
        at java.base@21.0.5/java.util.concurrent.locks.AbstractQueuedSynchronizer$ConditionObject.await(AbstractQueuedSynchronizer.java:1712)
        at java.base@21.0.5/java.util.concurrent.LinkedBlockingQueue.take(LinkedBlockingQueue.java:435)
        at java.base@21.0.5/java.util.concurrent.ThreadPoolExecutor.getTask(ThreadPoolExecutor.java:1070)
        at java.base@21.0.5/java.util.concurrent.ThreadPoolExecutor.runWorker(ThreadPoolExecutor.java:1130)
        at java.base@21.0.5/java.util.concurrent.ThreadPoolExecutor$Worker.run(ThreadPoolExecutor.java:642)
        at java.base@21.0.5/java.lang.Thread.runWith(Thread.java:1596)
        at java.base@21.0.5/java.lang.Thread.run(Thread.java:1583)
"om1-DirectoryDeletingService#3" daemon prio=5 tid=473 in Object.wait()
java.lang.Thread.State: WAITING (on object monitor)
        at java.base@21.0.5/jdk.internal.misc.Unsafe.park(Native Method)
        at java.base@21.0.5/java.util.concurrent.locks.LockSupport.park(LockSupport.java:371)
        at java.base@21.0.5/java.util.concurrent.locks.AbstractQueuedSynchronizer$ConditionNode.block(AbstractQueuedSynchronizer.java:519)
        at java.base@21.0.5/java.util.concurrent.ForkJoinPool.unmanagedBlock(ForkJoinPool.java:3780)
        at java.base@21.0.5/java.util.concurrent.ForkJoinPool.managedBlock(ForkJoinPool.java:3725)
        at java.base@21.0.5/java.util.concurrent.locks.AbstractQueuedSynchronizer$ConditionObject.await(AbstractQueuedSynchronizer.java:1712)
        at java.base@21.0.5/java.util.concurrent.ScheduledThreadPoolExecutor$DelayedWorkQueue.take(ScheduledThreadPoolExecutor.java:1177)
        at java.base@21.0.5/java.util.concurrent.ScheduledThreadPoolExecutor$DelayedWorkQueue.take(ScheduledThreadPoolExecutor.java:899)
        at java.base@21.0.5/java.util.concurrent.ThreadPoolExecutor.getTask(ThreadPoolExecutor.java:1070)
        at java.base@21.0.5/java.util.concurrent.ThreadPoolExecutor.runWorker(ThreadPoolExecutor.java:1130)
        at java.base@21.0.5/java.util.concurrent.ThreadPoolExecutor$Worker.run(ThreadPoolExecutor.java:642)
        at java.base@21.0.5/java.lang.Thread.runWith(Thread.java:1596)
        at java.base@21.0.5/java.lang.Thread.run(Thread.java:1583)
"IPC Server handler 9 on default port 15006" daemon prio=5 tid=500 timed_waiting
java.lang.Thread.State: TIMED_WAITING
        at java.base@21.0.5/jdk.internal.misc.Unsafe.park(Native Method)
        at java.base@21.0.5/java.util.concurrent.locks.LockSupport.parkNanos(LockSupport.java:269)
        at java.base@21.0.5/java.util.concurrent.locks.AbstractQueuedSynchronizer$ConditionObject.awaitNanos(AbstractQueuedSynchronizer.java:1763)
        at java.base@21.0.5/java.util.concurrent.LinkedBlockingQueue.poll(LinkedBlockingQueue.java:460)
        at app//org.apache.hadoop.ipc.CallQueueManager.take(CallQueueManager.java:370)
        at app//org.apache.hadoop.ipc.Server$Handler.run(Server.java:3165)
"Socket Reader #9 for port 15012"  prio=5 tid=536 runnable
java.lang.Thread.State: RUNNABLE
        at java.base@21.0.5/sun.nio.ch.EPoll.wait(Native Method)
        at java.base@21.0.5/sun.nio.ch.EPollSelectorImpl.doSelect(EPollSelectorImpl.java:121)
        at java.base@21.0.5/sun.nio.ch.SelectorImpl.lockAndDoSelect(SelectorImpl.java:130)
        at java.base@21.0.5/sun.nio.ch.SelectorImpl.select(SelectorImpl.java:147)
        at app//org.apache.hadoop.ipc.Server$Listener$Reader.doRunLoop(Server.java:1497)
        at app//org.apache.hadoop.ipc.Server$Listener$Reader.run(Server.java:1476)
"IPC Server handler 38 on default port 15002" daemon prio=5 tid=370 timed_waiting
java.lang.Thread.State: TIMED_WAITING
        at java.base@21.0.5/jdk.internal.misc.Unsafe.park(Native Method)
        at java.base@21.0.5/java.util.concurrent.locks.LockSupport.parkNanos(LockSupport.java:269)
        at java.base@21.0.5/java.util.concurrent.locks.AbstractQueuedSynchronizer$ConditionObject.awaitNanos(AbstractQueuedSynchronizer.java:1763)
        at java.base@21.0.5/java.util.concurrent.LinkedBlockingQueue.poll(LinkedBlockingQueue.java:460)
        at app//org.apache.hadoop.ipc.CallQueueManager.take(CallQueueManager.java:370)
        at app//org.apache.hadoop.ipc.Server$Handler.run(Server.java:3165)
"IPC Server handler 9 on default port 15057" daemon prio=5 tid=782 timed_waiting
java.lang.Thread.State: TIMED_WAITING
        at java.base@21.0.5/jdk.internal.misc.Unsafe.park(Native Method)
        at java.base@21.0.5/java.util.concurrent.locks.LockSupport.parkNanos(LockSupport.java:269)
        at java.base@21.0.5/java.util.concurrent.locks.AbstractQueuedSynchronizer$ConditionObject.awaitNanos(AbstractQueuedSynchronizer.java:1763)
        at java.base@21.0.5/java.util.concurrent.LinkedBlockingQueue.poll(LinkedBlockingQueue.java:460)
        at app//org.apache.hadoop.ipc.CallQueueManager.take(CallQueueManager.java:370)
        at app//org.apache.hadoop.ipc.Server$Handler.run(Server.java:3165)
"IPC Server handler 18 on default port 15006" daemon prio=5 tid=509 timed_waiting
java.lang.Thread.State: TIMED_WAITING
        at java.base@21.0.5/jdk.internal.misc.Unsafe.park(Native Method)
        at java.base@21.0.5/java.util.concurrent.locks.LockSupport.parkNanos(LockSupport.java:269)
        at java.base@21.0.5/java.util.concurrent.locks.AbstractQueuedSynchronizer$ConditionObject.awaitNanos(AbstractQueuedSynchronizer.java:1763)
        at java.base@21.0.5/java.util.concurrent.LinkedBlockingQueue.poll(LinkedBlockingQueue.java:460)
        at app//org.apache.hadoop.ipc.CallQueueManager.take(CallQueueManager.java:370)
        at app//org.apache.hadoop.ipc.Server$Handler.run(Server.java:3165)
"qtp874186099-565" daemon prio=5 tid=565 runnable
java.lang.Thread.State: RUNNABLE
        at java.base@21.0.5/sun.nio.ch.EPoll.wait(Native Method)
        at java.base@21.0.5/sun.nio.ch.EPollSelectorImpl.doSelect(EPollSelectorImpl.java:121)
        at java.base@21.0.5/sun.nio.ch.SelectorImpl.lockAndDoSelect(SelectorImpl.java:130)
        at java.base@21.0.5/sun.nio.ch.SelectorImpl.select(SelectorImpl.java:147)
        at app//org.eclipse.jetty.io.ManagedSelector.nioSelect(ManagedSelector.java:183)
        at app//org.eclipse.jetty.io.ManagedSelector.select(ManagedSelector.java:190)
        at app//org.eclipse.jetty.io.ManagedSelector$SelectorProducer.select(ManagedSelector.java:606)
        at app//org.eclipse.jetty.io.ManagedSelector$SelectorProducer.produce(ManagedSelector.java:543)
        at app//org.eclipse.jetty.util.thread.strategy.EatWhatYouKill.produceTask(EatWhatYouKill.java:362)
        at app//org.eclipse.jetty.util.thread.strategy.EatWhatYouKill.doProduce(EatWhatYouKill.java:186)
        at app//org.eclipse.jetty.util.thread.strategy.EatWhatYouKill.tryProduce(EatWhatYouKill.java:173)
        at app//org.eclipse.jetty.util.thread.strategy.EatWhatYouKill.produce(EatWhatYouKill.java:137)
        at app//org.eclipse.jetty.io.ManagedSelector$$Lambda/0x00007fd9cc65d0d0.run(Unknown Source)
        at app//org.eclipse.jetty.util.thread.QueuedThreadPool.runJob(QueuedThreadPool.java:883)
        at app//org.eclipse.jetty.util.thread.QueuedThreadPool$Runner.run(QueuedThreadPool.java:1034)
        at java.base@21.0.5/java.lang.Thread.runWith(Thread.java:1596)
        at java.base@21.0.5/java.lang.Thread.run(Thread.java:1583)
"02fc1759-725d-47af-8349-873c9c5c9167@group-40AB9B634D2B-LeaderStateImpl" daemon prio=5 tid=1971 timed_waiting
java.lang.Thread.State: TIMED_WAITING
        at java.base@21.0.5/jdk.internal.misc.Unsafe.park(Native Method)
        at java.base@21.0.5/java.util.concurrent.locks.LockSupport.parkNanos(LockSupport.java:269)
        at java.base@21.0.5/java.util.concurrent.locks.AbstractQueuedSynchronizer$ConditionObject.awaitNanos(AbstractQueuedSynchronizer.java:1763)
        at java.base@21.0.5/java.util.concurrent.ArrayBlockingQueue.poll(ArrayBlockingQueue.java:435)
        at app//org.apache.ratis.server.impl.LeaderStateImpl$EventQueue.poll(LeaderStateImpl.java:164)
        at app//org.apache.ratis.server.impl.LeaderStateImpl$EventProcessor.run(LeaderStateImpl.java:763)
"qtp1757232703-2484-acceptor-0@6452a79e-ServerConnector@48e1928a{HTTP/1.1, (http/1.1)}{0.0.0.0:15074}" daemon prio=3 tid=2484 runnable
java.lang.Thread.State: RUNNABLE
        at java.base@21.0.5/sun.nio.ch.Net.accept(Native Method)
        at java.base@21.0.5/sun.nio.ch.ServerSocketChannelImpl.implAccept(ServerSocketChannelImpl.java:433)
        at java.base@21.0.5/sun.nio.ch.ServerSocketChannelImpl.accept(ServerSocketChannelImpl.java:399)
        at app//org.eclipse.jetty.server.ServerConnector.accept(ServerConnector.java:388)
        at app//org.eclipse.jetty.server.AbstractConnector$Acceptor.run(AbstractConnector.java:704)
        at app//org.eclipse.jetty.util.thread.QueuedThreadPool.runJob(QueuedThreadPool.java:883)
        at app//org.eclipse.jetty.util.thread.QueuedThreadPool$Runner.run(QueuedThreadPool.java:1034)
        at java.base@21.0.5/java.lang.Thread.runWith(Thread.java:1596)
        at java.base@21.0.5/java.lang.Thread.run(Thread.java:1583)
"IPC Server handler 25 on default port 15001" daemon prio=5 tid=239 timed_waiting
java.lang.Thread.State: TIMED_WAITING
        at java.base@21.0.5/jdk.internal.misc.Unsafe.park(Native Method)
        at java.base@21.0.5/java.util.concurrent.locks.LockSupport.parkNanos(LockSupport.java:269)
        at java.base@21.0.5/java.util.concurrent.locks.AbstractQueuedSynchronizer$ConditionObject.awaitNanos(AbstractQueuedSynchronizer.java:1763)
        at java.base@21.0.5/java.util.concurrent.LinkedBlockingQueue.poll(LinkedBlockingQueue.java:460)
        at app//org.apache.hadoop.ipc.CallQueueManager.take(CallQueueManager.java:370)
        at app//org.apache.hadoop.ipc.Server$Handler.run(Server.java:3165)
"Socket Reader #9 for port 15093"  prio=5 tid=1010 runnable
java.lang.Thread.State: RUNNABLE
        at java.base@21.0.5/sun.nio.ch.EPoll.wait(Native Method)
        at java.base@21.0.5/sun.nio.ch.EPollSelectorImpl.doSelect(EPollSelectorImpl.java:121)
        at java.base@21.0.5/sun.nio.ch.SelectorImpl.lockAndDoSelect(SelectorImpl.java:130)
        at java.base@21.0.5/sun.nio.ch.SelectorImpl.select(SelectorImpl.java:147)
        at app//org.apache.hadoop.ipc.Server$Listener$Reader.doRunLoop(Server.java:1497)
        at app//org.apache.hadoop.ipc.Server$Listener$Reader.run(Server.java:1476)
"om1-SnapshotDeletingService#0" daemon prio=5 tid=471 timed_waiting
java.lang.Thread.State: TIMED_WAITING
        at java.base@21.0.5/jdk.internal.misc.Unsafe.park(Native Method)
        at java.base@21.0.5/java.util.concurrent.locks.LockSupport.parkNanos(LockSupport.java:269)
        at java.base@21.0.5/java.util.concurrent.locks.AbstractQueuedSynchronizer$ConditionObject.awaitNanos(AbstractQueuedSynchronizer.java:1763)
        at java.base@21.0.5/java.util.concurrent.ScheduledThreadPoolExecutor$DelayedWorkQueue.take(ScheduledThreadPoolExecutor.java:1182)
        at java.base@21.0.5/java.util.concurrent.ScheduledThreadPoolExecutor$DelayedWorkQueue.take(ScheduledThreadPoolExecutor.java:899)
        at java.base@21.0.5/java.util.concurrent.ThreadPoolExecutor.getTask(ThreadPoolExecutor.java:1070)
        at java.base@21.0.5/java.util.concurrent.ThreadPoolExecutor.runWorker(ThreadPoolExecutor.java:1130)
        at java.base@21.0.5/java.util.concurrent.ThreadPoolExecutor$Worker.run(ThreadPoolExecutor.java:642)
        at java.base@21.0.5/java.lang.Thread.runWith(Thread.java:1596)
        at java.base@21.0.5/java.lang.Thread.run(Thread.java:1583)
"3296053d-9d54-4057-a6a8-67c4b6ec6587-ContainerReplicationThread-1" daemon prio=5 tid=2866 timed_waiting
java.lang.Thread.State: TIMED_WAITING
        at java.base@21.0.5/java.lang.Thread.sleep0(Native Method)
        at java.base@21.0.5/java.lang.Thread.sleep(Thread.java:509)
        at app//org.apache.ozone.test.GenericTestUtils.waitFor(GenericTestUtils.java:217)
        at app//org.apache.hadoop.ozone.container.TestECContainerRecovery.lambda$testECContainerRecoveryWithTimedOutRecovery$1(TestECContainerRecovery.java:321)
        at app//org.apache.hadoop.ozone.container.TestECContainerRecovery$$Lambda/0x00007fd9ccc0d1e8.answer(Unknown Source)
        at app//org.mockito.internal.stubbing.StubbedInvocationMatcher.answer(StubbedInvocationMatcher.java:42)
        at app//org.mockito.internal.handler.MockHandlerImpl.handle(MockHandlerImpl.java:103)
        at app//org.mockito.internal.handler.NullResultGuardian.handle(NullResultGuardian.java:29)
        at app//org.mockito.internal.handler.InvocationNotifierHandler.handle(InvocationNotifierHandler.java:34)
        at app//org.mockito.internal.creation.bytebuddy.MockMethodInterceptor.doIntercept(MockMethodInterceptor.java:82)
        at app//org.mockito.internal.creation.bytebuddy.MockMethodAdvice.handle(MockMethodAdvice.java:134)
        at app//org.apache.hadoop.ozone.container.ec.reconstruction.ECReconstructionCoordinator.reconstructECBlockGroup(ECReconstructionCoordinator.java:243)
        at app//org.apache.hadoop.ozone.container.ec.reconstruction.ECReconstructionCoordinator.reconstructECContainerGroup(ECReconstructionCoordinator.java:180)
        at java.base@21.0.5/java.lang.invoke.LambdaForm$DMH/0x00007fd9ccc14800.invokeVirtual(LambdaForm$DMH)
        at java.base@21.0.5/java.lang.invoke.LambdaForm$MH/0x00007fd9ccc1b400.invoke(LambdaForm$MH)
        at java.base@21.0.5/java.lang.invoke.LambdaForm$MH/0x00007fd9ccc19400.invoke(LambdaForm$MH)
        at java.base@21.0.5/java.lang.invoke.Invokers$Holder.invokeExact_MT(Invokers$Holder)
        at java.base@21.0.5/java.lang.invoke.MethodHandle.invokeWithArguments(MethodHandle.java:733)
        at org.mockito.internal.util.reflection.InstrumentationMemberAccessor$Dispatcher$ByteBuddy$r8gir1Hn.invokeWithArguments(Unknown Source)
        at app//org.mockito.internal.util.reflection.InstrumentationMemberAccessor.invoke(InstrumentationMemberAccessor.java:242)
        at app//org.mockito.internal.util.reflection.ModuleMemberAccessor.invoke(ModuleMemberAccessor.java:55)
        at app//org.mockito.internal.creation.bytebuddy.MockMethodAdvice.tryInvoke(MockMethodAdvice.java:314)
        at app//org.mockito.internal.creation.bytebuddy.MockMethodAdvice.access$500(MockMethodAdvice.java:64)
        at app//org.mockito.internal.creation.bytebuddy.MockMethodAdvice$RealMethodCall.invoke(MockMethodAdvice.java:234)
        at app//org.mockito.internal.invocation.InterceptedInvocation.callRealMethod(InterceptedInvocation.java:142)
        at app//org.mockito.internal.stubbing.answers.CallsRealMethods.answer(CallsRealMethods.java:45)
        at app//org.mockito.Answers.answer(Answers.java:90)
        at app//org.mockito.internal.handler.MockHandlerImpl.handle(MockHandlerImpl.java:111)
        at app//org.mockito.internal.handler.NullResultGuardian.handle(NullResultGuardian.java:29)
        at app//org.mockito.internal.handler.InvocationNotifierHandler.handle(InvocationNotifierHandler.java:34)
        at app//org.mockito.internal.creation.bytebuddy.MockMethodInterceptor.doIntercept(MockMethodInterceptor.java:82)
        at app//org.mockito.internal.creation.bytebuddy.MockMethodAdvice.handle(MockMethodAdvice.java:134)
        at app//org.apache.hadoop.ozone.container.ec.reconstruction.ECReconstructionCoordinator.reconstructECContainerGroup(ECReconstructionCoordinator.java:150)
        at app//org.apache.hadoop.ozone.container.ec.reconstruction.ECReconstructionCoordinatorTask.runTask(ECReconstructionCoordinatorTask.java:78)
        at app//org.apache.hadoop.ozone.container.replication.ReplicationSupervisor$TaskRunner.run(ReplicationSupervisor.java:401)
        at java.base@21.0.5/java.util.concurrent.ThreadPoolExecutor.runWorker(ThreadPoolExecutor.java:1144)
        at java.base@21.0.5/java.util.concurrent.ThreadPoolExecutor$Worker.run(ThreadPoolExecutor.java:642)
        at java.base@21.0.5/java.lang.Thread.runWith(Thread.java:1596)
        at java.base@21.0.5/java.lang.Thread.run(Thread.java:1583)
"IPC Server handler 50 on default port 15002" daemon prio=5 tid=382 timed_waiting
java.lang.Thread.State: TIMED_WAITING
        at java.base@21.0.5/jdk.internal.misc.Unsafe.park(Native Method)
        at java.base@21.0.5/java.util.concurrent.locks.LockSupport.parkNanos(LockSupport.java:269)
        at java.base@21.0.5/java.util.concurrent.locks.AbstractQueuedSynchronizer$ConditionObject.awaitNanos(AbstractQueuedSynchronizer.java:1763)
        at java.base@21.0.5/java.util.concurrent.LinkedBlockingQueue.poll(LinkedBlockingQueue.java:460)
        at app//org.apache.hadoop.ipc.CallQueueManager.take(CallQueueManager.java:370)
        at app//org.apache.hadoop.ipc.Server$Handler.run(Server.java:3165)
"751e45cc-852a-454f-97c8-e80f2befe6f4@group-AE8CA6FC1197-SegmentedRaftLogWorker" daemon prio=5 tid=1250 timed_waiting
java.lang.Thread.State: TIMED_WAITING
        at java.base@21.0.5/jdk.internal.misc.Unsafe.park(Native Method)
        at java.base@21.0.5/java.util.concurrent.locks.LockSupport.parkNanos(LockSupport.java:269)
        at java.base@21.0.5/java.util.concurrent.locks.AbstractQueuedSynchronizer$ConditionObject.awaitNanos(AbstractQueuedSynchronizer.java:1763)
        at app//org.apache.ratis.util.DataBlockingQueue.poll(DataBlockingQueue.java:148)
        at app//org.apache.ratis.server.raftlog.segmented.SegmentedRaftLogWorker.run(SegmentedRaftLogWorker.java:307)
        at app//org.apache.ratis.server.raftlog.segmented.SegmentedRaftLogWorker$$Lambda/0x00007fd9cc334298.run(Unknown Source)
        at java.base@21.0.5/java.util.concurrent.Executors$RunnableAdapter.call(Executors.java:572)
        at java.base@21.0.5/java.util.concurrent.FutureTask.run(FutureTask.java:317)
        at java.base@21.0.5/java.util.concurrent.ThreadPoolExecutor.runWorker(ThreadPoolExecutor.java:1144)
        at java.base@21.0.5/java.util.concurrent.ThreadPoolExecutor$Worker.run(ThreadPoolExecutor.java:642)
        at java.base@21.0.5/java.lang.Thread.runWith(Thread.java:1596)
        at java.base@21.0.5/java.lang.Thread.run(Thread.java:1583)
"4b5ea8a3-88a5-4114-908f-7a85f39bc1cb-DatanodeReportManager-2" daemon prio=5 tid=694 timed_waiting
java.lang.Thread.State: TIMED_WAITING
        at java.base@21.0.5/jdk.internal.misc.Unsafe.park(Native Method)
        at java.base@21.0.5/java.util.concurrent.locks.LockSupport.parkNanos(LockSupport.java:269)
        at java.base@21.0.5/java.util.concurrent.locks.AbstractQueuedSynchronizer$ConditionObject.awaitNanos(AbstractQueuedSynchronizer.java:1763)
        at java.base@21.0.5/java.util.concurrent.ScheduledThreadPoolExecutor$DelayedWorkQueue.take(ScheduledThreadPoolExecutor.java:1182)
        at java.base@21.0.5/java.util.concurrent.ScheduledThreadPoolExecutor$DelayedWorkQueue.take(ScheduledThreadPoolExecutor.java:899)
        at java.base@21.0.5/java.util.concurrent.ThreadPoolExecutor.getTask(ThreadPoolExecutor.java:1070)
        at java.base@21.0.5/java.util.concurrent.ThreadPoolExecutor.runWorker(ThreadPoolExecutor.java:1130)
        at java.base@21.0.5/java.util.concurrent.ThreadPoolExecutor$Worker.run(ThreadPoolExecutor.java:642)
        at java.base@21.0.5/java.lang.Thread.runWith(Thread.java:1596)
        at java.base@21.0.5/java.lang.Thread.run(Thread.java:1583)
"4b5ea8a3-88a5-4114-908f-7a85f39bc1cb@group-33E612B207F7->3296053d-9d54-4057-a6a8-67c4b6ec6587-GrpcLogAppender-LogAppenderDaemon" daemon prio=5 tid=1879 timed_waiting
java.lang.Thread.State: TIMED_WAITING
        at java.base@21.0.5/jdk.internal.misc.Unsafe.park(Native Method)
        at java.base@21.0.5/java.util.concurrent.locks.LockSupport.parkNanos(LockSupport.java:269)
        at java.base@21.0.5/java.util.concurrent.locks.AbstractQueuedSynchronizer$ConditionObject.await(AbstractQueuedSynchronizer.java:1852)
        at app//org.apache.ratis.util.AwaitForSignal.await(AwaitForSignal.java:65)
        at app//org.apache.ratis.grpc.server.GrpcLogAppender.mayWait(GrpcLogAppender.java:290)
        at app//org.apache.ratis.grpc.server.GrpcLogAppender.run(GrpcLogAppender.java:258)
        at app//org.apache.ratis.server.leader.LogAppenderDaemon.run(LogAppenderDaemon.java:80)
        at app//org.apache.ratis.server.leader.LogAppenderDaemon$$Lambda/0x00007fd9cc91b588.run(Unknown Source)
        at java.base@21.0.5/java.lang.Thread.runWith(Thread.java:1596)
        at java.base@21.0.5/java.lang.Thread.run(Thread.java:1583)
"3296053d-9d54-4057-a6a8-67c4b6ec6587@group-69B381BA0E06-cacheEviction-AwaitToRun" daemon prio=5 tid=1224 in Object.wait()
java.lang.Thread.State: WAITING (on object monitor)
        at java.base@21.0.5/jdk.internal.misc.Unsafe.park(Native Method)
        at java.base@21.0.5/java.util.concurrent.locks.LockSupport.park(LockSupport.java:371)
        at java.base@21.0.5/java.util.concurrent.locks.AbstractQueuedSynchronizer$ConditionNode.block(AbstractQueuedSynchronizer.java:519)
        at java.base@21.0.5/java.util.concurrent.ForkJoinPool.unmanagedBlock(ForkJoinPool.java:3780)
        at java.base@21.0.5/java.util.concurrent.ForkJoinPool.managedBlock(ForkJoinPool.java:3725)
        at java.base@21.0.5/java.util.concurrent.locks.AbstractQueuedSynchronizer$ConditionObject.await(AbstractQueuedSynchronizer.java:1712)
        at app//org.apache.ratis.util.AwaitForSignal.await(AwaitForSignal.java:48)
        at app//org.apache.ratis.util.AwaitToRun$RunnableImpl.run(AwaitToRun.java:47)
        at java.base@21.0.5/java.lang.Thread.runWith(Thread.java:1596)
        at java.base@21.0.5/java.lang.Thread.run(Thread.java:1583)
"79978ed1-1a5c-4832-b584-9e2d85f03cd7@group-69B381BA0E06-StateMachineUpdater" daemon prio=5 tid=1213 timed_waiting
java.lang.Thread.State: TIMED_WAITING
        at java.base@21.0.5/jdk.internal.misc.Unsafe.park(Native Method)
        at java.base@21.0.5/java.util.concurrent.locks.LockSupport.parkNanos(LockSupport.java:269)
        at java.base@21.0.5/java.util.concurrent.locks.AbstractQueuedSynchronizer$ConditionObject.await(AbstractQueuedSynchronizer.java:1852)
        at app//org.apache.ratis.util.AwaitForSignal.await(AwaitForSignal.java:65)
        at app//org.apache.ratis.server.impl.StateMachineUpdater.waitForCommit(StateMachineUpdater.java:219)
        at app//org.apache.ratis.server.impl.StateMachineUpdater.run(StateMachineUpdater.java:187)
        at java.base@21.0.5/java.lang.Thread.runWith(Thread.java:1596)
        at java.base@21.0.5/java.lang.Thread.run(Thread.java:1583)
"79978ed1-1a5c-4832-b584-9e2d85f03cd7@group-17ECB58173E6-LeaderStateImpl" daemon prio=5 tid=2163 timed_waiting
java.lang.Thread.State: TIMED_WAITING
        at java.base@21.0.5/jdk.internal.misc.Unsafe.park(Native Method)
        at java.base@21.0.5/java.util.concurrent.locks.LockSupport.parkNanos(LockSupport.java:269)
        at java.base@21.0.5/java.util.concurrent.locks.AbstractQueuedSynchronizer$ConditionObject.awaitNanos(AbstractQueuedSynchronizer.java:1763)
        at java.base@21.0.5/java.util.concurrent.ArrayBlockingQueue.poll(ArrayBlockingQueue.java:435)
        at app//org.apache.ratis.server.impl.LeaderStateImpl$EventQueue.poll(LeaderStateImpl.java:164)
        at app//org.apache.ratis.server.impl.LeaderStateImpl$EventProcessor.run(LeaderStateImpl.java:763)
"FullTableCache-Cleanup-0" daemon prio=5 tid=433 timed_waiting
java.lang.Thread.State: TIMED_WAITING
        at java.base@21.0.5/jdk.internal.misc.Unsafe.park(Native Method)
        at java.base@21.0.5/java.util.concurrent.locks.LockSupport.parkNanos(LockSupport.java:269)
        at java.base@21.0.5/java.util.concurrent.locks.AbstractQueuedSynchronizer$ConditionObject.awaitNanos(AbstractQueuedSynchronizer.java:1763)
        at java.base@21.0.5/java.util.concurrent.ScheduledThreadPoolExecutor$DelayedWorkQueue.take(ScheduledThreadPoolExecutor.java:1182)
        at java.base@21.0.5/java.util.concurrent.ScheduledThreadPoolExecutor$DelayedWorkQueue.take(ScheduledThreadPoolExecutor.java:899)
        at java.base@21.0.5/java.util.concurrent.ThreadPoolExecutor.getTask(ThreadPoolExecutor.java:1070)
        at java.base@21.0.5/java.util.concurrent.ThreadPoolExecutor.runWorker(ThreadPoolExecutor.java:1130)
        at java.base@21.0.5/java.util.concurrent.ThreadPoolExecutor$Worker.run(ThreadPoolExecutor.java:642)
        at java.base@21.0.5/java.lang.Thread.runWith(Thread.java:1596)
        at java.base@21.0.5/java.lang.Thread.run(Thread.java:1583)
"IPC Server handler 5 on default port 15030" daemon prio=5 tid=640 timed_waiting
java.lang.Thread.State: TIMED_WAITING
        at java.base@21.0.5/jdk.internal.misc.Unsafe.park(Native Method)
        at java.base@21.0.5/java.util.concurrent.locks.LockSupport.parkNanos(LockSupport.java:269)
        at java.base@21.0.5/java.util.concurrent.locks.AbstractQueuedSynchronizer$ConditionObject.awaitNanos(AbstractQueuedSynchronizer.java:1763)
        at java.base@21.0.5/java.util.concurrent.LinkedBlockingQueue.poll(LinkedBlockingQueue.java:460)
        at app//org.apache.hadoop.ipc.CallQueueManager.take(CallQueueManager.java:370)
        at app//org.apache.hadoop.ipc.Server$Handler.run(Server.java:3165)
"79978ed1-1a5c-4832-b584-9e2d85f03cd7@group-66FA7163FB5C-cacheEviction-AwaitToRun" daemon prio=5 tid=1384 in Object.wait()
java.lang.Thread.State: WAITING (on object monitor)
        at java.base@21.0.5/jdk.internal.misc.Unsafe.park(Native Method)
        at java.base@21.0.5/java.util.concurrent.locks.LockSupport.park(LockSupport.java:371)
        at java.base@21.0.5/java.util.concurrent.locks.AbstractQueuedSynchronizer$ConditionNode.block(AbstractQueuedSynchronizer.java:519)
        at java.base@21.0.5/java.util.concurrent.ForkJoinPool.unmanagedBlock(ForkJoinPool.java:3780)
        at java.base@21.0.5/java.util.concurrent.ForkJoinPool.managedBlock(ForkJoinPool.java:3725)
        at java.base@21.0.5/java.util.concurrent.locks.AbstractQueuedSynchronizer$ConditionObject.await(AbstractQueuedSynchronizer.java:1712)
        at app//org.apache.ratis.util.AwaitForSignal.await(AwaitForSignal.java:48)
        at app//org.apache.ratis.util.AwaitToRun$RunnableImpl.run(AwaitToRun.java:47)
        at java.base@21.0.5/java.lang.Thread.runWith(Thread.java:1596)
        at java.base@21.0.5/java.lang.Thread.run(Thread.java:1583)
"ac32094a-198b-4072-99dd-552311e88daf@group-B4DF6D08F4AD-LeaderStateImpl" daemon prio=5 tid=2373 timed_waiting
java.lang.Thread.State: TIMED_WAITING
        at java.base@21.0.5/jdk.internal.misc.Unsafe.park(Native Method)
        at java.base@21.0.5/java.util.concurrent.locks.LockSupport.parkNanos(LockSupport.java:269)
        at java.base@21.0.5/java.util.concurrent.locks.AbstractQueuedSynchronizer$ConditionObject.awaitNanos(AbstractQueuedSynchronizer.java:1763)
        at java.base@21.0.5/java.util.concurrent.ArrayBlockingQueue.poll(ArrayBlockingQueue.java:435)
        at app//org.apache.ratis.server.impl.LeaderStateImpl$EventQueue.poll(LeaderStateImpl.java:164)
        at app//org.apache.ratis.server.impl.LeaderStateImpl$EventProcessor.run(LeaderStateImpl.java:763)
"timer6" daemon prio=5 tid=1829 timed_waiting
java.lang.Thread.State: TIMED_WAITING
        at java.base@21.0.5/java.lang.Object.wait0(Native Method)
        at java.base@21.0.5/java.lang.Object.wait(Object.java:366)
        at java.base@21.0.5/java.util.TimerThread.mainLoop(Timer.java:563)
        at java.base@21.0.5/java.util.TimerThread.run(Timer.java:516)
"b6b79d51-52d7-4711-a690-06a51533978a-DatanodeReportManager-3" daemon prio=5 tid=741 in Object.wait()
java.lang.Thread.State: WAITING (on object monitor)
        at java.base@21.0.5/jdk.internal.misc.Unsafe.park(Native Method)
        at java.base@21.0.5/java.util.concurrent.locks.LockSupport.park(LockSupport.java:371)
        at java.base@21.0.5/java.util.concurrent.locks.AbstractQueuedSynchronizer$ConditionNode.block(AbstractQueuedSynchronizer.java:519)
        at java.base@21.0.5/java.util.concurrent.ForkJoinPool.unmanagedBlock(ForkJoinPool.java:3780)
        at java.base@21.0.5/java.util.concurrent.ForkJoinPool.managedBlock(ForkJoinPool.java:3725)
        at java.base@21.0.5/java.util.concurrent.locks.AbstractQueuedSynchronizer$ConditionObject.await(AbstractQueuedSynchronizer.java:1712)
        at java.base@21.0.5/java.util.concurrent.ScheduledThreadPoolExecutor$DelayedWorkQueue.take(ScheduledThreadPoolExecutor.java:1177)
        at java.base@21.0.5/java.util.concurrent.ScheduledThreadPoolExecutor$DelayedWorkQueue.take(ScheduledThreadPoolExecutor.java:899)
        at java.base@21.0.5/java.util.concurrent.ThreadPoolExecutor.getTask(ThreadPoolExecutor.java:1070)
        at java.base@21.0.5/java.util.concurrent.ThreadPoolExecutor.runWorker(ThreadPoolExecutor.java:1130)
        at java.base@21.0.5/java.util.concurrent.ThreadPoolExecutor$Worker.run(ThreadPoolExecutor.java:642)
        at java.base@21.0.5/java.lang.Thread.runWith(Thread.java:1596)
        at java.base@21.0.5/java.lang.Thread.run(Thread.java:1583)
"IPC Server handler 9 on default port 15066" daemon prio=5 tid=828 timed_waiting
java.lang.Thread.State: TIMED_WAITING
        at java.base@21.0.5/jdk.internal.misc.Unsafe.park(Native Method)
        at java.base@21.0.5/java.util.concurrent.locks.LockSupport.parkNanos(LockSupport.java:269)
        at java.base@21.0.5/java.util.concurrent.locks.AbstractQueuedSynchronizer$ConditionObject.awaitNanos(AbstractQueuedSynchronizer.java:1763)
        at java.base@21.0.5/java.util.concurrent.LinkedBlockingQueue.poll(LinkedBlockingQueue.java:460)
        at app//org.apache.hadoop.ipc.CallQueueManager.take(CallQueueManager.java:370)
        at app//org.apache.hadoop.ipc.Server$Handler.run(Server.java:3165)
"Session-HouseKeeper-7cef2f2d-1"  prio=5 tid=618 timed_waiting
java.lang.Thread.State: TIMED_WAITING
        at java.base@21.0.5/jdk.internal.misc.Unsafe.park(Native Method)
        at java.base@21.0.5/java.util.concurrent.locks.LockSupport.parkNanos(LockSupport.java:269)
        at java.base@21.0.5/java.util.concurrent.locks.AbstractQueuedSynchronizer$ConditionObject.awaitNanos(AbstractQueuedSynchronizer.java:1763)
        at java.base@21.0.5/java.util.concurrent.ScheduledThreadPoolExecutor$DelayedWorkQueue.take(ScheduledThreadPoolExecutor.java:1182)
        at java.base@21.0.5/java.util.concurrent.ScheduledThreadPoolExecutor$DelayedWorkQueue.take(ScheduledThreadPoolExecutor.java:899)
        at java.base@21.0.5/java.util.concurrent.ThreadPoolExecutor.getTask(ThreadPoolExecutor.java:1070)
        at java.base@21.0.5/java.util.concurrent.ThreadPoolExecutor.runWorker(ThreadPoolExecutor.java:1130)
        at java.base@21.0.5/java.util.concurrent.ThreadPoolExecutor$Worker.run(ThreadPoolExecutor.java:642)
        at java.base@21.0.5/java.lang.Thread.runWith(Thread.java:1596)
        at java.base@21.0.5/java.lang.Thread.run(Thread.java:1583)
"02fc1759-725d-47af-8349-873c9c5c9167-RocksDBCompactionThread-0"  prio=5 tid=559 timed_waiting
java.lang.Thread.State: TIMED_WAITING
        at java.base@21.0.5/jdk.internal.misc.Unsafe.park(Native Method)
        at java.base@21.0.5/java.util.concurrent.locks.LockSupport.parkNanos(LockSupport.java:269)
        at java.base@21.0.5/java.util.concurrent.locks.AbstractQueuedSynchronizer$ConditionObject.awaitNanos(AbstractQueuedSynchronizer.java:1763)
        at java.base@21.0.5/java.util.concurrent.ScheduledThreadPoolExecutor$DelayedWorkQueue.take(ScheduledThreadPoolExecutor.java:1182)
        at java.base@21.0.5/java.util.concurrent.ScheduledThreadPoolExecutor$DelayedWorkQueue.take(ScheduledThreadPoolExecutor.java:899)
        at java.base@21.0.5/java.util.concurrent.ThreadPoolExecutor.getTask(ThreadPoolExecutor.java:1070)
        at java.base@21.0.5/java.util.concurrent.ThreadPoolExecutor.runWorker(ThreadPoolExecutor.java:1130)
        at java.base@21.0.5/java.util.concurrent.ThreadPoolExecutor$Worker.run(ThreadPoolExecutor.java:642)
        at java.base@21.0.5/java.lang.Thread.runWith(Thread.java:1596)
        at java.base@21.0.5/java.lang.Thread.run(Thread.java:1583)
"Socket Reader #10 for port 15001"  prio=5 tid=79 runnable
java.lang.Thread.State: RUNNABLE
        at java.base@21.0.5/sun.nio.ch.EPoll.wait(Native Method)
        at java.base@21.0.5/sun.nio.ch.EPollSelectorImpl.doSelect(EPollSelectorImpl.java:121)
        at java.base@21.0.5/sun.nio.ch.SelectorImpl.lockAndDoSelect(SelectorImpl.java:130)
        at java.base@21.0.5/sun.nio.ch.SelectorImpl.select(SelectorImpl.java:147)
        at app//org.apache.hadoop.ipc.Server$Listener$Reader.doRunLoop(Server.java:1497)
        at app//org.apache.hadoop.ipc.Server$Listener$Reader.run(Server.java:1476)
"IPC Server handler 86 on default port 15000" daemon prio=5 tid=200 timed_waiting
java.lang.Thread.State: TIMED_WAITING
        at java.base@21.0.5/jdk.internal.misc.Unsafe.park(Native Method)
        at java.base@21.0.5/java.util.concurrent.locks.LockSupport.parkNanos(LockSupport.java:269)
        at java.base@21.0.5/java.util.concurrent.locks.AbstractQueuedSynchronizer$ConditionObject.awaitNanos(AbstractQueuedSynchronizer.java:1763)
        at java.base@21.0.5/java.util.concurrent.LinkedBlockingQueue.poll(LinkedBlockingQueue.java:460)
        at app//org.apache.hadoop.ipc.CallQueueManager.take(CallQueueManager.java:370)
        at app//org.apache.hadoop.ipc.Server$Handler.run(Server.java:3165)
"ac32094a-198b-4072-99dd-552311e88daf-ChunkWriter-1-0" daemon prio=5 tid=1156 in Object.wait()
java.lang.Thread.State: WAITING (on object monitor)
        at java.base@21.0.5/jdk.internal.misc.Unsafe.park(Native Method)
        at java.base@21.0.5/java.util.concurrent.locks.LockSupport.park(LockSupport.java:371)
        at java.base@21.0.5/java.util.concurrent.locks.AbstractQueuedSynchronizer$ConditionNode.block(AbstractQueuedSynchronizer.java:519)
        at java.base@21.0.5/java.util.concurrent.ForkJoinPool.unmanagedBlock(ForkJoinPool.java:3780)
        at java.base@21.0.5/java.util.concurrent.ForkJoinPool.managedBlock(ForkJoinPool.java:3725)
        at java.base@21.0.5/java.util.concurrent.locks.AbstractQueuedSynchronizer$ConditionObject.await(AbstractQueuedSynchronizer.java:1712)
        at java.base@21.0.5/java.util.concurrent.LinkedBlockingDeque.takeFirst(LinkedBlockingDeque.java:485)
        at java.base@21.0.5/java.util.concurrent.LinkedBlockingDeque.take(LinkedBlockingDeque.java:673)
        at java.base@21.0.5/java.util.concurrent.ThreadPoolExecutor.getTask(ThreadPoolExecutor.java:1070)
        at java.base@21.0.5/java.util.concurrent.ThreadPoolExecutor.runWorker(ThreadPoolExecutor.java:1130)
        at java.base@21.0.5/java.util.concurrent.ThreadPoolExecutor$Worker.run(ThreadPoolExecutor.java:642)
        at java.base@21.0.5/java.lang.Thread.runWith(Thread.java:1596)
        at java.base@21.0.5/java.lang.Thread.run(Thread.java:1583)
"IPC Server handler 16 on default port 15006" daemon prio=5 tid=507 timed_waiting
java.lang.Thread.State: TIMED_WAITING
        at java.base@21.0.5/jdk.internal.misc.Unsafe.park(Native Method)
        at java.base@21.0.5/java.util.concurrent.locks.LockSupport.parkNanos(LockSupport.java:269)
        at java.base@21.0.5/java.util.concurrent.locks.AbstractQueuedSynchronizer$ConditionObject.awaitNanos(AbstractQueuedSynchronizer.java:1763)
        at java.base@21.0.5/java.util.concurrent.LinkedBlockingQueue.poll(LinkedBlockingQueue.java:460)
        at app//org.apache.hadoop.ipc.CallQueueManager.take(CallQueueManager.java:370)
        at app//org.apache.hadoop.ipc.Server$Handler.run(Server.java:3165)
"751e45cc-852a-454f-97c8-e80f2befe6f4@group-A6DF87581CD1-cacheEviction-AwaitToRun" daemon prio=5 tid=1306 in Object.wait()
java.lang.Thread.State: WAITING (on object monitor)
        at java.base@21.0.5/jdk.internal.misc.Unsafe.park(Native Method)
        at java.base@21.0.5/java.util.concurrent.locks.LockSupport.park(LockSupport.java:371)
        at java.base@21.0.5/java.util.concurrent.locks.AbstractQueuedSynchronizer$ConditionNode.block(AbstractQueuedSynchronizer.java:519)
        at java.base@21.0.5/java.util.concurrent.ForkJoinPool.unmanagedBlock(ForkJoinPool.java:3780)
        at java.base@21.0.5/java.util.concurrent.ForkJoinPool.managedBlock(ForkJoinPool.java:3725)
        at java.base@21.0.5/java.util.concurrent.locks.AbstractQueuedSynchronizer$ConditionObject.await(AbstractQueuedSynchronizer.java:1712)
        at app//org.apache.ratis.util.AwaitForSignal.await(AwaitForSignal.java:48)
        at app//org.apache.ratis.util.AwaitToRun$RunnableImpl.run(AwaitToRun.java:47)
        at java.base@21.0.5/java.lang.Thread.runWith(Thread.java:1596)
        at java.base@21.0.5/java.lang.Thread.run(Thread.java:1583)
"4b5ea8a3-88a5-4114-908f-7a85f39bc1cb-server-thread3" daemon prio=5 tid=2006 timed_waiting
java.lang.Thread.State: TIMED_WAITING
        at java.base@21.0.5/jdk.internal.misc.Unsafe.park(Native Method)
        at java.base@21.0.5/java.util.concurrent.locks.LockSupport.parkNanos(LockSupport.java:410)
        at java.base@21.0.5/java.util.concurrent.LinkedTransferQueue$DualNode.await(LinkedTransferQueue.java:452)
        at java.base@21.0.5/java.util.concurrent.SynchronousQueue$Transferer.xferLifo(SynchronousQueue.java:194)
        at java.base@21.0.5/java.util.concurrent.SynchronousQueue.xfer(SynchronousQueue.java:235)
        at java.base@21.0.5/java.util.concurrent.SynchronousQueue.poll(SynchronousQueue.java:338)
        at java.base@21.0.5/java.util.concurrent.ThreadPoolExecutor.getTask(ThreadPoolExecutor.java:1069)
        at java.base@21.0.5/java.util.concurrent.ThreadPoolExecutor.runWorker(ThreadPoolExecutor.java:1130)
        at java.base@21.0.5/java.util.concurrent.ThreadPoolExecutor$Worker.run(ThreadPoolExecutor.java:642)
        at java.base@21.0.5/java.lang.Thread.runWith(Thread.java:1596)
        at java.base@21.0.5/java.lang.Thread.run(Thread.java:1583)
"4b5ea8a3-88a5-4114-908f-7a85f39bc1cb-NettyServerStreamRpc-bossGroup--thread1"  prio=5 tid=654 runnable
java.lang.Thread.State: RUNNABLE
        at app//org.apache.ratis.thirdparty.io.netty.channel.epoll.Native.epollWait(Native Method)
        at app//org.apache.ratis.thirdparty.io.netty.channel.epoll.Native.epollWait(Native.java:220)
        at app//org.apache.ratis.thirdparty.io.netty.channel.epoll.Native.epollWait(Native.java:213)
        at app//org.apache.ratis.thirdparty.io.netty.channel.epoll.EpollEventLoop.epollWaitNoTimerChange(EpollEventLoop.java:308)
        at app//org.apache.ratis.thirdparty.io.netty.channel.epoll.EpollEventLoop.run(EpollEventLoop.java:365)
        at app//org.apache.ratis.thirdparty.io.netty.util.concurrent.SingleThreadEventExecutor$4.run(SingleThreadEventExecutor.java:997)
        at app//org.apache.ratis.thirdparty.io.netty.util.internal.ThreadExecutorMap$2.run(ThreadExecutorMap.java:74)
        at java.base@21.0.5/java.lang.Thread.runWith(Thread.java:1596)
        at java.base@21.0.5/java.lang.Thread.run(Thread.java:1583)
"IPC Server handler 5 on default port 15093" daemon prio=5 tid=1020 timed_waiting
java.lang.Thread.State: TIMED_WAITING
        at java.base@21.0.5/jdk.internal.misc.Unsafe.park(Native Method)
        at java.base@21.0.5/java.util.concurrent.locks.LockSupport.parkNanos(LockSupport.java:269)
        at java.base@21.0.5/java.util.concurrent.locks.AbstractQueuedSynchronizer$ConditionObject.awaitNanos(AbstractQueuedSynchronizer.java:1763)
        at java.base@21.0.5/java.util.concurrent.LinkedBlockingQueue.poll(LinkedBlockingQueue.java:460)
        at app//org.apache.hadoop.ipc.CallQueueManager.take(CallQueueManager.java:370)
        at app//org.apache.hadoop.ipc.Server$Handler.run(Server.java:3165)
"Notification Thread" daemon prio=9 tid=22 runnable
java.lang.Thread.State: RUNNABLE
"IPC Server handler 80 on default port 15000" daemon prio=5 tid=194 timed_waiting
java.lang.Thread.State: TIMED_WAITING
        at java.base@21.0.5/jdk.internal.misc.Unsafe.park(Native Method)
        at java.base@21.0.5/java.util.concurrent.locks.LockSupport.parkNanos(LockSupport.java:269)
        at java.base@21.0.5/java.util.concurrent.locks.AbstractQueuedSynchronizer$ConditionObject.awaitNanos(AbstractQueuedSynchronizer.java:1763)
        at java.base@21.0.5/java.util.concurrent.LinkedBlockingQueue.poll(LinkedBlockingQueue.java:460)
        at app//org.apache.hadoop.ipc.CallQueueManager.take(CallQueueManager.java:370)
        at app//org.apache.hadoop.ipc.Server$Handler.run(Server.java:3165)
"StaleRecoveringContainerScrubbingService#8" daemon prio=5 tid=2886 in Object.wait()
java.lang.Thread.State: WAITING (on object monitor)
        at java.base@21.0.5/jdk.internal.misc.Unsafe.park(Native Method)
        at java.base@21.0.5/java.util.concurrent.locks.LockSupport.park(LockSupport.java:371)
        at java.base@21.0.5/java.util.concurrent.locks.AbstractQueuedSynchronizer$ConditionNode.block(AbstractQueuedSynchronizer.java:519)
        at java.base@21.0.5/java.util.concurrent.ForkJoinPool.unmanagedBlock(ForkJoinPool.java:3780)
        at java.base@21.0.5/java.util.concurrent.ForkJoinPool.managedBlock(ForkJoinPool.java:3725)
        at java.base@21.0.5/java.util.concurrent.locks.AbstractQueuedSynchronizer$ConditionObject.await(AbstractQueuedSynchronizer.java:1712)
        at java.base@21.0.5/java.util.concurrent.ScheduledThreadPoolExecutor$DelayedWorkQueue.take(ScheduledThreadPoolExecutor.java:1177)
        at java.base@21.0.5/java.util.concurrent.ScheduledThreadPoolExecutor$DelayedWorkQueue.take(ScheduledThreadPoolExecutor.java:899)
        at java.base@21.0.5/java.util.concurrent.ThreadPoolExecutor.getTask(ThreadPoolExecutor.java:1070)
        at java.base@21.0.5/java.util.concurrent.ThreadPoolExecutor.runWorker(ThreadPoolExecutor.java:1130)
        at java.base@21.0.5/java.util.concurrent.ThreadPoolExecutor$Worker.run(ThreadPoolExecutor.java:642)
        at java.base@21.0.5/java.lang.Thread.runWith(Thread.java:1596)
        at java.base@21.0.5/java.lang.Thread.run(Thread.java:1583)
"IPC Server handler 2 on default port 15006" daemon prio=5 tid=493 timed_waiting
java.lang.Thread.State: TIMED_WAITING
        at java.base@21.0.5/jdk.internal.misc.Unsafe.park(Native Method)
        at java.base@21.0.5/java.util.concurrent.locks.LockSupport.parkNanos(LockSupport.java:269)
        at java.base@21.0.5/java.util.concurrent.locks.AbstractQueuedSynchronizer$ConditionObject.awaitNanos(AbstractQueuedSynchronizer.java:1763)
        at java.base@21.0.5/java.util.concurrent.LinkedBlockingQueue.poll(LinkedBlockingQueue.java:460)
        at app//org.apache.hadoop.ipc.CallQueueManager.take(CallQueueManager.java:370)
        at app//org.apache.hadoop.ipc.Server$Handler.run(Server.java:3165)
"Socket Reader #7 for port 15001"  prio=5 tid=76 runnable
java.lang.Thread.State: RUNNABLE
        at java.base@21.0.5/sun.nio.ch.EPoll.wait(Native Method)
        at java.base@21.0.5/sun.nio.ch.EPollSelectorImpl.doSelect(EPollSelectorImpl.java:121)
        at java.base@21.0.5/sun.nio.ch.SelectorImpl.lockAndDoSelect(SelectorImpl.java:130)
        at java.base@21.0.5/sun.nio.ch.SelectorImpl.select(SelectorImpl.java:147)
        at app//org.apache.hadoop.ipc.Server$Listener$Reader.doRunLoop(Server.java:1497)
        at app//org.apache.hadoop.ipc.Server$Listener$Reader.run(Server.java:1476)
"79978ed1-1a5c-4832-b584-9e2d85f03cd7-BlockDeletingService#0" daemon prio=5 tid=868 timed_waiting
java.lang.Thread.State: TIMED_WAITING
        at java.base@21.0.5/jdk.internal.misc.Unsafe.park(Native Method)
        at java.base@21.0.5/java.util.concurrent.locks.LockSupport.parkNanos(LockSupport.java:269)
        at java.base@21.0.5/java.util.concurrent.locks.AbstractQueuedSynchronizer$ConditionObject.awaitNanos(AbstractQueuedSynchronizer.java:1763)
        at java.base@21.0.5/java.util.concurrent.ScheduledThreadPoolExecutor$DelayedWorkQueue.take(ScheduledThreadPoolExecutor.java:1182)
        at java.base@21.0.5/java.util.concurrent.ScheduledThreadPoolExecutor$DelayedWorkQueue.take(ScheduledThreadPoolExecutor.java:899)
        at java.base@21.0.5/java.util.concurrent.ThreadPoolExecutor.getTask(ThreadPoolExecutor.java:1070)
        at java.base@21.0.5/java.util.concurrent.ThreadPoolExecutor.runWorker(ThreadPoolExecutor.java:1130)
        at java.base@21.0.5/java.util.concurrent.ThreadPoolExecutor$Worker.run(ThreadPoolExecutor.java:642)
        at java.base@21.0.5/java.lang.Thread.runWith(Thread.java:1596)
        at java.base@21.0.5/java.lang.Thread.run(Thread.java:1583)
"02fc1759-725d-47af-8349-873c9c5c9167@group-5233A358D31F-SegmentedRaftLogWorker"  prio=5 tid=1589 timed_waiting
java.lang.Thread.State: TIMED_WAITING
        at java.base@21.0.5/jdk.internal.misc.Unsafe.park(Native Method)
        at java.base@21.0.5/java.util.concurrent.locks.LockSupport.parkNanos(LockSupport.java:269)
        at java.base@21.0.5/java.util.concurrent.locks.AbstractQueuedSynchronizer$ConditionObject.awaitNanos(AbstractQueuedSynchronizer.java:1763)
        at app//org.apache.ratis.util.DataBlockingQueue.poll(DataBlockingQueue.java:148)
        at app//org.apache.ratis.server.raftlog.segmented.SegmentedRaftLogWorker.run(SegmentedRaftLogWorker.java:307)
        at app//org.apache.ratis.server.raftlog.segmented.SegmentedRaftLogWorker$$Lambda/0x00007fd9cc334298.run(Unknown Source)
        at java.base@21.0.5/java.util.concurrent.Executors$RunnableAdapter.call(Executors.java:572)
        at java.base@21.0.5/java.util.concurrent.FutureTask.run(FutureTask.java:317)
        at java.base@21.0.5/java.util.concurrent.ThreadPoolExecutor.runWorker(ThreadPoolExecutor.java:1144)
        at java.base@21.0.5/java.util.concurrent.ThreadPoolExecutor$Worker.run(ThreadPoolExecutor.java:642)
        at java.base@21.0.5/java.lang.Thread.runWith(Thread.java:1596)
        at java.base@21.0.5/java.lang.Thread.run(Thread.java:1583)
"Socket Reader #1 for port 15012"  prio=5 tid=528 runnable
java.lang.Thread.State: RUNNABLE
        at java.base@21.0.5/sun.nio.ch.EPoll.wait(Native Method)
        at java.base@21.0.5/sun.nio.ch.EPollSelectorImpl.doSelect(EPollSelectorImpl.java:121)
        at java.base@21.0.5/sun.nio.ch.SelectorImpl.lockAndDoSelect(SelectorImpl.java:130)
        at java.base@21.0.5/sun.nio.ch.SelectorImpl.select(SelectorImpl.java:147)
        at app//org.apache.hadoop.ipc.Server$Listener$Reader.doRunLoop(Server.java:1497)
        at app//org.apache.hadoop.ipc.Server$Listener$Reader.run(Server.java:1476)
"ac32094a-198b-4072-99dd-552311e88daf-DatanodeStateMachineTaskThread-1"  prio=5 tid=1147 in Object.wait()
java.lang.Thread.State: WAITING (on object monitor)
        at java.base@21.0.5/jdk.internal.misc.Unsafe.park(Native Method)
        at java.base@21.0.5/java.util.concurrent.locks.LockSupport.park(LockSupport.java:371)
        at java.base@21.0.5/java.util.concurrent.locks.AbstractQueuedSynchronizer$ConditionNode.block(AbstractQueuedSynchronizer.java:519)
        at java.base@21.0.5/java.util.concurrent.ForkJoinPool.unmanagedBlock(ForkJoinPool.java:3780)
        at java.base@21.0.5/java.util.concurrent.ForkJoinPool.managedBlock(ForkJoinPool.java:3725)
        at java.base@21.0.5/java.util.concurrent.locks.AbstractQueuedSynchronizer$ConditionObject.await(AbstractQueuedSynchronizer.java:1712)
        at java.base@21.0.5/java.util.concurrent.LinkedBlockingQueue.take(LinkedBlockingQueue.java:435)
        at java.base@21.0.5/java.util.concurrent.ThreadPoolExecutor.getTask(ThreadPoolExecutor.java:1070)
        at java.base@21.0.5/java.util.concurrent.ThreadPoolExecutor.runWorker(ThreadPoolExecutor.java:1130)
        at java.base@21.0.5/java.util.concurrent.ThreadPoolExecutor$Worker.run(ThreadPoolExecutor.java:642)
        at java.base@21.0.5/java.lang.Thread.runWith(Thread.java:1596)
        at java.base@21.0.5/java.lang.Thread.run(Thread.java:1583)
"02fc1759-725d-47af-8349-873c9c5c9167-server-thread1" daemon prio=5 tid=2208 timed_waiting
java.lang.Thread.State: TIMED_WAITING
        at java.base@21.0.5/jdk.internal.misc.Unsafe.park(Native Method)
        at java.base@21.0.5/java.util.concurrent.locks.LockSupport.parkNanos(LockSupport.java:410)
        at java.base@21.0.5/java.util.concurrent.LinkedTransferQueue$DualNode.await(LinkedTransferQueue.java:452)
        at java.base@21.0.5/java.util.concurrent.SynchronousQueue$Transferer.xferLifo(SynchronousQueue.java:194)
        at java.base@21.0.5/java.util.concurrent.SynchronousQueue.xfer(SynchronousQueue.java:235)
        at java.base@21.0.5/java.util.concurrent.SynchronousQueue.poll(SynchronousQueue.java:338)
        at java.base@21.0.5/java.util.concurrent.ThreadPoolExecutor.getTask(ThreadPoolExecutor.java:1069)
        at java.base@21.0.5/java.util.concurrent.ThreadPoolExecutor.runWorker(ThreadPoolExecutor.java:1130)
        at java.base@21.0.5/java.util.concurrent.ThreadPoolExecutor$Worker.run(ThreadPoolExecutor.java:642)
        at java.base@21.0.5/java.lang.Thread.runWith(Thread.java:1596)
        at java.base@21.0.5/java.lang.Thread.run(Thread.java:1583)
"Socket Reader #8 for port 15057"  prio=5 tid=767 runnable
java.lang.Thread.State: RUNNABLE
        at java.base@21.0.5/sun.nio.ch.EPoll.wait(Native Method)
        at java.base@21.0.5/sun.nio.ch.EPollSelectorImpl.doSelect(EPollSelectorImpl.java:121)
        at java.base@21.0.5/sun.nio.ch.SelectorImpl.lockAndDoSelect(SelectorImpl.java:130)
        at java.base@21.0.5/sun.nio.ch.SelectorImpl.select(SelectorImpl.java:147)
        at app//org.apache.hadoop.ipc.Server$Listener$Reader.doRunLoop(Server.java:1497)
        at app//org.apache.hadoop.ipc.Server$Listener$Reader.run(Server.java:1476)
"ac32094a-198b-4072-99dd-552311e88daf-CommandProcessorThread" daemon prio=5 tid=1030 timed_waiting
java.lang.Thread.State: TIMED_WAITING
        at java.base@21.0.5/java.lang.Thread.sleep0(Native Method)
        at java.base@21.0.5/java.lang.Thread.sleep(Thread.java:509)
        at app//org.apache.hadoop.ozone.container.common.statemachine.DatanodeStateMachine.lambda$initCommandHandlerThread$4(DatanodeStateMachine.java:670)
        at app//org.apache.hadoop.ozone.container.common.statemachine.DatanodeStateMachine$$Lambda/0x00007fd9cc7d5ae8.run(Unknown Source)
        at java.base@21.0.5/java.lang.Thread.runWith(Thread.java:1596)
        at java.base@21.0.5/java.lang.Thread.run(Thread.java:1583)
"ac32094a-198b-4072-99dd-552311e88daf-ChunkReader-9" daemon prio=5 tid=2698 in Object.wait()
java.lang.Thread.State: WAITING (on object monitor)
        at java.base@21.0.5/jdk.internal.misc.Unsafe.park(Native Method)
        at java.base@21.0.5/java.util.concurrent.locks.LockSupport.park(LockSupport.java:371)
        at java.base@21.0.5/java.util.concurrent.locks.AbstractQueuedSynchronizer$ConditionNode.block(AbstractQueuedSynchronizer.java:519)
        at java.base@21.0.5/java.util.concurrent.ForkJoinPool.unmanagedBlock(ForkJoinPool.java:3780)
        at java.base@21.0.5/java.util.concurrent.ForkJoinPool.managedBlock(ForkJoinPool.java:3725)
        at java.base@21.0.5/java.util.concurrent.locks.AbstractQueuedSynchronizer$ConditionObject.await(AbstractQueuedSynchronizer.java:1712)
        at java.base@21.0.5/java.util.concurrent.LinkedBlockingQueue.take(LinkedBlockingQueue.java:435)
        at java.base@21.0.5/java.util.concurrent.ThreadPoolExecutor.getTask(ThreadPoolExecutor.java:1070)
        at java.base@21.0.5/java.util.concurrent.ThreadPoolExecutor.runWorker(ThreadPoolExecutor.java:1130)
        at java.base@21.0.5/java.util.concurrent.ThreadPoolExecutor$Worker.run(ThreadPoolExecutor.java:642)
        at java.base@21.0.5/java.lang.Thread.runWith(Thread.java:1596)
        at java.base@21.0.5/java.lang.Thread.run(Thread.java:1583)
"IPC Server handler 3 on default port 15001" daemon prio=5 tid=217 timed_waiting
java.lang.Thread.State: TIMED_WAITING
        at java.base@21.0.5/jdk.internal.misc.Unsafe.park(Native Method)
        at java.base@21.0.5/java.util.concurrent.locks.LockSupport.parkNanos(LockSupport.java:269)
        at java.base@21.0.5/java.util.concurrent.locks.AbstractQueuedSynchronizer$ConditionObject.awaitNanos(AbstractQueuedSynchronizer.java:1763)
        at java.base@21.0.5/java.util.concurrent.LinkedBlockingQueue.poll(LinkedBlockingQueue.java:460)
        at app//org.apache.hadoop.ipc.CallQueueManager.take(CallQueueManager.java:370)
        at app//org.apache.hadoop.ipc.Server$Handler.run(Server.java:3165)
"4b5ea8a3-88a5-4114-908f-7a85f39bc1cb@group-84CADC6795ED-LeaderStateImpl" daemon prio=5 tid=2085 timed_waiting
java.lang.Thread.State: TIMED_WAITING
        at java.base@21.0.5/jdk.internal.misc.Unsafe.park(Native Method)
        at java.base@21.0.5/java.util.concurrent.locks.LockSupport.parkNanos(LockSupport.java:269)
        at java.base@21.0.5/java.util.concurrent.locks.AbstractQueuedSynchronizer$ConditionObject.awaitNanos(AbstractQueuedSynchronizer.java:1763)
        at java.base@21.0.5/java.util.concurrent.ArrayBlockingQueue.poll(ArrayBlockingQueue.java:435)
        at app//org.apache.ratis.server.impl.LeaderStateImpl$EventQueue.poll(LeaderStateImpl.java:164)
        at app//org.apache.ratis.server.impl.LeaderStateImpl$EventProcessor.run(LeaderStateImpl.java:763)
"Hadoop-Metrics-Updater-0" daemon prio=5 tid=82 timed_waiting
java.lang.Thread.State: TIMED_WAITING
        at java.base@21.0.5/jdk.internal.misc.Unsafe.park(Native Method)
        at java.base@21.0.5/java.util.concurrent.locks.LockSupport.parkNanos(LockSupport.java:269)
        at java.base@21.0.5/java.util.concurrent.locks.AbstractQueuedSynchronizer$ConditionObject.awaitNanos(AbstractQueuedSynchronizer.java:1763)
        at java.base@21.0.5/java.util.concurrent.ScheduledThreadPoolExecutor$DelayedWorkQueue.take(ScheduledThreadPoolExecutor.java:1182)
        at java.base@21.0.5/java.util.concurrent.ScheduledThreadPoolExecutor$DelayedWorkQueue.take(ScheduledThreadPoolExecutor.java:899)
        at java.base@21.0.5/java.util.concurrent.ThreadPoolExecutor.getTask(ThreadPoolExecutor.java:1070)
        at java.base@21.0.5/java.util.concurrent.ThreadPoolExecutor.runWorker(ThreadPoolExecutor.java:1130)
        at java.base@21.0.5/java.util.concurrent.ThreadPoolExecutor$Worker.run(ThreadPoolExecutor.java:642)
        at java.base@21.0.5/java.lang.Thread.runWith(Thread.java:1596)
        at java.base@21.0.5/java.lang.Thread.run(Thread.java:1583)
"ac32094a-198b-4072-99dd-552311e88daf-DatanodeStateMachineDaemonThread" daemon prio=5 tid=1025 timed_waiting
java.lang.Thread.State: TIMED_WAITING
        at java.base@21.0.5/java.lang.Thread.sleep0(Native Method)
        at java.base@21.0.5/java.lang.Thread.sleep(Thread.java:509)
        at app//org.apache.hadoop.ozone.container.common.statemachine.DatanodeStateMachine.startStateMachineThread(DatanodeStateMachine.java:358)
        at app//org.apache.hadoop.ozone.container.common.statemachine.DatanodeStateMachine.lambda$startDaemon$1(DatanodeStateMachine.java:544)
        at app//org.apache.hadoop.ozone.container.common.statemachine.DatanodeStateMachine$$Lambda/0x00007fd9cc7d49d8.run(Unknown Source)
        at java.base@21.0.5/java.lang.Thread.runWith(Thread.java:1596)
        at java.base@21.0.5/java.lang.Thread.run(Thread.java:1583)
"IPC Server handler 66 on default port 15002" daemon prio=5 tid=398 timed_waiting
java.lang.Thread.State: TIMED_WAITING
        at java.base@21.0.5/jdk.internal.misc.Unsafe.park(Native Method)
        at java.base@21.0.5/java.util.concurrent.locks.LockSupport.parkNanos(LockSupport.java:269)
        at java.base@21.0.5/java.util.concurrent.locks.AbstractQueuedSynchronizer$ConditionObject.awaitNanos(AbstractQueuedSynchronizer.java:1763)
        at java.base@21.0.5/java.util.concurrent.LinkedBlockingQueue.poll(LinkedBlockingQueue.java:460)
        at app//org.apache.hadoop.ipc.CallQueueManager.take(CallQueueManager.java:370)
        at app//org.apache.hadoop.ipc.Server$Handler.run(Server.java:3165)
"751e45cc-852a-454f-97c8-e80f2befe6f4@group-33E612B207F7-cacheEviction-AwaitToRun" daemon prio=5 tid=1294 in Object.wait()
java.lang.Thread.State: WAITING (on object monitor)
        at java.base@21.0.5/jdk.internal.misc.Unsafe.park(Native Method)
        at java.base@21.0.5/java.util.concurrent.locks.LockSupport.park(LockSupport.java:371)
        at java.base@21.0.5/java.util.concurrent.locks.AbstractQueuedSynchronizer$ConditionNode.block(AbstractQueuedSynchronizer.java:519)
        at java.base@21.0.5/java.util.concurrent.ForkJoinPool.unmanagedBlock(ForkJoinPool.java:3780)
        at java.base@21.0.5/java.util.concurrent.ForkJoinPool.managedBlock(ForkJoinPool.java:3725)
        at java.base@21.0.5/java.util.concurrent.locks.AbstractQueuedSynchronizer$ConditionObject.await(AbstractQueuedSynchronizer.java:1712)
        at app//org.apache.ratis.util.AwaitForSignal.await(AwaitForSignal.java:48)
        at app//org.apache.ratis.util.AwaitToRun$RunnableImpl.run(AwaitToRun.java:47)
        at java.base@21.0.5/java.lang.Thread.runWith(Thread.java:1596)
        at java.base@21.0.5/java.lang.Thread.run(Thread.java:1583)
"Socket Reader #6 for port 15048"  prio=5 tid=719 runnable
java.lang.Thread.State: RUNNABLE
        at java.base@21.0.5/sun.nio.ch.EPoll.wait(Native Method)
        at java.base@21.0.5/sun.nio.ch.EPollSelectorImpl.doSelect(EPollSelectorImpl.java:121)
        at java.base@21.0.5/sun.nio.ch.SelectorImpl.lockAndDoSelect(SelectorImpl.java:130)
        at java.base@21.0.5/sun.nio.ch.SelectorImpl.select(SelectorImpl.java:147)
        at app//org.apache.hadoop.ipc.Server$Listener$Reader.doRunLoop(Server.java:1497)
        at app//org.apache.hadoop.ipc.Server$Listener$Reader.run(Server.java:1476)
"qtp874186099-564" daemon prio=5 tid=564 runnable
java.lang.Thread.State: RUNNABLE
        at java.base@21.0.5/sun.nio.ch.EPoll.wait(Native Method)
        at java.base@21.0.5/sun.nio.ch.EPollSelectorImpl.doSelect(EPollSelectorImpl.java:121)
        at java.base@21.0.5/sun.nio.ch.SelectorImpl.lockAndDoSelect(SelectorImpl.java:130)
        at java.base@21.0.5/sun.nio.ch.SelectorImpl.select(SelectorImpl.java:147)
        at app//org.eclipse.jetty.io.ManagedSelector.nioSelect(ManagedSelector.java:183)
        at app//org.eclipse.jetty.io.ManagedSelector.select(ManagedSelector.java:190)
        at app//org.eclipse.jetty.io.ManagedSelector$SelectorProducer.select(ManagedSelector.java:606)
        at app//org.eclipse.jetty.io.ManagedSelector$SelectorProducer.produce(ManagedSelector.java:543)
        at app//org.eclipse.jetty.util.thread.strategy.EatWhatYouKill.produceTask(EatWhatYouKill.java:362)
        at app//org.eclipse.jetty.util.thread.strategy.EatWhatYouKill.doProduce(EatWhatYouKill.java:186)
        at app//org.eclipse.jetty.util.thread.strategy.EatWhatYouKill.tryProduce(EatWhatYouKill.java:173)
        at app//org.eclipse.jetty.util.thread.strategy.EatWhatYouKill.produce(EatWhatYouKill.java:137)
        at app//org.eclipse.jetty.io.ManagedSelector$$Lambda/0x00007fd9cc65d0d0.run(Unknown Source)
        at app//org.eclipse.jetty.util.thread.QueuedThreadPool.runJob(QueuedThreadPool.java:883)
        at app//org.eclipse.jetty.util.thread.QueuedThreadPool$Runner.run(QueuedThreadPool.java:1034)
        at java.base@21.0.5/java.lang.Thread.runWith(Thread.java:1596)
        at java.base@21.0.5/java.lang.Thread.run(Thread.java:1583)
"ac32094a-198b-4072-99dd-552311e88daf-server-thread2" daemon prio=5 tid=2295 timed_waiting
java.lang.Thread.State: TIMED_WAITING
        at java.base@21.0.5/jdk.internal.misc.Unsafe.park(Native Method)
        at java.base@21.0.5/java.util.concurrent.locks.LockSupport.parkNanos(LockSupport.java:410)
        at java.base@21.0.5/java.util.concurrent.LinkedTransferQueue$DualNode.await(LinkedTransferQueue.java:452)
        at java.base@21.0.5/java.util.concurrent.SynchronousQueue$Transferer.xferLifo(SynchronousQueue.java:194)
        at java.base@21.0.5/java.util.concurrent.SynchronousQueue.xfer(SynchronousQueue.java:235)
        at java.base@21.0.5/java.util.concurrent.SynchronousQueue.poll(SynchronousQueue.java:338)
        at java.base@21.0.5/java.util.concurrent.ThreadPoolExecutor.getTask(ThreadPoolExecutor.java:1069)
        at java.base@21.0.5/java.util.concurrent.ThreadPoolExecutor.runWorker(ThreadPoolExecutor.java:1130)
        at java.base@21.0.5/java.util.concurrent.ThreadPoolExecutor$Worker.run(ThreadPoolExecutor.java:642)
        at java.base@21.0.5/java.lang.Thread.runWith(Thread.java:1596)
        at java.base@21.0.5/java.lang.Thread.run(Thread.java:1583)
"Socket Reader #6 for port 15000"  prio=5 tid=89 runnable
java.lang.Thread.State: RUNNABLE
        at java.base@21.0.5/sun.nio.ch.EPoll.wait(Native Method)
        at java.base@21.0.5/sun.nio.ch.EPollSelectorImpl.doSelect(EPollSelectorImpl.java:121)
        at java.base@21.0.5/sun.nio.ch.SelectorImpl.lockAndDoSelect(SelectorImpl.java:130)
        at java.base@21.0.5/sun.nio.ch.SelectorImpl.select(SelectorImpl.java:147)
        at app//org.apache.hadoop.ipc.Server$Listener$Reader.doRunLoop(Server.java:1497)
        at app//org.apache.hadoop.ipc.Server$Listener$Reader.run(Server.java:1476)
"4b5ea8a3-88a5-4114-908f-7a85f39bc1cb-DatanodeReportManager-0" daemon prio=5 tid=692 in Object.wait()
java.lang.Thread.State: WAITING (on object monitor)
        at java.base@21.0.5/jdk.internal.misc.Unsafe.park(Native Method)
        at java.base@21.0.5/java.util.concurrent.locks.LockSupport.park(LockSupport.java:371)
        at java.base@21.0.5/java.util.concurrent.locks.AbstractQueuedSynchronizer$ConditionNode.block(AbstractQueuedSynchronizer.java:519)
        at java.base@21.0.5/java.util.concurrent.ForkJoinPool.unmanagedBlock(ForkJoinPool.java:3780)
        at java.base@21.0.5/java.util.concurrent.ForkJoinPool.managedBlock(ForkJoinPool.java:3725)
        at java.base@21.0.5/java.util.concurrent.locks.AbstractQueuedSynchronizer$ConditionObject.await(AbstractQueuedSynchronizer.java:1712)
        at java.base@21.0.5/java.util.concurrent.ScheduledThreadPoolExecutor$DelayedWorkQueue.take(ScheduledThreadPoolExecutor.java:1177)
        at java.base@21.0.5/java.util.concurrent.ScheduledThreadPoolExecutor$DelayedWorkQueue.take(ScheduledThreadPoolExecutor.java:899)
        at java.base@21.0.5/java.util.concurrent.ThreadPoolExecutor.getTask(ThreadPoolExecutor.java:1070)
        at java.base@21.0.5/java.util.concurrent.ThreadPoolExecutor.runWorker(ThreadPoolExecutor.java:1130)
        at java.base@21.0.5/java.util.concurrent.ThreadPoolExecutor$Worker.run(ThreadPoolExecutor.java:642)
        at java.base@21.0.5/java.lang.Thread.runWith(Thread.java:1596)
        at java.base@21.0.5/java.lang.Thread.run(Thread.java:1583)
"eca5a246-1f8f-493f-b50d-7eee1f2fec76@group-29E8A10AA121-LeaderStateImpl" daemon prio=5 tid=2109 timed_waiting
java.lang.Thread.State: TIMED_WAITING
        at java.base@21.0.5/jdk.internal.misc.Unsafe.park(Native Method)
        at java.base@21.0.5/java.util.concurrent.locks.LockSupport.parkNanos(LockSupport.java:269)
        at java.base@21.0.5/java.util.concurrent.locks.AbstractQueuedSynchronizer$ConditionObject.awaitNanos(AbstractQueuedSynchronizer.java:1763)
        at java.base@21.0.5/java.util.concurrent.ArrayBlockingQueue.poll(ArrayBlockingQueue.java:435)
        at app//org.apache.ratis.server.impl.LeaderStateImpl$EventQueue.poll(LeaderStateImpl.java:164)
        at app//org.apache.ratis.server.impl.LeaderStateImpl$EventProcessor.run(LeaderStateImpl.java:763)
"StaleRecoveringContainerScrubbingService#3" daemon prio=5 tid=2437 in Object.wait()
java.lang.Thread.State: WAITING (on object monitor)
        at java.base@21.0.5/jdk.internal.misc.Unsafe.park(Native Method)
        at java.base@21.0.5/java.util.concurrent.locks.LockSupport.park(LockSupport.java:371)
        at java.base@21.0.5/java.util.concurrent.locks.AbstractQueuedSynchronizer$ConditionNode.block(AbstractQueuedSynchronizer.java:519)
        at java.base@21.0.5/java.util.concurrent.ForkJoinPool.unmanagedBlock(ForkJoinPool.java:3780)
        at java.base@21.0.5/java.util.concurrent.ForkJoinPool.managedBlock(ForkJoinPool.java:3725)
        at java.base@21.0.5/java.util.concurrent.locks.AbstractQueuedSynchronizer$ConditionObject.await(AbstractQueuedSynchronizer.java:1712)
        at java.base@21.0.5/java.util.concurrent.ScheduledThreadPoolExecutor$DelayedWorkQueue.take(ScheduledThreadPoolExecutor.java:1177)
        at java.base@21.0.5/java.util.concurrent.ScheduledThreadPoolExecutor$DelayedWorkQueue.take(ScheduledThreadPoolExecutor.java:899)
        at java.base@21.0.5/java.util.concurrent.ThreadPoolExecutor.getTask(ThreadPoolExecutor.java:1070)
        at java.base@21.0.5/java.util.concurrent.ThreadPoolExecutor.runWorker(ThreadPoolExecutor.java:1130)
        at java.base@21.0.5/java.util.concurrent.ThreadPoolExecutor$Worker.run(ThreadPoolExecutor.java:642)
        at java.base@21.0.5/java.lang.Thread.runWith(Thread.java:1596)
        at java.base@21.0.5/java.lang.Thread.run(Thread.java:1583)
"IPC Server handler 21 on default port 15001" daemon prio=5 tid=235 timed_waiting
java.lang.Thread.State: TIMED_WAITING
        at java.base@21.0.5/jdk.internal.misc.Unsafe.park(Native Method)
        at java.base@21.0.5/java.util.concurrent.locks.LockSupport.parkNanos(LockSupport.java:269)
        at java.base@21.0.5/java.util.concurrent.locks.AbstractQueuedSynchronizer$ConditionObject.awaitNanos(AbstractQueuedSynchronizer.java:1763)
        at java.base@21.0.5/java.util.concurrent.LinkedBlockingQueue.poll(LinkedBlockingQueue.java:460)
        at app//org.apache.hadoop.ipc.CallQueueManager.take(CallQueueManager.java:370)
        at app//org.apache.hadoop.ipc.Server$Handler.run(Server.java:3165)
"Common-Cleaner" daemon prio=8 tid=17 timed_waiting
java.lang.Thread.State: TIMED_WAITING
        at java.base@21.0.5/jdk.internal.misc.Unsafe.park(Native Method)
        at java.base@21.0.5/java.util.concurrent.locks.LockSupport.parkNanos(LockSupport.java:269)
        at java.base@21.0.5/java.util.concurrent.locks.AbstractQueuedSynchronizer$ConditionObject.await(AbstractQueuedSynchronizer.java:1852)
        at java.base@21.0.5/java.lang.ref.ReferenceQueue.await(ReferenceQueue.java:71)
        at java.base@21.0.5/java.lang.ref.ReferenceQueue.remove0(ReferenceQueue.java:143)
        at java.base@21.0.5/java.lang.ref.ReferenceQueue.remove(ReferenceQueue.java:218)
        at java.base@21.0.5/jdk.internal.ref.CleanerImpl.run(CleanerImpl.java:140)
        at java.base@21.0.5/java.lang.Thread.runWith(Thread.java:1596)
        at java.base@21.0.5/java.lang.Thread.run(Thread.java:1583)
        at java.base@21.0.5/jdk.internal.misc.InnocuousThread.run(InnocuousThread.java:186)
"IPC Server handler 57 on default port 15000" daemon prio=5 tid=171 timed_waiting
java.lang.Thread.State: TIMED_WAITING
        at java.base@21.0.5/jdk.internal.misc.Unsafe.park(Native Method)
        at java.base@21.0.5/java.util.concurrent.locks.LockSupport.parkNanos(LockSupport.java:269)
        at java.base@21.0.5/java.util.concurrent.locks.AbstractQueuedSynchronizer$ConditionObject.awaitNanos(AbstractQueuedSynchronizer.java:1763)
        at java.base@21.0.5/java.util.concurrent.LinkedBlockingQueue.poll(LinkedBlockingQueue.java:460)
        at app//org.apache.hadoop.ipc.CallQueueManager.take(CallQueueManager.java:370)
        at app//org.apache.hadoop.ipc.Server$Handler.run(Server.java:3165)
"StaleRecoveringContainerScrubbingService#4" daemon prio=5 tid=2523 in Object.wait()
java.lang.Thread.State: WAITING (on object monitor)
        at java.base@21.0.5/jdk.internal.misc.Unsafe.park(Native Method)
        at java.base@21.0.5/java.util.concurrent.locks.LockSupport.park(LockSupport.java:371)
        at java.base@21.0.5/java.util.concurrent.locks.AbstractQueuedSynchronizer$ConditionNode.block(AbstractQueuedSynchronizer.java:519)
        at java.base@21.0.5/java.util.concurrent.ForkJoinPool.unmanagedBlock(ForkJoinPool.java:3780)
        at java.base@21.0.5/java.util.concurrent.ForkJoinPool.managedBlock(ForkJoinPool.java:3725)
        at java.base@21.0.5/java.util.concurrent.locks.AbstractQueuedSynchronizer$ConditionObject.await(AbstractQueuedSynchronizer.java:1712)
        at java.base@21.0.5/java.util.concurrent.ScheduledThreadPoolExecutor$DelayedWorkQueue.take(ScheduledThreadPoolExecutor.java:1177)
        at java.base@21.0.5/java.util.concurrent.ScheduledThreadPoolExecutor$DelayedWorkQueue.take(ScheduledThreadPoolExecutor.java:899)
        at java.base@21.0.5/java.util.concurrent.ThreadPoolExecutor.getTask(ThreadPoolExecutor.java:1070)
        at java.base@21.0.5/java.util.concurrent.ThreadPoolExecutor.runWorker(ThreadPoolExecutor.java:1130)
        at java.base@21.0.5/java.util.concurrent.ThreadPoolExecutor$Worker.run(ThreadPoolExecutor.java:642)
        at java.base@21.0.5/java.lang.Thread.runWith(Thread.java:1596)
        at java.base@21.0.5/java.lang.Thread.run(Thread.java:1583)
"IPC Server handler 62 on default port 15002" daemon prio=5 tid=394 timed_waiting
java.lang.Thread.State: TIMED_WAITING
        at java.base@21.0.5/jdk.internal.misc.Unsafe.park(Native Method)
        at java.base@21.0.5/java.util.concurrent.locks.LockSupport.parkNanos(LockSupport.java:269)
        at java.base@21.0.5/java.util.concurrent.locks.AbstractQueuedSynchronizer$ConditionObject.awaitNanos(AbstractQueuedSynchronizer.java:1763)
        at java.base@21.0.5/java.util.concurrent.LinkedBlockingQueue.poll(LinkedBlockingQueue.java:460)
        at app//org.apache.hadoop.ipc.CallQueueManager.take(CallQueueManager.java:370)
        at app//org.apache.hadoop.ipc.Server$Handler.run(Server.java:3165)
"Socket Reader #8 for port 15039"  prio=5 tid=675 runnable
java.lang.Thread.State: RUNNABLE
        at java.base@21.0.5/sun.nio.ch.EPoll.wait(Native Method)
        at java.base@21.0.5/sun.nio.ch.EPollSelectorImpl.doSelect(EPollSelectorImpl.java:121)
        at java.base@21.0.5/sun.nio.ch.SelectorImpl.lockAndDoSelect(SelectorImpl.java:130)
        at java.base@21.0.5/sun.nio.ch.SelectorImpl.select(SelectorImpl.java:147)
        at app//org.apache.hadoop.ipc.Server$Listener$Reader.doRunLoop(Server.java:1497)
        at app//org.apache.hadoop.ipc.Server$Listener$Reader.run(Server.java:1476)
"Finalizer" daemon prio=8 tid=10 in Object.wait()
java.lang.Thread.State: WAITING (on object monitor)
        at java.base@21.0.5/java.lang.Object.wait0(Native Method)
        at java.base@21.0.5/java.lang.Object.wait(Object.java:366)
        at java.base@21.0.5/java.lang.Object.wait(Object.java:339)
        at java.base@21.0.5/java.lang.ref.NativeReferenceQueue.await(NativeReferenceQueue.java:48)
        at java.base@21.0.5/java.lang.ref.ReferenceQueue.remove0(ReferenceQueue.java:158)
        at java.base@21.0.5/java.lang.ref.NativeReferenceQueue.remove(NativeReferenceQueue.java:89)
        at java.base@21.0.5/java.lang.ref.Finalizer$FinalizerThread.run(Finalizer.java:173)
"StaleRecoveringContainerScrubbingService#5" daemon prio=5 tid=2635 in Object.wait()
java.lang.Thread.State: WAITING (on object monitor)
        at java.base@21.0.5/jdk.internal.misc.Unsafe.park(Native Method)
        at java.base@21.0.5/java.util.concurrent.locks.LockSupport.park(LockSupport.java:371)
        at java.base@21.0.5/java.util.concurrent.locks.AbstractQueuedSynchronizer$ConditionNode.block(AbstractQueuedSynchronizer.java:519)
        at java.base@21.0.5/java.util.concurrent.ForkJoinPool.unmanagedBlock(ForkJoinPool.java:3780)
        at java.base@21.0.5/java.util.concurrent.ForkJoinPool.managedBlock(ForkJoinPool.java:3725)
        at java.base@21.0.5/java.util.concurrent.locks.AbstractQueuedSynchronizer$ConditionObject.await(AbstractQueuedSynchronizer.java:1712)
        at java.base@21.0.5/java.util.concurrent.ScheduledThreadPoolExecutor$DelayedWorkQueue.take(ScheduledThreadPoolExecutor.java:1177)
        at java.base@21.0.5/java.util.concurrent.ScheduledThreadPoolExecutor$DelayedWorkQueue.take(ScheduledThreadPoolExecutor.java:899)
        at java.base@21.0.5/java.util.concurrent.ThreadPoolExecutor.getTask(ThreadPoolExecutor.java:1070)
        at java.base@21.0.5/java.util.concurrent.ThreadPoolExecutor.runWorker(ThreadPoolExecutor.java:1130)
        at java.base@21.0.5/java.util.concurrent.ThreadPoolExecutor$Worker.run(ThreadPoolExecutor.java:642)
        at java.base@21.0.5/java.lang.Thread.runWith(Thread.java:1596)
        at java.base@21.0.5/java.lang.Thread.run(Thread.java:1583)
"02fc1759-725d-47af-8349-873c9c5c9167-EndpointStateMachineTaskThread-/0.0.0.0:15002-0 "  prio=5 tid=911 in Object.wait()
java.lang.Thread.State: WAITING (on object monitor)
        at java.base@21.0.5/jdk.internal.misc.Unsafe.park(Native Method)
        at java.base@21.0.5/java.util.concurrent.locks.LockSupport.park(LockSupport.java:371)
        at java.base@21.0.5/java.util.concurrent.locks.AbstractQueuedSynchronizer$ConditionNode.block(AbstractQueuedSynchronizer.java:519)
        at java.base@21.0.5/java.util.concurrent.ForkJoinPool.unmanagedBlock(ForkJoinPool.java:3780)
        at java.base@21.0.5/java.util.concurrent.ForkJoinPool.managedBlock(ForkJoinPool.java:3725)
        at java.base@21.0.5/java.util.concurrent.locks.AbstractQueuedSynchronizer$ConditionObject.await(AbstractQueuedSynchronizer.java:1712)
        at java.base@21.0.5/java.util.concurrent.LinkedBlockingQueue.take(LinkedBlockingQueue.java:435)
        at java.base@21.0.5/java.util.concurrent.ThreadPoolExecutor.getTask(ThreadPoolExecutor.java:1070)
        at java.base@21.0.5/java.util.concurrent.ThreadPoolExecutor.runWorker(ThreadPoolExecutor.java:1130)
        at java.base@21.0.5/java.util.concurrent.ThreadPoolExecutor$Worker.run(ThreadPoolExecutor.java:642)
        at java.base@21.0.5/java.lang.Thread.runWith(Thread.java:1596)
        at java.base@21.0.5/java.lang.Thread.run(Thread.java:1583)
"b6b79d51-52d7-4711-a690-06a51533978a-RocksDBCompactionThread-0"  prio=5 tid=699 timed_waiting
java.lang.Thread.State: TIMED_WAITING
        at java.base@21.0.5/jdk.internal.misc.Unsafe.park(Native Method)
        at java.base@21.0.5/java.util.concurrent.locks.LockSupport.parkNanos(LockSupport.java:269)
        at java.base@21.0.5/java.util.concurrent.locks.AbstractQueuedSynchronizer$ConditionObject.awaitNanos(AbstractQueuedSynchronizer.java:1763)
        at java.base@21.0.5/java.util.concurrent.ScheduledThreadPoolExecutor$DelayedWorkQueue.take(ScheduledThreadPoolExecutor.java:1182)
        at java.base@21.0.5/java.util.concurrent.ScheduledThreadPoolExecutor$DelayedWorkQueue.take(ScheduledThreadPoolExecutor.java:899)
        at java.base@21.0.5/java.util.concurrent.ThreadPoolExecutor.getTask(ThreadPoolExecutor.java:1070)
        at java.base@21.0.5/java.util.concurrent.ThreadPoolExecutor.runWorker(ThreadPoolExecutor.java:1130)
        at java.base@21.0.5/java.util.concurrent.ThreadPoolExecutor$Worker.run(ThreadPoolExecutor.java:642)
        at java.base@21.0.5/java.lang.Thread.runWith(Thread.java:1596)
        at java.base@21.0.5/java.lang.Thread.run(Thread.java:1583)
"Socket Reader #6 for port 15030"  prio=5 tid=627 runnable
java.lang.Thread.State: RUNNABLE
        at java.base@21.0.5/sun.nio.ch.EPoll.wait(Native Method)
        at java.base@21.0.5/sun.nio.ch.EPollSelectorImpl.doSelect(EPollSelectorImpl.java:121)
        at java.base@21.0.5/sun.nio.ch.SelectorImpl.lockAndDoSelect(SelectorImpl.java:130)
        at java.base@21.0.5/sun.nio.ch.SelectorImpl.select(SelectorImpl.java:147)
        at app//org.apache.hadoop.ipc.Server$Listener$Reader.doRunLoop(Server.java:1497)
        at app//org.apache.hadoop.ipc.Server$Listener$Reader.run(Server.java:1476)
"IPC Server handler 65 on default port 15000" daemon prio=5 tid=179 timed_waiting
java.lang.Thread.State: TIMED_WAITING
        at java.base@21.0.5/jdk.internal.misc.Unsafe.park(Native Method)
        at java.base@21.0.5/java.util.concurrent.locks.LockSupport.parkNanos(LockSupport.java:269)
        at java.base@21.0.5/java.util.concurrent.locks.AbstractQueuedSynchronizer$ConditionObject.awaitNanos(AbstractQueuedSynchronizer.java:1763)
        at java.base@21.0.5/java.util.concurrent.LinkedBlockingQueue.poll(LinkedBlockingQueue.java:460)
        at app//org.apache.hadoop.ipc.CallQueueManager.take(CallQueueManager.java:370)
        at app//org.apache.hadoop.ipc.Server$Handler.run(Server.java:3165)
"15cb4571-9135-45da-b00b-37db09da0048@group-BF7D4C525004-cacheEviction-AwaitToRun" daemon prio=5 tid=107 in Object.wait()
java.lang.Thread.State: WAITING (on object monitor)
        at java.base@21.0.5/jdk.internal.misc.Unsafe.park(Native Method)
        at java.base@21.0.5/java.util.concurrent.locks.LockSupport.park(LockSupport.java:371)
        at java.base@21.0.5/java.util.concurrent.locks.AbstractQueuedSynchronizer$ConditionNode.block(AbstractQueuedSynchronizer.java:519)
        at java.base@21.0.5/java.util.concurrent.ForkJoinPool.unmanagedBlock(ForkJoinPool.java:3780)
        at java.base@21.0.5/java.util.concurrent.ForkJoinPool.managedBlock(ForkJoinPool.java:3725)
        at java.base@21.0.5/java.util.concurrent.locks.AbstractQueuedSynchronizer$ConditionObject.await(AbstractQueuedSynchronizer.java:1712)
        at app//org.apache.ratis.util.AwaitForSignal.await(AwaitForSignal.java:48)
        at app//org.apache.ratis.util.AwaitToRun$RunnableImpl.run(AwaitToRun.java:47)
        at java.base@21.0.5/java.lang.Thread.runWith(Thread.java:1596)
        at java.base@21.0.5/java.lang.Thread.run(Thread.java:1583)
"IPC Server handler 46 on default port 15000" daemon prio=5 tid=160 timed_waiting
java.lang.Thread.State: TIMED_WAITING
        at java.base@21.0.5/jdk.internal.misc.Unsafe.park(Native Method)
        at java.base@21.0.5/java.util.concurrent.locks.LockSupport.parkNanos(LockSupport.java:269)
        at java.base@21.0.5/java.util.concurrent.locks.AbstractQueuedSynchronizer$ConditionObject.awaitNanos(AbstractQueuedSynchronizer.java:1763)
        at java.base@21.0.5/java.util.concurrent.LinkedBlockingQueue.poll(LinkedBlockingQueue.java:460)
        at app//org.apache.hadoop.ipc.CallQueueManager.take(CallQueueManager.java:370)
        at app//org.apache.hadoop.ipc.Server$Handler.run(Server.java:3165)
"751e45cc-852a-454f-97c8-e80f2befe6f4@group-A6DF87581CD1->79978ed1-1a5c-4832-b584-9e2d85f03cd7-GrpcLogAppender-LogAppenderDaemon" daemon prio=5 tid=1931 timed_waiting
java.lang.Thread.State: TIMED_WAITING
        at java.base@21.0.5/jdk.internal.misc.Unsafe.park(Native Method)
        at java.base@21.0.5/java.util.concurrent.locks.LockSupport.parkNanos(LockSupport.java:269)
        at java.base@21.0.5/java.util.concurrent.locks.AbstractQueuedSynchronizer$ConditionObject.await(AbstractQueuedSynchronizer.java:1852)
        at app//org.apache.ratis.util.AwaitForSignal.await(AwaitForSignal.java:65)
        at app//org.apache.ratis.grpc.server.GrpcLogAppender.mayWait(GrpcLogAppender.java:290)
        at app//org.apache.ratis.grpc.server.GrpcLogAppender.run(GrpcLogAppender.java:258)
        at app//org.apache.ratis.server.leader.LogAppenderDaemon.run(LogAppenderDaemon.java:80)
        at app//org.apache.ratis.server.leader.LogAppenderDaemon$$Lambda/0x00007fd9cc91b588.run(Unknown Source)
        at java.base@21.0.5/java.lang.Thread.runWith(Thread.java:1596)
        at java.base@21.0.5/java.lang.Thread.run(Thread.java:1583)
"IPC Server handler 81 on default port 15002" daemon prio=5 tid=413 timed_waiting
java.lang.Thread.State: TIMED_WAITING
        at java.base@21.0.5/jdk.internal.misc.Unsafe.park(Native Method)
        at java.base@21.0.5/java.util.concurrent.locks.LockSupport.parkNanos(LockSupport.java:269)
        at java.base@21.0.5/java.util.concurrent.locks.AbstractQueuedSynchronizer$ConditionObject.awaitNanos(AbstractQueuedSynchronizer.java:1763)
        at java.base@21.0.5/java.util.concurrent.LinkedBlockingQueue.poll(LinkedBlockingQueue.java:460)
        at app//org.apache.hadoop.ipc.CallQueueManager.take(CallQueueManager.java:370)
        at app//org.apache.hadoop.ipc.Server$Handler.run(Server.java:3165)
"02fc1759-725d-47af-8349-873c9c5c9167-DatanodeReportManager-3" daemon prio=5 tid=601 in Object.wait()
java.lang.Thread.State: WAITING (on object monitor)
        at java.base@21.0.5/jdk.internal.misc.Unsafe.park(Native Method)
        at java.base@21.0.5/java.util.concurrent.locks.LockSupport.park(LockSupport.java:371)
        at java.base@21.0.5/java.util.concurrent.locks.AbstractQueuedSynchronizer$ConditionNode.block(AbstractQueuedSynchronizer.java:519)
        at java.base@21.0.5/java.util.concurrent.ForkJoinPool.unmanagedBlock(ForkJoinPool.java:3780)
        at java.base@21.0.5/java.util.concurrent.ForkJoinPool.managedBlock(ForkJoinPool.java:3725)
        at java.base@21.0.5/java.util.concurrent.locks.AbstractQueuedSynchronizer$ConditionObject.await(AbstractQueuedSynchronizer.java:1712)
        at java.base@21.0.5/java.util.concurrent.ScheduledThreadPoolExecutor$DelayedWorkQueue.take(ScheduledThreadPoolExecutor.java:1177)
        at java.base@21.0.5/java.util.concurrent.ScheduledThreadPoolExecutor$DelayedWorkQueue.take(ScheduledThreadPoolExecutor.java:899)
        at java.base@21.0.5/java.util.concurrent.ThreadPoolExecutor.getTask(ThreadPoolExecutor.java:1070)
        at java.base@21.0.5/java.util.concurrent.ThreadPoolExecutor.runWorker(ThreadPoolExecutor.java:1130)
        at java.base@21.0.5/java.util.concurrent.ThreadPoolExecutor$Worker.run(ThreadPoolExecutor.java:642)
        at java.base@21.0.5/java.lang.Thread.runWith(Thread.java:1596)
        at java.base@21.0.5/java.lang.Thread.run(Thread.java:1583)
"IPC Server handler 5 on default port 15048" daemon prio=5 tid=732 timed_waiting
java.lang.Thread.State: TIMED_WAITING
        at java.base@21.0.5/jdk.internal.misc.Unsafe.park(Native Method)
        at java.base@21.0.5/java.util.concurrent.locks.LockSupport.parkNanos(LockSupport.java:269)
        at java.base@21.0.5/java.util.concurrent.locks.AbstractQueuedSynchronizer$ConditionObject.awaitNanos(AbstractQueuedSynchronizer.java:1763)
        at java.base@21.0.5/java.util.concurrent.LinkedBlockingQueue.poll(LinkedBlockingQueue.java:460)
        at app//org.apache.hadoop.ipc.CallQueueManager.take(CallQueueManager.java:370)
        at app//org.apache.hadoop.ipc.Server$Handler.run(Server.java:3165)
"79978ed1-1a5c-4832-b584-9e2d85f03cd7@group-DAF53CCE5B84-SegmentedRaftLogWorker"  prio=5 tid=1576 timed_waiting
java.lang.Thread.State: TIMED_WAITING
        at java.base@21.0.5/jdk.internal.misc.Unsafe.park(Native Method)
        at java.base@21.0.5/java.util.concurrent.locks.LockSupport.parkNanos(LockSupport.java:269)
        at java.base@21.0.5/java.util.concurrent.locks.AbstractQueuedSynchronizer$ConditionObject.awaitNanos(AbstractQueuedSynchronizer.java:1763)
        at app//org.apache.ratis.util.DataBlockingQueue.poll(DataBlockingQueue.java:148)
        at app//org.apache.ratis.server.raftlog.segmented.SegmentedRaftLogWorker.run(SegmentedRaftLogWorker.java:307)
        at app//org.apache.ratis.server.raftlog.segmented.SegmentedRaftLogWorker$$Lambda/0x00007fd9cc334298.run(Unknown Source)
        at java.base@21.0.5/java.util.concurrent.Executors$RunnableAdapter.call(Executors.java:572)
        at java.base@21.0.5/java.util.concurrent.FutureTask.run(FutureTask.java:317)
        at java.base@21.0.5/java.util.concurrent.ThreadPoolExecutor.runWorker(ThreadPoolExecutor.java:1144)
        at java.base@21.0.5/java.util.concurrent.ThreadPoolExecutor$Worker.run(ThreadPoolExecutor.java:642)
        at java.base@21.0.5/java.lang.Thread.runWith(Thread.java:1596)
        at java.base@21.0.5/java.lang.Thread.run(Thread.java:1583)
"eca5a246-1f8f-493f-b50d-7eee1f2fec76-BlockDeletingService#1" daemon prio=5 tid=1109 timed_waiting
java.lang.Thread.State: TIMED_WAITING
        at java.base@21.0.5/jdk.internal.misc.Unsafe.park(Native Method)
        at java.base@21.0.5/java.util.concurrent.locks.LockSupport.parkNanos(LockSupport.java:269)
        at java.base@21.0.5/java.util.concurrent.locks.AbstractQueuedSynchronizer$ConditionObject.awaitNanos(AbstractQueuedSynchronizer.java:1763)
        at java.base@21.0.5/java.util.concurrent.ScheduledThreadPoolExecutor$DelayedWorkQueue.take(ScheduledThreadPoolExecutor.java:1182)
        at java.base@21.0.5/java.util.concurrent.ScheduledThreadPoolExecutor$DelayedWorkQueue.take(ScheduledThreadPoolExecutor.java:899)
        at java.base@21.0.5/java.util.concurrent.ThreadPoolExecutor.getTask(ThreadPoolExecutor.java:1070)
        at java.base@21.0.5/java.util.concurrent.ThreadPoolExecutor.runWorker(ThreadPoolExecutor.java:1130)
        at java.base@21.0.5/java.util.concurrent.ThreadPoolExecutor$Worker.run(ThreadPoolExecutor.java:642)
        at java.base@21.0.5/java.lang.Thread.runWith(Thread.java:1596)
        at java.base@21.0.5/java.lang.Thread.run(Thread.java:1583)
"FixedThreadPoolWithAffinityExecutor-8-0" daemon prio=5 tid=105 timed_waiting
java.lang.Thread.State: TIMED_WAITING
        at java.base@21.0.5/jdk.internal.misc.Unsafe.park(Native Method)
        at java.base@21.0.5/java.util.concurrent.locks.LockSupport.parkNanos(LockSupport.java:269)
        at java.base@21.0.5/java.util.concurrent.locks.AbstractQueuedSynchronizer$ConditionObject.awaitNanos(AbstractQueuedSynchronizer.java:1763)
        at java.base@21.0.5/java.util.concurrent.LinkedBlockingQueue.poll(LinkedBlockingQueue.java:460)
        at app//org.apache.hadoop.hdds.scm.server.ContainerReportQueue.poll(ContainerReportQueue.java:269)
        at app//org.apache.hadoop.hdds.scm.server.ContainerReportQueue.poll(ContainerReportQueue.java:42)
        at app//org.apache.hadoop.hdds.server.events.FixedThreadPoolWithAffinityExecutor$ContainerReportProcessTask.run(FixedThreadPoolWithAffinityExecutor.java:253)
        at java.base@21.0.5/java.util.concurrent.Executors$RunnableAdapter.call(Executors.java:572)
        at java.base@21.0.5/java.util.concurrent.FutureTask.run(FutureTask.java:317)
        at java.base@21.0.5/java.util.concurrent.ThreadPoolExecutor.runWorker(ThreadPoolExecutor.java:1144)
        at java.base@21.0.5/java.util.concurrent.ThreadPoolExecutor$Worker.run(ThreadPoolExecutor.java:642)
        at java.base@21.0.5/java.lang.Thread.runWith(Thread.java:1596)
        at java.base@21.0.5/java.lang.Thread.run(Thread.java:1583)
"IPC Server handler 1 on default port 15021" daemon prio=5 tid=588 timed_waiting
java.lang.Thread.State: TIMED_WAITING
        at java.base@21.0.5/jdk.internal.misc.Unsafe.park(Native Method)
        at java.base@21.0.5/java.util.concurrent.locks.LockSupport.parkNanos(LockSupport.java:269)
        at java.base@21.0.5/java.util.concurrent.locks.AbstractQueuedSynchronizer$ConditionObject.awaitNanos(AbstractQueuedSynchronizer.java:1763)
        at java.base@21.0.5/java.util.concurrent.LinkedBlockingQueue.poll(LinkedBlockingQueue.java:460)
        at app//org.apache.hadoop.ipc.CallQueueManager.take(CallQueueManager.java:370)
        at app//org.apache.hadoop.ipc.Server$Handler.run(Server.java:3165)
"26f755b0-b4b1-4239-8401-e418fca9ef4b-BlockDeletingService#1" daemon prio=5 tid=2574 in Object.wait()
java.lang.Thread.State: WAITING (on object monitor)
        at java.base@21.0.5/jdk.internal.misc.Unsafe.park(Native Method)
        at java.base@21.0.5/java.util.concurrent.locks.LockSupport.park(LockSupport.java:371)
        at java.base@21.0.5/java.util.concurrent.locks.AbstractQueuedSynchronizer$ConditionNode.block(AbstractQueuedSynchronizer.java:519)
        at java.base@21.0.5/java.util.concurrent.ForkJoinPool.unmanagedBlock(ForkJoinPool.java:3780)
        at java.base@21.0.5/java.util.concurrent.ForkJoinPool.managedBlock(ForkJoinPool.java:3725)
        at java.base@21.0.5/java.util.concurrent.locks.AbstractQueuedSynchronizer$ConditionObject.await(AbstractQueuedSynchronizer.java:1712)
        at java.base@21.0.5/java.util.concurrent.ScheduledThreadPoolExecutor$DelayedWorkQueue.take(ScheduledThreadPoolExecutor.java:1177)
        at java.base@21.0.5/java.util.concurrent.ScheduledThreadPoolExecutor$DelayedWorkQueue.take(ScheduledThreadPoolExecutor.java:899)
        at java.base@21.0.5/java.util.concurrent.ThreadPoolExecutor.getTask(ThreadPoolExecutor.java:1070)
        at java.base@21.0.5/java.util.concurrent.ThreadPoolExecutor.runWorker(ThreadPoolExecutor.java:1130)
        at java.base@21.0.5/java.util.concurrent.ThreadPoolExecutor$Worker.run(ThreadPoolExecutor.java:642)
        at java.base@21.0.5/java.lang.Thread.runWith(Thread.java:1596)
        at java.base@21.0.5/java.lang.Thread.run(Thread.java:1583)
"IPC Server handler 12 on default port 15006" daemon prio=5 tid=503 timed_waiting
java.lang.Thread.State: TIMED_WAITING
        at java.base@21.0.5/jdk.internal.misc.Unsafe.park(Native Method)
        at java.base@21.0.5/java.util.concurrent.locks.LockSupport.parkNanos(LockSupport.java:269)
        at java.base@21.0.5/java.util.concurrent.locks.AbstractQueuedSynchronizer$ConditionObject.awaitNanos(AbstractQueuedSynchronizer.java:1763)
        at java.base@21.0.5/java.util.concurrent.LinkedBlockingQueue.poll(LinkedBlockingQueue.java:460)
        at app//org.apache.hadoop.ipc.CallQueueManager.take(CallQueueManager.java:370)
        at app//org.apache.hadoop.ipc.Server$Handler.run(Server.java:3165)
"StaleRecoveringContainerScrubbingService#0" daemon prio=5 tid=934 in Object.wait()
java.lang.Thread.State: WAITING (on object monitor)
        at java.base@21.0.5/jdk.internal.misc.Unsafe.park(Native Method)
        at java.base@21.0.5/java.util.concurrent.locks.LockSupport.park(LockSupport.java:371)
        at java.base@21.0.5/java.util.concurrent.locks.AbstractQueuedSynchronizer$ConditionNode.block(AbstractQueuedSynchronizer.java:519)
        at java.base@21.0.5/java.util.concurrent.ForkJoinPool.unmanagedBlock(ForkJoinPool.java:3780)
        at java.base@21.0.5/java.util.concurrent.ForkJoinPool.managedBlock(ForkJoinPool.java:3725)
        at java.base@21.0.5/java.util.concurrent.locks.AbstractQueuedSynchronizer$ConditionObject.await(AbstractQueuedSynchronizer.java:1712)
        at java.base@21.0.5/java.util.concurrent.ScheduledThreadPoolExecutor$DelayedWorkQueue.take(ScheduledThreadPoolExecutor.java:1177)
        at java.base@21.0.5/java.util.concurrent.ScheduledThreadPoolExecutor$DelayedWorkQueue.take(ScheduledThreadPoolExecutor.java:899)
        at java.base@21.0.5/java.util.concurrent.ThreadPoolExecutor.getTask(ThreadPoolExecutor.java:1070)
        at java.base@21.0.5/java.util.concurrent.ThreadPoolExecutor.runWorker(ThreadPoolExecutor.java:1130)
        at java.base@21.0.5/java.util.concurrent.ThreadPoolExecutor$Worker.run(ThreadPoolExecutor.java:642)
        at java.base@21.0.5/java.lang.Thread.runWith(Thread.java:1596)
        at java.base@21.0.5/java.lang.Thread.run(Thread.java:1583)
"qtp1998750464-980" daemon prio=5 tid=980 timed_waiting
java.lang.Thread.State: TIMED_WAITING
        at java.base@21.0.5/jdk.internal.misc.Unsafe.park(Native Method)
        at java.base@21.0.5/java.util.concurrent.locks.LockSupport.parkNanos(LockSupport.java:269)
        at java.base@21.0.5/java.util.concurrent.locks.AbstractQueuedSynchronizer$ConditionObject.awaitNanos(AbstractQueuedSynchronizer.java:1763)
        at app//org.eclipse.jetty.util.BlockingArrayQueue.poll(BlockingArrayQueue.java:382)
        at app//org.eclipse.jetty.util.thread.QueuedThreadPool$Runner.idleJobPoll(QueuedThreadPool.java:974)
        at app//org.eclipse.jetty.util.thread.QueuedThreadPool$Runner.run(QueuedThreadPool.java:1018)
        at java.base@21.0.5/java.lang.Thread.runWith(Thread.java:1596)
        at java.base@21.0.5/java.lang.Thread.run(Thread.java:1583)
"IPC Server handler 2 on default port 15001" daemon prio=5 tid=216 timed_waiting
java.lang.Thread.State: TIMED_WAITING
        at java.base@21.0.5/jdk.internal.misc.Unsafe.park(Native Method)
        at java.base@21.0.5/java.util.concurrent.locks.LockSupport.parkNanos(LockSupport.java:269)
        at java.base@21.0.5/java.util.concurrent.locks.AbstractQueuedSynchronizer$ConditionObject.awaitNanos(AbstractQueuedSynchronizer.java:1763)
        at java.base@21.0.5/java.util.concurrent.LinkedBlockingQueue.poll(LinkedBlockingQueue.java:460)
        at app//org.apache.hadoop.ipc.CallQueueManager.take(CallQueueManager.java:370)
        at app//org.apache.hadoop.ipc.Server$Handler.run(Server.java:3165)
"79978ed1-1a5c-4832-b584-9e2d85f03cd7-PipelineCommandHandlerThread-0"  prio=5 tid=1169 in Object.wait()
java.lang.Thread.State: WAITING (on object monitor)
        at java.base@21.0.5/jdk.internal.misc.Unsafe.park(Native Method)
        at java.base@21.0.5/java.util.concurrent.locks.LockSupport.park(LockSupport.java:371)
        at java.base@21.0.5/java.util.concurrent.locks.AbstractQueuedSynchronizer$ConditionNode.block(AbstractQueuedSynchronizer.java:519)
        at java.base@21.0.5/java.util.concurrent.ForkJoinPool.unmanagedBlock(ForkJoinPool.java:3780)
        at java.base@21.0.5/java.util.concurrent.ForkJoinPool.managedBlock(ForkJoinPool.java:3725)
        at java.base@21.0.5/java.util.concurrent.locks.AbstractQueuedSynchronizer$ConditionObject.await(AbstractQueuedSynchronizer.java:1712)
        at java.base@21.0.5/java.util.concurrent.LinkedBlockingQueue.take(LinkedBlockingQueue.java:435)
        at java.base@21.0.5/java.util.concurrent.ThreadPoolExecutor.getTask(ThreadPoolExecutor.java:1070)
        at java.base@21.0.5/java.util.concurrent.ThreadPoolExecutor.runWorker(ThreadPoolExecutor.java:1130)
        at java.base@21.0.5/java.util.concurrent.ThreadPoolExecutor$Worker.run(ThreadPoolExecutor.java:642)
        at java.base@21.0.5/java.lang.Thread.runWith(Thread.java:1596)
        at java.base@21.0.5/java.lang.Thread.run(Thread.java:1583)
"Socket Reader #10 for port 15012"  prio=5 tid=537 runnable
java.lang.Thread.State: RUNNABLE
        at java.base@21.0.5/sun.nio.ch.EPoll.wait(Native Method)
        at java.base@21.0.5/sun.nio.ch.EPollSelectorImpl.doSelect(EPollSelectorImpl.java:121)
        at java.base@21.0.5/sun.nio.ch.SelectorImpl.lockAndDoSelect(SelectorImpl.java:130)
        at java.base@21.0.5/sun.nio.ch.SelectorImpl.select(SelectorImpl.java:147)
        at app//org.apache.hadoop.ipc.Server$Listener$Reader.doRunLoop(Server.java:1497)
        at app//org.apache.hadoop.ipc.Server$Listener$Reader.run(Server.java:1476)
"eca5a246-1f8f-493f-b50d-7eee1f2fec76-BlockDeletingService#0" daemon prio=5 tid=1106 in Object.wait()
java.lang.Thread.State: WAITING (on object monitor)
        at java.base@21.0.5/jdk.internal.misc.Unsafe.park(Native Method)
        at java.base@21.0.5/java.util.concurrent.locks.LockSupport.park(LockSupport.java:371)
        at java.base@21.0.5/java.util.concurrent.locks.AbstractQueuedSynchronizer$ConditionNode.block(AbstractQueuedSynchronizer.java:519)
        at java.base@21.0.5/java.util.concurrent.ForkJoinPool.unmanagedBlock(ForkJoinPool.java:3780)
        at java.base@21.0.5/java.util.concurrent.ForkJoinPool.managedBlock(ForkJoinPool.java:3725)
        at java.base@21.0.5/java.util.concurrent.locks.AbstractQueuedSynchronizer$ConditionObject.await(AbstractQueuedSynchronizer.java:1712)
        at java.base@21.0.5/java.util.concurrent.ScheduledThreadPoolExecutor$DelayedWorkQueue.take(ScheduledThreadPoolExecutor.java:1177)
        at java.base@21.0.5/java.util.concurrent.ScheduledThreadPoolExecutor$DelayedWorkQueue.take(ScheduledThreadPoolExecutor.java:899)
        at java.base@21.0.5/java.util.concurrent.ThreadPoolExecutor.getTask(ThreadPoolExecutor.java:1070)
        at java.base@21.0.5/java.util.concurrent.ThreadPoolExecutor.runWorker(ThreadPoolExecutor.java:1130)
        at java.base@21.0.5/java.util.concurrent.ThreadPoolExecutor$Worker.run(ThreadPoolExecutor.java:642)
        at java.base@21.0.5/java.lang.Thread.runWith(Thread.java:1596)
        at java.base@21.0.5/java.lang.Thread.run(Thread.java:1583)
"StaleRecoveringContainerScrubbingService#9" daemon prio=5 tid=2880 in Object.wait()
java.lang.Thread.State: WAITING (on object monitor)
        at java.base@21.0.5/jdk.internal.misc.Unsafe.park(Native Method)
        at java.base@21.0.5/java.util.concurrent.locks.LockSupport.park(LockSupport.java:371)
        at java.base@21.0.5/java.util.concurrent.locks.AbstractQueuedSynchronizer$ConditionNode.block(AbstractQueuedSynchronizer.java:519)
        at java.base@21.0.5/java.util.concurrent.ForkJoinPool.unmanagedBlock(ForkJoinPool.java:3780)
        at java.base@21.0.5/java.util.concurrent.ForkJoinPool.managedBlock(ForkJoinPool.java:3725)
        at java.base@21.0.5/java.util.concurrent.locks.AbstractQueuedSynchronizer$ConditionObject.await(AbstractQueuedSynchronizer.java:1712)
        at java.base@21.0.5/java.util.concurrent.ScheduledThreadPoolExecutor$DelayedWorkQueue.take(ScheduledThreadPoolExecutor.java:1177)
        at java.base@21.0.5/java.util.concurrent.ScheduledThreadPoolExecutor$DelayedWorkQueue.take(ScheduledThreadPoolExecutor.java:899)
        at java.base@21.0.5/java.util.concurrent.ThreadPoolExecutor.getTask(ThreadPoolExecutor.java:1070)
        at java.base@21.0.5/java.util.concurrent.ThreadPoolExecutor.runWorker(ThreadPoolExecutor.java:1130)
        at java.base@21.0.5/java.util.concurrent.ThreadPoolExecutor$Worker.run(ThreadPoolExecutor.java:642)
        at java.base@21.0.5/java.lang.Thread.runWith(Thread.java:1596)
        at java.base@21.0.5/java.lang.Thread.run(Thread.java:1583)
"qtp547643943-319-acceptor-0@460fa064-ServerConnector@1952ad9d{HTTP/1.1, (http/1.1)}{0.0.0.0:15003}" daemon prio=3 tid=319 runnable
java.lang.Thread.State: RUNNABLE
        at java.base@21.0.5/sun.nio.ch.Net.accept(Native Method)
        at java.base@21.0.5/sun.nio.ch.ServerSocketChannelImpl.implAccept(ServerSocketChannelImpl.java:433)
        at java.base@21.0.5/sun.nio.ch.ServerSocketChannelImpl.accept(ServerSocketChannelImpl.java:399)
        at app//org.eclipse.jetty.server.ServerConnector.accept(ServerConnector.java:388)
        at app//org.eclipse.jetty.server.AbstractConnector$Acceptor.run(AbstractConnector.java:704)
        at app//org.eclipse.jetty.util.thread.QueuedThreadPool.runJob(QueuedThreadPool.java:883)
        at app//org.eclipse.jetty.util.thread.QueuedThreadPool$Runner.run(QueuedThreadPool.java:1034)
        at java.base@21.0.5/java.lang.Thread.runWith(Thread.java:1596)
        at java.base@21.0.5/java.lang.Thread.run(Thread.java:1583)
"eca5a246-1f8f-493f-b50d-7eee1f2fec76-EndpointStateMachineTaskThread-/0.0.0.0:15002-0 "  prio=5 tid=1087 in Object.wait()
java.lang.Thread.State: WAITING (on object monitor)
        at java.base@21.0.5/jdk.internal.misc.Unsafe.park(Native Method)
        at java.base@21.0.5/java.util.concurrent.locks.LockSupport.park(LockSupport.java:371)
        at java.base@21.0.5/java.util.concurrent.locks.AbstractQueuedSynchronizer$ConditionNode.block(AbstractQueuedSynchronizer.java:519)
        at java.base@21.0.5/java.util.concurrent.ForkJoinPool.unmanagedBlock(ForkJoinPool.java:3780)
        at java.base@21.0.5/java.util.concurrent.ForkJoinPool.managedBlock(ForkJoinPool.java:3725)
        at java.base@21.0.5/java.util.concurrent.locks.AbstractQueuedSynchronizer$ConditionObject.await(AbstractQueuedSynchronizer.java:1712)
        at java.base@21.0.5/java.util.concurrent.LinkedBlockingQueue.take(LinkedBlockingQueue.java:435)
        at java.base@21.0.5/java.util.concurrent.ThreadPoolExecutor.getTask(ThreadPoolExecutor.java:1070)
        at java.base@21.0.5/java.util.concurrent.ThreadPoolExecutor.runWorker(ThreadPoolExecutor.java:1130)
        at java.base@21.0.5/java.util.concurrent.ThreadPoolExecutor$Worker.run(ThreadPoolExecutor.java:642)
        at java.base@21.0.5/java.lang.Thread.runWith(Thread.java:1596)
        at java.base@21.0.5/java.lang.Thread.run(Thread.java:1583)
"StaleRecoveringContainerScrubbingService#8" daemon prio=5 tid=2902 in Object.wait()
java.lang.Thread.State: WAITING (on object monitor)
        at java.base@21.0.5/jdk.internal.misc.Unsafe.park(Native Method)
        at java.base@21.0.5/java.util.concurrent.locks.LockSupport.park(LockSupport.java:371)
        at java.base@21.0.5/java.util.concurrent.locks.AbstractQueuedSynchronizer$ConditionNode.block(AbstractQueuedSynchronizer.java:519)
        at java.base@21.0.5/java.util.concurrent.ForkJoinPool.unmanagedBlock(ForkJoinPool.java:3780)
        at java.base@21.0.5/java.util.concurrent.ForkJoinPool.managedBlock(ForkJoinPool.java:3725)
        at java.base@21.0.5/java.util.concurrent.locks.AbstractQueuedSynchronizer$ConditionObject.await(AbstractQueuedSynchronizer.java:1712)
        at java.base@21.0.5/java.util.concurrent.ScheduledThreadPoolExecutor$DelayedWorkQueue.take(ScheduledThreadPoolExecutor.java:1177)
        at java.base@21.0.5/java.util.concurrent.ScheduledThreadPoolExecutor$DelayedWorkQueue.take(ScheduledThreadPoolExecutor.java:899)
        at java.base@21.0.5/java.util.concurrent.ThreadPoolExecutor.getTask(ThreadPoolExecutor.java:1070)
        at java.base@21.0.5/java.util.concurrent.ThreadPoolExecutor.runWorker(ThreadPoolExecutor.java:1130)
        at java.base@21.0.5/java.util.concurrent.ThreadPoolExecutor$Worker.run(ThreadPoolExecutor.java:642)
        at java.base@21.0.5/java.lang.Thread.runWith(Thread.java:1596)
        at java.base@21.0.5/java.lang.Thread.run(Thread.java:1583)
"IPC Server handler 3 on default port 15057" daemon prio=5 tid=776 timed_waiting
java.lang.Thread.State: TIMED_WAITING
        at java.base@21.0.5/jdk.internal.misc.Unsafe.park(Native Method)
        at java.base@21.0.5/java.util.concurrent.locks.LockSupport.parkNanos(LockSupport.java:269)
        at java.base@21.0.5/java.util.concurrent.locks.AbstractQueuedSynchronizer$ConditionObject.awaitNanos(AbstractQueuedSynchronizer.java:1763)
        at java.base@21.0.5/java.util.concurrent.LinkedBlockingQueue.poll(LinkedBlockingQueue.java:460)
        at app//org.apache.hadoop.ipc.CallQueueManager.take(CallQueueManager.java:370)
        at app//org.apache.hadoop.ipc.Server$Handler.run(Server.java:3165)
"StaleRecoveringContainerScrubbingService#4" daemon prio=5 tid=2857 in Object.wait()
java.lang.Thread.State: WAITING (on object monitor)
        at java.base@21.0.5/jdk.internal.misc.Unsafe.park(Native Method)
        at java.base@21.0.5/java.util.concurrent.locks.LockSupport.park(LockSupport.java:371)
        at java.base@21.0.5/java.util.concurrent.locks.AbstractQueuedSynchronizer$ConditionNode.block(AbstractQueuedSynchronizer.java:519)
        at java.base@21.0.5/java.util.concurrent.ForkJoinPool.unmanagedBlock(ForkJoinPool.java:3780)
        at java.base@21.0.5/java.util.concurrent.ForkJoinPool.managedBlock(ForkJoinPool.java:3725)
        at java.base@21.0.5/java.util.concurrent.locks.AbstractQueuedSynchronizer$ConditionObject.await(AbstractQueuedSynchronizer.java:1712)
        at java.base@21.0.5/java.util.concurrent.ScheduledThreadPoolExecutor$DelayedWorkQueue.take(ScheduledThreadPoolExecutor.java:1177)
        at java.base@21.0.5/java.util.concurrent.ScheduledThreadPoolExecutor$DelayedWorkQueue.take(ScheduledThreadPoolExecutor.java:899)
        at java.base@21.0.5/java.util.concurrent.ThreadPoolExecutor.getTask(ThreadPoolExecutor.java:1070)
        at java.base@21.0.5/java.util.concurrent.ThreadPoolExecutor.runWorker(ThreadPoolExecutor.java:1130)
        at java.base@21.0.5/java.util.concurrent.ThreadPoolExecutor$Worker.run(ThreadPoolExecutor.java:642)
        at java.base@21.0.5/java.lang.Thread.runWith(Thread.java:1596)
        at java.base@21.0.5/java.lang.Thread.run(Thread.java:1583)
"ReplicationMonitor" daemon prio=5 tid=2838 timed_waiting
java.lang.Thread.State: TIMED_WAITING
        at java.base@21.0.5/java.lang.Object.wait0(Native Method)
        at java.base@21.0.5/java.lang.Object.wait(Object.java:366)
        at app//org.apache.hadoop.hdds.scm.container.replication.ReplicationManager.run(ReplicationManager.java:911)
        at app//org.apache.hadoop.hdds.scm.container.replication.ReplicationManager$$Lambda/0x00007fd9cc4bb448.run(Unknown Source)
        at java.base@21.0.5/java.lang.Thread.runWith(Thread.java:1596)
        at java.base@21.0.5/java.lang.Thread.run(Thread.java:1583)
"ForkJoinPool.commonPool-worker-1" daemon prio=5 tid=30 in Object.wait()
java.lang.Thread.State: WAITING (on object monitor)
        at java.base@21.0.5/jdk.internal.misc.Unsafe.park(Native Method)
        at java.base@21.0.5/java.util.concurrent.locks.LockSupport.park(LockSupport.java:371)
        at java.base@21.0.5/java.util.concurrent.ForkJoinPool.awaitWork(ForkJoinPool.java:1893)
        at java.base@21.0.5/java.util.concurrent.ForkJoinPool.runWorker(ForkJoinPool.java:1809)
        at java.base@21.0.5/java.util.concurrent.ForkJoinWorkerThread.run(ForkJoinWorkerThread.java:188)
"qtp1998750464-978" daemon prio=5 tid=978 timed_waiting
java.lang.Thread.State: TIMED_WAITING
        at java.base@21.0.5/jdk.internal.misc.Unsafe.park(Native Method)
        at java.base@21.0.5/java.util.concurrent.locks.LockSupport.parkNanos(LockSupport.java:269)
        at java.base@21.0.5/java.util.concurrent.locks.AbstractQueuedSynchronizer$ConditionObject.awaitNanos(AbstractQueuedSynchronizer.java:1763)
        at app//org.eclipse.jetty.util.BlockingArrayQueue.poll(BlockingArrayQueue.java:382)
        at app//org.eclipse.jetty.util.thread.QueuedThreadPool$Runner.idleJobPoll(QueuedThreadPool.java:974)
        at app//org.eclipse.jetty.util.thread.QueuedThreadPool$Runner.run(QueuedThreadPool.java:1018)
        at java.base@21.0.5/java.lang.Thread.runWith(Thread.java:1596)
        at java.base@21.0.5/java.lang.Thread.run(Thread.java:1583)
"IPC Server Responder" daemon prio=5 tid=95 runnable
java.lang.Thread.State: RUNNABLE
        at java.base@21.0.5/sun.nio.ch.EPoll.wait(Native Method)
        at java.base@21.0.5/sun.nio.ch.EPollSelectorImpl.doSelect(EPollSelectorImpl.java:121)
        at java.base@21.0.5/sun.nio.ch.SelectorImpl.lockAndDoSelect(SelectorImpl.java:130)
        at java.base@21.0.5/sun.nio.ch.SelectorImpl.select(SelectorImpl.java:142)
        at app//org.apache.hadoop.ipc.Server$Responder.doRunLoop(Server.java:1733)
        at app//org.apache.hadoop.ipc.Server$Responder.run(Server.java:1716)
"ContainerDataScanner(/home/runner/work/ozone/ozone/hadoop-ozone/integration-test/target/test-dir/MiniOzoneClusterImpl-19e1eff0-706f-497d-806e-bf7d4c525004/ozone-meta/datanode-4/data-0/hdds)" daemon prio=5 tid=1039 timed_waiting
java.lang.Thread.State: TIMED_WAITING
        at java.base@21.0.5/java.lang.Thread.sleep0(Native Method)
        at java.base@21.0.5/java.lang.Thread.sleep(Thread.java:509)
        at app//org.apache.hadoop.ozone.container.ozoneimpl.AbstractBackgroundContainerScanner.handleRemainingSleep(AbstractBackgroundContainerScanner.java:131)
        at app//org.apache.hadoop.ozone.container.ozoneimpl.AbstractBackgroundContainerScanner.runIteration(AbstractBackgroundContainerScanner.java:98)
        at app//org.apache.hadoop.ozone.container.ozoneimpl.AbstractBackgroundContainerScanner.run(AbstractBackgroundContainerScanner.java:57)
"IPC Server handler 35 on default port 15002" daemon prio=5 tid=367 timed_waiting
java.lang.Thread.State: TIMED_WAITING
        at java.base@21.0.5/jdk.internal.misc.Unsafe.park(Native Method)
        at java.base@21.0.5/java.util.concurrent.locks.LockSupport.parkNanos(LockSupport.java:269)
        at java.base@21.0.5/java.util.concurrent.locks.AbstractQueuedSynchronizer$ConditionObject.awaitNanos(AbstractQueuedSynchronizer.java:1763)
        at java.base@21.0.5/java.util.concurrent.LinkedBlockingQueue.poll(LinkedBlockingQueue.java:460)
        at app//org.apache.hadoop.ipc.CallQueueManager.take(CallQueueManager.java:370)
        at app//org.apache.hadoop.ipc.Server$Handler.run(Server.java:3165)
"ac32094a-198b-4072-99dd-552311e88daf-server-thread2" daemon prio=5 tid=2192 timed_waiting
java.lang.Thread.State: TIMED_WAITING
        at java.base@21.0.5/jdk.internal.misc.Unsafe.park(Native Method)
        at java.base@21.0.5/java.util.concurrent.locks.LockSupport.parkNanos(LockSupport.java:410)
        at java.base@21.0.5/java.util.concurrent.LinkedTransferQueue$DualNode.await(LinkedTransferQueue.java:452)
        at java.base@21.0.5/java.util.concurrent.SynchronousQueue$Transferer.xferLifo(SynchronousQueue.java:194)
        at java.base@21.0.5/java.util.concurrent.SynchronousQueue.xfer(SynchronousQueue.java:235)
        at java.base@21.0.5/java.util.concurrent.SynchronousQueue.poll(SynchronousQueue.java:338)
        at java.base@21.0.5/java.util.concurrent.ThreadPoolExecutor.getTask(ThreadPoolExecutor.java:1069)
        at java.base@21.0.5/java.util.concurrent.ThreadPoolExecutor.runWorker(ThreadPoolExecutor.java:1130)
        at java.base@21.0.5/java.util.concurrent.ThreadPoolExecutor$Worker.run(ThreadPoolExecutor.java:642)
        at java.base@21.0.5/java.lang.Thread.runWith(Thread.java:1596)
        at java.base@21.0.5/java.lang.Thread.run(Thread.java:1583)
"4b5ea8a3-88a5-4114-908f-7a85f39bc1cb-ChunkReader-1" daemon prio=5 tid=2041 in Object.wait()
java.lang.Thread.State: WAITING (on object monitor)
        at java.base@21.0.5/jdk.internal.misc.Unsafe.park(Native Method)
        at java.base@21.0.5/java.util.concurrent.locks.LockSupport.park(LockSupport.java:371)
        at java.base@21.0.5/java.util.concurrent.locks.AbstractQueuedSynchronizer$ConditionNode.block(AbstractQueuedSynchronizer.java:519)
        at java.base@21.0.5/java.util.concurrent.ForkJoinPool.unmanagedBlock(ForkJoinPool.java:3780)
        at java.base@21.0.5/java.util.concurrent.ForkJoinPool.managedBlock(ForkJoinPool.java:3725)
        at java.base@21.0.5/java.util.concurrent.locks.AbstractQueuedSynchronizer$ConditionObject.await(AbstractQueuedSynchronizer.java:1712)
        at java.base@21.0.5/java.util.concurrent.LinkedBlockingQueue.take(LinkedBlockingQueue.java:435)
        at java.base@21.0.5/java.util.concurrent.ThreadPoolExecutor.getTask(ThreadPoolExecutor.java:1070)
        at java.base@21.0.5/java.util.concurrent.ThreadPoolExecutor.runWorker(ThreadPoolExecutor.java:1130)
        at java.base@21.0.5/java.util.concurrent.ThreadPoolExecutor$Worker.run(ThreadPoolExecutor.java:642)
        at java.base@21.0.5/java.lang.Thread.runWith(Thread.java:1596)
        at java.base@21.0.5/java.lang.Thread.run(Thread.java:1583)
"EventQueue-DeadNodeForDeadNodeHandler" daemon prio=5 tid=2408 in Object.wait()
java.lang.Thread.State: WAITING (on object monitor)
        at java.base@21.0.5/jdk.internal.misc.Unsafe.park(Native Method)
        at java.base@21.0.5/java.util.concurrent.locks.LockSupport.park(LockSupport.java:371)
        at java.base@21.0.5/java.util.concurrent.locks.AbstractQueuedSynchronizer$ConditionNode.block(AbstractQueuedSynchronizer.java:519)
        at java.base@21.0.5/java.util.concurrent.ForkJoinPool.unmanagedBlock(ForkJoinPool.java:3780)
        at java.base@21.0.5/java.util.concurrent.ForkJoinPool.managedBlock(ForkJoinPool.java:3725)
        at java.base@21.0.5/java.util.concurrent.locks.AbstractQueuedSynchronizer$ConditionObject.await(AbstractQueuedSynchronizer.java:1712)
        at java.base@21.0.5/java.util.concurrent.LinkedBlockingQueue.take(LinkedBlockingQueue.java:435)
        at java.base@21.0.5/java.util.concurrent.ThreadPoolExecutor.getTask(ThreadPoolExecutor.java:1070)
        at java.base@21.0.5/java.util.concurrent.ThreadPoolExecutor.runWorker(ThreadPoolExecutor.java:1130)
        at java.base@21.0.5/java.util.concurrent.ThreadPoolExecutor$Worker.run(ThreadPoolExecutor.java:642)
        at java.base@21.0.5/java.lang.Thread.runWith(Thread.java:1596)
        at java.base@21.0.5/java.lang.Thread.run(Thread.java:1583)
"IPC Server handler 2 on default port 15002" daemon prio=5 tid=334 timed_waiting
java.lang.Thread.State: TIMED_WAITING
        at java.base@21.0.5/jdk.internal.misc.Unsafe.park(Native Method)
        at java.base@21.0.5/java.util.concurrent.locks.LockSupport.parkNanos(LockSupport.java:269)
        at java.base@21.0.5/java.util.concurrent.locks.AbstractQueuedSynchronizer$ConditionObject.awaitNanos(AbstractQueuedSynchronizer.java:1763)
        at java.base@21.0.5/java.util.concurrent.LinkedBlockingQueue.poll(LinkedBlockingQueue.java:460)
        at app//org.apache.hadoop.ipc.CallQueueManager.take(CallQueueManager.java:370)
        at app//org.apache.hadoop.ipc.Server$Handler.run(Server.java:3165)
"02fc1759-725d-47af-8349-873c9c5c9167@group-EF3CB8D23BF9-StateMachineUpdater" daemon prio=5 tid=1248 timed_waiting
java.lang.Thread.State: TIMED_WAITING
        at java.base@21.0.5/jdk.internal.misc.Unsafe.park(Native Method)
        at java.base@21.0.5/java.util.concurrent.locks.LockSupport.parkNanos(LockSupport.java:269)
        at java.base@21.0.5/java.util.concurrent.locks.AbstractQueuedSynchronizer$ConditionObject.await(AbstractQueuedSynchronizer.java:1852)
        at app//org.apache.ratis.util.AwaitForSignal.await(AwaitForSignal.java:65)
        at app//org.apache.ratis.server.impl.StateMachineUpdater.waitForCommit(StateMachineUpdater.java:219)
        at app//org.apache.ratis.server.impl.StateMachineUpdater.run(StateMachineUpdater.java:187)
        at java.base@21.0.5/java.lang.Thread.runWith(Thread.java:1596)
        at java.base@21.0.5/java.lang.Thread.run(Thread.java:1583)
"26f755b0-b4b1-4239-8401-e418fca9ef4b@group-7D6565184E1B-LeaderStateImpl" daemon prio=5 tid=2670 timed_waiting
java.lang.Thread.State: TIMED_WAITING
        at java.base@21.0.5/jdk.internal.misc.Unsafe.park(Native Method)
        at java.base@21.0.5/java.util.concurrent.locks.LockSupport.parkNanos(LockSupport.java:269)
        at java.base@21.0.5/java.util.concurrent.locks.AbstractQueuedSynchronizer$ConditionObject.awaitNanos(AbstractQueuedSynchronizer.java:1763)
        at java.base@21.0.5/java.util.concurrent.ArrayBlockingQueue.poll(ArrayBlockingQueue.java:435)
        at app//org.apache.ratis.server.impl.LeaderStateImpl$EventQueue.poll(LeaderStateImpl.java:164)
        at app//org.apache.ratis.server.impl.LeaderStateImpl$EventProcessor.run(LeaderStateImpl.java:763)
"org.apache.hadoop.ozone.container.common.statemachine.commandhandler.DeleteBlocksCommandHandler$DeleteCmdWorker@43549693" daemon prio=5 tid=608 timed_waiting
java.lang.Thread.State: TIMED_WAITING
        at java.base@21.0.5/java.lang.Thread.sleep0(Native Method)
        at java.base@21.0.5/java.lang.Thread.sleep(Thread.java:509)
        at app//org.apache.hadoop.ozone.container.common.statemachine.commandhandler.DeleteBlocksCommandHandler$DeleteCmdWorker.run(DeleteBlocksCommandHandler.java:264)
        at java.base@21.0.5/java.lang.Thread.runWith(Thread.java:1596)
        at java.base@21.0.5/java.lang.Thread.run(Thread.java:1583)
"ContainerMetadataScanner" daemon prio=5 tid=1038 timed_waiting
java.lang.Thread.State: TIMED_WAITING
        at java.base@21.0.5/java.lang.Thread.sleep0(Native Method)
        at java.base@21.0.5/java.lang.Thread.sleep(Thread.java:509)
        at app//org.apache.hadoop.ozone.container.ozoneimpl.AbstractBackgroundContainerScanner.handleRemainingSleep(AbstractBackgroundContainerScanner.java:131)
        at app//org.apache.hadoop.ozone.container.ozoneimpl.AbstractBackgroundContainerScanner.runIteration(AbstractBackgroundContainerScanner.java:98)
        at app//org.apache.hadoop.ozone.container.ozoneimpl.AbstractBackgroundContainerScanner.run(AbstractBackgroundContainerScanner.java:57)
"IPC Server handler 9 on default port 15048" daemon prio=5 tid=736 timed_waiting
java.lang.Thread.State: TIMED_WAITING
        at java.base@21.0.5/jdk.internal.misc.Unsafe.park(Native Method)
        at java.base@21.0.5/java.util.concurrent.locks.LockSupport.parkNanos(LockSupport.java:269)
        at java.base@21.0.5/java.util.concurrent.locks.AbstractQueuedSynchronizer$ConditionObject.awaitNanos(AbstractQueuedSynchronizer.java:1763)
        at java.base@21.0.5/java.util.concurrent.LinkedBlockingQueue.poll(LinkedBlockingQueue.java:460)
        at app//org.apache.hadoop.ipc.CallQueueManager.take(CallQueueManager.java:370)
        at app//org.apache.hadoop.ipc.Server$Handler.run(Server.java:3165)
"eca5a246-1f8f-493f-b50d-7eee1f2fec76-DatanodeReportManager-3" daemon prio=5 tid=833 timed_waiting
java.lang.Thread.State: TIMED_WAITING
        at java.base@21.0.5/jdk.internal.misc.Unsafe.park(Native Method)
        at java.base@21.0.5/java.util.concurrent.locks.LockSupport.parkNanos(LockSupport.java:269)
        at java.base@21.0.5/java.util.concurrent.locks.AbstractQueuedSynchronizer$ConditionObject.awaitNanos(AbstractQueuedSynchronizer.java:1763)
        at java.base@21.0.5/java.util.concurrent.ScheduledThreadPoolExecutor$DelayedWorkQueue.take(ScheduledThreadPoolExecutor.java:1182)
        at java.base@21.0.5/java.util.concurrent.ScheduledThreadPoolExecutor$DelayedWorkQueue.take(ScheduledThreadPoolExecutor.java:899)
        at java.base@21.0.5/java.util.concurrent.ThreadPoolExecutor.getTask(ThreadPoolExecutor.java:1070)
        at java.base@21.0.5/java.util.concurrent.ThreadPoolExecutor.runWorker(ThreadPoolExecutor.java:1130)
        at java.base@21.0.5/java.util.concurrent.ThreadPoolExecutor$Worker.run(ThreadPoolExecutor.java:642)
        at java.base@21.0.5/java.lang.Thread.runWith(Thread.java:1596)
        at java.base@21.0.5/java.lang.Thread.run(Thread.java:1583)
"79978ed1-1a5c-4832-b584-9e2d85f03cd7@group-66FA7163FB5C-StateMachineUpdater" daemon prio=5 tid=1399 timed_waiting
java.lang.Thread.State: TIMED_WAITING
        at java.base@21.0.5/jdk.internal.misc.Unsafe.park(Native Method)
        at java.base@21.0.5/java.util.concurrent.locks.LockSupport.parkNanos(LockSupport.java:269)
        at java.base@21.0.5/java.util.concurrent.locks.AbstractQueuedSynchronizer$ConditionObject.await(AbstractQueuedSynchronizer.java:1852)
        at app//org.apache.ratis.util.AwaitForSignal.await(AwaitForSignal.java:65)
        at app//org.apache.ratis.server.impl.StateMachineUpdater.waitForCommit(StateMachineUpdater.java:219)
        at app//org.apache.ratis.server.impl.StateMachineUpdater.run(StateMachineUpdater.java:187)
        at java.base@21.0.5/java.lang.Thread.runWith(Thread.java:1596)
        at java.base@21.0.5/java.lang.Thread.run(Thread.java:1583)
"qtp1604816394-755" daemon prio=5 tid=755 timed_waiting
java.lang.Thread.State: TIMED_WAITING
        at java.base@21.0.5/jdk.internal.misc.Unsafe.park(Native Method)
        at java.base@21.0.5/java.util.concurrent.locks.LockSupport.parkNanos(LockSupport.java:269)
        at java.base@21.0.5/java.util.concurrent.locks.AbstractQueuedSynchronizer$ConditionObject.awaitNanos(AbstractQueuedSynchronizer.java:1763)
        at app//org.eclipse.jetty.util.BlockingArrayQueue.poll(BlockingArrayQueue.java:382)
        at app//org.eclipse.jetty.util.thread.QueuedThreadPool$Runner.idleJobPoll(QueuedThreadPool.java:974)
        at app//org.eclipse.jetty.util.thread.QueuedThreadPool$Runner.run(QueuedThreadPool.java:1018)
        at java.base@21.0.5/java.lang.Thread.runWith(Thread.java:1596)
        at java.base@21.0.5/java.lang.Thread.run(Thread.java:1583)
"IPC Server listener on 15000" daemon prio=5 tid=83 runnable
java.lang.Thread.State: RUNNABLE
        at java.base@21.0.5/sun.nio.ch.EPoll.wait(Native Method)
        at java.base@21.0.5/sun.nio.ch.EPollSelectorImpl.doSelect(EPollSelectorImpl.java:121)
        at java.base@21.0.5/sun.nio.ch.SelectorImpl.lockAndDoSelect(SelectorImpl.java:130)
        at java.base@21.0.5/sun.nio.ch.SelectorImpl.select(SelectorImpl.java:147)
        at app//org.apache.hadoop.ipc.Server$Listener.run(Server.java:1559)
"Socket Reader #5 for port 15075"  prio=5 tid=2496 runnable
java.lang.Thread.State: RUNNABLE
        at java.base@21.0.5/sun.nio.ch.EPoll.wait(Native Method)
        at java.base@21.0.5/sun.nio.ch.EPollSelectorImpl.doSelect(EPollSelectorImpl.java:121)
        at java.base@21.0.5/sun.nio.ch.SelectorImpl.lockAndDoSelect(SelectorImpl.java:130)
        at java.base@21.0.5/sun.nio.ch.SelectorImpl.select(SelectorImpl.java:147)
        at app//org.apache.hadoop.ipc.Server$Listener$Reader.doRunLoop(Server.java:1497)
        at app//org.apache.hadoop.ipc.Server$Listener$Reader.run(Server.java:1476)
"IPC Server handler 74 on default port 15000" daemon prio=5 tid=188 timed_waiting
java.lang.Thread.State: TIMED_WAITING
        at java.base@21.0.5/jdk.internal.misc.Unsafe.park(Native Method)
        at java.base@21.0.5/java.util.concurrent.locks.LockSupport.parkNanos(LockSupport.java:269)
        at java.base@21.0.5/java.util.concurrent.locks.AbstractQueuedSynchronizer$ConditionObject.awaitNanos(AbstractQueuedSynchronizer.java:1763)
        at java.base@21.0.5/java.util.concurrent.LinkedBlockingQueue.poll(LinkedBlockingQueue.java:460)
        at app//org.apache.hadoop.ipc.CallQueueManager.take(CallQueueManager.java:370)
        at app//org.apache.hadoop.ipc.Server$Handler.run(Server.java:3165)
"4b5ea8a3-88a5-4114-908f-7a85f39bc1cb@group-7D6565184E1B-StateMachineUpdater" daemon prio=5 tid=2591 timed_waiting
java.lang.Thread.State: TIMED_WAITING
        at java.base@21.0.5/jdk.internal.misc.Unsafe.park(Native Method)
        at java.base@21.0.5/java.util.concurrent.locks.LockSupport.parkNanos(LockSupport.java:269)
        at java.base@21.0.5/java.util.concurrent.locks.AbstractQueuedSynchronizer$ConditionObject.await(AbstractQueuedSynchronizer.java:1852)
        at app//org.apache.ratis.util.AwaitForSignal.await(AwaitForSignal.java:65)
        at app//org.apache.ratis.server.impl.StateMachineUpdater.waitForCommit(StateMachineUpdater.java:219)
        at app//org.apache.ratis.server.impl.StateMachineUpdater.run(StateMachineUpdater.java:187)
        at java.base@21.0.5/java.lang.Thread.runWith(Thread.java:1596)
        at java.base@21.0.5/java.lang.Thread.run(Thread.java:1583)
"qtp996171897-658" daemon prio=5 tid=658 runnable
java.lang.Thread.State: RUNNABLE
        at java.base@21.0.5/sun.nio.ch.EPoll.wait(Native Method)
        at java.base@21.0.5/sun.nio.ch.EPollSelectorImpl.doSelect(EPollSelectorImpl.java:121)
        at java.base@21.0.5/sun.nio.ch.SelectorImpl.lockAndDoSelect(SelectorImpl.java:130)
        at java.base@21.0.5/sun.nio.ch.SelectorImpl.select(SelectorImpl.java:147)
        at app//org.eclipse.jetty.io.ManagedSelector.nioSelect(ManagedSelector.java:183)
        at app//org.eclipse.jetty.io.ManagedSelector.select(ManagedSelector.java:190)
        at app//org.eclipse.jetty.io.ManagedSelector$SelectorProducer.select(ManagedSelector.java:606)
        at app//org.eclipse.jetty.io.ManagedSelector$SelectorProducer.produce(ManagedSelector.java:543)
        at app//org.eclipse.jetty.util.thread.strategy.EatWhatYouKill.produceTask(EatWhatYouKill.java:362)
        at app//org.eclipse.jetty.util.thread.strategy.EatWhatYouKill.doProduce(EatWhatYouKill.java:186)
        at app//org.eclipse.jetty.util.thread.strategy.EatWhatYouKill.tryProduce(EatWhatYouKill.java:173)
        at app//org.eclipse.jetty.util.thread.strategy.EatWhatYouKill.produce(EatWhatYouKill.java:137)
        at app//org.eclipse.jetty.io.ManagedSelector$$Lambda/0x00007fd9cc65d0d0.run(Unknown Source)
        at app//org.eclipse.jetty.util.thread.QueuedThreadPool.runJob(QueuedThreadPool.java:883)
        at app//org.eclipse.jetty.util.thread.QueuedThreadPool$Runner.run(QueuedThreadPool.java:1034)
        at java.base@21.0.5/java.lang.Thread.runWith(Thread.java:1596)
        at java.base@21.0.5/java.lang.Thread.run(Thread.java:1583)
"FixedThreadPoolWithAffinityExecutor-6-0" daemon prio=5 tid=103 timed_waiting
java.lang.Thread.State: TIMED_WAITING
        at java.base@21.0.5/jdk.internal.misc.Unsafe.park(Native Method)
        at java.base@21.0.5/java.util.concurrent.locks.LockSupport.parkNanos(LockSupport.java:269)
        at java.base@21.0.5/java.util.concurrent.locks.AbstractQueuedSynchronizer$ConditionObject.awaitNanos(AbstractQueuedSynchronizer.java:1763)
        at java.base@21.0.5/java.util.concurrent.LinkedBlockingQueue.poll(LinkedBlockingQueue.java:460)
        at app//org.apache.hadoop.hdds.scm.server.ContainerReportQueue.poll(ContainerReportQueue.java:269)
        at app//org.apache.hadoop.hdds.scm.server.ContainerReportQueue.poll(ContainerReportQueue.java:42)
        at app//org.apache.hadoop.hdds.server.events.FixedThreadPoolWithAffinityExecutor$ContainerReportProcessTask.run(FixedThreadPoolWithAffinityExecutor.java:253)
        at java.base@21.0.5/java.util.concurrent.Executors$RunnableAdapter.call(Executors.java:572)
        at java.base@21.0.5/java.util.concurrent.FutureTask.run(FutureTask.java:317)
        at java.base@21.0.5/java.util.concurrent.ThreadPoolExecutor.runWorker(ThreadPoolExecutor.java:1144)
        at java.base@21.0.5/java.util.concurrent.ThreadPoolExecutor$Worker.run(ThreadPoolExecutor.java:642)
        at java.base@21.0.5/java.lang.Thread.runWith(Thread.java:1596)
        at java.base@21.0.5/java.lang.Thread.run(Thread.java:1583)
"IPC Server handler 14 on default port 15000" daemon prio=5 tid=128 timed_waiting
java.lang.Thread.State: TIMED_WAITING
        at java.base@21.0.5/jdk.internal.misc.Unsafe.park(Native Method)
        at java.base@21.0.5/java.util.concurrent.locks.LockSupport.parkNanos(LockSupport.java:269)
        at java.base@21.0.5/java.util.concurrent.locks.AbstractQueuedSynchronizer$ConditionObject.awaitNanos(AbstractQueuedSynchronizer.java:1763)
        at java.base@21.0.5/java.util.concurrent.LinkedBlockingQueue.poll(LinkedBlockingQueue.java:460)
        at app//org.apache.hadoop.ipc.CallQueueManager.take(CallQueueManager.java:370)
        at app//org.apache.hadoop.ipc.Server$Handler.run(Server.java:3165)
"3296053d-9d54-4057-a6a8-67c4b6ec6587-DatanodeReportManager-0" daemon prio=5 tid=646 in Object.wait()
java.lang.Thread.State: WAITING (on object monitor)
        at java.base@21.0.5/jdk.internal.misc.Unsafe.park(Native Method)
        at java.base@21.0.5/java.util.concurrent.locks.LockSupport.park(LockSupport.java:371)
        at java.base@21.0.5/java.util.concurrent.locks.AbstractQueuedSynchronizer$ConditionNode.block(AbstractQueuedSynchronizer.java:519)
        at java.base@21.0.5/java.util.concurrent.ForkJoinPool.unmanagedBlock(ForkJoinPool.java:3780)
        at java.base@21.0.5/java.util.concurrent.ForkJoinPool.managedBlock(ForkJoinPool.java:3725)
        at java.base@21.0.5/java.util.concurrent.locks.AbstractQueuedSynchronizer$ConditionObject.await(AbstractQueuedSynchronizer.java:1712)
        at java.base@21.0.5/java.util.concurrent.ScheduledThreadPoolExecutor$DelayedWorkQueue.take(ScheduledThreadPoolExecutor.java:1177)
        at java.base@21.0.5/java.util.concurrent.ScheduledThreadPoolExecutor$DelayedWorkQueue.take(ScheduledThreadPoolExecutor.java:899)
        at java.base@21.0.5/java.util.concurrent.ThreadPoolExecutor.getTask(ThreadPoolExecutor.java:1070)
        at java.base@21.0.5/java.util.concurrent.ThreadPoolExecutor.runWorker(ThreadPoolExecutor.java:1130)
        at java.base@21.0.5/java.util.concurrent.ThreadPoolExecutor$Worker.run(ThreadPoolExecutor.java:642)
        at java.base@21.0.5/java.lang.Thread.runWith(Thread.java:1596)
        at java.base@21.0.5/java.lang.Thread.run(Thread.java:1583)
"IPC Server handler 61 on default port 15000" daemon prio=5 tid=175 timed_waiting
java.lang.Thread.State: TIMED_WAITING
        at java.base@21.0.5/jdk.internal.misc.Unsafe.park(Native Method)
        at java.base@21.0.5/java.util.concurrent.locks.LockSupport.parkNanos(LockSupport.java:269)
        at java.base@21.0.5/java.util.concurrent.locks.AbstractQueuedSynchronizer$ConditionObject.awaitNanos(AbstractQueuedSynchronizer.java:1763)
        at java.base@21.0.5/java.util.concurrent.LinkedBlockingQueue.poll(LinkedBlockingQueue.java:460)
        at app//org.apache.hadoop.ipc.CallQueueManager.take(CallQueueManager.java:370)
        at app//org.apache.hadoop.ipc.Server$Handler.run(Server.java:3165)
"751e45cc-852a-454f-97c8-e80f2befe6f4@group-1CB239B5D031-cacheEviction-AwaitToRun" daemon prio=5 tid=1319 in Object.wait()
java.lang.Thread.State: WAITING (on object monitor)
        at java.base@21.0.5/jdk.internal.misc.Unsafe.park(Native Method)
        at java.base@21.0.5/java.util.concurrent.locks.LockSupport.park(LockSupport.java:371)
        at java.base@21.0.5/java.util.concurrent.locks.AbstractQueuedSynchronizer$ConditionNode.block(AbstractQueuedSynchronizer.java:519)
        at java.base@21.0.5/java.util.concurrent.ForkJoinPool.unmanagedBlock(ForkJoinPool.java:3780)
        at java.base@21.0.5/java.util.concurrent.ForkJoinPool.managedBlock(ForkJoinPool.java:3725)
        at java.base@21.0.5/java.util.concurrent.locks.AbstractQueuedSynchronizer$ConditionObject.await(AbstractQueuedSynchronizer.java:1712)
        at app//org.apache.ratis.util.AwaitForSignal.await(AwaitForSignal.java:48)
        at app//org.apache.ratis.util.AwaitToRun$RunnableImpl.run(AwaitToRun.java:47)
        at java.base@21.0.5/java.lang.Thread.runWith(Thread.java:1596)
        at java.base@21.0.5/java.lang.Thread.run(Thread.java:1583)
"eca5a246-1f8f-493f-b50d-7eee1f2fec76@group-41854415688A-StateMachineUpdater" daemon prio=5 tid=1526 timed_waiting
java.lang.Thread.State: TIMED_WAITING
        at java.base@21.0.5/jdk.internal.misc.Unsafe.park(Native Method)
        at java.base@21.0.5/java.util.concurrent.locks.LockSupport.parkNanos(LockSupport.java:269)
        at java.base@21.0.5/java.util.concurrent.locks.AbstractQueuedSynchronizer$ConditionObject.await(AbstractQueuedSynchronizer.java:1852)
        at app//org.apache.ratis.util.AwaitForSignal.await(AwaitForSignal.java:65)
        at app//org.apache.ratis.server.impl.StateMachineUpdater.waitForCommit(StateMachineUpdater.java:219)
        at app//org.apache.ratis.server.impl.StateMachineUpdater.run(StateMachineUpdater.java:187)
        at java.base@21.0.5/java.lang.Thread.runWith(Thread.java:1596)
        at java.base@21.0.5/java.lang.Thread.run(Thread.java:1583)
"4b5ea8a3-88a5-4114-908f-7a85f39bc1cb@group-AEA5E11D46FC-SegmentedRaftLogWorker" daemon prio=5 tid=1368 timed_waiting
java.lang.Thread.State: TIMED_WAITING
        at java.base@21.0.5/jdk.internal.misc.Unsafe.park(Native Method)
        at java.base@21.0.5/java.util.concurrent.locks.LockSupport.parkNanos(LockSupport.java:269)
        at java.base@21.0.5/java.util.concurrent.locks.AbstractQueuedSynchronizer$ConditionObject.awaitNanos(AbstractQueuedSynchronizer.java:1763)
        at app//org.apache.ratis.util.DataBlockingQueue.poll(DataBlockingQueue.java:148)
        at app//org.apache.ratis.server.raftlog.segmented.SegmentedRaftLogWorker.run(SegmentedRaftLogWorker.java:307)
        at app//org.apache.ratis.server.raftlog.segmented.SegmentedRaftLogWorker$$Lambda/0x00007fd9cc334298.run(Unknown Source)
        at java.base@21.0.5/java.util.concurrent.Executors$RunnableAdapter.call(Executors.java:572)
        at java.base@21.0.5/java.util.concurrent.FutureTask.run(FutureTask.java:317)
        at java.base@21.0.5/java.util.concurrent.ThreadPoolExecutor.runWorker(ThreadPoolExecutor.java:1144)
        at java.base@21.0.5/java.util.concurrent.ThreadPoolExecutor$Worker.run(ThreadPoolExecutor.java:642)
        at java.base@21.0.5/java.lang.Thread.runWith(Thread.java:1596)
        at java.base@21.0.5/java.lang.Thread.run(Thread.java:1583)
"3296053d-9d54-4057-a6a8-67c4b6ec6587@group-2A3258B325AC-cacheEviction-AwaitToRun" daemon prio=5 tid=1310 in Object.wait()
java.lang.Thread.State: WAITING (on object monitor)
        at java.base@21.0.5/jdk.internal.misc.Unsafe.park(Native Method)
        at java.base@21.0.5/java.util.concurrent.locks.LockSupport.park(LockSupport.java:371)
        at java.base@21.0.5/java.util.concurrent.locks.AbstractQueuedSynchronizer$ConditionNode.block(AbstractQueuedSynchronizer.java:519)
        at java.base@21.0.5/java.util.concurrent.ForkJoinPool.unmanagedBlock(ForkJoinPool.java:3780)
        at java.base@21.0.5/java.util.concurrent.ForkJoinPool.managedBlock(ForkJoinPool.java:3725)
        at java.base@21.0.5/java.util.concurrent.locks.AbstractQueuedSynchronizer$ConditionObject.await(AbstractQueuedSynchronizer.java:1712)
        at app//org.apache.ratis.util.AwaitForSignal.await(AwaitForSignal.java:48)
        at app//org.apache.ratis.util.AwaitToRun$RunnableImpl.run(AwaitToRun.java:47)
        at java.base@21.0.5/java.lang.Thread.runWith(Thread.java:1596)
        at java.base@21.0.5/java.lang.Thread.run(Thread.java:1583)
"b6b79d51-52d7-4711-a690-06a51533978a-BlockDeletingService#1" daemon prio=5 tid=1066 in Object.wait()
java.lang.Thread.State: WAITING (on object monitor)
        at java.base@21.0.5/jdk.internal.misc.Unsafe.park(Native Method)
        at java.base@21.0.5/java.util.concurrent.locks.LockSupport.park(LockSupport.java:371)
        at java.base@21.0.5/java.util.concurrent.locks.AbstractQueuedSynchronizer$ConditionNode.block(AbstractQueuedSynchronizer.java:519)
        at java.base@21.0.5/java.util.concurrent.ForkJoinPool.unmanagedBlock(ForkJoinPool.java:3780)
        at java.base@21.0.5/java.util.concurrent.ForkJoinPool.managedBlock(ForkJoinPool.java:3725)
        at java.base@21.0.5/java.util.concurrent.locks.AbstractQueuedSynchronizer$ConditionObject.await(AbstractQueuedSynchronizer.java:1712)
        at java.base@21.0.5/java.util.concurrent.ScheduledThreadPoolExecutor$DelayedWorkQueue.take(ScheduledThreadPoolExecutor.java:1177)
        at java.base@21.0.5/java.util.concurrent.ScheduledThreadPoolExecutor$DelayedWorkQueue.take(ScheduledThreadPoolExecutor.java:899)
        at java.base@21.0.5/java.util.concurrent.ThreadPoolExecutor.getTask(ThreadPoolExecutor.java:1070)
        at java.base@21.0.5/java.util.concurrent.ThreadPoolExecutor.runWorker(ThreadPoolExecutor.java:1130)
        at java.base@21.0.5/java.util.concurrent.ThreadPoolExecutor$Worker.run(ThreadPoolExecutor.java:642)
        at java.base@21.0.5/java.lang.Thread.runWith(Thread.java:1596)
        at java.base@21.0.5/java.lang.Thread.run(Thread.java:1583)
"StaleRecoveringContainerScrubbingService#1" daemon prio=5 tid=936 in Object.wait()
java.lang.Thread.State: WAITING (on object monitor)
        at java.base@21.0.5/jdk.internal.misc.Unsafe.park(Native Method)
        at java.base@21.0.5/java.util.concurrent.locks.LockSupport.park(LockSupport.java:371)
        at java.base@21.0.5/java.util.concurrent.locks.AbstractQueuedSynchronizer$ConditionNode.block(AbstractQueuedSynchronizer.java:519)
        at java.base@21.0.5/java.util.concurrent.ForkJoinPool.unmanagedBlock(ForkJoinPool.java:3780)
        at java.base@21.0.5/java.util.concurrent.ForkJoinPool.managedBlock(ForkJoinPool.java:3725)
        at java.base@21.0.5/java.util.concurrent.locks.AbstractQueuedSynchronizer$ConditionObject.await(AbstractQueuedSynchronizer.java:1712)
        at java.base@21.0.5/java.util.concurrent.ScheduledThreadPoolExecutor$DelayedWorkQueue.take(ScheduledThreadPoolExecutor.java:1177)
        at java.base@21.0.5/java.util.concurrent.ScheduledThreadPoolExecutor$DelayedWorkQueue.take(ScheduledThreadPoolExecutor.java:899)
        at java.base@21.0.5/java.util.concurrent.ThreadPoolExecutor.getTask(ThreadPoolExecutor.java:1070)
        at java.base@21.0.5/java.util.concurrent.ThreadPoolExecutor.runWorker(ThreadPoolExecutor.java:1130)
        at java.base@21.0.5/java.util.concurrent.ThreadPoolExecutor$Worker.run(ThreadPoolExecutor.java:642)
        at java.base@21.0.5/java.lang.Thread.runWith(Thread.java:1596)
        at java.base@21.0.5/java.lang.Thread.run(Thread.java:1583)
"4b5ea8a3-88a5-4114-908f-7a85f39bc1cb-BlockDeletingService#2" daemon prio=5 tid=2858 in Object.wait()
java.lang.Thread.State: WAITING (on object monitor)
        at java.base@21.0.5/jdk.internal.misc.Unsafe.park(Native Method)
        at java.base@21.0.5/java.util.concurrent.locks.LockSupport.park(LockSupport.java:371)
        at java.base@21.0.5/java.util.concurrent.locks.AbstractQueuedSynchronizer$ConditionNode.block(AbstractQueuedSynchronizer.java:519)
        at java.base@21.0.5/java.util.concurrent.ForkJoinPool.unmanagedBlock(ForkJoinPool.java:3780)
        at java.base@21.0.5/java.util.concurrent.ForkJoinPool.managedBlock(ForkJoinPool.java:3725)
        at java.base@21.0.5/java.util.concurrent.locks.AbstractQueuedSynchronizer$ConditionObject.await(AbstractQueuedSynchronizer.java:1712)
        at java.base@21.0.5/java.util.concurrent.ScheduledThreadPoolExecutor$DelayedWorkQueue.take(ScheduledThreadPoolExecutor.java:1177)
        at java.base@21.0.5/java.util.concurrent.ScheduledThreadPoolExecutor$DelayedWorkQueue.take(ScheduledThreadPoolExecutor.java:899)
        at java.base@21.0.5/java.util.concurrent.ThreadPoolExecutor.getTask(ThreadPoolExecutor.java:1070)
        at java.base@21.0.5/java.util.concurrent.ThreadPoolExecutor.runWorker(ThreadPoolExecutor.java:1130)
        at java.base@21.0.5/java.util.concurrent.ThreadPoolExecutor$Worker.run(ThreadPoolExecutor.java:642)
        at java.base@21.0.5/java.lang.Thread.runWith(Thread.java:1596)
        at java.base@21.0.5/java.lang.Thread.run(Thread.java:1583)
"4b5ea8a3-88a5-4114-908f-7a85f39bc1cb@group-66FA7163FB5C->79978ed1-1a5c-4832-b584-9e2d85f03cd7-GrpcLogAppender-LogAppenderDaemon" daemon prio=5 tid=2056 timed_waiting
java.lang.Thread.State: TIMED_WAITING
        at java.base@21.0.5/jdk.internal.misc.Unsafe.park(Native Method)
        at java.base@21.0.5/java.util.concurrent.locks.LockSupport.parkNanos(LockSupport.java:269)
        at java.base@21.0.5/java.util.concurrent.locks.AbstractQueuedSynchronizer$ConditionObject.await(AbstractQueuedSynchronizer.java:1852)
        at app//org.apache.ratis.util.AwaitForSignal.await(AwaitForSignal.java:65)
        at app//org.apache.ratis.grpc.server.GrpcLogAppender.mayWait(GrpcLogAppender.java:290)
        at app//org.apache.ratis.grpc.server.GrpcLogAppender.run(GrpcLogAppender.java:258)
        at app//org.apache.ratis.server.leader.LogAppenderDaemon.run(LogAppenderDaemon.java:80)
        at app//org.apache.ratis.server.leader.LogAppenderDaemon$$Lambda/0x00007fd9cc91b588.run(Unknown Source)
        at java.base@21.0.5/java.lang.Thread.runWith(Thread.java:1596)
        at java.base@21.0.5/java.lang.Thread.run(Thread.java:1583)
"BackgroundPipelineScrubber" daemon prio=5 tid=49 timed_waiting
java.lang.Thread.State: TIMED_WAITING
        at java.base@21.0.5/java.lang.Object.wait0(Native Method)
        at java.base@21.0.5/java.lang.Object.wait(Unknown Source)
        at app//org.apache.hadoop.hdds.scm.ha.BackgroundSCMService.run(BackgroundSCMService.java:107)
        at app//org.apache.hadoop.hdds.scm.ha.BackgroundSCMService$$Lambda/0x00007fd9cc4a86a0.run(Unknown Source)
        at java.base@21.0.5/java.lang.Thread.runWith(Thread.java:1596)
        at java.base@21.0.5/java.lang.Thread.run(Thread.java:1583)
"IPC Server handler 84 on default port 15001" daemon prio=5 tid=298 timed_waiting
java.lang.Thread.State: TIMED_WAITING
        at java.base@21.0.5/jdk.internal.misc.Unsafe.park(Native Method)
        at java.base@21.0.5/java.util.concurrent.locks.LockSupport.parkNanos(LockSupport.java:269)
        at java.base@21.0.5/java.util.concurrent.locks.AbstractQueuedSynchronizer$ConditionObject.awaitNanos(AbstractQueuedSynchronizer.java:1763)
        at java.base@21.0.5/java.util.concurrent.LinkedBlockingQueue.poll(LinkedBlockingQueue.java:460)
        at app//org.apache.hadoop.ipc.CallQueueManager.take(CallQueueManager.java:370)
        at app//org.apache.hadoop.ipc.Server$Handler.run(Server.java:3165)
"EventQueue-PipelineReportForOneReplicaPipelineSafeModeRule" daemon prio=5 tid=1091 in Object.wait()
java.lang.Thread.State: WAITING (on object monitor)
        at java.base@21.0.5/jdk.internal.misc.Unsafe.park(Native Method)
        at java.base@21.0.5/java.util.concurrent.locks.LockSupport.park(LockSupport.java:371)
        at java.base@21.0.5/java.util.concurrent.locks.AbstractQueuedSynchronizer$ConditionNode.block(AbstractQueuedSynchronizer.java:519)
        at java.base@21.0.5/java.util.concurrent.ForkJoinPool.unmanagedBlock(ForkJoinPool.java:3780)
        at java.base@21.0.5/java.util.concurrent.ForkJoinPool.managedBlock(ForkJoinPool.java:3725)
        at java.base@21.0.5/java.util.concurrent.locks.AbstractQueuedSynchronizer$ConditionObject.await(AbstractQueuedSynchronizer.java:1712)
        at java.base@21.0.5/java.util.concurrent.LinkedBlockingQueue.take(LinkedBlockingQueue.java:435)
        at java.base@21.0.5/java.util.concurrent.ThreadPoolExecutor.getTask(ThreadPoolExecutor.java:1070)
        at java.base@21.0.5/java.util.concurrent.ThreadPoolExecutor.runWorker(ThreadPoolExecutor.java:1130)
        at java.base@21.0.5/java.util.concurrent.ThreadPoolExecutor$Worker.run(ThreadPoolExecutor.java:642)
        at java.base@21.0.5/java.lang.Thread.runWith(Thread.java:1596)
        at java.base@21.0.5/java.lang.Thread.run(Thread.java:1583)
"IPC Server handler 2 on default port 15066" daemon prio=5 tid=821 timed_waiting
java.lang.Thread.State: TIMED_WAITING
        at java.base@21.0.5/jdk.internal.misc.Unsafe.park(Native Method)
        at java.base@21.0.5/java.util.concurrent.locks.LockSupport.parkNanos(LockSupport.java:269)
        at java.base@21.0.5/java.util.concurrent.locks.AbstractQueuedSynchronizer$ConditionObject.awaitNanos(AbstractQueuedSynchronizer.java:1763)
        at java.base@21.0.5/java.util.concurrent.LinkedBlockingQueue.poll(LinkedBlockingQueue.java:460)
        at app//org.apache.hadoop.ipc.CallQueueManager.take(CallQueueManager.java:370)
        at app//org.apache.hadoop.ipc.Server$Handler.run(Server.java:3165)
"eca5a246-1f8f-493f-b50d-7eee1f2fec76-ChunkReader-8" daemon prio=5 tid=2463 in Object.wait()
java.lang.Thread.State: WAITING (on object monitor)
        at java.base@21.0.5/jdk.internal.misc.Unsafe.park(Native Method)
        at java.base@21.0.5/java.util.concurrent.locks.LockSupport.park(LockSupport.java:371)
        at java.base@21.0.5/java.util.concurrent.locks.AbstractQueuedSynchronizer$ConditionNode.block(AbstractQueuedSynchronizer.java:519)
        at java.base@21.0.5/java.util.concurrent.ForkJoinPool.unmanagedBlock(ForkJoinPool.java:3780)
        at java.base@21.0.5/java.util.concurrent.ForkJoinPool.managedBlock(ForkJoinPool.java:3725)
        at java.base@21.0.5/java.util.concurrent.locks.AbstractQueuedSynchronizer$ConditionObject.await(AbstractQueuedSynchronizer.java:1712)
        at java.base@21.0.5/java.util.concurrent.LinkedBlockingQueue.take(LinkedBlockingQueue.java:435)
        at java.base@21.0.5/java.util.concurrent.ThreadPoolExecutor.getTask(ThreadPoolExecutor.java:1070)
        at java.base@21.0.5/java.util.concurrent.ThreadPoolExecutor.runWorker(ThreadPoolExecutor.java:1130)
        at java.base@21.0.5/java.util.concurrent.ThreadPoolExecutor$Worker.run(ThreadPoolExecutor.java:642)
        at java.base@21.0.5/java.lang.Thread.runWith(Thread.java:1596)
        at java.base@21.0.5/java.lang.Thread.run(Thread.java:1583)
"ac32094a-198b-4072-99dd-552311e88daf@group-91A8CF666C05-cacheEviction-AwaitToRun" daemon prio=5 tid=1672 in Object.wait()
java.lang.Thread.State: WAITING (on object monitor)
        at java.base@21.0.5/jdk.internal.misc.Unsafe.park(Native Method)
        at java.base@21.0.5/java.util.concurrent.locks.LockSupport.park(LockSupport.java:371)
        at java.base@21.0.5/java.util.concurrent.locks.AbstractQueuedSynchronizer$ConditionNode.block(AbstractQueuedSynchronizer.java:519)
        at java.base@21.0.5/java.util.concurrent.ForkJoinPool.unmanagedBlock(ForkJoinPool.java:3780)
        at java.base@21.0.5/java.util.concurrent.ForkJoinPool.managedBlock(ForkJoinPool.java:3725)
        at java.base@21.0.5/java.util.concurrent.locks.AbstractQueuedSynchronizer$ConditionObject.await(AbstractQueuedSynchronizer.java:1712)
        at app//org.apache.ratis.util.AwaitForSignal.await(AwaitForSignal.java:48)
        at app//org.apache.ratis.util.AwaitToRun$RunnableImpl.run(AwaitToRun.java:47)
        at java.base@21.0.5/java.lang.Thread.runWith(Thread.java:1596)
        at java.base@21.0.5/java.lang.Thread.run(Thread.java:1583)
"751e45cc-852a-454f-97c8-e80f2befe6f4-server-thread1" daemon prio=5 tid=2215 timed_waiting
java.lang.Thread.State: TIMED_WAITING
        at java.base@21.0.5/jdk.internal.misc.Unsafe.park(Native Method)
        at java.base@21.0.5/java.util.concurrent.locks.LockSupport.parkNanos(LockSupport.java:410)
        at java.base@21.0.5/java.util.concurrent.LinkedTransferQueue$DualNode.await(LinkedTransferQueue.java:452)
        at java.base@21.0.5/java.util.concurrent.SynchronousQueue$Transferer.xferLifo(SynchronousQueue.java:194)
        at java.base@21.0.5/java.util.concurrent.SynchronousQueue.xfer(SynchronousQueue.java:235)
        at java.base@21.0.5/java.util.concurrent.SynchronousQueue.poll(SynchronousQueue.java:338)
        at java.base@21.0.5/java.util.concurrent.ThreadPoolExecutor.getTask(ThreadPoolExecutor.java:1069)
        at java.base@21.0.5/java.util.concurrent.ThreadPoolExecutor.runWorker(ThreadPoolExecutor.java:1130)
        at java.base@21.0.5/java.util.concurrent.ThreadPoolExecutor$Worker.run(ThreadPoolExecutor.java:642)
        at java.base@21.0.5/java.lang.Thread.runWith(Thread.java:1596)
        at java.base@21.0.5/java.lang.Thread.run(Thread.java:1583)
"b6b79d51-52d7-4711-a690-06a51533978a-DatanodeReportManager-1" daemon prio=5 tid=739 in Object.wait()
java.lang.Thread.State: WAITING (on object monitor)
        at java.base@21.0.5/jdk.internal.misc.Unsafe.park(Native Method)
        at java.base@21.0.5/java.util.concurrent.locks.LockSupport.park(LockSupport.java:371)
        at java.base@21.0.5/java.util.concurrent.locks.AbstractQueuedSynchronizer$ConditionNode.block(AbstractQueuedSynchronizer.java:519)
        at java.base@21.0.5/java.util.concurrent.ForkJoinPool.unmanagedBlock(ForkJoinPool.java:3780)
        at java.base@21.0.5/java.util.concurrent.ForkJoinPool.managedBlock(ForkJoinPool.java:3725)
        at java.base@21.0.5/java.util.concurrent.locks.AbstractQueuedSynchronizer$ConditionObject.await(AbstractQueuedSynchronizer.java:1712)
        at java.base@21.0.5/java.util.concurrent.ScheduledThreadPoolExecutor$DelayedWorkQueue.take(ScheduledThreadPoolExecutor.java:1177)
        at java.base@21.0.5/java.util.concurrent.ScheduledThreadPoolExecutor$DelayedWorkQueue.take(ScheduledThreadPoolExecutor.java:899)
        at java.base@21.0.5/java.util.concurrent.ThreadPoolExecutor.getTask(ThreadPoolExecutor.java:1070)
        at java.base@21.0.5/java.util.concurrent.ThreadPoolExecutor.runWorker(ThreadPoolExecutor.java:1130)
        at java.base@21.0.5/java.util.concurrent.ThreadPoolExecutor$Worker.run(ThreadPoolExecutor.java:642)
        at java.base@21.0.5/java.lang.Thread.runWith(Thread.java:1596)
        at java.base@21.0.5/java.lang.Thread.run(Thread.java:1583)
"Socket Reader #2 for port 15021"  prio=5 tid=575 runnable
java.lang.Thread.State: RUNNABLE
        at java.base@21.0.5/sun.nio.ch.EPoll.wait(Native Method)
        at java.base@21.0.5/sun.nio.ch.EPollSelectorImpl.doSelect(EPollSelectorImpl.java:121)
        at java.base@21.0.5/sun.nio.ch.SelectorImpl.lockAndDoSelect(SelectorImpl.java:130)
        at java.base@21.0.5/sun.nio.ch.SelectorImpl.select(SelectorImpl.java:147)
        at app//org.apache.hadoop.ipc.Server$Listener$Reader.doRunLoop(Server.java:1497)
        at app//org.apache.hadoop.ipc.Server$Listener$Reader.run(Server.java:1476)
"StaleRecoveringContainerScrubbingService#4" daemon prio=5 tid=2522 in Object.wait()
java.lang.Thread.State: WAITING (on object monitor)
        at java.base@21.0.5/jdk.internal.misc.Unsafe.park(Native Method)
        at java.base@21.0.5/java.util.concurrent.locks.LockSupport.park(LockSupport.java:371)
        at java.base@21.0.5/java.util.concurrent.locks.AbstractQueuedSynchronizer$ConditionNode.block(AbstractQueuedSynchronizer.java:519)
        at java.base@21.0.5/java.util.concurrent.ForkJoinPool.unmanagedBlock(ForkJoinPool.java:3780)
        at java.base@21.0.5/java.util.concurrent.ForkJoinPool.managedBlock(ForkJoinPool.java:3725)
        at java.base@21.0.5/java.util.concurrent.locks.AbstractQueuedSynchronizer$ConditionObject.await(AbstractQueuedSynchronizer.java:1712)
        at java.base@21.0.5/java.util.concurrent.ScheduledThreadPoolExecutor$DelayedWorkQueue.take(ScheduledThreadPoolExecutor.java:1177)
        at java.base@21.0.5/java.util.concurrent.ScheduledThreadPoolExecutor$DelayedWorkQueue.take(ScheduledThreadPoolExecutor.java:899)
        at java.base@21.0.5/java.util.concurrent.ThreadPoolExecutor.getTask(ThreadPoolExecutor.java:1070)
        at java.base@21.0.5/java.util.concurrent.ThreadPoolExecutor.runWorker(ThreadPoolExecutor.java:1130)
        at java.base@21.0.5/java.util.concurrent.ThreadPoolExecutor$Worker.run(ThreadPoolExecutor.java:642)
        at java.base@21.0.5/java.lang.Thread.runWith(Thread.java:1596)
        at java.base@21.0.5/java.lang.Thread.run(Thread.java:1583)
"IPC Server handler 2 on default port 15057" daemon prio=5 tid=775 timed_waiting
java.lang.Thread.State: TIMED_WAITING
        at java.base@21.0.5/jdk.internal.misc.Unsafe.park(Native Method)
        at java.base@21.0.5/java.util.concurrent.locks.LockSupport.parkNanos(LockSupport.java:269)
        at java.base@21.0.5/java.util.concurrent.locks.AbstractQueuedSynchronizer$ConditionObject.awaitNanos(AbstractQueuedSynchronizer.java:1763)
        at java.base@21.0.5/java.util.concurrent.LinkedBlockingQueue.poll(LinkedBlockingQueue.java:460)
        at app//org.apache.hadoop.ipc.CallQueueManager.take(CallQueueManager.java:370)
        at app//org.apache.hadoop.ipc.Server$Handler.run(Server.java:3165)
"om1@group-C5BA1605619E-cacheEviction-AwaitToRun" daemon prio=5 tid=457 in Object.wait()
java.lang.Thread.State: WAITING (on object monitor)
        at java.base@21.0.5/jdk.internal.misc.Unsafe.park(Native Method)
        at java.base@21.0.5/java.util.concurrent.locks.LockSupport.park(LockSupport.java:371)
        at java.base@21.0.5/java.util.concurrent.locks.AbstractQueuedSynchronizer$ConditionNode.block(AbstractQueuedSynchronizer.java:519)
        at java.base@21.0.5/java.util.concurrent.ForkJoinPool.unmanagedBlock(ForkJoinPool.java:3780)
        at java.base@21.0.5/java.util.concurrent.ForkJoinPool.managedBlock(ForkJoinPool.java:3725)
        at java.base@21.0.5/java.util.concurrent.locks.AbstractQueuedSynchronizer$ConditionObject.await(AbstractQueuedSynchronizer.java:1712)
        at app//org.apache.ratis.util.AwaitForSignal.await(AwaitForSignal.java:48)
        at app//org.apache.ratis.util.AwaitToRun$RunnableImpl.run(AwaitToRun.java:47)
        at java.base@21.0.5/java.lang.Thread.runWith(Thread.java:1596)
        at java.base@21.0.5/java.lang.Thread.run(Thread.java:1583)
"3296053d-9d54-4057-a6a8-67c4b6ec6587-PipelineCommandHandlerThread-0"  prio=5 tid=1235 in Object.wait()
java.lang.Thread.State: WAITING (on object monitor)
        at java.base@21.0.5/jdk.internal.misc.Unsafe.park(Native Method)
        at java.base@21.0.5/java.util.concurrent.locks.LockSupport.park(LockSupport.java:371)
        at java.base@21.0.5/java.util.concurrent.locks.AbstractQueuedSynchronizer$ConditionNode.block(AbstractQueuedSynchronizer.java:519)
        at java.base@21.0.5/java.util.concurrent.ForkJoinPool.unmanagedBlock(ForkJoinPool.java:3780)
        at java.base@21.0.5/java.util.concurrent.ForkJoinPool.managedBlock(ForkJoinPool.java:3725)
        at java.base@21.0.5/java.util.concurrent.locks.AbstractQueuedSynchronizer$ConditionObject.await(AbstractQueuedSynchronizer.java:1712)
        at java.base@21.0.5/java.util.concurrent.LinkedBlockingQueue.take(LinkedBlockingQueue.java:435)
        at java.base@21.0.5/java.util.concurrent.ThreadPoolExecutor.getTask(ThreadPoolExecutor.java:1070)
        at java.base@21.0.5/java.util.concurrent.ThreadPoolExecutor.runWorker(ThreadPoolExecutor.java:1130)
        at java.base@21.0.5/java.util.concurrent.ThreadPoolExecutor$Worker.run(ThreadPoolExecutor.java:642)
        at java.base@21.0.5/java.lang.Thread.runWith(Thread.java:1596)
        at java.base@21.0.5/java.lang.Thread.run(Thread.java:1583)
"4b5ea8a3-88a5-4114-908f-7a85f39bc1cb@group-91A8CF666C05-SegmentedRaftLogWorker" daemon prio=5 tid=1644 timed_waiting
java.lang.Thread.State: TIMED_WAITING
        at java.base@21.0.5/jdk.internal.misc.Unsafe.park(Native Method)
        at java.base@21.0.5/java.util.concurrent.locks.LockSupport.parkNanos(LockSupport.java:269)
        at java.base@21.0.5/java.util.concurrent.locks.AbstractQueuedSynchronizer$ConditionObject.awaitNanos(AbstractQueuedSynchronizer.java:1763)
        at app//org.apache.ratis.util.DataBlockingQueue.poll(DataBlockingQueue.java:148)
        at app//org.apache.ratis.server.raftlog.segmented.SegmentedRaftLogWorker.run(SegmentedRaftLogWorker.java:307)
        at app//org.apache.ratis.server.raftlog.segmented.SegmentedRaftLogWorker$$Lambda/0x00007fd9cc334298.run(Unknown Source)
        at java.base@21.0.5/java.util.concurrent.Executors$RunnableAdapter.call(Executors.java:572)
        at java.base@21.0.5/java.util.concurrent.FutureTask.run(FutureTask.java:317)
        at java.base@21.0.5/java.util.concurrent.ThreadPoolExecutor.runWorker(ThreadPoolExecutor.java:1144)
        at java.base@21.0.5/java.util.concurrent.ThreadPoolExecutor$Worker.run(ThreadPoolExecutor.java:642)
        at java.base@21.0.5/java.lang.Thread.runWith(Thread.java:1596)
        at java.base@21.0.5/java.lang.Thread.run(Thread.java:1583)
"Hadoop-Metrics-Updater-0" daemon prio=5 tid=96 timed_waiting
java.lang.Thread.State: TIMED_WAITING
        at java.base@21.0.5/jdk.internal.misc.Unsafe.park(Native Method)
        at java.base@21.0.5/java.util.concurrent.locks.LockSupport.parkNanos(LockSupport.java:269)
        at java.base@21.0.5/java.util.concurrent.locks.AbstractQueuedSynchronizer$ConditionObject.awaitNanos(AbstractQueuedSynchronizer.java:1763)
        at java.base@21.0.5/java.util.concurrent.ScheduledThreadPoolExecutor$DelayedWorkQueue.take(ScheduledThreadPoolExecutor.java:1182)
        at java.base@21.0.5/java.util.concurrent.ScheduledThreadPoolExecutor$DelayedWorkQueue.take(ScheduledThreadPoolExecutor.java:899)
        at java.base@21.0.5/java.util.concurrent.ThreadPoolExecutor.getTask(ThreadPoolExecutor.java:1070)
        at java.base@21.0.5/java.util.concurrent.ThreadPoolExecutor.runWorker(ThreadPoolExecutor.java:1130)
        at java.base@21.0.5/java.util.concurrent.ThreadPoolExecutor$Worker.run(ThreadPoolExecutor.java:642)
        at java.base@21.0.5/java.lang.Thread.runWith(Thread.java:1596)
        at java.base@21.0.5/java.lang.Thread.run(Thread.java:1583)
"IPC Server handler 82 on default port 15002" daemon prio=5 tid=414 timed_waiting
java.lang.Thread.State: TIMED_WAITING
        at java.base@21.0.5/jdk.internal.misc.Unsafe.park(Native Method)
        at java.base@21.0.5/java.util.concurrent.locks.LockSupport.parkNanos(LockSupport.java:269)
        at java.base@21.0.5/java.util.concurrent.locks.AbstractQueuedSynchronizer$ConditionObject.awaitNanos(AbstractQueuedSynchronizer.java:1763)
        at java.base@21.0.5/java.util.concurrent.LinkedBlockingQueue.poll(LinkedBlockingQueue.java:460)
        at app//org.apache.hadoop.ipc.CallQueueManager.take(CallQueueManager.java:370)
        at app//org.apache.hadoop.ipc.Server$Handler.run(Server.java:3165)
"26f755b0-b4b1-4239-8401-e418fca9ef4b-DatanodeReportManager-3" daemon prio=5 tid=2519 in Object.wait()
java.lang.Thread.State: WAITING (on object monitor)
        at java.base@21.0.5/jdk.internal.misc.Unsafe.park(Native Method)
        at java.base@21.0.5/java.util.concurrent.locks.LockSupport.park(LockSupport.java:371)
        at java.base@21.0.5/java.util.concurrent.locks.AbstractQueuedSynchronizer$ConditionNode.block(AbstractQueuedSynchronizer.java:519)
        at java.base@21.0.5/java.util.concurrent.ForkJoinPool.unmanagedBlock(ForkJoinPool.java:3780)
        at java.base@21.0.5/java.util.concurrent.ForkJoinPool.managedBlock(ForkJoinPool.java:3725)
        at java.base@21.0.5/java.util.concurrent.locks.AbstractQueuedSynchronizer$ConditionObject.await(AbstractQueuedSynchronizer.java:1712)
        at java.base@21.0.5/java.util.concurrent.ScheduledThreadPoolExecutor$DelayedWorkQueue.take(ScheduledThreadPoolExecutor.java:1177)
        at java.base@21.0.5/java.util.concurrent.ScheduledThreadPoolExecutor$DelayedWorkQueue.take(ScheduledThreadPoolExecutor.java:899)
        at java.base@21.0.5/java.util.concurrent.ThreadPoolExecutor.getTask(ThreadPoolExecutor.java:1070)
        at java.base@21.0.5/java.util.concurrent.ThreadPoolExecutor.runWorker(ThreadPoolExecutor.java:1130)
        at java.base@21.0.5/java.util.concurrent.ThreadPoolExecutor$Worker.run(ThreadPoolExecutor.java:642)
        at java.base@21.0.5/java.lang.Thread.runWith(Thread.java:1596)
        at java.base@21.0.5/java.lang.Thread.run(Thread.java:1583)
"IPC Server handler 90 on default port 15002" daemon prio=5 tid=422 timed_waiting
java.lang.Thread.State: TIMED_WAITING
        at java.base@21.0.5/jdk.internal.misc.Unsafe.park(Native Method)
        at java.base@21.0.5/java.util.concurrent.locks.LockSupport.parkNanos(LockSupport.java:269)
        at java.base@21.0.5/java.util.concurrent.locks.AbstractQueuedSynchronizer$ConditionObject.awaitNanos(AbstractQueuedSynchronizer.java:1763)
        at java.base@21.0.5/java.util.concurrent.LinkedBlockingQueue.poll(LinkedBlockingQueue.java:460)
        at app//org.apache.hadoop.ipc.CallQueueManager.take(CallQueueManager.java:370)
        at app//org.apache.hadoop.ipc.Server$Handler.run(Server.java:3165)
"b6b79d51-52d7-4711-a690-06a51533978a@group-AEA5E11D46FC-FollowerState" daemon prio=5 tid=1987 timed_waiting
java.lang.Thread.State: TIMED_WAITING
        at java.base@21.0.5/java.lang.Thread.sleep0(Native Method)
        at java.base@21.0.5/java.lang.Thread.sleep(Thread.java:558)
        at java.base@21.0.5/java.util.concurrent.TimeUnit.sleep(TimeUnit.java:446)
        at app//org.apache.ratis.util.TimeDuration.sleep(TimeDuration.java:353)
        at app//org.apache.ratis.util.TimeDuration.sleep(TimeDuration.java:338)
        at app//org.apache.ratis.server.impl.FollowerState.runImpl(FollowerState.java:149)
        at app//org.apache.ratis.server.impl.FollowerState.run(FollowerState.java:130)
"b6b79d51-52d7-4711-a690-06a51533978a@group-AC937E2D10C4-cacheEviction-AwaitToRun" daemon prio=5 tid=1366 in Object.wait()
java.lang.Thread.State: WAITING (on object monitor)
        at java.base@21.0.5/jdk.internal.misc.Unsafe.park(Native Method)
        at java.base@21.0.5/java.util.concurrent.locks.LockSupport.park(LockSupport.java:371)
        at java.base@21.0.5/java.util.concurrent.locks.AbstractQueuedSynchronizer$ConditionNode.block(AbstractQueuedSynchronizer.java:519)
        at java.base@21.0.5/java.util.concurrent.ForkJoinPool.unmanagedBlock(ForkJoinPool.java:3780)
        at java.base@21.0.5/java.util.concurrent.ForkJoinPool.managedBlock(ForkJoinPool.java:3725)
        at java.base@21.0.5/java.util.concurrent.locks.AbstractQueuedSynchronizer$ConditionObject.await(AbstractQueuedSynchronizer.java:1712)
        at app//org.apache.ratis.util.AwaitForSignal.await(AwaitForSignal.java:48)
        at app//org.apache.ratis.util.AwaitToRun$RunnableImpl.run(AwaitToRun.java:47)
        at java.base@21.0.5/java.lang.Thread.runWith(Thread.java:1596)
        at java.base@21.0.5/java.lang.Thread.run(Thread.java:1583)
"StaleRecoveringContainerScrubbingService#6" daemon prio=5 tid=2835 in Object.wait()
java.lang.Thread.State: WAITING (on object monitor)
        at java.base@21.0.5/jdk.internal.misc.Unsafe.park(Native Method)
        at java.base@21.0.5/java.util.concurrent.locks.LockSupport.park(LockSupport.java:371)
        at java.base@21.0.5/java.util.concurrent.locks.AbstractQueuedSynchronizer$ConditionNode.block(AbstractQueuedSynchronizer.java:519)
        at java.base@21.0.5/java.util.concurrent.ForkJoinPool.unmanagedBlock(ForkJoinPool.java:3780)
        at java.base@21.0.5/java.util.concurrent.ForkJoinPool.managedBlock(ForkJoinPool.java:3725)
        at java.base@21.0.5/java.util.concurrent.locks.AbstractQueuedSynchronizer$ConditionObject.await(AbstractQueuedSynchronizer.java:1712)
        at java.base@21.0.5/java.util.concurrent.ScheduledThreadPoolExecutor$DelayedWorkQueue.take(ScheduledThreadPoolExecutor.java:1177)
        at java.base@21.0.5/java.util.concurrent.ScheduledThreadPoolExecutor$DelayedWorkQueue.take(ScheduledThreadPoolExecutor.java:899)
        at java.base@21.0.5/java.util.concurrent.ThreadPoolExecutor.getTask(ThreadPoolExecutor.java:1070)
        at java.base@21.0.5/java.util.concurrent.ThreadPoolExecutor.runWorker(ThreadPoolExecutor.java:1130)
        at java.base@21.0.5/java.util.concurrent.ThreadPoolExecutor$Worker.run(ThreadPoolExecutor.java:642)
        at java.base@21.0.5/java.lang.Thread.runWith(Thread.java:1596)
        at java.base@21.0.5/java.lang.Thread.run(Thread.java:1583)
"3296053d-9d54-4057-a6a8-67c4b6ec6587@group-5233A358D31F-cacheEviction-AwaitToRun" daemon prio=5 tid=1620 in Object.wait()
java.lang.Thread.State: WAITING (on object monitor)
        at java.base@21.0.5/jdk.internal.misc.Unsafe.park(Native Method)
        at java.base@21.0.5/java.util.concurrent.locks.LockSupport.park(LockSupport.java:371)
        at java.base@21.0.5/java.util.concurrent.locks.AbstractQueuedSynchronizer$ConditionNode.block(AbstractQueuedSynchronizer.java:519)
        at java.base@21.0.5/java.util.concurrent.ForkJoinPool.unmanagedBlock(ForkJoinPool.java:3780)
        at java.base@21.0.5/java.util.concurrent.ForkJoinPool.managedBlock(ForkJoinPool.java:3725)
        at java.base@21.0.5/java.util.concurrent.locks.AbstractQueuedSynchronizer$ConditionObject.await(AbstractQueuedSynchronizer.java:1712)
        at app//org.apache.ratis.util.AwaitForSignal.await(AwaitForSignal.java:48)
        at app//org.apache.ratis.util.AwaitToRun$RunnableImpl.run(AwaitToRun.java:47)
        at java.base@21.0.5/java.lang.Thread.runWith(Thread.java:1596)
        at java.base@21.0.5/java.lang.Thread.run(Thread.java:1583)
"Socket Reader #5 for port 15021"  prio=5 tid=578 runnable
java.lang.Thread.State: RUNNABLE
        at java.base@21.0.5/sun.nio.ch.EPoll.wait(Native Method)
        at java.base@21.0.5/sun.nio.ch.EPollSelectorImpl.doSelect(EPollSelectorImpl.java:121)
        at java.base@21.0.5/sun.nio.ch.SelectorImpl.lockAndDoSelect(SelectorImpl.java:130)
        at java.base@21.0.5/sun.nio.ch.SelectorImpl.select(SelectorImpl.java:147)
        at app//org.apache.hadoop.ipc.Server$Listener$Reader.doRunLoop(Server.java:1497)
        at app//org.apache.hadoop.ipc.Server$Listener$Reader.run(Server.java:1476)
"eca5a246-1f8f-493f-b50d-7eee1f2fec76-server-thread3" daemon prio=5 tid=1852 timed_waiting
java.lang.Thread.State: TIMED_WAITING
        at java.base@21.0.5/jdk.internal.misc.Unsafe.park(Native Method)
        at java.base@21.0.5/java.util.concurrent.locks.LockSupport.parkNanos(LockSupport.java:410)
        at java.base@21.0.5/java.util.concurrent.LinkedTransferQueue$DualNode.await(LinkedTransferQueue.java:452)
        at java.base@21.0.5/java.util.concurrent.SynchronousQueue$Transferer.xferLifo(SynchronousQueue.java:194)
        at java.base@21.0.5/java.util.concurrent.SynchronousQueue.xfer(SynchronousQueue.java:235)
        at java.base@21.0.5/java.util.concurrent.SynchronousQueue.poll(SynchronousQueue.java:338)
        at java.base@21.0.5/java.util.concurrent.ThreadPoolExecutor.getTask(ThreadPoolExecutor.java:1069)
        at java.base@21.0.5/java.util.concurrent.ThreadPoolExecutor.runWorker(ThreadPoolExecutor.java:1130)
        at java.base@21.0.5/java.util.concurrent.ThreadPoolExecutor$Worker.run(ThreadPoolExecutor.java:642)
        at java.base@21.0.5/java.lang.Thread.runWith(Thread.java:1596)
        at java.base@21.0.5/java.lang.Thread.run(Thread.java:1583)
"IPC Server handler 91 on default port 15002" daemon prio=5 tid=423 timed_waiting
java.lang.Thread.State: TIMED_WAITING
        at java.base@21.0.5/jdk.internal.misc.Unsafe.park(Native Method)
        at java.base@21.0.5/java.util.concurrent.locks.LockSupport.parkNanos(LockSupport.java:269)
        at java.base@21.0.5/java.util.concurrent.locks.AbstractQueuedSynchronizer$ConditionObject.awaitNanos(AbstractQueuedSynchronizer.java:1763)
        at java.base@21.0.5/java.util.concurrent.LinkedBlockingQueue.poll(LinkedBlockingQueue.java:460)
        at app//org.apache.hadoop.ipc.CallQueueManager.take(CallQueueManager.java:370)
        at app//org.apache.hadoop.ipc.Server$Handler.run(Server.java:3165)
"3296053d-9d54-4057-a6a8-67c4b6ec6587@group-33E612B207F7-cacheEviction-AwaitToRun" daemon prio=5 tid=1254 in Object.wait()
java.lang.Thread.State: WAITING (on object monitor)
        at java.base@21.0.5/jdk.internal.misc.Unsafe.park(Native Method)
        at java.base@21.0.5/java.util.concurrent.locks.LockSupport.park(LockSupport.java:371)
        at java.base@21.0.5/java.util.concurrent.locks.AbstractQueuedSynchronizer$ConditionNode.block(AbstractQueuedSynchronizer.java:519)
        at java.base@21.0.5/java.util.concurrent.ForkJoinPool.unmanagedBlock(ForkJoinPool.java:3780)
        at java.base@21.0.5/java.util.concurrent.ForkJoinPool.managedBlock(ForkJoinPool.java:3725)
        at java.base@21.0.5/java.util.concurrent.locks.AbstractQueuedSynchronizer$ConditionObject.await(AbstractQueuedSynchronizer.java:1712)
        at app//org.apache.ratis.util.AwaitForSignal.await(AwaitForSignal.java:48)
        at app//org.apache.ratis.util.AwaitToRun$RunnableImpl.run(AwaitToRun.java:47)
        at java.base@21.0.5/java.lang.Thread.runWith(Thread.java:1596)
        at java.base@21.0.5/java.lang.Thread.run(Thread.java:1583)
"3296053d-9d54-4057-a6a8-67c4b6ec6587-ec-reconstruct-writer-TID-1"  prio=5 tid=2473 in Object.wait()
java.lang.Thread.State: WAITING (on object monitor)
        at java.base@21.0.5/jdk.internal.misc.Unsafe.park(Native Method)
        at java.base@21.0.5/java.util.concurrent.locks.LockSupport.park(LockSupport.java:371)
        at java.base@21.0.5/java.util.concurrent.LinkedTransferQueue$DualNode.await(LinkedTransferQueue.java:458)
        at java.base@21.0.5/java.util.concurrent.SynchronousQueue$Transferer.xferLifo(SynchronousQueue.java:194)
        at java.base@21.0.5/java.util.concurrent.SynchronousQueue.xfer(SynchronousQueue.java:235)
        at java.base@21.0.5/java.util.concurrent.SynchronousQueue.take(SynchronousQueue.java:318)
        at java.base@21.0.5/java.util.concurrent.ThreadPoolExecutor.getTask(ThreadPoolExecutor.java:1070)
        at java.base@21.0.5/java.util.concurrent.ThreadPoolExecutor.runWorker(ThreadPoolExecutor.java:1130)
        at java.base@21.0.5/java.util.concurrent.ThreadPoolExecutor$Worker.run(ThreadPoolExecutor.java:642)
        at java.base@21.0.5/java.lang.Thread.runWith(Thread.java:1596)
        at java.base@21.0.5/java.lang.Thread.run(Thread.java:1583)
"eca5a246-1f8f-493f-b50d-7eee1f2fec76-groupManagement" daemon prio=5 tid=1261 in Object.wait()
java.lang.Thread.State: WAITING (on object monitor)
        at java.base@21.0.5/jdk.internal.misc.Unsafe.park(Native Method)
        at java.base@21.0.5/java.util.concurrent.locks.LockSupport.park(LockSupport.java:371)
        at java.base@21.0.5/java.util.concurrent.locks.AbstractQueuedSynchronizer$ConditionNode.block(AbstractQueuedSynchronizer.java:519)
        at java.base@21.0.5/java.util.concurrent.ForkJoinPool.unmanagedBlock(ForkJoinPool.java:3780)
        at java.base@21.0.5/java.util.concurrent.ForkJoinPool.managedBlock(ForkJoinPool.java:3725)
        at java.base@21.0.5/java.util.concurrent.locks.AbstractQueuedSynchronizer$ConditionObject.await(AbstractQueuedSynchronizer.java:1712)
        at java.base@21.0.5/java.util.concurrent.LinkedBlockingQueue.take(LinkedBlockingQueue.java:435)
        at java.base@21.0.5/java.util.concurrent.ThreadPoolExecutor.getTask(ThreadPoolExecutor.java:1070)
        at java.base@21.0.5/java.util.concurrent.ThreadPoolExecutor.runWorker(ThreadPoolExecutor.java:1130)
        at java.base@21.0.5/java.util.concurrent.ThreadPoolExecutor$Worker.run(ThreadPoolExecutor.java:642)
        at java.base@21.0.5/java.lang.Thread.runWith(Thread.java:1596)
        at java.base@21.0.5/java.lang.Thread.run(Thread.java:1583)
"ContainerDataScanner(/home/runner/work/ozone/ozone/hadoop-ozone/integration-test/target/test-dir/MiniOzoneClusterImpl-19e1eff0-706f-497d-806e-bf7d4c525004/ozone-meta/datanode-6/data-0/hdds)" daemon prio=5 tid=1075 timed_waiting
java.lang.Thread.State: TIMED_WAITING
        at java.base@21.0.5/java.lang.Thread.sleep0(Native Method)
        at java.base@21.0.5/java.lang.Thread.sleep(Thread.java:509)
        at app//org.apache.hadoop.ozone.container.ozoneimpl.AbstractBackgroundContainerScanner.handleRemainingSleep(AbstractBackgroundContainerScanner.java:131)
        at app//org.apache.hadoop.ozone.container.ozoneimpl.AbstractBackgroundContainerScanner.runIteration(AbstractBackgroundContainerScanner.java:98)
        at app//org.apache.hadoop.ozone.container.ozoneimpl.AbstractBackgroundContainerScanner.run(AbstractBackgroundContainerScanner.java:57)
"IPC Server handler 18 on default port 15000" daemon prio=5 tid=132 timed_waiting
java.lang.Thread.State: TIMED_WAITING
        at java.base@21.0.5/jdk.internal.misc.Unsafe.park(Native Method)
        at java.base@21.0.5/java.util.concurrent.locks.LockSupport.parkNanos(LockSupport.java:269)
        at java.base@21.0.5/java.util.concurrent.locks.AbstractQueuedSynchronizer$ConditionObject.awaitNanos(AbstractQueuedSynchronizer.java:1763)
        at java.base@21.0.5/java.util.concurrent.LinkedBlockingQueue.poll(LinkedBlockingQueue.java:460)
        at app//org.apache.hadoop.ipc.CallQueueManager.take(CallQueueManager.java:370)
        at app//org.apache.hadoop.ipc.Server$Handler.run(Server.java:3165)
"IPC Server handler 1 on default port 15001" daemon prio=5 tid=215 timed_waiting
java.lang.Thread.State: TIMED_WAITING
        at java.base@21.0.5/jdk.internal.misc.Unsafe.park(Native Method)
        at java.base@21.0.5/java.util.concurrent.locks.LockSupport.parkNanos(LockSupport.java:269)
        at java.base@21.0.5/java.util.concurrent.locks.AbstractQueuedSynchronizer$ConditionObject.awaitNanos(AbstractQueuedSynchronizer.java:1763)
        at java.base@21.0.5/java.util.concurrent.LinkedBlockingQueue.poll(LinkedBlockingQueue.java:460)
        at app//org.apache.hadoop.ipc.CallQueueManager.take(CallQueueManager.java:370)
        at app//org.apache.hadoop.ipc.Server$Handler.run(Server.java:3165)
"79978ed1-1a5c-4832-b584-9e2d85f03cd7@group-69B381BA0E06-SegmentedRaftLogWorker"  prio=5 tid=1211 timed_waiting
java.lang.Thread.State: TIMED_WAITING
        at java.base@21.0.5/jdk.internal.misc.Unsafe.park(Native Method)
        at java.base@21.0.5/java.util.concurrent.locks.LockSupport.parkNanos(LockSupport.java:269)
        at java.base@21.0.5/java.util.concurrent.locks.AbstractQueuedSynchronizer$ConditionObject.awaitNanos(AbstractQueuedSynchronizer.java:1763)
        at app//org.apache.ratis.util.DataBlockingQueue.poll(DataBlockingQueue.java:148)
        at app//org.apache.ratis.server.raftlog.segmented.SegmentedRaftLogWorker.run(SegmentedRaftLogWorker.java:307)
        at app//org.apache.ratis.server.raftlog.segmented.SegmentedRaftLogWorker$$Lambda/0x00007fd9cc334298.run(Unknown Source)
        at java.base@21.0.5/java.util.concurrent.Executors$RunnableAdapter.call(Executors.java:572)
        at java.base@21.0.5/java.util.concurrent.FutureTask.run(FutureTask.java:317)
        at java.base@21.0.5/java.util.concurrent.ThreadPoolExecutor.runWorker(ThreadPoolExecutor.java:1144)
        at java.base@21.0.5/java.util.concurrent.ThreadPoolExecutor$Worker.run(ThreadPoolExecutor.java:642)
        at java.base@21.0.5/java.lang.Thread.runWith(Thread.java:1596)
        at java.base@21.0.5/java.lang.Thread.run(Thread.java:1583)
"StaleRecoveringContainerScrubbingService#2" daemon prio=5 tid=2007 timed_waiting
java.lang.Thread.State: TIMED_WAITING
        at java.base@21.0.5/jdk.internal.misc.Unsafe.park(Native Method)
        at java.base@21.0.5/java.util.concurrent.locks.LockSupport.parkNanos(LockSupport.java:269)
        at java.base@21.0.5/java.util.concurrent.locks.AbstractQueuedSynchronizer$ConditionObject.awaitNanos(AbstractQueuedSynchronizer.java:1763)
        at java.base@21.0.5/java.util.concurrent.ScheduledThreadPoolExecutor$DelayedWorkQueue.take(ScheduledThreadPoolExecutor.java:1182)
        at java.base@21.0.5/java.util.concurrent.ScheduledThreadPoolExecutor$DelayedWorkQueue.take(ScheduledThreadPoolExecutor.java:899)
        at java.base@21.0.5/java.util.concurrent.ThreadPoolExecutor.getTask(ThreadPoolExecutor.java:1070)
        at java.base@21.0.5/java.util.concurrent.ThreadPoolExecutor.runWorker(ThreadPoolExecutor.java:1130)
        at java.base@21.0.5/java.util.concurrent.ThreadPoolExecutor$Worker.run(ThreadPoolExecutor.java:642)
        at java.base@21.0.5/java.lang.Thread.runWith(Thread.java:1596)
        at java.base@21.0.5/java.lang.Thread.run(Thread.java:1583)
"IPC Server handler 69 on default port 15002" daemon prio=5 tid=401 timed_waiting
java.lang.Thread.State: TIMED_WAITING
        at java.base@21.0.5/jdk.internal.misc.Unsafe.park(Native Method)
        at java.base@21.0.5/java.util.concurrent.locks.LockSupport.parkNanos(LockSupport.java:269)
        at java.base@21.0.5/java.util.concurrent.locks.AbstractQueuedSynchronizer$ConditionObject.awaitNanos(AbstractQueuedSynchronizer.java:1763)
        at java.base@21.0.5/java.util.concurrent.LinkedBlockingQueue.poll(LinkedBlockingQueue.java:460)
        at app//org.apache.hadoop.ipc.CallQueueManager.take(CallQueueManager.java:370)
        at app//org.apache.hadoop.ipc.Server$Handler.run(Server.java:3165)
"IPC Server handler 3 on default port 15012" daemon prio=5 tid=544 timed_waiting
java.lang.Thread.State: TIMED_WAITING
        at java.base@21.0.5/jdk.internal.misc.Unsafe.park(Native Method)
        at java.base@21.0.5/java.util.concurrent.locks.LockSupport.parkNanos(LockSupport.java:269)
        at java.base@21.0.5/java.util.concurrent.locks.AbstractQueuedSynchronizer$ConditionObject.awaitNanos(AbstractQueuedSynchronizer.java:1763)
        at java.base@21.0.5/java.util.concurrent.LinkedBlockingQueue.poll(LinkedBlockingQueue.java:460)
        at app//org.apache.hadoop.ipc.CallQueueManager.take(CallQueueManager.java:370)
        at app//org.apache.hadoop.ipc.Server$Handler.run(Server.java:3165)
"3296053d-9d54-4057-a6a8-67c4b6ec6587-ChunkReader-9" daemon prio=5 tid=2474 in Object.wait()
java.lang.Thread.State: WAITING (on object monitor)
        at java.base@21.0.5/jdk.internal.misc.Unsafe.park(Native Method)
        at java.base@21.0.5/java.util.concurrent.locks.LockSupport.park(LockSupport.java:371)
        at java.base@21.0.5/java.util.concurrent.locks.AbstractQueuedSynchronizer$ConditionNode.block(AbstractQueuedSynchronizer.java:519)
        at java.base@21.0.5/java.util.concurrent.ForkJoinPool.unmanagedBlock(ForkJoinPool.java:3780)
        at java.base@21.0.5/java.util.concurrent.ForkJoinPool.managedBlock(ForkJoinPool.java:3725)
        at java.base@21.0.5/java.util.concurrent.locks.AbstractQueuedSynchronizer$ConditionObject.await(AbstractQueuedSynchronizer.java:1712)
        at java.base@21.0.5/java.util.concurrent.LinkedBlockingQueue.take(LinkedBlockingQueue.java:435)
        at java.base@21.0.5/java.util.concurrent.ThreadPoolExecutor.getTask(ThreadPoolExecutor.java:1070)
        at java.base@21.0.5/java.util.concurrent.ThreadPoolExecutor.runWorker(ThreadPoolExecutor.java:1130)
        at java.base@21.0.5/java.util.concurrent.ThreadPoolExecutor$Worker.run(ThreadPoolExecutor.java:642)
        at java.base@21.0.5/java.lang.Thread.runWith(Thread.java:1596)
        at java.base@21.0.5/java.lang.Thread.run(Thread.java:1583)
"ac32094a-198b-4072-99dd-552311e88daf@group-B4DF6D08F4AD-StateMachineUpdater" daemon prio=5 tid=1720 timed_waiting
java.lang.Thread.State: TIMED_WAITING
        at java.base@21.0.5/jdk.internal.misc.Unsafe.park(Native Method)
        at java.base@21.0.5/java.util.concurrent.locks.LockSupport.parkNanos(LockSupport.java:269)
        at java.base@21.0.5/java.util.concurrent.locks.AbstractQueuedSynchronizer$ConditionObject.await(AbstractQueuedSynchronizer.java:1852)
        at app//org.apache.ratis.util.AwaitForSignal.await(AwaitForSignal.java:65)
        at app//org.apache.ratis.server.impl.StateMachineUpdater.waitForCommit(StateMachineUpdater.java:219)
        at app//org.apache.ratis.server.impl.StateMachineUpdater.run(StateMachineUpdater.java:187)
        at java.base@21.0.5/java.lang.Thread.runWith(Thread.java:1596)
        at java.base@21.0.5/java.lang.Thread.run(Thread.java:1583)
"IPC Server handler 36 on default port 15001" daemon prio=5 tid=250 timed_waiting
java.lang.Thread.State: TIMED_WAITING
        at java.base@21.0.5/jdk.internal.misc.Unsafe.park(Native Method)
        at java.base@21.0.5/java.util.concurrent.locks.LockSupport.parkNanos(LockSupport.java:269)
        at java.base@21.0.5/java.util.concurrent.locks.AbstractQueuedSynchronizer$ConditionObject.awaitNanos(AbstractQueuedSynchronizer.java:1763)
        at java.base@21.0.5/java.util.concurrent.LinkedBlockingQueue.poll(LinkedBlockingQueue.java:460)
        at app//org.apache.hadoop.ipc.CallQueueManager.take(CallQueueManager.java:370)
        at app//org.apache.hadoop.ipc.Server$Handler.run(Server.java:3165)
"ac32094a-198b-4072-99dd-552311e88daf-BlockDeletingService#3" daemon prio=5 tid=2911 in Object.wait()
java.lang.Thread.State: WAITING (on object monitor)
        at java.base@21.0.5/jdk.internal.misc.Unsafe.park(Native Method)
        at java.base@21.0.5/java.util.concurrent.locks.LockSupport.park(LockSupport.java:371)
        at java.base@21.0.5/java.util.concurrent.locks.AbstractQueuedSynchronizer$ConditionNode.block(AbstractQueuedSynchronizer.java:519)
        at java.base@21.0.5/java.util.concurrent.ForkJoinPool.unmanagedBlock(ForkJoinPool.java:3780)
        at java.base@21.0.5/java.util.concurrent.ForkJoinPool.managedBlock(ForkJoinPool.java:3725)
        at java.base@21.0.5/java.util.concurrent.locks.AbstractQueuedSynchronizer$ConditionObject.await(AbstractQueuedSynchronizer.java:1712)
        at java.base@21.0.5/java.util.concurrent.ScheduledThreadPoolExecutor$DelayedWorkQueue.take(ScheduledThreadPoolExecutor.java:1177)
        at java.base@21.0.5/java.util.concurrent.ScheduledThreadPoolExecutor$DelayedWorkQueue.take(ScheduledThreadPoolExecutor.java:899)
        at java.base@21.0.5/java.util.concurrent.ThreadPoolExecutor.getTask(ThreadPoolExecutor.java:1070)
        at java.base@21.0.5/java.util.concurrent.ThreadPoolExecutor.runWorker(ThreadPoolExecutor.java:1130)
        at java.base@21.0.5/java.util.concurrent.ThreadPoolExecutor$Worker.run(ThreadPoolExecutor.java:642)
        at java.base@21.0.5/java.lang.Thread.runWith(Thread.java:1596)
        at java.base@21.0.5/java.lang.Thread.run(Thread.java:1583)
"751e45cc-852a-454f-97c8-e80f2befe6f4-server-thread3" daemon prio=5 tid=1853 timed_waiting
java.lang.Thread.State: TIMED_WAITING
        at java.base@21.0.5/jdk.internal.misc.Unsafe.park(Native Method)
        at java.base@21.0.5/java.util.concurrent.locks.LockSupport.parkNanos(LockSupport.java:410)
        at java.base@21.0.5/java.util.concurrent.LinkedTransferQueue$DualNode.await(LinkedTransferQueue.java:452)
        at java.base@21.0.5/java.util.concurrent.SynchronousQueue$Transferer.xferLifo(SynchronousQueue.java:194)
        at java.base@21.0.5/java.util.concurrent.SynchronousQueue.xfer(SynchronousQueue.java:235)
        at java.base@21.0.5/java.util.concurrent.SynchronousQueue.poll(SynchronousQueue.java:338)
        at java.base@21.0.5/java.util.concurrent.ThreadPoolExecutor.getTask(ThreadPoolExecutor.java:1069)
        at java.base@21.0.5/java.util.concurrent.ThreadPoolExecutor.runWorker(ThreadPoolExecutor.java:1130)
        at java.base@21.0.5/java.util.concurrent.ThreadPoolExecutor$Worker.run(ThreadPoolExecutor.java:642)
        at java.base@21.0.5/java.lang.Thread.runWith(Thread.java:1596)
        at java.base@21.0.5/java.lang.Thread.run(Thread.java:1583)
"79978ed1-1a5c-4832-b584-9e2d85f03cd7-EndpointStateMachineTaskThread-/0.0.0.0:15002-0 "  prio=5 tid=838 in Object.wait()
java.lang.Thread.State: WAITING (on object monitor)
        at java.base@21.0.5/jdk.internal.misc.Unsafe.park(Native Method)
        at java.base@21.0.5/java.util.concurrent.locks.LockSupport.park(LockSupport.java:371)
        at java.base@21.0.5/java.util.concurrent.locks.AbstractQueuedSynchronizer$ConditionNode.block(AbstractQueuedSynchronizer.java:519)
        at java.base@21.0.5/java.util.concurrent.ForkJoinPool.unmanagedBlock(ForkJoinPool.java:3780)
        at java.base@21.0.5/java.util.concurrent.ForkJoinPool.managedBlock(ForkJoinPool.java:3725)
        at java.base@21.0.5/java.util.concurrent.locks.AbstractQueuedSynchronizer$ConditionObject.await(AbstractQueuedSynchronizer.java:1712)
        at java.base@21.0.5/java.util.concurrent.LinkedBlockingQueue.take(LinkedBlockingQueue.java:435)
        at java.base@21.0.5/java.util.concurrent.ThreadPoolExecutor.getTask(ThreadPoolExecutor.java:1070)
        at java.base@21.0.5/java.util.concurrent.ThreadPoolExecutor.runWorker(ThreadPoolExecutor.java:1130)
        at java.base@21.0.5/java.util.concurrent.ThreadPoolExecutor$Worker.run(ThreadPoolExecutor.java:642)
        at java.base@21.0.5/java.lang.Thread.runWith(Thread.java:1596)
        at java.base@21.0.5/java.lang.Thread.run(Thread.java:1583)
"IPC Server handler 79 on default port 15002" daemon prio=5 tid=411 timed_waiting
java.lang.Thread.State: TIMED_WAITING
        at java.base@21.0.5/jdk.internal.misc.Unsafe.park(Native Method)
        at java.base@21.0.5/java.util.concurrent.locks.LockSupport.parkNanos(LockSupport.java:269)
        at java.base@21.0.5/java.util.concurrent.locks.AbstractQueuedSynchronizer$ConditionObject.awaitNanos(AbstractQueuedSynchronizer.java:1763)
        at java.base@21.0.5/java.util.concurrent.LinkedBlockingQueue.poll(LinkedBlockingQueue.java:460)
        at app//org.apache.hadoop.ipc.CallQueueManager.take(CallQueueManager.java:370)
        at app//org.apache.hadoop.ipc.Server$Handler.run(Server.java:3165)
"IPC Server handler 0 on default port 15075" daemon prio=5 tid=2505 timed_waiting
java.lang.Thread.State: TIMED_WAITING
        at java.base@21.0.5/jdk.internal.misc.Unsafe.park(Native Method)
        at java.base@21.0.5/java.util.concurrent.locks.LockSupport.parkNanos(LockSupport.java:269)
        at java.base@21.0.5/java.util.concurrent.locks.AbstractQueuedSynchronizer$ConditionObject.awaitNanos(AbstractQueuedSynchronizer.java:1763)
        at java.base@21.0.5/java.util.concurrent.LinkedBlockingQueue.poll(LinkedBlockingQueue.java:460)
        at app//org.apache.hadoop.ipc.CallQueueManager.take(CallQueueManager.java:370)
        at app//org.apache.hadoop.ipc.Server$Handler.run(Server.java:3165)
"Socket Reader #7 for port 15006"  prio=5 tid=449 runnable
java.lang.Thread.State: RUNNABLE
        at java.base@21.0.5/sun.nio.ch.EPoll.wait(Native Method)
        at java.base@21.0.5/sun.nio.ch.EPollSelectorImpl.doSelect(EPollSelectorImpl.java:121)
        at java.base@21.0.5/sun.nio.ch.SelectorImpl.lockAndDoSelect(SelectorImpl.java:130)
        at java.base@21.0.5/sun.nio.ch.SelectorImpl.select(SelectorImpl.java:147)
        at app//org.apache.hadoop.ipc.Server$Listener$Reader.doRunLoop(Server.java:1497)
        at app//org.apache.hadoop.ipc.Server$Listener$Reader.run(Server.java:1476)
"751e45cc-852a-454f-97c8-e80f2befe6f4-DatanodeStateMachineTaskThread-1"  prio=5 tid=1068 in Object.wait()
java.lang.Thread.State: WAITING (on object monitor)
        at java.base@21.0.5/jdk.internal.misc.Unsafe.park(Native Method)
        at java.base@21.0.5/java.util.concurrent.locks.LockSupport.park(LockSupport.java:371)
        at java.base@21.0.5/java.util.concurrent.locks.AbstractQueuedSynchronizer$ConditionNode.block(AbstractQueuedSynchronizer.java:519)
        at java.base@21.0.5/java.util.concurrent.ForkJoinPool.unmanagedBlock(ForkJoinPool.java:3780)
        at java.base@21.0.5/java.util.concurrent.ForkJoinPool.managedBlock(ForkJoinPool.java:3725)
        at java.base@21.0.5/java.util.concurrent.locks.AbstractQueuedSynchronizer$ConditionObject.await(AbstractQueuedSynchronizer.java:1712)
        at java.base@21.0.5/java.util.concurrent.LinkedBlockingQueue.take(LinkedBlockingQueue.java:435)
        at java.base@21.0.5/java.util.concurrent.ThreadPoolExecutor.getTask(ThreadPoolExecutor.java:1070)
        at java.base@21.0.5/java.util.concurrent.ThreadPoolExecutor.runWorker(ThreadPoolExecutor.java:1130)
        at java.base@21.0.5/java.util.concurrent.ThreadPoolExecutor$Worker.run(ThreadPoolExecutor.java:642)
        at java.base@21.0.5/java.lang.Thread.runWith(Thread.java:1596)
        at java.base@21.0.5/java.lang.Thread.run(Thread.java:1583)
"3296053d-9d54-4057-a6a8-67c4b6ec6587@group-33E612B207F7-SegmentedRaftLogWorker" daemon prio=5 tid=1257 timed_waiting
java.lang.Thread.State: TIMED_WAITING
        at java.base@21.0.5/jdk.internal.misc.Unsafe.park(Native Method)
        at java.base@21.0.5/java.util.concurrent.locks.LockSupport.parkNanos(LockSupport.java:269)
        at java.base@21.0.5/java.util.concurrent.locks.AbstractQueuedSynchronizer$ConditionObject.awaitNanos(AbstractQueuedSynchronizer.java:1763)
        at app//org.apache.ratis.util.DataBlockingQueue.poll(DataBlockingQueue.java:148)
        at app//org.apache.ratis.server.raftlog.segmented.SegmentedRaftLogWorker.run(SegmentedRaftLogWorker.java:307)
        at app//org.apache.ratis.server.raftlog.segmented.SegmentedRaftLogWorker$$Lambda/0x00007fd9cc334298.run(Unknown Source)
        at java.base@21.0.5/java.util.concurrent.Executors$RunnableAdapter.call(Executors.java:572)
        at java.base@21.0.5/java.util.concurrent.FutureTask.run(FutureTask.java:317)
        at java.base@21.0.5/java.util.concurrent.ThreadPoolExecutor.runWorker(ThreadPoolExecutor.java:1144)
        at java.base@21.0.5/java.util.concurrent.ThreadPoolExecutor$Worker.run(ThreadPoolExecutor.java:642)
        at java.base@21.0.5/java.lang.Thread.runWith(Thread.java:1596)
        at java.base@21.0.5/java.lang.Thread.run(Thread.java:1583)
"02fc1759-725d-47af-8349-873c9c5c9167@group-41854415688A-cacheEviction-AwaitToRun" daemon prio=5 tid=1555 in Object.wait()
java.lang.Thread.State: WAITING (on object monitor)
        at java.base@21.0.5/jdk.internal.misc.Unsafe.park(Native Method)
        at java.base@21.0.5/java.util.concurrent.locks.LockSupport.park(LockSupport.java:371)
        at java.base@21.0.5/java.util.concurrent.locks.AbstractQueuedSynchronizer$ConditionNode.block(AbstractQueuedSynchronizer.java:519)
        at java.base@21.0.5/java.util.concurrent.ForkJoinPool.unmanagedBlock(ForkJoinPool.java:3780)
        at java.base@21.0.5/java.util.concurrent.ForkJoinPool.managedBlock(ForkJoinPool.java:3725)
        at java.base@21.0.5/java.util.concurrent.locks.AbstractQueuedSynchronizer$ConditionObject.await(AbstractQueuedSynchronizer.java:1712)
        at app//org.apache.ratis.util.AwaitForSignal.await(AwaitForSignal.java:48)
        at app//org.apache.ratis.util.AwaitToRun$RunnableImpl.run(AwaitToRun.java:47)
        at java.base@21.0.5/java.lang.Thread.runWith(Thread.java:1596)
        at java.base@21.0.5/java.lang.Thread.run(Thread.java:1583)
"02fc1759-725d-47af-8349-873c9c5c9167@group-40AB9B634D2B-cacheEviction-AwaitToRun" daemon prio=5 tid=1355 in Object.wait()
java.lang.Thread.State: WAITING (on object monitor)
        at java.base@21.0.5/jdk.internal.misc.Unsafe.park(Native Method)
        at java.base@21.0.5/java.util.concurrent.locks.LockSupport.park(LockSupport.java:371)
        at java.base@21.0.5/java.util.concurrent.locks.AbstractQueuedSynchronizer$ConditionNode.block(AbstractQueuedSynchronizer.java:519)
        at java.base@21.0.5/java.util.concurrent.ForkJoinPool.unmanagedBlock(ForkJoinPool.java:3780)
        at java.base@21.0.5/java.util.concurrent.ForkJoinPool.managedBlock(ForkJoinPool.java:3725)
        at java.base@21.0.5/java.util.concurrent.locks.AbstractQueuedSynchronizer$ConditionObject.await(AbstractQueuedSynchronizer.java:1712)
        at app//org.apache.ratis.util.AwaitForSignal.await(AwaitForSignal.java:48)
        at app//org.apache.ratis.util.AwaitToRun$RunnableImpl.run(AwaitToRun.java:47)
        at java.base@21.0.5/java.lang.Thread.runWith(Thread.java:1596)
        at java.base@21.0.5/java.lang.Thread.run(Thread.java:1583)
"26f755b0-b4b1-4239-8401-e418fca9ef4b-RocksDBCompactionThread-0"  prio=5 tid=2476 timed_waiting
java.lang.Thread.State: TIMED_WAITING
        at java.base@21.0.5/jdk.internal.misc.Unsafe.park(Native Method)
        at java.base@21.0.5/java.util.concurrent.locks.LockSupport.parkNanos(LockSupport.java:269)
        at java.base@21.0.5/java.util.concurrent.locks.AbstractQueuedSynchronizer$ConditionObject.awaitNanos(AbstractQueuedSynchronizer.java:1763)
        at java.base@21.0.5/java.util.concurrent.ScheduledThreadPoolExecutor$DelayedWorkQueue.take(ScheduledThreadPoolExecutor.java:1182)
        at java.base@21.0.5/java.util.concurrent.ScheduledThreadPoolExecutor$DelayedWorkQueue.take(ScheduledThreadPoolExecutor.java:899)
        at java.base@21.0.5/java.util.concurrent.ThreadPoolExecutor.getTask(ThreadPoolExecutor.java:1070)
        at java.base@21.0.5/java.util.concurrent.ThreadPoolExecutor.runWorker(ThreadPoolExecutor.java:1130)
        at java.base@21.0.5/java.util.concurrent.ThreadPoolExecutor$Worker.run(ThreadPoolExecutor.java:642)
        at java.base@21.0.5/java.lang.Thread.runWith(Thread.java:1596)
        at java.base@21.0.5/java.lang.Thread.run(Thread.java:1583)
"4b5ea8a3-88a5-4114-908f-7a85f39bc1cb-server-thread2" daemon prio=5 tid=2185 timed_waiting
java.lang.Thread.State: TIMED_WAITING
        at java.base@21.0.5/jdk.internal.misc.Unsafe.park(Native Method)
        at java.base@21.0.5/java.util.concurrent.locks.LockSupport.parkNanos(LockSupport.java:410)
        at java.base@21.0.5/java.util.concurrent.LinkedTransferQueue$DualNode.await(LinkedTransferQueue.java:452)
        at java.base@21.0.5/java.util.concurrent.SynchronousQueue$Transferer.xferLifo(SynchronousQueue.java:194)
        at java.base@21.0.5/java.util.concurrent.SynchronousQueue.xfer(SynchronousQueue.java:235)
        at java.base@21.0.5/java.util.concurrent.SynchronousQueue.poll(SynchronousQueue.java:338)
        at java.base@21.0.5/java.util.concurrent.ThreadPoolExecutor.getTask(ThreadPoolExecutor.java:1069)
        at java.base@21.0.5/java.util.concurrent.ThreadPoolExecutor.runWorker(ThreadPoolExecutor.java:1130)
        at java.base@21.0.5/java.util.concurrent.ThreadPoolExecutor$Worker.run(ThreadPoolExecutor.java:642)
        at java.base@21.0.5/java.lang.Thread.runWith(Thread.java:1596)
        at java.base@21.0.5/java.lang.Thread.run(Thread.java:1583)
"Hadoop-Metrics-Updater-0" daemon prio=5 tid=455 timed_waiting
java.lang.Thread.State: TIMED_WAITING
        at java.base@21.0.5/jdk.internal.misc.Unsafe.park(Native Method)
        at java.base@21.0.5/java.util.concurrent.locks.LockSupport.parkNanos(LockSupport.java:269)
        at java.base@21.0.5/java.util.concurrent.locks.AbstractQueuedSynchronizer$ConditionObject.awaitNanos(AbstractQueuedSynchronizer.java:1763)
        at java.base@21.0.5/java.util.concurrent.ScheduledThreadPoolExecutor$DelayedWorkQueue.take(ScheduledThreadPoolExecutor.java:1182)
        at java.base@21.0.5/java.util.concurrent.ScheduledThreadPoolExecutor$DelayedWorkQueue.take(ScheduledThreadPoolExecutor.java:899)
        at java.base@21.0.5/java.util.concurrent.ThreadPoolExecutor.getTask(ThreadPoolExecutor.java:1070)
        at java.base@21.0.5/java.util.concurrent.ThreadPoolExecutor.runWorker(ThreadPoolExecutor.java:1130)
        at java.base@21.0.5/java.util.concurrent.ThreadPoolExecutor$Worker.run(ThreadPoolExecutor.java:642)
        at java.base@21.0.5/java.lang.Thread.runWith(Thread.java:1596)
        at java.base@21.0.5/java.lang.Thread.run(Thread.java:1583)
"ac32094a-198b-4072-99dd-552311e88daf-CloseContainerThread-2"  prio=5 tid=2843 in Object.wait()
java.lang.Thread.State: WAITING (on object monitor)
        at java.base@21.0.5/jdk.internal.misc.Unsafe.park(Native Method)
        at java.base@21.0.5/java.util.concurrent.locks.LockSupport.park(LockSupport.java:371)
        at java.base@21.0.5/java.util.concurrent.locks.AbstractQueuedSynchronizer$ConditionNode.block(AbstractQueuedSynchronizer.java:519)
        at java.base@21.0.5/java.util.concurrent.ForkJoinPool.unmanagedBlock(ForkJoinPool.java:3780)
        at java.base@21.0.5/java.util.concurrent.ForkJoinPool.managedBlock(ForkJoinPool.java:3725)
        at java.base@21.0.5/java.util.concurrent.locks.AbstractQueuedSynchronizer$ConditionObject.await(AbstractQueuedSynchronizer.java:1712)
        at java.base@21.0.5/java.util.concurrent.LinkedBlockingQueue.take(LinkedBlockingQueue.java:435)
        at java.base@21.0.5/java.util.concurrent.ThreadPoolExecutor.getTask(ThreadPoolExecutor.java:1070)
        at java.base@21.0.5/java.util.concurrent.ThreadPoolExecutor.runWorker(ThreadPoolExecutor.java:1130)
        at java.base@21.0.5/java.util.concurrent.ThreadPoolExecutor$Worker.run(ThreadPoolExecutor.java:642)
        at java.base@21.0.5/java.lang.Thread.runWith(Thread.java:1596)
        at java.base@21.0.5/java.lang.Thread.run(Thread.java:1583)
"qtp547643943-322" daemon prio=5 tid=322 timed_waiting
java.lang.Thread.State: TIMED_WAITING
        at java.base@21.0.5/jdk.internal.misc.Unsafe.park(Native Method)
        at java.base@21.0.5/java.util.concurrent.locks.LockSupport.parkNanos(LockSupport.java:269)
        at java.base@21.0.5/java.util.concurrent.locks.AbstractQueuedSynchronizer$ConditionObject.awaitNanos(AbstractQueuedSynchronizer.java:1763)
        at app//org.eclipse.jetty.util.BlockingArrayQueue.poll(BlockingArrayQueue.java:382)
        at app//org.eclipse.jetty.util.thread.QueuedThreadPool$Runner.idleJobPoll(QueuedThreadPool.java:974)
        at app//org.eclipse.jetty.util.thread.QueuedThreadPool$Runner.run(QueuedThreadPool.java:1018)
        at java.base@21.0.5/java.lang.Thread.runWith(Thread.java:1596)
        at java.base@21.0.5/java.lang.Thread.run(Thread.java:1583)
"StaleRecoveringContainerScrubbingService#2" daemon prio=5 tid=1788 in Object.wait()
java.lang.Thread.State: WAITING (on object monitor)
        at java.base@21.0.5/jdk.internal.misc.Unsafe.park(Native Method)
        at java.base@21.0.5/java.util.concurrent.locks.LockSupport.park(LockSupport.java:371)
        at java.base@21.0.5/java.util.concurrent.locks.AbstractQueuedSynchronizer$ConditionNode.block(AbstractQueuedSynchronizer.java:519)
        at java.base@21.0.5/java.util.concurrent.ForkJoinPool.unmanagedBlock(ForkJoinPool.java:3780)
        at java.base@21.0.5/java.util.concurrent.ForkJoinPool.managedBlock(ForkJoinPool.java:3725)
        at java.base@21.0.5/java.util.concurrent.locks.AbstractQueuedSynchronizer$ConditionObject.await(AbstractQueuedSynchronizer.java:1712)
        at java.base@21.0.5/java.util.concurrent.ScheduledThreadPoolExecutor$DelayedWorkQueue.take(ScheduledThreadPoolExecutor.java:1177)
        at java.base@21.0.5/java.util.concurrent.ScheduledThreadPoolExecutor$DelayedWorkQueue.take(ScheduledThreadPoolExecutor.java:899)
        at java.base@21.0.5/java.util.concurrent.ThreadPoolExecutor.getTask(ThreadPoolExecutor.java:1070)
        at java.base@21.0.5/java.util.concurrent.ThreadPoolExecutor.runWorker(ThreadPoolExecutor.java:1130)
        at java.base@21.0.5/java.util.concurrent.ThreadPoolExecutor$Worker.run(ThreadPoolExecutor.java:642)
        at java.base@21.0.5/java.lang.Thread.runWith(Thread.java:1596)
        at java.base@21.0.5/java.lang.Thread.run(Thread.java:1583)
"751e45cc-852a-454f-97c8-e80f2befe6f4-DatanodeStateMachineDaemonThread" daemon prio=5 tid=783 timed_waiting
java.lang.Thread.State: TIMED_WAITING
        at java.base@21.0.5/java.lang.Thread.sleep0(Native Method)
        at java.base@21.0.5/java.lang.Thread.sleep(Thread.java:509)
        at app//org.apache.hadoop.ozone.container.common.statemachine.DatanodeStateMachine.startStateMachineThread(DatanodeStateMachine.java:358)
        at app//org.apache.hadoop.ozone.container.common.statemachine.DatanodeStateMachine.lambda$startDaemon$1(DatanodeStateMachine.java:544)
        at app//org.apache.hadoop.ozone.container.common.statemachine.DatanodeStateMachine$$Lambda/0x00007fd9cc7d49d8.run(Unknown Source)
        at java.base@21.0.5/java.lang.Thread.runWith(Thread.java:1596)
        at java.base@21.0.5/java.lang.Thread.run(Thread.java:1583)
"OverReplicatedProcessor" daemon prio=5 tid=2840 timed_waiting
java.lang.Thread.State: TIMED_WAITING
        at java.base@21.0.5/java.lang.Object.wait0(Native Method)
        at java.base@21.0.5/java.lang.Object.wait(Object.java:366)
        at app//org.apache.hadoop.hdds.scm.container.replication.UnhealthyReplicationProcessor.run(UnhealthyReplicationProcessor.java:174)
        at java.base@21.0.5/java.lang.Thread.runWith(Thread.java:1596)
        at java.base@21.0.5/java.lang.Thread.run(Thread.java:1583)
"IPC Server handler 70 on default port 15002" daemon prio=5 tid=402 timed_waiting
java.lang.Thread.State: TIMED_WAITING
        at java.base@21.0.5/jdk.internal.misc.Unsafe.park(Native Method)
        at java.base@21.0.5/java.util.concurrent.locks.LockSupport.parkNanos(LockSupport.java:269)
        at java.base@21.0.5/java.util.concurrent.locks.AbstractQueuedSynchronizer$ConditionObject.awaitNanos(AbstractQueuedSynchronizer.java:1763)
        at java.base@21.0.5/java.util.concurrent.LinkedBlockingQueue.poll(LinkedBlockingQueue.java:460)
        at app//org.apache.hadoop.ipc.CallQueueManager.take(CallQueueManager.java:370)
        at app//org.apache.hadoop.ipc.Server$Handler.run(Server.java:3165)
"IPC Server handler 62 on default port 15001" daemon prio=5 tid=276 timed_waiting
java.lang.Thread.State: TIMED_WAITING
        at java.base@21.0.5/jdk.internal.misc.Unsafe.park(Native Method)
        at java.base@21.0.5/java.util.concurrent.locks.LockSupport.parkNanos(LockSupport.java:269)
        at java.base@21.0.5/java.util.concurrent.locks.AbstractQueuedSynchronizer$ConditionObject.awaitNanos(AbstractQueuedSynchronizer.java:1763)
        at java.base@21.0.5/java.util.concurrent.LinkedBlockingQueue.poll(LinkedBlockingQueue.java:460)
        at app//org.apache.hadoop.ipc.CallQueueManager.take(CallQueueManager.java:370)
        at app//org.apache.hadoop.ipc.Server$Handler.run(Server.java:3165)
"qtp1967404553-709" daemon prio=5 tid=709 timed_waiting
java.lang.Thread.State: TIMED_WAITING
        at java.base@21.0.5/jdk.internal.misc.Unsafe.park(Native Method)
        at java.base@21.0.5/java.util.concurrent.locks.LockSupport.parkNanos(LockSupport.java:269)
        at java.base@21.0.5/java.util.concurrent.locks.AbstractQueuedSynchronizer$ConditionObject.awaitNanos(AbstractQueuedSynchronizer.java:1763)
        at app//org.eclipse.jetty.util.BlockingArrayQueue.poll(BlockingArrayQueue.java:382)
        at app//org.eclipse.jetty.util.thread.QueuedThreadPool$Runner.idleJobPoll(QueuedThreadPool.java:974)
        at app//org.eclipse.jetty.util.thread.QueuedThreadPool$Runner.run(QueuedThreadPool.java:1018)
        at java.base@21.0.5/java.lang.Thread.runWith(Thread.java:1596)
        at java.base@21.0.5/java.lang.Thread.run(Thread.java:1583)
"gradle-enterprise-test-client-gradle-enterprise-test-listener"  prio=5 tid=27 in Object.wait()
java.lang.Thread.State: WAITING (on object monitor)
        at java.base@21.0.5/jdk.internal.misc.Unsafe.park(Native Method)
        at java.base@21.0.5/java.util.concurrent.locks.LockSupport.park(LockSupport.java:371)
        at java.base@21.0.5/java.util.concurrent.locks.AbstractQueuedSynchronizer$ConditionNode.block(AbstractQueuedSynchronizer.java:519)
        at java.base@21.0.5/java.util.concurrent.ForkJoinPool.unmanagedBlock(ForkJoinPool.java:3780)
        at java.base@21.0.5/java.util.concurrent.ForkJoinPool.managedBlock(ForkJoinPool.java:3725)
        at java.base@21.0.5/java.util.concurrent.locks.AbstractQueuedSynchronizer$ConditionObject.await(AbstractQueuedSynchronizer.java:1712)
        at java.base@21.0.5/java.util.concurrent.ArrayBlockingQueue.take(ArrayBlockingQueue.java:420)
        at app//com.gradle.maven.scan.extension.test.listener.obfuscated.k.a.a(SourceFile:130)
        at app//com.gradle.maven.scan.extension.test.listener.obfuscated.k.a.b(SourceFile:93)
        at app//com.gradle.maven.scan.extension.test.listener.obfuscated.k.a$$Lambda/0x00007fd9cc10a650.run(Unknown Source)
        at java.base@21.0.5/java.util.concurrent.Executors$RunnableAdapter.call(Executors.java:572)
        at java.base@21.0.5/java.util.concurrent.FutureTask.run(FutureTask.java:317)
        at java.base@21.0.5/java.util.concurrent.ThreadPoolExecutor.runWorker(ThreadPoolExecutor.java:1144)
        at java.base@21.0.5/java.util.concurrent.ThreadPoolExecutor$Worker.run(ThreadPoolExecutor.java:642)
        at java.base@21.0.5/java.lang.Thread.runWith(Thread.java:1596)
        at java.base@21.0.5/java.lang.Thread.run(Thread.java:1583)
"IPC Server handler 71 on default port 15002" daemon prio=5 tid=403 timed_waiting
java.lang.Thread.State: TIMED_WAITING
        at java.base@21.0.5/jdk.internal.misc.Unsafe.park(Native Method)
        at java.base@21.0.5/java.util.concurrent.locks.LockSupport.parkNanos(LockSupport.java:269)
        at java.base@21.0.5/java.util.concurrent.locks.AbstractQueuedSynchronizer$ConditionObject.awaitNanos(AbstractQueuedSynchronizer.java:1763)
        at java.base@21.0.5/java.util.concurrent.LinkedBlockingQueue.poll(LinkedBlockingQueue.java:460)
        at app//org.apache.hadoop.ipc.CallQueueManager.take(CallQueueManager.java:370)
        at app//org.apache.hadoop.ipc.Server$Handler.run(Server.java:3165)
"751e45cc-852a-454f-97c8-e80f2befe6f4-PeriodicHDDSVolumeChecker" daemon prio=5 tid=1071 timed_waiting
java.lang.Thread.State: TIMED_WAITING
        at java.base@21.0.5/jdk.internal.misc.Unsafe.park(Native Method)
        at java.base@21.0.5/java.util.concurrent.locks.LockSupport.parkNanos(LockSupport.java:269)
        at java.base@21.0.5/java.util.concurrent.locks.AbstractQueuedSynchronizer$ConditionObject.awaitNanos(AbstractQueuedSynchronizer.java:1763)
        at java.base@21.0.5/java.util.concurrent.ScheduledThreadPoolExecutor$DelayedWorkQueue.take(ScheduledThreadPoolExecutor.java:1182)
        at java.base@21.0.5/java.util.concurrent.ScheduledThreadPoolExecutor$DelayedWorkQueue.take(ScheduledThreadPoolExecutor.java:899)
        at java.base@21.0.5/java.util.concurrent.ThreadPoolExecutor.getTask(ThreadPoolExecutor.java:1070)
        at java.base@21.0.5/java.util.concurrent.ThreadPoolExecutor.runWorker(ThreadPoolExecutor.java:1130)
        at java.base@21.0.5/java.util.concurrent.ThreadPoolExecutor$Worker.run(ThreadPoolExecutor.java:642)
        at java.base@21.0.5/java.lang.Thread.runWith(Thread.java:1596)
        at java.base@21.0.5/java.lang.Thread.run(Thread.java:1583)
"751e45cc-852a-454f-97c8-e80f2befe6f4@group-2A3258B325AC->b6b79d51-52d7-4711-a690-06a51533978a-GrpcLogAppender-LogAppenderDaemon" daemon prio=5 tid=1961 timed_waiting
java.lang.Thread.State: TIMED_WAITING
        at java.base@21.0.5/jdk.internal.misc.Unsafe.park(Native Method)
        at java.base@21.0.5/java.util.concurrent.locks.LockSupport.parkNanos(LockSupport.java:269)
        at java.base@21.0.5/java.util.concurrent.locks.AbstractQueuedSynchronizer$ConditionObject.await(AbstractQueuedSynchronizer.java:1852)
        at app//org.apache.ratis.util.AwaitForSignal.await(AwaitForSignal.java:65)
        at app//org.apache.ratis.grpc.server.GrpcLogAppender.mayWait(GrpcLogAppender.java:290)
        at app//org.apache.ratis.grpc.server.GrpcLogAppender.run(GrpcLogAppender.java:258)
        at app//org.apache.ratis.server.leader.LogAppenderDaemon.run(LogAppenderDaemon.java:80)
        at app//org.apache.ratis.server.leader.LogAppenderDaemon$$Lambda/0x00007fd9cc91b588.run(Unknown Source)
        at java.base@21.0.5/java.lang.Thread.runWith(Thread.java:1596)
        at java.base@21.0.5/java.lang.Thread.run(Thread.java:1583)
"StaleRecoveringContainerScrubbingService#9" daemon prio=5 tid=2892 in Object.wait()
java.lang.Thread.State: WAITING (on object monitor)
        at java.base@21.0.5/jdk.internal.misc.Unsafe.park(Native Method)
        at java.base@21.0.5/java.util.concurrent.locks.LockSupport.park(LockSupport.java:371)
        at java.base@21.0.5/java.util.concurrent.locks.AbstractQueuedSynchronizer$ConditionNode.block(AbstractQueuedSynchronizer.java:519)
        at java.base@21.0.5/java.util.concurrent.ForkJoinPool.unmanagedBlock(ForkJoinPool.java:3780)
        at java.base@21.0.5/java.util.concurrent.ForkJoinPool.managedBlock(ForkJoinPool.java:3725)
        at java.base@21.0.5/java.util.concurrent.locks.AbstractQueuedSynchronizer$ConditionObject.await(AbstractQueuedSynchronizer.java:1712)
        at java.base@21.0.5/java.util.concurrent.ScheduledThreadPoolExecutor$DelayedWorkQueue.take(ScheduledThreadPoolExecutor.java:1177)
        at java.base@21.0.5/java.util.concurrent.ScheduledThreadPoolExecutor$DelayedWorkQueue.take(ScheduledThreadPoolExecutor.java:899)
        at java.base@21.0.5/java.util.concurrent.ThreadPoolExecutor.getTask(ThreadPoolExecutor.java:1070)
        at java.base@21.0.5/java.util.concurrent.ThreadPoolExecutor.runWorker(ThreadPoolExecutor.java:1130)
        at java.base@21.0.5/java.util.concurrent.ThreadPoolExecutor$Worker.run(ThreadPoolExecutor.java:642)
        at java.base@21.0.5/java.lang.Thread.runWith(Thread.java:1596)
        at java.base@21.0.5/java.lang.Thread.run(Thread.java:1583)
"IPC Server handler 24 on default port 15000" daemon prio=5 tid=138 timed_waiting
java.lang.Thread.State: TIMED_WAITING
        at java.base@21.0.5/jdk.internal.misc.Unsafe.park(Native Method)
        at java.base@21.0.5/java.util.concurrent.locks.LockSupport.parkNanos(LockSupport.java:269)
        at java.base@21.0.5/java.util.concurrent.locks.AbstractQueuedSynchronizer$ConditionObject.awaitNanos(AbstractQueuedSynchronizer.java:1763)
        at java.base@21.0.5/java.util.concurrent.LinkedBlockingQueue.poll(LinkedBlockingQueue.java:460)
        at app//org.apache.hadoop.ipc.CallQueueManager.take(CallQueueManager.java:370)
        at app//org.apache.hadoop.ipc.Server$Handler.run(Server.java:3165)
"om1-OMDoubleBufferFlushThread" daemon prio=5 tid=438 timed_waiting
java.lang.Thread.State: TIMED_WAITING
        at java.base@21.0.5/java.lang.Object.wait0(Native Method)
        at java.base@21.0.5/java.lang.Object.wait(Object.java:366)
        at app//org.apache.hadoop.ozone.om.ratis.OzoneManagerDoubleBuffer.canFlush(OzoneManagerDoubleBuffer.java:578)
        at app//org.apache.hadoop.ozone.om.ratis.OzoneManagerDoubleBuffer.flushTransactions(OzoneManagerDoubleBuffer.java:294)
        at app//org.apache.hadoop.ozone.om.ratis.OzoneManagerDoubleBuffer$$Lambda/0x00007fd9cc726c80.run(Unknown Source)
        at java.base@21.0.5/java.lang.Thread.runWith(Thread.java:1596)
        at java.base@21.0.5/java.lang.Thread.run(Thread.java:1583)
"IPC Server handler 70 on default port 15001" daemon prio=5 tid=284 timed_waiting
java.lang.Thread.State: TIMED_WAITING
        at java.base@21.0.5/jdk.internal.misc.Unsafe.park(Native Method)
        at java.base@21.0.5/java.util.concurrent.locks.LockSupport.parkNanos(LockSupport.java:269)
        at java.base@21.0.5/java.util.concurrent.locks.AbstractQueuedSynchronizer$ConditionObject.awaitNanos(AbstractQueuedSynchronizer.java:1763)
        at java.base@21.0.5/java.util.concurrent.LinkedBlockingQueue.poll(LinkedBlockingQueue.java:460)
        at app//org.apache.hadoop.ipc.CallQueueManager.take(CallQueueManager.java:370)
        at app//org.apache.hadoop.ipc.Server$Handler.run(Server.java:3165)
"qtp442606276-796" daemon prio=5 tid=796 runnable
java.lang.Thread.State: RUNNABLE
        at java.base@21.0.5/sun.nio.ch.EPoll.wait(Native Method)
        at java.base@21.0.5/sun.nio.ch.EPollSelectorImpl.doSelect(EPollSelectorImpl.java:121)
        at java.base@21.0.5/sun.nio.ch.SelectorImpl.lockAndDoSelect(SelectorImpl.java:130)
        at java.base@21.0.5/sun.nio.ch.SelectorImpl.select(SelectorImpl.java:147)
        at app//org.eclipse.jetty.io.ManagedSelector.nioSelect(ManagedSelector.java:183)
        at app//org.eclipse.jetty.io.ManagedSelector.select(ManagedSelector.java:190)
        at app//org.eclipse.jetty.io.ManagedSelector$SelectorProducer.select(ManagedSelector.java:606)
        at app//org.eclipse.jetty.io.ManagedSelector$SelectorProducer.produce(ManagedSelector.java:543)
        at app//org.eclipse.jetty.util.thread.strategy.EatWhatYouKill.produceTask(EatWhatYouKill.java:362)
        at app//org.eclipse.jetty.util.thread.strategy.EatWhatYouKill.doProduce(EatWhatYouKill.java:186)
        at app//org.eclipse.jetty.util.thread.strategy.EatWhatYouKill.tryProduce(EatWhatYouKill.java:173)
        at app//org.eclipse.jetty.util.thread.strategy.EatWhatYouKill.produce(EatWhatYouKill.java:137)
        at app//org.eclipse.jetty.io.ManagedSelector$$Lambda/0x00007fd9cc65d0d0.run(Unknown Source)
        at app//org.eclipse.jetty.util.thread.QueuedThreadPool.runJob(QueuedThreadPool.java:883)
        at app//org.eclipse.jetty.util.thread.QueuedThreadPool$Runner.run(QueuedThreadPool.java:1034)
        at java.base@21.0.5/java.lang.Thread.runWith(Thread.java:1596)
        at java.base@21.0.5/java.lang.Thread.run(Thread.java:1583)
"IPC Server handler 75 on default port 15001" daemon prio=5 tid=289 timed_waiting
java.lang.Thread.State: TIMED_WAITING
        at java.base@21.0.5/jdk.internal.misc.Unsafe.park(Native Method)
        at java.base@21.0.5/java.util.concurrent.locks.LockSupport.parkNanos(LockSupport.java:269)
        at java.base@21.0.5/java.util.concurrent.locks.AbstractQueuedSynchronizer$ConditionObject.awaitNanos(AbstractQueuedSynchronizer.java:1763)
        at java.base@21.0.5/java.util.concurrent.LinkedBlockingQueue.poll(LinkedBlockingQueue.java:460)
        at app//org.apache.hadoop.ipc.CallQueueManager.take(CallQueueManager.java:370)
        at app//org.apache.hadoop.ipc.Server$Handler.run(Server.java:3165)
"02fc1759-725d-47af-8349-873c9c5c9167@group-1CB239B5D031->4b5ea8a3-88a5-4114-908f-7a85f39bc1cb-GrpcLogAppender-LogAppenderDaemon" daemon prio=5 tid=1914 timed_waiting
java.lang.Thread.State: TIMED_WAITING
        at java.base@21.0.5/jdk.internal.misc.Unsafe.park(Native Method)
        at java.base@21.0.5/java.util.concurrent.locks.LockSupport.parkNanos(LockSupport.java:269)
        at java.base@21.0.5/java.util.concurrent.locks.AbstractQueuedSynchronizer$ConditionObject.await(AbstractQueuedSynchronizer.java:1852)
        at app//org.apache.ratis.util.AwaitForSignal.await(AwaitForSignal.java:65)
        at app//org.apache.ratis.grpc.server.GrpcLogAppender.mayWait(GrpcLogAppender.java:290)
        at app//org.apache.ratis.grpc.server.GrpcLogAppender.run(GrpcLogAppender.java:258)
        at app//org.apache.ratis.server.leader.LogAppenderDaemon.run(LogAppenderDaemon.java:80)
        at app//org.apache.ratis.server.leader.LogAppenderDaemon$$Lambda/0x00007fd9cc91b588.run(Unknown Source)
        at java.base@21.0.5/java.lang.Thread.runWith(Thread.java:1596)
        at java.base@21.0.5/java.lang.Thread.run(Thread.java:1583)
"4b5ea8a3-88a5-4114-908f-7a85f39bc1cb-EndpointStateMachineTaskThread-/0.0.0.0:15002-0 "  prio=5 tid=1033 in Object.wait()
java.lang.Thread.State: WAITING (on object monitor)
        at java.base@21.0.5/jdk.internal.misc.Unsafe.park(Native Method)
        at java.base@21.0.5/java.util.concurrent.locks.LockSupport.park(LockSupport.java:371)
        at java.base@21.0.5/java.util.concurrent.locks.AbstractQueuedSynchronizer$ConditionNode.block(AbstractQueuedSynchronizer.java:519)
        at java.base@21.0.5/java.util.concurrent.ForkJoinPool.unmanagedBlock(ForkJoinPool.java:3780)
        at java.base@21.0.5/java.util.concurrent.ForkJoinPool.managedBlock(ForkJoinPool.java:3725)
        at java.base@21.0.5/java.util.concurrent.locks.AbstractQueuedSynchronizer$ConditionObject.await(AbstractQueuedSynchronizer.java:1712)
        at java.base@21.0.5/java.util.concurrent.LinkedBlockingQueue.take(LinkedBlockingQueue.java:435)
        at java.base@21.0.5/java.util.concurrent.ThreadPoolExecutor.getTask(ThreadPoolExecutor.java:1070)
        at java.base@21.0.5/java.util.concurrent.ThreadPoolExecutor.runWorker(ThreadPoolExecutor.java:1130)
        at java.base@21.0.5/java.util.concurrent.ThreadPoolExecutor$Worker.run(ThreadPoolExecutor.java:642)
        at java.base@21.0.5/java.lang.Thread.runWith(Thread.java:1596)
        at java.base@21.0.5/java.lang.Thread.run(Thread.java:1583)
"timer4" daemon prio=5 tid=1811 timed_waiting
java.lang.Thread.State: TIMED_WAITING
        at java.base@21.0.5/java.lang.Object.wait0(Native Method)
        at java.base@21.0.5/java.lang.Object.wait(Object.java:366)
        at java.base@21.0.5/java.util.TimerThread.mainLoop(Timer.java:563)
        at java.base@21.0.5/java.util.TimerThread.run(Timer.java:516)
"IPC Server handler 69 on default port 15000" daemon prio=5 tid=183 timed_waiting
java.lang.Thread.State: TIMED_WAITING
        at java.base@21.0.5/jdk.internal.misc.Unsafe.park(Native Method)
        at java.base@21.0.5/java.util.concurrent.locks.LockSupport.parkNanos(LockSupport.java:269)
        at java.base@21.0.5/java.util.concurrent.locks.AbstractQueuedSynchronizer$ConditionObject.awaitNanos(AbstractQueuedSynchronizer.java:1763)
        at java.base@21.0.5/java.util.concurrent.LinkedBlockingQueue.poll(LinkedBlockingQueue.java:460)
        at app//org.apache.hadoop.ipc.CallQueueManager.take(CallQueueManager.java:370)
        at app//org.apache.hadoop.ipc.Server$Handler.run(Server.java:3165)
"Socket Reader #3 for port 15039"  prio=5 tid=670 runnable
java.lang.Thread.State: RUNNABLE
        at java.base@21.0.5/sun.nio.ch.EPoll.wait(Native Method)
        at java.base@21.0.5/sun.nio.ch.EPollSelectorImpl.doSelect(EPollSelectorImpl.java:121)
        at java.base@21.0.5/sun.nio.ch.SelectorImpl.lockAndDoSelect(SelectorImpl.java:130)
        at java.base@21.0.5/sun.nio.ch.SelectorImpl.select(SelectorImpl.java:147)
        at app//org.apache.hadoop.ipc.Server$Listener$Reader.doRunLoop(Server.java:1497)
        at app//org.apache.hadoop.ipc.Server$Listener$Reader.run(Server.java:1476)
"4b5ea8a3-88a5-4114-908f-7a85f39bc1cb@group-17ECB58173E6-SegmentedRaftLogWorker" daemon prio=5 tid=1571 timed_waiting
java.lang.Thread.State: TIMED_WAITING
        at java.base@21.0.5/jdk.internal.misc.Unsafe.park(Native Method)
        at java.base@21.0.5/java.util.concurrent.locks.LockSupport.parkNanos(LockSupport.java:269)
        at java.base@21.0.5/java.util.concurrent.locks.AbstractQueuedSynchronizer$ConditionObject.awaitNanos(AbstractQueuedSynchronizer.java:1763)
        at app//org.apache.ratis.util.DataBlockingQueue.poll(DataBlockingQueue.java:148)
        at app//org.apache.ratis.server.raftlog.segmented.SegmentedRaftLogWorker.run(SegmentedRaftLogWorker.java:307)
        at app//org.apache.ratis.server.raftlog.segmented.SegmentedRaftLogWorker$$Lambda/0x00007fd9cc334298.run(Unknown Source)
        at java.base@21.0.5/java.util.concurrent.Executors$RunnableAdapter.call(Executors.java:572)
        at java.base@21.0.5/java.util.concurrent.FutureTask.run(FutureTask.java:317)
        at java.base@21.0.5/java.util.concurrent.ThreadPoolExecutor.runWorker(ThreadPoolExecutor.java:1144)
        at java.base@21.0.5/java.util.concurrent.ThreadPoolExecutor$Worker.run(ThreadPoolExecutor.java:642)
        at java.base@21.0.5/java.lang.Thread.runWith(Thread.java:1596)
        at java.base@21.0.5/java.lang.Thread.run(Thread.java:1583)
"79978ed1-1a5c-4832-b584-9e2d85f03cd7-server-thread3" daemon prio=5 tid=2096 timed_waiting
java.lang.Thread.State: TIMED_WAITING
        at java.base@21.0.5/jdk.internal.misc.Unsafe.park(Native Method)
        at java.base@21.0.5/java.util.concurrent.locks.LockSupport.parkNanos(LockSupport.java:410)
        at java.base@21.0.5/java.util.concurrent.LinkedTransferQueue$DualNode.await(LinkedTransferQueue.java:452)
        at java.base@21.0.5/java.util.concurrent.SynchronousQueue$Transferer.xferLifo(SynchronousQueue.java:194)
        at java.base@21.0.5/java.util.concurrent.SynchronousQueue.xfer(SynchronousQueue.java:235)
        at java.base@21.0.5/java.util.concurrent.SynchronousQueue.poll(SynchronousQueue.java:338)
        at java.base@21.0.5/java.util.concurrent.ThreadPoolExecutor.getTask(ThreadPoolExecutor.java:1069)
        at java.base@21.0.5/java.util.concurrent.ThreadPoolExecutor.runWorker(ThreadPoolExecutor.java:1130)
        at java.base@21.0.5/java.util.concurrent.ThreadPoolExecutor$Worker.run(ThreadPoolExecutor.java:642)
        at java.base@21.0.5/java.lang.Thread.runWith(Thread.java:1596)
        at java.base@21.0.5/java.lang.Thread.run(Thread.java:1583)
"b6b79d51-52d7-4711-a690-06a51533978a-ChunkReader-4" daemon prio=5 tid=2703 in Object.wait()
java.lang.Thread.State: WAITING (on object monitor)
        at java.base@21.0.5/jdk.internal.misc.Unsafe.park(Native Method)
        at java.base@21.0.5/java.util.concurrent.locks.LockSupport.park(LockSupport.java:371)
        at java.base@21.0.5/java.util.concurrent.locks.AbstractQueuedSynchronizer$ConditionNode.block(AbstractQueuedSynchronizer.java:519)
        at java.base@21.0.5/java.util.concurrent.ForkJoinPool.unmanagedBlock(ForkJoinPool.java:3780)
        at java.base@21.0.5/java.util.concurrent.ForkJoinPool.managedBlock(ForkJoinPool.java:3725)
        at java.base@21.0.5/java.util.concurrent.locks.AbstractQueuedSynchronizer$ConditionObject.await(AbstractQueuedSynchronizer.java:1712)
        at java.base@21.0.5/java.util.concurrent.LinkedBlockingQueue.take(LinkedBlockingQueue.java:435)
        at java.base@21.0.5/java.util.concurrent.ThreadPoolExecutor.getTask(ThreadPoolExecutor.java:1070)
        at java.base@21.0.5/java.util.concurrent.ThreadPoolExecutor.runWorker(ThreadPoolExecutor.java:1130)
        at java.base@21.0.5/java.util.concurrent.ThreadPoolExecutor$Worker.run(ThreadPoolExecutor.java:642)
        at java.base@21.0.5/java.lang.Thread.runWith(Thread.java:1596)
        at java.base@21.0.5/java.lang.Thread.run(Thread.java:1583)
"IPC Server handler 85 on default port 15001" daemon prio=5 tid=299 timed_waiting
java.lang.Thread.State: TIMED_WAITING
        at java.base@21.0.5/jdk.internal.misc.Unsafe.park(Native Method)
        at java.base@21.0.5/java.util.concurrent.locks.LockSupport.parkNanos(LockSupport.java:269)
        at java.base@21.0.5/java.util.concurrent.locks.AbstractQueuedSynchronizer$ConditionObject.awaitNanos(AbstractQueuedSynchronizer.java:1763)
        at java.base@21.0.5/java.util.concurrent.LinkedBlockingQueue.poll(LinkedBlockingQueue.java:460)
        at app//org.apache.hadoop.ipc.CallQueueManager.take(CallQueueManager.java:370)
        at app//org.apache.hadoop.ipc.Server$Handler.run(Server.java:3165)
"org.apache.hadoop.ozone.container.common.statemachine.commandhandler.DeleteBlocksCommandHandler$DeleteCmdWorker@5ec30886" daemon prio=5 tid=748 timed_waiting
java.lang.Thread.State: TIMED_WAITING
        at java.base@21.0.5/java.lang.Thread.sleep0(Native Method)
        at java.base@21.0.5/java.lang.Thread.sleep(Thread.java:509)
        at app//org.apache.hadoop.ozone.container.common.statemachine.commandhandler.DeleteBlocksCommandHandler$DeleteCmdWorker.run(DeleteBlocksCommandHandler.java:264)
        at java.base@21.0.5/java.lang.Thread.runWith(Thread.java:1596)
        at java.base@21.0.5/java.lang.Thread.run(Thread.java:1583)
"IPC Server handler 4 on default port 15039" daemon prio=5 tid=685 timed_waiting
java.lang.Thread.State: TIMED_WAITING
        at java.base@21.0.5/jdk.internal.misc.Unsafe.park(Native Method)
        at java.base@21.0.5/java.util.concurrent.locks.LockSupport.parkNanos(LockSupport.java:269)
        at java.base@21.0.5/java.util.concurrent.locks.AbstractQueuedSynchronizer$ConditionObject.awaitNanos(AbstractQueuedSynchronizer.java:1763)
        at java.base@21.0.5/java.util.concurrent.LinkedBlockingQueue.poll(LinkedBlockingQueue.java:460)
        at app//org.apache.hadoop.ipc.CallQueueManager.take(CallQueueManager.java:370)
        at app//org.apache.hadoop.ipc.Server$Handler.run(Server.java:3165)
"IPC Server handler 9 on default port 15012" daemon prio=5 tid=550 timed_waiting
java.lang.Thread.State: TIMED_WAITING
        at java.base@21.0.5/jdk.internal.misc.Unsafe.park(Native Method)
        at java.base@21.0.5/java.util.concurrent.locks.LockSupport.parkNanos(LockSupport.java:269)
        at java.base@21.0.5/java.util.concurrent.locks.AbstractQueuedSynchronizer$ConditionObject.awaitNanos(AbstractQueuedSynchronizer.java:1763)
        at java.base@21.0.5/java.util.concurrent.LinkedBlockingQueue.poll(LinkedBlockingQueue.java:460)
        at app//org.apache.hadoop.ipc.CallQueueManager.take(CallQueueManager.java:370)
        at app//org.apache.hadoop.ipc.Server$Handler.run(Server.java:3165)
"StaleRecoveringContainerScrubbingService#1" daemon prio=5 tid=870 in Object.wait()
java.lang.Thread.State: WAITING (on object monitor)
        at java.base@21.0.5/jdk.internal.misc.Unsafe.park(Native Method)
        at java.base@21.0.5/java.util.concurrent.locks.LockSupport.park(LockSupport.java:371)
        at java.base@21.0.5/java.util.concurrent.locks.AbstractQueuedSynchronizer$ConditionNode.block(AbstractQueuedSynchronizer.java:519)
        at java.base@21.0.5/java.util.concurrent.ForkJoinPool.unmanagedBlock(ForkJoinPool.java:3780)
        at java.base@21.0.5/java.util.concurrent.ForkJoinPool.managedBlock(ForkJoinPool.java:3725)
        at java.base@21.0.5/java.util.concurrent.locks.AbstractQueuedSynchronizer$ConditionObject.await(AbstractQueuedSynchronizer.java:1712)
        at java.base@21.0.5/java.util.concurrent.ScheduledThreadPoolExecutor$DelayedWorkQueue.take(ScheduledThreadPoolExecutor.java:1177)
        at java.base@21.0.5/java.util.concurrent.ScheduledThreadPoolExecutor$DelayedWorkQueue.take(ScheduledThreadPoolExecutor.java:899)
        at java.base@21.0.5/java.util.concurrent.ThreadPoolExecutor.getTask(ThreadPoolExecutor.java:1070)
        at java.base@21.0.5/java.util.concurrent.ThreadPoolExecutor.runWorker(ThreadPoolExecutor.java:1130)
        at java.base@21.0.5/java.util.concurrent.ThreadPoolExecutor$Worker.run(ThreadPoolExecutor.java:642)
        at java.base@21.0.5/java.lang.Thread.runWith(Thread.java:1596)
        at java.base@21.0.5/java.lang.Thread.run(Thread.java:1583)
"b6b79d51-52d7-4711-a690-06a51533978a-NettyServerStreamRpc-bossGroup--thread1"  prio=5 tid=700 runnable
java.lang.Thread.State: RUNNABLE
        at app//org.apache.ratis.thirdparty.io.netty.channel.epoll.Native.epollWait(Native Method)
        at app//org.apache.ratis.thirdparty.io.netty.channel.epoll.Native.epollWait(Native.java:220)
        at app//org.apache.ratis.thirdparty.io.netty.channel.epoll.Native.epollWait(Native.java:213)
        at app//org.apache.ratis.thirdparty.io.netty.channel.epoll.EpollEventLoop.epollWaitNoTimerChange(EpollEventLoop.java:308)
        at app//org.apache.ratis.thirdparty.io.netty.channel.epoll.EpollEventLoop.run(EpollEventLoop.java:365)
        at app//org.apache.ratis.thirdparty.io.netty.util.concurrent.SingleThreadEventExecutor$4.run(SingleThreadEventExecutor.java:997)
        at app//org.apache.ratis.thirdparty.io.netty.util.internal.ThreadExecutorMap$2.run(ThreadExecutorMap.java:74)
        at java.base@21.0.5/java.lang.Thread.runWith(Thread.java:1596)
        at java.base@21.0.5/java.lang.Thread.run(Thread.java:1583)
"IPC Server handler 80 on default port 15002" daemon prio=5 tid=412 timed_waiting
java.lang.Thread.State: TIMED_WAITING
        at java.base@21.0.5/jdk.internal.misc.Unsafe.park(Native Method)
        at java.base@21.0.5/java.util.concurrent.locks.LockSupport.parkNanos(LockSupport.java:269)
        at java.base@21.0.5/java.util.concurrent.locks.AbstractQueuedSynchronizer$ConditionObject.awaitNanos(AbstractQueuedSynchronizer.java:1763)
        at java.base@21.0.5/java.util.concurrent.LinkedBlockingQueue.poll(LinkedBlockingQueue.java:460)
        at app//org.apache.hadoop.ipc.CallQueueManager.take(CallQueueManager.java:370)
        at app//org.apache.hadoop.ipc.Server$Handler.run(Server.java:3165)
"Session-HouseKeeper-70b14988-1"  prio=5 tid=982 timed_waiting
java.lang.Thread.State: TIMED_WAITING
        at java.base@21.0.5/jdk.internal.misc.Unsafe.park(Native Method)
        at java.base@21.0.5/java.util.concurrent.locks.LockSupport.parkNanos(LockSupport.java:269)
        at java.base@21.0.5/java.util.concurrent.locks.AbstractQueuedSynchronizer$ConditionObject.awaitNanos(AbstractQueuedSynchronizer.java:1763)
        at java.base@21.0.5/java.util.concurrent.ScheduledThreadPoolExecutor$DelayedWorkQueue.take(ScheduledThreadPoolExecutor.java:1182)
        at java.base@21.0.5/java.util.concurrent.ScheduledThreadPoolExecutor$DelayedWorkQueue.take(ScheduledThreadPoolExecutor.java:899)
        at java.base@21.0.5/java.util.concurrent.ThreadPoolExecutor.getTask(ThreadPoolExecutor.java:1070)
        at java.base@21.0.5/java.util.concurrent.ThreadPoolExecutor.runWorker(ThreadPoolExecutor.java:1130)
        at java.base@21.0.5/java.util.concurrent.ThreadPoolExecutor$Worker.run(ThreadPoolExecutor.java:642)
        at java.base@21.0.5/java.lang.Thread.runWith(Thread.java:1596)
        at java.base@21.0.5/java.lang.Thread.run(Thread.java:1583)
"StaleRecoveringContainerScrubbingService#8" daemon prio=5 tid=2884 in Object.wait()
java.lang.Thread.State: WAITING (on object monitor)
        at java.base@21.0.5/jdk.internal.misc.Unsafe.park(Native Method)
        at java.base@21.0.5/java.util.concurrent.locks.LockSupport.park(LockSupport.java:371)
        at java.base@21.0.5/java.util.concurrent.locks.AbstractQueuedSynchronizer$ConditionNode.block(AbstractQueuedSynchronizer.java:519)
        at java.base@21.0.5/java.util.concurrent.ForkJoinPool.unmanagedBlock(ForkJoinPool.java:3780)
        at java.base@21.0.5/java.util.concurrent.ForkJoinPool.managedBlock(ForkJoinPool.java:3725)
        at java.base@21.0.5/java.util.concurrent.locks.AbstractQueuedSynchronizer$ConditionObject.await(AbstractQueuedSynchronizer.java:1712)
        at java.base@21.0.5/java.util.concurrent.ScheduledThreadPoolExecutor$DelayedWorkQueue.take(ScheduledThreadPoolExecutor.java:1177)
        at java.base@21.0.5/java.util.concurrent.ScheduledThreadPoolExecutor$DelayedWorkQueue.take(ScheduledThreadPoolExecutor.java:899)
        at java.base@21.0.5/java.util.concurrent.ThreadPoolExecutor.getTask(ThreadPoolExecutor.java:1070)
        at java.base@21.0.5/java.util.concurrent.ThreadPoolExecutor.runWorker(ThreadPoolExecutor.java:1130)
        at java.base@21.0.5/java.util.concurrent.ThreadPoolExecutor$Worker.run(ThreadPoolExecutor.java:642)
        at java.base@21.0.5/java.lang.Thread.runWith(Thread.java:1596)
        at java.base@21.0.5/java.lang.Thread.run(Thread.java:1583)
"IPC Server handler 0 on default port 15057" daemon prio=5 tid=773 timed_waiting
java.lang.Thread.State: TIMED_WAITING
        at java.base@21.0.5/jdk.internal.misc.Unsafe.park(Native Method)
        at java.base@21.0.5/java.util.concurrent.locks.LockSupport.parkNanos(LockSupport.java:269)
        at java.base@21.0.5/java.util.concurrent.locks.AbstractQueuedSynchronizer$ConditionObject.awaitNanos(AbstractQueuedSynchronizer.java:1763)
        at java.base@21.0.5/java.util.concurrent.LinkedBlockingQueue.poll(LinkedBlockingQueue.java:460)
        at app//org.apache.hadoop.ipc.CallQueueManager.take(CallQueueManager.java:370)
        at app//org.apache.hadoop.ipc.Server$Handler.run(Server.java:3165)
"qtp1768621734-519" daemon prio=5 tid=519 runnable
java.lang.Thread.State: RUNNABLE
        at java.base@21.0.5/sun.nio.ch.EPoll.wait(Native Method)
        at java.base@21.0.5/sun.nio.ch.EPollSelectorImpl.doSelect(EPollSelectorImpl.java:121)
        at java.base@21.0.5/sun.nio.ch.SelectorImpl.lockAndDoSelect(SelectorImpl.java:130)
        at java.base@21.0.5/sun.nio.ch.SelectorImpl.select(SelectorImpl.java:147)
        at app//org.eclipse.jetty.io.ManagedSelector.nioSelect(ManagedSelector.java:183)
        at app//org.eclipse.jetty.io.ManagedSelector.select(ManagedSelector.java:190)
        at app//org.eclipse.jetty.io.ManagedSelector$SelectorProducer.select(ManagedSelector.java:606)
        at app//org.eclipse.jetty.io.ManagedSelector$SelectorProducer.produce(ManagedSelector.java:543)
        at app//org.eclipse.jetty.util.thread.strategy.EatWhatYouKill.produceTask(EatWhatYouKill.java:362)
        at app//org.eclipse.jetty.util.thread.strategy.EatWhatYouKill.doProduce(EatWhatYouKill.java:186)
        at app//org.eclipse.jetty.util.thread.strategy.EatWhatYouKill.tryProduce(EatWhatYouKill.java:173)
        at app//org.eclipse.jetty.util.thread.strategy.EatWhatYouKill.produce(EatWhatYouKill.java:137)
        at app//org.eclipse.jetty.io.ManagedSelector$$Lambda/0x00007fd9cc65d0d0.run(Unknown Source)
        at app//org.eclipse.jetty.util.thread.QueuedThreadPool.runJob(QueuedThreadPool.java:883)
        at app//org.eclipse.jetty.util.thread.QueuedThreadPool$Runner.run(QueuedThreadPool.java:1034)
        at java.base@21.0.5/java.lang.Thread.runWith(Thread.java:1596)
        at java.base@21.0.5/java.lang.Thread.run(Thread.java:1583)
"IPC Server handler 32 on default port 15001" daemon prio=5 tid=246 timed_waiting
java.lang.Thread.State: TIMED_WAITING
        at java.base@21.0.5/jdk.internal.misc.Unsafe.park(Native Method)
        at java.base@21.0.5/java.util.concurrent.locks.LockSupport.parkNanos(LockSupport.java:269)
        at java.base@21.0.5/java.util.concurrent.locks.AbstractQueuedSynchronizer$ConditionObject.awaitNanos(AbstractQueuedSynchronizer.java:1763)
        at java.base@21.0.5/java.util.concurrent.LinkedBlockingQueue.poll(LinkedBlockingQueue.java:460)
        at app//org.apache.hadoop.ipc.CallQueueManager.take(CallQueueManager.java:370)
        at app//org.apache.hadoop.ipc.Server$Handler.run(Server.java:3165)
"IPC Server handler 87 on default port 15000" daemon prio=5 tid=201 timed_waiting
java.lang.Thread.State: TIMED_WAITING
        at java.base@21.0.5/jdk.internal.misc.Unsafe.park(Native Method)
        at java.base@21.0.5/java.util.concurrent.locks.LockSupport.parkNanos(LockSupport.java:269)
        at java.base@21.0.5/java.util.concurrent.locks.AbstractQueuedSynchronizer$ConditionObject.awaitNanos(AbstractQueuedSynchronizer.java:1763)
        at java.base@21.0.5/java.util.concurrent.LinkedBlockingQueue.poll(LinkedBlockingQueue.java:460)
        at app//org.apache.hadoop.ipc.CallQueueManager.take(CallQueueManager.java:370)
        at app//org.apache.hadoop.ipc.Server$Handler.run(Server.java:3165)
"StaleRecoveringContainerScrubbingService#0" daemon prio=5 tid=1107 in Object.wait()
java.lang.Thread.State: WAITING (on object monitor)
        at java.base@21.0.5/jdk.internal.misc.Unsafe.park(Native Method)
        at java.base@21.0.5/java.util.concurrent.locks.LockSupport.park(LockSupport.java:371)
        at java.base@21.0.5/java.util.concurrent.locks.AbstractQueuedSynchronizer$ConditionNode.block(AbstractQueuedSynchronizer.java:519)
        at java.base@21.0.5/java.util.concurrent.ForkJoinPool.unmanagedBlock(ForkJoinPool.java:3780)
        at java.base@21.0.5/java.util.concurrent.ForkJoinPool.managedBlock(ForkJoinPool.java:3725)
        at java.base@21.0.5/java.util.concurrent.locks.AbstractQueuedSynchronizer$ConditionObject.await(AbstractQueuedSynchronizer.java:1712)
        at java.base@21.0.5/java.util.concurrent.ScheduledThreadPoolExecutor$DelayedWorkQueue.take(ScheduledThreadPoolExecutor.java:1177)
        at java.base@21.0.5/java.util.concurrent.ScheduledThreadPoolExecutor$DelayedWorkQueue.take(ScheduledThreadPoolExecutor.java:899)
        at java.base@21.0.5/java.util.concurrent.ThreadPoolExecutor.getTask(ThreadPoolExecutor.java:1070)
        at java.base@21.0.5/java.util.concurrent.ThreadPoolExecutor.runWorker(ThreadPoolExecutor.java:1130)
        at java.base@21.0.5/java.util.concurrent.ThreadPoolExecutor$Worker.run(ThreadPoolExecutor.java:642)
        at java.base@21.0.5/java.lang.Thread.runWith(Thread.java:1596)
        at java.base@21.0.5/java.lang.Thread.run(Thread.java:1583)
"26f755b0-b4b1-4239-8401-e418fca9ef4b@group-7D6565184E1B-SegmentedRaftLogWorker"  prio=5 tid=2608 timed_waiting
java.lang.Thread.State: TIMED_WAITING
        at java.base@21.0.5/jdk.internal.misc.Unsafe.park(Native Method)
        at java.base@21.0.5/java.util.concurrent.locks.LockSupport.parkNanos(LockSupport.java:269)
        at java.base@21.0.5/java.util.concurrent.locks.AbstractQueuedSynchronizer$ConditionObject.awaitNanos(AbstractQueuedSynchronizer.java:1763)
        at app//org.apache.ratis.util.DataBlockingQueue.poll(DataBlockingQueue.java:148)
        at app//org.apache.ratis.server.raftlog.segmented.SegmentedRaftLogWorker.run(SegmentedRaftLogWorker.java:307)
        at app//org.apache.ratis.server.raftlog.segmented.SegmentedRaftLogWorker$$Lambda/0x00007fd9cc334298.run(Unknown Source)
        at java.base@21.0.5/java.util.concurrent.Executors$RunnableAdapter.call(Executors.java:572)
        at java.base@21.0.5/java.util.concurrent.FutureTask.run(FutureTask.java:317)
        at java.base@21.0.5/java.util.concurrent.ThreadPoolExecutor.runWorker(ThreadPoolExecutor.java:1144)
        at java.base@21.0.5/java.util.concurrent.ThreadPoolExecutor$Worker.run(ThreadPoolExecutor.java:642)
        at java.base@21.0.5/java.lang.Thread.runWith(Thread.java:1596)
        at java.base@21.0.5/java.lang.Thread.run(Thread.java:1583)
"qtp1998750464-979" daemon prio=5 tid=979 timed_waiting
java.lang.Thread.State: TIMED_WAITING
        at java.base@21.0.5/jdk.internal.misc.Unsafe.park(Native Method)
        at java.base@21.0.5/java.util.concurrent.locks.LockSupport.parkNanos(LockSupport.java:269)
        at java.base@21.0.5/java.util.concurrent.locks.AbstractQueuedSynchronizer$ConditionObject.awaitNanos(AbstractQueuedSynchronizer.java:1763)
        at app//org.eclipse.jetty.util.BlockingArrayQueue.poll(BlockingArrayQueue.java:382)
        at app//org.eclipse.jetty.util.thread.QueuedThreadPool$Runner.idleJobPoll(QueuedThreadPool.java:974)
        at app//org.eclipse.jetty.util.thread.QueuedThreadPool$Runner.run(QueuedThreadPool.java:1018)
        at java.base@21.0.5/java.lang.Thread.runWith(Thread.java:1596)
        at java.base@21.0.5/java.lang.Thread.run(Thread.java:1583)
"Socket Reader #2 for port 15012"  prio=5 tid=529 runnable
java.lang.Thread.State: RUNNABLE
        at java.base@21.0.5/sun.nio.ch.EPoll.wait(Native Method)
        at java.base@21.0.5/sun.nio.ch.EPollSelectorImpl.doSelect(EPollSelectorImpl.java:121)
        at java.base@21.0.5/sun.nio.ch.SelectorImpl.lockAndDoSelect(SelectorImpl.java:130)
        at java.base@21.0.5/sun.nio.ch.SelectorImpl.select(SelectorImpl.java:147)
        at app//org.apache.hadoop.ipc.Server$Listener$Reader.doRunLoop(Server.java:1497)
        at app//org.apache.hadoop.ipc.Server$Listener$Reader.run(Server.java:1476)
"PartialTableCache-Cleanup-0" daemon prio=5 tid=1994 in Object.wait()
java.lang.Thread.State: WAITING (on object monitor)
        at java.base@21.0.5/jdk.internal.misc.Unsafe.park(Native Method)
        at java.base@21.0.5/java.util.concurrent.locks.LockSupport.park(LockSupport.java:371)
        at java.base@21.0.5/java.util.concurrent.locks.AbstractQueuedSynchronizer$ConditionNode.block(AbstractQueuedSynchronizer.java:519)
        at java.base@21.0.5/java.util.concurrent.ForkJoinPool.unmanagedBlock(ForkJoinPool.java:3780)
        at java.base@21.0.5/java.util.concurrent.ForkJoinPool.managedBlock(ForkJoinPool.java:3725)
        at java.base@21.0.5/java.util.concurrent.locks.AbstractQueuedSynchronizer$ConditionObject.await(AbstractQueuedSynchronizer.java:1712)
        at java.base@21.0.5/java.util.concurrent.LinkedBlockingQueue.take(LinkedBlockingQueue.java:435)
        at java.base@21.0.5/java.util.concurrent.ThreadPoolExecutor.getTask(ThreadPoolExecutor.java:1070)
        at java.base@21.0.5/java.util.concurrent.ThreadPoolExecutor.runWorker(ThreadPoolExecutor.java:1130)
        at java.base@21.0.5/java.util.concurrent.ThreadPoolExecutor$Worker.run(ThreadPoolExecutor.java:642)
        at java.base@21.0.5/java.lang.Thread.runWith(Thread.java:1596)
        at java.base@21.0.5/java.lang.Thread.run(Thread.java:1583)
"3296053d-9d54-4057-a6a8-67c4b6ec6587@group-2F5615DC861B-cacheEviction-AwaitToRun" daemon prio=5 tid=1186 in Object.wait()
java.lang.Thread.State: WAITING (on object monitor)
        at java.base@21.0.5/jdk.internal.misc.Unsafe.park(Native Method)
        at java.base@21.0.5/java.util.concurrent.locks.LockSupport.park(LockSupport.java:371)
        at java.base@21.0.5/java.util.concurrent.locks.AbstractQueuedSynchronizer$ConditionNode.block(AbstractQueuedSynchronizer.java:519)
        at java.base@21.0.5/java.util.concurrent.ForkJoinPool.unmanagedBlock(ForkJoinPool.java:3780)
        at java.base@21.0.5/java.util.concurrent.ForkJoinPool.managedBlock(ForkJoinPool.java:3725)
        at java.base@21.0.5/java.util.concurrent.locks.AbstractQueuedSynchronizer$ConditionObject.await(AbstractQueuedSynchronizer.java:1712)
        at app//org.apache.ratis.util.AwaitForSignal.await(AwaitForSignal.java:48)
        at app//org.apache.ratis.util.AwaitToRun$RunnableImpl.run(AwaitToRun.java:47)
        at java.base@21.0.5/java.lang.Thread.runWith(Thread.java:1596)
        at java.base@21.0.5/java.lang.Thread.run(Thread.java:1583)
"IPC Server handler 44 on default port 15002" daemon prio=5 tid=376 timed_waiting
java.lang.Thread.State: TIMED_WAITING
        at java.base@21.0.5/jdk.internal.misc.Unsafe.park(Native Method)
        at java.base@21.0.5/java.util.concurrent.locks.LockSupport.parkNanos(LockSupport.java:269)
        at java.base@21.0.5/java.util.concurrent.locks.AbstractQueuedSynchronizer$ConditionObject.awaitNanos(AbstractQueuedSynchronizer.java:1763)
        at java.base@21.0.5/java.util.concurrent.LinkedBlockingQueue.poll(LinkedBlockingQueue.java:460)
        at app//org.apache.hadoop.ipc.CallQueueManager.take(CallQueueManager.java:370)
        at app//org.apache.hadoop.ipc.Server$Handler.run(Server.java:3165)
"IPC Server Responder" daemon prio=5 tid=679 runnable
java.lang.Thread.State: RUNNABLE
        at java.base@21.0.5/sun.nio.ch.EPoll.wait(Native Method)
        at java.base@21.0.5/sun.nio.ch.EPollSelectorImpl.doSelect(EPollSelectorImpl.java:121)
        at java.base@21.0.5/sun.nio.ch.SelectorImpl.lockAndDoSelect(SelectorImpl.java:130)
        at java.base@21.0.5/sun.nio.ch.SelectorImpl.select(SelectorImpl.java:142)
        at app//org.apache.hadoop.ipc.Server$Responder.doRunLoop(Server.java:1733)
        at app//org.apache.hadoop.ipc.Server$Responder.run(Server.java:1716)
"b6b79d51-52d7-4711-a690-06a51533978a-EndpointStateMachineTaskThread-/0.0.0.0:15002-0 "  prio=5 tid=1051 in Object.wait()
java.lang.Thread.State: WAITING (on object monitor)
        at java.base@21.0.5/jdk.internal.misc.Unsafe.park(Native Method)
        at java.base@21.0.5/java.util.concurrent.locks.LockSupport.park(LockSupport.java:371)
        at java.base@21.0.5/java.util.concurrent.locks.AbstractQueuedSynchronizer$ConditionNode.block(AbstractQueuedSynchronizer.java:519)
        at java.base@21.0.5/java.util.concurrent.ForkJoinPool.unmanagedBlock(ForkJoinPool.java:3780)
        at java.base@21.0.5/java.util.concurrent.ForkJoinPool.managedBlock(ForkJoinPool.java:3725)
        at java.base@21.0.5/java.util.concurrent.locks.AbstractQueuedSynchronizer$ConditionObject.await(AbstractQueuedSynchronizer.java:1712)
        at java.base@21.0.5/java.util.concurrent.LinkedBlockingQueue.take(LinkedBlockingQueue.java:435)
        at java.base@21.0.5/java.util.concurrent.ThreadPoolExecutor.getTask(ThreadPoolExecutor.java:1070)
        at java.base@21.0.5/java.util.concurrent.ThreadPoolExecutor.runWorker(ThreadPoolExecutor.java:1130)
        at java.base@21.0.5/java.util.concurrent.ThreadPoolExecutor$Worker.run(ThreadPoolExecutor.java:642)
        at java.base@21.0.5/java.lang.Thread.runWith(Thread.java:1596)
        at java.base@21.0.5/java.lang.Thread.run(Thread.java:1583)
"4b5ea8a3-88a5-4114-908f-7a85f39bc1cb@group-3AA7185FFAA2-cacheEviction-AwaitToRun" daemon prio=5 tid=1309 in Object.wait()
java.lang.Thread.State: WAITING (on object monitor)
        at java.base@21.0.5/jdk.internal.misc.Unsafe.park(Native Method)
        at java.base@21.0.5/java.util.concurrent.locks.LockSupport.park(LockSupport.java:371)
        at java.base@21.0.5/java.util.concurrent.locks.AbstractQueuedSynchronizer$ConditionNode.block(AbstractQueuedSynchronizer.java:519)
        at java.base@21.0.5/java.util.concurrent.ForkJoinPool.unmanagedBlock(ForkJoinPool.java:3780)
        at java.base@21.0.5/java.util.concurrent.ForkJoinPool.managedBlock(ForkJoinPool.java:3725)
        at java.base@21.0.5/java.util.concurrent.locks.AbstractQueuedSynchronizer$ConditionObject.await(AbstractQueuedSynchronizer.java:1712)
        at app//org.apache.ratis.util.AwaitForSignal.await(AwaitForSignal.java:48)
        at app//org.apache.ratis.util.AwaitToRun$RunnableImpl.run(AwaitToRun.java:47)
        at java.base@21.0.5/java.lang.Thread.runWith(Thread.java:1596)
        at java.base@21.0.5/java.lang.Thread.run(Thread.java:1583)
"751e45cc-852a-454f-97c8-e80f2befe6f4@group-1249EE10DFDC-cacheEviction-AwaitToRun" daemon prio=5 tid=1440 in Object.wait()
java.lang.Thread.State: WAITING (on object monitor)
        at java.base@21.0.5/jdk.internal.misc.Unsafe.park(Native Method)
        at java.base@21.0.5/java.util.concurrent.locks.LockSupport.park(LockSupport.java:371)
        at java.base@21.0.5/java.util.concurrent.locks.AbstractQueuedSynchronizer$ConditionNode.block(AbstractQueuedSynchronizer.java:519)
        at java.base@21.0.5/java.util.concurrent.ForkJoinPool.unmanagedBlock(ForkJoinPool.java:3780)
        at java.base@21.0.5/java.util.concurrent.ForkJoinPool.managedBlock(ForkJoinPool.java:3725)
        at java.base@21.0.5/java.util.concurrent.locks.AbstractQueuedSynchronizer$ConditionObject.await(AbstractQueuedSynchronizer.java:1712)
        at app//org.apache.ratis.util.AwaitForSignal.await(AwaitForSignal.java:48)
        at app//org.apache.ratis.util.AwaitToRun$RunnableImpl.run(AwaitToRun.java:47)
        at java.base@21.0.5/java.lang.Thread.runWith(Thread.java:1596)
        at java.base@21.0.5/java.lang.Thread.run(Thread.java:1583)
"3296053d-9d54-4057-a6a8-67c4b6ec6587-ChunkReader-1" daemon prio=5 tid=2453 in Object.wait()
java.lang.Thread.State: WAITING (on object monitor)
        at java.base@21.0.5/jdk.internal.misc.Unsafe.park(Native Method)
        at java.base@21.0.5/java.util.concurrent.locks.LockSupport.park(LockSupport.java:371)
        at java.base@21.0.5/java.util.concurrent.locks.AbstractQueuedSynchronizer$ConditionNode.block(AbstractQueuedSynchronizer.java:519)
        at java.base@21.0.5/java.util.concurrent.ForkJoinPool.unmanagedBlock(ForkJoinPool.java:3780)
        at java.base@21.0.5/java.util.concurrent.ForkJoinPool.managedBlock(ForkJoinPool.java:3725)
        at java.base@21.0.5/java.util.concurrent.locks.AbstractQueuedSynchronizer$ConditionObject.await(AbstractQueuedSynchronizer.java:1712)
        at java.base@21.0.5/java.util.concurrent.LinkedBlockingQueue.take(LinkedBlockingQueue.java:435)
        at java.base@21.0.5/java.util.concurrent.ThreadPoolExecutor.getTask(ThreadPoolExecutor.java:1070)
        at java.base@21.0.5/java.util.concurrent.ThreadPoolExecutor.runWorker(ThreadPoolExecutor.java:1130)
        at java.base@21.0.5/java.util.concurrent.ThreadPoolExecutor$Worker.run(ThreadPoolExecutor.java:642)
        at java.base@21.0.5/java.lang.Thread.runWith(Thread.java:1596)
        at java.base@21.0.5/java.lang.Thread.run(Thread.java:1583)
"02fc1759-725d-47af-8349-873c9c5c9167-BlockDeletingService#0" daemon prio=5 tid=933 timed_waiting
java.lang.Thread.State: TIMED_WAITING
        at java.base@21.0.5/jdk.internal.misc.Unsafe.park(Native Method)
        at java.base@21.0.5/java.util.concurrent.locks.LockSupport.parkNanos(LockSupport.java:269)
        at java.base@21.0.5/java.util.concurrent.locks.AbstractQueuedSynchronizer$ConditionObject.awaitNanos(AbstractQueuedSynchronizer.java:1763)
        at java.base@21.0.5/java.util.concurrent.ScheduledThreadPoolExecutor$DelayedWorkQueue.take(ScheduledThreadPoolExecutor.java:1182)
        at java.base@21.0.5/java.util.concurrent.ScheduledThreadPoolExecutor$DelayedWorkQueue.take(ScheduledThreadPoolExecutor.java:899)
        at java.base@21.0.5/java.util.concurrent.ThreadPoolExecutor.getTask(ThreadPoolExecutor.java:1070)
        at java.base@21.0.5/java.util.concurrent.ThreadPoolExecutor.runWorker(ThreadPoolExecutor.java:1130)
        at java.base@21.0.5/java.util.concurrent.ThreadPoolExecutor$Worker.run(ThreadPoolExecutor.java:642)
        at java.base@21.0.5/java.lang.Thread.runWith(Thread.java:1596)
        at java.base@21.0.5/java.lang.Thread.run(Thread.java:1583)
"IPC Server handler 68 on default port 15000" daemon prio=5 tid=182 timed_waiting
java.lang.Thread.State: TIMED_WAITING
        at java.base@21.0.5/jdk.internal.misc.Unsafe.park(Native Method)
        at java.base@21.0.5/java.util.concurrent.locks.LockSupport.parkNanos(LockSupport.java:269)
        at java.base@21.0.5/java.util.concurrent.locks.AbstractQueuedSynchronizer$ConditionObject.awaitNanos(AbstractQueuedSynchronizer.java:1763)
        at java.base@21.0.5/java.util.concurrent.LinkedBlockingQueue.poll(LinkedBlockingQueue.java:460)
        at app//org.apache.hadoop.ipc.CallQueueManager.take(CallQueueManager.java:370)
        at app//org.apache.hadoop.ipc.Server$Handler.run(Server.java:3165)
"IPC Server handler 1 on default port 15048" daemon prio=5 tid=728 timed_waiting
java.lang.Thread.State: TIMED_WAITING
        at java.base@21.0.5/jdk.internal.misc.Unsafe.park(Native Method)
        at java.base@21.0.5/java.util.concurrent.locks.LockSupport.parkNanos(LockSupport.java:269)
        at java.base@21.0.5/java.util.concurrent.locks.AbstractQueuedSynchronizer$ConditionObject.awaitNanos(AbstractQueuedSynchronizer.java:1763)
        at java.base@21.0.5/java.util.concurrent.LinkedBlockingQueue.poll(LinkedBlockingQueue.java:460)
        at app//org.apache.hadoop.ipc.CallQueueManager.take(CallQueueManager.java:370)
        at app//org.apache.hadoop.ipc.Server$Handler.run(Server.java:3165)
"qtp1757232703-2483" daemon prio=5 tid=2483 runnable
java.lang.Thread.State: RUNNABLE
        at java.base@21.0.5/sun.nio.ch.EPoll.wait(Native Method)
        at java.base@21.0.5/sun.nio.ch.EPollSelectorImpl.doSelect(EPollSelectorImpl.java:121)
        at java.base@21.0.5/sun.nio.ch.SelectorImpl.lockAndDoSelect(SelectorImpl.java:130)
        at java.base@21.0.5/sun.nio.ch.SelectorImpl.select(SelectorImpl.java:147)
        at app//org.eclipse.jetty.io.ManagedSelector.nioSelect(ManagedSelector.java:183)
        at app//org.eclipse.jetty.io.ManagedSelector.select(ManagedSelector.java:190)
        at app//org.eclipse.jetty.io.ManagedSelector$SelectorProducer.select(ManagedSelector.java:606)
        at app//org.eclipse.jetty.io.ManagedSelector$SelectorProducer.produce(ManagedSelector.java:543)
        at app//org.eclipse.jetty.util.thread.strategy.EatWhatYouKill.produceTask(EatWhatYouKill.java:362)
        at app//org.eclipse.jetty.util.thread.strategy.EatWhatYouKill.doProduce(EatWhatYouKill.java:186)
        at app//org.eclipse.jetty.util.thread.strategy.EatWhatYouKill.tryProduce(EatWhatYouKill.java:173)
        at app//org.eclipse.jetty.util.thread.strategy.EatWhatYouKill.produce(EatWhatYouKill.java:137)
        at app//org.eclipse.jetty.io.ManagedSelector$$Lambda/0x00007fd9cc65d0d0.run(Unknown Source)
        at app//org.eclipse.jetty.util.thread.QueuedThreadPool.runJob(QueuedThreadPool.java:883)
        at app//org.eclipse.jetty.util.thread.QueuedThreadPool$Runner.run(QueuedThreadPool.java:1034)
        at java.base@21.0.5/java.lang.Thread.runWith(Thread.java:1596)
        at java.base@21.0.5/java.lang.Thread.run(Thread.java:1583)
"ContainerDataScanner(/home/runner/work/ozone/ozone/hadoop-ozone/integration-test/target/test-dir/MiniOzoneClusterImpl-19e1eff0-706f-497d-806e-bf7d4c525004/ozone-meta/datanode-7/data-0/hdds)" daemon prio=5 tid=1099 timed_waiting
java.lang.Thread.State: TIMED_WAITING
        at java.base@21.0.5/java.lang.Thread.sleep0(Native Method)
        at java.base@21.0.5/java.lang.Thread.sleep(Thread.java:509)
        at app//org.apache.hadoop.ozone.container.ozoneimpl.AbstractBackgroundContainerScanner.handleRemainingSleep(AbstractBackgroundContainerScanner.java:131)
        at app//org.apache.hadoop.ozone.container.ozoneimpl.AbstractBackgroundContainerScanner.runIteration(AbstractBackgroundContainerScanner.java:98)
        at app//org.apache.hadoop.ozone.container.ozoneimpl.AbstractBackgroundContainerScanner.run(AbstractBackgroundContainerScanner.java:57)
"Socket Reader #9 for port 15006"  prio=5 tid=451 runnable
java.lang.Thread.State: RUNNABLE
        at java.base@21.0.5/sun.nio.ch.EPoll.wait(Native Method)
        at java.base@21.0.5/sun.nio.ch.EPollSelectorImpl.doSelect(EPollSelectorImpl.java:121)
        at java.base@21.0.5/sun.nio.ch.SelectorImpl.lockAndDoSelect(SelectorImpl.java:130)
        at java.base@21.0.5/sun.nio.ch.SelectorImpl.select(SelectorImpl.java:147)
        at app//org.apache.hadoop.ipc.Server$Listener$Reader.doRunLoop(Server.java:1497)
        at app//org.apache.hadoop.ipc.Server$Listener$Reader.run(Server.java:1476)
"IPC Server handler 7 on default port 15000" daemon prio=5 tid=121 timed_waiting
java.lang.Thread.State: TIMED_WAITING
        at java.base@21.0.5/jdk.internal.misc.Unsafe.park(Native Method)
        at java.base@21.0.5/java.util.concurrent.locks.LockSupport.parkNanos(LockSupport.java:269)
        at java.base@21.0.5/java.util.concurrent.locks.AbstractQueuedSynchronizer$ConditionObject.awaitNanos(AbstractQueuedSynchronizer.java:1763)
        at java.base@21.0.5/java.util.concurrent.LinkedBlockingQueue.poll(LinkedBlockingQueue.java:460)
        at app//org.apache.hadoop.ipc.CallQueueManager.take(CallQueueManager.java:370)
        at app//org.apache.hadoop.ipc.Server$Handler.run(Server.java:3165)
"26f755b0-b4b1-4239-8401-e418fca9ef4b-ChunkReader-4" daemon prio=5 tid=2868 in Object.wait()
java.lang.Thread.State: WAITING (on object monitor)
        at java.base@21.0.5/jdk.internal.misc.Unsafe.park(Native Method)
        at java.base@21.0.5/java.util.concurrent.locks.LockSupport.park(LockSupport.java:371)
        at java.base@21.0.5/java.util.concurrent.locks.AbstractQueuedSynchronizer$ConditionNode.block(AbstractQueuedSynchronizer.java:519)
        at java.base@21.0.5/java.util.concurrent.ForkJoinPool.unmanagedBlock(ForkJoinPool.java:3780)
        at java.base@21.0.5/java.util.concurrent.ForkJoinPool.managedBlock(ForkJoinPool.java:3725)
        at java.base@21.0.5/java.util.concurrent.locks.AbstractQueuedSynchronizer$ConditionObject.await(AbstractQueuedSynchronizer.java:1712)
        at java.base@21.0.5/java.util.concurrent.LinkedBlockingQueue.take(LinkedBlockingQueue.java:435)
        at java.base@21.0.5/java.util.concurrent.ThreadPoolExecutor.getTask(ThreadPoolExecutor.java:1070)
        at java.base@21.0.5/java.util.concurrent.ThreadPoolExecutor.runWorker(ThreadPoolExecutor.java:1130)
        at java.base@21.0.5/java.util.concurrent.ThreadPoolExecutor$Worker.run(ThreadPoolExecutor.java:642)
        at java.base@21.0.5/java.lang.Thread.runWith(Thread.java:1596)
        at java.base@21.0.5/java.lang.Thread.run(Thread.java:1583)
"Socket Reader #10 for port 15093"  prio=5 tid=1011 runnable
java.lang.Thread.State: RUNNABLE
        at java.base@21.0.5/sun.nio.ch.EPoll.wait(Native Method)
        at java.base@21.0.5/sun.nio.ch.EPollSelectorImpl.doSelect(EPollSelectorImpl.java:121)
        at java.base@21.0.5/sun.nio.ch.SelectorImpl.lockAndDoSelect(SelectorImpl.java:130)
        at java.base@21.0.5/sun.nio.ch.SelectorImpl.select(SelectorImpl.java:147)
        at app//org.apache.hadoop.ipc.Server$Listener$Reader.doRunLoop(Server.java:1497)
        at app//org.apache.hadoop.ipc.Server$Listener$Reader.run(Server.java:1476)
"StaleRecoveringContainerScrubbingService#4" daemon prio=5 tid=2579 in Object.wait()
java.lang.Thread.State: WAITING (on object monitor)
        at java.base@21.0.5/jdk.internal.misc.Unsafe.park(Native Method)
        at java.base@21.0.5/java.util.concurrent.locks.LockSupport.park(LockSupport.java:371)
        at java.base@21.0.5/java.util.concurrent.locks.AbstractQueuedSynchronizer$ConditionNode.block(AbstractQueuedSynchronizer.java:519)
        at java.base@21.0.5/java.util.concurrent.ForkJoinPool.unmanagedBlock(ForkJoinPool.java:3780)
        at java.base@21.0.5/java.util.concurrent.ForkJoinPool.managedBlock(ForkJoinPool.java:3725)
        at java.base@21.0.5/java.util.concurrent.locks.AbstractQueuedSynchronizer$ConditionObject.await(AbstractQueuedSynchronizer.java:1712)
        at java.base@21.0.5/java.util.concurrent.ScheduledThreadPoolExecutor$DelayedWorkQueue.take(ScheduledThreadPoolExecutor.java:1177)
        at java.base@21.0.5/java.util.concurrent.ScheduledThreadPoolExecutor$DelayedWorkQueue.take(ScheduledThreadPoolExecutor.java:899)
        at java.base@21.0.5/java.util.concurrent.ThreadPoolExecutor.getTask(ThreadPoolExecutor.java:1070)
        at java.base@21.0.5/java.util.concurrent.ThreadPoolExecutor.runWorker(ThreadPoolExecutor.java:1130)
        at java.base@21.0.5/java.util.concurrent.ThreadPoolExecutor$Worker.run(ThreadPoolExecutor.java:642)
        at java.base@21.0.5/java.lang.Thread.runWith(Thread.java:1596)
        at java.base@21.0.5/java.lang.Thread.run(Thread.java:1583)
"b6b79d51-52d7-4711-a690-06a51533978a-CloseContainerThread-0"  prio=5 tid=2823 in Object.wait()
java.lang.Thread.State: WAITING (on object monitor)
        at java.base@21.0.5/jdk.internal.misc.Unsafe.park(Native Method)
        at java.base@21.0.5/java.util.concurrent.locks.LockSupport.park(LockSupport.java:371)
        at java.base@21.0.5/java.util.concurrent.locks.AbstractQueuedSynchronizer$ConditionNode.block(AbstractQueuedSynchronizer.java:519)
        at java.base@21.0.5/java.util.concurrent.ForkJoinPool.unmanagedBlock(ForkJoinPool.java:3780)
        at java.base@21.0.5/java.util.concurrent.ForkJoinPool.managedBlock(ForkJoinPool.java:3725)
        at java.base@21.0.5/java.util.concurrent.locks.AbstractQueuedSynchronizer$ConditionObject.await(AbstractQueuedSynchronizer.java:1712)
        at java.base@21.0.5/java.util.concurrent.LinkedBlockingQueue.take(LinkedBlockingQueue.java:435)
        at java.base@21.0.5/java.util.concurrent.ThreadPoolExecutor.getTask(ThreadPoolExecutor.java:1070)
        at java.base@21.0.5/java.util.concurrent.ThreadPoolExecutor.runWorker(ThreadPoolExecutor.java:1130)
        at java.base@21.0.5/java.util.concurrent.ThreadPoolExecutor$Worker.run(ThreadPoolExecutor.java:642)
        at java.base@21.0.5/java.lang.Thread.runWith(Thread.java:1596)
        at java.base@21.0.5/java.lang.Thread.run(Thread.java:1583)
"StaleRecoveringContainerScrubbingService#6" daemon prio=5 tid=2889 in Object.wait()
java.lang.Thread.State: WAITING (on object monitor)
        at java.base@21.0.5/jdk.internal.misc.Unsafe.park(Native Method)
        at java.base@21.0.5/java.util.concurrent.locks.LockSupport.park(LockSupport.java:371)
        at java.base@21.0.5/java.util.concurrent.locks.AbstractQueuedSynchronizer$ConditionNode.block(AbstractQueuedSynchronizer.java:519)
        at java.base@21.0.5/java.util.concurrent.ForkJoinPool.unmanagedBlock(ForkJoinPool.java:3780)
        at java.base@21.0.5/java.util.concurrent.ForkJoinPool.managedBlock(ForkJoinPool.java:3725)
        at java.base@21.0.5/java.util.concurrent.locks.AbstractQueuedSynchronizer$ConditionObject.await(AbstractQueuedSynchronizer.java:1712)
        at java.base@21.0.5/java.util.concurrent.ScheduledThreadPoolExecutor$DelayedWorkQueue.take(ScheduledThreadPoolExecutor.java:1177)
        at java.base@21.0.5/java.util.concurrent.ScheduledThreadPoolExecutor$DelayedWorkQueue.take(ScheduledThreadPoolExecutor.java:899)
        at java.base@21.0.5/java.util.concurrent.ThreadPoolExecutor.getTask(ThreadPoolExecutor.java:1070)
        at java.base@21.0.5/java.util.concurrent.ThreadPoolExecutor.runWorker(ThreadPoolExecutor.java:1130)
        at java.base@21.0.5/java.util.concurrent.ThreadPoolExecutor$Worker.run(ThreadPoolExecutor.java:642)
        at java.base@21.0.5/java.lang.Thread.runWith(Thread.java:1596)
        at java.base@21.0.5/java.lang.Thread.run(Thread.java:1583)
"qtp270478498-484" daemon prio=5 tid=484 runnable
java.lang.Thread.State: RUNNABLE
        at java.base@21.0.5/sun.nio.ch.EPoll.wait(Native Method)
        at java.base@21.0.5/sun.nio.ch.EPollSelectorImpl.doSelect(EPollSelectorImpl.java:121)
        at java.base@21.0.5/sun.nio.ch.SelectorImpl.lockAndDoSelect(SelectorImpl.java:130)
        at java.base@21.0.5/sun.nio.ch.SelectorImpl.select(SelectorImpl.java:147)
        at app//org.eclipse.jetty.io.ManagedSelector.nioSelect(ManagedSelector.java:183)
        at app//org.eclipse.jetty.io.ManagedSelector.select(ManagedSelector.java:190)
        at app//org.eclipse.jetty.io.ManagedSelector$SelectorProducer.select(ManagedSelector.java:606)
        at app//org.eclipse.jetty.io.ManagedSelector$SelectorProducer.produce(ManagedSelector.java:543)
        at app//org.eclipse.jetty.util.thread.strategy.EatWhatYouKill.produceTask(EatWhatYouKill.java:362)
        at app//org.eclipse.jetty.util.thread.strategy.EatWhatYouKill.doProduce(EatWhatYouKill.java:186)
        at app//org.eclipse.jetty.util.thread.strategy.EatWhatYouKill.tryProduce(EatWhatYouKill.java:173)
        at app//org.eclipse.jetty.util.thread.strategy.EatWhatYouKill.produce(EatWhatYouKill.java:137)
        at app//org.eclipse.jetty.io.ManagedSelector$$Lambda/0x00007fd9cc65d0d0.run(Unknown Source)
        at app//org.eclipse.jetty.util.thread.QueuedThreadPool.runJob(QueuedThreadPool.java:883)
        at app//org.eclipse.jetty.util.thread.QueuedThreadPool$Runner.run(QueuedThreadPool.java:1034)
        at java.base@21.0.5/java.lang.Thread.runWith(Thread.java:1596)
        at java.base@21.0.5/java.lang.Thread.run(Thread.java:1583)
"IPC Server handler 14 on default port 15002" daemon prio=5 tid=346 timed_waiting
java.lang.Thread.State: TIMED_WAITING
        at java.base@21.0.5/jdk.internal.misc.Unsafe.park(Native Method)
        at java.base@21.0.5/java.util.concurrent.locks.LockSupport.parkNanos(LockSupport.java:269)
        at java.base@21.0.5/java.util.concurrent.locks.AbstractQueuedSynchronizer$ConditionObject.awaitNanos(AbstractQueuedSynchronizer.java:1763)
        at java.base@21.0.5/java.util.concurrent.LinkedBlockingQueue.poll(LinkedBlockingQueue.java:460)
        at app//org.apache.hadoop.ipc.CallQueueManager.take(CallQueueManager.java:370)
        at app//org.apache.hadoop.ipc.Server$Handler.run(Server.java:3165)
"org.apache.hadoop.ozone.container.common.statemachine.commandhandler.DeleteBlocksCommandHandler$DeleteCmdWorker@70dbde75" daemon prio=5 tid=972 timed_waiting
java.lang.Thread.State: TIMED_WAITING
        at java.base@21.0.5/java.lang.Thread.sleep0(Native Method)
        at java.base@21.0.5/java.lang.Thread.sleep(Thread.java:509)
        at app//org.apache.hadoop.ozone.container.common.statemachine.commandhandler.DeleteBlocksCommandHandler$DeleteCmdWorker.run(DeleteBlocksCommandHandler.java:264)
        at java.base@21.0.5/java.lang.Thread.runWith(Thread.java:1596)
        at java.base@21.0.5/java.lang.Thread.run(Thread.java:1583)
"IPC Server handler 84 on default port 15002" daemon prio=5 tid=416 timed_waiting
java.lang.Thread.State: TIMED_WAITING
        at java.base@21.0.5/jdk.internal.misc.Unsafe.park(Native Method)
        at java.base@21.0.5/java.util.concurrent.locks.LockSupport.parkNanos(LockSupport.java:269)
        at java.base@21.0.5/java.util.concurrent.locks.AbstractQueuedSynchronizer$ConditionObject.awaitNanos(AbstractQueuedSynchronizer.java:1763)
        at java.base@21.0.5/java.util.concurrent.LinkedBlockingQueue.poll(LinkedBlockingQueue.java:460)
        at app//org.apache.hadoop.ipc.CallQueueManager.take(CallQueueManager.java:370)
        at app//org.apache.hadoop.ipc.Server$Handler.run(Server.java:3165)
"IPC Server handler 72 on default port 15002" daemon prio=5 tid=404 timed_waiting
java.lang.Thread.State: TIMED_WAITING
        at java.base@21.0.5/jdk.internal.misc.Unsafe.park(Native Method)
        at java.base@21.0.5/java.util.concurrent.locks.LockSupport.parkNanos(LockSupport.java:269)
        at java.base@21.0.5/java.util.concurrent.locks.AbstractQueuedSynchronizer$ConditionObject.awaitNanos(AbstractQueuedSynchronizer.java:1763)
        at java.base@21.0.5/java.util.concurrent.LinkedBlockingQueue.poll(LinkedBlockingQueue.java:460)
        at app//org.apache.hadoop.ipc.CallQueueManager.take(CallQueueManager.java:370)
        at app//org.apache.hadoop.ipc.Server$Handler.run(Server.java:3165)
"Socket Reader #3 for port 15001"  prio=5 tid=72 runnable
java.lang.Thread.State: RUNNABLE
        at java.base@21.0.5/sun.nio.ch.EPoll.wait(Native Method)
        at java.base@21.0.5/sun.nio.ch.EPollSelectorImpl.doSelect(EPollSelectorImpl.java:121)
        at java.base@21.0.5/sun.nio.ch.SelectorImpl.lockAndDoSelect(SelectorImpl.java:130)
        at java.base@21.0.5/sun.nio.ch.SelectorImpl.select(SelectorImpl.java:147)
        at app//org.apache.hadoop.ipc.Server$Listener$Reader.doRunLoop(Server.java:1497)
        at app//org.apache.hadoop.ipc.Server$Listener$Reader.run(Server.java:1476)
"eca5a246-1f8f-493f-b50d-7eee1f2fec76@group-AE8CA6FC1197-StateMachineUpdater" daemon prio=5 tid=1274 timed_waiting
java.lang.Thread.State: TIMED_WAITING
        at java.base@21.0.5/jdk.internal.misc.Unsafe.park(Native Method)
        at java.base@21.0.5/java.util.concurrent.locks.LockSupport.parkNanos(LockSupport.java:269)
        at java.base@21.0.5/java.util.concurrent.locks.AbstractQueuedSynchronizer$ConditionObject.await(AbstractQueuedSynchronizer.java:1852)
        at app//org.apache.ratis.util.AwaitForSignal.await(AwaitForSignal.java:65)
        at app//org.apache.ratis.server.impl.StateMachineUpdater.waitForCommit(StateMachineUpdater.java:219)
        at app//org.apache.ratis.server.impl.StateMachineUpdater.run(StateMachineUpdater.java:187)
        at java.base@21.0.5/java.lang.Thread.runWith(Thread.java:1596)
        at java.base@21.0.5/java.lang.Thread.run(Thread.java:1583)
"4b5ea8a3-88a5-4114-908f-7a85f39bc1cb@group-66FA7163FB5C-LeaderStateImpl" daemon prio=5 tid=2053 timed_waiting
java.lang.Thread.State: TIMED_WAITING
        at java.base@21.0.5/jdk.internal.misc.Unsafe.park(Native Method)
        at java.base@21.0.5/java.util.concurrent.locks.LockSupport.parkNanos(LockSupport.java:269)
        at java.base@21.0.5/java.util.concurrent.locks.AbstractQueuedSynchronizer$ConditionObject.awaitNanos(AbstractQueuedSynchronizer.java:1763)
        at java.base@21.0.5/java.util.concurrent.ArrayBlockingQueue.poll(ArrayBlockingQueue.java:435)
        at app//org.apache.ratis.server.impl.LeaderStateImpl$EventQueue.poll(LeaderStateImpl.java:164)
        at app//org.apache.ratis.server.impl.LeaderStateImpl$EventProcessor.run(LeaderStateImpl.java:763)
"Hadoop-Metrics-Updater-0" daemon prio=5 tid=726 timed_waiting
java.lang.Thread.State: TIMED_WAITING
        at java.base@21.0.5/jdk.internal.misc.Unsafe.park(Native Method)
        at java.base@21.0.5/java.util.concurrent.locks.LockSupport.parkNanos(LockSupport.java:269)
        at java.base@21.0.5/java.util.concurrent.locks.AbstractQueuedSynchronizer$ConditionObject.awaitNanos(AbstractQueuedSynchronizer.java:1763)
        at java.base@21.0.5/java.util.concurrent.ScheduledThreadPoolExecutor$DelayedWorkQueue.take(ScheduledThreadPoolExecutor.java:1182)
        at java.base@21.0.5/java.util.concurrent.ScheduledThreadPoolExecutor$DelayedWorkQueue.take(ScheduledThreadPoolExecutor.java:899)
        at java.base@21.0.5/java.util.concurrent.ThreadPoolExecutor.getTask(ThreadPoolExecutor.java:1070)
        at java.base@21.0.5/java.util.concurrent.ThreadPoolExecutor.runWorker(ThreadPoolExecutor.java:1130)
        at java.base@21.0.5/java.util.concurrent.ThreadPoolExecutor$Worker.run(ThreadPoolExecutor.java:642)
        at java.base@21.0.5/java.lang.Thread.runWith(Thread.java:1596)
        at java.base@21.0.5/java.lang.Thread.run(Thread.java:1583)
"79978ed1-1a5c-4832-b584-9e2d85f03cd7-ChunkWriter-3-0" daemon prio=5 tid=865 in Object.wait()
java.lang.Thread.State: WAITING (on object monitor)
        at java.base@21.0.5/jdk.internal.misc.Unsafe.park(Native Method)
        at java.base@21.0.5/java.util.concurrent.locks.LockSupport.park(LockSupport.java:371)
        at java.base@21.0.5/java.util.concurrent.locks.AbstractQueuedSynchronizer$ConditionNode.block(AbstractQueuedSynchronizer.java:519)
        at java.base@21.0.5/java.util.concurrent.ForkJoinPool.unmanagedBlock(ForkJoinPool.java:3780)
        at java.base@21.0.5/java.util.concurrent.ForkJoinPool.managedBlock(ForkJoinPool.java:3725)
        at java.base@21.0.5/java.util.concurrent.locks.AbstractQueuedSynchronizer$ConditionObject.await(AbstractQueuedSynchronizer.java:1712)
        at java.base@21.0.5/java.util.concurrent.LinkedBlockingDeque.takeFirst(LinkedBlockingDeque.java:485)
        at java.base@21.0.5/java.util.concurrent.LinkedBlockingDeque.take(LinkedBlockingDeque.java:673)
        at java.base@21.0.5/java.util.concurrent.ThreadPoolExecutor.getTask(ThreadPoolExecutor.java:1070)
        at java.base@21.0.5/java.util.concurrent.ThreadPoolExecutor.runWorker(ThreadPoolExecutor.java:1130)
        at java.base@21.0.5/java.util.concurrent.ThreadPoolExecutor$Worker.run(ThreadPoolExecutor.java:642)
        at java.base@21.0.5/java.lang.Thread.runWith(Thread.java:1596)
        at java.base@21.0.5/java.lang.Thread.run(Thread.java:1583)
"IPC Server handler 42 on default port 15002" daemon prio=5 tid=374 timed_waiting
java.lang.Thread.State: TIMED_WAITING
        at java.base@21.0.5/jdk.internal.misc.Unsafe.park(Native Method)
        at java.base@21.0.5/java.util.concurrent.locks.LockSupport.parkNanos(LockSupport.java:269)
        at java.base@21.0.5/java.util.concurrent.locks.AbstractQueuedSynchronizer$ConditionObject.awaitNanos(AbstractQueuedSynchronizer.java:1763)
        at java.base@21.0.5/java.util.concurrent.LinkedBlockingQueue.poll(LinkedBlockingQueue.java:460)
        at app//org.apache.hadoop.ipc.CallQueueManager.take(CallQueueManager.java:370)
        at app//org.apache.hadoop.ipc.Server$Handler.run(Server.java:3165)
"ContainerMetadataScanner" daemon prio=5 tid=1074 timed_waiting
java.lang.Thread.State: TIMED_WAITING
        at java.base@21.0.5/java.lang.Thread.sleep0(Native Method)
        at java.base@21.0.5/java.lang.Thread.sleep(Thread.java:509)
        at app//org.apache.hadoop.ozone.container.ozoneimpl.AbstractBackgroundContainerScanner.handleRemainingSleep(AbstractBackgroundContainerScanner.java:131)
        at app//org.apache.hadoop.ozone.container.ozoneimpl.AbstractBackgroundContainerScanner.runIteration(AbstractBackgroundContainerScanner.java:98)
        at app//org.apache.hadoop.ozone.container.ozoneimpl.AbstractBackgroundContainerScanner.run(AbstractBackgroundContainerScanner.java:57)
"eca5a246-1f8f-493f-b50d-7eee1f2fec76-ChunkReader-ELG-0" daemon prio=5 tid=1105 runnable
java.lang.Thread.State: RUNNABLE
        at app//org.apache.ratis.thirdparty.io.netty.channel.epoll.Native.epollWait0(Native Method)
        at app//org.apache.ratis.thirdparty.io.netty.channel.epoll.Native.epollWait(Native.java:193)
        at app//org.apache.ratis.thirdparty.io.netty.channel.epoll.EpollEventLoop.epollWait(EpollEventLoop.java:304)
        at app//org.apache.ratis.thirdparty.io.netty.channel.epoll.EpollEventLoop.run(EpollEventLoop.java:368)
        at app//org.apache.ratis.thirdparty.io.netty.util.concurrent.SingleThreadEventExecutor$4.run(SingleThreadEventExecutor.java:997)
        at app//org.apache.ratis.thirdparty.io.netty.util.internal.ThreadExecutorMap$2.run(ThreadExecutorMap.java:74)
        at java.base@21.0.5/java.lang.Thread.runWith(Thread.java:1596)
        at java.base@21.0.5/java.lang.Thread.run(Thread.java:1583)
"IPC Server handler 55 on default port 15000" daemon prio=5 tid=169 timed_waiting
java.lang.Thread.State: TIMED_WAITING
        at java.base@21.0.5/jdk.internal.misc.Unsafe.park(Native Method)
        at java.base@21.0.5/java.util.concurrent.locks.LockSupport.parkNanos(LockSupport.java:269)
        at java.base@21.0.5/java.util.concurrent.locks.AbstractQueuedSynchronizer$ConditionObject.awaitNanos(AbstractQueuedSynchronizer.java:1763)
        at java.base@21.0.5/java.util.concurrent.LinkedBlockingQueue.poll(LinkedBlockingQueue.java:460)
        at app//org.apache.hadoop.ipc.CallQueueManager.take(CallQueueManager.java:370)
        at app//org.apache.hadoop.ipc.Server$Handler.run(Server.java:3165)
"eca5a246-1f8f-493f-b50d-7eee1f2fec76@group-AE8CA6FC1197-FollowerState" daemon prio=5 tid=1843 timed_waiting
java.lang.Thread.State: TIMED_WAITING
        at java.base@21.0.5/java.lang.Thread.sleep0(Native Method)
        at java.base@21.0.5/java.lang.Thread.sleep(Thread.java:558)
        at java.base@21.0.5/java.util.concurrent.TimeUnit.sleep(TimeUnit.java:446)
        at app//org.apache.ratis.util.TimeDuration.sleep(TimeDuration.java:353)
        at app//org.apache.ratis.util.TimeDuration.sleep(TimeDuration.java:338)
        at app//org.apache.ratis.server.impl.FollowerState.runImpl(FollowerState.java:149)
        at app//org.apache.ratis.server.impl.FollowerState.run(FollowerState.java:130)
"grpc-default-worker-ELG-3-3" daemon prio=5 tid=1183 runnable
java.lang.Thread.State: RUNNABLE
        at app//org.apache.ratis.thirdparty.io.netty.channel.epoll.Native.epollWait0(Native Method)
        at app//org.apache.ratis.thirdparty.io.netty.channel.epoll.Native.epollWait(Native.java:193)
        at app//org.apache.ratis.thirdparty.io.netty.channel.epoll.EpollEventLoop.epollWait(EpollEventLoop.java:304)
        at app//org.apache.ratis.thirdparty.io.netty.channel.epoll.EpollEventLoop.run(EpollEventLoop.java:368)
        at app//org.apache.ratis.thirdparty.io.netty.util.concurrent.SingleThreadEventExecutor$4.run(SingleThreadEventExecutor.java:997)
        at app//org.apache.ratis.thirdparty.io.netty.util.internal.ThreadExecutorMap$2.run(ThreadExecutorMap.java:74)
        at app//org.apache.ratis.thirdparty.io.netty.util.concurrent.FastThreadLocalRunnable.run(FastThreadLocalRunnable.java:30)
        at java.base@21.0.5/java.lang.Thread.runWith(Thread.java:1596)
        at java.base@21.0.5/java.lang.Thread.run(Thread.java:1583)
"79978ed1-1a5c-4832-b584-9e2d85f03cd7-CommandProcessorThread" daemon prio=5 tid=556 timed_waiting
java.lang.Thread.State: TIMED_WAITING
        at java.base@21.0.5/java.lang.Thread.sleep0(Native Method)
        at java.base@21.0.5/java.lang.Thread.sleep(Thread.java:509)
        at app//org.apache.hadoop.ozone.container.common.statemachine.DatanodeStateMachine.lambda$initCommandHandlerThread$4(DatanodeStateMachine.java:670)
        at app//org.apache.hadoop.ozone.container.common.statemachine.DatanodeStateMachine$$Lambda/0x00007fd9cc7d5ae8.run(Unknown Source)
        at java.base@21.0.5/java.lang.Thread.runWith(Thread.java:1596)
        at java.base@21.0.5/java.lang.Thread.run(Thread.java:1583)
"StaleRecoveringContainerScrubbingService#8" daemon prio=5 tid=2878 in Object.wait()
java.lang.Thread.State: WAITING (on object monitor)
        at java.base@21.0.5/jdk.internal.misc.Unsafe.park(Native Method)
        at java.base@21.0.5/java.util.concurrent.locks.LockSupport.park(LockSupport.java:371)
        at java.base@21.0.5/java.util.concurrent.locks.AbstractQueuedSynchronizer$ConditionNode.block(AbstractQueuedSynchronizer.java:519)
        at java.base@21.0.5/java.util.concurrent.ForkJoinPool.unmanagedBlock(ForkJoinPool.java:3780)
        at java.base@21.0.5/java.util.concurrent.ForkJoinPool.managedBlock(ForkJoinPool.java:3725)
        at java.base@21.0.5/java.util.concurrent.locks.AbstractQueuedSynchronizer$ConditionObject.await(AbstractQueuedSynchronizer.java:1712)
        at java.base@21.0.5/java.util.concurrent.ScheduledThreadPoolExecutor$DelayedWorkQueue.take(ScheduledThreadPoolExecutor.java:1177)
        at java.base@21.0.5/java.util.concurrent.ScheduledThreadPoolExecutor$DelayedWorkQueue.take(ScheduledThreadPoolExecutor.java:899)
        at java.base@21.0.5/java.util.concurrent.ThreadPoolExecutor.getTask(ThreadPoolExecutor.java:1070)
        at java.base@21.0.5/java.util.concurrent.ThreadPoolExecutor.runWorker(ThreadPoolExecutor.java:1130)
        at java.base@21.0.5/java.util.concurrent.ThreadPoolExecutor$Worker.run(ThreadPoolExecutor.java:642)
        at java.base@21.0.5/java.lang.Thread.runWith(Thread.java:1596)
        at java.base@21.0.5/java.lang.Thread.run(Thread.java:1583)
"StaleRecoveringContainerScrubbingService#1" daemon prio=5 tid=1084 in Object.wait()
java.lang.Thread.State: WAITING (on object monitor)
        at java.base@21.0.5/jdk.internal.misc.Unsafe.park(Native Method)
        at java.base@21.0.5/java.util.concurrent.locks.LockSupport.park(LockSupport.java:371)
        at java.base@21.0.5/java.util.concurrent.locks.AbstractQueuedSynchronizer$ConditionNode.block(AbstractQueuedSynchronizer.java:519)
        at java.base@21.0.5/java.util.concurrent.ForkJoinPool.unmanagedBlock(ForkJoinPool.java:3780)
        at java.base@21.0.5/java.util.concurrent.ForkJoinPool.managedBlock(ForkJoinPool.java:3725)
        at java.base@21.0.5/java.util.concurrent.locks.AbstractQueuedSynchronizer$ConditionObject.await(AbstractQueuedSynchronizer.java:1712)
        at java.base@21.0.5/java.util.concurrent.ScheduledThreadPoolExecutor$DelayedWorkQueue.take(ScheduledThreadPoolExecutor.java:1177)
        at java.base@21.0.5/java.util.concurrent.ScheduledThreadPoolExecutor$DelayedWorkQueue.take(ScheduledThreadPoolExecutor.java:899)
        at java.base@21.0.5/java.util.concurrent.ThreadPoolExecutor.getTask(ThreadPoolExecutor.java:1070)
        at java.base@21.0.5/java.util.concurrent.ThreadPoolExecutor.runWorker(ThreadPoolExecutor.java:1130)
        at java.base@21.0.5/java.util.concurrent.ThreadPoolExecutor$Worker.run(ThreadPoolExecutor.java:642)
        at java.base@21.0.5/java.lang.Thread.runWith(Thread.java:1596)
        at java.base@21.0.5/java.lang.Thread.run(Thread.java:1583)
"IPC Server handler 3 on default port 15000" daemon prio=5 tid=117 timed_waiting
java.lang.Thread.State: TIMED_WAITING
        at java.base@21.0.5/jdk.internal.misc.Unsafe.park(Native Method)
        at java.base@21.0.5/java.util.concurrent.locks.LockSupport.parkNanos(LockSupport.java:269)
        at java.base@21.0.5/java.util.concurrent.locks.AbstractQueuedSynchronizer$ConditionObject.awaitNanos(AbstractQueuedSynchronizer.java:1763)
        at java.base@21.0.5/java.util.concurrent.LinkedBlockingQueue.poll(LinkedBlockingQueue.java:460)
        at app//org.apache.hadoop.ipc.CallQueueManager.take(CallQueueManager.java:370)
        at app//org.apache.hadoop.ipc.Server$Handler.run(Server.java:3165)
"79978ed1-1a5c-4832-b584-9e2d85f03cd7@group-AD7877671860-SegmentedRaftLogWorker"  prio=5 tid=1229 timed_waiting
java.lang.Thread.State: TIMED_WAITING
        at java.base@21.0.5/jdk.internal.misc.Unsafe.park(Native Method)
        at java.base@21.0.5/java.util.concurrent.locks.LockSupport.parkNanos(LockSupport.java:269)
        at java.base@21.0.5/java.util.concurrent.locks.AbstractQueuedSynchronizer$ConditionObject.awaitNanos(AbstractQueuedSynchronizer.java:1763)
        at app//org.apache.ratis.util.DataBlockingQueue.poll(DataBlockingQueue.java:148)
        at app//org.apache.ratis.server.raftlog.segmented.SegmentedRaftLogWorker.run(SegmentedRaftLogWorker.java:307)
        at app//org.apache.ratis.server.raftlog.segmented.SegmentedRaftLogWorker$$Lambda/0x00007fd9cc334298.run(Unknown Source)
        at java.base@21.0.5/java.util.concurrent.Executors$RunnableAdapter.call(Executors.java:572)
        at java.base@21.0.5/java.util.concurrent.FutureTask.run(FutureTask.java:317)
        at java.base@21.0.5/java.util.concurrent.ThreadPoolExecutor.runWorker(ThreadPoolExecutor.java:1144)
        at java.base@21.0.5/java.util.concurrent.ThreadPoolExecutor$Worker.run(ThreadPoolExecutor.java:642)
        at java.base@21.0.5/java.lang.Thread.runWith(Thread.java:1596)
        at java.base@21.0.5/java.lang.Thread.run(Thread.java:1583)
"IPC Server handler 92 on default port 15000" daemon prio=5 tid=206 timed_waiting
java.lang.Thread.State: TIMED_WAITING
        at java.base@21.0.5/jdk.internal.misc.Unsafe.park(Native Method)
        at java.base@21.0.5/java.util.concurrent.locks.LockSupport.parkNanos(LockSupport.java:269)
        at java.base@21.0.5/java.util.concurrent.locks.AbstractQueuedSynchronizer$ConditionObject.awaitNanos(AbstractQueuedSynchronizer.java:1763)
        at java.base@21.0.5/java.util.concurrent.LinkedBlockingQueue.poll(LinkedBlockingQueue.java:460)
        at app//org.apache.hadoop.ipc.CallQueueManager.take(CallQueueManager.java:370)
        at app//org.apache.hadoop.ipc.Server$Handler.run(Server.java:3165)
"IPC Server handler 76 on default port 15000" daemon prio=5 tid=190 timed_waiting
java.lang.Thread.State: TIMED_WAITING
        at java.base@21.0.5/jdk.internal.misc.Unsafe.park(Native Method)
        at java.base@21.0.5/java.util.concurrent.locks.LockSupport.parkNanos(LockSupport.java:269)
        at java.base@21.0.5/java.util.concurrent.locks.AbstractQueuedSynchronizer$ConditionObject.awaitNanos(AbstractQueuedSynchronizer.java:1763)
        at java.base@21.0.5/java.util.concurrent.LinkedBlockingQueue.poll(LinkedBlockingQueue.java:460)
        at app//org.apache.hadoop.ipc.CallQueueManager.take(CallQueueManager.java:370)
        at app//org.apache.hadoop.ipc.Server$Handler.run(Server.java:3165)
"IPC Server handler 99 on default port 15001" daemon prio=5 tid=313 timed_waiting
java.lang.Thread.State: TIMED_WAITING
        at java.base@21.0.5/jdk.internal.misc.Unsafe.park(Native Method)
        at java.base@21.0.5/java.util.concurrent.locks.LockSupport.parkNanos(LockSupport.java:269)
        at java.base@21.0.5/java.util.concurrent.locks.AbstractQueuedSynchronizer$ConditionObject.awaitNanos(AbstractQueuedSynchronizer.java:1763)
        at java.base@21.0.5/java.util.concurrent.LinkedBlockingQueue.poll(LinkedBlockingQueue.java:460)
        at app//org.apache.hadoop.ipc.CallQueueManager.take(CallQueueManager.java:370)
        at app//org.apache.hadoop.ipc.Server$Handler.run(Server.java:3165)
"Socket Reader #7 for port 15000"  prio=5 tid=90 runnable
java.lang.Thread.State: RUNNABLE
        at java.base@21.0.5/sun.nio.ch.EPoll.wait(Native Method)
        at java.base@21.0.5/sun.nio.ch.EPollSelectorImpl.doSelect(EPollSelectorImpl.java:121)
        at java.base@21.0.5/sun.nio.ch.SelectorImpl.lockAndDoSelect(SelectorImpl.java:130)
        at java.base@21.0.5/sun.nio.ch.SelectorImpl.select(SelectorImpl.java:147)
        at app//org.apache.hadoop.ipc.Server$Listener$Reader.doRunLoop(Server.java:1497)
        at app//org.apache.hadoop.ipc.Server$Listener$Reader.run(Server.java:1476)
"Socket Reader #8 for port 15002"  prio=5 tid=63 runnable
java.lang.Thread.State: RUNNABLE
        at java.base@21.0.5/sun.nio.ch.EPoll.wait(Native Method)
        at java.base@21.0.5/sun.nio.ch.EPollSelectorImpl.doSelect(EPollSelectorImpl.java:121)
        at java.base@21.0.5/sun.nio.ch.SelectorImpl.lockAndDoSelect(SelectorImpl.java:130)
        at java.base@21.0.5/sun.nio.ch.SelectorImpl.select(SelectorImpl.java:147)
        at app//org.apache.hadoop.ipc.Server$Listener$Reader.doRunLoop(Server.java:1497)
        at app//org.apache.hadoop.ipc.Server$Listener$Reader.run(Server.java:1476)
"timer2" daemon prio=5 tid=1806 timed_waiting
java.lang.Thread.State: TIMED_WAITING
        at java.base@21.0.5/java.lang.Object.wait0(Native Method)
        at java.base@21.0.5/java.lang.Object.wait(Object.java:366)
        at java.base@21.0.5/java.util.TimerThread.mainLoop(Timer.java:563)
        at java.base@21.0.5/java.util.TimerThread.run(Timer.java:516)
"IPC Server handler 11 on default port 15002" daemon prio=5 tid=343 timed_waiting
java.lang.Thread.State: TIMED_WAITING
        at java.base@21.0.5/jdk.internal.misc.Unsafe.park(Native Method)
        at java.base@21.0.5/java.util.concurrent.locks.LockSupport.parkNanos(LockSupport.java:269)
        at java.base@21.0.5/java.util.concurrent.locks.AbstractQueuedSynchronizer$ConditionObject.awaitNanos(AbstractQueuedSynchronizer.java:1763)
        at java.base@21.0.5/java.util.concurrent.LinkedBlockingQueue.poll(LinkedBlockingQueue.java:460)
        at app//org.apache.hadoop.ipc.CallQueueManager.take(CallQueueManager.java:370)
        at app//org.apache.hadoop.ipc.Server$Handler.run(Server.java:3165)
"IPC Server idle connection scanner for port 15048" daemon prio=5 tid=724 timed_waiting
java.lang.Thread.State: TIMED_WAITING
        at java.base@21.0.5/java.lang.Object.wait0(Native Method)
        at java.base@21.0.5/java.lang.Object.wait(Object.java:366)
        at java.base@21.0.5/java.util.TimerThread.mainLoop(Timer.java:563)
        at java.base@21.0.5/java.util.TimerThread.run(Timer.java:516)
"b6b79d51-52d7-4711-a690-06a51533978a-PipelineCommandHandlerThread-0"  prio=5 tid=1359 in Object.wait()
java.lang.Thread.State: WAITING (on object monitor)
        at java.base@21.0.5/jdk.internal.misc.Unsafe.park(Native Method)
        at java.base@21.0.5/java.util.concurrent.locks.LockSupport.park(LockSupport.java:371)
        at java.base@21.0.5/java.util.concurrent.locks.AbstractQueuedSynchronizer$ConditionNode.block(AbstractQueuedSynchronizer.java:519)
        at java.base@21.0.5/java.util.concurrent.ForkJoinPool.unmanagedBlock(ForkJoinPool.java:3780)
        at java.base@21.0.5/java.util.concurrent.ForkJoinPool.managedBlock(ForkJoinPool.java:3725)
        at java.base@21.0.5/java.util.concurrent.locks.AbstractQueuedSynchronizer$ConditionObject.await(AbstractQueuedSynchronizer.java:1712)
        at java.base@21.0.5/java.util.concurrent.LinkedBlockingQueue.take(LinkedBlockingQueue.java:435)
        at java.base@21.0.5/java.util.concurrent.ThreadPoolExecutor.getTask(ThreadPoolExecutor.java:1070)
        at java.base@21.0.5/java.util.concurrent.ThreadPoolExecutor.runWorker(ThreadPoolExecutor.java:1130)
        at java.base@21.0.5/java.util.concurrent.ThreadPoolExecutor$Worker.run(ThreadPoolExecutor.java:642)
        at java.base@21.0.5/java.lang.Thread.runWith(Thread.java:1596)
        at java.base@21.0.5/java.lang.Thread.run(Thread.java:1583)
"IPC Server handler 41 on default port 15002" daemon prio=5 tid=373 timed_waiting
java.lang.Thread.State: TIMED_WAITING
        at java.base@21.0.5/jdk.internal.misc.Unsafe.park(Native Method)
        at java.base@21.0.5/java.util.concurrent.locks.LockSupport.parkNanos(LockSupport.java:269)
        at java.base@21.0.5/java.util.concurrent.locks.AbstractQueuedSynchronizer$ConditionObject.awaitNanos(AbstractQueuedSynchronizer.java:1763)
        at java.base@21.0.5/java.util.concurrent.LinkedBlockingQueue.poll(LinkedBlockingQueue.java:460)
        at app//org.apache.hadoop.ipc.CallQueueManager.take(CallQueueManager.java:370)
        at app//org.apache.hadoop.ipc.Server$Handler.run(Server.java:3165)
"02fc1759-725d-47af-8349-873c9c5c9167-PeriodicHDDSVolumeChecker" daemon prio=5 tid=921 timed_waiting
java.lang.Thread.State: TIMED_WAITING
        at java.base@21.0.5/jdk.internal.misc.Unsafe.park(Native Method)
        at java.base@21.0.5/java.util.concurrent.locks.LockSupport.parkNanos(LockSupport.java:269)
        at java.base@21.0.5/java.util.concurrent.locks.AbstractQueuedSynchronizer$ConditionObject.awaitNanos(AbstractQueuedSynchronizer.java:1763)
        at java.base@21.0.5/java.util.concurrent.ScheduledThreadPoolExecutor$DelayedWorkQueue.take(ScheduledThreadPoolExecutor.java:1182)
        at java.base@21.0.5/java.util.concurrent.ScheduledThreadPoolExecutor$DelayedWorkQueue.take(ScheduledThreadPoolExecutor.java:899)
        at java.base@21.0.5/java.util.concurrent.ThreadPoolExecutor.getTask(ThreadPoolExecutor.java:1070)
        at java.base@21.0.5/java.util.concurrent.ThreadPoolExecutor.runWorker(ThreadPoolExecutor.java:1130)
        at java.base@21.0.5/java.util.concurrent.ThreadPoolExecutor$Worker.run(ThreadPoolExecutor.java:642)
        at java.base@21.0.5/java.lang.Thread.runWith(Thread.java:1596)
        at java.base@21.0.5/java.lang.Thread.run(Thread.java:1583)
"3296053d-9d54-4057-a6a8-67c4b6ec6587-ChunkReader-6" daemon prio=5 tid=2470 in Object.wait()
java.lang.Thread.State: WAITING (on object monitor)
        at java.base@21.0.5/jdk.internal.misc.Unsafe.park(Native Method)
        at java.base@21.0.5/java.util.concurrent.locks.LockSupport.park(LockSupport.java:371)
        at java.base@21.0.5/java.util.concurrent.locks.AbstractQueuedSynchronizer$ConditionNode.block(AbstractQueuedSynchronizer.java:519)
        at java.base@21.0.5/java.util.concurrent.ForkJoinPool.unmanagedBlock(ForkJoinPool.java:3780)
        at java.base@21.0.5/java.util.concurrent.ForkJoinPool.managedBlock(ForkJoinPool.java:3725)
        at java.base@21.0.5/java.util.concurrent.locks.AbstractQueuedSynchronizer$ConditionObject.await(AbstractQueuedSynchronizer.java:1712)
        at java.base@21.0.5/java.util.concurrent.LinkedBlockingQueue.take(LinkedBlockingQueue.java:435)
        at java.base@21.0.5/java.util.concurrent.ThreadPoolExecutor.getTask(ThreadPoolExecutor.java:1070)
        at java.base@21.0.5/java.util.concurrent.ThreadPoolExecutor.runWorker(ThreadPoolExecutor.java:1130)
        at java.base@21.0.5/java.util.concurrent.ThreadPoolExecutor$Worker.run(ThreadPoolExecutor.java:642)
        at java.base@21.0.5/java.lang.Thread.runWith(Thread.java:1596)
        at java.base@21.0.5/java.lang.Thread.run(Thread.java:1583)
"qtp874186099-566-acceptor-0@5a5f7c5b-ServerConnector@6fb1dd9d{HTTP/1.1, (http/1.1)}{0.0.0.0:15020}" daemon prio=3 tid=566 runnable
java.lang.Thread.State: RUNNABLE
        at java.base@21.0.5/sun.nio.ch.Net.accept(Native Method)
        at java.base@21.0.5/sun.nio.ch.ServerSocketChannelImpl.implAccept(ServerSocketChannelImpl.java:433)
        at java.base@21.0.5/sun.nio.ch.ServerSocketChannelImpl.accept(ServerSocketChannelImpl.java:399)
        at app//org.eclipse.jetty.server.ServerConnector.accept(ServerConnector.java:388)
        at app//org.eclipse.jetty.server.AbstractConnector$Acceptor.run(AbstractConnector.java:704)
        at app//org.eclipse.jetty.util.thread.QueuedThreadPool.runJob(QueuedThreadPool.java:883)
        at app//org.eclipse.jetty.util.thread.QueuedThreadPool$Runner.run(QueuedThreadPool.java:1034)
        at java.base@21.0.5/java.lang.Thread.runWith(Thread.java:1596)
        at java.base@21.0.5/java.lang.Thread.run(Thread.java:1583)
"IPC Server handler 5 on default port 15039" daemon prio=5 tid=686 timed_waiting
java.lang.Thread.State: TIMED_WAITING
        at java.base@21.0.5/jdk.internal.misc.Unsafe.park(Native Method)
        at java.base@21.0.5/java.util.concurrent.locks.LockSupport.parkNanos(LockSupport.java:269)
        at java.base@21.0.5/java.util.concurrent.locks.AbstractQueuedSynchronizer$ConditionObject.awaitNanos(AbstractQueuedSynchronizer.java:1763)
        at java.base@21.0.5/java.util.concurrent.LinkedBlockingQueue.poll(LinkedBlockingQueue.java:460)
        at app//org.apache.hadoop.ipc.CallQueueManager.take(CallQueueManager.java:370)
        at app//org.apache.hadoop.ipc.Server$Handler.run(Server.java:3165)
"eca5a246-1f8f-493f-b50d-7eee1f2fec76-BlockDeletingService#2" daemon prio=5 tid=2864 in Object.wait()
java.lang.Thread.State: WAITING (on object monitor)
        at java.base@21.0.5/jdk.internal.misc.Unsafe.park(Native Method)
        at java.base@21.0.5/java.util.concurrent.locks.LockSupport.park(LockSupport.java:371)
        at java.base@21.0.5/java.util.concurrent.locks.AbstractQueuedSynchronizer$ConditionNode.block(AbstractQueuedSynchronizer.java:519)
        at java.base@21.0.5/java.util.concurrent.ForkJoinPool.unmanagedBlock(ForkJoinPool.java:3780)
        at java.base@21.0.5/java.util.concurrent.ForkJoinPool.managedBlock(ForkJoinPool.java:3725)
        at java.base@21.0.5/java.util.concurrent.locks.AbstractQueuedSynchronizer$ConditionObject.await(AbstractQueuedSynchronizer.java:1712)
        at java.base@21.0.5/java.util.concurrent.ScheduledThreadPoolExecutor$DelayedWorkQueue.take(ScheduledThreadPoolExecutor.java:1177)
        at java.base@21.0.5/java.util.concurrent.ScheduledThreadPoolExecutor$DelayedWorkQueue.take(ScheduledThreadPoolExecutor.java:899)
        at java.base@21.0.5/java.util.concurrent.ThreadPoolExecutor.getTask(ThreadPoolExecutor.java:1070)
        at java.base@21.0.5/java.util.concurrent.ThreadPoolExecutor.runWorker(ThreadPoolExecutor.java:1130)
        at java.base@21.0.5/java.util.concurrent.ThreadPoolExecutor$Worker.run(ThreadPoolExecutor.java:642)
        at java.base@21.0.5/java.lang.Thread.runWith(Thread.java:1596)
        at java.base@21.0.5/java.lang.Thread.run(Thread.java:1583)
"Socket Reader #1 for port 15001"  prio=5 tid=70 runnable
java.lang.Thread.State: RUNNABLE
        at java.base@21.0.5/sun.nio.ch.EPoll.wait(Native Method)
        at java.base@21.0.5/sun.nio.ch.EPollSelectorImpl.doSelect(EPollSelectorImpl.java:121)
        at java.base@21.0.5/sun.nio.ch.SelectorImpl.lockAndDoSelect(SelectorImpl.java:130)
        at java.base@21.0.5/sun.nio.ch.SelectorImpl.select(SelectorImpl.java:147)
        at app//org.apache.hadoop.ipc.Server$Listener$Reader.doRunLoop(Server.java:1497)
        at app//org.apache.hadoop.ipc.Server$Listener$Reader.run(Server.java:1476)
"IPC Server handler 80 on default port 15001" daemon prio=5 tid=294 timed_waiting
java.lang.Thread.State: TIMED_WAITING
        at java.base@21.0.5/jdk.internal.misc.Unsafe.park(Native Method)
        at java.base@21.0.5/java.util.concurrent.locks.LockSupport.parkNanos(LockSupport.java:269)
        at java.base@21.0.5/java.util.concurrent.locks.AbstractQueuedSynchronizer$ConditionObject.awaitNanos(AbstractQueuedSynchronizer.java:1763)
        at java.base@21.0.5/java.util.concurrent.LinkedBlockingQueue.poll(LinkedBlockingQueue.java:460)
        at app//org.apache.hadoop.ipc.CallQueueManager.take(CallQueueManager.java:370)
        at app//org.apache.hadoop.ipc.Server$Handler.run(Server.java:3165)
"79978ed1-1a5c-4832-b584-9e2d85f03cd7@group-DAF53CCE5B84-FollowerState" daemon prio=5 tid=2204 timed_waiting
java.lang.Thread.State: TIMED_WAITING
        at java.base@21.0.5/java.lang.Thread.sleep0(Native Method)
        at java.base@21.0.5/java.lang.Thread.sleep(Thread.java:558)
        at java.base@21.0.5/java.util.concurrent.TimeUnit.sleep(TimeUnit.java:446)
        at app//org.apache.ratis.util.TimeDuration.sleep(TimeDuration.java:353)
        at app//org.apache.ratis.util.TimeDuration.sleep(TimeDuration.java:338)
        at app//org.apache.ratis.server.impl.FollowerState.runImpl(FollowerState.java:149)
        at app//org.apache.ratis.server.impl.FollowerState.run(FollowerState.java:130)
"IPC Server handler 66 on default port 15001" daemon prio=5 tid=280 timed_waiting
java.lang.Thread.State: TIMED_WAITING
        at java.base@21.0.5/jdk.internal.misc.Unsafe.park(Native Method)
        at java.base@21.0.5/java.util.concurrent.locks.LockSupport.parkNanos(LockSupport.java:269)
        at java.base@21.0.5/java.util.concurrent.locks.AbstractQueuedSynchronizer$ConditionObject.awaitNanos(AbstractQueuedSynchronizer.java:1763)
        at java.base@21.0.5/java.util.concurrent.LinkedBlockingQueue.poll(LinkedBlockingQueue.java:460)
        at app//org.apache.hadoop.ipc.CallQueueManager.take(CallQueueManager.java:370)
        at app//org.apache.hadoop.ipc.Server$Handler.run(Server.java:3165)
"IPC Server handler 52 on default port 15002" daemon prio=5 tid=384 timed_waiting
java.lang.Thread.State: TIMED_WAITING
        at java.base@21.0.5/jdk.internal.misc.Unsafe.park(Native Method)
        at java.base@21.0.5/java.util.concurrent.locks.LockSupport.parkNanos(LockSupport.java:269)
        at java.base@21.0.5/java.util.concurrent.locks.AbstractQueuedSynchronizer$ConditionObject.awaitNanos(AbstractQueuedSynchronizer.java:1763)
        at java.base@21.0.5/java.util.concurrent.LinkedBlockingQueue.poll(LinkedBlockingQueue.java:460)
        at app//org.apache.hadoop.ipc.CallQueueManager.take(CallQueueManager.java:370)
        at app//org.apache.hadoop.ipc.Server$Handler.run(Server.java:3165)
"qtp1967404553-710" daemon prio=5 tid=710 timed_waiting
java.lang.Thread.State: TIMED_WAITING
        at java.base@21.0.5/jdk.internal.misc.Unsafe.park(Native Method)
        at java.base@21.0.5/java.util.concurrent.locks.LockSupport.parkNanos(LockSupport.java:269)
        at java.base@21.0.5/java.util.concurrent.locks.AbstractQueuedSynchronizer$ConditionObject.awaitNanos(AbstractQueuedSynchronizer.java:1763)
        at app//org.eclipse.jetty.util.BlockingArrayQueue.poll(BlockingArrayQueue.java:382)
        at app//org.eclipse.jetty.util.thread.QueuedThreadPool$Runner.idleJobPoll(QueuedThreadPool.java:974)
        at app//org.eclipse.jetty.util.thread.QueuedThreadPool$Runner.run(QueuedThreadPool.java:1018)
        at java.base@21.0.5/java.lang.Thread.runWith(Thread.java:1596)
        at java.base@21.0.5/java.lang.Thread.run(Thread.java:1583)
"StaleRecoveringContainerScrubbingService#8" daemon prio=5 tid=2877 in Object.wait()
java.lang.Thread.State: WAITING (on object monitor)
        at java.base@21.0.5/jdk.internal.misc.Unsafe.park(Native Method)
        at java.base@21.0.5/java.util.concurrent.locks.LockSupport.park(LockSupport.java:371)
        at java.base@21.0.5/java.util.concurrent.locks.AbstractQueuedSynchronizer$ConditionNode.block(AbstractQueuedSynchronizer.java:519)
        at java.base@21.0.5/java.util.concurrent.ForkJoinPool.unmanagedBlock(ForkJoinPool.java:3780)
        at java.base@21.0.5/java.util.concurrent.ForkJoinPool.managedBlock(ForkJoinPool.java:3725)
        at java.base@21.0.5/java.util.concurrent.locks.AbstractQueuedSynchronizer$ConditionObject.await(AbstractQueuedSynchronizer.java:1712)
        at java.base@21.0.5/java.util.concurrent.ScheduledThreadPoolExecutor$DelayedWorkQueue.take(ScheduledThreadPoolExecutor.java:1177)
        at java.base@21.0.5/java.util.concurrent.ScheduledThreadPoolExecutor$DelayedWorkQueue.take(ScheduledThreadPoolExecutor.java:899)
        at java.base@21.0.5/java.util.concurrent.ThreadPoolExecutor.getTask(ThreadPoolExecutor.java:1070)
        at java.base@21.0.5/java.util.concurrent.ThreadPoolExecutor.runWorker(ThreadPoolExecutor.java:1130)
        at java.base@21.0.5/java.util.concurrent.ThreadPoolExecutor$Worker.run(ThreadPoolExecutor.java:642)
        at java.base@21.0.5/java.lang.Thread.runWith(Thread.java:1596)
        at java.base@21.0.5/java.lang.Thread.run(Thread.java:1583)
"3296053d-9d54-4057-a6a8-67c4b6ec6587-DatanodeReportManager-2" daemon prio=5 tid=648 in Object.wait()
java.lang.Thread.State: WAITING (on object monitor)
        at java.base@21.0.5/jdk.internal.misc.Unsafe.park(Native Method)
        at java.base@21.0.5/java.util.concurrent.locks.LockSupport.park(LockSupport.java:371)
        at java.base@21.0.5/java.util.concurrent.locks.AbstractQueuedSynchronizer$ConditionNode.block(AbstractQueuedSynchronizer.java:519)
        at java.base@21.0.5/java.util.concurrent.ForkJoinPool.unmanagedBlock(ForkJoinPool.java:3780)
        at java.base@21.0.5/java.util.concurrent.ForkJoinPool.managedBlock(ForkJoinPool.java:3725)
        at java.base@21.0.5/java.util.concurrent.locks.AbstractQueuedSynchronizer$ConditionObject.await(AbstractQueuedSynchronizer.java:1712)
        at java.base@21.0.5/java.util.concurrent.ScheduledThreadPoolExecutor$DelayedWorkQueue.take(ScheduledThreadPoolExecutor.java:1177)
        at java.base@21.0.5/java.util.concurrent.ScheduledThreadPoolExecutor$DelayedWorkQueue.take(ScheduledThreadPoolExecutor.java:899)
        at java.base@21.0.5/java.util.concurrent.ThreadPoolExecutor.getTask(ThreadPoolExecutor.java:1070)
        at java.base@21.0.5/java.util.concurrent.ThreadPoolExecutor.runWorker(ThreadPoolExecutor.java:1130)
        at java.base@21.0.5/java.util.concurrent.ThreadPoolExecutor$Worker.run(ThreadPoolExecutor.java:642)
        at java.base@21.0.5/java.lang.Thread.runWith(Thread.java:1596)
        at java.base@21.0.5/java.lang.Thread.run(Thread.java:1583)
"qtp442606276-800" daemon prio=5 tid=800 timed_waiting
java.lang.Thread.State: TIMED_WAITING
        at java.base@21.0.5/jdk.internal.misc.Unsafe.park(Native Method)
        at java.base@21.0.5/java.util.concurrent.locks.LockSupport.parkNanos(LockSupport.java:269)
        at java.base@21.0.5/java.util.concurrent.locks.AbstractQueuedSynchronizer$ConditionObject.awaitNanos(AbstractQueuedSynchronizer.java:1763)
        at app//org.eclipse.jetty.util.BlockingArrayQueue.poll(BlockingArrayQueue.java:382)
        at app//org.eclipse.jetty.util.thread.QueuedThreadPool$Runner.idleJobPoll(QueuedThreadPool.java:974)
        at app//org.eclipse.jetty.util.thread.QueuedThreadPool$Runner.run(QueuedThreadPool.java:1018)
        at java.base@21.0.5/java.lang.Thread.runWith(Thread.java:1596)
        at java.base@21.0.5/java.lang.Thread.run(Thread.java:1583)
"Socket Reader #7 for port 15012"  prio=5 tid=534 runnable
java.lang.Thread.State: RUNNABLE
        at java.base@21.0.5/sun.nio.ch.EPoll.wait(Native Method)
        at java.base@21.0.5/sun.nio.ch.EPollSelectorImpl.doSelect(EPollSelectorImpl.java:121)
        at java.base@21.0.5/sun.nio.ch.SelectorImpl.lockAndDoSelect(SelectorImpl.java:130)
        at java.base@21.0.5/sun.nio.ch.SelectorImpl.select(SelectorImpl.java:147)
        at app//org.apache.hadoop.ipc.Server$Listener$Reader.doRunLoop(Server.java:1497)
        at app//org.apache.hadoop.ipc.Server$Listener$Reader.run(Server.java:1476)
"IPC Server handler 7 on default port 15066" daemon prio=5 tid=826 timed_waiting
java.lang.Thread.State: TIMED_WAITING
        at java.base@21.0.5/jdk.internal.misc.Unsafe.park(Native Method)
        at java.base@21.0.5/java.util.concurrent.locks.LockSupport.parkNanos(LockSupport.java:269)
        at java.base@21.0.5/java.util.concurrent.locks.AbstractQueuedSynchronizer$ConditionObject.awaitNanos(AbstractQueuedSynchronizer.java:1763)
        at java.base@21.0.5/java.util.concurrent.LinkedBlockingQueue.poll(LinkedBlockingQueue.java:460)
        at app//org.apache.hadoop.ipc.CallQueueManager.take(CallQueueManager.java:370)
        at app//org.apache.hadoop.ipc.Server$Handler.run(Server.java:3165)
"eca5a246-1f8f-493f-b50d-7eee1f2fec76@group-91A8CF666C05-StateMachineUpdater" daemon prio=5 tid=1674 timed_waiting
java.lang.Thread.State: TIMED_WAITING
        at java.base@21.0.5/jdk.internal.misc.Unsafe.park(Native Method)
        at java.base@21.0.5/java.util.concurrent.locks.LockSupport.parkNanos(LockSupport.java:269)
        at java.base@21.0.5/java.util.concurrent.locks.AbstractQueuedSynchronizer$ConditionObject.await(AbstractQueuedSynchronizer.java:1852)
        at app//org.apache.ratis.util.AwaitForSignal.await(AwaitForSignal.java:65)
        at app//org.apache.ratis.server.impl.StateMachineUpdater.waitForCommit(StateMachineUpdater.java:219)
        at app//org.apache.ratis.server.impl.StateMachineUpdater.run(StateMachineUpdater.java:187)
        at java.base@21.0.5/java.lang.Thread.runWith(Thread.java:1596)
        at java.base@21.0.5/java.lang.Thread.run(Thread.java:1583)
"StaleRecoveringContainerScrubbingService#2" daemon prio=5 tid=1950 timed_waiting
java.lang.Thread.State: TIMED_WAITING
        at java.base@21.0.5/jdk.internal.misc.Unsafe.park(Native Method)
        at java.base@21.0.5/java.util.concurrent.locks.LockSupport.parkNanos(LockSupport.java:269)
        at java.base@21.0.5/java.util.concurrent.locks.AbstractQueuedSynchronizer$ConditionObject.awaitNanos(AbstractQueuedSynchronizer.java:1763)
        at java.base@21.0.5/java.util.concurrent.ScheduledThreadPoolExecutor$DelayedWorkQueue.take(ScheduledThreadPoolExecutor.java:1182)
        at java.base@21.0.5/java.util.concurrent.ScheduledThreadPoolExecutor$DelayedWorkQueue.take(ScheduledThreadPoolExecutor.java:899)
        at java.base@21.0.5/java.util.concurrent.ThreadPoolExecutor.getTask(ThreadPoolExecutor.java:1070)
        at java.base@21.0.5/java.util.concurrent.ThreadPoolExecutor.runWorker(ThreadPoolExecutor.java:1130)
        at java.base@21.0.5/java.util.concurrent.ThreadPoolExecutor$Worker.run(ThreadPoolExecutor.java:642)
        at java.base@21.0.5/java.lang.Thread.runWith(Thread.java:1596)
        at java.base@21.0.5/java.lang.Thread.run(Thread.java:1583)
"IPC Server handler 95 on default port 15000" daemon prio=5 tid=209 timed_waiting
java.lang.Thread.State: TIMED_WAITING
        at java.base@21.0.5/jdk.internal.misc.Unsafe.park(Native Method)
        at java.base@21.0.5/java.util.concurrent.locks.LockSupport.parkNanos(LockSupport.java:269)
        at java.base@21.0.5/java.util.concurrent.locks.AbstractQueuedSynchronizer$ConditionObject.awaitNanos(AbstractQueuedSynchronizer.java:1763)
        at java.base@21.0.5/java.util.concurrent.LinkedBlockingQueue.poll(LinkedBlockingQueue.java:460)
        at app//org.apache.hadoop.ipc.CallQueueManager.take(CallQueueManager.java:370)
        at app//org.apache.hadoop.ipc.Server$Handler.run(Server.java:3165)
"StaleRecoveringContainerScrubbingService#9" daemon prio=5 tid=2887 in Object.wait()
java.lang.Thread.State: WAITING (on object monitor)
        at java.base@21.0.5/jdk.internal.misc.Unsafe.park(Native Method)
        at java.base@21.0.5/java.util.concurrent.locks.LockSupport.park(LockSupport.java:371)
        at java.base@21.0.5/java.util.concurrent.locks.AbstractQueuedSynchronizer$ConditionNode.block(AbstractQueuedSynchronizer.java:519)
        at java.base@21.0.5/java.util.concurrent.ForkJoinPool.unmanagedBlock(ForkJoinPool.java:3780)
        at java.base@21.0.5/java.util.concurrent.ForkJoinPool.managedBlock(ForkJoinPool.java:3725)
        at java.base@21.0.5/java.util.concurrent.locks.AbstractQueuedSynchronizer$ConditionObject.await(AbstractQueuedSynchronizer.java:1712)
        at java.base@21.0.5/java.util.concurrent.ScheduledThreadPoolExecutor$DelayedWorkQueue.take(ScheduledThreadPoolExecutor.java:1177)
        at java.base@21.0.5/java.util.concurrent.ScheduledThreadPoolExecutor$DelayedWorkQueue.take(ScheduledThreadPoolExecutor.java:899)
        at java.base@21.0.5/java.util.concurrent.ThreadPoolExecutor.getTask(ThreadPoolExecutor.java:1070)
        at java.base@21.0.5/java.util.concurrent.ThreadPoolExecutor.runWorker(ThreadPoolExecutor.java:1130)
        at java.base@21.0.5/java.util.concurrent.ThreadPoolExecutor$Worker.run(ThreadPoolExecutor.java:642)
        at java.base@21.0.5/java.lang.Thread.runWith(Thread.java:1596)
        at java.base@21.0.5/java.lang.Thread.run(Thread.java:1583)
"ContainerDataScanner(/home/runner/work/ozone/ozone/hadoop-ozone/integration-test/target/test-dir/MiniOzoneClusterImpl-19e1eff0-706f-497d-806e-bf7d4c525004/ozone-meta/datanode-3/data-0/hdds)" daemon prio=5 tid=990 timed_waiting
java.lang.Thread.State: TIMED_WAITING
        at java.base@21.0.5/java.lang.Thread.sleep0(Native Method)
        at java.base@21.0.5/java.lang.Thread.sleep(Thread.java:509)
        at app//org.apache.hadoop.ozone.container.ozoneimpl.AbstractBackgroundContainerScanner.handleRemainingSleep(AbstractBackgroundContainerScanner.java:131)
        at app//org.apache.hadoop.ozone.container.ozoneimpl.AbstractBackgroundContainerScanner.runIteration(AbstractBackgroundContainerScanner.java:98)
        at app//org.apache.hadoop.ozone.container.ozoneimpl.AbstractBackgroundContainerScanner.run(AbstractBackgroundContainerScanner.java:57)
"IPC Server handler 3 on default port 15066" daemon prio=5 tid=822 timed_waiting
java.lang.Thread.State: TIMED_WAITING
        at java.base@21.0.5/jdk.internal.misc.Unsafe.park(Native Method)
        at java.base@21.0.5/java.util.concurrent.locks.LockSupport.parkNanos(LockSupport.java:269)
        at java.base@21.0.5/java.util.concurrent.locks.AbstractQueuedSynchronizer$ConditionObject.awaitNanos(AbstractQueuedSynchronizer.java:1763)
        at java.base@21.0.5/java.util.concurrent.LinkedBlockingQueue.poll(LinkedBlockingQueue.java:460)
        at app//org.apache.hadoop.ipc.CallQueueManager.take(CallQueueManager.java:370)
        at app//org.apache.hadoop.ipc.Server$Handler.run(Server.java:3165)
"org.apache.hadoop.ozone.container.common.statemachine.commandhandler.DeleteBlocksCommandHandler$DeleteCmdWorker@de9650a" daemon prio=5 tid=562 timed_waiting
java.lang.Thread.State: TIMED_WAITING
        at java.base@21.0.5/java.lang.Thread.sleep0(Native Method)
        at java.base@21.0.5/java.lang.Thread.sleep(Thread.java:509)
        at app//org.apache.hadoop.ozone.container.common.statemachine.commandhandler.DeleteBlocksCommandHandler$DeleteCmdWorker.run(DeleteBlocksCommandHandler.java:264)
        at java.base@21.0.5/java.lang.Thread.runWith(Thread.java:1596)
        at java.base@21.0.5/java.lang.Thread.run(Thread.java:1583)
"eca5a246-1f8f-493f-b50d-7eee1f2fec76-ChunkReader-2" daemon prio=5 tid=2069 in Object.wait()
java.lang.Thread.State: WAITING (on object monitor)
        at java.base@21.0.5/jdk.internal.misc.Unsafe.park(Native Method)
        at java.base@21.0.5/java.util.concurrent.locks.LockSupport.park(LockSupport.java:371)
        at java.base@21.0.5/java.util.concurrent.locks.AbstractQueuedSynchronizer$ConditionNode.block(AbstractQueuedSynchronizer.java:519)
        at java.base@21.0.5/java.util.concurrent.ForkJoinPool.unmanagedBlock(ForkJoinPool.java:3780)
        at java.base@21.0.5/java.util.concurrent.ForkJoinPool.managedBlock(ForkJoinPool.java:3725)
        at java.base@21.0.5/java.util.concurrent.locks.AbstractQueuedSynchronizer$ConditionObject.await(AbstractQueuedSynchronizer.java:1712)
        at java.base@21.0.5/java.util.concurrent.LinkedBlockingQueue.take(LinkedBlockingQueue.java:435)
        at java.base@21.0.5/java.util.concurrent.ThreadPoolExecutor.getTask(ThreadPoolExecutor.java:1070)
        at java.base@21.0.5/java.util.concurrent.ThreadPoolExecutor.runWorker(ThreadPoolExecutor.java:1130)
        at java.base@21.0.5/java.util.concurrent.ThreadPoolExecutor$Worker.run(ThreadPoolExecutor.java:642)
        at java.base@21.0.5/java.lang.Thread.runWith(Thread.java:1596)
        at java.base@21.0.5/java.lang.Thread.run(Thread.java:1583)
"eca5a246-1f8f-493f-b50d-7eee1f2fec76-ChunkReader-3" daemon prio=5 tid=2077 in Object.wait()
java.lang.Thread.State: WAITING (on object monitor)
        at java.base@21.0.5/jdk.internal.misc.Unsafe.park(Native Method)
        at java.base@21.0.5/java.util.concurrent.locks.LockSupport.park(LockSupport.java:371)
        at java.base@21.0.5/java.util.concurrent.locks.AbstractQueuedSynchronizer$ConditionNode.block(AbstractQueuedSynchronizer.java:519)
        at java.base@21.0.5/java.util.concurrent.ForkJoinPool.unmanagedBlock(ForkJoinPool.java:3780)
        at java.base@21.0.5/java.util.concurrent.ForkJoinPool.managedBlock(ForkJoinPool.java:3725)
        at java.base@21.0.5/java.util.concurrent.locks.AbstractQueuedSynchronizer$ConditionObject.await(AbstractQueuedSynchronizer.java:1712)
        at java.base@21.0.5/java.util.concurrent.LinkedBlockingQueue.take(LinkedBlockingQueue.java:435)
        at java.base@21.0.5/java.util.concurrent.ThreadPoolExecutor.getTask(ThreadPoolExecutor.java:1070)
        at java.base@21.0.5/java.util.concurrent.ThreadPoolExecutor.runWorker(ThreadPoolExecutor.java:1130)
        at java.base@21.0.5/java.util.concurrent.ThreadPoolExecutor$Worker.run(ThreadPoolExecutor.java:642)
        at java.base@21.0.5/java.lang.Thread.runWith(Thread.java:1596)
        at java.base@21.0.5/java.lang.Thread.run(Thread.java:1583)
"IPC Server handler 84 on default port 15000" daemon prio=5 tid=198 timed_waiting
java.lang.Thread.State: TIMED_WAITING
        at java.base@21.0.5/jdk.internal.misc.Unsafe.park(Native Method)
        at java.base@21.0.5/java.util.concurrent.locks.LockSupport.parkNanos(LockSupport.java:269)
        at java.base@21.0.5/java.util.concurrent.locks.AbstractQueuedSynchronizer$ConditionObject.awaitNanos(AbstractQueuedSynchronizer.java:1763)
        at java.base@21.0.5/java.util.concurrent.LinkedBlockingQueue.poll(LinkedBlockingQueue.java:460)
        at app//org.apache.hadoop.ipc.CallQueueManager.take(CallQueueManager.java:370)
        at app//org.apache.hadoop.ipc.Server$Handler.run(Server.java:3165)
"751e45cc-852a-454f-97c8-e80f2befe6f4-EndpointStateMachineTaskThread-/0.0.0.0:15002-0 "  prio=5 tid=1069 in Object.wait()
java.lang.Thread.State: WAITING (on object monitor)
        at java.base@21.0.5/jdk.internal.misc.Unsafe.park(Native Method)
        at java.base@21.0.5/java.util.concurrent.locks.LockSupport.park(LockSupport.java:371)
        at java.base@21.0.5/java.util.concurrent.locks.AbstractQueuedSynchronizer$ConditionNode.block(AbstractQueuedSynchronizer.java:519)
        at java.base@21.0.5/java.util.concurrent.ForkJoinPool.unmanagedBlock(ForkJoinPool.java:3780)
        at java.base@21.0.5/java.util.concurrent.ForkJoinPool.managedBlock(ForkJoinPool.java:3725)
        at java.base@21.0.5/java.util.concurrent.locks.AbstractQueuedSynchronizer$ConditionObject.await(AbstractQueuedSynchronizer.java:1712)
        at java.base@21.0.5/java.util.concurrent.LinkedBlockingQueue.take(LinkedBlockingQueue.java:435)
        at java.base@21.0.5/java.util.concurrent.ThreadPoolExecutor.getTask(ThreadPoolExecutor.java:1070)
        at java.base@21.0.5/java.util.concurrent.ThreadPoolExecutor.runWorker(ThreadPoolExecutor.java:1130)
        at java.base@21.0.5/java.util.concurrent.ThreadPoolExecutor$Worker.run(ThreadPoolExecutor.java:642)
        at java.base@21.0.5/java.lang.Thread.runWith(Thread.java:1596)
        at java.base@21.0.5/java.lang.Thread.run(Thread.java:1583)
"751e45cc-852a-454f-97c8-e80f2befe6f4-RocksDBCompactionThread-0"  prio=5 tid=745 timed_waiting
java.lang.Thread.State: TIMED_WAITING
        at java.base@21.0.5/jdk.internal.misc.Unsafe.park(Native Method)
        at java.base@21.0.5/java.util.concurrent.locks.LockSupport.parkNanos(LockSupport.java:269)
        at java.base@21.0.5/java.util.concurrent.locks.AbstractQueuedSynchronizer$ConditionObject.awaitNanos(AbstractQueuedSynchronizer.java:1763)
        at java.base@21.0.5/java.util.concurrent.ScheduledThreadPoolExecutor$DelayedWorkQueue.take(ScheduledThreadPoolExecutor.java:1182)
        at java.base@21.0.5/java.util.concurrent.ScheduledThreadPoolExecutor$DelayedWorkQueue.take(ScheduledThreadPoolExecutor.java:899)
        at java.base@21.0.5/java.util.concurrent.ThreadPoolExecutor.getTask(ThreadPoolExecutor.java:1070)
        at java.base@21.0.5/java.util.concurrent.ThreadPoolExecutor.runWorker(ThreadPoolExecutor.java:1130)
        at java.base@21.0.5/java.util.concurrent.ThreadPoolExecutor$Worker.run(ThreadPoolExecutor.java:642)
        at java.base@21.0.5/java.lang.Thread.runWith(Thread.java:1596)
        at java.base@21.0.5/java.lang.Thread.run(Thread.java:1583)
"Session-HouseKeeper-4ef10d3b-1"  prio=5 tid=325 timed_waiting
java.lang.Thread.State: TIMED_WAITING
        at java.base@21.0.5/jdk.internal.misc.Unsafe.park(Native Method)
        at java.base@21.0.5/java.util.concurrent.locks.LockSupport.parkNanos(LockSupport.java:269)
        at java.base@21.0.5/java.util.concurrent.locks.AbstractQueuedSynchronizer$ConditionObject.awaitNanos(AbstractQueuedSynchronizer.java:1763)
        at java.base@21.0.5/java.util.concurrent.ScheduledThreadPoolExecutor$DelayedWorkQueue.take(ScheduledThreadPoolExecutor.java:1182)
        at java.base@21.0.5/java.util.concurrent.ScheduledThreadPoolExecutor$DelayedWorkQueue.take(ScheduledThreadPoolExecutor.java:899)
        at java.base@21.0.5/java.util.concurrent.ThreadPoolExecutor.getTask(ThreadPoolExecutor.java:1070)
        at java.base@21.0.5/java.util.concurrent.ThreadPoolExecutor.runWorker(ThreadPoolExecutor.java:1130)
        at java.base@21.0.5/java.util.concurrent.ThreadPoolExecutor$Worker.run(ThreadPoolExecutor.java:642)
        at java.base@21.0.5/java.lang.Thread.runWith(Thread.java:1596)
        at java.base@21.0.5/java.lang.Thread.run(Thread.java:1583)
"3296053d-9d54-4057-a6a8-67c4b6ec6587@group-69B381BA0E06-StateMachineUpdater" daemon prio=5 tid=1228 timed_waiting
java.lang.Thread.State: TIMED_WAITING
        at java.base@21.0.5/jdk.internal.misc.Unsafe.park(Native Method)
        at java.base@21.0.5/java.util.concurrent.locks.LockSupport.parkNanos(LockSupport.java:269)
        at java.base@21.0.5/java.util.concurrent.locks.AbstractQueuedSynchronizer$ConditionObject.await(AbstractQueuedSynchronizer.java:1852)
        at app//org.apache.ratis.util.AwaitForSignal.await(AwaitForSignal.java:65)
        at app//org.apache.ratis.server.impl.StateMachineUpdater.waitForCommit(StateMachineUpdater.java:219)
        at app//org.apache.ratis.server.impl.StateMachineUpdater.run(StateMachineUpdater.java:187)
        at java.base@21.0.5/java.lang.Thread.runWith(Thread.java:1596)
        at java.base@21.0.5/java.lang.Thread.run(Thread.java:1583)
"StaleRecoveringContainerScrubbingService#6" daemon prio=5 tid=2818 in Object.wait()
java.lang.Thread.State: WAITING (on object monitor)
        at java.base@21.0.5/jdk.internal.misc.Unsafe.park(Native Method)
        at java.base@21.0.5/java.util.concurrent.locks.LockSupport.park(LockSupport.java:371)
        at java.base@21.0.5/java.util.concurrent.locks.AbstractQueuedSynchronizer$ConditionNode.block(AbstractQueuedSynchronizer.java:519)
        at java.base@21.0.5/java.util.concurrent.ForkJoinPool.unmanagedBlock(ForkJoinPool.java:3780)
        at java.base@21.0.5/java.util.concurrent.ForkJoinPool.managedBlock(ForkJoinPool.java:3725)
        at java.base@21.0.5/java.util.concurrent.locks.AbstractQueuedSynchronizer$ConditionObject.await(AbstractQueuedSynchronizer.java:1712)
        at java.base@21.0.5/java.util.concurrent.ScheduledThreadPoolExecutor$DelayedWorkQueue.take(ScheduledThreadPoolExecutor.java:1177)
        at java.base@21.0.5/java.util.concurrent.ScheduledThreadPoolExecutor$DelayedWorkQueue.take(ScheduledThreadPoolExecutor.java:899)
        at java.base@21.0.5/java.util.concurrent.ThreadPoolExecutor.getTask(ThreadPoolExecutor.java:1070)
        at java.base@21.0.5/java.util.concurrent.ThreadPoolExecutor.runWorker(ThreadPoolExecutor.java:1130)
        at java.base@21.0.5/java.util.concurrent.ThreadPoolExecutor$Worker.run(ThreadPoolExecutor.java:642)
        at java.base@21.0.5/java.lang.Thread.runWith(Thread.java:1596)
        at java.base@21.0.5/java.lang.Thread.run(Thread.java:1583)
"IPC Server handler 93 on default port 15001" daemon prio=5 tid=307 timed_waiting
java.lang.Thread.State: TIMED_WAITING
        at java.base@21.0.5/jdk.internal.misc.Unsafe.park(Native Method)
        at java.base@21.0.5/java.util.concurrent.locks.LockSupport.parkNanos(LockSupport.java:269)
        at java.base@21.0.5/java.util.concurrent.locks.AbstractQueuedSynchronizer$ConditionObject.awaitNanos(AbstractQueuedSynchronizer.java:1763)
        at java.base@21.0.5/java.util.concurrent.LinkedBlockingQueue.poll(LinkedBlockingQueue.java:460)
        at app//org.apache.hadoop.ipc.CallQueueManager.take(CallQueueManager.java:370)
        at app//org.apache.hadoop.ipc.Server$Handler.run(Server.java:3165)
"Socket Reader #4 for port 15093"  prio=5 tid=1005 runnable
java.lang.Thread.State: RUNNABLE
        at java.base@21.0.5/sun.nio.ch.EPoll.wait(Native Method)
        at java.base@21.0.5/sun.nio.ch.EPollSelectorImpl.doSelect(EPollSelectorImpl.java:121)
        at java.base@21.0.5/sun.nio.ch.SelectorImpl.lockAndDoSelect(SelectorImpl.java:130)
        at java.base@21.0.5/sun.nio.ch.SelectorImpl.select(SelectorImpl.java:147)
        at app//org.apache.hadoop.ipc.Server$Listener$Reader.doRunLoop(Server.java:1497)
        at app//org.apache.hadoop.ipc.Server$Listener$Reader.run(Server.java:1476)
"qtp1768621734-525" daemon prio=5 tid=525 timed_waiting
java.lang.Thread.State: TIMED_WAITING
        at java.base@21.0.5/jdk.internal.misc.Unsafe.park(Native Method)
        at java.base@21.0.5/java.util.concurrent.locks.LockSupport.parkNanos(LockSupport.java:269)
        at java.base@21.0.5/java.util.concurrent.locks.AbstractQueuedSynchronizer$ConditionObject.awaitNanos(AbstractQueuedSynchronizer.java:1763)
        at app//org.eclipse.jetty.util.BlockingArrayQueue.poll(BlockingArrayQueue.java:382)
        at app//org.eclipse.jetty.util.thread.QueuedThreadPool$Runner.idleJobPoll(QueuedThreadPool.java:974)
        at app//org.eclipse.jetty.util.thread.QueuedThreadPool$Runner.run(QueuedThreadPool.java:1018)
        at java.base@21.0.5/java.lang.Thread.runWith(Thread.java:1596)
        at java.base@21.0.5/java.lang.Thread.run(Thread.java:1583)
"4b5ea8a3-88a5-4114-908f-7a85f39bc1cb-DatanodeStateMachineDaemonThread" daemon prio=5 tid=691 timed_waiting
java.lang.Thread.State: TIMED_WAITING
        at java.base@21.0.5/java.lang.Thread.sleep0(Native Method)
        at java.base@21.0.5/java.lang.Thread.sleep(Thread.java:509)
        at app//org.apache.hadoop.ozone.container.common.statemachine.DatanodeStateMachine.startStateMachineThread(DatanodeStateMachine.java:358)
        at app//org.apache.hadoop.ozone.container.common.statemachine.DatanodeStateMachine.lambda$startDaemon$1(DatanodeStateMachine.java:544)
        at app//org.apache.hadoop.ozone.container.common.statemachine.DatanodeStateMachine$$Lambda/0x00007fd9cc7d49d8.run(Unknown Source)
        at java.base@21.0.5/java.lang.Thread.runWith(Thread.java:1596)
        at java.base@21.0.5/java.lang.Thread.run(Thread.java:1583)
"om1-DirectoryDeletingService#8" daemon prio=5 tid=479 in Object.wait()
java.lang.Thread.State: WAITING (on object monitor)
        at java.base@21.0.5/jdk.internal.misc.Unsafe.park(Native Method)
        at java.base@21.0.5/java.util.concurrent.locks.LockSupport.park(LockSupport.java:371)
        at java.base@21.0.5/java.util.concurrent.locks.AbstractQueuedSynchronizer$ConditionNode.block(AbstractQueuedSynchronizer.java:519)
        at java.base@21.0.5/java.util.concurrent.ForkJoinPool.unmanagedBlock(ForkJoinPool.java:3780)
        at java.base@21.0.5/java.util.concurrent.ForkJoinPool.managedBlock(ForkJoinPool.java:3725)
        at java.base@21.0.5/java.util.concurrent.locks.AbstractQueuedSynchronizer$ConditionObject.await(AbstractQueuedSynchronizer.java:1712)
        at java.base@21.0.5/java.util.concurrent.ScheduledThreadPoolExecutor$DelayedWorkQueue.take(ScheduledThreadPoolExecutor.java:1177)
        at java.base@21.0.5/java.util.concurrent.ScheduledThreadPoolExecutor$DelayedWorkQueue.take(ScheduledThreadPoolExecutor.java:899)
        at java.base@21.0.5/java.util.concurrent.ThreadPoolExecutor.getTask(ThreadPoolExecutor.java:1070)
        at java.base@21.0.5/java.util.concurrent.ThreadPoolExecutor.runWorker(ThreadPoolExecutor.java:1130)
        at java.base@21.0.5/java.util.concurrent.ThreadPoolExecutor$Worker.run(ThreadPoolExecutor.java:642)
        at java.base@21.0.5/java.lang.Thread.runWith(Thread.java:1596)
        at java.base@21.0.5/java.lang.Thread.run(Thread.java:1583)
"Socket Reader #1 for port 15093"  prio=5 tid=1002 runnable
java.lang.Thread.State: RUNNABLE
        at java.base@21.0.5/sun.nio.ch.EPoll.wait(Native Method)
        at java.base@21.0.5/sun.nio.ch.EPollSelectorImpl.doSelect(EPollSelectorImpl.java:121)
        at java.base@21.0.5/sun.nio.ch.SelectorImpl.lockAndDoSelect(SelectorImpl.java:130)
        at java.base@21.0.5/sun.nio.ch.SelectorImpl.select(SelectorImpl.java:147)
        at app//org.apache.hadoop.ipc.Server$Listener$Reader.doRunLoop(Server.java:1497)
        at app//org.apache.hadoop.ipc.Server$Listener$Reader.run(Server.java:1476)
"IPC Server idle connection scanner for port 15066" daemon prio=5 tid=816 timed_waiting
java.lang.Thread.State: TIMED_WAITING
        at java.base@21.0.5/java.lang.Object.wait0(Native Method)
        at java.base@21.0.5/java.lang.Object.wait(Object.java:366)
        at java.base@21.0.5/java.util.TimerThread.mainLoop(Timer.java:563)
        at java.base@21.0.5/java.util.TimerThread.run(Timer.java:516)
"IPC Server handler 7 on default port 15075" daemon prio=5 tid=2512 timed_waiting
java.lang.Thread.State: TIMED_WAITING
        at java.base@21.0.5/jdk.internal.misc.Unsafe.park(Native Method)
        at java.base@21.0.5/java.util.concurrent.locks.LockSupport.parkNanos(LockSupport.java:269)
        at java.base@21.0.5/java.util.concurrent.locks.AbstractQueuedSynchronizer$ConditionObject.awaitNanos(AbstractQueuedSynchronizer.java:1763)
        at java.base@21.0.5/java.util.concurrent.LinkedBlockingQueue.poll(LinkedBlockingQueue.java:460)
        at app//org.apache.hadoop.ipc.CallQueueManager.take(CallQueueManager.java:370)
        at app//org.apache.hadoop.ipc.Server$Handler.run(Server.java:3165)
"StaleRecoveringContainerScrubbingService#0" daemon prio=5 tid=869 timed_waiting
java.lang.Thread.State: TIMED_WAITING
        at java.base@21.0.5/jdk.internal.misc.Unsafe.park(Native Method)
        at java.base@21.0.5/java.util.concurrent.locks.LockSupport.parkNanos(LockSupport.java:269)
        at java.base@21.0.5/java.util.concurrent.locks.AbstractQueuedSynchronizer$ConditionObject.awaitNanos(AbstractQueuedSynchronizer.java:1763)
        at java.base@21.0.5/java.util.concurrent.ScheduledThreadPoolExecutor$DelayedWorkQueue.take(ScheduledThreadPoolExecutor.java:1182)
        at java.base@21.0.5/java.util.concurrent.ScheduledThreadPoolExecutor$DelayedWorkQueue.take(ScheduledThreadPoolExecutor.java:899)
        at java.base@21.0.5/java.util.concurrent.ThreadPoolExecutor.getTask(ThreadPoolExecutor.java:1070)
        at java.base@21.0.5/java.util.concurrent.ThreadPoolExecutor.runWorker(ThreadPoolExecutor.java:1130)
        at java.base@21.0.5/java.util.concurrent.ThreadPoolExecutor$Worker.run(ThreadPoolExecutor.java:642)
        at java.base@21.0.5/java.lang.Thread.runWith(Thread.java:1596)
        at java.base@21.0.5/java.lang.Thread.run(Thread.java:1583)
"StaleRecoveringContainerScrubbingService#3" daemon prio=5 tid=2433 in Object.wait()
java.lang.Thread.State: WAITING (on object monitor)
        at java.base@21.0.5/jdk.internal.misc.Unsafe.park(Native Method)
        at java.base@21.0.5/java.util.concurrent.locks.LockSupport.park(LockSupport.java:371)
        at java.base@21.0.5/java.util.concurrent.locks.AbstractQueuedSynchronizer$ConditionNode.block(AbstractQueuedSynchronizer.java:519)
        at java.base@21.0.5/java.util.concurrent.ForkJoinPool.unmanagedBlock(ForkJoinPool.java:3780)
        at java.base@21.0.5/java.util.concurrent.ForkJoinPool.managedBlock(ForkJoinPool.java:3725)
        at java.base@21.0.5/java.util.concurrent.locks.AbstractQueuedSynchronizer$ConditionObject.await(AbstractQueuedSynchronizer.java:1712)
        at java.base@21.0.5/java.util.concurrent.ScheduledThreadPoolExecutor$DelayedWorkQueue.take(ScheduledThreadPoolExecutor.java:1177)
        at java.base@21.0.5/java.util.concurrent.ScheduledThreadPoolExecutor$DelayedWorkQueue.take(ScheduledThreadPoolExecutor.java:899)
        at java.base@21.0.5/java.util.concurrent.ThreadPoolExecutor.getTask(ThreadPoolExecutor.java:1070)
        at java.base@21.0.5/java.util.concurrent.ThreadPoolExecutor.runWorker(ThreadPoolExecutor.java:1130)
        at java.base@21.0.5/java.util.concurrent.ThreadPoolExecutor$Worker.run(ThreadPoolExecutor.java:642)
        at java.base@21.0.5/java.lang.Thread.runWith(Thread.java:1596)
        at java.base@21.0.5/java.lang.Thread.run(Thread.java:1583)
"Socket Reader #9 for port 15021"  prio=5 tid=582 runnable
java.lang.Thread.State: RUNNABLE
        at java.base@21.0.5/sun.nio.ch.EPoll.wait(Native Method)
        at java.base@21.0.5/sun.nio.ch.EPollSelectorImpl.doSelect(EPollSelectorImpl.java:121)
        at java.base@21.0.5/sun.nio.ch.SelectorImpl.lockAndDoSelect(SelectorImpl.java:130)
        at java.base@21.0.5/sun.nio.ch.SelectorImpl.select(SelectorImpl.java:147)
        at app//org.apache.hadoop.ipc.Server$Listener$Reader.doRunLoop(Server.java:1497)
        at app//org.apache.hadoop.ipc.Server$Listener$Reader.run(Server.java:1476)
"3296053d-9d54-4057-a6a8-67c4b6ec6587@group-8D64113706DD-SegmentedRaftLogWorker" daemon prio=5 tid=1380 timed_waiting
java.lang.Thread.State: TIMED_WAITING
        at java.base@21.0.5/jdk.internal.misc.Unsafe.park(Native Method)
        at java.base@21.0.5/java.util.concurrent.locks.LockSupport.parkNanos(LockSupport.java:269)
        at java.base@21.0.5/java.util.concurrent.locks.AbstractQueuedSynchronizer$ConditionObject.awaitNanos(AbstractQueuedSynchronizer.java:1763)
        at app//org.apache.ratis.util.DataBlockingQueue.poll(DataBlockingQueue.java:148)
        at app//org.apache.ratis.server.raftlog.segmented.SegmentedRaftLogWorker.run(SegmentedRaftLogWorker.java:307)
        at app//org.apache.ratis.server.raftlog.segmented.SegmentedRaftLogWorker$$Lambda/0x00007fd9cc334298.run(Unknown Source)
        at java.base@21.0.5/java.util.concurrent.Executors$RunnableAdapter.call(Executors.java:572)
        at java.base@21.0.5/java.util.concurrent.FutureTask.run(FutureTask.java:317)
        at java.base@21.0.5/java.util.concurrent.ThreadPoolExecutor.runWorker(ThreadPoolExecutor.java:1144)
        at java.base@21.0.5/java.util.concurrent.ThreadPoolExecutor$Worker.run(ThreadPoolExecutor.java:642)
        at java.base@21.0.5/java.lang.Thread.runWith(Thread.java:1596)
        at java.base@21.0.5/java.lang.Thread.run(Thread.java:1583)
"3296053d-9d54-4057-a6a8-67c4b6ec6587@group-2A3258B325AC-FollowerState" daemon prio=5 tid=1956 timed_waiting
java.lang.Thread.State: TIMED_WAITING
        at java.base@21.0.5/java.lang.Thread.sleep0(Native Method)
        at java.base@21.0.5/java.lang.Thread.sleep(Thread.java:558)
        at java.base@21.0.5/java.util.concurrent.TimeUnit.sleep(TimeUnit.java:446)
        at app//org.apache.ratis.util.TimeDuration.sleep(TimeDuration.java:353)
        at app//org.apache.ratis.util.TimeDuration.sleep(TimeDuration.java:338)
        at app//org.apache.ratis.server.impl.FollowerState.runImpl(FollowerState.java:149)
        at app//org.apache.ratis.server.impl.FollowerState.run(FollowerState.java:130)
"79978ed1-1a5c-4832-b584-9e2d85f03cd7@group-AE8CA6FC1197->751e45cc-852a-454f-97c8-e80f2befe6f4-GrpcLogAppender-LogAppenderDaemon" daemon prio=5 tid=1847 timed_waiting
java.lang.Thread.State: TIMED_WAITING
        at java.base@21.0.5/jdk.internal.misc.Unsafe.park(Native Method)
        at java.base@21.0.5/java.util.concurrent.locks.LockSupport.parkNanos(LockSupport.java:269)
        at java.base@21.0.5/java.util.concurrent.locks.AbstractQueuedSynchronizer$ConditionObject.await(AbstractQueuedSynchronizer.java:1852)
        at app//org.apache.ratis.util.AwaitForSignal.await(AwaitForSignal.java:65)
        at app//org.apache.ratis.grpc.server.GrpcLogAppender.mayWait(GrpcLogAppender.java:290)
        at app//org.apache.ratis.grpc.server.GrpcLogAppender.run(GrpcLogAppender.java:258)
        at app//org.apache.ratis.server.leader.LogAppenderDaemon.run(LogAppenderDaemon.java:80)
        at app//org.apache.ratis.server.leader.LogAppenderDaemon$$Lambda/0x00007fd9cc91b588.run(Unknown Source)
        at java.base@21.0.5/java.lang.Thread.runWith(Thread.java:1596)
        at java.base@21.0.5/java.lang.Thread.run(Thread.java:1583)
"ac32094a-198b-4072-99dd-552311e88daf@group-91A8CF666C05-FollowerState" daemon prio=5 tid=2280 timed_waiting
java.lang.Thread.State: TIMED_WAITING
        at java.base@21.0.5/java.lang.Thread.sleep0(Native Method)
        at java.base@21.0.5/java.lang.Thread.sleep(Thread.java:558)
        at java.base@21.0.5/java.util.concurrent.TimeUnit.sleep(TimeUnit.java:446)
        at app//org.apache.ratis.util.TimeDuration.sleep(TimeDuration.java:353)
        at app//org.apache.ratis.util.TimeDuration.sleep(TimeDuration.java:338)
        at app//org.apache.ratis.server.impl.FollowerState.runImpl(FollowerState.java:149)
        at app//org.apache.ratis.server.impl.FollowerState.run(FollowerState.java:130)
"b6b79d51-52d7-4711-a690-06a51533978a-ChunkWriter-3-0" daemon prio=5 tid=1061 in Object.wait()
java.lang.Thread.State: WAITING (on object monitor)
        at java.base@21.0.5/jdk.internal.misc.Unsafe.park(Native Method)
        at java.base@21.0.5/java.util.concurrent.locks.LockSupport.park(LockSupport.java:371)
        at java.base@21.0.5/java.util.concurrent.locks.AbstractQueuedSynchronizer$ConditionNode.block(AbstractQueuedSynchronizer.java:519)
        at java.base@21.0.5/java.util.concurrent.ForkJoinPool.unmanagedBlock(ForkJoinPool.java:3780)
        at java.base@21.0.5/java.util.concurrent.ForkJoinPool.managedBlock(ForkJoinPool.java:3725)
        at java.base@21.0.5/java.util.concurrent.locks.AbstractQueuedSynchronizer$ConditionObject.await(AbstractQueuedSynchronizer.java:1712)
        at java.base@21.0.5/java.util.concurrent.LinkedBlockingDeque.takeFirst(LinkedBlockingDeque.java:485)
        at java.base@21.0.5/java.util.concurrent.LinkedBlockingDeque.take(LinkedBlockingDeque.java:673)
        at java.base@21.0.5/java.util.concurrent.ThreadPoolExecutor.getTask(ThreadPoolExecutor.java:1070)
        at java.base@21.0.5/java.util.concurrent.ThreadPoolExecutor.runWorker(ThreadPoolExecutor.java:1130)
        at java.base@21.0.5/java.util.concurrent.ThreadPoolExecutor$Worker.run(ThreadPoolExecutor.java:642)
        at java.base@21.0.5/java.lang.Thread.runWith(Thread.java:1596)
        at java.base@21.0.5/java.lang.Thread.run(Thread.java:1583)
"Socket Reader #4 for port 15066"  prio=5 tid=809 runnable
java.lang.Thread.State: RUNNABLE
        at java.base@21.0.5/sun.nio.ch.EPoll.wait(Native Method)
        at java.base@21.0.5/sun.nio.ch.EPollSelectorImpl.doSelect(EPollSelectorImpl.java:121)
        at java.base@21.0.5/sun.nio.ch.SelectorImpl.lockAndDoSelect(SelectorImpl.java:130)
        at java.base@21.0.5/sun.nio.ch.SelectorImpl.select(SelectorImpl.java:147)
        at app//org.apache.hadoop.ipc.Server$Listener$Reader.doRunLoop(Server.java:1497)
        at app//org.apache.hadoop.ipc.Server$Listener$Reader.run(Server.java:1476)
"79978ed1-1a5c-4832-b584-9e2d85f03cd7-RocksDBCompactionThread-0"  prio=5 tid=513 timed_waiting
java.lang.Thread.State: TIMED_WAITING
        at java.base@21.0.5/jdk.internal.misc.Unsafe.park(Native Method)
        at java.base@21.0.5/java.util.concurrent.locks.LockSupport.parkNanos(LockSupport.java:269)
        at java.base@21.0.5/java.util.concurrent.locks.AbstractQueuedSynchronizer$ConditionObject.awaitNanos(AbstractQueuedSynchronizer.java:1763)
        at java.base@21.0.5/java.util.concurrent.ScheduledThreadPoolExecutor$DelayedWorkQueue.take(ScheduledThreadPoolExecutor.java:1182)
        at java.base@21.0.5/java.util.concurrent.ScheduledThreadPoolExecutor$DelayedWorkQueue.take(ScheduledThreadPoolExecutor.java:899)
        at java.base@21.0.5/java.util.concurrent.ThreadPoolExecutor.getTask(ThreadPoolExecutor.java:1070)
        at java.base@21.0.5/java.util.concurrent.ThreadPoolExecutor.runWorker(ThreadPoolExecutor.java:1130)
        at java.base@21.0.5/java.util.concurrent.ThreadPoolExecutor$Worker.run(ThreadPoolExecutor.java:642)
        at java.base@21.0.5/java.lang.Thread.runWith(Thread.java:1596)
        at java.base@21.0.5/java.lang.Thread.run(Thread.java:1583)
"EventQueue-DatanodeCommandQueueUpdatedForDatanodeCommandCountUpdatedHandler" daemon prio=5 tid=1166 in Object.wait()
java.lang.Thread.State: WAITING (on object monitor)
        at java.base@21.0.5/jdk.internal.misc.Unsafe.park(Native Method)
        at java.base@21.0.5/java.util.concurrent.locks.LockSupport.park(LockSupport.java:371)
        at java.base@21.0.5/java.util.concurrent.locks.AbstractQueuedSynchronizer$ConditionNode.block(AbstractQueuedSynchronizer.java:519)
        at java.base@21.0.5/java.util.concurrent.ForkJoinPool.unmanagedBlock(ForkJoinPool.java:3780)
        at java.base@21.0.5/java.util.concurrent.ForkJoinPool.managedBlock(ForkJoinPool.java:3725)
        at java.base@21.0.5/java.util.concurrent.locks.AbstractQueuedSynchronizer$ConditionObject.await(AbstractQueuedSynchronizer.java:1712)
        at java.base@21.0.5/java.util.concurrent.LinkedBlockingQueue.take(LinkedBlockingQueue.java:435)
        at java.base@21.0.5/java.util.concurrent.ThreadPoolExecutor.getTask(ThreadPoolExecutor.java:1070)
        at java.base@21.0.5/java.util.concurrent.ThreadPoolExecutor.runWorker(ThreadPoolExecutor.java:1130)
        at java.base@21.0.5/java.util.concurrent.ThreadPoolExecutor$Worker.run(ThreadPoolExecutor.java:642)
        at java.base@21.0.5/java.lang.Thread.runWith(Thread.java:1596)
        at java.base@21.0.5/java.lang.Thread.run(Thread.java:1583)
"Socket Reader #9 for port 15030"  prio=5 tid=630 runnable
java.lang.Thread.State: RUNNABLE
        at java.base@21.0.5/sun.nio.ch.EPoll.wait(Native Method)
        at java.base@21.0.5/sun.nio.ch.EPollSelectorImpl.doSelect(EPollSelectorImpl.java:121)
        at java.base@21.0.5/sun.nio.ch.SelectorImpl.lockAndDoSelect(SelectorImpl.java:130)
        at java.base@21.0.5/sun.nio.ch.SelectorImpl.select(SelectorImpl.java:147)
        at app//org.apache.hadoop.ipc.Server$Listener$Reader.doRunLoop(Server.java:1497)
        at app//org.apache.hadoop.ipc.Server$Listener$Reader.run(Server.java:1476)
"02fc1759-725d-47af-8349-873c9c5c9167@group-69B381BA0E06->3296053d-9d54-4057-a6a8-67c4b6ec6587-GrpcLogAppender-LogAppenderDaemon" daemon prio=5 tid=1824 timed_waiting
java.lang.Thread.State: TIMED_WAITING
        at java.base@21.0.5/jdk.internal.misc.Unsafe.park(Native Method)
        at java.base@21.0.5/java.util.concurrent.locks.LockSupport.parkNanos(LockSupport.java:269)
        at java.base@21.0.5/java.util.concurrent.locks.AbstractQueuedSynchronizer$ConditionObject.await(AbstractQueuedSynchronizer.java:1852)
        at app//org.apache.ratis.util.AwaitForSignal.await(AwaitForSignal.java:65)
        at app//org.apache.ratis.grpc.server.GrpcLogAppender.mayWait(GrpcLogAppender.java:290)
        at app//org.apache.ratis.grpc.server.GrpcLogAppender.run(GrpcLogAppender.java:258)
        at app//org.apache.ratis.server.leader.LogAppenderDaemon.run(LogAppenderDaemon.java:80)
        at app//org.apache.ratis.server.leader.LogAppenderDaemon$$Lambda/0x00007fd9cc91b588.run(Unknown Source)
        at java.base@21.0.5/java.lang.Thread.runWith(Thread.java:1596)
        at java.base@21.0.5/java.lang.Thread.run(Thread.java:1583)
"b6b79d51-52d7-4711-a690-06a51533978a-server-thread3" daemon prio=5 tid=2004 timed_waiting
java.lang.Thread.State: TIMED_WAITING
        at java.base@21.0.5/jdk.internal.misc.Unsafe.park(Native Method)
        at java.base@21.0.5/java.util.concurrent.locks.LockSupport.parkNanos(LockSupport.java:410)
        at java.base@21.0.5/java.util.concurrent.LinkedTransferQueue$DualNode.await(LinkedTransferQueue.java:452)
        at java.base@21.0.5/java.util.concurrent.SynchronousQueue$Transferer.xferLifo(SynchronousQueue.java:194)
        at java.base@21.0.5/java.util.concurrent.SynchronousQueue.xfer(SynchronousQueue.java:235)
        at java.base@21.0.5/java.util.concurrent.SynchronousQueue.poll(SynchronousQueue.java:338)
        at java.base@21.0.5/java.util.concurrent.ThreadPoolExecutor.getTask(ThreadPoolExecutor.java:1069)
        at java.base@21.0.5/java.util.concurrent.ThreadPoolExecutor.runWorker(ThreadPoolExecutor.java:1130)
        at java.base@21.0.5/java.util.concurrent.ThreadPoolExecutor$Worker.run(ThreadPoolExecutor.java:642)
        at java.base@21.0.5/java.lang.Thread.runWith(Thread.java:1596)
        at java.base@21.0.5/java.lang.Thread.run(Thread.java:1583)
"main"  prio=5 tid=1 runnable
java.lang.Thread.State: RUNNABLE
        at java.base@21.0.5/java.lang.Thread.dumpThreads(Native Method)
        at java.base@21.0.5/java.lang.Thread.getAllStackTraces(Thread.java:2522)
        at app//org.apache.ozone.test.TimedOutTestsListener.buildThreadDump(TimedOutTestsListener.java:83)
        at app//org.apache.ozone.test.TimedOutTestsListener.buildThreadDiagnosticString(TimedOutTestsListener.java:69)
        at app//org.apache.ozone.test.GenericTestUtils.waitFor(GenericTestUtils.java:224)
        at app//org.apache.hadoop.ozone.container.TestECContainerRecovery.testECContainerRecoveryWithTimedOutRecovery(TestECContainerRecovery.java:354)
        at java.base@21.0.5/java.lang.invoke.LambdaForm$DMH/0x00007fd9cc124000.invokeVirtual(LambdaForm$DMH)
        at java.base@21.0.5/java.lang.invoke.LambdaForm$MH/0x00007fd9cc183000.invoke(LambdaForm$MH)
        at java.base@21.0.5/java.lang.invoke.Invokers$Holder.invokeExact_MT(Invokers$Holder)
        at java.base@21.0.5/jdk.internal.reflect.DirectMethodHandleAccessor.invokeImpl(DirectMethodHandleAccessor.java:153)
        at java.base@21.0.5/jdk.internal.reflect.DirectMethodHandleAccessor.invoke(DirectMethodHandleAccessor.java:103)
        at java.base@21.0.5/java.lang.reflect.Method.invoke(Method.java:580)
        at app//org.junit.platform.commons.util.ReflectionUtils.invokeMethod(ReflectionUtils.java:767)
        at app//org.junit.jupiter.engine.execution.MethodInvocation.proceed(MethodInvocation.java:60)
        at app//org.junit.jupiter.engine.execution.InvocationInterceptorChain$ValidatingInvocation.proceed(InvocationInterceptorChain.java:131)
        at app//org.junit.jupiter.engine.extension.TimeoutExtension.intercept(TimeoutExtension.java:156)
        at app//org.junit.jupiter.engine.extension.TimeoutExtension.interceptTestableMethod(TimeoutExtension.java:147)
        at app//org.junit.jupiter.engine.extension.TimeoutExtension.interceptTestMethod(TimeoutExtension.java:86)
        at app//org.junit.jupiter.engine.descriptor.TestMethodTestDescriptor$$Lambda/0x00007fd9cc0b2448.apply(Unknown Source)
        at app//org.junit.jupiter.engine.execution.InterceptingExecutableInvoker$ReflectiveInterceptorCall.lambda$ofVoidMethod$0(InterceptingExecutableInvoker.java:103)
        at app//org.junit.jupiter.engine.execution.InterceptingExecutableInvoker$ReflectiveInterceptorCall$$Lambda/0x00007fd9cc0b2848.apply(Unknown Source)
        at app//org.junit.jupiter.engine.execution.InterceptingExecutableInvoker.lambda$invoke$0(InterceptingExecutableInvoker.java:93)
        at app//org.junit.jupiter.engine.execution.InterceptingExecutableInvoker$$Lambda/0x00007fd9cc138478.apply(Unknown Source)
        at app//org.junit.jupiter.engine.execution.InvocationInterceptorChain$InterceptedInvocation.proceed(InvocationInterceptorChain.java:106)
        at app//org.junit.jupiter.engine.execution.InvocationInterceptorChain.proceed(InvocationInterceptorChain.java:64)
        at app//org.junit.jupiter.engine.execution.InvocationInterceptorChain.chainAndInvoke(InvocationInterceptorChain.java:45)
        at app//org.junit.jupiter.engine.execution.InvocationInterceptorChain.invoke(InvocationInterceptorChain.java:37)
        at app//org.junit.jupiter.engine.execution.InterceptingExecutableInvoker.invoke(InterceptingExecutableInvoker.java:92)
        at app//org.junit.jupiter.engine.execution.InterceptingExecutableInvoker.invoke(InterceptingExecutableInvoker.java:86)
        at app//org.junit.jupiter.engine.descriptor.TestMethodTestDescriptor.lambda$invokeTestMethod$8(TestMethodTestDescriptor.java:217)
        at app//org.junit.jupiter.engine.descriptor.TestMethodTestDescriptor$$Lambda/0x00007fd9cc9fe640.execute(Unknown Source)
        at app//org.junit.platform.engine.support.hierarchical.ThrowableCollector.execute(ThrowableCollector.java:73)
        at app//org.junit.jupiter.engine.descriptor.TestMethodTestDescriptor.invokeTestMethod(TestMethodTestDescriptor.java:213)
        at app//org.junit.jupiter.engine.descriptor.TestMethodTestDescriptor.execute(TestMethodTestDescriptor.java:138)
        at app//org.junit.jupiter.engine.descriptor.TestMethodTestDescriptor.execute(TestMethodTestDescriptor.java:68)
        at app//org.junit.platform.engine.support.hierarchical.NodeTestTask.lambda$executeRecursively$6(NodeTestTask.java:156)
        at app//org.junit.platform.engine.support.hierarchical.NodeTestTask$$Lambda/0x00007fd9cc126c98.execute(Unknown Source)
        at app//org.junit.platform.engine.support.hierarchical.ThrowableCollector.execute(ThrowableCollector.java:73)
        at app//org.junit.platform.engine.support.hierarchical.NodeTestTask.lambda$executeRecursively$8(NodeTestTask.java:146)
        at app//org.junit.platform.engine.support.hierarchical.NodeTestTask$$Lambda/0x00007fd9cc126a80.invoke(Unknown Source)
        at app//org.junit.platform.engine.support.hierarchical.Node.around(Node.java:137)
        at app//org.junit.platform.engine.support.hierarchical.NodeTestTask.lambda$executeRecursively$9(NodeTestTask.java:144)
        at app//org.junit.platform.engine.support.hierarchical.NodeTestTask$$Lambda/0x00007fd9cc126678.execute(Unknown Source)
        at app//org.junit.platform.engine.support.hierarchical.ThrowableCollector.execute(ThrowableCollector.java:73)
        at app//org.junit.platform.engine.support.hierarchical.NodeTestTask.executeRecursively(NodeTestTask.java:143)
        at app//org.junit.platform.engine.support.hierarchical.NodeTestTask.execute(NodeTestTask.java:100)
        at app//org.junit.platform.engine.support.hierarchical.SameThreadHierarchicalTestExecutorService$$Lambda/0x00007fd9cc127bd0.accept(Unknown Source)
        at java.base@21.0.5/java.util.ArrayList.forEach(ArrayList.java:1596)
        at app//org.junit.platform.engine.support.hierarchical.SameThreadHierarchicalTestExecutorService.invokeAll(SameThreadHierarchicalTestExecutorService.java:41)
        at app//org.junit.platform.engine.support.hierarchical.NodeTestTask.lambda$executeRecursively$6(NodeTestTask.java:160)
        at app//org.junit.platform.engine.support.hierarchical.NodeTestTask$$Lambda/0x00007fd9cc126c98.execute(Unknown Source)
        at app//org.junit.platform.engine.support.hierarchical.ThrowableCollector.execute(ThrowableCollector.java:73)
        at app//org.junit.platform.engine.support.hierarchical.NodeTestTask.lambda$executeRecursively$8(NodeTestTask.java:146)
        at app//org.junit.platform.engine.support.hierarchical.NodeTestTask$$Lambda/0x00007fd9cc126a80.invoke(Unknown Source)
        at app//org.junit.platform.engine.support.hierarchical.Node.around(Node.java:137)
        at app//org.junit.platform.engine.support.hierarchical.NodeTestTask.lambda$executeRecursively$9(NodeTestTask.java:144)
        at app//org.junit.platform.engine.support.hierarchical.NodeTestTask$$Lambda/0x00007fd9cc126678.execute(Unknown Source)
        at app//org.junit.platform.engine.support.hierarchical.ThrowableCollector.execute(ThrowableCollector.java:73)
        at app//org.junit.platform.engine.support.hierarchical.NodeTestTask.executeRecursively(NodeTestTask.java:143)
        at app//org.junit.platform.engine.support.hierarchical.NodeTestTask.execute(NodeTestTask.java:100)
        at app//org.junit.platform.engine.support.hierarchical.SameThreadHierarchicalTestExecutorService$$Lambda/0x00007fd9cc127bd0.accept(Unknown Source)
        at java.base@21.0.5/java.util.ArrayList.forEach(ArrayList.java:1596)
        at app//org.junit.platform.engine.support.hierarchical.SameThreadHierarchicalTestExecutorService.invokeAll(SameThreadHierarchicalTestExecutorService.java:41)
        at app//org.junit.platform.engine.support.hierarchical.NodeTestTask.lambda$executeRecursively$6(NodeTestTask.java:160)
        at app//org.junit.platform.engine.support.hierarchical.NodeTestTask$$Lambda/0x00007fd9cc126c98.execute(Unknown Source)
        at app//org.junit.platform.engine.support.hierarchical.ThrowableCollector.execute(ThrowableCollector.java:73)
        at app//org.junit.platform.engine.support.hierarchical.NodeTestTask.lambda$executeRecursively$8(NodeTestTask.java:146)
        at app//org.junit.platform.engine.support.hierarchical.NodeTestTask$$Lambda/0x00007fd9cc126a80.invoke(Unknown Source)
        at app//org.junit.platform.engine.support.hierarchical.Node.around(Node.java:137)
        at app//org.junit.platform.engine.support.hierarchical.NodeTestTask.lambda$executeRecursively$9(NodeTestTask.java:144)
        at app//org.junit.platform.engine.support.hierarchical.NodeTestTask$$Lambda/0x00007fd9cc126678.execute(Unknown Source)
        at app//org.junit.platform.engine.support.hierarchical.ThrowableCollector.execute(ThrowableCollector.java:73)
        at app//org.junit.platform.engine.support.hierarchical.NodeTestTask.executeRecursively(NodeTestTask.java:143)
        at app//org.junit.platform.engine.support.hierarchical.NodeTestTask.execute(NodeTestTask.java:100)
        at app//org.junit.platform.engine.support.hierarchical.SameThreadHierarchicalTestExecutorService.submit(SameThreadHierarchicalTestExecutorService.java:35)
        at app//org.junit.platform.engine.support.hierarchical.HierarchicalTestExecutor.execute(HierarchicalTestExecutor.java:57)
        at app//org.junit.platform.engine.support.hierarchical.HierarchicalTestEngine.execute(HierarchicalTestEngine.java:54)
        at app//org.junit.platform.launcher.core.EngineExecutionOrchestrator.execute(EngineExecutionOrchestrator.java:198)
        at app//org.junit.platform.launcher.core.EngineExecutionOrchestrator.execute(EngineExecutionOrchestrator.java:169)
        at app//org.junit.platform.launcher.core.EngineExecutionOrchestrator.execute(EngineExecutionOrchestrator.java:93)
        at app//org.junit.platform.launcher.core.EngineExecutionOrchestrator.lambda$execute$0(EngineExecutionOrchestrator.java:58)
        at app//org.junit.platform.launcher.core.EngineExecutionOrchestrator$$Lambda/0x00007fd9cc0bf118.accept(Unknown Source)
        at app//org.junit.platform.launcher.core.EngineExecutionOrchestrator.withInterceptedStreams(EngineExecutionOrchestrator.java:141)
        at app//org.junit.platform.launcher.core.EngineExecutionOrchestrator.execute(EngineExecutionOrchestrator.java:57)
        at app//org.junit.platform.launcher.core.DefaultLauncher.execute(DefaultLauncher.java:103)
        at app//org.junit.platform.launcher.core.DefaultLauncher.execute(DefaultLauncher.java:85)
        at app//org.junit.platform.launcher.core.DelegatingLauncher.execute(DelegatingLauncher.java:47)
        at app//org.junit.platform.launcher.core.SessionPerRequestLauncher.execute(SessionPerRequestLauncher.java:63)
        at app//org.apache.maven.surefire.junitplatform.JUnitPlatformProvider.invokeAllTests(JUnitPlatformProvider.java:154)
        at app//org.apache.maven.surefire.junitplatform.JUnitPlatformProvider.invoke(JUnitPlatformProvider.java:123)
        at app//org.apache.maven.surefire.booter.ForkedBooter.runSuitesInProcess(ForkedBooter.java:377)
        at app//org.apache.maven.surefire.booter.ForkedBooter.execute(ForkedBooter.java:138)
        at app//org.apache.maven.surefire.booter.ForkedBooter.run(ForkedBooter.java:465)
        at app//org.apache.maven.surefire.booter.ForkedBooter.main(ForkedBooter.java:451)
"IPC Server handler 72 on default port 15000" daemon prio=5 tid=186 timed_waiting
java.lang.Thread.State: TIMED_WAITING
        at java.base@21.0.5/jdk.internal.misc.Unsafe.park(Native Method)
        at java.base@21.0.5/java.util.concurrent.locks.LockSupport.parkNanos(LockSupport.java:269)
        at java.base@21.0.5/java.util.concurrent.locks.AbstractQueuedSynchronizer$ConditionObject.awaitNanos(AbstractQueuedSynchronizer.java:1763)
        at java.base@21.0.5/java.util.concurrent.LinkedBlockingQueue.poll(LinkedBlockingQueue.java:460)
        at app//org.apache.hadoop.ipc.CallQueueManager.take(CallQueueManager.java:370)
        at app//org.apache.hadoop.ipc.Server$Handler.run(Server.java:3165)
"IPC Server handler 4 on default port 15002" daemon prio=5 tid=336 timed_waiting
java.lang.Thread.State: TIMED_WAITING
        at java.base@21.0.5/jdk.internal.misc.Unsafe.park(Native Method)
        at java.base@21.0.5/java.util.concurrent.locks.LockSupport.parkNanos(LockSupport.java:269)
        at java.base@21.0.5/java.util.concurrent.locks.AbstractQueuedSynchronizer$ConditionObject.awaitNanos(AbstractQueuedSynchronizer.java:1763)
        at java.base@21.0.5/java.util.concurrent.LinkedBlockingQueue.poll(LinkedBlockingQueue.java:460)
        at app//org.apache.hadoop.ipc.CallQueueManager.take(CallQueueManager.java:370)
        at app//org.apache.hadoop.ipc.Server$Handler.run(Server.java:3165)
"4b5ea8a3-88a5-4114-908f-7a85f39bc1cb-CloseContainerThread-1"  prio=5 tid=2423 in Object.wait()
java.lang.Thread.State: WAITING (on object monitor)
        at java.base@21.0.5/jdk.internal.misc.Unsafe.park(Native Method)
        at java.base@21.0.5/java.util.concurrent.locks.LockSupport.park(LockSupport.java:371)
        at java.base@21.0.5/java.util.concurrent.locks.AbstractQueuedSynchronizer$ConditionNode.block(AbstractQueuedSynchronizer.java:519)
        at java.base@21.0.5/java.util.concurrent.ForkJoinPool.unmanagedBlock(ForkJoinPool.java:3780)
        at java.base@21.0.5/java.util.concurrent.ForkJoinPool.managedBlock(ForkJoinPool.java:3725)
        at java.base@21.0.5/java.util.concurrent.locks.AbstractQueuedSynchronizer$ConditionObject.await(AbstractQueuedSynchronizer.java:1712)
        at java.base@21.0.5/java.util.concurrent.LinkedBlockingQueue.take(LinkedBlockingQueue.java:435)
        at java.base@21.0.5/java.util.concurrent.ThreadPoolExecutor.getTask(ThreadPoolExecutor.java:1070)
        at java.base@21.0.5/java.util.concurrent.ThreadPoolExecutor.runWorker(ThreadPoolExecutor.java:1130)
        at java.base@21.0.5/java.util.concurrent.ThreadPoolExecutor$Worker.run(ThreadPoolExecutor.java:642)
        at java.base@21.0.5/java.lang.Thread.runWith(Thread.java:1596)
        at java.base@21.0.5/java.lang.Thread.run(Thread.java:1583)
"79978ed1-1a5c-4832-b584-9e2d85f03cd7-ChunkWriter-0-0" daemon prio=5 tid=862 in Object.wait()
java.lang.Thread.State: WAITING (on object monitor)
        at java.base@21.0.5/jdk.internal.misc.Unsafe.park(Native Method)
        at java.base@21.0.5/java.util.concurrent.locks.LockSupport.park(LockSupport.java:371)
        at java.base@21.0.5/java.util.concurrent.locks.AbstractQueuedSynchronizer$ConditionNode.block(AbstractQueuedSynchronizer.java:519)
        at java.base@21.0.5/java.util.concurrent.ForkJoinPool.unmanagedBlock(ForkJoinPool.java:3780)
        at java.base@21.0.5/java.util.concurrent.ForkJoinPool.managedBlock(ForkJoinPool.java:3725)
        at java.base@21.0.5/java.util.concurrent.locks.AbstractQueuedSynchronizer$ConditionObject.await(AbstractQueuedSynchronizer.java:1712)
        at java.base@21.0.5/java.util.concurrent.LinkedBlockingDeque.takeFirst(LinkedBlockingDeque.java:485)
        at java.base@21.0.5/java.util.concurrent.LinkedBlockingDeque.take(LinkedBlockingDeque.java:673)
        at java.base@21.0.5/java.util.concurrent.ThreadPoolExecutor.getTask(ThreadPoolExecutor.java:1070)
        at java.base@21.0.5/java.util.concurrent.ThreadPoolExecutor.runWorker(ThreadPoolExecutor.java:1130)
        at java.base@21.0.5/java.util.concurrent.ThreadPoolExecutor$Worker.run(ThreadPoolExecutor.java:642)
        at java.base@21.0.5/java.lang.Thread.runWith(Thread.java:1596)
        at java.base@21.0.5/java.lang.Thread.run(Thread.java:1583)
"ContainerDataScanner(/home/runner/work/ozone/ozone/hadoop-ozone/integration-test/target/test-dir/MiniOzoneClusterImpl-19e1eff0-706f-497d-806e-bf7d4c525004/ozone-meta/datanode-10/data-0/hdds)" daemon prio=5 tid=1154 timed_waiting
java.lang.Thread.State: TIMED_WAITING
        at java.base@21.0.5/java.lang.Thread.sleep0(Native Method)
        at java.base@21.0.5/java.lang.Thread.sleep(Thread.java:509)
        at app//org.apache.hadoop.ozone.container.ozoneimpl.AbstractBackgroundContainerScanner.handleRemainingSleep(AbstractBackgroundContainerScanner.java:131)
        at app//org.apache.hadoop.ozone.container.ozoneimpl.AbstractBackgroundContainerScanner.runIteration(AbstractBackgroundContainerScanner.java:98)
        at app//org.apache.hadoop.ozone.container.ozoneimpl.AbstractBackgroundContainerScanner.run(AbstractBackgroundContainerScanner.java:57)
"IPC Server idle connection scanner for port 15030" daemon prio=5 tid=632 timed_waiting
java.lang.Thread.State: TIMED_WAITING
        at java.base@21.0.5/java.lang.Object.wait0(Native Method)
        at java.base@21.0.5/java.lang.Object.wait(Object.java:366)
        at java.base@21.0.5/java.util.TimerThread.mainLoop(Timer.java:563)
        at java.base@21.0.5/java.util.TimerThread.run(Timer.java:516)
"3296053d-9d54-4057-a6a8-67c4b6ec6587-ec-reconstruct-reader-TID-1"  prio=5 tid=2456 in Object.wait()
java.lang.Thread.State: WAITING (on object monitor)
        at java.base@21.0.5/jdk.internal.misc.Unsafe.park(Native Method)
        at java.base@21.0.5/java.util.concurrent.locks.LockSupport.park(LockSupport.java:371)
        at java.base@21.0.5/java.util.concurrent.LinkedTransferQueue$DualNode.await(LinkedTransferQueue.java:458)
        at java.base@21.0.5/java.util.concurrent.SynchronousQueue$Transferer.xferLifo(SynchronousQueue.java:194)
        at java.base@21.0.5/java.util.concurrent.SynchronousQueue.xfer(SynchronousQueue.java:235)
        at java.base@21.0.5/java.util.concurrent.SynchronousQueue.take(SynchronousQueue.java:318)
        at java.base@21.0.5/java.util.concurrent.ThreadPoolExecutor.getTask(ThreadPoolExecutor.java:1070)
        at java.base@21.0.5/java.util.concurrent.ThreadPoolExecutor.runWorker(ThreadPoolExecutor.java:1130)
        at java.base@21.0.5/java.util.concurrent.ThreadPoolExecutor$Worker.run(ThreadPoolExecutor.java:642)
        at java.base@21.0.5/java.lang.Thread.runWith(Thread.java:1596)
        at java.base@21.0.5/java.lang.Thread.run(Thread.java:1583)
"eca5a246-1f8f-493f-b50d-7eee1f2fec76@group-41854415688A->751e45cc-852a-454f-97c8-e80f2befe6f4-GrpcLogAppender-LogAppenderDaemon" daemon prio=5 tid=2196 timed_waiting
java.lang.Thread.State: TIMED_WAITING
        at java.base@21.0.5/jdk.internal.misc.Unsafe.park(Native Method)
        at java.base@21.0.5/java.util.concurrent.locks.LockSupport.parkNanos(LockSupport.java:269)
        at java.base@21.0.5/java.util.concurrent.locks.AbstractQueuedSynchronizer$ConditionObject.await(AbstractQueuedSynchronizer.java:1852)
        at app//org.apache.ratis.util.AwaitForSignal.await(AwaitForSignal.java:65)
        at app//org.apache.ratis.grpc.server.GrpcLogAppender.mayWait(GrpcLogAppender.java:290)
        at app//org.apache.ratis.grpc.server.GrpcLogAppender.run(GrpcLogAppender.java:258)
        at app//org.apache.ratis.server.leader.LogAppenderDaemon.run(LogAppenderDaemon.java:80)
        at app//org.apache.ratis.server.leader.LogAppenderDaemon$$Lambda/0x00007fd9cc91b588.run(Unknown Source)
        at java.base@21.0.5/java.lang.Thread.runWith(Thread.java:1596)
        at java.base@21.0.5/java.lang.Thread.run(Thread.java:1583)
"751e45cc-852a-454f-97c8-e80f2befe6f4@group-A6DF87581CD1-StateMachineUpdater" daemon prio=5 tid=1311 timed_waiting
java.lang.Thread.State: TIMED_WAITING
        at java.base@21.0.5/jdk.internal.misc.Unsafe.park(Native Method)
        at java.base@21.0.5/java.util.concurrent.locks.LockSupport.parkNanos(LockSupport.java:269)
        at java.base@21.0.5/java.util.concurrent.locks.AbstractQueuedSynchronizer$ConditionObject.await(AbstractQueuedSynchronizer.java:1852)
        at app//org.apache.ratis.util.AwaitForSignal.await(AwaitForSignal.java:65)
        at app//org.apache.ratis.server.impl.StateMachineUpdater.waitForCommit(StateMachineUpdater.java:219)
        at app//org.apache.ratis.server.impl.StateMachineUpdater.run(StateMachineUpdater.java:187)
        at java.base@21.0.5/java.lang.Thread.runWith(Thread.java:1596)
        at java.base@21.0.5/java.lang.Thread.run(Thread.java:1583)
"qtp1604816394-754" daemon prio=5 tid=754 timed_waiting
java.lang.Thread.State: TIMED_WAITING
        at java.base@21.0.5/jdk.internal.misc.Unsafe.park(Native Method)
        at java.base@21.0.5/java.util.concurrent.locks.LockSupport.parkNanos(LockSupport.java:269)
        at java.base@21.0.5/java.util.concurrent.locks.AbstractQueuedSynchronizer$ConditionObject.awaitNanos(AbstractQueuedSynchronizer.java:1763)
        at app//org.eclipse.jetty.util.BlockingArrayQueue.poll(BlockingArrayQueue.java:382)
        at app//org.eclipse.jetty.util.thread.QueuedThreadPool$Runner.idleJobPoll(QueuedThreadPool.java:974)
        at app//org.eclipse.jetty.util.thread.QueuedThreadPool$Runner.run(QueuedThreadPool.java:1018)
        at java.base@21.0.5/java.lang.Thread.runWith(Thread.java:1596)
        at java.base@21.0.5/java.lang.Thread.run(Thread.java:1583)
"IPC Server handler 3 on default port 15030" daemon prio=5 tid=638 timed_waiting
java.lang.Thread.State: TIMED_WAITING
        at java.base@21.0.5/jdk.internal.misc.Unsafe.park(Native Method)
        at java.base@21.0.5/java.util.concurrent.locks.LockSupport.parkNanos(LockSupport.java:269)
        at java.base@21.0.5/java.util.concurrent.locks.AbstractQueuedSynchronizer$ConditionObject.awaitNanos(AbstractQueuedSynchronizer.java:1763)
        at java.base@21.0.5/java.util.concurrent.LinkedBlockingQueue.poll(LinkedBlockingQueue.java:460)
        at app//org.apache.hadoop.ipc.CallQueueManager.take(CallQueueManager.java:370)
        at app//org.apache.hadoop.ipc.Server$Handler.run(Server.java:3165)
"4b5ea8a3-88a5-4114-908f-7a85f39bc1cb@group-AEA5E11D46FC-FollowerState" daemon prio=5 tid=1986 timed_waiting
java.lang.Thread.State: TIMED_WAITING
        at java.base@21.0.5/java.lang.Thread.sleep0(Native Method)
        at java.base@21.0.5/java.lang.Thread.sleep(Thread.java:558)
        at java.base@21.0.5/java.util.concurrent.TimeUnit.sleep(TimeUnit.java:446)
        at app//org.apache.ratis.util.TimeDuration.sleep(TimeDuration.java:353)
        at app//org.apache.ratis.util.TimeDuration.sleep(TimeDuration.java:338)
        at app//org.apache.ratis.server.impl.FollowerState.runImpl(FollowerState.java:149)
        at app//org.apache.ratis.server.impl.FollowerState.run(FollowerState.java:130)
"SCMHATransactionMonitor" daemon prio=5 tid=112 timed_waiting
java.lang.Thread.State: TIMED_WAITING
        at java.base@21.0.5/java.lang.Object.wait0(Native Method)
        at java.base@21.0.5/java.lang.Object.wait(Unknown Source)
        at app//org.apache.hadoop.hdds.scm.ha.BackgroundSCMService.run(BackgroundSCMService.java:107)
        at app//org.apache.hadoop.hdds.scm.ha.BackgroundSCMService$$Lambda/0x00007fd9cc4a86a0.run(Unknown Source)
        at java.base@21.0.5/java.lang.Thread.runWith(Thread.java:1596)
        at java.base@21.0.5/java.lang.Thread.run(Thread.java:1583)
"EventQueue-StaleNodeForStaleNodeHandler" daemon prio=5 tid=1165 in Object.wait()
java.lang.Thread.State: WAITING (on object monitor)
        at java.base@21.0.5/jdk.internal.misc.Unsafe.park(Native Method)
        at java.base@21.0.5/java.util.concurrent.locks.LockSupport.park(LockSupport.java:371)
        at java.base@21.0.5/java.util.concurrent.locks.AbstractQueuedSynchronizer$ConditionNode.block(AbstractQueuedSynchronizer.java:519)
        at java.base@21.0.5/java.util.concurrent.ForkJoinPool.unmanagedBlock(ForkJoinPool.java:3780)
        at java.base@21.0.5/java.util.concurrent.ForkJoinPool.managedBlock(ForkJoinPool.java:3725)
        at java.base@21.0.5/java.util.concurrent.locks.AbstractQueuedSynchronizer$ConditionObject.await(AbstractQueuedSynchronizer.java:1712)
        at java.base@21.0.5/java.util.concurrent.LinkedBlockingQueue.take(LinkedBlockingQueue.java:435)
        at java.base@21.0.5/java.util.concurrent.ThreadPoolExecutor.getTask(ThreadPoolExecutor.java:1070)
        at java.base@21.0.5/java.util.concurrent.ThreadPoolExecutor.runWorker(ThreadPoolExecutor.java:1130)
        at java.base@21.0.5/java.util.concurrent.ThreadPoolExecutor$Worker.run(ThreadPoolExecutor.java:642)
        at java.base@21.0.5/java.lang.Thread.runWith(Thread.java:1596)
        at java.base@21.0.5/java.lang.Thread.run(Thread.java:1583)
"IPC Server handler 8 on default port 15002" daemon prio=5 tid=340 timed_waiting
java.lang.Thread.State: TIMED_WAITING
        at java.base@21.0.5/jdk.internal.misc.Unsafe.park(Native Method)
        at java.base@21.0.5/java.util.concurrent.locks.LockSupport.parkNanos(LockSupport.java:269)
        at java.base@21.0.5/java.util.concurrent.locks.AbstractQueuedSynchronizer$ConditionObject.awaitNanos(AbstractQueuedSynchronizer.java:1763)
        at java.base@21.0.5/java.util.concurrent.LinkedBlockingQueue.poll(LinkedBlockingQueue.java:460)
        at app//org.apache.hadoop.ipc.CallQueueManager.take(CallQueueManager.java:370)
        at app//org.apache.hadoop.ipc.Server$Handler.run(Server.java:3165)
"Socket Reader #9 for port 15048"  prio=5 tid=722 runnable
java.lang.Thread.State: RUNNABLE
        at java.base@21.0.5/sun.nio.ch.EPoll.wait(Native Method)
        at java.base@21.0.5/sun.nio.ch.EPollSelectorImpl.doSelect(EPollSelectorImpl.java:121)
        at java.base@21.0.5/sun.nio.ch.SelectorImpl.lockAndDoSelect(SelectorImpl.java:130)
        at java.base@21.0.5/sun.nio.ch.SelectorImpl.select(SelectorImpl.java:147)
        at app//org.apache.hadoop.ipc.Server$Listener$Reader.doRunLoop(Server.java:1497)
        at app//org.apache.hadoop.ipc.Server$Listener$Reader.run(Server.java:1476)
"EventQueue-DatanodeCommandForSCMNodeManager"  prio=5 tid=1094 in Object.wait()
java.lang.Thread.State: WAITING (on object monitor)
        at java.base@21.0.5/jdk.internal.misc.Unsafe.park(Native Method)
        at java.base@21.0.5/java.util.concurrent.locks.LockSupport.park(LockSupport.java:371)
        at java.base@21.0.5/java.util.concurrent.locks.AbstractQueuedSynchronizer$ConditionNode.block(AbstractQueuedSynchronizer.java:519)
        at java.base@21.0.5/java.util.concurrent.ForkJoinPool.unmanagedBlock(ForkJoinPool.java:3780)
        at java.base@21.0.5/java.util.concurrent.ForkJoinPool.managedBlock(ForkJoinPool.java:3725)
        at java.base@21.0.5/java.util.concurrent.locks.AbstractQueuedSynchronizer$ConditionObject.await(AbstractQueuedSynchronizer.java:1712)
        at java.base@21.0.5/java.util.concurrent.LinkedBlockingQueue.take(LinkedBlockingQueue.java:435)
        at java.base@21.0.5/java.util.concurrent.ThreadPoolExecutor.getTask(ThreadPoolExecutor.java:1070)
        at java.base@21.0.5/java.util.concurrent.ThreadPoolExecutor.runWorker(ThreadPoolExecutor.java:1130)
        at java.base@21.0.5/java.util.concurrent.ThreadPoolExecutor$Worker.run(ThreadPoolExecutor.java:642)
        at java.base@21.0.5/java.lang.Thread.runWith(Thread.java:1596)
        at java.base@21.0.5/java.lang.Thread.run(Thread.java:1583)
"IPC Server handler 7 on default port 15030" daemon prio=5 tid=642 timed_waiting
java.lang.Thread.State: TIMED_WAITING
        at java.base@21.0.5/jdk.internal.misc.Unsafe.park(Native Method)
        at java.base@21.0.5/java.util.concurrent.locks.LockSupport.parkNanos(LockSupport.java:269)
        at java.base@21.0.5/java.util.concurrent.locks.AbstractQueuedSynchronizer$ConditionObject.awaitNanos(AbstractQueuedSynchronizer.java:1763)
        at java.base@21.0.5/java.util.concurrent.LinkedBlockingQueue.poll(LinkedBlockingQueue.java:460)
        at app//org.apache.hadoop.ipc.CallQueueManager.take(CallQueueManager.java:370)
        at app//org.apache.hadoop.ipc.Server$Handler.run(Server.java:3165)
"b6b79d51-52d7-4711-a690-06a51533978a-DatanodeStateMachineTaskThread-1"  prio=5 tid=1050 in Object.wait()
java.lang.Thread.State: WAITING (on object monitor)
        at java.base@21.0.5/jdk.internal.misc.Unsafe.park(Native Method)
        at java.base@21.0.5/java.util.concurrent.locks.LockSupport.park(LockSupport.java:371)
        at java.base@21.0.5/java.util.concurrent.locks.AbstractQueuedSynchronizer$ConditionNode.block(AbstractQueuedSynchronizer.java:519)
        at java.base@21.0.5/java.util.concurrent.ForkJoinPool.unmanagedBlock(ForkJoinPool.java:3780)
        at java.base@21.0.5/java.util.concurrent.ForkJoinPool.managedBlock(ForkJoinPool.java:3725)
        at java.base@21.0.5/java.util.concurrent.locks.AbstractQueuedSynchronizer$ConditionObject.await(AbstractQueuedSynchronizer.java:1712)
        at java.base@21.0.5/java.util.concurrent.LinkedBlockingQueue.take(LinkedBlockingQueue.java:435)
        at java.base@21.0.5/java.util.concurrent.ThreadPoolExecutor.getTask(ThreadPoolExecutor.java:1070)
        at java.base@21.0.5/java.util.concurrent.ThreadPoolExecutor.runWorker(ThreadPoolExecutor.java:1130)
        at java.base@21.0.5/java.util.concurrent.ThreadPoolExecutor$Worker.run(ThreadPoolExecutor.java:642)
        at java.base@21.0.5/java.lang.Thread.runWith(Thread.java:1596)
        at java.base@21.0.5/java.lang.Thread.run(Thread.java:1583)
"IPC Server handler 5 on default port 15001" daemon prio=5 tid=219 timed_waiting
java.lang.Thread.State: TIMED_WAITING
        at java.base@21.0.5/jdk.internal.misc.Unsafe.park(Native Method)
        at java.base@21.0.5/java.util.concurrent.locks.LockSupport.parkNanos(LockSupport.java:269)
        at java.base@21.0.5/java.util.concurrent.locks.AbstractQueuedSynchronizer$ConditionObject.awaitNanos(AbstractQueuedSynchronizer.java:1763)
        at java.base@21.0.5/java.util.concurrent.LinkedBlockingQueue.poll(LinkedBlockingQueue.java:460)
        at app//org.apache.hadoop.ipc.CallQueueManager.take(CallQueueManager.java:370)
        at app//org.apache.hadoop.ipc.Server$Handler.run(Server.java:3165)
"IPC Server Responder" daemon prio=5 tid=633 runnable
java.lang.Thread.State: RUNNABLE
        at java.base@21.0.5/sun.nio.ch.EPoll.wait(Native Method)
        at java.base@21.0.5/sun.nio.ch.EPollSelectorImpl.doSelect(EPollSelectorImpl.java:121)
        at java.base@21.0.5/sun.nio.ch.SelectorImpl.lockAndDoSelect(SelectorImpl.java:130)
        at java.base@21.0.5/sun.nio.ch.SelectorImpl.select(SelectorImpl.java:142)
        at app//org.apache.hadoop.ipc.Server$Responder.doRunLoop(Server.java:1733)
        at app//org.apache.hadoop.ipc.Server$Responder.run(Server.java:1716)
"Socket Reader #5 for port 15048"  prio=5 tid=718 runnable
java.lang.Thread.State: RUNNABLE
        at java.base@21.0.5/sun.nio.ch.EPoll.wait(Native Method)
        at java.base@21.0.5/sun.nio.ch.EPollSelectorImpl.doSelect(EPollSelectorImpl.java:121)
        at java.base@21.0.5/sun.nio.ch.SelectorImpl.lockAndDoSelect(SelectorImpl.java:130)
        at java.base@21.0.5/sun.nio.ch.SelectorImpl.select(SelectorImpl.java:147)
        at app//org.apache.hadoop.ipc.Server$Listener$Reader.doRunLoop(Server.java:1497)
        at app//org.apache.hadoop.ipc.Server$Listener$Reader.run(Server.java:1476)
"qtp1967404553-707" daemon prio=5 tid=707 timed_waiting
java.lang.Thread.State: TIMED_WAITING
        at java.base@21.0.5/jdk.internal.misc.Unsafe.park(Native Method)
        at java.base@21.0.5/java.util.concurrent.locks.LockSupport.parkNanos(LockSupport.java:269)
        at java.base@21.0.5/java.util.concurrent.locks.AbstractQueuedSynchronizer$ConditionObject.awaitNanos(AbstractQueuedSynchronizer.java:1763)
        at app//org.eclipse.jetty.util.BlockingArrayQueue.poll(BlockingArrayQueue.java:382)
        at app//org.eclipse.jetty.util.thread.QueuedThreadPool$Runner.idleJobPoll(QueuedThreadPool.java:974)
        at app//org.eclipse.jetty.util.thread.QueuedThreadPool$Runner.run(QueuedThreadPool.java:1018)
        at java.base@21.0.5/java.lang.Thread.runWith(Thread.java:1596)
        at java.base@21.0.5/java.lang.Thread.run(Thread.java:1583)
"IPC Server handler 1 on default port 15006" daemon prio=5 tid=492 timed_waiting
java.lang.Thread.State: TIMED_WAITING
        at java.base@21.0.5/jdk.internal.misc.Unsafe.park(Native Method)
        at java.base@21.0.5/java.util.concurrent.locks.LockSupport.parkNanos(LockSupport.java:269)
        at java.base@21.0.5/java.util.concurrent.locks.AbstractQueuedSynchronizer$ConditionObject.awaitNanos(AbstractQueuedSynchronizer.java:1763)
        at java.base@21.0.5/java.util.concurrent.LinkedBlockingQueue.poll(LinkedBlockingQueue.java:460)
        at app//org.apache.hadoop.ipc.CallQueueManager.take(CallQueueManager.java:370)
        at app//org.apache.hadoop.ipc.Server$Handler.run(Server.java:3165)
"IPC Server handler 3 on default port 15093" daemon prio=5 tid=1018 timed_waiting
java.lang.Thread.State: TIMED_WAITING
        at java.base@21.0.5/jdk.internal.misc.Unsafe.park(Native Method)
        at java.base@21.0.5/java.util.concurrent.locks.LockSupport.parkNanos(LockSupport.java:269)
        at java.base@21.0.5/java.util.concurrent.locks.AbstractQueuedSynchronizer$ConditionObject.awaitNanos(AbstractQueuedSynchronizer.java:1763)
        at java.base@21.0.5/java.util.concurrent.LinkedBlockingQueue.poll(LinkedBlockingQueue.java:460)
        at app//org.apache.hadoop.ipc.CallQueueManager.take(CallQueueManager.java:370)
        at app//org.apache.hadoop.ipc.Server$Handler.run(Server.java:3165)
"26f755b0-b4b1-4239-8401-e418fca9ef4b@group-5DFB2FDE8AB3-cacheEviction-AwaitToRun" daemon prio=5 tid=2631 in Object.wait()
java.lang.Thread.State: WAITING (on object monitor)
        at java.base@21.0.5/jdk.internal.misc.Unsafe.park(Native Method)
        at java.base@21.0.5/java.util.concurrent.locks.LockSupport.park(LockSupport.java:371)
        at java.base@21.0.5/java.util.concurrent.locks.AbstractQueuedSynchronizer$ConditionNode.block(AbstractQueuedSynchronizer.java:519)
        at java.base@21.0.5/java.util.concurrent.ForkJoinPool.unmanagedBlock(ForkJoinPool.java:3780)
        at java.base@21.0.5/java.util.concurrent.ForkJoinPool.managedBlock(ForkJoinPool.java:3725)
        at java.base@21.0.5/java.util.concurrent.locks.AbstractQueuedSynchronizer$ConditionObject.await(AbstractQueuedSynchronizer.java:1712)
        at app//org.apache.ratis.util.AwaitForSignal.await(AwaitForSignal.java:48)
        at app//org.apache.ratis.util.AwaitToRun$RunnableImpl.run(AwaitToRun.java:47)
        at java.base@21.0.5/java.lang.Thread.runWith(Thread.java:1596)
        at java.base@21.0.5/java.lang.Thread.run(Thread.java:1583)
"4b5ea8a3-88a5-4114-908f-7a85f39bc1cb-BlockDeletingService#3" daemon prio=5 tid=2907 in Object.wait()
java.lang.Thread.State: WAITING (on object monitor)
        at java.base@21.0.5/jdk.internal.misc.Unsafe.park(Native Method)
        at java.base@21.0.5/java.util.concurrent.locks.LockSupport.park(LockSupport.java:371)
        at java.base@21.0.5/java.util.concurrent.locks.AbstractQueuedSynchronizer$ConditionNode.block(AbstractQueuedSynchronizer.java:519)
        at java.base@21.0.5/java.util.concurrent.ForkJoinPool.unmanagedBlock(ForkJoinPool.java:3780)
        at java.base@21.0.5/java.util.concurrent.ForkJoinPool.managedBlock(ForkJoinPool.java:3725)
        at java.base@21.0.5/java.util.concurrent.locks.AbstractQueuedSynchronizer$ConditionObject.await(AbstractQueuedSynchronizer.java:1712)
        at java.base@21.0.5/java.util.concurrent.ScheduledThreadPoolExecutor$DelayedWorkQueue.take(ScheduledThreadPoolExecutor.java:1177)
        at java.base@21.0.5/java.util.concurrent.ScheduledThreadPoolExecutor$DelayedWorkQueue.take(ScheduledThreadPoolExecutor.java:899)
        at java.base@21.0.5/java.util.concurrent.ThreadPoolExecutor.getTask(ThreadPoolExecutor.java:1070)
        at java.base@21.0.5/java.util.concurrent.ThreadPoolExecutor.runWorker(ThreadPoolExecutor.java:1130)
        at java.base@21.0.5/java.util.concurrent.ThreadPoolExecutor$Worker.run(ThreadPoolExecutor.java:642)
        at java.base@21.0.5/java.lang.Thread.runWith(Thread.java:1596)
        at java.base@21.0.5/java.lang.Thread.run(Thread.java:1583)
"IPC Server handler 39 on default port 15001" daemon prio=5 tid=253 timed_waiting
java.lang.Thread.State: TIMED_WAITING
        at java.base@21.0.5/jdk.internal.misc.Unsafe.park(Native Method)
        at java.base@21.0.5/java.util.concurrent.locks.LockSupport.parkNanos(LockSupport.java:269)
        at java.base@21.0.5/java.util.concurrent.locks.AbstractQueuedSynchronizer$ConditionObject.awaitNanos(AbstractQueuedSynchronizer.java:1763)
        at java.base@21.0.5/java.util.concurrent.LinkedBlockingQueue.poll(LinkedBlockingQueue.java:460)
        at app//org.apache.hadoop.ipc.CallQueueManager.take(CallQueueManager.java:370)
        at app//org.apache.hadoop.ipc.Server$Handler.run(Server.java:3165)
"Socket Reader #6 for port 15057"  prio=5 tid=765 runnable
java.lang.Thread.State: RUNNABLE
        at java.base@21.0.5/sun.nio.ch.EPoll.wait(Native Method)
        at java.base@21.0.5/sun.nio.ch.EPollSelectorImpl.doSelect(EPollSelectorImpl.java:121)
        at java.base@21.0.5/sun.nio.ch.SelectorImpl.lockAndDoSelect(SelectorImpl.java:130)
        at java.base@21.0.5/sun.nio.ch.SelectorImpl.select(SelectorImpl.java:147)
        at app//org.apache.hadoop.ipc.Server$Listener$Reader.doRunLoop(Server.java:1497)
        at app//org.apache.hadoop.ipc.Server$Listener$Reader.run(Server.java:1476)
"26f755b0-b4b1-4239-8401-e418fca9ef4b@group-5DFB2FDE8AB3-SegmentedRaftLogWorker"  prio=5 tid=2632 timed_waiting
java.lang.Thread.State: TIMED_WAITING
        at java.base@21.0.5/jdk.internal.misc.Unsafe.park(Native Method)
        at java.base@21.0.5/java.util.concurrent.locks.LockSupport.parkNanos(LockSupport.java:269)
        at java.base@21.0.5/java.util.concurrent.locks.AbstractQueuedSynchronizer$ConditionObject.awaitNanos(AbstractQueuedSynchronizer.java:1763)
        at app//org.apache.ratis.util.DataBlockingQueue.poll(DataBlockingQueue.java:148)
        at app//org.apache.ratis.server.raftlog.segmented.SegmentedRaftLogWorker.run(SegmentedRaftLogWorker.java:307)
        at app//org.apache.ratis.server.raftlog.segmented.SegmentedRaftLogWorker$$Lambda/0x00007fd9cc334298.run(Unknown Source)
        at java.base@21.0.5/java.util.concurrent.Executors$RunnableAdapter.call(Executors.java:572)
        at java.base@21.0.5/java.util.concurrent.FutureTask.run(FutureTask.java:317)
        at java.base@21.0.5/java.util.concurrent.ThreadPoolExecutor.runWorker(ThreadPoolExecutor.java:1144)
        at java.base@21.0.5/java.util.concurrent.ThreadPoolExecutor$Worker.run(ThreadPoolExecutor.java:642)
        at java.base@21.0.5/java.lang.Thread.runWith(Thread.java:1596)
        at java.base@21.0.5/java.lang.Thread.run(Thread.java:1583)
"FixedThreadPoolWithAffinityExecutor-2-0" daemon prio=5 tid=99 timed_waiting
java.lang.Thread.State: TIMED_WAITING
        at java.base@21.0.5/jdk.internal.misc.Unsafe.park(Native Method)
        at java.base@21.0.5/java.util.concurrent.locks.LockSupport.parkNanos(LockSupport.java:269)
        at java.base@21.0.5/java.util.concurrent.locks.AbstractQueuedSynchronizer$ConditionObject.awaitNanos(AbstractQueuedSynchronizer.java:1763)
        at java.base@21.0.5/java.util.concurrent.LinkedBlockingQueue.poll(LinkedBlockingQueue.java:460)
        at app//org.apache.hadoop.hdds.scm.server.ContainerReportQueue.poll(ContainerReportQueue.java:269)
        at app//org.apache.hadoop.hdds.scm.server.ContainerReportQueue.poll(ContainerReportQueue.java:42)
        at app//org.apache.hadoop.hdds.server.events.FixedThreadPoolWithAffinityExecutor$ContainerReportProcessTask.run(FixedThreadPoolWithAffinityExecutor.java:253)
        at java.base@21.0.5/java.util.concurrent.Executors$RunnableAdapter.call(Executors.java:572)
        at java.base@21.0.5/java.util.concurrent.FutureTask.run(FutureTask.java:317)
        at java.base@21.0.5/java.util.concurrent.ThreadPoolExecutor.runWorker(ThreadPoolExecutor.java:1144)
        at java.base@21.0.5/java.util.concurrent.ThreadPoolExecutor$Worker.run(ThreadPoolExecutor.java:642)
        at java.base@21.0.5/java.lang.Thread.runWith(Thread.java:1596)
        at java.base@21.0.5/java.lang.Thread.run(Thread.java:1583)
"IPC Server handler 9 on default port 15039" daemon prio=5 tid=690 timed_waiting
java.lang.Thread.State: TIMED_WAITING
        at java.base@21.0.5/jdk.internal.misc.Unsafe.park(Native Method)
        at java.base@21.0.5/java.util.concurrent.locks.LockSupport.parkNanos(LockSupport.java:269)
        at java.base@21.0.5/java.util.concurrent.locks.AbstractQueuedSynchronizer$ConditionObject.awaitNanos(AbstractQueuedSynchronizer.java:1763)
        at java.base@21.0.5/java.util.concurrent.LinkedBlockingQueue.poll(LinkedBlockingQueue.java:460)
        at app//org.apache.hadoop.ipc.CallQueueManager.take(CallQueueManager.java:370)
        at app//org.apache.hadoop.ipc.Server$Handler.run(Server.java:3165)
"IPC Server handler 8 on default port 15075" daemon prio=5 tid=2513 timed_waiting
java.lang.Thread.State: TIMED_WAITING
        at java.base@21.0.5/jdk.internal.misc.Unsafe.park(Native Method)
        at java.base@21.0.5/java.util.concurrent.locks.LockSupport.parkNanos(LockSupport.java:269)
        at java.base@21.0.5/java.util.concurrent.locks.AbstractQueuedSynchronizer$ConditionObject.awaitNanos(AbstractQueuedSynchronizer.java:1763)
        at java.base@21.0.5/java.util.concurrent.LinkedBlockingQueue.poll(LinkedBlockingQueue.java:460)
        at app//org.apache.hadoop.ipc.CallQueueManager.take(CallQueueManager.java:370)
        at app//org.apache.hadoop.ipc.Server$Handler.run(Server.java:3165)
"grpc-default-worker-ELG-3-4" daemon prio=5 tid=1184 runnable
java.lang.Thread.State: RUNNABLE
        at app//org.apache.ratis.thirdparty.io.netty.channel.epoll.Native.epollWait0(Native Method)
        at app//org.apache.ratis.thirdparty.io.netty.channel.epoll.Native.epollWait(Native.java:193)
        at app//org.apache.ratis.thirdparty.io.netty.channel.epoll.EpollEventLoop.epollWait(EpollEventLoop.java:304)
        at app//org.apache.ratis.thirdparty.io.netty.channel.epoll.EpollEventLoop.run(EpollEventLoop.java:368)
        at app//org.apache.ratis.thirdparty.io.netty.util.concurrent.SingleThreadEventExecutor$4.run(SingleThreadEventExecutor.java:997)
        at app//org.apache.ratis.thirdparty.io.netty.util.internal.ThreadExecutorMap$2.run(ThreadExecutorMap.java:74)
        at app//org.apache.ratis.thirdparty.io.netty.util.concurrent.FastThreadLocalRunnable.run(FastThreadLocalRunnable.java:30)
        at java.base@21.0.5/java.lang.Thread.runWith(Thread.java:1596)
        at java.base@21.0.5/java.lang.Thread.run(Thread.java:1583)
"751e45cc-852a-454f-97c8-e80f2befe6f4-server-thread3" daemon prio=5 tid=1933 timed_waiting
java.lang.Thread.State: TIMED_WAITING
        at java.base@21.0.5/jdk.internal.misc.Unsafe.park(Native Method)
        at java.base@21.0.5/java.util.concurrent.locks.LockSupport.parkNanos(LockSupport.java:410)
        at java.base@21.0.5/java.util.concurrent.LinkedTransferQueue$DualNode.await(LinkedTransferQueue.java:452)
        at java.base@21.0.5/java.util.concurrent.SynchronousQueue$Transferer.xferLifo(SynchronousQueue.java:194)
        at java.base@21.0.5/java.util.concurrent.SynchronousQueue.xfer(SynchronousQueue.java:235)
        at java.base@21.0.5/java.util.concurrent.SynchronousQueue.poll(SynchronousQueue.java:338)
        at java.base@21.0.5/java.util.concurrent.ThreadPoolExecutor.getTask(ThreadPoolExecutor.java:1069)
        at java.base@21.0.5/java.util.concurrent.ThreadPoolExecutor.runWorker(ThreadPoolExecutor.java:1130)
        at java.base@21.0.5/java.util.concurrent.ThreadPoolExecutor$Worker.run(ThreadPoolExecutor.java:642)
        at java.base@21.0.5/java.lang.Thread.runWith(Thread.java:1596)
        at java.base@21.0.5/java.lang.Thread.run(Thread.java:1583)
"StaleRecoveringContainerScrubbingService#6" daemon prio=5 tid=2849 in Object.wait()
java.lang.Thread.State: WAITING (on object monitor)
        at java.base@21.0.5/jdk.internal.misc.Unsafe.park(Native Method)
        at java.base@21.0.5/java.util.concurrent.locks.LockSupport.park(LockSupport.java:371)
        at java.base@21.0.5/java.util.concurrent.locks.AbstractQueuedSynchronizer$ConditionNode.block(AbstractQueuedSynchronizer.java:519)
        at java.base@21.0.5/java.util.concurrent.ForkJoinPool.unmanagedBlock(ForkJoinPool.java:3780)
        at java.base@21.0.5/java.util.concurrent.ForkJoinPool.managedBlock(ForkJoinPool.java:3725)
        at java.base@21.0.5/java.util.concurrent.locks.AbstractQueuedSynchronizer$ConditionObject.await(AbstractQueuedSynchronizer.java:1712)
        at java.base@21.0.5/java.util.concurrent.ScheduledThreadPoolExecutor$DelayedWorkQueue.take(ScheduledThreadPoolExecutor.java:1177)
        at java.base@21.0.5/java.util.concurrent.ScheduledThreadPoolExecutor$DelayedWorkQueue.take(ScheduledThreadPoolExecutor.java:899)
        at java.base@21.0.5/java.util.concurrent.ThreadPoolExecutor.getTask(ThreadPoolExecutor.java:1070)
        at java.base@21.0.5/java.util.concurrent.ThreadPoolExecutor.runWorker(ThreadPoolExecutor.java:1130)
        at java.base@21.0.5/java.util.concurrent.ThreadPoolExecutor$Worker.run(ThreadPoolExecutor.java:642)
        at java.base@21.0.5/java.lang.Thread.runWith(Thread.java:1596)
        at java.base@21.0.5/java.lang.Thread.run(Thread.java:1583)
"b6b79d51-52d7-4711-a690-06a51533978a-ChunkReader-5" daemon prio=5 tid=2874 in Object.wait()
java.lang.Thread.State: WAITING (on object monitor)
        at java.base@21.0.5/jdk.internal.misc.Unsafe.park(Native Method)
        at java.base@21.0.5/java.util.concurrent.locks.LockSupport.park(LockSupport.java:371)
        at java.base@21.0.5/java.util.concurrent.locks.AbstractQueuedSynchronizer$ConditionNode.block(AbstractQueuedSynchronizer.java:519)
        at java.base@21.0.5/java.util.concurrent.ForkJoinPool.unmanagedBlock(ForkJoinPool.java:3780)
        at java.base@21.0.5/java.util.concurrent.ForkJoinPool.managedBlock(ForkJoinPool.java:3725)
        at java.base@21.0.5/java.util.concurrent.locks.AbstractQueuedSynchronizer$ConditionObject.await(AbstractQueuedSynchronizer.java:1712)
        at java.base@21.0.5/java.util.concurrent.LinkedBlockingQueue.take(LinkedBlockingQueue.java:435)
        at java.base@21.0.5/java.util.concurrent.ThreadPoolExecutor.getTask(ThreadPoolExecutor.java:1070)
        at java.base@21.0.5/java.util.concurrent.ThreadPoolExecutor.runWorker(ThreadPoolExecutor.java:1130)
        at java.base@21.0.5/java.util.concurrent.ThreadPoolExecutor$Worker.run(ThreadPoolExecutor.java:642)
        at java.base@21.0.5/java.lang.Thread.runWith(Thread.java:1596)
        at java.base@21.0.5/java.lang.Thread.run(Thread.java:1583)
"StaleRecoveringContainerScrubbingService#6" daemon prio=5 tid=2837 in Object.wait()
java.lang.Thread.State: WAITING (on object monitor)
        at java.base@21.0.5/jdk.internal.misc.Unsafe.park(Native Method)
        at java.base@21.0.5/java.util.concurrent.locks.LockSupport.park(LockSupport.java:371)
        at java.base@21.0.5/java.util.concurrent.locks.AbstractQueuedSynchronizer$ConditionNode.block(AbstractQueuedSynchronizer.java:519)
        at java.base@21.0.5/java.util.concurrent.ForkJoinPool.unmanagedBlock(ForkJoinPool.java:3780)
        at java.base@21.0.5/java.util.concurrent.ForkJoinPool.managedBlock(ForkJoinPool.java:3725)
        at java.base@21.0.5/java.util.concurrent.locks.AbstractQueuedSynchronizer$ConditionObject.await(AbstractQueuedSynchronizer.java:1712)
        at java.base@21.0.5/java.util.concurrent.ScheduledThreadPoolExecutor$DelayedWorkQueue.take(ScheduledThreadPoolExecutor.java:1177)
        at java.base@21.0.5/java.util.concurrent.ScheduledThreadPoolExecutor$DelayedWorkQueue.take(ScheduledThreadPoolExecutor.java:899)
        at java.base@21.0.5/java.util.concurrent.ThreadPoolExecutor.getTask(ThreadPoolExecutor.java:1070)
        at java.base@21.0.5/java.util.concurrent.ThreadPoolExecutor.runWorker(ThreadPoolExecutor.java:1130)
        at java.base@21.0.5/java.util.concurrent.ThreadPoolExecutor$Worker.run(ThreadPoolExecutor.java:642)
        at java.base@21.0.5/java.lang.Thread.runWith(Thread.java:1596)
        at java.base@21.0.5/java.lang.Thread.run(Thread.java:1583)
"Socket Reader #2 for port 15057"  prio=5 tid=761 runnable
java.lang.Thread.State: RUNNABLE
        at java.base@21.0.5/sun.nio.ch.EPoll.wait(Native Method)
        at java.base@21.0.5/sun.nio.ch.EPollSelectorImpl.doSelect(EPollSelectorImpl.java:121)
        at java.base@21.0.5/sun.nio.ch.SelectorImpl.lockAndDoSelect(SelectorImpl.java:130)
        at java.base@21.0.5/sun.nio.ch.SelectorImpl.select(SelectorImpl.java:147)
        at app//org.apache.hadoop.ipc.Server$Listener$Reader.doRunLoop(Server.java:1497)
        at app//org.apache.hadoop.ipc.Server$Listener$Reader.run(Server.java:1476)
"79978ed1-1a5c-4832-b584-9e2d85f03cd7-ChunkReader-ELG-0" daemon prio=5 tid=867 runnable
java.lang.Thread.State: RUNNABLE
        at app//org.apache.ratis.thirdparty.io.netty.channel.epoll.Native.epollWait0(Native Method)
        at app//org.apache.ratis.thirdparty.io.netty.channel.epoll.Native.epollWait(Native.java:193)
        at app//org.apache.ratis.thirdparty.io.netty.channel.epoll.EpollEventLoop.epollWait(EpollEventLoop.java:304)
        at app//org.apache.ratis.thirdparty.io.netty.channel.epoll.EpollEventLoop.run(EpollEventLoop.java:368)
        at app//org.apache.ratis.thirdparty.io.netty.util.concurrent.SingleThreadEventExecutor$4.run(SingleThreadEventExecutor.java:997)
        at app//org.apache.ratis.thirdparty.io.netty.util.internal.ThreadExecutorMap$2.run(ThreadExecutorMap.java:74)
        at java.base@21.0.5/java.lang.Thread.runWith(Thread.java:1596)
        at java.base@21.0.5/java.lang.Thread.run(Thread.java:1583)
"IPC Server handler 63 on default port 15001" daemon prio=5 tid=277 timed_waiting
java.lang.Thread.State: TIMED_WAITING
        at java.base@21.0.5/jdk.internal.misc.Unsafe.park(Native Method)
        at java.base@21.0.5/java.util.concurrent.locks.LockSupport.parkNanos(LockSupport.java:269)
        at java.base@21.0.5/java.util.concurrent.locks.AbstractQueuedSynchronizer$ConditionObject.awaitNanos(AbstractQueuedSynchronizer.java:1763)
        at java.base@21.0.5/java.util.concurrent.LinkedBlockingQueue.poll(LinkedBlockingQueue.java:460)
        at app//org.apache.hadoop.ipc.CallQueueManager.take(CallQueueManager.java:370)
        at app//org.apache.hadoop.ipc.Server$Handler.run(Server.java:3165)
"eca5a246-1f8f-493f-b50d-7eee1f2fec76-server-thread1" daemon prio=5 tid=2298 timed_waiting
java.lang.Thread.State: TIMED_WAITING
        at java.base@21.0.5/jdk.internal.misc.Unsafe.park(Native Method)
        at java.base@21.0.5/java.util.concurrent.locks.LockSupport.parkNanos(LockSupport.java:410)
        at java.base@21.0.5/java.util.concurrent.LinkedTransferQueue$DualNode.await(LinkedTransferQueue.java:452)
        at java.base@21.0.5/java.util.concurrent.SynchronousQueue$Transferer.xferLifo(SynchronousQueue.java:194)
        at java.base@21.0.5/java.util.concurrent.SynchronousQueue.xfer(SynchronousQueue.java:235)
        at java.base@21.0.5/java.util.concurrent.SynchronousQueue.poll(SynchronousQueue.java:338)
        at java.base@21.0.5/java.util.concurrent.ThreadPoolExecutor.getTask(ThreadPoolExecutor.java:1069)
        at java.base@21.0.5/java.util.concurrent.ThreadPoolExecutor.runWorker(ThreadPoolExecutor.java:1130)
        at java.base@21.0.5/java.util.concurrent.ThreadPoolExecutor$Worker.run(ThreadPoolExecutor.java:642)
        at java.base@21.0.5/java.lang.Thread.runWith(Thread.java:1596)
        at java.base@21.0.5/java.lang.Thread.run(Thread.java:1583)
"IPC Server handler 16 on default port 15001" daemon prio=5 tid=230 timed_waiting
java.lang.Thread.State: TIMED_WAITING
        at java.base@21.0.5/jdk.internal.misc.Unsafe.park(Native Method)
        at java.base@21.0.5/java.util.concurrent.locks.LockSupport.parkNanos(LockSupport.java:269)
        at java.base@21.0.5/java.util.concurrent.locks.AbstractQueuedSynchronizer$ConditionObject.awaitNanos(AbstractQueuedSynchronizer.java:1763)
        at java.base@21.0.5/java.util.concurrent.LinkedBlockingQueue.poll(LinkedBlockingQueue.java:460)
        at app//org.apache.hadoop.ipc.CallQueueManager.take(CallQueueManager.java:370)
        at app//org.apache.hadoop.ipc.Server$Handler.run(Server.java:3165)
"b6b79d51-52d7-4711-a690-06a51533978a-PeriodicHDDSVolumeChecker" daemon prio=5 tid=1053 timed_waiting
java.lang.Thread.State: TIMED_WAITING
        at java.base@21.0.5/jdk.internal.misc.Unsafe.park(Native Method)
        at java.base@21.0.5/java.util.concurrent.locks.LockSupport.parkNanos(LockSupport.java:269)
        at java.base@21.0.5/java.util.concurrent.locks.AbstractQueuedSynchronizer$ConditionObject.awaitNanos(AbstractQueuedSynchronizer.java:1763)
        at java.base@21.0.5/java.util.concurrent.ScheduledThreadPoolExecutor$DelayedWorkQueue.take(ScheduledThreadPoolExecutor.java:1182)
        at java.base@21.0.5/java.util.concurrent.ScheduledThreadPoolExecutor$DelayedWorkQueue.take(ScheduledThreadPoolExecutor.java:899)
        at java.base@21.0.5/java.util.concurrent.ThreadPoolExecutor.getTask(ThreadPoolExecutor.java:1070)
        at java.base@21.0.5/java.util.concurrent.ThreadPoolExecutor.runWorker(ThreadPoolExecutor.java:1130)
        at java.base@21.0.5/java.util.concurrent.ThreadPoolExecutor$Worker.run(ThreadPoolExecutor.java:642)
        at java.base@21.0.5/java.lang.Thread.runWith(Thread.java:1596)
        at java.base@21.0.5/java.lang.Thread.run(Thread.java:1583)
"79978ed1-1a5c-4832-b584-9e2d85f03cd7-DatanodeReportManager-1" daemon prio=5 tid=553 in Object.wait()
java.lang.Thread.State: WAITING (on object monitor)
        at java.base@21.0.5/jdk.internal.misc.Unsafe.park(Native Method)
        at java.base@21.0.5/java.util.concurrent.locks.LockSupport.park(LockSupport.java:371)
        at java.base@21.0.5/java.util.concurrent.locks.AbstractQueuedSynchronizer$ConditionNode.block(AbstractQueuedSynchronizer.java:519)
        at java.base@21.0.5/java.util.concurrent.ForkJoinPool.unmanagedBlock(ForkJoinPool.java:3780)
        at java.base@21.0.5/java.util.concurrent.ForkJoinPool.managedBlock(ForkJoinPool.java:3725)
        at java.base@21.0.5/java.util.concurrent.locks.AbstractQueuedSynchronizer$ConditionObject.await(AbstractQueuedSynchronizer.java:1712)
        at java.base@21.0.5/java.util.concurrent.ScheduledThreadPoolExecutor$DelayedWorkQueue.take(ScheduledThreadPoolExecutor.java:1177)
        at java.base@21.0.5/java.util.concurrent.ScheduledThreadPoolExecutor$DelayedWorkQueue.take(ScheduledThreadPoolExecutor.java:899)
        at java.base@21.0.5/java.util.concurrent.ThreadPoolExecutor.getTask(ThreadPoolExecutor.java:1070)
        at java.base@21.0.5/java.util.concurrent.ThreadPoolExecutor.runWorker(ThreadPoolExecutor.java:1130)
        at java.base@21.0.5/java.util.concurrent.ThreadPoolExecutor$Worker.run(ThreadPoolExecutor.java:642)
        at java.base@21.0.5/java.lang.Thread.runWith(Thread.java:1596)
        at java.base@21.0.5/java.lang.Thread.run(Thread.java:1583)
"4b5ea8a3-88a5-4114-908f-7a85f39bc1cb-BlockDeletingService#0" daemon prio=5 tid=1046 timed_waiting
java.lang.Thread.State: TIMED_WAITING
        at java.base@21.0.5/jdk.internal.misc.Unsafe.park(Native Method)
        at java.base@21.0.5/java.util.concurrent.locks.LockSupport.parkNanos(LockSupport.java:269)
        at java.base@21.0.5/java.util.concurrent.locks.AbstractQueuedSynchronizer$ConditionObject.awaitNanos(AbstractQueuedSynchronizer.java:1763)
        at java.base@21.0.5/java.util.concurrent.ScheduledThreadPoolExecutor$DelayedWorkQueue.take(ScheduledThreadPoolExecutor.java:1182)
        at java.base@21.0.5/java.util.concurrent.ScheduledThreadPoolExecutor$DelayedWorkQueue.take(ScheduledThreadPoolExecutor.java:899)
        at java.base@21.0.5/java.util.concurrent.ThreadPoolExecutor.getTask(ThreadPoolExecutor.java:1070)
        at java.base@21.0.5/java.util.concurrent.ThreadPoolExecutor.runWorker(ThreadPoolExecutor.java:1130)
        at java.base@21.0.5/java.util.concurrent.ThreadPoolExecutor$Worker.run(ThreadPoolExecutor.java:642)
        at java.base@21.0.5/java.lang.Thread.runWith(Thread.java:1596)
        at java.base@21.0.5/java.lang.Thread.run(Thread.java:1583)
"qtp1778430092-616" daemon prio=5 tid=616 timed_waiting
java.lang.Thread.State: TIMED_WAITING
        at java.base@21.0.5/jdk.internal.misc.Unsafe.park(Native Method)
        at java.base@21.0.5/java.util.concurrent.locks.LockSupport.parkNanos(LockSupport.java:269)
        at java.base@21.0.5/java.util.concurrent.locks.AbstractQueuedSynchronizer$ConditionObject.awaitNanos(AbstractQueuedSynchronizer.java:1763)
        at app//org.eclipse.jetty.util.BlockingArrayQueue.poll(BlockingArrayQueue.java:382)
        at app//org.eclipse.jetty.util.thread.QueuedThreadPool$Runner.idleJobPoll(QueuedThreadPool.java:974)
        at app//org.eclipse.jetty.util.thread.QueuedThreadPool$Runner.run(QueuedThreadPool.java:1018)
        at java.base@21.0.5/java.lang.Thread.runWith(Thread.java:1596)
        at java.base@21.0.5/java.lang.Thread.run(Thread.java:1583)
"751e45cc-852a-454f-97c8-e80f2befe6f4@group-AE8CA6FC1197-FollowerState" daemon prio=5 tid=1844 timed_waiting
java.lang.Thread.State: TIMED_WAITING
        at java.base@21.0.5/java.lang.Thread.sleep0(Native Method)
        at java.base@21.0.5/java.lang.Thread.sleep(Thread.java:558)
        at java.base@21.0.5/java.util.concurrent.TimeUnit.sleep(TimeUnit.java:446)
        at app//org.apache.ratis.util.TimeDuration.sleep(TimeDuration.java:353)
        at app//org.apache.ratis.util.TimeDuration.sleep(TimeDuration.java:338)
        at app//org.apache.ratis.server.impl.FollowerState.runImpl(FollowerState.java:149)
        at app//org.apache.ratis.server.impl.FollowerState.run(FollowerState.java:130)
"IPC Server handler 46 on default port 15002" daemon prio=5 tid=378 timed_waiting
java.lang.Thread.State: TIMED_WAITING
        at java.base@21.0.5/jdk.internal.misc.Unsafe.park(Native Method)
        at java.base@21.0.5/java.util.concurrent.locks.LockSupport.parkNanos(LockSupport.java:269)
        at java.base@21.0.5/java.util.concurrent.locks.AbstractQueuedSynchronizer$ConditionObject.awaitNanos(AbstractQueuedSynchronizer.java:1763)
        at java.base@21.0.5/java.util.concurrent.LinkedBlockingQueue.poll(LinkedBlockingQueue.java:460)
        at app//org.apache.hadoop.ipc.CallQueueManager.take(CallQueueManager.java:370)
        at app//org.apache.hadoop.ipc.Server$Handler.run(Server.java:3165)
"02fc1759-725d-47af-8349-873c9c5c9167-ChunkReader-ELG-0" daemon prio=5 tid=932 runnable
java.lang.Thread.State: RUNNABLE
        at app//org.apache.ratis.thirdparty.io.netty.channel.epoll.Native.epollWait(Native Method)
        at app//org.apache.ratis.thirdparty.io.netty.channel.epoll.Native.epollWait(Native.java:220)
        at app//org.apache.ratis.thirdparty.io.netty.channel.epoll.Native.epollWait(Native.java:213)
        at app//org.apache.ratis.thirdparty.io.netty.channel.epoll.EpollEventLoop.epollWaitNoTimerChange(EpollEventLoop.java:308)
        at app//org.apache.ratis.thirdparty.io.netty.channel.epoll.EpollEventLoop.run(EpollEventLoop.java:365)
        at app//org.apache.ratis.thirdparty.io.netty.util.concurrent.SingleThreadEventExecutor$4.run(SingleThreadEventExecutor.java:997)
        at app//org.apache.ratis.thirdparty.io.netty.util.internal.ThreadExecutorMap$2.run(ThreadExecutorMap.java:74)
        at java.base@21.0.5/java.lang.Thread.runWith(Thread.java:1596)
        at java.base@21.0.5/java.lang.Thread.run(Thread.java:1583)
"Session-HouseKeeper-719d7341-1"  prio=5 tid=572 timed_waiting
java.lang.Thread.State: TIMED_WAITING
        at java.base@21.0.5/jdk.internal.misc.Unsafe.park(Native Method)
        at java.base@21.0.5/java.util.concurrent.locks.LockSupport.parkNanos(LockSupport.java:269)
        at java.base@21.0.5/java.util.concurrent.locks.AbstractQueuedSynchronizer$ConditionObject.awaitNanos(AbstractQueuedSynchronizer.java:1763)
        at java.base@21.0.5/java.util.concurrent.ScheduledThreadPoolExecutor$DelayedWorkQueue.take(ScheduledThreadPoolExecutor.java:1182)
        at java.base@21.0.5/java.util.concurrent.ScheduledThreadPoolExecutor$DelayedWorkQueue.take(ScheduledThreadPoolExecutor.java:899)
        at java.base@21.0.5/java.util.concurrent.ThreadPoolExecutor.getTask(ThreadPoolExecutor.java:1070)
        at java.base@21.0.5/java.util.concurrent.ThreadPoolExecutor.runWorker(ThreadPoolExecutor.java:1130)
        at java.base@21.0.5/java.util.concurrent.ThreadPoolExecutor$Worker.run(ThreadPoolExecutor.java:642)
        at java.base@21.0.5/java.lang.Thread.runWith(Thread.java:1596)
        at java.base@21.0.5/java.lang.Thread.run(Thread.java:1583)
"qtp442606276-797" daemon prio=5 tid=797 runnable
java.lang.Thread.State: RUNNABLE
        at java.base@21.0.5/sun.nio.ch.EPoll.wait(Native Method)
        at java.base@21.0.5/sun.nio.ch.EPollSelectorImpl.doSelect(EPollSelectorImpl.java:121)
        at java.base@21.0.5/sun.nio.ch.SelectorImpl.lockAndDoSelect(SelectorImpl.java:130)
        at java.base@21.0.5/sun.nio.ch.SelectorImpl.select(SelectorImpl.java:147)
        at app//org.eclipse.jetty.io.ManagedSelector.nioSelect(ManagedSelector.java:183)
        at app//org.eclipse.jetty.io.ManagedSelector.select(ManagedSelector.java:190)
        at app//org.eclipse.jetty.io.ManagedSelector$SelectorProducer.select(ManagedSelector.java:606)
        at app//org.eclipse.jetty.io.ManagedSelector$SelectorProducer.produce(ManagedSelector.java:543)
        at app//org.eclipse.jetty.util.thread.strategy.EatWhatYouKill.produceTask(EatWhatYouKill.java:362)
        at app//org.eclipse.jetty.util.thread.strategy.EatWhatYouKill.doProduce(EatWhatYouKill.java:186)
        at app//org.eclipse.jetty.util.thread.strategy.EatWhatYouKill.tryProduce(EatWhatYouKill.java:173)
        at app//org.eclipse.jetty.util.thread.strategy.EatWhatYouKill.produce(EatWhatYouKill.java:137)
        at app//org.eclipse.jetty.io.ManagedSelector$$Lambda/0x00007fd9cc65d0d0.run(Unknown Source)
        at app//org.eclipse.jetty.util.thread.QueuedThreadPool.runJob(QueuedThreadPool.java:883)
        at app//org.eclipse.jetty.util.thread.QueuedThreadPool$Runner.run(QueuedThreadPool.java:1034)
        at java.base@21.0.5/java.lang.Thread.runWith(Thread.java:1596)
        at java.base@21.0.5/java.lang.Thread.run(Thread.java:1583)
"IPC Server handler 27 on default port 15001" daemon prio=5 tid=241 timed_waiting
java.lang.Thread.State: TIMED_WAITING
        at java.base@21.0.5/jdk.internal.misc.Unsafe.park(Native Method)
        at java.base@21.0.5/java.util.concurrent.locks.LockSupport.parkNanos(LockSupport.java:269)
        at java.base@21.0.5/java.util.concurrent.locks.AbstractQueuedSynchronizer$ConditionObject.awaitNanos(AbstractQueuedSynchronizer.java:1763)
        at java.base@21.0.5/java.util.concurrent.LinkedBlockingQueue.poll(LinkedBlockingQueue.java:460)
        at app//org.apache.hadoop.ipc.CallQueueManager.take(CallQueueManager.java:370)
        at app//org.apache.hadoop.ipc.Server$Handler.run(Server.java:3165)
"eca5a246-1f8f-493f-b50d-7eee1f2fec76@group-AEA5E11D46FC->b6b79d51-52d7-4711-a690-06a51533978a-GrpcLogAppender-LogAppenderDaemon" daemon prio=5 tid=1991 timed_waiting
java.lang.Thread.State: TIMED_WAITING
        at java.base@21.0.5/jdk.internal.misc.Unsafe.park(Native Method)
        at java.base@21.0.5/java.util.concurrent.locks.LockSupport.parkNanos(LockSupport.java:269)
        at java.base@21.0.5/java.util.concurrent.locks.AbstractQueuedSynchronizer$ConditionObject.await(AbstractQueuedSynchronizer.java:1852)
        at app//org.apache.ratis.util.AwaitForSignal.await(AwaitForSignal.java:65)
        at app//org.apache.ratis.grpc.server.GrpcLogAppender.mayWait(GrpcLogAppender.java:290)
        at app//org.apache.ratis.grpc.server.GrpcLogAppender.run(GrpcLogAppender.java:258)
        at app//org.apache.ratis.server.leader.LogAppenderDaemon.run(LogAppenderDaemon.java:80)
        at app//org.apache.ratis.server.leader.LogAppenderDaemon$$Lambda/0x00007fd9cc91b588.run(Unknown Source)
        at java.base@21.0.5/java.lang.Thread.runWith(Thread.java:1596)
        at java.base@21.0.5/java.lang.Thread.run(Thread.java:1583)
"org.apache.hadoop.ozone.container.common.statemachine.commandhandler.DeleteBlocksCommandHandler$DeleteCmdWorker@3e3c2aa4" daemon prio=5 tid=702 timed_waiting
java.lang.Thread.State: TIMED_WAITING
        at java.base@21.0.5/java.lang.Thread.sleep0(Native Method)
        at java.base@21.0.5/java.lang.Thread.sleep(Thread.java:509)
        at app//org.apache.hadoop.ozone.container.common.statemachine.commandhandler.DeleteBlocksCommandHandler$DeleteCmdWorker.run(DeleteBlocksCommandHandler.java:264)
        at java.base@21.0.5/java.lang.Thread.runWith(Thread.java:1596)
        at java.base@21.0.5/java.lang.Thread.run(Thread.java:1583)
"Hadoop-Metrics-Updater-0" daemon prio=5 tid=2504 timed_waiting
java.lang.Thread.State: TIMED_WAITING
        at java.base@21.0.5/jdk.internal.misc.Unsafe.park(Native Method)
        at java.base@21.0.5/java.util.concurrent.locks.LockSupport.parkNanos(LockSupport.java:269)
        at java.base@21.0.5/java.util.concurrent.locks.AbstractQueuedSynchronizer$ConditionObject.awaitNanos(AbstractQueuedSynchronizer.java:1763)
        at java.base@21.0.5/java.util.concurrent.ScheduledThreadPoolExecutor$DelayedWorkQueue.take(ScheduledThreadPoolExecutor.java:1182)
        at java.base@21.0.5/java.util.concurrent.ScheduledThreadPoolExecutor$DelayedWorkQueue.take(ScheduledThreadPoolExecutor.java:899)
        at java.base@21.0.5/java.util.concurrent.ThreadPoolExecutor.getTask(ThreadPoolExecutor.java:1070)
        at java.base@21.0.5/java.util.concurrent.ThreadPoolExecutor.runWorker(ThreadPoolExecutor.java:1130)
        at java.base@21.0.5/java.util.concurrent.ThreadPoolExecutor$Worker.run(ThreadPoolExecutor.java:642)
        at java.base@21.0.5/java.lang.Thread.runWith(Thread.java:1596)
        at java.base@21.0.5/java.lang.Thread.run(Thread.java:1583)
"3296053d-9d54-4057-a6a8-67c4b6ec6587-ChunkReader-8" daemon prio=5 tid=2472 in Object.wait()
java.lang.Thread.State: WAITING (on object monitor)
        at java.base@21.0.5/jdk.internal.misc.Unsafe.park(Native Method)
        at java.base@21.0.5/java.util.concurrent.locks.LockSupport.park(LockSupport.java:371)
        at java.base@21.0.5/java.util.concurrent.locks.AbstractQueuedSynchronizer$ConditionNode.block(AbstractQueuedSynchronizer.java:519)
        at java.base@21.0.5/java.util.concurrent.ForkJoinPool.unmanagedBlock(ForkJoinPool.java:3780)
        at java.base@21.0.5/java.util.concurrent.ForkJoinPool.managedBlock(ForkJoinPool.java:3725)
        at java.base@21.0.5/java.util.concurrent.locks.AbstractQueuedSynchronizer$ConditionObject.await(AbstractQueuedSynchronizer.java:1712)
        at java.base@21.0.5/java.util.concurrent.LinkedBlockingQueue.take(LinkedBlockingQueue.java:435)
        at java.base@21.0.5/java.util.concurrent.ThreadPoolExecutor.getTask(ThreadPoolExecutor.java:1070)
        at java.base@21.0.5/java.util.concurrent.ThreadPoolExecutor.runWorker(ThreadPoolExecutor.java:1130)
        at java.base@21.0.5/java.util.concurrent.ThreadPoolExecutor$Worker.run(ThreadPoolExecutor.java:642)
        at java.base@21.0.5/java.lang.Thread.runWith(Thread.java:1596)
        at java.base@21.0.5/java.lang.Thread.run(Thread.java:1583)
"IPC Server handler 59 on default port 15000" daemon prio=5 tid=173 timed_waiting
java.lang.Thread.State: TIMED_WAITING
        at java.base@21.0.5/jdk.internal.misc.Unsafe.park(Native Method)
        at java.base@21.0.5/java.util.concurrent.locks.LockSupport.parkNanos(LockSupport.java:269)
        at java.base@21.0.5/java.util.concurrent.locks.AbstractQueuedSynchronizer$ConditionObject.awaitNanos(AbstractQueuedSynchronizer.java:1763)
        at java.base@21.0.5/java.util.concurrent.LinkedBlockingQueue.poll(LinkedBlockingQueue.java:460)
        at app//org.apache.hadoop.ipc.CallQueueManager.take(CallQueueManager.java:370)
        at app//org.apache.hadoop.ipc.Server$Handler.run(Server.java:3165)
"eca5a246-1f8f-493f-b50d-7eee1f2fec76@group-65FF6341E423-SegmentedRaftLogWorker" daemon prio=5 tid=1621 timed_waiting
java.lang.Thread.State: TIMED_WAITING
        at java.base@21.0.5/jdk.internal.misc.Unsafe.park(Native Method)
        at java.base@21.0.5/java.util.concurrent.locks.LockSupport.parkNanos(LockSupport.java:269)
        at java.base@21.0.5/java.util.concurrent.locks.AbstractQueuedSynchronizer$ConditionObject.awaitNanos(AbstractQueuedSynchronizer.java:1763)
        at app//org.apache.ratis.util.DataBlockingQueue.poll(DataBlockingQueue.java:148)
        at app//org.apache.ratis.server.raftlog.segmented.SegmentedRaftLogWorker.run(SegmentedRaftLogWorker.java:307)
        at app//org.apache.ratis.server.raftlog.segmented.SegmentedRaftLogWorker$$Lambda/0x00007fd9cc334298.run(Unknown Source)
        at java.base@21.0.5/java.util.concurrent.Executors$RunnableAdapter.call(Executors.java:572)
        at java.base@21.0.5/java.util.concurrent.FutureTask.run(FutureTask.java:317)
        at java.base@21.0.5/java.util.concurrent.ThreadPoolExecutor.runWorker(ThreadPoolExecutor.java:1144)
        at java.base@21.0.5/java.util.concurrent.ThreadPoolExecutor$Worker.run(ThreadPoolExecutor.java:642)
        at java.base@21.0.5/java.lang.Thread.runWith(Thread.java:1596)
        at java.base@21.0.5/java.lang.Thread.run(Thread.java:1583)
"Socket Reader #8 for port 15021"  prio=5 tid=581 runnable
java.lang.Thread.State: RUNNABLE
        at java.base@21.0.5/sun.nio.ch.EPoll.wait(Native Method)
        at java.base@21.0.5/sun.nio.ch.EPollSelectorImpl.doSelect(EPollSelectorImpl.java:121)
        at java.base@21.0.5/sun.nio.ch.SelectorImpl.lockAndDoSelect(SelectorImpl.java:130)
        at java.base@21.0.5/sun.nio.ch.SelectorImpl.select(SelectorImpl.java:147)
        at app//org.apache.hadoop.ipc.Server$Listener$Reader.doRunLoop(Server.java:1497)
        at app//org.apache.hadoop.ipc.Server$Listener$Reader.run(Server.java:1476)
"751e45cc-852a-454f-97c8-e80f2befe6f4-server-thread2" daemon prio=5 tid=1917 timed_waiting
java.lang.Thread.State: TIMED_WAITING
        at java.base@21.0.5/jdk.internal.misc.Unsafe.park(Native Method)
        at java.base@21.0.5/java.util.concurrent.locks.LockSupport.parkNanos(LockSupport.java:410)
        at java.base@21.0.5/java.util.concurrent.LinkedTransferQueue$DualNode.await(LinkedTransferQueue.java:452)
        at java.base@21.0.5/java.util.concurrent.SynchronousQueue$Transferer.xferLifo(SynchronousQueue.java:194)
        at java.base@21.0.5/java.util.concurrent.SynchronousQueue.xfer(SynchronousQueue.java:235)
        at java.base@21.0.5/java.util.concurrent.SynchronousQueue.poll(SynchronousQueue.java:338)
        at java.base@21.0.5/java.util.concurrent.ThreadPoolExecutor.getTask(ThreadPoolExecutor.java:1069)
        at java.base@21.0.5/java.util.concurrent.ThreadPoolExecutor.runWorker(ThreadPoolExecutor.java:1130)
        at java.base@21.0.5/java.util.concurrent.ThreadPoolExecutor$Worker.run(ThreadPoolExecutor.java:642)
        at java.base@21.0.5/java.lang.Thread.runWith(Thread.java:1596)
        at java.base@21.0.5/java.lang.Thread.run(Thread.java:1583)
"b6b79d51-52d7-4711-a690-06a51533978a-server-thread3" daemon prio=5 tid=1946 timed_waiting
java.lang.Thread.State: TIMED_WAITING
        at java.base@21.0.5/jdk.internal.misc.Unsafe.park(Native Method)
        at java.base@21.0.5/java.util.concurrent.locks.LockSupport.parkNanos(LockSupport.java:410)
        at java.base@21.0.5/java.util.concurrent.LinkedTransferQueue$DualNode.await(LinkedTransferQueue.java:452)
        at java.base@21.0.5/java.util.concurrent.SynchronousQueue$Transferer.xferLifo(SynchronousQueue.java:194)
        at java.base@21.0.5/java.util.concurrent.SynchronousQueue.xfer(SynchronousQueue.java:235)
        at java.base@21.0.5/java.util.concurrent.SynchronousQueue.poll(SynchronousQueue.java:338)
        at java.base@21.0.5/java.util.concurrent.ThreadPoolExecutor.getTask(ThreadPoolExecutor.java:1069)
        at java.base@21.0.5/java.util.concurrent.ThreadPoolExecutor.runWorker(ThreadPoolExecutor.java:1130)
        at java.base@21.0.5/java.util.concurrent.ThreadPoolExecutor$Worker.run(ThreadPoolExecutor.java:642)
        at java.base@21.0.5/java.lang.Thread.runWith(Thread.java:1596)
        at java.base@21.0.5/java.lang.Thread.run(Thread.java:1583)
"IPC Server handler 10 on default port 15001" daemon prio=5 tid=224 timed_waiting
java.lang.Thread.State: TIMED_WAITING
        at java.base@21.0.5/jdk.internal.misc.Unsafe.park(Native Method)
        at java.base@21.0.5/java.util.concurrent.locks.LockSupport.parkNanos(LockSupport.java:269)
        at java.base@21.0.5/java.util.concurrent.locks.AbstractQueuedSynchronizer$ConditionObject.awaitNanos(AbstractQueuedSynchronizer.java:1763)
        at java.base@21.0.5/java.util.concurrent.LinkedBlockingQueue.poll(LinkedBlockingQueue.java:460)
        at app//org.apache.hadoop.ipc.CallQueueManager.take(CallQueueManager.java:370)
        at app//org.apache.hadoop.ipc.Server$Handler.run(Server.java:3165)
"79978ed1-1a5c-4832-b584-9e2d85f03cd7@group-A038BBDD90A4-cacheEviction-AwaitToRun" daemon prio=5 tid=1172 in Object.wait()
java.lang.Thread.State: WAITING (on object monitor)
        at java.base@21.0.5/jdk.internal.misc.Unsafe.park(Native Method)
        at java.base@21.0.5/java.util.concurrent.locks.LockSupport.park(LockSupport.java:371)
        at java.base@21.0.5/java.util.concurrent.locks.AbstractQueuedSynchronizer$ConditionNode.block(AbstractQueuedSynchronizer.java:519)
        at java.base@21.0.5/java.util.concurrent.ForkJoinPool.unmanagedBlock(ForkJoinPool.java:3780)
        at java.base@21.0.5/java.util.concurrent.ForkJoinPool.managedBlock(ForkJoinPool.java:3725)
        at java.base@21.0.5/java.util.concurrent.locks.AbstractQueuedSynchronizer$ConditionObject.await(AbstractQueuedSynchronizer.java:1712)
        at app//org.apache.ratis.util.AwaitForSignal.await(AwaitForSignal.java:48)
        at app//org.apache.ratis.util.AwaitToRun$RunnableImpl.run(AwaitToRun.java:47)
        at java.base@21.0.5/java.lang.Thread.runWith(Thread.java:1596)
        at java.base@21.0.5/java.lang.Thread.run(Thread.java:1583)
"79978ed1-1a5c-4832-b584-9e2d85f03cd7-server-thread2" daemon prio=5 tid=1833 timed_waiting
java.lang.Thread.State: TIMED_WAITING
        at java.base@21.0.5/jdk.internal.misc.Unsafe.park(Native Method)
        at java.base@21.0.5/java.util.concurrent.locks.LockSupport.parkNanos(LockSupport.java:410)
        at java.base@21.0.5/java.util.concurrent.LinkedTransferQueue$DualNode.await(LinkedTransferQueue.java:452)
        at java.base@21.0.5/java.util.concurrent.SynchronousQueue$Transferer.xferLifo(SynchronousQueue.java:194)
        at java.base@21.0.5/java.util.concurrent.SynchronousQueue.xfer(SynchronousQueue.java:235)
        at java.base@21.0.5/java.util.concurrent.SynchronousQueue.poll(SynchronousQueue.java:338)
        at java.base@21.0.5/java.util.concurrent.ThreadPoolExecutor.getTask(ThreadPoolExecutor.java:1069)
        at java.base@21.0.5/java.util.concurrent.ThreadPoolExecutor.runWorker(ThreadPoolExecutor.java:1130)
        at java.base@21.0.5/java.util.concurrent.ThreadPoolExecutor$Worker.run(ThreadPoolExecutor.java:642)
        at java.base@21.0.5/java.lang.Thread.runWith(Thread.java:1596)
        at java.base@21.0.5/java.lang.Thread.run(Thread.java:1583)
"JvmPauseMonitor3" daemon prio=5 tid=866 timed_waiting
java.lang.Thread.State: TIMED_WAITING
        at java.base@21.0.5/java.lang.Thread.sleep0(Native Method)
        at java.base@21.0.5/java.lang.Thread.sleep(Thread.java:558)
        at java.base@21.0.5/java.util.concurrent.TimeUnit.sleep(TimeUnit.java:446)
        at app//org.apache.ratis.util.TimeDuration.sleep(TimeDuration.java:353)
        at app//org.apache.ratis.util.TimeDuration.sleep(TimeDuration.java:338)
        at app//org.apache.ratis.util.JvmPauseMonitor.detectPause(JvmPauseMonitor.java:160)
        at app//org.apache.ratis.util.JvmPauseMonitor.run(JvmPauseMonitor.java:149)
        at app//org.apache.ratis.util.JvmPauseMonitor$$Lambda/0x00007fd9cc38c980.run(Unknown Source)
        at java.base@21.0.5/java.lang.Thread.runWith(Thread.java:1596)
        at java.base@21.0.5/java.lang.Thread.run(Thread.java:1583)
"IPC Server handler 39 on default port 15002" daemon prio=5 tid=371 timed_waiting
java.lang.Thread.State: TIMED_WAITING
        at java.base@21.0.5/jdk.internal.misc.Unsafe.park(Native Method)
        at java.base@21.0.5/java.util.concurrent.locks.LockSupport.parkNanos(LockSupport.java:269)
        at java.base@21.0.5/java.util.concurrent.locks.AbstractQueuedSynchronizer$ConditionObject.awaitNanos(AbstractQueuedSynchronizer.java:1763)
        at java.base@21.0.5/java.util.concurrent.LinkedBlockingQueue.poll(LinkedBlockingQueue.java:460)
        at app//org.apache.hadoop.ipc.CallQueueManager.take(CallQueueManager.java:370)
        at app//org.apache.hadoop.ipc.Server$Handler.run(Server.java:3165)
"qtp442606276-799" daemon prio=5 tid=799 timed_waiting
java.lang.Thread.State: TIMED_WAITING
        at java.base@21.0.5/jdk.internal.misc.Unsafe.park(Native Method)
        at java.base@21.0.5/java.util.concurrent.locks.LockSupport.parkNanos(LockSupport.java:269)
        at java.base@21.0.5/java.util.concurrent.locks.AbstractQueuedSynchronizer$ConditionObject.awaitNanos(AbstractQueuedSynchronizer.java:1763)
        at app//org.eclipse.jetty.util.BlockingArrayQueue.poll(BlockingArrayQueue.java:382)
        at app//org.eclipse.jetty.util.thread.QueuedThreadPool$Runner.idleJobPoll(QueuedThreadPool.java:974)
        at app//org.eclipse.jetty.util.thread.QueuedThreadPool$Runner.run(QueuedThreadPool.java:1018)
        at java.base@21.0.5/java.lang.Thread.runWith(Thread.java:1596)
        at java.base@21.0.5/java.lang.Thread.run(Thread.java:1583)
"4b5ea8a3-88a5-4114-908f-7a85f39bc1cb@group-EF3CB8D23BF9->02fc1759-725d-47af-8349-873c9c5c9167-GrpcLogAppender-LogAppenderDaemon" daemon prio=5 tid=1908 timed_waiting
java.lang.Thread.State: TIMED_WAITING
        at java.base@21.0.5/jdk.internal.misc.Unsafe.park(Native Method)
        at java.base@21.0.5/java.util.concurrent.locks.LockSupport.parkNanos(LockSupport.java:269)
        at java.base@21.0.5/java.util.concurrent.locks.AbstractQueuedSynchronizer$ConditionObject.await(AbstractQueuedSynchronizer.java:1852)
        at app//org.apache.ratis.util.AwaitForSignal.await(AwaitForSignal.java:65)
        at app//org.apache.ratis.grpc.server.GrpcLogAppender.mayWait(GrpcLogAppender.java:290)
        at app//org.apache.ratis.grpc.server.GrpcLogAppender.run(GrpcLogAppender.java:258)
        at app//org.apache.ratis.server.leader.LogAppenderDaemon.run(LogAppenderDaemon.java:80)
        at app//org.apache.ratis.server.leader.LogAppenderDaemon$$Lambda/0x00007fd9cc91b588.run(Unknown Source)
        at java.base@21.0.5/java.lang.Thread.runWith(Thread.java:1596)
        at java.base@21.0.5/java.lang.Thread.run(Thread.java:1583)
"IPC Server handler 32 on default port 15000" daemon prio=5 tid=146 timed_waiting
java.lang.Thread.State: TIMED_WAITING
        at java.base@21.0.5/jdk.internal.misc.Unsafe.park(Native Method)
        at java.base@21.0.5/java.util.concurrent.locks.LockSupport.parkNanos(LockSupport.java:269)
        at java.base@21.0.5/java.util.concurrent.locks.AbstractQueuedSynchronizer$ConditionObject.awaitNanos(AbstractQueuedSynchronizer.java:1763)
        at java.base@21.0.5/java.util.concurrent.LinkedBlockingQueue.poll(LinkedBlockingQueue.java:460)
        at app//org.apache.hadoop.ipc.CallQueueManager.take(CallQueueManager.java:370)
        at app//org.apache.hadoop.ipc.Server$Handler.run(Server.java:3165)
"IPC Server handler 47 on default port 15000" daemon prio=5 tid=161 timed_waiting
java.lang.Thread.State: TIMED_WAITING
        at java.base@21.0.5/jdk.internal.misc.Unsafe.park(Native Method)
        at java.base@21.0.5/java.util.concurrent.locks.LockSupport.parkNanos(LockSupport.java:269)
        at java.base@21.0.5/java.util.concurrent.locks.AbstractQueuedSynchronizer$ConditionObject.awaitNanos(AbstractQueuedSynchronizer.java:1763)
        at java.base@21.0.5/java.util.concurrent.LinkedBlockingQueue.poll(LinkedBlockingQueue.java:460)
        at app//org.apache.hadoop.ipc.CallQueueManager.take(CallQueueManager.java:370)
        at app//org.apache.hadoop.ipc.Server$Handler.run(Server.java:3165)
"b6b79d51-52d7-4711-a690-06a51533978a-DatanodeStateMachineTaskThread-0"  prio=5 tid=743 in Object.wait()
java.lang.Thread.State: WAITING (on object monitor)
        at java.base@21.0.5/jdk.internal.misc.Unsafe.park(Native Method)
        at java.base@21.0.5/java.util.concurrent.locks.LockSupport.park(LockSupport.java:371)
        at java.base@21.0.5/java.util.concurrent.locks.AbstractQueuedSynchronizer$ConditionNode.block(AbstractQueuedSynchronizer.java:519)
        at java.base@21.0.5/java.util.concurrent.ForkJoinPool.unmanagedBlock(ForkJoinPool.java:3780)
        at java.base@21.0.5/java.util.concurrent.ForkJoinPool.managedBlock(ForkJoinPool.java:3725)
        at java.base@21.0.5/java.util.concurrent.locks.AbstractQueuedSynchronizer$ConditionObject.await(AbstractQueuedSynchronizer.java:1712)
        at java.base@21.0.5/java.util.concurrent.LinkedBlockingQueue.take(LinkedBlockingQueue.java:435)
        at java.base@21.0.5/java.util.concurrent.ThreadPoolExecutor.getTask(ThreadPoolExecutor.java:1070)
        at java.base@21.0.5/java.util.concurrent.ThreadPoolExecutor.runWorker(ThreadPoolExecutor.java:1130)
        at java.base@21.0.5/java.util.concurrent.ThreadPoolExecutor$Worker.run(ThreadPoolExecutor.java:642)
        at java.base@21.0.5/java.lang.Thread.runWith(Thread.java:1596)
        at java.base@21.0.5/java.lang.Thread.run(Thread.java:1583)
"ac32094a-198b-4072-99dd-552311e88daf-server-thread1" daemon prio=5 tid=2293 timed_waiting
java.lang.Thread.State: TIMED_WAITING
        at java.base@21.0.5/jdk.internal.misc.Unsafe.park(Native Method)
        at java.base@21.0.5/java.util.concurrent.locks.LockSupport.parkNanos(LockSupport.java:410)
        at java.base@21.0.5/java.util.concurrent.LinkedTransferQueue$DualNode.await(LinkedTransferQueue.java:452)
        at java.base@21.0.5/java.util.concurrent.SynchronousQueue$Transferer.xferLifo(SynchronousQueue.java:194)
        at java.base@21.0.5/java.util.concurrent.SynchronousQueue.xfer(SynchronousQueue.java:235)
        at java.base@21.0.5/java.util.concurrent.SynchronousQueue.poll(SynchronousQueue.java:338)
        at java.base@21.0.5/java.util.concurrent.ThreadPoolExecutor.getTask(ThreadPoolExecutor.java:1069)
        at java.base@21.0.5/java.util.concurrent.ThreadPoolExecutor.runWorker(ThreadPoolExecutor.java:1130)
        at java.base@21.0.5/java.util.concurrent.ThreadPoolExecutor$Worker.run(ThreadPoolExecutor.java:642)
        at java.base@21.0.5/java.lang.Thread.runWith(Thread.java:1596)
        at java.base@21.0.5/java.lang.Thread.run(Thread.java:1583)
"IPC Server idle connection scanner for port 15012" daemon prio=5 tid=538 timed_waiting
java.lang.Thread.State: TIMED_WAITING
        at java.base@21.0.5/java.lang.Object.wait0(Native Method)
        at java.base@21.0.5/java.lang.Object.wait(Object.java:366)
        at java.base@21.0.5/java.util.TimerThread.mainLoop(Timer.java:563)
        at java.base@21.0.5/java.util.TimerThread.run(Timer.java:516)
"3296053d-9d54-4057-a6a8-67c4b6ec6587-RocksDBCompactionThread-0"  prio=5 tid=605 timed_waiting
java.lang.Thread.State: TIMED_WAITING
        at java.base@21.0.5/jdk.internal.misc.Unsafe.park(Native Method)
        at java.base@21.0.5/java.util.concurrent.locks.LockSupport.parkNanos(LockSupport.java:269)
        at java.base@21.0.5/java.util.concurrent.locks.AbstractQueuedSynchronizer$ConditionObject.awaitNanos(AbstractQueuedSynchronizer.java:1763)
        at java.base@21.0.5/java.util.concurrent.ScheduledThreadPoolExecutor$DelayedWorkQueue.take(ScheduledThreadPoolExecutor.java:1182)
        at java.base@21.0.5/java.util.concurrent.ScheduledThreadPoolExecutor$DelayedWorkQueue.take(ScheduledThreadPoolExecutor.java:899)
        at java.base@21.0.5/java.util.concurrent.ThreadPoolExecutor.getTask(ThreadPoolExecutor.java:1070)
        at java.base@21.0.5/java.util.concurrent.ThreadPoolExecutor.runWorker(ThreadPoolExecutor.java:1130)
        at java.base@21.0.5/java.util.concurrent.ThreadPoolExecutor$Worker.run(ThreadPoolExecutor.java:642)
        at java.base@21.0.5/java.lang.Thread.runWith(Thread.java:1596)
        at java.base@21.0.5/java.lang.Thread.run(Thread.java:1583)
"IPC Server handler 79 on default port 15001" daemon prio=5 tid=293 timed_waiting
java.lang.Thread.State: TIMED_WAITING
        at java.base@21.0.5/jdk.internal.misc.Unsafe.park(Native Method)
        at java.base@21.0.5/java.util.concurrent.locks.LockSupport.parkNanos(LockSupport.java:269)
        at java.base@21.0.5/java.util.concurrent.locks.AbstractQueuedSynchronizer$ConditionObject.awaitNanos(AbstractQueuedSynchronizer.java:1763)
        at java.base@21.0.5/java.util.concurrent.LinkedBlockingQueue.poll(LinkedBlockingQueue.java:460)
        at app//org.apache.hadoop.ipc.CallQueueManager.take(CallQueueManager.java:370)
        at app//org.apache.hadoop.ipc.Server$Handler.run(Server.java:3165)
"02fc1759-725d-47af-8349-873c9c5c9167-server-thread1" daemon prio=5 tid=2368 timed_waiting
java.lang.Thread.State: TIMED_WAITING
        at java.base@21.0.5/jdk.internal.misc.Unsafe.park(Native Method)
        at java.base@21.0.5/java.util.concurrent.locks.LockSupport.parkNanos(LockSupport.java:410)
        at java.base@21.0.5/java.util.concurrent.LinkedTransferQueue$DualNode.await(LinkedTransferQueue.java:452)
        at java.base@21.0.5/java.util.concurrent.SynchronousQueue$Transferer.xferLifo(SynchronousQueue.java:194)
        at java.base@21.0.5/java.util.concurrent.SynchronousQueue.xfer(SynchronousQueue.java:235)
        at java.base@21.0.5/java.util.concurrent.SynchronousQueue.poll(SynchronousQueue.java:338)
        at java.base@21.0.5/java.util.concurrent.ThreadPoolExecutor.getTask(ThreadPoolExecutor.java:1069)
        at java.base@21.0.5/java.util.concurrent.ThreadPoolExecutor.runWorker(ThreadPoolExecutor.java:1130)
        at java.base@21.0.5/java.util.concurrent.ThreadPoolExecutor$Worker.run(ThreadPoolExecutor.java:642)
        at java.base@21.0.5/java.lang.Thread.runWith(Thread.java:1596)
        at java.base@21.0.5/java.lang.Thread.run(Thread.java:1583)
"4b5ea8a3-88a5-4114-908f-7a85f39bc1cb-ChunkReader-6" daemon prio=5 tid=2447 in Object.wait()
java.lang.Thread.State: WAITING (on object monitor)
        at java.base@21.0.5/jdk.internal.misc.Unsafe.park(Native Method)
        at java.base@21.0.5/java.util.concurrent.locks.LockSupport.park(LockSupport.java:371)
        at java.base@21.0.5/java.util.concurrent.locks.AbstractQueuedSynchronizer$ConditionNode.block(AbstractQueuedSynchronizer.java:519)
        at java.base@21.0.5/java.util.concurrent.ForkJoinPool.unmanagedBlock(ForkJoinPool.java:3780)
        at java.base@21.0.5/java.util.concurrent.ForkJoinPool.managedBlock(ForkJoinPool.java:3725)
        at java.base@21.0.5/java.util.concurrent.locks.AbstractQueuedSynchronizer$ConditionObject.await(AbstractQueuedSynchronizer.java:1712)
        at java.base@21.0.5/java.util.concurrent.LinkedBlockingQueue.take(LinkedBlockingQueue.java:435)
        at java.base@21.0.5/java.util.concurrent.ThreadPoolExecutor.getTask(ThreadPoolExecutor.java:1070)
        at java.base@21.0.5/java.util.concurrent.ThreadPoolExecutor.runWorker(ThreadPoolExecutor.java:1130)
        at java.base@21.0.5/java.util.concurrent.ThreadPoolExecutor$Worker.run(ThreadPoolExecutor.java:642)
        at java.base@21.0.5/java.lang.Thread.runWith(Thread.java:1596)
        at java.base@21.0.5/java.lang.Thread.run(Thread.java:1583)
"Socket Reader #3 for port 15048"  prio=5 tid=716 runnable
java.lang.Thread.State: RUNNABLE
        at java.base@21.0.5/sun.nio.ch.EPoll.wait(Native Method)
        at java.base@21.0.5/sun.nio.ch.EPollSelectorImpl.doSelect(EPollSelectorImpl.java:121)
        at java.base@21.0.5/sun.nio.ch.SelectorImpl.lockAndDoSelect(SelectorImpl.java:130)
        at java.base@21.0.5/sun.nio.ch.SelectorImpl.select(SelectorImpl.java:147)
        at app//org.apache.hadoop.ipc.Server$Listener$Reader.doRunLoop(Server.java:1497)
        at app//org.apache.hadoop.ipc.Server$Listener$Reader.run(Server.java:1476)
"IPC Server listener on 15066" daemon prio=5 tid=805 runnable
java.lang.Thread.State: RUNNABLE
        at java.base@21.0.5/sun.nio.ch.EPoll.wait(Native Method)
        at java.base@21.0.5/sun.nio.ch.EPollSelectorImpl.doSelect(EPollSelectorImpl.java:121)
        at java.base@21.0.5/sun.nio.ch.SelectorImpl.lockAndDoSelect(SelectorImpl.java:130)
        at java.base@21.0.5/sun.nio.ch.SelectorImpl.select(SelectorImpl.java:147)
        at app//org.apache.hadoop.ipc.Server$Listener.run(Server.java:1559)
"IPC Server handler 35 on default port 15001" daemon prio=5 tid=249 timed_waiting
java.lang.Thread.State: TIMED_WAITING
        at java.base@21.0.5/jdk.internal.misc.Unsafe.park(Native Method)
        at java.base@21.0.5/java.util.concurrent.locks.LockSupport.parkNanos(LockSupport.java:269)
        at java.base@21.0.5/java.util.concurrent.locks.AbstractQueuedSynchronizer$ConditionObject.awaitNanos(AbstractQueuedSynchronizer.java:1763)
        at java.base@21.0.5/java.util.concurrent.LinkedBlockingQueue.poll(LinkedBlockingQueue.java:460)
        at app//org.apache.hadoop.ipc.CallQueueManager.take(CallQueueManager.java:370)
        at app//org.apache.hadoop.ipc.Server$Handler.run(Server.java:3165)
"IPC Server handler 4 on default port 15012" daemon prio=5 tid=545 timed_waiting
java.lang.Thread.State: TIMED_WAITING
        at java.base@21.0.5/jdk.internal.misc.Unsafe.park(Native Method)
        at java.base@21.0.5/java.util.concurrent.locks.LockSupport.parkNanos(LockSupport.java:269)
        at java.base@21.0.5/java.util.concurrent.locks.AbstractQueuedSynchronizer$ConditionObject.awaitNanos(AbstractQueuedSynchronizer.java:1763)
        at java.base@21.0.5/java.util.concurrent.LinkedBlockingQueue.poll(LinkedBlockingQueue.java:460)
        at app//org.apache.hadoop.ipc.CallQueueManager.take(CallQueueManager.java:370)
        at app//org.apache.hadoop.ipc.Server$Handler.run(Server.java:3165)
"qtp1778430092-615" daemon prio=5 tid=615 timed_waiting
java.lang.Thread.State: TIMED_WAITING
        at java.base@21.0.5/jdk.internal.misc.Unsafe.park(Native Method)
        at java.base@21.0.5/java.util.concurrent.locks.LockSupport.parkNanos(LockSupport.java:269)
        at java.base@21.0.5/java.util.concurrent.locks.AbstractQueuedSynchronizer$ConditionObject.awaitNanos(AbstractQueuedSynchronizer.java:1763)
        at app//org.eclipse.jetty.util.BlockingArrayQueue.poll(BlockingArrayQueue.java:382)
        at app//org.eclipse.jetty.util.thread.QueuedThreadPool$Runner.idleJobPoll(QueuedThreadPool.java:974)
        at app//org.eclipse.jetty.util.thread.QueuedThreadPool$Runner.run(QueuedThreadPool.java:1018)
        at java.base@21.0.5/java.lang.Thread.runWith(Thread.java:1596)
        at java.base@21.0.5/java.lang.Thread.run(Thread.java:1583)
"3296053d-9d54-4057-a6a8-67c4b6ec6587-groupManagement" daemon prio=5 tid=1185 in Object.wait()
java.lang.Thread.State: WAITING (on object monitor)
        at java.base@21.0.5/jdk.internal.misc.Unsafe.park(Native Method)
        at java.base@21.0.5/java.util.concurrent.locks.LockSupport.park(LockSupport.java:371)
        at java.base@21.0.5/java.util.concurrent.locks.AbstractQueuedSynchronizer$ConditionNode.block(AbstractQueuedSynchronizer.java:519)
        at java.base@21.0.5/java.util.concurrent.ForkJoinPool.unmanagedBlock(ForkJoinPool.java:3780)
        at java.base@21.0.5/java.util.concurrent.ForkJoinPool.managedBlock(ForkJoinPool.java:3725)
        at java.base@21.0.5/java.util.concurrent.locks.AbstractQueuedSynchronizer$ConditionObject.await(AbstractQueuedSynchronizer.java:1712)
        at java.base@21.0.5/java.util.concurrent.LinkedBlockingQueue.take(LinkedBlockingQueue.java:435)
        at java.base@21.0.5/java.util.concurrent.ThreadPoolExecutor.getTask(ThreadPoolExecutor.java:1070)
        at java.base@21.0.5/java.util.concurrent.ThreadPoolExecutor.runWorker(ThreadPoolExecutor.java:1130)
        at java.base@21.0.5/java.util.concurrent.ThreadPoolExecutor$Worker.run(ThreadPoolExecutor.java:642)
        at java.base@21.0.5/java.lang.Thread.runWith(Thread.java:1596)
        at java.base@21.0.5/java.lang.Thread.run(Thread.java:1583)
"3296053d-9d54-4057-a6a8-67c4b6ec6587-ChunkReader-4" daemon prio=5 tid=2467 in Object.wait()
java.lang.Thread.State: WAITING (on object monitor)
        at java.base@21.0.5/jdk.internal.misc.Unsafe.park(Native Method)
        at java.base@21.0.5/java.util.concurrent.locks.LockSupport.park(LockSupport.java:371)
        at java.base@21.0.5/java.util.concurrent.locks.AbstractQueuedSynchronizer$ConditionNode.block(AbstractQueuedSynchronizer.java:519)
        at java.base@21.0.5/java.util.concurrent.ForkJoinPool.unmanagedBlock(ForkJoinPool.java:3780)
        at java.base@21.0.5/java.util.concurrent.ForkJoinPool.managedBlock(ForkJoinPool.java:3725)
        at java.base@21.0.5/java.util.concurrent.locks.AbstractQueuedSynchronizer$ConditionObject.await(AbstractQueuedSynchronizer.java:1712)
        at java.base@21.0.5/java.util.concurrent.LinkedBlockingQueue.take(LinkedBlockingQueue.java:435)
        at java.base@21.0.5/java.util.concurrent.ThreadPoolExecutor.getTask(ThreadPoolExecutor.java:1070)
        at java.base@21.0.5/java.util.concurrent.ThreadPoolExecutor.runWorker(ThreadPoolExecutor.java:1130)
        at java.base@21.0.5/java.util.concurrent.ThreadPoolExecutor$Worker.run(ThreadPoolExecutor.java:642)
        at java.base@21.0.5/java.lang.Thread.runWith(Thread.java:1596)
        at java.base@21.0.5/java.lang.Thread.run(Thread.java:1583)
"qtp1998750464-975" daemon prio=5 tid=975 runnable
java.lang.Thread.State: RUNNABLE
        at java.base@21.0.5/sun.nio.ch.EPoll.wait(Native Method)
        at java.base@21.0.5/sun.nio.ch.EPollSelectorImpl.doSelect(EPollSelectorImpl.java:121)
        at java.base@21.0.5/sun.nio.ch.SelectorImpl.lockAndDoSelect(SelectorImpl.java:130)
        at java.base@21.0.5/sun.nio.ch.SelectorImpl.select(SelectorImpl.java:147)
        at app//org.eclipse.jetty.io.ManagedSelector.nioSelect(ManagedSelector.java:183)
        at app//org.eclipse.jetty.io.ManagedSelector.select(ManagedSelector.java:190)
        at app//org.eclipse.jetty.io.ManagedSelector$SelectorProducer.select(ManagedSelector.java:606)
        at app//org.eclipse.jetty.io.ManagedSelector$SelectorProducer.produce(ManagedSelector.java:543)
        at app//org.eclipse.jetty.util.thread.strategy.EatWhatYouKill.produceTask(EatWhatYouKill.java:362)
        at app//org.eclipse.jetty.util.thread.strategy.EatWhatYouKill.doProduce(EatWhatYouKill.java:186)
        at app//org.eclipse.jetty.util.thread.strategy.EatWhatYouKill.tryProduce(EatWhatYouKill.java:173)
        at app//org.eclipse.jetty.util.thread.strategy.EatWhatYouKill.produce(EatWhatYouKill.java:137)
        at app//org.eclipse.jetty.io.ManagedSelector$$Lambda/0x00007fd9cc65d0d0.run(Unknown Source)
        at app//org.eclipse.jetty.util.thread.QueuedThreadPool.runJob(QueuedThreadPool.java:883)
        at app//org.eclipse.jetty.util.thread.QueuedThreadPool$Runner.run(QueuedThreadPool.java:1034)
        at java.base@21.0.5/java.lang.Thread.runWith(Thread.java:1596)
        at java.base@21.0.5/java.lang.Thread.run(Thread.java:1583)
"StaleRecoveringContainerScrubbingService#1" daemon prio=5 tid=999 in Object.wait()
java.lang.Thread.State: WAITING (on object monitor)
        at java.base@21.0.5/jdk.internal.misc.Unsafe.park(Native Method)
        at java.base@21.0.5/java.util.concurrent.locks.LockSupport.park(LockSupport.java:371)
        at java.base@21.0.5/java.util.concurrent.locks.AbstractQueuedSynchronizer$ConditionNode.block(AbstractQueuedSynchronizer.java:519)
        at java.base@21.0.5/java.util.concurrent.ForkJoinPool.unmanagedBlock(ForkJoinPool.java:3780)
        at java.base@21.0.5/java.util.concurrent.ForkJoinPool.managedBlock(ForkJoinPool.java:3725)
        at java.base@21.0.5/java.util.concurrent.locks.AbstractQueuedSynchronizer$ConditionObject.await(AbstractQueuedSynchronizer.java:1712)
        at java.base@21.0.5/java.util.concurrent.ScheduledThreadPoolExecutor$DelayedWorkQueue.take(ScheduledThreadPoolExecutor.java:1177)
        at java.base@21.0.5/java.util.concurrent.ScheduledThreadPoolExecutor$DelayedWorkQueue.take(ScheduledThreadPoolExecutor.java:899)
        at java.base@21.0.5/java.util.concurrent.ThreadPoolExecutor.getTask(ThreadPoolExecutor.java:1070)
        at java.base@21.0.5/java.util.concurrent.ThreadPoolExecutor.runWorker(ThreadPoolExecutor.java:1130)
        at java.base@21.0.5/java.util.concurrent.ThreadPoolExecutor$Worker.run(ThreadPoolExecutor.java:642)
        at java.base@21.0.5/java.lang.Thread.runWith(Thread.java:1596)
        at java.base@21.0.5/java.lang.Thread.run(Thread.java:1583)
"pool-87-thread-1"  prio=5 tid=517 timed_waiting
java.lang.Thread.State: TIMED_WAITING
        at java.base@21.0.5/jdk.internal.misc.Unsafe.park(Native Method)
        at java.base@21.0.5/java.util.concurrent.locks.LockSupport.parkNanos(LockSupport.java:269)
        at java.base@21.0.5/java.util.concurrent.locks.AbstractQueuedSynchronizer$ConditionObject.awaitNanos(AbstractQueuedSynchronizer.java:1763)
        at java.base@21.0.5/java.util.concurrent.ScheduledThreadPoolExecutor$DelayedWorkQueue.take(ScheduledThreadPoolExecutor.java:1182)
        at java.base@21.0.5/java.util.concurrent.ScheduledThreadPoolExecutor$DelayedWorkQueue.take(ScheduledThreadPoolExecutor.java:899)
        at java.base@21.0.5/java.util.concurrent.ThreadPoolExecutor.getTask(ThreadPoolExecutor.java:1070)
        at java.base@21.0.5/java.util.concurrent.ThreadPoolExecutor.runWorker(ThreadPoolExecutor.java:1130)
        at java.base@21.0.5/java.util.concurrent.ThreadPoolExecutor$Worker.run(ThreadPoolExecutor.java:642)
        at java.base@21.0.5/java.lang.Thread.runWith(Thread.java:1596)
        at java.base@21.0.5/java.lang.Thread.run(Thread.java:1583)
"IPC Server handler 98 on default port 15000" daemon prio=5 tid=212 timed_waiting
java.lang.Thread.State: TIMED_WAITING
        at java.base@21.0.5/jdk.internal.misc.Unsafe.park(Native Method)
        at java.base@21.0.5/java.util.concurrent.locks.LockSupport.parkNanos(LockSupport.java:269)
        at java.base@21.0.5/java.util.concurrent.locks.AbstractQueuedSynchronizer$ConditionObject.awaitNanos(AbstractQueuedSynchronizer.java:1763)
        at java.base@21.0.5/java.util.concurrent.LinkedBlockingQueue.poll(LinkedBlockingQueue.java:460)
        at app//org.apache.hadoop.ipc.CallQueueManager.take(CallQueueManager.java:370)
        at app//org.apache.hadoop.ipc.Server$Handler.run(Server.java:3165)
"IPC Server handler 64 on default port 15001" daemon prio=5 tid=278 timed_waiting
java.lang.Thread.State: TIMED_WAITING
        at java.base@21.0.5/jdk.internal.misc.Unsafe.park(Native Method)
        at java.base@21.0.5/java.util.concurrent.locks.LockSupport.parkNanos(LockSupport.java:269)
        at java.base@21.0.5/java.util.concurrent.locks.AbstractQueuedSynchronizer$ConditionObject.awaitNanos(AbstractQueuedSynchronizer.java:1763)
        at java.base@21.0.5/java.util.concurrent.LinkedBlockingQueue.poll(LinkedBlockingQueue.java:460)
        at app//org.apache.hadoop.ipc.CallQueueManager.take(CallQueueManager.java:370)
        at app//org.apache.hadoop.ipc.Server$Handler.run(Server.java:3165)
"79978ed1-1a5c-4832-b584-9e2d85f03cd7-server-thread1" daemon prio=5 tid=1937 timed_waiting
java.lang.Thread.State: TIMED_WAITING
        at java.base@21.0.5/jdk.internal.misc.Unsafe.park(Native Method)
        at java.base@21.0.5/java.util.concurrent.locks.LockSupport.parkNanos(LockSupport.java:410)
        at java.base@21.0.5/java.util.concurrent.LinkedTransferQueue$DualNode.await(LinkedTransferQueue.java:452)
        at java.base@21.0.5/java.util.concurrent.SynchronousQueue$Transferer.xferLifo(SynchronousQueue.java:194)
        at java.base@21.0.5/java.util.concurrent.SynchronousQueue.xfer(SynchronousQueue.java:235)
        at java.base@21.0.5/java.util.concurrent.SynchronousQueue.poll(SynchronousQueue.java:338)
        at java.base@21.0.5/java.util.concurrent.ThreadPoolExecutor.getTask(ThreadPoolExecutor.java:1069)
        at java.base@21.0.5/java.util.concurrent.ThreadPoolExecutor.runWorker(ThreadPoolExecutor.java:1130)
        at java.base@21.0.5/java.util.concurrent.ThreadPoolExecutor$Worker.run(ThreadPoolExecutor.java:642)
        at java.base@21.0.5/java.lang.Thread.runWith(Thread.java:1596)
        at java.base@21.0.5/java.lang.Thread.run(Thread.java:1583)
"IPC Server handler 20 on default port 15002" daemon prio=5 tid=352 timed_waiting
java.lang.Thread.State: TIMED_WAITING
        at java.base@21.0.5/jdk.internal.misc.Unsafe.park(Native Method)
        at java.base@21.0.5/java.util.concurrent.locks.LockSupport.parkNanos(LockSupport.java:269)
        at java.base@21.0.5/java.util.concurrent.locks.AbstractQueuedSynchronizer$ConditionObject.awaitNanos(AbstractQueuedSynchronizer.java:1763)
        at java.base@21.0.5/java.util.concurrent.LinkedBlockingQueue.poll(LinkedBlockingQueue.java:460)
        at app//org.apache.hadoop.ipc.CallQueueManager.take(CallQueueManager.java:370)
        at app//org.apache.hadoop.ipc.Server$Handler.run(Server.java:3165)
"qtp270478498-487" daemon prio=5 tid=487 timed_waiting
java.lang.Thread.State: TIMED_WAITING
        at java.base@21.0.5/jdk.internal.misc.Unsafe.park(Native Method)
        at java.base@21.0.5/java.util.concurrent.locks.LockSupport.parkNanos(LockSupport.java:269)
        at java.base@21.0.5/java.util.concurrent.locks.AbstractQueuedSynchronizer$ConditionObject.awaitNanos(AbstractQueuedSynchronizer.java:1763)
        at app//org.eclipse.jetty.util.BlockingArrayQueue.poll(BlockingArrayQueue.java:382)
        at app//org.eclipse.jetty.util.thread.QueuedThreadPool$Runner.idleJobPoll(QueuedThreadPool.java:974)
        at app//org.eclipse.jetty.util.thread.QueuedThreadPool$Runner.run(QueuedThreadPool.java:1018)
        at java.base@21.0.5/java.lang.Thread.runWith(Thread.java:1596)
        at java.base@21.0.5/java.lang.Thread.run(Thread.java:1583)
"751e45cc-852a-454f-97c8-e80f2befe6f4-ChunkWriter-2-0" daemon prio=5 tid=1078 in Object.wait()
java.lang.Thread.State: WAITING (on object monitor)
        at java.base@21.0.5/jdk.internal.misc.Unsafe.park(Native Method)
        at java.base@21.0.5/java.util.concurrent.locks.LockSupport.park(LockSupport.java:371)
        at java.base@21.0.5/java.util.concurrent.locks.AbstractQueuedSynchronizer$ConditionNode.block(AbstractQueuedSynchronizer.java:519)
        at java.base@21.0.5/java.util.concurrent.ForkJoinPool.unmanagedBlock(ForkJoinPool.java:3780)
        at java.base@21.0.5/java.util.concurrent.ForkJoinPool.managedBlock(ForkJoinPool.java:3725)
        at java.base@21.0.5/java.util.concurrent.locks.AbstractQueuedSynchronizer$ConditionObject.await(AbstractQueuedSynchronizer.java:1712)
        at java.base@21.0.5/java.util.concurrent.LinkedBlockingDeque.takeFirst(LinkedBlockingDeque.java:485)
        at java.base@21.0.5/java.util.concurrent.LinkedBlockingDeque.take(LinkedBlockingDeque.java:673)
        at java.base@21.0.5/java.util.concurrent.ThreadPoolExecutor.getTask(ThreadPoolExecutor.java:1070)
        at java.base@21.0.5/java.util.concurrent.ThreadPoolExecutor.runWorker(ThreadPoolExecutor.java:1130)
        at java.base@21.0.5/java.util.concurrent.ThreadPoolExecutor$Worker.run(ThreadPoolExecutor.java:642)
        at java.base@21.0.5/java.lang.Thread.runWith(Thread.java:1596)
        at java.base@21.0.5/java.lang.Thread.run(Thread.java:1583)
"IPC Server handler 93 on default port 15000" daemon prio=5 tid=207 timed_waiting
java.lang.Thread.State: TIMED_WAITING
        at java.base@21.0.5/jdk.internal.misc.Unsafe.park(Native Method)
        at java.base@21.0.5/java.util.concurrent.locks.LockSupport.parkNanos(LockSupport.java:269)
        at java.base@21.0.5/java.util.concurrent.locks.AbstractQueuedSynchronizer$ConditionObject.awaitNanos(AbstractQueuedSynchronizer.java:1763)
        at java.base@21.0.5/java.util.concurrent.LinkedBlockingQueue.poll(LinkedBlockingQueue.java:460)
        at app//org.apache.hadoop.ipc.CallQueueManager.take(CallQueueManager.java:370)
        at app//org.apache.hadoop.ipc.Server$Handler.run(Server.java:3165)
"IPC Server handler 87 on default port 15001" daemon prio=5 tid=301 timed_waiting
java.lang.Thread.State: TIMED_WAITING
        at java.base@21.0.5/jdk.internal.misc.Unsafe.park(Native Method)
        at java.base@21.0.5/java.util.concurrent.locks.LockSupport.parkNanos(LockSupport.java:269)
        at java.base@21.0.5/java.util.concurrent.locks.AbstractQueuedSynchronizer$ConditionObject.awaitNanos(AbstractQueuedSynchronizer.java:1763)
        at java.base@21.0.5/java.util.concurrent.LinkedBlockingQueue.poll(LinkedBlockingQueue.java:460)
        at app//org.apache.hadoop.ipc.CallQueueManager.take(CallQueueManager.java:370)
        at app//org.apache.hadoop.ipc.Server$Handler.run(Server.java:3165)
"IPC Server handler 31 on default port 15002" daemon prio=5 tid=363 timed_waiting
java.lang.Thread.State: TIMED_WAITING
        at java.base@21.0.5/jdk.internal.misc.Unsafe.park(Native Method)
        at java.base@21.0.5/java.util.concurrent.locks.LockSupport.parkNanos(LockSupport.java:269)
        at java.base@21.0.5/java.util.concurrent.locks.AbstractQueuedSynchronizer$ConditionObject.awaitNanos(AbstractQueuedSynchronizer.java:1763)
        at java.base@21.0.5/java.util.concurrent.LinkedBlockingQueue.poll(LinkedBlockingQueue.java:460)
        at app//org.apache.hadoop.ipc.CallQueueManager.take(CallQueueManager.java:370)
        at app//org.apache.hadoop.ipc.Server$Handler.run(Server.java:3165)
"surefire-forkedjvm-command-thread" daemon prio=5 tid=23 runnable
java.lang.Thread.State: RUNNABLE
        at java.base@21.0.5/java.io.FileInputStream.readBytes(Native Method)
        at java.base@21.0.5/java.io.FileInputStream.read(FileInputStream.java:287)
        at java.base@21.0.5/java.io.BufferedInputStream.fill(BufferedInputStream.java:291)
        at java.base@21.0.5/java.io.BufferedInputStream.read1(BufferedInputStream.java:347)
        at java.base@21.0.5/java.io.BufferedInputStream.implRead(BufferedInputStream.java:420)
        at java.base@21.0.5/java.io.BufferedInputStream.read(BufferedInputStream.java:399)
        at java.base@21.0.5/java.io.DataInputStream.readFully(DataInputStream.java:208)
        at java.base@21.0.5/java.io.DataInputStream.readInt(DataInputStream.java:385)
        at app//org.apache.maven.surefire.booter.MasterProcessCommand.decode(MasterProcessCommand.java:113)
        at app//org.apache.maven.surefire.booter.CommandReader$CommandRunnable.run(CommandReader.java:383)
        at java.base@21.0.5/java.lang.Thread.runWith(Thread.java:1596)
        at java.base@21.0.5/java.lang.Thread.run(Thread.java:1583)
"IPC Server handler 50 on default port 15001" daemon prio=5 tid=264 timed_waiting
java.lang.Thread.State: TIMED_WAITING
        at java.base@21.0.5/jdk.internal.misc.Unsafe.park(Native Method)
        at java.base@21.0.5/java.util.concurrent.locks.LockSupport.parkNanos(LockSupport.java:269)
        at java.base@21.0.5/java.util.concurrent.locks.AbstractQueuedSynchronizer$ConditionObject.awaitNanos(AbstractQueuedSynchronizer.java:1763)
        at java.base@21.0.5/java.util.concurrent.LinkedBlockingQueue.poll(LinkedBlockingQueue.java:460)
        at app//org.apache.hadoop.ipc.CallQueueManager.take(CallQueueManager.java:370)
        at app//org.apache.hadoop.ipc.Server$Handler.run(Server.java:3165)
"ac32094a-198b-4072-99dd-552311e88daf@group-17ECB58173E6-FollowerState" daemon prio=5 tid=1532 timed_waiting
java.lang.Thread.State: TIMED_WAITING
        at java.base@21.0.5/java.lang.Thread.sleep0(Native Method)
        at java.base@21.0.5/java.lang.Thread.sleep(Thread.java:558)
        at java.base@21.0.5/java.util.concurrent.TimeUnit.sleep(TimeUnit.java:446)
        at app//org.apache.ratis.util.TimeDuration.sleep(TimeDuration.java:353)
        at app//org.apache.ratis.util.TimeDuration.sleep(TimeDuration.java:338)
        at app//org.apache.ratis.server.impl.FollowerState.runImpl(FollowerState.java:149)
        at app//org.apache.ratis.server.impl.FollowerState.run(FollowerState.java:130)
"IPC Server handler 65 on default port 15002" daemon prio=5 tid=397 timed_waiting
java.lang.Thread.State: TIMED_WAITING
        at java.base@21.0.5/jdk.internal.misc.Unsafe.park(Native Method)
        at java.base@21.0.5/java.util.concurrent.locks.LockSupport.parkNanos(LockSupport.java:269)
        at java.base@21.0.5/java.util.concurrent.locks.AbstractQueuedSynchronizer$ConditionObject.awaitNanos(AbstractQueuedSynchronizer.java:1763)
        at java.base@21.0.5/java.util.concurrent.LinkedBlockingQueue.poll(LinkedBlockingQueue.java:460)
        at app//org.apache.hadoop.ipc.CallQueueManager.take(CallQueueManager.java:370)
        at app//org.apache.hadoop.ipc.Server$Handler.run(Server.java:3165)
"IPC Server handler 1 on default port 15012" daemon prio=5 tid=542 timed_waiting
java.lang.Thread.State: TIMED_WAITING
        at java.base@21.0.5/jdk.internal.misc.Unsafe.park(Native Method)
        at java.base@21.0.5/java.util.concurrent.locks.LockSupport.parkNanos(LockSupport.java:269)
        at java.base@21.0.5/java.util.concurrent.locks.AbstractQueuedSynchronizer$ConditionObject.awaitNanos(AbstractQueuedSynchronizer.java:1763)
        at java.base@21.0.5/java.util.concurrent.LinkedBlockingQueue.poll(LinkedBlockingQueue.java:460)
        at app//org.apache.hadoop.ipc.CallQueueManager.take(CallQueueManager.java:370)
        at app//org.apache.hadoop.ipc.Server$Handler.run(Server.java:3165)
"3296053d-9d54-4057-a6a8-67c4b6ec6587-server-thread2" daemon prio=5 tid=2367 timed_waiting
java.lang.Thread.State: TIMED_WAITING
        at java.base@21.0.5/jdk.internal.misc.Unsafe.park(Native Method)
        at java.base@21.0.5/java.util.concurrent.locks.LockSupport.parkNanos(LockSupport.java:410)
        at java.base@21.0.5/java.util.concurrent.LinkedTransferQueue$DualNode.await(LinkedTransferQueue.java:452)
        at java.base@21.0.5/java.util.concurrent.SynchronousQueue$Transferer.xferLifo(SynchronousQueue.java:194)
        at java.base@21.0.5/java.util.concurrent.SynchronousQueue.xfer(SynchronousQueue.java:235)
        at java.base@21.0.5/java.util.concurrent.SynchronousQueue.poll(SynchronousQueue.java:338)
        at java.base@21.0.5/java.util.concurrent.ThreadPoolExecutor.getTask(ThreadPoolExecutor.java:1069)
        at java.base@21.0.5/java.util.concurrent.ThreadPoolExecutor.runWorker(ThreadPoolExecutor.java:1130)
        at java.base@21.0.5/java.util.concurrent.ThreadPoolExecutor$Worker.run(ThreadPoolExecutor.java:642)
        at java.base@21.0.5/java.lang.Thread.runWith(Thread.java:1596)
        at java.base@21.0.5/java.lang.Thread.run(Thread.java:1583)
"IPC Server handler 73 on default port 15002" daemon prio=5 tid=405 timed_waiting
java.lang.Thread.State: TIMED_WAITING
        at java.base@21.0.5/jdk.internal.misc.Unsafe.park(Native Method)
        at java.base@21.0.5/java.util.concurrent.locks.LockSupport.parkNanos(LockSupport.java:269)
        at java.base@21.0.5/java.util.concurrent.locks.AbstractQueuedSynchronizer$ConditionObject.awaitNanos(AbstractQueuedSynchronizer.java:1763)
        at java.base@21.0.5/java.util.concurrent.LinkedBlockingQueue.poll(LinkedBlockingQueue.java:460)
        at app//org.apache.hadoop.ipc.CallQueueManager.take(CallQueueManager.java:370)
        at app//org.apache.hadoop.ipc.Server$Handler.run(Server.java:3165)
"IPC Server handler 74 on default port 15002" daemon prio=5 tid=406 timed_waiting
java.lang.Thread.State: TIMED_WAITING
        at java.base@21.0.5/jdk.internal.misc.Unsafe.park(Native Method)
        at java.base@21.0.5/java.util.concurrent.locks.LockSupport.parkNanos(LockSupport.java:269)
        at java.base@21.0.5/java.util.concurrent.locks.AbstractQueuedSynchronizer$ConditionObject.awaitNanos(AbstractQueuedSynchronizer.java:1763)
        at java.base@21.0.5/java.util.concurrent.LinkedBlockingQueue.poll(LinkedBlockingQueue.java:460)
        at app//org.apache.hadoop.ipc.CallQueueManager.take(CallQueueManager.java:370)
        at app//org.apache.hadoop.ipc.Server$Handler.run(Server.java:3165)
"om1-MultipartUploadCleanupService#0" daemon prio=5 tid=474 timed_waiting
java.lang.Thread.State: TIMED_WAITING
        at java.base@21.0.5/jdk.internal.misc.Unsafe.park(Native Method)
        at java.base@21.0.5/java.util.concurrent.locks.LockSupport.parkNanos(LockSupport.java:269)
        at java.base@21.0.5/java.util.concurrent.locks.AbstractQueuedSynchronizer$ConditionObject.awaitNanos(AbstractQueuedSynchronizer.java:1763)
        at java.base@21.0.5/java.util.concurrent.ScheduledThreadPoolExecutor$DelayedWorkQueue.take(ScheduledThreadPoolExecutor.java:1182)
        at java.base@21.0.5/java.util.concurrent.ScheduledThreadPoolExecutor$DelayedWorkQueue.take(ScheduledThreadPoolExecutor.java:899)
        at java.base@21.0.5/java.util.concurrent.ThreadPoolExecutor.getTask(ThreadPoolExecutor.java:1070)
        at java.base@21.0.5/java.util.concurrent.ThreadPoolExecutor.runWorker(ThreadPoolExecutor.java:1130)
        at java.base@21.0.5/java.util.concurrent.ThreadPoolExecutor$Worker.run(ThreadPoolExecutor.java:642)
        at java.base@21.0.5/java.lang.Thread.runWith(Thread.java:1596)
        at java.base@21.0.5/java.lang.Thread.run(Thread.java:1583)
"4b5ea8a3-88a5-4114-908f-7a85f39bc1cb@group-AEA5E11D46FC-cacheEviction-AwaitToRun" daemon prio=5 tid=1361 in Object.wait()
java.lang.Thread.State: WAITING (on object monitor)
        at java.base@21.0.5/jdk.internal.misc.Unsafe.park(Native Method)
        at java.base@21.0.5/java.util.concurrent.locks.LockSupport.park(LockSupport.java:371)
        at java.base@21.0.5/java.util.concurrent.locks.AbstractQueuedSynchronizer$ConditionNode.block(AbstractQueuedSynchronizer.java:519)
        at java.base@21.0.5/java.util.concurrent.ForkJoinPool.unmanagedBlock(ForkJoinPool.java:3780)
        at java.base@21.0.5/java.util.concurrent.ForkJoinPool.managedBlock(ForkJoinPool.java:3725)
        at java.base@21.0.5/java.util.concurrent.locks.AbstractQueuedSynchronizer$ConditionObject.await(AbstractQueuedSynchronizer.java:1712)
        at app//org.apache.ratis.util.AwaitForSignal.await(AwaitForSignal.java:48)
        at app//org.apache.ratis.util.AwaitToRun$RunnableImpl.run(AwaitToRun.java:47)
        at java.base@21.0.5/java.lang.Thread.runWith(Thread.java:1596)
        at java.base@21.0.5/java.lang.Thread.run(Thread.java:1583)
"JvmPauseMonitor7" daemon prio=5 tid=1062 timed_waiting
java.lang.Thread.State: TIMED_WAITING
        at java.base@21.0.5/java.lang.Thread.sleep0(Native Method)
        at java.base@21.0.5/java.lang.Thread.sleep(Thread.java:558)
        at java.base@21.0.5/java.util.concurrent.TimeUnit.sleep(TimeUnit.java:446)
        at app//org.apache.ratis.util.TimeDuration.sleep(TimeDuration.java:353)
        at app//org.apache.ratis.util.TimeDuration.sleep(TimeDuration.java:338)
        at app//org.apache.ratis.util.JvmPauseMonitor.detectPause(JvmPauseMonitor.java:160)
        at app//org.apache.ratis.util.JvmPauseMonitor.run(JvmPauseMonitor.java:149)
        at app//org.apache.ratis.util.JvmPauseMonitor$$Lambda/0x00007fd9cc38c980.run(Unknown Source)
        at java.base@21.0.5/java.lang.Thread.runWith(Thread.java:1596)
        at java.base@21.0.5/java.lang.Thread.run(Thread.java:1583)
"IPC Server handler 13 on default port 15006" daemon prio=5 tid=504 timed_waiting
java.lang.Thread.State: TIMED_WAITING
        at java.base@21.0.5/jdk.internal.misc.Unsafe.park(Native Method)
        at java.base@21.0.5/java.util.concurrent.locks.LockSupport.parkNanos(LockSupport.java:269)
        at java.base@21.0.5/java.util.concurrent.locks.AbstractQueuedSynchronizer$ConditionObject.awaitNanos(AbstractQueuedSynchronizer.java:1763)
        at java.base@21.0.5/java.util.concurrent.LinkedBlockingQueue.poll(LinkedBlockingQueue.java:460)
        at app//org.apache.hadoop.ipc.CallQueueManager.take(CallQueueManager.java:370)
        at app//org.apache.hadoop.ipc.Server$Handler.run(Server.java:3165)
"79978ed1-1a5c-4832-b584-9e2d85f03cd7@group-A038BBDD90A4-StateMachineUpdater" daemon prio=5 tid=1175 timed_waiting
java.lang.Thread.State: TIMED_WAITING
        at java.base@21.0.5/jdk.internal.misc.Unsafe.park(Native Method)
        at java.base@21.0.5/java.util.concurrent.locks.LockSupport.parkNanos(LockSupport.java:269)
        at java.base@21.0.5/java.util.concurrent.locks.AbstractQueuedSynchronizer$ConditionObject.await(AbstractQueuedSynchronizer.java:1852)
        at app//org.apache.ratis.util.AwaitForSignal.await(AwaitForSignal.java:65)
        at app//org.apache.ratis.server.impl.StateMachineUpdater.waitForCommit(StateMachineUpdater.java:219)
        at app//org.apache.ratis.server.impl.StateMachineUpdater.run(StateMachineUpdater.java:187)
        at java.base@21.0.5/java.lang.Thread.runWith(Thread.java:1596)
        at java.base@21.0.5/java.lang.Thread.run(Thread.java:1583)
"qtp1998750464-977" daemon prio=5 tid=977 timed_waiting
java.lang.Thread.State: TIMED_WAITING
        at java.base@21.0.5/jdk.internal.misc.Unsafe.park(Native Method)
        at java.base@21.0.5/java.util.concurrent.locks.LockSupport.parkNanos(LockSupport.java:269)
        at java.base@21.0.5/java.util.concurrent.locks.AbstractQueuedSynchronizer$ConditionObject.awaitNanos(AbstractQueuedSynchronizer.java:1763)
        at app//org.eclipse.jetty.util.BlockingArrayQueue.poll(BlockingArrayQueue.java:382)
        at app//org.eclipse.jetty.util.thread.QueuedThreadPool$Runner.idleJobPoll(QueuedThreadPool.java:974)
        at app//org.eclipse.jetty.util.thread.QueuedThreadPool$Runner.run(QueuedThreadPool.java:1018)
        at java.base@21.0.5/java.lang.Thread.runWith(Thread.java:1596)
        at java.base@21.0.5/java.lang.Thread.run(Thread.java:1583)
"4b5ea8a3-88a5-4114-908f-7a85f39bc1cb-ChunkReader-5" daemon prio=5 tid=2095 in Object.wait()
java.lang.Thread.State: WAITING (on object monitor)
        at java.base@21.0.5/jdk.internal.misc.Unsafe.park(Native Method)
        at java.base@21.0.5/java.util.concurrent.locks.LockSupport.park(LockSupport.java:371)
        at java.base@21.0.5/java.util.concurrent.locks.AbstractQueuedSynchronizer$ConditionNode.block(AbstractQueuedSynchronizer.java:519)
        at java.base@21.0.5/java.util.concurrent.ForkJoinPool.unmanagedBlock(ForkJoinPool.java:3780)
        at java.base@21.0.5/java.util.concurrent.ForkJoinPool.managedBlock(ForkJoinPool.java:3725)
        at java.base@21.0.5/java.util.concurrent.locks.AbstractQueuedSynchronizer$ConditionObject.await(AbstractQueuedSynchronizer.java:1712)
        at java.base@21.0.5/java.util.concurrent.LinkedBlockingQueue.take(LinkedBlockingQueue.java:435)
        at java.base@21.0.5/java.util.concurrent.ThreadPoolExecutor.getTask(ThreadPoolExecutor.java:1070)
        at java.base@21.0.5/java.util.concurrent.ThreadPoolExecutor.runWorker(ThreadPoolExecutor.java:1130)
        at java.base@21.0.5/java.util.concurrent.ThreadPoolExecutor$Worker.run(ThreadPoolExecutor.java:642)
        at java.base@21.0.5/java.lang.Thread.runWith(Thread.java:1596)
        at java.base@21.0.5/java.lang.Thread.run(Thread.java:1583)
"3296053d-9d54-4057-a6a8-67c4b6ec6587-ChunkReader-0" daemon prio=5 tid=2452 in Object.wait()
java.lang.Thread.State: WAITING (on object monitor)
        at java.base@21.0.5/jdk.internal.misc.Unsafe.park(Native Method)
        at java.base@21.0.5/java.util.concurrent.locks.LockSupport.park(LockSupport.java:371)
        at java.base@21.0.5/java.util.concurrent.locks.AbstractQueuedSynchronizer$ConditionNode.block(AbstractQueuedSynchronizer.java:519)
        at java.base@21.0.5/java.util.concurrent.ForkJoinPool.unmanagedBlock(ForkJoinPool.java:3780)
        at java.base@21.0.5/java.util.concurrent.ForkJoinPool.managedBlock(ForkJoinPool.java:3725)
        at java.base@21.0.5/java.util.concurrent.locks.AbstractQueuedSynchronizer$ConditionObject.await(AbstractQueuedSynchronizer.java:1712)
        at java.base@21.0.5/java.util.concurrent.LinkedBlockingQueue.take(LinkedBlockingQueue.java:435)
        at java.base@21.0.5/java.util.concurrent.ThreadPoolExecutor.getTask(ThreadPoolExecutor.java:1070)
        at java.base@21.0.5/java.util.concurrent.ThreadPoolExecutor.runWorker(ThreadPoolExecutor.java:1130)
        at java.base@21.0.5/java.util.concurrent.ThreadPoolExecutor$Worker.run(ThreadPoolExecutor.java:642)
        at java.base@21.0.5/java.lang.Thread.runWith(Thread.java:1596)
        at java.base@21.0.5/java.lang.Thread.run(Thread.java:1583)
"StaleRecoveringContainerScrubbingService#4" daemon prio=5 tid=2576 in Object.wait()
java.lang.Thread.State: WAITING (on object monitor)
        at java.base@21.0.5/jdk.internal.misc.Unsafe.park(Native Method)
        at java.base@21.0.5/java.util.concurrent.locks.LockSupport.park(LockSupport.java:371)
        at java.base@21.0.5/java.util.concurrent.locks.AbstractQueuedSynchronizer$ConditionNode.block(AbstractQueuedSynchronizer.java:519)
        at java.base@21.0.5/java.util.concurrent.ForkJoinPool.unmanagedBlock(ForkJoinPool.java:3780)
        at java.base@21.0.5/java.util.concurrent.ForkJoinPool.managedBlock(ForkJoinPool.java:3725)
        at java.base@21.0.5/java.util.concurrent.locks.AbstractQueuedSynchronizer$ConditionObject.await(AbstractQueuedSynchronizer.java:1712)
        at java.base@21.0.5/java.util.concurrent.ScheduledThreadPoolExecutor$DelayedWorkQueue.take(ScheduledThreadPoolExecutor.java:1177)
        at java.base@21.0.5/java.util.concurrent.ScheduledThreadPoolExecutor$DelayedWorkQueue.take(ScheduledThreadPoolExecutor.java:899)
        at java.base@21.0.5/java.util.concurrent.ThreadPoolExecutor.getTask(ThreadPoolExecutor.java:1070)
        at java.base@21.0.5/java.util.concurrent.ThreadPoolExecutor.runWorker(ThreadPoolExecutor.java:1130)
        at java.base@21.0.5/java.util.concurrent.ThreadPoolExecutor$Worker.run(ThreadPoolExecutor.java:642)
        at java.base@21.0.5/java.lang.Thread.runWith(Thread.java:1596)
        at java.base@21.0.5/java.lang.Thread.run(Thread.java:1583)
"IPC Server listener on 15001" daemon prio=5 tid=69 runnable
java.lang.Thread.State: RUNNABLE
        at java.base@21.0.5/sun.nio.ch.EPoll.wait(Native Method)
        at java.base@21.0.5/sun.nio.ch.EPollSelectorImpl.doSelect(EPollSelectorImpl.java:121)
        at java.base@21.0.5/sun.nio.ch.SelectorImpl.lockAndDoSelect(SelectorImpl.java:130)
        at java.base@21.0.5/sun.nio.ch.SelectorImpl.select(SelectorImpl.java:147)
        at app//org.apache.hadoop.ipc.Server$Listener.run(Server.java:1559)
"ExpiredContainerReplicaOpScrubber" daemon prio=5 tid=50 timed_waiting
java.lang.Thread.State: TIMED_WAITING
        at java.base@21.0.5/java.lang.Object.wait0(Native Method)
        at java.base@21.0.5/java.lang.Object.wait(Unknown Source)
        at app//org.apache.hadoop.hdds.scm.ha.BackgroundSCMService.run(BackgroundSCMService.java:107)
        at app//org.apache.hadoop.hdds.scm.ha.BackgroundSCMService$$Lambda/0x00007fd9cc4a86a0.run(Unknown Source)
        at java.base@21.0.5/java.lang.Thread.runWith(Thread.java:1596)
        at java.base@21.0.5/java.lang.Thread.run(Thread.java:1583)
"IPC Server handler 6 on default port 15000" daemon prio=5 tid=120 timed_waiting
java.lang.Thread.State: TIMED_WAITING
        at java.base@21.0.5/jdk.internal.misc.Unsafe.park(Native Method)
        at java.base@21.0.5/java.util.concurrent.locks.LockSupport.parkNanos(LockSupport.java:269)
        at java.base@21.0.5/java.util.concurrent.locks.AbstractQueuedSynchronizer$ConditionObject.awaitNanos(AbstractQueuedSynchronizer.java:1763)
        at java.base@21.0.5/java.util.concurrent.LinkedBlockingQueue.poll(LinkedBlockingQueue.java:460)
        at app//org.apache.hadoop.ipc.CallQueueManager.take(CallQueueManager.java:370)
        at app//org.apache.hadoop.ipc.Server$Handler.run(Server.java:3165)
"IPC Server handler 54 on default port 15000" daemon prio=5 tid=168 timed_waiting
java.lang.Thread.State: TIMED_WAITING
        at java.base@21.0.5/jdk.internal.misc.Unsafe.park(Native Method)
        at java.base@21.0.5/java.util.concurrent.locks.LockSupport.parkNanos(LockSupport.java:269)
        at java.base@21.0.5/java.util.concurrent.locks.AbstractQueuedSynchronizer$ConditionObject.awaitNanos(AbstractQueuedSynchronizer.java:1763)
        at java.base@21.0.5/java.util.concurrent.LinkedBlockingQueue.poll(LinkedBlockingQueue.java:460)
        at app//org.apache.hadoop.ipc.CallQueueManager.take(CallQueueManager.java:370)
        at app//org.apache.hadoop.ipc.Server$Handler.run(Server.java:3165)
"ac32094a-198b-4072-99dd-552311e88daf-ChunkReader-8" daemon prio=5 tid=2695 in Object.wait()
java.lang.Thread.State: WAITING (on object monitor)
        at java.base@21.0.5/jdk.internal.misc.Unsafe.park(Native Method)
        at java.base@21.0.5/java.util.concurrent.locks.LockSupport.park(LockSupport.java:371)
        at java.base@21.0.5/java.util.concurrent.locks.AbstractQueuedSynchronizer$ConditionNode.block(AbstractQueuedSynchronizer.java:519)
        at java.base@21.0.5/java.util.concurrent.ForkJoinPool.unmanagedBlock(ForkJoinPool.java:3780)
        at java.base@21.0.5/java.util.concurrent.ForkJoinPool.managedBlock(ForkJoinPool.java:3725)
        at java.base@21.0.5/java.util.concurrent.locks.AbstractQueuedSynchronizer$ConditionObject.await(AbstractQueuedSynchronizer.java:1712)
        at java.base@21.0.5/java.util.concurrent.LinkedBlockingQueue.take(LinkedBlockingQueue.java:435)
        at java.base@21.0.5/java.util.concurrent.ThreadPoolExecutor.getTask(ThreadPoolExecutor.java:1070)
        at java.base@21.0.5/java.util.concurrent.ThreadPoolExecutor.runWorker(ThreadPoolExecutor.java:1130)
        at java.base@21.0.5/java.util.concurrent.ThreadPoolExecutor$Worker.run(ThreadPoolExecutor.java:642)
        at java.base@21.0.5/java.lang.Thread.runWith(Thread.java:1596)
        at java.base@21.0.5/java.lang.Thread.run(Thread.java:1583)
"qtp442606276-798-acceptor-0@70aa8297-ServerConnector@1771700b{HTTP/1.1, (http/1.1)}{0.0.0.0:15065}" daemon prio=3 tid=798 runnable
java.lang.Thread.State: RUNNABLE
        at java.base@21.0.5/sun.nio.ch.Net.accept(Native Method)
        at java.base@21.0.5/sun.nio.ch.ServerSocketChannelImpl.implAccept(ServerSocketChannelImpl.java:433)
        at java.base@21.0.5/sun.nio.ch.ServerSocketChannelImpl.accept(ServerSocketChannelImpl.java:399)
        at app//org.eclipse.jetty.server.ServerConnector.accept(ServerConnector.java:388)
        at app//org.eclipse.jetty.server.AbstractConnector$Acceptor.run(AbstractConnector.java:704)
        at app//org.eclipse.jetty.util.thread.QueuedThreadPool.runJob(QueuedThreadPool.java:883)
        at app//org.eclipse.jetty.util.thread.QueuedThreadPool$Runner.run(QueuedThreadPool.java:1034)
        at java.base@21.0.5/java.lang.Thread.runWith(Thread.java:1596)
        at java.base@21.0.5/java.lang.Thread.run(Thread.java:1583)
"Socket Reader #1 for port 15000"  prio=5 tid=84 runnable
java.lang.Thread.State: RUNNABLE
        at java.base@21.0.5/sun.nio.ch.EPoll.wait(Native Method)
        at java.base@21.0.5/sun.nio.ch.EPollSelectorImpl.doSelect(EPollSelectorImpl.java:121)
        at java.base@21.0.5/sun.nio.ch.SelectorImpl.lockAndDoSelect(SelectorImpl.java:130)
        at java.base@21.0.5/sun.nio.ch.SelectorImpl.select(SelectorImpl.java:147)
        at app//org.apache.hadoop.ipc.Server$Listener$Reader.doRunLoop(Server.java:1497)
        at app//org.apache.hadoop.ipc.Server$Listener$Reader.run(Server.java:1476)
"IPC Server handler 93 on default port 15002" daemon prio=5 tid=425 timed_waiting
java.lang.Thread.State: TIMED_WAITING
        at java.base@21.0.5/jdk.internal.misc.Unsafe.park(Native Method)
        at java.base@21.0.5/java.util.concurrent.locks.LockSupport.parkNanos(LockSupport.java:269)
        at java.base@21.0.5/java.util.concurrent.locks.AbstractQueuedSynchronizer$ConditionObject.awaitNanos(AbstractQueuedSynchronizer.java:1763)
        at java.base@21.0.5/java.util.concurrent.LinkedBlockingQueue.poll(LinkedBlockingQueue.java:460)
        at app//org.apache.hadoop.ipc.CallQueueManager.take(CallQueueManager.java:370)
        at app//org.apache.hadoop.ipc.Server$Handler.run(Server.java:3165)
"4b5ea8a3-88a5-4114-908f-7a85f39bc1cb-CloseContainerThread-0"  prio=5 tid=2422 in Object.wait()
java.lang.Thread.State: WAITING (on object monitor)
        at java.base@21.0.5/jdk.internal.misc.Unsafe.park(Native Method)
        at java.base@21.0.5/java.util.concurrent.locks.LockSupport.park(LockSupport.java:371)
        at java.base@21.0.5/java.util.concurrent.locks.AbstractQueuedSynchronizer$ConditionNode.block(AbstractQueuedSynchronizer.java:519)
        at java.base@21.0.5/java.util.concurrent.ForkJoinPool.unmanagedBlock(ForkJoinPool.java:3780)
        at java.base@21.0.5/java.util.concurrent.ForkJoinPool.managedBlock(ForkJoinPool.java:3725)
        at java.base@21.0.5/java.util.concurrent.locks.AbstractQueuedSynchronizer$ConditionObject.await(AbstractQueuedSynchronizer.java:1712)
        at java.base@21.0.5/java.util.concurrent.LinkedBlockingQueue.take(LinkedBlockingQueue.java:435)
        at java.base@21.0.5/java.util.concurrent.ThreadPoolExecutor.getTask(ThreadPoolExecutor.java:1070)
        at java.base@21.0.5/java.util.concurrent.ThreadPoolExecutor.runWorker(ThreadPoolExecutor.java:1130)
        at java.base@21.0.5/java.util.concurrent.ThreadPoolExecutor$Worker.run(ThreadPoolExecutor.java:642)
        at java.base@21.0.5/java.lang.Thread.runWith(Thread.java:1596)
        at java.base@21.0.5/java.lang.Thread.run(Thread.java:1583)
"qtp1967404553-705" daemon prio=5 tid=705 runnable
java.lang.Thread.State: RUNNABLE
        at java.base@21.0.5/sun.nio.ch.EPoll.wait(Native Method)
        at java.base@21.0.5/sun.nio.ch.EPollSelectorImpl.doSelect(EPollSelectorImpl.java:121)
        at java.base@21.0.5/sun.nio.ch.SelectorImpl.lockAndDoSelect(SelectorImpl.java:130)
        at java.base@21.0.5/sun.nio.ch.SelectorImpl.select(SelectorImpl.java:147)
        at app//org.eclipse.jetty.io.ManagedSelector.nioSelect(ManagedSelector.java:183)
        at app//org.eclipse.jetty.io.ManagedSelector.select(ManagedSelector.java:190)
        at app//org.eclipse.jetty.io.ManagedSelector$SelectorProducer.select(ManagedSelector.java:606)
        at app//org.eclipse.jetty.io.ManagedSelector$SelectorProducer.produce(ManagedSelector.java:543)
        at app//org.eclipse.jetty.util.thread.strategy.EatWhatYouKill.produceTask(EatWhatYouKill.java:362)
        at app//org.eclipse.jetty.util.thread.strategy.EatWhatYouKill.doProduce(EatWhatYouKill.java:186)
        at app//org.eclipse.jetty.util.thread.strategy.EatWhatYouKill.tryProduce(EatWhatYouKill.java:173)
        at app//org.eclipse.jetty.util.thread.strategy.EatWhatYouKill.produce(EatWhatYouKill.java:137)
        at app//org.eclipse.jetty.io.ManagedSelector$$Lambda/0x00007fd9cc65d0d0.run(Unknown Source)
        at app//org.eclipse.jetty.util.thread.QueuedThreadPool.runJob(QueuedThreadPool.java:883)
        at app//org.eclipse.jetty.util.thread.QueuedThreadPool$Runner.run(QueuedThreadPool.java:1034)
        at java.base@21.0.5/java.lang.Thread.runWith(Thread.java:1596)
        at java.base@21.0.5/java.lang.Thread.run(Thread.java:1583)
"IPC Server handler 88 on default port 15001" daemon prio=5 tid=302 timed_waiting
java.lang.Thread.State: TIMED_WAITING
        at java.base@21.0.5/jdk.internal.misc.Unsafe.park(Native Method)
        at java.base@21.0.5/java.util.concurrent.locks.LockSupport.parkNanos(LockSupport.java:269)
        at java.base@21.0.5/java.util.concurrent.locks.AbstractQueuedSynchronizer$ConditionObject.awaitNanos(AbstractQueuedSynchronizer.java:1763)
        at java.base@21.0.5/java.util.concurrent.LinkedBlockingQueue.poll(LinkedBlockingQueue.java:460)
        at app//org.apache.hadoop.ipc.CallQueueManager.take(CallQueueManager.java:370)
        at app//org.apache.hadoop.ipc.Server$Handler.run(Server.java:3165)
"3296053d-9d54-4057-a6a8-67c4b6ec6587@group-69B381BA0E06-SegmentedRaftLogWorker" daemon prio=5 tid=1226 timed_waiting
java.lang.Thread.State: TIMED_WAITING
        at java.base@21.0.5/jdk.internal.misc.Unsafe.park(Native Method)
        at java.base@21.0.5/java.util.concurrent.locks.LockSupport.parkNanos(LockSupport.java:269)
        at java.base@21.0.5/java.util.concurrent.locks.AbstractQueuedSynchronizer$ConditionObject.awaitNanos(AbstractQueuedSynchronizer.java:1763)
        at app//org.apache.ratis.util.DataBlockingQueue.poll(DataBlockingQueue.java:148)
        at app//org.apache.ratis.server.raftlog.segmented.SegmentedRaftLogWorker.run(SegmentedRaftLogWorker.java:307)
        at app//org.apache.ratis.server.raftlog.segmented.SegmentedRaftLogWorker$$Lambda/0x00007fd9cc334298.run(Unknown Source)
        at java.base@21.0.5/java.util.concurrent.Executors$RunnableAdapter.call(Executors.java:572)
        at java.base@21.0.5/java.util.concurrent.FutureTask.run(FutureTask.java:317)
        at java.base@21.0.5/java.util.concurrent.ThreadPoolExecutor.runWorker(ThreadPoolExecutor.java:1144)
        at java.base@21.0.5/java.util.concurrent.ThreadPoolExecutor$Worker.run(ThreadPoolExecutor.java:642)
        at java.base@21.0.5/java.lang.Thread.runWith(Thread.java:1596)
        at java.base@21.0.5/java.lang.Thread.run(Thread.java:1583)
"qtp1998750464-981" daemon prio=5 tid=981 timed_waiting
java.lang.Thread.State: TIMED_WAITING
        at java.base@21.0.5/jdk.internal.misc.Unsafe.park(Native Method)
        at java.base@21.0.5/java.util.concurrent.locks.LockSupport.parkNanos(LockSupport.java:269)
        at java.base@21.0.5/java.util.concurrent.locks.AbstractQueuedSynchronizer$ConditionObject.awaitNanos(AbstractQueuedSynchronizer.java:1763)
        at app//org.eclipse.jetty.util.BlockingArrayQueue.poll(BlockingArrayQueue.java:382)
        at app//org.eclipse.jetty.util.thread.QueuedThreadPool$Runner.idleJobPoll(QueuedThreadPool.java:974)
        at app//org.eclipse.jetty.util.thread.QueuedThreadPool$Runner.run(QueuedThreadPool.java:1018)
        at java.base@21.0.5/java.lang.Thread.runWith(Thread.java:1596)
        at java.base@21.0.5/java.lang.Thread.run(Thread.java:1583)
"b6b79d51-52d7-4711-a690-06a51533978a-ChunkWriter-1-0" daemon prio=5 tid=1059 in Object.wait()
java.lang.Thread.State: WAITING (on object monitor)
        at java.base@21.0.5/jdk.internal.misc.Unsafe.park(Native Method)
        at java.base@21.0.5/java.util.concurrent.locks.LockSupport.park(LockSupport.java:371)
        at java.base@21.0.5/java.util.concurrent.locks.AbstractQueuedSynchronizer$ConditionNode.block(AbstractQueuedSynchronizer.java:519)
        at java.base@21.0.5/java.util.concurrent.ForkJoinPool.unmanagedBlock(ForkJoinPool.java:3780)
        at java.base@21.0.5/java.util.concurrent.ForkJoinPool.managedBlock(ForkJoinPool.java:3725)
        at java.base@21.0.5/java.util.concurrent.locks.AbstractQueuedSynchronizer$ConditionObject.await(AbstractQueuedSynchronizer.java:1712)
        at java.base@21.0.5/java.util.concurrent.LinkedBlockingDeque.takeFirst(LinkedBlockingDeque.java:485)
        at java.base@21.0.5/java.util.concurrent.LinkedBlockingDeque.take(LinkedBlockingDeque.java:673)
        at java.base@21.0.5/java.util.concurrent.ThreadPoolExecutor.getTask(ThreadPoolExecutor.java:1070)
        at java.base@21.0.5/java.util.concurrent.ThreadPoolExecutor.runWorker(ThreadPoolExecutor.java:1130)
        at java.base@21.0.5/java.util.concurrent.ThreadPoolExecutor$Worker.run(ThreadPoolExecutor.java:642)
        at java.base@21.0.5/java.lang.Thread.runWith(Thread.java:1596)
        at java.base@21.0.5/java.lang.Thread.run(Thread.java:1583)
"15cb4571-9135-45da-b00b-37db09da0048-groupManagement"  prio=5 tid=46 in Object.wait()
java.lang.Thread.State: WAITING (on object monitor)
        at java.base@21.0.5/jdk.internal.misc.Unsafe.park(Native Method)
        at java.base@21.0.5/java.util.concurrent.locks.LockSupport.park(LockSupport.java:371)
        at java.base@21.0.5/java.util.concurrent.locks.AbstractQueuedSynchronizer$ConditionNode.block(AbstractQueuedSynchronizer.java:519)
        at java.base@21.0.5/java.util.concurrent.ForkJoinPool.unmanagedBlock(ForkJoinPool.java:3780)
        at java.base@21.0.5/java.util.concurrent.ForkJoinPool.managedBlock(ForkJoinPool.java:3725)
        at java.base@21.0.5/java.util.concurrent.locks.AbstractQueuedSynchronizer$ConditionObject.await(AbstractQueuedSynchronizer.java:1712)
        at java.base@21.0.5/java.util.concurrent.LinkedBlockingQueue.take(LinkedBlockingQueue.java:435)
        at java.base@21.0.5/java.util.concurrent.ThreadPoolExecutor.getTask(ThreadPoolExecutor.java:1070)
        at java.base@21.0.5/java.util.concurrent.ThreadPoolExecutor.runWorker(ThreadPoolExecutor.java:1130)
        at java.base@21.0.5/java.util.concurrent.ThreadPoolExecutor$Worker.run(ThreadPoolExecutor.java:642)
        at java.base@21.0.5/java.lang.Thread.runWith(Thread.java:1596)
        at java.base@21.0.5/java.lang.Thread.run(Thread.java:1583)
"ac32094a-198b-4072-99dd-552311e88daf-DatanodeReportManager-0" daemon prio=5 tid=1026 in Object.wait()
java.lang.Thread.State: WAITING (on object monitor)
        at java.base@21.0.5/jdk.internal.misc.Unsafe.park(Native Method)
        at java.base@21.0.5/java.util.concurrent.locks.LockSupport.park(LockSupport.java:371)
        at java.base@21.0.5/java.util.concurrent.locks.AbstractQueuedSynchronizer$ConditionNode.block(AbstractQueuedSynchronizer.java:519)
        at java.base@21.0.5/java.util.concurrent.ForkJoinPool.unmanagedBlock(ForkJoinPool.java:3780)
        at java.base@21.0.5/java.util.concurrent.ForkJoinPool.managedBlock(ForkJoinPool.java:3725)
        at java.base@21.0.5/java.util.concurrent.locks.AbstractQueuedSynchronizer$ConditionObject.await(AbstractQueuedSynchronizer.java:1712)
        at java.base@21.0.5/java.util.concurrent.ScheduledThreadPoolExecutor$DelayedWorkQueue.take(ScheduledThreadPoolExecutor.java:1177)
        at java.base@21.0.5/java.util.concurrent.ScheduledThreadPoolExecutor$DelayedWorkQueue.take(ScheduledThreadPoolExecutor.java:899)
        at java.base@21.0.5/java.util.concurrent.ThreadPoolExecutor.getTask(ThreadPoolExecutor.java:1070)
        at java.base@21.0.5/java.util.concurrent.ThreadPoolExecutor.runWorker(ThreadPoolExecutor.java:1130)
        at java.base@21.0.5/java.util.concurrent.ThreadPoolExecutor$Worker.run(ThreadPoolExecutor.java:642)
        at java.base@21.0.5/java.lang.Thread.runWith(Thread.java:1596)
        at java.base@21.0.5/java.lang.Thread.run(Thread.java:1583)
"IPC Server handler 51 on default port 15000" daemon prio=5 tid=165 timed_waiting
java.lang.Thread.State: TIMED_WAITING
        at java.base@21.0.5/jdk.internal.misc.Unsafe.park(Native Method)
        at java.base@21.0.5/java.util.concurrent.locks.LockSupport.parkNanos(LockSupport.java:269)
        at java.base@21.0.5/java.util.concurrent.locks.AbstractQueuedSynchronizer$ConditionObject.awaitNanos(AbstractQueuedSynchronizer.java:1763)
        at java.base@21.0.5/java.util.concurrent.LinkedBlockingQueue.poll(LinkedBlockingQueue.java:460)
        at app//org.apache.hadoop.ipc.CallQueueManager.take(CallQueueManager.java:370)
        at app//org.apache.hadoop.ipc.Server$Handler.run(Server.java:3165)
"StaleRecoveringContainerScrubbingService#3" daemon prio=5 tid=2431 in Object.wait()
java.lang.Thread.State: WAITING (on object monitor)
        at java.base@21.0.5/jdk.internal.misc.Unsafe.park(Native Method)
        at java.base@21.0.5/java.util.concurrent.locks.LockSupport.park(LockSupport.java:371)
        at java.base@21.0.5/java.util.concurrent.locks.AbstractQueuedSynchronizer$ConditionNode.block(AbstractQueuedSynchronizer.java:519)
        at java.base@21.0.5/java.util.concurrent.ForkJoinPool.unmanagedBlock(ForkJoinPool.java:3780)
        at java.base@21.0.5/java.util.concurrent.ForkJoinPool.managedBlock(ForkJoinPool.java:3725)
        at java.base@21.0.5/java.util.concurrent.locks.AbstractQueuedSynchronizer$ConditionObject.await(AbstractQueuedSynchronizer.java:1712)
        at java.base@21.0.5/java.util.concurrent.ScheduledThreadPoolExecutor$DelayedWorkQueue.take(ScheduledThreadPoolExecutor.java:1177)
        at java.base@21.0.5/java.util.concurrent.ScheduledThreadPoolExecutor$DelayedWorkQueue.take(ScheduledThreadPoolExecutor.java:899)
        at java.base@21.0.5/java.util.concurrent.ThreadPoolExecutor.getTask(ThreadPoolExecutor.java:1070)
        at java.base@21.0.5/java.util.concurrent.ThreadPoolExecutor.runWorker(ThreadPoolExecutor.java:1130)
        at java.base@21.0.5/java.util.concurrent.ThreadPoolExecutor$Worker.run(ThreadPoolExecutor.java:642)
        at java.base@21.0.5/java.lang.Thread.runWith(Thread.java:1596)
        at java.base@21.0.5/java.lang.Thread.run(Thread.java:1583)
"IPC Server handler 91 on default port 15000" daemon prio=5 tid=205 timed_waiting
java.lang.Thread.State: TIMED_WAITING
        at java.base@21.0.5/jdk.internal.misc.Unsafe.park(Native Method)
        at java.base@21.0.5/java.util.concurrent.locks.LockSupport.parkNanos(LockSupport.java:269)
        at java.base@21.0.5/java.util.concurrent.locks.AbstractQueuedSynchronizer$ConditionObject.awaitNanos(AbstractQueuedSynchronizer.java:1763)
        at java.base@21.0.5/java.util.concurrent.LinkedBlockingQueue.poll(LinkedBlockingQueue.java:460)
        at app//org.apache.hadoop.ipc.CallQueueManager.take(CallQueueManager.java:370)
        at app//org.apache.hadoop.ipc.Server$Handler.run(Server.java:3165)
"IPC Parameter Sending Thread for 0.0.0.0/0.0.0.0:15002" daemon prio=5 tid=841 timed_waiting
java.lang.Thread.State: TIMED_WAITING
        at java.base@21.0.5/jdk.internal.misc.Unsafe.park(Native Method)
        at java.base@21.0.5/java.util.concurrent.locks.LockSupport.parkNanos(LockSupport.java:410)
        at java.base@21.0.5/java.util.concurrent.LinkedTransferQueue$DualNode.await(LinkedTransferQueue.java:452)
        at java.base@21.0.5/java.util.concurrent.LinkedTransferQueue.xfer(LinkedTransferQueue.java:613)
        at java.base@21.0.5/java.util.concurrent.SynchronousQueue.xfer(SynchronousQueue.java:235)
        at java.base@21.0.5/java.util.concurrent.SynchronousQueue.poll(SynchronousQueue.java:338)
        at app//org.apache.hadoop.ipc.Client$Connection$RpcRequestSender.run(Client.java:1121)
        at java.base@21.0.5/java.lang.Thread.runWith(Thread.java:1596)
        at java.base@21.0.5/java.lang.Thread.run(Thread.java:1583)
"ac32094a-198b-4072-99dd-552311e88daf@group-17ECB58173E6-SegmentedRaftLogWorker" daemon prio=5 tid=1522 timed_waiting
java.lang.Thread.State: TIMED_WAITING
        at java.base@21.0.5/jdk.internal.misc.Unsafe.park(Native Method)
        at java.base@21.0.5/java.util.concurrent.locks.LockSupport.parkNanos(LockSupport.java:269)
        at java.base@21.0.5/java.util.concurrent.locks.AbstractQueuedSynchronizer$ConditionObject.awaitNanos(AbstractQueuedSynchronizer.java:1763)
        at app//org.apache.ratis.util.DataBlockingQueue.poll(DataBlockingQueue.java:148)
        at app//org.apache.ratis.server.raftlog.segmented.SegmentedRaftLogWorker.run(SegmentedRaftLogWorker.java:307)
        at app//org.apache.ratis.server.raftlog.segmented.SegmentedRaftLogWorker$$Lambda/0x00007fd9cc334298.run(Unknown Source)
        at java.base@21.0.5/java.util.concurrent.Executors$RunnableAdapter.call(Executors.java:572)
        at java.base@21.0.5/java.util.concurrent.FutureTask.run(FutureTask.java:317)
        at java.base@21.0.5/java.util.concurrent.ThreadPoolExecutor.runWorker(ThreadPoolExecutor.java:1144)
        at java.base@21.0.5/java.util.concurrent.ThreadPoolExecutor$Worker.run(ThreadPoolExecutor.java:642)
        at java.base@21.0.5/java.lang.Thread.runWith(Thread.java:1596)
        at java.base@21.0.5/java.lang.Thread.run(Thread.java:1583)
"StaleRecoveringContainerScrubbingService#8" daemon prio=5 tid=2883 in Object.wait()
java.lang.Thread.State: WAITING (on object monitor)
        at java.base@21.0.5/jdk.internal.misc.Unsafe.park(Native Method)
        at java.base@21.0.5/java.util.concurrent.locks.LockSupport.park(LockSupport.java:371)
        at java.base@21.0.5/java.util.concurrent.locks.AbstractQueuedSynchronizer$ConditionNode.block(AbstractQueuedSynchronizer.java:519)
        at java.base@21.0.5/java.util.concurrent.ForkJoinPool.unmanagedBlock(ForkJoinPool.java:3780)
        at java.base@21.0.5/java.util.concurrent.ForkJoinPool.managedBlock(ForkJoinPool.java:3725)
        at java.base@21.0.5/java.util.concurrent.locks.AbstractQueuedSynchronizer$ConditionObject.await(AbstractQueuedSynchronizer.java:1712)
        at java.base@21.0.5/java.util.concurrent.ScheduledThreadPoolExecutor$DelayedWorkQueue.take(ScheduledThreadPoolExecutor.java:1177)
        at java.base@21.0.5/java.util.concurrent.ScheduledThreadPoolExecutor$DelayedWorkQueue.take(ScheduledThreadPoolExecutor.java:899)
        at java.base@21.0.5/java.util.concurrent.ThreadPoolExecutor.getTask(ThreadPoolExecutor.java:1070)
        at java.base@21.0.5/java.util.concurrent.ThreadPoolExecutor.runWorker(ThreadPoolExecutor.java:1130)
        at java.base@21.0.5/java.util.concurrent.ThreadPoolExecutor$Worker.run(ThreadPoolExecutor.java:642)
        at java.base@21.0.5/java.lang.Thread.runWith(Thread.java:1596)
        at java.base@21.0.5/java.lang.Thread.run(Thread.java:1583)
"FixedThreadPoolWithAffinityExecutor-5-0" daemon prio=5 tid=102 timed_waiting
java.lang.Thread.State: TIMED_WAITING
        at java.base@21.0.5/jdk.internal.misc.Unsafe.park(Native Method)
        at java.base@21.0.5/java.util.concurrent.locks.LockSupport.parkNanos(LockSupport.java:269)
        at java.base@21.0.5/java.util.concurrent.locks.AbstractQueuedSynchronizer$ConditionObject.awaitNanos(AbstractQueuedSynchronizer.java:1763)
        at java.base@21.0.5/java.util.concurrent.LinkedBlockingQueue.poll(LinkedBlockingQueue.java:460)
        at app//org.apache.hadoop.hdds.scm.server.ContainerReportQueue.poll(ContainerReportQueue.java:269)
        at app//org.apache.hadoop.hdds.scm.server.ContainerReportQueue.poll(ContainerReportQueue.java:42)
        at app//org.apache.hadoop.hdds.server.events.FixedThreadPoolWithAffinityExecutor$ContainerReportProcessTask.run(FixedThreadPoolWithAffinityExecutor.java:253)
        at java.base@21.0.5/java.util.concurrent.Executors$RunnableAdapter.call(Executors.java:572)
        at java.base@21.0.5/java.util.concurrent.FutureTask.run(FutureTask.java:317)
        at java.base@21.0.5/java.util.concurrent.ThreadPoolExecutor.runWorker(ThreadPoolExecutor.java:1144)
        at java.base@21.0.5/java.util.concurrent.ThreadPoolExecutor$Worker.run(ThreadPoolExecutor.java:642)
        at java.base@21.0.5/java.lang.Thread.runWith(Thread.java:1596)
        at java.base@21.0.5/java.lang.Thread.run(Thread.java:1583)
"StaleRecoveringContainerScrubbingService#0" daemon prio=5 tid=1083 in Object.wait()
java.lang.Thread.State: WAITING (on object monitor)
        at java.base@21.0.5/jdk.internal.misc.Unsafe.park(Native Method)
        at java.base@21.0.5/java.util.concurrent.locks.LockSupport.park(LockSupport.java:371)
        at java.base@21.0.5/java.util.concurrent.locks.AbstractQueuedSynchronizer$ConditionNode.block(AbstractQueuedSynchronizer.java:519)
        at java.base@21.0.5/java.util.concurrent.ForkJoinPool.unmanagedBlock(ForkJoinPool.java:3780)
        at java.base@21.0.5/java.util.concurrent.ForkJoinPool.managedBlock(ForkJoinPool.java:3725)
        at java.base@21.0.5/java.util.concurrent.locks.AbstractQueuedSynchronizer$ConditionObject.await(AbstractQueuedSynchronizer.java:1712)
        at java.base@21.0.5/java.util.concurrent.ScheduledThreadPoolExecutor$DelayedWorkQueue.take(ScheduledThreadPoolExecutor.java:1177)
        at java.base@21.0.5/java.util.concurrent.ScheduledThreadPoolExecutor$DelayedWorkQueue.take(ScheduledThreadPoolExecutor.java:899)
        at java.base@21.0.5/java.util.concurrent.ThreadPoolExecutor.getTask(ThreadPoolExecutor.java:1070)
        at java.base@21.0.5/java.util.concurrent.ThreadPoolExecutor.runWorker(ThreadPoolExecutor.java:1130)
        at java.base@21.0.5/java.util.concurrent.ThreadPoolExecutor$Worker.run(ThreadPoolExecutor.java:642)
        at java.base@21.0.5/java.lang.Thread.runWith(Thread.java:1596)
        at java.base@21.0.5/java.lang.Thread.run(Thread.java:1583)
"IPC Server handler 34 on default port 15002" daemon prio=5 tid=366 timed_waiting
java.lang.Thread.State: TIMED_WAITING
        at java.base@21.0.5/jdk.internal.misc.Unsafe.park(Native Method)
        at java.base@21.0.5/java.util.concurrent.locks.LockSupport.parkNanos(LockSupport.java:269)
        at java.base@21.0.5/java.util.concurrent.locks.AbstractQueuedSynchronizer$ConditionObject.awaitNanos(AbstractQueuedSynchronizer.java:1763)
        at java.base@21.0.5/java.util.concurrent.LinkedBlockingQueue.poll(LinkedBlockingQueue.java:460)
        at app//org.apache.hadoop.ipc.CallQueueManager.take(CallQueueManager.java:370)
        at app//org.apache.hadoop.ipc.Server$Handler.run(Server.java:3165)
"IPC Server handler 87 on default port 15002" daemon prio=5 tid=419 timed_waiting
java.lang.Thread.State: TIMED_WAITING
        at java.base@21.0.5/jdk.internal.misc.Unsafe.park(Native Method)
        at java.base@21.0.5/java.util.concurrent.locks.LockSupport.parkNanos(LockSupport.java:269)
        at java.base@21.0.5/java.util.concurrent.locks.AbstractQueuedSynchronizer$ConditionObject.awaitNanos(AbstractQueuedSynchronizer.java:1763)
        at java.base@21.0.5/java.util.concurrent.LinkedBlockingQueue.poll(LinkedBlockingQueue.java:460)
        at app//org.apache.hadoop.ipc.CallQueueManager.take(CallQueueManager.java:370)
        at app//org.apache.hadoop.ipc.Server$Handler.run(Server.java:3165)
"IPC Server handler 51 on default port 15001" daemon prio=5 tid=265 timed_waiting
java.lang.Thread.State: TIMED_WAITING
        at java.base@21.0.5/jdk.internal.misc.Unsafe.park(Native Method)
        at java.base@21.0.5/java.util.concurrent.locks.LockSupport.parkNanos(LockSupport.java:269)
        at java.base@21.0.5/java.util.concurrent.locks.AbstractQueuedSynchronizer$ConditionObject.awaitNanos(AbstractQueuedSynchronizer.java:1763)
        at java.base@21.0.5/java.util.concurrent.LinkedBlockingQueue.poll(LinkedBlockingQueue.java:460)
        at app//org.apache.hadoop.ipc.CallQueueManager.take(CallQueueManager.java:370)
        at app//org.apache.hadoop.ipc.Server$Handler.run(Server.java:3165)
"Socket Reader #5 for port 15006"  prio=5 tid=447 runnable
java.lang.Thread.State: RUNNABLE
        at java.base@21.0.5/sun.nio.ch.EPoll.wait(Native Method)
        at java.base@21.0.5/sun.nio.ch.EPollSelectorImpl.doSelect(EPollSelectorImpl.java:121)
        at java.base@21.0.5/sun.nio.ch.SelectorImpl.lockAndDoSelect(SelectorImpl.java:130)
        at java.base@21.0.5/sun.nio.ch.SelectorImpl.select(SelectorImpl.java:147)
        at app//org.apache.hadoop.ipc.Server$Listener$Reader.doRunLoop(Server.java:1497)
        at app//org.apache.hadoop.ipc.Server$Listener$Reader.run(Server.java:1476)
"02fc1759-725d-47af-8349-873c9c5c9167-ChunkWriter-2-0" daemon prio=5 tid=929 in Object.wait()
java.lang.Thread.State: WAITING (on object monitor)
        at java.base@21.0.5/jdk.internal.misc.Unsafe.park(Native Method)
        at java.base@21.0.5/java.util.concurrent.locks.LockSupport.park(LockSupport.java:371)
        at java.base@21.0.5/java.util.concurrent.locks.AbstractQueuedSynchronizer$ConditionNode.block(AbstractQueuedSynchronizer.java:519)
        at java.base@21.0.5/java.util.concurrent.ForkJoinPool.unmanagedBlock(ForkJoinPool.java:3780)
        at java.base@21.0.5/java.util.concurrent.ForkJoinPool.managedBlock(ForkJoinPool.java:3725)
        at java.base@21.0.5/java.util.concurrent.locks.AbstractQueuedSynchronizer$ConditionObject.await(AbstractQueuedSynchronizer.java:1712)
        at java.base@21.0.5/java.util.concurrent.LinkedBlockingDeque.takeFirst(LinkedBlockingDeque.java:485)
        at java.base@21.0.5/java.util.concurrent.LinkedBlockingDeque.take(LinkedBlockingDeque.java:673)
        at java.base@21.0.5/java.util.concurrent.ThreadPoolExecutor.getTask(ThreadPoolExecutor.java:1070)
        at java.base@21.0.5/java.util.concurrent.ThreadPoolExecutor.runWorker(ThreadPoolExecutor.java:1130)
        at java.base@21.0.5/java.util.concurrent.ThreadPoolExecutor$Worker.run(ThreadPoolExecutor.java:642)
        at java.base@21.0.5/java.lang.Thread.runWith(Thread.java:1596)
        at java.base@21.0.5/java.lang.Thread.run(Thread.java:1583)
"eca5a246-1f8f-493f-b50d-7eee1f2fec76@group-66FA7163FB5C-FollowerState" daemon prio=5 tid=2050 timed_waiting
java.lang.Thread.State: TIMED_WAITING
        at java.base@21.0.5/java.lang.Thread.sleep0(Native Method)
        at java.base@21.0.5/java.lang.Thread.sleep(Thread.java:558)
        at java.base@21.0.5/java.util.concurrent.TimeUnit.sleep(TimeUnit.java:446)
        at app//org.apache.ratis.util.TimeDuration.sleep(TimeDuration.java:353)
        at app//org.apache.ratis.util.TimeDuration.sleep(TimeDuration.java:338)
        at app//org.apache.ratis.server.impl.FollowerState.runImpl(FollowerState.java:149)
        at app//org.apache.ratis.server.impl.FollowerState.run(FollowerState.java:130)
"IPC Server handler 49 on default port 15000" daemon prio=5 tid=163 timed_waiting
java.lang.Thread.State: TIMED_WAITING
        at java.base@21.0.5/jdk.internal.misc.Unsafe.park(Native Method)
        at java.base@21.0.5/java.util.concurrent.locks.LockSupport.parkNanos(LockSupport.java:269)
        at java.base@21.0.5/java.util.concurrent.locks.AbstractQueuedSynchronizer$ConditionObject.awaitNanos(AbstractQueuedSynchronizer.java:1763)
        at java.base@21.0.5/java.util.concurrent.LinkedBlockingQueue.poll(LinkedBlockingQueue.java:460)
        at app//org.apache.hadoop.ipc.CallQueueManager.take(CallQueueManager.java:370)
        at app//org.apache.hadoop.ipc.Server$Handler.run(Server.java:3165)
"JvmPauseMonitor9" daemon prio=5 tid=1104 timed_waiting
java.lang.Thread.State: TIMED_WAITING
        at java.base@21.0.5/java.lang.Thread.sleep0(Native Method)
        at java.base@21.0.5/java.lang.Thread.sleep(Thread.java:558)
        at java.base@21.0.5/java.util.concurrent.TimeUnit.sleep(TimeUnit.java:446)
        at app//org.apache.ratis.util.TimeDuration.sleep(TimeDuration.java:353)
        at app//org.apache.ratis.util.TimeDuration.sleep(TimeDuration.java:338)
        at app//org.apache.ratis.util.JvmPauseMonitor.detectPause(JvmPauseMonitor.java:160)
        at app//org.apache.ratis.util.JvmPauseMonitor.run(JvmPauseMonitor.java:149)
        at app//org.apache.ratis.util.JvmPauseMonitor$$Lambda/0x00007fd9cc38c980.run(Unknown Source)
        at java.base@21.0.5/java.lang.Thread.runWith(Thread.java:1596)
        at java.base@21.0.5/java.lang.Thread.run(Thread.java:1583)
"02fc1759-725d-47af-8349-873c9c5c9167@group-69B381BA0E06-StateMachineUpdater" daemon prio=5 tid=1209 timed_waiting
java.lang.Thread.State: TIMED_WAITING
        at java.base@21.0.5/jdk.internal.misc.Unsafe.park(Native Method)
        at java.base@21.0.5/java.util.concurrent.locks.LockSupport.parkNanos(LockSupport.java:269)
        at java.base@21.0.5/java.util.concurrent.locks.AbstractQueuedSynchronizer$ConditionObject.await(AbstractQueuedSynchronizer.java:1852)
        at app//org.apache.ratis.util.AwaitForSignal.await(AwaitForSignal.java:65)
        at app//org.apache.ratis.server.impl.StateMachineUpdater.waitForCommit(StateMachineUpdater.java:219)
        at app//org.apache.ratis.server.impl.StateMachineUpdater.run(StateMachineUpdater.java:187)
        at java.base@21.0.5/java.lang.Thread.runWith(Thread.java:1596)
        at java.base@21.0.5/java.lang.Thread.run(Thread.java:1583)
"IPC Server idle connection scanner for port 15075" daemon prio=5 tid=2502 timed_waiting
java.lang.Thread.State: TIMED_WAITING
        at java.base@21.0.5/java.lang.Object.wait0(Native Method)
        at java.base@21.0.5/java.lang.Object.wait(Object.java:366)
        at java.base@21.0.5/java.util.TimerThread.mainLoop(Timer.java:563)
        at java.base@21.0.5/java.util.TimerThread.run(Timer.java:516)
"IPC Server handler 2 on default port 15021" daemon prio=5 tid=589 timed_waiting
java.lang.Thread.State: TIMED_WAITING
        at java.base@21.0.5/jdk.internal.misc.Unsafe.park(Native Method)
        at java.base@21.0.5/java.util.concurrent.locks.LockSupport.parkNanos(LockSupport.java:269)
        at java.base@21.0.5/java.util.concurrent.locks.AbstractQueuedSynchronizer$ConditionObject.awaitNanos(AbstractQueuedSynchronizer.java:1763)
        at java.base@21.0.5/java.util.concurrent.LinkedBlockingQueue.poll(LinkedBlockingQueue.java:460)
        at app//org.apache.hadoop.ipc.CallQueueManager.take(CallQueueManager.java:370)
        at app//org.apache.hadoop.ipc.Server$Handler.run(Server.java:3165)
"qtp874186099-570" daemon prio=5 tid=570 timed_waiting
java.lang.Thread.State: TIMED_WAITING
        at java.base@21.0.5/jdk.internal.misc.Unsafe.park(Native Method)
        at java.base@21.0.5/java.util.concurrent.locks.LockSupport.parkNanos(LockSupport.java:269)
        at java.base@21.0.5/java.util.concurrent.locks.AbstractQueuedSynchronizer$ConditionObject.awaitNanos(AbstractQueuedSynchronizer.java:1763)
        at app//org.eclipse.jetty.util.BlockingArrayQueue.poll(BlockingArrayQueue.java:382)
        at app//org.eclipse.jetty.util.thread.QueuedThreadPool$Runner.idleJobPoll(QueuedThreadPool.java:974)
        at app//org.eclipse.jetty.util.thread.QueuedThreadPool$Runner.run(QueuedThreadPool.java:1018)
        at java.base@21.0.5/java.lang.Thread.runWith(Thread.java:1596)
        at java.base@21.0.5/java.lang.Thread.run(Thread.java:1583)
"IPC Server handler 9 on default port 15002" daemon prio=5 tid=341 timed_waiting
java.lang.Thread.State: TIMED_WAITING
        at java.base@21.0.5/jdk.internal.misc.Unsafe.park(Native Method)
        at java.base@21.0.5/java.util.concurrent.locks.LockSupport.parkNanos(LockSupport.java:269)
        at java.base@21.0.5/java.util.concurrent.locks.AbstractQueuedSynchronizer$ConditionObject.awaitNanos(AbstractQueuedSynchronizer.java:1763)
        at java.base@21.0.5/java.util.concurrent.LinkedBlockingQueue.poll(LinkedBlockingQueue.java:460)
        at app//org.apache.hadoop.ipc.CallQueueManager.take(CallQueueManager.java:370)
        at app//org.apache.hadoop.ipc.Server$Handler.run(Server.java:3165)
"om1-DirectoryDeletingService#4" daemon prio=5 tid=475 in Object.wait()
java.lang.Thread.State: WAITING (on object monitor)
        at java.base@21.0.5/jdk.internal.misc.Unsafe.park(Native Method)
        at java.base@21.0.5/java.util.concurrent.locks.LockSupport.park(LockSupport.java:371)
        at java.base@21.0.5/java.util.concurrent.locks.AbstractQueuedSynchronizer$ConditionNode.block(AbstractQueuedSynchronizer.java:519)
        at java.base@21.0.5/java.util.concurrent.ForkJoinPool.unmanagedBlock(ForkJoinPool.java:3780)
        at java.base@21.0.5/java.util.concurrent.ForkJoinPool.managedBlock(ForkJoinPool.java:3725)
        at java.base@21.0.5/java.util.concurrent.locks.AbstractQueuedSynchronizer$ConditionObject.await(AbstractQueuedSynchronizer.java:1712)
        at java.base@21.0.5/java.util.concurrent.ScheduledThreadPoolExecutor$DelayedWorkQueue.take(ScheduledThreadPoolExecutor.java:1177)
        at java.base@21.0.5/java.util.concurrent.ScheduledThreadPoolExecutor$DelayedWorkQueue.take(ScheduledThreadPoolExecutor.java:899)
        at java.base@21.0.5/java.util.concurrent.ThreadPoolExecutor.getTask(ThreadPoolExecutor.java:1070)
        at java.base@21.0.5/java.util.concurrent.ThreadPoolExecutor.runWorker(ThreadPoolExecutor.java:1130)
        at java.base@21.0.5/java.util.concurrent.ThreadPoolExecutor$Worker.run(ThreadPoolExecutor.java:642)
        at java.base@21.0.5/java.lang.Thread.runWith(Thread.java:1596)
        at java.base@21.0.5/java.lang.Thread.run(Thread.java:1583)
"eca5a246-1f8f-493f-b50d-7eee1f2fec76@group-41854415688A-cacheEviction-AwaitToRun" daemon prio=5 tid=1512 in Object.wait()
java.lang.Thread.State: WAITING (on object monitor)
        at java.base@21.0.5/jdk.internal.misc.Unsafe.park(Native Method)
        at java.base@21.0.5/java.util.concurrent.locks.LockSupport.park(LockSupport.java:371)
        at java.base@21.0.5/java.util.concurrent.locks.AbstractQueuedSynchronizer$ConditionNode.block(AbstractQueuedSynchronizer.java:519)
        at java.base@21.0.5/java.util.concurrent.ForkJoinPool.unmanagedBlock(ForkJoinPool.java:3780)
        at java.base@21.0.5/java.util.concurrent.ForkJoinPool.managedBlock(ForkJoinPool.java:3725)
        at java.base@21.0.5/java.util.concurrent.locks.AbstractQueuedSynchronizer$ConditionObject.await(AbstractQueuedSynchronizer.java:1712)
        at app//org.apache.ratis.util.AwaitForSignal.await(AwaitForSignal.java:48)
        at app//org.apache.ratis.util.AwaitToRun$RunnableImpl.run(AwaitToRun.java:47)
        at java.base@21.0.5/java.lang.Thread.runWith(Thread.java:1596)
        at java.base@21.0.5/java.lang.Thread.run(Thread.java:1583)
"IPC Server handler 62 on default port 15000" daemon prio=5 tid=176 timed_waiting
java.lang.Thread.State: TIMED_WAITING
        at java.base@21.0.5/jdk.internal.misc.Unsafe.park(Native Method)
        at java.base@21.0.5/java.util.concurrent.locks.LockSupport.parkNanos(LockSupport.java:269)
        at java.base@21.0.5/java.util.concurrent.locks.AbstractQueuedSynchronizer$ConditionObject.awaitNanos(AbstractQueuedSynchronizer.java:1763)
        at java.base@21.0.5/java.util.concurrent.LinkedBlockingQueue.poll(LinkedBlockingQueue.java:460)
        at app//org.apache.hadoop.ipc.CallQueueManager.take(CallQueueManager.java:370)
        at app//org.apache.hadoop.ipc.Server$Handler.run(Server.java:3165)
"79978ed1-1a5c-4832-b584-9e2d85f03cd7@group-66FA7163FB5C-SegmentedRaftLogWorker"  prio=5 tid=1392 timed_waiting
java.lang.Thread.State: TIMED_WAITING
        at java.base@21.0.5/jdk.internal.misc.Unsafe.park(Native Method)
        at java.base@21.0.5/java.util.concurrent.locks.LockSupport.parkNanos(LockSupport.java:269)
        at java.base@21.0.5/java.util.concurrent.locks.AbstractQueuedSynchronizer$ConditionObject.awaitNanos(AbstractQueuedSynchronizer.java:1763)
        at app//org.apache.ratis.util.DataBlockingQueue.poll(DataBlockingQueue.java:148)
        at app//org.apache.ratis.server.raftlog.segmented.SegmentedRaftLogWorker.run(SegmentedRaftLogWorker.java:307)
        at app//org.apache.ratis.server.raftlog.segmented.SegmentedRaftLogWorker$$Lambda/0x00007fd9cc334298.run(Unknown Source)
        at java.base@21.0.5/java.util.concurrent.Executors$RunnableAdapter.call(Executors.java:572)
        at java.base@21.0.5/java.util.concurrent.FutureTask.run(FutureTask.java:317)
        at java.base@21.0.5/java.util.concurrent.ThreadPoolExecutor.runWorker(ThreadPoolExecutor.java:1144)
        at java.base@21.0.5/java.util.concurrent.ThreadPoolExecutor$Worker.run(ThreadPoolExecutor.java:642)
        at java.base@21.0.5/java.lang.Thread.runWith(Thread.java:1596)
        at java.base@21.0.5/java.lang.Thread.run(Thread.java:1583)
"IPC Server handler 82 on default port 15000" daemon prio=5 tid=196 timed_waiting
java.lang.Thread.State: TIMED_WAITING
        at java.base@21.0.5/jdk.internal.misc.Unsafe.park(Native Method)
        at java.base@21.0.5/java.util.concurrent.locks.LockSupport.parkNanos(LockSupport.java:269)
        at java.base@21.0.5/java.util.concurrent.locks.AbstractQueuedSynchronizer$ConditionObject.awaitNanos(AbstractQueuedSynchronizer.java:1763)
        at java.base@21.0.5/java.util.concurrent.LinkedBlockingQueue.poll(LinkedBlockingQueue.java:460)
        at app//org.apache.hadoop.ipc.CallQueueManager.take(CallQueueManager.java:370)
        at app//org.apache.hadoop.ipc.Server$Handler.run(Server.java:3165)
"3296053d-9d54-4057-a6a8-67c4b6ec6587-server-thread1" daemon prio=5 tid=1826 timed_waiting
java.lang.Thread.State: TIMED_WAITING
        at java.base@21.0.5/jdk.internal.misc.Unsafe.park(Native Method)
        at java.base@21.0.5/java.util.concurrent.locks.LockSupport.parkNanos(LockSupport.java:410)
        at java.base@21.0.5/java.util.concurrent.LinkedTransferQueue$DualNode.await(LinkedTransferQueue.java:452)
        at java.base@21.0.5/java.util.concurrent.SynchronousQueue$Transferer.xferLifo(SynchronousQueue.java:194)
        at java.base@21.0.5/java.util.concurrent.SynchronousQueue.xfer(SynchronousQueue.java:235)
        at java.base@21.0.5/java.util.concurrent.SynchronousQueue.poll(SynchronousQueue.java:338)
        at java.base@21.0.5/java.util.concurrent.ThreadPoolExecutor.getTask(ThreadPoolExecutor.java:1069)
        at java.base@21.0.5/java.util.concurrent.ThreadPoolExecutor.runWorker(ThreadPoolExecutor.java:1130)
        at java.base@21.0.5/java.util.concurrent.ThreadPoolExecutor$Worker.run(ThreadPoolExecutor.java:642)
        at java.base@21.0.5/java.lang.Thread.runWith(Thread.java:1596)
        at java.base@21.0.5/java.lang.Thread.run(Thread.java:1583)
"IPC Server handler 79 on default port 15000" daemon prio=5 tid=193 timed_waiting
java.lang.Thread.State: TIMED_WAITING
        at java.base@21.0.5/jdk.internal.misc.Unsafe.park(Native Method)
        at java.base@21.0.5/java.util.concurrent.locks.LockSupport.parkNanos(LockSupport.java:269)
        at java.base@21.0.5/java.util.concurrent.locks.AbstractQueuedSynchronizer$ConditionObject.awaitNanos(AbstractQueuedSynchronizer.java:1763)
        at java.base@21.0.5/java.util.concurrent.LinkedBlockingQueue.poll(LinkedBlockingQueue.java:460)
        at app//org.apache.hadoop.ipc.CallQueueManager.take(CallQueueManager.java:370)
        at app//org.apache.hadoop.ipc.Server$Handler.run(Server.java:3165)
"3296053d-9d54-4057-a6a8-67c4b6ec6587-server-thread1" daemon prio=5 tid=1963 timed_waiting
java.lang.Thread.State: TIMED_WAITING
        at java.base@21.0.5/jdk.internal.misc.Unsafe.park(Native Method)
        at java.base@21.0.5/java.util.concurrent.locks.LockSupport.parkNanos(LockSupport.java:410)
        at java.base@21.0.5/java.util.concurrent.LinkedTransferQueue$DualNode.await(LinkedTransferQueue.java:452)
        at java.base@21.0.5/java.util.concurrent.SynchronousQueue$Transferer.xferLifo(SynchronousQueue.java:194)
        at java.base@21.0.5/java.util.concurrent.SynchronousQueue.xfer(SynchronousQueue.java:235)
        at java.base@21.0.5/java.util.concurrent.SynchronousQueue.poll(SynchronousQueue.java:338)
        at java.base@21.0.5/java.util.concurrent.ThreadPoolExecutor.getTask(ThreadPoolExecutor.java:1069)
        at java.base@21.0.5/java.util.concurrent.ThreadPoolExecutor.runWorker(ThreadPoolExecutor.java:1130)
        at java.base@21.0.5/java.util.concurrent.ThreadPoolExecutor$Worker.run(ThreadPoolExecutor.java:642)
        at java.base@21.0.5/java.lang.Thread.runWith(Thread.java:1596)
        at java.base@21.0.5/java.lang.Thread.run(Thread.java:1583)
"IPC Server handler 6 on default port 15066" daemon prio=5 tid=825 timed_waiting
java.lang.Thread.State: TIMED_WAITING
        at java.base@21.0.5/jdk.internal.misc.Unsafe.park(Native Method)
        at java.base@21.0.5/java.util.concurrent.locks.LockSupport.parkNanos(LockSupport.java:269)
        at java.base@21.0.5/java.util.concurrent.locks.AbstractQueuedSynchronizer$ConditionObject.awaitNanos(AbstractQueuedSynchronizer.java:1763)
        at java.base@21.0.5/java.util.concurrent.LinkedBlockingQueue.poll(LinkedBlockingQueue.java:460)
        at app//org.apache.hadoop.ipc.CallQueueManager.take(CallQueueManager.java:370)
        at app//org.apache.hadoop.ipc.Server$Handler.run(Server.java:3165)
"ac32094a-198b-4072-99dd-552311e88daf@group-7D6565184E1B-cacheEviction-AwaitToRun" daemon prio=5 tid=2593 in Object.wait()
java.lang.Thread.State: WAITING (on object monitor)
        at java.base@21.0.5/jdk.internal.misc.Unsafe.park(Native Method)
        at java.base@21.0.5/java.util.concurrent.locks.LockSupport.park(LockSupport.java:371)
        at java.base@21.0.5/java.util.concurrent.locks.AbstractQueuedSynchronizer$ConditionNode.block(AbstractQueuedSynchronizer.java:519)
        at java.base@21.0.5/java.util.concurrent.ForkJoinPool.unmanagedBlock(ForkJoinPool.java:3780)
        at java.base@21.0.5/java.util.concurrent.ForkJoinPool.managedBlock(ForkJoinPool.java:3725)
        at java.base@21.0.5/java.util.concurrent.locks.AbstractQueuedSynchronizer$ConditionObject.await(AbstractQueuedSynchronizer.java:1712)
        at app//org.apache.ratis.util.AwaitForSignal.await(AwaitForSignal.java:48)
        at app//org.apache.ratis.util.AwaitToRun$RunnableImpl.run(AwaitToRun.java:47)
        at java.base@21.0.5/java.lang.Thread.runWith(Thread.java:1596)
        at java.base@21.0.5/java.lang.Thread.run(Thread.java:1583)
"3296053d-9d54-4057-a6a8-67c4b6ec6587-NettyServerStreamRpc-bossGroup--thread1"  prio=5 tid=606 runnable
java.lang.Thread.State: RUNNABLE
        at app//org.apache.ratis.thirdparty.io.netty.channel.epoll.Native.epollWait(Native Method)
        at app//org.apache.ratis.thirdparty.io.netty.channel.epoll.Native.epollWait(Native.java:220)
        at app//org.apache.ratis.thirdparty.io.netty.channel.epoll.Native.epollWait(Native.java:213)
        at app//org.apache.ratis.thirdparty.io.netty.channel.epoll.EpollEventLoop.epollWaitNoTimerChange(EpollEventLoop.java:308)
        at app//org.apache.ratis.thirdparty.io.netty.channel.epoll.EpollEventLoop.run(EpollEventLoop.java:365)
        at app//org.apache.ratis.thirdparty.io.netty.util.concurrent.SingleThreadEventExecutor$4.run(SingleThreadEventExecutor.java:997)
        at app//org.apache.ratis.thirdparty.io.netty.util.internal.ThreadExecutorMap$2.run(ThreadExecutorMap.java:74)
        at java.base@21.0.5/java.lang.Thread.runWith(Thread.java:1596)
        at java.base@21.0.5/java.lang.Thread.run(Thread.java:1583)
"3296053d-9d54-4057-a6a8-67c4b6ec6587-ChunkWriter-3-0" daemon prio=5 tid=994 in Object.wait()
java.lang.Thread.State: WAITING (on object monitor)
        at java.base@21.0.5/jdk.internal.misc.Unsafe.park(Native Method)
        at java.base@21.0.5/java.util.concurrent.locks.LockSupport.park(LockSupport.java:371)
        at java.base@21.0.5/java.util.concurrent.locks.AbstractQueuedSynchronizer$ConditionNode.block(AbstractQueuedSynchronizer.java:519)
        at java.base@21.0.5/java.util.concurrent.ForkJoinPool.unmanagedBlock(ForkJoinPool.java:3780)
        at java.base@21.0.5/java.util.concurrent.ForkJoinPool.managedBlock(ForkJoinPool.java:3725)
        at java.base@21.0.5/java.util.concurrent.locks.AbstractQueuedSynchronizer$ConditionObject.await(AbstractQueuedSynchronizer.java:1712)
        at java.base@21.0.5/java.util.concurrent.LinkedBlockingDeque.takeFirst(LinkedBlockingDeque.java:485)
        at java.base@21.0.5/java.util.concurrent.LinkedBlockingDeque.take(LinkedBlockingDeque.java:673)
        at java.base@21.0.5/java.util.concurrent.ThreadPoolExecutor.getTask(ThreadPoolExecutor.java:1070)
        at java.base@21.0.5/java.util.concurrent.ThreadPoolExecutor.runWorker(ThreadPoolExecutor.java:1130)
        at java.base@21.0.5/java.util.concurrent.ThreadPoolExecutor$Worker.run(ThreadPoolExecutor.java:642)
        at java.base@21.0.5/java.lang.Thread.runWith(Thread.java:1596)
        at java.base@21.0.5/java.lang.Thread.run(Thread.java:1583)
"qtp442606276-801" daemon prio=5 tid=801 timed_waiting
java.lang.Thread.State: TIMED_WAITING
        at java.base@21.0.5/jdk.internal.misc.Unsafe.park(Native Method)
        at java.base@21.0.5/java.util.concurrent.locks.LockSupport.parkNanos(LockSupport.java:269)
        at java.base@21.0.5/java.util.concurrent.locks.AbstractQueuedSynchronizer$ConditionObject.awaitNanos(AbstractQueuedSynchronizer.java:1763)
        at app//org.eclipse.jetty.util.BlockingArrayQueue.poll(BlockingArrayQueue.java:382)
        at app//org.eclipse.jetty.util.thread.QueuedThreadPool$Runner.idleJobPoll(QueuedThreadPool.java:974)
        at app//org.eclipse.jetty.util.thread.QueuedThreadPool$Runner.run(QueuedThreadPool.java:1018)
        at java.base@21.0.5/java.lang.Thread.runWith(Thread.java:1596)
        at java.base@21.0.5/java.lang.Thread.run(Thread.java:1583)
"4b5ea8a3-88a5-4114-908f-7a85f39bc1cb@group-17ECB58173E6-StateMachineUpdater" daemon prio=5 tid=1586 timed_waiting
java.lang.Thread.State: TIMED_WAITING
        at java.base@21.0.5/jdk.internal.misc.Unsafe.park(Native Method)
        at java.base@21.0.5/java.util.concurrent.locks.LockSupport.parkNanos(LockSupport.java:269)
        at java.base@21.0.5/java.util.concurrent.locks.AbstractQueuedSynchronizer$ConditionObject.await(AbstractQueuedSynchronizer.java:1852)
        at app//org.apache.ratis.util.AwaitForSignal.await(AwaitForSignal.java:65)
        at app//org.apache.ratis.server.impl.StateMachineUpdater.waitForCommit(StateMachineUpdater.java:219)
        at app//org.apache.ratis.server.impl.StateMachineUpdater.run(StateMachineUpdater.java:187)
        at java.base@21.0.5/java.lang.Thread.runWith(Thread.java:1596)
        at java.base@21.0.5/java.lang.Thread.run(Thread.java:1583)
"StaleRecoveringContainerScrubbingService#6" daemon prio=5 tid=2821 in Object.wait()
java.lang.Thread.State: WAITING (on object monitor)
        at java.base@21.0.5/jdk.internal.misc.Unsafe.park(Native Method)
        at java.base@21.0.5/java.util.concurrent.locks.LockSupport.park(LockSupport.java:371)
        at java.base@21.0.5/java.util.concurrent.locks.AbstractQueuedSynchronizer$ConditionNode.block(AbstractQueuedSynchronizer.java:519)
        at java.base@21.0.5/java.util.concurrent.ForkJoinPool.unmanagedBlock(ForkJoinPool.java:3780)
        at java.base@21.0.5/java.util.concurrent.ForkJoinPool.managedBlock(ForkJoinPool.java:3725)
        at java.base@21.0.5/java.util.concurrent.locks.AbstractQueuedSynchronizer$ConditionObject.await(AbstractQueuedSynchronizer.java:1712)
        at java.base@21.0.5/java.util.concurrent.ScheduledThreadPoolExecutor$DelayedWorkQueue.take(ScheduledThreadPoolExecutor.java:1177)
        at java.base@21.0.5/java.util.concurrent.ScheduledThreadPoolExecutor$DelayedWorkQueue.take(ScheduledThreadPoolExecutor.java:899)
        at java.base@21.0.5/java.util.concurrent.ThreadPoolExecutor.getTask(ThreadPoolExecutor.java:1070)
        at java.base@21.0.5/java.util.concurrent.ThreadPoolExecutor.runWorker(ThreadPoolExecutor.java:1130)
        at java.base@21.0.5/java.util.concurrent.ThreadPoolExecutor$Worker.run(ThreadPoolExecutor.java:642)
        at java.base@21.0.5/java.lang.Thread.runWith(Thread.java:1596)
        at java.base@21.0.5/java.lang.Thread.run(Thread.java:1583)
"IPC Server handler 73 on default port 15001" daemon prio=5 tid=287 timed_waiting
java.lang.Thread.State: TIMED_WAITING
        at java.base@21.0.5/jdk.internal.misc.Unsafe.park(Native Method)
        at java.base@21.0.5/java.util.concurrent.locks.LockSupport.parkNanos(LockSupport.java:269)
        at java.base@21.0.5/java.util.concurrent.locks.AbstractQueuedSynchronizer$ConditionObject.awaitNanos(AbstractQueuedSynchronizer.java:1763)
        at java.base@21.0.5/java.util.concurrent.LinkedBlockingQueue.poll(LinkedBlockingQueue.java:460)
        at app//org.apache.hadoop.ipc.CallQueueManager.take(CallQueueManager.java:370)
        at app//org.apache.hadoop.ipc.Server$Handler.run(Server.java:3165)
"IPC Server handler 10 on default port 15000" daemon prio=5 tid=124 timed_waiting
java.lang.Thread.State: TIMED_WAITING
        at java.base@21.0.5/jdk.internal.misc.Unsafe.park(Native Method)
        at java.base@21.0.5/java.util.concurrent.locks.LockSupport.parkNanos(LockSupport.java:269)
        at java.base@21.0.5/java.util.concurrent.locks.AbstractQueuedSynchronizer$ConditionObject.awaitNanos(AbstractQueuedSynchronizer.java:1763)
        at java.base@21.0.5/java.util.concurrent.LinkedBlockingQueue.poll(LinkedBlockingQueue.java:460)
        at app//org.apache.hadoop.ipc.CallQueueManager.take(CallQueueManager.java:370)
        at app//org.apache.hadoop.ipc.Server$Handler.run(Server.java:3165)
"IPC Server handler 0 on default port 15039" daemon prio=5 tid=681 timed_waiting
java.lang.Thread.State: TIMED_WAITING
        at java.base@21.0.5/jdk.internal.misc.Unsafe.park(Native Method)
        at java.base@21.0.5/java.util.concurrent.locks.LockSupport.parkNanos(LockSupport.java:269)
        at java.base@21.0.5/java.util.concurrent.locks.AbstractQueuedSynchronizer$ConditionObject.awaitNanos(AbstractQueuedSynchronizer.java:1763)
        at java.base@21.0.5/java.util.concurrent.LinkedBlockingQueue.poll(LinkedBlockingQueue.java:460)
        at app//org.apache.hadoop.ipc.CallQueueManager.take(CallQueueManager.java:370)
        at app//org.apache.hadoop.ipc.Server$Handler.run(Server.java:3165)
"79978ed1-1a5c-4832-b584-9e2d85f03cd7-ChunkReader-2" daemon prio=5 tid=2897 in Object.wait()
java.lang.Thread.State: WAITING (on object monitor)
        at java.base@21.0.5/jdk.internal.misc.Unsafe.park(Native Method)
        at java.base@21.0.5/java.util.concurrent.locks.LockSupport.park(LockSupport.java:371)
        at java.base@21.0.5/java.util.concurrent.locks.AbstractQueuedSynchronizer$ConditionNode.block(AbstractQueuedSynchronizer.java:519)
        at java.base@21.0.5/java.util.concurrent.ForkJoinPool.unmanagedBlock(ForkJoinPool.java:3780)
        at java.base@21.0.5/java.util.concurrent.ForkJoinPool.managedBlock(ForkJoinPool.java:3725)
        at java.base@21.0.5/java.util.concurrent.locks.AbstractQueuedSynchronizer$ConditionObject.await(AbstractQueuedSynchronizer.java:1712)
        at java.base@21.0.5/java.util.concurrent.LinkedBlockingQueue.take(LinkedBlockingQueue.java:435)
        at java.base@21.0.5/java.util.concurrent.ThreadPoolExecutor.getTask(ThreadPoolExecutor.java:1070)
        at java.base@21.0.5/java.util.concurrent.ThreadPoolExecutor.runWorker(ThreadPoolExecutor.java:1130)
        at java.base@21.0.5/java.util.concurrent.ThreadPoolExecutor$Worker.run(ThreadPoolExecutor.java:642)
        at java.base@21.0.5/java.lang.Thread.runWith(Thread.java:1596)
        at java.base@21.0.5/java.lang.Thread.run(Thread.java:1583)
"FixedThreadPoolWithAffinityExecutor-3-0" daemon prio=5 tid=100 timed_waiting
java.lang.Thread.State: TIMED_WAITING
        at java.base@21.0.5/jdk.internal.misc.Unsafe.park(Native Method)
        at java.base@21.0.5/java.util.concurrent.locks.LockSupport.parkNanos(LockSupport.java:269)
        at java.base@21.0.5/java.util.concurrent.locks.AbstractQueuedSynchronizer$ConditionObject.awaitNanos(AbstractQueuedSynchronizer.java:1763)
        at java.base@21.0.5/java.util.concurrent.LinkedBlockingQueue.poll(LinkedBlockingQueue.java:460)
        at app//org.apache.hadoop.hdds.scm.server.ContainerReportQueue.poll(ContainerReportQueue.java:269)
        at app//org.apache.hadoop.hdds.scm.server.ContainerReportQueue.poll(ContainerReportQueue.java:42)
        at app//org.apache.hadoop.hdds.server.events.FixedThreadPoolWithAffinityExecutor$ContainerReportProcessTask.run(FixedThreadPoolWithAffinityExecutor.java:253)
        at java.base@21.0.5/java.util.concurrent.Executors$RunnableAdapter.call(Executors.java:572)
        at java.base@21.0.5/java.util.concurrent.FutureTask.run(FutureTask.java:317)
        at java.base@21.0.5/java.util.concurrent.ThreadPoolExecutor.runWorker(ThreadPoolExecutor.java:1144)
        at java.base@21.0.5/java.util.concurrent.ThreadPoolExecutor$Worker.run(ThreadPoolExecutor.java:642)
        at java.base@21.0.5/java.lang.Thread.runWith(Thread.java:1596)
        at java.base@21.0.5/java.lang.Thread.run(Thread.java:1583)
"IPC Server handler 8 on default port 15048" daemon prio=5 tid=735 timed_waiting
java.lang.Thread.State: TIMED_WAITING
        at java.base@21.0.5/jdk.internal.misc.Unsafe.park(Native Method)
        at java.base@21.0.5/java.util.concurrent.locks.LockSupport.parkNanos(LockSupport.java:269)
        at java.base@21.0.5/java.util.concurrent.locks.AbstractQueuedSynchronizer$ConditionObject.awaitNanos(AbstractQueuedSynchronizer.java:1763)
        at java.base@21.0.5/java.util.concurrent.LinkedBlockingQueue.poll(LinkedBlockingQueue.java:460)
        at app//org.apache.hadoop.ipc.CallQueueManager.take(CallQueueManager.java:370)
        at app//org.apache.hadoop.ipc.Server$Handler.run(Server.java:3165)
"qtp1967404553-711" daemon prio=5 tid=711 timed_waiting
java.lang.Thread.State: TIMED_WAITING
        at java.base@21.0.5/jdk.internal.misc.Unsafe.park(Native Method)
        at java.base@21.0.5/java.util.concurrent.locks.LockSupport.parkNanos(LockSupport.java:269)
        at java.base@21.0.5/java.util.concurrent.locks.AbstractQueuedSynchronizer$ConditionObject.awaitNanos(AbstractQueuedSynchronizer.java:1763)
        at app//org.eclipse.jetty.util.BlockingArrayQueue.poll(BlockingArrayQueue.java:382)
        at app//org.eclipse.jetty.util.thread.QueuedThreadPool$Runner.idleJobPoll(QueuedThreadPool.java:974)
        at app//org.eclipse.jetty.util.thread.QueuedThreadPool$Runner.run(QueuedThreadPool.java:1018)
        at java.base@21.0.5/java.lang.Thread.runWith(Thread.java:1596)
        at java.base@21.0.5/java.lang.Thread.run(Thread.java:1583)
"IPC Server handler 4 on default port 15066" daemon prio=5 tid=823 timed_waiting
java.lang.Thread.State: TIMED_WAITING
        at java.base@21.0.5/jdk.internal.misc.Unsafe.park(Native Method)
        at java.base@21.0.5/java.util.concurrent.locks.LockSupport.parkNanos(LockSupport.java:269)
        at java.base@21.0.5/java.util.concurrent.locks.AbstractQueuedSynchronizer$ConditionObject.awaitNanos(AbstractQueuedSynchronizer.java:1763)
        at java.base@21.0.5/java.util.concurrent.LinkedBlockingQueue.poll(LinkedBlockingQueue.java:460)
        at app//org.apache.hadoop.ipc.CallQueueManager.take(CallQueueManager.java:370)
        at app//org.apache.hadoop.ipc.Server$Handler.run(Server.java:3165)
"qtp1778430092-617" daemon prio=5 tid=617 timed_waiting
java.lang.Thread.State: TIMED_WAITING
        at java.base@21.0.5/jdk.internal.misc.Unsafe.park(Native Method)
        at java.base@21.0.5/java.util.concurrent.locks.LockSupport.parkNanos(LockSupport.java:269)
        at java.base@21.0.5/java.util.concurrent.locks.AbstractQueuedSynchronizer$ConditionObject.awaitNanos(AbstractQueuedSynchronizer.java:1763)
        at app//org.eclipse.jetty.util.BlockingArrayQueue.poll(BlockingArrayQueue.java:382)
        at app//org.eclipse.jetty.util.thread.QueuedThreadPool$Runner.idleJobPoll(QueuedThreadPool.java:974)
        at app//org.eclipse.jetty.util.thread.QueuedThreadPool$Runner.run(QueuedThreadPool.java:1018)
        at java.base@21.0.5/java.lang.Thread.runWith(Thread.java:1596)
        at java.base@21.0.5/java.lang.Thread.run(Thread.java:1583)
"Socket Reader #6 for port 15039"  prio=5 tid=673 runnable
java.lang.Thread.State: RUNNABLE
        at java.base@21.0.5/sun.nio.ch.EPoll.wait(Native Method)
        at java.base@21.0.5/sun.nio.ch.EPollSelectorImpl.doSelect(EPollSelectorImpl.java:121)
        at java.base@21.0.5/sun.nio.ch.SelectorImpl.lockAndDoSelect(SelectorImpl.java:130)
        at java.base@21.0.5/sun.nio.ch.SelectorImpl.select(SelectorImpl.java:147)
        at app//org.apache.hadoop.ipc.Server$Listener$Reader.doRunLoop(Server.java:1497)
        at app//org.apache.hadoop.ipc.Server$Listener$Reader.run(Server.java:1476)
"79978ed1-1a5c-4832-b584-9e2d85f03cd7-BlockDeletingService#3" daemon prio=5 tid=2904 in Object.wait()
java.lang.Thread.State: WAITING (on object monitor)
        at java.base@21.0.5/jdk.internal.misc.Unsafe.park(Native Method)
        at java.base@21.0.5/java.util.concurrent.locks.LockSupport.park(LockSupport.java:371)
        at java.base@21.0.5/java.util.concurrent.locks.AbstractQueuedSynchronizer$ConditionNode.block(AbstractQueuedSynchronizer.java:519)
        at java.base@21.0.5/java.util.concurrent.ForkJoinPool.unmanagedBlock(ForkJoinPool.java:3780)
        at java.base@21.0.5/java.util.concurrent.ForkJoinPool.managedBlock(ForkJoinPool.java:3725)
        at java.base@21.0.5/java.util.concurrent.locks.AbstractQueuedSynchronizer$ConditionObject.await(AbstractQueuedSynchronizer.java:1712)
        at java.base@21.0.5/java.util.concurrent.ScheduledThreadPoolExecutor$DelayedWorkQueue.take(ScheduledThreadPoolExecutor.java:1177)
        at java.base@21.0.5/java.util.concurrent.ScheduledThreadPoolExecutor$DelayedWorkQueue.take(ScheduledThreadPoolExecutor.java:899)
        at java.base@21.0.5/java.util.concurrent.ThreadPoolExecutor.getTask(ThreadPoolExecutor.java:1070)
        at java.base@21.0.5/java.util.concurrent.ThreadPoolExecutor.runWorker(ThreadPoolExecutor.java:1130)
        at java.base@21.0.5/java.util.concurrent.ThreadPoolExecutor$Worker.run(ThreadPoolExecutor.java:642)
        at java.base@21.0.5/java.lang.Thread.runWith(Thread.java:1596)
        at java.base@21.0.5/java.lang.Thread.run(Thread.java:1583)
"SCMHeartbeatProcessor-0" daemon prio=5 tid=47 timed_waiting
java.lang.Thread.State: TIMED_WAITING
        at java.base@21.0.5/jdk.internal.misc.Unsafe.park(Native Method)
        at java.base@21.0.5/java.util.concurrent.locks.LockSupport.parkNanos(LockSupport.java:269)
        at java.base@21.0.5/java.util.concurrent.locks.AbstractQueuedSynchronizer$ConditionObject.awaitNanos(AbstractQueuedSynchronizer.java:1763)
        at java.base@21.0.5/java.util.concurrent.ScheduledThreadPoolExecutor$DelayedWorkQueue.take(ScheduledThreadPoolExecutor.java:1182)
        at java.base@21.0.5/java.util.concurrent.ScheduledThreadPoolExecutor$DelayedWorkQueue.take(ScheduledThreadPoolExecutor.java:899)
        at java.base@21.0.5/java.util.concurrent.ThreadPoolExecutor.getTask(ThreadPoolExecutor.java:1070)
        at java.base@21.0.5/java.util.concurrent.ThreadPoolExecutor.runWorker(ThreadPoolExecutor.java:1130)
        at java.base@21.0.5/java.util.concurrent.ThreadPoolExecutor$Worker.run(ThreadPoolExecutor.java:642)
        at java.base@21.0.5/java.lang.Thread.runWith(Thread.java:1596)
        at java.base@21.0.5/java.lang.Thread.run(Thread.java:1583)
"751e45cc-852a-454f-97c8-e80f2befe6f4@group-2A3258B325AC-LeaderStateImpl" daemon prio=5 tid=1958 timed_waiting
java.lang.Thread.State: TIMED_WAITING
        at java.base@21.0.5/jdk.internal.misc.Unsafe.park(Native Method)
        at java.base@21.0.5/java.util.concurrent.locks.LockSupport.parkNanos(LockSupport.java:269)
        at java.base@21.0.5/java.util.concurrent.locks.AbstractQueuedSynchronizer$ConditionObject.awaitNanos(AbstractQueuedSynchronizer.java:1763)
        at java.base@21.0.5/java.util.concurrent.ArrayBlockingQueue.poll(ArrayBlockingQueue.java:435)
        at app//org.apache.ratis.server.impl.LeaderStateImpl$EventQueue.poll(LeaderStateImpl.java:164)
        at app//org.apache.ratis.server.impl.LeaderStateImpl$EventProcessor.run(LeaderStateImpl.java:763)
"IPC Server handler 58 on default port 15002" daemon prio=5 tid=390 timed_waiting
java.lang.Thread.State: TIMED_WAITING
        at java.base@21.0.5/jdk.internal.misc.Unsafe.park(Native Method)
        at java.base@21.0.5/java.util.concurrent.locks.LockSupport.parkNanos(LockSupport.java:269)
        at java.base@21.0.5/java.util.concurrent.locks.AbstractQueuedSynchronizer$ConditionObject.awaitNanos(AbstractQueuedSynchronizer.java:1763)
        at java.base@21.0.5/java.util.concurrent.LinkedBlockingQueue.poll(LinkedBlockingQueue.java:460)
        at app//org.apache.hadoop.ipc.CallQueueManager.take(CallQueueManager.java:370)
        at app//org.apache.hadoop.ipc.Server$Handler.run(Server.java:3165)
"IPC Server handler 96 on default port 15000" daemon prio=5 tid=210 timed_waiting
java.lang.Thread.State: TIMED_WAITING
        at java.base@21.0.5/jdk.internal.misc.Unsafe.park(Native Method)
        at java.base@21.0.5/java.util.concurrent.locks.LockSupport.parkNanos(LockSupport.java:269)
        at java.base@21.0.5/java.util.concurrent.locks.AbstractQueuedSynchronizer$ConditionObject.awaitNanos(AbstractQueuedSynchronizer.java:1763)
        at java.base@21.0.5/java.util.concurrent.LinkedBlockingQueue.poll(LinkedBlockingQueue.java:460)
        at app//org.apache.hadoop.ipc.CallQueueManager.take(CallQueueManager.java:370)
        at app//org.apache.hadoop.ipc.Server$Handler.run(Server.java:3165)
"3296053d-9d54-4057-a6a8-67c4b6ec6587@group-5233A358D31F-StateMachineUpdater" daemon prio=5 tid=1634 timed_waiting
java.lang.Thread.State: TIMED_WAITING
        at java.base@21.0.5/jdk.internal.misc.Unsafe.park(Native Method)
        at java.base@21.0.5/java.util.concurrent.locks.LockSupport.parkNanos(LockSupport.java:269)
        at java.base@21.0.5/java.util.concurrent.locks.AbstractQueuedSynchronizer$ConditionObject.await(AbstractQueuedSynchronizer.java:1852)
        at app//org.apache.ratis.util.AwaitForSignal.await(AwaitForSignal.java:65)
        at app//org.apache.ratis.server.impl.StateMachineUpdater.waitForCommit(StateMachineUpdater.java:219)
        at app//org.apache.ratis.server.impl.StateMachineUpdater.run(StateMachineUpdater.java:187)
        at java.base@21.0.5/java.lang.Thread.runWith(Thread.java:1596)
        at java.base@21.0.5/java.lang.Thread.run(Thread.java:1583)
"4b5ea8a3-88a5-4114-908f-7a85f39bc1cb-ChunkReader-3" daemon prio=5 tid=2071 in Object.wait()
java.lang.Thread.State: WAITING (on object monitor)
        at java.base@21.0.5/jdk.internal.misc.Unsafe.park(Native Method)
        at java.base@21.0.5/java.util.concurrent.locks.LockSupport.park(LockSupport.java:371)
        at java.base@21.0.5/java.util.concurrent.locks.AbstractQueuedSynchronizer$ConditionNode.block(AbstractQueuedSynchronizer.java:519)
        at java.base@21.0.5/java.util.concurrent.ForkJoinPool.unmanagedBlock(ForkJoinPool.java:3780)
        at java.base@21.0.5/java.util.concurrent.ForkJoinPool.managedBlock(ForkJoinPool.java:3725)
        at java.base@21.0.5/java.util.concurrent.locks.AbstractQueuedSynchronizer$ConditionObject.await(AbstractQueuedSynchronizer.java:1712)
        at java.base@21.0.5/java.util.concurrent.LinkedBlockingQueue.take(LinkedBlockingQueue.java:435)
        at java.base@21.0.5/java.util.concurrent.ThreadPoolExecutor.getTask(ThreadPoolExecutor.java:1070)
        at java.base@21.0.5/java.util.concurrent.ThreadPoolExecutor.runWorker(ThreadPoolExecutor.java:1130)
        at java.base@21.0.5/java.util.concurrent.ThreadPoolExecutor$Worker.run(ThreadPoolExecutor.java:642)
        at java.base@21.0.5/java.lang.Thread.runWith(Thread.java:1596)
        at java.base@21.0.5/java.lang.Thread.run(Thread.java:1583)
"StaleRecoveringContainerScrubbingService#8" daemon prio=5 tid=2882 in Object.wait()
java.lang.Thread.State: WAITING (on object monitor)
        at java.base@21.0.5/jdk.internal.misc.Unsafe.park(Native Method)
        at java.base@21.0.5/java.util.concurrent.locks.LockSupport.park(LockSupport.java:371)
        at java.base@21.0.5/java.util.concurrent.locks.AbstractQueuedSynchronizer$ConditionNode.block(AbstractQueuedSynchronizer.java:519)
        at java.base@21.0.5/java.util.concurrent.ForkJoinPool.unmanagedBlock(ForkJoinPool.java:3780)
        at java.base@21.0.5/java.util.concurrent.ForkJoinPool.managedBlock(ForkJoinPool.java:3725)
        at java.base@21.0.5/java.util.concurrent.locks.AbstractQueuedSynchronizer$ConditionObject.await(AbstractQueuedSynchronizer.java:1712)
        at java.base@21.0.5/java.util.concurrent.ScheduledThreadPoolExecutor$DelayedWorkQueue.take(ScheduledThreadPoolExecutor.java:1177)
        at java.base@21.0.5/java.util.concurrent.ScheduledThreadPoolExecutor$DelayedWorkQueue.take(ScheduledThreadPoolExecutor.java:899)
        at java.base@21.0.5/java.util.concurrent.ThreadPoolExecutor.getTask(ThreadPoolExecutor.java:1070)
        at java.base@21.0.5/java.util.concurrent.ThreadPoolExecutor.runWorker(ThreadPoolExecutor.java:1130)
        at java.base@21.0.5/java.util.concurrent.ThreadPoolExecutor$Worker.run(ThreadPoolExecutor.java:642)
        at java.base@21.0.5/java.lang.Thread.runWith(Thread.java:1596)
        at java.base@21.0.5/java.lang.Thread.run(Thread.java:1583)
"JvmPauseMonitor2" daemon prio=5 tid=461 timed_waiting
java.lang.Thread.State: TIMED_WAITING
        at java.base@21.0.5/java.lang.Thread.sleep0(Native Method)
        at java.base@21.0.5/java.lang.Thread.sleep(Thread.java:558)
        at java.base@21.0.5/java.util.concurrent.TimeUnit.sleep(TimeUnit.java:446)
        at app//org.apache.ratis.util.TimeDuration.sleep(TimeDuration.java:353)
        at app//org.apache.ratis.util.TimeDuration.sleep(TimeDuration.java:338)
        at app//org.apache.ratis.util.JvmPauseMonitor.detectPause(JvmPauseMonitor.java:160)
        at app//org.apache.ratis.util.JvmPauseMonitor.run(JvmPauseMonitor.java:149)
        at app//org.apache.ratis.util.JvmPauseMonitor$$Lambda/0x00007fd9cc38c980.run(Unknown Source)
        at java.base@21.0.5/java.lang.Thread.runWith(Thread.java:1596)
        at java.base@21.0.5/java.lang.Thread.run(Thread.java:1583)
"b6b79d51-52d7-4711-a690-06a51533978a-ChunkReader-3" daemon prio=5 tid=2701 in Object.wait()
java.lang.Thread.State: WAITING (on object monitor)
        at java.base@21.0.5/jdk.internal.misc.Unsafe.park(Native Method)
        at java.base@21.0.5/java.util.concurrent.locks.LockSupport.park(LockSupport.java:371)
        at java.base@21.0.5/java.util.concurrent.locks.AbstractQueuedSynchronizer$ConditionNode.block(AbstractQueuedSynchronizer.java:519)
        at java.base@21.0.5/java.util.concurrent.ForkJoinPool.unmanagedBlock(ForkJoinPool.java:3780)
        at java.base@21.0.5/java.util.concurrent.ForkJoinPool.managedBlock(ForkJoinPool.java:3725)
        at java.base@21.0.5/java.util.concurrent.locks.AbstractQueuedSynchronizer$ConditionObject.await(AbstractQueuedSynchronizer.java:1712)
        at java.base@21.0.5/java.util.concurrent.LinkedBlockingQueue.take(LinkedBlockingQueue.java:435)
        at java.base@21.0.5/java.util.concurrent.ThreadPoolExecutor.getTask(ThreadPoolExecutor.java:1070)
        at java.base@21.0.5/java.util.concurrent.ThreadPoolExecutor.runWorker(ThreadPoolExecutor.java:1130)
        at java.base@21.0.5/java.util.concurrent.ThreadPoolExecutor$Worker.run(ThreadPoolExecutor.java:642)
        at java.base@21.0.5/java.lang.Thread.runWith(Thread.java:1596)
        at java.base@21.0.5/java.lang.Thread.run(Thread.java:1583)
"IPC Server handler 43 on default port 15001" daemon prio=5 tid=257 timed_waiting
java.lang.Thread.State: TIMED_WAITING
        at java.base@21.0.5/jdk.internal.misc.Unsafe.park(Native Method)
        at java.base@21.0.5/java.util.concurrent.locks.LockSupport.parkNanos(LockSupport.java:269)
        at java.base@21.0.5/java.util.concurrent.locks.AbstractQueuedSynchronizer$ConditionObject.awaitNanos(AbstractQueuedSynchronizer.java:1763)
        at java.base@21.0.5/java.util.concurrent.LinkedBlockingQueue.poll(LinkedBlockingQueue.java:460)
        at app//org.apache.hadoop.ipc.CallQueueManager.take(CallQueueManager.java:370)
        at app//org.apache.hadoop.ipc.Server$Handler.run(Server.java:3165)
"751e45cc-852a-454f-97c8-e80f2befe6f4-server-thread2" daemon prio=5 tid=1851 timed_waiting
java.lang.Thread.State: TIMED_WAITING
        at java.base@21.0.5/jdk.internal.misc.Unsafe.park(Native Method)
        at java.base@21.0.5/java.util.concurrent.locks.LockSupport.parkNanos(LockSupport.java:410)
        at java.base@21.0.5/java.util.concurrent.LinkedTransferQueue$DualNode.await(LinkedTransferQueue.java:452)
        at java.base@21.0.5/java.util.concurrent.SynchronousQueue$Transferer.xferLifo(SynchronousQueue.java:194)
        at java.base@21.0.5/java.util.concurrent.SynchronousQueue.xfer(SynchronousQueue.java:235)
        at java.base@21.0.5/java.util.concurrent.SynchronousQueue.poll(SynchronousQueue.java:338)
        at java.base@21.0.5/java.util.concurrent.ThreadPoolExecutor.getTask(ThreadPoolExecutor.java:1069)
        at java.base@21.0.5/java.util.concurrent.ThreadPoolExecutor.runWorker(ThreadPoolExecutor.java:1130)
        at java.base@21.0.5/java.util.concurrent.ThreadPoolExecutor$Worker.run(ThreadPoolExecutor.java:642)
        at java.base@21.0.5/java.lang.Thread.runWith(Thread.java:1596)
        at java.base@21.0.5/java.lang.Thread.run(Thread.java:1583)
"26f755b0-b4b1-4239-8401-e418fca9ef4b-CloseContainerThread-1"  prio=5 tid=2822 in Object.wait()
java.lang.Thread.State: WAITING (on object monitor)
        at java.base@21.0.5/jdk.internal.misc.Unsafe.park(Native Method)
        at java.base@21.0.5/java.util.concurrent.locks.LockSupport.park(LockSupport.java:371)
        at java.base@21.0.5/java.util.concurrent.locks.AbstractQueuedSynchronizer$ConditionNode.block(AbstractQueuedSynchronizer.java:519)
        at java.base@21.0.5/java.util.concurrent.ForkJoinPool.unmanagedBlock(ForkJoinPool.java:3780)
        at java.base@21.0.5/java.util.concurrent.ForkJoinPool.managedBlock(ForkJoinPool.java:3725)
        at java.base@21.0.5/java.util.concurrent.locks.AbstractQueuedSynchronizer$ConditionObject.await(AbstractQueuedSynchronizer.java:1712)
        at java.base@21.0.5/java.util.concurrent.LinkedBlockingQueue.take(LinkedBlockingQueue.java:435)
        at java.base@21.0.5/java.util.concurrent.ThreadPoolExecutor.getTask(ThreadPoolExecutor.java:1070)
        at java.base@21.0.5/java.util.concurrent.ThreadPoolExecutor.runWorker(ThreadPoolExecutor.java:1130)
        at java.base@21.0.5/java.util.concurrent.ThreadPoolExecutor$Worker.run(ThreadPoolExecutor.java:642)
        at java.base@21.0.5/java.lang.Thread.runWith(Thread.java:1596)
        at java.base@21.0.5/java.lang.Thread.run(Thread.java:1583)
"3296053d-9d54-4057-a6a8-67c4b6ec6587@group-69B381BA0E06-FollowerState" daemon prio=5 tid=1821 timed_waiting
java.lang.Thread.State: TIMED_WAITING
        at java.base@21.0.5/java.lang.Thread.sleep0(Native Method)
        at java.base@21.0.5/java.lang.Thread.sleep(Thread.java:558)
        at java.base@21.0.5/java.util.concurrent.TimeUnit.sleep(TimeUnit.java:446)
        at app//org.apache.ratis.util.TimeDuration.sleep(TimeDuration.java:353)
        at app//org.apache.ratis.util.TimeDuration.sleep(TimeDuration.java:338)
        at app//org.apache.ratis.server.impl.FollowerState.runImpl(FollowerState.java:149)
        at app//org.apache.ratis.server.impl.FollowerState.run(FollowerState.java:130)
"IPC Server handler 41 on default port 15001" daemon prio=5 tid=255 timed_waiting
java.lang.Thread.State: TIMED_WAITING
        at java.base@21.0.5/jdk.internal.misc.Unsafe.park(Native Method)
        at java.base@21.0.5/java.util.concurrent.locks.LockSupport.parkNanos(LockSupport.java:269)
        at java.base@21.0.5/java.util.concurrent.locks.AbstractQueuedSynchronizer$ConditionObject.awaitNanos(AbstractQueuedSynchronizer.java:1763)
        at java.base@21.0.5/java.util.concurrent.LinkedBlockingQueue.poll(LinkedBlockingQueue.java:460)
        at app//org.apache.hadoop.ipc.CallQueueManager.take(CallQueueManager.java:370)
        at app//org.apache.hadoop.ipc.Server$Handler.run(Server.java:3165)
"IPC Server handler 48 on default port 15000" daemon prio=5 tid=162 timed_waiting
java.lang.Thread.State: TIMED_WAITING
        at java.base@21.0.5/jdk.internal.misc.Unsafe.park(Native Method)
        at java.base@21.0.5/java.util.concurrent.locks.LockSupport.parkNanos(LockSupport.java:269)
        at java.base@21.0.5/java.util.concurrent.locks.AbstractQueuedSynchronizer$ConditionObject.awaitNanos(AbstractQueuedSynchronizer.java:1763)
        at java.base@21.0.5/java.util.concurrent.LinkedBlockingQueue.poll(LinkedBlockingQueue.java:460)
        at app//org.apache.hadoop.ipc.CallQueueManager.take(CallQueueManager.java:370)
        at app//org.apache.hadoop.ipc.Server$Handler.run(Server.java:3165)
"qtp996171897-665" daemon prio=5 tid=665 timed_waiting
java.lang.Thread.State: TIMED_WAITING
        at java.base@21.0.5/jdk.internal.misc.Unsafe.park(Native Method)
        at java.base@21.0.5/java.util.concurrent.locks.LockSupport.parkNanos(LockSupport.java:269)
        at java.base@21.0.5/java.util.concurrent.locks.AbstractQueuedSynchronizer$ConditionObject.awaitNanos(AbstractQueuedSynchronizer.java:1763)
        at app//org.eclipse.jetty.util.BlockingArrayQueue.poll(BlockingArrayQueue.java:382)
        at app//org.eclipse.jetty.util.thread.QueuedThreadPool$Runner.idleJobPoll(QueuedThreadPool.java:974)
        at app//org.eclipse.jetty.util.thread.QueuedThreadPool$Runner.run(QueuedThreadPool.java:1018)
        at java.base@21.0.5/java.lang.Thread.runWith(Thread.java:1596)
        at java.base@21.0.5/java.lang.Thread.run(Thread.java:1583)
"79978ed1-1a5c-4832-b584-9e2d85f03cd7-PeriodicHDDSVolumeChecker" daemon prio=5 tid=856 timed_waiting
java.lang.Thread.State: TIMED_WAITING
        at java.base@21.0.5/jdk.internal.misc.Unsafe.park(Native Method)
        at java.base@21.0.5/java.util.concurrent.locks.LockSupport.parkNanos(LockSupport.java:269)
        at java.base@21.0.5/java.util.concurrent.locks.AbstractQueuedSynchronizer$ConditionObject.awaitNanos(AbstractQueuedSynchronizer.java:1763)
        at java.base@21.0.5/java.util.concurrent.ScheduledThreadPoolExecutor$DelayedWorkQueue.take(ScheduledThreadPoolExecutor.java:1182)
        at java.base@21.0.5/java.util.concurrent.ScheduledThreadPoolExecutor$DelayedWorkQueue.take(ScheduledThreadPoolExecutor.java:899)
        at java.base@21.0.5/java.util.concurrent.ThreadPoolExecutor.getTask(ThreadPoolExecutor.java:1070)
        at java.base@21.0.5/java.util.concurrent.ThreadPoolExecutor.runWorker(ThreadPoolExecutor.java:1130)
        at java.base@21.0.5/java.util.concurrent.ThreadPoolExecutor$Worker.run(ThreadPoolExecutor.java:642)
        at java.base@21.0.5/java.lang.Thread.runWith(Thread.java:1596)
        at java.base@21.0.5/java.lang.Thread.run(Thread.java:1583)
"IPC Server handler 27 on default port 15002" daemon prio=5 tid=359 timed_waiting
java.lang.Thread.State: TIMED_WAITING
        at java.base@21.0.5/jdk.internal.misc.Unsafe.park(Native Method)
        at java.base@21.0.5/java.util.concurrent.locks.LockSupport.parkNanos(LockSupport.java:269)
        at java.base@21.0.5/java.util.concurrent.locks.AbstractQueuedSynchronizer$ConditionObject.awaitNanos(AbstractQueuedSynchronizer.java:1763)
        at java.base@21.0.5/java.util.concurrent.LinkedBlockingQueue.poll(LinkedBlockingQueue.java:460)
        at app//org.apache.hadoop.ipc.CallQueueManager.take(CallQueueManager.java:370)
        at app//org.apache.hadoop.ipc.Server$Handler.run(Server.java:3165)
"eca5a246-1f8f-493f-b50d-7eee1f2fec76-DatanodeStateMachineDaemonThread" daemon prio=5 tid=829 timed_waiting
java.lang.Thread.State: TIMED_WAITING
        at java.base@21.0.5/java.lang.Thread.sleep0(Native Method)
        at java.base@21.0.5/java.lang.Thread.sleep(Thread.java:509)
        at app//org.apache.hadoop.ozone.container.common.statemachine.DatanodeStateMachine.startStateMachineThread(DatanodeStateMachine.java:358)
        at app//org.apache.hadoop.ozone.container.common.statemachine.DatanodeStateMachine.lambda$startDaemon$1(DatanodeStateMachine.java:544)
        at app//org.apache.hadoop.ozone.container.common.statemachine.DatanodeStateMachine$$Lambda/0x00007fd9cc7d49d8.run(Unknown Source)
        at java.base@21.0.5/java.lang.Thread.runWith(Thread.java:1596)
        at java.base@21.0.5/java.lang.Thread.run(Thread.java:1583)
"eca5a246-1f8f-493f-b50d-7eee1f2fec76@group-AE8CA6FC1197-cacheEviction-AwaitToRun" daemon prio=5 tid=1265 in Object.wait()
java.lang.Thread.State: WAITING (on object monitor)
        at java.base@21.0.5/jdk.internal.misc.Unsafe.park(Native Method)
        at java.base@21.0.5/java.util.concurrent.locks.LockSupport.park(LockSupport.java:371)
        at java.base@21.0.5/java.util.concurrent.locks.AbstractQueuedSynchronizer$ConditionNode.block(AbstractQueuedSynchronizer.java:519)
        at java.base@21.0.5/java.util.concurrent.ForkJoinPool.unmanagedBlock(ForkJoinPool.java:3780)
        at java.base@21.0.5/java.util.concurrent.ForkJoinPool.managedBlock(ForkJoinPool.java:3725)
        at java.base@21.0.5/java.util.concurrent.locks.AbstractQueuedSynchronizer$ConditionObject.await(AbstractQueuedSynchronizer.java:1712)
        at app//org.apache.ratis.util.AwaitForSignal.await(AwaitForSignal.java:48)
        at app//org.apache.ratis.util.AwaitToRun$RunnableImpl.run(AwaitToRun.java:47)
        at java.base@21.0.5/java.lang.Thread.runWith(Thread.java:1596)
        at java.base@21.0.5/java.lang.Thread.run(Thread.java:1583)
"b6b79d51-52d7-4711-a690-06a51533978a@group-AEA5E11D46FC-cacheEviction-AwaitToRun" daemon prio=5 tid=1379 in Object.wait()
java.lang.Thread.State: WAITING (on object monitor)
        at java.base@21.0.5/jdk.internal.misc.Unsafe.park(Native Method)
        at java.base@21.0.5/java.util.concurrent.locks.LockSupport.park(LockSupport.java:371)
        at java.base@21.0.5/java.util.concurrent.locks.AbstractQueuedSynchronizer$ConditionNode.block(AbstractQueuedSynchronizer.java:519)
        at java.base@21.0.5/java.util.concurrent.ForkJoinPool.unmanagedBlock(ForkJoinPool.java:3780)
        at java.base@21.0.5/java.util.concurrent.ForkJoinPool.managedBlock(ForkJoinPool.java:3725)
        at java.base@21.0.5/java.util.concurrent.locks.AbstractQueuedSynchronizer$ConditionObject.await(AbstractQueuedSynchronizer.java:1712)
        at app//org.apache.ratis.util.AwaitForSignal.await(AwaitForSignal.java:48)
        at app//org.apache.ratis.util.AwaitToRun$RunnableImpl.run(AwaitToRun.java:47)
        at java.base@21.0.5/java.lang.Thread.runWith(Thread.java:1596)
        at java.base@21.0.5/java.lang.Thread.run(Thread.java:1583)
"qtp547643943-324" daemon prio=5 tid=324 timed_waiting
java.lang.Thread.State: TIMED_WAITING
        at java.base@21.0.5/jdk.internal.misc.Unsafe.park(Native Method)
        at java.base@21.0.5/java.util.concurrent.locks.LockSupport.parkNanos(LockSupport.java:269)
        at java.base@21.0.5/java.util.concurrent.locks.AbstractQueuedSynchronizer$ConditionObject.awaitNanos(AbstractQueuedSynchronizer.java:1763)
        at app//org.eclipse.jetty.util.BlockingArrayQueue.poll(BlockingArrayQueue.java:382)
        at app//org.eclipse.jetty.util.thread.QueuedThreadPool$Runner.idleJobPoll(QueuedThreadPool.java:974)
        at app//org.eclipse.jetty.util.thread.QueuedThreadPool$Runner.run(QueuedThreadPool.java:1018)
        at java.base@21.0.5/java.lang.Thread.runWith(Thread.java:1596)
        at java.base@21.0.5/java.lang.Thread.run(Thread.java:1583)
"Socket Reader #5 for port 15066"  prio=5 tid=810 runnable
java.lang.Thread.State: RUNNABLE
        at java.base@21.0.5/sun.nio.ch.EPoll.wait(Native Method)
        at java.base@21.0.5/sun.nio.ch.EPollSelectorImpl.doSelect(EPollSelectorImpl.java:121)
        at java.base@21.0.5/sun.nio.ch.SelectorImpl.lockAndDoSelect(SelectorImpl.java:130)
        at java.base@21.0.5/sun.nio.ch.SelectorImpl.select(SelectorImpl.java:147)
        at app//org.apache.hadoop.ipc.Server$Listener$Reader.doRunLoop(Server.java:1497)
        at app//org.apache.hadoop.ipc.Server$Listener$Reader.run(Server.java:1476)
"StaleRecoveringContainerScrubbingService#8" daemon prio=5 tid=2879 in Object.wait()
java.lang.Thread.State: WAITING (on object monitor)
        at java.base@21.0.5/jdk.internal.misc.Unsafe.park(Native Method)
        at java.base@21.0.5/java.util.concurrent.locks.LockSupport.park(LockSupport.java:371)
        at java.base@21.0.5/java.util.concurrent.locks.AbstractQueuedSynchronizer$ConditionNode.block(AbstractQueuedSynchronizer.java:519)
        at java.base@21.0.5/java.util.concurrent.ForkJoinPool.unmanagedBlock(ForkJoinPool.java:3780)
        at java.base@21.0.5/java.util.concurrent.ForkJoinPool.managedBlock(ForkJoinPool.java:3725)
        at java.base@21.0.5/java.util.concurrent.locks.AbstractQueuedSynchronizer$ConditionObject.await(AbstractQueuedSynchronizer.java:1712)
        at java.base@21.0.5/java.util.concurrent.ScheduledThreadPoolExecutor$DelayedWorkQueue.take(ScheduledThreadPoolExecutor.java:1177)
        at java.base@21.0.5/java.util.concurrent.ScheduledThreadPoolExecutor$DelayedWorkQueue.take(ScheduledThreadPoolExecutor.java:899)
        at java.base@21.0.5/java.util.concurrent.ThreadPoolExecutor.getTask(ThreadPoolExecutor.java:1070)
        at java.base@21.0.5/java.util.concurrent.ThreadPoolExecutor.runWorker(ThreadPoolExecutor.java:1130)
        at java.base@21.0.5/java.util.concurrent.ThreadPoolExecutor$Worker.run(ThreadPoolExecutor.java:642)
        at java.base@21.0.5/java.lang.Thread.runWith(Thread.java:1596)
        at java.base@21.0.5/java.lang.Thread.run(Thread.java:1583)
"IPC Server handler 53 on default port 15002" daemon prio=5 tid=385 timed_waiting
java.lang.Thread.State: TIMED_WAITING
        at java.base@21.0.5/jdk.internal.misc.Unsafe.park(Native Method)
        at java.base@21.0.5/java.util.concurrent.locks.LockSupport.parkNanos(LockSupport.java:269)
        at java.base@21.0.5/java.util.concurrent.locks.AbstractQueuedSynchronizer$ConditionObject.awaitNanos(AbstractQueuedSynchronizer.java:1763)
        at java.base@21.0.5/java.util.concurrent.LinkedBlockingQueue.poll(LinkedBlockingQueue.java:460)
        at app//org.apache.hadoop.ipc.CallQueueManager.take(CallQueueManager.java:370)
        at app//org.apache.hadoop.ipc.Server$Handler.run(Server.java:3165)
"IPC Server listener on 15030" daemon prio=5 tid=621 runnable
java.lang.Thread.State: RUNNABLE
        at java.base@21.0.5/sun.nio.ch.EPoll.wait(Native Method)
        at java.base@21.0.5/sun.nio.ch.EPollSelectorImpl.doSelect(EPollSelectorImpl.java:121)
        at java.base@21.0.5/sun.nio.ch.SelectorImpl.lockAndDoSelect(SelectorImpl.java:130)
        at java.base@21.0.5/sun.nio.ch.SelectorImpl.select(SelectorImpl.java:147)
        at app//org.apache.hadoop.ipc.Server$Listener.run(Server.java:1559)
"b6b79d51-52d7-4711-a690-06a51533978a-DatanodeReportManager-0" daemon prio=5 tid=738 timed_waiting
java.lang.Thread.State: TIMED_WAITING
        at java.base@21.0.5/jdk.internal.misc.Unsafe.park(Native Method)
        at java.base@21.0.5/java.util.concurrent.locks.LockSupport.parkNanos(LockSupport.java:269)
        at java.base@21.0.5/java.util.concurrent.locks.AbstractQueuedSynchronizer$ConditionObject.awaitNanos(AbstractQueuedSynchronizer.java:1763)
        at java.base@21.0.5/java.util.concurrent.ScheduledThreadPoolExecutor$DelayedWorkQueue.take(ScheduledThreadPoolExecutor.java:1182)
        at java.base@21.0.5/java.util.concurrent.ScheduledThreadPoolExecutor$DelayedWorkQueue.take(ScheduledThreadPoolExecutor.java:899)
        at java.base@21.0.5/java.util.concurrent.ThreadPoolExecutor.getTask(ThreadPoolExecutor.java:1070)
        at java.base@21.0.5/java.util.concurrent.ThreadPoolExecutor.runWorker(ThreadPoolExecutor.java:1130)
        at java.base@21.0.5/java.util.concurrent.ThreadPoolExecutor$Worker.run(ThreadPoolExecutor.java:642)
        at java.base@21.0.5/java.lang.Thread.runWith(Thread.java:1596)
        at java.base@21.0.5/java.lang.Thread.run(Thread.java:1583)
"Socket Reader #7 for port 15002"  prio=5 tid=62 runnable
java.lang.Thread.State: RUNNABLE
        at java.base@21.0.5/sun.nio.ch.EPoll.wait(Native Method)
        at java.base@21.0.5/sun.nio.ch.EPollSelectorImpl.doSelect(EPollSelectorImpl.java:121)
        at java.base@21.0.5/sun.nio.ch.SelectorImpl.lockAndDoSelect(SelectorImpl.java:130)
        at java.base@21.0.5/sun.nio.ch.SelectorImpl.select(SelectorImpl.java:147)
        at app//org.apache.hadoop.ipc.Server$Listener$Reader.doRunLoop(Server.java:1497)
        at app//org.apache.hadoop.ipc.Server$Listener$Reader.run(Server.java:1476)
"eca5a246-1f8f-493f-b50d-7eee1f2fec76-DatanodeReportManager-1" daemon prio=5 tid=831 in Object.wait()
java.lang.Thread.State: WAITING (on object monitor)
        at java.base@21.0.5/jdk.internal.misc.Unsafe.park(Native Method)
        at java.base@21.0.5/java.util.concurrent.locks.LockSupport.park(LockSupport.java:371)
        at java.base@21.0.5/java.util.concurrent.locks.AbstractQueuedSynchronizer$ConditionNode.block(AbstractQueuedSynchronizer.java:519)
        at java.base@21.0.5/java.util.concurrent.ForkJoinPool.unmanagedBlock(ForkJoinPool.java:3780)
        at java.base@21.0.5/java.util.concurrent.ForkJoinPool.managedBlock(ForkJoinPool.java:3725)
        at java.base@21.0.5/java.util.concurrent.locks.AbstractQueuedSynchronizer$ConditionObject.await(AbstractQueuedSynchronizer.java:1712)
        at java.base@21.0.5/java.util.concurrent.ScheduledThreadPoolExecutor$DelayedWorkQueue.take(ScheduledThreadPoolExecutor.java:1177)
        at java.base@21.0.5/java.util.concurrent.ScheduledThreadPoolExecutor$DelayedWorkQueue.take(ScheduledThreadPoolExecutor.java:899)
        at java.base@21.0.5/java.util.concurrent.ThreadPoolExecutor.getTask(ThreadPoolExecutor.java:1070)
        at java.base@21.0.5/java.util.concurrent.ThreadPoolExecutor.runWorker(ThreadPoolExecutor.java:1130)
        at java.base@21.0.5/java.util.concurrent.ThreadPoolExecutor$Worker.run(ThreadPoolExecutor.java:642)
        at java.base@21.0.5/java.lang.Thread.runWith(Thread.java:1596)
        at java.base@21.0.5/java.lang.Thread.run(Thread.java:1583)
"4b5ea8a3-88a5-4114-908f-7a85f39bc1cb-server-thread1" daemon prio=5 tid=2182 timed_waiting
java.lang.Thread.State: TIMED_WAITING
        at java.base@21.0.5/jdk.internal.misc.Unsafe.park(Native Method)
        at java.base@21.0.5/java.util.concurrent.locks.LockSupport.parkNanos(LockSupport.java:410)
        at java.base@21.0.5/java.util.concurrent.LinkedTransferQueue$DualNode.await(LinkedTransferQueue.java:452)
        at java.base@21.0.5/java.util.concurrent.SynchronousQueue$Transferer.xferLifo(SynchronousQueue.java:194)
        at java.base@21.0.5/java.util.concurrent.SynchronousQueue.xfer(SynchronousQueue.java:235)
        at java.base@21.0.5/java.util.concurrent.SynchronousQueue.poll(SynchronousQueue.java:338)
        at java.base@21.0.5/java.util.concurrent.ThreadPoolExecutor.getTask(ThreadPoolExecutor.java:1069)
        at java.base@21.0.5/java.util.concurrent.ThreadPoolExecutor.runWorker(ThreadPoolExecutor.java:1130)
        at java.base@21.0.5/java.util.concurrent.ThreadPoolExecutor$Worker.run(ThreadPoolExecutor.java:642)
        at java.base@21.0.5/java.lang.Thread.runWith(Thread.java:1596)
        at java.base@21.0.5/java.lang.Thread.run(Thread.java:1583)
"79978ed1-1a5c-4832-b584-9e2d85f03cd7@group-A6DF87581CD1-FollowerState" daemon prio=5 tid=1922 timed_waiting
java.lang.Thread.State: TIMED_WAITING
        at java.base@21.0.5/java.lang.Thread.sleep0(Native Method)
        at java.base@21.0.5/java.lang.Thread.sleep(Thread.java:558)
        at java.base@21.0.5/java.util.concurrent.TimeUnit.sleep(TimeUnit.java:446)
        at app//org.apache.ratis.util.TimeDuration.sleep(TimeDuration.java:353)
        at app//org.apache.ratis.util.TimeDuration.sleep(TimeDuration.java:338)
        at app//org.apache.ratis.server.impl.FollowerState.runImpl(FollowerState.java:149)
        at app//org.apache.ratis.server.impl.FollowerState.run(FollowerState.java:130)
"qtp874186099-571" daemon prio=5 tid=571 timed_waiting
java.lang.Thread.State: TIMED_WAITING
        at java.base@21.0.5/jdk.internal.misc.Unsafe.park(Native Method)
        at java.base@21.0.5/java.util.concurrent.locks.LockSupport.parkNanos(LockSupport.java:269)
        at java.base@21.0.5/java.util.concurrent.locks.AbstractQueuedSynchronizer$ConditionObject.awaitNanos(AbstractQueuedSynchronizer.java:1763)
        at app//org.eclipse.jetty.util.BlockingArrayQueue.poll(BlockingArrayQueue.java:382)
        at app//org.eclipse.jetty.util.thread.QueuedThreadPool$Runner.idleJobPoll(QueuedThreadPool.java:974)
        at app//org.eclipse.jetty.util.thread.QueuedThreadPool$Runner.run(QueuedThreadPool.java:1018)
        at java.base@21.0.5/java.lang.Thread.runWith(Thread.java:1596)
        at java.base@21.0.5/java.lang.Thread.run(Thread.java:1583)
"79978ed1-1a5c-4832-b584-9e2d85f03cd7-ChunkReader-1" daemon prio=5 tid=2896 in Object.wait()
java.lang.Thread.State: WAITING (on object monitor)
        at java.base@21.0.5/jdk.internal.misc.Unsafe.park(Native Method)
        at java.base@21.0.5/java.util.concurrent.locks.LockSupport.park(LockSupport.java:371)
        at java.base@21.0.5/java.util.concurrent.locks.AbstractQueuedSynchronizer$ConditionNode.block(AbstractQueuedSynchronizer.java:519)
        at java.base@21.0.5/java.util.concurrent.ForkJoinPool.unmanagedBlock(ForkJoinPool.java:3780)
        at java.base@21.0.5/java.util.concurrent.ForkJoinPool.managedBlock(ForkJoinPool.java:3725)
        at java.base@21.0.5/java.util.concurrent.locks.AbstractQueuedSynchronizer$ConditionObject.await(AbstractQueuedSynchronizer.java:1712)
        at java.base@21.0.5/java.util.concurrent.LinkedBlockingQueue.take(LinkedBlockingQueue.java:435)
        at java.base@21.0.5/java.util.concurrent.ThreadPoolExecutor.getTask(ThreadPoolExecutor.java:1070)
        at java.base@21.0.5/java.util.concurrent.ThreadPoolExecutor.runWorker(ThreadPoolExecutor.java:1130)
        at java.base@21.0.5/java.util.concurrent.ThreadPoolExecutor$Worker.run(ThreadPoolExecutor.java:642)
        at java.base@21.0.5/java.lang.Thread.runWith(Thread.java:1596)
        at java.base@21.0.5/java.lang.Thread.run(Thread.java:1583)
"4b5ea8a3-88a5-4114-908f-7a85f39bc1cb-ChunkReader-4" daemon prio=5 tid=2081 in Object.wait()
java.lang.Thread.State: WAITING (on object monitor)
        at java.base@21.0.5/jdk.internal.misc.Unsafe.park(Native Method)
        at java.base@21.0.5/java.util.concurrent.locks.LockSupport.park(LockSupport.java:371)
        at java.base@21.0.5/java.util.concurrent.locks.AbstractQueuedSynchronizer$ConditionNode.block(AbstractQueuedSynchronizer.java:519)
        at java.base@21.0.5/java.util.concurrent.ForkJoinPool.unmanagedBlock(ForkJoinPool.java:3780)
        at java.base@21.0.5/java.util.concurrent.ForkJoinPool.managedBlock(ForkJoinPool.java:3725)
        at java.base@21.0.5/java.util.concurrent.locks.AbstractQueuedSynchronizer$ConditionObject.await(AbstractQueuedSynchronizer.java:1712)
        at java.base@21.0.5/java.util.concurrent.LinkedBlockingQueue.take(LinkedBlockingQueue.java:435)
        at java.base@21.0.5/java.util.concurrent.ThreadPoolExecutor.getTask(ThreadPoolExecutor.java:1070)
        at java.base@21.0.5/java.util.concurrent.ThreadPoolExecutor.runWorker(ThreadPoolExecutor.java:1130)
        at java.base@21.0.5/java.util.concurrent.ThreadPoolExecutor$Worker.run(ThreadPoolExecutor.java:642)
        at java.base@21.0.5/java.lang.Thread.runWith(Thread.java:1596)
        at java.base@21.0.5/java.lang.Thread.run(Thread.java:1583)
"eca5a246-1f8f-493f-b50d-7eee1f2fec76-ChunkWriter-2-0" daemon prio=5 tid=1102 in Object.wait()
java.lang.Thread.State: WAITING (on object monitor)
        at java.base@21.0.5/jdk.internal.misc.Unsafe.park(Native Method)
        at java.base@21.0.5/java.util.concurrent.locks.LockSupport.park(LockSupport.java:371)
        at java.base@21.0.5/java.util.concurrent.locks.AbstractQueuedSynchronizer$ConditionNode.block(AbstractQueuedSynchronizer.java:519)
        at java.base@21.0.5/java.util.concurrent.ForkJoinPool.unmanagedBlock(ForkJoinPool.java:3780)
        at java.base@21.0.5/java.util.concurrent.ForkJoinPool.managedBlock(ForkJoinPool.java:3725)
        at java.base@21.0.5/java.util.concurrent.locks.AbstractQueuedSynchronizer$ConditionObject.await(AbstractQueuedSynchronizer.java:1712)
        at java.base@21.0.5/java.util.concurrent.LinkedBlockingDeque.takeFirst(LinkedBlockingDeque.java:485)
        at java.base@21.0.5/java.util.concurrent.LinkedBlockingDeque.take(LinkedBlockingDeque.java:673)
        at java.base@21.0.5/java.util.concurrent.ThreadPoolExecutor.getTask(ThreadPoolExecutor.java:1070)
        at java.base@21.0.5/java.util.concurrent.ThreadPoolExecutor.runWorker(ThreadPoolExecutor.java:1130)
        at java.base@21.0.5/java.util.concurrent.ThreadPoolExecutor$Worker.run(ThreadPoolExecutor.java:642)
        at java.base@21.0.5/java.lang.Thread.runWith(Thread.java:1596)
        at java.base@21.0.5/java.lang.Thread.run(Thread.java:1583)
"StaleRecoveringContainerScrubbingService#9" daemon prio=5 tid=2893 in Object.wait()
java.lang.Thread.State: WAITING (on object monitor)
        at java.base@21.0.5/jdk.internal.misc.Unsafe.park(Native Method)
        at java.base@21.0.5/java.util.concurrent.locks.LockSupport.park(LockSupport.java:371)
        at java.base@21.0.5/java.util.concurrent.locks.AbstractQueuedSynchronizer$ConditionNode.block(AbstractQueuedSynchronizer.java:519)
        at java.base@21.0.5/java.util.concurrent.ForkJoinPool.unmanagedBlock(ForkJoinPool.java:3780)
        at java.base@21.0.5/java.util.concurrent.ForkJoinPool.managedBlock(ForkJoinPool.java:3725)
        at java.base@21.0.5/java.util.concurrent.locks.AbstractQueuedSynchronizer$ConditionObject.await(AbstractQueuedSynchronizer.java:1712)
        at java.base@21.0.5/java.util.concurrent.ScheduledThreadPoolExecutor$DelayedWorkQueue.take(ScheduledThreadPoolExecutor.java:1177)
        at java.base@21.0.5/java.util.concurrent.ScheduledThreadPoolExecutor$DelayedWorkQueue.take(ScheduledThreadPoolExecutor.java:899)
        at java.base@21.0.5/java.util.concurrent.ThreadPoolExecutor.getTask(ThreadPoolExecutor.java:1070)
        at java.base@21.0.5/java.util.concurrent.ThreadPoolExecutor.runWorker(ThreadPoolExecutor.java:1130)
        at java.base@21.0.5/java.util.concurrent.ThreadPoolExecutor$Worker.run(ThreadPoolExecutor.java:642)
        at java.base@21.0.5/java.lang.Thread.runWith(Thread.java:1596)
        at java.base@21.0.5/java.lang.Thread.run(Thread.java:1583)
"IPC Server handler 51 on default port 15002" daemon prio=5 tid=383 timed_waiting
java.lang.Thread.State: TIMED_WAITING
        at java.base@21.0.5/jdk.internal.misc.Unsafe.park(Native Method)
        at java.base@21.0.5/java.util.concurrent.locks.LockSupport.parkNanos(LockSupport.java:269)
        at java.base@21.0.5/java.util.concurrent.locks.AbstractQueuedSynchronizer$ConditionObject.awaitNanos(AbstractQueuedSynchronizer.java:1763)
        at java.base@21.0.5/java.util.concurrent.LinkedBlockingQueue.poll(LinkedBlockingQueue.java:460)
        at app//org.apache.hadoop.ipc.CallQueueManager.take(CallQueueManager.java:370)
        at app//org.apache.hadoop.ipc.Server$Handler.run(Server.java:3165)
"IPC Server handler 78 on default port 15002" daemon prio=5 tid=410 timed_waiting
java.lang.Thread.State: TIMED_WAITING
        at java.base@21.0.5/jdk.internal.misc.Unsafe.park(Native Method)
        at java.base@21.0.5/java.util.concurrent.locks.LockSupport.parkNanos(LockSupport.java:269)
        at java.base@21.0.5/java.util.concurrent.locks.AbstractQueuedSynchronizer$ConditionObject.awaitNanos(AbstractQueuedSynchronizer.java:1763)
        at java.base@21.0.5/java.util.concurrent.LinkedBlockingQueue.poll(LinkedBlockingQueue.java:460)
        at app//org.apache.hadoop.ipc.CallQueueManager.take(CallQueueManager.java:370)
        at app//org.apache.hadoop.ipc.Server$Handler.run(Server.java:3165)
"eca5a246-1f8f-493f-b50d-7eee1f2fec76@group-91A8CF666C05-cacheEviction-AwaitToRun" daemon prio=5 tid=1639 in Object.wait()
java.lang.Thread.State: WAITING (on object monitor)
        at java.base@21.0.5/jdk.internal.misc.Unsafe.park(Native Method)
        at java.base@21.0.5/java.util.concurrent.locks.LockSupport.park(LockSupport.java:371)
        at java.base@21.0.5/java.util.concurrent.locks.AbstractQueuedSynchronizer$ConditionNode.block(AbstractQueuedSynchronizer.java:519)
        at java.base@21.0.5/java.util.concurrent.ForkJoinPool.unmanagedBlock(ForkJoinPool.java:3780)
        at java.base@21.0.5/java.util.concurrent.ForkJoinPool.managedBlock(ForkJoinPool.java:3725)
        at java.base@21.0.5/java.util.concurrent.locks.AbstractQueuedSynchronizer$ConditionObject.await(AbstractQueuedSynchronizer.java:1712)
        at app//org.apache.ratis.util.AwaitForSignal.await(AwaitForSignal.java:48)
        at app//org.apache.ratis.util.AwaitToRun$RunnableImpl.run(AwaitToRun.java:47)
        at java.base@21.0.5/java.lang.Thread.runWith(Thread.java:1596)
        at java.base@21.0.5/java.lang.Thread.run(Thread.java:1583)
"IPC Server handler 13 on default port 15002" daemon prio=5 tid=345 timed_waiting
java.lang.Thread.State: TIMED_WAITING
        at java.base@21.0.5/jdk.internal.misc.Unsafe.park(Native Method)
        at java.base@21.0.5/java.util.concurrent.locks.LockSupport.parkNanos(LockSupport.java:269)
        at java.base@21.0.5/java.util.concurrent.locks.AbstractQueuedSynchronizer$ConditionObject.awaitNanos(AbstractQueuedSynchronizer.java:1763)
        at java.base@21.0.5/java.util.concurrent.LinkedBlockingQueue.poll(LinkedBlockingQueue.java:460)
        at app//org.apache.hadoop.ipc.CallQueueManager.take(CallQueueManager.java:370)
        at app//org.apache.hadoop.ipc.Server$Handler.run(Server.java:3165)
"IPC Server handler 96 on default port 15002" daemon prio=5 tid=428 timed_waiting
java.lang.Thread.State: TIMED_WAITING
        at java.base@21.0.5/jdk.internal.misc.Unsafe.park(Native Method)
        at java.base@21.0.5/java.util.concurrent.locks.LockSupport.parkNanos(LockSupport.java:269)
        at java.base@21.0.5/java.util.concurrent.locks.AbstractQueuedSynchronizer$ConditionObject.awaitNanos(AbstractQueuedSynchronizer.java:1763)
        at java.base@21.0.5/java.util.concurrent.LinkedBlockingQueue.poll(LinkedBlockingQueue.java:460)
        at app//org.apache.hadoop.ipc.CallQueueManager.take(CallQueueManager.java:370)
        at app//org.apache.hadoop.ipc.Server$Handler.run(Server.java:3165)
"26f755b0-b4b1-4239-8401-e418fca9ef4b-DatanodeReportManager-1" daemon prio=5 tid=2517 timed_waiting
java.lang.Thread.State: TIMED_WAITING
        at java.base@21.0.5/jdk.internal.misc.Unsafe.park(Native Method)
        at java.base@21.0.5/java.util.concurrent.locks.LockSupport.parkNanos(LockSupport.java:269)
        at java.base@21.0.5/java.util.concurrent.locks.AbstractQueuedSynchronizer$ConditionObject.awaitNanos(AbstractQueuedSynchronizer.java:1763)
        at java.base@21.0.5/java.util.concurrent.ScheduledThreadPoolExecutor$DelayedWorkQueue.take(ScheduledThreadPoolExecutor.java:1182)
        at java.base@21.0.5/java.util.concurrent.ScheduledThreadPoolExecutor$DelayedWorkQueue.take(ScheduledThreadPoolExecutor.java:899)
        at java.base@21.0.5/java.util.concurrent.ThreadPoolExecutor.getTask(ThreadPoolExecutor.java:1070)
        at java.base@21.0.5/java.util.concurrent.ThreadPoolExecutor.runWorker(ThreadPoolExecutor.java:1130)
        at java.base@21.0.5/java.util.concurrent.ThreadPoolExecutor$Worker.run(ThreadPoolExecutor.java:642)
        at java.base@21.0.5/java.lang.Thread.runWith(Thread.java:1596)
        at java.base@21.0.5/java.lang.Thread.run(Thread.java:1583)
"eca5a246-1f8f-493f-b50d-7eee1f2fec76-server-thread3" daemon prio=5 tid=2102 timed_waiting
java.lang.Thread.State: TIMED_WAITING
        at java.base@21.0.5/jdk.internal.misc.Unsafe.park(Native Method)
        at java.base@21.0.5/java.util.concurrent.locks.LockSupport.parkNanos(LockSupport.java:410)
        at java.base@21.0.5/java.util.concurrent.LinkedTransferQueue$DualNode.await(LinkedTransferQueue.java:452)
        at java.base@21.0.5/java.util.concurrent.SynchronousQueue$Transferer.xferLifo(SynchronousQueue.java:194)
        at java.base@21.0.5/java.util.concurrent.SynchronousQueue.xfer(SynchronousQueue.java:235)
        at java.base@21.0.5/java.util.concurrent.SynchronousQueue.poll(SynchronousQueue.java:338)
        at java.base@21.0.5/java.util.concurrent.ThreadPoolExecutor.getTask(ThreadPoolExecutor.java:1069)
        at java.base@21.0.5/java.util.concurrent.ThreadPoolExecutor.runWorker(ThreadPoolExecutor.java:1130)
        at java.base@21.0.5/java.util.concurrent.ThreadPoolExecutor$Worker.run(ThreadPoolExecutor.java:642)
        at java.base@21.0.5/java.lang.Thread.runWith(Thread.java:1596)
        at java.base@21.0.5/java.lang.Thread.run(Thread.java:1583)
"IPC Server handler 4 on default port 15075" daemon prio=5 tid=2509 timed_waiting
java.lang.Thread.State: TIMED_WAITING
        at java.base@21.0.5/jdk.internal.misc.Unsafe.park(Native Method)
        at java.base@21.0.5/java.util.concurrent.locks.LockSupport.parkNanos(LockSupport.java:269)
        at java.base@21.0.5/java.util.concurrent.locks.AbstractQueuedSynchronizer$ConditionObject.awaitNanos(AbstractQueuedSynchronizer.java:1763)
        at java.base@21.0.5/java.util.concurrent.LinkedBlockingQueue.poll(LinkedBlockingQueue.java:460)
        at app//org.apache.hadoop.ipc.CallQueueManager.take(CallQueueManager.java:370)
        at app//org.apache.hadoop.ipc.Server$Handler.run(Server.java:3165)
"IPC Server handler 25 on default port 15000" daemon prio=5 tid=139 timed_waiting
java.lang.Thread.State: TIMED_WAITING
        at java.base@21.0.5/jdk.internal.misc.Unsafe.park(Native Method)
        at java.base@21.0.5/java.util.concurrent.locks.LockSupport.parkNanos(LockSupport.java:269)
        at java.base@21.0.5/java.util.concurrent.locks.AbstractQueuedSynchronizer$ConditionObject.awaitNanos(AbstractQueuedSynchronizer.java:1763)
        at java.base@21.0.5/java.util.concurrent.LinkedBlockingQueue.poll(LinkedBlockingQueue.java:460)
        at app//org.apache.hadoop.ipc.CallQueueManager.take(CallQueueManager.java:370)
        at app//org.apache.hadoop.ipc.Server$Handler.run(Server.java:3165)
"IPC Server handler 1 on default port 15039" daemon prio=5 tid=682 timed_waiting
java.lang.Thread.State: TIMED_WAITING
        at java.base@21.0.5/jdk.internal.misc.Unsafe.park(Native Method)
        at java.base@21.0.5/java.util.concurrent.locks.LockSupport.parkNanos(LockSupport.java:269)
        at java.base@21.0.5/java.util.concurrent.locks.AbstractQueuedSynchronizer$ConditionObject.awaitNanos(AbstractQueuedSynchronizer.java:1763)
        at java.base@21.0.5/java.util.concurrent.LinkedBlockingQueue.poll(LinkedBlockingQueue.java:460)
        at app//org.apache.hadoop.ipc.CallQueueManager.take(CallQueueManager.java:370)
        at app//org.apache.hadoop.ipc.Server$Handler.run(Server.java:3165)
"LeaseManager#LeaseMonitor" daemon prio=5 tid=315 timed_waiting
java.lang.Thread.State: TIMED_WAITING
        at java.base@21.0.5/jdk.internal.misc.Unsafe.park(Native Method)
        at java.base@21.0.5/java.util.concurrent.locks.LockSupport.parkNanos(LockSupport.java:269)
        at java.base@21.0.5/java.util.concurrent.locks.AbstractQueuedSynchronizer.acquire(AbstractQueuedSynchronizer.java:756)
        at java.base@21.0.5/java.util.concurrent.locks.AbstractQueuedSynchronizer.tryAcquireSharedNanos(AbstractQueuedSynchronizer.java:1126)
        at java.base@21.0.5/java.util.concurrent.Semaphore.tryAcquire(Semaphore.java:415)
        at app//org.apache.hadoop.ozone.lease.LeaseManager$LeaseMonitor.run(LeaseManager.java:284)
        at java.base@21.0.5/java.lang.Thread.runWith(Thread.java:1596)
        at java.base@21.0.5/java.lang.Thread.run(Thread.java:1583)
"b6b79d51-52d7-4711-a690-06a51533978a@group-2A3258B325AC-FollowerState" daemon prio=5 tid=1957 timed_waiting
java.lang.Thread.State: TIMED_WAITING
        at java.base@21.0.5/java.lang.Thread.sleep0(Native Method)
        at java.base@21.0.5/java.lang.Thread.sleep(Thread.java:558)
        at java.base@21.0.5/java.util.concurrent.TimeUnit.sleep(TimeUnit.java:446)
        at app//org.apache.ratis.util.TimeDuration.sleep(TimeDuration.java:353)
        at app//org.apache.ratis.util.TimeDuration.sleep(TimeDuration.java:338)
        at app//org.apache.ratis.server.impl.FollowerState.runImpl(FollowerState.java:149)
        at app//org.apache.ratis.server.impl.FollowerState.run(FollowerState.java:130)
"3296053d-9d54-4057-a6a8-67c4b6ec6587@group-2A3258B325AC-SegmentedRaftLogWorker" daemon prio=5 tid=1315 timed_waiting
java.lang.Thread.State: TIMED_WAITING
        at java.base@21.0.5/jdk.internal.misc.Unsafe.park(Native Method)
        at java.base@21.0.5/java.util.concurrent.locks.LockSupport.parkNanos(LockSupport.java:269)
        at java.base@21.0.5/java.util.concurrent.locks.AbstractQueuedSynchronizer$ConditionObject.awaitNanos(AbstractQueuedSynchronizer.java:1763)
        at app//org.apache.ratis.util.DataBlockingQueue.poll(DataBlockingQueue.java:148)
        at app//org.apache.ratis.server.raftlog.segmented.SegmentedRaftLogWorker.run(SegmentedRaftLogWorker.java:307)
        at app//org.apache.ratis.server.raftlog.segmented.SegmentedRaftLogWorker$$Lambda/0x00007fd9cc334298.run(Unknown Source)
        at java.base@21.0.5/java.util.concurrent.Executors$RunnableAdapter.call(Executors.java:572)
        at java.base@21.0.5/java.util.concurrent.FutureTask.run(FutureTask.java:317)
        at java.base@21.0.5/java.util.concurrent.ThreadPoolExecutor.runWorker(ThreadPoolExecutor.java:1144)
        at java.base@21.0.5/java.util.concurrent.ThreadPoolExecutor$Worker.run(ThreadPoolExecutor.java:642)
        at java.base@21.0.5/java.lang.Thread.runWith(Thread.java:1596)
        at java.base@21.0.5/java.lang.Thread.run(Thread.java:1583)
"IPC Server handler 3 on default port 15006" daemon prio=5 tid=494 timed_waiting
java.lang.Thread.State: TIMED_WAITING
        at java.base@21.0.5/jdk.internal.misc.Unsafe.park(Native Method)
        at java.base@21.0.5/java.util.concurrent.locks.LockSupport.parkNanos(LockSupport.java:269)
        at java.base@21.0.5/java.util.concurrent.locks.AbstractQueuedSynchronizer$ConditionObject.awaitNanos(AbstractQueuedSynchronizer.java:1763)
        at java.base@21.0.5/java.util.concurrent.LinkedBlockingQueue.poll(LinkedBlockingQueue.java:460)
        at app//org.apache.hadoop.ipc.CallQueueManager.take(CallQueueManager.java:370)
        at app//org.apache.hadoop.ipc.Server$Handler.run(Server.java:3165)
"qtp1967404553-708" daemon prio=5 tid=708 timed_waiting
java.lang.Thread.State: TIMED_WAITING
        at java.base@21.0.5/jdk.internal.misc.Unsafe.park(Native Method)
        at java.base@21.0.5/java.util.concurrent.locks.LockSupport.parkNanos(LockSupport.java:269)
        at java.base@21.0.5/java.util.concurrent.locks.AbstractQueuedSynchronizer$ConditionObject.awaitNanos(AbstractQueuedSynchronizer.java:1763)
        at app//org.eclipse.jetty.util.BlockingArrayQueue.poll(BlockingArrayQueue.java:382)
        at app//org.eclipse.jetty.util.thread.QueuedThreadPool$Runner.idleJobPoll(QueuedThreadPool.java:974)
        at app//org.eclipse.jetty.util.thread.QueuedThreadPool$Runner.run(QueuedThreadPool.java:1018)
        at java.base@21.0.5/java.lang.Thread.runWith(Thread.java:1596)
        at java.base@21.0.5/java.lang.Thread.run(Thread.java:1583)
"StaleRecoveringContainerScrubbingService#5" daemon prio=5 tid=2684 in Object.wait()
java.lang.Thread.State: WAITING (on object monitor)
        at java.base@21.0.5/jdk.internal.misc.Unsafe.park(Native Method)
        at java.base@21.0.5/java.util.concurrent.locks.LockSupport.park(LockSupport.java:371)
        at java.base@21.0.5/java.util.concurrent.locks.AbstractQueuedSynchronizer$ConditionNode.block(AbstractQueuedSynchronizer.java:519)
        at java.base@21.0.5/java.util.concurrent.ForkJoinPool.unmanagedBlock(ForkJoinPool.java:3780)
        at java.base@21.0.5/java.util.concurrent.ForkJoinPool.managedBlock(ForkJoinPool.java:3725)
        at java.base@21.0.5/java.util.concurrent.locks.AbstractQueuedSynchronizer$ConditionObject.await(AbstractQueuedSynchronizer.java:1712)
        at java.base@21.0.5/java.util.concurrent.ScheduledThreadPoolExecutor$DelayedWorkQueue.take(ScheduledThreadPoolExecutor.java:1177)
        at java.base@21.0.5/java.util.concurrent.ScheduledThreadPoolExecutor$DelayedWorkQueue.take(ScheduledThreadPoolExecutor.java:899)
        at java.base@21.0.5/java.util.concurrent.ThreadPoolExecutor.getTask(ThreadPoolExecutor.java:1070)
        at java.base@21.0.5/java.util.concurrent.ThreadPoolExecutor.runWorker(ThreadPoolExecutor.java:1130)
        at java.base@21.0.5/java.util.concurrent.ThreadPoolExecutor$Worker.run(ThreadPoolExecutor.java:642)
        at java.base@21.0.5/java.lang.Thread.runWith(Thread.java:1596)
        at java.base@21.0.5/java.lang.Thread.run(Thread.java:1583)
"Hadoop-Metrics-Updater-0" daemon prio=5 tid=586 timed_waiting
java.lang.Thread.State: TIMED_WAITING
        at java.base@21.0.5/jdk.internal.misc.Unsafe.park(Native Method)
        at java.base@21.0.5/java.util.concurrent.locks.LockSupport.parkNanos(LockSupport.java:269)
        at java.base@21.0.5/java.util.concurrent.locks.AbstractQueuedSynchronizer$ConditionObject.awaitNanos(AbstractQueuedSynchronizer.java:1763)
        at java.base@21.0.5/java.util.concurrent.ScheduledThreadPoolExecutor$DelayedWorkQueue.take(ScheduledThreadPoolExecutor.java:1182)
        at java.base@21.0.5/java.util.concurrent.ScheduledThreadPoolExecutor$DelayedWorkQueue.take(ScheduledThreadPoolExecutor.java:899)
        at java.base@21.0.5/java.util.concurrent.ThreadPoolExecutor.getTask(ThreadPoolExecutor.java:1070)
        at java.base@21.0.5/java.util.concurrent.ThreadPoolExecutor.runWorker(ThreadPoolExecutor.java:1130)
        at java.base@21.0.5/java.util.concurrent.ThreadPoolExecutor$Worker.run(ThreadPoolExecutor.java:642)
        at java.base@21.0.5/java.lang.Thread.runWith(Thread.java:1596)
        at java.base@21.0.5/java.lang.Thread.run(Thread.java:1583)
"eca5a246-1f8f-493f-b50d-7eee1f2fec76-ChunkReader-4" daemon prio=5 tid=2441 in Object.wait()
java.lang.Thread.State: WAITING (on object monitor)
        at java.base@21.0.5/jdk.internal.misc.Unsafe.park(Native Method)
        at java.base@21.0.5/java.util.concurrent.locks.LockSupport.park(LockSupport.java:371)
        at java.base@21.0.5/java.util.concurrent.locks.AbstractQueuedSynchronizer$ConditionNode.block(AbstractQueuedSynchronizer.java:519)
        at java.base@21.0.5/java.util.concurrent.ForkJoinPool.unmanagedBlock(ForkJoinPool.java:3780)
        at java.base@21.0.5/java.util.concurrent.ForkJoinPool.managedBlock(ForkJoinPool.java:3725)
        at java.base@21.0.5/java.util.concurrent.locks.AbstractQueuedSynchronizer$ConditionObject.await(AbstractQueuedSynchronizer.java:1712)
        at java.base@21.0.5/java.util.concurrent.LinkedBlockingQueue.take(LinkedBlockingQueue.java:435)
        at java.base@21.0.5/java.util.concurrent.ThreadPoolExecutor.getTask(ThreadPoolExecutor.java:1070)
        at java.base@21.0.5/java.util.concurrent.ThreadPoolExecutor.runWorker(ThreadPoolExecutor.java:1130)
        at java.base@21.0.5/java.util.concurrent.ThreadPoolExecutor$Worker.run(ThreadPoolExecutor.java:642)
        at java.base@21.0.5/java.lang.Thread.runWith(Thread.java:1596)
        at java.base@21.0.5/java.lang.Thread.run(Thread.java:1583)
"Socket Reader #5 for port 15000"  prio=5 tid=88 runnable
java.lang.Thread.State: RUNNABLE
        at java.base@21.0.5/sun.nio.ch.EPoll.wait(Native Method)
        at java.base@21.0.5/sun.nio.ch.EPollSelectorImpl.doSelect(EPollSelectorImpl.java:121)
        at java.base@21.0.5/sun.nio.ch.SelectorImpl.lockAndDoSelect(SelectorImpl.java:130)
        at java.base@21.0.5/sun.nio.ch.SelectorImpl.select(SelectorImpl.java:147)
        at app//org.apache.hadoop.ipc.Server$Listener$Reader.doRunLoop(Server.java:1497)
        at app//org.apache.hadoop.ipc.Server$Listener$Reader.run(Server.java:1476)
"02fc1759-725d-47af-8349-873c9c5c9167-ChunkWriter-0-0" daemon prio=5 tid=927 in Object.wait()
java.lang.Thread.State: WAITING (on object monitor)
        at java.base@21.0.5/jdk.internal.misc.Unsafe.park(Native Method)
        at java.base@21.0.5/java.util.concurrent.locks.LockSupport.park(LockSupport.java:371)
        at java.base@21.0.5/java.util.concurrent.locks.AbstractQueuedSynchronizer$ConditionNode.block(AbstractQueuedSynchronizer.java:519)
        at java.base@21.0.5/java.util.concurrent.ForkJoinPool.unmanagedBlock(ForkJoinPool.java:3780)
        at java.base@21.0.5/java.util.concurrent.ForkJoinPool.managedBlock(ForkJoinPool.java:3725)
        at java.base@21.0.5/java.util.concurrent.locks.AbstractQueuedSynchronizer$ConditionObject.await(AbstractQueuedSynchronizer.java:1712)
        at java.base@21.0.5/java.util.concurrent.LinkedBlockingDeque.takeFirst(LinkedBlockingDeque.java:485)
        at java.base@21.0.5/java.util.concurrent.LinkedBlockingDeque.take(LinkedBlockingDeque.java:673)
        at java.base@21.0.5/java.util.concurrent.ThreadPoolExecutor.getTask(ThreadPoolExecutor.java:1070)
        at java.base@21.0.5/java.util.concurrent.ThreadPoolExecutor.runWorker(ThreadPoolExecutor.java:1130)
        at java.base@21.0.5/java.util.concurrent.ThreadPoolExecutor$Worker.run(ThreadPoolExecutor.java:642)
        at java.base@21.0.5/java.lang.Thread.runWith(Thread.java:1596)
        at java.base@21.0.5/java.lang.Thread.run(Thread.java:1583)
"b6b79d51-52d7-4711-a690-06a51533978a-server-thread1" daemon prio=5 tid=1999 timed_waiting
java.lang.Thread.State: TIMED_WAITING
        at java.base@21.0.5/jdk.internal.misc.Unsafe.park(Native Method)
        at java.base@21.0.5/java.util.concurrent.locks.LockSupport.parkNanos(LockSupport.java:410)
        at java.base@21.0.5/java.util.concurrent.LinkedTransferQueue$DualNode.await(LinkedTransferQueue.java:452)
        at java.base@21.0.5/java.util.concurrent.SynchronousQueue$Transferer.xferLifo(SynchronousQueue.java:194)
        at java.base@21.0.5/java.util.concurrent.SynchronousQueue.xfer(SynchronousQueue.java:235)
        at java.base@21.0.5/java.util.concurrent.SynchronousQueue.poll(SynchronousQueue.java:338)
        at java.base@21.0.5/java.util.concurrent.ThreadPoolExecutor.getTask(ThreadPoolExecutor.java:1069)
        at java.base@21.0.5/java.util.concurrent.ThreadPoolExecutor.runWorker(ThreadPoolExecutor.java:1130)
        at java.base@21.0.5/java.util.concurrent.ThreadPoolExecutor$Worker.run(ThreadPoolExecutor.java:642)
        at java.base@21.0.5/java.lang.Thread.runWith(Thread.java:1596)
        at java.base@21.0.5/java.lang.Thread.run(Thread.java:1583)
"IPC Server handler 71 on default port 15001" daemon prio=5 tid=285 timed_waiting
java.lang.Thread.State: TIMED_WAITING
        at java.base@21.0.5/jdk.internal.misc.Unsafe.park(Native Method)
        at java.base@21.0.5/java.util.concurrent.locks.LockSupport.parkNanos(LockSupport.java:269)
        at java.base@21.0.5/java.util.concurrent.locks.AbstractQueuedSynchronizer$ConditionObject.awaitNanos(AbstractQueuedSynchronizer.java:1763)
        at java.base@21.0.5/java.util.concurrent.LinkedBlockingQueue.poll(LinkedBlockingQueue.java:460)
        at app//org.apache.hadoop.ipc.CallQueueManager.take(CallQueueManager.java:370)
        at app//org.apache.hadoop.ipc.Server$Handler.run(Server.java:3165)
"IPC Server handler 21 on default port 15002" daemon prio=5 tid=353 timed_waiting
java.lang.Thread.State: TIMED_WAITING
        at java.base@21.0.5/jdk.internal.misc.Unsafe.park(Native Method)
        at java.base@21.0.5/java.util.concurrent.locks.LockSupport.parkNanos(LockSupport.java:269)
        at java.base@21.0.5/java.util.concurrent.locks.AbstractQueuedSynchronizer$ConditionObject.awaitNanos(AbstractQueuedSynchronizer.java:1763)
        at java.base@21.0.5/java.util.concurrent.LinkedBlockingQueue.poll(LinkedBlockingQueue.java:460)
        at app//org.apache.hadoop.ipc.CallQueueManager.take(CallQueueManager.java:370)
        at app//org.apache.hadoop.ipc.Server$Handler.run(Server.java:3165)
"IPC Server handler 16 on default port 15000" daemon prio=5 tid=130 timed_waiting
java.lang.Thread.State: TIMED_WAITING
        at java.base@21.0.5/jdk.internal.misc.Unsafe.park(Native Method)
        at java.base@21.0.5/java.util.concurrent.locks.LockSupport.parkNanos(LockSupport.java:269)
        at java.base@21.0.5/java.util.concurrent.locks.AbstractQueuedSynchronizer$ConditionObject.awaitNanos(AbstractQueuedSynchronizer.java:1763)
        at java.base@21.0.5/java.util.concurrent.LinkedBlockingQueue.poll(LinkedBlockingQueue.java:460)
        at app//org.apache.hadoop.ipc.CallQueueManager.take(CallQueueManager.java:370)
        at app//org.apache.hadoop.ipc.Server$Handler.run(Server.java:3165)
"StaleRecoveringContainerScrubbingService#7" daemon prio=5 tid=2863 in Object.wait()
java.lang.Thread.State: WAITING (on object monitor)
        at java.base@21.0.5/jdk.internal.misc.Unsafe.park(Native Method)
        at java.base@21.0.5/java.util.concurrent.locks.LockSupport.park(LockSupport.java:371)
        at java.base@21.0.5/java.util.concurrent.locks.AbstractQueuedSynchronizer$ConditionNode.block(AbstractQueuedSynchronizer.java:519)
        at java.base@21.0.5/java.util.concurrent.ForkJoinPool.unmanagedBlock(ForkJoinPool.java:3780)
        at java.base@21.0.5/java.util.concurrent.ForkJoinPool.managedBlock(ForkJoinPool.java:3725)
        at java.base@21.0.5/java.util.concurrent.locks.AbstractQueuedSynchronizer$ConditionObject.await(AbstractQueuedSynchronizer.java:1712)
        at java.base@21.0.5/java.util.concurrent.ScheduledThreadPoolExecutor$DelayedWorkQueue.take(ScheduledThreadPoolExecutor.java:1177)
        at java.base@21.0.5/java.util.concurrent.ScheduledThreadPoolExecutor$DelayedWorkQueue.take(ScheduledThreadPoolExecutor.java:899)
        at java.base@21.0.5/java.util.concurrent.ThreadPoolExecutor.getTask(ThreadPoolExecutor.java:1070)
        at java.base@21.0.5/java.util.concurrent.ThreadPoolExecutor.runWorker(ThreadPoolExecutor.java:1130)
        at java.base@21.0.5/java.util.concurrent.ThreadPoolExecutor$Worker.run(ThreadPoolExecutor.java:642)
        at java.base@21.0.5/java.lang.Thread.runWith(Thread.java:1596)
        at java.base@21.0.5/java.lang.Thread.run(Thread.java:1583)
"StaleRecoveringContainerScrubbingService#2" daemon prio=5 tid=1837 timed_waiting
java.lang.Thread.State: TIMED_WAITING
        at java.base@21.0.5/jdk.internal.misc.Unsafe.park(Native Method)
        at java.base@21.0.5/java.util.concurrent.locks.LockSupport.parkNanos(LockSupport.java:269)
        at java.base@21.0.5/java.util.concurrent.locks.AbstractQueuedSynchronizer$ConditionObject.awaitNanos(AbstractQueuedSynchronizer.java:1763)
        at java.base@21.0.5/java.util.concurrent.ScheduledThreadPoolExecutor$DelayedWorkQueue.take(ScheduledThreadPoolExecutor.java:1182)
        at java.base@21.0.5/java.util.concurrent.ScheduledThreadPoolExecutor$DelayedWorkQueue.take(ScheduledThreadPoolExecutor.java:899)
        at java.base@21.0.5/java.util.concurrent.ThreadPoolExecutor.getTask(ThreadPoolExecutor.java:1070)
        at java.base@21.0.5/java.util.concurrent.ThreadPoolExecutor.runWorker(ThreadPoolExecutor.java:1130)
        at java.base@21.0.5/java.util.concurrent.ThreadPoolExecutor$Worker.run(ThreadPoolExecutor.java:642)
        at java.base@21.0.5/java.lang.Thread.runWith(Thread.java:1596)
        at java.base@21.0.5/java.lang.Thread.run(Thread.java:1583)
"IPC Server handler 95 on default port 15001" daemon prio=5 tid=309 timed_waiting
java.lang.Thread.State: TIMED_WAITING
        at java.base@21.0.5/jdk.internal.misc.Unsafe.park(Native Method)
        at java.base@21.0.5/java.util.concurrent.locks.LockSupport.parkNanos(LockSupport.java:269)
        at java.base@21.0.5/java.util.concurrent.locks.AbstractQueuedSynchronizer$ConditionObject.awaitNanos(AbstractQueuedSynchronizer.java:1763)
        at java.base@21.0.5/java.util.concurrent.LinkedBlockingQueue.poll(LinkedBlockingQueue.java:460)
        at app//org.apache.hadoop.ipc.CallQueueManager.take(CallQueueManager.java:370)
        at app//org.apache.hadoop.ipc.Server$Handler.run(Server.java:3165)
"ac32094a-198b-4072-99dd-552311e88daf-ChunkReader-1" daemon prio=5 tid=2038 in Object.wait()
java.lang.Thread.State: WAITING (on object monitor)
        at java.base@21.0.5/jdk.internal.misc.Unsafe.park(Native Method)
        at java.base@21.0.5/java.util.concurrent.locks.LockSupport.park(LockSupport.java:371)
        at java.base@21.0.5/java.util.concurrent.locks.AbstractQueuedSynchronizer$ConditionNode.block(AbstractQueuedSynchronizer.java:519)
        at java.base@21.0.5/java.util.concurrent.ForkJoinPool.unmanagedBlock(ForkJoinPool.java:3780)
        at java.base@21.0.5/java.util.concurrent.ForkJoinPool.managedBlock(ForkJoinPool.java:3725)
        at java.base@21.0.5/java.util.concurrent.locks.AbstractQueuedSynchronizer$ConditionObject.await(AbstractQueuedSynchronizer.java:1712)
        at java.base@21.0.5/java.util.concurrent.LinkedBlockingQueue.take(LinkedBlockingQueue.java:435)
        at java.base@21.0.5/java.util.concurrent.ThreadPoolExecutor.getTask(ThreadPoolExecutor.java:1070)
        at java.base@21.0.5/java.util.concurrent.ThreadPoolExecutor.runWorker(ThreadPoolExecutor.java:1130)
        at java.base@21.0.5/java.util.concurrent.ThreadPoolExecutor$Worker.run(ThreadPoolExecutor.java:642)
        at java.base@21.0.5/java.lang.Thread.runWith(Thread.java:1596)
        at java.base@21.0.5/java.lang.Thread.run(Thread.java:1583)
"3296053d-9d54-4057-a6a8-67c4b6ec6587-ChunkReader-ELG-0" daemon prio=5 tid=996 runnable
java.lang.Thread.State: RUNNABLE
        at app//org.apache.ratis.thirdparty.io.netty.channel.epoll.Native.epollWait0(Native Method)
        at app//org.apache.ratis.thirdparty.io.netty.channel.epoll.Native.epollWait(Native.java:193)
        at app//org.apache.ratis.thirdparty.io.netty.channel.epoll.EpollEventLoop.epollWait(EpollEventLoop.java:304)
        at app//org.apache.ratis.thirdparty.io.netty.channel.epoll.EpollEventLoop.run(EpollEventLoop.java:368)
        at app//org.apache.ratis.thirdparty.io.netty.util.concurrent.SingleThreadEventExecutor$4.run(SingleThreadEventExecutor.java:997)
        at app//org.apache.ratis.thirdparty.io.netty.util.internal.ThreadExecutorMap$2.run(ThreadExecutorMap.java:74)
        at java.base@21.0.5/java.lang.Thread.runWith(Thread.java:1596)
        at java.base@21.0.5/java.lang.Thread.run(Thread.java:1583)
"ac32094a-198b-4072-99dd-552311e88daf-DatanodeStateMachineTaskThread-0"  prio=5 tid=1031 in Object.wait()
java.lang.Thread.State: WAITING (on object monitor)
        at java.base@21.0.5/jdk.internal.misc.Unsafe.park(Native Method)
        at java.base@21.0.5/java.util.concurrent.locks.LockSupport.park(LockSupport.java:371)
        at java.base@21.0.5/java.util.concurrent.locks.AbstractQueuedSynchronizer$ConditionNode.block(AbstractQueuedSynchronizer.java:519)
        at java.base@21.0.5/java.util.concurrent.ForkJoinPool.unmanagedBlock(ForkJoinPool.java:3780)
        at java.base@21.0.5/java.util.concurrent.ForkJoinPool.managedBlock(ForkJoinPool.java:3725)
        at java.base@21.0.5/java.util.concurrent.locks.AbstractQueuedSynchronizer$ConditionObject.await(AbstractQueuedSynchronizer.java:1712)
        at java.base@21.0.5/java.util.concurrent.LinkedBlockingQueue.take(LinkedBlockingQueue.java:435)
        at java.base@21.0.5/java.util.concurrent.ThreadPoolExecutor.getTask(ThreadPoolExecutor.java:1070)
        at java.base@21.0.5/java.util.concurrent.ThreadPoolExecutor.runWorker(ThreadPoolExecutor.java:1130)
        at java.base@21.0.5/java.util.concurrent.ThreadPoolExecutor$Worker.run(ThreadPoolExecutor.java:642)
        at java.base@21.0.5/java.lang.Thread.runWith(Thread.java:1596)
        at java.base@21.0.5/java.lang.Thread.run(Thread.java:1583)
"ContainerDataScanner(/home/runner/work/ozone/ozone/hadoop-ozone/integration-test/target/test-dir/MiniOzoneClusterImpl-19e1eff0-706f-497d-806e-bf7d4c525004/ozone-meta/datanode-5/data-0/hdds)" daemon prio=5 tid=1057 timed_waiting
java.lang.Thread.State: TIMED_WAITING
        at java.base@21.0.5/java.lang.Thread.sleep0(Native Method)
        at java.base@21.0.5/java.lang.Thread.sleep(Thread.java:509)
        at app//org.apache.hadoop.ozone.container.ozoneimpl.AbstractBackgroundContainerScanner.handleRemainingSleep(AbstractBackgroundContainerScanner.java:131)
        at app//org.apache.hadoop.ozone.container.ozoneimpl.AbstractBackgroundContainerScanner.runIteration(AbstractBackgroundContainerScanner.java:98)
        at app//org.apache.hadoop.ozone.container.ozoneimpl.AbstractBackgroundContainerScanner.run(AbstractBackgroundContainerScanner.java:57)
"EventQueue-PipelineReportForPipelineReportHandler" daemon prio=5 tid=1093 in Object.wait()
java.lang.Thread.State: WAITING (on object monitor)
        at java.base@21.0.5/jdk.internal.misc.Unsafe.park(Native Method)
        at java.base@21.0.5/java.util.concurrent.locks.LockSupport.park(LockSupport.java:371)
        at java.base@21.0.5/java.util.concurrent.locks.AbstractQueuedSynchronizer$ConditionNode.block(AbstractQueuedSynchronizer.java:519)
        at java.base@21.0.5/java.util.concurrent.ForkJoinPool.unmanagedBlock(ForkJoinPool.java:3780)
        at java.base@21.0.5/java.util.concurrent.ForkJoinPool.managedBlock(ForkJoinPool.java:3725)
        at java.base@21.0.5/java.util.concurrent.locks.AbstractQueuedSynchronizer$ConditionObject.await(AbstractQueuedSynchronizer.java:1712)
        at java.base@21.0.5/java.util.concurrent.LinkedBlockingQueue.take(LinkedBlockingQueue.java:435)
        at java.base@21.0.5/java.util.concurrent.ThreadPoolExecutor.getTask(ThreadPoolExecutor.java:1070)
        at java.base@21.0.5/java.util.concurrent.ThreadPoolExecutor.runWorker(ThreadPoolExecutor.java:1130)
        at java.base@21.0.5/java.util.concurrent.ThreadPoolExecutor$Worker.run(ThreadPoolExecutor.java:642)
        at java.base@21.0.5/java.lang.Thread.runWith(Thread.java:1596)
        at java.base@21.0.5/java.lang.Thread.run(Thread.java:1583)
"b6b79d51-52d7-4711-a690-06a51533978a@group-AC937E2D10C4-SegmentedRaftLogWorker" daemon prio=5 tid=1371 timed_waiting
java.lang.Thread.State: TIMED_WAITING
        at java.base@21.0.5/jdk.internal.misc.Unsafe.park(Native Method)
        at java.base@21.0.5/java.util.concurrent.locks.LockSupport.parkNanos(LockSupport.java:269)
        at java.base@21.0.5/java.util.concurrent.locks.AbstractQueuedSynchronizer$ConditionObject.awaitNanos(AbstractQueuedSynchronizer.java:1763)
        at app//org.apache.ratis.util.DataBlockingQueue.poll(DataBlockingQueue.java:148)
        at app//org.apache.ratis.server.raftlog.segmented.SegmentedRaftLogWorker.run(SegmentedRaftLogWorker.java:307)
        at app//org.apache.ratis.server.raftlog.segmented.SegmentedRaftLogWorker$$Lambda/0x00007fd9cc334298.run(Unknown Source)
        at java.base@21.0.5/java.util.concurrent.Executors$RunnableAdapter.call(Executors.java:572)
        at java.base@21.0.5/java.util.concurrent.FutureTask.run(FutureTask.java:317)
        at java.base@21.0.5/java.util.concurrent.ThreadPoolExecutor.runWorker(ThreadPoolExecutor.java:1144)
        at java.base@21.0.5/java.util.concurrent.ThreadPoolExecutor$Worker.run(ThreadPoolExecutor.java:642)
        at java.base@21.0.5/java.lang.Thread.runWith(Thread.java:1596)
        at java.base@21.0.5/java.lang.Thread.run(Thread.java:1583)
"IPC Server handler 39 on default port 15000" daemon prio=5 tid=153 timed_waiting
java.lang.Thread.State: TIMED_WAITING
        at java.base@21.0.5/jdk.internal.misc.Unsafe.park(Native Method)
        at java.base@21.0.5/java.util.concurrent.locks.LockSupport.parkNanos(LockSupport.java:269)
        at java.base@21.0.5/java.util.concurrent.locks.AbstractQueuedSynchronizer$ConditionObject.awaitNanos(AbstractQueuedSynchronizer.java:1763)
        at java.base@21.0.5/java.util.concurrent.LinkedBlockingQueue.poll(LinkedBlockingQueue.java:460)
        at app//org.apache.hadoop.ipc.CallQueueManager.take(CallQueueManager.java:370)
        at app//org.apache.hadoop.ipc.Server$Handler.run(Server.java:3165)
"Socket Reader #7 for port 15057"  prio=5 tid=766 runnable
java.lang.Thread.State: RUNNABLE
        at java.base@21.0.5/sun.nio.ch.EPoll.wait(Native Method)
        at java.base@21.0.5/sun.nio.ch.EPollSelectorImpl.doSelect(EPollSelectorImpl.java:121)
        at java.base@21.0.5/sun.nio.ch.SelectorImpl.lockAndDoSelect(SelectorImpl.java:130)
        at java.base@21.0.5/sun.nio.ch.SelectorImpl.select(SelectorImpl.java:147)
        at app//org.apache.hadoop.ipc.Server$Listener$Reader.doRunLoop(Server.java:1497)
        at app//org.apache.hadoop.ipc.Server$Listener$Reader.run(Server.java:1476)
"IPC Server Responder" daemon prio=5 tid=771 runnable
java.lang.Thread.State: RUNNABLE
        at java.base@21.0.5/sun.nio.ch.EPoll.wait(Native Method)
        at java.base@21.0.5/sun.nio.ch.EPollSelectorImpl.doSelect(EPollSelectorImpl.java:121)
        at java.base@21.0.5/sun.nio.ch.SelectorImpl.lockAndDoSelect(SelectorImpl.java:130)
        at java.base@21.0.5/sun.nio.ch.SelectorImpl.select(SelectorImpl.java:142)
        at app//org.apache.hadoop.ipc.Server$Responder.doRunLoop(Server.java:1733)
        at app//org.apache.hadoop.ipc.Server$Responder.run(Server.java:1716)
"IPC Server handler 41 on default port 15000" daemon prio=5 tid=155 timed_waiting
java.lang.Thread.State: TIMED_WAITING
        at java.base@21.0.5/jdk.internal.misc.Unsafe.park(Native Method)
        at java.base@21.0.5/java.util.concurrent.locks.LockSupport.parkNanos(LockSupport.java:269)
        at java.base@21.0.5/java.util.concurrent.locks.AbstractQueuedSynchronizer$ConditionObject.awaitNanos(AbstractQueuedSynchronizer.java:1763)
        at java.base@21.0.5/java.util.concurrent.LinkedBlockingQueue.poll(LinkedBlockingQueue.java:460)
        at app//org.apache.hadoop.ipc.CallQueueManager.take(CallQueueManager.java:370)
        at app//org.apache.hadoop.ipc.Server$Handler.run(Server.java:3165)
"4b5ea8a3-88a5-4114-908f-7a85f39bc1cb@group-66FA7163FB5C-cacheEviction-AwaitToRun" daemon prio=5 tid=1458 in Object.wait()
java.lang.Thread.State: WAITING (on object monitor)
        at java.base@21.0.5/jdk.internal.misc.Unsafe.park(Native Method)
        at java.base@21.0.5/java.util.concurrent.locks.LockSupport.park(LockSupport.java:371)
        at java.base@21.0.5/java.util.concurrent.locks.AbstractQueuedSynchronizer$ConditionNode.block(AbstractQueuedSynchronizer.java:519)
        at java.base@21.0.5/java.util.concurrent.ForkJoinPool.unmanagedBlock(ForkJoinPool.java:3780)
        at java.base@21.0.5/java.util.concurrent.ForkJoinPool.managedBlock(ForkJoinPool.java:3725)
        at java.base@21.0.5/java.util.concurrent.locks.AbstractQueuedSynchronizer$ConditionObject.await(AbstractQueuedSynchronizer.java:1712)
        at app//org.apache.ratis.util.AwaitForSignal.await(AwaitForSignal.java:48)
        at app//org.apache.ratis.util.AwaitToRun$RunnableImpl.run(AwaitToRun.java:47)
        at java.base@21.0.5/java.lang.Thread.runWith(Thread.java:1596)
        at java.base@21.0.5/java.lang.Thread.run(Thread.java:1583)
"4b5ea8a3-88a5-4114-908f-7a85f39bc1cb@group-EF3CB8D23BF9->751e45cc-852a-454f-97c8-e80f2befe6f4-GrpcLogAppender-LogAppenderDaemon" daemon prio=5 tid=1909 timed_waiting
java.lang.Thread.State: TIMED_WAITING
        at java.base@21.0.5/jdk.internal.misc.Unsafe.park(Native Method)
        at java.base@21.0.5/java.util.concurrent.locks.LockSupport.parkNanos(LockSupport.java:269)
        at java.base@21.0.5/java.util.concurrent.locks.AbstractQueuedSynchronizer$ConditionObject.await(AbstractQueuedSynchronizer.java:1852)
        at app//org.apache.ratis.util.AwaitForSignal.await(AwaitForSignal.java:65)
        at app//org.apache.ratis.grpc.server.GrpcLogAppender.mayWait(GrpcLogAppender.java:290)
        at app//org.apache.ratis.grpc.server.GrpcLogAppender.run(GrpcLogAppender.java:258)
        at app//org.apache.ratis.server.leader.LogAppenderDaemon.run(LogAppenderDaemon.java:80)
        at app//org.apache.ratis.server.leader.LogAppenderDaemon$$Lambda/0x00007fd9cc91b588.run(Unknown Source)
        at java.base@21.0.5/java.lang.Thread.runWith(Thread.java:1596)
        at java.base@21.0.5/java.lang.Thread.run(Thread.java:1583)
"Session-HouseKeeper-676a2d36-1"  prio=5 tid=490 timed_waiting
java.lang.Thread.State: TIMED_WAITING
        at java.base@21.0.5/jdk.internal.misc.Unsafe.park(Native Method)
        at java.base@21.0.5/java.util.concurrent.locks.LockSupport.parkNanos(LockSupport.java:269)
        at java.base@21.0.5/java.util.concurrent.locks.AbstractQueuedSynchronizer$ConditionObject.awaitNanos(AbstractQueuedSynchronizer.java:1763)
        at java.base@21.0.5/java.util.concurrent.ScheduledThreadPoolExecutor$DelayedWorkQueue.take(ScheduledThreadPoolExecutor.java:1182)
        at java.base@21.0.5/java.util.concurrent.ScheduledThreadPoolExecutor$DelayedWorkQueue.take(ScheduledThreadPoolExecutor.java:899)
        at java.base@21.0.5/java.util.concurrent.ThreadPoolExecutor.getTask(ThreadPoolExecutor.java:1070)
        at java.base@21.0.5/java.util.concurrent.ThreadPoolExecutor.runWorker(ThreadPoolExecutor.java:1130)
        at java.base@21.0.5/java.util.concurrent.ThreadPoolExecutor$Worker.run(ThreadPoolExecutor.java:642)
        at java.base@21.0.5/java.lang.Thread.runWith(Thread.java:1596)
        at java.base@21.0.5/java.lang.Thread.run(Thread.java:1583)
"ContainerDataScanner(/home/runner/work/ozone/ozone/hadoop-ozone/integration-test/target/test-dir/MiniOzoneClusterImpl-19e1eff0-706f-497d-806e-bf7d4c525004/ozone-meta/datanode-8/data-0/hdds)" daemon prio=5 tid=2531 timed_waiting
java.lang.Thread.State: TIMED_WAITING
        at java.base@21.0.5/java.lang.Thread.sleep0(Native Method)
        at java.base@21.0.5/java.lang.Thread.sleep(Thread.java:509)
        at app//org.apache.hadoop.ozone.container.ozoneimpl.AbstractBackgroundContainerScanner.handleRemainingSleep(AbstractBackgroundContainerScanner.java:131)
        at app//org.apache.hadoop.ozone.container.ozoneimpl.AbstractBackgroundContainerScanner.runIteration(AbstractBackgroundContainerScanner.java:98)
        at app//org.apache.hadoop.ozone.container.ozoneimpl.AbstractBackgroundContainerScanner.run(AbstractBackgroundContainerScanner.java:57)
"26f755b0-b4b1-4239-8401-e418fca9ef4b-DatanodeStateMachineTaskThread-0"  prio=5 tid=2521 in Object.wait()
java.lang.Thread.State: WAITING (on object monitor)
        at java.base@21.0.5/jdk.internal.misc.Unsafe.park(Native Method)
        at java.base@21.0.5/java.util.concurrent.locks.LockSupport.park(LockSupport.java:371)
        at java.base@21.0.5/java.util.concurrent.locks.AbstractQueuedSynchronizer$ConditionNode.block(AbstractQueuedSynchronizer.java:519)
        at java.base@21.0.5/java.util.concurrent.ForkJoinPool.unmanagedBlock(ForkJoinPool.java:3780)
        at java.base@21.0.5/java.util.concurrent.ForkJoinPool.managedBlock(ForkJoinPool.java:3725)
        at java.base@21.0.5/java.util.concurrent.locks.AbstractQueuedSynchronizer$ConditionObject.await(AbstractQueuedSynchronizer.java:1712)
        at java.base@21.0.5/java.util.concurrent.LinkedBlockingQueue.take(LinkedBlockingQueue.java:435)
        at java.base@21.0.5/java.util.concurrent.ThreadPoolExecutor.getTask(ThreadPoolExecutor.java:1070)
        at java.base@21.0.5/java.util.concurrent.ThreadPoolExecutor.runWorker(ThreadPoolExecutor.java:1130)
        at java.base@21.0.5/java.util.concurrent.ThreadPoolExecutor$Worker.run(ThreadPoolExecutor.java:642)
        at java.base@21.0.5/java.lang.Thread.runWith(Thread.java:1596)
        at java.base@21.0.5/java.lang.Thread.run(Thread.java:1583)
"IPC Server handler 42 on default port 15000" daemon prio=5 tid=156 timed_waiting
java.lang.Thread.State: TIMED_WAITING
        at java.base@21.0.5/jdk.internal.misc.Unsafe.park(Native Method)
        at java.base@21.0.5/java.util.concurrent.locks.LockSupport.parkNanos(LockSupport.java:269)
        at java.base@21.0.5/java.util.concurrent.locks.AbstractQueuedSynchronizer$ConditionObject.awaitNanos(AbstractQueuedSynchronizer.java:1763)
        at java.base@21.0.5/java.util.concurrent.LinkedBlockingQueue.poll(LinkedBlockingQueue.java:460)
        at app//org.apache.hadoop.ipc.CallQueueManager.take(CallQueueManager.java:370)
        at app//org.apache.hadoop.ipc.Server$Handler.run(Server.java:3165)
"process reaper" daemon prio=10 tid=25 timed_waiting
java.lang.Thread.State: TIMED_WAITING
        at java.base@21.0.5/jdk.internal.misc.Unsafe.park(Native Method)
        at java.base@21.0.5/java.util.concurrent.locks.LockSupport.parkNanos(LockSupport.java:410)
        at java.base@21.0.5/java.util.concurrent.LinkedTransferQueue$DualNode.await(LinkedTransferQueue.java:452)
        at java.base@21.0.5/java.util.concurrent.SynchronousQueue$Transferer.xferLifo(SynchronousQueue.java:194)
        at java.base@21.0.5/java.util.concurrent.SynchronousQueue.xfer(SynchronousQueue.java:235)
        at java.base@21.0.5/java.util.concurrent.SynchronousQueue.poll(SynchronousQueue.java:338)
        at java.base@21.0.5/java.util.concurrent.ThreadPoolExecutor.getTask(ThreadPoolExecutor.java:1069)
        at java.base@21.0.5/java.util.concurrent.ThreadPoolExecutor.runWorker(ThreadPoolExecutor.java:1130)
        at java.base@21.0.5/java.util.concurrent.ThreadPoolExecutor$Worker.run(ThreadPoolExecutor.java:642)
        at java.base@21.0.5/java.lang.Thread.runWith(Thread.java:1596)
        at java.base@21.0.5/java.lang.Thread.run(Thread.java:1583)
        at java.base@21.0.5/jdk.internal.misc.InnocuousThread.run(InnocuousThread.java:186)
"Socket Reader #5 for port 15001"  prio=5 tid=74 runnable
java.lang.Thread.State: RUNNABLE
        at java.base@21.0.5/sun.nio.ch.EPoll.wait(Native Method)
        at java.base@21.0.5/sun.nio.ch.EPollSelectorImpl.doSelect(EPollSelectorImpl.java:121)
        at java.base@21.0.5/sun.nio.ch.SelectorImpl.lockAndDoSelect(SelectorImpl.java:130)
        at java.base@21.0.5/sun.nio.ch.SelectorImpl.select(SelectorImpl.java:147)
        at app//org.apache.hadoop.ipc.Server$Listener$Reader.doRunLoop(Server.java:1497)
        at app//org.apache.hadoop.ipc.Server$Listener$Reader.run(Server.java:1476)
"StaleRecoveringContainerScrubbingService#5" daemon prio=5 tid=2680 in Object.wait()
java.lang.Thread.State: WAITING (on object monitor)
        at java.base@21.0.5/jdk.internal.misc.Unsafe.park(Native Method)
        at java.base@21.0.5/java.util.concurrent.locks.LockSupport.park(LockSupport.java:371)
        at java.base@21.0.5/java.util.concurrent.locks.AbstractQueuedSynchronizer$ConditionNode.block(AbstractQueuedSynchronizer.java:519)
        at java.base@21.0.5/java.util.concurrent.ForkJoinPool.unmanagedBlock(ForkJoinPool.java:3780)
        at java.base@21.0.5/java.util.concurrent.ForkJoinPool.managedBlock(ForkJoinPool.java:3725)
        at java.base@21.0.5/java.util.concurrent.locks.AbstractQueuedSynchronizer$ConditionObject.await(AbstractQueuedSynchronizer.java:1712)
        at java.base@21.0.5/java.util.concurrent.ScheduledThreadPoolExecutor$DelayedWorkQueue.take(ScheduledThreadPoolExecutor.java:1177)
        at java.base@21.0.5/java.util.concurrent.ScheduledThreadPoolExecutor$DelayedWorkQueue.take(ScheduledThreadPoolExecutor.java:899)
        at java.base@21.0.5/java.util.concurrent.ThreadPoolExecutor.getTask(ThreadPoolExecutor.java:1070)
        at java.base@21.0.5/java.util.concurrent.ThreadPoolExecutor.runWorker(ThreadPoolExecutor.java:1130)
        at java.base@21.0.5/java.util.concurrent.ThreadPoolExecutor$Worker.run(ThreadPoolExecutor.java:642)
        at java.base@21.0.5/java.lang.Thread.runWith(Thread.java:1596)
        at java.base@21.0.5/java.lang.Thread.run(Thread.java:1583)
"om1-DirectoryDeletingService#0" daemon prio=5 tid=467 in Object.wait()
java.lang.Thread.State: WAITING (on object monitor)
        at java.base@21.0.5/jdk.internal.misc.Unsafe.park(Native Method)
        at java.base@21.0.5/java.util.concurrent.locks.LockSupport.park(LockSupport.java:371)
        at java.base@21.0.5/java.util.concurrent.locks.AbstractQueuedSynchronizer$ConditionNode.block(AbstractQueuedSynchronizer.java:519)
        at java.base@21.0.5/java.util.concurrent.ForkJoinPool.unmanagedBlock(ForkJoinPool.java:3780)
        at java.base@21.0.5/java.util.concurrent.ForkJoinPool.managedBlock(ForkJoinPool.java:3725)
        at java.base@21.0.5/java.util.concurrent.locks.AbstractQueuedSynchronizer$ConditionObject.await(AbstractQueuedSynchronizer.java:1712)
        at java.base@21.0.5/java.util.concurrent.ScheduledThreadPoolExecutor$DelayedWorkQueue.take(ScheduledThreadPoolExecutor.java:1177)
        at java.base@21.0.5/java.util.concurrent.ScheduledThreadPoolExecutor$DelayedWorkQueue.take(ScheduledThreadPoolExecutor.java:899)
        at java.base@21.0.5/java.util.concurrent.ThreadPoolExecutor.getTask(ThreadPoolExecutor.java:1070)
        at java.base@21.0.5/java.util.concurrent.ThreadPoolExecutor.runWorker(ThreadPoolExecutor.java:1130)
        at java.base@21.0.5/java.util.concurrent.ThreadPoolExecutor$Worker.run(ThreadPoolExecutor.java:642)
        at java.base@21.0.5/java.lang.Thread.runWith(Thread.java:1596)
        at java.base@21.0.5/java.lang.Thread.run(Thread.java:1583)
"ContainerDataScanner(/home/runner/work/ozone/ozone/hadoop-ozone/integration-test/target/test-dir/MiniOzoneClusterImpl-19e1eff0-706f-497d-806e-bf7d4c525004/ozone-meta/datanode-2/data-0/hdds)" daemon prio=5 tid=926 timed_waiting
java.lang.Thread.State: TIMED_WAITING
        at java.base@21.0.5/java.lang.Thread.sleep0(Native Method)
        at java.base@21.0.5/java.lang.Thread.sleep(Thread.java:509)
        at app//org.apache.hadoop.ozone.container.ozoneimpl.AbstractBackgroundContainerScanner.handleRemainingSleep(AbstractBackgroundContainerScanner.java:131)
        at app//org.apache.hadoop.ozone.container.ozoneimpl.AbstractBackgroundContainerScanner.runIteration(AbstractBackgroundContainerScanner.java:98)
        at app//org.apache.hadoop.ozone.container.ozoneimpl.AbstractBackgroundContainerScanner.run(AbstractBackgroundContainerScanner.java:57)
"Socket Reader #4 for port 15075"  prio=5 tid=2495 runnable
java.lang.Thread.State: RUNNABLE
        at java.base@21.0.5/sun.nio.ch.EPoll.wait(Native Method)
        at java.base@21.0.5/sun.nio.ch.EPollSelectorImpl.doSelect(EPollSelectorImpl.java:121)
        at java.base@21.0.5/sun.nio.ch.SelectorImpl.lockAndDoSelect(SelectorImpl.java:130)
        at java.base@21.0.5/sun.nio.ch.SelectorImpl.select(SelectorImpl.java:147)
        at app//org.apache.hadoop.ipc.Server$Listener$Reader.doRunLoop(Server.java:1497)
        at app//org.apache.hadoop.ipc.Server$Listener$Reader.run(Server.java:1476)
"79978ed1-1a5c-4832-b584-9e2d85f03cd7@group-A038BBDD90A4-SegmentedRaftLogWorker"  prio=5 tid=1173 timed_waiting
java.lang.Thread.State: TIMED_WAITING
        at java.base@21.0.5/jdk.internal.misc.Unsafe.park(Native Method)
        at java.base@21.0.5/java.util.concurrent.locks.LockSupport.parkNanos(LockSupport.java:269)
        at java.base@21.0.5/java.util.concurrent.locks.AbstractQueuedSynchronizer$ConditionObject.awaitNanos(AbstractQueuedSynchronizer.java:1763)
        at app//org.apache.ratis.util.DataBlockingQueue.poll(DataBlockingQueue.java:148)
        at app//org.apache.ratis.server.raftlog.segmented.SegmentedRaftLogWorker.run(SegmentedRaftLogWorker.java:307)
        at app//org.apache.ratis.server.raftlog.segmented.SegmentedRaftLogWorker$$Lambda/0x00007fd9cc334298.run(Unknown Source)
        at java.base@21.0.5/java.util.concurrent.Executors$RunnableAdapter.call(Executors.java:572)
        at java.base@21.0.5/java.util.concurrent.FutureTask.run(FutureTask.java:317)
        at java.base@21.0.5/java.util.concurrent.ThreadPoolExecutor.runWorker(ThreadPoolExecutor.java:1144)
        at java.base@21.0.5/java.util.concurrent.ThreadPoolExecutor$Worker.run(ThreadPoolExecutor.java:642)
        at java.base@21.0.5/java.lang.Thread.runWith(Thread.java:1596)
        at java.base@21.0.5/java.lang.Thread.run(Thread.java:1583)
"4b5ea8a3-88a5-4114-908f-7a85f39bc1cb-ChunkWriter-3-0" daemon prio=5 tid=1043 in Object.wait()
java.lang.Thread.State: WAITING (on object monitor)
        at java.base@21.0.5/jdk.internal.misc.Unsafe.park(Native Method)
        at java.base@21.0.5/java.util.concurrent.locks.LockSupport.park(LockSupport.java:371)
        at java.base@21.0.5/java.util.concurrent.locks.AbstractQueuedSynchronizer$ConditionNode.block(AbstractQueuedSynchronizer.java:519)
        at java.base@21.0.5/java.util.concurrent.ForkJoinPool.unmanagedBlock(ForkJoinPool.java:3780)
        at java.base@21.0.5/java.util.concurrent.ForkJoinPool.managedBlock(ForkJoinPool.java:3725)
        at java.base@21.0.5/java.util.concurrent.locks.AbstractQueuedSynchronizer$ConditionObject.await(AbstractQueuedSynchronizer.java:1712)
        at java.base@21.0.5/java.util.concurrent.LinkedBlockingDeque.takeFirst(LinkedBlockingDeque.java:485)
        at java.base@21.0.5/java.util.concurrent.LinkedBlockingDeque.take(LinkedBlockingDeque.java:673)
        at java.base@21.0.5/java.util.concurrent.ThreadPoolExecutor.getTask(ThreadPoolExecutor.java:1070)
        at java.base@21.0.5/java.util.concurrent.ThreadPoolExecutor.runWorker(ThreadPoolExecutor.java:1130)
        at java.base@21.0.5/java.util.concurrent.ThreadPoolExecutor$Worker.run(ThreadPoolExecutor.java:642)
        at java.base@21.0.5/java.lang.Thread.runWith(Thread.java:1596)
        at java.base@21.0.5/java.lang.Thread.run(Thread.java:1583)
"02fc1759-725d-47af-8349-873c9c5c9167@group-40AB9B634D2B-StateMachineUpdater" daemon prio=5 tid=1370 timed_waiting
java.lang.Thread.State: TIMED_WAITING
        at java.base@21.0.5/jdk.internal.misc.Unsafe.park(Native Method)
        at java.base@21.0.5/java.util.concurrent.locks.LockSupport.parkNanos(LockSupport.java:269)
        at java.base@21.0.5/java.util.concurrent.locks.AbstractQueuedSynchronizer$ConditionObject.await(AbstractQueuedSynchronizer.java:1852)
        at app//org.apache.ratis.util.AwaitForSignal.await(AwaitForSignal.java:65)
        at app//org.apache.ratis.server.impl.StateMachineUpdater.waitForCommit(StateMachineUpdater.java:219)
        at app//org.apache.ratis.server.impl.StateMachineUpdater.run(StateMachineUpdater.java:187)
        at java.base@21.0.5/java.lang.Thread.runWith(Thread.java:1596)
        at java.base@21.0.5/java.lang.Thread.run(Thread.java:1583)
"Socket Reader #4 for port 15048"  prio=5 tid=717 runnable
java.lang.Thread.State: RUNNABLE
        at java.base@21.0.5/sun.nio.ch.EPoll.wait(Native Method)
        at java.base@21.0.5/sun.nio.ch.EPollSelectorImpl.doSelect(EPollSelectorImpl.java:121)
        at java.base@21.0.5/sun.nio.ch.SelectorImpl.lockAndDoSelect(SelectorImpl.java:130)
        at java.base@21.0.5/sun.nio.ch.SelectorImpl.select(SelectorImpl.java:147)
        at app//org.apache.hadoop.ipc.Server$Listener$Reader.doRunLoop(Server.java:1497)
        at app//org.apache.hadoop.ipc.Server$Listener$Reader.run(Server.java:1476)
"IPC Server handler 6 on default port 15075" daemon prio=5 tid=2511 timed_waiting
java.lang.Thread.State: TIMED_WAITING
        at java.base@21.0.5/jdk.internal.misc.Unsafe.park(Native Method)
        at java.base@21.0.5/java.util.concurrent.locks.LockSupport.parkNanos(LockSupport.java:269)
        at java.base@21.0.5/java.util.concurrent.locks.AbstractQueuedSynchronizer$ConditionObject.awaitNanos(AbstractQueuedSynchronizer.java:1763)
        at java.base@21.0.5/java.util.concurrent.LinkedBlockingQueue.poll(LinkedBlockingQueue.java:460)
        at app//org.apache.hadoop.ipc.CallQueueManager.take(CallQueueManager.java:370)
        at app//org.apache.hadoop.ipc.Server$Handler.run(Server.java:3165)
"IPC Server handler 57 on default port 15001" daemon prio=5 tid=271 timed_waiting
java.lang.Thread.State: TIMED_WAITING
        at java.base@21.0.5/jdk.internal.misc.Unsafe.park(Native Method)
        at java.base@21.0.5/java.util.concurrent.locks.LockSupport.parkNanos(LockSupport.java:269)
        at java.base@21.0.5/java.util.concurrent.locks.AbstractQueuedSynchronizer$ConditionObject.awaitNanos(AbstractQueuedSynchronizer.java:1763)
        at java.base@21.0.5/java.util.concurrent.LinkedBlockingQueue.poll(LinkedBlockingQueue.java:460)
        at app//org.apache.hadoop.ipc.CallQueueManager.take(CallQueueManager.java:370)
        at app//org.apache.hadoop.ipc.Server$Handler.run(Server.java:3165)
"02fc1759-725d-47af-8349-873c9c5c9167@group-69B381BA0E06-SegmentedRaftLogWorker"  prio=5 tid=1207 timed_waiting
java.lang.Thread.State: TIMED_WAITING
        at java.base@21.0.5/jdk.internal.misc.Unsafe.park(Native Method)
        at java.base@21.0.5/java.util.concurrent.locks.LockSupport.parkNanos(LockSupport.java:269)
        at java.base@21.0.5/java.util.concurrent.locks.AbstractQueuedSynchronizer$ConditionObject.awaitNanos(AbstractQueuedSynchronizer.java:1763)
        at app//org.apache.ratis.util.DataBlockingQueue.poll(DataBlockingQueue.java:148)
        at app//org.apache.ratis.server.raftlog.segmented.SegmentedRaftLogWorker.run(SegmentedRaftLogWorker.java:307)
        at app//org.apache.ratis.server.raftlog.segmented.SegmentedRaftLogWorker$$Lambda/0x00007fd9cc334298.run(Unknown Source)
        at java.base@21.0.5/java.util.concurrent.Executors$RunnableAdapter.call(Executors.java:572)
        at java.base@21.0.5/java.util.concurrent.FutureTask.run(FutureTask.java:317)
        at java.base@21.0.5/java.util.concurrent.ThreadPoolExecutor.runWorker(ThreadPoolExecutor.java:1144)
        at java.base@21.0.5/java.util.concurrent.ThreadPoolExecutor$Worker.run(ThreadPoolExecutor.java:642)
        at java.base@21.0.5/java.lang.Thread.runWith(Thread.java:1596)
        at java.base@21.0.5/java.lang.Thread.run(Thread.java:1583)
"3296053d-9d54-4057-a6a8-67c4b6ec6587-ContainerReplicationThread-2" daemon prio=5 tid=2867 timed_waiting
java.lang.Thread.State: TIMED_WAITING
        at java.base@21.0.5/java.lang.Thread.sleep0(Native Method)
        at java.base@21.0.5/java.lang.Thread.sleep(Thread.java:509)
        at app//org.apache.ozone.test.GenericTestUtils.waitFor(GenericTestUtils.java:217)
        at app//org.apache.hadoop.ozone.container.TestECContainerRecovery.lambda$testECContainerRecoveryWithTimedOutRecovery$1(TestECContainerRecovery.java:321)
        at app//org.apache.hadoop.ozone.container.TestECContainerRecovery$$Lambda/0x00007fd9ccc0d1e8.answer(Unknown Source)
        at app//org.mockito.internal.stubbing.StubbedInvocationMatcher.answer(StubbedInvocationMatcher.java:42)
        at app//org.mockito.internal.handler.MockHandlerImpl.handle(MockHandlerImpl.java:103)
        at app//org.mockito.internal.handler.NullResultGuardian.handle(NullResultGuardian.java:29)
        at app//org.mockito.internal.handler.InvocationNotifierHandler.handle(InvocationNotifierHandler.java:34)
        at app//org.mockito.internal.creation.bytebuddy.MockMethodInterceptor.doIntercept(MockMethodInterceptor.java:82)
        at app//org.mockito.internal.creation.bytebuddy.MockMethodAdvice.handle(MockMethodAdvice.java:134)
        at app//org.apache.hadoop.ozone.container.ec.reconstruction.ECReconstructionCoordinator.reconstructECBlockGroup(ECReconstructionCoordinator.java:243)
        at app//org.apache.hadoop.ozone.container.ec.reconstruction.ECReconstructionCoordinator.reconstructECContainerGroup(ECReconstructionCoordinator.java:180)
        at java.base@21.0.5/java.lang.invoke.LambdaForm$DMH/0x00007fd9ccc14800.invokeVirtual(LambdaForm$DMH)
        at java.base@21.0.5/java.lang.invoke.LambdaForm$MH/0x00007fd9ccc1b000.invoke(LambdaForm$MH)
        at java.base@21.0.5/java.lang.invoke.LambdaForm$MH/0x00007fd9ccc19400.invoke(LambdaForm$MH)
        at java.base@21.0.5/java.lang.invoke.Invokers$Holder.invokeExact_MT(Invokers$Holder)
        at java.base@21.0.5/java.lang.invoke.MethodHandle.invokeWithArguments(MethodHandle.java:733)
        at org.mockito.internal.util.reflection.InstrumentationMemberAccessor$Dispatcher$ByteBuddy$r8gir1Hn.invokeWithArguments(Unknown Source)
        at app//org.mockito.internal.util.reflection.InstrumentationMemberAccessor.invoke(InstrumentationMemberAccessor.java:242)
        at app//org.mockito.internal.util.reflection.ModuleMemberAccessor.invoke(ModuleMemberAccessor.java:55)
        at app//org.mockito.internal.creation.bytebuddy.MockMethodAdvice.tryInvoke(MockMethodAdvice.java:314)
        at app//org.mockito.internal.creation.bytebuddy.MockMethodAdvice.access$500(MockMethodAdvice.java:64)
        at app//org.mockito.internal.creation.bytebuddy.MockMethodAdvice$RealMethodCall.invoke(MockMethodAdvice.java:234)
        at app//org.mockito.internal.invocation.InterceptedInvocation.callRealMethod(InterceptedInvocation.java:142)
        at app//org.mockito.internal.stubbing.answers.CallsRealMethods.answer(CallsRealMethods.java:45)
        at app//org.mockito.Answers.answer(Answers.java:90)
        at app//org.mockito.internal.handler.MockHandlerImpl.handle(MockHandlerImpl.java:111)
        at app//org.mockito.internal.handler.NullResultGuardian.handle(NullResultGuardian.java:29)
        at app//org.mockito.internal.handler.InvocationNotifierHandler.handle(InvocationNotifierHandler.java:34)
        at app//org.mockito.internal.creation.bytebuddy.MockMethodInterceptor.doIntercept(MockMethodInterceptor.java:82)
        at app//org.mockito.internal.creation.bytebuddy.MockMethodAdvice.handle(MockMethodAdvice.java:134)
        at app//org.apache.hadoop.ozone.container.ec.reconstruction.ECReconstructionCoordinator.reconstructECContainerGroup(ECReconstructionCoordinator.java:150)
        at app//org.apache.hadoop.ozone.container.ec.reconstruction.ECReconstructionCoordinatorTask.runTask(ECReconstructionCoordinatorTask.java:78)
        at app//org.apache.hadoop.ozone.container.replication.ReplicationSupervisor$TaskRunner.run(ReplicationSupervisor.java:401)
        at java.base@21.0.5/java.util.concurrent.ThreadPoolExecutor.runWorker(ThreadPoolExecutor.java:1144)
        at java.base@21.0.5/java.util.concurrent.ThreadPoolExecutor$Worker.run(ThreadPoolExecutor.java:642)
        at java.base@21.0.5/java.lang.Thread.runWith(Thread.java:1596)
        at java.base@21.0.5/java.lang.Thread.run(Thread.java:1583)
"Hadoop-Metrics-Updater-0" daemon prio=5 tid=680 timed_waiting
java.lang.Thread.State: TIMED_WAITING
        at java.base@21.0.5/jdk.internal.misc.Unsafe.park(Native Method)
        at java.base@21.0.5/java.util.concurrent.locks.LockSupport.parkNanos(LockSupport.java:269)
        at java.base@21.0.5/java.util.concurrent.locks.AbstractQueuedSynchronizer$ConditionObject.awaitNanos(AbstractQueuedSynchronizer.java:1763)
        at java.base@21.0.5/java.util.concurrent.ScheduledThreadPoolExecutor$DelayedWorkQueue.take(ScheduledThreadPoolExecutor.java:1182)
        at java.base@21.0.5/java.util.concurrent.ScheduledThreadPoolExecutor$DelayedWorkQueue.take(ScheduledThreadPoolExecutor.java:899)
        at java.base@21.0.5/java.util.concurrent.ThreadPoolExecutor.getTask(ThreadPoolExecutor.java:1070)
        at java.base@21.0.5/java.util.concurrent.ThreadPoolExecutor.runWorker(ThreadPoolExecutor.java:1130)
        at java.base@21.0.5/java.util.concurrent.ThreadPoolExecutor$Worker.run(ThreadPoolExecutor.java:642)
        at java.base@21.0.5/java.lang.Thread.runWith(Thread.java:1596)
        at java.base@21.0.5/java.lang.Thread.run(Thread.java:1583)
"Socket Reader #10 for port 15030"  prio=5 tid=631 runnable
java.lang.Thread.State: RUNNABLE
        at java.base@21.0.5/sun.nio.ch.EPoll.wait(Native Method)
        at java.base@21.0.5/sun.nio.ch.EPollSelectorImpl.doSelect(EPollSelectorImpl.java:121)
        at java.base@21.0.5/sun.nio.ch.SelectorImpl.lockAndDoSelect(SelectorImpl.java:130)
        at java.base@21.0.5/sun.nio.ch.SelectorImpl.select(SelectorImpl.java:147)
        at app//org.apache.hadoop.ipc.Server$Listener$Reader.doRunLoop(Server.java:1497)
        at app//org.apache.hadoop.ipc.Server$Listener$Reader.run(Server.java:1476)
"qtp1604816394-752-acceptor-0@51162c1b-ServerConnector@178f0865{HTTP/1.1, (http/1.1)}{0.0.0.0:15056}" daemon prio=3 tid=752 runnable
java.lang.Thread.State: RUNNABLE
        at java.base@21.0.5/sun.nio.ch.Net.accept(Native Method)
        at java.base@21.0.5/sun.nio.ch.ServerSocketChannelImpl.implAccept(ServerSocketChannelImpl.java:433)
        at java.base@21.0.5/sun.nio.ch.ServerSocketChannelImpl.accept(ServerSocketChannelImpl.java:399)
        at app//org.eclipse.jetty.server.ServerConnector.accept(ServerConnector.java:388)
        at app//org.eclipse.jetty.server.AbstractConnector$Acceptor.run(AbstractConnector.java:704)
        at app//org.eclipse.jetty.util.thread.QueuedThreadPool.runJob(QueuedThreadPool.java:883)
        at app//org.eclipse.jetty.util.thread.QueuedThreadPool$Runner.run(QueuedThreadPool.java:1034)
        at java.base@21.0.5/java.lang.Thread.runWith(Thread.java:1596)
        at java.base@21.0.5/java.lang.Thread.run(Thread.java:1583)
"15cb4571-9135-45da-b00b-37db09da0048@group-BF7D4C525004-SegmentedRaftLogWorker"  prio=5 tid=108 timed_waiting
java.lang.Thread.State: TIMED_WAITING
        at java.base@21.0.5/jdk.internal.misc.Unsafe.park(Native Method)
        at java.base@21.0.5/java.util.concurrent.locks.LockSupport.parkNanos(LockSupport.java:269)
        at java.base@21.0.5/java.util.concurrent.locks.AbstractQueuedSynchronizer$ConditionObject.awaitNanos(AbstractQueuedSynchronizer.java:1763)
        at app//org.apache.ratis.util.DataBlockingQueue.poll(DataBlockingQueue.java:148)
        at app//org.apache.ratis.server.raftlog.segmented.SegmentedRaftLogWorker.run(SegmentedRaftLogWorker.java:307)
        at app//org.apache.ratis.server.raftlog.segmented.SegmentedRaftLogWorker$$Lambda/0x00007fd9cc334298.run(Unknown Source)
        at java.base@21.0.5/java.util.concurrent.Executors$RunnableAdapter.call(Executors.java:572)
        at java.base@21.0.5/java.util.concurrent.FutureTask.run(FutureTask.java:317)
        at java.base@21.0.5/java.util.concurrent.ThreadPoolExecutor.runWorker(ThreadPoolExecutor.java:1144)
        at java.base@21.0.5/java.util.concurrent.ThreadPoolExecutor$Worker.run(ThreadPoolExecutor.java:642)
        at java.base@21.0.5/java.lang.Thread.runWith(Thread.java:1596)
        at java.base@21.0.5/java.lang.Thread.run(Thread.java:1583)
"StaleRecoveringContainerScrubbingService#5" daemon prio=5 tid=2637 in Object.wait()
java.lang.Thread.State: WAITING (on object monitor)
        at java.base@21.0.5/jdk.internal.misc.Unsafe.park(Native Method)
        at java.base@21.0.5/java.util.concurrent.locks.LockSupport.park(LockSupport.java:371)
        at java.base@21.0.5/java.util.concurrent.locks.AbstractQueuedSynchronizer$ConditionNode.block(AbstractQueuedSynchronizer.java:519)
        at java.base@21.0.5/java.util.concurrent.ForkJoinPool.unmanagedBlock(ForkJoinPool.java:3780)
        at java.base@21.0.5/java.util.concurrent.ForkJoinPool.managedBlock(ForkJoinPool.java:3725)
        at java.base@21.0.5/java.util.concurrent.locks.AbstractQueuedSynchronizer$ConditionObject.await(AbstractQueuedSynchronizer.java:1712)
        at java.base@21.0.5/java.util.concurrent.ScheduledThreadPoolExecutor$DelayedWorkQueue.take(ScheduledThreadPoolExecutor.java:1177)
        at java.base@21.0.5/java.util.concurrent.ScheduledThreadPoolExecutor$DelayedWorkQueue.take(ScheduledThreadPoolExecutor.java:899)
        at java.base@21.0.5/java.util.concurrent.ThreadPoolExecutor.getTask(ThreadPoolExecutor.java:1070)
        at java.base@21.0.5/java.util.concurrent.ThreadPoolExecutor.runWorker(ThreadPoolExecutor.java:1130)
        at java.base@21.0.5/java.util.concurrent.ThreadPoolExecutor$Worker.run(ThreadPoolExecutor.java:642)
        at java.base@21.0.5/java.lang.Thread.runWith(Thread.java:1596)
        at java.base@21.0.5/java.lang.Thread.run(Thread.java:1583)
"Socket Reader #7 for port 15066"  prio=5 tid=812 runnable
java.lang.Thread.State: RUNNABLE
        at java.base@21.0.5/sun.nio.ch.EPoll.wait(Native Method)
        at java.base@21.0.5/sun.nio.ch.EPollSelectorImpl.doSelect(EPollSelectorImpl.java:121)
        at java.base@21.0.5/sun.nio.ch.SelectorImpl.lockAndDoSelect(SelectorImpl.java:130)
        at java.base@21.0.5/sun.nio.ch.SelectorImpl.select(SelectorImpl.java:147)
        at app//org.apache.hadoop.ipc.Server$Listener$Reader.doRunLoop(Server.java:1497)
        at app//org.apache.hadoop.ipc.Server$Listener$Reader.run(Server.java:1476)
"79978ed1-1a5c-4832-b584-9e2d85f03cd7-groupManagement"  prio=5 tid=1170 in Object.wait()
java.lang.Thread.State: WAITING (on object monitor)
        at java.base@21.0.5/jdk.internal.misc.Unsafe.park(Native Method)
        at java.base@21.0.5/java.util.concurrent.locks.LockSupport.park(LockSupport.java:371)
        at java.base@21.0.5/java.util.concurrent.locks.AbstractQueuedSynchronizer$ConditionNode.block(AbstractQueuedSynchronizer.java:519)
        at java.base@21.0.5/java.util.concurrent.ForkJoinPool.unmanagedBlock(ForkJoinPool.java:3780)
        at java.base@21.0.5/java.util.concurrent.ForkJoinPool.managedBlock(ForkJoinPool.java:3725)
        at java.base@21.0.5/java.util.concurrent.locks.AbstractQueuedSynchronizer$ConditionObject.await(AbstractQueuedSynchronizer.java:1712)
        at java.base@21.0.5/java.util.concurrent.LinkedBlockingQueue.take(LinkedBlockingQueue.java:435)
        at java.base@21.0.5/java.util.concurrent.ThreadPoolExecutor.getTask(ThreadPoolExecutor.java:1070)
        at java.base@21.0.5/java.util.concurrent.ThreadPoolExecutor.runWorker(ThreadPoolExecutor.java:1130)
        at java.base@21.0.5/java.util.concurrent.ThreadPoolExecutor$Worker.run(ThreadPoolExecutor.java:642)
        at java.base@21.0.5/java.lang.Thread.runWith(Thread.java:1596)
        at java.base@21.0.5/java.lang.Thread.run(Thread.java:1583)
"Socket Reader #10 for port 15057"  prio=5 tid=769 runnable
java.lang.Thread.State: RUNNABLE
        at java.base@21.0.5/sun.nio.ch.EPoll.wait(Native Method)
        at java.base@21.0.5/sun.nio.ch.EPollSelectorImpl.doSelect(EPollSelectorImpl.java:121)
        at java.base@21.0.5/sun.nio.ch.SelectorImpl.lockAndDoSelect(SelectorImpl.java:130)
        at java.base@21.0.5/sun.nio.ch.SelectorImpl.select(SelectorImpl.java:147)
        at app//org.apache.hadoop.ipc.Server$Listener$Reader.doRunLoop(Server.java:1497)
        at app//org.apache.hadoop.ipc.Server$Listener$Reader.run(Server.java:1476)
"4b5ea8a3-88a5-4114-908f-7a85f39bc1cb-CloseContainerThread-2"  prio=5 tid=2836 in Object.wait()
java.lang.Thread.State: WAITING (on object monitor)
        at java.base@21.0.5/jdk.internal.misc.Unsafe.park(Native Method)
        at java.base@21.0.5/java.util.concurrent.locks.LockSupport.park(LockSupport.java:371)
        at java.base@21.0.5/java.util.concurrent.locks.AbstractQueuedSynchronizer$ConditionNode.block(AbstractQueuedSynchronizer.java:519)
        at java.base@21.0.5/java.util.concurrent.ForkJoinPool.unmanagedBlock(ForkJoinPool.java:3780)
        at java.base@21.0.5/java.util.concurrent.ForkJoinPool.managedBlock(ForkJoinPool.java:3725)
        at java.base@21.0.5/java.util.concurrent.locks.AbstractQueuedSynchronizer$ConditionObject.await(AbstractQueuedSynchronizer.java:1712)
        at java.base@21.0.5/java.util.concurrent.LinkedBlockingQueue.take(LinkedBlockingQueue.java:435)
        at java.base@21.0.5/java.util.concurrent.ThreadPoolExecutor.getTask(ThreadPoolExecutor.java:1070)
        at java.base@21.0.5/java.util.concurrent.ThreadPoolExecutor.runWorker(ThreadPoolExecutor.java:1130)
        at java.base@21.0.5/java.util.concurrent.ThreadPoolExecutor$Worker.run(ThreadPoolExecutor.java:642)
        at java.base@21.0.5/java.lang.Thread.runWith(Thread.java:1596)
        at java.base@21.0.5/java.lang.Thread.run(Thread.java:1583)
"pool-325-thread-1"  prio=5 tid=973 timed_waiting
java.lang.Thread.State: TIMED_WAITING
        at java.base@21.0.5/jdk.internal.misc.Unsafe.park(Native Method)
        at java.base@21.0.5/java.util.concurrent.locks.LockSupport.parkNanos(LockSupport.java:269)
        at java.base@21.0.5/java.util.concurrent.locks.AbstractQueuedSynchronizer$ConditionObject.awaitNanos(AbstractQueuedSynchronizer.java:1763)
        at java.base@21.0.5/java.util.concurrent.ScheduledThreadPoolExecutor$DelayedWorkQueue.take(ScheduledThreadPoolExecutor.java:1182)
        at java.base@21.0.5/java.util.concurrent.ScheduledThreadPoolExecutor$DelayedWorkQueue.take(ScheduledThreadPoolExecutor.java:899)
        at java.base@21.0.5/java.util.concurrent.ThreadPoolExecutor.getTask(ThreadPoolExecutor.java:1070)
        at java.base@21.0.5/java.util.concurrent.ThreadPoolExecutor.runWorker(ThreadPoolExecutor.java:1130)
        at java.base@21.0.5/java.util.concurrent.ThreadPoolExecutor$Worker.run(ThreadPoolExecutor.java:642)
        at java.base@21.0.5/java.lang.Thread.runWith(Thread.java:1596)
        at java.base@21.0.5/java.lang.Thread.run(Thread.java:1583)
"IPC Server listener on 15012" daemon prio=5 tid=527 runnable
java.lang.Thread.State: RUNNABLE
        at java.base@21.0.5/sun.nio.ch.EPoll.wait(Native Method)
        at java.base@21.0.5/sun.nio.ch.EPollSelectorImpl.doSelect(EPollSelectorImpl.java:121)
        at java.base@21.0.5/sun.nio.ch.SelectorImpl.lockAndDoSelect(SelectorImpl.java:130)
        at java.base@21.0.5/sun.nio.ch.SelectorImpl.select(SelectorImpl.java:147)
        at app//org.apache.hadoop.ipc.Server$Listener.run(Server.java:1559)
"IPC Server listener on 15048" daemon prio=5 tid=713 runnable
java.lang.Thread.State: RUNNABLE
        at java.base@21.0.5/sun.nio.ch.EPoll.wait(Native Method)
        at java.base@21.0.5/sun.nio.ch.EPollSelectorImpl.doSelect(EPollSelectorImpl.java:121)
        at java.base@21.0.5/sun.nio.ch.SelectorImpl.lockAndDoSelect(SelectorImpl.java:130)
        at java.base@21.0.5/sun.nio.ch.SelectorImpl.select(SelectorImpl.java:147)
        at app//org.apache.hadoop.ipc.Server$Listener.run(Server.java:1559)
"IPC Server handler 26 on default port 15000" daemon prio=5 tid=140 timed_waiting
java.lang.Thread.State: TIMED_WAITING
        at java.base@21.0.5/jdk.internal.misc.Unsafe.park(Native Method)
        at java.base@21.0.5/java.util.concurrent.locks.LockSupport.parkNanos(LockSupport.java:269)
        at java.base@21.0.5/java.util.concurrent.locks.AbstractQueuedSynchronizer$ConditionObject.awaitNanos(AbstractQueuedSynchronizer.java:1763)
        at java.base@21.0.5/java.util.concurrent.LinkedBlockingQueue.poll(LinkedBlockingQueue.java:460)
        at app//org.apache.hadoop.ipc.CallQueueManager.take(CallQueueManager.java:370)
        at app//org.apache.hadoop.ipc.Server$Handler.run(Server.java:3165)
"4b5ea8a3-88a5-4114-908f-7a85f39bc1cb@group-84CADC6795ED-cacheEviction-AwaitToRun" daemon prio=5 tid=1477 in Object.wait()
java.lang.Thread.State: WAITING (on object monitor)
        at java.base@21.0.5/jdk.internal.misc.Unsafe.park(Native Method)
        at java.base@21.0.5/java.util.concurrent.locks.LockSupport.park(LockSupport.java:371)
        at java.base@21.0.5/java.util.concurrent.locks.AbstractQueuedSynchronizer$ConditionNode.block(AbstractQueuedSynchronizer.java:519)
        at java.base@21.0.5/java.util.concurrent.ForkJoinPool.unmanagedBlock(ForkJoinPool.java:3780)
        at java.base@21.0.5/java.util.concurrent.ForkJoinPool.managedBlock(ForkJoinPool.java:3725)
        at java.base@21.0.5/java.util.concurrent.locks.AbstractQueuedSynchronizer$ConditionObject.await(AbstractQueuedSynchronizer.java:1712)
        at app//org.apache.ratis.util.AwaitForSignal.await(AwaitForSignal.java:48)
        at app//org.apache.ratis.util.AwaitToRun$RunnableImpl.run(AwaitToRun.java:47)
        at java.base@21.0.5/java.lang.Thread.runWith(Thread.java:1596)
        at java.base@21.0.5/java.lang.Thread.run(Thread.java:1583)
"Socket Reader #10 for port 15066"  prio=5 tid=815 runnable
java.lang.Thread.State: RUNNABLE
        at java.base@21.0.5/sun.nio.ch.EPoll.wait(Native Method)
        at java.base@21.0.5/sun.nio.ch.EPollSelectorImpl.doSelect(EPollSelectorImpl.java:121)
        at java.base@21.0.5/sun.nio.ch.SelectorImpl.lockAndDoSelect(SelectorImpl.java:130)
        at java.base@21.0.5/sun.nio.ch.SelectorImpl.select(SelectorImpl.java:147)
        at app//org.apache.hadoop.ipc.Server$Listener$Reader.doRunLoop(Server.java:1497)
        at app//org.apache.hadoop.ipc.Server$Listener$Reader.run(Server.java:1476)
"IPC Server idle connection scanner for port 15006" daemon prio=5 tid=453 timed_waiting
java.lang.Thread.State: TIMED_WAITING
        at java.base@21.0.5/java.lang.Object.wait0(Native Method)
        at java.base@21.0.5/java.lang.Object.wait(Object.java:366)
        at java.base@21.0.5/java.util.TimerThread.mainLoop(Timer.java:563)
        at java.base@21.0.5/java.util.TimerThread.run(Timer.java:516)
"IPC Server handler 0 on default port 15030" daemon prio=5 tid=635 timed_waiting
java.lang.Thread.State: TIMED_WAITING
        at java.base@21.0.5/jdk.internal.misc.Unsafe.park(Native Method)
        at java.base@21.0.5/java.util.concurrent.locks.LockSupport.parkNanos(LockSupport.java:269)
        at java.base@21.0.5/java.util.concurrent.locks.AbstractQueuedSynchronizer$ConditionObject.awaitNanos(AbstractQueuedSynchronizer.java:1763)
        at java.base@21.0.5/java.util.concurrent.LinkedBlockingQueue.poll(LinkedBlockingQueue.java:460)
        at app//org.apache.hadoop.ipc.CallQueueManager.take(CallQueueManager.java:370)
        at app//org.apache.hadoop.ipc.Server$Handler.run(Server.java:3165)
"b6b79d51-52d7-4711-a690-06a51533978a@group-12A0FE72DC1C-LeaderStateImpl" daemon prio=5 tid=2136 timed_waiting
java.lang.Thread.State: TIMED_WAITING
        at java.base@21.0.5/jdk.internal.misc.Unsafe.park(Native Method)
        at java.base@21.0.5/java.util.concurrent.locks.LockSupport.parkNanos(LockSupport.java:269)
        at java.base@21.0.5/java.util.concurrent.locks.AbstractQueuedSynchronizer$ConditionObject.awaitNanos(AbstractQueuedSynchronizer.java:1763)
        at java.base@21.0.5/java.util.concurrent.ArrayBlockingQueue.poll(ArrayBlockingQueue.java:435)
        at app//org.apache.ratis.server.impl.LeaderStateImpl$EventQueue.poll(LeaderStateImpl.java:164)
        at app//org.apache.ratis.server.impl.LeaderStateImpl$EventProcessor.run(LeaderStateImpl.java:763)
"Socket Reader #7 for port 15030"  prio=5 tid=628 runnable
java.lang.Thread.State: RUNNABLE
        at java.base@21.0.5/sun.nio.ch.EPoll.wait(Native Method)
        at java.base@21.0.5/sun.nio.ch.EPollSelectorImpl.doSelect(EPollSelectorImpl.java:121)
        at java.base@21.0.5/sun.nio.ch.SelectorImpl.lockAndDoSelect(SelectorImpl.java:130)
        at java.base@21.0.5/sun.nio.ch.SelectorImpl.select(SelectorImpl.java:147)
        at app//org.apache.hadoop.ipc.Server$Listener$Reader.doRunLoop(Server.java:1497)
        at app//org.apache.hadoop.ipc.Server$Listener$Reader.run(Server.java:1476)
"eca5a246-1f8f-493f-b50d-7eee1f2fec76@group-AEA5E11D46FC-StateMachineUpdater" daemon prio=5 tid=1390 timed_waiting
java.lang.Thread.State: TIMED_WAITING
        at java.base@21.0.5/jdk.internal.misc.Unsafe.park(Native Method)
        at java.base@21.0.5/java.util.concurrent.locks.LockSupport.parkNanos(LockSupport.java:269)
        at java.base@21.0.5/java.util.concurrent.locks.AbstractQueuedSynchronizer$ConditionObject.await(AbstractQueuedSynchronizer.java:1852)
        at app//org.apache.ratis.util.AwaitForSignal.await(AwaitForSignal.java:65)
        at app//org.apache.ratis.server.impl.StateMachineUpdater.waitForCommit(StateMachineUpdater.java:219)
        at app//org.apache.ratis.server.impl.StateMachineUpdater.run(StateMachineUpdater.java:187)
        at java.base@21.0.5/java.lang.Thread.runWith(Thread.java:1596)
        at java.base@21.0.5/java.lang.Thread.run(Thread.java:1583)
"qtp996171897-664" daemon prio=5 tid=664 timed_waiting
java.lang.Thread.State: TIMED_WAITING
        at java.base@21.0.5/jdk.internal.misc.Unsafe.park(Native Method)
        at java.base@21.0.5/java.util.concurrent.locks.LockSupport.parkNanos(LockSupport.java:269)
        at java.base@21.0.5/java.util.concurrent.locks.AbstractQueuedSynchronizer$ConditionObject.awaitNanos(AbstractQueuedSynchronizer.java:1763)
        at app//org.eclipse.jetty.util.BlockingArrayQueue.poll(BlockingArrayQueue.java:382)
        at app//org.eclipse.jetty.util.thread.QueuedThreadPool$Runner.idleJobPoll(QueuedThreadPool.java:974)
        at app//org.eclipse.jetty.util.thread.QueuedThreadPool$Runner.run(QueuedThreadPool.java:1018)
        at java.base@21.0.5/java.lang.Thread.runWith(Thread.java:1596)
        at java.base@21.0.5/java.lang.Thread.run(Thread.java:1583)
"IPC Server handler 70 on default port 15000" daemon prio=5 tid=184 timed_waiting
java.lang.Thread.State: TIMED_WAITING
        at java.base@21.0.5/jdk.internal.misc.Unsafe.park(Native Method)
        at java.base@21.0.5/java.util.concurrent.locks.LockSupport.parkNanos(LockSupport.java:269)
        at java.base@21.0.5/java.util.concurrent.locks.AbstractQueuedSynchronizer$ConditionObject.awaitNanos(AbstractQueuedSynchronizer.java:1763)
        at java.base@21.0.5/java.util.concurrent.LinkedBlockingQueue.poll(LinkedBlockingQueue.java:460)
        at app//org.apache.hadoop.ipc.CallQueueManager.take(CallQueueManager.java:370)
        at app//org.apache.hadoop.ipc.Server$Handler.run(Server.java:3165)
"IPC Server handler 14 on default port 15006" daemon prio=5 tid=505 timed_waiting
java.lang.Thread.State: TIMED_WAITING
        at java.base@21.0.5/jdk.internal.misc.Unsafe.park(Native Method)
        at java.base@21.0.5/java.util.concurrent.locks.LockSupport.parkNanos(LockSupport.java:269)
        at java.base@21.0.5/java.util.concurrent.locks.AbstractQueuedSynchronizer$ConditionObject.awaitNanos(AbstractQueuedSynchronizer.java:1763)
        at java.base@21.0.5/java.util.concurrent.LinkedBlockingQueue.poll(LinkedBlockingQueue.java:460)
        at app//org.apache.hadoop.ipc.CallQueueManager.take(CallQueueManager.java:370)
        at app//org.apache.hadoop.ipc.Server$Handler.run(Server.java:3165)
"Socket Reader #3 for port 15030"  prio=5 tid=624 runnable
java.lang.Thread.State: RUNNABLE
        at java.base@21.0.5/sun.nio.ch.EPoll.wait(Native Method)
        at java.base@21.0.5/sun.nio.ch.EPollSelectorImpl.doSelect(EPollSelectorImpl.java:121)
        at java.base@21.0.5/sun.nio.ch.SelectorImpl.lockAndDoSelect(SelectorImpl.java:130)
        at java.base@21.0.5/sun.nio.ch.SelectorImpl.select(SelectorImpl.java:147)
        at app//org.apache.hadoop.ipc.Server$Listener$Reader.doRunLoop(Server.java:1497)
        at app//org.apache.hadoop.ipc.Server$Listener$Reader.run(Server.java:1476)
"Socket Reader #6 for port 15001"  prio=5 tid=75 runnable
java.lang.Thread.State: RUNNABLE
        at java.base@21.0.5/sun.nio.ch.EPoll.wait(Native Method)
        at java.base@21.0.5/sun.nio.ch.EPollSelectorImpl.doSelect(EPollSelectorImpl.java:121)
        at java.base@21.0.5/sun.nio.ch.SelectorImpl.lockAndDoSelect(SelectorImpl.java:130)
        at java.base@21.0.5/sun.nio.ch.SelectorImpl.select(SelectorImpl.java:147)
        at app//org.apache.hadoop.ipc.Server$Listener$Reader.doRunLoop(Server.java:1497)
        at app//org.apache.hadoop.ipc.Server$Listener$Reader.run(Server.java:1476)
"26f755b0-b4b1-4239-8401-e418fca9ef4b-DatanodeReportManager-0" daemon prio=5 tid=2516 in Object.wait()
java.lang.Thread.State: WAITING (on object monitor)
        at java.base@21.0.5/jdk.internal.misc.Unsafe.park(Native Method)
        at java.base@21.0.5/java.util.concurrent.locks.LockSupport.park(LockSupport.java:371)
        at java.base@21.0.5/java.util.concurrent.locks.AbstractQueuedSynchronizer$ConditionNode.block(AbstractQueuedSynchronizer.java:519)
        at java.base@21.0.5/java.util.concurrent.ForkJoinPool.unmanagedBlock(ForkJoinPool.java:3780)
        at java.base@21.0.5/java.util.concurrent.ForkJoinPool.managedBlock(ForkJoinPool.java:3725)
        at java.base@21.0.5/java.util.concurrent.locks.AbstractQueuedSynchronizer$ConditionObject.await(AbstractQueuedSynchronizer.java:1712)
        at java.base@21.0.5/java.util.concurrent.ScheduledThreadPoolExecutor$DelayedWorkQueue.take(ScheduledThreadPoolExecutor.java:1177)
        at java.base@21.0.5/java.util.concurrent.ScheduledThreadPoolExecutor$DelayedWorkQueue.take(ScheduledThreadPoolExecutor.java:899)
        at java.base@21.0.5/java.util.concurrent.ThreadPoolExecutor.getTask(ThreadPoolExecutor.java:1070)
        at java.base@21.0.5/java.util.concurrent.ThreadPoolExecutor.runWorker(ThreadPoolExecutor.java:1130)
        at java.base@21.0.5/java.util.concurrent.ThreadPoolExecutor$Worker.run(ThreadPoolExecutor.java:642)
        at java.base@21.0.5/java.lang.Thread.runWith(Thread.java:1596)
        at java.base@21.0.5/java.lang.Thread.run(Thread.java:1583)
"4b5ea8a3-88a5-4114-908f-7a85f39bc1cb@group-7D6565184E1B-cacheEviction-AwaitToRun" daemon prio=5 tid=2588 in Object.wait()
java.lang.Thread.State: WAITING (on object monitor)
        at java.base@21.0.5/jdk.internal.misc.Unsafe.park(Native Method)
        at java.base@21.0.5/java.util.concurrent.locks.LockSupport.park(LockSupport.java:371)
        at java.base@21.0.5/java.util.concurrent.locks.AbstractQueuedSynchronizer$ConditionNode.block(AbstractQueuedSynchronizer.java:519)
        at java.base@21.0.5/java.util.concurrent.ForkJoinPool.unmanagedBlock(ForkJoinPool.java:3780)
        at java.base@21.0.5/java.util.concurrent.ForkJoinPool.managedBlock(ForkJoinPool.java:3725)
        at java.base@21.0.5/java.util.concurrent.locks.AbstractQueuedSynchronizer$ConditionObject.await(AbstractQueuedSynchronizer.java:1712)
        at app//org.apache.ratis.util.AwaitForSignal.await(AwaitForSignal.java:48)
        at app//org.apache.ratis.util.AwaitToRun$RunnableImpl.run(AwaitToRun.java:47)
        at java.base@21.0.5/java.lang.Thread.runWith(Thread.java:1596)
        at java.base@21.0.5/java.lang.Thread.run(Thread.java:1583)
"IPC Server handler 73 on default port 15000" daemon prio=5 tid=187 timed_waiting
java.lang.Thread.State: TIMED_WAITING
        at java.base@21.0.5/jdk.internal.misc.Unsafe.park(Native Method)
        at java.base@21.0.5/java.util.concurrent.locks.LockSupport.parkNanos(LockSupport.java:269)
        at java.base@21.0.5/java.util.concurrent.locks.AbstractQueuedSynchronizer$ConditionObject.awaitNanos(AbstractQueuedSynchronizer.java:1763)
        at java.base@21.0.5/java.util.concurrent.LinkedBlockingQueue.poll(LinkedBlockingQueue.java:460)
        at app//org.apache.hadoop.ipc.CallQueueManager.take(CallQueueManager.java:370)
        at app//org.apache.hadoop.ipc.Server$Handler.run(Server.java:3165)
"Socket Reader #9 for port 15066"  prio=5 tid=814 runnable
java.lang.Thread.State: RUNNABLE
        at java.base@21.0.5/sun.nio.ch.EPoll.wait(Native Method)
        at java.base@21.0.5/sun.nio.ch.EPollSelectorImpl.doSelect(EPollSelectorImpl.java:121)
        at java.base@21.0.5/sun.nio.ch.SelectorImpl.lockAndDoSelect(SelectorImpl.java:130)
        at java.base@21.0.5/sun.nio.ch.SelectorImpl.select(SelectorImpl.java:147)
        at app//org.apache.hadoop.ipc.Server$Listener$Reader.doRunLoop(Server.java:1497)
        at app//org.apache.hadoop.ipc.Server$Listener$Reader.run(Server.java:1476)
"Socket Reader #1 for port 15030"  prio=5 tid=622 runnable
java.lang.Thread.State: RUNNABLE
        at java.base@21.0.5/sun.nio.ch.EPoll.wait(Native Method)
        at java.base@21.0.5/sun.nio.ch.EPollSelectorImpl.doSelect(EPollSelectorImpl.java:121)
        at java.base@21.0.5/sun.nio.ch.SelectorImpl.lockAndDoSelect(SelectorImpl.java:130)
        at java.base@21.0.5/sun.nio.ch.SelectorImpl.select(SelectorImpl.java:147)
        at app//org.apache.hadoop.ipc.Server$Listener$Reader.doRunLoop(Server.java:1497)
        at app//org.apache.hadoop.ipc.Server$Listener$Reader.run(Server.java:1476)
"79978ed1-1a5c-4832-b584-9e2d85f03cd7@group-2F5615DC861B->02fc1759-725d-47af-8349-873c9c5c9167-GrpcLogAppender-LogAppenderDaemon" daemon prio=5 tid=1798 timed_waiting
java.lang.Thread.State: TIMED_WAITING
        at java.base@21.0.5/jdk.internal.misc.Unsafe.park(Native Method)
        at java.base@21.0.5/java.util.concurrent.locks.LockSupport.parkNanos(LockSupport.java:269)
        at java.base@21.0.5/java.util.concurrent.locks.AbstractQueuedSynchronizer$ConditionObject.await(AbstractQueuedSynchronizer.java:1852)
        at app//org.apache.ratis.util.AwaitForSignal.await(AwaitForSignal.java:65)
        at app//org.apache.ratis.grpc.server.GrpcLogAppender.mayWait(GrpcLogAppender.java:290)
        at app//org.apache.ratis.grpc.server.GrpcLogAppender.run(GrpcLogAppender.java:258)
        at app//org.apache.ratis.server.leader.LogAppenderDaemon.run(LogAppenderDaemon.java:80)
        at app//org.apache.ratis.server.leader.LogAppenderDaemon$$Lambda/0x00007fd9cc91b588.run(Unknown Source)
        at java.base@21.0.5/java.lang.Thread.runWith(Thread.java:1596)
        at java.base@21.0.5/java.lang.Thread.run(Thread.java:1583)
"79978ed1-1a5c-4832-b584-9e2d85f03cd7@group-AD7877671860-StateMachineUpdater" daemon prio=5 tid=1234 timed_waiting
java.lang.Thread.State: TIMED_WAITING
        at java.base@21.0.5/jdk.internal.misc.Unsafe.park(Native Method)
        at java.base@21.0.5/java.util.concurrent.locks.LockSupport.parkNanos(LockSupport.java:269)
        at java.base@21.0.5/java.util.concurrent.locks.AbstractQueuedSynchronizer$ConditionObject.await(AbstractQueuedSynchronizer.java:1852)
        at app//org.apache.ratis.util.AwaitForSignal.await(AwaitForSignal.java:65)
        at app//org.apache.ratis.server.impl.StateMachineUpdater.waitForCommit(StateMachineUpdater.java:219)
        at app//org.apache.ratis.server.impl.StateMachineUpdater.run(StateMachineUpdater.java:187)
        at java.base@21.0.5/java.lang.Thread.runWith(Thread.java:1596)
        at java.base@21.0.5/java.lang.Thread.run(Thread.java:1583)
"751e45cc-852a-454f-97c8-e80f2befe6f4-PipelineCommandHandlerThread-0"  prio=5 tid=1414 in Object.wait()
java.lang.Thread.State: WAITING (on object monitor)
        at java.base@21.0.5/jdk.internal.misc.Unsafe.park(Native Method)
        at java.base@21.0.5/java.util.concurrent.locks.LockSupport.park(LockSupport.java:371)
        at java.base@21.0.5/java.util.concurrent.locks.AbstractQueuedSynchronizer$ConditionNode.block(AbstractQueuedSynchronizer.java:519)
        at java.base@21.0.5/java.util.concurrent.ForkJoinPool.unmanagedBlock(ForkJoinPool.java:3780)
        at java.base@21.0.5/java.util.concurrent.ForkJoinPool.managedBlock(ForkJoinPool.java:3725)
        at java.base@21.0.5/java.util.concurrent.locks.AbstractQueuedSynchronizer$ConditionObject.await(AbstractQueuedSynchronizer.java:1712)
        at java.base@21.0.5/java.util.concurrent.LinkedBlockingQueue.take(LinkedBlockingQueue.java:435)
        at java.base@21.0.5/java.util.concurrent.ThreadPoolExecutor.getTask(ThreadPoolExecutor.java:1070)
        at java.base@21.0.5/java.util.concurrent.ThreadPoolExecutor.runWorker(ThreadPoolExecutor.java:1130)
        at java.base@21.0.5/java.util.concurrent.ThreadPoolExecutor$Worker.run(ThreadPoolExecutor.java:642)
        at java.base@21.0.5/java.lang.Thread.runWith(Thread.java:1596)
        at java.base@21.0.5/java.lang.Thread.run(Thread.java:1583)
"4b5ea8a3-88a5-4114-908f-7a85f39bc1cb@group-5233A358D31F->02fc1759-725d-47af-8349-873c9c5c9167-GrpcLogAppender-LogAppenderDaemon" daemon prio=5 tid=2364 timed_waiting
java.lang.Thread.State: TIMED_WAITING
        at java.base@21.0.5/jdk.internal.misc.Unsafe.park(Native Method)
        at java.base@21.0.5/java.util.concurrent.locks.LockSupport.parkNanos(LockSupport.java:269)
        at java.base@21.0.5/java.util.concurrent.locks.AbstractQueuedSynchronizer$ConditionObject.await(AbstractQueuedSynchronizer.java:1852)
        at app//org.apache.ratis.util.AwaitForSignal.await(AwaitForSignal.java:65)
        at app//org.apache.ratis.grpc.server.GrpcLogAppender.mayWait(GrpcLogAppender.java:290)
        at app//org.apache.ratis.grpc.server.GrpcLogAppender.run(GrpcLogAppender.java:258)
        at app//org.apache.ratis.server.leader.LogAppenderDaemon.run(LogAppenderDaemon.java:80)
        at app//org.apache.ratis.server.leader.LogAppenderDaemon$$Lambda/0x00007fd9cc91b588.run(Unknown Source)
        at java.base@21.0.5/java.lang.Thread.runWith(Thread.java:1596)
        at java.base@21.0.5/java.lang.Thread.run(Thread.java:1583)
"3296053d-9d54-4057-a6a8-67c4b6ec6587-server-thread3" daemon prio=5 tid=2370 timed_waiting
java.lang.Thread.State: TIMED_WAITING
        at java.base@21.0.5/jdk.internal.misc.Unsafe.park(Native Method)
        at java.base@21.0.5/java.util.concurrent.locks.LockSupport.parkNanos(LockSupport.java:410)
        at java.base@21.0.5/java.util.concurrent.LinkedTransferQueue$DualNode.await(LinkedTransferQueue.java:452)
        at java.base@21.0.5/java.util.concurrent.SynchronousQueue$Transferer.xferLifo(SynchronousQueue.java:194)
        at java.base@21.0.5/java.util.concurrent.SynchronousQueue.xfer(SynchronousQueue.java:235)
        at java.base@21.0.5/java.util.concurrent.SynchronousQueue.poll(SynchronousQueue.java:338)
        at java.base@21.0.5/java.util.concurrent.ThreadPoolExecutor.getTask(ThreadPoolExecutor.java:1069)
        at java.base@21.0.5/java.util.concurrent.ThreadPoolExecutor.runWorker(ThreadPoolExecutor.java:1130)
        at java.base@21.0.5/java.util.concurrent.ThreadPoolExecutor$Worker.run(ThreadPoolExecutor.java:642)
        at java.base@21.0.5/java.lang.Thread.runWith(Thread.java:1596)
        at java.base@21.0.5/java.lang.Thread.run(Thread.java:1583)
"b6b79d51-52d7-4711-a690-06a51533978a@group-A6DF87581CD1-SegmentedRaftLogWorker" daemon prio=5 tid=1327 timed_waiting
java.lang.Thread.State: TIMED_WAITING
        at java.base@21.0.5/jdk.internal.misc.Unsafe.park(Native Method)
        at java.base@21.0.5/java.util.concurrent.locks.LockSupport.parkNanos(LockSupport.java:269)
        at java.base@21.0.5/java.util.concurrent.locks.AbstractQueuedSynchronizer$ConditionObject.awaitNanos(AbstractQueuedSynchronizer.java:1763)
        at app//org.apache.ratis.util.DataBlockingQueue.poll(DataBlockingQueue.java:148)
        at app//org.apache.ratis.server.raftlog.segmented.SegmentedRaftLogWorker.run(SegmentedRaftLogWorker.java:307)
        at app//org.apache.ratis.server.raftlog.segmented.SegmentedRaftLogWorker$$Lambda/0x00007fd9cc334298.run(Unknown Source)
        at java.base@21.0.5/java.util.concurrent.Executors$RunnableAdapter.call(Executors.java:572)
        at java.base@21.0.5/java.util.concurrent.FutureTask.run(FutureTask.java:317)
        at java.base@21.0.5/java.util.concurrent.ThreadPoolExecutor.runWorker(ThreadPoolExecutor.java:1144)
        at java.base@21.0.5/java.util.concurrent.ThreadPoolExecutor$Worker.run(ThreadPoolExecutor.java:642)
        at java.base@21.0.5/java.lang.Thread.runWith(Thread.java:1596)
        at java.base@21.0.5/java.lang.Thread.run(Thread.java:1583)
"4b5ea8a3-88a5-4114-908f-7a85f39bc1cb@group-91A8CF666C05-cacheEviction-AwaitToRun" daemon prio=5 tid=1636 in Object.wait()
java.lang.Thread.State: WAITING (on object monitor)
        at java.base@21.0.5/jdk.internal.misc.Unsafe.park(Native Method)
        at java.base@21.0.5/java.util.concurrent.locks.LockSupport.park(LockSupport.java:371)
        at java.base@21.0.5/java.util.concurrent.locks.AbstractQueuedSynchronizer$ConditionNode.block(AbstractQueuedSynchronizer.java:519)
        at java.base@21.0.5/java.util.concurrent.ForkJoinPool.unmanagedBlock(ForkJoinPool.java:3780)
        at java.base@21.0.5/java.util.concurrent.ForkJoinPool.managedBlock(ForkJoinPool.java:3725)
        at java.base@21.0.5/java.util.concurrent.locks.AbstractQueuedSynchronizer$ConditionObject.await(AbstractQueuedSynchronizer.java:1712)
        at app//org.apache.ratis.util.AwaitForSignal.await(AwaitForSignal.java:48)
        at app//org.apache.ratis.util.AwaitToRun$RunnableImpl.run(AwaitToRun.java:47)
        at java.base@21.0.5/java.lang.Thread.runWith(Thread.java:1596)
        at java.base@21.0.5/java.lang.Thread.run(Thread.java:1583)
"Reference Handler" daemon prio=10 tid=9 runnable
java.lang.Thread.State: RUNNABLE
        at java.base@21.0.5/java.lang.ref.Reference.waitForReferencePendingList(Native Method)
        at java.base@21.0.5/java.lang.ref.Reference.processPendingReferences(Reference.java:246)
        at java.base@21.0.5/java.lang.ref.Reference$ReferenceHandler.run(Reference.java:208)
"IPC Server handler 37 on default port 15002" daemon prio=5 tid=369 timed_waiting
java.lang.Thread.State: TIMED_WAITING
        at java.base@21.0.5/jdk.internal.misc.Unsafe.park(Native Method)
        at java.base@21.0.5/java.util.concurrent.locks.LockSupport.parkNanos(LockSupport.java:269)
        at java.base@21.0.5/java.util.concurrent.locks.AbstractQueuedSynchronizer$ConditionObject.awaitNanos(AbstractQueuedSynchronizer.java:1763)
        at java.base@21.0.5/java.util.concurrent.LinkedBlockingQueue.poll(LinkedBlockingQueue.java:460)
        at app//org.apache.hadoop.ipc.CallQueueManager.take(CallQueueManager.java:370)
        at app//org.apache.hadoop.ipc.Server$Handler.run(Server.java:3165)
"Socket Reader #2 for port 15093"  prio=5 tid=1003 runnable
java.lang.Thread.State: RUNNABLE
        at java.base@21.0.5/sun.nio.ch.EPoll.wait(Native Method)
        at java.base@21.0.5/sun.nio.ch.EPollSelectorImpl.doSelect(EPollSelectorImpl.java:121)
        at java.base@21.0.5/sun.nio.ch.SelectorImpl.lockAndDoSelect(SelectorImpl.java:130)
        at java.base@21.0.5/sun.nio.ch.SelectorImpl.select(SelectorImpl.java:147)
        at app//org.apache.hadoop.ipc.Server$Listener$Reader.doRunLoop(Server.java:1497)
        at app//org.apache.hadoop.ipc.Server$Listener$Reader.run(Server.java:1476)
"3296053d-9d54-4057-a6a8-67c4b6ec6587-DatanodeStateMachineDaemonThread" daemon prio=5 tid=645 timed_waiting
java.lang.Thread.State: TIMED_WAITING
        at java.base@21.0.5/java.lang.Thread.sleep0(Native Method)
        at java.base@21.0.5/java.lang.Thread.sleep(Thread.java:509)
        at app//org.apache.hadoop.ozone.container.common.statemachine.DatanodeStateMachine.startStateMachineThread(DatanodeStateMachine.java:358)
        at app//org.apache.hadoop.ozone.container.common.statemachine.DatanodeStateMachine.lambda$startDaemon$1(DatanodeStateMachine.java:544)
        at app//org.apache.hadoop.ozone.container.common.statemachine.DatanodeStateMachine$$Lambda/0x00007fd9cc7d49d8.run(Unknown Source)
        at java.base@21.0.5/java.lang.Thread.runWith(Thread.java:1596)
        at java.base@21.0.5/java.lang.Thread.run(Thread.java:1583)
"4b5ea8a3-88a5-4114-908f-7a85f39bc1cb-DatanodeReportManager-1" daemon prio=5 tid=693 in Object.wait()
java.lang.Thread.State: WAITING (on object monitor)
        at java.base@21.0.5/jdk.internal.misc.Unsafe.park(Native Method)
        at java.base@21.0.5/java.util.concurrent.locks.LockSupport.park(LockSupport.java:371)
        at java.base@21.0.5/java.util.concurrent.locks.AbstractQueuedSynchronizer$ConditionNode.block(AbstractQueuedSynchronizer.java:519)
        at java.base@21.0.5/java.util.concurrent.ForkJoinPool.unmanagedBlock(ForkJoinPool.java:3780)
        at java.base@21.0.5/java.util.concurrent.ForkJoinPool.managedBlock(ForkJoinPool.java:3725)
        at java.base@21.0.5/java.util.concurrent.locks.AbstractQueuedSynchronizer$ConditionObject.await(AbstractQueuedSynchronizer.java:1712)
        at java.base@21.0.5/java.util.concurrent.ScheduledThreadPoolExecutor$DelayedWorkQueue.take(ScheduledThreadPoolExecutor.java:1177)
        at java.base@21.0.5/java.util.concurrent.ScheduledThreadPoolExecutor$DelayedWorkQueue.take(ScheduledThreadPoolExecutor.java:899)
        at java.base@21.0.5/java.util.concurrent.ThreadPoolExecutor.getTask(ThreadPoolExecutor.java:1070)
        at java.base@21.0.5/java.util.concurrent.ThreadPoolExecutor.runWorker(ThreadPoolExecutor.java:1130)
        at java.base@21.0.5/java.util.concurrent.ThreadPoolExecutor$Worker.run(ThreadPoolExecutor.java:642)
        at java.base@21.0.5/java.lang.Thread.runWith(Thread.java:1596)
        at java.base@21.0.5/java.lang.Thread.run(Thread.java:1583)
"Socket Reader #4 for port 15006"  prio=5 tid=446 runnable
java.lang.Thread.State: RUNNABLE
        at java.base@21.0.5/sun.nio.ch.EPoll.wait(Native Method)
        at java.base@21.0.5/sun.nio.ch.EPollSelectorImpl.doSelect(EPollSelectorImpl.java:121)
        at java.base@21.0.5/sun.nio.ch.SelectorImpl.lockAndDoSelect(SelectorImpl.java:130)
        at java.base@21.0.5/sun.nio.ch.SelectorImpl.select(SelectorImpl.java:147)
        at app//org.apache.hadoop.ipc.Server$Listener$Reader.doRunLoop(Server.java:1497)
        at app//org.apache.hadoop.ipc.Server$Listener$Reader.run(Server.java:1476)
"StaleRecoveringContainerScrubbingService#7" daemon prio=5 tid=2859 in Object.wait()
java.lang.Thread.State: WAITING (on object monitor)
        at java.base@21.0.5/jdk.internal.misc.Unsafe.park(Native Method)
        at java.base@21.0.5/java.util.concurrent.locks.LockSupport.park(LockSupport.java:371)
        at java.base@21.0.5/java.util.concurrent.locks.AbstractQueuedSynchronizer$ConditionNode.block(AbstractQueuedSynchronizer.java:519)
        at java.base@21.0.5/java.util.concurrent.ForkJoinPool.unmanagedBlock(ForkJoinPool.java:3780)
        at java.base@21.0.5/java.util.concurrent.ForkJoinPool.managedBlock(ForkJoinPool.java:3725)
        at java.base@21.0.5/java.util.concurrent.locks.AbstractQueuedSynchronizer$ConditionObject.await(AbstractQueuedSynchronizer.java:1712)
        at java.base@21.0.5/java.util.concurrent.ScheduledThreadPoolExecutor$DelayedWorkQueue.take(ScheduledThreadPoolExecutor.java:1177)
        at java.base@21.0.5/java.util.concurrent.ScheduledThreadPoolExecutor$DelayedWorkQueue.take(ScheduledThreadPoolExecutor.java:899)
        at java.base@21.0.5/java.util.concurrent.ThreadPoolExecutor.getTask(ThreadPoolExecutor.java:1070)
        at java.base@21.0.5/java.util.concurrent.ThreadPoolExecutor.runWorker(ThreadPoolExecutor.java:1130)
        at java.base@21.0.5/java.util.concurrent.ThreadPoolExecutor$Worker.run(ThreadPoolExecutor.java:642)
        at java.base@21.0.5/java.lang.Thread.runWith(Thread.java:1596)
        at java.base@21.0.5/java.lang.Thread.run(Thread.java:1583)
"IPC Server handler 33 on default port 15000" daemon prio=5 tid=147 timed_waiting
java.lang.Thread.State: TIMED_WAITING
        at java.base@21.0.5/jdk.internal.misc.Unsafe.park(Native Method)
        at java.base@21.0.5/java.util.concurrent.locks.LockSupport.parkNanos(LockSupport.java:269)
        at java.base@21.0.5/java.util.concurrent.locks.AbstractQueuedSynchronizer$ConditionObject.awaitNanos(AbstractQueuedSynchronizer.java:1763)
        at java.base@21.0.5/java.util.concurrent.LinkedBlockingQueue.poll(LinkedBlockingQueue.java:460)
        at app//org.apache.hadoop.ipc.CallQueueManager.take(CallQueueManager.java:370)
        at app//org.apache.hadoop.ipc.Server$Handler.run(Server.java:3165)
"ContainerMetadataScanner" daemon prio=5 tid=1056 timed_waiting
java.lang.Thread.State: TIMED_WAITING
        at java.base@21.0.5/java.lang.Thread.sleep0(Native Method)
        at java.base@21.0.5/java.lang.Thread.sleep(Thread.java:509)
        at app//org.apache.hadoop.ozone.container.ozoneimpl.AbstractBackgroundContainerScanner.handleRemainingSleep(AbstractBackgroundContainerScanner.java:131)
        at app//org.apache.hadoop.ozone.container.ozoneimpl.AbstractBackgroundContainerScanner.runIteration(AbstractBackgroundContainerScanner.java:98)
        at app//org.apache.hadoop.ozone.container.ozoneimpl.AbstractBackgroundContainerScanner.run(AbstractBackgroundContainerScanner.java:57)
"4b5ea8a3-88a5-4114-908f-7a85f39bc1cb@group-33E612B207F7->751e45cc-852a-454f-97c8-e80f2befe6f4-GrpcLogAppender-LogAppenderDaemon" daemon prio=5 tid=1880 timed_waiting
java.lang.Thread.State: TIMED_WAITING
        at java.base@21.0.5/jdk.internal.misc.Unsafe.park(Native Method)
        at java.base@21.0.5/java.util.concurrent.locks.LockSupport.parkNanos(LockSupport.java:269)
        at java.base@21.0.5/java.util.concurrent.locks.AbstractQueuedSynchronizer$ConditionObject.await(AbstractQueuedSynchronizer.java:1852)
        at app//org.apache.ratis.util.AwaitForSignal.await(AwaitForSignal.java:65)
        at app//org.apache.ratis.grpc.server.GrpcLogAppender.mayWait(GrpcLogAppender.java:290)
        at app//org.apache.ratis.grpc.server.GrpcLogAppender.run(GrpcLogAppender.java:258)
        at app//org.apache.ratis.server.leader.LogAppenderDaemon.run(LogAppenderDaemon.java:80)
        at app//org.apache.ratis.server.leader.LogAppenderDaemon$$Lambda/0x00007fd9cc91b588.run(Unknown Source)
        at java.base@21.0.5/java.lang.Thread.runWith(Thread.java:1596)
        at java.base@21.0.5/java.lang.Thread.run(Thread.java:1583)
"grpc-default-worker-ELG-3-2" daemon prio=5 tid=1182 runnable
java.lang.Thread.State: RUNNABLE
        at app//org.apache.ratis.thirdparty.io.netty.channel.epoll.Native.epollWait0(Native Method)
        at app//org.apache.ratis.thirdparty.io.netty.channel.epoll.Native.epollWait(Native.java:193)
        at app//org.apache.ratis.thirdparty.io.netty.channel.epoll.EpollEventLoop.epollWait(EpollEventLoop.java:304)
        at app//org.apache.ratis.thirdparty.io.netty.channel.epoll.EpollEventLoop.run(EpollEventLoop.java:368)
        at app//org.apache.ratis.thirdparty.io.netty.util.concurrent.SingleThreadEventExecutor$4.run(SingleThreadEventExecutor.java:997)
        at app//org.apache.ratis.thirdparty.io.netty.util.internal.ThreadExecutorMap$2.run(ThreadExecutorMap.java:74)
        at app//org.apache.ratis.thirdparty.io.netty.util.concurrent.FastThreadLocalRunnable.run(FastThreadLocalRunnable.java:30)
        at java.base@21.0.5/java.lang.Thread.runWith(Thread.java:1596)
        at java.base@21.0.5/java.lang.Thread.run(Thread.java:1583)
"eca5a246-1f8f-493f-b50d-7eee1f2fec76-DatanodeReportManager-0" daemon prio=5 tid=830 in Object.wait()
java.lang.Thread.State: WAITING (on object monitor)
        at java.base@21.0.5/jdk.internal.misc.Unsafe.park(Native Method)
        at java.base@21.0.5/java.util.concurrent.locks.LockSupport.park(LockSupport.java:371)
        at java.base@21.0.5/java.util.concurrent.locks.AbstractQueuedSynchronizer$ConditionNode.block(AbstractQueuedSynchronizer.java:519)
        at java.base@21.0.5/java.util.concurrent.ForkJoinPool.unmanagedBlock(ForkJoinPool.java:3780)
        at java.base@21.0.5/java.util.concurrent.ForkJoinPool.managedBlock(ForkJoinPool.java:3725)
        at java.base@21.0.5/java.util.concurrent.locks.AbstractQueuedSynchronizer$ConditionObject.await(AbstractQueuedSynchronizer.java:1712)
        at java.base@21.0.5/java.util.concurrent.ScheduledThreadPoolExecutor$DelayedWorkQueue.take(ScheduledThreadPoolExecutor.java:1177)
        at java.base@21.0.5/java.util.concurrent.ScheduledThreadPoolExecutor$DelayedWorkQueue.take(ScheduledThreadPoolExecutor.java:899)
        at java.base@21.0.5/java.util.concurrent.ThreadPoolExecutor.getTask(ThreadPoolExecutor.java:1070)
        at java.base@21.0.5/java.util.concurrent.ThreadPoolExecutor.runWorker(ThreadPoolExecutor.java:1130)
        at java.base@21.0.5/java.util.concurrent.ThreadPoolExecutor$Worker.run(ThreadPoolExecutor.java:642)
        at java.base@21.0.5/java.lang.Thread.runWith(Thread.java:1596)
        at java.base@21.0.5/java.lang.Thread.run(Thread.java:1583)
"26f755b0-b4b1-4239-8401-e418fca9ef4b-CommandProcessorThread" daemon prio=5 tid=2520 timed_waiting
java.lang.Thread.State: TIMED_WAITING
        at java.base@21.0.5/java.lang.Thread.sleep0(Native Method)
        at java.base@21.0.5/java.lang.Thread.sleep(Thread.java:509)
        at app//org.apache.hadoop.ozone.container.common.statemachine.DatanodeStateMachine.lambda$initCommandHandlerThread$4(DatanodeStateMachine.java:670)
        at app//org.apache.hadoop.ozone.container.common.statemachine.DatanodeStateMachine$$Lambda/0x00007fd9cc7d5ae8.run(Unknown Source)
        at java.base@21.0.5/java.lang.Thread.runWith(Thread.java:1596)
        at java.base@21.0.5/java.lang.Thread.run(Thread.java:1583)
"StaleRecoveringContainerScrubbingService#9" daemon prio=5 tid=2890 in Object.wait()
java.lang.Thread.State: WAITING (on object monitor)
        at java.base@21.0.5/jdk.internal.misc.Unsafe.park(Native Method)
        at java.base@21.0.5/java.util.concurrent.locks.LockSupport.park(LockSupport.java:371)
        at java.base@21.0.5/java.util.concurrent.locks.AbstractQueuedSynchronizer$ConditionNode.block(AbstractQueuedSynchronizer.java:519)
        at java.base@21.0.5/java.util.concurrent.ForkJoinPool.unmanagedBlock(ForkJoinPool.java:3780)
        at java.base@21.0.5/java.util.concurrent.ForkJoinPool.managedBlock(ForkJoinPool.java:3725)
        at java.base@21.0.5/java.util.concurrent.locks.AbstractQueuedSynchronizer$ConditionObject.await(AbstractQueuedSynchronizer.java:1712)
        at java.base@21.0.5/java.util.concurrent.ScheduledThreadPoolExecutor$DelayedWorkQueue.take(ScheduledThreadPoolExecutor.java:1177)
        at java.base@21.0.5/java.util.concurrent.ScheduledThreadPoolExecutor$DelayedWorkQueue.take(ScheduledThreadPoolExecutor.java:899)
        at java.base@21.0.5/java.util.concurrent.ThreadPoolExecutor.getTask(ThreadPoolExecutor.java:1070)
        at java.base@21.0.5/java.util.concurrent.ThreadPoolExecutor.runWorker(ThreadPoolExecutor.java:1130)
        at java.base@21.0.5/java.util.concurrent.ThreadPoolExecutor$Worker.run(ThreadPoolExecutor.java:642)
        at java.base@21.0.5/java.lang.Thread.runWith(Thread.java:1596)
        at java.base@21.0.5/java.lang.Thread.run(Thread.java:1583)
"eca5a246-1f8f-493f-b50d-7eee1f2fec76-server-thread3" daemon prio=5 tid=2303 timed_waiting
java.lang.Thread.State: TIMED_WAITING
        at java.base@21.0.5/jdk.internal.misc.Unsafe.park(Native Method)
        at java.base@21.0.5/java.util.concurrent.locks.LockSupport.parkNanos(LockSupport.java:410)
        at java.base@21.0.5/java.util.concurrent.LinkedTransferQueue$DualNode.await(LinkedTransferQueue.java:452)
        at java.base@21.0.5/java.util.concurrent.SynchronousQueue$Transferer.xferLifo(SynchronousQueue.java:194)
        at java.base@21.0.5/java.util.concurrent.SynchronousQueue.xfer(SynchronousQueue.java:235)
        at java.base@21.0.5/java.util.concurrent.SynchronousQueue.poll(SynchronousQueue.java:338)
        at java.base@21.0.5/java.util.concurrent.ThreadPoolExecutor.getTask(ThreadPoolExecutor.java:1069)
        at java.base@21.0.5/java.util.concurrent.ThreadPoolExecutor.runWorker(ThreadPoolExecutor.java:1130)
        at java.base@21.0.5/java.util.concurrent.ThreadPoolExecutor$Worker.run(ThreadPoolExecutor.java:642)
        at java.base@21.0.5/java.lang.Thread.runWith(Thread.java:1596)
        at java.base@21.0.5/java.lang.Thread.run(Thread.java:1583)
"IPC Server handler 85 on default port 15000" daemon prio=5 tid=199 timed_waiting
java.lang.Thread.State: TIMED_WAITING
        at java.base@21.0.5/jdk.internal.misc.Unsafe.park(Native Method)
        at java.base@21.0.5/java.util.concurrent.locks.LockSupport.parkNanos(LockSupport.java:269)
        at java.base@21.0.5/java.util.concurrent.locks.AbstractQueuedSynchronizer$ConditionObject.awaitNanos(AbstractQueuedSynchronizer.java:1763)
        at java.base@21.0.5/java.util.concurrent.LinkedBlockingQueue.poll(LinkedBlockingQueue.java:460)
        at app//org.apache.hadoop.ipc.CallQueueManager.take(CallQueueManager.java:370)
        at app//org.apache.hadoop.ipc.Server$Handler.run(Server.java:3165)
"IPC Server handler 29 on default port 15000" daemon prio=5 tid=143 timed_waiting
java.lang.Thread.State: TIMED_WAITING
        at java.base@21.0.5/jdk.internal.misc.Unsafe.park(Native Method)
        at java.base@21.0.5/java.util.concurrent.locks.LockSupport.parkNanos(LockSupport.java:269)
        at java.base@21.0.5/java.util.concurrent.locks.AbstractQueuedSynchronizer$ConditionObject.awaitNanos(AbstractQueuedSynchronizer.java:1763)
        at java.base@21.0.5/java.util.concurrent.LinkedBlockingQueue.poll(LinkedBlockingQueue.java:460)
        at app//org.apache.hadoop.ipc.CallQueueManager.take(CallQueueManager.java:370)
        at app//org.apache.hadoop.ipc.Server$Handler.run(Server.java:3165)
"b6b79d51-52d7-4711-a690-06a51533978a-ChunkWriter-0-0" daemon prio=5 tid=1058 in Object.wait()
java.lang.Thread.State: WAITING (on object monitor)
        at java.base@21.0.5/jdk.internal.misc.Unsafe.park(Native Method)
        at java.base@21.0.5/java.util.concurrent.locks.LockSupport.park(LockSupport.java:371)
        at java.base@21.0.5/java.util.concurrent.locks.AbstractQueuedSynchronizer$ConditionNode.block(AbstractQueuedSynchronizer.java:519)
        at java.base@21.0.5/java.util.concurrent.ForkJoinPool.unmanagedBlock(ForkJoinPool.java:3780)
        at java.base@21.0.5/java.util.concurrent.ForkJoinPool.managedBlock(ForkJoinPool.java:3725)
        at java.base@21.0.5/java.util.concurrent.locks.AbstractQueuedSynchronizer$ConditionObject.await(AbstractQueuedSynchronizer.java:1712)
        at java.base@21.0.5/java.util.concurrent.LinkedBlockingDeque.takeFirst(LinkedBlockingDeque.java:485)
        at java.base@21.0.5/java.util.concurrent.LinkedBlockingDeque.take(LinkedBlockingDeque.java:673)
        at java.base@21.0.5/java.util.concurrent.ThreadPoolExecutor.getTask(ThreadPoolExecutor.java:1070)
        at java.base@21.0.5/java.util.concurrent.ThreadPoolExecutor.runWorker(ThreadPoolExecutor.java:1130)
        at java.base@21.0.5/java.util.concurrent.ThreadPoolExecutor$Worker.run(ThreadPoolExecutor.java:642)
        at java.base@21.0.5/java.lang.Thread.runWith(Thread.java:1596)
        at java.base@21.0.5/java.lang.Thread.run(Thread.java:1583)
"Socket Reader #10 for port 15021"  prio=5 tid=583 runnable
java.lang.Thread.State: RUNNABLE
        at java.base@21.0.5/sun.nio.ch.EPoll.wait(Native Method)
        at java.base@21.0.5/sun.nio.ch.EPollSelectorImpl.doSelect(EPollSelectorImpl.java:121)
        at java.base@21.0.5/sun.nio.ch.SelectorImpl.lockAndDoSelect(SelectorImpl.java:130)
        at java.base@21.0.5/sun.nio.ch.SelectorImpl.select(SelectorImpl.java:147)
        at app//org.apache.hadoop.ipc.Server$Listener$Reader.doRunLoop(Server.java:1497)
        at app//org.apache.hadoop.ipc.Server$Listener$Reader.run(Server.java:1476)
"Hadoop-Metrics-Updater-0" daemon prio=5 tid=818 timed_waiting
java.lang.Thread.State: TIMED_WAITING
        at java.base@21.0.5/jdk.internal.misc.Unsafe.park(Native Method)
        at java.base@21.0.5/java.util.concurrent.locks.LockSupport.parkNanos(LockSupport.java:269)
        at java.base@21.0.5/java.util.concurrent.locks.AbstractQueuedSynchronizer$ConditionObject.awaitNanos(AbstractQueuedSynchronizer.java:1763)
        at java.base@21.0.5/java.util.concurrent.ScheduledThreadPoolExecutor$DelayedWorkQueue.take(ScheduledThreadPoolExecutor.java:1182)
        at java.base@21.0.5/java.util.concurrent.ScheduledThreadPoolExecutor$DelayedWorkQueue.take(ScheduledThreadPoolExecutor.java:899)
        at java.base@21.0.5/java.util.concurrent.ThreadPoolExecutor.getTask(ThreadPoolExecutor.java:1070)
        at java.base@21.0.5/java.util.concurrent.ThreadPoolExecutor.runWorker(ThreadPoolExecutor.java:1130)
        at java.base@21.0.5/java.util.concurrent.ThreadPoolExecutor$Worker.run(ThreadPoolExecutor.java:642)
        at java.base@21.0.5/java.lang.Thread.runWith(Thread.java:1596)
        at java.base@21.0.5/java.lang.Thread.run(Thread.java:1583)
"26f755b0-b4b1-4239-8401-e418fca9ef4b-groupManagement"  prio=5 tid=2479 in Object.wait()
java.lang.Thread.State: WAITING (on object monitor)
        at java.base@21.0.5/jdk.internal.misc.Unsafe.park(Native Method)
        at java.base@21.0.5/java.util.concurrent.locks.LockSupport.park(LockSupport.java:371)
        at java.base@21.0.5/java.util.concurrent.locks.AbstractQueuedSynchronizer$ConditionNode.block(AbstractQueuedSynchronizer.java:519)
        at java.base@21.0.5/java.util.concurrent.ForkJoinPool.unmanagedBlock(ForkJoinPool.java:3780)
        at java.base@21.0.5/java.util.concurrent.ForkJoinPool.managedBlock(ForkJoinPool.java:3725)
        at java.base@21.0.5/java.util.concurrent.locks.AbstractQueuedSynchronizer$ConditionObject.await(AbstractQueuedSynchronizer.java:1712)
        at java.base@21.0.5/java.util.concurrent.LinkedBlockingQueue.take(LinkedBlockingQueue.java:435)
        at java.base@21.0.5/java.util.concurrent.ThreadPoolExecutor.getTask(ThreadPoolExecutor.java:1070)
        at java.base@21.0.5/java.util.concurrent.ThreadPoolExecutor.runWorker(ThreadPoolExecutor.java:1130)
        at java.base@21.0.5/java.util.concurrent.ThreadPoolExecutor$Worker.run(ThreadPoolExecutor.java:642)
        at java.base@21.0.5/java.lang.Thread.runWith(Thread.java:1596)
        at java.base@21.0.5/java.lang.Thread.run(Thread.java:1583)
"b6b79d51-52d7-4711-a690-06a51533978a-server-thread3" daemon prio=5 tid=1969 timed_waiting
java.lang.Thread.State: TIMED_WAITING
        at java.base@21.0.5/jdk.internal.misc.Unsafe.park(Native Method)
        at java.base@21.0.5/java.util.concurrent.locks.LockSupport.parkNanos(LockSupport.java:410)
        at java.base@21.0.5/java.util.concurrent.LinkedTransferQueue$DualNode.await(LinkedTransferQueue.java:452)
        at java.base@21.0.5/java.util.concurrent.SynchronousQueue$Transferer.xferLifo(SynchronousQueue.java:194)
        at java.base@21.0.5/java.util.concurrent.SynchronousQueue.xfer(SynchronousQueue.java:235)
        at java.base@21.0.5/java.util.concurrent.SynchronousQueue.poll(SynchronousQueue.java:338)
        at java.base@21.0.5/java.util.concurrent.ThreadPoolExecutor.getTask(ThreadPoolExecutor.java:1069)
        at java.base@21.0.5/java.util.concurrent.ThreadPoolExecutor.runWorker(ThreadPoolExecutor.java:1130)
        at java.base@21.0.5/java.util.concurrent.ThreadPoolExecutor$Worker.run(ThreadPoolExecutor.java:642)
        at java.base@21.0.5/java.lang.Thread.runWith(Thread.java:1596)
        at java.base@21.0.5/java.lang.Thread.run(Thread.java:1583)
"4b5ea8a3-88a5-4114-908f-7a85f39bc1cb-server-thread3" daemon prio=5 tid=2677 timed_waiting
java.lang.Thread.State: TIMED_WAITING
        at java.base@21.0.5/jdk.internal.misc.Unsafe.park(Native Method)
        at java.base@21.0.5/java.util.concurrent.locks.LockSupport.parkNanos(LockSupport.java:410)
        at java.base@21.0.5/java.util.concurrent.LinkedTransferQueue$DualNode.await(LinkedTransferQueue.java:452)
        at java.base@21.0.5/java.util.concurrent.SynchronousQueue$Transferer.xferLifo(SynchronousQueue.java:194)
        at java.base@21.0.5/java.util.concurrent.SynchronousQueue.xfer(SynchronousQueue.java:235)
        at java.base@21.0.5/java.util.concurrent.SynchronousQueue.poll(SynchronousQueue.java:338)
        at java.base@21.0.5/java.util.concurrent.ThreadPoolExecutor.getTask(ThreadPoolExecutor.java:1069)
        at java.base@21.0.5/java.util.concurrent.ThreadPoolExecutor.runWorker(ThreadPoolExecutor.java:1130)
        at java.base@21.0.5/java.util.concurrent.ThreadPoolExecutor$Worker.run(ThreadPoolExecutor.java:642)
        at java.base@21.0.5/java.lang.Thread.runWith(Thread.java:1596)
        at java.base@21.0.5/java.lang.Thread.run(Thread.java:1583)
"eca5a246-1f8f-493f-b50d-7eee1f2fec76-ChunkWriter-0-0" daemon prio=5 tid=1100 in Object.wait()
java.lang.Thread.State: WAITING (on object monitor)
        at java.base@21.0.5/jdk.internal.misc.Unsafe.park(Native Method)
        at java.base@21.0.5/java.util.concurrent.locks.LockSupport.park(LockSupport.java:371)
        at java.base@21.0.5/java.util.concurrent.locks.AbstractQueuedSynchronizer$ConditionNode.block(AbstractQueuedSynchronizer.java:519)
        at java.base@21.0.5/java.util.concurrent.ForkJoinPool.unmanagedBlock(ForkJoinPool.java:3780)
        at java.base@21.0.5/java.util.concurrent.ForkJoinPool.managedBlock(ForkJoinPool.java:3725)
        at java.base@21.0.5/java.util.concurrent.locks.AbstractQueuedSynchronizer$ConditionObject.await(AbstractQueuedSynchronizer.java:1712)
        at java.base@21.0.5/java.util.concurrent.LinkedBlockingDeque.takeFirst(LinkedBlockingDeque.java:485)
        at java.base@21.0.5/java.util.concurrent.LinkedBlockingDeque.take(LinkedBlockingDeque.java:673)
        at java.base@21.0.5/java.util.concurrent.ThreadPoolExecutor.getTask(ThreadPoolExecutor.java:1070)
        at java.base@21.0.5/java.util.concurrent.ThreadPoolExecutor.runWorker(ThreadPoolExecutor.java:1130)
        at java.base@21.0.5/java.util.concurrent.ThreadPoolExecutor$Worker.run(ThreadPoolExecutor.java:642)
        at java.base@21.0.5/java.lang.Thread.runWith(Thread.java:1596)
        at java.base@21.0.5/java.lang.Thread.run(Thread.java:1583)
"IPC Server handler 43 on default port 15000" daemon prio=5 tid=157 timed_waiting
java.lang.Thread.State: TIMED_WAITING
        at java.base@21.0.5/jdk.internal.misc.Unsafe.park(Native Method)
        at java.base@21.0.5/java.util.concurrent.locks.LockSupport.parkNanos(LockSupport.java:269)
        at java.base@21.0.5/java.util.concurrent.locks.AbstractQueuedSynchronizer$ConditionObject.awaitNanos(AbstractQueuedSynchronizer.java:1763)
        at java.base@21.0.5/java.util.concurrent.LinkedBlockingQueue.poll(LinkedBlockingQueue.java:460)
        at app//org.apache.hadoop.ipc.CallQueueManager.take(CallQueueManager.java:370)
        at app//org.apache.hadoop.ipc.Server$Handler.run(Server.java:3165)
"RatisPipelineUtilsThread-0"  prio=5 tid=48 timed_waiting
java.lang.Thread.State: TIMED_WAITING
        at java.base@21.0.5/java.lang.Object.wait0(Native Method)
        at java.base@21.0.5/java.lang.Object.wait(Unknown Source)
        at app//org.apache.hadoop.hdds.scm.pipeline.BackgroundPipelineCreator.run(BackgroundPipelineCreator.java:179)
        at app//org.apache.hadoop.hdds.scm.pipeline.BackgroundPipelineCreator$$Lambda/0x00007fd9cc4a3c00.run(Unknown Source)
        at java.base@21.0.5/java.lang.Thread.runWith(Thread.java:1596)
        at java.base@21.0.5/java.lang.Thread.run(Thread.java:1583)
"b6b79d51-52d7-4711-a690-06a51533978a@group-A6DF87581CD1-StateMachineUpdater" daemon prio=5 tid=1332 timed_waiting
java.lang.Thread.State: TIMED_WAITING
        at java.base@21.0.5/jdk.internal.misc.Unsafe.park(Native Method)
        at java.base@21.0.5/java.util.concurrent.locks.LockSupport.parkNanos(LockSupport.java:269)
        at java.base@21.0.5/java.util.concurrent.locks.AbstractQueuedSynchronizer$ConditionObject.await(AbstractQueuedSynchronizer.java:1852)
        at app//org.apache.ratis.util.AwaitForSignal.await(AwaitForSignal.java:65)
        at app//org.apache.ratis.server.impl.StateMachineUpdater.waitForCommit(StateMachineUpdater.java:219)
        at app//org.apache.ratis.server.impl.StateMachineUpdater.run(StateMachineUpdater.java:187)
        at java.base@21.0.5/java.lang.Thread.runWith(Thread.java:1596)
        at java.base@21.0.5/java.lang.Thread.run(Thread.java:1583)
"IPC Server handler 0 on default port 15006" daemon prio=5 tid=491 timed_waiting
java.lang.Thread.State: TIMED_WAITING
        at java.base@21.0.5/jdk.internal.misc.Unsafe.park(Native Method)
        at java.base@21.0.5/java.util.concurrent.locks.LockSupport.parkNanos(LockSupport.java:269)
        at java.base@21.0.5/java.util.concurrent.locks.AbstractQueuedSynchronizer$ConditionObject.awaitNanos(AbstractQueuedSynchronizer.java:1763)
        at java.base@21.0.5/java.util.concurrent.LinkedBlockingQueue.poll(LinkedBlockingQueue.java:460)
        at app//org.apache.hadoop.ipc.CallQueueManager.take(CallQueueManager.java:370)
        at app//org.apache.hadoop.ipc.Server$Handler.run(Server.java:3165)
"ContainerMetadataScanner" daemon prio=5 tid=1098 timed_waiting
java.lang.Thread.State: TIMED_WAITING
        at java.base@21.0.5/java.lang.Thread.sleep0(Native Method)
        at java.base@21.0.5/java.lang.Thread.sleep(Thread.java:509)
        at app//org.apache.hadoop.ozone.container.ozoneimpl.AbstractBackgroundContainerScanner.handleRemainingSleep(AbstractBackgroundContainerScanner.java:131)
        at app//org.apache.hadoop.ozone.container.ozoneimpl.AbstractBackgroundContainerScanner.runIteration(AbstractBackgroundContainerScanner.java:98)
        at app//org.apache.hadoop.ozone.container.ozoneimpl.AbstractBackgroundContainerScanner.run(AbstractBackgroundContainerScanner.java:57)
"Socket Reader #7 for port 15075"  prio=5 tid=2498 runnable
java.lang.Thread.State: RUNNABLE
        at java.base@21.0.5/sun.nio.ch.EPoll.wait(Native Method)
        at java.base@21.0.5/sun.nio.ch.EPollSelectorImpl.doSelect(EPollSelectorImpl.java:121)
        at java.base@21.0.5/sun.nio.ch.SelectorImpl.lockAndDoSelect(SelectorImpl.java:130)
        at java.base@21.0.5/sun.nio.ch.SelectorImpl.select(SelectorImpl.java:147)
        at app//org.apache.hadoop.ipc.Server$Listener$Reader.doRunLoop(Server.java:1497)
        at app//org.apache.hadoop.ipc.Server$Listener$Reader.run(Server.java:1476)
"751e45cc-852a-454f-97c8-e80f2befe6f4@group-1CB239B5D031-SegmentedRaftLogWorker" daemon prio=5 tid=1324 timed_waiting
java.lang.Thread.State: TIMED_WAITING
        at java.base@21.0.5/jdk.internal.misc.Unsafe.park(Native Method)
        at java.base@21.0.5/java.util.concurrent.locks.LockSupport.parkNanos(LockSupport.java:269)
        at java.base@21.0.5/java.util.concurrent.locks.AbstractQueuedSynchronizer$ConditionObject.awaitNanos(AbstractQueuedSynchronizer.java:1763)
        at app//org.apache.ratis.util.DataBlockingQueue.poll(DataBlockingQueue.java:148)
        at app//org.apache.ratis.server.raftlog.segmented.SegmentedRaftLogWorker.run(SegmentedRaftLogWorker.java:307)
        at app//org.apache.ratis.server.raftlog.segmented.SegmentedRaftLogWorker$$Lambda/0x00007fd9cc334298.run(Unknown Source)
        at java.base@21.0.5/java.util.concurrent.Executors$RunnableAdapter.call(Executors.java:572)
        at java.base@21.0.5/java.util.concurrent.FutureTask.run(FutureTask.java:317)
        at java.base@21.0.5/java.util.concurrent.ThreadPoolExecutor.runWorker(ThreadPoolExecutor.java:1144)
        at java.base@21.0.5/java.util.concurrent.ThreadPoolExecutor$Worker.run(ThreadPoolExecutor.java:642)
        at java.base@21.0.5/java.lang.Thread.runWith(Thread.java:1596)
        at java.base@21.0.5/java.lang.Thread.run(Thread.java:1583)
"IPC Server handler 4 on default port 15021" daemon prio=5 tid=591 timed_waiting
java.lang.Thread.State: TIMED_WAITING
        at java.base@21.0.5/jdk.internal.misc.Unsafe.park(Native Method)
        at java.base@21.0.5/java.util.concurrent.locks.LockSupport.parkNanos(LockSupport.java:269)
        at java.base@21.0.5/java.util.concurrent.locks.AbstractQueuedSynchronizer$ConditionObject.awaitNanos(AbstractQueuedSynchronizer.java:1763)
        at java.base@21.0.5/java.util.concurrent.LinkedBlockingQueue.poll(LinkedBlockingQueue.java:460)
        at app//org.apache.hadoop.ipc.CallQueueManager.take(CallQueueManager.java:370)
        at app//org.apache.hadoop.ipc.Server$Handler.run(Server.java:3165)
"org.apache.hadoop.ozone.container.common.statemachine.commandhandler.DeleteBlocksCommandHandler$DeleteCmdWorker@7b7039ac" daemon prio=5 tid=656 timed_waiting
java.lang.Thread.State: TIMED_WAITING
        at java.base@21.0.5/java.lang.Thread.sleep0(Native Method)
        at java.base@21.0.5/java.lang.Thread.sleep(Thread.java:509)
        at app//org.apache.hadoop.ozone.container.common.statemachine.commandhandler.DeleteBlocksCommandHandler$DeleteCmdWorker.run(DeleteBlocksCommandHandler.java:264)
        at java.base@21.0.5/java.lang.Thread.runWith(Thread.java:1596)
        at java.base@21.0.5/java.lang.Thread.run(Thread.java:1583)
"b6b79d51-52d7-4711-a690-06a51533978a-ChunkReader-ELG-0" daemon prio=5 tid=1063 runnable
java.lang.Thread.State: RUNNABLE
        at app//org.apache.ratis.thirdparty.io.netty.channel.epoll.Native.epollWait0(Native Method)
        at app//org.apache.ratis.thirdparty.io.netty.channel.epoll.Native.epollWait(Native.java:193)
        at app//org.apache.ratis.thirdparty.io.netty.channel.epoll.EpollEventLoop.epollWait(EpollEventLoop.java:304)
        at app//org.apache.ratis.thirdparty.io.netty.channel.epoll.EpollEventLoop.run(EpollEventLoop.java:368)
        at app//org.apache.ratis.thirdparty.io.netty.util.concurrent.SingleThreadEventExecutor$4.run(SingleThreadEventExecutor.java:997)
        at app//org.apache.ratis.thirdparty.io.netty.util.internal.ThreadExecutorMap$2.run(ThreadExecutorMap.java:74)
        at java.base@21.0.5/java.lang.Thread.runWith(Thread.java:1596)
        at java.base@21.0.5/java.lang.Thread.run(Thread.java:1583)
"79978ed1-1a5c-4832-b584-9e2d85f03cd7-ChunkReader-3" daemon prio=5 tid=2898 in Object.wait()
java.lang.Thread.State: WAITING (on object monitor)
        at java.base@21.0.5/jdk.internal.misc.Unsafe.park(Native Method)
        at java.base@21.0.5/java.util.concurrent.locks.LockSupport.park(LockSupport.java:371)
        at java.base@21.0.5/java.util.concurrent.locks.AbstractQueuedSynchronizer$ConditionNode.block(AbstractQueuedSynchronizer.java:519)
        at java.base@21.0.5/java.util.concurrent.ForkJoinPool.unmanagedBlock(ForkJoinPool.java:3780)
        at java.base@21.0.5/java.util.concurrent.ForkJoinPool.managedBlock(ForkJoinPool.java:3725)
        at java.base@21.0.5/java.util.concurrent.locks.AbstractQueuedSynchronizer$ConditionObject.await(AbstractQueuedSynchronizer.java:1712)
        at java.base@21.0.5/java.util.concurrent.LinkedBlockingQueue.take(LinkedBlockingQueue.java:435)
        at java.base@21.0.5/java.util.concurrent.ThreadPoolExecutor.getTask(ThreadPoolExecutor.java:1070)
        at java.base@21.0.5/java.util.concurrent.ThreadPoolExecutor.runWorker(ThreadPoolExecutor.java:1130)
        at java.base@21.0.5/java.util.concurrent.ThreadPoolExecutor$Worker.run(ThreadPoolExecutor.java:642)
        at java.base@21.0.5/java.lang.Thread.runWith(Thread.java:1596)
        at java.base@21.0.5/java.lang.Thread.run(Thread.java:1583)
"ac32094a-198b-4072-99dd-552311e88daf-ChunkReader-2" daemon prio=5 tid=2070 in Object.wait()
java.lang.Thread.State: WAITING (on object monitor)
        at java.base@21.0.5/jdk.internal.misc.Unsafe.park(Native Method)
        at java.base@21.0.5/java.util.concurrent.locks.LockSupport.park(LockSupport.java:371)
        at java.base@21.0.5/java.util.concurrent.locks.AbstractQueuedSynchronizer$ConditionNode.block(AbstractQueuedSynchronizer.java:519)
        at java.base@21.0.5/java.util.concurrent.ForkJoinPool.unmanagedBlock(ForkJoinPool.java:3780)
        at java.base@21.0.5/java.util.concurrent.ForkJoinPool.managedBlock(ForkJoinPool.java:3725)
        at java.base@21.0.5/java.util.concurrent.locks.AbstractQueuedSynchronizer$ConditionObject.await(AbstractQueuedSynchronizer.java:1712)
        at java.base@21.0.5/java.util.concurrent.LinkedBlockingQueue.take(LinkedBlockingQueue.java:435)
        at java.base@21.0.5/java.util.concurrent.ThreadPoolExecutor.getTask(ThreadPoolExecutor.java:1070)
        at java.base@21.0.5/java.util.concurrent.ThreadPoolExecutor.runWorker(ThreadPoolExecutor.java:1130)
        at java.base@21.0.5/java.util.concurrent.ThreadPoolExecutor$Worker.run(ThreadPoolExecutor.java:642)
        at java.base@21.0.5/java.lang.Thread.runWith(Thread.java:1596)
        at java.base@21.0.5/java.lang.Thread.run(Thread.java:1583)
"Socket Reader #3 for port 15075"  prio=5 tid=2494 runnable
java.lang.Thread.State: RUNNABLE
        at java.base@21.0.5/sun.nio.ch.EPoll.wait(Native Method)
        at java.base@21.0.5/sun.nio.ch.EPollSelectorImpl.doSelect(EPollSelectorImpl.java:121)
        at java.base@21.0.5/sun.nio.ch.SelectorImpl.lockAndDoSelect(SelectorImpl.java:130)
        at java.base@21.0.5/sun.nio.ch.SelectorImpl.select(SelectorImpl.java:147)
        at app//org.apache.hadoop.ipc.Server$Listener$Reader.doRunLoop(Server.java:1497)
        at app//org.apache.hadoop.ipc.Server$Listener$Reader.run(Server.java:1476)
"IPC Server handler 6 on default port 15001" daemon prio=5 tid=220 timed_waiting
java.lang.Thread.State: TIMED_WAITING
        at java.base@21.0.5/jdk.internal.misc.Unsafe.park(Native Method)
        at java.base@21.0.5/java.util.concurrent.locks.LockSupport.parkNanos(LockSupport.java:269)
        at java.base@21.0.5/java.util.concurrent.locks.AbstractQueuedSynchronizer$ConditionObject.awaitNanos(AbstractQueuedSynchronizer.java:1763)
        at java.base@21.0.5/java.util.concurrent.LinkedBlockingQueue.poll(LinkedBlockingQueue.java:460)
        at app//org.apache.hadoop.ipc.CallQueueManager.take(CallQueueManager.java:370)
        at app//org.apache.hadoop.ipc.Server$Handler.run(Server.java:3165)
"StaleRecoveringContainerScrubbingService#9" daemon prio=5 tid=2891 in Object.wait()
java.lang.Thread.State: WAITING (on object monitor)
        at java.base@21.0.5/jdk.internal.misc.Unsafe.park(Native Method)
        at java.base@21.0.5/java.util.concurrent.locks.LockSupport.park(LockSupport.java:371)
        at java.base@21.0.5/java.util.concurrent.locks.AbstractQueuedSynchronizer$ConditionNode.block(AbstractQueuedSynchronizer.java:519)
        at java.base@21.0.5/java.util.concurrent.ForkJoinPool.unmanagedBlock(ForkJoinPool.java:3780)
        at java.base@21.0.5/java.util.concurrent.ForkJoinPool.managedBlock(ForkJoinPool.java:3725)
        at java.base@21.0.5/java.util.concurrent.locks.AbstractQueuedSynchronizer$ConditionObject.await(AbstractQueuedSynchronizer.java:1712)
        at java.base@21.0.5/java.util.concurrent.ScheduledThreadPoolExecutor$DelayedWorkQueue.take(ScheduledThreadPoolExecutor.java:1177)
        at java.base@21.0.5/java.util.concurrent.ScheduledThreadPoolExecutor$DelayedWorkQueue.take(ScheduledThreadPoolExecutor.java:899)
        at java.base@21.0.5/java.util.concurrent.ThreadPoolExecutor.getTask(ThreadPoolExecutor.java:1070)
        at java.base@21.0.5/java.util.concurrent.ThreadPoolExecutor.runWorker(ThreadPoolExecutor.java:1130)
        at java.base@21.0.5/java.util.concurrent.ThreadPoolExecutor$Worker.run(ThreadPoolExecutor.java:642)
        at java.base@21.0.5/java.lang.Thread.runWith(Thread.java:1596)
        at java.base@21.0.5/java.lang.Thread.run(Thread.java:1583)
"3296053d-9d54-4057-a6a8-67c4b6ec6587-ec-reconstruct-reader-TID-2"  prio=5 tid=2457 in Object.wait()
java.lang.Thread.State: WAITING (on object monitor)
        at java.base@21.0.5/jdk.internal.misc.Unsafe.park(Native Method)
        at java.base@21.0.5/java.util.concurrent.locks.LockSupport.park(LockSupport.java:371)
        at java.base@21.0.5/java.util.concurrent.LinkedTransferQueue$DualNode.await(LinkedTransferQueue.java:458)
        at java.base@21.0.5/java.util.concurrent.SynchronousQueue$Transferer.xferLifo(SynchronousQueue.java:194)
        at java.base@21.0.5/java.util.concurrent.SynchronousQueue.xfer(SynchronousQueue.java:235)
        at java.base@21.0.5/java.util.concurrent.SynchronousQueue.take(SynchronousQueue.java:318)
        at java.base@21.0.5/java.util.concurrent.ThreadPoolExecutor.getTask(ThreadPoolExecutor.java:1070)
        at java.base@21.0.5/java.util.concurrent.ThreadPoolExecutor.runWorker(ThreadPoolExecutor.java:1130)
        at java.base@21.0.5/java.util.concurrent.ThreadPoolExecutor$Worker.run(ThreadPoolExecutor.java:642)
        at java.base@21.0.5/java.lang.Thread.runWith(Thread.java:1596)
        at java.base@21.0.5/java.lang.Thread.run(Thread.java:1583)
"3296053d-9d54-4057-a6a8-67c4b6ec6587-server-thread2" daemon prio=5 tid=1828 timed_waiting
java.lang.Thread.State: TIMED_WAITING
        at java.base@21.0.5/jdk.internal.misc.Unsafe.park(Native Method)
        at java.base@21.0.5/java.util.concurrent.locks.LockSupport.parkNanos(LockSupport.java:410)
        at java.base@21.0.5/java.util.concurrent.LinkedTransferQueue$DualNode.await(LinkedTransferQueue.java:452)
        at java.base@21.0.5/java.util.concurrent.SynchronousQueue$Transferer.xferLifo(SynchronousQueue.java:194)
        at java.base@21.0.5/java.util.concurrent.SynchronousQueue.xfer(SynchronousQueue.java:235)
        at java.base@21.0.5/java.util.concurrent.SynchronousQueue.poll(SynchronousQueue.java:338)
        at java.base@21.0.5/java.util.concurrent.ThreadPoolExecutor.getTask(ThreadPoolExecutor.java:1069)
        at java.base@21.0.5/java.util.concurrent.ThreadPoolExecutor.runWorker(ThreadPoolExecutor.java:1130)
        at java.base@21.0.5/java.util.concurrent.ThreadPoolExecutor$Worker.run(ThreadPoolExecutor.java:642)
        at java.base@21.0.5/java.lang.Thread.runWith(Thread.java:1596)
        at java.base@21.0.5/java.lang.Thread.run(Thread.java:1583)
"StaleRecoveringContainerScrubbingService#7" daemon prio=5 tid=2901 in Object.wait()
java.lang.Thread.State: WAITING (on object monitor)
        at java.base@21.0.5/jdk.internal.misc.Unsafe.park(Native Method)
        at java.base@21.0.5/java.util.concurrent.locks.LockSupport.park(LockSupport.java:371)
        at java.base@21.0.5/java.util.concurrent.locks.AbstractQueuedSynchronizer$ConditionNode.block(AbstractQueuedSynchronizer.java:519)
        at java.base@21.0.5/java.util.concurrent.ForkJoinPool.unmanagedBlock(ForkJoinPool.java:3780)
        at java.base@21.0.5/java.util.concurrent.ForkJoinPool.managedBlock(ForkJoinPool.java:3725)
        at java.base@21.0.5/java.util.concurrent.locks.AbstractQueuedSynchronizer$ConditionObject.await(AbstractQueuedSynchronizer.java:1712)
        at java.base@21.0.5/java.util.concurrent.ScheduledThreadPoolExecutor$DelayedWorkQueue.take(ScheduledThreadPoolExecutor.java:1177)
        at java.base@21.0.5/java.util.concurrent.ScheduledThreadPoolExecutor$DelayedWorkQueue.take(ScheduledThreadPoolExecutor.java:899)
        at java.base@21.0.5/java.util.concurrent.ThreadPoolExecutor.getTask(ThreadPoolExecutor.java:1070)
        at java.base@21.0.5/java.util.concurrent.ThreadPoolExecutor.runWorker(ThreadPoolExecutor.java:1130)
        at java.base@21.0.5/java.util.concurrent.ThreadPoolExecutor$Worker.run(ThreadPoolExecutor.java:642)
        at java.base@21.0.5/java.lang.Thread.runWith(Thread.java:1596)
        at java.base@21.0.5/java.lang.Thread.run(Thread.java:1583)
"timer5" daemon prio=5 tid=1827 timed_waiting
java.lang.Thread.State: TIMED_WAITING
        at java.base@21.0.5/java.lang.Object.wait0(Native Method)
        at java.base@21.0.5/java.lang.Object.wait(Object.java:366)
        at java.base@21.0.5/java.util.TimerThread.mainLoop(Timer.java:563)
        at java.base@21.0.5/java.util.TimerThread.run(Timer.java:516)
"IPC Server handler 15 on default port 15001" daemon prio=5 tid=229 timed_waiting
java.lang.Thread.State: TIMED_WAITING
        at java.base@21.0.5/jdk.internal.misc.Unsafe.park(Native Method)
        at java.base@21.0.5/java.util.concurrent.locks.LockSupport.parkNanos(LockSupport.java:269)
        at java.base@21.0.5/java.util.concurrent.locks.AbstractQueuedSynchronizer$ConditionObject.awaitNanos(AbstractQueuedSynchronizer.java:1763)
        at java.base@21.0.5/java.util.concurrent.LinkedBlockingQueue.poll(LinkedBlockingQueue.java:460)
        at app//org.apache.hadoop.ipc.CallQueueManager.take(CallQueueManager.java:370)
        at app//org.apache.hadoop.ipc.Server$Handler.run(Server.java:3165)
"IPC Server Responder" daemon prio=5 tid=81 runnable
java.lang.Thread.State: RUNNABLE
        at java.base@21.0.5/sun.nio.ch.EPoll.wait(Native Method)
        at java.base@21.0.5/sun.nio.ch.EPollSelectorImpl.doSelect(EPollSelectorImpl.java:121)
        at java.base@21.0.5/sun.nio.ch.SelectorImpl.lockAndDoSelect(SelectorImpl.java:130)
        at java.base@21.0.5/sun.nio.ch.SelectorImpl.select(SelectorImpl.java:142)
        at app//org.apache.hadoop.ipc.Server$Responder.doRunLoop(Server.java:1733)
        at app//org.apache.hadoop.ipc.Server$Responder.run(Server.java:1716)
"IPC Server handler 47 on default port 15001" daemon prio=5 tid=261 timed_waiting
java.lang.Thread.State: TIMED_WAITING
        at java.base@21.0.5/jdk.internal.misc.Unsafe.park(Native Method)
        at java.base@21.0.5/java.util.concurrent.locks.LockSupport.parkNanos(LockSupport.java:269)
        at java.base@21.0.5/java.util.concurrent.locks.AbstractQueuedSynchronizer$ConditionObject.awaitNanos(AbstractQueuedSynchronizer.java:1763)
        at java.base@21.0.5/java.util.concurrent.LinkedBlockingQueue.poll(LinkedBlockingQueue.java:460)
        at app//org.apache.hadoop.ipc.CallQueueManager.take(CallQueueManager.java:370)
        at app//org.apache.hadoop.ipc.Server$Handler.run(Server.java:3165)
"b6b79d51-52d7-4711-a690-06a51533978a-server-thread2" daemon prio=5 tid=1967 timed_waiting
java.lang.Thread.State: TIMED_WAITING
        at java.base@21.0.5/jdk.internal.misc.Unsafe.park(Native Method)
        at java.base@21.0.5/java.util.concurrent.locks.LockSupport.parkNanos(LockSupport.java:410)
        at java.base@21.0.5/java.util.concurrent.LinkedTransferQueue$DualNode.await(LinkedTransferQueue.java:452)
        at java.base@21.0.5/java.util.concurrent.SynchronousQueue$Transferer.xferLifo(SynchronousQueue.java:194)
        at java.base@21.0.5/java.util.concurrent.SynchronousQueue.xfer(SynchronousQueue.java:235)
        at java.base@21.0.5/java.util.concurrent.SynchronousQueue.poll(SynchronousQueue.java:338)
        at java.base@21.0.5/java.util.concurrent.ThreadPoolExecutor.getTask(ThreadPoolExecutor.java:1069)
        at java.base@21.0.5/java.util.concurrent.ThreadPoolExecutor.runWorker(ThreadPoolExecutor.java:1130)
        at java.base@21.0.5/java.util.concurrent.ThreadPoolExecutor$Worker.run(ThreadPoolExecutor.java:642)
        at java.base@21.0.5/java.lang.Thread.runWith(Thread.java:1596)
        at java.base@21.0.5/java.lang.Thread.run(Thread.java:1583)
"IPC Server handler 85 on default port 15002" daemon prio=5 tid=417 timed_waiting
java.lang.Thread.State: TIMED_WAITING
        at java.base@21.0.5/jdk.internal.misc.Unsafe.park(Native Method)
        at java.base@21.0.5/java.util.concurrent.locks.LockSupport.parkNanos(LockSupport.java:269)
        at java.base@21.0.5/java.util.concurrent.locks.AbstractQueuedSynchronizer$ConditionObject.awaitNanos(AbstractQueuedSynchronizer.java:1763)
        at java.base@21.0.5/java.util.concurrent.LinkedBlockingQueue.poll(LinkedBlockingQueue.java:460)
        at app//org.apache.hadoop.ipc.CallQueueManager.take(CallQueueManager.java:370)
        at app//org.apache.hadoop.ipc.Server$Handler.run(Server.java:3165)
"eca5a246-1f8f-493f-b50d-7eee1f2fec76-ChunkReader-6" daemon prio=5 tid=2443 in Object.wait()
java.lang.Thread.State: WAITING (on object monitor)
        at java.base@21.0.5/jdk.internal.misc.Unsafe.park(Native Method)
        at java.base@21.0.5/java.util.concurrent.locks.LockSupport.park(LockSupport.java:371)
        at java.base@21.0.5/java.util.concurrent.locks.AbstractQueuedSynchronizer$ConditionNode.block(AbstractQueuedSynchronizer.java:519)
        at java.base@21.0.5/java.util.concurrent.ForkJoinPool.unmanagedBlock(ForkJoinPool.java:3780)
        at java.base@21.0.5/java.util.concurrent.ForkJoinPool.managedBlock(ForkJoinPool.java:3725)
        at java.base@21.0.5/java.util.concurrent.locks.AbstractQueuedSynchronizer$ConditionObject.await(AbstractQueuedSynchronizer.java:1712)
        at java.base@21.0.5/java.util.concurrent.LinkedBlockingQueue.take(LinkedBlockingQueue.java:435)
        at java.base@21.0.5/java.util.concurrent.ThreadPoolExecutor.getTask(ThreadPoolExecutor.java:1070)
        at java.base@21.0.5/java.util.concurrent.ThreadPoolExecutor.runWorker(ThreadPoolExecutor.java:1130)
        at java.base@21.0.5/java.util.concurrent.ThreadPoolExecutor$Worker.run(ThreadPoolExecutor.java:642)
        at java.base@21.0.5/java.lang.Thread.runWith(Thread.java:1596)
        at java.base@21.0.5/java.lang.Thread.run(Thread.java:1583)
"IPC Server handler 33 on default port 15002" daemon prio=5 tid=365 timed_waiting
java.lang.Thread.State: TIMED_WAITING
        at java.base@21.0.5/jdk.internal.misc.Unsafe.park(Native Method)
        at java.base@21.0.5/java.util.concurrent.locks.LockSupport.parkNanos(LockSupport.java:269)
        at java.base@21.0.5/java.util.concurrent.locks.AbstractQueuedSynchronizer$ConditionObject.awaitNanos(AbstractQueuedSynchronizer.java:1763)
        at java.base@21.0.5/java.util.concurrent.LinkedBlockingQueue.poll(LinkedBlockingQueue.java:460)
        at app//org.apache.hadoop.ipc.CallQueueManager.take(CallQueueManager.java:370)
        at app//org.apache.hadoop.ipc.Server$Handler.run(Server.java:3165)
"IPC Server handler 45 on default port 15000" daemon prio=5 tid=159 timed_waiting
java.lang.Thread.State: TIMED_WAITING
        at java.base@21.0.5/jdk.internal.misc.Unsafe.park(Native Method)
        at java.base@21.0.5/java.util.concurrent.locks.LockSupport.parkNanos(LockSupport.java:269)
        at java.base@21.0.5/java.util.concurrent.locks.AbstractQueuedSynchronizer$ConditionObject.awaitNanos(AbstractQueuedSynchronizer.java:1763)
        at java.base@21.0.5/java.util.concurrent.LinkedBlockingQueue.poll(LinkedBlockingQueue.java:460)
        at app//org.apache.hadoop.ipc.CallQueueManager.take(CallQueueManager.java:370)
        at app//org.apache.hadoop.ipc.Server$Handler.run(Server.java:3165)
"IPC Server handler 94 on default port 15001" daemon prio=5 tid=308 timed_waiting
java.lang.Thread.State: TIMED_WAITING
        at java.base@21.0.5/jdk.internal.misc.Unsafe.park(Native Method)
        at java.base@21.0.5/java.util.concurrent.locks.LockSupport.parkNanos(LockSupport.java:269)
        at java.base@21.0.5/java.util.concurrent.locks.AbstractQueuedSynchronizer$ConditionObject.awaitNanos(AbstractQueuedSynchronizer.java:1763)
        at java.base@21.0.5/java.util.concurrent.LinkedBlockingQueue.poll(LinkedBlockingQueue.java:460)
        at app//org.apache.hadoop.ipc.CallQueueManager.take(CallQueueManager.java:370)
        at app//org.apache.hadoop.ipc.Server$Handler.run(Server.java:3165)
"IPC Server handler 94 on default port 15002" daemon prio=5 tid=426 timed_waiting
java.lang.Thread.State: TIMED_WAITING
        at java.base@21.0.5/jdk.internal.misc.Unsafe.park(Native Method)
        at java.base@21.0.5/java.util.concurrent.locks.LockSupport.parkNanos(LockSupport.java:269)
        at java.base@21.0.5/java.util.concurrent.locks.AbstractQueuedSynchronizer$ConditionObject.awaitNanos(AbstractQueuedSynchronizer.java:1763)
        at java.base@21.0.5/java.util.concurrent.LinkedBlockingQueue.poll(LinkedBlockingQueue.java:460)
        at app//org.apache.hadoop.ipc.CallQueueManager.take(CallQueueManager.java:370)
        at app//org.apache.hadoop.ipc.Server$Handler.run(Server.java:3165)
"qtp1768621734-521" daemon prio=5 tid=521 timed_waiting
java.lang.Thread.State: TIMED_WAITING
        at java.base@21.0.5/jdk.internal.misc.Unsafe.park(Native Method)
        at java.base@21.0.5/java.util.concurrent.locks.LockSupport.parkNanos(LockSupport.java:269)
        at java.base@21.0.5/java.util.concurrent.locks.AbstractQueuedSynchronizer$ConditionObject.awaitNanos(AbstractQueuedSynchronizer.java:1763)
        at app//org.eclipse.jetty.util.BlockingArrayQueue.poll(BlockingArrayQueue.java:382)
        at app//org.eclipse.jetty.util.thread.QueuedThreadPool$Runner.idleJobPoll(QueuedThreadPool.java:974)
        at app//org.eclipse.jetty.util.thread.QueuedThreadPool$Runner.run(QueuedThreadPool.java:1018)
        at java.base@21.0.5/java.lang.Thread.runWith(Thread.java:1596)
        at java.base@21.0.5/java.lang.Thread.run(Thread.java:1583)
"IPC Server handler 9 on default port 15000" daemon prio=5 tid=123 timed_waiting
java.lang.Thread.State: TIMED_WAITING
        at java.base@21.0.5/jdk.internal.misc.Unsafe.park(Native Method)
        at java.base@21.0.5/java.util.concurrent.locks.LockSupport.parkNanos(LockSupport.java:269)
        at java.base@21.0.5/java.util.concurrent.locks.AbstractQueuedSynchronizer$ConditionObject.awaitNanos(AbstractQueuedSynchronizer.java:1763)
        at java.base@21.0.5/java.util.concurrent.LinkedBlockingQueue.poll(LinkedBlockingQueue.java:460)
        at app//org.apache.hadoop.ipc.CallQueueManager.take(CallQueueManager.java:370)
        at app//org.apache.hadoop.ipc.Server$Handler.run(Server.java:3165)
"Hadoop-Metrics-Updater-0" daemon prio=5 tid=634 timed_waiting
java.lang.Thread.State: TIMED_WAITING
        at java.base@21.0.5/jdk.internal.misc.Unsafe.park(Native Method)
        at java.base@21.0.5/java.util.concurrent.locks.LockSupport.parkNanos(LockSupport.java:269)
        at java.base@21.0.5/java.util.concurrent.locks.AbstractQueuedSynchronizer$ConditionObject.awaitNanos(AbstractQueuedSynchronizer.java:1763)
        at java.base@21.0.5/java.util.concurrent.ScheduledThreadPoolExecutor$DelayedWorkQueue.take(ScheduledThreadPoolExecutor.java:1182)
        at java.base@21.0.5/java.util.concurrent.ScheduledThreadPoolExecutor$DelayedWorkQueue.take(ScheduledThreadPoolExecutor.java:899)
        at java.base@21.0.5/java.util.concurrent.ThreadPoolExecutor.getTask(ThreadPoolExecutor.java:1070)
        at java.base@21.0.5/java.util.concurrent.ThreadPoolExecutor.runWorker(ThreadPoolExecutor.java:1130)
        at java.base@21.0.5/java.util.concurrent.ThreadPoolExecutor$Worker.run(ThreadPoolExecutor.java:642)
        at java.base@21.0.5/java.lang.Thread.runWith(Thread.java:1596)
        at java.base@21.0.5/java.lang.Thread.run(Thread.java:1583)
"JvmPauseMonitor12" daemon prio=5 tid=1159 timed_waiting
java.lang.Thread.State: TIMED_WAITING
        at java.base@21.0.5/java.lang.Thread.sleep0(Native Method)
        at java.base@21.0.5/java.lang.Thread.sleep(Thread.java:558)
        at java.base@21.0.5/java.util.concurrent.TimeUnit.sleep(TimeUnit.java:446)
        at app//org.apache.ratis.util.TimeDuration.sleep(TimeDuration.java:353)
        at app//org.apache.ratis.util.TimeDuration.sleep(TimeDuration.java:338)
        at app//org.apache.ratis.util.JvmPauseMonitor.detectPause(JvmPauseMonitor.java:160)
        at app//org.apache.ratis.util.JvmPauseMonitor.run(JvmPauseMonitor.java:149)
        at app//org.apache.ratis.util.JvmPauseMonitor$$Lambda/0x00007fd9cc38c980.run(Unknown Source)
        at java.base@21.0.5/java.lang.Thread.runWith(Thread.java:1596)
        at java.base@21.0.5/java.lang.Thread.run(Thread.java:1583)
"om1@group-C5BA1605619E-SegmentedRaftLogWorker"  prio=5 tid=458 timed_waiting
java.lang.Thread.State: TIMED_WAITING
        at java.base@21.0.5/jdk.internal.misc.Unsafe.park(Native Method)
        at java.base@21.0.5/java.util.concurrent.locks.LockSupport.parkNanos(LockSupport.java:269)
        at java.base@21.0.5/java.util.concurrent.locks.AbstractQueuedSynchronizer$ConditionObject.awaitNanos(AbstractQueuedSynchronizer.java:1763)
        at app//org.apache.ratis.util.DataBlockingQueue.poll(DataBlockingQueue.java:148)
        at app//org.apache.ratis.server.raftlog.segmented.SegmentedRaftLogWorker.run(SegmentedRaftLogWorker.java:307)
        at app//org.apache.ratis.server.raftlog.segmented.SegmentedRaftLogWorker$$Lambda/0x00007fd9cc334298.run(Unknown Source)
        at java.base@21.0.5/java.util.concurrent.Executors$RunnableAdapter.call(Executors.java:572)
        at java.base@21.0.5/java.util.concurrent.FutureTask.run(FutureTask.java:317)
        at java.base@21.0.5/java.util.concurrent.ThreadPoolExecutor.runWorker(ThreadPoolExecutor.java:1144)
        at java.base@21.0.5/java.util.concurrent.ThreadPoolExecutor$Worker.run(ThreadPoolExecutor.java:642)
        at java.base@21.0.5/java.lang.Thread.runWith(Thread.java:1596)
        at java.base@21.0.5/java.lang.Thread.run(Thread.java:1583)
"client-write-TID-0" daemon prio=5 tid=2009 in Object.wait()
java.lang.Thread.State: WAITING (on object monitor)
        at java.base@21.0.5/jdk.internal.misc.Unsafe.park(Native Method)
        at java.base@21.0.5/java.util.concurrent.locks.LockSupport.park(LockSupport.java:371)
        at java.base@21.0.5/java.util.concurrent.LinkedTransferQueue$DualNode.await(LinkedTransferQueue.java:458)
        at java.base@21.0.5/java.util.concurrent.SynchronousQueue$Transferer.xferLifo(SynchronousQueue.java:194)
        at java.base@21.0.5/java.util.concurrent.SynchronousQueue.xfer(SynchronousQueue.java:235)
        at java.base@21.0.5/java.util.concurrent.SynchronousQueue.take(SynchronousQueue.java:318)
        at java.base@21.0.5/java.util.concurrent.ThreadPoolExecutor.getTask(ThreadPoolExecutor.java:1070)
        at java.base@21.0.5/java.util.concurrent.ThreadPoolExecutor.runWorker(ThreadPoolExecutor.java:1130)
        at java.base@21.0.5/java.util.concurrent.ThreadPoolExecutor$Worker.run(ThreadPoolExecutor.java:642)
        at java.base@21.0.5/java.lang.Thread.runWith(Thread.java:1596)
        at java.base@21.0.5/java.lang.Thread.run(Thread.java:1583)
"pool-67-thread-1" daemon prio=5 tid=858 timed_waiting
java.lang.Thread.State: TIMED_WAITING
        at java.base@21.0.5/jdk.internal.misc.Unsafe.park(Native Method)
        at java.base@21.0.5/java.util.concurrent.locks.LockSupport.parkNanos(LockSupport.java:269)
        at java.base@21.0.5/java.util.concurrent.locks.AbstractQueuedSynchronizer$ConditionObject.awaitNanos(AbstractQueuedSynchronizer.java:1763)
        at java.base@21.0.5/java.util.concurrent.ScheduledThreadPoolExecutor$DelayedWorkQueue.take(ScheduledThreadPoolExecutor.java:1182)
        at java.base@21.0.5/java.util.concurrent.ScheduledThreadPoolExecutor$DelayedWorkQueue.take(ScheduledThreadPoolExecutor.java:899)
        at java.base@21.0.5/java.util.concurrent.ThreadPoolExecutor.getTask(ThreadPoolExecutor.java:1070)
        at java.base@21.0.5/java.util.concurrent.ThreadPoolExecutor.runWorker(ThreadPoolExecutor.java:1130)
        at java.base@21.0.5/java.util.concurrent.ThreadPoolExecutor$Worker.run(ThreadPoolExecutor.java:642)
        at java.base@21.0.5/java.lang.Thread.runWith(Thread.java:1596)
        at java.base@21.0.5/java.lang.Thread.run(Thread.java:1583)
"qtp1757232703-2488" daemon prio=5 tid=2488 timed_waiting
java.lang.Thread.State: TIMED_WAITING
        at java.base@21.0.5/jdk.internal.misc.Unsafe.park(Native Method)
        at java.base@21.0.5/java.util.concurrent.locks.LockSupport.parkNanos(LockSupport.java:269)
        at java.base@21.0.5/java.util.concurrent.locks.AbstractQueuedSynchronizer$ConditionObject.awaitNanos(AbstractQueuedSynchronizer.java:1763)
        at app//org.eclipse.jetty.util.BlockingArrayQueue.poll(BlockingArrayQueue.java:382)
        at app//org.eclipse.jetty.util.thread.QueuedThreadPool$Runner.idleJobPoll(QueuedThreadPool.java:974)
        at app//org.eclipse.jetty.util.thread.QueuedThreadPool$Runner.run(QueuedThreadPool.java:1018)
        at java.base@21.0.5/java.lang.Thread.runWith(Thread.java:1596)
        at java.base@21.0.5/java.lang.Thread.run(Thread.java:1583)
"eca5a246-1f8f-493f-b50d-7eee1f2fec76-DatanodeReportManager-2" daemon prio=5 tid=832 timed_waiting
java.lang.Thread.State: TIMED_WAITING
        at java.base@21.0.5/jdk.internal.misc.Unsafe.park(Native Method)
        at java.base@21.0.5/java.util.concurrent.locks.LockSupport.parkNanos(LockSupport.java:269)
        at java.base@21.0.5/java.util.concurrent.locks.AbstractQueuedSynchronizer$ConditionObject.awaitNanos(AbstractQueuedSynchronizer.java:1763)
        at java.base@21.0.5/java.util.concurrent.ScheduledThreadPoolExecutor$DelayedWorkQueue.take(ScheduledThreadPoolExecutor.java:1182)
        at java.base@21.0.5/java.util.concurrent.ScheduledThreadPoolExecutor$DelayedWorkQueue.take(ScheduledThreadPoolExecutor.java:899)
        at java.base@21.0.5/java.util.concurrent.ThreadPoolExecutor.getTask(ThreadPoolExecutor.java:1070)
        at java.base@21.0.5/java.util.concurrent.ThreadPoolExecutor.runWorker(ThreadPoolExecutor.java:1130)
        at java.base@21.0.5/java.util.concurrent.ThreadPoolExecutor$Worker.run(ThreadPoolExecutor.java:642)
        at java.base@21.0.5/java.lang.Thread.runWith(Thread.java:1596)
        at java.base@21.0.5/java.lang.Thread.run(Thread.java:1583)
"02fc1759-725d-47af-8349-873c9c5c9167@group-2F5615DC861B-SegmentedRaftLogWorker"  prio=5 tid=1200 timed_waiting
java.lang.Thread.State: TIMED_WAITING
        at java.base@21.0.5/jdk.internal.misc.Unsafe.park(Native Method)
        at java.base@21.0.5/java.util.concurrent.locks.LockSupport.parkNanos(LockSupport.java:269)
        at java.base@21.0.5/java.util.concurrent.locks.AbstractQueuedSynchronizer$ConditionObject.awaitNanos(AbstractQueuedSynchronizer.java:1763)
        at app//org.apache.ratis.util.DataBlockingQueue.poll(DataBlockingQueue.java:148)
        at app//org.apache.ratis.server.raftlog.segmented.SegmentedRaftLogWorker.run(SegmentedRaftLogWorker.java:307)
        at app//org.apache.ratis.server.raftlog.segmented.SegmentedRaftLogWorker$$Lambda/0x00007fd9cc334298.run(Unknown Source)
        at java.base@21.0.5/java.util.concurrent.Executors$RunnableAdapter.call(Executors.java:572)
        at java.base@21.0.5/java.util.concurrent.FutureTask.run(FutureTask.java:317)
        at java.base@21.0.5/java.util.concurrent.ThreadPoolExecutor.runWorker(ThreadPoolExecutor.java:1144)
        at java.base@21.0.5/java.util.concurrent.ThreadPoolExecutor$Worker.run(ThreadPoolExecutor.java:642)
        at java.base@21.0.5/java.lang.Thread.runWith(Thread.java:1596)
        at java.base@21.0.5/java.lang.Thread.run(Thread.java:1583)
"pool-473-thread-1" daemon prio=5 tid=2529 timed_waiting
java.lang.Thread.State: TIMED_WAITING
        at java.base@21.0.5/jdk.internal.misc.Unsafe.park(Native Method)
        at java.base@21.0.5/java.util.concurrent.locks.LockSupport.parkNanos(LockSupport.java:269)
        at java.base@21.0.5/java.util.concurrent.locks.AbstractQueuedSynchronizer$ConditionObject.awaitNanos(AbstractQueuedSynchronizer.java:1763)
        at java.base@21.0.5/java.util.concurrent.ScheduledThreadPoolExecutor$DelayedWorkQueue.take(ScheduledThreadPoolExecutor.java:1182)
        at java.base@21.0.5/java.util.concurrent.ScheduledThreadPoolExecutor$DelayedWorkQueue.take(ScheduledThreadPoolExecutor.java:899)
        at java.base@21.0.5/java.util.concurrent.ThreadPoolExecutor.getTask(ThreadPoolExecutor.java:1070)
        at java.base@21.0.5/java.util.concurrent.ThreadPoolExecutor.runWorker(ThreadPoolExecutor.java:1130)
        at java.base@21.0.5/java.util.concurrent.ThreadPoolExecutor$Worker.run(ThreadPoolExecutor.java:642)
        at java.base@21.0.5/java.lang.Thread.runWith(Thread.java:1596)
        at java.base@21.0.5/java.lang.Thread.run(Thread.java:1583)
"om1@group-C5BA1605619E-StateMachineUpdater" daemon prio=5 tid=460 timed_waiting
java.lang.Thread.State: TIMED_WAITING
        at java.base@21.0.5/jdk.internal.misc.Unsafe.park(Native Method)
        at java.base@21.0.5/java.util.concurrent.locks.LockSupport.parkNanos(LockSupport.java:269)
        at java.base@21.0.5/java.util.concurrent.locks.AbstractQueuedSynchronizer$ConditionObject.await(AbstractQueuedSynchronizer.java:1852)
        at app//org.apache.ratis.util.AwaitForSignal.await(AwaitForSignal.java:65)
        at app//org.apache.ratis.server.impl.StateMachineUpdater.waitForCommit(StateMachineUpdater.java:219)
        at app//org.apache.ratis.server.impl.StateMachineUpdater.run(StateMachineUpdater.java:187)
        at java.base@21.0.5/java.lang.Thread.runWith(Thread.java:1596)
        at java.base@21.0.5/java.lang.Thread.run(Thread.java:1583)
"4b5ea8a3-88a5-4114-908f-7a85f39bc1cb@group-5233A358D31F-cacheEviction-AwaitToRun" daemon prio=5 tid=1654 in Object.wait()
java.lang.Thread.State: WAITING (on object monitor)
        at java.base@21.0.5/jdk.internal.misc.Unsafe.park(Native Method)
        at java.base@21.0.5/java.util.concurrent.locks.LockSupport.park(LockSupport.java:371)
        at java.base@21.0.5/java.util.concurrent.locks.AbstractQueuedSynchronizer$ConditionNode.block(AbstractQueuedSynchronizer.java:519)
        at java.base@21.0.5/java.util.concurrent.ForkJoinPool.unmanagedBlock(ForkJoinPool.java:3780)
        at java.base@21.0.5/java.util.concurrent.ForkJoinPool.managedBlock(ForkJoinPool.java:3725)
        at java.base@21.0.5/java.util.concurrent.locks.AbstractQueuedSynchronizer$ConditionObject.await(AbstractQueuedSynchronizer.java:1712)
        at app//org.apache.ratis.util.AwaitForSignal.await(AwaitForSignal.java:48)
        at app//org.apache.ratis.util.AwaitToRun$RunnableImpl.run(AwaitToRun.java:47)
        at java.base@21.0.5/java.lang.Thread.runWith(Thread.java:1596)
        at java.base@21.0.5/java.lang.Thread.run(Thread.java:1583)
"IPC Server handler 69 on default port 15001" daemon prio=5 tid=283 timed_waiting
java.lang.Thread.State: TIMED_WAITING
        at java.base@21.0.5/jdk.internal.misc.Unsafe.park(Native Method)
        at java.base@21.0.5/java.util.concurrent.locks.LockSupport.parkNanos(LockSupport.java:269)
        at java.base@21.0.5/java.util.concurrent.locks.AbstractQueuedSynchronizer$ConditionObject.awaitNanos(AbstractQueuedSynchronizer.java:1763)
        at java.base@21.0.5/java.util.concurrent.LinkedBlockingQueue.poll(LinkedBlockingQueue.java:460)
        at app//org.apache.hadoop.ipc.CallQueueManager.take(CallQueueManager.java:370)
        at app//org.apache.hadoop.ipc.Server$Handler.run(Server.java:3165)
"IPC Server handler 91 on default port 15001" daemon prio=5 tid=305 timed_waiting
java.lang.Thread.State: TIMED_WAITING
        at java.base@21.0.5/jdk.internal.misc.Unsafe.park(Native Method)
        at java.base@21.0.5/java.util.concurrent.locks.LockSupport.parkNanos(LockSupport.java:269)
        at java.base@21.0.5/java.util.concurrent.locks.AbstractQueuedSynchronizer$ConditionObject.awaitNanos(AbstractQueuedSynchronizer.java:1763)
        at java.base@21.0.5/java.util.concurrent.LinkedBlockingQueue.poll(LinkedBlockingQueue.java:460)
        at app//org.apache.hadoop.ipc.CallQueueManager.take(CallQueueManager.java:370)
        at app//org.apache.hadoop.ipc.Server$Handler.run(Server.java:3165)
"qtp996171897-659" daemon prio=5 tid=659 runnable
java.lang.Thread.State: RUNNABLE
        at java.base@21.0.5/sun.nio.ch.EPoll.wait(Native Method)
        at java.base@21.0.5/sun.nio.ch.EPollSelectorImpl.doSelect(EPollSelectorImpl.java:121)
        at java.base@21.0.5/sun.nio.ch.SelectorImpl.lockAndDoSelect(SelectorImpl.java:130)
        at java.base@21.0.5/sun.nio.ch.SelectorImpl.select(SelectorImpl.java:147)
        at app//org.eclipse.jetty.io.ManagedSelector.nioSelect(ManagedSelector.java:183)
        at app//org.eclipse.jetty.io.ManagedSelector.select(ManagedSelector.java:190)
        at app//org.eclipse.jetty.io.ManagedSelector$SelectorProducer.select(ManagedSelector.java:606)
        at app//org.eclipse.jetty.io.ManagedSelector$SelectorProducer.produce(ManagedSelector.java:543)
        at app//org.eclipse.jetty.util.thread.strategy.EatWhatYouKill.produceTask(EatWhatYouKill.java:362)
        at app//org.eclipse.jetty.util.thread.strategy.EatWhatYouKill.doProduce(EatWhatYouKill.java:186)
        at app//org.eclipse.jetty.util.thread.strategy.EatWhatYouKill.tryProduce(EatWhatYouKill.java:173)
        at app//org.eclipse.jetty.util.thread.strategy.EatWhatYouKill.produce(EatWhatYouKill.java:137)
        at app//org.eclipse.jetty.io.ManagedSelector$$Lambda/0x00007fd9cc65d0d0.run(Unknown Source)
        at app//org.eclipse.jetty.util.thread.QueuedThreadPool.runJob(QueuedThreadPool.java:883)
        at app//org.eclipse.jetty.util.thread.QueuedThreadPool$Runner.run(QueuedThreadPool.java:1034)
        at java.base@21.0.5/java.lang.Thread.runWith(Thread.java:1596)
        at java.base@21.0.5/java.lang.Thread.run(Thread.java:1583)
"ac32094a-198b-4072-99dd-552311e88daf@group-91A8CF666C05-StateMachineUpdater" daemon prio=5 tid=1681 timed_waiting
java.lang.Thread.State: TIMED_WAITING
        at java.base@21.0.5/jdk.internal.misc.Unsafe.park(Native Method)
        at java.base@21.0.5/java.util.concurrent.locks.LockSupport.parkNanos(LockSupport.java:269)
        at java.base@21.0.5/java.util.concurrent.locks.AbstractQueuedSynchronizer$ConditionObject.await(AbstractQueuedSynchronizer.java:1852)
        at app//org.apache.ratis.util.AwaitForSignal.await(AwaitForSignal.java:65)
        at app//org.apache.ratis.server.impl.StateMachineUpdater.waitForCommit(StateMachineUpdater.java:219)
        at app//org.apache.ratis.server.impl.StateMachineUpdater.run(StateMachineUpdater.java:187)
        at java.base@21.0.5/java.lang.Thread.runWith(Thread.java:1596)
        at java.base@21.0.5/java.lang.Thread.run(Thread.java:1583)
"4b5ea8a3-88a5-4114-908f-7a85f39bc1cb-RocksDBCompactionThread-0"  prio=5 tid=653 timed_waiting
java.lang.Thread.State: TIMED_WAITING
        at java.base@21.0.5/jdk.internal.misc.Unsafe.park(Native Method)
        at java.base@21.0.5/java.util.concurrent.locks.LockSupport.parkNanos(LockSupport.java:269)
        at java.base@21.0.5/java.util.concurrent.locks.AbstractQueuedSynchronizer$ConditionObject.awaitNanos(AbstractQueuedSynchronizer.java:1763)
        at java.base@21.0.5/java.util.concurrent.ScheduledThreadPoolExecutor$DelayedWorkQueue.take(ScheduledThreadPoolExecutor.java:1182)
        at java.base@21.0.5/java.util.concurrent.ScheduledThreadPoolExecutor$DelayedWorkQueue.take(ScheduledThreadPoolExecutor.java:899)
        at java.base@21.0.5/java.util.concurrent.ThreadPoolExecutor.getTask(ThreadPoolExecutor.java:1070)
        at java.base@21.0.5/java.util.concurrent.ThreadPoolExecutor.runWorker(ThreadPoolExecutor.java:1130)
        at java.base@21.0.5/java.util.concurrent.ThreadPoolExecutor$Worker.run(ThreadPoolExecutor.java:642)
        at java.base@21.0.5/java.lang.Thread.runWith(Thread.java:1596)
        at java.base@21.0.5/java.lang.Thread.run(Thread.java:1583)
"IPC Server handler 29 on default port 15001" daemon prio=5 tid=243 timed_waiting
java.lang.Thread.State: TIMED_WAITING
        at java.base@21.0.5/jdk.internal.misc.Unsafe.park(Native Method)
        at java.base@21.0.5/java.util.concurrent.locks.LockSupport.parkNanos(LockSupport.java:269)
        at java.base@21.0.5/java.util.concurrent.locks.AbstractQueuedSynchronizer$ConditionObject.awaitNanos(AbstractQueuedSynchronizer.java:1763)
        at java.base@21.0.5/java.util.concurrent.LinkedBlockingQueue.poll(LinkedBlockingQueue.java:460)
        at app//org.apache.hadoop.ipc.CallQueueManager.take(CallQueueManager.java:370)
        at app//org.apache.hadoop.ipc.Server$Handler.run(Server.java:3165)
"3296053d-9d54-4057-a6a8-67c4b6ec6587-PeriodicHDDSVolumeChecker" daemon prio=5 tid=986 timed_waiting
java.lang.Thread.State: TIMED_WAITING
        at java.base@21.0.5/jdk.internal.misc.Unsafe.park(Native Method)
        at java.base@21.0.5/java.util.concurrent.locks.LockSupport.parkNanos(LockSupport.java:269)
        at java.base@21.0.5/java.util.concurrent.locks.AbstractQueuedSynchronizer$ConditionObject.awaitNanos(AbstractQueuedSynchronizer.java:1763)
        at java.base@21.0.5/java.util.concurrent.ScheduledThreadPoolExecutor$DelayedWorkQueue.take(ScheduledThreadPoolExecutor.java:1182)
        at java.base@21.0.5/java.util.concurrent.ScheduledThreadPoolExecutor$DelayedWorkQueue.take(ScheduledThreadPoolExecutor.java:899)
        at java.base@21.0.5/java.util.concurrent.ThreadPoolExecutor.getTask(ThreadPoolExecutor.java:1070)
        at java.base@21.0.5/java.util.concurrent.ThreadPoolExecutor.runWorker(ThreadPoolExecutor.java:1130)
        at java.base@21.0.5/java.util.concurrent.ThreadPoolExecutor$Worker.run(ThreadPoolExecutor.java:642)
        at java.base@21.0.5/java.lang.Thread.runWith(Thread.java:1596)
        at java.base@21.0.5/java.lang.Thread.run(Thread.java:1583)
"3296053d-9d54-4057-a6a8-67c4b6ec6587@group-33E612B207F7-StateMachineUpdater" daemon prio=5 tid=1260 timed_waiting
java.lang.Thread.State: TIMED_WAITING
        at java.base@21.0.5/jdk.internal.misc.Unsafe.park(Native Method)
        at java.base@21.0.5/java.util.concurrent.locks.LockSupport.parkNanos(LockSupport.java:269)
        at java.base@21.0.5/java.util.concurrent.locks.AbstractQueuedSynchronizer$ConditionObject.await(AbstractQueuedSynchronizer.java:1852)
        at app//org.apache.ratis.util.AwaitForSignal.await(AwaitForSignal.java:65)
        at app//org.apache.ratis.server.impl.StateMachineUpdater.waitForCommit(StateMachineUpdater.java:219)
        at app//org.apache.ratis.server.impl.StateMachineUpdater.run(StateMachineUpdater.java:187)
        at java.base@21.0.5/java.lang.Thread.runWith(Thread.java:1596)
        at java.base@21.0.5/java.lang.Thread.run(Thread.java:1583)
"IPC Server handler 60 on default port 15000" daemon prio=5 tid=174 timed_waiting
java.lang.Thread.State: TIMED_WAITING
        at java.base@21.0.5/jdk.internal.misc.Unsafe.park(Native Method)
        at java.base@21.0.5/java.util.concurrent.locks.LockSupport.parkNanos(LockSupport.java:269)
        at java.base@21.0.5/java.util.concurrent.locks.AbstractQueuedSynchronizer$ConditionObject.awaitNanos(AbstractQueuedSynchronizer.java:1763)
        at java.base@21.0.5/java.util.concurrent.LinkedBlockingQueue.poll(LinkedBlockingQueue.java:460)
        at app//org.apache.hadoop.ipc.CallQueueManager.take(CallQueueManager.java:370)
        at app//org.apache.hadoop.ipc.Server$Handler.run(Server.java:3165)
"IPC Server handler 89 on default port 15002" daemon prio=5 tid=421 timed_waiting
java.lang.Thread.State: TIMED_WAITING
        at java.base@21.0.5/jdk.internal.misc.Unsafe.park(Native Method)
        at java.base@21.0.5/java.util.concurrent.locks.LockSupport.parkNanos(LockSupport.java:269)
        at java.base@21.0.5/java.util.concurrent.locks.AbstractQueuedSynchronizer$ConditionObject.awaitNanos(AbstractQueuedSynchronizer.java:1763)
        at java.base@21.0.5/java.util.concurrent.LinkedBlockingQueue.poll(LinkedBlockingQueue.java:460)
        at app//org.apache.hadoop.ipc.CallQueueManager.take(CallQueueManager.java:370)
        at app//org.apache.hadoop.ipc.Server$Handler.run(Server.java:3165)
"IPC Server handler 20 on default port 15001" daemon prio=5 tid=234 timed_waiting
java.lang.Thread.State: TIMED_WAITING
        at java.base@21.0.5/jdk.internal.misc.Unsafe.park(Native Method)
        at java.base@21.0.5/java.util.concurrent.locks.LockSupport.parkNanos(LockSupport.java:269)
        at java.base@21.0.5/java.util.concurrent.locks.AbstractQueuedSynchronizer$ConditionObject.awaitNanos(AbstractQueuedSynchronizer.java:1763)
        at java.base@21.0.5/java.util.concurrent.LinkedBlockingQueue.poll(LinkedBlockingQueue.java:460)
        at app//org.apache.hadoop.ipc.CallQueueManager.take(CallQueueManager.java:370)
        at app//org.apache.hadoop.ipc.Server$Handler.run(Server.java:3165)
"pool-162-thread-1"  prio=5 tid=657 timed_waiting
java.lang.Thread.State: TIMED_WAITING
        at java.base@21.0.5/jdk.internal.misc.Unsafe.park(Native Method)
        at java.base@21.0.5/java.util.concurrent.locks.LockSupport.parkNanos(LockSupport.java:269)
        at java.base@21.0.5/java.util.concurrent.locks.AbstractQueuedSynchronizer$ConditionObject.awaitNanos(AbstractQueuedSynchronizer.java:1763)
        at java.base@21.0.5/java.util.concurrent.ScheduledThreadPoolExecutor$DelayedWorkQueue.take(ScheduledThreadPoolExecutor.java:1182)
        at java.base@21.0.5/java.util.concurrent.ScheduledThreadPoolExecutor$DelayedWorkQueue.take(ScheduledThreadPoolExecutor.java:899)
        at java.base@21.0.5/java.util.concurrent.ThreadPoolExecutor.getTask(ThreadPoolExecutor.java:1070)
        at java.base@21.0.5/java.util.concurrent.ThreadPoolExecutor.runWorker(ThreadPoolExecutor.java:1130)
        at java.base@21.0.5/java.util.concurrent.ThreadPoolExecutor$Worker.run(ThreadPoolExecutor.java:642)
        at java.base@21.0.5/java.lang.Thread.runWith(Thread.java:1596)
        at java.base@21.0.5/java.lang.Thread.run(Thread.java:1583)
"IPC Server idle connection scanner for port 15002" daemon prio=5 tid=66 timed_waiting
java.lang.Thread.State: TIMED_WAITING
        at java.base@21.0.5/java.lang.Object.wait0(Native Method)
        at java.base@21.0.5/java.lang.Object.wait(Object.java:366)
        at java.base@21.0.5/java.util.TimerThread.mainLoop(Timer.java:563)
        at java.base@21.0.5/java.util.TimerThread.run(Timer.java:516)
"b6b79d51-52d7-4711-a690-06a51533978a@group-DAF53CCE5B84->79978ed1-1a5c-4832-b584-9e2d85f03cd7-GrpcLogAppender-LogAppenderDaemon" daemon prio=5 tid=2220 timed_waiting
java.lang.Thread.State: TIMED_WAITING
        at java.base@21.0.5/jdk.internal.misc.Unsafe.park(Native Method)
        at java.base@21.0.5/java.util.concurrent.locks.LockSupport.parkNanos(LockSupport.java:269)
        at java.base@21.0.5/java.util.concurrent.locks.AbstractQueuedSynchronizer$ConditionObject.await(AbstractQueuedSynchronizer.java:1852)
        at app//org.apache.ratis.util.AwaitForSignal.await(AwaitForSignal.java:65)
        at app//org.apache.ratis.grpc.server.GrpcLogAppender.mayWait(GrpcLogAppender.java:290)
        at app//org.apache.ratis.grpc.server.GrpcLogAppender.run(GrpcLogAppender.java:258)
        at app//org.apache.ratis.server.leader.LogAppenderDaemon.run(LogAppenderDaemon.java:80)
        at app//org.apache.ratis.server.leader.LogAppenderDaemon$$Lambda/0x00007fd9cc91b588.run(Unknown Source)
        at java.base@21.0.5/java.lang.Thread.runWith(Thread.java:1596)
        at java.base@21.0.5/java.lang.Thread.run(Thread.java:1583)
"Socket Reader #6 for port 15075"  prio=5 tid=2497 runnable
java.lang.Thread.State: RUNNABLE
        at java.base@21.0.5/sun.nio.ch.EPoll.wait(Native Method)
        at java.base@21.0.5/sun.nio.ch.EPollSelectorImpl.doSelect(EPollSelectorImpl.java:121)
        at java.base@21.0.5/sun.nio.ch.SelectorImpl.lockAndDoSelect(SelectorImpl.java:130)
        at java.base@21.0.5/sun.nio.ch.SelectorImpl.select(SelectorImpl.java:147)
        at app//org.apache.hadoop.ipc.Server$Listener$Reader.doRunLoop(Server.java:1497)
        at app//org.apache.hadoop.ipc.Server$Listener$Reader.run(Server.java:1476)
"StaleRecoveringContainerScrubbingService#2" daemon prio=5 tid=1815 timed_waiting
java.lang.Thread.State: TIMED_WAITING
        at java.base@21.0.5/jdk.internal.misc.Unsafe.park(Native Method)
        at java.base@21.0.5/java.util.concurrent.locks.LockSupport.parkNanos(LockSupport.java:269)
        at java.base@21.0.5/java.util.concurrent.locks.AbstractQueuedSynchronizer$ConditionObject.awaitNanos(AbstractQueuedSynchronizer.java:1763)
        at java.base@21.0.5/java.util.concurrent.ScheduledThreadPoolExecutor$DelayedWorkQueue.take(ScheduledThreadPoolExecutor.java:1182)
        at java.base@21.0.5/java.util.concurrent.ScheduledThreadPoolExecutor$DelayedWorkQueue.take(ScheduledThreadPoolExecutor.java:899)
        at java.base@21.0.5/java.util.concurrent.ThreadPoolExecutor.getTask(ThreadPoolExecutor.java:1070)
        at java.base@21.0.5/java.util.concurrent.ThreadPoolExecutor.runWorker(ThreadPoolExecutor.java:1130)
        at java.base@21.0.5/java.util.concurrent.ThreadPoolExecutor$Worker.run(ThreadPoolExecutor.java:642)
        at java.base@21.0.5/java.lang.Thread.runWith(Thread.java:1596)
        at java.base@21.0.5/java.lang.Thread.run(Thread.java:1583)
"02fc1759-725d-47af-8349-873c9c5c9167-BlockDeletingService#3" daemon prio=5 tid=2905 in Object.wait()
java.lang.Thread.State: WAITING (on object monitor)
        at java.base@21.0.5/jdk.internal.misc.Unsafe.park(Native Method)
        at java.base@21.0.5/java.util.concurrent.locks.LockSupport.park(LockSupport.java:371)
        at java.base@21.0.5/java.util.concurrent.locks.AbstractQueuedSynchronizer$ConditionNode.block(AbstractQueuedSynchronizer.java:519)
        at java.base@21.0.5/java.util.concurrent.ForkJoinPool.unmanagedBlock(ForkJoinPool.java:3780)
        at java.base@21.0.5/java.util.concurrent.ForkJoinPool.managedBlock(ForkJoinPool.java:3725)
        at java.base@21.0.5/java.util.concurrent.locks.AbstractQueuedSynchronizer$ConditionObject.await(AbstractQueuedSynchronizer.java:1712)
        at java.base@21.0.5/java.util.concurrent.ScheduledThreadPoolExecutor$DelayedWorkQueue.take(ScheduledThreadPoolExecutor.java:1177)
        at java.base@21.0.5/java.util.concurrent.ScheduledThreadPoolExecutor$DelayedWorkQueue.take(ScheduledThreadPoolExecutor.java:899)
        at java.base@21.0.5/java.util.concurrent.ThreadPoolExecutor.getTask(ThreadPoolExecutor.java:1070)
        at java.base@21.0.5/java.util.concurrent.ThreadPoolExecutor.runWorker(ThreadPoolExecutor.java:1130)
        at java.base@21.0.5/java.util.concurrent.ThreadPoolExecutor$Worker.run(ThreadPoolExecutor.java:642)
        at java.base@21.0.5/java.lang.Thread.runWith(Thread.java:1596)
        at java.base@21.0.5/java.lang.Thread.run(Thread.java:1583)
"IPC Server handler 22 on default port 15000" daemon prio=5 tid=136 timed_waiting
java.lang.Thread.State: TIMED_WAITING
        at java.base@21.0.5/jdk.internal.misc.Unsafe.park(Native Method)
        at java.base@21.0.5/java.util.concurrent.locks.LockSupport.parkNanos(LockSupport.java:269)
        at java.base@21.0.5/java.util.concurrent.locks.AbstractQueuedSynchronizer$ConditionObject.awaitNanos(AbstractQueuedSynchronizer.java:1763)
        at java.base@21.0.5/java.util.concurrent.LinkedBlockingQueue.poll(LinkedBlockingQueue.java:460)
        at app//org.apache.hadoop.ipc.CallQueueManager.take(CallQueueManager.java:370)
        at app//org.apache.hadoop.ipc.Server$Handler.run(Server.java:3165)
"qtp1778430092-614" daemon prio=5 tid=614 timed_waiting
java.lang.Thread.State: TIMED_WAITING
        at java.base@21.0.5/jdk.internal.misc.Unsafe.park(Native Method)
        at java.base@21.0.5/java.util.concurrent.locks.LockSupport.parkNanos(LockSupport.java:269)
        at java.base@21.0.5/java.util.concurrent.locks.AbstractQueuedSynchronizer$ConditionObject.awaitNanos(AbstractQueuedSynchronizer.java:1763)
        at app//org.eclipse.jetty.util.BlockingArrayQueue.poll(BlockingArrayQueue.java:382)
        at app//org.eclipse.jetty.util.thread.QueuedThreadPool$Runner.idleJobPoll(QueuedThreadPool.java:974)
        at app//org.eclipse.jetty.util.thread.QueuedThreadPool$Runner.run(QueuedThreadPool.java:1018)
        at java.base@21.0.5/java.lang.Thread.runWith(Thread.java:1596)
        at java.base@21.0.5/java.lang.Thread.run(Thread.java:1583)
"751e45cc-852a-454f-97c8-e80f2befe6f4@group-2F015B8B5508-LeaderStateImpl" daemon prio=5 tid=2031 timed_waiting
java.lang.Thread.State: TIMED_WAITING
        at java.base@21.0.5/jdk.internal.misc.Unsafe.park(Native Method)
        at java.base@21.0.5/java.util.concurrent.locks.LockSupport.parkNanos(LockSupport.java:269)
        at java.base@21.0.5/java.util.concurrent.locks.AbstractQueuedSynchronizer$ConditionObject.awaitNanos(AbstractQueuedSynchronizer.java:1763)
        at java.base@21.0.5/java.util.concurrent.ArrayBlockingQueue.poll(ArrayBlockingQueue.java:435)
        at app//org.apache.ratis.server.impl.LeaderStateImpl$EventQueue.poll(LeaderStateImpl.java:164)
        at app//org.apache.ratis.server.impl.LeaderStateImpl$EventProcessor.run(LeaderStateImpl.java:763)
"IPC Server handler 3 on default port 15021" daemon prio=5 tid=590 timed_waiting
java.lang.Thread.State: TIMED_WAITING
        at java.base@21.0.5/jdk.internal.misc.Unsafe.park(Native Method)
        at java.base@21.0.5/java.util.concurrent.locks.LockSupport.parkNanos(LockSupport.java:269)
        at java.base@21.0.5/java.util.concurrent.locks.AbstractQueuedSynchronizer$ConditionObject.awaitNanos(AbstractQueuedSynchronizer.java:1763)
        at java.base@21.0.5/java.util.concurrent.LinkedBlockingQueue.poll(LinkedBlockingQueue.java:460)
        at app//org.apache.hadoop.ipc.CallQueueManager.take(CallQueueManager.java:370)
        at app//org.apache.hadoop.ipc.Server$Handler.run(Server.java:3165)
"ContainerMetadataScanner" daemon prio=5 tid=925 timed_waiting
java.lang.Thread.State: TIMED_WAITING
        at java.base@21.0.5/java.lang.Thread.sleep0(Native Method)
        at java.base@21.0.5/java.lang.Thread.sleep(Thread.java:509)
        at app//org.apache.hadoop.ozone.container.ozoneimpl.AbstractBackgroundContainerScanner.handleRemainingSleep(AbstractBackgroundContainerScanner.java:131)
        at app//org.apache.hadoop.ozone.container.ozoneimpl.AbstractBackgroundContainerScanner.runIteration(AbstractBackgroundContainerScanner.java:98)
        at app//org.apache.hadoop.ozone.container.ozoneimpl.AbstractBackgroundContainerScanner.run(AbstractBackgroundContainerScanner.java:57)
"3296053d-9d54-4057-a6a8-67c4b6ec6587@group-DAF53CCE5B84-SegmentedRaftLogWorker" daemon prio=5 tid=1524 timed_waiting
java.lang.Thread.State: TIMED_WAITING
        at java.base@21.0.5/jdk.internal.misc.Unsafe.park(Native Method)
        at java.base@21.0.5/java.util.concurrent.locks.LockSupport.parkNanos(LockSupport.java:269)
        at java.base@21.0.5/java.util.concurrent.locks.AbstractQueuedSynchronizer$ConditionObject.awaitNanos(AbstractQueuedSynchronizer.java:1763)
        at app//org.apache.ratis.util.DataBlockingQueue.poll(DataBlockingQueue.java:148)
        at app//org.apache.ratis.server.raftlog.segmented.SegmentedRaftLogWorker.run(SegmentedRaftLogWorker.java:307)
        at app//org.apache.ratis.server.raftlog.segmented.SegmentedRaftLogWorker$$Lambda/0x00007fd9cc334298.run(Unknown Source)
        at java.base@21.0.5/java.util.concurrent.Executors$RunnableAdapter.call(Executors.java:572)
        at java.base@21.0.5/java.util.concurrent.FutureTask.run(FutureTask.java:317)
        at java.base@21.0.5/java.util.concurrent.ThreadPoolExecutor.runWorker(ThreadPoolExecutor.java:1144)
        at java.base@21.0.5/java.util.concurrent.ThreadPoolExecutor$Worker.run(ThreadPoolExecutor.java:642)
        at java.base@21.0.5/java.lang.Thread.runWith(Thread.java:1596)
        at java.base@21.0.5/java.lang.Thread.run(Thread.java:1583)
"Hadoop-Metrics-Updater-0" daemon prio=5 tid=1014 timed_waiting
java.lang.Thread.State: TIMED_WAITING
        at java.base@21.0.5/jdk.internal.misc.Unsafe.park(Native Method)
        at java.base@21.0.5/java.util.concurrent.locks.LockSupport.parkNanos(LockSupport.java:269)
        at java.base@21.0.5/java.util.concurrent.locks.AbstractQueuedSynchronizer$ConditionObject.awaitNanos(AbstractQueuedSynchronizer.java:1763)
        at java.base@21.0.5/java.util.concurrent.ScheduledThreadPoolExecutor$DelayedWorkQueue.take(ScheduledThreadPoolExecutor.java:1182)
        at java.base@21.0.5/java.util.concurrent.ScheduledThreadPoolExecutor$DelayedWorkQueue.take(ScheduledThreadPoolExecutor.java:899)
        at java.base@21.0.5/java.util.concurrent.ThreadPoolExecutor.getTask(ThreadPoolExecutor.java:1070)
        at java.base@21.0.5/java.util.concurrent.ThreadPoolExecutor.runWorker(ThreadPoolExecutor.java:1130)
        at java.base@21.0.5/java.util.concurrent.ThreadPoolExecutor$Worker.run(ThreadPoolExecutor.java:642)
        at java.base@21.0.5/java.lang.Thread.runWith(Thread.java:1596)
        at java.base@21.0.5/java.lang.Thread.run(Thread.java:1583)
"Socket Reader #7 for port 15039"  prio=5 tid=674 runnable
java.lang.Thread.State: RUNNABLE
        at java.base@21.0.5/sun.nio.ch.EPoll.wait(Native Method)
        at java.base@21.0.5/sun.nio.ch.EPollSelectorImpl.doSelect(EPollSelectorImpl.java:121)
        at java.base@21.0.5/sun.nio.ch.SelectorImpl.lockAndDoSelect(SelectorImpl.java:130)
        at java.base@21.0.5/sun.nio.ch.SelectorImpl.select(SelectorImpl.java:147)
        at app//org.apache.hadoop.ipc.Server$Listener$Reader.doRunLoop(Server.java:1497)
        at app//org.apache.hadoop.ipc.Server$Listener$Reader.run(Server.java:1476)
"qtp1757232703-2482" daemon prio=5 tid=2482 runnable
java.lang.Thread.State: RUNNABLE
        at java.base@21.0.5/sun.nio.ch.EPoll.wait(Native Method)
        at java.base@21.0.5/sun.nio.ch.EPollSelectorImpl.doSelect(EPollSelectorImpl.java:121)
        at java.base@21.0.5/sun.nio.ch.SelectorImpl.lockAndDoSelect(SelectorImpl.java:130)
        at java.base@21.0.5/sun.nio.ch.SelectorImpl.select(SelectorImpl.java:147)
        at app//org.eclipse.jetty.io.ManagedSelector.nioSelect(ManagedSelector.java:183)
        at app//org.eclipse.jetty.io.ManagedSelector.select(ManagedSelector.java:190)
        at app//org.eclipse.jetty.io.ManagedSelector$SelectorProducer.select(ManagedSelector.java:606)
        at app//org.eclipse.jetty.io.ManagedSelector$SelectorProducer.produce(ManagedSelector.java:543)
        at app//org.eclipse.jetty.util.thread.strategy.EatWhatYouKill.produceTask(EatWhatYouKill.java:362)
        at app//org.eclipse.jetty.util.thread.strategy.EatWhatYouKill.doProduce(EatWhatYouKill.java:186)
        at app//org.eclipse.jetty.util.thread.strategy.EatWhatYouKill.tryProduce(EatWhatYouKill.java:173)
        at app//org.eclipse.jetty.util.thread.strategy.EatWhatYouKill.produce(EatWhatYouKill.java:137)
        at app//org.eclipse.jetty.io.ManagedSelector$$Lambda/0x00007fd9cc65d0d0.run(Unknown Source)
        at app//org.eclipse.jetty.util.thread.QueuedThreadPool.runJob(QueuedThreadPool.java:883)
        at app//org.eclipse.jetty.util.thread.QueuedThreadPool$Runner.run(QueuedThreadPool.java:1034)
        at java.base@21.0.5/java.lang.Thread.runWith(Thread.java:1596)
        at java.base@21.0.5/java.lang.Thread.run(Thread.java:1583)
"b6b79d51-52d7-4711-a690-06a51533978a-DatanodeReportManager-2" daemon prio=5 tid=740 timed_waiting
java.lang.Thread.State: TIMED_WAITING
        at java.base@21.0.5/jdk.internal.misc.Unsafe.park(Native Method)
        at java.base@21.0.5/java.util.concurrent.locks.LockSupport.parkNanos(LockSupport.java:269)
        at java.base@21.0.5/java.util.concurrent.locks.AbstractQueuedSynchronizer$ConditionObject.awaitNanos(AbstractQueuedSynchronizer.java:1763)
        at java.base@21.0.5/java.util.concurrent.ScheduledThreadPoolExecutor$DelayedWorkQueue.take(ScheduledThreadPoolExecutor.java:1182)
        at java.base@21.0.5/java.util.concurrent.ScheduledThreadPoolExecutor$DelayedWorkQueue.take(ScheduledThreadPoolExecutor.java:899)
        at java.base@21.0.5/java.util.concurrent.ThreadPoolExecutor.getTask(ThreadPoolExecutor.java:1070)
        at java.base@21.0.5/java.util.concurrent.ThreadPoolExecutor.runWorker(ThreadPoolExecutor.java:1130)
        at java.base@21.0.5/java.util.concurrent.ThreadPoolExecutor$Worker.run(ThreadPoolExecutor.java:642)
        at java.base@21.0.5/java.lang.Thread.runWith(Thread.java:1596)
        at java.base@21.0.5/java.lang.Thread.run(Thread.java:1583)
"eca5a246-1f8f-493f-b50d-7eee1f2fec76@group-66FA7163FB5C-SegmentedRaftLogWorker" daemon prio=5 tid=1419 timed_waiting
java.lang.Thread.State: TIMED_WAITING
        at java.base@21.0.5/jdk.internal.misc.Unsafe.park(Native Method)
        at java.base@21.0.5/java.util.concurrent.locks.LockSupport.parkNanos(LockSupport.java:269)
        at java.base@21.0.5/java.util.concurrent.locks.AbstractQueuedSynchronizer$ConditionObject.awaitNanos(AbstractQueuedSynchronizer.java:1763)
        at app//org.apache.ratis.util.DataBlockingQueue.poll(DataBlockingQueue.java:148)
        at app//org.apache.ratis.server.raftlog.segmented.SegmentedRaftLogWorker.run(SegmentedRaftLogWorker.java:307)
        at app//org.apache.ratis.server.raftlog.segmented.SegmentedRaftLogWorker$$Lambda/0x00007fd9cc334298.run(Unknown Source)
        at java.base@21.0.5/java.util.concurrent.Executors$RunnableAdapter.call(Executors.java:572)
        at java.base@21.0.5/java.util.concurrent.FutureTask.run(FutureTask.java:317)
        at java.base@21.0.5/java.util.concurrent.ThreadPoolExecutor.runWorker(ThreadPoolExecutor.java:1144)
        at java.base@21.0.5/java.util.concurrent.ThreadPoolExecutor$Worker.run(ThreadPoolExecutor.java:642)
        at java.base@21.0.5/java.lang.Thread.runWith(Thread.java:1596)
        at java.base@21.0.5/java.lang.Thread.run(Thread.java:1583)
"79978ed1-1a5c-4832-b584-9e2d85f03cd7-DatanodeStateMachineTaskThread-1"  prio=5 tid=837 in Object.wait()
java.lang.Thread.State: WAITING (on object monitor)
        at java.base@21.0.5/jdk.internal.misc.Unsafe.park(Native Method)
        at java.base@21.0.5/java.util.concurrent.locks.LockSupport.park(LockSupport.java:371)
        at java.base@21.0.5/java.util.concurrent.locks.AbstractQueuedSynchronizer$ConditionNode.block(AbstractQueuedSynchronizer.java:519)
        at java.base@21.0.5/java.util.concurrent.ForkJoinPool.unmanagedBlock(ForkJoinPool.java:3780)
        at java.base@21.0.5/java.util.concurrent.ForkJoinPool.managedBlock(ForkJoinPool.java:3725)
        at java.base@21.0.5/java.util.concurrent.locks.AbstractQueuedSynchronizer$ConditionObject.await(AbstractQueuedSynchronizer.java:1712)
        at java.base@21.0.5/java.util.concurrent.LinkedBlockingQueue.take(LinkedBlockingQueue.java:435)
        at java.base@21.0.5/java.util.concurrent.ThreadPoolExecutor.getTask(ThreadPoolExecutor.java:1070)
        at java.base@21.0.5/java.util.concurrent.ThreadPoolExecutor.runWorker(ThreadPoolExecutor.java:1130)
        at java.base@21.0.5/java.util.concurrent.ThreadPoolExecutor$Worker.run(ThreadPoolExecutor.java:642)
        at java.base@21.0.5/java.lang.Thread.runWith(Thread.java:1596)
        at java.base@21.0.5/java.lang.Thread.run(Thread.java:1583)
"IPC Server handler 12 on default port 15002" daemon prio=5 tid=344 timed_waiting
java.lang.Thread.State: TIMED_WAITING
        at java.base@21.0.5/jdk.internal.misc.Unsafe.park(Native Method)
        at java.base@21.0.5/java.util.concurrent.locks.LockSupport.parkNanos(LockSupport.java:269)
        at java.base@21.0.5/java.util.concurrent.locks.AbstractQueuedSynchronizer$ConditionObject.awaitNanos(AbstractQueuedSynchronizer.java:1763)
        at java.base@21.0.5/java.util.concurrent.LinkedBlockingQueue.poll(LinkedBlockingQueue.java:460)
        at app//org.apache.hadoop.ipc.CallQueueManager.take(CallQueueManager.java:370)
        at app//org.apache.hadoop.ipc.Server$Handler.run(Server.java:3165)
"IPC Server handler 46 on default port 15001" daemon prio=5 tid=260 timed_waiting
java.lang.Thread.State: TIMED_WAITING
        at java.base@21.0.5/jdk.internal.misc.Unsafe.park(Native Method)
        at java.base@21.0.5/java.util.concurrent.locks.LockSupport.parkNanos(LockSupport.java:269)
        at java.base@21.0.5/java.util.concurrent.locks.AbstractQueuedSynchronizer$ConditionObject.awaitNanos(AbstractQueuedSynchronizer.java:1763)
        at java.base@21.0.5/java.util.concurrent.LinkedBlockingQueue.poll(LinkedBlockingQueue.java:460)
        at app//org.apache.hadoop.ipc.CallQueueManager.take(CallQueueManager.java:370)
        at app//org.apache.hadoop.ipc.Server$Handler.run(Server.java:3165)
"02fc1759-725d-47af-8349-873c9c5c9167@group-EF3CB8D23BF9-FollowerState" daemon prio=5 tid=1902 timed_waiting
java.lang.Thread.State: TIMED_WAITING
        at java.base@21.0.5/java.lang.Thread.sleep0(Native Method)
        at java.base@21.0.5/java.lang.Thread.sleep(Thread.java:558)
        at java.base@21.0.5/java.util.concurrent.TimeUnit.sleep(TimeUnit.java:446)
        at app//org.apache.ratis.util.TimeDuration.sleep(TimeDuration.java:353)
        at app//org.apache.ratis.util.TimeDuration.sleep(TimeDuration.java:338)
        at app//org.apache.ratis.server.impl.FollowerState.runImpl(FollowerState.java:149)
        at app//org.apache.ratis.server.impl.FollowerState.run(FollowerState.java:130)
"79978ed1-1a5c-4832-b584-9e2d85f03cd7@group-17ECB58173E6->4b5ea8a3-88a5-4114-908f-7a85f39bc1cb-GrpcLogAppender-LogAppenderDaemon" daemon prio=5 tid=2173 timed_waiting
java.lang.Thread.State: TIMED_WAITING
        at java.base@21.0.5/jdk.internal.misc.Unsafe.park(Native Method)
        at java.base@21.0.5/java.util.concurrent.locks.LockSupport.parkNanos(LockSupport.java:269)
        at java.base@21.0.5/java.util.concurrent.locks.AbstractQueuedSynchronizer$ConditionObject.await(AbstractQueuedSynchronizer.java:1852)
        at app//org.apache.ratis.util.AwaitForSignal.await(AwaitForSignal.java:65)
        at app//org.apache.ratis.grpc.server.GrpcLogAppender.mayWait(GrpcLogAppender.java:290)
        at app//org.apache.ratis.grpc.server.GrpcLogAppender.run(GrpcLogAppender.java:258)
        at app//org.apache.ratis.server.leader.LogAppenderDaemon.run(LogAppenderDaemon.java:80)
        at app//org.apache.ratis.server.leader.LogAppenderDaemon$$Lambda/0x00007fd9cc91b588.run(Unknown Source)
        at java.base@21.0.5/java.lang.Thread.runWith(Thread.java:1596)
        at java.base@21.0.5/java.lang.Thread.run(Thread.java:1583)
"79978ed1-1a5c-4832-b584-9e2d85f03cd7-ChunkWriter-2-0" daemon prio=5 tid=864 in Object.wait()
java.lang.Thread.State: WAITING (on object monitor)
        at java.base@21.0.5/jdk.internal.misc.Unsafe.park(Native Method)
        at java.base@21.0.5/java.util.concurrent.locks.LockSupport.park(LockSupport.java:371)
        at java.base@21.0.5/java.util.concurrent.locks.AbstractQueuedSynchronizer$ConditionNode.block(AbstractQueuedSynchronizer.java:519)
        at java.base@21.0.5/java.util.concurrent.ForkJoinPool.unmanagedBlock(ForkJoinPool.java:3780)
        at java.base@21.0.5/java.util.concurrent.ForkJoinPool.managedBlock(ForkJoinPool.java:3725)
        at java.base@21.0.5/java.util.concurrent.locks.AbstractQueuedSynchronizer$ConditionObject.await(AbstractQueuedSynchronizer.java:1712)
        at java.base@21.0.5/java.util.concurrent.LinkedBlockingDeque.takeFirst(LinkedBlockingDeque.java:485)
        at java.base@21.0.5/java.util.concurrent.LinkedBlockingDeque.take(LinkedBlockingDeque.java:673)
        at java.base@21.0.5/java.util.concurrent.ThreadPoolExecutor.getTask(ThreadPoolExecutor.java:1070)
        at java.base@21.0.5/java.util.concurrent.ThreadPoolExecutor.runWorker(ThreadPoolExecutor.java:1130)
        at java.base@21.0.5/java.util.concurrent.ThreadPoolExecutor$Worker.run(ThreadPoolExecutor.java:642)
        at java.base@21.0.5/java.lang.Thread.runWith(Thread.java:1596)
        at java.base@21.0.5/java.lang.Thread.run(Thread.java:1583)
"b6b79d51-52d7-4711-a690-06a51533978a-ChunkReader-2" daemon prio=5 tid=2699 in Object.wait()
java.lang.Thread.State: WAITING (on object monitor)
        at java.base@21.0.5/jdk.internal.misc.Unsafe.park(Native Method)
        at java.base@21.0.5/java.util.concurrent.locks.LockSupport.park(LockSupport.java:371)
        at java.base@21.0.5/java.util.concurrent.locks.AbstractQueuedSynchronizer$ConditionNode.block(AbstractQueuedSynchronizer.java:519)
        at java.base@21.0.5/java.util.concurrent.ForkJoinPool.unmanagedBlock(ForkJoinPool.java:3780)
        at java.base@21.0.5/java.util.concurrent.ForkJoinPool.managedBlock(ForkJoinPool.java:3725)
        at java.base@21.0.5/java.util.concurrent.locks.AbstractQueuedSynchronizer$ConditionObject.await(AbstractQueuedSynchronizer.java:1712)
        at java.base@21.0.5/java.util.concurrent.LinkedBlockingQueue.take(LinkedBlockingQueue.java:435)
        at java.base@21.0.5/java.util.concurrent.ThreadPoolExecutor.getTask(ThreadPoolExecutor.java:1070)
        at java.base@21.0.5/java.util.concurrent.ThreadPoolExecutor.runWorker(ThreadPoolExecutor.java:1130)
        at java.base@21.0.5/java.util.concurrent.ThreadPoolExecutor$Worker.run(ThreadPoolExecutor.java:642)
        at java.base@21.0.5/java.lang.Thread.runWith(Thread.java:1596)
        at java.base@21.0.5/java.lang.Thread.run(Thread.java:1583)
"ContainerMetadataScanner" daemon prio=5 tid=2530 timed_waiting
java.lang.Thread.State: TIMED_WAITING
        at java.base@21.0.5/java.lang.Thread.sleep0(Native Method)
        at java.base@21.0.5/java.lang.Thread.sleep(Thread.java:509)
        at app//org.apache.hadoop.ozone.container.ozoneimpl.AbstractBackgroundContainerScanner.handleRemainingSleep(AbstractBackgroundContainerScanner.java:131)
        at app//org.apache.hadoop.ozone.container.ozoneimpl.AbstractBackgroundContainerScanner.runIteration(AbstractBackgroundContainerScanner.java:98)
        at app//org.apache.hadoop.ozone.container.ozoneimpl.AbstractBackgroundContainerScanner.run(AbstractBackgroundContainerScanner.java:57)
"IPC Server handler 68 on default port 15001" daemon prio=5 tid=282 timed_waiting
java.lang.Thread.State: TIMED_WAITING
        at java.base@21.0.5/jdk.internal.misc.Unsafe.park(Native Method)
        at java.base@21.0.5/java.util.concurrent.locks.LockSupport.parkNanos(LockSupport.java:269)
        at java.base@21.0.5/java.util.concurrent.locks.AbstractQueuedSynchronizer$ConditionObject.awaitNanos(AbstractQueuedSynchronizer.java:1763)
        at java.base@21.0.5/java.util.concurrent.LinkedBlockingQueue.poll(LinkedBlockingQueue.java:460)
        at app//org.apache.hadoop.ipc.CallQueueManager.take(CallQueueManager.java:370)
        at app//org.apache.hadoop.ipc.Server$Handler.run(Server.java:3165)
"IPC Server handler 57 on default port 15002" daemon prio=5 tid=389 timed_waiting
java.lang.Thread.State: TIMED_WAITING
        at java.base@21.0.5/jdk.internal.misc.Unsafe.park(Native Method)
        at java.base@21.0.5/java.util.concurrent.locks.LockSupport.parkNanos(LockSupport.java:269)
        at java.base@21.0.5/java.util.concurrent.locks.AbstractQueuedSynchronizer$ConditionObject.awaitNanos(AbstractQueuedSynchronizer.java:1763)
        at java.base@21.0.5/java.util.concurrent.LinkedBlockingQueue.poll(LinkedBlockingQueue.java:460)
        at app//org.apache.hadoop.ipc.CallQueueManager.take(CallQueueManager.java:370)
        at app//org.apache.hadoop.ipc.Server$Handler.run(Server.java:3165)
"StaleRecoveringContainerScrubbingService#2" daemon prio=5 tid=1882 timed_waiting
java.lang.Thread.State: TIMED_WAITING
        at java.base@21.0.5/jdk.internal.misc.Unsafe.park(Native Method)
        at java.base@21.0.5/java.util.concurrent.locks.LockSupport.parkNanos(LockSupport.java:269)
        at java.base@21.0.5/java.util.concurrent.locks.AbstractQueuedSynchronizer$ConditionObject.awaitNanos(AbstractQueuedSynchronizer.java:1763)
        at java.base@21.0.5/java.util.concurrent.ScheduledThreadPoolExecutor$DelayedWorkQueue.take(ScheduledThreadPoolExecutor.java:1182)
        at java.base@21.0.5/java.util.concurrent.ScheduledThreadPoolExecutor$DelayedWorkQueue.take(ScheduledThreadPoolExecutor.java:899)
        at java.base@21.0.5/java.util.concurrent.ThreadPoolExecutor.getTask(ThreadPoolExecutor.java:1070)
        at java.base@21.0.5/java.util.concurrent.ThreadPoolExecutor.runWorker(ThreadPoolExecutor.java:1130)
        at java.base@21.0.5/java.util.concurrent.ThreadPoolExecutor$Worker.run(ThreadPoolExecutor.java:642)
        at java.base@21.0.5/java.lang.Thread.runWith(Thread.java:1596)
        at java.base@21.0.5/java.lang.Thread.run(Thread.java:1583)
"Socket Reader #6 for port 15021"  prio=5 tid=579 runnable
java.lang.Thread.State: RUNNABLE
        at java.base@21.0.5/sun.nio.ch.EPoll.wait(Native Method)
        at java.base@21.0.5/sun.nio.ch.EPollSelectorImpl.doSelect(EPollSelectorImpl.java:121)
        at java.base@21.0.5/sun.nio.ch.SelectorImpl.lockAndDoSelect(SelectorImpl.java:130)
        at java.base@21.0.5/sun.nio.ch.SelectorImpl.select(SelectorImpl.java:147)
        at app//org.apache.hadoop.ipc.Server$Listener$Reader.doRunLoop(Server.java:1497)
        at app//org.apache.hadoop.ipc.Server$Listener$Reader.run(Server.java:1476)
"IPC Server handler 26 on default port 15002" daemon prio=5 tid=358 timed_waiting
java.lang.Thread.State: TIMED_WAITING
        at java.base@21.0.5/jdk.internal.misc.Unsafe.park(Native Method)
        at java.base@21.0.5/java.util.concurrent.locks.LockSupport.parkNanos(LockSupport.java:269)
        at java.base@21.0.5/java.util.concurrent.locks.AbstractQueuedSynchronizer$ConditionObject.awaitNanos(AbstractQueuedSynchronizer.java:1763)
        at java.base@21.0.5/java.util.concurrent.LinkedBlockingQueue.poll(LinkedBlockingQueue.java:460)
        at app//org.apache.hadoop.ipc.CallQueueManager.take(CallQueueManager.java:370)
        at app//org.apache.hadoop.ipc.Server$Handler.run(Server.java:3165)
"qtp270478498-489" daemon prio=5 tid=489 timed_waiting
java.lang.Thread.State: TIMED_WAITING
        at java.base@21.0.5/jdk.internal.misc.Unsafe.park(Native Method)
        at java.base@21.0.5/java.util.concurrent.locks.LockSupport.parkNanos(LockSupport.java:269)
        at java.base@21.0.5/java.util.concurrent.locks.AbstractQueuedSynchronizer$ConditionObject.awaitNanos(AbstractQueuedSynchronizer.java:1763)
        at app//org.eclipse.jetty.util.BlockingArrayQueue.poll(BlockingArrayQueue.java:382)
        at app//org.eclipse.jetty.util.thread.QueuedThreadPool$Runner.idleJobPoll(QueuedThreadPool.java:974)
        at app//org.eclipse.jetty.util.thread.QueuedThreadPool$Runner.run(QueuedThreadPool.java:1018)
        at java.base@21.0.5/java.lang.Thread.runWith(Thread.java:1596)
        at java.base@21.0.5/java.lang.Thread.run(Thread.java:1583)
"ac32094a-198b-4072-99dd-552311e88daf@group-B4DF6D08F4AD-cacheEviction-AwaitToRun" daemon prio=5 tid=1706 in Object.wait()
java.lang.Thread.State: WAITING (on object monitor)
        at java.base@21.0.5/jdk.internal.misc.Unsafe.park(Native Method)
        at java.base@21.0.5/java.util.concurrent.locks.LockSupport.park(LockSupport.java:371)
        at java.base@21.0.5/java.util.concurrent.locks.AbstractQueuedSynchronizer$ConditionNode.block(AbstractQueuedSynchronizer.java:519)
        at java.base@21.0.5/java.util.concurrent.ForkJoinPool.unmanagedBlock(ForkJoinPool.java:3780)
        at java.base@21.0.5/java.util.concurrent.ForkJoinPool.managedBlock(ForkJoinPool.java:3725)
        at java.base@21.0.5/java.util.concurrent.locks.AbstractQueuedSynchronizer$ConditionObject.await(AbstractQueuedSynchronizer.java:1712)
        at app//org.apache.ratis.util.AwaitForSignal.await(AwaitForSignal.java:48)
        at app//org.apache.ratis.util.AwaitToRun$RunnableImpl.run(AwaitToRun.java:47)
        at java.base@21.0.5/java.lang.Thread.runWith(Thread.java:1596)
        at java.base@21.0.5/java.lang.Thread.run(Thread.java:1583)
"qtp1757232703-2489" daemon prio=5 tid=2489 timed_waiting
java.lang.Thread.State: TIMED_WAITING
        at java.base@21.0.5/jdk.internal.misc.Unsafe.park(Native Method)
        at java.base@21.0.5/java.util.concurrent.locks.LockSupport.parkNanos(LockSupport.java:269)
        at java.base@21.0.5/java.util.concurrent.locks.AbstractQueuedSynchronizer$ConditionObject.awaitNanos(AbstractQueuedSynchronizer.java:1763)
        at app//org.eclipse.jetty.util.BlockingArrayQueue.poll(BlockingArrayQueue.java:382)
        at app//org.eclipse.jetty.util.thread.QueuedThreadPool$Runner.idleJobPoll(QueuedThreadPool.java:974)
        at app//org.eclipse.jetty.util.thread.QueuedThreadPool$Runner.run(QueuedThreadPool.java:1018)
        at java.base@21.0.5/java.lang.Thread.runWith(Thread.java:1596)
        at java.base@21.0.5/java.lang.Thread.run(Thread.java:1583)
"3296053d-9d54-4057-a6a8-67c4b6ec6587-DatanodeReportManager-3" daemon prio=5 tid=649 timed_waiting
java.lang.Thread.State: TIMED_WAITING
        at java.base@21.0.5/jdk.internal.misc.Unsafe.park(Native Method)
        at java.base@21.0.5/java.util.concurrent.locks.LockSupport.parkNanos(LockSupport.java:269)
        at java.base@21.0.5/java.util.concurrent.locks.AbstractQueuedSynchronizer$ConditionObject.awaitNanos(AbstractQueuedSynchronizer.java:1763)
        at java.base@21.0.5/java.util.concurrent.ScheduledThreadPoolExecutor$DelayedWorkQueue.take(ScheduledThreadPoolExecutor.java:1182)
        at java.base@21.0.5/java.util.concurrent.ScheduledThreadPoolExecutor$DelayedWorkQueue.take(ScheduledThreadPoolExecutor.java:899)
        at java.base@21.0.5/java.util.concurrent.ThreadPoolExecutor.getTask(ThreadPoolExecutor.java:1070)
        at java.base@21.0.5/java.util.concurrent.ThreadPoolExecutor.runWorker(ThreadPoolExecutor.java:1130)
        at java.base@21.0.5/java.util.concurrent.ThreadPoolExecutor$Worker.run(ThreadPoolExecutor.java:642)
        at java.base@21.0.5/java.lang.Thread.runWith(Thread.java:1596)
        at java.base@21.0.5/java.lang.Thread.run(Thread.java:1583)
"79978ed1-1a5c-4832-b584-9e2d85f03cd7@group-DAF53CCE5B84-cacheEviction-AwaitToRun" daemon prio=5 tid=1562 in Object.wait()
java.lang.Thread.State: WAITING (on object monitor)
        at java.base@21.0.5/jdk.internal.misc.Unsafe.park(Native Method)
        at java.base@21.0.5/java.util.concurrent.locks.LockSupport.park(LockSupport.java:371)
        at java.base@21.0.5/java.util.concurrent.locks.AbstractQueuedSynchronizer$ConditionNode.block(AbstractQueuedSynchronizer.java:519)
        at java.base@21.0.5/java.util.concurrent.ForkJoinPool.unmanagedBlock(ForkJoinPool.java:3780)
        at java.base@21.0.5/java.util.concurrent.ForkJoinPool.managedBlock(ForkJoinPool.java:3725)
        at java.base@21.0.5/java.util.concurrent.locks.AbstractQueuedSynchronizer$ConditionObject.await(AbstractQueuedSynchronizer.java:1712)
        at app//org.apache.ratis.util.AwaitForSignal.await(AwaitForSignal.java:48)
        at app//org.apache.ratis.util.AwaitToRun$RunnableImpl.run(AwaitToRun.java:47)
        at java.base@21.0.5/java.lang.Thread.runWith(Thread.java:1596)
        at java.base@21.0.5/java.lang.Thread.run(Thread.java:1583)
"IPC Server handler 82 on default port 15001" daemon prio=5 tid=296 timed_waiting
java.lang.Thread.State: TIMED_WAITING
        at java.base@21.0.5/jdk.internal.misc.Unsafe.park(Native Method)
        at java.base@21.0.5/java.util.concurrent.locks.LockSupport.parkNanos(LockSupport.java:269)
        at java.base@21.0.5/java.util.concurrent.locks.AbstractQueuedSynchronizer$ConditionObject.awaitNanos(AbstractQueuedSynchronizer.java:1763)
        at java.base@21.0.5/java.util.concurrent.LinkedBlockingQueue.poll(LinkedBlockingQueue.java:460)
        at app//org.apache.hadoop.ipc.CallQueueManager.take(CallQueueManager.java:370)
        at app//org.apache.hadoop.ipc.Server$Handler.run(Server.java:3165)
"751e45cc-852a-454f-97c8-e80f2befe6f4@group-41854415688A-cacheEviction-AwaitToRun" daemon prio=5 tid=1474 in Object.wait()
java.lang.Thread.State: WAITING (on object monitor)
        at java.base@21.0.5/jdk.internal.misc.Unsafe.park(Native Method)
        at java.base@21.0.5/java.util.concurrent.locks.LockSupport.park(LockSupport.java:371)
        at java.base@21.0.5/java.util.concurrent.locks.AbstractQueuedSynchronizer$ConditionNode.block(AbstractQueuedSynchronizer.java:519)
        at java.base@21.0.5/java.util.concurrent.ForkJoinPool.unmanagedBlock(ForkJoinPool.java:3780)
        at java.base@21.0.5/java.util.concurrent.ForkJoinPool.managedBlock(ForkJoinPool.java:3725)
        at java.base@21.0.5/java.util.concurrent.locks.AbstractQueuedSynchronizer$ConditionObject.await(AbstractQueuedSynchronizer.java:1712)
        at app//org.apache.ratis.util.AwaitForSignal.await(AwaitForSignal.java:48)
        at app//org.apache.ratis.util.AwaitToRun$RunnableImpl.run(AwaitToRun.java:47)
        at java.base@21.0.5/java.lang.Thread.runWith(Thread.java:1596)
        at java.base@21.0.5/java.lang.Thread.run(Thread.java:1583)
"StaleRecoveringContainerScrubbingService#6" daemon prio=5 tid=2842 in Object.wait()
java.lang.Thread.State: WAITING (on object monitor)
        at java.base@21.0.5/jdk.internal.misc.Unsafe.park(Native Method)
        at java.base@21.0.5/java.util.concurrent.locks.LockSupport.park(LockSupport.java:371)
        at java.base@21.0.5/java.util.concurrent.locks.AbstractQueuedSynchronizer$ConditionNode.block(AbstractQueuedSynchronizer.java:519)
        at java.base@21.0.5/java.util.concurrent.ForkJoinPool.unmanagedBlock(ForkJoinPool.java:3780)
        at java.base@21.0.5/java.util.concurrent.ForkJoinPool.managedBlock(ForkJoinPool.java:3725)
        at java.base@21.0.5/java.util.concurrent.locks.AbstractQueuedSynchronizer$ConditionObject.await(AbstractQueuedSynchronizer.java:1712)
        at java.base@21.0.5/java.util.concurrent.ScheduledThreadPoolExecutor$DelayedWorkQueue.take(ScheduledThreadPoolExecutor.java:1177)
        at java.base@21.0.5/java.util.concurrent.ScheduledThreadPoolExecutor$DelayedWorkQueue.take(ScheduledThreadPoolExecutor.java:899)
        at java.base@21.0.5/java.util.concurrent.ThreadPoolExecutor.getTask(ThreadPoolExecutor.java:1070)
        at java.base@21.0.5/java.util.concurrent.ThreadPoolExecutor.runWorker(ThreadPoolExecutor.java:1130)
        at java.base@21.0.5/java.util.concurrent.ThreadPoolExecutor$Worker.run(ThreadPoolExecutor.java:642)
        at java.base@21.0.5/java.lang.Thread.runWith(Thread.java:1596)
        at java.base@21.0.5/java.lang.Thread.run(Thread.java:1583)
"26f755b0-b4b1-4239-8401-e418fca9ef4b-PeriodicHDDSVolumeChecker" daemon prio=5 tid=2527 timed_waiting
java.lang.Thread.State: TIMED_WAITING
        at java.base@21.0.5/jdk.internal.misc.Unsafe.park(Native Method)
        at java.base@21.0.5/java.util.concurrent.locks.LockSupport.parkNanos(LockSupport.java:269)
        at java.base@21.0.5/java.util.concurrent.locks.AbstractQueuedSynchronizer$ConditionObject.awaitNanos(AbstractQueuedSynchronizer.java:1763)
        at java.base@21.0.5/java.util.concurrent.ScheduledThreadPoolExecutor$DelayedWorkQueue.take(ScheduledThreadPoolExecutor.java:1182)
        at java.base@21.0.5/java.util.concurrent.ScheduledThreadPoolExecutor$DelayedWorkQueue.take(ScheduledThreadPoolExecutor.java:899)
        at java.base@21.0.5/java.util.concurrent.ThreadPoolExecutor.getTask(ThreadPoolExecutor.java:1070)
        at java.base@21.0.5/java.util.concurrent.ThreadPoolExecutor.runWorker(ThreadPoolExecutor.java:1130)
        at java.base@21.0.5/java.util.concurrent.ThreadPoolExecutor$Worker.run(ThreadPoolExecutor.java:642)
        at java.base@21.0.5/java.lang.Thread.runWith(Thread.java:1596)
        at java.base@21.0.5/java.lang.Thread.run(Thread.java:1583)
"4b5ea8a3-88a5-4114-908f-7a85f39bc1cb@group-3AA7185FFAA2-LeaderStateImpl" daemon prio=5 tid=1899 timed_waiting
java.lang.Thread.State: TIMED_WAITING
        at java.base@21.0.5/jdk.internal.misc.Unsafe.park(Native Method)
        at java.base@21.0.5/java.util.concurrent.locks.LockSupport.parkNanos(LockSupport.java:269)
        at java.base@21.0.5/java.util.concurrent.locks.AbstractQueuedSynchronizer$ConditionObject.awaitNanos(AbstractQueuedSynchronizer.java:1763)
        at java.base@21.0.5/java.util.concurrent.ArrayBlockingQueue.poll(ArrayBlockingQueue.java:435)
        at app//org.apache.ratis.server.impl.LeaderStateImpl$EventQueue.poll(LeaderStateImpl.java:164)
        at app//org.apache.ratis.server.impl.LeaderStateImpl$EventProcessor.run(LeaderStateImpl.java:763)
"4b5ea8a3-88a5-4114-908f-7a85f39bc1cb@group-3AA7185FFAA2-StateMachineUpdater" daemon prio=5 tid=1321 timed_waiting
java.lang.Thread.State: TIMED_WAITING
        at java.base@21.0.5/jdk.internal.misc.Unsafe.park(Native Method)
        at java.base@21.0.5/java.util.concurrent.locks.LockSupport.parkNanos(LockSupport.java:269)
        at java.base@21.0.5/java.util.concurrent.locks.AbstractQueuedSynchronizer$ConditionObject.await(AbstractQueuedSynchronizer.java:1852)
        at app//org.apache.ratis.util.AwaitForSignal.await(AwaitForSignal.java:65)
        at app//org.apache.ratis.server.impl.StateMachineUpdater.waitForCommit(StateMachineUpdater.java:219)
        at app//org.apache.ratis.server.impl.StateMachineUpdater.run(StateMachineUpdater.java:187)
        at java.base@21.0.5/java.lang.Thread.runWith(Thread.java:1596)
        at java.base@21.0.5/java.lang.Thread.run(Thread.java:1583)
"IPC Server listener on 15057" daemon prio=5 tid=759 runnable
java.lang.Thread.State: RUNNABLE
        at java.base@21.0.5/sun.nio.ch.EPoll.wait(Native Method)
        at java.base@21.0.5/sun.nio.ch.EPollSelectorImpl.doSelect(EPollSelectorImpl.java:121)
        at java.base@21.0.5/sun.nio.ch.SelectorImpl.lockAndDoSelect(SelectorImpl.java:130)
        at java.base@21.0.5/sun.nio.ch.SelectorImpl.select(SelectorImpl.java:147)
        at app//org.apache.hadoop.ipc.Server$Listener.run(Server.java:1559)
"EventQueue-NodeReportForNodeReportHandler" daemon prio=5 tid=2850 in Object.wait()
java.lang.Thread.State: WAITING (on object monitor)
        at java.base@21.0.5/jdk.internal.misc.Unsafe.park(Native Method)
        at java.base@21.0.5/java.util.concurrent.locks.LockSupport.park(LockSupport.java:371)
        at java.base@21.0.5/java.util.concurrent.locks.AbstractQueuedSynchronizer$ConditionNode.block(AbstractQueuedSynchronizer.java:519)
        at java.base@21.0.5/java.util.concurrent.ForkJoinPool.unmanagedBlock(ForkJoinPool.java:3780)
        at java.base@21.0.5/java.util.concurrent.ForkJoinPool.managedBlock(ForkJoinPool.java:3725)
        at java.base@21.0.5/java.util.concurrent.locks.AbstractQueuedSynchronizer$ConditionObject.await(AbstractQueuedSynchronizer.java:1712)
        at java.base@21.0.5/java.util.concurrent.LinkedBlockingQueue.take(LinkedBlockingQueue.java:435)
        at java.base@21.0.5/java.util.concurrent.ThreadPoolExecutor.getTask(ThreadPoolExecutor.java:1070)
        at java.base@21.0.5/java.util.concurrent.ThreadPoolExecutor.runWorker(ThreadPoolExecutor.java:1130)
        at java.base@21.0.5/java.util.concurrent.ThreadPoolExecutor$Worker.run(ThreadPoolExecutor.java:642)
        at java.base@21.0.5/java.lang.Thread.runWith(Thread.java:1596)
        at java.base@21.0.5/java.lang.Thread.run(Thread.java:1583)
"02fc1759-725d-47af-8349-873c9c5c9167@group-1CB239B5D031-StateMachineUpdater" daemon prio=5 tid=1305 timed_waiting
java.lang.Thread.State: TIMED_WAITING
        at java.base@21.0.5/jdk.internal.misc.Unsafe.park(Native Method)
        at java.base@21.0.5/java.util.concurrent.locks.LockSupport.parkNanos(LockSupport.java:269)
        at java.base@21.0.5/java.util.concurrent.locks.AbstractQueuedSynchronizer$ConditionObject.await(AbstractQueuedSynchronizer.java:1852)
        at app//org.apache.ratis.util.AwaitForSignal.await(AwaitForSignal.java:65)
        at app//org.apache.ratis.server.impl.StateMachineUpdater.waitForCommit(StateMachineUpdater.java:219)
        at app//org.apache.ratis.server.impl.StateMachineUpdater.run(StateMachineUpdater.java:187)
        at java.base@21.0.5/java.lang.Thread.runWith(Thread.java:1596)
        at java.base@21.0.5/java.lang.Thread.run(Thread.java:1583)
"79978ed1-1a5c-4832-b584-9e2d85f03cd7@group-2F5615DC861B-StateMachineUpdater" daemon prio=5 tid=1179 timed_waiting
java.lang.Thread.State: TIMED_WAITING
        at java.base@21.0.5/jdk.internal.misc.Unsafe.park(Native Method)
        at java.base@21.0.5/java.util.concurrent.locks.LockSupport.parkNanos(LockSupport.java:269)
        at java.base@21.0.5/java.util.concurrent.locks.AbstractQueuedSynchronizer$ConditionObject.await(AbstractQueuedSynchronizer.java:1852)
        at app//org.apache.ratis.util.AwaitForSignal.await(AwaitForSignal.java:65)
        at app//org.apache.ratis.server.impl.StateMachineUpdater.waitForCommit(StateMachineUpdater.java:219)
        at app//org.apache.ratis.server.impl.StateMachineUpdater.run(StateMachineUpdater.java:187)
        at java.base@21.0.5/java.lang.Thread.runWith(Thread.java:1596)
        at java.base@21.0.5/java.lang.Thread.run(Thread.java:1583)
"b6b79d51-52d7-4711-a690-06a51533978a-BlockDeletingService#3" daemon prio=5 tid=2908 in Object.wait()
java.lang.Thread.State: WAITING (on object monitor)
        at java.base@21.0.5/jdk.internal.misc.Unsafe.park(Native Method)
        at java.base@21.0.5/java.util.concurrent.locks.LockSupport.park(LockSupport.java:371)
        at java.base@21.0.5/java.util.concurrent.locks.AbstractQueuedSynchronizer$ConditionNode.block(AbstractQueuedSynchronizer.java:519)
        at java.base@21.0.5/java.util.concurrent.ForkJoinPool.unmanagedBlock(ForkJoinPool.java:3780)
        at java.base@21.0.5/java.util.concurrent.ForkJoinPool.managedBlock(ForkJoinPool.java:3725)
        at java.base@21.0.5/java.util.concurrent.locks.AbstractQueuedSynchronizer$ConditionObject.await(AbstractQueuedSynchronizer.java:1712)
        at java.base@21.0.5/java.util.concurrent.ScheduledThreadPoolExecutor$DelayedWorkQueue.take(ScheduledThreadPoolExecutor.java:1177)
        at java.base@21.0.5/java.util.concurrent.ScheduledThreadPoolExecutor$DelayedWorkQueue.take(ScheduledThreadPoolExecutor.java:899)
        at java.base@21.0.5/java.util.concurrent.ThreadPoolExecutor.getTask(ThreadPoolExecutor.java:1070)
        at java.base@21.0.5/java.util.concurrent.ThreadPoolExecutor.runWorker(ThreadPoolExecutor.java:1130)
        at java.base@21.0.5/java.util.concurrent.ThreadPoolExecutor$Worker.run(ThreadPoolExecutor.java:642)
        at java.base@21.0.5/java.lang.Thread.runWith(Thread.java:1596)
        at java.base@21.0.5/java.lang.Thread.run(Thread.java:1583)
"751e45cc-852a-454f-97c8-e80f2befe6f4@group-2A3258B325AC->3296053d-9d54-4057-a6a8-67c4b6ec6587-GrpcLogAppender-LogAppenderDaemon" daemon prio=5 tid=1959 timed_waiting
java.lang.Thread.State: TIMED_WAITING
        at java.base@21.0.5/jdk.internal.misc.Unsafe.park(Native Method)
        at java.base@21.0.5/java.util.concurrent.locks.LockSupport.parkNanos(LockSupport.java:269)
        at java.base@21.0.5/java.util.concurrent.locks.AbstractQueuedSynchronizer$ConditionObject.await(AbstractQueuedSynchronizer.java:1852)
        at app//org.apache.ratis.util.AwaitForSignal.await(AwaitForSignal.java:65)
        at app//org.apache.ratis.grpc.server.GrpcLogAppender.mayWait(GrpcLogAppender.java:290)
        at app//org.apache.ratis.grpc.server.GrpcLogAppender.run(GrpcLogAppender.java:258)
        at app//org.apache.ratis.server.leader.LogAppenderDaemon.run(LogAppenderDaemon.java:80)
        at app//org.apache.ratis.server.leader.LogAppenderDaemon$$Lambda/0x00007fd9cc91b588.run(Unknown Source)
        at java.base@21.0.5/java.lang.Thread.runWith(Thread.java:1596)
        at java.base@21.0.5/java.lang.Thread.run(Thread.java:1583)
"qtp1778430092-612-acceptor-0@5061ca7f-ServerConnector@749afabf{HTTP/1.1, (http/1.1)}{0.0.0.0:15029}" daemon prio=3 tid=612 runnable
java.lang.Thread.State: RUNNABLE
        at java.base@21.0.5/sun.nio.ch.Net.accept(Native Method)
        at java.base@21.0.5/sun.nio.ch.ServerSocketChannelImpl.implAccept(ServerSocketChannelImpl.java:433)
        at java.base@21.0.5/sun.nio.ch.ServerSocketChannelImpl.accept(ServerSocketChannelImpl.java:399)
        at app//org.eclipse.jetty.server.ServerConnector.accept(ServerConnector.java:388)
        at app//org.eclipse.jetty.server.AbstractConnector$Acceptor.run(AbstractConnector.java:704)
        at app//org.eclipse.jetty.util.thread.QueuedThreadPool.runJob(QueuedThreadPool.java:883)
        at app//org.eclipse.jetty.util.thread.QueuedThreadPool$Runner.run(QueuedThreadPool.java:1034)
        at java.base@21.0.5/java.lang.Thread.runWith(Thread.java:1596)
        at java.base@21.0.5/java.lang.Thread.run(Thread.java:1583)
"Socket Reader #1 for port 15039"  prio=5 tid=668 runnable
java.lang.Thread.State: RUNNABLE
        at java.base@21.0.5/sun.nio.ch.EPoll.wait(Native Method)
        at java.base@21.0.5/sun.nio.ch.EPollSelectorImpl.doSelect(EPollSelectorImpl.java:121)
        at java.base@21.0.5/sun.nio.ch.SelectorImpl.lockAndDoSelect(SelectorImpl.java:130)
        at java.base@21.0.5/sun.nio.ch.SelectorImpl.select(SelectorImpl.java:147)
        at app//org.apache.hadoop.ipc.Server$Listener$Reader.doRunLoop(Server.java:1497)
        at app//org.apache.hadoop.ipc.Server$Listener$Reader.run(Server.java:1476)
"eca5a246-1f8f-493f-b50d-7eee1f2fec76-ChunkWriter-1-0" daemon prio=5 tid=1101 in Object.wait()
java.lang.Thread.State: WAITING (on object monitor)
        at java.base@21.0.5/jdk.internal.misc.Unsafe.park(Native Method)
        at java.base@21.0.5/java.util.concurrent.locks.LockSupport.park(LockSupport.java:371)
        at java.base@21.0.5/java.util.concurrent.locks.AbstractQueuedSynchronizer$ConditionNode.block(AbstractQueuedSynchronizer.java:519)
        at java.base@21.0.5/java.util.concurrent.ForkJoinPool.unmanagedBlock(ForkJoinPool.java:3780)
        at java.base@21.0.5/java.util.concurrent.ForkJoinPool.managedBlock(ForkJoinPool.java:3725)
        at java.base@21.0.5/java.util.concurrent.locks.AbstractQueuedSynchronizer$ConditionObject.await(AbstractQueuedSynchronizer.java:1712)
        at java.base@21.0.5/java.util.concurrent.LinkedBlockingDeque.takeFirst(LinkedBlockingDeque.java:485)
        at java.base@21.0.5/java.util.concurrent.LinkedBlockingDeque.take(LinkedBlockingDeque.java:673)
        at java.base@21.0.5/java.util.concurrent.ThreadPoolExecutor.getTask(ThreadPoolExecutor.java:1070)
        at java.base@21.0.5/java.util.concurrent.ThreadPoolExecutor.runWorker(ThreadPoolExecutor.java:1130)
        at java.base@21.0.5/java.util.concurrent.ThreadPoolExecutor$Worker.run(ThreadPoolExecutor.java:642)
        at java.base@21.0.5/java.lang.Thread.runWith(Thread.java:1596)
        at java.base@21.0.5/java.lang.Thread.run(Thread.java:1583)
"ac32094a-198b-4072-99dd-552311e88daf-server-thread3" daemon prio=5 tid=2678 timed_waiting
java.lang.Thread.State: TIMED_WAITING
        at java.base@21.0.5/jdk.internal.misc.Unsafe.park(Native Method)
        at java.base@21.0.5/java.util.concurrent.locks.LockSupport.parkNanos(LockSupport.java:410)
        at java.base@21.0.5/java.util.concurrent.LinkedTransferQueue$DualNode.await(LinkedTransferQueue.java:452)
        at java.base@21.0.5/java.util.concurrent.SynchronousQueue$Transferer.xferLifo(SynchronousQueue.java:194)
        at java.base@21.0.5/java.util.concurrent.SynchronousQueue.xfer(SynchronousQueue.java:235)
        at java.base@21.0.5/java.util.concurrent.SynchronousQueue.poll(SynchronousQueue.java:338)
        at java.base@21.0.5/java.util.concurrent.ThreadPoolExecutor.getTask(ThreadPoolExecutor.java:1069)
        at java.base@21.0.5/java.util.concurrent.ThreadPoolExecutor.runWorker(ThreadPoolExecutor.java:1130)
        at java.base@21.0.5/java.util.concurrent.ThreadPoolExecutor$Worker.run(ThreadPoolExecutor.java:642)
        at java.base@21.0.5/java.lang.Thread.runWith(Thread.java:1596)
        at java.base@21.0.5/java.lang.Thread.run(Thread.java:1583)
"751e45cc-852a-454f-97c8-e80f2befe6f4-DatanodeStateMachineTaskThread-0"  prio=5 tid=789 in Object.wait()
java.lang.Thread.State: WAITING (on object monitor)
        at java.base@21.0.5/jdk.internal.misc.Unsafe.park(Native Method)
        at java.base@21.0.5/java.util.concurrent.locks.LockSupport.park(LockSupport.java:371)
        at java.base@21.0.5/java.util.concurrent.locks.AbstractQueuedSynchronizer$ConditionNode.block(AbstractQueuedSynchronizer.java:519)
        at java.base@21.0.5/java.util.concurrent.ForkJoinPool.unmanagedBlock(ForkJoinPool.java:3780)
        at java.base@21.0.5/java.util.concurrent.ForkJoinPool.managedBlock(ForkJoinPool.java:3725)
        at java.base@21.0.5/java.util.concurrent.locks.AbstractQueuedSynchronizer$ConditionObject.await(AbstractQueuedSynchronizer.java:1712)
        at java.base@21.0.5/java.util.concurrent.LinkedBlockingQueue.take(LinkedBlockingQueue.java:435)
        at java.base@21.0.5/java.util.concurrent.ThreadPoolExecutor.getTask(ThreadPoolExecutor.java:1070)
        at java.base@21.0.5/java.util.concurrent.ThreadPoolExecutor.runWorker(ThreadPoolExecutor.java:1130)
        at java.base@21.0.5/java.util.concurrent.ThreadPoolExecutor$Worker.run(ThreadPoolExecutor.java:642)
        at java.base@21.0.5/java.lang.Thread.runWith(Thread.java:1596)
        at java.base@21.0.5/java.lang.Thread.run(Thread.java:1583)
"IPC Server handler 4 on default port 15000" daemon prio=5 tid=118 timed_waiting
java.lang.Thread.State: TIMED_WAITING
        at java.base@21.0.5/jdk.internal.misc.Unsafe.park(Native Method)
        at java.base@21.0.5/java.util.concurrent.locks.LockSupport.parkNanos(LockSupport.java:269)
        at java.base@21.0.5/java.util.concurrent.locks.AbstractQueuedSynchronizer$ConditionObject.awaitNanos(AbstractQueuedSynchronizer.java:1763)
        at java.base@21.0.5/java.util.concurrent.LinkedBlockingQueue.poll(LinkedBlockingQueue.java:460)
        at app//org.apache.hadoop.ipc.CallQueueManager.take(CallQueueManager.java:370)
        at app//org.apache.hadoop.ipc.Server$Handler.run(Server.java:3165)
"IPC Server handler 18 on default port 15002" daemon prio=5 tid=350 timed_waiting
java.lang.Thread.State: TIMED_WAITING
        at java.base@21.0.5/jdk.internal.misc.Unsafe.park(Native Method)
        at java.base@21.0.5/java.util.concurrent.locks.LockSupport.parkNanos(LockSupport.java:269)
        at java.base@21.0.5/java.util.concurrent.locks.AbstractQueuedSynchronizer$ConditionObject.awaitNanos(AbstractQueuedSynchronizer.java:1763)
        at java.base@21.0.5/java.util.concurrent.LinkedBlockingQueue.poll(LinkedBlockingQueue.java:460)
        at app//org.apache.hadoop.ipc.CallQueueManager.take(CallQueueManager.java:370)
        at app//org.apache.hadoop.ipc.Server$Handler.run(Server.java:3165)
"26f755b0-b4b1-4239-8401-e418fca9ef4b-BlockDeletingService#3" daemon prio=5 tid=2912 in Object.wait()
java.lang.Thread.State: WAITING (on object monitor)
        at java.base@21.0.5/jdk.internal.misc.Unsafe.park(Native Method)
        at java.base@21.0.5/java.util.concurrent.locks.LockSupport.park(LockSupport.java:371)
        at java.base@21.0.5/java.util.concurrent.locks.AbstractQueuedSynchronizer$ConditionNode.block(AbstractQueuedSynchronizer.java:519)
        at java.base@21.0.5/java.util.concurrent.ForkJoinPool.unmanagedBlock(ForkJoinPool.java:3780)
        at java.base@21.0.5/java.util.concurrent.ForkJoinPool.managedBlock(ForkJoinPool.java:3725)
        at java.base@21.0.5/java.util.concurrent.locks.AbstractQueuedSynchronizer$ConditionObject.await(AbstractQueuedSynchronizer.java:1712)
        at java.base@21.0.5/java.util.concurrent.ScheduledThreadPoolExecutor$DelayedWorkQueue.take(ScheduledThreadPoolExecutor.java:1177)
        at java.base@21.0.5/java.util.concurrent.ScheduledThreadPoolExecutor$DelayedWorkQueue.take(ScheduledThreadPoolExecutor.java:899)
        at java.base@21.0.5/java.util.concurrent.ThreadPoolExecutor.getTask(ThreadPoolExecutor.java:1070)
        at java.base@21.0.5/java.util.concurrent.ThreadPoolExecutor.runWorker(ThreadPoolExecutor.java:1130)
        at java.base@21.0.5/java.util.concurrent.ThreadPoolExecutor$Worker.run(ThreadPoolExecutor.java:642)
        at java.base@21.0.5/java.lang.Thread.runWith(Thread.java:1596)
        at java.base@21.0.5/java.lang.Thread.run(Thread.java:1583)
"79978ed1-1a5c-4832-b584-9e2d85f03cd7-ContainerReplicationThread-0" daemon prio=5 tid=2894 in Object.wait()
java.lang.Thread.State: WAITING (on object monitor)
        at java.base@21.0.5/jdk.internal.misc.Unsafe.park(Native Method)
        at java.base@21.0.5/java.util.concurrent.locks.LockSupport.park(LockSupport.java:371)
        at java.base@21.0.5/java.util.concurrent.locks.AbstractQueuedSynchronizer$ConditionNode.block(AbstractQueuedSynchronizer.java:519)
        at java.base@21.0.5/java.util.concurrent.ForkJoinPool.unmanagedBlock(ForkJoinPool.java:3780)
        at java.base@21.0.5/java.util.concurrent.ForkJoinPool.managedBlock(ForkJoinPool.java:3725)
        at java.base@21.0.5/java.util.concurrent.locks.AbstractQueuedSynchronizer$ConditionObject.await(AbstractQueuedSynchronizer.java:1712)
        at java.base@21.0.5/java.util.concurrent.PriorityBlockingQueue.take(PriorityBlockingQueue.java:535)
        at java.base@21.0.5/java.util.concurrent.ThreadPoolExecutor.getTask(ThreadPoolExecutor.java:1070)
        at java.base@21.0.5/java.util.concurrent.ThreadPoolExecutor.runWorker(ThreadPoolExecutor.java:1130)
        at java.base@21.0.5/java.util.concurrent.ThreadPoolExecutor$Worker.run(ThreadPoolExecutor.java:642)
        at java.base@21.0.5/java.lang.Thread.runWith(Thread.java:1596)
        at java.base@21.0.5/java.lang.Thread.run(Thread.java:1583)
"IPC Server handler 13 on default port 15001" daemon prio=5 tid=227 timed_waiting
java.lang.Thread.State: TIMED_WAITING
        at java.base@21.0.5/jdk.internal.misc.Unsafe.park(Native Method)
        at java.base@21.0.5/java.util.concurrent.locks.LockSupport.parkNanos(LockSupport.java:269)
        at java.base@21.0.5/java.util.concurrent.locks.AbstractQueuedSynchronizer$ConditionObject.awaitNanos(AbstractQueuedSynchronizer.java:1763)
        at java.base@21.0.5/java.util.concurrent.LinkedBlockingQueue.poll(LinkedBlockingQueue.java:460)
        at app//org.apache.hadoop.ipc.CallQueueManager.take(CallQueueManager.java:370)
        at app//org.apache.hadoop.ipc.Server$Handler.run(Server.java:3165)
"IPC Server handler 6 on default port 15039" daemon prio=5 tid=687 timed_waiting
java.lang.Thread.State: TIMED_WAITING
        at java.base@21.0.5/jdk.internal.misc.Unsafe.park(Native Method)
        at java.base@21.0.5/java.util.concurrent.locks.LockSupport.parkNanos(LockSupport.java:269)
        at java.base@21.0.5/java.util.concurrent.locks.AbstractQueuedSynchronizer$ConditionObject.awaitNanos(AbstractQueuedSynchronizer.java:1763)
        at java.base@21.0.5/java.util.concurrent.LinkedBlockingQueue.poll(LinkedBlockingQueue.java:460)
        at app//org.apache.hadoop.ipc.CallQueueManager.take(CallQueueManager.java:370)
        at app//org.apache.hadoop.ipc.Server$Handler.run(Server.java:3165)
"3296053d-9d54-4057-a6a8-67c4b6ec6587-DatanodeStateMachineTaskThread-1"  prio=5 tid=983 in Object.wait()
java.lang.Thread.State: WAITING (on object monitor)
        at java.base@21.0.5/jdk.internal.misc.Unsafe.park(Native Method)
        at java.base@21.0.5/java.util.concurrent.locks.LockSupport.park(LockSupport.java:371)
        at java.base@21.0.5/java.util.concurrent.locks.AbstractQueuedSynchronizer$ConditionNode.block(AbstractQueuedSynchronizer.java:519)
        at java.base@21.0.5/java.util.concurrent.ForkJoinPool.unmanagedBlock(ForkJoinPool.java:3780)
        at java.base@21.0.5/java.util.concurrent.ForkJoinPool.managedBlock(ForkJoinPool.java:3725)
        at java.base@21.0.5/java.util.concurrent.locks.AbstractQueuedSynchronizer$ConditionObject.await(AbstractQueuedSynchronizer.java:1712)
        at java.base@21.0.5/java.util.concurrent.LinkedBlockingQueue.take(LinkedBlockingQueue.java:435)
        at java.base@21.0.5/java.util.concurrent.ThreadPoolExecutor.getTask(ThreadPoolExecutor.java:1070)
        at java.base@21.0.5/java.util.concurrent.ThreadPoolExecutor.runWorker(ThreadPoolExecutor.java:1130)
        at java.base@21.0.5/java.util.concurrent.ThreadPoolExecutor$Worker.run(ThreadPoolExecutor.java:642)
        at java.base@21.0.5/java.lang.Thread.runWith(Thread.java:1596)
        at java.base@21.0.5/java.lang.Thread.run(Thread.java:1583)
"IPC Server handler 3 on default port 15002" daemon prio=5 tid=335 timed_waiting
java.lang.Thread.State: TIMED_WAITING
        at java.base@21.0.5/jdk.internal.misc.Unsafe.park(Native Method)
        at java.base@21.0.5/java.util.concurrent.locks.LockSupport.parkNanos(LockSupport.java:269)
        at java.base@21.0.5/java.util.concurrent.locks.AbstractQueuedSynchronizer$ConditionObject.awaitNanos(AbstractQueuedSynchronizer.java:1763)
        at java.base@21.0.5/java.util.concurrent.LinkedBlockingQueue.poll(LinkedBlockingQueue.java:460)
        at app//org.apache.hadoop.ipc.CallQueueManager.take(CallQueueManager.java:370)
        at app//org.apache.hadoop.ipc.Server$Handler.run(Server.java:3165)
"79978ed1-1a5c-4832-b584-9e2d85f03cd7@group-2F5615DC861B->3296053d-9d54-4057-a6a8-67c4b6ec6587-GrpcLogAppender-LogAppenderDaemon" daemon prio=5 tid=1797 timed_waiting
java.lang.Thread.State: TIMED_WAITING
        at java.base@21.0.5/jdk.internal.misc.Unsafe.park(Native Method)
        at java.base@21.0.5/java.util.concurrent.locks.LockSupport.parkNanos(LockSupport.java:269)
        at java.base@21.0.5/java.util.concurrent.locks.AbstractQueuedSynchronizer$ConditionObject.await(AbstractQueuedSynchronizer.java:1852)
        at app//org.apache.ratis.util.AwaitForSignal.await(AwaitForSignal.java:65)
        at app//org.apache.ratis.grpc.server.GrpcLogAppender.mayWait(GrpcLogAppender.java:290)
        at app//org.apache.ratis.grpc.server.GrpcLogAppender.run(GrpcLogAppender.java:258)
        at app//org.apache.ratis.server.leader.LogAppenderDaemon.run(LogAppenderDaemon.java:80)
        at app//org.apache.ratis.server.leader.LogAppenderDaemon$$Lambda/0x00007fd9cc91b588.run(Unknown Source)
        at java.base@21.0.5/java.lang.Thread.runWith(Thread.java:1596)
        at java.base@21.0.5/java.lang.Thread.run(Thread.java:1583)
"qtp1757232703-2485" daemon prio=5 tid=2485 timed_waiting
java.lang.Thread.State: TIMED_WAITING
        at java.base@21.0.5/jdk.internal.misc.Unsafe.park(Native Method)
        at java.base@21.0.5/java.util.concurrent.locks.LockSupport.parkNanos(LockSupport.java:269)
        at java.base@21.0.5/java.util.concurrent.locks.AbstractQueuedSynchronizer$ConditionObject.awaitNanos(AbstractQueuedSynchronizer.java:1763)
        at app//org.eclipse.jetty.util.BlockingArrayQueue.poll(BlockingArrayQueue.java:382)
        at app//org.eclipse.jetty.util.thread.QueuedThreadPool$Runner.idleJobPoll(QueuedThreadPool.java:974)
        at app//org.eclipse.jetty.util.thread.QueuedThreadPool$Runner.run(QueuedThreadPool.java:1018)
        at java.base@21.0.5/java.lang.Thread.runWith(Thread.java:1596)
        at java.base@21.0.5/java.lang.Thread.run(Thread.java:1583)
"qtp1768621734-524" daemon prio=5 tid=524 timed_waiting
java.lang.Thread.State: TIMED_WAITING
        at java.base@21.0.5/jdk.internal.misc.Unsafe.park(Native Method)
        at java.base@21.0.5/java.util.concurrent.locks.LockSupport.parkNanos(LockSupport.java:269)
        at java.base@21.0.5/java.util.concurrent.locks.AbstractQueuedSynchronizer$ConditionObject.awaitNanos(AbstractQueuedSynchronizer.java:1763)
        at app//org.eclipse.jetty.util.BlockingArrayQueue.poll(BlockingArrayQueue.java:382)
        at app//org.eclipse.jetty.util.thread.QueuedThreadPool$Runner.idleJobPoll(QueuedThreadPool.java:974)
        at app//org.eclipse.jetty.util.thread.QueuedThreadPool$Runner.run(QueuedThreadPool.java:1018)
        at java.base@21.0.5/java.lang.Thread.runWith(Thread.java:1596)
        at java.base@21.0.5/java.lang.Thread.run(Thread.java:1583)
"b6b79d51-52d7-4711-a690-06a51533978a@group-DAF53CCE5B84->3296053d-9d54-4057-a6a8-67c4b6ec6587-GrpcLogAppender-LogAppenderDaemon" daemon prio=5 tid=2219 timed_waiting
java.lang.Thread.State: TIMED_WAITING
        at java.base@21.0.5/jdk.internal.misc.Unsafe.park(Native Method)
        at java.base@21.0.5/java.util.concurrent.locks.LockSupport.parkNanos(LockSupport.java:269)
        at java.base@21.0.5/java.util.concurrent.locks.AbstractQueuedSynchronizer$ConditionObject.await(AbstractQueuedSynchronizer.java:1852)
        at app//org.apache.ratis.util.AwaitForSignal.await(AwaitForSignal.java:65)
        at app//org.apache.ratis.grpc.server.GrpcLogAppender.mayWait(GrpcLogAppender.java:290)
        at app//org.apache.ratis.grpc.server.GrpcLogAppender.run(GrpcLogAppender.java:258)
        at app//org.apache.ratis.server.leader.LogAppenderDaemon.run(LogAppenderDaemon.java:80)
        at app//org.apache.ratis.server.leader.LogAppenderDaemon$$Lambda/0x00007fd9cc91b588.run(Unknown Source)
        at java.base@21.0.5/java.lang.Thread.runWith(Thread.java:1596)
        at java.base@21.0.5/java.lang.Thread.run(Thread.java:1583)
"15cb4571-9135-45da-b00b-37db09da0048@group-BF7D4C525004-LeaderStateImpl" daemon prio=5 tid=330 timed_waiting
java.lang.Thread.State: TIMED_WAITING
        at java.base@21.0.5/jdk.internal.misc.Unsafe.park(Native Method)
        at java.base@21.0.5/java.util.concurrent.locks.LockSupport.parkNanos(LockSupport.java:269)
        at java.base@21.0.5/java.util.concurrent.locks.AbstractQueuedSynchronizer$ConditionObject.awaitNanos(AbstractQueuedSynchronizer.java:1763)
        at java.base@21.0.5/java.util.concurrent.ArrayBlockingQueue.poll(ArrayBlockingQueue.java:435)
        at app//org.apache.ratis.server.impl.LeaderStateImpl$EventQueue.poll(LeaderStateImpl.java:164)
        at app//org.apache.ratis.server.impl.LeaderStateImpl$EventProcessor.run(LeaderStateImpl.java:763)
"26f755b0-b4b1-4239-8401-e418fca9ef4b-CloseContainerThread-0"  prio=5 tid=2628 in Object.wait()
java.lang.Thread.State: WAITING (on object monitor)
        at java.base@21.0.5/jdk.internal.misc.Unsafe.park(Native Method)
        at java.base@21.0.5/java.util.concurrent.locks.LockSupport.park(LockSupport.java:371)
        at java.base@21.0.5/java.util.concurrent.locks.AbstractQueuedSynchronizer$ConditionNode.block(AbstractQueuedSynchronizer.java:519)
        at java.base@21.0.5/java.util.concurrent.ForkJoinPool.unmanagedBlock(ForkJoinPool.java:3780)
        at java.base@21.0.5/java.util.concurrent.ForkJoinPool.managedBlock(ForkJoinPool.java:3725)
        at java.base@21.0.5/java.util.concurrent.locks.AbstractQueuedSynchronizer$ConditionObject.await(AbstractQueuedSynchronizer.java:1712)
        at java.base@21.0.5/java.util.concurrent.LinkedBlockingQueue.take(LinkedBlockingQueue.java:435)
        at java.base@21.0.5/java.util.concurrent.ThreadPoolExecutor.getTask(ThreadPoolExecutor.java:1070)
        at java.base@21.0.5/java.util.concurrent.ThreadPoolExecutor.runWorker(ThreadPoolExecutor.java:1130)
        at java.base@21.0.5/java.util.concurrent.ThreadPoolExecutor$Worker.run(ThreadPoolExecutor.java:642)
        at java.base@21.0.5/java.lang.Thread.runWith(Thread.java:1596)
        at java.base@21.0.5/java.lang.Thread.run(Thread.java:1583)
"eca5a246-1f8f-493f-b50d-7eee1f2fec76@group-65FF6341E423-StateMachineUpdater" daemon prio=5 tid=1623 timed_waiting
java.lang.Thread.State: TIMED_WAITING
        at java.base@21.0.5/jdk.internal.misc.Unsafe.park(Native Method)
        at java.base@21.0.5/java.util.concurrent.locks.LockSupport.parkNanos(LockSupport.java:269)
        at java.base@21.0.5/java.util.concurrent.locks.AbstractQueuedSynchronizer$ConditionObject.await(AbstractQueuedSynchronizer.java:1852)
        at app//org.apache.ratis.util.AwaitForSignal.await(AwaitForSignal.java:65)
        at app//org.apache.ratis.server.impl.StateMachineUpdater.waitForCommit(StateMachineUpdater.java:219)
        at app//org.apache.ratis.server.impl.StateMachineUpdater.run(StateMachineUpdater.java:187)
        at java.base@21.0.5/java.lang.Thread.runWith(Thread.java:1596)
        at java.base@21.0.5/java.lang.Thread.run(Thread.java:1583)
"02fc1759-725d-47af-8349-873c9c5c9167@group-1CB239B5D031-cacheEviction-AwaitToRun" daemon prio=5 tid=1302 in Object.wait()
java.lang.Thread.State: WAITING (on object monitor)
        at java.base@21.0.5/jdk.internal.misc.Unsafe.park(Native Method)
        at java.base@21.0.5/java.util.concurrent.locks.LockSupport.park(LockSupport.java:371)
        at java.base@21.0.5/java.util.concurrent.locks.AbstractQueuedSynchronizer$ConditionNode.block(AbstractQueuedSynchronizer.java:519)
        at java.base@21.0.5/java.util.concurrent.ForkJoinPool.unmanagedBlock(ForkJoinPool.java:3780)
        at java.base@21.0.5/java.util.concurrent.ForkJoinPool.managedBlock(ForkJoinPool.java:3725)
        at java.base@21.0.5/java.util.concurrent.locks.AbstractQueuedSynchronizer$ConditionObject.await(AbstractQueuedSynchronizer.java:1712)
        at app//org.apache.ratis.util.AwaitForSignal.await(AwaitForSignal.java:48)
        at app//org.apache.ratis.util.AwaitToRun$RunnableImpl.run(AwaitToRun.java:47)
        at java.base@21.0.5/java.lang.Thread.runWith(Thread.java:1596)
        at java.base@21.0.5/java.lang.Thread.run(Thread.java:1583)
"751e45cc-852a-454f-97c8-e80f2befe6f4@group-EF3CB8D23BF9-cacheEviction-AwaitToRun" daemon prio=5 tid=1259 in Object.wait()
java.lang.Thread.State: WAITING (on object monitor)
        at java.base@21.0.5/jdk.internal.misc.Unsafe.park(Native Method)
        at java.base@21.0.5/java.util.concurrent.locks.LockSupport.park(LockSupport.java:371)
        at java.base@21.0.5/java.util.concurrent.locks.AbstractQueuedSynchronizer$ConditionNode.block(AbstractQueuedSynchronizer.java:519)
        at java.base@21.0.5/java.util.concurrent.ForkJoinPool.unmanagedBlock(ForkJoinPool.java:3780)
        at java.base@21.0.5/java.util.concurrent.ForkJoinPool.managedBlock(ForkJoinPool.java:3725)
        at java.base@21.0.5/java.util.concurrent.locks.AbstractQueuedSynchronizer$ConditionObject.await(AbstractQueuedSynchronizer.java:1712)
        at app//org.apache.ratis.util.AwaitForSignal.await(AwaitForSignal.java:48)
        at app//org.apache.ratis.util.AwaitToRun$RunnableImpl.run(AwaitToRun.java:47)
        at java.base@21.0.5/java.lang.Thread.runWith(Thread.java:1596)
        at java.base@21.0.5/java.lang.Thread.run(Thread.java:1583)
"79978ed1-1a5c-4832-b584-9e2d85f03cd7@group-AE8CA6FC1197-StateMachineUpdater" daemon prio=5 tid=1240 timed_waiting
java.lang.Thread.State: TIMED_WAITING
        at java.base@21.0.5/jdk.internal.misc.Unsafe.park(Native Method)
        at java.base@21.0.5/java.util.concurrent.locks.LockSupport.parkNanos(LockSupport.java:269)
        at java.base@21.0.5/java.util.concurrent.locks.AbstractQueuedSynchronizer$ConditionObject.await(AbstractQueuedSynchronizer.java:1852)
        at app//org.apache.ratis.util.AwaitForSignal.await(AwaitForSignal.java:65)
        at app//org.apache.ratis.server.impl.StateMachineUpdater.waitForCommit(StateMachineUpdater.java:219)
        at app//org.apache.ratis.server.impl.StateMachineUpdater.run(StateMachineUpdater.java:187)
        at java.base@21.0.5/java.lang.Thread.runWith(Thread.java:1596)
        at java.base@21.0.5/java.lang.Thread.run(Thread.java:1583)
"IPC Server handler 4 on default port 15048" daemon prio=5 tid=731 timed_waiting
java.lang.Thread.State: TIMED_WAITING
        at java.base@21.0.5/jdk.internal.misc.Unsafe.park(Native Method)
        at java.base@21.0.5/java.util.concurrent.locks.LockSupport.parkNanos(LockSupport.java:269)
        at java.base@21.0.5/java.util.concurrent.locks.AbstractQueuedSynchronizer$ConditionObject.awaitNanos(AbstractQueuedSynchronizer.java:1763)
        at java.base@21.0.5/java.util.concurrent.LinkedBlockingQueue.poll(LinkedBlockingQueue.java:460)
        at app//org.apache.hadoop.ipc.CallQueueManager.take(CallQueueManager.java:370)
        at app//org.apache.hadoop.ipc.Server$Handler.run(Server.java:3165)
"3296053d-9d54-4057-a6a8-67c4b6ec6587-ChunkReader-2" daemon prio=5 tid=2454 in Object.wait()
java.lang.Thread.State: WAITING (on object monitor)
        at java.base@21.0.5/jdk.internal.misc.Unsafe.park(Native Method)
        at java.base@21.0.5/java.util.concurrent.locks.LockSupport.park(LockSupport.java:371)
        at java.base@21.0.5/java.util.concurrent.locks.AbstractQueuedSynchronizer$ConditionNode.block(AbstractQueuedSynchronizer.java:519)
        at java.base@21.0.5/java.util.concurrent.ForkJoinPool.unmanagedBlock(ForkJoinPool.java:3780)
        at java.base@21.0.5/java.util.concurrent.ForkJoinPool.managedBlock(ForkJoinPool.java:3725)
        at java.base@21.0.5/java.util.concurrent.locks.AbstractQueuedSynchronizer$ConditionObject.await(AbstractQueuedSynchronizer.java:1712)
        at java.base@21.0.5/java.util.concurrent.LinkedBlockingQueue.take(LinkedBlockingQueue.java:435)
        at java.base@21.0.5/java.util.concurrent.ThreadPoolExecutor.getTask(ThreadPoolExecutor.java:1070)
        at java.base@21.0.5/java.util.concurrent.ThreadPoolExecutor.runWorker(ThreadPoolExecutor.java:1130)
        at java.base@21.0.5/java.util.concurrent.ThreadPoolExecutor$Worker.run(ThreadPoolExecutor.java:642)
        at java.base@21.0.5/java.lang.Thread.runWith(Thread.java:1596)
        at java.base@21.0.5/java.lang.Thread.run(Thread.java:1583)
"b6b79d51-52d7-4711-a690-06a51533978a-ChunkReader-0" daemon prio=5 tid=2692 in Object.wait()
java.lang.Thread.State: WAITING (on object monitor)
        at java.base@21.0.5/jdk.internal.misc.Unsafe.park(Native Method)
        at java.base@21.0.5/java.util.concurrent.locks.LockSupport.park(LockSupport.java:371)
        at java.base@21.0.5/java.util.concurrent.locks.AbstractQueuedSynchronizer$ConditionNode.block(AbstractQueuedSynchronizer.java:519)
        at java.base@21.0.5/java.util.concurrent.ForkJoinPool.unmanagedBlock(ForkJoinPool.java:3780)
        at java.base@21.0.5/java.util.concurrent.ForkJoinPool.managedBlock(ForkJoinPool.java:3725)
        at java.base@21.0.5/java.util.concurrent.locks.AbstractQueuedSynchronizer$ConditionObject.await(AbstractQueuedSynchronizer.java:1712)
        at java.base@21.0.5/java.util.concurrent.LinkedBlockingQueue.take(LinkedBlockingQueue.java:435)
        at java.base@21.0.5/java.util.concurrent.ThreadPoolExecutor.getTask(ThreadPoolExecutor.java:1070)
        at java.base@21.0.5/java.util.concurrent.ThreadPoolExecutor.runWorker(ThreadPoolExecutor.java:1130)
        at java.base@21.0.5/java.util.concurrent.ThreadPoolExecutor$Worker.run(ThreadPoolExecutor.java:642)
        at java.base@21.0.5/java.lang.Thread.runWith(Thread.java:1596)
        at java.base@21.0.5/java.lang.Thread.run(Thread.java:1583)
"3296053d-9d54-4057-a6a8-67c4b6ec6587@group-38C783663C2E-SegmentedRaftLogWorker" daemon prio=5 tid=1242 timed_waiting
java.lang.Thread.State: TIMED_WAITING
        at java.base@21.0.5/jdk.internal.misc.Unsafe.park(Native Method)
        at java.base@21.0.5/java.util.concurrent.locks.LockSupport.parkNanos(LockSupport.java:269)
        at java.base@21.0.5/java.util.concurrent.locks.AbstractQueuedSynchronizer$ConditionObject.awaitNanos(AbstractQueuedSynchronizer.java:1763)
        at app//org.apache.ratis.util.DataBlockingQueue.poll(DataBlockingQueue.java:148)
        at app//org.apache.ratis.server.raftlog.segmented.SegmentedRaftLogWorker.run(SegmentedRaftLogWorker.java:307)
        at app//org.apache.ratis.server.raftlog.segmented.SegmentedRaftLogWorker$$Lambda/0x00007fd9cc334298.run(Unknown Source)
        at java.base@21.0.5/java.util.concurrent.Executors$RunnableAdapter.call(Executors.java:572)
        at java.base@21.0.5/java.util.concurrent.FutureTask.run(FutureTask.java:317)
        at java.base@21.0.5/java.util.concurrent.ThreadPoolExecutor.runWorker(ThreadPoolExecutor.java:1144)
        at java.base@21.0.5/java.util.concurrent.ThreadPoolExecutor$Worker.run(ThreadPoolExecutor.java:642)
        at java.base@21.0.5/java.lang.Thread.runWith(Thread.java:1596)
        at java.base@21.0.5/java.lang.Thread.run(Thread.java:1583)
"Socket Reader #1 for port 15075"  prio=5 tid=2492 runnable
java.lang.Thread.State: RUNNABLE
        at java.base@21.0.5/sun.nio.ch.EPoll.wait(Native Method)
        at java.base@21.0.5/sun.nio.ch.EPollSelectorImpl.doSelect(EPollSelectorImpl.java:121)
        at java.base@21.0.5/sun.nio.ch.SelectorImpl.lockAndDoSelect(SelectorImpl.java:130)
        at java.base@21.0.5/sun.nio.ch.SelectorImpl.select(SelectorImpl.java:147)
        at app//org.apache.hadoop.ipc.Server$Listener$Reader.doRunLoop(Server.java:1497)
        at app//org.apache.hadoop.ipc.Server$Listener$Reader.run(Server.java:1476)
"02fc1759-725d-47af-8349-873c9c5c9167-server-thread1" daemon prio=5 tid=1804 timed_waiting
java.lang.Thread.State: TIMED_WAITING
        at java.base@21.0.5/jdk.internal.misc.Unsafe.park(Native Method)
        at java.base@21.0.5/java.util.concurrent.locks.LockSupport.parkNanos(LockSupport.java:410)
        at java.base@21.0.5/java.util.concurrent.LinkedTransferQueue$DualNode.await(LinkedTransferQueue.java:452)
        at java.base@21.0.5/java.util.concurrent.SynchronousQueue$Transferer.xferLifo(SynchronousQueue.java:194)
        at java.base@21.0.5/java.util.concurrent.SynchronousQueue.xfer(SynchronousQueue.java:235)
        at java.base@21.0.5/java.util.concurrent.SynchronousQueue.poll(SynchronousQueue.java:338)
        at java.base@21.0.5/java.util.concurrent.ThreadPoolExecutor.getTask(ThreadPoolExecutor.java:1069)
        at java.base@21.0.5/java.util.concurrent.ThreadPoolExecutor.runWorker(ThreadPoolExecutor.java:1130)
        at java.base@21.0.5/java.util.concurrent.ThreadPoolExecutor$Worker.run(ThreadPoolExecutor.java:642)
        at java.base@21.0.5/java.lang.Thread.runWith(Thread.java:1596)
        at java.base@21.0.5/java.lang.Thread.run(Thread.java:1583)
"751e45cc-852a-454f-97c8-e80f2befe6f4-ChunkWriter-1-0" daemon prio=5 tid=1077 in Object.wait()
java.lang.Thread.State: WAITING (on object monitor)
        at java.base@21.0.5/jdk.internal.misc.Unsafe.park(Native Method)
        at java.base@21.0.5/java.util.concurrent.locks.LockSupport.park(LockSupport.java:371)
        at java.base@21.0.5/java.util.concurrent.locks.AbstractQueuedSynchronizer$ConditionNode.block(AbstractQueuedSynchronizer.java:519)
        at java.base@21.0.5/java.util.concurrent.ForkJoinPool.unmanagedBlock(ForkJoinPool.java:3780)
        at java.base@21.0.5/java.util.concurrent.ForkJoinPool.managedBlock(ForkJoinPool.java:3725)
        at java.base@21.0.5/java.util.concurrent.locks.AbstractQueuedSynchronizer$ConditionObject.await(AbstractQueuedSynchronizer.java:1712)
        at java.base@21.0.5/java.util.concurrent.LinkedBlockingDeque.takeFirst(LinkedBlockingDeque.java:485)
        at java.base@21.0.5/java.util.concurrent.LinkedBlockingDeque.take(LinkedBlockingDeque.java:673)
        at java.base@21.0.5/java.util.concurrent.ThreadPoolExecutor.getTask(ThreadPoolExecutor.java:1070)
        at java.base@21.0.5/java.util.concurrent.ThreadPoolExecutor.runWorker(ThreadPoolExecutor.java:1130)
        at java.base@21.0.5/java.util.concurrent.ThreadPoolExecutor$Worker.run(ThreadPoolExecutor.java:642)
        at java.base@21.0.5/java.lang.Thread.runWith(Thread.java:1596)
        at java.base@21.0.5/java.lang.Thread.run(Thread.java:1583)
"IPC Server handler 75 on default port 15000" daemon prio=5 tid=189 timed_waiting
java.lang.Thread.State: TIMED_WAITING
        at java.base@21.0.5/jdk.internal.misc.Unsafe.park(Native Method)
        at java.base@21.0.5/java.util.concurrent.locks.LockSupport.parkNanos(LockSupport.java:269)
        at java.base@21.0.5/java.util.concurrent.locks.AbstractQueuedSynchronizer$ConditionObject.awaitNanos(AbstractQueuedSynchronizer.java:1763)
        at java.base@21.0.5/java.util.concurrent.LinkedBlockingQueue.poll(LinkedBlockingQueue.java:460)
        at app//org.apache.hadoop.ipc.CallQueueManager.take(CallQueueManager.java:370)
        at app//org.apache.hadoop.ipc.Server$Handler.run(Server.java:3165)
"IPC Server handler 12 on default port 15001" daemon prio=5 tid=226 timed_waiting
java.lang.Thread.State: TIMED_WAITING
        at java.base@21.0.5/jdk.internal.misc.Unsafe.park(Native Method)
        at java.base@21.0.5/java.util.concurrent.locks.LockSupport.parkNanos(LockSupport.java:269)
        at java.base@21.0.5/java.util.concurrent.locks.AbstractQueuedSynchronizer$ConditionObject.awaitNanos(AbstractQueuedSynchronizer.java:1763)
        at java.base@21.0.5/java.util.concurrent.LinkedBlockingQueue.poll(LinkedBlockingQueue.java:460)
        at app//org.apache.hadoop.ipc.CallQueueManager.take(CallQueueManager.java:370)
        at app//org.apache.hadoop.ipc.Server$Handler.run(Server.java:3165)
"IPC Server handler 23 on default port 15001" daemon prio=5 tid=237 timed_waiting
java.lang.Thread.State: TIMED_WAITING
        at java.base@21.0.5/jdk.internal.misc.Unsafe.park(Native Method)
        at java.base@21.0.5/java.util.concurrent.locks.LockSupport.parkNanos(LockSupport.java:269)
        at java.base@21.0.5/java.util.concurrent.locks.AbstractQueuedSynchronizer$ConditionObject.awaitNanos(AbstractQueuedSynchronizer.java:1763)
        at java.base@21.0.5/java.util.concurrent.LinkedBlockingQueue.poll(LinkedBlockingQueue.java:460)
        at app//org.apache.hadoop.ipc.CallQueueManager.take(CallQueueManager.java:370)
        at app//org.apache.hadoop.ipc.Server$Handler.run(Server.java:3165)
"om1-DirectoryDeletingService#9" daemon prio=5 tid=480 in Object.wait()
java.lang.Thread.State: WAITING (on object monitor)
        at java.base@21.0.5/jdk.internal.misc.Unsafe.park(Native Method)
        at java.base@21.0.5/java.util.concurrent.locks.LockSupport.park(LockSupport.java:371)
        at java.base@21.0.5/java.util.concurrent.locks.AbstractQueuedSynchronizer$ConditionNode.block(AbstractQueuedSynchronizer.java:519)
        at java.base@21.0.5/java.util.concurrent.ForkJoinPool.unmanagedBlock(ForkJoinPool.java:3780)
        at java.base@21.0.5/java.util.concurrent.ForkJoinPool.managedBlock(ForkJoinPool.java:3725)
        at java.base@21.0.5/java.util.concurrent.locks.AbstractQueuedSynchronizer$ConditionObject.await(AbstractQueuedSynchronizer.java:1712)
        at java.base@21.0.5/java.util.concurrent.ScheduledThreadPoolExecutor$DelayedWorkQueue.take(ScheduledThreadPoolExecutor.java:1177)
        at java.base@21.0.5/java.util.concurrent.ScheduledThreadPoolExecutor$DelayedWorkQueue.take(ScheduledThreadPoolExecutor.java:899)
        at java.base@21.0.5/java.util.concurrent.ThreadPoolExecutor.getTask(ThreadPoolExecutor.java:1070)
        at java.base@21.0.5/java.util.concurrent.ThreadPoolExecutor.runWorker(ThreadPoolExecutor.java:1130)
        at java.base@21.0.5/java.util.concurrent.ThreadPoolExecutor$Worker.run(ThreadPoolExecutor.java:642)
        at java.base@21.0.5/java.lang.Thread.runWith(Thread.java:1596)
        at java.base@21.0.5/java.lang.Thread.run(Thread.java:1583)
"4b5ea8a3-88a5-4114-908f-7a85f39bc1cb@group-66FA7163FB5C-SegmentedRaftLogWorker" daemon prio=5 tid=1462 timed_waiting
java.lang.Thread.State: TIMED_WAITING
        at java.base@21.0.5/jdk.internal.misc.Unsafe.park(Native Method)
        at java.base@21.0.5/java.util.concurrent.locks.LockSupport.parkNanos(LockSupport.java:269)
        at java.base@21.0.5/java.util.concurrent.locks.AbstractQueuedSynchronizer$ConditionObject.awaitNanos(AbstractQueuedSynchronizer.java:1763)
        at app//org.apache.ratis.util.DataBlockingQueue.poll(DataBlockingQueue.java:148)
        at app//org.apache.ratis.server.raftlog.segmented.SegmentedRaftLogWorker.run(SegmentedRaftLogWorker.java:307)
        at app//org.apache.ratis.server.raftlog.segmented.SegmentedRaftLogWorker$$Lambda/0x00007fd9cc334298.run(Unknown Source)
        at java.base@21.0.5/java.util.concurrent.Executors$RunnableAdapter.call(Executors.java:572)
        at java.base@21.0.5/java.util.concurrent.FutureTask.run(FutureTask.java:317)
        at java.base@21.0.5/java.util.concurrent.ThreadPoolExecutor.runWorker(ThreadPoolExecutor.java:1144)
        at java.base@21.0.5/java.util.concurrent.ThreadPoolExecutor$Worker.run(ThreadPoolExecutor.java:642)
        at java.base@21.0.5/java.lang.Thread.runWith(Thread.java:1596)
        at java.base@21.0.5/java.lang.Thread.run(Thread.java:1583)
"IPC Server handler 18 on default port 15001" daemon prio=5 tid=232 timed_waiting
java.lang.Thread.State: TIMED_WAITING
        at java.base@21.0.5/jdk.internal.misc.Unsafe.park(Native Method)
        at java.base@21.0.5/java.util.concurrent.locks.LockSupport.parkNanos(LockSupport.java:269)
        at java.base@21.0.5/java.util.concurrent.locks.AbstractQueuedSynchronizer$ConditionObject.awaitNanos(AbstractQueuedSynchronizer.java:1763)
        at java.base@21.0.5/java.util.concurrent.LinkedBlockingQueue.poll(LinkedBlockingQueue.java:460)
        at app//org.apache.hadoop.ipc.CallQueueManager.take(CallQueueManager.java:370)
        at app//org.apache.hadoop.ipc.Server$Handler.run(Server.java:3165)
"751e45cc-852a-454f-97c8-e80f2befe6f4-ChunkWriter-0-0" daemon prio=5 tid=1076 in Object.wait()
java.lang.Thread.State: WAITING (on object monitor)
        at java.base@21.0.5/jdk.internal.misc.Unsafe.park(Native Method)
        at java.base@21.0.5/java.util.concurrent.locks.LockSupport.park(LockSupport.java:371)
        at java.base@21.0.5/java.util.concurrent.locks.AbstractQueuedSynchronizer$ConditionNode.block(AbstractQueuedSynchronizer.java:519)
        at java.base@21.0.5/java.util.concurrent.ForkJoinPool.unmanagedBlock(ForkJoinPool.java:3780)
        at java.base@21.0.5/java.util.concurrent.ForkJoinPool.managedBlock(ForkJoinPool.java:3725)
        at java.base@21.0.5/java.util.concurrent.locks.AbstractQueuedSynchronizer$ConditionObject.await(AbstractQueuedSynchronizer.java:1712)
        at java.base@21.0.5/java.util.concurrent.LinkedBlockingDeque.takeFirst(LinkedBlockingDeque.java:485)
        at java.base@21.0.5/java.util.concurrent.LinkedBlockingDeque.take(LinkedBlockingDeque.java:673)
        at java.base@21.0.5/java.util.concurrent.ThreadPoolExecutor.getTask(ThreadPoolExecutor.java:1070)
        at java.base@21.0.5/java.util.concurrent.ThreadPoolExecutor.runWorker(ThreadPoolExecutor.java:1130)
        at java.base@21.0.5/java.util.concurrent.ThreadPoolExecutor$Worker.run(ThreadPoolExecutor.java:642)
        at java.base@21.0.5/java.lang.Thread.runWith(Thread.java:1596)
        at java.base@21.0.5/java.lang.Thread.run(Thread.java:1583)
"IPC Server handler 17 on default port 15006" daemon prio=5 tid=508 timed_waiting
java.lang.Thread.State: TIMED_WAITING
        at java.base@21.0.5/jdk.internal.misc.Unsafe.park(Native Method)
        at java.base@21.0.5/java.util.concurrent.locks.LockSupport.parkNanos(LockSupport.java:269)
        at java.base@21.0.5/java.util.concurrent.locks.AbstractQueuedSynchronizer$ConditionObject.awaitNanos(AbstractQueuedSynchronizer.java:1763)
        at java.base@21.0.5/java.util.concurrent.LinkedBlockingQueue.poll(LinkedBlockingQueue.java:460)
        at app//org.apache.hadoop.ipc.CallQueueManager.take(CallQueueManager.java:370)
        at app//org.apache.hadoop.ipc.Server$Handler.run(Server.java:3165)
"eca5a246-1f8f-493f-b50d-7eee1f2fec76@group-91A8CF666C05-SegmentedRaftLogWorker" daemon prio=5 tid=1665 timed_waiting
java.lang.Thread.State: TIMED_WAITING
        at java.base@21.0.5/jdk.internal.misc.Unsafe.park(Native Method)
        at java.base@21.0.5/java.util.concurrent.locks.LockSupport.parkNanos(LockSupport.java:269)
        at java.base@21.0.5/java.util.concurrent.locks.AbstractQueuedSynchronizer$ConditionObject.awaitNanos(AbstractQueuedSynchronizer.java:1763)
        at app//org.apache.ratis.util.DataBlockingQueue.poll(DataBlockingQueue.java:148)
        at app//org.apache.ratis.server.raftlog.segmented.SegmentedRaftLogWorker.run(SegmentedRaftLogWorker.java:307)
        at app//org.apache.ratis.server.raftlog.segmented.SegmentedRaftLogWorker$$Lambda/0x00007fd9cc334298.run(Unknown Source)
        at java.base@21.0.5/java.util.concurrent.Executors$RunnableAdapter.call(Executors.java:572)
        at java.base@21.0.5/java.util.concurrent.FutureTask.run(FutureTask.java:317)
        at java.base@21.0.5/java.util.concurrent.ThreadPoolExecutor.runWorker(ThreadPoolExecutor.java:1144)
        at java.base@21.0.5/java.util.concurrent.ThreadPoolExecutor$Worker.run(ThreadPoolExecutor.java:642)
        at java.base@21.0.5/java.lang.Thread.runWith(Thread.java:1596)
        at java.base@21.0.5/java.lang.Thread.run(Thread.java:1583)
"IPC Server handler 97 on default port 15002" daemon prio=5 tid=429 timed_waiting
java.lang.Thread.State: TIMED_WAITING
        at java.base@21.0.5/jdk.internal.misc.Unsafe.park(Native Method)
        at java.base@21.0.5/java.util.concurrent.locks.LockSupport.parkNanos(LockSupport.java:269)
        at java.base@21.0.5/java.util.concurrent.locks.AbstractQueuedSynchronizer$ConditionObject.awaitNanos(AbstractQueuedSynchronizer.java:1763)
        at java.base@21.0.5/java.util.concurrent.LinkedBlockingQueue.poll(LinkedBlockingQueue.java:460)
        at app//org.apache.hadoop.ipc.CallQueueManager.take(CallQueueManager.java:370)
        at app//org.apache.hadoop.ipc.Server$Handler.run(Server.java:3165)
"org.apache.hadoop.ozone.container.common.statemachine.commandhandler.DeleteBlocksCommandHandler$DeleteCmdWorker@568f8f5a" daemon prio=5 tid=516 timed_waiting
java.lang.Thread.State: TIMED_WAITING
        at java.base@21.0.5/java.lang.Thread.sleep0(Native Method)
        at java.base@21.0.5/java.lang.Thread.sleep(Thread.java:509)
        at app//org.apache.hadoop.ozone.container.common.statemachine.commandhandler.DeleteBlocksCommandHandler$DeleteCmdWorker.run(DeleteBlocksCommandHandler.java:264)
        at java.base@21.0.5/java.lang.Thread.runWith(Thread.java:1596)
        at java.base@21.0.5/java.lang.Thread.run(Thread.java:1583)
"IPC Server handler 43 on default port 15002" daemon prio=5 tid=375 timed_waiting
java.lang.Thread.State: TIMED_WAITING
        at java.base@21.0.5/jdk.internal.misc.Unsafe.park(Native Method)
        at java.base@21.0.5/java.util.concurrent.locks.LockSupport.parkNanos(LockSupport.java:269)
        at java.base@21.0.5/java.util.concurrent.locks.AbstractQueuedSynchronizer$ConditionObject.awaitNanos(AbstractQueuedSynchronizer.java:1763)
        at java.base@21.0.5/java.util.concurrent.LinkedBlockingQueue.poll(LinkedBlockingQueue.java:460)
        at app//org.apache.hadoop.ipc.CallQueueManager.take(CallQueueManager.java:370)
        at app//org.apache.hadoop.ipc.Server$Handler.run(Server.java:3165)
"ac32094a-198b-4072-99dd-552311e88daf@group-C96B30E4F715-SegmentedRaftLogWorker" daemon prio=5 tid=1753 timed_waiting
java.lang.Thread.State: TIMED_WAITING
        at java.base@21.0.5/jdk.internal.misc.Unsafe.park(Native Method)
        at java.base@21.0.5/java.util.concurrent.locks.LockSupport.parkNanos(LockSupport.java:269)
        at java.base@21.0.5/java.util.concurrent.locks.AbstractQueuedSynchronizer$ConditionObject.awaitNanos(AbstractQueuedSynchronizer.java:1763)
        at app//org.apache.ratis.util.DataBlockingQueue.poll(DataBlockingQueue.java:148)
        at app//org.apache.ratis.server.raftlog.segmented.SegmentedRaftLogWorker.run(SegmentedRaftLogWorker.java:307)
        at app//org.apache.ratis.server.raftlog.segmented.SegmentedRaftLogWorker$$Lambda/0x00007fd9cc334298.run(Unknown Source)
        at java.base@21.0.5/java.util.concurrent.Executors$RunnableAdapter.call(Executors.java:572)
        at java.base@21.0.5/java.util.concurrent.FutureTask.run(FutureTask.java:317)
        at java.base@21.0.5/java.util.concurrent.ThreadPoolExecutor.runWorker(ThreadPoolExecutor.java:1144)
        at java.base@21.0.5/java.util.concurrent.ThreadPoolExecutor$Worker.run(ThreadPoolExecutor.java:642)
        at java.base@21.0.5/java.lang.Thread.runWith(Thread.java:1596)
        at java.base@21.0.5/java.lang.Thread.run(Thread.java:1583)
"StaleRecoveringContainerScrubbingService#8" daemon prio=5 tid=2885 in Object.wait()
java.lang.Thread.State: WAITING (on object monitor)
        at java.base@21.0.5/jdk.internal.misc.Unsafe.park(Native Method)
        at java.base@21.0.5/java.util.concurrent.locks.LockSupport.park(LockSupport.java:371)
        at java.base@21.0.5/java.util.concurrent.locks.AbstractQueuedSynchronizer$ConditionNode.block(AbstractQueuedSynchronizer.java:519)
        at java.base@21.0.5/java.util.concurrent.ForkJoinPool.unmanagedBlock(ForkJoinPool.java:3780)
        at java.base@21.0.5/java.util.concurrent.ForkJoinPool.managedBlock(ForkJoinPool.java:3725)
        at java.base@21.0.5/java.util.concurrent.locks.AbstractQueuedSynchronizer$ConditionObject.await(AbstractQueuedSynchronizer.java:1712)
        at java.base@21.0.5/java.util.concurrent.ScheduledThreadPoolExecutor$DelayedWorkQueue.take(ScheduledThreadPoolExecutor.java:1177)
        at java.base@21.0.5/java.util.concurrent.ScheduledThreadPoolExecutor$DelayedWorkQueue.take(ScheduledThreadPoolExecutor.java:899)
        at java.base@21.0.5/java.util.concurrent.ThreadPoolExecutor.getTask(ThreadPoolExecutor.java:1070)
        at java.base@21.0.5/java.util.concurrent.ThreadPoolExecutor.runWorker(ThreadPoolExecutor.java:1130)
        at java.base@21.0.5/java.util.concurrent.ThreadPoolExecutor$Worker.run(ThreadPoolExecutor.java:642)
        at java.base@21.0.5/java.lang.Thread.runWith(Thread.java:1596)
        at java.base@21.0.5/java.lang.Thread.run(Thread.java:1583)
"02fc1759-725d-47af-8349-873c9c5c9167-NettyServerStreamRpc-bossGroup--thread1"  prio=5 tid=560 runnable
java.lang.Thread.State: RUNNABLE
        at app//org.apache.ratis.thirdparty.io.netty.channel.epoll.Native.epollWait(Native Method)
        at app//org.apache.ratis.thirdparty.io.netty.channel.epoll.Native.epollWait(Native.java:220)
        at app//org.apache.ratis.thirdparty.io.netty.channel.epoll.Native.epollWait(Native.java:213)
        at app//org.apache.ratis.thirdparty.io.netty.channel.epoll.EpollEventLoop.epollWaitNoTimerChange(EpollEventLoop.java:308)
        at app//org.apache.ratis.thirdparty.io.netty.channel.epoll.EpollEventLoop.run(EpollEventLoop.java:365)
        at app//org.apache.ratis.thirdparty.io.netty.util.concurrent.SingleThreadEventExecutor$4.run(SingleThreadEventExecutor.java:997)
        at app//org.apache.ratis.thirdparty.io.netty.util.internal.ThreadExecutorMap$2.run(ThreadExecutorMap.java:74)
        at java.base@21.0.5/java.lang.Thread.runWith(Thread.java:1596)
        at java.base@21.0.5/java.lang.Thread.run(Thread.java:1583)
"PartialTableCache-Cleanup-0" daemon prio=5 tid=2131 in Object.wait()
java.lang.Thread.State: WAITING (on object monitor)
        at java.base@21.0.5/jdk.internal.misc.Unsafe.park(Native Method)
        at java.base@21.0.5/java.util.concurrent.locks.LockSupport.park(LockSupport.java:371)
        at java.base@21.0.5/java.util.concurrent.locks.AbstractQueuedSynchronizer$ConditionNode.block(AbstractQueuedSynchronizer.java:519)
        at java.base@21.0.5/java.util.concurrent.ForkJoinPool.unmanagedBlock(ForkJoinPool.java:3780)
        at java.base@21.0.5/java.util.concurrent.ForkJoinPool.managedBlock(ForkJoinPool.java:3725)
        at java.base@21.0.5/java.util.concurrent.locks.AbstractQueuedSynchronizer$ConditionObject.await(AbstractQueuedSynchronizer.java:1712)
        at java.base@21.0.5/java.util.concurrent.LinkedBlockingQueue.take(LinkedBlockingQueue.java:435)
        at java.base@21.0.5/java.util.concurrent.ThreadPoolExecutor.getTask(ThreadPoolExecutor.java:1070)
        at java.base@21.0.5/java.util.concurrent.ThreadPoolExecutor.runWorker(ThreadPoolExecutor.java:1130)
        at java.base@21.0.5/java.util.concurrent.ThreadPoolExecutor$Worker.run(ThreadPoolExecutor.java:642)
        at java.base@21.0.5/java.lang.Thread.runWith(Thread.java:1596)
        at java.base@21.0.5/java.lang.Thread.run(Thread.java:1583)
"4b5ea8a3-88a5-4114-908f-7a85f39bc1cb@group-91A8CF666C05->eca5a246-1f8f-493f-b50d-7eee1f2fec76-GrpcLogAppender-LogAppenderDaemon" daemon prio=5 tid=2286 timed_waiting
java.lang.Thread.State: TIMED_WAITING
        at java.base@21.0.5/jdk.internal.misc.Unsafe.park(Native Method)
        at java.base@21.0.5/java.util.concurrent.locks.LockSupport.parkNanos(LockSupport.java:269)
        at java.base@21.0.5/java.util.concurrent.locks.AbstractQueuedSynchronizer$ConditionObject.await(AbstractQueuedSynchronizer.java:1852)
        at app//org.apache.ratis.util.AwaitForSignal.await(AwaitForSignal.java:65)
        at app//org.apache.ratis.grpc.server.GrpcLogAppender.mayWait(GrpcLogAppender.java:290)
        at app//org.apache.ratis.grpc.server.GrpcLogAppender.run(GrpcLogAppender.java:258)
        at app//org.apache.ratis.server.leader.LogAppenderDaemon.run(LogAppenderDaemon.java:80)
        at app//org.apache.ratis.server.leader.LogAppenderDaemon$$Lambda/0x00007fd9cc91b588.run(Unknown Source)
        at java.base@21.0.5/java.lang.Thread.runWith(Thread.java:1596)
        at java.base@21.0.5/java.lang.Thread.run(Thread.java:1583)
"IPC Server handler 35 on default port 15000" daemon prio=5 tid=149 timed_waiting
java.lang.Thread.State: TIMED_WAITING
        at java.base@21.0.5/jdk.internal.misc.Unsafe.park(Native Method)
        at java.base@21.0.5/java.util.concurrent.locks.LockSupport.parkNanos(LockSupport.java:269)
        at java.base@21.0.5/java.util.concurrent.locks.AbstractQueuedSynchronizer$ConditionObject.awaitNanos(AbstractQueuedSynchronizer.java:1763)
        at java.base@21.0.5/java.util.concurrent.LinkedBlockingQueue.poll(LinkedBlockingQueue.java:460)
        at app//org.apache.hadoop.ipc.CallQueueManager.take(CallQueueManager.java:370)
        at app//org.apache.hadoop.ipc.Server$Handler.run(Server.java:3165)
"02fc1759-725d-47af-8349-873c9c5c9167-DatanodeStateMachineTaskThread-1"  prio=5 tid=909 in Object.wait()
java.lang.Thread.State: WAITING (on object monitor)
        at java.base@21.0.5/jdk.internal.misc.Unsafe.park(Native Method)
        at java.base@21.0.5/java.util.concurrent.locks.LockSupport.park(LockSupport.java:371)
        at java.base@21.0.5/java.util.concurrent.locks.AbstractQueuedSynchronizer$ConditionNode.block(AbstractQueuedSynchronizer.java:519)
        at java.base@21.0.5/java.util.concurrent.ForkJoinPool.unmanagedBlock(ForkJoinPool.java:3780)
        at java.base@21.0.5/java.util.concurrent.ForkJoinPool.managedBlock(ForkJoinPool.java:3725)
        at java.base@21.0.5/java.util.concurrent.locks.AbstractQueuedSynchronizer$ConditionObject.await(AbstractQueuedSynchronizer.java:1712)
        at java.base@21.0.5/java.util.concurrent.LinkedBlockingQueue.take(LinkedBlockingQueue.java:435)
        at java.base@21.0.5/java.util.concurrent.ThreadPoolExecutor.getTask(ThreadPoolExecutor.java:1070)
        at java.base@21.0.5/java.util.concurrent.ThreadPoolExecutor.runWorker(ThreadPoolExecutor.java:1130)
        at java.base@21.0.5/java.util.concurrent.ThreadPoolExecutor$Worker.run(ThreadPoolExecutor.java:642)
        at java.base@21.0.5/java.lang.Thread.runWith(Thread.java:1596)
        at java.base@21.0.5/java.lang.Thread.run(Thread.java:1583)
"b6b79d51-52d7-4711-a690-06a51533978a@group-2A3258B325AC-cacheEviction-AwaitToRun" daemon prio=5 tid=1337 in Object.wait()
java.lang.Thread.State: WAITING (on object monitor)
        at java.base@21.0.5/jdk.internal.misc.Unsafe.park(Native Method)
        at java.base@21.0.5/java.util.concurrent.locks.LockSupport.park(LockSupport.java:371)
        at java.base@21.0.5/java.util.concurrent.locks.AbstractQueuedSynchronizer$ConditionNode.block(AbstractQueuedSynchronizer.java:519)
        at java.base@21.0.5/java.util.concurrent.ForkJoinPool.unmanagedBlock(ForkJoinPool.java:3780)
        at java.base@21.0.5/java.util.concurrent.ForkJoinPool.managedBlock(ForkJoinPool.java:3725)
        at java.base@21.0.5/java.util.concurrent.locks.AbstractQueuedSynchronizer$ConditionObject.await(AbstractQueuedSynchronizer.java:1712)
        at app//org.apache.ratis.util.AwaitForSignal.await(AwaitForSignal.java:48)
        at app//org.apache.ratis.util.AwaitToRun$RunnableImpl.run(AwaitToRun.java:47)
        at java.base@21.0.5/java.lang.Thread.runWith(Thread.java:1596)
        at java.base@21.0.5/java.lang.Thread.run(Thread.java:1583)
"IPC Server handler 8 on default port 15093" daemon prio=5 tid=1023 timed_waiting
java.lang.Thread.State: TIMED_WAITING
        at java.base@21.0.5/jdk.internal.misc.Unsafe.park(Native Method)
        at java.base@21.0.5/java.util.concurrent.locks.LockSupport.parkNanos(LockSupport.java:269)
        at java.base@21.0.5/java.util.concurrent.locks.AbstractQueuedSynchronizer$ConditionObject.awaitNanos(AbstractQueuedSynchronizer.java:1763)
        at java.base@21.0.5/java.util.concurrent.LinkedBlockingQueue.poll(LinkedBlockingQueue.java:460)
        at app//org.apache.hadoop.ipc.CallQueueManager.take(CallQueueManager.java:370)
        at app//org.apache.hadoop.ipc.Server$Handler.run(Server.java:3165)
"02fc1759-725d-47af-8349-873c9c5c9167@group-41854415688A-FollowerState" daemon prio=5 tid=2178 timed_waiting
java.lang.Thread.State: TIMED_WAITING
        at java.base@21.0.5/java.lang.Thread.sleep0(Native Method)
        at java.base@21.0.5/java.lang.Thread.sleep(Thread.java:558)
        at java.base@21.0.5/java.util.concurrent.TimeUnit.sleep(TimeUnit.java:446)
        at app//org.apache.ratis.util.TimeDuration.sleep(TimeDuration.java:353)
        at app//org.apache.ratis.util.TimeDuration.sleep(TimeDuration.java:338)
        at app//org.apache.ratis.server.impl.FollowerState.runImpl(FollowerState.java:149)
        at app//org.apache.ratis.server.impl.FollowerState.run(FollowerState.java:130)
"26f755b0-b4b1-4239-8401-e418fca9ef4b@group-7D6565184E1B-cacheEviction-AwaitToRun" daemon prio=5 tid=2604 in Object.wait()
java.lang.Thread.State: WAITING (on object monitor)
        at java.base@21.0.5/jdk.internal.misc.Unsafe.park(Native Method)
        at java.base@21.0.5/java.util.concurrent.locks.LockSupport.park(LockSupport.java:371)
        at java.base@21.0.5/java.util.concurrent.locks.AbstractQueuedSynchronizer$ConditionNode.block(AbstractQueuedSynchronizer.java:519)
        at java.base@21.0.5/java.util.concurrent.ForkJoinPool.unmanagedBlock(ForkJoinPool.java:3780)
        at java.base@21.0.5/java.util.concurrent.ForkJoinPool.managedBlock(ForkJoinPool.java:3725)
        at java.base@21.0.5/java.util.concurrent.locks.AbstractQueuedSynchronizer$ConditionObject.await(AbstractQueuedSynchronizer.java:1712)
        at app//org.apache.ratis.util.AwaitForSignal.await(AwaitForSignal.java:48)
        at app//org.apache.ratis.util.AwaitToRun$RunnableImpl.run(AwaitToRun.java:47)
        at java.base@21.0.5/java.lang.Thread.runWith(Thread.java:1596)
        at java.base@21.0.5/java.lang.Thread.run(Thread.java:1583)
"eca5a246-1f8f-493f-b50d-7eee1f2fec76-server-thread1" daemon prio=5 tid=2098 timed_waiting
java.lang.Thread.State: TIMED_WAITING
        at java.base@21.0.5/jdk.internal.misc.Unsafe.park(Native Method)
        at java.base@21.0.5/java.util.concurrent.locks.LockSupport.parkNanos(LockSupport.java:410)
        at java.base@21.0.5/java.util.concurrent.LinkedTransferQueue$DualNode.await(LinkedTransferQueue.java:452)
        at java.base@21.0.5/java.util.concurrent.SynchronousQueue$Transferer.xferLifo(SynchronousQueue.java:194)
        at java.base@21.0.5/java.util.concurrent.SynchronousQueue.xfer(SynchronousQueue.java:235)
        at java.base@21.0.5/java.util.concurrent.SynchronousQueue.poll(SynchronousQueue.java:338)
        at java.base@21.0.5/java.util.concurrent.ThreadPoolExecutor.getTask(ThreadPoolExecutor.java:1069)
        at java.base@21.0.5/java.util.concurrent.ThreadPoolExecutor.runWorker(ThreadPoolExecutor.java:1130)
        at java.base@21.0.5/java.util.concurrent.ThreadPoolExecutor$Worker.run(ThreadPoolExecutor.java:642)
        at java.base@21.0.5/java.lang.Thread.runWith(Thread.java:1596)
        at java.base@21.0.5/java.lang.Thread.run(Thread.java:1583)
"StaleRecoveringContainerScrubbingService#5" daemon prio=5 tid=2681 in Object.wait()
java.lang.Thread.State: WAITING (on object monitor)
        at java.base@21.0.5/jdk.internal.misc.Unsafe.park(Native Method)
        at java.base@21.0.5/java.util.concurrent.locks.LockSupport.park(LockSupport.java:371)
        at java.base@21.0.5/java.util.concurrent.locks.AbstractQueuedSynchronizer$ConditionNode.block(AbstractQueuedSynchronizer.java:519)
        at java.base@21.0.5/java.util.concurrent.ForkJoinPool.unmanagedBlock(ForkJoinPool.java:3780)
        at java.base@21.0.5/java.util.concurrent.ForkJoinPool.managedBlock(ForkJoinPool.java:3725)
        at java.base@21.0.5/java.util.concurrent.locks.AbstractQueuedSynchronizer$ConditionObject.await(AbstractQueuedSynchronizer.java:1712)
        at java.base@21.0.5/java.util.concurrent.ScheduledThreadPoolExecutor$DelayedWorkQueue.take(ScheduledThreadPoolExecutor.java:1177)
        at java.base@21.0.5/java.util.concurrent.ScheduledThreadPoolExecutor$DelayedWorkQueue.take(ScheduledThreadPoolExecutor.java:899)
        at java.base@21.0.5/java.util.concurrent.ThreadPoolExecutor.getTask(ThreadPoolExecutor.java:1070)
        at java.base@21.0.5/java.util.concurrent.ThreadPoolExecutor.runWorker(ThreadPoolExecutor.java:1130)
        at java.base@21.0.5/java.util.concurrent.ThreadPoolExecutor$Worker.run(ThreadPoolExecutor.java:642)
        at java.base@21.0.5/java.lang.Thread.runWith(Thread.java:1596)
        at java.base@21.0.5/java.lang.Thread.run(Thread.java:1583)
"3296053d-9d54-4057-a6a8-67c4b6ec6587@group-2A3258B325AC-StateMachineUpdater" daemon prio=5 tid=1322 timed_waiting
java.lang.Thread.State: TIMED_WAITING
        at java.base@21.0.5/jdk.internal.misc.Unsafe.park(Native Method)
        at java.base@21.0.5/java.util.concurrent.locks.LockSupport.parkNanos(LockSupport.java:269)
        at java.base@21.0.5/java.util.concurrent.locks.AbstractQueuedSynchronizer$ConditionObject.await(AbstractQueuedSynchronizer.java:1852)
        at app//org.apache.ratis.util.AwaitForSignal.await(AwaitForSignal.java:65)
        at app//org.apache.ratis.server.impl.StateMachineUpdater.waitForCommit(StateMachineUpdater.java:219)
        at app//org.apache.ratis.server.impl.StateMachineUpdater.run(StateMachineUpdater.java:187)
        at java.base@21.0.5/java.lang.Thread.runWith(Thread.java:1596)
        at java.base@21.0.5/java.lang.Thread.run(Thread.java:1583)
"3296053d-9d54-4057-a6a8-67c4b6ec6587-DeleteContainerThread-0"  prio=5 tid=2687 in Object.wait()
java.lang.Thread.State: WAITING (on object monitor)
        at java.base@21.0.5/jdk.internal.misc.Unsafe.park(Native Method)
        at java.base@21.0.5/java.util.concurrent.locks.LockSupport.park(LockSupport.java:371)
        at java.base@21.0.5/java.util.concurrent.locks.AbstractQueuedSynchronizer$ConditionNode.block(AbstractQueuedSynchronizer.java:519)
        at java.base@21.0.5/java.util.concurrent.ForkJoinPool.unmanagedBlock(ForkJoinPool.java:3780)
        at java.base@21.0.5/java.util.concurrent.ForkJoinPool.managedBlock(ForkJoinPool.java:3725)
        at java.base@21.0.5/java.util.concurrent.locks.AbstractQueuedSynchronizer$ConditionObject.await(AbstractQueuedSynchronizer.java:1712)
        at java.base@21.0.5/java.util.concurrent.LinkedBlockingQueue.take(LinkedBlockingQueue.java:435)
        at java.base@21.0.5/java.util.concurrent.ThreadPoolExecutor.getTask(ThreadPoolExecutor.java:1070)
        at java.base@21.0.5/java.util.concurrent.ThreadPoolExecutor.runWorker(ThreadPoolExecutor.java:1130)
        at java.base@21.0.5/java.util.concurrent.ThreadPoolExecutor$Worker.run(ThreadPoolExecutor.java:642)
        at java.base@21.0.5/java.lang.Thread.runWith(Thread.java:1596)
        at java.base@21.0.5/java.lang.Thread.run(Thread.java:1583)
"Socket Reader #6 for port 15012"  prio=5 tid=533 runnable
java.lang.Thread.State: RUNNABLE
        at java.base@21.0.5/sun.nio.ch.EPoll.wait(Native Method)
        at java.base@21.0.5/sun.nio.ch.EPollSelectorImpl.doSelect(EPollSelectorImpl.java:121)
        at java.base@21.0.5/sun.nio.ch.SelectorImpl.lockAndDoSelect(SelectorImpl.java:130)
        at java.base@21.0.5/sun.nio.ch.SelectorImpl.select(SelectorImpl.java:147)
        at app//org.apache.hadoop.ipc.Server$Listener$Reader.doRunLoop(Server.java:1497)
        at app//org.apache.hadoop.ipc.Server$Listener$Reader.run(Server.java:1476)
"26f755b0-b4b1-4239-8401-e418fca9ef4b-ChunkReader-3" daemon prio=5 tid=2702 in Object.wait()
java.lang.Thread.State: WAITING (on object monitor)
        at java.base@21.0.5/jdk.internal.misc.Unsafe.park(Native Method)
        at java.base@21.0.5/java.util.concurrent.locks.LockSupport.park(LockSupport.java:371)
        at java.base@21.0.5/java.util.concurrent.locks.AbstractQueuedSynchronizer$ConditionNode.block(AbstractQueuedSynchronizer.java:519)
        at java.base@21.0.5/java.util.concurrent.ForkJoinPool.unmanagedBlock(ForkJoinPool.java:3780)
        at java.base@21.0.5/java.util.concurrent.ForkJoinPool.managedBlock(ForkJoinPool.java:3725)
        at java.base@21.0.5/java.util.concurrent.locks.AbstractQueuedSynchronizer$ConditionObject.await(AbstractQueuedSynchronizer.java:1712)
        at java.base@21.0.5/java.util.concurrent.LinkedBlockingQueue.take(LinkedBlockingQueue.java:435)
        at java.base@21.0.5/java.util.concurrent.ThreadPoolExecutor.getTask(ThreadPoolExecutor.java:1070)
        at java.base@21.0.5/java.util.concurrent.ThreadPoolExecutor.runWorker(ThreadPoolExecutor.java:1130)
        at java.base@21.0.5/java.util.concurrent.ThreadPoolExecutor$Worker.run(ThreadPoolExecutor.java:642)
        at java.base@21.0.5/java.lang.Thread.runWith(Thread.java:1596)
        at java.base@21.0.5/java.lang.Thread.run(Thread.java:1583)
"StaleRecoveringContainerScrubbingService#3" daemon prio=5 tid=2432 in Object.wait()
java.lang.Thread.State: WAITING (on object monitor)
        at java.base@21.0.5/jdk.internal.misc.Unsafe.park(Native Method)
        at java.base@21.0.5/java.util.concurrent.locks.LockSupport.park(LockSupport.java:371)
        at java.base@21.0.5/java.util.concurrent.locks.AbstractQueuedSynchronizer$ConditionNode.block(AbstractQueuedSynchronizer.java:519)
        at java.base@21.0.5/java.util.concurrent.ForkJoinPool.unmanagedBlock(ForkJoinPool.java:3780)
        at java.base@21.0.5/java.util.concurrent.ForkJoinPool.managedBlock(ForkJoinPool.java:3725)
        at java.base@21.0.5/java.util.concurrent.locks.AbstractQueuedSynchronizer$ConditionObject.await(AbstractQueuedSynchronizer.java:1712)
        at java.base@21.0.5/java.util.concurrent.ScheduledThreadPoolExecutor$DelayedWorkQueue.take(ScheduledThreadPoolExecutor.java:1177)
        at java.base@21.0.5/java.util.concurrent.ScheduledThreadPoolExecutor$DelayedWorkQueue.take(ScheduledThreadPoolExecutor.java:899)
        at java.base@21.0.5/java.util.concurrent.ThreadPoolExecutor.getTask(ThreadPoolExecutor.java:1070)
        at java.base@21.0.5/java.util.concurrent.ThreadPoolExecutor.runWorker(ThreadPoolExecutor.java:1130)
        at java.base@21.0.5/java.util.concurrent.ThreadPoolExecutor$Worker.run(ThreadPoolExecutor.java:642)
        at java.base@21.0.5/java.lang.Thread.runWith(Thread.java:1596)
        at java.base@21.0.5/java.lang.Thread.run(Thread.java:1583)
"79978ed1-1a5c-4832-b584-9e2d85f03cd7-server-thread1" daemon prio=5 tid=2089 timed_waiting
java.lang.Thread.State: TIMED_WAITING
        at java.base@21.0.5/jdk.internal.misc.Unsafe.park(Native Method)
        at java.base@21.0.5/java.util.concurrent.locks.LockSupport.parkNanos(LockSupport.java:410)
        at java.base@21.0.5/java.util.concurrent.LinkedTransferQueue$DualNode.await(LinkedTransferQueue.java:452)
        at java.base@21.0.5/java.util.concurrent.SynchronousQueue$Transferer.xferLifo(SynchronousQueue.java:194)
        at java.base@21.0.5/java.util.concurrent.SynchronousQueue.xfer(SynchronousQueue.java:235)
        at java.base@21.0.5/java.util.concurrent.SynchronousQueue.poll(SynchronousQueue.java:338)
        at java.base@21.0.5/java.util.concurrent.ThreadPoolExecutor.getTask(ThreadPoolExecutor.java:1069)
        at java.base@21.0.5/java.util.concurrent.ThreadPoolExecutor.runWorker(ThreadPoolExecutor.java:1130)
        at java.base@21.0.5/java.util.concurrent.ThreadPoolExecutor$Worker.run(ThreadPoolExecutor.java:642)
        at java.base@21.0.5/java.lang.Thread.runWith(Thread.java:1596)
        at java.base@21.0.5/java.lang.Thread.run(Thread.java:1583)
"751e45cc-852a-454f-97c8-e80f2befe6f4@group-AE8CA6FC1197-StateMachineUpdater" daemon prio=5 tid=1252 timed_waiting
java.lang.Thread.State: TIMED_WAITING
        at java.base@21.0.5/jdk.internal.misc.Unsafe.park(Native Method)
        at java.base@21.0.5/java.util.concurrent.locks.LockSupport.parkNanos(LockSupport.java:269)
        at java.base@21.0.5/java.util.concurrent.locks.AbstractQueuedSynchronizer$ConditionObject.await(AbstractQueuedSynchronizer.java:1852)
        at app//org.apache.ratis.util.AwaitForSignal.await(AwaitForSignal.java:65)
        at app//org.apache.ratis.server.impl.StateMachineUpdater.waitForCommit(StateMachineUpdater.java:219)
        at app//org.apache.ratis.server.impl.StateMachineUpdater.run(StateMachineUpdater.java:187)
        at java.base@21.0.5/java.lang.Thread.runWith(Thread.java:1596)
        at java.base@21.0.5/java.lang.Thread.run(Thread.java:1583)
"qtp1768621734-522" daemon prio=5 tid=522 timed_waiting
java.lang.Thread.State: TIMED_WAITING
        at java.base@21.0.5/jdk.internal.misc.Unsafe.park(Native Method)
        at java.base@21.0.5/java.util.concurrent.locks.LockSupport.parkNanos(LockSupport.java:269)
        at java.base@21.0.5/java.util.concurrent.locks.AbstractQueuedSynchronizer$ConditionObject.awaitNanos(AbstractQueuedSynchronizer.java:1763)
        at app//org.eclipse.jetty.util.BlockingArrayQueue.poll(BlockingArrayQueue.java:382)
        at app//org.eclipse.jetty.util.thread.QueuedThreadPool$Runner.idleJobPoll(QueuedThreadPool.java:974)
        at app//org.eclipse.jetty.util.thread.QueuedThreadPool$Runner.run(QueuedThreadPool.java:1018)
        at java.base@21.0.5/java.lang.Thread.runWith(Thread.java:1596)
        at java.base@21.0.5/java.lang.Thread.run(Thread.java:1583)
"eca5a246-1f8f-493f-b50d-7eee1f2fec76@group-AEA5E11D46FC->4b5ea8a3-88a5-4114-908f-7a85f39bc1cb-GrpcLogAppender-LogAppenderDaemon" daemon prio=5 tid=1990 timed_waiting
java.lang.Thread.State: TIMED_WAITING
        at java.base@21.0.5/jdk.internal.misc.Unsafe.park(Native Method)
        at java.base@21.0.5/java.util.concurrent.locks.LockSupport.parkNanos(LockSupport.java:269)
        at java.base@21.0.5/java.util.concurrent.locks.AbstractQueuedSynchronizer$ConditionObject.await(AbstractQueuedSynchronizer.java:1852)
        at app//org.apache.ratis.util.AwaitForSignal.await(AwaitForSignal.java:65)
        at app//org.apache.ratis.grpc.server.GrpcLogAppender.mayWait(GrpcLogAppender.java:290)
        at app//org.apache.ratis.grpc.server.GrpcLogAppender.run(GrpcLogAppender.java:258)
        at app//org.apache.ratis.server.leader.LogAppenderDaemon.run(LogAppenderDaemon.java:80)
        at app//org.apache.ratis.server.leader.LogAppenderDaemon$$Lambda/0x00007fd9cc91b588.run(Unknown Source)
        at java.base@21.0.5/java.lang.Thread.runWith(Thread.java:1596)
        at java.base@21.0.5/java.lang.Thread.run(Thread.java:1583)
"4b5ea8a3-88a5-4114-908f-7a85f39bc1cb-ChunkWriter-0-0" daemon prio=5 tid=1040 in Object.wait()
java.lang.Thread.State: WAITING (on object monitor)
        at java.base@21.0.5/jdk.internal.misc.Unsafe.park(Native Method)
        at java.base@21.0.5/java.util.concurrent.locks.LockSupport.park(LockSupport.java:371)
        at java.base@21.0.5/java.util.concurrent.locks.AbstractQueuedSynchronizer$ConditionNode.block(AbstractQueuedSynchronizer.java:519)
        at java.base@21.0.5/java.util.concurrent.ForkJoinPool.unmanagedBlock(ForkJoinPool.java:3780)
        at java.base@21.0.5/java.util.concurrent.ForkJoinPool.managedBlock(ForkJoinPool.java:3725)
        at java.base@21.0.5/java.util.concurrent.locks.AbstractQueuedSynchronizer$ConditionObject.await(AbstractQueuedSynchronizer.java:1712)
        at java.base@21.0.5/java.util.concurrent.LinkedBlockingDeque.takeFirst(LinkedBlockingDeque.java:485)
        at java.base@21.0.5/java.util.concurrent.LinkedBlockingDeque.take(LinkedBlockingDeque.java:673)
        at java.base@21.0.5/java.util.concurrent.ThreadPoolExecutor.getTask(ThreadPoolExecutor.java:1070)
        at java.base@21.0.5/java.util.concurrent.ThreadPoolExecutor.runWorker(ThreadPoolExecutor.java:1130)
        at java.base@21.0.5/java.util.concurrent.ThreadPoolExecutor$Worker.run(ThreadPoolExecutor.java:642)
        at java.base@21.0.5/java.lang.Thread.runWith(Thread.java:1596)
        at java.base@21.0.5/java.lang.Thread.run(Thread.java:1583)
"02fc1759-725d-47af-8349-873c9c5c9167@group-63946492C14B-LeaderStateImpl" daemon prio=5 tid=1814 timed_waiting
java.lang.Thread.State: TIMED_WAITING
        at java.base@21.0.5/jdk.internal.misc.Unsafe.park(Native Method)
        at java.base@21.0.5/java.util.concurrent.locks.LockSupport.parkNanos(LockSupport.java:269)
        at java.base@21.0.5/java.util.concurrent.locks.AbstractQueuedSynchronizer$ConditionObject.awaitNanos(AbstractQueuedSynchronizer.java:1763)
        at java.base@21.0.5/java.util.concurrent.ArrayBlockingQueue.poll(ArrayBlockingQueue.java:435)
        at app//org.apache.ratis.server.impl.LeaderStateImpl$EventQueue.poll(LeaderStateImpl.java:164)
        at app//org.apache.ratis.server.impl.LeaderStateImpl$EventProcessor.run(LeaderStateImpl.java:763)
"IPC Server handler 1 on default port 15075" daemon prio=5 tid=2506 timed_waiting
java.lang.Thread.State: TIMED_WAITING
        at java.base@21.0.5/jdk.internal.misc.Unsafe.park(Native Method)
        at java.base@21.0.5/java.util.concurrent.locks.LockSupport.parkNanos(LockSupport.java:269)
        at java.base@21.0.5/java.util.concurrent.locks.AbstractQueuedSynchronizer$ConditionObject.awaitNanos(AbstractQueuedSynchronizer.java:1763)
        at java.base@21.0.5/java.util.concurrent.LinkedBlockingQueue.poll(LinkedBlockingQueue.java:460)
        at app//org.apache.hadoop.ipc.CallQueueManager.take(CallQueueManager.java:370)
        at app//org.apache.hadoop.ipc.Server$Handler.run(Server.java:3165)
"26f755b0-b4b1-4239-8401-e418fca9ef4b-ChunkReader-ELG-0" daemon prio=5 tid=2571 runnable
java.lang.Thread.State: RUNNABLE
        at app//org.apache.ratis.thirdparty.io.netty.channel.epoll.Native.epollWait0(Native Method)
        at app//org.apache.ratis.thirdparty.io.netty.channel.epoll.Native.epollWait(Native.java:193)
        at app//org.apache.ratis.thirdparty.io.netty.channel.epoll.EpollEventLoop.epollWait(EpollEventLoop.java:304)
        at app//org.apache.ratis.thirdparty.io.netty.channel.epoll.EpollEventLoop.run(EpollEventLoop.java:368)
        at app//org.apache.ratis.thirdparty.io.netty.util.concurrent.SingleThreadEventExecutor$4.run(SingleThreadEventExecutor.java:997)
        at app//org.apache.ratis.thirdparty.io.netty.util.internal.ThreadExecutorMap$2.run(ThreadExecutorMap.java:74)
        at java.base@21.0.5/java.lang.Thread.runWith(Thread.java:1596)
        at java.base@21.0.5/java.lang.Thread.run(Thread.java:1583)
"Hadoop-Metrics-Updater-0" daemon prio=5 tid=772 timed_waiting
java.lang.Thread.State: TIMED_WAITING
        at java.base@21.0.5/jdk.internal.misc.Unsafe.park(Native Method)
        at java.base@21.0.5/java.util.concurrent.locks.LockSupport.parkNanos(LockSupport.java:269)
        at java.base@21.0.5/java.util.concurrent.locks.AbstractQueuedSynchronizer$ConditionObject.awaitNanos(AbstractQueuedSynchronizer.java:1763)
        at java.base@21.0.5/java.util.concurrent.ScheduledThreadPoolExecutor$DelayedWorkQueue.take(ScheduledThreadPoolExecutor.java:1182)
        at java.base@21.0.5/java.util.concurrent.ScheduledThreadPoolExecutor$DelayedWorkQueue.take(ScheduledThreadPoolExecutor.java:899)
        at java.base@21.0.5/java.util.concurrent.ThreadPoolExecutor.getTask(ThreadPoolExecutor.java:1070)
        at java.base@21.0.5/java.util.concurrent.ThreadPoolExecutor.runWorker(ThreadPoolExecutor.java:1130)
        at java.base@21.0.5/java.util.concurrent.ThreadPoolExecutor$Worker.run(ThreadPoolExecutor.java:642)
        at java.base@21.0.5/java.lang.Thread.runWith(Thread.java:1596)
        at java.base@21.0.5/java.lang.Thread.run(Thread.java:1583)
"4b5ea8a3-88a5-4114-908f-7a85f39bc1cb@group-17ECB58173E6-FollowerState" daemon prio=5 tid=2153 timed_waiting
java.lang.Thread.State: TIMED_WAITING
        at java.base@21.0.5/java.lang.Thread.sleep0(Native Method)
        at java.base@21.0.5/java.lang.Thread.sleep(Thread.java:558)
        at java.base@21.0.5/java.util.concurrent.TimeUnit.sleep(TimeUnit.java:446)
        at app//org.apache.ratis.util.TimeDuration.sleep(TimeDuration.java:353)
        at app//org.apache.ratis.util.TimeDuration.sleep(TimeDuration.java:338)
        at app//org.apache.ratis.server.impl.FollowerState.runImpl(FollowerState.java:149)
        at app//org.apache.ratis.server.impl.FollowerState.run(FollowerState.java:130)
"26f755b0-b4b1-4239-8401-e418fca9ef4b-EndpointStateMachineTaskThread-/0.0.0.0:15002-0 "  prio=5 tid=2525 in Object.wait()
java.lang.Thread.State: WAITING (on object monitor)
        at java.base@21.0.5/jdk.internal.misc.Unsafe.park(Native Method)
        at java.base@21.0.5/java.util.concurrent.locks.LockSupport.park(LockSupport.java:371)
        at java.base@21.0.5/java.util.concurrent.locks.AbstractQueuedSynchronizer$ConditionNode.block(AbstractQueuedSynchronizer.java:519)
        at java.base@21.0.5/java.util.concurrent.ForkJoinPool.unmanagedBlock(ForkJoinPool.java:3780)
        at java.base@21.0.5/java.util.concurrent.ForkJoinPool.managedBlock(ForkJoinPool.java:3725)
        at java.base@21.0.5/java.util.concurrent.locks.AbstractQueuedSynchronizer$ConditionObject.await(AbstractQueuedSynchronizer.java:1712)
        at java.base@21.0.5/java.util.concurrent.LinkedBlockingQueue.take(LinkedBlockingQueue.java:435)
        at java.base@21.0.5/java.util.concurrent.ThreadPoolExecutor.getTask(ThreadPoolExecutor.java:1070)
        at java.base@21.0.5/java.util.concurrent.ThreadPoolExecutor.runWorker(ThreadPoolExecutor.java:1130)
        at java.base@21.0.5/java.util.concurrent.ThreadPoolExecutor$Worker.run(ThreadPoolExecutor.java:642)
        at java.base@21.0.5/java.lang.Thread.runWith(Thread.java:1596)
        at java.base@21.0.5/java.lang.Thread.run(Thread.java:1583)
"IPC Server handler 6 on default port 15048" daemon prio=5 tid=733 timed_waiting
java.lang.Thread.State: TIMED_WAITING
        at java.base@21.0.5/jdk.internal.misc.Unsafe.park(Native Method)
        at java.base@21.0.5/java.util.concurrent.locks.LockSupport.parkNanos(LockSupport.java:269)
        at java.base@21.0.5/java.util.concurrent.locks.AbstractQueuedSynchronizer$ConditionObject.awaitNanos(AbstractQueuedSynchronizer.java:1763)
        at java.base@21.0.5/java.util.concurrent.LinkedBlockingQueue.poll(LinkedBlockingQueue.java:460)
        at app//org.apache.hadoop.ipc.CallQueueManager.take(CallQueueManager.java:370)
        at app//org.apache.hadoop.ipc.Server$Handler.run(Server.java:3165)
"Socket Reader #5 for port 15093"  prio=5 tid=1006 runnable
java.lang.Thread.State: RUNNABLE
        at java.base@21.0.5/sun.nio.ch.EPoll.wait(Native Method)
        at java.base@21.0.5/sun.nio.ch.EPollSelectorImpl.doSelect(EPollSelectorImpl.java:121)
        at java.base@21.0.5/sun.nio.ch.SelectorImpl.lockAndDoSelect(SelectorImpl.java:130)
        at java.base@21.0.5/sun.nio.ch.SelectorImpl.select(SelectorImpl.java:147)
        at app//org.apache.hadoop.ipc.Server$Listener$Reader.doRunLoop(Server.java:1497)
        at app//org.apache.hadoop.ipc.Server$Listener$Reader.run(Server.java:1476)
"79978ed1-1a5c-4832-b584-9e2d85f03cd7-NettyServerStreamRpc-bossGroup--thread1"  prio=5 tid=514 runnable
java.lang.Thread.State: RUNNABLE
        at app//org.apache.ratis.thirdparty.io.netty.channel.epoll.Native.epollWait(Native Method)
        at app//org.apache.ratis.thirdparty.io.netty.channel.epoll.Native.epollWait(Native.java:220)
        at app//org.apache.ratis.thirdparty.io.netty.channel.epoll.Native.epollWait(Native.java:213)
        at app//org.apache.ratis.thirdparty.io.netty.channel.epoll.EpollEventLoop.epollWaitNoTimerChange(EpollEventLoop.java:308)
        at app//org.apache.ratis.thirdparty.io.netty.channel.epoll.EpollEventLoop.run(EpollEventLoop.java:365)
        at app//org.apache.ratis.thirdparty.io.netty.util.concurrent.SingleThreadEventExecutor$4.run(SingleThreadEventExecutor.java:997)
        at app//org.apache.ratis.thirdparty.io.netty.util.internal.ThreadExecutorMap$2.run(ThreadExecutorMap.java:74)
        at java.base@21.0.5/java.lang.Thread.runWith(Thread.java:1596)
        at java.base@21.0.5/java.lang.Thread.run(Thread.java:1583)
"IPC Server handler 55 on default port 15002" daemon prio=5 tid=387 timed_waiting
java.lang.Thread.State: TIMED_WAITING
        at java.base@21.0.5/jdk.internal.misc.Unsafe.park(Native Method)
        at java.base@21.0.5/java.util.concurrent.locks.LockSupport.parkNanos(LockSupport.java:269)
        at java.base@21.0.5/java.util.concurrent.locks.AbstractQueuedSynchronizer$ConditionObject.awaitNanos(AbstractQueuedSynchronizer.java:1763)
        at java.base@21.0.5/java.util.concurrent.LinkedBlockingQueue.poll(LinkedBlockingQueue.java:460)
        at app//org.apache.hadoop.ipc.CallQueueManager.take(CallQueueManager.java:370)
        at app//org.apache.hadoop.ipc.Server$Handler.run(Server.java:3165)
"eca5a246-1f8f-493f-b50d-7eee1f2fec76@group-29E8A10AA121-cacheEviction-AwaitToRun" daemon prio=5 tid=1480 in Object.wait()
java.lang.Thread.State: WAITING (on object monitor)
        at java.base@21.0.5/jdk.internal.misc.Unsafe.park(Native Method)
        at java.base@21.0.5/java.util.concurrent.locks.LockSupport.park(LockSupport.java:371)
        at java.base@21.0.5/java.util.concurrent.locks.AbstractQueuedSynchronizer$ConditionNode.block(AbstractQueuedSynchronizer.java:519)
        at java.base@21.0.5/java.util.concurrent.ForkJoinPool.unmanagedBlock(ForkJoinPool.java:3780)
        at java.base@21.0.5/java.util.concurrent.ForkJoinPool.managedBlock(ForkJoinPool.java:3725)
        at java.base@21.0.5/java.util.concurrent.locks.AbstractQueuedSynchronizer$ConditionObject.await(AbstractQueuedSynchronizer.java:1712)
        at app//org.apache.ratis.util.AwaitForSignal.await(AwaitForSignal.java:48)
        at app//org.apache.ratis.util.AwaitToRun$RunnableImpl.run(AwaitToRun.java:47)
        at java.base@21.0.5/java.lang.Thread.runWith(Thread.java:1596)
        at java.base@21.0.5/java.lang.Thread.run(Thread.java:1583)
"IPC Server handler 44 on default port 15001" daemon prio=5 tid=258 timed_waiting
java.lang.Thread.State: TIMED_WAITING
        at java.base@21.0.5/jdk.internal.misc.Unsafe.park(Native Method)
        at java.base@21.0.5/java.util.concurrent.locks.LockSupport.parkNanos(LockSupport.java:269)
        at java.base@21.0.5/java.util.concurrent.locks.AbstractQueuedSynchronizer$ConditionObject.awaitNanos(AbstractQueuedSynchronizer.java:1763)
        at java.base@21.0.5/java.util.concurrent.LinkedBlockingQueue.poll(LinkedBlockingQueue.java:460)
        at app//org.apache.hadoop.ipc.CallQueueManager.take(CallQueueManager.java:370)
        at app//org.apache.hadoop.ipc.Server$Handler.run(Server.java:3165)
"om1-KeyDeletingService#0" daemon prio=5 tid=466 timed_waiting
java.lang.Thread.State: TIMED_WAITING
        at java.base@21.0.5/jdk.internal.misc.Unsafe.park(Native Method)
        at java.base@21.0.5/java.util.concurrent.locks.LockSupport.parkNanos(LockSupport.java:269)
        at java.base@21.0.5/java.util.concurrent.locks.AbstractQueuedSynchronizer$ConditionObject.awaitNanos(AbstractQueuedSynchronizer.java:1763)
        at java.base@21.0.5/java.util.concurrent.ScheduledThreadPoolExecutor$DelayedWorkQueue.take(ScheduledThreadPoolExecutor.java:1182)
        at java.base@21.0.5/java.util.concurrent.ScheduledThreadPoolExecutor$DelayedWorkQueue.take(ScheduledThreadPoolExecutor.java:899)
        at java.base@21.0.5/java.util.concurrent.ThreadPoolExecutor.getTask(ThreadPoolExecutor.java:1070)
        at java.base@21.0.5/java.util.concurrent.ThreadPoolExecutor.runWorker(ThreadPoolExecutor.java:1130)
        at java.base@21.0.5/java.util.concurrent.ThreadPoolExecutor$Worker.run(ThreadPoolExecutor.java:642)
        at java.base@21.0.5/java.lang.Thread.runWith(Thread.java:1596)
        at java.base@21.0.5/java.lang.Thread.run(Thread.java:1583)
"02fc1759-725d-47af-8349-873c9c5c9167@group-63946492C14B-cacheEviction-AwaitToRun" daemon prio=5 tid=1195 in Object.wait()
java.lang.Thread.State: WAITING (on object monitor)
        at java.base@21.0.5/jdk.internal.misc.Unsafe.park(Native Method)
        at java.base@21.0.5/java.util.concurrent.locks.LockSupport.park(LockSupport.java:371)
        at java.base@21.0.5/java.util.concurrent.locks.AbstractQueuedSynchronizer$ConditionNode.block(AbstractQueuedSynchronizer.java:519)
        at java.base@21.0.5/java.util.concurrent.ForkJoinPool.unmanagedBlock(ForkJoinPool.java:3780)
        at java.base@21.0.5/java.util.concurrent.ForkJoinPool.managedBlock(ForkJoinPool.java:3725)
        at java.base@21.0.5/java.util.concurrent.locks.AbstractQueuedSynchronizer$ConditionObject.await(AbstractQueuedSynchronizer.java:1712)
        at app//org.apache.ratis.util.AwaitForSignal.await(AwaitForSignal.java:48)
        at app//org.apache.ratis.util.AwaitToRun$RunnableImpl.run(AwaitToRun.java:47)
        at java.base@21.0.5/java.lang.Thread.runWith(Thread.java:1596)
        at java.base@21.0.5/java.lang.Thread.run(Thread.java:1583)
"79978ed1-1a5c-4832-b584-9e2d85f03cd7-DatanodeStateMachineTaskThread-0"  prio=5 tid=557 in Object.wait()
java.lang.Thread.State: WAITING (on object monitor)
        at java.base@21.0.5/jdk.internal.misc.Unsafe.park(Native Method)
        at java.base@21.0.5/java.util.concurrent.locks.LockSupport.park(LockSupport.java:371)
        at java.base@21.0.5/java.util.concurrent.locks.AbstractQueuedSynchronizer$ConditionNode.block(AbstractQueuedSynchronizer.java:519)
        at java.base@21.0.5/java.util.concurrent.ForkJoinPool.unmanagedBlock(ForkJoinPool.java:3780)
        at java.base@21.0.5/java.util.concurrent.ForkJoinPool.managedBlock(ForkJoinPool.java:3725)
        at java.base@21.0.5/java.util.concurrent.locks.AbstractQueuedSynchronizer$ConditionObject.await(AbstractQueuedSynchronizer.java:1712)
        at java.base@21.0.5/java.util.concurrent.LinkedBlockingQueue.take(LinkedBlockingQueue.java:435)
        at java.base@21.0.5/java.util.concurrent.ThreadPoolExecutor.getTask(ThreadPoolExecutor.java:1070)
        at java.base@21.0.5/java.util.concurrent.ThreadPoolExecutor.runWorker(ThreadPoolExecutor.java:1130)
        at java.base@21.0.5/java.util.concurrent.ThreadPoolExecutor$Worker.run(ThreadPoolExecutor.java:642)
        at java.base@21.0.5/java.lang.Thread.runWith(Thread.java:1596)
        at java.base@21.0.5/java.lang.Thread.run(Thread.java:1583)
"ac32094a-198b-4072-99dd-552311e88daf-ChunkWriter-3-0" daemon prio=5 tid=1158 in Object.wait()
java.lang.Thread.State: WAITING (on object monitor)
        at java.base@21.0.5/jdk.internal.misc.Unsafe.park(Native Method)
        at java.base@21.0.5/java.util.concurrent.locks.LockSupport.park(LockSupport.java:371)
        at java.base@21.0.5/java.util.concurrent.locks.AbstractQueuedSynchronizer$ConditionNode.block(AbstractQueuedSynchronizer.java:519)
        at java.base@21.0.5/java.util.concurrent.ForkJoinPool.unmanagedBlock(ForkJoinPool.java:3780)
        at java.base@21.0.5/java.util.concurrent.ForkJoinPool.managedBlock(ForkJoinPool.java:3725)
        at java.base@21.0.5/java.util.concurrent.locks.AbstractQueuedSynchronizer$ConditionObject.await(AbstractQueuedSynchronizer.java:1712)
        at java.base@21.0.5/java.util.concurrent.LinkedBlockingDeque.takeFirst(LinkedBlockingDeque.java:485)
        at java.base@21.0.5/java.util.concurrent.LinkedBlockingDeque.take(LinkedBlockingDeque.java:673)
        at java.base@21.0.5/java.util.concurrent.ThreadPoolExecutor.getTask(ThreadPoolExecutor.java:1070)
        at java.base@21.0.5/java.util.concurrent.ThreadPoolExecutor.runWorker(ThreadPoolExecutor.java:1130)
        at java.base@21.0.5/java.util.concurrent.ThreadPoolExecutor$Worker.run(ThreadPoolExecutor.java:642)
        at java.base@21.0.5/java.lang.Thread.runWith(Thread.java:1596)
        at java.base@21.0.5/java.lang.Thread.run(Thread.java:1583)
"IPC Server handler 2 on default port 15039" daemon prio=5 tid=683 timed_waiting
java.lang.Thread.State: TIMED_WAITING
        at java.base@21.0.5/jdk.internal.misc.Unsafe.park(Native Method)
        at java.base@21.0.5/java.util.concurrent.locks.LockSupport.parkNanos(LockSupport.java:269)
        at java.base@21.0.5/java.util.concurrent.locks.AbstractQueuedSynchronizer$ConditionObject.awaitNanos(AbstractQueuedSynchronizer.java:1763)
        at java.base@21.0.5/java.util.concurrent.LinkedBlockingQueue.poll(LinkedBlockingQueue.java:460)
        at app//org.apache.hadoop.ipc.CallQueueManager.take(CallQueueManager.java:370)
        at app//org.apache.hadoop.ipc.Server$Handler.run(Server.java:3165)
"IPC Server handler 77 on default port 15002" daemon prio=5 tid=409 timed_waiting
java.lang.Thread.State: TIMED_WAITING
        at java.base@21.0.5/jdk.internal.misc.Unsafe.park(Native Method)
        at java.base@21.0.5/java.util.concurrent.locks.LockSupport.parkNanos(LockSupport.java:269)
        at java.base@21.0.5/java.util.concurrent.locks.AbstractQueuedSynchronizer$ConditionObject.awaitNanos(AbstractQueuedSynchronizer.java:1763)
        at java.base@21.0.5/java.util.concurrent.LinkedBlockingQueue.poll(LinkedBlockingQueue.java:460)
        at app//org.apache.hadoop.ipc.CallQueueManager.take(CallQueueManager.java:370)
        at app//org.apache.hadoop.ipc.Server$Handler.run(Server.java:3165)
"3296053d-9d54-4057-a6a8-67c4b6ec6587-DatanodeStateMachineTaskThread-0"  prio=5 tid=651 in Object.wait()
java.lang.Thread.State: WAITING (on object monitor)
        at java.base@21.0.5/jdk.internal.misc.Unsafe.park(Native Method)
        at java.base@21.0.5/java.util.concurrent.locks.LockSupport.park(LockSupport.java:371)
        at java.base@21.0.5/java.util.concurrent.locks.AbstractQueuedSynchronizer$ConditionNode.block(AbstractQueuedSynchronizer.java:519)
        at java.base@21.0.5/java.util.concurrent.ForkJoinPool.unmanagedBlock(ForkJoinPool.java:3780)
        at java.base@21.0.5/java.util.concurrent.ForkJoinPool.managedBlock(ForkJoinPool.java:3725)
        at java.base@21.0.5/java.util.concurrent.locks.AbstractQueuedSynchronizer$ConditionObject.await(AbstractQueuedSynchronizer.java:1712)
        at java.base@21.0.5/java.util.concurrent.LinkedBlockingQueue.take(LinkedBlockingQueue.java:435)
        at java.base@21.0.5/java.util.concurrent.ThreadPoolExecutor.getTask(ThreadPoolExecutor.java:1070)
        at java.base@21.0.5/java.util.concurrent.ThreadPoolExecutor.runWorker(ThreadPoolExecutor.java:1130)
        at java.base@21.0.5/java.util.concurrent.ThreadPoolExecutor$Worker.run(ThreadPoolExecutor.java:642)
        at java.base@21.0.5/java.lang.Thread.runWith(Thread.java:1596)
        at java.base@21.0.5/java.lang.Thread.run(Thread.java:1583)
"IPC Server handler 67 on default port 15002" daemon prio=5 tid=399 timed_waiting
java.lang.Thread.State: TIMED_WAITING
        at java.base@21.0.5/jdk.internal.misc.Unsafe.park(Native Method)
        at java.base@21.0.5/java.util.concurrent.locks.LockSupport.parkNanos(LockSupport.java:269)
        at java.base@21.0.5/java.util.concurrent.locks.AbstractQueuedSynchronizer$ConditionObject.awaitNanos(AbstractQueuedSynchronizer.java:1763)
        at java.base@21.0.5/java.util.concurrent.LinkedBlockingQueue.poll(LinkedBlockingQueue.java:460)
        at app//org.apache.hadoop.ipc.CallQueueManager.take(CallQueueManager.java:370)
        at app//org.apache.hadoop.ipc.Server$Handler.run(Server.java:3165)
"4b5ea8a3-88a5-4114-908f-7a85f39bc1cb@group-7D6565184E1B-FollowerState" daemon prio=5 tid=2669 timed_waiting
java.lang.Thread.State: TIMED_WAITING
        at java.base@21.0.5/java.lang.Thread.sleep0(Native Method)
        at java.base@21.0.5/java.lang.Thread.sleep(Thread.java:558)
        at java.base@21.0.5/java.util.concurrent.TimeUnit.sleep(TimeUnit.java:446)
        at app//org.apache.ratis.util.TimeDuration.sleep(TimeDuration.java:353)
        at app//org.apache.ratis.util.TimeDuration.sleep(TimeDuration.java:338)
        at app//org.apache.ratis.server.impl.FollowerState.runImpl(FollowerState.java:149)
        at app//org.apache.ratis.server.impl.FollowerState.run(FollowerState.java:130)
"IPC Server Responder" daemon prio=5 tid=1013 runnable
java.lang.Thread.State: RUNNABLE
        at java.base@21.0.5/sun.nio.ch.EPoll.wait(Native Method)
        at java.base@21.0.5/sun.nio.ch.EPollSelectorImpl.doSelect(EPollSelectorImpl.java:121)
        at java.base@21.0.5/sun.nio.ch.SelectorImpl.lockAndDoSelect(SelectorImpl.java:130)
        at java.base@21.0.5/sun.nio.ch.SelectorImpl.select(SelectorImpl.java:142)
        at app//org.apache.hadoop.ipc.Server$Responder.doRunLoop(Server.java:1733)
        at app//org.apache.hadoop.ipc.Server$Responder.run(Server.java:1716)
"IPC Server idle connection scanner for port 15057" daemon prio=5 tid=770 timed_waiting
java.lang.Thread.State: TIMED_WAITING
        at java.base@21.0.5/java.lang.Object.wait0(Native Method)
        at java.base@21.0.5/java.lang.Object.wait(Object.java:366)
        at java.base@21.0.5/java.util.TimerThread.mainLoop(Timer.java:563)
        at java.base@21.0.5/java.util.TimerThread.run(Timer.java:516)
"3296053d-9d54-4057-a6a8-67c4b6ec6587-ChunkReader-3" daemon prio=5 tid=2466 in Object.wait()
java.lang.Thread.State: WAITING (on object monitor)
        at java.base@21.0.5/jdk.internal.misc.Unsafe.park(Native Method)
        at java.base@21.0.5/java.util.concurrent.locks.LockSupport.park(LockSupport.java:371)
        at java.base@21.0.5/java.util.concurrent.locks.AbstractQueuedSynchronizer$ConditionNode.block(AbstractQueuedSynchronizer.java:519)
        at java.base@21.0.5/java.util.concurrent.ForkJoinPool.unmanagedBlock(ForkJoinPool.java:3780)
        at java.base@21.0.5/java.util.concurrent.ForkJoinPool.managedBlock(ForkJoinPool.java:3725)
        at java.base@21.0.5/java.util.concurrent.locks.AbstractQueuedSynchronizer$ConditionObject.await(AbstractQueuedSynchronizer.java:1712)
        at java.base@21.0.5/java.util.concurrent.LinkedBlockingQueue.take(LinkedBlockingQueue.java:435)
        at java.base@21.0.5/java.util.concurrent.ThreadPoolExecutor.getTask(ThreadPoolExecutor.java:1070)
        at java.base@21.0.5/java.util.concurrent.ThreadPoolExecutor.runWorker(ThreadPoolExecutor.java:1130)
        at java.base@21.0.5/java.util.concurrent.ThreadPoolExecutor$Worker.run(ThreadPoolExecutor.java:642)
        at java.base@21.0.5/java.lang.Thread.runWith(Thread.java:1596)
        at java.base@21.0.5/java.lang.Thread.run(Thread.java:1583)
"IPC Server handler 3 on default port 15048" daemon prio=5 tid=730 timed_waiting
java.lang.Thread.State: TIMED_WAITING
        at java.base@21.0.5/jdk.internal.misc.Unsafe.park(Native Method)
        at java.base@21.0.5/java.util.concurrent.locks.LockSupport.parkNanos(LockSupport.java:269)
        at java.base@21.0.5/java.util.concurrent.locks.AbstractQueuedSynchronizer$ConditionObject.awaitNanos(AbstractQueuedSynchronizer.java:1763)
        at java.base@21.0.5/java.util.concurrent.LinkedBlockingQueue.poll(LinkedBlockingQueue.java:460)
        at app//org.apache.hadoop.ipc.CallQueueManager.take(CallQueueManager.java:370)
        at app//org.apache.hadoop.ipc.Server$Handler.run(Server.java:3165)
"ContainerMetadataScanner" daemon prio=5 tid=1153 timed_waiting
java.lang.Thread.State: TIMED_WAITING
        at java.base@21.0.5/java.lang.Thread.sleep0(Native Method)
        at java.base@21.0.5/java.lang.Thread.sleep(Thread.java:509)
        at app//org.apache.hadoop.ozone.container.ozoneimpl.AbstractBackgroundContainerScanner.handleRemainingSleep(AbstractBackgroundContainerScanner.java:131)
        at app//org.apache.hadoop.ozone.container.ozoneimpl.AbstractBackgroundContainerScanner.runIteration(AbstractBackgroundContainerScanner.java:98)
        at app//org.apache.hadoop.ozone.container.ozoneimpl.AbstractBackgroundContainerScanner.run(AbstractBackgroundContainerScanner.java:57)
"CompactionDagPruningService" daemon prio=5 tid=432 timed_waiting
java.lang.Thread.State: TIMED_WAITING
        at java.base@21.0.5/jdk.internal.misc.Unsafe.park(Native Method)
        at java.base@21.0.5/java.util.concurrent.locks.LockSupport.parkNanos(LockSupport.java:269)
        at java.base@21.0.5/java.util.concurrent.locks.AbstractQueuedSynchronizer$ConditionObject.awaitNanos(AbstractQueuedSynchronizer.java:1763)
        at java.base@21.0.5/java.util.concurrent.ScheduledThreadPoolExecutor$DelayedWorkQueue.take(ScheduledThreadPoolExecutor.java:1182)
        at java.base@21.0.5/java.util.concurrent.ScheduledThreadPoolExecutor$DelayedWorkQueue.take(ScheduledThreadPoolExecutor.java:899)
        at java.base@21.0.5/java.util.concurrent.ThreadPoolExecutor.getTask(ThreadPoolExecutor.java:1070)
        at java.base@21.0.5/java.util.concurrent.ThreadPoolExecutor.runWorker(ThreadPoolExecutor.java:1130)
        at java.base@21.0.5/java.util.concurrent.ThreadPoolExecutor$Worker.run(ThreadPoolExecutor.java:642)
        at java.base@21.0.5/java.lang.Thread.runWith(Thread.java:1596)
        at java.base@21.0.5/java.lang.Thread.run(Thread.java:1583)
"eca5a246-1f8f-493f-b50d-7eee1f2fec76@group-AEA5E11D46FC-cacheEviction-AwaitToRun" daemon prio=5 tid=1378 in Object.wait()
java.lang.Thread.State: WAITING (on object monitor)
        at java.base@21.0.5/jdk.internal.misc.Unsafe.park(Native Method)
        at java.base@21.0.5/java.util.concurrent.locks.LockSupport.park(LockSupport.java:371)
        at java.base@21.0.5/java.util.concurrent.locks.AbstractQueuedSynchronizer$ConditionNode.block(AbstractQueuedSynchronizer.java:519)
        at java.base@21.0.5/java.util.concurrent.ForkJoinPool.unmanagedBlock(ForkJoinPool.java:3780)
        at java.base@21.0.5/java.util.concurrent.ForkJoinPool.managedBlock(ForkJoinPool.java:3725)
        at java.base@21.0.5/java.util.concurrent.locks.AbstractQueuedSynchronizer$ConditionObject.await(AbstractQueuedSynchronizer.java:1712)
        at app//org.apache.ratis.util.AwaitForSignal.await(AwaitForSignal.java:48)
        at app//org.apache.ratis.util.AwaitToRun$RunnableImpl.run(AwaitToRun.java:47)
        at java.base@21.0.5/java.lang.Thread.runWith(Thread.java:1596)
        at java.base@21.0.5/java.lang.Thread.run(Thread.java:1583)
"3296053d-9d54-4057-a6a8-67c4b6ec6587@group-2F5615DC861B-StateMachineUpdater" daemon prio=5 tid=1189 timed_waiting
java.lang.Thread.State: TIMED_WAITING
        at java.base@21.0.5/jdk.internal.misc.Unsafe.park(Native Method)
        at java.base@21.0.5/java.util.concurrent.locks.LockSupport.parkNanos(LockSupport.java:269)
        at java.base@21.0.5/java.util.concurrent.locks.AbstractQueuedSynchronizer$ConditionObject.await(AbstractQueuedSynchronizer.java:1852)
        at app//org.apache.ratis.util.AwaitForSignal.await(AwaitForSignal.java:65)
        at app//org.apache.ratis.server.impl.StateMachineUpdater.waitForCommit(StateMachineUpdater.java:219)
        at app//org.apache.ratis.server.impl.StateMachineUpdater.run(StateMachineUpdater.java:187)
        at java.base@21.0.5/java.lang.Thread.runWith(Thread.java:1596)
        at java.base@21.0.5/java.lang.Thread.run(Thread.java:1583)
"4b5ea8a3-88a5-4114-908f-7a85f39bc1cb@group-84CADC6795ED-SegmentedRaftLogWorker" daemon prio=5 tid=1482 timed_waiting
java.lang.Thread.State: TIMED_WAITING
        at java.base@21.0.5/jdk.internal.misc.Unsafe.park(Native Method)
        at java.base@21.0.5/java.util.concurrent.locks.LockSupport.parkNanos(LockSupport.java:269)
        at java.base@21.0.5/java.util.concurrent.locks.AbstractQueuedSynchronizer$ConditionObject.awaitNanos(AbstractQueuedSynchronizer.java:1763)
        at app//org.apache.ratis.util.DataBlockingQueue.poll(DataBlockingQueue.java:148)
        at app//org.apache.ratis.server.raftlog.segmented.SegmentedRaftLogWorker.run(SegmentedRaftLogWorker.java:307)
        at app//org.apache.ratis.server.raftlog.segmented.SegmentedRaftLogWorker$$Lambda/0x00007fd9cc334298.run(Unknown Source)
        at java.base@21.0.5/java.util.concurrent.Executors$RunnableAdapter.call(Executors.java:572)
        at java.base@21.0.5/java.util.concurrent.FutureTask.run(FutureTask.java:317)
        at java.base@21.0.5/java.util.concurrent.ThreadPoolExecutor.runWorker(ThreadPoolExecutor.java:1144)
        at java.base@21.0.5/java.util.concurrent.ThreadPoolExecutor$Worker.run(ThreadPoolExecutor.java:642)
        at java.base@21.0.5/java.lang.Thread.runWith(Thread.java:1596)
        at java.base@21.0.5/java.lang.Thread.run(Thread.java:1583)
"751e45cc-852a-454f-97c8-e80f2befe6f4@group-1CB239B5D031-StateMachineUpdater" daemon prio=5 tid=1326 timed_waiting
java.lang.Thread.State: TIMED_WAITING
        at java.base@21.0.5/jdk.internal.misc.Unsafe.park(Native Method)
        at java.base@21.0.5/java.util.concurrent.locks.LockSupport.parkNanos(LockSupport.java:269)
        at java.base@21.0.5/java.util.concurrent.locks.AbstractQueuedSynchronizer$ConditionObject.await(AbstractQueuedSynchronizer.java:1852)
        at app//org.apache.ratis.util.AwaitForSignal.await(AwaitForSignal.java:65)
        at app//org.apache.ratis.server.impl.StateMachineUpdater.waitForCommit(StateMachineUpdater.java:219)
        at app//org.apache.ratis.server.impl.StateMachineUpdater.run(StateMachineUpdater.java:187)
        at java.base@21.0.5/java.lang.Thread.runWith(Thread.java:1596)
        at java.base@21.0.5/java.lang.Thread.run(Thread.java:1583)
"Socket Reader #1 for port 15021"  prio=5 tid=574 runnable
java.lang.Thread.State: RUNNABLE
        at java.base@21.0.5/sun.nio.ch.EPoll.wait(Native Method)
        at java.base@21.0.5/sun.nio.ch.EPollSelectorImpl.doSelect(EPollSelectorImpl.java:121)
        at java.base@21.0.5/sun.nio.ch.SelectorImpl.lockAndDoSelect(SelectorImpl.java:130)
        at java.base@21.0.5/sun.nio.ch.SelectorImpl.select(SelectorImpl.java:147)
        at app//org.apache.hadoop.ipc.Server$Listener$Reader.doRunLoop(Server.java:1497)
        at app//org.apache.hadoop.ipc.Server$Listener$Reader.run(Server.java:1476)
"IPC Server handler 11 on default port 15001" daemon prio=5 tid=225 timed_waiting
java.lang.Thread.State: TIMED_WAITING
        at java.base@21.0.5/jdk.internal.misc.Unsafe.park(Native Method)
        at java.base@21.0.5/java.util.concurrent.locks.LockSupport.parkNanos(LockSupport.java:269)
        at java.base@21.0.5/java.util.concurrent.locks.AbstractQueuedSynchronizer$ConditionObject.awaitNanos(AbstractQueuedSynchronizer.java:1763)
        at java.base@21.0.5/java.util.concurrent.LinkedBlockingQueue.poll(LinkedBlockingQueue.java:460)
        at app//org.apache.hadoop.ipc.CallQueueManager.take(CallQueueManager.java:370)
        at app//org.apache.hadoop.ipc.Server$Handler.run(Server.java:3165)
"IPC Server handler 64 on default port 15002" daemon prio=5 tid=396 timed_waiting
java.lang.Thread.State: TIMED_WAITING
        at java.base@21.0.5/jdk.internal.misc.Unsafe.park(Native Method)
        at java.base@21.0.5/java.util.concurrent.locks.LockSupport.parkNanos(LockSupport.java:269)
        at java.base@21.0.5/java.util.concurrent.locks.AbstractQueuedSynchronizer$ConditionObject.awaitNanos(AbstractQueuedSynchronizer.java:1763)
        at java.base@21.0.5/java.util.concurrent.LinkedBlockingQueue.poll(LinkedBlockingQueue.java:460)
        at app//org.apache.hadoop.ipc.CallQueueManager.take(CallQueueManager.java:370)
        at app//org.apache.hadoop.ipc.Server$Handler.run(Server.java:3165)
"EventQueue-NodeRegistrationContainerReportForDataNodeSafeModeRule" daemon prio=5 tid=1089 in Object.wait()
java.lang.Thread.State: WAITING (on object monitor)
        at java.base@21.0.5/jdk.internal.misc.Unsafe.park(Native Method)
        at java.base@21.0.5/java.util.concurrent.locks.LockSupport.park(LockSupport.java:371)
        at java.base@21.0.5/java.util.concurrent.locks.AbstractQueuedSynchronizer$ConditionNode.block(AbstractQueuedSynchronizer.java:519)
        at java.base@21.0.5/java.util.concurrent.ForkJoinPool.unmanagedBlock(ForkJoinPool.java:3780)
        at java.base@21.0.5/java.util.concurrent.ForkJoinPool.managedBlock(ForkJoinPool.java:3725)
        at java.base@21.0.5/java.util.concurrent.locks.AbstractQueuedSynchronizer$ConditionObject.await(AbstractQueuedSynchronizer.java:1712)
        at java.base@21.0.5/java.util.concurrent.LinkedBlockingQueue.take(LinkedBlockingQueue.java:435)
        at java.base@21.0.5/java.util.concurrent.ThreadPoolExecutor.getTask(ThreadPoolExecutor.java:1070)
        at java.base@21.0.5/java.util.concurrent.ThreadPoolExecutor.runWorker(ThreadPoolExecutor.java:1130)
        at java.base@21.0.5/java.util.concurrent.ThreadPoolExecutor$Worker.run(ThreadPoolExecutor.java:642)
        at java.base@21.0.5/java.lang.Thread.runWith(Thread.java:1596)
        at java.base@21.0.5/java.lang.Thread.run(Thread.java:1583)
"751e45cc-852a-454f-97c8-e80f2befe6f4-server-thread1" daemon prio=5 tid=1887 timed_waiting
java.lang.Thread.State: TIMED_WAITING
        at java.base@21.0.5/jdk.internal.misc.Unsafe.park(Native Method)
        at java.base@21.0.5/java.util.concurrent.locks.LockSupport.parkNanos(LockSupport.java:410)
        at java.base@21.0.5/java.util.concurrent.LinkedTransferQueue$DualNode.await(LinkedTransferQueue.java:452)
        at java.base@21.0.5/java.util.concurrent.SynchronousQueue$Transferer.xferLifo(SynchronousQueue.java:194)
        at java.base@21.0.5/java.util.concurrent.SynchronousQueue.xfer(SynchronousQueue.java:235)
        at java.base@21.0.5/java.util.concurrent.SynchronousQueue.poll(SynchronousQueue.java:338)
        at java.base@21.0.5/java.util.concurrent.ThreadPoolExecutor.getTask(ThreadPoolExecutor.java:1069)
        at java.base@21.0.5/java.util.concurrent.ThreadPoolExecutor.runWorker(ThreadPoolExecutor.java:1130)
        at java.base@21.0.5/java.util.concurrent.ThreadPoolExecutor$Worker.run(ThreadPoolExecutor.java:642)
        at java.base@21.0.5/java.lang.Thread.runWith(Thread.java:1596)
        at java.base@21.0.5/java.lang.Thread.run(Thread.java:1583)
"IPC Server handler 28 on default port 15002" daemon prio=5 tid=360 timed_waiting
java.lang.Thread.State: TIMED_WAITING
        at java.base@21.0.5/jdk.internal.misc.Unsafe.park(Native Method)
        at java.base@21.0.5/java.util.concurrent.locks.LockSupport.parkNanos(LockSupport.java:269)
        at java.base@21.0.5/java.util.concurrent.locks.AbstractQueuedSynchronizer$ConditionObject.awaitNanos(AbstractQueuedSynchronizer.java:1763)
        at java.base@21.0.5/java.util.concurrent.LinkedBlockingQueue.poll(LinkedBlockingQueue.java:460)
        at app//org.apache.hadoop.ipc.CallQueueManager.take(CallQueueManager.java:370)
        at app//org.apache.hadoop.ipc.Server$Handler.run(Server.java:3165)
"LeakDetector-OzoneClientObject1" daemon prio=5 tid=1860 in Object.wait()
java.lang.Thread.State: WAITING (on object monitor)
        at java.base@21.0.5/jdk.internal.misc.Unsafe.park(Native Method)
        at java.base@21.0.5/java.util.concurrent.locks.LockSupport.park(LockSupport.java:371)
        at java.base@21.0.5/java.util.concurrent.locks.AbstractQueuedSynchronizer$ConditionNode.block(AbstractQueuedSynchronizer.java:519)
        at java.base@21.0.5/java.util.concurrent.ForkJoinPool.unmanagedBlock(ForkJoinPool.java:3780)
        at java.base@21.0.5/java.util.concurrent.ForkJoinPool.managedBlock(ForkJoinPool.java:3725)
        at java.base@21.0.5/java.util.concurrent.locks.AbstractQueuedSynchronizer$ConditionObject.await(AbstractQueuedSynchronizer.java:1712)
        at java.base@21.0.5/java.lang.ref.ReferenceQueue.await(ReferenceQueue.java:67)
        at java.base@21.0.5/java.lang.ref.ReferenceQueue.remove0(ReferenceQueue.java:158)
        at java.base@21.0.5/java.lang.ref.ReferenceQueue.remove(ReferenceQueue.java:234)
        at app//org.apache.hadoop.hdds.utils.LeakDetector.run(LeakDetector.java:81)
        at app//org.apache.hadoop.hdds.utils.LeakDetector$$Lambda/0x00007fd9cc41d018.run(Unknown Source)
        at java.base@21.0.5/java.lang.Thread.runWith(Thread.java:1596)
        at java.base@21.0.5/java.lang.Thread.run(Thread.java:1583)
"Socket Reader #8 for port 15075"  prio=5 tid=2499 runnable
java.lang.Thread.State: RUNNABLE
        at java.base@21.0.5/sun.nio.ch.EPoll.wait(Native Method)
        at java.base@21.0.5/sun.nio.ch.EPollSelectorImpl.doSelect(EPollSelectorImpl.java:121)
        at java.base@21.0.5/sun.nio.ch.SelectorImpl.lockAndDoSelect(SelectorImpl.java:130)
        at java.base@21.0.5/sun.nio.ch.SelectorImpl.select(SelectorImpl.java:147)
        at app//org.apache.hadoop.ipc.Server$Listener$Reader.doRunLoop(Server.java:1497)
        at app//org.apache.hadoop.ipc.Server$Listener$Reader.run(Server.java:1476)
"4b5ea8a3-88a5-4114-908f-7a85f39bc1cb@group-66FA7163FB5C-StateMachineUpdater" daemon prio=5 tid=1464 timed_waiting
java.lang.Thread.State: TIMED_WAITING
        at java.base@21.0.5/jdk.internal.misc.Unsafe.park(Native Method)
        at java.base@21.0.5/java.util.concurrent.locks.LockSupport.parkNanos(LockSupport.java:269)
        at java.base@21.0.5/java.util.concurrent.locks.AbstractQueuedSynchronizer$ConditionObject.await(AbstractQueuedSynchronizer.java:1852)
        at app//org.apache.ratis.util.AwaitForSignal.await(AwaitForSignal.java:65)
        at app//org.apache.ratis.server.impl.StateMachineUpdater.waitForCommit(StateMachineUpdater.java:219)
        at app//org.apache.ratis.server.impl.StateMachineUpdater.run(StateMachineUpdater.java:187)
        at java.base@21.0.5/java.lang.Thread.runWith(Thread.java:1596)
        at java.base@21.0.5/java.lang.Thread.run(Thread.java:1583)
"26f755b0-b4b1-4239-8401-e418fca9ef4b@group-5DFB2FDE8AB3-LeaderStateImpl" daemon prio=5 tid=2686 timed_waiting
java.lang.Thread.State: TIMED_WAITING
        at java.base@21.0.5/jdk.internal.misc.Unsafe.park(Native Method)
        at java.base@21.0.5/java.util.concurrent.locks.LockSupport.parkNanos(LockSupport.java:269)
        at java.base@21.0.5/java.util.concurrent.locks.AbstractQueuedSynchronizer$ConditionObject.awaitNanos(AbstractQueuedSynchronizer.java:1763)
        at java.base@21.0.5/java.util.concurrent.ArrayBlockingQueue.poll(ArrayBlockingQueue.java:435)
        at app//org.apache.ratis.server.impl.LeaderStateImpl$EventQueue.poll(LeaderStateImpl.java:164)
        at app//org.apache.ratis.server.impl.LeaderStateImpl$EventProcessor.run(LeaderStateImpl.java:763)
"ac32094a-198b-4072-99dd-552311e88daf-BlockDeletingService#1" daemon prio=5 tid=1163 in Object.wait()
java.lang.Thread.State: WAITING (on object monitor)
        at java.base@21.0.5/jdk.internal.misc.Unsafe.park(Native Method)
        at java.base@21.0.5/java.util.concurrent.locks.LockSupport.park(LockSupport.java:371)
        at java.base@21.0.5/java.util.concurrent.locks.AbstractQueuedSynchronizer$ConditionNode.block(AbstractQueuedSynchronizer.java:519)
        at java.base@21.0.5/java.util.concurrent.ForkJoinPool.unmanagedBlock(ForkJoinPool.java:3780)
        at java.base@21.0.5/java.util.concurrent.ForkJoinPool.managedBlock(ForkJoinPool.java:3725)
        at java.base@21.0.5/java.util.concurrent.locks.AbstractQueuedSynchronizer$ConditionObject.await(AbstractQueuedSynchronizer.java:1712)
        at java.base@21.0.5/java.util.concurrent.ScheduledThreadPoolExecutor$DelayedWorkQueue.take(ScheduledThreadPoolExecutor.java:1177)
        at java.base@21.0.5/java.util.concurrent.ScheduledThreadPoolExecutor$DelayedWorkQueue.take(ScheduledThreadPoolExecutor.java:899)
        at java.base@21.0.5/java.util.concurrent.ThreadPoolExecutor.getTask(ThreadPoolExecutor.java:1070)
        at java.base@21.0.5/java.util.concurrent.ThreadPoolExecutor.runWorker(ThreadPoolExecutor.java:1130)
        at java.base@21.0.5/java.util.concurrent.ThreadPoolExecutor$Worker.run(ThreadPoolExecutor.java:642)
        at java.base@21.0.5/java.lang.Thread.runWith(Thread.java:1596)
        at java.base@21.0.5/java.lang.Thread.run(Thread.java:1583)
"79978ed1-1a5c-4832-b584-9e2d85f03cd7@group-A6DF87581CD1-StateMachineUpdater" daemon prio=5 tid=1290 timed_waiting
java.lang.Thread.State: TIMED_WAITING
        at java.base@21.0.5/jdk.internal.misc.Unsafe.park(Native Method)
        at java.base@21.0.5/java.util.concurrent.locks.LockSupport.parkNanos(LockSupport.java:269)
        at java.base@21.0.5/java.util.concurrent.locks.AbstractQueuedSynchronizer$ConditionObject.await(AbstractQueuedSynchronizer.java:1852)
        at app//org.apache.ratis.util.AwaitForSignal.await(AwaitForSignal.java:65)
        at app//org.apache.ratis.server.impl.StateMachineUpdater.waitForCommit(StateMachineUpdater.java:219)
        at app//org.apache.ratis.server.impl.StateMachineUpdater.run(StateMachineUpdater.java:187)
        at java.base@21.0.5/java.lang.Thread.runWith(Thread.java:1596)
        at java.base@21.0.5/java.lang.Thread.run(Thread.java:1583)
"om1-OMStateMachineApplyTransactionThread - 0" daemon prio=5 tid=1949 in Object.wait()
java.lang.Thread.State: WAITING (on object monitor)
        at java.base@21.0.5/jdk.internal.misc.Unsafe.park(Native Method)
        at java.base@21.0.5/java.util.concurrent.locks.LockSupport.park(LockSupport.java:371)
        at java.base@21.0.5/java.util.concurrent.locks.AbstractQueuedSynchronizer$ConditionNode.block(AbstractQueuedSynchronizer.java:519)
        at java.base@21.0.5/java.util.concurrent.ForkJoinPool.unmanagedBlock(ForkJoinPool.java:3780)
        at java.base@21.0.5/java.util.concurrent.ForkJoinPool.managedBlock(ForkJoinPool.java:3725)
        at java.base@21.0.5/java.util.concurrent.locks.AbstractQueuedSynchronizer$ConditionObject.await(AbstractQueuedSynchronizer.java:1712)
        at java.base@21.0.5/java.util.concurrent.LinkedBlockingQueue.take(LinkedBlockingQueue.java:435)
        at java.base@21.0.5/java.util.concurrent.ThreadPoolExecutor.getTask(ThreadPoolExecutor.java:1070)
        at java.base@21.0.5/java.util.concurrent.ThreadPoolExecutor.runWorker(ThreadPoolExecutor.java:1130)
        at java.base@21.0.5/java.util.concurrent.ThreadPoolExecutor$Worker.run(ThreadPoolExecutor.java:642)
        at java.base@21.0.5/java.lang.Thread.runWith(Thread.java:1596)
        at java.base@21.0.5/java.lang.Thread.run(Thread.java:1583)
"grpc-default-executor-9" daemon prio=5 tid=2164 timed_waiting
java.lang.Thread.State: TIMED_WAITING
        at java.base@21.0.5/jdk.internal.misc.Unsafe.park(Native Method)
        at java.base@21.0.5/java.util.concurrent.locks.LockSupport.parkNanos(LockSupport.java:410)
        at java.base@21.0.5/java.util.concurrent.LinkedTransferQueue$DualNode.await(LinkedTransferQueue.java:452)
        at java.base@21.0.5/java.util.concurrent.SynchronousQueue$Transferer.xferLifo(SynchronousQueue.java:194)
        at java.base@21.0.5/java.util.concurrent.SynchronousQueue.xfer(SynchronousQueue.java:235)
        at java.base@21.0.5/java.util.concurrent.SynchronousQueue.poll(SynchronousQueue.java:338)
        at java.base@21.0.5/java.util.concurrent.ThreadPoolExecutor.getTask(ThreadPoolExecutor.java:1069)
        at java.base@21.0.5/java.util.concurrent.ThreadPoolExecutor.runWorker(ThreadPoolExecutor.java:1130)
        at java.base@21.0.5/java.util.concurrent.ThreadPoolExecutor$Worker.run(ThreadPoolExecutor.java:642)
        at java.base@21.0.5/java.lang.Thread.runWith(Thread.java:1596)
        at java.base@21.0.5/java.lang.Thread.run(Thread.java:1583)
"SnapshotCacheCleanupService" daemon prio=5 tid=435 timed_waiting
java.lang.Thread.State: TIMED_WAITING
        at java.base@21.0.5/jdk.internal.misc.Unsafe.park(Native Method)
        at java.base@21.0.5/java.util.concurrent.locks.LockSupport.parkNanos(LockSupport.java:269)
        at java.base@21.0.5/java.util.concurrent.locks.AbstractQueuedSynchronizer$ConditionObject.awaitNanos(AbstractQueuedSynchronizer.java:1763)
        at java.base@21.0.5/java.util.concurrent.ScheduledThreadPoolExecutor$DelayedWorkQueue.take(ScheduledThreadPoolExecutor.java:1182)
        at java.base@21.0.5/java.util.concurrent.ScheduledThreadPoolExecutor$DelayedWorkQueue.take(ScheduledThreadPoolExecutor.java:899)
        at java.base@21.0.5/java.util.concurrent.ThreadPoolExecutor.getTask(ThreadPoolExecutor.java:1070)
        at java.base@21.0.5/java.util.concurrent.ThreadPoolExecutor.runWorker(ThreadPoolExecutor.java:1130)
        at java.base@21.0.5/java.util.concurrent.ThreadPoolExecutor$Worker.run(ThreadPoolExecutor.java:642)
        at java.base@21.0.5/java.lang.Thread.runWith(Thread.java:1596)
        at java.base@21.0.5/java.lang.Thread.run(Thread.java:1583)
"Socket Reader #1 for port 15048"  prio=5 tid=714 runnable
java.lang.Thread.State: RUNNABLE
        at java.base@21.0.5/sun.nio.ch.EPoll.wait(Native Method)
        at java.base@21.0.5/sun.nio.ch.EPollSelectorImpl.doSelect(EPollSelectorImpl.java:121)
        at java.base@21.0.5/sun.nio.ch.SelectorImpl.lockAndDoSelect(SelectorImpl.java:130)
        at java.base@21.0.5/sun.nio.ch.SelectorImpl.select(SelectorImpl.java:147)
        at app//org.apache.hadoop.ipc.Server$Listener$Reader.doRunLoop(Server.java:1497)
        at app//org.apache.hadoop.ipc.Server$Listener$Reader.run(Server.java:1476)
"qtp442606276-802" daemon prio=5 tid=802 timed_waiting
java.lang.Thread.State: TIMED_WAITING
        at java.base@21.0.5/jdk.internal.misc.Unsafe.park(Native Method)
        at java.base@21.0.5/java.util.concurrent.locks.LockSupport.parkNanos(LockSupport.java:269)
        at java.base@21.0.5/java.util.concurrent.locks.AbstractQueuedSynchronizer$ConditionObject.awaitNanos(AbstractQueuedSynchronizer.java:1763)
        at app//org.eclipse.jetty.util.BlockingArrayQueue.poll(BlockingArrayQueue.java:382)
        at app//org.eclipse.jetty.util.thread.QueuedThreadPool$Runner.idleJobPoll(QueuedThreadPool.java:974)
        at app//org.eclipse.jetty.util.thread.QueuedThreadPool$Runner.run(QueuedThreadPool.java:1018)
        at java.base@21.0.5/java.lang.Thread.runWith(Thread.java:1596)
        at java.base@21.0.5/java.lang.Thread.run(Thread.java:1583)
"26f755b0-b4b1-4239-8401-e418fca9ef4b@group-7D6565184E1B->ac32094a-198b-4072-99dd-552311e88daf-GrpcLogAppender-LogAppenderDaemon" daemon prio=5 tid=2671 timed_waiting
java.lang.Thread.State: TIMED_WAITING
        at java.base@21.0.5/jdk.internal.misc.Unsafe.park(Native Method)
        at java.base@21.0.5/java.util.concurrent.locks.LockSupport.parkNanos(LockSupport.java:269)
        at java.base@21.0.5/java.util.concurrent.locks.AbstractQueuedSynchronizer$ConditionObject.await(AbstractQueuedSynchronizer.java:1852)
        at app//org.apache.ratis.util.AwaitForSignal.await(AwaitForSignal.java:65)
        at app//org.apache.ratis.grpc.server.GrpcLogAppender.mayWait(GrpcLogAppender.java:290)
        at app//org.apache.ratis.grpc.server.GrpcLogAppender.run(GrpcLogAppender.java:258)
        at app//org.apache.ratis.server.leader.LogAppenderDaemon.run(LogAppenderDaemon.java:80)
        at app//org.apache.ratis.server.leader.LogAppenderDaemon$$Lambda/0x00007fd9cc91b588.run(Unknown Source)
        at java.base@21.0.5/java.lang.Thread.runWith(Thread.java:1596)
        at java.base@21.0.5/java.lang.Thread.run(Thread.java:1583)
"4b5ea8a3-88a5-4114-908f-7a85f39bc1cb@group-91A8CF666C05->ac32094a-198b-4072-99dd-552311e88daf-GrpcLogAppender-LogAppenderDaemon" daemon prio=5 tid=2283 timed_waiting
java.lang.Thread.State: TIMED_WAITING
        at java.base@21.0.5/jdk.internal.misc.Unsafe.park(Native Method)
        at java.base@21.0.5/java.util.concurrent.locks.LockSupport.parkNanos(LockSupport.java:269)
        at java.base@21.0.5/java.util.concurrent.locks.AbstractQueuedSynchronizer$ConditionObject.await(AbstractQueuedSynchronizer.java:1852)
        at app//org.apache.ratis.util.AwaitForSignal.await(AwaitForSignal.java:65)
        at app//org.apache.ratis.grpc.server.GrpcLogAppender.mayWait(GrpcLogAppender.java:290)
        at app//org.apache.ratis.grpc.server.GrpcLogAppender.run(GrpcLogAppender.java:258)
        at app//org.apache.ratis.server.leader.LogAppenderDaemon.run(LogAppenderDaemon.java:80)
        at app//org.apache.ratis.server.leader.LogAppenderDaemon$$Lambda/0x00007fd9cc91b588.run(Unknown Source)
        at java.base@21.0.5/java.lang.Thread.runWith(Thread.java:1596)
        at java.base@21.0.5/java.lang.Thread.run(Thread.java:1583)
"Socket Reader #6 for port 15066"  prio=5 tid=811 runnable
java.lang.Thread.State: RUNNABLE
        at java.base@21.0.5/sun.nio.ch.EPoll.wait(Native Method)
        at java.base@21.0.5/sun.nio.ch.EPollSelectorImpl.doSelect(EPollSelectorImpl.java:121)
        at java.base@21.0.5/sun.nio.ch.SelectorImpl.lockAndDoSelect(SelectorImpl.java:130)
        at java.base@21.0.5/sun.nio.ch.SelectorImpl.select(SelectorImpl.java:147)
        at app//org.apache.hadoop.ipc.Server$Listener$Reader.doRunLoop(Server.java:1497)
        at app//org.apache.hadoop.ipc.Server$Listener$Reader.run(Server.java:1476)
"3296053d-9d54-4057-a6a8-67c4b6ec6587-server-thread3" daemon prio=5 tid=1889 timed_waiting
java.lang.Thread.State: TIMED_WAITING
        at java.base@21.0.5/jdk.internal.misc.Unsafe.park(Native Method)
        at java.base@21.0.5/java.util.concurrent.locks.LockSupport.parkNanos(LockSupport.java:410)
        at java.base@21.0.5/java.util.concurrent.LinkedTransferQueue$DualNode.await(LinkedTransferQueue.java:452)
        at java.base@21.0.5/java.util.concurrent.SynchronousQueue$Transferer.xferLifo(SynchronousQueue.java:194)
        at java.base@21.0.5/java.util.concurrent.SynchronousQueue.xfer(SynchronousQueue.java:235)
        at java.base@21.0.5/java.util.concurrent.SynchronousQueue.poll(SynchronousQueue.java:338)
        at java.base@21.0.5/java.util.concurrent.ThreadPoolExecutor.getTask(ThreadPoolExecutor.java:1069)
        at java.base@21.0.5/java.util.concurrent.ThreadPoolExecutor.runWorker(ThreadPoolExecutor.java:1130)
        at java.base@21.0.5/java.util.concurrent.ThreadPoolExecutor$Worker.run(ThreadPoolExecutor.java:642)
        at java.base@21.0.5/java.lang.Thread.runWith(Thread.java:1596)
        at java.base@21.0.5/java.lang.Thread.run(Thread.java:1583)
"qtp1604816394-750" daemon prio=5 tid=750 runnable
java.lang.Thread.State: RUNNABLE
        at java.base@21.0.5/sun.nio.ch.EPoll.wait(Native Method)
        at java.base@21.0.5/sun.nio.ch.EPollSelectorImpl.doSelect(EPollSelectorImpl.java:121)
        at java.base@21.0.5/sun.nio.ch.SelectorImpl.lockAndDoSelect(SelectorImpl.java:130)
        at java.base@21.0.5/sun.nio.ch.SelectorImpl.select(SelectorImpl.java:147)
        at app//org.eclipse.jetty.io.ManagedSelector.nioSelect(ManagedSelector.java:183)
        at app//org.eclipse.jetty.io.ManagedSelector.select(ManagedSelector.java:190)
        at app//org.eclipse.jetty.io.ManagedSelector$SelectorProducer.select(ManagedSelector.java:606)
        at app//org.eclipse.jetty.io.ManagedSelector$SelectorProducer.produce(ManagedSelector.java:543)
        at app//org.eclipse.jetty.util.thread.strategy.EatWhatYouKill.produceTask(EatWhatYouKill.java:362)
        at app//org.eclipse.jetty.util.thread.strategy.EatWhatYouKill.doProduce(EatWhatYouKill.java:186)
        at app//org.eclipse.jetty.util.thread.strategy.EatWhatYouKill.tryProduce(EatWhatYouKill.java:173)
        at app//org.eclipse.jetty.util.thread.strategy.EatWhatYouKill.produce(EatWhatYouKill.java:137)
        at app//org.eclipse.jetty.io.ManagedSelector$$Lambda/0x00007fd9cc65d0d0.run(Unknown Source)
        at app//org.eclipse.jetty.util.thread.QueuedThreadPool.runJob(QueuedThreadPool.java:883)
        at app//org.eclipse.jetty.util.thread.QueuedThreadPool$Runner.run(QueuedThreadPool.java:1034)
        at java.base@21.0.5/java.lang.Thread.runWith(Thread.java:1596)
        at java.base@21.0.5/java.lang.Thread.run(Thread.java:1583)
"02fc1759-725d-47af-8349-873c9c5c9167@group-5233A358D31F-FollowerState" daemon prio=5 tid=2359 timed_waiting
java.lang.Thread.State: TIMED_WAITING
        at java.base@21.0.5/java.lang.Thread.sleep0(Native Method)
        at java.base@21.0.5/java.lang.Thread.sleep(Thread.java:558)
        at java.base@21.0.5/java.util.concurrent.TimeUnit.sleep(TimeUnit.java:446)
        at app//org.apache.ratis.util.TimeDuration.sleep(TimeDuration.java:353)
        at app//org.apache.ratis.util.TimeDuration.sleep(TimeDuration.java:338)
        at app//org.apache.ratis.server.impl.FollowerState.runImpl(FollowerState.java:149)
        at app//org.apache.ratis.server.impl.FollowerState.run(FollowerState.java:130)
"02fc1759-725d-47af-8349-873c9c5c9167@group-5233A358D31F-cacheEviction-AwaitToRun" daemon prio=5 tid=1582 in Object.wait()
java.lang.Thread.State: WAITING (on object monitor)
        at java.base@21.0.5/jdk.internal.misc.Unsafe.park(Native Method)
        at java.base@21.0.5/java.util.concurrent.locks.LockSupport.park(LockSupport.java:371)
        at java.base@21.0.5/java.util.concurrent.locks.AbstractQueuedSynchronizer$ConditionNode.block(AbstractQueuedSynchronizer.java:519)
        at java.base@21.0.5/java.util.concurrent.ForkJoinPool.unmanagedBlock(ForkJoinPool.java:3780)
        at java.base@21.0.5/java.util.concurrent.ForkJoinPool.managedBlock(ForkJoinPool.java:3725)
        at java.base@21.0.5/java.util.concurrent.locks.AbstractQueuedSynchronizer$ConditionObject.await(AbstractQueuedSynchronizer.java:1712)
        at app//org.apache.ratis.util.AwaitForSignal.await(AwaitForSignal.java:48)
        at app//org.apache.ratis.util.AwaitToRun$RunnableImpl.run(AwaitToRun.java:47)
        at java.base@21.0.5/java.lang.Thread.runWith(Thread.java:1596)
        at java.base@21.0.5/java.lang.Thread.run(Thread.java:1583)
"StaleRecoveringContainerScrubbingService#7" daemon prio=5 tid=2854 in Object.wait()
java.lang.Thread.State: WAITING (on object monitor)
        at java.base@21.0.5/jdk.internal.misc.Unsafe.park(Native Method)
        at java.base@21.0.5/java.util.concurrent.locks.LockSupport.park(LockSupport.java:371)
        at java.base@21.0.5/java.util.concurrent.locks.AbstractQueuedSynchronizer$ConditionNode.block(AbstractQueuedSynchronizer.java:519)
        at java.base@21.0.5/java.util.concurrent.ForkJoinPool.unmanagedBlock(ForkJoinPool.java:3780)
        at java.base@21.0.5/java.util.concurrent.ForkJoinPool.managedBlock(ForkJoinPool.java:3725)
        at java.base@21.0.5/java.util.concurrent.locks.AbstractQueuedSynchronizer$ConditionObject.await(AbstractQueuedSynchronizer.java:1712)
        at java.base@21.0.5/java.util.concurrent.ScheduledThreadPoolExecutor$DelayedWorkQueue.take(ScheduledThreadPoolExecutor.java:1177)
        at java.base@21.0.5/java.util.concurrent.ScheduledThreadPoolExecutor$DelayedWorkQueue.take(ScheduledThreadPoolExecutor.java:899)
        at java.base@21.0.5/java.util.concurrent.ThreadPoolExecutor.getTask(ThreadPoolExecutor.java:1070)
        at java.base@21.0.5/java.util.concurrent.ThreadPoolExecutor.runWorker(ThreadPoolExecutor.java:1130)
        at java.base@21.0.5/java.util.concurrent.ThreadPoolExecutor$Worker.run(ThreadPoolExecutor.java:642)
        at java.base@21.0.5/java.lang.Thread.runWith(Thread.java:1596)
        at java.base@21.0.5/java.lang.Thread.run(Thread.java:1583)
"IPC Server handler 67 on default port 15000" daemon prio=5 tid=181 timed_waiting
java.lang.Thread.State: TIMED_WAITING
        at java.base@21.0.5/jdk.internal.misc.Unsafe.park(Native Method)
        at java.base@21.0.5/java.util.concurrent.locks.LockSupport.parkNanos(LockSupport.java:269)
        at java.base@21.0.5/java.util.concurrent.locks.AbstractQueuedSynchronizer$ConditionObject.awaitNanos(AbstractQueuedSynchronizer.java:1763)
        at java.base@21.0.5/java.util.concurrent.LinkedBlockingQueue.poll(LinkedBlockingQueue.java:460)
        at app//org.apache.hadoop.ipc.CallQueueManager.take(CallQueueManager.java:370)
        at app//org.apache.hadoop.ipc.Server$Handler.run(Server.java:3165)
"IPC Server handler 0 on default port 15002" daemon prio=5 tid=332 timed_waiting
java.lang.Thread.State: TIMED_WAITING
        at java.base@21.0.5/jdk.internal.misc.Unsafe.park(Native Method)
        at java.base@21.0.5/java.util.concurrent.locks.LockSupport.parkNanos(LockSupport.java:269)
        at java.base@21.0.5/java.util.concurrent.locks.AbstractQueuedSynchronizer$ConditionObject.awaitNanos(AbstractQueuedSynchronizer.java:1763)
        at java.base@21.0.5/java.util.concurrent.LinkedBlockingQueue.poll(LinkedBlockingQueue.java:460)
        at app//org.apache.hadoop.ipc.CallQueueManager.take(CallQueueManager.java:370)
        at app//org.apache.hadoop.ipc.Server$Handler.run(Server.java:3165)
"79978ed1-1a5c-4832-b584-9e2d85f03cd7-server-thread3" daemon prio=5 tid=1945 timed_waiting
java.lang.Thread.State: TIMED_WAITING
        at java.base@21.0.5/jdk.internal.misc.Unsafe.park(Native Method)
        at java.base@21.0.5/java.util.concurrent.locks.LockSupport.parkNanos(LockSupport.java:410)
        at java.base@21.0.5/java.util.concurrent.LinkedTransferQueue$DualNode.await(LinkedTransferQueue.java:452)
        at java.base@21.0.5/java.util.concurrent.SynchronousQueue$Transferer.xferLifo(SynchronousQueue.java:194)
        at java.base@21.0.5/java.util.concurrent.SynchronousQueue.xfer(SynchronousQueue.java:235)
        at java.base@21.0.5/java.util.concurrent.SynchronousQueue.poll(SynchronousQueue.java:338)
        at java.base@21.0.5/java.util.concurrent.ThreadPoolExecutor.getTask(ThreadPoolExecutor.java:1069)
        at java.base@21.0.5/java.util.concurrent.ThreadPoolExecutor.runWorker(ThreadPoolExecutor.java:1130)
        at java.base@21.0.5/java.util.concurrent.ThreadPoolExecutor$Worker.run(ThreadPoolExecutor.java:642)
        at java.base@21.0.5/java.lang.Thread.runWith(Thread.java:1596)
        at java.base@21.0.5/java.lang.Thread.run(Thread.java:1583)
"IPC Server handler 32 on default port 15002" daemon prio=5 tid=364 timed_waiting
java.lang.Thread.State: TIMED_WAITING
        at java.base@21.0.5/jdk.internal.misc.Unsafe.park(Native Method)
        at java.base@21.0.5/java.util.concurrent.locks.LockSupport.parkNanos(LockSupport.java:269)
        at java.base@21.0.5/java.util.concurrent.locks.AbstractQueuedSynchronizer$ConditionObject.awaitNanos(AbstractQueuedSynchronizer.java:1763)
        at java.base@21.0.5/java.util.concurrent.LinkedBlockingQueue.poll(LinkedBlockingQueue.java:460)
        at app//org.apache.hadoop.ipc.CallQueueManager.take(CallQueueManager.java:370)
        at app//org.apache.hadoop.ipc.Server$Handler.run(Server.java:3165)
"02fc1759-725d-47af-8349-873c9c5c9167-server-thread2" daemon prio=5 tid=1807 timed_waiting
java.lang.Thread.State: TIMED_WAITING
        at java.base@21.0.5/jdk.internal.misc.Unsafe.park(Native Method)
        at java.base@21.0.5/java.util.concurrent.locks.LockSupport.parkNanos(LockSupport.java:410)
        at java.base@21.0.5/java.util.concurrent.LinkedTransferQueue$DualNode.await(LinkedTransferQueue.java:452)
        at java.base@21.0.5/java.util.concurrent.SynchronousQueue$Transferer.xferLifo(SynchronousQueue.java:194)
        at java.base@21.0.5/java.util.concurrent.SynchronousQueue.xfer(SynchronousQueue.java:235)
        at java.base@21.0.5/java.util.concurrent.SynchronousQueue.poll(SynchronousQueue.java:338)
        at java.base@21.0.5/java.util.concurrent.ThreadPoolExecutor.getTask(ThreadPoolExecutor.java:1069)
        at java.base@21.0.5/java.util.concurrent.ThreadPoolExecutor.runWorker(ThreadPoolExecutor.java:1130)
        at java.base@21.0.5/java.util.concurrent.ThreadPoolExecutor$Worker.run(ThreadPoolExecutor.java:642)
        at java.base@21.0.5/java.lang.Thread.runWith(Thread.java:1596)
        at java.base@21.0.5/java.lang.Thread.run(Thread.java:1583)
"qtp874186099-567" daemon prio=5 tid=567 timed_waiting
java.lang.Thread.State: TIMED_WAITING
        at java.base@21.0.5/jdk.internal.misc.Unsafe.park(Native Method)
        at java.base@21.0.5/java.util.concurrent.locks.LockSupport.parkNanos(LockSupport.java:269)
        at java.base@21.0.5/java.util.concurrent.locks.AbstractQueuedSynchronizer$ConditionObject.awaitNanos(AbstractQueuedSynchronizer.java:1763)
        at app//org.eclipse.jetty.util.BlockingArrayQueue.poll(BlockingArrayQueue.java:382)
        at app//org.eclipse.jetty.util.thread.QueuedThreadPool$Runner.idleJobPoll(QueuedThreadPool.java:974)
        at app//org.eclipse.jetty.util.thread.QueuedThreadPool$Runner.run(QueuedThreadPool.java:1018)
        at java.base@21.0.5/java.lang.Thread.runWith(Thread.java:1596)
        at java.base@21.0.5/java.lang.Thread.run(Thread.java:1583)
"IPC Server handler 0 on default port 15048" daemon prio=5 tid=727 timed_waiting
java.lang.Thread.State: TIMED_WAITING
        at java.base@21.0.5/jdk.internal.misc.Unsafe.park(Native Method)
        at java.base@21.0.5/java.util.concurrent.locks.LockSupport.parkNanos(LockSupport.java:269)
        at java.base@21.0.5/java.util.concurrent.locks.AbstractQueuedSynchronizer$ConditionObject.awaitNanos(AbstractQueuedSynchronizer.java:1763)
        at java.base@21.0.5/java.util.concurrent.LinkedBlockingQueue.poll(LinkedBlockingQueue.java:460)
        at app//org.apache.hadoop.ipc.CallQueueManager.take(CallQueueManager.java:370)
        at app//org.apache.hadoop.ipc.Server$Handler.run(Server.java:3165)
"qtp1998750464-976-acceptor-0@520ccb5e-ServerConnector@170dbf94{HTTP/1.1, (http/1.1)}{0.0.0.0:15092}" daemon prio=3 tid=976 runnable
java.lang.Thread.State: RUNNABLE
        at java.base@21.0.5/sun.nio.ch.Net.accept(Native Method)
        at java.base@21.0.5/sun.nio.ch.ServerSocketChannelImpl.implAccept(ServerSocketChannelImpl.java:433)
        at java.base@21.0.5/sun.nio.ch.ServerSocketChannelImpl.accept(ServerSocketChannelImpl.java:399)
        at app//org.eclipse.jetty.server.ServerConnector.accept(ServerConnector.java:388)
        at app//org.eclipse.jetty.server.AbstractConnector$Acceptor.run(AbstractConnector.java:704)
        at app//org.eclipse.jetty.util.thread.QueuedThreadPool.runJob(QueuedThreadPool.java:883)
        at app//org.eclipse.jetty.util.thread.QueuedThreadPool$Runner.run(QueuedThreadPool.java:1034)
        at java.base@21.0.5/java.lang.Thread.runWith(Thread.java:1596)
        at java.base@21.0.5/java.lang.Thread.run(Thread.java:1583)
"79978ed1-1a5c-4832-b584-9e2d85f03cd7@group-AE8CA6FC1197-LeaderStateImpl" daemon prio=5 tid=1845 timed_waiting
java.lang.Thread.State: TIMED_WAITING
        at java.base@21.0.5/jdk.internal.misc.Unsafe.park(Native Method)
        at java.base@21.0.5/java.util.concurrent.locks.LockSupport.parkNanos(LockSupport.java:269)
        at java.base@21.0.5/java.util.concurrent.locks.AbstractQueuedSynchronizer$ConditionObject.awaitNanos(AbstractQueuedSynchronizer.java:1763)
        at java.base@21.0.5/java.util.concurrent.ArrayBlockingQueue.poll(ArrayBlockingQueue.java:435)
        at app//org.apache.ratis.server.impl.LeaderStateImpl$EventQueue.poll(LeaderStateImpl.java:164)
        at app//org.apache.ratis.server.impl.LeaderStateImpl$EventProcessor.run(LeaderStateImpl.java:763)
"qtp270478498-486" daemon prio=5 tid=486 timed_waiting
java.lang.Thread.State: TIMED_WAITING
        at java.base@21.0.5/jdk.internal.misc.Unsafe.park(Native Method)
        at java.base@21.0.5/java.util.concurrent.locks.LockSupport.parkNanos(LockSupport.java:269)
        at java.base@21.0.5/java.util.concurrent.locks.AbstractQueuedSynchronizer$ConditionObject.awaitNanos(AbstractQueuedSynchronizer.java:1763)
        at app//org.eclipse.jetty.util.BlockingArrayQueue.poll(BlockingArrayQueue.java:382)
        at app//org.eclipse.jetty.util.thread.QueuedThreadPool$Runner.idleJobPoll(QueuedThreadPool.java:974)
        at app//org.eclipse.jetty.util.thread.QueuedThreadPool$Runner.run(QueuedThreadPool.java:1018)
        at java.base@21.0.5/java.lang.Thread.runWith(Thread.java:1596)
        at java.base@21.0.5/java.lang.Thread.run(Thread.java:1583)
"IPC Server Responder" daemon prio=5 tid=454 runnable
java.lang.Thread.State: RUNNABLE
        at java.base@21.0.5/sun.nio.ch.EPoll.wait(Native Method)
        at java.base@21.0.5/sun.nio.ch.EPollSelectorImpl.doSelect(EPollSelectorImpl.java:121)
        at java.base@21.0.5/sun.nio.ch.SelectorImpl.lockAndDoSelect(SelectorImpl.java:130)
        at java.base@21.0.5/sun.nio.ch.SelectorImpl.select(SelectorImpl.java:142)
        at app//org.apache.hadoop.ipc.Server$Responder.doRunLoop(Server.java:1733)
        at app//org.apache.hadoop.ipc.Server$Responder.run(Server.java:1716)
"Socket Reader #10 for port 15039"  prio=5 tid=677 runnable
java.lang.Thread.State: RUNNABLE
        at java.base@21.0.5/sun.nio.ch.EPoll.wait(Native Method)
        at java.base@21.0.5/sun.nio.ch.EPollSelectorImpl.doSelect(EPollSelectorImpl.java:121)
        at java.base@21.0.5/sun.nio.ch.SelectorImpl.lockAndDoSelect(SelectorImpl.java:130)
        at java.base@21.0.5/sun.nio.ch.SelectorImpl.select(SelectorImpl.java:147)
        at app//org.apache.hadoop.ipc.Server$Listener$Reader.doRunLoop(Server.java:1497)
        at app//org.apache.hadoop.ipc.Server$Listener$Reader.run(Server.java:1476)
"StaleRecoveringContainerScrubbingService#4" daemon prio=5 tid=2577 in Object.wait()
java.lang.Thread.State: WAITING (on object monitor)
        at java.base@21.0.5/jdk.internal.misc.Unsafe.park(Native Method)
        at java.base@21.0.5/java.util.concurrent.locks.LockSupport.park(LockSupport.java:371)
        at java.base@21.0.5/java.util.concurrent.locks.AbstractQueuedSynchronizer$ConditionNode.block(AbstractQueuedSynchronizer.java:519)
        at java.base@21.0.5/java.util.concurrent.ForkJoinPool.unmanagedBlock(ForkJoinPool.java:3780)
        at java.base@21.0.5/java.util.concurrent.ForkJoinPool.managedBlock(ForkJoinPool.java:3725)
        at java.base@21.0.5/java.util.concurrent.locks.AbstractQueuedSynchronizer$ConditionObject.await(AbstractQueuedSynchronizer.java:1712)
        at java.base@21.0.5/java.util.concurrent.ScheduledThreadPoolExecutor$DelayedWorkQueue.take(ScheduledThreadPoolExecutor.java:1177)
        at java.base@21.0.5/java.util.concurrent.ScheduledThreadPoolExecutor$DelayedWorkQueue.take(ScheduledThreadPoolExecutor.java:899)
        at java.base@21.0.5/java.util.concurrent.ThreadPoolExecutor.getTask(ThreadPoolExecutor.java:1070)
        at java.base@21.0.5/java.util.concurrent.ThreadPoolExecutor.runWorker(ThreadPoolExecutor.java:1130)
        at java.base@21.0.5/java.util.concurrent.ThreadPoolExecutor$Worker.run(ThreadPoolExecutor.java:642)
        at java.base@21.0.5/java.lang.Thread.runWith(Thread.java:1596)
        at java.base@21.0.5/java.lang.Thread.run(Thread.java:1583)
"IPC Server handler 12 on default port 15000" daemon prio=5 tid=126 timed_waiting
java.lang.Thread.State: TIMED_WAITING
        at java.base@21.0.5/jdk.internal.misc.Unsafe.park(Native Method)
        at java.base@21.0.5/java.util.concurrent.locks.LockSupport.parkNanos(LockSupport.java:269)
        at java.base@21.0.5/java.util.concurrent.locks.AbstractQueuedSynchronizer$ConditionObject.awaitNanos(AbstractQueuedSynchronizer.java:1763)
        at java.base@21.0.5/java.util.concurrent.LinkedBlockingQueue.poll(LinkedBlockingQueue.java:460)
        at app//org.apache.hadoop.ipc.CallQueueManager.take(CallQueueManager.java:370)
        at app//org.apache.hadoop.ipc.Server$Handler.run(Server.java:3165)
"qtp996171897-660-acceptor-0@271b1ac4-ServerConnector@4999462c{HTTP/1.1, (http/1.1)}{0.0.0.0:15038}" daemon prio=3 tid=660 runnable
java.lang.Thread.State: RUNNABLE
        at java.base@21.0.5/sun.nio.ch.Net.accept(Native Method)
        at java.base@21.0.5/sun.nio.ch.ServerSocketChannelImpl.implAccept(ServerSocketChannelImpl.java:433)
        at java.base@21.0.5/sun.nio.ch.ServerSocketChannelImpl.accept(ServerSocketChannelImpl.java:399)
        at app//org.eclipse.jetty.server.ServerConnector.accept(ServerConnector.java:388)
        at app//org.eclipse.jetty.server.AbstractConnector$Acceptor.run(AbstractConnector.java:704)
        at app//org.eclipse.jetty.util.thread.QueuedThreadPool.runJob(QueuedThreadPool.java:883)
        at app//org.eclipse.jetty.util.thread.QueuedThreadPool$Runner.run(QueuedThreadPool.java:1034)
        at java.base@21.0.5/java.lang.Thread.runWith(Thread.java:1596)
        at java.base@21.0.5/java.lang.Thread.run(Thread.java:1583)
"IPC Server handler 67 on default port 15001" daemon prio=5 tid=281 timed_waiting
java.lang.Thread.State: TIMED_WAITING
        at java.base@21.0.5/jdk.internal.misc.Unsafe.park(Native Method)
        at java.base@21.0.5/java.util.concurrent.locks.LockSupport.parkNanos(LockSupport.java:269)
        at java.base@21.0.5/java.util.concurrent.locks.AbstractQueuedSynchronizer$ConditionObject.awaitNanos(AbstractQueuedSynchronizer.java:1763)
        at java.base@21.0.5/java.util.concurrent.LinkedBlockingQueue.poll(LinkedBlockingQueue.java:460)
        at app//org.apache.hadoop.ipc.CallQueueManager.take(CallQueueManager.java:370)
        at app//org.apache.hadoop.ipc.Server$Handler.run(Server.java:3165)
"Socket Reader #10 for port 15075"  prio=5 tid=2501 runnable
java.lang.Thread.State: RUNNABLE
        at java.base@21.0.5/sun.nio.ch.EPoll.wait(Native Method)
        at java.base@21.0.5/sun.nio.ch.EPollSelectorImpl.doSelect(EPollSelectorImpl.java:121)
        at java.base@21.0.5/sun.nio.ch.SelectorImpl.lockAndDoSelect(SelectorImpl.java:130)
        at java.base@21.0.5/sun.nio.ch.SelectorImpl.select(SelectorImpl.java:147)
        at app//org.apache.hadoop.ipc.Server$Listener$Reader.doRunLoop(Server.java:1497)
        at app//org.apache.hadoop.ipc.Server$Listener$Reader.run(Server.java:1476)
"IPC Server handler 47 on default port 15002" daemon prio=5 tid=379 timed_waiting
java.lang.Thread.State: TIMED_WAITING
        at java.base@21.0.5/jdk.internal.misc.Unsafe.park(Native Method)
        at java.base@21.0.5/java.util.concurrent.locks.LockSupport.parkNanos(LockSupport.java:269)
        at java.base@21.0.5/java.util.concurrent.locks.AbstractQueuedSynchronizer$ConditionObject.awaitNanos(AbstractQueuedSynchronizer.java:1763)
        at java.base@21.0.5/java.util.concurrent.LinkedBlockingQueue.poll(LinkedBlockingQueue.java:460)
        at app//org.apache.hadoop.ipc.CallQueueManager.take(CallQueueManager.java:370)
        at app//org.apache.hadoop.ipc.Server$Handler.run(Server.java:3165)
"Socket Reader #1 for port 15066"  prio=5 tid=806 runnable
java.lang.Thread.State: RUNNABLE
        at java.base@21.0.5/sun.nio.ch.EPoll.wait(Native Method)
        at java.base@21.0.5/sun.nio.ch.EPollSelectorImpl.doSelect(EPollSelectorImpl.java:121)
        at java.base@21.0.5/sun.nio.ch.SelectorImpl.lockAndDoSelect(SelectorImpl.java:130)
        at java.base@21.0.5/sun.nio.ch.SelectorImpl.select(SelectorImpl.java:147)
        at app//org.apache.hadoop.ipc.Server$Listener$Reader.doRunLoop(Server.java:1497)
        at app//org.apache.hadoop.ipc.Server$Listener$Reader.run(Server.java:1476)
"751e45cc-852a-454f-97c8-e80f2befe6f4-CommandProcessorThread" daemon prio=5 tid=788 timed_waiting
java.lang.Thread.State: TIMED_WAITING
        at java.base@21.0.5/java.lang.Thread.sleep0(Native Method)
        at java.base@21.0.5/java.lang.Thread.sleep(Thread.java:509)
        at app//org.apache.hadoop.ozone.container.common.statemachine.DatanodeStateMachine.lambda$initCommandHandlerThread$4(DatanodeStateMachine.java:670)
        at app//org.apache.hadoop.ozone.container.common.statemachine.DatanodeStateMachine$$Lambda/0x00007fd9cc7d5ae8.run(Unknown Source)
        at java.base@21.0.5/java.lang.Thread.runWith(Thread.java:1596)
        at java.base@21.0.5/java.lang.Thread.run(Thread.java:1583)
"IPC Server handler 37 on default port 15001" daemon prio=5 tid=251 timed_waiting
java.lang.Thread.State: TIMED_WAITING
        at java.base@21.0.5/jdk.internal.misc.Unsafe.park(Native Method)
        at java.base@21.0.5/java.util.concurrent.locks.LockSupport.parkNanos(LockSupport.java:269)
        at java.base@21.0.5/java.util.concurrent.locks.AbstractQueuedSynchronizer$ConditionObject.awaitNanos(AbstractQueuedSynchronizer.java:1763)
        at java.base@21.0.5/java.util.concurrent.LinkedBlockingQueue.poll(LinkedBlockingQueue.java:460)
        at app//org.apache.hadoop.ipc.CallQueueManager.take(CallQueueManager.java:370)
        at app//org.apache.hadoop.ipc.Server$Handler.run(Server.java:3165)
"IPC Server listener on 15002" daemon prio=5 tid=55 runnable
java.lang.Thread.State: RUNNABLE
        at java.base@21.0.5/sun.nio.ch.EPoll.wait(Native Method)
        at java.base@21.0.5/sun.nio.ch.EPollSelectorImpl.doSelect(EPollSelectorImpl.java:121)
        at java.base@21.0.5/sun.nio.ch.SelectorImpl.lockAndDoSelect(SelectorImpl.java:130)
        at java.base@21.0.5/sun.nio.ch.SelectorImpl.select(SelectorImpl.java:147)
        at app//org.apache.hadoop.ipc.Server$Listener.run(Server.java:1559)
"IPC Server handler 68 on default port 15002" daemon prio=5 tid=400 timed_waiting
java.lang.Thread.State: TIMED_WAITING
        at java.base@21.0.5/jdk.internal.misc.Unsafe.park(Native Method)
        at java.base@21.0.5/java.util.concurrent.locks.LockSupport.parkNanos(LockSupport.java:269)
        at java.base@21.0.5/java.util.concurrent.locks.AbstractQueuedSynchronizer$ConditionObject.awaitNanos(AbstractQueuedSynchronizer.java:1763)
        at java.base@21.0.5/java.util.concurrent.LinkedBlockingQueue.poll(LinkedBlockingQueue.java:460)
        at app//org.apache.hadoop.ipc.CallQueueManager.take(CallQueueManager.java:370)
        at app//org.apache.hadoop.ipc.Server$Handler.run(Server.java:3165)
"02fc1759-725d-47af-8349-873c9c5c9167-CommandProcessorThread" daemon prio=5 tid=602 timed_waiting
java.lang.Thread.State: TIMED_WAITING
        at java.base@21.0.5/java.lang.Thread.sleep0(Native Method)
        at java.base@21.0.5/java.lang.Thread.sleep(Thread.java:509)
        at app//org.apache.hadoop.ozone.container.common.statemachine.DatanodeStateMachine.lambda$initCommandHandlerThread$4(DatanodeStateMachine.java:670)
        at app//org.apache.hadoop.ozone.container.common.statemachine.DatanodeStateMachine$$Lambda/0x00007fd9cc7d5ae8.run(Unknown Source)
        at java.base@21.0.5/java.lang.Thread.runWith(Thread.java:1596)
        at java.base@21.0.5/java.lang.Thread.run(Thread.java:1583)
"IPC Server handler 98 on default port 15001" daemon prio=5 tid=312 timed_waiting
java.lang.Thread.State: TIMED_WAITING
        at java.base@21.0.5/jdk.internal.misc.Unsafe.park(Native Method)
        at java.base@21.0.5/java.util.concurrent.locks.LockSupport.parkNanos(LockSupport.java:269)
        at java.base@21.0.5/java.util.concurrent.locks.AbstractQueuedSynchronizer$ConditionObject.awaitNanos(AbstractQueuedSynchronizer.java:1763)
        at java.base@21.0.5/java.util.concurrent.LinkedBlockingQueue.poll(LinkedBlockingQueue.java:460)
        at app//org.apache.hadoop.ipc.CallQueueManager.take(CallQueueManager.java:370)
        at app//org.apache.hadoop.ipc.Server$Handler.run(Server.java:3165)
"qtp547643943-320" daemon prio=5 tid=320 timed_waiting
java.lang.Thread.State: TIMED_WAITING
        at java.base@21.0.5/jdk.internal.misc.Unsafe.park(Native Method)
        at java.base@21.0.5/java.util.concurrent.locks.LockSupport.parkNanos(LockSupport.java:269)
        at java.base@21.0.5/java.util.concurrent.locks.AbstractQueuedSynchronizer$ConditionObject.awaitNanos(AbstractQueuedSynchronizer.java:1763)
        at app//org.eclipse.jetty.util.BlockingArrayQueue.poll(BlockingArrayQueue.java:382)
        at app//org.eclipse.jetty.util.thread.QueuedThreadPool$Runner.idleJobPoll(QueuedThreadPool.java:974)
        at app//org.eclipse.jetty.util.thread.QueuedThreadPool$Runner.run(QueuedThreadPool.java:1018)
        at java.base@21.0.5/java.lang.Thread.runWith(Thread.java:1596)
        at java.base@21.0.5/java.lang.Thread.run(Thread.java:1583)
"IPC Client (329097750) connection to 0.0.0.0/0.0.0.0:15002 from runner" daemon prio=5 tid=840 timed_waiting
java.lang.Thread.State: TIMED_WAITING
        at java.base@21.0.5/java.lang.Object.wait0(Native Method)
        at java.base@21.0.5/java.lang.Object.wait(Object.java:366)
        at app//org.apache.hadoop.ipc.Client$Connection.waitForWork(Client.java:1042)
        at app//org.apache.hadoop.ipc.Client$Connection.run(Client.java:1093)
"IPC Server handler 4 on default port 15057" daemon prio=5 tid=777 timed_waiting
java.lang.Thread.State: TIMED_WAITING
        at java.base@21.0.5/jdk.internal.misc.Unsafe.park(Native Method)
        at java.base@21.0.5/java.util.concurrent.locks.LockSupport.parkNanos(LockSupport.java:269)
        at java.base@21.0.5/java.util.concurrent.locks.AbstractQueuedSynchronizer$ConditionObject.awaitNanos(AbstractQueuedSynchronizer.java:1763)
        at java.base@21.0.5/java.util.concurrent.LinkedBlockingQueue.poll(LinkedBlockingQueue.java:460)
        at app//org.apache.hadoop.ipc.CallQueueManager.take(CallQueueManager.java:370)
        at app//org.apache.hadoop.ipc.Server$Handler.run(Server.java:3165)
"PartialTableCache-Cleanup-0" daemon prio=5 tid=2121 in Object.wait()
java.lang.Thread.State: WAITING (on object monitor)
        at java.base@21.0.5/jdk.internal.misc.Unsafe.park(Native Method)
        at java.base@21.0.5/java.util.concurrent.locks.LockSupport.park(LockSupport.java:371)
        at java.base@21.0.5/java.util.concurrent.locks.AbstractQueuedSynchronizer$ConditionNode.block(AbstractQueuedSynchronizer.java:519)
        at java.base@21.0.5/java.util.concurrent.ForkJoinPool.unmanagedBlock(ForkJoinPool.java:3780)
        at java.base@21.0.5/java.util.concurrent.ForkJoinPool.managedBlock(ForkJoinPool.java:3725)
        at java.base@21.0.5/java.util.concurrent.locks.AbstractQueuedSynchronizer$ConditionObject.await(AbstractQueuedSynchronizer.java:1712)
        at java.base@21.0.5/java.util.concurrent.LinkedBlockingQueue.take(LinkedBlockingQueue.java:435)
        at java.base@21.0.5/java.util.concurrent.ThreadPoolExecutor.getTask(ThreadPoolExecutor.java:1070)
        at java.base@21.0.5/java.util.concurrent.ThreadPoolExecutor.runWorker(ThreadPoolExecutor.java:1130)
        at java.base@21.0.5/java.util.concurrent.ThreadPoolExecutor$Worker.run(ThreadPoolExecutor.java:642)
        at java.base@21.0.5/java.lang.Thread.runWith(Thread.java:1596)
        at java.base@21.0.5/java.lang.Thread.run(Thread.java:1583)
"IPC Server Responder" daemon prio=5 tid=539 runnable
java.lang.Thread.State: RUNNABLE
        at java.base@21.0.5/sun.nio.ch.EPoll.wait(Native Method)
        at java.base@21.0.5/sun.nio.ch.EPollSelectorImpl.doSelect(EPollSelectorImpl.java:121)
        at java.base@21.0.5/sun.nio.ch.SelectorImpl.lockAndDoSelect(SelectorImpl.java:130)
        at java.base@21.0.5/sun.nio.ch.SelectorImpl.select(SelectorImpl.java:142)
        at app//org.apache.hadoop.ipc.Server$Responder.doRunLoop(Server.java:1733)
        at app//org.apache.hadoop.ipc.Server$Responder.run(Server.java:1716)
"IPC Server handler 31 on default port 15001" daemon prio=5 tid=245 timed_waiting
java.lang.Thread.State: TIMED_WAITING
        at java.base@21.0.5/jdk.internal.misc.Unsafe.park(Native Method)
        at java.base@21.0.5/java.util.concurrent.locks.LockSupport.parkNanos(LockSupport.java:269)
        at java.base@21.0.5/java.util.concurrent.locks.AbstractQueuedSynchronizer$ConditionObject.awaitNanos(AbstractQueuedSynchronizer.java:1763)
        at java.base@21.0.5/java.util.concurrent.LinkedBlockingQueue.poll(LinkedBlockingQueue.java:460)
        at app//org.apache.hadoop.ipc.CallQueueManager.take(CallQueueManager.java:370)
        at app//org.apache.hadoop.ipc.Server$Handler.run(Server.java:3165)
"b6b79d51-52d7-4711-a690-06a51533978a@group-AEA5E11D46FC-SegmentedRaftLogWorker" daemon prio=5 tid=1382 timed_waiting
java.lang.Thread.State: TIMED_WAITING
        at java.base@21.0.5/jdk.internal.misc.Unsafe.park(Native Method)
        at java.base@21.0.5/java.util.concurrent.locks.LockSupport.parkNanos(LockSupport.java:269)
        at java.base@21.0.5/java.util.concurrent.locks.AbstractQueuedSynchronizer$ConditionObject.awaitNanos(AbstractQueuedSynchronizer.java:1763)
        at app//org.apache.ratis.util.DataBlockingQueue.poll(DataBlockingQueue.java:148)
        at app//org.apache.ratis.server.raftlog.segmented.SegmentedRaftLogWorker.run(SegmentedRaftLogWorker.java:307)
        at app//org.apache.ratis.server.raftlog.segmented.SegmentedRaftLogWorker$$Lambda/0x00007fd9cc334298.run(Unknown Source)
        at java.base@21.0.5/java.util.concurrent.Executors$RunnableAdapter.call(Executors.java:572)
        at java.base@21.0.5/java.util.concurrent.FutureTask.run(FutureTask.java:317)
        at java.base@21.0.5/java.util.concurrent.ThreadPoolExecutor.runWorker(ThreadPoolExecutor.java:1144)
        at java.base@21.0.5/java.util.concurrent.ThreadPoolExecutor$Worker.run(ThreadPoolExecutor.java:642)
        at java.base@21.0.5/java.lang.Thread.runWith(Thread.java:1596)
        at java.base@21.0.5/java.lang.Thread.run(Thread.java:1583)
"IPC Server handler 33 on default port 15001" daemon prio=5 tid=247 timed_waiting
java.lang.Thread.State: TIMED_WAITING
        at java.base@21.0.5/jdk.internal.misc.Unsafe.park(Native Method)
        at java.base@21.0.5/java.util.concurrent.locks.LockSupport.parkNanos(LockSupport.java:269)
        at java.base@21.0.5/java.util.concurrent.locks.AbstractQueuedSynchronizer$ConditionObject.awaitNanos(AbstractQueuedSynchronizer.java:1763)
        at java.base@21.0.5/java.util.concurrent.LinkedBlockingQueue.poll(LinkedBlockingQueue.java:460)
        at app//org.apache.hadoop.ipc.CallQueueManager.take(CallQueueManager.java:370)
        at app//org.apache.hadoop.ipc.Server$Handler.run(Server.java:3165)
"Socket Reader #3 for port 15093"  prio=5 tid=1004 runnable
java.lang.Thread.State: RUNNABLE
        at java.base@21.0.5/sun.nio.ch.EPoll.wait(Native Method)
        at java.base@21.0.5/sun.nio.ch.EPollSelectorImpl.doSelect(EPollSelectorImpl.java:121)
        at java.base@21.0.5/sun.nio.ch.SelectorImpl.lockAndDoSelect(SelectorImpl.java:130)
        at java.base@21.0.5/sun.nio.ch.SelectorImpl.select(SelectorImpl.java:147)
        at app//org.apache.hadoop.ipc.Server$Listener$Reader.doRunLoop(Server.java:1497)
        at app//org.apache.hadoop.ipc.Server$Listener$Reader.run(Server.java:1476)
"b6b79d51-52d7-4711-a690-06a51533978a@group-AEA5E11D46FC-StateMachineUpdater" daemon prio=5 tid=1391 timed_waiting
java.lang.Thread.State: TIMED_WAITING
        at java.base@21.0.5/jdk.internal.misc.Unsafe.park(Native Method)
        at java.base@21.0.5/java.util.concurrent.locks.LockSupport.parkNanos(LockSupport.java:269)
        at java.base@21.0.5/java.util.concurrent.locks.AbstractQueuedSynchronizer$ConditionObject.await(AbstractQueuedSynchronizer.java:1852)
        at app//org.apache.ratis.util.AwaitForSignal.await(AwaitForSignal.java:65)
        at app//org.apache.ratis.server.impl.StateMachineUpdater.waitForCommit(StateMachineUpdater.java:219)
        at app//org.apache.ratis.server.impl.StateMachineUpdater.run(StateMachineUpdater.java:187)
        at java.base@21.0.5/java.lang.Thread.runWith(Thread.java:1596)
        at java.base@21.0.5/java.lang.Thread.run(Thread.java:1583)
"IPC Server handler 40 on default port 15000" daemon prio=5 tid=154 timed_waiting
java.lang.Thread.State: TIMED_WAITING
        at java.base@21.0.5/jdk.internal.misc.Unsafe.park(Native Method)
        at java.base@21.0.5/java.util.concurrent.locks.LockSupport.parkNanos(LockSupport.java:269)
        at java.base@21.0.5/java.util.concurrent.locks.AbstractQueuedSynchronizer$ConditionObject.awaitNanos(AbstractQueuedSynchronizer.java:1763)
        at java.base@21.0.5/java.util.concurrent.LinkedBlockingQueue.poll(LinkedBlockingQueue.java:460)
        at app//org.apache.hadoop.ipc.CallQueueManager.take(CallQueueManager.java:370)
        at app//org.apache.hadoop.ipc.Server$Handler.run(Server.java:3165)
"751e45cc-852a-454f-97c8-e80f2befe6f4@group-1249EE10DFDC-LeaderStateImpl" daemon prio=5 tid=2043 timed_waiting
java.lang.Thread.State: TIMED_WAITING
        at java.base@21.0.5/jdk.internal.misc.Unsafe.park(Native Method)
        at java.base@21.0.5/java.util.concurrent.locks.LockSupport.parkNanos(LockSupport.java:269)
        at java.base@21.0.5/java.util.concurrent.locks.AbstractQueuedSynchronizer$ConditionObject.awaitNanos(AbstractQueuedSynchronizer.java:1763)
        at java.base@21.0.5/java.util.concurrent.ArrayBlockingQueue.poll(ArrayBlockingQueue.java:435)
        at app//org.apache.ratis.server.impl.LeaderStateImpl$EventQueue.poll(LeaderStateImpl.java:164)
        at app//org.apache.ratis.server.impl.LeaderStateImpl$EventProcessor.run(LeaderStateImpl.java:763)
"IPC Server handler 16 on default port 15002" daemon prio=5 tid=348 timed_waiting
java.lang.Thread.State: TIMED_WAITING
        at java.base@21.0.5/jdk.internal.misc.Unsafe.park(Native Method)
        at java.base@21.0.5/java.util.concurrent.locks.LockSupport.parkNanos(LockSupport.java:269)
        at java.base@21.0.5/java.util.concurrent.locks.AbstractQueuedSynchronizer$ConditionObject.awaitNanos(AbstractQueuedSynchronizer.java:1763)
        at java.base@21.0.5/java.util.concurrent.LinkedBlockingQueue.poll(LinkedBlockingQueue.java:460)
        at app//org.apache.hadoop.ipc.CallQueueManager.take(CallQueueManager.java:370)
        at app//org.apache.hadoop.ipc.Server$Handler.run(Server.java:3165)
"IPC Server handler 97 on default port 15000" daemon prio=5 tid=211 timed_waiting
java.lang.Thread.State: TIMED_WAITING
        at java.base@21.0.5/jdk.internal.misc.Unsafe.park(Native Method)
        at java.base@21.0.5/java.util.concurrent.locks.LockSupport.parkNanos(LockSupport.java:269)
        at java.base@21.0.5/java.util.concurrent.locks.AbstractQueuedSynchronizer$ConditionObject.awaitNanos(AbstractQueuedSynchronizer.java:1763)
        at java.base@21.0.5/java.util.concurrent.LinkedBlockingQueue.poll(LinkedBlockingQueue.java:460)
        at app//org.apache.hadoop.ipc.CallQueueManager.take(CallQueueManager.java:370)
        at app//org.apache.hadoop.ipc.Server$Handler.run(Server.java:3165)
"timer7" daemon prio=5 tid=1830 timed_waiting
java.lang.Thread.State: TIMED_WAITING
        at java.base@21.0.5/java.lang.Object.wait0(Native Method)
        at java.base@21.0.5/java.lang.Object.wait(Object.java:366)
        at java.base@21.0.5/java.util.TimerThread.mainLoop(Timer.java:563)
        at java.base@21.0.5/java.util.TimerThread.run(Timer.java:516)
"26f755b0-b4b1-4239-8401-e418fca9ef4b-ChunkReader-1" daemon prio=5 tid=2697 in Object.wait()
java.lang.Thread.State: WAITING (on object monitor)
        at java.base@21.0.5/jdk.internal.misc.Unsafe.park(Native Method)
        at java.base@21.0.5/java.util.concurrent.locks.LockSupport.park(LockSupport.java:371)
        at java.base@21.0.5/java.util.concurrent.locks.AbstractQueuedSynchronizer$ConditionNode.block(AbstractQueuedSynchronizer.java:519)
        at java.base@21.0.5/java.util.concurrent.ForkJoinPool.unmanagedBlock(ForkJoinPool.java:3780)
        at java.base@21.0.5/java.util.concurrent.ForkJoinPool.managedBlock(ForkJoinPool.java:3725)
        at java.base@21.0.5/java.util.concurrent.locks.AbstractQueuedSynchronizer$ConditionObject.await(AbstractQueuedSynchronizer.java:1712)
        at java.base@21.0.5/java.util.concurrent.LinkedBlockingQueue.take(LinkedBlockingQueue.java:435)
        at java.base@21.0.5/java.util.concurrent.ThreadPoolExecutor.getTask(ThreadPoolExecutor.java:1070)
        at java.base@21.0.5/java.util.concurrent.ThreadPoolExecutor.runWorker(ThreadPoolExecutor.java:1130)
        at java.base@21.0.5/java.util.concurrent.ThreadPoolExecutor$Worker.run(ThreadPoolExecutor.java:642)
        at java.base@21.0.5/java.lang.Thread.runWith(Thread.java:1596)
        at java.base@21.0.5/java.lang.Thread.run(Thread.java:1583)
"IPC Server handler 49 on default port 15002" daemon prio=5 tid=381 timed_waiting
java.lang.Thread.State: TIMED_WAITING
        at java.base@21.0.5/jdk.internal.misc.Unsafe.park(Native Method)
        at java.base@21.0.5/java.util.concurrent.locks.LockSupport.parkNanos(LockSupport.java:269)
        at java.base@21.0.5/java.util.concurrent.locks.AbstractQueuedSynchronizer$ConditionObject.awaitNanos(AbstractQueuedSynchronizer.java:1763)
        at java.base@21.0.5/java.util.concurrent.LinkedBlockingQueue.poll(LinkedBlockingQueue.java:460)
        at app//org.apache.hadoop.ipc.CallQueueManager.take(CallQueueManager.java:370)
        at app//org.apache.hadoop.ipc.Server$Handler.run(Server.java:3165)
"StaleRecoveringContainerScrubbingService#6" daemon prio=5 tid=2816 in Object.wait()
java.lang.Thread.State: WAITING (on object monitor)
        at java.base@21.0.5/jdk.internal.misc.Unsafe.park(Native Method)
        at java.base@21.0.5/java.util.concurrent.locks.LockSupport.park(LockSupport.java:371)
        at java.base@21.0.5/java.util.concurrent.locks.AbstractQueuedSynchronizer$ConditionNode.block(AbstractQueuedSynchronizer.java:519)
        at java.base@21.0.5/java.util.concurrent.ForkJoinPool.unmanagedBlock(ForkJoinPool.java:3780)
        at java.base@21.0.5/java.util.concurrent.ForkJoinPool.managedBlock(ForkJoinPool.java:3725)
        at java.base@21.0.5/java.util.concurrent.locks.AbstractQueuedSynchronizer$ConditionObject.await(AbstractQueuedSynchronizer.java:1712)
        at java.base@21.0.5/java.util.concurrent.ScheduledThreadPoolExecutor$DelayedWorkQueue.take(ScheduledThreadPoolExecutor.java:1177)
        at java.base@21.0.5/java.util.concurrent.ScheduledThreadPoolExecutor$DelayedWorkQueue.take(ScheduledThreadPoolExecutor.java:899)
        at java.base@21.0.5/java.util.concurrent.ThreadPoolExecutor.getTask(ThreadPoolExecutor.java:1070)
        at java.base@21.0.5/java.util.concurrent.ThreadPoolExecutor.runWorker(ThreadPoolExecutor.java:1130)
        at java.base@21.0.5/java.util.concurrent.ThreadPoolExecutor$Worker.run(ThreadPoolExecutor.java:642)
        at java.base@21.0.5/java.lang.Thread.runWith(Thread.java:1596)
        at java.base@21.0.5/java.lang.Thread.run(Thread.java:1583)
"Socket Reader #3 for port 15006"  prio=5 tid=445 runnable
java.lang.Thread.State: RUNNABLE
        at java.base@21.0.5/sun.nio.ch.EPoll.wait(Native Method)
        at java.base@21.0.5/sun.nio.ch.EPollSelectorImpl.doSelect(EPollSelectorImpl.java:121)
        at java.base@21.0.5/sun.nio.ch.SelectorImpl.lockAndDoSelect(SelectorImpl.java:130)
        at java.base@21.0.5/sun.nio.ch.SelectorImpl.select(SelectorImpl.java:147)
        at app//org.apache.hadoop.ipc.Server$Listener$Reader.doRunLoop(Server.java:1497)
        at app//org.apache.hadoop.ipc.Server$Listener$Reader.run(Server.java:1476)
"Socket Reader #9 for port 15039"  prio=5 tid=676 runnable
java.lang.Thread.State: RUNNABLE
        at java.base@21.0.5/sun.nio.ch.EPoll.wait(Native Method)
        at java.base@21.0.5/sun.nio.ch.EPollSelectorImpl.doSelect(EPollSelectorImpl.java:121)
        at java.base@21.0.5/sun.nio.ch.SelectorImpl.lockAndDoSelect(SelectorImpl.java:130)
        at java.base@21.0.5/sun.nio.ch.SelectorImpl.select(SelectorImpl.java:147)
        at app//org.apache.hadoop.ipc.Server$Listener$Reader.doRunLoop(Server.java:1497)
        at app//org.apache.hadoop.ipc.Server$Listener$Reader.run(Server.java:1476)
"3296053d-9d54-4057-a6a8-67c4b6ec6587@group-2F5615DC861B-FollowerState" daemon prio=5 tid=1795 timed_waiting
java.lang.Thread.State: TIMED_WAITING
        at java.base@21.0.5/java.lang.Thread.sleep0(Native Method)
        at java.base@21.0.5/java.lang.Thread.sleep(Thread.java:558)
        at java.base@21.0.5/java.util.concurrent.TimeUnit.sleep(TimeUnit.java:446)
        at app//org.apache.ratis.util.TimeDuration.sleep(TimeDuration.java:353)
        at app//org.apache.ratis.util.TimeDuration.sleep(TimeDuration.java:338)
        at app//org.apache.ratis.server.impl.FollowerState.runImpl(FollowerState.java:149)
        at app//org.apache.ratis.server.impl.FollowerState.run(FollowerState.java:130)
"IPC Server handler 5 on default port 15057" daemon prio=5 tid=778 timed_waiting
java.lang.Thread.State: TIMED_WAITING
        at java.base@21.0.5/jdk.internal.misc.Unsafe.park(Native Method)
        at java.base@21.0.5/java.util.concurrent.locks.LockSupport.parkNanos(LockSupport.java:269)
        at java.base@21.0.5/java.util.concurrent.locks.AbstractQueuedSynchronizer$ConditionObject.awaitNanos(AbstractQueuedSynchronizer.java:1763)
        at java.base@21.0.5/java.util.concurrent.LinkedBlockingQueue.poll(LinkedBlockingQueue.java:460)
        at app//org.apache.hadoop.ipc.CallQueueManager.take(CallQueueManager.java:370)
        at app//org.apache.hadoop.ipc.Server$Handler.run(Server.java:3165)
"timer0" daemon prio=5 tid=1832 timed_waiting
java.lang.Thread.State: TIMED_WAITING
        at java.base@21.0.5/java.lang.Object.wait0(Native Method)
        at java.base@21.0.5/java.lang.Object.wait(Object.java:366)
        at java.base@21.0.5/java.util.TimerThread.mainLoop(Timer.java:563)
        at java.base@21.0.5/java.util.TimerThread.run(Timer.java:516)
"IPC Server handler 19 on default port 15001" daemon prio=5 tid=233 timed_waiting
java.lang.Thread.State: TIMED_WAITING
        at java.base@21.0.5/jdk.internal.misc.Unsafe.park(Native Method)
        at java.base@21.0.5/java.util.concurrent.locks.LockSupport.parkNanos(LockSupport.java:269)
        at java.base@21.0.5/java.util.concurrent.locks.AbstractQueuedSynchronizer$ConditionObject.awaitNanos(AbstractQueuedSynchronizer.java:1763)
        at java.base@21.0.5/java.util.concurrent.LinkedBlockingQueue.poll(LinkedBlockingQueue.java:460)
        at app//org.apache.hadoop.ipc.CallQueueManager.take(CallQueueManager.java:370)
        at app//org.apache.hadoop.ipc.Server$Handler.run(Server.java:3165)
"26f755b0-b4b1-4239-8401-e418fca9ef4b@group-7D6565184E1B-StateMachineUpdater" daemon prio=5 tid=2613 timed_waiting
java.lang.Thread.State: TIMED_WAITING
        at java.base@21.0.5/jdk.internal.misc.Unsafe.park(Native Method)
        at java.base@21.0.5/java.util.concurrent.locks.LockSupport.parkNanos(LockSupport.java:269)
        at java.base@21.0.5/java.util.concurrent.locks.AbstractQueuedSynchronizer$ConditionObject.await(AbstractQueuedSynchronizer.java:1852)
        at app//org.apache.ratis.util.AwaitForSignal.await(AwaitForSignal.java:65)
        at app//org.apache.ratis.server.impl.StateMachineUpdater.waitForCommit(StateMachineUpdater.java:219)
        at app//org.apache.ratis.server.impl.StateMachineUpdater.run(StateMachineUpdater.java:187)
        at java.base@21.0.5/java.lang.Thread.runWith(Thread.java:1596)
        at java.base@21.0.5/java.lang.Thread.run(Thread.java:1583)
"IPC Server handler 5 on default port 15000" daemon prio=5 tid=119 timed_waiting
java.lang.Thread.State: TIMED_WAITING
        at java.base@21.0.5/jdk.internal.misc.Unsafe.park(Native Method)
        at java.base@21.0.5/java.util.concurrent.locks.LockSupport.parkNanos(LockSupport.java:269)
        at java.base@21.0.5/java.util.concurrent.locks.AbstractQueuedSynchronizer$ConditionObject.awaitNanos(AbstractQueuedSynchronizer.java:1763)
        at java.base@21.0.5/java.util.concurrent.LinkedBlockingQueue.poll(LinkedBlockingQueue.java:460)
        at app//org.apache.hadoop.ipc.CallQueueManager.take(CallQueueManager.java:370)
        at app//org.apache.hadoop.ipc.Server$Handler.run(Server.java:3165)


	at org.apache.ozone.test.GenericTestUtils.waitFor(GenericTestUtils.java:224)
	at org.apache.hadoop.ozone.container.TestECContainerRecovery.testECContainerRecoveryWithTimedOutRecovery(TestECContainerRecovery.java:354)
	at java.base/java.lang.reflect.Method.invoke(Method.java:580)
	at java.base/java.util.ArrayList.forEach(ArrayList.java:1596)
	at java.base/java.util.ArrayList.forEach(ArrayList.java:1596)
]]></error>
    <system-out><![CDATA[2025-01-11 20:27:51,338 [main] INFO  rpc.RpcClient (RpcClient.java:createBucket(686)) - Creating Bucket: a7c5313b-97ed-40df-bfc3-c41d902bea97/a4277324-b8f1-465a-b7fa-e14f689bdac3, with server-side default bucket layout, runner as owner, Versioning false, Storage Type set to DISK and Encryption set to false, Replication Type set to EC, Namespace Quota set to -1, Space Quota set to -1 
2025-01-11 20:27:51,341 [om1-OMStateMachineApplyTransactionThread - 0] INFO  bucket.OMBucketCreateRequest (OMBucketCreateRequest.java:validateAndUpdateCache(294)) - created bucket: a4277324-b8f1-465a-b7fa-e14f689bdac3 of layout FILE_SYSTEM_OPTIMIZED in volume: a7c5313b-97ed-40df-bfc3-c41d902bea97
2025-01-11 20:27:51,346 [IPC Server handler 0 on default port 15001] INFO  algorithms.SCMContainerPlacementRackScatter (SCMContainerPlacementRackScatter.java:chooseDatanodesInternal(370)) - Chosen nodes: [4d3e3722-41cc-4fd9-b8c2-1e24fef1c1d7(localhost/127.0.0.1), 26f755b0-b4b1-4239-8401-e418fca9ef4b(localhost/127.0.0.1), b6b79d51-52d7-4711-a690-06a51533978a(localhost/127.0.0.1), 4b5ea8a3-88a5-4114-908f-7a85f39bc1cb(localhost/127.0.0.1), ac32094a-198b-4072-99dd-552311e88daf(localhost/127.0.0.1)]. isPolicySatisfied: true.
2025-01-11 20:27:51,351 [IPC Server handler 0 on default port 15001] INFO  pipeline.WritableECContainerProvider (WritableECContainerProvider.java:allocateContainer(211)) - Created and opened new pipeline Pipeline[ Id: aace68d4-c4b2-4492-84e3-88e630917d1b, Nodes: 4d3e3722-41cc-4fd9-b8c2-1e24fef1c1d7(localhost/127.0.0.1) ReplicaIndex: 126f755b0-b4b1-4239-8401-e418fca9ef4b(localhost/127.0.0.1) ReplicaIndex: 2b6b79d51-52d7-4711-a690-06a51533978a(localhost/127.0.0.1) ReplicaIndex: 34b5ea8a3-88a5-4114-908f-7a85f39bc1cb(localhost/127.0.0.1) ReplicaIndex: 4ac32094a-198b-4072-99dd-552311e88daf(localhost/127.0.0.1) ReplicaIndex: 5, ReplicationConfig: EC{rs-3-2-1024k}, State:ALLOCATED, leaderId:, CreationTimestamp2025-01-11T20:27:51.347009300Z[Etc/UTC]]
2025-01-11 20:27:52,327 [main] INFO  ozoneimpl.OzoneContainer (OzoneContainer.java:stop(526)) - Attempting to stop container services.
2025-01-11 20:27:52,328 [ContainerMetadataScanner] WARN  ozoneimpl.AbstractBackgroundContainerScanner (AbstractBackgroundContainerScanner.java:handleRemainingSleep(134)) - Background container scan was interrupted.
2025-01-11 20:27:52,329 [ContainerMetadataScanner] INFO  ozoneimpl.AbstractBackgroundContainerScanner (AbstractBackgroundContainerScanner.java:run(61)) - Thread[#1135,ContainerMetadataScanner,5,main] exiting.
2025-01-11 20:27:52,329 [main] INFO  ozoneimpl.BackgroundContainerDataScanner (BackgroundContainerDataScanner.java:shutdown(142)) - ContainerDataScanner(/home/runner/work/ozone/ozone/hadoop-ozone/integration-test/target/test-dir/MiniOzoneClusterImpl-19e1eff0-706f-497d-806e-bf7d4c525004/ozone-meta/datanode-9/data-0/hdds) is shutting down. 
2025-01-11 20:27:52,330 [ContainerDataScanner(/home/runner/work/ozone/ozone/hadoop-ozone/integration-test/target/test-dir/MiniOzoneClusterImpl-19e1eff0-706f-497d-806e-bf7d4c525004/ozone-meta/datanode-9/data-0/hdds)] WARN  ozoneimpl.AbstractBackgroundContainerScanner (AbstractBackgroundContainerScanner.java:handleRemainingSleep(134)) - Background container scan was interrupted.
2025-01-11 20:27:52,331 [ContainerDataScanner(/home/runner/work/ozone/ozone/hadoop-ozone/integration-test/target/test-dir/MiniOzoneClusterImpl-19e1eff0-706f-497d-806e-bf7d4c525004/ozone-meta/datanode-9/data-0/hdds)] INFO  ozoneimpl.AbstractBackgroundContainerScanner (AbstractBackgroundContainerScanner.java:run(61)) - ContainerDataScanner(/home/runner/work/ozone/ozone/hadoop-ozone/integration-test/target/test-dir/MiniOzoneClusterImpl-19e1eff0-706f-497d-806e-bf7d4c525004/ozone-meta/datanode-9/data-0/hdds, DS-8ef07919-707e-4c49-9982-be85a6878e13) exiting.
2025-01-11 20:27:52,332 [main] INFO  ozoneimpl.OnDemandContainerDataScanner (OnDemandContainerDataScanner.java:shutdownScanner(209)) - On-demand container scanner is shutting down.
2025-01-11 20:27:52,333 [main] INFO  ratis.XceiverServerRatis (XceiverServerRatis.java:stop(596)) - Closing XceiverServerRatis(4d3e3722-41cc-4fd9-b8c2-1e24fef1c1d7)
2025-01-11 20:27:52,333 [main] INFO  server.RaftServer (RaftServerProxy.java:lambda$close$9(417)) - 4d3e3722-41cc-4fd9-b8c2-1e24fef1c1d7: close
2025-01-11 20:27:52,334 [4d3e3722-41cc-4fd9-b8c2-1e24fef1c1d7-impl-thread1] INFO  server.RaftServer$Division (RaftServerImpl.java:lambda$close$1(513)) - 4d3e3722-41cc-4fd9-b8c2-1e24fef1c1d7@group-1EAEF6823235: shutdown
2025-01-11 20:27:52,334 [4d3e3722-41cc-4fd9-b8c2-1e24fef1c1d7-impl-thread2] INFO  server.RaftServer$Division (RaftServerImpl.java:lambda$close$1(513)) - 4d3e3722-41cc-4fd9-b8c2-1e24fef1c1d7@group-5EFE4EDDA995: shutdown
2025-01-11 20:27:52,334 [4d3e3722-41cc-4fd9-b8c2-1e24fef1c1d7-impl-thread1] INFO  util.JmxRegister (JmxRegister.java:unregister(74)) - Successfully un-registered JMX Bean with object name Ratis:service=RaftServer,group=group-1EAEF6823235,id=4d3e3722-41cc-4fd9-b8c2-1e24fef1c1d7
2025-01-11 20:27:52,335 [4d3e3722-41cc-4fd9-b8c2-1e24fef1c1d7-impl-thread1] INFO  impl.RoleInfo (RoleInfo.java:shutdownLeaderState(103)) - 4d3e3722-41cc-4fd9-b8c2-1e24fef1c1d7: shutdown 4d3e3722-41cc-4fd9-b8c2-1e24fef1c1d7@group-1EAEF6823235-LeaderStateImpl
2025-01-11 20:27:52,335 [4d3e3722-41cc-4fd9-b8c2-1e24fef1c1d7-impl-thread1] INFO  impl.PendingRequests (PendingRequests.java:sendNotLeaderResponses(287)) - 4d3e3722-41cc-4fd9-b8c2-1e24fef1c1d7@group-1EAEF6823235-PendingRequests: sendNotLeaderResponses
2025-01-11 20:27:52,336 [4d3e3722-41cc-4fd9-b8c2-1e24fef1c1d7-impl-thread2] INFO  util.JmxRegister (JmxRegister.java:unregister(74)) - Successfully un-registered JMX Bean with object name Ratis:service=RaftServer,group=group-5EFE4EDDA995,id=4d3e3722-41cc-4fd9-b8c2-1e24fef1c1d7
2025-01-11 20:27:52,336 [4d3e3722-41cc-4fd9-b8c2-1e24fef1c1d7-impl-thread2] INFO  impl.RoleInfo (RoleInfo.java:shutdownLeaderState(103)) - 4d3e3722-41cc-4fd9-b8c2-1e24fef1c1d7: shutdown 4d3e3722-41cc-4fd9-b8c2-1e24fef1c1d7@group-5EFE4EDDA995-LeaderStateImpl
2025-01-11 20:27:52,337 [4d3e3722-41cc-4fd9-b8c2-1e24fef1c1d7@group-5EFE4EDDA995->eca5a246-1f8f-493f-b50d-7eee1f2fec76-GrpcLogAppender-LogAppenderDaemon] WARN  server.GrpcLogAppender (GrpcLogAppender.java:mayWait(293)) - 4d3e3722-41cc-4fd9-b8c2-1e24fef1c1d7@group-5EFE4EDDA995->eca5a246-1f8f-493f-b50d-7eee1f2fec76-GrpcLogAppender: Wait interrupted by java.lang.InterruptedException
2025-01-11 20:27:52,338 [4d3e3722-41cc-4fd9-b8c2-1e24fef1c1d7-impl-thread2] INFO  impl.PendingRequests (PendingRequests.java:sendNotLeaderResponses(287)) - 4d3e3722-41cc-4fd9-b8c2-1e24fef1c1d7@group-5EFE4EDDA995-PendingRequests: sendNotLeaderResponses
2025-01-11 20:27:52,338 [4d3e3722-41cc-4fd9-b8c2-1e24fef1c1d7@group-5EFE4EDDA995->751e45cc-852a-454f-97c8-e80f2befe6f4-GrpcLogAppender-LogAppenderDaemon] WARN  server.GrpcLogAppender (GrpcLogAppender.java:mayWait(293)) - 4d3e3722-41cc-4fd9-b8c2-1e24fef1c1d7@group-5EFE4EDDA995->751e45cc-852a-454f-97c8-e80f2befe6f4-GrpcLogAppender: Wait interrupted by java.lang.InterruptedException
2025-01-11 20:27:52,339 [grpc-default-executor-11] INFO  server.GrpcServerProtocolService (GrpcServerProtocolService.java:onCompleted(157)) - eca5a246-1f8f-493f-b50d-7eee1f2fec76: Completed APPEND_ENTRIES, lastRequest: null
2025-01-11 20:27:52,340 [grpc-default-executor-11] INFO  server.GrpcServerProtocolService (GrpcServerProtocolService.java:lambda$onCompleted$5(159)) - eca5a246-1f8f-493f-b50d-7eee1f2fec76: Completed APPEND_ENTRIES, lastReply: serverReply {
  requestorId: "4d3e3722-41cc-4fd9-b8c2-1e24fef1c1d7"
  replyId: "eca5a246-1f8f-493f-b50d-7eee1f2fec76"
  raftGroupId {
    id: "\262\316{\214\245fL\203\243\320^\376N\335\251\225"
  }
  callId: 4
  success: true
}
term: 1
nextIndex: 1
matchIndex: 18446744073709551615
isHearbeat: true

2025-01-11 20:27:52,340 [grpc-default-executor-13] INFO  server.GrpcServerProtocolService (GrpcServerProtocolService.java:onCompleted(157)) - eca5a246-1f8f-493f-b50d-7eee1f2fec76: Completed APPEND_ENTRIES, lastRequest: 4d3e3722-41cc-4fd9-b8c2-1e24fef1c1d7->eca5a246-1f8f-493f-b50d-7eee1f2fec76#1-t1,previous=(t:0, i:0),leaderCommit=-1,initializing? false,entries: size=1, first=(t:1, i:0), CONFIGURATIONENTRY(current:id:"4d3e3722-41cc-4fd9-b8c2-1e24fef1c1d7"address:"127.0.0.1:15088"priority:1dataStreamAddress:"127.0.0.1:15089"clientAddress:"127.0.0.1:15086"adminAddress:"127.0.0.1:15087"startupRole:FOLLOWER, id:"eca5a246-1f8f-493f-b50d-7eee1f2fec76"address:"127.0.0.1:15070"dataStreamAddress:"127.0.0.1:15071"clientAddress:"127.0.0.1:15068"adminAddress:"127.0.0.1:15069"startupRole:FOLLOWER, id:"751e45cc-852a-454f-97c8-e80f2befe6f4"address:"127.0.0.1:15061"dataStreamAddress:"127.0.0.1:15062"clientAddress:"127.0.0.1:15059"adminAddress:"127.0.0.1:15060"startupRole:FOLLOWER, old:)
2025-01-11 20:27:52,341 [grpc-default-executor-13] INFO  server.GrpcServerProtocolService (GrpcServerProtocolService.java:lambda$onCompleted$5(159)) - eca5a246-1f8f-493f-b50d-7eee1f2fec76: Completed APPEND_ENTRIES, lastReply: null
2025-01-11 20:27:52,342 [grpc-default-executor-9] INFO  server.GrpcServerProtocolService (GrpcServerProtocolService.java:onCompleted(157)) - 751e45cc-852a-454f-97c8-e80f2befe6f4: Completed APPEND_ENTRIES, lastRequest: null
2025-01-11 20:27:52,343 [grpc-default-executor-9] INFO  server.GrpcServerProtocolService (GrpcServerProtocolService.java:lambda$onCompleted$5(159)) - 751e45cc-852a-454f-97c8-e80f2befe6f4: Completed APPEND_ENTRIES, lastReply: serverReply {
  requestorId: "4d3e3722-41cc-4fd9-b8c2-1e24fef1c1d7"
  replyId: "751e45cc-852a-454f-97c8-e80f2befe6f4"
  raftGroupId {
    id: "\262\316{\214\245fL\203\243\320^\376N\335\251\225"
  }
  callId: 4
  success: true
}
term: 1
nextIndex: 1
matchIndex: 18446744073709551615
isHearbeat: true

2025-01-11 20:27:52,343 [grpc-default-executor-5] INFO  server.GrpcLogAppender (GrpcLogAppender.java:onCompleted(550)) - 4d3e3722-41cc-4fd9-b8c2-1e24fef1c1d7@group-5EFE4EDDA995->eca5a246-1f8f-493f-b50d-7eee1f2fec76-AppendLogResponseHandler: follower responses appendEntries COMPLETED
2025-01-11 20:27:52,343 [4d3e3722-41cc-4fd9-b8c2-1e24fef1c1d7@group-1EAEF6823235-StateMachineUpdater] INFO  ratis.ContainerStateMachine (ContainerStateMachine.java:takeSnapshot(378)) - group-1EAEF6823235: Taking a snapshot at:(t:1, i:0) file /home/runner/work/ozone/ozone/hadoop-ozone/integration-test/target/test-dir/MiniOzoneClusterImpl-19e1eff0-706f-497d-806e-bf7d4c525004/ozone-meta/datanode-9/ratis/8ecc0186-ba86-44ee-bb2a-1eaef6823235/sm/snapshot.1_0
2025-01-11 20:27:52,343 [4d3e3722-41cc-4fd9-b8c2-1e24fef1c1d7-impl-thread1] INFO  impl.StateMachineUpdater (StateMachineUpdater.java:stopAndJoin(164)) - 4d3e3722-41cc-4fd9-b8c2-1e24fef1c1d7@group-1EAEF6823235-StateMachineUpdater: set stopIndex = 0
2025-01-11 20:27:52,345 [4d3e3722-41cc-4fd9-b8c2-1e24fef1c1d7@group-1EAEF6823235-StateMachineUpdater] INFO  ratis.ContainerStateMachine (ContainerStateMachine.java:takeSnapshot(389)) - group-1EAEF6823235: Finished taking a snapshot at:(t:1, i:0) file:/home/runner/work/ozone/ozone/hadoop-ozone/integration-test/target/test-dir/MiniOzoneClusterImpl-19e1eff0-706f-497d-806e-bf7d4c525004/ozone-meta/datanode-9/ratis/8ecc0186-ba86-44ee-bb2a-1eaef6823235/sm/snapshot.1_0 took: 1 ms
2025-01-11 20:27:52,344 [grpc-default-executor-8] INFO  server.GrpcLogAppender (GrpcLogAppender.java:onCompleted(550)) - 4d3e3722-41cc-4fd9-b8c2-1e24fef1c1d7@group-5EFE4EDDA995->eca5a246-1f8f-493f-b50d-7eee1f2fec76-AppendLogResponseHandler: follower responses appendEntries COMPLETED
2025-01-11 20:27:52,345 [4d3e3722-41cc-4fd9-b8c2-1e24fef1c1d7@group-1EAEF6823235-StateMachineUpdater] INFO  impl.StateMachineUpdater (StateMachineUpdater.java:takeSnapshot(303)) - 4d3e3722-41cc-4fd9-b8c2-1e24fef1c1d7@group-1EAEF6823235-StateMachineUpdater: Took a snapshot at index 0
2025-01-11 20:27:52,346 [4d3e3722-41cc-4fd9-b8c2-1e24fef1c1d7@group-1EAEF6823235-StateMachineUpdater] INFO  impl.StateMachineUpdater (StateMachineUpdater.java:lambda$new$0(102)) - 4d3e3722-41cc-4fd9-b8c2-1e24fef1c1d7@group-1EAEF6823235-StateMachineUpdater: snapshotIndex: updateIncreasingly -1 -> 0
2025-01-11 20:27:52,346 [4d3e3722-41cc-4fd9-b8c2-1e24fef1c1d7@group-1EAEF6823235-StateMachineUpdater] INFO  impl.StateMachineUpdater (StateMachineUpdater.java:stop(141)) - 4d3e3722-41cc-4fd9-b8c2-1e24fef1c1d7@group-1EAEF6823235-StateMachineUpdater: closing ContainerStateMachine, lastApplied=(t:1, i:0)
2025-01-11 20:27:52,345 [grpc-default-executor-13] INFO  server.GrpcServerProtocolService (GrpcServerProtocolService.java:onCompleted(157)) - 751e45cc-852a-454f-97c8-e80f2befe6f4: Completed APPEND_ENTRIES, lastRequest: 4d3e3722-41cc-4fd9-b8c2-1e24fef1c1d7->751e45cc-852a-454f-97c8-e80f2befe6f4#1-t1,previous=(t:0, i:0),leaderCommit=-1,initializing? false,entries: size=1, first=(t:1, i:0), CONFIGURATIONENTRY(current:id:"4d3e3722-41cc-4fd9-b8c2-1e24fef1c1d7"address:"127.0.0.1:15088"priority:1dataStreamAddress:"127.0.0.1:15089"clientAddress:"127.0.0.1:15086"adminAddress:"127.0.0.1:15087"startupRole:FOLLOWER, id:"eca5a246-1f8f-493f-b50d-7eee1f2fec76"address:"127.0.0.1:15070"dataStreamAddress:"127.0.0.1:15071"clientAddress:"127.0.0.1:15068"adminAddress:"127.0.0.1:15069"startupRole:FOLLOWER, id:"751e45cc-852a-454f-97c8-e80f2befe6f4"address:"127.0.0.1:15061"dataStreamAddress:"127.0.0.1:15062"clientAddress:"127.0.0.1:15059"adminAddress:"127.0.0.1:15060"startupRole:FOLLOWER, old:)
2025-01-11 20:27:52,347 [grpc-default-executor-13] INFO  server.GrpcServerProtocolService (GrpcServerProtocolService.java:lambda$onCompleted$5(159)) - 751e45cc-852a-454f-97c8-e80f2befe6f4: Completed APPEND_ENTRIES, lastReply: null
2025-01-11 20:27:52,345 [grpc-default-executor-0] INFO  server.GrpcLogAppender (GrpcLogAppender.java:onCompleted(550)) - 4d3e3722-41cc-4fd9-b8c2-1e24fef1c1d7@group-5EFE4EDDA995->751e45cc-852a-454f-97c8-e80f2befe6f4-AppendLogResponseHandler: follower responses appendEntries COMPLETED
2025-01-11 20:27:52,347 [4d3e3722-41cc-4fd9-b8c2-1e24fef1c1d7@group-1EAEF6823235-cacheEviction-AwaitToRun] INFO  util.AwaitToRun (AwaitToRun.java:run(49)) - 4d3e3722-41cc-4fd9-b8c2-1e24fef1c1d7@group-1EAEF6823235-cacheEviction-AwaitToRun-AwaitForSignal is interrupted
2025-01-11 20:27:52,348 [grpc-default-executor-13] INFO  server.GrpcLogAppender (GrpcLogAppender.java:onCompleted(550)) - 4d3e3722-41cc-4fd9-b8c2-1e24fef1c1d7@group-5EFE4EDDA995->751e45cc-852a-454f-97c8-e80f2befe6f4-AppendLogResponseHandler: follower responses appendEntries COMPLETED
2025-01-11 20:27:52,349 [4d3e3722-41cc-4fd9-b8c2-1e24fef1c1d7-impl-thread3] INFO  server.RaftServer$Division (RaftServerImpl.java:lambda$close$1(513)) - 4d3e3722-41cc-4fd9-b8c2-1e24fef1c1d7@group-7F1E2C34C45B: shutdown
2025-01-11 20:27:52,370 [4d3e3722-41cc-4fd9-b8c2-1e24fef1c1d7-impl-thread3] INFO  util.JmxRegister (JmxRegister.java:unregister(74)) - Successfully un-registered JMX Bean with object name Ratis:service=RaftServer,group=group-7F1E2C34C45B,id=4d3e3722-41cc-4fd9-b8c2-1e24fef1c1d7
2025-01-11 20:27:52,370 [4d3e3722-41cc-4fd9-b8c2-1e24fef1c1d7-impl-thread3] INFO  impl.RoleInfo (RoleInfo.java:shutdownLeaderState(103)) - 4d3e3722-41cc-4fd9-b8c2-1e24fef1c1d7: shutdown 4d3e3722-41cc-4fd9-b8c2-1e24fef1c1d7@group-7F1E2C34C45B-LeaderStateImpl
2025-01-11 20:27:52,366 [4d3e3722-41cc-4fd9-b8c2-1e24fef1c1d7-impl-thread6] INFO  server.RaftServer$Division (RaftServerImpl.java:lambda$close$1(513)) - 4d3e3722-41cc-4fd9-b8c2-1e24fef1c1d7@group-034EE45C8151: shutdown
2025-01-11 20:27:52,354 [main] INFO  server.GrpcService (GrpcService.java:closeImpl(343)) - 4d3e3722-41cc-4fd9-b8c2-1e24fef1c1d7: shutdown server org.apache.ratis.grpc.server.GrpcClientProtocolService now
2025-01-11 20:27:52,371 [4d3e3722-41cc-4fd9-b8c2-1e24fef1c1d7-impl-thread6] INFO  util.JmxRegister (JmxRegister.java:unregister(74)) - Successfully un-registered JMX Bean with object name Ratis:service=RaftServer,group=group-034EE45C8151,id=4d3e3722-41cc-4fd9-b8c2-1e24fef1c1d7
2025-01-11 20:27:52,372 [4d3e3722-41cc-4fd9-b8c2-1e24fef1c1d7-impl-thread6] INFO  impl.RoleInfo (RoleInfo.java:shutdownLeaderState(103)) - 4d3e3722-41cc-4fd9-b8c2-1e24fef1c1d7: shutdown 4d3e3722-41cc-4fd9-b8c2-1e24fef1c1d7@group-034EE45C8151-LeaderStateImpl
2025-01-11 20:27:52,373 [4d3e3722-41cc-4fd9-b8c2-1e24fef1c1d7-impl-thread6] INFO  impl.PendingRequests (PendingRequests.java:sendNotLeaderResponses(287)) - 4d3e3722-41cc-4fd9-b8c2-1e24fef1c1d7@group-034EE45C8151-PendingRequests: sendNotLeaderResponses
2025-01-11 20:27:52,371 [4d3e3722-41cc-4fd9-b8c2-1e24fef1c1d7-impl-thread4] INFO  server.RaftServer$Division (RaftServerImpl.java:lambda$close$1(513)) - 4d3e3722-41cc-4fd9-b8c2-1e24fef1c1d7@group-0259CA4FB242: shutdown
2025-01-11 20:27:52,371 [4d3e3722-41cc-4fd9-b8c2-1e24fef1c1d7@group-7F1E2C34C45B->02fc1759-725d-47af-8349-873c9c5c9167-GrpcLogAppender-LogAppenderDaemon] WARN  server.GrpcLogAppender (GrpcLogAppender.java:mayWait(293)) - 4d3e3722-41cc-4fd9-b8c2-1e24fef1c1d7@group-7F1E2C34C45B->02fc1759-725d-47af-8349-873c9c5c9167-GrpcLogAppender: Wait interrupted by java.lang.InterruptedException
2025-01-11 20:27:52,371 [4d3e3722-41cc-4fd9-b8c2-1e24fef1c1d7@group-7F1E2C34C45B->3296053d-9d54-4057-a6a8-67c4b6ec6587-GrpcLogAppender-LogAppenderDaemon] WARN  server.GrpcLogAppender (GrpcLogAppender.java:mayWait(293)) - 4d3e3722-41cc-4fd9-b8c2-1e24fef1c1d7@group-7F1E2C34C45B->3296053d-9d54-4057-a6a8-67c4b6ec6587-GrpcLogAppender: Wait interrupted by java.lang.InterruptedException
2025-01-11 20:27:52,371 [4d3e3722-41cc-4fd9-b8c2-1e24fef1c1d7-impl-thread3] INFO  impl.PendingRequests (PendingRequests.java:sendNotLeaderResponses(287)) - 4d3e3722-41cc-4fd9-b8c2-1e24fef1c1d7@group-7F1E2C34C45B-PendingRequests: sendNotLeaderResponses
2025-01-11 20:27:52,370 [4d3e3722-41cc-4fd9-b8c2-1e24fef1c1d7-impl-thread5] INFO  server.RaftServer$Division (RaftServerImpl.java:lambda$close$1(513)) - 4d3e3722-41cc-4fd9-b8c2-1e24fef1c1d7@group-64747DF32B0A: shutdown
2025-01-11 20:27:52,375 [grpc-default-executor-0] INFO  server.GrpcServerProtocolService (GrpcServerProtocolService.java:onCompleted(157)) - 02fc1759-725d-47af-8349-873c9c5c9167: Completed APPEND_ENTRIES, lastRequest: 4d3e3722-41cc-4fd9-b8c2-1e24fef1c1d7->02fc1759-725d-47af-8349-873c9c5c9167#1-t1,previous=(t:0, i:0),leaderCommit=-1,initializing? false,entries: size=1, first=(t:1, i:0), CONFIGURATIONENTRY(current:id:"3296053d-9d54-4057-a6a8-67c4b6ec6587"address:"127.0.0.1:15034"dataStreamAddress:"127.0.0.1:15035"clientAddress:"127.0.0.1:15032"adminAddress:"127.0.0.1:15033"startupRole:FOLLOWER, id:"02fc1759-725d-47af-8349-873c9c5c9167"address:"127.0.0.1:15025"dataStreamAddress:"127.0.0.1:15026"clientAddress:"127.0.0.1:15023"adminAddress:"127.0.0.1:15024"startupRole:FOLLOWER, id:"4d3e3722-41cc-4fd9-b8c2-1e24fef1c1d7"address:"127.0.0.1:15088"priority:1dataStreamAddress:"127.0.0.1:15089"clientAddress:"127.0.0.1:15086"adminAddress:"127.0.0.1:15087"startupRole:FOLLOWER, old:)
2025-01-11 20:27:52,376 [grpc-default-executor-0] INFO  server.GrpcServerProtocolService (GrpcServerProtocolService.java:lambda$onCompleted$5(159)) - 02fc1759-725d-47af-8349-873c9c5c9167: Completed APPEND_ENTRIES, lastReply: null
2025-01-11 20:27:52,377 [grpc-default-executor-5] INFO  server.GrpcServerProtocolService (GrpcServerProtocolService.java:onCompleted(157)) - 3296053d-9d54-4057-a6a8-67c4b6ec6587: Completed APPEND_ENTRIES, lastRequest: null
2025-01-11 20:27:52,377 [4d3e3722-41cc-4fd9-b8c2-1e24fef1c1d7-impl-thread4] INFO  util.JmxRegister (JmxRegister.java:unregister(74)) - Successfully un-registered JMX Bean with object name Ratis:service=RaftServer,group=group-0259CA4FB242,id=4d3e3722-41cc-4fd9-b8c2-1e24fef1c1d7
2025-01-11 20:27:52,378 [4d3e3722-41cc-4fd9-b8c2-1e24fef1c1d7-impl-thread4] INFO  impl.RoleInfo (RoleInfo.java:shutdownFollowerState(121)) - 4d3e3722-41cc-4fd9-b8c2-1e24fef1c1d7: shutdown 4d3e3722-41cc-4fd9-b8c2-1e24fef1c1d7@group-0259CA4FB242-FollowerState
2025-01-11 20:27:52,374 [grpc-default-executor-13] INFO  server.GrpcServerProtocolService (GrpcServerProtocolService.java:onCompleted(157)) - 02fc1759-725d-47af-8349-873c9c5c9167: Completed APPEND_ENTRIES, lastRequest: null
2025-01-11 20:27:52,381 [4d3e3722-41cc-4fd9-b8c2-1e24fef1c1d7-impl-thread4] INFO  impl.StateMachineUpdater (StateMachineUpdater.java:stopAndJoin(164)) - 4d3e3722-41cc-4fd9-b8c2-1e24fef1c1d7@group-0259CA4FB242-StateMachineUpdater: set stopIndex = 0
2025-01-11 20:27:52,381 [4d3e3722-41cc-4fd9-b8c2-1e24fef1c1d7@group-0259CA4FB242-FollowerState] INFO  impl.FollowerState (FollowerState.java:runImpl(170)) - 4d3e3722-41cc-4fd9-b8c2-1e24fef1c1d7@group-0259CA4FB242-FollowerState was interrupted
2025-01-11 20:27:52,378 [grpc-default-executor-8] INFO  server.GrpcLogAppender (GrpcLogAppender.java:onCompleted(550)) - 4d3e3722-41cc-4fd9-b8c2-1e24fef1c1d7@group-7F1E2C34C45B->02fc1759-725d-47af-8349-873c9c5c9167-AppendLogResponseHandler: follower responses appendEntries COMPLETED
2025-01-11 20:27:52,378 [grpc-default-executor-0] INFO  server.GrpcServerProtocolService (GrpcServerProtocolService.java:onCompleted(157)) - 3296053d-9d54-4057-a6a8-67c4b6ec6587: Completed APPEND_ENTRIES, lastRequest: 4d3e3722-41cc-4fd9-b8c2-1e24fef1c1d7->3296053d-9d54-4057-a6a8-67c4b6ec6587#1-t1,previous=(t:0, i:0),leaderCommit=-1,initializing? false,entries: size=1, first=(t:1, i:0), CONFIGURATIONENTRY(current:id:"3296053d-9d54-4057-a6a8-67c4b6ec6587"address:"127.0.0.1:15034"dataStreamAddress:"127.0.0.1:15035"clientAddress:"127.0.0.1:15032"adminAddress:"127.0.0.1:15033"startupRole:FOLLOWER, id:"02fc1759-725d-47af-8349-873c9c5c9167"address:"127.0.0.1:15025"dataStreamAddress:"127.0.0.1:15026"clientAddress:"127.0.0.1:15023"adminAddress:"127.0.0.1:15024"startupRole:FOLLOWER, id:"4d3e3722-41cc-4fd9-b8c2-1e24fef1c1d7"address:"127.0.0.1:15088"priority:1dataStreamAddress:"127.0.0.1:15089"clientAddress:"127.0.0.1:15086"adminAddress:"127.0.0.1:15087"startupRole:FOLLOWER, old:)
2025-01-11 20:27:52,383 [grpc-default-executor-0] INFO  server.GrpcServerProtocolService (GrpcServerProtocolService.java:lambda$onCompleted$5(159)) - 3296053d-9d54-4057-a6a8-67c4b6ec6587: Completed APPEND_ENTRIES, lastReply: null
2025-01-11 20:27:52,378 [4d3e3722-41cc-4fd9-b8c2-1e24fef1c1d7-impl-thread2] INFO  impl.StateMachineUpdater (StateMachineUpdater.java:stopAndJoin(164)) - 4d3e3722-41cc-4fd9-b8c2-1e24fef1c1d7@group-5EFE4EDDA995-StateMachineUpdater: set stopIndex = 0
2025-01-11 20:27:52,378 [4d3e3722-41cc-4fd9-b8c2-1e24fef1c1d7@group-5EFE4EDDA995-StateMachineUpdater] INFO  ratis.ContainerStateMachine (ContainerStateMachine.java:takeSnapshot(378)) - group-5EFE4EDDA995: Taking a snapshot at:(t:1, i:0) file /home/runner/work/ozone/ozone/hadoop-ozone/integration-test/target/test-dir/MiniOzoneClusterImpl-19e1eff0-706f-497d-806e-bf7d4c525004/ozone-meta/datanode-9/ratis/b2ce7b8c-a566-4c83-a3d0-5efe4edda995/sm/snapshot.1_0
2025-01-11 20:27:52,388 [grpc-default-executor-9] INFO  server.GrpcLogAppender (GrpcLogAppender.java:onCompleted(550)) - 4d3e3722-41cc-4fd9-b8c2-1e24fef1c1d7@group-7F1E2C34C45B->3296053d-9d54-4057-a6a8-67c4b6ec6587-AppendLogResponseHandler: follower responses appendEntries COMPLETED
2025-01-11 20:27:52,377 [grpc-default-executor-5] INFO  server.GrpcServerProtocolService (GrpcServerProtocolService.java:lambda$onCompleted$5(159)) - 3296053d-9d54-4057-a6a8-67c4b6ec6587: Completed APPEND_ENTRIES, lastReply: serverReply {
  requestorId: "4d3e3722-41cc-4fd9-b8c2-1e24fef1c1d7"
  replyId: "3296053d-9d54-4057-a6a8-67c4b6ec6587"
  raftGroupId {
    id: "\325K\350;g\341J\020\203\322\177\036,4\304["
  }
  callId: 17
  success: true
}
term: 1
nextIndex: 1
matchIndex: 18446744073709551615
isHearbeat: true

2025-01-11 20:27:52,377 [4d3e3722-41cc-4fd9-b8c2-1e24fef1c1d7-impl-thread5] INFO  util.JmxRegister (JmxRegister.java:unregister(74)) - Successfully un-registered JMX Bean with object name Ratis:service=RaftServer,group=group-64747DF32B0A,id=4d3e3722-41cc-4fd9-b8c2-1e24fef1c1d7
2025-01-11 20:27:52,389 [4d3e3722-41cc-4fd9-b8c2-1e24fef1c1d7-impl-thread5] INFO  impl.RoleInfo (RoleInfo.java:shutdownFollowerState(121)) - 4d3e3722-41cc-4fd9-b8c2-1e24fef1c1d7: shutdown 4d3e3722-41cc-4fd9-b8c2-1e24fef1c1d7@group-64747DF32B0A-FollowerState
2025-01-11 20:27:52,385 [4d3e3722-41cc-4fd9-b8c2-1e24fef1c1d7@group-7F1E2C34C45B-StateMachineUpdater] INFO  ratis.ContainerStateMachine (ContainerStateMachine.java:takeSnapshot(378)) - group-7F1E2C34C45B: Taking a snapshot at:(t:1, i:0) file /home/runner/work/ozone/ozone/hadoop-ozone/integration-test/target/test-dir/MiniOzoneClusterImpl-19e1eff0-706f-497d-806e-bf7d4c525004/ozone-meta/datanode-9/ratis/d54be83b-67e1-4a10-83d2-7f1e2c34c45b/sm/snapshot.1_0
2025-01-11 20:27:52,385 [4d3e3722-41cc-4fd9-b8c2-1e24fef1c1d7-impl-thread3] INFO  impl.StateMachineUpdater (StateMachineUpdater.java:stopAndJoin(164)) - 4d3e3722-41cc-4fd9-b8c2-1e24fef1c1d7@group-7F1E2C34C45B-StateMachineUpdater: set stopIndex = 0
2025-01-11 20:27:52,382 [4d3e3722-41cc-4fd9-b8c2-1e24fef1c1d7@group-0259CA4FB242-StateMachineUpdater] INFO  ratis.ContainerStateMachine (ContainerStateMachine.java:takeSnapshot(378)) - group-0259CA4FB242: Taking a snapshot at:(t:1, i:0) file /home/runner/work/ozone/ozone/hadoop-ozone/integration-test/target/test-dir/MiniOzoneClusterImpl-19e1eff0-706f-497d-806e-bf7d4c525004/ozone-meta/datanode-9/ratis/083a2687-d55b-410f-9ba7-0259ca4fb242/sm/snapshot.1_0
2025-01-11 20:27:52,382 [grpc-default-executor-13] INFO  server.GrpcServerProtocolService (GrpcServerProtocolService.java:lambda$onCompleted$5(159)) - 02fc1759-725d-47af-8349-873c9c5c9167: Completed APPEND_ENTRIES, lastReply: serverReply {
  requestorId: "4d3e3722-41cc-4fd9-b8c2-1e24fef1c1d7"
  replyId: "02fc1759-725d-47af-8349-873c9c5c9167"
  raftGroupId {
    id: "\325K\350;g\341J\020\203\322\177\036,4\304["
  }
  callId: 17
  success: true
}
term: 1
nextIndex: 1
matchIndex: 18446744073709551615
isHearbeat: true

2025-01-11 20:27:52,391 [4d3e3722-41cc-4fd9-b8c2-1e24fef1c1d7@group-7F1E2C34C45B-StateMachineUpdater] INFO  ratis.ContainerStateMachine (ContainerStateMachine.java:takeSnapshot(389)) - group-7F1E2C34C45B: Finished taking a snapshot at:(t:1, i:0) file:/home/runner/work/ozone/ozone/hadoop-ozone/integration-test/target/test-dir/MiniOzoneClusterImpl-19e1eff0-706f-497d-806e-bf7d4c525004/ozone-meta/datanode-9/ratis/d54be83b-67e1-4a10-83d2-7f1e2c34c45b/sm/snapshot.1_0 took: 5 ms
2025-01-11 20:27:52,391 [4d3e3722-41cc-4fd9-b8c2-1e24fef1c1d7@group-0259CA4FB242-StateMachineUpdater] INFO  ratis.ContainerStateMachine (ContainerStateMachine.java:takeSnapshot(389)) - group-0259CA4FB242: Finished taking a snapshot at:(t:1, i:0) file:/home/runner/work/ozone/ozone/hadoop-ozone/integration-test/target/test-dir/MiniOzoneClusterImpl-19e1eff0-706f-497d-806e-bf7d4c525004/ozone-meta/datanode-9/ratis/083a2687-d55b-410f-9ba7-0259ca4fb242/sm/snapshot.1_0 took: 10 ms
2025-01-11 20:27:52,389 [4d3e3722-41cc-4fd9-b8c2-1e24fef1c1d7-impl-thread6] INFO  impl.StateMachineUpdater (StateMachineUpdater.java:stopAndJoin(164)) - 4d3e3722-41cc-4fd9-b8c2-1e24fef1c1d7@group-034EE45C8151-StateMachineUpdater: set stopIndex = 0
2025-01-11 20:27:52,389 [4d3e3722-41cc-4fd9-b8c2-1e24fef1c1d7@group-034EE45C8151-StateMachineUpdater] INFO  ratis.ContainerStateMachine (ContainerStateMachine.java:takeSnapshot(378)) - group-034EE45C8151: Taking a snapshot at:(t:1, i:0) file /home/runner/work/ozone/ozone/hadoop-ozone/integration-test/target/test-dir/MiniOzoneClusterImpl-19e1eff0-706f-497d-806e-bf7d4c525004/ozone-meta/datanode-9/ratis/e025fa64-434f-4ce2-9c52-034ee45c8151/sm/snapshot.1_0
2025-01-11 20:27:52,389 [4d3e3722-41cc-4fd9-b8c2-1e24fef1c1d7@group-64747DF32B0A-FollowerState] INFO  impl.FollowerState (FollowerState.java:runImpl(170)) - 4d3e3722-41cc-4fd9-b8c2-1e24fef1c1d7@group-64747DF32B0A-FollowerState was interrupted
2025-01-11 20:27:52,389 [4d3e3722-41cc-4fd9-b8c2-1e24fef1c1d7@group-64747DF32B0A-StateMachineUpdater] INFO  ratis.ContainerStateMachine (ContainerStateMachine.java:takeSnapshot(378)) - group-64747DF32B0A: Taking a snapshot at:(t:1, i:0) file /home/runner/work/ozone/ozone/hadoop-ozone/integration-test/target/test-dir/MiniOzoneClusterImpl-19e1eff0-706f-497d-806e-bf7d4c525004/ozone-meta/datanode-9/ratis/fc4cc5f0-121d-48a3-95c3-64747df32b0a/sm/snapshot.1_0
2025-01-11 20:27:52,389 [grpc-default-executor-5] INFO  server.GrpcLogAppender (GrpcLogAppender.java:onCompleted(550)) - 4d3e3722-41cc-4fd9-b8c2-1e24fef1c1d7@group-7F1E2C34C45B->3296053d-9d54-4057-a6a8-67c4b6ec6587-AppendLogResponseHandler: follower responses appendEntries COMPLETED
2025-01-11 20:27:52,389 [4d3e3722-41cc-4fd9-b8c2-1e24fef1c1d7-impl-thread5] INFO  impl.StateMachineUpdater (StateMachineUpdater.java:stopAndJoin(164)) - 4d3e3722-41cc-4fd9-b8c2-1e24fef1c1d7@group-64747DF32B0A-StateMachineUpdater: set stopIndex = 0
2025-01-11 20:27:52,389 [4d3e3722-41cc-4fd9-b8c2-1e24fef1c1d7@group-5EFE4EDDA995-StateMachineUpdater] INFO  ratis.ContainerStateMachine (ContainerStateMachine.java:takeSnapshot(389)) - group-5EFE4EDDA995: Finished taking a snapshot at:(t:1, i:0) file:/home/runner/work/ozone/ozone/hadoop-ozone/integration-test/target/test-dir/MiniOzoneClusterImpl-19e1eff0-706f-497d-806e-bf7d4c525004/ozone-meta/datanode-9/ratis/b2ce7b8c-a566-4c83-a3d0-5efe4edda995/sm/snapshot.1_0 took: 11 ms
2025-01-11 20:27:52,395 [4d3e3722-41cc-4fd9-b8c2-1e24fef1c1d7@group-64747DF32B0A-StateMachineUpdater] INFO  ratis.ContainerStateMachine (ContainerStateMachine.java:takeSnapshot(389)) - group-64747DF32B0A: Finished taking a snapshot at:(t:1, i:0) file:/home/runner/work/ozone/ozone/hadoop-ozone/integration-test/target/test-dir/MiniOzoneClusterImpl-19e1eff0-706f-497d-806e-bf7d4c525004/ozone-meta/datanode-9/ratis/fc4cc5f0-121d-48a3-95c3-64747df32b0a/sm/snapshot.1_0 took: 6 ms
2025-01-11 20:27:52,395 [grpc-default-executor-5] WARN  server.GrpcLogAppender (GrpcLogAppender.java:resetClient(230)) - 4d3e3722-41cc-4fd9-b8c2-1e24fef1c1d7@group-7F1E2C34C45B->3296053d-9d54-4057-a6a8-67c4b6ec6587-GrpcLogAppender: Failed to getClient for 3296053d-9d54-4057-a6a8-67c4b6ec6587
org.apache.ratis.protocol.exceptions.AlreadyClosedException: 4d3e3722-41cc-4fd9-b8c2-1e24fef1c1d7 is already CLOSED
	at org.apache.ratis.util.PeerProxyMap$PeerAndProxy.getProxy(PeerProxyMap.java:67)
	at org.apache.ratis.util.PeerProxyMap.getProxy(PeerProxyMap.java:124)
	at org.apache.ratis.grpc.server.GrpcLogAppender.getClient(GrpcLogAppender.java:200)
	at org.apache.ratis.grpc.server.GrpcLogAppender.resetClient(GrpcLogAppender.java:205)
	at org.apache.ratis.grpc.server.GrpcLogAppender.access$800(GrpcLogAppender.java:64)
	at org.apache.ratis.grpc.server.GrpcLogAppender$AppendLogResponseHandler.onCompleted(GrpcLogAppender.java:551)
	at org.apache.ratis.thirdparty.io.grpc.stub.ClientCalls$StreamObserverToCallListenerAdapter.onClose(ClientCalls.java:479)
	at org.apache.ratis.thirdparty.io.grpc.internal.DelayedClientCall$DelayedListener$3.run(DelayedClientCall.java:489)
	at org.apache.ratis.thirdparty.io.grpc.internal.DelayedClientCall$DelayedListener.delayOrExecute(DelayedClientCall.java:453)
	at org.apache.ratis.thirdparty.io.grpc.internal.DelayedClientCall$DelayedListener.onClose(DelayedClientCall.java:486)
	at org.apache.ratis.thirdparty.io.grpc.internal.ClientCallImpl.closeObserver(ClientCallImpl.java:567)
	at org.apache.ratis.thirdparty.io.grpc.internal.ClientCallImpl.access$300(ClientCallImpl.java:71)
	at org.apache.ratis.thirdparty.io.grpc.internal.ClientCallImpl$ClientStreamListenerImpl$1StreamClosed.runInternal(ClientCallImpl.java:735)
	at org.apache.ratis.thirdparty.io.grpc.internal.ClientCallImpl$ClientStreamListenerImpl$1StreamClosed.runInContext(ClientCallImpl.java:716)
	at org.apache.ratis.thirdparty.io.grpc.internal.ContextRunnable.run(ContextRunnable.java:37)
	at org.apache.ratis.thirdparty.io.grpc.internal.SerializingExecutor.run(SerializingExecutor.java:133)
	at java.base/java.util.concurrent.ThreadPoolExecutor.runWorker(ThreadPoolExecutor.java:1144)
	at java.base/java.util.concurrent.ThreadPoolExecutor$Worker.run(ThreadPoolExecutor.java:642)
	at java.base/java.lang.Thread.run(Thread.java:1583)
2025-01-11 20:27:52,393 [4d3e3722-41cc-4fd9-b8c2-1e24fef1c1d7@group-034EE45C8151-StateMachineUpdater] INFO  ratis.ContainerStateMachine (ContainerStateMachine.java:takeSnapshot(389)) - group-034EE45C8151: Finished taking a snapshot at:(t:1, i:0) file:/home/runner/work/ozone/ozone/hadoop-ozone/integration-test/target/test-dir/MiniOzoneClusterImpl-19e1eff0-706f-497d-806e-bf7d4c525004/ozone-meta/datanode-9/ratis/e025fa64-434f-4ce2-9c52-034ee45c8151/sm/snapshot.1_0 took: 4 ms
2025-01-11 20:27:52,393 [Thread-2130] INFO  server.GrpcServerProtocolClient (GrpcServerProtocolClient.java:close(105)) - 3296053d-9d54-4057-a6a8-67c4b6ec6587 Close channels
2025-01-11 20:27:52,393 [4d3e3722-41cc-4fd9-b8c2-1e24fef1c1d7@group-7F1E2C34C45B-StateMachineUpdater] INFO  impl.StateMachineUpdater (StateMachineUpdater.java:takeSnapshot(303)) - 4d3e3722-41cc-4fd9-b8c2-1e24fef1c1d7@group-7F1E2C34C45B-StateMachineUpdater: Took a snapshot at index 0
2025-01-11 20:27:52,398 [4d3e3722-41cc-4fd9-b8c2-1e24fef1c1d7@group-7F1E2C34C45B-StateMachineUpdater] INFO  impl.StateMachineUpdater (StateMachineUpdater.java:lambda$new$0(102)) - 4d3e3722-41cc-4fd9-b8c2-1e24fef1c1d7@group-7F1E2C34C45B-StateMachineUpdater: snapshotIndex: updateIncreasingly -1 -> 0
2025-01-11 20:27:52,399 [4d3e3722-41cc-4fd9-b8c2-1e24fef1c1d7@group-7F1E2C34C45B-StateMachineUpdater] INFO  impl.StateMachineUpdater (StateMachineUpdater.java:stop(141)) - 4d3e3722-41cc-4fd9-b8c2-1e24fef1c1d7@group-7F1E2C34C45B-StateMachineUpdater: closing ContainerStateMachine, lastApplied=(t:1, i:0)
2025-01-11 20:27:52,392 [4d3e3722-41cc-4fd9-b8c2-1e24fef1c1d7@group-0259CA4FB242-StateMachineUpdater] INFO  impl.StateMachineUpdater (StateMachineUpdater.java:takeSnapshot(303)) - 4d3e3722-41cc-4fd9-b8c2-1e24fef1c1d7@group-0259CA4FB242-StateMachineUpdater: Took a snapshot at index 0
2025-01-11 20:27:52,391 [grpc-default-executor-4] INFO  server.GrpcLogAppender (GrpcLogAppender.java:onCompleted(550)) - 4d3e3722-41cc-4fd9-b8c2-1e24fef1c1d7@group-7F1E2C34C45B->02fc1759-725d-47af-8349-873c9c5c9167-AppendLogResponseHandler: follower responses appendEntries COMPLETED
2025-01-11 20:27:52,399 [4d3e3722-41cc-4fd9-b8c2-1e24fef1c1d7@group-0259CA4FB242-StateMachineUpdater] INFO  impl.StateMachineUpdater (StateMachineUpdater.java:lambda$new$0(102)) - 4d3e3722-41cc-4fd9-b8c2-1e24fef1c1d7@group-0259CA4FB242-StateMachineUpdater: snapshotIndex: updateIncreasingly -1 -> 0
2025-01-11 20:27:52,400 [4d3e3722-41cc-4fd9-b8c2-1e24fef1c1d7@group-0259CA4FB242-StateMachineUpdater] INFO  impl.StateMachineUpdater (StateMachineUpdater.java:stop(141)) - 4d3e3722-41cc-4fd9-b8c2-1e24fef1c1d7@group-0259CA4FB242-StateMachineUpdater: closing ContainerStateMachine, lastApplied=(t:1, i:0)
2025-01-11 20:27:52,399 [4d3e3722-41cc-4fd9-b8c2-1e24fef1c1d7@group-7F1E2C34C45B-cacheEviction-AwaitToRun] INFO  util.AwaitToRun (AwaitToRun.java:run(49)) - 4d3e3722-41cc-4fd9-b8c2-1e24fef1c1d7@group-7F1E2C34C45B-cacheEviction-AwaitToRun-AwaitForSignal is interrupted
2025-01-11 20:27:52,398 [4d3e3722-41cc-4fd9-b8c2-1e24fef1c1d7@group-034EE45C8151-StateMachineUpdater] INFO  impl.StateMachineUpdater (StateMachineUpdater.java:takeSnapshot(303)) - 4d3e3722-41cc-4fd9-b8c2-1e24fef1c1d7@group-034EE45C8151-StateMachineUpdater: Took a snapshot at index 0
2025-01-11 20:27:52,401 [4d3e3722-41cc-4fd9-b8c2-1e24fef1c1d7@group-034EE45C8151-StateMachineUpdater] INFO  impl.StateMachineUpdater (StateMachineUpdater.java:lambda$new$0(102)) - 4d3e3722-41cc-4fd9-b8c2-1e24fef1c1d7@group-034EE45C8151-StateMachineUpdater: snapshotIndex: updateIncreasingly -1 -> 0
2025-01-11 20:27:52,401 [4d3e3722-41cc-4fd9-b8c2-1e24fef1c1d7@group-034EE45C8151-StateMachineUpdater] INFO  impl.StateMachineUpdater (StateMachineUpdater.java:stop(141)) - 4d3e3722-41cc-4fd9-b8c2-1e24fef1c1d7@group-034EE45C8151-StateMachineUpdater: closing ContainerStateMachine, lastApplied=(t:1, i:0)
2025-01-11 20:27:52,396 [4d3e3722-41cc-4fd9-b8c2-1e24fef1c1d7@group-64747DF32B0A-StateMachineUpdater] INFO  impl.StateMachineUpdater (StateMachineUpdater.java:takeSnapshot(303)) - 4d3e3722-41cc-4fd9-b8c2-1e24fef1c1d7@group-64747DF32B0A-StateMachineUpdater: Took a snapshot at index 0
2025-01-11 20:27:52,396 [4d3e3722-41cc-4fd9-b8c2-1e24fef1c1d7@group-5EFE4EDDA995-StateMachineUpdater] INFO  impl.StateMachineUpdater (StateMachineUpdater.java:takeSnapshot(303)) - 4d3e3722-41cc-4fd9-b8c2-1e24fef1c1d7@group-5EFE4EDDA995-StateMachineUpdater: Took a snapshot at index 0
2025-01-11 20:27:52,402 [4d3e3722-41cc-4fd9-b8c2-1e24fef1c1d7@group-034EE45C8151-cacheEviction-AwaitToRun] INFO  util.AwaitToRun (AwaitToRun.java:run(49)) - 4d3e3722-41cc-4fd9-b8c2-1e24fef1c1d7@group-034EE45C8151-cacheEviction-AwaitToRun-AwaitForSignal is interrupted
2025-01-11 20:27:52,402 [4d3e3722-41cc-4fd9-b8c2-1e24fef1c1d7@group-64747DF32B0A-StateMachineUpdater] INFO  impl.StateMachineUpdater (StateMachineUpdater.java:lambda$new$0(102)) - 4d3e3722-41cc-4fd9-b8c2-1e24fef1c1d7@group-64747DF32B0A-StateMachineUpdater: snapshotIndex: updateIncreasingly -1 -> 0
2025-01-11 20:27:52,401 [4d3e3722-41cc-4fd9-b8c2-1e24fef1c1d7@group-0259CA4FB242-cacheEviction-AwaitToRun] INFO  util.AwaitToRun (AwaitToRun.java:run(49)) - 4d3e3722-41cc-4fd9-b8c2-1e24fef1c1d7@group-0259CA4FB242-cacheEviction-AwaitToRun-AwaitForSignal is interrupted
2025-01-11 20:27:52,403 [4d3e3722-41cc-4fd9-b8c2-1e24fef1c1d7@group-64747DF32B0A-StateMachineUpdater] INFO  impl.StateMachineUpdater (StateMachineUpdater.java:stop(141)) - 4d3e3722-41cc-4fd9-b8c2-1e24fef1c1d7@group-64747DF32B0A-StateMachineUpdater: closing ContainerStateMachine, lastApplied=(t:1, i:0)
2025-01-11 20:27:52,402 [4d3e3722-41cc-4fd9-b8c2-1e24fef1c1d7@group-5EFE4EDDA995-StateMachineUpdater] INFO  impl.StateMachineUpdater (StateMachineUpdater.java:lambda$new$0(102)) - 4d3e3722-41cc-4fd9-b8c2-1e24fef1c1d7@group-5EFE4EDDA995-StateMachineUpdater: snapshotIndex: updateIncreasingly -1 -> 0
2025-01-11 20:27:52,404 [4d3e3722-41cc-4fd9-b8c2-1e24fef1c1d7@group-5EFE4EDDA995-StateMachineUpdater] INFO  impl.StateMachineUpdater (StateMachineUpdater.java:stop(141)) - 4d3e3722-41cc-4fd9-b8c2-1e24fef1c1d7@group-5EFE4EDDA995-StateMachineUpdater: closing ContainerStateMachine, lastApplied=(t:1, i:0)
2025-01-11 20:27:52,404 [4d3e3722-41cc-4fd9-b8c2-1e24fef1c1d7@group-64747DF32B0A-cacheEviction-AwaitToRun] INFO  util.AwaitToRun (AwaitToRun.java:run(49)) - 4d3e3722-41cc-4fd9-b8c2-1e24fef1c1d7@group-64747DF32B0A-cacheEviction-AwaitToRun-AwaitForSignal is interrupted
2025-01-11 20:27:52,405 [4d3e3722-41cc-4fd9-b8c2-1e24fef1c1d7@group-5EFE4EDDA995-cacheEviction-AwaitToRun] INFO  util.AwaitToRun (AwaitToRun.java:run(49)) - 4d3e3722-41cc-4fd9-b8c2-1e24fef1c1d7@group-5EFE4EDDA995-cacheEviction-AwaitToRun-AwaitForSignal is interrupted
2025-01-11 20:27:52,407 [Thread-2132] INFO  server.GrpcServerProtocolClient (GrpcServerProtocolClient.java:close(105)) - 02fc1759-725d-47af-8349-873c9c5c9167 Close channels
2025-01-11 20:27:52,422 [Thread-2136] INFO  server.GrpcServerProtocolClient (GrpcServerProtocolClient.java:close(105)) - eca5a246-1f8f-493f-b50d-7eee1f2fec76 Close channels
2025-01-11 20:27:52,427 [Thread-2137] INFO  server.GrpcServerProtocolClient (GrpcServerProtocolClient.java:close(105)) - 751e45cc-852a-454f-97c8-e80f2befe6f4 Close channels
2025-01-11 20:27:52,431 [main] INFO  server.GrpcService (GrpcService.java:closeImpl(352)) - 4d3e3722-41cc-4fd9-b8c2-1e24fef1c1d7: shutdown server org.apache.ratis.grpc.server.GrpcClientProtocolService successfully
2025-01-11 20:27:52,431 [main] INFO  server.GrpcService (GrpcService.java:closeImpl(343)) - 4d3e3722-41cc-4fd9-b8c2-1e24fef1c1d7: shutdown server GrpcServerProtocolService now
2025-01-11 20:27:52,434 [grpc-default-executor-4] WARN  server.GrpcLogAppender (LogUtils.java:warn(121)) - 751e45cc-852a-454f-97c8-e80f2befe6f4@group-64747DF32B0A->4d3e3722-41cc-4fd9-b8c2-1e24fef1c1d7-AppendLogResponseHandler: Failed appendEntries: org.apache.ratis.thirdparty.io.grpc.StatusRuntimeException: CANCELLED: RST_STREAM closed stream. HTTP/2 error code: CANCEL
2025-01-11 20:27:52,435 [grpc-default-executor-4] WARN  server.GrpcLogAppender (GrpcLogAppender.java:lambda$resetClient$1(221)) - 751e45cc-852a-454f-97c8-e80f2befe6f4@group-64747DF32B0A->4d3e3722-41cc-4fd9-b8c2-1e24fef1c1d7-GrpcLogAppender: Follower failed (request=null, errorCount=1); keep nextIndex (1) unchanged and retry.
2025-01-11 20:27:52,436 [grpc-default-executor-13] WARN  server.GrpcServerProtocolService (LogUtils.java:warn(121)) - 4d3e3722-41cc-4fd9-b8c2-1e24fef1c1d7: APPEND_ENTRIES onError, lastRequest: null: org.apache.ratis.thirdparty.io.grpc.StatusRuntimeException: CANCELLED: client cancelled
2025-01-11 20:27:52,437 [grpc-default-executor-0] WARN  server.GrpcServerProtocolService (LogUtils.java:warn(121)) - 4d3e3722-41cc-4fd9-b8c2-1e24fef1c1d7: APPEND_ENTRIES onError, lastRequest: null: org.apache.ratis.thirdparty.io.grpc.StatusRuntimeException: CANCELLED: client cancelled
2025-01-11 20:27:52,437 [grpc-default-executor-11] WARN  server.GrpcLogAppender (LogUtils.java:warn(121)) - 79978ed1-1a5c-4832-b584-9e2d85f03cd7@group-0259CA4FB242->4d3e3722-41cc-4fd9-b8c2-1e24fef1c1d7-AppendLogResponseHandler: Failed appendEntries: org.apache.ratis.thirdparty.io.grpc.StatusRuntimeException: CANCELLED: RST_STREAM closed stream. HTTP/2 error code: CANCEL
2025-01-11 20:27:52,438 [grpc-default-executor-5] WARN  server.GrpcServerProtocolService (LogUtils.java:warn(121)) - 4d3e3722-41cc-4fd9-b8c2-1e24fef1c1d7: APPEND_ENTRIES onError, lastRequest: 751e45cc-852a-454f-97c8-e80f2befe6f4->4d3e3722-41cc-4fd9-b8c2-1e24fef1c1d7#1-t1,previous=(t:0, i:0),leaderCommit=-1,initializing? false,entries: size=1, first=(t:1, i:0), CONFIGURATIONENTRY(current:id:"b6b79d51-52d7-4711-a690-06a51533978a"address:"127.0.0.1:15052"dataStreamAddress:"127.0.0.1:15053"clientAddress:"127.0.0.1:15050"adminAddress:"127.0.0.1:15051"startupRole:FOLLOWER, id:"4d3e3722-41cc-4fd9-b8c2-1e24fef1c1d7"address:"127.0.0.1:15088"dataStreamAddress:"127.0.0.1:15089"clientAddress:"127.0.0.1:15086"adminAddress:"127.0.0.1:15087"startupRole:FOLLOWER, id:"751e45cc-852a-454f-97c8-e80f2befe6f4"address:"127.0.0.1:15061"priority:1dataStreamAddress:"127.0.0.1:15062"clientAddress:"127.0.0.1:15059"adminAddress:"127.0.0.1:15060"startupRole:FOLLOWER, old:): org.apache.ratis.thirdparty.io.grpc.StatusRuntimeException: CANCELLED: client cancelled
2025-01-11 20:27:52,439 [main] INFO  server.GrpcService (GrpcService.java:closeImpl(352)) - 4d3e3722-41cc-4fd9-b8c2-1e24fef1c1d7: shutdown server GrpcServerProtocolService successfully
2025-01-11 20:27:52,439 [main] INFO  server.GrpcService (GrpcService.java:closeImpl(343)) - 4d3e3722-41cc-4fd9-b8c2-1e24fef1c1d7: shutdown server org.apache.ratis.grpc.server.GrpcAdminProtocolService now
2025-01-11 20:27:52,441 [main] INFO  server.GrpcService (GrpcService.java:closeImpl(352)) - 4d3e3722-41cc-4fd9-b8c2-1e24fef1c1d7: shutdown server org.apache.ratis.grpc.server.GrpcAdminProtocolService successfully
2025-01-11 20:27:52,441 [grpc-default-executor-0] WARN  server.GrpcServerProtocolService (LogUtils.java:warn(121)) - 4d3e3722-41cc-4fd9-b8c2-1e24fef1c1d7: APPEND_ENTRIES onError, lastRequest: 79978ed1-1a5c-4832-b584-9e2d85f03cd7->4d3e3722-41cc-4fd9-b8c2-1e24fef1c1d7#1-t1,previous=(t:0, i:0),leaderCommit=-1,initializing? false,entries: size=1, first=(t:1, i:0), CONFIGURATIONENTRY(current:id:"ac32094a-198b-4072-99dd-552311e88daf"address:"127.0.0.1:15097"dataStreamAddress:"127.0.0.1:15098"clientAddress:"127.0.0.1:15095"adminAddress:"127.0.0.1:15096"startupRole:FOLLOWER, id:"79978ed1-1a5c-4832-b584-9e2d85f03cd7"address:"127.0.0.1:15016"priority:1dataStreamAddress:"127.0.0.1:15017"clientAddress:"127.0.0.1:15014"adminAddress:"127.0.0.1:15015"startupRole:FOLLOWER, id:"4d3e3722-41cc-4fd9-b8c2-1e24fef1c1d7"address:"127.0.0.1:15088"dataStreamAddress:"127.0.0.1:15089"clientAddress:"127.0.0.1:15086"adminAddress:"127.0.0.1:15087"startupRole:FOLLOWER, old:): org.apache.ratis.thirdparty.io.grpc.StatusRuntimeException: CANCELLED: client cancelled
2025-01-11 20:27:52,451 [4d3e3722-41cc-4fd9-b8c2-1e24fef1c1d7-impl-thread4] INFO  segmented.SegmentedRaftLogWorker (SegmentedRaftLogWorker.java:close(252)) - 4d3e3722-41cc-4fd9-b8c2-1e24fef1c1d7@group-0259CA4FB242-SegmentedRaftLogWorker close()
2025-01-11 20:27:52,454 [4d3e3722-41cc-4fd9-b8c2-1e24fef1c1d7-impl-thread4] INFO  ratis.ContainerStateMachine (ContainerStateMachine.java:notifyServerShutdown(934)) - group-0259CA4FB242 is closed by HddsDatanodeService
2025-01-11 20:27:52,511 [4d3e3722-41cc-4fd9-b8c2-1e24fef1c1d7-impl-thread6] INFO  segmented.SegmentedRaftLogWorker (SegmentedRaftLogWorker.java:close(252)) - 4d3e3722-41cc-4fd9-b8c2-1e24fef1c1d7@group-034EE45C8151-SegmentedRaftLogWorker close()
2025-01-11 20:27:52,511 [4d3e3722-41cc-4fd9-b8c2-1e24fef1c1d7-impl-thread6] INFO  ratis.ContainerStateMachine (ContainerStateMachine.java:notifyServerShutdown(934)) - group-034EE45C8151 is closed by HddsDatanodeService
2025-01-11 20:27:52,522 [4d3e3722-41cc-4fd9-b8c2-1e24fef1c1d7-NettyServerStreamRpc-bossGroup--thread1] INFO  logging.LoggingHandler (AbstractInternalLogger.java:log(148)) - [id: 0xb34530b4, L:/0.0.0.0:15089] CLOSE
2025-01-11 20:27:52,523 [4d3e3722-41cc-4fd9-b8c2-1e24fef1c1d7-NettyServerStreamRpc-bossGroup--thread1] INFO  logging.LoggingHandler (AbstractInternalLogger.java:log(148)) - [id: 0xb34530b4, L:/0.0.0.0:15089] INACTIVE
2025-01-11 20:27:52,523 [4d3e3722-41cc-4fd9-b8c2-1e24fef1c1d7-NettyServerStreamRpc-bossGroup--thread1] INFO  logging.LoggingHandler (AbstractInternalLogger.java:log(148)) - [id: 0xb34530b4, L:/0.0.0.0:15089] UNREGISTERED
2025-01-11 20:27:52,755 [4d3e3722-41cc-4fd9-b8c2-1e24fef1c1d7-impl-thread3] INFO  segmented.SegmentedRaftLogWorker (SegmentedRaftLogWorker.java:close(252)) - 4d3e3722-41cc-4fd9-b8c2-1e24fef1c1d7@group-7F1E2C34C45B-SegmentedRaftLogWorker close()
2025-01-11 20:27:52,758 [4d3e3722-41cc-4fd9-b8c2-1e24fef1c1d7-impl-thread3] INFO  ratis.ContainerStateMachine (ContainerStateMachine.java:notifyServerShutdown(934)) - group-7F1E2C34C45B is closed by HddsDatanodeService
2025-01-11 20:27:53,208 [4d3e3722-41cc-4fd9-b8c2-1e24fef1c1d7-impl-thread5] INFO  segmented.SegmentedRaftLogWorker (SegmentedRaftLogWorker.java:close(252)) - 4d3e3722-41cc-4fd9-b8c2-1e24fef1c1d7@group-64747DF32B0A-SegmentedRaftLogWorker close()
2025-01-11 20:27:53,211 [4d3e3722-41cc-4fd9-b8c2-1e24fef1c1d7-impl-thread5] INFO  ratis.ContainerStateMachine (ContainerStateMachine.java:notifyServerShutdown(934)) - group-64747DF32B0A is closed by HddsDatanodeService
2025-01-11 20:27:53,211 [4d3e3722-41cc-4fd9-b8c2-1e24fef1c1d7-impl-thread2] INFO  segmented.SegmentedRaftLogWorker (SegmentedRaftLogWorker.java:close(252)) - 4d3e3722-41cc-4fd9-b8c2-1e24fef1c1d7@group-5EFE4EDDA995-SegmentedRaftLogWorker close()
2025-01-11 20:27:53,212 [4d3e3722-41cc-4fd9-b8c2-1e24fef1c1d7-impl-thread2] INFO  ratis.ContainerStateMachine (ContainerStateMachine.java:notifyServerShutdown(934)) - group-5EFE4EDDA995 is closed by HddsDatanodeService
2025-01-11 20:27:53,267 [4d3e3722-41cc-4fd9-b8c2-1e24fef1c1d7-impl-thread1] INFO  segmented.SegmentedRaftLogWorker (SegmentedRaftLogWorker.java:close(252)) - 4d3e3722-41cc-4fd9-b8c2-1e24fef1c1d7@group-1EAEF6823235-SegmentedRaftLogWorker close()
2025-01-11 20:27:53,268 [4d3e3722-41cc-4fd9-b8c2-1e24fef1c1d7-impl-thread1] INFO  ratis.ContainerStateMachine (ContainerStateMachine.java:notifyServerShutdown(934)) - group-1EAEF6823235 is closed by HddsDatanodeService
2025-01-11 20:27:53,268 [JvmPauseMonitor11] INFO  util.JvmPauseMonitor (JvmPauseMonitor.java:run(152)) - JvmPauseMonitor-4d3e3722-41cc-4fd9-b8c2-1e24fef1c1d7: Stopped
2025-01-11 20:27:53,415 [EventQueue-StaleNodeForStaleNodeHandler] INFO  node.StaleNodeHandler (StaleNodeHandler.java:onMessage(57)) - Datanode 4d3e3722-41cc-4fd9-b8c2-1e24fef1c1d7(localhost/127.0.0.1) moved to stale state. Finalizing its pipelines [PipelineID=8ecc0186-ba86-44ee-bb2a-1eaef6823235, PipelineID=b2ce7b8c-a566-4c83-a3d0-5efe4edda995, PipelineID=d54be83b-67e1-4a10-83d2-7f1e2c34c45b, PipelineID=aace68d4-c4b2-4492-84e3-88e630917d1b, PipelineID=083a2687-d55b-410f-9ba7-0259ca4fb242, PipelineID=fc4cc5f0-121d-48a3-95c3-64747df32b0a, PipelineID=e025fa64-434f-4ce2-9c52-034ee45c8151]
2025-01-11 20:27:53,421 [EventQueue-StaleNodeForStaleNodeHandler] INFO  pipeline.PipelineManagerImpl (PipelineManagerImpl.java:closePipeline(518)) - Pipeline PipelineID=b2ce7b8c-a566-4c83-a3d0-5efe4edda995 moved to CLOSED state
2025-01-11 20:27:53,426 [EventQueue-StaleNodeForStaleNodeHandler] INFO  pipeline.PipelineManagerImpl (PipelineManagerImpl.java:closeContainersForPipeline(484)) - Container #2 closed for pipeline=PipelineID=aace68d4-c4b2-4492-84e3-88e630917d1b
2025-01-11 20:27:53,426 [EventQueue-CloseContainerForCloseContainerEventHandler] INFO  container.CloseContainerEventHandler (CloseContainerEventHandler.java:onMessage(88)) - Close container Event triggered for container : #2, current state: CLOSING
2025-01-11 20:27:53,429 [EventQueue-StaleNodeForStaleNodeHandler] INFO  pipeline.PipelineManagerImpl (PipelineManagerImpl.java:closePipeline(518)) - Pipeline PipelineID=aace68d4-c4b2-4492-84e3-88e630917d1b moved to CLOSED state
2025-01-11 20:27:53,432 [EventQueue-StaleNodeForStaleNodeHandler] INFO  pipeline.PipelineManagerImpl (PipelineManagerImpl.java:closePipeline(518)) - Pipeline PipelineID=083a2687-d55b-410f-9ba7-0259ca4fb242 moved to CLOSED state
2025-01-11 20:27:53,435 [EventQueue-StaleNodeForStaleNodeHandler] INFO  pipeline.PipelineManagerImpl (PipelineManagerImpl.java:closePipeline(518)) - Pipeline PipelineID=e025fa64-434f-4ce2-9c52-034ee45c8151 moved to CLOSED state
2025-01-11 20:27:54,917 [EventQueue-DeadNodeForDeadNodeHandler] INFO  node.DeadNodeHandler (DeadNodeHandler.java:onMessage(95)) - A dead datanode is detected. 4d3e3722-41cc-4fd9-b8c2-1e24fef1c1d7(localhost/127.0.0.1)
2025-01-11 20:27:54,919 [EventQueue-DeadNodeForDeadNodeHandler] INFO  pipeline.RatisPipelineProvider (RatisPipelineProvider.java:lambda$close$4(270)) - Send pipeline:PipelineID=8ecc0186-ba86-44ee-bb2a-1eaef6823235 close command to datanode 4d3e3722-41cc-4fd9-b8c2-1e24fef1c1d7
2025-01-11 20:27:54,922 [EventQueue-DeadNodeForDeadNodeHandler] INFO  pipeline.PipelineManagerImpl (PipelineManagerImpl.java:removePipeline(459)) - Pipeline Pipeline[ Id: 8ecc0186-ba86-44ee-bb2a-1eaef6823235, Nodes: 4d3e3722-41cc-4fd9-b8c2-1e24fef1c1d7(localhost/127.0.0.1) ReplicaIndex: 0, ReplicationConfig: RATIS/ONE, State:CLOSED, leaderId:4d3e3722-41cc-4fd9-b8c2-1e24fef1c1d7, CreationTimestamp2025-01-11T20:27:08.812Z[Etc/UTC]] removed.
2025-01-11 20:27:54,922 [EventQueue-DeadNodeForDeadNodeHandler] INFO  pipeline.RatisPipelineProvider (RatisPipelineProvider.java:lambda$close$4(270)) - Send pipeline:PipelineID=b2ce7b8c-a566-4c83-a3d0-5efe4edda995 close command to datanode 4d3e3722-41cc-4fd9-b8c2-1e24fef1c1d7
2025-01-11 20:27:54,923 [EventQueue-DeadNodeForDeadNodeHandler] INFO  pipeline.RatisPipelineProvider (RatisPipelineProvider.java:lambda$close$4(270)) - Send pipeline:PipelineID=b2ce7b8c-a566-4c83-a3d0-5efe4edda995 close command to datanode eca5a246-1f8f-493f-b50d-7eee1f2fec76
2025-01-11 20:27:54,923 [EventQueue-DeadNodeForDeadNodeHandler] INFO  pipeline.RatisPipelineProvider (RatisPipelineProvider.java:lambda$close$4(270)) - Send pipeline:PipelineID=b2ce7b8c-a566-4c83-a3d0-5efe4edda995 close command to datanode 751e45cc-852a-454f-97c8-e80f2befe6f4
2025-01-11 20:27:54,929 [EventQueue-DeadNodeForDeadNodeHandler] INFO  pipeline.PipelineManagerImpl (PipelineManagerImpl.java:removePipeline(459)) - Pipeline Pipeline[ Id: b2ce7b8c-a566-4c83-a3d0-5efe4edda995, Nodes: 4d3e3722-41cc-4fd9-b8c2-1e24fef1c1d7(localhost/127.0.0.1) ReplicaIndex: 0eca5a246-1f8f-493f-b50d-7eee1f2fec76(localhost/127.0.0.1) ReplicaIndex: 0751e45cc-852a-454f-97c8-e80f2befe6f4(localhost/127.0.0.1) ReplicaIndex: 0, ReplicationConfig: RATIS/THREE, State:CLOSED, leaderId:4d3e3722-41cc-4fd9-b8c2-1e24fef1c1d7, CreationTimestamp2025-01-11T20:27:39.062Z[Etc/UTC]] removed.
2025-01-11 20:27:54,929 [EventQueue-DeadNodeForDeadNodeHandler] INFO  pipeline.RatisPipelineProvider (RatisPipelineProvider.java:lambda$close$4(270)) - Send pipeline:PipelineID=d54be83b-67e1-4a10-83d2-7f1e2c34c45b close command to datanode 02fc1759-725d-47af-8349-873c9c5c9167
2025-01-11 20:27:54,929 [EventQueue-DeadNodeForDeadNodeHandler] INFO  pipeline.RatisPipelineProvider (RatisPipelineProvider.java:lambda$close$4(270)) - Send pipeline:PipelineID=d54be83b-67e1-4a10-83d2-7f1e2c34c45b close command to datanode 4d3e3722-41cc-4fd9-b8c2-1e24fef1c1d7
2025-01-11 20:27:54,929 [EventQueue-DeadNodeForDeadNodeHandler] INFO  pipeline.RatisPipelineProvider (RatisPipelineProvider.java:lambda$close$4(270)) - Send pipeline:PipelineID=d54be83b-67e1-4a10-83d2-7f1e2c34c45b close command to datanode 3296053d-9d54-4057-a6a8-67c4b6ec6587
2025-01-11 20:27:54,931 [EventQueue-DeadNodeForDeadNodeHandler] INFO  pipeline.PipelineManagerImpl (PipelineManagerImpl.java:removePipeline(459)) - Pipeline Pipeline[ Id: d54be83b-67e1-4a10-83d2-7f1e2c34c45b, Nodes: 02fc1759-725d-47af-8349-873c9c5c9167(localhost/127.0.0.1) ReplicaIndex: 04d3e3722-41cc-4fd9-b8c2-1e24fef1c1d7(localhost/127.0.0.1) ReplicaIndex: 03296053d-9d54-4057-a6a8-67c4b6ec6587(localhost/127.0.0.1) ReplicaIndex: 0, ReplicationConfig: RATIS/THREE, State:CLOSED, leaderId:4d3e3722-41cc-4fd9-b8c2-1e24fef1c1d7, CreationTimestamp2025-01-11T20:27:09.006Z[Etc/UTC]] removed.
2025-01-11 20:27:54,933 [EventQueue-DeadNodeForDeadNodeHandler] INFO  pipeline.PipelineManagerImpl (PipelineManagerImpl.java:removePipeline(459)) - Pipeline Pipeline[ Id: aace68d4-c4b2-4492-84e3-88e630917d1b, Nodes: 4d3e3722-41cc-4fd9-b8c2-1e24fef1c1d7(localhost/127.0.0.1) ReplicaIndex: 126f755b0-b4b1-4239-8401-e418fca9ef4b(localhost/127.0.0.1) ReplicaIndex: 2b6b79d51-52d7-4711-a690-06a51533978a(localhost/127.0.0.1) ReplicaIndex: 34b5ea8a3-88a5-4114-908f-7a85f39bc1cb(localhost/127.0.0.1) ReplicaIndex: 4ac32094a-198b-4072-99dd-552311e88daf(localhost/127.0.0.1) ReplicaIndex: 5, ReplicationConfig: EC{rs-3-2-1024k}, State:CLOSED, leaderId:, CreationTimestamp2025-01-11T20:27:51.347Z[Etc/UTC]] removed.
2025-01-11 20:27:54,933 [EventQueue-DeadNodeForDeadNodeHandler] INFO  pipeline.RatisPipelineProvider (RatisPipelineProvider.java:lambda$close$4(270)) - Send pipeline:PipelineID=083a2687-d55b-410f-9ba7-0259ca4fb242 close command to datanode 79978ed1-1a5c-4832-b584-9e2d85f03cd7
2025-01-11 20:27:54,933 [EventQueue-DeadNodeForDeadNodeHandler] INFO  pipeline.RatisPipelineProvider (RatisPipelineProvider.java:lambda$close$4(270)) - Send pipeline:PipelineID=083a2687-d55b-410f-9ba7-0259ca4fb242 close command to datanode ac32094a-198b-4072-99dd-552311e88daf
2025-01-11 20:27:54,934 [EventQueue-DeadNodeForDeadNodeHandler] INFO  pipeline.RatisPipelineProvider (RatisPipelineProvider.java:lambda$close$4(270)) - Send pipeline:PipelineID=083a2687-d55b-410f-9ba7-0259ca4fb242 close command to datanode 4d3e3722-41cc-4fd9-b8c2-1e24fef1c1d7
2025-01-11 20:27:54,935 [EventQueue-DeadNodeForDeadNodeHandler] INFO  pipeline.PipelineManagerImpl (PipelineManagerImpl.java:removePipeline(459)) - Pipeline Pipeline[ Id: 083a2687-d55b-410f-9ba7-0259ca4fb242, Nodes: 79978ed1-1a5c-4832-b584-9e2d85f03cd7(localhost/127.0.0.1) ReplicaIndex: 0ac32094a-198b-4072-99dd-552311e88daf(localhost/127.0.0.1) ReplicaIndex: 04d3e3722-41cc-4fd9-b8c2-1e24fef1c1d7(localhost/127.0.0.1) ReplicaIndex: 0, ReplicationConfig: RATIS/THREE, State:CLOSED, leaderId:79978ed1-1a5c-4832-b584-9e2d85f03cd7, CreationTimestamp2025-01-11T20:27:11.225Z[Etc/UTC]] removed.
2025-01-11 20:27:54,936 [EventQueue-DeadNodeForDeadNodeHandler] INFO  pipeline.RatisPipelineProvider (RatisPipelineProvider.java:lambda$close$4(270)) - Send pipeline:PipelineID=fc4cc5f0-121d-48a3-95c3-64747df32b0a close command to datanode b6b79d51-52d7-4711-a690-06a51533978a
2025-01-11 20:27:54,936 [EventQueue-DeadNodeForDeadNodeHandler] INFO  pipeline.RatisPipelineProvider (RatisPipelineProvider.java:lambda$close$4(270)) - Send pipeline:PipelineID=fc4cc5f0-121d-48a3-95c3-64747df32b0a close command to datanode 751e45cc-852a-454f-97c8-e80f2befe6f4
2025-01-11 20:27:54,936 [EventQueue-DeadNodeForDeadNodeHandler] INFO  pipeline.RatisPipelineProvider (RatisPipelineProvider.java:lambda$close$4(270)) - Send pipeline:PipelineID=fc4cc5f0-121d-48a3-95c3-64747df32b0a close command to datanode 4d3e3722-41cc-4fd9-b8c2-1e24fef1c1d7
2025-01-11 20:27:54,938 [EventQueue-DeadNodeForDeadNodeHandler] INFO  pipeline.PipelineManagerImpl (PipelineManagerImpl.java:removePipeline(459)) - Pipeline Pipeline[ Id: fc4cc5f0-121d-48a3-95c3-64747df32b0a, Nodes: b6b79d51-52d7-4711-a690-06a51533978a(localhost/127.0.0.1) ReplicaIndex: 0751e45cc-852a-454f-97c8-e80f2befe6f4(localhost/127.0.0.1) ReplicaIndex: 04d3e3722-41cc-4fd9-b8c2-1e24fef1c1d7(localhost/127.0.0.1) ReplicaIndex: 0, ReplicationConfig: RATIS/THREE, State:CLOSED, leaderId:751e45cc-852a-454f-97c8-e80f2befe6f4, CreationTimestamp2025-01-11T20:27:10.215Z[Etc/UTC]] removed.
2025-01-11 20:27:54,938 [EventQueue-DeadNodeForDeadNodeHandler] INFO  pipeline.RatisPipelineProvider (RatisPipelineProvider.java:lambda$close$4(270)) - Send pipeline:PipelineID=e025fa64-434f-4ce2-9c52-034ee45c8151 close command to datanode 4d3e3722-41cc-4fd9-b8c2-1e24fef1c1d7
2025-01-11 20:27:54,939 [EventQueue-DeadNodeForDeadNodeHandler] INFO  pipeline.PipelineManagerImpl (PipelineManagerImpl.java:removePipeline(459)) - Pipeline Pipeline[ Id: e025fa64-434f-4ce2-9c52-034ee45c8151, Nodes: 4d3e3722-41cc-4fd9-b8c2-1e24fef1c1d7(localhost/127.0.0.1) ReplicaIndex: 0, ReplicationConfig: RATIS/ONE, State:CLOSED, leaderId:4d3e3722-41cc-4fd9-b8c2-1e24fef1c1d7, CreationTimestamp2025-01-11T20:27:11.011Z[Etc/UTC]] removed.
2025-01-11 20:27:54,940 [EventQueue-DeadNodeForDeadNodeHandler] INFO  node.DeadNodeHandler (DeadNodeHandler.java:onMessage(108)) - Clearing command queue of size 7 for DN 4d3e3722-41cc-4fd9-b8c2-1e24fef1c1d7(localhost/127.0.0.1)
2025-01-11 20:27:54,940 [EventQueue-DeadNodeForDeadNodeHandler] INFO  net.NetworkTopologyImpl (NetworkTopologyImpl.java:remove(212)) - Removed a node: /default-rack/4d3e3722-41cc-4fd9-b8c2-1e24fef1c1d7
2025-01-11 20:27:55,278 [main] INFO  utils.DatanodeStoreCache (DatanodeStoreCache.java:shutdownCache(116)) - Skip clearing cache in mini cluster mode. Entries left: [/home/runner/work/ozone/ozone/hadoop-ozone/integration-test/target/test-dir/MiniOzoneClusterImpl-19e1eff0-706f-497d-806e-bf7d4c525004/ozone-meta/datanode-1/data-0/hdds/19e1eff0-706f-497d-806e-bf7d4c525004/DS-e1e08d28-f047-4f10-84ea-25c0aef230bf/container.db, /home/runner/work/ozone/ozone/hadoop-ozone/integration-test/target/test-dir/MiniOzoneClusterImpl-19e1eff0-706f-497d-806e-bf7d4c525004/ozone-meta/datanode-10/data-0/hdds/19e1eff0-706f-497d-806e-bf7d4c525004/DS-e0c569a6-7d44-4224-a51a-661d294f3d62/container.db, /home/runner/work/ozone/ozone/hadoop-ozone/integration-test/target/test-dir/MiniOzoneClusterImpl-19e1eff0-706f-497d-806e-bf7d4c525004/ozone-meta/datanode-2/data-0/hdds/19e1eff0-706f-497d-806e-bf7d4c525004/DS-a9b02fd6-163f-4afb-ba89-742ccbe0a81b/container.db, /home/runner/work/ozone/ozone/hadoop-ozone/integration-test/target/test-dir/MiniOzoneClusterImpl-19e1eff0-706f-497d-806e-bf7d4c525004/ozone-meta/datanode-3/data-0/hdds/19e1eff0-706f-497d-806e-bf7d4c525004/DS-b53a355b-3471-4fec-8adb-103fb376c54d/container.db, /home/runner/work/ozone/ozone/hadoop-ozone/integration-test/target/test-dir/MiniOzoneClusterImpl-19e1eff0-706f-497d-806e-bf7d4c525004/ozone-meta/datanode-4/data-0/hdds/19e1eff0-706f-497d-806e-bf7d4c525004/DS-77167c2c-63a9-4505-8460-e4c8c9294a47/container.db, /home/runner/work/ozone/ozone/hadoop-ozone/integration-test/target/test-dir/MiniOzoneClusterImpl-19e1eff0-706f-497d-806e-bf7d4c525004/ozone-meta/datanode-5/data-0/hdds/19e1eff0-706f-497d-806e-bf7d4c525004/DS-df9ca512-faf3-4d29-ba4d-b48feb6212b4/container.db, /home/runner/work/ozone/ozone/hadoop-ozone/integration-test/target/test-dir/MiniOzoneClusterImpl-19e1eff0-706f-497d-806e-bf7d4c525004/ozone-meta/datanode-6/data-0/hdds/19e1eff0-706f-497d-806e-bf7d4c525004/DS-596336b8-98be-4f63-8a88-9f41ddc0db05/container.db, /home/runner/work/ozone/ozone/hadoop-ozone/integration-test/target/test-dir/MiniOzoneClusterImpl-19e1eff0-706f-497d-806e-bf7d4c525004/ozone-meta/datanode-7/data-0/hdds/19e1eff0-706f-497d-806e-bf7d4c525004/DS-f8e75883-2632-4c94-bd7c-ef72a7680c85/container.db, /home/runner/work/ozone/ozone/hadoop-ozone/integration-test/target/test-dir/MiniOzoneClusterImpl-19e1eff0-706f-497d-806e-bf7d4c525004/ozone-meta/datanode-8/data-0/hdds/19e1eff0-706f-497d-806e-bf7d4c525004/DS-c5b4895d-7fff-458e-88de-245cee8a5007/container.db, /home/runner/work/ozone/ozone/hadoop-ozone/integration-test/target/test-dir/MiniOzoneClusterImpl-19e1eff0-706f-497d-806e-bf7d4c525004/ozone-meta/datanode-9/data-0/hdds/19e1eff0-706f-497d-806e-bf7d4c525004/DS-8ef07919-707e-4c49-9982-be85a6878e13/container.db]
2025-01-11 20:27:55,280 [main] INFO  utils.DatanodeStoreCache (DatanodeStoreCache.java:removeDB(110)) - Removed db /home/runner/work/ozone/ozone/hadoop-ozone/integration-test/target/test-dir/MiniOzoneClusterImpl-19e1eff0-706f-497d-806e-bf7d4c525004/ozone-meta/datanode-9/data-0/hdds/19e1eff0-706f-497d-806e-bf7d4c525004/DS-8ef07919-707e-4c49-9982-be85a6878e13/container.db from cache
2025-01-11 20:27:55,280 [main] INFO  volume.HddsVolume (HddsVolume.java:closeDbStore(480)) - SchemaV3 db is stopped at /home/runner/work/ozone/ozone/hadoop-ozone/integration-test/target/test-dir/MiniOzoneClusterImpl-19e1eff0-706f-497d-806e-bf7d4c525004/ozone-meta/datanode-9/data-0/hdds/19e1eff0-706f-497d-806e-bf7d4c525004/DS-8ef07919-707e-4c49-9982-be85a6878e13/container.db for volume DS-8ef07919-707e-4c49-9982-be85a6878e13
2025-01-11 20:27:55,280 [main] INFO  utils.BackgroundService (BackgroundService.java:shutdown(163)) - Shutting down service BlockDeletingService
2025-01-11 20:27:55,283 [main] INFO  utils.BackgroundService (BackgroundService.java:shutdown(163)) - Shutting down service StaleRecoveringContainerScrubbingService
2025-01-11 20:27:55,286 [main] INFO  statemachine.DatanodeStateMachine (DatanodeStateMachine.java:stopDaemon(626)) - Ozone container server stopped.
2025-01-11 20:27:55,307 [main] INFO  handler.ContextHandler (ContextHandler.java:doStop(1159)) - Stopped o.e.j.w.WebAppContext@3922c5bc{hddsDatanode,/,null,STOPPED}{jar:file:/home/runner/work/ozone/ozone/hadoop-hdds/container-service/target/hdds-container-service-2.0.0-SNAPSHOT.jar!/webapps/hddsDatanode}
2025-01-11 20:27:55,308 [main] INFO  server.AbstractConnector (AbstractConnector.java:doStop(383)) - Stopped ServerConnector@41285940{HTTP/1.1, (http/1.1)}{0.0.0.0:15083}
2025-01-11 20:27:55,309 [main] INFO  server.session (HouseKeeper.java:stopScavenging(149)) - node0 Stopped scavenging
2025-01-11 20:27:55,310 [main] INFO  handler.ContextHandler (ContextHandler.java:doStop(1159)) - Stopped o.e.j.s.ServletContextHandler@e328d88{static,/static,jar:file:/home/runner/work/ozone/ozone/hadoop-hdds/container-service/target/hdds-container-service-2.0.0-SNAPSHOT.jar!/webapps/static,STOPPED}
2025-01-11 20:27:55,311 [main] INFO  handler.ContextHandler (ContextHandler.java:doStop(1159)) - Stopped o.e.j.s.ServletContextHandler@5e493feb{logs,/logs,file:///home/runner/work/ozone/ozone/hadoop-ozone/integration-test/target/log,STOPPED}
2025-01-11 20:27:55,312 [main] INFO  ozone.HddsDatanodeClientProtocolServer (HddsDatanodeClientProtocolServer.java:stop(85)) - Stopping the RPC server for Client Protocol
2025-01-11 20:27:55,312 [main] INFO  ipc.Server (Server.java:stop(3697)) - Stopping server on 15084
2025-01-11 20:27:55,322 [IPC Server listener on 15084] INFO  ipc.Server (Server.java:run(1585)) - Stopping IPC Server listener on 15084
2025-01-11 20:27:55,322 [IPC Server Responder] INFO  ipc.Server (Server.java:run(1718)) - Stopping IPC Server Responder
2025-01-11 20:27:55,394 [26f755b0-b4b1-4239-8401-e418fca9ef4b-CloseContainerThread-1] INFO  keyvalue.KeyValueContainer (KeyValueContainer.java:flushAndSyncDB(529)) - Container 2 is synced with bcsId 0.
2025-01-11 20:27:55,395 [26f755b0-b4b1-4239-8401-e418fca9ef4b-CloseContainerThread-1] INFO  keyvalue.KeyValueContainer (KeyValueContainer.java:flushAndSyncDB(529)) - Container 2 is synced with bcsId 0.
2025-01-11 20:27:55,415 [26f755b0-b4b1-4239-8401-e418fca9ef4b-CloseContainerThread-1] INFO  keyvalue.KeyValueContainer (KeyValueContainer.java:close(444)) - Container 2 is closed with bcsId 0.
2025-01-11 20:27:55,425 [b6b79d51-52d7-4711-a690-06a51533978a-PipelineCommandHandlerThread-0] WARN  commandhandler.ClosePipelineCommandHandler (ClosePipelineCommandHandler.java:lambda$handle$1(137)) - Failed to remove group group-64747DF32B0A of pipeline PipelineID=fc4cc5f0-121d-48a3-95c3-64747df32b0a on peer 4d3e3722-41cc-4fd9-b8c2-1e24fef1c1d7
java.io.IOException: org.apache.ratis.thirdparty.io.grpc.StatusRuntimeException: UNAVAILABLE: io exception
	at org.apache.ratis.grpc.GrpcUtil.unwrapException(GrpcUtil.java:99)
	at org.apache.ratis.grpc.client.GrpcClientProtocolClient.blockingCall(GrpcClientProtocolClient.java:226)
	at org.apache.ratis.grpc.client.GrpcClientProtocolClient.groupAdd(GrpcClientProtocolClient.java:173)
	at org.apache.ratis.grpc.client.GrpcClientRpc.sendRequest(GrpcClientRpc.java:98)
	at org.apache.ratis.client.impl.BlockingImpl.sendRequest(BlockingImpl.java:147)
	at org.apache.ratis.client.impl.BlockingImpl.sendRequestWithRetry(BlockingImpl.java:109)
	at org.apache.ratis.client.impl.GroupManagementImpl.remove(GroupManagementImpl.java:61)
	at org.apache.hadoop.ozone.container.common.statemachine.commandhandler.ClosePipelineCommandHandler.lambda$handle$1(ClosePipelineCommandHandler.java:129)
	at java.base/java.util.stream.ForEachOps$ForEachOp$OfRef.accept(ForEachOps.java:184)
	at java.base/java.util.stream.ReferencePipeline$2$1.accept(ReferencePipeline.java:179)
	at java.base/java.util.HashMap$ValueSpliterator.forEachRemaining(HashMap.java:1787)
	at java.base/java.util.stream.AbstractPipeline.copyInto(AbstractPipeline.java:509)
	at java.base/java.util.stream.AbstractPipeline.wrapAndCopyInto(AbstractPipeline.java:499)
	at java.base/java.util.stream.ForEachOps$ForEachOp.evaluateSequential(ForEachOps.java:151)
	at java.base/java.util.stream.ForEachOps$ForEachOp$OfRef.evaluateSequential(ForEachOps.java:174)
	at java.base/java.util.stream.AbstractPipeline.evaluate(AbstractPipeline.java:234)
	at java.base/java.util.stream.ReferencePipeline.forEach(ReferencePipeline.java:596)
	at org.apache.hadoop.ozone.container.common.statemachine.commandhandler.ClosePipelineCommandHandler.lambda$handle$2(ClosePipelineCommandHandler.java:126)
	at java.base/java.util.concurrent.CompletableFuture$AsyncRun.run(CompletableFuture.java:1804)
	at java.base/java.util.concurrent.ThreadPoolExecutor.runWorker(ThreadPoolExecutor.java:1144)
	at java.base/java.util.concurrent.ThreadPoolExecutor$Worker.run(ThreadPoolExecutor.java:642)
	at java.base/java.lang.Thread.run(Thread.java:1583)
Caused by: org.apache.ratis.thirdparty.io.grpc.StatusRuntimeException: UNAVAILABLE: io exception
	at org.apache.ratis.thirdparty.io.grpc.stub.ClientCalls.toStatusRuntimeException(ClientCalls.java:268)
	at org.apache.ratis.thirdparty.io.grpc.stub.ClientCalls.getUnchecked(ClientCalls.java:249)
	at org.apache.ratis.thirdparty.io.grpc.stub.ClientCalls.blockingUnaryCall(ClientCalls.java:167)
	at org.apache.ratis.proto.grpc.AdminProtocolServiceGrpc$AdminProtocolServiceBlockingStub.groupManagement(AdminProtocolServiceGrpc.java:468)
	at org.apache.ratis.grpc.client.GrpcClientProtocolClient.lambda$groupAdd$6(GrpcClientProtocolClient.java:175)
	at org.apache.ratis.grpc.client.GrpcClientProtocolClient.blockingCall(GrpcClientProtocolClient.java:224)
	... 20 more
Caused by: org.apache.ratis.thirdparty.io.netty.channel.AbstractChannel$AnnotatedConnectException: finishConnect(..) failed: Connection refused: /127.0.0.1:15087
Caused by: java.net.ConnectException: finishConnect(..) failed: Connection refused
	at org.apache.ratis.thirdparty.io.netty.channel.unix.Errors.newConnectException0(Errors.java:166)
	at org.apache.ratis.thirdparty.io.netty.channel.unix.Errors.handleConnectErrno(Errors.java:131)
	at org.apache.ratis.thirdparty.io.netty.channel.unix.Socket.finishConnect(Socket.java:359)
	at org.apache.ratis.thirdparty.io.netty.channel.epoll.AbstractEpollChannel$AbstractEpollUnsafe.doFinishConnect(AbstractEpollChannel.java:715)
	at org.apache.ratis.thirdparty.io.netty.channel.epoll.AbstractEpollChannel$AbstractEpollUnsafe.finishConnect(AbstractEpollChannel.java:692)
	at org.apache.ratis.thirdparty.io.netty.channel.epoll.AbstractEpollChannel$AbstractEpollUnsafe.epollOutReady(AbstractEpollChannel.java:567)
	at org.apache.ratis.thirdparty.io.netty.channel.epoll.EpollEventLoop.processReady(EpollEventLoop.java:491)
	at org.apache.ratis.thirdparty.io.netty.channel.epoll.EpollEventLoop.run(EpollEventLoop.java:399)
	at org.apache.ratis.thirdparty.io.netty.util.concurrent.SingleThreadEventExecutor$4.run(SingleThreadEventExecutor.java:997)
	at org.apache.ratis.thirdparty.io.netty.util.internal.ThreadExecutorMap$2.run(ThreadExecutorMap.java:74)
	at org.apache.ratis.thirdparty.io.netty.util.concurrent.FastThreadLocalRunnable.run(FastThreadLocalRunnable.java:30)
	at java.base/java.lang.Thread.run(Thread.java:1583)
2025-01-11 20:27:55,428 [b6b79d51-52d7-4711-a690-06a51533978a-CloseContainerThread-0] INFO  keyvalue.KeyValueContainer (KeyValueContainer.java:flushAndSyncDB(529)) - Container 2 is synced with bcsId 0.
2025-01-11 20:27:55,428 [b6b79d51-52d7-4711-a690-06a51533978a-CloseContainerThread-0] INFO  keyvalue.KeyValueContainer (KeyValueContainer.java:flushAndSyncDB(529)) - Container 2 is synced with bcsId 0.
2025-01-11 20:27:55,436 [grpc-default-executor-5] INFO  server.RaftServer (RaftServerProxy.java:remove(111)) - 751e45cc-852a-454f-97c8-e80f2befe6f4: remove    LEADER 751e45cc-852a-454f-97c8-e80f2befe6f4@group-64747DF32B0A:t1, leader=751e45cc-852a-454f-97c8-e80f2befe6f4, voted=751e45cc-852a-454f-97c8-e80f2befe6f4, raftlog=Memoized:751e45cc-852a-454f-97c8-e80f2befe6f4@group-64747DF32B0A-SegmentedRaftLog:OPENED:c0:last(t:1, i:0), conf=conf: {index: 0, cur=peers:[b6b79d51-52d7-4711-a690-06a51533978a|127.0.0.1:15052, 4d3e3722-41cc-4fd9-b8c2-1e24fef1c1d7|127.0.0.1:15088, 751e45cc-852a-454f-97c8-e80f2befe6f4|127.0.0.1:15061]|listeners:[], old=null} RUNNING
2025-01-11 20:27:55,436 [grpc-default-executor-5] INFO  server.RaftServer$Division (RaftServerImpl.java:lambda$close$1(513)) - 751e45cc-852a-454f-97c8-e80f2befe6f4@group-64747DF32B0A: shutdown
2025-01-11 20:27:55,436 [grpc-default-executor-5] INFO  util.JmxRegister (JmxRegister.java:unregister(74)) - Successfully un-registered JMX Bean with object name Ratis:service=RaftServer,group=group-64747DF32B0A,id=751e45cc-852a-454f-97c8-e80f2befe6f4
2025-01-11 20:27:55,437 [grpc-default-executor-5] INFO  impl.RoleInfo (RoleInfo.java:shutdownLeaderState(103)) - 751e45cc-852a-454f-97c8-e80f2befe6f4: shutdown 751e45cc-852a-454f-97c8-e80f2befe6f4@group-64747DF32B0A-LeaderStateImpl
2025-01-11 20:27:55,437 [grpc-default-executor-5] INFO  impl.PendingRequests (PendingRequests.java:sendNotLeaderResponses(287)) - 751e45cc-852a-454f-97c8-e80f2befe6f4@group-64747DF32B0A-PendingRequests: sendNotLeaderResponses
2025-01-11 20:27:55,437 [751e45cc-852a-454f-97c8-e80f2befe6f4@group-64747DF32B0A->b6b79d51-52d7-4711-a690-06a51533978a-GrpcLogAppender-LogAppenderDaemon] WARN  server.GrpcLogAppender (GrpcLogAppender.java:mayWait(293)) - 751e45cc-852a-454f-97c8-e80f2befe6f4@group-64747DF32B0A->b6b79d51-52d7-4711-a690-06a51533978a-GrpcLogAppender: Wait interrupted by java.lang.InterruptedException
2025-01-11 20:27:55,437 [eca5a246-1f8f-493f-b50d-7eee1f2fec76@group-5EFE4EDDA995-FollowerState] INFO  impl.FollowerState (FollowerState.java:runImpl(161)) - eca5a246-1f8f-493f-b50d-7eee1f2fec76@group-5EFE4EDDA995-FollowerState: change to CANDIDATE, lastRpcElapsedTime:5235590113ns, electionTimeout:5102ms
2025-01-11 20:27:55,437 [eca5a246-1f8f-493f-b50d-7eee1f2fec76@group-5EFE4EDDA995-FollowerState] INFO  impl.RoleInfo (RoleInfo.java:shutdownFollowerState(121)) - eca5a246-1f8f-493f-b50d-7eee1f2fec76: shutdown eca5a246-1f8f-493f-b50d-7eee1f2fec76@group-5EFE4EDDA995-FollowerState
2025-01-11 20:27:55,437 [eca5a246-1f8f-493f-b50d-7eee1f2fec76@group-5EFE4EDDA995-FollowerState] INFO  server.RaftServer$Division (RaftServerImpl.java:setRole(378)) - eca5a246-1f8f-493f-b50d-7eee1f2fec76@group-5EFE4EDDA995: changes role from  FOLLOWER to CANDIDATE at term 1 for changeToCandidate
2025-01-11 20:27:55,437 [eca5a246-1f8f-493f-b50d-7eee1f2fec76@group-5EFE4EDDA995-FollowerState] INFO  server.RaftServerConfigKeys (ConfUtils.java:logGet(46)) - raft.server.leaderelection.pre-vote = true (default)
2025-01-11 20:27:55,438 [eca5a246-1f8f-493f-b50d-7eee1f2fec76@group-5EFE4EDDA995-FollowerState] INFO  impl.RoleInfo (RoleInfo.java:updateAndGet(148)) - eca5a246-1f8f-493f-b50d-7eee1f2fec76: start eca5a246-1f8f-493f-b50d-7eee1f2fec76@group-5EFE4EDDA995-LeaderElection66
2025-01-11 20:27:55,438 [b6b79d51-52d7-4711-a690-06a51533978a-CloseContainerThread-0] INFO  keyvalue.KeyValueContainer (KeyValueContainer.java:close(444)) - Container 2 is closed with bcsId 0.
2025-01-11 20:27:55,439 [751e45cc-852a-454f-97c8-e80f2befe6f4@group-64747DF32B0A->4d3e3722-41cc-4fd9-b8c2-1e24fef1c1d7-GrpcLogAppender-LogAppenderDaemon] WARN  server.GrpcLogAppender (GrpcLogAppender.java:mayWait(293)) - 751e45cc-852a-454f-97c8-e80f2befe6f4@group-64747DF32B0A->4d3e3722-41cc-4fd9-b8c2-1e24fef1c1d7-GrpcLogAppender: Wait interrupted by java.lang.InterruptedException
2025-01-11 20:27:55,439 [grpc-default-executor-0] INFO  server.GrpcServerProtocolService (GrpcServerProtocolService.java:onCompleted(157)) - b6b79d51-52d7-4711-a690-06a51533978a: Completed APPEND_ENTRIES, lastRequest: null
2025-01-11 20:27:55,440 [grpc-default-executor-0] INFO  server.GrpcServerProtocolService (GrpcServerProtocolService.java:lambda$onCompleted$5(159)) - b6b79d51-52d7-4711-a690-06a51533978a: Completed APPEND_ENTRIES, lastReply: serverReply {
  requestorId: "751e45cc-852a-454f-97c8-e80f2befe6f4"
  replyId: "b6b79d51-52d7-4711-a690-06a51533978a"
  raftGroupId {
    id: "\374L\305\360\022\035H\243\225\303dt}\363+\n"
  }
  callId: 17
  success: true
}
term: 1
nextIndex: 1
matchIndex: 18446744073709551615
isHearbeat: true

2025-01-11 20:27:55,440 [grpc-default-executor-11] INFO  server.GrpcServerProtocolService (GrpcServerProtocolService.java:onCompleted(157)) - b6b79d51-52d7-4711-a690-06a51533978a: Completed APPEND_ENTRIES, lastRequest: 751e45cc-852a-454f-97c8-e80f2befe6f4->b6b79d51-52d7-4711-a690-06a51533978a#1-t1,previous=(t:0, i:0),leaderCommit=-1,initializing? false,entries: size=1, first=(t:1, i:0), CONFIGURATIONENTRY(current:id:"b6b79d51-52d7-4711-a690-06a51533978a"address:"127.0.0.1:15052"dataStreamAddress:"127.0.0.1:15053"clientAddress:"127.0.0.1:15050"adminAddress:"127.0.0.1:15051"startupRole:FOLLOWER, id:"4d3e3722-41cc-4fd9-b8c2-1e24fef1c1d7"address:"127.0.0.1:15088"dataStreamAddress:"127.0.0.1:15089"clientAddress:"127.0.0.1:15086"adminAddress:"127.0.0.1:15087"startupRole:FOLLOWER, id:"751e45cc-852a-454f-97c8-e80f2befe6f4"address:"127.0.0.1:15061"priority:1dataStreamAddress:"127.0.0.1:15062"clientAddress:"127.0.0.1:15059"adminAddress:"127.0.0.1:15060"startupRole:FOLLOWER, old:)
2025-01-11 20:27:55,440 [grpc-default-executor-11] INFO  server.GrpcServerProtocolService (GrpcServerProtocolService.java:lambda$onCompleted$5(159)) - b6b79d51-52d7-4711-a690-06a51533978a: Completed APPEND_ENTRIES, lastReply: null
2025-01-11 20:27:55,440 [grpc-default-executor-11] INFO  server.GrpcLogAppender (GrpcLogAppender.java:onCompleted(550)) - 751e45cc-852a-454f-97c8-e80f2befe6f4@group-64747DF32B0A->b6b79d51-52d7-4711-a690-06a51533978a-AppendLogResponseHandler: follower responses appendEntries COMPLETED
2025-01-11 20:27:55,441 [grpc-default-executor-0] INFO  server.GrpcLogAppender (GrpcLogAppender.java:onCompleted(550)) - 751e45cc-852a-454f-97c8-e80f2befe6f4@group-64747DF32B0A->b6b79d51-52d7-4711-a690-06a51533978a-AppendLogResponseHandler: follower responses appendEntries COMPLETED
2025-01-11 20:27:55,442 [751e45cc-852a-454f-97c8-e80f2befe6f4@group-64747DF32B0A-StateMachineUpdater] INFO  ratis.ContainerStateMachine (ContainerStateMachine.java:takeSnapshot(378)) - group-64747DF32B0A: Taking a snapshot at:(t:1, i:0) file /home/runner/work/ozone/ozone/hadoop-ozone/integration-test/target/test-dir/MiniOzoneClusterImpl-19e1eff0-706f-497d-806e-bf7d4c525004/ozone-meta/datanode-6/ratis/fc4cc5f0-121d-48a3-95c3-64747df32b0a/sm/snapshot.1_0
2025-01-11 20:27:55,442 [grpc-default-executor-5] INFO  impl.StateMachineUpdater (StateMachineUpdater.java:stopAndJoin(164)) - 751e45cc-852a-454f-97c8-e80f2befe6f4@group-64747DF32B0A-StateMachineUpdater: set stopIndex = 0
2025-01-11 20:27:55,443 [751e45cc-852a-454f-97c8-e80f2befe6f4@group-64747DF32B0A-StateMachineUpdater] INFO  ratis.ContainerStateMachine (ContainerStateMachine.java:takeSnapshot(389)) - group-64747DF32B0A: Finished taking a snapshot at:(t:1, i:0) file:/home/runner/work/ozone/ozone/hadoop-ozone/integration-test/target/test-dir/MiniOzoneClusterImpl-19e1eff0-706f-497d-806e-bf7d4c525004/ozone-meta/datanode-6/ratis/fc4cc5f0-121d-48a3-95c3-64747df32b0a/sm/snapshot.1_0 took: 1 ms
2025-01-11 20:27:55,443 [751e45cc-852a-454f-97c8-e80f2befe6f4@group-64747DF32B0A-StateMachineUpdater] INFO  impl.StateMachineUpdater (StateMachineUpdater.java:takeSnapshot(303)) - 751e45cc-852a-454f-97c8-e80f2befe6f4@group-64747DF32B0A-StateMachineUpdater: Took a snapshot at index 0
2025-01-11 20:27:55,443 [751e45cc-852a-454f-97c8-e80f2befe6f4@group-64747DF32B0A-StateMachineUpdater] INFO  impl.StateMachineUpdater (StateMachineUpdater.java:lambda$new$0(102)) - 751e45cc-852a-454f-97c8-e80f2befe6f4@group-64747DF32B0A-StateMachineUpdater: snapshotIndex: updateIncreasingly -1 -> 0
2025-01-11 20:27:55,443 [751e45cc-852a-454f-97c8-e80f2befe6f4@group-64747DF32B0A-StateMachineUpdater] INFO  impl.StateMachineUpdater (StateMachineUpdater.java:stop(141)) - 751e45cc-852a-454f-97c8-e80f2befe6f4@group-64747DF32B0A-StateMachineUpdater: closing ContainerStateMachine, lastApplied=(t:1, i:0)
2025-01-11 20:27:55,444 [751e45cc-852a-454f-97c8-e80f2befe6f4@group-64747DF32B0A-cacheEviction-AwaitToRun] INFO  util.AwaitToRun (AwaitToRun.java:run(49)) - 751e45cc-852a-454f-97c8-e80f2befe6f4@group-64747DF32B0A-cacheEviction-AwaitToRun-AwaitForSignal is interrupted
2025-01-11 20:27:55,451 [eca5a246-1f8f-493f-b50d-7eee1f2fec76@group-5EFE4EDDA995-LeaderElection66] INFO  server.RaftServer$Division (ServerState.java:setLeader(272)) - eca5a246-1f8f-493f-b50d-7eee1f2fec76@group-5EFE4EDDA995: change Leader from 4d3e3722-41cc-4fd9-b8c2-1e24fef1c1d7 to null at term 1 for PRE_VOTE
2025-01-11 20:27:55,451 [eca5a246-1f8f-493f-b50d-7eee1f2fec76@group-5EFE4EDDA995-LeaderElection66] INFO  impl.LeaderElection (LeaderElection.java:askForVotes(332)) - eca5a246-1f8f-493f-b50d-7eee1f2fec76@group-5EFE4EDDA995-LeaderElection66 PRE_VOTE round 0: submit vote requests at term 1 for conf: {index: 0, cur=peers:[4d3e3722-41cc-4fd9-b8c2-1e24fef1c1d7|127.0.0.1:15088, eca5a246-1f8f-493f-b50d-7eee1f2fec76|127.0.0.1:15070, 751e45cc-852a-454f-97c8-e80f2befe6f4|127.0.0.1:15061]|listeners:[], old=null}
2025-01-11 20:27:55,452 [eca5a246-1f8f-493f-b50d-7eee1f2fec76@group-5EFE4EDDA995-LeaderElection66-1] INFO  server.GrpcServerProtocolClient (GrpcServerProtocolClient.java:<init>(65)) - Build channel for 4d3e3722-41cc-4fd9-b8c2-1e24fef1c1d7|127.0.0.1:15088
2025-01-11 20:27:55,455 [eca5a246-1f8f-493f-b50d-7eee1f2fec76@group-5EFE4EDDA995-LeaderElection66] INFO  impl.LeaderElection (LogUtils.java:infoOrTrace(136)) - eca5a246-1f8f-493f-b50d-7eee1f2fec76@group-5EFE4EDDA995-LeaderElection66 got exception when requesting votes: java.util.concurrent.ExecutionException: org.apache.ratis.thirdparty.io.grpc.StatusRuntimeException: UNAVAILABLE: io exception
2025-01-11 20:27:55,459 [grpc-default-executor-0] INFO  server.RaftServer$Division (RaftServerImpl.java:requestVote(1407)) - 751e45cc-852a-454f-97c8-e80f2befe6f4@group-5EFE4EDDA995: receive requestVote(PRE_VOTE, eca5a246-1f8f-493f-b50d-7eee1f2fec76, group-5EFE4EDDA995, 1, (t:1, i:0))
2025-01-11 20:27:55,460 [grpc-default-executor-0] INFO  impl.VoteContext (VoteContext.java:log(49)) - 751e45cc-852a-454f-97c8-e80f2befe6f4@group-5EFE4EDDA995-FOLLOWER: accept PRE_VOTE from eca5a246-1f8f-493f-b50d-7eee1f2fec76: our priority 0 <= candidate's priority 0
2025-01-11 20:27:55,460 [grpc-default-executor-0] INFO  server.RaftServer$Division (RaftServerImpl.java:requestVote(1441)) - 751e45cc-852a-454f-97c8-e80f2befe6f4@group-5EFE4EDDA995 replies to PRE_VOTE vote request: eca5a246-1f8f-493f-b50d-7eee1f2fec76<-751e45cc-852a-454f-97c8-e80f2befe6f4#0:OK-t1. Peer's state: 751e45cc-852a-454f-97c8-e80f2befe6f4@group-5EFE4EDDA995:t1, leader=4d3e3722-41cc-4fd9-b8c2-1e24fef1c1d7, voted=4d3e3722-41cc-4fd9-b8c2-1e24fef1c1d7, raftlog=Memoized:751e45cc-852a-454f-97c8-e80f2befe6f4@group-5EFE4EDDA995-SegmentedRaftLog:OPENED:c0:last(t:1, i:0), conf=conf: {index: 0, cur=peers:[4d3e3722-41cc-4fd9-b8c2-1e24fef1c1d7|127.0.0.1:15088, eca5a246-1f8f-493f-b50d-7eee1f2fec76|127.0.0.1:15070, 751e45cc-852a-454f-97c8-e80f2befe6f4|127.0.0.1:15061]|listeners:[], old=null}
2025-01-11 20:27:55,462 [eca5a246-1f8f-493f-b50d-7eee1f2fec76@group-5EFE4EDDA995-LeaderElection66] INFO  impl.LeaderElection (LeaderElection.java:logAndReturn(90)) - eca5a246-1f8f-493f-b50d-7eee1f2fec76@group-5EFE4EDDA995-LeaderElection66: PRE_VOTE PASSED received 1 response(s) and 1 exception(s):
2025-01-11 20:27:55,462 [eca5a246-1f8f-493f-b50d-7eee1f2fec76@group-5EFE4EDDA995-LeaderElection66] INFO  impl.LeaderElection (LeaderElection.java:logAndReturn(94)) -   Response 0: eca5a246-1f8f-493f-b50d-7eee1f2fec76<-751e45cc-852a-454f-97c8-e80f2befe6f4#0:OK-t1
2025-01-11 20:27:55,462 [eca5a246-1f8f-493f-b50d-7eee1f2fec76@group-5EFE4EDDA995-LeaderElection66] INFO  impl.LeaderElection (LogUtils.java:infoOrTrace(136)) -   Exception 1: java.util.concurrent.ExecutionException: org.apache.ratis.thirdparty.io.grpc.StatusRuntimeException: UNAVAILABLE: io exception
2025-01-11 20:27:55,462 [eca5a246-1f8f-493f-b50d-7eee1f2fec76@group-5EFE4EDDA995-LeaderElection66] INFO  impl.LeaderElection (LeaderElection.java:askForVotes(334)) - eca5a246-1f8f-493f-b50d-7eee1f2fec76@group-5EFE4EDDA995-LeaderElection66 PRE_VOTE round 0: result PASSED
2025-01-11 20:27:55,465 [eca5a246-1f8f-493f-b50d-7eee1f2fec76@group-5EFE4EDDA995-LeaderElection66] INFO  impl.LeaderElection (LeaderElection.java:askForVotes(332)) - eca5a246-1f8f-493f-b50d-7eee1f2fec76@group-5EFE4EDDA995-LeaderElection66 ELECTION round 0: submit vote requests at term 2 for conf: {index: 0, cur=peers:[4d3e3722-41cc-4fd9-b8c2-1e24fef1c1d7|127.0.0.1:15088, eca5a246-1f8f-493f-b50d-7eee1f2fec76|127.0.0.1:15070, 751e45cc-852a-454f-97c8-e80f2befe6f4|127.0.0.1:15061]|listeners:[], old=null}
2025-01-11 20:27:55,468 [eca5a246-1f8f-493f-b50d-7eee1f2fec76@group-5EFE4EDDA995-LeaderElection66] INFO  impl.LeaderElection (LogUtils.java:infoOrTrace(136)) - eca5a246-1f8f-493f-b50d-7eee1f2fec76@group-5EFE4EDDA995-LeaderElection66 got exception when requesting votes: java.util.concurrent.ExecutionException: org.apache.ratis.thirdparty.io.grpc.StatusRuntimeException: UNAVAILABLE: io exception
2025-01-11 20:27:55,470 [grpc-default-executor-0] INFO  server.RaftServer$Division (RaftServerImpl.java:requestVote(1407)) - 751e45cc-852a-454f-97c8-e80f2befe6f4@group-5EFE4EDDA995: receive requestVote(ELECTION, eca5a246-1f8f-493f-b50d-7eee1f2fec76, group-5EFE4EDDA995, 2, (t:1, i:0))
2025-01-11 20:27:55,470 [grpc-default-executor-0] INFO  impl.VoteContext (VoteContext.java:log(49)) - 751e45cc-852a-454f-97c8-e80f2befe6f4@group-5EFE4EDDA995-FOLLOWER: accept ELECTION from eca5a246-1f8f-493f-b50d-7eee1f2fec76: our priority 0 <= candidate's priority 0
2025-01-11 20:27:55,470 [grpc-default-executor-0] INFO  server.RaftServer$Division (RaftServerImpl.java:setRole(378)) - 751e45cc-852a-454f-97c8-e80f2befe6f4@group-5EFE4EDDA995: changes role from  FOLLOWER to FOLLOWER at term 1 for candidate:eca5a246-1f8f-493f-b50d-7eee1f2fec76
2025-01-11 20:27:55,470 [grpc-default-executor-0] INFO  impl.RoleInfo (RoleInfo.java:shutdownFollowerState(121)) - 751e45cc-852a-454f-97c8-e80f2befe6f4: shutdown 751e45cc-852a-454f-97c8-e80f2befe6f4@group-5EFE4EDDA995-FollowerState
2025-01-11 20:27:55,470 [grpc-default-executor-0] INFO  server.RaftServer$Division (ServerState.java:setLeader(272)) - 751e45cc-852a-454f-97c8-e80f2befe6f4@group-5EFE4EDDA995: change Leader from 4d3e3722-41cc-4fd9-b8c2-1e24fef1c1d7 to null at term 2 for updateCurrentTerm
2025-01-11 20:27:55,470 [grpc-default-executor-0] INFO  impl.RoleInfo (RoleInfo.java:updateAndGet(148)) - 751e45cc-852a-454f-97c8-e80f2befe6f4: start 751e45cc-852a-454f-97c8-e80f2befe6f4@group-5EFE4EDDA995-FollowerState
2025-01-11 20:27:55,471 [751e45cc-852a-454f-97c8-e80f2befe6f4@group-5EFE4EDDA995-FollowerState] INFO  impl.FollowerState (FollowerState.java:runImpl(170)) - 751e45cc-852a-454f-97c8-e80f2befe6f4@group-5EFE4EDDA995-FollowerState was interrupted
2025-01-11 20:27:55,473 [grpc-default-executor-0] INFO  server.RaftServer$Division (RaftServerImpl.java:requestVote(1441)) - 751e45cc-852a-454f-97c8-e80f2befe6f4@group-5EFE4EDDA995 replies to ELECTION vote request: eca5a246-1f8f-493f-b50d-7eee1f2fec76<-751e45cc-852a-454f-97c8-e80f2befe6f4#0:OK-t2. Peer's state: 751e45cc-852a-454f-97c8-e80f2befe6f4@group-5EFE4EDDA995:t2, leader=null, voted=eca5a246-1f8f-493f-b50d-7eee1f2fec76, raftlog=Memoized:751e45cc-852a-454f-97c8-e80f2befe6f4@group-5EFE4EDDA995-SegmentedRaftLog:OPENED:c0:last(t:1, i:0), conf=conf: {index: 0, cur=peers:[4d3e3722-41cc-4fd9-b8c2-1e24fef1c1d7|127.0.0.1:15088, eca5a246-1f8f-493f-b50d-7eee1f2fec76|127.0.0.1:15070, 751e45cc-852a-454f-97c8-e80f2befe6f4|127.0.0.1:15061]|listeners:[], old=null}
2025-01-11 20:27:55,474 [eca5a246-1f8f-493f-b50d-7eee1f2fec76@group-5EFE4EDDA995-LeaderElection66] INFO  impl.LeaderElection (LeaderElection.java:logAndReturn(90)) - eca5a246-1f8f-493f-b50d-7eee1f2fec76@group-5EFE4EDDA995-LeaderElection66: ELECTION PASSED received 1 response(s) and 1 exception(s):
2025-01-11 20:27:55,474 [eca5a246-1f8f-493f-b50d-7eee1f2fec76@group-5EFE4EDDA995-LeaderElection66] INFO  impl.LeaderElection (LeaderElection.java:logAndReturn(94)) -   Response 0: eca5a246-1f8f-493f-b50d-7eee1f2fec76<-751e45cc-852a-454f-97c8-e80f2befe6f4#0:OK-t2
2025-01-11 20:27:55,474 [eca5a246-1f8f-493f-b50d-7eee1f2fec76@group-5EFE4EDDA995-LeaderElection66] INFO  impl.LeaderElection (LogUtils.java:infoOrTrace(136)) -   Exception 1: java.util.concurrent.ExecutionException: org.apache.ratis.thirdparty.io.grpc.StatusRuntimeException: UNAVAILABLE: io exception
2025-01-11 20:27:55,474 [eca5a246-1f8f-493f-b50d-7eee1f2fec76@group-5EFE4EDDA995-LeaderElection66] INFO  impl.LeaderElection (LeaderElection.java:askForVotes(334)) - eca5a246-1f8f-493f-b50d-7eee1f2fec76@group-5EFE4EDDA995-LeaderElection66 ELECTION round 0: result PASSED
2025-01-11 20:27:55,474 [eca5a246-1f8f-493f-b50d-7eee1f2fec76@group-5EFE4EDDA995-LeaderElection66] INFO  impl.RoleInfo (RoleInfo.java:shutdownLeaderElection(141)) - eca5a246-1f8f-493f-b50d-7eee1f2fec76: shutdown eca5a246-1f8f-493f-b50d-7eee1f2fec76@group-5EFE4EDDA995-LeaderElection66
2025-01-11 20:27:55,475 [eca5a246-1f8f-493f-b50d-7eee1f2fec76@group-5EFE4EDDA995-LeaderElection66] INFO  server.RaftServer$Division (RaftServerImpl.java:setRole(378)) - eca5a246-1f8f-493f-b50d-7eee1f2fec76@group-5EFE4EDDA995: changes role from CANDIDATE to LEADER at term 2 for changeToLeader
2025-01-11 20:27:55,475 [eca5a246-1f8f-493f-b50d-7eee1f2fec76@group-5EFE4EDDA995-LeaderElection66] INFO  server.RaftServerConfigKeys (ConfUtils.java:logGet(46)) - raft.server.staging.catchup.gap = 1000 (default)
2025-01-11 20:27:55,476 [eca5a246-1f8f-493f-b50d-7eee1f2fec76@group-5EFE4EDDA995-LeaderElection66] INFO  server.RaftServerConfigKeys (ConfUtils.java:logGet(46)) - raft.server.write.element-limit = 1024 (custom)
2025-01-11 20:27:55,476 [eca5a246-1f8f-493f-b50d-7eee1f2fec76@group-5EFE4EDDA995-LeaderElection66] INFO  server.RaftServerConfigKeys (ConfUtils.java:logGet(46)) - raft.server.write.byte-limit = 1024 M (=1073741824) (custom)
2025-01-11 20:27:55,477 [eca5a246-1f8f-493f-b50d-7eee1f2fec76@group-5EFE4EDDA995-LeaderElection66] INFO  server.RaftServerConfigKeys (ConfUtils.java:logGet(46)) - raft.server.watch.timeout = 30s (custom)
2025-01-11 20:27:55,477 [eca5a246-1f8f-493f-b50d-7eee1f2fec76@group-5EFE4EDDA995-LeaderElection66] INFO  server.RaftServerConfigKeys (ConfUtils.java:logGet(46)) - raft.server.watch.timeout.denomination = 1s (default)
2025-01-11 20:27:55,477 [eca5a246-1f8f-493f-b50d-7eee1f2fec76@group-5EFE4EDDA995-LeaderElection66] INFO  server.RaftServerConfigKeys (ConfUtils.java:logGet(46)) - raft.server.watch.element-limit = 65536 (default)
2025-01-11 20:27:55,479 [eca5a246-1f8f-493f-b50d-7eee1f2fec76@group-5EFE4EDDA995-LeaderElection66] INFO  server.RaftServerConfigKeys (ConfUtils.java:logGet(46)) - raft.server.read.leader.lease.enabled = false (default)
2025-01-11 20:27:55,480 [eca5a246-1f8f-493f-b50d-7eee1f2fec76@group-5EFE4EDDA995-LeaderElection66] INFO  server.RaftServerConfigKeys (ConfUtils.java:logGet(46)) - raft.server.read.leader.lease.timeout.ratio = 0.9 (default)
2025-01-11 20:27:55,480 [eca5a246-1f8f-493f-b50d-7eee1f2fec76@group-5EFE4EDDA995-LeaderElection66] INFO  server.RaftServerConfigKeys (ConfUtils.java:logGet(46)) - raft.server.rpc.timeout.min = 5s (custom)
2025-01-11 20:27:55,480 [eca5a246-1f8f-493f-b50d-7eee1f2fec76@group-5EFE4EDDA995-LeaderElection66] INFO  server.RaftServerConfigKeys (ConfUtils.java:logGet(46)) - raft.server.log.log-metadata.enabled = true (default)
2025-01-11 20:27:55,480 [eca5a246-1f8f-493f-b50d-7eee1f2fec76@group-5EFE4EDDA995-LeaderElection66] INFO  server.RaftServerConfigKeys (ConfUtils.java:logGet(46)) - raft.server.write.element-limit = 1024 (custom)
2025-01-11 20:27:55,480 [eca5a246-1f8f-493f-b50d-7eee1f2fec76@group-5EFE4EDDA995-LeaderElection66] INFO  server.RaftServerConfigKeys (ConfUtils.java:logGet(46)) - raft.server.write.follower.gap.ratio.max = -1.0 (default)
2025-01-11 20:27:55,482 [eca5a246-1f8f-493f-b50d-7eee1f2fec76@group-5EFE4EDDA995-LeaderElection66] INFO  server.RaftServerConfigKeys (ConfUtils.java:logGet(46)) - raft.server.log.appender.snapshot.chunk.size.max = 16MB (=16777216) (default)
2025-01-11 20:27:55,483 [eca5a246-1f8f-493f-b50d-7eee1f2fec76@group-5EFE4EDDA995-LeaderElection66] INFO  server.RaftServerConfigKeys (ConfUtils.java:logGet(46)) - raft.server.log.appender.buffer.byte-limit = 33554432 (custom)
2025-01-11 20:27:55,483 [eca5a246-1f8f-493f-b50d-7eee1f2fec76@group-5EFE4EDDA995-LeaderElection66] INFO  server.RaftServerConfigKeys (ConfUtils.java:logGet(46)) - raft.server.log.appender.buffer.element-limit = 1024 (custom)
2025-01-11 20:27:55,483 [eca5a246-1f8f-493f-b50d-7eee1f2fec76@group-5EFE4EDDA995-LeaderElection66] INFO  server.RaftServerConfigKeys (ConfUtils.java:logGet(46)) - raft.server.log.appender.wait-time.min = 0μs (custom)
2025-01-11 20:27:55,483 [eca5a246-1f8f-493f-b50d-7eee1f2fec76@group-5EFE4EDDA995-LeaderElection66] INFO  grpc.GrpcConfigKeys (ConfUtils.java:logGet(46)) - raft.grpc.server.leader.outstanding.appends.max = 8 (default)
2025-01-11 20:27:55,484 [eca5a246-1f8f-493f-b50d-7eee1f2fec76@group-5EFE4EDDA995-LeaderElection66] INFO  server.RaftServerConfigKeys (ConfUtils.java:logGet(46)) - raft.server.rpc.request.timeout = 60s (custom)
2025-01-11 20:27:55,484 [eca5a246-1f8f-493f-b50d-7eee1f2fec76@group-5EFE4EDDA995-LeaderElection66] INFO  grpc.GrpcConfigKeys (ConfUtils.java:logGet(46)) - raft.grpc.server.install_snapshot.request.element-limit = 8 (default)
2025-01-11 20:27:55,484 [eca5a246-1f8f-493f-b50d-7eee1f2fec76@group-5EFE4EDDA995-LeaderElection66] INFO  grpc.GrpcConfigKeys (ConfUtils.java:logGet(46)) - raft.grpc.server.install_snapshot.request.timeout = 3000ms (default)
2025-01-11 20:27:55,484 [eca5a246-1f8f-493f-b50d-7eee1f2fec76@group-5EFE4EDDA995-LeaderElection66] INFO  grpc.GrpcConfigKeys (ConfUtils.java:logGet(46)) - raft.grpc.server.log-message.batch.duration = 5s (default)
2025-01-11 20:27:55,484 [eca5a246-1f8f-493f-b50d-7eee1f2fec76@group-5EFE4EDDA995-LeaderElection66] INFO  server.RaftServerConfigKeys (ConfUtils.java:logGet(46)) - raft.server.log.appender.install.snapshot.enabled = false (custom)
2025-01-11 20:27:55,485 [eca5a246-1f8f-493f-b50d-7eee1f2fec76@group-5EFE4EDDA995-LeaderElection66] INFO  grpc.GrpcConfigKeys (ConfUtils.java:logGet(46)) - raft.grpc.server.heartbeat.channel = true (default)
2025-01-11 20:27:55,489 [eca5a246-1f8f-493f-b50d-7eee1f2fec76@group-5EFE4EDDA995-LeaderElection66] INFO  server.RaftServerConfigKeys (ConfUtils.java:logGet(46)) - raft.server.log.appender.snapshot.chunk.size.max = 16MB (=16777216) (default)
2025-01-11 20:27:55,489 [eca5a246-1f8f-493f-b50d-7eee1f2fec76@group-5EFE4EDDA995-LeaderElection66] INFO  server.RaftServerConfigKeys (ConfUtils.java:logGet(46)) - raft.server.log.appender.buffer.byte-limit = 33554432 (custom)
2025-01-11 20:27:55,489 [eca5a246-1f8f-493f-b50d-7eee1f2fec76@group-5EFE4EDDA995-LeaderElection66] INFO  server.RaftServerConfigKeys (ConfUtils.java:logGet(46)) - raft.server.log.appender.buffer.element-limit = 1024 (custom)
2025-01-11 20:27:55,489 [eca5a246-1f8f-493f-b50d-7eee1f2fec76@group-5EFE4EDDA995-LeaderElection66] INFO  server.RaftServerConfigKeys (ConfUtils.java:logGet(46)) - raft.server.log.appender.wait-time.min = 0μs (custom)
2025-01-11 20:27:55,490 [eca5a246-1f8f-493f-b50d-7eee1f2fec76@group-5EFE4EDDA995-LeaderElection66] INFO  grpc.GrpcConfigKeys (ConfUtils.java:logGet(46)) - raft.grpc.server.leader.outstanding.appends.max = 8 (default)
2025-01-11 20:27:55,490 [eca5a246-1f8f-493f-b50d-7eee1f2fec76@group-5EFE4EDDA995-LeaderElection66] INFO  server.RaftServerConfigKeys (ConfUtils.java:logGet(46)) - raft.server.rpc.request.timeout = 60s (custom)
2025-01-11 20:27:55,490 [eca5a246-1f8f-493f-b50d-7eee1f2fec76@group-5EFE4EDDA995-LeaderElection66] INFO  grpc.GrpcConfigKeys (ConfUtils.java:logGet(46)) - raft.grpc.server.install_snapshot.request.element-limit = 8 (default)
2025-01-11 20:27:55,490 [eca5a246-1f8f-493f-b50d-7eee1f2fec76@group-5EFE4EDDA995-LeaderElection66] INFO  grpc.GrpcConfigKeys (ConfUtils.java:logGet(46)) - raft.grpc.server.install_snapshot.request.timeout = 3000ms (default)
2025-01-11 20:27:55,490 [eca5a246-1f8f-493f-b50d-7eee1f2fec76@group-5EFE4EDDA995-LeaderElection66] INFO  grpc.GrpcConfigKeys (ConfUtils.java:logGet(46)) - raft.grpc.server.log-message.batch.duration = 5s (default)
2025-01-11 20:27:55,491 [eca5a246-1f8f-493f-b50d-7eee1f2fec76@group-5EFE4EDDA995-LeaderElection66] INFO  server.RaftServerConfigKeys (ConfUtils.java:logGet(46)) - raft.server.log.appender.install.snapshot.enabled = false (custom)
2025-01-11 20:27:55,491 [eca5a246-1f8f-493f-b50d-7eee1f2fec76@group-5EFE4EDDA995-LeaderElection66] INFO  grpc.GrpcConfigKeys (ConfUtils.java:logGet(46)) - raft.grpc.server.heartbeat.channel = true (default)
2025-01-11 20:27:55,491 [eca5a246-1f8f-493f-b50d-7eee1f2fec76@group-5EFE4EDDA995-LeaderElection66] INFO  impl.RoleInfo (RoleInfo.java:updateAndGet(148)) - eca5a246-1f8f-493f-b50d-7eee1f2fec76: start eca5a246-1f8f-493f-b50d-7eee1f2fec76@group-5EFE4EDDA995-LeaderStateImpl
2025-01-11 20:27:55,491 [eca5a246-1f8f-493f-b50d-7eee1f2fec76@group-5EFE4EDDA995-LeaderElection66] INFO  ratis.XceiverServerRatis (XceiverServerRatis.java:handleLeaderChangedNotification(944)) - Leader change notification received for group: group-5EFE4EDDA995 with new leaderId: eca5a246-1f8f-493f-b50d-7eee1f2fec76
2025-01-11 20:27:55,492 [eca5a246-1f8f-493f-b50d-7eee1f2fec76@group-5EFE4EDDA995-LeaderElection66] INFO  server.RaftServer$Division (ServerState.java:setLeader(272)) - eca5a246-1f8f-493f-b50d-7eee1f2fec76@group-5EFE4EDDA995: change Leader from null to eca5a246-1f8f-493f-b50d-7eee1f2fec76 at term 2 for becomeLeader, leader elected after 40ms
2025-01-11 20:27:55,492 [eca5a246-1f8f-493f-b50d-7eee1f2fec76@group-5EFE4EDDA995-LeaderElection66] INFO  segmented.SegmentedRaftLogWorker (SegmentedRaftLogWorker.java:rollLogSegment(443)) - eca5a246-1f8f-493f-b50d-7eee1f2fec76@group-5EFE4EDDA995-SegmentedRaftLogWorker: Rolling segment log-0_0 to index:0
2025-01-11 20:27:55,494 [EventQueue-PipelineReportForPipelineReportHandler] INFO  pipeline.PipelineReportHandler (PipelineReportHandler.java:handlePipelineNotFoundException(111)) - Pipeline PipelineID=b2ce7b8c-a566-4c83-a3d0-5efe4edda995, reported by datanode eca5a246-1f8f-493f-b50d-7eee1f2fec76(localhost/127.0.0.1) is not found.
2025-01-11 20:27:55,494 [eca5a246-1f8f-493f-b50d-7eee1f2fec76@group-5EFE4EDDA995-SegmentedRaftLogWorker] INFO  segmented.SegmentedRaftLogWorker (SegmentedRaftLogWorker.java:execute(601)) - eca5a246-1f8f-493f-b50d-7eee1f2fec76@group-5EFE4EDDA995-SegmentedRaftLogWorker: Rolled log segment from /home/runner/work/ozone/ozone/hadoop-ozone/integration-test/target/test-dir/MiniOzoneClusterImpl-19e1eff0-706f-497d-806e-bf7d4c525004/ozone-meta/datanode-7/ratis/b2ce7b8c-a566-4c83-a3d0-5efe4edda995/current/log_inprogress_0 to /home/runner/work/ozone/ozone/hadoop-ozone/integration-test/target/test-dir/MiniOzoneClusterImpl-19e1eff0-706f-497d-806e-bf7d4c525004/ozone-meta/datanode-7/ratis/b2ce7b8c-a566-4c83-a3d0-5efe4edda995/current/log_0-0
2025-01-11 20:27:55,495 [eca5a246-1f8f-493f-b50d-7eee1f2fec76@group-5EFE4EDDA995-SegmentedRaftLogWorker] INFO  segmented.BufferedWriteChannel (BufferedWriteChannel.java:open(61)) - open log_inprogress_1 at position 0
2025-01-11 20:27:55,502 [eca5a246-1f8f-493f-b50d-7eee1f2fec76@group-5EFE4EDDA995-LeaderElection66] INFO  server.RaftServer$Division (ServerState.java:setRaftConf(386)) - eca5a246-1f8f-493f-b50d-7eee1f2fec76@group-5EFE4EDDA995: set configuration conf: {index: 1, cur=peers:[4d3e3722-41cc-4fd9-b8c2-1e24fef1c1d7|127.0.0.1:15088, eca5a246-1f8f-493f-b50d-7eee1f2fec76|127.0.0.1:15070, 751e45cc-852a-454f-97c8-e80f2befe6f4|127.0.0.1:15061]|listeners:[], old=null}
2025-01-11 20:27:55,504 [grpc-default-executor-0] WARN  server.GrpcLogAppender (LogUtils.java:warn(121)) - eca5a246-1f8f-493f-b50d-7eee1f2fec76@group-5EFE4EDDA995->4d3e3722-41cc-4fd9-b8c2-1e24fef1c1d7-AppendLogResponseHandler: Failed appendEntries: org.apache.ratis.thirdparty.io.grpc.StatusRuntimeException: UNAVAILABLE: io exception
2025-01-11 20:27:55,505 [eca5a246-1f8f-493f-b50d-7eee1f2fec76@group-5EFE4EDDA995-SegmentedRaftLogWorker] INFO  segmented.SegmentedRaftLogWorker (SegmentedRaftLogWorker.java:execute(644)) - eca5a246-1f8f-493f-b50d-7eee1f2fec76@group-5EFE4EDDA995-SegmentedRaftLogWorker: created new log segment /home/runner/work/ozone/ozone/hadoop-ozone/integration-test/target/test-dir/MiniOzoneClusterImpl-19e1eff0-706f-497d-806e-bf7d4c525004/ozone-meta/datanode-7/ratis/b2ce7b8c-a566-4c83-a3d0-5efe4edda995/current/log_inprogress_1
2025-01-11 20:27:55,508 [grpc-default-executor-13] WARN  server.GrpcLogAppender (GrpcLogAppender.java:lambda$resetClient$1(221)) - eca5a246-1f8f-493f-b50d-7eee1f2fec76@group-5EFE4EDDA995->4d3e3722-41cc-4fd9-b8c2-1e24fef1c1d7-GrpcLogAppender: Follower failed (request=null, errorCount=4); keep nextIndex (2) unchanged and retry.
2025-01-11 20:27:55,512 [751e45cc-852a-454f-97c8-e80f2befe6f4-server-thread3] INFO  ratis.XceiverServerRatis (XceiverServerRatis.java:handleLeaderChangedNotification(944)) - Leader change notification received for group: group-5EFE4EDDA995 with new leaderId: eca5a246-1f8f-493f-b50d-7eee1f2fec76
2025-01-11 20:27:55,513 [751e45cc-852a-454f-97c8-e80f2befe6f4-server-thread3] INFO  server.RaftServer$Division (ServerState.java:setLeader(272)) - 751e45cc-852a-454f-97c8-e80f2befe6f4@group-5EFE4EDDA995: change Leader from null to eca5a246-1f8f-493f-b50d-7eee1f2fec76 at term 2 for appendEntries, leader elected after 42ms
2025-01-11 20:27:55,516 [751e45cc-852a-454f-97c8-e80f2befe6f4-server-thread2] INFO  server.RaftServer$Division (ServerState.java:setRaftConf(386)) - 751e45cc-852a-454f-97c8-e80f2befe6f4@group-5EFE4EDDA995: set configuration conf: {index: 1, cur=peers:[4d3e3722-41cc-4fd9-b8c2-1e24fef1c1d7|127.0.0.1:15088, eca5a246-1f8f-493f-b50d-7eee1f2fec76|127.0.0.1:15070, 751e45cc-852a-454f-97c8-e80f2befe6f4|127.0.0.1:15061]|listeners:[], old=null}
2025-01-11 20:27:55,517 [751e45cc-852a-454f-97c8-e80f2befe6f4-server-thread2] INFO  segmented.SegmentedRaftLogWorker (SegmentedRaftLogWorker.java:rollLogSegment(443)) - 751e45cc-852a-454f-97c8-e80f2befe6f4@group-5EFE4EDDA995-SegmentedRaftLogWorker: Rolling segment log-0_0 to index:0
2025-01-11 20:27:55,518 [751e45cc-852a-454f-97c8-e80f2befe6f4@group-5EFE4EDDA995-SegmentedRaftLogWorker] INFO  segmented.SegmentedRaftLogWorker (SegmentedRaftLogWorker.java:execute(601)) - 751e45cc-852a-454f-97c8-e80f2befe6f4@group-5EFE4EDDA995-SegmentedRaftLogWorker: Rolled log segment from /home/runner/work/ozone/ozone/hadoop-ozone/integration-test/target/test-dir/MiniOzoneClusterImpl-19e1eff0-706f-497d-806e-bf7d4c525004/ozone-meta/datanode-6/ratis/b2ce7b8c-a566-4c83-a3d0-5efe4edda995/current/log_inprogress_0 to /home/runner/work/ozone/ozone/hadoop-ozone/integration-test/target/test-dir/MiniOzoneClusterImpl-19e1eff0-706f-497d-806e-bf7d4c525004/ozone-meta/datanode-6/ratis/b2ce7b8c-a566-4c83-a3d0-5efe4edda995/current/log_0-0
2025-01-11 20:27:55,518 [751e45cc-852a-454f-97c8-e80f2befe6f4@group-5EFE4EDDA995-SegmentedRaftLogWorker] INFO  segmented.BufferedWriteChannel (BufferedWriteChannel.java:open(61)) - open log_inprogress_1 at position 0
2025-01-11 20:27:55,529 [751e45cc-852a-454f-97c8-e80f2befe6f4@group-5EFE4EDDA995-SegmentedRaftLogWorker] INFO  segmented.SegmentedRaftLogWorker (SegmentedRaftLogWorker.java:execute(644)) - 751e45cc-852a-454f-97c8-e80f2befe6f4@group-5EFE4EDDA995-SegmentedRaftLogWorker: created new log segment /home/runner/work/ozone/ozone/hadoop-ozone/integration-test/target/test-dir/MiniOzoneClusterImpl-19e1eff0-706f-497d-806e-bf7d4c525004/ozone-meta/datanode-6/ratis/b2ce7b8c-a566-4c83-a3d0-5efe4edda995/current/log_inprogress_1
2025-01-11 20:27:55,536 [grpc-default-executor-13] WARN  server.GrpcLogAppender (GrpcLogAppender.java:lambda$resetClient$1(221)) - eca5a246-1f8f-493f-b50d-7eee1f2fec76@group-5EFE4EDDA995->4d3e3722-41cc-4fd9-b8c2-1e24fef1c1d7-GrpcLogAppender: Follower failed (request=null, errorCount=7); keep nextIndex (3) unchanged and retry.
2025-01-11 20:27:55,537 [eca5a246-1f8f-493f-b50d-7eee1f2fec76@group-5EFE4EDDA995-StateMachineUpdater] INFO  server.RaftServer$Division (LeaderStateImpl.java:checkStartIndex(313)) - Leader eca5a246-1f8f-493f-b50d-7eee1f2fec76@group-5EFE4EDDA995-LeaderStateImpl is ready since appliedIndex == startIndex == 1
2025-01-11 20:27:55,574 [eca5a246-1f8f-493f-b50d-7eee1f2fec76-PipelineCommandHandlerThread-0] WARN  commandhandler.ClosePipelineCommandHandler (ClosePipelineCommandHandler.java:lambda$handle$1(137)) - Failed to remove group group-5EFE4EDDA995 of pipeline PipelineID=b2ce7b8c-a566-4c83-a3d0-5efe4edda995 on peer 4d3e3722-41cc-4fd9-b8c2-1e24fef1c1d7
java.io.IOException: org.apache.ratis.thirdparty.io.grpc.StatusRuntimeException: UNAVAILABLE: io exception
	at org.apache.ratis.grpc.GrpcUtil.unwrapException(GrpcUtil.java:99)
	at org.apache.ratis.grpc.client.GrpcClientProtocolClient.blockingCall(GrpcClientProtocolClient.java:226)
	at org.apache.ratis.grpc.client.GrpcClientProtocolClient.groupAdd(GrpcClientProtocolClient.java:173)
	at org.apache.ratis.grpc.client.GrpcClientRpc.sendRequest(GrpcClientRpc.java:98)
	at org.apache.ratis.client.impl.BlockingImpl.sendRequest(BlockingImpl.java:147)
	at org.apache.ratis.client.impl.BlockingImpl.sendRequestWithRetry(BlockingImpl.java:109)
	at org.apache.ratis.client.impl.GroupManagementImpl.remove(GroupManagementImpl.java:61)
	at org.apache.hadoop.ozone.container.common.statemachine.commandhandler.ClosePipelineCommandHandler.lambda$handle$1(ClosePipelineCommandHandler.java:129)
	at java.base/java.util.stream.ForEachOps$ForEachOp$OfRef.accept(ForEachOps.java:184)
	at java.base/java.util.stream.ReferencePipeline$2$1.accept(ReferencePipeline.java:179)
	at java.base/java.util.HashMap$ValueSpliterator.forEachRemaining(HashMap.java:1787)
	at java.base/java.util.stream.AbstractPipeline.copyInto(AbstractPipeline.java:509)
	at java.base/java.util.stream.AbstractPipeline.wrapAndCopyInto(AbstractPipeline.java:499)
	at java.base/java.util.stream.ForEachOps$ForEachOp.evaluateSequential(ForEachOps.java:151)
	at java.base/java.util.stream.ForEachOps$ForEachOp$OfRef.evaluateSequential(ForEachOps.java:174)
	at java.base/java.util.stream.AbstractPipeline.evaluate(AbstractPipeline.java:234)
	at java.base/java.util.stream.ReferencePipeline.forEach(ReferencePipeline.java:596)
	at org.apache.hadoop.ozone.container.common.statemachine.commandhandler.ClosePipelineCommandHandler.lambda$handle$2(ClosePipelineCommandHandler.java:126)
	at java.base/java.util.concurrent.CompletableFuture$AsyncRun.run(CompletableFuture.java:1804)
	at java.base/java.util.concurrent.ThreadPoolExecutor.runWorker(ThreadPoolExecutor.java:1144)
	at java.base/java.util.concurrent.ThreadPoolExecutor$Worker.run(ThreadPoolExecutor.java:642)
	at java.base/java.lang.Thread.run(Thread.java:1583)
Caused by: org.apache.ratis.thirdparty.io.grpc.StatusRuntimeException: UNAVAILABLE: io exception
	at org.apache.ratis.thirdparty.io.grpc.stub.ClientCalls.toStatusRuntimeException(ClientCalls.java:268)
	at org.apache.ratis.thirdparty.io.grpc.stub.ClientCalls.getUnchecked(ClientCalls.java:249)
	at org.apache.ratis.thirdparty.io.grpc.stub.ClientCalls.blockingUnaryCall(ClientCalls.java:167)
	at org.apache.ratis.proto.grpc.AdminProtocolServiceGrpc$AdminProtocolServiceBlockingStub.groupManagement(AdminProtocolServiceGrpc.java:468)
	at org.apache.ratis.grpc.client.GrpcClientProtocolClient.lambda$groupAdd$6(GrpcClientProtocolClient.java:175)
	at org.apache.ratis.grpc.client.GrpcClientProtocolClient.blockingCall(GrpcClientProtocolClient.java:224)
	... 20 more
Caused by: org.apache.ratis.thirdparty.io.netty.channel.AbstractChannel$AnnotatedConnectException: finishConnect(..) failed: Connection refused: /127.0.0.1:15087
Caused by: java.net.ConnectException: finishConnect(..) failed: Connection refused
	at org.apache.ratis.thirdparty.io.netty.channel.unix.Errors.newConnectException0(Errors.java:166)
	at org.apache.ratis.thirdparty.io.netty.channel.unix.Errors.handleConnectErrno(Errors.java:131)
	at org.apache.ratis.thirdparty.io.netty.channel.unix.Socket.finishConnect(Socket.java:359)
	at org.apache.ratis.thirdparty.io.netty.channel.epoll.AbstractEpollChannel$AbstractEpollUnsafe.doFinishConnect(AbstractEpollChannel.java:715)
	at org.apache.ratis.thirdparty.io.netty.channel.epoll.AbstractEpollChannel$AbstractEpollUnsafe.finishConnect(AbstractEpollChannel.java:692)
	at org.apache.ratis.thirdparty.io.netty.channel.epoll.AbstractEpollChannel$AbstractEpollUnsafe.epollOutReady(AbstractEpollChannel.java:567)
	at org.apache.ratis.thirdparty.io.netty.channel.epoll.EpollEventLoop.processReady(EpollEventLoop.java:491)
	at org.apache.ratis.thirdparty.io.netty.channel.epoll.EpollEventLoop.run(EpollEventLoop.java:399)
	at org.apache.ratis.thirdparty.io.netty.util.concurrent.SingleThreadEventExecutor$4.run(SingleThreadEventExecutor.java:997)
	at org.apache.ratis.thirdparty.io.netty.util.internal.ThreadExecutorMap$2.run(ThreadExecutorMap.java:74)
	at org.apache.ratis.thirdparty.io.netty.util.concurrent.FastThreadLocalRunnable.run(FastThreadLocalRunnable.java:30)
	at java.base/java.lang.Thread.run(Thread.java:1583)
2025-01-11 20:27:55,582 [grpc-default-executor-11] INFO  server.RaftServer (RaftServerProxy.java:remove(111)) - 751e45cc-852a-454f-97c8-e80f2befe6f4: remove  FOLLOWER 751e45cc-852a-454f-97c8-e80f2befe6f4@group-5EFE4EDDA995:t2, leader=eca5a246-1f8f-493f-b50d-7eee1f2fec76, voted=eca5a246-1f8f-493f-b50d-7eee1f2fec76, raftlog=Memoized:751e45cc-852a-454f-97c8-e80f2befe6f4@group-5EFE4EDDA995-SegmentedRaftLog:OPENED:c1:last(t:2, i:2), conf=conf: {index: 1, cur=peers:[4d3e3722-41cc-4fd9-b8c2-1e24fef1c1d7|127.0.0.1:15088, eca5a246-1f8f-493f-b50d-7eee1f2fec76|127.0.0.1:15070, 751e45cc-852a-454f-97c8-e80f2befe6f4|127.0.0.1:15061]|listeners:[], old=null} RUNNING
2025-01-11 20:27:55,582 [grpc-default-executor-11] INFO  server.RaftServer$Division (RaftServerImpl.java:lambda$close$1(513)) - 751e45cc-852a-454f-97c8-e80f2befe6f4@group-5EFE4EDDA995: shutdown
2025-01-11 20:27:55,582 [grpc-default-executor-11] INFO  util.JmxRegister (JmxRegister.java:unregister(74)) - Successfully un-registered JMX Bean with object name Ratis:service=RaftServer,group=group-5EFE4EDDA995,id=751e45cc-852a-454f-97c8-e80f2befe6f4
2025-01-11 20:27:55,582 [grpc-default-executor-11] INFO  impl.RoleInfo (RoleInfo.java:shutdownFollowerState(121)) - 751e45cc-852a-454f-97c8-e80f2befe6f4: shutdown 751e45cc-852a-454f-97c8-e80f2befe6f4@group-5EFE4EDDA995-FollowerState
2025-01-11 20:27:55,582 [grpc-default-executor-11] INFO  impl.StateMachineUpdater (StateMachineUpdater.java:stopAndJoin(164)) - 751e45cc-852a-454f-97c8-e80f2befe6f4@group-5EFE4EDDA995-StateMachineUpdater: set stopIndex = 1
2025-01-11 20:27:55,582 [751e45cc-852a-454f-97c8-e80f2befe6f4@group-5EFE4EDDA995-StateMachineUpdater] INFO  ratis.ContainerStateMachine (ContainerStateMachine.java:takeSnapshot(378)) - group-5EFE4EDDA995: Taking a snapshot at:(t:2, i:1) file /home/runner/work/ozone/ozone/hadoop-ozone/integration-test/target/test-dir/MiniOzoneClusterImpl-19e1eff0-706f-497d-806e-bf7d4c525004/ozone-meta/datanode-6/ratis/b2ce7b8c-a566-4c83-a3d0-5efe4edda995/sm/snapshot.2_1
2025-01-11 20:27:55,582 [751e45cc-852a-454f-97c8-e80f2befe6f4@group-5EFE4EDDA995-FollowerState] INFO  impl.FollowerState (FollowerState.java:runImpl(170)) - 751e45cc-852a-454f-97c8-e80f2befe6f4@group-5EFE4EDDA995-FollowerState was interrupted
2025-01-11 20:27:55,584 [751e45cc-852a-454f-97c8-e80f2befe6f4@group-5EFE4EDDA995-StateMachineUpdater] INFO  ratis.ContainerStateMachine (ContainerStateMachine.java:takeSnapshot(389)) - group-5EFE4EDDA995: Finished taking a snapshot at:(t:2, i:1) file:/home/runner/work/ozone/ozone/hadoop-ozone/integration-test/target/test-dir/MiniOzoneClusterImpl-19e1eff0-706f-497d-806e-bf7d4c525004/ozone-meta/datanode-6/ratis/b2ce7b8c-a566-4c83-a3d0-5efe4edda995/sm/snapshot.2_1 took: 2 ms
2025-01-11 20:27:55,584 [751e45cc-852a-454f-97c8-e80f2befe6f4@group-5EFE4EDDA995-StateMachineUpdater] INFO  impl.StateMachineUpdater (StateMachineUpdater.java:takeSnapshot(303)) - 751e45cc-852a-454f-97c8-e80f2befe6f4@group-5EFE4EDDA995-StateMachineUpdater: Took a snapshot at index 1
2025-01-11 20:27:55,584 [751e45cc-852a-454f-97c8-e80f2befe6f4@group-5EFE4EDDA995-StateMachineUpdater] INFO  impl.StateMachineUpdater (StateMachineUpdater.java:lambda$new$0(102)) - 751e45cc-852a-454f-97c8-e80f2befe6f4@group-5EFE4EDDA995-StateMachineUpdater: snapshotIndex: updateIncreasingly -1 -> 1
2025-01-11 20:27:55,584 [751e45cc-852a-454f-97c8-e80f2befe6f4@group-5EFE4EDDA995-StateMachineUpdater] INFO  impl.StateMachineUpdater (StateMachineUpdater.java:stop(141)) - 751e45cc-852a-454f-97c8-e80f2befe6f4@group-5EFE4EDDA995-StateMachineUpdater: closing ContainerStateMachine, lastApplied=(t:2, i:1)
2025-01-11 20:27:55,585 [751e45cc-852a-454f-97c8-e80f2befe6f4@group-5EFE4EDDA995-cacheEviction-AwaitToRun] INFO  util.AwaitToRun (AwaitToRun.java:run(49)) - 751e45cc-852a-454f-97c8-e80f2befe6f4@group-5EFE4EDDA995-cacheEviction-AwaitToRun-AwaitForSignal is interrupted
2025-01-11 20:27:55,897 [4b5ea8a3-88a5-4114-908f-7a85f39bc1cb-CloseContainerThread-2] INFO  keyvalue.KeyValueContainer (KeyValueContainer.java:flushAndSyncDB(529)) - Container 2 is synced with bcsId 0.
2025-01-11 20:27:55,898 [4b5ea8a3-88a5-4114-908f-7a85f39bc1cb-CloseContainerThread-2] INFO  keyvalue.KeyValueContainer (KeyValueContainer.java:flushAndSyncDB(529)) - Container 2 is synced with bcsId 0.
2025-01-11 20:27:55,902 [4b5ea8a3-88a5-4114-908f-7a85f39bc1cb-CloseContainerThread-2] INFO  keyvalue.KeyValueContainer (KeyValueContainer.java:close(444)) - Container 2 is closed with bcsId 0.
2025-01-11 20:27:55,904 [FixedThreadPoolWithAffinityExecutor-9-0] INFO  container.IncrementalContainerReportHandler (AbstractContainerReportHandler.java:updateContainerState(312)) - Moving container #2 to CLOSED state, datanode 4b5ea8a3-88a5-4114-908f-7a85f39bc1cb(localhost/127.0.0.1) reported CLOSED replica with index 4.
2025-01-11 20:27:55,925 [main] INFO  replication.ReplicationManager (ReplicationManager.java:stop(313)) - Stopping Replication Monitor Thread.
2025-01-11 20:27:55,925 [UnderReplicatedProcessor] WARN  replication.UnhealthyReplicationProcessor (UnhealthyReplicationProcessor.java:run(180)) - UnderReplicatedProcessor interrupted. Exiting...
2025-01-11 20:27:55,925 [ReplicationMonitor] INFO  replication.ReplicationManager (ReplicationManager.java:run(915)) - Replication Monitor Thread is stopped
2025-01-11 20:27:55,926 [OverReplicatedProcessor] WARN  replication.UnhealthyReplicationProcessor (UnhealthyReplicationProcessor.java:run(180)) - OverReplicatedProcessor interrupted. Exiting...
2025-01-11 20:27:55,933 [grpc-default-executor-0] INFO  server.RaftServer (RaftServerProxy.java:remove(111)) - ac32094a-198b-4072-99dd-552311e88daf: remove  FOLLOWER ac32094a-198b-4072-99dd-552311e88daf@group-0259CA4FB242:t1, leader=79978ed1-1a5c-4832-b584-9e2d85f03cd7, voted=79978ed1-1a5c-4832-b584-9e2d85f03cd7, raftlog=Memoized:ac32094a-198b-4072-99dd-552311e88daf@group-0259CA4FB242-SegmentedRaftLog:OPENED:c0:last(t:1, i:0), conf=conf: {index: 0, cur=peers:[ac32094a-198b-4072-99dd-552311e88daf|127.0.0.1:15097, 79978ed1-1a5c-4832-b584-9e2d85f03cd7|127.0.0.1:15016, 4d3e3722-41cc-4fd9-b8c2-1e24fef1c1d7|127.0.0.1:15088]|listeners:[], old=null} RUNNING
2025-01-11 20:27:55,933 [grpc-default-executor-0] INFO  server.RaftServer$Division (RaftServerImpl.java:lambda$close$1(513)) - ac32094a-198b-4072-99dd-552311e88daf@group-0259CA4FB242: shutdown
2025-01-11 20:27:55,933 [grpc-default-executor-0] INFO  util.JmxRegister (JmxRegister.java:unregister(74)) - Successfully un-registered JMX Bean with object name Ratis:service=RaftServer,group=group-0259CA4FB242,id=ac32094a-198b-4072-99dd-552311e88daf
2025-01-11 20:27:55,934 [grpc-default-executor-0] INFO  impl.RoleInfo (RoleInfo.java:shutdownFollowerState(121)) - ac32094a-198b-4072-99dd-552311e88daf: shutdown ac32094a-198b-4072-99dd-552311e88daf@group-0259CA4FB242-FollowerState
2025-01-11 20:27:55,934 [grpc-default-executor-0] INFO  impl.StateMachineUpdater (StateMachineUpdater.java:stopAndJoin(164)) - ac32094a-198b-4072-99dd-552311e88daf@group-0259CA4FB242-StateMachineUpdater: set stopIndex = 0
2025-01-11 20:27:55,934 [ac32094a-198b-4072-99dd-552311e88daf@group-0259CA4FB242-FollowerState] INFO  impl.FollowerState (FollowerState.java:runImpl(170)) - ac32094a-198b-4072-99dd-552311e88daf@group-0259CA4FB242-FollowerState was interrupted
2025-01-11 20:27:55,934 [ac32094a-198b-4072-99dd-552311e88daf@group-0259CA4FB242-StateMachineUpdater] INFO  ratis.ContainerStateMachine (ContainerStateMachine.java:takeSnapshot(378)) - group-0259CA4FB242: Taking a snapshot at:(t:1, i:0) file /home/runner/work/ozone/ozone/hadoop-ozone/integration-test/target/test-dir/MiniOzoneClusterImpl-19e1eff0-706f-497d-806e-bf7d4c525004/ozone-meta/datanode-10/ratis/083a2687-d55b-410f-9ba7-0259ca4fb242/sm/snapshot.1_0
2025-01-11 20:27:55,935 [ac32094a-198b-4072-99dd-552311e88daf@group-0259CA4FB242-StateMachineUpdater] INFO  ratis.ContainerStateMachine (ContainerStateMachine.java:takeSnapshot(389)) - group-0259CA4FB242: Finished taking a snapshot at:(t:1, i:0) file:/home/runner/work/ozone/ozone/hadoop-ozone/integration-test/target/test-dir/MiniOzoneClusterImpl-19e1eff0-706f-497d-806e-bf7d4c525004/ozone-meta/datanode-10/ratis/083a2687-d55b-410f-9ba7-0259ca4fb242/sm/snapshot.1_0 took: 1 ms
2025-01-11 20:27:55,936 [ac32094a-198b-4072-99dd-552311e88daf@group-0259CA4FB242-StateMachineUpdater] INFO  impl.StateMachineUpdater (StateMachineUpdater.java:takeSnapshot(303)) - ac32094a-198b-4072-99dd-552311e88daf@group-0259CA4FB242-StateMachineUpdater: Took a snapshot at index 0
2025-01-11 20:27:55,936 [ac32094a-198b-4072-99dd-552311e88daf@group-0259CA4FB242-StateMachineUpdater] INFO  impl.StateMachineUpdater (StateMachineUpdater.java:lambda$new$0(102)) - ac32094a-198b-4072-99dd-552311e88daf@group-0259CA4FB242-StateMachineUpdater: snapshotIndex: updateIncreasingly -1 -> 0
2025-01-11 20:27:55,936 [ac32094a-198b-4072-99dd-552311e88daf@group-0259CA4FB242-StateMachineUpdater] INFO  impl.StateMachineUpdater (StateMachineUpdater.java:stop(141)) - ac32094a-198b-4072-99dd-552311e88daf@group-0259CA4FB242-StateMachineUpdater: closing ContainerStateMachine, lastApplied=(t:1, i:0)
2025-01-11 20:27:55,937 [ac32094a-198b-4072-99dd-552311e88daf@group-0259CA4FB242-cacheEviction-AwaitToRun] INFO  util.AwaitToRun (AwaitToRun.java:run(49)) - ac32094a-198b-4072-99dd-552311e88daf@group-0259CA4FB242-cacheEviction-AwaitToRun-AwaitForSignal is interrupted
2025-01-11 20:27:56,025 [main] INFO  replication.ReplicationManager (ReplicationManager.java:start(283)) - Starting Replication Monitor Thread.
2025-01-11 20:27:56,035 [ReplicationMonitor] INFO  replication.ReplicationManager (ReplicationManager.java:sendDatanodeCommand(659)) - Sending command [closeContainerCommand: containerID: 2, pipelineID: PipelineID=aace68d4-c4b2-4492-84e3-88e630917d1b, force: true] for container ContainerInfo{id=#2, state=CLOSED, stateEnterTime=2025-01-11T20:27:55.906178283Z, pipelineID=PipelineID=aace68d4-c4b2-4492-84e3-88e630917d1b, owner=omServiceIdDefault} to ac32094a-198b-4072-99dd-552311e88daf(localhost/127.0.0.1) with datanode deadline 1736627846035 and scm deadline 1736627876035
2025-01-11 20:27:56,036 [ReplicationMonitor] INFO  replication.ReplicationManager (ReplicationManager.java:processAll(379)) - Replication Monitor Thread took 1 milliseconds for processing 2 containers.
2025-01-11 20:27:56,071 [grpc-default-executor-5] INFO  segmented.SegmentedRaftLogWorker (SegmentedRaftLogWorker.java:close(252)) - 751e45cc-852a-454f-97c8-e80f2befe6f4@group-64747DF32B0A-SegmentedRaftLogWorker close()
2025-01-11 20:27:56,072 [grpc-default-executor-5] INFO  server.RaftServer$Division (RaftServerImpl.java:groupRemove(483)) - 751e45cc-852a-454f-97c8-e80f2befe6f4@group-64747DF32B0A: Succeed to remove RaftStorageDirectory Storage Directory /home/runner/work/ozone/ozone/hadoop-ozone/integration-test/target/test-dir/MiniOzoneClusterImpl-19e1eff0-706f-497d-806e-bf7d4c525004/ozone-meta/datanode-6/ratis/fc4cc5f0-121d-48a3-95c3-64747df32b0a
2025-01-11 20:27:56,076 [b6b79d51-52d7-4711-a690-06a51533978a-PipelineCommandHandlerThread-0] INFO  server.RaftServer (RaftServerProxy.java:remove(111)) - b6b79d51-52d7-4711-a690-06a51533978a: remove  FOLLOWER b6b79d51-52d7-4711-a690-06a51533978a@group-64747DF32B0A:t1, leader=751e45cc-852a-454f-97c8-e80f2befe6f4, voted=751e45cc-852a-454f-97c8-e80f2befe6f4, raftlog=Memoized:b6b79d51-52d7-4711-a690-06a51533978a@group-64747DF32B0A-SegmentedRaftLog:OPENED:c0:last(t:1, i:0), conf=conf: {index: 0, cur=peers:[b6b79d51-52d7-4711-a690-06a51533978a|127.0.0.1:15052, 4d3e3722-41cc-4fd9-b8c2-1e24fef1c1d7|127.0.0.1:15088, 751e45cc-852a-454f-97c8-e80f2befe6f4|127.0.0.1:15061]|listeners:[], old=null} RUNNING
2025-01-11 20:27:56,076 [b6b79d51-52d7-4711-a690-06a51533978a-PipelineCommandHandlerThread-0] INFO  server.RaftServer$Division (RaftServerImpl.java:lambda$close$1(513)) - b6b79d51-52d7-4711-a690-06a51533978a@group-64747DF32B0A: shutdown
2025-01-11 20:27:56,076 [b6b79d51-52d7-4711-a690-06a51533978a-PipelineCommandHandlerThread-0] INFO  util.JmxRegister (JmxRegister.java:unregister(74)) - Successfully un-registered JMX Bean with object name Ratis:service=RaftServer,group=group-64747DF32B0A,id=b6b79d51-52d7-4711-a690-06a51533978a
2025-01-11 20:27:56,076 [b6b79d51-52d7-4711-a690-06a51533978a-PipelineCommandHandlerThread-0] INFO  impl.RoleInfo (RoleInfo.java:shutdownFollowerState(121)) - b6b79d51-52d7-4711-a690-06a51533978a: shutdown b6b79d51-52d7-4711-a690-06a51533978a@group-64747DF32B0A-FollowerState
2025-01-11 20:27:56,076 [b6b79d51-52d7-4711-a690-06a51533978a-PipelineCommandHandlerThread-0] INFO  impl.StateMachineUpdater (StateMachineUpdater.java:stopAndJoin(164)) - b6b79d51-52d7-4711-a690-06a51533978a@group-64747DF32B0A-StateMachineUpdater: set stopIndex = 0
2025-01-11 20:27:56,076 [b6b79d51-52d7-4711-a690-06a51533978a@group-64747DF32B0A-StateMachineUpdater] INFO  ratis.ContainerStateMachine (ContainerStateMachine.java:takeSnapshot(378)) - group-64747DF32B0A: Taking a snapshot at:(t:1, i:0) file /home/runner/work/ozone/ozone/hadoop-ozone/integration-test/target/test-dir/MiniOzoneClusterImpl-19e1eff0-706f-497d-806e-bf7d4c525004/ozone-meta/datanode-5/ratis/fc4cc5f0-121d-48a3-95c3-64747df32b0a/sm/snapshot.1_0
2025-01-11 20:27:56,076 [b6b79d51-52d7-4711-a690-06a51533978a@group-64747DF32B0A-FollowerState] INFO  impl.FollowerState (FollowerState.java:runImpl(170)) - b6b79d51-52d7-4711-a690-06a51533978a@group-64747DF32B0A-FollowerState was interrupted
2025-01-11 20:27:56,077 [b6b79d51-52d7-4711-a690-06a51533978a@group-64747DF32B0A-StateMachineUpdater] INFO  ratis.ContainerStateMachine (ContainerStateMachine.java:takeSnapshot(389)) - group-64747DF32B0A: Finished taking a snapshot at:(t:1, i:0) file:/home/runner/work/ozone/ozone/hadoop-ozone/integration-test/target/test-dir/MiniOzoneClusterImpl-19e1eff0-706f-497d-806e-bf7d4c525004/ozone-meta/datanode-5/ratis/fc4cc5f0-121d-48a3-95c3-64747df32b0a/sm/snapshot.1_0 took: 1 ms
2025-01-11 20:27:56,078 [b6b79d51-52d7-4711-a690-06a51533978a@group-64747DF32B0A-StateMachineUpdater] INFO  impl.StateMachineUpdater (StateMachineUpdater.java:takeSnapshot(303)) - b6b79d51-52d7-4711-a690-06a51533978a@group-64747DF32B0A-StateMachineUpdater: Took a snapshot at index 0
2025-01-11 20:27:56,078 [b6b79d51-52d7-4711-a690-06a51533978a@group-64747DF32B0A-StateMachineUpdater] INFO  impl.StateMachineUpdater (StateMachineUpdater.java:lambda$new$0(102)) - b6b79d51-52d7-4711-a690-06a51533978a@group-64747DF32B0A-StateMachineUpdater: snapshotIndex: updateIncreasingly -1 -> 0
2025-01-11 20:27:56,078 [b6b79d51-52d7-4711-a690-06a51533978a@group-64747DF32B0A-StateMachineUpdater] INFO  impl.StateMachineUpdater (StateMachineUpdater.java:stop(141)) - b6b79d51-52d7-4711-a690-06a51533978a@group-64747DF32B0A-StateMachineUpdater: closing ContainerStateMachine, lastApplied=(t:1, i:0)
2025-01-11 20:27:56,079 [b6b79d51-52d7-4711-a690-06a51533978a@group-64747DF32B0A-cacheEviction-AwaitToRun] INFO  util.AwaitToRun (AwaitToRun.java:run(49)) - b6b79d51-52d7-4711-a690-06a51533978a@group-64747DF32B0A-cacheEviction-AwaitToRun-AwaitForSignal is interrupted
2025-01-11 20:27:56,212 [b6b79d51-52d7-4711-a690-06a51533978a-PipelineCommandHandlerThread-0] INFO  segmented.SegmentedRaftLogWorker (SegmentedRaftLogWorker.java:close(252)) - b6b79d51-52d7-4711-a690-06a51533978a@group-64747DF32B0A-SegmentedRaftLogWorker close()
2025-01-11 20:27:56,213 [b6b79d51-52d7-4711-a690-06a51533978a-PipelineCommandHandlerThread-0] INFO  server.RaftServer$Division (RaftServerImpl.java:groupRemove(483)) - b6b79d51-52d7-4711-a690-06a51533978a@group-64747DF32B0A: Succeed to remove RaftStorageDirectory Storage Directory /home/runner/work/ozone/ozone/hadoop-ozone/integration-test/target/test-dir/MiniOzoneClusterImpl-19e1eff0-706f-497d-806e-bf7d4c525004/ozone-meta/datanode-5/ratis/fc4cc5f0-121d-48a3-95c3-64747df32b0a
2025-01-11 20:27:56,214 [b6b79d51-52d7-4711-a690-06a51533978a-PipelineCommandHandlerThread-0] INFO  commandhandler.ClosePipelineCommandHandler (ClosePipelineCommandHandler.java:lambda$handle$2(145)) - Close Pipeline PipelineID=fc4cc5f0-121d-48a3-95c3-64747df32b0a command on datanode b6b79d51-52d7-4711-a690-06a51533978a.
2025-01-11 20:27:56,396 [ac32094a-198b-4072-99dd-552311e88daf-CloseContainerThread-2] INFO  keyvalue.KeyValueContainer (KeyValueContainer.java:flushAndSyncDB(529)) - Container 2 is synced with bcsId 0.
2025-01-11 20:27:56,396 [ac32094a-198b-4072-99dd-552311e88daf-CloseContainerThread-2] INFO  keyvalue.KeyValueContainer (KeyValueContainer.java:flushAndSyncDB(529)) - Container 2 is synced with bcsId 0.
2025-01-11 20:27:56,399 [ac32094a-198b-4072-99dd-552311e88daf-CloseContainerThread-2] INFO  keyvalue.KeyValueContainer (KeyValueContainer.java:close(444)) - Container 2 is closed with bcsId 0.
2025-01-11 20:27:56,452 [grpc-default-executor-0] INFO  segmented.SegmentedRaftLogWorker (SegmentedRaftLogWorker.java:close(252)) - ac32094a-198b-4072-99dd-552311e88daf@group-0259CA4FB242-SegmentedRaftLogWorker close()
2025-01-11 20:27:56,453 [grpc-default-executor-0] INFO  server.RaftServer$Division (RaftServerImpl.java:groupRemove(483)) - ac32094a-198b-4072-99dd-552311e88daf@group-0259CA4FB242: Succeed to remove RaftStorageDirectory Storage Directory /home/runner/work/ozone/ozone/hadoop-ozone/integration-test/target/test-dir/MiniOzoneClusterImpl-19e1eff0-706f-497d-806e-bf7d4c525004/ozone-meta/datanode-10/ratis/083a2687-d55b-410f-9ba7-0259ca4fb242
2025-01-11 20:27:56,463 [79978ed1-1a5c-4832-b584-9e2d85f03cd7-PipelineCommandHandlerThread-0] WARN  commandhandler.ClosePipelineCommandHandler (ClosePipelineCommandHandler.java:lambda$handle$1(137)) - Failed to remove group group-0259CA4FB242 of pipeline PipelineID=083a2687-d55b-410f-9ba7-0259ca4fb242 on peer 4d3e3722-41cc-4fd9-b8c2-1e24fef1c1d7
java.io.IOException: org.apache.ratis.thirdparty.io.grpc.StatusRuntimeException: UNAVAILABLE: io exception
	at org.apache.ratis.grpc.GrpcUtil.unwrapException(GrpcUtil.java:99)
	at org.apache.ratis.grpc.client.GrpcClientProtocolClient.blockingCall(GrpcClientProtocolClient.java:226)
	at org.apache.ratis.grpc.client.GrpcClientProtocolClient.groupAdd(GrpcClientProtocolClient.java:173)
	at org.apache.ratis.grpc.client.GrpcClientRpc.sendRequest(GrpcClientRpc.java:98)
	at org.apache.ratis.client.impl.BlockingImpl.sendRequest(BlockingImpl.java:147)
	at org.apache.ratis.client.impl.BlockingImpl.sendRequestWithRetry(BlockingImpl.java:109)
	at org.apache.ratis.client.impl.GroupManagementImpl.remove(GroupManagementImpl.java:61)
	at org.apache.hadoop.ozone.container.common.statemachine.commandhandler.ClosePipelineCommandHandler.lambda$handle$1(ClosePipelineCommandHandler.java:129)
	at java.base/java.util.stream.ForEachOps$ForEachOp$OfRef.accept(ForEachOps.java:184)
	at java.base/java.util.stream.ReferencePipeline$2$1.accept(ReferencePipeline.java:179)
	at java.base/java.util.HashMap$ValueSpliterator.forEachRemaining(HashMap.java:1787)
	at java.base/java.util.stream.AbstractPipeline.copyInto(AbstractPipeline.java:509)
	at java.base/java.util.stream.AbstractPipeline.wrapAndCopyInto(AbstractPipeline.java:499)
	at java.base/java.util.stream.ForEachOps$ForEachOp.evaluateSequential(ForEachOps.java:151)
	at java.base/java.util.stream.ForEachOps$ForEachOp$OfRef.evaluateSequential(ForEachOps.java:174)
	at java.base/java.util.stream.AbstractPipeline.evaluate(AbstractPipeline.java:234)
	at java.base/java.util.stream.ReferencePipeline.forEach(ReferencePipeline.java:596)
	at org.apache.hadoop.ozone.container.common.statemachine.commandhandler.ClosePipelineCommandHandler.lambda$handle$2(ClosePipelineCommandHandler.java:126)
	at java.base/java.util.concurrent.CompletableFuture$AsyncRun.run(CompletableFuture.java:1804)
	at java.base/java.util.concurrent.ThreadPoolExecutor.runWorker(ThreadPoolExecutor.java:1144)
	at java.base/java.util.concurrent.ThreadPoolExecutor$Worker.run(ThreadPoolExecutor.java:642)
	at java.base/java.lang.Thread.run(Thread.java:1583)
Caused by: org.apache.ratis.thirdparty.io.grpc.StatusRuntimeException: UNAVAILABLE: io exception
	at org.apache.ratis.thirdparty.io.grpc.stub.ClientCalls.toStatusRuntimeException(ClientCalls.java:268)
	at org.apache.ratis.thirdparty.io.grpc.stub.ClientCalls.getUnchecked(ClientCalls.java:249)
	at org.apache.ratis.thirdparty.io.grpc.stub.ClientCalls.blockingUnaryCall(ClientCalls.java:167)
	at org.apache.ratis.proto.grpc.AdminProtocolServiceGrpc$AdminProtocolServiceBlockingStub.groupManagement(AdminProtocolServiceGrpc.java:468)
	at org.apache.ratis.grpc.client.GrpcClientProtocolClient.lambda$groupAdd$6(GrpcClientProtocolClient.java:175)
	at org.apache.ratis.grpc.client.GrpcClientProtocolClient.blockingCall(GrpcClientProtocolClient.java:224)
	... 20 more
Caused by: org.apache.ratis.thirdparty.io.netty.channel.AbstractChannel$AnnotatedConnectException: finishConnect(..) failed: Connection refused: /127.0.0.1:15087
Caused by: java.net.ConnectException: finishConnect(..) failed: Connection refused
	at org.apache.ratis.thirdparty.io.netty.channel.unix.Errors.newConnectException0(Errors.java:166)
	at org.apache.ratis.thirdparty.io.netty.channel.unix.Errors.handleConnectErrno(Errors.java:131)
	at org.apache.ratis.thirdparty.io.netty.channel.unix.Socket.finishConnect(Socket.java:359)
	at org.apache.ratis.thirdparty.io.netty.channel.epoll.AbstractEpollChannel$AbstractEpollUnsafe.doFinishConnect(AbstractEpollChannel.java:715)
	at org.apache.ratis.thirdparty.io.netty.channel.epoll.AbstractEpollChannel$AbstractEpollUnsafe.finishConnect(AbstractEpollChannel.java:692)
	at org.apache.ratis.thirdparty.io.netty.channel.epoll.AbstractEpollChannel$AbstractEpollUnsafe.epollOutReady(AbstractEpollChannel.java:567)
	at org.apache.ratis.thirdparty.io.netty.channel.epoll.EpollEventLoop.processReady(EpollEventLoop.java:491)
	at org.apache.ratis.thirdparty.io.netty.channel.epoll.EpollEventLoop.run(EpollEventLoop.java:399)
	at org.apache.ratis.thirdparty.io.netty.util.concurrent.SingleThreadEventExecutor$4.run(SingleThreadEventExecutor.java:997)
	at org.apache.ratis.thirdparty.io.netty.util.internal.ThreadExecutorMap$2.run(ThreadExecutorMap.java:74)
	at org.apache.ratis.thirdparty.io.netty.util.concurrent.FastThreadLocalRunnable.run(FastThreadLocalRunnable.java:30)
	at java.base/java.lang.Thread.run(Thread.java:1583)
2025-01-11 20:27:56,463 [79978ed1-1a5c-4832-b584-9e2d85f03cd7-PipelineCommandHandlerThread-0] INFO  server.RaftServer (RaftServerProxy.java:remove(111)) - 79978ed1-1a5c-4832-b584-9e2d85f03cd7: remove    LEADER 79978ed1-1a5c-4832-b584-9e2d85f03cd7@group-0259CA4FB242:t1, leader=79978ed1-1a5c-4832-b584-9e2d85f03cd7, voted=79978ed1-1a5c-4832-b584-9e2d85f03cd7, raftlog=Memoized:79978ed1-1a5c-4832-b584-9e2d85f03cd7@group-0259CA4FB242-SegmentedRaftLog:OPENED:c0:last(t:1, i:0), conf=conf: {index: 0, cur=peers:[ac32094a-198b-4072-99dd-552311e88daf|127.0.0.1:15097, 79978ed1-1a5c-4832-b584-9e2d85f03cd7|127.0.0.1:15016, 4d3e3722-41cc-4fd9-b8c2-1e24fef1c1d7|127.0.0.1:15088]|listeners:[], old=null} RUNNING
2025-01-11 20:27:56,463 [79978ed1-1a5c-4832-b584-9e2d85f03cd7-PipelineCommandHandlerThread-0] INFO  server.RaftServer$Division (RaftServerImpl.java:lambda$close$1(513)) - 79978ed1-1a5c-4832-b584-9e2d85f03cd7@group-0259CA4FB242: shutdown
2025-01-11 20:27:56,463 [79978ed1-1a5c-4832-b584-9e2d85f03cd7-PipelineCommandHandlerThread-0] INFO  util.JmxRegister (JmxRegister.java:unregister(74)) - Successfully un-registered JMX Bean with object name Ratis:service=RaftServer,group=group-0259CA4FB242,id=79978ed1-1a5c-4832-b584-9e2d85f03cd7
2025-01-11 20:27:56,463 [79978ed1-1a5c-4832-b584-9e2d85f03cd7-PipelineCommandHandlerThread-0] INFO  impl.RoleInfo (RoleInfo.java:shutdownLeaderState(103)) - 79978ed1-1a5c-4832-b584-9e2d85f03cd7: shutdown 79978ed1-1a5c-4832-b584-9e2d85f03cd7@group-0259CA4FB242-LeaderStateImpl
2025-01-11 20:27:56,464 [79978ed1-1a5c-4832-b584-9e2d85f03cd7@group-0259CA4FB242->4d3e3722-41cc-4fd9-b8c2-1e24fef1c1d7-GrpcLogAppender-LogAppenderDaemon] WARN  server.GrpcLogAppender (GrpcLogAppender.java:mayWait(293)) - 79978ed1-1a5c-4832-b584-9e2d85f03cd7@group-0259CA4FB242->4d3e3722-41cc-4fd9-b8c2-1e24fef1c1d7-GrpcLogAppender: Wait interrupted by java.lang.InterruptedException
2025-01-11 20:27:56,464 [79978ed1-1a5c-4832-b584-9e2d85f03cd7@group-0259CA4FB242->ac32094a-198b-4072-99dd-552311e88daf-GrpcLogAppender-LogAppenderDaemon] WARN  server.GrpcLogAppender (GrpcLogAppender.java:mayWait(293)) - 79978ed1-1a5c-4832-b584-9e2d85f03cd7@group-0259CA4FB242->ac32094a-198b-4072-99dd-552311e88daf-GrpcLogAppender: Wait interrupted by java.lang.InterruptedException
2025-01-11 20:27:56,464 [79978ed1-1a5c-4832-b584-9e2d85f03cd7-PipelineCommandHandlerThread-0] INFO  impl.PendingRequests (PendingRequests.java:sendNotLeaderResponses(287)) - 79978ed1-1a5c-4832-b584-9e2d85f03cd7@group-0259CA4FB242-PendingRequests: sendNotLeaderResponses
2025-01-11 20:27:56,465 [79978ed1-1a5c-4832-b584-9e2d85f03cd7-PipelineCommandHandlerThread-0] INFO  impl.StateMachineUpdater (StateMachineUpdater.java:stopAndJoin(164)) - 79978ed1-1a5c-4832-b584-9e2d85f03cd7@group-0259CA4FB242-StateMachineUpdater: set stopIndex = 0
2025-01-11 20:27:56,465 [79978ed1-1a5c-4832-b584-9e2d85f03cd7@group-0259CA4FB242-StateMachineUpdater] INFO  ratis.ContainerStateMachine (ContainerStateMachine.java:takeSnapshot(378)) - group-0259CA4FB242: Taking a snapshot at:(t:1, i:0) file /home/runner/work/ozone/ozone/hadoop-ozone/integration-test/target/test-dir/MiniOzoneClusterImpl-19e1eff0-706f-497d-806e-bf7d4c525004/ozone-meta/datanode-1/ratis/083a2687-d55b-410f-9ba7-0259ca4fb242/sm/snapshot.1_0
2025-01-11 20:27:56,466 [grpc-default-executor-0] INFO  server.GrpcServerProtocolService (GrpcServerProtocolService.java:onCompleted(157)) - ac32094a-198b-4072-99dd-552311e88daf: Completed APPEND_ENTRIES, lastRequest: 79978ed1-1a5c-4832-b584-9e2d85f03cd7->ac32094a-198b-4072-99dd-552311e88daf#1-t1,previous=(t:0, i:0),leaderCommit=-1,initializing? false,entries: size=1, first=(t:1, i:0), CONFIGURATIONENTRY(current:id:"ac32094a-198b-4072-99dd-552311e88daf"address:"127.0.0.1:15097"dataStreamAddress:"127.0.0.1:15098"clientAddress:"127.0.0.1:15095"adminAddress:"127.0.0.1:15096"startupRole:FOLLOWER, id:"79978ed1-1a5c-4832-b584-9e2d85f03cd7"address:"127.0.0.1:15016"priority:1dataStreamAddress:"127.0.0.1:15017"clientAddress:"127.0.0.1:15014"adminAddress:"127.0.0.1:15015"startupRole:FOLLOWER, id:"4d3e3722-41cc-4fd9-b8c2-1e24fef1c1d7"address:"127.0.0.1:15088"dataStreamAddress:"127.0.0.1:15089"clientAddress:"127.0.0.1:15086"adminAddress:"127.0.0.1:15087"startupRole:FOLLOWER, old:)
2025-01-11 20:27:56,466 [grpc-default-executor-0] INFO  server.GrpcServerProtocolService (GrpcServerProtocolService.java:lambda$onCompleted$5(159)) - ac32094a-198b-4072-99dd-552311e88daf: Completed APPEND_ENTRIES, lastReply: null
2025-01-11 20:27:56,467 [grpc-default-executor-5] INFO  server.GrpcLogAppender (GrpcLogAppender.java:onCompleted(550)) - 79978ed1-1a5c-4832-b584-9e2d85f03cd7@group-0259CA4FB242->ac32094a-198b-4072-99dd-552311e88daf-AppendLogResponseHandler: follower responses appendEntries COMPLETED
2025-01-11 20:27:56,468 [grpc-default-executor-0] INFO  server.GrpcServerProtocolService (GrpcServerProtocolService.java:onCompleted(157)) - ac32094a-198b-4072-99dd-552311e88daf: Completed APPEND_ENTRIES, lastRequest: null
2025-01-11 20:27:56,468 [grpc-default-executor-0] INFO  server.GrpcServerProtocolService (GrpcServerProtocolService.java:lambda$onCompleted$5(159)) - ac32094a-198b-4072-99dd-552311e88daf: Completed APPEND_ENTRIES, lastReply: serverReply {
  requestorId: "79978ed1-1a5c-4832-b584-9e2d85f03cd7"
  replyId: "ac32094a-198b-4072-99dd-552311e88daf"
  raftGroupId {
    id: "\b:&\207\325[A\017\233\247\002Y\312O\262B"
  }
  callId: 18
  success: true
}
term: 1
nextIndex: 1
matchIndex: 18446744073709551615
isHearbeat: true

2025-01-11 20:27:56,469 [grpc-default-executor-8] INFO  server.GrpcLogAppender (GrpcLogAppender.java:onCompleted(550)) - 79978ed1-1a5c-4832-b584-9e2d85f03cd7@group-0259CA4FB242->ac32094a-198b-4072-99dd-552311e88daf-AppendLogResponseHandler: follower responses appendEntries COMPLETED
2025-01-11 20:27:56,469 [79978ed1-1a5c-4832-b584-9e2d85f03cd7@group-0259CA4FB242-StateMachineUpdater] INFO  ratis.ContainerStateMachine (ContainerStateMachine.java:takeSnapshot(389)) - group-0259CA4FB242: Finished taking a snapshot at:(t:1, i:0) file:/home/runner/work/ozone/ozone/hadoop-ozone/integration-test/target/test-dir/MiniOzoneClusterImpl-19e1eff0-706f-497d-806e-bf7d4c525004/ozone-meta/datanode-1/ratis/083a2687-d55b-410f-9ba7-0259ca4fb242/sm/snapshot.1_0 took: 3 ms
2025-01-11 20:27:56,469 [79978ed1-1a5c-4832-b584-9e2d85f03cd7@group-0259CA4FB242-StateMachineUpdater] INFO  impl.StateMachineUpdater (StateMachineUpdater.java:takeSnapshot(303)) - 79978ed1-1a5c-4832-b584-9e2d85f03cd7@group-0259CA4FB242-StateMachineUpdater: Took a snapshot at index 0
2025-01-11 20:27:56,469 [79978ed1-1a5c-4832-b584-9e2d85f03cd7@group-0259CA4FB242-StateMachineUpdater] INFO  impl.StateMachineUpdater (StateMachineUpdater.java:lambda$new$0(102)) - 79978ed1-1a5c-4832-b584-9e2d85f03cd7@group-0259CA4FB242-StateMachineUpdater: snapshotIndex: updateIncreasingly -1 -> 0
2025-01-11 20:27:56,469 [79978ed1-1a5c-4832-b584-9e2d85f03cd7@group-0259CA4FB242-StateMachineUpdater] INFO  impl.StateMachineUpdater (StateMachineUpdater.java:stop(141)) - 79978ed1-1a5c-4832-b584-9e2d85f03cd7@group-0259CA4FB242-StateMachineUpdater: closing ContainerStateMachine, lastApplied=(t:1, i:0)
2025-01-11 20:27:56,471 [79978ed1-1a5c-4832-b584-9e2d85f03cd7@group-0259CA4FB242-cacheEviction-AwaitToRun] INFO  util.AwaitToRun (AwaitToRun.java:run(49)) - 79978ed1-1a5c-4832-b584-9e2d85f03cd7@group-0259CA4FB242-cacheEviction-AwaitToRun-AwaitForSignal is interrupted
2025-01-11 20:27:56,533 [grpc-default-executor-0] INFO  server.RaftServer (RaftServerProxy.java:remove(111)) - 3296053d-9d54-4057-a6a8-67c4b6ec6587: remove  FOLLOWER 3296053d-9d54-4057-a6a8-67c4b6ec6587@group-7F1E2C34C45B:t1, leader=4d3e3722-41cc-4fd9-b8c2-1e24fef1c1d7, voted=4d3e3722-41cc-4fd9-b8c2-1e24fef1c1d7, raftlog=Memoized:3296053d-9d54-4057-a6a8-67c4b6ec6587@group-7F1E2C34C45B-SegmentedRaftLog:OPENED:c0:last(t:1, i:0), conf=conf: {index: 0, cur=peers:[3296053d-9d54-4057-a6a8-67c4b6ec6587|127.0.0.1:15034, 02fc1759-725d-47af-8349-873c9c5c9167|127.0.0.1:15025, 4d3e3722-41cc-4fd9-b8c2-1e24fef1c1d7|127.0.0.1:15088]|listeners:[], old=null} RUNNING
2025-01-11 20:27:56,533 [grpc-default-executor-0] INFO  server.RaftServer$Division (RaftServerImpl.java:lambda$close$1(513)) - 3296053d-9d54-4057-a6a8-67c4b6ec6587@group-7F1E2C34C45B: shutdown
2025-01-11 20:27:56,533 [grpc-default-executor-0] INFO  util.JmxRegister (JmxRegister.java:unregister(74)) - Successfully un-registered JMX Bean with object name Ratis:service=RaftServer,group=group-7F1E2C34C45B,id=3296053d-9d54-4057-a6a8-67c4b6ec6587
2025-01-11 20:27:56,533 [grpc-default-executor-0] INFO  impl.RoleInfo (RoleInfo.java:shutdownFollowerState(121)) - 3296053d-9d54-4057-a6a8-67c4b6ec6587: shutdown 3296053d-9d54-4057-a6a8-67c4b6ec6587@group-7F1E2C34C45B-FollowerState
2025-01-11 20:27:56,533 [grpc-default-executor-0] INFO  impl.StateMachineUpdater (StateMachineUpdater.java:stopAndJoin(164)) - 3296053d-9d54-4057-a6a8-67c4b6ec6587@group-7F1E2C34C45B-StateMachineUpdater: set stopIndex = 0
2025-01-11 20:27:56,533 [3296053d-9d54-4057-a6a8-67c4b6ec6587@group-7F1E2C34C45B-StateMachineUpdater] INFO  ratis.ContainerStateMachine (ContainerStateMachine.java:takeSnapshot(378)) - group-7F1E2C34C45B: Taking a snapshot at:(t:1, i:0) file /home/runner/work/ozone/ozone/hadoop-ozone/integration-test/target/test-dir/MiniOzoneClusterImpl-19e1eff0-706f-497d-806e-bf7d4c525004/ozone-meta/datanode-3/ratis/d54be83b-67e1-4a10-83d2-7f1e2c34c45b/sm/snapshot.1_0
2025-01-11 20:27:56,533 [3296053d-9d54-4057-a6a8-67c4b6ec6587@group-7F1E2C34C45B-FollowerState] INFO  impl.FollowerState (FollowerState.java:runImpl(170)) - 3296053d-9d54-4057-a6a8-67c4b6ec6587@group-7F1E2C34C45B-FollowerState was interrupted
2025-01-11 20:27:56,534 [3296053d-9d54-4057-a6a8-67c4b6ec6587@group-7F1E2C34C45B-StateMachineUpdater] INFO  ratis.ContainerStateMachine (ContainerStateMachine.java:takeSnapshot(389)) - group-7F1E2C34C45B: Finished taking a snapshot at:(t:1, i:0) file:/home/runner/work/ozone/ozone/hadoop-ozone/integration-test/target/test-dir/MiniOzoneClusterImpl-19e1eff0-706f-497d-806e-bf7d4c525004/ozone-meta/datanode-3/ratis/d54be83b-67e1-4a10-83d2-7f1e2c34c45b/sm/snapshot.1_0 took: 1 ms
2025-01-11 20:27:56,535 [3296053d-9d54-4057-a6a8-67c4b6ec6587@group-7F1E2C34C45B-StateMachineUpdater] INFO  impl.StateMachineUpdater (StateMachineUpdater.java:takeSnapshot(303)) - 3296053d-9d54-4057-a6a8-67c4b6ec6587@group-7F1E2C34C45B-StateMachineUpdater: Took a snapshot at index 0
2025-01-11 20:27:56,535 [3296053d-9d54-4057-a6a8-67c4b6ec6587@group-7F1E2C34C45B-StateMachineUpdater] INFO  impl.StateMachineUpdater (StateMachineUpdater.java:lambda$new$0(102)) - 3296053d-9d54-4057-a6a8-67c4b6ec6587@group-7F1E2C34C45B-StateMachineUpdater: snapshotIndex: updateIncreasingly -1 -> 0
2025-01-11 20:27:56,535 [3296053d-9d54-4057-a6a8-67c4b6ec6587@group-7F1E2C34C45B-StateMachineUpdater] INFO  impl.StateMachineUpdater (StateMachineUpdater.java:stop(141)) - 3296053d-9d54-4057-a6a8-67c4b6ec6587@group-7F1E2C34C45B-StateMachineUpdater: closing ContainerStateMachine, lastApplied=(t:1, i:0)
2025-01-11 20:27:56,536 [3296053d-9d54-4057-a6a8-67c4b6ec6587@group-7F1E2C34C45B-cacheEviction-AwaitToRun] INFO  util.AwaitToRun (AwaitToRun.java:run(49)) - 3296053d-9d54-4057-a6a8-67c4b6ec6587@group-7F1E2C34C45B-cacheEviction-AwaitToRun-AwaitForSignal is interrupted
2025-01-11 20:27:56,541 [grpc-default-executor-11] INFO  segmented.SegmentedRaftLogWorker (SegmentedRaftLogWorker.java:close(252)) - 751e45cc-852a-454f-97c8-e80f2befe6f4@group-5EFE4EDDA995-SegmentedRaftLogWorker close()
2025-01-11 20:27:56,542 [grpc-default-executor-11] INFO  server.RaftServer$Division (RaftServerImpl.java:groupRemove(483)) - 751e45cc-852a-454f-97c8-e80f2befe6f4@group-5EFE4EDDA995: Succeed to remove RaftStorageDirectory Storage Directory /home/runner/work/ozone/ozone/hadoop-ozone/integration-test/target/test-dir/MiniOzoneClusterImpl-19e1eff0-706f-497d-806e-bf7d4c525004/ozone-meta/datanode-6/ratis/b2ce7b8c-a566-4c83-a3d0-5efe4edda995
2025-01-11 20:27:56,544 [eca5a246-1f8f-493f-b50d-7eee1f2fec76-PipelineCommandHandlerThread-0] INFO  server.RaftServer (RaftServerProxy.java:remove(111)) - eca5a246-1f8f-493f-b50d-7eee1f2fec76: remove    LEADER eca5a246-1f8f-493f-b50d-7eee1f2fec76@group-5EFE4EDDA995:t2, leader=eca5a246-1f8f-493f-b50d-7eee1f2fec76, voted=eca5a246-1f8f-493f-b50d-7eee1f2fec76, raftlog=Memoized:eca5a246-1f8f-493f-b50d-7eee1f2fec76@group-5EFE4EDDA995-SegmentedRaftLog:OPENED:c2:last(t:2, i:2), conf=conf: {index: 1, cur=peers:[4d3e3722-41cc-4fd9-b8c2-1e24fef1c1d7|127.0.0.1:15088, eca5a246-1f8f-493f-b50d-7eee1f2fec76|127.0.0.1:15070, 751e45cc-852a-454f-97c8-e80f2befe6f4|127.0.0.1:15061]|listeners:[], old=null} RUNNING
2025-01-11 20:27:56,544 [eca5a246-1f8f-493f-b50d-7eee1f2fec76-PipelineCommandHandlerThread-0] INFO  server.RaftServer$Division (RaftServerImpl.java:lambda$close$1(513)) - eca5a246-1f8f-493f-b50d-7eee1f2fec76@group-5EFE4EDDA995: shutdown
2025-01-11 20:27:56,545 [eca5a246-1f8f-493f-b50d-7eee1f2fec76-PipelineCommandHandlerThread-0] INFO  util.JmxRegister (JmxRegister.java:unregister(74)) - Successfully un-registered JMX Bean with object name Ratis:service=RaftServer,group=group-5EFE4EDDA995,id=eca5a246-1f8f-493f-b50d-7eee1f2fec76
2025-01-11 20:27:56,545 [eca5a246-1f8f-493f-b50d-7eee1f2fec76-PipelineCommandHandlerThread-0] INFO  impl.RoleInfo (RoleInfo.java:shutdownLeaderState(103)) - eca5a246-1f8f-493f-b50d-7eee1f2fec76: shutdown eca5a246-1f8f-493f-b50d-7eee1f2fec76@group-5EFE4EDDA995-LeaderStateImpl
2025-01-11 20:27:56,545 [eca5a246-1f8f-493f-b50d-7eee1f2fec76@group-5EFE4EDDA995->4d3e3722-41cc-4fd9-b8c2-1e24fef1c1d7-GrpcLogAppender-LogAppenderDaemon] WARN  server.GrpcLogAppender (GrpcLogAppender.java:mayWait(293)) - eca5a246-1f8f-493f-b50d-7eee1f2fec76@group-5EFE4EDDA995->4d3e3722-41cc-4fd9-b8c2-1e24fef1c1d7-GrpcLogAppender: Wait interrupted by java.lang.InterruptedException
2025-01-11 20:27:56,545 [eca5a246-1f8f-493f-b50d-7eee1f2fec76-PipelineCommandHandlerThread-0] INFO  impl.PendingRequests (PendingRequests.java:sendNotLeaderResponses(287)) - eca5a246-1f8f-493f-b50d-7eee1f2fec76@group-5EFE4EDDA995-PendingRequests: sendNotLeaderResponses
2025-01-11 20:27:56,545 [eca5a246-1f8f-493f-b50d-7eee1f2fec76@group-5EFE4EDDA995->751e45cc-852a-454f-97c8-e80f2befe6f4-GrpcLogAppender-LogAppenderDaemon] WARN  server.GrpcLogAppender (GrpcLogAppender.java:mayWait(293)) - eca5a246-1f8f-493f-b50d-7eee1f2fec76@group-5EFE4EDDA995->751e45cc-852a-454f-97c8-e80f2befe6f4-GrpcLogAppender: Wait interrupted by java.lang.InterruptedException
2025-01-11 20:27:56,546 [grpc-default-executor-8] INFO  server.GrpcServerProtocolService (GrpcServerProtocolService.java:onCompleted(157)) - 751e45cc-852a-454f-97c8-e80f2befe6f4: Completed APPEND_ENTRIES, lastRequest: null
2025-01-11 20:27:56,547 [grpc-default-executor-8] INFO  server.GrpcServerProtocolService (GrpcServerProtocolService.java:lambda$onCompleted$5(159)) - 751e45cc-852a-454f-97c8-e80f2befe6f4: Completed APPEND_ENTRIES, lastReply: serverReply {
  requestorId: "eca5a246-1f8f-493f-b50d-7eee1f2fec76"
  replyId: "751e45cc-852a-454f-97c8-e80f2befe6f4"
  raftGroupId {
    id: "\262\316{\214\245fL\203\243\320^\376N\335\251\225"
  }
  success: true
}
term: 2
nextIndex: 1
matchIndex: 18446744073709551615
isHearbeat: true

2025-01-11 20:27:56,547 [eca5a246-1f8f-493f-b50d-7eee1f2fec76-PipelineCommandHandlerThread-0] INFO  impl.StateMachineUpdater (StateMachineUpdater.java:stopAndJoin(164)) - eca5a246-1f8f-493f-b50d-7eee1f2fec76@group-5EFE4EDDA995-StateMachineUpdater: set stopIndex = 2
2025-01-11 20:27:56,547 [eca5a246-1f8f-493f-b50d-7eee1f2fec76@group-5EFE4EDDA995-StateMachineUpdater] INFO  ratis.ContainerStateMachine (ContainerStateMachine.java:takeSnapshot(378)) - group-5EFE4EDDA995: Taking a snapshot at:(t:2, i:2) file /home/runner/work/ozone/ozone/hadoop-ozone/integration-test/target/test-dir/MiniOzoneClusterImpl-19e1eff0-706f-497d-806e-bf7d4c525004/ozone-meta/datanode-7/ratis/b2ce7b8c-a566-4c83-a3d0-5efe4edda995/sm/snapshot.2_2
2025-01-11 20:27:56,547 [grpc-default-executor-13] INFO  server.GrpcLogAppender (GrpcLogAppender.java:onCompleted(550)) - eca5a246-1f8f-493f-b50d-7eee1f2fec76@group-5EFE4EDDA995->751e45cc-852a-454f-97c8-e80f2befe6f4-AppendLogResponseHandler: follower responses appendEntries COMPLETED
2025-01-11 20:27:56,548 [eca5a246-1f8f-493f-b50d-7eee1f2fec76@group-5EFE4EDDA995-StateMachineUpdater] INFO  ratis.ContainerStateMachine (ContainerStateMachine.java:takeSnapshot(389)) - group-5EFE4EDDA995: Finished taking a snapshot at:(t:2, i:2) file:/home/runner/work/ozone/ozone/hadoop-ozone/integration-test/target/test-dir/MiniOzoneClusterImpl-19e1eff0-706f-497d-806e-bf7d4c525004/ozone-meta/datanode-7/ratis/b2ce7b8c-a566-4c83-a3d0-5efe4edda995/sm/snapshot.2_2 took: 1 ms
2025-01-11 20:27:56,548 [eca5a246-1f8f-493f-b50d-7eee1f2fec76@group-5EFE4EDDA995-StateMachineUpdater] INFO  impl.StateMachineUpdater (StateMachineUpdater.java:takeSnapshot(303)) - eca5a246-1f8f-493f-b50d-7eee1f2fec76@group-5EFE4EDDA995-StateMachineUpdater: Took a snapshot at index 2
2025-01-11 20:27:56,548 [eca5a246-1f8f-493f-b50d-7eee1f2fec76@group-5EFE4EDDA995-StateMachineUpdater] INFO  impl.StateMachineUpdater (StateMachineUpdater.java:lambda$new$0(102)) - eca5a246-1f8f-493f-b50d-7eee1f2fec76@group-5EFE4EDDA995-StateMachineUpdater: snapshotIndex: updateIncreasingly -1 -> 2
2025-01-11 20:27:56,548 [eca5a246-1f8f-493f-b50d-7eee1f2fec76@group-5EFE4EDDA995-StateMachineUpdater] INFO  impl.StateMachineUpdater (StateMachineUpdater.java:stop(141)) - eca5a246-1f8f-493f-b50d-7eee1f2fec76@group-5EFE4EDDA995-StateMachineUpdater: closing ContainerStateMachine, lastApplied=(t:2, i:2)
2025-01-11 20:27:56,549 [eca5a246-1f8f-493f-b50d-7eee1f2fec76@group-5EFE4EDDA995-cacheEviction-AwaitToRun] INFO  util.AwaitToRun (AwaitToRun.java:run(49)) - eca5a246-1f8f-493f-b50d-7eee1f2fec76@group-5EFE4EDDA995-cacheEviction-AwaitToRun-AwaitForSignal is interrupted
2025-01-11 20:27:56,549 [grpc-default-executor-11] INFO  server.GrpcServerProtocolService (GrpcServerProtocolService.java:onCompleted(157)) - 751e45cc-852a-454f-97c8-e80f2befe6f4: Completed APPEND_ENTRIES, lastRequest: eca5a246-1f8f-493f-b50d-7eee1f2fec76->751e45cc-852a-454f-97c8-e80f2befe6f4#2-t2,previous=(t:2, i:1),leaderCommit=1,initializing? false,entries: size=1, first=(t:2, i:2), METADATAENTRY(c:1)
2025-01-11 20:27:56,549 [grpc-default-executor-11] INFO  server.GrpcServerProtocolService (GrpcServerProtocolService.java:lambda$onCompleted$5(159)) - 751e45cc-852a-454f-97c8-e80f2befe6f4: Completed APPEND_ENTRIES, lastReply: null
2025-01-11 20:27:56,550 [grpc-default-executor-8] INFO  server.GrpcLogAppender (GrpcLogAppender.java:onCompleted(550)) - eca5a246-1f8f-493f-b50d-7eee1f2fec76@group-5EFE4EDDA995->751e45cc-852a-454f-97c8-e80f2befe6f4-AppendLogResponseHandler: follower responses appendEntries COMPLETED
2025-01-11 20:27:56,853 [grpc-default-executor-0] INFO  segmented.SegmentedRaftLogWorker (SegmentedRaftLogWorker.java:close(252)) - 3296053d-9d54-4057-a6a8-67c4b6ec6587@group-7F1E2C34C45B-SegmentedRaftLogWorker close()
2025-01-11 20:27:56,855 [grpc-default-executor-0] INFO  server.RaftServer$Division (RaftServerImpl.java:groupRemove(483)) - 3296053d-9d54-4057-a6a8-67c4b6ec6587@group-7F1E2C34C45B: Succeed to remove RaftStorageDirectory Storage Directory /home/runner/work/ozone/ozone/hadoop-ozone/integration-test/target/test-dir/MiniOzoneClusterImpl-19e1eff0-706f-497d-806e-bf7d4c525004/ozone-meta/datanode-3/ratis/d54be83b-67e1-4a10-83d2-7f1e2c34c45b
2025-01-11 20:27:56,876 [02fc1759-725d-47af-8349-873c9c5c9167-PipelineCommandHandlerThread-0] WARN  commandhandler.ClosePipelineCommandHandler (ClosePipelineCommandHandler.java:lambda$handle$1(137)) - Failed to remove group group-7F1E2C34C45B of pipeline PipelineID=d54be83b-67e1-4a10-83d2-7f1e2c34c45b on peer 4d3e3722-41cc-4fd9-b8c2-1e24fef1c1d7
java.io.IOException: org.apache.ratis.thirdparty.io.grpc.StatusRuntimeException: UNAVAILABLE: io exception
	at org.apache.ratis.grpc.GrpcUtil.unwrapException(GrpcUtil.java:99)
	at org.apache.ratis.grpc.client.GrpcClientProtocolClient.blockingCall(GrpcClientProtocolClient.java:226)
	at org.apache.ratis.grpc.client.GrpcClientProtocolClient.groupAdd(GrpcClientProtocolClient.java:173)
	at org.apache.ratis.grpc.client.GrpcClientRpc.sendRequest(GrpcClientRpc.java:98)
	at org.apache.ratis.client.impl.BlockingImpl.sendRequest(BlockingImpl.java:147)
	at org.apache.ratis.client.impl.BlockingImpl.sendRequestWithRetry(BlockingImpl.java:109)
	at org.apache.ratis.client.impl.GroupManagementImpl.remove(GroupManagementImpl.java:61)
	at org.apache.hadoop.ozone.container.common.statemachine.commandhandler.ClosePipelineCommandHandler.lambda$handle$1(ClosePipelineCommandHandler.java:129)
	at java.base/java.util.stream.ForEachOps$ForEachOp$OfRef.accept(ForEachOps.java:184)
	at java.base/java.util.stream.ReferencePipeline$2$1.accept(ReferencePipeline.java:179)
	at java.base/java.util.HashMap$ValueSpliterator.forEachRemaining(HashMap.java:1787)
	at java.base/java.util.stream.AbstractPipeline.copyInto(AbstractPipeline.java:509)
	at java.base/java.util.stream.AbstractPipeline.wrapAndCopyInto(AbstractPipeline.java:499)
	at java.base/java.util.stream.ForEachOps$ForEachOp.evaluateSequential(ForEachOps.java:151)
	at java.base/java.util.stream.ForEachOps$ForEachOp$OfRef.evaluateSequential(ForEachOps.java:174)
	at java.base/java.util.stream.AbstractPipeline.evaluate(AbstractPipeline.java:234)
	at java.base/java.util.stream.ReferencePipeline.forEach(ReferencePipeline.java:596)
	at org.apache.hadoop.ozone.container.common.statemachine.commandhandler.ClosePipelineCommandHandler.lambda$handle$2(ClosePipelineCommandHandler.java:126)
	at java.base/java.util.concurrent.CompletableFuture$AsyncRun.run(CompletableFuture.java:1804)
	at java.base/java.util.concurrent.ThreadPoolExecutor.runWorker(ThreadPoolExecutor.java:1144)
	at java.base/java.util.concurrent.ThreadPoolExecutor$Worker.run(ThreadPoolExecutor.java:642)
	at java.base/java.lang.Thread.run(Thread.java:1583)
Caused by: org.apache.ratis.thirdparty.io.grpc.StatusRuntimeException: UNAVAILABLE: io exception
	at org.apache.ratis.thirdparty.io.grpc.stub.ClientCalls.toStatusRuntimeException(ClientCalls.java:268)
	at org.apache.ratis.thirdparty.io.grpc.stub.ClientCalls.getUnchecked(ClientCalls.java:249)
	at org.apache.ratis.thirdparty.io.grpc.stub.ClientCalls.blockingUnaryCall(ClientCalls.java:167)
	at org.apache.ratis.proto.grpc.AdminProtocolServiceGrpc$AdminProtocolServiceBlockingStub.groupManagement(AdminProtocolServiceGrpc.java:468)
	at org.apache.ratis.grpc.client.GrpcClientProtocolClient.lambda$groupAdd$6(GrpcClientProtocolClient.java:175)
	at org.apache.ratis.grpc.client.GrpcClientProtocolClient.blockingCall(GrpcClientProtocolClient.java:224)
	... 20 more
Caused by: org.apache.ratis.thirdparty.io.netty.channel.AbstractChannel$AnnotatedConnectException: finishConnect(..) failed: Connection refused: /127.0.0.1:15087
Caused by: java.net.ConnectException: finishConnect(..) failed: Connection refused
	at org.apache.ratis.thirdparty.io.netty.channel.unix.Errors.newConnectException0(Errors.java:166)
	at org.apache.ratis.thirdparty.io.netty.channel.unix.Errors.handleConnectErrno(Errors.java:131)
	at org.apache.ratis.thirdparty.io.netty.channel.unix.Socket.finishConnect(Socket.java:359)
	at org.apache.ratis.thirdparty.io.netty.channel.epoll.AbstractEpollChannel$AbstractEpollUnsafe.doFinishConnect(AbstractEpollChannel.java:715)
	at org.apache.ratis.thirdparty.io.netty.channel.epoll.AbstractEpollChannel$AbstractEpollUnsafe.finishConnect(AbstractEpollChannel.java:692)
	at org.apache.ratis.thirdparty.io.netty.channel.epoll.AbstractEpollChannel$AbstractEpollUnsafe.epollOutReady(AbstractEpollChannel.java:567)
	at org.apache.ratis.thirdparty.io.netty.channel.epoll.EpollEventLoop.processReady(EpollEventLoop.java:491)
	at org.apache.ratis.thirdparty.io.netty.channel.epoll.EpollEventLoop.run(EpollEventLoop.java:399)
	at org.apache.ratis.thirdparty.io.netty.util.concurrent.SingleThreadEventExecutor$4.run(SingleThreadEventExecutor.java:997)
	at org.apache.ratis.thirdparty.io.netty.util.internal.ThreadExecutorMap$2.run(ThreadExecutorMap.java:74)
	at org.apache.ratis.thirdparty.io.netty.util.concurrent.FastThreadLocalRunnable.run(FastThreadLocalRunnable.java:30)
	at java.base/java.lang.Thread.run(Thread.java:1583)
2025-01-11 20:27:56,877 [02fc1759-725d-47af-8349-873c9c5c9167-PipelineCommandHandlerThread-0] INFO  server.RaftServer (RaftServerProxy.java:remove(111)) - 02fc1759-725d-47af-8349-873c9c5c9167: remove  FOLLOWER 02fc1759-725d-47af-8349-873c9c5c9167@group-7F1E2C34C45B:t1, leader=4d3e3722-41cc-4fd9-b8c2-1e24fef1c1d7, voted=4d3e3722-41cc-4fd9-b8c2-1e24fef1c1d7, raftlog=Memoized:02fc1759-725d-47af-8349-873c9c5c9167@group-7F1E2C34C45B-SegmentedRaftLog:OPENED:c0:last(t:1, i:0), conf=conf: {index: 0, cur=peers:[3296053d-9d54-4057-a6a8-67c4b6ec6587|127.0.0.1:15034, 02fc1759-725d-47af-8349-873c9c5c9167|127.0.0.1:15025, 4d3e3722-41cc-4fd9-b8c2-1e24fef1c1d7|127.0.0.1:15088]|listeners:[], old=null} RUNNING
2025-01-11 20:27:56,877 [02fc1759-725d-47af-8349-873c9c5c9167-PipelineCommandHandlerThread-0] INFO  server.RaftServer$Division (RaftServerImpl.java:lambda$close$1(513)) - 02fc1759-725d-47af-8349-873c9c5c9167@group-7F1E2C34C45B: shutdown
2025-01-11 20:27:56,877 [02fc1759-725d-47af-8349-873c9c5c9167-PipelineCommandHandlerThread-0] INFO  util.JmxRegister (JmxRegister.java:unregister(74)) - Successfully un-registered JMX Bean with object name Ratis:service=RaftServer,group=group-7F1E2C34C45B,id=02fc1759-725d-47af-8349-873c9c5c9167
2025-01-11 20:27:56,878 [02fc1759-725d-47af-8349-873c9c5c9167-PipelineCommandHandlerThread-0] INFO  impl.RoleInfo (RoleInfo.java:shutdownFollowerState(121)) - 02fc1759-725d-47af-8349-873c9c5c9167: shutdown 02fc1759-725d-47af-8349-873c9c5c9167@group-7F1E2C34C45B-FollowerState
2025-01-11 20:27:56,878 [02fc1759-725d-47af-8349-873c9c5c9167@group-7F1E2C34C45B-FollowerState] INFO  impl.FollowerState (FollowerState.java:runImpl(170)) - 02fc1759-725d-47af-8349-873c9c5c9167@group-7F1E2C34C45B-FollowerState was interrupted
2025-01-11 20:27:56,879 [02fc1759-725d-47af-8349-873c9c5c9167-PipelineCommandHandlerThread-0] INFO  impl.StateMachineUpdater (StateMachineUpdater.java:stopAndJoin(164)) - 02fc1759-725d-47af-8349-873c9c5c9167@group-7F1E2C34C45B-StateMachineUpdater: set stopIndex = 0
2025-01-11 20:27:56,879 [02fc1759-725d-47af-8349-873c9c5c9167@group-7F1E2C34C45B-StateMachineUpdater] INFO  ratis.ContainerStateMachine (ContainerStateMachine.java:takeSnapshot(378)) - group-7F1E2C34C45B: Taking a snapshot at:(t:1, i:0) file /home/runner/work/ozone/ozone/hadoop-ozone/integration-test/target/test-dir/MiniOzoneClusterImpl-19e1eff0-706f-497d-806e-bf7d4c525004/ozone-meta/datanode-2/ratis/d54be83b-67e1-4a10-83d2-7f1e2c34c45b/sm/snapshot.1_0
2025-01-11 20:27:56,880 [02fc1759-725d-47af-8349-873c9c5c9167@group-7F1E2C34C45B-StateMachineUpdater] INFO  ratis.ContainerStateMachine (ContainerStateMachine.java:takeSnapshot(389)) - group-7F1E2C34C45B: Finished taking a snapshot at:(t:1, i:0) file:/home/runner/work/ozone/ozone/hadoop-ozone/integration-test/target/test-dir/MiniOzoneClusterImpl-19e1eff0-706f-497d-806e-bf7d4c525004/ozone-meta/datanode-2/ratis/d54be83b-67e1-4a10-83d2-7f1e2c34c45b/sm/snapshot.1_0 took: 2 ms
2025-01-11 20:27:56,881 [02fc1759-725d-47af-8349-873c9c5c9167@group-7F1E2C34C45B-StateMachineUpdater] INFO  impl.StateMachineUpdater (StateMachineUpdater.java:takeSnapshot(303)) - 02fc1759-725d-47af-8349-873c9c5c9167@group-7F1E2C34C45B-StateMachineUpdater: Took a snapshot at index 0
2025-01-11 20:27:56,881 [02fc1759-725d-47af-8349-873c9c5c9167@group-7F1E2C34C45B-StateMachineUpdater] INFO  impl.StateMachineUpdater (StateMachineUpdater.java:lambda$new$0(102)) - 02fc1759-725d-47af-8349-873c9c5c9167@group-7F1E2C34C45B-StateMachineUpdater: snapshotIndex: updateIncreasingly -1 -> 0
2025-01-11 20:27:56,881 [02fc1759-725d-47af-8349-873c9c5c9167@group-7F1E2C34C45B-StateMachineUpdater] INFO  impl.StateMachineUpdater (StateMachineUpdater.java:stop(141)) - 02fc1759-725d-47af-8349-873c9c5c9167@group-7F1E2C34C45B-StateMachineUpdater: closing ContainerStateMachine, lastApplied=(t:1, i:0)
2025-01-11 20:27:56,881 [02fc1759-725d-47af-8349-873c9c5c9167@group-7F1E2C34C45B-cacheEviction-AwaitToRun] INFO  util.AwaitToRun (AwaitToRun.java:run(49)) - 02fc1759-725d-47af-8349-873c9c5c9167@group-7F1E2C34C45B-cacheEviction-AwaitToRun-AwaitForSignal is interrupted
2025-01-11 20:27:56,923 [02fc1759-725d-47af-8349-873c9c5c9167-PipelineCommandHandlerThread-0] INFO  segmented.SegmentedRaftLogWorker (SegmentedRaftLogWorker.java:close(252)) - 02fc1759-725d-47af-8349-873c9c5c9167@group-7F1E2C34C45B-SegmentedRaftLogWorker close()
2025-01-11 20:27:56,925 [02fc1759-725d-47af-8349-873c9c5c9167-PipelineCommandHandlerThread-0] INFO  server.RaftServer$Division (RaftServerImpl.java:groupRemove(483)) - 02fc1759-725d-47af-8349-873c9c5c9167@group-7F1E2C34C45B: Succeed to remove RaftStorageDirectory Storage Directory /home/runner/work/ozone/ozone/hadoop-ozone/integration-test/target/test-dir/MiniOzoneClusterImpl-19e1eff0-706f-497d-806e-bf7d4c525004/ozone-meta/datanode-2/ratis/d54be83b-67e1-4a10-83d2-7f1e2c34c45b
2025-01-11 20:27:56,925 [02fc1759-725d-47af-8349-873c9c5c9167-PipelineCommandHandlerThread-0] INFO  commandhandler.ClosePipelineCommandHandler (ClosePipelineCommandHandler.java:lambda$handle$2(145)) - Close Pipeline PipelineID=d54be83b-67e1-4a10-83d2-7f1e2c34c45b command on datanode 02fc1759-725d-47af-8349-873c9c5c9167.
2025-01-11 20:27:57,429 [79978ed1-1a5c-4832-b584-9e2d85f03cd7-PipelineCommandHandlerThread-0] INFO  segmented.SegmentedRaftLogWorker (SegmentedRaftLogWorker.java:close(252)) - 79978ed1-1a5c-4832-b584-9e2d85f03cd7@group-0259CA4FB242-SegmentedRaftLogWorker close()
2025-01-11 20:27:57,430 [79978ed1-1a5c-4832-b584-9e2d85f03cd7-PipelineCommandHandlerThread-0] INFO  server.RaftServer$Division (RaftServerImpl.java:groupRemove(483)) - 79978ed1-1a5c-4832-b584-9e2d85f03cd7@group-0259CA4FB242: Succeed to remove RaftStorageDirectory Storage Directory /home/runner/work/ozone/ozone/hadoop-ozone/integration-test/target/test-dir/MiniOzoneClusterImpl-19e1eff0-706f-497d-806e-bf7d4c525004/ozone-meta/datanode-1/ratis/083a2687-d55b-410f-9ba7-0259ca4fb242
2025-01-11 20:27:57,430 [79978ed1-1a5c-4832-b584-9e2d85f03cd7-PipelineCommandHandlerThread-0] INFO  commandhandler.ClosePipelineCommandHandler (ClosePipelineCommandHandler.java:lambda$handle$2(145)) - Close Pipeline PipelineID=083a2687-d55b-410f-9ba7-0259ca4fb242 command on datanode 79978ed1-1a5c-4832-b584-9e2d85f03cd7.
2025-01-11 20:27:57,435 [timer3] WARN  server.GrpcLogAppender (GrpcLogAppender.java:lambda$resetClient$1(221)) - eca5a246-1f8f-493f-b50d-7eee1f2fec76@group-5EFE4EDDA995->4d3e3722-41cc-4fd9-b8c2-1e24fef1c1d7-GrpcLogAppender: Follower failed (request=null, errorCount=3); keep nextIndex (1) unchanged and retry. (Repeated 21 times in the last 5.000s)
2025-01-11 20:27:57,435 [timer2] WARN  server.GrpcLogAppender (LogUtils.java:warn(121)) - 751e45cc-852a-454f-97c8-e80f2befe6f4@group-64747DF32B0A->4d3e3722-41cc-4fd9-b8c2-1e24fef1c1d7-AppendLogResponseHandler: Failed appendEntries (Repeated 4 times in the last 5.001s): org.apache.ratis.thirdparty.io.grpc.StatusRuntimeException: UNAVAILABLE: io exception
2025-01-11 20:27:57,438 [timer4] WARN  server.GrpcLogAppender (LogUtils.java:warn(121)) - 79978ed1-1a5c-4832-b584-9e2d85f03cd7@group-0259CA4FB242->4d3e3722-41cc-4fd9-b8c2-1e24fef1c1d7-AppendLogResponseHandler: Failed appendEntries (Repeated 14 times in the last 5.000s): org.apache.ratis.thirdparty.io.grpc.StatusRuntimeException: UNAVAILABLE: io exception
2025-01-11 20:27:57,536 [eca5a246-1f8f-493f-b50d-7eee1f2fec76-PipelineCommandHandlerThread-0] INFO  segmented.SegmentedRaftLogWorker (SegmentedRaftLogWorker.java:close(252)) - eca5a246-1f8f-493f-b50d-7eee1f2fec76@group-5EFE4EDDA995-SegmentedRaftLogWorker close()
2025-01-11 20:27:57,537 [eca5a246-1f8f-493f-b50d-7eee1f2fec76-PipelineCommandHandlerThread-0] INFO  server.RaftServer$Division (RaftServerImpl.java:groupRemove(483)) - eca5a246-1f8f-493f-b50d-7eee1f2fec76@group-5EFE4EDDA995: Succeed to remove RaftStorageDirectory Storage Directory /home/runner/work/ozone/ozone/hadoop-ozone/integration-test/target/test-dir/MiniOzoneClusterImpl-19e1eff0-706f-497d-806e-bf7d4c525004/ozone-meta/datanode-7/ratis/b2ce7b8c-a566-4c83-a3d0-5efe4edda995
2025-01-11 20:27:57,538 [eca5a246-1f8f-493f-b50d-7eee1f2fec76-PipelineCommandHandlerThread-0] INFO  commandhandler.ClosePipelineCommandHandler (ClosePipelineCommandHandler.java:lambda$handle$2(145)) - Close Pipeline PipelineID=b2ce7b8c-a566-4c83-a3d0-5efe4edda995 command on datanode eca5a246-1f8f-493f-b50d-7eee1f2fec76.
2025-01-11 20:28:00,504 [timer1] WARN  server.GrpcLogAppender (LogUtils.java:warn(121)) - eca5a246-1f8f-493f-b50d-7eee1f2fec76@group-5EFE4EDDA995->4d3e3722-41cc-4fd9-b8c2-1e24fef1c1d7-AppendLogResponseHandler: Failed appendEntries (Repeated 8 times in the last 5.000s): org.apache.ratis.thirdparty.io.grpc.StatusRuntimeException: UNAVAILABLE: io exception
2025-01-11 20:28:00,508 [timer3] WARN  server.GrpcLogAppender (GrpcLogAppender.java:lambda$resetClient$1(221)) - eca5a246-1f8f-493f-b50d-7eee1f2fec76@group-5EFE4EDDA995->4d3e3722-41cc-4fd9-b8c2-1e24fef1c1d7-GrpcLogAppender: Follower failed (request=null, errorCount=6); keep nextIndex (2) unchanged and retry. (Repeated 3 times in the last 5.001s)
2025-01-11 20:28:00,536 [timer1] WARN  server.GrpcLogAppender (GrpcLogAppender.java:lambda$resetClient$1(221)) - eca5a246-1f8f-493f-b50d-7eee1f2fec76@group-5EFE4EDDA995->4d3e3722-41cc-4fd9-b8c2-1e24fef1c1d7-GrpcLogAppender: Follower failed (request=null, errorCount=8); keep nextIndex (3) unchanged and retry. (Repeated 2 times in the last 5.000s)
2025-01-11 20:28:04,358 [79978ed1-1a5c-4832-b584-9e2d85f03cd7-BlockDeletingService#0] INFO  interfaces.ContainerDeletionChoosingPolicyTemplate (ContainerDeletionChoosingPolicyTemplate.java:chooseContainerForBlockDeletion(85)) - Chosen 0/5000 blocks from 0 candidate containers.
2025-01-11 20:28:04,647 [02fc1759-725d-47af-8349-873c9c5c9167-BlockDeletingService#0] INFO  interfaces.ContainerDeletionChoosingPolicyTemplate (ContainerDeletionChoosingPolicyTemplate.java:chooseContainerForBlockDeletion(85)) - Chosen 0/5000 blocks from 0 candidate containers.
2025-01-11 20:28:04,940 [3296053d-9d54-4057-a6a8-67c4b6ec6587-BlockDeletingService#0] INFO  interfaces.ContainerDeletionChoosingPolicyTemplate (ContainerDeletionChoosingPolicyTemplate.java:chooseContainerForBlockDeletion(85)) - Chosen 0/5000 blocks from 0 candidate containers.
2025-01-11 20:28:05,316 [4b5ea8a3-88a5-4114-908f-7a85f39bc1cb-BlockDeletingService#0] INFO  interfaces.ContainerDeletionChoosingPolicyTemplate (ContainerDeletionChoosingPolicyTemplate.java:chooseContainerForBlockDeletion(85)) - Chosen 0/5000 blocks from 0 candidate containers.
2025-01-11 20:28:05,634 [b6b79d51-52d7-4711-a690-06a51533978a-BlockDeletingService#0] INFO  interfaces.ContainerDeletionChoosingPolicyTemplate (ContainerDeletionChoosingPolicyTemplate.java:chooseContainerForBlockDeletion(85)) - Chosen 0/5000 blocks from 0 candidate containers.
2025-01-11 20:28:05,961 [751e45cc-852a-454f-97c8-e80f2befe6f4-BlockDeletingService#0] INFO  interfaces.ContainerDeletionChoosingPolicyTemplate (ContainerDeletionChoosingPolicyTemplate.java:chooseContainerForBlockDeletion(85)) - Chosen 0/5000 blocks from 0 candidate containers.
2025-01-11 20:28:06,035 [UnderReplicatedProcessor] INFO  algorithms.SCMContainerPlacementRackScatter (SCMContainerPlacementRackScatter.java:chooseDatanodesInternal(370)) - Chosen nodes: [3296053d-9d54-4057-a6a8-67c4b6ec6587(localhost/127.0.0.1)]. isPolicySatisfied: true.
2025-01-11 20:28:06,035 [UnderReplicatedProcessor] INFO  replication.ReplicationManager (ReplicationManager.java:sendDatanodeCommand(659)) - Sending command [reconstructECContainersCommand: containerID: 1, replicationConfig: EC{rs-3-2-1024k}, sources: [26f755b0-b4b1-4239-8401-e418fca9ef4b(localhost/127.0.0.1) replicaIndex: 1, eca5a246-1f8f-493f-b50d-7eee1f2fec76(localhost/127.0.0.1) replicaIndex: 2, ac32094a-198b-4072-99dd-552311e88daf(localhost/127.0.0.1) replicaIndex: 3, 4b5ea8a3-88a5-4114-908f-7a85f39bc1cb(localhost/127.0.0.1) replicaIndex: 4], targets: [3296053d-9d54-4057-a6a8-67c4b6ec6587(localhost/127.0.0.1)], missingIndexes: [5]] for container ContainerInfo{id=#1, state=CLOSED, stateEnterTime=2025-01-11T20:27:20.006242340Z, pipelineID=PipelineID=ff3f0cfc-8428-4a6c-8845-6972d7b27126, owner=omServiceIdDefault} to 3296053d-9d54-4057-a6a8-67c4b6ec6587(localhost/127.0.0.1) with datanode deadline 1736627856035 and scm deadline 1736627886035
2025-01-11 20:28:06,036 [UnderReplicatedProcessor] INFO  algorithms.SCMContainerPlacementRackScatter (SCMContainerPlacementRackScatter.java:chooseDatanodesInternal(370)) - Chosen nodes: [3296053d-9d54-4057-a6a8-67c4b6ec6587(localhost/127.0.0.1)]. isPolicySatisfied: true.
2025-01-11 20:28:06,036 [UnderReplicatedProcessor] INFO  replication.ReplicationManager (ReplicationManager.java:sendDatanodeCommand(659)) - Sending command [reconstructECContainersCommand: containerID: 2, replicationConfig: EC{rs-3-2-1024k}, sources: [26f755b0-b4b1-4239-8401-e418fca9ef4b(localhost/127.0.0.1) replicaIndex: 2, b6b79d51-52d7-4711-a690-06a51533978a(localhost/127.0.0.1) replicaIndex: 3, 4b5ea8a3-88a5-4114-908f-7a85f39bc1cb(localhost/127.0.0.1) replicaIndex: 4, ac32094a-198b-4072-99dd-552311e88daf(localhost/127.0.0.1) replicaIndex: 5], targets: [3296053d-9d54-4057-a6a8-67c4b6ec6587(localhost/127.0.0.1)], missingIndexes: [1]] for container ContainerInfo{id=#2, state=CLOSED, stateEnterTime=2025-01-11T20:27:55.906178283Z, pipelineID=PipelineID=aace68d4-c4b2-4492-84e3-88e630917d1b, owner=omServiceIdDefault} to 3296053d-9d54-4057-a6a8-67c4b6ec6587(localhost/127.0.0.1) with datanode deadline 1736627856036 and scm deadline 1736627886036
2025-01-11 20:28:06,036 [UnderReplicatedProcessor] INFO  replication.UnhealthyReplicationProcessor (UnhealthyReplicationProcessor.java:processAll(138)) - Processed 2 containers with health state counts {UNDER_REPLICATED=2}, failed processing 0, deferred due to load 0
2025-01-11 20:28:06,036 [ReplicationMonitor] INFO  replication.ReplicationManager (ReplicationManager.java:processAll(379)) - Replication Monitor Thread took 0 milliseconds for processing 2 containers.
2025-01-11 20:28:06,244 [eca5a246-1f8f-493f-b50d-7eee1f2fec76-BlockDeletingService#0] INFO  interfaces.ContainerDeletionChoosingPolicyTemplate (ContainerDeletionChoosingPolicyTemplate.java:chooseContainerForBlockDeletion(85)) - Chosen 0/5000 blocks from 0 candidate containers.
2025-01-11 20:28:06,738 [3296053d-9d54-4057-a6a8-67c4b6ec6587-ContainerReplicationThread-1] INFO  reconstruction.ECReconstructionCoordinatorTask (ECReconstructionCoordinatorTask.java:runTask(75)) - IN_PROGRESS reconstructECContainersCommand: containerID=1, replication=rs-3-2-1024k, missingIndexes=&amp#5;, sources={1=26f755b0-b4b1-4239-8401-e418fca9ef4b(localhost/127.0.0.1), 2=eca5a246-1f8f-493f-b50d-7eee1f2fec76(localhost/127.0.0.1), 3=ac32094a-198b-4072-99dd-552311e88daf(localhost/127.0.0.1), 4=4b5ea8a3-88a5-4114-908f-7a85f39bc1cb(localhost/127.0.0.1)}, targets={5=3296053d-9d54-4057-a6a8-67c4b6ec6587(localhost/127.0.0.1)}
2025-01-11 20:28:06,739 [3296053d-9d54-4057-a6a8-67c4b6ec6587-ContainerReplicationThread-2] INFO  reconstruction.ECReconstructionCoordinatorTask (ECReconstructionCoordinatorTask.java:runTask(75)) - IN_PROGRESS reconstructECContainersCommand: containerID=2, replication=rs-3-2-1024k, missingIndexes=&amp#1;, sources={2=26f755b0-b4b1-4239-8401-e418fca9ef4b(localhost/127.0.0.1), 3=b6b79d51-52d7-4711-a690-06a51533978a(localhost/127.0.0.1), 4=4b5ea8a3-88a5-4114-908f-7a85f39bc1cb(localhost/127.0.0.1), 5=ac32094a-198b-4072-99dd-552311e88daf(localhost/127.0.0.1)}, targets={1=3296053d-9d54-4057-a6a8-67c4b6ec6587(localhost/127.0.0.1)}
2025-01-11 20:28:07,141 [ac32094a-198b-4072-99dd-552311e88daf-BlockDeletingService#0] INFO  interfaces.ContainerDeletionChoosingPolicyTemplate (ContainerDeletionChoosingPolicyTemplate.java:chooseContainerForBlockDeletion(85)) - Chosen 0/5000 blocks from 0 candidate containers.
2025-01-11 20:28:14,949 [StaleRecoveringContainerScrubbingService#4] WARN  keyvalue.KeyValueContainer (KeyValueContainer.java:markContainerUnhealthy(405)) - Moving container /home/runner/work/ozone/ozone/hadoop-ozone/integration-test/target/test-dir/MiniOzoneClusterImpl-19e1eff0-706f-497d-806e-bf7d4c525004/ozone-meta/datanode-3/data-0/hdds/19e1eff0-706f-497d-806e-bf7d4c525004/current/containerDir0/1 to state UNHEALTHY from state:RECOVERING
2025-01-11 20:28:14,950 [StaleRecoveringContainerScrubbingService#4] INFO  background.StaleRecoveringContainerScrubbingService (StaleRecoveringContainerScrubbingService.java:call(91)) - Stale recovering container 1 marked UNHEALTHY
2025-01-11 20:28:16,037 [ReplicationMonitor] INFO  replication.ReplicationManager (ReplicationManager.java:processAll(379)) - Replication Monitor Thread took 1 milliseconds for processing 2 containers.
2025-01-11 20:28:16,524 [timer3] WARN  server.GrpcLogAppender (GrpcLogAppender.java:timeoutAppendRequest(441)) - 26f755b0-b4b1-4239-8401-e418fca9ef4b@group-354EAA679603->eca5a246-1f8f-493f-b50d-7eee1f2fec76-GrpcLogAppender: Timed out HEARTBEAT appendEntries, errorCount=1, request=AppendEntriesRequest:cid=0,entriesCount=0
2025-01-11 20:28:26,037 [UnderReplicatedProcessor] INFO  algorithms.SCMContainerPlacementRackScatter (SCMContainerPlacementRackScatter.java:chooseDatanodesInternal(370)) - Chosen nodes: [79978ed1-1a5c-4832-b584-9e2d85f03cd7(localhost/127.0.0.1)]. isPolicySatisfied: true.
2025-01-11 20:28:26,037 [UnderReplicatedProcessor] INFO  replication.ReplicationManager (ReplicationManager.java:sendDatanodeCommand(659)) - Sending command [reconstructECContainersCommand: containerID: 1, replicationConfig: EC{rs-3-2-1024k}, sources: [26f755b0-b4b1-4239-8401-e418fca9ef4b(localhost/127.0.0.1) replicaIndex: 1, eca5a246-1f8f-493f-b50d-7eee1f2fec76(localhost/127.0.0.1) replicaIndex: 2, ac32094a-198b-4072-99dd-552311e88daf(localhost/127.0.0.1) replicaIndex: 3, 4b5ea8a3-88a5-4114-908f-7a85f39bc1cb(localhost/127.0.0.1) replicaIndex: 4], targets: [79978ed1-1a5c-4832-b584-9e2d85f03cd7(localhost/127.0.0.1)], missingIndexes: [5]] for container ContainerInfo{id=#1, state=CLOSED, stateEnterTime=2025-01-11T20:27:20.006242340Z, pipelineID=PipelineID=ff3f0cfc-8428-4a6c-8845-6972d7b27126, owner=omServiceIdDefault} to 79978ed1-1a5c-4832-b584-9e2d85f03cd7(localhost/127.0.0.1) with datanode deadline 1736627876037 and scm deadline 1736627906037
2025-01-11 20:28:26,038 [UnderReplicatedProcessor] INFO  replication.UnhealthyReplicationProcessor (UnhealthyReplicationProcessor.java:processAll(138)) - Processed 1 containers with health state counts {UNDER_REPLICATED=1}, failed processing 0, deferred due to load 0
2025-01-11 20:28:26,038 [ReplicationMonitor] INFO  replication.ReplicationManager (ReplicationManager.java:processAll(379)) - Replication Monitor Thread took 1 milliseconds for processing 2 containers.
2025-01-11 20:28:26,931 [79978ed1-1a5c-4832-b584-9e2d85f03cd7-ContainerReplicationThread-0] INFO  reconstruction.ECReconstructionCoordinatorTask (ECReconstructionCoordinatorTask.java:runTask(75)) - IN_PROGRESS reconstructECContainersCommand: containerID=1, replication=rs-3-2-1024k, missingIndexes=&amp#5;, sources={1=26f755b0-b4b1-4239-8401-e418fca9ef4b(localhost/127.0.0.1), 2=eca5a246-1f8f-493f-b50d-7eee1f2fec76(localhost/127.0.0.1), 3=ac32094a-198b-4072-99dd-552311e88daf(localhost/127.0.0.1), 4=4b5ea8a3-88a5-4114-908f-7a85f39bc1cb(localhost/127.0.0.1)}, targets={5=79978ed1-1a5c-4832-b584-9e2d85f03cd7(localhost/127.0.0.1)}
2025-01-11 20:28:26,970 [79978ed1-1a5c-4832-b584-9e2d85f03cd7-ContainerReplicationThread-0] WARN  reconstruction.ECReconstructionCoordinator (ECReconstructionCoordinator.java:reconstructECContainerGroup(197)) - Exception while reconstructing the container 1. Cleaning up all the recovering containers in the reconstruction process.
java.lang.NullPointerException: Cannot invoke "org.apache.hadoop.ozone.container.common.interfaces.Container.getContainerState()" because the return value of "org.apache.hadoop.ozone.container.common.impl.ContainerSet.getContainer(long)" is null
	at org.apache.hadoop.ozone.container.TestECContainerRecovery.lambda$testECContainerRecoveryWithTimedOutRecovery$0(TestECContainerRecovery.java:326)
	at org.apache.ozone.test.GenericTestUtils.waitFor(GenericTestUtils.java:214)
	at org.apache.hadoop.ozone.container.TestECContainerRecovery.lambda$testECContainerRecoveryWithTimedOutRecovery$1(TestECContainerRecovery.java:321)
	at org.mockito.internal.stubbing.StubbedInvocationMatcher.answer(StubbedInvocationMatcher.java:42)
	at org.mockito.internal.handler.MockHandlerImpl.handle(MockHandlerImpl.java:103)
	at org.mockito.internal.handler.NullResultGuardian.handle(NullResultGuardian.java:29)
	at org.mockito.internal.handler.InvocationNotifierHandler.handle(InvocationNotifierHandler.java:34)
	at org.mockito.internal.creation.bytebuddy.MockMethodInterceptor.doIntercept(MockMethodInterceptor.java:82)
	at org.mockito.internal.creation.bytebuddy.MockMethodAdvice.handle(MockMethodAdvice.java:134)
	at org.apache.hadoop.ozone.container.ec.reconstruction.ECReconstructionCoordinator.reconstructECBlockGroup(ECReconstructionCoordinator.java:243)
	at org.apache.hadoop.ozone.container.ec.reconstruction.ECReconstructionCoordinator.reconstructECContainerGroup(ECReconstructionCoordinator.java:180)
	at java.base/java.lang.invoke.MethodHandle.invokeWithArguments(MethodHandle.java:733)
	at org.mockito.internal.util.reflection.InstrumentationMemberAccessor$Dispatcher$ByteBuddy$r8gir1Hn.invokeWithArguments(Unknown Source)
	at org.mockito.internal.util.reflection.InstrumentationMemberAccessor.invoke(InstrumentationMemberAccessor.java:242)
	at org.mockito.internal.util.reflection.ModuleMemberAccessor.invoke(ModuleMemberAccessor.java:55)
	at org.mockito.internal.creation.bytebuddy.MockMethodAdvice.tryInvoke(MockMethodAdvice.java:314)
	at org.mockito.internal.creation.bytebuddy.MockMethodAdvice.access$500(MockMethodAdvice.java:64)
	at org.mockito.internal.creation.bytebuddy.MockMethodAdvice$RealMethodCall.invoke(MockMethodAdvice.java:234)
	at org.mockito.internal.invocation.InterceptedInvocation.callRealMethod(InterceptedInvocation.java:142)
	at org.mockito.internal.stubbing.answers.CallsRealMethods.answer(CallsRealMethods.java:45)
	at org.mockito.Answers.answer(Answers.java:90)
	at org.mockito.internal.handler.MockHandlerImpl.handle(MockHandlerImpl.java:111)
	at org.mockito.internal.handler.NullResultGuardian.handle(NullResultGuardian.java:29)
	at org.mockito.internal.handler.InvocationNotifierHandler.handle(InvocationNotifierHandler.java:34)
	at org.mockito.internal.creation.bytebuddy.MockMethodInterceptor.doIntercept(MockMethodInterceptor.java:82)
	at org.mockito.internal.creation.bytebuddy.MockMethodAdvice.handle(MockMethodAdvice.java:134)
	at org.apache.hadoop.ozone.container.ec.reconstruction.ECReconstructionCoordinator.reconstructECContainerGroup(ECReconstructionCoordinator.java:150)
	at org.apache.hadoop.ozone.container.ec.reconstruction.ECReconstructionCoordinatorTask.runTask(ECReconstructionCoordinatorTask.java:78)
	at org.apache.hadoop.ozone.container.replication.ReplicationSupervisor$TaskRunner.run(ReplicationSupervisor.java:401)
	at java.base/java.util.concurrent.ThreadPoolExecutor.runWorker(ThreadPoolExecutor.java:1144)
	at java.base/java.util.concurrent.ThreadPoolExecutor$Worker.run(ThreadPoolExecutor.java:642)
	at java.base/java.lang.Thread.run(Thread.java:1583)
2025-01-11 20:28:27,021 [79978ed1-1a5c-4832-b584-9e2d85f03cd7-ChunkReader-3] INFO  keyvalue.KeyValueContainer (KeyValueContainer.java:markContainerForDelete(425)) - Moving container /home/runner/work/ozone/ozone/hadoop-ozone/integration-test/target/test-dir/MiniOzoneClusterImpl-19e1eff0-706f-497d-806e-bf7d4c525004/ozone-meta/datanode-1/data-0/hdds/19e1eff0-706f-497d-806e-bf7d4c525004/current/containerDir0/1 to state DELETED from state:RECOVERING
2025-01-11 20:28:27,033 [79978ed1-1a5c-4832-b584-9e2d85f03cd7-ContainerReplicationThread-0] WARN  reconstruction.ECReconstructionCoordinatorTask (ECReconstructionCoordinatorTask.java:runTask(89)) - FAILED reconstructECContainersCommand: containerID=1, replication=rs-3-2-1024k, missingIndexes=&amp#5;, sources={1=26f755b0-b4b1-4239-8401-e418fca9ef4b(localhost/127.0.0.1), 2=eca5a246-1f8f-493f-b50d-7eee1f2fec76(localhost/127.0.0.1), 3=ac32094a-198b-4072-99dd-552311e88daf(localhost/127.0.0.1), 4=4b5ea8a3-88a5-4114-908f-7a85f39bc1cb(localhost/127.0.0.1)}, targets={5=79978ed1-1a5c-4832-b584-9e2d85f03cd7(localhost/127.0.0.1)} after 102 ms
java.lang.NullPointerException: Cannot invoke "org.apache.hadoop.ozone.container.common.interfaces.Container.getContainerState()" because the return value of "org.apache.hadoop.ozone.container.common.impl.ContainerSet.getContainer(long)" is null
	at org.apache.hadoop.ozone.container.TestECContainerRecovery.lambda$testECContainerRecoveryWithTimedOutRecovery$0(TestECContainerRecovery.java:326)
	at org.apache.ozone.test.GenericTestUtils.waitFor(GenericTestUtils.java:214)
	at org.apache.hadoop.ozone.container.TestECContainerRecovery.lambda$testECContainerRecoveryWithTimedOutRecovery$1(TestECContainerRecovery.java:321)
	at org.apache.hadoop.ozone.container.ec.reconstruction.ECReconstructionCoordinator.reconstructECBlockGroup(ECReconstructionCoordinator.java:243)
	at org.apache.hadoop.ozone.container.ec.reconstruction.ECReconstructionCoordinator.reconstructECContainerGroup(ECReconstructionCoordinator.java:180)
	at java.base/java.lang.invoke.MethodHandle.invokeWithArguments(MethodHandle.java:733)
	at org.apache.hadoop.ozone.container.ec.reconstruction.ECReconstructionCoordinator.reconstructECContainerGroup(ECReconstructionCoordinator.java:150)
	at org.apache.hadoop.ozone.container.ec.reconstruction.ECReconstructionCoordinatorTask.runTask(ECReconstructionCoordinatorTask.java:78)
	at org.apache.hadoop.ozone.container.replication.ReplicationSupervisor$TaskRunner.run(ReplicationSupervisor.java:401)
	at java.base/java.util.concurrent.ThreadPoolExecutor.runWorker(ThreadPoolExecutor.java:1144)
	at java.base/java.util.concurrent.ThreadPoolExecutor$Worker.run(ThreadPoolExecutor.java:642)
	at java.base/java.lang.Thread.run(Thread.java:1583)
2025-01-11 20:28:27,033 [79978ed1-1a5c-4832-b584-9e2d85f03cd7-ContainerReplicationThread-0] WARN  replication.ReplicationSupervisor (ReplicationSupervisor.java:run(403)) - Failed FAILED reconstructECContainersCommand: containerID=1, replication=rs-3-2-1024k, missingIndexes=&amp#5;, sources={1=26f755b0-b4b1-4239-8401-e418fca9ef4b(localhost/127.0.0.1), 2=eca5a246-1f8f-493f-b50d-7eee1f2fec76(localhost/127.0.0.1), 3=ac32094a-198b-4072-99dd-552311e88daf(localhost/127.0.0.1), 4=4b5ea8a3-88a5-4114-908f-7a85f39bc1cb(localhost/127.0.0.1)}, targets={5=79978ed1-1a5c-4832-b584-9e2d85f03cd7(localhost/127.0.0.1)}
2025-01-11 20:28:34,961 [26f755b0-b4b1-4239-8401-e418fca9ef4b-BlockDeletingService#0] INFO  interfaces.ContainerDeletionChoosingPolicyTemplate (ContainerDeletionChoosingPolicyTemplate.java:chooseContainerForBlockDeletion(85)) - Chosen 0/5000 blocks from 0 candidate containers.
2025-01-11 20:28:36,039 [ReplicationMonitor] INFO  replication.ReplicationManager (ReplicationManager.java:processAll(379)) - Replication Monitor Thread took 1 milliseconds for processing 2 containers.
2025-01-11 20:28:46,039 [ReplicationMonitor] INFO  replication.ReplicationManager (ReplicationManager.java:processAll(379)) - Replication Monitor Thread took 0 milliseconds for processing 2 containers.
2025-01-11 20:28:56,040 [ReplicationMonitor] INFO  replication.ReplicationManager (ReplicationManager.java:processAll(379)) - Replication Monitor Thread took 0 milliseconds for processing 2 containers.
2025-01-11 20:29:04,358 [79978ed1-1a5c-4832-b584-9e2d85f03cd7-BlockDeletingService#1] INFO  interfaces.ContainerDeletionChoosingPolicyTemplate (ContainerDeletionChoosingPolicyTemplate.java:chooseContainerForBlockDeletion(85)) - Chosen 0/5000 blocks from 0 candidate containers.
2025-01-11 20:29:04,648 [02fc1759-725d-47af-8349-873c9c5c9167-BlockDeletingService#1] INFO  interfaces.ContainerDeletionChoosingPolicyTemplate (ContainerDeletionChoosingPolicyTemplate.java:chooseContainerForBlockDeletion(85)) - Chosen 0/5000 blocks from 0 candidate containers.
2025-01-11 20:29:04,941 [3296053d-9d54-4057-a6a8-67c4b6ec6587-BlockDeletingService#1] INFO  interfaces.ContainerDeletionChoosingPolicyTemplate (ContainerDeletionChoosingPolicyTemplate.java:chooseContainerForBlockDeletion(85)) - Chosen 0/5000 blocks from 0 candidate containers.
2025-01-11 20:29:05,317 [4b5ea8a3-88a5-4114-908f-7a85f39bc1cb-BlockDeletingService#1] INFO  interfaces.ContainerDeletionChoosingPolicyTemplate (ContainerDeletionChoosingPolicyTemplate.java:chooseContainerForBlockDeletion(85)) - Chosen 0/5000 blocks from 0 candidate containers.
2025-01-11 20:29:05,634 [b6b79d51-52d7-4711-a690-06a51533978a-BlockDeletingService#1] INFO  interfaces.ContainerDeletionChoosingPolicyTemplate (ContainerDeletionChoosingPolicyTemplate.java:chooseContainerForBlockDeletion(85)) - Chosen 0/5000 blocks from 0 candidate containers.
2025-01-11 20:29:05,961 [751e45cc-852a-454f-97c8-e80f2befe6f4-BlockDeletingService#1] INFO  interfaces.ContainerDeletionChoosingPolicyTemplate (ContainerDeletionChoosingPolicyTemplate.java:chooseContainerForBlockDeletion(85)) - Chosen 0/5000 blocks from 0 candidate containers.
2025-01-11 20:29:06,041 [ReplicationMonitor] INFO  replication.ReplicationManager (ReplicationManager.java:processAll(379)) - Replication Monitor Thread took 0 milliseconds for processing 2 containers.
2025-01-11 20:29:06,245 [eca5a246-1f8f-493f-b50d-7eee1f2fec76-BlockDeletingService#0] INFO  interfaces.ContainerDeletionChoosingPolicyTemplate (ContainerDeletionChoosingPolicyTemplate.java:chooseContainerForBlockDeletion(85)) - Chosen 0/5000 blocks from 0 candidate containers.
2025-01-11 20:29:07,141 [ac32094a-198b-4072-99dd-552311e88daf-BlockDeletingService#1] INFO  interfaces.ContainerDeletionChoosingPolicyTemplate (ContainerDeletionChoosingPolicyTemplate.java:chooseContainerForBlockDeletion(85)) - Chosen 0/5000 blocks from 0 candidate containers.
2025-01-11 20:29:16,042 [ReplicationMonitor] INFO  replication.ReplicationManager (ReplicationManager.java:processAll(379)) - Replication Monitor Thread took 0 milliseconds for processing 2 containers.
2025-01-11 20:29:26,043 [ReplicationMonitor] INFO  replication.ReplicationManager (ReplicationManager.java:processAll(379)) - Replication Monitor Thread took 1 milliseconds for processing 2 containers.
2025-01-11 20:29:34,962 [26f755b0-b4b1-4239-8401-e418fca9ef4b-BlockDeletingService#1] INFO  interfaces.ContainerDeletionChoosingPolicyTemplate (ContainerDeletionChoosingPolicyTemplate.java:chooseContainerForBlockDeletion(85)) - Chosen 0/5000 blocks from 0 candidate containers.
2025-01-11 20:29:36,044 [ReplicationMonitor] INFO  replication.ReplicationManager (ReplicationManager.java:processAll(379)) - Replication Monitor Thread took 1 milliseconds for processing 2 containers.
]]></system-out>
    <system-err><![CDATA[WARNING: A Java agent has been loaded dynamically (/home/runner/.m2/repository/net/bytebuddy/byte-buddy-agent/1.12.19/byte-buddy-agent-1.12.19.jar)
WARNING: If a serviceability tool is in use, please run with -XX:+EnableDynamicAgentLoading to hide this warning
WARNING: If a serviceability tool is not in use, please run with -Djdk.instrument.traceUsage for more information
WARNING: Dynamic loading of agents will be disallowed by default in a future release
]]></system-err>
  </testcase>
</testsuite>