<?xml version="1.0" encoding="UTF-8"?>
<testsuite xmlns:xsi="http://www.w3.org/2001/XMLSchema-instance" xsi:noNamespaceSchemaLocation="https://maven.apache.org/surefire/maven-surefire-plugin/xsd/surefire-test-report-3.0.xsd" version="3.0" name="org.apache.hadoop.ozone.om.TestAddRemoveOzoneManager" time="183.297" tests="4" errors="1" skipped="0" failures="0">
  <properties>
    <property name="java.specification.version" value="17"/>
    <property name="sun.jnu.encoding" value="UTF-8"/>
    <property name="java.class.path" value="/home/runner/work/ozone/ozone/hadoop-ozone/integration-test/target/test-classes:/home/runner/work/ozone/ozone/hadoop-ozone/integration-test/target/classes:/home/runner/work/ozone/ozone/hadoop-ozone/common/target/ozone-common-1.5.0-SNAPSHOT.jar:/home/runner/.m2/repository/io/grpc/grpc-netty/1.58.0/grpc-netty-1.58.0.jar:/home/runner/.m2/repository/io/grpc/grpc-core/1.58.0/grpc-core-1.58.0.jar:/home/runner/.m2/repository/com/google/android/annotations/4.1.1.4/annotations-4.1.1.4.jar:/home/runner/.m2/repository/org/codehaus/mojo/animal-sniffer-annotations/1.23/animal-sniffer-annotations-1.23.jar:/home/runner/.m2/repository/io/grpc/grpc-context/1.58.0/grpc-context-1.58.0.jar:/home/runner/.m2/repository/io/grpc/grpc-util/1.58.0/grpc-util-1.58.0.jar:/home/runner/.m2/repository/com/google/errorprone/error_prone_annotations/2.28.0/error_prone_annotations-2.28.0.jar:/home/runner/.m2/repository/io/perfmark/perfmark-api/0.26.0/perfmark-api-0.26.0.jar:/home/runner/.m2/repository/io/netty/netty-codec-http2/4.1.109.Final/netty-codec-http2-4.1.109.Final.jar:/home/runner/.m2/repository/io/netty/netty-common/4.1.109.Final/netty-common-4.1.109.Final.jar:/home/runner/.m2/repository/io/netty/netty-buffer/4.1.109.Final/netty-buffer-4.1.109.Final.jar:/home/runner/.m2/repository/io/netty/netty-codec-http/4.1.109.Final/netty-codec-http-4.1.109.Final.jar:/home/runner/.m2/repository/io/netty/netty-handler-proxy/4.1.109.Final/netty-handler-proxy-4.1.109.Final.jar:/home/runner/.m2/repository/io/netty/netty-codec-socks/4.1.109.Final/netty-codec-socks-4.1.109.Final.jar:/home/runner/.m2/repository/io/netty/netty-tcnative-boringssl-static/2.0.65.Final/netty-tcnative-boringssl-static-2.0.65.Final.jar:/home/runner/.m2/repository/io/netty/netty-tcnative-classes/2.0.65.Final/netty-tcnative-classes-2.0.65.Final.jar:/home/runner/.m2/repository/io/netty/netty-tcnative-boringssl-static/2.0.65.Final/netty-tcnative-boringssl-static-2.0.65.Final-linux-x86_64.jar:/home/runner/.m2/repository/io/netty/netty-tcnative-boringssl-static/2.0.65.Final/netty-tcnative-boringssl-static-2.0.65.Final-linux-aarch_64.jar:/home/runner/.m2/repository/io/netty/netty-tcnative-boringssl-static/2.0.65.Final/netty-tcnative-boringssl-static-2.0.65.Final-osx-x86_64.jar:/home/runner/.m2/repository/io/netty/netty-tcnative-boringssl-static/2.0.65.Final/netty-tcnative-boringssl-static-2.0.65.Final-osx-aarch_64.jar:/home/runner/.m2/repository/io/netty/netty-tcnative-boringssl-static/2.0.65.Final/netty-tcnative-boringssl-static-2.0.65.Final-windows-x86_64.jar:/home/runner/.m2/repository/org/apache/commons/commons-compress/1.26.0/commons-compress-1.26.0.jar:/home/runner/work/ozone/ozone/hadoop-hdds/common/target/hdds-common-1.5.0-SNAPSHOT.jar:/home/runner/work/ozone/ozone/hadoop-hdds/client/target/hdds-client-1.5.0-SNAPSHOT.jar:/home/runner/work/ozone/ozone/hadoop-ozone/interface-client/target/ozone-interface-client-1.5.0-SNAPSHOT.jar:/home/runner/.m2/repository/org/apache/hadoop/hadoop-hdfs-client/3.3.6/hadoop-hdfs-client-3.3.6.jar:/home/runner/.m2/repository/com/squareup/okhttp3/okhttp/4.12.0/okhttp-4.12.0.jar:/home/runner/.m2/repository/com/squareup/okio/okio/3.6.0/okio-3.6.0.jar:/home/runner/.m2/repository/com/squareup/okio/okio-jvm/3.6.0/okio-jvm-3.6.0.jar:/home/runner/.m2/repository/org/jetbrains/kotlin/kotlin-stdlib-jdk8/1.9.24/kotlin-stdlib-jdk8-1.9.24.jar:/home/runner/.m2/repository/org/jetbrains/kotlin/kotlin-stdlib-jdk7/1.9.24/kotlin-stdlib-jdk7-1.9.24.jar:/home/runner/.m2/repository/org/jetbrains/kotlin/kotlin-stdlib-common/1.9.24/kotlin-stdlib-common-1.9.24.jar:/home/runner/.m2/repository/com/github/stephenc/jcip/jcip-annotations/1.0-1/jcip-annotations-1.0-1.jar:/home/runner/work/ozone/ozone/hadoop-hdds/test-utils/target/hdds-test-utils-1.5.0-SNAPSHOT.jar:/home/runner/.m2/repository/org/assertj/assertj-core/3.26.0/assertj-core-3.26.0.jar:/home/runner/.m2/repository/net/bytebuddy/byte-buddy/1.14.16/byte-buddy-1.14.16.jar:/home/runner/.m2/repository/com/google/guava/guava/32.1.3-jre/guava-32.1.3-jre.jar:/home/runner/.m2/repository/com/google/guava/failureaccess/1.0.1/failureaccess-1.0.1.jar:/home/runner/.m2/repository/com/google/guava/listenablefuture/9999.0-empty-to-avoid-conflict-with-guava/listenablefuture-9999.0-empty-to-avoid-conflict-with-guava.jar:/home/runner/.m2/repository/org/checkerframework/checker-qual/3.37.0/checker-qual-3.37.0.jar:/home/runner/.m2/repository/com/google/j2objc/j2objc-annotations/2.8/j2objc-annotations-2.8.jar:/home/runner/.m2/repository/commons-io/commons-io/2.16.1/commons-io-2.16.1.jar:/home/runner/.m2/repository/commons-logging/commons-logging/1.2/commons-logging-1.2.jar:/home/runner/.m2/repository/org/junit/jupiter/junit-jupiter-api/5.10.3/junit-jupiter-api-5.10.3.jar:/home/runner/.m2/repository/org/opentest4j/opentest4j/1.3.0/opentest4j-1.3.0.jar:/home/runner/.m2/repository/org/junit/platform/junit-platform-commons/1.10.3/junit-platform-commons-1.10.3.jar:/home/runner/.m2/repository/ch/qos/reload4j/reload4j/1.2.25/reload4j-1.2.25.jar:/home/runner/.m2/repository/jakarta/annotation/jakarta.annotation-api/2.1.1/jakarta.annotation-api-2.1.1.jar:/home/runner/.m2/repository/org/slf4j/slf4j-api/2.0.13/slf4j-api-2.0.13.jar:/home/runner/.m2/repository/org/apache/logging/log4j/log4j-api/2.17.1/log4j-api-2.17.1.jar:/home/runner/work/ozone/ozone/hadoop-hdds/server-scm/target/hdds-server-scm-1.5.0-SNAPSHOT.jar:/home/runner/.m2/repository/com/google/protobuf/protobuf-java/2.5.0/protobuf-java-2.5.0.jar:/home/runner/work/ozone/ozone/hadoop-hdds/container-service/target/hdds-container-service-1.5.0-SNAPSHOT.jar:/home/runner/work/ozone/ozone/hadoop-hdds/hadoop-dependency-server/target/hdds-hadoop-dependency-server-1.5.0-SNAPSHOT.jar:/home/runner/.m2/repository/com/nimbusds/nimbus-jose-jwt/9.40/nimbus-jose-jwt-9.40.jar:/home/runner/.m2/repository/org/apache/hadoop/hadoop-hdfs/3.3.6/hadoop-hdfs-3.3.6.jar:/home/runner/.m2/repository/commons-daemon/commons-daemon/1.3.4/commons-daemon-1.3.4.jar:/home/runner/.m2/repository/org/apache/kerby/kerb-core/1.0.1/kerb-core-1.0.1.jar:/home/runner/.m2/repository/org/apache/kerby/kerby-pkix/1.0.1/kerby-pkix-1.0.1.jar:/home/runner/.m2/repository/org/apache/kerby/kerby-asn1/1.0.1/kerby-asn1-1.0.1.jar:/home/runner/.m2/repository/org/apache/kerby/kerby-util/1.0.1/kerby-util-1.0.1.jar:/home/runner/.m2/repository/org/apache/kerby/kerb-util/1.0.1/kerb-util-1.0.1.jar:/home/runner/.m2/repository/org/apache/kerby/kerby-config/1.0.1/kerby-config-1.0.1.jar:/home/runner/.m2/repository/org/apache/kerby/kerb-crypto/1.0.1/kerb-crypto-1.0.1.jar:/home/runner/.m2/repository/org/xerial/snappy/snappy-java/1.1.10.5/snappy-java-1.1.10.5.jar:/home/runner/work/ozone/ozone/hadoop-hdds/framework/target/hdds-server-framework-1.5.0-SNAPSHOT.jar:/home/runner/.m2/repository/org/bouncycastle/bcprov-jdk18on/1.78.1/bcprov-jdk18on-1.78.1.jar:/home/runner/.m2/repository/io/dropwizard/metrics/metrics-core/3.2.6/metrics-core-3.2.6.jar:/home/runner/.m2/repository/org/apache/commons/commons-text/1.12.0/commons-text-1.12.0.jar:/home/runner/work/ozone/ozone/hadoop-hdds/framework/target/hdds-server-framework-1.5.0-SNAPSHOT-tests.jar:/home/runner/work/ozone/ozone/hadoop-hdds/interface-server/target/hdds-interface-server-1.5.0-SNAPSHOT.jar:/home/runner/work/ozone/ozone/hadoop-hdds/interface-admin/target/hdds-interface-admin-1.5.0-SNAPSHOT.jar:/home/runner/work/ozone/ozone/hadoop-hdds/managed-rocksdb/target/hdds-managed-rocksdb-1.5.0-SNAPSHOT.jar:/home/runner/.m2/repository/org/rocksdb/rocksdbjni/7.7.3/rocksdbjni-7.7.3.jar:/home/runner/.m2/repository/org/slf4j/slf4j-reload4j/2.0.13/slf4j-reload4j-2.0.13.jar:/home/runner/.m2/repository/org/apache/commons/commons-configuration2/2.10.1/commons-configuration2-2.10.1.jar:/home/runner/.m2/repository/commons-fileupload/commons-fileupload/1.5/commons-fileupload-1.5.jar:/home/runner/.m2/repository/org/apache/logging/log4j/log4j-core/2.17.1/log4j-core-2.17.1.jar:/home/runner/.m2/repository/com/lmax/disruptor/3.4.4/disruptor-3.4.4.jar:/home/runner/.m2/repository/org/eclipse/jetty/jetty-util/9.4.55.v20240627/jetty-util-9.4.55.v20240627.jar:/home/runner/.m2/repository/org/eclipse/jetty/jetty-server/9.4.55.v20240627/jetty-server-9.4.55.v20240627.jar:/home/runner/.m2/repository/org/eclipse/jetty/jetty-http/9.4.55.v20240627/jetty-http-9.4.55.v20240627.jar:/home/runner/.m2/repository/org/eclipse/jetty/jetty-io/9.4.55.v20240627/jetty-io-9.4.55.v20240627.jar:/home/runner/.m2/repository/org/eclipse/jetty/jetty-servlet/9.4.55.v20240627/jetty-servlet-9.4.55.v20240627.jar:/home/runner/.m2/repository/org/eclipse/jetty/jetty-security/9.4.55.v20240627/jetty-security-9.4.55.v20240627.jar:/home/runner/.m2/repository/org/eclipse/jetty/jetty-util-ajax/9.4.55.v20240627/jetty-util-ajax-9.4.55.v20240627.jar:/home/runner/.m2/repository/org/eclipse/jetty/jetty-webapp/9.4.55.v20240627/jetty-webapp-9.4.55.v20240627.jar:/home/runner/.m2/repository/org/eclipse/jetty/jetty-xml/9.4.55.v20240627/jetty-xml-9.4.55.v20240627.jar:/home/runner/.m2/repository/org/glassfish/jersey/containers/jersey-container-servlet-core/2.43/jersey-container-servlet-core-2.43.jar:/home/runner/.m2/repository/org/glassfish/hk2/external/jakarta.inject/2.6.1/jakarta.inject-2.6.1.jar:/home/runner/.m2/repository/org/glassfish/jersey/core/jersey-common/2.43/jersey-common-2.43.jar:/home/runner/.m2/repository/jakarta/ws/rs/jakarta.ws.rs-api/2.1.6/jakarta.ws.rs-api-2.1.6.jar:/home/runner/.m2/repository/org/apache/ratis/ratis-server/3.1.0/ratis-server-3.1.0.jar:/home/runner/.m2/repository/org/apache/ratis/ratis-thirdparty-misc/1.0.6/ratis-thirdparty-misc-1.0.6.jar:/home/runner/.m2/repository/org/apache/ratis/ratis-proto/3.1.0/ratis-proto-3.1.0.jar:/home/runner/.m2/repository/org/apache/ratis/ratis-common/3.1.0/ratis-common-3.1.0.jar:/home/runner/.m2/repository/org/apache/ratis/ratis-client/3.1.0/ratis-client-3.1.0.jar:/home/runner/.m2/repository/org/apache/ratis/ratis-metrics-api/3.1.0/ratis-metrics-api-3.1.0.jar:/home/runner/.m2/repository/org/apache/ratis/ratis-metrics-dropwizard3/3.1.0/ratis-metrics-dropwizard3-3.1.0.jar:/home/runner/.m2/repository/io/prometheus/simpleclient_dropwizard/0.16.0/simpleclient_dropwizard-0.16.0.jar:/home/runner/.m2/repository/io/prometheus/simpleclient/0.16.0/simpleclient-0.16.0.jar:/home/runner/.m2/repository/io/prometheus/simpleclient_common/0.16.0/simpleclient_common-0.16.0.jar:/home/runner/.m2/repository/com/fasterxml/jackson/datatype/jackson-datatype-jsr310/2.16.2/jackson-datatype-jsr310-2.16.2.jar:/home/runner/.m2/repository/com/fasterxml/jackson/core/jackson-core/2.16.2/jackson-core-2.16.2.jar:/home/runner/.m2/repository/com/github/jnr/jnr-posix/3.1.19/jnr-posix-3.1.19.jar:/home/runner/.m2/repository/com/github/jnr/jnr-ffi/2.2.16/jnr-ffi-2.2.16.jar:/home/runner/.m2/repository/com/github/jnr/jffi/1.3.13/jffi-1.3.13.jar:/home/runner/.m2/repository/com/github/jnr/jffi/1.3.13/jffi-1.3.13-native.jar:/home/runner/.m2/repository/org/ow2/asm/asm/9.2/asm-9.2.jar:/home/runner/.m2/repository/org/ow2/asm/asm-commons/9.2/asm-commons-9.2.jar:/home/runner/.m2/repository/org/ow2/asm/asm-analysis/9.2/asm-analysis-9.2.jar:/home/runner/.m2/repository/org/ow2/asm/asm-tree/9.2/asm-tree-9.2.jar:/home/runner/.m2/repository/org/ow2/asm/asm-util/9.2/asm-util-9.2.jar:/home/runner/.m2/repository/com/github/jnr/jnr-a64asm/1.0.0/jnr-a64asm-1.0.0.jar:/home/runner/.m2/repository/com/github/jnr/jnr-x86asm/1.0.2/jnr-x86asm-1.0.2.jar:/home/runner/.m2/repository/com/github/jnr/jnr-constants/0.10.4/jnr-constants-0.10.4.jar:/home/runner/work/ozone/ozone/hadoop-hdds/rocksdb-checkpoint-differ/target/rocksdb-checkpoint-differ-1.5.0-SNAPSHOT.jar:/home/runner/.m2/repository/org/jgrapht/jgrapht-core/1.4.0/jgrapht-core-1.4.0.jar:/home/runner/.m2/repository/org/jheaps/jheaps/0.11/jheaps-0.11.jar:/home/runner/.m2/repository/org/jgrapht/jgrapht-ext/1.4.0/jgrapht-ext-1.4.0.jar:/home/runner/.m2/repository/com/github/vlsi/mxgraph/jgraphx/3.9.8.1/jgraphx-3.9.8.1.jar:/home/runner/work/ozone/ozone/hadoop-ozone/ozone-manager/target/ozone-manager-1.5.0-SNAPSHOT.jar:/home/runner/.m2/repository/org/aspectj/aspectjrt/1.9.7/aspectjrt-1.9.7.jar:/home/runner/.m2/repository/org/aspectj/aspectjweaver/1.9.7/aspectjweaver-1.9.7.jar:/home/runner/work/ozone/ozone/hadoop-hdds/interface-client/target/hdds-interface-client-1.5.0-SNAPSHOT.jar:/home/runner/.m2/repository/org/apache/hadoop/thirdparty/hadoop-shaded-protobuf_3_7/1.1.1/hadoop-shaded-protobuf_3_7-1.1.1.jar:/home/runner/work/ozone/ozone/hadoop-ozone/interface-storage/target/ozone-interface-storage-1.5.0-SNAPSHOT.jar:/home/runner/.m2/repository/org/reflections/reflections/0.10.2/reflections-0.10.2.jar:/home/runner/.m2/repository/com/sun/jersey/jersey-client/1.19.4/jersey-client-1.19.4.jar:/home/runner/.m2/repository/org/codehaus/jackson/jackson-core-asl/1.9.13/jackson-core-asl-1.9.13.jar:/home/runner/.m2/repository/org/codehaus/jackson/jackson-mapper-asl/1.9.13/jackson-mapper-asl-1.9.13.jar:/home/runner/.m2/repository/org/codehaus/jackson/jackson-jaxrs/1.9.13/jackson-jaxrs-1.9.13.jar:/home/runner/.m2/repository/org/apache/ranger/ranger-intg/2.3.0/ranger-intg-2.3.0.jar:/home/runner/.m2/repository/org/apache/ranger/ranger-plugins-common/2.3.0/ranger-plugins-common-2.3.0.jar:/home/runner/.m2/repository/commons-lang/commons-lang/2.6/commons-lang-2.6.jar:/home/runner/.m2/repository/org/apache/ranger/ranger-plugins-cred/2.3.0/ranger-plugins-cred-2.3.0.jar:/home/runner/.m2/repository/org/apache/ranger/ranger-plugins-audit/2.3.0/ranger-plugins-audit-2.3.0.jar:/home/runner/.m2/repository/org/eclipse/jetty/jetty-client/9.4.55.v20240627/jetty-client-9.4.55.v20240627.jar:/home/runner/.m2/repository/org/apache/httpcomponents/httpmime/4.5.6/httpmime-4.5.6.jar:/home/runner/.m2/repository/org/apache/httpcomponents/httpcore-nio/4.4.16/httpcore-nio-4.4.16.jar:/home/runner/.m2/repository/org/apache/httpcomponents/httpasyncclient/4.1.3/httpasyncclient-4.1.3.jar:/home/runner/.m2/repository/com/carrotsearch/hppc/0.8.0/hppc-0.8.0.jar:/home/runner/.m2/repository/org/apache/orc/orc-core/1.5.8/orc-core-1.5.8.jar:/home/runner/.m2/repository/net/java/dev/jna/jna/5.2.0/jna-5.2.0.jar:/home/runner/.m2/repository/net/java/dev/jna/jna-platform/5.2.0/jna-platform-5.2.0.jar:/home/runner/.m2/repository/com/kstruct/gethostname4j/0.0.2/gethostname4j-0.0.2.jar:/home/runner/.m2/repository/org/apache/ranger/ranger-plugin-classloader/2.3.0/ranger-plugin-classloader-2.3.0.jar:/home/runner/work/ozone/ozone/hadoop-hdds/rocks-native/target/hdds-rocks-native-1.5.0-SNAPSHOT.jar:/home/runner/.m2/repository/org/apache/hadoop/hadoop-minikdc/3.3.6/hadoop-minikdc-3.3.6.jar:/home/runner/.m2/repository/org/apache/kerby/kerb-simplekdc/1.0.1/kerb-simplekdc-1.0.1.jar:/home/runner/.m2/repository/org/apache/kerby/kerb-client/1.0.1/kerb-client-1.0.1.jar:/home/runner/.m2/repository/org/apache/kerby/kerb-common/1.0.1/kerb-common-1.0.1.jar:/home/runner/.m2/repository/org/apache/kerby/token-provider/1.0.1/token-provider-1.0.1.jar:/home/runner/.m2/repository/org/apache/kerby/kerb-admin/1.0.1/kerb-admin-1.0.1.jar:/home/runner/.m2/repository/org/apache/kerby/kerb-server/1.0.1/kerb-server-1.0.1.jar:/home/runner/.m2/repository/org/apache/kerby/kerb-identity/1.0.1/kerb-identity-1.0.1.jar:/home/runner/.m2/repository/org/apache/kerby/kerby-xdr/1.0.1/kerby-xdr-1.0.1.jar:/home/runner/.m2/repository/junit/junit/4.13.2/junit-4.13.2.jar:/home/runner/.m2/repository/org/hamcrest/hamcrest-core/1.3/hamcrest-core-1.3.jar:/home/runner/work/ozone/ozone/hadoop-ozone/s3gateway/target/ozone-s3gateway-1.5.0-SNAPSHOT.jar:/home/runner/.m2/repository/org/javassist/javassist/3.30.2-GA/javassist-3.30.2-GA.jar:/home/runner/.m2/repository/org/jboss/weld/servlet/weld-servlet-shaded/3.1.9.Final/weld-servlet-shaded-3.1.9.Final.jar:/home/runner/.m2/repository/org/glassfish/jersey/ext/cdi/jersey-cdi1x/2.43/jersey-cdi1x-2.43.jar:/home/runner/.m2/repository/org/glassfish/jersey/inject/jersey-hk2/2.43/jersey-hk2-2.43.jar:/home/runner/.m2/repository/org/glassfish/hk2/hk2-locator/2.6.1/hk2-locator-2.6.1.jar:/home/runner/.m2/repository/org/glassfish/jersey/media/jersey-media-jaxb/2.43/jersey-media-jaxb-2.43.jar:/home/runner/.m2/repository/org/glassfish/hk2/osgi-resource-locator/1.0.3/osgi-resource-locator-1.0.3.jar:/home/runner/.m2/repository/org/glassfish/hk2/hk2-api/2.6.1/hk2-api-2.6.1.jar:/home/runner/.m2/repository/org/glassfish/hk2/hk2-utils/2.6.1/hk2-utils-2.6.1.jar:/home/runner/.m2/repository/org/glassfish/hk2/external/aopalliance-repackaged/2.6.1/aopalliance-repackaged-2.6.1.jar:/home/runner/.m2/repository/com/fasterxml/jackson/dataformat/jackson-dataformat-xml/2.16.2/jackson-dataformat-xml-2.16.2.jar:/home/runner/.m2/repository/org/codehaus/woodstox/stax2-api/4.2.2/stax2-api-4.2.2.jar:/home/runner/.m2/repository/com/fasterxml/woodstox/woodstox-core/5.4.0/woodstox-core-5.4.0.jar:/home/runner/.m2/repository/com/fasterxml/jackson/module/jackson-module-jaxb-annotations/2.16.2/jackson-module-jaxb-annotations-2.16.2.jar:/home/runner/.m2/repository/javax/enterprise/cdi-api/2.0/cdi-api-2.0.jar:/home/runner/.m2/repository/javax/el/javax.el-api/3.0.0/javax.el-api-3.0.0.jar:/home/runner/.m2/repository/javax/interceptor/javax.interceptor-api/1.2/javax.interceptor-api-1.2.jar:/home/runner/.m2/repository/javax/inject/javax.inject/1/javax.inject-1.jar:/home/runner/.m2/repository/jakarta/xml/bind/jakarta.xml.bind-api/2.3.3/jakarta.xml.bind-api-2.3.3.jar:/home/runner/.m2/repository/org/glassfish/jaxb/jaxb-runtime/2.3.9/jaxb-runtime-2.3.9.jar:/home/runner/.m2/repository/org/glassfish/jaxb/txw2/2.3.9/txw2-2.3.9.jar:/home/runner/.m2/repository/com/sun/istack/istack-commons-runtime/3.0.12/istack-commons-runtime-3.0.12.jar:/home/runner/.m2/repository/com/sun/activation/jakarta.activation/1.2.2/jakarta.activation-1.2.2.jar:/home/runner/.m2/repository/jakarta/activation/jakarta.activation-api/1.2.2/jakarta.activation-api-1.2.2.jar:/home/runner/.m2/repository/io/grpc/grpc-protobuf/1.58.0/grpc-protobuf-1.58.0.jar:/home/runner/.m2/repository/com/google/api/grpc/proto-google-common-protos/2.22.0/proto-google-common-protos-2.22.0.jar:/home/runner/.m2/repository/io/grpc/grpc-protobuf-lite/1.58.0/grpc-protobuf-lite-1.58.0.jar:/home/runner/.m2/repository/io/grpc/grpc-stub/1.58.0/grpc-stub-1.58.0.jar:/home/runner/.m2/repository/io/netty/netty-transport/4.1.109.Final/netty-transport-4.1.109.Final.jar:/home/runner/.m2/repository/io/netty/netty-resolver/4.1.109.Final/netty-resolver-4.1.109.Final.jar:/home/runner/work/ozone/ozone/hadoop-ozone/csi/target/ozone-csi-1.5.0-SNAPSHOT.jar:/home/runner/.m2/repository/com/google/protobuf/protobuf-java-util/3.19.6/protobuf-java-util-3.19.6.jar:/home/runner/.m2/repository/com/google/code/gson/gson/2.10.1/gson-2.10.1.jar:/home/runner/work/ozone/ozone/hadoop-hdds/config/target/hdds-config-1.5.0-SNAPSHOT.jar:/home/runner/.m2/repository/io/netty/netty-transport-native-epoll/4.1.109.Final/netty-transport-native-epoll-4.1.109.Final-linux-x86_64.jar:/home/runner/.m2/repository/io/netty/netty-transport-classes-epoll/4.1.109.Final/netty-transport-classes-epoll-4.1.109.Final.jar:/home/runner/.m2/repository/io/netty/netty-transport-native-unix-common/4.1.109.Final/netty-transport-native-unix-common-4.1.109.Final.jar:/home/runner/work/ozone/ozone/hadoop-ozone/recon/target/ozone-recon-1.5.0-SNAPSHOT.jar:/home/runner/work/ozone/ozone/hadoop-ozone/recon-codegen/target/ozone-reconcodegen-1.5.0-SNAPSHOT.jar:/home/runner/.m2/repository/com/google/inject/guice/6.0.0/guice-6.0.0.jar:/home/runner/.m2/repository/jakarta/inject/jakarta.inject-api/2.0.1/jakarta.inject-api-2.0.1.jar:/home/runner/.m2/repository/aopalliance/aopalliance/1.0/aopalliance-1.0.jar:/home/runner/.m2/repository/com/google/inject/extensions/guice-assistedinject/6.0.0/guice-assistedinject-6.0.0.jar:/home/runner/.m2/repository/com/google/inject/extensions/guice-servlet/6.0.0/guice-servlet-6.0.0.jar:/home/runner/.m2/repository/org/glassfish/jersey/containers/jersey-container-servlet/2.43/jersey-container-servlet-2.43.jar:/home/runner/.m2/repository/org/glassfish/hk2/guice-bridge/2.6.1/guice-bridge-2.6.1.jar:/home/runner/.m2/repository/org/glassfish/jersey/core/jersey-server/2.43/jersey-server-2.43.jar:/home/runner/.m2/repository/org/glassfish/jersey/core/jersey-client/2.43/jersey-client-2.43.jar:/home/runner/.m2/repository/jakarta/validation/jakarta.validation-api/2.0.2/jakarta.validation-api-2.0.2.jar:/home/runner/.m2/repository/org/glassfish/jersey/media/jersey-media-json-jackson/2.43/jersey-media-json-jackson-2.43.jar:/home/runner/.m2/repository/org/glassfish/jersey/ext/jersey-entity-filtering/2.43/jersey-entity-filtering-2.43.jar:/home/runner/.m2/repository/org/jooq/jooq/3.11.10/jooq-3.11.10.jar:/home/runner/.m2/repository/org/jooq/jooq-meta/3.11.10/jooq-meta-3.11.10.jar:/home/runner/.m2/repository/org/jooq/jooq-codegen/3.11.10/jooq-codegen-3.11.10.jar:/home/runner/.m2/repository/com/jolbox/bonecp/0.8.0.RELEASE/bonecp-0.8.0.RELEASE.jar:/home/runner/.m2/repository/org/apache/derby/derby/10.14.2.0/derby-10.14.2.0.jar:/home/runner/.m2/repository/org/xerial/sqlite-jdbc/3.46.0.0/sqlite-jdbc-3.46.0.0.jar:/home/runner/.m2/repository/org/springframework/spring-jdbc/5.3.37/spring-jdbc-5.3.37.jar:/home/runner/.m2/repository/org/springframework/spring-beans/5.3.37/spring-beans-5.3.37.jar:/home/runner/.m2/repository/org/springframework/spring-core/5.3.37/spring-core-5.3.37.jar:/home/runner/.m2/repository/org/springframework/spring-tx/5.3.37/spring-tx-5.3.37.jar:/home/runner/work/ozone/ozone/hadoop-ozone/client/target/ozone-client-1.5.0-SNAPSHOT.jar:/home/runner/work/ozone/ozone/hadoop-hdds/erasurecode/target/hdds-erasurecode-1.5.0-SNAPSHOT.jar:/home/runner/work/ozone/ozone/hadoop-ozone/ozonefs/target/ozone-filesystem-1.5.0-SNAPSHOT.jar:/home/runner/work/ozone/ozone/hadoop-ozone/ozonefs-common/target/ozone-filesystem-common-1.5.0-SNAPSHOT.jar:/home/runner/work/ozone/ozone/hadoop-ozone/tools/target/ozone-tools-1.5.0-SNAPSHOT.jar:/home/runner/.m2/repository/com/amazonaws/aws-java-sdk-core/1.12.661/aws-java-sdk-core-1.12.661.jar:/home/runner/.m2/repository/org/apache/httpcomponents/httpclient/4.5.14/httpclient-4.5.14.jar:/home/runner/.m2/repository/org/apache/httpcomponents/httpcore/4.4.16/httpcore-4.4.16.jar:/home/runner/.m2/repository/com/fasterxml/jackson/dataformat/jackson-dataformat-cbor/2.16.2/jackson-dataformat-cbor-2.16.2.jar:/home/runner/.m2/repository/joda-time/joda-time/2.12.7/joda-time-2.12.7.jar:/home/runner/.m2/repository/com/amazonaws/aws-java-sdk-s3/1.12.661/aws-java-sdk-s3-1.12.661.jar:/home/runner/.m2/repository/com/amazonaws/aws-java-sdk-kms/1.12.661/aws-java-sdk-kms-1.12.661.jar:/home/runner/.m2/repository/com/amazonaws/jmespath-java/1.12.661/jmespath-java-1.12.661.jar:/home/runner/.m2/repository/org/kohsuke/metainf-services/metainf-services/1.11/metainf-services-1.11.jar:/home/runner/work/ozone/ozone/hadoop-hdds/tools/target/hdds-tools-1.5.0-SNAPSHOT.jar:/home/runner/.m2/repository/org/apache/ratis/ratis-tools/3.1.0/ratis-tools-3.1.0.jar:/home/runner/.m2/repository/commons-cli/commons-cli/1.8.0/commons-cli-1.8.0.jar:/home/runner/.m2/repository/org/apache/commons/commons-lang3/3.14.0/commons-lang3-3.14.0.jar:/home/runner/work/ozone/ozone/hadoop-ozone/ozone-manager/target/ozone-manager-1.5.0-SNAPSHOT-tests.jar:/home/runner/work/ozone/ozone/hadoop-hdds/common/target/hdds-common-1.5.0-SNAPSHOT-tests.jar:/home/runner/work/ozone/ozone/hadoop-hdds/hadoop-dependency-client/target/hdds-hadoop-dependency-client-1.5.0-SNAPSHOT.jar:/home/runner/.m2/repository/info/picocli/picocli/4.7.6/picocli-4.7.6.jar:/home/runner/.m2/repository/com/fasterxml/jackson/core/jackson-annotations/2.16.2/jackson-annotations-2.16.2.jar:/home/runner/work/ozone/ozone/hadoop-hdds/annotations/target/hdds-annotation-processing-1.5.0-SNAPSHOT.jar:/home/runner/.m2/repository/javax/annotation/javax.annotation-api/1.3.2/javax.annotation-api-1.3.2.jar:/home/runner/.m2/repository/org/apache/ratis/ratis-server-api/3.1.0/ratis-server-api-3.1.0.jar:/home/runner/.m2/repository/org/apache/ratis/ratis-netty/3.1.0/ratis-netty-3.1.0.jar:/home/runner/.m2/repository/org/apache/ratis/ratis-grpc/3.1.0/ratis-grpc-3.1.0.jar:/home/runner/.m2/repository/org/bouncycastle/bcpkix-jdk18on/1.78.1/bcpkix-jdk18on-1.78.1.jar:/home/runner/.m2/repository/org/bouncycastle/bcutil-jdk18on/1.78.1/bcutil-jdk18on-1.78.1.jar:/home/runner/.m2/repository/commons-validator/commons-validator/1.6/commons-validator-1.6.jar:/home/runner/.m2/repository/commons-beanutils/commons-beanutils/1.9.4/commons-beanutils-1.9.4.jar:/home/runner/.m2/repository/commons-digester/commons-digester/1.8.1/commons-digester-1.8.1.jar:/home/runner/.m2/repository/commons-collections/commons-collections/3.2.2/commons-collections-3.2.2.jar:/home/runner/.m2/repository/io/jaegertracing/jaeger-client/1.8.1/jaeger-client-1.8.1.jar:/home/runner/.m2/repository/io/jaegertracing/jaeger-thrift/1.8.1/jaeger-thrift-1.8.1.jar:/home/runner/.m2/repository/org/apache/thrift/libthrift/0.15.0/libthrift-0.15.0.jar:/home/runner/.m2/repository/io/jaegertracing/jaeger-core/1.8.1/jaeger-core-1.8.1.jar:/home/runner/.m2/repository/io/jaegertracing/jaeger-tracerresolver/1.8.1/jaeger-tracerresolver-1.8.1.jar:/home/runner/.m2/repository/io/opentracing/contrib/opentracing-tracerresolver/0.1.8/opentracing-tracerresolver-0.1.8.jar:/home/runner/.m2/repository/org/jetbrains/kotlin/kotlin-stdlib/1.9.24/kotlin-stdlib-1.9.24.jar:/home/runner/.m2/repository/org/jetbrains/annotations/13.0/annotations-13.0.jar:/home/runner/.m2/repository/io/opentracing/opentracing-util/0.33.0/opentracing-util-0.33.0.jar:/home/runner/.m2/repository/io/opentracing/opentracing-api/0.33.0/opentracing-api-0.33.0.jar:/home/runner/.m2/repository/io/opentracing/opentracing-noop/0.33.0/opentracing-noop-0.33.0.jar:/home/runner/.m2/repository/org/yaml/snakeyaml/2.0/snakeyaml-2.0.jar:/home/runner/.m2/repository/io/grpc/grpc-api/1.58.0/grpc-api-1.58.0.jar:/home/runner/.m2/repository/org/junit/platform/junit-platform-launcher/1.10.3/junit-platform-launcher-1.10.3.jar:/home/runner/.m2/repository/org/junit/platform/junit-platform-engine/1.10.3/junit-platform-engine-1.10.3.jar:/home/runner/.m2/repository/org/apiguardian/apiguardian-api/1.1.2/apiguardian-api-1.1.2.jar:/home/runner/.m2/repository/org/apache/hadoop/hadoop-kms/3.3.6/hadoop-kms-3.3.6.jar:/home/runner/.m2/repository/org/apache/hadoop/hadoop-auth/3.3.6/hadoop-auth-3.3.6.jar:/home/runner/.m2/repository/org/apache/zookeeper/zookeeper/3.8.4/zookeeper-3.8.4.jar:/home/runner/.m2/repository/org/apache/zookeeper/zookeeper-jute/3.8.4/zookeeper-jute-3.8.4.jar:/home/runner/.m2/repository/org/apache/yetus/audience-annotations/0.12.0/audience-annotations-0.12.0.jar:/home/runner/.m2/repository/org/apache/curator/curator-framework/4.2.0/curator-framework-4.2.0.jar:/home/runner/.m2/repository/org/apache/hadoop/thirdparty/hadoop-shaded-guava/1.2.0/hadoop-shaded-guava-1.2.0.jar:/home/runner/.m2/repository/com/sun/jersey/jersey-core/1.19.4/jersey-core-1.19.4.jar:/home/runner/.m2/repository/javax/ws/rs/jsr311-api/1.1.1/jsr311-api-1.1.1.jar:/home/runner/.m2/repository/com/sun/jersey/jersey-server/1.19.4/jersey-server-1.19.4.jar:/home/runner/.m2/repository/javax/servlet/javax.servlet-api/3.1.0/javax.servlet-api-3.1.0.jar:/home/runner/.m2/repository/org/apache/hadoop/hadoop-common/3.3.6/hadoop-common-3.3.6.jar:/home/runner/.m2/repository/org/apache/commons/commons-math3/3.6.1/commons-math3-3.6.1.jar:/home/runner/.m2/repository/commons-net/commons-net/3.10.0/commons-net-3.10.0.jar:/home/runner/.m2/repository/com/sun/jersey/jersey-servlet/1.19.4/jersey-servlet-1.19.4.jar:/home/runner/.m2/repository/com/github/pjfanning/jersey-json/1.20/jersey-json-1.20.jar:/home/runner/.m2/repository/org/codehaus/jettison/jettison/1.1/jettison-1.1.jar:/home/runner/.m2/repository/com/sun/xml/bind/jaxb-impl/2.2.3-1/jaxb-impl-2.2.3-1.jar:/home/runner/.m2/repository/com/google/re2j/re2j/1.7/re2j-1.7.jar:/home/runner/.m2/repository/com/jcraft/jsch/0.1.55/jsch-0.1.55.jar:/home/runner/.m2/repository/org/apache/curator/curator-client/4.2.0/curator-client-4.2.0.jar:/home/runner/.m2/repository/org/apache/curator/curator-recipes/5.2.0/curator-recipes-5.2.0.jar:/home/runner/.m2/repository/com/google/code/findbugs/jsr305/3.0.2/jsr305-3.0.2.jar:/home/runner/.m2/repository/dnsjava/dnsjava/2.1.9/dnsjava-2.1.9.jar:/home/runner/.m2/repository/com/fasterxml/jackson/core/jackson-databind/2.16.2/jackson-databind-2.16.2.jar:/home/runner/.m2/repository/org/apache/hadoop/hadoop-kms/3.3.6/hadoop-kms-3.3.6-tests.jar:/home/runner/work/ozone/ozone/hadoop-hdds/server-scm/target/hdds-server-scm-1.5.0-SNAPSHOT-tests.jar:/home/runner/work/ozone/ozone/hadoop-hdds/container-service/target/hdds-container-service-1.5.0-SNAPSHOT-tests.jar:/home/runner/.m2/repository/com/github/luben/zstd-jni/1.5.6-3/zstd-jni-1.5.6-3.jar:/home/runner/.m2/repository/commons-codec/commons-codec/1.17.0/commons-codec-1.17.0.jar:/home/runner/.m2/repository/io/netty/netty-codec/4.1.109.Final/netty-codec-4.1.109.Final.jar:/home/runner/.m2/repository/io/netty/netty-handler/4.1.109.Final/netty-handler-4.1.109.Final.jar:/home/runner/work/ozone/ozone/hadoop-hdds/hadoop-dependency-test/target/hdds-hadoop-dependency-test-1.5.0-SNAPSHOT.jar:/home/runner/.m2/repository/org/apache/hadoop/hadoop-common/3.3.6/hadoop-common-3.3.6-tests.jar:/home/runner/.m2/repository/org/apache/hadoop/hadoop-hdfs/3.3.6/hadoop-hdfs-3.3.6-tests.jar:/home/runner/.m2/repository/org/junit/jupiter/junit-jupiter-engine/5.10.3/junit-jupiter-engine-5.10.3.jar:/home/runner/.m2/repository/org/junit/jupiter/junit-jupiter-params/5.10.3/junit-jupiter-params-5.10.3.jar:/home/runner/.m2/repository/org/mockito/mockito-core/4.11.0/mockito-core-4.11.0.jar:/home/runner/.m2/repository/net/bytebuddy/byte-buddy-agent/1.12.19/byte-buddy-agent-1.12.19.jar:/home/runner/.m2/repository/org/objenesis/objenesis/3.3/objenesis-3.3.jar:/home/runner/.m2/repository/org/mockito/mockito-inline/4.11.0/mockito-inline-4.11.0.jar:/home/runner/.m2/repository/org/mockito/mockito-junit-jupiter/4.11.0/mockito-junit-jupiter-4.11.0.jar:/home/runner/.m2/repository/org/apache/hadoop/hadoop-distcp/3.3.6/hadoop-distcp-3.3.6.jar:/home/runner/.m2/repository/org/apache/hadoop/hadoop-mapreduce-client-jobclient/3.3.6/hadoop-mapreduce-client-jobclient-3.3.6.jar:/home/runner/.m2/repository/org/apache/hadoop/hadoop-mapreduce-client-common/3.3.6/hadoop-mapreduce-client-common-3.3.6.jar:/home/runner/.m2/repository/org/apache/hadoop/hadoop-yarn-common/3.3.6/hadoop-yarn-common-3.3.6.jar:/home/runner/.m2/repository/org/apache/hadoop/hadoop-yarn-api/3.3.6/hadoop-yarn-api-3.3.6.jar:/home/runner/.m2/repository/javax/xml/bind/jaxb-api/2.2.11/jaxb-api-2.2.11.jar:/home/runner/.m2/repository/com/sun/jersey/contribs/jersey-guice/1.19.4/jersey-guice-1.19.4.jar:/home/runner/.m2/repository/com/fasterxml/jackson/jaxrs/jackson-jaxrs-json-provider/2.16.2/jackson-jaxrs-json-provider-2.16.2.jar:/home/runner/.m2/repository/com/fasterxml/jackson/jaxrs/jackson-jaxrs-base/2.16.2/jackson-jaxrs-base-2.16.2.jar:/home/runner/.m2/repository/org/apache/hadoop/hadoop-yarn-client/3.3.6/hadoop-yarn-client-3.3.6.jar:/home/runner/.m2/repository/org/eclipse/jetty/websocket/websocket-client/9.4.51.v20230217/websocket-client-9.4.51.v20230217.jar:/home/runner/.m2/repository/org/eclipse/jetty/websocket/websocket-common/9.4.51.v20230217/websocket-common-9.4.51.v20230217.jar:/home/runner/.m2/repository/org/eclipse/jetty/websocket/websocket-api/9.4.51.v20230217/websocket-api-9.4.51.v20230217.jar:/home/runner/.m2/repository/org/jline/jline/3.9.0/jline-3.9.0.jar:/home/runner/.m2/repository/org/apache/hadoop/hadoop-mapreduce-client-core/3.3.6/hadoop-mapreduce-client-core-3.3.6.jar:/home/runner/.m2/repository/org/apache/avro/avro/1.7.7/avro-1.7.7.jar:/home/runner/.m2/repository/com/thoughtworks/paranamer/paranamer/2.3/paranamer-2.3.jar:/home/runner/.m2/repository/org/apache/hadoop/hadoop-annotations/3.3.6/hadoop-annotations-3.3.6.jar:/home/runner/.m2/repository/io/netty/netty/3.10.6.Final/netty-3.10.6.Final.jar:/home/runner/.m2/repository/org/apache/hadoop/hadoop-distcp/3.3.6/hadoop-distcp-3.3.6-tests.jar:/home/runner/.m2/repository/org/hamcrest/hamcrest/2.2/hamcrest-2.2.jar:/home/runner/.m2/repository/org/slf4j/jul-to-slf4j/2.0.13/jul-to-slf4j-2.0.13.jar:/home/runner/work/ozone/ozone/hadoop-ozone/integration-test/target/gradle-enterprise/test-listeners.jar:"/>
    <property name="java.vm.vendor" value="Eclipse Adoptium"/>
    <property name="sun.arch.data.model" value="64"/>
    <property name="test.build.dir" value="/home/runner/work/ozone/ozone/hadoop-ozone/integration-test/target/test-dir"/>
    <property name="test.cache.data" value=""/>
    <property name="java.vendor.url" value="https://adoptium.net/"/>
    <property name="user.timezone" value="Etc/UTC"/>
    <property name="maven-surefire-plugin.argLineAccessArgs" value=" --add-opens java.management/com.sun.jmx.mbeanserver=ALL-UNNAMED --add-exports java.management/com.sun.jmx.mbeanserver=ALL-UNNAMED --add-opens java.base/java.nio=ALL-UNNAMED --add-opens java.base/java.lang=ALL-UNNAMED --add-opens java.base/java.lang.reflect=ALL-UNNAMED"/>
    <property name="os.name" value="Linux"/>
    <property name="java.vm.specification.version" value="17"/>
    <property name="test.build.data" value="/home/runner/work/ozone/ozone/hadoop-ozone/integration-test/target/test-dir"/>
    <property name="sun.java.launcher" value="SUN_STANDARD"/>
    <property name="sun.boot.library.path" value="/usr/lib/jvm/temurin-17-jdk-amd64/lib"/>
    <property name="sun.java.command" value="/home/runner/work/ozone/ozone/hadoop-ozone/integration-test/target/surefire/surefirebooter8620415581448616469.jar /home/runner/work/ozone/ozone/hadoop-ozone/integration-test/target/surefire 2024-07-18T10-54-11_112-jvmRun1 surefire3827637124400233739tmp surefire_19913614738272547791193tmp"/>
    <property name="jdk.debug" value="release"/>
    <property name="native.lib.tmp.dir" value="/tmp"/>
    <property name="surefire.test.class.path" value="/home/runner/work/ozone/ozone/hadoop-ozone/integration-test/target/test-classes:/home/runner/work/ozone/ozone/hadoop-ozone/integration-test/target/classes:/home/runner/work/ozone/ozone/hadoop-ozone/common/target/ozone-common-1.5.0-SNAPSHOT.jar:/home/runner/.m2/repository/io/grpc/grpc-netty/1.58.0/grpc-netty-1.58.0.jar:/home/runner/.m2/repository/io/grpc/grpc-core/1.58.0/grpc-core-1.58.0.jar:/home/runner/.m2/repository/com/google/android/annotations/4.1.1.4/annotations-4.1.1.4.jar:/home/runner/.m2/repository/org/codehaus/mojo/animal-sniffer-annotations/1.23/animal-sniffer-annotations-1.23.jar:/home/runner/.m2/repository/io/grpc/grpc-context/1.58.0/grpc-context-1.58.0.jar:/home/runner/.m2/repository/io/grpc/grpc-util/1.58.0/grpc-util-1.58.0.jar:/home/runner/.m2/repository/com/google/errorprone/error_prone_annotations/2.28.0/error_prone_annotations-2.28.0.jar:/home/runner/.m2/repository/io/perfmark/perfmark-api/0.26.0/perfmark-api-0.26.0.jar:/home/runner/.m2/repository/io/netty/netty-codec-http2/4.1.109.Final/netty-codec-http2-4.1.109.Final.jar:/home/runner/.m2/repository/io/netty/netty-common/4.1.109.Final/netty-common-4.1.109.Final.jar:/home/runner/.m2/repository/io/netty/netty-buffer/4.1.109.Final/netty-buffer-4.1.109.Final.jar:/home/runner/.m2/repository/io/netty/netty-codec-http/4.1.109.Final/netty-codec-http-4.1.109.Final.jar:/home/runner/.m2/repository/io/netty/netty-handler-proxy/4.1.109.Final/netty-handler-proxy-4.1.109.Final.jar:/home/runner/.m2/repository/io/netty/netty-codec-socks/4.1.109.Final/netty-codec-socks-4.1.109.Final.jar:/home/runner/.m2/repository/io/netty/netty-tcnative-boringssl-static/2.0.65.Final/netty-tcnative-boringssl-static-2.0.65.Final.jar:/home/runner/.m2/repository/io/netty/netty-tcnative-classes/2.0.65.Final/netty-tcnative-classes-2.0.65.Final.jar:/home/runner/.m2/repository/io/netty/netty-tcnative-boringssl-static/2.0.65.Final/netty-tcnative-boringssl-static-2.0.65.Final-linux-x86_64.jar:/home/runner/.m2/repository/io/netty/netty-tcnative-boringssl-static/2.0.65.Final/netty-tcnative-boringssl-static-2.0.65.Final-linux-aarch_64.jar:/home/runner/.m2/repository/io/netty/netty-tcnative-boringssl-static/2.0.65.Final/netty-tcnative-boringssl-static-2.0.65.Final-osx-x86_64.jar:/home/runner/.m2/repository/io/netty/netty-tcnative-boringssl-static/2.0.65.Final/netty-tcnative-boringssl-static-2.0.65.Final-osx-aarch_64.jar:/home/runner/.m2/repository/io/netty/netty-tcnative-boringssl-static/2.0.65.Final/netty-tcnative-boringssl-static-2.0.65.Final-windows-x86_64.jar:/home/runner/.m2/repository/org/apache/commons/commons-compress/1.26.0/commons-compress-1.26.0.jar:/home/runner/work/ozone/ozone/hadoop-hdds/common/target/hdds-common-1.5.0-SNAPSHOT.jar:/home/runner/work/ozone/ozone/hadoop-hdds/client/target/hdds-client-1.5.0-SNAPSHOT.jar:/home/runner/work/ozone/ozone/hadoop-ozone/interface-client/target/ozone-interface-client-1.5.0-SNAPSHOT.jar:/home/runner/.m2/repository/org/apache/hadoop/hadoop-hdfs-client/3.3.6/hadoop-hdfs-client-3.3.6.jar:/home/runner/.m2/repository/com/squareup/okhttp3/okhttp/4.12.0/okhttp-4.12.0.jar:/home/runner/.m2/repository/com/squareup/okio/okio/3.6.0/okio-3.6.0.jar:/home/runner/.m2/repository/com/squareup/okio/okio-jvm/3.6.0/okio-jvm-3.6.0.jar:/home/runner/.m2/repository/org/jetbrains/kotlin/kotlin-stdlib-jdk8/1.9.24/kotlin-stdlib-jdk8-1.9.24.jar:/home/runner/.m2/repository/org/jetbrains/kotlin/kotlin-stdlib-jdk7/1.9.24/kotlin-stdlib-jdk7-1.9.24.jar:/home/runner/.m2/repository/org/jetbrains/kotlin/kotlin-stdlib-common/1.9.24/kotlin-stdlib-common-1.9.24.jar:/home/runner/.m2/repository/com/github/stephenc/jcip/jcip-annotations/1.0-1/jcip-annotations-1.0-1.jar:/home/runner/work/ozone/ozone/hadoop-hdds/test-utils/target/hdds-test-utils-1.5.0-SNAPSHOT.jar:/home/runner/.m2/repository/org/assertj/assertj-core/3.26.0/assertj-core-3.26.0.jar:/home/runner/.m2/repository/net/bytebuddy/byte-buddy/1.14.16/byte-buddy-1.14.16.jar:/home/runner/.m2/repository/com/google/guava/guava/32.1.3-jre/guava-32.1.3-jre.jar:/home/runner/.m2/repository/com/google/guava/failureaccess/1.0.1/failureaccess-1.0.1.jar:/home/runner/.m2/repository/com/google/guava/listenablefuture/9999.0-empty-to-avoid-conflict-with-guava/listenablefuture-9999.0-empty-to-avoid-conflict-with-guava.jar:/home/runner/.m2/repository/org/checkerframework/checker-qual/3.37.0/checker-qual-3.37.0.jar:/home/runner/.m2/repository/com/google/j2objc/j2objc-annotations/2.8/j2objc-annotations-2.8.jar:/home/runner/.m2/repository/commons-io/commons-io/2.16.1/commons-io-2.16.1.jar:/home/runner/.m2/repository/commons-logging/commons-logging/1.2/commons-logging-1.2.jar:/home/runner/.m2/repository/org/junit/jupiter/junit-jupiter-api/5.10.3/junit-jupiter-api-5.10.3.jar:/home/runner/.m2/repository/org/opentest4j/opentest4j/1.3.0/opentest4j-1.3.0.jar:/home/runner/.m2/repository/org/junit/platform/junit-platform-commons/1.10.3/junit-platform-commons-1.10.3.jar:/home/runner/.m2/repository/ch/qos/reload4j/reload4j/1.2.25/reload4j-1.2.25.jar:/home/runner/.m2/repository/jakarta/annotation/jakarta.annotation-api/2.1.1/jakarta.annotation-api-2.1.1.jar:/home/runner/.m2/repository/org/slf4j/slf4j-api/2.0.13/slf4j-api-2.0.13.jar:/home/runner/.m2/repository/org/apache/logging/log4j/log4j-api/2.17.1/log4j-api-2.17.1.jar:/home/runner/work/ozone/ozone/hadoop-hdds/server-scm/target/hdds-server-scm-1.5.0-SNAPSHOT.jar:/home/runner/.m2/repository/com/google/protobuf/protobuf-java/2.5.0/protobuf-java-2.5.0.jar:/home/runner/work/ozone/ozone/hadoop-hdds/container-service/target/hdds-container-service-1.5.0-SNAPSHOT.jar:/home/runner/work/ozone/ozone/hadoop-hdds/hadoop-dependency-server/target/hdds-hadoop-dependency-server-1.5.0-SNAPSHOT.jar:/home/runner/.m2/repository/com/nimbusds/nimbus-jose-jwt/9.40/nimbus-jose-jwt-9.40.jar:/home/runner/.m2/repository/org/apache/hadoop/hadoop-hdfs/3.3.6/hadoop-hdfs-3.3.6.jar:/home/runner/.m2/repository/commons-daemon/commons-daemon/1.3.4/commons-daemon-1.3.4.jar:/home/runner/.m2/repository/org/apache/kerby/kerb-core/1.0.1/kerb-core-1.0.1.jar:/home/runner/.m2/repository/org/apache/kerby/kerby-pkix/1.0.1/kerby-pkix-1.0.1.jar:/home/runner/.m2/repository/org/apache/kerby/kerby-asn1/1.0.1/kerby-asn1-1.0.1.jar:/home/runner/.m2/repository/org/apache/kerby/kerby-util/1.0.1/kerby-util-1.0.1.jar:/home/runner/.m2/repository/org/apache/kerby/kerb-util/1.0.1/kerb-util-1.0.1.jar:/home/runner/.m2/repository/org/apache/kerby/kerby-config/1.0.1/kerby-config-1.0.1.jar:/home/runner/.m2/repository/org/apache/kerby/kerb-crypto/1.0.1/kerb-crypto-1.0.1.jar:/home/runner/.m2/repository/org/xerial/snappy/snappy-java/1.1.10.5/snappy-java-1.1.10.5.jar:/home/runner/work/ozone/ozone/hadoop-hdds/framework/target/hdds-server-framework-1.5.0-SNAPSHOT.jar:/home/runner/.m2/repository/org/bouncycastle/bcprov-jdk18on/1.78.1/bcprov-jdk18on-1.78.1.jar:/home/runner/.m2/repository/io/dropwizard/metrics/metrics-core/3.2.6/metrics-core-3.2.6.jar:/home/runner/.m2/repository/org/apache/commons/commons-text/1.12.0/commons-text-1.12.0.jar:/home/runner/work/ozone/ozone/hadoop-hdds/framework/target/hdds-server-framework-1.5.0-SNAPSHOT-tests.jar:/home/runner/work/ozone/ozone/hadoop-hdds/interface-server/target/hdds-interface-server-1.5.0-SNAPSHOT.jar:/home/runner/work/ozone/ozone/hadoop-hdds/interface-admin/target/hdds-interface-admin-1.5.0-SNAPSHOT.jar:/home/runner/work/ozone/ozone/hadoop-hdds/managed-rocksdb/target/hdds-managed-rocksdb-1.5.0-SNAPSHOT.jar:/home/runner/.m2/repository/org/rocksdb/rocksdbjni/7.7.3/rocksdbjni-7.7.3.jar:/home/runner/.m2/repository/org/slf4j/slf4j-reload4j/2.0.13/slf4j-reload4j-2.0.13.jar:/home/runner/.m2/repository/org/apache/commons/commons-configuration2/2.10.1/commons-configuration2-2.10.1.jar:/home/runner/.m2/repository/commons-fileupload/commons-fileupload/1.5/commons-fileupload-1.5.jar:/home/runner/.m2/repository/org/apache/logging/log4j/log4j-core/2.17.1/log4j-core-2.17.1.jar:/home/runner/.m2/repository/com/lmax/disruptor/3.4.4/disruptor-3.4.4.jar:/home/runner/.m2/repository/org/eclipse/jetty/jetty-util/9.4.55.v20240627/jetty-util-9.4.55.v20240627.jar:/home/runner/.m2/repository/org/eclipse/jetty/jetty-server/9.4.55.v20240627/jetty-server-9.4.55.v20240627.jar:/home/runner/.m2/repository/org/eclipse/jetty/jetty-http/9.4.55.v20240627/jetty-http-9.4.55.v20240627.jar:/home/runner/.m2/repository/org/eclipse/jetty/jetty-io/9.4.55.v20240627/jetty-io-9.4.55.v20240627.jar:/home/runner/.m2/repository/org/eclipse/jetty/jetty-servlet/9.4.55.v20240627/jetty-servlet-9.4.55.v20240627.jar:/home/runner/.m2/repository/org/eclipse/jetty/jetty-security/9.4.55.v20240627/jetty-security-9.4.55.v20240627.jar:/home/runner/.m2/repository/org/eclipse/jetty/jetty-util-ajax/9.4.55.v20240627/jetty-util-ajax-9.4.55.v20240627.jar:/home/runner/.m2/repository/org/eclipse/jetty/jetty-webapp/9.4.55.v20240627/jetty-webapp-9.4.55.v20240627.jar:/home/runner/.m2/repository/org/eclipse/jetty/jetty-xml/9.4.55.v20240627/jetty-xml-9.4.55.v20240627.jar:/home/runner/.m2/repository/org/glassfish/jersey/containers/jersey-container-servlet-core/2.43/jersey-container-servlet-core-2.43.jar:/home/runner/.m2/repository/org/glassfish/hk2/external/jakarta.inject/2.6.1/jakarta.inject-2.6.1.jar:/home/runner/.m2/repository/org/glassfish/jersey/core/jersey-common/2.43/jersey-common-2.43.jar:/home/runner/.m2/repository/jakarta/ws/rs/jakarta.ws.rs-api/2.1.6/jakarta.ws.rs-api-2.1.6.jar:/home/runner/.m2/repository/org/apache/ratis/ratis-server/3.1.0/ratis-server-3.1.0.jar:/home/runner/.m2/repository/org/apache/ratis/ratis-thirdparty-misc/1.0.6/ratis-thirdparty-misc-1.0.6.jar:/home/runner/.m2/repository/org/apache/ratis/ratis-proto/3.1.0/ratis-proto-3.1.0.jar:/home/runner/.m2/repository/org/apache/ratis/ratis-common/3.1.0/ratis-common-3.1.0.jar:/home/runner/.m2/repository/org/apache/ratis/ratis-client/3.1.0/ratis-client-3.1.0.jar:/home/runner/.m2/repository/org/apache/ratis/ratis-metrics-api/3.1.0/ratis-metrics-api-3.1.0.jar:/home/runner/.m2/repository/org/apache/ratis/ratis-metrics-dropwizard3/3.1.0/ratis-metrics-dropwizard3-3.1.0.jar:/home/runner/.m2/repository/io/prometheus/simpleclient_dropwizard/0.16.0/simpleclient_dropwizard-0.16.0.jar:/home/runner/.m2/repository/io/prometheus/simpleclient/0.16.0/simpleclient-0.16.0.jar:/home/runner/.m2/repository/io/prometheus/simpleclient_common/0.16.0/simpleclient_common-0.16.0.jar:/home/runner/.m2/repository/com/fasterxml/jackson/datatype/jackson-datatype-jsr310/2.16.2/jackson-datatype-jsr310-2.16.2.jar:/home/runner/.m2/repository/com/fasterxml/jackson/core/jackson-core/2.16.2/jackson-core-2.16.2.jar:/home/runner/.m2/repository/com/github/jnr/jnr-posix/3.1.19/jnr-posix-3.1.19.jar:/home/runner/.m2/repository/com/github/jnr/jnr-ffi/2.2.16/jnr-ffi-2.2.16.jar:/home/runner/.m2/repository/com/github/jnr/jffi/1.3.13/jffi-1.3.13.jar:/home/runner/.m2/repository/com/github/jnr/jffi/1.3.13/jffi-1.3.13-native.jar:/home/runner/.m2/repository/org/ow2/asm/asm/9.2/asm-9.2.jar:/home/runner/.m2/repository/org/ow2/asm/asm-commons/9.2/asm-commons-9.2.jar:/home/runner/.m2/repository/org/ow2/asm/asm-analysis/9.2/asm-analysis-9.2.jar:/home/runner/.m2/repository/org/ow2/asm/asm-tree/9.2/asm-tree-9.2.jar:/home/runner/.m2/repository/org/ow2/asm/asm-util/9.2/asm-util-9.2.jar:/home/runner/.m2/repository/com/github/jnr/jnr-a64asm/1.0.0/jnr-a64asm-1.0.0.jar:/home/runner/.m2/repository/com/github/jnr/jnr-x86asm/1.0.2/jnr-x86asm-1.0.2.jar:/home/runner/.m2/repository/com/github/jnr/jnr-constants/0.10.4/jnr-constants-0.10.4.jar:/home/runner/work/ozone/ozone/hadoop-hdds/rocksdb-checkpoint-differ/target/rocksdb-checkpoint-differ-1.5.0-SNAPSHOT.jar:/home/runner/.m2/repository/org/jgrapht/jgrapht-core/1.4.0/jgrapht-core-1.4.0.jar:/home/runner/.m2/repository/org/jheaps/jheaps/0.11/jheaps-0.11.jar:/home/runner/.m2/repository/org/jgrapht/jgrapht-ext/1.4.0/jgrapht-ext-1.4.0.jar:/home/runner/.m2/repository/com/github/vlsi/mxgraph/jgraphx/3.9.8.1/jgraphx-3.9.8.1.jar:/home/runner/work/ozone/ozone/hadoop-ozone/ozone-manager/target/ozone-manager-1.5.0-SNAPSHOT.jar:/home/runner/.m2/repository/org/aspectj/aspectjrt/1.9.7/aspectjrt-1.9.7.jar:/home/runner/.m2/repository/org/aspectj/aspectjweaver/1.9.7/aspectjweaver-1.9.7.jar:/home/runner/work/ozone/ozone/hadoop-hdds/interface-client/target/hdds-interface-client-1.5.0-SNAPSHOT.jar:/home/runner/.m2/repository/org/apache/hadoop/thirdparty/hadoop-shaded-protobuf_3_7/1.1.1/hadoop-shaded-protobuf_3_7-1.1.1.jar:/home/runner/work/ozone/ozone/hadoop-ozone/interface-storage/target/ozone-interface-storage-1.5.0-SNAPSHOT.jar:/home/runner/.m2/repository/org/reflections/reflections/0.10.2/reflections-0.10.2.jar:/home/runner/.m2/repository/com/sun/jersey/jersey-client/1.19.4/jersey-client-1.19.4.jar:/home/runner/.m2/repository/org/codehaus/jackson/jackson-core-asl/1.9.13/jackson-core-asl-1.9.13.jar:/home/runner/.m2/repository/org/codehaus/jackson/jackson-mapper-asl/1.9.13/jackson-mapper-asl-1.9.13.jar:/home/runner/.m2/repository/org/codehaus/jackson/jackson-jaxrs/1.9.13/jackson-jaxrs-1.9.13.jar:/home/runner/.m2/repository/org/apache/ranger/ranger-intg/2.3.0/ranger-intg-2.3.0.jar:/home/runner/.m2/repository/org/apache/ranger/ranger-plugins-common/2.3.0/ranger-plugins-common-2.3.0.jar:/home/runner/.m2/repository/commons-lang/commons-lang/2.6/commons-lang-2.6.jar:/home/runner/.m2/repository/org/apache/ranger/ranger-plugins-cred/2.3.0/ranger-plugins-cred-2.3.0.jar:/home/runner/.m2/repository/org/apache/ranger/ranger-plugins-audit/2.3.0/ranger-plugins-audit-2.3.0.jar:/home/runner/.m2/repository/org/eclipse/jetty/jetty-client/9.4.55.v20240627/jetty-client-9.4.55.v20240627.jar:/home/runner/.m2/repository/org/apache/httpcomponents/httpmime/4.5.6/httpmime-4.5.6.jar:/home/runner/.m2/repository/org/apache/httpcomponents/httpcore-nio/4.4.16/httpcore-nio-4.4.16.jar:/home/runner/.m2/repository/org/apache/httpcomponents/httpasyncclient/4.1.3/httpasyncclient-4.1.3.jar:/home/runner/.m2/repository/com/carrotsearch/hppc/0.8.0/hppc-0.8.0.jar:/home/runner/.m2/repository/org/apache/orc/orc-core/1.5.8/orc-core-1.5.8.jar:/home/runner/.m2/repository/net/java/dev/jna/jna/5.2.0/jna-5.2.0.jar:/home/runner/.m2/repository/net/java/dev/jna/jna-platform/5.2.0/jna-platform-5.2.0.jar:/home/runner/.m2/repository/com/kstruct/gethostname4j/0.0.2/gethostname4j-0.0.2.jar:/home/runner/.m2/repository/org/apache/ranger/ranger-plugin-classloader/2.3.0/ranger-plugin-classloader-2.3.0.jar:/home/runner/work/ozone/ozone/hadoop-hdds/rocks-native/target/hdds-rocks-native-1.5.0-SNAPSHOT.jar:/home/runner/.m2/repository/org/apache/hadoop/hadoop-minikdc/3.3.6/hadoop-minikdc-3.3.6.jar:/home/runner/.m2/repository/org/apache/kerby/kerb-simplekdc/1.0.1/kerb-simplekdc-1.0.1.jar:/home/runner/.m2/repository/org/apache/kerby/kerb-client/1.0.1/kerb-client-1.0.1.jar:/home/runner/.m2/repository/org/apache/kerby/kerb-common/1.0.1/kerb-common-1.0.1.jar:/home/runner/.m2/repository/org/apache/kerby/token-provider/1.0.1/token-provider-1.0.1.jar:/home/runner/.m2/repository/org/apache/kerby/kerb-admin/1.0.1/kerb-admin-1.0.1.jar:/home/runner/.m2/repository/org/apache/kerby/kerb-server/1.0.1/kerb-server-1.0.1.jar:/home/runner/.m2/repository/org/apache/kerby/kerb-identity/1.0.1/kerb-identity-1.0.1.jar:/home/runner/.m2/repository/org/apache/kerby/kerby-xdr/1.0.1/kerby-xdr-1.0.1.jar:/home/runner/.m2/repository/junit/junit/4.13.2/junit-4.13.2.jar:/home/runner/.m2/repository/org/hamcrest/hamcrest-core/1.3/hamcrest-core-1.3.jar:/home/runner/work/ozone/ozone/hadoop-ozone/s3gateway/target/ozone-s3gateway-1.5.0-SNAPSHOT.jar:/home/runner/.m2/repository/org/javassist/javassist/3.30.2-GA/javassist-3.30.2-GA.jar:/home/runner/.m2/repository/org/jboss/weld/servlet/weld-servlet-shaded/3.1.9.Final/weld-servlet-shaded-3.1.9.Final.jar:/home/runner/.m2/repository/org/glassfish/jersey/ext/cdi/jersey-cdi1x/2.43/jersey-cdi1x-2.43.jar:/home/runner/.m2/repository/org/glassfish/jersey/inject/jersey-hk2/2.43/jersey-hk2-2.43.jar:/home/runner/.m2/repository/org/glassfish/hk2/hk2-locator/2.6.1/hk2-locator-2.6.1.jar:/home/runner/.m2/repository/org/glassfish/jersey/media/jersey-media-jaxb/2.43/jersey-media-jaxb-2.43.jar:/home/runner/.m2/repository/org/glassfish/hk2/osgi-resource-locator/1.0.3/osgi-resource-locator-1.0.3.jar:/home/runner/.m2/repository/org/glassfish/hk2/hk2-api/2.6.1/hk2-api-2.6.1.jar:/home/runner/.m2/repository/org/glassfish/hk2/hk2-utils/2.6.1/hk2-utils-2.6.1.jar:/home/runner/.m2/repository/org/glassfish/hk2/external/aopalliance-repackaged/2.6.1/aopalliance-repackaged-2.6.1.jar:/home/runner/.m2/repository/com/fasterxml/jackson/dataformat/jackson-dataformat-xml/2.16.2/jackson-dataformat-xml-2.16.2.jar:/home/runner/.m2/repository/org/codehaus/woodstox/stax2-api/4.2.2/stax2-api-4.2.2.jar:/home/runner/.m2/repository/com/fasterxml/woodstox/woodstox-core/5.4.0/woodstox-core-5.4.0.jar:/home/runner/.m2/repository/com/fasterxml/jackson/module/jackson-module-jaxb-annotations/2.16.2/jackson-module-jaxb-annotations-2.16.2.jar:/home/runner/.m2/repository/javax/enterprise/cdi-api/2.0/cdi-api-2.0.jar:/home/runner/.m2/repository/javax/el/javax.el-api/3.0.0/javax.el-api-3.0.0.jar:/home/runner/.m2/repository/javax/interceptor/javax.interceptor-api/1.2/javax.interceptor-api-1.2.jar:/home/runner/.m2/repository/javax/inject/javax.inject/1/javax.inject-1.jar:/home/runner/.m2/repository/jakarta/xml/bind/jakarta.xml.bind-api/2.3.3/jakarta.xml.bind-api-2.3.3.jar:/home/runner/.m2/repository/org/glassfish/jaxb/jaxb-runtime/2.3.9/jaxb-runtime-2.3.9.jar:/home/runner/.m2/repository/org/glassfish/jaxb/txw2/2.3.9/txw2-2.3.9.jar:/home/runner/.m2/repository/com/sun/istack/istack-commons-runtime/3.0.12/istack-commons-runtime-3.0.12.jar:/home/runner/.m2/repository/com/sun/activation/jakarta.activation/1.2.2/jakarta.activation-1.2.2.jar:/home/runner/.m2/repository/jakarta/activation/jakarta.activation-api/1.2.2/jakarta.activation-api-1.2.2.jar:/home/runner/.m2/repository/io/grpc/grpc-protobuf/1.58.0/grpc-protobuf-1.58.0.jar:/home/runner/.m2/repository/com/google/api/grpc/proto-google-common-protos/2.22.0/proto-google-common-protos-2.22.0.jar:/home/runner/.m2/repository/io/grpc/grpc-protobuf-lite/1.58.0/grpc-protobuf-lite-1.58.0.jar:/home/runner/.m2/repository/io/grpc/grpc-stub/1.58.0/grpc-stub-1.58.0.jar:/home/runner/.m2/repository/io/netty/netty-transport/4.1.109.Final/netty-transport-4.1.109.Final.jar:/home/runner/.m2/repository/io/netty/netty-resolver/4.1.109.Final/netty-resolver-4.1.109.Final.jar:/home/runner/work/ozone/ozone/hadoop-ozone/csi/target/ozone-csi-1.5.0-SNAPSHOT.jar:/home/runner/.m2/repository/com/google/protobuf/protobuf-java-util/3.19.6/protobuf-java-util-3.19.6.jar:/home/runner/.m2/repository/com/google/code/gson/gson/2.10.1/gson-2.10.1.jar:/home/runner/work/ozone/ozone/hadoop-hdds/config/target/hdds-config-1.5.0-SNAPSHOT.jar:/home/runner/.m2/repository/io/netty/netty-transport-native-epoll/4.1.109.Final/netty-transport-native-epoll-4.1.109.Final-linux-x86_64.jar:/home/runner/.m2/repository/io/netty/netty-transport-classes-epoll/4.1.109.Final/netty-transport-classes-epoll-4.1.109.Final.jar:/home/runner/.m2/repository/io/netty/netty-transport-native-unix-common/4.1.109.Final/netty-transport-native-unix-common-4.1.109.Final.jar:/home/runner/work/ozone/ozone/hadoop-ozone/recon/target/ozone-recon-1.5.0-SNAPSHOT.jar:/home/runner/work/ozone/ozone/hadoop-ozone/recon-codegen/target/ozone-reconcodegen-1.5.0-SNAPSHOT.jar:/home/runner/.m2/repository/com/google/inject/guice/6.0.0/guice-6.0.0.jar:/home/runner/.m2/repository/jakarta/inject/jakarta.inject-api/2.0.1/jakarta.inject-api-2.0.1.jar:/home/runner/.m2/repository/aopalliance/aopalliance/1.0/aopalliance-1.0.jar:/home/runner/.m2/repository/com/google/inject/extensions/guice-assistedinject/6.0.0/guice-assistedinject-6.0.0.jar:/home/runner/.m2/repository/com/google/inject/extensions/guice-servlet/6.0.0/guice-servlet-6.0.0.jar:/home/runner/.m2/repository/org/glassfish/jersey/containers/jersey-container-servlet/2.43/jersey-container-servlet-2.43.jar:/home/runner/.m2/repository/org/glassfish/hk2/guice-bridge/2.6.1/guice-bridge-2.6.1.jar:/home/runner/.m2/repository/org/glassfish/jersey/core/jersey-server/2.43/jersey-server-2.43.jar:/home/runner/.m2/repository/org/glassfish/jersey/core/jersey-client/2.43/jersey-client-2.43.jar:/home/runner/.m2/repository/jakarta/validation/jakarta.validation-api/2.0.2/jakarta.validation-api-2.0.2.jar:/home/runner/.m2/repository/org/glassfish/jersey/media/jersey-media-json-jackson/2.43/jersey-media-json-jackson-2.43.jar:/home/runner/.m2/repository/org/glassfish/jersey/ext/jersey-entity-filtering/2.43/jersey-entity-filtering-2.43.jar:/home/runner/.m2/repository/org/jooq/jooq/3.11.10/jooq-3.11.10.jar:/home/runner/.m2/repository/org/jooq/jooq-meta/3.11.10/jooq-meta-3.11.10.jar:/home/runner/.m2/repository/org/jooq/jooq-codegen/3.11.10/jooq-codegen-3.11.10.jar:/home/runner/.m2/repository/com/jolbox/bonecp/0.8.0.RELEASE/bonecp-0.8.0.RELEASE.jar:/home/runner/.m2/repository/org/apache/derby/derby/10.14.2.0/derby-10.14.2.0.jar:/home/runner/.m2/repository/org/xerial/sqlite-jdbc/3.46.0.0/sqlite-jdbc-3.46.0.0.jar:/home/runner/.m2/repository/org/springframework/spring-jdbc/5.3.37/spring-jdbc-5.3.37.jar:/home/runner/.m2/repository/org/springframework/spring-beans/5.3.37/spring-beans-5.3.37.jar:/home/runner/.m2/repository/org/springframework/spring-core/5.3.37/spring-core-5.3.37.jar:/home/runner/.m2/repository/org/springframework/spring-tx/5.3.37/spring-tx-5.3.37.jar:/home/runner/work/ozone/ozone/hadoop-ozone/client/target/ozone-client-1.5.0-SNAPSHOT.jar:/home/runner/work/ozone/ozone/hadoop-hdds/erasurecode/target/hdds-erasurecode-1.5.0-SNAPSHOT.jar:/home/runner/work/ozone/ozone/hadoop-ozone/ozonefs/target/ozone-filesystem-1.5.0-SNAPSHOT.jar:/home/runner/work/ozone/ozone/hadoop-ozone/ozonefs-common/target/ozone-filesystem-common-1.5.0-SNAPSHOT.jar:/home/runner/work/ozone/ozone/hadoop-ozone/tools/target/ozone-tools-1.5.0-SNAPSHOT.jar:/home/runner/.m2/repository/com/amazonaws/aws-java-sdk-core/1.12.661/aws-java-sdk-core-1.12.661.jar:/home/runner/.m2/repository/org/apache/httpcomponents/httpclient/4.5.14/httpclient-4.5.14.jar:/home/runner/.m2/repository/org/apache/httpcomponents/httpcore/4.4.16/httpcore-4.4.16.jar:/home/runner/.m2/repository/com/fasterxml/jackson/dataformat/jackson-dataformat-cbor/2.16.2/jackson-dataformat-cbor-2.16.2.jar:/home/runner/.m2/repository/joda-time/joda-time/2.12.7/joda-time-2.12.7.jar:/home/runner/.m2/repository/com/amazonaws/aws-java-sdk-s3/1.12.661/aws-java-sdk-s3-1.12.661.jar:/home/runner/.m2/repository/com/amazonaws/aws-java-sdk-kms/1.12.661/aws-java-sdk-kms-1.12.661.jar:/home/runner/.m2/repository/com/amazonaws/jmespath-java/1.12.661/jmespath-java-1.12.661.jar:/home/runner/.m2/repository/org/kohsuke/metainf-services/metainf-services/1.11/metainf-services-1.11.jar:/home/runner/work/ozone/ozone/hadoop-hdds/tools/target/hdds-tools-1.5.0-SNAPSHOT.jar:/home/runner/.m2/repository/org/apache/ratis/ratis-tools/3.1.0/ratis-tools-3.1.0.jar:/home/runner/.m2/repository/commons-cli/commons-cli/1.8.0/commons-cli-1.8.0.jar:/home/runner/.m2/repository/org/apache/commons/commons-lang3/3.14.0/commons-lang3-3.14.0.jar:/home/runner/work/ozone/ozone/hadoop-ozone/ozone-manager/target/ozone-manager-1.5.0-SNAPSHOT-tests.jar:/home/runner/work/ozone/ozone/hadoop-hdds/common/target/hdds-common-1.5.0-SNAPSHOT-tests.jar:/home/runner/work/ozone/ozone/hadoop-hdds/hadoop-dependency-client/target/hdds-hadoop-dependency-client-1.5.0-SNAPSHOT.jar:/home/runner/.m2/repository/info/picocli/picocli/4.7.6/picocli-4.7.6.jar:/home/runner/.m2/repository/com/fasterxml/jackson/core/jackson-annotations/2.16.2/jackson-annotations-2.16.2.jar:/home/runner/work/ozone/ozone/hadoop-hdds/annotations/target/hdds-annotation-processing-1.5.0-SNAPSHOT.jar:/home/runner/.m2/repository/javax/annotation/javax.annotation-api/1.3.2/javax.annotation-api-1.3.2.jar:/home/runner/.m2/repository/org/apache/ratis/ratis-server-api/3.1.0/ratis-server-api-3.1.0.jar:/home/runner/.m2/repository/org/apache/ratis/ratis-netty/3.1.0/ratis-netty-3.1.0.jar:/home/runner/.m2/repository/org/apache/ratis/ratis-grpc/3.1.0/ratis-grpc-3.1.0.jar:/home/runner/.m2/repository/org/bouncycastle/bcpkix-jdk18on/1.78.1/bcpkix-jdk18on-1.78.1.jar:/home/runner/.m2/repository/org/bouncycastle/bcutil-jdk18on/1.78.1/bcutil-jdk18on-1.78.1.jar:/home/runner/.m2/repository/commons-validator/commons-validator/1.6/commons-validator-1.6.jar:/home/runner/.m2/repository/commons-beanutils/commons-beanutils/1.9.4/commons-beanutils-1.9.4.jar:/home/runner/.m2/repository/commons-digester/commons-digester/1.8.1/commons-digester-1.8.1.jar:/home/runner/.m2/repository/commons-collections/commons-collections/3.2.2/commons-collections-3.2.2.jar:/home/runner/.m2/repository/io/jaegertracing/jaeger-client/1.8.1/jaeger-client-1.8.1.jar:/home/runner/.m2/repository/io/jaegertracing/jaeger-thrift/1.8.1/jaeger-thrift-1.8.1.jar:/home/runner/.m2/repository/org/apache/thrift/libthrift/0.15.0/libthrift-0.15.0.jar:/home/runner/.m2/repository/io/jaegertracing/jaeger-core/1.8.1/jaeger-core-1.8.1.jar:/home/runner/.m2/repository/io/jaegertracing/jaeger-tracerresolver/1.8.1/jaeger-tracerresolver-1.8.1.jar:/home/runner/.m2/repository/io/opentracing/contrib/opentracing-tracerresolver/0.1.8/opentracing-tracerresolver-0.1.8.jar:/home/runner/.m2/repository/org/jetbrains/kotlin/kotlin-stdlib/1.9.24/kotlin-stdlib-1.9.24.jar:/home/runner/.m2/repository/org/jetbrains/annotations/13.0/annotations-13.0.jar:/home/runner/.m2/repository/io/opentracing/opentracing-util/0.33.0/opentracing-util-0.33.0.jar:/home/runner/.m2/repository/io/opentracing/opentracing-api/0.33.0/opentracing-api-0.33.0.jar:/home/runner/.m2/repository/io/opentracing/opentracing-noop/0.33.0/opentracing-noop-0.33.0.jar:/home/runner/.m2/repository/org/yaml/snakeyaml/2.0/snakeyaml-2.0.jar:/home/runner/.m2/repository/io/grpc/grpc-api/1.58.0/grpc-api-1.58.0.jar:/home/runner/.m2/repository/org/junit/platform/junit-platform-launcher/1.10.3/junit-platform-launcher-1.10.3.jar:/home/runner/.m2/repository/org/junit/platform/junit-platform-engine/1.10.3/junit-platform-engine-1.10.3.jar:/home/runner/.m2/repository/org/apiguardian/apiguardian-api/1.1.2/apiguardian-api-1.1.2.jar:/home/runner/.m2/repository/org/apache/hadoop/hadoop-kms/3.3.6/hadoop-kms-3.3.6.jar:/home/runner/.m2/repository/org/apache/hadoop/hadoop-auth/3.3.6/hadoop-auth-3.3.6.jar:/home/runner/.m2/repository/org/apache/zookeeper/zookeeper/3.8.4/zookeeper-3.8.4.jar:/home/runner/.m2/repository/org/apache/zookeeper/zookeeper-jute/3.8.4/zookeeper-jute-3.8.4.jar:/home/runner/.m2/repository/org/apache/yetus/audience-annotations/0.12.0/audience-annotations-0.12.0.jar:/home/runner/.m2/repository/org/apache/curator/curator-framework/4.2.0/curator-framework-4.2.0.jar:/home/runner/.m2/repository/org/apache/hadoop/thirdparty/hadoop-shaded-guava/1.2.0/hadoop-shaded-guava-1.2.0.jar:/home/runner/.m2/repository/com/sun/jersey/jersey-core/1.19.4/jersey-core-1.19.4.jar:/home/runner/.m2/repository/javax/ws/rs/jsr311-api/1.1.1/jsr311-api-1.1.1.jar:/home/runner/.m2/repository/com/sun/jersey/jersey-server/1.19.4/jersey-server-1.19.4.jar:/home/runner/.m2/repository/javax/servlet/javax.servlet-api/3.1.0/javax.servlet-api-3.1.0.jar:/home/runner/.m2/repository/org/apache/hadoop/hadoop-common/3.3.6/hadoop-common-3.3.6.jar:/home/runner/.m2/repository/org/apache/commons/commons-math3/3.6.1/commons-math3-3.6.1.jar:/home/runner/.m2/repository/commons-net/commons-net/3.10.0/commons-net-3.10.0.jar:/home/runner/.m2/repository/com/sun/jersey/jersey-servlet/1.19.4/jersey-servlet-1.19.4.jar:/home/runner/.m2/repository/com/github/pjfanning/jersey-json/1.20/jersey-json-1.20.jar:/home/runner/.m2/repository/org/codehaus/jettison/jettison/1.1/jettison-1.1.jar:/home/runner/.m2/repository/com/sun/xml/bind/jaxb-impl/2.2.3-1/jaxb-impl-2.2.3-1.jar:/home/runner/.m2/repository/com/google/re2j/re2j/1.7/re2j-1.7.jar:/home/runner/.m2/repository/com/jcraft/jsch/0.1.55/jsch-0.1.55.jar:/home/runner/.m2/repository/org/apache/curator/curator-client/4.2.0/curator-client-4.2.0.jar:/home/runner/.m2/repository/org/apache/curator/curator-recipes/5.2.0/curator-recipes-5.2.0.jar:/home/runner/.m2/repository/com/google/code/findbugs/jsr305/3.0.2/jsr305-3.0.2.jar:/home/runner/.m2/repository/dnsjava/dnsjava/2.1.9/dnsjava-2.1.9.jar:/home/runner/.m2/repository/com/fasterxml/jackson/core/jackson-databind/2.16.2/jackson-databind-2.16.2.jar:/home/runner/.m2/repository/org/apache/hadoop/hadoop-kms/3.3.6/hadoop-kms-3.3.6-tests.jar:/home/runner/work/ozone/ozone/hadoop-hdds/server-scm/target/hdds-server-scm-1.5.0-SNAPSHOT-tests.jar:/home/runner/work/ozone/ozone/hadoop-hdds/container-service/target/hdds-container-service-1.5.0-SNAPSHOT-tests.jar:/home/runner/.m2/repository/com/github/luben/zstd-jni/1.5.6-3/zstd-jni-1.5.6-3.jar:/home/runner/.m2/repository/commons-codec/commons-codec/1.17.0/commons-codec-1.17.0.jar:/home/runner/.m2/repository/io/netty/netty-codec/4.1.109.Final/netty-codec-4.1.109.Final.jar:/home/runner/.m2/repository/io/netty/netty-handler/4.1.109.Final/netty-handler-4.1.109.Final.jar:/home/runner/work/ozone/ozone/hadoop-hdds/hadoop-dependency-test/target/hdds-hadoop-dependency-test-1.5.0-SNAPSHOT.jar:/home/runner/.m2/repository/org/apache/hadoop/hadoop-common/3.3.6/hadoop-common-3.3.6-tests.jar:/home/runner/.m2/repository/org/apache/hadoop/hadoop-hdfs/3.3.6/hadoop-hdfs-3.3.6-tests.jar:/home/runner/.m2/repository/org/junit/jupiter/junit-jupiter-engine/5.10.3/junit-jupiter-engine-5.10.3.jar:/home/runner/.m2/repository/org/junit/jupiter/junit-jupiter-params/5.10.3/junit-jupiter-params-5.10.3.jar:/home/runner/.m2/repository/org/mockito/mockito-core/4.11.0/mockito-core-4.11.0.jar:/home/runner/.m2/repository/net/bytebuddy/byte-buddy-agent/1.12.19/byte-buddy-agent-1.12.19.jar:/home/runner/.m2/repository/org/objenesis/objenesis/3.3/objenesis-3.3.jar:/home/runner/.m2/repository/org/mockito/mockito-inline/4.11.0/mockito-inline-4.11.0.jar:/home/runner/.m2/repository/org/mockito/mockito-junit-jupiter/4.11.0/mockito-junit-jupiter-4.11.0.jar:/home/runner/.m2/repository/org/apache/hadoop/hadoop-distcp/3.3.6/hadoop-distcp-3.3.6.jar:/home/runner/.m2/repository/org/apache/hadoop/hadoop-mapreduce-client-jobclient/3.3.6/hadoop-mapreduce-client-jobclient-3.3.6.jar:/home/runner/.m2/repository/org/apache/hadoop/hadoop-mapreduce-client-common/3.3.6/hadoop-mapreduce-client-common-3.3.6.jar:/home/runner/.m2/repository/org/apache/hadoop/hadoop-yarn-common/3.3.6/hadoop-yarn-common-3.3.6.jar:/home/runner/.m2/repository/org/apache/hadoop/hadoop-yarn-api/3.3.6/hadoop-yarn-api-3.3.6.jar:/home/runner/.m2/repository/javax/xml/bind/jaxb-api/2.2.11/jaxb-api-2.2.11.jar:/home/runner/.m2/repository/com/sun/jersey/contribs/jersey-guice/1.19.4/jersey-guice-1.19.4.jar:/home/runner/.m2/repository/com/fasterxml/jackson/jaxrs/jackson-jaxrs-json-provider/2.16.2/jackson-jaxrs-json-provider-2.16.2.jar:/home/runner/.m2/repository/com/fasterxml/jackson/jaxrs/jackson-jaxrs-base/2.16.2/jackson-jaxrs-base-2.16.2.jar:/home/runner/.m2/repository/org/apache/hadoop/hadoop-yarn-client/3.3.6/hadoop-yarn-client-3.3.6.jar:/home/runner/.m2/repository/org/eclipse/jetty/websocket/websocket-client/9.4.51.v20230217/websocket-client-9.4.51.v20230217.jar:/home/runner/.m2/repository/org/eclipse/jetty/websocket/websocket-common/9.4.51.v20230217/websocket-common-9.4.51.v20230217.jar:/home/runner/.m2/repository/org/eclipse/jetty/websocket/websocket-api/9.4.51.v20230217/websocket-api-9.4.51.v20230217.jar:/home/runner/.m2/repository/org/jline/jline/3.9.0/jline-3.9.0.jar:/home/runner/.m2/repository/org/apache/hadoop/hadoop-mapreduce-client-core/3.3.6/hadoop-mapreduce-client-core-3.3.6.jar:/home/runner/.m2/repository/org/apache/avro/avro/1.7.7/avro-1.7.7.jar:/home/runner/.m2/repository/com/thoughtworks/paranamer/paranamer/2.3/paranamer-2.3.jar:/home/runner/.m2/repository/org/apache/hadoop/hadoop-annotations/3.3.6/hadoop-annotations-3.3.6.jar:/home/runner/.m2/repository/io/netty/netty/3.10.6.Final/netty-3.10.6.Final.jar:/home/runner/.m2/repository/org/apache/hadoop/hadoop-distcp/3.3.6/hadoop-distcp-3.3.6-tests.jar:/home/runner/.m2/repository/org/hamcrest/hamcrest/2.2/hamcrest-2.2.jar:/home/runner/.m2/repository/org/slf4j/jul-to-slf4j/2.0.13/jul-to-slf4j-2.0.13.jar:/home/runner/work/ozone/ozone/hadoop-ozone/integration-test/target/gradle-enterprise/test-listeners.jar:"/>
    <property name="sun.cpu.endian" value="little"/>
    <property name="user.home" value="/home/runner"/>
    <property name="user.language" value="en"/>
    <property name="java.specification.vendor" value="Oracle Corporation"/>
    <property name="java.version.date" value="2024-04-16"/>
    <property name="java.home" value="/usr/lib/jvm/temurin-17-jdk-amd64"/>
    <property name="java.security.krb5.conf" value="/home/runner/work/ozone/ozone/hadoop-ozone/integration-test/target/test-classes/krb5.conf"/>
    <property name="file.separator" value="/"/>
    <property name="basedir" value="/home/runner/work/ozone/ozone/hadoop-ozone/integration-test"/>
    <property name="java.vm.compressedOopsMode" value="Zero based"/>
    <property name="line.separator" value="&#10;"/>
    <property name="java.vm.specification.vendor" value="Oracle Corporation"/>
    <property name="java.specification.name" value="Java Platform API Specification"/>
    <property name="skip.installnpx" value="true"/>
    <property name="surefire.real.class.path" value="/home/runner/work/ozone/ozone/hadoop-ozone/integration-test/target/surefire/surefirebooter8620415581448616469.jar"/>
    <property name="hadoop.log.dir" value="/home/runner/work/ozone/ozone/hadoop-ozone/integration-test/target/log"/>
    <property name="sun.management.compiler" value="HotSpot 64-Bit Tiered Compilers"/>
    <property name="java.runtime.version" value="17.0.11+9"/>
    <property name="skip.npx" value="true"/>
    <property name="user.name" value="runner"/>
    <property name="java.net.preferIPv4Stack" value="true"/>
    <property name="path.separator" value=":"/>
    <property name="java.security.egd" value="file:///dev/urandom"/>
    <property name="os.version" value="5.15.0-1067-azure"/>
    <property name="java.runtime.name" value="OpenJDK Runtime Environment"/>
    <property name="com.gradle.maven.scan.extension.test.listener.junitplatform.NestedExecutionSafeDelegatingTestExecutionListener" value="616ac46a"/>
    <property name="file.encoding" value="UTF-8"/>
    <property name="java.vm.name" value="OpenJDK 64-Bit Server VM"/>
    <property name="java.vendor.version" value="Temurin-17.0.11+9"/>
    <property name="test.build.webapps" value=""/>
    <property name="develocity.listener.surefire.forkId" value="1"/>
    <property name="localRepository" value="/home/runner/.m2/repository"/>
    <property name="java.vendor.url.bug" value="https://github.com/adoptium/adoptium-support/issues"/>
    <property name="jetty.git.hash" value="70015831e5195ba74da6383c4ab7c90c56bb08af"/>
    <property name="java.io.tmpdir" value="/tmp"/>
    <property name="require.test.libhadoop" value=""/>
    <property name="java.version" value="17.0.11"/>
    <property name="user.dir" value="/home/runner/work/ozone/ozone/hadoop-ozone/integration-test"/>
    <property name="os.arch" value="amd64"/>
    <property name="java.vm.specification.name" value="Java Virtual Machine Specification"/>
    <property name="test.build.classes" value="/home/runner/work/ozone/ozone/hadoop-ozone/integration-test/target/test-classes"/>
    <property name="org.apache.ratis.thirdparty.io.netty.allocator.useCacheForAllThreads" value="false"/>
    <property name="native.encoding" value="UTF-8"/>
    <property name="hadoop.tmp.dir" value="/home/runner/work/ozone/ozone/hadoop-ozone/integration-test/target/tmp"/>
    <property name="java.library.path" value="/usr/java/packages/lib:/usr/lib64:/lib64:/lib:/usr/lib"/>
    <property name="java.vm.info" value="mixed mode, sharing"/>
    <property name="java.vendor" value="Eclipse Adoptium"/>
    <property name="java.vm.version" value="17.0.11+9"/>
    <property name="sun.io.unicode.encoding" value="UnicodeLittle"/>
    <property name="develocity.listener.port" value="46433"/>
    <property name="java.class.version" value="61.0"/>
  </properties>
  <testcase name="testForceBootstrap" classname="org.apache.hadoop.ozone.om.TestAddRemoveOzoneManager" time="58.693">
    <error type="java.io.IOException"><![CDATA[java.io.IOException: Failed to Bootstrap OM. Error Code: RATIS_BOOTSTRAP_ERROR, Error Message: omNode-1@group-0AAC5367B30E-ConfigurationStagingState: Fail to set configuration peers:[omNode-bootstrap-2|localhost:15058, omNode-3|localhost:15023, omNode-1|localhost:15015, omNode-2|localhost:15019]|listeners:[] due to NOPROGRESS
	at org.apache.hadoop.ozone.om.protocolPB.OMInterServiceProtocolClientSideImpl.throwException(OMInterServiceProtocolClientSideImpl.java:113)
	at org.apache.hadoop.ozone.om.protocolPB.OMInterServiceProtocolClientSideImpl.bootstrap(OMInterServiceProtocolClientSideImpl.java:107)
	at org.apache.hadoop.ozone.om.OzoneManager.bootstrap(OzoneManager.java:1911)
	at org.apache.hadoop.ozone.om.OzoneManager.start(OzoneManager.java:1726)
	at org.apache.hadoop.ozone.MiniOzoneHAClusterImpl$MiniOzoneHAService.startInactiveService(MiniOzoneHAClusterImpl.java:993)
	at org.apache.hadoop.ozone.MiniOzoneHAClusterImpl.startInactiveOM(MiniOzoneHAClusterImpl.java:189)
	at org.apache.hadoop.ozone.MiniOzoneHAClusterImpl.bootstrapNewOM(MiniOzoneHAClusterImpl.java:834)
	at org.apache.hadoop.ozone.MiniOzoneHAClusterImpl.bootstrapOzoneManager(MiniOzoneHAClusterImpl.java:749)
	at org.apache.hadoop.ozone.om.TestAddRemoveOzoneManager.testForceBootstrap(TestAddRemoveOzoneManager.java:338)
	at java.base/java.lang.reflect.Method.invoke(Method.java:568)
	at java.base/java.util.ArrayList.forEach(ArrayList.java:1511)
	at java.base/java.util.ArrayList.forEach(ArrayList.java:1511)
]]></error>
    <system-out><![CDATA[2024-07-18 11:33:07,899 [main] WARN  server.ServerUtils (ServerUtils.java:getScmDbDir(143)) - ozone.scm.db.dirs is not configured. We recommend adding this setting. Falling back to ozone.metadata.dirs instead.
2024-07-18 11:33:08,053 [main] INFO  reflections.Reflections (Reflections.java:scan(219)) - Reflections took 133 ms to scan 7 urls, producing 158 keys and 370 values
2024-07-18 11:33:08,157 [main] INFO  ha.SCMHANodeDetails (SCMHANodeDetails.java:loadSCMHAConfig(207)) - ServiceID for StorageContainerManager is scmServiceId
2024-07-18 11:33:08,165 [main] INFO  ha.SCMHANodeDetails (SCMHANodeDetails.java:loadSCMHAConfig(218)) - ServiceID for StorageContainerManager is scmServiceId
2024-07-18 11:33:08,263 [main] INFO  ha.SCMHANodeDetails (SCMHANodeDetails.java:loadSCMHAConfig(305)) - Found matching SCM address with SCMServiceId: scmServiceId, SCMNodeId: scmNode-1, RPC Address: localhost:15003 and Ratis port: 15003
2024-07-18 11:33:08,265 [main] INFO  ha.SCMHANodeDetails (ConfUtils.java:setNodeSpecificConfigs(97)) - Setting configuration key ozone.scm.datanode.address with value of key ozone.scm.datanode.address.scmServiceId.scmNode-1: 127.0.0.1:15004
2024-07-18 11:33:08,265 [main] INFO  ha.SCMHANodeDetails (ConfUtils.java:setNodeSpecificConfigs(97)) - Setting configuration key ozone.scm.block.client.address with value of key ozone.scm.block.client.address.scmServiceId.scmNode-1: 127.0.0.1:15007
2024-07-18 11:33:08,266 [main] INFO  ha.SCMHANodeDetails (ConfUtils.java:setNodeSpecificConfigs(97)) - Setting configuration key ozone.scm.client.address with value of key ozone.scm.client.address.scmServiceId.scmNode-1: 127.0.0.1:15005
2024-07-18 11:33:08,267 [main] INFO  ha.SCMHANodeDetails (ConfUtils.java:setNodeSpecificConfigs(97)) - Setting configuration key ozone.scm.security.service.address with value of key ozone.scm.security.service.address.scmServiceId.scmNode-1: 127.0.0.1:15002
2024-07-18 11:33:08,268 [main] INFO  ha.SCMHANodeDetails (ConfUtils.java:setNodeSpecificConfigs(97)) - Setting configuration key ozone.scm.ratis.port with value of key ozone.scm.ratis.port.scmServiceId.scmNode-1: 15003
2024-07-18 11:33:08,269 [main] INFO  ha.SCMHANodeDetails (ConfUtils.java:setNodeSpecificConfigs(97)) - Setting configuration key ozone.scm.grpc.port with value of key ozone.scm.grpc.port.scmServiceId.scmNode-1: 15006
2024-07-18 11:33:08,269 [main] INFO  ha.SCMHANodeDetails (ConfUtils.java:setNodeSpecificConfigs(97)) - Setting configuration key ozone.scm.http-address with value of key ozone.scm.http-address.scmServiceId.scmNode-1: 127.0.0.1:15000
2024-07-18 11:33:08,270 [main] INFO  ha.SCMHANodeDetails (ConfUtils.java:setNodeSpecificConfigs(97)) - Setting configuration key ozone.scm.https-address with value of key ozone.scm.https-address.scmServiceId.scmNode-1: 127.0.0.1:15001
2024-07-18 11:33:08,271 [main] INFO  ha.SCMHANodeDetails (ConfUtils.java:setNodeSpecificConfigs(97)) - Setting configuration key ozone.scm.address with value of key ozone.scm.address.scmServiceId.scmNode-1: 127.0.0.1
2024-07-18 11:33:08,293 [main] WARN  scm.ScmUtils (ScmUtils.java:logWarn(165)) - ConfigKey ozone.scm.block.client.address is deprecated, For configuring different ports for each SCM use PortConfigKey ozone.scm.block.client.port appended with serviceId and nodeId. If want to configure same port configure ozone.scm.block.client.port
2024-07-18 11:33:08,294 [main] WARN  scm.ScmUtils (ScmUtils.java:logWarn(165)) - ConfigKey ozone.scm.client.address is deprecated, For configuring different ports for each SCM use PortConfigKey ozone.scm.client.port appended with serviceId and nodeId. If want to configure same port configure ozone.scm.client.port
2024-07-18 11:33:08,295 [main] WARN  scm.ScmUtils (ScmUtils.java:logWarn(165)) - ConfigKey ozone.scm.datanode.address is deprecated, For configuring different ports for each SCM use PortConfigKey ozone.scm.datanode.port appended with serviceId and nodeId. If want to configure same port configure ozone.scm.datanode.port
2024-07-18 11:33:08,654 [main] INFO  server.RaftServer (ConfUtils.java:logGet(46)) - raft.rpc.type = GRPC (default)
2024-07-18 11:33:08,709 [main] INFO  grpc.GrpcConfigKeys (ConfUtils.java:logFallback(53)) - raft.grpc.admin.host = null (fallback to raft.grpc.server.host)
2024-07-18 11:33:08,711 [main] INFO  grpc.GrpcConfigKeys (ConfUtils.java:logFallback(53)) - raft.grpc.admin.port = 15003 (fallback to raft.grpc.server.port)
2024-07-18 11:33:08,711 [main] INFO  grpc.GrpcConfigKeys (ConfUtils.java:logFallback(53)) - raft.grpc.client.host = null (fallback to raft.grpc.server.host)
2024-07-18 11:33:08,712 [main] INFO  grpc.GrpcConfigKeys (ConfUtils.java:logFallback(53)) - raft.grpc.client.port = 15003 (fallback to raft.grpc.server.port)
2024-07-18 11:33:08,712 [main] INFO  grpc.GrpcConfigKeys (ConfUtils.java:logGet(46)) - raft.grpc.server.host = null (default)
2024-07-18 11:33:08,712 [main] INFO  grpc.GrpcConfigKeys (ConfUtils.java:logGet(46)) - raft.grpc.server.port = 15003 (custom)
2024-07-18 11:33:08,713 [main] INFO  server.GrpcService (ConfUtils.java:logGet(46)) - raft.grpc.message.size.max = 32m (=33554432) (custom)
2024-07-18 11:33:08,714 [main] INFO  server.RaftServerConfigKeys (ConfUtils.java:logGet(46)) - raft.server.log.appender.buffer.byte-limit = 4194304 (custom)
2024-07-18 11:33:08,715 [main] INFO  server.GrpcService (ConfUtils.java:logGet(46)) - raft.grpc.flow.control.window = 1MB (=1048576) (default)
2024-07-18 11:33:08,715 [main] INFO  server.RaftServerConfigKeys (ConfUtils.java:logGet(46)) - raft.server.rpc.request.timeout = 30000ms (custom)
2024-07-18 11:33:08,722 [main] INFO  grpc.GrpcConfigKeys (ConfUtils.java:logGet(46)) - raft.grpc.server.heartbeat.channel = true (default)
2024-07-18 11:33:08,725 [main] INFO  grpc.GrpcConfigKeys (ConfUtils.java:logGet(46)) - raft.grpc.server.async.request.thread.pool.cached = true (default)
2024-07-18 11:33:08,726 [main] INFO  grpc.GrpcConfigKeys (ConfUtils.java:logGet(46)) - raft.grpc.server.async.request.thread.pool.size = 32 (default)
2024-07-18 11:33:08,846 [main] INFO  impl.DataStreamServerImpl (ConfUtils.java:logGet(46)) - raft.datastream.type = DISABLED (default)
2024-07-18 11:33:08,848 [main] INFO  server.RaftServerConfigKeys (ConfUtils.java:logGet(46)) - raft.server.sleep.deviation.threshold = 300ms (default)
2024-07-18 11:33:08,848 [main] INFO  server.RaftServerConfigKeys (ConfUtils.java:logGet(46)) - raft.server.close.threshold = 60s (default)
2024-07-18 11:33:08,849 [main] INFO  server.RaftServerConfigKeys (ConfUtils.java:logGet(46)) - raft.server.leaderelection.leader.step-down.wait-time = 10s (default)
2024-07-18 11:33:08,852 [main] INFO  server.RaftServerConfigKeys (ConfUtils.java:logGet(46)) - raft.server.storage.dir = [/home/runner/work/ozone/ozone/hadoop-ozone/integration-test/target/test-dir/MiniOzoneClusterImpl-c0b7f50e-f813-4849-95b3-646bdd98e01d/scmNode-1/scm-ha] (custom)
2024-07-18 11:33:08,853 [main] INFO  server.RaftServerConfigKeys (ConfUtils.java:logGet(46)) - raft.server.threadpool.proxy.cached = true (default)
2024-07-18 11:33:08,854 [main] INFO  server.RaftServerConfigKeys (ConfUtils.java:logGet(46)) - raft.server.threadpool.proxy.size = 0 (default)
2024-07-18 11:33:08,859 [main] INFO  server.RaftServer (RaftServerProxy.java:addNew(101)) - c23094e4-493d-4fea-9f0c-470ffa683120: addNew group-646BDD98E01D:[c23094e4-493d-4fea-9f0c-470ffa683120|localhost:15003] returns group-646BDD98E01D:java.util.concurrent.CompletableFuture@33e434c8[Not completed]
2024-07-18 11:33:08,873 [c23094e4-493d-4fea-9f0c-470ffa683120-groupManagement] INFO  server.RaftServer$Division (RaftServerImpl.java:<init>(253)) - c23094e4-493d-4fea-9f0c-470ffa683120: new RaftServerImpl for group-646BDD98E01D:[c23094e4-493d-4fea-9f0c-470ffa683120|localhost:15003] with SCMStateMachine:uninitialized
2024-07-18 11:33:08,875 [c23094e4-493d-4fea-9f0c-470ffa683120-groupManagement] INFO  server.RaftServerConfigKeys (ConfUtils.java:logGet(46)) - raft.server.rpc.timeout.min = 5000ms (custom)
2024-07-18 11:33:08,875 [c23094e4-493d-4fea-9f0c-470ffa683120-groupManagement] INFO  server.RaftServerConfigKeys (ConfUtils.java:logGet(46)) - raft.server.rpc.timeout.max = 5200ms (custom)
2024-07-18 11:33:08,875 [c23094e4-493d-4fea-9f0c-470ffa683120-groupManagement] INFO  server.RaftServerConfigKeys (ConfUtils.java:logGet(46)) - raft.server.rpc.sleep.time = 25ms (default)
2024-07-18 11:33:08,876 [c23094e4-493d-4fea-9f0c-470ffa683120-groupManagement] INFO  server.RaftServerConfigKeys (ConfUtils.java:logGet(46)) - raft.server.rpc.slowness.timeout = 120000ms (custom)
2024-07-18 11:33:08,876 [c23094e4-493d-4fea-9f0c-470ffa683120-groupManagement] INFO  server.RaftServerConfigKeys (ConfUtils.java:logGet(46)) - raft.server.leaderelection.leader.step-down.wait-time = 10s (default)
2024-07-18 11:33:08,876 [c23094e4-493d-4fea-9f0c-470ffa683120-groupManagement] INFO  server.RaftServerConfigKeys (ConfUtils.java:logGet(46)) - raft.server.leaderelection.member.majority-add = false (default)
2024-07-18 11:33:08,876 [c23094e4-493d-4fea-9f0c-470ffa683120-groupManagement] INFO  server.RaftServerConfigKeys (ConfUtils.java:logGet(46)) - raft.server.sleep.deviation.threshold = 300ms (default)
2024-07-18 11:33:08,881 [c23094e4-493d-4fea-9f0c-470ffa683120-groupManagement] INFO  server.RaftServer$Division (ServerState.java:<init>(114)) - c23094e4-493d-4fea-9f0c-470ffa683120@group-646BDD98E01D: ConfigurationManager, init=conf: {index: -1, cur=peers:[c23094e4-493d-4fea-9f0c-470ffa683120|localhost:15003]|listeners:[], old=null}, confs=<EMPTY_MAP>
2024-07-18 11:33:08,884 [c23094e4-493d-4fea-9f0c-470ffa683120-groupManagement] INFO  server.RaftServerConfigKeys (ConfUtils.java:logGet(46)) - raft.server.notification.no-leader.timeout = 60s (default)
2024-07-18 11:33:08,886 [c23094e4-493d-4fea-9f0c-470ffa683120-groupManagement] INFO  server.RaftServerConfigKeys (ConfUtils.java:logGet(46)) - raft.server.read.timeout = 10s (default)
2024-07-18 11:33:08,889 [c23094e4-493d-4fea-9f0c-470ffa683120-groupManagement] INFO  server.RaftServerConfigKeys (ConfUtils.java:logGet(46)) - raft.server.retrycache.expirytime = 60000ms (default)
2024-07-18 11:33:08,889 [c23094e4-493d-4fea-9f0c-470ffa683120-groupManagement] INFO  server.RaftServerConfigKeys (ConfUtils.java:logGet(46)) - raft.server.retrycache.statistics.expirytime = 100ms (default)
2024-07-18 11:33:08,892 [c23094e4-493d-4fea-9f0c-470ffa683120-groupManagement] INFO  server.RaftServerConfigKeys (ConfUtils.java:logGet(46)) - raft.server.read.option = DEFAULT (default)
2024-07-18 11:33:08,893 [c23094e4-493d-4fea-9f0c-470ffa683120-groupManagement] INFO  server.RaftServerConfigKeys (ConfUtils.java:logGet(46)) - raft.server.read.read-after-write-consistent.write-index-cache.expiry-time = 60s (default)
2024-07-18 11:33:08,898 [c23094e4-493d-4fea-9f0c-470ffa683120-groupManagement] INFO  metrics.MetricRegistries (MetricRegistriesLoader.java:load(64)) - Loaded MetricRegistries class org.apache.ratis.metrics.dropwizard3.Dm3MetricRegistriesImpl
2024-07-18 11:33:08,968 [c23094e4-493d-4fea-9f0c-470ffa683120-groupManagement] INFO  server.RaftServerConfigKeys (ConfUtils.java:logGet(46)) - raft.server.rpc.request.timeout = 30000ms (custom)
2024-07-18 11:33:08,970 [c23094e4-493d-4fea-9f0c-470ffa683120-groupManagement] INFO  server.RaftServerConfigKeys (ConfUtils.java:logGet(46)) - raft.server.log.appender.install.snapshot.enabled = false (custom)
2024-07-18 11:33:08,971 [c23094e4-493d-4fea-9f0c-470ffa683120-groupManagement] INFO  server.RaftServerConfigKeys (ConfUtils.java:logGet(46)) - raft.server.threadpool.server.cached = true (default)
2024-07-18 11:33:08,971 [c23094e4-493d-4fea-9f0c-470ffa683120-groupManagement] INFO  server.RaftServerConfigKeys (ConfUtils.java:logGet(46)) - raft.server.threadpool.server.size = 0 (default)
2024-07-18 11:33:08,972 [c23094e4-493d-4fea-9f0c-470ffa683120-groupManagement] INFO  server.RaftServerConfigKeys (ConfUtils.java:logGet(46)) - raft.server.threadpool.client.cached = true (default)
2024-07-18 11:33:08,972 [c23094e4-493d-4fea-9f0c-470ffa683120-groupManagement] INFO  server.RaftServerConfigKeys (ConfUtils.java:logGet(46)) - raft.server.threadpool.client.size = 0 (default)
2024-07-18 11:33:08,973 [c23094e4-493d-4fea-9f0c-470ffa683120-impl-thread1] INFO  server.RaftServerConfigKeys (ConfUtils.java:logGet(46)) - raft.server.storage.free-space.min = 0MB (=0) (default)
2024-07-18 11:33:08,974 [c23094e4-493d-4fea-9f0c-470ffa683120-impl-thread1] INFO  server.RaftServerConfigKeys (ConfUtils.java:logGet(46)) - raft.server.log.corruption.policy = EXCEPTION (default)
2024-07-18 11:33:08,974 [c23094e4-493d-4fea-9f0c-470ffa683120-impl-thread1] INFO  server.RaftServerConfigKeys (ConfUtils.java:logGet(46)) - raft.server.storage.dir = [/home/runner/work/ozone/ozone/hadoop-ozone/integration-test/target/test-dir/MiniOzoneClusterImpl-c0b7f50e-f813-4849-95b3-646bdd98e01d/scmNode-1/scm-ha] (custom)
2024-07-18 11:33:08,979 [c23094e4-493d-4fea-9f0c-470ffa683120-impl-thread1] INFO  storage.RaftStorageDirectory (RaftStorageDirectoryImpl.java:analyzeStorage(138)) - The storage directory /home/runner/work/ozone/ozone/hadoop-ozone/integration-test/target/test-dir/MiniOzoneClusterImpl-c0b7f50e-f813-4849-95b3-646bdd98e01d/scmNode-1/scm-ha/c0b7f50e-f813-4849-95b3-646bdd98e01d does not exist. Creating ...
2024-07-18 11:33:08,983 [c23094e4-493d-4fea-9f0c-470ffa683120-impl-thread1] INFO  storage.RaftStorageDirectory (RaftStorageDirectoryImpl.java:tryLock(229)) - Lock on /home/runner/work/ozone/ozone/hadoop-ozone/integration-test/target/test-dir/MiniOzoneClusterImpl-c0b7f50e-f813-4849-95b3-646bdd98e01d/scmNode-1/scm-ha/c0b7f50e-f813-4849-95b3-646bdd98e01d/in_use.lock acquired by nodename 107590@fv-az1113-538
2024-07-18 11:33:08,988 [c23094e4-493d-4fea-9f0c-470ffa683120-impl-thread1] INFO  storage.RaftStorage (RaftStorageImpl.java:format(98)) - Storage directory /home/runner/work/ozone/ozone/hadoop-ozone/integration-test/target/test-dir/MiniOzoneClusterImpl-c0b7f50e-f813-4849-95b3-646bdd98e01d/scmNode-1/scm-ha/c0b7f50e-f813-4849-95b3-646bdd98e01d has been successfully formatted.
2024-07-18 11:33:08,990 [c23094e4-493d-4fea-9f0c-470ffa683120-impl-thread1] INFO  server.RaftServerConfigKeys (ConfUtils.java:logGet(46)) - raft.server.log.use.memory = false (default)
2024-07-18 11:33:08,995 [c23094e4-493d-4fea-9f0c-470ffa683120-impl-thread1] INFO  server.RaftServerConfigKeys (ConfUtils.java:logGet(46)) - raft.server.log.purge.gap = 1000000 (custom)
2024-07-18 11:33:08,995 [c23094e4-493d-4fea-9f0c-470ffa683120-impl-thread1] INFO  server.RaftServerConfigKeys (ConfUtils.java:logGet(46)) - raft.server.log.appender.buffer.byte-limit = 4194304 (custom)
2024-07-18 11:33:08,996 [c23094e4-493d-4fea-9f0c-470ffa683120-impl-thread1] INFO  server.RaftServerConfigKeys (ConfUtils.java:logGet(46)) - raft.server.log.statemachine.data.read.timeout = 1000ms (default)
2024-07-18 11:33:08,997 [c23094e4-493d-4fea-9f0c-470ffa683120-impl-thread1] INFO  server.RaftServerConfigKeys (ConfUtils.java:logGet(46)) - raft.server.log.purge.preservation.log.num = 0 (default)
2024-07-18 11:33:08,999 [c23094e4-493d-4fea-9f0c-470ffa683120-impl-thread1] INFO  server.RaftServerConfigKeys (ConfUtils.java:logGet(46)) - raft.server.log.segment.size.max = 4194304 (custom)
2024-07-18 11:33:09,002 [c23094e4-493d-4fea-9f0c-470ffa683120-impl-thread1] INFO  server.RaftServerConfigKeys (ConfUtils.java:logGet(46)) - raft.server.log.segment.cache.num.max = 2 (custom)
2024-07-18 11:33:09,003 [c23094e4-493d-4fea-9f0c-470ffa683120-impl-thread1] INFO  server.RaftServerConfigKeys (ConfUtils.java:logGet(46)) - raft.server.log.segment.cache.size.max = 200MB (=209715200) (default)
2024-07-18 11:33:09,003 [c23094e4-493d-4fea-9f0c-470ffa683120-impl-thread1] INFO  server.RaftServerConfigKeys (ConfUtils.java:logGet(46)) - raft.server.log.appender.buffer.byte-limit = 4194304 (custom)
2024-07-18 11:33:09,004 [c23094e4-493d-4fea-9f0c-470ffa683120-impl-thread1] INFO  util.AwaitToRun (AwaitToRun.java:start(81)) - Thread[c23094e4-493d-4fea-9f0c-470ffa683120@group-646BDD98E01D-cacheEviction-AwaitToRun,5,main] started
2024-07-18 11:33:09,007 [c23094e4-493d-4fea-9f0c-470ffa683120-impl-thread1] INFO  segmented.SegmentedRaftLogWorker (SegmentedRaftLogWorker.java:<init>(184)) - new c23094e4-493d-4fea-9f0c-470ffa683120@group-646BDD98E01D-SegmentedRaftLogWorker for RaftStorageImpl:Storage Directory /home/runner/work/ozone/ozone/hadoop-ozone/integration-test/target/test-dir/MiniOzoneClusterImpl-c0b7f50e-f813-4849-95b3-646bdd98e01d/scmNode-1/scm-ha/c0b7f50e-f813-4849-95b3-646bdd98e01d
2024-07-18 11:33:09,007 [c23094e4-493d-4fea-9f0c-470ffa683120-impl-thread1] INFO  server.RaftServerConfigKeys (ConfUtils.java:logGet(46)) - raft.server.log.queue.byte-limit = 64MB (=67108864) (default)
2024-07-18 11:33:09,008 [c23094e4-493d-4fea-9f0c-470ffa683120-impl-thread1] INFO  server.RaftServerConfigKeys (ConfUtils.java:logGet(46)) - raft.server.log.queue.element-limit = 4096 (default)
2024-07-18 11:33:09,009 [c23094e4-493d-4fea-9f0c-470ffa683120-impl-thread1] INFO  server.RaftServerConfigKeys (ConfUtils.java:logGet(46)) - raft.server.log.segment.size.max = 4194304 (custom)
2024-07-18 11:33:09,010 [c23094e4-493d-4fea-9f0c-470ffa683120-impl-thread1] INFO  server.RaftServerConfigKeys (ConfUtils.java:logGet(46)) - raft.server.log.preallocated.size = 4194304 (custom)
2024-07-18 11:33:09,011 [c23094e4-493d-4fea-9f0c-470ffa683120-impl-thread1] INFO  server.RaftServerConfigKeys (ConfUtils.java:logGet(46)) - raft.server.log.force.sync.num = 128 (default)
2024-07-18 11:33:09,011 [c23094e4-493d-4fea-9f0c-470ffa683120-impl-thread1] INFO  server.RaftServerConfigKeys (ConfUtils.java:logGet(46)) - raft.server.log.statemachine.data.sync = true (default)
2024-07-18 11:33:09,012 [c23094e4-493d-4fea-9f0c-470ffa683120-impl-thread1] INFO  server.RaftServerConfigKeys (ConfUtils.java:logGet(46)) - raft.server.log.statemachine.data.sync.timeout = 10s (default)
2024-07-18 11:33:09,012 [c23094e4-493d-4fea-9f0c-470ffa683120-impl-thread1] INFO  server.RaftServerConfigKeys (ConfUtils.java:logGet(46)) - raft.server.log.statemachine.data.sync.timeout.retry = -1 (default)
2024-07-18 11:33:09,014 [c23094e4-493d-4fea-9f0c-470ffa683120-impl-thread1] INFO  server.RaftServerConfigKeys (ConfUtils.java:logGet(46)) - raft.server.log.write.buffer.size = 4194312 (custom)
2024-07-18 11:33:09,015 [c23094e4-493d-4fea-9f0c-470ffa683120-impl-thread1] INFO  server.RaftServerConfigKeys (ConfUtils.java:logGet(46)) - raft.server.log.appender.buffer.byte-limit = 4194304 (custom)
2024-07-18 11:33:09,016 [c23094e4-493d-4fea-9f0c-470ffa683120-impl-thread1] INFO  server.RaftServerConfigKeys (ConfUtils.java:logGet(46)) - raft.server.log.unsafe-flush.enabled = false (default)
2024-07-18 11:33:09,016 [c23094e4-493d-4fea-9f0c-470ffa683120-impl-thread1] INFO  server.RaftServerConfigKeys (ConfUtils.java:logGet(46)) - raft.server.log.async-flush.enabled = false (default)
2024-07-18 11:33:09,016 [c23094e4-493d-4fea-9f0c-470ffa683120-impl-thread1] INFO  server.RaftServerConfigKeys (ConfUtils.java:logGet(46)) - raft.server.log.statemachine.data.caching.enabled = false (default)
2024-07-18 11:33:09,021 [c23094e4-493d-4fea-9f0c-470ffa683120-impl-thread1] INFO  segmented.SegmentedRaftLogWorker (SegmentedRaftLogWorker.java:lambda$new$0(135)) - c23094e4-493d-4fea-9f0c-470ffa683120@group-646BDD98E01D-SegmentedRaftLogWorker: flushIndex: setUnconditionally 0 -> -1
2024-07-18 11:33:09,021 [c23094e4-493d-4fea-9f0c-470ffa683120-impl-thread1] INFO  segmented.SegmentedRaftLogWorker (SegmentedRaftLogWorker.java:lambda$new$0(135)) - c23094e4-493d-4fea-9f0c-470ffa683120@group-646BDD98E01D-SegmentedRaftLogWorker: safeCacheEvictIndex: setUnconditionally 0 -> -1
2024-07-18 11:33:09,022 [c23094e4-493d-4fea-9f0c-470ffa683120-impl-thread1] INFO  server.RaftServer$Division (RaftServerImpl.java:start(389)) - c23094e4-493d-4fea-9f0c-470ffa683120@group-646BDD98E01D: start as a follower, conf=conf: {index: -1, cur=peers:[c23094e4-493d-4fea-9f0c-470ffa683120|localhost:15003]|listeners:[], old=null}
2024-07-18 11:33:09,023 [c23094e4-493d-4fea-9f0c-470ffa683120-impl-thread1] INFO  server.RaftServer$Division (RaftServerImpl.java:setRole(376)) - c23094e4-493d-4fea-9f0c-470ffa683120@group-646BDD98E01D: changes role from      null to FOLLOWER at term 0 for startAsFollower
2024-07-18 11:33:09,024 [c23094e4-493d-4fea-9f0c-470ffa683120-impl-thread1] INFO  impl.RoleInfo (RoleInfo.java:updateAndGet(148)) - c23094e4-493d-4fea-9f0c-470ffa683120: start c23094e4-493d-4fea-9f0c-470ffa683120@group-646BDD98E01D-FollowerState
2024-07-18 11:33:09,025 [c23094e4-493d-4fea-9f0c-470ffa683120@group-646BDD98E01D-FollowerState] INFO  server.RaftServerConfigKeys (ConfUtils.java:logFallback(53)) - raft.server.rpc.first-election.timeout.min = 5000ms (fallback to raft.server.rpc.timeout.min)
2024-07-18 11:33:09,025 [c23094e4-493d-4fea-9f0c-470ffa683120@group-646BDD98E01D-FollowerState] INFO  server.RaftServerConfigKeys (ConfUtils.java:logFallback(53)) - raft.server.rpc.first-election.timeout.max = 5200ms (fallback to raft.server.rpc.timeout.max)
2024-07-18 11:33:09,025 [c23094e4-493d-4fea-9f0c-470ffa683120-impl-thread1] INFO  util.JmxRegister (JmxRegister.java:tryRegister(44)) - Successfully registered JMX Bean with object name Ratis:service=RaftServer,group=group-646BDD98E01D,id=c23094e4-493d-4fea-9f0c-470ffa683120
2024-07-18 11:33:09,026 [c23094e4-493d-4fea-9f0c-470ffa683120-impl-thread1] INFO  util.JmxRegister (JmxRegister.java:register(58)) - register mxBean class org.apache.ratis.server.impl.RaftServerJmxAdapter as Ratis:service=RaftServer,group=group-646BDD98E01D,id=c23094e4-493d-4fea-9f0c-470ffa683120
2024-07-18 11:33:09,027 [c23094e4-493d-4fea-9f0c-470ffa683120-impl-thread1] INFO  server.RaftServerConfigKeys (ConfUtils.java:logGet(46)) - raft.server.snapshot.trigger-when-stop.enabled = true (default)
2024-07-18 11:33:09,028 [c23094e4-493d-4fea-9f0c-470ffa683120-impl-thread1] INFO  server.RaftServerConfigKeys (ConfUtils.java:logGet(46)) - raft.server.snapshot.trigger-when-remove.enabled = true (default)
2024-07-18 11:33:09,028 [c23094e4-493d-4fea-9f0c-470ffa683120-impl-thread1] INFO  server.RaftServerConfigKeys (ConfUtils.java:logGet(46)) - raft.server.snapshot.auto.trigger.enabled = true (custom)
2024-07-18 11:33:09,029 [c23094e4-493d-4fea-9f0c-470ffa683120-impl-thread1] INFO  server.RaftServerConfigKeys (ConfUtils.java:logGet(46)) - raft.server.snapshot.auto.trigger.threshold = 1000 (custom)
2024-07-18 11:33:09,029 [c23094e4-493d-4fea-9f0c-470ffa683120-impl-thread1] INFO  server.RaftServerConfigKeys (ConfUtils.java:logGet(46)) - raft.server.snapshot.retention.file.num = -1 (default)
2024-07-18 11:33:09,030 [c23094e4-493d-4fea-9f0c-470ffa683120-impl-thread1] INFO  server.RaftServerConfigKeys (ConfUtils.java:logGet(46)) - raft.server.log.purge.upto.snapshot.index = false (default)
2024-07-18 11:33:09,033 [main] INFO  server.RaftServer (RaftServerProxy.java:startImpl(408)) - c23094e4-493d-4fea-9f0c-470ffa683120: start RPC server
2024-07-18 11:33:09,060 [main] INFO  server.GrpcService (GrpcService.java:startImpl(302)) - c23094e4-493d-4fea-9f0c-470ffa683120: GrpcService started, listening on 15003
2024-07-18 11:33:09,062 [JvmPauseMonitor0] INFO  util.JvmPauseMonitor (JvmPauseMonitor.java:run(146)) - JvmPauseMonitor-c23094e4-493d-4fea-9f0c-470ffa683120: Started
2024-07-18 11:33:14,052 [c23094e4-493d-4fea-9f0c-470ffa683120@group-646BDD98E01D-FollowerState] INFO  impl.FollowerState (FollowerState.java:run(144)) - c23094e4-493d-4fea-9f0c-470ffa683120@group-646BDD98E01D-FollowerState: change to CANDIDATE, lastRpcElapsedTime:5028360253ns, electionTimeout:5024ms
2024-07-18 11:33:14,052 [c23094e4-493d-4fea-9f0c-470ffa683120@group-646BDD98E01D-FollowerState] INFO  impl.RoleInfo (RoleInfo.java:shutdownFollowerState(119)) - c23094e4-493d-4fea-9f0c-470ffa683120: shutdown c23094e4-493d-4fea-9f0c-470ffa683120@group-646BDD98E01D-FollowerState
2024-07-18 11:33:14,053 [c23094e4-493d-4fea-9f0c-470ffa683120@group-646BDD98E01D-FollowerState] INFO  server.RaftServer$Division (RaftServerImpl.java:setRole(376)) - c23094e4-493d-4fea-9f0c-470ffa683120@group-646BDD98E01D: changes role from  FOLLOWER to CANDIDATE at term 0 for changeToCandidate
2024-07-18 11:33:14,055 [c23094e4-493d-4fea-9f0c-470ffa683120@group-646BDD98E01D-FollowerState] INFO  server.RaftServerConfigKeys (ConfUtils.java:logGet(46)) - raft.server.leaderelection.pre-vote = true (default)
2024-07-18 11:33:14,055 [c23094e4-493d-4fea-9f0c-470ffa683120@group-646BDD98E01D-FollowerState] INFO  impl.RoleInfo (RoleInfo.java:updateAndGet(148)) - c23094e4-493d-4fea-9f0c-470ffa683120: start c23094e4-493d-4fea-9f0c-470ffa683120@group-646BDD98E01D-LeaderElection1
2024-07-18 11:33:14,057 [c23094e4-493d-4fea-9f0c-470ffa683120@group-646BDD98E01D-LeaderElection1] INFO  impl.LeaderElection (LeaderElection.java:askForVotes(321)) - c23094e4-493d-4fea-9f0c-470ffa683120@group-646BDD98E01D-LeaderElection1 PRE_VOTE round 0: submit vote requests at term 0 for conf: {index: -1, cur=peers:[c23094e4-493d-4fea-9f0c-470ffa683120|localhost:15003]|listeners:[], old=null}
2024-07-18 11:33:14,058 [c23094e4-493d-4fea-9f0c-470ffa683120@group-646BDD98E01D-LeaderElection1] INFO  impl.LeaderElection (LeaderElection.java:askForVotes(323)) - c23094e4-493d-4fea-9f0c-470ffa683120@group-646BDD98E01D-LeaderElection1 PRE_VOTE round 0: result PASSED (term=0)
2024-07-18 11:33:14,061 [c23094e4-493d-4fea-9f0c-470ffa683120@group-646BDD98E01D-LeaderElection1] INFO  impl.LeaderElection (LeaderElection.java:askForVotes(321)) - c23094e4-493d-4fea-9f0c-470ffa683120@group-646BDD98E01D-LeaderElection1 ELECTION round 0: submit vote requests at term 1 for conf: {index: -1, cur=peers:[c23094e4-493d-4fea-9f0c-470ffa683120|localhost:15003]|listeners:[], old=null}
2024-07-18 11:33:14,061 [c23094e4-493d-4fea-9f0c-470ffa683120@group-646BDD98E01D-LeaderElection1] INFO  impl.LeaderElection (LeaderElection.java:askForVotes(323)) - c23094e4-493d-4fea-9f0c-470ffa683120@group-646BDD98E01D-LeaderElection1 ELECTION round 0: result PASSED (term=1)
2024-07-18 11:33:14,062 [c23094e4-493d-4fea-9f0c-470ffa683120@group-646BDD98E01D-LeaderElection1] INFO  impl.RoleInfo (RoleInfo.java:shutdownLeaderElection(139)) - c23094e4-493d-4fea-9f0c-470ffa683120: shutdown c23094e4-493d-4fea-9f0c-470ffa683120@group-646BDD98E01D-LeaderElection1
2024-07-18 11:33:14,062 [c23094e4-493d-4fea-9f0c-470ffa683120@group-646BDD98E01D-LeaderElection1] INFO  server.RaftServer$Division (RaftServerImpl.java:setRole(376)) - c23094e4-493d-4fea-9f0c-470ffa683120@group-646BDD98E01D: changes role from CANDIDATE to LEADER at term 1 for changeToLeader
2024-07-18 11:33:14,066 [c23094e4-493d-4fea-9f0c-470ffa683120@group-646BDD98E01D-LeaderElection1] INFO  server.RaftServerConfigKeys (ConfUtils.java:logGet(46)) - raft.server.staging.catchup.gap = 1000 (default)
2024-07-18 11:33:14,070 [c23094e4-493d-4fea-9f0c-470ffa683120@group-646BDD98E01D-LeaderElection1] INFO  server.RaftServerConfigKeys (ConfUtils.java:logGet(46)) - raft.server.write.element-limit = 4096 (default)
2024-07-18 11:33:14,071 [c23094e4-493d-4fea-9f0c-470ffa683120@group-646BDD98E01D-LeaderElection1] INFO  server.RaftServerConfigKeys (ConfUtils.java:logGet(46)) - raft.server.write.byte-limit = 64MB (=67108864) (default)
2024-07-18 11:33:14,074 [c23094e4-493d-4fea-9f0c-470ffa683120@group-646BDD98E01D-LeaderElection1] INFO  server.RaftServerConfigKeys (ConfUtils.java:logGet(46)) - raft.server.watch.timeout = 10s (default)
2024-07-18 11:33:14,075 [c23094e4-493d-4fea-9f0c-470ffa683120@group-646BDD98E01D-LeaderElection1] INFO  server.RaftServerConfigKeys (ConfUtils.java:logGet(46)) - raft.server.watch.timeout.denomination = 1s (default)
2024-07-18 11:33:14,076 [c23094e4-493d-4fea-9f0c-470ffa683120@group-646BDD98E01D-LeaderElection1] INFO  server.RaftServerConfigKeys (ConfUtils.java:logGet(46)) - raft.server.watch.element-limit = 65536 (default)
2024-07-18 11:33:14,081 [c23094e4-493d-4fea-9f0c-470ffa683120@group-646BDD98E01D-LeaderElection1] INFO  server.RaftServerConfigKeys (ConfUtils.java:logGet(46)) - raft.server.read.leader.lease.enabled = false (default)
2024-07-18 11:33:14,083 [c23094e4-493d-4fea-9f0c-470ffa683120@group-646BDD98E01D-LeaderElection1] INFO  server.RaftServerConfigKeys (ConfUtils.java:logGet(46)) - raft.server.read.leader.lease.timeout.ratio = 0.9 (default)
2024-07-18 11:33:14,083 [c23094e4-493d-4fea-9f0c-470ffa683120@group-646BDD98E01D-LeaderElection1] INFO  server.RaftServerConfigKeys (ConfUtils.java:logGet(46)) - raft.server.rpc.timeout.min = 5000ms (custom)
2024-07-18 11:33:14,084 [c23094e4-493d-4fea-9f0c-470ffa683120@group-646BDD98E01D-LeaderElection1] INFO  server.RaftServerConfigKeys (ConfUtils.java:logGet(46)) - raft.server.log.log-metadata.enabled = true (default)
2024-07-18 11:33:14,084 [c23094e4-493d-4fea-9f0c-470ffa683120@group-646BDD98E01D-LeaderElection1] INFO  server.RaftServerConfigKeys (ConfUtils.java:logGet(46)) - raft.server.write.element-limit = 4096 (default)
2024-07-18 11:33:14,085 [c23094e4-493d-4fea-9f0c-470ffa683120@group-646BDD98E01D-LeaderElection1] INFO  server.RaftServerConfigKeys (ConfUtils.java:logGet(46)) - raft.server.write.follower.gap.ratio.max = -1.0 (default)
2024-07-18 11:33:14,087 [c23094e4-493d-4fea-9f0c-470ffa683120@group-646BDD98E01D-LeaderElection1] INFO  impl.RoleInfo (RoleInfo.java:updateAndGet(148)) - c23094e4-493d-4fea-9f0c-470ffa683120: start c23094e4-493d-4fea-9f0c-470ffa683120@group-646BDD98E01D-LeaderStateImpl
2024-07-18 11:33:14,087 [c23094e4-493d-4fea-9f0c-470ffa683120@group-646BDD98E01D-LeaderElection1] INFO  server.RaftServer$Division (RaftServerImpl.java:setFirstElection(549)) - c23094e4-493d-4fea-9f0c-470ffa683120@group-646BDD98E01D: set firstElectionSinceStartup to false for becomeLeader
2024-07-18 11:33:14,088 [c23094e4-493d-4fea-9f0c-470ffa683120@group-646BDD98E01D-LeaderElection1] INFO  server.RaftServer$Division (ServerState.java:setLeader(272)) - c23094e4-493d-4fea-9f0c-470ffa683120@group-646BDD98E01D: change Leader from null to c23094e4-493d-4fea-9f0c-470ffa683120 at term 1 for becomeLeader, leader elected after 5203ms
2024-07-18 11:33:14,106 [c23094e4-493d-4fea-9f0c-470ffa683120@group-646BDD98E01D-LeaderElection1] INFO  segmented.SegmentedRaftLogWorker (SegmentedRaftLogWorker.java:startLogSegment(433)) - c23094e4-493d-4fea-9f0c-470ffa683120@group-646BDD98E01D-SegmentedRaftLogWorker: Starting segment from index:0
2024-07-18 11:33:14,121 [c23094e4-493d-4fea-9f0c-470ffa683120@group-646BDD98E01D-LeaderElection1] INFO  server.RaftServer$Division (ServerState.java:setRaftConf(386)) - c23094e4-493d-4fea-9f0c-470ffa683120@group-646BDD98E01D: set configuration conf: {index: 0, cur=peers:[c23094e4-493d-4fea-9f0c-470ffa683120|localhost:15003]|listeners:[], old=null}
2024-07-18 11:33:14,133 [c23094e4-493d-4fea-9f0c-470ffa683120@group-646BDD98E01D-SegmentedRaftLogWorker] INFO  segmented.BufferedWriteChannel (BufferedWriteChannel.java:open(61)) - open log_inprogress_0 at position 0
2024-07-18 11:33:14,144 [c23094e4-493d-4fea-9f0c-470ffa683120@group-646BDD98E01D-SegmentedRaftLogWorker] INFO  segmented.SegmentedRaftLogWorker (SegmentedRaftLogWorker.java:execute(637)) - c23094e4-493d-4fea-9f0c-470ffa683120@group-646BDD98E01D-SegmentedRaftLogWorker: created new log segment /home/runner/work/ozone/ozone/hadoop-ozone/integration-test/target/test-dir/MiniOzoneClusterImpl-c0b7f50e-f813-4849-95b3-646bdd98e01d/scmNode-1/scm-ha/c0b7f50e-f813-4849-95b3-646bdd98e01d/current/log_inprogress_0
2024-07-18 11:33:14,151 [c23094e4-493d-4fea-9f0c-470ffa683120@group-646BDD98E01D-StateMachineUpdater] INFO  server.RaftServer$Division (LeaderStateImpl.java:checkStartIndex(316)) - Leader c23094e4-493d-4fea-9f0c-470ffa683120@group-646BDD98E01D-LeaderStateImpl is ready since appliedIndex == startIndex == 0
2024-07-18 11:33:15,063 [main] INFO  server.RaftServer (RaftServerProxy.java:lambda$close$9(418)) - c23094e4-493d-4fea-9f0c-470ffa683120: close
2024-07-18 11:33:15,064 [main] INFO  server.GrpcService (GrpcService.java:closeImpl(311)) - c23094e4-493d-4fea-9f0c-470ffa683120: shutdown server GrpcServerProtocolService now
2024-07-18 11:33:15,064 [c23094e4-493d-4fea-9f0c-470ffa683120-impl-thread1] INFO  server.RaftServer$Division (RaftServerImpl.java:lambda$close$1(501)) - c23094e4-493d-4fea-9f0c-470ffa683120@group-646BDD98E01D: shutdown
2024-07-18 11:33:15,065 [c23094e4-493d-4fea-9f0c-470ffa683120-impl-thread1] INFO  util.JmxRegister (JmxRegister.java:unregister(74)) - Successfully un-registered JMX Bean with object name Ratis:service=RaftServer,group=group-646BDD98E01D,id=c23094e4-493d-4fea-9f0c-470ffa683120
2024-07-18 11:33:15,065 [c23094e4-493d-4fea-9f0c-470ffa683120-impl-thread1] INFO  impl.RoleInfo (RoleInfo.java:shutdownLeaderState(103)) - c23094e4-493d-4fea-9f0c-470ffa683120: shutdown c23094e4-493d-4fea-9f0c-470ffa683120@group-646BDD98E01D-LeaderStateImpl
2024-07-18 11:33:15,069 [c23094e4-493d-4fea-9f0c-470ffa683120-impl-thread1] INFO  impl.PendingRequests (PendingRequests.java:sendNotLeaderResponses(287)) - c23094e4-493d-4fea-9f0c-470ffa683120@group-646BDD98E01D-PendingRequests: sendNotLeaderResponses
2024-07-18 11:33:15,070 [main] INFO  server.GrpcService (GrpcService.java:closeImpl(320)) - c23094e4-493d-4fea-9f0c-470ffa683120: shutdown server GrpcServerProtocolService successfully
2024-07-18 11:33:15,072 [c23094e4-493d-4fea-9f0c-470ffa683120-impl-thread1] INFO  impl.StateMachineUpdater (StateMachineUpdater.java:stopAndJoin(164)) - c23094e4-493d-4fea-9f0c-470ffa683120@group-646BDD98E01D-StateMachineUpdater: set stopIndex = 0
2024-07-18 11:33:15,073 [c23094e4-493d-4fea-9f0c-470ffa683120@group-646BDD98E01D-StateMachineUpdater] INFO  impl.StateMachineUpdater (StateMachineUpdater.java:takeSnapshot(303)) - c23094e4-493d-4fea-9f0c-470ffa683120@group-646BDD98E01D-StateMachineUpdater: Took a snapshot at index 0
2024-07-18 11:33:15,073 [c23094e4-493d-4fea-9f0c-470ffa683120@group-646BDD98E01D-StateMachineUpdater] INFO  impl.StateMachineUpdater (StateMachineUpdater.java:lambda$new$0(102)) - c23094e4-493d-4fea-9f0c-470ffa683120@group-646BDD98E01D-StateMachineUpdater: snapshotIndex: updateIncreasingly -1 -> 0
2024-07-18 11:33:15,075 [c23094e4-493d-4fea-9f0c-470ffa683120@group-646BDD98E01D-StateMachineUpdater] INFO  impl.StateMachineUpdater (StateMachineUpdater.java:stop(141)) - c23094e4-493d-4fea-9f0c-470ffa683120@group-646BDD98E01D-StateMachineUpdater: closing SCMStateMachine, lastApplied=(t:1, i:0)
2024-07-18 11:33:15,075 [c23094e4-493d-4fea-9f0c-470ffa683120@group-646BDD98E01D-cacheEviction-AwaitToRun] INFO  util.AwaitToRun (AwaitToRun.java:run(49)) - c23094e4-493d-4fea-9f0c-470ffa683120@group-646BDD98E01D-cacheEviction-AwaitToRun-AwaitForSignal is interrupted
2024-07-18 11:33:15,149 [c23094e4-493d-4fea-9f0c-470ffa683120-impl-thread1] INFO  segmented.SegmentedRaftLogWorker (SegmentedRaftLogWorker.java:close(248)) - c23094e4-493d-4fea-9f0c-470ffa683120@group-646BDD98E01D-SegmentedRaftLogWorker close()
2024-07-18 11:33:15,153 [JvmPauseMonitor0] INFO  util.JvmPauseMonitor (JvmPauseMonitor.java:run(152)) - JvmPauseMonitor-c23094e4-493d-4fea-9f0c-470ffa683120: Stopped
2024-07-18 11:33:15,153 [main] WARN  server.ServerUtils (ServerUtils.java:getScmDbDir(143)) - ozone.scm.db.dirs is not configured. We recommend adding this setting. Falling back to ozone.metadata.dirs instead.
2024-07-18 11:33:15,155 [main] INFO  server.StorageContainerManager (StorageContainerManager.java:scmInit(1303)) - SCM initialization succeeded. Current cluster id for sd=/home/runner/work/ozone/ozone/hadoop-ozone/integration-test/target/test-dir/MiniOzoneClusterImpl-c0b7f50e-f813-4849-95b3-646bdd98e01d/scmNode-1/scm; cid=c0b7f50e-f813-4849-95b3-646bdd98e01d; layoutVersion=7; scmId=c23094e4-493d-4fea-9f0c-470ffa683120
2024-07-18 11:33:15,167 [main] WARN  server.ServerUtils (ServerUtils.java:getScmDbDir(143)) - ozone.scm.db.dirs is not configured. We recommend adding this setting. Falling back to ozone.metadata.dirs instead.
2024-07-18 11:33:15,168 [main] INFO  ha.SCMHANodeDetails (SCMHANodeDetails.java:loadSCMHAConfig(207)) - ServiceID for StorageContainerManager is scmServiceId
2024-07-18 11:33:15,168 [main] INFO  ha.SCMHANodeDetails (SCMHANodeDetails.java:loadSCMHAConfig(218)) - ServiceID for StorageContainerManager is scmServiceId
2024-07-18 11:33:15,169 [main] INFO  ha.SCMHANodeDetails (SCMHANodeDetails.java:loadSCMHAConfig(305)) - Found matching SCM address with SCMServiceId: scmServiceId, SCMNodeId: scmNode-1, RPC Address: localhost:15003 and Ratis port: 15003
2024-07-18 11:33:15,169 [main] INFO  ha.SCMHANodeDetails (ConfUtils.java:setNodeSpecificConfigs(97)) - Setting configuration key ozone.scm.datanode.address with value of key ozone.scm.datanode.address.scmServiceId.scmNode-1: 127.0.0.1:15004
2024-07-18 11:33:15,169 [main] INFO  ha.SCMHANodeDetails (ConfUtils.java:setNodeSpecificConfigs(97)) - Setting configuration key ozone.scm.block.client.address with value of key ozone.scm.block.client.address.scmServiceId.scmNode-1: 127.0.0.1:15007
2024-07-18 11:33:15,169 [main] INFO  ha.SCMHANodeDetails (ConfUtils.java:setNodeSpecificConfigs(97)) - Setting configuration key ozone.scm.client.address with value of key ozone.scm.client.address.scmServiceId.scmNode-1: 127.0.0.1:15005
2024-07-18 11:33:15,170 [main] INFO  ha.SCMHANodeDetails (ConfUtils.java:setNodeSpecificConfigs(97)) - Setting configuration key ozone.scm.security.service.address with value of key ozone.scm.security.service.address.scmServiceId.scmNode-1: 127.0.0.1:15002
2024-07-18 11:33:15,170 [main] INFO  ha.SCMHANodeDetails (ConfUtils.java:setNodeSpecificConfigs(97)) - Setting configuration key ozone.scm.ratis.port with value of key ozone.scm.ratis.port.scmServiceId.scmNode-1: 15003
2024-07-18 11:33:15,170 [main] INFO  ha.SCMHANodeDetails (ConfUtils.java:setNodeSpecificConfigs(97)) - Setting configuration key ozone.scm.grpc.port with value of key ozone.scm.grpc.port.scmServiceId.scmNode-1: 15006
2024-07-18 11:33:15,170 [main] INFO  ha.SCMHANodeDetails (ConfUtils.java:setNodeSpecificConfigs(97)) - Setting configuration key ozone.scm.http-address with value of key ozone.scm.http-address.scmServiceId.scmNode-1: 127.0.0.1:15000
2024-07-18 11:33:15,170 [main] INFO  ha.SCMHANodeDetails (ConfUtils.java:setNodeSpecificConfigs(97)) - Setting configuration key ozone.scm.https-address with value of key ozone.scm.https-address.scmServiceId.scmNode-1: 127.0.0.1:15001
2024-07-18 11:33:15,171 [main] INFO  ha.SCMHANodeDetails (ConfUtils.java:setNodeSpecificConfigs(97)) - Setting configuration key ozone.scm.address with value of key ozone.scm.address.scmServiceId.scmNode-1: 127.0.0.1
2024-07-18 11:33:15,171 [main] WARN  scm.ScmUtils (ScmUtils.java:logWarn(165)) - ConfigKey ozone.scm.block.client.address is deprecated, For configuring different ports for each SCM use PortConfigKey ozone.scm.block.client.port appended with serviceId and nodeId. If want to configure same port configure ozone.scm.block.client.port
2024-07-18 11:33:15,171 [main] WARN  scm.ScmUtils (ScmUtils.java:logWarn(165)) - ConfigKey ozone.scm.client.address is deprecated, For configuring different ports for each SCM use PortConfigKey ozone.scm.client.port appended with serviceId and nodeId. If want to configure same port configure ozone.scm.client.port
2024-07-18 11:33:15,171 [main] WARN  scm.ScmUtils (ScmUtils.java:logWarn(165)) - ConfigKey ozone.scm.datanode.address is deprecated, For configuring different ports for each SCM use PortConfigKey ozone.scm.datanode.port appended with serviceId and nodeId. If want to configure same port configure ozone.scm.datanode.port
2024-07-18 11:33:15,232 [main] WARN  utils.HAUtils (HAUtils.java:getMetaDir(339)) - ozone.scm.db.dirs is not configured. We recommend adding this setting. Falling back to ozone.metadata.dirs instead.
2024-07-18 11:33:15,337 [main] WARN  db.DBStoreBuilder (DBStoreBuilder.java:applyDBDefinition(171)) - ozone.scm.db.dirs is not configured. We recommend adding this setting. Falling back to ozone.metadata.dirs instead.
2024-07-18 11:33:15,342 [main] INFO  utils.LeakDetector (LeakDetector.java:start(73)) - Starting leak detector thread ManagedRocksObject0.
2024-07-18 11:33:15,480 [main] INFO  net.NodeSchemaLoader (NodeSchemaLoader.java:loadSchemaFromFile(129)) - Loading schema from [jar:file:/home/runner/work/ozone/ozone/hadoop-hdds/common/target/hdds-common-1.5.0-SNAPSHOT.jar!/network-topology-default.xml]
2024-07-18 11:33:15,481 [main] INFO  net.NodeSchemaLoader (NodeSchemaLoader.java:loadSchema(176)) - Loading network topology layer schema file
2024-07-18 11:33:15,559 [main] INFO  ha.SCMRatisServerImpl (SCMRatisServerImpl.java:<init>(99)) - starting Raft server for scm:c23094e4-493d-4fea-9f0c-470ffa683120
2024-07-18 11:33:15,563 [main] INFO  server.RaftServer (ConfUtils.java:logGet(46)) - raft.rpc.type = GRPC (default)
2024-07-18 11:33:15,563 [main] INFO  grpc.GrpcConfigKeys (ConfUtils.java:logFallback(53)) - raft.grpc.admin.host = null (fallback to raft.grpc.server.host)
2024-07-18 11:33:15,563 [main] INFO  grpc.GrpcConfigKeys (ConfUtils.java:logFallback(53)) - raft.grpc.admin.port = 15003 (fallback to raft.grpc.server.port)
2024-07-18 11:33:15,563 [main] INFO  grpc.GrpcConfigKeys (ConfUtils.java:logFallback(53)) - raft.grpc.client.host = null (fallback to raft.grpc.server.host)
2024-07-18 11:33:15,563 [main] INFO  grpc.GrpcConfigKeys (ConfUtils.java:logFallback(53)) - raft.grpc.client.port = 15003 (fallback to raft.grpc.server.port)
2024-07-18 11:33:15,564 [main] INFO  grpc.GrpcConfigKeys (ConfUtils.java:logGet(46)) - raft.grpc.server.host = null (default)
2024-07-18 11:33:15,564 [main] INFO  grpc.GrpcConfigKeys (ConfUtils.java:logGet(46)) - raft.grpc.server.port = 15003 (custom)
2024-07-18 11:33:15,564 [main] INFO  server.GrpcService (ConfUtils.java:logGet(46)) - raft.grpc.message.size.max = 32m (=33554432) (custom)
2024-07-18 11:33:15,564 [main] INFO  server.RaftServerConfigKeys (ConfUtils.java:logGet(46)) - raft.server.log.appender.buffer.byte-limit = 4194304 (custom)
2024-07-18 11:33:15,564 [main] INFO  server.GrpcService (ConfUtils.java:logGet(46)) - raft.grpc.flow.control.window = 1MB (=1048576) (default)
2024-07-18 11:33:15,565 [main] INFO  server.RaftServerConfigKeys (ConfUtils.java:logGet(46)) - raft.server.rpc.request.timeout = 30000ms (custom)
2024-07-18 11:33:15,565 [main] INFO  grpc.GrpcConfigKeys (ConfUtils.java:logGet(46)) - raft.grpc.server.heartbeat.channel = true (default)
2024-07-18 11:33:15,565 [main] INFO  grpc.GrpcConfigKeys (ConfUtils.java:logGet(46)) - raft.grpc.server.async.request.thread.pool.cached = true (default)
2024-07-18 11:33:15,565 [main] INFO  grpc.GrpcConfigKeys (ConfUtils.java:logGet(46)) - raft.grpc.server.async.request.thread.pool.size = 32 (default)
2024-07-18 11:33:15,566 [main] INFO  impl.DataStreamServerImpl (ConfUtils.java:logGet(46)) - raft.datastream.type = DISABLED (default)
2024-07-18 11:33:15,566 [main] INFO  server.RaftServerConfigKeys (ConfUtils.java:logGet(46)) - raft.server.sleep.deviation.threshold = 300ms (default)
2024-07-18 11:33:15,567 [main] INFO  server.RaftServerConfigKeys (ConfUtils.java:logGet(46)) - raft.server.close.threshold = 60s (default)
2024-07-18 11:33:15,567 [main] INFO  server.RaftServerConfigKeys (ConfUtils.java:logGet(46)) - raft.server.leaderelection.leader.step-down.wait-time = 10s (default)
2024-07-18 11:33:15,567 [main] INFO  server.RaftServerConfigKeys (ConfUtils.java:logGet(46)) - raft.server.storage.dir = [/home/runner/work/ozone/ozone/hadoop-ozone/integration-test/target/test-dir/MiniOzoneClusterImpl-c0b7f50e-f813-4849-95b3-646bdd98e01d/scmNode-1/scm-ha] (custom)
2024-07-18 11:33:15,567 [main] INFO  server.RaftServerConfigKeys (ConfUtils.java:logGet(46)) - raft.server.threadpool.proxy.cached = true (default)
2024-07-18 11:33:15,568 [main] INFO  server.RaftServerConfigKeys (ConfUtils.java:logGet(46)) - raft.server.threadpool.proxy.size = 0 (default)
2024-07-18 11:33:15,568 [c23094e4-493d-4fea-9f0c-470ffa683120-impl-thread1] INFO  server.RaftServer (RaftServerProxy.java:initGroupDir(266)) - c23094e4-493d-4fea-9f0c-470ffa683120: found a subdirectory /home/runner/work/ozone/ozone/hadoop-ozone/integration-test/target/test-dir/MiniOzoneClusterImpl-c0b7f50e-f813-4849-95b3-646bdd98e01d/scmNode-1/scm-ha/c0b7f50e-f813-4849-95b3-646bdd98e01d
2024-07-18 11:33:15,570 [main] INFO  server.RaftServer (RaftServerProxy.java:addNew(101)) - c23094e4-493d-4fea-9f0c-470ffa683120: addNew group-646BDD98E01D:[] returns group-646BDD98E01D:java.util.concurrent.CompletableFuture@516195cf[Not completed]
2024-07-18 11:33:15,573 [c23094e4-493d-4fea-9f0c-470ffa683120-groupManagement] INFO  server.RaftServer$Division (RaftServerImpl.java:<init>(253)) - c23094e4-493d-4fea-9f0c-470ffa683120: new RaftServerImpl for group-646BDD98E01D:[] with SCMStateMachine:uninitialized
2024-07-18 11:33:15,573 [c23094e4-493d-4fea-9f0c-470ffa683120-groupManagement] INFO  server.RaftServerConfigKeys (ConfUtils.java:logGet(46)) - raft.server.rpc.timeout.min = 5000ms (custom)
2024-07-18 11:33:15,573 [c23094e4-493d-4fea-9f0c-470ffa683120-groupManagement] INFO  server.RaftServerConfigKeys (ConfUtils.java:logGet(46)) - raft.server.rpc.timeout.max = 5200ms (custom)
2024-07-18 11:33:15,574 [c23094e4-493d-4fea-9f0c-470ffa683120-groupManagement] INFO  server.RaftServerConfigKeys (ConfUtils.java:logGet(46)) - raft.server.rpc.sleep.time = 25ms (default)
2024-07-18 11:33:15,574 [c23094e4-493d-4fea-9f0c-470ffa683120-groupManagement] INFO  server.RaftServerConfigKeys (ConfUtils.java:logGet(46)) - raft.server.rpc.slowness.timeout = 120000ms (custom)
2024-07-18 11:33:15,575 [c23094e4-493d-4fea-9f0c-470ffa683120-groupManagement] INFO  server.RaftServerConfigKeys (ConfUtils.java:logGet(46)) - raft.server.leaderelection.leader.step-down.wait-time = 10s (default)
2024-07-18 11:33:15,575 [c23094e4-493d-4fea-9f0c-470ffa683120-groupManagement] INFO  server.RaftServerConfigKeys (ConfUtils.java:logGet(46)) - raft.server.leaderelection.member.majority-add = false (default)
2024-07-18 11:33:15,575 [c23094e4-493d-4fea-9f0c-470ffa683120-groupManagement] INFO  server.RaftServerConfigKeys (ConfUtils.java:logGet(46)) - raft.server.sleep.deviation.threshold = 300ms (default)
2024-07-18 11:33:15,576 [c23094e4-493d-4fea-9f0c-470ffa683120-groupManagement] INFO  server.RaftServer$Division (ServerState.java:<init>(114)) - c23094e4-493d-4fea-9f0c-470ffa683120@group-646BDD98E01D: ConfigurationManager, init=conf: {index: -1, cur=peers:[]|listeners:[], old=null}, confs=<EMPTY_MAP>
2024-07-18 11:33:15,576 [c23094e4-493d-4fea-9f0c-470ffa683120-groupManagement] INFO  server.RaftServerConfigKeys (ConfUtils.java:logGet(46)) - raft.server.notification.no-leader.timeout = 60s (default)
2024-07-18 11:33:15,577 [c23094e4-493d-4fea-9f0c-470ffa683120-groupManagement] INFO  server.RaftServerConfigKeys (ConfUtils.java:logGet(46)) - raft.server.read.timeout = 10s (default)
2024-07-18 11:33:15,577 [c23094e4-493d-4fea-9f0c-470ffa683120-groupManagement] INFO  server.RaftServerConfigKeys (ConfUtils.java:logGet(46)) - raft.server.retrycache.expirytime = 60000ms (default)
2024-07-18 11:33:15,577 [c23094e4-493d-4fea-9f0c-470ffa683120-groupManagement] INFO  server.RaftServerConfigKeys (ConfUtils.java:logGet(46)) - raft.server.retrycache.statistics.expirytime = 100ms (default)
2024-07-18 11:33:15,577 [c23094e4-493d-4fea-9f0c-470ffa683120-groupManagement] INFO  server.RaftServerConfigKeys (ConfUtils.java:logGet(46)) - raft.server.read.option = DEFAULT (default)
2024-07-18 11:33:15,577 [c23094e4-493d-4fea-9f0c-470ffa683120-groupManagement] INFO  server.RaftServerConfigKeys (ConfUtils.java:logGet(46)) - raft.server.read.read-after-write-consistent.write-index-cache.expiry-time = 60s (default)
2024-07-18 11:33:15,585 [c23094e4-493d-4fea-9f0c-470ffa683120-groupManagement] INFO  server.RaftServerConfigKeys (ConfUtils.java:logGet(46)) - raft.server.rpc.request.timeout = 30000ms (custom)
2024-07-18 11:33:15,585 [c23094e4-493d-4fea-9f0c-470ffa683120-groupManagement] INFO  server.RaftServerConfigKeys (ConfUtils.java:logGet(46)) - raft.server.log.appender.install.snapshot.enabled = false (custom)
2024-07-18 11:33:15,586 [c23094e4-493d-4fea-9f0c-470ffa683120-groupManagement] INFO  server.RaftServerConfigKeys (ConfUtils.java:logGet(46)) - raft.server.threadpool.server.cached = true (default)
2024-07-18 11:33:15,586 [c23094e4-493d-4fea-9f0c-470ffa683120-groupManagement] INFO  server.RaftServerConfigKeys (ConfUtils.java:logGet(46)) - raft.server.threadpool.server.size = 0 (default)
2024-07-18 11:33:15,587 [c23094e4-493d-4fea-9f0c-470ffa683120-groupManagement] INFO  server.RaftServerConfigKeys (ConfUtils.java:logGet(46)) - raft.server.threadpool.client.cached = true (default)
2024-07-18 11:33:15,587 [c23094e4-493d-4fea-9f0c-470ffa683120-groupManagement] INFO  server.RaftServerConfigKeys (ConfUtils.java:logGet(46)) - raft.server.threadpool.client.size = 0 (default)
2024-07-18 11:33:15,588 [main] INFO  ha.SCMSnapshotProvider (SCMSnapshotProvider.java:<init>(66)) - Initializing SCM Snapshot Provider
2024-07-18 11:33:15,589 [main] WARN  server.ServerUtils (ServerUtils.java:getDefaultRatisDirectory(311)) - Storage directory for Ratis is not configured. It is a good idea to map this to an SSD disk. Falling back to ozone.metadata.dirs
2024-07-18 11:33:15,589 [main] WARN  ha.SCMHAUtils (SCMHAUtils.java:getSCMRatisSnapshotDirectory(158)) - SCM snapshot dir is not configured. Falling back to ozone.metadata.dirs config
2024-07-18 11:33:15,611 [main] INFO  upgrade.AbstractLayoutVersionManager (AbstractLayoutVersionManager.java:init(83)) - Initializing Layout version manager with metadata layout = HADOOP_PRC_PORTS_IN_DATANODEDETAILS (version = 7), software layout = HADOOP_PRC_PORTS_IN_DATANODEDETAILS (version = 7)
2024-07-18 11:33:15,651 [main] INFO  ha.SequenceIdGenerator (SequenceIdGenerator.java:upgradeToSequenceId(369)) - upgrade localId to 113750153625600000
2024-07-18 11:33:15,652 [main] INFO  ha.SequenceIdGenerator (SequenceIdGenerator.java:upgradeToSequenceId(379)) - upgrade delTxnId to 0
2024-07-18 11:33:15,659 [main] INFO  ha.SequenceIdGenerator (SequenceIdGenerator.java:upgradeToSequenceId(396)) - upgrade containerId to 0
2024-07-18 11:33:15,663 [main] INFO  ha.SequenceIdGenerator (SequenceIdGenerator.java:upgradeToCertificateSequenceId(433)) - upgrade CertificateId to 2
2024-07-18 11:33:15,665 [main] INFO  ha.SequenceIdGenerator (SequenceIdGenerator.java:<init>(240)) - Init the HA SequenceIdGenerator.
2024-07-18 11:33:15,706 [main] WARN  server.ServerUtils (ServerUtils.java:sanitizeUserArgs(79)) - ozone.scm.stale.node.interval value = 300000 is larger than max = 100000 based on the key value of ozone.scm.heartbeat.thread.interval, reset to the max value 100000.
2024-07-18 11:33:15,706 [main] WARN  server.ServerUtils (ServerUtils.java:sanitizeUserArgs(79)) - ozone.scm.stale.node.interval value = 300000 is larger than max = 100000 based on the key value of ozone.scm.heartbeat.thread.interval, reset to the max value 100000.
2024-07-18 11:33:15,710 [main] INFO  node.SCMNodeManager (SCMNodeManager.java:<init>(177)) - Entering startup safe mode.
2024-07-18 11:33:15,719 [main] INFO  algorithms.ContainerPlacementPolicyFactory (ContainerPlacementPolicyFactory.java:getPolicyInternal(86)) - Create container placement policy of type org.apache.hadoop.hdds.scm.container.placement.algorithms.SCMContainerPlacementRackAware
2024-07-18 11:33:15,721 [main] INFO  algorithms.ContainerPlacementPolicyFactory (ContainerPlacementPolicyFactory.java:getPolicyInternal(86)) - Create container placement policy of type org.apache.hadoop.hdds.scm.container.placement.algorithms.SCMContainerPlacementRackScatter
2024-07-18 11:33:15,727 [main] INFO  pipeline.PipelineStateManagerImpl (PipelineStateManagerImpl.java:initialize(78)) - No pipeline exists in current db
2024-07-18 11:33:15,739 [main] INFO  algorithms.LeaderChoosePolicyFactory (LeaderChoosePolicyFactory.java:getPolicy(57)) - Create leader choose policy of type org.apache.hadoop.hdds.scm.pipeline.leader.choose.algorithms.MinLeaderCountChoosePolicy
2024-07-18 11:33:15,740 [main] INFO  algorithms.ContainerPlacementPolicyFactory (ContainerPlacementPolicyFactory.java:getPolicyInternal(86)) - Create container placement policy of type org.apache.hadoop.hdds.scm.container.placement.algorithms.SCMContainerPlacementRackScatter
2024-07-18 11:33:15,746 [main] INFO  ha.SCMServiceManager (SCMServiceManager.java:register(42)) - Registering service BackgroundPipelineCreator.
2024-07-18 11:33:15,746 [main] INFO  pipeline.BackgroundPipelineCreator (BackgroundPipelineCreator.java:start(127)) - Starting scmNode-1-RatisPipelineUtilsThread.
2024-07-18 11:33:15,749 [main] INFO  BackgroundPipelineScrubber (BackgroundSCMService.java:start(65)) - Starting BackgroundPipelineScrubber Service.
2024-07-18 11:33:15,750 [main] INFO  ha.SCMServiceManager (SCMServiceManager.java:register(42)) - Registering service BackgroundPipelineScrubber.
2024-07-18 11:33:15,755 [main] INFO  ExpiredContainerReplicaOpScrubber (BackgroundSCMService.java:start(65)) - Starting ExpiredContainerReplicaOpScrubber Service.
2024-07-18 11:33:15,756 [main] INFO  ha.SCMServiceManager (SCMServiceManager.java:register(42)) - Registering service ExpiredContainerReplicaOpScrubber.
2024-07-18 11:33:15,778 [main] INFO  algorithms.PipelineChoosePolicyFactory (PipelineChoosePolicyFactory.java:createPipelineChoosePolicyFromClass(80)) - Create pipeline choose policy of type org.apache.hadoop.hdds.scm.pipeline.choose.algorithms.RandomPipelineChoosePolicy
2024-07-18 11:33:15,778 [main] INFO  algorithms.PipelineChoosePolicyFactory (PipelineChoosePolicyFactory.java:createPipelineChoosePolicyFromClass(80)) - Create pipeline choose policy of type org.apache.hadoop.hdds.scm.pipeline.choose.algorithms.RandomPipelineChoosePolicy
2024-07-18 11:33:15,803 [main] INFO  ha.SCMServiceManager (SCMServiceManager.java:register(42)) - Registering service SCMBlockDeletingService.
2024-07-18 11:33:15,866 [main] INFO  replication.ReplicationManager (ReplicationManager.java:start(296)) - Starting Replication Monitor Thread.
2024-07-18 11:33:15,868 [main] INFO  ha.SCMServiceManager (SCMServiceManager.java:register(42)) - Registering service ReplicationManager.
2024-07-18 11:33:15,876 [main] INFO  safemode.ContainerSafeModeRule (ContainerSafeModeRule.java:<init>(91)) - containers with one replica threshold count 0
2024-07-18 11:33:15,879 [main] INFO  safemode.HealthyPipelineSafeModeRule (HealthyPipelineSafeModeRule.java:initializeRule(176)) - Total pipeline count is 0, healthy pipeline threshold count is 1
2024-07-18 11:33:15,881 [main] INFO  safemode.OneReplicaPipelineSafeModeRule (OneReplicaPipelineSafeModeRule.java:initializeRule(193)) - Total pipeline count is 0, pipeline's with at least one datanode reported threshold count is 0
2024-07-18 11:33:15,929 [main] INFO  server.StorageContainerManager (StorageContainerManager.java:<init>(442)) - SCM start with adminUsers: [runner]
2024-07-18 11:33:16,144 [main] INFO  audit.AuditLogger (AuditLogger.java:refreshDebugCmdSet(135)) - Refresh DebugCmdSet for SCMAudit to [].
2024-07-18 11:33:16,167 [main] INFO  ipc.CallQueueManager (CallQueueManager.java:<init>(90)) - Using callQueue: class java.util.concurrent.LinkedBlockingQueue, queueCapacity: 10000, scheduler: class org.apache.hadoop.ipc.DefaultRpcScheduler, ipcBackoff: false.
2024-07-18 11:33:16,192 [main] INFO  ipc.Server (Server.java:<init>(1287)) - Listener at 0.0.0.0:15004
2024-07-18 11:33:16,197 [Socket Reader #1 for port 15004] INFO  ipc.Server (Server.java:run(1323)) - Starting Socket Reader #1 for port 15004
2024-07-18 11:33:16,246 [main] INFO  audit.AuditLogger (AuditLogger.java:refreshDebugCmdSet(135)) - Refresh DebugCmdSet for SCMAudit to [].
2024-07-18 11:33:16,251 [main] INFO  ipc.CallQueueManager (CallQueueManager.java:<init>(90)) - Using callQueue: class java.util.concurrent.LinkedBlockingQueue, queueCapacity: 10000, scheduler: class org.apache.hadoop.ipc.DefaultRpcScheduler, ipcBackoff: false.
2024-07-18 11:33:16,252 [main] INFO  ipc.Server (Server.java:<init>(1287)) - Listener at 0.0.0.0:15007
2024-07-18 11:33:16,252 [Socket Reader #1 for port 15007] INFO  ipc.Server (Server.java:run(1323)) - Starting Socket Reader #1 for port 15007
2024-07-18 11:33:16,283 [main] INFO  audit.AuditLogger (AuditLogger.java:refreshDebugCmdSet(135)) - Refresh DebugCmdSet for SCMAudit to [].
2024-07-18 11:33:16,293 [main] INFO  ipc.CallQueueManager (CallQueueManager.java:<init>(90)) - Using callQueue: class java.util.concurrent.LinkedBlockingQueue, queueCapacity: 10000, scheduler: class org.apache.hadoop.ipc.DefaultRpcScheduler, ipcBackoff: false.
2024-07-18 11:33:16,294 [main] INFO  ipc.Server (Server.java:<init>(1287)) - Listener at 0.0.0.0:15005
2024-07-18 11:33:16,295 [Socket Reader #1 for port 15005] INFO  ipc.Server (Server.java:run(1323)) - Starting Socket Reader #1 for port 15005
2024-07-18 11:33:16,337 [main] INFO  ha.SCMServiceManager (SCMServiceManager.java:register(42)) - Registering service ContainerBalancer.
2024-07-18 11:33:16,338 [main] INFO  ha.SCMContext (SCMContext.java:updateSafeModeStatus(225)) - Update SafeModeStatus from SafeModeStatus{safeModeStatus=true, preCheckPassed=false} to SafeModeStatus{safeModeStatus=true, preCheckPassed=false}.
2024-07-18 11:33:16,341 [main] INFO  server.StorageContainerManager (StorageContainerManager.java:start(1541)) - StorageContainerLocationProtocol RPC server is listening at /0.0.0.0:15005
2024-07-18 11:33:16,341 [main] INFO  ha.SCMRatisServerImpl (SCMRatisServerImpl.java:start(192)) - starting ratis server 0.0.0.0:15003
2024-07-18 11:33:16,342 [c23094e4-493d-4fea-9f0c-470ffa683120-impl-thread1] INFO  server.RaftServerConfigKeys (ConfUtils.java:logGet(46)) - raft.server.storage.free-space.min = 0MB (=0) (default)
2024-07-18 11:33:16,342 [c23094e4-493d-4fea-9f0c-470ffa683120-impl-thread1] INFO  server.RaftServerConfigKeys (ConfUtils.java:logGet(46)) - raft.server.log.corruption.policy = EXCEPTION (default)
2024-07-18 11:33:16,342 [c23094e4-493d-4fea-9f0c-470ffa683120-impl-thread1] INFO  server.RaftServerConfigKeys (ConfUtils.java:logGet(46)) - raft.server.storage.dir = [/home/runner/work/ozone/ozone/hadoop-ozone/integration-test/target/test-dir/MiniOzoneClusterImpl-c0b7f50e-f813-4849-95b3-646bdd98e01d/scmNode-1/scm-ha] (custom)
2024-07-18 11:33:16,343 [c23094e4-493d-4fea-9f0c-470ffa683120-impl-thread1] INFO  storage.RaftStorageDirectory (RaftStorageDirectoryImpl.java:tryLock(229)) - Lock on /home/runner/work/ozone/ozone/hadoop-ozone/integration-test/target/test-dir/MiniOzoneClusterImpl-c0b7f50e-f813-4849-95b3-646bdd98e01d/scmNode-1/scm-ha/c0b7f50e-f813-4849-95b3-646bdd98e01d/in_use.lock acquired by nodename 107590@fv-az1113-538
2024-07-18 11:33:16,345 [c23094e4-493d-4fea-9f0c-470ffa683120-impl-thread1] INFO  storage.RaftStorage (RaftStorageImpl.java:analyzeAndRecoverStorage(118)) - Read RaftStorageMetadata{term=1, votedFor=c23094e4-493d-4fea-9f0c-470ffa683120} from /home/runner/work/ozone/ozone/hadoop-ozone/integration-test/target/test-dir/MiniOzoneClusterImpl-c0b7f50e-f813-4849-95b3-646bdd98e01d/scmNode-1/scm-ha/c0b7f50e-f813-4849-95b3-646bdd98e01d/current/raft-meta
2024-07-18 11:33:16,347 [c23094e4-493d-4fea-9f0c-470ffa683120-impl-thread1] INFO  server.RaftServer$Division (ServerState.java:setRaftConf(386)) - c23094e4-493d-4fea-9f0c-470ffa683120@group-646BDD98E01D: set configuration conf: {index: 0, cur=peers:[c23094e4-493d-4fea-9f0c-470ffa683120|localhost:15003]|listeners:[], old=null}
2024-07-18 11:33:16,347 [c23094e4-493d-4fea-9f0c-470ffa683120-impl-thread1] INFO  server.RaftServerConfigKeys (ConfUtils.java:logGet(46)) - raft.server.log.use.memory = false (default)
2024-07-18 11:33:16,348 [c23094e4-493d-4fea-9f0c-470ffa683120-impl-thread1] INFO  server.RaftServerConfigKeys (ConfUtils.java:logGet(46)) - raft.server.log.purge.gap = 1000000 (custom)
2024-07-18 11:33:16,348 [c23094e4-493d-4fea-9f0c-470ffa683120-impl-thread1] INFO  server.RaftServerConfigKeys (ConfUtils.java:logGet(46)) - raft.server.log.appender.buffer.byte-limit = 4194304 (custom)
2024-07-18 11:33:16,348 [c23094e4-493d-4fea-9f0c-470ffa683120-impl-thread1] INFO  server.RaftServerConfigKeys (ConfUtils.java:logGet(46)) - raft.server.log.statemachine.data.read.timeout = 1000ms (default)
2024-07-18 11:33:16,348 [c23094e4-493d-4fea-9f0c-470ffa683120-impl-thread1] INFO  server.RaftServerConfigKeys (ConfUtils.java:logGet(46)) - raft.server.log.purge.preservation.log.num = 0 (default)
2024-07-18 11:33:16,350 [c23094e4-493d-4fea-9f0c-470ffa683120-impl-thread1] INFO  server.RaftServerConfigKeys (ConfUtils.java:logGet(46)) - raft.server.log.segment.size.max = 4194304 (custom)
2024-07-18 11:33:16,351 [c23094e4-493d-4fea-9f0c-470ffa683120-impl-thread1] INFO  server.RaftServerConfigKeys (ConfUtils.java:logGet(46)) - raft.server.log.segment.cache.num.max = 2 (custom)
2024-07-18 11:33:16,351 [c23094e4-493d-4fea-9f0c-470ffa683120-impl-thread1] INFO  server.RaftServerConfigKeys (ConfUtils.java:logGet(46)) - raft.server.log.segment.cache.size.max = 200MB (=209715200) (default)
2024-07-18 11:33:16,351 [c23094e4-493d-4fea-9f0c-470ffa683120-impl-thread1] INFO  server.RaftServerConfigKeys (ConfUtils.java:logGet(46)) - raft.server.log.appender.buffer.byte-limit = 4194304 (custom)
2024-07-18 11:33:16,360 [c23094e4-493d-4fea-9f0c-470ffa683120-impl-thread1] INFO  util.AwaitToRun (AwaitToRun.java:start(81)) - Thread[c23094e4-493d-4fea-9f0c-470ffa683120@group-646BDD98E01D-cacheEviction-AwaitToRun,5,main] started
2024-07-18 11:33:16,360 [c23094e4-493d-4fea-9f0c-470ffa683120-impl-thread1] INFO  segmented.SegmentedRaftLogWorker (SegmentedRaftLogWorker.java:<init>(184)) - new c23094e4-493d-4fea-9f0c-470ffa683120@group-646BDD98E01D-SegmentedRaftLogWorker for RaftStorageImpl:Storage Directory /home/runner/work/ozone/ozone/hadoop-ozone/integration-test/target/test-dir/MiniOzoneClusterImpl-c0b7f50e-f813-4849-95b3-646bdd98e01d/scmNode-1/scm-ha/c0b7f50e-f813-4849-95b3-646bdd98e01d
2024-07-18 11:33:16,360 [c23094e4-493d-4fea-9f0c-470ffa683120-impl-thread1] INFO  server.RaftServerConfigKeys (ConfUtils.java:logGet(46)) - raft.server.log.queue.byte-limit = 64MB (=67108864) (default)
2024-07-18 11:33:16,361 [c23094e4-493d-4fea-9f0c-470ffa683120-impl-thread1] INFO  server.RaftServerConfigKeys (ConfUtils.java:logGet(46)) - raft.server.log.queue.element-limit = 4096 (default)
2024-07-18 11:33:16,361 [c23094e4-493d-4fea-9f0c-470ffa683120-impl-thread1] INFO  server.RaftServerConfigKeys (ConfUtils.java:logGet(46)) - raft.server.log.segment.size.max = 4194304 (custom)
2024-07-18 11:33:16,361 [c23094e4-493d-4fea-9f0c-470ffa683120-impl-thread1] INFO  server.RaftServerConfigKeys (ConfUtils.java:logGet(46)) - raft.server.log.preallocated.size = 4194304 (custom)
2024-07-18 11:33:16,361 [c23094e4-493d-4fea-9f0c-470ffa683120-impl-thread1] INFO  server.RaftServerConfigKeys (ConfUtils.java:logGet(46)) - raft.server.log.force.sync.num = 128 (default)
2024-07-18 11:33:16,362 [c23094e4-493d-4fea-9f0c-470ffa683120-impl-thread1] INFO  server.RaftServerConfigKeys (ConfUtils.java:logGet(46)) - raft.server.log.statemachine.data.sync = true (default)
2024-07-18 11:33:16,362 [c23094e4-493d-4fea-9f0c-470ffa683120-impl-thread1] INFO  server.RaftServerConfigKeys (ConfUtils.java:logGet(46)) - raft.server.log.statemachine.data.sync.timeout = 10s (default)
2024-07-18 11:33:16,362 [c23094e4-493d-4fea-9f0c-470ffa683120-impl-thread1] INFO  server.RaftServerConfigKeys (ConfUtils.java:logGet(46)) - raft.server.log.statemachine.data.sync.timeout.retry = -1 (default)
2024-07-18 11:33:16,363 [c23094e4-493d-4fea-9f0c-470ffa683120-impl-thread1] INFO  server.RaftServerConfigKeys (ConfUtils.java:logGet(46)) - raft.server.log.write.buffer.size = 4194312 (custom)
2024-07-18 11:33:16,364 [c23094e4-493d-4fea-9f0c-470ffa683120-impl-thread1] INFO  server.RaftServerConfigKeys (ConfUtils.java:logGet(46)) - raft.server.log.appender.buffer.byte-limit = 4194304 (custom)
2024-07-18 11:33:16,364 [c23094e4-493d-4fea-9f0c-470ffa683120-impl-thread1] INFO  server.RaftServerConfigKeys (ConfUtils.java:logGet(46)) - raft.server.log.unsafe-flush.enabled = false (default)
2024-07-18 11:33:16,364 [c23094e4-493d-4fea-9f0c-470ffa683120-impl-thread1] INFO  server.RaftServerConfigKeys (ConfUtils.java:logGet(46)) - raft.server.log.async-flush.enabled = false (default)
2024-07-18 11:33:16,365 [c23094e4-493d-4fea-9f0c-470ffa683120-impl-thread1] INFO  server.RaftServerConfigKeys (ConfUtils.java:logGet(46)) - raft.server.log.statemachine.data.caching.enabled = false (default)
2024-07-18 11:33:16,370 [c23094e4-493d-4fea-9f0c-470ffa683120-impl-thread1] INFO  server.RaftServer$Division (ServerState.java:setRaftConf(386)) - c23094e4-493d-4fea-9f0c-470ffa683120@group-646BDD98E01D: set configuration conf: {index: 0, cur=peers:[c23094e4-493d-4fea-9f0c-470ffa683120|localhost:15003]|listeners:[], old=null}
2024-07-18 11:33:16,370 [c23094e4-493d-4fea-9f0c-470ffa683120-impl-thread1] INFO  segmented.LogSegment (LogSegment.java:loadSegment(175)) - Successfully read 1 entries from segment file /home/runner/work/ozone/ozone/hadoop-ozone/integration-test/target/test-dir/MiniOzoneClusterImpl-c0b7f50e-f813-4849-95b3-646bdd98e01d/scmNode-1/scm-ha/c0b7f50e-f813-4849-95b3-646bdd98e01d/current/log_inprogress_0
2024-07-18 11:33:16,370 [c23094e4-493d-4fea-9f0c-470ffa683120-impl-thread1] INFO  segmented.SegmentedRaftLogWorker (SegmentedRaftLogWorker.java:lambda$new$0(135)) - c23094e4-493d-4fea-9f0c-470ffa683120@group-646BDD98E01D-SegmentedRaftLogWorker: safeCacheEvictIndex: setUnconditionally 0 -> -1
2024-07-18 11:33:16,371 [c23094e4-493d-4fea-9f0c-470ffa683120-impl-thread1] INFO  segmented.BufferedWriteChannel (BufferedWriteChannel.java:open(61)) - open log_inprogress_0 (append) at position 76
2024-07-18 11:33:16,371 [c23094e4-493d-4fea-9f0c-470ffa683120-impl-thread1] INFO  server.RaftServer$Division (RaftServerImpl.java:start(389)) - c23094e4-493d-4fea-9f0c-470ffa683120@group-646BDD98E01D: start as a follower, conf=conf: {index: 0, cur=peers:[c23094e4-493d-4fea-9f0c-470ffa683120|localhost:15003]|listeners:[], old=null}
2024-07-18 11:33:16,372 [c23094e4-493d-4fea-9f0c-470ffa683120-impl-thread1] INFO  server.RaftServer$Division (RaftServerImpl.java:setRole(376)) - c23094e4-493d-4fea-9f0c-470ffa683120@group-646BDD98E01D: changes role from      null to FOLLOWER at term 1 for startAsFollower
2024-07-18 11:33:16,373 [c23094e4-493d-4fea-9f0c-470ffa683120-impl-thread1] INFO  impl.RoleInfo (RoleInfo.java:updateAndGet(148)) - c23094e4-493d-4fea-9f0c-470ffa683120: start c23094e4-493d-4fea-9f0c-470ffa683120@group-646BDD98E01D-FollowerState
2024-07-18 11:33:16,374 [c23094e4-493d-4fea-9f0c-470ffa683120-impl-thread1] INFO  util.JmxRegister (JmxRegister.java:tryRegister(44)) - Successfully registered JMX Bean with object name Ratis:service=RaftServer,group=group-646BDD98E01D,id=c23094e4-493d-4fea-9f0c-470ffa683120
2024-07-18 11:33:16,374 [c23094e4-493d-4fea-9f0c-470ffa683120-impl-thread1] INFO  util.JmxRegister (JmxRegister.java:register(58)) - register mxBean class org.apache.ratis.server.impl.RaftServerJmxAdapter as Ratis:service=RaftServer,group=group-646BDD98E01D,id=c23094e4-493d-4fea-9f0c-470ffa683120
2024-07-18 11:33:16,374 [c23094e4-493d-4fea-9f0c-470ffa683120-impl-thread1] INFO  server.RaftServerConfigKeys (ConfUtils.java:logGet(46)) - raft.server.snapshot.trigger-when-stop.enabled = true (default)
2024-07-18 11:33:16,374 [c23094e4-493d-4fea-9f0c-470ffa683120-impl-thread1] INFO  server.RaftServerConfigKeys (ConfUtils.java:logGet(46)) - raft.server.snapshot.trigger-when-remove.enabled = true (default)
2024-07-18 11:33:16,374 [c23094e4-493d-4fea-9f0c-470ffa683120-impl-thread1] INFO  server.RaftServerConfigKeys (ConfUtils.java:logGet(46)) - raft.server.snapshot.auto.trigger.enabled = true (custom)
2024-07-18 11:33:16,374 [c23094e4-493d-4fea-9f0c-470ffa683120-impl-thread1] INFO  server.RaftServerConfigKeys (ConfUtils.java:logGet(46)) - raft.server.snapshot.auto.trigger.threshold = 1000 (custom)
2024-07-18 11:33:16,374 [c23094e4-493d-4fea-9f0c-470ffa683120-impl-thread1] INFO  server.RaftServerConfigKeys (ConfUtils.java:logGet(46)) - raft.server.snapshot.retention.file.num = -1 (default)
2024-07-18 11:33:16,374 [c23094e4-493d-4fea-9f0c-470ffa683120-impl-thread1] INFO  server.RaftServerConfigKeys (ConfUtils.java:logGet(46)) - raft.server.log.purge.upto.snapshot.index = false (default)
2024-07-18 11:33:16,376 [c23094e4-493d-4fea-9f0c-470ffa683120@group-646BDD98E01D-FollowerState] INFO  server.RaftServerConfigKeys (ConfUtils.java:logFallback(53)) - raft.server.rpc.first-election.timeout.min = 5000ms (fallback to raft.server.rpc.timeout.min)
2024-07-18 11:33:16,377 [c23094e4-493d-4fea-9f0c-470ffa683120@group-646BDD98E01D-FollowerState] INFO  server.RaftServerConfigKeys (ConfUtils.java:logFallback(53)) - raft.server.rpc.first-election.timeout.max = 5200ms (fallback to raft.server.rpc.timeout.max)
2024-07-18 11:33:16,380 [main] INFO  server.RaftServer (RaftServerProxy.java:startImpl(408)) - c23094e4-493d-4fea-9f0c-470ffa683120: start RPC server
2024-07-18 11:33:16,381 [main] INFO  server.GrpcService (GrpcService.java:startImpl(302)) - c23094e4-493d-4fea-9f0c-470ffa683120: GrpcService started, listening on 15003
2024-07-18 11:33:16,388 [main] INFO  ha.SCMHAManagerImpl (SCMHAManagerImpl.java:start(144)) -  scm role is FOLLOWER peers [c23094e4-493d-4fea-9f0c-470ffa683120|localhost:15003]
2024-07-18 11:33:16,388 [main] INFO  ha.InterSCMGrpcService (InterSCMGrpcProtocolService.java:start(101)) - Starting SCM Grpc Service at port 15006
2024-07-18 11:33:16,389 [JvmPauseMonitor1] INFO  util.JvmPauseMonitor (JvmPauseMonitor.java:run(146)) - JvmPauseMonitor-c23094e4-493d-4fea-9f0c-470ffa683120: Started
2024-07-18 11:33:16,389 [main] INFO  SCMHATransactionMonitor (BackgroundSCMService.java:start(65)) - Starting SCMHATransactionMonitor Service.
2024-07-18 11:33:16,390 [main] INFO  ha.SCMServiceManager (SCMServiceManager.java:register(42)) - Registering service SCMHATransactionMonitor.
2024-07-18 11:33:16,390 [main] INFO  SCMHATransactionMonitor (BackgroundSCMService.java:start(62)) - SCMHATransactionMonitor Service is already running, skip start.
2024-07-18 11:33:16,435 [main] WARN  impl.MetricsConfig (MetricsConfig.java:loadFirst(136)) - Cannot locate configuration: tried hadoop-metrics2-storagecontainermanager.properties,hadoop-metrics2.properties
2024-07-18 11:33:16,443 [main] INFO  impl.MetricsSystemImpl (MetricsSystemImpl.java:startTimer(378)) - Scheduled Metric snapshot period at 10 second(s).
2024-07-18 11:33:16,444 [main] INFO  impl.MetricsSystemImpl (MetricsSystemImpl.java:start(191)) - StorageContainerManager metrics system started
2024-07-18 11:33:16,631 [main] INFO  server.SCMClientProtocolServer (SCMClientProtocolServer.java:start(204)) - RPC server for Client  is listening at /0.0.0.0:15005
2024-07-18 11:33:16,632 [IPC Server Responder] INFO  ipc.Server (Server.java:run(1562)) - IPC Server Responder: starting
2024-07-18 11:33:16,633 [IPC Server listener on 15005] INFO  ipc.Server (Server.java:run(1402)) - IPC Server listener on 15005: starting
2024-07-18 11:33:16,700 [main] INFO  server.StorageContainerManager (StorageContainerManager.java:start(1554)) - ScmBlockLocationProtocol RPC server is listening at /0.0.0.0:15007
2024-07-18 11:33:16,701 [main] INFO  server.SCMBlockProtocolServer (SCMBlockProtocolServer.java:start(167)) - RPC server for Block Protocol is listening at /0.0.0.0:15007
2024-07-18 11:33:16,704 [IPC Server listener on 15007] INFO  ipc.Server (Server.java:run(1402)) - IPC Server listener on 15007: starting
2024-07-18 11:33:16,704 [IPC Server Responder] INFO  ipc.Server (Server.java:run(1562)) - IPC Server Responder: starting
2024-07-18 11:33:16,753 [main] INFO  http.BaseHttpServer (BaseHttpServer.java:newHttpServer2BuilderForOzone(223)) - Starting Web-server for scm at: http://0.0.0.0:15000
2024-07-18 11:33:16,753 [main] INFO  http.BaseHttpServer (BaseHttpServer.java:<init>(110)) - Hadoop Security Enabled: false Ozone Security Enabled: false Ozone HTTP Security Enabled: false 
2024-07-18 11:33:16,774 [main] INFO  util.log (Log.java:initialized(170)) - Logging initialized @10111ms to org.eclipse.jetty.util.log.Slf4jLog
2024-07-18 11:33:16,848 [main] WARN  server.AuthenticationFilter (AuthenticationFilter.java:constructSecretProvider(240)) - Unable to initialize FileSignerSecretProvider, falling back to use random secrets. Reason: Could not read signature secret file: /home/runner/hadoop-http-auth-signature-secret
2024-07-18 11:33:16,853 [main] INFO  http.HttpRequestLog (HttpRequestLog.java:getRequestLog(86)) - Http request log for http.requests.scm is not defined
2024-07-18 11:33:16,859 [main] INFO  http.HttpServer2 (HttpServer2.java:addGlobalFilter(1035)) - Added global filter 'safety' (class=org.apache.hadoop.hdds.server.http.HttpServer2$QuotingInputFilter)
2024-07-18 11:33:16,861 [main] INFO  http.HttpServer2 (HttpServer2.java:addFilter(1011)) - Added filter static_user_filter (class=org.apache.hadoop.http.lib.StaticUserWebFilter$StaticUserFilter) to context scm
2024-07-18 11:33:16,862 [main] INFO  http.HttpServer2 (HttpServer2.java:addFilter(1019)) - Added filter static_user_filter (class=org.apache.hadoop.http.lib.StaticUserWebFilter$StaticUserFilter) to context static
2024-07-18 11:33:16,862 [main] INFO  http.HttpServer2 (HttpServer2.java:addFilter(1019)) - Added filter static_user_filter (class=org.apache.hadoop.http.lib.StaticUserWebFilter$StaticUserFilter) to context logs
2024-07-18 11:33:16,888 [main] INFO  http.BaseHttpServer (BaseHttpServer.java:<init>(189)) - HTTP server of scm uses base directory /home/runner/work/ozone/ozone/hadoop-ozone/integration-test/target/test-dir/MiniOzoneClusterImpl-c0b7f50e-f813-4849-95b3-646bdd98e01d/scmNode-1/webserver
2024-07-18 11:33:16,890 [main] INFO  http.HttpServer2 (HttpServer2.java:bindListener(1235)) - Jetty bound to port 15000
2024-07-18 11:33:16,891 [main] INFO  server.Server (Server.java:doStart(375)) - jetty-9.4.55.v20240627; built: 2024-06-27T15:05:37.765Z; git: 70015831e5195ba74da6383c4ab7c90c56bb08af; jvm 17.0.11+9
2024-07-18 11:33:16,915 [main] INFO  server.session (DefaultSessionIdManager.java:doStart(334)) - DefaultSessionIdManager workerName=node0
2024-07-18 11:33:16,915 [main] INFO  server.session (DefaultSessionIdManager.java:doStart(339)) - No SessionScavenger set, using defaults
2024-07-18 11:33:16,916 [main] INFO  server.session (HouseKeeper.java:startScavenging(132)) - node0 Scavenging every 660000ms
2024-07-18 11:33:16,925 [main] INFO  handler.ContextHandler (ContextHandler.java:doStart(921)) - Started o.e.j.s.ServletContextHandler@1b08d26f{logs,/logs,file:///home/runner/work/ozone/ozone/hadoop-ozone/integration-test/target/log,AVAILABLE}
2024-07-18 11:33:16,925 [main] INFO  handler.ContextHandler (ContextHandler.java:doStart(921)) - Started o.e.j.s.ServletContextHandler@24f77077{static,/static,file:///home/runner/work/ozone/ozone/hadoop-ozone/integration-test/target/test-classes/webapps/static,AVAILABLE}
2024-07-18 11:33:16,961 [main] INFO  handler.ContextHandler (ContextHandler.java:doStart(921)) - Started o.e.j.w.WebAppContext@6b8cdc4{scm,/,file:///home/runner/work/ozone/ozone/hadoop-ozone/integration-test/target/test-classes/webapps/scm/,AVAILABLE}{file:/home/runner/work/ozone/ozone/hadoop-ozone/integration-test/target/test-classes/webapps/scm}
2024-07-18 11:33:16,966 [main] INFO  server.AbstractConnector (AbstractConnector.java:doStart(333)) - Started ServerConnector@1a22325d{HTTP/1.1, (http/1.1)}{0.0.0.0:15000}
2024-07-18 11:33:16,966 [main] INFO  server.Server (Server.java:doStart(415)) - Started @10303ms
2024-07-18 11:33:16,968 [main] INFO  impl.MetricsSinkAdapter (MetricsSinkAdapter.java:start(204)) - Sink prometheus started
2024-07-18 11:33:16,968 [main] INFO  impl.MetricsSystemImpl (MetricsSystemImpl.java:registerSink(305)) - Registered sink prometheus
2024-07-18 11:33:16,969 [main] INFO  http.BaseHttpServer (BaseHttpServer.java:updateConnectorAddress(354)) - HTTP server of scm listening at http://0.0.0.0:15000
2024-07-18 11:33:16,972 [main] INFO  db.CodecBuffer (CodecBuffer.java:set(63)) - Successfully set constructor to org.apache.hadoop.hdds.utils.db.CodecBuffer$$Lambda$1224/0x00007fb518664988@3c577368
2024-07-18 11:33:16,973 [main] INFO  ozone.MiniOzoneHAClusterImpl (MiniOzoneHAClusterImpl.java:createSCMService(590)) - Started SCM RPC server at /0.0.0.0:15005
2024-07-18 11:33:17,037 [main] INFO  audit.AuditLogger (AuditLogger.java:refreshDebugCmdSet(135)) - Refresh DebugCmdSet for OMAudit to [].
2024-07-18 11:33:17,078 [main] INFO  ha.OMHANodeDetails (OMHANodeDetails.java:loadOMHAConfig(121)) - ServiceID for OzoneManager is om-add-remove
2024-07-18 11:33:17,083 [main] INFO  ha.OMHANodeDetails (OMHANodeDetails.java:loadOMHAConfig(201)) - Found matching OM address with OMServiceId: om-add-remove, OMNodeId: omNode-1, RPC Address: localhost:15012 and Ratis port: 15015
2024-07-18 11:33:17,083 [main] INFO  ha.OMHANodeDetails (ConfUtils.java:setNodeSpecificConfigs(97)) - Setting configuration key ozone.om.http-address with value of key ozone.om.http-address.om-add-remove.omNode-1: 127.0.0.1:15013
2024-07-18 11:33:17,084 [main] INFO  ha.OMHANodeDetails (ConfUtils.java:setNodeSpecificConfigs(97)) - Setting configuration key ozone.om.https-address with value of key ozone.om.https-address.om-add-remove.omNode-1: 127.0.0.1:15014
2024-07-18 11:33:17,085 [main] INFO  ha.OMHANodeDetails (ConfUtils.java:setNodeSpecificConfigs(97)) - Setting configuration key ozone.om.address with value of key ozone.om.address.om-add-remove.omNode-1: 127.0.0.1:15012
2024-07-18 11:33:17,085 [main] WARN  server.ServerUtils (ServerUtils.java:getDBPath(299)) - ozone.om.db.dirs is not configured. We recommend adding this setting. Falling back to ozone.metadata.dirs instead.
2024-07-18 11:33:17,093 [main] INFO  ha.SCMNodeInfo (SCMNodeInfo.java:getPort(197)) - ConfigKey ozone.scm.client.address is deprecated, For configuring different ports for each SCM use PortConfigKey ozone.scm.client.port appended with serviceId and nodeId
2024-07-18 11:33:17,094 [main] INFO  ha.SCMNodeInfo (SCMNodeInfo.java:getPort(197)) - ConfigKey ozone.scm.block.client.address is deprecated, For configuring different ports for each SCM use PortConfigKey ozone.scm.block.client.port appended with serviceId and nodeId
2024-07-18 11:33:17,094 [main] INFO  ha.SCMNodeInfo (SCMNodeInfo.java:getPort(197)) - ConfigKey ozone.scm.security.service.address is deprecated, For configuring different ports for each SCM use PortConfigKey ozone.scm.security.service.port appended with serviceId and nodeId
2024-07-18 11:33:17,095 [main] INFO  ha.SCMNodeInfo (SCMNodeInfo.java:getPort(197)) - ConfigKey ozone.scm.datanode.address is deprecated, For configuring different ports for each SCM use PortConfigKey ozone.scm.datanode.port appended with serviceId and nodeId
2024-07-18 11:33:17,095 [main] INFO  proxy.SCMBlockLocationFailoverProxyProvider (SCMBlockLocationFailoverProxyProvider.java:<init>(115)) - Created block location fail-over proxy with 1 nodes: [nodeId=scmNode-1,nodeAddress=/127.0.0.1:15007]
2024-07-18 11:33:19,235 [main] INFO  retry.RetryInvocationHandler (RetryInvocationHandler.java:log(422)) - com.google.protobuf.ServiceException: org.apache.hadoop.ipc.RemoteException(org.apache.hadoop.hdds.ratis.ServerNotLeaderException): Server:c23094e4-493d-4fea-9f0c-470ffa683120 is not the leader. Could not determine the leader node.
	at org.apache.hadoop.hdds.ratis.ServerNotLeaderException.convertToNotLeaderException(ServerNotLeaderException.java:105)
	at org.apache.hadoop.hdds.scm.ha.RatisUtil.checkRatisException(RatisUtil.java:246)
	at org.apache.hadoop.hdds.scm.protocol.ScmBlockLocationProtocolServerSideTranslatorPB.send(ScmBlockLocationProtocolServerSideTranslatorPB.java:111)
	at org.apache.hadoop.hdds.protocol.proto.ScmBlockLocationProtocolProtos$ScmBlockLocationProtocolService$2.callBlockingMethod(ScmBlockLocationProtocolProtos.java:15776)
	at org.apache.hadoop.ipc.ProtobufRpcEngine$Server.processCall(ProtobufRpcEngine.java:484)
	at org.apache.hadoop.ipc.ProtobufRpcEngine2$Server$ProtoBufRpcInvoker.call(ProtobufRpcEngine2.java:595)
	at org.apache.hadoop.ipc.ProtobufRpcEngine2$Server$ProtoBufRpcInvoker.call(ProtobufRpcEngine2.java:573)
	at org.apache.hadoop.ipc.RPC$Server.call(RPC.java:1227)
	at org.apache.hadoop.ipc.Server$RpcCall.run(Server.java:1094)
	at org.apache.hadoop.ipc.Server$RpcCall.run(Server.java:1017)
	at java.base/java.security.AccessController.doPrivileged(AccessController.java:712)
	at java.base/javax.security.auth.Subject.doAs(Subject.java:439)
	at org.apache.hadoop.security.UserGroupInformation.doAs(UserGroupInformation.java:1899)
	at org.apache.hadoop.ipc.Server$Handler.run(Server.java:3048)
, while invoking $Proxy51.send over nodeId=scmNode-1,nodeAddress=/127.0.0.1:15007 after 1 failover attempts. Trying to failover after sleeping for 2000ms. Current retry count: 1.
2024-07-18 11:33:21,238 [main] INFO  retry.RetryInvocationHandler (RetryInvocationHandler.java:log(422)) - com.google.protobuf.ServiceException: org.apache.hadoop.ipc.RemoteException(org.apache.hadoop.hdds.ratis.ServerNotLeaderException): Server:c23094e4-493d-4fea-9f0c-470ffa683120 is not the leader. Could not determine the leader node.
	at org.apache.hadoop.hdds.ratis.ServerNotLeaderException.convertToNotLeaderException(ServerNotLeaderException.java:105)
	at org.apache.hadoop.hdds.scm.ha.RatisUtil.checkRatisException(RatisUtil.java:246)
	at org.apache.hadoop.hdds.scm.protocol.ScmBlockLocationProtocolServerSideTranslatorPB.send(ScmBlockLocationProtocolServerSideTranslatorPB.java:111)
	at org.apache.hadoop.hdds.protocol.proto.ScmBlockLocationProtocolProtos$ScmBlockLocationProtocolService$2.callBlockingMethod(ScmBlockLocationProtocolProtos.java:15776)
	at org.apache.hadoop.ipc.ProtobufRpcEngine$Server.processCall(ProtobufRpcEngine.java:484)
	at org.apache.hadoop.ipc.ProtobufRpcEngine2$Server$ProtoBufRpcInvoker.call(ProtobufRpcEngine2.java:595)
	at org.apache.hadoop.ipc.ProtobufRpcEngine2$Server$ProtoBufRpcInvoker.call(ProtobufRpcEngine2.java:573)
	at org.apache.hadoop.ipc.RPC$Server.call(RPC.java:1227)
	at org.apache.hadoop.ipc.Server$RpcCall.run(Server.java:1094)
	at org.apache.hadoop.ipc.Server$RpcCall.run(Server.java:1017)
	at java.base/java.security.AccessController.doPrivileged(AccessController.java:712)
	at java.base/javax.security.auth.Subject.doAs(Subject.java:439)
	at org.apache.hadoop.security.UserGroupInformation.doAs(UserGroupInformation.java:1899)
	at org.apache.hadoop.ipc.Server$Handler.run(Server.java:3048)
, while invoking $Proxy51.send over nodeId=scmNode-1,nodeAddress=/127.0.0.1:15007 after 2 failover attempts. Trying to failover after sleeping for 2000ms. Current retry count: 2.
2024-07-18 11:33:21,394 [c23094e4-493d-4fea-9f0c-470ffa683120@group-646BDD98E01D-FollowerState] INFO  impl.FollowerState (FollowerState.java:run(144)) - c23094e4-493d-4fea-9f0c-470ffa683120@group-646BDD98E01D-FollowerState: change to CANDIDATE, lastRpcElapsedTime:5021743454ns, electionTimeout:5017ms
2024-07-18 11:33:21,395 [c23094e4-493d-4fea-9f0c-470ffa683120@group-646BDD98E01D-FollowerState] INFO  impl.RoleInfo (RoleInfo.java:shutdownFollowerState(119)) - c23094e4-493d-4fea-9f0c-470ffa683120: shutdown c23094e4-493d-4fea-9f0c-470ffa683120@group-646BDD98E01D-FollowerState
2024-07-18 11:33:21,395 [c23094e4-493d-4fea-9f0c-470ffa683120@group-646BDD98E01D-FollowerState] INFO  server.RaftServer$Division (RaftServerImpl.java:setRole(376)) - c23094e4-493d-4fea-9f0c-470ffa683120@group-646BDD98E01D: changes role from  FOLLOWER to CANDIDATE at term 1 for changeToCandidate
2024-07-18 11:33:21,395 [c23094e4-493d-4fea-9f0c-470ffa683120@group-646BDD98E01D-FollowerState] INFO  server.RaftServerConfigKeys (ConfUtils.java:logGet(46)) - raft.server.leaderelection.pre-vote = true (default)
2024-07-18 11:33:21,395 [c23094e4-493d-4fea-9f0c-470ffa683120@group-646BDD98E01D-FollowerState] INFO  impl.RoleInfo (RoleInfo.java:updateAndGet(148)) - c23094e4-493d-4fea-9f0c-470ffa683120: start c23094e4-493d-4fea-9f0c-470ffa683120@group-646BDD98E01D-LeaderElection2
2024-07-18 11:33:21,396 [c23094e4-493d-4fea-9f0c-470ffa683120@group-646BDD98E01D-LeaderElection2] INFO  impl.LeaderElection (LeaderElection.java:askForVotes(321)) - c23094e4-493d-4fea-9f0c-470ffa683120@group-646BDD98E01D-LeaderElection2 PRE_VOTE round 0: submit vote requests at term 1 for conf: {index: 0, cur=peers:[c23094e4-493d-4fea-9f0c-470ffa683120|localhost:15003]|listeners:[], old=null}
2024-07-18 11:33:21,397 [c23094e4-493d-4fea-9f0c-470ffa683120@group-646BDD98E01D-LeaderElection2] INFO  impl.LeaderElection (LeaderElection.java:askForVotes(323)) - c23094e4-493d-4fea-9f0c-470ffa683120@group-646BDD98E01D-LeaderElection2 PRE_VOTE round 0: result PASSED (term=1)
2024-07-18 11:33:21,398 [c23094e4-493d-4fea-9f0c-470ffa683120@group-646BDD98E01D-LeaderElection2] INFO  impl.LeaderElection (LeaderElection.java:askForVotes(321)) - c23094e4-493d-4fea-9f0c-470ffa683120@group-646BDD98E01D-LeaderElection2 ELECTION round 0: submit vote requests at term 2 for conf: {index: 0, cur=peers:[c23094e4-493d-4fea-9f0c-470ffa683120|localhost:15003]|listeners:[], old=null}
2024-07-18 11:33:21,399 [c23094e4-493d-4fea-9f0c-470ffa683120@group-646BDD98E01D-LeaderElection2] INFO  impl.LeaderElection (LeaderElection.java:askForVotes(323)) - c23094e4-493d-4fea-9f0c-470ffa683120@group-646BDD98E01D-LeaderElection2 ELECTION round 0: result PASSED (term=2)
2024-07-18 11:33:21,399 [c23094e4-493d-4fea-9f0c-470ffa683120@group-646BDD98E01D-LeaderElection2] INFO  impl.RoleInfo (RoleInfo.java:shutdownLeaderElection(139)) - c23094e4-493d-4fea-9f0c-470ffa683120: shutdown c23094e4-493d-4fea-9f0c-470ffa683120@group-646BDD98E01D-LeaderElection2
2024-07-18 11:33:21,399 [c23094e4-493d-4fea-9f0c-470ffa683120@group-646BDD98E01D-LeaderElection2] INFO  server.RaftServer$Division (RaftServerImpl.java:setRole(376)) - c23094e4-493d-4fea-9f0c-470ffa683120@group-646BDD98E01D: changes role from CANDIDATE to LEADER at term 2 for changeToLeader
2024-07-18 11:33:21,399 [c23094e4-493d-4fea-9f0c-470ffa683120@group-646BDD98E01D-LeaderElection2] INFO  server.RaftServerConfigKeys (ConfUtils.java:logGet(46)) - raft.server.staging.catchup.gap = 1000 (default)
2024-07-18 11:33:21,399 [c23094e4-493d-4fea-9f0c-470ffa683120@group-646BDD98E01D-LeaderElection2] INFO  server.RaftServerConfigKeys (ConfUtils.java:logGet(46)) - raft.server.write.element-limit = 4096 (default)
2024-07-18 11:33:21,400 [c23094e4-493d-4fea-9f0c-470ffa683120@group-646BDD98E01D-LeaderElection2] INFO  server.RaftServerConfigKeys (ConfUtils.java:logGet(46)) - raft.server.write.byte-limit = 64MB (=67108864) (default)
2024-07-18 11:33:21,400 [c23094e4-493d-4fea-9f0c-470ffa683120@group-646BDD98E01D-LeaderElection2] INFO  server.RaftServerConfigKeys (ConfUtils.java:logGet(46)) - raft.server.watch.timeout = 10s (default)
2024-07-18 11:33:21,400 [c23094e4-493d-4fea-9f0c-470ffa683120@group-646BDD98E01D-LeaderElection2] INFO  server.RaftServerConfigKeys (ConfUtils.java:logGet(46)) - raft.server.watch.timeout.denomination = 1s (default)
2024-07-18 11:33:21,400 [c23094e4-493d-4fea-9f0c-470ffa683120@group-646BDD98E01D-LeaderElection2] INFO  server.RaftServerConfigKeys (ConfUtils.java:logGet(46)) - raft.server.watch.element-limit = 65536 (default)
2024-07-18 11:33:21,401 [c23094e4-493d-4fea-9f0c-470ffa683120@group-646BDD98E01D-LeaderElection2] INFO  server.RaftServerConfigKeys (ConfUtils.java:logGet(46)) - raft.server.read.leader.lease.enabled = false (default)
2024-07-18 11:33:21,401 [c23094e4-493d-4fea-9f0c-470ffa683120@group-646BDD98E01D-LeaderElection2] INFO  server.RaftServerConfigKeys (ConfUtils.java:logGet(46)) - raft.server.read.leader.lease.timeout.ratio = 0.9 (default)
2024-07-18 11:33:21,402 [c23094e4-493d-4fea-9f0c-470ffa683120@group-646BDD98E01D-LeaderElection2] INFO  server.RaftServerConfigKeys (ConfUtils.java:logGet(46)) - raft.server.rpc.timeout.min = 5000ms (custom)
2024-07-18 11:33:21,402 [c23094e4-493d-4fea-9f0c-470ffa683120@group-646BDD98E01D-LeaderElection2] INFO  server.RaftServerConfigKeys (ConfUtils.java:logGet(46)) - raft.server.log.log-metadata.enabled = true (default)
2024-07-18 11:33:21,402 [c23094e4-493d-4fea-9f0c-470ffa683120@group-646BDD98E01D-LeaderElection2] INFO  server.RaftServerConfigKeys (ConfUtils.java:logGet(46)) - raft.server.write.element-limit = 4096 (default)
2024-07-18 11:33:21,402 [c23094e4-493d-4fea-9f0c-470ffa683120@group-646BDD98E01D-LeaderElection2] INFO  server.RaftServerConfigKeys (ConfUtils.java:logGet(46)) - raft.server.write.follower.gap.ratio.max = -1.0 (default)
2024-07-18 11:33:21,402 [c23094e4-493d-4fea-9f0c-470ffa683120@group-646BDD98E01D-LeaderElection2] INFO  impl.RoleInfo (RoleInfo.java:updateAndGet(148)) - c23094e4-493d-4fea-9f0c-470ffa683120: start c23094e4-493d-4fea-9f0c-470ffa683120@group-646BDD98E01D-LeaderStateImpl
2024-07-18 11:33:21,402 [c23094e4-493d-4fea-9f0c-470ffa683120@group-646BDD98E01D-LeaderElection2] INFO  server.RaftServer$Division (RaftServerImpl.java:setFirstElection(549)) - c23094e4-493d-4fea-9f0c-470ffa683120@group-646BDD98E01D: set firstElectionSinceStartup to false for becomeLeader
2024-07-18 11:33:21,402 [c23094e4-493d-4fea-9f0c-470ffa683120@group-646BDD98E01D-LeaderElection2] INFO  ha.SCMStateMachine (SCMStateMachine.java:notifyLeaderChanged(292)) - current SCM becomes leader of term 2.
2024-07-18 11:33:21,403 [c23094e4-493d-4fea-9f0c-470ffa683120@group-646BDD98E01D-LeaderElection2] INFO  ha.SCMContext (SCMContext.java:updateLeaderAndTerm(96)) - update <isLeader,term> from <false,0> to <true,2>
2024-07-18 11:33:21,405 [c23094e4-493d-4fea-9f0c-470ffa683120@group-646BDD98E01D-LeaderElection2] INFO  server.RaftServer$Division (ServerState.java:setLeader(272)) - c23094e4-493d-4fea-9f0c-470ffa683120@group-646BDD98E01D: change Leader from null to c23094e4-493d-4fea-9f0c-470ffa683120 at term 2 for becomeLeader, leader elected after 5825ms
2024-07-18 11:33:21,405 [c23094e4-493d-4fea-9f0c-470ffa683120@group-646BDD98E01D-LeaderElection2] INFO  segmented.SegmentedRaftLogWorker (SegmentedRaftLogWorker.java:rollLogSegment(438)) - c23094e4-493d-4fea-9f0c-470ffa683120@group-646BDD98E01D-SegmentedRaftLogWorker: Rolling segment log-0_0 to index:0
2024-07-18 11:33:21,406 [c23094e4-493d-4fea-9f0c-470ffa683120@group-646BDD98E01D-LeaderElection2] INFO  server.RaftServer$Division (ServerState.java:setRaftConf(386)) - c23094e4-493d-4fea-9f0c-470ffa683120@group-646BDD98E01D: set configuration conf: {index: 1, cur=peers:[c23094e4-493d-4fea-9f0c-470ffa683120|localhost:15003]|listeners:[], old=null}
2024-07-18 11:33:21,406 [c23094e4-493d-4fea-9f0c-470ffa683120@group-646BDD98E01D-SegmentedRaftLogWorker] INFO  segmented.SegmentedRaftLogWorker (SegmentedRaftLogWorker.java:execute(594)) - c23094e4-493d-4fea-9f0c-470ffa683120@group-646BDD98E01D-SegmentedRaftLogWorker: Rolled log segment from /home/runner/work/ozone/ozone/hadoop-ozone/integration-test/target/test-dir/MiniOzoneClusterImpl-c0b7f50e-f813-4849-95b3-646bdd98e01d/scmNode-1/scm-ha/c0b7f50e-f813-4849-95b3-646bdd98e01d/current/log_inprogress_0 to /home/runner/work/ozone/ozone/hadoop-ozone/integration-test/target/test-dir/MiniOzoneClusterImpl-c0b7f50e-f813-4849-95b3-646bdd98e01d/scmNode-1/scm-ha/c0b7f50e-f813-4849-95b3-646bdd98e01d/current/log_0-0
2024-07-18 11:33:21,408 [c23094e4-493d-4fea-9f0c-470ffa683120@group-646BDD98E01D-SegmentedRaftLogWorker] INFO  segmented.BufferedWriteChannel (BufferedWriteChannel.java:open(61)) - open log_inprogress_1 at position 0
2024-07-18 11:33:21,419 [c23094e4-493d-4fea-9f0c-470ffa683120@group-646BDD98E01D-SegmentedRaftLogWorker] INFO  segmented.SegmentedRaftLogWorker (SegmentedRaftLogWorker.java:execute(637)) - c23094e4-493d-4fea-9f0c-470ffa683120@group-646BDD98E01D-SegmentedRaftLogWorker: created new log segment /home/runner/work/ozone/ozone/hadoop-ozone/integration-test/target/test-dir/MiniOzoneClusterImpl-c0b7f50e-f813-4849-95b3-646bdd98e01d/scmNode-1/scm-ha/c0b7f50e-f813-4849-95b3-646bdd98e01d/current/log_inprogress_1
2024-07-18 11:33:21,423 [c23094e4-493d-4fea-9f0c-470ffa683120@group-646BDD98E01D-StateMachineUpdater] INFO  server.RaftServer$Division (LeaderStateImpl.java:checkStartIndex(316)) - Leader c23094e4-493d-4fea-9f0c-470ffa683120@group-646BDD98E01D-LeaderStateImpl is ready since appliedIndex == startIndex == 1
2024-07-18 11:33:21,423 [c23094e4-493d-4fea-9f0c-470ffa683120@group-646BDD98E01D-StateMachineUpdater] INFO  ha.SCMContext (SCMContext.java:setLeaderReady(123)) - update <isLeaderReady> from <false> to <true>
2024-07-18 11:33:21,423 [c23094e4-493d-4fea-9f0c-470ffa683120@group-646BDD98E01D-StateMachineUpdater] INFO  pipeline.BackgroundPipelineCreator (BackgroundPipelineCreator.java:notifyStatusChanged(258)) - Service BackgroundPipelineCreator transitions to RUNNING.
2024-07-18 11:33:21,424 [c23094e4-493d-4fea-9f0c-470ffa683120@group-646BDD98E01D-StateMachineUpdater] INFO  safemode.HealthyPipelineSafeModeRule (HealthyPipelineSafeModeRule.java:initializeRule(172)) - Refreshed total pipeline count is 0, healthy pipeline threshold count is 1
2024-07-18 11:33:21,424 [c23094e4-493d-4fea-9f0c-470ffa683120@group-646BDD98E01D-StateMachineUpdater] INFO  safemode.ContainerSafeModeRule (ContainerSafeModeRule.java:reInitializeRule(191)) - Refreshed one replica container threshold 0, currentThreshold 0
2024-07-18 11:33:21,425 [c23094e4-493d-4fea-9f0c-470ffa683120@group-646BDD98E01D-StateMachineUpdater] INFO  safemode.OneReplicaPipelineSafeModeRule (OneReplicaPipelineSafeModeRule.java:initializeRule(189)) - Refreshed Total pipeline count is 0, pipeline's with at least one datanode reported threshold count is 0
2024-07-18 11:33:21,425 [c23094e4-493d-4fea-9f0c-470ffa683120@group-646BDD98E01D-StateMachineUpdater] INFO  server.SCMDatanodeProtocolServer (SCMDatanodeProtocolServer.java:start(194)) - ScmDatanodeProtocol RPC server for DataNodes is listening at /0.0.0.0:15004
2024-07-18 11:33:21,426 [IPC Server Responder] INFO  ipc.Server (Server.java:run(1562)) - IPC Server Responder: starting
2024-07-18 11:33:21,428 [IPC Server listener on 15004] INFO  ipc.Server (Server.java:run(1402)) - IPC Server listener on 15004: starting
OM initialization succeeded.Current cluster id for sd=/home/runner/work/ozone/ozone/hadoop-ozone/integration-test/target/test-dir/MiniOzoneClusterImpl-c0b7f50e-f813-4849-95b3-646bdd98e01d/omNode-1/om;cid=c0b7f50e-f813-4849-95b3-646bdd98e01d;layoutVersion=6
2024-07-18 11:33:23,274 [main] INFO  ha.OMHANodeDetails (OMHANodeDetails.java:loadOMHAConfig(121)) - ServiceID for OzoneManager is om-add-remove
2024-07-18 11:33:23,277 [main] INFO  ha.OMHANodeDetails (OMHANodeDetails.java:loadOMHAConfig(201)) - Found matching OM address with OMServiceId: om-add-remove, OMNodeId: omNode-1, RPC Address: localhost:15012 and Ratis port: 15015
2024-07-18 11:33:23,279 [main] INFO  ha.OMHANodeDetails (ConfUtils.java:setNodeSpecificConfigs(97)) - Setting configuration key ozone.om.http-address with value of key ozone.om.http-address.om-add-remove.omNode-1: 127.0.0.1:15013
2024-07-18 11:33:23,279 [main] INFO  ha.OMHANodeDetails (ConfUtils.java:setNodeSpecificConfigs(97)) - Setting configuration key ozone.om.https-address with value of key ozone.om.https-address.om-add-remove.omNode-1: 127.0.0.1:15014
2024-07-18 11:33:23,280 [main] INFO  ha.OMHANodeDetails (ConfUtils.java:setNodeSpecificConfigs(97)) - Setting configuration key ozone.om.address with value of key ozone.om.address.om-add-remove.omNode-1: 127.0.0.1:15012
2024-07-18 11:33:23,280 [main] WARN  server.ServerUtils (ServerUtils.java:getDBPath(299)) - ozone.om.db.dirs is not configured. We recommend adding this setting. Falling back to ozone.metadata.dirs instead.
2024-07-18 11:33:23,283 [main] INFO  upgrade.AbstractLayoutVersionManager (AbstractLayoutVersionManager.java:init(83)) - Initializing Layout version manager with metadata layout = QUOTA (version = 6), software layout = QUOTA (version = 6)
2024-07-18 11:33:23,392 [main] INFO  reflections.Reflections (Reflections.java:scan(219)) - Reflections took 103 ms to scan 2 urls, producing 188 keys and 546 values
2024-07-18 11:33:23,396 [main] INFO  upgrade.OMLayoutVersionManager (OMLayoutVersionManager.java:lambda$0(113)) - Skipping Upgrade Action QuotaRepairUpgradeAction since it has been finalized.
2024-07-18 11:33:23,398 [main] INFO  upgrade.OMLayoutVersionManager (OMLayoutVersionManager.java:lambda$0(113)) - Skipping Upgrade Action MockOmUpgradeAction since it has been finalized.
2024-07-18 11:33:23,400 [main] WARN  server.ServerUtils (ServerUtils.java:getDBPath(299)) - ozone.om.db.dirs is not configured. We recommend adding this setting. Falling back to ozone.metadata.dirs instead.
2024-07-18 11:33:23,407 [main] INFO  ha.SCMNodeInfo (SCMNodeInfo.java:getPort(197)) - ConfigKey ozone.scm.client.address is deprecated, For configuring different ports for each SCM use PortConfigKey ozone.scm.client.port appended with serviceId and nodeId
2024-07-18 11:33:23,408 [main] INFO  ha.SCMNodeInfo (SCMNodeInfo.java:getPort(197)) - ConfigKey ozone.scm.block.client.address is deprecated, For configuring different ports for each SCM use PortConfigKey ozone.scm.block.client.port appended with serviceId and nodeId
2024-07-18 11:33:23,408 [main] INFO  ha.SCMNodeInfo (SCMNodeInfo.java:getPort(197)) - ConfigKey ozone.scm.security.service.address is deprecated, For configuring different ports for each SCM use PortConfigKey ozone.scm.security.service.port appended with serviceId and nodeId
2024-07-18 11:33:23,409 [main] INFO  ha.SCMNodeInfo (SCMNodeInfo.java:getPort(197)) - ConfigKey ozone.scm.datanode.address is deprecated, For configuring different ports for each SCM use PortConfigKey ozone.scm.datanode.port appended with serviceId and nodeId
2024-07-18 11:33:23,498 [main] INFO  ha.SCMNodeInfo (SCMNodeInfo.java:getPort(197)) - ConfigKey ozone.scm.client.address is deprecated, For configuring different ports for each SCM use PortConfigKey ozone.scm.client.port appended with serviceId and nodeId
2024-07-18 11:33:23,499 [main] INFO  ha.SCMNodeInfo (SCMNodeInfo.java:getPort(197)) - ConfigKey ozone.scm.block.client.address is deprecated, For configuring different ports for each SCM use PortConfigKey ozone.scm.block.client.port appended with serviceId and nodeId
2024-07-18 11:33:23,500 [main] INFO  ha.SCMNodeInfo (SCMNodeInfo.java:getPort(197)) - ConfigKey ozone.scm.security.service.address is deprecated, For configuring different ports for each SCM use PortConfigKey ozone.scm.security.service.port appended with serviceId and nodeId
2024-07-18 11:33:23,500 [main] INFO  ha.SCMNodeInfo (SCMNodeInfo.java:getPort(197)) - ConfigKey ozone.scm.datanode.address is deprecated, For configuring different ports for each SCM use PortConfigKey ozone.scm.datanode.port appended with serviceId and nodeId
2024-07-18 11:33:23,501 [main] INFO  proxy.SCMBlockLocationFailoverProxyProvider (SCMBlockLocationFailoverProxyProvider.java:<init>(115)) - Created block location fail-over proxy with 1 nodes: [nodeId=scmNode-1,nodeAddress=/127.0.0.1:15007]
2024-07-18 11:33:23,511 [main] INFO  ha.SCMNodeInfo (SCMNodeInfo.java:getPort(197)) - ConfigKey ozone.scm.client.address is deprecated, For configuring different ports for each SCM use PortConfigKey ozone.scm.client.port appended with serviceId and nodeId
2024-07-18 11:33:23,511 [main] INFO  ha.SCMNodeInfo (SCMNodeInfo.java:getPort(197)) - ConfigKey ozone.scm.block.client.address is deprecated, For configuring different ports for each SCM use PortConfigKey ozone.scm.block.client.port appended with serviceId and nodeId
2024-07-18 11:33:23,512 [main] INFO  ha.SCMNodeInfo (SCMNodeInfo.java:getPort(197)) - ConfigKey ozone.scm.security.service.address is deprecated, For configuring different ports for each SCM use PortConfigKey ozone.scm.security.service.port appended with serviceId and nodeId
2024-07-18 11:33:23,513 [main] INFO  ha.SCMNodeInfo (SCMNodeInfo.java:getPort(197)) - ConfigKey ozone.scm.datanode.address is deprecated, For configuring different ports for each SCM use PortConfigKey ozone.scm.datanode.port appended with serviceId and nodeId
2024-07-18 11:33:23,513 [main] INFO  proxy.SCMBlockLocationFailoverProxyProvider (SCMBlockLocationFailoverProxyProvider.java:<init>(115)) - Created block location fail-over proxy with 1 nodes: [nodeId=scmNode-1,nodeAddress=/127.0.0.1:15007]
2024-07-18 11:33:23,535 [main] INFO  om.OzoneManager (OzoneManager.java:<init>(678)) - OM start with adminUsers: [runner]
2024-07-18 11:33:23,551 [main] WARN  server.ServerUtils (ServerUtils.java:getDBPath(299)) - ozone.om.db.dirs is not configured. We recommend adding this setting. Falling back to ozone.metadata.dirs instead.
2024-07-18 11:33:23,575 [main] INFO  helpers.OmKeyInfo (OmKeyInfo.java:getCodec(72)) - OmKeyInfo.getCodec ignorePipeline = true
2024-07-18 11:33:23,846 [main] INFO  om.OzoneManager (OzoneManager.java:instantiateServices(812)) - S3 Multi-Tenancy is disabled
2024-07-18 11:33:23,882 [main] INFO  om.OmSnapshotManager (OmSnapshotManager.java:<init>(179)) - Ozone filesystem snapshot feature is enabled.
2024-07-18 11:33:23,888 [main] WARN  server.ServerUtils (ServerUtils.java:getDBPath(299)) - ozone.om.snapshot.diff.db.dir is not configured. We recommend adding this setting. Falling back to ozone.metadata.dirs instead.
2024-07-18 11:33:23,934 [main] INFO  utils.NativeLibraryLoader (NativeLibraryLoader.java:loadLibrary(111)) - Loading Library: ozone_rocksdb_tools
2024-07-18 11:33:23,936 [main] ERROR snapshot.SnapshotDiffManager (SnapshotDiffManager.java:initNativeLibraryForEfficientDiff(287)) - Native Library for raw sst file reading loading failed.
org.apache.hadoop.hdds.utils.NativeLibraryNotLoadedException: Unable to load library ozone_rocksdb_tools from both java.library.path & resource file libozone_rocksdb_tools.so from jar.
	at org.apache.hadoop.hdds.utils.db.managed.ManagedRawSSTFileReader.loadLibrary(ManagedRawSSTFileReader.java:40)
	at org.apache.hadoop.ozone.om.snapshot.SnapshotDiffManager.initNativeLibraryForEfficientDiff(SnapshotDiffManager.java:285)
	at org.apache.hadoop.ozone.om.snapshot.SnapshotDiffManager.<init>(SnapshotDiffManager.java:259)
	at org.apache.hadoop.ozone.om.OmSnapshotManager.<init>(OmSnapshotManager.java:286)
	at org.apache.hadoop.ozone.om.OzoneManager.instantiateServices(OzoneManager.java:864)
	at org.apache.hadoop.ozone.om.OzoneManager.<init>(OzoneManager.java:688)
	at org.apache.hadoop.ozone.om.OzoneManager.createOm(OzoneManager.java:775)
	at org.apache.hadoop.ozone.MiniOzoneHAClusterImpl$Builder.createOMService(MiniOzoneHAClusterImpl.java:510)
	at org.apache.hadoop.ozone.MiniOzoneHAClusterImpl$Builder.build(MiniOzoneHAClusterImpl.java:425)
	at org.apache.hadoop.ozone.om.TestAddRemoveOzoneManager.setupCluster(TestAddRemoveOzoneManager.java:100)
	at org.apache.hadoop.ozone.om.TestAddRemoveOzoneManager.testForceBootstrap(TestAddRemoveOzoneManager.java:293)
	at java.base/jdk.internal.reflect.NativeMethodAccessorImpl.invoke0(Native Method)
	at java.base/jdk.internal.reflect.NativeMethodAccessorImpl.invoke(NativeMethodAccessorImpl.java:77)
	at java.base/jdk.internal.reflect.DelegatingMethodAccessorImpl.invoke(DelegatingMethodAccessorImpl.java:43)
	at java.base/java.lang.reflect.Method.invoke(Method.java:568)
	at org.junit.platform.commons.util.ReflectionUtils.invokeMethod(ReflectionUtils.java:728)
	at org.junit.jupiter.engine.execution.MethodInvocation.proceed(MethodInvocation.java:60)
	at org.junit.jupiter.engine.execution.InvocationInterceptorChain$ValidatingInvocation.proceed(InvocationInterceptorChain.java:131)
	at org.junit.jupiter.engine.extension.SameThreadTimeoutInvocation.proceed(SameThreadTimeoutInvocation.java:45)
	at org.junit.jupiter.engine.extension.TimeoutExtension.intercept(TimeoutExtension.java:156)
	at org.junit.jupiter.engine.extension.TimeoutExtension.interceptTestableMethod(TimeoutExtension.java:147)
	at org.junit.jupiter.engine.extension.TimeoutExtension.interceptTestMethod(TimeoutExtension.java:86)
	at org.junit.jupiter.engine.execution.InterceptingExecutableInvoker$ReflectiveInterceptorCall.lambda$ofVoidMethod$0(InterceptingExecutableInvoker.java:103)
	at org.junit.jupiter.engine.execution.InterceptingExecutableInvoker.lambda$invoke$0(InterceptingExecutableInvoker.java:93)
	at org.junit.jupiter.engine.execution.InvocationInterceptorChain$InterceptedInvocation.proceed(InvocationInterceptorChain.java:106)
	at org.junit.jupiter.engine.execution.InvocationInterceptorChain.proceed(InvocationInterceptorChain.java:64)
	at org.junit.jupiter.engine.execution.InvocationInterceptorChain.chainAndInvoke(InvocationInterceptorChain.java:45)
	at org.junit.jupiter.engine.execution.InvocationInterceptorChain.invoke(InvocationInterceptorChain.java:37)
	at org.junit.jupiter.engine.execution.InterceptingExecutableInvoker.invoke(InterceptingExecutableInvoker.java:92)
	at org.junit.jupiter.engine.execution.InterceptingExecutableInvoker.invoke(InterceptingExecutableInvoker.java:86)
	at org.junit.jupiter.engine.descriptor.TestMethodTestDescriptor.lambda$invokeTestMethod$7(TestMethodTestDescriptor.java:218)
	at org.junit.platform.engine.support.hierarchical.ThrowableCollector.execute(ThrowableCollector.java:73)
	at org.junit.jupiter.engine.descriptor.TestMethodTestDescriptor.invokeTestMethod(TestMethodTestDescriptor.java:214)
	at org.junit.jupiter.engine.descriptor.TestMethodTestDescriptor.execute(TestMethodTestDescriptor.java:139)
	at org.junit.jupiter.engine.descriptor.TestMethodTestDescriptor.execute(TestMethodTestDescriptor.java:69)
	at org.junit.platform.engine.support.hierarchical.NodeTestTask.lambda$executeRecursively$6(NodeTestTask.java:151)
	at org.junit.platform.engine.support.hierarchical.ThrowableCollector.execute(ThrowableCollector.java:73)
	at org.junit.platform.engine.support.hierarchical.NodeTestTask.lambda$executeRecursively$8(NodeTestTask.java:141)
	at org.junit.platform.engine.support.hierarchical.Node.around(Node.java:137)
	at org.junit.platform.engine.support.hierarchical.NodeTestTask.lambda$executeRecursively$9(NodeTestTask.java:139)
	at org.junit.platform.engine.support.hierarchical.ThrowableCollector.execute(ThrowableCollector.java:73)
	at org.junit.platform.engine.support.hierarchical.NodeTestTask.executeRecursively(NodeTestTask.java:138)
	at org.junit.platform.engine.support.hierarchical.NodeTestTask.execute(NodeTestTask.java:95)
	at java.base/java.util.ArrayList.forEach(ArrayList.java:1511)
	at org.junit.platform.engine.support.hierarchical.SameThreadHierarchicalTestExecutorService.invokeAll(SameThreadHierarchicalTestExecutorService.java:41)
	at org.junit.platform.engine.support.hierarchical.NodeTestTask.lambda$executeRecursively$6(NodeTestTask.java:155)
	at org.junit.platform.engine.support.hierarchical.ThrowableCollector.execute(ThrowableCollector.java:73)
	at org.junit.platform.engine.support.hierarchical.NodeTestTask.lambda$executeRecursively$8(NodeTestTask.java:141)
	at org.junit.platform.engine.support.hierarchical.Node.around(Node.java:137)
	at org.junit.platform.engine.support.hierarchical.NodeTestTask.lambda$executeRecursively$9(NodeTestTask.java:139)
	at org.junit.platform.engine.support.hierarchical.ThrowableCollector.execute(ThrowableCollector.java:73)
	at org.junit.platform.engine.support.hierarchical.NodeTestTask.executeRecursively(NodeTestTask.java:138)
	at org.junit.platform.engine.support.hierarchical.NodeTestTask.execute(NodeTestTask.java:95)
	at java.base/java.util.ArrayList.forEach(ArrayList.java:1511)
	at org.junit.platform.engine.support.hierarchical.SameThreadHierarchicalTestExecutorService.invokeAll(SameThreadHierarchicalTestExecutorService.java:41)
	at org.junit.platform.engine.support.hierarchical.NodeTestTask.lambda$executeRecursively$6(NodeTestTask.java:155)
	at org.junit.platform.engine.support.hierarchical.ThrowableCollector.execute(ThrowableCollector.java:73)
	at org.junit.platform.engine.support.hierarchical.NodeTestTask.lambda$executeRecursively$8(NodeTestTask.java:141)
	at org.junit.platform.engine.support.hierarchical.Node.around(Node.java:137)
	at org.junit.platform.engine.support.hierarchical.NodeTestTask.lambda$executeRecursively$9(NodeTestTask.java:139)
	at org.junit.platform.engine.support.hierarchical.ThrowableCollector.execute(ThrowableCollector.java:73)
	at org.junit.platform.engine.support.hierarchical.NodeTestTask.executeRecursively(NodeTestTask.java:138)
	at org.junit.platform.engine.support.hierarchical.NodeTestTask.execute(NodeTestTask.java:95)
	at org.junit.platform.engine.support.hierarchical.SameThreadHierarchicalTestExecutorService.submit(SameThreadHierarchicalTestExecutorService.java:35)
	at org.junit.platform.engine.support.hierarchical.HierarchicalTestExecutor.execute(HierarchicalTestExecutor.java:57)
	at org.junit.platform.engine.support.hierarchical.HierarchicalTestEngine.execute(HierarchicalTestEngine.java:54)
	at org.junit.platform.launcher.core.EngineExecutionOrchestrator.execute(EngineExecutionOrchestrator.java:198)
	at org.junit.platform.launcher.core.EngineExecutionOrchestrator.execute(EngineExecutionOrchestrator.java:169)
	at org.junit.platform.launcher.core.EngineExecutionOrchestrator.execute(EngineExecutionOrchestrator.java:93)
	at org.junit.platform.launcher.core.EngineExecutionOrchestrator.lambda$execute$0(EngineExecutionOrchestrator.java:58)
	at org.junit.platform.launcher.core.EngineExecutionOrchestrator.withInterceptedStreams(EngineExecutionOrchestrator.java:141)
	at org.junit.platform.launcher.core.EngineExecutionOrchestrator.execute(EngineExecutionOrchestrator.java:57)
	at org.junit.platform.launcher.core.DefaultLauncher.execute(DefaultLauncher.java:103)
	at org.junit.platform.launcher.core.DefaultLauncher.execute(DefaultLauncher.java:85)
	at org.junit.platform.launcher.core.DelegatingLauncher.execute(DelegatingLauncher.java:47)
	at org.junit.platform.launcher.core.SessionPerRequestLauncher.execute(SessionPerRequestLauncher.java:63)
	at org.apache.maven.surefire.junitplatform.JUnitPlatformProvider.invokeAllTests(JUnitPlatformProvider.java:154)
	at org.apache.maven.surefire.junitplatform.JUnitPlatformProvider.invoke(JUnitPlatformProvider.java:123)
	at org.apache.maven.surefire.booter.ForkedBooter.runSuitesInProcess(ForkedBooter.java:377)
	at org.apache.maven.surefire.booter.ForkedBooter.execute(ForkedBooter.java:138)
	at org.apache.maven.surefire.booter.ForkedBooter.run(ForkedBooter.java:465)
	at org.apache.maven.surefire.booter.ForkedBooter.main(ForkedBooter.java:451)
2024-07-18 11:33:24,013 [main] INFO  om.OzoneManager (OzoneManager.java:addS3GVolumeToDB(4463)) - Created Volume s3v With Owner runner required for S3Gateway operations.
2024-07-18 11:33:24,057 [main] WARN  server.ServerUtils (ServerUtils.java:getDefaultRatisDirectory(311)) - Storage directory for Ratis is not configured. It is a good idea to map this to an SSD disk. Falling back to ozone.metadata.dirs
2024-07-18 11:33:24,058 [main] WARN  utils.OzoneManagerRatisUtils (OzoneManagerRatisUtils.java:getOMRatisSnapshotDirectory(476)) - ozone.om.ratis.snapshot.dir is not configured. Falling back to ozone.metadata.dirs config
2024-07-18 11:33:24,060 [main] INFO  utils.RDBSnapshotProvider (RDBSnapshotProvider.java:init(87)) - Cleaning up the candidate dir: /home/runner/work/ozone/ozone/hadoop-ozone/integration-test/target/test-dir/MiniOzoneClusterImpl-c0b7f50e-f813-4849-95b3-646bdd98e01d/omNode-1/snapshot/om.db.candidate
2024-07-18 11:33:24,061 [main] INFO  ratis_snapshot.OmRatisSnapshotProvider (OmRatisSnapshotProvider.java:<init>(99)) - Initializing OM Snapshot Provider
2024-07-18 11:33:24,163 [main] WARN  dropwizard3.Dm3MetricRegistriesImpl (Dm3MetricRegistriesImpl.java:addReporterRegistration(114)) - New reporters are added after registries were created. Some metrics will be missing from the reporter. Please add reporter before adding any new registry.
2024-07-18 11:33:24,164 [main] WARN  dropwizard3.Dm3MetricRegistriesImpl (Dm3MetricRegistriesImpl.java:addReporterRegistration(114)) - New reporters are added after registries were created. Some metrics will be missing from the reporter. Please add reporter before adding any new registry.
2024-07-18 11:33:24,164 [main] WARN  server.ServerUtils (ServerUtils.java:getDefaultRatisDirectory(311)) - Storage directory for Ratis is not configured. It is a good idea to map this to an SSD disk. Falling back to ozone.metadata.dirs
2024-07-18 11:33:24,167 [main] INFO  ratis.OzoneManagerRatisServer (OzoneManagerRatisServer.java:<init>(168)) - Instantiating OM Ratis server with groupID: om-add-remove and peers: localhost:15015, localhost:15023, localhost:15019
2024-07-18 11:33:24,172 [main] INFO  ratis.OzoneManagerStateMachine (OzoneManagerStateMachine.java:loadSnapshotInfoFromDB(593)) - TransactionInfo not found in OM DB.
2024-07-18 11:33:24,205 [main] INFO  server.RaftServer (ConfUtils.java:logGet(46)) - raft.rpc.type = GRPC (default)
2024-07-18 11:33:24,205 [main] INFO  grpc.GrpcConfigKeys (ConfUtils.java:logFallback(53)) - raft.grpc.admin.host = null (fallback to raft.grpc.server.host)
2024-07-18 11:33:24,205 [main] INFO  grpc.GrpcConfigKeys (ConfUtils.java:logFallback(53)) - raft.grpc.admin.port = 15015 (fallback to raft.grpc.server.port)
2024-07-18 11:33:24,206 [main] INFO  grpc.GrpcConfigKeys (ConfUtils.java:logFallback(53)) - raft.grpc.client.host = null (fallback to raft.grpc.server.host)
2024-07-18 11:33:24,206 [main] INFO  grpc.GrpcConfigKeys (ConfUtils.java:logFallback(53)) - raft.grpc.client.port = 15015 (fallback to raft.grpc.server.port)
2024-07-18 11:33:24,206 [main] INFO  grpc.GrpcConfigKeys (ConfUtils.java:logGet(46)) - raft.grpc.server.host = null (default)
2024-07-18 11:33:24,206 [main] INFO  grpc.GrpcConfigKeys (ConfUtils.java:logGet(46)) - raft.grpc.server.port = 15015 (custom)
2024-07-18 11:33:24,206 [main] INFO  server.GrpcService (ConfUtils.java:logGet(46)) - raft.grpc.message.size.max = 4194304 (custom)
2024-07-18 11:33:24,206 [main] INFO  server.RaftServerConfigKeys (ConfUtils.java:logGet(46)) - raft.server.log.appender.buffer.byte-limit = 4194304 (custom)
2024-07-18 11:33:24,207 [main] INFO  server.GrpcService (ConfUtils.java:logGet(46)) - raft.grpc.flow.control.window = 1MB (=1048576) (default)
2024-07-18 11:33:24,207 [main] INFO  server.RaftServerConfigKeys (ConfUtils.java:logGet(46)) - raft.server.rpc.request.timeout = 3000ms (default)
2024-07-18 11:33:24,207 [main] INFO  grpc.GrpcConfigKeys (ConfUtils.java:logGet(46)) - raft.grpc.server.heartbeat.channel = true (default)
2024-07-18 11:33:24,207 [main] INFO  grpc.GrpcConfigKeys (ConfUtils.java:logGet(46)) - raft.grpc.server.async.request.thread.pool.cached = true (default)
2024-07-18 11:33:24,207 [main] INFO  grpc.GrpcConfigKeys (ConfUtils.java:logGet(46)) - raft.grpc.server.async.request.thread.pool.size = 32 (default)
2024-07-18 11:33:24,208 [main] INFO  impl.DataStreamServerImpl (ConfUtils.java:logGet(46)) - raft.datastream.type = DISABLED (default)
2024-07-18 11:33:24,208 [main] INFO  server.RaftServerConfigKeys (ConfUtils.java:logGet(46)) - raft.server.sleep.deviation.threshold = 300ms (default)
2024-07-18 11:33:24,208 [main] INFO  server.RaftServerConfigKeys (ConfUtils.java:logGet(46)) - raft.server.close.threshold = 60s (default)
2024-07-18 11:33:24,208 [main] INFO  server.RaftServerConfigKeys (ConfUtils.java:logGet(46)) - raft.server.leaderelection.leader.step-down.wait-time = 10s (default)
2024-07-18 11:33:24,209 [main] INFO  server.RaftServerConfigKeys (ConfUtils.java:logGet(46)) - raft.server.storage.dir = [/home/runner/work/ozone/ozone/hadoop-ozone/integration-test/target/test-dir/MiniOzoneClusterImpl-c0b7f50e-f813-4849-95b3-646bdd98e01d/omNode-1/ratis] (custom)
2024-07-18 11:33:24,209 [main] INFO  server.RaftServerConfigKeys (ConfUtils.java:logGet(46)) - raft.server.threadpool.proxy.cached = true (default)
2024-07-18 11:33:24,209 [main] INFO  server.RaftServerConfigKeys (ConfUtils.java:logGet(46)) - raft.server.threadpool.proxy.size = 0 (default)
2024-07-18 11:33:24,216 [main] INFO  server.RaftServer (RaftServerProxy.java:addNew(101)) - omNode-1: addNew group-0AAC5367B30E:[omNode-3|localhost:15023, omNode-1|localhost:15015, omNode-2|localhost:15019] returns group-0AAC5367B30E:java.util.concurrent.CompletableFuture@349a8977[Not completed]
2024-07-18 11:33:24,216 [omNode-1-groupManagement] INFO  server.RaftServer$Division (RaftServerImpl.java:<init>(253)) - omNode-1: new RaftServerImpl for group-0AAC5367B30E:[omNode-3|localhost:15023, omNode-1|localhost:15015, omNode-2|localhost:15019] with OzoneManagerStateMachine:uninitialized
2024-07-18 11:33:24,216 [main] INFO  om.OzoneManager (OzoneManager.java:initializeRatisServer(2168)) - OzoneManager Ratis server initialized at port 15015
2024-07-18 11:33:24,217 [omNode-1-groupManagement] INFO  server.RaftServerConfigKeys (ConfUtils.java:logGet(46)) - raft.server.rpc.timeout.min = 1s (custom)
2024-07-18 11:33:24,217 [omNode-1-groupManagement] INFO  server.RaftServerConfigKeys (ConfUtils.java:logGet(46)) - raft.server.rpc.timeout.max = 1200ms (custom)
2024-07-18 11:33:24,217 [omNode-1-groupManagement] INFO  server.RaftServerConfigKeys (ConfUtils.java:logGet(46)) - raft.server.rpc.sleep.time = 25ms (default)
2024-07-18 11:33:24,217 [omNode-1-groupManagement] INFO  server.RaftServerConfigKeys (ConfUtils.java:logGet(46)) - raft.server.rpc.slowness.timeout = 2s (custom)
2024-07-18 11:33:24,217 [omNode-1-groupManagement] INFO  server.RaftServerConfigKeys (ConfUtils.java:logGet(46)) - raft.server.leaderelection.leader.step-down.wait-time = 10s (default)
2024-07-18 11:33:24,217 [omNode-1-groupManagement] INFO  server.RaftServerConfigKeys (ConfUtils.java:logGet(46)) - raft.server.leaderelection.member.majority-add = false (default)
2024-07-18 11:33:24,217 [omNode-1-groupManagement] INFO  server.RaftServerConfigKeys (ConfUtils.java:logGet(46)) - raft.server.sleep.deviation.threshold = 300ms (default)
2024-07-18 11:33:24,217 [omNode-1-groupManagement] INFO  server.RaftServer$Division (ServerState.java:<init>(114)) - omNode-1@group-0AAC5367B30E: ConfigurationManager, init=conf: {index: -1, cur=peers:[omNode-3|localhost:15023, omNode-1|localhost:15015, omNode-2|localhost:15019]|listeners:[], old=null}, confs=<EMPTY_MAP>
2024-07-18 11:33:24,218 [omNode-1-groupManagement] INFO  server.RaftServerConfigKeys (ConfUtils.java:logGet(46)) - raft.server.notification.no-leader.timeout = 2s (custom)
2024-07-18 11:33:24,218 [omNode-1-groupManagement] INFO  server.RaftServerConfigKeys (ConfUtils.java:logGet(46)) - raft.server.read.timeout = 10s (default)
2024-07-18 11:33:24,218 [omNode-1-groupManagement] INFO  server.RaftServerConfigKeys (ConfUtils.java:logGet(46)) - raft.server.retrycache.expirytime = 300s (custom)
2024-07-18 11:33:24,218 [omNode-1-groupManagement] INFO  server.RaftServerConfigKeys (ConfUtils.java:logGet(46)) - raft.server.retrycache.statistics.expirytime = 100ms (default)
2024-07-18 11:33:24,218 [omNode-1-groupManagement] INFO  server.RaftServerConfigKeys (ConfUtils.java:logGet(46)) - raft.server.read.option = DEFAULT (default)
2024-07-18 11:33:24,218 [omNode-1-groupManagement] INFO  server.RaftServerConfigKeys (ConfUtils.java:logGet(46)) - raft.server.read.read-after-write-consistent.write-index-cache.expiry-time = 60s (default)
2024-07-18 11:33:24,225 [omNode-1-groupManagement] INFO  server.RaftServerConfigKeys (ConfUtils.java:logGet(46)) - raft.server.rpc.request.timeout = 3000ms (default)
2024-07-18 11:33:24,225 [omNode-1-groupManagement] INFO  server.RaftServerConfigKeys (ConfUtils.java:logGet(46)) - raft.server.log.appender.install.snapshot.enabled = false (custom)
2024-07-18 11:33:24,225 [omNode-1-groupManagement] INFO  server.RaftServerConfigKeys (ConfUtils.java:logGet(46)) - raft.server.threadpool.server.cached = true (default)
2024-07-18 11:33:24,225 [omNode-1-groupManagement] INFO  server.RaftServerConfigKeys (ConfUtils.java:logGet(46)) - raft.server.threadpool.server.size = 0 (default)
2024-07-18 11:33:24,225 [omNode-1-groupManagement] INFO  server.RaftServerConfigKeys (ConfUtils.java:logGet(46)) - raft.server.threadpool.client.cached = true (default)
2024-07-18 11:33:24,225 [omNode-1-groupManagement] INFO  server.RaftServerConfigKeys (ConfUtils.java:logGet(46)) - raft.server.threadpool.client.size = 0 (default)
2024-07-18 11:33:24,229 [main] INFO  om.OzoneManager (OzoneManager.java:getRpcServer(1228)) - Creating RPC Server
2024-07-18 11:33:24,934 [main] INFO  reflections.Reflections (Reflections.java:scan(219)) - Reflections took 669 ms to scan 20 urls, producing 59 keys and 6638 values
2024-07-18 11:33:25,088 [main] INFO  ipc.CallQueueManager (CallQueueManager.java:<init>(90)) - Using callQueue: class java.util.concurrent.LinkedBlockingQueue, queueCapacity: 2000, scheduler: class org.apache.hadoop.ipc.DefaultRpcScheduler, ipcBackoff: false.
2024-07-18 11:33:25,088 [main] INFO  ipc.Server (Server.java:<init>(1287)) - Listener at 127.0.0.1:15012
2024-07-18 11:33:25,092 [Socket Reader #1 for port 15012] INFO  ipc.Server (Server.java:run(1323)) - Starting Socket Reader #1 for port 15012
2024-07-18 11:33:25,119 [main] INFO  impl.MetricsSystemImpl (MetricsSystemImpl.java:init(158)) - OzoneManager metrics system started (again)
2024-07-18 11:33:25,131 [main] INFO  om.OzoneManager (OzoneManager.java:start(1650)) - OzoneManager RPC server is listening at localhost/127.0.0.1:15012
2024-07-18 11:33:25,132 [main] INFO  ratis.OzoneManagerRatisServer (OzoneManagerRatisServer.java:start(594)) - Starting OzoneManagerRatisServer omNode-1 at port 15015
2024-07-18 11:33:25,132 [omNode-1-impl-thread1] INFO  server.RaftServerConfigKeys (ConfUtils.java:logGet(46)) - raft.server.storage.free-space.min = 0MB (=0) (default)
2024-07-18 11:33:25,132 [omNode-1-impl-thread1] INFO  server.RaftServerConfigKeys (ConfUtils.java:logGet(46)) - raft.server.log.corruption.policy = EXCEPTION (default)
2024-07-18 11:33:25,133 [omNode-1-impl-thread1] INFO  server.RaftServerConfigKeys (ConfUtils.java:logGet(46)) - raft.server.storage.dir = [/home/runner/work/ozone/ozone/hadoop-ozone/integration-test/target/test-dir/MiniOzoneClusterImpl-c0b7f50e-f813-4849-95b3-646bdd98e01d/omNode-1/ratis] (custom)
2024-07-18 11:33:25,133 [omNode-1-impl-thread1] INFO  storage.RaftStorageDirectory (RaftStorageDirectoryImpl.java:analyzeStorage(138)) - The storage directory /home/runner/work/ozone/ozone/hadoop-ozone/integration-test/target/test-dir/MiniOzoneClusterImpl-c0b7f50e-f813-4849-95b3-646bdd98e01d/omNode-1/ratis/0718e334-ffa1-36bc-8e9a-0aac5367b30e does not exist. Creating ...
2024-07-18 11:33:25,134 [omNode-1-impl-thread1] INFO  storage.RaftStorageDirectory (RaftStorageDirectoryImpl.java:tryLock(229)) - Lock on /home/runner/work/ozone/ozone/hadoop-ozone/integration-test/target/test-dir/MiniOzoneClusterImpl-c0b7f50e-f813-4849-95b3-646bdd98e01d/omNode-1/ratis/0718e334-ffa1-36bc-8e9a-0aac5367b30e/in_use.lock acquired by nodename 107590@fv-az1113-538
2024-07-18 11:33:25,135 [omNode-1-impl-thread1] INFO  storage.RaftStorage (RaftStorageImpl.java:format(98)) - Storage directory /home/runner/work/ozone/ozone/hadoop-ozone/integration-test/target/test-dir/MiniOzoneClusterImpl-c0b7f50e-f813-4849-95b3-646bdd98e01d/omNode-1/ratis/0718e334-ffa1-36bc-8e9a-0aac5367b30e has been successfully formatted.
2024-07-18 11:33:25,136 [omNode-1-impl-thread1] INFO  server.RaftServerConfigKeys (ConfUtils.java:logGet(46)) - raft.server.log.use.memory = false (default)
2024-07-18 11:33:25,136 [omNode-1-impl-thread1] INFO  server.RaftServerConfigKeys (ConfUtils.java:logGet(46)) - raft.server.log.purge.gap = 1000000 (custom)
2024-07-18 11:33:25,136 [omNode-1-impl-thread1] INFO  server.RaftServerConfigKeys (ConfUtils.java:logGet(46)) - raft.server.log.appender.buffer.byte-limit = 4194304 (custom)
2024-07-18 11:33:25,137 [omNode-1-impl-thread1] INFO  server.RaftServerConfigKeys (ConfUtils.java:logGet(46)) - raft.server.log.statemachine.data.read.timeout = 1000ms (default)
2024-07-18 11:33:25,137 [omNode-1-impl-thread1] INFO  server.RaftServerConfigKeys (ConfUtils.java:logGet(46)) - raft.server.log.purge.preservation.log.num = 0 (default)
2024-07-18 11:33:25,139 [omNode-1-impl-thread1] INFO  server.RaftServerConfigKeys (ConfUtils.java:logGet(46)) - raft.server.log.segment.size.max = 4194304 (custom)
2024-07-18 11:33:25,139 [omNode-1-impl-thread1] INFO  server.RaftServerConfigKeys (ConfUtils.java:logGet(46)) - raft.server.log.segment.cache.num.max = 2 (custom)
2024-07-18 11:33:25,139 [omNode-1-impl-thread1] INFO  server.RaftServerConfigKeys (ConfUtils.java:logGet(46)) - raft.server.log.segment.cache.size.max = 200MB (=209715200) (default)
2024-07-18 11:33:25,140 [omNode-1-impl-thread1] INFO  server.RaftServerConfigKeys (ConfUtils.java:logGet(46)) - raft.server.log.appender.buffer.byte-limit = 4194304 (custom)
2024-07-18 11:33:25,140 [omNode-1-impl-thread1] INFO  util.AwaitToRun (AwaitToRun.java:start(81)) - Thread[omNode-1@group-0AAC5367B30E-cacheEviction-AwaitToRun,5,main] started
2024-07-18 11:33:25,140 [omNode-1-impl-thread1] INFO  segmented.SegmentedRaftLogWorker (SegmentedRaftLogWorker.java:<init>(184)) - new omNode-1@group-0AAC5367B30E-SegmentedRaftLogWorker for RaftStorageImpl:Storage Directory /home/runner/work/ozone/ozone/hadoop-ozone/integration-test/target/test-dir/MiniOzoneClusterImpl-c0b7f50e-f813-4849-95b3-646bdd98e01d/omNode-1/ratis/0718e334-ffa1-36bc-8e9a-0aac5367b30e
2024-07-18 11:33:25,141 [omNode-1-impl-thread1] INFO  server.RaftServerConfigKeys (ConfUtils.java:logGet(46)) - raft.server.log.queue.byte-limit = 64MB (=67108864) (default)
2024-07-18 11:33:25,141 [omNode-1-impl-thread1] INFO  server.RaftServerConfigKeys (ConfUtils.java:logGet(46)) - raft.server.log.queue.element-limit = 4096 (default)
2024-07-18 11:33:25,141 [omNode-1-impl-thread1] INFO  server.RaftServerConfigKeys (ConfUtils.java:logGet(46)) - raft.server.log.segment.size.max = 4194304 (custom)
2024-07-18 11:33:25,142 [omNode-1-impl-thread1] INFO  server.RaftServerConfigKeys (ConfUtils.java:logGet(46)) - raft.server.log.preallocated.size = 4194304 (custom)
2024-07-18 11:33:25,142 [omNode-1-impl-thread1] INFO  server.RaftServerConfigKeys (ConfUtils.java:logGet(46)) - raft.server.log.force.sync.num = 128 (default)
2024-07-18 11:33:25,143 [omNode-1-impl-thread1] INFO  server.RaftServerConfigKeys (ConfUtils.java:logGet(46)) - raft.server.log.statemachine.data.sync = true (default)
2024-07-18 11:33:25,143 [omNode-1-impl-thread1] INFO  server.RaftServerConfigKeys (ConfUtils.java:logGet(46)) - raft.server.log.statemachine.data.sync.timeout = 10s (default)
2024-07-18 11:33:25,143 [omNode-1-impl-thread1] INFO  server.RaftServerConfigKeys (ConfUtils.java:logGet(46)) - raft.server.log.statemachine.data.sync.timeout.retry = -1 (default)
2024-07-18 11:33:25,144 [omNode-1-impl-thread1] INFO  server.RaftServerConfigKeys (ConfUtils.java:logGet(46)) - raft.server.log.write.buffer.size = 4194312 (custom)
2024-07-18 11:33:25,146 [omNode-1-impl-thread1] INFO  server.RaftServerConfigKeys (ConfUtils.java:logGet(46)) - raft.server.log.appender.buffer.byte-limit = 4194304 (custom)
2024-07-18 11:33:25,146 [omNode-1-impl-thread1] INFO  server.RaftServerConfigKeys (ConfUtils.java:logGet(46)) - raft.server.log.unsafe-flush.enabled = false (default)
2024-07-18 11:33:25,147 [omNode-1-impl-thread1] INFO  server.RaftServerConfigKeys (ConfUtils.java:logGet(46)) - raft.server.log.async-flush.enabled = false (default)
2024-07-18 11:33:25,147 [omNode-1-impl-thread1] INFO  server.RaftServerConfigKeys (ConfUtils.java:logGet(46)) - raft.server.log.statemachine.data.caching.enabled = false (default)
2024-07-18 11:33:25,148 [omNode-1-impl-thread1] INFO  segmented.SegmentedRaftLogWorker (SegmentedRaftLogWorker.java:lambda$new$0(135)) - omNode-1@group-0AAC5367B30E-SegmentedRaftLogWorker: flushIndex: setUnconditionally 0 -> -1
2024-07-18 11:33:25,148 [omNode-1-impl-thread1] INFO  segmented.SegmentedRaftLogWorker (SegmentedRaftLogWorker.java:lambda$new$0(135)) - omNode-1@group-0AAC5367B30E-SegmentedRaftLogWorker: safeCacheEvictIndex: setUnconditionally 0 -> -1
2024-07-18 11:33:25,149 [omNode-1-impl-thread1] INFO  server.RaftServer$Division (RaftServerImpl.java:start(389)) - omNode-1@group-0AAC5367B30E: start as a follower, conf=conf: {index: -1, cur=peers:[omNode-3|localhost:15023, omNode-1|localhost:15015, omNode-2|localhost:15019]|listeners:[], old=null}
2024-07-18 11:33:25,149 [omNode-1-impl-thread1] INFO  server.RaftServer$Division (RaftServerImpl.java:setRole(376)) - omNode-1@group-0AAC5367B30E: changes role from      null to FOLLOWER at term 0 for startAsFollower
2024-07-18 11:33:25,149 [omNode-1-impl-thread1] INFO  impl.RoleInfo (RoleInfo.java:updateAndGet(148)) - omNode-1: start omNode-1@group-0AAC5367B30E-FollowerState
2024-07-18 11:33:25,150 [omNode-1-impl-thread1] INFO  util.JmxRegister (JmxRegister.java:tryRegister(44)) - Successfully registered JMX Bean with object name Ratis:service=RaftServer,group=group-0AAC5367B30E,id=omNode-1
2024-07-18 11:33:25,150 [omNode-1-impl-thread1] INFO  util.JmxRegister (JmxRegister.java:register(58)) - register mxBean class org.apache.ratis.server.impl.RaftServerJmxAdapter as Ratis:service=RaftServer,group=group-0AAC5367B30E,id=omNode-1
2024-07-18 11:33:25,150 [omNode-1-impl-thread1] INFO  server.RaftServerConfigKeys (ConfUtils.java:logGet(46)) - raft.server.snapshot.trigger-when-stop.enabled = true (default)
2024-07-18 11:33:25,151 [omNode-1-impl-thread1] INFO  server.RaftServerConfigKeys (ConfUtils.java:logGet(46)) - raft.server.snapshot.trigger-when-remove.enabled = true (default)
2024-07-18 11:33:25,151 [omNode-1-impl-thread1] INFO  server.RaftServerConfigKeys (ConfUtils.java:logGet(46)) - raft.server.snapshot.auto.trigger.enabled = true (custom)
2024-07-18 11:33:25,151 [omNode-1-impl-thread1] INFO  server.RaftServerConfigKeys (ConfUtils.java:logGet(46)) - raft.server.snapshot.auto.trigger.threshold = 400000 (default)
2024-07-18 11:33:25,151 [omNode-1-impl-thread1] INFO  server.RaftServerConfigKeys (ConfUtils.java:logGet(46)) - raft.server.snapshot.retention.file.num = -1 (default)
2024-07-18 11:33:25,151 [omNode-1-impl-thread1] INFO  server.RaftServerConfigKeys (ConfUtils.java:logGet(46)) - raft.server.log.purge.upto.snapshot.index = true (custom)
2024-07-18 11:33:25,153 [omNode-1@group-0AAC5367B30E-FollowerState] INFO  server.RaftServerConfigKeys (ConfUtils.java:logFallback(53)) - raft.server.rpc.first-election.timeout.min = 1s (fallback to raft.server.rpc.timeout.min)
2024-07-18 11:33:25,153 [omNode-1@group-0AAC5367B30E-FollowerState] INFO  server.RaftServerConfigKeys (ConfUtils.java:logFallback(53)) - raft.server.rpc.first-election.timeout.max = 1200ms (fallback to raft.server.rpc.timeout.max)
2024-07-18 11:33:25,154 [main] INFO  server.RaftServer (RaftServerProxy.java:startImpl(408)) - omNode-1: start RPC server
2024-07-18 11:33:25,155 [main] INFO  server.GrpcService (GrpcService.java:startImpl(302)) - omNode-1: GrpcService started, listening on 15015
2024-07-18 11:33:25,155 [JvmPauseMonitor2] INFO  util.JvmPauseMonitor (JvmPauseMonitor.java:run(146)) - JvmPauseMonitor-omNode-1: Started
2024-07-18 11:33:25,156 [main] INFO  om.OzoneManager (OzoneManager.java:start(1666)) - Version File has different layout version (6) than OM DB (null). That is expected if this OM has never been finalized to a newer layout version.
2024-07-18 11:33:25,173 [main] INFO  client.ScmTopologyClient (ScmTopologyClient.java:start(72)) - Initial network topology fetched from SCM: /.
2024-07-18 11:33:25,174 [main] INFO  net.NodeSchemaLoader (NodeSchemaLoader.java:loadSchemaFromFile(129)) - Loading schema from [jar:file:/home/runner/work/ozone/ozone/hadoop-hdds/common/target/hdds-common-1.5.0-SNAPSHOT.jar!/network-topology-default.xml]
2024-07-18 11:33:25,174 [main] INFO  net.NodeSchemaLoader (NodeSchemaLoader.java:loadSchema(176)) - Loading network topology layer schema file
2024-07-18 11:33:25,195 [main] INFO  http.BaseHttpServer (BaseHttpServer.java:newHttpServer2BuilderForOzone(223)) - Starting Web-server for ozoneManager at: http://0.0.0.0:15013
2024-07-18 11:33:25,195 [main] INFO  http.BaseHttpServer (BaseHttpServer.java:<init>(110)) - Hadoop Security Enabled: false Ozone Security Enabled: false Ozone HTTP Security Enabled: false 
2024-07-18 11:33:25,197 [main] WARN  server.AuthenticationFilter (AuthenticationFilter.java:constructSecretProvider(240)) - Unable to initialize FileSignerSecretProvider, falling back to use random secrets. Reason: Could not read signature secret file: /home/runner/hadoop-http-auth-signature-secret
2024-07-18 11:33:25,199 [main] INFO  http.HttpRequestLog (HttpRequestLog.java:getRequestLog(86)) - Http request log for http.requests.ozoneManager is not defined
2024-07-18 11:33:25,200 [main] INFO  http.HttpServer2 (HttpServer2.java:addGlobalFilter(1035)) - Added global filter 'safety' (class=org.apache.hadoop.hdds.server.http.HttpServer2$QuotingInputFilter)
2024-07-18 11:33:25,201 [main] INFO  http.HttpServer2 (HttpServer2.java:addFilter(1011)) - Added filter static_user_filter (class=org.apache.hadoop.http.lib.StaticUserWebFilter$StaticUserFilter) to context ozoneManager
2024-07-18 11:33:25,202 [main] INFO  http.HttpServer2 (HttpServer2.java:addFilter(1019)) - Added filter static_user_filter (class=org.apache.hadoop.http.lib.StaticUserWebFilter$StaticUserFilter) to context static
2024-07-18 11:33:25,202 [main] INFO  http.HttpServer2 (HttpServer2.java:addFilter(1019)) - Added filter static_user_filter (class=org.apache.hadoop.http.lib.StaticUserWebFilter$StaticUserFilter) to context logs
2024-07-18 11:33:25,203 [main] INFO  http.BaseHttpServer (BaseHttpServer.java:<init>(189)) - HTTP server of ozoneManager uses base directory /home/runner/work/ozone/ozone/hadoop-ozone/integration-test/target/test-dir/MiniOzoneClusterImpl-c0b7f50e-f813-4849-95b3-646bdd98e01d/omNode-1/webserver
2024-07-18 11:33:25,205 [main] INFO  http.HttpServer2 (HttpServer2.java:bindListener(1235)) - Jetty bound to port 15013
2024-07-18 11:33:25,205 [main] INFO  server.Server (Server.java:doStart(375)) - jetty-9.4.55.v20240627; built: 2024-06-27T15:05:37.765Z; git: 70015831e5195ba74da6383c4ab7c90c56bb08af; jvm 17.0.11+9
2024-07-18 11:33:25,216 [main] INFO  server.session (DefaultSessionIdManager.java:doStart(334)) - DefaultSessionIdManager workerName=node0
2024-07-18 11:33:25,216 [main] INFO  server.session (DefaultSessionIdManager.java:doStart(339)) - No SessionScavenger set, using defaults
2024-07-18 11:33:25,217 [main] INFO  server.session (HouseKeeper.java:startScavenging(132)) - node0 Scavenging every 600000ms
2024-07-18 11:33:25,217 [main] INFO  handler.ContextHandler (ContextHandler.java:doStart(921)) - Started o.e.j.s.ServletContextHandler@6cfa6a04{logs,/logs,file:///home/runner/work/ozone/ozone/hadoop-ozone/integration-test/target/log,AVAILABLE}
2024-07-18 11:33:25,218 [main] INFO  handler.ContextHandler (ContextHandler.java:doStart(921)) - Started o.e.j.s.ServletContextHandler@2483eb07{static,/static,file:///home/runner/work/ozone/ozone/hadoop-ozone/integration-test/target/test-classes/webapps/static,AVAILABLE}
2024-07-18 11:33:25,230 [main] INFO  handler.ContextHandler (ContextHandler.java:doStart(921)) - Started o.e.j.w.WebAppContext@17f856a3{ozoneManager,/,file:///home/runner/work/ozone/ozone/hadoop-ozone/integration-test/target/test-classes/webapps/ozoneManager/,AVAILABLE}{file:/home/runner/work/ozone/ozone/hadoop-ozone/integration-test/target/test-classes/webapps/ozoneManager}
2024-07-18 11:33:25,231 [main] INFO  server.AbstractConnector (AbstractConnector.java:doStart(333)) - Started ServerConnector@7f277cf6{HTTP/1.1, (http/1.1)}{0.0.0.0:15013}
2024-07-18 11:33:25,231 [main] INFO  server.Server (Server.java:doStart(415)) - Started @18568ms
2024-07-18 11:33:25,231 [main] WARN  impl.MetricsSystemImpl (MetricsSystemImpl.java:register(279)) - Sink prometheus already exists!
2024-07-18 11:33:25,232 [main] INFO  http.BaseHttpServer (BaseHttpServer.java:updateConnectorAddress(354)) - HTTP server of ozoneManager listening at http://0.0.0.0:15013
2024-07-18 11:33:25,232 [IPC Server Responder] INFO  ipc.Server (Server.java:run(1562)) - IPC Server Responder: starting
2024-07-18 11:33:25,232 [IPC Server listener on 15012] INFO  ipc.Server (Server.java:run(1402)) - IPC Server listener on 15012: starting
2024-07-18 11:33:25,238 [main] INFO  om.OzoneManager (OzoneManager.java:startTrashEmptier(2121)) - Trash Interval set to 0. Files deleted won't move to trash
2024-07-18 11:33:25,239 [main] INFO  ozone.MiniOzoneHAClusterImpl (MiniOzoneHAClusterImpl.java:createOMService(517)) - Started OzoneManager omNode-1 RPC server at localhost/127.0.0.1:15012
2024-07-18 11:33:25,240 [main] INFO  ha.OMHANodeDetails (OMHANodeDetails.java:loadOMHAConfig(121)) - ServiceID for OzoneManager is om-add-remove
2024-07-18 11:33:25,241 [main] INFO  ha.OMHANodeDetails (OMHANodeDetails.java:loadOMHAConfig(201)) - Found matching OM address with OMServiceId: om-add-remove, OMNodeId: omNode-2, RPC Address: localhost:15016 and Ratis port: 15019
2024-07-18 11:33:25,241 [main] INFO  ha.OMHANodeDetails (ConfUtils.java:setNodeSpecificConfigs(97)) - Setting configuration key ozone.om.http-address with value of key ozone.om.http-address.om-add-remove.omNode-2: 127.0.0.1:15017
2024-07-18 11:33:25,241 [main] INFO  ha.OMHANodeDetails (ConfUtils.java:setNodeSpecificConfigs(97)) - Setting configuration key ozone.om.https-address with value of key ozone.om.https-address.om-add-remove.omNode-2: 127.0.0.1:15018
2024-07-18 11:33:25,241 [main] INFO  ha.OMHANodeDetails (ConfUtils.java:setNodeSpecificConfigs(97)) - Setting configuration key ozone.om.address with value of key ozone.om.address.om-add-remove.omNode-2: 127.0.0.1:15016
2024-07-18 11:33:25,242 [main] WARN  server.ServerUtils (ServerUtils.java:getDBPath(299)) - ozone.om.db.dirs is not configured. We recommend adding this setting. Falling back to ozone.metadata.dirs instead.
2024-07-18 11:33:25,243 [main] INFO  ha.SCMNodeInfo (SCMNodeInfo.java:getPort(197)) - ConfigKey ozone.scm.client.address is deprecated, For configuring different ports for each SCM use PortConfigKey ozone.scm.client.port appended with serviceId and nodeId
2024-07-18 11:33:25,243 [main] INFO  ha.SCMNodeInfo (SCMNodeInfo.java:getPort(197)) - ConfigKey ozone.scm.block.client.address is deprecated, For configuring different ports for each SCM use PortConfigKey ozone.scm.block.client.port appended with serviceId and nodeId
2024-07-18 11:33:25,244 [main] INFO  ha.SCMNodeInfo (SCMNodeInfo.java:getPort(197)) - ConfigKey ozone.scm.security.service.address is deprecated, For configuring different ports for each SCM use PortConfigKey ozone.scm.security.service.port appended with serviceId and nodeId
2024-07-18 11:33:25,244 [main] INFO  ha.SCMNodeInfo (SCMNodeInfo.java:getPort(197)) - ConfigKey ozone.scm.datanode.address is deprecated, For configuring different ports for each SCM use PortConfigKey ozone.scm.datanode.port appended with serviceId and nodeId
2024-07-18 11:33:25,244 [main] INFO  proxy.SCMBlockLocationFailoverProxyProvider (SCMBlockLocationFailoverProxyProvider.java:<init>(115)) - Created block location fail-over proxy with 1 nodes: [nodeId=scmNode-1,nodeAddress=/127.0.0.1:15007]
OM initialization succeeded.Current cluster id for sd=/home/runner/work/ozone/ozone/hadoop-ozone/integration-test/target/test-dir/MiniOzoneClusterImpl-c0b7f50e-f813-4849-95b3-646bdd98e01d/omNode-2/om;cid=c0b7f50e-f813-4849-95b3-646bdd98e01d;layoutVersion=6
2024-07-18 11:33:25,251 [main] INFO  ha.OMHANodeDetails (OMHANodeDetails.java:loadOMHAConfig(121)) - ServiceID for OzoneManager is om-add-remove
2024-07-18 11:33:25,252 [main] INFO  ha.OMHANodeDetails (OMHANodeDetails.java:loadOMHAConfig(201)) - Found matching OM address with OMServiceId: om-add-remove, OMNodeId: omNode-2, RPC Address: localhost:15016 and Ratis port: 15019
2024-07-18 11:33:25,252 [main] INFO  ha.OMHANodeDetails (ConfUtils.java:setNodeSpecificConfigs(97)) - Setting configuration key ozone.om.http-address with value of key ozone.om.http-address.om-add-remove.omNode-2: 127.0.0.1:15017
2024-07-18 11:33:25,253 [main] INFO  ha.OMHANodeDetails (ConfUtils.java:setNodeSpecificConfigs(97)) - Setting configuration key ozone.om.https-address with value of key ozone.om.https-address.om-add-remove.omNode-2: 127.0.0.1:15018
2024-07-18 11:33:25,253 [main] INFO  ha.OMHANodeDetails (ConfUtils.java:setNodeSpecificConfigs(97)) - Setting configuration key ozone.om.address with value of key ozone.om.address.om-add-remove.omNode-2: 127.0.0.1:15016
2024-07-18 11:33:25,253 [main] WARN  server.ServerUtils (ServerUtils.java:getDBPath(299)) - ozone.om.db.dirs is not configured. We recommend adding this setting. Falling back to ozone.metadata.dirs instead.
2024-07-18 11:33:25,254 [main] INFO  upgrade.AbstractLayoutVersionManager (AbstractLayoutVersionManager.java:init(83)) - Initializing Layout version manager with metadata layout = QUOTA (version = 6), software layout = QUOTA (version = 6)
2024-07-18 11:33:25,303 [main] INFO  reflections.Reflections (Reflections.java:scan(219)) - Reflections took 48 ms to scan 2 urls, producing 188 keys and 546 values
2024-07-18 11:33:25,305 [main] INFO  upgrade.OMLayoutVersionManager (OMLayoutVersionManager.java:lambda$0(113)) - Skipping Upgrade Action QuotaRepairUpgradeAction since it has been finalized.
2024-07-18 11:33:25,305 [main] INFO  upgrade.OMLayoutVersionManager (OMLayoutVersionManager.java:lambda$0(113)) - Skipping Upgrade Action MockOmUpgradeAction since it has been finalized.
2024-07-18 11:33:25,306 [main] WARN  server.ServerUtils (ServerUtils.java:getDBPath(299)) - ozone.om.db.dirs is not configured. We recommend adding this setting. Falling back to ozone.metadata.dirs instead.
2024-07-18 11:33:25,307 [main] INFO  ha.SCMNodeInfo (SCMNodeInfo.java:getPort(197)) - ConfigKey ozone.scm.client.address is deprecated, For configuring different ports for each SCM use PortConfigKey ozone.scm.client.port appended with serviceId and nodeId
2024-07-18 11:33:25,307 [main] INFO  ha.SCMNodeInfo (SCMNodeInfo.java:getPort(197)) - ConfigKey ozone.scm.block.client.address is deprecated, For configuring different ports for each SCM use PortConfigKey ozone.scm.block.client.port appended with serviceId and nodeId
2024-07-18 11:33:25,308 [main] INFO  ha.SCMNodeInfo (SCMNodeInfo.java:getPort(197)) - ConfigKey ozone.scm.security.service.address is deprecated, For configuring different ports for each SCM use PortConfigKey ozone.scm.security.service.port appended with serviceId and nodeId
2024-07-18 11:33:25,308 [main] INFO  ha.SCMNodeInfo (SCMNodeInfo.java:getPort(197)) - ConfigKey ozone.scm.datanode.address is deprecated, For configuring different ports for each SCM use PortConfigKey ozone.scm.datanode.port appended with serviceId and nodeId
2024-07-18 11:33:25,309 [main] INFO  ha.SCMNodeInfo (SCMNodeInfo.java:getPort(197)) - ConfigKey ozone.scm.client.address is deprecated, For configuring different ports for each SCM use PortConfigKey ozone.scm.client.port appended with serviceId and nodeId
2024-07-18 11:33:25,310 [main] INFO  ha.SCMNodeInfo (SCMNodeInfo.java:getPort(197)) - ConfigKey ozone.scm.block.client.address is deprecated, For configuring different ports for each SCM use PortConfigKey ozone.scm.block.client.port appended with serviceId and nodeId
2024-07-18 11:33:25,310 [main] INFO  ha.SCMNodeInfo (SCMNodeInfo.java:getPort(197)) - ConfigKey ozone.scm.security.service.address is deprecated, For configuring different ports for each SCM use PortConfigKey ozone.scm.security.service.port appended with serviceId and nodeId
2024-07-18 11:33:25,311 [main] INFO  ha.SCMNodeInfo (SCMNodeInfo.java:getPort(197)) - ConfigKey ozone.scm.datanode.address is deprecated, For configuring different ports for each SCM use PortConfigKey ozone.scm.datanode.port appended with serviceId and nodeId
2024-07-18 11:33:25,311 [main] INFO  proxy.SCMBlockLocationFailoverProxyProvider (SCMBlockLocationFailoverProxyProvider.java:<init>(115)) - Created block location fail-over proxy with 1 nodes: [nodeId=scmNode-1,nodeAddress=/127.0.0.1:15007]
2024-07-18 11:33:25,313 [main] INFO  ha.SCMNodeInfo (SCMNodeInfo.java:getPort(197)) - ConfigKey ozone.scm.client.address is deprecated, For configuring different ports for each SCM use PortConfigKey ozone.scm.client.port appended with serviceId and nodeId
2024-07-18 11:33:25,314 [main] INFO  ha.SCMNodeInfo (SCMNodeInfo.java:getPort(197)) - ConfigKey ozone.scm.block.client.address is deprecated, For configuring different ports for each SCM use PortConfigKey ozone.scm.block.client.port appended with serviceId and nodeId
2024-07-18 11:33:25,314 [main] INFO  ha.SCMNodeInfo (SCMNodeInfo.java:getPort(197)) - ConfigKey ozone.scm.security.service.address is deprecated, For configuring different ports for each SCM use PortConfigKey ozone.scm.security.service.port appended with serviceId and nodeId
2024-07-18 11:33:25,315 [main] INFO  ha.SCMNodeInfo (SCMNodeInfo.java:getPort(197)) - ConfigKey ozone.scm.datanode.address is deprecated, For configuring different ports for each SCM use PortConfigKey ozone.scm.datanode.port appended with serviceId and nodeId
2024-07-18 11:33:25,316 [main] INFO  proxy.SCMBlockLocationFailoverProxyProvider (SCMBlockLocationFailoverProxyProvider.java:<init>(115)) - Created block location fail-over proxy with 1 nodes: [nodeId=scmNode-1,nodeAddress=/127.0.0.1:15007]
2024-07-18 11:33:25,322 [main] INFO  om.OzoneManager (OzoneManager.java:<init>(678)) - OM start with adminUsers: [runner]
2024-07-18 11:33:25,324 [main] WARN  server.ServerUtils (ServerUtils.java:getDBPath(299)) - ozone.om.db.dirs is not configured. We recommend adding this setting. Falling back to ozone.metadata.dirs instead.
2024-07-18 11:33:25,325 [main] INFO  helpers.OmKeyInfo (OmKeyInfo.java:getCodec(72)) - OmKeyInfo.getCodec ignorePipeline = true
2024-07-18 11:33:25,512 [main] INFO  om.OzoneManager (OzoneManager.java:instantiateServices(812)) - S3 Multi-Tenancy is disabled
2024-07-18 11:33:25,512 [main] INFO  om.OmSnapshotManager (OmSnapshotManager.java:<init>(179)) - Ozone filesystem snapshot feature is enabled.
2024-07-18 11:33:25,513 [main] WARN  server.ServerUtils (ServerUtils.java:getDBPath(299)) - ozone.om.snapshot.diff.db.dir is not configured. We recommend adding this setting. Falling back to ozone.metadata.dirs instead.
2024-07-18 11:33:25,557 [main] INFO  utils.NativeLibraryLoader (NativeLibraryLoader.java:loadLibrary(111)) - Loading Library: ozone_rocksdb_tools
2024-07-18 11:33:25,558 [main] ERROR snapshot.SnapshotDiffManager (SnapshotDiffManager.java:initNativeLibraryForEfficientDiff(287)) - Native Library for raw sst file reading loading failed.
org.apache.hadoop.hdds.utils.NativeLibraryNotLoadedException: Unable to load library ozone_rocksdb_tools from both java.library.path & resource file libozone_rocksdb_tools.so from jar.
	at org.apache.hadoop.hdds.utils.db.managed.ManagedRawSSTFileReader.loadLibrary(ManagedRawSSTFileReader.java:40)
	at org.apache.hadoop.ozone.om.snapshot.SnapshotDiffManager.initNativeLibraryForEfficientDiff(SnapshotDiffManager.java:285)
	at org.apache.hadoop.ozone.om.snapshot.SnapshotDiffManager.<init>(SnapshotDiffManager.java:259)
	at org.apache.hadoop.ozone.om.OmSnapshotManager.<init>(OmSnapshotManager.java:286)
	at org.apache.hadoop.ozone.om.OzoneManager.instantiateServices(OzoneManager.java:864)
	at org.apache.hadoop.ozone.om.OzoneManager.<init>(OzoneManager.java:688)
	at org.apache.hadoop.ozone.om.OzoneManager.createOm(OzoneManager.java:775)
	at org.apache.hadoop.ozone.MiniOzoneHAClusterImpl$Builder.createOMService(MiniOzoneHAClusterImpl.java:510)
	at org.apache.hadoop.ozone.MiniOzoneHAClusterImpl$Builder.build(MiniOzoneHAClusterImpl.java:425)
	at org.apache.hadoop.ozone.om.TestAddRemoveOzoneManager.setupCluster(TestAddRemoveOzoneManager.java:100)
	at org.apache.hadoop.ozone.om.TestAddRemoveOzoneManager.testForceBootstrap(TestAddRemoveOzoneManager.java:293)
	at java.base/jdk.internal.reflect.NativeMethodAccessorImpl.invoke0(Native Method)
	at java.base/jdk.internal.reflect.NativeMethodAccessorImpl.invoke(NativeMethodAccessorImpl.java:77)
	at java.base/jdk.internal.reflect.DelegatingMethodAccessorImpl.invoke(DelegatingMethodAccessorImpl.java:43)
	at java.base/java.lang.reflect.Method.invoke(Method.java:568)
	at org.junit.platform.commons.util.ReflectionUtils.invokeMethod(ReflectionUtils.java:728)
	at org.junit.jupiter.engine.execution.MethodInvocation.proceed(MethodInvocation.java:60)
	at org.junit.jupiter.engine.execution.InvocationInterceptorChain$ValidatingInvocation.proceed(InvocationInterceptorChain.java:131)
	at org.junit.jupiter.engine.extension.SameThreadTimeoutInvocation.proceed(SameThreadTimeoutInvocation.java:45)
	at org.junit.jupiter.engine.extension.TimeoutExtension.intercept(TimeoutExtension.java:156)
	at org.junit.jupiter.engine.extension.TimeoutExtension.interceptTestableMethod(TimeoutExtension.java:147)
	at org.junit.jupiter.engine.extension.TimeoutExtension.interceptTestMethod(TimeoutExtension.java:86)
	at org.junit.jupiter.engine.execution.InterceptingExecutableInvoker$ReflectiveInterceptorCall.lambda$ofVoidMethod$0(InterceptingExecutableInvoker.java:103)
	at org.junit.jupiter.engine.execution.InterceptingExecutableInvoker.lambda$invoke$0(InterceptingExecutableInvoker.java:93)
	at org.junit.jupiter.engine.execution.InvocationInterceptorChain$InterceptedInvocation.proceed(InvocationInterceptorChain.java:106)
	at org.junit.jupiter.engine.execution.InvocationInterceptorChain.proceed(InvocationInterceptorChain.java:64)
	at org.junit.jupiter.engine.execution.InvocationInterceptorChain.chainAndInvoke(InvocationInterceptorChain.java:45)
	at org.junit.jupiter.engine.execution.InvocationInterceptorChain.invoke(InvocationInterceptorChain.java:37)
	at org.junit.jupiter.engine.execution.InterceptingExecutableInvoker.invoke(InterceptingExecutableInvoker.java:92)
	at org.junit.jupiter.engine.execution.InterceptingExecutableInvoker.invoke(InterceptingExecutableInvoker.java:86)
	at org.junit.jupiter.engine.descriptor.TestMethodTestDescriptor.lambda$invokeTestMethod$7(TestMethodTestDescriptor.java:218)
	at org.junit.platform.engine.support.hierarchical.ThrowableCollector.execute(ThrowableCollector.java:73)
	at org.junit.jupiter.engine.descriptor.TestMethodTestDescriptor.invokeTestMethod(TestMethodTestDescriptor.java:214)
	at org.junit.jupiter.engine.descriptor.TestMethodTestDescriptor.execute(TestMethodTestDescriptor.java:139)
	at org.junit.jupiter.engine.descriptor.TestMethodTestDescriptor.execute(TestMethodTestDescriptor.java:69)
	at org.junit.platform.engine.support.hierarchical.NodeTestTask.lambda$executeRecursively$6(NodeTestTask.java:151)
	at org.junit.platform.engine.support.hierarchical.ThrowableCollector.execute(ThrowableCollector.java:73)
	at org.junit.platform.engine.support.hierarchical.NodeTestTask.lambda$executeRecursively$8(NodeTestTask.java:141)
	at org.junit.platform.engine.support.hierarchical.Node.around(Node.java:137)
	at org.junit.platform.engine.support.hierarchical.NodeTestTask.lambda$executeRecursively$9(NodeTestTask.java:139)
	at org.junit.platform.engine.support.hierarchical.ThrowableCollector.execute(ThrowableCollector.java:73)
	at org.junit.platform.engine.support.hierarchical.NodeTestTask.executeRecursively(NodeTestTask.java:138)
	at org.junit.platform.engine.support.hierarchical.NodeTestTask.execute(NodeTestTask.java:95)
	at java.base/java.util.ArrayList.forEach(ArrayList.java:1511)
	at org.junit.platform.engine.support.hierarchical.SameThreadHierarchicalTestExecutorService.invokeAll(SameThreadHierarchicalTestExecutorService.java:41)
	at org.junit.platform.engine.support.hierarchical.NodeTestTask.lambda$executeRecursively$6(NodeTestTask.java:155)
	at org.junit.platform.engine.support.hierarchical.ThrowableCollector.execute(ThrowableCollector.java:73)
	at org.junit.platform.engine.support.hierarchical.NodeTestTask.lambda$executeRecursively$8(NodeTestTask.java:141)
	at org.junit.platform.engine.support.hierarchical.Node.around(Node.java:137)
	at org.junit.platform.engine.support.hierarchical.NodeTestTask.lambda$executeRecursively$9(NodeTestTask.java:139)
	at org.junit.platform.engine.support.hierarchical.ThrowableCollector.execute(ThrowableCollector.java:73)
	at org.junit.platform.engine.support.hierarchical.NodeTestTask.executeRecursively(NodeTestTask.java:138)
	at org.junit.platform.engine.support.hierarchical.NodeTestTask.execute(NodeTestTask.java:95)
	at java.base/java.util.ArrayList.forEach(ArrayList.java:1511)
	at org.junit.platform.engine.support.hierarchical.SameThreadHierarchicalTestExecutorService.invokeAll(SameThreadHierarchicalTestExecutorService.java:41)
	at org.junit.platform.engine.support.hierarchical.NodeTestTask.lambda$executeRecursively$6(NodeTestTask.java:155)
	at org.junit.platform.engine.support.hierarchical.ThrowableCollector.execute(ThrowableCollector.java:73)
	at org.junit.platform.engine.support.hierarchical.NodeTestTask.lambda$executeRecursively$8(NodeTestTask.java:141)
	at org.junit.platform.engine.support.hierarchical.Node.around(Node.java:137)
	at org.junit.platform.engine.support.hierarchical.NodeTestTask.lambda$executeRecursively$9(NodeTestTask.java:139)
	at org.junit.platform.engine.support.hierarchical.ThrowableCollector.execute(ThrowableCollector.java:73)
	at org.junit.platform.engine.support.hierarchical.NodeTestTask.executeRecursively(NodeTestTask.java:138)
	at org.junit.platform.engine.support.hierarchical.NodeTestTask.execute(NodeTestTask.java:95)
	at org.junit.platform.engine.support.hierarchical.SameThreadHierarchicalTestExecutorService.submit(SameThreadHierarchicalTestExecutorService.java:35)
	at org.junit.platform.engine.support.hierarchical.HierarchicalTestExecutor.execute(HierarchicalTestExecutor.java:57)
	at org.junit.platform.engine.support.hierarchical.HierarchicalTestEngine.execute(HierarchicalTestEngine.java:54)
	at org.junit.platform.launcher.core.EngineExecutionOrchestrator.execute(EngineExecutionOrchestrator.java:198)
	at org.junit.platform.launcher.core.EngineExecutionOrchestrator.execute(EngineExecutionOrchestrator.java:169)
	at org.junit.platform.launcher.core.EngineExecutionOrchestrator.execute(EngineExecutionOrchestrator.java:93)
	at org.junit.platform.launcher.core.EngineExecutionOrchestrator.lambda$execute$0(EngineExecutionOrchestrator.java:58)
	at org.junit.platform.launcher.core.EngineExecutionOrchestrator.withInterceptedStreams(EngineExecutionOrchestrator.java:141)
	at org.junit.platform.launcher.core.EngineExecutionOrchestrator.execute(EngineExecutionOrchestrator.java:57)
	at org.junit.platform.launcher.core.DefaultLauncher.execute(DefaultLauncher.java:103)
	at org.junit.platform.launcher.core.DefaultLauncher.execute(DefaultLauncher.java:85)
	at org.junit.platform.launcher.core.DelegatingLauncher.execute(DelegatingLauncher.java:47)
	at org.junit.platform.launcher.core.SessionPerRequestLauncher.execute(SessionPerRequestLauncher.java:63)
	at org.apache.maven.surefire.junitplatform.JUnitPlatformProvider.invokeAllTests(JUnitPlatformProvider.java:154)
	at org.apache.maven.surefire.junitplatform.JUnitPlatformProvider.invoke(JUnitPlatformProvider.java:123)
	at org.apache.maven.surefire.booter.ForkedBooter.runSuitesInProcess(ForkedBooter.java:377)
	at org.apache.maven.surefire.booter.ForkedBooter.execute(ForkedBooter.java:138)
	at org.apache.maven.surefire.booter.ForkedBooter.run(ForkedBooter.java:465)
	at org.apache.maven.surefire.booter.ForkedBooter.main(ForkedBooter.java:451)
2024-07-18 11:33:25,563 [main] INFO  om.OzoneManager (OzoneManager.java:addS3GVolumeToDB(4463)) - Created Volume s3v With Owner runner required for S3Gateway operations.
2024-07-18 11:33:25,563 [main] WARN  server.ServerUtils (ServerUtils.java:getDefaultRatisDirectory(311)) - Storage directory for Ratis is not configured. It is a good idea to map this to an SSD disk. Falling back to ozone.metadata.dirs
2024-07-18 11:33:25,572 [main] WARN  utils.OzoneManagerRatisUtils (OzoneManagerRatisUtils.java:getOMRatisSnapshotDirectory(476)) - ozone.om.ratis.snapshot.dir is not configured. Falling back to ozone.metadata.dirs config
2024-07-18 11:33:25,573 [main] INFO  utils.RDBSnapshotProvider (RDBSnapshotProvider.java:init(87)) - Cleaning up the candidate dir: /home/runner/work/ozone/ozone/hadoop-ozone/integration-test/target/test-dir/MiniOzoneClusterImpl-c0b7f50e-f813-4849-95b3-646bdd98e01d/omNode-2/snapshot/om.db.candidate
2024-07-18 11:33:25,575 [main] INFO  ratis_snapshot.OmRatisSnapshotProvider (OmRatisSnapshotProvider.java:<init>(99)) - Initializing OM Snapshot Provider
2024-07-18 11:33:25,577 [main] WARN  dropwizard3.Dm3MetricRegistriesImpl (Dm3MetricRegistriesImpl.java:addReporterRegistration(114)) - New reporters are added after registries were created. Some metrics will be missing from the reporter. Please add reporter before adding any new registry.
2024-07-18 11:33:25,578 [main] WARN  dropwizard3.Dm3MetricRegistriesImpl (Dm3MetricRegistriesImpl.java:addReporterRegistration(114)) - New reporters are added after registries were created. Some metrics will be missing from the reporter. Please add reporter before adding any new registry.
2024-07-18 11:33:25,578 [main] WARN  server.ServerUtils (ServerUtils.java:getDefaultRatisDirectory(311)) - Storage directory for Ratis is not configured. It is a good idea to map this to an SSD disk. Falling back to ozone.metadata.dirs
2024-07-18 11:33:25,580 [main] INFO  ratis.OzoneManagerRatisServer (OzoneManagerRatisServer.java:<init>(168)) - Instantiating OM Ratis server with groupID: om-add-remove and peers: localhost:15019, localhost:15023, localhost:15015
2024-07-18 11:33:25,581 [main] INFO  ratis.OzoneManagerStateMachine (OzoneManagerStateMachine.java:loadSnapshotInfoFromDB(593)) - TransactionInfo not found in OM DB.
2024-07-18 11:33:25,582 [main] INFO  server.RaftServer (ConfUtils.java:logGet(46)) - raft.rpc.type = GRPC (default)
2024-07-18 11:33:25,583 [main] INFO  grpc.GrpcConfigKeys (ConfUtils.java:logFallback(53)) - raft.grpc.admin.host = null (fallback to raft.grpc.server.host)
2024-07-18 11:33:25,583 [main] INFO  grpc.GrpcConfigKeys (ConfUtils.java:logFallback(53)) - raft.grpc.admin.port = 15019 (fallback to raft.grpc.server.port)
2024-07-18 11:33:25,583 [main] INFO  grpc.GrpcConfigKeys (ConfUtils.java:logFallback(53)) - raft.grpc.client.host = null (fallback to raft.grpc.server.host)
2024-07-18 11:33:25,583 [main] INFO  grpc.GrpcConfigKeys (ConfUtils.java:logFallback(53)) - raft.grpc.client.port = 15019 (fallback to raft.grpc.server.port)
2024-07-18 11:33:25,583 [main] INFO  grpc.GrpcConfigKeys (ConfUtils.java:logGet(46)) - raft.grpc.server.host = null (default)
2024-07-18 11:33:25,583 [main] INFO  grpc.GrpcConfigKeys (ConfUtils.java:logGet(46)) - raft.grpc.server.port = 15019 (custom)
2024-07-18 11:33:25,583 [main] INFO  server.GrpcService (ConfUtils.java:logGet(46)) - raft.grpc.message.size.max = 4194304 (custom)
2024-07-18 11:33:25,584 [main] INFO  server.RaftServerConfigKeys (ConfUtils.java:logGet(46)) - raft.server.log.appender.buffer.byte-limit = 4194304 (custom)
2024-07-18 11:33:25,584 [main] INFO  server.GrpcService (ConfUtils.java:logGet(46)) - raft.grpc.flow.control.window = 1MB (=1048576) (default)
2024-07-18 11:33:25,584 [main] INFO  server.RaftServerConfigKeys (ConfUtils.java:logGet(46)) - raft.server.rpc.request.timeout = 3000ms (default)
2024-07-18 11:33:25,584 [main] INFO  grpc.GrpcConfigKeys (ConfUtils.java:logGet(46)) - raft.grpc.server.heartbeat.channel = true (default)
2024-07-18 11:33:25,584 [main] INFO  grpc.GrpcConfigKeys (ConfUtils.java:logGet(46)) - raft.grpc.server.async.request.thread.pool.cached = true (default)
2024-07-18 11:33:25,584 [main] INFO  grpc.GrpcConfigKeys (ConfUtils.java:logGet(46)) - raft.grpc.server.async.request.thread.pool.size = 32 (default)
2024-07-18 11:33:25,585 [main] INFO  impl.DataStreamServerImpl (ConfUtils.java:logGet(46)) - raft.datastream.type = DISABLED (default)
2024-07-18 11:33:25,585 [main] INFO  server.RaftServerConfigKeys (ConfUtils.java:logGet(46)) - raft.server.sleep.deviation.threshold = 300ms (default)
2024-07-18 11:33:25,585 [main] INFO  server.RaftServerConfigKeys (ConfUtils.java:logGet(46)) - raft.server.close.threshold = 60s (default)
2024-07-18 11:33:25,586 [main] INFO  server.RaftServerConfigKeys (ConfUtils.java:logGet(46)) - raft.server.leaderelection.leader.step-down.wait-time = 10s (default)
2024-07-18 11:33:25,588 [main] INFO  server.RaftServerConfigKeys (ConfUtils.java:logGet(46)) - raft.server.storage.dir = [/home/runner/work/ozone/ozone/hadoop-ozone/integration-test/target/test-dir/MiniOzoneClusterImpl-c0b7f50e-f813-4849-95b3-646bdd98e01d/omNode-2/ratis] (custom)
2024-07-18 11:33:25,588 [main] INFO  server.RaftServerConfigKeys (ConfUtils.java:logGet(46)) - raft.server.threadpool.proxy.cached = true (default)
2024-07-18 11:33:25,588 [main] INFO  server.RaftServerConfigKeys (ConfUtils.java:logGet(46)) - raft.server.threadpool.proxy.size = 0 (default)
2024-07-18 11:33:25,589 [main] INFO  server.RaftServer (RaftServerProxy.java:addNew(101)) - omNode-2: addNew group-0AAC5367B30E:[omNode-3|localhost:15023, omNode-1|localhost:15015, omNode-2|localhost:15019] returns group-0AAC5367B30E:java.util.concurrent.CompletableFuture@7fe5dd5c[Not completed]
2024-07-18 11:33:25,589 [main] INFO  om.OzoneManager (OzoneManager.java:initializeRatisServer(2168)) - OzoneManager Ratis server initialized at port 15019
2024-07-18 11:33:25,589 [main] INFO  om.OzoneManager (OzoneManager.java:getRpcServer(1228)) - Creating RPC Server
2024-07-18 11:33:25,589 [omNode-2-groupManagement] INFO  server.RaftServer$Division (RaftServerImpl.java:<init>(253)) - omNode-2: new RaftServerImpl for group-0AAC5367B30E:[omNode-3|localhost:15023, omNode-1|localhost:15015, omNode-2|localhost:15019] with OzoneManagerStateMachine:uninitialized
2024-07-18 11:33:25,590 [omNode-2-groupManagement] INFO  server.RaftServerConfigKeys (ConfUtils.java:logGet(46)) - raft.server.rpc.timeout.min = 1s (custom)
2024-07-18 11:33:25,590 [omNode-2-groupManagement] INFO  server.RaftServerConfigKeys (ConfUtils.java:logGet(46)) - raft.server.rpc.timeout.max = 1200ms (custom)
2024-07-18 11:33:25,590 [omNode-2-groupManagement] INFO  server.RaftServerConfigKeys (ConfUtils.java:logGet(46)) - raft.server.rpc.sleep.time = 25ms (default)
2024-07-18 11:33:25,590 [omNode-2-groupManagement] INFO  server.RaftServerConfigKeys (ConfUtils.java:logGet(46)) - raft.server.rpc.slowness.timeout = 2s (custom)
2024-07-18 11:33:25,590 [omNode-2-groupManagement] INFO  server.RaftServerConfigKeys (ConfUtils.java:logGet(46)) - raft.server.leaderelection.leader.step-down.wait-time = 10s (default)
2024-07-18 11:33:25,601 [omNode-2-groupManagement] INFO  server.RaftServerConfigKeys (ConfUtils.java:logGet(46)) - raft.server.leaderelection.member.majority-add = false (default)
2024-07-18 11:33:25,601 [omNode-2-groupManagement] INFO  server.RaftServerConfigKeys (ConfUtils.java:logGet(46)) - raft.server.sleep.deviation.threshold = 300ms (default)
2024-07-18 11:33:25,602 [omNode-2-groupManagement] INFO  server.RaftServer$Division (ServerState.java:<init>(114)) - omNode-2@group-0AAC5367B30E: ConfigurationManager, init=conf: {index: -1, cur=peers:[omNode-3|localhost:15023, omNode-1|localhost:15015, omNode-2|localhost:15019]|listeners:[], old=null}, confs=<EMPTY_MAP>
2024-07-18 11:33:25,602 [omNode-2-groupManagement] INFO  server.RaftServerConfigKeys (ConfUtils.java:logGet(46)) - raft.server.notification.no-leader.timeout = 2s (custom)
2024-07-18 11:33:25,602 [omNode-2-groupManagement] INFO  server.RaftServerConfigKeys (ConfUtils.java:logGet(46)) - raft.server.read.timeout = 10s (default)
2024-07-18 11:33:25,603 [omNode-2-groupManagement] INFO  server.RaftServerConfigKeys (ConfUtils.java:logGet(46)) - raft.server.retrycache.expirytime = 300s (custom)
2024-07-18 11:33:25,606 [omNode-2-groupManagement] INFO  server.RaftServerConfigKeys (ConfUtils.java:logGet(46)) - raft.server.retrycache.statistics.expirytime = 100ms (default)
2024-07-18 11:33:25,607 [omNode-2-groupManagement] INFO  server.RaftServerConfigKeys (ConfUtils.java:logGet(46)) - raft.server.read.option = DEFAULT (default)
2024-07-18 11:33:25,607 [omNode-2-groupManagement] INFO  server.RaftServerConfigKeys (ConfUtils.java:logGet(46)) - raft.server.read.read-after-write-consistent.write-index-cache.expiry-time = 60s (default)
2024-07-18 11:33:25,629 [omNode-2-groupManagement] INFO  server.RaftServerConfigKeys (ConfUtils.java:logGet(46)) - raft.server.rpc.request.timeout = 3000ms (default)
2024-07-18 11:33:25,630 [omNode-2-groupManagement] INFO  server.RaftServerConfigKeys (ConfUtils.java:logGet(46)) - raft.server.log.appender.install.snapshot.enabled = false (custom)
2024-07-18 11:33:25,630 [omNode-2-groupManagement] INFO  server.RaftServerConfigKeys (ConfUtils.java:logGet(46)) - raft.server.threadpool.server.cached = true (default)
2024-07-18 11:33:25,630 [omNode-2-groupManagement] INFO  server.RaftServerConfigKeys (ConfUtils.java:logGet(46)) - raft.server.threadpool.server.size = 0 (default)
2024-07-18 11:33:25,630 [omNode-2-groupManagement] INFO  server.RaftServerConfigKeys (ConfUtils.java:logGet(46)) - raft.server.threadpool.client.cached = true (default)
2024-07-18 11:33:25,630 [omNode-2-groupManagement] INFO  server.RaftServerConfigKeys (ConfUtils.java:logGet(46)) - raft.server.threadpool.client.size = 0 (default)
2024-07-18 11:33:25,952 [main] INFO  reflections.Reflections (Reflections.java:scan(219)) - Reflections took 362 ms to scan 20 urls, producing 59 keys and 6638 values
2024-07-18 11:33:25,954 [main] INFO  ipc.CallQueueManager (CallQueueManager.java:<init>(90)) - Using callQueue: class java.util.concurrent.LinkedBlockingQueue, queueCapacity: 2000, scheduler: class org.apache.hadoop.ipc.DefaultRpcScheduler, ipcBackoff: false.
2024-07-18 11:33:25,955 [main] INFO  ipc.Server (Server.java:<init>(1287)) - Listener at 127.0.0.1:15016
2024-07-18 11:33:25,956 [Socket Reader #1 for port 15016] INFO  ipc.Server (Server.java:run(1323)) - Starting Socket Reader #1 for port 15016
2024-07-18 11:33:25,978 [main] INFO  impl.MetricsSystemImpl (MetricsSystemImpl.java:init(158)) - OzoneManager metrics system started (again)
2024-07-18 11:33:25,987 [main] INFO  om.OzoneManager (OzoneManager.java:start(1650)) - OzoneManager RPC server is listening at localhost/127.0.0.1:15016
2024-07-18 11:33:25,987 [main] INFO  ratis.OzoneManagerRatisServer (OzoneManagerRatisServer.java:start(594)) - Starting OzoneManagerRatisServer omNode-2 at port 15019
2024-07-18 11:33:25,987 [omNode-2-impl-thread1] INFO  server.RaftServerConfigKeys (ConfUtils.java:logGet(46)) - raft.server.storage.free-space.min = 0MB (=0) (default)
2024-07-18 11:33:25,988 [omNode-2-impl-thread1] INFO  server.RaftServerConfigKeys (ConfUtils.java:logGet(46)) - raft.server.log.corruption.policy = EXCEPTION (default)
2024-07-18 11:33:25,988 [omNode-2-impl-thread1] INFO  server.RaftServerConfigKeys (ConfUtils.java:logGet(46)) - raft.server.storage.dir = [/home/runner/work/ozone/ozone/hadoop-ozone/integration-test/target/test-dir/MiniOzoneClusterImpl-c0b7f50e-f813-4849-95b3-646bdd98e01d/omNode-2/ratis] (custom)
2024-07-18 11:33:25,988 [omNode-2-impl-thread1] INFO  storage.RaftStorageDirectory (RaftStorageDirectoryImpl.java:analyzeStorage(138)) - The storage directory /home/runner/work/ozone/ozone/hadoop-ozone/integration-test/target/test-dir/MiniOzoneClusterImpl-c0b7f50e-f813-4849-95b3-646bdd98e01d/omNode-2/ratis/0718e334-ffa1-36bc-8e9a-0aac5367b30e does not exist. Creating ...
2024-07-18 11:33:25,989 [omNode-2-impl-thread1] INFO  storage.RaftStorageDirectory (RaftStorageDirectoryImpl.java:tryLock(229)) - Lock on /home/runner/work/ozone/ozone/hadoop-ozone/integration-test/target/test-dir/MiniOzoneClusterImpl-c0b7f50e-f813-4849-95b3-646bdd98e01d/omNode-2/ratis/0718e334-ffa1-36bc-8e9a-0aac5367b30e/in_use.lock acquired by nodename 107590@fv-az1113-538
2024-07-18 11:33:25,990 [omNode-2-impl-thread1] INFO  storage.RaftStorage (RaftStorageImpl.java:format(98)) - Storage directory /home/runner/work/ozone/ozone/hadoop-ozone/integration-test/target/test-dir/MiniOzoneClusterImpl-c0b7f50e-f813-4849-95b3-646bdd98e01d/omNode-2/ratis/0718e334-ffa1-36bc-8e9a-0aac5367b30e has been successfully formatted.
2024-07-18 11:33:25,991 [omNode-2-impl-thread1] INFO  server.RaftServerConfigKeys (ConfUtils.java:logGet(46)) - raft.server.log.use.memory = false (default)
2024-07-18 11:33:25,991 [omNode-2-impl-thread1] INFO  server.RaftServerConfigKeys (ConfUtils.java:logGet(46)) - raft.server.log.purge.gap = 1000000 (custom)
2024-07-18 11:33:25,991 [omNode-2-impl-thread1] INFO  server.RaftServerConfigKeys (ConfUtils.java:logGet(46)) - raft.server.log.appender.buffer.byte-limit = 4194304 (custom)
2024-07-18 11:33:25,991 [omNode-2-impl-thread1] INFO  server.RaftServerConfigKeys (ConfUtils.java:logGet(46)) - raft.server.log.statemachine.data.read.timeout = 1000ms (default)
2024-07-18 11:33:25,991 [omNode-2-impl-thread1] INFO  server.RaftServerConfigKeys (ConfUtils.java:logGet(46)) - raft.server.log.purge.preservation.log.num = 0 (default)
2024-07-18 11:33:25,994 [omNode-2-impl-thread1] INFO  server.RaftServerConfigKeys (ConfUtils.java:logGet(46)) - raft.server.log.segment.size.max = 4194304 (custom)
2024-07-18 11:33:25,994 [omNode-2-impl-thread1] INFO  server.RaftServerConfigKeys (ConfUtils.java:logGet(46)) - raft.server.log.segment.cache.num.max = 2 (custom)
2024-07-18 11:33:25,994 [omNode-2-impl-thread1] INFO  server.RaftServerConfigKeys (ConfUtils.java:logGet(46)) - raft.server.log.segment.cache.size.max = 200MB (=209715200) (default)
2024-07-18 11:33:25,994 [omNode-2-impl-thread1] INFO  server.RaftServerConfigKeys (ConfUtils.java:logGet(46)) - raft.server.log.appender.buffer.byte-limit = 4194304 (custom)
2024-07-18 11:33:25,995 [omNode-2-impl-thread1] INFO  util.AwaitToRun (AwaitToRun.java:start(81)) - Thread[omNode-2@group-0AAC5367B30E-cacheEviction-AwaitToRun,5,main] started
2024-07-18 11:33:25,995 [omNode-2-impl-thread1] INFO  segmented.SegmentedRaftLogWorker (SegmentedRaftLogWorker.java:<init>(184)) - new omNode-2@group-0AAC5367B30E-SegmentedRaftLogWorker for RaftStorageImpl:Storage Directory /home/runner/work/ozone/ozone/hadoop-ozone/integration-test/target/test-dir/MiniOzoneClusterImpl-c0b7f50e-f813-4849-95b3-646bdd98e01d/omNode-2/ratis/0718e334-ffa1-36bc-8e9a-0aac5367b30e
2024-07-18 11:33:25,995 [omNode-2-impl-thread1] INFO  server.RaftServerConfigKeys (ConfUtils.java:logGet(46)) - raft.server.log.queue.byte-limit = 64MB (=67108864) (default)
2024-07-18 11:33:25,995 [omNode-2-impl-thread1] INFO  server.RaftServerConfigKeys (ConfUtils.java:logGet(46)) - raft.server.log.queue.element-limit = 4096 (default)
2024-07-18 11:33:25,995 [omNode-2-impl-thread1] INFO  server.RaftServerConfigKeys (ConfUtils.java:logGet(46)) - raft.server.log.segment.size.max = 4194304 (custom)
2024-07-18 11:33:25,995 [omNode-2-impl-thread1] INFO  server.RaftServerConfigKeys (ConfUtils.java:logGet(46)) - raft.server.log.preallocated.size = 4194304 (custom)
2024-07-18 11:33:25,995 [omNode-2-impl-thread1] INFO  server.RaftServerConfigKeys (ConfUtils.java:logGet(46)) - raft.server.log.force.sync.num = 128 (default)
2024-07-18 11:33:25,995 [omNode-2-impl-thread1] INFO  server.RaftServerConfigKeys (ConfUtils.java:logGet(46)) - raft.server.log.statemachine.data.sync = true (default)
2024-07-18 11:33:25,995 [omNode-2-impl-thread1] INFO  server.RaftServerConfigKeys (ConfUtils.java:logGet(46)) - raft.server.log.statemachine.data.sync.timeout = 10s (default)
2024-07-18 11:33:25,996 [omNode-2-impl-thread1] INFO  server.RaftServerConfigKeys (ConfUtils.java:logGet(46)) - raft.server.log.statemachine.data.sync.timeout.retry = -1 (default)
2024-07-18 11:33:25,996 [omNode-2-impl-thread1] INFO  server.RaftServerConfigKeys (ConfUtils.java:logGet(46)) - raft.server.log.write.buffer.size = 4194312 (custom)
2024-07-18 11:33:25,997 [omNode-2-impl-thread1] INFO  server.RaftServerConfigKeys (ConfUtils.java:logGet(46)) - raft.server.log.appender.buffer.byte-limit = 4194304 (custom)
2024-07-18 11:33:25,997 [omNode-2-impl-thread1] INFO  server.RaftServerConfigKeys (ConfUtils.java:logGet(46)) - raft.server.log.unsafe-flush.enabled = false (default)
2024-07-18 11:33:25,997 [omNode-2-impl-thread1] INFO  server.RaftServerConfigKeys (ConfUtils.java:logGet(46)) - raft.server.log.async-flush.enabled = false (default)
2024-07-18 11:33:25,997 [omNode-2-impl-thread1] INFO  server.RaftServerConfigKeys (ConfUtils.java:logGet(46)) - raft.server.log.statemachine.data.caching.enabled = false (default)
2024-07-18 11:33:25,997 [omNode-2-impl-thread1] INFO  segmented.SegmentedRaftLogWorker (SegmentedRaftLogWorker.java:lambda$new$0(135)) - omNode-2@group-0AAC5367B30E-SegmentedRaftLogWorker: flushIndex: setUnconditionally 0 -> -1
2024-07-18 11:33:25,997 [omNode-2-impl-thread1] INFO  segmented.SegmentedRaftLogWorker (SegmentedRaftLogWorker.java:lambda$new$0(135)) - omNode-2@group-0AAC5367B30E-SegmentedRaftLogWorker: safeCacheEvictIndex: setUnconditionally 0 -> -1
2024-07-18 11:33:26,001 [omNode-2-impl-thread1] INFO  server.RaftServer$Division (RaftServerImpl.java:start(389)) - omNode-2@group-0AAC5367B30E: start as a follower, conf=conf: {index: -1, cur=peers:[omNode-3|localhost:15023, omNode-1|localhost:15015, omNode-2|localhost:15019]|listeners:[], old=null}
2024-07-18 11:33:26,001 [omNode-2-impl-thread1] INFO  server.RaftServer$Division (RaftServerImpl.java:setRole(376)) - omNode-2@group-0AAC5367B30E: changes role from      null to FOLLOWER at term 0 for startAsFollower
2024-07-18 11:33:26,001 [omNode-2-impl-thread1] INFO  impl.RoleInfo (RoleInfo.java:updateAndGet(148)) - omNode-2: start omNode-2@group-0AAC5367B30E-FollowerState
2024-07-18 11:33:26,002 [omNode-2-impl-thread1] INFO  util.JmxRegister (JmxRegister.java:tryRegister(44)) - Successfully registered JMX Bean with object name Ratis:service=RaftServer,group=group-0AAC5367B30E,id=omNode-2
2024-07-18 11:33:26,002 [omNode-2-impl-thread1] INFO  util.JmxRegister (JmxRegister.java:register(58)) - register mxBean class org.apache.ratis.server.impl.RaftServerJmxAdapter as Ratis:service=RaftServer,group=group-0AAC5367B30E,id=omNode-2
2024-07-18 11:33:26,002 [omNode-2-impl-thread1] INFO  server.RaftServerConfigKeys (ConfUtils.java:logGet(46)) - raft.server.snapshot.trigger-when-stop.enabled = true (default)
2024-07-18 11:33:26,002 [omNode-2-impl-thread1] INFO  server.RaftServerConfigKeys (ConfUtils.java:logGet(46)) - raft.server.snapshot.trigger-when-remove.enabled = true (default)
2024-07-18 11:33:26,002 [omNode-2-impl-thread1] INFO  server.RaftServerConfigKeys (ConfUtils.java:logGet(46)) - raft.server.snapshot.auto.trigger.enabled = true (custom)
2024-07-18 11:33:26,002 [omNode-2-impl-thread1] INFO  server.RaftServerConfigKeys (ConfUtils.java:logGet(46)) - raft.server.snapshot.auto.trigger.threshold = 400000 (default)
2024-07-18 11:33:26,002 [omNode-2-impl-thread1] INFO  server.RaftServerConfigKeys (ConfUtils.java:logGet(46)) - raft.server.snapshot.retention.file.num = -1 (default)
2024-07-18 11:33:26,002 [omNode-2-impl-thread1] INFO  server.RaftServerConfigKeys (ConfUtils.java:logGet(46)) - raft.server.log.purge.upto.snapshot.index = true (custom)
2024-07-18 11:33:26,002 [omNode-2@group-0AAC5367B30E-FollowerState] INFO  server.RaftServerConfigKeys (ConfUtils.java:logFallback(53)) - raft.server.rpc.first-election.timeout.min = 1s (fallback to raft.server.rpc.timeout.min)
2024-07-18 11:33:26,003 [omNode-2@group-0AAC5367B30E-FollowerState] INFO  server.RaftServerConfigKeys (ConfUtils.java:logFallback(53)) - raft.server.rpc.first-election.timeout.max = 1200ms (fallback to raft.server.rpc.timeout.max)
2024-07-18 11:33:26,005 [main] INFO  server.RaftServer (RaftServerProxy.java:startImpl(408)) - omNode-2: start RPC server
2024-07-18 11:33:26,005 [main] INFO  server.GrpcService (GrpcService.java:startImpl(302)) - omNode-2: GrpcService started, listening on 15019
2024-07-18 11:33:26,006 [JvmPauseMonitor3] INFO  util.JvmPauseMonitor (JvmPauseMonitor.java:run(146)) - JvmPauseMonitor-omNode-2: Started
2024-07-18 11:33:26,006 [main] INFO  om.OzoneManager (OzoneManager.java:start(1666)) - Version File has different layout version (6) than OM DB (null). That is expected if this OM has never been finalized to a newer layout version.
2024-07-18 11:33:26,010 [main] INFO  client.ScmTopologyClient (ScmTopologyClient.java:start(72)) - Initial network topology fetched from SCM: /.
2024-07-18 11:33:26,010 [main] INFO  net.NodeSchemaLoader (NodeSchemaLoader.java:loadSchemaFromFile(129)) - Loading schema from [jar:file:/home/runner/work/ozone/ozone/hadoop-hdds/common/target/hdds-common-1.5.0-SNAPSHOT.jar!/network-topology-default.xml]
2024-07-18 11:33:26,010 [main] INFO  net.NodeSchemaLoader (NodeSchemaLoader.java:loadSchema(176)) - Loading network topology layer schema file
2024-07-18 11:33:26,022 [main] INFO  http.BaseHttpServer (BaseHttpServer.java:newHttpServer2BuilderForOzone(223)) - Starting Web-server for ozoneManager at: http://0.0.0.0:15017
2024-07-18 11:33:26,022 [main] INFO  http.BaseHttpServer (BaseHttpServer.java:<init>(110)) - Hadoop Security Enabled: false Ozone Security Enabled: false Ozone HTTP Security Enabled: false 
2024-07-18 11:33:26,024 [main] WARN  server.AuthenticationFilter (AuthenticationFilter.java:constructSecretProvider(240)) - Unable to initialize FileSignerSecretProvider, falling back to use random secrets. Reason: Could not read signature secret file: /home/runner/hadoop-http-auth-signature-secret
2024-07-18 11:33:26,025 [main] INFO  http.HttpRequestLog (HttpRequestLog.java:getRequestLog(86)) - Http request log for http.requests.ozoneManager is not defined
2024-07-18 11:33:26,026 [main] INFO  http.HttpServer2 (HttpServer2.java:addGlobalFilter(1035)) - Added global filter 'safety' (class=org.apache.hadoop.hdds.server.http.HttpServer2$QuotingInputFilter)
2024-07-18 11:33:26,027 [main] INFO  http.HttpServer2 (HttpServer2.java:addFilter(1011)) - Added filter static_user_filter (class=org.apache.hadoop.http.lib.StaticUserWebFilter$StaticUserFilter) to context ozoneManager
2024-07-18 11:33:26,027 [main] INFO  http.HttpServer2 (HttpServer2.java:addFilter(1019)) - Added filter static_user_filter (class=org.apache.hadoop.http.lib.StaticUserWebFilter$StaticUserFilter) to context static
2024-07-18 11:33:26,027 [main] INFO  http.HttpServer2 (HttpServer2.java:addFilter(1019)) - Added filter static_user_filter (class=org.apache.hadoop.http.lib.StaticUserWebFilter$StaticUserFilter) to context logs
2024-07-18 11:33:26,028 [main] INFO  http.BaseHttpServer (BaseHttpServer.java:<init>(189)) - HTTP server of ozoneManager uses base directory /home/runner/work/ozone/ozone/hadoop-ozone/integration-test/target/test-dir/MiniOzoneClusterImpl-c0b7f50e-f813-4849-95b3-646bdd98e01d/omNode-2/webserver
2024-07-18 11:33:26,028 [main] INFO  http.HttpServer2 (HttpServer2.java:bindListener(1235)) - Jetty bound to port 15017
2024-07-18 11:33:26,028 [main] INFO  server.Server (Server.java:doStart(375)) - jetty-9.4.55.v20240627; built: 2024-06-27T15:05:37.765Z; git: 70015831e5195ba74da6383c4ab7c90c56bb08af; jvm 17.0.11+9
2024-07-18 11:33:26,039 [main] INFO  server.session (DefaultSessionIdManager.java:doStart(334)) - DefaultSessionIdManager workerName=node0
2024-07-18 11:33:26,039 [main] INFO  server.session (DefaultSessionIdManager.java:doStart(339)) - No SessionScavenger set, using defaults
2024-07-18 11:33:26,039 [main] INFO  server.session (HouseKeeper.java:startScavenging(132)) - node0 Scavenging every 600000ms
2024-07-18 11:33:26,040 [main] INFO  handler.ContextHandler (ContextHandler.java:doStart(921)) - Started o.e.j.s.ServletContextHandler@5af69032{logs,/logs,file:///home/runner/work/ozone/ozone/hadoop-ozone/integration-test/target/log,AVAILABLE}
2024-07-18 11:33:26,041 [main] INFO  handler.ContextHandler (ContextHandler.java:doStart(921)) - Started o.e.j.s.ServletContextHandler@37058d66{static,/static,file:///home/runner/work/ozone/ozone/hadoop-ozone/integration-test/target/test-classes/webapps/static,AVAILABLE}
2024-07-18 11:33:26,048 [main] INFO  handler.ContextHandler (ContextHandler.java:doStart(921)) - Started o.e.j.w.WebAppContext@3763c93b{ozoneManager,/,file:///home/runner/work/ozone/ozone/hadoop-ozone/integration-test/target/test-classes/webapps/ozoneManager/,AVAILABLE}{file:/home/runner/work/ozone/ozone/hadoop-ozone/integration-test/target/test-classes/webapps/ozoneManager}
2024-07-18 11:33:26,050 [main] INFO  server.AbstractConnector (AbstractConnector.java:doStart(333)) - Started ServerConnector@5f9b21a1{HTTP/1.1, (http/1.1)}{0.0.0.0:15017}
2024-07-18 11:33:26,050 [main] INFO  server.Server (Server.java:doStart(415)) - Started @19386ms
2024-07-18 11:33:26,050 [main] WARN  impl.MetricsSystemImpl (MetricsSystemImpl.java:register(279)) - Sink prometheus already exists!
2024-07-18 11:33:26,050 [main] INFO  http.BaseHttpServer (BaseHttpServer.java:updateConnectorAddress(354)) - HTTP server of ozoneManager listening at http://0.0.0.0:15017
2024-07-18 11:33:26,051 [IPC Server Responder] INFO  ipc.Server (Server.java:run(1562)) - IPC Server Responder: starting
2024-07-18 11:33:26,054 [IPC Server listener on 15016] INFO  ipc.Server (Server.java:run(1402)) - IPC Server listener on 15016: starting
2024-07-18 11:33:26,059 [main] INFO  om.OzoneManager (OzoneManager.java:startTrashEmptier(2121)) - Trash Interval set to 0. Files deleted won't move to trash
2024-07-18 11:33:26,060 [main] INFO  ozone.MiniOzoneHAClusterImpl (MiniOzoneHAClusterImpl.java:createOMService(517)) - Started OzoneManager omNode-2 RPC server at localhost/127.0.0.1:15016
2024-07-18 11:33:26,061 [main] INFO  ha.OMHANodeDetails (OMHANodeDetails.java:loadOMHAConfig(121)) - ServiceID for OzoneManager is om-add-remove
2024-07-18 11:33:26,061 [main] INFO  ha.OMHANodeDetails (OMHANodeDetails.java:loadOMHAConfig(201)) - Found matching OM address with OMServiceId: om-add-remove, OMNodeId: omNode-3, RPC Address: localhost:15020 and Ratis port: 15023
2024-07-18 11:33:26,061 [main] INFO  ha.OMHANodeDetails (ConfUtils.java:setNodeSpecificConfigs(97)) - Setting configuration key ozone.om.http-address with value of key ozone.om.http-address.om-add-remove.omNode-3: 127.0.0.1:15021
2024-07-18 11:33:26,061 [main] INFO  ha.OMHANodeDetails (ConfUtils.java:setNodeSpecificConfigs(97)) - Setting configuration key ozone.om.https-address with value of key ozone.om.https-address.om-add-remove.omNode-3: 127.0.0.1:15022
2024-07-18 11:33:26,062 [main] INFO  ha.OMHANodeDetails (ConfUtils.java:setNodeSpecificConfigs(97)) - Setting configuration key ozone.om.address with value of key ozone.om.address.om-add-remove.omNode-3: 127.0.0.1:15020
2024-07-18 11:33:26,062 [main] WARN  server.ServerUtils (ServerUtils.java:getDBPath(299)) - ozone.om.db.dirs is not configured. We recommend adding this setting. Falling back to ozone.metadata.dirs instead.
2024-07-18 11:33:26,063 [main] INFO  ha.SCMNodeInfo (SCMNodeInfo.java:getPort(197)) - ConfigKey ozone.scm.client.address is deprecated, For configuring different ports for each SCM use PortConfigKey ozone.scm.client.port appended with serviceId and nodeId
2024-07-18 11:33:26,063 [main] INFO  ha.SCMNodeInfo (SCMNodeInfo.java:getPort(197)) - ConfigKey ozone.scm.block.client.address is deprecated, For configuring different ports for each SCM use PortConfigKey ozone.scm.block.client.port appended with serviceId and nodeId
2024-07-18 11:33:26,063 [main] INFO  ha.SCMNodeInfo (SCMNodeInfo.java:getPort(197)) - ConfigKey ozone.scm.security.service.address is deprecated, For configuring different ports for each SCM use PortConfigKey ozone.scm.security.service.port appended with serviceId and nodeId
2024-07-18 11:33:26,063 [main] INFO  ha.SCMNodeInfo (SCMNodeInfo.java:getPort(197)) - ConfigKey ozone.scm.datanode.address is deprecated, For configuring different ports for each SCM use PortConfigKey ozone.scm.datanode.port appended with serviceId and nodeId
2024-07-18 11:33:26,063 [main] INFO  proxy.SCMBlockLocationFailoverProxyProvider (SCMBlockLocationFailoverProxyProvider.java:<init>(115)) - Created block location fail-over proxy with 1 nodes: [nodeId=scmNode-1,nodeAddress=/127.0.0.1:15007]
OM initialization succeeded.Current cluster id for sd=/home/runner/work/ozone/ozone/hadoop-ozone/integration-test/target/test-dir/MiniOzoneClusterImpl-c0b7f50e-f813-4849-95b3-646bdd98e01d/omNode-3/om;cid=c0b7f50e-f813-4849-95b3-646bdd98e01d;layoutVersion=6
2024-07-18 11:33:26,069 [main] INFO  ha.OMHANodeDetails (OMHANodeDetails.java:loadOMHAConfig(121)) - ServiceID for OzoneManager is om-add-remove
2024-07-18 11:33:26,070 [main] INFO  ha.OMHANodeDetails (OMHANodeDetails.java:loadOMHAConfig(201)) - Found matching OM address with OMServiceId: om-add-remove, OMNodeId: omNode-3, RPC Address: localhost:15020 and Ratis port: 15023
2024-07-18 11:33:26,070 [main] INFO  ha.OMHANodeDetails (ConfUtils.java:setNodeSpecificConfigs(97)) - Setting configuration key ozone.om.http-address with value of key ozone.om.http-address.om-add-remove.omNode-3: 127.0.0.1:15021
2024-07-18 11:33:26,070 [main] INFO  ha.OMHANodeDetails (ConfUtils.java:setNodeSpecificConfigs(97)) - Setting configuration key ozone.om.https-address with value of key ozone.om.https-address.om-add-remove.omNode-3: 127.0.0.1:15022
2024-07-18 11:33:26,070 [main] INFO  ha.OMHANodeDetails (ConfUtils.java:setNodeSpecificConfigs(97)) - Setting configuration key ozone.om.address with value of key ozone.om.address.om-add-remove.omNode-3: 127.0.0.1:15020
2024-07-18 11:33:26,070 [main] WARN  server.ServerUtils (ServerUtils.java:getDBPath(299)) - ozone.om.db.dirs is not configured. We recommend adding this setting. Falling back to ozone.metadata.dirs instead.
2024-07-18 11:33:26,071 [main] INFO  upgrade.AbstractLayoutVersionManager (AbstractLayoutVersionManager.java:init(83)) - Initializing Layout version manager with metadata layout = QUOTA (version = 6), software layout = QUOTA (version = 6)
2024-07-18 11:33:26,103 [main] INFO  reflections.Reflections (Reflections.java:scan(219)) - Reflections took 32 ms to scan 2 urls, producing 188 keys and 546 values
2024-07-18 11:33:26,104 [main] INFO  upgrade.OMLayoutVersionManager (OMLayoutVersionManager.java:lambda$0(113)) - Skipping Upgrade Action QuotaRepairUpgradeAction since it has been finalized.
2024-07-18 11:33:26,104 [main] INFO  upgrade.OMLayoutVersionManager (OMLayoutVersionManager.java:lambda$0(113)) - Skipping Upgrade Action MockOmUpgradeAction since it has been finalized.
2024-07-18 11:33:26,104 [main] WARN  server.ServerUtils (ServerUtils.java:getDBPath(299)) - ozone.om.db.dirs is not configured. We recommend adding this setting. Falling back to ozone.metadata.dirs instead.
2024-07-18 11:33:26,106 [main] INFO  ha.SCMNodeInfo (SCMNodeInfo.java:getPort(197)) - ConfigKey ozone.scm.client.address is deprecated, For configuring different ports for each SCM use PortConfigKey ozone.scm.client.port appended with serviceId and nodeId
2024-07-18 11:33:26,106 [main] INFO  ha.SCMNodeInfo (SCMNodeInfo.java:getPort(197)) - ConfigKey ozone.scm.block.client.address is deprecated, For configuring different ports for each SCM use PortConfigKey ozone.scm.block.client.port appended with serviceId and nodeId
2024-07-18 11:33:26,106 [main] INFO  ha.SCMNodeInfo (SCMNodeInfo.java:getPort(197)) - ConfigKey ozone.scm.security.service.address is deprecated, For configuring different ports for each SCM use PortConfigKey ozone.scm.security.service.port appended with serviceId and nodeId
2024-07-18 11:33:26,106 [main] INFO  ha.SCMNodeInfo (SCMNodeInfo.java:getPort(197)) - ConfigKey ozone.scm.datanode.address is deprecated, For configuring different ports for each SCM use PortConfigKey ozone.scm.datanode.port appended with serviceId and nodeId
2024-07-18 11:33:26,107 [main] INFO  ha.SCMNodeInfo (SCMNodeInfo.java:getPort(197)) - ConfigKey ozone.scm.client.address is deprecated, For configuring different ports for each SCM use PortConfigKey ozone.scm.client.port appended with serviceId and nodeId
2024-07-18 11:33:26,108 [main] INFO  ha.SCMNodeInfo (SCMNodeInfo.java:getPort(197)) - ConfigKey ozone.scm.block.client.address is deprecated, For configuring different ports for each SCM use PortConfigKey ozone.scm.block.client.port appended with serviceId and nodeId
2024-07-18 11:33:26,110 [main] INFO  ha.SCMNodeInfo (SCMNodeInfo.java:getPort(197)) - ConfigKey ozone.scm.security.service.address is deprecated, For configuring different ports for each SCM use PortConfigKey ozone.scm.security.service.port appended with serviceId and nodeId
2024-07-18 11:33:26,110 [main] INFO  ha.SCMNodeInfo (SCMNodeInfo.java:getPort(197)) - ConfigKey ozone.scm.datanode.address is deprecated, For configuring different ports for each SCM use PortConfigKey ozone.scm.datanode.port appended with serviceId and nodeId
2024-07-18 11:33:26,110 [main] INFO  proxy.SCMBlockLocationFailoverProxyProvider (SCMBlockLocationFailoverProxyProvider.java:<init>(115)) - Created block location fail-over proxy with 1 nodes: [nodeId=scmNode-1,nodeAddress=/127.0.0.1:15007]
2024-07-18 11:33:26,112 [main] INFO  ha.SCMNodeInfo (SCMNodeInfo.java:getPort(197)) - ConfigKey ozone.scm.client.address is deprecated, For configuring different ports for each SCM use PortConfigKey ozone.scm.client.port appended with serviceId and nodeId
2024-07-18 11:33:26,112 [main] INFO  ha.SCMNodeInfo (SCMNodeInfo.java:getPort(197)) - ConfigKey ozone.scm.block.client.address is deprecated, For configuring different ports for each SCM use PortConfigKey ozone.scm.block.client.port appended with serviceId and nodeId
2024-07-18 11:33:26,112 [main] INFO  ha.SCMNodeInfo (SCMNodeInfo.java:getPort(197)) - ConfigKey ozone.scm.security.service.address is deprecated, For configuring different ports for each SCM use PortConfigKey ozone.scm.security.service.port appended with serviceId and nodeId
2024-07-18 11:33:26,112 [main] INFO  ha.SCMNodeInfo (SCMNodeInfo.java:getPort(197)) - ConfigKey ozone.scm.datanode.address is deprecated, For configuring different ports for each SCM use PortConfigKey ozone.scm.datanode.port appended with serviceId and nodeId
2024-07-18 11:33:26,112 [main] INFO  proxy.SCMBlockLocationFailoverProxyProvider (SCMBlockLocationFailoverProxyProvider.java:<init>(115)) - Created block location fail-over proxy with 1 nodes: [nodeId=scmNode-1,nodeAddress=/127.0.0.1:15007]
2024-07-18 11:33:26,118 [main] INFO  om.OzoneManager (OzoneManager.java:<init>(678)) - OM start with adminUsers: [runner]
2024-07-18 11:33:26,119 [main] WARN  server.ServerUtils (ServerUtils.java:getDBPath(299)) - ozone.om.db.dirs is not configured. We recommend adding this setting. Falling back to ozone.metadata.dirs instead.
2024-07-18 11:33:26,119 [main] INFO  helpers.OmKeyInfo (OmKeyInfo.java:getCodec(72)) - OmKeyInfo.getCodec ignorePipeline = true
2024-07-18 11:33:26,176 [omNode-1@group-0AAC5367B30E-FollowerState] INFO  impl.FollowerState (FollowerState.java:run(144)) - omNode-1@group-0AAC5367B30E-FollowerState: change to CANDIDATE, lastRpcElapsedTime:1026793392ns, electionTimeout:1022ms
2024-07-18 11:33:26,176 [omNode-1@group-0AAC5367B30E-FollowerState] INFO  impl.RoleInfo (RoleInfo.java:shutdownFollowerState(119)) - omNode-1: shutdown omNode-1@group-0AAC5367B30E-FollowerState
2024-07-18 11:33:26,176 [omNode-1@group-0AAC5367B30E-FollowerState] INFO  server.RaftServer$Division (RaftServerImpl.java:setRole(376)) - omNode-1@group-0AAC5367B30E: changes role from  FOLLOWER to CANDIDATE at term 0 for changeToCandidate
2024-07-18 11:33:26,176 [omNode-1@group-0AAC5367B30E-FollowerState] INFO  server.RaftServerConfigKeys (ConfUtils.java:logGet(46)) - raft.server.leaderelection.pre-vote = true (default)
2024-07-18 11:33:26,177 [omNode-1@group-0AAC5367B30E-FollowerState] INFO  impl.RoleInfo (RoleInfo.java:updateAndGet(148)) - omNode-1: start omNode-1@group-0AAC5367B30E-LeaderElection3
2024-07-18 11:33:26,177 [omNode-1@group-0AAC5367B30E-LeaderElection3] INFO  impl.LeaderElection (LeaderElection.java:askForVotes(321)) - omNode-1@group-0AAC5367B30E-LeaderElection3 PRE_VOTE round 0: submit vote requests at term 0 for conf: {index: -1, cur=peers:[omNode-3|localhost:15023, omNode-1|localhost:15015, omNode-2|localhost:15019]|listeners:[], old=null}
2024-07-18 11:33:26,190 [omNode-1@group-0AAC5367B30E-LeaderElection3] INFO  server.RaftServerConfigKeys (ConfUtils.java:logFallback(53)) - raft.server.rpc.first-election.timeout.min = 1s (fallback to raft.server.rpc.timeout.min)
2024-07-18 11:33:26,190 [omNode-1@group-0AAC5367B30E-LeaderElection3] INFO  server.RaftServerConfigKeys (ConfUtils.java:logFallback(53)) - raft.server.rpc.first-election.timeout.max = 1200ms (fallback to raft.server.rpc.timeout.max)
2024-07-18 11:33:26,190 [omNode-1@group-0AAC5367B30E-LeaderElection3-1] INFO  server.GrpcServerProtocolClient (GrpcServerProtocolClient.java:<init>(65)) - Build channel for omNode-3|localhost:15023
2024-07-18 11:33:26,191 [omNode-1@group-0AAC5367B30E-LeaderElection3-2] INFO  server.GrpcServerProtocolClient (GrpcServerProtocolClient.java:<init>(65)) - Build channel for omNode-2|localhost:15019
2024-07-18 11:33:26,320 [main] INFO  om.OzoneManager (OzoneManager.java:instantiateServices(812)) - S3 Multi-Tenancy is disabled
2024-07-18 11:33:26,321 [main] INFO  om.OmSnapshotManager (OmSnapshotManager.java:<init>(179)) - Ozone filesystem snapshot feature is enabled.
2024-07-18 11:33:26,321 [main] WARN  server.ServerUtils (ServerUtils.java:getDBPath(299)) - ozone.om.snapshot.diff.db.dir is not configured. We recommend adding this setting. Falling back to ozone.metadata.dirs instead.
2024-07-18 11:33:26,347 [main] INFO  utils.NativeLibraryLoader (NativeLibraryLoader.java:loadLibrary(111)) - Loading Library: ozone_rocksdb_tools
2024-07-18 11:33:26,347 [main] ERROR snapshot.SnapshotDiffManager (SnapshotDiffManager.java:initNativeLibraryForEfficientDiff(287)) - Native Library for raw sst file reading loading failed.
org.apache.hadoop.hdds.utils.NativeLibraryNotLoadedException: Unable to load library ozone_rocksdb_tools from both java.library.path & resource file libozone_rocksdb_tools.so from jar.
	at org.apache.hadoop.hdds.utils.db.managed.ManagedRawSSTFileReader.loadLibrary(ManagedRawSSTFileReader.java:40)
	at org.apache.hadoop.ozone.om.snapshot.SnapshotDiffManager.initNativeLibraryForEfficientDiff(SnapshotDiffManager.java:285)
	at org.apache.hadoop.ozone.om.snapshot.SnapshotDiffManager.<init>(SnapshotDiffManager.java:259)
	at org.apache.hadoop.ozone.om.OmSnapshotManager.<init>(OmSnapshotManager.java:286)
	at org.apache.hadoop.ozone.om.OzoneManager.instantiateServices(OzoneManager.java:864)
	at org.apache.hadoop.ozone.om.OzoneManager.<init>(OzoneManager.java:688)
	at org.apache.hadoop.ozone.om.OzoneManager.createOm(OzoneManager.java:775)
	at org.apache.hadoop.ozone.MiniOzoneHAClusterImpl$Builder.createOMService(MiniOzoneHAClusterImpl.java:510)
	at org.apache.hadoop.ozone.MiniOzoneHAClusterImpl$Builder.build(MiniOzoneHAClusterImpl.java:425)
	at org.apache.hadoop.ozone.om.TestAddRemoveOzoneManager.setupCluster(TestAddRemoveOzoneManager.java:100)
	at org.apache.hadoop.ozone.om.TestAddRemoveOzoneManager.testForceBootstrap(TestAddRemoveOzoneManager.java:293)
	at java.base/jdk.internal.reflect.NativeMethodAccessorImpl.invoke0(Native Method)
	at java.base/jdk.internal.reflect.NativeMethodAccessorImpl.invoke(NativeMethodAccessorImpl.java:77)
	at java.base/jdk.internal.reflect.DelegatingMethodAccessorImpl.invoke(DelegatingMethodAccessorImpl.java:43)
	at java.base/java.lang.reflect.Method.invoke(Method.java:568)
	at org.junit.platform.commons.util.ReflectionUtils.invokeMethod(ReflectionUtils.java:728)
	at org.junit.jupiter.engine.execution.MethodInvocation.proceed(MethodInvocation.java:60)
	at org.junit.jupiter.engine.execution.InvocationInterceptorChain$ValidatingInvocation.proceed(InvocationInterceptorChain.java:131)
	at org.junit.jupiter.engine.extension.SameThreadTimeoutInvocation.proceed(SameThreadTimeoutInvocation.java:45)
	at org.junit.jupiter.engine.extension.TimeoutExtension.intercept(TimeoutExtension.java:156)
	at org.junit.jupiter.engine.extension.TimeoutExtension.interceptTestableMethod(TimeoutExtension.java:147)
	at org.junit.jupiter.engine.extension.TimeoutExtension.interceptTestMethod(TimeoutExtension.java:86)
	at org.junit.jupiter.engine.execution.InterceptingExecutableInvoker$ReflectiveInterceptorCall.lambda$ofVoidMethod$0(InterceptingExecutableInvoker.java:103)
	at org.junit.jupiter.engine.execution.InterceptingExecutableInvoker.lambda$invoke$0(InterceptingExecutableInvoker.java:93)
	at org.junit.jupiter.engine.execution.InvocationInterceptorChain$InterceptedInvocation.proceed(InvocationInterceptorChain.java:106)
	at org.junit.jupiter.engine.execution.InvocationInterceptorChain.proceed(InvocationInterceptorChain.java:64)
	at org.junit.jupiter.engine.execution.InvocationInterceptorChain.chainAndInvoke(InvocationInterceptorChain.java:45)
	at org.junit.jupiter.engine.execution.InvocationInterceptorChain.invoke(InvocationInterceptorChain.java:37)
	at org.junit.jupiter.engine.execution.InterceptingExecutableInvoker.invoke(InterceptingExecutableInvoker.java:92)
	at org.junit.jupiter.engine.execution.InterceptingExecutableInvoker.invoke(InterceptingExecutableInvoker.java:86)
	at org.junit.jupiter.engine.descriptor.TestMethodTestDescriptor.lambda$invokeTestMethod$7(TestMethodTestDescriptor.java:218)
	at org.junit.platform.engine.support.hierarchical.ThrowableCollector.execute(ThrowableCollector.java:73)
	at org.junit.jupiter.engine.descriptor.TestMethodTestDescriptor.invokeTestMethod(TestMethodTestDescriptor.java:214)
	at org.junit.jupiter.engine.descriptor.TestMethodTestDescriptor.execute(TestMethodTestDescriptor.java:139)
	at org.junit.jupiter.engine.descriptor.TestMethodTestDescriptor.execute(TestMethodTestDescriptor.java:69)
	at org.junit.platform.engine.support.hierarchical.NodeTestTask.lambda$executeRecursively$6(NodeTestTask.java:151)
	at org.junit.platform.engine.support.hierarchical.ThrowableCollector.execute(ThrowableCollector.java:73)
	at org.junit.platform.engine.support.hierarchical.NodeTestTask.lambda$executeRecursively$8(NodeTestTask.java:141)
	at org.junit.platform.engine.support.hierarchical.Node.around(Node.java:137)
	at org.junit.platform.engine.support.hierarchical.NodeTestTask.lambda$executeRecursively$9(NodeTestTask.java:139)
	at org.junit.platform.engine.support.hierarchical.ThrowableCollector.execute(ThrowableCollector.java:73)
	at org.junit.platform.engine.support.hierarchical.NodeTestTask.executeRecursively(NodeTestTask.java:138)
	at org.junit.platform.engine.support.hierarchical.NodeTestTask.execute(NodeTestTask.java:95)
	at java.base/java.util.ArrayList.forEach(ArrayList.java:1511)
	at org.junit.platform.engine.support.hierarchical.SameThreadHierarchicalTestExecutorService.invokeAll(SameThreadHierarchicalTestExecutorService.java:41)
	at org.junit.platform.engine.support.hierarchical.NodeTestTask.lambda$executeRecursively$6(NodeTestTask.java:155)
	at org.junit.platform.engine.support.hierarchical.ThrowableCollector.execute(ThrowableCollector.java:73)
	at org.junit.platform.engine.support.hierarchical.NodeTestTask.lambda$executeRecursively$8(NodeTestTask.java:141)
	at org.junit.platform.engine.support.hierarchical.Node.around(Node.java:137)
	at org.junit.platform.engine.support.hierarchical.NodeTestTask.lambda$executeRecursively$9(NodeTestTask.java:139)
	at org.junit.platform.engine.support.hierarchical.ThrowableCollector.execute(ThrowableCollector.java:73)
	at org.junit.platform.engine.support.hierarchical.NodeTestTask.executeRecursively(NodeTestTask.java:138)
	at org.junit.platform.engine.support.hierarchical.NodeTestTask.execute(NodeTestTask.java:95)
	at java.base/java.util.ArrayList.forEach(ArrayList.java:1511)
	at org.junit.platform.engine.support.hierarchical.SameThreadHierarchicalTestExecutorService.invokeAll(SameThreadHierarchicalTestExecutorService.java:41)
	at org.junit.platform.engine.support.hierarchical.NodeTestTask.lambda$executeRecursively$6(NodeTestTask.java:155)
	at org.junit.platform.engine.support.hierarchical.ThrowableCollector.execute(ThrowableCollector.java:73)
	at org.junit.platform.engine.support.hierarchical.NodeTestTask.lambda$executeRecursively$8(NodeTestTask.java:141)
	at org.junit.platform.engine.support.hierarchical.Node.around(Node.java:137)
	at org.junit.platform.engine.support.hierarchical.NodeTestTask.lambda$executeRecursively$9(NodeTestTask.java:139)
	at org.junit.platform.engine.support.hierarchical.ThrowableCollector.execute(ThrowableCollector.java:73)
	at org.junit.platform.engine.support.hierarchical.NodeTestTask.executeRecursively(NodeTestTask.java:138)
	at org.junit.platform.engine.support.hierarchical.NodeTestTask.execute(NodeTestTask.java:95)
	at org.junit.platform.engine.support.hierarchical.SameThreadHierarchicalTestExecutorService.submit(SameThreadHierarchicalTestExecutorService.java:35)
	at org.junit.platform.engine.support.hierarchical.HierarchicalTestExecutor.execute(HierarchicalTestExecutor.java:57)
	at org.junit.platform.engine.support.hierarchical.HierarchicalTestEngine.execute(HierarchicalTestEngine.java:54)
	at org.junit.platform.launcher.core.EngineExecutionOrchestrator.execute(EngineExecutionOrchestrator.java:198)
	at org.junit.platform.launcher.core.EngineExecutionOrchestrator.execute(EngineExecutionOrchestrator.java:169)
	at org.junit.platform.launcher.core.EngineExecutionOrchestrator.execute(EngineExecutionOrchestrator.java:93)
	at org.junit.platform.launcher.core.EngineExecutionOrchestrator.lambda$execute$0(EngineExecutionOrchestrator.java:58)
	at org.junit.platform.launcher.core.EngineExecutionOrchestrator.withInterceptedStreams(EngineExecutionOrchestrator.java:141)
	at org.junit.platform.launcher.core.EngineExecutionOrchestrator.execute(EngineExecutionOrchestrator.java:57)
	at org.junit.platform.launcher.core.DefaultLauncher.execute(DefaultLauncher.java:103)
	at org.junit.platform.launcher.core.DefaultLauncher.execute(DefaultLauncher.java:85)
	at org.junit.platform.launcher.core.DelegatingLauncher.execute(DelegatingLauncher.java:47)
	at org.junit.platform.launcher.core.SessionPerRequestLauncher.execute(SessionPerRequestLauncher.java:63)
	at org.apache.maven.surefire.junitplatform.JUnitPlatformProvider.invokeAllTests(JUnitPlatformProvider.java:154)
	at org.apache.maven.surefire.junitplatform.JUnitPlatformProvider.invoke(JUnitPlatformProvider.java:123)
	at org.apache.maven.surefire.booter.ForkedBooter.runSuitesInProcess(ForkedBooter.java:377)
	at org.apache.maven.surefire.booter.ForkedBooter.execute(ForkedBooter.java:138)
	at org.apache.maven.surefire.booter.ForkedBooter.run(ForkedBooter.java:465)
	at org.apache.maven.surefire.booter.ForkedBooter.main(ForkedBooter.java:451)
2024-07-18 11:33:26,357 [main] INFO  om.OzoneManager (OzoneManager.java:addS3GVolumeToDB(4463)) - Created Volume s3v With Owner runner required for S3Gateway operations.
2024-07-18 11:33:26,357 [main] WARN  server.ServerUtils (ServerUtils.java:getDefaultRatisDirectory(311)) - Storage directory for Ratis is not configured. It is a good idea to map this to an SSD disk. Falling back to ozone.metadata.dirs
2024-07-18 11:33:26,357 [main] WARN  utils.OzoneManagerRatisUtils (OzoneManagerRatisUtils.java:getOMRatisSnapshotDirectory(476)) - ozone.om.ratis.snapshot.dir is not configured. Falling back to ozone.metadata.dirs config
2024-07-18 11:33:26,358 [main] INFO  utils.RDBSnapshotProvider (RDBSnapshotProvider.java:init(87)) - Cleaning up the candidate dir: /home/runner/work/ozone/ozone/hadoop-ozone/integration-test/target/test-dir/MiniOzoneClusterImpl-c0b7f50e-f813-4849-95b3-646bdd98e01d/omNode-3/snapshot/om.db.candidate
2024-07-18 11:33:26,358 [main] INFO  ratis_snapshot.OmRatisSnapshotProvider (OmRatisSnapshotProvider.java:<init>(99)) - Initializing OM Snapshot Provider
2024-07-18 11:33:26,375 [omNode-1@group-0AAC5367B30E-LeaderElection3] INFO  impl.LeaderElection (LogUtils.java:infoOrTrace(136)) - omNode-1@group-0AAC5367B30E-LeaderElection3 got exception when requesting votes: java.util.concurrent.ExecutionException: org.apache.ratis.thirdparty.io.grpc.StatusRuntimeException: UNAVAILABLE: io exception
2024-07-18 11:33:26,378 [main] WARN  dropwizard3.Dm3MetricRegistriesImpl (Dm3MetricRegistriesImpl.java:addReporterRegistration(114)) - New reporters are added after registries were created. Some metrics will be missing from the reporter. Please add reporter before adding any new registry.
2024-07-18 11:33:26,378 [main] WARN  dropwizard3.Dm3MetricRegistriesImpl (Dm3MetricRegistriesImpl.java:addReporterRegistration(114)) - New reporters are added after registries were created. Some metrics will be missing from the reporter. Please add reporter before adding any new registry.
2024-07-18 11:33:26,379 [main] WARN  server.ServerUtils (ServerUtils.java:getDefaultRatisDirectory(311)) - Storage directory for Ratis is not configured. It is a good idea to map this to an SSD disk. Falling back to ozone.metadata.dirs
2024-07-18 11:33:26,380 [main] INFO  ratis.OzoneManagerRatisServer (OzoneManagerRatisServer.java:<init>(168)) - Instantiating OM Ratis server with groupID: om-add-remove and peers: localhost:15023, localhost:15015, localhost:15019
2024-07-18 11:33:26,381 [main] INFO  ratis.OzoneManagerStateMachine (OzoneManagerStateMachine.java:loadSnapshotInfoFromDB(593)) - TransactionInfo not found in OM DB.
2024-07-18 11:33:26,389 [main] INFO  server.RaftServer (ConfUtils.java:logGet(46)) - raft.rpc.type = GRPC (default)
2024-07-18 11:33:26,389 [main] INFO  grpc.GrpcConfigKeys (ConfUtils.java:logFallback(53)) - raft.grpc.admin.host = null (fallback to raft.grpc.server.host)
2024-07-18 11:33:26,389 [main] INFO  grpc.GrpcConfigKeys (ConfUtils.java:logFallback(53)) - raft.grpc.admin.port = 15023 (fallback to raft.grpc.server.port)
2024-07-18 11:33:26,389 [main] INFO  grpc.GrpcConfigKeys (ConfUtils.java:logFallback(53)) - raft.grpc.client.host = null (fallback to raft.grpc.server.host)
2024-07-18 11:33:26,389 [main] INFO  grpc.GrpcConfigKeys (ConfUtils.java:logFallback(53)) - raft.grpc.client.port = 15023 (fallback to raft.grpc.server.port)
2024-07-18 11:33:26,389 [main] INFO  grpc.GrpcConfigKeys (ConfUtils.java:logGet(46)) - raft.grpc.server.host = null (default)
2024-07-18 11:33:26,389 [main] INFO  grpc.GrpcConfigKeys (ConfUtils.java:logGet(46)) - raft.grpc.server.port = 15023 (custom)
2024-07-18 11:33:26,389 [main] INFO  server.GrpcService (ConfUtils.java:logGet(46)) - raft.grpc.message.size.max = 4194304 (custom)
2024-07-18 11:33:26,390 [main] INFO  server.RaftServerConfigKeys (ConfUtils.java:logGet(46)) - raft.server.log.appender.buffer.byte-limit = 4194304 (custom)
2024-07-18 11:33:26,390 [main] INFO  server.GrpcService (ConfUtils.java:logGet(46)) - raft.grpc.flow.control.window = 1MB (=1048576) (default)
2024-07-18 11:33:26,390 [main] INFO  server.RaftServerConfigKeys (ConfUtils.java:logGet(46)) - raft.server.rpc.request.timeout = 3000ms (default)
2024-07-18 11:33:26,390 [main] INFO  grpc.GrpcConfigKeys (ConfUtils.java:logGet(46)) - raft.grpc.server.heartbeat.channel = true (default)
2024-07-18 11:33:26,390 [main] INFO  grpc.GrpcConfigKeys (ConfUtils.java:logGet(46)) - raft.grpc.server.async.request.thread.pool.cached = true (default)
2024-07-18 11:33:26,390 [main] INFO  grpc.GrpcConfigKeys (ConfUtils.java:logGet(46)) - raft.grpc.server.async.request.thread.pool.size = 32 (default)
2024-07-18 11:33:26,391 [main] INFO  impl.DataStreamServerImpl (ConfUtils.java:logGet(46)) - raft.datastream.type = DISABLED (default)
2024-07-18 11:33:26,391 [main] INFO  server.RaftServerConfigKeys (ConfUtils.java:logGet(46)) - raft.server.sleep.deviation.threshold = 300ms (default)
2024-07-18 11:33:26,391 [main] INFO  server.RaftServerConfigKeys (ConfUtils.java:logGet(46)) - raft.server.close.threshold = 60s (default)
2024-07-18 11:33:26,391 [main] INFO  server.RaftServerConfigKeys (ConfUtils.java:logGet(46)) - raft.server.leaderelection.leader.step-down.wait-time = 10s (default)
2024-07-18 11:33:26,392 [main] INFO  server.RaftServerConfigKeys (ConfUtils.java:logGet(46)) - raft.server.storage.dir = [/home/runner/work/ozone/ozone/hadoop-ozone/integration-test/target/test-dir/MiniOzoneClusterImpl-c0b7f50e-f813-4849-95b3-646bdd98e01d/omNode-3/ratis] (custom)
2024-07-18 11:33:26,392 [main] INFO  server.RaftServerConfigKeys (ConfUtils.java:logGet(46)) - raft.server.threadpool.proxy.cached = true (default)
2024-07-18 11:33:26,392 [main] INFO  server.RaftServerConfigKeys (ConfUtils.java:logGet(46)) - raft.server.threadpool.proxy.size = 0 (default)
2024-07-18 11:33:26,396 [main] INFO  server.RaftServer (RaftServerProxy.java:addNew(101)) - omNode-3: addNew group-0AAC5367B30E:[omNode-3|localhost:15023, omNode-1|localhost:15015, omNode-2|localhost:15019] returns group-0AAC5367B30E:java.util.concurrent.CompletableFuture@13c3491d[Not completed]
2024-07-18 11:33:26,396 [main] INFO  om.OzoneManager (OzoneManager.java:initializeRatisServer(2168)) - OzoneManager Ratis server initialized at port 15023
2024-07-18 11:33:26,396 [main] INFO  om.OzoneManager (OzoneManager.java:getRpcServer(1228)) - Creating RPC Server
2024-07-18 11:33:26,408 [omNode-3-groupManagement] INFO  server.RaftServer$Division (RaftServerImpl.java:<init>(253)) - omNode-3: new RaftServerImpl for group-0AAC5367B30E:[omNode-3|localhost:15023, omNode-1|localhost:15015, omNode-2|localhost:15019] with OzoneManagerStateMachine:uninitialized
2024-07-18 11:33:26,409 [omNode-3-groupManagement] INFO  server.RaftServerConfigKeys (ConfUtils.java:logGet(46)) - raft.server.rpc.timeout.min = 1s (custom)
2024-07-18 11:33:26,410 [omNode-3-groupManagement] INFO  server.RaftServerConfigKeys (ConfUtils.java:logGet(46)) - raft.server.rpc.timeout.max = 1200ms (custom)
2024-07-18 11:33:26,410 [omNode-3-groupManagement] INFO  server.RaftServerConfigKeys (ConfUtils.java:logGet(46)) - raft.server.rpc.sleep.time = 25ms (default)
2024-07-18 11:33:26,411 [omNode-3-groupManagement] INFO  server.RaftServerConfigKeys (ConfUtils.java:logGet(46)) - raft.server.rpc.slowness.timeout = 2s (custom)
2024-07-18 11:33:26,411 [omNode-3-groupManagement] INFO  server.RaftServerConfigKeys (ConfUtils.java:logGet(46)) - raft.server.leaderelection.leader.step-down.wait-time = 10s (default)
2024-07-18 11:33:26,411 [omNode-3-groupManagement] INFO  server.RaftServerConfigKeys (ConfUtils.java:logGet(46)) - raft.server.leaderelection.member.majority-add = false (default)
2024-07-18 11:33:26,412 [omNode-3-groupManagement] INFO  server.RaftServerConfigKeys (ConfUtils.java:logGet(46)) - raft.server.sleep.deviation.threshold = 300ms (default)
2024-07-18 11:33:26,412 [omNode-3-groupManagement] INFO  server.RaftServer$Division (ServerState.java:<init>(114)) - omNode-3@group-0AAC5367B30E: ConfigurationManager, init=conf: {index: -1, cur=peers:[omNode-3|localhost:15023, omNode-1|localhost:15015, omNode-2|localhost:15019]|listeners:[], old=null}, confs=<EMPTY_MAP>
2024-07-18 11:33:26,413 [omNode-3-groupManagement] INFO  server.RaftServerConfigKeys (ConfUtils.java:logGet(46)) - raft.server.notification.no-leader.timeout = 2s (custom)
2024-07-18 11:33:26,413 [omNode-3-groupManagement] INFO  server.RaftServerConfigKeys (ConfUtils.java:logGet(46)) - raft.server.read.timeout = 10s (default)
2024-07-18 11:33:26,414 [omNode-3-groupManagement] INFO  server.RaftServerConfigKeys (ConfUtils.java:logGet(46)) - raft.server.retrycache.expirytime = 300s (custom)
2024-07-18 11:33:26,414 [omNode-3-groupManagement] INFO  server.RaftServerConfigKeys (ConfUtils.java:logGet(46)) - raft.server.retrycache.statistics.expirytime = 100ms (default)
2024-07-18 11:33:26,425 [omNode-3-groupManagement] INFO  server.RaftServerConfigKeys (ConfUtils.java:logGet(46)) - raft.server.read.option = DEFAULT (default)
2024-07-18 11:33:26,425 [omNode-3-groupManagement] INFO  server.RaftServerConfigKeys (ConfUtils.java:logGet(46)) - raft.server.read.read-after-write-consistent.write-index-cache.expiry-time = 60s (default)
2024-07-18 11:33:26,443 [omNode-3-groupManagement] INFO  server.RaftServerConfigKeys (ConfUtils.java:logGet(46)) - raft.server.rpc.request.timeout = 3000ms (default)
2024-07-18 11:33:26,446 [omNode-3-groupManagement] INFO  server.RaftServerConfigKeys (ConfUtils.java:logGet(46)) - raft.server.log.appender.install.snapshot.enabled = false (custom)
2024-07-18 11:33:26,448 [omNode-3-groupManagement] INFO  server.RaftServerConfigKeys (ConfUtils.java:logGet(46)) - raft.server.threadpool.server.cached = true (default)
2024-07-18 11:33:26,448 [omNode-3-groupManagement] INFO  server.RaftServerConfigKeys (ConfUtils.java:logGet(46)) - raft.server.threadpool.server.size = 0 (default)
2024-07-18 11:33:26,449 [omNode-3-groupManagement] INFO  server.RaftServerConfigKeys (ConfUtils.java:logGet(46)) - raft.server.threadpool.client.cached = true (default)
2024-07-18 11:33:26,449 [omNode-3-groupManagement] INFO  server.RaftServerConfigKeys (ConfUtils.java:logGet(46)) - raft.server.threadpool.client.size = 0 (default)
2024-07-18 11:33:26,509 [grpc-default-executor-1] INFO  server.RaftServer$Division (RaftServerImpl.java:requestVote(1416)) - omNode-2@group-0AAC5367B30E: receive requestVote(PRE_VOTE, omNode-1, group-0AAC5367B30E, 0, (t:0, i:~))
2024-07-18 11:33:26,510 [grpc-default-executor-1] INFO  impl.VoteContext (VoteContext.java:log(49)) - omNode-2@group-0AAC5367B30E-FOLLOWER: accept PRE_VOTE from omNode-1: our priority 0 <= candidate's priority 0
2024-07-18 11:33:26,519 [grpc-default-executor-1] INFO  server.RaftServer$Division (RaftServerImpl.java:requestVote(1449)) - omNode-2@group-0AAC5367B30E replies to PRE_VOTE vote request: omNode-1<-omNode-2#0:OK-t0. Peer's state: omNode-2@group-0AAC5367B30E:t0, leader=null, voted=, raftlog=Memoized:omNode-2@group-0AAC5367B30E-SegmentedRaftLog:OPENED:c-1:lastnull, conf=conf: {index: -1, cur=peers:[omNode-3|localhost:15023, omNode-1|localhost:15015, omNode-2|localhost:15019]|listeners:[], old=null}
2024-07-18 11:33:26,527 [omNode-1@group-0AAC5367B30E-LeaderElection3] INFO  impl.LeaderElection (LeaderElection.java:logAndReturn(89)) - omNode-1@group-0AAC5367B30E-LeaderElection3: PRE_VOTE PASSED received 1 response(s) and 1 exception(s):
2024-07-18 11:33:26,527 [omNode-1@group-0AAC5367B30E-LeaderElection3] INFO  impl.LeaderElection (LeaderElection.java:logAndReturn(93)) -   Response 0: omNode-1<-omNode-2#0:OK-t0
2024-07-18 11:33:26,527 [omNode-1@group-0AAC5367B30E-LeaderElection3] INFO  impl.LeaderElection (LogUtils.java:infoOrTrace(136)) -   Exception 1: java.util.concurrent.ExecutionException: org.apache.ratis.thirdparty.io.grpc.StatusRuntimeException: UNAVAILABLE: io exception
2024-07-18 11:33:26,527 [omNode-1@group-0AAC5367B30E-LeaderElection3] INFO  impl.LeaderElection (LeaderElection.java:askForVotes(323)) - omNode-1@group-0AAC5367B30E-LeaderElection3 PRE_VOTE round 0: result PASSED
2024-07-18 11:33:26,529 [omNode-1@group-0AAC5367B30E-LeaderElection3] INFO  impl.LeaderElection (LeaderElection.java:askForVotes(321)) - omNode-1@group-0AAC5367B30E-LeaderElection3 ELECTION round 0: submit vote requests at term 1 for conf: {index: -1, cur=peers:[omNode-3|localhost:15023, omNode-1|localhost:15015, omNode-2|localhost:15019]|listeners:[], old=null}
2024-07-18 11:33:26,544 [omNode-1@group-0AAC5367B30E-LeaderElection3] INFO  server.RaftServerConfigKeys (ConfUtils.java:logFallback(53)) - raft.server.rpc.first-election.timeout.min = 1s (fallback to raft.server.rpc.timeout.min)
2024-07-18 11:33:26,544 [omNode-1@group-0AAC5367B30E-LeaderElection3] INFO  server.RaftServerConfigKeys (ConfUtils.java:logFallback(53)) - raft.server.rpc.first-election.timeout.max = 1200ms (fallback to raft.server.rpc.timeout.max)
2024-07-18 11:33:26,544 [omNode-1@group-0AAC5367B30E-LeaderElection3] INFO  impl.LeaderElection (LogUtils.java:infoOrTrace(136)) - omNode-1@group-0AAC5367B30E-LeaderElection3 got exception when requesting votes: java.util.concurrent.ExecutionException: org.apache.ratis.thirdparty.io.grpc.StatusRuntimeException: UNAVAILABLE: io exception
2024-07-18 11:33:26,548 [grpc-default-executor-1] INFO  server.RaftServer$Division (RaftServerImpl.java:requestVote(1416)) - omNode-2@group-0AAC5367B30E: receive requestVote(ELECTION, omNode-1, group-0AAC5367B30E, 1, (t:0, i:~))
2024-07-18 11:33:26,549 [grpc-default-executor-1] INFO  impl.VoteContext (VoteContext.java:log(49)) - omNode-2@group-0AAC5367B30E-FOLLOWER: accept ELECTION from omNode-1: our priority 0 <= candidate's priority 0
2024-07-18 11:33:26,550 [grpc-default-executor-1] INFO  server.RaftServer$Division (RaftServerImpl.java:setRole(376)) - omNode-2@group-0AAC5367B30E: changes role from  FOLLOWER to FOLLOWER at term 1 for candidate:omNode-1
2024-07-18 11:33:26,550 [grpc-default-executor-1] INFO  impl.RoleInfo (RoleInfo.java:shutdownFollowerState(119)) - omNode-2: shutdown omNode-2@group-0AAC5367B30E-FollowerState
2024-07-18 11:33:26,551 [omNode-2@group-0AAC5367B30E-FollowerState] INFO  impl.FollowerState (FollowerState.java:run(153)) - omNode-2@group-0AAC5367B30E-FollowerState was interrupted
2024-07-18 11:33:26,551 [grpc-default-executor-1] INFO  impl.RoleInfo (RoleInfo.java:updateAndGet(148)) - omNode-2: start omNode-2@group-0AAC5367B30E-FollowerState
2024-07-18 11:33:26,557 [grpc-default-executor-1] INFO  server.RaftServer$Division (RaftServerImpl.java:setFirstElection(549)) - omNode-2@group-0AAC5367B30E: set firstElectionSinceStartup to false for candidate:omNode-1
2024-07-18 11:33:26,558 [grpc-default-executor-1] INFO  server.RaftServer$Division (RaftServerImpl.java:requestVote(1449)) - omNode-2@group-0AAC5367B30E replies to ELECTION vote request: omNode-1<-omNode-2#0:OK-t1. Peer's state: omNode-2@group-0AAC5367B30E:t1, leader=null, voted=omNode-1, raftlog=Memoized:omNode-2@group-0AAC5367B30E-SegmentedRaftLog:OPENED:c-1:lastnull, conf=conf: {index: -1, cur=peers:[omNode-3|localhost:15023, omNode-1|localhost:15015, omNode-2|localhost:15019]|listeners:[], old=null}
2024-07-18 11:33:26,560 [omNode-1@group-0AAC5367B30E-LeaderElection3] INFO  impl.LeaderElection (LeaderElection.java:logAndReturn(89)) - omNode-1@group-0AAC5367B30E-LeaderElection3: ELECTION PASSED received 1 response(s) and 1 exception(s):
2024-07-18 11:33:26,560 [omNode-1@group-0AAC5367B30E-LeaderElection3] INFO  impl.LeaderElection (LeaderElection.java:logAndReturn(93)) -   Response 0: omNode-1<-omNode-2#0:OK-t1
2024-07-18 11:33:26,560 [omNode-1@group-0AAC5367B30E-LeaderElection3] INFO  impl.LeaderElection (LogUtils.java:infoOrTrace(136)) -   Exception 1: java.util.concurrent.ExecutionException: org.apache.ratis.thirdparty.io.grpc.StatusRuntimeException: UNAVAILABLE: io exception
2024-07-18 11:33:26,560 [omNode-1@group-0AAC5367B30E-LeaderElection3] INFO  impl.LeaderElection (LeaderElection.java:askForVotes(323)) - omNode-1@group-0AAC5367B30E-LeaderElection3 ELECTION round 0: result PASSED
2024-07-18 11:33:26,560 [omNode-1@group-0AAC5367B30E-LeaderElection3] INFO  impl.RoleInfo (RoleInfo.java:shutdownLeaderElection(139)) - omNode-1: shutdown omNode-1@group-0AAC5367B30E-LeaderElection3
2024-07-18 11:33:26,560 [omNode-1@group-0AAC5367B30E-LeaderElection3] INFO  server.RaftServer$Division (RaftServerImpl.java:setRole(376)) - omNode-1@group-0AAC5367B30E: changes role from CANDIDATE to LEADER at term 1 for changeToLeader
2024-07-18 11:33:26,560 [omNode-1@group-0AAC5367B30E-LeaderElection3] INFO  server.RaftServerConfigKeys (ConfUtils.java:logGet(46)) - raft.server.staging.catchup.gap = 1000 (default)
2024-07-18 11:33:26,561 [omNode-1@group-0AAC5367B30E-LeaderElection3] INFO  server.RaftServerConfigKeys (ConfUtils.java:logGet(46)) - raft.server.write.element-limit = 4096 (default)
2024-07-18 11:33:26,561 [omNode-1@group-0AAC5367B30E-LeaderElection3] INFO  server.RaftServerConfigKeys (ConfUtils.java:logGet(46)) - raft.server.write.byte-limit = 64MB (=67108864) (default)
2024-07-18 11:33:26,561 [omNode-1@group-0AAC5367B30E-LeaderElection3] INFO  server.RaftServerConfigKeys (ConfUtils.java:logGet(46)) - raft.server.watch.timeout = 10s (default)
2024-07-18 11:33:26,561 [omNode-1@group-0AAC5367B30E-LeaderElection3] INFO  server.RaftServerConfigKeys (ConfUtils.java:logGet(46)) - raft.server.watch.timeout.denomination = 1s (default)
2024-07-18 11:33:26,561 [omNode-1@group-0AAC5367B30E-LeaderElection3] INFO  server.RaftServerConfigKeys (ConfUtils.java:logGet(46)) - raft.server.watch.element-limit = 65536 (default)
2024-07-18 11:33:26,562 [omNode-1@group-0AAC5367B30E-LeaderElection3] INFO  server.RaftServerConfigKeys (ConfUtils.java:logGet(46)) - raft.server.read.leader.lease.enabled = false (default)
2024-07-18 11:33:26,562 [omNode-1@group-0AAC5367B30E-LeaderElection3] INFO  server.RaftServerConfigKeys (ConfUtils.java:logGet(46)) - raft.server.read.leader.lease.timeout.ratio = 0.9 (default)
2024-07-18 11:33:26,562 [omNode-1@group-0AAC5367B30E-LeaderElection3] INFO  server.RaftServerConfigKeys (ConfUtils.java:logGet(46)) - raft.server.rpc.timeout.min = 1s (custom)
2024-07-18 11:33:26,562 [omNode-1@group-0AAC5367B30E-LeaderElection3] INFO  server.RaftServerConfigKeys (ConfUtils.java:logGet(46)) - raft.server.log.log-metadata.enabled = true (default)
2024-07-18 11:33:26,562 [omNode-1@group-0AAC5367B30E-LeaderElection3] INFO  server.RaftServerConfigKeys (ConfUtils.java:logGet(46)) - raft.server.write.element-limit = 4096 (default)
2024-07-18 11:33:26,562 [omNode-1@group-0AAC5367B30E-LeaderElection3] INFO  server.RaftServerConfigKeys (ConfUtils.java:logGet(46)) - raft.server.write.follower.gap.ratio.max = -1.0 (default)
2024-07-18 11:33:26,566 [omNode-1@group-0AAC5367B30E-LeaderElection3] INFO  server.RaftServerConfigKeys (ConfUtils.java:logGet(46)) - raft.server.log.appender.snapshot.chunk.size.max = 16MB (=16777216) (default)
2024-07-18 11:33:26,566 [omNode-1@group-0AAC5367B30E-LeaderElection3] INFO  server.RaftServerConfigKeys (ConfUtils.java:logGet(46)) - raft.server.log.appender.buffer.byte-limit = 4194304 (custom)
2024-07-18 11:33:26,566 [omNode-1@group-0AAC5367B30E-LeaderElection3] INFO  server.RaftServerConfigKeys (ConfUtils.java:logGet(46)) - raft.server.log.appender.buffer.element-limit = 1024 (custom)
2024-07-18 11:33:26,568 [omNode-1@group-0AAC5367B30E-LeaderElection3] INFO  server.RaftServerConfigKeys (ConfUtils.java:logGet(46)) - raft.server.log.appender.wait-time.min = 0ms (custom)
2024-07-18 11:33:26,569 [omNode-1@group-0AAC5367B30E-LeaderElection3] INFO  grpc.GrpcConfigKeys (ConfUtils.java:logGet(46)) - raft.grpc.server.leader.outstanding.appends.max = 8 (default)
2024-07-18 11:33:26,569 [omNode-1@group-0AAC5367B30E-LeaderElection3] INFO  server.RaftServerConfigKeys (ConfUtils.java:logGet(46)) - raft.server.rpc.request.timeout = 3000ms (default)
2024-07-18 11:33:26,569 [omNode-1@group-0AAC5367B30E-LeaderElection3] INFO  grpc.GrpcConfigKeys (ConfUtils.java:logGet(46)) - raft.grpc.server.install_snapshot.request.element-limit = 8 (default)
2024-07-18 11:33:26,569 [omNode-1@group-0AAC5367B30E-LeaderElection3] INFO  grpc.GrpcConfigKeys (ConfUtils.java:logGet(46)) - raft.grpc.server.install_snapshot.request.timeout = 3000ms (default)
2024-07-18 11:33:26,569 [omNode-1@group-0AAC5367B30E-LeaderElection3] INFO  grpc.GrpcConfigKeys (ConfUtils.java:logGet(46)) - raft.grpc.server.log-message.batch.duration = 5s (default)
2024-07-18 11:33:26,570 [omNode-1@group-0AAC5367B30E-LeaderElection3] INFO  server.RaftServerConfigKeys (ConfUtils.java:logGet(46)) - raft.server.log.appender.install.snapshot.enabled = false (custom)
2024-07-18 11:33:26,570 [omNode-1@group-0AAC5367B30E-LeaderElection3] INFO  grpc.GrpcConfigKeys (ConfUtils.java:logGet(46)) - raft.grpc.server.heartbeat.channel = true (default)
2024-07-18 11:33:26,583 [omNode-1@group-0AAC5367B30E-LeaderElection3] INFO  server.RaftServerConfigKeys (ConfUtils.java:logGet(46)) - raft.server.log.appender.snapshot.chunk.size.max = 16MB (=16777216) (default)
2024-07-18 11:33:26,583 [omNode-1@group-0AAC5367B30E-LeaderElection3] INFO  server.RaftServerConfigKeys (ConfUtils.java:logGet(46)) - raft.server.log.appender.buffer.byte-limit = 4194304 (custom)
2024-07-18 11:33:26,583 [omNode-1@group-0AAC5367B30E-LeaderElection3] INFO  server.RaftServerConfigKeys (ConfUtils.java:logGet(46)) - raft.server.log.appender.buffer.element-limit = 1024 (custom)
2024-07-18 11:33:26,583 [omNode-1@group-0AAC5367B30E-LeaderElection3] INFO  server.RaftServerConfigKeys (ConfUtils.java:logGet(46)) - raft.server.log.appender.wait-time.min = 0ms (custom)
2024-07-18 11:33:26,583 [omNode-1@group-0AAC5367B30E-LeaderElection3] INFO  grpc.GrpcConfigKeys (ConfUtils.java:logGet(46)) - raft.grpc.server.leader.outstanding.appends.max = 8 (default)
2024-07-18 11:33:26,583 [omNode-1@group-0AAC5367B30E-LeaderElection3] INFO  server.RaftServerConfigKeys (ConfUtils.java:logGet(46)) - raft.server.rpc.request.timeout = 3000ms (default)
2024-07-18 11:33:26,584 [omNode-1@group-0AAC5367B30E-LeaderElection3] INFO  grpc.GrpcConfigKeys (ConfUtils.java:logGet(46)) - raft.grpc.server.install_snapshot.request.element-limit = 8 (default)
2024-07-18 11:33:26,584 [omNode-1@group-0AAC5367B30E-LeaderElection3] INFO  grpc.GrpcConfigKeys (ConfUtils.java:logGet(46)) - raft.grpc.server.install_snapshot.request.timeout = 3000ms (default)
2024-07-18 11:33:26,584 [omNode-1@group-0AAC5367B30E-LeaderElection3] INFO  grpc.GrpcConfigKeys (ConfUtils.java:logGet(46)) - raft.grpc.server.log-message.batch.duration = 5s (default)
2024-07-18 11:33:26,584 [omNode-1@group-0AAC5367B30E-LeaderElection3] INFO  server.RaftServerConfigKeys (ConfUtils.java:logGet(46)) - raft.server.log.appender.install.snapshot.enabled = false (custom)
2024-07-18 11:33:26,584 [omNode-1@group-0AAC5367B30E-LeaderElection3] INFO  grpc.GrpcConfigKeys (ConfUtils.java:logGet(46)) - raft.grpc.server.heartbeat.channel = true (default)
2024-07-18 11:33:26,586 [omNode-1@group-0AAC5367B30E-LeaderElection3] INFO  impl.RoleInfo (RoleInfo.java:updateAndGet(148)) - omNode-1: start omNode-1@group-0AAC5367B30E-LeaderStateImpl
2024-07-18 11:33:26,586 [omNode-1@group-0AAC5367B30E-LeaderElection3] INFO  server.RaftServer$Division (RaftServerImpl.java:setFirstElection(549)) - omNode-1@group-0AAC5367B30E: set firstElectionSinceStartup to false for becomeLeader
2024-07-18 11:33:26,588 [omNode-1@group-0AAC5367B30E-LeaderElection3] INFO  server.RaftServer$Division (ServerState.java:setLeader(272)) - omNode-1@group-0AAC5367B30E: change Leader from null to omNode-1 at term 1 for becomeLeader, leader elected after 2368ms
2024-07-18 11:33:26,588 [omNode-1@group-0AAC5367B30E-LeaderElection3] INFO  segmented.SegmentedRaftLogWorker (SegmentedRaftLogWorker.java:startLogSegment(433)) - omNode-1@group-0AAC5367B30E-SegmentedRaftLogWorker: Starting segment from index:0
2024-07-18 11:33:26,589 [omNode-1@group-0AAC5367B30E-SegmentedRaftLogWorker] INFO  segmented.BufferedWriteChannel (BufferedWriteChannel.java:open(61)) - open log_inprogress_0 at position 0
2024-07-18 11:33:26,600 [omNode-1@group-0AAC5367B30E-LeaderElection3] INFO  server.RaftServer$Division (ServerState.java:setRaftConf(386)) - omNode-1@group-0AAC5367B30E: set configuration conf: {index: 0, cur=peers:[omNode-3|localhost:15023, omNode-1|localhost:15015, omNode-2|localhost:15019]|listeners:[], old=null}
2024-07-18 11:33:26,600 [omNode-1@group-0AAC5367B30E-SegmentedRaftLogWorker] INFO  segmented.SegmentedRaftLogWorker (SegmentedRaftLogWorker.java:execute(637)) - omNode-1@group-0AAC5367B30E-SegmentedRaftLogWorker: created new log segment /home/runner/work/ozone/ozone/hadoop-ozone/integration-test/target/test-dir/MiniOzoneClusterImpl-c0b7f50e-f813-4849-95b3-646bdd98e01d/omNode-1/ratis/0718e334-ffa1-36bc-8e9a-0aac5367b30e/current/log_inprogress_0
2024-07-18 11:33:26,727 [omNode-2-server-thread1] INFO  server.RaftServer$Division (ServerState.java:setLeader(272)) - omNode-2@group-0AAC5367B30E: change Leader from null to omNode-1 at term 1 for appendEntries, leader elected after 1125ms
2024-07-18 11:33:26,739 [omNode-2-server-thread2] INFO  server.RaftServer$Division (ServerState.java:setRaftConf(386)) - omNode-2@group-0AAC5367B30E: set configuration conf: {index: 0, cur=peers:[omNode-3|localhost:15023, omNode-1|localhost:15015, omNode-2|localhost:15019]|listeners:[], old=null}
2024-07-18 11:33:26,744 [omNode-2-server-thread2] INFO  segmented.SegmentedRaftLogWorker (SegmentedRaftLogWorker.java:startLogSegment(433)) - omNode-2@group-0AAC5367B30E-SegmentedRaftLogWorker: Starting segment from index:0
2024-07-18 11:33:26,745 [omNode-2@group-0AAC5367B30E-SegmentedRaftLogWorker] INFO  segmented.BufferedWriteChannel (BufferedWriteChannel.java:open(61)) - open log_inprogress_0 at position 0
2024-07-18 11:33:26,756 [omNode-2@group-0AAC5367B30E-SegmentedRaftLogWorker] INFO  segmented.SegmentedRaftLogWorker (SegmentedRaftLogWorker.java:execute(637)) - omNode-2@group-0AAC5367B30E-SegmentedRaftLogWorker: created new log segment /home/runner/work/ozone/ozone/hadoop-ozone/integration-test/target/test-dir/MiniOzoneClusterImpl-c0b7f50e-f813-4849-95b3-646bdd98e01d/omNode-2/ratis/0718e334-ffa1-36bc-8e9a-0aac5367b30e/current/log_inprogress_0
2024-07-18 11:33:26,840 [omNode-1@group-0AAC5367B30E-StateMachineUpdater] INFO  ratis.OzoneManagerStateMachine (OzoneManagerStateMachine.java:notifyConfigurationChanged(216)) - Received Configuration change notification from Ratis. New Peer list:
[id: "omNode-3"
address: "localhost:15023"
startupRole: FOLLOWER
, id: "omNode-1"
address: "localhost:15015"
startupRole: FOLLOWER
, id: "omNode-2"
address: "localhost:15019"
startupRole: FOLLOWER
]
2024-07-18 11:33:26,840 [omNode-1@group-0AAC5367B30E-StateMachineUpdater] INFO  server.RaftServer$Division (LeaderStateImpl.java:checkStartIndex(316)) - Leader omNode-1@group-0AAC5367B30E-LeaderStateImpl is ready since appliedIndex == startIndex == 0
2024-07-18 11:33:26,956 [main] INFO  reflections.Reflections (Reflections.java:scan(219)) - Reflections took 559 ms to scan 20 urls, producing 59 keys and 6638 values
2024-07-18 11:33:26,958 [main] INFO  ipc.CallQueueManager (CallQueueManager.java:<init>(90)) - Using callQueue: class java.util.concurrent.LinkedBlockingQueue, queueCapacity: 2000, scheduler: class org.apache.hadoop.ipc.DefaultRpcScheduler, ipcBackoff: false.
2024-07-18 11:33:26,959 [main] INFO  ipc.Server (Server.java:<init>(1287)) - Listener at 127.0.0.1:15020
2024-07-18 11:33:26,967 [Socket Reader #1 for port 15020] INFO  ipc.Server (Server.java:run(1323)) - Starting Socket Reader #1 for port 15020
2024-07-18 11:33:26,984 [main] INFO  impl.MetricsSystemImpl (MetricsSystemImpl.java:init(158)) - OzoneManager metrics system started (again)
2024-07-18 11:33:26,995 [main] INFO  om.OzoneManager (OzoneManager.java:start(1650)) - OzoneManager RPC server is listening at localhost/127.0.0.1:15020
2024-07-18 11:33:26,996 [main] INFO  ratis.OzoneManagerRatisServer (OzoneManagerRatisServer.java:start(594)) - Starting OzoneManagerRatisServer omNode-3 at port 15023
2024-07-18 11:33:26,996 [omNode-3-impl-thread1] INFO  server.RaftServerConfigKeys (ConfUtils.java:logGet(46)) - raft.server.storage.free-space.min = 0MB (=0) (default)
2024-07-18 11:33:26,996 [omNode-3-impl-thread1] INFO  server.RaftServerConfigKeys (ConfUtils.java:logGet(46)) - raft.server.log.corruption.policy = EXCEPTION (default)
2024-07-18 11:33:26,996 [omNode-3-impl-thread1] INFO  server.RaftServerConfigKeys (ConfUtils.java:logGet(46)) - raft.server.storage.dir = [/home/runner/work/ozone/ozone/hadoop-ozone/integration-test/target/test-dir/MiniOzoneClusterImpl-c0b7f50e-f813-4849-95b3-646bdd98e01d/omNode-3/ratis] (custom)
2024-07-18 11:33:26,997 [omNode-3-impl-thread1] INFO  storage.RaftStorageDirectory (RaftStorageDirectoryImpl.java:analyzeStorage(138)) - The storage directory /home/runner/work/ozone/ozone/hadoop-ozone/integration-test/target/test-dir/MiniOzoneClusterImpl-c0b7f50e-f813-4849-95b3-646bdd98e01d/omNode-3/ratis/0718e334-ffa1-36bc-8e9a-0aac5367b30e does not exist. Creating ...
2024-07-18 11:33:26,998 [omNode-3-impl-thread1] INFO  storage.RaftStorageDirectory (RaftStorageDirectoryImpl.java:tryLock(229)) - Lock on /home/runner/work/ozone/ozone/hadoop-ozone/integration-test/target/test-dir/MiniOzoneClusterImpl-c0b7f50e-f813-4849-95b3-646bdd98e01d/omNode-3/ratis/0718e334-ffa1-36bc-8e9a-0aac5367b30e/in_use.lock acquired by nodename 107590@fv-az1113-538
2024-07-18 11:33:27,000 [omNode-3-impl-thread1] INFO  storage.RaftStorage (RaftStorageImpl.java:format(98)) - Storage directory /home/runner/work/ozone/ozone/hadoop-ozone/integration-test/target/test-dir/MiniOzoneClusterImpl-c0b7f50e-f813-4849-95b3-646bdd98e01d/omNode-3/ratis/0718e334-ffa1-36bc-8e9a-0aac5367b30e has been successfully formatted.
2024-07-18 11:33:27,000 [omNode-3-impl-thread1] INFO  server.RaftServerConfigKeys (ConfUtils.java:logGet(46)) - raft.server.log.use.memory = false (default)
2024-07-18 11:33:27,001 [omNode-3-impl-thread1] INFO  server.RaftServerConfigKeys (ConfUtils.java:logGet(46)) - raft.server.log.purge.gap = 1000000 (custom)
2024-07-18 11:33:27,001 [omNode-3-impl-thread1] INFO  server.RaftServerConfigKeys (ConfUtils.java:logGet(46)) - raft.server.log.appender.buffer.byte-limit = 4194304 (custom)
2024-07-18 11:33:27,001 [omNode-3-impl-thread1] INFO  server.RaftServerConfigKeys (ConfUtils.java:logGet(46)) - raft.server.log.statemachine.data.read.timeout = 1000ms (default)
2024-07-18 11:33:27,001 [omNode-3-impl-thread1] INFO  server.RaftServerConfigKeys (ConfUtils.java:logGet(46)) - raft.server.log.purge.preservation.log.num = 0 (default)
2024-07-18 11:33:27,002 [omNode-3-impl-thread1] INFO  server.RaftServerConfigKeys (ConfUtils.java:logGet(46)) - raft.server.log.segment.size.max = 4194304 (custom)
2024-07-18 11:33:27,003 [omNode-3-impl-thread1] INFO  server.RaftServerConfigKeys (ConfUtils.java:logGet(46)) - raft.server.log.segment.cache.num.max = 2 (custom)
2024-07-18 11:33:27,003 [omNode-3-impl-thread1] INFO  server.RaftServerConfigKeys (ConfUtils.java:logGet(46)) - raft.server.log.segment.cache.size.max = 200MB (=209715200) (default)
2024-07-18 11:33:27,003 [omNode-3-impl-thread1] INFO  server.RaftServerConfigKeys (ConfUtils.java:logGet(46)) - raft.server.log.appender.buffer.byte-limit = 4194304 (custom)
2024-07-18 11:33:27,003 [omNode-3-impl-thread1] INFO  util.AwaitToRun (AwaitToRun.java:start(81)) - Thread[omNode-3@group-0AAC5367B30E-cacheEviction-AwaitToRun,5,main] started
2024-07-18 11:33:27,003 [omNode-3-impl-thread1] INFO  segmented.SegmentedRaftLogWorker (SegmentedRaftLogWorker.java:<init>(184)) - new omNode-3@group-0AAC5367B30E-SegmentedRaftLogWorker for RaftStorageImpl:Storage Directory /home/runner/work/ozone/ozone/hadoop-ozone/integration-test/target/test-dir/MiniOzoneClusterImpl-c0b7f50e-f813-4849-95b3-646bdd98e01d/omNode-3/ratis/0718e334-ffa1-36bc-8e9a-0aac5367b30e
2024-07-18 11:33:27,003 [omNode-3-impl-thread1] INFO  server.RaftServerConfigKeys (ConfUtils.java:logGet(46)) - raft.server.log.queue.byte-limit = 64MB (=67108864) (default)
2024-07-18 11:33:27,003 [omNode-3-impl-thread1] INFO  server.RaftServerConfigKeys (ConfUtils.java:logGet(46)) - raft.server.log.queue.element-limit = 4096 (default)
2024-07-18 11:33:27,003 [omNode-3-impl-thread1] INFO  server.RaftServerConfigKeys (ConfUtils.java:logGet(46)) - raft.server.log.segment.size.max = 4194304 (custom)
2024-07-18 11:33:27,003 [omNode-3-impl-thread1] INFO  server.RaftServerConfigKeys (ConfUtils.java:logGet(46)) - raft.server.log.preallocated.size = 4194304 (custom)
2024-07-18 11:33:27,003 [omNode-3-impl-thread1] INFO  server.RaftServerConfigKeys (ConfUtils.java:logGet(46)) - raft.server.log.force.sync.num = 128 (default)
2024-07-18 11:33:27,003 [omNode-3-impl-thread1] INFO  server.RaftServerConfigKeys (ConfUtils.java:logGet(46)) - raft.server.log.statemachine.data.sync = true (default)
2024-07-18 11:33:27,004 [omNode-3-impl-thread1] INFO  server.RaftServerConfigKeys (ConfUtils.java:logGet(46)) - raft.server.log.statemachine.data.sync.timeout = 10s (default)
2024-07-18 11:33:27,004 [omNode-3-impl-thread1] INFO  server.RaftServerConfigKeys (ConfUtils.java:logGet(46)) - raft.server.log.statemachine.data.sync.timeout.retry = -1 (default)
2024-07-18 11:33:27,004 [omNode-3-impl-thread1] INFO  server.RaftServerConfigKeys (ConfUtils.java:logGet(46)) - raft.server.log.write.buffer.size = 4194312 (custom)
2024-07-18 11:33:27,005 [omNode-3-impl-thread1] INFO  server.RaftServerConfigKeys (ConfUtils.java:logGet(46)) - raft.server.log.appender.buffer.byte-limit = 4194304 (custom)
2024-07-18 11:33:27,005 [omNode-3-impl-thread1] INFO  server.RaftServerConfigKeys (ConfUtils.java:logGet(46)) - raft.server.log.unsafe-flush.enabled = false (default)
2024-07-18 11:33:27,005 [omNode-3-impl-thread1] INFO  server.RaftServerConfigKeys (ConfUtils.java:logGet(46)) - raft.server.log.async-flush.enabled = false (default)
2024-07-18 11:33:27,006 [omNode-3-impl-thread1] INFO  server.RaftServerConfigKeys (ConfUtils.java:logGet(46)) - raft.server.log.statemachine.data.caching.enabled = false (default)
2024-07-18 11:33:27,006 [omNode-3-impl-thread1] INFO  segmented.SegmentedRaftLogWorker (SegmentedRaftLogWorker.java:lambda$new$0(135)) - omNode-3@group-0AAC5367B30E-SegmentedRaftLogWorker: flushIndex: setUnconditionally 0 -> -1
2024-07-18 11:33:27,006 [omNode-3-impl-thread1] INFO  segmented.SegmentedRaftLogWorker (SegmentedRaftLogWorker.java:lambda$new$0(135)) - omNode-3@group-0AAC5367B30E-SegmentedRaftLogWorker: safeCacheEvictIndex: setUnconditionally 0 -> -1
2024-07-18 11:33:27,008 [omNode-3-impl-thread1] INFO  server.RaftServer$Division (RaftServerImpl.java:start(389)) - omNode-3@group-0AAC5367B30E: start as a follower, conf=conf: {index: -1, cur=peers:[omNode-3|localhost:15023, omNode-1|localhost:15015, omNode-2|localhost:15019]|listeners:[], old=null}
2024-07-18 11:33:27,008 [omNode-3-impl-thread1] INFO  server.RaftServer$Division (RaftServerImpl.java:setRole(376)) - omNode-3@group-0AAC5367B30E: changes role from      null to FOLLOWER at term 0 for startAsFollower
2024-07-18 11:33:27,008 [omNode-3-impl-thread1] INFO  impl.RoleInfo (RoleInfo.java:updateAndGet(148)) - omNode-3: start omNode-3@group-0AAC5367B30E-FollowerState
2024-07-18 11:33:27,012 [omNode-3-impl-thread1] INFO  util.JmxRegister (JmxRegister.java:tryRegister(44)) - Successfully registered JMX Bean with object name Ratis:service=RaftServer,group=group-0AAC5367B30E,id=omNode-3
2024-07-18 11:33:27,012 [omNode-3-impl-thread1] INFO  util.JmxRegister (JmxRegister.java:register(58)) - register mxBean class org.apache.ratis.server.impl.RaftServerJmxAdapter as Ratis:service=RaftServer,group=group-0AAC5367B30E,id=omNode-3
2024-07-18 11:33:27,012 [omNode-3-impl-thread1] INFO  server.RaftServerConfigKeys (ConfUtils.java:logGet(46)) - raft.server.snapshot.trigger-when-stop.enabled = true (default)
2024-07-18 11:33:27,012 [omNode-3-impl-thread1] INFO  server.RaftServerConfigKeys (ConfUtils.java:logGet(46)) - raft.server.snapshot.trigger-when-remove.enabled = true (default)
2024-07-18 11:33:27,013 [omNode-3-impl-thread1] INFO  server.RaftServerConfigKeys (ConfUtils.java:logGet(46)) - raft.server.snapshot.auto.trigger.enabled = true (custom)
2024-07-18 11:33:27,013 [omNode-3-impl-thread1] INFO  server.RaftServerConfigKeys (ConfUtils.java:logGet(46)) - raft.server.snapshot.auto.trigger.threshold = 400000 (default)
2024-07-18 11:33:27,013 [omNode-3-impl-thread1] INFO  server.RaftServerConfigKeys (ConfUtils.java:logGet(46)) - raft.server.snapshot.retention.file.num = -1 (default)
2024-07-18 11:33:27,013 [omNode-3-impl-thread1] INFO  server.RaftServerConfigKeys (ConfUtils.java:logGet(46)) - raft.server.log.purge.upto.snapshot.index = true (custom)
2024-07-18 11:33:27,014 [omNode-3@group-0AAC5367B30E-FollowerState] INFO  server.RaftServerConfigKeys (ConfUtils.java:logFallback(53)) - raft.server.rpc.first-election.timeout.min = 1s (fallback to raft.server.rpc.timeout.min)
2024-07-18 11:33:27,014 [omNode-3@group-0AAC5367B30E-FollowerState] INFO  server.RaftServerConfigKeys (ConfUtils.java:logFallback(53)) - raft.server.rpc.first-election.timeout.max = 1200ms (fallback to raft.server.rpc.timeout.max)
2024-07-18 11:33:27,016 [main] INFO  server.RaftServer (RaftServerProxy.java:startImpl(408)) - omNode-3: start RPC server
2024-07-18 11:33:27,017 [main] INFO  server.GrpcService (GrpcService.java:startImpl(302)) - omNode-3: GrpcService started, listening on 15023
2024-07-18 11:33:27,018 [main] INFO  om.OzoneManager (OzoneManager.java:start(1666)) - Version File has different layout version (6) than OM DB (null). That is expected if this OM has never been finalized to a newer layout version.
2024-07-18 11:33:27,018 [JvmPauseMonitor4] INFO  util.JvmPauseMonitor (JvmPauseMonitor.java:run(146)) - JvmPauseMonitor-omNode-3: Started
2024-07-18 11:33:27,021 [main] INFO  client.ScmTopologyClient (ScmTopologyClient.java:start(72)) - Initial network topology fetched from SCM: /.
2024-07-18 11:33:27,022 [main] INFO  net.NodeSchemaLoader (NodeSchemaLoader.java:loadSchemaFromFile(129)) - Loading schema from [jar:file:/home/runner/work/ozone/ozone/hadoop-hdds/common/target/hdds-common-1.5.0-SNAPSHOT.jar!/network-topology-default.xml]
2024-07-18 11:33:27,022 [main] INFO  net.NodeSchemaLoader (NodeSchemaLoader.java:loadSchema(176)) - Loading network topology layer schema file
2024-07-18 11:33:27,032 [main] INFO  http.BaseHttpServer (BaseHttpServer.java:newHttpServer2BuilderForOzone(223)) - Starting Web-server for ozoneManager at: http://0.0.0.0:15021
2024-07-18 11:33:27,032 [main] INFO  http.BaseHttpServer (BaseHttpServer.java:<init>(110)) - Hadoop Security Enabled: false Ozone Security Enabled: false Ozone HTTP Security Enabled: false 
2024-07-18 11:33:27,034 [main] WARN  server.AuthenticationFilter (AuthenticationFilter.java:constructSecretProvider(240)) - Unable to initialize FileSignerSecretProvider, falling back to use random secrets. Reason: Could not read signature secret file: /home/runner/hadoop-http-auth-signature-secret
2024-07-18 11:33:27,035 [main] INFO  http.HttpRequestLog (HttpRequestLog.java:getRequestLog(86)) - Http request log for http.requests.ozoneManager is not defined
2024-07-18 11:33:27,037 [main] INFO  http.HttpServer2 (HttpServer2.java:addGlobalFilter(1035)) - Added global filter 'safety' (class=org.apache.hadoop.hdds.server.http.HttpServer2$QuotingInputFilter)
2024-07-18 11:33:27,039 [main] INFO  http.HttpServer2 (HttpServer2.java:addFilter(1011)) - Added filter static_user_filter (class=org.apache.hadoop.http.lib.StaticUserWebFilter$StaticUserFilter) to context ozoneManager
2024-07-18 11:33:27,039 [main] INFO  http.HttpServer2 (HttpServer2.java:addFilter(1019)) - Added filter static_user_filter (class=org.apache.hadoop.http.lib.StaticUserWebFilter$StaticUserFilter) to context logs
2024-07-18 11:33:27,039 [main] INFO  http.HttpServer2 (HttpServer2.java:addFilter(1019)) - Added filter static_user_filter (class=org.apache.hadoop.http.lib.StaticUserWebFilter$StaticUserFilter) to context static
2024-07-18 11:33:27,040 [main] INFO  http.BaseHttpServer (BaseHttpServer.java:<init>(189)) - HTTP server of ozoneManager uses base directory /home/runner/work/ozone/ozone/hadoop-ozone/integration-test/target/test-dir/MiniOzoneClusterImpl-c0b7f50e-f813-4849-95b3-646bdd98e01d/omNode-3/webserver
2024-07-18 11:33:27,041 [main] INFO  http.HttpServer2 (HttpServer2.java:bindListener(1235)) - Jetty bound to port 15021
2024-07-18 11:33:27,041 [main] INFO  server.Server (Server.java:doStart(375)) - jetty-9.4.55.v20240627; built: 2024-06-27T15:05:37.765Z; git: 70015831e5195ba74da6383c4ab7c90c56bb08af; jvm 17.0.11+9
2024-07-18 11:33:27,042 [main] INFO  server.session (DefaultSessionIdManager.java:doStart(334)) - DefaultSessionIdManager workerName=node0
2024-07-18 11:33:27,042 [main] INFO  server.session (DefaultSessionIdManager.java:doStart(339)) - No SessionScavenger set, using defaults
2024-07-18 11:33:27,043 [main] INFO  server.session (HouseKeeper.java:startScavenging(132)) - node0 Scavenging every 660000ms
2024-07-18 11:33:27,043 [main] INFO  handler.ContextHandler (ContextHandler.java:doStart(921)) - Started o.e.j.s.ServletContextHandler@7001e12f{logs,/logs,file:///home/runner/work/ozone/ozone/hadoop-ozone/integration-test/target/log,AVAILABLE}
2024-07-18 11:33:27,044 [main] INFO  handler.ContextHandler (ContextHandler.java:doStart(921)) - Started o.e.j.s.ServletContextHandler@3a6b8805{static,/static,file:///home/runner/work/ozone/ozone/hadoop-ozone/integration-test/target/test-classes/webapps/static,AVAILABLE}
2024-07-18 11:33:27,050 [main] INFO  handler.ContextHandler (ContextHandler.java:doStart(921)) - Started o.e.j.w.WebAppContext@4f415a37{ozoneManager,/,file:///home/runner/work/ozone/ozone/hadoop-ozone/integration-test/target/test-classes/webapps/ozoneManager/,AVAILABLE}{file:/home/runner/work/ozone/ozone/hadoop-ozone/integration-test/target/test-classes/webapps/ozoneManager}
2024-07-18 11:33:27,051 [main] INFO  server.AbstractConnector (AbstractConnector.java:doStart(333)) - Started ServerConnector@199763ea{HTTP/1.1, (http/1.1)}{0.0.0.0:15021}
2024-07-18 11:33:27,052 [main] INFO  server.Server (Server.java:doStart(415)) - Started @20389ms
2024-07-18 11:33:27,052 [main] WARN  impl.MetricsSystemImpl (MetricsSystemImpl.java:register(279)) - Sink prometheus already exists!
2024-07-18 11:33:27,053 [main] INFO  http.BaseHttpServer (BaseHttpServer.java:updateConnectorAddress(354)) - HTTP server of ozoneManager listening at http://0.0.0.0:15021
2024-07-18 11:33:27,054 [IPC Server Responder] INFO  ipc.Server (Server.java:run(1562)) - IPC Server Responder: starting
2024-07-18 11:33:27,054 [IPC Server listener on 15020] INFO  ipc.Server (Server.java:run(1402)) - IPC Server listener on 15020: starting
2024-07-18 11:33:27,056 [main] INFO  om.OzoneManager (OzoneManager.java:startTrashEmptier(2121)) - Trash Interval set to 0. Files deleted won't move to trash
2024-07-18 11:33:27,056 [main] INFO  ozone.MiniOzoneHAClusterImpl (MiniOzoneHAClusterImpl.java:createOMService(517)) - Started OzoneManager omNode-3 RPC server at localhost/127.0.0.1:15020
2024-07-18 11:33:27,137 [main] WARN  dropwizard3.Dm3MetricRegistriesImpl (Dm3MetricRegistriesImpl.java:addReporterRegistration(114)) - New reporters are added after registries were created. Some metrics will be missing from the reporter. Please add reporter before adding any new registry.
2024-07-18 11:33:27,137 [main] WARN  dropwizard3.Dm3MetricRegistriesImpl (Dm3MetricRegistriesImpl.java:addReporterRegistration(114)) - New reporters are added after registries were created. Some metrics will be missing from the reporter. Please add reporter before adding any new registry.
2024-07-18 11:33:27,137 [main] INFO  impl.MetricsSystemImpl (MetricsSystemImpl.java:init(158)) - HddsDatanode metrics system started (again)
2024-07-18 11:33:27,156 [main] INFO  ozone.HddsDatanodeService (HddsDatanodeService.java:start(236)) - HddsDatanodeService host:fv-az1113-538 ip:10.1.0.12
2024-07-18 11:33:27,161 [main] INFO  upgrade.AbstractLayoutVersionManager (AbstractLayoutVersionManager.java:init(83)) - Initializing Layout version manager with metadata layout = HADOOP_PRC_PORTS_IN_DATANODEDETAILS (version = 7), software layout = HADOOP_PRC_PORTS_IN_DATANODEDETAILS (version = 7)
2024-07-18 11:33:27,162 [main] INFO  ha.SCMNodeInfo (SCMNodeInfo.java:getPort(197)) - ConfigKey ozone.scm.client.address is deprecated, For configuring different ports for each SCM use PortConfigKey ozone.scm.client.port appended with serviceId and nodeId
2024-07-18 11:33:27,162 [main] INFO  ha.SCMNodeInfo (SCMNodeInfo.java:getPort(197)) - ConfigKey ozone.scm.block.client.address is deprecated, For configuring different ports for each SCM use PortConfigKey ozone.scm.block.client.port appended with serviceId and nodeId
2024-07-18 11:33:27,162 [main] INFO  ha.SCMNodeInfo (SCMNodeInfo.java:getPort(197)) - ConfigKey ozone.scm.security.service.address is deprecated, For configuring different ports for each SCM use PortConfigKey ozone.scm.security.service.port appended with serviceId and nodeId
2024-07-18 11:33:27,162 [main] INFO  ha.SCMNodeInfo (SCMNodeInfo.java:getPort(197)) - ConfigKey ozone.scm.datanode.address is deprecated, For configuring different ports for each SCM use PortConfigKey ozone.scm.datanode.port appended with serviceId and nodeId
2024-07-18 11:33:27,163 [main] INFO  statemachine.DatanodeStateMachine (DatanodeStateMachine.java:getEndPointTaskThreadPoolSize(293)) - Datanode State Machine Task Thread Pool size 2
2024-07-18 11:33:27,204 [main] INFO  volume.HddsVolume (HddsVolume.java:<init>(126)) - Creating HddsVolume: /home/runner/work/ozone/ozone/hadoop-ozone/integration-test/target/test-dir/MiniOzoneClusterImpl-c0b7f50e-f813-4849-95b3-646bdd98e01d/ozone-meta/datanode-1/data-0/hdds of storage type : DISK capacity : 9222449699674390527
2024-07-18 11:33:27,206 [main] INFO  volume.MutableVolumeSet (MutableVolumeSet.java:initializeVolumeSet(173)) - Added Volume : /home/runner/work/ozone/ozone/hadoop-ozone/integration-test/target/test-dir/MiniOzoneClusterImpl-c0b7f50e-f813-4849-95b3-646bdd98e01d/ozone-meta/datanode-1/data-0/hdds to VolumeSet
2024-07-18 11:33:27,209 [main] INFO  volume.MutableVolumeSet (MutableVolumeSet.java:initializeVolumeSet(173)) - Added Volume : /home/runner/work/ozone/ozone/hadoop-ozone/integration-test/target/test-dir/MiniOzoneClusterImpl-c0b7f50e-f813-4849-95b3-646bdd98e01d/ozone-meta/datanode-1/ratis to VolumeSet
2024-07-18 11:33:27,214 [main] INFO  ozoneimpl.OzoneContainer (HddsVolumeUtil.java:loadAllHddsVolumeDbStore(103)) - Load 1 volumes DbStore cost: 0ms
2024-07-18 11:33:27,259 [main] INFO  audit.AuditLogger (AuditLogger.java:refreshDebugCmdSet(135)) - Refresh DebugCmdSet for DNAudit to [].
2024-07-18 11:33:27,267 [omNode-2@group-0AAC5367B30E-StateMachineUpdater] INFO  ratis.OzoneManagerStateMachine (OzoneManagerStateMachine.java:notifyConfigurationChanged(216)) - Received Configuration change notification from Ratis. New Peer list:
[id: "omNode-3"
address: "localhost:15023"
startupRole: FOLLOWER
, id: "omNode-1"
address: "localhost:15015"
startupRole: FOLLOWER
, id: "omNode-2"
address: "localhost:15019"
startupRole: FOLLOWER
]
2024-07-18 11:33:27,274 [omNode-3-server-thread1] INFO  server.RaftServer$Division (RaftServerImpl.java:setFirstElection(549)) - omNode-3@group-0AAC5367B30E: set firstElectionSinceStartup to false for appendEntries
2024-07-18 11:33:27,274 [omNode-3-server-thread1] INFO  server.RaftServer$Division (ServerState.java:setLeader(272)) - omNode-3@group-0AAC5367B30E: change Leader from null to omNode-1 at term 1 for appendEntries, leader elected after 860ms
2024-07-18 11:33:27,275 [omNode-3-server-thread1] INFO  server.RaftServer$Division (RaftServerImpl.java:checkInconsistentAppendEntries(1651)) - omNode-3@group-0AAC5367B30E: Failed appendEntries as previous log entry ((t:1, i:0)) is not found
2024-07-18 11:33:27,275 [omNode-3-server-thread1] INFO  server.RaftServer$Division (RaftServerImpl.java:appendEntriesAsync(1584)) - omNode-3@group-0AAC5367B30E: appendEntries* reply omNode-1<-omNode-3#747:FAIL-t0,INCONSISTENCY,nextIndex=0,followerCommit=-1,matchIndex=-1
2024-07-18 11:33:27,281 [omNode-3-server-thread1] INFO  server.RaftServer$Division (ServerState.java:setRaftConf(386)) - omNode-3@group-0AAC5367B30E: set configuration conf: {index: 0, cur=peers:[omNode-3|localhost:15023, omNode-1|localhost:15015, omNode-2|localhost:15019]|listeners:[], old=null}
2024-07-18 11:33:27,281 [omNode-3-server-thread1] INFO  segmented.SegmentedRaftLogWorker (SegmentedRaftLogWorker.java:startLogSegment(433)) - omNode-3@group-0AAC5367B30E-SegmentedRaftLogWorker: Starting segment from index:0
2024-07-18 11:33:27,282 [omNode-3@group-0AAC5367B30E-SegmentedRaftLogWorker] INFO  segmented.BufferedWriteChannel (BufferedWriteChannel.java:open(61)) - open log_inprogress_0 at position 0
2024-07-18 11:33:27,292 [main] INFO  server.RaftServer (ConfUtils.java:logGet(46)) - raft.rpc.type = GRPC (default)
2024-07-18 11:33:27,292 [main] INFO  grpc.GrpcConfigKeys (ConfUtils.java:logFallback(53)) - raft.grpc.admin.host = null (fallback to raft.grpc.server.host)
2024-07-18 11:33:27,292 [main] INFO  grpc.GrpcConfigKeys (ConfUtils.java:logGet(46)) - raft.grpc.admin.port = 15029 (custom)
2024-07-18 11:33:27,292 [main] INFO  grpc.GrpcConfigKeys (ConfUtils.java:logFallback(53)) - raft.grpc.client.host = null (fallback to raft.grpc.server.host)
2024-07-18 11:33:27,292 [main] INFO  grpc.GrpcConfigKeys (ConfUtils.java:logGet(46)) - raft.grpc.client.port = 15028 (custom)
2024-07-18 11:33:27,292 [main] INFO  grpc.GrpcConfigKeys (ConfUtils.java:logGet(46)) - raft.grpc.server.host = null (default)
2024-07-18 11:33:27,293 [omNode-3@group-0AAC5367B30E-SegmentedRaftLogWorker] INFO  segmented.SegmentedRaftLogWorker (SegmentedRaftLogWorker.java:execute(637)) - omNode-3@group-0AAC5367B30E-SegmentedRaftLogWorker: created new log segment /home/runner/work/ozone/ozone/hadoop-ozone/integration-test/target/test-dir/MiniOzoneClusterImpl-c0b7f50e-f813-4849-95b3-646bdd98e01d/omNode-3/ratis/0718e334-ffa1-36bc-8e9a-0aac5367b30e/current/log_inprogress_0
2024-07-18 11:33:27,293 [main] INFO  grpc.GrpcConfigKeys (ConfUtils.java:logGet(46)) - raft.grpc.server.port = 15030 (custom)
2024-07-18 11:33:27,294 [main] INFO  server.GrpcService (ConfUtils.java:logGet(46)) - raft.grpc.message.size.max = 32MB (=33554432) (custom)
2024-07-18 11:33:27,294 [main] INFO  server.RaftServerConfigKeys (ConfUtils.java:logGet(46)) - raft.server.log.appender.buffer.byte-limit = 8388608 (custom)
2024-07-18 11:33:27,294 [main] INFO  server.GrpcService (ConfUtils.java:logGet(46)) - raft.grpc.flow.control.window = 5MB (=5242880) (custom)
2024-07-18 11:33:27,294 [main] INFO  server.RaftServerConfigKeys (ConfUtils.java:logGet(46)) - raft.server.rpc.request.timeout = 60s (custom)
2024-07-18 11:33:27,294 [main] INFO  grpc.GrpcConfigKeys (ConfUtils.java:logGet(46)) - raft.grpc.server.heartbeat.channel = true (default)
2024-07-18 11:33:27,294 [main] INFO  grpc.GrpcConfigKeys (ConfUtils.java:logGet(46)) - raft.grpc.server.async.request.thread.pool.cached = true (default)
2024-07-18 11:33:27,294 [main] INFO  grpc.GrpcConfigKeys (ConfUtils.java:logGet(46)) - raft.grpc.server.async.request.thread.pool.size = 32 (default)
2024-07-18 11:33:27,296 [main] INFO  impl.DataStreamServerImpl (ConfUtils.java:logGet(46)) - raft.datastream.type = NETTY (custom)
2024-07-18 11:33:27,299 [omNode-3@group-0AAC5367B30E-StateMachineUpdater] INFO  ratis.OzoneManagerStateMachine (OzoneManagerStateMachine.java:notifyConfigurationChanged(216)) - Received Configuration change notification from Ratis. New Peer list:
[id: "omNode-3"
address: "localhost:15023"
startupRole: FOLLOWER
, id: "omNode-1"
address: "localhost:15015"
startupRole: FOLLOWER
, id: "omNode-2"
address: "localhost:15019"
startupRole: FOLLOWER
]
2024-07-18 11:33:27,304 [main] INFO  server.RaftServerConfigKeys (ConfUtils.java:logGet(46)) - raft.server.data-stream.async.request.thread.pool.cached = false (default)
2024-07-18 11:33:27,305 [main] INFO  server.RaftServerConfigKeys (ConfUtils.java:logGet(46)) - raft.server.data-stream.async.request.thread.pool.size = 20 (custom)
2024-07-18 11:33:27,305 [main] INFO  server.RaftServerConfigKeys (ConfUtils.java:logGet(46)) - raft.server.data-stream.async.write.thread.pool.size = 16 (default)
2024-07-18 11:33:27,307 [main] INFO  netty.NettyConfigKeys$DataStream (ConfUtils.java:logGet(46)) - raft.netty.dataStream.server.channel.inactive.grace-period = 10min (default)
2024-07-18 11:33:27,307 [main] INFO  server.RaftServerConfigKeys (ConfUtils.java:logGet(46)) - raft.server.data-stream.client.pool.size = 10 (default)
2024-07-18 11:33:27,309 [main] INFO  netty.NettyConfigKeys$DataStream (ConfUtils.java:logGet(46)) - raft.netty.dataStream.server.use-epoll = true (default)
2024-07-18 11:33:27,309 [main] INFO  netty.NettyConfigKeys$DataStream (ConfUtils.java:logGet(46)) - raft.netty.dataStream.server.boss-group.size = 0 (default)
2024-07-18 11:33:27,310 [main] INFO  netty.NettyUtils (NettyUtils.java:newEventLoopGroup(74)) - Create EpollEventLoopGroup for 0339cccf-75ab-4f40-8420-baf6c795ced3-NettyServerStreamRpc-bossGroup; Thread size is 0.
2024-07-18 11:33:27,310 [main] INFO  netty.NettyConfigKeys$DataStream (ConfUtils.java:logGet(46)) - raft.netty.dataStream.server.worker-group.size = 0 (default)
2024-07-18 11:33:27,310 [main] INFO  netty.NettyUtils (NettyUtils.java:newEventLoopGroup(74)) - Create EpollEventLoopGroup for 0339cccf-75ab-4f40-8420-baf6c795ced3-NettyServerStreamRpc-workerGroup; Thread size is 0.
2024-07-18 11:33:27,311 [main] INFO  netty.NettyConfigKeys$DataStream (ConfUtils.java:logGet(46)) - raft.netty.dataStream.server.tls.conf = null (default)
2024-07-18 11:33:27,312 [main] INFO  netty.NettyConfigKeys$DataStream (ConfUtils.java:logGet(46)) - raft.netty.dataStream.host = null (default)
2024-07-18 11:33:27,312 [main] INFO  netty.NettyConfigKeys$DataStream (ConfUtils.java:logGet(46)) - raft.netty.dataStream.port = 15031 (custom)
2024-07-18 11:33:27,315 [main] INFO  server.RaftServerConfigKeys (ConfUtils.java:logGet(46)) - raft.server.sleep.deviation.threshold = 300ms (default)
2024-07-18 11:33:27,315 [main] INFO  server.RaftServerConfigKeys (ConfUtils.java:logGet(46)) - raft.server.close.threshold = 60s (default)
2024-07-18 11:33:27,315 [main] INFO  server.RaftServerConfigKeys (ConfUtils.java:logGet(46)) - raft.server.leaderelection.leader.step-down.wait-time = 10s (default)
2024-07-18 11:33:27,316 [main] INFO  server.RaftServerConfigKeys (ConfUtils.java:logGet(46)) - raft.server.storage.dir = [/home/runner/work/ozone/ozone/hadoop-ozone/integration-test/target/test-dir/MiniOzoneClusterImpl-c0b7f50e-f813-4849-95b3-646bdd98e01d/ozone-meta/datanode-1/ratis] (custom)
2024-07-18 11:33:27,316 [main] INFO  server.RaftServerConfigKeys (ConfUtils.java:logGet(46)) - raft.server.threadpool.proxy.cached = true (default)
2024-07-18 11:33:27,316 [main] INFO  server.RaftServerConfigKeys (ConfUtils.java:logGet(46)) - raft.server.threadpool.proxy.size = 0 (default)
2024-07-18 11:33:27,322 [0339cccf-75ab-4f40-8420-baf6c795ced3-impl-thread1] INFO  server.RaftServer (RaftServerProxy.java:initGroupDir(266)) - 0339cccf-75ab-4f40-8420-baf6c795ced3: found a subdirectory /home/runner/work/ozone/ozone/hadoop-ozone/integration-test/target/test-dir/MiniOzoneClusterImpl-c0b7f50e-f813-4849-95b3-646bdd98e01d/ozone-meta/datanode-1/ratis/tmp
2024-07-18 11:33:27,322 [0339cccf-75ab-4f40-8420-baf6c795ced3-impl-thread1] INFO  server.RaftServer (RaftServerProxy.java:initGroupDir(271)) - 0339cccf-75ab-4f40-8420-baf6c795ced3: The directory /home/runner/work/ozone/ozone/hadoop-ozone/integration-test/target/test-dir/MiniOzoneClusterImpl-c0b7f50e-f813-4849-95b3-646bdd98e01d/ozone-meta/datanode-1/ratis/tmp is not a group directory; ignoring it. 
2024-07-18 11:33:27,324 [0339cccf-75ab-4f40-8420-baf6c795ced3-NettyServerStreamRpc-bossGroup--thread1] INFO  logging.LoggingHandler (AbstractInternalLogger.java:log(148)) - [id: 0x236d4bda] REGISTERED
2024-07-18 11:33:27,324 [0339cccf-75ab-4f40-8420-baf6c795ced3-NettyServerStreamRpc-bossGroup--thread1] INFO  logging.LoggingHandler (AbstractInternalLogger.java:log(148)) - [id: 0x236d4bda] BIND: 0.0.0.0/0.0.0.0:15031
2024-07-18 11:33:27,325 [0339cccf-75ab-4f40-8420-baf6c795ced3-NettyServerStreamRpc-bossGroup--thread1] INFO  logging.LoggingHandler (AbstractInternalLogger.java:log(148)) - [id: 0x236d4bda, L:/0.0.0.0:15031] ACTIVE
2024-07-18 11:33:27,326 [main] INFO  replication.ReplicationServer (ReplicationServer.java:<init>(86)) - Initializing replication server with thread count = 10 queue length = 4096
2024-07-18 11:33:27,345 [main] INFO  server.XceiverServerGrpc (XceiverServerGrpc.java:<init>(141)) - GrpcServer channel type EpollServerSocketChannel
2024-07-18 11:33:27,378 [main] INFO  replication.ReplicationSupervisor (ReplicationSupervisor.java:build(157)) - Initializing replication supervisor with thread count = 10
2024-07-18 11:33:27,379 [main] INFO  replication.ReplicationSupervisor (ReplicationSupervisor.java:nodeStateUpdated(312)) - Node state updated to IN_SERVICE, scaling executor pool size to 10
2024-07-18 11:33:27,429 [main] INFO  http.BaseHttpServer (BaseHttpServer.java:newHttpServer2BuilderForOzone(223)) - Starting Web-server for hddsDatanode at: http://0.0.0.0:15025
2024-07-18 11:33:27,430 [main] INFO  http.BaseHttpServer (BaseHttpServer.java:<init>(110)) - Hadoop Security Enabled: false Ozone Security Enabled: false Ozone HTTP Security Enabled: false 
2024-07-18 11:33:27,432 [main] WARN  server.AuthenticationFilter (AuthenticationFilter.java:constructSecretProvider(240)) - Unable to initialize FileSignerSecretProvider, falling back to use random secrets. Reason: Could not read signature secret file: /home/runner/hadoop-http-auth-signature-secret
2024-07-18 11:33:27,433 [main] INFO  http.HttpRequestLog (HttpRequestLog.java:getRequestLog(86)) - Http request log for http.requests.hddsDatanode is not defined
2024-07-18 11:33:27,434 [main] INFO  http.HttpServer2 (HttpServer2.java:addGlobalFilter(1035)) - Added global filter 'safety' (class=org.apache.hadoop.hdds.server.http.HttpServer2$QuotingInputFilter)
2024-07-18 11:33:27,435 [main] INFO  http.HttpServer2 (HttpServer2.java:addFilter(1011)) - Added filter static_user_filter (class=org.apache.hadoop.http.lib.StaticUserWebFilter$StaticUserFilter) to context hddsDatanode
2024-07-18 11:33:27,435 [main] INFO  http.HttpServer2 (HttpServer2.java:addFilter(1019)) - Added filter static_user_filter (class=org.apache.hadoop.http.lib.StaticUserWebFilter$StaticUserFilter) to context logs
2024-07-18 11:33:27,435 [main] INFO  http.HttpServer2 (HttpServer2.java:addFilter(1019)) - Added filter static_user_filter (class=org.apache.hadoop.http.lib.StaticUserWebFilter$StaticUserFilter) to context static
2024-07-18 11:33:27,436 [main] INFO  http.BaseHttpServer (BaseHttpServer.java:<init>(189)) - HTTP server of hddsDatanode uses base directory /home/runner/work/ozone/ozone/hadoop-ozone/integration-test/target/test-dir/MiniOzoneClusterImpl-c0b7f50e-f813-4849-95b3-646bdd98e01d/ozone-meta/datanode-1/meta/webserver
2024-07-18 11:33:27,437 [main] INFO  http.HttpServer2 (HttpServer2.java:bindListener(1235)) - Jetty bound to port 15025
2024-07-18 11:33:27,437 [main] INFO  server.Server (Server.java:doStart(375)) - jetty-9.4.55.v20240627; built: 2024-06-27T15:05:37.765Z; git: 70015831e5195ba74da6383c4ab7c90c56bb08af; jvm 17.0.11+9
2024-07-18 11:33:27,448 [main] INFO  server.session (DefaultSessionIdManager.java:doStart(334)) - DefaultSessionIdManager workerName=node0
2024-07-18 11:33:27,448 [main] INFO  server.session (DefaultSessionIdManager.java:doStart(339)) - No SessionScavenger set, using defaults
2024-07-18 11:33:27,449 [main] INFO  server.session (HouseKeeper.java:startScavenging(132)) - node0 Scavenging every 600000ms
2024-07-18 11:33:27,449 [main] INFO  handler.ContextHandler (ContextHandler.java:doStart(921)) - Started o.e.j.s.ServletContextHandler@394ec37c{logs,/logs,file:///home/runner/work/ozone/ozone/hadoop-ozone/integration-test/target/log,AVAILABLE}
2024-07-18 11:33:27,450 [main] INFO  handler.ContextHandler (ContextHandler.java:doStart(921)) - Started o.e.j.s.ServletContextHandler@3a8e9401{static,/static,jar:file:/home/runner/work/ozone/ozone/hadoop-hdds/container-service/target/hdds-container-service-1.5.0-SNAPSHOT.jar!/webapps/static,AVAILABLE}
2024-07-18 11:33:27,690 [main] INFO  handler.ContextHandler (ContextHandler.java:doStart(921)) - Started o.e.j.w.WebAppContext@6c488c55{hddsDatanode,/,file:///home/runner/work/ozone/ozone/hadoop-ozone/integration-test/target/test-dir/MiniOzoneClusterImpl-c0b7f50e-f813-4849-95b3-646bdd98e01d/ozone-meta/datanode-1/meta/webserver/jetty-0_0_0_0-15025-hdds-container-service-1_5_0-SNAPSHOT_jar-_-any-16642164662199080004/webapp/,AVAILABLE}{jar:file:/home/runner/work/ozone/ozone/hadoop-hdds/container-service/target/hdds-container-service-1.5.0-SNAPSHOT.jar!/webapps/hddsDatanode}
2024-07-18 11:33:27,691 [main] INFO  server.AbstractConnector (AbstractConnector.java:doStart(333)) - Started ServerConnector@41919e19{HTTP/1.1, (http/1.1)}{0.0.0.0:15025}
2024-07-18 11:33:27,691 [main] INFO  server.Server (Server.java:doStart(415)) - Started @21027ms
2024-07-18 11:33:27,691 [main] WARN  impl.MetricsSystemImpl (MetricsSystemImpl.java:register(279)) - Sink prometheus already exists!
2024-07-18 11:33:27,692 [main] INFO  http.BaseHttpServer (BaseHttpServer.java:updateConnectorAddress(354)) - HTTP server of hddsDatanode listening at http://0.0.0.0:15025
2024-07-18 11:33:27,694 [main] INFO  ipc.CallQueueManager (CallQueueManager.java:<init>(90)) - Using callQueue: class java.util.concurrent.LinkedBlockingQueue, queueCapacity: 100, scheduler: class org.apache.hadoop.ipc.DefaultRpcScheduler, ipcBackoff: false.
2024-07-18 11:33:27,694 [main] INFO  ipc.Server (Server.java:<init>(1287)) - Listener at 0.0.0.0:15026
2024-07-18 11:33:27,695 [Socket Reader #1 for port 15026] INFO  ipc.Server (Server.java:run(1323)) - Starting Socket Reader #1 for port 15026
2024-07-18 11:33:27,697 [main] INFO  ozone.HddsDatanodeService (HddsDatanodeService.java:start(320)) - Datanode start with admins: [runner]
2024-07-18 11:33:27,697 [main] INFO  ozone.HddsDatanodeClientProtocolServer (HddsDatanodeClientProtocolServer.java:start(77)) - RPC server for Client /0.0.0.0:15026
2024-07-18 11:33:27,698 [IPC Server Responder] INFO  ipc.Server (Server.java:run(1562)) - IPC Server Responder: starting
2024-07-18 11:33:27,700 [IPC Server listener on 15026] INFO  ipc.Server (Server.java:run(1402)) - IPC Server listener on 15026: starting
2024-07-18 11:33:27,701 [0339cccf-75ab-4f40-8420-baf6c795ced3-DatanodeStateMachineDaemonThread] INFO  statemachine.DatanodeStateMachine (DatanodeStateMachine.java:lambda$startDaemon$1(545)) - Ozone container server started.
2024-07-18 11:33:27,703 [main] WARN  dropwizard3.Dm3MetricRegistriesImpl (Dm3MetricRegistriesImpl.java:addReporterRegistration(114)) - New reporters are added after registries were created. Some metrics will be missing from the reporter. Please add reporter before adding any new registry.
2024-07-18 11:33:27,703 [main] WARN  dropwizard3.Dm3MetricRegistriesImpl (Dm3MetricRegistriesImpl.java:addReporterRegistration(114)) - New reporters are added after registries were created. Some metrics will be missing from the reporter. Please add reporter before adding any new registry.
2024-07-18 11:33:27,703 [main] INFO  impl.MetricsSystemImpl (MetricsSystemImpl.java:init(158)) - HddsDatanode metrics system started (again)
2024-07-18 11:33:27,717 [main] INFO  ozone.HddsDatanodeService (HddsDatanodeService.java:start(236)) - HddsDatanodeService host:fv-az1113-538 ip:10.1.0.12
2024-07-18 11:33:27,723 [main] INFO  upgrade.AbstractLayoutVersionManager (AbstractLayoutVersionManager.java:init(83)) - Initializing Layout version manager with metadata layout = HADOOP_PRC_PORTS_IN_DATANODEDETAILS (version = 7), software layout = HADOOP_PRC_PORTS_IN_DATANODEDETAILS (version = 7)
2024-07-18 11:33:27,724 [main] INFO  ha.SCMNodeInfo (SCMNodeInfo.java:getPort(197)) - ConfigKey ozone.scm.client.address is deprecated, For configuring different ports for each SCM use PortConfigKey ozone.scm.client.port appended with serviceId and nodeId
2024-07-18 11:33:27,724 [main] INFO  ha.SCMNodeInfo (SCMNodeInfo.java:getPort(197)) - ConfigKey ozone.scm.block.client.address is deprecated, For configuring different ports for each SCM use PortConfigKey ozone.scm.block.client.port appended with serviceId and nodeId
2024-07-18 11:33:27,726 [main] INFO  ha.SCMNodeInfo (SCMNodeInfo.java:getPort(197)) - ConfigKey ozone.scm.security.service.address is deprecated, For configuring different ports for each SCM use PortConfigKey ozone.scm.security.service.port appended with serviceId and nodeId
2024-07-18 11:33:27,726 [main] INFO  ha.SCMNodeInfo (SCMNodeInfo.java:getPort(197)) - ConfigKey ozone.scm.datanode.address is deprecated, For configuring different ports for each SCM use PortConfigKey ozone.scm.datanode.port appended with serviceId and nodeId
2024-07-18 11:33:27,726 [main] INFO  statemachine.DatanodeStateMachine (DatanodeStateMachine.java:getEndPointTaskThreadPoolSize(293)) - Datanode State Machine Task Thread Pool size 2
2024-07-18 11:33:27,727 [0339cccf-75ab-4f40-8420-baf6c795ced3-DatanodeStateMachineTaskThread-0] INFO  ha.SCMNodeInfo (SCMNodeInfo.java:getPort(197)) - ConfigKey ozone.scm.client.address is deprecated, For configuring different ports for each SCM use PortConfigKey ozone.scm.client.port appended with serviceId and nodeId
2024-07-18 11:33:27,727 [0339cccf-75ab-4f40-8420-baf6c795ced3-DatanodeStateMachineTaskThread-0] INFO  ha.SCMNodeInfo (SCMNodeInfo.java:getPort(197)) - ConfigKey ozone.scm.block.client.address is deprecated, For configuring different ports for each SCM use PortConfigKey ozone.scm.block.client.port appended with serviceId and nodeId
2024-07-18 11:33:27,727 [0339cccf-75ab-4f40-8420-baf6c795ced3-DatanodeStateMachineTaskThread-0] INFO  ha.SCMNodeInfo (SCMNodeInfo.java:getPort(197)) - ConfigKey ozone.scm.security.service.address is deprecated, For configuring different ports for each SCM use PortConfigKey ozone.scm.security.service.port appended with serviceId and nodeId
2024-07-18 11:33:27,727 [0339cccf-75ab-4f40-8420-baf6c795ced3-DatanodeStateMachineTaskThread-0] INFO  ha.SCMNodeInfo (SCMNodeInfo.java:getPort(197)) - ConfigKey ozone.scm.datanode.address is deprecated, For configuring different ports for each SCM use PortConfigKey ozone.scm.datanode.port appended with serviceId and nodeId
2024-07-18 11:33:27,730 [main] INFO  volume.HddsVolume (HddsVolume.java:<init>(126)) - Creating HddsVolume: /home/runner/work/ozone/ozone/hadoop-ozone/integration-test/target/test-dir/MiniOzoneClusterImpl-c0b7f50e-f813-4849-95b3-646bdd98e01d/ozone-meta/datanode-2/data-0/hdds of storage type : DISK capacity : 9222449699674390527
2024-07-18 11:33:27,730 [main] INFO  volume.MutableVolumeSet (MutableVolumeSet.java:initializeVolumeSet(173)) - Added Volume : /home/runner/work/ozone/ozone/hadoop-ozone/integration-test/target/test-dir/MiniOzoneClusterImpl-c0b7f50e-f813-4849-95b3-646bdd98e01d/ozone-meta/datanode-2/data-0/hdds to VolumeSet
2024-07-18 11:33:27,736 [main] INFO  volume.MutableVolumeSet (MutableVolumeSet.java:initializeVolumeSet(173)) - Added Volume : /home/runner/work/ozone/ozone/hadoop-ozone/integration-test/target/test-dir/MiniOzoneClusterImpl-c0b7f50e-f813-4849-95b3-646bdd98e01d/ozone-meta/datanode-2/ratis to VolumeSet
2024-07-18 11:33:27,738 [main] INFO  ozoneimpl.OzoneContainer (HddsVolumeUtil.java:loadAllHddsVolumeDbStore(103)) - Load 1 volumes DbStore cost: 0ms
2024-07-18 11:33:27,745 [main] INFO  server.RaftServer (ConfUtils.java:logGet(46)) - raft.rpc.type = GRPC (default)
2024-07-18 11:33:27,745 [main] INFO  grpc.GrpcConfigKeys (ConfUtils.java:logFallback(53)) - raft.grpc.admin.host = null (fallback to raft.grpc.server.host)
2024-07-18 11:33:27,745 [main] INFO  grpc.GrpcConfigKeys (ConfUtils.java:logGet(46)) - raft.grpc.admin.port = 15038 (custom)
2024-07-18 11:33:27,745 [main] INFO  grpc.GrpcConfigKeys (ConfUtils.java:logFallback(53)) - raft.grpc.client.host = null (fallback to raft.grpc.server.host)
2024-07-18 11:33:27,745 [main] INFO  grpc.GrpcConfigKeys (ConfUtils.java:logGet(46)) - raft.grpc.client.port = 15037 (custom)
2024-07-18 11:33:27,745 [main] INFO  grpc.GrpcConfigKeys (ConfUtils.java:logGet(46)) - raft.grpc.server.host = null (default)
2024-07-18 11:33:27,746 [main] INFO  grpc.GrpcConfigKeys (ConfUtils.java:logGet(46)) - raft.grpc.server.port = 15039 (custom)
2024-07-18 11:33:27,746 [main] INFO  server.GrpcService (ConfUtils.java:logGet(46)) - raft.grpc.message.size.max = 32MB (=33554432) (custom)
2024-07-18 11:33:27,746 [main] INFO  server.RaftServerConfigKeys (ConfUtils.java:logGet(46)) - raft.server.log.appender.buffer.byte-limit = 8388608 (custom)
2024-07-18 11:33:27,746 [main] INFO  server.GrpcService (ConfUtils.java:logGet(46)) - raft.grpc.flow.control.window = 5MB (=5242880) (custom)
2024-07-18 11:33:27,746 [main] INFO  server.RaftServerConfigKeys (ConfUtils.java:logGet(46)) - raft.server.rpc.request.timeout = 60s (custom)
2024-07-18 11:33:27,746 [main] INFO  grpc.GrpcConfigKeys (ConfUtils.java:logGet(46)) - raft.grpc.server.heartbeat.channel = true (default)
2024-07-18 11:33:27,746 [main] INFO  grpc.GrpcConfigKeys (ConfUtils.java:logGet(46)) - raft.grpc.server.async.request.thread.pool.cached = true (default)
2024-07-18 11:33:27,746 [main] INFO  grpc.GrpcConfigKeys (ConfUtils.java:logGet(46)) - raft.grpc.server.async.request.thread.pool.size = 32 (default)
2024-07-18 11:33:27,750 [main] INFO  impl.DataStreamServerImpl (ConfUtils.java:logGet(46)) - raft.datastream.type = NETTY (custom)
2024-07-18 11:33:27,751 [main] INFO  server.RaftServerConfigKeys (ConfUtils.java:logGet(46)) - raft.server.data-stream.async.request.thread.pool.cached = false (default)
2024-07-18 11:33:27,751 [main] INFO  server.RaftServerConfigKeys (ConfUtils.java:logGet(46)) - raft.server.data-stream.async.request.thread.pool.size = 20 (custom)
2024-07-18 11:33:27,751 [main] INFO  server.RaftServerConfigKeys (ConfUtils.java:logGet(46)) - raft.server.data-stream.async.write.thread.pool.size = 16 (default)
2024-07-18 11:33:27,751 [main] INFO  netty.NettyConfigKeys$DataStream (ConfUtils.java:logGet(46)) - raft.netty.dataStream.server.channel.inactive.grace-period = 10min (default)
2024-07-18 11:33:27,751 [main] INFO  server.RaftServerConfigKeys (ConfUtils.java:logGet(46)) - raft.server.data-stream.client.pool.size = 10 (default)
2024-07-18 11:33:27,752 [main] INFO  netty.NettyConfigKeys$DataStream (ConfUtils.java:logGet(46)) - raft.netty.dataStream.server.use-epoll = true (default)
2024-07-18 11:33:27,752 [main] INFO  netty.NettyConfigKeys$DataStream (ConfUtils.java:logGet(46)) - raft.netty.dataStream.server.boss-group.size = 0 (default)
2024-07-18 11:33:27,752 [main] INFO  netty.NettyUtils (NettyUtils.java:newEventLoopGroup(74)) - Create EpollEventLoopGroup for df04cc9d-3067-478c-80ae-8f73b6a024a8-NettyServerStreamRpc-bossGroup; Thread size is 0.
2024-07-18 11:33:27,753 [main] INFO  netty.NettyConfigKeys$DataStream (ConfUtils.java:logGet(46)) - raft.netty.dataStream.server.worker-group.size = 0 (default)
2024-07-18 11:33:27,753 [main] INFO  netty.NettyUtils (NettyUtils.java:newEventLoopGroup(74)) - Create EpollEventLoopGroup for df04cc9d-3067-478c-80ae-8f73b6a024a8-NettyServerStreamRpc-workerGroup; Thread size is 0.
2024-07-18 11:33:27,753 [main] INFO  netty.NettyConfigKeys$DataStream (ConfUtils.java:logGet(46)) - raft.netty.dataStream.server.tls.conf = null (default)
2024-07-18 11:33:27,754 [main] INFO  netty.NettyConfigKeys$DataStream (ConfUtils.java:logGet(46)) - raft.netty.dataStream.host = null (default)
2024-07-18 11:33:27,754 [main] INFO  netty.NettyConfigKeys$DataStream (ConfUtils.java:logGet(46)) - raft.netty.dataStream.port = 15040 (custom)
2024-07-18 11:33:27,754 [main] INFO  server.RaftServerConfigKeys (ConfUtils.java:logGet(46)) - raft.server.sleep.deviation.threshold = 300ms (default)
2024-07-18 11:33:27,755 [main] INFO  server.RaftServerConfigKeys (ConfUtils.java:logGet(46)) - raft.server.close.threshold = 60s (default)
2024-07-18 11:33:27,755 [main] INFO  server.RaftServerConfigKeys (ConfUtils.java:logGet(46)) - raft.server.leaderelection.leader.step-down.wait-time = 10s (default)
2024-07-18 11:33:27,755 [main] INFO  server.RaftServerConfigKeys (ConfUtils.java:logGet(46)) - raft.server.storage.dir = [/home/runner/work/ozone/ozone/hadoop-ozone/integration-test/target/test-dir/MiniOzoneClusterImpl-c0b7f50e-f813-4849-95b3-646bdd98e01d/ozone-meta/datanode-2/ratis] (custom)
2024-07-18 11:33:27,755 [main] INFO  server.RaftServerConfigKeys (ConfUtils.java:logGet(46)) - raft.server.threadpool.proxy.cached = true (default)
2024-07-18 11:33:27,755 [main] INFO  server.RaftServerConfigKeys (ConfUtils.java:logGet(46)) - raft.server.threadpool.proxy.size = 0 (default)
2024-07-18 11:33:27,756 [df04cc9d-3067-478c-80ae-8f73b6a024a8-NettyServerStreamRpc-bossGroup--thread1] INFO  logging.LoggingHandler (AbstractInternalLogger.java:log(148)) - [id: 0x176ba64c] REGISTERED
2024-07-18 11:33:27,758 [df04cc9d-3067-478c-80ae-8f73b6a024a8-NettyServerStreamRpc-bossGroup--thread1] INFO  logging.LoggingHandler (AbstractInternalLogger.java:log(148)) - [id: 0x176ba64c] BIND: 0.0.0.0/0.0.0.0:15040
2024-07-18 11:33:27,758 [df04cc9d-3067-478c-80ae-8f73b6a024a8-NettyServerStreamRpc-bossGroup--thread1] INFO  logging.LoggingHandler (AbstractInternalLogger.java:log(148)) - [id: 0x176ba64c, L:/0.0.0.0:15040] ACTIVE
2024-07-18 11:33:27,760 [df04cc9d-3067-478c-80ae-8f73b6a024a8-impl-thread1] INFO  server.RaftServer (RaftServerProxy.java:initGroupDir(266)) - df04cc9d-3067-478c-80ae-8f73b6a024a8: found a subdirectory /home/runner/work/ozone/ozone/hadoop-ozone/integration-test/target/test-dir/MiniOzoneClusterImpl-c0b7f50e-f813-4849-95b3-646bdd98e01d/ozone-meta/datanode-2/ratis/tmp
2024-07-18 11:33:27,760 [df04cc9d-3067-478c-80ae-8f73b6a024a8-impl-thread1] INFO  server.RaftServer (RaftServerProxy.java:initGroupDir(271)) - df04cc9d-3067-478c-80ae-8f73b6a024a8: The directory /home/runner/work/ozone/ozone/hadoop-ozone/integration-test/target/test-dir/MiniOzoneClusterImpl-c0b7f50e-f813-4849-95b3-646bdd98e01d/ozone-meta/datanode-2/ratis/tmp is not a group directory; ignoring it. 
2024-07-18 11:33:27,761 [main] INFO  replication.ReplicationServer (ReplicationServer.java:<init>(86)) - Initializing replication server with thread count = 10 queue length = 4096
2024-07-18 11:33:27,762 [main] INFO  server.XceiverServerGrpc (XceiverServerGrpc.java:<init>(141)) - GrpcServer channel type EpollServerSocketChannel
2024-07-18 11:33:27,765 [main] INFO  replication.ReplicationSupervisor (ReplicationSupervisor.java:build(157)) - Initializing replication supervisor with thread count = 10
2024-07-18 11:33:27,766 [main] INFO  replication.ReplicationSupervisor (ReplicationSupervisor.java:nodeStateUpdated(312)) - Node state updated to IN_SERVICE, scaling executor pool size to 10
2024-07-18 11:33:27,772 [main] INFO  http.BaseHttpServer (BaseHttpServer.java:newHttpServer2BuilderForOzone(223)) - Starting Web-server for hddsDatanode at: http://0.0.0.0:15034
2024-07-18 11:33:27,772 [main] INFO  http.BaseHttpServer (BaseHttpServer.java:<init>(110)) - Hadoop Security Enabled: false Ozone Security Enabled: false Ozone HTTP Security Enabled: false 
2024-07-18 11:33:27,775 [main] WARN  server.AuthenticationFilter (AuthenticationFilter.java:constructSecretProvider(240)) - Unable to initialize FileSignerSecretProvider, falling back to use random secrets. Reason: Could not read signature secret file: /home/runner/hadoop-http-auth-signature-secret
2024-07-18 11:33:27,776 [main] INFO  http.HttpRequestLog (HttpRequestLog.java:getRequestLog(86)) - Http request log for http.requests.hddsDatanode is not defined
2024-07-18 11:33:27,780 [main] INFO  http.HttpServer2 (HttpServer2.java:addGlobalFilter(1035)) - Added global filter 'safety' (class=org.apache.hadoop.hdds.server.http.HttpServer2$QuotingInputFilter)
2024-07-18 11:33:27,781 [main] INFO  http.HttpServer2 (HttpServer2.java:addFilter(1011)) - Added filter static_user_filter (class=org.apache.hadoop.http.lib.StaticUserWebFilter$StaticUserFilter) to context hddsDatanode
2024-07-18 11:33:27,781 [main] INFO  http.HttpServer2 (HttpServer2.java:addFilter(1019)) - Added filter static_user_filter (class=org.apache.hadoop.http.lib.StaticUserWebFilter$StaticUserFilter) to context static
2024-07-18 11:33:27,781 [main] INFO  http.HttpServer2 (HttpServer2.java:addFilter(1019)) - Added filter static_user_filter (class=org.apache.hadoop.http.lib.StaticUserWebFilter$StaticUserFilter) to context logs
2024-07-18 11:33:27,783 [main] INFO  http.BaseHttpServer (BaseHttpServer.java:<init>(189)) - HTTP server of hddsDatanode uses base directory /home/runner/work/ozone/ozone/hadoop-ozone/integration-test/target/test-dir/MiniOzoneClusterImpl-c0b7f50e-f813-4849-95b3-646bdd98e01d/ozone-meta/datanode-2/meta/webserver
2024-07-18 11:33:27,783 [main] INFO  http.HttpServer2 (HttpServer2.java:bindListener(1235)) - Jetty bound to port 15034
2024-07-18 11:33:27,783 [main] INFO  server.Server (Server.java:doStart(375)) - jetty-9.4.55.v20240627; built: 2024-06-27T15:05:37.765Z; git: 70015831e5195ba74da6383c4ab7c90c56bb08af; jvm 17.0.11+9
2024-07-18 11:33:27,785 [main] INFO  server.session (DefaultSessionIdManager.java:doStart(334)) - DefaultSessionIdManager workerName=node0
2024-07-18 11:33:27,785 [main] INFO  server.session (DefaultSessionIdManager.java:doStart(339)) - No SessionScavenger set, using defaults
2024-07-18 11:33:27,785 [main] INFO  server.session (HouseKeeper.java:startScavenging(132)) - node0 Scavenging every 600000ms
2024-07-18 11:33:27,786 [main] INFO  handler.ContextHandler (ContextHandler.java:doStart(921)) - Started o.e.j.s.ServletContextHandler@74131bff{logs,/logs,file:///home/runner/work/ozone/ozone/hadoop-ozone/integration-test/target/log,AVAILABLE}
2024-07-18 11:33:27,787 [main] INFO  handler.ContextHandler (ContextHandler.java:doStart(921)) - Started o.e.j.s.ServletContextHandler@1035953{static,/static,jar:file:/home/runner/work/ozone/ozone/hadoop-hdds/container-service/target/hdds-container-service-1.5.0-SNAPSHOT.jar!/webapps/static,AVAILABLE}
2024-07-18 11:33:27,822 [0339cccf-75ab-4f40-8420-baf6c795ced3-DatanodeStateMachineTaskThread-0] INFO  datanode.InitDatanodeState (InitDatanodeState.java:persistContainerDatanodeDetails(139)) - DatanodeDetails is persisted to /home/runner/work/ozone/ozone/hadoop-ozone/integration-test/target/test-dir/MiniOzoneClusterImpl-c0b7f50e-f813-4849-95b3-646bdd98e01d/ozone-meta/datanode-1/meta/datanode.id
2024-07-18 11:33:28,041 [main] INFO  handler.ContextHandler (ContextHandler.java:doStart(921)) - Started o.e.j.w.WebAppContext@478f973d{hddsDatanode,/,file:///home/runner/work/ozone/ozone/hadoop-ozone/integration-test/target/test-dir/MiniOzoneClusterImpl-c0b7f50e-f813-4849-95b3-646bdd98e01d/ozone-meta/datanode-2/meta/webserver/jetty-0_0_0_0-15034-hdds-container-service-1_5_0-SNAPSHOT_jar-_-any-6176266943251102190/webapp/,AVAILABLE}{jar:file:/home/runner/work/ozone/ozone/hadoop-hdds/container-service/target/hdds-container-service-1.5.0-SNAPSHOT.jar!/webapps/hddsDatanode}
2024-07-18 11:33:28,041 [main] INFO  server.AbstractConnector (AbstractConnector.java:doStart(333)) - Started ServerConnector@813cef{HTTP/1.1, (http/1.1)}{0.0.0.0:15034}
2024-07-18 11:33:28,042 [main] INFO  server.Server (Server.java:doStart(415)) - Started @21378ms
2024-07-18 11:33:28,042 [main] WARN  impl.MetricsSystemImpl (MetricsSystemImpl.java:register(279)) - Sink prometheus already exists!
2024-07-18 11:33:28,042 [main] INFO  http.BaseHttpServer (BaseHttpServer.java:updateConnectorAddress(354)) - HTTP server of hddsDatanode listening at http://0.0.0.0:15034
2024-07-18 11:33:28,043 [main] INFO  ipc.CallQueueManager (CallQueueManager.java:<init>(90)) - Using callQueue: class java.util.concurrent.LinkedBlockingQueue, queueCapacity: 100, scheduler: class org.apache.hadoop.ipc.DefaultRpcScheduler, ipcBackoff: false.
2024-07-18 11:33:28,043 [main] INFO  ipc.Server (Server.java:<init>(1287)) - Listener at 0.0.0.0:15035
2024-07-18 11:33:28,043 [Socket Reader #1 for port 15035] INFO  ipc.Server (Server.java:run(1323)) - Starting Socket Reader #1 for port 15035
2024-07-18 11:33:28,045 [main] INFO  ozone.HddsDatanodeService (HddsDatanodeService.java:start(320)) - Datanode start with admins: [runner]
2024-07-18 11:33:28,045 [main] INFO  ozone.HddsDatanodeClientProtocolServer (HddsDatanodeClientProtocolServer.java:start(77)) - RPC server for Client /0.0.0.0:15035
2024-07-18 11:33:28,047 [IPC Server Responder] INFO  ipc.Server (Server.java:run(1562)) - IPC Server Responder: starting
2024-07-18 11:33:28,047 [IPC Server listener on 15035] INFO  ipc.Server (Server.java:run(1402)) - IPC Server listener on 15035: starting
2024-07-18 11:33:28,047 [df04cc9d-3067-478c-80ae-8f73b6a024a8-DatanodeStateMachineDaemonThread] INFO  statemachine.DatanodeStateMachine (DatanodeStateMachine.java:lambda$startDaemon$1(545)) - Ozone container server started.
2024-07-18 11:33:28,047 [main] WARN  dropwizard3.Dm3MetricRegistriesImpl (Dm3MetricRegistriesImpl.java:addReporterRegistration(114)) - New reporters are added after registries were created. Some metrics will be missing from the reporter. Please add reporter before adding any new registry.
2024-07-18 11:33:28,048 [main] WARN  dropwizard3.Dm3MetricRegistriesImpl (Dm3MetricRegistriesImpl.java:addReporterRegistration(114)) - New reporters are added after registries were created. Some metrics will be missing from the reporter. Please add reporter before adding any new registry.
2024-07-18 11:33:28,048 [main] INFO  impl.MetricsSystemImpl (MetricsSystemImpl.java:init(158)) - HddsDatanode metrics system started (again)
2024-07-18 11:33:28,050 [df04cc9d-3067-478c-80ae-8f73b6a024a8-DatanodeStateMachineTaskThread-0] INFO  ha.SCMNodeInfo (SCMNodeInfo.java:getPort(197)) - ConfigKey ozone.scm.client.address is deprecated, For configuring different ports for each SCM use PortConfigKey ozone.scm.client.port appended with serviceId and nodeId
2024-07-18 11:33:28,050 [df04cc9d-3067-478c-80ae-8f73b6a024a8-DatanodeStateMachineTaskThread-0] INFO  ha.SCMNodeInfo (SCMNodeInfo.java:getPort(197)) - ConfigKey ozone.scm.block.client.address is deprecated, For configuring different ports for each SCM use PortConfigKey ozone.scm.block.client.port appended with serviceId and nodeId
2024-07-18 11:33:28,051 [df04cc9d-3067-478c-80ae-8f73b6a024a8-DatanodeStateMachineTaskThread-0] INFO  ha.SCMNodeInfo (SCMNodeInfo.java:getPort(197)) - ConfigKey ozone.scm.security.service.address is deprecated, For configuring different ports for each SCM use PortConfigKey ozone.scm.security.service.port appended with serviceId and nodeId
2024-07-18 11:33:28,051 [df04cc9d-3067-478c-80ae-8f73b6a024a8-DatanodeStateMachineTaskThread-0] INFO  ha.SCMNodeInfo (SCMNodeInfo.java:getPort(197)) - ConfigKey ozone.scm.datanode.address is deprecated, For configuring different ports for each SCM use PortConfigKey ozone.scm.datanode.port appended with serviceId and nodeId
2024-07-18 11:33:28,055 [df04cc9d-3067-478c-80ae-8f73b6a024a8-DatanodeStateMachineTaskThread-0] INFO  datanode.InitDatanodeState (InitDatanodeState.java:persistContainerDatanodeDetails(139)) - DatanodeDetails is persisted to /home/runner/work/ozone/ozone/hadoop-ozone/integration-test/target/test-dir/MiniOzoneClusterImpl-c0b7f50e-f813-4849-95b3-646bdd98e01d/ozone-meta/datanode-2/meta/datanode.id
2024-07-18 11:33:28,060 [main] INFO  ozone.HddsDatanodeService (HddsDatanodeService.java:start(236)) - HddsDatanodeService host:fv-az1113-538 ip:10.1.0.12
2024-07-18 11:33:28,062 [main] INFO  upgrade.AbstractLayoutVersionManager (AbstractLayoutVersionManager.java:init(83)) - Initializing Layout version manager with metadata layout = HADOOP_PRC_PORTS_IN_DATANODEDETAILS (version = 7), software layout = HADOOP_PRC_PORTS_IN_DATANODEDETAILS (version = 7)
2024-07-18 11:33:28,063 [main] INFO  ha.SCMNodeInfo (SCMNodeInfo.java:getPort(197)) - ConfigKey ozone.scm.client.address is deprecated, For configuring different ports for each SCM use PortConfigKey ozone.scm.client.port appended with serviceId and nodeId
2024-07-18 11:33:28,063 [main] INFO  ha.SCMNodeInfo (SCMNodeInfo.java:getPort(197)) - ConfigKey ozone.scm.block.client.address is deprecated, For configuring different ports for each SCM use PortConfigKey ozone.scm.block.client.port appended with serviceId and nodeId
2024-07-18 11:33:28,063 [main] INFO  ha.SCMNodeInfo (SCMNodeInfo.java:getPort(197)) - ConfigKey ozone.scm.security.service.address is deprecated, For configuring different ports for each SCM use PortConfigKey ozone.scm.security.service.port appended with serviceId and nodeId
2024-07-18 11:33:28,063 [main] INFO  ha.SCMNodeInfo (SCMNodeInfo.java:getPort(197)) - ConfigKey ozone.scm.datanode.address is deprecated, For configuring different ports for each SCM use PortConfigKey ozone.scm.datanode.port appended with serviceId and nodeId
2024-07-18 11:33:28,063 [main] INFO  statemachine.DatanodeStateMachine (DatanodeStateMachine.java:getEndPointTaskThreadPoolSize(293)) - Datanode State Machine Task Thread Pool size 2
2024-07-18 11:33:28,071 [main] INFO  volume.HddsVolume (HddsVolume.java:<init>(126)) - Creating HddsVolume: /home/runner/work/ozone/ozone/hadoop-ozone/integration-test/target/test-dir/MiniOzoneClusterImpl-c0b7f50e-f813-4849-95b3-646bdd98e01d/ozone-meta/datanode-3/data-0/hdds of storage type : DISK capacity : 9222449699674390527
2024-07-18 11:33:28,071 [main] INFO  volume.MutableVolumeSet (MutableVolumeSet.java:initializeVolumeSet(173)) - Added Volume : /home/runner/work/ozone/ozone/hadoop-ozone/integration-test/target/test-dir/MiniOzoneClusterImpl-c0b7f50e-f813-4849-95b3-646bdd98e01d/ozone-meta/datanode-3/data-0/hdds to VolumeSet
2024-07-18 11:33:28,072 [main] INFO  volume.MutableVolumeSet (MutableVolumeSet.java:initializeVolumeSet(173)) - Added Volume : /home/runner/work/ozone/ozone/hadoop-ozone/integration-test/target/test-dir/MiniOzoneClusterImpl-c0b7f50e-f813-4849-95b3-646bdd98e01d/ozone-meta/datanode-3/ratis to VolumeSet
2024-07-18 11:33:28,073 [main] INFO  ozoneimpl.OzoneContainer (HddsVolumeUtil.java:loadAllHddsVolumeDbStore(103)) - Load 1 volumes DbStore cost: 0ms
2024-07-18 11:33:28,077 [main] INFO  server.RaftServer (ConfUtils.java:logGet(46)) - raft.rpc.type = GRPC (default)
2024-07-18 11:33:28,077 [main] INFO  grpc.GrpcConfigKeys (ConfUtils.java:logFallback(53)) - raft.grpc.admin.host = null (fallback to raft.grpc.server.host)
2024-07-18 11:33:28,077 [main] INFO  grpc.GrpcConfigKeys (ConfUtils.java:logGet(46)) - raft.grpc.admin.port = 15047 (custom)
2024-07-18 11:33:28,077 [main] INFO  grpc.GrpcConfigKeys (ConfUtils.java:logFallback(53)) - raft.grpc.client.host = null (fallback to raft.grpc.server.host)
2024-07-18 11:33:28,077 [main] INFO  grpc.GrpcConfigKeys (ConfUtils.java:logGet(46)) - raft.grpc.client.port = 15046 (custom)
2024-07-18 11:33:28,077 [main] INFO  grpc.GrpcConfigKeys (ConfUtils.java:logGet(46)) - raft.grpc.server.host = null (default)
2024-07-18 11:33:28,077 [main] INFO  grpc.GrpcConfigKeys (ConfUtils.java:logGet(46)) - raft.grpc.server.port = 15048 (custom)
2024-07-18 11:33:28,077 [main] INFO  server.GrpcService (ConfUtils.java:logGet(46)) - raft.grpc.message.size.max = 32MB (=33554432) (custom)
2024-07-18 11:33:28,078 [main] INFO  server.RaftServerConfigKeys (ConfUtils.java:logGet(46)) - raft.server.log.appender.buffer.byte-limit = 8388608 (custom)
2024-07-18 11:33:28,078 [main] INFO  server.GrpcService (ConfUtils.java:logGet(46)) - raft.grpc.flow.control.window = 5MB (=5242880) (custom)
2024-07-18 11:33:28,078 [main] INFO  server.RaftServerConfigKeys (ConfUtils.java:logGet(46)) - raft.server.rpc.request.timeout = 60s (custom)
2024-07-18 11:33:28,078 [main] INFO  grpc.GrpcConfigKeys (ConfUtils.java:logGet(46)) - raft.grpc.server.heartbeat.channel = true (default)
2024-07-18 11:33:28,078 [main] INFO  grpc.GrpcConfigKeys (ConfUtils.java:logGet(46)) - raft.grpc.server.async.request.thread.pool.cached = true (default)
2024-07-18 11:33:28,078 [main] INFO  grpc.GrpcConfigKeys (ConfUtils.java:logGet(46)) - raft.grpc.server.async.request.thread.pool.size = 32 (default)
2024-07-18 11:33:28,080 [main] INFO  impl.DataStreamServerImpl (ConfUtils.java:logGet(46)) - raft.datastream.type = NETTY (custom)
2024-07-18 11:33:28,084 [main] INFO  server.RaftServerConfigKeys (ConfUtils.java:logGet(46)) - raft.server.data-stream.async.request.thread.pool.cached = false (default)
2024-07-18 11:33:28,084 [main] INFO  server.RaftServerConfigKeys (ConfUtils.java:logGet(46)) - raft.server.data-stream.async.request.thread.pool.size = 20 (custom)
2024-07-18 11:33:28,085 [main] INFO  server.RaftServerConfigKeys (ConfUtils.java:logGet(46)) - raft.server.data-stream.async.write.thread.pool.size = 16 (default)
2024-07-18 11:33:28,085 [main] INFO  netty.NettyConfigKeys$DataStream (ConfUtils.java:logGet(46)) - raft.netty.dataStream.server.channel.inactive.grace-period = 10min (default)
2024-07-18 11:33:28,085 [main] INFO  server.RaftServerConfigKeys (ConfUtils.java:logGet(46)) - raft.server.data-stream.client.pool.size = 10 (default)
2024-07-18 11:33:28,086 [main] INFO  netty.NettyConfigKeys$DataStream (ConfUtils.java:logGet(46)) - raft.netty.dataStream.server.use-epoll = true (default)
2024-07-18 11:33:28,086 [main] INFO  netty.NettyConfigKeys$DataStream (ConfUtils.java:logGet(46)) - raft.netty.dataStream.server.boss-group.size = 0 (default)
2024-07-18 11:33:28,086 [main] INFO  netty.NettyUtils (NettyUtils.java:newEventLoopGroup(74)) - Create EpollEventLoopGroup for 0d591c3e-1cf4-45a6-8ac8-82f56607a94d-NettyServerStreamRpc-bossGroup; Thread size is 0.
2024-07-18 11:33:28,087 [main] INFO  netty.NettyConfigKeys$DataStream (ConfUtils.java:logGet(46)) - raft.netty.dataStream.server.worker-group.size = 0 (default)
2024-07-18 11:33:28,087 [main] INFO  netty.NettyUtils (NettyUtils.java:newEventLoopGroup(74)) - Create EpollEventLoopGroup for 0d591c3e-1cf4-45a6-8ac8-82f56607a94d-NettyServerStreamRpc-workerGroup; Thread size is 0.
2024-07-18 11:33:28,088 [main] INFO  netty.NettyConfigKeys$DataStream (ConfUtils.java:logGet(46)) - raft.netty.dataStream.server.tls.conf = null (default)
2024-07-18 11:33:28,088 [main] INFO  netty.NettyConfigKeys$DataStream (ConfUtils.java:logGet(46)) - raft.netty.dataStream.host = null (default)
2024-07-18 11:33:28,088 [main] INFO  netty.NettyConfigKeys$DataStream (ConfUtils.java:logGet(46)) - raft.netty.dataStream.port = 15049 (custom)
2024-07-18 11:33:28,092 [main] INFO  server.RaftServerConfigKeys (ConfUtils.java:logGet(46)) - raft.server.sleep.deviation.threshold = 300ms (default)
2024-07-18 11:33:28,092 [main] INFO  server.RaftServerConfigKeys (ConfUtils.java:logGet(46)) - raft.server.close.threshold = 60s (default)
2024-07-18 11:33:28,092 [main] INFO  server.RaftServerConfigKeys (ConfUtils.java:logGet(46)) - raft.server.leaderelection.leader.step-down.wait-time = 10s (default)
2024-07-18 11:33:28,092 [main] INFO  server.RaftServerConfigKeys (ConfUtils.java:logGet(46)) - raft.server.storage.dir = [/home/runner/work/ozone/ozone/hadoop-ozone/integration-test/target/test-dir/MiniOzoneClusterImpl-c0b7f50e-f813-4849-95b3-646bdd98e01d/ozone-meta/datanode-3/ratis] (custom)
2024-07-18 11:33:28,093 [main] INFO  server.RaftServerConfigKeys (ConfUtils.java:logGet(46)) - raft.server.threadpool.proxy.cached = true (default)
2024-07-18 11:33:28,093 [main] INFO  server.RaftServerConfigKeys (ConfUtils.java:logGet(46)) - raft.server.threadpool.proxy.size = 0 (default)
2024-07-18 11:33:28,093 [0d591c3e-1cf4-45a6-8ac8-82f56607a94d-NettyServerStreamRpc-bossGroup--thread1] INFO  logging.LoggingHandler (AbstractInternalLogger.java:log(148)) - [id: 0x40733d4b] REGISTERED
2024-07-18 11:33:28,094 [0d591c3e-1cf4-45a6-8ac8-82f56607a94d-NettyServerStreamRpc-bossGroup--thread1] INFO  logging.LoggingHandler (AbstractInternalLogger.java:log(148)) - [id: 0x40733d4b] BIND: 0.0.0.0/0.0.0.0:15049
2024-07-18 11:33:28,094 [0d591c3e-1cf4-45a6-8ac8-82f56607a94d-NettyServerStreamRpc-bossGroup--thread1] INFO  logging.LoggingHandler (AbstractInternalLogger.java:log(148)) - [id: 0x40733d4b, L:/0.0.0.0:15049] ACTIVE
2024-07-18 11:33:28,099 [0d591c3e-1cf4-45a6-8ac8-82f56607a94d-impl-thread1] INFO  server.RaftServer (RaftServerProxy.java:initGroupDir(266)) - 0d591c3e-1cf4-45a6-8ac8-82f56607a94d: found a subdirectory /home/runner/work/ozone/ozone/hadoop-ozone/integration-test/target/test-dir/MiniOzoneClusterImpl-c0b7f50e-f813-4849-95b3-646bdd98e01d/ozone-meta/datanode-3/ratis/tmp
2024-07-18 11:33:28,099 [0d591c3e-1cf4-45a6-8ac8-82f56607a94d-impl-thread1] INFO  server.RaftServer (RaftServerProxy.java:initGroupDir(271)) - 0d591c3e-1cf4-45a6-8ac8-82f56607a94d: The directory /home/runner/work/ozone/ozone/hadoop-ozone/integration-test/target/test-dir/MiniOzoneClusterImpl-c0b7f50e-f813-4849-95b3-646bdd98e01d/ozone-meta/datanode-3/ratis/tmp is not a group directory; ignoring it. 
2024-07-18 11:33:28,100 [main] INFO  replication.ReplicationServer (ReplicationServer.java:<init>(86)) - Initializing replication server with thread count = 10 queue length = 4096
2024-07-18 11:33:28,103 [main] INFO  server.XceiverServerGrpc (XceiverServerGrpc.java:<init>(141)) - GrpcServer channel type EpollServerSocketChannel
2024-07-18 11:33:28,106 [main] INFO  replication.ReplicationSupervisor (ReplicationSupervisor.java:build(157)) - Initializing replication supervisor with thread count = 10
2024-07-18 11:33:28,107 [main] INFO  replication.ReplicationSupervisor (ReplicationSupervisor.java:nodeStateUpdated(312)) - Node state updated to IN_SERVICE, scaling executor pool size to 10
2024-07-18 11:33:28,110 [main] INFO  http.BaseHttpServer (BaseHttpServer.java:newHttpServer2BuilderForOzone(223)) - Starting Web-server for hddsDatanode at: http://0.0.0.0:15043
2024-07-18 11:33:28,110 [main] INFO  http.BaseHttpServer (BaseHttpServer.java:<init>(110)) - Hadoop Security Enabled: false Ozone Security Enabled: false Ozone HTTP Security Enabled: false 
2024-07-18 11:33:28,111 [main] WARN  server.AuthenticationFilter (AuthenticationFilter.java:constructSecretProvider(240)) - Unable to initialize FileSignerSecretProvider, falling back to use random secrets. Reason: Could not read signature secret file: /home/runner/hadoop-http-auth-signature-secret
2024-07-18 11:33:28,112 [main] INFO  http.HttpRequestLog (HttpRequestLog.java:getRequestLog(86)) - Http request log for http.requests.hddsDatanode is not defined
2024-07-18 11:33:28,113 [main] INFO  http.HttpServer2 (HttpServer2.java:addGlobalFilter(1035)) - Added global filter 'safety' (class=org.apache.hadoop.hdds.server.http.HttpServer2$QuotingInputFilter)
2024-07-18 11:33:28,114 [main] INFO  http.HttpServer2 (HttpServer2.java:addFilter(1011)) - Added filter static_user_filter (class=org.apache.hadoop.http.lib.StaticUserWebFilter$StaticUserFilter) to context hddsDatanode
2024-07-18 11:33:28,114 [main] INFO  http.HttpServer2 (HttpServer2.java:addFilter(1019)) - Added filter static_user_filter (class=org.apache.hadoop.http.lib.StaticUserWebFilter$StaticUserFilter) to context logs
2024-07-18 11:33:28,114 [main] INFO  http.HttpServer2 (HttpServer2.java:addFilter(1019)) - Added filter static_user_filter (class=org.apache.hadoop.http.lib.StaticUserWebFilter$StaticUserFilter) to context static
2024-07-18 11:33:28,115 [main] INFO  http.BaseHttpServer (BaseHttpServer.java:<init>(189)) - HTTP server of hddsDatanode uses base directory /home/runner/work/ozone/ozone/hadoop-ozone/integration-test/target/test-dir/MiniOzoneClusterImpl-c0b7f50e-f813-4849-95b3-646bdd98e01d/ozone-meta/datanode-3/meta/webserver
2024-07-18 11:33:28,115 [main] INFO  http.HttpServer2 (HttpServer2.java:bindListener(1235)) - Jetty bound to port 15043
2024-07-18 11:33:28,115 [main] INFO  server.Server (Server.java:doStart(375)) - jetty-9.4.55.v20240627; built: 2024-06-27T15:05:37.765Z; git: 70015831e5195ba74da6383c4ab7c90c56bb08af; jvm 17.0.11+9
2024-07-18 11:33:28,117 [main] INFO  server.session (DefaultSessionIdManager.java:doStart(334)) - DefaultSessionIdManager workerName=node0
2024-07-18 11:33:28,117 [main] INFO  server.session (DefaultSessionIdManager.java:doStart(339)) - No SessionScavenger set, using defaults
2024-07-18 11:33:28,117 [main] INFO  server.session (HouseKeeper.java:startScavenging(132)) - node0 Scavenging every 600000ms
2024-07-18 11:33:28,118 [main] INFO  handler.ContextHandler (ContextHandler.java:doStart(921)) - Started o.e.j.s.ServletContextHandler@7a9fd6c5{logs,/logs,file:///home/runner/work/ozone/ozone/hadoop-ozone/integration-test/target/log,AVAILABLE}
2024-07-18 11:33:28,118 [main] INFO  handler.ContextHandler (ContextHandler.java:doStart(921)) - Started o.e.j.s.ServletContextHandler@73f9fc72{static,/static,jar:file:/home/runner/work/ozone/ozone/hadoop-hdds/container-service/target/hdds-container-service-1.5.0-SNAPSHOT.jar!/webapps/static,AVAILABLE}
2024-07-18 11:33:28,316 [main] INFO  handler.ContextHandler (ContextHandler.java:doStart(921)) - Started o.e.j.w.WebAppContext@2a0f625c{hddsDatanode,/,file:///home/runner/work/ozone/ozone/hadoop-ozone/integration-test/target/test-dir/MiniOzoneClusterImpl-c0b7f50e-f813-4849-95b3-646bdd98e01d/ozone-meta/datanode-3/meta/webserver/jetty-0_0_0_0-15043-hdds-container-service-1_5_0-SNAPSHOT_jar-_-any-11617516871867793230/webapp/,AVAILABLE}{jar:file:/home/runner/work/ozone/ozone/hadoop-hdds/container-service/target/hdds-container-service-1.5.0-SNAPSHOT.jar!/webapps/hddsDatanode}
2024-07-18 11:33:28,316 [main] INFO  server.AbstractConnector (AbstractConnector.java:doStart(333)) - Started ServerConnector@4679df4b{HTTP/1.1, (http/1.1)}{0.0.0.0:15043}
2024-07-18 11:33:28,317 [main] INFO  server.Server (Server.java:doStart(415)) - Started @21653ms
2024-07-18 11:33:28,317 [main] WARN  impl.MetricsSystemImpl (MetricsSystemImpl.java:register(279)) - Sink prometheus already exists!
2024-07-18 11:33:28,317 [main] INFO  http.BaseHttpServer (BaseHttpServer.java:updateConnectorAddress(354)) - HTTP server of hddsDatanode listening at http://0.0.0.0:15043
2024-07-18 11:33:28,318 [main] INFO  ipc.CallQueueManager (CallQueueManager.java:<init>(90)) - Using callQueue: class java.util.concurrent.LinkedBlockingQueue, queueCapacity: 100, scheduler: class org.apache.hadoop.ipc.DefaultRpcScheduler, ipcBackoff: false.
2024-07-18 11:33:28,318 [main] INFO  ipc.Server (Server.java:<init>(1287)) - Listener at 0.0.0.0:15044
2024-07-18 11:33:28,319 [Socket Reader #1 for port 15044] INFO  ipc.Server (Server.java:run(1323)) - Starting Socket Reader #1 for port 15044
2024-07-18 11:33:28,322 [main] INFO  ozone.HddsDatanodeService (HddsDatanodeService.java:start(320)) - Datanode start with admins: [runner]
2024-07-18 11:33:28,322 [main] INFO  ozone.HddsDatanodeClientProtocolServer (HddsDatanodeClientProtocolServer.java:start(77)) - RPC server for Client /0.0.0.0:15044
2024-07-18 11:33:28,323 [IPC Server Responder] INFO  ipc.Server (Server.java:run(1562)) - IPC Server Responder: starting
2024-07-18 11:33:28,323 [IPC Server listener on 15044] INFO  ipc.Server (Server.java:run(1402)) - IPC Server listener on 15044: starting
2024-07-18 11:33:28,324 [0d591c3e-1cf4-45a6-8ac8-82f56607a94d-DatanodeStateMachineDaemonThread] INFO  statemachine.DatanodeStateMachine (DatanodeStateMachine.java:lambda$startDaemon$1(545)) - Ozone container server started.
2024-07-18 11:33:28,325 [0d591c3e-1cf4-45a6-8ac8-82f56607a94d-DatanodeStateMachineTaskThread-0] INFO  ha.SCMNodeInfo (SCMNodeInfo.java:getPort(197)) - ConfigKey ozone.scm.client.address is deprecated, For configuring different ports for each SCM use PortConfigKey ozone.scm.client.port appended with serviceId and nodeId
2024-07-18 11:33:28,325 [0d591c3e-1cf4-45a6-8ac8-82f56607a94d-DatanodeStateMachineTaskThread-0] INFO  ha.SCMNodeInfo (SCMNodeInfo.java:getPort(197)) - ConfigKey ozone.scm.block.client.address is deprecated, For configuring different ports for each SCM use PortConfigKey ozone.scm.block.client.port appended with serviceId and nodeId
2024-07-18 11:33:28,326 [0d591c3e-1cf4-45a6-8ac8-82f56607a94d-DatanodeStateMachineTaskThread-0] INFO  ha.SCMNodeInfo (SCMNodeInfo.java:getPort(197)) - ConfigKey ozone.scm.security.service.address is deprecated, For configuring different ports for each SCM use PortConfigKey ozone.scm.security.service.port appended with serviceId and nodeId
2024-07-18 11:33:28,326 [0d591c3e-1cf4-45a6-8ac8-82f56607a94d-DatanodeStateMachineTaskThread-0] INFO  ha.SCMNodeInfo (SCMNodeInfo.java:getPort(197)) - ConfigKey ozone.scm.datanode.address is deprecated, For configuring different ports for each SCM use PortConfigKey ozone.scm.datanode.port appended with serviceId and nodeId
2024-07-18 11:33:28,328 [main] INFO  ozone.MiniOzoneClusterImpl (MiniOzoneClusterImpl.java:lambda$waitForClusterToBeReady$0(194)) - Waiting for nodes to be ready. Got 0 of 3 DN Heartbeats.
2024-07-18 11:33:28,328 [main] INFO  ozone.MiniOzoneClusterImpl (MiniOzoneClusterImpl.java:lambda$waitForClusterToBeReady$0(197)) - Waiting for cluster to exit safe mode
2024-07-18 11:33:28,328 [main] INFO  ozone.MiniOzoneClusterImpl (MiniOzoneClusterImpl.java:lambda$waitForClusterToBeReady$0(199)) - SCM became leader
2024-07-18 11:33:28,329 [0d591c3e-1cf4-45a6-8ac8-82f56607a94d-DatanodeStateMachineTaskThread-0] INFO  datanode.InitDatanodeState (InitDatanodeState.java:persistContainerDatanodeDetails(139)) - DatanodeDetails is persisted to /home/runner/work/ozone/ozone/hadoop-ozone/integration-test/target/test-dir/MiniOzoneClusterImpl-c0b7f50e-f813-4849-95b3-646bdd98e01d/ozone-meta/datanode-3/meta/datanode.id
2024-07-18 11:33:29,328 [main] INFO  ozone.MiniOzoneClusterImpl (MiniOzoneClusterImpl.java:lambda$waitForClusterToBeReady$0(194)) - Waiting for nodes to be ready. Got 0 of 3 DN Heartbeats.
2024-07-18 11:33:29,329 [main] INFO  ozone.MiniOzoneClusterImpl (MiniOzoneClusterImpl.java:lambda$waitForClusterToBeReady$0(197)) - Waiting for cluster to exit safe mode
2024-07-18 11:33:29,329 [main] INFO  ozone.MiniOzoneClusterImpl (MiniOzoneClusterImpl.java:lambda$waitForClusterToBeReady$0(199)) - SCM became leader
2024-07-18 11:33:29,783 [0339cccf-75ab-4f40-8420-baf6c795ced3-EndpointStateMachineTaskThread-/127.0.0.1:15004-0 ] INFO  utils.DatanodeStoreCache (DatanodeStoreCache.java:addDB(72)) - Added db /home/runner/work/ozone/ozone/hadoop-ozone/integration-test/target/test-dir/MiniOzoneClusterImpl-c0b7f50e-f813-4849-95b3-646bdd98e01d/ozone-meta/datanode-1/data-0/hdds/c0b7f50e-f813-4849-95b3-646bdd98e01d/DS-cb4ae05a-2740-4431-9fab-9c7f706a8737/container.db to cache
2024-07-18 11:33:29,783 [0339cccf-75ab-4f40-8420-baf6c795ced3-EndpointStateMachineTaskThread-/127.0.0.1:15004-0 ] INFO  volume.HddsVolume (HddsVolume.java:createDbStore(437)) - SchemaV3 db is created and loaded at /home/runner/work/ozone/ozone/hadoop-ozone/integration-test/target/test-dir/MiniOzoneClusterImpl-c0b7f50e-f813-4849-95b3-646bdd98e01d/ozone-meta/datanode-1/data-0/hdds/c0b7f50e-f813-4849-95b3-646bdd98e01d/DS-cb4ae05a-2740-4431-9fab-9c7f706a8737/container.db for volume DS-cb4ae05a-2740-4431-9fab-9c7f706a8737
2024-07-18 11:33:29,789 [0339cccf-75ab-4f40-8420-baf6c795ced3-ContainerReader-0] INFO  ozoneimpl.ContainerReader (ContainerReader.java:readVolume(148)) - Start to verify containers on volume /home/runner/work/ozone/ozone/hadoop-ozone/integration-test/target/test-dir/MiniOzoneClusterImpl-c0b7f50e-f813-4849-95b3-646bdd98e01d/ozone-meta/datanode-1/data-0/hdds
2024-07-18 11:33:29,789 [0339cccf-75ab-4f40-8420-baf6c795ced3-ContainerReader-0] INFO  ozoneimpl.ContainerReader (ContainerReader.java:readVolume(178)) - Finish verifying containers on volume /home/runner/work/ozone/ozone/hadoop-ozone/integration-test/target/test-dir/MiniOzoneClusterImpl-c0b7f50e-f813-4849-95b3-646bdd98e01d/ozone-meta/datanode-1/data-0/hdds
2024-07-18 11:33:29,789 [0339cccf-75ab-4f40-8420-baf6c795ced3-EndpointStateMachineTaskThread-/127.0.0.1:15004-0 ] INFO  ozoneimpl.OzoneContainer (OzoneContainer.java:buildContainerSet(328)) - Build ContainerSet costs 0s
2024-07-18 11:33:29,790 [0339cccf-75ab-4f40-8420-baf6c795ced3-EndpointStateMachineTaskThread-/127.0.0.1:15004-0 ] INFO  volume.ThrottledAsyncChecker (ThrottledAsyncChecker.java:schedule(141)) - Scheduling a check for /home/runner/work/ozone/ozone/hadoop-ozone/integration-test/target/test-dir/MiniOzoneClusterImpl-c0b7f50e-f813-4849-95b3-646bdd98e01d/ozone-meta/datanode-1/data-0/hdds
2024-07-18 11:33:29,794 [0339cccf-75ab-4f40-8420-baf6c795ced3-EndpointStateMachineTaskThread-/127.0.0.1:15004-0 ] INFO  volume.StorageVolumeChecker (StorageVolumeChecker.java:checkAllVolumes(218)) - Scheduled health check for volume /home/runner/work/ozone/ozone/hadoop-ozone/integration-test/target/test-dir/MiniOzoneClusterImpl-c0b7f50e-f813-4849-95b3-646bdd98e01d/ozone-meta/datanode-1/data-0/hdds
2024-07-18 11:33:29,797 [0339cccf-75ab-4f40-8420-baf6c795ced3-EndpointStateMachineTaskThread-/127.0.0.1:15004-0 ] INFO  volume.ThrottledAsyncChecker (ThrottledAsyncChecker.java:schedule(141)) - Scheduling a check for /home/runner/work/ozone/ozone/hadoop-ozone/integration-test/target/test-dir/MiniOzoneClusterImpl-c0b7f50e-f813-4849-95b3-646bdd98e01d/ozone-meta/datanode-1/ratis
2024-07-18 11:33:29,797 [0339cccf-75ab-4f40-8420-baf6c795ced3-EndpointStateMachineTaskThread-/127.0.0.1:15004-0 ] INFO  volume.StorageVolumeChecker (StorageVolumeChecker.java:checkAllVolumes(218)) - Scheduled health check for volume /home/runner/work/ozone/ozone/hadoop-ozone/integration-test/target/test-dir/MiniOzoneClusterImpl-c0b7f50e-f813-4849-95b3-646bdd98e01d/ozone-meta/datanode-1/ratis
2024-07-18 11:33:29,798 [0339cccf-75ab-4f40-8420-baf6c795ced3-EndpointStateMachineTaskThread-/127.0.0.1:15004-0 ] INFO  ozoneimpl.OzoneContainer (OzoneContainer.java:start(459)) - Attempting to start container services.
2024-07-18 11:33:29,803 [ContainerMetadataScanner] INFO  ozoneimpl.AbstractBackgroundContainerScanner (AbstractBackgroundContainerScanner.java:runIteration(87)) - Completed an iteration in 0 minutes. Number of iterations (since the data-node restart) : 1, Number of containers scanned in this iteration : 0, Number of unhealthy containers found in this iteration : 0
2024-07-18 11:33:29,805 [0339cccf-75ab-4f40-8420-baf6c795ced3-EndpointStateMachineTaskThread-/127.0.0.1:15004-0 ] INFO  replication.ReplicationServer (ReplicationServer.java:start(142)) - ReplicationServer is started using port 15032
2024-07-18 11:33:29,805 [0339cccf-75ab-4f40-8420-baf6c795ced3-EndpointStateMachineTaskThread-/127.0.0.1:15004-0 ] INFO  ratis.XceiverServerRatis (XceiverServerRatis.java:start(562)) - Starting XceiverServerRatis 0339cccf-75ab-4f40-8420-baf6c795ced3
2024-07-18 11:33:29,806 [ContainerDataScanner(/home/runner/work/ozone/ozone/hadoop-ozone/integration-test/target/test-dir/MiniOzoneClusterImpl-c0b7f50e-f813-4849-95b3-646bdd98e01d/ozone-meta/datanode-1/data-0/hdds)] INFO  ozoneimpl.AbstractBackgroundContainerScanner (AbstractBackgroundContainerScanner.java:runIteration(87)) - Completed an iteration in 0 minutes. Number of iterations (since the data-node restart) : 1, Number of containers scanned in this iteration : 0, Number of unhealthy containers found in this iteration : 0
2024-07-18 11:33:29,807 [0339cccf-75ab-4f40-8420-baf6c795ced3-EndpointStateMachineTaskThread-/127.0.0.1:15004-0 ] INFO  server.RaftServer (RaftServerProxy.java:startImpl(408)) - 0339cccf-75ab-4f40-8420-baf6c795ced3: start RPC server
2024-07-18 11:33:29,807 [0339cccf-75ab-4f40-8420-baf6c795ced3-EndpointStateMachineTaskThread-/127.0.0.1:15004-0 ] INFO  server.GrpcService (GrpcService.java:startImpl(302)) - 0339cccf-75ab-4f40-8420-baf6c795ced3: GrpcService started, listening on 15028
2024-07-18 11:33:29,808 [0339cccf-75ab-4f40-8420-baf6c795ced3-EndpointStateMachineTaskThread-/127.0.0.1:15004-0 ] INFO  server.GrpcService (GrpcService.java:startImpl(302)) - 0339cccf-75ab-4f40-8420-baf6c795ced3: GrpcService started, listening on 15030
2024-07-18 11:33:29,808 [0339cccf-75ab-4f40-8420-baf6c795ced3-EndpointStateMachineTaskThread-/127.0.0.1:15004-0 ] INFO  server.GrpcService (GrpcService.java:startImpl(302)) - 0339cccf-75ab-4f40-8420-baf6c795ced3: GrpcService started, listening on 15029
2024-07-18 11:33:29,809 [0339cccf-75ab-4f40-8420-baf6c795ced3-EndpointStateMachineTaskThread-/127.0.0.1:15004-0 ] INFO  ratis.XceiverServerRatis (XceiverServerRatis.java:getRealPort(588)) - XceiverServerRatis 0339cccf-75ab-4f40-8420-baf6c795ced3 is started using port 15028 for RATIS
2024-07-18 11:33:29,809 [0339cccf-75ab-4f40-8420-baf6c795ced3-EndpointStateMachineTaskThread-/127.0.0.1:15004-0 ] INFO  ratis.XceiverServerRatis (XceiverServerRatis.java:getRealPort(588)) - XceiverServerRatis 0339cccf-75ab-4f40-8420-baf6c795ced3 is started using port 15029 for RATIS_ADMIN
2024-07-18 11:33:29,809 [JvmPauseMonitor5] INFO  util.JvmPauseMonitor (JvmPauseMonitor.java:run(146)) - JvmPauseMonitor-0339cccf-75ab-4f40-8420-baf6c795ced3: Started
2024-07-18 11:33:29,809 [0339cccf-75ab-4f40-8420-baf6c795ced3-EndpointStateMachineTaskThread-/127.0.0.1:15004-0 ] INFO  ratis.XceiverServerRatis (XceiverServerRatis.java:getRealPort(588)) - XceiverServerRatis 0339cccf-75ab-4f40-8420-baf6c795ced3 is started using port 15030 for RATIS_SERVER
2024-07-18 11:33:29,809 [0339cccf-75ab-4f40-8420-baf6c795ced3-EndpointStateMachineTaskThread-/127.0.0.1:15004-0 ] INFO  ratis.XceiverServerRatis (XceiverServerRatis.java:getRealPort(588)) - XceiverServerRatis 0339cccf-75ab-4f40-8420-baf6c795ced3 is started using port 15031 for RATIS_DATASTREAM
2024-07-18 11:33:29,812 [0339cccf-75ab-4f40-8420-baf6c795ced3-BlockDeletingService#0] INFO  interfaces.ContainerDeletionChoosingPolicyTemplate (ContainerDeletionChoosingPolicyTemplate.java:chooseContainerForBlockDeletion(85)) - Chosen 0/5000 blocks from 0 candidate containers.
2024-07-18 11:33:30,071 [df04cc9d-3067-478c-80ae-8f73b6a024a8-EndpointStateMachineTaskThread-/127.0.0.1:15004-0 ] INFO  utils.DatanodeStoreCache (DatanodeStoreCache.java:addDB(72)) - Added db /home/runner/work/ozone/ozone/hadoop-ozone/integration-test/target/test-dir/MiniOzoneClusterImpl-c0b7f50e-f813-4849-95b3-646bdd98e01d/ozone-meta/datanode-2/data-0/hdds/c0b7f50e-f813-4849-95b3-646bdd98e01d/DS-c00ff045-81bb-403f-be6b-beeef90a6400/container.db to cache
2024-07-18 11:33:30,071 [df04cc9d-3067-478c-80ae-8f73b6a024a8-EndpointStateMachineTaskThread-/127.0.0.1:15004-0 ] INFO  volume.HddsVolume (HddsVolume.java:createDbStore(437)) - SchemaV3 db is created and loaded at /home/runner/work/ozone/ozone/hadoop-ozone/integration-test/target/test-dir/MiniOzoneClusterImpl-c0b7f50e-f813-4849-95b3-646bdd98e01d/ozone-meta/datanode-2/data-0/hdds/c0b7f50e-f813-4849-95b3-646bdd98e01d/DS-c00ff045-81bb-403f-be6b-beeef90a6400/container.db for volume DS-c00ff045-81bb-403f-be6b-beeef90a6400
2024-07-18 11:33:30,074 [df04cc9d-3067-478c-80ae-8f73b6a024a8-ContainerReader-0] INFO  ozoneimpl.ContainerReader (ContainerReader.java:readVolume(148)) - Start to verify containers on volume /home/runner/work/ozone/ozone/hadoop-ozone/integration-test/target/test-dir/MiniOzoneClusterImpl-c0b7f50e-f813-4849-95b3-646bdd98e01d/ozone-meta/datanode-2/data-0/hdds
2024-07-18 11:33:30,074 [df04cc9d-3067-478c-80ae-8f73b6a024a8-ContainerReader-0] INFO  ozoneimpl.ContainerReader (ContainerReader.java:readVolume(178)) - Finish verifying containers on volume /home/runner/work/ozone/ozone/hadoop-ozone/integration-test/target/test-dir/MiniOzoneClusterImpl-c0b7f50e-f813-4849-95b3-646bdd98e01d/ozone-meta/datanode-2/data-0/hdds
2024-07-18 11:33:30,074 [df04cc9d-3067-478c-80ae-8f73b6a024a8-EndpointStateMachineTaskThread-/127.0.0.1:15004-0 ] INFO  ozoneimpl.OzoneContainer (OzoneContainer.java:buildContainerSet(328)) - Build ContainerSet costs 0s
2024-07-18 11:33:30,074 [df04cc9d-3067-478c-80ae-8f73b6a024a8-EndpointStateMachineTaskThread-/127.0.0.1:15004-0 ] INFO  volume.ThrottledAsyncChecker (ThrottledAsyncChecker.java:schedule(141)) - Scheduling a check for /home/runner/work/ozone/ozone/hadoop-ozone/integration-test/target/test-dir/MiniOzoneClusterImpl-c0b7f50e-f813-4849-95b3-646bdd98e01d/ozone-meta/datanode-2/data-0/hdds
2024-07-18 11:33:30,075 [df04cc9d-3067-478c-80ae-8f73b6a024a8-EndpointStateMachineTaskThread-/127.0.0.1:15004-0 ] INFO  volume.StorageVolumeChecker (StorageVolumeChecker.java:checkAllVolumes(218)) - Scheduled health check for volume /home/runner/work/ozone/ozone/hadoop-ozone/integration-test/target/test-dir/MiniOzoneClusterImpl-c0b7f50e-f813-4849-95b3-646bdd98e01d/ozone-meta/datanode-2/data-0/hdds
2024-07-18 11:33:30,076 [df04cc9d-3067-478c-80ae-8f73b6a024a8-EndpointStateMachineTaskThread-/127.0.0.1:15004-0 ] INFO  volume.ThrottledAsyncChecker (ThrottledAsyncChecker.java:schedule(141)) - Scheduling a check for /home/runner/work/ozone/ozone/hadoop-ozone/integration-test/target/test-dir/MiniOzoneClusterImpl-c0b7f50e-f813-4849-95b3-646bdd98e01d/ozone-meta/datanode-2/ratis
2024-07-18 11:33:30,076 [df04cc9d-3067-478c-80ae-8f73b6a024a8-EndpointStateMachineTaskThread-/127.0.0.1:15004-0 ] INFO  volume.StorageVolumeChecker (StorageVolumeChecker.java:checkAllVolumes(218)) - Scheduled health check for volume /home/runner/work/ozone/ozone/hadoop-ozone/integration-test/target/test-dir/MiniOzoneClusterImpl-c0b7f50e-f813-4849-95b3-646bdd98e01d/ozone-meta/datanode-2/ratis
2024-07-18 11:33:30,077 [df04cc9d-3067-478c-80ae-8f73b6a024a8-EndpointStateMachineTaskThread-/127.0.0.1:15004-0 ] INFO  ozoneimpl.OzoneContainer (OzoneContainer.java:start(459)) - Attempting to start container services.
2024-07-18 11:33:30,077 [df04cc9d-3067-478c-80ae-8f73b6a024a8-EndpointStateMachineTaskThread-/127.0.0.1:15004-0 ] WARN  ozoneimpl.OnDemandContainerDataScanner (OnDemandContainerDataScanner.java:init(75)) - Trying to initialize on demand scanner a second time on a datanode.
2024-07-18 11:33:30,079 [ContainerMetadataScanner] INFO  ozoneimpl.AbstractBackgroundContainerScanner (AbstractBackgroundContainerScanner.java:runIteration(87)) - Completed an iteration in 0 minutes. Number of iterations (since the data-node restart) : 1, Number of containers scanned in this iteration : 0, Number of unhealthy containers found in this iteration : 0
2024-07-18 11:33:30,080 [ContainerDataScanner(/home/runner/work/ozone/ozone/hadoop-ozone/integration-test/target/test-dir/MiniOzoneClusterImpl-c0b7f50e-f813-4849-95b3-646bdd98e01d/ozone-meta/datanode-2/data-0/hdds)] INFO  ozoneimpl.AbstractBackgroundContainerScanner (AbstractBackgroundContainerScanner.java:runIteration(87)) - Completed an iteration in 0 minutes. Number of iterations (since the data-node restart) : 1, Number of containers scanned in this iteration : 0, Number of unhealthy containers found in this iteration : 0
2024-07-18 11:33:30,080 [df04cc9d-3067-478c-80ae-8f73b6a024a8-EndpointStateMachineTaskThread-/127.0.0.1:15004-0 ] INFO  replication.ReplicationServer (ReplicationServer.java:start(142)) - ReplicationServer is started using port 15041
2024-07-18 11:33:30,080 [df04cc9d-3067-478c-80ae-8f73b6a024a8-EndpointStateMachineTaskThread-/127.0.0.1:15004-0 ] INFO  ratis.XceiverServerRatis (XceiverServerRatis.java:start(562)) - Starting XceiverServerRatis df04cc9d-3067-478c-80ae-8f73b6a024a8
2024-07-18 11:33:30,081 [df04cc9d-3067-478c-80ae-8f73b6a024a8-EndpointStateMachineTaskThread-/127.0.0.1:15004-0 ] INFO  server.RaftServer (RaftServerProxy.java:startImpl(408)) - df04cc9d-3067-478c-80ae-8f73b6a024a8: start RPC server
2024-07-18 11:33:30,082 [df04cc9d-3067-478c-80ae-8f73b6a024a8-EndpointStateMachineTaskThread-/127.0.0.1:15004-0 ] INFO  server.GrpcService (GrpcService.java:startImpl(302)) - df04cc9d-3067-478c-80ae-8f73b6a024a8: GrpcService started, listening on 15037
2024-07-18 11:33:30,082 [df04cc9d-3067-478c-80ae-8f73b6a024a8-EndpointStateMachineTaskThread-/127.0.0.1:15004-0 ] INFO  server.GrpcService (GrpcService.java:startImpl(302)) - df04cc9d-3067-478c-80ae-8f73b6a024a8: GrpcService started, listening on 15039
2024-07-18 11:33:30,082 [df04cc9d-3067-478c-80ae-8f73b6a024a8-EndpointStateMachineTaskThread-/127.0.0.1:15004-0 ] INFO  server.GrpcService (GrpcService.java:startImpl(302)) - df04cc9d-3067-478c-80ae-8f73b6a024a8: GrpcService started, listening on 15038
2024-07-18 11:33:30,083 [df04cc9d-3067-478c-80ae-8f73b6a024a8-EndpointStateMachineTaskThread-/127.0.0.1:15004-0 ] INFO  ratis.XceiverServerRatis (XceiverServerRatis.java:getRealPort(588)) - XceiverServerRatis df04cc9d-3067-478c-80ae-8f73b6a024a8 is started using port 15037 for RATIS
2024-07-18 11:33:30,083 [JvmPauseMonitor6] INFO  util.JvmPauseMonitor (JvmPauseMonitor.java:run(146)) - JvmPauseMonitor-df04cc9d-3067-478c-80ae-8f73b6a024a8: Started
2024-07-18 11:33:30,083 [df04cc9d-3067-478c-80ae-8f73b6a024a8-EndpointStateMachineTaskThread-/127.0.0.1:15004-0 ] INFO  ratis.XceiverServerRatis (XceiverServerRatis.java:getRealPort(588)) - XceiverServerRatis df04cc9d-3067-478c-80ae-8f73b6a024a8 is started using port 15038 for RATIS_ADMIN
2024-07-18 11:33:30,083 [df04cc9d-3067-478c-80ae-8f73b6a024a8-EndpointStateMachineTaskThread-/127.0.0.1:15004-0 ] INFO  ratis.XceiverServerRatis (XceiverServerRatis.java:getRealPort(588)) - XceiverServerRatis df04cc9d-3067-478c-80ae-8f73b6a024a8 is started using port 15039 for RATIS_SERVER
2024-07-18 11:33:30,083 [df04cc9d-3067-478c-80ae-8f73b6a024a8-EndpointStateMachineTaskThread-/127.0.0.1:15004-0 ] INFO  ratis.XceiverServerRatis (XceiverServerRatis.java:getRealPort(588)) - XceiverServerRatis df04cc9d-3067-478c-80ae-8f73b6a024a8 is started using port 15040 for RATIS_DATASTREAM
2024-07-18 11:33:30,084 [df04cc9d-3067-478c-80ae-8f73b6a024a8-BlockDeletingService#0] INFO  interfaces.ContainerDeletionChoosingPolicyTemplate (ContainerDeletionChoosingPolicyTemplate.java:chooseContainerForBlockDeletion(85)) - Chosen 0/5000 blocks from 0 candidate containers.
2024-07-18 11:33:30,329 [main] INFO  ozone.MiniOzoneClusterImpl (MiniOzoneClusterImpl.java:lambda$waitForClusterToBeReady$0(194)) - Waiting for nodes to be ready. Got 0 of 3 DN Heartbeats.
2024-07-18 11:33:30,329 [main] INFO  ozone.MiniOzoneClusterImpl (MiniOzoneClusterImpl.java:lambda$waitForClusterToBeReady$0(197)) - Waiting for cluster to exit safe mode
2024-07-18 11:33:30,329 [main] INFO  ozone.MiniOzoneClusterImpl (MiniOzoneClusterImpl.java:lambda$waitForClusterToBeReady$0(199)) - SCM became leader
2024-07-18 11:33:30,345 [0d591c3e-1cf4-45a6-8ac8-82f56607a94d-EndpointStateMachineTaskThread-/127.0.0.1:15004-0 ] INFO  utils.DatanodeStoreCache (DatanodeStoreCache.java:addDB(72)) - Added db /home/runner/work/ozone/ozone/hadoop-ozone/integration-test/target/test-dir/MiniOzoneClusterImpl-c0b7f50e-f813-4849-95b3-646bdd98e01d/ozone-meta/datanode-3/data-0/hdds/c0b7f50e-f813-4849-95b3-646bdd98e01d/DS-ee9a22c5-d40b-4f2c-b66f-5d23ae9991ea/container.db to cache
2024-07-18 11:33:30,345 [0d591c3e-1cf4-45a6-8ac8-82f56607a94d-EndpointStateMachineTaskThread-/127.0.0.1:15004-0 ] INFO  volume.HddsVolume (HddsVolume.java:createDbStore(437)) - SchemaV3 db is created and loaded at /home/runner/work/ozone/ozone/hadoop-ozone/integration-test/target/test-dir/MiniOzoneClusterImpl-c0b7f50e-f813-4849-95b3-646bdd98e01d/ozone-meta/datanode-3/data-0/hdds/c0b7f50e-f813-4849-95b3-646bdd98e01d/DS-ee9a22c5-d40b-4f2c-b66f-5d23ae9991ea/container.db for volume DS-ee9a22c5-d40b-4f2c-b66f-5d23ae9991ea
2024-07-18 11:33:30,346 [0d591c3e-1cf4-45a6-8ac8-82f56607a94d-ContainerReader-0] INFO  ozoneimpl.ContainerReader (ContainerReader.java:readVolume(148)) - Start to verify containers on volume /home/runner/work/ozone/ozone/hadoop-ozone/integration-test/target/test-dir/MiniOzoneClusterImpl-c0b7f50e-f813-4849-95b3-646bdd98e01d/ozone-meta/datanode-3/data-0/hdds
2024-07-18 11:33:30,347 [0d591c3e-1cf4-45a6-8ac8-82f56607a94d-ContainerReader-0] INFO  ozoneimpl.ContainerReader (ContainerReader.java:readVolume(178)) - Finish verifying containers on volume /home/runner/work/ozone/ozone/hadoop-ozone/integration-test/target/test-dir/MiniOzoneClusterImpl-c0b7f50e-f813-4849-95b3-646bdd98e01d/ozone-meta/datanode-3/data-0/hdds
2024-07-18 11:33:30,347 [0d591c3e-1cf4-45a6-8ac8-82f56607a94d-EndpointStateMachineTaskThread-/127.0.0.1:15004-0 ] INFO  ozoneimpl.OzoneContainer (OzoneContainer.java:buildContainerSet(328)) - Build ContainerSet costs 0s
2024-07-18 11:33:30,347 [0d591c3e-1cf4-45a6-8ac8-82f56607a94d-EndpointStateMachineTaskThread-/127.0.0.1:15004-0 ] INFO  volume.ThrottledAsyncChecker (ThrottledAsyncChecker.java:schedule(141)) - Scheduling a check for /home/runner/work/ozone/ozone/hadoop-ozone/integration-test/target/test-dir/MiniOzoneClusterImpl-c0b7f50e-f813-4849-95b3-646bdd98e01d/ozone-meta/datanode-3/data-0/hdds
2024-07-18 11:33:30,348 [0d591c3e-1cf4-45a6-8ac8-82f56607a94d-EndpointStateMachineTaskThread-/127.0.0.1:15004-0 ] INFO  volume.StorageVolumeChecker (StorageVolumeChecker.java:checkAllVolumes(218)) - Scheduled health check for volume /home/runner/work/ozone/ozone/hadoop-ozone/integration-test/target/test-dir/MiniOzoneClusterImpl-c0b7f50e-f813-4849-95b3-646bdd98e01d/ozone-meta/datanode-3/data-0/hdds
2024-07-18 11:33:30,348 [0d591c3e-1cf4-45a6-8ac8-82f56607a94d-EndpointStateMachineTaskThread-/127.0.0.1:15004-0 ] INFO  volume.ThrottledAsyncChecker (ThrottledAsyncChecker.java:schedule(141)) - Scheduling a check for /home/runner/work/ozone/ozone/hadoop-ozone/integration-test/target/test-dir/MiniOzoneClusterImpl-c0b7f50e-f813-4849-95b3-646bdd98e01d/ozone-meta/datanode-3/ratis
2024-07-18 11:33:30,349 [0d591c3e-1cf4-45a6-8ac8-82f56607a94d-EndpointStateMachineTaskThread-/127.0.0.1:15004-0 ] INFO  volume.StorageVolumeChecker (StorageVolumeChecker.java:checkAllVolumes(218)) - Scheduled health check for volume /home/runner/work/ozone/ozone/hadoop-ozone/integration-test/target/test-dir/MiniOzoneClusterImpl-c0b7f50e-f813-4849-95b3-646bdd98e01d/ozone-meta/datanode-3/ratis
2024-07-18 11:33:30,349 [0d591c3e-1cf4-45a6-8ac8-82f56607a94d-EndpointStateMachineTaskThread-/127.0.0.1:15004-0 ] INFO  ozoneimpl.OzoneContainer (OzoneContainer.java:start(459)) - Attempting to start container services.
2024-07-18 11:33:30,349 [0d591c3e-1cf4-45a6-8ac8-82f56607a94d-EndpointStateMachineTaskThread-/127.0.0.1:15004-0 ] WARN  ozoneimpl.OnDemandContainerDataScanner (OnDemandContainerDataScanner.java:init(75)) - Trying to initialize on demand scanner a second time on a datanode.
2024-07-18 11:33:30,350 [ContainerMetadataScanner] INFO  ozoneimpl.AbstractBackgroundContainerScanner (AbstractBackgroundContainerScanner.java:runIteration(87)) - Completed an iteration in 0 minutes. Number of iterations (since the data-node restart) : 1, Number of containers scanned in this iteration : 0, Number of unhealthy containers found in this iteration : 0
2024-07-18 11:33:30,350 [ContainerDataScanner(/home/runner/work/ozone/ozone/hadoop-ozone/integration-test/target/test-dir/MiniOzoneClusterImpl-c0b7f50e-f813-4849-95b3-646bdd98e01d/ozone-meta/datanode-3/data-0/hdds)] INFO  ozoneimpl.AbstractBackgroundContainerScanner (AbstractBackgroundContainerScanner.java:runIteration(87)) - Completed an iteration in 0 minutes. Number of iterations (since the data-node restart) : 1, Number of containers scanned in this iteration : 0, Number of unhealthy containers found in this iteration : 0
2024-07-18 11:33:30,351 [0d591c3e-1cf4-45a6-8ac8-82f56607a94d-EndpointStateMachineTaskThread-/127.0.0.1:15004-0 ] INFO  replication.ReplicationServer (ReplicationServer.java:start(142)) - ReplicationServer is started using port 15050
2024-07-18 11:33:30,351 [0d591c3e-1cf4-45a6-8ac8-82f56607a94d-EndpointStateMachineTaskThread-/127.0.0.1:15004-0 ] INFO  ratis.XceiverServerRatis (XceiverServerRatis.java:start(562)) - Starting XceiverServerRatis 0d591c3e-1cf4-45a6-8ac8-82f56607a94d
2024-07-18 11:33:30,352 [0d591c3e-1cf4-45a6-8ac8-82f56607a94d-EndpointStateMachineTaskThread-/127.0.0.1:15004-0 ] INFO  server.RaftServer (RaftServerProxy.java:startImpl(408)) - 0d591c3e-1cf4-45a6-8ac8-82f56607a94d: start RPC server
2024-07-18 11:33:30,352 [0d591c3e-1cf4-45a6-8ac8-82f56607a94d-EndpointStateMachineTaskThread-/127.0.0.1:15004-0 ] INFO  server.GrpcService (GrpcService.java:startImpl(302)) - 0d591c3e-1cf4-45a6-8ac8-82f56607a94d: GrpcService started, listening on 15046
2024-07-18 11:33:30,353 [0d591c3e-1cf4-45a6-8ac8-82f56607a94d-EndpointStateMachineTaskThread-/127.0.0.1:15004-0 ] INFO  server.GrpcService (GrpcService.java:startImpl(302)) - 0d591c3e-1cf4-45a6-8ac8-82f56607a94d: GrpcService started, listening on 15048
2024-07-18 11:33:30,353 [0d591c3e-1cf4-45a6-8ac8-82f56607a94d-EndpointStateMachineTaskThread-/127.0.0.1:15004-0 ] INFO  server.GrpcService (GrpcService.java:startImpl(302)) - 0d591c3e-1cf4-45a6-8ac8-82f56607a94d: GrpcService started, listening on 15047
2024-07-18 11:33:30,353 [0d591c3e-1cf4-45a6-8ac8-82f56607a94d-EndpointStateMachineTaskThread-/127.0.0.1:15004-0 ] INFO  ratis.XceiverServerRatis (XceiverServerRatis.java:getRealPort(588)) - XceiverServerRatis 0d591c3e-1cf4-45a6-8ac8-82f56607a94d is started using port 15046 for RATIS
2024-07-18 11:33:30,354 [0d591c3e-1cf4-45a6-8ac8-82f56607a94d-EndpointStateMachineTaskThread-/127.0.0.1:15004-0 ] INFO  ratis.XceiverServerRatis (XceiverServerRatis.java:getRealPort(588)) - XceiverServerRatis 0d591c3e-1cf4-45a6-8ac8-82f56607a94d is started using port 15047 for RATIS_ADMIN
2024-07-18 11:33:30,354 [0d591c3e-1cf4-45a6-8ac8-82f56607a94d-EndpointStateMachineTaskThread-/127.0.0.1:15004-0 ] INFO  ratis.XceiverServerRatis (XceiverServerRatis.java:getRealPort(588)) - XceiverServerRatis 0d591c3e-1cf4-45a6-8ac8-82f56607a94d is started using port 15048 for RATIS_SERVER
2024-07-18 11:33:30,354 [0d591c3e-1cf4-45a6-8ac8-82f56607a94d-EndpointStateMachineTaskThread-/127.0.0.1:15004-0 ] INFO  ratis.XceiverServerRatis (XceiverServerRatis.java:getRealPort(588)) - XceiverServerRatis 0d591c3e-1cf4-45a6-8ac8-82f56607a94d is started using port 15049 for RATIS_DATASTREAM
2024-07-18 11:33:30,353 [JvmPauseMonitor7] INFO  util.JvmPauseMonitor (JvmPauseMonitor.java:run(146)) - JvmPauseMonitor-0d591c3e-1cf4-45a6-8ac8-82f56607a94d: Started
2024-07-18 11:33:30,357 [0d591c3e-1cf4-45a6-8ac8-82f56607a94d-BlockDeletingService#0] INFO  interfaces.ContainerDeletionChoosingPolicyTemplate (ContainerDeletionChoosingPolicyTemplate.java:chooseContainerForBlockDeletion(85)) - Chosen 0/5000 blocks from 0 candidate containers.
2024-07-18 11:33:31,329 [main] INFO  ozone.MiniOzoneClusterImpl (MiniOzoneClusterImpl.java:lambda$waitForClusterToBeReady$0(194)) - Waiting for nodes to be ready. Got 0 of 3 DN Heartbeats.
2024-07-18 11:33:31,330 [main] INFO  ozone.MiniOzoneClusterImpl (MiniOzoneClusterImpl.java:lambda$waitForClusterToBeReady$0(197)) - Waiting for cluster to exit safe mode
2024-07-18 11:33:31,330 [main] INFO  ozone.MiniOzoneClusterImpl (MiniOzoneClusterImpl.java:lambda$waitForClusterToBeReady$0(199)) - SCM became leader
2024-07-18 11:33:31,748 [IPC Server handler 1 on default port 15004] INFO  net.NetworkTopologyImpl (NetworkTopologyImpl.java:add(134)) - Added a new node: /default-rack/0339cccf-75ab-4f40-8420-baf6c795ced3
2024-07-18 11:33:31,750 [IPC Server handler 1 on default port 15004] INFO  node.SCMNodeManager (SCMNodeManager.java:register(421)) - Registered datanode: 0339cccf-75ab-4f40-8420-baf6c795ced3{ip: 127.0.0.1, host: localhost, ports: [HTTP=15025, CLIENT_RPC=15026, REPLICATION=15032, RATIS=15028, RATIS_ADMIN=15029, RATIS_SERVER=15030, RATIS_DATASTREAM=15031, STANDALONE=15027], networkLocation: /default-rack, certSerialId: null, persistedOpState: null, persistedOpStateExpiryEpochSec: 0}
2024-07-18 11:33:31,752 [scmNode-1-EventQueue-NewNodeForNewNodeHandler] INFO  pipeline.BackgroundPipelineCreator (BackgroundPipelineCreator.java:notifyEventTriggered(280)) - trigger a one-shot run on scmNode-1-RatisPipelineUtilsThread.
2024-07-18 11:33:31,753 [scmNode-1-EventQueue-NodeRegistrationContainerReportForDataNodeSafeModeRule] INFO  safemode.SCMSafeModeManager (DataNodeSafeModeRule.java:process(71)) - SCM in safe mode. 1 DataNodes registered, 3 required.
2024-07-18 11:33:31,753 [scmNode-1-EventQueue-NodeRegistrationContainerReportForContainerSafeModeRule] INFO  safemode.SCMSafeModeManager (SCMSafeModeManager.java:validateSafeModeExitRules(203)) - ContainerSafeModeRule rule is successfully validated
2024-07-18 11:33:31,755 [scmNode-1-EventQueue-PipelineReportForOneReplicaPipelineSafeModeRule] INFO  safemode.SCMSafeModeManager (SCMSafeModeManager.java:validateSafeModeExitRules(203)) - AtleastOneDatanodeReportedRule rule is successfully validated
2024-07-18 11:33:31,758 [scmNode-1-RatisPipelineUtilsThread-0] INFO  pipeline.RatisPipelineProvider (RatisPipelineProvider.java:lambda$create$0(205)) - Sending CreatePipelineCommand for pipeline:PipelineID=2ed2c354-8c0b-4cab-9287-850a67e39a52 to datanode:0339cccf-75ab-4f40-8420-baf6c795ced3
2024-07-18 11:33:31,796 [c23094e4-493d-4fea-9f0c-470ffa683120@group-646BDD98E01D-StateMachineUpdater] INFO  safemode.HealthyPipelineSafeModeRule (HealthyPipelineSafeModeRule.java:initializeRule(172)) - Refreshed total pipeline count is 0, healthy pipeline threshold count is 1
2024-07-18 11:33:31,800 [scmNode-1-RatisPipelineUtilsThread-0] INFO  pipeline.BackgroundPipelineCreator (BackgroundPipelineCreator.java:createPipelines(236)) - Created new pipeline Pipeline[ Id: 2ed2c354-8c0b-4cab-9287-850a67e39a52, Nodes: 0339cccf-75ab-4f40-8420-baf6c795ced3(localhost/127.0.0.1) ReplicaIndex: 0, ReplicationConfig: RATIS/ONE, State:ALLOCATED, leaderId:, CreationTimestamp2024-07-18T11:33:31.757544516Z[Etc/UTC]]
2024-07-18 11:33:32,051 [IPC Server handler 2 on default port 15004] INFO  net.NetworkTopologyImpl (NetworkTopologyImpl.java:add(134)) - Added a new node: /default-rack/df04cc9d-3067-478c-80ae-8f73b6a024a8
2024-07-18 11:33:32,051 [IPC Server handler 2 on default port 15004] INFO  node.SCMNodeManager (SCMNodeManager.java:register(421)) - Registered datanode: df04cc9d-3067-478c-80ae-8f73b6a024a8{ip: 127.0.0.1, host: localhost, ports: [HTTP=15034, CLIENT_RPC=15035, REPLICATION=15041, RATIS=15037, RATIS_ADMIN=15038, RATIS_SERVER=15039, RATIS_DATASTREAM=15040, STANDALONE=15036], networkLocation: /default-rack, certSerialId: null, persistedOpState: null, persistedOpStateExpiryEpochSec: 0}
2024-07-18 11:33:32,052 [scmNode-1-EventQueue-NewNodeForNewNodeHandler] INFO  pipeline.BackgroundPipelineCreator (BackgroundPipelineCreator.java:notifyEventTriggered(280)) - trigger a one-shot run on scmNode-1-RatisPipelineUtilsThread.
2024-07-18 11:33:32,052 [scmNode-1-EventQueue-NodeRegistrationContainerReportForDataNodeSafeModeRule] INFO  safemode.SCMSafeModeManager (DataNodeSafeModeRule.java:process(71)) - SCM in safe mode. 2 DataNodes registered, 3 required.
2024-07-18 11:33:32,052 [scmNode-1-RatisPipelineUtilsThread-0] INFO  pipeline.RatisPipelineProvider (RatisPipelineProvider.java:lambda$create$0(205)) - Sending CreatePipelineCommand for pipeline:PipelineID=fdcaa597-ead9-4aa4-bc30-24d321077fff to datanode:df04cc9d-3067-478c-80ae-8f73b6a024a8
2024-07-18 11:33:32,055 [c23094e4-493d-4fea-9f0c-470ffa683120@group-646BDD98E01D-StateMachineUpdater] INFO  safemode.HealthyPipelineSafeModeRule (HealthyPipelineSafeModeRule.java:initializeRule(172)) - Refreshed total pipeline count is 0, healthy pipeline threshold count is 1
2024-07-18 11:33:32,055 [scmNode-1-RatisPipelineUtilsThread-0] INFO  pipeline.BackgroundPipelineCreator (BackgroundPipelineCreator.java:createPipelines(236)) - Created new pipeline Pipeline[ Id: fdcaa597-ead9-4aa4-bc30-24d321077fff, Nodes: df04cc9d-3067-478c-80ae-8f73b6a024a8(localhost/127.0.0.1) ReplicaIndex: 0, ReplicationConfig: RATIS/ONE, State:ALLOCATED, leaderId:, CreationTimestamp2024-07-18T11:33:32.052787808Z[Etc/UTC]]
2024-07-18 11:33:32,327 [IPC Server handler 3 on default port 15004] INFO  net.NetworkTopologyImpl (NetworkTopologyImpl.java:add(134)) - Added a new node: /default-rack/0d591c3e-1cf4-45a6-8ac8-82f56607a94d
2024-07-18 11:33:32,328 [IPC Server handler 3 on default port 15004] INFO  node.SCMNodeManager (SCMNodeManager.java:register(421)) - Registered datanode: 0d591c3e-1cf4-45a6-8ac8-82f56607a94d{ip: 127.0.0.1, host: localhost, ports: [HTTP=15043, CLIENT_RPC=15044, REPLICATION=15050, RATIS=15046, RATIS_ADMIN=15047, RATIS_SERVER=15048, RATIS_DATASTREAM=15049, STANDALONE=15045], networkLocation: /default-rack, certSerialId: null, persistedOpState: null, persistedOpStateExpiryEpochSec: 0}
2024-07-18 11:33:32,328 [scmNode-1-EventQueue-NewNodeForNewNodeHandler] INFO  pipeline.BackgroundPipelineCreator (BackgroundPipelineCreator.java:notifyEventTriggered(280)) - trigger a one-shot run on scmNode-1-RatisPipelineUtilsThread.
2024-07-18 11:33:32,329 [scmNode-1-EventQueue-NodeRegistrationContainerReportForDataNodeSafeModeRule] INFO  safemode.SCMSafeModeManager (DataNodeSafeModeRule.java:process(71)) - SCM in safe mode. 3 DataNodes registered, 3 required.
2024-07-18 11:33:32,329 [scmNode-1-EventQueue-NodeRegistrationContainerReportForDataNodeSafeModeRule] INFO  safemode.SCMSafeModeManager (SCMSafeModeManager.java:validateSafeModeExitRules(203)) - DataNodeSafeModeRule rule is successfully validated
2024-07-18 11:33:32,329 [scmNode-1-EventQueue-NodeRegistrationContainerReportForDataNodeSafeModeRule] INFO  safemode.SCMSafeModeManager (SCMSafeModeManager.java:completePreCheck(232)) - All SCM safe mode pre check rules have passed
2024-07-18 11:33:32,329 [scmNode-1-EventQueue-NodeRegistrationContainerReportForDataNodeSafeModeRule] INFO  ha.SCMContext (SCMContext.java:updateSafeModeStatus(225)) - Update SafeModeStatus from SafeModeStatus{safeModeStatus=true, preCheckPassed=false} to SafeModeStatus{safeModeStatus=true, preCheckPassed=true}.
2024-07-18 11:33:32,329 [scmNode-1-EventQueue-NodeRegistrationContainerReportForDataNodeSafeModeRule] INFO  pipeline.BackgroundPipelineCreator (BackgroundPipelineCreator.java:notifyEventTriggered(280)) - trigger a one-shot run on scmNode-1-RatisPipelineUtilsThread.
2024-07-18 11:33:32,329 [scmNode-1-RatisPipelineUtilsThread-0] INFO  pipeline.RatisPipelineProvider (RatisPipelineProvider.java:lambda$create$0(205)) - Sending CreatePipelineCommand for pipeline:PipelineID=c1eb1e75-8a90-48ef-a8a7-84eff58ab50d to datanode:0d591c3e-1cf4-45a6-8ac8-82f56607a94d
2024-07-18 11:33:32,330 [main] INFO  ozone.MiniOzoneClusterImpl (MiniOzoneClusterImpl.java:lambda$waitForClusterToBeReady$0(194)) - Nodes are ready. Got 3 of 3 DN Heartbeats.
2024-07-18 11:33:32,330 [main] INFO  ozone.MiniOzoneClusterImpl (MiniOzoneClusterImpl.java:lambda$waitForClusterToBeReady$0(197)) - Waiting for cluster to exit safe mode
2024-07-18 11:33:32,330 [main] INFO  ozone.MiniOzoneClusterImpl (MiniOzoneClusterImpl.java:lambda$waitForClusterToBeReady$0(199)) - SCM became leader
2024-07-18 11:33:32,332 [c23094e4-493d-4fea-9f0c-470ffa683120@group-646BDD98E01D-StateMachineUpdater] INFO  safemode.HealthyPipelineSafeModeRule (HealthyPipelineSafeModeRule.java:initializeRule(172)) - Refreshed total pipeline count is 0, healthy pipeline threshold count is 1
2024-07-18 11:33:32,332 [scmNode-1-RatisPipelineUtilsThread-0] INFO  pipeline.BackgroundPipelineCreator (BackgroundPipelineCreator.java:createPipelines(236)) - Created new pipeline Pipeline[ Id: c1eb1e75-8a90-48ef-a8a7-84eff58ab50d, Nodes: 0d591c3e-1cf4-45a6-8ac8-82f56607a94d(localhost/127.0.0.1) ReplicaIndex: 0, ReplicationConfig: RATIS/ONE, State:ALLOCATED, leaderId:, CreationTimestamp2024-07-18T11:33:32.329352439Z[Etc/UTC]]
2024-07-18 11:33:32,336 [scmNode-1-RatisPipelineUtilsThread-0] INFO  pipeline.RatisPipelineProvider (RatisPipelineProvider.java:lambda$create$0(205)) - Sending CreatePipelineCommand for pipeline:PipelineID=dda73e58-059d-4109-9a3d-258987903abd to datanode:0d591c3e-1cf4-45a6-8ac8-82f56607a94d
2024-07-18 11:33:32,336 [scmNode-1-RatisPipelineUtilsThread-0] INFO  pipeline.RatisPipelineProvider (RatisPipelineProvider.java:lambda$create$0(205)) - Sending CreatePipelineCommand for pipeline:PipelineID=dda73e58-059d-4109-9a3d-258987903abd to datanode:df04cc9d-3067-478c-80ae-8f73b6a024a8
2024-07-18 11:33:32,336 [scmNode-1-RatisPipelineUtilsThread-0] INFO  pipeline.RatisPipelineProvider (RatisPipelineProvider.java:lambda$create$0(205)) - Sending CreatePipelineCommand for pipeline:PipelineID=dda73e58-059d-4109-9a3d-258987903abd to datanode:0339cccf-75ab-4f40-8420-baf6c795ced3
2024-07-18 11:33:32,340 [c23094e4-493d-4fea-9f0c-470ffa683120@group-646BDD98E01D-StateMachineUpdater] INFO  safemode.HealthyPipelineSafeModeRule (HealthyPipelineSafeModeRule.java:initializeRule(172)) - Refreshed total pipeline count is 0, healthy pipeline threshold count is 1
2024-07-18 11:33:32,340 [scmNode-1-RatisPipelineUtilsThread-0] INFO  pipeline.BackgroundPipelineCreator (BackgroundPipelineCreator.java:createPipelines(236)) - Created new pipeline Pipeline[ Id: dda73e58-059d-4109-9a3d-258987903abd, Nodes: 0d591c3e-1cf4-45a6-8ac8-82f56607a94d(localhost/127.0.0.1) ReplicaIndex: 0df04cc9d-3067-478c-80ae-8f73b6a024a8(localhost/127.0.0.1) ReplicaIndex: 00339cccf-75ab-4f40-8420-baf6c795ced3(localhost/127.0.0.1) ReplicaIndex: 0, ReplicationConfig: RATIS/THREE, State:ALLOCATED, leaderId:, CreationTimestamp2024-07-18T11:33:32.336538530Z[Etc/UTC]]
2024-07-18 11:33:32,341 [scmNode-1-RatisPipelineUtilsThread-0] INFO  pipeline.RatisPipelineProvider (RatisPipelineProvider.java:lambda$create$0(205)) - Sending CreatePipelineCommand for pipeline:PipelineID=ad1ced21-6f81-4c80-ab1b-b21d8660d172 to datanode:df04cc9d-3067-478c-80ae-8f73b6a024a8
2024-07-18 11:33:32,341 [scmNode-1-RatisPipelineUtilsThread-0] INFO  pipeline.RatisPipelineProvider (RatisPipelineProvider.java:lambda$create$0(205)) - Sending CreatePipelineCommand for pipeline:PipelineID=ad1ced21-6f81-4c80-ab1b-b21d8660d172 to datanode:0339cccf-75ab-4f40-8420-baf6c795ced3
2024-07-18 11:33:32,341 [scmNode-1-RatisPipelineUtilsThread-0] INFO  pipeline.RatisPipelineProvider (RatisPipelineProvider.java:lambda$create$0(205)) - Sending CreatePipelineCommand for pipeline:PipelineID=ad1ced21-6f81-4c80-ab1b-b21d8660d172 to datanode:0d591c3e-1cf4-45a6-8ac8-82f56607a94d
2024-07-18 11:33:32,344 [c23094e4-493d-4fea-9f0c-470ffa683120@group-646BDD98E01D-StateMachineUpdater] INFO  safemode.HealthyPipelineSafeModeRule (HealthyPipelineSafeModeRule.java:initializeRule(172)) - Refreshed total pipeline count is 0, healthy pipeline threshold count is 1
2024-07-18 11:33:32,345 [scmNode-1-RatisPipelineUtilsThread-0] INFO  pipeline.PipelineManagerImpl (PipelineManagerImpl.java:recordMetricsForPipeline(916)) - Pipeline: PipelineID=ad1ced21-6f81-4c80-ab1b-b21d8660d172 contains same datanodes as previous pipelines: PipelineID=dda73e58-059d-4109-9a3d-258987903abd nodeIds: df04cc9d-3067-478c-80ae-8f73b6a024a8, 0339cccf-75ab-4f40-8420-baf6c795ced3, 0d591c3e-1cf4-45a6-8ac8-82f56607a94d
2024-07-18 11:33:32,345 [scmNode-1-RatisPipelineUtilsThread-0] INFO  pipeline.BackgroundPipelineCreator (BackgroundPipelineCreator.java:createPipelines(236)) - Created new pipeline Pipeline[ Id: ad1ced21-6f81-4c80-ab1b-b21d8660d172, Nodes: df04cc9d-3067-478c-80ae-8f73b6a024a8(localhost/127.0.0.1) ReplicaIndex: 00339cccf-75ab-4f40-8420-baf6c795ced3(localhost/127.0.0.1) ReplicaIndex: 00d591c3e-1cf4-45a6-8ac8-82f56607a94d(localhost/127.0.0.1) ReplicaIndex: 0, ReplicationConfig: RATIS/THREE, State:ALLOCATED, leaderId:, CreationTimestamp2024-07-18T11:33:32.341716792Z[Etc/UTC]]
2024-07-18 11:33:33,331 [main] INFO  ozone.MiniOzoneClusterImpl (MiniOzoneClusterImpl.java:lambda$waitForClusterToBeReady$0(194)) - Nodes are ready. Got 3 of 3 DN Heartbeats.
2024-07-18 11:33:33,331 [main] INFO  ozone.MiniOzoneClusterImpl (MiniOzoneClusterImpl.java:lambda$waitForClusterToBeReady$0(197)) - Waiting for cluster to exit safe mode
2024-07-18 11:33:33,331 [main] INFO  ozone.MiniOzoneClusterImpl (MiniOzoneClusterImpl.java:lambda$waitForClusterToBeReady$0(199)) - SCM became leader
2024-07-18 11:33:34,331 [main] INFO  ozone.MiniOzoneClusterImpl (MiniOzoneClusterImpl.java:lambda$waitForClusterToBeReady$0(194)) - Nodes are ready. Got 3 of 3 DN Heartbeats.
2024-07-18 11:33:34,331 [main] INFO  ozone.MiniOzoneClusterImpl (MiniOzoneClusterImpl.java:lambda$waitForClusterToBeReady$0(197)) - Waiting for cluster to exit safe mode
2024-07-18 11:33:34,331 [main] INFO  ozone.MiniOzoneClusterImpl (MiniOzoneClusterImpl.java:lambda$waitForClusterToBeReady$0(199)) - SCM became leader
2024-07-18 11:33:34,735 [0339cccf-75ab-4f40-8420-baf6c795ced3-PipelineCommandHandlerThread-0] INFO  server.RaftServer (RaftServerProxy.java:addNew(101)) - 0339cccf-75ab-4f40-8420-baf6c795ced3: addNew group-850A67E39A52:[0339cccf-75ab-4f40-8420-baf6c795ced3|127.0.0.1:15030] returns group-850A67E39A52:java.util.concurrent.CompletableFuture@2e50a936[Not completed]
2024-07-18 11:33:34,739 [0339cccf-75ab-4f40-8420-baf6c795ced3-groupManagement] INFO  lib.Interns (Interns.java:removeEldestEntry(50)) - Metrics intern cache overflow at 2011 for MetricsSystem={MetricsSystem=MetricsInfoImpl{name=MetricsSystem, description=MetricsSystem}, MetricsSystem record=MetricsInfoImpl{name=MetricsSystem, description=MetricsSystem record}}
2024-07-18 11:33:34,743 [0339cccf-75ab-4f40-8420-baf6c795ced3-groupManagement] INFO  server.RaftServer$Division (RaftServerImpl.java:<init>(253)) - 0339cccf-75ab-4f40-8420-baf6c795ced3: new RaftServerImpl for group-850A67E39A52:[0339cccf-75ab-4f40-8420-baf6c795ced3|127.0.0.1:15030] with ContainerStateMachine:uninitialized
2024-07-18 11:33:34,743 [0339cccf-75ab-4f40-8420-baf6c795ced3-groupManagement] INFO  server.RaftServerConfigKeys (ConfUtils.java:logGet(46)) - raft.server.rpc.timeout.min = 5s (custom)
2024-07-18 11:33:34,743 [0339cccf-75ab-4f40-8420-baf6c795ced3-groupManagement] INFO  server.RaftServerConfigKeys (ConfUtils.java:logGet(46)) - raft.server.rpc.timeout.max = 5200ms (custom)
2024-07-18 11:33:34,743 [0339cccf-75ab-4f40-8420-baf6c795ced3-groupManagement] INFO  server.RaftServerConfigKeys (ConfUtils.java:logGet(46)) - raft.server.rpc.sleep.time = 25ms (default)
2024-07-18 11:33:34,743 [0339cccf-75ab-4f40-8420-baf6c795ced3-groupManagement] INFO  server.RaftServerConfigKeys (ConfUtils.java:logGet(46)) - raft.server.rpc.slowness.timeout = 300s (custom)
2024-07-18 11:33:34,743 [0339cccf-75ab-4f40-8420-baf6c795ced3-groupManagement] INFO  server.RaftServerConfigKeys (ConfUtils.java:logGet(46)) - raft.server.leaderelection.leader.step-down.wait-time = 10s (default)
2024-07-18 11:33:34,743 [0339cccf-75ab-4f40-8420-baf6c795ced3-groupManagement] INFO  server.RaftServerConfigKeys (ConfUtils.java:logGet(46)) - raft.server.leaderelection.member.majority-add = false (default)
2024-07-18 11:33:34,744 [0339cccf-75ab-4f40-8420-baf6c795ced3-groupManagement] INFO  server.RaftServerConfigKeys (ConfUtils.java:logGet(46)) - raft.server.sleep.deviation.threshold = 300ms (default)
2024-07-18 11:33:34,744 [0339cccf-75ab-4f40-8420-baf6c795ced3-groupManagement] INFO  server.RaftServer$Division (ServerState.java:<init>(114)) - 0339cccf-75ab-4f40-8420-baf6c795ced3@group-850A67E39A52: ConfigurationManager, init=conf: {index: -1, cur=peers:[0339cccf-75ab-4f40-8420-baf6c795ced3|127.0.0.1:15030]|listeners:[], old=null}, confs=<EMPTY_MAP>
2024-07-18 11:33:34,744 [0339cccf-75ab-4f40-8420-baf6c795ced3-groupManagement] INFO  server.RaftServerConfigKeys (ConfUtils.java:logGet(46)) - raft.server.notification.no-leader.timeout = 300s (custom)
2024-07-18 11:33:34,744 [0339cccf-75ab-4f40-8420-baf6c795ced3-groupManagement] INFO  server.RaftServerConfigKeys (ConfUtils.java:logGet(46)) - raft.server.read.timeout = 10s (default)
2024-07-18 11:33:34,744 [0339cccf-75ab-4f40-8420-baf6c795ced3-groupManagement] INFO  server.RaftServerConfigKeys (ConfUtils.java:logGet(46)) - raft.server.retrycache.expirytime = 600000ms (custom)
2024-07-18 11:33:34,744 [0339cccf-75ab-4f40-8420-baf6c795ced3-groupManagement] INFO  server.RaftServerConfigKeys (ConfUtils.java:logGet(46)) - raft.server.retrycache.statistics.expirytime = 100ms (default)
2024-07-18 11:33:34,744 [0339cccf-75ab-4f40-8420-baf6c795ced3-groupManagement] INFO  server.RaftServerConfigKeys (ConfUtils.java:logGet(46)) - raft.server.read.option = DEFAULT (default)
2024-07-18 11:33:34,744 [0339cccf-75ab-4f40-8420-baf6c795ced3-groupManagement] INFO  server.RaftServerConfigKeys (ConfUtils.java:logGet(46)) - raft.server.read.read-after-write-consistent.write-index-cache.expiry-time = 60s (default)
2024-07-18 11:33:34,751 [0339cccf-75ab-4f40-8420-baf6c795ced3-groupManagement] INFO  server.RaftServerConfigKeys (ConfUtils.java:logGet(46)) - raft.server.rpc.request.timeout = 60s (custom)
2024-07-18 11:33:34,751 [0339cccf-75ab-4f40-8420-baf6c795ced3-groupManagement] INFO  server.RaftServerConfigKeys (ConfUtils.java:logGet(46)) - raft.server.log.appender.install.snapshot.enabled = false (custom)
2024-07-18 11:33:34,751 [0339cccf-75ab-4f40-8420-baf6c795ced3-groupManagement] INFO  server.RaftServerConfigKeys (ConfUtils.java:logGet(46)) - raft.server.threadpool.server.cached = true (default)
2024-07-18 11:33:34,751 [0339cccf-75ab-4f40-8420-baf6c795ced3-groupManagement] INFO  server.RaftServerConfigKeys (ConfUtils.java:logGet(46)) - raft.server.threadpool.server.size = 0 (default)
2024-07-18 11:33:34,751 [0339cccf-75ab-4f40-8420-baf6c795ced3-groupManagement] INFO  server.RaftServerConfigKeys (ConfUtils.java:logGet(46)) - raft.server.threadpool.client.cached = true (default)
2024-07-18 11:33:34,751 [0339cccf-75ab-4f40-8420-baf6c795ced3-groupManagement] INFO  server.RaftServerConfigKeys (ConfUtils.java:logGet(46)) - raft.server.threadpool.client.size = 0 (default)
2024-07-18 11:33:34,751 [0339cccf-75ab-4f40-8420-baf6c795ced3-groupManagement] INFO  server.RaftServerConfigKeys (ConfUtils.java:logGet(46)) - raft.server.storage.free-space.min = 0MB (=0) (default)
2024-07-18 11:33:34,751 [0339cccf-75ab-4f40-8420-baf6c795ced3-groupManagement] INFO  server.RaftServerConfigKeys (ConfUtils.java:logGet(46)) - raft.server.log.corruption.policy = EXCEPTION (default)
2024-07-18 11:33:34,752 [0339cccf-75ab-4f40-8420-baf6c795ced3-groupManagement] INFO  server.RaftServerConfigKeys (ConfUtils.java:logGet(46)) - raft.server.storage.dir = [/home/runner/work/ozone/ozone/hadoop-ozone/integration-test/target/test-dir/MiniOzoneClusterImpl-c0b7f50e-f813-4849-95b3-646bdd98e01d/ozone-meta/datanode-1/ratis] (custom)
2024-07-18 11:33:34,752 [0339cccf-75ab-4f40-8420-baf6c795ced3-groupManagement] INFO  storage.RaftStorageDirectory (RaftStorageDirectoryImpl.java:analyzeStorage(138)) - The storage directory /home/runner/work/ozone/ozone/hadoop-ozone/integration-test/target/test-dir/MiniOzoneClusterImpl-c0b7f50e-f813-4849-95b3-646bdd98e01d/ozone-meta/datanode-1/ratis/2ed2c354-8c0b-4cab-9287-850a67e39a52 does not exist. Creating ...
2024-07-18 11:33:34,753 [0339cccf-75ab-4f40-8420-baf6c795ced3-groupManagement] INFO  storage.RaftStorageDirectory (RaftStorageDirectoryImpl.java:tryLock(229)) - Lock on /home/runner/work/ozone/ozone/hadoop-ozone/integration-test/target/test-dir/MiniOzoneClusterImpl-c0b7f50e-f813-4849-95b3-646bdd98e01d/ozone-meta/datanode-1/ratis/2ed2c354-8c0b-4cab-9287-850a67e39a52/in_use.lock acquired by nodename 107590@fv-az1113-538
2024-07-18 11:33:34,755 [0339cccf-75ab-4f40-8420-baf6c795ced3-groupManagement] INFO  storage.RaftStorage (RaftStorageImpl.java:format(98)) - Storage directory /home/runner/work/ozone/ozone/hadoop-ozone/integration-test/target/test-dir/MiniOzoneClusterImpl-c0b7f50e-f813-4849-95b3-646bdd98e01d/ozone-meta/datanode-1/ratis/2ed2c354-8c0b-4cab-9287-850a67e39a52 has been successfully formatted.
2024-07-18 11:33:34,758 [0339cccf-75ab-4f40-8420-baf6c795ced3-groupManagement] INFO  ratis.ContainerStateMachine (ContainerStateMachine.java:loadSnapshot(287)) - group-850A67E39A52: The snapshot info is null. Setting the last applied index to:(t:0, i:~)
2024-07-18 11:33:34,758 [0339cccf-75ab-4f40-8420-baf6c795ced3-groupManagement] INFO  server.RaftServerConfigKeys (ConfUtils.java:logGet(46)) - raft.server.log.use.memory = false (default)
2024-07-18 11:33:34,758 [0339cccf-75ab-4f40-8420-baf6c795ced3-groupManagement] INFO  server.RaftServerConfigKeys (ConfUtils.java:logGet(46)) - raft.server.log.purge.gap = 1000000 (custom)
2024-07-18 11:33:34,758 [0339cccf-75ab-4f40-8420-baf6c795ced3-groupManagement] INFO  server.RaftServerConfigKeys (ConfUtils.java:logGet(46)) - raft.server.log.appender.buffer.byte-limit = 8388608 (custom)
2024-07-18 11:33:34,758 [0339cccf-75ab-4f40-8420-baf6c795ced3-groupManagement] INFO  server.RaftServerConfigKeys (ConfUtils.java:logGet(46)) - raft.server.log.statemachine.data.read.timeout = 1000ms (default)
2024-07-18 11:33:34,759 [0339cccf-75ab-4f40-8420-baf6c795ced3-groupManagement] INFO  server.RaftServerConfigKeys (ConfUtils.java:logGet(46)) - raft.server.log.purge.preservation.log.num = 0 (default)
2024-07-18 11:33:34,761 [0339cccf-75ab-4f40-8420-baf6c795ced3-groupManagement] INFO  server.RaftServerConfigKeys (ConfUtils.java:logGet(46)) - raft.server.log.segment.size.max = 67108864 (custom)
2024-07-18 11:33:34,762 [0339cccf-75ab-4f40-8420-baf6c795ced3-groupManagement] INFO  server.RaftServerConfigKeys (ConfUtils.java:logGet(46)) - raft.server.log.segment.cache.num.max = 2 (custom)
2024-07-18 11:33:34,762 [0339cccf-75ab-4f40-8420-baf6c795ced3-groupManagement] INFO  server.RaftServerConfigKeys (ConfUtils.java:logGet(46)) - raft.server.log.segment.cache.size.max = 200MB (=209715200) (default)
2024-07-18 11:33:34,762 [0339cccf-75ab-4f40-8420-baf6c795ced3-groupManagement] INFO  server.RaftServerConfigKeys (ConfUtils.java:logGet(46)) - raft.server.log.appender.buffer.byte-limit = 8388608 (custom)
2024-07-18 11:33:34,767 [0339cccf-75ab-4f40-8420-baf6c795ced3-groupManagement] INFO  util.AwaitToRun (AwaitToRun.java:start(81)) - Thread[0339cccf-75ab-4f40-8420-baf6c795ced3@group-850A67E39A52-cacheEviction-AwaitToRun,5,main] started
2024-07-18 11:33:34,767 [0339cccf-75ab-4f40-8420-baf6c795ced3-groupManagement] INFO  segmented.SegmentedRaftLogWorker (SegmentedRaftLogWorker.java:<init>(184)) - new 0339cccf-75ab-4f40-8420-baf6c795ced3@group-850A67E39A52-SegmentedRaftLogWorker for RaftStorageImpl:Storage Directory /home/runner/work/ozone/ozone/hadoop-ozone/integration-test/target/test-dir/MiniOzoneClusterImpl-c0b7f50e-f813-4849-95b3-646bdd98e01d/ozone-meta/datanode-1/ratis/2ed2c354-8c0b-4cab-9287-850a67e39a52
2024-07-18 11:33:34,767 [0339cccf-75ab-4f40-8420-baf6c795ced3-groupManagement] INFO  server.RaftServerConfigKeys (ConfUtils.java:logGet(46)) - raft.server.log.queue.byte-limit = 4294967296 (custom)
2024-07-18 11:33:34,767 [0339cccf-75ab-4f40-8420-baf6c795ced3-groupManagement] INFO  server.RaftServerConfigKeys (ConfUtils.java:logGet(46)) - raft.server.log.queue.element-limit = 1024 (custom)
2024-07-18 11:33:34,767 [0339cccf-75ab-4f40-8420-baf6c795ced3-groupManagement] INFO  server.RaftServerConfigKeys (ConfUtils.java:logGet(46)) - raft.server.log.segment.size.max = 67108864 (custom)
2024-07-18 11:33:34,767 [0339cccf-75ab-4f40-8420-baf6c795ced3-groupManagement] INFO  server.RaftServerConfigKeys (ConfUtils.java:logGet(46)) - raft.server.log.preallocated.size = 4194304 (custom)
2024-07-18 11:33:34,767 [0339cccf-75ab-4f40-8420-baf6c795ced3-groupManagement] INFO  server.RaftServerConfigKeys (ConfUtils.java:logGet(46)) - raft.server.log.force.sync.num = 128 (default)
2024-07-18 11:33:34,767 [0339cccf-75ab-4f40-8420-baf6c795ced3-groupManagement] INFO  server.RaftServerConfigKeys (ConfUtils.java:logGet(46)) - raft.server.log.statemachine.data.sync = true (default)
2024-07-18 11:33:34,767 [0339cccf-75ab-4f40-8420-baf6c795ced3-groupManagement] INFO  server.RaftServerConfigKeys (ConfUtils.java:logGet(46)) - raft.server.log.statemachine.data.sync.timeout = 10s (default)
2024-07-18 11:33:34,767 [0339cccf-75ab-4f40-8420-baf6c795ced3-groupManagement] INFO  server.RaftServerConfigKeys (ConfUtils.java:logGet(46)) - raft.server.log.statemachine.data.sync.timeout.retry = 30 (custom)
2024-07-18 11:33:34,768 [0339cccf-75ab-4f40-8420-baf6c795ced3-groupManagement] INFO  server.RaftServerConfigKeys (ConfUtils.java:logGet(46)) - raft.server.log.write.buffer.size = 8388616 (custom)
2024-07-18 11:33:34,770 [0339cccf-75ab-4f40-8420-baf6c795ced3-groupManagement] INFO  server.RaftServerConfigKeys (ConfUtils.java:logGet(46)) - raft.server.log.appender.buffer.byte-limit = 8388608 (custom)
2024-07-18 11:33:34,770 [0339cccf-75ab-4f40-8420-baf6c795ced3-groupManagement] INFO  server.RaftServerConfigKeys (ConfUtils.java:logGet(46)) - raft.server.log.unsafe-flush.enabled = false (default)
2024-07-18 11:33:34,771 [0339cccf-75ab-4f40-8420-baf6c795ced3-groupManagement] INFO  server.RaftServerConfigKeys (ConfUtils.java:logGet(46)) - raft.server.log.async-flush.enabled = false (default)
2024-07-18 11:33:34,771 [0339cccf-75ab-4f40-8420-baf6c795ced3-groupManagement] INFO  server.RaftServerConfigKeys (ConfUtils.java:logGet(46)) - raft.server.log.statemachine.data.caching.enabled = true (custom)
2024-07-18 11:33:34,771 [0339cccf-75ab-4f40-8420-baf6c795ced3-groupManagement] INFO  segmented.SegmentedRaftLogWorker (SegmentedRaftLogWorker.java:lambda$new$0(135)) - 0339cccf-75ab-4f40-8420-baf6c795ced3@group-850A67E39A52-SegmentedRaftLogWorker: flushIndex: setUnconditionally 0 -> -1
2024-07-18 11:33:34,771 [0339cccf-75ab-4f40-8420-baf6c795ced3-groupManagement] INFO  segmented.SegmentedRaftLogWorker (SegmentedRaftLogWorker.java:lambda$new$0(135)) - 0339cccf-75ab-4f40-8420-baf6c795ced3@group-850A67E39A52-SegmentedRaftLogWorker: safeCacheEvictIndex: setUnconditionally 0 -> -1
2024-07-18 11:33:34,779 [0339cccf-75ab-4f40-8420-baf6c795ced3-groupManagement] INFO  server.RaftServer$Division (RaftServerImpl.java:start(389)) - 0339cccf-75ab-4f40-8420-baf6c795ced3@group-850A67E39A52: start as a follower, conf=conf: {index: -1, cur=peers:[0339cccf-75ab-4f40-8420-baf6c795ced3|127.0.0.1:15030]|listeners:[], old=null}
2024-07-18 11:33:34,780 [0339cccf-75ab-4f40-8420-baf6c795ced3-groupManagement] INFO  server.RaftServer$Division (RaftServerImpl.java:setRole(376)) - 0339cccf-75ab-4f40-8420-baf6c795ced3@group-850A67E39A52: changes role from      null to FOLLOWER at term 0 for startAsFollower
2024-07-18 11:33:34,780 [0339cccf-75ab-4f40-8420-baf6c795ced3-groupManagement] INFO  impl.RoleInfo (RoleInfo.java:updateAndGet(148)) - 0339cccf-75ab-4f40-8420-baf6c795ced3: start 0339cccf-75ab-4f40-8420-baf6c795ced3@group-850A67E39A52-FollowerState
2024-07-18 11:33:34,780 [0339cccf-75ab-4f40-8420-baf6c795ced3@group-850A67E39A52-FollowerState] INFO  server.RaftServerConfigKeys (ConfUtils.java:logFallback(53)) - raft.server.rpc.first-election.timeout.min = 5s (fallback to raft.server.rpc.timeout.min)
2024-07-18 11:33:34,781 [0339cccf-75ab-4f40-8420-baf6c795ced3-groupManagement] INFO  util.JmxRegister (JmxRegister.java:tryRegister(44)) - Successfully registered JMX Bean with object name Ratis:service=RaftServer,group=group-850A67E39A52,id=0339cccf-75ab-4f40-8420-baf6c795ced3
2024-07-18 11:33:34,781 [0339cccf-75ab-4f40-8420-baf6c795ced3-groupManagement] INFO  util.JmxRegister (JmxRegister.java:register(58)) - register mxBean class org.apache.ratis.server.impl.RaftServerJmxAdapter as Ratis:service=RaftServer,group=group-850A67E39A52,id=0339cccf-75ab-4f40-8420-baf6c795ced3
2024-07-18 11:33:34,781 [0339cccf-75ab-4f40-8420-baf6c795ced3-groupManagement] INFO  server.RaftServerConfigKeys (ConfUtils.java:logGet(46)) - raft.server.snapshot.trigger-when-stop.enabled = true (default)
2024-07-18 11:33:34,781 [0339cccf-75ab-4f40-8420-baf6c795ced3-groupManagement] INFO  server.RaftServerConfigKeys (ConfUtils.java:logGet(46)) - raft.server.snapshot.trigger-when-remove.enabled = true (default)
2024-07-18 11:33:34,781 [0339cccf-75ab-4f40-8420-baf6c795ced3-groupManagement] INFO  server.RaftServerConfigKeys (ConfUtils.java:logGet(46)) - raft.server.snapshot.auto.trigger.enabled = true (custom)
2024-07-18 11:33:34,781 [0339cccf-75ab-4f40-8420-baf6c795ced3-groupManagement] INFO  server.RaftServerConfigKeys (ConfUtils.java:logGet(46)) - raft.server.snapshot.auto.trigger.threshold = 10000 (custom)
2024-07-18 11:33:34,781 [0339cccf-75ab-4f40-8420-baf6c795ced3-groupManagement] INFO  server.RaftServerConfigKeys (ConfUtils.java:logGet(46)) - raft.server.snapshot.retention.file.num = 5 (custom)
2024-07-18 11:33:34,781 [0339cccf-75ab-4f40-8420-baf6c795ced3-groupManagement] INFO  server.RaftServerConfigKeys (ConfUtils.java:logGet(46)) - raft.server.log.purge.upto.snapshot.index = false (default)
2024-07-18 11:33:34,781 [0339cccf-75ab-4f40-8420-baf6c795ced3@group-850A67E39A52-FollowerState] INFO  server.RaftServerConfigKeys (ConfUtils.java:logFallback(53)) - raft.server.rpc.first-election.timeout.max = 5200ms (fallback to raft.server.rpc.timeout.max)
2024-07-18 11:33:34,785 [0339cccf-75ab-4f40-8420-baf6c795ced3-PipelineCommandHandlerThread-0] INFO  ratis.XceiverServerRatis (XceiverServerRatis.java:addGroup(849)) - Created group PipelineID=2ed2c354-8c0b-4cab-9287-850a67e39a52
2024-07-18 11:33:34,785 [c23094e4-493d-4fea-9f0c-470ffa683120@group-646BDD98E01D-StateMachineUpdater] INFO  safemode.HealthyPipelineSafeModeRule (HealthyPipelineSafeModeRule.java:initializeRule(172)) - Refreshed total pipeline count is 0, healthy pipeline threshold count is 1
2024-07-18 11:33:34,786 [0339cccf-75ab-4f40-8420-baf6c795ced3-PipelineCommandHandlerThread-0] INFO  commandhandler.CreatePipelineCommandHandler (CreatePipelineCommandHandler.java:lambda$handle$2(124)) - Created Pipeline RATIS ONE PipelineID=2ed2c354-8c0b-4cab-9287-850a67e39a52.
2024-07-18 11:33:34,786 [0339cccf-75ab-4f40-8420-baf6c795ced3-PipelineCommandHandlerThread-0] INFO  server.RaftServer (RaftServerProxy.java:addNew(101)) - 0339cccf-75ab-4f40-8420-baf6c795ced3: addNew group-258987903ABD:[df04cc9d-3067-478c-80ae-8f73b6a024a8|127.0.0.1:15039, 0d591c3e-1cf4-45a6-8ac8-82f56607a94d|127.0.0.1:15048, 0339cccf-75ab-4f40-8420-baf6c795ced3|127.0.0.1:15030] returns group-258987903ABD:java.util.concurrent.CompletableFuture@275e2a8d[Not completed]
2024-07-18 11:33:34,786 [scmNode-1-EventQueue-PipelineReportForPipelineReportHandler] INFO  pipeline.PipelineReportHandler (PipelineReportHandler.java:processPipelineReport(136)) - Opened pipeline PipelineID=2ed2c354-8c0b-4cab-9287-850a67e39a52
2024-07-18 11:33:34,787 [scmNode-1-EventQueue-OpenPipelineForHealthyPipelineSafeModeRule] INFO  safemode.SCMSafeModeManager (HealthyPipelineSafeModeRule.java:process(140)) - SCM in safe mode. Healthy pipelines reported count is 0, required healthy pipeline reported count is 1
2024-07-18 11:33:34,788 [0339cccf-75ab-4f40-8420-baf6c795ced3-groupManagement] INFO  server.RaftServer$Division (RaftServerImpl.java:<init>(253)) - 0339cccf-75ab-4f40-8420-baf6c795ced3: new RaftServerImpl for group-258987903ABD:[df04cc9d-3067-478c-80ae-8f73b6a024a8|127.0.0.1:15039, 0d591c3e-1cf4-45a6-8ac8-82f56607a94d|127.0.0.1:15048, 0339cccf-75ab-4f40-8420-baf6c795ced3|127.0.0.1:15030] with ContainerStateMachine:uninitialized
2024-07-18 11:33:34,788 [0339cccf-75ab-4f40-8420-baf6c795ced3-groupManagement] INFO  server.RaftServerConfigKeys (ConfUtils.java:logGet(46)) - raft.server.rpc.timeout.min = 5s (custom)
2024-07-18 11:33:34,788 [0339cccf-75ab-4f40-8420-baf6c795ced3-groupManagement] INFO  server.RaftServerConfigKeys (ConfUtils.java:logGet(46)) - raft.server.rpc.timeout.max = 5200ms (custom)
2024-07-18 11:33:34,788 [0339cccf-75ab-4f40-8420-baf6c795ced3-groupManagement] INFO  server.RaftServerConfigKeys (ConfUtils.java:logGet(46)) - raft.server.rpc.sleep.time = 25ms (default)
2024-07-18 11:33:34,788 [0339cccf-75ab-4f40-8420-baf6c795ced3-groupManagement] INFO  server.RaftServerConfigKeys (ConfUtils.java:logGet(46)) - raft.server.rpc.slowness.timeout = 300s (custom)
2024-07-18 11:33:34,788 [0339cccf-75ab-4f40-8420-baf6c795ced3-groupManagement] INFO  server.RaftServerConfigKeys (ConfUtils.java:logGet(46)) - raft.server.leaderelection.leader.step-down.wait-time = 10s (default)
2024-07-18 11:33:34,789 [0339cccf-75ab-4f40-8420-baf6c795ced3-groupManagement] INFO  server.RaftServerConfigKeys (ConfUtils.java:logGet(46)) - raft.server.leaderelection.member.majority-add = false (default)
2024-07-18 11:33:34,789 [0339cccf-75ab-4f40-8420-baf6c795ced3-groupManagement] INFO  server.RaftServerConfigKeys (ConfUtils.java:logGet(46)) - raft.server.sleep.deviation.threshold = 300ms (default)
2024-07-18 11:33:34,789 [0339cccf-75ab-4f40-8420-baf6c795ced3-groupManagement] INFO  server.RaftServer$Division (ServerState.java:<init>(114)) - 0339cccf-75ab-4f40-8420-baf6c795ced3@group-258987903ABD: ConfigurationManager, init=conf: {index: -1, cur=peers:[df04cc9d-3067-478c-80ae-8f73b6a024a8|127.0.0.1:15039, 0d591c3e-1cf4-45a6-8ac8-82f56607a94d|127.0.0.1:15048, 0339cccf-75ab-4f40-8420-baf6c795ced3|127.0.0.1:15030]|listeners:[], old=null}, confs=<EMPTY_MAP>
2024-07-18 11:33:34,789 [0339cccf-75ab-4f40-8420-baf6c795ced3-groupManagement] INFO  server.RaftServerConfigKeys (ConfUtils.java:logGet(46)) - raft.server.notification.no-leader.timeout = 300s (custom)
2024-07-18 11:33:34,789 [0339cccf-75ab-4f40-8420-baf6c795ced3-groupManagement] INFO  server.RaftServerConfigKeys (ConfUtils.java:logGet(46)) - raft.server.read.timeout = 10s (default)
2024-07-18 11:33:34,789 [0339cccf-75ab-4f40-8420-baf6c795ced3-groupManagement] INFO  server.RaftServerConfigKeys (ConfUtils.java:logGet(46)) - raft.server.retrycache.expirytime = 600000ms (custom)
2024-07-18 11:33:34,789 [0339cccf-75ab-4f40-8420-baf6c795ced3-groupManagement] INFO  server.RaftServerConfigKeys (ConfUtils.java:logGet(46)) - raft.server.retrycache.statistics.expirytime = 100ms (default)
2024-07-18 11:33:34,789 [0339cccf-75ab-4f40-8420-baf6c795ced3-groupManagement] INFO  server.RaftServerConfigKeys (ConfUtils.java:logGet(46)) - raft.server.read.option = DEFAULT (default)
2024-07-18 11:33:34,789 [0339cccf-75ab-4f40-8420-baf6c795ced3-groupManagement] INFO  server.RaftServerConfigKeys (ConfUtils.java:logGet(46)) - raft.server.read.read-after-write-consistent.write-index-cache.expiry-time = 60s (default)
2024-07-18 11:33:34,795 [0339cccf-75ab-4f40-8420-baf6c795ced3-groupManagement] INFO  server.RaftServerConfigKeys (ConfUtils.java:logGet(46)) - raft.server.rpc.request.timeout = 60s (custom)
2024-07-18 11:33:34,795 [0339cccf-75ab-4f40-8420-baf6c795ced3-groupManagement] INFO  server.RaftServerConfigKeys (ConfUtils.java:logGet(46)) - raft.server.log.appender.install.snapshot.enabled = false (custom)
2024-07-18 11:33:34,795 [0339cccf-75ab-4f40-8420-baf6c795ced3-groupManagement] INFO  server.RaftServerConfigKeys (ConfUtils.java:logGet(46)) - raft.server.threadpool.server.cached = true (default)
2024-07-18 11:33:34,795 [0339cccf-75ab-4f40-8420-baf6c795ced3-groupManagement] INFO  server.RaftServerConfigKeys (ConfUtils.java:logGet(46)) - raft.server.threadpool.server.size = 0 (default)
2024-07-18 11:33:34,795 [0339cccf-75ab-4f40-8420-baf6c795ced3-groupManagement] INFO  server.RaftServerConfigKeys (ConfUtils.java:logGet(46)) - raft.server.threadpool.client.cached = true (default)
2024-07-18 11:33:34,795 [0339cccf-75ab-4f40-8420-baf6c795ced3-groupManagement] INFO  server.RaftServerConfigKeys (ConfUtils.java:logGet(46)) - raft.server.threadpool.client.size = 0 (default)
2024-07-18 11:33:34,795 [0339cccf-75ab-4f40-8420-baf6c795ced3-groupManagement] INFO  server.RaftServerConfigKeys (ConfUtils.java:logGet(46)) - raft.server.storage.free-space.min = 0MB (=0) (default)
2024-07-18 11:33:34,795 [0339cccf-75ab-4f40-8420-baf6c795ced3-groupManagement] INFO  server.RaftServerConfigKeys (ConfUtils.java:logGet(46)) - raft.server.log.corruption.policy = EXCEPTION (default)
2024-07-18 11:33:34,795 [0339cccf-75ab-4f40-8420-baf6c795ced3-groupManagement] INFO  server.RaftServerConfigKeys (ConfUtils.java:logGet(46)) - raft.server.storage.dir = [/home/runner/work/ozone/ozone/hadoop-ozone/integration-test/target/test-dir/MiniOzoneClusterImpl-c0b7f50e-f813-4849-95b3-646bdd98e01d/ozone-meta/datanode-1/ratis] (custom)
2024-07-18 11:33:34,796 [0339cccf-75ab-4f40-8420-baf6c795ced3-groupManagement] INFO  storage.RaftStorageDirectory (RaftStorageDirectoryImpl.java:analyzeStorage(138)) - The storage directory /home/runner/work/ozone/ozone/hadoop-ozone/integration-test/target/test-dir/MiniOzoneClusterImpl-c0b7f50e-f813-4849-95b3-646bdd98e01d/ozone-meta/datanode-1/ratis/dda73e58-059d-4109-9a3d-258987903abd does not exist. Creating ...
2024-07-18 11:33:34,797 [0339cccf-75ab-4f40-8420-baf6c795ced3-groupManagement] INFO  storage.RaftStorageDirectory (RaftStorageDirectoryImpl.java:tryLock(229)) - Lock on /home/runner/work/ozone/ozone/hadoop-ozone/integration-test/target/test-dir/MiniOzoneClusterImpl-c0b7f50e-f813-4849-95b3-646bdd98e01d/ozone-meta/datanode-1/ratis/dda73e58-059d-4109-9a3d-258987903abd/in_use.lock acquired by nodename 107590@fv-az1113-538
2024-07-18 11:33:34,798 [0339cccf-75ab-4f40-8420-baf6c795ced3-groupManagement] INFO  storage.RaftStorage (RaftStorageImpl.java:format(98)) - Storage directory /home/runner/work/ozone/ozone/hadoop-ozone/integration-test/target/test-dir/MiniOzoneClusterImpl-c0b7f50e-f813-4849-95b3-646bdd98e01d/ozone-meta/datanode-1/ratis/dda73e58-059d-4109-9a3d-258987903abd has been successfully formatted.
2024-07-18 11:33:34,798 [0339cccf-75ab-4f40-8420-baf6c795ced3-groupManagement] INFO  ratis.ContainerStateMachine (ContainerStateMachine.java:loadSnapshot(287)) - group-258987903ABD: The snapshot info is null. Setting the last applied index to:(t:0, i:~)
2024-07-18 11:33:34,798 [0339cccf-75ab-4f40-8420-baf6c795ced3-groupManagement] INFO  server.RaftServerConfigKeys (ConfUtils.java:logGet(46)) - raft.server.log.use.memory = false (default)
2024-07-18 11:33:34,798 [0339cccf-75ab-4f40-8420-baf6c795ced3-groupManagement] INFO  server.RaftServerConfigKeys (ConfUtils.java:logGet(46)) - raft.server.log.purge.gap = 1000000 (custom)
2024-07-18 11:33:34,798 [0339cccf-75ab-4f40-8420-baf6c795ced3-groupManagement] INFO  server.RaftServerConfigKeys (ConfUtils.java:logGet(46)) - raft.server.log.appender.buffer.byte-limit = 8388608 (custom)
2024-07-18 11:33:34,799 [0339cccf-75ab-4f40-8420-baf6c795ced3-groupManagement] INFO  server.RaftServerConfigKeys (ConfUtils.java:logGet(46)) - raft.server.log.statemachine.data.read.timeout = 1000ms (default)
2024-07-18 11:33:34,799 [0339cccf-75ab-4f40-8420-baf6c795ced3-groupManagement] INFO  server.RaftServerConfigKeys (ConfUtils.java:logGet(46)) - raft.server.log.purge.preservation.log.num = 0 (default)
2024-07-18 11:33:34,800 [scmNode-1-EventQueue-OpenPipelineForHealthyPipelineSafeModeRule] INFO  safemode.SCMSafeModeManager (HealthyPipelineSafeModeRule.java:process(140)) - SCM in safe mode. Healthy pipelines reported count is 0, required healthy pipeline reported count is 1
2024-07-18 11:33:34,801 [0339cccf-75ab-4f40-8420-baf6c795ced3-groupManagement] INFO  server.RaftServerConfigKeys (ConfUtils.java:logGet(46)) - raft.server.log.segment.size.max = 67108864 (custom)
2024-07-18 11:33:34,802 [0339cccf-75ab-4f40-8420-baf6c795ced3-groupManagement] INFO  server.RaftServerConfigKeys (ConfUtils.java:logGet(46)) - raft.server.log.segment.cache.num.max = 2 (custom)
2024-07-18 11:33:34,802 [0339cccf-75ab-4f40-8420-baf6c795ced3-groupManagement] INFO  server.RaftServerConfigKeys (ConfUtils.java:logGet(46)) - raft.server.log.segment.cache.size.max = 200MB (=209715200) (default)
2024-07-18 11:33:34,802 [0339cccf-75ab-4f40-8420-baf6c795ced3-groupManagement] INFO  server.RaftServerConfigKeys (ConfUtils.java:logGet(46)) - raft.server.log.appender.buffer.byte-limit = 8388608 (custom)
2024-07-18 11:33:34,803 [0339cccf-75ab-4f40-8420-baf6c795ced3-groupManagement] INFO  util.AwaitToRun (AwaitToRun.java:start(81)) - Thread[0339cccf-75ab-4f40-8420-baf6c795ced3@group-258987903ABD-cacheEviction-AwaitToRun,5,main] started
2024-07-18 11:33:34,803 [0339cccf-75ab-4f40-8420-baf6c795ced3-groupManagement] INFO  segmented.SegmentedRaftLogWorker (SegmentedRaftLogWorker.java:<init>(184)) - new 0339cccf-75ab-4f40-8420-baf6c795ced3@group-258987903ABD-SegmentedRaftLogWorker for RaftStorageImpl:Storage Directory /home/runner/work/ozone/ozone/hadoop-ozone/integration-test/target/test-dir/MiniOzoneClusterImpl-c0b7f50e-f813-4849-95b3-646bdd98e01d/ozone-meta/datanode-1/ratis/dda73e58-059d-4109-9a3d-258987903abd
2024-07-18 11:33:34,803 [0339cccf-75ab-4f40-8420-baf6c795ced3-groupManagement] INFO  server.RaftServerConfigKeys (ConfUtils.java:logGet(46)) - raft.server.log.queue.byte-limit = 4294967296 (custom)
2024-07-18 11:33:34,803 [0339cccf-75ab-4f40-8420-baf6c795ced3-groupManagement] INFO  server.RaftServerConfigKeys (ConfUtils.java:logGet(46)) - raft.server.log.queue.element-limit = 1024 (custom)
2024-07-18 11:33:34,803 [0339cccf-75ab-4f40-8420-baf6c795ced3-groupManagement] INFO  server.RaftServerConfigKeys (ConfUtils.java:logGet(46)) - raft.server.log.segment.size.max = 67108864 (custom)
2024-07-18 11:33:34,803 [0339cccf-75ab-4f40-8420-baf6c795ced3-groupManagement] INFO  server.RaftServerConfigKeys (ConfUtils.java:logGet(46)) - raft.server.log.preallocated.size = 4194304 (custom)
2024-07-18 11:33:34,803 [0339cccf-75ab-4f40-8420-baf6c795ced3-groupManagement] INFO  server.RaftServerConfigKeys (ConfUtils.java:logGet(46)) - raft.server.log.force.sync.num = 128 (default)
2024-07-18 11:33:34,803 [0339cccf-75ab-4f40-8420-baf6c795ced3-groupManagement] INFO  server.RaftServerConfigKeys (ConfUtils.java:logGet(46)) - raft.server.log.statemachine.data.sync = true (default)
2024-07-18 11:33:34,803 [0339cccf-75ab-4f40-8420-baf6c795ced3-groupManagement] INFO  server.RaftServerConfigKeys (ConfUtils.java:logGet(46)) - raft.server.log.statemachine.data.sync.timeout = 10s (default)
2024-07-18 11:33:34,804 [0339cccf-75ab-4f40-8420-baf6c795ced3-groupManagement] INFO  server.RaftServerConfigKeys (ConfUtils.java:logGet(46)) - raft.server.log.statemachine.data.sync.timeout.retry = 30 (custom)
2024-07-18 11:33:34,804 [0339cccf-75ab-4f40-8420-baf6c795ced3-groupManagement] INFO  server.RaftServerConfigKeys (ConfUtils.java:logGet(46)) - raft.server.log.write.buffer.size = 8388616 (custom)
2024-07-18 11:33:34,806 [0339cccf-75ab-4f40-8420-baf6c795ced3-groupManagement] INFO  server.RaftServerConfigKeys (ConfUtils.java:logGet(46)) - raft.server.log.appender.buffer.byte-limit = 8388608 (custom)
2024-07-18 11:33:34,806 [0339cccf-75ab-4f40-8420-baf6c795ced3-groupManagement] INFO  server.RaftServerConfigKeys (ConfUtils.java:logGet(46)) - raft.server.log.unsafe-flush.enabled = false (default)
2024-07-18 11:33:34,806 [0339cccf-75ab-4f40-8420-baf6c795ced3-groupManagement] INFO  server.RaftServerConfigKeys (ConfUtils.java:logGet(46)) - raft.server.log.async-flush.enabled = false (default)
2024-07-18 11:33:34,806 [0339cccf-75ab-4f40-8420-baf6c795ced3-groupManagement] INFO  server.RaftServerConfigKeys (ConfUtils.java:logGet(46)) - raft.server.log.statemachine.data.caching.enabled = true (custom)
2024-07-18 11:33:34,807 [0339cccf-75ab-4f40-8420-baf6c795ced3-groupManagement] INFO  segmented.SegmentedRaftLogWorker (SegmentedRaftLogWorker.java:lambda$new$0(135)) - 0339cccf-75ab-4f40-8420-baf6c795ced3@group-258987903ABD-SegmentedRaftLogWorker: flushIndex: setUnconditionally 0 -> -1
2024-07-18 11:33:34,807 [0339cccf-75ab-4f40-8420-baf6c795ced3-groupManagement] INFO  segmented.SegmentedRaftLogWorker (SegmentedRaftLogWorker.java:lambda$new$0(135)) - 0339cccf-75ab-4f40-8420-baf6c795ced3@group-258987903ABD-SegmentedRaftLogWorker: safeCacheEvictIndex: setUnconditionally 0 -> -1
2024-07-18 11:33:34,807 [0339cccf-75ab-4f40-8420-baf6c795ced3-groupManagement] INFO  server.RaftServer$Division (RaftServerImpl.java:start(389)) - 0339cccf-75ab-4f40-8420-baf6c795ced3@group-258987903ABD: start as a follower, conf=conf: {index: -1, cur=peers:[df04cc9d-3067-478c-80ae-8f73b6a024a8|127.0.0.1:15039, 0d591c3e-1cf4-45a6-8ac8-82f56607a94d|127.0.0.1:15048, 0339cccf-75ab-4f40-8420-baf6c795ced3|127.0.0.1:15030]|listeners:[], old=null}
2024-07-18 11:33:34,807 [0339cccf-75ab-4f40-8420-baf6c795ced3-groupManagement] INFO  server.RaftServer$Division (RaftServerImpl.java:setRole(376)) - 0339cccf-75ab-4f40-8420-baf6c795ced3@group-258987903ABD: changes role from      null to FOLLOWER at term 0 for startAsFollower
2024-07-18 11:33:34,807 [0339cccf-75ab-4f40-8420-baf6c795ced3-groupManagement] INFO  impl.RoleInfo (RoleInfo.java:updateAndGet(148)) - 0339cccf-75ab-4f40-8420-baf6c795ced3: start 0339cccf-75ab-4f40-8420-baf6c795ced3@group-258987903ABD-FollowerState
2024-07-18 11:33:34,811 [0339cccf-75ab-4f40-8420-baf6c795ced3@group-258987903ABD-FollowerState] INFO  server.RaftServerConfigKeys (ConfUtils.java:logFallback(53)) - raft.server.rpc.first-election.timeout.min = 5s (fallback to raft.server.rpc.timeout.min)
2024-07-18 11:33:34,811 [0339cccf-75ab-4f40-8420-baf6c795ced3@group-258987903ABD-FollowerState] INFO  server.RaftServerConfigKeys (ConfUtils.java:logFallback(53)) - raft.server.rpc.first-election.timeout.max = 5200ms (fallback to raft.server.rpc.timeout.max)
2024-07-18 11:33:34,811 [0339cccf-75ab-4f40-8420-baf6c795ced3-groupManagement] INFO  util.JmxRegister (JmxRegister.java:tryRegister(44)) - Successfully registered JMX Bean with object name Ratis:service=RaftServer,group=group-258987903ABD,id=0339cccf-75ab-4f40-8420-baf6c795ced3
2024-07-18 11:33:34,811 [0339cccf-75ab-4f40-8420-baf6c795ced3-groupManagement] INFO  util.JmxRegister (JmxRegister.java:register(58)) - register mxBean class org.apache.ratis.server.impl.RaftServerJmxAdapter as Ratis:service=RaftServer,group=group-258987903ABD,id=0339cccf-75ab-4f40-8420-baf6c795ced3
2024-07-18 11:33:34,811 [0339cccf-75ab-4f40-8420-baf6c795ced3-groupManagement] INFO  server.RaftServerConfigKeys (ConfUtils.java:logGet(46)) - raft.server.snapshot.trigger-when-stop.enabled = true (default)
2024-07-18 11:33:34,811 [0339cccf-75ab-4f40-8420-baf6c795ced3-groupManagement] INFO  server.RaftServerConfigKeys (ConfUtils.java:logGet(46)) - raft.server.snapshot.trigger-when-remove.enabled = true (default)
2024-07-18 11:33:34,811 [0339cccf-75ab-4f40-8420-baf6c795ced3-groupManagement] INFO  server.RaftServerConfigKeys (ConfUtils.java:logGet(46)) - raft.server.snapshot.auto.trigger.enabled = true (custom)
2024-07-18 11:33:34,811 [0339cccf-75ab-4f40-8420-baf6c795ced3-groupManagement] INFO  server.RaftServerConfigKeys (ConfUtils.java:logGet(46)) - raft.server.snapshot.auto.trigger.threshold = 10000 (custom)
2024-07-18 11:33:34,811 [0339cccf-75ab-4f40-8420-baf6c795ced3-groupManagement] INFO  server.RaftServerConfigKeys (ConfUtils.java:logGet(46)) - raft.server.snapshot.retention.file.num = 5 (custom)
2024-07-18 11:33:34,811 [0339cccf-75ab-4f40-8420-baf6c795ced3-groupManagement] INFO  server.RaftServerConfigKeys (ConfUtils.java:logGet(46)) - raft.server.log.purge.upto.snapshot.index = false (default)
2024-07-18 11:33:34,813 [0339cccf-75ab-4f40-8420-baf6c795ced3-PipelineCommandHandlerThread-0] INFO  ratis.XceiverServerRatis (XceiverServerRatis.java:addGroup(849)) - Created group PipelineID=dda73e58-059d-4109-9a3d-258987903abd
2024-07-18 11:33:34,855 [grpc-default-executor-1] INFO  server.RaftServer (RaftServerProxy.java:addNew(101)) - 0d591c3e-1cf4-45a6-8ac8-82f56607a94d: addNew group-258987903ABD:[df04cc9d-3067-478c-80ae-8f73b6a024a8|127.0.0.1:15039, 0d591c3e-1cf4-45a6-8ac8-82f56607a94d|127.0.0.1:15048, 0339cccf-75ab-4f40-8420-baf6c795ced3|127.0.0.1:15030] returns group-258987903ABD:java.util.concurrent.CompletableFuture@16bb424[Not completed]
2024-07-18 11:33:34,856 [0d591c3e-1cf4-45a6-8ac8-82f56607a94d-groupManagement] INFO  server.RaftServer$Division (RaftServerImpl.java:<init>(253)) - 0d591c3e-1cf4-45a6-8ac8-82f56607a94d: new RaftServerImpl for group-258987903ABD:[df04cc9d-3067-478c-80ae-8f73b6a024a8|127.0.0.1:15039, 0d591c3e-1cf4-45a6-8ac8-82f56607a94d|127.0.0.1:15048, 0339cccf-75ab-4f40-8420-baf6c795ced3|127.0.0.1:15030] with ContainerStateMachine:uninitialized
2024-07-18 11:33:34,857 [0d591c3e-1cf4-45a6-8ac8-82f56607a94d-groupManagement] INFO  server.RaftServerConfigKeys (ConfUtils.java:logGet(46)) - raft.server.rpc.timeout.min = 5s (custom)
2024-07-18 11:33:34,857 [0d591c3e-1cf4-45a6-8ac8-82f56607a94d-groupManagement] INFO  server.RaftServerConfigKeys (ConfUtils.java:logGet(46)) - raft.server.rpc.timeout.max = 5200ms (custom)
2024-07-18 11:33:34,857 [0d591c3e-1cf4-45a6-8ac8-82f56607a94d-groupManagement] INFO  server.RaftServerConfigKeys (ConfUtils.java:logGet(46)) - raft.server.rpc.sleep.time = 25ms (default)
2024-07-18 11:33:34,857 [0d591c3e-1cf4-45a6-8ac8-82f56607a94d-groupManagement] INFO  server.RaftServerConfigKeys (ConfUtils.java:logGet(46)) - raft.server.rpc.slowness.timeout = 300s (custom)
2024-07-18 11:33:34,857 [0d591c3e-1cf4-45a6-8ac8-82f56607a94d-groupManagement] INFO  server.RaftServerConfigKeys (ConfUtils.java:logGet(46)) - raft.server.leaderelection.leader.step-down.wait-time = 10s (default)
2024-07-18 11:33:34,857 [0d591c3e-1cf4-45a6-8ac8-82f56607a94d-groupManagement] INFO  server.RaftServerConfigKeys (ConfUtils.java:logGet(46)) - raft.server.leaderelection.member.majority-add = false (default)
2024-07-18 11:33:34,857 [0d591c3e-1cf4-45a6-8ac8-82f56607a94d-groupManagement] INFO  server.RaftServerConfigKeys (ConfUtils.java:logGet(46)) - raft.server.sleep.deviation.threshold = 300ms (default)
2024-07-18 11:33:34,857 [0d591c3e-1cf4-45a6-8ac8-82f56607a94d-groupManagement] INFO  server.RaftServer$Division (ServerState.java:<init>(114)) - 0d591c3e-1cf4-45a6-8ac8-82f56607a94d@group-258987903ABD: ConfigurationManager, init=conf: {index: -1, cur=peers:[df04cc9d-3067-478c-80ae-8f73b6a024a8|127.0.0.1:15039, 0d591c3e-1cf4-45a6-8ac8-82f56607a94d|127.0.0.1:15048, 0339cccf-75ab-4f40-8420-baf6c795ced3|127.0.0.1:15030]|listeners:[], old=null}, confs=<EMPTY_MAP>
2024-07-18 11:33:34,857 [0d591c3e-1cf4-45a6-8ac8-82f56607a94d-groupManagement] INFO  server.RaftServerConfigKeys (ConfUtils.java:logGet(46)) - raft.server.notification.no-leader.timeout = 300s (custom)
2024-07-18 11:33:34,857 [0d591c3e-1cf4-45a6-8ac8-82f56607a94d-groupManagement] INFO  server.RaftServerConfigKeys (ConfUtils.java:logGet(46)) - raft.server.read.timeout = 10s (default)
2024-07-18 11:33:34,857 [0d591c3e-1cf4-45a6-8ac8-82f56607a94d-groupManagement] INFO  server.RaftServerConfigKeys (ConfUtils.java:logGet(46)) - raft.server.retrycache.expirytime = 600000ms (custom)
2024-07-18 11:33:34,857 [0d591c3e-1cf4-45a6-8ac8-82f56607a94d-groupManagement] INFO  server.RaftServerConfigKeys (ConfUtils.java:logGet(46)) - raft.server.retrycache.statistics.expirytime = 100ms (default)
2024-07-18 11:33:34,857 [0d591c3e-1cf4-45a6-8ac8-82f56607a94d-groupManagement] INFO  server.RaftServerConfigKeys (ConfUtils.java:logGet(46)) - raft.server.read.option = DEFAULT (default)
2024-07-18 11:33:34,857 [0d591c3e-1cf4-45a6-8ac8-82f56607a94d-groupManagement] INFO  server.RaftServerConfigKeys (ConfUtils.java:logGet(46)) - raft.server.read.read-after-write-consistent.write-index-cache.expiry-time = 60s (default)
2024-07-18 11:33:34,861 [0d591c3e-1cf4-45a6-8ac8-82f56607a94d-groupManagement] INFO  server.RaftServerConfigKeys (ConfUtils.java:logGet(46)) - raft.server.rpc.request.timeout = 60s (custom)
2024-07-18 11:33:34,861 [0d591c3e-1cf4-45a6-8ac8-82f56607a94d-groupManagement] INFO  server.RaftServerConfigKeys (ConfUtils.java:logGet(46)) - raft.server.log.appender.install.snapshot.enabled = false (custom)
2024-07-18 11:33:34,861 [0d591c3e-1cf4-45a6-8ac8-82f56607a94d-groupManagement] INFO  server.RaftServerConfigKeys (ConfUtils.java:logGet(46)) - raft.server.threadpool.server.cached = true (default)
2024-07-18 11:33:34,861 [0d591c3e-1cf4-45a6-8ac8-82f56607a94d-groupManagement] INFO  server.RaftServerConfigKeys (ConfUtils.java:logGet(46)) - raft.server.threadpool.server.size = 0 (default)
2024-07-18 11:33:34,862 [0d591c3e-1cf4-45a6-8ac8-82f56607a94d-groupManagement] INFO  server.RaftServerConfigKeys (ConfUtils.java:logGet(46)) - raft.server.threadpool.client.cached = true (default)
2024-07-18 11:33:34,862 [0d591c3e-1cf4-45a6-8ac8-82f56607a94d-groupManagement] INFO  server.RaftServerConfigKeys (ConfUtils.java:logGet(46)) - raft.server.threadpool.client.size = 0 (default)
2024-07-18 11:33:34,862 [0d591c3e-1cf4-45a6-8ac8-82f56607a94d-groupManagement] INFO  server.RaftServerConfigKeys (ConfUtils.java:logGet(46)) - raft.server.storage.free-space.min = 0MB (=0) (default)
2024-07-18 11:33:34,862 [0d591c3e-1cf4-45a6-8ac8-82f56607a94d-groupManagement] INFO  server.RaftServerConfigKeys (ConfUtils.java:logGet(46)) - raft.server.log.corruption.policy = EXCEPTION (default)
2024-07-18 11:33:34,862 [0d591c3e-1cf4-45a6-8ac8-82f56607a94d-groupManagement] INFO  server.RaftServerConfigKeys (ConfUtils.java:logGet(46)) - raft.server.storage.dir = [/home/runner/work/ozone/ozone/hadoop-ozone/integration-test/target/test-dir/MiniOzoneClusterImpl-c0b7f50e-f813-4849-95b3-646bdd98e01d/ozone-meta/datanode-3/ratis] (custom)
2024-07-18 11:33:34,862 [0d591c3e-1cf4-45a6-8ac8-82f56607a94d-groupManagement] INFO  storage.RaftStorageDirectory (RaftStorageDirectoryImpl.java:analyzeStorage(138)) - The storage directory /home/runner/work/ozone/ozone/hadoop-ozone/integration-test/target/test-dir/MiniOzoneClusterImpl-c0b7f50e-f813-4849-95b3-646bdd98e01d/ozone-meta/datanode-3/ratis/dda73e58-059d-4109-9a3d-258987903abd does not exist. Creating ...
2024-07-18 11:33:34,863 [0d591c3e-1cf4-45a6-8ac8-82f56607a94d-groupManagement] INFO  storage.RaftStorageDirectory (RaftStorageDirectoryImpl.java:tryLock(229)) - Lock on /home/runner/work/ozone/ozone/hadoop-ozone/integration-test/target/test-dir/MiniOzoneClusterImpl-c0b7f50e-f813-4849-95b3-646bdd98e01d/ozone-meta/datanode-3/ratis/dda73e58-059d-4109-9a3d-258987903abd/in_use.lock acquired by nodename 107590@fv-az1113-538
2024-07-18 11:33:34,864 [0d591c3e-1cf4-45a6-8ac8-82f56607a94d-groupManagement] INFO  storage.RaftStorage (RaftStorageImpl.java:format(98)) - Storage directory /home/runner/work/ozone/ozone/hadoop-ozone/integration-test/target/test-dir/MiniOzoneClusterImpl-c0b7f50e-f813-4849-95b3-646bdd98e01d/ozone-meta/datanode-3/ratis/dda73e58-059d-4109-9a3d-258987903abd has been successfully formatted.
2024-07-18 11:33:34,865 [0d591c3e-1cf4-45a6-8ac8-82f56607a94d-groupManagement] INFO  ratis.ContainerStateMachine (ContainerStateMachine.java:loadSnapshot(287)) - group-258987903ABD: The snapshot info is null. Setting the last applied index to:(t:0, i:~)
2024-07-18 11:33:34,865 [0d591c3e-1cf4-45a6-8ac8-82f56607a94d-groupManagement] INFO  server.RaftServerConfigKeys (ConfUtils.java:logGet(46)) - raft.server.log.use.memory = false (default)
2024-07-18 11:33:34,865 [0d591c3e-1cf4-45a6-8ac8-82f56607a94d-groupManagement] INFO  server.RaftServerConfigKeys (ConfUtils.java:logGet(46)) - raft.server.log.purge.gap = 1000000 (custom)
2024-07-18 11:33:34,865 [0d591c3e-1cf4-45a6-8ac8-82f56607a94d-groupManagement] INFO  server.RaftServerConfigKeys (ConfUtils.java:logGet(46)) - raft.server.log.appender.buffer.byte-limit = 8388608 (custom)
2024-07-18 11:33:34,865 [0d591c3e-1cf4-45a6-8ac8-82f56607a94d-groupManagement] INFO  server.RaftServerConfigKeys (ConfUtils.java:logGet(46)) - raft.server.log.statemachine.data.read.timeout = 1000ms (default)
2024-07-18 11:33:34,865 [0d591c3e-1cf4-45a6-8ac8-82f56607a94d-groupManagement] INFO  server.RaftServerConfigKeys (ConfUtils.java:logGet(46)) - raft.server.log.purge.preservation.log.num = 0 (default)
2024-07-18 11:33:34,867 [0d591c3e-1cf4-45a6-8ac8-82f56607a94d-groupManagement] INFO  server.RaftServerConfigKeys (ConfUtils.java:logGet(46)) - raft.server.log.segment.size.max = 67108864 (custom)
2024-07-18 11:33:34,867 [0d591c3e-1cf4-45a6-8ac8-82f56607a94d-groupManagement] INFO  server.RaftServerConfigKeys (ConfUtils.java:logGet(46)) - raft.server.log.segment.cache.num.max = 2 (custom)
2024-07-18 11:33:34,868 [0d591c3e-1cf4-45a6-8ac8-82f56607a94d-groupManagement] INFO  server.RaftServerConfigKeys (ConfUtils.java:logGet(46)) - raft.server.log.segment.cache.size.max = 200MB (=209715200) (default)
2024-07-18 11:33:34,868 [0d591c3e-1cf4-45a6-8ac8-82f56607a94d-groupManagement] INFO  server.RaftServerConfigKeys (ConfUtils.java:logGet(46)) - raft.server.log.appender.buffer.byte-limit = 8388608 (custom)
2024-07-18 11:33:34,868 [0d591c3e-1cf4-45a6-8ac8-82f56607a94d-groupManagement] INFO  util.AwaitToRun (AwaitToRun.java:start(81)) - Thread[0d591c3e-1cf4-45a6-8ac8-82f56607a94d@group-258987903ABD-cacheEviction-AwaitToRun,5,main] started
2024-07-18 11:33:34,868 [0d591c3e-1cf4-45a6-8ac8-82f56607a94d-groupManagement] INFO  segmented.SegmentedRaftLogWorker (SegmentedRaftLogWorker.java:<init>(184)) - new 0d591c3e-1cf4-45a6-8ac8-82f56607a94d@group-258987903ABD-SegmentedRaftLogWorker for RaftStorageImpl:Storage Directory /home/runner/work/ozone/ozone/hadoop-ozone/integration-test/target/test-dir/MiniOzoneClusterImpl-c0b7f50e-f813-4849-95b3-646bdd98e01d/ozone-meta/datanode-3/ratis/dda73e58-059d-4109-9a3d-258987903abd
2024-07-18 11:33:34,868 [0d591c3e-1cf4-45a6-8ac8-82f56607a94d-groupManagement] INFO  server.RaftServerConfigKeys (ConfUtils.java:logGet(46)) - raft.server.log.queue.byte-limit = 4294967296 (custom)
2024-07-18 11:33:34,868 [0d591c3e-1cf4-45a6-8ac8-82f56607a94d-groupManagement] INFO  server.RaftServerConfigKeys (ConfUtils.java:logGet(46)) - raft.server.log.queue.element-limit = 1024 (custom)
2024-07-18 11:33:34,868 [0d591c3e-1cf4-45a6-8ac8-82f56607a94d-groupManagement] INFO  server.RaftServerConfigKeys (ConfUtils.java:logGet(46)) - raft.server.log.segment.size.max = 67108864 (custom)
2024-07-18 11:33:34,868 [0d591c3e-1cf4-45a6-8ac8-82f56607a94d-groupManagement] INFO  server.RaftServerConfigKeys (ConfUtils.java:logGet(46)) - raft.server.log.preallocated.size = 4194304 (custom)
2024-07-18 11:33:34,868 [0d591c3e-1cf4-45a6-8ac8-82f56607a94d-groupManagement] INFO  server.RaftServerConfigKeys (ConfUtils.java:logGet(46)) - raft.server.log.force.sync.num = 128 (default)
2024-07-18 11:33:34,868 [0d591c3e-1cf4-45a6-8ac8-82f56607a94d-groupManagement] INFO  server.RaftServerConfigKeys (ConfUtils.java:logGet(46)) - raft.server.log.statemachine.data.sync = true (default)
2024-07-18 11:33:34,868 [0d591c3e-1cf4-45a6-8ac8-82f56607a94d-groupManagement] INFO  server.RaftServerConfigKeys (ConfUtils.java:logGet(46)) - raft.server.log.statemachine.data.sync.timeout = 10s (default)
2024-07-18 11:33:34,869 [0d591c3e-1cf4-45a6-8ac8-82f56607a94d-groupManagement] INFO  server.RaftServerConfigKeys (ConfUtils.java:logGet(46)) - raft.server.log.statemachine.data.sync.timeout.retry = 30 (custom)
2024-07-18 11:33:34,869 [0d591c3e-1cf4-45a6-8ac8-82f56607a94d-groupManagement] INFO  server.RaftServerConfigKeys (ConfUtils.java:logGet(46)) - raft.server.log.write.buffer.size = 8388616 (custom)
2024-07-18 11:33:34,870 [0d591c3e-1cf4-45a6-8ac8-82f56607a94d-groupManagement] INFO  server.RaftServerConfigKeys (ConfUtils.java:logGet(46)) - raft.server.log.appender.buffer.byte-limit = 8388608 (custom)
2024-07-18 11:33:34,870 [0d591c3e-1cf4-45a6-8ac8-82f56607a94d-groupManagement] INFO  server.RaftServerConfigKeys (ConfUtils.java:logGet(46)) - raft.server.log.unsafe-flush.enabled = false (default)
2024-07-18 11:33:34,870 [0d591c3e-1cf4-45a6-8ac8-82f56607a94d-groupManagement] INFO  server.RaftServerConfigKeys (ConfUtils.java:logGet(46)) - raft.server.log.async-flush.enabled = false (default)
2024-07-18 11:33:34,871 [0d591c3e-1cf4-45a6-8ac8-82f56607a94d-groupManagement] INFO  server.RaftServerConfigKeys (ConfUtils.java:logGet(46)) - raft.server.log.statemachine.data.caching.enabled = true (custom)
2024-07-18 11:33:34,871 [0d591c3e-1cf4-45a6-8ac8-82f56607a94d-groupManagement] INFO  segmented.SegmentedRaftLogWorker (SegmentedRaftLogWorker.java:lambda$new$0(135)) - 0d591c3e-1cf4-45a6-8ac8-82f56607a94d@group-258987903ABD-SegmentedRaftLogWorker: flushIndex: setUnconditionally 0 -> -1
2024-07-18 11:33:34,871 [0d591c3e-1cf4-45a6-8ac8-82f56607a94d-groupManagement] INFO  segmented.SegmentedRaftLogWorker (SegmentedRaftLogWorker.java:lambda$new$0(135)) - 0d591c3e-1cf4-45a6-8ac8-82f56607a94d@group-258987903ABD-SegmentedRaftLogWorker: safeCacheEvictIndex: setUnconditionally 0 -> -1
2024-07-18 11:33:34,871 [0d591c3e-1cf4-45a6-8ac8-82f56607a94d-groupManagement] INFO  server.RaftServer$Division (RaftServerImpl.java:start(389)) - 0d591c3e-1cf4-45a6-8ac8-82f56607a94d@group-258987903ABD: start as a follower, conf=conf: {index: -1, cur=peers:[df04cc9d-3067-478c-80ae-8f73b6a024a8|127.0.0.1:15039, 0d591c3e-1cf4-45a6-8ac8-82f56607a94d|127.0.0.1:15048, 0339cccf-75ab-4f40-8420-baf6c795ced3|127.0.0.1:15030]|listeners:[], old=null}
2024-07-18 11:33:34,871 [0d591c3e-1cf4-45a6-8ac8-82f56607a94d-groupManagement] INFO  server.RaftServer$Division (RaftServerImpl.java:setRole(376)) - 0d591c3e-1cf4-45a6-8ac8-82f56607a94d@group-258987903ABD: changes role from      null to FOLLOWER at term 0 for startAsFollower
2024-07-18 11:33:34,871 [0d591c3e-1cf4-45a6-8ac8-82f56607a94d-groupManagement] INFO  impl.RoleInfo (RoleInfo.java:updateAndGet(148)) - 0d591c3e-1cf4-45a6-8ac8-82f56607a94d: start 0d591c3e-1cf4-45a6-8ac8-82f56607a94d@group-258987903ABD-FollowerState
2024-07-18 11:33:34,871 [0d591c3e-1cf4-45a6-8ac8-82f56607a94d-groupManagement] INFO  util.JmxRegister (JmxRegister.java:tryRegister(44)) - Successfully registered JMX Bean with object name Ratis:service=RaftServer,group=group-258987903ABD,id=0d591c3e-1cf4-45a6-8ac8-82f56607a94d
2024-07-18 11:33:34,872 [0d591c3e-1cf4-45a6-8ac8-82f56607a94d-groupManagement] INFO  util.JmxRegister (JmxRegister.java:register(58)) - register mxBean class org.apache.ratis.server.impl.RaftServerJmxAdapter as Ratis:service=RaftServer,group=group-258987903ABD,id=0d591c3e-1cf4-45a6-8ac8-82f56607a94d
2024-07-18 11:33:34,872 [0d591c3e-1cf4-45a6-8ac8-82f56607a94d@group-258987903ABD-FollowerState] INFO  server.RaftServerConfigKeys (ConfUtils.java:logFallback(53)) - raft.server.rpc.first-election.timeout.min = 5s (fallback to raft.server.rpc.timeout.min)
2024-07-18 11:33:34,872 [0d591c3e-1cf4-45a6-8ac8-82f56607a94d@group-258987903ABD-FollowerState] INFO  server.RaftServerConfigKeys (ConfUtils.java:logFallback(53)) - raft.server.rpc.first-election.timeout.max = 5200ms (fallback to raft.server.rpc.timeout.max)
2024-07-18 11:33:34,872 [0d591c3e-1cf4-45a6-8ac8-82f56607a94d-groupManagement] INFO  server.RaftServerConfigKeys (ConfUtils.java:logGet(46)) - raft.server.snapshot.trigger-when-stop.enabled = true (default)
2024-07-18 11:33:34,872 [0d591c3e-1cf4-45a6-8ac8-82f56607a94d-groupManagement] INFO  server.RaftServerConfigKeys (ConfUtils.java:logGet(46)) - raft.server.snapshot.trigger-when-remove.enabled = true (default)
2024-07-18 11:33:34,872 [0d591c3e-1cf4-45a6-8ac8-82f56607a94d-groupManagement] INFO  server.RaftServerConfigKeys (ConfUtils.java:logGet(46)) - raft.server.snapshot.auto.trigger.enabled = true (custom)
2024-07-18 11:33:34,872 [0d591c3e-1cf4-45a6-8ac8-82f56607a94d-groupManagement] INFO  server.RaftServerConfigKeys (ConfUtils.java:logGet(46)) - raft.server.snapshot.auto.trigger.threshold = 10000 (custom)
2024-07-18 11:33:34,872 [0d591c3e-1cf4-45a6-8ac8-82f56607a94d-groupManagement] INFO  server.RaftServerConfigKeys (ConfUtils.java:logGet(46)) - raft.server.snapshot.retention.file.num = 5 (custom)
2024-07-18 11:33:34,872 [0d591c3e-1cf4-45a6-8ac8-82f56607a94d-groupManagement] INFO  server.RaftServerConfigKeys (ConfUtils.java:logGet(46)) - raft.server.log.purge.upto.snapshot.index = false (default)
2024-07-18 11:33:34,897 [grpc-default-executor-1] INFO  server.RaftServer (RaftServerProxy.java:addNew(101)) - df04cc9d-3067-478c-80ae-8f73b6a024a8: addNew group-258987903ABD:[df04cc9d-3067-478c-80ae-8f73b6a024a8|127.0.0.1:15039, 0d591c3e-1cf4-45a6-8ac8-82f56607a94d|127.0.0.1:15048, 0339cccf-75ab-4f40-8420-baf6c795ced3|127.0.0.1:15030] returns group-258987903ABD:java.util.concurrent.CompletableFuture@33cf23bb[Not completed]
2024-07-18 11:33:34,898 [df04cc9d-3067-478c-80ae-8f73b6a024a8-groupManagement] INFO  server.RaftServer$Division (RaftServerImpl.java:<init>(253)) - df04cc9d-3067-478c-80ae-8f73b6a024a8: new RaftServerImpl for group-258987903ABD:[df04cc9d-3067-478c-80ae-8f73b6a024a8|127.0.0.1:15039, 0d591c3e-1cf4-45a6-8ac8-82f56607a94d|127.0.0.1:15048, 0339cccf-75ab-4f40-8420-baf6c795ced3|127.0.0.1:15030] with ContainerStateMachine:uninitialized
2024-07-18 11:33:34,899 [df04cc9d-3067-478c-80ae-8f73b6a024a8-groupManagement] INFO  server.RaftServerConfigKeys (ConfUtils.java:logGet(46)) - raft.server.rpc.timeout.min = 5s (custom)
2024-07-18 11:33:34,899 [df04cc9d-3067-478c-80ae-8f73b6a024a8-groupManagement] INFO  server.RaftServerConfigKeys (ConfUtils.java:logGet(46)) - raft.server.rpc.timeout.max = 5200ms (custom)
2024-07-18 11:33:34,899 [df04cc9d-3067-478c-80ae-8f73b6a024a8-groupManagement] INFO  server.RaftServerConfigKeys (ConfUtils.java:logGet(46)) - raft.server.rpc.sleep.time = 25ms (default)
2024-07-18 11:33:34,899 [df04cc9d-3067-478c-80ae-8f73b6a024a8-groupManagement] INFO  server.RaftServerConfigKeys (ConfUtils.java:logGet(46)) - raft.server.rpc.slowness.timeout = 300s (custom)
2024-07-18 11:33:34,899 [df04cc9d-3067-478c-80ae-8f73b6a024a8-groupManagement] INFO  server.RaftServerConfigKeys (ConfUtils.java:logGet(46)) - raft.server.leaderelection.leader.step-down.wait-time = 10s (default)
2024-07-18 11:33:34,899 [df04cc9d-3067-478c-80ae-8f73b6a024a8-groupManagement] INFO  server.RaftServerConfigKeys (ConfUtils.java:logGet(46)) - raft.server.leaderelection.member.majority-add = false (default)
2024-07-18 11:33:34,899 [df04cc9d-3067-478c-80ae-8f73b6a024a8-groupManagement] INFO  server.RaftServerConfigKeys (ConfUtils.java:logGet(46)) - raft.server.sleep.deviation.threshold = 300ms (default)
2024-07-18 11:33:34,899 [df04cc9d-3067-478c-80ae-8f73b6a024a8-groupManagement] INFO  server.RaftServer$Division (ServerState.java:<init>(114)) - df04cc9d-3067-478c-80ae-8f73b6a024a8@group-258987903ABD: ConfigurationManager, init=conf: {index: -1, cur=peers:[df04cc9d-3067-478c-80ae-8f73b6a024a8|127.0.0.1:15039, 0d591c3e-1cf4-45a6-8ac8-82f56607a94d|127.0.0.1:15048, 0339cccf-75ab-4f40-8420-baf6c795ced3|127.0.0.1:15030]|listeners:[], old=null}, confs=<EMPTY_MAP>
2024-07-18 11:33:34,899 [df04cc9d-3067-478c-80ae-8f73b6a024a8-groupManagement] INFO  server.RaftServerConfigKeys (ConfUtils.java:logGet(46)) - raft.server.notification.no-leader.timeout = 300s (custom)
2024-07-18 11:33:34,899 [df04cc9d-3067-478c-80ae-8f73b6a024a8-groupManagement] INFO  server.RaftServerConfigKeys (ConfUtils.java:logGet(46)) - raft.server.read.timeout = 10s (default)
2024-07-18 11:33:34,899 [df04cc9d-3067-478c-80ae-8f73b6a024a8-groupManagement] INFO  server.RaftServerConfigKeys (ConfUtils.java:logGet(46)) - raft.server.retrycache.expirytime = 600000ms (custom)
2024-07-18 11:33:34,899 [df04cc9d-3067-478c-80ae-8f73b6a024a8-groupManagement] INFO  server.RaftServerConfigKeys (ConfUtils.java:logGet(46)) - raft.server.retrycache.statistics.expirytime = 100ms (default)
2024-07-18 11:33:34,900 [df04cc9d-3067-478c-80ae-8f73b6a024a8-groupManagement] INFO  server.RaftServerConfigKeys (ConfUtils.java:logGet(46)) - raft.server.read.option = DEFAULT (default)
2024-07-18 11:33:34,900 [df04cc9d-3067-478c-80ae-8f73b6a024a8-groupManagement] INFO  server.RaftServerConfigKeys (ConfUtils.java:logGet(46)) - raft.server.read.read-after-write-consistent.write-index-cache.expiry-time = 60s (default)
2024-07-18 11:33:34,905 [df04cc9d-3067-478c-80ae-8f73b6a024a8-groupManagement] INFO  server.RaftServerConfigKeys (ConfUtils.java:logGet(46)) - raft.server.rpc.request.timeout = 60s (custom)
2024-07-18 11:33:34,905 [df04cc9d-3067-478c-80ae-8f73b6a024a8-groupManagement] INFO  server.RaftServerConfigKeys (ConfUtils.java:logGet(46)) - raft.server.log.appender.install.snapshot.enabled = false (custom)
2024-07-18 11:33:34,905 [df04cc9d-3067-478c-80ae-8f73b6a024a8-groupManagement] INFO  server.RaftServerConfigKeys (ConfUtils.java:logGet(46)) - raft.server.threadpool.server.cached = true (default)
2024-07-18 11:33:34,905 [df04cc9d-3067-478c-80ae-8f73b6a024a8-groupManagement] INFO  server.RaftServerConfigKeys (ConfUtils.java:logGet(46)) - raft.server.threadpool.server.size = 0 (default)
2024-07-18 11:33:34,905 [df04cc9d-3067-478c-80ae-8f73b6a024a8-groupManagement] INFO  server.RaftServerConfigKeys (ConfUtils.java:logGet(46)) - raft.server.threadpool.client.cached = true (default)
2024-07-18 11:33:34,905 [df04cc9d-3067-478c-80ae-8f73b6a024a8-groupManagement] INFO  server.RaftServerConfigKeys (ConfUtils.java:logGet(46)) - raft.server.threadpool.client.size = 0 (default)
2024-07-18 11:33:34,905 [df04cc9d-3067-478c-80ae-8f73b6a024a8-groupManagement] INFO  server.RaftServerConfigKeys (ConfUtils.java:logGet(46)) - raft.server.storage.free-space.min = 0MB (=0) (default)
2024-07-18 11:33:34,905 [df04cc9d-3067-478c-80ae-8f73b6a024a8-groupManagement] INFO  server.RaftServerConfigKeys (ConfUtils.java:logGet(46)) - raft.server.log.corruption.policy = EXCEPTION (default)
2024-07-18 11:33:34,906 [df04cc9d-3067-478c-80ae-8f73b6a024a8-groupManagement] INFO  server.RaftServerConfigKeys (ConfUtils.java:logGet(46)) - raft.server.storage.dir = [/home/runner/work/ozone/ozone/hadoop-ozone/integration-test/target/test-dir/MiniOzoneClusterImpl-c0b7f50e-f813-4849-95b3-646bdd98e01d/ozone-meta/datanode-2/ratis] (custom)
2024-07-18 11:33:34,906 [df04cc9d-3067-478c-80ae-8f73b6a024a8-groupManagement] INFO  storage.RaftStorageDirectory (RaftStorageDirectoryImpl.java:analyzeStorage(138)) - The storage directory /home/runner/work/ozone/ozone/hadoop-ozone/integration-test/target/test-dir/MiniOzoneClusterImpl-c0b7f50e-f813-4849-95b3-646bdd98e01d/ozone-meta/datanode-2/ratis/dda73e58-059d-4109-9a3d-258987903abd does not exist. Creating ...
2024-07-18 11:33:34,912 [df04cc9d-3067-478c-80ae-8f73b6a024a8-groupManagement] INFO  storage.RaftStorageDirectory (RaftStorageDirectoryImpl.java:tryLock(229)) - Lock on /home/runner/work/ozone/ozone/hadoop-ozone/integration-test/target/test-dir/MiniOzoneClusterImpl-c0b7f50e-f813-4849-95b3-646bdd98e01d/ozone-meta/datanode-2/ratis/dda73e58-059d-4109-9a3d-258987903abd/in_use.lock acquired by nodename 107590@fv-az1113-538
2024-07-18 11:33:34,913 [df04cc9d-3067-478c-80ae-8f73b6a024a8-groupManagement] INFO  storage.RaftStorage (RaftStorageImpl.java:format(98)) - Storage directory /home/runner/work/ozone/ozone/hadoop-ozone/integration-test/target/test-dir/MiniOzoneClusterImpl-c0b7f50e-f813-4849-95b3-646bdd98e01d/ozone-meta/datanode-2/ratis/dda73e58-059d-4109-9a3d-258987903abd has been successfully formatted.
2024-07-18 11:33:34,914 [df04cc9d-3067-478c-80ae-8f73b6a024a8-groupManagement] INFO  ratis.ContainerStateMachine (ContainerStateMachine.java:loadSnapshot(287)) - group-258987903ABD: The snapshot info is null. Setting the last applied index to:(t:0, i:~)
2024-07-18 11:33:34,914 [df04cc9d-3067-478c-80ae-8f73b6a024a8-groupManagement] INFO  server.RaftServerConfigKeys (ConfUtils.java:logGet(46)) - raft.server.log.use.memory = false (default)
2024-07-18 11:33:34,914 [df04cc9d-3067-478c-80ae-8f73b6a024a8-groupManagement] INFO  server.RaftServerConfigKeys (ConfUtils.java:logGet(46)) - raft.server.log.purge.gap = 1000000 (custom)
2024-07-18 11:33:34,914 [df04cc9d-3067-478c-80ae-8f73b6a024a8-groupManagement] INFO  server.RaftServerConfigKeys (ConfUtils.java:logGet(46)) - raft.server.log.appender.buffer.byte-limit = 8388608 (custom)
2024-07-18 11:33:34,914 [df04cc9d-3067-478c-80ae-8f73b6a024a8-groupManagement] INFO  server.RaftServerConfigKeys (ConfUtils.java:logGet(46)) - raft.server.log.statemachine.data.read.timeout = 1000ms (default)
2024-07-18 11:33:34,914 [df04cc9d-3067-478c-80ae-8f73b6a024a8-groupManagement] INFO  server.RaftServerConfigKeys (ConfUtils.java:logGet(46)) - raft.server.log.purge.preservation.log.num = 0 (default)
2024-07-18 11:33:34,917 [df04cc9d-3067-478c-80ae-8f73b6a024a8-groupManagement] INFO  server.RaftServerConfigKeys (ConfUtils.java:logGet(46)) - raft.server.log.segment.size.max = 67108864 (custom)
2024-07-18 11:33:34,917 [df04cc9d-3067-478c-80ae-8f73b6a024a8-groupManagement] INFO  server.RaftServerConfigKeys (ConfUtils.java:logGet(46)) - raft.server.log.segment.cache.num.max = 2 (custom)
2024-07-18 11:33:34,917 [df04cc9d-3067-478c-80ae-8f73b6a024a8-groupManagement] INFO  server.RaftServerConfigKeys (ConfUtils.java:logGet(46)) - raft.server.log.segment.cache.size.max = 200MB (=209715200) (default)
2024-07-18 11:33:34,917 [df04cc9d-3067-478c-80ae-8f73b6a024a8-groupManagement] INFO  server.RaftServerConfigKeys (ConfUtils.java:logGet(46)) - raft.server.log.appender.buffer.byte-limit = 8388608 (custom)
2024-07-18 11:33:34,920 [df04cc9d-3067-478c-80ae-8f73b6a024a8-groupManagement] INFO  util.AwaitToRun (AwaitToRun.java:start(81)) - Thread[df04cc9d-3067-478c-80ae-8f73b6a024a8@group-258987903ABD-cacheEviction-AwaitToRun,5,main] started
2024-07-18 11:33:34,920 [df04cc9d-3067-478c-80ae-8f73b6a024a8-groupManagement] INFO  segmented.SegmentedRaftLogWorker (SegmentedRaftLogWorker.java:<init>(184)) - new df04cc9d-3067-478c-80ae-8f73b6a024a8@group-258987903ABD-SegmentedRaftLogWorker for RaftStorageImpl:Storage Directory /home/runner/work/ozone/ozone/hadoop-ozone/integration-test/target/test-dir/MiniOzoneClusterImpl-c0b7f50e-f813-4849-95b3-646bdd98e01d/ozone-meta/datanode-2/ratis/dda73e58-059d-4109-9a3d-258987903abd
2024-07-18 11:33:34,920 [df04cc9d-3067-478c-80ae-8f73b6a024a8-groupManagement] INFO  server.RaftServerConfigKeys (ConfUtils.java:logGet(46)) - raft.server.log.queue.byte-limit = 4294967296 (custom)
2024-07-18 11:33:34,921 [df04cc9d-3067-478c-80ae-8f73b6a024a8-groupManagement] INFO  server.RaftServerConfigKeys (ConfUtils.java:logGet(46)) - raft.server.log.queue.element-limit = 1024 (custom)
2024-07-18 11:33:34,921 [df04cc9d-3067-478c-80ae-8f73b6a024a8-groupManagement] INFO  server.RaftServerConfigKeys (ConfUtils.java:logGet(46)) - raft.server.log.segment.size.max = 67108864 (custom)
2024-07-18 11:33:34,921 [df04cc9d-3067-478c-80ae-8f73b6a024a8-groupManagement] INFO  server.RaftServerConfigKeys (ConfUtils.java:logGet(46)) - raft.server.log.preallocated.size = 4194304 (custom)
2024-07-18 11:33:34,921 [df04cc9d-3067-478c-80ae-8f73b6a024a8-groupManagement] INFO  server.RaftServerConfigKeys (ConfUtils.java:logGet(46)) - raft.server.log.force.sync.num = 128 (default)
2024-07-18 11:33:34,921 [df04cc9d-3067-478c-80ae-8f73b6a024a8-groupManagement] INFO  server.RaftServerConfigKeys (ConfUtils.java:logGet(46)) - raft.server.log.statemachine.data.sync = true (default)
2024-07-18 11:33:34,921 [df04cc9d-3067-478c-80ae-8f73b6a024a8-groupManagement] INFO  server.RaftServerConfigKeys (ConfUtils.java:logGet(46)) - raft.server.log.statemachine.data.sync.timeout = 10s (default)
2024-07-18 11:33:34,921 [df04cc9d-3067-478c-80ae-8f73b6a024a8-groupManagement] INFO  server.RaftServerConfigKeys (ConfUtils.java:logGet(46)) - raft.server.log.statemachine.data.sync.timeout.retry = 30 (custom)
2024-07-18 11:33:34,922 [df04cc9d-3067-478c-80ae-8f73b6a024a8-groupManagement] INFO  server.RaftServerConfigKeys (ConfUtils.java:logGet(46)) - raft.server.log.write.buffer.size = 8388616 (custom)
2024-07-18 11:33:34,924 [df04cc9d-3067-478c-80ae-8f73b6a024a8-groupManagement] INFO  server.RaftServerConfigKeys (ConfUtils.java:logGet(46)) - raft.server.log.appender.buffer.byte-limit = 8388608 (custom)
2024-07-18 11:33:34,924 [df04cc9d-3067-478c-80ae-8f73b6a024a8-groupManagement] INFO  server.RaftServerConfigKeys (ConfUtils.java:logGet(46)) - raft.server.log.unsafe-flush.enabled = false (default)
2024-07-18 11:33:34,924 [df04cc9d-3067-478c-80ae-8f73b6a024a8-groupManagement] INFO  server.RaftServerConfigKeys (ConfUtils.java:logGet(46)) - raft.server.log.async-flush.enabled = false (default)
2024-07-18 11:33:34,924 [df04cc9d-3067-478c-80ae-8f73b6a024a8-groupManagement] INFO  server.RaftServerConfigKeys (ConfUtils.java:logGet(46)) - raft.server.log.statemachine.data.caching.enabled = true (custom)
2024-07-18 11:33:34,925 [df04cc9d-3067-478c-80ae-8f73b6a024a8-groupManagement] INFO  segmented.SegmentedRaftLogWorker (SegmentedRaftLogWorker.java:lambda$new$0(135)) - df04cc9d-3067-478c-80ae-8f73b6a024a8@group-258987903ABD-SegmentedRaftLogWorker: flushIndex: setUnconditionally 0 -> -1
2024-07-18 11:33:34,925 [df04cc9d-3067-478c-80ae-8f73b6a024a8-groupManagement] INFO  segmented.SegmentedRaftLogWorker (SegmentedRaftLogWorker.java:lambda$new$0(135)) - df04cc9d-3067-478c-80ae-8f73b6a024a8@group-258987903ABD-SegmentedRaftLogWorker: safeCacheEvictIndex: setUnconditionally 0 -> -1
2024-07-18 11:33:34,931 [df04cc9d-3067-478c-80ae-8f73b6a024a8-groupManagement] INFO  server.RaftServer$Division (RaftServerImpl.java:start(389)) - df04cc9d-3067-478c-80ae-8f73b6a024a8@group-258987903ABD: start as a follower, conf=conf: {index: -1, cur=peers:[df04cc9d-3067-478c-80ae-8f73b6a024a8|127.0.0.1:15039, 0d591c3e-1cf4-45a6-8ac8-82f56607a94d|127.0.0.1:15048, 0339cccf-75ab-4f40-8420-baf6c795ced3|127.0.0.1:15030]|listeners:[], old=null}
2024-07-18 11:33:34,931 [df04cc9d-3067-478c-80ae-8f73b6a024a8-groupManagement] INFO  server.RaftServer$Division (RaftServerImpl.java:setRole(376)) - df04cc9d-3067-478c-80ae-8f73b6a024a8@group-258987903ABD: changes role from      null to FOLLOWER at term 0 for startAsFollower
2024-07-18 11:33:34,932 [df04cc9d-3067-478c-80ae-8f73b6a024a8-groupManagement] INFO  impl.RoleInfo (RoleInfo.java:updateAndGet(148)) - df04cc9d-3067-478c-80ae-8f73b6a024a8: start df04cc9d-3067-478c-80ae-8f73b6a024a8@group-258987903ABD-FollowerState
2024-07-18 11:33:34,932 [df04cc9d-3067-478c-80ae-8f73b6a024a8-groupManagement] INFO  util.JmxRegister (JmxRegister.java:tryRegister(44)) - Successfully registered JMX Bean with object name Ratis:service=RaftServer,group=group-258987903ABD,id=df04cc9d-3067-478c-80ae-8f73b6a024a8
2024-07-18 11:33:34,932 [df04cc9d-3067-478c-80ae-8f73b6a024a8-groupManagement] INFO  util.JmxRegister (JmxRegister.java:register(58)) - register mxBean class org.apache.ratis.server.impl.RaftServerJmxAdapter as Ratis:service=RaftServer,group=group-258987903ABD,id=df04cc9d-3067-478c-80ae-8f73b6a024a8
2024-07-18 11:33:34,932 [df04cc9d-3067-478c-80ae-8f73b6a024a8-groupManagement] INFO  server.RaftServerConfigKeys (ConfUtils.java:logGet(46)) - raft.server.snapshot.trigger-when-stop.enabled = true (default)
2024-07-18 11:33:34,932 [df04cc9d-3067-478c-80ae-8f73b6a024a8-groupManagement] INFO  server.RaftServerConfigKeys (ConfUtils.java:logGet(46)) - raft.server.snapshot.trigger-when-remove.enabled = true (default)
2024-07-18 11:33:34,932 [df04cc9d-3067-478c-80ae-8f73b6a024a8-groupManagement] INFO  server.RaftServerConfigKeys (ConfUtils.java:logGet(46)) - raft.server.snapshot.auto.trigger.enabled = true (custom)
2024-07-18 11:33:34,932 [df04cc9d-3067-478c-80ae-8f73b6a024a8-groupManagement] INFO  server.RaftServerConfigKeys (ConfUtils.java:logGet(46)) - raft.server.snapshot.auto.trigger.threshold = 10000 (custom)
2024-07-18 11:33:34,932 [df04cc9d-3067-478c-80ae-8f73b6a024a8-groupManagement] INFO  server.RaftServerConfigKeys (ConfUtils.java:logGet(46)) - raft.server.snapshot.retention.file.num = 5 (custom)
2024-07-18 11:33:34,932 [df04cc9d-3067-478c-80ae-8f73b6a024a8-groupManagement] INFO  server.RaftServerConfigKeys (ConfUtils.java:logGet(46)) - raft.server.log.purge.upto.snapshot.index = false (default)
2024-07-18 11:33:34,934 [df04cc9d-3067-478c-80ae-8f73b6a024a8@group-258987903ABD-FollowerState] INFO  server.RaftServerConfigKeys (ConfUtils.java:logFallback(53)) - raft.server.rpc.first-election.timeout.min = 5s (fallback to raft.server.rpc.timeout.min)
2024-07-18 11:33:34,935 [df04cc9d-3067-478c-80ae-8f73b6a024a8@group-258987903ABD-FollowerState] INFO  server.RaftServerConfigKeys (ConfUtils.java:logFallback(53)) - raft.server.rpc.first-election.timeout.max = 5200ms (fallback to raft.server.rpc.timeout.max)
2024-07-18 11:33:34,942 [0339cccf-75ab-4f40-8420-baf6c795ced3-PipelineCommandHandlerThread-0] INFO  commandhandler.CreatePipelineCommandHandler (CreatePipelineCommandHandler.java:lambda$handle$2(124)) - Created Pipeline RATIS THREE PipelineID=dda73e58-059d-4109-9a3d-258987903abd.
2024-07-18 11:33:34,942 [0339cccf-75ab-4f40-8420-baf6c795ced3-PipelineCommandHandlerThread-0] INFO  server.RaftServer (RaftServerProxy.java:addNew(101)) - 0339cccf-75ab-4f40-8420-baf6c795ced3: addNew group-B21D8660D172:[df04cc9d-3067-478c-80ae-8f73b6a024a8|127.0.0.1:15039, 0d591c3e-1cf4-45a6-8ac8-82f56607a94d|127.0.0.1:15048, 0339cccf-75ab-4f40-8420-baf6c795ced3|127.0.0.1:15030] returns group-B21D8660D172:java.util.concurrent.CompletableFuture@5f4c6868[Not completed]
2024-07-18 11:33:34,944 [0339cccf-75ab-4f40-8420-baf6c795ced3-groupManagement] INFO  server.RaftServer$Division (RaftServerImpl.java:<init>(253)) - 0339cccf-75ab-4f40-8420-baf6c795ced3: new RaftServerImpl for group-B21D8660D172:[df04cc9d-3067-478c-80ae-8f73b6a024a8|127.0.0.1:15039, 0d591c3e-1cf4-45a6-8ac8-82f56607a94d|127.0.0.1:15048, 0339cccf-75ab-4f40-8420-baf6c795ced3|127.0.0.1:15030] with ContainerStateMachine:uninitialized
2024-07-18 11:33:34,945 [0339cccf-75ab-4f40-8420-baf6c795ced3-groupManagement] INFO  server.RaftServerConfigKeys (ConfUtils.java:logGet(46)) - raft.server.rpc.timeout.min = 5s (custom)
2024-07-18 11:33:34,945 [0339cccf-75ab-4f40-8420-baf6c795ced3-groupManagement] INFO  server.RaftServerConfigKeys (ConfUtils.java:logGet(46)) - raft.server.rpc.timeout.max = 5200ms (custom)
2024-07-18 11:33:34,945 [0339cccf-75ab-4f40-8420-baf6c795ced3-groupManagement] INFO  server.RaftServerConfigKeys (ConfUtils.java:logGet(46)) - raft.server.rpc.sleep.time = 25ms (default)
2024-07-18 11:33:34,945 [0339cccf-75ab-4f40-8420-baf6c795ced3-groupManagement] INFO  server.RaftServerConfigKeys (ConfUtils.java:logGet(46)) - raft.server.rpc.slowness.timeout = 300s (custom)
2024-07-18 11:33:34,945 [0339cccf-75ab-4f40-8420-baf6c795ced3-groupManagement] INFO  server.RaftServerConfigKeys (ConfUtils.java:logGet(46)) - raft.server.leaderelection.leader.step-down.wait-time = 10s (default)
2024-07-18 11:33:34,945 [0339cccf-75ab-4f40-8420-baf6c795ced3-groupManagement] INFO  server.RaftServerConfigKeys (ConfUtils.java:logGet(46)) - raft.server.leaderelection.member.majority-add = false (default)
2024-07-18 11:33:34,945 [0339cccf-75ab-4f40-8420-baf6c795ced3-groupManagement] INFO  server.RaftServerConfigKeys (ConfUtils.java:logGet(46)) - raft.server.sleep.deviation.threshold = 300ms (default)
2024-07-18 11:33:34,945 [0339cccf-75ab-4f40-8420-baf6c795ced3-groupManagement] INFO  server.RaftServer$Division (ServerState.java:<init>(114)) - 0339cccf-75ab-4f40-8420-baf6c795ced3@group-B21D8660D172: ConfigurationManager, init=conf: {index: -1, cur=peers:[df04cc9d-3067-478c-80ae-8f73b6a024a8|127.0.0.1:15039, 0d591c3e-1cf4-45a6-8ac8-82f56607a94d|127.0.0.1:15048, 0339cccf-75ab-4f40-8420-baf6c795ced3|127.0.0.1:15030]|listeners:[], old=null}, confs=<EMPTY_MAP>
2024-07-18 11:33:34,945 [0339cccf-75ab-4f40-8420-baf6c795ced3-groupManagement] INFO  server.RaftServerConfigKeys (ConfUtils.java:logGet(46)) - raft.server.notification.no-leader.timeout = 300s (custom)
2024-07-18 11:33:34,945 [0339cccf-75ab-4f40-8420-baf6c795ced3-groupManagement] INFO  server.RaftServerConfigKeys (ConfUtils.java:logGet(46)) - raft.server.read.timeout = 10s (default)
2024-07-18 11:33:34,945 [0339cccf-75ab-4f40-8420-baf6c795ced3-groupManagement] INFO  server.RaftServerConfigKeys (ConfUtils.java:logGet(46)) - raft.server.retrycache.expirytime = 600000ms (custom)
2024-07-18 11:33:34,945 [0339cccf-75ab-4f40-8420-baf6c795ced3-groupManagement] INFO  server.RaftServerConfigKeys (ConfUtils.java:logGet(46)) - raft.server.retrycache.statistics.expirytime = 100ms (default)
2024-07-18 11:33:34,945 [0339cccf-75ab-4f40-8420-baf6c795ced3-groupManagement] INFO  server.RaftServerConfigKeys (ConfUtils.java:logGet(46)) - raft.server.read.option = DEFAULT (default)
2024-07-18 11:33:34,945 [0339cccf-75ab-4f40-8420-baf6c795ced3-groupManagement] INFO  server.RaftServerConfigKeys (ConfUtils.java:logGet(46)) - raft.server.read.read-after-write-consistent.write-index-cache.expiry-time = 60s (default)
2024-07-18 11:33:34,950 [0339cccf-75ab-4f40-8420-baf6c795ced3-groupManagement] INFO  server.RaftServerConfigKeys (ConfUtils.java:logGet(46)) - raft.server.rpc.request.timeout = 60s (custom)
2024-07-18 11:33:34,950 [0339cccf-75ab-4f40-8420-baf6c795ced3-groupManagement] INFO  server.RaftServerConfigKeys (ConfUtils.java:logGet(46)) - raft.server.log.appender.install.snapshot.enabled = false (custom)
2024-07-18 11:33:34,950 [0339cccf-75ab-4f40-8420-baf6c795ced3-groupManagement] INFO  server.RaftServerConfigKeys (ConfUtils.java:logGet(46)) - raft.server.threadpool.server.cached = true (default)
2024-07-18 11:33:34,951 [0339cccf-75ab-4f40-8420-baf6c795ced3-groupManagement] INFO  server.RaftServerConfigKeys (ConfUtils.java:logGet(46)) - raft.server.threadpool.server.size = 0 (default)
2024-07-18 11:33:34,951 [0339cccf-75ab-4f40-8420-baf6c795ced3-groupManagement] INFO  server.RaftServerConfigKeys (ConfUtils.java:logGet(46)) - raft.server.threadpool.client.cached = true (default)
2024-07-18 11:33:34,951 [0339cccf-75ab-4f40-8420-baf6c795ced3-groupManagement] INFO  server.RaftServerConfigKeys (ConfUtils.java:logGet(46)) - raft.server.threadpool.client.size = 0 (default)
2024-07-18 11:33:34,951 [0339cccf-75ab-4f40-8420-baf6c795ced3-groupManagement] INFO  server.RaftServerConfigKeys (ConfUtils.java:logGet(46)) - raft.server.storage.free-space.min = 0MB (=0) (default)
2024-07-18 11:33:34,951 [0339cccf-75ab-4f40-8420-baf6c795ced3-groupManagement] INFO  server.RaftServerConfigKeys (ConfUtils.java:logGet(46)) - raft.server.log.corruption.policy = EXCEPTION (default)
2024-07-18 11:33:34,951 [0339cccf-75ab-4f40-8420-baf6c795ced3-groupManagement] INFO  server.RaftServerConfigKeys (ConfUtils.java:logGet(46)) - raft.server.storage.dir = [/home/runner/work/ozone/ozone/hadoop-ozone/integration-test/target/test-dir/MiniOzoneClusterImpl-c0b7f50e-f813-4849-95b3-646bdd98e01d/ozone-meta/datanode-1/ratis] (custom)
2024-07-18 11:33:34,951 [0339cccf-75ab-4f40-8420-baf6c795ced3-groupManagement] INFO  storage.RaftStorageDirectory (RaftStorageDirectoryImpl.java:analyzeStorage(138)) - The storage directory /home/runner/work/ozone/ozone/hadoop-ozone/integration-test/target/test-dir/MiniOzoneClusterImpl-c0b7f50e-f813-4849-95b3-646bdd98e01d/ozone-meta/datanode-1/ratis/ad1ced21-6f81-4c80-ab1b-b21d8660d172 does not exist. Creating ...
2024-07-18 11:33:34,952 [0339cccf-75ab-4f40-8420-baf6c795ced3-groupManagement] INFO  storage.RaftStorageDirectory (RaftStorageDirectoryImpl.java:tryLock(229)) - Lock on /home/runner/work/ozone/ozone/hadoop-ozone/integration-test/target/test-dir/MiniOzoneClusterImpl-c0b7f50e-f813-4849-95b3-646bdd98e01d/ozone-meta/datanode-1/ratis/ad1ced21-6f81-4c80-ab1b-b21d8660d172/in_use.lock acquired by nodename 107590@fv-az1113-538
2024-07-18 11:33:34,953 [0339cccf-75ab-4f40-8420-baf6c795ced3-groupManagement] INFO  storage.RaftStorage (RaftStorageImpl.java:format(98)) - Storage directory /home/runner/work/ozone/ozone/hadoop-ozone/integration-test/target/test-dir/MiniOzoneClusterImpl-c0b7f50e-f813-4849-95b3-646bdd98e01d/ozone-meta/datanode-1/ratis/ad1ced21-6f81-4c80-ab1b-b21d8660d172 has been successfully formatted.
2024-07-18 11:33:34,954 [0339cccf-75ab-4f40-8420-baf6c795ced3-groupManagement] INFO  ratis.ContainerStateMachine (ContainerStateMachine.java:loadSnapshot(287)) - group-B21D8660D172: The snapshot info is null. Setting the last applied index to:(t:0, i:~)
2024-07-18 11:33:34,955 [0339cccf-75ab-4f40-8420-baf6c795ced3-groupManagement] INFO  server.RaftServerConfigKeys (ConfUtils.java:logGet(46)) - raft.server.log.use.memory = false (default)
2024-07-18 11:33:34,955 [0339cccf-75ab-4f40-8420-baf6c795ced3-groupManagement] INFO  server.RaftServerConfigKeys (ConfUtils.java:logGet(46)) - raft.server.log.purge.gap = 1000000 (custom)
2024-07-18 11:33:34,956 [0339cccf-75ab-4f40-8420-baf6c795ced3-groupManagement] INFO  server.RaftServerConfigKeys (ConfUtils.java:logGet(46)) - raft.server.log.appender.buffer.byte-limit = 8388608 (custom)
2024-07-18 11:33:34,956 [0339cccf-75ab-4f40-8420-baf6c795ced3-groupManagement] INFO  server.RaftServerConfigKeys (ConfUtils.java:logGet(46)) - raft.server.log.statemachine.data.read.timeout = 1000ms (default)
2024-07-18 11:33:34,956 [0339cccf-75ab-4f40-8420-baf6c795ced3-groupManagement] INFO  server.RaftServerConfigKeys (ConfUtils.java:logGet(46)) - raft.server.log.purge.preservation.log.num = 0 (default)
2024-07-18 11:33:34,956 [scmNode-1-EventQueue-OpenPipelineForHealthyPipelineSafeModeRule] INFO  safemode.SCMSafeModeManager (HealthyPipelineSafeModeRule.java:process(140)) - SCM in safe mode. Healthy pipelines reported count is 0, required healthy pipeline reported count is 1
2024-07-18 11:33:34,959 [0339cccf-75ab-4f40-8420-baf6c795ced3-groupManagement] INFO  server.RaftServerConfigKeys (ConfUtils.java:logGet(46)) - raft.server.log.segment.size.max = 67108864 (custom)
2024-07-18 11:33:34,959 [0339cccf-75ab-4f40-8420-baf6c795ced3-groupManagement] INFO  server.RaftServerConfigKeys (ConfUtils.java:logGet(46)) - raft.server.log.segment.cache.num.max = 2 (custom)
2024-07-18 11:33:34,960 [0339cccf-75ab-4f40-8420-baf6c795ced3-groupManagement] INFO  server.RaftServerConfigKeys (ConfUtils.java:logGet(46)) - raft.server.log.segment.cache.size.max = 200MB (=209715200) (default)
2024-07-18 11:33:34,960 [0339cccf-75ab-4f40-8420-baf6c795ced3-groupManagement] INFO  server.RaftServerConfigKeys (ConfUtils.java:logGet(46)) - raft.server.log.appender.buffer.byte-limit = 8388608 (custom)
2024-07-18 11:33:34,960 [0339cccf-75ab-4f40-8420-baf6c795ced3-groupManagement] INFO  util.AwaitToRun (AwaitToRun.java:start(81)) - Thread[0339cccf-75ab-4f40-8420-baf6c795ced3@group-B21D8660D172-cacheEviction-AwaitToRun,5,main] started
2024-07-18 11:33:34,960 [0339cccf-75ab-4f40-8420-baf6c795ced3-groupManagement] INFO  segmented.SegmentedRaftLogWorker (SegmentedRaftLogWorker.java:<init>(184)) - new 0339cccf-75ab-4f40-8420-baf6c795ced3@group-B21D8660D172-SegmentedRaftLogWorker for RaftStorageImpl:Storage Directory /home/runner/work/ozone/ozone/hadoop-ozone/integration-test/target/test-dir/MiniOzoneClusterImpl-c0b7f50e-f813-4849-95b3-646bdd98e01d/ozone-meta/datanode-1/ratis/ad1ced21-6f81-4c80-ab1b-b21d8660d172
2024-07-18 11:33:34,960 [0339cccf-75ab-4f40-8420-baf6c795ced3-groupManagement] INFO  server.RaftServerConfigKeys (ConfUtils.java:logGet(46)) - raft.server.log.queue.byte-limit = 4294967296 (custom)
2024-07-18 11:33:34,960 [0339cccf-75ab-4f40-8420-baf6c795ced3-groupManagement] INFO  server.RaftServerConfigKeys (ConfUtils.java:logGet(46)) - raft.server.log.queue.element-limit = 1024 (custom)
2024-07-18 11:33:34,960 [0339cccf-75ab-4f40-8420-baf6c795ced3-groupManagement] INFO  server.RaftServerConfigKeys (ConfUtils.java:logGet(46)) - raft.server.log.segment.size.max = 67108864 (custom)
2024-07-18 11:33:34,960 [0339cccf-75ab-4f40-8420-baf6c795ced3-groupManagement] INFO  server.RaftServerConfigKeys (ConfUtils.java:logGet(46)) - raft.server.log.preallocated.size = 4194304 (custom)
2024-07-18 11:33:34,960 [0339cccf-75ab-4f40-8420-baf6c795ced3-groupManagement] INFO  server.RaftServerConfigKeys (ConfUtils.java:logGet(46)) - raft.server.log.force.sync.num = 128 (default)
2024-07-18 11:33:34,960 [0339cccf-75ab-4f40-8420-baf6c795ced3-groupManagement] INFO  server.RaftServerConfigKeys (ConfUtils.java:logGet(46)) - raft.server.log.statemachine.data.sync = true (default)
2024-07-18 11:33:34,960 [0339cccf-75ab-4f40-8420-baf6c795ced3-groupManagement] INFO  server.RaftServerConfigKeys (ConfUtils.java:logGet(46)) - raft.server.log.statemachine.data.sync.timeout = 10s (default)
2024-07-18 11:33:34,960 [0339cccf-75ab-4f40-8420-baf6c795ced3-groupManagement] INFO  server.RaftServerConfigKeys (ConfUtils.java:logGet(46)) - raft.server.log.statemachine.data.sync.timeout.retry = 30 (custom)
2024-07-18 11:33:34,961 [0339cccf-75ab-4f40-8420-baf6c795ced3-groupManagement] INFO  server.RaftServerConfigKeys (ConfUtils.java:logGet(46)) - raft.server.log.write.buffer.size = 8388616 (custom)
2024-07-18 11:33:34,963 [0339cccf-75ab-4f40-8420-baf6c795ced3-groupManagement] INFO  server.RaftServerConfigKeys (ConfUtils.java:logGet(46)) - raft.server.log.appender.buffer.byte-limit = 8388608 (custom)
2024-07-18 11:33:34,963 [0339cccf-75ab-4f40-8420-baf6c795ced3-groupManagement] INFO  server.RaftServerConfigKeys (ConfUtils.java:logGet(46)) - raft.server.log.unsafe-flush.enabled = false (default)
2024-07-18 11:33:34,963 [0339cccf-75ab-4f40-8420-baf6c795ced3-groupManagement] INFO  server.RaftServerConfigKeys (ConfUtils.java:logGet(46)) - raft.server.log.async-flush.enabled = false (default)
2024-07-18 11:33:34,963 [0339cccf-75ab-4f40-8420-baf6c795ced3-groupManagement] INFO  server.RaftServerConfigKeys (ConfUtils.java:logGet(46)) - raft.server.log.statemachine.data.caching.enabled = true (custom)
2024-07-18 11:33:34,963 [0339cccf-75ab-4f40-8420-baf6c795ced3-groupManagement] INFO  segmented.SegmentedRaftLogWorker (SegmentedRaftLogWorker.java:lambda$new$0(135)) - 0339cccf-75ab-4f40-8420-baf6c795ced3@group-B21D8660D172-SegmentedRaftLogWorker: flushIndex: setUnconditionally 0 -> -1
2024-07-18 11:33:34,964 [0339cccf-75ab-4f40-8420-baf6c795ced3-groupManagement] INFO  segmented.SegmentedRaftLogWorker (SegmentedRaftLogWorker.java:lambda$new$0(135)) - 0339cccf-75ab-4f40-8420-baf6c795ced3@group-B21D8660D172-SegmentedRaftLogWorker: safeCacheEvictIndex: setUnconditionally 0 -> -1
2024-07-18 11:33:34,964 [0339cccf-75ab-4f40-8420-baf6c795ced3-groupManagement] INFO  server.RaftServer$Division (RaftServerImpl.java:start(389)) - 0339cccf-75ab-4f40-8420-baf6c795ced3@group-B21D8660D172: start as a follower, conf=conf: {index: -1, cur=peers:[df04cc9d-3067-478c-80ae-8f73b6a024a8|127.0.0.1:15039, 0d591c3e-1cf4-45a6-8ac8-82f56607a94d|127.0.0.1:15048, 0339cccf-75ab-4f40-8420-baf6c795ced3|127.0.0.1:15030]|listeners:[], old=null}
2024-07-18 11:33:34,964 [0339cccf-75ab-4f40-8420-baf6c795ced3-groupManagement] INFO  server.RaftServer$Division (RaftServerImpl.java:setRole(376)) - 0339cccf-75ab-4f40-8420-baf6c795ced3@group-B21D8660D172: changes role from      null to FOLLOWER at term 0 for startAsFollower
2024-07-18 11:33:34,964 [0339cccf-75ab-4f40-8420-baf6c795ced3-groupManagement] INFO  impl.RoleInfo (RoleInfo.java:updateAndGet(148)) - 0339cccf-75ab-4f40-8420-baf6c795ced3: start 0339cccf-75ab-4f40-8420-baf6c795ced3@group-B21D8660D172-FollowerState
2024-07-18 11:33:34,964 [0339cccf-75ab-4f40-8420-baf6c795ced3-groupManagement] INFO  util.JmxRegister (JmxRegister.java:tryRegister(44)) - Successfully registered JMX Bean with object name Ratis:service=RaftServer,group=group-B21D8660D172,id=0339cccf-75ab-4f40-8420-baf6c795ced3
2024-07-18 11:33:34,965 [0339cccf-75ab-4f40-8420-baf6c795ced3-groupManagement] INFO  util.JmxRegister (JmxRegister.java:register(58)) - register mxBean class org.apache.ratis.server.impl.RaftServerJmxAdapter as Ratis:service=RaftServer,group=group-B21D8660D172,id=0339cccf-75ab-4f40-8420-baf6c795ced3
2024-07-18 11:33:34,965 [0339cccf-75ab-4f40-8420-baf6c795ced3-groupManagement] INFO  server.RaftServerConfigKeys (ConfUtils.java:logGet(46)) - raft.server.snapshot.trigger-when-stop.enabled = true (default)
2024-07-18 11:33:34,965 [0339cccf-75ab-4f40-8420-baf6c795ced3-groupManagement] INFO  server.RaftServerConfigKeys (ConfUtils.java:logGet(46)) - raft.server.snapshot.trigger-when-remove.enabled = true (default)
2024-07-18 11:33:34,965 [0339cccf-75ab-4f40-8420-baf6c795ced3-groupManagement] INFO  server.RaftServerConfigKeys (ConfUtils.java:logGet(46)) - raft.server.snapshot.auto.trigger.enabled = true (custom)
2024-07-18 11:33:34,965 [0339cccf-75ab-4f40-8420-baf6c795ced3-groupManagement] INFO  server.RaftServerConfigKeys (ConfUtils.java:logGet(46)) - raft.server.snapshot.auto.trigger.threshold = 10000 (custom)
2024-07-18 11:33:34,965 [0339cccf-75ab-4f40-8420-baf6c795ced3-groupManagement] INFO  server.RaftServerConfigKeys (ConfUtils.java:logGet(46)) - raft.server.snapshot.retention.file.num = 5 (custom)
2024-07-18 11:33:34,965 [0339cccf-75ab-4f40-8420-baf6c795ced3-groupManagement] INFO  server.RaftServerConfigKeys (ConfUtils.java:logGet(46)) - raft.server.log.purge.upto.snapshot.index = false (default)
2024-07-18 11:33:34,966 [0339cccf-75ab-4f40-8420-baf6c795ced3@group-B21D8660D172-FollowerState] INFO  server.RaftServerConfigKeys (ConfUtils.java:logFallback(53)) - raft.server.rpc.first-election.timeout.min = 5s (fallback to raft.server.rpc.timeout.min)
2024-07-18 11:33:34,966 [0339cccf-75ab-4f40-8420-baf6c795ced3@group-B21D8660D172-FollowerState] INFO  server.RaftServerConfigKeys (ConfUtils.java:logFallback(53)) - raft.server.rpc.first-election.timeout.max = 5200ms (fallback to raft.server.rpc.timeout.max)
2024-07-18 11:33:34,969 [0339cccf-75ab-4f40-8420-baf6c795ced3-PipelineCommandHandlerThread-0] INFO  ratis.XceiverServerRatis (XceiverServerRatis.java:addGroup(849)) - Created group PipelineID=ad1ced21-6f81-4c80-ab1b-b21d8660d172
2024-07-18 11:33:34,977 [grpc-default-executor-1] INFO  server.RaftServer (RaftServerProxy.java:addNew(101)) - df04cc9d-3067-478c-80ae-8f73b6a024a8: addNew group-B21D8660D172:[df04cc9d-3067-478c-80ae-8f73b6a024a8|127.0.0.1:15039, 0d591c3e-1cf4-45a6-8ac8-82f56607a94d|127.0.0.1:15048, 0339cccf-75ab-4f40-8420-baf6c795ced3|127.0.0.1:15030] returns group-B21D8660D172:java.util.concurrent.CompletableFuture@5856204c[Not completed]
2024-07-18 11:33:34,979 [df04cc9d-3067-478c-80ae-8f73b6a024a8-groupManagement] INFO  server.RaftServer$Division (RaftServerImpl.java:<init>(253)) - df04cc9d-3067-478c-80ae-8f73b6a024a8: new RaftServerImpl for group-B21D8660D172:[df04cc9d-3067-478c-80ae-8f73b6a024a8|127.0.0.1:15039, 0d591c3e-1cf4-45a6-8ac8-82f56607a94d|127.0.0.1:15048, 0339cccf-75ab-4f40-8420-baf6c795ced3|127.0.0.1:15030] with ContainerStateMachine:uninitialized
2024-07-18 11:33:34,979 [df04cc9d-3067-478c-80ae-8f73b6a024a8-groupManagement] INFO  server.RaftServerConfigKeys (ConfUtils.java:logGet(46)) - raft.server.rpc.timeout.min = 5s (custom)
2024-07-18 11:33:34,979 [df04cc9d-3067-478c-80ae-8f73b6a024a8-groupManagement] INFO  server.RaftServerConfigKeys (ConfUtils.java:logGet(46)) - raft.server.rpc.timeout.max = 5200ms (custom)
2024-07-18 11:33:34,979 [df04cc9d-3067-478c-80ae-8f73b6a024a8-groupManagement] INFO  server.RaftServerConfigKeys (ConfUtils.java:logGet(46)) - raft.server.rpc.sleep.time = 25ms (default)
2024-07-18 11:33:34,979 [df04cc9d-3067-478c-80ae-8f73b6a024a8-groupManagement] INFO  server.RaftServerConfigKeys (ConfUtils.java:logGet(46)) - raft.server.rpc.slowness.timeout = 300s (custom)
2024-07-18 11:33:34,979 [df04cc9d-3067-478c-80ae-8f73b6a024a8-groupManagement] INFO  server.RaftServerConfigKeys (ConfUtils.java:logGet(46)) - raft.server.leaderelection.leader.step-down.wait-time = 10s (default)
2024-07-18 11:33:34,979 [df04cc9d-3067-478c-80ae-8f73b6a024a8-groupManagement] INFO  server.RaftServerConfigKeys (ConfUtils.java:logGet(46)) - raft.server.leaderelection.member.majority-add = false (default)
2024-07-18 11:33:34,979 [df04cc9d-3067-478c-80ae-8f73b6a024a8-groupManagement] INFO  server.RaftServerConfigKeys (ConfUtils.java:logGet(46)) - raft.server.sleep.deviation.threshold = 300ms (default)
2024-07-18 11:33:34,979 [df04cc9d-3067-478c-80ae-8f73b6a024a8-groupManagement] INFO  server.RaftServer$Division (ServerState.java:<init>(114)) - df04cc9d-3067-478c-80ae-8f73b6a024a8@group-B21D8660D172: ConfigurationManager, init=conf: {index: -1, cur=peers:[df04cc9d-3067-478c-80ae-8f73b6a024a8|127.0.0.1:15039, 0d591c3e-1cf4-45a6-8ac8-82f56607a94d|127.0.0.1:15048, 0339cccf-75ab-4f40-8420-baf6c795ced3|127.0.0.1:15030]|listeners:[], old=null}, confs=<EMPTY_MAP>
2024-07-18 11:33:34,979 [df04cc9d-3067-478c-80ae-8f73b6a024a8-groupManagement] INFO  server.RaftServerConfigKeys (ConfUtils.java:logGet(46)) - raft.server.notification.no-leader.timeout = 300s (custom)
2024-07-18 11:33:34,979 [df04cc9d-3067-478c-80ae-8f73b6a024a8-groupManagement] INFO  server.RaftServerConfigKeys (ConfUtils.java:logGet(46)) - raft.server.read.timeout = 10s (default)
2024-07-18 11:33:34,980 [df04cc9d-3067-478c-80ae-8f73b6a024a8-groupManagement] INFO  server.RaftServerConfigKeys (ConfUtils.java:logGet(46)) - raft.server.retrycache.expirytime = 600000ms (custom)
2024-07-18 11:33:34,980 [df04cc9d-3067-478c-80ae-8f73b6a024a8-groupManagement] INFO  server.RaftServerConfigKeys (ConfUtils.java:logGet(46)) - raft.server.retrycache.statistics.expirytime = 100ms (default)
2024-07-18 11:33:34,980 [df04cc9d-3067-478c-80ae-8f73b6a024a8-groupManagement] INFO  server.RaftServerConfigKeys (ConfUtils.java:logGet(46)) - raft.server.read.option = DEFAULT (default)
2024-07-18 11:33:34,980 [df04cc9d-3067-478c-80ae-8f73b6a024a8-groupManagement] INFO  server.RaftServerConfigKeys (ConfUtils.java:logGet(46)) - raft.server.read.read-after-write-consistent.write-index-cache.expiry-time = 60s (default)
2024-07-18 11:33:34,984 [df04cc9d-3067-478c-80ae-8f73b6a024a8-groupManagement] INFO  server.RaftServerConfigKeys (ConfUtils.java:logGet(46)) - raft.server.rpc.request.timeout = 60s (custom)
2024-07-18 11:33:34,984 [df04cc9d-3067-478c-80ae-8f73b6a024a8-groupManagement] INFO  server.RaftServerConfigKeys (ConfUtils.java:logGet(46)) - raft.server.log.appender.install.snapshot.enabled = false (custom)
2024-07-18 11:33:34,985 [df04cc9d-3067-478c-80ae-8f73b6a024a8-groupManagement] INFO  server.RaftServerConfigKeys (ConfUtils.java:logGet(46)) - raft.server.threadpool.server.cached = true (default)
2024-07-18 11:33:34,985 [df04cc9d-3067-478c-80ae-8f73b6a024a8-groupManagement] INFO  server.RaftServerConfigKeys (ConfUtils.java:logGet(46)) - raft.server.threadpool.server.size = 0 (default)
2024-07-18 11:33:34,985 [df04cc9d-3067-478c-80ae-8f73b6a024a8-groupManagement] INFO  server.RaftServerConfigKeys (ConfUtils.java:logGet(46)) - raft.server.threadpool.client.cached = true (default)
2024-07-18 11:33:34,985 [df04cc9d-3067-478c-80ae-8f73b6a024a8-groupManagement] INFO  server.RaftServerConfigKeys (ConfUtils.java:logGet(46)) - raft.server.threadpool.client.size = 0 (default)
2024-07-18 11:33:34,985 [df04cc9d-3067-478c-80ae-8f73b6a024a8-groupManagement] INFO  server.RaftServerConfigKeys (ConfUtils.java:logGet(46)) - raft.server.storage.free-space.min = 0MB (=0) (default)
2024-07-18 11:33:34,985 [df04cc9d-3067-478c-80ae-8f73b6a024a8-groupManagement] INFO  server.RaftServerConfigKeys (ConfUtils.java:logGet(46)) - raft.server.log.corruption.policy = EXCEPTION (default)
2024-07-18 11:33:34,985 [df04cc9d-3067-478c-80ae-8f73b6a024a8-groupManagement] INFO  server.RaftServerConfigKeys (ConfUtils.java:logGet(46)) - raft.server.storage.dir = [/home/runner/work/ozone/ozone/hadoop-ozone/integration-test/target/test-dir/MiniOzoneClusterImpl-c0b7f50e-f813-4849-95b3-646bdd98e01d/ozone-meta/datanode-2/ratis] (custom)
2024-07-18 11:33:34,986 [df04cc9d-3067-478c-80ae-8f73b6a024a8-groupManagement] INFO  storage.RaftStorageDirectory (RaftStorageDirectoryImpl.java:analyzeStorage(138)) - The storage directory /home/runner/work/ozone/ozone/hadoop-ozone/integration-test/target/test-dir/MiniOzoneClusterImpl-c0b7f50e-f813-4849-95b3-646bdd98e01d/ozone-meta/datanode-2/ratis/ad1ced21-6f81-4c80-ab1b-b21d8660d172 does not exist. Creating ...
2024-07-18 11:33:34,987 [df04cc9d-3067-478c-80ae-8f73b6a024a8-groupManagement] INFO  storage.RaftStorageDirectory (RaftStorageDirectoryImpl.java:tryLock(229)) - Lock on /home/runner/work/ozone/ozone/hadoop-ozone/integration-test/target/test-dir/MiniOzoneClusterImpl-c0b7f50e-f813-4849-95b3-646bdd98e01d/ozone-meta/datanode-2/ratis/ad1ced21-6f81-4c80-ab1b-b21d8660d172/in_use.lock acquired by nodename 107590@fv-az1113-538
2024-07-18 11:33:34,988 [df04cc9d-3067-478c-80ae-8f73b6a024a8-groupManagement] INFO  storage.RaftStorage (RaftStorageImpl.java:format(98)) - Storage directory /home/runner/work/ozone/ozone/hadoop-ozone/integration-test/target/test-dir/MiniOzoneClusterImpl-c0b7f50e-f813-4849-95b3-646bdd98e01d/ozone-meta/datanode-2/ratis/ad1ced21-6f81-4c80-ab1b-b21d8660d172 has been successfully formatted.
2024-07-18 11:33:34,988 [df04cc9d-3067-478c-80ae-8f73b6a024a8-groupManagement] INFO  ratis.ContainerStateMachine (ContainerStateMachine.java:loadSnapshot(287)) - group-B21D8660D172: The snapshot info is null. Setting the last applied index to:(t:0, i:~)
2024-07-18 11:33:34,988 [df04cc9d-3067-478c-80ae-8f73b6a024a8-groupManagement] INFO  server.RaftServerConfigKeys (ConfUtils.java:logGet(46)) - raft.server.log.use.memory = false (default)
2024-07-18 11:33:34,988 [df04cc9d-3067-478c-80ae-8f73b6a024a8-groupManagement] INFO  server.RaftServerConfigKeys (ConfUtils.java:logGet(46)) - raft.server.log.purge.gap = 1000000 (custom)
2024-07-18 11:33:34,989 [df04cc9d-3067-478c-80ae-8f73b6a024a8-groupManagement] INFO  server.RaftServerConfigKeys (ConfUtils.java:logGet(46)) - raft.server.log.appender.buffer.byte-limit = 8388608 (custom)
2024-07-18 11:33:34,989 [df04cc9d-3067-478c-80ae-8f73b6a024a8-groupManagement] INFO  server.RaftServerConfigKeys (ConfUtils.java:logGet(46)) - raft.server.log.statemachine.data.read.timeout = 1000ms (default)
2024-07-18 11:33:34,989 [df04cc9d-3067-478c-80ae-8f73b6a024a8-groupManagement] INFO  server.RaftServerConfigKeys (ConfUtils.java:logGet(46)) - raft.server.log.purge.preservation.log.num = 0 (default)
2024-07-18 11:33:34,992 [df04cc9d-3067-478c-80ae-8f73b6a024a8-groupManagement] INFO  server.RaftServerConfigKeys (ConfUtils.java:logGet(46)) - raft.server.log.segment.size.max = 67108864 (custom)
2024-07-18 11:33:34,992 [df04cc9d-3067-478c-80ae-8f73b6a024a8-groupManagement] INFO  server.RaftServerConfigKeys (ConfUtils.java:logGet(46)) - raft.server.log.segment.cache.num.max = 2 (custom)
2024-07-18 11:33:34,992 [df04cc9d-3067-478c-80ae-8f73b6a024a8-groupManagement] INFO  server.RaftServerConfigKeys (ConfUtils.java:logGet(46)) - raft.server.log.segment.cache.size.max = 200MB (=209715200) (default)
2024-07-18 11:33:34,992 [df04cc9d-3067-478c-80ae-8f73b6a024a8-groupManagement] INFO  server.RaftServerConfigKeys (ConfUtils.java:logGet(46)) - raft.server.log.appender.buffer.byte-limit = 8388608 (custom)
2024-07-18 11:33:34,993 [df04cc9d-3067-478c-80ae-8f73b6a024a8-groupManagement] INFO  util.AwaitToRun (AwaitToRun.java:start(81)) - Thread[df04cc9d-3067-478c-80ae-8f73b6a024a8@group-B21D8660D172-cacheEviction-AwaitToRun,5,main] started
2024-07-18 11:33:34,993 [df04cc9d-3067-478c-80ae-8f73b6a024a8-groupManagement] INFO  segmented.SegmentedRaftLogWorker (SegmentedRaftLogWorker.java:<init>(184)) - new df04cc9d-3067-478c-80ae-8f73b6a024a8@group-B21D8660D172-SegmentedRaftLogWorker for RaftStorageImpl:Storage Directory /home/runner/work/ozone/ozone/hadoop-ozone/integration-test/target/test-dir/MiniOzoneClusterImpl-c0b7f50e-f813-4849-95b3-646bdd98e01d/ozone-meta/datanode-2/ratis/ad1ced21-6f81-4c80-ab1b-b21d8660d172
2024-07-18 11:33:34,993 [df04cc9d-3067-478c-80ae-8f73b6a024a8-groupManagement] INFO  server.RaftServerConfigKeys (ConfUtils.java:logGet(46)) - raft.server.log.queue.byte-limit = 4294967296 (custom)
2024-07-18 11:33:34,993 [df04cc9d-3067-478c-80ae-8f73b6a024a8-groupManagement] INFO  server.RaftServerConfigKeys (ConfUtils.java:logGet(46)) - raft.server.log.queue.element-limit = 1024 (custom)
2024-07-18 11:33:34,993 [df04cc9d-3067-478c-80ae-8f73b6a024a8-groupManagement] INFO  server.RaftServerConfigKeys (ConfUtils.java:logGet(46)) - raft.server.log.segment.size.max = 67108864 (custom)
2024-07-18 11:33:34,993 [df04cc9d-3067-478c-80ae-8f73b6a024a8-groupManagement] INFO  server.RaftServerConfigKeys (ConfUtils.java:logGet(46)) - raft.server.log.preallocated.size = 4194304 (custom)
2024-07-18 11:33:34,993 [df04cc9d-3067-478c-80ae-8f73b6a024a8-groupManagement] INFO  server.RaftServerConfigKeys (ConfUtils.java:logGet(46)) - raft.server.log.force.sync.num = 128 (default)
2024-07-18 11:33:34,993 [df04cc9d-3067-478c-80ae-8f73b6a024a8-groupManagement] INFO  server.RaftServerConfigKeys (ConfUtils.java:logGet(46)) - raft.server.log.statemachine.data.sync = true (default)
2024-07-18 11:33:34,993 [df04cc9d-3067-478c-80ae-8f73b6a024a8-groupManagement] INFO  server.RaftServerConfigKeys (ConfUtils.java:logGet(46)) - raft.server.log.statemachine.data.sync.timeout = 10s (default)
2024-07-18 11:33:34,993 [df04cc9d-3067-478c-80ae-8f73b6a024a8-groupManagement] INFO  server.RaftServerConfigKeys (ConfUtils.java:logGet(46)) - raft.server.log.statemachine.data.sync.timeout.retry = 30 (custom)
2024-07-18 11:33:34,994 [df04cc9d-3067-478c-80ae-8f73b6a024a8-groupManagement] INFO  server.RaftServerConfigKeys (ConfUtils.java:logGet(46)) - raft.server.log.write.buffer.size = 8388616 (custom)
2024-07-18 11:33:34,996 [df04cc9d-3067-478c-80ae-8f73b6a024a8-groupManagement] INFO  server.RaftServerConfigKeys (ConfUtils.java:logGet(46)) - raft.server.log.appender.buffer.byte-limit = 8388608 (custom)
2024-07-18 11:33:34,996 [df04cc9d-3067-478c-80ae-8f73b6a024a8-groupManagement] INFO  server.RaftServerConfigKeys (ConfUtils.java:logGet(46)) - raft.server.log.unsafe-flush.enabled = false (default)
2024-07-18 11:33:34,996 [df04cc9d-3067-478c-80ae-8f73b6a024a8-groupManagement] INFO  server.RaftServerConfigKeys (ConfUtils.java:logGet(46)) - raft.server.log.async-flush.enabled = false (default)
2024-07-18 11:33:34,996 [df04cc9d-3067-478c-80ae-8f73b6a024a8-groupManagement] INFO  server.RaftServerConfigKeys (ConfUtils.java:logGet(46)) - raft.server.log.statemachine.data.caching.enabled = true (custom)
2024-07-18 11:33:34,997 [df04cc9d-3067-478c-80ae-8f73b6a024a8-groupManagement] INFO  segmented.SegmentedRaftLogWorker (SegmentedRaftLogWorker.java:lambda$new$0(135)) - df04cc9d-3067-478c-80ae-8f73b6a024a8@group-B21D8660D172-SegmentedRaftLogWorker: flushIndex: setUnconditionally 0 -> -1
2024-07-18 11:33:34,997 [df04cc9d-3067-478c-80ae-8f73b6a024a8-groupManagement] INFO  segmented.SegmentedRaftLogWorker (SegmentedRaftLogWorker.java:lambda$new$0(135)) - df04cc9d-3067-478c-80ae-8f73b6a024a8@group-B21D8660D172-SegmentedRaftLogWorker: safeCacheEvictIndex: setUnconditionally 0 -> -1
2024-07-18 11:33:34,998 [df04cc9d-3067-478c-80ae-8f73b6a024a8-groupManagement] INFO  server.RaftServer$Division (RaftServerImpl.java:start(389)) - df04cc9d-3067-478c-80ae-8f73b6a024a8@group-B21D8660D172: start as a follower, conf=conf: {index: -1, cur=peers:[df04cc9d-3067-478c-80ae-8f73b6a024a8|127.0.0.1:15039, 0d591c3e-1cf4-45a6-8ac8-82f56607a94d|127.0.0.1:15048, 0339cccf-75ab-4f40-8420-baf6c795ced3|127.0.0.1:15030]|listeners:[], old=null}
2024-07-18 11:33:34,998 [df04cc9d-3067-478c-80ae-8f73b6a024a8-groupManagement] INFO  server.RaftServer$Division (RaftServerImpl.java:setRole(376)) - df04cc9d-3067-478c-80ae-8f73b6a024a8@group-B21D8660D172: changes role from      null to FOLLOWER at term 0 for startAsFollower
2024-07-18 11:33:34,998 [df04cc9d-3067-478c-80ae-8f73b6a024a8-groupManagement] INFO  impl.RoleInfo (RoleInfo.java:updateAndGet(148)) - df04cc9d-3067-478c-80ae-8f73b6a024a8: start df04cc9d-3067-478c-80ae-8f73b6a024a8@group-B21D8660D172-FollowerState
2024-07-18 11:33:34,999 [df04cc9d-3067-478c-80ae-8f73b6a024a8-groupManagement] INFO  util.JmxRegister (JmxRegister.java:tryRegister(44)) - Successfully registered JMX Bean with object name Ratis:service=RaftServer,group=group-B21D8660D172,id=df04cc9d-3067-478c-80ae-8f73b6a024a8
2024-07-18 11:33:34,999 [df04cc9d-3067-478c-80ae-8f73b6a024a8@group-B21D8660D172-FollowerState] INFO  server.RaftServerConfigKeys (ConfUtils.java:logFallback(53)) - raft.server.rpc.first-election.timeout.min = 5s (fallback to raft.server.rpc.timeout.min)
2024-07-18 11:33:34,999 [df04cc9d-3067-478c-80ae-8f73b6a024a8-groupManagement] INFO  util.JmxRegister (JmxRegister.java:register(58)) - register mxBean class org.apache.ratis.server.impl.RaftServerJmxAdapter as Ratis:service=RaftServer,group=group-B21D8660D172,id=df04cc9d-3067-478c-80ae-8f73b6a024a8
2024-07-18 11:33:34,999 [df04cc9d-3067-478c-80ae-8f73b6a024a8@group-B21D8660D172-FollowerState] INFO  server.RaftServerConfigKeys (ConfUtils.java:logFallback(53)) - raft.server.rpc.first-election.timeout.max = 5200ms (fallback to raft.server.rpc.timeout.max)
2024-07-18 11:33:34,999 [df04cc9d-3067-478c-80ae-8f73b6a024a8-groupManagement] INFO  server.RaftServerConfigKeys (ConfUtils.java:logGet(46)) - raft.server.snapshot.trigger-when-stop.enabled = true (default)
2024-07-18 11:33:34,999 [df04cc9d-3067-478c-80ae-8f73b6a024a8-groupManagement] INFO  server.RaftServerConfigKeys (ConfUtils.java:logGet(46)) - raft.server.snapshot.trigger-when-remove.enabled = true (default)
2024-07-18 11:33:34,999 [df04cc9d-3067-478c-80ae-8f73b6a024a8-groupManagement] INFO  server.RaftServerConfigKeys (ConfUtils.java:logGet(46)) - raft.server.snapshot.auto.trigger.enabled = true (custom)
2024-07-18 11:33:34,999 [df04cc9d-3067-478c-80ae-8f73b6a024a8-groupManagement] INFO  server.RaftServerConfigKeys (ConfUtils.java:logGet(46)) - raft.server.snapshot.auto.trigger.threshold = 10000 (custom)
2024-07-18 11:33:34,999 [df04cc9d-3067-478c-80ae-8f73b6a024a8-groupManagement] INFO  server.RaftServerConfigKeys (ConfUtils.java:logGet(46)) - raft.server.snapshot.retention.file.num = 5 (custom)
2024-07-18 11:33:34,999 [df04cc9d-3067-478c-80ae-8f73b6a024a8-groupManagement] INFO  server.RaftServerConfigKeys (ConfUtils.java:logGet(46)) - raft.server.log.purge.upto.snapshot.index = false (default)
2024-07-18 11:33:35,016 [grpc-default-executor-1] INFO  server.RaftServer (RaftServerProxy.java:addNew(101)) - 0d591c3e-1cf4-45a6-8ac8-82f56607a94d: addNew group-B21D8660D172:[df04cc9d-3067-478c-80ae-8f73b6a024a8|127.0.0.1:15039, 0d591c3e-1cf4-45a6-8ac8-82f56607a94d|127.0.0.1:15048, 0339cccf-75ab-4f40-8420-baf6c795ced3|127.0.0.1:15030] returns group-B21D8660D172:java.util.concurrent.CompletableFuture@460b033f[Not completed]
2024-07-18 11:33:35,017 [0d591c3e-1cf4-45a6-8ac8-82f56607a94d-groupManagement] INFO  server.RaftServer$Division (RaftServerImpl.java:<init>(253)) - 0d591c3e-1cf4-45a6-8ac8-82f56607a94d: new RaftServerImpl for group-B21D8660D172:[df04cc9d-3067-478c-80ae-8f73b6a024a8|127.0.0.1:15039, 0d591c3e-1cf4-45a6-8ac8-82f56607a94d|127.0.0.1:15048, 0339cccf-75ab-4f40-8420-baf6c795ced3|127.0.0.1:15030] with ContainerStateMachine:uninitialized
2024-07-18 11:33:35,017 [0d591c3e-1cf4-45a6-8ac8-82f56607a94d-groupManagement] INFO  server.RaftServerConfigKeys (ConfUtils.java:logGet(46)) - raft.server.rpc.timeout.min = 5s (custom)
2024-07-18 11:33:35,017 [0d591c3e-1cf4-45a6-8ac8-82f56607a94d-groupManagement] INFO  server.RaftServerConfigKeys (ConfUtils.java:logGet(46)) - raft.server.rpc.timeout.max = 5200ms (custom)
2024-07-18 11:33:35,017 [0d591c3e-1cf4-45a6-8ac8-82f56607a94d-groupManagement] INFO  server.RaftServerConfigKeys (ConfUtils.java:logGet(46)) - raft.server.rpc.sleep.time = 25ms (default)
2024-07-18 11:33:35,017 [0d591c3e-1cf4-45a6-8ac8-82f56607a94d-groupManagement] INFO  server.RaftServerConfigKeys (ConfUtils.java:logGet(46)) - raft.server.rpc.slowness.timeout = 300s (custom)
2024-07-18 11:33:35,017 [0d591c3e-1cf4-45a6-8ac8-82f56607a94d-groupManagement] INFO  server.RaftServerConfigKeys (ConfUtils.java:logGet(46)) - raft.server.leaderelection.leader.step-down.wait-time = 10s (default)
2024-07-18 11:33:35,018 [0d591c3e-1cf4-45a6-8ac8-82f56607a94d-groupManagement] INFO  server.RaftServerConfigKeys (ConfUtils.java:logGet(46)) - raft.server.leaderelection.member.majority-add = false (default)
2024-07-18 11:33:35,018 [0d591c3e-1cf4-45a6-8ac8-82f56607a94d-groupManagement] INFO  server.RaftServerConfigKeys (ConfUtils.java:logGet(46)) - raft.server.sleep.deviation.threshold = 300ms (default)
2024-07-18 11:33:35,018 [0d591c3e-1cf4-45a6-8ac8-82f56607a94d-groupManagement] INFO  server.RaftServer$Division (ServerState.java:<init>(114)) - 0d591c3e-1cf4-45a6-8ac8-82f56607a94d@group-B21D8660D172: ConfigurationManager, init=conf: {index: -1, cur=peers:[df04cc9d-3067-478c-80ae-8f73b6a024a8|127.0.0.1:15039, 0d591c3e-1cf4-45a6-8ac8-82f56607a94d|127.0.0.1:15048, 0339cccf-75ab-4f40-8420-baf6c795ced3|127.0.0.1:15030]|listeners:[], old=null}, confs=<EMPTY_MAP>
2024-07-18 11:33:35,018 [0d591c3e-1cf4-45a6-8ac8-82f56607a94d-groupManagement] INFO  server.RaftServerConfigKeys (ConfUtils.java:logGet(46)) - raft.server.notification.no-leader.timeout = 300s (custom)
2024-07-18 11:33:35,018 [0d591c3e-1cf4-45a6-8ac8-82f56607a94d-groupManagement] INFO  server.RaftServerConfigKeys (ConfUtils.java:logGet(46)) - raft.server.read.timeout = 10s (default)
2024-07-18 11:33:35,018 [0d591c3e-1cf4-45a6-8ac8-82f56607a94d-groupManagement] INFO  server.RaftServerConfigKeys (ConfUtils.java:logGet(46)) - raft.server.retrycache.expirytime = 600000ms (custom)
2024-07-18 11:33:35,018 [0d591c3e-1cf4-45a6-8ac8-82f56607a94d-groupManagement] INFO  server.RaftServerConfigKeys (ConfUtils.java:logGet(46)) - raft.server.retrycache.statistics.expirytime = 100ms (default)
2024-07-18 11:33:35,018 [0d591c3e-1cf4-45a6-8ac8-82f56607a94d-groupManagement] INFO  server.RaftServerConfigKeys (ConfUtils.java:logGet(46)) - raft.server.read.option = DEFAULT (default)
2024-07-18 11:33:35,018 [0d591c3e-1cf4-45a6-8ac8-82f56607a94d-groupManagement] INFO  server.RaftServerConfigKeys (ConfUtils.java:logGet(46)) - raft.server.read.read-after-write-consistent.write-index-cache.expiry-time = 60s (default)
2024-07-18 11:33:35,023 [0d591c3e-1cf4-45a6-8ac8-82f56607a94d-groupManagement] INFO  server.RaftServerConfigKeys (ConfUtils.java:logGet(46)) - raft.server.rpc.request.timeout = 60s (custom)
2024-07-18 11:33:35,023 [0d591c3e-1cf4-45a6-8ac8-82f56607a94d-groupManagement] INFO  server.RaftServerConfigKeys (ConfUtils.java:logGet(46)) - raft.server.log.appender.install.snapshot.enabled = false (custom)
2024-07-18 11:33:35,023 [0d591c3e-1cf4-45a6-8ac8-82f56607a94d-groupManagement] INFO  server.RaftServerConfigKeys (ConfUtils.java:logGet(46)) - raft.server.threadpool.server.cached = true (default)
2024-07-18 11:33:35,023 [0d591c3e-1cf4-45a6-8ac8-82f56607a94d-groupManagement] INFO  server.RaftServerConfigKeys (ConfUtils.java:logGet(46)) - raft.server.threadpool.server.size = 0 (default)
2024-07-18 11:33:35,023 [0d591c3e-1cf4-45a6-8ac8-82f56607a94d-groupManagement] INFO  server.RaftServerConfigKeys (ConfUtils.java:logGet(46)) - raft.server.threadpool.client.cached = true (default)
2024-07-18 11:33:35,023 [0d591c3e-1cf4-45a6-8ac8-82f56607a94d-groupManagement] INFO  server.RaftServerConfigKeys (ConfUtils.java:logGet(46)) - raft.server.threadpool.client.size = 0 (default)
2024-07-18 11:33:35,024 [0d591c3e-1cf4-45a6-8ac8-82f56607a94d-groupManagement] INFO  server.RaftServerConfigKeys (ConfUtils.java:logGet(46)) - raft.server.storage.free-space.min = 0MB (=0) (default)
2024-07-18 11:33:35,024 [0d591c3e-1cf4-45a6-8ac8-82f56607a94d-groupManagement] INFO  server.RaftServerConfigKeys (ConfUtils.java:logGet(46)) - raft.server.log.corruption.policy = EXCEPTION (default)
2024-07-18 11:33:35,024 [0d591c3e-1cf4-45a6-8ac8-82f56607a94d-groupManagement] INFO  server.RaftServerConfigKeys (ConfUtils.java:logGet(46)) - raft.server.storage.dir = [/home/runner/work/ozone/ozone/hadoop-ozone/integration-test/target/test-dir/MiniOzoneClusterImpl-c0b7f50e-f813-4849-95b3-646bdd98e01d/ozone-meta/datanode-3/ratis] (custom)
2024-07-18 11:33:35,024 [0d591c3e-1cf4-45a6-8ac8-82f56607a94d-groupManagement] INFO  storage.RaftStorageDirectory (RaftStorageDirectoryImpl.java:analyzeStorage(138)) - The storage directory /home/runner/work/ozone/ozone/hadoop-ozone/integration-test/target/test-dir/MiniOzoneClusterImpl-c0b7f50e-f813-4849-95b3-646bdd98e01d/ozone-meta/datanode-3/ratis/ad1ced21-6f81-4c80-ab1b-b21d8660d172 does not exist. Creating ...
2024-07-18 11:33:35,026 [0d591c3e-1cf4-45a6-8ac8-82f56607a94d-groupManagement] INFO  storage.RaftStorageDirectory (RaftStorageDirectoryImpl.java:tryLock(229)) - Lock on /home/runner/work/ozone/ozone/hadoop-ozone/integration-test/target/test-dir/MiniOzoneClusterImpl-c0b7f50e-f813-4849-95b3-646bdd98e01d/ozone-meta/datanode-3/ratis/ad1ced21-6f81-4c80-ab1b-b21d8660d172/in_use.lock acquired by nodename 107590@fv-az1113-538
2024-07-18 11:33:35,028 [0d591c3e-1cf4-45a6-8ac8-82f56607a94d-groupManagement] INFO  storage.RaftStorage (RaftStorageImpl.java:format(98)) - Storage directory /home/runner/work/ozone/ozone/hadoop-ozone/integration-test/target/test-dir/MiniOzoneClusterImpl-c0b7f50e-f813-4849-95b3-646bdd98e01d/ozone-meta/datanode-3/ratis/ad1ced21-6f81-4c80-ab1b-b21d8660d172 has been successfully formatted.
2024-07-18 11:33:35,029 [0d591c3e-1cf4-45a6-8ac8-82f56607a94d-groupManagement] INFO  ratis.ContainerStateMachine (ContainerStateMachine.java:loadSnapshot(287)) - group-B21D8660D172: The snapshot info is null. Setting the last applied index to:(t:0, i:~)
2024-07-18 11:33:35,029 [0d591c3e-1cf4-45a6-8ac8-82f56607a94d-groupManagement] INFO  server.RaftServerConfigKeys (ConfUtils.java:logGet(46)) - raft.server.log.use.memory = false (default)
2024-07-18 11:33:35,030 [0d591c3e-1cf4-45a6-8ac8-82f56607a94d-groupManagement] INFO  server.RaftServerConfigKeys (ConfUtils.java:logGet(46)) - raft.server.log.purge.gap = 1000000 (custom)
2024-07-18 11:33:35,030 [0d591c3e-1cf4-45a6-8ac8-82f56607a94d-groupManagement] INFO  server.RaftServerConfigKeys (ConfUtils.java:logGet(46)) - raft.server.log.appender.buffer.byte-limit = 8388608 (custom)
2024-07-18 11:33:35,031 [0d591c3e-1cf4-45a6-8ac8-82f56607a94d-groupManagement] INFO  server.RaftServerConfigKeys (ConfUtils.java:logGet(46)) - raft.server.log.statemachine.data.read.timeout = 1000ms (default)
2024-07-18 11:33:35,031 [0d591c3e-1cf4-45a6-8ac8-82f56607a94d-groupManagement] INFO  server.RaftServerConfigKeys (ConfUtils.java:logGet(46)) - raft.server.log.purge.preservation.log.num = 0 (default)
2024-07-18 11:33:35,034 [0d591c3e-1cf4-45a6-8ac8-82f56607a94d-groupManagement] INFO  server.RaftServerConfigKeys (ConfUtils.java:logGet(46)) - raft.server.log.segment.size.max = 67108864 (custom)
2024-07-18 11:33:35,035 [0d591c3e-1cf4-45a6-8ac8-82f56607a94d-groupManagement] INFO  server.RaftServerConfigKeys (ConfUtils.java:logGet(46)) - raft.server.log.segment.cache.num.max = 2 (custom)
2024-07-18 11:33:35,036 [0d591c3e-1cf4-45a6-8ac8-82f56607a94d-groupManagement] INFO  server.RaftServerConfigKeys (ConfUtils.java:logGet(46)) - raft.server.log.segment.cache.size.max = 200MB (=209715200) (default)
2024-07-18 11:33:35,036 [0d591c3e-1cf4-45a6-8ac8-82f56607a94d-groupManagement] INFO  server.RaftServerConfigKeys (ConfUtils.java:logGet(46)) - raft.server.log.appender.buffer.byte-limit = 8388608 (custom)
2024-07-18 11:33:35,037 [0d591c3e-1cf4-45a6-8ac8-82f56607a94d-groupManagement] INFO  util.AwaitToRun (AwaitToRun.java:start(81)) - Thread[0d591c3e-1cf4-45a6-8ac8-82f56607a94d@group-B21D8660D172-cacheEviction-AwaitToRun,5,main] started
2024-07-18 11:33:35,037 [0d591c3e-1cf4-45a6-8ac8-82f56607a94d-groupManagement] INFO  segmented.SegmentedRaftLogWorker (SegmentedRaftLogWorker.java:<init>(184)) - new 0d591c3e-1cf4-45a6-8ac8-82f56607a94d@group-B21D8660D172-SegmentedRaftLogWorker for RaftStorageImpl:Storage Directory /home/runner/work/ozone/ozone/hadoop-ozone/integration-test/target/test-dir/MiniOzoneClusterImpl-c0b7f50e-f813-4849-95b3-646bdd98e01d/ozone-meta/datanode-3/ratis/ad1ced21-6f81-4c80-ab1b-b21d8660d172
2024-07-18 11:33:35,038 [0d591c3e-1cf4-45a6-8ac8-82f56607a94d-groupManagement] INFO  server.RaftServerConfigKeys (ConfUtils.java:logGet(46)) - raft.server.log.queue.byte-limit = 4294967296 (custom)
2024-07-18 11:33:35,038 [0d591c3e-1cf4-45a6-8ac8-82f56607a94d-groupManagement] INFO  server.RaftServerConfigKeys (ConfUtils.java:logGet(46)) - raft.server.log.queue.element-limit = 1024 (custom)
2024-07-18 11:33:35,039 [0d591c3e-1cf4-45a6-8ac8-82f56607a94d-groupManagement] INFO  server.RaftServerConfigKeys (ConfUtils.java:logGet(46)) - raft.server.log.segment.size.max = 67108864 (custom)
2024-07-18 11:33:35,039 [0d591c3e-1cf4-45a6-8ac8-82f56607a94d-groupManagement] INFO  server.RaftServerConfigKeys (ConfUtils.java:logGet(46)) - raft.server.log.preallocated.size = 4194304 (custom)
2024-07-18 11:33:35,039 [0d591c3e-1cf4-45a6-8ac8-82f56607a94d-groupManagement] INFO  server.RaftServerConfigKeys (ConfUtils.java:logGet(46)) - raft.server.log.force.sync.num = 128 (default)
2024-07-18 11:33:35,040 [0d591c3e-1cf4-45a6-8ac8-82f56607a94d-groupManagement] INFO  server.RaftServerConfigKeys (ConfUtils.java:logGet(46)) - raft.server.log.statemachine.data.sync = true (default)
2024-07-18 11:33:35,040 [0d591c3e-1cf4-45a6-8ac8-82f56607a94d-groupManagement] INFO  server.RaftServerConfigKeys (ConfUtils.java:logGet(46)) - raft.server.log.statemachine.data.sync.timeout = 10s (default)
2024-07-18 11:33:35,041 [0d591c3e-1cf4-45a6-8ac8-82f56607a94d-groupManagement] INFO  server.RaftServerConfigKeys (ConfUtils.java:logGet(46)) - raft.server.log.statemachine.data.sync.timeout.retry = 30 (custom)
2024-07-18 11:33:35,041 [0d591c3e-1cf4-45a6-8ac8-82f56607a94d-groupManagement] INFO  server.RaftServerConfigKeys (ConfUtils.java:logGet(46)) - raft.server.log.write.buffer.size = 8388616 (custom)
2024-07-18 11:33:35,044 [0d591c3e-1cf4-45a6-8ac8-82f56607a94d-groupManagement] INFO  server.RaftServerConfigKeys (ConfUtils.java:logGet(46)) - raft.server.log.appender.buffer.byte-limit = 8388608 (custom)
2024-07-18 11:33:35,045 [0d591c3e-1cf4-45a6-8ac8-82f56607a94d-groupManagement] INFO  server.RaftServerConfigKeys (ConfUtils.java:logGet(46)) - raft.server.log.unsafe-flush.enabled = false (default)
2024-07-18 11:33:35,045 [0d591c3e-1cf4-45a6-8ac8-82f56607a94d-groupManagement] INFO  server.RaftServerConfigKeys (ConfUtils.java:logGet(46)) - raft.server.log.async-flush.enabled = false (default)
2024-07-18 11:33:35,046 [0d591c3e-1cf4-45a6-8ac8-82f56607a94d-groupManagement] INFO  server.RaftServerConfigKeys (ConfUtils.java:logGet(46)) - raft.server.log.statemachine.data.caching.enabled = true (custom)
2024-07-18 11:33:35,046 [0d591c3e-1cf4-45a6-8ac8-82f56607a94d-groupManagement] INFO  segmented.SegmentedRaftLogWorker (SegmentedRaftLogWorker.java:lambda$new$0(135)) - 0d591c3e-1cf4-45a6-8ac8-82f56607a94d@group-B21D8660D172-SegmentedRaftLogWorker: flushIndex: setUnconditionally 0 -> -1
2024-07-18 11:33:35,047 [0d591c3e-1cf4-45a6-8ac8-82f56607a94d-groupManagement] INFO  segmented.SegmentedRaftLogWorker (SegmentedRaftLogWorker.java:lambda$new$0(135)) - 0d591c3e-1cf4-45a6-8ac8-82f56607a94d@group-B21D8660D172-SegmentedRaftLogWorker: safeCacheEvictIndex: setUnconditionally 0 -> -1
2024-07-18 11:33:35,047 [0d591c3e-1cf4-45a6-8ac8-82f56607a94d-groupManagement] INFO  server.RaftServer$Division (RaftServerImpl.java:start(389)) - 0d591c3e-1cf4-45a6-8ac8-82f56607a94d@group-B21D8660D172: start as a follower, conf=conf: {index: -1, cur=peers:[df04cc9d-3067-478c-80ae-8f73b6a024a8|127.0.0.1:15039, 0d591c3e-1cf4-45a6-8ac8-82f56607a94d|127.0.0.1:15048, 0339cccf-75ab-4f40-8420-baf6c795ced3|127.0.0.1:15030]|listeners:[], old=null}
2024-07-18 11:33:35,048 [0d591c3e-1cf4-45a6-8ac8-82f56607a94d-groupManagement] INFO  server.RaftServer$Division (RaftServerImpl.java:setRole(376)) - 0d591c3e-1cf4-45a6-8ac8-82f56607a94d@group-B21D8660D172: changes role from      null to FOLLOWER at term 0 for startAsFollower
2024-07-18 11:33:35,048 [0d591c3e-1cf4-45a6-8ac8-82f56607a94d-groupManagement] INFO  impl.RoleInfo (RoleInfo.java:updateAndGet(148)) - 0d591c3e-1cf4-45a6-8ac8-82f56607a94d: start 0d591c3e-1cf4-45a6-8ac8-82f56607a94d@group-B21D8660D172-FollowerState
2024-07-18 11:33:35,049 [0d591c3e-1cf4-45a6-8ac8-82f56607a94d@group-B21D8660D172-FollowerState] INFO  server.RaftServerConfigKeys (ConfUtils.java:logFallback(53)) - raft.server.rpc.first-election.timeout.min = 5s (fallback to raft.server.rpc.timeout.min)
2024-07-18 11:33:35,049 [0d591c3e-1cf4-45a6-8ac8-82f56607a94d@group-B21D8660D172-FollowerState] INFO  server.RaftServerConfigKeys (ConfUtils.java:logFallback(53)) - raft.server.rpc.first-election.timeout.max = 5200ms (fallback to raft.server.rpc.timeout.max)
2024-07-18 11:33:35,049 [0d591c3e-1cf4-45a6-8ac8-82f56607a94d-groupManagement] INFO  util.JmxRegister (JmxRegister.java:tryRegister(44)) - Successfully registered JMX Bean with object name Ratis:service=RaftServer,group=group-B21D8660D172,id=0d591c3e-1cf4-45a6-8ac8-82f56607a94d
2024-07-18 11:33:35,050 [df04cc9d-3067-478c-80ae-8f73b6a024a8-PipelineCommandHandlerThread-0] INFO  server.RaftServer (RaftServerProxy.java:addNew(101)) - df04cc9d-3067-478c-80ae-8f73b6a024a8: addNew group-24D321077FFF:[df04cc9d-3067-478c-80ae-8f73b6a024a8|127.0.0.1:15039] returns group-24D321077FFF:java.util.concurrent.CompletableFuture@4db7e42e[Not completed]
2024-07-18 11:33:35,050 [0d591c3e-1cf4-45a6-8ac8-82f56607a94d-groupManagement] INFO  util.JmxRegister (JmxRegister.java:register(58)) - register mxBean class org.apache.ratis.server.impl.RaftServerJmxAdapter as Ratis:service=RaftServer,group=group-B21D8660D172,id=0d591c3e-1cf4-45a6-8ac8-82f56607a94d
2024-07-18 11:33:35,051 [df04cc9d-3067-478c-80ae-8f73b6a024a8-groupManagement] INFO  server.RaftServer$Division (RaftServerImpl.java:<init>(253)) - df04cc9d-3067-478c-80ae-8f73b6a024a8: new RaftServerImpl for group-24D321077FFF:[df04cc9d-3067-478c-80ae-8f73b6a024a8|127.0.0.1:15039] with ContainerStateMachine:uninitialized
2024-07-18 11:33:35,051 [df04cc9d-3067-478c-80ae-8f73b6a024a8-groupManagement] INFO  server.RaftServerConfigKeys (ConfUtils.java:logGet(46)) - raft.server.rpc.timeout.min = 5s (custom)
2024-07-18 11:33:35,051 [df04cc9d-3067-478c-80ae-8f73b6a024a8-groupManagement] INFO  server.RaftServerConfigKeys (ConfUtils.java:logGet(46)) - raft.server.rpc.timeout.max = 5200ms (custom)
2024-07-18 11:33:35,051 [df04cc9d-3067-478c-80ae-8f73b6a024a8-groupManagement] INFO  server.RaftServerConfigKeys (ConfUtils.java:logGet(46)) - raft.server.rpc.sleep.time = 25ms (default)
2024-07-18 11:33:35,051 [df04cc9d-3067-478c-80ae-8f73b6a024a8-groupManagement] INFO  server.RaftServerConfigKeys (ConfUtils.java:logGet(46)) - raft.server.rpc.slowness.timeout = 300s (custom)
2024-07-18 11:33:35,052 [df04cc9d-3067-478c-80ae-8f73b6a024a8-groupManagement] INFO  server.RaftServerConfigKeys (ConfUtils.java:logGet(46)) - raft.server.leaderelection.leader.step-down.wait-time = 10s (default)
2024-07-18 11:33:35,052 [df04cc9d-3067-478c-80ae-8f73b6a024a8-groupManagement] INFO  server.RaftServerConfigKeys (ConfUtils.java:logGet(46)) - raft.server.leaderelection.member.majority-add = false (default)
2024-07-18 11:33:35,052 [df04cc9d-3067-478c-80ae-8f73b6a024a8-groupManagement] INFO  server.RaftServerConfigKeys (ConfUtils.java:logGet(46)) - raft.server.sleep.deviation.threshold = 300ms (default)
2024-07-18 11:33:35,052 [df04cc9d-3067-478c-80ae-8f73b6a024a8-groupManagement] INFO  server.RaftServer$Division (ServerState.java:<init>(114)) - df04cc9d-3067-478c-80ae-8f73b6a024a8@group-24D321077FFF: ConfigurationManager, init=conf: {index: -1, cur=peers:[df04cc9d-3067-478c-80ae-8f73b6a024a8|127.0.0.1:15039]|listeners:[], old=null}, confs=<EMPTY_MAP>
2024-07-18 11:33:35,052 [df04cc9d-3067-478c-80ae-8f73b6a024a8-groupManagement] INFO  server.RaftServerConfigKeys (ConfUtils.java:logGet(46)) - raft.server.notification.no-leader.timeout = 300s (custom)
2024-07-18 11:33:35,052 [df04cc9d-3067-478c-80ae-8f73b6a024a8-groupManagement] INFO  server.RaftServerConfigKeys (ConfUtils.java:logGet(46)) - raft.server.read.timeout = 10s (default)
2024-07-18 11:33:35,052 [df04cc9d-3067-478c-80ae-8f73b6a024a8-groupManagement] INFO  server.RaftServerConfigKeys (ConfUtils.java:logGet(46)) - raft.server.retrycache.expirytime = 600000ms (custom)
2024-07-18 11:33:35,052 [0d591c3e-1cf4-45a6-8ac8-82f56607a94d-groupManagement] INFO  server.RaftServerConfigKeys (ConfUtils.java:logGet(46)) - raft.server.snapshot.trigger-when-stop.enabled = true (default)
2024-07-18 11:33:35,052 [0d591c3e-1cf4-45a6-8ac8-82f56607a94d-groupManagement] INFO  server.RaftServerConfigKeys (ConfUtils.java:logGet(46)) - raft.server.snapshot.trigger-when-remove.enabled = true (default)
2024-07-18 11:33:35,052 [df04cc9d-3067-478c-80ae-8f73b6a024a8-groupManagement] INFO  server.RaftServerConfigKeys (ConfUtils.java:logGet(46)) - raft.server.retrycache.statistics.expirytime = 100ms (default)
2024-07-18 11:33:35,052 [0d591c3e-1cf4-45a6-8ac8-82f56607a94d-groupManagement] INFO  server.RaftServerConfigKeys (ConfUtils.java:logGet(46)) - raft.server.snapshot.auto.trigger.enabled = true (custom)
2024-07-18 11:33:35,052 [0d591c3e-1cf4-45a6-8ac8-82f56607a94d-groupManagement] INFO  server.RaftServerConfigKeys (ConfUtils.java:logGet(46)) - raft.server.snapshot.auto.trigger.threshold = 10000 (custom)
2024-07-18 11:33:35,052 [0d591c3e-1cf4-45a6-8ac8-82f56607a94d-groupManagement] INFO  server.RaftServerConfigKeys (ConfUtils.java:logGet(46)) - raft.server.snapshot.retention.file.num = 5 (custom)
2024-07-18 11:33:35,052 [0d591c3e-1cf4-45a6-8ac8-82f56607a94d-groupManagement] INFO  server.RaftServerConfigKeys (ConfUtils.java:logGet(46)) - raft.server.log.purge.upto.snapshot.index = false (default)
2024-07-18 11:33:35,053 [df04cc9d-3067-478c-80ae-8f73b6a024a8-groupManagement] INFO  server.RaftServerConfigKeys (ConfUtils.java:logGet(46)) - raft.server.read.option = DEFAULT (default)
2024-07-18 11:33:35,053 [df04cc9d-3067-478c-80ae-8f73b6a024a8-groupManagement] INFO  server.RaftServerConfigKeys (ConfUtils.java:logGet(46)) - raft.server.read.read-after-write-consistent.write-index-cache.expiry-time = 60s (default)
2024-07-18 11:33:35,062 [df04cc9d-3067-478c-80ae-8f73b6a024a8-groupManagement] INFO  server.RaftServerConfigKeys (ConfUtils.java:logGet(46)) - raft.server.rpc.request.timeout = 60s (custom)
2024-07-18 11:33:35,063 [df04cc9d-3067-478c-80ae-8f73b6a024a8-groupManagement] INFO  server.RaftServerConfigKeys (ConfUtils.java:logGet(46)) - raft.server.log.appender.install.snapshot.enabled = false (custom)
2024-07-18 11:33:35,063 [df04cc9d-3067-478c-80ae-8f73b6a024a8-groupManagement] INFO  server.RaftServerConfigKeys (ConfUtils.java:logGet(46)) - raft.server.threadpool.server.cached = true (default)
2024-07-18 11:33:35,063 [df04cc9d-3067-478c-80ae-8f73b6a024a8-groupManagement] INFO  server.RaftServerConfigKeys (ConfUtils.java:logGet(46)) - raft.server.threadpool.server.size = 0 (default)
2024-07-18 11:33:35,063 [df04cc9d-3067-478c-80ae-8f73b6a024a8-groupManagement] INFO  server.RaftServerConfigKeys (ConfUtils.java:logGet(46)) - raft.server.threadpool.client.cached = true (default)
2024-07-18 11:33:35,063 [df04cc9d-3067-478c-80ae-8f73b6a024a8-groupManagement] INFO  server.RaftServerConfigKeys (ConfUtils.java:logGet(46)) - raft.server.threadpool.client.size = 0 (default)
2024-07-18 11:33:35,064 [df04cc9d-3067-478c-80ae-8f73b6a024a8-groupManagement] INFO  server.RaftServerConfigKeys (ConfUtils.java:logGet(46)) - raft.server.storage.free-space.min = 0MB (=0) (default)
2024-07-18 11:33:35,064 [df04cc9d-3067-478c-80ae-8f73b6a024a8-groupManagement] INFO  server.RaftServerConfigKeys (ConfUtils.java:logGet(46)) - raft.server.log.corruption.policy = EXCEPTION (default)
2024-07-18 11:33:35,064 [df04cc9d-3067-478c-80ae-8f73b6a024a8-groupManagement] INFO  server.RaftServerConfigKeys (ConfUtils.java:logGet(46)) - raft.server.storage.dir = [/home/runner/work/ozone/ozone/hadoop-ozone/integration-test/target/test-dir/MiniOzoneClusterImpl-c0b7f50e-f813-4849-95b3-646bdd98e01d/ozone-meta/datanode-2/ratis] (custom)
2024-07-18 11:33:35,064 [df04cc9d-3067-478c-80ae-8f73b6a024a8-groupManagement] INFO  storage.RaftStorageDirectory (RaftStorageDirectoryImpl.java:analyzeStorage(138)) - The storage directory /home/runner/work/ozone/ozone/hadoop-ozone/integration-test/target/test-dir/MiniOzoneClusterImpl-c0b7f50e-f813-4849-95b3-646bdd98e01d/ozone-meta/datanode-2/ratis/fdcaa597-ead9-4aa4-bc30-24d321077fff does not exist. Creating ...
2024-07-18 11:33:35,065 [df04cc9d-3067-478c-80ae-8f73b6a024a8-groupManagement] INFO  storage.RaftStorageDirectory (RaftStorageDirectoryImpl.java:tryLock(229)) - Lock on /home/runner/work/ozone/ozone/hadoop-ozone/integration-test/target/test-dir/MiniOzoneClusterImpl-c0b7f50e-f813-4849-95b3-646bdd98e01d/ozone-meta/datanode-2/ratis/fdcaa597-ead9-4aa4-bc30-24d321077fff/in_use.lock acquired by nodename 107590@fv-az1113-538
2024-07-18 11:33:35,066 [df04cc9d-3067-478c-80ae-8f73b6a024a8-groupManagement] INFO  storage.RaftStorage (RaftStorageImpl.java:format(98)) - Storage directory /home/runner/work/ozone/ozone/hadoop-ozone/integration-test/target/test-dir/MiniOzoneClusterImpl-c0b7f50e-f813-4849-95b3-646bdd98e01d/ozone-meta/datanode-2/ratis/fdcaa597-ead9-4aa4-bc30-24d321077fff has been successfully formatted.
2024-07-18 11:33:35,068 [0339cccf-75ab-4f40-8420-baf6c795ced3-PipelineCommandHandlerThread-0] INFO  commandhandler.CreatePipelineCommandHandler (CreatePipelineCommandHandler.java:lambda$handle$2(124)) - Created Pipeline RATIS THREE PipelineID=ad1ced21-6f81-4c80-ab1b-b21d8660d172.
2024-07-18 11:33:35,070 [df04cc9d-3067-478c-80ae-8f73b6a024a8-groupManagement] INFO  ratis.ContainerStateMachine (ContainerStateMachine.java:loadSnapshot(287)) - group-24D321077FFF: The snapshot info is null. Setting the last applied index to:(t:0, i:~)
2024-07-18 11:33:35,071 [c23094e4-493d-4fea-9f0c-470ffa683120@group-646BDD98E01D-StateMachineUpdater] INFO  safemode.HealthyPipelineSafeModeRule (HealthyPipelineSafeModeRule.java:initializeRule(172)) - Refreshed total pipeline count is 0, healthy pipeline threshold count is 1
2024-07-18 11:33:35,074 [df04cc9d-3067-478c-80ae-8f73b6a024a8-groupManagement] INFO  server.RaftServerConfigKeys (ConfUtils.java:logGet(46)) - raft.server.log.use.memory = false (default)
2024-07-18 11:33:35,075 [scmNode-1-EventQueue-PipelineReportForPipelineReportHandler] INFO  pipeline.PipelineReportHandler (PipelineReportHandler.java:processPipelineReport(136)) - Opened pipeline PipelineID=fdcaa597-ead9-4aa4-bc30-24d321077fff
2024-07-18 11:33:35,076 [scmNode-1-EventQueue-OpenPipelineForHealthyPipelineSafeModeRule] INFO  safemode.SCMSafeModeManager (HealthyPipelineSafeModeRule.java:process(140)) - SCM in safe mode. Healthy pipelines reported count is 0, required healthy pipeline reported count is 1
2024-07-18 11:33:35,076 [df04cc9d-3067-478c-80ae-8f73b6a024a8-groupManagement] INFO  server.RaftServerConfigKeys (ConfUtils.java:logGet(46)) - raft.server.log.purge.gap = 1000000 (custom)
2024-07-18 11:33:35,076 [df04cc9d-3067-478c-80ae-8f73b6a024a8-groupManagement] INFO  server.RaftServerConfigKeys (ConfUtils.java:logGet(46)) - raft.server.log.appender.buffer.byte-limit = 8388608 (custom)
2024-07-18 11:33:35,076 [df04cc9d-3067-478c-80ae-8f73b6a024a8-groupManagement] INFO  server.RaftServerConfigKeys (ConfUtils.java:logGet(46)) - raft.server.log.statemachine.data.read.timeout = 1000ms (default)
2024-07-18 11:33:35,077 [df04cc9d-3067-478c-80ae-8f73b6a024a8-groupManagement] INFO  server.RaftServerConfigKeys (ConfUtils.java:logGet(46)) - raft.server.log.purge.preservation.log.num = 0 (default)
2024-07-18 11:33:35,079 [df04cc9d-3067-478c-80ae-8f73b6a024a8-groupManagement] INFO  server.RaftServerConfigKeys (ConfUtils.java:logGet(46)) - raft.server.log.segment.size.max = 67108864 (custom)
2024-07-18 11:33:35,079 [df04cc9d-3067-478c-80ae-8f73b6a024a8-groupManagement] INFO  server.RaftServerConfigKeys (ConfUtils.java:logGet(46)) - raft.server.log.segment.cache.num.max = 2 (custom)
2024-07-18 11:33:35,079 [df04cc9d-3067-478c-80ae-8f73b6a024a8-groupManagement] INFO  server.RaftServerConfigKeys (ConfUtils.java:logGet(46)) - raft.server.log.segment.cache.size.max = 200MB (=209715200) (default)
2024-07-18 11:33:35,080 [df04cc9d-3067-478c-80ae-8f73b6a024a8-groupManagement] INFO  server.RaftServerConfigKeys (ConfUtils.java:logGet(46)) - raft.server.log.appender.buffer.byte-limit = 8388608 (custom)
2024-07-18 11:33:35,080 [df04cc9d-3067-478c-80ae-8f73b6a024a8-groupManagement] INFO  util.AwaitToRun (AwaitToRun.java:start(81)) - Thread[df04cc9d-3067-478c-80ae-8f73b6a024a8@group-24D321077FFF-cacheEviction-AwaitToRun,5,main] started
2024-07-18 11:33:35,080 [df04cc9d-3067-478c-80ae-8f73b6a024a8-groupManagement] INFO  segmented.SegmentedRaftLogWorker (SegmentedRaftLogWorker.java:<init>(184)) - new df04cc9d-3067-478c-80ae-8f73b6a024a8@group-24D321077FFF-SegmentedRaftLogWorker for RaftStorageImpl:Storage Directory /home/runner/work/ozone/ozone/hadoop-ozone/integration-test/target/test-dir/MiniOzoneClusterImpl-c0b7f50e-f813-4849-95b3-646bdd98e01d/ozone-meta/datanode-2/ratis/fdcaa597-ead9-4aa4-bc30-24d321077fff
2024-07-18 11:33:35,080 [df04cc9d-3067-478c-80ae-8f73b6a024a8-groupManagement] INFO  server.RaftServerConfigKeys (ConfUtils.java:logGet(46)) - raft.server.log.queue.byte-limit = 4294967296 (custom)
2024-07-18 11:33:35,080 [df04cc9d-3067-478c-80ae-8f73b6a024a8-groupManagement] INFO  server.RaftServerConfigKeys (ConfUtils.java:logGet(46)) - raft.server.log.queue.element-limit = 1024 (custom)
2024-07-18 11:33:35,080 [df04cc9d-3067-478c-80ae-8f73b6a024a8-groupManagement] INFO  server.RaftServerConfigKeys (ConfUtils.java:logGet(46)) - raft.server.log.segment.size.max = 67108864 (custom)
2024-07-18 11:33:35,080 [df04cc9d-3067-478c-80ae-8f73b6a024a8-groupManagement] INFO  server.RaftServerConfigKeys (ConfUtils.java:logGet(46)) - raft.server.log.preallocated.size = 4194304 (custom)
2024-07-18 11:33:35,080 [df04cc9d-3067-478c-80ae-8f73b6a024a8-groupManagement] INFO  server.RaftServerConfigKeys (ConfUtils.java:logGet(46)) - raft.server.log.force.sync.num = 128 (default)
2024-07-18 11:33:35,080 [df04cc9d-3067-478c-80ae-8f73b6a024a8-groupManagement] INFO  server.RaftServerConfigKeys (ConfUtils.java:logGet(46)) - raft.server.log.statemachine.data.sync = true (default)
2024-07-18 11:33:35,080 [df04cc9d-3067-478c-80ae-8f73b6a024a8-groupManagement] INFO  server.RaftServerConfigKeys (ConfUtils.java:logGet(46)) - raft.server.log.statemachine.data.sync.timeout = 10s (default)
2024-07-18 11:33:35,080 [df04cc9d-3067-478c-80ae-8f73b6a024a8-groupManagement] INFO  server.RaftServerConfigKeys (ConfUtils.java:logGet(46)) - raft.server.log.statemachine.data.sync.timeout.retry = 30 (custom)
2024-07-18 11:33:35,081 [df04cc9d-3067-478c-80ae-8f73b6a024a8-groupManagement] INFO  server.RaftServerConfigKeys (ConfUtils.java:logGet(46)) - raft.server.log.write.buffer.size = 8388616 (custom)
2024-07-18 11:33:35,083 [df04cc9d-3067-478c-80ae-8f73b6a024a8-groupManagement] INFO  server.RaftServerConfigKeys (ConfUtils.java:logGet(46)) - raft.server.log.appender.buffer.byte-limit = 8388608 (custom)
2024-07-18 11:33:35,083 [df04cc9d-3067-478c-80ae-8f73b6a024a8-groupManagement] INFO  server.RaftServerConfigKeys (ConfUtils.java:logGet(46)) - raft.server.log.unsafe-flush.enabled = false (default)
2024-07-18 11:33:35,083 [df04cc9d-3067-478c-80ae-8f73b6a024a8-groupManagement] INFO  server.RaftServerConfigKeys (ConfUtils.java:logGet(46)) - raft.server.log.async-flush.enabled = false (default)
2024-07-18 11:33:35,083 [df04cc9d-3067-478c-80ae-8f73b6a024a8-groupManagement] INFO  server.RaftServerConfigKeys (ConfUtils.java:logGet(46)) - raft.server.log.statemachine.data.caching.enabled = true (custom)
2024-07-18 11:33:35,084 [df04cc9d-3067-478c-80ae-8f73b6a024a8-groupManagement] INFO  segmented.SegmentedRaftLogWorker (SegmentedRaftLogWorker.java:lambda$new$0(135)) - df04cc9d-3067-478c-80ae-8f73b6a024a8@group-24D321077FFF-SegmentedRaftLogWorker: flushIndex: setUnconditionally 0 -> -1
2024-07-18 11:33:35,084 [df04cc9d-3067-478c-80ae-8f73b6a024a8-groupManagement] INFO  segmented.SegmentedRaftLogWorker (SegmentedRaftLogWorker.java:lambda$new$0(135)) - df04cc9d-3067-478c-80ae-8f73b6a024a8@group-24D321077FFF-SegmentedRaftLogWorker: safeCacheEvictIndex: setUnconditionally 0 -> -1
2024-07-18 11:33:35,088 [df04cc9d-3067-478c-80ae-8f73b6a024a8-groupManagement] INFO  server.RaftServer$Division (RaftServerImpl.java:start(389)) - df04cc9d-3067-478c-80ae-8f73b6a024a8@group-24D321077FFF: start as a follower, conf=conf: {index: -1, cur=peers:[df04cc9d-3067-478c-80ae-8f73b6a024a8|127.0.0.1:15039]|listeners:[], old=null}
2024-07-18 11:33:35,088 [df04cc9d-3067-478c-80ae-8f73b6a024a8-groupManagement] INFO  server.RaftServer$Division (RaftServerImpl.java:setRole(376)) - df04cc9d-3067-478c-80ae-8f73b6a024a8@group-24D321077FFF: changes role from      null to FOLLOWER at term 0 for startAsFollower
2024-07-18 11:33:35,088 [df04cc9d-3067-478c-80ae-8f73b6a024a8-groupManagement] INFO  impl.RoleInfo (RoleInfo.java:updateAndGet(148)) - df04cc9d-3067-478c-80ae-8f73b6a024a8: start df04cc9d-3067-478c-80ae-8f73b6a024a8@group-24D321077FFF-FollowerState
2024-07-18 11:33:35,089 [df04cc9d-3067-478c-80ae-8f73b6a024a8-groupManagement] INFO  util.JmxRegister (JmxRegister.java:tryRegister(44)) - Successfully registered JMX Bean with object name Ratis:service=RaftServer,group=group-24D321077FFF,id=df04cc9d-3067-478c-80ae-8f73b6a024a8
2024-07-18 11:33:35,089 [df04cc9d-3067-478c-80ae-8f73b6a024a8-groupManagement] INFO  util.JmxRegister (JmxRegister.java:register(58)) - register mxBean class org.apache.ratis.server.impl.RaftServerJmxAdapter as Ratis:service=RaftServer,group=group-24D321077FFF,id=df04cc9d-3067-478c-80ae-8f73b6a024a8
2024-07-18 11:33:35,089 [df04cc9d-3067-478c-80ae-8f73b6a024a8-groupManagement] INFO  server.RaftServerConfigKeys (ConfUtils.java:logGet(46)) - raft.server.snapshot.trigger-when-stop.enabled = true (default)
2024-07-18 11:33:35,089 [df04cc9d-3067-478c-80ae-8f73b6a024a8-groupManagement] INFO  server.RaftServerConfigKeys (ConfUtils.java:logGet(46)) - raft.server.snapshot.trigger-when-remove.enabled = true (default)
2024-07-18 11:33:35,089 [df04cc9d-3067-478c-80ae-8f73b6a024a8-groupManagement] INFO  server.RaftServerConfigKeys (ConfUtils.java:logGet(46)) - raft.server.snapshot.auto.trigger.enabled = true (custom)
2024-07-18 11:33:35,089 [df04cc9d-3067-478c-80ae-8f73b6a024a8-groupManagement] INFO  server.RaftServerConfigKeys (ConfUtils.java:logGet(46)) - raft.server.snapshot.auto.trigger.threshold = 10000 (custom)
2024-07-18 11:33:35,089 [df04cc9d-3067-478c-80ae-8f73b6a024a8-groupManagement] INFO  server.RaftServerConfigKeys (ConfUtils.java:logGet(46)) - raft.server.snapshot.retention.file.num = 5 (custom)
2024-07-18 11:33:35,089 [df04cc9d-3067-478c-80ae-8f73b6a024a8-groupManagement] INFO  server.RaftServerConfigKeys (ConfUtils.java:logGet(46)) - raft.server.log.purge.upto.snapshot.index = false (default)
2024-07-18 11:33:35,090 [df04cc9d-3067-478c-80ae-8f73b6a024a8@group-24D321077FFF-FollowerState] INFO  server.RaftServerConfigKeys (ConfUtils.java:logFallback(53)) - raft.server.rpc.first-election.timeout.min = 5s (fallback to raft.server.rpc.timeout.min)
2024-07-18 11:33:35,090 [df04cc9d-3067-478c-80ae-8f73b6a024a8@group-24D321077FFF-FollowerState] INFO  server.RaftServerConfigKeys (ConfUtils.java:logFallback(53)) - raft.server.rpc.first-election.timeout.max = 5200ms (fallback to raft.server.rpc.timeout.max)
2024-07-18 11:33:35,091 [df04cc9d-3067-478c-80ae-8f73b6a024a8-PipelineCommandHandlerThread-0] INFO  ratis.XceiverServerRatis (XceiverServerRatis.java:addGroup(849)) - Created group PipelineID=fdcaa597-ead9-4aa4-bc30-24d321077fff
2024-07-18 11:33:35,091 [df04cc9d-3067-478c-80ae-8f73b6a024a8-PipelineCommandHandlerThread-0] INFO  commandhandler.CreatePipelineCommandHandler (CreatePipelineCommandHandler.java:lambda$handle$2(124)) - Created Pipeline RATIS ONE PipelineID=fdcaa597-ead9-4aa4-bc30-24d321077fff.
2024-07-18 11:33:35,326 [0d591c3e-1cf4-45a6-8ac8-82f56607a94d-PipelineCommandHandlerThread-0] INFO  server.RaftServer (RaftServerProxy.java:addNew(101)) - 0d591c3e-1cf4-45a6-8ac8-82f56607a94d: addNew group-84EFF58AB50D:[0d591c3e-1cf4-45a6-8ac8-82f56607a94d|127.0.0.1:15048] returns group-84EFF58AB50D:java.util.concurrent.CompletableFuture@3d27972f[Not completed]
2024-07-18 11:33:35,327 [0d591c3e-1cf4-45a6-8ac8-82f56607a94d-groupManagement] INFO  server.RaftServer$Division (RaftServerImpl.java:<init>(253)) - 0d591c3e-1cf4-45a6-8ac8-82f56607a94d: new RaftServerImpl for group-84EFF58AB50D:[0d591c3e-1cf4-45a6-8ac8-82f56607a94d|127.0.0.1:15048] with ContainerStateMachine:uninitialized
2024-07-18 11:33:35,328 [0d591c3e-1cf4-45a6-8ac8-82f56607a94d-groupManagement] INFO  server.RaftServerConfigKeys (ConfUtils.java:logGet(46)) - raft.server.rpc.timeout.min = 5s (custom)
2024-07-18 11:33:35,328 [0d591c3e-1cf4-45a6-8ac8-82f56607a94d-groupManagement] INFO  server.RaftServerConfigKeys (ConfUtils.java:logGet(46)) - raft.server.rpc.timeout.max = 5200ms (custom)
2024-07-18 11:33:35,328 [0d591c3e-1cf4-45a6-8ac8-82f56607a94d-groupManagement] INFO  server.RaftServerConfigKeys (ConfUtils.java:logGet(46)) - raft.server.rpc.sleep.time = 25ms (default)
2024-07-18 11:33:35,328 [0d591c3e-1cf4-45a6-8ac8-82f56607a94d-groupManagement] INFO  server.RaftServerConfigKeys (ConfUtils.java:logGet(46)) - raft.server.rpc.slowness.timeout = 300s (custom)
2024-07-18 11:33:35,328 [0d591c3e-1cf4-45a6-8ac8-82f56607a94d-groupManagement] INFO  server.RaftServerConfigKeys (ConfUtils.java:logGet(46)) - raft.server.leaderelection.leader.step-down.wait-time = 10s (default)
2024-07-18 11:33:35,328 [0d591c3e-1cf4-45a6-8ac8-82f56607a94d-groupManagement] INFO  server.RaftServerConfigKeys (ConfUtils.java:logGet(46)) - raft.server.leaderelection.member.majority-add = false (default)
2024-07-18 11:33:35,328 [0d591c3e-1cf4-45a6-8ac8-82f56607a94d-groupManagement] INFO  server.RaftServerConfigKeys (ConfUtils.java:logGet(46)) - raft.server.sleep.deviation.threshold = 300ms (default)
2024-07-18 11:33:35,328 [0d591c3e-1cf4-45a6-8ac8-82f56607a94d-groupManagement] INFO  server.RaftServer$Division (ServerState.java:<init>(114)) - 0d591c3e-1cf4-45a6-8ac8-82f56607a94d@group-84EFF58AB50D: ConfigurationManager, init=conf: {index: -1, cur=peers:[0d591c3e-1cf4-45a6-8ac8-82f56607a94d|127.0.0.1:15048]|listeners:[], old=null}, confs=<EMPTY_MAP>
2024-07-18 11:33:35,328 [0d591c3e-1cf4-45a6-8ac8-82f56607a94d-groupManagement] INFO  server.RaftServerConfigKeys (ConfUtils.java:logGet(46)) - raft.server.notification.no-leader.timeout = 300s (custom)
2024-07-18 11:33:35,328 [0d591c3e-1cf4-45a6-8ac8-82f56607a94d-groupManagement] INFO  server.RaftServerConfigKeys (ConfUtils.java:logGet(46)) - raft.server.read.timeout = 10s (default)
2024-07-18 11:33:35,328 [0d591c3e-1cf4-45a6-8ac8-82f56607a94d-groupManagement] INFO  server.RaftServerConfigKeys (ConfUtils.java:logGet(46)) - raft.server.retrycache.expirytime = 600000ms (custom)
2024-07-18 11:33:35,328 [0d591c3e-1cf4-45a6-8ac8-82f56607a94d-groupManagement] INFO  server.RaftServerConfigKeys (ConfUtils.java:logGet(46)) - raft.server.retrycache.statistics.expirytime = 100ms (default)
2024-07-18 11:33:35,328 [0d591c3e-1cf4-45a6-8ac8-82f56607a94d-groupManagement] INFO  server.RaftServerConfigKeys (ConfUtils.java:logGet(46)) - raft.server.read.option = DEFAULT (default)
2024-07-18 11:33:35,328 [0d591c3e-1cf4-45a6-8ac8-82f56607a94d-groupManagement] INFO  server.RaftServerConfigKeys (ConfUtils.java:logGet(46)) - raft.server.read.read-after-write-consistent.write-index-cache.expiry-time = 60s (default)
2024-07-18 11:33:35,332 [main] INFO  ozone.MiniOzoneClusterImpl (MiniOzoneClusterImpl.java:lambda$waitForClusterToBeReady$0(194)) - Nodes are ready. Got 3 of 3 DN Heartbeats.
2024-07-18 11:33:35,332 [main] INFO  ozone.MiniOzoneClusterImpl (MiniOzoneClusterImpl.java:lambda$waitForClusterToBeReady$0(197)) - Waiting for cluster to exit safe mode
2024-07-18 11:33:35,332 [main] INFO  ozone.MiniOzoneClusterImpl (MiniOzoneClusterImpl.java:lambda$waitForClusterToBeReady$0(199)) - SCM became leader
2024-07-18 11:33:35,333 [0d591c3e-1cf4-45a6-8ac8-82f56607a94d-groupManagement] INFO  server.RaftServerConfigKeys (ConfUtils.java:logGet(46)) - raft.server.rpc.request.timeout = 60s (custom)
2024-07-18 11:33:35,333 [0d591c3e-1cf4-45a6-8ac8-82f56607a94d-groupManagement] INFO  server.RaftServerConfigKeys (ConfUtils.java:logGet(46)) - raft.server.log.appender.install.snapshot.enabled = false (custom)
2024-07-18 11:33:35,333 [0d591c3e-1cf4-45a6-8ac8-82f56607a94d-groupManagement] INFO  server.RaftServerConfigKeys (ConfUtils.java:logGet(46)) - raft.server.threadpool.server.cached = true (default)
2024-07-18 11:33:35,333 [0d591c3e-1cf4-45a6-8ac8-82f56607a94d-groupManagement] INFO  server.RaftServerConfigKeys (ConfUtils.java:logGet(46)) - raft.server.threadpool.server.size = 0 (default)
2024-07-18 11:33:35,333 [0d591c3e-1cf4-45a6-8ac8-82f56607a94d-groupManagement] INFO  server.RaftServerConfigKeys (ConfUtils.java:logGet(46)) - raft.server.threadpool.client.cached = true (default)
2024-07-18 11:33:35,333 [0d591c3e-1cf4-45a6-8ac8-82f56607a94d-groupManagement] INFO  server.RaftServerConfigKeys (ConfUtils.java:logGet(46)) - raft.server.threadpool.client.size = 0 (default)
2024-07-18 11:33:35,333 [0d591c3e-1cf4-45a6-8ac8-82f56607a94d-groupManagement] INFO  server.RaftServerConfigKeys (ConfUtils.java:logGet(46)) - raft.server.storage.free-space.min = 0MB (=0) (default)
2024-07-18 11:33:35,333 [0d591c3e-1cf4-45a6-8ac8-82f56607a94d-groupManagement] INFO  server.RaftServerConfigKeys (ConfUtils.java:logGet(46)) - raft.server.log.corruption.policy = EXCEPTION (default)
2024-07-18 11:33:35,333 [0d591c3e-1cf4-45a6-8ac8-82f56607a94d-groupManagement] INFO  server.RaftServerConfigKeys (ConfUtils.java:logGet(46)) - raft.server.storage.dir = [/home/runner/work/ozone/ozone/hadoop-ozone/integration-test/target/test-dir/MiniOzoneClusterImpl-c0b7f50e-f813-4849-95b3-646bdd98e01d/ozone-meta/datanode-3/ratis] (custom)
2024-07-18 11:33:35,334 [0d591c3e-1cf4-45a6-8ac8-82f56607a94d-groupManagement] INFO  storage.RaftStorageDirectory (RaftStorageDirectoryImpl.java:analyzeStorage(138)) - The storage directory /home/runner/work/ozone/ozone/hadoop-ozone/integration-test/target/test-dir/MiniOzoneClusterImpl-c0b7f50e-f813-4849-95b3-646bdd98e01d/ozone-meta/datanode-3/ratis/c1eb1e75-8a90-48ef-a8a7-84eff58ab50d does not exist. Creating ...
2024-07-18 11:33:35,335 [0d591c3e-1cf4-45a6-8ac8-82f56607a94d-groupManagement] INFO  storage.RaftStorageDirectory (RaftStorageDirectoryImpl.java:tryLock(229)) - Lock on /home/runner/work/ozone/ozone/hadoop-ozone/integration-test/target/test-dir/MiniOzoneClusterImpl-c0b7f50e-f813-4849-95b3-646bdd98e01d/ozone-meta/datanode-3/ratis/c1eb1e75-8a90-48ef-a8a7-84eff58ab50d/in_use.lock acquired by nodename 107590@fv-az1113-538
2024-07-18 11:33:35,336 [0d591c3e-1cf4-45a6-8ac8-82f56607a94d-groupManagement] INFO  storage.RaftStorage (RaftStorageImpl.java:format(98)) - Storage directory /home/runner/work/ozone/ozone/hadoop-ozone/integration-test/target/test-dir/MiniOzoneClusterImpl-c0b7f50e-f813-4849-95b3-646bdd98e01d/ozone-meta/datanode-3/ratis/c1eb1e75-8a90-48ef-a8a7-84eff58ab50d has been successfully formatted.
2024-07-18 11:33:35,337 [0d591c3e-1cf4-45a6-8ac8-82f56607a94d-groupManagement] INFO  ratis.ContainerStateMachine (ContainerStateMachine.java:loadSnapshot(287)) - group-84EFF58AB50D: The snapshot info is null. Setting the last applied index to:(t:0, i:~)
2024-07-18 11:33:35,337 [0d591c3e-1cf4-45a6-8ac8-82f56607a94d-groupManagement] INFO  server.RaftServerConfigKeys (ConfUtils.java:logGet(46)) - raft.server.log.use.memory = false (default)
2024-07-18 11:33:35,337 [0d591c3e-1cf4-45a6-8ac8-82f56607a94d-groupManagement] INFO  server.RaftServerConfigKeys (ConfUtils.java:logGet(46)) - raft.server.log.purge.gap = 1000000 (custom)
2024-07-18 11:33:35,337 [0d591c3e-1cf4-45a6-8ac8-82f56607a94d-groupManagement] INFO  server.RaftServerConfigKeys (ConfUtils.java:logGet(46)) - raft.server.log.appender.buffer.byte-limit = 8388608 (custom)
2024-07-18 11:33:35,337 [0d591c3e-1cf4-45a6-8ac8-82f56607a94d-groupManagement] INFO  server.RaftServerConfigKeys (ConfUtils.java:logGet(46)) - raft.server.log.statemachine.data.read.timeout = 1000ms (default)
2024-07-18 11:33:35,337 [0d591c3e-1cf4-45a6-8ac8-82f56607a94d-groupManagement] INFO  server.RaftServerConfigKeys (ConfUtils.java:logGet(46)) - raft.server.log.purge.preservation.log.num = 0 (default)
2024-07-18 11:33:35,339 [0d591c3e-1cf4-45a6-8ac8-82f56607a94d-groupManagement] INFO  server.RaftServerConfigKeys (ConfUtils.java:logGet(46)) - raft.server.log.segment.size.max = 67108864 (custom)
2024-07-18 11:33:35,339 [0d591c3e-1cf4-45a6-8ac8-82f56607a94d-groupManagement] INFO  server.RaftServerConfigKeys (ConfUtils.java:logGet(46)) - raft.server.log.segment.cache.num.max = 2 (custom)
2024-07-18 11:33:35,339 [0d591c3e-1cf4-45a6-8ac8-82f56607a94d-groupManagement] INFO  server.RaftServerConfigKeys (ConfUtils.java:logGet(46)) - raft.server.log.segment.cache.size.max = 200MB (=209715200) (default)
2024-07-18 11:33:35,339 [0d591c3e-1cf4-45a6-8ac8-82f56607a94d-groupManagement] INFO  server.RaftServerConfigKeys (ConfUtils.java:logGet(46)) - raft.server.log.appender.buffer.byte-limit = 8388608 (custom)
2024-07-18 11:33:35,340 [0d591c3e-1cf4-45a6-8ac8-82f56607a94d-groupManagement] INFO  util.AwaitToRun (AwaitToRun.java:start(81)) - Thread[0d591c3e-1cf4-45a6-8ac8-82f56607a94d@group-84EFF58AB50D-cacheEviction-AwaitToRun,5,main] started
2024-07-18 11:33:35,340 [0d591c3e-1cf4-45a6-8ac8-82f56607a94d-groupManagement] INFO  segmented.SegmentedRaftLogWorker (SegmentedRaftLogWorker.java:<init>(184)) - new 0d591c3e-1cf4-45a6-8ac8-82f56607a94d@group-84EFF58AB50D-SegmentedRaftLogWorker for RaftStorageImpl:Storage Directory /home/runner/work/ozone/ozone/hadoop-ozone/integration-test/target/test-dir/MiniOzoneClusterImpl-c0b7f50e-f813-4849-95b3-646bdd98e01d/ozone-meta/datanode-3/ratis/c1eb1e75-8a90-48ef-a8a7-84eff58ab50d
2024-07-18 11:33:35,340 [0d591c3e-1cf4-45a6-8ac8-82f56607a94d-groupManagement] INFO  server.RaftServerConfigKeys (ConfUtils.java:logGet(46)) - raft.server.log.queue.byte-limit = 4294967296 (custom)
2024-07-18 11:33:35,340 [0d591c3e-1cf4-45a6-8ac8-82f56607a94d-groupManagement] INFO  server.RaftServerConfigKeys (ConfUtils.java:logGet(46)) - raft.server.log.queue.element-limit = 1024 (custom)
2024-07-18 11:33:35,340 [0d591c3e-1cf4-45a6-8ac8-82f56607a94d-groupManagement] INFO  server.RaftServerConfigKeys (ConfUtils.java:logGet(46)) - raft.server.log.segment.size.max = 67108864 (custom)
2024-07-18 11:33:35,340 [0d591c3e-1cf4-45a6-8ac8-82f56607a94d-groupManagement] INFO  server.RaftServerConfigKeys (ConfUtils.java:logGet(46)) - raft.server.log.preallocated.size = 4194304 (custom)
2024-07-18 11:33:35,340 [0d591c3e-1cf4-45a6-8ac8-82f56607a94d-groupManagement] INFO  server.RaftServerConfigKeys (ConfUtils.java:logGet(46)) - raft.server.log.force.sync.num = 128 (default)
2024-07-18 11:33:35,340 [0d591c3e-1cf4-45a6-8ac8-82f56607a94d-groupManagement] INFO  server.RaftServerConfigKeys (ConfUtils.java:logGet(46)) - raft.server.log.statemachine.data.sync = true (default)
2024-07-18 11:33:35,341 [0d591c3e-1cf4-45a6-8ac8-82f56607a94d-groupManagement] INFO  server.RaftServerConfigKeys (ConfUtils.java:logGet(46)) - raft.server.log.statemachine.data.sync.timeout = 10s (default)
2024-07-18 11:33:35,341 [0d591c3e-1cf4-45a6-8ac8-82f56607a94d-groupManagement] INFO  server.RaftServerConfigKeys (ConfUtils.java:logGet(46)) - raft.server.log.statemachine.data.sync.timeout.retry = 30 (custom)
2024-07-18 11:33:35,342 [c23094e4-493d-4fea-9f0c-470ffa683120@group-646BDD98E01D-StateMachineUpdater] INFO  safemode.HealthyPipelineSafeModeRule (HealthyPipelineSafeModeRule.java:initializeRule(172)) - Refreshed total pipeline count is 0, healthy pipeline threshold count is 1
2024-07-18 11:33:35,342 [scmNode-1-EventQueue-PipelineReportForPipelineReportHandler] INFO  pipeline.PipelineReportHandler (PipelineReportHandler.java:processPipelineReport(136)) - Opened pipeline PipelineID=c1eb1e75-8a90-48ef-a8a7-84eff58ab50d
2024-07-18 11:33:35,343 [scmNode-1-EventQueue-OpenPipelineForHealthyPipelineSafeModeRule] INFO  safemode.SCMSafeModeManager (HealthyPipelineSafeModeRule.java:process(140)) - SCM in safe mode. Healthy pipelines reported count is 0, required healthy pipeline reported count is 1
2024-07-18 11:33:35,343 [0d591c3e-1cf4-45a6-8ac8-82f56607a94d-groupManagement] INFO  server.RaftServerConfigKeys (ConfUtils.java:logGet(46)) - raft.server.log.write.buffer.size = 8388616 (custom)
2024-07-18 11:33:35,345 [0d591c3e-1cf4-45a6-8ac8-82f56607a94d-groupManagement] INFO  server.RaftServerConfigKeys (ConfUtils.java:logGet(46)) - raft.server.log.appender.buffer.byte-limit = 8388608 (custom)
2024-07-18 11:33:35,345 [0d591c3e-1cf4-45a6-8ac8-82f56607a94d-groupManagement] INFO  server.RaftServerConfigKeys (ConfUtils.java:logGet(46)) - raft.server.log.unsafe-flush.enabled = false (default)
2024-07-18 11:33:35,345 [0d591c3e-1cf4-45a6-8ac8-82f56607a94d-groupManagement] INFO  server.RaftServerConfigKeys (ConfUtils.java:logGet(46)) - raft.server.log.async-flush.enabled = false (default)
2024-07-18 11:33:35,345 [0d591c3e-1cf4-45a6-8ac8-82f56607a94d-groupManagement] INFO  server.RaftServerConfigKeys (ConfUtils.java:logGet(46)) - raft.server.log.statemachine.data.caching.enabled = true (custom)
2024-07-18 11:33:35,345 [0d591c3e-1cf4-45a6-8ac8-82f56607a94d-groupManagement] INFO  segmented.SegmentedRaftLogWorker (SegmentedRaftLogWorker.java:lambda$new$0(135)) - 0d591c3e-1cf4-45a6-8ac8-82f56607a94d@group-84EFF58AB50D-SegmentedRaftLogWorker: flushIndex: setUnconditionally 0 -> -1
2024-07-18 11:33:35,345 [0d591c3e-1cf4-45a6-8ac8-82f56607a94d-groupManagement] INFO  segmented.SegmentedRaftLogWorker (SegmentedRaftLogWorker.java:lambda$new$0(135)) - 0d591c3e-1cf4-45a6-8ac8-82f56607a94d@group-84EFF58AB50D-SegmentedRaftLogWorker: safeCacheEvictIndex: setUnconditionally 0 -> -1
2024-07-18 11:33:35,346 [0d591c3e-1cf4-45a6-8ac8-82f56607a94d-groupManagement] INFO  server.RaftServer$Division (RaftServerImpl.java:start(389)) - 0d591c3e-1cf4-45a6-8ac8-82f56607a94d@group-84EFF58AB50D: start as a follower, conf=conf: {index: -1, cur=peers:[0d591c3e-1cf4-45a6-8ac8-82f56607a94d|127.0.0.1:15048]|listeners:[], old=null}
2024-07-18 11:33:35,346 [0d591c3e-1cf4-45a6-8ac8-82f56607a94d-groupManagement] INFO  server.RaftServer$Division (RaftServerImpl.java:setRole(376)) - 0d591c3e-1cf4-45a6-8ac8-82f56607a94d@group-84EFF58AB50D: changes role from      null to FOLLOWER at term 0 for startAsFollower
2024-07-18 11:33:35,346 [0d591c3e-1cf4-45a6-8ac8-82f56607a94d-groupManagement] INFO  impl.RoleInfo (RoleInfo.java:updateAndGet(148)) - 0d591c3e-1cf4-45a6-8ac8-82f56607a94d: start 0d591c3e-1cf4-45a6-8ac8-82f56607a94d@group-84EFF58AB50D-FollowerState
2024-07-18 11:33:35,348 [0d591c3e-1cf4-45a6-8ac8-82f56607a94d-groupManagement] INFO  util.JmxRegister (JmxRegister.java:tryRegister(44)) - Successfully registered JMX Bean with object name Ratis:service=RaftServer,group=group-84EFF58AB50D,id=0d591c3e-1cf4-45a6-8ac8-82f56607a94d
2024-07-18 11:33:35,348 [0d591c3e-1cf4-45a6-8ac8-82f56607a94d-groupManagement] INFO  util.JmxRegister (JmxRegister.java:register(58)) - register mxBean class org.apache.ratis.server.impl.RaftServerJmxAdapter as Ratis:service=RaftServer,group=group-84EFF58AB50D,id=0d591c3e-1cf4-45a6-8ac8-82f56607a94d
2024-07-18 11:33:35,348 [0d591c3e-1cf4-45a6-8ac8-82f56607a94d-groupManagement] INFO  server.RaftServerConfigKeys (ConfUtils.java:logGet(46)) - raft.server.snapshot.trigger-when-stop.enabled = true (default)
2024-07-18 11:33:35,348 [0d591c3e-1cf4-45a6-8ac8-82f56607a94d-groupManagement] INFO  server.RaftServerConfigKeys (ConfUtils.java:logGet(46)) - raft.server.snapshot.trigger-when-remove.enabled = true (default)
2024-07-18 11:33:35,348 [0d591c3e-1cf4-45a6-8ac8-82f56607a94d-groupManagement] INFO  server.RaftServerConfigKeys (ConfUtils.java:logGet(46)) - raft.server.snapshot.auto.trigger.enabled = true (custom)
2024-07-18 11:33:35,348 [0d591c3e-1cf4-45a6-8ac8-82f56607a94d-groupManagement] INFO  server.RaftServerConfigKeys (ConfUtils.java:logGet(46)) - raft.server.snapshot.auto.trigger.threshold = 10000 (custom)
2024-07-18 11:33:35,348 [0d591c3e-1cf4-45a6-8ac8-82f56607a94d-groupManagement] INFO  server.RaftServerConfigKeys (ConfUtils.java:logGet(46)) - raft.server.snapshot.retention.file.num = 5 (custom)
2024-07-18 11:33:35,349 [0d591c3e-1cf4-45a6-8ac8-82f56607a94d-groupManagement] INFO  server.RaftServerConfigKeys (ConfUtils.java:logGet(46)) - raft.server.log.purge.upto.snapshot.index = false (default)
2024-07-18 11:33:35,349 [0d591c3e-1cf4-45a6-8ac8-82f56607a94d-PipelineCommandHandlerThread-0] INFO  ratis.XceiverServerRatis (XceiverServerRatis.java:addGroup(849)) - Created group PipelineID=c1eb1e75-8a90-48ef-a8a7-84eff58ab50d
2024-07-18 11:33:35,349 [0d591c3e-1cf4-45a6-8ac8-82f56607a94d-PipelineCommandHandlerThread-0] INFO  commandhandler.CreatePipelineCommandHandler (CreatePipelineCommandHandler.java:lambda$handle$2(124)) - Created Pipeline RATIS ONE PipelineID=c1eb1e75-8a90-48ef-a8a7-84eff58ab50d.
2024-07-18 11:33:35,351 [0d591c3e-1cf4-45a6-8ac8-82f56607a94d@group-84EFF58AB50D-FollowerState] INFO  server.RaftServerConfigKeys (ConfUtils.java:logFallback(53)) - raft.server.rpc.first-election.timeout.min = 5s (fallback to raft.server.rpc.timeout.min)
2024-07-18 11:33:35,351 [0d591c3e-1cf4-45a6-8ac8-82f56607a94d@group-84EFF58AB50D-FollowerState] INFO  server.RaftServerConfigKeys (ConfUtils.java:logFallback(53)) - raft.server.rpc.first-election.timeout.max = 5200ms (fallback to raft.server.rpc.timeout.max)
2024-07-18 11:33:36,332 [main] INFO  ozone.MiniOzoneClusterImpl (MiniOzoneClusterImpl.java:lambda$waitForClusterToBeReady$0(194)) - Nodes are ready. Got 3 of 3 DN Heartbeats.
2024-07-18 11:33:36,332 [main] INFO  ozone.MiniOzoneClusterImpl (MiniOzoneClusterImpl.java:lambda$waitForClusterToBeReady$0(197)) - Waiting for cluster to exit safe mode
2024-07-18 11:33:36,332 [main] INFO  ozone.MiniOzoneClusterImpl (MiniOzoneClusterImpl.java:lambda$waitForClusterToBeReady$0(199)) - SCM became leader
2024-07-18 11:33:37,333 [main] INFO  ozone.MiniOzoneClusterImpl (MiniOzoneClusterImpl.java:lambda$waitForClusterToBeReady$0(194)) - Nodes are ready. Got 3 of 3 DN Heartbeats.
2024-07-18 11:33:37,333 [main] INFO  ozone.MiniOzoneClusterImpl (MiniOzoneClusterImpl.java:lambda$waitForClusterToBeReady$0(197)) - Waiting for cluster to exit safe mode
2024-07-18 11:33:37,333 [main] INFO  ozone.MiniOzoneClusterImpl (MiniOzoneClusterImpl.java:lambda$waitForClusterToBeReady$0(199)) - SCM became leader
2024-07-18 11:33:38,333 [main] INFO  ozone.MiniOzoneClusterImpl (MiniOzoneClusterImpl.java:lambda$waitForClusterToBeReady$0(194)) - Nodes are ready. Got 3 of 3 DN Heartbeats.
2024-07-18 11:33:38,333 [main] INFO  ozone.MiniOzoneClusterImpl (MiniOzoneClusterImpl.java:lambda$waitForClusterToBeReady$0(197)) - Waiting for cluster to exit safe mode
2024-07-18 11:33:38,333 [main] INFO  ozone.MiniOzoneClusterImpl (MiniOzoneClusterImpl.java:lambda$waitForClusterToBeReady$0(199)) - SCM became leader
2024-07-18 11:33:39,334 [main] INFO  ozone.MiniOzoneClusterImpl (MiniOzoneClusterImpl.java:lambda$waitForClusterToBeReady$0(194)) - Nodes are ready. Got 3 of 3 DN Heartbeats.
2024-07-18 11:33:39,334 [main] INFO  ozone.MiniOzoneClusterImpl (MiniOzoneClusterImpl.java:lambda$waitForClusterToBeReady$0(197)) - Waiting for cluster to exit safe mode
2024-07-18 11:33:39,334 [main] INFO  ozone.MiniOzoneClusterImpl (MiniOzoneClusterImpl.java:lambda$waitForClusterToBeReady$0(199)) - SCM became leader
2024-07-18 11:33:39,832 [0339cccf-75ab-4f40-8420-baf6c795ced3@group-258987903ABD-FollowerState] INFO  impl.FollowerState (FollowerState.java:run(144)) - 0339cccf-75ab-4f40-8420-baf6c795ced3@group-258987903ABD-FollowerState: change to CANDIDATE, lastRpcElapsedTime:5025005912ns, electionTimeout:5021ms
2024-07-18 11:33:39,832 [0339cccf-75ab-4f40-8420-baf6c795ced3@group-258987903ABD-FollowerState] INFO  impl.RoleInfo (RoleInfo.java:shutdownFollowerState(119)) - 0339cccf-75ab-4f40-8420-baf6c795ced3: shutdown 0339cccf-75ab-4f40-8420-baf6c795ced3@group-258987903ABD-FollowerState
2024-07-18 11:33:39,832 [0339cccf-75ab-4f40-8420-baf6c795ced3@group-258987903ABD-FollowerState] INFO  server.RaftServer$Division (RaftServerImpl.java:setRole(376)) - 0339cccf-75ab-4f40-8420-baf6c795ced3@group-258987903ABD: changes role from  FOLLOWER to CANDIDATE at term 0 for changeToCandidate
2024-07-18 11:33:39,833 [0339cccf-75ab-4f40-8420-baf6c795ced3@group-258987903ABD-FollowerState] INFO  server.RaftServerConfigKeys (ConfUtils.java:logGet(46)) - raft.server.leaderelection.pre-vote = true (default)
2024-07-18 11:33:39,833 [0339cccf-75ab-4f40-8420-baf6c795ced3@group-258987903ABD-FollowerState] INFO  impl.RoleInfo (RoleInfo.java:updateAndGet(148)) - 0339cccf-75ab-4f40-8420-baf6c795ced3: start 0339cccf-75ab-4f40-8420-baf6c795ced3@group-258987903ABD-LeaderElection4
2024-07-18 11:33:39,833 [0339cccf-75ab-4f40-8420-baf6c795ced3@group-258987903ABD-LeaderElection4] INFO  impl.LeaderElection (LeaderElection.java:askForVotes(321)) - 0339cccf-75ab-4f40-8420-baf6c795ced3@group-258987903ABD-LeaderElection4 PRE_VOTE round 0: submit vote requests at term 0 for conf: {index: -1, cur=peers:[df04cc9d-3067-478c-80ae-8f73b6a024a8|127.0.0.1:15039, 0d591c3e-1cf4-45a6-8ac8-82f56607a94d|127.0.0.1:15048, 0339cccf-75ab-4f40-8420-baf6c795ced3|127.0.0.1:15030]|listeners:[], old=null}
2024-07-18 11:33:39,834 [0339cccf-75ab-4f40-8420-baf6c795ced3@group-258987903ABD-LeaderElection4-1] INFO  server.GrpcServerProtocolClient (GrpcServerProtocolClient.java:<init>(65)) - Build channel for df04cc9d-3067-478c-80ae-8f73b6a024a8|127.0.0.1:15039
2024-07-18 11:33:39,834 [0339cccf-75ab-4f40-8420-baf6c795ced3@group-258987903ABD-LeaderElection4-2] INFO  server.GrpcServerProtocolClient (GrpcServerProtocolClient.java:<init>(65)) - Build channel for 0d591c3e-1cf4-45a6-8ac8-82f56607a94d|127.0.0.1:15048
2024-07-18 11:33:39,834 [0339cccf-75ab-4f40-8420-baf6c795ced3@group-258987903ABD-LeaderElection4] INFO  server.RaftServerConfigKeys (ConfUtils.java:logFallback(53)) - raft.server.rpc.first-election.timeout.min = 5s (fallback to raft.server.rpc.timeout.min)
2024-07-18 11:33:39,834 [0339cccf-75ab-4f40-8420-baf6c795ced3@group-258987903ABD-LeaderElection4] INFO  server.RaftServerConfigKeys (ConfUtils.java:logFallback(53)) - raft.server.rpc.first-election.timeout.max = 5200ms (fallback to raft.server.rpc.timeout.max)
2024-07-18 11:33:39,840 [grpc-default-executor-1] INFO  server.RaftServer$Division (RaftServerImpl.java:requestVote(1416)) - df04cc9d-3067-478c-80ae-8f73b6a024a8@group-258987903ABD: receive requestVote(PRE_VOTE, 0339cccf-75ab-4f40-8420-baf6c795ced3, group-258987903ABD, 0, (t:0, i:0))
2024-07-18 11:33:39,840 [grpc-default-executor-1] INFO  impl.VoteContext (VoteContext.java:log(49)) - df04cc9d-3067-478c-80ae-8f73b6a024a8@group-258987903ABD-FOLLOWER: accept PRE_VOTE from 0339cccf-75ab-4f40-8420-baf6c795ced3: our priority 0 <= candidate's priority 0
2024-07-18 11:33:39,840 [grpc-default-executor-1] INFO  server.RaftServer$Division (RaftServerImpl.java:requestVote(1449)) - df04cc9d-3067-478c-80ae-8f73b6a024a8@group-258987903ABD replies to PRE_VOTE vote request: 0339cccf-75ab-4f40-8420-baf6c795ced3<-df04cc9d-3067-478c-80ae-8f73b6a024a8#0:OK-t0. Peer's state: df04cc9d-3067-478c-80ae-8f73b6a024a8@group-258987903ABD:t0, leader=null, voted=, raftlog=Memoized:df04cc9d-3067-478c-80ae-8f73b6a024a8@group-258987903ABD-SegmentedRaftLog:OPENED:c-1:lastnull, conf=conf: {index: -1, cur=peers:[df04cc9d-3067-478c-80ae-8f73b6a024a8|127.0.0.1:15039, 0d591c3e-1cf4-45a6-8ac8-82f56607a94d|127.0.0.1:15048, 0339cccf-75ab-4f40-8420-baf6c795ced3|127.0.0.1:15030]|listeners:[], old=null}
2024-07-18 11:33:39,843 [grpc-default-executor-1] INFO  server.RaftServer$Division (RaftServerImpl.java:requestVote(1416)) - 0d591c3e-1cf4-45a6-8ac8-82f56607a94d@group-258987903ABD: receive requestVote(PRE_VOTE, 0339cccf-75ab-4f40-8420-baf6c795ced3, group-258987903ABD, 0, (t:0, i:0))
2024-07-18 11:33:39,843 [grpc-default-executor-1] INFO  impl.VoteContext (VoteContext.java:log(49)) - 0d591c3e-1cf4-45a6-8ac8-82f56607a94d@group-258987903ABD-FOLLOWER: reject PRE_VOTE from 0339cccf-75ab-4f40-8420-baf6c795ced3: our priority 1 > candidate's priority 0
2024-07-18 11:33:39,844 [grpc-default-executor-1] INFO  server.RaftServer$Division (RaftServerImpl.java:requestVote(1449)) - 0d591c3e-1cf4-45a6-8ac8-82f56607a94d@group-258987903ABD replies to PRE_VOTE vote request: 0339cccf-75ab-4f40-8420-baf6c795ced3<-0d591c3e-1cf4-45a6-8ac8-82f56607a94d#0:FAIL-t0. Peer's state: 0d591c3e-1cf4-45a6-8ac8-82f56607a94d@group-258987903ABD:t0, leader=null, voted=, raftlog=Memoized:0d591c3e-1cf4-45a6-8ac8-82f56607a94d@group-258987903ABD-SegmentedRaftLog:OPENED:c-1:lastnull, conf=conf: {index: -1, cur=peers:[df04cc9d-3067-478c-80ae-8f73b6a024a8|127.0.0.1:15039, 0d591c3e-1cf4-45a6-8ac8-82f56607a94d|127.0.0.1:15048, 0339cccf-75ab-4f40-8420-baf6c795ced3|127.0.0.1:15030]|listeners:[], old=null}
2024-07-18 11:33:39,845 [0339cccf-75ab-4f40-8420-baf6c795ced3@group-258987903ABD-LeaderElection4] INFO  impl.LeaderElection (LeaderElection.java:logAndReturn(89)) - 0339cccf-75ab-4f40-8420-baf6c795ced3@group-258987903ABD-LeaderElection4: PRE_VOTE REJECTED received 2 response(s) and 0 exception(s):
2024-07-18 11:33:39,845 [0339cccf-75ab-4f40-8420-baf6c795ced3@group-258987903ABD-LeaderElection4] INFO  impl.LeaderElection (LeaderElection.java:logAndReturn(93)) -   Response 0: 0339cccf-75ab-4f40-8420-baf6c795ced3<-df04cc9d-3067-478c-80ae-8f73b6a024a8#0:OK-t0
2024-07-18 11:33:39,845 [0339cccf-75ab-4f40-8420-baf6c795ced3@group-258987903ABD-LeaderElection4] INFO  impl.LeaderElection (LeaderElection.java:logAndReturn(93)) -   Response 1: 0339cccf-75ab-4f40-8420-baf6c795ced3<-0d591c3e-1cf4-45a6-8ac8-82f56607a94d#0:FAIL-t0
2024-07-18 11:33:39,845 [0339cccf-75ab-4f40-8420-baf6c795ced3@group-258987903ABD-LeaderElection4] INFO  impl.LeaderElection (LeaderElection.java:askForVotes(323)) - 0339cccf-75ab-4f40-8420-baf6c795ced3@group-258987903ABD-LeaderElection4 PRE_VOTE round 0: result REJECTED
2024-07-18 11:33:39,845 [0339cccf-75ab-4f40-8420-baf6c795ced3@group-258987903ABD-LeaderElection4] INFO  server.RaftServer$Division (RaftServerImpl.java:setRole(376)) - 0339cccf-75ab-4f40-8420-baf6c795ced3@group-258987903ABD: changes role from CANDIDATE to FOLLOWER at term 0 for REJECTED
2024-07-18 11:33:39,845 [0339cccf-75ab-4f40-8420-baf6c795ced3@group-258987903ABD-LeaderElection4] INFO  impl.RoleInfo (RoleInfo.java:shutdownLeaderElection(139)) - 0339cccf-75ab-4f40-8420-baf6c795ced3: shutdown 0339cccf-75ab-4f40-8420-baf6c795ced3@group-258987903ABD-LeaderElection4
2024-07-18 11:33:39,845 [0339cccf-75ab-4f40-8420-baf6c795ced3@group-258987903ABD-LeaderElection4] INFO  impl.RoleInfo (RoleInfo.java:updateAndGet(148)) - 0339cccf-75ab-4f40-8420-baf6c795ced3: start 0339cccf-75ab-4f40-8420-baf6c795ced3@group-258987903ABD-FollowerState
2024-07-18 11:33:39,846 [0339cccf-75ab-4f40-8420-baf6c795ced3@group-258987903ABD-LeaderElection4] INFO  server.RaftServer$Division (RaftServerImpl.java:setFirstElection(549)) - 0339cccf-75ab-4f40-8420-baf6c795ced3@group-258987903ABD: set firstElectionSinceStartup to false for REJECTED
2024-07-18 11:33:39,879 [0339cccf-75ab-4f40-8420-baf6c795ced3@group-850A67E39A52-FollowerState] INFO  impl.FollowerState (FollowerState.java:run(144)) - 0339cccf-75ab-4f40-8420-baf6c795ced3@group-850A67E39A52-FollowerState: change to CANDIDATE, lastRpcElapsedTime:5098971896ns, electionTimeout:5097ms
2024-07-18 11:33:39,879 [0339cccf-75ab-4f40-8420-baf6c795ced3@group-850A67E39A52-FollowerState] INFO  impl.RoleInfo (RoleInfo.java:shutdownFollowerState(119)) - 0339cccf-75ab-4f40-8420-baf6c795ced3: shutdown 0339cccf-75ab-4f40-8420-baf6c795ced3@group-850A67E39A52-FollowerState
2024-07-18 11:33:39,879 [0339cccf-75ab-4f40-8420-baf6c795ced3@group-850A67E39A52-FollowerState] INFO  server.RaftServer$Division (RaftServerImpl.java:setRole(376)) - 0339cccf-75ab-4f40-8420-baf6c795ced3@group-850A67E39A52: changes role from  FOLLOWER to CANDIDATE at term 0 for changeToCandidate
2024-07-18 11:33:39,879 [0339cccf-75ab-4f40-8420-baf6c795ced3@group-850A67E39A52-FollowerState] INFO  server.RaftServerConfigKeys (ConfUtils.java:logGet(46)) - raft.server.leaderelection.pre-vote = true (default)
2024-07-18 11:33:39,880 [0339cccf-75ab-4f40-8420-baf6c795ced3@group-850A67E39A52-FollowerState] INFO  impl.RoleInfo (RoleInfo.java:updateAndGet(148)) - 0339cccf-75ab-4f40-8420-baf6c795ced3: start 0339cccf-75ab-4f40-8420-baf6c795ced3@group-850A67E39A52-LeaderElection5
2024-07-18 11:33:39,880 [0339cccf-75ab-4f40-8420-baf6c795ced3@group-850A67E39A52-LeaderElection5] INFO  impl.LeaderElection (LeaderElection.java:askForVotes(321)) - 0339cccf-75ab-4f40-8420-baf6c795ced3@group-850A67E39A52-LeaderElection5 PRE_VOTE round 0: submit vote requests at term 0 for conf: {index: -1, cur=peers:[0339cccf-75ab-4f40-8420-baf6c795ced3|127.0.0.1:15030]|listeners:[], old=null}
2024-07-18 11:33:39,880 [0339cccf-75ab-4f40-8420-baf6c795ced3@group-850A67E39A52-LeaderElection5] INFO  impl.LeaderElection (LeaderElection.java:askForVotes(323)) - 0339cccf-75ab-4f40-8420-baf6c795ced3@group-850A67E39A52-LeaderElection5 PRE_VOTE round 0: result PASSED (term=0)
2024-07-18 11:33:39,882 [0339cccf-75ab-4f40-8420-baf6c795ced3@group-850A67E39A52-LeaderElection5] INFO  impl.LeaderElection (LeaderElection.java:askForVotes(321)) - 0339cccf-75ab-4f40-8420-baf6c795ced3@group-850A67E39A52-LeaderElection5 ELECTION round 0: submit vote requests at term 1 for conf: {index: -1, cur=peers:[0339cccf-75ab-4f40-8420-baf6c795ced3|127.0.0.1:15030]|listeners:[], old=null}
2024-07-18 11:33:39,882 [0339cccf-75ab-4f40-8420-baf6c795ced3@group-850A67E39A52-LeaderElection5] INFO  impl.LeaderElection (LeaderElection.java:askForVotes(323)) - 0339cccf-75ab-4f40-8420-baf6c795ced3@group-850A67E39A52-LeaderElection5 ELECTION round 0: result PASSED (term=1)
2024-07-18 11:33:39,882 [0339cccf-75ab-4f40-8420-baf6c795ced3@group-850A67E39A52-LeaderElection5] INFO  impl.RoleInfo (RoleInfo.java:shutdownLeaderElection(139)) - 0339cccf-75ab-4f40-8420-baf6c795ced3: shutdown 0339cccf-75ab-4f40-8420-baf6c795ced3@group-850A67E39A52-LeaderElection5
2024-07-18 11:33:39,882 [0339cccf-75ab-4f40-8420-baf6c795ced3@group-850A67E39A52-LeaderElection5] INFO  server.RaftServer$Division (RaftServerImpl.java:setRole(376)) - 0339cccf-75ab-4f40-8420-baf6c795ced3@group-850A67E39A52: changes role from CANDIDATE to LEADER at term 1 for changeToLeader
2024-07-18 11:33:39,882 [0339cccf-75ab-4f40-8420-baf6c795ced3@group-850A67E39A52-LeaderElection5] INFO  server.RaftServerConfigKeys (ConfUtils.java:logGet(46)) - raft.server.staging.catchup.gap = 1000 (default)
2024-07-18 11:33:39,882 [0339cccf-75ab-4f40-8420-baf6c795ced3@group-850A67E39A52-LeaderElection5] INFO  server.RaftServerConfigKeys (ConfUtils.java:logGet(46)) - raft.server.write.element-limit = 1024 (custom)
2024-07-18 11:33:39,882 [0339cccf-75ab-4f40-8420-baf6c795ced3@group-850A67E39A52-LeaderElection5] INFO  server.RaftServerConfigKeys (ConfUtils.java:logGet(46)) - raft.server.write.byte-limit = 1024 M (=1073741824) (custom)
2024-07-18 11:33:39,883 [0339cccf-75ab-4f40-8420-baf6c795ced3@group-850A67E39A52-LeaderElection5] INFO  server.RaftServerConfigKeys (ConfUtils.java:logGet(46)) - raft.server.watch.timeout = 30s (custom)
2024-07-18 11:33:39,883 [0339cccf-75ab-4f40-8420-baf6c795ced3@group-850A67E39A52-LeaderElection5] INFO  server.RaftServerConfigKeys (ConfUtils.java:logGet(46)) - raft.server.watch.timeout.denomination = 1s (default)
2024-07-18 11:33:39,883 [0339cccf-75ab-4f40-8420-baf6c795ced3@group-850A67E39A52-LeaderElection5] INFO  server.RaftServerConfigKeys (ConfUtils.java:logGet(46)) - raft.server.watch.element-limit = 65536 (default)
2024-07-18 11:33:39,884 [0339cccf-75ab-4f40-8420-baf6c795ced3@group-850A67E39A52-LeaderElection5] INFO  server.RaftServerConfigKeys (ConfUtils.java:logGet(46)) - raft.server.read.leader.lease.enabled = false (default)
2024-07-18 11:33:39,884 [0339cccf-75ab-4f40-8420-baf6c795ced3@group-850A67E39A52-LeaderElection5] INFO  server.RaftServerConfigKeys (ConfUtils.java:logGet(46)) - raft.server.read.leader.lease.timeout.ratio = 0.9 (default)
2024-07-18 11:33:39,884 [0339cccf-75ab-4f40-8420-baf6c795ced3@group-850A67E39A52-LeaderElection5] INFO  server.RaftServerConfigKeys (ConfUtils.java:logGet(46)) - raft.server.rpc.timeout.min = 5s (custom)
2024-07-18 11:33:39,884 [0339cccf-75ab-4f40-8420-baf6c795ced3@group-850A67E39A52-LeaderElection5] INFO  server.RaftServerConfigKeys (ConfUtils.java:logGet(46)) - raft.server.log.log-metadata.enabled = true (default)
2024-07-18 11:33:39,884 [0339cccf-75ab-4f40-8420-baf6c795ced3@group-850A67E39A52-LeaderElection5] INFO  server.RaftServerConfigKeys (ConfUtils.java:logGet(46)) - raft.server.write.element-limit = 1024 (custom)
2024-07-18 11:33:39,884 [0339cccf-75ab-4f40-8420-baf6c795ced3@group-850A67E39A52-LeaderElection5] INFO  server.RaftServerConfigKeys (ConfUtils.java:logGet(46)) - raft.server.write.follower.gap.ratio.max = -1.0 (default)
2024-07-18 11:33:39,884 [0339cccf-75ab-4f40-8420-baf6c795ced3@group-850A67E39A52-LeaderElection5] INFO  impl.RoleInfo (RoleInfo.java:updateAndGet(148)) - 0339cccf-75ab-4f40-8420-baf6c795ced3: start 0339cccf-75ab-4f40-8420-baf6c795ced3@group-850A67E39A52-LeaderStateImpl
2024-07-18 11:33:39,884 [0339cccf-75ab-4f40-8420-baf6c795ced3@group-850A67E39A52-LeaderElection5] INFO  server.RaftServer$Division (RaftServerImpl.java:setFirstElection(549)) - 0339cccf-75ab-4f40-8420-baf6c795ced3@group-850A67E39A52: set firstElectionSinceStartup to false for becomeLeader
2024-07-18 11:33:39,884 [0339cccf-75ab-4f40-8420-baf6c795ced3@group-850A67E39A52-LeaderElection5] INFO  ratis.XceiverServerRatis (XceiverServerRatis.java:handleLeaderChangedNotification(950)) - Leader change notification received for group: group-850A67E39A52 with new leaderId: 0339cccf-75ab-4f40-8420-baf6c795ced3
2024-07-18 11:33:39,885 [0339cccf-75ab-4f40-8420-baf6c795ced3@group-850A67E39A52-LeaderElection5] INFO  server.RaftServer$Division (ServerState.java:setLeader(272)) - 0339cccf-75ab-4f40-8420-baf6c795ced3@group-850A67E39A52: change Leader from null to 0339cccf-75ab-4f40-8420-baf6c795ced3 at term 1 for becomeLeader, leader elected after 5140ms
2024-07-18 11:33:39,885 [0339cccf-75ab-4f40-8420-baf6c795ced3@group-850A67E39A52-LeaderElection5] INFO  segmented.SegmentedRaftLogWorker (SegmentedRaftLogWorker.java:startLogSegment(433)) - 0339cccf-75ab-4f40-8420-baf6c795ced3@group-850A67E39A52-SegmentedRaftLogWorker: Starting segment from index:0
2024-07-18 11:33:39,886 [0339cccf-75ab-4f40-8420-baf6c795ced3@group-850A67E39A52-LeaderElection5] INFO  server.RaftServer$Division (ServerState.java:setRaftConf(386)) - 0339cccf-75ab-4f40-8420-baf6c795ced3@group-850A67E39A52: set configuration conf: {index: 0, cur=peers:[0339cccf-75ab-4f40-8420-baf6c795ced3|127.0.0.1:15030]|listeners:[], old=null}
2024-07-18 11:33:39,886 [0339cccf-75ab-4f40-8420-baf6c795ced3@group-850A67E39A52-SegmentedRaftLogWorker] INFO  segmented.BufferedWriteChannel (BufferedWriteChannel.java:open(61)) - open log_inprogress_0 at position 0
2024-07-18 11:33:39,887 [scmNode-1-EventQueue-OpenPipelineForHealthyPipelineSafeModeRule] INFO  safemode.SCMSafeModeManager (HealthyPipelineSafeModeRule.java:process(140)) - SCM in safe mode. Healthy pipelines reported count is 0, required healthy pipeline reported count is 1
2024-07-18 11:33:39,896 [0339cccf-75ab-4f40-8420-baf6c795ced3@group-850A67E39A52-SegmentedRaftLogWorker] INFO  segmented.SegmentedRaftLogWorker (SegmentedRaftLogWorker.java:execute(637)) - 0339cccf-75ab-4f40-8420-baf6c795ced3@group-850A67E39A52-SegmentedRaftLogWorker: created new log segment /home/runner/work/ozone/ozone/hadoop-ozone/integration-test/target/test-dir/MiniOzoneClusterImpl-c0b7f50e-f813-4849-95b3-646bdd98e01d/ozone-meta/datanode-1/ratis/2ed2c354-8c0b-4cab-9287-850a67e39a52/current/log_inprogress_0
2024-07-18 11:33:39,898 [0339cccf-75ab-4f40-8420-baf6c795ced3@group-850A67E39A52-StateMachineUpdater] INFO  server.RaftServer$Division (LeaderStateImpl.java:checkStartIndex(316)) - Leader 0339cccf-75ab-4f40-8420-baf6c795ced3@group-850A67E39A52-LeaderStateImpl is ready since appliedIndex == startIndex == 0
2024-07-18 11:33:39,985 [0d591c3e-1cf4-45a6-8ac8-82f56607a94d@group-258987903ABD-FollowerState] INFO  impl.FollowerState (FollowerState.java:run(144)) - 0d591c3e-1cf4-45a6-8ac8-82f56607a94d@group-258987903ABD-FollowerState: change to CANDIDATE, lastRpcElapsedTime:5113711126ns, electionTimeout:5113ms
2024-07-18 11:33:39,985 [0d591c3e-1cf4-45a6-8ac8-82f56607a94d@group-258987903ABD-FollowerState] INFO  impl.RoleInfo (RoleInfo.java:shutdownFollowerState(119)) - 0d591c3e-1cf4-45a6-8ac8-82f56607a94d: shutdown 0d591c3e-1cf4-45a6-8ac8-82f56607a94d@group-258987903ABD-FollowerState
2024-07-18 11:33:39,985 [0d591c3e-1cf4-45a6-8ac8-82f56607a94d@group-258987903ABD-FollowerState] INFO  server.RaftServer$Division (RaftServerImpl.java:setRole(376)) - 0d591c3e-1cf4-45a6-8ac8-82f56607a94d@group-258987903ABD: changes role from  FOLLOWER to CANDIDATE at term 0 for changeToCandidate
2024-07-18 11:33:39,985 [0d591c3e-1cf4-45a6-8ac8-82f56607a94d@group-258987903ABD-FollowerState] INFO  server.RaftServerConfigKeys (ConfUtils.java:logGet(46)) - raft.server.leaderelection.pre-vote = true (default)
2024-07-18 11:33:39,985 [0d591c3e-1cf4-45a6-8ac8-82f56607a94d@group-258987903ABD-FollowerState] INFO  impl.RoleInfo (RoleInfo.java:updateAndGet(148)) - 0d591c3e-1cf4-45a6-8ac8-82f56607a94d: start 0d591c3e-1cf4-45a6-8ac8-82f56607a94d@group-258987903ABD-LeaderElection6
2024-07-18 11:33:39,986 [0d591c3e-1cf4-45a6-8ac8-82f56607a94d@group-258987903ABD-LeaderElection6] INFO  impl.LeaderElection (LeaderElection.java:askForVotes(321)) - 0d591c3e-1cf4-45a6-8ac8-82f56607a94d@group-258987903ABD-LeaderElection6 PRE_VOTE round 0: submit vote requests at term 0 for conf: {index: -1, cur=peers:[df04cc9d-3067-478c-80ae-8f73b6a024a8|127.0.0.1:15039, 0d591c3e-1cf4-45a6-8ac8-82f56607a94d|127.0.0.1:15048, 0339cccf-75ab-4f40-8420-baf6c795ced3|127.0.0.1:15030]|listeners:[], old=null}
2024-07-18 11:33:39,986 [0d591c3e-1cf4-45a6-8ac8-82f56607a94d@group-258987903ABD-LeaderElection6-1] INFO  server.GrpcServerProtocolClient (GrpcServerProtocolClient.java:<init>(65)) - Build channel for df04cc9d-3067-478c-80ae-8f73b6a024a8|127.0.0.1:15039
2024-07-18 11:33:39,986 [0d591c3e-1cf4-45a6-8ac8-82f56607a94d@group-258987903ABD-LeaderElection6-2] INFO  server.GrpcServerProtocolClient (GrpcServerProtocolClient.java:<init>(65)) - Build channel for 0339cccf-75ab-4f40-8420-baf6c795ced3|127.0.0.1:15030
2024-07-18 11:33:39,986 [0d591c3e-1cf4-45a6-8ac8-82f56607a94d@group-258987903ABD-LeaderElection6] INFO  server.RaftServerConfigKeys (ConfUtils.java:logFallback(53)) - raft.server.rpc.first-election.timeout.min = 5s (fallback to raft.server.rpc.timeout.min)
2024-07-18 11:33:39,987 [0d591c3e-1cf4-45a6-8ac8-82f56607a94d@group-258987903ABD-LeaderElection6] INFO  server.RaftServerConfigKeys (ConfUtils.java:logFallback(53)) - raft.server.rpc.first-election.timeout.max = 5200ms (fallback to raft.server.rpc.timeout.max)
2024-07-18 11:33:39,992 [grpc-default-executor-1] INFO  server.RaftServer$Division (RaftServerImpl.java:requestVote(1416)) - df04cc9d-3067-478c-80ae-8f73b6a024a8@group-258987903ABD: receive requestVote(PRE_VOTE, 0d591c3e-1cf4-45a6-8ac8-82f56607a94d, group-258987903ABD, 0, (t:0, i:0))
2024-07-18 11:33:39,992 [grpc-default-executor-1] INFO  impl.VoteContext (VoteContext.java:log(49)) - df04cc9d-3067-478c-80ae-8f73b6a024a8@group-258987903ABD-FOLLOWER: accept PRE_VOTE from 0d591c3e-1cf4-45a6-8ac8-82f56607a94d: our priority 0 <= candidate's priority 1
2024-07-18 11:33:39,992 [grpc-default-executor-1] INFO  server.RaftServer$Division (RaftServerImpl.java:requestVote(1449)) - df04cc9d-3067-478c-80ae-8f73b6a024a8@group-258987903ABD replies to PRE_VOTE vote request: 0d591c3e-1cf4-45a6-8ac8-82f56607a94d<-df04cc9d-3067-478c-80ae-8f73b6a024a8#0:OK-t0. Peer's state: df04cc9d-3067-478c-80ae-8f73b6a024a8@group-258987903ABD:t0, leader=null, voted=, raftlog=Memoized:df04cc9d-3067-478c-80ae-8f73b6a024a8@group-258987903ABD-SegmentedRaftLog:OPENED:c-1:lastnull, conf=conf: {index: -1, cur=peers:[df04cc9d-3067-478c-80ae-8f73b6a024a8|127.0.0.1:15039, 0d591c3e-1cf4-45a6-8ac8-82f56607a94d|127.0.0.1:15048, 0339cccf-75ab-4f40-8420-baf6c795ced3|127.0.0.1:15030]|listeners:[], old=null}
2024-07-18 11:33:39,993 [0d591c3e-1cf4-45a6-8ac8-82f56607a94d@group-258987903ABD-LeaderElection6] INFO  impl.LeaderElection (LeaderElection.java:logAndReturn(89)) - 0d591c3e-1cf4-45a6-8ac8-82f56607a94d@group-258987903ABD-LeaderElection6: PRE_VOTE PASSED received 1 response(s) and 0 exception(s):
2024-07-18 11:33:39,994 [0d591c3e-1cf4-45a6-8ac8-82f56607a94d@group-258987903ABD-LeaderElection6] INFO  impl.LeaderElection (LeaderElection.java:logAndReturn(93)) -   Response 0: 0d591c3e-1cf4-45a6-8ac8-82f56607a94d<-df04cc9d-3067-478c-80ae-8f73b6a024a8#0:OK-t0
2024-07-18 11:33:39,994 [0d591c3e-1cf4-45a6-8ac8-82f56607a94d@group-258987903ABD-LeaderElection6] INFO  impl.LeaderElection (LeaderElection.java:askForVotes(323)) - 0d591c3e-1cf4-45a6-8ac8-82f56607a94d@group-258987903ABD-LeaderElection6 PRE_VOTE round 0: result PASSED
2024-07-18 11:33:39,994 [grpc-default-executor-1] INFO  server.RaftServer$Division (RaftServerImpl.java:requestVote(1416)) - 0339cccf-75ab-4f40-8420-baf6c795ced3@group-258987903ABD: receive requestVote(PRE_VOTE, 0d591c3e-1cf4-45a6-8ac8-82f56607a94d, group-258987903ABD, 0, (t:0, i:0))
2024-07-18 11:33:39,994 [grpc-default-executor-1] INFO  impl.VoteContext (VoteContext.java:log(49)) - 0339cccf-75ab-4f40-8420-baf6c795ced3@group-258987903ABD-FOLLOWER: accept PRE_VOTE from 0d591c3e-1cf4-45a6-8ac8-82f56607a94d: our priority 0 <= candidate's priority 1
2024-07-18 11:33:39,995 [grpc-default-executor-1] INFO  server.RaftServer$Division (RaftServerImpl.java:requestVote(1449)) - 0339cccf-75ab-4f40-8420-baf6c795ced3@group-258987903ABD replies to PRE_VOTE vote request: 0d591c3e-1cf4-45a6-8ac8-82f56607a94d<-0339cccf-75ab-4f40-8420-baf6c795ced3#0:OK-t0. Peer's state: 0339cccf-75ab-4f40-8420-baf6c795ced3@group-258987903ABD:t0, leader=null, voted=, raftlog=Memoized:0339cccf-75ab-4f40-8420-baf6c795ced3@group-258987903ABD-SegmentedRaftLog:OPENED:c-1:lastnull, conf=conf: {index: -1, cur=peers:[df04cc9d-3067-478c-80ae-8f73b6a024a8|127.0.0.1:15039, 0d591c3e-1cf4-45a6-8ac8-82f56607a94d|127.0.0.1:15048, 0339cccf-75ab-4f40-8420-baf6c795ced3|127.0.0.1:15030]|listeners:[], old=null}
2024-07-18 11:33:39,995 [0d591c3e-1cf4-45a6-8ac8-82f56607a94d@group-258987903ABD-LeaderElection6] INFO  impl.LeaderElection (LeaderElection.java:askForVotes(321)) - 0d591c3e-1cf4-45a6-8ac8-82f56607a94d@group-258987903ABD-LeaderElection6 ELECTION round 0: submit vote requests at term 1 for conf: {index: -1, cur=peers:[df04cc9d-3067-478c-80ae-8f73b6a024a8|127.0.0.1:15039, 0d591c3e-1cf4-45a6-8ac8-82f56607a94d|127.0.0.1:15048, 0339cccf-75ab-4f40-8420-baf6c795ced3|127.0.0.1:15030]|listeners:[], old=null}
2024-07-18 11:33:39,996 [0d591c3e-1cf4-45a6-8ac8-82f56607a94d@group-258987903ABD-LeaderElection6] INFO  server.RaftServerConfigKeys (ConfUtils.java:logFallback(53)) - raft.server.rpc.first-election.timeout.min = 5s (fallback to raft.server.rpc.timeout.min)
2024-07-18 11:33:39,996 [0d591c3e-1cf4-45a6-8ac8-82f56607a94d@group-258987903ABD-LeaderElection6] INFO  server.RaftServerConfigKeys (ConfUtils.java:logFallback(53)) - raft.server.rpc.first-election.timeout.max = 5200ms (fallback to raft.server.rpc.timeout.max)
2024-07-18 11:33:39,997 [grpc-default-executor-1] INFO  server.RaftServer$Division (RaftServerImpl.java:requestVote(1416)) - df04cc9d-3067-478c-80ae-8f73b6a024a8@group-258987903ABD: receive requestVote(ELECTION, 0d591c3e-1cf4-45a6-8ac8-82f56607a94d, group-258987903ABD, 1, (t:0, i:0))
2024-07-18 11:33:39,997 [grpc-default-executor-1] INFO  impl.VoteContext (VoteContext.java:log(49)) - df04cc9d-3067-478c-80ae-8f73b6a024a8@group-258987903ABD-FOLLOWER: accept ELECTION from 0d591c3e-1cf4-45a6-8ac8-82f56607a94d: our priority 0 <= candidate's priority 1
2024-07-18 11:33:39,997 [grpc-default-executor-1] INFO  server.RaftServer$Division (RaftServerImpl.java:setRole(376)) - df04cc9d-3067-478c-80ae-8f73b6a024a8@group-258987903ABD: changes role from  FOLLOWER to FOLLOWER at term 1 for candidate:0d591c3e-1cf4-45a6-8ac8-82f56607a94d
2024-07-18 11:33:39,997 [grpc-default-executor-1] INFO  impl.RoleInfo (RoleInfo.java:shutdownFollowerState(119)) - df04cc9d-3067-478c-80ae-8f73b6a024a8: shutdown df04cc9d-3067-478c-80ae-8f73b6a024a8@group-258987903ABD-FollowerState
2024-07-18 11:33:39,997 [grpc-default-executor-1] INFO  impl.RoleInfo (RoleInfo.java:updateAndGet(148)) - df04cc9d-3067-478c-80ae-8f73b6a024a8: start df04cc9d-3067-478c-80ae-8f73b6a024a8@group-258987903ABD-FollowerState
2024-07-18 11:33:39,997 [df04cc9d-3067-478c-80ae-8f73b6a024a8@group-258987903ABD-FollowerState] INFO  impl.FollowerState (FollowerState.java:run(153)) - df04cc9d-3067-478c-80ae-8f73b6a024a8@group-258987903ABD-FollowerState was interrupted
2024-07-18 11:33:39,998 [grpc-default-executor-1] INFO  server.RaftServer$Division (RaftServerImpl.java:setFirstElection(549)) - df04cc9d-3067-478c-80ae-8f73b6a024a8@group-258987903ABD: set firstElectionSinceStartup to false for candidate:0d591c3e-1cf4-45a6-8ac8-82f56607a94d
2024-07-18 11:33:39,998 [grpc-default-executor-5] INFO  server.RaftServer$Division (RaftServerImpl.java:requestVote(1416)) - 0339cccf-75ab-4f40-8420-baf6c795ced3@group-258987903ABD: receive requestVote(ELECTION, 0d591c3e-1cf4-45a6-8ac8-82f56607a94d, group-258987903ABD, 1, (t:0, i:0))
2024-07-18 11:33:39,999 [grpc-default-executor-5] INFO  impl.VoteContext (VoteContext.java:log(49)) - 0339cccf-75ab-4f40-8420-baf6c795ced3@group-258987903ABD-FOLLOWER: accept ELECTION from 0d591c3e-1cf4-45a6-8ac8-82f56607a94d: our priority 0 <= candidate's priority 1
2024-07-18 11:33:39,999 [grpc-default-executor-5] INFO  server.RaftServer$Division (RaftServerImpl.java:setRole(376)) - 0339cccf-75ab-4f40-8420-baf6c795ced3@group-258987903ABD: changes role from  FOLLOWER to FOLLOWER at term 1 for candidate:0d591c3e-1cf4-45a6-8ac8-82f56607a94d
2024-07-18 11:33:39,999 [grpc-default-executor-5] INFO  impl.RoleInfo (RoleInfo.java:shutdownFollowerState(119)) - 0339cccf-75ab-4f40-8420-baf6c795ced3: shutdown 0339cccf-75ab-4f40-8420-baf6c795ced3@group-258987903ABD-FollowerState
2024-07-18 11:33:39,999 [grpc-default-executor-5] INFO  impl.RoleInfo (RoleInfo.java:updateAndGet(148)) - 0339cccf-75ab-4f40-8420-baf6c795ced3: start 0339cccf-75ab-4f40-8420-baf6c795ced3@group-258987903ABD-FollowerState
2024-07-18 11:33:39,999 [0339cccf-75ab-4f40-8420-baf6c795ced3@group-258987903ABD-FollowerState] INFO  impl.FollowerState (FollowerState.java:run(153)) - 0339cccf-75ab-4f40-8420-baf6c795ced3@group-258987903ABD-FollowerState was interrupted
2024-07-18 11:33:39,999 [grpc-default-executor-1] INFO  server.RaftServer$Division (RaftServerImpl.java:requestVote(1449)) - df04cc9d-3067-478c-80ae-8f73b6a024a8@group-258987903ABD replies to ELECTION vote request: 0d591c3e-1cf4-45a6-8ac8-82f56607a94d<-df04cc9d-3067-478c-80ae-8f73b6a024a8#0:OK-t1. Peer's state: df04cc9d-3067-478c-80ae-8f73b6a024a8@group-258987903ABD:t1, leader=null, voted=0d591c3e-1cf4-45a6-8ac8-82f56607a94d, raftlog=Memoized:df04cc9d-3067-478c-80ae-8f73b6a024a8@group-258987903ABD-SegmentedRaftLog:OPENED:c-1:lastnull, conf=conf: {index: -1, cur=peers:[df04cc9d-3067-478c-80ae-8f73b6a024a8|127.0.0.1:15039, 0d591c3e-1cf4-45a6-8ac8-82f56607a94d|127.0.0.1:15048, 0339cccf-75ab-4f40-8420-baf6c795ced3|127.0.0.1:15030]|listeners:[], old=null}
2024-07-18 11:33:40,000 [grpc-default-executor-5] INFO  server.RaftServer$Division (RaftServerImpl.java:requestVote(1449)) - 0339cccf-75ab-4f40-8420-baf6c795ced3@group-258987903ABD replies to ELECTION vote request: 0d591c3e-1cf4-45a6-8ac8-82f56607a94d<-0339cccf-75ab-4f40-8420-baf6c795ced3#0:OK-t1. Peer's state: 0339cccf-75ab-4f40-8420-baf6c795ced3@group-258987903ABD:t1, leader=null, voted=0d591c3e-1cf4-45a6-8ac8-82f56607a94d, raftlog=Memoized:0339cccf-75ab-4f40-8420-baf6c795ced3@group-258987903ABD-SegmentedRaftLog:OPENED:c-1:lastnull, conf=conf: {index: -1, cur=peers:[df04cc9d-3067-478c-80ae-8f73b6a024a8|127.0.0.1:15039, 0d591c3e-1cf4-45a6-8ac8-82f56607a94d|127.0.0.1:15048, 0339cccf-75ab-4f40-8420-baf6c795ced3|127.0.0.1:15030]|listeners:[], old=null}
2024-07-18 11:33:40,001 [0d591c3e-1cf4-45a6-8ac8-82f56607a94d@group-258987903ABD-LeaderElection6] INFO  impl.LeaderElection (LeaderElection.java:logAndReturn(89)) - 0d591c3e-1cf4-45a6-8ac8-82f56607a94d@group-258987903ABD-LeaderElection6: ELECTION PASSED received 1 response(s) and 0 exception(s):
2024-07-18 11:33:40,001 [0d591c3e-1cf4-45a6-8ac8-82f56607a94d@group-258987903ABD-LeaderElection6] INFO  impl.LeaderElection (LeaderElection.java:logAndReturn(93)) -   Response 0: 0d591c3e-1cf4-45a6-8ac8-82f56607a94d<-df04cc9d-3067-478c-80ae-8f73b6a024a8#0:OK-t1
2024-07-18 11:33:40,001 [0d591c3e-1cf4-45a6-8ac8-82f56607a94d@group-258987903ABD-LeaderElection6] INFO  impl.LeaderElection (LeaderElection.java:askForVotes(323)) - 0d591c3e-1cf4-45a6-8ac8-82f56607a94d@group-258987903ABD-LeaderElection6 ELECTION round 0: result PASSED
2024-07-18 11:33:40,001 [0d591c3e-1cf4-45a6-8ac8-82f56607a94d@group-258987903ABD-LeaderElection6] INFO  impl.RoleInfo (RoleInfo.java:shutdownLeaderElection(139)) - 0d591c3e-1cf4-45a6-8ac8-82f56607a94d: shutdown 0d591c3e-1cf4-45a6-8ac8-82f56607a94d@group-258987903ABD-LeaderElection6
2024-07-18 11:33:40,001 [0d591c3e-1cf4-45a6-8ac8-82f56607a94d@group-258987903ABD-LeaderElection6] INFO  server.RaftServer$Division (RaftServerImpl.java:setRole(376)) - 0d591c3e-1cf4-45a6-8ac8-82f56607a94d@group-258987903ABD: changes role from CANDIDATE to LEADER at term 1 for changeToLeader
2024-07-18 11:33:40,001 [0d591c3e-1cf4-45a6-8ac8-82f56607a94d@group-258987903ABD-LeaderElection6] INFO  server.RaftServerConfigKeys (ConfUtils.java:logGet(46)) - raft.server.staging.catchup.gap = 1000 (default)
2024-07-18 11:33:40,002 [0d591c3e-1cf4-45a6-8ac8-82f56607a94d@group-258987903ABD-LeaderElection6] INFO  server.RaftServerConfigKeys (ConfUtils.java:logGet(46)) - raft.server.write.element-limit = 1024 (custom)
2024-07-18 11:33:40,002 [0d591c3e-1cf4-45a6-8ac8-82f56607a94d@group-258987903ABD-LeaderElection6] INFO  server.RaftServerConfigKeys (ConfUtils.java:logGet(46)) - raft.server.write.byte-limit = 1024 M (=1073741824) (custom)
2024-07-18 11:33:40,002 [0d591c3e-1cf4-45a6-8ac8-82f56607a94d@group-258987903ABD-LeaderElection6] INFO  server.RaftServerConfigKeys (ConfUtils.java:logGet(46)) - raft.server.watch.timeout = 30s (custom)
2024-07-18 11:33:40,002 [0d591c3e-1cf4-45a6-8ac8-82f56607a94d@group-258987903ABD-LeaderElection6] INFO  server.RaftServerConfigKeys (ConfUtils.java:logGet(46)) - raft.server.watch.timeout.denomination = 1s (default)
2024-07-18 11:33:40,002 [0d591c3e-1cf4-45a6-8ac8-82f56607a94d@group-258987903ABD-LeaderElection6] INFO  server.RaftServerConfigKeys (ConfUtils.java:logGet(46)) - raft.server.watch.element-limit = 65536 (default)
2024-07-18 11:33:40,003 [0d591c3e-1cf4-45a6-8ac8-82f56607a94d@group-258987903ABD-LeaderElection6] INFO  server.RaftServerConfigKeys (ConfUtils.java:logGet(46)) - raft.server.read.leader.lease.enabled = false (default)
2024-07-18 11:33:40,003 [0d591c3e-1cf4-45a6-8ac8-82f56607a94d@group-258987903ABD-LeaderElection6] INFO  server.RaftServerConfigKeys (ConfUtils.java:logGet(46)) - raft.server.read.leader.lease.timeout.ratio = 0.9 (default)
2024-07-18 11:33:40,003 [0d591c3e-1cf4-45a6-8ac8-82f56607a94d@group-258987903ABD-LeaderElection6] INFO  server.RaftServerConfigKeys (ConfUtils.java:logGet(46)) - raft.server.rpc.timeout.min = 5s (custom)
2024-07-18 11:33:40,003 [0d591c3e-1cf4-45a6-8ac8-82f56607a94d@group-258987903ABD-LeaderElection6] INFO  server.RaftServerConfigKeys (ConfUtils.java:logGet(46)) - raft.server.log.log-metadata.enabled = true (default)
2024-07-18 11:33:40,003 [0d591c3e-1cf4-45a6-8ac8-82f56607a94d@group-258987903ABD-LeaderElection6] INFO  server.RaftServerConfigKeys (ConfUtils.java:logGet(46)) - raft.server.write.element-limit = 1024 (custom)
2024-07-18 11:33:40,003 [0d591c3e-1cf4-45a6-8ac8-82f56607a94d@group-258987903ABD-LeaderElection6] INFO  server.RaftServerConfigKeys (ConfUtils.java:logGet(46)) - raft.server.write.follower.gap.ratio.max = -1.0 (default)
2024-07-18 11:33:40,003 [0d591c3e-1cf4-45a6-8ac8-82f56607a94d@group-258987903ABD-LeaderElection6] INFO  server.RaftServerConfigKeys (ConfUtils.java:logGet(46)) - raft.server.log.appender.snapshot.chunk.size.max = 16MB (=16777216) (default)
2024-07-18 11:33:40,004 [0d591c3e-1cf4-45a6-8ac8-82f56607a94d@group-258987903ABD-LeaderElection6] INFO  server.RaftServerConfigKeys (ConfUtils.java:logGet(46)) - raft.server.log.appender.buffer.byte-limit = 8388608 (custom)
2024-07-18 11:33:40,004 [0d591c3e-1cf4-45a6-8ac8-82f56607a94d@group-258987903ABD-LeaderElection6] INFO  server.RaftServerConfigKeys (ConfUtils.java:logGet(46)) - raft.server.log.appender.buffer.element-limit = 1024 (custom)
2024-07-18 11:33:40,004 [0d591c3e-1cf4-45a6-8ac8-82f56607a94d@group-258987903ABD-LeaderElection6] INFO  server.RaftServerConfigKeys (ConfUtils.java:logGet(46)) - raft.server.log.appender.wait-time.min = 0μs (custom)
2024-07-18 11:33:40,004 [0d591c3e-1cf4-45a6-8ac8-82f56607a94d@group-258987903ABD-LeaderElection6] INFO  grpc.GrpcConfigKeys (ConfUtils.java:logGet(46)) - raft.grpc.server.leader.outstanding.appends.max = 8 (default)
2024-07-18 11:33:40,004 [0d591c3e-1cf4-45a6-8ac8-82f56607a94d@group-258987903ABD-LeaderElection6] INFO  server.RaftServerConfigKeys (ConfUtils.java:logGet(46)) - raft.server.rpc.request.timeout = 60s (custom)
2024-07-18 11:33:40,005 [0d591c3e-1cf4-45a6-8ac8-82f56607a94d@group-258987903ABD-LeaderElection6] INFO  grpc.GrpcConfigKeys (ConfUtils.java:logGet(46)) - raft.grpc.server.install_snapshot.request.element-limit = 8 (default)
2024-07-18 11:33:40,005 [0d591c3e-1cf4-45a6-8ac8-82f56607a94d@group-258987903ABD-LeaderElection6] INFO  grpc.GrpcConfigKeys (ConfUtils.java:logGet(46)) - raft.grpc.server.install_snapshot.request.timeout = 3000ms (default)
2024-07-18 11:33:40,005 [0d591c3e-1cf4-45a6-8ac8-82f56607a94d@group-258987903ABD-LeaderElection6] INFO  grpc.GrpcConfigKeys (ConfUtils.java:logGet(46)) - raft.grpc.server.log-message.batch.duration = 5s (default)
2024-07-18 11:33:40,005 [0d591c3e-1cf4-45a6-8ac8-82f56607a94d@group-258987903ABD-LeaderElection6] INFO  server.RaftServerConfigKeys (ConfUtils.java:logGet(46)) - raft.server.log.appender.install.snapshot.enabled = false (custom)
2024-07-18 11:33:40,005 [0d591c3e-1cf4-45a6-8ac8-82f56607a94d@group-258987903ABD-LeaderElection6] INFO  grpc.GrpcConfigKeys (ConfUtils.java:logGet(46)) - raft.grpc.server.heartbeat.channel = true (default)
2024-07-18 11:33:40,006 [0d591c3e-1cf4-45a6-8ac8-82f56607a94d@group-258987903ABD-LeaderElection6] INFO  server.RaftServerConfigKeys (ConfUtils.java:logGet(46)) - raft.server.log.appender.snapshot.chunk.size.max = 16MB (=16777216) (default)
2024-07-18 11:33:40,007 [0d591c3e-1cf4-45a6-8ac8-82f56607a94d@group-258987903ABD-LeaderElection6] INFO  server.RaftServerConfigKeys (ConfUtils.java:logGet(46)) - raft.server.log.appender.buffer.byte-limit = 8388608 (custom)
2024-07-18 11:33:40,007 [0d591c3e-1cf4-45a6-8ac8-82f56607a94d@group-258987903ABD-LeaderElection6] INFO  server.RaftServerConfigKeys (ConfUtils.java:logGet(46)) - raft.server.log.appender.buffer.element-limit = 1024 (custom)
2024-07-18 11:33:40,007 [0d591c3e-1cf4-45a6-8ac8-82f56607a94d@group-258987903ABD-LeaderElection6] INFO  server.RaftServerConfigKeys (ConfUtils.java:logGet(46)) - raft.server.log.appender.wait-time.min = 0μs (custom)
2024-07-18 11:33:40,008 [0d591c3e-1cf4-45a6-8ac8-82f56607a94d@group-258987903ABD-LeaderElection6] INFO  grpc.GrpcConfigKeys (ConfUtils.java:logGet(46)) - raft.grpc.server.leader.outstanding.appends.max = 8 (default)
2024-07-18 11:33:40,008 [0d591c3e-1cf4-45a6-8ac8-82f56607a94d@group-258987903ABD-LeaderElection6] INFO  server.RaftServerConfigKeys (ConfUtils.java:logGet(46)) - raft.server.rpc.request.timeout = 60s (custom)
2024-07-18 11:33:40,008 [0d591c3e-1cf4-45a6-8ac8-82f56607a94d@group-258987903ABD-LeaderElection6] INFO  grpc.GrpcConfigKeys (ConfUtils.java:logGet(46)) - raft.grpc.server.install_snapshot.request.element-limit = 8 (default)
2024-07-18 11:33:40,008 [0d591c3e-1cf4-45a6-8ac8-82f56607a94d@group-258987903ABD-LeaderElection6] INFO  grpc.GrpcConfigKeys (ConfUtils.java:logGet(46)) - raft.grpc.server.install_snapshot.request.timeout = 3000ms (default)
2024-07-18 11:33:40,008 [0d591c3e-1cf4-45a6-8ac8-82f56607a94d@group-258987903ABD-LeaderElection6] INFO  grpc.GrpcConfigKeys (ConfUtils.java:logGet(46)) - raft.grpc.server.log-message.batch.duration = 5s (default)
2024-07-18 11:33:40,009 [0d591c3e-1cf4-45a6-8ac8-82f56607a94d@group-258987903ABD-LeaderElection6] INFO  server.RaftServerConfigKeys (ConfUtils.java:logGet(46)) - raft.server.log.appender.install.snapshot.enabled = false (custom)
2024-07-18 11:33:40,009 [0d591c3e-1cf4-45a6-8ac8-82f56607a94d@group-258987903ABD-LeaderElection6] INFO  grpc.GrpcConfigKeys (ConfUtils.java:logGet(46)) - raft.grpc.server.heartbeat.channel = true (default)
2024-07-18 11:33:40,009 [0d591c3e-1cf4-45a6-8ac8-82f56607a94d@group-258987903ABD-LeaderElection6] INFO  impl.RoleInfo (RoleInfo.java:updateAndGet(148)) - 0d591c3e-1cf4-45a6-8ac8-82f56607a94d: start 0d591c3e-1cf4-45a6-8ac8-82f56607a94d@group-258987903ABD-LeaderStateImpl
2024-07-18 11:33:40,010 [0d591c3e-1cf4-45a6-8ac8-82f56607a94d@group-258987903ABD-LeaderElection6] INFO  server.RaftServer$Division (RaftServerImpl.java:setFirstElection(549)) - 0d591c3e-1cf4-45a6-8ac8-82f56607a94d@group-258987903ABD: set firstElectionSinceStartup to false for becomeLeader
2024-07-18 11:33:40,010 [0d591c3e-1cf4-45a6-8ac8-82f56607a94d@group-258987903ABD-LeaderElection6] INFO  ratis.XceiverServerRatis (XceiverServerRatis.java:handleLeaderChangedNotification(950)) - Leader change notification received for group: group-258987903ABD with new leaderId: 0d591c3e-1cf4-45a6-8ac8-82f56607a94d
2024-07-18 11:33:40,010 [0d591c3e-1cf4-45a6-8ac8-82f56607a94d@group-258987903ABD-LeaderElection6] INFO  server.RaftServer$Division (ServerState.java:setLeader(272)) - 0d591c3e-1cf4-45a6-8ac8-82f56607a94d@group-258987903ABD: change Leader from null to 0d591c3e-1cf4-45a6-8ac8-82f56607a94d at term 1 for becomeLeader, leader elected after 5152ms
2024-07-18 11:33:40,011 [0d591c3e-1cf4-45a6-8ac8-82f56607a94d@group-258987903ABD-LeaderElection6] INFO  segmented.SegmentedRaftLogWorker (SegmentedRaftLogWorker.java:startLogSegment(433)) - 0d591c3e-1cf4-45a6-8ac8-82f56607a94d@group-258987903ABD-SegmentedRaftLogWorker: Starting segment from index:0
2024-07-18 11:33:40,011 [0d591c3e-1cf4-45a6-8ac8-82f56607a94d@group-258987903ABD-SegmentedRaftLogWorker] INFO  segmented.BufferedWriteChannel (BufferedWriteChannel.java:open(61)) - open log_inprogress_0 at position 0
2024-07-18 11:33:40,011 [0d591c3e-1cf4-45a6-8ac8-82f56607a94d@group-258987903ABD-LeaderElection6] INFO  server.RaftServer$Division (ServerState.java:setRaftConf(386)) - 0d591c3e-1cf4-45a6-8ac8-82f56607a94d@group-258987903ABD: set configuration conf: {index: 0, cur=peers:[df04cc9d-3067-478c-80ae-8f73b6a024a8|127.0.0.1:15039, 0d591c3e-1cf4-45a6-8ac8-82f56607a94d|127.0.0.1:15048, 0339cccf-75ab-4f40-8420-baf6c795ced3|127.0.0.1:15030]|listeners:[], old=null}
2024-07-18 11:33:40,017 [c23094e4-493d-4fea-9f0c-470ffa683120@group-646BDD98E01D-StateMachineUpdater] INFO  safemode.HealthyPipelineSafeModeRule (HealthyPipelineSafeModeRule.java:initializeRule(172)) - Refreshed total pipeline count is 1, healthy pipeline threshold count is 1
2024-07-18 11:33:40,018 [scmNode-1-EventQueue-PipelineReportForPipelineReportHandler] INFO  pipeline.PipelineReportHandler (PipelineReportHandler.java:processPipelineReport(136)) - Opened pipeline PipelineID=dda73e58-059d-4109-9a3d-258987903abd
2024-07-18 11:33:40,018 [scmNode-1-EventQueue-OpenPipelineForHealthyPipelineSafeModeRule] INFO  safemode.SCMSafeModeManager (HealthyPipelineSafeModeRule.java:process(140)) - SCM in safe mode. Healthy pipelines reported count is 1, required healthy pipeline reported count is 1
2024-07-18 11:33:40,018 [scmNode-1-EventQueue-OpenPipelineForHealthyPipelineSafeModeRule] INFO  safemode.SCMSafeModeManager (SCMSafeModeManager.java:validateSafeModeExitRules(203)) - HealthyPipelineSafeModeRule rule is successfully validated
2024-07-18 11:33:40,018 [scmNode-1-EventQueue-OpenPipelineForHealthyPipelineSafeModeRule] INFO  safemode.SCMSafeModeManager (SCMSafeModeManager.java:validateSafeModeExitRules(218)) - ScmSafeModeManager, all rules are successfully validated
2024-07-18 11:33:40,018 [scmNode-1-EventQueue-OpenPipelineForHealthyPipelineSafeModeRule] INFO  safemode.SCMSafeModeManager (SCMSafeModeManager.java:exitSafeMode(248)) - SCM exiting safe mode.
2024-07-18 11:33:40,018 [scmNode-1-EventQueue-OpenPipelineForHealthyPipelineSafeModeRule] INFO  ha.SCMContext (SCMContext.java:updateSafeModeStatus(225)) - Update SafeModeStatus from SafeModeStatus{safeModeStatus=true, preCheckPassed=true} to SafeModeStatus{safeModeStatus=false, preCheckPassed=true}.
2024-07-18 11:33:40,018 [scmNode-1-EventQueue-OpenPipelineForHealthyPipelineSafeModeRule] INFO  BackgroundPipelineScrubber (BackgroundSCMService.java:notifyStatusChanged(79)) - Service BackgroundPipelineScrubber transitions to RUNNING.
2024-07-18 11:33:40,019 [scmNode-1-EventQueue-OpenPipelineForHealthyPipelineSafeModeRule] INFO  ExpiredContainerReplicaOpScrubber (BackgroundSCMService.java:notifyStatusChanged(79)) - Service ExpiredContainerReplicaOpScrubber transitions to RUNNING.
2024-07-18 11:33:40,019 [scmNode-1-EventQueue-OpenPipelineForHealthyPipelineSafeModeRule] INFO  block.SCMBlockDeletingService (SCMBlockDeletingService.java:notifyStatusChanged(247)) - notifyStatusChanged:RUNNING
2024-07-18 11:33:40,019 [scmNode-1-EventQueue-OpenPipelineForHealthyPipelineSafeModeRule] INFO  replication.ReplicationManager (ReplicationManager.java:notifyStatusChanged(1406)) - Service ReplicationManager transitions to RUNNING.
2024-07-18 11:33:40,023 [0d591c3e-1cf4-45a6-8ac8-82f56607a94d@group-258987903ABD-SegmentedRaftLogWorker] INFO  segmented.SegmentedRaftLogWorker (SegmentedRaftLogWorker.java:execute(637)) - 0d591c3e-1cf4-45a6-8ac8-82f56607a94d@group-258987903ABD-SegmentedRaftLogWorker: created new log segment /home/runner/work/ozone/ozone/hadoop-ozone/integration-test/target/test-dir/MiniOzoneClusterImpl-c0b7f50e-f813-4849-95b3-646bdd98e01d/ozone-meta/datanode-3/ratis/dda73e58-059d-4109-9a3d-258987903abd/current/log_inprogress_0
2024-07-18 11:33:40,024 [scmNode-1-EventQueue-OpenPipelineForHealthyPipelineSafeModeRule] WARN  balancer.ContainerBalancer (ContainerBalancer.java:shouldRun(134)) - Could not find persisted configuration for ContainerBalancer when checking if ContainerBalancer should run. ContainerBalancer should not run now.
2024-07-18 11:33:40,024 [scmNode-1-EventQueue-OpenPipelineForHealthyPipelineSafeModeRule] INFO  SCMHATransactionMonitor (BackgroundSCMService.java:notifyStatusChanged(79)) - Service SCMHATransactionMonitor transitions to RUNNING.
2024-07-18 11:33:40,025 [df04cc9d-3067-478c-80ae-8f73b6a024a8-server-thread1] INFO  ratis.XceiverServerRatis (XceiverServerRatis.java:handleLeaderChangedNotification(950)) - Leader change notification received for group: group-258987903ABD with new leaderId: 0d591c3e-1cf4-45a6-8ac8-82f56607a94d
2024-07-18 11:33:40,025 [df04cc9d-3067-478c-80ae-8f73b6a024a8-server-thread1] INFO  server.RaftServer$Division (ServerState.java:setLeader(272)) - df04cc9d-3067-478c-80ae-8f73b6a024a8@group-258987903ABD: change Leader from null to 0d591c3e-1cf4-45a6-8ac8-82f56607a94d at term 1 for appendEntries, leader elected after 5125ms
2024-07-18 11:33:40,025 [df04cc9d-3067-478c-80ae-8f73b6a024a8-server-thread2] INFO  server.RaftServer$Division (ServerState.java:setRaftConf(386)) - df04cc9d-3067-478c-80ae-8f73b6a024a8@group-258987903ABD: set configuration conf: {index: 0, cur=peers:[df04cc9d-3067-478c-80ae-8f73b6a024a8|127.0.0.1:15039, 0d591c3e-1cf4-45a6-8ac8-82f56607a94d|127.0.0.1:15048, 0339cccf-75ab-4f40-8420-baf6c795ced3|127.0.0.1:15030]|listeners:[], old=null}
2024-07-18 11:33:40,026 [df04cc9d-3067-478c-80ae-8f73b6a024a8-server-thread2] INFO  segmented.SegmentedRaftLogWorker (SegmentedRaftLogWorker.java:startLogSegment(433)) - df04cc9d-3067-478c-80ae-8f73b6a024a8@group-258987903ABD-SegmentedRaftLogWorker: Starting segment from index:0
2024-07-18 11:33:40,026 [df04cc9d-3067-478c-80ae-8f73b6a024a8@group-258987903ABD-SegmentedRaftLogWorker] INFO  segmented.BufferedWriteChannel (BufferedWriteChannel.java:open(61)) - open log_inprogress_0 at position 0
2024-07-18 11:33:40,033 [0339cccf-75ab-4f40-8420-baf6c795ced3@group-B21D8660D172-FollowerState] INFO  impl.FollowerState (FollowerState.java:run(144)) - 0339cccf-75ab-4f40-8420-baf6c795ced3@group-B21D8660D172-FollowerState: change to CANDIDATE, lastRpcElapsedTime:5068918046ns, electionTimeout:5067ms
2024-07-18 11:33:40,033 [0339cccf-75ab-4f40-8420-baf6c795ced3@group-B21D8660D172-FollowerState] INFO  impl.RoleInfo (RoleInfo.java:shutdownFollowerState(119)) - 0339cccf-75ab-4f40-8420-baf6c795ced3: shutdown 0339cccf-75ab-4f40-8420-baf6c795ced3@group-B21D8660D172-FollowerState
2024-07-18 11:33:40,033 [0339cccf-75ab-4f40-8420-baf6c795ced3@group-B21D8660D172-FollowerState] INFO  server.RaftServer$Division (RaftServerImpl.java:setRole(376)) - 0339cccf-75ab-4f40-8420-baf6c795ced3@group-B21D8660D172: changes role from  FOLLOWER to CANDIDATE at term 0 for changeToCandidate
2024-07-18 11:33:40,033 [0339cccf-75ab-4f40-8420-baf6c795ced3@group-B21D8660D172-FollowerState] INFO  server.RaftServerConfigKeys (ConfUtils.java:logGet(46)) - raft.server.leaderelection.pre-vote = true (default)
2024-07-18 11:33:40,033 [0339cccf-75ab-4f40-8420-baf6c795ced3@group-B21D8660D172-FollowerState] INFO  impl.RoleInfo (RoleInfo.java:updateAndGet(148)) - 0339cccf-75ab-4f40-8420-baf6c795ced3: start 0339cccf-75ab-4f40-8420-baf6c795ced3@group-B21D8660D172-LeaderElection7
2024-07-18 11:33:40,036 [df04cc9d-3067-478c-80ae-8f73b6a024a8@group-258987903ABD-SegmentedRaftLogWorker] INFO  segmented.SegmentedRaftLogWorker (SegmentedRaftLogWorker.java:execute(637)) - df04cc9d-3067-478c-80ae-8f73b6a024a8@group-258987903ABD-SegmentedRaftLogWorker: created new log segment /home/runner/work/ozone/ozone/hadoop-ozone/integration-test/target/test-dir/MiniOzoneClusterImpl-c0b7f50e-f813-4849-95b3-646bdd98e01d/ozone-meta/datanode-2/ratis/dda73e58-059d-4109-9a3d-258987903abd/current/log_inprogress_0
2024-07-18 11:33:40,040 [0339cccf-75ab-4f40-8420-baf6c795ced3@group-B21D8660D172-LeaderElection7] INFO  impl.LeaderElection (LeaderElection.java:askForVotes(321)) - 0339cccf-75ab-4f40-8420-baf6c795ced3@group-B21D8660D172-LeaderElection7 PRE_VOTE round 0: submit vote requests at term 0 for conf: {index: -1, cur=peers:[df04cc9d-3067-478c-80ae-8f73b6a024a8|127.0.0.1:15039, 0d591c3e-1cf4-45a6-8ac8-82f56607a94d|127.0.0.1:15048, 0339cccf-75ab-4f40-8420-baf6c795ced3|127.0.0.1:15030]|listeners:[], old=null}
2024-07-18 11:33:40,041 [0d591c3e-1cf4-45a6-8ac8-82f56607a94d@group-258987903ABD-StateMachineUpdater] INFO  server.RaftServer$Division (LeaderStateImpl.java:checkStartIndex(316)) - Leader 0d591c3e-1cf4-45a6-8ac8-82f56607a94d@group-258987903ABD-LeaderStateImpl is ready since appliedIndex == startIndex == 0
2024-07-18 11:33:40,042 [0339cccf-75ab-4f40-8420-baf6c795ced3-server-thread1] INFO  ratis.XceiverServerRatis (XceiverServerRatis.java:handleLeaderChangedNotification(950)) - Leader change notification received for group: group-258987903ABD with new leaderId: 0d591c3e-1cf4-45a6-8ac8-82f56607a94d
2024-07-18 11:33:40,042 [0339cccf-75ab-4f40-8420-baf6c795ced3-server-thread1] INFO  server.RaftServer$Division (ServerState.java:setLeader(272)) - 0339cccf-75ab-4f40-8420-baf6c795ced3@group-258987903ABD: change Leader from null to 0d591c3e-1cf4-45a6-8ac8-82f56607a94d at term 1 for appendEntries, leader elected after 5252ms
2024-07-18 11:33:40,042 [0339cccf-75ab-4f40-8420-baf6c795ced3-server-thread2] INFO  server.RaftServer$Division (ServerState.java:setRaftConf(386)) - 0339cccf-75ab-4f40-8420-baf6c795ced3@group-258987903ABD: set configuration conf: {index: 0, cur=peers:[df04cc9d-3067-478c-80ae-8f73b6a024a8|127.0.0.1:15039, 0d591c3e-1cf4-45a6-8ac8-82f56607a94d|127.0.0.1:15048, 0339cccf-75ab-4f40-8420-baf6c795ced3|127.0.0.1:15030]|listeners:[], old=null}
2024-07-18 11:33:40,042 [0339cccf-75ab-4f40-8420-baf6c795ced3-server-thread2] INFO  segmented.SegmentedRaftLogWorker (SegmentedRaftLogWorker.java:startLogSegment(433)) - 0339cccf-75ab-4f40-8420-baf6c795ced3@group-258987903ABD-SegmentedRaftLogWorker: Starting segment from index:0
2024-07-18 11:33:40,043 [0339cccf-75ab-4f40-8420-baf6c795ced3@group-B21D8660D172-LeaderElection7] INFO  server.RaftServerConfigKeys (ConfUtils.java:logFallback(53)) - raft.server.rpc.first-election.timeout.min = 5s (fallback to raft.server.rpc.timeout.min)
2024-07-18 11:33:40,043 [0339cccf-75ab-4f40-8420-baf6c795ced3@group-B21D8660D172-LeaderElection7] INFO  server.RaftServerConfigKeys (ConfUtils.java:logFallback(53)) - raft.server.rpc.first-election.timeout.max = 5200ms (fallback to raft.server.rpc.timeout.max)
2024-07-18 11:33:40,044 [0339cccf-75ab-4f40-8420-baf6c795ced3@group-258987903ABD-SegmentedRaftLogWorker] INFO  segmented.BufferedWriteChannel (BufferedWriteChannel.java:open(61)) - open log_inprogress_0 at position 0
2024-07-18 11:33:40,045 [grpc-default-executor-1] INFO  server.RaftServer$Division (RaftServerImpl.java:requestVote(1416)) - df04cc9d-3067-478c-80ae-8f73b6a024a8@group-B21D8660D172: receive requestVote(PRE_VOTE, 0339cccf-75ab-4f40-8420-baf6c795ced3, group-B21D8660D172, 0, (t:0, i:0))
2024-07-18 11:33:40,045 [grpc-default-executor-1] INFO  impl.VoteContext (VoteContext.java:log(49)) - df04cc9d-3067-478c-80ae-8f73b6a024a8@group-B21D8660D172-FOLLOWER: reject PRE_VOTE from 0339cccf-75ab-4f40-8420-baf6c795ced3: our priority 1 > candidate's priority 0
2024-07-18 11:33:40,045 [grpc-default-executor-1] INFO  server.RaftServer$Division (RaftServerImpl.java:requestVote(1449)) - df04cc9d-3067-478c-80ae-8f73b6a024a8@group-B21D8660D172 replies to PRE_VOTE vote request: 0339cccf-75ab-4f40-8420-baf6c795ced3<-df04cc9d-3067-478c-80ae-8f73b6a024a8#0:FAIL-t0. Peer's state: df04cc9d-3067-478c-80ae-8f73b6a024a8@group-B21D8660D172:t0, leader=null, voted=, raftlog=Memoized:df04cc9d-3067-478c-80ae-8f73b6a024a8@group-B21D8660D172-SegmentedRaftLog:OPENED:c-1:lastnull, conf=conf: {index: -1, cur=peers:[df04cc9d-3067-478c-80ae-8f73b6a024a8|127.0.0.1:15039, 0d591c3e-1cf4-45a6-8ac8-82f56607a94d|127.0.0.1:15048, 0339cccf-75ab-4f40-8420-baf6c795ced3|127.0.0.1:15030]|listeners:[], old=null}
2024-07-18 11:33:40,049 [grpc-default-executor-3] INFO  server.RaftServer$Division (RaftServerImpl.java:requestVote(1416)) - 0d591c3e-1cf4-45a6-8ac8-82f56607a94d@group-B21D8660D172: receive requestVote(PRE_VOTE, 0339cccf-75ab-4f40-8420-baf6c795ced3, group-B21D8660D172, 0, (t:0, i:0))
2024-07-18 11:33:40,049 [grpc-default-executor-3] INFO  impl.VoteContext (VoteContext.java:log(49)) - 0d591c3e-1cf4-45a6-8ac8-82f56607a94d@group-B21D8660D172-FOLLOWER: accept PRE_VOTE from 0339cccf-75ab-4f40-8420-baf6c795ced3: our priority 0 <= candidate's priority 0
2024-07-18 11:33:40,049 [grpc-default-executor-3] INFO  server.RaftServer$Division (RaftServerImpl.java:requestVote(1449)) - 0d591c3e-1cf4-45a6-8ac8-82f56607a94d@group-B21D8660D172 replies to PRE_VOTE vote request: 0339cccf-75ab-4f40-8420-baf6c795ced3<-0d591c3e-1cf4-45a6-8ac8-82f56607a94d#0:OK-t0. Peer's state: 0d591c3e-1cf4-45a6-8ac8-82f56607a94d@group-B21D8660D172:t0, leader=null, voted=, raftlog=Memoized:0d591c3e-1cf4-45a6-8ac8-82f56607a94d@group-B21D8660D172-SegmentedRaftLog:OPENED:c-1:lastnull, conf=conf: {index: -1, cur=peers:[df04cc9d-3067-478c-80ae-8f73b6a024a8|127.0.0.1:15039, 0d591c3e-1cf4-45a6-8ac8-82f56607a94d|127.0.0.1:15048, 0339cccf-75ab-4f40-8420-baf6c795ced3|127.0.0.1:15030]|listeners:[], old=null}
2024-07-18 11:33:40,052 [0339cccf-75ab-4f40-8420-baf6c795ced3@group-B21D8660D172-LeaderElection7] INFO  impl.LeaderElection (LeaderElection.java:logAndReturn(89)) - 0339cccf-75ab-4f40-8420-baf6c795ced3@group-B21D8660D172-LeaderElection7: PRE_VOTE REJECTED received 1 response(s) and 0 exception(s):
2024-07-18 11:33:40,052 [0339cccf-75ab-4f40-8420-baf6c795ced3@group-B21D8660D172-LeaderElection7] INFO  impl.LeaderElection (LeaderElection.java:logAndReturn(93)) -   Response 0: 0339cccf-75ab-4f40-8420-baf6c795ced3<-df04cc9d-3067-478c-80ae-8f73b6a024a8#0:FAIL-t0
2024-07-18 11:33:40,053 [0339cccf-75ab-4f40-8420-baf6c795ced3@group-B21D8660D172-LeaderElection7] INFO  impl.LeaderElection (LeaderElection.java:askForVotes(323)) - 0339cccf-75ab-4f40-8420-baf6c795ced3@group-B21D8660D172-LeaderElection7 PRE_VOTE round 0: result REJECTED
2024-07-18 11:33:40,053 [0339cccf-75ab-4f40-8420-baf6c795ced3@group-B21D8660D172-LeaderElection7] INFO  server.RaftServer$Division (RaftServerImpl.java:setRole(376)) - 0339cccf-75ab-4f40-8420-baf6c795ced3@group-B21D8660D172: changes role from CANDIDATE to FOLLOWER at term 0 for REJECTED
2024-07-18 11:33:40,053 [0339cccf-75ab-4f40-8420-baf6c795ced3@group-B21D8660D172-LeaderElection7] INFO  impl.RoleInfo (RoleInfo.java:shutdownLeaderElection(139)) - 0339cccf-75ab-4f40-8420-baf6c795ced3: shutdown 0339cccf-75ab-4f40-8420-baf6c795ced3@group-B21D8660D172-LeaderElection7
2024-07-18 11:33:40,053 [0339cccf-75ab-4f40-8420-baf6c795ced3@group-B21D8660D172-LeaderElection7] INFO  impl.RoleInfo (RoleInfo.java:updateAndGet(148)) - 0339cccf-75ab-4f40-8420-baf6c795ced3: start 0339cccf-75ab-4f40-8420-baf6c795ced3@group-B21D8660D172-FollowerState
2024-07-18 11:33:40,053 [0339cccf-75ab-4f40-8420-baf6c795ced3@group-B21D8660D172-LeaderElection7] INFO  server.RaftServer$Division (RaftServerImpl.java:setFirstElection(549)) - 0339cccf-75ab-4f40-8420-baf6c795ced3@group-B21D8660D172: set firstElectionSinceStartup to false for REJECTED
2024-07-18 11:33:40,055 [0339cccf-75ab-4f40-8420-baf6c795ced3@group-258987903ABD-SegmentedRaftLogWorker] INFO  segmented.SegmentedRaftLogWorker (SegmentedRaftLogWorker.java:execute(637)) - 0339cccf-75ab-4f40-8420-baf6c795ced3@group-258987903ABD-SegmentedRaftLogWorker: created new log segment /home/runner/work/ozone/ozone/hadoop-ozone/integration-test/target/test-dir/MiniOzoneClusterImpl-c0b7f50e-f813-4849-95b3-646bdd98e01d/ozone-meta/datanode-1/ratis/dda73e58-059d-4109-9a3d-258987903abd/current/log_inprogress_0
2024-07-18 11:33:40,110 [0d591c3e-1cf4-45a6-8ac8-82f56607a94d@group-B21D8660D172-FollowerState] INFO  server.RaftServerConfigKeys (ConfUtils.java:logFallback(53)) - raft.server.rpc.first-election.timeout.min = 5s (fallback to raft.server.rpc.timeout.min)
2024-07-18 11:33:40,110 [0d591c3e-1cf4-45a6-8ac8-82f56607a94d@group-B21D8660D172-FollowerState] INFO  server.RaftServerConfigKeys (ConfUtils.java:logFallback(53)) - raft.server.rpc.first-election.timeout.max = 5200ms (fallback to raft.server.rpc.timeout.max)
2024-07-18 11:33:40,131 [df04cc9d-3067-478c-80ae-8f73b6a024a8@group-B21D8660D172-FollowerState] INFO  impl.FollowerState (FollowerState.java:run(144)) - df04cc9d-3067-478c-80ae-8f73b6a024a8@group-B21D8660D172-FollowerState: change to CANDIDATE, lastRpcElapsedTime:5132743989ns, electionTimeout:5132ms
2024-07-18 11:33:40,131 [df04cc9d-3067-478c-80ae-8f73b6a024a8@group-B21D8660D172-FollowerState] INFO  impl.RoleInfo (RoleInfo.java:shutdownFollowerState(119)) - df04cc9d-3067-478c-80ae-8f73b6a024a8: shutdown df04cc9d-3067-478c-80ae-8f73b6a024a8@group-B21D8660D172-FollowerState
2024-07-18 11:33:40,131 [df04cc9d-3067-478c-80ae-8f73b6a024a8@group-B21D8660D172-FollowerState] INFO  server.RaftServer$Division (RaftServerImpl.java:setRole(376)) - df04cc9d-3067-478c-80ae-8f73b6a024a8@group-B21D8660D172: changes role from  FOLLOWER to CANDIDATE at term 0 for changeToCandidate
2024-07-18 11:33:40,131 [df04cc9d-3067-478c-80ae-8f73b6a024a8@group-B21D8660D172-FollowerState] INFO  server.RaftServerConfigKeys (ConfUtils.java:logGet(46)) - raft.server.leaderelection.pre-vote = true (default)
2024-07-18 11:33:40,132 [df04cc9d-3067-478c-80ae-8f73b6a024a8@group-B21D8660D172-FollowerState] INFO  impl.RoleInfo (RoleInfo.java:updateAndGet(148)) - df04cc9d-3067-478c-80ae-8f73b6a024a8: start df04cc9d-3067-478c-80ae-8f73b6a024a8@group-B21D8660D172-LeaderElection8
2024-07-18 11:33:40,132 [df04cc9d-3067-478c-80ae-8f73b6a024a8@group-B21D8660D172-LeaderElection8] INFO  impl.LeaderElection (LeaderElection.java:askForVotes(321)) - df04cc9d-3067-478c-80ae-8f73b6a024a8@group-B21D8660D172-LeaderElection8 PRE_VOTE round 0: submit vote requests at term 0 for conf: {index: -1, cur=peers:[df04cc9d-3067-478c-80ae-8f73b6a024a8|127.0.0.1:15039, 0d591c3e-1cf4-45a6-8ac8-82f56607a94d|127.0.0.1:15048, 0339cccf-75ab-4f40-8420-baf6c795ced3|127.0.0.1:15030]|listeners:[], old=null}
2024-07-18 11:33:40,132 [df04cc9d-3067-478c-80ae-8f73b6a024a8@group-B21D8660D172-LeaderElection8-1] INFO  server.GrpcServerProtocolClient (GrpcServerProtocolClient.java:<init>(65)) - Build channel for 0d591c3e-1cf4-45a6-8ac8-82f56607a94d|127.0.0.1:15048
2024-07-18 11:33:40,133 [df04cc9d-3067-478c-80ae-8f73b6a024a8@group-B21D8660D172-LeaderElection8-2] INFO  server.GrpcServerProtocolClient (GrpcServerProtocolClient.java:<init>(65)) - Build channel for 0339cccf-75ab-4f40-8420-baf6c795ced3|127.0.0.1:15030
2024-07-18 11:33:40,133 [df04cc9d-3067-478c-80ae-8f73b6a024a8@group-B21D8660D172-LeaderElection8] INFO  server.RaftServerConfigKeys (ConfUtils.java:logFallback(53)) - raft.server.rpc.first-election.timeout.min = 5s (fallback to raft.server.rpc.timeout.min)
2024-07-18 11:33:40,133 [df04cc9d-3067-478c-80ae-8f73b6a024a8@group-B21D8660D172-LeaderElection8] INFO  server.RaftServerConfigKeys (ConfUtils.java:logFallback(53)) - raft.server.rpc.first-election.timeout.max = 5200ms (fallback to raft.server.rpc.timeout.max)
2024-07-18 11:33:40,137 [grpc-default-executor-3] INFO  server.RaftServer$Division (RaftServerImpl.java:requestVote(1416)) - 0339cccf-75ab-4f40-8420-baf6c795ced3@group-B21D8660D172: receive requestVote(PRE_VOTE, df04cc9d-3067-478c-80ae-8f73b6a024a8, group-B21D8660D172, 0, (t:0, i:0))
2024-07-18 11:33:40,138 [grpc-default-executor-3] INFO  impl.VoteContext (VoteContext.java:log(49)) - 0339cccf-75ab-4f40-8420-baf6c795ced3@group-B21D8660D172-FOLLOWER: accept PRE_VOTE from df04cc9d-3067-478c-80ae-8f73b6a024a8: our priority 0 <= candidate's priority 1
2024-07-18 11:33:40,138 [grpc-default-executor-3] INFO  server.RaftServer$Division (RaftServerImpl.java:requestVote(1449)) - 0339cccf-75ab-4f40-8420-baf6c795ced3@group-B21D8660D172 replies to PRE_VOTE vote request: df04cc9d-3067-478c-80ae-8f73b6a024a8<-0339cccf-75ab-4f40-8420-baf6c795ced3#0:OK-t0. Peer's state: 0339cccf-75ab-4f40-8420-baf6c795ced3@group-B21D8660D172:t0, leader=null, voted=, raftlog=Memoized:0339cccf-75ab-4f40-8420-baf6c795ced3@group-B21D8660D172-SegmentedRaftLog:OPENED:c-1:lastnull, conf=conf: {index: -1, cur=peers:[df04cc9d-3067-478c-80ae-8f73b6a024a8|127.0.0.1:15039, 0d591c3e-1cf4-45a6-8ac8-82f56607a94d|127.0.0.1:15048, 0339cccf-75ab-4f40-8420-baf6c795ced3|127.0.0.1:15030]|listeners:[], old=null}
2024-07-18 11:33:40,138 [grpc-default-executor-3] INFO  server.RaftServer$Division (RaftServerImpl.java:requestVote(1416)) - 0d591c3e-1cf4-45a6-8ac8-82f56607a94d@group-B21D8660D172: receive requestVote(PRE_VOTE, df04cc9d-3067-478c-80ae-8f73b6a024a8, group-B21D8660D172, 0, (t:0, i:0))
2024-07-18 11:33:40,138 [grpc-default-executor-3] INFO  impl.VoteContext (VoteContext.java:log(49)) - 0d591c3e-1cf4-45a6-8ac8-82f56607a94d@group-B21D8660D172-FOLLOWER: accept PRE_VOTE from df04cc9d-3067-478c-80ae-8f73b6a024a8: our priority 0 <= candidate's priority 1
2024-07-18 11:33:40,139 [grpc-default-executor-3] INFO  server.RaftServer$Division (RaftServerImpl.java:requestVote(1449)) - 0d591c3e-1cf4-45a6-8ac8-82f56607a94d@group-B21D8660D172 replies to PRE_VOTE vote request: df04cc9d-3067-478c-80ae-8f73b6a024a8<-0d591c3e-1cf4-45a6-8ac8-82f56607a94d#0:OK-t0. Peer's state: 0d591c3e-1cf4-45a6-8ac8-82f56607a94d@group-B21D8660D172:t0, leader=null, voted=, raftlog=Memoized:0d591c3e-1cf4-45a6-8ac8-82f56607a94d@group-B21D8660D172-SegmentedRaftLog:OPENED:c-1:lastnull, conf=conf: {index: -1, cur=peers:[df04cc9d-3067-478c-80ae-8f73b6a024a8|127.0.0.1:15039, 0d591c3e-1cf4-45a6-8ac8-82f56607a94d|127.0.0.1:15048, 0339cccf-75ab-4f40-8420-baf6c795ced3|127.0.0.1:15030]|listeners:[], old=null}
2024-07-18 11:33:40,139 [df04cc9d-3067-478c-80ae-8f73b6a024a8@group-B21D8660D172-LeaderElection8] INFO  impl.LeaderElection (LeaderElection.java:logAndReturn(89)) - df04cc9d-3067-478c-80ae-8f73b6a024a8@group-B21D8660D172-LeaderElection8: PRE_VOTE PASSED received 1 response(s) and 0 exception(s):
2024-07-18 11:33:40,139 [df04cc9d-3067-478c-80ae-8f73b6a024a8@group-B21D8660D172-LeaderElection8] INFO  impl.LeaderElection (LeaderElection.java:logAndReturn(93)) -   Response 0: df04cc9d-3067-478c-80ae-8f73b6a024a8<-0339cccf-75ab-4f40-8420-baf6c795ced3#0:OK-t0
2024-07-18 11:33:40,140 [df04cc9d-3067-478c-80ae-8f73b6a024a8@group-B21D8660D172-LeaderElection8] INFO  impl.LeaderElection (LeaderElection.java:askForVotes(323)) - df04cc9d-3067-478c-80ae-8f73b6a024a8@group-B21D8660D172-LeaderElection8 PRE_VOTE round 0: result PASSED
2024-07-18 11:33:40,141 [df04cc9d-3067-478c-80ae-8f73b6a024a8@group-B21D8660D172-LeaderElection8] INFO  impl.LeaderElection (LeaderElection.java:askForVotes(321)) - df04cc9d-3067-478c-80ae-8f73b6a024a8@group-B21D8660D172-LeaderElection8 ELECTION round 0: submit vote requests at term 1 for conf: {index: -1, cur=peers:[df04cc9d-3067-478c-80ae-8f73b6a024a8|127.0.0.1:15039, 0d591c3e-1cf4-45a6-8ac8-82f56607a94d|127.0.0.1:15048, 0339cccf-75ab-4f40-8420-baf6c795ced3|127.0.0.1:15030]|listeners:[], old=null}
2024-07-18 11:33:40,141 [df04cc9d-3067-478c-80ae-8f73b6a024a8@group-B21D8660D172-LeaderElection8] INFO  server.RaftServerConfigKeys (ConfUtils.java:logFallback(53)) - raft.server.rpc.first-election.timeout.min = 5s (fallback to raft.server.rpc.timeout.min)
2024-07-18 11:33:40,141 [df04cc9d-3067-478c-80ae-8f73b6a024a8@group-B21D8660D172-LeaderElection8] INFO  server.RaftServerConfigKeys (ConfUtils.java:logFallback(53)) - raft.server.rpc.first-election.timeout.max = 5200ms (fallback to raft.server.rpc.timeout.max)
2024-07-18 11:33:40,142 [grpc-default-executor-3] INFO  server.RaftServer$Division (RaftServerImpl.java:requestVote(1416)) - 0d591c3e-1cf4-45a6-8ac8-82f56607a94d@group-B21D8660D172: receive requestVote(ELECTION, df04cc9d-3067-478c-80ae-8f73b6a024a8, group-B21D8660D172, 1, (t:0, i:0))
2024-07-18 11:33:40,142 [grpc-default-executor-3] INFO  impl.VoteContext (VoteContext.java:log(49)) - 0d591c3e-1cf4-45a6-8ac8-82f56607a94d@group-B21D8660D172-FOLLOWER: accept ELECTION from df04cc9d-3067-478c-80ae-8f73b6a024a8: our priority 0 <= candidate's priority 1
2024-07-18 11:33:40,143 [grpc-default-executor-3] INFO  server.RaftServer$Division (RaftServerImpl.java:setRole(376)) - 0d591c3e-1cf4-45a6-8ac8-82f56607a94d@group-B21D8660D172: changes role from  FOLLOWER to FOLLOWER at term 1 for candidate:df04cc9d-3067-478c-80ae-8f73b6a024a8
2024-07-18 11:33:40,143 [grpc-default-executor-3] INFO  impl.RoleInfo (RoleInfo.java:shutdownFollowerState(119)) - 0d591c3e-1cf4-45a6-8ac8-82f56607a94d: shutdown 0d591c3e-1cf4-45a6-8ac8-82f56607a94d@group-B21D8660D172-FollowerState
2024-07-18 11:33:40,143 [grpc-default-executor-3] INFO  impl.RoleInfo (RoleInfo.java:updateAndGet(148)) - 0d591c3e-1cf4-45a6-8ac8-82f56607a94d: start 0d591c3e-1cf4-45a6-8ac8-82f56607a94d@group-B21D8660D172-FollowerState
2024-07-18 11:33:40,143 [0d591c3e-1cf4-45a6-8ac8-82f56607a94d@group-B21D8660D172-FollowerState] INFO  impl.FollowerState (FollowerState.java:run(153)) - 0d591c3e-1cf4-45a6-8ac8-82f56607a94d@group-B21D8660D172-FollowerState was interrupted
2024-07-18 11:33:40,143 [grpc-default-executor-3] INFO  server.RaftServer$Division (RaftServerImpl.java:setFirstElection(549)) - 0d591c3e-1cf4-45a6-8ac8-82f56607a94d@group-B21D8660D172: set firstElectionSinceStartup to false for candidate:df04cc9d-3067-478c-80ae-8f73b6a024a8
2024-07-18 11:33:40,144 [grpc-default-executor-1] INFO  server.RaftServer$Division (RaftServerImpl.java:requestVote(1416)) - 0339cccf-75ab-4f40-8420-baf6c795ced3@group-B21D8660D172: receive requestVote(ELECTION, df04cc9d-3067-478c-80ae-8f73b6a024a8, group-B21D8660D172, 1, (t:0, i:0))
2024-07-18 11:33:40,144 [grpc-default-executor-1] INFO  impl.VoteContext (VoteContext.java:log(49)) - 0339cccf-75ab-4f40-8420-baf6c795ced3@group-B21D8660D172-FOLLOWER: accept ELECTION from df04cc9d-3067-478c-80ae-8f73b6a024a8: our priority 0 <= candidate's priority 1
2024-07-18 11:33:40,144 [grpc-default-executor-1] INFO  server.RaftServer$Division (RaftServerImpl.java:setRole(376)) - 0339cccf-75ab-4f40-8420-baf6c795ced3@group-B21D8660D172: changes role from  FOLLOWER to FOLLOWER at term 1 for candidate:df04cc9d-3067-478c-80ae-8f73b6a024a8
2024-07-18 11:33:40,144 [grpc-default-executor-1] INFO  impl.RoleInfo (RoleInfo.java:shutdownFollowerState(119)) - 0339cccf-75ab-4f40-8420-baf6c795ced3: shutdown 0339cccf-75ab-4f40-8420-baf6c795ced3@group-B21D8660D172-FollowerState
2024-07-18 11:33:40,144 [grpc-default-executor-1] INFO  impl.RoleInfo (RoleInfo.java:updateAndGet(148)) - 0339cccf-75ab-4f40-8420-baf6c795ced3: start 0339cccf-75ab-4f40-8420-baf6c795ced3@group-B21D8660D172-FollowerState
2024-07-18 11:33:40,144 [0339cccf-75ab-4f40-8420-baf6c795ced3@group-B21D8660D172-FollowerState] INFO  impl.FollowerState (FollowerState.java:run(153)) - 0339cccf-75ab-4f40-8420-baf6c795ced3@group-B21D8660D172-FollowerState was interrupted
2024-07-18 11:33:40,145 [grpc-default-executor-3] INFO  server.RaftServer$Division (RaftServerImpl.java:requestVote(1449)) - 0d591c3e-1cf4-45a6-8ac8-82f56607a94d@group-B21D8660D172 replies to ELECTION vote request: df04cc9d-3067-478c-80ae-8f73b6a024a8<-0d591c3e-1cf4-45a6-8ac8-82f56607a94d#0:OK-t1. Peer's state: 0d591c3e-1cf4-45a6-8ac8-82f56607a94d@group-B21D8660D172:t1, leader=null, voted=df04cc9d-3067-478c-80ae-8f73b6a024a8, raftlog=Memoized:0d591c3e-1cf4-45a6-8ac8-82f56607a94d@group-B21D8660D172-SegmentedRaftLog:OPENED:c-1:lastnull, conf=conf: {index: -1, cur=peers:[df04cc9d-3067-478c-80ae-8f73b6a024a8|127.0.0.1:15039, 0d591c3e-1cf4-45a6-8ac8-82f56607a94d|127.0.0.1:15048, 0339cccf-75ab-4f40-8420-baf6c795ced3|127.0.0.1:15030]|listeners:[], old=null}
2024-07-18 11:33:40,148 [df04cc9d-3067-478c-80ae-8f73b6a024a8@group-B21D8660D172-LeaderElection8] INFO  impl.LeaderElection (LeaderElection.java:logAndReturn(89)) - df04cc9d-3067-478c-80ae-8f73b6a024a8@group-B21D8660D172-LeaderElection8: ELECTION PASSED received 1 response(s) and 0 exception(s):
2024-07-18 11:33:40,148 [df04cc9d-3067-478c-80ae-8f73b6a024a8@group-B21D8660D172-LeaderElection8] INFO  impl.LeaderElection (LeaderElection.java:logAndReturn(93)) -   Response 0: df04cc9d-3067-478c-80ae-8f73b6a024a8<-0d591c3e-1cf4-45a6-8ac8-82f56607a94d#0:OK-t1
2024-07-18 11:33:40,148 [df04cc9d-3067-478c-80ae-8f73b6a024a8@group-B21D8660D172-LeaderElection8] INFO  impl.LeaderElection (LeaderElection.java:askForVotes(323)) - df04cc9d-3067-478c-80ae-8f73b6a024a8@group-B21D8660D172-LeaderElection8 ELECTION round 0: result PASSED
2024-07-18 11:33:40,148 [df04cc9d-3067-478c-80ae-8f73b6a024a8@group-B21D8660D172-LeaderElection8] INFO  impl.RoleInfo (RoleInfo.java:shutdownLeaderElection(139)) - df04cc9d-3067-478c-80ae-8f73b6a024a8: shutdown df04cc9d-3067-478c-80ae-8f73b6a024a8@group-B21D8660D172-LeaderElection8
2024-07-18 11:33:40,148 [df04cc9d-3067-478c-80ae-8f73b6a024a8@group-B21D8660D172-LeaderElection8] INFO  server.RaftServer$Division (RaftServerImpl.java:setRole(376)) - df04cc9d-3067-478c-80ae-8f73b6a024a8@group-B21D8660D172: changes role from CANDIDATE to LEADER at term 1 for changeToLeader
2024-07-18 11:33:40,149 [df04cc9d-3067-478c-80ae-8f73b6a024a8@group-B21D8660D172-LeaderElection8] INFO  server.RaftServerConfigKeys (ConfUtils.java:logGet(46)) - raft.server.staging.catchup.gap = 1000 (default)
2024-07-18 11:33:40,149 [df04cc9d-3067-478c-80ae-8f73b6a024a8@group-B21D8660D172-LeaderElection8] INFO  server.RaftServerConfigKeys (ConfUtils.java:logGet(46)) - raft.server.write.element-limit = 1024 (custom)
2024-07-18 11:33:40,149 [df04cc9d-3067-478c-80ae-8f73b6a024a8@group-B21D8660D172-LeaderElection8] INFO  server.RaftServerConfigKeys (ConfUtils.java:logGet(46)) - raft.server.write.byte-limit = 1024 M (=1073741824) (custom)
2024-07-18 11:33:40,149 [df04cc9d-3067-478c-80ae-8f73b6a024a8@group-B21D8660D172-LeaderElection8] INFO  server.RaftServerConfigKeys (ConfUtils.java:logGet(46)) - raft.server.watch.timeout = 30s (custom)
2024-07-18 11:33:40,149 [df04cc9d-3067-478c-80ae-8f73b6a024a8@group-B21D8660D172-LeaderElection8] INFO  server.RaftServerConfigKeys (ConfUtils.java:logGet(46)) - raft.server.watch.timeout.denomination = 1s (default)
2024-07-18 11:33:40,149 [df04cc9d-3067-478c-80ae-8f73b6a024a8@group-B21D8660D172-LeaderElection8] INFO  server.RaftServerConfigKeys (ConfUtils.java:logGet(46)) - raft.server.watch.element-limit = 65536 (default)
2024-07-18 11:33:40,150 [df04cc9d-3067-478c-80ae-8f73b6a024a8@group-B21D8660D172-LeaderElection8] INFO  server.RaftServerConfigKeys (ConfUtils.java:logGet(46)) - raft.server.read.leader.lease.enabled = false (default)
2024-07-18 11:33:40,150 [df04cc9d-3067-478c-80ae-8f73b6a024a8@group-B21D8660D172-LeaderElection8] INFO  server.RaftServerConfigKeys (ConfUtils.java:logGet(46)) - raft.server.read.leader.lease.timeout.ratio = 0.9 (default)
2024-07-18 11:33:40,150 [df04cc9d-3067-478c-80ae-8f73b6a024a8@group-B21D8660D172-LeaderElection8] INFO  server.RaftServerConfigKeys (ConfUtils.java:logGet(46)) - raft.server.rpc.timeout.min = 5s (custom)
2024-07-18 11:33:40,150 [df04cc9d-3067-478c-80ae-8f73b6a024a8@group-B21D8660D172-LeaderElection8] INFO  server.RaftServerConfigKeys (ConfUtils.java:logGet(46)) - raft.server.log.log-metadata.enabled = true (default)
2024-07-18 11:33:40,150 [df04cc9d-3067-478c-80ae-8f73b6a024a8@group-B21D8660D172-LeaderElection8] INFO  server.RaftServerConfigKeys (ConfUtils.java:logGet(46)) - raft.server.write.element-limit = 1024 (custom)
2024-07-18 11:33:40,150 [df04cc9d-3067-478c-80ae-8f73b6a024a8@group-B21D8660D172-LeaderElection8] INFO  server.RaftServerConfigKeys (ConfUtils.java:logGet(46)) - raft.server.write.follower.gap.ratio.max = -1.0 (default)
2024-07-18 11:33:40,151 [grpc-default-executor-1] INFO  server.RaftServer$Division (RaftServerImpl.java:requestVote(1449)) - 0339cccf-75ab-4f40-8420-baf6c795ced3@group-B21D8660D172 replies to ELECTION vote request: df04cc9d-3067-478c-80ae-8f73b6a024a8<-0339cccf-75ab-4f40-8420-baf6c795ced3#0:OK-t1. Peer's state: 0339cccf-75ab-4f40-8420-baf6c795ced3@group-B21D8660D172:t1, leader=null, voted=df04cc9d-3067-478c-80ae-8f73b6a024a8, raftlog=Memoized:0339cccf-75ab-4f40-8420-baf6c795ced3@group-B21D8660D172-SegmentedRaftLog:OPENED:c-1:lastnull, conf=conf: {index: -1, cur=peers:[df04cc9d-3067-478c-80ae-8f73b6a024a8|127.0.0.1:15039, 0d591c3e-1cf4-45a6-8ac8-82f56607a94d|127.0.0.1:15048, 0339cccf-75ab-4f40-8420-baf6c795ced3|127.0.0.1:15030]|listeners:[], old=null}
2024-07-18 11:33:40,151 [df04cc9d-3067-478c-80ae-8f73b6a024a8@group-B21D8660D172-LeaderElection8] INFO  server.RaftServerConfigKeys (ConfUtils.java:logGet(46)) - raft.server.log.appender.snapshot.chunk.size.max = 16MB (=16777216) (default)
2024-07-18 11:33:40,151 [df04cc9d-3067-478c-80ae-8f73b6a024a8@group-B21D8660D172-LeaderElection8] INFO  server.RaftServerConfigKeys (ConfUtils.java:logGet(46)) - raft.server.log.appender.buffer.byte-limit = 8388608 (custom)
2024-07-18 11:33:40,151 [df04cc9d-3067-478c-80ae-8f73b6a024a8@group-B21D8660D172-LeaderElection8] INFO  server.RaftServerConfigKeys (ConfUtils.java:logGet(46)) - raft.server.log.appender.buffer.element-limit = 1024 (custom)
2024-07-18 11:33:40,151 [df04cc9d-3067-478c-80ae-8f73b6a024a8@group-B21D8660D172-LeaderElection8] INFO  server.RaftServerConfigKeys (ConfUtils.java:logGet(46)) - raft.server.log.appender.wait-time.min = 0μs (custom)
2024-07-18 11:33:40,152 [df04cc9d-3067-478c-80ae-8f73b6a024a8@group-B21D8660D172-LeaderElection8] INFO  grpc.GrpcConfigKeys (ConfUtils.java:logGet(46)) - raft.grpc.server.leader.outstanding.appends.max = 8 (default)
2024-07-18 11:33:40,152 [df04cc9d-3067-478c-80ae-8f73b6a024a8@group-B21D8660D172-LeaderElection8] INFO  server.RaftServerConfigKeys (ConfUtils.java:logGet(46)) - raft.server.rpc.request.timeout = 60s (custom)
2024-07-18 11:33:40,152 [df04cc9d-3067-478c-80ae-8f73b6a024a8@group-B21D8660D172-LeaderElection8] INFO  grpc.GrpcConfigKeys (ConfUtils.java:logGet(46)) - raft.grpc.server.install_snapshot.request.element-limit = 8 (default)
2024-07-18 11:33:40,156 [df04cc9d-3067-478c-80ae-8f73b6a024a8@group-B21D8660D172-LeaderElection8] INFO  grpc.GrpcConfigKeys (ConfUtils.java:logGet(46)) - raft.grpc.server.install_snapshot.request.timeout = 3000ms (default)
2024-07-18 11:33:40,156 [df04cc9d-3067-478c-80ae-8f73b6a024a8@group-B21D8660D172-LeaderElection8] INFO  grpc.GrpcConfigKeys (ConfUtils.java:logGet(46)) - raft.grpc.server.log-message.batch.duration = 5s (default)
2024-07-18 11:33:40,157 [df04cc9d-3067-478c-80ae-8f73b6a024a8@group-B21D8660D172-LeaderElection8] INFO  server.RaftServerConfigKeys (ConfUtils.java:logGet(46)) - raft.server.log.appender.install.snapshot.enabled = false (custom)
2024-07-18 11:33:40,157 [df04cc9d-3067-478c-80ae-8f73b6a024a8@group-B21D8660D172-LeaderElection8] INFO  grpc.GrpcConfigKeys (ConfUtils.java:logGet(46)) - raft.grpc.server.heartbeat.channel = true (default)
2024-07-18 11:33:40,158 [df04cc9d-3067-478c-80ae-8f73b6a024a8@group-B21D8660D172-LeaderElection8] INFO  server.RaftServerConfigKeys (ConfUtils.java:logGet(46)) - raft.server.log.appender.snapshot.chunk.size.max = 16MB (=16777216) (default)
2024-07-18 11:33:40,158 [df04cc9d-3067-478c-80ae-8f73b6a024a8@group-B21D8660D172-LeaderElection8] INFO  server.RaftServerConfigKeys (ConfUtils.java:logGet(46)) - raft.server.log.appender.buffer.byte-limit = 8388608 (custom)
2024-07-18 11:33:40,158 [df04cc9d-3067-478c-80ae-8f73b6a024a8@group-B21D8660D172-LeaderElection8] INFO  server.RaftServerConfigKeys (ConfUtils.java:logGet(46)) - raft.server.log.appender.buffer.element-limit = 1024 (custom)
2024-07-18 11:33:40,158 [df04cc9d-3067-478c-80ae-8f73b6a024a8@group-B21D8660D172-LeaderElection8] INFO  server.RaftServerConfigKeys (ConfUtils.java:logGet(46)) - raft.server.log.appender.wait-time.min = 0μs (custom)
2024-07-18 11:33:40,159 [df04cc9d-3067-478c-80ae-8f73b6a024a8@group-B21D8660D172-LeaderElection8] INFO  grpc.GrpcConfigKeys (ConfUtils.java:logGet(46)) - raft.grpc.server.leader.outstanding.appends.max = 8 (default)
2024-07-18 11:33:40,159 [df04cc9d-3067-478c-80ae-8f73b6a024a8@group-B21D8660D172-LeaderElection8] INFO  server.RaftServerConfigKeys (ConfUtils.java:logGet(46)) - raft.server.rpc.request.timeout = 60s (custom)
2024-07-18 11:33:40,159 [df04cc9d-3067-478c-80ae-8f73b6a024a8@group-B21D8660D172-LeaderElection8] INFO  grpc.GrpcConfigKeys (ConfUtils.java:logGet(46)) - raft.grpc.server.install_snapshot.request.element-limit = 8 (default)
2024-07-18 11:33:40,159 [df04cc9d-3067-478c-80ae-8f73b6a024a8@group-B21D8660D172-LeaderElection8] INFO  grpc.GrpcConfigKeys (ConfUtils.java:logGet(46)) - raft.grpc.server.install_snapshot.request.timeout = 3000ms (default)
2024-07-18 11:33:40,159 [df04cc9d-3067-478c-80ae-8f73b6a024a8@group-B21D8660D172-LeaderElection8] INFO  grpc.GrpcConfigKeys (ConfUtils.java:logGet(46)) - raft.grpc.server.log-message.batch.duration = 5s (default)
2024-07-18 11:33:40,159 [df04cc9d-3067-478c-80ae-8f73b6a024a8@group-B21D8660D172-LeaderElection8] INFO  server.RaftServerConfigKeys (ConfUtils.java:logGet(46)) - raft.server.log.appender.install.snapshot.enabled = false (custom)
2024-07-18 11:33:40,159 [df04cc9d-3067-478c-80ae-8f73b6a024a8@group-B21D8660D172-LeaderElection8] INFO  grpc.GrpcConfigKeys (ConfUtils.java:logGet(46)) - raft.grpc.server.heartbeat.channel = true (default)
2024-07-18 11:33:40,159 [df04cc9d-3067-478c-80ae-8f73b6a024a8@group-B21D8660D172-LeaderElection8] INFO  impl.RoleInfo (RoleInfo.java:updateAndGet(148)) - df04cc9d-3067-478c-80ae-8f73b6a024a8: start df04cc9d-3067-478c-80ae-8f73b6a024a8@group-B21D8660D172-LeaderStateImpl
2024-07-18 11:33:40,159 [df04cc9d-3067-478c-80ae-8f73b6a024a8@group-B21D8660D172-LeaderElection8] INFO  server.RaftServer$Division (RaftServerImpl.java:setFirstElection(549)) - df04cc9d-3067-478c-80ae-8f73b6a024a8@group-B21D8660D172: set firstElectionSinceStartup to false for becomeLeader
2024-07-18 11:33:40,159 [df04cc9d-3067-478c-80ae-8f73b6a024a8@group-B21D8660D172-LeaderElection8] INFO  ratis.XceiverServerRatis (XceiverServerRatis.java:handleLeaderChangedNotification(950)) - Leader change notification received for group: group-B21D8660D172 with new leaderId: df04cc9d-3067-478c-80ae-8f73b6a024a8
2024-07-18 11:33:40,160 [df04cc9d-3067-478c-80ae-8f73b6a024a8@group-B21D8660D172-LeaderElection8] INFO  server.RaftServer$Division (ServerState.java:setLeader(272)) - df04cc9d-3067-478c-80ae-8f73b6a024a8@group-B21D8660D172: change Leader from null to df04cc9d-3067-478c-80ae-8f73b6a024a8 at term 1 for becomeLeader, leader elected after 5179ms
2024-07-18 11:33:40,160 [df04cc9d-3067-478c-80ae-8f73b6a024a8@group-B21D8660D172-LeaderElection8] INFO  segmented.SegmentedRaftLogWorker (SegmentedRaftLogWorker.java:startLogSegment(433)) - df04cc9d-3067-478c-80ae-8f73b6a024a8@group-B21D8660D172-SegmentedRaftLogWorker: Starting segment from index:0
2024-07-18 11:33:40,160 [df04cc9d-3067-478c-80ae-8f73b6a024a8@group-B21D8660D172-LeaderElection8] INFO  server.RaftServer$Division (ServerState.java:setRaftConf(386)) - df04cc9d-3067-478c-80ae-8f73b6a024a8@group-B21D8660D172: set configuration conf: {index: 0, cur=peers:[df04cc9d-3067-478c-80ae-8f73b6a024a8|127.0.0.1:15039, 0d591c3e-1cf4-45a6-8ac8-82f56607a94d|127.0.0.1:15048, 0339cccf-75ab-4f40-8420-baf6c795ced3|127.0.0.1:15030]|listeners:[], old=null}
2024-07-18 11:33:40,160 [df04cc9d-3067-478c-80ae-8f73b6a024a8@group-B21D8660D172-SegmentedRaftLogWorker] INFO  segmented.BufferedWriteChannel (BufferedWriteChannel.java:open(61)) - open log_inprogress_0 at position 0
2024-07-18 11:33:40,164 [scmNode-1-EventQueue-PipelineReportForPipelineReportHandler] INFO  pipeline.PipelineReportHandler (PipelineReportHandler.java:processPipelineReport(136)) - Opened pipeline PipelineID=ad1ced21-6f81-4c80-ab1b-b21d8660d172
2024-07-18 11:33:40,171 [df04cc9d-3067-478c-80ae-8f73b6a024a8@group-B21D8660D172-SegmentedRaftLogWorker] INFO  segmented.SegmentedRaftLogWorker (SegmentedRaftLogWorker.java:execute(637)) - df04cc9d-3067-478c-80ae-8f73b6a024a8@group-B21D8660D172-SegmentedRaftLogWorker: created new log segment /home/runner/work/ozone/ozone/hadoop-ozone/integration-test/target/test-dir/MiniOzoneClusterImpl-c0b7f50e-f813-4849-95b3-646bdd98e01d/ozone-meta/datanode-2/ratis/ad1ced21-6f81-4c80-ab1b-b21d8660d172/current/log_inprogress_0
2024-07-18 11:33:40,180 [0d591c3e-1cf4-45a6-8ac8-82f56607a94d-server-thread1] INFO  ratis.XceiverServerRatis (XceiverServerRatis.java:handleLeaderChangedNotification(950)) - Leader change notification received for group: group-B21D8660D172 with new leaderId: df04cc9d-3067-478c-80ae-8f73b6a024a8
2024-07-18 11:33:40,180 [0d591c3e-1cf4-45a6-8ac8-82f56607a94d-server-thread1] INFO  server.RaftServer$Division (ServerState.java:setLeader(272)) - 0d591c3e-1cf4-45a6-8ac8-82f56607a94d@group-B21D8660D172: change Leader from null to df04cc9d-3067-478c-80ae-8f73b6a024a8 at term 1 for appendEntries, leader elected after 5162ms
2024-07-18 11:33:40,181 [0d591c3e-1cf4-45a6-8ac8-82f56607a94d-server-thread2] INFO  server.RaftServer$Division (ServerState.java:setRaftConf(386)) - 0d591c3e-1cf4-45a6-8ac8-82f56607a94d@group-B21D8660D172: set configuration conf: {index: 0, cur=peers:[df04cc9d-3067-478c-80ae-8f73b6a024a8|127.0.0.1:15039, 0d591c3e-1cf4-45a6-8ac8-82f56607a94d|127.0.0.1:15048, 0339cccf-75ab-4f40-8420-baf6c795ced3|127.0.0.1:15030]|listeners:[], old=null}
2024-07-18 11:33:40,183 [0d591c3e-1cf4-45a6-8ac8-82f56607a94d-server-thread2] INFO  segmented.SegmentedRaftLogWorker (SegmentedRaftLogWorker.java:startLogSegment(433)) - 0d591c3e-1cf4-45a6-8ac8-82f56607a94d@group-B21D8660D172-SegmentedRaftLogWorker: Starting segment from index:0
2024-07-18 11:33:40,183 [0d591c3e-1cf4-45a6-8ac8-82f56607a94d@group-B21D8660D172-SegmentedRaftLogWorker] INFO  segmented.BufferedWriteChannel (BufferedWriteChannel.java:open(61)) - open log_inprogress_0 at position 0
2024-07-18 11:33:40,182 [0339cccf-75ab-4f40-8420-baf6c795ced3-server-thread1] INFO  ratis.XceiverServerRatis (XceiverServerRatis.java:handleLeaderChangedNotification(950)) - Leader change notification received for group: group-B21D8660D172 with new leaderId: df04cc9d-3067-478c-80ae-8f73b6a024a8
2024-07-18 11:33:40,184 [0339cccf-75ab-4f40-8420-baf6c795ced3-server-thread1] INFO  server.RaftServer$Division (ServerState.java:setLeader(272)) - 0339cccf-75ab-4f40-8420-baf6c795ced3@group-B21D8660D172: change Leader from null to df04cc9d-3067-478c-80ae-8f73b6a024a8 at term 1 for appendEntries, leader elected after 5236ms
2024-07-18 11:33:40,188 [0339cccf-75ab-4f40-8420-baf6c795ced3-server-thread2] INFO  server.RaftServer$Division (ServerState.java:setRaftConf(386)) - 0339cccf-75ab-4f40-8420-baf6c795ced3@group-B21D8660D172: set configuration conf: {index: 0, cur=peers:[df04cc9d-3067-478c-80ae-8f73b6a024a8|127.0.0.1:15039, 0d591c3e-1cf4-45a6-8ac8-82f56607a94d|127.0.0.1:15048, 0339cccf-75ab-4f40-8420-baf6c795ced3|127.0.0.1:15030]|listeners:[], old=null}
2024-07-18 11:33:40,188 [0339cccf-75ab-4f40-8420-baf6c795ced3-server-thread2] INFO  segmented.SegmentedRaftLogWorker (SegmentedRaftLogWorker.java:startLogSegment(433)) - 0339cccf-75ab-4f40-8420-baf6c795ced3@group-B21D8660D172-SegmentedRaftLogWorker: Starting segment from index:0
2024-07-18 11:33:40,189 [0339cccf-75ab-4f40-8420-baf6c795ced3@group-B21D8660D172-SegmentedRaftLogWorker] INFO  segmented.BufferedWriteChannel (BufferedWriteChannel.java:open(61)) - open log_inprogress_0 at position 0
2024-07-18 11:33:40,194 [df04cc9d-3067-478c-80ae-8f73b6a024a8@group-24D321077FFF-FollowerState] INFO  impl.FollowerState (FollowerState.java:run(144)) - df04cc9d-3067-478c-80ae-8f73b6a024a8@group-24D321077FFF-FollowerState: change to CANDIDATE, lastRpcElapsedTime:5105492084ns, electionTimeout:5103ms
2024-07-18 11:33:40,194 [df04cc9d-3067-478c-80ae-8f73b6a024a8@group-24D321077FFF-FollowerState] INFO  impl.RoleInfo (RoleInfo.java:shutdownFollowerState(119)) - df04cc9d-3067-478c-80ae-8f73b6a024a8: shutdown df04cc9d-3067-478c-80ae-8f73b6a024a8@group-24D321077FFF-FollowerState
2024-07-18 11:33:40,194 [df04cc9d-3067-478c-80ae-8f73b6a024a8@group-24D321077FFF-FollowerState] INFO  server.RaftServer$Division (RaftServerImpl.java:setRole(376)) - df04cc9d-3067-478c-80ae-8f73b6a024a8@group-24D321077FFF: changes role from  FOLLOWER to CANDIDATE at term 0 for changeToCandidate
2024-07-18 11:33:40,194 [df04cc9d-3067-478c-80ae-8f73b6a024a8@group-24D321077FFF-FollowerState] INFO  server.RaftServerConfigKeys (ConfUtils.java:logGet(46)) - raft.server.leaderelection.pre-vote = true (default)
2024-07-18 11:33:40,194 [df04cc9d-3067-478c-80ae-8f73b6a024a8@group-24D321077FFF-FollowerState] INFO  impl.RoleInfo (RoleInfo.java:updateAndGet(148)) - df04cc9d-3067-478c-80ae-8f73b6a024a8: start df04cc9d-3067-478c-80ae-8f73b6a024a8@group-24D321077FFF-LeaderElection9
2024-07-18 11:33:40,199 [0d591c3e-1cf4-45a6-8ac8-82f56607a94d@group-B21D8660D172-SegmentedRaftLogWorker] INFO  segmented.SegmentedRaftLogWorker (SegmentedRaftLogWorker.java:execute(637)) - 0d591c3e-1cf4-45a6-8ac8-82f56607a94d@group-B21D8660D172-SegmentedRaftLogWorker: created new log segment /home/runner/work/ozone/ozone/hadoop-ozone/integration-test/target/test-dir/MiniOzoneClusterImpl-c0b7f50e-f813-4849-95b3-646bdd98e01d/ozone-meta/datanode-3/ratis/ad1ced21-6f81-4c80-ab1b-b21d8660d172/current/log_inprogress_0
2024-07-18 11:33:40,199 [0339cccf-75ab-4f40-8420-baf6c795ced3@group-B21D8660D172-SegmentedRaftLogWorker] INFO  segmented.SegmentedRaftLogWorker (SegmentedRaftLogWorker.java:execute(637)) - 0339cccf-75ab-4f40-8420-baf6c795ced3@group-B21D8660D172-SegmentedRaftLogWorker: created new log segment /home/runner/work/ozone/ozone/hadoop-ozone/integration-test/target/test-dir/MiniOzoneClusterImpl-c0b7f50e-f813-4849-95b3-646bdd98e01d/ozone-meta/datanode-1/ratis/ad1ced21-6f81-4c80-ab1b-b21d8660d172/current/log_inprogress_0
2024-07-18 11:33:40,200 [df04cc9d-3067-478c-80ae-8f73b6a024a8@group-24D321077FFF-LeaderElection9] INFO  impl.LeaderElection (LeaderElection.java:askForVotes(321)) - df04cc9d-3067-478c-80ae-8f73b6a024a8@group-24D321077FFF-LeaderElection9 PRE_VOTE round 0: submit vote requests at term 0 for conf: {index: -1, cur=peers:[df04cc9d-3067-478c-80ae-8f73b6a024a8|127.0.0.1:15039]|listeners:[], old=null}
2024-07-18 11:33:40,200 [df04cc9d-3067-478c-80ae-8f73b6a024a8@group-24D321077FFF-LeaderElection9] INFO  impl.LeaderElection (LeaderElection.java:askForVotes(323)) - df04cc9d-3067-478c-80ae-8f73b6a024a8@group-24D321077FFF-LeaderElection9 PRE_VOTE round 0: result PASSED (term=0)
2024-07-18 11:33:40,204 [df04cc9d-3067-478c-80ae-8f73b6a024a8@group-B21D8660D172-StateMachineUpdater] INFO  server.RaftServer$Division (LeaderStateImpl.java:checkStartIndex(316)) - Leader df04cc9d-3067-478c-80ae-8f73b6a024a8@group-B21D8660D172-LeaderStateImpl is ready since appliedIndex == startIndex == 0
2024-07-18 11:33:40,204 [df04cc9d-3067-478c-80ae-8f73b6a024a8@group-24D321077FFF-LeaderElection9] INFO  impl.LeaderElection (LeaderElection.java:askForVotes(321)) - df04cc9d-3067-478c-80ae-8f73b6a024a8@group-24D321077FFF-LeaderElection9 ELECTION round 0: submit vote requests at term 1 for conf: {index: -1, cur=peers:[df04cc9d-3067-478c-80ae-8f73b6a024a8|127.0.0.1:15039]|listeners:[], old=null}
2024-07-18 11:33:40,204 [df04cc9d-3067-478c-80ae-8f73b6a024a8@group-24D321077FFF-LeaderElection9] INFO  impl.LeaderElection (LeaderElection.java:askForVotes(323)) - df04cc9d-3067-478c-80ae-8f73b6a024a8@group-24D321077FFF-LeaderElection9 ELECTION round 0: result PASSED (term=1)
2024-07-18 11:33:40,205 [df04cc9d-3067-478c-80ae-8f73b6a024a8@group-24D321077FFF-LeaderElection9] INFO  impl.RoleInfo (RoleInfo.java:shutdownLeaderElection(139)) - df04cc9d-3067-478c-80ae-8f73b6a024a8: shutdown df04cc9d-3067-478c-80ae-8f73b6a024a8@group-24D321077FFF-LeaderElection9
2024-07-18 11:33:40,205 [df04cc9d-3067-478c-80ae-8f73b6a024a8@group-24D321077FFF-LeaderElection9] INFO  server.RaftServer$Division (RaftServerImpl.java:setRole(376)) - df04cc9d-3067-478c-80ae-8f73b6a024a8@group-24D321077FFF: changes role from CANDIDATE to LEADER at term 1 for changeToLeader
2024-07-18 11:33:40,205 [df04cc9d-3067-478c-80ae-8f73b6a024a8@group-24D321077FFF-LeaderElection9] INFO  server.RaftServerConfigKeys (ConfUtils.java:logGet(46)) - raft.server.staging.catchup.gap = 1000 (default)
2024-07-18 11:33:40,206 [df04cc9d-3067-478c-80ae-8f73b6a024a8@group-24D321077FFF-LeaderElection9] INFO  server.RaftServerConfigKeys (ConfUtils.java:logGet(46)) - raft.server.write.element-limit = 1024 (custom)
2024-07-18 11:33:40,206 [df04cc9d-3067-478c-80ae-8f73b6a024a8@group-24D321077FFF-LeaderElection9] INFO  server.RaftServerConfigKeys (ConfUtils.java:logGet(46)) - raft.server.write.byte-limit = 1024 M (=1073741824) (custom)
2024-07-18 11:33:40,206 [df04cc9d-3067-478c-80ae-8f73b6a024a8@group-24D321077FFF-LeaderElection9] INFO  server.RaftServerConfigKeys (ConfUtils.java:logGet(46)) - raft.server.watch.timeout = 30s (custom)
2024-07-18 11:33:40,206 [df04cc9d-3067-478c-80ae-8f73b6a024a8@group-24D321077FFF-LeaderElection9] INFO  server.RaftServerConfigKeys (ConfUtils.java:logGet(46)) - raft.server.watch.timeout.denomination = 1s (default)
2024-07-18 11:33:40,206 [df04cc9d-3067-478c-80ae-8f73b6a024a8@group-24D321077FFF-LeaderElection9] INFO  server.RaftServerConfigKeys (ConfUtils.java:logGet(46)) - raft.server.watch.element-limit = 65536 (default)
2024-07-18 11:33:40,207 [df04cc9d-3067-478c-80ae-8f73b6a024a8@group-24D321077FFF-LeaderElection9] INFO  server.RaftServerConfigKeys (ConfUtils.java:logGet(46)) - raft.server.read.leader.lease.enabled = false (default)
2024-07-18 11:33:40,208 [df04cc9d-3067-478c-80ae-8f73b6a024a8@group-24D321077FFF-LeaderElection9] INFO  server.RaftServerConfigKeys (ConfUtils.java:logGet(46)) - raft.server.read.leader.lease.timeout.ratio = 0.9 (default)
2024-07-18 11:33:40,208 [df04cc9d-3067-478c-80ae-8f73b6a024a8@group-24D321077FFF-LeaderElection9] INFO  server.RaftServerConfigKeys (ConfUtils.java:logGet(46)) - raft.server.rpc.timeout.min = 5s (custom)
2024-07-18 11:33:40,208 [df04cc9d-3067-478c-80ae-8f73b6a024a8@group-24D321077FFF-LeaderElection9] INFO  server.RaftServerConfigKeys (ConfUtils.java:logGet(46)) - raft.server.log.log-metadata.enabled = true (default)
2024-07-18 11:33:40,208 [df04cc9d-3067-478c-80ae-8f73b6a024a8@group-24D321077FFF-LeaderElection9] INFO  server.RaftServerConfigKeys (ConfUtils.java:logGet(46)) - raft.server.write.element-limit = 1024 (custom)
2024-07-18 11:33:40,208 [df04cc9d-3067-478c-80ae-8f73b6a024a8@group-24D321077FFF-LeaderElection9] INFO  server.RaftServerConfigKeys (ConfUtils.java:logGet(46)) - raft.server.write.follower.gap.ratio.max = -1.0 (default)
2024-07-18 11:33:40,208 [df04cc9d-3067-478c-80ae-8f73b6a024a8@group-24D321077FFF-LeaderElection9] INFO  impl.RoleInfo (RoleInfo.java:updateAndGet(148)) - df04cc9d-3067-478c-80ae-8f73b6a024a8: start df04cc9d-3067-478c-80ae-8f73b6a024a8@group-24D321077FFF-LeaderStateImpl
2024-07-18 11:33:40,208 [df04cc9d-3067-478c-80ae-8f73b6a024a8@group-24D321077FFF-LeaderElection9] INFO  server.RaftServer$Division (RaftServerImpl.java:setFirstElection(549)) - df04cc9d-3067-478c-80ae-8f73b6a024a8@group-24D321077FFF: set firstElectionSinceStartup to false for becomeLeader
2024-07-18 11:33:40,208 [df04cc9d-3067-478c-80ae-8f73b6a024a8@group-24D321077FFF-LeaderElection9] INFO  ratis.XceiverServerRatis (XceiverServerRatis.java:handleLeaderChangedNotification(950)) - Leader change notification received for group: group-24D321077FFF with new leaderId: df04cc9d-3067-478c-80ae-8f73b6a024a8
2024-07-18 11:33:40,208 [df04cc9d-3067-478c-80ae-8f73b6a024a8@group-24D321077FFF-LeaderElection9] INFO  server.RaftServer$Division (ServerState.java:setLeader(272)) - df04cc9d-3067-478c-80ae-8f73b6a024a8@group-24D321077FFF: change Leader from null to df04cc9d-3067-478c-80ae-8f73b6a024a8 at term 1 for becomeLeader, leader elected after 5156ms
2024-07-18 11:33:40,208 [df04cc9d-3067-478c-80ae-8f73b6a024a8@group-24D321077FFF-LeaderElection9] INFO  segmented.SegmentedRaftLogWorker (SegmentedRaftLogWorker.java:startLogSegment(433)) - df04cc9d-3067-478c-80ae-8f73b6a024a8@group-24D321077FFF-SegmentedRaftLogWorker: Starting segment from index:0
2024-07-18 11:33:40,209 [df04cc9d-3067-478c-80ae-8f73b6a024a8@group-24D321077FFF-SegmentedRaftLogWorker] INFO  segmented.BufferedWriteChannel (BufferedWriteChannel.java:open(61)) - open log_inprogress_0 at position 0
2024-07-18 11:33:40,213 [df04cc9d-3067-478c-80ae-8f73b6a024a8@group-24D321077FFF-LeaderElection9] INFO  server.RaftServer$Division (ServerState.java:setRaftConf(386)) - df04cc9d-3067-478c-80ae-8f73b6a024a8@group-24D321077FFF: set configuration conf: {index: 0, cur=peers:[df04cc9d-3067-478c-80ae-8f73b6a024a8|127.0.0.1:15039]|listeners:[], old=null}
2024-07-18 11:33:40,219 [df04cc9d-3067-478c-80ae-8f73b6a024a8@group-24D321077FFF-SegmentedRaftLogWorker] INFO  segmented.SegmentedRaftLogWorker (SegmentedRaftLogWorker.java:execute(637)) - df04cc9d-3067-478c-80ae-8f73b6a024a8@group-24D321077FFF-SegmentedRaftLogWorker: created new log segment /home/runner/work/ozone/ozone/hadoop-ozone/integration-test/target/test-dir/MiniOzoneClusterImpl-c0b7f50e-f813-4849-95b3-646bdd98e01d/ozone-meta/datanode-2/ratis/fdcaa597-ead9-4aa4-bc30-24d321077fff/current/log_inprogress_0
2024-07-18 11:33:40,221 [df04cc9d-3067-478c-80ae-8f73b6a024a8@group-24D321077FFF-StateMachineUpdater] INFO  server.RaftServer$Division (LeaderStateImpl.java:checkStartIndex(316)) - Leader df04cc9d-3067-478c-80ae-8f73b6a024a8@group-24D321077FFF-LeaderStateImpl is ready since appliedIndex == startIndex == 0
2024-07-18 11:33:40,334 [main] INFO  ozone.MiniOzoneClusterImpl (MiniOzoneClusterImpl.java:lambda$waitForClusterToBeReady$0(194)) - Nodes are ready. Got 3 of 3 DN Heartbeats.
2024-07-18 11:33:40,334 [main] INFO  ozone.MiniOzoneClusterImpl (MiniOzoneClusterImpl.java:lambda$waitForClusterToBeReady$0(197)) - Cluster exits safe mode
2024-07-18 11:33:40,334 [main] INFO  ozone.MiniOzoneClusterImpl (MiniOzoneClusterImpl.java:lambda$waitForClusterToBeReady$0(199)) - SCM became leader
2024-07-18 11:33:40,382 [0d591c3e-1cf4-45a6-8ac8-82f56607a94d@group-84EFF58AB50D-FollowerState] INFO  impl.FollowerState (FollowerState.java:run(144)) - 0d591c3e-1cf4-45a6-8ac8-82f56607a94d@group-84EFF58AB50D-FollowerState: change to CANDIDATE, lastRpcElapsedTime:5035862388ns, electionTimeout:5030ms
2024-07-18 11:33:40,382 [0d591c3e-1cf4-45a6-8ac8-82f56607a94d@group-84EFF58AB50D-FollowerState] INFO  impl.RoleInfo (RoleInfo.java:shutdownFollowerState(119)) - 0d591c3e-1cf4-45a6-8ac8-82f56607a94d: shutdown 0d591c3e-1cf4-45a6-8ac8-82f56607a94d@group-84EFF58AB50D-FollowerState
2024-07-18 11:33:40,382 [0d591c3e-1cf4-45a6-8ac8-82f56607a94d@group-84EFF58AB50D-FollowerState] INFO  server.RaftServer$Division (RaftServerImpl.java:setRole(376)) - 0d591c3e-1cf4-45a6-8ac8-82f56607a94d@group-84EFF58AB50D: changes role from  FOLLOWER to CANDIDATE at term 0 for changeToCandidate
2024-07-18 11:33:40,382 [0d591c3e-1cf4-45a6-8ac8-82f56607a94d@group-84EFF58AB50D-FollowerState] INFO  server.RaftServerConfigKeys (ConfUtils.java:logGet(46)) - raft.server.leaderelection.pre-vote = true (default)
2024-07-18 11:33:40,382 [0d591c3e-1cf4-45a6-8ac8-82f56607a94d@group-84EFF58AB50D-FollowerState] INFO  impl.RoleInfo (RoleInfo.java:updateAndGet(148)) - 0d591c3e-1cf4-45a6-8ac8-82f56607a94d: start 0d591c3e-1cf4-45a6-8ac8-82f56607a94d@group-84EFF58AB50D-LeaderElection10
2024-07-18 11:33:40,383 [0d591c3e-1cf4-45a6-8ac8-82f56607a94d@group-84EFF58AB50D-LeaderElection10] INFO  impl.LeaderElection (LeaderElection.java:askForVotes(321)) - 0d591c3e-1cf4-45a6-8ac8-82f56607a94d@group-84EFF58AB50D-LeaderElection10 PRE_VOTE round 0: submit vote requests at term 0 for conf: {index: -1, cur=peers:[0d591c3e-1cf4-45a6-8ac8-82f56607a94d|127.0.0.1:15048]|listeners:[], old=null}
2024-07-18 11:33:40,383 [0d591c3e-1cf4-45a6-8ac8-82f56607a94d@group-84EFF58AB50D-LeaderElection10] INFO  impl.LeaderElection (LeaderElection.java:askForVotes(323)) - 0d591c3e-1cf4-45a6-8ac8-82f56607a94d@group-84EFF58AB50D-LeaderElection10 PRE_VOTE round 0: result PASSED (term=0)
2024-07-18 11:33:40,384 [0d591c3e-1cf4-45a6-8ac8-82f56607a94d@group-84EFF58AB50D-LeaderElection10] INFO  impl.LeaderElection (LeaderElection.java:askForVotes(321)) - 0d591c3e-1cf4-45a6-8ac8-82f56607a94d@group-84EFF58AB50D-LeaderElection10 ELECTION round 0: submit vote requests at term 1 for conf: {index: -1, cur=peers:[0d591c3e-1cf4-45a6-8ac8-82f56607a94d|127.0.0.1:15048]|listeners:[], old=null}
2024-07-18 11:33:40,385 [0d591c3e-1cf4-45a6-8ac8-82f56607a94d@group-84EFF58AB50D-LeaderElection10] INFO  impl.LeaderElection (LeaderElection.java:askForVotes(323)) - 0d591c3e-1cf4-45a6-8ac8-82f56607a94d@group-84EFF58AB50D-LeaderElection10 ELECTION round 0: result PASSED (term=1)
2024-07-18 11:33:40,385 [0d591c3e-1cf4-45a6-8ac8-82f56607a94d@group-84EFF58AB50D-LeaderElection10] INFO  impl.RoleInfo (RoleInfo.java:shutdownLeaderElection(139)) - 0d591c3e-1cf4-45a6-8ac8-82f56607a94d: shutdown 0d591c3e-1cf4-45a6-8ac8-82f56607a94d@group-84EFF58AB50D-LeaderElection10
2024-07-18 11:33:40,386 [0d591c3e-1cf4-45a6-8ac8-82f56607a94d@group-84EFF58AB50D-LeaderElection10] INFO  server.RaftServer$Division (RaftServerImpl.java:setRole(376)) - 0d591c3e-1cf4-45a6-8ac8-82f56607a94d@group-84EFF58AB50D: changes role from CANDIDATE to LEADER at term 1 for changeToLeader
2024-07-18 11:33:40,386 [0d591c3e-1cf4-45a6-8ac8-82f56607a94d@group-84EFF58AB50D-LeaderElection10] INFO  server.RaftServerConfigKeys (ConfUtils.java:logGet(46)) - raft.server.staging.catchup.gap = 1000 (default)
2024-07-18 11:33:40,387 [0d591c3e-1cf4-45a6-8ac8-82f56607a94d@group-84EFF58AB50D-LeaderElection10] INFO  server.RaftServerConfigKeys (ConfUtils.java:logGet(46)) - raft.server.write.element-limit = 1024 (custom)
2024-07-18 11:33:40,388 [0d591c3e-1cf4-45a6-8ac8-82f56607a94d@group-84EFF58AB50D-LeaderElection10] INFO  server.RaftServerConfigKeys (ConfUtils.java:logGet(46)) - raft.server.write.byte-limit = 1024 M (=1073741824) (custom)
2024-07-18 11:33:40,388 [0d591c3e-1cf4-45a6-8ac8-82f56607a94d@group-84EFF58AB50D-LeaderElection10] INFO  server.RaftServerConfigKeys (ConfUtils.java:logGet(46)) - raft.server.watch.timeout = 30s (custom)
2024-07-18 11:33:40,389 [0d591c3e-1cf4-45a6-8ac8-82f56607a94d@group-84EFF58AB50D-LeaderElection10] INFO  server.RaftServerConfigKeys (ConfUtils.java:logGet(46)) - raft.server.watch.timeout.denomination = 1s (default)
2024-07-18 11:33:40,389 [0d591c3e-1cf4-45a6-8ac8-82f56607a94d@group-84EFF58AB50D-LeaderElection10] INFO  server.RaftServerConfigKeys (ConfUtils.java:logGet(46)) - raft.server.watch.element-limit = 65536 (default)
2024-07-18 11:33:40,390 [0d591c3e-1cf4-45a6-8ac8-82f56607a94d@group-84EFF58AB50D-LeaderElection10] INFO  server.RaftServerConfigKeys (ConfUtils.java:logGet(46)) - raft.server.read.leader.lease.enabled = false (default)
2024-07-18 11:33:40,391 [0d591c3e-1cf4-45a6-8ac8-82f56607a94d@group-84EFF58AB50D-LeaderElection10] INFO  server.RaftServerConfigKeys (ConfUtils.java:logGet(46)) - raft.server.read.leader.lease.timeout.ratio = 0.9 (default)
2024-07-18 11:33:40,391 [0d591c3e-1cf4-45a6-8ac8-82f56607a94d@group-84EFF58AB50D-LeaderElection10] INFO  server.RaftServerConfigKeys (ConfUtils.java:logGet(46)) - raft.server.rpc.timeout.min = 5s (custom)
2024-07-18 11:33:40,392 [0d591c3e-1cf4-45a6-8ac8-82f56607a94d@group-84EFF58AB50D-LeaderElection10] INFO  server.RaftServerConfigKeys (ConfUtils.java:logGet(46)) - raft.server.log.log-metadata.enabled = true (default)
2024-07-18 11:33:40,392 [0d591c3e-1cf4-45a6-8ac8-82f56607a94d@group-84EFF58AB50D-LeaderElection10] INFO  server.RaftServerConfigKeys (ConfUtils.java:logGet(46)) - raft.server.write.element-limit = 1024 (custom)
2024-07-18 11:33:40,393 [0d591c3e-1cf4-45a6-8ac8-82f56607a94d@group-84EFF58AB50D-LeaderElection10] INFO  server.RaftServerConfigKeys (ConfUtils.java:logGet(46)) - raft.server.write.follower.gap.ratio.max = -1.0 (default)
2024-07-18 11:33:40,393 [0d591c3e-1cf4-45a6-8ac8-82f56607a94d@group-84EFF58AB50D-LeaderElection10] INFO  impl.RoleInfo (RoleInfo.java:updateAndGet(148)) - 0d591c3e-1cf4-45a6-8ac8-82f56607a94d: start 0d591c3e-1cf4-45a6-8ac8-82f56607a94d@group-84EFF58AB50D-LeaderStateImpl
2024-07-18 11:33:40,394 [0d591c3e-1cf4-45a6-8ac8-82f56607a94d@group-84EFF58AB50D-LeaderElection10] INFO  server.RaftServer$Division (RaftServerImpl.java:setFirstElection(549)) - 0d591c3e-1cf4-45a6-8ac8-82f56607a94d@group-84EFF58AB50D: set firstElectionSinceStartup to false for becomeLeader
2024-07-18 11:33:40,394 [0d591c3e-1cf4-45a6-8ac8-82f56607a94d@group-84EFF58AB50D-LeaderElection10] INFO  ratis.XceiverServerRatis (XceiverServerRatis.java:handleLeaderChangedNotification(950)) - Leader change notification received for group: group-84EFF58AB50D with new leaderId: 0d591c3e-1cf4-45a6-8ac8-82f56607a94d
2024-07-18 11:33:40,395 [0d591c3e-1cf4-45a6-8ac8-82f56607a94d@group-84EFF58AB50D-LeaderElection10] INFO  server.RaftServer$Division (ServerState.java:setLeader(272)) - 0d591c3e-1cf4-45a6-8ac8-82f56607a94d@group-84EFF58AB50D: change Leader from null to 0d591c3e-1cf4-45a6-8ac8-82f56607a94d at term 1 for becomeLeader, leader elected after 5065ms
2024-07-18 11:33:40,396 [0d591c3e-1cf4-45a6-8ac8-82f56607a94d@group-84EFF58AB50D-LeaderElection10] INFO  segmented.SegmentedRaftLogWorker (SegmentedRaftLogWorker.java:startLogSegment(433)) - 0d591c3e-1cf4-45a6-8ac8-82f56607a94d@group-84EFF58AB50D-SegmentedRaftLogWorker: Starting segment from index:0
2024-07-18 11:33:40,396 [0d591c3e-1cf4-45a6-8ac8-82f56607a94d@group-84EFF58AB50D-LeaderElection10] INFO  server.RaftServer$Division (ServerState.java:setRaftConf(386)) - 0d591c3e-1cf4-45a6-8ac8-82f56607a94d@group-84EFF58AB50D: set configuration conf: {index: 0, cur=peers:[0d591c3e-1cf4-45a6-8ac8-82f56607a94d|127.0.0.1:15048]|listeners:[], old=null}
2024-07-18 11:33:40,397 [0d591c3e-1cf4-45a6-8ac8-82f56607a94d@group-84EFF58AB50D-SegmentedRaftLogWorker] INFO  segmented.BufferedWriteChannel (BufferedWriteChannel.java:open(61)) - open log_inprogress_0 at position 0
2024-07-18 11:33:40,409 [0d591c3e-1cf4-45a6-8ac8-82f56607a94d@group-84EFF58AB50D-SegmentedRaftLogWorker] INFO  segmented.SegmentedRaftLogWorker (SegmentedRaftLogWorker.java:execute(637)) - 0d591c3e-1cf4-45a6-8ac8-82f56607a94d@group-84EFF58AB50D-SegmentedRaftLogWorker: created new log segment /home/runner/work/ozone/ozone/hadoop-ozone/integration-test/target/test-dir/MiniOzoneClusterImpl-c0b7f50e-f813-4849-95b3-646bdd98e01d/ozone-meta/datanode-3/ratis/c1eb1e75-8a90-48ef-a8a7-84eff58ab50d/current/log_inprogress_0
2024-07-18 11:33:40,412 [0d591c3e-1cf4-45a6-8ac8-82f56607a94d@group-84EFF58AB50D-StateMachineUpdater] INFO  server.RaftServer$Division (LeaderStateImpl.java:checkStartIndex(316)) - Leader 0d591c3e-1cf4-45a6-8ac8-82f56607a94d@group-84EFF58AB50D-LeaderStateImpl is ready since appliedIndex == startIndex == 0
2024-07-18 11:33:40,633 [IPC Server handler 0 on default port 15012] INFO  ha.SCMNodeInfo (SCMNodeInfo.java:getPort(197)) - ConfigKey ozone.scm.client.address is deprecated, For configuring different ports for each SCM use PortConfigKey ozone.scm.client.port appended with serviceId and nodeId
2024-07-18 11:33:40,633 [IPC Server handler 0 on default port 15012] INFO  ha.SCMNodeInfo (SCMNodeInfo.java:getPort(197)) - ConfigKey ozone.scm.block.client.address is deprecated, For configuring different ports for each SCM use PortConfigKey ozone.scm.block.client.port appended with serviceId and nodeId
2024-07-18 11:33:40,634 [IPC Server handler 0 on default port 15012] INFO  ha.SCMNodeInfo (SCMNodeInfo.java:getPort(197)) - ConfigKey ozone.scm.security.service.address is deprecated, For configuring different ports for each SCM use PortConfigKey ozone.scm.security.service.port appended with serviceId and nodeId
2024-07-18 11:33:40,634 [IPC Server handler 0 on default port 15012] INFO  ha.SCMNodeInfo (SCMNodeInfo.java:getPort(197)) - ConfigKey ozone.scm.datanode.address is deprecated, For configuring different ports for each SCM use PortConfigKey ozone.scm.datanode.port appended with serviceId and nodeId
2024-07-18 11:33:40,641 [main] INFO  rpc.RpcClient (RpcClient.java:createVolume(473)) - Creating Volume: volume48913, with runner as owner and space quota set to -1 bytes, counts quota set to -1
2024-07-18 11:33:40,671 [omNode-1-OMStateMachineApplyTransactionThread - 0] INFO  volume.OMVolumeCreateRequest (OMVolumeCreateRequest.java:validateAndUpdateCache(198)) - created volume:volume48913 for user:runner
2024-07-18 11:33:40,672 [omNode-3-OMStateMachineApplyTransactionThread - 0] INFO  volume.OMVolumeCreateRequest (OMVolumeCreateRequest.java:validateAndUpdateCache(198)) - created volume:volume48913 for user:runner
2024-07-18 11:33:40,681 [omNode-2-OMStateMachineApplyTransactionThread - 0] INFO  volume.OMVolumeCreateRequest (OMVolumeCreateRequest.java:validateAndUpdateCache(198)) - created volume:volume48913 for user:runner
2024-07-18 11:33:40,692 [main] INFO  rpc.RpcClient (RpcClient.java:createBucket(699)) - Creating Bucket: volume48913/bucket07433, with server-side default bucket layout, runner as owner, Versioning false, Storage Type set to DISK and Encryption set to false, Replication Type set to server-side default replication type, Namespace Quota set to -1, Space Quota set to -1 
2024-07-18 11:33:40,694 [omNode-1-OMDoubleBufferFlushThread] INFO  helpers.OmKeyInfo (OmKeyInfo.java:getCodec(72)) - OmKeyInfo.getCodec ignorePipeline = true
2024-07-18 11:33:40,694 [omNode-1-OMDoubleBufferFlushThread] INFO  helpers.OmKeyInfo (OmKeyInfo.java:getCodec(72)) - OmKeyInfo.getCodec ignorePipeline = true
2024-07-18 11:33:40,694 [omNode-1-OMDoubleBufferFlushThread] INFO  helpers.OmKeyInfo (OmKeyInfo.java:getCodec(72)) - OmKeyInfo.getCodec ignorePipeline = true
2024-07-18 11:33:40,694 [omNode-1-OMDoubleBufferFlushThread] INFO  helpers.OmKeyInfo (OmKeyInfo.java:getCodec(72)) - OmKeyInfo.getCodec ignorePipeline = true
2024-07-18 11:33:40,694 [omNode-1-OMDoubleBufferFlushThread] INFO  helpers.OmKeyInfo (OmKeyInfo.java:getCodec(72)) - OmKeyInfo.getCodec ignorePipeline = true
2024-07-18 11:33:40,707 [omNode-1-OMStateMachineApplyTransactionThread - 0] INFO  bucket.OMBucketCreateRequest (OMBucketCreateRequest.java:validateAndUpdateCache(293)) - created bucket: bucket07433 of layout FILE_SYSTEM_OPTIMIZED in volume: volume48913
2024-07-18 11:33:40,708 [omNode-3-OMStateMachineApplyTransactionThread - 0] INFO  bucket.OMBucketCreateRequest (OMBucketCreateRequest.java:validateAndUpdateCache(293)) - created bucket: bucket07433 of layout FILE_SYSTEM_OPTIMIZED in volume: volume48913
2024-07-18 11:33:40,710 [omNode-2-OMStateMachineApplyTransactionThread - 0] INFO  bucket.OMBucketCreateRequest (OMBucketCreateRequest.java:validateAndUpdateCache(293)) - created bucket: bucket07433 of layout FILE_SYSTEM_OPTIMIZED in volume: volume48913
2024-07-18 11:33:40,749 [IPC Server handler 99 on default port 15007] INFO  ha.SequenceIdGenerator (SequenceIdGenerator.java:getNextId(144)) - Allocate a batch for containerId, change lastId from 0 to 1000.
2024-07-18 11:33:40,757 [c23094e4-493d-4fea-9f0c-470ffa683120@group-646BDD98E01D-StateMachineUpdater] WARN  ha.SequenceIdGenerator (SequenceIdGenerator.java:allocateBatch(257)) - Failed to allocate a batch for localId, expected lastId is 0, actual lastId is 113750153625600000.
2024-07-18 11:33:40,759 [IPC Server handler 99 on default port 15007] INFO  ha.SequenceIdGenerator (SequenceIdGenerator.java:getNextId(144)) - Allocate a batch for localId, change lastId from 113750153625600000 to 113750153625601000.
2024-07-18 11:33:40,846 [main] INFO  impl.MetricsSystemImpl (MetricsSystemImpl.java:init(158)) - XceiverClientMetrics metrics system started (again)
2024-07-18 11:33:40,871 [main] INFO  scm.XceiverClientRatis (XceiverClientRatis.java:<init>(141)) - WatchType ALL_COMMITTED. Majority 1, 
2024-07-18 11:33:41,026 [main] INFO  om.OzoneManager (OzoneManager.java:stop(2232)) - omNode-2[localhost:15016]: Stopping Ozone Manager
2024-07-18 11:33:41,026 [main] INFO  ipc.Server (Server.java:stop(3523)) - Stopping server on 15016
2024-07-18 11:33:41,028 [IPC Server Responder] INFO  ipc.Server (Server.java:run(1567)) - Stopping IPC Server Responder
2024-07-18 11:33:41,028 [IPC Server listener on 15016] INFO  ipc.Server (Server.java:run(1434)) - Stopping IPC Server listener on 15016
2024-07-18 11:33:41,029 [main] INFO  ratis.OzoneManagerRatisServer (OzoneManagerRatisServer.java:stop(600)) - Stopping org.apache.hadoop.ozone.om.ratis.OzoneManagerRatisServer@578a17cb at port 15019
2024-07-18 11:33:41,029 [main] INFO  server.RaftServer (RaftServerProxy.java:lambda$close$9(418)) - omNode-2: close
2024-07-18 11:33:41,029 [main] INFO  server.GrpcService (GrpcService.java:closeImpl(311)) - omNode-2: shutdown server GrpcServerProtocolService now
2024-07-18 11:33:41,029 [omNode-2-impl-thread1] INFO  server.RaftServer$Division (RaftServerImpl.java:lambda$close$1(501)) - omNode-2@group-0AAC5367B30E: shutdown
2024-07-18 11:33:41,029 [omNode-2-impl-thread1] INFO  util.JmxRegister (JmxRegister.java:unregister(74)) - Successfully un-registered JMX Bean with object name Ratis:service=RaftServer,group=group-0AAC5367B30E,id=omNode-2
2024-07-18 11:33:41,029 [omNode-2-impl-thread1] INFO  impl.RoleInfo (RoleInfo.java:shutdownFollowerState(119)) - omNode-2: shutdown omNode-2@group-0AAC5367B30E-FollowerState
2024-07-18 11:33:41,030 [omNode-2-impl-thread1] INFO  impl.StateMachineUpdater (StateMachineUpdater.java:stopAndJoin(164)) - omNode-2@group-0AAC5367B30E-StateMachineUpdater: set stopIndex = 7
2024-07-18 11:33:41,030 [omNode-2@group-0AAC5367B30E-StateMachineUpdater] INFO  ratis.OzoneManagerStateMachine (OzoneManagerStateMachine.java:takeSnapshotImpl(485)) -  applied = (t:1, i:6)
2024-07-18 11:33:41,030 [omNode-2@group-0AAC5367B30E-StateMachineUpdater] INFO  ratis.OzoneManagerStateMachine (OzoneManagerStateMachine.java:takeSnapshotImpl(486)) -  skipped = 5
2024-07-18 11:33:41,030 [omNode-2@group-0AAC5367B30E-StateMachineUpdater] INFO  ratis.OzoneManagerStateMachine (OzoneManagerStateMachine.java:takeSnapshotImpl(487)) - notified = (t:1, i:6)
2024-07-18 11:33:41,030 [omNode-2@group-0AAC5367B30E-StateMachineUpdater] INFO  ratis.OzoneManagerStateMachine (OzoneManagerStateMachine.java:takeSnapshotImpl(488)) - snapshot = (t:1, i:6)
2024-07-18 11:33:41,030 [omNode-2@group-0AAC5367B30E-FollowerState] INFO  impl.FollowerState (FollowerState.java:run(153)) - omNode-2@group-0AAC5367B30E-FollowerState was interrupted
2024-07-18 11:33:41,035 [grpc-default-executor-1] WARN  server.GrpcServerProtocolService (LogUtils.java:warn(121)) - omNode-2: APPEND_ENTRIES onError, lastRequest: null: org.apache.ratis.thirdparty.io.grpc.StatusRuntimeException: CANCELLED: client cancelled
2024-07-18 11:33:41,035 [grpc-default-executor-0] WARN  server.GrpcServerProtocolService (LogUtils.java:warn(121)) - omNode-2: APPEND_ENTRIES onError, lastRequest: omNode-1->omNode-2#46-t1,previous=(t:1, i:7),leaderCommit=7,initializing? false,entries: size=1, first=(t:1, i:8), METADATAENTRY(c:7): org.apache.ratis.thirdparty.io.grpc.StatusRuntimeException: CANCELLED: client cancelled
2024-07-18 11:33:41,038 [main] INFO  server.GrpcService (GrpcService.java:closeImpl(320)) - omNode-2: shutdown server GrpcServerProtocolService successfully
2024-07-18 11:33:41,054 [omNode-2@group-0AAC5367B30E-StateMachineUpdater] INFO  impl.StateMachineUpdater (StateMachineUpdater.java:takeSnapshot(303)) - omNode-2@group-0AAC5367B30E-StateMachineUpdater: Took a snapshot at index 6
2024-07-18 11:33:41,054 [omNode-2@group-0AAC5367B30E-StateMachineUpdater] INFO  impl.StateMachineUpdater (StateMachineUpdater.java:lambda$new$0(102)) - omNode-2@group-0AAC5367B30E-StateMachineUpdater: snapshotIndex: updateIncreasingly -1 -> 6
2024-07-18 11:33:41,054 [omNode-2@group-0AAC5367B30E-StateMachineUpdater] INFO  ratis.OzoneManagerStateMachine (OzoneManagerStateMachine.java:takeSnapshotImpl(485)) -  applied = (t:1, i:7)
2024-07-18 11:33:41,054 [omNode-2@group-0AAC5367B30E-StateMachineUpdater] INFO  ratis.OzoneManagerStateMachine (OzoneManagerStateMachine.java:takeSnapshotImpl(486)) -  skipped = 5
2024-07-18 11:33:41,054 [omNode-2@group-0AAC5367B30E-StateMachineUpdater] INFO  ratis.OzoneManagerStateMachine (OzoneManagerStateMachine.java:takeSnapshotImpl(487)) - notified = (t:1, i:6)
2024-07-18 11:33:41,054 [omNode-2@group-0AAC5367B30E-StateMachineUpdater] INFO  ratis.OzoneManagerStateMachine (OzoneManagerStateMachine.java:takeSnapshotImpl(488)) - snapshot = (t:1, i:7)
2024-07-18 11:33:41,058 [omNode-2@group-0AAC5367B30E-StateMachineUpdater] INFO  impl.StateMachineUpdater (StateMachineUpdater.java:takeSnapshot(303)) - omNode-2@group-0AAC5367B30E-StateMachineUpdater: Took a snapshot at index 7
2024-07-18 11:33:41,058 [omNode-2@group-0AAC5367B30E-StateMachineUpdater] INFO  impl.StateMachineUpdater (StateMachineUpdater.java:lambda$new$0(102)) - omNode-2@group-0AAC5367B30E-StateMachineUpdater: snapshotIndex: updateIncreasingly 6 -> 7
2024-07-18 11:33:41,058 [omNode-2@group-0AAC5367B30E-StateMachineUpdater] INFO  impl.StateMachineUpdater (StateMachineUpdater.java:stop(141)) - omNode-2@group-0AAC5367B30E-StateMachineUpdater: closing OzoneManagerStateMachine, lastApplied=(t:1, i:7)
2024-07-18 11:33:41,058 [omNode-2@group-0AAC5367B30E-StateMachineUpdater] INFO  ratis.OzoneManagerStateMachine (OzoneManagerStateMachine.java:close(531)) - Stopping OzoneManagerStateMachine:omNode-2:group-0AAC5367B30E.
2024-07-18 11:33:41,058 [omNode-2@group-0AAC5367B30E-StateMachineUpdater] INFO  ratis.OzoneManagerDoubleBuffer (OzoneManagerDoubleBuffer.java:stopDaemon(517)) - Stopping OMDoubleBuffer flush thread
2024-07-18 11:33:41,058 [omNode-2-OMDoubleBufferFlushThread] INFO  ratis.OzoneManagerDoubleBuffer (OzoneManagerDoubleBuffer.java:canFlush(581)) - OMDoubleBuffer flush thread omNode-2-OMDoubleBufferFlushThread is interrupted and will exit.
2024-07-18 11:33:41,059 [omNode-2@group-0AAC5367B30E-cacheEviction-AwaitToRun] INFO  util.AwaitToRun (AwaitToRun.java:run(49)) - omNode-2@group-0AAC5367B30E-cacheEviction-AwaitToRun-AwaitForSignal is interrupted
2024-07-18 11:33:42,025 [omNode-2-impl-thread1] INFO  segmented.SegmentedRaftLogWorker (SegmentedRaftLogWorker.java:close(248)) - omNode-2@group-0AAC5367B30E-SegmentedRaftLogWorker close()
2024-07-18 11:33:42,027 [JvmPauseMonitor3] INFO  util.JvmPauseMonitor (JvmPauseMonitor.java:run(152)) - JvmPauseMonitor-omNode-2: Stopped
2024-07-18 11:33:42,027 [main] INFO  utils.BackgroundService (BackgroundService.java:shutdown(163)) - Shutting down service KeyDeletingService
2024-07-18 11:33:42,028 [main] INFO  utils.BackgroundService (BackgroundService.java:shutdown(163)) - Shutting down service DirectoryDeletingService
2024-07-18 11:33:42,028 [main] INFO  utils.BackgroundService (BackgroundService.java:shutdown(163)) - Shutting down service OpenKeyCleanupService
2024-07-18 11:33:42,029 [main] INFO  utils.BackgroundService (BackgroundService.java:shutdown(163)) - Shutting down service SstFilteringService
2024-07-18 11:33:42,029 [main] INFO  utils.BackgroundService (BackgroundService.java:shutdown(163)) - Shutting down service SnapshotDeletingService
2024-07-18 11:33:42,029 [main] INFO  utils.BackgroundService (BackgroundService.java:shutdown(163)) - Shutting down service MultipartUploadCleanupService
2024-07-18 11:33:42,030 [main] INFO  utils.BackgroundService (BackgroundService.java:shutdown(163)) - Shutting down service SnapshotDirectoryCleaningService
2024-07-18 11:33:42,031 [main] INFO  handler.ContextHandler (ContextHandler.java:doStop(1159)) - Stopped o.e.j.w.WebAppContext@3763c93b{ozoneManager,/,null,STOPPED}{file:/home/runner/work/ozone/ozone/hadoop-ozone/integration-test/target/test-classes/webapps/ozoneManager}
2024-07-18 11:33:42,033 [main] INFO  server.AbstractConnector (AbstractConnector.java:doStop(383)) - Stopped ServerConnector@5f9b21a1{HTTP/1.1, (http/1.1)}{0.0.0.0:15017}
2024-07-18 11:33:42,033 [main] INFO  server.session (HouseKeeper.java:stopScavenging(149)) - node0 Stopped scavenging
2024-07-18 11:33:42,034 [main] INFO  handler.ContextHandler (ContextHandler.java:doStop(1159)) - Stopped o.e.j.s.ServletContextHandler@37058d66{static,/static,file:///home/runner/work/ozone/ozone/hadoop-ozone/integration-test/target/test-classes/webapps/static,STOPPED}
2024-07-18 11:33:42,034 [main] INFO  handler.ContextHandler (ContextHandler.java:doStop(1159)) - Stopped o.e.j.s.ServletContextHandler@5af69032{logs,/logs,file:///home/runner/work/ozone/ozone/hadoop-ozone/integration-test/target/log,STOPPED}
2024-07-18 11:33:42,037 [main] INFO  rocksdiff.RocksDBCheckpointDiffer (RocksDBCheckpointDiffer.java:close(306)) - Shutting down CompactionDagPruningService.
2024-07-18 11:33:42,040 [main] INFO  snapshot.SnapshotDiffManager (SnapshotDiffManager.java:closeExecutorService(1657)) - Shutting down executorService: 'SnapDiffExecutor'
2024-07-18 11:33:42,041 [main] INFO  utils.BackgroundService (BackgroundService.java:shutdown(163)) - Shutting down service SnapshotDiffCleanupService
2024-07-18 11:33:42,048 [main] INFO  ha.OMHANodeDetails (OMHANodeDetails.java:loadOMHAConfig(121)) - ServiceID for OzoneManager is om-add-remove
2024-07-18 11:33:42,049 [main] INFO  ha.OMHANodeDetails (OMHANodeDetails.java:loadOMHAConfig(201)) - Found matching OM address with OMServiceId: om-add-remove, OMNodeId: omNode-bootstrap-1, RPC Address: localhost:15051 and Ratis port: 15054
2024-07-18 11:33:42,049 [main] INFO  ha.OMHANodeDetails (ConfUtils.java:setNodeSpecificConfigs(97)) - Setting configuration key ozone.om.http-address with value of key ozone.om.http-address.om-add-remove.omNode-bootstrap-1: 127.0.0.1:15052
2024-07-18 11:33:42,049 [main] INFO  ha.OMHANodeDetails (ConfUtils.java:setNodeSpecificConfigs(97)) - Setting configuration key ozone.om.https-address with value of key ozone.om.https-address.om-add-remove.omNode-bootstrap-1: 127.0.0.1:15053
2024-07-18 11:33:42,049 [main] INFO  ha.OMHANodeDetails (ConfUtils.java:setNodeSpecificConfigs(97)) - Setting configuration key ozone.om.address with value of key ozone.om.address.om-add-remove.omNode-bootstrap-1: 127.0.0.1:15051
2024-07-18 11:33:42,049 [main] WARN  server.ServerUtils (ServerUtils.java:getDBPath(299)) - ozone.om.db.dirs is not configured. We recommend adding this setting. Falling back to ozone.metadata.dirs instead.
2024-07-18 11:33:42,050 [main] INFO  ha.SCMNodeInfo (SCMNodeInfo.java:getPort(197)) - ConfigKey ozone.scm.client.address is deprecated, For configuring different ports for each SCM use PortConfigKey ozone.scm.client.port appended with serviceId and nodeId
2024-07-18 11:33:42,050 [main] INFO  ha.SCMNodeInfo (SCMNodeInfo.java:getPort(197)) - ConfigKey ozone.scm.block.client.address is deprecated, For configuring different ports for each SCM use PortConfigKey ozone.scm.block.client.port appended with serviceId and nodeId
2024-07-18 11:33:42,051 [main] INFO  ha.SCMNodeInfo (SCMNodeInfo.java:getPort(197)) - ConfigKey ozone.scm.security.service.address is deprecated, For configuring different ports for each SCM use PortConfigKey ozone.scm.security.service.port appended with serviceId and nodeId
2024-07-18 11:33:42,051 [main] INFO  ha.SCMNodeInfo (SCMNodeInfo.java:getPort(197)) - ConfigKey ozone.scm.datanode.address is deprecated, For configuring different ports for each SCM use PortConfigKey ozone.scm.datanode.port appended with serviceId and nodeId
2024-07-18 11:33:42,051 [main] INFO  proxy.SCMBlockLocationFailoverProxyProvider (SCMBlockLocationFailoverProxyProvider.java:<init>(115)) - Created block location fail-over proxy with 1 nodes: [nodeId=scmNode-1,nodeAddress=/127.0.0.1:15007]
OM initialization succeeded.Current cluster id for sd=/home/runner/work/ozone/ozone/hadoop-ozone/integration-test/target/test-dir/MiniOzoneClusterImpl-c0b7f50e-f813-4849-95b3-646bdd98e01d/omNode-bootstrap-1/om;cid=c0b7f50e-f813-4849-95b3-646bdd98e01d;layoutVersion=6
2024-07-18 11:33:42,056 [main] INFO  ha.OMHANodeDetails (OMHANodeDetails.java:loadOMHAConfig(121)) - ServiceID for OzoneManager is om-add-remove
2024-07-18 11:33:42,056 [main] INFO  ha.OMHANodeDetails (OMHANodeDetails.java:loadOMHAConfig(201)) - Found matching OM address with OMServiceId: om-add-remove, OMNodeId: omNode-bootstrap-1, RPC Address: localhost:15051 and Ratis port: 15054
2024-07-18 11:33:42,056 [main] INFO  ha.OMHANodeDetails (ConfUtils.java:setNodeSpecificConfigs(97)) - Setting configuration key ozone.om.http-address with value of key ozone.om.http-address.om-add-remove.omNode-bootstrap-1: 127.0.0.1:15052
2024-07-18 11:33:42,056 [main] INFO  ha.OMHANodeDetails (ConfUtils.java:setNodeSpecificConfigs(97)) - Setting configuration key ozone.om.https-address with value of key ozone.om.https-address.om-add-remove.omNode-bootstrap-1: 127.0.0.1:15053
2024-07-18 11:33:42,057 [main] INFO  ha.OMHANodeDetails (ConfUtils.java:setNodeSpecificConfigs(97)) - Setting configuration key ozone.om.address with value of key ozone.om.address.om-add-remove.omNode-bootstrap-1: 127.0.0.1:15051
2024-07-18 11:33:42,057 [main] WARN  server.ServerUtils (ServerUtils.java:getDBPath(299)) - ozone.om.db.dirs is not configured. We recommend adding this setting. Falling back to ozone.metadata.dirs instead.
2024-07-18 11:33:42,058 [main] INFO  upgrade.AbstractLayoutVersionManager (AbstractLayoutVersionManager.java:init(83)) - Initializing Layout version manager with metadata layout = QUOTA (version = 6), software layout = QUOTA (version = 6)
2024-07-18 11:33:42,102 [main] INFO  reflections.Reflections (Reflections.java:scan(219)) - Reflections took 43 ms to scan 2 urls, producing 188 keys and 546 values
2024-07-18 11:33:42,103 [main] INFO  upgrade.OMLayoutVersionManager (OMLayoutVersionManager.java:lambda$0(113)) - Skipping Upgrade Action QuotaRepairUpgradeAction since it has been finalized.
2024-07-18 11:33:42,103 [main] INFO  upgrade.OMLayoutVersionManager (OMLayoutVersionManager.java:lambda$0(113)) - Skipping Upgrade Action MockOmUpgradeAction since it has been finalized.
2024-07-18 11:33:42,103 [main] WARN  server.ServerUtils (ServerUtils.java:getDBPath(299)) - ozone.om.db.dirs is not configured. We recommend adding this setting. Falling back to ozone.metadata.dirs instead.
2024-07-18 11:33:42,104 [main] INFO  ha.SCMNodeInfo (SCMNodeInfo.java:getPort(197)) - ConfigKey ozone.scm.client.address is deprecated, For configuring different ports for each SCM use PortConfigKey ozone.scm.client.port appended with serviceId and nodeId
2024-07-18 11:33:42,105 [main] INFO  ha.SCMNodeInfo (SCMNodeInfo.java:getPort(197)) - ConfigKey ozone.scm.block.client.address is deprecated, For configuring different ports for each SCM use PortConfigKey ozone.scm.block.client.port appended with serviceId and nodeId
2024-07-18 11:33:42,105 [main] INFO  ha.SCMNodeInfo (SCMNodeInfo.java:getPort(197)) - ConfigKey ozone.scm.security.service.address is deprecated, For configuring different ports for each SCM use PortConfigKey ozone.scm.security.service.port appended with serviceId and nodeId
2024-07-18 11:33:42,105 [main] INFO  ha.SCMNodeInfo (SCMNodeInfo.java:getPort(197)) - ConfigKey ozone.scm.datanode.address is deprecated, For configuring different ports for each SCM use PortConfigKey ozone.scm.datanode.port appended with serviceId and nodeId
2024-07-18 11:33:42,105 [main] INFO  ha.SCMNodeInfo (SCMNodeInfo.java:getPort(197)) - ConfigKey ozone.scm.client.address is deprecated, For configuring different ports for each SCM use PortConfigKey ozone.scm.client.port appended with serviceId and nodeId
2024-07-18 11:33:42,105 [main] INFO  ha.SCMNodeInfo (SCMNodeInfo.java:getPort(197)) - ConfigKey ozone.scm.block.client.address is deprecated, For configuring different ports for each SCM use PortConfigKey ozone.scm.block.client.port appended with serviceId and nodeId
2024-07-18 11:33:42,105 [main] INFO  ha.SCMNodeInfo (SCMNodeInfo.java:getPort(197)) - ConfigKey ozone.scm.security.service.address is deprecated, For configuring different ports for each SCM use PortConfigKey ozone.scm.security.service.port appended with serviceId and nodeId
2024-07-18 11:33:42,105 [main] INFO  ha.SCMNodeInfo (SCMNodeInfo.java:getPort(197)) - ConfigKey ozone.scm.datanode.address is deprecated, For configuring different ports for each SCM use PortConfigKey ozone.scm.datanode.port appended with serviceId and nodeId
2024-07-18 11:33:42,106 [main] INFO  proxy.SCMBlockLocationFailoverProxyProvider (SCMBlockLocationFailoverProxyProvider.java:<init>(115)) - Created block location fail-over proxy with 1 nodes: [nodeId=scmNode-1,nodeAddress=/127.0.0.1:15007]
2024-07-18 11:33:42,107 [main] INFO  ha.SCMNodeInfo (SCMNodeInfo.java:getPort(197)) - ConfigKey ozone.scm.client.address is deprecated, For configuring different ports for each SCM use PortConfigKey ozone.scm.client.port appended with serviceId and nodeId
2024-07-18 11:33:42,107 [main] INFO  ha.SCMNodeInfo (SCMNodeInfo.java:getPort(197)) - ConfigKey ozone.scm.block.client.address is deprecated, For configuring different ports for each SCM use PortConfigKey ozone.scm.block.client.port appended with serviceId and nodeId
2024-07-18 11:33:42,107 [main] INFO  ha.SCMNodeInfo (SCMNodeInfo.java:getPort(197)) - ConfigKey ozone.scm.security.service.address is deprecated, For configuring different ports for each SCM use PortConfigKey ozone.scm.security.service.port appended with serviceId and nodeId
2024-07-18 11:33:42,107 [main] INFO  ha.SCMNodeInfo (SCMNodeInfo.java:getPort(197)) - ConfigKey ozone.scm.datanode.address is deprecated, For configuring different ports for each SCM use PortConfigKey ozone.scm.datanode.port appended with serviceId and nodeId
2024-07-18 11:33:42,108 [main] INFO  proxy.SCMBlockLocationFailoverProxyProvider (SCMBlockLocationFailoverProxyProvider.java:<init>(115)) - Created block location fail-over proxy with 1 nodes: [nodeId=scmNode-1,nodeAddress=/127.0.0.1:15007]
2024-07-18 11:33:42,112 [main] INFO  om.OzoneManager (OzoneManager.java:<init>(678)) - OM start with adminUsers: [runner]
2024-07-18 11:33:42,113 [main] WARN  server.ServerUtils (ServerUtils.java:getDBPath(299)) - ozone.om.db.dirs is not configured. We recommend adding this setting. Falling back to ozone.metadata.dirs instead.
2024-07-18 11:33:42,113 [main] INFO  helpers.OmKeyInfo (OmKeyInfo.java:getCodec(72)) - OmKeyInfo.getCodec ignorePipeline = true
2024-07-18 11:33:42,259 [main] INFO  om.OzoneManager (OzoneManager.java:instantiateServices(812)) - S3 Multi-Tenancy is disabled
2024-07-18 11:33:42,260 [main] INFO  om.OmSnapshotManager (OmSnapshotManager.java:<init>(179)) - Ozone filesystem snapshot feature is enabled.
2024-07-18 11:33:42,260 [main] WARN  server.ServerUtils (ServerUtils.java:getDBPath(299)) - ozone.om.snapshot.diff.db.dir is not configured. We recommend adding this setting. Falling back to ozone.metadata.dirs instead.
2024-07-18 11:33:42,278 [main] INFO  utils.NativeLibraryLoader (NativeLibraryLoader.java:loadLibrary(111)) - Loading Library: ozone_rocksdb_tools
2024-07-18 11:33:42,278 [main] ERROR snapshot.SnapshotDiffManager (SnapshotDiffManager.java:initNativeLibraryForEfficientDiff(287)) - Native Library for raw sst file reading loading failed.
org.apache.hadoop.hdds.utils.NativeLibraryNotLoadedException: Unable to load library ozone_rocksdb_tools from both java.library.path & resource file libozone_rocksdb_tools.so from jar.
	at org.apache.hadoop.hdds.utils.db.managed.ManagedRawSSTFileReader.loadLibrary(ManagedRawSSTFileReader.java:40)
	at org.apache.hadoop.ozone.om.snapshot.SnapshotDiffManager.initNativeLibraryForEfficientDiff(SnapshotDiffManager.java:285)
	at org.apache.hadoop.ozone.om.snapshot.SnapshotDiffManager.<init>(SnapshotDiffManager.java:259)
	at org.apache.hadoop.ozone.om.OmSnapshotManager.<init>(OmSnapshotManager.java:286)
	at org.apache.hadoop.ozone.om.OzoneManager.instantiateServices(OzoneManager.java:864)
	at org.apache.hadoop.ozone.om.OzoneManager.<init>(OzoneManager.java:688)
	at org.apache.hadoop.ozone.om.OzoneManager.createOm(OzoneManager.java:780)
	at org.apache.hadoop.ozone.MiniOzoneHAClusterImpl.bootstrapNewOM(MiniOzoneHAClusterImpl.java:828)
	at org.apache.hadoop.ozone.MiniOzoneHAClusterImpl.bootstrapOzoneManager(MiniOzoneHAClusterImpl.java:749)
	at org.apache.hadoop.ozone.om.TestAddRemoveOzoneManager.lambda$testForceBootstrap$2(TestAddRemoveOzoneManager.java:316)
	at org.junit.jupiter.api.AssertThrows.assertThrows(AssertThrows.java:53)
	at org.junit.jupiter.api.AssertThrows.assertThrows(AssertThrows.java:39)
	at org.junit.jupiter.api.Assertions.assertThrows(Assertions.java:3131)
	at org.apache.hadoop.ozone.om.TestAddRemoveOzoneManager.testForceBootstrap(TestAddRemoveOzoneManager.java:316)
	at java.base/jdk.internal.reflect.NativeMethodAccessorImpl.invoke0(Native Method)
	at java.base/jdk.internal.reflect.NativeMethodAccessorImpl.invoke(NativeMethodAccessorImpl.java:77)
	at java.base/jdk.internal.reflect.DelegatingMethodAccessorImpl.invoke(DelegatingMethodAccessorImpl.java:43)
	at java.base/java.lang.reflect.Method.invoke(Method.java:568)
	at org.junit.platform.commons.util.ReflectionUtils.invokeMethod(ReflectionUtils.java:728)
	at org.junit.jupiter.engine.execution.MethodInvocation.proceed(MethodInvocation.java:60)
	at org.junit.jupiter.engine.execution.InvocationInterceptorChain$ValidatingInvocation.proceed(InvocationInterceptorChain.java:131)
	at org.junit.jupiter.engine.extension.SameThreadTimeoutInvocation.proceed(SameThreadTimeoutInvocation.java:45)
	at org.junit.jupiter.engine.extension.TimeoutExtension.intercept(TimeoutExtension.java:156)
	at org.junit.jupiter.engine.extension.TimeoutExtension.interceptTestableMethod(TimeoutExtension.java:147)
	at org.junit.jupiter.engine.extension.TimeoutExtension.interceptTestMethod(TimeoutExtension.java:86)
	at org.junit.jupiter.engine.execution.InterceptingExecutableInvoker$ReflectiveInterceptorCall.lambda$ofVoidMethod$0(InterceptingExecutableInvoker.java:103)
	at org.junit.jupiter.engine.execution.InterceptingExecutableInvoker.lambda$invoke$0(InterceptingExecutableInvoker.java:93)
	at org.junit.jupiter.engine.execution.InvocationInterceptorChain$InterceptedInvocation.proceed(InvocationInterceptorChain.java:106)
	at org.junit.jupiter.engine.execution.InvocationInterceptorChain.proceed(InvocationInterceptorChain.java:64)
	at org.junit.jupiter.engine.execution.InvocationInterceptorChain.chainAndInvoke(InvocationInterceptorChain.java:45)
	at org.junit.jupiter.engine.execution.InvocationInterceptorChain.invoke(InvocationInterceptorChain.java:37)
	at org.junit.jupiter.engine.execution.InterceptingExecutableInvoker.invoke(InterceptingExecutableInvoker.java:92)
	at org.junit.jupiter.engine.execution.InterceptingExecutableInvoker.invoke(InterceptingExecutableInvoker.java:86)
	at org.junit.jupiter.engine.descriptor.TestMethodTestDescriptor.lambda$invokeTestMethod$7(TestMethodTestDescriptor.java:218)
	at org.junit.platform.engine.support.hierarchical.ThrowableCollector.execute(ThrowableCollector.java:73)
	at org.junit.jupiter.engine.descriptor.TestMethodTestDescriptor.invokeTestMethod(TestMethodTestDescriptor.java:214)
	at org.junit.jupiter.engine.descriptor.TestMethodTestDescriptor.execute(TestMethodTestDescriptor.java:139)
	at org.junit.jupiter.engine.descriptor.TestMethodTestDescriptor.execute(TestMethodTestDescriptor.java:69)
	at org.junit.platform.engine.support.hierarchical.NodeTestTask.lambda$executeRecursively$6(NodeTestTask.java:151)
	at org.junit.platform.engine.support.hierarchical.ThrowableCollector.execute(ThrowableCollector.java:73)
	at org.junit.platform.engine.support.hierarchical.NodeTestTask.lambda$executeRecursively$8(NodeTestTask.java:141)
	at org.junit.platform.engine.support.hierarchical.Node.around(Node.java:137)
	at org.junit.platform.engine.support.hierarchical.NodeTestTask.lambda$executeRecursively$9(NodeTestTask.java:139)
	at org.junit.platform.engine.support.hierarchical.ThrowableCollector.execute(ThrowableCollector.java:73)
	at org.junit.platform.engine.support.hierarchical.NodeTestTask.executeRecursively(NodeTestTask.java:138)
	at org.junit.platform.engine.support.hierarchical.NodeTestTask.execute(NodeTestTask.java:95)
	at java.base/java.util.ArrayList.forEach(ArrayList.java:1511)
	at org.junit.platform.engine.support.hierarchical.SameThreadHierarchicalTestExecutorService.invokeAll(SameThreadHierarchicalTestExecutorService.java:41)
	at org.junit.platform.engine.support.hierarchical.NodeTestTask.lambda$executeRecursively$6(NodeTestTask.java:155)
	at org.junit.platform.engine.support.hierarchical.ThrowableCollector.execute(ThrowableCollector.java:73)
	at org.junit.platform.engine.support.hierarchical.NodeTestTask.lambda$executeRecursively$8(NodeTestTask.java:141)
	at org.junit.platform.engine.support.hierarchical.Node.around(Node.java:137)
	at org.junit.platform.engine.support.hierarchical.NodeTestTask.lambda$executeRecursively$9(NodeTestTask.java:139)
	at org.junit.platform.engine.support.hierarchical.ThrowableCollector.execute(ThrowableCollector.java:73)
	at org.junit.platform.engine.support.hierarchical.NodeTestTask.executeRecursively(NodeTestTask.java:138)
	at org.junit.platform.engine.support.hierarchical.NodeTestTask.execute(NodeTestTask.java:95)
	at java.base/java.util.ArrayList.forEach(ArrayList.java:1511)
	at org.junit.platform.engine.support.hierarchical.SameThreadHierarchicalTestExecutorService.invokeAll(SameThreadHierarchicalTestExecutorService.java:41)
	at org.junit.platform.engine.support.hierarchical.NodeTestTask.lambda$executeRecursively$6(NodeTestTask.java:155)
	at org.junit.platform.engine.support.hierarchical.ThrowableCollector.execute(ThrowableCollector.java:73)
	at org.junit.platform.engine.support.hierarchical.NodeTestTask.lambda$executeRecursively$8(NodeTestTask.java:141)
	at org.junit.platform.engine.support.hierarchical.Node.around(Node.java:137)
	at org.junit.platform.engine.support.hierarchical.NodeTestTask.lambda$executeRecursively$9(NodeTestTask.java:139)
	at org.junit.platform.engine.support.hierarchical.ThrowableCollector.execute(ThrowableCollector.java:73)
	at org.junit.platform.engine.support.hierarchical.NodeTestTask.executeRecursively(NodeTestTask.java:138)
	at org.junit.platform.engine.support.hierarchical.NodeTestTask.execute(NodeTestTask.java:95)
	at org.junit.platform.engine.support.hierarchical.SameThreadHierarchicalTestExecutorService.submit(SameThreadHierarchicalTestExecutorService.java:35)
	at org.junit.platform.engine.support.hierarchical.HierarchicalTestExecutor.execute(HierarchicalTestExecutor.java:57)
	at org.junit.platform.engine.support.hierarchical.HierarchicalTestEngine.execute(HierarchicalTestEngine.java:54)
	at org.junit.platform.launcher.core.EngineExecutionOrchestrator.execute(EngineExecutionOrchestrator.java:198)
	at org.junit.platform.launcher.core.EngineExecutionOrchestrator.execute(EngineExecutionOrchestrator.java:169)
	at org.junit.platform.launcher.core.EngineExecutionOrchestrator.execute(EngineExecutionOrchestrator.java:93)
	at org.junit.platform.launcher.core.EngineExecutionOrchestrator.lambda$execute$0(EngineExecutionOrchestrator.java:58)
	at org.junit.platform.launcher.core.EngineExecutionOrchestrator.withInterceptedStreams(EngineExecutionOrchestrator.java:141)
	at org.junit.platform.launcher.core.EngineExecutionOrchestrator.execute(EngineExecutionOrchestrator.java:57)
	at org.junit.platform.launcher.core.DefaultLauncher.execute(DefaultLauncher.java:103)
	at org.junit.platform.launcher.core.DefaultLauncher.execute(DefaultLauncher.java:85)
	at org.junit.platform.launcher.core.DelegatingLauncher.execute(DelegatingLauncher.java:47)
	at org.junit.platform.launcher.core.SessionPerRequestLauncher.execute(SessionPerRequestLauncher.java:63)
	at org.apache.maven.surefire.junitplatform.JUnitPlatformProvider.invokeAllTests(JUnitPlatformProvider.java:154)
	at org.apache.maven.surefire.junitplatform.JUnitPlatformProvider.invoke(JUnitPlatformProvider.java:123)
	at org.apache.maven.surefire.booter.ForkedBooter.runSuitesInProcess(ForkedBooter.java:377)
	at org.apache.maven.surefire.booter.ForkedBooter.execute(ForkedBooter.java:138)
	at org.apache.maven.surefire.booter.ForkedBooter.run(ForkedBooter.java:465)
	at org.apache.maven.surefire.booter.ForkedBooter.main(ForkedBooter.java:451)
2024-07-18 11:33:42,281 [main] INFO  om.OzoneManager (OzoneManager.java:addS3GVolumeToDB(4463)) - Created Volume s3v With Owner runner required for S3Gateway operations.
2024-07-18 11:33:42,281 [main] WARN  server.ServerUtils (ServerUtils.java:getDefaultRatisDirectory(311)) - Storage directory for Ratis is not configured. It is a good idea to map this to an SSD disk. Falling back to ozone.metadata.dirs
2024-07-18 11:33:42,281 [main] WARN  utils.OzoneManagerRatisUtils (OzoneManagerRatisUtils.java:getOMRatisSnapshotDirectory(476)) - ozone.om.ratis.snapshot.dir is not configured. Falling back to ozone.metadata.dirs config
2024-07-18 11:33:42,282 [main] INFO  utils.RDBSnapshotProvider (RDBSnapshotProvider.java:init(87)) - Cleaning up the candidate dir: /home/runner/work/ozone/ozone/hadoop-ozone/integration-test/target/test-dir/MiniOzoneClusterImpl-c0b7f50e-f813-4849-95b3-646bdd98e01d/omNode-bootstrap-1/snapshot/om.db.candidate
2024-07-18 11:33:42,282 [main] INFO  ratis_snapshot.OmRatisSnapshotProvider (OmRatisSnapshotProvider.java:<init>(99)) - Initializing OM Snapshot Provider
2024-07-18 11:33:42,283 [main] WARN  server.ServerUtils (ServerUtils.java:getDefaultRatisDirectory(311)) - Storage directory for Ratis is not configured. It is a good idea to map this to an SSD disk. Falling back to ozone.metadata.dirs
2024-07-18 11:33:42,285 [main] INFO  ratis.OzoneManagerRatisServer (OzoneManagerRatisServer.java:<init>(161)) - OM started in Bootstrap mode. Instantiating OM Ratis server with groupID: om-add-remove
2024-07-18 11:33:42,285 [main] INFO  ratis.OzoneManagerStateMachine (OzoneManagerStateMachine.java:loadSnapshotInfoFromDB(593)) - TransactionInfo not found in OM DB.
2024-07-18 11:33:42,286 [main] INFO  server.RaftServer (ConfUtils.java:logGet(46)) - raft.rpc.type = GRPC (default)
2024-07-18 11:33:42,286 [main] INFO  grpc.GrpcConfigKeys (ConfUtils.java:logFallback(53)) - raft.grpc.admin.host = null (fallback to raft.grpc.server.host)
2024-07-18 11:33:42,286 [main] INFO  grpc.GrpcConfigKeys (ConfUtils.java:logFallback(53)) - raft.grpc.admin.port = 15054 (fallback to raft.grpc.server.port)
2024-07-18 11:33:42,286 [main] INFO  grpc.GrpcConfigKeys (ConfUtils.java:logFallback(53)) - raft.grpc.client.host = null (fallback to raft.grpc.server.host)
2024-07-18 11:33:42,286 [main] INFO  grpc.GrpcConfigKeys (ConfUtils.java:logFallback(53)) - raft.grpc.client.port = 15054 (fallback to raft.grpc.server.port)
2024-07-18 11:33:42,286 [main] INFO  grpc.GrpcConfigKeys (ConfUtils.java:logGet(46)) - raft.grpc.server.host = null (default)
2024-07-18 11:33:42,287 [main] INFO  grpc.GrpcConfigKeys (ConfUtils.java:logGet(46)) - raft.grpc.server.port = 15054 (custom)
2024-07-18 11:33:42,287 [main] INFO  server.GrpcService (ConfUtils.java:logGet(46)) - raft.grpc.message.size.max = 4194304 (custom)
2024-07-18 11:33:42,287 [main] INFO  server.RaftServerConfigKeys (ConfUtils.java:logGet(46)) - raft.server.log.appender.buffer.byte-limit = 4194304 (custom)
2024-07-18 11:33:42,287 [main] INFO  server.GrpcService (ConfUtils.java:logGet(46)) - raft.grpc.flow.control.window = 1MB (=1048576) (default)
2024-07-18 11:33:42,287 [main] INFO  server.RaftServerConfigKeys (ConfUtils.java:logGet(46)) - raft.server.rpc.request.timeout = 3000ms (default)
2024-07-18 11:33:42,287 [main] INFO  grpc.GrpcConfigKeys (ConfUtils.java:logGet(46)) - raft.grpc.server.heartbeat.channel = true (default)
2024-07-18 11:33:42,287 [main] INFO  grpc.GrpcConfigKeys (ConfUtils.java:logGet(46)) - raft.grpc.server.async.request.thread.pool.cached = true (default)
2024-07-18 11:33:42,287 [main] INFO  grpc.GrpcConfigKeys (ConfUtils.java:logGet(46)) - raft.grpc.server.async.request.thread.pool.size = 32 (default)
2024-07-18 11:33:42,288 [main] INFO  impl.DataStreamServerImpl (ConfUtils.java:logGet(46)) - raft.datastream.type = DISABLED (default)
2024-07-18 11:33:42,288 [main] INFO  server.RaftServerConfigKeys (ConfUtils.java:logGet(46)) - raft.server.sleep.deviation.threshold = 300ms (default)
2024-07-18 11:33:42,288 [main] INFO  server.RaftServerConfigKeys (ConfUtils.java:logGet(46)) - raft.server.close.threshold = 60s (default)
2024-07-18 11:33:42,288 [main] INFO  server.RaftServerConfigKeys (ConfUtils.java:logGet(46)) - raft.server.leaderelection.leader.step-down.wait-time = 10s (default)
2024-07-18 11:33:42,289 [main] INFO  server.RaftServerConfigKeys (ConfUtils.java:logGet(46)) - raft.server.storage.dir = [/home/runner/work/ozone/ozone/hadoop-ozone/integration-test/target/test-dir/MiniOzoneClusterImpl-c0b7f50e-f813-4849-95b3-646bdd98e01d/omNode-bootstrap-1/ratis] (custom)
2024-07-18 11:33:42,289 [main] INFO  server.RaftServerConfigKeys (ConfUtils.java:logGet(46)) - raft.server.threadpool.proxy.cached = true (default)
2024-07-18 11:33:42,289 [main] INFO  server.RaftServerConfigKeys (ConfUtils.java:logGet(46)) - raft.server.threadpool.proxy.size = 0 (default)
2024-07-18 11:33:42,289 [main] INFO  server.RaftServer (RaftServerProxy.java:addNew(101)) - omNode-bootstrap-1: addNew group-0AAC5367B30E:[] returns group-0AAC5367B30E:java.util.concurrent.CompletableFuture@5fc50c30[Not completed]
2024-07-18 11:33:42,289 [main] INFO  om.OzoneManager (2024-07-18 11:33:42,289 [omNode-bootstrap-1-groupManagement] INFO  server.RaftServer$Division (RaftServerImpl.java:<init>(253)) - omNode-bootstrap-1: new RaftServerImpl for group-0AAC5367B30E:[] with OzoneManagerStateMachine:uninitialized
2024-07-18 11:33:42,289 [main] INFO  om.OzoneManager (OzoneManager.java:initializeRatisServer(2168)) - OzoneManager Ratis server initialized at port 15054
2024-07-18 11:33:42,290 [omNode-bootstrap-1-groupManagement] INFO  server.RaftServerConfigKeys (ConfUtils.java:logGet(46)) - raft.server.rpc.timeout.min = 1s (custom)
2024-07-18 11:33:42,290 [omNode-bootstrap-1-groupManagement] INFO  server.RaftServerConfigKeys (ConfUtils.java:logGet(46)) - raft.server.rpc.timeout.max = 1200ms (custom)
2024-07-18 11:33:42,290 [omNode-bootstrap-1-groupManagement] INFO  server.RaftServerConfigKeys (OzoneManager.java:getRpcServer(1228)) - Creating RPC Server
ConfUtils.java:logGet(46)) - raft.server.rpc.sleep.time = 25ms (default)
2024-07-18 11:33:42,290 [omNode-bootstrap-1-groupManagement] INFO  server.RaftServerConfigKeys (ConfUtils.java:logGet(46)) - raft.server.rpc.slowness.timeout = 2s (custom)
2024-07-18 11:33:42,290 [omNode-bootstrap-1-groupManagement] INFO  server.RaftServerConfigKeys (ConfUtils.java:logGet(46)) - raft.server.leaderelection.leader.step-down.wait-time = 10s (default)
2024-07-18 11:33:42,290 [omNode-bootstrap-1-groupManagement] INFO  server.RaftServerConfigKeys (ConfUtils.java:logGet(46)) - raft.server.leaderelection.member.majority-add = false (default)
2024-07-18 11:33:42,290 [omNode-bootstrap-1-groupManagement] INFO  server.RaftServerConfigKeys (ConfUtils.java:logGet(46)) - raft.server.sleep.deviation.threshold = 300ms (default)
2024-07-18 11:33:42,290 [omNode-bootstrap-1-groupManagement] INFO  server.RaftServer$Division (ServerState.java:<init>(114)) - omNode-bootstrap-1@group-0AAC5367B30E: ConfigurationManager, init=conf: {index: -1, cur=peers:[]|listeners:[], old=null}, confs=<EMPTY_MAP>
2024-07-18 11:33:42,290 [omNode-bootstrap-1-groupManagement] INFO  server.RaftServerConfigKeys (ConfUtils.java:logGet(46)) - raft.server.notification.no-leader.timeout = 2s (custom)
2024-07-18 11:33:42,290 [main] INFO  om.OzoneManager (OzoneManager.java:getRpcServer(1228)) - Creating RPC Server
2024-07-18 11:33:42,290 [omNode-bootstrap-1-groupManagement] INFO  server.RaftServerConfigKeys (ConfUtils.java:logGet(46)) - raft.server.read.timeout = 10s (default)
2024-07-18 11:33:42,290 [omNode-bootstrap-1-groupManagement] INFO  server.RaftServerConfigKeys (ConfUtils.java:logGet(46)) - raft.server.retrycache.expirytime = 300s (custom)
2024-07-18 11:33:42,290 [omNode-bootstrap-1-groupManagement] INFO  server.RaftServerConfigKeys (ConfUtils.java:logGet(46)) - raft.server.retrycache.statistics.expirytime = 100ms (default)
2024-07-18 11:33:42,291 [omNode-bootstrap-1-groupManagement] INFO  server.RaftServerConfigKeys (ConfUtils.java:logGet(46)) - raft.server.read.option = DEFAULT (default)
2024-07-18 11:33:42,291 [omNode-bootstrap-1-groupManagement] INFO  server.RaftServerConfigKeys (ConfUtils.java:logGet(46)) - raft.server.read.read-after-write-consistent.write-index-cache.expiry-time = 60s (default)
2024-07-18 11:33:42,298 [omNode-bootstrap-1-groupManagement] INFO  server.RaftServerConfigKeys (ConfUtils.java:logGet(46)) - raft.server.rpc.request.timeout = 3000ms (default)
2024-07-18 11:33:42,299 [omNode-bootstrap-1-groupManagement] INFO  server.RaftServerConfigKeys (ConfUtils.java:logGet(46)) - raft.server.log.appender.install.snapshot.enabled = false (custom)
2024-07-18 11:33:42,299 [omNode-bootstrap-1-groupManagement] INFO  server.RaftServerConfigKeys (ConfUtils.java:logGet(46)) - raft.server.threadpool.server.cached = true (default)
2024-07-18 11:33:42,299 [omNode-bootstrap-1-groupManagement] INFO  server.RaftServerConfigKeys (ConfUtils.java:logGet(46)) - raft.server.threadpool.server.size = 0 (default)
2024-07-18 11:33:42,299 [omNode-bootstrap-1-groupManagement] INFO  server.RaftServerConfigKeys (ConfUtils.java:logGet(46)) - raft.server.threadpool.client.cached = true (default)
2024-07-18 11:33:42,299 [omNode-bootstrap-1-groupManagement] INFO  server.RaftServerConfigKeys (ConfUtils.java:logGet(46)) - raft.server.threadpool.client.size = 0 (default)
2024-07-18 11:33:42,656 [main] INFO  reflections.Reflections (Reflections.java:scan(219)) - Reflections took 363 ms to scan 20 urls, producing 59 keys and 6638 values
2024-07-18 11:33:42,658 [main] INFO  ipc.CallQueueManager (CallQueueManager.java:<init>(90)) - Using callQueue: class java.util.concurrent.LinkedBlockingQueue, queueCapacity: 2000, scheduler: class org.apache.hadoop.ipc.DefaultRpcScheduler, ipcBackoff: false.
2024-07-18 11:33:42,658 [main] INFO  ipc.Server (Server.java:<init>(1287)) - Listener at 127.0.0.1:15051
2024-07-18 11:33:42,659 [Socket Reader #1 for port 15051] INFO  ipc.Server (Server.java:run(1323)) - Starting Socket Reader #1 for port 15051
2024-07-18 11:33:42,798 [main] INFO  ipc.Client (Client.java:handleConnectionFailure(950)) - Retrying connect to server: localhost/127.0.0.1:15016. Already tried 0 time(s); retry policy is RetryUpToMaximumCountWithFixedSleep(maxRetries=2, sleepTime=100 MILLISECONDS)
2024-07-18 11:33:42,899 [main] INFO  ipc.Client (Client.java:handleConnectionFailure(950)) - Retrying connect to server: localhost/127.0.0.1:15016. Already tried 1 time(s); retry policy is RetryUpToMaximumCountWithFixedSleep(maxRetries=2, sleepTime=100 MILLISECONDS)
2024-07-18 11:33:44,000 [main] INFO  ipc.Client (Client.java:handleConnectionFailure(950)) - Retrying connect to server: localhost/127.0.0.1:15016. Already tried 0 time(s); retry policy is RetryUpToMaximumCountWithFixedSleep(maxRetries=2, sleepTime=100 MILLISECONDS)
2024-07-18 11:33:44,101 [main] INFO  ipc.Client (Client.java:handleConnectionFailure(950)) - Retrying connect to server: localhost/127.0.0.1:15016. Already tried 1 time(s); retry policy is RetryUpToMaximumCountWithFixedSleep(maxRetries=2, sleepTime=100 MILLISECONDS)
2024-07-18 11:33:44,102 [main] INFO  retry.RetryInvocationHandler (RetryInvocationHandler.java:log(422)) - com.google.protobuf.ServiceException: java.net.ConnectException: Call From fv-az1113-538/10.1.0.12 to localhost:15016 failed on connection exception: java.net.ConnectException: Connection refused; For more details see:  http://wiki.apache.org/hadoop/ConnectionRefused, while invoking $Proxy63.getOMConfiguration over null. Retrying after sleeping for 1000ms. Current retry count: 1.
2024-07-18 11:33:45,203 [main] INFO  ipc.Client (Client.java:handleConnectionFailure(950)) - Retrying connect to server: localhost/127.0.0.1:15016. Already tried 0 time(s); retry policy is RetryUpToMaximumCountWithFixedSleep(maxRetries=2, sleepTime=100 MILLISECONDS)
2024-07-18 11:33:45,303 [main] INFO  ipc.Client (Client.java:handleConnectionFailure(950)) - Retrying connect to server: localhost/127.0.0.1:15016. Already tried 1 time(s); retry policy is RetryUpToMaximumCountWithFixedSleep(maxRetries=2, sleepTime=100 MILLISECONDS)
2024-07-18 11:33:45,304 [main] INFO  retry.RetryInvocationHandler (RetryInvocationHandler.java:log(422)) - com.google.protobuf.ServiceException: java.net.ConnectException: Call From fv-az1113-538/10.1.0.12 to localhost:15016 failed on connection exception: java.net.ConnectException: Connection refused; For more details see:  http://wiki.apache.org/hadoop/ConnectionRefused, while invoking $Proxy63.getOMConfiguration over null. Retrying after sleeping for 1000ms. Current retry count: 2.
2024-07-18 11:33:46,404 [main] INFO  ipc.Client (Client.java:handleConnectionFailure(950)) - Retrying connect to server: localhost/127.0.0.1:15016. Already tried 0 time(s); retry policy is RetryUpToMaximumCountWithFixedSleep(maxRetries=2, sleepTime=100 MILLISECONDS)
2024-07-18 11:33:46,505 [main] INFO  ipc.Client (Client.java:handleConnectionFailure(950)) - Retrying connect to server: localhost/127.0.0.1:15016. Already tried 1 time(s); retry policy is RetryUpToMaximumCountWithFixedSleep(maxRetries=2, sleepTime=100 MILLISECONDS)
2024-07-18 11:33:46,506 [main] INFO  retry.RetryInvocationHandler (RetryInvocationHandler.java:log(422)) - com.google.protobuf.ServiceException: java.net.ConnectException: Call From fv-az1113-538/10.1.0.12 to localhost:15016 failed on connection exception: java.net.ConnectException: Connection refused; For more details see:  http://wiki.apache.org/hadoop/ConnectionRefused, while invoking $Proxy63.getOMConfiguration over null. Retrying after sleeping for 1000ms. Current retry count: 3.
2024-07-18 11:33:47,607 [main] INFO  ipc.Client (Client.java:handleConnectionFailure(950)) - Retrying connect to server: localhost/127.0.0.1:15016. Already tried 0 time(s); retry policy is RetryUpToMaximumCountWithFixedSleep(maxRetries=2, sleepTime=100 MILLISECONDS)
2024-07-18 11:33:47,708 [main] INFO  ipc.Client (Client.java:handleConnectionFailure(950)) - Retrying connect to server: localhost/127.0.0.1:15016. Already tried 1 time(s); retry policy is RetryUpToMaximumCountWithFixedSleep(maxRetries=2, sleepTime=100 MILLISECONDS)
2024-07-18 11:33:47,709 [main] INFO  retry.RetryInvocationHandler (RetryInvocationHandler.java:log(422)) - com.google.protobuf.ServiceException: java.net.ConnectException: Call From fv-az1113-538/10.1.0.12 to localhost:15016 failed on connection exception: java.net.ConnectException: Connection refused; For more details see:  http://wiki.apache.org/hadoop/ConnectionRefused, while invoking $Proxy63.getOMConfiguration over null. Retrying after sleeping for 1000ms. Current retry count: 4.
2024-07-18 11:33:48,810 [main] INFO  ipc.Client (Client.java:handleConnectionFailure(950)) - Retrying connect to server: localhost/127.0.0.1:15016. Already tried 0 time(s); retry policy is RetryUpToMaximumCountWithFixedSleep(maxRetries=2, sleepTime=100 MILLISECONDS)
2024-07-18 11:33:48,910 [main] INFO  ipc.Client (Client.java:handleConnectionFailure(950)) - Retrying connect to server: localhost/127.0.0.1:15016. Already tried 1 time(s); retry policy is RetryUpToMaximumCountWithFixedSleep(maxRetries=2, sleepTime=100 MILLISECONDS)
2024-07-18 11:33:48,911 [main] INFO  retry.RetryInvocationHandler (RetryInvocationHandler.java:log(422)) - com.google.protobuf.ServiceException: java.net.ConnectException: Call From fv-az1113-538/10.1.0.12 to localhost:15016 failed on connection exception: java.net.ConnectException: Connection refused; For more details see:  http://wiki.apache.org/hadoop/ConnectionRefused, while invoking $Proxy63.getOMConfiguration over null. Retrying after sleeping for 1000ms. Current retry count: 5.
2024-07-18 11:33:50,012 [main] INFO  ipc.Client (Client.java:handleConnectionFailure(950)) - Retrying connect to server: localhost/127.0.0.1:15016. Already tried 0 time(s); retry policy is RetryUpToMaximumCountWithFixedSleep(maxRetries=2, sleepTime=100 MILLISECONDS)
2024-07-18 11:33:50,112 [main] INFO  ipc.Client (Client.java:handleConnectionFailure(950)) - Retrying connect to server: localhost/127.0.0.1:15016. Already tried 1 time(s); retry policy is RetryUpToMaximumCountWithFixedSleep(maxRetries=2, sleepTime=100 MILLISECONDS)
2024-07-18 11:33:50,113 [main] INFO  retry.RetryInvocationHandler (RetryInvocationHandler.java:log(422)) - com.google.protobuf.ServiceException: java.net.ConnectException: Call From fv-az1113-538/10.1.0.12 to localhost:15016 failed on connection exception: java.net.ConnectException: Connection refused; For more details see:  http://wiki.apache.org/hadoop/ConnectionRefused, while invoking $Proxy63.getOMConfiguration over null. Retrying after sleeping for 1000ms. Current retry count: 6.
2024-07-18 11:33:51,214 [main] INFO  ipc.Client (Client.java:handleConnectionFailure(950)) - Retrying connect to server: localhost/127.0.0.1:15016. Already tried 0 time(s); retry policy is RetryUpToMaximumCountWithFixedSleep(maxRetries=2, sleepTime=100 MILLISECONDS)
2024-07-18 11:33:51,315 [main] INFO  ipc.Client (Client.java:handleConnectionFailure(950)) - Retrying connect to server: localhost/127.0.0.1:15016. Already tried 1 time(s); retry policy is RetryUpToMaximumCountWithFixedSleep(maxRetries=2, sleepTime=100 MILLISECONDS)
2024-07-18 11:33:51,315 [main] INFO  retry.RetryInvocationHandler (RetryInvocationHandler.java:log(422)) - com.google.protobuf.ServiceException: java.net.ConnectException: Call From fv-az1113-538/10.1.0.12 to localhost:15016 failed on connection exception: java.net.ConnectException: Connection refused; For more details see:  http://wiki.apache.org/hadoop/ConnectionRefused, while invoking $Proxy63.getOMConfiguration over null. Retrying after sleeping for 1000ms. Current retry count: 7.
2024-07-18 11:33:52,416 [main] INFO  ipc.Client (Client.java:handleConnectionFailure(950)) - Retrying connect to server: localhost/127.0.0.1:15016. Already tried 0 time(s); retry policy is RetryUpToMaximumCountWithFixedSleep(maxRetries=2, sleepTime=100 MILLISECONDS)
2024-07-18 11:33:52,516 [main] INFO  ipc.Client (Client.java:handleConnectionFailure(950)) - Retrying connect to server: localhost/127.0.0.1:15016. Already tried 1 time(s); retry policy is RetryUpToMaximumCountWithFixedSleep(maxRetries=2, sleepTime=100 MILLISECONDS)
2024-07-18 11:33:52,517 [main] INFO  retry.RetryInvocationHandler (RetryInvocationHandler.java:log(422)) - com.google.protobuf.ServiceException: java.net.ConnectException: Call From fv-az1113-538/10.1.0.12 to localhost:15016 failed on connection exception: java.net.ConnectException: Connection refused; For more details see:  http://wiki.apache.org/hadoop/ConnectionRefused, while invoking $Proxy63.getOMConfiguration over null. Retrying after sleeping for 1000ms. Current retry count: 8.
2024-07-18 11:33:53,618 [main] INFO  ipc.Client (Client.java:handleConnectionFailure(950)) - Retrying connect to server: localhost/127.0.0.1:15016. Already tried 0 time(s); retry policy is RetryUpToMaximumCountWithFixedSleep(maxRetries=2, sleepTime=100 MILLISECONDS)
2024-07-18 11:33:53,718 [main] INFO  ipc.Client (Client.java:handleConnectionFailure(950)) - Retrying connect to server: localhost/127.0.0.1:15016. Already tried 1 time(s); retry policy is RetryUpToMaximumCountWithFixedSleep(maxRetries=2, sleepTime=100 MILLISECONDS)
2024-07-18 11:33:53,719 [main] INFO  retry.RetryInvocationHandler (RetryInvocationHandler.java:log(422)) - com.google.protobuf.ServiceException: java.net.ConnectException: Call From fv-az1113-538/10.1.0.12 to localhost:15016 failed on connection exception: java.net.ConnectException: Connection refused; For more details see:  http://wiki.apache.org/hadoop/ConnectionRefused, while invoking $Proxy63.getOMConfiguration over null. Retrying after sleeping for 1000ms. Current retry count: 9.
2024-07-18 11:33:54,819 [main] INFO  ipc.Client (Client.java:handleConnectionFailure(950)) - Retrying connect to server: localhost/127.0.0.1:15016. Already tried 0 time(s); retry policy is RetryUpToMaximumCountWithFixedSleep(maxRetries=2, sleepTime=100 MILLISECONDS)
2024-07-18 11:33:54,920 [main] INFO  ipc.Client (Client.java:handleConnectionFailure(950)) - Retrying connect to server: localhost/127.0.0.1:15016. Already tried 1 time(s); retry policy is RetryUpToMaximumCountWithFixedSleep(maxRetries=2, sleepTime=100 MILLISECONDS)
2024-07-18 11:33:54,921 [main] ERROR protocolPB.OMAdminProtocolClientSideImpl (OMAdminProtocolClientSideImpl.java:getOMConfiguration(178)) - Failed to retrieve configuration of OM omNode-2[localhost:15016]
com.google.protobuf.ServiceException: java.net.ConnectException: Call From fv-az1113-538/10.1.0.12 to localhost:15016 failed on connection exception: java.net.ConnectException: Connection refused; For more details see:  http://wiki.apache.org/hadoop/ConnectionRefused
	at org.apache.hadoop.ipc.ProtobufRpcEngine$Invoker.invoke(ProtobufRpcEngine.java:264)
	at org.apache.hadoop.ipc.ProtobufRpcEngine$Invoker.invoke(ProtobufRpcEngine.java:132)
	at jdk.proxy2/jdk.proxy2.$Proxy63.getOMConfiguration(Unknown Source)
	at java.base/jdk.internal.reflect.NativeMethodAccessorImpl.invoke0(Native Method)
	at java.base/jdk.internal.reflect.NativeMethodAccessorImpl.invoke(NativeMethodAccessorImpl.java:77)
	at java.base/jdk.internal.reflect.DelegatingMethodAccessorImpl.invoke(DelegatingMethodAccessorImpl.java:43)
	at java.base/java.lang.reflect.Method.invoke(Method.java:568)
	at org.apache.hadoop.io.retry.RetryInvocationHandler.invokeMethod(RetryInvocationHandler.java:433)
	at org.apache.hadoop.io.retry.RetryInvocationHandler$Call.invokeMethod(RetryInvocationHandler.java:166)
	at org.apache.hadoop.io.retry.RetryInvocationHandler$Call.invoke(RetryInvocationHandler.java:158)
	at org.apache.hadoop.io.retry.RetryInvocationHandler$Call.invokeOnce(RetryInvocationHandler.java:96)
	at org.apache.hadoop.io.retry.RetryInvocationHandler.invoke(RetryInvocationHandler.java:362)
	at jdk.proxy2/jdk.proxy2.$Proxy63.getOMConfiguration(Unknown Source)
	at org.apache.hadoop.ozone.om.protocolPB.OMAdminProtocolClientSideImpl.getOMConfiguration(OMAdminProtocolClientSideImpl.java:156)
	at org.apache.hadoop.ozone.om.OzoneManager.checkConfigBeforeBootstrap(OzoneManager.java:1847)
	at org.apache.hadoop.ozone.om.OzoneManager.start(OzoneManager.java:1640)
	at org.apache.hadoop.ozone.MiniOzoneHAClusterImpl$MiniOzoneHAService.startInactiveService(MiniOzoneHAClusterImpl.java:993)
	at org.apache.hadoop.ozone.MiniOzoneHAClusterImpl.startInactiveOM(MiniOzoneHAClusterImpl.java:189)
	at org.apache.hadoop.ozone.MiniOzoneHAClusterImpl.bootstrapNewOM(MiniOzoneHAClusterImpl.java:834)
	at org.apache.hadoop.ozone.MiniOzoneHAClusterImpl.bootstrapOzoneManager(MiniOzoneHAClusterImpl.java:749)
	at org.apache.hadoop.ozone.om.TestAddRemoveOzoneManager.lambda$testForceBootstrap$2(TestAddRemoveOzoneManager.java:316)
	at org.junit.jupiter.api.AssertThrows.assertThrows(AssertThrows.java:53)
	at org.junit.jupiter.api.AssertThrows.assertThrows(AssertThrows.java:39)
	at org.junit.jupiter.api.Assertions.assertThrows(Assertions.java:3131)
	at org.apache.hadoop.ozone.om.TestAddRemoveOzoneManager.testForceBootstrap(TestAddRemoveOzoneManager.java:316)
	at java.base/jdk.internal.reflect.NativeMethodAccessorImpl.invoke0(Native Method)
	at java.base/jdk.internal.reflect.NativeMethodAccessorImpl.invoke(NativeMethodAccessorImpl.java:77)
	at java.base/jdk.internal.reflect.DelegatingMethodAccessorImpl.invoke(DelegatingMethodAccessorImpl.java:43)
	at java.base/java.lang.reflect.Method.invoke(Method.java:568)
	at org.junit.platform.commons.util.ReflectionUtils.invokeMethod(ReflectionUtils.java:728)
	at org.junit.jupiter.engine.execution.MethodInvocation.proceed(MethodInvocation.java:60)
	at org.junit.jupiter.engine.execution.InvocationInterceptorChain$ValidatingInvocation.proceed(InvocationInterceptorChain.java:131)
	at org.junit.jupiter.engine.extension.SameThreadTimeoutInvocation.proceed(SameThreadTimeoutInvocation.java:45)
	at org.junit.jupiter.engine.extension.TimeoutExtension.intercept(TimeoutExtension.java:156)
	at org.junit.jupiter.engine.extension.TimeoutExtension.interceptTestableMethod(TimeoutExtension.java:147)
	at org.junit.jupiter.engine.extension.TimeoutExtension.interceptTestMethod(TimeoutExtension.java:86)
	at org.junit.jupiter.engine.execution.InterceptingExecutableInvoker$ReflectiveInterceptorCall.lambda$ofVoidMethod$0(InterceptingExecutableInvoker.java:103)
	at org.junit.jupiter.engine.execution.InterceptingExecutableInvoker.lambda$invoke$0(InterceptingExecutableInvoker.java:93)
	at org.junit.jupiter.engine.execution.InvocationInterceptorChain$InterceptedInvocation.proceed(InvocationInterceptorChain.java:106)
	at org.junit.jupiter.engine.execution.InvocationInterceptorChain.proceed(InvocationInterceptorChain.java:64)
	at org.junit.jupiter.engine.execution.InvocationInterceptorChain.chainAndInvoke(InvocationInterceptorChain.java:45)
	at org.junit.jupiter.engine.execution.InvocationInterceptorChain.invoke(InvocationInterceptorChain.java:37)
	at org.junit.jupiter.engine.execution.InterceptingExecutableInvoker.invoke(InterceptingExecutableInvoker.java:92)
	at org.junit.jupiter.engine.execution.InterceptingExecutableInvoker.invoke(InterceptingExecutableInvoker.java:86)
	at org.junit.jupiter.engine.descriptor.TestMethodTestDescriptor.lambda$invokeTestMethod$7(TestMethodTestDescriptor.java:218)
	at org.junit.platform.engine.support.hierarchical.ThrowableCollector.execute(ThrowableCollector.java:73)
	at org.junit.jupiter.engine.descriptor.TestMethodTestDescriptor.invokeTestMethod(TestMethodTestDescriptor.java:214)
	at org.junit.jupiter.engine.descriptor.TestMethodTestDescriptor.execute(TestMethodTestDescriptor.java:139)
	at org.junit.jupiter.engine.descriptor.TestMethodTestDescriptor.execute(TestMethodTestDescriptor.java:69)
	at org.junit.platform.engine.support.hierarchical.NodeTestTask.lambda$executeRecursively$6(NodeTestTask.java:151)
	at org.junit.platform.engine.support.hierarchical.ThrowableCollector.execute(ThrowableCollector.java:73)
	at org.junit.platform.engine.support.hierarchical.NodeTestTask.lambda$executeRecursively$8(NodeTestTask.java:141)
	at org.junit.platform.engine.support.hierarchical.Node.around(Node.java:137)
	at org.junit.platform.engine.support.hierarchical.NodeTestTask.lambda$executeRecursively$9(NodeTestTask.java:139)
	at org.junit.platform.engine.support.hierarchical.ThrowableCollector.execute(ThrowableCollector.java:73)
	at org.junit.platform.engine.support.hierarchical.NodeTestTask.executeRecursively(NodeTestTask.java:138)
	at org.junit.platform.engine.support.hierarchical.NodeTestTask.execute(NodeTestTask.java:95)
	at java.base/java.util.ArrayList.forEach(ArrayList.java:1511)
	at org.junit.platform.engine.support.hierarchical.SameThreadHierarchicalTestExecutorService.invokeAll(SameThreadHierarchicalTestExecutorService.java:41)
	at org.junit.platform.engine.support.hierarchical.NodeTestTask.lambda$executeRecursively$6(NodeTestTask.java:155)
	at org.junit.platform.engine.support.hierarchical.ThrowableCollector.execute(ThrowableCollector.java:73)
	at org.junit.platform.engine.support.hierarchical.NodeTestTask.lambda$executeRecursively$8(NodeTestTask.java:141)
	at org.junit.platform.engine.support.hierarchical.Node.around(Node.java:137)
	at org.junit.platform.engine.support.hierarchical.NodeTestTask.lambda$executeRecursively$9(NodeTestTask.java:139)
	at org.junit.platform.engine.support.hierarchical.ThrowableCollector.execute(ThrowableCollector.java:73)
	at org.junit.platform.engine.support.hierarchical.NodeTestTask.executeRecursively(NodeTestTask.java:138)
	at org.junit.platform.engine.support.hierarchical.NodeTestTask.execute(NodeTestTask.java:95)
	at java.base/java.util.ArrayList.forEach(ArrayList.java:1511)
	at org.junit.platform.engine.support.hierarchical.SameThreadHierarchicalTestExecutorService.invokeAll(SameThreadHierarchicalTestExecutorService.java:41)
	at org.junit.platform.engine.support.hierarchical.NodeTestTask.lambda$executeRecursively$6(NodeTestTask.java:155)
	at org.junit.platform.engine.support.hierarchical.ThrowableCollector.execute(ThrowableCollector.java:73)
	at org.junit.platform.engine.support.hierarchical.NodeTestTask.lambda$executeRecursively$8(NodeTestTask.java:141)
	at org.junit.platform.engine.support.hierarchical.Node.around(Node.java:137)
	at org.junit.platform.engine.support.hierarchical.NodeTestTask.lambda$executeRecursively$9(NodeTestTask.java:139)
	at org.junit.platform.engine.support.hierarchical.ThrowableCollector.execute(ThrowableCollector.java:73)
	at org.junit.platform.engine.support.hierarchical.NodeTestTask.executeRecursively(NodeTestTask.java:138)
	at org.junit.platform.engine.support.hierarchical.NodeTestTask.execute(NodeTestTask.java:95)
	at org.junit.platform.engine.support.hierarchical.SameThreadHierarchicalTestExecutorService.submit(SameThreadHierarchicalTestExecutorService.java:35)
	at org.junit.platform.engine.support.hierarchical.HierarchicalTestExecutor.execute(HierarchicalTestExecutor.java:57)
	at org.junit.platform.engine.support.hierarchical.HierarchicalTestEngine.execute(HierarchicalTestEngine.java:54)
	at org.junit.platform.launcher.core.EngineExecutionOrchestrator.execute(EngineExecutionOrchestrator.java:198)
	at org.junit.platform.launcher.core.EngineExecutionOrchestrator.execute(EngineExecutionOrchestrator.java:169)
	at org.junit.platform.launcher.core.EngineExecutionOrchestrator.execute(EngineExecutionOrchestrator.java:93)
	at org.junit.platform.launcher.core.EngineExecutionOrchestrator.lambda$execute$0(EngineExecutionOrchestrator.java:58)
	at org.junit.platform.launcher.core.EngineExecutionOrchestrator.withInterceptedStreams(EngineExecutionOrchestrator.java:141)
	at org.junit.platform.launcher.core.EngineExecutionOrchestrator.execute(EngineExecutionOrchestrator.java:57)
	at org.junit.platform.launcher.core.DefaultLauncher.execute(DefaultLauncher.java:103)
	at org.junit.platform.launcher.core.DefaultLauncher.execute(DefaultLauncher.java:85)
	at org.junit.platform.launcher.core.DelegatingLauncher.execute(DelegatingLauncher.java:47)
	at org.junit.platform.launcher.core.SessionPerRequestLauncher.execute(SessionPerRequestLauncher.java:63)
	at org.apache.maven.surefire.junitplatform.JUnitPlatformProvider.invokeAllTests(JUnitPlatformProvider.java:154)
	at org.apache.maven.surefire.junitplatform.JUnitPlatformProvider.invoke(JUnitPlatformProvider.java:123)
	at org.apache.maven.surefire.booter.ForkedBooter.runSuitesInProcess(ForkedBooter.java:377)
	at org.apache.maven.surefire.booter.ForkedBooter.execute(ForkedBooter.java:138)
	at org.apache.maven.surefire.booter.ForkedBooter.run(ForkedBooter.java:465)
	at org.apache.maven.surefire.booter.ForkedBooter.main(ForkedBooter.java:451)
Caused by: java.net.ConnectException: Call From fv-az1113-538/10.1.0.12 to localhost:15016 failed on connection exception: java.net.ConnectException: Connection refused; For more details see:  http://wiki.apache.org/hadoop/ConnectionRefused
	at java.base/jdk.internal.reflect.NativeConstructorAccessorImpl.newInstance0(Native Method)
	at java.base/jdk.internal.reflect.NativeConstructorAccessorImpl.newInstance(NativeConstructorAccessorImpl.java:77)
	at java.base/jdk.internal.reflect.DelegatingConstructorAccessorImpl.newInstance(DelegatingConstructorAccessorImpl.java:45)
	at java.base/java.lang.reflect.Constructor.newInstanceWithCaller(Constructor.java:499)
	at java.base/java.lang.reflect.Constructor.newInstance(Constructor.java:480)
	at org.apache.hadoop.net.NetUtils.wrapWithMessage(NetUtils.java:930)
	at org.apache.hadoop.net.NetUtils.wrapException(NetUtils.java:845)
	at org.apache.hadoop.ipc.Client.getRpcResponse(Client.java:1571)
	at org.apache.hadoop.ipc.Client.call(Client.java:1513)
	at org.apache.hadoop.ipc.Client.call(Client.java:1410)
	at org.apache.hadoop.ipc.ProtobufRpcEngine$Invoker.invoke(ProtobufRpcEngine.java:250)
	... 95 more
Caused by: java.net.ConnectException: Connection refused
	at java.base/sun.nio.ch.Net.pollConnect(Native Method)
	at java.base/sun.nio.ch.Net.pollConnectNow(Net.java:672)
	at java.base/sun.nio.ch.SocketChannelImpl.finishConnect(SocketChannelImpl.java:946)
	at org.apache.hadoop.net.SocketIOWithTimeout.connect(SocketIOWithTimeout.java:205)
	at org.apache.hadoop.net.NetUtils.connect(NetUtils.java:600)
	at org.apache.hadoop.ipc.Client$Connection.setupConnection(Client.java:652)
	at org.apache.hadoop.ipc.Client$Connection.setupIOstreams(Client.java:773)
	at org.apache.hadoop.ipc.Client$Connection.access$3800(Client.java:347)
	at org.apache.hadoop.ipc.Client.getConnection(Client.java:1632)
	at org.apache.hadoop.ipc.Client.call(Client.java:1457)
	... 97 more
2024-07-18 11:33:54,921 [main] ERROR om.OzoneManager (OzoneManager.java:checkConfigBeforeBootstrap(1850)) - Remote OM config check failed on OM omNode-2
java.io.IOException: Remote OM omNode-2 configuration returned null
	at org.apache.hadoop.ozone.om.OzoneManager.checkRemoteOMConfig(OzoneManager.java:1869)
	at org.apache.hadoop.ozone.om.OzoneManager.checkConfigBeforeBootstrap(OzoneManager.java:1848)
	at org.apache.hadoop.ozone.om.OzoneManager.start(OzoneManager.java:1640)
	at org.apache.hadoop.ozone.MiniOzoneHAClusterImpl$MiniOzoneHAService.startInactiveService(MiniOzoneHAClusterImpl.java:993)
	at org.apache.hadoop.ozone.MiniOzoneHAClusterImpl.startInactiveOM(MiniOzoneHAClusterImpl.java:189)
	at org.apache.hadoop.ozone.MiniOzoneHAClusterImpl.bootstrapNewOM(MiniOzoneHAClusterImpl.java:834)
	at org.apache.hadoop.ozone.MiniOzoneHAClusterImpl.bootstrapOzoneManager(MiniOzoneHAClusterImpl.java:749)
	at org.apache.hadoop.ozone.om.TestAddRemoveOzoneManager.lambda$testForceBootstrap$2(TestAddRemoveOzoneManager.java:316)
	at org.junit.jupiter.api.AssertThrows.assertThrows(AssertThrows.java:53)
	at org.junit.jupiter.api.AssertThrows.assertThrows(AssertThrows.java:39)
	at org.junit.jupiter.api.Assertions.assertThrows(Assertions.java:3131)
	at org.apache.hadoop.ozone.om.TestAddRemoveOzoneManager.testForceBootstrap(TestAddRemoveOzoneManager.java:316)
	at java.base/jdk.internal.reflect.NativeMethodAccessorImpl.invoke0(Native Method)
	at java.base/jdk.internal.reflect.NativeMethodAccessorImpl.invoke(NativeMethodAccessorImpl.java:77)
	at java.base/jdk.internal.reflect.DelegatingMethodAccessorImpl.invoke(DelegatingMethodAccessorImpl.java:43)
	at java.base/java.lang.reflect.Method.invoke(Method.java:568)
	at org.junit.platform.commons.util.ReflectionUtils.invokeMethod(ReflectionUtils.java:728)
	at org.junit.jupiter.engine.execution.MethodInvocation.proceed(MethodInvocation.java:60)
	at org.junit.jupiter.engine.execution.InvocationInterceptorChain$ValidatingInvocation.proceed(InvocationInterceptorChain.java:131)
	at org.junit.jupiter.engine.extension.SameThreadTimeoutInvocation.proceed(SameThreadTimeoutInvocation.java:45)
	at org.junit.jupiter.engine.extension.TimeoutExtension.intercept(TimeoutExtension.java:156)
	at org.junit.jupiter.engine.extension.TimeoutExtension.interceptTestableMethod(TimeoutExtension.java:147)
	at org.junit.jupiter.engine.extension.TimeoutExtension.interceptTestMethod(TimeoutExtension.java:86)
	at org.junit.jupiter.engine.execution.InterceptingExecutableInvoker$ReflectiveInterceptorCall.lambda$ofVoidMethod$0(InterceptingExecutableInvoker.java:103)
	at org.junit.jupiter.engine.execution.InterceptingExecutableInvoker.lambda$invoke$0(InterceptingExecutableInvoker.java:93)
	at org.junit.jupiter.engine.execution.InvocationInterceptorChain$InterceptedInvocation.proceed(InvocationInterceptorChain.java:106)
	at org.junit.jupiter.engine.execution.InvocationInterceptorChain.proceed(InvocationInterceptorChain.java:64)
	at org.junit.jupiter.engine.execution.InvocationInterceptorChain.chainAndInvoke(InvocationInterceptorChain.java:45)
	at org.junit.jupiter.engine.execution.InvocationInterceptorChain.invoke(InvocationInterceptorChain.java:37)
	at org.junit.jupiter.engine.execution.InterceptingExecutableInvoker.invoke(InterceptingExecutableInvoker.java:92)
	at org.junit.jupiter.engine.execution.InterceptingExecutableInvoker.invoke(InterceptingExecutableInvoker.java:86)
	at org.junit.jupiter.engine.descriptor.TestMethodTestDescriptor.lambda$invokeTestMethod$7(TestMethodTestDescriptor.java:218)
	at org.junit.platform.engine.support.hierarchical.ThrowableCollector.execute(ThrowableCollector.java:73)
	at org.junit.jupiter.engine.descriptor.TestMethodTestDescriptor.invokeTestMethod(TestMethodTestDescriptor.java:214)
	at org.junit.jupiter.engine.descriptor.TestMethodTestDescriptor.execute(TestMethodTestDescriptor.java:139)
	at org.junit.jupiter.engine.descriptor.TestMethodTestDescriptor.execute(TestMethodTestDescriptor.java:69)
	at org.junit.platform.engine.support.hierarchical.NodeTestTask.lambda$executeRecursively$6(NodeTestTask.java:151)
	at org.junit.platform.engine.support.hierarchical.ThrowableCollector.execute(ThrowableCollector.java:73)
	at org.junit.platform.engine.support.hierarchical.NodeTestTask.lambda$executeRecursively$8(NodeTestTask.java:141)
	at org.junit.platform.engine.support.hierarchical.Node.around(Node.java:137)
	at org.junit.platform.engine.support.hierarchical.NodeTestTask.lambda$executeRecursively$9(NodeTestTask.java:139)
	at org.junit.platform.engine.support.hierarchical.ThrowableCollector.execute(ThrowableCollector.java:73)
	at org.junit.platform.engine.support.hierarchical.NodeTestTask.executeRecursively(NodeTestTask.java:138)
	at org.junit.platform.engine.support.hierarchical.NodeTestTask.execute(NodeTestTask.java:95)
	at java.base/java.util.ArrayList.forEach(ArrayList.java:1511)
	at org.junit.platform.engine.support.hierarchical.SameThreadHierarchicalTestExecutorService.invokeAll(SameThreadHierarchicalTestExecutorService.java:41)
	at org.junit.platform.engine.support.hierarchical.NodeTestTask.lambda$executeRecursively$6(NodeTestTask.java:155)
	at org.junit.platform.engine.support.hierarchical.ThrowableCollector.execute(ThrowableCollector.java:73)
	at org.junit.platform.engine.support.hierarchical.NodeTestTask.lambda$executeRecursively$8(NodeTestTask.java:141)
	at org.junit.platform.engine.support.hierarchical.Node.around(Node.java:137)
	at org.junit.platform.engine.support.hierarchical.NodeTestTask.lambda$executeRecursively$9(NodeTestTask.java:139)
	at org.junit.platform.engine.support.hierarchical.ThrowableCollector.execute(ThrowableCollector.java:73)
	at org.junit.platform.engine.support.hierarchical.NodeTestTask.executeRecursively(NodeTestTask.java:138)
	at org.junit.platform.engine.support.hierarchical.NodeTestTask.execute(NodeTestTask.java:95)
	at java.base/java.util.ArrayList.forEach(ArrayList.java:1511)
	at org.junit.platform.engine.support.hierarchical.SameThreadHierarchicalTestExecutorService.invokeAll(SameThreadHierarchicalTestExecutorService.java:41)
	at org.junit.platform.engine.support.hierarchical.NodeTestTask.lambda$executeRecursively$6(NodeTestTask.java:155)
	at org.junit.platform.engine.support.hierarchical.ThrowableCollector.execute(ThrowableCollector.java:73)
	at org.junit.platform.engine.support.hierarchical.NodeTestTask.lambda$executeRecursively$8(NodeTestTask.java:141)
	at org.junit.platform.engine.support.hierarchical.Node.around(Node.java:137)
	at org.junit.platform.engine.support.hierarchical.NodeTestTask.lambda$executeRecursively$9(NodeTestTask.java:139)
	at org.junit.platform.engine.support.hierarchical.ThrowableCollector.execute(ThrowableCollector.java:73)
	at org.junit.platform.engine.support.hierarchical.NodeTestTask.executeRecursively(NodeTestTask.java:138)
	at org.junit.platform.engine.support.hierarchical.NodeTestTask.execute(NodeTestTask.java:95)
	at org.junit.platform.engine.support.hierarchical.SameThreadHierarchicalTestExecutorService.submit(SameThreadHierarchicalTestExecutorService.java:35)
	at org.junit.platform.engine.support.hierarchical.HierarchicalTestExecutor.execute(HierarchicalTestExecutor.java:57)
	at org.junit.platform.engine.support.hierarchical.HierarchicalTestEngine.execute(HierarchicalTestEngine.java:54)
	at org.junit.platform.launcher.core.EngineExecutionOrchestrator.execute(EngineExecutionOrchestrator.java:198)
	at org.junit.platform.launcher.core.EngineExecutionOrchestrator.execute(EngineExecutionOrchestrator.java:169)
	at org.junit.platform.launcher.core.EngineExecutionOrchestrator.execute(EngineExecutionOrchestrator.java:93)
	at org.junit.platform.launcher.core.EngineExecutionOrchestrator.lambda$execute$0(EngineExecutionOrchestrator.java:58)
	at org.junit.platform.launcher.core.EngineExecutionOrchestrator.withInterceptedStreams(EngineExecutionOrchestrator.java:141)
	at org.junit.platform.launcher.core.EngineExecutionOrchestrator.execute(EngineExecutionOrchestrator.java:57)
	at org.junit.platform.launcher.core.DefaultLauncher.execute(DefaultLauncher.java:103)
	at org.junit.platform.launcher.core.DefaultLauncher.execute(DefaultLauncher.java:85)
	at org.junit.platform.launcher.core.DelegatingLauncher.execute(DelegatingLauncher.java:47)
	at org.junit.platform.launcher.core.SessionPerRequestLauncher.execute(SessionPerRequestLauncher.java:63)
	at org.apache.maven.surefire.junitplatform.JUnitPlatformProvider.invokeAllTests(JUnitPlatformProvider.java:154)
	at org.apache.maven.surefire.junitplatform.JUnitPlatformProvider.invoke(JUnitPlatformProvider.java:123)
	at org.apache.maven.surefire.booter.ForkedBooter.runSuitesInProcess(ForkedBooter.java:377)
	at org.apache.maven.surefire.booter.ForkedBooter.execute(ForkedBooter.java:138)
	at org.apache.maven.surefire.booter.ForkedBooter.run(ForkedBooter.java:465)
	at org.apache.maven.surefire.booter.ForkedBooter.main(ForkedBooter.java:451)
2024-07-18 11:33:54,922 [main] ERROR ozone.MiniOzoneHAClusterImpl (MiniOzoneHAClusterImpl.java:exitSystem(1047)) - omNode-bootstrap-1 - System Exit: OM [omNode-2[localhost:15016]] do not have or have incorrect information of the bootstrapping OM. Update their ozone-site.xml before proceeding.
2024-07-18 11:33:54,922 [main] INFO  om.OzoneManager (OzoneManager.java:stop(2232)) - omNode-bootstrap-1[localhost:15051]: Stopping Ozone Manager
2024-07-18 11:33:54,922 [main] INFO  ipc.Server (Server.java:stop(3523)) - Stopping server on 15051
2024-07-18 11:33:54,923 [main] INFO  ratis.OzoneManagerRatisServer (OzoneManagerRatisServer.java:stop(600)) - Stopping org.apache.hadoop.ozone.om.ratis.OzoneManagerRatisServer@6eb5694b at port 15054
2024-07-18 11:33:54,923 [main] INFO  rocksdiff.RocksDBCheckpointDiffer (RocksDBCheckpointDiffer.java:close(306)) - Shutting down CompactionDagPruningService.
2024-07-18 11:33:54,924 [main] INFO  snapshot.SnapshotDiffManager (SnapshotDiffManager.java:closeExecutorService(1657)) - Shutting down executorService: 'SnapDiffExecutor'
2024-07-18 11:33:54,925 [main] INFO  utils.BackgroundService (BackgroundService.java:shutdown(163)) - Shutting down service SnapshotDiffCleanupService
2024-07-18 11:33:54,961 [main] INFO  ha.OMHANodeDetails (OMHANodeDetails.java:loadOMHAConfig(121)) - ServiceID for OzoneManager is om-add-remove
2024-07-18 11:33:54,962 [main] INFO  ha.OMHANodeDetails (OMHANodeDetails.java:loadOMHAConfig(201)) - Found matching OM address with OMServiceId: om-add-remove, OMNodeId: omNode-bootstrap-2, RPC Address: localhost:15055 and Ratis port: 15058
2024-07-18 11:33:54,962 [main] INFO  ha.OMHANodeDetails (ConfUtils.java:setNodeSpecificConfigs(97)) - Setting configuration key ozone.om.http-address with value of key ozone.om.http-address.om-add-remove.omNode-bootstrap-2: 127.0.0.1:15056
2024-07-18 11:33:54,962 [main] INFO  ha.OMHANodeDetails (ConfUtils.java:setNodeSpecificConfigs(97)) - Setting configuration key ozone.om.https-address with value of key ozone.om.https-address.om-add-remove.omNode-bootstrap-2: 127.0.0.1:15057
2024-07-18 11:33:54,962 [main] INFO  ha.OMHANodeDetails (ConfUtils.java:setNodeSpecificConfigs(97)) - Setting configuration key ozone.om.address with value of key ozone.om.address.om-add-remove.omNode-bootstrap-2: 127.0.0.1:15055
2024-07-18 11:33:54,962 [main] WARN  server.ServerUtils (ServerUtils.java:getDBPath(299)) - ozone.om.db.dirs is not configured. We recommend adding this setting. Falling back to ozone.metadata.dirs instead.
2024-07-18 11:33:54,963 [main] INFO  ha.SCMNodeInfo (SCMNodeInfo.java:getPort(197)) - ConfigKey ozone.scm.client.address is deprecated, For configuring different ports for each SCM use PortConfigKey ozone.scm.client.port appended with serviceId and nodeId
2024-07-18 11:33:54,964 [main] INFO  ha.SCMNodeInfo (SCMNodeInfo.java:getPort(197)) - ConfigKey ozone.scm.block.client.address is deprecated, For configuring different ports for each SCM use PortConfigKey ozone.scm.block.client.port appended with serviceId and nodeId
2024-07-18 11:33:54,964 [main] INFO  ha.SCMNodeInfo (SCMNodeInfo.java:getPort(197)) - ConfigKey ozone.scm.security.service.address is deprecated, For configuring different ports for each SCM use PortConfigKey ozone.scm.security.service.port appended with serviceId and nodeId
2024-07-18 11:33:54,964 [main] INFO  ha.SCMNodeInfo (SCMNodeInfo.java:getPort(197)) - ConfigKey ozone.scm.datanode.address is deprecated, For configuring different ports for each SCM use PortConfigKey ozone.scm.datanode.port appended with serviceId and nodeId
2024-07-18 11:33:54,964 [main] INFO  proxy.SCMBlockLocationFailoverProxyProvider (SCMBlockLocationFailoverProxyProvider.java:<init>(115)) - Created block location fail-over proxy with 1 nodes: [nodeId=scmNode-1,nodeAddress=/127.0.0.1:15007]
OM initialization succeeded.Current cluster id for sd=/home/runner/work/ozone/ozone/hadoop-ozone/integration-test/target/test-dir/MiniOzoneClusterImpl-c0b7f50e-f813-4849-95b3-646bdd98e01d/omNode-bootstrap-2/om;cid=c0b7f50e-f813-4849-95b3-646bdd98e01d;layoutVersion=6
2024-07-18 11:33:54,968 [main] INFO  ha.OMHANodeDetails (OMHANodeDetails.java:loadOMHAConfig(121)) - ServiceID for OzoneManager is om-add-remove
2024-07-18 11:33:54,969 [main] INFO  ha.OMHANodeDetails (OMHANodeDetails.java:loadOMHAConfig(201)) - Found matching OM address with OMServiceId: om-add-remove, OMNodeId: omNode-bootstrap-2, RPC Address: localhost:15055 and Ratis port: 15058
2024-07-18 11:33:54,969 [main] INFO  ha.OMHANodeDetails (ConfUtils.java:setNodeSpecificConfigs(97)) - Setting configuration key ozone.om.http-address with value of key ozone.om.http-address.om-add-remove.omNode-bootstrap-2: 127.0.0.1:15056
2024-07-18 11:33:54,969 [main] INFO  ha.OMHANodeDetails (ConfUtils.java:setNodeSpecificConfigs(97)) - Setting configuration key ozone.om.https-address with value of key ozone.om.https-address.om-add-remove.omNode-bootstrap-2: 127.0.0.1:15057
2024-07-18 11:33:54,969 [main] INFO  ha.OMHANodeDetails (ConfUtils.java:setNodeSpecificConfigs(97)) - Setting configuration key ozone.om.address with value of key ozone.om.address.om-add-remove.omNode-bootstrap-2: 127.0.0.1:15055
2024-07-18 11:33:54,969 [main] WARN  server.ServerUtils (ServerUtils.java:getDBPath(299)) - ozone.om.db.dirs is not configured. We recommend adding this setting. Falling back to ozone.metadata.dirs instead.
2024-07-18 11:33:54,970 [main] INFO  upgrade.AbstractLayoutVersionManager (AbstractLayoutVersionManager.java:init(83)) - Initializing Layout version manager with metadata layout = QUOTA (version = 6), software layout = QUOTA (version = 6)
2024-07-18 11:33:55,002 [main] INFO  reflections.Reflections (Reflections.java:scan(219)) - Reflections took 30 ms to scan 2 urls, producing 188 keys and 546 values
2024-07-18 11:33:55,002 [main] INFO  upgrade.OMLayoutVersionManager (OMLayoutVersionManager.java:lambda$0(113)) - Skipping Upgrade Action QuotaRepairUpgradeAction since it has been finalized.
2024-07-18 11:33:55,002 [main] INFO  upgrade.OMLayoutVersionManager (OMLayoutVersionManager.java:lambda$0(113)) - Skipping Upgrade Action MockOmUpgradeAction since it has been finalized.
2024-07-18 11:33:55,002 [main] WARN  server.ServerUtils (ServerUtils.java:getDBPath(299)) - ozone.om.db.dirs is not configured. We recommend adding this setting. Falling back to ozone.metadata.dirs instead.
2024-07-18 11:33:55,003 [main] INFO  ha.SCMNodeInfo (SCMNodeInfo.java:getPort(197)) - ConfigKey ozone.scm.client.address is deprecated, For configuring different ports for each SCM use PortConfigKey ozone.scm.client.port appended with serviceId and nodeId
2024-07-18 11:33:55,003 [main] INFO  ha.SCMNodeInfo (SCMNodeInfo.java:getPort(197)) - ConfigKey ozone.scm.block.client.address is deprecated, For configuring different ports for each SCM use PortConfigKey ozone.scm.block.client.port appended with serviceId and nodeId
2024-07-18 11:33:55,003 [main] INFO  ha.SCMNodeInfo (SCMNodeInfo.java:getPort(197)) - ConfigKey ozone.scm.security.service.address is deprecated, For configuring different ports for each SCM use PortConfigKey ozone.scm.security.service.port appended with serviceId and nodeId
2024-07-18 11:33:55,003 [main] INFO  ha.SCMNodeInfo (SCMNodeInfo.java:getPort(197)) - ConfigKey ozone.scm.datanode.address is deprecated, For configuring different ports for each SCM use PortConfigKey ozone.scm.datanode.port appended with serviceId and nodeId
2024-07-18 11:33:55,003 [main] INFO  ha.SCMNodeInfo (SCMNodeInfo.java:getPort(197)) - ConfigKey ozone.scm.client.address is deprecated, For configuring different ports for each SCM use PortConfigKey ozone.scm.client.port appended with serviceId and nodeId
2024-07-18 11:33:55,004 [main] INFO  ha.SCMNodeInfo (SCMNodeInfo.java:getPort(197)) - ConfigKey ozone.scm.block.client.address is deprecated, For configuring different ports for each SCM use PortConfigKey ozone.scm.block.client.port appended with serviceId and nodeId
2024-07-18 11:33:55,004 [main] INFO  ha.SCMNodeInfo (SCMNodeInfo.java:getPort(197)) - ConfigKey ozone.scm.security.service.address is deprecated, For configuring different ports for each SCM use PortConfigKey ozone.scm.security.service.port appended with serviceId and nodeId
2024-07-18 11:33:55,004 [main] INFO  ha.SCMNodeInfo (SCMNodeInfo.java:getPort(197)) - ConfigKey ozone.scm.datanode.address is deprecated, For configuring different ports for each SCM use PortConfigKey ozone.scm.datanode.port appended with serviceId and nodeId
2024-07-18 11:33:55,004 [main] INFO  proxy.SCMBlockLocationFailoverProxyProvider (SCMBlockLocationFailoverProxyProvider.java:<init>(115)) - Created block location fail-over proxy with 1 nodes: [nodeId=scmNode-1,nodeAddress=/127.0.0.1:15007]
2024-07-18 11:33:55,005 [main] INFO  ha.SCMNodeInfo (SCMNodeInfo.java:getPort(197)) - ConfigKey ozone.scm.client.address is deprecated, For configuring different ports for each SCM use PortConfigKey ozone.scm.client.port appended with serviceId and nodeId
2024-07-18 11:33:55,006 [main] INFO  ha.SCMNodeInfo (SCMNodeInfo.java:getPort(197)) - ConfigKey ozone.scm.block.client.address is deprecated, For configuring different ports for each SCM use PortConfigKey ozone.scm.block.client.port appended with serviceId and nodeId
2024-07-18 11:33:55,006 [main] INFO  ha.SCMNodeInfo (SCMNodeInfo.java:getPort(197)) - ConfigKey ozone.scm.security.service.address is deprecated, For configuring different ports for each SCM use PortConfigKey ozone.scm.security.service.port appended with serviceId and nodeId
2024-07-18 11:33:55,006 [main] INFO  ha.SCMNodeInfo (SCMNodeInfo.java:getPort(197)) - ConfigKey ozone.scm.datanode.address is deprecated, For configuring different ports for each SCM use PortConfigKey ozone.scm.datanode.port appended with serviceId and nodeId
2024-07-18 11:33:55,006 [main] INFO  proxy.SCMBlockLocationFailoverProxyProvider (SCMBlockLocationFailoverProxyProvider.java:<init>(115)) - Created block location fail-over proxy with 1 nodes: [nodeId=scmNode-1,nodeAddress=/127.0.0.1:15007]
2024-07-18 11:33:55,010 [main] INFO  om.OzoneManager (OzoneManager.java:<init>(678)) - OM start with adminUsers: [runner]
2024-07-18 11:33:55,010 [main] WARN  server.ServerUtils (ServerUtils.java:getDBPath(299)) - ozone.om.db.dirs is not configured. We recommend adding this setting. Falling back to ozone.metadata.dirs instead.
2024-07-18 11:33:55,011 [main] INFO  helpers.OmKeyInfo (OmKeyInfo.java:getCodec(72)) - OmKeyInfo.getCodec ignorePipeline = true
2024-07-18 11:33:55,166 [main] INFO  om.OzoneManager (OzoneManager.java:instantiateServices(812)) - S3 Multi-Tenancy is disabled
2024-07-18 11:33:55,167 [main] INFO  om.OmSnapshotManager (OmSnapshotManager.java:<init>(179)) - Ozone filesystem snapshot feature is enabled.
2024-07-18 11:33:55,167 [main] WARN  server.ServerUtils (ServerUtils.java:getDBPath(299)) - ozone.om.snapshot.diff.db.dir is not configured. We recommend adding this setting. Falling back to ozone.metadata.dirs instead.
2024-07-18 11:33:55,184 [main] INFO  utils.NativeLibraryLoader (NativeLibraryLoader.java:loadLibrary(111)) - Loading Library: ozone_rocksdb_tools
2024-07-18 11:33:55,184 [main] ERROR snapshot.SnapshotDiffManager (SnapshotDiffManager.java:initNativeLibraryForEfficientDiff(287)) - Native Library for raw sst file reading loading failed.
org.apache.hadoop.hdds.utils.NativeLibraryNotLoadedException: Unable to load library ozone_rocksdb_tools from both java.library.path & resource file libozone_rocksdb_tools.so from jar.
	at org.apache.hadoop.hdds.utils.db.managed.ManagedRawSSTFileReader.loadLibrary(ManagedRawSSTFileReader.java:40)
	at org.apache.hadoop.ozone.om.snapshot.SnapshotDiffManager.initNativeLibraryForEfficientDiff(SnapshotDiffManager.java:285)
	at org.apache.hadoop.ozone.om.snapshot.SnapshotDiffManager.<init>(SnapshotDiffManager.java:259)
	at org.apache.hadoop.ozone.om.OmSnapshotManager.<init>(OmSnapshotManager.java:286)
	at org.apache.hadoop.ozone.om.OzoneManager.instantiateServices(OzoneManager.java:864)
	at org.apache.hadoop.ozone.om.OzoneManager.<init>(OzoneManager.java:688)
	at org.apache.hadoop.ozone.om.OzoneManager.createOm(OzoneManager.java:780)
	at org.apache.hadoop.ozone.MiniOzoneHAClusterImpl.bootstrapNewOM(MiniOzoneHAClusterImpl.java:825)
	at org.apache.hadoop.ozone.MiniOzoneHAClusterImpl.bootstrapOzoneManager(MiniOzoneHAClusterImpl.java:749)
	at org.apache.hadoop.ozone.om.TestAddRemoveOzoneManager.testForceBootstrap(TestAddRemoveOzoneManager.java:338)
	at java.base/jdk.internal.reflect.NativeMethodAccessorImpl.invoke0(Native Method)
	at java.base/jdk.internal.reflect.NativeMethodAccessorImpl.invoke(NativeMethodAccessorImpl.java:77)
	at java.base/jdk.internal.reflect.DelegatingMethodAccessorImpl.invoke(DelegatingMethodAccessorImpl.java:43)
	at java.base/java.lang.reflect.Method.invoke(Method.java:568)
	at org.junit.platform.commons.util.ReflectionUtils.invokeMethod(ReflectionUtils.java:728)
	at org.junit.jupiter.engine.execution.MethodInvocation.proceed(MethodInvocation.java:60)
	at org.junit.jupiter.engine.execution.InvocationInterceptorChain$ValidatingInvocation.proceed(InvocationInterceptorChain.java:131)
	at org.junit.jupiter.engine.extension.SameThreadTimeoutInvocation.proceed(SameThreadTimeoutInvocation.java:45)
	at org.junit.jupiter.engine.extension.TimeoutExtension.intercept(TimeoutExtension.java:156)
	at org.junit.jupiter.engine.extension.TimeoutExtension.interceptTestableMethod(TimeoutExtension.java:147)
	at org.junit.jupiter.engine.extension.TimeoutExtension.interceptTestMethod(TimeoutExtension.java:86)
	at org.junit.jupiter.engine.execution.InterceptingExecutableInvoker$ReflectiveInterceptorCall.lambda$ofVoidMethod$0(InterceptingExecutableInvoker.java:103)
	at org.junit.jupiter.engine.execution.InterceptingExecutableInvoker.lambda$invoke$0(InterceptingExecutableInvoker.java:93)
	at org.junit.jupiter.engine.execution.InvocationInterceptorChain$InterceptedInvocation.proceed(InvocationInterceptorChain.java:106)
	at org.junit.jupiter.engine.execution.InvocationInterceptorChain.proceed(InvocationInterceptorChain.java:64)
	at org.junit.jupiter.engine.execution.InvocationInterceptorChain.chainAndInvoke(InvocationInterceptorChain.java:45)
	at org.junit.jupiter.engine.execution.InvocationInterceptorChain.invoke(InvocationInterceptorChain.java:37)
	at org.junit.jupiter.engine.execution.InterceptingExecutableInvoker.invoke(InterceptingExecutableInvoker.java:92)
	at org.junit.jupiter.engine.execution.InterceptingExecutableInvoker.invoke(InterceptingExecutableInvoker.java:86)
	at org.junit.jupiter.engine.descriptor.TestMethodTestDescriptor.lambda$invokeTestMethod$7(TestMethodTestDescriptor.java:218)
	at org.junit.platform.engine.support.hierarchical.ThrowableCollector.execute(ThrowableCollector.java:73)
	at org.junit.jupiter.engine.descriptor.TestMethodTestDescriptor.invokeTestMethod(TestMethodTestDescriptor.java:214)
	at org.junit.jupiter.engine.descriptor.TestMethodTestDescriptor.execute(TestMethodTestDescriptor.java:139)
	at org.junit.jupiter.engine.descriptor.TestMethodTestDescriptor.execute(TestMethodTestDescriptor.java:69)
	at org.junit.platform.engine.support.hierarchical.NodeTestTask.lambda$executeRecursively$6(NodeTestTask.java:151)
	at org.junit.platform.engine.support.hierarchical.ThrowableCollector.execute(ThrowableCollector.java:73)
	at org.junit.platform.engine.support.hierarchical.NodeTestTask.lambda$executeRecursively$8(NodeTestTask.java:141)
	at org.junit.platform.engine.support.hierarchical.Node.around(Node.java:137)
	at org.junit.platform.engine.support.hierarchical.NodeTestTask.lambda$executeRecursively$9(NodeTestTask.java:139)
	at org.junit.platform.engine.support.hierarchical.ThrowableCollector.execute(ThrowableCollector.java:73)
	at org.junit.platform.engine.support.hierarchical.NodeTestTask.executeRecursively(NodeTestTask.java:138)
	at org.junit.platform.engine.support.hierarchical.NodeTestTask.execute(NodeTestTask.java:95)
	at java.base/java.util.ArrayList.forEach(ArrayList.java:1511)
	at org.junit.platform.engine.support.hierarchical.SameThreadHierarchicalTestExecutorService.invokeAll(SameThreadHierarchicalTestExecutorService.java:41)
	at org.junit.platform.engine.support.hierarchical.NodeTestTask.lambda$executeRecursively$6(NodeTestTask.java:155)
	at org.junit.platform.engine.support.hierarchical.ThrowableCollector.execute(ThrowableCollector.java:73)
	at org.junit.platform.engine.support.hierarchical.NodeTestTask.lambda$executeRecursively$8(NodeTestTask.java:141)
	at org.junit.platform.engine.support.hierarchical.Node.around(Node.java:137)
	at org.junit.platform.engine.support.hierarchical.NodeTestTask.lambda$executeRecursively$9(NodeTestTask.java:139)
	at org.junit.platform.engine.support.hierarchical.ThrowableCollector.execute(ThrowableCollector.java:73)
	at org.junit.platform.engine.support.hierarchical.NodeTestTask.executeRecursively(NodeTestTask.java:138)
	at org.junit.platform.engine.support.hierarchical.NodeTestTask.execute(NodeTestTask.java:95)
	at java.base/java.util.ArrayList.forEach(ArrayList.java:1511)
	at org.junit.platform.engine.support.hierarchical.SameThreadHierarchicalTestExecutorService.invokeAll(SameThreadHierarchicalTestExecutorService.java:41)
	at org.junit.platform.engine.support.hierarchical.NodeTestTask.lambda$executeRecursively$6(NodeTestTask.java:155)
	at org.junit.platform.engine.support.hierarchical.ThrowableCollector.execute(ThrowableCollector.java:73)
	at org.junit.platform.engine.support.hierarchical.NodeTestTask.lambda$executeRecursively$8(NodeTestTask.java:141)
	at org.junit.platform.engine.support.hierarchical.Node.around(Node.java:137)
	at org.junit.platform.engine.support.hierarchical.NodeTestTask.lambda$executeRecursively$9(NodeTestTask.java:139)
	at org.junit.platform.engine.support.hierarchical.ThrowableCollector.execute(ThrowableCollector.java:73)
	at org.junit.platform.engine.support.hierarchical.NodeTestTask.executeRecursively(NodeTestTask.java:138)
	at org.junit.platform.engine.support.hierarchical.NodeTestTask.execute(NodeTestTask.java:95)
	at org.junit.platform.engine.support.hierarchical.SameThreadHierarchicalTestExecutorService.submit(SameThreadHierarchicalTestExecutorService.java:35)
	at org.junit.platform.engine.support.hierarchical.HierarchicalTestExecutor.execute(HierarchicalTestExecutor.java:57)
	at org.junit.platform.engine.support.hierarchical.HierarchicalTestEngine.execute(HierarchicalTestEngine.java:54)
	at org.junit.platform.launcher.core.EngineExecutionOrchestrator.execute(EngineExecutionOrchestrator.java:198)
	at org.junit.platform.launcher.core.EngineExecutionOrchestrator.execute(EngineExecutionOrchestrator.java:169)
	at org.junit.platform.launcher.core.EngineExecutionOrchestrator.execute(EngineExecutionOrchestrator.java:93)
	at org.junit.platform.launcher.core.EngineExecutionOrchestrator.lambda$execute$0(EngineExecutionOrchestrator.java:58)
	at org.junit.platform.launcher.core.EngineExecutionOrchestrator.withInterceptedStreams(EngineExecutionOrchestrator.java:141)
	at org.junit.platform.launcher.core.EngineExecutionOrchestrator.execute(EngineExecutionOrchestrator.java:57)
	at org.junit.platform.launcher.core.DefaultLauncher.execute(DefaultLauncher.java:103)
	at org.junit.platform.launcher.core.DefaultLauncher.execute(DefaultLauncher.java:85)
	at org.junit.platform.launcher.core.DelegatingLauncher.execute(DelegatingLauncher.java:47)
	at org.junit.platform.launcher.core.SessionPerRequestLauncher.execute(SessionPerRequestLauncher.java:63)
	at org.apache.maven.surefire.junitplatform.JUnitPlatformProvider.invokeAllTests(JUnitPlatformProvider.java:154)
	at org.apache.maven.surefire.junitplatform.JUnitPlatformProvider.invoke(JUnitPlatformProvider.java:123)
	at org.apache.maven.surefire.booter.ForkedBooter.runSuitesInProcess(ForkedBooter.java:377)
	at org.apache.maven.surefire.booter.ForkedBooter.execute(ForkedBooter.java:138)
	at org.apache.maven.surefire.booter.ForkedBooter.run(ForkedBooter.java:465)
	at org.apache.maven.surefire.booter.ForkedBooter.main(ForkedBooter.java:451)
2024-07-18 11:33:55,187 [main] INFO  om.OzoneManager (OzoneManager.java:addS3GVolumeToDB(4463)) - Created Volume s3v With Owner runner required for S3Gateway operations.
2024-07-18 11:33:55,187 [main] WARN  server.ServerUtils (ServerUtils.java:getDefaultRatisDirectory(311)) - Storage directory for Ratis is not configured. It is a good idea to map this to an SSD disk. Falling back to ozone.metadata.dirs
2024-07-18 11:33:55,187 [main] WARN  utils.OzoneManagerRatisUtils (OzoneManagerRatisUtils.java:getOMRatisSnapshotDirectory(476)) - ozone.om.ratis.snapshot.dir is not configured. Falling back to ozone.metadata.dirs config
2024-07-18 11:33:55,188 [main] INFO  utils.RDBSnapshotProvider (RDBSnapshotProvider.java:init(87)) - Cleaning up the candidate dir: /home/runner/work/ozone/ozone/hadoop-ozone/integration-test/target/test-dir/MiniOzoneClusterImpl-c0b7f50e-f813-4849-95b3-646bdd98e01d/omNode-bootstrap-2/snapshot/om.db.candidate
2024-07-18 11:33:55,188 [main] INFO  ratis_snapshot.OmRatisSnapshotProvider (OmRatisSnapshotProvider.java:<init>(99)) - Initializing OM Snapshot Provider
2024-07-18 11:33:55,189 [main] WARN  server.ServerUtils (ServerUtils.java:getDefaultRatisDirectory(311)) - Storage directory for Ratis is not configured. It is a good idea to map this to an SSD disk. Falling back to ozone.metadata.dirs
2024-07-18 11:33:55,191 [main] INFO  ratis.OzoneManagerRatisServer (OzoneManagerRatisServer.java:<init>(161)) - OM started in Bootstrap mode. Instantiating OM Ratis server with groupID: om-add-remove
2024-07-18 11:33:55,191 [main] INFO  ratis.OzoneManagerStateMachine (OzoneManagerStateMachine.java:loadSnapshotInfoFromDB(593)) - TransactionInfo not found in OM DB.
2024-07-18 11:33:55,192 [main] INFO  server.RaftServer (ConfUtils.java:logGet(46)) - raft.rpc.type = GRPC (default)
2024-07-18 11:33:55,192 [main] INFO  grpc.GrpcConfigKeys (ConfUtils.java:logFallback(53)) - raft.grpc.admin.host = null (fallback to raft.grpc.server.host)
2024-07-18 11:33:55,192 [main] INFO  grpc.GrpcConfigKeys (ConfUtils.java:logFallback(53)) - raft.grpc.admin.port = 15058 (fallback to raft.grpc.server.port)
2024-07-18 11:33:55,192 [main] INFO  grpc.GrpcConfigKeys (ConfUtils.java:logFallback(53)) - raft.grpc.client.host = null (fallback to raft.grpc.server.host)
2024-07-18 11:33:55,192 [main] INFO  grpc.GrpcConfigKeys (ConfUtils.java:logFallback(53)) - raft.grpc.client.port = 15058 (fallback to raft.grpc.server.port)
2024-07-18 11:33:55,192 [main] INFO  grpc.GrpcConfigKeys (ConfUtils.java:logGet(46)) - raft.grpc.server.host = null (default)
2024-07-18 11:33:55,192 [main] INFO  grpc.GrpcConfigKeys (ConfUtils.java:logGet(46)) - raft.grpc.server.port = 15058 (custom)
2024-07-18 11:33:55,192 [main] INFO  server.GrpcService (ConfUtils.java:logGet(46)) - raft.grpc.message.size.max = 4194304 (custom)
2024-07-18 11:33:55,192 [main] INFO  server.RaftServerConfigKeys (ConfUtils.java:logGet(46)) - raft.server.log.appender.buffer.byte-limit = 4194304 (custom)
2024-07-18 11:33:55,193 [main] INFO  server.GrpcService (ConfUtils.java:logGet(46)) - raft.grpc.flow.control.window = 1MB (=1048576) (default)
2024-07-18 11:33:55,193 [main] INFO  server.RaftServerConfigKeys (ConfUtils.java:logGet(46)) - raft.server.rpc.request.timeout = 3000ms (default)
2024-07-18 11:33:55,193 [main] INFO  grpc.GrpcConfigKeys (ConfUtils.java:logGet(46)) - raft.grpc.server.heartbeat.channel = true (default)
2024-07-18 11:33:55,193 [main] INFO  grpc.GrpcConfigKeys (ConfUtils.java:logGet(46)) - raft.grpc.server.async.request.thread.pool.cached = true (default)
2024-07-18 11:33:55,193 [main] INFO  grpc.GrpcConfigKeys (ConfUtils.java:logGet(46)) - raft.grpc.server.async.request.thread.pool.size = 32 (default)
2024-07-18 11:33:55,194 [main] INFO  impl.DataStreamServerImpl (ConfUtils.java:logGet(46)) - raft.datastream.type = DISABLED (default)
2024-07-18 11:33:55,194 [main] INFO  server.RaftServerConfigKeys (ConfUtils.java:logGet(46)) - raft.server.sleep.deviation.threshold = 300ms (default)
2024-07-18 11:33:55,194 [main] INFO  server.RaftServerConfigKeys (ConfUtils.java:logGet(46)) - raft.server.close.threshold = 60s (default)
2024-07-18 11:33:55,194 [main] INFO  server.RaftServerConfigKeys (ConfUtils.java:logGet(46)) - raft.server.leaderelection.leader.step-down.wait-time = 10s (default)
2024-07-18 11:33:55,194 [main] INFO  server.RaftServerConfigKeys (ConfUtils.java:logGet(46)) - raft.server.storage.dir = [/home/runner/work/ozone/ozone/hadoop-ozone/integration-test/target/test-dir/MiniOzoneClusterImpl-c0b7f50e-f813-4849-95b3-646bdd98e01d/omNode-bootstrap-2/ratis] (custom)
2024-07-18 11:33:55,194 [main] INFO  server.RaftServerConfigKeys (ConfUtils.java:logGet(46)) - raft.server.threadpool.proxy.cached = true (default)
2024-07-18 11:33:55,194 [main] INFO  server.RaftServerConfigKeys (ConfUtils.java:logGet(46)) - raft.server.threadpool.proxy.size = 0 (default)
2024-07-18 11:33:55,197 [main] INFO  server.RaftServer (RaftServerProxy.java:addNew(101)) - omNode-bootstrap-2: addNew group-0AAC5367B30E:[] returns group-0AAC5367B30E:java.util.concurrent.CompletableFuture@eabde6e[Not completed]
2024-07-18 11:33:55,197 [omNode-bootstrap-2-groupManagement] INFO  server.RaftServer$Division (RaftServerImpl.java:<init>(253)) - omNode-bootstrap-2: new RaftServerImpl for group-0AAC5367B30E:[] with OzoneManagerStateMachine:uninitialized
2024-07-18 11:33:55,197 [main] INFO  om.OzoneManager (OzoneManager.java:initializeRatisServer(2168)) - OzoneManager Ratis server initialized at port 15058
2024-07-18 11:33:55,197 [omNode-bootstrap-2-groupManagement] INFO  server.RaftServerConfigKeys (ConfUtils.java:logGet(46)) - raft.server.rpc.timeout.min = 1s (custom)
2024-07-18 11:33:55,198 [omNode-bootstrap-2-groupManagement] INFO  server.RaftServerConfigKeys (ConfUtils.java:logGet(46)) - raft.server.rpc.timeout.max = 1200ms (custom)
2024-07-18 11:33:55,197 [main] INFO  om.OzoneManager (OzoneManager.java:getRpcServer(1228)) - Creating RPC Server
2024-07-18 11:33:55,198 [omNode-bootstrap-2-groupManagement] INFO  server.RaftServerConfigKeys (ConfUtils.java:logGet(46)) - raft.server.rpc.sleep.time = 25ms (default)
2024-07-18 11:33:55,198 [omNode-bootstrap-2-groupManagement] INFO  server.RaftServerConfigKeys (ConfUtils.java:logGet(46)) - raft.server.rpc.slowness.timeout = 2s (custom)
2024-07-18 11:33:55,198 [omNode-bootstrap-2-groupManagement] INFO  server.RaftServerConfigKeys (ConfUtils.java:logGet(46)) - raft.server.leaderelection.leader.step-down.wait-time = 10s (default)
2024-07-18 11:33:55,198 [omNode-bootstrap-2-groupManagement] INFO  server.RaftServerConfigKeys (ConfUtils.java:logGet(46)) - raft.server.leaderelection.member.majority-add = false (default)
2024-07-18 11:33:55,198 [omNode-bootstrap-2-groupManagement] INFO  server.RaftServerConfigKeys (ConfUtils.java:logGet(46)) - raft.server.sleep.deviation.threshold = 300ms (default)
2024-07-18 11:33:55,198 [omNode-bootstrap-2-groupManagement] INFO  server.RaftServer$Division (ServerState.java:<init>(114)) - omNode-bootstrap-2@group-0AAC5367B30E: ConfigurationManager, init=conf: {index: -1, cur=peers:[]|listeners:[], old=null}, confs=<EMPTY_MAP>
2024-07-18 11:33:55,198 [omNode-bootstrap-2-groupManagement] INFO  server.RaftServerConfigKeys (ConfUtils.java:logGet(46)) - raft.server.notification.no-leader.timeout = 2s (custom)
2024-07-18 11:33:55,198 [omNode-bootstrap-2-groupManagement] INFO  server.RaftServerConfigKeys (ConfUtils.java:logGet(46)) - raft.server.read.timeout = 10s (default)
2024-07-18 11:33:55,198 [omNode-bootstrap-2-groupManagement] INFO  server.RaftServerConfigKeys (ConfUtils.java:logGet(46)) - raft.server.retrycache.expirytime = 300s (custom)
2024-07-18 11:33:55,198 [omNode-bootstrap-2-groupManagement] INFO  server.RaftServerConfigKeys (ConfUtils.java:logGet(46)) - raft.server.retrycache.statistics.expirytime = 100ms (default)
2024-07-18 11:33:55,199 [omNode-bootstrap-2-groupManagement] INFO  server.RaftServerConfigKeys (ConfUtils.java:logGet(46)) - raft.server.read.option = DEFAULT (default)
2024-07-18 11:33:55,199 [omNode-bootstrap-2-groupManagement] INFO  server.RaftServerConfigKeys (ConfUtils.java:logGet(46)) - raft.server.read.read-after-write-consistent.write-index-cache.expiry-time = 60s (default)
2024-07-18 11:33:55,202 [omNode-bootstrap-2-groupManagement] INFO  server.RaftServerConfigKeys (ConfUtils.java:logGet(46)) - raft.server.rpc.request.timeout = 3000ms (default)
2024-07-18 11:33:55,202 [omNode-bootstrap-2-groupManagement] INFO  server.RaftServerConfigKeys (ConfUtils.java:logGet(46)) - raft.server.log.appender.install.snapshot.enabled = false (custom)
2024-07-18 11:33:55,202 [omNode-bootstrap-2-groupManagement] INFO  server.RaftServerConfigKeys (ConfUtils.java:logGet(46)) - raft.server.threadpool.server.cached = true (default)
2024-07-18 11:33:55,202 [omNode-bootstrap-2-groupManagement] INFO  server.RaftServerConfigKeys (ConfUtils.java:logGet(46)) - raft.server.threadpool.server.size = 0 (default)
2024-07-18 11:33:55,202 [omNode-bootstrap-2-groupManagement] INFO  server.RaftServerConfigKeys (ConfUtils.java:logGet(46)) - raft.server.threadpool.client.cached = true (default)
2024-07-18 11:33:55,202 [omNode-bootstrap-2-groupManagement] INFO  server.RaftServerConfigKeys (ConfUtils.java:logGet(46)) - raft.server.threadpool.client.size = 0 (default)
2024-07-18 11:33:55,525 [main] INFO  reflections.Reflections (Reflections.java:scan(219)) - Reflections took 327 ms to scan 20 urls, producing 59 keys and 6638 values
2024-07-18 11:33:55,527 [main] INFO  ipc.CallQueueManager (CallQueueManager.java:<init>(90)) - Using callQueue: class java.util.concurrent.LinkedBlockingQueue, queueCapacity: 2000, scheduler: class org.apache.hadoop.ipc.DefaultRpcScheduler, ipcBackoff: false.
2024-07-18 11:33:55,527 [main] INFO  ipc.Server (Server.java:<init>(1287)) - Listener at 127.0.0.1:15055
2024-07-18 11:33:55,527 [Socket Reader #1 for port 15055] INFO  ipc.Server (Server.java:run(1323)) - Starting Socket Reader #1 for port 15055
2024-07-18 11:33:55,544 [main] WARN  om.OzoneManager (OzoneManager.java:start(1642)) - Skipped checking whether existing OM configs have been updated with this OM information as force bootstrap is called.
2024-07-18 11:33:55,544 [main] INFO  impl.MetricsSystemImpl (MetricsSystemImpl.java:init(158)) - OzoneManager metrics system started (again)
2024-07-18 11:33:55,552 [main] INFO  om.OzoneManager (OzoneManager.java:start(1650)) - OzoneManager RPC server is listening at localhost/127.0.0.1:15055
2024-07-18 11:33:55,552 [main] INFO  ratis.OzoneManagerRatisServer (OzoneManagerRatisServer.java:start(594)) - Starting OzoneManagerRatisServer omNode-bootstrap-2 at port 15058
2024-07-18 11:33:55,552 [omNode-bootstrap-2-impl-thread1] INFO  server.RaftServerConfigKeys (ConfUtils.java:logGet(46)) - raft.server.storage.free-space.min = 0MB (=0) (default)
2024-07-18 11:33:55,552 [omNode-bootstrap-2-impl-thread1] INFO  server.RaftServerConfigKeys (ConfUtils.java:logGet(46)) - raft.server.log.corruption.policy = EXCEPTION (default)
2024-07-18 11:33:55,552 [omNode-bootstrap-2-impl-thread1] INFO  server.RaftServerConfigKeys (ConfUtils.java:logGet(46)) - raft.server.storage.dir = [/home/runner/work/ozone/ozone/hadoop-ozone/integration-test/target/test-dir/MiniOzoneClusterImpl-c0b7f50e-f813-4849-95b3-646bdd98e01d/omNode-bootstrap-2/ratis] (custom)
2024-07-18 11:33:55,553 [omNode-bootstrap-2-impl-thread1] INFO  storage.RaftStorageDirectory (RaftStorageDirectoryImpl.java:analyzeStorage(138)) - The storage directory /home/runner/work/ozone/ozone/hadoop-ozone/integration-test/target/test-dir/MiniOzoneClusterImpl-c0b7f50e-f813-4849-95b3-646bdd98e01d/omNode-bootstrap-2/ratis/0718e334-ffa1-36bc-8e9a-0aac5367b30e does not exist. Creating ...
2024-07-18 11:33:55,554 [omNode-bootstrap-2-impl-thread1] INFO  storage.RaftStorageDirectory (RaftStorageDirectoryImpl.java:tryLock(229)) - Lock on /home/runner/work/ozone/ozone/hadoop-ozone/integration-test/target/test-dir/MiniOzoneClusterImpl-c0b7f50e-f813-4849-95b3-646bdd98e01d/omNode-bootstrap-2/ratis/0718e334-ffa1-36bc-8e9a-0aac5367b30e/in_use.lock acquired by nodename 107590@fv-az1113-538
2024-07-18 11:33:55,555 [omNode-bootstrap-2-impl-thread1] INFO  storage.RaftStorage (RaftStorageImpl.java:format(98)) - Storage directory /home/runner/work/ozone/ozone/hadoop-ozone/integration-test/target/test-dir/MiniOzoneClusterImpl-c0b7f50e-f813-4849-95b3-646bdd98e01d/omNode-bootstrap-2/ratis/0718e334-ffa1-36bc-8e9a-0aac5367b30e has been successfully formatted.
2024-07-18 11:33:55,555 [omNode-bootstrap-2-impl-thread1] INFO  server.RaftServerConfigKeys (ConfUtils.java:logGet(46)) - raft.server.log.use.memory = false (default)
2024-07-18 11:33:55,556 [omNode-bootstrap-2-impl-thread1] INFO  server.RaftServerConfigKeys (ConfUtils.java:logGet(46)) - raft.server.log.purge.gap = 1000000 (custom)
2024-07-18 11:33:55,556 [omNode-bootstrap-2-impl-thread1] INFO  server.RaftServerConfigKeys (ConfUtils.java:logGet(46)) - raft.server.log.appender.buffer.byte-limit = 4194304 (custom)
2024-07-18 11:33:55,556 [omNode-bootstrap-2-impl-thread1] INFO  server.RaftServerConfigKeys (ConfUtils.java:logGet(46)) - raft.server.log.statemachine.data.read.timeout = 1000ms (default)
2024-07-18 11:33:55,556 [omNode-bootstrap-2-impl-thread1] INFO  server.RaftServerConfigKeys (ConfUtils.java:logGet(46)) - raft.server.log.purge.preservation.log.num = 0 (default)
2024-07-18 11:33:55,557 [omNode-bootstrap-2-impl-thread1] INFO  server.RaftServerConfigKeys (ConfUtils.java:logGet(46)) - raft.server.log.segment.size.max = 4194304 (custom)
2024-07-18 11:33:55,557 [omNode-bootstrap-2-impl-thread1] INFO  server.RaftServerConfigKeys (ConfUtils.java:logGet(46)) - raft.server.log.segment.cache.num.max = 2 (custom)
2024-07-18 11:33:55,557 [omNode-bootstrap-2-impl-thread1] INFO  server.RaftServerConfigKeys (ConfUtils.java:logGet(46)) - raft.server.log.segment.cache.size.max = 200MB (=209715200) (default)
2024-07-18 11:33:55,558 [omNode-bootstrap-2-impl-thread1] INFO  server.RaftServerConfigKeys (ConfUtils.java:logGet(46)) - raft.server.log.appender.buffer.byte-limit = 4194304 (custom)
2024-07-18 11:33:55,558 [omNode-bootstrap-2-impl-thread1] INFO  util.AwaitToRun (AwaitToRun.java:start(81)) - Thread[omNode-bootstrap-2@group-0AAC5367B30E-cacheEviction-AwaitToRun,5,main] started
2024-07-18 11:33:55,558 [omNode-bootstrap-2-impl-thread1] INFO  segmented.SegmentedRaftLogWorker (SegmentedRaftLogWorker.java:<init>(184)) - new omNode-bootstrap-2@group-0AAC5367B30E-SegmentedRaftLogWorker for RaftStorageImpl:Storage Directory /home/runner/work/ozone/ozone/hadoop-ozone/integration-test/target/test-dir/MiniOzoneClusterImpl-c0b7f50e-f813-4849-95b3-646bdd98e01d/omNode-bootstrap-2/ratis/0718e334-ffa1-36bc-8e9a-0aac5367b30e
2024-07-18 11:33:55,558 [omNode-bootstrap-2-impl-thread1] INFO  server.RaftServerConfigKeys (ConfUtils.java:logGet(46)) - raft.server.log.queue.byte-limit = 64MB (=67108864) (default)
2024-07-18 11:33:55,558 [omNode-bootstrap-2-impl-thread1] INFO  server.RaftServerConfigKeys (ConfUtils.java:logGet(46)) - raft.server.log.queue.element-limit = 4096 (default)
2024-07-18 11:33:55,558 [omNode-bootstrap-2-impl-thread1] INFO  server.RaftServerConfigKeys (ConfUtils.java:logGet(46)) - raft.server.log.segment.size.max = 4194304 (custom)
2024-07-18 11:33:55,558 [omNode-bootstrap-2-impl-thread1] INFO  server.RaftServerConfigKeys (ConfUtils.java:logGet(46)) - raft.server.log.preallocated.size = 4194304 (custom)
2024-07-18 11:33:55,558 [omNode-bootstrap-2-impl-thread1] INFO  server.RaftServerConfigKeys (ConfUtils.java:logGet(46)) - raft.server.log.force.sync.num = 128 (default)
2024-07-18 11:33:55,558 [omNode-bootstrap-2-impl-thread1] INFO  server.RaftServerConfigKeys (ConfUtils.java:logGet(46)) - raft.server.log.statemachine.data.sync = true (default)
2024-07-18 11:33:55,558 [omNode-bootstrap-2-impl-thread1] INFO  server.RaftServerConfigKeys (ConfUtils.java:logGet(46)) - raft.server.log.statemachine.data.sync.timeout = 10s (default)
2024-07-18 11:33:55,558 [omNode-bootstrap-2-impl-thread1] INFO  server.RaftServerConfigKeys (ConfUtils.java:logGet(46)) - raft.server.log.statemachine.data.sync.timeout.retry = -1 (default)
2024-07-18 11:33:55,559 [omNode-bootstrap-2-impl-thread1] INFO  server.RaftServerConfigKeys (ConfUtils.java:logGet(46)) - raft.server.log.write.buffer.size = 4194312 (custom)
2024-07-18 11:33:55,559 [omNode-bootstrap-2-impl-thread1] INFO  server.RaftServerConfigKeys (ConfUtils.java:logGet(46)) - raft.server.log.appender.buffer.byte-limit = 4194304 (custom)
2024-07-18 11:33:55,559 [omNode-bootstrap-2-impl-thread1] INFO  server.RaftServerConfigKeys (ConfUtils.java:logGet(46)) - raft.server.log.unsafe-flush.enabled = false (default)
2024-07-18 11:33:55,559 [omNode-bootstrap-2-impl-thread1] INFO  server.RaftServerConfigKeys (ConfUtils.java:logGet(46)) - raft.server.log.async-flush.enabled = false (default)
2024-07-18 11:33:55,559 [omNode-bootstrap-2-impl-thread1] INFO  server.RaftServerConfigKeys (ConfUtils.java:logGet(46)) - raft.server.log.statemachine.data.caching.enabled = false (default)
2024-07-18 11:33:55,559 [omNode-bootstrap-2-impl-thread1] INFO  segmented.SegmentedRaftLogWorker (SegmentedRaftLogWorker.java:lambda$new$0(135)) - omNode-bootstrap-2@group-0AAC5367B30E-SegmentedRaftLogWorker: flushIndex: setUnconditionally 0 -> -1
2024-07-18 11:33:55,560 [omNode-bootstrap-2-impl-thread1] INFO  segmented.SegmentedRaftLogWorker (SegmentedRaftLogWorker.java:lambda$new$0(135)) - omNode-bootstrap-2@group-0AAC5367B30E-SegmentedRaftLogWorker: safeCacheEvictIndex: setUnconditionally 0 -> -1
2024-07-18 11:33:55,560 [omNode-bootstrap-2-impl-thread1] INFO  server.RaftServer$Division (RaftServerImpl.java:start(395)) - omNode-bootstrap-2@group-0AAC5367B30E: start with initializing state, conf=conf: {index: -1, cur=peers:[]|listeners:[], old=null}
2024-07-18 11:33:55,560 [omNode-bootstrap-2-impl-thread1] INFO  server.RaftServer$Division (RaftServerImpl.java:setRole(376)) - omNode-bootstrap-2@group-0AAC5367B30E: changes role from      null to FOLLOWER at term 0 for start
2024-07-18 11:33:55,560 [omNode-bootstrap-2-impl-thread1] INFO  util.JmxRegister (JmxRegister.java:tryRegister(44)) - Successfully registered JMX Bean with object name Ratis:service=RaftServer,group=group-0AAC5367B30E,id=omNode-bootstrap-2
2024-07-18 11:33:55,560 [omNode-bootstrap-2-impl-thread1] INFO  util.JmxRegister (JmxRegister.java:register(58)) - register mxBean class org.apache.ratis.server.impl.RaftServerJmxAdapter as Ratis:service=RaftServer,group=group-0AAC5367B30E,id=omNode-bootstrap-2
2024-07-18 11:33:55,560 [omNode-bootstrap-2-impl-thread1] INFO  server.RaftServerConfigKeys (ConfUtils.java:logGet(46)) - raft.server.snapshot.trigger-when-stop.enabled = true (default)
2024-07-18 11:33:55,560 [omNode-bootstrap-2-impl-thread1] INFO  server.RaftServerConfigKeys (ConfUtils.java:logGet(46)) - raft.server.snapshot.trigger-when-remove.enabled = true (default)
2024-07-18 11:33:55,560 [omNode-bootstrap-2-impl-thread1] INFO  server.RaftServerConfigKeys (ConfUtils.java:logGet(46)) - raft.server.snapshot.auto.trigger.enabled = true (custom)
2024-07-18 11:33:55,560 [omNode-bootstrap-2-impl-thread1] INFO  server.RaftServerConfigKeys (ConfUtils.java:logGet(46)) - raft.server.snapshot.auto.trigger.threshold = 400000 (default)
2024-07-18 11:33:55,560 [omNode-bootstrap-2-impl-thread1] INFO  server.RaftServerConfigKeys (ConfUtils.java:logGet(46)) - raft.server.snapshot.retention.file.num = -1 (default)
2024-07-18 11:33:55,561 [omNode-bootstrap-2-impl-thread1] INFO  server.RaftServerConfigKeys (ConfUtils.java:logGet(46)) - raft.server.log.purge.upto.snapshot.index = true (custom)
2024-07-18 11:33:55,562 [main] INFO  server.RaftServer (RaftServerProxy.java:startImpl(408)) - omNode-bootstrap-2: start RPC server
2024-07-18 11:33:55,563 [main] INFO  server.GrpcService (GrpcService.java:startImpl(302)) - omNode-bootstrap-2: GrpcService started, listening on 15058
2024-07-18 11:33:55,563 [JvmPauseMonitor8] INFO  util.JvmPauseMonitor (JvmPauseMonitor.java:run(146)) - JvmPauseMonitor-omNode-bootstrap-2: Started
2024-07-18 11:33:55,563 [main] INFO  om.OzoneManager (OzoneManager.java:start(1666)) - Version File has different layout version (6) than OM DB (null). That is expected if this OM has never been finalized to a newer layout version.
2024-07-18 11:33:55,568 [main] INFO  client.ScmTopologyClient (ScmTopologyClient.java:start(72)) - Initial network topology fetched from SCM: /.
2024-07-18 11:33:55,569 [main] INFO  net.NodeSchemaLoader (NodeSchemaLoader.java:loadSchemaFromFile(129)) - Loading schema from [jar:file:/home/runner/work/ozone/ozone/hadoop-hdds/common/target/hdds-common-1.5.0-SNAPSHOT.jar!/network-topology-default.xml]
2024-07-18 11:33:55,569 [main] INFO  net.NodeSchemaLoader (NodeSchemaLoader.java:loadSchema(176)) - Loading network topology layer schema file
2024-07-18 11:33:55,578 [main] INFO  http.BaseHttpServer (BaseHttpServer.java:newHttpServer2BuilderForOzone(223)) - Starting Web-server for ozoneManager at: http://0.0.0.0:15056
2024-07-18 11:33:55,578 [main] INFO  http.BaseHttpServer (BaseHttpServer.java:<init>(110)) - Hadoop Security Enabled: false Ozone Security Enabled: false Ozone HTTP Security Enabled: false 
2024-07-18 11:33:55,579 [main] WARN  server.AuthenticationFilter (AuthenticationFilter.java:constructSecretProvider(240)) - Unable to initialize FileSignerSecretProvider, falling back to use random secrets. Reason: Could not read signature secret file: /home/runner/hadoop-http-auth-signature-secret
2024-07-18 11:33:55,580 [main] INFO  http.HttpRequestLog (HttpRequestLog.java:getRequestLog(86)) - Http request log for http.requests.ozoneManager is not defined
2024-07-18 11:33:55,581 [main] INFO  http.HttpServer2 (HttpServer2.java:addGlobalFilter(1035)) - Added global filter 'safety' (class=org.apache.hadoop.hdds.server.http.HttpServer2$QuotingInputFilter)
2024-07-18 11:33:55,582 [main] INFO  http.HttpServer2 (HttpServer2.java:addFilter(1011)) - Added filter static_user_filter (class=org.apache.hadoop.http.lib.StaticUserWebFilter$StaticUserFilter) to context ozoneManager
2024-07-18 11:33:55,582 [main] INFO  http.HttpServer2 (HttpServer2.java:addFilter(1019)) - Added filter static_user_filter (class=org.apache.hadoop.http.lib.StaticUserWebFilter$StaticUserFilter) to context logs
2024-07-18 11:33:55,582 [main] INFO  http.HttpServer2 (HttpServer2.java:addFilter(1019)) - Added filter static_user_filter (class=org.apache.hadoop.http.lib.StaticUserWebFilter$StaticUserFilter) to context static
2024-07-18 11:33:55,583 [main] INFO  http.BaseHttpServer (BaseHttpServer.java:<init>(189)) - HTTP server of ozoneManager uses base directory /home/runner/work/ozone/ozone/hadoop-ozone/integration-test/target/test-dir/MiniOzoneClusterImpl-c0b7f50e-f813-4849-95b3-646bdd98e01d/omNode-bootstrap-2/webserver
2024-07-18 11:33:55,583 [main] INFO  http.HttpServer2 (HttpServer2.java:bindListener(1235)) - Jetty bound to port 15056
2024-07-18 11:33:55,583 [main] INFO  server.Server (Server.java:doStart(375)) - jetty-9.4.55.v20240627; built: 2024-06-27T15:05:37.765Z; git: 70015831e5195ba74da6383c4ab7c90c56bb08af; jvm 17.0.11+9
2024-07-18 11:33:55,585 [main] INFO  server.session (DefaultSessionIdManager.java:doStart(334)) - DefaultSessionIdManager workerName=node0
2024-07-18 11:33:55,585 [main] INFO  server.session (DefaultSessionIdManager.java:doStart(339)) - No SessionScavenger set, using defaults
2024-07-18 11:33:55,585 [main] INFO  server.session (HouseKeeper.java:startScavenging(132)) - node0 Scavenging every 600000ms
2024-07-18 11:33:55,585 [main] INFO  handler.ContextHandler (ContextHandler.java:doStart(921)) - Started o.e.j.s.ServletContextHandler@3e03369a{logs,/logs,file:///home/runner/work/ozone/ozone/hadoop-ozone/integration-test/target/log,AVAILABLE}
2024-07-18 11:33:55,586 [main] INFO  handler.ContextHandler (ContextHandler.java:doStart(921)) - Started o.e.j.s.ServletContextHandler@5aa90875{static,/static,file:///home/runner/work/ozone/ozone/hadoop-ozone/integration-test/target/test-classes/webapps/static,AVAILABLE}
2024-07-18 11:33:55,592 [main] INFO  handler.ContextHandler (ContextHandler.java:doStart(921)) - Started o.e.j.w.WebAppContext@62f732e7{ozoneManager,/,file:///home/runner/work/ozone/ozone/hadoop-ozone/integration-test/target/test-classes/webapps/ozoneManager/,AVAILABLE}{file:/home/runner/work/ozone/ozone/hadoop-ozone/integration-test/target/test-classes/webapps/ozoneManager}
2024-07-18 11:33:55,593 [main] INFO  server.AbstractConnector (AbstractConnector.java:doStart(333)) - Started ServerConnector@5350f279{HTTP/1.1, (http/1.1)}{0.0.0.0:15056}
2024-07-18 11:33:55,593 [main] INFO  server.Server (Server.java:doStart(415)) - Started @48929ms
2024-07-18 11:33:55,593 [main] WARN  impl.MetricsSystemImpl (MetricsSystemImpl.java:register(279)) - Sink prometheus already exists!
2024-07-18 11:33:55,593 [main] INFO  http.BaseHttpServer (BaseHttpServer.java:updateConnectorAddress(354)) - HTTP server of ozoneManager listening at http://0.0.0.0:15056
2024-07-18 11:33:55,594 [IPC Server Responder] INFO  ipc.Server (Server.java:run(1562)) - IPC Server Responder: starting
2024-07-18 11:33:55,594 [IPC Server listener on 15055] INFO  ipc.Server (Server.java:run(1402)) - IPC Server listener on 15055: starting
2024-07-18 11:33:55,596 [main] INFO  om.OzoneManager (OzoneManager.java:startTrashEmptier(2121)) - Trash Interval set to 0. Files deleted won't move to trash
2024-07-18 11:33:55,603 [IPC Server handler 0 on default port 15012] INFO  ratis.OzoneManagerRatisServer (OzoneManagerRatisServer.java:addOMToRatisRing(346)) - omNode-1: Submitting SetConfiguration request to Ratis server to add new OM peer omNode-bootstrap-2|localhost:15058 to the Ratis group group-0AAC5367B30E:[omNode-3|localhost:15023, omNode-1|localhost:15015, omNode-2|localhost:15019]
2024-07-18 11:33:55,605 [IPC Server handler 0 on default port 15012] INFO  server.RaftServer$Division (RaftServerImpl.java:setConfigurationAsync(1305)) - omNode-1@group-0AAC5367B30E: receive setConfiguration SetConfigurationRequest:client-D6EEF0A9CA57->omNode-1@group-0AAC5367B30E, cid=0, seq=null, RW, null, SET_UNCONDITIONALLY, servers:[omNode-3|localhost:15023, omNode-1|localhost:15015, omNode-2|localhost:15019, omNode-bootstrap-2|localhost:15058], listeners:[]
2024-07-18 11:33:55,605 [IPC Server handler 0 on default port 15012] INFO  server.RaftServer$Division (LeaderStateImpl.java:startSetConfiguration(488)) - omNode-1@group-0AAC5367B30E-LeaderStateImpl: startSetConfiguration SetConfigurationRequest:client-D6EEF0A9CA57->omNode-1@group-0AAC5367B30E, cid=0, seq=null, RW, null, SET_UNCONDITIONALLY, servers:[omNode-3|localhost:15023, omNode-1|localhost:15015, omNode-2|localhost:15019, omNode-bootstrap-2|localhost:15058], listeners:[]
2024-07-18 11:33:55,606 [IPC Server handler 0 on default port 15012] INFO  server.RaftServerConfigKeys (ConfUtils.java:logGet(46)) - raft.server.log.appender.snapshot.chunk.size.max = 16MB (=16777216) (default)
2024-07-18 11:33:55,606 [IPC Server handler 0 on default port 15012] INFO  server.RaftServerConfigKeys (ConfUtils.java:logGet(46)) - raft.server.log.appender.buffer.byte-limit = 4194304 (custom)
2024-07-18 11:33:55,606 [IPC Server handler 0 on default port 15012] INFO  server.RaftServerConfigKeys (ConfUtils.java:logGet(46)) - raft.server.log.appender.buffer.element-limit = 1024 (custom)
2024-07-18 11:33:55,607 [IPC Server handler 0 on default port 15012] INFO  server.RaftServerConfigKeys (ConfUtils.java:logGet(46)) - raft.server.log.appender.wait-time.min = 0ms (custom)
2024-07-18 11:33:55,607 [IPC Server handler 0 on default port 15012] INFO  grpc.GrpcConfigKeys (ConfUtils.java:logGet(46)) - raft.grpc.server.leader.outstanding.appends.max = 8 (default)
2024-07-18 11:33:55,607 [IPC Server handler 0 on default port 15012] INFO  server.RaftServerConfigKeys (ConfUtils.java:logGet(46)) - raft.server.rpc.request.timeout = 3000ms (default)
2024-07-18 11:33:55,607 [IPC Server handler 0 on default port 15012] INFO  grpc.GrpcConfigKeys (ConfUtils.java:logGet(46)) - raft.grpc.server.install_snapshot.request.element-limit = 8 (default)
2024-07-18 11:33:55,607 [IPC Server handler 0 on default port 15012] INFO  grpc.GrpcConfigKeys (ConfUtils.java:logGet(46)) - raft.grpc.server.install_snapshot.request.timeout = 3000ms (default)
2024-07-18 11:33:55,607 [IPC Server handler 0 on default port 15012] INFO  grpc.GrpcConfigKeys (ConfUtils.java:logGet(46)) - raft.grpc.server.log-message.batch.duration = 5s (default)
2024-07-18 11:33:55,608 [IPC Server handler 0 on default port 15012] INFO  server.RaftServerConfigKeys (ConfUtils.java:logGet(46)) - raft.server.log.appender.install.snapshot.enabled = false (custom)
2024-07-18 11:33:55,608 [IPC Server handler 0 on default port 15012] INFO  grpc.GrpcConfigKeys (ConfUtils.java:logGet(46)) - raft.grpc.server.heartbeat.channel = true (default)
2024-07-18 11:33:55,613 [omNode-1@group-0AAC5367B30E->omNode-bootstrap-2-GrpcLogAppender-LogAppenderDaemon] INFO  server.GrpcServerProtocolClient (GrpcServerProtocolClient.java:<init>(65)) - Build channel for omNode-bootstrap-2|localhost:15058
2024-07-18 11:33:55,619 [grpc-default-executor-5] INFO  impl.SnapshotInstallationHandler (SnapshotInstallationHandler.java:installSnapshot(92)) - omNode-bootstrap-2@group-0AAC5367B30E: receive installSnapshot: omNode-1->omNode-bootstrap-2#0-t1,notify:(t:1, i:0)
2024-07-18 11:33:55,620 [grpc-default-executor-5] INFO  server.RaftServer$Division (RaftServerImpl.java:setFirstElection(549)) - omNode-bootstrap-2@group-0AAC5367B30E: set firstElectionSinceStartup to false for installSnapshot
2024-07-18 11:33:55,621 [grpc-default-executor-5] INFO  server.RaftServer$Division (ServerState.java:setLeader(272)) - omNode-bootstrap-2@group-0AAC5367B30E: change Leader from null to omNode-1 at term 1 for installSnapshot, leader elected after 422ms
2024-07-18 11:33:55,621 [grpc-default-executor-5] INFO  impl.SnapshotInstallationHandler (SnapshotInstallationHandler.java:notifyStateMachineToInstallSnapshot(222)) - omNode-bootstrap-2@group-0AAC5367B30E: Received notification to install snapshot at index 0
2024-07-18 11:33:55,622 [grpc-default-executor-5] INFO  impl.SnapshotInstallationHandler (SnapshotInstallationHandler.java:notifyStateMachineToInstallSnapshot(256)) - omNode-bootstrap-2@group-0AAC5367B30E: notifyInstallSnapshot: nextIndex is 0 but the leader's first available index is 0.
2024-07-18 11:33:55,622 [grpc-default-executor-5] INFO  ratis.OzoneManagerStateMachine (OzoneManagerStateMachine.java:notifyInstallSnapshotFromLeader(511)) - Received install snapshot notification from OM leader: omNode-1 with term index: (t:1, i:0)
2024-07-18 11:33:55,623 [omNode-bootstrap-2-InstallSnapshotThread] INFO  utils.RDBSnapshotProvider (RDBSnapshotProvider.java:downloadDBSnapshotFromLeader(110)) - Prepare to download the snapshot from leader OM omNode-1 and reloading state from the snapshot.
2024-07-18 11:33:55,627 [grpc-default-executor-5] INFO  impl.SnapshotInstallationHandler (SnapshotInstallationHandler.java:installSnapshotImpl(138)) - omNode-bootstrap-2@group-0AAC5367B30E: set new configuration configurationEntry {
  peers {
    id: "omNode-3"
    address: "localhost:15023"
    startupRole: FOLLOWER
  }
  peers {
    id: "omNode-1"
    address: "localhost:15015"
    startupRole: FOLLOWER
  }
  peers {
    id: "omNode-2"
    address: "localhost:15019"
    startupRole: FOLLOWER
  }
}
 from snapshot
2024-07-18 11:33:55,627 [grpc-default-executor-5] INFO  server.RaftServer$Division (ServerState.java:setRaftConf(386)) - omNode-bootstrap-2@group-0AAC5367B30E: set configuration conf: {index: 0, cur=peers:[omNode-3|localhost:15023, omNode-1|localhost:15015, omNode-2|localhost:15019]|listeners:[], old=null}
2024-07-18 11:33:55,628 [omNode-bootstrap-2-InstallSnapshotThread] INFO  ratis_snapshot.OmRatisSnapshotProvider (OmRatisSnapshotProvider.java:downloadSnapshot(146)) - Downloading latest checkpoint from Leader OM omNode-1. Checkpoint URL: http://127.0.0.1:15013/dbCheckpoint?includeSnapshotData=true&flushBeforeCheckpoint=true
2024-07-18 11:33:55,629 [grpc-default-executor-5] INFO  ratis.OzoneManagerStateMachine (OzoneManagerStateMachine.java:notifyConfigurationChanged(216)) - Received Configuration change notification from Ratis. New Peer list:
[id: "omNode-3"
address: "localhost:15023"
startupRole: FOLLOWER
, id: "omNode-1"
address: "localhost:15015"
startupRole: FOLLOWER
, id: "omNode-2"
address: "localhost:15019"
startupRole: FOLLOWER
]
2024-07-18 11:33:55,629 [grpc-default-executor-5] INFO  ratis.OzoneManagerRatisServer (OzoneManagerRatisServer.java:addRaftPeer(435)) - Added OM omNode-3 to Ratis Peers list.
2024-07-18 11:33:55,630 [grpc-default-executor-5] INFO  om.OzoneManager (OzoneManager.java:addOMNodeToPeers(2042)) - Added OM omNode-3 to the Peer list.
2024-07-18 11:33:55,630 [grpc-default-executor-5] INFO  ratis.OzoneManagerRatisServer (OzoneManagerRatisServer.java:addRaftPeer(435)) - Added OM omNode-1 to Ratis Peers list.
2024-07-18 11:33:55,630 [grpc-default-executor-5] INFO  om.OzoneManager (OzoneManager.java:addOMNodeToPeers(2042)) - Added OM omNode-1 to the Peer list.
2024-07-18 11:33:55,630 [grpc-default-executor-5] INFO  ratis.OzoneManagerRatisServer (OzoneManagerRatisServer.java:addRaftPeer(435)) - Added OM omNode-2 to Ratis Peers list.
2024-07-18 11:33:55,631 [grpc-default-executor-5] INFO  om.OzoneManager (OzoneManager.java:addOMNodeToPeers(2042)) - Added OM omNode-2 to the Peer list.
2024-07-18 11:33:55,631 [grpc-default-executor-5] INFO  impl.SnapshotInstallationHandler (SnapshotInstallationHandler.java:installSnapshot(103)) - omNode-bootstrap-2@group-0AAC5367B30E: reply installSnapshot: omNode-1<-omNode-bootstrap-2#0:FAIL-t0,IN_PROGRESS,snapshotIndex=0
2024-07-18 11:33:55,631 [grpc-default-executor-5] INFO  server.GrpcServerProtocolService (GrpcServerProtocolService.java:onCompleted(157)) - omNode-bootstrap-2: Completed INSTALL_SNAPSHOT, lastRequest: omNode-1->omNode-bootstrap-2#0-t1,notify:(t:1, i:0)
2024-07-18 11:33:55,631 [grpc-default-executor-5] INFO  server.GrpcServerProtocolService (GrpcServerProtocolService.java:lambda$onCompleted$5(159)) - omNode-bootstrap-2: Completed INSTALL_SNAPSHOT, lastReply: null
2024-07-18 11:33:55,642 [grpc-default-executor-0] INFO  impl.SnapshotInstallationHandler (SnapshotInstallationHandler.java:installSnapshot(92)) - omNode-bootstrap-2@group-0AAC5367B30E: receive installSnapshot: omNode-1->omNode-bootstrap-2#0-t1,notify:(t:1, i:0)
2024-07-18 11:33:55,644 [grpc-default-executor-0] INFO  impl.SnapshotInstallationHandler (SnapshotInstallationHandler.java:installSnapshotImpl(138)) - omNode-bootstrap-2@group-0AAC5367B30E: set new configuration configurationEntry {
  peers {
    id: "omNode-3"
    address: "localhost:15023"
    startupRole: FOLLOWER
  }
  peers {
    id: "omNode-1"
    address: "localhost:15015"
    startupRole: FOLLOWER
  }
  peers {
    id: "omNode-2"
    address: "localhost:15019"
    startupRole: FOLLOWER
  }
}
 from snapshot
2024-07-18 11:33:55,644 [grpc-default-executor-0] INFO  server.RaftServer$Division (ServerState.java:setRaftConf(386)) - omNode-bootstrap-2@group-0AAC5367B30E: set configuration conf: {index: 0, cur=peers:[omNode-3|localhost:15023, omNode-1|localhost:15015, omNode-2|localhost:15019]|listeners:[], old=null}
2024-07-18 11:33:55,646 [grpc-default-executor-0] INFO  ratis.OzoneManagerStateMachine (OzoneManagerStateMachine.java:notifyConfigurationChanged(216)) - Received Configuration change notification from Ratis. New Peer list:
[id: "omNode-3"
address: "localhost:15023"
startupRole: FOLLOWER
, id: "omNode-1"
address: "localhost:15015"
startupRole: FOLLOWER
, id: "omNode-2"
address: "localhost:15019"
startupRole: FOLLOWER
]
2024-07-18 11:33:55,646 [grpc-default-executor-0] INFO  impl.SnapshotInstallationHandler (SnapshotInstallationHandler.java:installSnapshot(103)) - omNode-bootstrap-2@group-0AAC5367B30E: reply installSnapshot: omNode-1<-omNode-bootstrap-2#0:FAIL-t1,IN_PROGRESS,snapshotIndex=0
2024-07-18 11:33:55,646 [grpc-default-executor-0] INFO  server.GrpcServerProtocolService (GrpcServerProtocolService.java:onCompleted(157)) - omNode-bootstrap-2: Completed INSTALL_SNAPSHOT, lastRequest: omNode-1->omNode-bootstrap-2#0-t1,notify:(t:1, i:0)
2024-07-18 11:33:55,646 [grpc-default-executor-0] INFO  server.GrpcServerProtocolService (GrpcServerProtocolService.java:lambda$onCompleted$5(159)) - omNode-bootstrap-2: Completed INSTALL_SNAPSHOT, lastReply: null
2024-07-18 11:33:55,647 [omNode-bootstrap-2-server-thread1] INFO  server.RaftServer$Division (RaftServerImpl.java:checkInconsistentAppendEntries(1629)) - omNode-bootstrap-2@group-0AAC5367B30E: Failed appendEntries as snapshot (0) installation is in progress
2024-07-18 11:33:55,648 [omNode-bootstrap-2-server-thread1] INFO  server.RaftServer$Division (RaftServerImpl.java:appendEntriesAsync(1584)) - omNode-bootstrap-2@group-0AAC5367B30E: appendEntries* reply omNode-1<-omNode-bootstrap-2#0:FAIL-t1,INCONSISTENCY,nextIndex=0,followerCommit=-1,matchIndex=-1
2024-07-18 11:33:55,651 [grpc-default-executor-1] INFO  impl.SnapshotInstallationHandler (SnapshotInstallationHandler.java:installSnapshot(92)) - omNode-bootstrap-2@group-0AAC5367B30E: receive installSnapshot: omNode-1->omNode-bootstrap-2#0-t1,notify:(t:1, i:0)
2024-07-18 11:33:55,651 [grpc-default-executor-1] INFO  impl.SnapshotInstallationHandler (SnapshotInstallationHandler.java:installSnapshotImpl(138)) - omNode-bootstrap-2@group-0AAC5367B30E: set new configuration configurationEntry {
  peers {
    id: "omNode-3"
    address: "localhost:15023"
    startupRole: FOLLOWER
  }
  peers {
    id: "omNode-1"
    address: "localhost:15015"
    startupRole: FOLLOWER
  }
  peers {
    id: "omNode-2"
    address: "localhost:15019"
    startupRole: FOLLOWER
  }
}
 from snapshot
2024-07-18 11:33:55,651 [grpc-default-executor-1] INFO  server.RaftServer$Division (ServerState.java:setRaftConf(386)) - omNode-bootstrap-2@group-0AAC5367B30E: set configuration conf: {index: 0, cur=peers:[omNode-3|localhost:15023, omNode-1|localhost:15015, omNode-2|localhost:15019]|listeners:[], old=null}
2024-07-18 11:33:55,653 [omNode-bootstrap-2-server-thread1] INFO  server.RaftServer$Division (RaftServerImpl.java:checkInconsistentAppendEntries(1629)) - omNode-bootstrap-2@group-0AAC5367B30E: Failed appendEntries as snapshot (0) installation is in progress
2024-07-18 11:33:55,653 [omNode-bootstrap-2-server-thread1] INFO  server.RaftServer$Division (RaftServerImpl.java:appendEntriesAsync(1584)) - omNode-bootstrap-2@group-0AAC5367B30E: appendEntries* reply omNode-1<-omNode-bootstrap-2#1:FAIL-t1,INCONSISTENCY,nextIndex=0,followerCommit=-1,matchIndex=-1
2024-07-18 11:33:55,654 [grpc-default-executor-1] INFO  ratis.OzoneManagerStateMachine (OzoneManagerStateMachine.java:notifyConfigurationChanged(216)) - Received Configuration change notification from Ratis. New Peer list:
[id: "omNode-3"
address: "localhost:15023"
startupRole: FOLLOWER
, id: "omNode-1"
address: "localhost:15015"
startupRole: FOLLOWER
, id: "omNode-2"
address: "localhost:15019"
startupRole: FOLLOWER
]
2024-07-18 11:33:55,654 [grpc-default-executor-1] INFO  impl.SnapshotInstallationHandler (SnapshotInstallationHandler.java:installSnapshot(103)) - omNode-bootstrap-2@group-0AAC5367B30E: reply installSnapshot: omNode-1<-omNode-bootstrap-2#0:FAIL-t1,IN_PROGRESS,snapshotIndex=0
2024-07-18 11:33:55,654 [grpc-default-executor-1] INFO  server.GrpcServerProtocolService (GrpcServerProtocolService.java:onCompleted(157)) - omNode-bootstrap-2: Completed INSTALL_SNAPSHOT, lastRequest: omNode-1->omNode-bootstrap-2#0-t1,notify:(t:1, i:0)
2024-07-18 11:33:55,654 [grpc-default-executor-1] INFO  server.GrpcServerProtocolService (GrpcServerProtocolService.java:lambda$onCompleted$5(159)) - omNode-bootstrap-2: Completed INSTALL_SNAPSHOT, lastReply: null
2024-07-18 11:33:55,656 [grpc-default-executor-3] INFO  impl.SnapshotInstallationHandler (SnapshotInstallationHandler.java:installSnapshot(92)) - omNode-bootstrap-2@group-0AAC5367B30E: receive installSnapshot: omNode-1->omNode-bootstrap-2#0-t1,notify:(t:1, i:0)
2024-07-18 11:33:55,657 [grpc-default-executor-3] INFO  impl.SnapshotInstallationHandler (SnapshotInstallationHandler.java:installSnapshotImpl(138)) - omNode-bootstrap-2@group-0AAC5367B30E: set new configuration configurationEntry {
  peers {
    id: "omNode-3"
    address: "localhost:15023"
    startupRole: FOLLOWER
  }
  peers {
    id: "omNode-1"
    address: "localhost:15015"
    startupRole: FOLLOWER
  }
  peers {
    id: "omNode-2"
    address: "localhost:15019"
    startupRole: FOLLOWER
  }
}
 from snapshot
2024-07-18 11:33:55,657 [grpc-default-executor-3] INFO  server.RaftServer$Division (ServerState.java:setRaftConf(386)) - omNode-bootstrap-2@group-0AAC5367B30E: set configuration conf: {index: 0, cur=peers:[omNode-3|localhost:15023, omNode-1|localhost:15015, omNode-2|localhost:15019]|listeners:[], old=null}
2024-07-18 11:33:55,658 [omNode-bootstrap-2-server-thread1] INFO  server.RaftServer$Division (RaftServerImpl.java:checkInconsistentAppendEntries(1629)) - omNode-bootstrap-2@group-0AAC5367B30E: Failed appendEntries as snapshot (0) installation is in progress
2024-07-18 11:33:55,658 [omNode-bootstrap-2-server-thread1] INFO  server.RaftServer$Division (RaftServerImpl.java:appendEntriesAsync(1584)) - omNode-bootstrap-2@group-0AAC5367B30E: appendEntries* reply omNode-1<-omNode-bootstrap-2#2:FAIL-t1,INCONSISTENCY,nextIndex=0,followerCommit=-1,matchIndex=-1
2024-07-18 11:33:55,658 [grpc-default-executor-3] INFO  ratis.OzoneManagerStateMachine (OzoneManagerStateMachine.java:notifyConfigurationChanged(216)) - Received Configuration change notification from Ratis. New Peer list:
[id: "omNode-3"
address: "localhost:15023"
startupRole: FOLLOWER
, id: "omNode-1"
address: "localhost:15015"
startupRole: FOLLOWER
, id: "omNode-2"
address: "localhost:15019"
startupRole: FOLLOWER
]
2024-07-18 11:33:55,658 [grpc-default-executor-3] INFO  impl.SnapshotInstallationHandler (SnapshotInstallationHandler.java:installSnapshot(103)) - omNode-bootstrap-2@group-0AAC5367B30E: reply installSnapshot: omNode-1<-omNode-bootstrap-2#0:FAIL-t1,IN_PROGRESS,snapshotIndex=0
2024-07-18 11:33:55,659 [grpc-default-executor-3] INFO  server.GrpcServerProtocolService (GrpcServerProtocolService.java:onCompleted(157)) - omNode-bootstrap-2: Completed INSTALL_SNAPSHOT, lastRequest: omNode-1->omNode-bootstrap-2#0-t1,notify:(t:1, i:0)
2024-07-18 11:33:55,659 [grpc-default-executor-3] INFO  server.GrpcServerProtocolService (GrpcServerProtocolService.java:lambda$onCompleted$5(159)) - omNode-bootstrap-2: Completed INSTALL_SNAPSHOT, lastReply: null
2024-07-18 11:33:55,661 [grpc-default-executor-3] INFO  impl.SnapshotInstallationHandler (SnapshotInstallationHandler.java:installSnapshot(92)) - omNode-bootstrap-2@group-0AAC5367B30E: receive installSnapshot: omNode-1->omNode-bootstrap-2#0-t1,notify:(t:1, i:0)
2024-07-18 11:33:55,661 [grpc-default-executor-3] INFO  impl.SnapshotInstallationHandler (SnapshotInstallationHandler.java:installSnapshotImpl(138)) - omNode-bootstrap-2@group-0AAC5367B30E: set new configuration configurationEntry {
  peers {
    id: "omNode-3"
    address: "localhost:15023"
    startupRole: FOLLOWER
  }
  peers {
    id: "omNode-1"
    address: "localhost:15015"
    startupRole: FOLLOWER
  }
  peers {
    id: "omNode-2"
    address: "localhost:15019"
    startupRole: FOLLOWER
  }
}
 from snapshot
2024-07-18 11:33:55,661 [grpc-default-executor-3] INFO  server.RaftServer$Division (ServerState.java:setRaftConf(386)) - omNode-bootstrap-2@group-0AAC5367B30E: set configuration conf: {index: 0, cur=peers:[omNode-3|localhost:15023, omNode-1|localhost:15015, omNode-2|localhost:15019]|listeners:[], old=null}
2024-07-18 11:33:55,663 [omNode-bootstrap-2-server-thread1] INFO  server.RaftServer$Division (RaftServerImpl.java:checkInconsistentAppendEntries(1629)) - omNode-bootstrap-2@group-0AAC5367B30E: Failed appendEntries as snapshot (0) installation is in progress
2024-07-18 11:33:55,663 [omNode-bootstrap-2-server-thread1] INFO  server.RaftServer$Division (RaftServerImpl.java:appendEntriesAsync(1584)) - omNode-bootstrap-2@group-0AAC5367B30E: appendEntries* reply omNode-1<-omNode-bootstrap-2#3:FAIL-t1,INCONSISTENCY,nextIndex=0,followerCommit=-1,matchIndex=-1
2024-07-18 11:33:55,663 [grpc-default-executor-3] INFO  ratis.OzoneManagerStateMachine (OzoneManagerStateMachine.java:notifyConfigurationChanged(216)) - Received Configuration change notification from Ratis. New Peer list:
[id: "omNode-3"
address: "localhost:15023"
startupRole: FOLLOWER
, id: "omNode-1"
address: "localhost:15015"
startupRole: FOLLOWER
, id: "omNode-2"
address: "localhost:15019"
startupRole: FOLLOWER
]
2024-07-18 11:33:55,664 [grpc-default-executor-3] INFO  impl.SnapshotInstallationHandler (SnapshotInstallationHandler.java:installSnapshot(103)) - omNode-bootstrap-2@group-0AAC5367B30E: reply installSnapshot: omNode-1<-omNode-bootstrap-2#0:FAIL-t1,IN_PROGRESS,snapshotIndex=0
2024-07-18 11:33:55,664 [grpc-default-executor-3] INFO  server.GrpcServerProtocolService (GrpcServerProtocolService.java:onCompleted(157)) - omNode-bootstrap-2: Completed INSTALL_SNAPSHOT, lastRequest: omNode-1->omNode-bootstrap-2#0-t1,notify:(t:1, i:0)
2024-07-18 11:33:55,665 [grpc-default-executor-3] INFO  server.GrpcServerProtocolService (GrpcServerProtocolService.java:lambda$onCompleted$5(159)) - omNode-bootstrap-2: Completed INSTALL_SNAPSHOT, lastReply: null
2024-07-18 11:33:55,667 [omNode-bootstrap-2-server-thread1] INFO  server.RaftServer$Division (RaftServerImpl.java:checkInconsistentAppendEntries(1629)) - omNode-bootstrap-2@group-0AAC5367B30E: Failed appendEntries as snapshot (0) installation is in progress
2024-07-18 11:33:55,667 [omNode-bootstrap-2-server-thread1] INFO  server.RaftServer$Division (RaftServerImpl.java:appendEntriesAsync(1584)) - omNode-bootstrap-2@group-0AAC5367B30E: appendEntries* reply omNode-1<-omNode-bootstrap-2#4:FAIL-t1,INCONSISTENCY,nextIndex=0,followerCommit=-1,matchIndex=-1
2024-07-18 11:33:55,668 [grpc-default-executor-3] INFO  impl.SnapshotInstallationHandler (SnapshotInstallationHandler.java:installSnapshot(92)) - omNode-bootstrap-2@group-0AAC5367B30E: receive installSnapshot: omNode-1->omNode-bootstrap-2#0-t1,notify:(t:1, i:0)
2024-07-18 11:33:55,668 [grpc-default-executor-3] INFO  impl.SnapshotInstallationHandler (SnapshotInstallationHandler.java:installSnapshotImpl(138)) - omNode-bootstrap-2@group-0AAC5367B30E: set new configuration configurationEntry {
  peers {
    id: "omNode-3"
    address: "localhost:15023"
    startupRole: FOLLOWER
  }
  peers {
    id: "omNode-1"
    address: "localhost:15015"
    startupRole: FOLLOWER
  }
  peers {
    id: "omNode-2"
    address: "localhost:15019"
    startupRole: FOLLOWER
  }
}
 from snapshot
2024-07-18 11:33:55,669 [grpc-default-executor-3] INFO  server.RaftServer$Division (ServerState.java:setRaftConf(386)) - omNode-bootstrap-2@group-0AAC5367B30E: set configuration conf: {index: 0, cur=peers:[omNode-3|localhost:15023, omNode-1|localhost:15015, omNode-2|localhost:15019]|listeners:[], old=null}
2024-07-18 11:33:55,671 [grpc-default-executor-3] INFO  ratis.OzoneManagerStateMachine (OzoneManagerStateMachine.java:notifyConfigurationChanged(216)) - Received Configuration change notification from Ratis. New Peer list:
[id: "omNode-3"
address: "localhost:15023"
startupRole: FOLLOWER
, id: "omNode-1"
address: "localhost:15015"
startupRole: FOLLOWER
, id: "omNode-2"
address: "localhost:15019"
startupRole: FOLLOWER
]
2024-07-18 11:33:55,671 [grpc-default-executor-3] INFO  impl.SnapshotInstallationHandler (SnapshotInstallationHandler.java:installSnapshot(103)) - omNode-bootstrap-2@group-0AAC5367B30E: reply installSnapshot: omNode-1<-omNode-bootstrap-2#0:FAIL-t1,IN_PROGRESS,snapshotIndex=0
2024-07-18 11:33:55,672 [grpc-default-executor-3] INFO  server.GrpcServerProtocolService (GrpcServerProtocolService.java:onCompleted(157)) - omNode-bootstrap-2: Completed INSTALL_SNAPSHOT, lastRequest: omNode-1->omNode-bootstrap-2#0-t1,notify:(t:1, i:0)
2024-07-18 11:33:55,673 [grpc-default-executor-3] INFO  server.GrpcServerProtocolService (GrpcServerProtocolService.java:lambda$onCompleted$5(159)) - omNode-bootstrap-2: Completed INSTALL_SNAPSHOT, lastReply: null
2024-07-18 11:33:55,675 [grpc-default-executor-3] INFO  impl.SnapshotInstallationHandler (SnapshotInstallationHandler.java:installSnapshot(92)) - omNode-bootstrap-2@group-0AAC5367B30E: receive installSnapshot: omNode-1->omNode-bootstrap-2#0-t1,notify:(t:1, i:0)
2024-07-18 11:33:55,675 [grpc-default-executor-3] INFO  impl.SnapshotInstallationHandler (SnapshotInstallationHandler.java:installSnapshotImpl(138)) - omNode-bootstrap-2@group-0AAC5367B30E: set new configuration configurationEntry {
  peers {
    id: "omNode-3"
    address: "localhost:15023"
    startupRole: FOLLOWER
  }
  peers {
    id: "omNode-1"
    address: "localhost:15015"
    startupRole: FOLLOWER
  }
  peers {
    id: "omNode-2"
    address: "localhost:15019"
    startupRole: FOLLOWER
  }
}
 from snapshot
2024-07-18 11:33:55,676 [grpc-default-executor-3] INFO  server.RaftServer$Division (ServerState.java:setRaftConf(386)) - omNode-bootstrap-2@group-0AAC5367B30E: set configuration conf: {index: 0, cur=peers:[omNode-3|localhost:15023, omNode-1|localhost:15015, omNode-2|localhost:15019]|listeners:[], old=null}
2024-07-18 11:33:55,677 [omNode-bootstrap-2-server-thread1] INFO  server.RaftServer$Division (RaftServerImpl.java:checkInconsistentAppendEntries(1629)) - omNode-bootstrap-2@group-0AAC5367B30E: Failed appendEntries as snapshot (0) installation is in progress
2024-07-18 11:33:55,677 [omNode-bootstrap-2-server-thread1] INFO  server.RaftServer$Division (RaftServerImpl.java:appendEntriesAsync(1584)) - omNode-bootstrap-2@group-0AAC5367B30E: appendEntries* reply omNode-1<-omNode-bootstrap-2#5:FAIL-t1,INCONSISTENCY,nextIndex=0,followerCommit=-1,matchIndex=-1
2024-07-18 11:33:55,678 [grpc-default-executor-3] INFO  ratis.OzoneManagerStateMachine (OzoneManagerStateMachine.java:notifyConfigurationChanged(216)) - Received Configuration change notification from Ratis. New Peer list:
[id: "omNode-3"
address: "localhost:15023"
startupRole: FOLLOWER
, id: "omNode-1"
address: "localhost:15015"
startupRole: FOLLOWER
, id: "omNode-2"
address: "localhost:15019"
startupRole: FOLLOWER
]
2024-07-18 11:33:55,678 [grpc-default-executor-3] INFO  impl.SnapshotInstallationHandler (SnapshotInstallationHandler.java:installSnapshot(103)) - omNode-bootstrap-2@group-0AAC5367B30E: reply installSnapshot: omNode-1<-omNode-bootstrap-2#0:FAIL-t1,IN_PROGRESS,snapshotIndex=0
2024-07-18 11:33:55,679 [grpc-default-executor-3] INFO  server.GrpcServerProtocolService (GrpcServerProtocolService.java:onCompleted(157)) - omNode-bootstrap-2: Completed INSTALL_SNAPSHOT, lastRequest: omNode-1->omNode-bootstrap-2#0-t1,notify:(t:1, i:0)
2024-07-18 11:33:55,679 [grpc-default-executor-3] INFO  server.GrpcServerProtocolService (GrpcServerProtocolService.java:lambda$onCompleted$5(159)) - omNode-bootstrap-2: Completed INSTALL_SNAPSHOT, lastReply: null
2024-07-18 11:33:55,681 [grpc-default-executor-1] INFO  impl.SnapshotInstallationHandler (SnapshotInstallationHandler.java:installSnapshot(92)) - omNode-bootstrap-2@group-0AAC5367B30E: receive installSnapshot: omNode-1->omNode-bootstrap-2#0-t1,notify:(t:1, i:0)
2024-07-18 11:33:55,681 [grpc-default-executor-1] INFO  impl.SnapshotInstallationHandler (SnapshotInstallationHandler.java:installSnapshotImpl(138)) - omNode-bootstrap-2@group-0AAC5367B30E: set new configuration configurationEntry {
  peers {
    id: "omNode-3"
    address: "localhost:15023"
    startupRole: FOLLOWER
  }
  peers {
    id: "omNode-1"
    address: "localhost:15015"
    startupRole: FOLLOWER
  }
  peers {
    id: "omNode-2"
    address: "localhost:15019"
    startupRole: FOLLOWER
  }
}
 from snapshot
2024-07-18 11:33:55,681 [grpc-default-executor-1] INFO  server.RaftServer$Division (ServerState.java:setRaftConf(386)) - omNode-bootstrap-2@group-0AAC5367B30E: set configuration conf: {index: 0, cur=peers:[omNode-3|localhost:15023, omNode-1|localhost:15015, omNode-2|localhost:15019]|listeners:[], old=null}
2024-07-18 11:33:55,681 [omNode-bootstrap-2-server-thread1] INFO  server.RaftServer$Division (RaftServerImpl.java:checkInconsistentAppendEntries(1629)) - omNode-bootstrap-2@group-0AAC5367B30E: Failed appendEntries as snapshot (0) installation is in progress
2024-07-18 11:33:55,682 [omNode-bootstrap-2-server-thread1] INFO  server.RaftServer$Division (RaftServerImpl.java:appendEntriesAsync(1584)) - omNode-bootstrap-2@group-0AAC5367B30E: appendEntries* reply omNode-1<-omNode-bootstrap-2#6:FAIL-t1,INCONSISTENCY,nextIndex=0,followerCommit=-1,matchIndex=-1
2024-07-18 11:33:55,683 [grpc-default-executor-1] INFO  ratis.OzoneManagerStateMachine (OzoneManagerStateMachine.java:notifyConfigurationChanged(216)) - Received Configuration change notification from Ratis. New Peer list:
[id: "omNode-3"
address: "localhost:15023"
startupRole: FOLLOWER
, id: "omNode-1"
address: "localhost:15015"
startupRole: FOLLOWER
, id: "omNode-2"
address: "localhost:15019"
startupRole: FOLLOWER
]
2024-07-18 11:33:55,683 [grpc-default-executor-1] INFO  impl.SnapshotInstallationHandler (SnapshotInstallationHandler.java:installSnapshot(103)) - omNode-bootstrap-2@group-0AAC5367B30E: reply installSnapshot: omNode-1<-omNode-bootstrap-2#0:FAIL-t1,IN_PROGRESS,snapshotIndex=0
2024-07-18 11:33:55,684 [grpc-default-executor-1] INFO  server.GrpcServerProtocolService (GrpcServerProtocolService.java:onCompleted(157)) - omNode-bootstrap-2: Completed INSTALL_SNAPSHOT, lastRequest: omNode-1->omNode-bootstrap-2#0-t1,notify:(t:1, i:0)
2024-07-18 11:33:55,684 [grpc-default-executor-1] INFO  server.GrpcServerProtocolService (GrpcServerProtocolService.java:lambda$onCompleted$5(159)) - omNode-bootstrap-2: Completed INSTALL_SNAPSHOT, lastReply: null
2024-07-18 11:33:55,693 [omNode-bootstrap-2-server-thread1] INFO  server.RaftServer$Division (RaftServerImpl.java:checkInconsistentAppendEntries(1629)) - omNode-bootstrap-2@group-0AAC5367B30E: Failed appendEntries as snapshot (0) installation is in progress
2024-07-18 11:33:55,693 [omNode-bootstrap-2-server-thread1] INFO  server.RaftServer$Division (RaftServerImpl.java:appendEntriesAsync(1584)) - omNode-bootstrap-2@group-0AAC5367B30E: appendEntries* reply omNode-1<-omNode-bootstrap-2#7:FAIL-t1,INCONSISTENCY,nextIndex=0,followerCommit=-1,matchIndex=-1
2024-07-18 11:33:55,694 [grpc-default-executor-1] INFO  impl.SnapshotInstallationHandler (SnapshotInstallationHandler.java:installSnapshot(92)) - omNode-bootstrap-2@group-0AAC5367B30E: receive installSnapshot: omNode-1->omNode-bootstrap-2#0-t1,notify:(t:1, i:0)
2024-07-18 11:33:55,695 [grpc-default-executor-1] INFO  impl.SnapshotInstallationHandler (SnapshotInstallationHandler.java:installSnapshotImpl(138)) - omNode-bootstrap-2@group-0AAC5367B30E: set new configuration configurationEntry {
  peers {
    id: "omNode-3"
    address: "localhost:15023"
    startupRole: FOLLOWER
  }
  peers {
    id: "omNode-1"
    address: "localhost:15015"
    startupRole: FOLLOWER
  }
  peers {
    id: "omNode-2"
    address: "localhost:15019"
    startupRole: FOLLOWER
  }
}
 from snapshot
2024-07-18 11:33:55,695 [grpc-default-executor-1] INFO  server.RaftServer$Division (ServerState.java:setRaftConf(386)) - omNode-bootstrap-2@group-0AAC5367B30E: set configuration conf: {index: 0, cur=peers:[omNode-3|localhost:15023, omNode-1|localhost:15015, omNode-2|localhost:15019]|listeners:[], old=null}
2024-07-18 11:33:55,695 [qtp1041410699-437] INFO  utils.DBCheckpointServlet (DBCheckpointServlet.java:doPost(314)) - Received POST request to obtain DB checkpoint snapshot
2024-07-18 11:33:55,696 [grpc-default-executor-1] INFO  ratis.OzoneManagerStateMachine (OzoneManagerStateMachine.java:notifyConfigurationChanged(216)) - Received Configuration change notification from Ratis. New Peer list:
[id: "omNode-3"
address: "localhost:15023"
startupRole: FOLLOWER
, id: "omNode-1"
address: "localhost:15015"
startupRole: FOLLOWER
, id: "omNode-2"
address: "localhost:15019"
startupRole: FOLLOWER
]
2024-07-18 11:33:55,696 [grpc-default-executor-1] INFO  impl.SnapshotInstallationHandler (SnapshotInstallationHandler.java:installSnapshot(103)) - omNode-bootstrap-2@group-0AAC5367B30E: reply installSnapshot: omNode-1<-omNode-bootstrap-2#0:FAIL-t1,IN_PROGRESS,snapshotIndex=0
2024-07-18 11:33:55,696 [grpc-default-executor-1] INFO  server.GrpcServerProtocolService (GrpcServerProtocolService.java:onCompleted(157)) - omNode-bootstrap-2: Completed INSTALL_SNAPSHOT, lastRequest: omNode-1->omNode-bootstrap-2#0-t1,notify:(t:1, i:0)
2024-07-18 11:33:55,696 [grpc-default-executor-1] INFO  server.GrpcServerProtocolService (GrpcServerProtocolService.java:lambda$onCompleted$5(159)) - omNode-bootstrap-2: Completed INSTALL_SNAPSHOT, lastReply: null
2024-07-18 11:33:55,700 [omNode-bootstrap-2-server-thread1] INFO  server.RaftServer$Division (RaftServerImpl.java:checkInconsistentAppendEntries(1629)) - omNode-bootstrap-2@group-0AAC5367B30E: Failed appendEntries as snapshot (0) installation is in progress
2024-07-18 11:33:55,700 [omNode-bootstrap-2-server-thread1] INFO  server.RaftServer$Division (RaftServerImpl.java:appendEntriesAsync(1584)) - omNode-bootstrap-2@group-0AAC5367B30E: appendEntries* reply omNode-1<-omNode-bootstrap-2#8:FAIL-t1,INCONSISTENCY,nextIndex=0,followerCommit=-1,matchIndex=-1
2024-07-18 11:33:55,700 [grpc-default-executor-3] INFO  impl.SnapshotInstallationHandler (SnapshotInstallationHandler.java:installSnapshot(92)) - omNode-bootstrap-2@group-0AAC5367B30E: receive installSnapshot: omNode-1->omNode-bootstrap-2#0-t1,notify:(t:1, i:0)
2024-07-18 11:33:55,701 [grpc-default-executor-3] INFO  impl.SnapshotInstallationHandler (SnapshotInstallationHandler.java:installSnapshotImpl(138)) - omNode-bootstrap-2@group-0AAC5367B30E: set new configuration configurationEntry {
  peers {
    id: "omNode-3"
    address: "localhost:15023"
    startupRole: FOLLOWER
  }
  peers {
    id: "omNode-1"
    address: "localhost:15015"
    startupRole: FOLLOWER
  }
  peers {
    id: "omNode-2"
    address: "localhost:15019"
    startupRole: FOLLOWER
  }
}
 from snapshot
2024-07-18 11:33:55,701 [grpc-default-executor-3] INFO  server.RaftServer$Division (ServerState.java:setRaftConf(386)) - omNode-bootstrap-2@group-0AAC5367B30E: set configuration conf: {index: 0, cur=peers:[omNode-3|localhost:15023, omNode-1|localhost:15015, omNode-2|localhost:15019]|listeners:[], old=null}
2024-07-18 11:33:55,703 [grpc-default-executor-3] INFO  ratis.OzoneManagerStateMachine (OzoneManagerStateMachine.java:notifyConfigurationChanged(216)) - Received Configuration change notification from Ratis. New Peer list:
[id: "omNode-3"
address: "localhost:15023"
startupRole: FOLLOWER
, id: "omNode-1"
address: "localhost:15015"
startupRole: FOLLOWER
, id: "omNode-2"
address: "localhost:15019"
startupRole: FOLLOWER
]
2024-07-18 11:33:55,703 [grpc-default-executor-3] INFO  impl.SnapshotInstallationHandler (SnapshotInstallationHandler.java:installSnapshot(103)) - omNode-bootstrap-2@group-0AAC5367B30E: reply installSnapshot: omNode-1<-omNode-bootstrap-2#0:FAIL-t1,IN_PROGRESS,snapshotIndex=0
2024-07-18 11:33:55,704 [grpc-default-executor-3] INFO  server.GrpcServerProtocolService (GrpcServerProtocolService.java:onCompleted(157)) - omNode-bootstrap-2: Completed INSTALL_SNAPSHOT, lastRequest: omNode-1->omNode-bootstrap-2#0-t1,notify:(t:1, i:0)
2024-07-18 11:33:55,704 [grpc-default-executor-3] INFO  server.GrpcServerProtocolService (GrpcServerProtocolService.java:lambda$onCompleted$5(159)) - omNode-bootstrap-2: Completed INSTALL_SNAPSHOT, lastReply: null
2024-07-18 11:33:55,706 [grpc-default-executor-3] INFO  impl.SnapshotInstallationHandler (SnapshotInstallationHandler.java:installSnapshot(92)) - omNode-bootstrap-2@group-0AAC5367B30E: receive installSnapshot: omNode-1->omNode-bootstrap-2#0-t1,notify:(t:1, i:0)
2024-07-18 11:33:55,706 [omNode-bootstrap-2-server-thread1] INFO  server.RaftServer$Division (RaftServerImpl.java:checkInconsistentAppendEntries(1629)) - omNode-bootstrap-2@group-0AAC5367B30E: Failed appendEntries as snapshot (0) installation is in progress
2024-07-18 11:33:55,706 [omNode-bootstrap-2-server-thread1] INFO  server.RaftServer$Division (RaftServerImpl.java:appendEntriesAsync(1584)) - omNode-bootstrap-2@group-0AAC5367B30E: appendEntries* reply omNode-1<-omNode-bootstrap-2#9:FAIL-t1,INCONSISTENCY,nextIndex=0,followerCommit=-1,matchIndex=-1
2024-07-18 11:33:55,706 [grpc-default-executor-3] INFO  impl.SnapshotInstallationHandler (SnapshotInstallationHandler.java:installSnapshotImpl(138)) - omNode-bootstrap-2@group-0AAC5367B30E: set new configuration configurationEntry {
  peers {
    id: "omNode-3"
    address: "localhost:15023"
    startupRole: FOLLOWER
  }
  peers {
    id: "omNode-1"
    address: "localhost:15015"
    startupRole: FOLLOWER
  }
  peers {
    id: "omNode-2"
    address: "localhost:15019"
    startupRole: FOLLOWER
  }
}
 from snapshot
2024-07-18 11:33:55,706 [grpc-default-executor-3] INFO  server.RaftServer$Division (ServerState.java:setRaftConf(386)) - omNode-bootstrap-2@group-0AAC5367B30E: set configuration conf: {index: 0, cur=peers:[omNode-3|localhost:15023, omNode-1|localhost:15015, omNode-2|localhost:15019]|listeners:[], old=null}
2024-07-18 11:33:55,708 [grpc-default-executor-3] INFO  ratis.OzoneManagerStateMachine (OzoneManagerStateMachine.java:notifyConfigurationChanged(216)) - Received Configuration change notification from Ratis. New Peer list:
[id: "omNode-3"
address: "localhost:15023"
startupRole: FOLLOWER
, id: "omNode-1"
address: "localhost:15015"
startupRole: FOLLOWER
, id: "omNode-2"
address: "localhost:15019"
startupRole: FOLLOWER
]
2024-07-18 11:33:55,709 [grpc-default-executor-3] INFO  impl.SnapshotInstallationHandler (SnapshotInstallationHandler.java:installSnapshot(103)) - omNode-bootstrap-2@group-0AAC5367B30E: reply installSnapshot: omNode-1<-omNode-bootstrap-2#0:FAIL-t1,IN_PROGRESS,snapshotIndex=0
2024-07-18 11:33:55,709 [qtp1041410699-437] WARN  utils.DBCheckpointServlet (DBCheckpointServlet.java:parseFormDataParameters(287)) - Exception occured during form data parsing Stream ended unexpectedly
2024-07-18 11:33:55,709 [grpc-default-executor-3] INFO  server.GrpcServerProtocolService (GrpcServerProtocolService.java:onCompleted(157)) - omNode-bootstrap-2: Completed INSTALL_SNAPSHOT, lastRequest: omNode-1->omNode-bootstrap-2#0-t1,notify:(t:1, i:0)
2024-07-18 11:33:55,709 [grpc-default-executor-3] INFO  server.GrpcServerProtocolService (GrpcServerProtocolService.java:lambda$onCompleted$5(159)) - omNode-bootstrap-2: Completed INSTALL_SNAPSHOT, lastReply: null
2024-07-18 11:33:55,711 [omNode-bootstrap-2-server-thread1] INFO  server.RaftServer$Division (RaftServerImpl.java:checkInconsistentAppendEntries(1629)) - omNode-bootstrap-2@group-0AAC5367B30E: Failed appendEntries as snapshot (0) installation is in progress
2024-07-18 11:33:55,711 [omNode-bootstrap-2-server-thread1] INFO  server.RaftServer$Division (RaftServerImpl.java:appendEntriesAsync(1584)) - omNode-bootstrap-2@group-0AAC5367B30E: appendEntries* reply omNode-1<-omNode-bootstrap-2#10:FAIL-t1,INCONSISTENCY,nextIndex=0,followerCommit=-1,matchIndex=-1
2024-07-18 11:33:55,711 [grpc-default-executor-1] INFO  impl.SnapshotInstallationHandler (SnapshotInstallationHandler.java:installSnapshot(92)) - omNode-bootstrap-2@group-0AAC5367B30E: receive installSnapshot: omNode-1->omNode-bootstrap-2#0-t1,notify:(t:1, i:0)
2024-07-18 11:33:55,711 [grpc-default-executor-1] INFO  impl.SnapshotInstallationHandler (SnapshotInstallationHandler.java:installSnapshotImpl(138)) - omNode-bootstrap-2@group-0AAC5367B30E: set new configuration configurationEntry {
  peers {
    id: "omNode-3"
    address: "localhost:15023"
    startupRole: FOLLOWER
  }
  peers {
    id: "omNode-1"
    address: "localhost:15015"
    startupRole: FOLLOWER
  }
  peers {
    id: "omNode-2"
    address: "localhost:15019"
    startupRole: FOLLOWER
  }
}
 from snapshot
2024-07-18 11:33:55,711 [grpc-default-executor-1] INFO  server.RaftServer$Division (ServerState.java:setRaftConf(386)) - omNode-bootstrap-2@group-0AAC5367B30E: set configuration conf: {index: 0, cur=peers:[omNode-3|localhost:15023, omNode-1|localhost:15015, omNode-2|localhost:15019]|listeners:[], old=null}
2024-07-18 11:33:55,713 [grpc-default-executor-1] INFO  ratis.OzoneManagerStateMachine (OzoneManagerStateMachine.java:notifyConfigurationChanged(216)) - Received Configuration change notification from Ratis. New Peer list:
[id: "omNode-3"
address: "localhost:15023"
startupRole: FOLLOWER
, id: "omNode-1"
address: "localhost:15015"
startupRole: FOLLOWER
, id: "omNode-2"
address: "localhost:15019"
startupRole: FOLLOWER
]
2024-07-18 11:33:55,713 [grpc-default-executor-1] INFO  impl.SnapshotInstallationHandler (SnapshotInstallationHandler.java:installSnapshot(103)) - omNode-bootstrap-2@group-0AAC5367B30E: reply installSnapshot: omNode-1<-omNode-bootstrap-2#0:FAIL-t1,IN_PROGRESS,snapshotIndex=0
2024-07-18 11:33:55,713 [grpc-default-executor-1] INFO  server.GrpcServerProtocolService (GrpcServerProtocolService.java:onCompleted(157)) - omNode-bootstrap-2: Completed INSTALL_SNAPSHOT, lastRequest: omNode-1->omNode-bootstrap-2#0-t1,notify:(t:1, i:0)
2024-07-18 11:33:55,713 [grpc-default-executor-1] INFO  server.GrpcServerProtocolService (GrpcServerProtocolService.java:lambda$onCompleted$5(159)) - omNode-bootstrap-2: Completed INSTALL_SNAPSHOT, lastReply: null
2024-07-18 11:33:55,715 [omNode-bootstrap-2-server-thread1] INFO  server.RaftServer$Division (RaftServerImpl.java:checkInconsistentAppendEntries(1629)) - omNode-bootstrap-2@group-0AAC5367B30E: Failed appendEntries as snapshot (0) installation is in progress
2024-07-18 11:33:55,715 [omNode-bootstrap-2-server-thread1] INFO  server.RaftServer$Division (RaftServerImpl.java:appendEntriesAsync(1584)) - omNode-bootstrap-2@group-0AAC5367B30E: appendEntries* reply omNode-1<-omNode-bootstrap-2#11:FAIL-t1,INCONSISTENCY,nextIndex=0,followerCommit=-1,matchIndex=-1
2024-07-18 11:33:55,715 [grpc-default-executor-3] INFO  impl.SnapshotInstallationHandler (SnapshotInstallationHandler.java:installSnapshot(92)) - omNode-bootstrap-2@group-0AAC5367B30E: receive installSnapshot: omNode-1->omNode-bootstrap-2#0-t1,notify:(t:1, i:0)
2024-07-18 11:33:55,715 [grpc-default-executor-3] INFO  impl.SnapshotInstallationHandler (SnapshotInstallationHandler.java:installSnapshotImpl(138)) - omNode-bootstrap-2@group-0AAC5367B30E: set new configuration configurationEntry {
  peers {
    id: "omNode-3"
    address: "localhost:15023"
    startupRole: FOLLOWER
  }
  peers {
    id: "omNode-1"
    address: "localhost:15015"
    startupRole: FOLLOWER
  }
  peers {
    id: "omNode-2"
    address: "localhost:15019"
    startupRole: FOLLOWER
  }
}
 from snapshot
2024-07-18 11:33:55,716 [grpc-default-executor-3] INFO  server.RaftServer$Division (ServerState.java:setRaftConf(386)) - omNode-bootstrap-2@group-0AAC5367B30E: set configuration conf: {index: 0, cur=peers:[omNode-3|localhost:15023, omNode-1|localhost:15015, omNode-2|localhost:15019]|listeners:[], old=null}
2024-07-18 11:33:55,717 [grpc-default-executor-3] INFO  ratis.OzoneManagerStateMachine (OzoneManagerStateMachine.java:notifyConfigurationChanged(216)) - Received Configuration change notification from Ratis. New Peer list:
[id: "omNode-3"
address: "localhost:15023"
startupRole: FOLLOWER
, id: "omNode-1"
address: "localhost:15015"
startupRole: FOLLOWER
, id: "omNode-2"
address: "localhost:15019"
startupRole: FOLLOWER
]
2024-07-18 11:33:55,717 [grpc-default-executor-3] INFO  impl.SnapshotInstallationHandler (SnapshotInstallationHandler.java:installSnapshot(103)) - omNode-bootstrap-2@group-0AAC5367B30E: reply installSnapshot: omNode-1<-omNode-bootstrap-2#0:FAIL-t1,IN_PROGRESS,snapshotIndex=0
2024-07-18 11:33:55,718 [grpc-default-executor-3] INFO  server.GrpcServerProtocolService (GrpcServerProtocolService.java:onCompleted(157)) - omNode-bootstrap-2: Completed INSTALL_SNAPSHOT, lastRequest: omNode-1->omNode-bootstrap-2#0-t1,notify:(t:1, i:0)
2024-07-18 11:33:55,718 [grpc-default-executor-3] INFO  server.GrpcServerProtocolService (GrpcServerProtocolService.java:lambda$onCompleted$5(159)) - omNode-bootstrap-2: Completed INSTALL_SNAPSHOT, lastReply: null
2024-07-18 11:33:55,719 [omNode-bootstrap-2-server-thread1] INFO  server.RaftServer$Division (RaftServerImpl.java:checkInconsistentAppendEntries(1629)) - omNode-bootstrap-2@group-0AAC5367B30E: Failed appendEntries as snapshot (0) installation is in progress
2024-07-18 11:33:55,719 [omNode-bootstrap-2-server-thread1] INFO  server.RaftServer$Division (RaftServerImpl.java:appendEntriesAsync(1584)) - omNode-bootstrap-2@group-0AAC5367B30E: appendEntries* reply omNode-1<-omNode-bootstrap-2#12:FAIL-t1,INCONSISTENCY,nextIndex=0,followerCommit=-1,matchIndex=-1
2024-07-18 11:33:55,720 [grpc-default-executor-5] INFO  impl.SnapshotInstallationHandler (SnapshotInstallationHandler.java:installSnapshot(92)) - omNode-bootstrap-2@group-0AAC5367B30E: receive installSnapshot: omNode-1->omNode-bootstrap-2#0-t1,notify:(t:1, i:0)
2024-07-18 11:33:55,720 [grpc-default-executor-5] INFO  impl.SnapshotInstallationHandler (SnapshotInstallationHandler.java:installSnapshotImpl(138)) - omNode-bootstrap-2@group-0AAC5367B30E: set new configuration configurationEntry {
  peers {
    id: "omNode-3"
    address: "localhost:15023"
    startupRole: FOLLOWER
  }
  peers {
    id: "omNode-1"
    address: "localhost:15015"
    startupRole: FOLLOWER
  }
  peers {
    id: "omNode-2"
    address: "localhost:15019"
    startupRole: FOLLOWER
  }
}
 from snapshot
2024-07-18 11:33:55,720 [grpc-default-executor-5] INFO  server.RaftServer$Division (ServerState.java:setRaftConf(386)) - omNode-bootstrap-2@group-0AAC5367B30E: set configuration conf: {index: 0, cur=peers:[omNode-3|localhost:15023, omNode-1|localhost:15015, omNode-2|localhost:15019]|listeners:[], old=null}
2024-07-18 11:33:55,722 [grpc-default-executor-5] INFO  ratis.OzoneManagerStateMachine (OzoneManagerStateMachine.java:notifyConfigurationChanged(216)) - Received Configuration change notification from Ratis. New Peer list:
[id: "omNode-3"
address: "localhost:15023"
startupRole: FOLLOWER
, id: "omNode-1"
address: "localhost:15015"
startupRole: FOLLOWER
, id: "omNode-2"
address: "localhost:15019"
startupRole: FOLLOWER
]
2024-07-18 11:33:55,722 [grpc-default-executor-5] INFO  impl.SnapshotInstallationHandler (SnapshotInstallationHandler.java:installSnapshot(103)) - omNode-bootstrap-2@group-0AAC5367B30E: reply installSnapshot: omNode-1<-omNode-bootstrap-2#0:FAIL-t1,IN_PROGRESS,snapshotIndex=0
2024-07-18 11:33:55,722 [grpc-default-executor-5] INFO  server.GrpcServerProtocolService (GrpcServerProtocolService.java:onCompleted(157)) - omNode-bootstrap-2: Completed INSTALL_SNAPSHOT, lastRequest: omNode-1->omNode-bootstrap-2#0-t1,notify:(t:1, i:0)
2024-07-18 11:33:55,722 [grpc-default-executor-5] INFO  server.GrpcServerProtocolService (GrpcServerProtocolService.java:lambda$onCompleted$5(159)) - omNode-bootstrap-2: Completed INSTALL_SNAPSHOT, lastReply: null
2024-07-18 11:33:55,723 [omNode-bootstrap-2-server-thread1] INFO  server.RaftServer$Division (RaftServerImpl.java:checkInconsistentAppendEntries(1629)) - omNode-bootstrap-2@group-0AAC5367B30E: Failed appendEntries as snapshot (0) installation is in progress
2024-07-18 11:33:55,723 [omNode-bootstrap-2-server-thread1] INFO  server.RaftServer$Division (RaftServerImpl.java:appendEntriesAsync(1584)) - omNode-bootstrap-2@group-0AAC5367B30E: appendEntries* reply omNode-1<-omNode-bootstrap-2#13:FAIL-t1,INCONSISTENCY,nextIndex=0,followerCommit=-1,matchIndex=-1
2024-07-18 11:33:55,725 [grpc-default-executor-3] INFO  impl.SnapshotInstallationHandler (SnapshotInstallationHandler.java:installSnapshot(92)) - omNode-bootstrap-2@group-0AAC5367B30E: receive installSnapshot: omNode-1->omNode-bootstrap-2#0-t1,notify:(t:1, i:0)
2024-07-18 11:33:55,725 [grpc-default-executor-3] INFO  impl.SnapshotInstallationHandler (SnapshotInstallationHandler.java:installSnapshotImpl(138)) - omNode-bootstrap-2@group-0AAC5367B30E: set new configuration configurationEntry {
  peers {
    id: "omNode-3"
    address: "localhost:15023"
    startupRole: FOLLOWER
  }
  peers {
    id: "omNode-1"
    address: "localhost:15015"
    startupRole: FOLLOWER
  }
  peers {
    id: "omNode-2"
    address: "localhost:15019"
    startupRole: FOLLOWER
  }
}
 from snapshot
2024-07-18 11:33:55,725 [grpc-default-executor-3] INFO  server.RaftServer$Division (ServerState.java:setRaftConf(386)) - omNode-bootstrap-2@group-0AAC5367B30E: set configuration conf: {index: 0, cur=peers:[omNode-3|localhost:15023, omNode-1|localhost:15015, omNode-2|localhost:15019]|listeners:[], old=null}
2024-07-18 11:33:55,726 [grpc-default-executor-3] INFO  ratis.OzoneManagerStateMachine (OzoneManagerStateMachine.java:notifyConfigurationChanged(216)) - Received Configuration change notification from Ratis. New Peer list:
[id: "omNode-3"
address: "localhost:15023"
startupRole: FOLLOWER
, id: "omNode-1"
address: "localhost:15015"
startupRole: FOLLOWER
, id: "omNode-2"
address: "localhost:15019"
startupRole: FOLLOWER
]
2024-07-18 11:33:55,726 [grpc-default-executor-3] INFO  impl.SnapshotInstallationHandler (SnapshotInstallationHandler.java:installSnapshot(103)) - omNode-bootstrap-2@group-0AAC5367B30E: reply installSnapshot: omNode-1<-omNode-bootstrap-2#0:FAIL-t1,IN_PROGRESS,snapshotIndex=0
2024-07-18 11:33:55,727 [grpc-default-executor-3] INFO  server.GrpcServerProtocolService (GrpcServerProtocolService.java:onCompleted(157)) - omNode-bootstrap-2: Completed INSTALL_SNAPSHOT, lastRequest: omNode-1->omNode-bootstrap-2#0-t1,notify:(t:1, i:0)
2024-07-18 11:33:55,727 [grpc-default-executor-3] INFO  server.GrpcServerProtocolService (GrpcServerProtocolService.java:lambda$onCompleted$5(159)) - omNode-bootstrap-2: Completed INSTALL_SNAPSHOT, lastReply: null
2024-07-18 11:33:55,728 [omNode-bootstrap-2-server-thread1] INFO  server.RaftServer$Division (RaftServerImpl.java:checkInconsistentAppendEntries(1629)) - omNode-bootstrap-2@group-0AAC5367B30E: Failed appendEntries as snapshot (0) installation is in progress
2024-07-18 11:33:55,728 [omNode-bootstrap-2-server-thread1] INFO  server.RaftServer$Division (RaftServerImpl.java:appendEntriesAsync(1584)) - omNode-bootstrap-2@group-0AAC5367B30E: appendEntries* reply omNode-1<-omNode-bootstrap-2#14:FAIL-t1,INCONSISTENCY,nextIndex=0,followerCommit=-1,matchIndex=-1
2024-07-18 11:33:55,729 [grpc-default-executor-5] INFO  impl.SnapshotInstallationHandler (SnapshotInstallationHandler.java:installSnapshot(92)) - omNode-bootstrap-2@group-0AAC5367B30E: receive installSnapshot: omNode-1->omNode-bootstrap-2#0-t1,notify:(t:1, i:0)
2024-07-18 11:33:55,730 [grpc-default-executor-5] INFO  impl.SnapshotInstallationHandler (SnapshotInstallationHandler.java:installSnapshotImpl(138)) - omNode-bootstrap-2@group-0AAC5367B30E: set new configuration configurationEntry {
  peers {
    id: "omNode-3"
    address: "localhost:15023"
    startupRole: FOLLOWER
  }
  peers {
    id: "omNode-1"
    address: "localhost:15015"
    startupRole: FOLLOWER
  }
  peers {
    id: "omNode-2"
    address: "localhost:15019"
    startupRole: FOLLOWER
  }
}
 from snapshot
2024-07-18 11:33:55,730 [grpc-default-executor-5] INFO  server.RaftServer$Division (ServerState.java:setRaftConf(386)) - omNode-bootstrap-2@group-0AAC5367B30E: set configuration conf: {index: 0, cur=peers:[omNode-3|localhost:15023, omNode-1|localhost:15015, omNode-2|localhost:15019]|listeners:[], old=null}
2024-07-18 11:33:55,731 [grpc-default-executor-5] INFO  ratis.OzoneManagerStateMachine (OzoneManagerStateMachine.java:notifyConfigurationChanged(216)) - Received Configuration change notification from Ratis. New Peer list:
[id: "omNode-3"
address: "localhost:15023"
startupRole: FOLLOWER
, id: "omNode-1"
address: "localhost:15015"
startupRole: FOLLOWER
, id: "omNode-2"
address: "localhost:15019"
startupRole: FOLLOWER
]
2024-07-18 11:33:55,731 [grpc-default-executor-5] INFO  impl.SnapshotInstallationHandler (SnapshotInstallationHandler.java:installSnapshot(103)) - omNode-bootstrap-2@group-0AAC5367B30E: reply installSnapshot: omNode-1<-omNode-bootstrap-2#0:FAIL-t1,IN_PROGRESS,snapshotIndex=0
2024-07-18 11:33:55,732 [grpc-default-executor-5] INFO  server.GrpcServerProtocolService (GrpcServerProtocolService.java:onCompleted(157)) - omNode-bootstrap-2: Completed INSTALL_SNAPSHOT, lastRequest: omNode-1->omNode-bootstrap-2#0-t1,notify:(t:1, i:0)
2024-07-18 11:33:55,732 [grpc-default-executor-5] INFO  server.GrpcServerProtocolService (GrpcServerProtocolService.java:lambda$onCompleted$5(159)) - omNode-bootstrap-2: Completed INSTALL_SNAPSHOT, lastReply: null
2024-07-18 11:33:55,733 [grpc-default-executor-1] INFO  impl.SnapshotInstallationHandler (SnapshotInstallationHandler.java:installSnapshot(92)) - omNode-bootstrap-2@group-0AAC5367B30E: receive installSnapshot: omNode-1->omNode-bootstrap-2#0-t1,notify:(t:1, i:0)
2024-07-18 11:33:55,734 [grpc-default-executor-1] INFO  impl.SnapshotInstallationHandler (SnapshotInstallationHandler.java:installSnapshotImpl(138)) - omNode-bootstrap-2@group-0AAC5367B30E: set new configuration configurationEntry {
  peers {
    id: "omNode-3"
    address: "localhost:15023"
    startupRole: FOLLOWER
  }
  peers {
    id: "omNode-1"
    address: "localhost:15015"
    startupRole: FOLLOWER
  }
  peers {
    id: "omNode-2"
    address: "localhost:15019"
    startupRole: FOLLOWER
  }
}
 from snapshot
2024-07-18 11:33:55,734 [grpc-default-executor-1] INFO  server.RaftServer$Division (ServerState.java:setRaftConf(386)) - omNode-bootstrap-2@group-0AAC5367B30E: set configuration conf: {index: 0, cur=peers:[omNode-3|localhost:15023, omNode-1|localhost:15015, omNode-2|localhost:15019]|listeners:[], old=null}
2024-07-18 11:33:55,735 [omNode-bootstrap-2-server-thread1] INFO  server.RaftServer$Division (RaftServerImpl.java:checkInconsistentAppendEntries(1629)) - omNode-bootstrap-2@group-0AAC5367B30E: Failed appendEntries as snapshot (0) installation is in progress
2024-07-18 11:33:55,735 [omNode-bootstrap-2-server-thread1] INFO  server.RaftServer$Division (RaftServerImpl.java:appendEntriesAsync(1584)) - omNode-bootstrap-2@group-0AAC5367B30E: appendEntries* reply omNode-1<-omNode-bootstrap-2#15:FAIL-t1,INCONSISTENCY,nextIndex=0,followerCommit=-1,matchIndex=-1
2024-07-18 11:33:55,735 [grpc-default-executor-1] INFO  ratis.OzoneManagerStateMachine (OzoneManagerStateMachine.java:notifyConfigurationChanged(216)) - Received Configuration change notification from Ratis. New Peer list:
[id: "omNode-3"
address: "localhost:15023"
startupRole: FOLLOWER
, id: "omNode-1"
address: "localhost:15015"
startupRole: FOLLOWER
, id: "omNode-2"
address: "localhost:15019"
startupRole: FOLLOWER
]
2024-07-18 11:33:55,735 [grpc-default-executor-1] INFO  impl.SnapshotInstallationHandler (SnapshotInstallationHandler.java:installSnapshot(103)) - omNode-bootstrap-2@group-0AAC5367B30E: reply installSnapshot: omNode-1<-omNode-bootstrap-2#0:FAIL-t1,IN_PROGRESS,snapshotIndex=0
2024-07-18 11:33:55,736 [grpc-default-executor-1] INFO  server.GrpcServerProtocolService (GrpcServerProtocolService.java:onCompleted(157)) - omNode-bootstrap-2: Completed INSTALL_SNAPSHOT, lastRequest: omNode-1->omNode-bootstrap-2#0-t1,notify:(t:1, i:0)
2024-07-18 11:33:55,736 [grpc-default-executor-1] INFO  server.GrpcServerProtocolService (GrpcServerProtocolService.java:lambda$onCompleted$5(159)) - omNode-bootstrap-2: Completed INSTALL_SNAPSHOT, lastReply: null
2024-07-18 11:33:55,737 [omNode-bootstrap-2-server-thread1] INFO  server.RaftServer$Division (RaftServerImpl.java:checkInconsistentAppendEntries(1629)) - omNode-bootstrap-2@group-0AAC5367B30E: Failed appendEntries as snapshot (0) installation is in progress
2024-07-18 11:33:55,737 [omNode-bootstrap-2-server-thread1] INFO  server.RaftServer$Division (RaftServerImpl.java:appendEntriesAsync(1584)) - omNode-bootstrap-2@group-0AAC5367B30E: appendEntries* reply omNode-1<-omNode-bootstrap-2#16:FAIL-t1,INCONSISTENCY,nextIndex=0,followerCommit=-1,matchIndex=-1
2024-07-18 11:33:55,738 [grpc-default-executor-1] INFO  impl.SnapshotInstallationHandler (SnapshotInstallationHandler.java:installSnapshot(92)) - omNode-bootstrap-2@group-0AAC5367B30E: receive installSnapshot: omNode-1->omNode-bootstrap-2#0-t1,notify:(t:1, i:0)
2024-07-18 11:33:55,738 [grpc-default-executor-1] INFO  impl.SnapshotInstallationHandler (SnapshotInstallationHandler.java:installSnapshotImpl(138)) - omNode-bootstrap-2@group-0AAC5367B30E: set new configuration configurationEntry {
  peers {
    id: "omNode-3"
    address: "localhost:15023"
    startupRole: FOLLOWER
  }
  peers {
    id: "omNode-1"
    address: "localhost:15015"
    startupRole: FOLLOWER
  }
  peers {
    id: "omNode-2"
    address: "localhost:15019"
    startupRole: FOLLOWER
  }
}
 from snapshot
2024-07-18 11:33:55,738 [grpc-default-executor-1] INFO  server.RaftServer$Division (ServerState.java:setRaftConf(386)) - omNode-bootstrap-2@group-0AAC5367B30E: set configuration conf: {index: 0, cur=peers:[omNode-3|localhost:15023, omNode-1|localhost:15015, omNode-2|localhost:15019]|listeners:[], old=null}
2024-07-18 11:33:55,739 [grpc-default-executor-1] INFO  ratis.OzoneManagerStateMachine (OzoneManagerStateMachine.java:notifyConfigurationChanged(216)) - Received Configuration change notification from Ratis. New Peer list:
[id: "omNode-3"
address: "localhost:15023"
startupRole: FOLLOWER
, id: "omNode-1"
address: "localhost:15015"
startupRole: FOLLOWER
, id: "omNode-2"
address: "localhost:15019"
startupRole: FOLLOWER
]
2024-07-18 11:33:55,740 [grpc-default-executor-1] INFO  impl.SnapshotInstallationHandler (SnapshotInstallationHandler.java:installSnapshot(103)) - omNode-bootstrap-2@group-0AAC5367B30E: reply installSnapshot: omNode-1<-omNode-bootstrap-2#0:FAIL-t1,IN_PROGRESS,snapshotIndex=0
2024-07-18 11:33:55,740 [grpc-default-executor-1] INFO  server.GrpcServerProtocolService (GrpcServerProtocolService.java:onCompleted(157)) - omNode-bootstrap-2: Completed INSTALL_SNAPSHOT, lastRequest: omNode-1->omNode-bootstrap-2#0-t1,notify:(t:1, i:0)
2024-07-18 11:33:55,740 [grpc-default-executor-1] INFO  server.GrpcServerProtocolService (GrpcServerProtocolService.java:lambda$onCompleted$5(159)) - omNode-bootstrap-2: Completed INSTALL_SNAPSHOT, lastReply: null
2024-07-18 11:33:55,741 [omNode-bootstrap-2-server-thread1] INFO  server.RaftServer$Division (RaftServerImpl.java:checkInconsistentAppendEntries(1629)) - omNode-bootstrap-2@group-0AAC5367B30E: Failed appendEntries as snapshot (0) installation is in progress
2024-07-18 11:33:55,741 [omNode-bootstrap-2-server-thread1] INFO  server.RaftServer$Division (RaftServerImpl.java:appendEntriesAsync(1584)) - omNode-bootstrap-2@group-0AAC5367B30E: appendEntries* reply omNode-1<-omNode-bootstrap-2#17:FAIL-t1,INCONSISTENCY,nextIndex=0,followerCommit=-1,matchIndex=-1
2024-07-18 11:33:55,742 [grpc-default-executor-1] INFO  impl.SnapshotInstallationHandler (SnapshotInstallationHandler.java:installSnapshot(92)) - omNode-bootstrap-2@group-0AAC5367B30E: receive installSnapshot: omNode-1->omNode-bootstrap-2#0-t1,notify:(t:1, i:0)
2024-07-18 11:33:55,743 [grpc-default-executor-1] INFO  impl.SnapshotInstallationHandler (SnapshotInstallationHandler.java:installSnapshotImpl(138)) - omNode-bootstrap-2@group-0AAC5367B30E: set new configuration configurationEntry {
  peers {
    id: "omNode-3"
    address: "localhost:15023"
    startupRole: FOLLOWER
  }
  peers {
    id: "omNode-1"
    address: "localhost:15015"
    startupRole: FOLLOWER
  }
  peers {
    id: "omNode-2"
    address: "localhost:15019"
    startupRole: FOLLOWER
  }
}
 from snapshot
2024-07-18 11:33:55,743 [grpc-default-executor-1] INFO  server.RaftServer$Division (ServerState.java:setRaftConf(386)) - omNode-bootstrap-2@group-0AAC5367B30E: set configuration conf: {index: 0, cur=peers:[omNode-3|localhost:15023, omNode-1|localhost:15015, omNode-2|localhost:15019]|listeners:[], old=null}
2024-07-18 11:33:55,744 [grpc-default-executor-1] INFO  ratis.OzoneManagerStateMachine (OzoneManagerStateMachine.java:notifyConfigurationChanged(216)) - Received Configuration change notification from Ratis. New Peer list:
[id: "omNode-3"
address: "localhost:15023"
startupRole: FOLLOWER
, id: "omNode-1"
address: "localhost:15015"
startupRole: FOLLOWER
, id: "omNode-2"
address: "localhost:15019"
startupRole: FOLLOWER
]
2024-07-18 11:33:55,744 [grpc-default-executor-1] INFO  impl.SnapshotInstallationHandler (SnapshotInstallationHandler.java:installSnapshot(103)) - omNode-bootstrap-2@group-0AAC5367B30E: reply installSnapshot: omNode-1<-omNode-bootstrap-2#0:FAIL-t1,IN_PROGRESS,snapshotIndex=0
2024-07-18 11:33:55,745 [grpc-default-executor-1] INFO  server.GrpcServerProtocolService (GrpcServerProtocolService.java:onCompleted(157)) - omNode-bootstrap-2: Completed INSTALL_SNAPSHOT, lastRequest: omNode-1->omNode-bootstrap-2#0-t1,notify:(t:1, i:0)
2024-07-18 11:33:55,745 [grpc-default-executor-1] INFO  server.GrpcServerProtocolService (GrpcServerProtocolService.java:lambda$onCompleted$5(159)) - omNode-bootstrap-2: Completed INSTALL_SNAPSHOT, lastReply: null
2024-07-18 11:33:55,747 [grpc-default-executor-5] INFO  impl.SnapshotInstallationHandler (SnapshotInstallationHandler.java:installSnapshot(92)) - omNode-bootstrap-2@group-0AAC5367B30E: receive installSnapshot: omNode-1->omNode-bootstrap-2#0-t1,notify:(t:1, i:0)
2024-07-18 11:33:55,747 [grpc-default-executor-5] INFO  impl.SnapshotInstallationHandler (SnapshotInstallationHandler.java:installSnapshotImpl(138)) - omNode-bootstrap-2@group-0AAC5367B30E: set new configuration configurationEntry {
  peers {
    id: "omNode-3"
    address: "localhost:15023"
    startupRole: FOLLOWER
  }
  peers {
    id: "omNode-1"
    address: "localhost:15015"
    startupRole: FOLLOWER
  }
  peers {
    id: "omNode-2"
    address: "localhost:15019"
    startupRole: FOLLOWER
  }
}
 from snapshot
2024-07-18 11:33:55,747 [grpc-default-executor-5] INFO  server.RaftServer$Division (ServerState.java:setRaftConf(386)) - omNode-bootstrap-2@group-0AAC5367B30E: set configuration conf: {index: 0, cur=peers:[omNode-3|localhost:15023, omNode-1|localhost:15015, omNode-2|localhost:15019]|listeners:[], old=null}
2024-07-18 11:33:55,748 [omNode-bootstrap-2-server-thread1] INFO  server.RaftServer$Division (RaftServerImpl.java:checkInconsistentAppendEntries(1629)) - omNode-bootstrap-2@group-0AAC5367B30E: Failed appendEntries as snapshot (0) installation is in progress
2024-07-18 11:33:55,748 [omNode-bootstrap-2-server-thread1] INFO  server.RaftServer$Division (RaftServerImpl.java:appendEntriesAsync(1584)) - omNode-bootstrap-2@group-0AAC5367B30E: appendEntries* reply omNode-1<-omNode-bootstrap-2#18:FAIL-t1,INCONSISTENCY,nextIndex=0,followerCommit=-1,matchIndex=-1
2024-07-18 11:33:55,748 [grpc-default-executor-5] INFO  ratis.OzoneManagerStateMachine (OzoneManagerStateMachine.java:notifyConfigurationChanged(216)) - Received Configuration change notification from Ratis. New Peer list:
[id: "omNode-3"
address: "localhost:15023"
startupRole: FOLLOWER
, id: "omNode-1"
address: "localhost:15015"
startupRole: FOLLOWER
, id: "omNode-2"
address: "localhost:15019"
startupRole: FOLLOWER
]
2024-07-18 11:33:55,749 [grpc-default-executor-5] INFO  impl.SnapshotInstallationHandler (SnapshotInstallationHandler.java:installSnapshot(103)) - omNode-bootstrap-2@group-0AAC5367B30E: reply installSnapshot: omNode-1<-omNode-bootstrap-2#0:FAIL-t1,IN_PROGRESS,snapshotIndex=0
2024-07-18 11:33:55,749 [grpc-default-executor-5] INFO  server.GrpcServerProtocolService (GrpcServerProtocolService.java:onCompleted(157)) - omNode-bootstrap-2: Completed INSTALL_SNAPSHOT, lastRequest: omNode-1->omNode-bootstrap-2#0-t1,notify:(t:1, i:0)
2024-07-18 11:33:55,750 [grpc-default-executor-5] INFO  server.GrpcServerProtocolService (GrpcServerProtocolService.java:lambda$onCompleted$5(159)) - omNode-bootstrap-2: Completed INSTALL_SNAPSHOT, lastReply: null
2024-07-18 11:33:55,751 [omNode-bootstrap-2-server-thread1] INFO  server.RaftServer$Division (RaftServerImpl.java:checkInconsistentAppendEntries(1629)) - omNode-bootstrap-2@group-0AAC5367B30E: Failed appendEntries as snapshot (0) installation is in progress
2024-07-18 11:33:55,751 [omNode-bootstrap-2-server-thread1] INFO  server.RaftServer$Division (RaftServerImpl.java:appendEntriesAsync(1584)) - omNode-bootstrap-2@group-0AAC5367B30E: appendEntries* reply omNode-1<-omNode-bootstrap-2#19:FAIL-t1,INCONSISTENCY,nextIndex=0,followerCommit=-1,matchIndex=-1
2024-07-18 11:33:55,751 [grpc-default-executor-1] INFO  impl.SnapshotInstallationHandler (SnapshotInstallationHandler.java:installSnapshot(92)) - omNode-bootstrap-2@group-0AAC5367B30E: receive installSnapshot: omNode-1->omNode-bootstrap-2#0-t1,notify:(t:1, i:0)
2024-07-18 11:33:55,752 [grpc-default-executor-1] INFO  impl.SnapshotInstallationHandler (SnapshotInstallationHandler.java:installSnapshotImpl(138)) - omNode-bootstrap-2@group-0AAC5367B30E: set new configuration configurationEntry {
  peers {
    id: "omNode-3"
    address: "localhost:15023"
    startupRole: FOLLOWER
  }
  peers {
    id: "omNode-1"
    address: "localhost:15015"
    startupRole: FOLLOWER
  }
  peers {
    id: "omNode-2"
    address: "localhost:15019"
    startupRole: FOLLOWER
  }
}
 from snapshot
2024-07-18 11:33:55,752 [grpc-default-executor-1] INFO  server.RaftServer$Division (ServerState.java:setRaftConf(386)) - omNode-bootstrap-2@group-0AAC5367B30E: set configuration conf: {index: 0, cur=peers:[omNode-3|localhost:15023, omNode-1|localhost:15015, omNode-2|localhost:15019]|listeners:[], old=null}
2024-07-18 11:33:55,753 [grpc-default-executor-1] INFO  ratis.OzoneManagerStateMachine (OzoneManagerStateMachine.java:notifyConfigurationChanged(216)) - Received Configuration change notification from Ratis. New Peer list:
[id: "omNode-3"
address: "localhost:15023"
startupRole: FOLLOWER
, id: "omNode-1"
address: "localhost:15015"
startupRole: FOLLOWER
, id: "omNode-2"
address: "localhost:15019"
startupRole: FOLLOWER
]
2024-07-18 11:33:55,753 [grpc-default-executor-1] INFO  impl.SnapshotInstallationHandler (SnapshotInstallationHandler.java:installSnapshot(103)) - omNode-bootstrap-2@group-0AAC5367B30E: reply installSnapshot: omNode-1<-omNode-bootstrap-2#0:FAIL-t1,IN_PROGRESS,snapshotIndex=0
2024-07-18 11:33:55,753 [grpc-default-executor-1] INFO  server.GrpcServerProtocolService (GrpcServerProtocolService.java:onCompleted(157)) - omNode-bootstrap-2: Completed INSTALL_SNAPSHOT, lastRequest: omNode-1->omNode-bootstrap-2#0-t1,notify:(t:1, i:0)
2024-07-18 11:33:55,753 [grpc-default-executor-1] INFO  server.GrpcServerProtocolService (GrpcServerProtocolService.java:lambda$onCompleted$5(159)) - omNode-bootstrap-2: Completed INSTALL_SNAPSHOT, lastReply: null
2024-07-18 11:33:55,754 [omNode-bootstrap-2-server-thread1] INFO  server.RaftServer$Division (RaftServerImpl.java:checkInconsistentAppendEntries(1629)) - omNode-bootstrap-2@group-0AAC5367B30E: Failed appendEntries as snapshot (0) installation is in progress
2024-07-18 11:33:55,754 [omNode-bootstrap-2-server-thread1] INFO  server.RaftServer$Division (RaftServerImpl.java:appendEntriesAsync(1584)) - omNode-bootstrap-2@group-0AAC5367B30E: appendEntries* reply omNode-1<-omNode-bootstrap-2#20:FAIL-t1,INCONSISTENCY,nextIndex=0,followerCommit=-1,matchIndex=-1
2024-07-18 11:33:55,756 [grpc-default-executor-1] INFO  impl.SnapshotInstallationHandler (SnapshotInstallationHandler.java:installSnapshot(92)) - omNode-bootstrap-2@group-0AAC5367B30E: receive installSnapshot: omNode-1->omNode-bootstrap-2#0-t1,notify:(t:1, i:0)
2024-07-18 11:33:55,756 [grpc-default-executor-1] INFO  impl.SnapshotInstallationHandler (SnapshotInstallationHandler.java:installSnapshotImpl(138)) - omNode-bootstrap-2@group-0AAC5367B30E: set new configuration configurationEntry {
  peers {
    id: "omNode-3"
    address: "localhost:15023"
    startupRole: FOLLOWER
  }
  peers {
    id: "omNode-1"
    address: "localhost:15015"
    startupRole: FOLLOWER
  }
  peers {
    id: "omNode-2"
    address: "localhost:15019"
    startupRole: FOLLOWER
  }
}
 from snapshot
2024-07-18 11:33:55,756 [grpc-default-executor-1] INFO  server.RaftServer$Division (ServerState.java:setRaftConf(386)) - omNode-bootstrap-2@group-0AAC5367B30E: set configuration conf: {index: 0, cur=peers:[omNode-3|localhost:15023, omNode-1|localhost:15015, omNode-2|localhost:15019]|listeners:[], old=null}
2024-07-18 11:33:55,757 [grpc-default-executor-1] INFO  ratis.OzoneManagerStateMachine (OzoneManagerStateMachine.java:notifyConfigurationChanged(216)) - Received Configuration change notification from Ratis. New Peer list:
[id: "omNode-3"
address: "localhost:15023"
startupRole: FOLLOWER
, id: "omNode-1"
address: "localhost:15015"
startupRole: FOLLOWER
, id: "omNode-2"
address: "localhost:15019"
startupRole: FOLLOWER
]
2024-07-18 11:33:55,757 [grpc-default-executor-1] INFO  impl.SnapshotInstallationHandler (SnapshotInstallationHandler.java:installSnapshot(103)) - omNode-bootstrap-2@group-0AAC5367B30E: reply installSnapshot: omNode-1<-omNode-bootstrap-2#0:FAIL-t1,IN_PROGRESS,snapshotIndex=0
2024-07-18 11:33:55,757 [grpc-default-executor-1] INFO  server.GrpcServerProtocolService (GrpcServerProtocolService.java:onCompleted(157)) - omNode-bootstrap-2: Completed INSTALL_SNAPSHOT, lastRequest: omNode-1->omNode-bootstrap-2#0-t1,notify:(t:1, i:0)
2024-07-18 11:33:55,757 [grpc-default-executor-1] INFO  server.GrpcServerProtocolService (GrpcServerProtocolService.java:lambda$onCompleted$5(159)) - omNode-bootstrap-2: Completed INSTALL_SNAPSHOT, lastReply: null
2024-07-18 11:33:55,759 [omNode-bootstrap-2-server-thread1] INFO  server.RaftServer$Division (RaftServerImpl.java:checkInconsistentAppendEntries(1629)) - omNode-bootstrap-2@group-0AAC5367B30E: Failed appendEntries as snapshot (0) installation is in progress
2024-07-18 11:33:55,759 [omNode-bootstrap-2-server-thread1] INFO  server.RaftServer$Division (RaftServerImpl.java:appendEntriesAsync(1584)) - omNode-bootstrap-2@group-0AAC5367B30E: appendEntries* reply omNode-1<-omNode-bootstrap-2#21:FAIL-t1,INCONSISTENCY,nextIndex=0,followerCommit=-1,matchIndex=-1
2024-07-18 11:33:55,759 [grpc-default-executor-5] INFO  impl.SnapshotInstallationHandler (SnapshotInstallationHandler.java:installSnapshot(92)) - omNode-bootstrap-2@group-0AAC5367B30E: receive installSnapshot: omNode-1->omNode-bootstrap-2#0-t1,notify:(t:1, i:0)
2024-07-18 11:33:55,760 [grpc-default-executor-5] INFO  impl.SnapshotInstallationHandler (SnapshotInstallationHandler.java:installSnapshotImpl(138)) - omNode-bootstrap-2@group-0AAC5367B30E: set new configuration configurationEntry {
  peers {
    id: "omNode-3"
    address: "localhost:15023"
    startupRole: FOLLOWER
  }
  peers {
    id: "omNode-1"
    address: "localhost:15015"
    startupRole: FOLLOWER
  }
  peers {
    id: "omNode-2"
    address: "localhost:15019"
    startupRole: FOLLOWER
  }
}
 from snapshot
2024-07-18 11:33:55,760 [grpc-default-executor-5] INFO  server.RaftServer$Division (ServerState.java:setRaftConf(386)) - omNode-bootstrap-2@group-0AAC5367B30E: set configuration conf: {index: 0, cur=peers:[omNode-3|localhost:15023, omNode-1|localhost:15015, omNode-2|localhost:15019]|listeners:[], old=null}
2024-07-18 11:33:55,761 [grpc-default-executor-5] INFO  ratis.OzoneManagerStateMachine (OzoneManagerStateMachine.java:notifyConfigurationChanged(216)) - Received Configuration change notification from Ratis. New Peer list:
[id: "omNode-3"
address: "localhost:15023"
startupRole: FOLLOWER
, id: "omNode-1"
address: "localhost:15015"
startupRole: FOLLOWER
, id: "omNode-2"
address: "localhost:15019"
startupRole: FOLLOWER
]
2024-07-18 11:33:55,762 [grpc-default-executor-5] INFO  impl.SnapshotInstallationHandler (SnapshotInstallationHandler.java:installSnapshot(103)) - omNode-bootstrap-2@group-0AAC5367B30E: reply installSnapshot: omNode-1<-omNode-bootstrap-2#0:FAIL-t1,IN_PROGRESS,snapshotIndex=0
2024-07-18 11:33:55,762 [grpc-default-executor-5] INFO  server.GrpcServerProtocolService (GrpcServerProtocolService.java:onCompleted(157)) - omNode-bootstrap-2: Completed INSTALL_SNAPSHOT, lastRequest: omNode-1->omNode-bootstrap-2#0-t1,notify:(t:1, i:0)
2024-07-18 11:33:55,762 [grpc-default-executor-5] INFO  server.GrpcServerProtocolService (GrpcServerProtocolService.java:lambda$onCompleted$5(159)) - omNode-bootstrap-2: Completed INSTALL_SNAPSHOT, lastReply: null
2024-07-18 11:33:55,763 [omNode-bootstrap-2-server-thread1] INFO  server.RaftServer$Division (RaftServerImpl.java:checkInconsistentAppendEntries(1629)) - omNode-bootstrap-2@group-0AAC5367B30E: Failed appendEntries as snapshot (0) installation is in progress
2024-07-18 11:33:55,763 [omNode-bootstrap-2-server-thread1] INFO  server.RaftServer$Division (RaftServerImpl.java:appendEntriesAsync(1584)) - omNode-bootstrap-2@group-0AAC5367B30E: appendEntries* reply omNode-1<-omNode-bootstrap-2#22:FAIL-t1,INCONSISTENCY,nextIndex=0,followerCommit=-1,matchIndex=-1
2024-07-18 11:33:55,764 [grpc-default-executor-1] INFO  impl.SnapshotInstallationHandler (SnapshotInstallationHandler.java:installSnapshot(92)) - omNode-bootstrap-2@group-0AAC5367B30E: receive installSnapshot: omNode-1->omNode-bootstrap-2#0-t1,notify:(t:1, i:0)
2024-07-18 11:33:55,765 [grpc-default-executor-1] INFO  impl.SnapshotInstallationHandler (SnapshotInstallationHandler.java:installSnapshotImpl(138)) - omNode-bootstrap-2@group-0AAC5367B30E: set new configuration configurationEntry {
  peers {
    id: "omNode-3"
    address: "localhost:15023"
    startupRole: FOLLOWER
  }
  peers {
    id: "omNode-1"
    address: "localhost:15015"
    startupRole: FOLLOWER
  }
  peers {
    id: "omNode-2"
    address: "localhost:15019"
    startupRole: FOLLOWER
  }
}
 from snapshot
2024-07-18 11:33:55,765 [grpc-default-executor-1] INFO  server.RaftServer$Division (ServerState.java:setRaftConf(386)) - omNode-bootstrap-2@group-0AAC5367B30E: set configuration conf: {index: 0, cur=peers:[omNode-3|localhost:15023, omNode-1|localhost:15015, omNode-2|localhost:15019]|listeners:[], old=null}
2024-07-18 11:33:55,766 [grpc-default-executor-1] INFO  ratis.OzoneManagerStateMachine (OzoneManagerStateMachine.java:notifyConfigurationChanged(216)) - Received Configuration change notification from Ratis. New Peer list:
[id: "omNode-3"
address: "localhost:15023"
startupRole: FOLLOWER
, id: "omNode-1"
address: "localhost:15015"
startupRole: FOLLOWER
, id: "omNode-2"
address: "localhost:15019"
startupRole: FOLLOWER
]
2024-07-18 11:33:55,766 [grpc-default-executor-1] INFO  impl.SnapshotInstallationHandler (SnapshotInstallationHandler.java:installSnapshot(103)) - omNode-bootstrap-2@group-0AAC5367B30E: reply installSnapshot: omNode-1<-omNode-bootstrap-2#0:FAIL-t1,IN_PROGRESS,snapshotIndex=0
2024-07-18 11:33:55,766 [grpc-default-executor-1] INFO  server.GrpcServerProtocolService (GrpcServerProtocolService.java:onCompleted(157)) - omNode-bootstrap-2: Completed INSTALL_SNAPSHOT, lastRequest: omNode-1->omNode-bootstrap-2#0-t1,notify:(t:1, i:0)
2024-07-18 11:33:55,766 [grpc-default-executor-1] INFO  server.GrpcServerProtocolService (GrpcServerProtocolService.java:lambda$onCompleted$5(159)) - omNode-bootstrap-2: Completed INSTALL_SNAPSHOT, lastReply: null
2024-07-18 11:33:55,767 [omNode-bootstrap-2-server-thread1] INFO  server.RaftServer$Division (RaftServerImpl.java:checkInconsistentAppendEntries(1629)) - omNode-bootstrap-2@group-0AAC5367B30E: Failed appendEntries as snapshot (0) installation is in progress
2024-07-18 11:33:55,767 [omNode-bootstrap-2-server-thread1] INFO  server.RaftServer$Division (RaftServerImpl.java:appendEntriesAsync(1584)) - omNode-bootstrap-2@group-0AAC5367B30E: appendEntries* reply omNode-1<-omNode-bootstrap-2#23:FAIL-t1,INCONSISTENCY,nextIndex=0,followerCommit=-1,matchIndex=-1
2024-07-18 11:33:55,768 [grpc-default-executor-5] INFO  impl.SnapshotInstallationHandler (SnapshotInstallationHandler.java:installSnapshot(92)) - omNode-bootstrap-2@group-0AAC5367B30E: receive installSnapshot: omNode-1->omNode-bootstrap-2#0-t1,notify:(t:1, i:0)
2024-07-18 11:33:55,769 [grpc-default-executor-5] INFO  impl.SnapshotInstallationHandler (SnapshotInstallationHandler.java:installSnapshotImpl(138)) - omNode-bootstrap-2@group-0AAC5367B30E: set new configuration configurationEntry {
  peers {
    id: "omNode-3"
    address: "localhost:15023"
    startupRole: FOLLOWER
  }
  peers {
    id: "omNode-1"
    address: "localhost:15015"
    startupRole: FOLLOWER
  }
  peers {
    id: "omNode-2"
    address: "localhost:15019"
    startupRole: FOLLOWER
  }
}
 from snapshot
2024-07-18 11:33:55,769 [grpc-default-executor-5] INFO  server.RaftServer$Division (ServerState.java:setRaftConf(386)) - omNode-bootstrap-2@group-0AAC5367B30E: set configuration conf: {index: 0, cur=peers:[omNode-3|localhost:15023, omNode-1|localhost:15015, omNode-2|localhost:15019]|listeners:[], old=null}
2024-07-18 11:33:55,770 [grpc-default-executor-5] INFO  ratis.OzoneManagerStateMachine (OzoneManagerStateMachine.java:notifyConfigurationChanged(216)) - Received Configuration change notification from Ratis. New Peer list:
[id: "omNode-3"
address: "localhost:15023"
startupRole: FOLLOWER
, id: "omNode-1"
address: "localhost:15015"
startupRole: FOLLOWER
, id: "omNode-2"
address: "localhost:15019"
startupRole: FOLLOWER
]
2024-07-18 11:33:55,770 [grpc-default-executor-5] INFO  impl.SnapshotInstallationHandler (SnapshotInstallationHandler.java:installSnapshot(103)) - omNode-bootstrap-2@group-0AAC5367B30E: reply installSnapshot: omNode-1<-omNode-bootstrap-2#0:FAIL-t1,IN_PROGRESS,snapshotIndex=0
2024-07-18 11:33:55,771 [grpc-default-executor-5] INFO  server.GrpcServerProtocolService (GrpcServerProtocolService.java:onCompleted(157)) - omNode-bootstrap-2: Completed INSTALL_SNAPSHOT, lastRequest: omNode-1->omNode-bootstrap-2#0-t1,notify:(t:1, i:0)
2024-07-18 11:33:55,771 [grpc-default-executor-5] INFO  server.GrpcServerProtocolService (GrpcServerProtocolService.java:lambda$onCompleted$5(159)) - omNode-bootstrap-2: Completed INSTALL_SNAPSHOT, lastReply: null
2024-07-18 11:33:55,772 [omNode-bootstrap-2-server-thread1] INFO  server.RaftServer$Division (RaftServerImpl.java:checkInconsistentAppendEntries(1629)) - omNode-bootstrap-2@group-0AAC5367B30E: Failed appendEntries as snapshot (0) installation is in progress
2024-07-18 11:33:55,772 [omNode-bootstrap-2-server-thread1] INFO  server.RaftServer$Division (RaftServerImpl.java:appendEntriesAsync(1584)) - omNode-bootstrap-2@group-0AAC5367B30E: appendEntries* reply omNode-1<-omNode-bootstrap-2#24:FAIL-t1,INCONSISTENCY,nextIndex=0,followerCommit=-1,matchIndex=-1
2024-07-18 11:33:55,773 [grpc-default-executor-5] INFO  impl.SnapshotInstallationHandler (SnapshotInstallationHandler.java:installSnapshot(92)) - omNode-bootstrap-2@group-0AAC5367B30E: receive installSnapshot: omNode-1->omNode-bootstrap-2#0-t1,notify:(t:1, i:0)
2024-07-18 11:33:55,774 [grpc-default-executor-5] INFO  impl.SnapshotInstallationHandler (SnapshotInstallationHandler.java:installSnapshotImpl(138)) - omNode-bootstrap-2@group-0AAC5367B30E: set new configuration configurationEntry {
  peers {
    id: "omNode-3"
    address: "localhost:15023"
    startupRole: FOLLOWER
  }
  peers {
    id: "omNode-1"
    address: "localhost:15015"
    startupRole: FOLLOWER
  }
  peers {
    id: "omNode-2"
    address: "localhost:15019"
    startupRole: FOLLOWER
  }
}
 from snapshot
2024-07-18 11:33:55,774 [grpc-default-executor-5] INFO  server.RaftServer$Division (ServerState.java:setRaftConf(386)) - omNode-bootstrap-2@group-0AAC5367B30E: set configuration conf: {index: 0, cur=peers:[omNode-3|localhost:15023, omNode-1|localhost:15015, omNode-2|localhost:15019]|listeners:[], old=null}
2024-07-18 11:33:55,775 [grpc-default-executor-5] INFO  ratis.OzoneManagerStateMachine (OzoneManagerStateMachine.java:notifyConfigurationChanged(216)) - Received Configuration change notification from Ratis. New Peer list:
[id: "omNode-3"
address: "localhost:15023"
startupRole: FOLLOWER
, id: "omNode-1"
address: "localhost:15015"
startupRole: FOLLOWER
, id: "omNode-2"
address: "localhost:15019"
startupRole: FOLLOWER
]
2024-07-18 11:33:55,775 [grpc-default-executor-5] INFO  impl.SnapshotInstallationHandler (SnapshotInstallationHandler.java:installSnapshot(103)) - omNode-bootstrap-2@group-0AAC5367B30E: reply installSnapshot: omNode-1<-omNode-bootstrap-2#0:FAIL-t1,IN_PROGRESS,snapshotIndex=0
2024-07-18 11:33:55,775 [grpc-default-executor-5] INFO  server.GrpcServerProtocolService (GrpcServerProtocolService.java:onCompleted(157)) - omNode-bootstrap-2: Completed INSTALL_SNAPSHOT, lastRequest: omNode-1->omNode-bootstrap-2#0-t1,notify:(t:1, i:0)
2024-07-18 11:33:55,775 [grpc-default-executor-5] INFO  server.GrpcServerProtocolService (GrpcServerProtocolService.java:lambda$onCompleted$5(159)) - omNode-bootstrap-2: Completed INSTALL_SNAPSHOT, lastReply: null
2024-07-18 11:33:55,776 [omNode-bootstrap-2-server-thread1] INFO  server.RaftServer$Division (RaftServerImpl.java:checkInconsistentAppendEntries(1629)) - omNode-bootstrap-2@group-0AAC5367B30E: Failed appendEntries as snapshot (0) installation is in progress
2024-07-18 11:33:55,777 [omNode-bootstrap-2-server-thread1] INFO  server.RaftServer$Division (RaftServerImpl.java:appendEntriesAsync(1584)) - omNode-bootstrap-2@group-0AAC5367B30E: appendEntries* reply omNode-1<-omNode-bootstrap-2#25:FAIL-t1,INCONSISTENCY,nextIndex=0,followerCommit=-1,matchIndex=-1
2024-07-18 11:33:55,777 [grpc-default-executor-5] INFO  impl.SnapshotInstallationHandler (SnapshotInstallationHandler.java:installSnapshot(92)) - omNode-bootstrap-2@group-0AAC5367B30E: receive installSnapshot: omNode-1->omNode-bootstrap-2#0-t1,notify:(t:1, i:0)
2024-07-18 11:33:55,780 [grpc-default-executor-5] INFO  impl.SnapshotInstallationHandler (SnapshotInstallationHandler.java:installSnapshotImpl(138)) - omNode-bootstrap-2@group-0AAC5367B30E: set new configuration configurationEntry {
  peers {
    id: "omNode-3"
    address: "localhost:15023"
    startupRole: FOLLOWER
  }
  peers {
    id: "omNode-1"
    address: "localhost:15015"
    startupRole: FOLLOWER
  }
  peers {
    id: "omNode-2"
    address: "localhost:15019"
    startupRole: FOLLOWER
  }
}
 from snapshot
2024-07-18 11:33:55,780 [grpc-default-executor-5] INFO  server.RaftServer$Division (ServerState.java:setRaftConf(386)) - omNode-bootstrap-2@group-0AAC5367B30E: set configuration conf: {index: 0, cur=peers:[omNode-3|localhost:15023, omNode-1|localhost:15015, omNode-2|localhost:15019]|listeners:[], old=null}
2024-07-18 11:33:55,781 [grpc-default-executor-5] INFO  ratis.OzoneManagerStateMachine (OzoneManagerStateMachine.java:notifyConfigurationChanged(216)) - Received Configuration change notification from Ratis. New Peer list:
[id: "omNode-3"
address: "localhost:15023"
startupRole: FOLLOWER
, id: "omNode-1"
address: "localhost:15015"
startupRole: FOLLOWER
, id: "omNode-2"
address: "localhost:15019"
startupRole: FOLLOWER
]
2024-07-18 11:33:55,781 [grpc-default-executor-5] INFO  impl.SnapshotInstallationHandler (SnapshotInstallationHandler.java:installSnapshot(103)) - omNode-bootstrap-2@group-0AAC5367B30E: reply installSnapshot: omNode-1<-omNode-bootstrap-2#0:FAIL-t1,IN_PROGRESS,snapshotIndex=0
2024-07-18 11:33:55,781 [grpc-default-executor-5] INFO  server.GrpcServerProtocolService (GrpcServerProtocolService.java:onCompleted(157)) - omNode-bootstrap-2: Completed INSTALL_SNAPSHOT, lastRequest: omNode-1->omNode-bootstrap-2#0-t1,notify:(t:1, i:0)
2024-07-18 11:33:55,782 [grpc-default-executor-5] INFO  server.GrpcServerProtocolService (GrpcServerProtocolService.java:lambda$onCompleted$5(159)) - omNode-bootstrap-2: Completed INSTALL_SNAPSHOT, lastReply: null
2024-07-18 11:33:55,783 [omNode-bootstrap-2-server-thread1] INFO  server.RaftServer$Division (RaftServerImpl.java:checkInconsistentAppendEntries(1629)) - omNode-bootstrap-2@group-0AAC5367B30E: Failed appendEntries as snapshot (0) installation is in progress
2024-07-18 11:33:55,783 [omNode-bootstrap-2-server-thread1] INFO  server.RaftServer$Division (RaftServerImpl.java:appendEntriesAsync(1584)) - omNode-bootstrap-2@group-0AAC5367B30E: appendEntries* reply omNode-1<-omNode-bootstrap-2#26:FAIL-t1,INCONSISTENCY,nextIndex=0,followerCommit=-1,matchIndex=-1
2024-07-18 11:33:55,784 [grpc-default-executor-1] INFO  impl.SnapshotInstallationHandler (SnapshotInstallationHandler.java:installSnapshot(92)) - omNode-bootstrap-2@group-0AAC5367B30E: receive installSnapshot: omNode-1->omNode-bootstrap-2#0-t1,notify:(t:1, i:0)
2024-07-18 11:33:55,784 [grpc-default-executor-1] INFO  impl.SnapshotInstallationHandler (SnapshotInstallationHandler.java:installSnapshotImpl(138)) - omNode-bootstrap-2@group-0AAC5367B30E: set new configuration configurationEntry {
  peers {
    id: "omNode-3"
    address: "localhost:15023"
    startupRole: FOLLOWER
  }
  peers {
    id: "omNode-1"
    address: "localhost:15015"
    startupRole: FOLLOWER
  }
  peers {
    id: "omNode-2"
    address: "localhost:15019"
    startupRole: FOLLOWER
  }
}
 from snapshot
2024-07-18 11:33:55,784 [grpc-default-executor-1] INFO  server.RaftServer$Division (ServerState.java:setRaftConf(386)) - omNode-bootstrap-2@group-0AAC5367B30E: set configuration conf: {index: 0, cur=peers:[omNode-3|localhost:15023, omNode-1|localhost:15015, omNode-2|localhost:15019]|listeners:[], old=null}
2024-07-18 11:33:55,785 [grpc-default-executor-1] INFO  ratis.OzoneManagerStateMachine (OzoneManagerStateMachine.java:notifyConfigurationChanged(216)) - Received Configuration change notification from Ratis. New Peer list:
[id: "omNode-3"
address: "localhost:15023"
startupRole: FOLLOWER
, id: "omNode-1"
address: "localhost:15015"
startupRole: FOLLOWER
, id: "omNode-2"
address: "localhost:15019"
startupRole: FOLLOWER
]
2024-07-18 11:33:55,785 [grpc-default-executor-1] INFO  impl.SnapshotInstallationHandler (SnapshotInstallationHandler.java:installSnapshot(103)) - omNode-bootstrap-2@group-0AAC5367B30E: reply installSnapshot: omNode-1<-omNode-bootstrap-2#0:FAIL-t1,IN_PROGRESS,snapshotIndex=0
2024-07-18 11:33:55,786 [grpc-default-executor-1] INFO  server.GrpcServerProtocolService (GrpcServerProtocolService.java:onCompleted(157)) - omNode-bootstrap-2: Completed INSTALL_SNAPSHOT, lastRequest: omNode-1->omNode-bootstrap-2#0-t1,notify:(t:1, i:0)
2024-07-18 11:33:55,786 [grpc-default-executor-1] INFO  server.GrpcServerProtocolService (GrpcServerProtocolService.java:lambda$onCompleted$5(159)) - omNode-bootstrap-2: Completed INSTALL_SNAPSHOT, lastReply: null
2024-07-18 11:33:55,787 [omNode-bootstrap-2-server-thread1] INFO  server.RaftServer$Division (RaftServerImpl.java:checkInconsistentAppendEntries(1629)) - omNode-bootstrap-2@group-0AAC5367B30E: Failed appendEntries as snapshot (0) installation is in progress
2024-07-18 11:33:55,787 [omNode-bootstrap-2-server-thread1] INFO  server.RaftServer$Division (RaftServerImpl.java:appendEntriesAsync(1584)) - omNode-bootstrap-2@group-0AAC5367B30E: appendEntries* reply omNode-1<-omNode-bootstrap-2#27:FAIL-t1,INCONSISTENCY,nextIndex=0,followerCommit=-1,matchIndex=-1
2024-07-18 11:33:55,788 [grpc-default-executor-1] INFO  impl.SnapshotInstallationHandler (SnapshotInstallationHandler.java:installSnapshot(92)) - omNode-bootstrap-2@group-0AAC5367B30E: receive installSnapshot: omNode-1->omNode-bootstrap-2#0-t1,notify:(t:1, i:0)
2024-07-18 11:33:55,788 [grpc-default-executor-1] INFO  impl.SnapshotInstallationHandler (SnapshotInstallationHandler.java:installSnapshotImpl(138)) - omNode-bootstrap-2@group-0AAC5367B30E: set new configuration configurationEntry {
  peers {
    id: "omNode-3"
    address: "localhost:15023"
    startupRole: FOLLOWER
  }
  peers {
    id: "omNode-1"
    address: "localhost:15015"
    startupRole: FOLLOWER
  }
  peers {
    id: "omNode-2"
    address: "localhost:15019"
    startupRole: FOLLOWER
  }
}
 from snapshot
2024-07-18 11:33:55,788 [grpc-default-executor-1] INFO  server.RaftServer$Division (ServerState.java:setRaftConf(386)) - omNode-bootstrap-2@group-0AAC5367B30E: set configuration conf: {index: 0, cur=peers:[omNode-3|localhost:15023, omNode-1|localhost:15015, omNode-2|localhost:15019]|listeners:[], old=null}
2024-07-18 11:33:55,789 [grpc-default-executor-1] INFO  ratis.OzoneManagerStateMachine (OzoneManagerStateMachine.java:notifyConfigurationChanged(216)) - Received Configuration change notification from Ratis. New Peer list:
[id: "omNode-3"
address: "localhost:15023"
startupRole: FOLLOWER
, id: "omNode-1"
address: "localhost:15015"
startupRole: FOLLOWER
, id: "omNode-2"
address: "localhost:15019"
startupRole: FOLLOWER
]
2024-07-18 11:33:55,789 [grpc-default-executor-1] INFO  impl.SnapshotInstallationHandler (SnapshotInstallationHandler.java:installSnapshot(103)) - omNode-bootstrap-2@group-0AAC5367B30E: reply installSnapshot: omNode-1<-omNode-bootstrap-2#0:FAIL-t1,IN_PROGRESS,snapshotIndex=0
2024-07-18 11:33:55,789 [grpc-default-executor-1] INFO  server.GrpcServerProtocolService (GrpcServerProtocolService.java:onCompleted(157)) - omNode-bootstrap-2: Completed INSTALL_SNAPSHOT, lastRequest: omNode-1->omNode-bootstrap-2#0-t1,notify:(t:1, i:0)
2024-07-18 11:33:55,789 [grpc-default-executor-1] INFO  server.GrpcServerProtocolService (GrpcServerProtocolService.java:lambda$onCompleted$5(159)) - omNode-bootstrap-2: Completed INSTALL_SNAPSHOT, lastReply: null
2024-07-18 11:33:55,790 [grpc-default-executor-1] INFO  impl.SnapshotInstallationHandler (SnapshotInstallationHandler.java:installSnapshot(92)) - omNode-bootstrap-2@group-0AAC5367B30E: receive installSnapshot: omNode-1->omNode-bootstrap-2#0-t1,notify:(t:1, i:0)
2024-07-18 11:33:55,791 [grpc-default-executor-1] INFO  impl.SnapshotInstallationHandler (SnapshotInstallationHandler.java:installSnapshotImpl(138)) - omNode-bootstrap-2@group-0AAC5367B30E: set new configuration configurationEntry {
  peers {
    id: "omNode-3"
    address: "localhost:15023"
    startupRole: FOLLOWER
  }
  peers {
    id: "omNode-1"
    address: "localhost:15015"
    startupRole: FOLLOWER
  }
  peers {
    id: "omNode-2"
    address: "localhost:15019"
    startupRole: FOLLOWER
  }
}
 from snapshot
2024-07-18 11:33:55,791 [grpc-default-executor-1] INFO  server.RaftServer$Division (ServerState.java:setRaftConf(386)) - omNode-bootstrap-2@group-0AAC5367B30E: set configuration conf: {index: 0, cur=peers:[omNode-3|localhost:15023, omNode-1|localhost:15015, omNode-2|localhost:15019]|listeners:[], old=null}
2024-07-18 11:33:55,791 [omNode-bootstrap-2-server-thread1] INFO  server.RaftServer$Division (RaftServerImpl.java:checkInconsistentAppendEntries(1629)) - omNode-bootstrap-2@group-0AAC5367B30E: Failed appendEntries as snapshot (0) installation is in progress
2024-07-18 11:33:55,791 [omNode-bootstrap-2-server-thread1] INFO  server.RaftServer$Division (RaftServerImpl.java:appendEntriesAsync(1584)) - omNode-bootstrap-2@group-0AAC5367B30E: appendEntries* reply omNode-1<-omNode-bootstrap-2#28:FAIL-t1,INCONSISTENCY,nextIndex=0,followerCommit=-1,matchIndex=-1
2024-07-18 11:33:55,792 [grpc-default-executor-1] INFO  ratis.OzoneManagerStateMachine (OzoneManagerStateMachine.java:notifyConfigurationChanged(216)) - Received Configuration change notification from Ratis. New Peer list:
[id: "omNode-3"
address: "localhost:15023"
startupRole: FOLLOWER
, id: "omNode-1"
address: "localhost:15015"
startupRole: FOLLOWER
, id: "omNode-2"
address: "localhost:15019"
startupRole: FOLLOWER
]
2024-07-18 11:33:55,792 [grpc-default-executor-1] INFO  impl.SnapshotInstallationHandler (SnapshotInstallationHandler.java:installSnapshot(103)) - omNode-bootstrap-2@group-0AAC5367B30E: reply installSnapshot: omNode-1<-omNode-bootstrap-2#0:FAIL-t1,IN_PROGRESS,snapshotIndex=0
2024-07-18 11:33:55,792 [grpc-default-executor-1] INFO  server.GrpcServerProtocolService (GrpcServerProtocolService.java:onCompleted(157)) - omNode-bootstrap-2: Completed INSTALL_SNAPSHOT, lastRequest: omNode-1->omNode-bootstrap-2#0-t1,notify:(t:1, i:0)
2024-07-18 11:33:55,792 [grpc-default-executor-1] INFO  server.GrpcServerProtocolService (GrpcServerProtocolService.java:lambda$onCompleted$5(159)) - omNode-bootstrap-2: Completed INSTALL_SNAPSHOT, lastReply: null
2024-07-18 11:33:55,793 [omNode-bootstrap-2-server-thread1] INFO  server.RaftServer$Division (RaftServerImpl.java:checkInconsistentAppendEntries(1629)) - omNode-bootstrap-2@group-0AAC5367B30E: Failed appendEntries as snapshot (0) installation is in progress
2024-07-18 11:33:55,793 [omNode-bootstrap-2-server-thread1] INFO  server.RaftServer$Division (RaftServerImpl.java:appendEntriesAsync(1584)) - omNode-bootstrap-2@group-0AAC5367B30E: appendEntries* reply omNode-1<-omNode-bootstrap-2#29:FAIL-t1,INCONSISTENCY,nextIndex=0,followerCommit=-1,matchIndex=-1
2024-07-18 11:33:55,793 [grpc-default-executor-3] INFO  impl.SnapshotInstallationHandler (SnapshotInstallationHandler.java:installSnapshot(92)) - omNode-bootstrap-2@group-0AAC5367B30E: receive installSnapshot: omNode-1->omNode-bootstrap-2#0-t1,notify:(t:1, i:0)
2024-07-18 11:33:55,794 [grpc-default-executor-3] INFO  impl.SnapshotInstallationHandler (SnapshotInstallationHandler.java:installSnapshotImpl(138)) - omNode-bootstrap-2@group-0AAC5367B30E: set new configuration configurationEntry {
  peers {
    id: "omNode-3"
    address: "localhost:15023"
    startupRole: FOLLOWER
  }
  peers {
    id: "omNode-1"
    address: "localhost:15015"
    startupRole: FOLLOWER
  }
  peers {
    id: "omNode-2"
    address: "localhost:15019"
    startupRole: FOLLOWER
  }
}
 from snapshot
2024-07-18 11:33:55,794 [grpc-default-executor-3] INFO  server.RaftServer$Division (ServerState.java:setRaftConf(386)) - omNode-bootstrap-2@group-0AAC5367B30E: set configuration conf: {index: 0, cur=peers:[omNode-3|localhost:15023, omNode-1|localhost:15015, omNode-2|localhost:15019]|listeners:[], old=null}
2024-07-18 11:33:55,795 [grpc-default-executor-3] INFO  ratis.OzoneManagerStateMachine (OzoneManagerStateMachine.java:notifyConfigurationChanged(216)) - Received Configuration change notification from Ratis. New Peer list:
[id: "omNode-3"
address: "localhost:15023"
startupRole: FOLLOWER
, id: "omNode-1"
address: "localhost:15015"
startupRole: FOLLOWER
, id: "omNode-2"
address: "localhost:15019"
startupRole: FOLLOWER
]
2024-07-18 11:33:55,795 [grpc-default-executor-3] INFO  impl.SnapshotInstallationHandler (SnapshotInstallationHandler.java:installSnapshot(103)) - omNode-bootstrap-2@group-0AAC5367B30E: reply installSnapshot: omNode-1<-omNode-bootstrap-2#0:FAIL-t1,IN_PROGRESS,snapshotIndex=0
2024-07-18 11:33:55,795 [grpc-default-executor-3] INFO  server.GrpcServerProtocolService (GrpcServerProtocolService.java:onCompleted(157)) - omNode-bootstrap-2: Completed INSTALL_SNAPSHOT, lastRequest: omNode-1->omNode-bootstrap-2#0-t1,notify:(t:1, i:0)
2024-07-18 11:33:55,795 [grpc-default-executor-3] INFO  server.GrpcServerProtocolService (GrpcServerProtocolService.java:lambda$onCompleted$5(159)) - omNode-bootstrap-2: Completed INSTALL_SNAPSHOT, lastReply: null
2024-07-18 11:33:55,797 [omNode-bootstrap-2-server-thread1] INFO  server.RaftServer$Division (RaftServerImpl.java:checkInconsistentAppendEntries(1629)) - omNode-bootstrap-2@group-0AAC5367B30E: Failed appendEntries as snapshot (0) installation is in progress
2024-07-18 11:33:55,797 [omNode-bootstrap-2-server-thread1] INFO  server.RaftServer$Division (RaftServerImpl.java:appendEntriesAsync(1584)) - omNode-bootstrap-2@group-0AAC5367B30E: appendEntries* reply omNode-1<-omNode-bootstrap-2#30:FAIL-t1,INCONSISTENCY,nextIndex=0,followerCommit=-1,matchIndex=-1
2024-07-18 11:33:55,797 [grpc-default-executor-3] INFO  impl.SnapshotInstallationHandler (SnapshotInstallationHandler.java:installSnapshot(92)) - omNode-bootstrap-2@group-0AAC5367B30E: receive installSnapshot: omNode-1->omNode-bootstrap-2#0-t1,notify:(t:1, i:0)
2024-07-18 11:33:55,798 [grpc-default-executor-3] INFO  impl.SnapshotInstallationHandler (SnapshotInstallationHandler.java:installSnapshotImpl(138)) - omNode-bootstrap-2@group-0AAC5367B30E: set new configuration configurationEntry {
  peers {
    id: "omNode-3"
    address: "localhost:15023"
    startupRole: FOLLOWER
  }
  peers {
    id: "omNode-1"
    address: "localhost:15015"
    startupRole: FOLLOWER
  }
  peers {
    id: "omNode-2"
    address: "localhost:15019"
    startupRole: FOLLOWER
  }
}
 from snapshot
2024-07-18 11:33:55,798 [grpc-default-executor-3] INFO  server.RaftServer$Division (ServerState.java:setRaftConf(386)) - omNode-bootstrap-2@group-0AAC5367B30E: set configuration conf: {index: 0, cur=peers:[omNode-3|localhost:15023, omNode-1|localhost:15015, omNode-2|localhost:15019]|listeners:[], old=null}
2024-07-18 11:33:55,800 [grpc-default-executor-3] INFO  ratis.OzoneManagerStateMachine (OzoneManagerStateMachine.java:notifyConfigurationChanged(216)) - Received Configuration change notification from Ratis. New Peer list:
[id: "omNode-3"
address: "localhost:15023"
startupRole: FOLLOWER
, id: "omNode-1"
address: "localhost:15015"
startupRole: FOLLOWER
, id: "omNode-2"
address: "localhost:15019"
startupRole: FOLLOWER
]
2024-07-18 11:33:55,801 [grpc-default-executor-3] INFO  impl.SnapshotInstallationHandler (SnapshotInstallationHandler.java:installSnapshot(103)) - omNode-bootstrap-2@group-0AAC5367B30E: reply installSnapshot: omNode-1<-omNode-bootstrap-2#0:FAIL-t1,IN_PROGRESS,snapshotIndex=0
2024-07-18 11:33:55,801 [grpc-default-executor-3] INFO  server.GrpcServerProtocolService (GrpcServerProtocolService.java:onCompleted(157)) - omNode-bootstrap-2: Completed INSTALL_SNAPSHOT, lastRequest: omNode-1->omNode-bootstrap-2#0-t1,notify:(t:1, i:0)
2024-07-18 11:33:55,801 [grpc-default-executor-3] INFO  server.GrpcServerProtocolService (GrpcServerProtocolService.java:lambda$onCompleted$5(159)) - omNode-bootstrap-2: Completed INSTALL_SNAPSHOT, lastReply: null
2024-07-18 11:33:55,802 [omNode-bootstrap-2-server-thread1] INFO  server.RaftServer$Division (RaftServerImpl.java:checkInconsistentAppendEntries(1629)) - omNode-bootstrap-2@group-0AAC5367B30E: Failed appendEntries as snapshot (0) installation is in progress
2024-07-18 11:33:55,802 [omNode-bootstrap-2-server-thread1] INFO  server.RaftServer$Division (RaftServerImpl.java:appendEntriesAsync(1584)) - omNode-bootstrap-2@group-0AAC5367B30E: appendEntries* reply omNode-1<-omNode-bootstrap-2#31:FAIL-t1,INCONSISTENCY,nextIndex=0,followerCommit=-1,matchIndex=-1
2024-07-18 11:33:55,802 [grpc-default-executor-3] INFO  impl.SnapshotInstallationHandler (SnapshotInstallationHandler.java:installSnapshot(92)) - omNode-bootstrap-2@group-0AAC5367B30E: receive installSnapshot: omNode-1->omNode-bootstrap-2#0-t1,notify:(t:1, i:0)
2024-07-18 11:33:55,803 [grpc-default-executor-3] INFO  impl.SnapshotInstallationHandler (SnapshotInstallationHandler.java:installSnapshotImpl(138)) - omNode-bootstrap-2@group-0AAC5367B30E: set new configuration configurationEntry {
  peers {
    id: "omNode-3"
    address: "localhost:15023"
    startupRole: FOLLOWER
  }
  peers {
    id: "omNode-1"
    address: "localhost:15015"
    startupRole: FOLLOWER
  }
  peers {
    id: "omNode-2"
    address: "localhost:15019"
    startupRole: FOLLOWER
  }
}
 from snapshot
2024-07-18 11:33:55,803 [grpc-default-executor-3] INFO  server.RaftServer$Division (ServerState.java:setRaftConf(386)) - omNode-bootstrap-2@group-0AAC5367B30E: set configuration conf: {index: 0, cur=peers:[omNode-3|localhost:15023, omNode-1|localhost:15015, omNode-2|localhost:15019]|listeners:[], old=null}
2024-07-18 11:33:55,804 [grpc-default-executor-3] INFO  ratis.OzoneManagerStateMachine (OzoneManagerStateMachine.java:notifyConfigurationChanged(216)) - Received Configuration change notification from Ratis. New Peer list:
[id: "omNode-3"
address: "localhost:15023"
startupRole: FOLLOWER
, id: "omNode-1"
address: "localhost:15015"
startupRole: FOLLOWER
, id: "omNode-2"
address: "localhost:15019"
startupRole: FOLLOWER
]
2024-07-18 11:33:55,804 [grpc-default-executor-3] INFO  impl.SnapshotInstallationHandler (SnapshotInstallationHandler.java:installSnapshot(103)) - omNode-bootstrap-2@group-0AAC5367B30E: reply installSnapshot: omNode-1<-omNode-bootstrap-2#0:FAIL-t1,IN_PROGRESS,snapshotIndex=0
2024-07-18 11:33:55,804 [grpc-default-executor-3] INFO  server.GrpcServerProtocolService (GrpcServerProtocolService.java:onCompleted(157)) - omNode-bootstrap-2: Completed INSTALL_SNAPSHOT, lastRequest: omNode-1->omNode-bootstrap-2#0-t1,notify:(t:1, i:0)
2024-07-18 11:33:55,804 [grpc-default-executor-3] INFO  server.GrpcServerProtocolService (GrpcServerProtocolService.java:lambda$onCompleted$5(159)) - omNode-bootstrap-2: Completed INSTALL_SNAPSHOT, lastReply: null
2024-07-18 11:33:55,805 [omNode-bootstrap-2-server-thread1] INFO  server.RaftServer$Division (RaftServerImpl.java:checkInconsistentAppendEntries(1629)) - omNode-bootstrap-2@group-0AAC5367B30E: Failed appendEntries as snapshot (0) installation is in progress
2024-07-18 11:33:55,805 [omNode-bootstrap-2-server-thread1] INFO  server.RaftServer$Division (RaftServerImpl.java:appendEntriesAsync(1584)) - omNode-bootstrap-2@group-0AAC5367B30E: appendEntries* reply omNode-1<-omNode-bootstrap-2#32:FAIL-t1,INCONSISTENCY,nextIndex=0,followerCommit=-1,matchIndex=-1
2024-07-18 11:33:55,806 [grpc-default-executor-3] INFO  impl.SnapshotInstallationHandler (SnapshotInstallationHandler.java:installSnapshot(92)) - omNode-bootstrap-2@group-0AAC5367B30E: receive installSnapshot: omNode-1->omNode-bootstrap-2#0-t1,notify:(t:1, i:0)
2024-07-18 11:33:55,806 [grpc-default-executor-3] INFO  impl.SnapshotInstallationHandler (SnapshotInstallationHandler.java:installSnapshotImpl(138)) - omNode-bootstrap-2@group-0AAC5367B30E: set new configuration configurationEntry {
  peers {
    id: "omNode-3"
    address: "localhost:15023"
    startupRole: FOLLOWER
  }
  peers {
    id: "omNode-1"
    address: "localhost:15015"
    startupRole: FOLLOWER
  }
  peers {
    id: "omNode-2"
    address: "localhost:15019"
    startupRole: FOLLOWER
  }
}
 from snapshot
2024-07-18 11:33:55,806 [grpc-default-executor-3] INFO  server.RaftServer$Division (ServerState.java:setRaftConf(386)) - omNode-bootstrap-2@group-0AAC5367B30E: set configuration conf: {index: 0, cur=peers:[omNode-3|localhost:15023, omNode-1|localhost:15015, omNode-2|localhost:15019]|listeners:[], old=null}
2024-07-18 11:33:55,808 [grpc-default-executor-3] INFO  ratis.OzoneManagerStateMachine (OzoneManagerStateMachine.java:notifyConfigurationChanged(216)) - Received Configuration change notification from Ratis. New Peer list:
[id: "omNode-3"
address: "localhost:15023"
startupRole: FOLLOWER
, id: "omNode-1"
address: "localhost:15015"
startupRole: FOLLOWER
, id: "omNode-2"
address: "localhost:15019"
startupRole: FOLLOWER
]
2024-07-18 11:33:55,808 [grpc-default-executor-3] INFO  impl.SnapshotInstallationHandler (SnapshotInstallationHandler.java:installSnapshot(103)) - omNode-bootstrap-2@group-0AAC5367B30E: reply installSnapshot: omNode-1<-omNode-bootstrap-2#0:FAIL-t1,IN_PROGRESS,snapshotIndex=0
2024-07-18 11:33:55,808 [grpc-default-executor-3] INFO  server.GrpcServerProtocolService (GrpcServerProtocolService.java:onCompleted(157)) - omNode-bootstrap-2: Completed INSTALL_SNAPSHOT, lastRequest: omNode-1->omNode-bootstrap-2#0-t1,notify:(t:1, i:0)
2024-07-18 11:33:55,808 [grpc-default-executor-3] INFO  server.GrpcServerProtocolService (GrpcServerProtocolService.java:lambda$onCompleted$5(159)) - omNode-bootstrap-2: Completed INSTALL_SNAPSHOT, lastReply: null
2024-07-18 11:33:55,809 [omNode-bootstrap-2-server-thread1] INFO  server.RaftServer$Division (RaftServerImpl.java:checkInconsistentAppendEntries(1629)) - omNode-bootstrap-2@group-0AAC5367B30E: Failed appendEntries as snapshot (0) installation is in progress
2024-07-18 11:33:55,809 [omNode-bootstrap-2-server-thread1] INFO  server.RaftServer$Division (RaftServerImpl.java:appendEntriesAsync(1584)) - omNode-bootstrap-2@group-0AAC5367B30E: appendEntries* reply omNode-1<-omNode-bootstrap-2#33:FAIL-t1,INCONSISTENCY,nextIndex=0,followerCommit=-1,matchIndex=-1
2024-07-18 11:33:55,810 [grpc-default-executor-3] INFO  impl.SnapshotInstallationHandler (SnapshotInstallationHandler.java:installSnapshot(92)) - omNode-bootstrap-2@group-0AAC5367B30E: receive installSnapshot: omNode-1->omNode-bootstrap-2#0-t1,notify:(t:1, i:0)
2024-07-18 11:33:55,810 [grpc-default-executor-3] INFO  impl.SnapshotInstallationHandler (SnapshotInstallationHandler.java:installSnapshotImpl(138)) - omNode-bootstrap-2@group-0AAC5367B30E: set new configuration configurationEntry {
  peers {
    id: "omNode-3"
    address: "localhost:15023"
    startupRole: FOLLOWER
  }
  peers {
    id: "omNode-1"
    address: "localhost:15015"
    startupRole: FOLLOWER
  }
  peers {
    id: "omNode-2"
    address: "localhost:15019"
    startupRole: FOLLOWER
  }
}
 from snapshot
2024-07-18 11:33:55,810 [grpc-default-executor-3] INFO  server.RaftServer$Division (ServerState.java:setRaftConf(386)) - omNode-bootstrap-2@group-0AAC5367B30E: set configuration conf: {index: 0, cur=peers:[omNode-3|localhost:15023, omNode-1|localhost:15015, omNode-2|localhost:15019]|listeners:[], old=null}
2024-07-18 11:33:55,811 [grpc-default-executor-3] INFO  ratis.OzoneManagerStateMachine (OzoneManagerStateMachine.java:notifyConfigurationChanged(216)) - Received Configuration change notification from Ratis. New Peer list:
[id: "omNode-3"
address: "localhost:15023"
startupRole: FOLLOWER
, id: "omNode-1"
address: "localhost:15015"
startupRole: FOLLOWER
, id: "omNode-2"
address: "localhost:15019"
startupRole: FOLLOWER
]
2024-07-18 11:33:55,812 [grpc-default-executor-3] INFO  impl.SnapshotInstallationHandler (SnapshotInstallationHandler.java:installSnapshot(103)) - omNode-bootstrap-2@group-0AAC5367B30E: reply installSnapshot: omNode-1<-omNode-bootstrap-2#0:FAIL-t1,IN_PROGRESS,snapshotIndex=0
2024-07-18 11:33:55,812 [grpc-default-executor-3] INFO  server.GrpcServerProtocolService (GrpcServerProtocolService.java:onCompleted(157)) - omNode-bootstrap-2: Completed INSTALL_SNAPSHOT, lastRequest: omNode-1->omNode-bootstrap-2#0-t1,notify:(t:1, i:0)
2024-07-18 11:33:55,812 [grpc-default-executor-3] INFO  server.GrpcServerProtocolService (GrpcServerProtocolService.java:lambda$onCompleted$5(159)) - omNode-bootstrap-2: Completed INSTALL_SNAPSHOT, lastReply: null
2024-07-18 11:33:55,813 [omNode-bootstrap-2-server-thread1] INFO  server.RaftServer$Division (RaftServerImpl.java:checkInconsistentAppendEntries(1629)) - omNode-bootstrap-2@group-0AAC5367B30E: Failed appendEntries as snapshot (0) installation is in progress
2024-07-18 11:33:55,813 [omNode-bootstrap-2-server-thread1] INFO  server.RaftServer$Division (RaftServerImpl.java:appendEntriesAsync(1584)) - omNode-bootstrap-2@group-0AAC5367B30E: appendEntries* reply omNode-1<-omNode-bootstrap-2#34:FAIL-t1,INCONSISTENCY,nextIndex=0,followerCommit=-1,matchIndex=-1
2024-07-18 11:33:55,814 [grpc-default-executor-3] INFO  impl.SnapshotInstallationHandler (SnapshotInstallationHandler.java:installSnapshot(92)) - omNode-bootstrap-2@group-0AAC5367B30E: receive installSnapshot: omNode-1->omNode-bootstrap-2#0-t1,notify:(t:1, i:0)
2024-07-18 11:33:55,815 [grpc-default-executor-3] INFO  impl.SnapshotInstallationHandler (SnapshotInstallationHandler.java:installSnapshotImpl(138)) - omNode-bootstrap-2@group-0AAC5367B30E: set new configuration configurationEntry {
  peers {
    id: "omNode-3"
    address: "localhost:15023"
    startupRole: FOLLOWER
  }
  peers {
    id: "omNode-1"
    address: "localhost:15015"
    startupRole: FOLLOWER
  }
  peers {
    id: "omNode-2"
    address: "localhost:15019"
    startupRole: FOLLOWER
  }
}
 from snapshot
2024-07-18 11:33:55,815 [grpc-default-executor-3] INFO  server.RaftServer$Division (ServerState.java:setRaftConf(386)) - omNode-bootstrap-2@group-0AAC5367B30E: set configuration conf: {index: 0, cur=peers:[omNode-3|localhost:15023, omNode-1|localhost:15015, omNode-2|localhost:15019]|listeners:[], old=null}
2024-07-18 11:33:55,816 [grpc-default-executor-3] INFO  ratis.OzoneManagerStateMachine (OzoneManagerStateMachine.java:notifyConfigurationChanged(216)) - Received Configuration change notification from Ratis. New Peer list:
[id: "omNode-3"
address: "localhost:15023"
startupRole: FOLLOWER
, id: "omNode-1"
address: "localhost:15015"
startupRole: FOLLOWER
, id: "omNode-2"
address: "localhost:15019"
startupRole: FOLLOWER
]
2024-07-18 11:33:55,816 [grpc-default-executor-3] INFO  impl.SnapshotInstallationHandler (SnapshotInstallationHandler.java:installSnapshot(103)) - omNode-bootstrap-2@group-0AAC5367B30E: reply installSnapshot: omNode-1<-omNode-bootstrap-2#0:FAIL-t1,IN_PROGRESS,snapshotIndex=0
2024-07-18 11:33:55,817 [grpc-default-executor-3] INFO  server.GrpcServerProtocolService (GrpcServerProtocolService.java:onCompleted(157)) - omNode-bootstrap-2: Completed INSTALL_SNAPSHOT, lastRequest: omNode-1->omNode-bootstrap-2#0-t1,notify:(t:1, i:0)
2024-07-18 11:33:55,817 [grpc-default-executor-3] INFO  server.GrpcServerProtocolService (GrpcServerProtocolService.java:lambda$onCompleted$5(159)) - omNode-bootstrap-2: Completed INSTALL_SNAPSHOT, lastReply: null
2024-07-18 11:33:55,818 [omNode-bootstrap-2-server-thread1] INFO  server.RaftServer$Division (RaftServerImpl.java:checkInconsistentAppendEntries(1629)) - omNode-bootstrap-2@group-0AAC5367B30E: Failed appendEntries as snapshot (0) installation is in progress
2024-07-18 11:33:55,818 [omNode-bootstrap-2-server-thread1] INFO  server.RaftServer$Division (RaftServerImpl.java:appendEntriesAsync(1584)) - omNode-bootstrap-2@group-0AAC5367B30E: appendEntries* reply omNode-1<-omNode-bootstrap-2#35:FAIL-t1,INCONSISTENCY,nextIndex=0,followerCommit=-1,matchIndex=-1
2024-07-18 11:33:55,819 [grpc-default-executor-3] INFO  impl.SnapshotInstallationHandler (SnapshotInstallationHandler.java:installSnapshot(92)) - omNode-bootstrap-2@group-0AAC5367B30E: receive installSnapshot: omNode-1->omNode-bootstrap-2#0-t1,notify:(t:1, i:0)
2024-07-18 11:33:55,819 [grpc-default-executor-3] INFO  impl.SnapshotInstallationHandler (SnapshotInstallationHandler.java:installSnapshotImpl(138)) - omNode-bootstrap-2@group-0AAC5367B30E: set new configuration configurationEntry {
  peers {
    id: "omNode-3"
    address: "localhost:15023"
    startupRole: FOLLOWER
  }
  peers {
    id: "omNode-1"
    address: "localhost:15015"
    startupRole: FOLLOWER
  }
  peers {
    id: "omNode-2"
    address: "localhost:15019"
    startupRole: FOLLOWER
  }
}
 from snapshot
2024-07-18 11:33:55,819 [grpc-default-executor-3] INFO  server.RaftServer$Division (ServerState.java:setRaftConf(386)) - omNode-bootstrap-2@group-0AAC5367B30E: set configuration conf: {index: 0, cur=peers:[omNode-3|localhost:15023, omNode-1|localhost:15015, omNode-2|localhost:15019]|listeners:[], old=null}
2024-07-18 11:33:55,820 [grpc-default-executor-3] INFO  ratis.OzoneManagerStateMachine (OzoneManagerStateMachine.java:notifyConfigurationChanged(216)) - Received Configuration change notification from Ratis. New Peer list:
[id: "omNode-3"
address: "localhost:15023"
startupRole: FOLLOWER
, id: "omNode-1"
address: "localhost:15015"
startupRole: FOLLOWER
, id: "omNode-2"
address: "localhost:15019"
startupRole: FOLLOWER
]
2024-07-18 11:33:55,820 [grpc-default-executor-3] INFO  impl.SnapshotInstallationHandler (SnapshotInstallationHandler.java:installSnapshot(103)) - omNode-bootstrap-2@group-0AAC5367B30E: reply installSnapshot: omNode-1<-omNode-bootstrap-2#0:FAIL-t1,IN_PROGRESS,snapshotIndex=0
2024-07-18 11:33:55,821 [grpc-default-executor-3] INFO  server.GrpcServerProtocolService (GrpcServerProtocolService.java:onCompleted(157)) - omNode-bootstrap-2: Completed INSTALL_SNAPSHOT, lastRequest: omNode-1->omNode-bootstrap-2#0-t1,notify:(t:1, i:0)
2024-07-18 11:33:55,821 [grpc-default-executor-3] INFO  server.GrpcServerProtocolService (GrpcServerProtocolService.java:lambda$onCompleted$5(159)) - omNode-bootstrap-2: Completed INSTALL_SNAPSHOT, lastReply: null
2024-07-18 11:33:55,822 [omNode-bootstrap-2-server-thread1] INFO  server.RaftServer$Division (RaftServerImpl.java:checkInconsistentAppendEntries(1629)) - omNode-bootstrap-2@group-0AAC5367B30E: Failed appendEntries as snapshot (0) installation is in progress
2024-07-18 11:33:55,822 [omNode-bootstrap-2-server-thread1] INFO  server.RaftServer$Division (RaftServerImpl.java:appendEntriesAsync(1584)) - omNode-bootstrap-2@group-0AAC5367B30E: appendEntries* reply omNode-1<-omNode-bootstrap-2#36:FAIL-t1,INCONSISTENCY,nextIndex=0,followerCommit=-1,matchIndex=-1
2024-07-18 11:33:55,822 [grpc-default-executor-1] INFO  impl.SnapshotInstallationHandler (SnapshotInstallationHandler.java:installSnapshot(92)) - omNode-bootstrap-2@group-0AAC5367B30E: receive installSnapshot: omNode-1->omNode-bootstrap-2#0-t1,notify:(t:1, i:0)
2024-07-18 11:33:55,822 [grpc-default-executor-1] INFO  impl.SnapshotInstallationHandler (SnapshotInstallationHandler.java:installSnapshotImpl(138)) - omNode-bootstrap-2@group-0AAC5367B30E: set new configuration configurationEntry {
  peers {
    id: "omNode-3"
    address: "localhost:15023"
    startupRole: FOLLOWER
  }
  peers {
    id: "omNode-1"
    address: "localhost:15015"
    startupRole: FOLLOWER
  }
  peers {
    id: "omNode-2"
    address: "localhost:15019"
    startupRole: FOLLOWER
  }
}
 from snapshot
2024-07-18 11:33:55,823 [grpc-default-executor-1] INFO  server.RaftServer$Division (ServerState.java:setRaftConf(386)) - omNode-bootstrap-2@group-0AAC5367B30E: set configuration conf: {index: 0, cur=peers:[omNode-3|localhost:15023, omNode-1|localhost:15015, omNode-2|localhost:15019]|listeners:[], old=null}
2024-07-18 11:33:55,824 [grpc-default-executor-1] INFO  ratis.OzoneManagerStateMachine (OzoneManagerStateMachine.java:notifyConfigurationChanged(216)) - Received Configuration change notification from Ratis. New Peer list:
[id: "omNode-3"
address: "localhost:15023"
startupRole: FOLLOWER
, id: "omNode-1"
address: "localhost:15015"
startupRole: FOLLOWER
, id: "omNode-2"
address: "localhost:15019"
startupRole: FOLLOWER
]
2024-07-18 11:33:55,824 [grpc-default-executor-1] INFO  impl.SnapshotInstallationHandler (SnapshotInstallationHandler.java:installSnapshot(103)) - omNode-bootstrap-2@group-0AAC5367B30E: reply installSnapshot: omNode-1<-omNode-bootstrap-2#0:FAIL-t1,IN_PROGRESS,snapshotIndex=0
2024-07-18 11:33:55,824 [grpc-default-executor-1] INFO  server.GrpcServerProtocolService (GrpcServerProtocolService.java:onCompleted(157)) - omNode-bootstrap-2: Completed INSTALL_SNAPSHOT, lastRequest: omNode-1->omNode-bootstrap-2#0-t1,notify:(t:1, i:0)
2024-07-18 11:33:55,824 [grpc-default-executor-1] INFO  server.GrpcServerProtocolService (GrpcServerProtocolService.java:lambda$onCompleted$5(159)) - omNode-bootstrap-2: Completed INSTALL_SNAPSHOT, lastReply: null
2024-07-18 11:33:55,825 [grpc-default-executor-5] INFO  impl.SnapshotInstallationHandler (SnapshotInstallationHandler.java:installSnapshot(92)) - omNode-bootstrap-2@group-0AAC5367B30E: receive installSnapshot: omNode-1->omNode-bootstrap-2#0-t1,notify:(t:1, i:0)
2024-07-18 11:33:55,826 [grpc-default-executor-5] INFO  impl.SnapshotInstallationHandler (SnapshotInstallationHandler.java:installSnapshotImpl(138)) - omNode-bootstrap-2@group-0AAC5367B30E: set new configuration configurationEntry {
  peers {
    id: "omNode-3"
    address: "localhost:15023"
    startupRole: FOLLOWER
  }
  peers {
    id: "omNode-1"
    address: "localhost:15015"
    startupRole: FOLLOWER
  }
  peers {
    id: "omNode-2"
    address: "localhost:15019"
    startupRole: FOLLOWER
  }
}
 from snapshot
2024-07-18 11:33:55,826 [grpc-default-executor-5] INFO  server.RaftServer$Division (ServerState.java:setRaftConf(386)) - omNode-bootstrap-2@group-0AAC5367B30E: set configuration conf: {index: 0, cur=peers:[omNode-3|localhost:15023, omNode-1|localhost:15015, omNode-2|localhost:15019]|listeners:[], old=null}
2024-07-18 11:33:55,827 [omNode-bootstrap-2-server-thread1] INFO  server.RaftServer$Division (RaftServerImpl.java:checkInconsistentAppendEntries(1629)) - omNode-bootstrap-2@group-0AAC5367B30E: Failed appendEntries as snapshot (0) installation is in progress
2024-07-18 11:33:55,827 [omNode-bootstrap-2-server-thread1] INFO  server.RaftServer$Division (RaftServerImpl.java:appendEntriesAsync(1584)) - omNode-bootstrap-2@group-0AAC5367B30E: appendEntries* reply omNode-1<-omNode-bootstrap-2#37:FAIL-t1,INCONSISTENCY,nextIndex=0,followerCommit=-1,matchIndex=-1
2024-07-18 11:33:55,827 [grpc-default-executor-5] INFO  ratis.OzoneManagerStateMachine (OzoneManagerStateMachine.java:notifyConfigurationChanged(216)) - Received Configuration change notification from Ratis. New Peer list:
[id: "omNode-3"
address: "localhost:15023"
startupRole: FOLLOWER
, id: "omNode-1"
address: "localhost:15015"
startupRole: FOLLOWER
, id: "omNode-2"
address: "localhost:15019"
startupRole: FOLLOWER
]
2024-07-18 11:33:55,827 [grpc-default-executor-5] INFO  impl.SnapshotInstallationHandler (SnapshotInstallationHandler.java:installSnapshot(103)) - omNode-bootstrap-2@group-0AAC5367B30E: reply installSnapshot: omNode-1<-omNode-bootstrap-2#0:FAIL-t1,IN_PROGRESS,snapshotIndex=0
2024-07-18 11:33:55,828 [grpc-default-executor-5] INFO  server.GrpcServerProtocolService (GrpcServerProtocolService.java:onCompleted(157)) - omNode-bootstrap-2: Completed INSTALL_SNAPSHOT, lastRequest: omNode-1->omNode-bootstrap-2#0-t1,notify:(t:1, i:0)
2024-07-18 11:33:55,828 [grpc-default-executor-5] INFO  server.GrpcServerProtocolService (GrpcServerProtocolService.java:lambda$onCompleted$5(159)) - omNode-bootstrap-2: Completed INSTALL_SNAPSHOT, lastReply: null
2024-07-18 11:33:55,829 [omNode-bootstrap-2-server-thread1] INFO  server.RaftServer$Division (RaftServerImpl.java:checkInconsistentAppendEntries(1629)) - omNode-bootstrap-2@group-0AAC5367B30E: Failed appendEntries as snapshot (0) installation is in progress
2024-07-18 11:33:55,829 [omNode-bootstrap-2-server-thread1] INFO  server.RaftServer$Division (RaftServerImpl.java:appendEntriesAsync(1584)) - omNode-bootstrap-2@group-0AAC5367B30E: appendEntries* reply omNode-1<-omNode-bootstrap-2#38:FAIL-t1,INCONSISTENCY,nextIndex=0,followerCommit=-1,matchIndex=-1
2024-07-18 11:33:55,830 [grpc-default-executor-1] INFO  impl.SnapshotInstallationHandler (SnapshotInstallationHandler.java:installSnapshot(92)) - omNode-bootstrap-2@group-0AAC5367B30E: receive installSnapshot: omNode-1->omNode-bootstrap-2#0-t1,notify:(t:1, i:0)
2024-07-18 11:33:55,830 [grpc-default-executor-1] INFO  impl.SnapshotInstallationHandler (SnapshotInstallationHandler.java:installSnapshotImpl(138)) - omNode-bootstrap-2@group-0AAC5367B30E: set new configuration configurationEntry {
  peers {
    id: "omNode-3"
    address: "localhost:15023"
    startupRole: FOLLOWER
  }
  peers {
    id: "omNode-1"
    address: "localhost:15015"
    startupRole: FOLLOWER
  }
  peers {
    id: "omNode-2"
    address: "localhost:15019"
    startupRole: FOLLOWER
  }
}
 from snapshot
2024-07-18 11:33:55,830 [grpc-default-executor-1] INFO  server.RaftServer$Division (ServerState.java:setRaftConf(386)) - omNode-bootstrap-2@group-0AAC5367B30E: set configuration conf: {index: 0, cur=peers:[omNode-3|localhost:15023, omNode-1|localhost:15015, omNode-2|localhost:15019]|listeners:[], old=null}
2024-07-18 11:33:55,831 [grpc-default-executor-1] INFO  ratis.OzoneManagerStateMachine (OzoneManagerStateMachine.java:notifyConfigurationChanged(216)) - Received Configuration change notification from Ratis. New Peer list:
[id: "omNode-3"
address: "localhost:15023"
startupRole: FOLLOWER
, id: "omNode-1"
address: "localhost:15015"
startupRole: FOLLOWER
, id: "omNode-2"
address: "localhost:15019"
startupRole: FOLLOWER
]
2024-07-18 11:33:55,831 [grpc-default-executor-1] INFO  impl.SnapshotInstallationHandler (SnapshotInstallationHandler.java:installSnapshot(103)) - omNode-bootstrap-2@group-0AAC5367B30E: reply installSnapshot: omNode-1<-omNode-bootstrap-2#0:FAIL-t1,IN_PROGRESS,snapshotIndex=0
2024-07-18 11:33:55,831 [grpc-default-executor-1] INFO  server.GrpcServerProtocolService (GrpcServerProtocolService.java:onCompleted(157)) - omNode-bootstrap-2: Completed INSTALL_SNAPSHOT, lastRequest: omNode-1->omNode-bootstrap-2#0-t1,notify:(t:1, i:0)
2024-07-18 11:33:55,831 [grpc-default-executor-1] INFO  server.GrpcServerProtocolService (GrpcServerProtocolService.java:lambda$onCompleted$5(159)) - omNode-bootstrap-2: Completed INSTALL_SNAPSHOT, lastReply: null
2024-07-18 11:33:55,832 [omNode-bootstrap-2-server-thread1] INFO  server.RaftServer$Division (RaftServerImpl.java:checkInconsistentAppendEntries(1629)) - omNode-bootstrap-2@group-0AAC5367B30E: Failed appendEntries as snapshot (0) installation is in progress
2024-07-18 11:33:55,832 [omNode-bootstrap-2-server-thread1] INFO  server.RaftServer$Division (RaftServerImpl.java:appendEntriesAsync(1584)) - omNode-bootstrap-2@group-0AAC5367B30E: appendEntries* reply omNode-1<-omNode-bootstrap-2#39:FAIL-t1,INCONSISTENCY,nextIndex=0,followerCommit=-1,matchIndex=-1
2024-07-18 11:33:55,834 [grpc-default-executor-1] INFO  impl.SnapshotInstallationHandler (SnapshotInstallationHandler.java:installSnapshot(92)) - omNode-bootstrap-2@group-0AAC5367B30E: receive installSnapshot: omNode-1->omNode-bootstrap-2#0-t1,notify:(t:1, i:0)
2024-07-18 11:33:55,834 [grpc-default-executor-1] INFO  impl.SnapshotInstallationHandler (SnapshotInstallationHandler.java:installSnapshotImpl(138)) - omNode-bootstrap-2@group-0AAC5367B30E: set new configuration configurationEntry {
  peers {
    id: "omNode-3"
    address: "localhost:15023"
    startupRole: FOLLOWER
  }
  peers {
    id: "omNode-1"
    address: "localhost:15015"
    startupRole: FOLLOWER
  }
  peers {
    id: "omNode-2"
    address: "localhost:15019"
    startupRole: FOLLOWER
  }
}
 from snapshot
2024-07-18 11:33:55,834 [grpc-default-executor-1] INFO  server.RaftServer$Division (ServerState.java:setRaftConf(386)) - omNode-bootstrap-2@group-0AAC5367B30E: set configuration conf: {index: 0, cur=peers:[omNode-3|localhost:15023, omNode-1|localhost:15015, omNode-2|localhost:15019]|listeners:[], old=null}
2024-07-18 11:33:55,835 [grpc-default-executor-1] INFO  ratis.OzoneManagerStateMachine (OzoneManagerStateMachine.java:notifyConfigurationChanged(216)) - Received Configuration change notification from Ratis. New Peer list:
[id: "omNode-3"
address: "localhost:15023"
startupRole: FOLLOWER
, id: "omNode-1"
address: "localhost:15015"
startupRole: FOLLOWER
, id: "omNode-2"
address: "localhost:15019"
startupRole: FOLLOWER
]
2024-07-18 11:33:55,835 [grpc-default-executor-1] INFO  impl.SnapshotInstallationHandler (SnapshotInstallationHandler.java:installSnapshot(103)) - omNode-bootstrap-2@group-0AAC5367B30E: reply installSnapshot: omNode-1<-omNode-bootstrap-2#0:FAIL-t1,IN_PROGRESS,snapshotIndex=0
2024-07-18 11:33:55,836 [grpc-default-executor-1] INFO  server.GrpcServerProtocolService (GrpcServerProtocolService.java:onCompleted(157)) - omNode-bootstrap-2: Completed INSTALL_SNAPSHOT, lastRequest: omNode-1->omNode-bootstrap-2#0-t1,notify:(t:1, i:0)
2024-07-18 11:33:55,836 [grpc-default-executor-1] INFO  server.GrpcServerProtocolService (GrpcServerProtocolService.java:lambda$onCompleted$5(159)) - omNode-bootstrap-2: Completed INSTALL_SNAPSHOT, lastReply: null
2024-07-18 11:33:55,837 [omNode-bootstrap-2-server-thread1] INFO  server.RaftServer$Division (RaftServerImpl.java:checkInconsistentAppendEntries(1629)) - omNode-bootstrap-2@group-0AAC5367B30E: Failed appendEntries as snapshot (0) installation is in progress
2024-07-18 11:33:55,837 [omNode-bootstrap-2-server-thread1] INFO  server.RaftServer$Division (RaftServerImpl.java:appendEntriesAsync(1584)) - omNode-bootstrap-2@group-0AAC5367B30E: appendEntries* reply omNode-1<-omNode-bootstrap-2#40:FAIL-t1,INCONSISTENCY,nextIndex=0,followerCommit=-1,matchIndex=-1
2024-07-18 11:33:55,838 [grpc-default-executor-3] INFO  impl.SnapshotInstallationHandler (SnapshotInstallationHandler.java:installSnapshot(92)) - omNode-bootstrap-2@group-0AAC5367B30E: receive installSnapshot: omNode-1->omNode-bootstrap-2#0-t1,notify:(t:1, i:0)
2024-07-18 11:33:55,838 [grpc-default-executor-3] INFO  impl.SnapshotInstallationHandler (SnapshotInstallationHandler.java:installSnapshotImpl(138)) - omNode-bootstrap-2@group-0AAC5367B30E: set new configuration configurationEntry {
  peers {
    id: "omNode-3"
    address: "localhost:15023"
    startupRole: FOLLOWER
  }
  peers {
    id: "omNode-1"
    address: "localhost:15015"
    startupRole: FOLLOWER
  }
  peers {
    id: "omNode-2"
    address: "localhost:15019"
    startupRole: FOLLOWER
  }
}
 from snapshot
2024-07-18 11:33:55,838 [grpc-default-executor-3] INFO  server.RaftServer$Division (ServerState.java:setRaftConf(386)) - omNode-bootstrap-2@group-0AAC5367B30E: set configuration conf: {index: 0, cur=peers:[omNode-3|localhost:15023, omNode-1|localhost:15015, omNode-2|localhost:15019]|listeners:[], old=null}
2024-07-18 11:33:55,840 [grpc-default-executor-3] INFO  ratis.OzoneManagerStateMachine (OzoneManagerStateMachine.java:notifyConfigurationChanged(216)) - Received Configuration change notification from Ratis. New Peer list:
[id: "omNode-3"
address: "localhost:15023"
startupRole: FOLLOWER
, id: "omNode-1"
address: "localhost:15015"
startupRole: FOLLOWER
, id: "omNode-2"
address: "localhost:15019"
startupRole: FOLLOWER
]
2024-07-18 11:33:55,840 [grpc-default-executor-3] INFO  impl.SnapshotInstallationHandler (SnapshotInstallationHandler.java:installSnapshot(103)) - omNode-bootstrap-2@group-0AAC5367B30E: reply installSnapshot: omNode-1<-omNode-bootstrap-2#0:FAIL-t1,IN_PROGRESS,snapshotIndex=0
2024-07-18 11:33:55,840 [grpc-default-executor-3] INFO  server.GrpcServerProtocolService (GrpcServerProtocolService.java:onCompleted(157)) - omNode-bootstrap-2: Completed INSTALL_SNAPSHOT, lastRequest: omNode-1->omNode-bootstrap-2#0-t1,notify:(t:1, i:0)
2024-07-18 11:33:55,840 [grpc-default-executor-3] INFO  server.GrpcServerProtocolService (GrpcServerProtocolService.java:lambda$onCompleted$5(159)) - omNode-bootstrap-2: Completed INSTALL_SNAPSHOT, lastReply: null
2024-07-18 11:33:55,841 [omNode-bootstrap-2-server-thread1] INFO  server.RaftServer$Division (RaftServerImpl.java:checkInconsistentAppendEntries(1629)) - omNode-bootstrap-2@group-0AAC5367B30E: Failed appendEntries as snapshot (0) installation is in progress
2024-07-18 11:33:55,841 [omNode-bootstrap-2-server-thread1] INFO  server.RaftServer$Division (RaftServerImpl.java:appendEntriesAsync(1584)) - omNode-bootstrap-2@group-0AAC5367B30E: appendEntries* reply omNode-1<-omNode-bootstrap-2#41:FAIL-t1,INCONSISTENCY,nextIndex=0,followerCommit=-1,matchIndex=-1
2024-07-18 11:33:55,842 [grpc-default-executor-3] INFO  impl.SnapshotInstallationHandler (SnapshotInstallationHandler.java:installSnapshot(92)) - omNode-bootstrap-2@group-0AAC5367B30E: receive installSnapshot: omNode-1->omNode-bootstrap-2#0-t1,notify:(t:1, i:0)
2024-07-18 11:33:55,843 [grpc-default-executor-3] INFO  impl.SnapshotInstallationHandler (SnapshotInstallationHandler.java:installSnapshotImpl(138)) - omNode-bootstrap-2@group-0AAC5367B30E: set new configuration configurationEntry {
  peers {
    id: "omNode-3"
    address: "localhost:15023"
    startupRole: FOLLOWER
  }
  peers {
    id: "omNode-1"
    address: "localhost:15015"
    startupRole: FOLLOWER
  }
  peers {
    id: "omNode-2"
    address: "localhost:15019"
    startupRole: FOLLOWER
  }
}
 from snapshot
2024-07-18 11:33:55,843 [grpc-default-executor-3] INFO  server.RaftServer$Division (ServerState.java:setRaftConf(386)) - omNode-bootstrap-2@group-0AAC5367B30E: set configuration conf: {index: 0, cur=peers:[omNode-3|localhost:15023, omNode-1|localhost:15015, omNode-2|localhost:15019]|listeners:[], old=null}
2024-07-18 11:33:55,844 [grpc-default-executor-3] INFO  ratis.OzoneManagerStateMachine (OzoneManagerStateMachine.java:notifyConfigurationChanged(216)) - Received Configuration change notification from Ratis. New Peer list:
[id: "omNode-3"
address: "localhost:15023"
startupRole: FOLLOWER
, id: "omNode-1"
address: "localhost:15015"
startupRole: FOLLOWER
, id: "omNode-2"
address: "localhost:15019"
startupRole: FOLLOWER
]
2024-07-18 11:33:55,844 [grpc-default-executor-3] INFO  impl.SnapshotInstallationHandler (SnapshotInstallationHandler.java:installSnapshot(103)) - omNode-bootstrap-2@group-0AAC5367B30E: reply installSnapshot: omNode-1<-omNode-bootstrap-2#0:FAIL-t1,IN_PROGRESS,snapshotIndex=0
2024-07-18 11:33:55,845 [grpc-default-executor-3] INFO  server.GrpcServerProtocolService (GrpcServerProtocolService.java:onCompleted(157)) - omNode-bootstrap-2: Completed INSTALL_SNAPSHOT, lastRequest: omNode-1->omNode-bootstrap-2#0-t1,notify:(t:1, i:0)
2024-07-18 11:33:55,845 [grpc-default-executor-3] INFO  server.GrpcServerProtocolService (GrpcServerProtocolService.java:lambda$onCompleted$5(159)) - omNode-bootstrap-2: Completed INSTALL_SNAPSHOT, lastReply: null
2024-07-18 11:33:55,846 [omNode-bootstrap-2-server-thread1] INFO  server.RaftServer$Division (RaftServerImpl.java:checkInconsistentAppendEntries(1629)) - omNode-bootstrap-2@group-0AAC5367B30E: Failed appendEntries as snapshot (0) installation is in progress
2024-07-18 11:33:55,846 [omNode-bootstrap-2-server-thread1] INFO  server.RaftServer$Division (RaftServerImpl.java:appendEntriesAsync(1584)) - omNode-bootstrap-2@group-0AAC5367B30E: appendEntries* reply omNode-1<-omNode-bootstrap-2#42:FAIL-t1,INCONSISTENCY,nextIndex=0,followerCommit=-1,matchIndex=-1
2024-07-18 11:33:55,848 [grpc-default-executor-3] INFO  impl.SnapshotInstallationHandler (SnapshotInstallationHandler.java:installSnapshot(92)) - omNode-bootstrap-2@group-0AAC5367B30E: receive installSnapshot: omNode-1->omNode-bootstrap-2#0-t1,notify:(t:1, i:0)
2024-07-18 11:33:55,848 [grpc-default-executor-3] INFO  impl.SnapshotInstallationHandler (SnapshotInstallationHandler.java:installSnapshotImpl(138)) - omNode-bootstrap-2@group-0AAC5367B30E: set new configuration configurationEntry {
  peers {
    id: "omNode-3"
    address: "localhost:15023"
    startupRole: FOLLOWER
  }
  peers {
    id: "omNode-1"
    address: "localhost:15015"
    startupRole: FOLLOWER
  }
  peers {
    id: "omNode-2"
    address: "localhost:15019"
    startupRole: FOLLOWER
  }
}
 from snapshot
2024-07-18 11:33:55,849 [grpc-default-executor-3] INFO  server.RaftServer$Division (ServerState.java:setRaftConf(386)) - omNode-bootstrap-2@group-0AAC5367B30E: set configuration conf: {index: 0, cur=peers:[omNode-3|localhost:15023, omNode-1|localhost:15015, omNode-2|localhost:15019]|listeners:[], old=null}
2024-07-18 11:33:55,850 [grpc-default-executor-3] INFO  ratis.OzoneManagerStateMachine (OzoneManagerStateMachine.java:notifyConfigurationChanged(216)) - Received Configuration change notification from Ratis. New Peer list:
[id: "omNode-3"
address: "localhost:15023"
startupRole: FOLLOWER
, id: "omNode-1"
address: "localhost:15015"
startupRole: FOLLOWER
, id: "omNode-2"
address: "localhost:15019"
startupRole: FOLLOWER
]
2024-07-18 11:33:55,850 [grpc-default-executor-3] INFO  impl.SnapshotInstallationHandler (SnapshotInstallationHandler.java:installSnapshot(103)) - omNode-bootstrap-2@group-0AAC5367B30E: reply installSnapshot: omNode-1<-omNode-bootstrap-2#0:FAIL-t1,IN_PROGRESS,snapshotIndex=0
2024-07-18 11:33:55,850 [grpc-default-executor-3] INFO  server.GrpcServerProtocolService (GrpcServerProtocolService.java:onCompleted(157)) - omNode-bootstrap-2: Completed INSTALL_SNAPSHOT, lastRequest: omNode-1->omNode-bootstrap-2#0-t1,notify:(t:1, i:0)
2024-07-18 11:33:55,850 [grpc-default-executor-3] INFO  server.GrpcServerProtocolService (GrpcServerProtocolService.java:lambda$onCompleted$5(159)) - omNode-bootstrap-2: Completed INSTALL_SNAPSHOT, lastReply: null
2024-07-18 11:33:55,852 [omNode-bootstrap-2-server-thread1] INFO  server.RaftServer$Division (RaftServerImpl.java:checkInconsistentAppendEntries(1629)) - omNode-bootstrap-2@group-0AAC5367B30E: Failed appendEntries as snapshot (0) installation is in progress
2024-07-18 11:33:55,852 [omNode-bootstrap-2-server-thread1] INFO  server.RaftServer$Division (RaftServerImpl.java:appendEntriesAsync(1584)) - omNode-bootstrap-2@group-0AAC5367B30E: appendEntries* reply omNode-1<-omNode-bootstrap-2#43:FAIL-t1,INCONSISTENCY,nextIndex=0,followerCommit=-1,matchIndex=-1
2024-07-18 11:33:55,853 [grpc-default-executor-1] INFO  impl.SnapshotInstallationHandler (SnapshotInstallationHandler.java:installSnapshot(92)) - omNode-bootstrap-2@group-0AAC5367B30E: receive installSnapshot: omNode-1->omNode-bootstrap-2#0-t1,notify:(t:1, i:0)
2024-07-18 11:33:55,854 [grpc-default-executor-1] INFO  impl.SnapshotInstallationHandler (SnapshotInstallationHandler.java:installSnapshotImpl(138)) - omNode-bootstrap-2@group-0AAC5367B30E: set new configuration configurationEntry {
  peers {
    id: "omNode-3"
    address: "localhost:15023"
    startupRole: FOLLOWER
  }
  peers {
    id: "omNode-1"
    address: "localhost:15015"
    startupRole: FOLLOWER
  }
  peers {
    id: "omNode-2"
    address: "localhost:15019"
    startupRole: FOLLOWER
  }
}
 from snapshot
2024-07-18 11:33:55,854 [grpc-default-executor-1] INFO  server.RaftServer$Division (ServerState.java:setRaftConf(386)) - omNode-bootstrap-2@group-0AAC5367B30E: set configuration conf: {index: 0, cur=peers:[omNode-3|localhost:15023, omNode-1|localhost:15015, omNode-2|localhost:15019]|listeners:[], old=null}
2024-07-18 11:33:55,855 [grpc-default-executor-1] INFO  ratis.OzoneManagerStateMachine (OzoneManagerStateMachine.java:notifyConfigurationChanged(216)) - Received Configuration change notification from Ratis. New Peer list:
[id: "omNode-3"
address: "localhost:15023"
startupRole: FOLLOWER
, id: "omNode-1"
address: "localhost:15015"
startupRole: FOLLOWER
, id: "omNode-2"
address: "localhost:15019"
startupRole: FOLLOWER
]
2024-07-18 11:33:55,855 [grpc-default-executor-1] INFO  impl.SnapshotInstallationHandler (SnapshotInstallationHandler.java:installSnapshot(103)) - omNode-bootstrap-2@group-0AAC5367B30E: reply installSnapshot: omNode-1<-omNode-bootstrap-2#0:FAIL-t1,IN_PROGRESS,snapshotIndex=0
2024-07-18 11:33:55,855 [grpc-default-executor-1] INFO  server.GrpcServerProtocolService (GrpcServerProtocolService.java:onCompleted(157)) - omNode-bootstrap-2: Completed INSTALL_SNAPSHOT, lastRequest: omNode-1->omNode-bootstrap-2#0-t1,notify:(t:1, i:0)
2024-07-18 11:33:55,855 [grpc-default-executor-1] INFO  server.GrpcServerProtocolService (GrpcServerProtocolService.java:lambda$onCompleted$5(159)) - omNode-bootstrap-2: Completed INSTALL_SNAPSHOT, lastReply: null
2024-07-18 11:33:55,856 [omNode-bootstrap-2-server-thread1] INFO  server.RaftServer$Division (RaftServerImpl.java:checkInconsistentAppendEntries(1629)) - omNode-bootstrap-2@group-0AAC5367B30E: Failed appendEntries as snapshot (0) installation is in progress
2024-07-18 11:33:55,857 [omNode-bootstrap-2-server-thread1] INFO  server.RaftServer$Division (RaftServerImpl.java:appendEntriesAsync(1584)) - omNode-bootstrap-2@group-0AAC5367B30E: appendEntries* reply omNode-1<-omNode-bootstrap-2#44:FAIL-t1,INCONSISTENCY,nextIndex=0,followerCommit=-1,matchIndex=-1
2024-07-18 11:33:55,857 [grpc-default-executor-3] INFO  impl.SnapshotInstallationHandler (SnapshotInstallationHandler.java:installSnapshot(92)) - omNode-bootstrap-2@group-0AAC5367B30E: receive installSnapshot: omNode-1->omNode-bootstrap-2#0-t1,notify:(t:1, i:0)
2024-07-18 11:33:55,857 [grpc-default-executor-3] INFO  impl.SnapshotInstallationHandler (SnapshotInstallationHandler.java:installSnapshotImpl(138)) - omNode-bootstrap-2@group-0AAC5367B30E: set new configuration configurationEntry {
  peers {
    id: "omNode-3"
    address: "localhost:15023"
    startupRole: FOLLOWER
  }
  peers {
    id: "omNode-1"
    address: "localhost:15015"
    startupRole: FOLLOWER
  }
  peers {
    id: "omNode-2"
    address: "localhost:15019"
    startupRole: FOLLOWER
  }
}
 from snapshot
2024-07-18 11:33:55,857 [grpc-default-executor-3] INFO  server.RaftServer$Division (ServerState.java:setRaftConf(386)) - omNode-bootstrap-2@group-0AAC5367B30E: set configuration conf: {index: 0, cur=peers:[omNode-3|localhost:15023, omNode-1|localhost:15015, omNode-2|localhost:15019]|listeners:[], old=null}
2024-07-18 11:33:55,859 [grpc-default-executor-3] INFO  ratis.OzoneManagerStateMachine (OzoneManagerStateMachine.java:notifyConfigurationChanged(216)) - Received Configuration change notification from Ratis. New Peer list:
[id: "omNode-3"
address: "localhost:15023"
startupRole: FOLLOWER
, id: "omNode-1"
address: "localhost:15015"
startupRole: FOLLOWER
, id: "omNode-2"
address: "localhost:15019"
startupRole: FOLLOWER
]
2024-07-18 11:33:55,859 [grpc-default-executor-3] INFO  impl.SnapshotInstallationHandler (SnapshotInstallationHandler.java:installSnapshot(103)) - omNode-bootstrap-2@group-0AAC5367B30E: reply installSnapshot: omNode-1<-omNode-bootstrap-2#0:FAIL-t1,IN_PROGRESS,snapshotIndex=0
2024-07-18 11:33:55,859 [grpc-default-executor-3] INFO  server.GrpcServerProtocolService (GrpcServerProtocolService.java:onCompleted(157)) - omNode-bootstrap-2: Completed INSTALL_SNAPSHOT, lastRequest: omNode-1->omNode-bootstrap-2#0-t1,notify:(t:1, i:0)
2024-07-18 11:33:55,859 [grpc-default-executor-3] INFO  server.GrpcServerProtocolService (GrpcServerProtocolService.java:lambda$onCompleted$5(159)) - omNode-bootstrap-2: Completed INSTALL_SNAPSHOT, lastReply: null
2024-07-18 11:33:55,860 [omNode-bootstrap-2-server-thread1] INFO  server.RaftServer$Division (RaftServerImpl.java:checkInconsistentAppendEntries(1629)) - omNode-bootstrap-2@group-0AAC5367B30E: Failed appendEntries as snapshot (0) installation is in progress
2024-07-18 11:33:55,860 [omNode-bootstrap-2-server-thread1] INFO  server.RaftServer$Division (RaftServerImpl.java:appendEntriesAsync(1584)) - omNode-bootstrap-2@group-0AAC5367B30E: appendEntries* reply omNode-1<-omNode-bootstrap-2#45:FAIL-t1,INCONSISTENCY,nextIndex=0,followerCommit=-1,matchIndex=-1
2024-07-18 11:33:55,861 [grpc-default-executor-3] INFO  impl.SnapshotInstallationHandler (SnapshotInstallationHandler.java:installSnapshot(92)) - omNode-bootstrap-2@group-0AAC5367B30E: receive installSnapshot: omNode-1->omNode-bootstrap-2#0-t1,notify:(t:1, i:0)
2024-07-18 11:33:55,861 [grpc-default-executor-3] INFO  impl.SnapshotInstallationHandler (SnapshotInstallationHandler.java:installSnapshotImpl(138)) - omNode-bootstrap-2@group-0AAC5367B30E: set new configuration configurationEntry {
  peers {
    id: "omNode-3"
    address: "localhost:15023"
    startupRole: FOLLOWER
  }
  peers {
    id: "omNode-1"
    address: "localhost:15015"
    startupRole: FOLLOWER
  }
  peers {
    id: "omNode-2"
    address: "localhost:15019"
    startupRole: FOLLOWER
  }
}
 from snapshot
2024-07-18 11:33:55,862 [grpc-default-executor-3] INFO  server.RaftServer$Division (ServerState.java:setRaftConf(386)) - omNode-bootstrap-2@group-0AAC5367B30E: set configuration conf: {index: 0, cur=peers:[omNode-3|localhost:15023, omNode-1|localhost:15015, omNode-2|localhost:15019]|listeners:[], old=null}
2024-07-18 11:33:55,863 [grpc-default-executor-3] INFO  ratis.OzoneManagerStateMachine (OzoneManagerStateMachine.java:notifyConfigurationChanged(216)) - Received Configuration change notification from Ratis. New Peer list:
[id: "omNode-3"
address: "localhost:15023"
startupRole: FOLLOWER
, id: "omNode-1"
address: "localhost:15015"
startupRole: FOLLOWER
, id: "omNode-2"
address: "localhost:15019"
startupRole: FOLLOWER
]
2024-07-18 11:33:55,863 [grpc-default-executor-3] INFO  impl.SnapshotInstallationHandler (SnapshotInstallationHandler.java:installSnapshot(103)) - omNode-bootstrap-2@group-0AAC5367B30E: reply installSnapshot: omNode-1<-omNode-bootstrap-2#0:FAIL-t1,IN_PROGRESS,snapshotIndex=0
2024-07-18 11:33:55,863 [grpc-default-executor-3] INFO  server.GrpcServerProtocolService (GrpcServerProtocolService.java:onCompleted(157)) - omNode-bootstrap-2: Completed INSTALL_SNAPSHOT, lastRequest: omNode-1->omNode-bootstrap-2#0-t1,notify:(t:1, i:0)
2024-07-18 11:33:55,863 [grpc-default-executor-3] INFO  server.GrpcServerProtocolService (GrpcServerProtocolService.java:lambda$onCompleted$5(159)) - omNode-bootstrap-2: Completed INSTALL_SNAPSHOT, lastReply: null
2024-07-18 11:33:55,864 [omNode-bootstrap-2-server-thread1] INFO  server.RaftServer$Division (RaftServerImpl.java:checkInconsistentAppendEntries(1629)) - omNode-bootstrap-2@group-0AAC5367B30E: Failed appendEntries as snapshot (0) installation is in progress
2024-07-18 11:33:55,864 [omNode-bootstrap-2-server-thread1] INFO  server.RaftServer$Division (RaftServerImpl.java:appendEntriesAsync(1584)) - omNode-bootstrap-2@group-0AAC5367B30E: appendEntries* reply omNode-1<-omNode-bootstrap-2#46:FAIL-t1,INCONSISTENCY,nextIndex=0,followerCommit=-1,matchIndex=-1
2024-07-18 11:33:55,865 [grpc-default-executor-3] INFO  impl.SnapshotInstallationHandler (SnapshotInstallationHandler.java:installSnapshot(92)) - omNode-bootstrap-2@group-0AAC5367B30E: receive installSnapshot: omNode-1->omNode-bootstrap-2#0-t1,notify:(t:1, i:0)
2024-07-18 11:33:55,865 [grpc-default-executor-3] INFO  impl.SnapshotInstallationHandler (SnapshotInstallationHandler.java:installSnapshotImpl(138)) - omNode-bootstrap-2@group-0AAC5367B30E: set new configuration configurationEntry {
  peers {
    id: "omNode-3"
    address: "localhost:15023"
    startupRole: FOLLOWER
  }
  peers {
    id: "omNode-1"
    address: "localhost:15015"
    startupRole: FOLLOWER
  }
  peers {
    id: "omNode-2"
    address: "localhost:15019"
    startupRole: FOLLOWER
  }
}
 from snapshot
2024-07-18 11:33:55,866 [grpc-default-executor-3] INFO  server.RaftServer$Division (ServerState.java:setRaftConf(386)) - omNode-bootstrap-2@group-0AAC5367B30E: set configuration conf: {index: 0, cur=peers:[omNode-3|localhost:15023, omNode-1|localhost:15015, omNode-2|localhost:15019]|listeners:[], old=null}
2024-07-18 11:33:55,867 [grpc-default-executor-3] INFO  ratis.OzoneManagerStateMachine (OzoneManagerStateMachine.java:notifyConfigurationChanged(216)) - Received Configuration change notification from Ratis. New Peer list:
[id: "omNode-3"
address: "localhost:15023"
startupRole: FOLLOWER
, id: "omNode-1"
address: "localhost:15015"
startupRole: FOLLOWER
, id: "omNode-2"
address: "localhost:15019"
startupRole: FOLLOWER
]
2024-07-18 11:33:55,867 [grpc-default-executor-3] INFO  impl.SnapshotInstallationHandler (SnapshotInstallationHandler.java:installSnapshot(103)) - omNode-bootstrap-2@group-0AAC5367B30E: reply installSnapshot: omNode-1<-omNode-bootstrap-2#0:FAIL-t1,IN_PROGRESS,snapshotIndex=0
2024-07-18 11:33:55,867 [grpc-default-executor-3] INFO  server.GrpcServerProtocolService (GrpcServerProtocolService.java:onCompleted(157)) - omNode-bootstrap-2: Completed INSTALL_SNAPSHOT, lastRequest: omNode-1->omNode-bootstrap-2#0-t1,notify:(t:1, i:0)
2024-07-18 11:33:55,867 [grpc-default-executor-3] INFO  server.GrpcServerProtocolService (GrpcServerProtocolService.java:lambda$onCompleted$5(159)) - omNode-bootstrap-2: Completed INSTALL_SNAPSHOT, lastReply: null
2024-07-18 11:33:55,868 [omNode-bootstrap-2-server-thread1] INFO  server.RaftServer$Division (RaftServerImpl.java:checkInconsistentAppendEntries(1629)) - omNode-bootstrap-2@group-0AAC5367B30E: Failed appendEntries as snapshot (0) installation is in progress
2024-07-18 11:33:55,868 [omNode-bootstrap-2-server-thread1] INFO  server.RaftServer$Division (RaftServerImpl.java:appendEntriesAsync(1584)) - omNode-bootstrap-2@group-0AAC5367B30E: appendEntries* reply omNode-1<-omNode-bootstrap-2#47:FAIL-t1,INCONSISTENCY,nextIndex=0,followerCommit=-1,matchIndex=-1
2024-07-18 11:33:55,869 [grpc-default-executor-3] INFO  impl.SnapshotInstallationHandler (SnapshotInstallationHandler.java:installSnapshot(92)) - omNode-bootstrap-2@group-0AAC5367B30E: receive installSnapshot: omNode-1->omNode-bootstrap-2#0-t1,notify:(t:1, i:0)
2024-07-18 11:33:55,870 [grpc-default-executor-3] INFO  impl.SnapshotInstallationHandler (SnapshotInstallationHandler.java:installSnapshotImpl(138)) - omNode-bootstrap-2@group-0AAC5367B30E: set new configuration configurationEntry {
  peers {
    id: "omNode-3"
    address: "localhost:15023"
    startupRole: FOLLOWER
  }
  peers {
    id: "omNode-1"
    address: "localhost:15015"
    startupRole: FOLLOWER
  }
  peers {
    id: "omNode-2"
    address: "localhost:15019"
    startupRole: FOLLOWER
  }
}
 from snapshot
2024-07-18 11:33:55,870 [grpc-default-executor-3] INFO  server.RaftServer$Division (ServerState.java:setRaftConf(386)) - omNode-bootstrap-2@group-0AAC5367B30E: set configuration conf: {index: 0, cur=peers:[omNode-3|localhost:15023, omNode-1|localhost:15015, omNode-2|localhost:15019]|listeners:[], old=null}
2024-07-18 11:33:55,871 [grpc-default-executor-3] INFO  ratis.OzoneManagerStateMachine (OzoneManagerStateMachine.java:notifyConfigurationChanged(216)) - Received Configuration change notification from Ratis. New Peer list:
[id: "omNode-3"
address: "localhost:15023"
startupRole: FOLLOWER
, id: "omNode-1"
address: "localhost:15015"
startupRole: FOLLOWER
, id: "omNode-2"
address: "localhost:15019"
startupRole: FOLLOWER
]
2024-07-18 11:33:55,871 [grpc-default-executor-3] INFO  impl.SnapshotInstallationHandler (SnapshotInstallationHandler.java:installSnapshot(103)) - omNode-bootstrap-2@group-0AAC5367B30E: reply installSnapshot: omNode-1<-omNode-bootstrap-2#0:FAIL-t1,IN_PROGRESS,snapshotIndex=0
2024-07-18 11:33:55,871 [grpc-default-executor-3] INFO  server.GrpcServerProtocolService (GrpcServerProtocolService.java:onCompleted(157)) - omNode-bootstrap-2: Completed INSTALL_SNAPSHOT, lastRequest: omNode-1->omNode-bootstrap-2#0-t1,notify:(t:1, i:0)
2024-07-18 11:33:55,871 [grpc-default-executor-3] INFO  server.GrpcServerProtocolService (GrpcServerProtocolService.java:lambda$onCompleted$5(159)) - omNode-bootstrap-2: Completed INSTALL_SNAPSHOT, lastReply: null
2024-07-18 11:33:55,873 [grpc-default-executor-1] INFO  impl.SnapshotInstallationHandler (SnapshotInstallationHandler.java:installSnapshot(92)) - omNode-bootstrap-2@group-0AAC5367B30E: receive installSnapshot: omNode-1->omNode-bootstrap-2#0-t1,notify:(t:1, i:0)
2024-07-18 11:33:55,873 [omNode-bootstrap-2-server-thread1] INFO  server.RaftServer$Division (RaftServerImpl.java:checkInconsistentAppendEntries(1629)) - omNode-bootstrap-2@group-0AAC5367B30E: Failed appendEntries as snapshot (0) installation is in progress
2024-07-18 11:33:55,873 [omNode-bootstrap-2-server-thread1] INFO  server.RaftServer$Division (RaftServerImpl.java:appendEntriesAsync(1584)) - omNode-bootstrap-2@group-0AAC5367B30E: appendEntries* reply omNode-1<-omNode-bootstrap-2#48:FAIL-t1,INCONSISTENCY,nextIndex=0,followerCommit=-1,matchIndex=-1
2024-07-18 11:33:55,873 [grpc-default-executor-1] INFO  impl.SnapshotInstallationHandler (SnapshotInstallationHandler.java:installSnapshotImpl(138)) - omNode-bootstrap-2@group-0AAC5367B30E: set new configuration configurationEntry {
  peers {
    id: "omNode-3"
    address: "localhost:15023"
    startupRole: FOLLOWER
  }
  peers {
    id: "omNode-1"
    address: "localhost:15015"
    startupRole: FOLLOWER
  }
  peers {
    id: "omNode-2"
    address: "localhost:15019"
    startupRole: FOLLOWER
  }
}
 from snapshot
2024-07-18 11:33:55,873 [grpc-default-executor-1] INFO  server.RaftServer$Division (ServerState.java:setRaftConf(386)) - omNode-bootstrap-2@group-0AAC5367B30E: set configuration conf: {index: 0, cur=peers:[omNode-3|localhost:15023, omNode-1|localhost:15015, omNode-2|localhost:15019]|listeners:[], old=null}
2024-07-18 11:33:55,874 [grpc-default-executor-1] INFO  ratis.OzoneManagerStateMachine (OzoneManagerStateMachine.java:notifyConfigurationChanged(216)) - Received Configuration change notification from Ratis. New Peer list:
[id: "omNode-3"
address: "localhost:15023"
startupRole: FOLLOWER
, id: "omNode-1"
address: "localhost:15015"
startupRole: FOLLOWER
, id: "omNode-2"
address: "localhost:15019"
startupRole: FOLLOWER
]
2024-07-18 11:33:55,875 [grpc-default-executor-1] INFO  impl.SnapshotInstallationHandler (SnapshotInstallationHandler.java:installSnapshot(103)) - omNode-bootstrap-2@group-0AAC5367B30E: reply installSnapshot: omNode-1<-omNode-bootstrap-2#0:FAIL-t1,IN_PROGRESS,snapshotIndex=0
2024-07-18 11:33:55,875 [grpc-default-executor-1] INFO  server.GrpcServerProtocolService (GrpcServerProtocolService.java:onCompleted(157)) - omNode-bootstrap-2: Completed INSTALL_SNAPSHOT, lastRequest: omNode-1->omNode-bootstrap-2#0-t1,notify:(t:1, i:0)
2024-07-18 11:33:55,875 [grpc-default-executor-1] INFO  server.GrpcServerProtocolService (GrpcServerProtocolService.java:lambda$onCompleted$5(159)) - omNode-bootstrap-2: Completed INSTALL_SNAPSHOT, lastReply: null
2024-07-18 11:33:55,876 [omNode-bootstrap-2-server-thread1] INFO  server.RaftServer$Division (RaftServerImpl.java:checkInconsistentAppendEntries(1629)) - omNode-bootstrap-2@group-0AAC5367B30E: Failed appendEntries as snapshot (0) installation is in progress
2024-07-18 11:33:55,876 [omNode-bootstrap-2-server-thread1] INFO  server.RaftServer$Division (RaftServerImpl.java:appendEntriesAsync(1584)) - omNode-bootstrap-2@group-0AAC5367B30E: appendEntries* reply omNode-1<-omNode-bootstrap-2#49:FAIL-t1,INCONSISTENCY,nextIndex=0,followerCommit=-1,matchIndex=-1
2024-07-18 11:33:55,877 [grpc-default-executor-1] INFO  impl.SnapshotInstallationHandler (SnapshotInstallationHandler.java:installSnapshot(92)) - omNode-bootstrap-2@group-0AAC5367B30E: receive installSnapshot: omNode-1->omNode-bootstrap-2#0-t1,notify:(t:1, i:0)
2024-07-18 11:33:55,877 [grpc-default-executor-1] INFO  impl.SnapshotInstallationHandler (SnapshotInstallationHandler.java:installSnapshotImpl(138)) - omNode-bootstrap-2@group-0AAC5367B30E: set new configuration configurationEntry {
  peers {
    id: "omNode-3"
    address: "localhost:15023"
    startupRole: FOLLOWER
  }
  peers {
    id: "omNode-1"
    address: "localhost:15015"
    startupRole: FOLLOWER
  }
  peers {
    id: "omNode-2"
    address: "localhost:15019"
    startupRole: FOLLOWER
  }
}
 from snapshot
2024-07-18 11:33:55,877 [grpc-default-executor-1] INFO  server.RaftServer$Division (ServerState.java:setRaftConf(386)) - omNode-bootstrap-2@group-0AAC5367B30E: set configuration conf: {index: 0, cur=peers:[omNode-3|localhost:15023, omNode-1|localhost:15015, omNode-2|localhost:15019]|listeners:[], old=null}
2024-07-18 11:33:55,879 [grpc-default-executor-1] INFO  ratis.OzoneManagerStateMachine (OzoneManagerStateMachine.java:notifyConfigurationChanged(216)) - Received Configuration change notification from Ratis. New Peer list:
[id: "omNode-3"
address: "localhost:15023"
startupRole: FOLLOWER
, id: "omNode-1"
address: "localhost:15015"
startupRole: FOLLOWER
, id: "omNode-2"
address: "localhost:15019"
startupRole: FOLLOWER
]
2024-07-18 11:33:55,879 [grpc-default-executor-1] INFO  impl.SnapshotInstallationHandler (SnapshotInstallationHandler.java:installSnapshot(103)) - omNode-bootstrap-2@group-0AAC5367B30E: reply installSnapshot: omNode-1<-omNode-bootstrap-2#0:FAIL-t1,IN_PROGRESS,snapshotIndex=0
2024-07-18 11:33:55,879 [grpc-default-executor-1] INFO  server.GrpcServerProtocolService (GrpcServerProtocolService.java:onCompleted(157)) - omNode-bootstrap-2: Completed INSTALL_SNAPSHOT, lastRequest: omNode-1->omNode-bootstrap-2#0-t1,notify:(t:1, i:0)
2024-07-18 11:33:55,879 [grpc-default-executor-1] INFO  server.GrpcServerProtocolService (GrpcServerProtocolService.java:lambda$onCompleted$5(159)) - omNode-bootstrap-2: Completed INSTALL_SNAPSHOT, lastReply: null
2024-07-18 11:33:55,880 [omNode-bootstrap-2-server-thread1] INFO  server.RaftServer$Division (RaftServerImpl.java:checkInconsistentAppendEntries(1629)) - omNode-bootstrap-2@group-0AAC5367B30E: Failed appendEntries as snapshot (0) installation is in progress
2024-07-18 11:33:55,880 [omNode-bootstrap-2-server-thread1] INFO  server.RaftServer$Division (RaftServerImpl.java:appendEntriesAsync(1584)) - omNode-bootstrap-2@group-0AAC5367B30E: appendEntries* reply omNode-1<-omNode-bootstrap-2#50:FAIL-t1,INCONSISTENCY,nextIndex=0,followerCommit=-1,matchIndex=-1
2024-07-18 11:33:55,881 [grpc-default-executor-5] INFO  impl.SnapshotInstallationHandler (SnapshotInstallationHandler.java:installSnapshot(92)) - omNode-bootstrap-2@group-0AAC5367B30E: receive installSnapshot: omNode-1->omNode-bootstrap-2#0-t1,notify:(t:1, i:0)
2024-07-18 11:33:55,881 [grpc-default-executor-5] INFO  impl.SnapshotInstallationHandler (SnapshotInstallationHandler.java:installSnapshotImpl(138)) - omNode-bootstrap-2@group-0AAC5367B30E: set new configuration configurationEntry {
  peers {
    id: "omNode-3"
    address: "localhost:15023"
    startupRole: FOLLOWER
  }
  peers {
    id: "omNode-1"
    address: "localhost:15015"
    startupRole: FOLLOWER
  }
  peers {
    id: "omNode-2"
    address: "localhost:15019"
    startupRole: FOLLOWER
  }
}
 from snapshot
2024-07-18 11:33:55,881 [grpc-default-executor-5] INFO  server.RaftServer$Division (ServerState.java:setRaftConf(386)) - omNode-bootstrap-2@group-0AAC5367B30E: set configuration conf: {index: 0, cur=peers:[omNode-3|localhost:15023, omNode-1|localhost:15015, omNode-2|localhost:15019]|listeners:[], old=null}
2024-07-18 11:33:55,883 [grpc-default-executor-5] INFO  ratis.OzoneManagerStateMachine (OzoneManagerStateMachine.java:notifyConfigurationChanged(216)) - Received Configuration change notification from Ratis. New Peer list:
[id: "omNode-3"
address: "localhost:15023"
startupRole: FOLLOWER
, id: "omNode-1"
address: "localhost:15015"
startupRole: FOLLOWER
, id: "omNode-2"
address: "localhost:15019"
startupRole: FOLLOWER
]
2024-07-18 11:33:55,883 [grpc-default-executor-5] INFO  impl.SnapshotInstallationHandler (SnapshotInstallationHandler.java:installSnapshot(103)) - omNode-bootstrap-2@group-0AAC5367B30E: reply installSnapshot: omNode-1<-omNode-bootstrap-2#0:FAIL-t1,IN_PROGRESS,snapshotIndex=0
2024-07-18 11:33:55,883 [grpc-default-executor-5] INFO  server.GrpcServerProtocolService (GrpcServerProtocolService.java:onCompleted(157)) - omNode-bootstrap-2: Completed INSTALL_SNAPSHOT, lastRequest: omNode-1->omNode-bootstrap-2#0-t1,notify:(t:1, i:0)
2024-07-18 11:33:55,883 [grpc-default-executor-5] INFO  server.GrpcServerProtocolService (GrpcServerProtocolService.java:lambda$onCompleted$5(159)) - omNode-bootstrap-2: Completed INSTALL_SNAPSHOT, lastReply: null
2024-07-18 11:33:55,884 [omNode-bootstrap-2-server-thread1] INFO  server.RaftServer$Division (RaftServerImpl.java:checkInconsistentAppendEntries(1629)) - omNode-bootstrap-2@group-0AAC5367B30E: Failed appendEntries as snapshot (0) installation is in progress
2024-07-18 11:33:55,884 [omNode-bootstrap-2-server-thread1] INFO  server.RaftServer$Division (RaftServerImpl.java:appendEntriesAsync(1584)) - omNode-bootstrap-2@group-0AAC5367B30E: appendEntries* reply omNode-1<-omNode-bootstrap-2#51:FAIL-t1,INCONSISTENCY,nextIndex=0,followerCommit=-1,matchIndex=-1
2024-07-18 11:33:55,885 [grpc-default-executor-5] INFO  impl.SnapshotInstallationHandler (SnapshotInstallationHandler.java:installSnapshot(92)) - omNode-bootstrap-2@group-0AAC5367B30E: receive installSnapshot: omNode-1->omNode-bootstrap-2#0-t1,notify:(t:1, i:0)
2024-07-18 11:33:55,885 [grpc-default-executor-5] INFO  impl.SnapshotInstallationHandler (SnapshotInstallationHandler.java:installSnapshotImpl(138)) - omNode-bootstrap-2@group-0AAC5367B30E: set new configuration configurationEntry {
  peers {
    id: "omNode-3"
    address: "localhost:15023"
    startupRole: FOLLOWER
  }
  peers {
    id: "omNode-1"
    address: "localhost:15015"
    startupRole: FOLLOWER
  }
  peers {
    id: "omNode-2"
    address: "localhost:15019"
    startupRole: FOLLOWER
  }
}
 from snapshot
2024-07-18 11:33:55,886 [grpc-default-executor-5] INFO  server.RaftServer$Division (ServerState.java:setRaftConf(386)) - omNode-bootstrap-2@group-0AAC5367B30E: set configuration conf: {index: 0, cur=peers:[omNode-3|localhost:15023, omNode-1|localhost:15015, omNode-2|localhost:15019]|listeners:[], old=null}
2024-07-18 11:33:55,887 [grpc-default-executor-5] INFO  ratis.OzoneManagerStateMachine (OzoneManagerStateMachine.java:notifyConfigurationChanged(216)) - Received Configuration change notification from Ratis. New Peer list:
[id: "omNode-3"
address: "localhost:15023"
startupRole: FOLLOWER
, id: "omNode-1"
address: "localhost:15015"
startupRole: FOLLOWER
, id: "omNode-2"
address: "localhost:15019"
startupRole: FOLLOWER
]
2024-07-18 11:33:55,887 [grpc-default-executor-5] INFO  impl.SnapshotInstallationHandler (SnapshotInstallationHandler.java:installSnapshot(103)) - omNode-bootstrap-2@group-0AAC5367B30E: reply installSnapshot: omNode-1<-omNode-bootstrap-2#0:FAIL-t1,IN_PROGRESS,snapshotIndex=0
2024-07-18 11:33:55,887 [grpc-default-executor-5] INFO  server.GrpcServerProtocolService (GrpcServerProtocolService.java:onCompleted(157)) - omNode-bootstrap-2: Completed INSTALL_SNAPSHOT, lastRequest: omNode-1->omNode-bootstrap-2#0-t1,notify:(t:1, i:0)
2024-07-18 11:33:55,887 [grpc-default-executor-5] INFO  server.GrpcServerProtocolService (GrpcServerProtocolService.java:lambda$onCompleted$5(159)) - omNode-bootstrap-2: Completed INSTALL_SNAPSHOT, lastReply: null
2024-07-18 11:33:55,888 [omNode-bootstrap-2-server-thread1] INFO  server.RaftServer$Division (RaftServerImpl.java:checkInconsistentAppendEntries(1629)) - omNode-bootstrap-2@group-0AAC5367B30E: Failed appendEntries as snapshot (0) installation is in progress
2024-07-18 11:33:55,889 [omNode-bootstrap-2-server-thread1] INFO  server.RaftServer$Division (RaftServerImpl.java:appendEntriesAsync(1584)) - omNode-bootstrap-2@group-0AAC5367B30E: appendEntries* reply omNode-1<-omNode-bootstrap-2#52:FAIL-t1,INCONSISTENCY,nextIndex=0,followerCommit=-1,matchIndex=-1
2024-07-18 11:33:55,890 [grpc-default-executor-5] INFO  impl.SnapshotInstallationHandler (SnapshotInstallationHandler.java:installSnapshot(92)) - omNode-bootstrap-2@group-0AAC5367B30E: receive installSnapshot: omNode-1->omNode-bootstrap-2#0-t1,notify:(t:1, i:0)
2024-07-18 11:33:55,890 [grpc-default-executor-5] INFO  impl.SnapshotInstallationHandler (SnapshotInstallationHandler.java:installSnapshotImpl(138)) - omNode-bootstrap-2@group-0AAC5367B30E: set new configuration configurationEntry {
  peers {
    id: "omNode-3"
    address: "localhost:15023"
    startupRole: FOLLOWER
  }
  peers {
    id: "omNode-1"
    address: "localhost:15015"
    startupRole: FOLLOWER
  }
  peers {
    id: "omNode-2"
    address: "localhost:15019"
    startupRole: FOLLOWER
  }
}
 from snapshot
2024-07-18 11:33:55,890 [grpc-default-executor-5] INFO  server.RaftServer$Division (ServerState.java:setRaftConf(386)) - omNode-bootstrap-2@group-0AAC5367B30E: set configuration conf: {index: 0, cur=peers:[omNode-3|localhost:15023, omNode-1|localhost:15015, omNode-2|localhost:15019]|listeners:[], old=null}
2024-07-18 11:33:55,891 [grpc-default-executor-5] INFO  ratis.OzoneManagerStateMachine (OzoneManagerStateMachine.java:notifyConfigurationChanged(216)) - Received Configuration change notification from Ratis. New Peer list:
[id: "omNode-3"
address: "localhost:15023"
startupRole: FOLLOWER
, id: "omNode-1"
address: "localhost:15015"
startupRole: FOLLOWER
, id: "omNode-2"
address: "localhost:15019"
startupRole: FOLLOWER
]
2024-07-18 11:33:55,892 [grpc-default-executor-5] INFO  impl.SnapshotInstallationHandler (SnapshotInstallationHandler.java:installSnapshot(103)) - omNode-bootstrap-2@group-0AAC5367B30E: reply installSnapshot: omNode-1<-omNode-bootstrap-2#0:FAIL-t1,IN_PROGRESS,snapshotIndex=0
2024-07-18 11:33:55,892 [grpc-default-executor-5] INFO  server.GrpcServerProtocolService (GrpcServerProtocolService.java:onCompleted(157)) - omNode-bootstrap-2: Completed INSTALL_SNAPSHOT, lastRequest: omNode-1->omNode-bootstrap-2#0-t1,notify:(t:1, i:0)
2024-07-18 11:33:55,892 [grpc-default-executor-5] INFO  server.GrpcServerProtocolService (GrpcServerProtocolService.java:lambda$onCompleted$5(159)) - omNode-bootstrap-2: Completed INSTALL_SNAPSHOT, lastReply: null
2024-07-18 11:33:55,893 [omNode-bootstrap-2-server-thread1] INFO  server.RaftServer$Division (RaftServerImpl.java:checkInconsistentAppendEntries(1629)) - omNode-bootstrap-2@group-0AAC5367B30E: Failed appendEntries as snapshot (0) installation is in progress
2024-07-18 11:33:55,893 [omNode-bootstrap-2-server-thread1] INFO  server.RaftServer$Division (RaftServerImpl.java:appendEntriesAsync(1584)) - omNode-bootstrap-2@group-0AAC5367B30E: appendEntries* reply omNode-1<-omNode-bootstrap-2#53:FAIL-t1,INCONSISTENCY,nextIndex=0,followerCommit=-1,matchIndex=-1
2024-07-18 11:33:55,894 [grpc-default-executor-5] INFO  impl.SnapshotInstallationHandler (SnapshotInstallationHandler.java:installSnapshot(92)) - omNode-bootstrap-2@group-0AAC5367B30E: receive installSnapshot: omNode-1->omNode-bootstrap-2#0-t1,notify:(t:1, i:0)
2024-07-18 11:33:55,894 [grpc-default-executor-5] INFO  impl.SnapshotInstallationHandler (SnapshotInstallationHandler.java:installSnapshotImpl(138)) - omNode-bootstrap-2@group-0AAC5367B30E: set new configuration configurationEntry {
  peers {
    id: "omNode-3"
    address: "localhost:15023"
    startupRole: FOLLOWER
  }
  peers {
    id: "omNode-1"
    address: "localhost:15015"
    startupRole: FOLLOWER
  }
  peers {
    id: "omNode-2"
    address: "localhost:15019"
    startupRole: FOLLOWER
  }
}
 from snapshot
2024-07-18 11:33:55,894 [grpc-default-executor-5] INFO  server.RaftServer$Division (ServerState.java:setRaftConf(386)) - omNode-bootstrap-2@group-0AAC5367B30E: set configuration conf: {index: 0, cur=peers:[omNode-3|localhost:15023, omNode-1|localhost:15015, omNode-2|localhost:15019]|listeners:[], old=null}
2024-07-18 11:33:55,895 [grpc-default-executor-5] INFO  ratis.OzoneManagerStateMachine (OzoneManagerStateMachine.java:notifyConfigurationChanged(216)) - Received Configuration change notification from Ratis. New Peer list:
[id: "omNode-3"
address: "localhost:15023"
startupRole: FOLLOWER
, id: "omNode-1"
address: "localhost:15015"
startupRole: FOLLOWER
, id: "omNode-2"
address: "localhost:15019"
startupRole: FOLLOWER
]
2024-07-18 11:33:55,896 [grpc-default-executor-5] INFO  impl.SnapshotInstallationHandler (SnapshotInstallationHandler.java:installSnapshot(103)) - omNode-bootstrap-2@group-0AAC5367B30E: reply installSnapshot: omNode-1<-omNode-bootstrap-2#0:FAIL-t1,IN_PROGRESS,snapshotIndex=0
2024-07-18 11:33:55,896 [grpc-default-executor-5] INFO  server.GrpcServerProtocolService (GrpcServerProtocolService.java:onCompleted(157)) - omNode-bootstrap-2: Completed INSTALL_SNAPSHOT, lastRequest: omNode-1->omNode-bootstrap-2#0-t1,notify:(t:1, i:0)
2024-07-18 11:33:55,896 [grpc-default-executor-5] INFO  server.GrpcServerProtocolService (GrpcServerProtocolService.java:lambda$onCompleted$5(159)) - omNode-bootstrap-2: Completed INSTALL_SNAPSHOT, lastReply: null
2024-07-18 11:33:55,897 [omNode-bootstrap-2-server-thread1] INFO  server.RaftServer$Division (RaftServerImpl.java:checkInconsistentAppendEntries(1629)) - omNode-bootstrap-2@group-0AAC5367B30E: Failed appendEntries as snapshot (0) installation is in progress
2024-07-18 11:33:55,897 [omNode-bootstrap-2-server-thread1] INFO  server.RaftServer$Division (RaftServerImpl.java:appendEntriesAsync(1584)) - omNode-bootstrap-2@group-0AAC5367B30E: appendEntries* reply omNode-1<-omNode-bootstrap-2#54:FAIL-t1,INCONSISTENCY,nextIndex=0,followerCommit=-1,matchIndex=-1
2024-07-18 11:33:55,898 [grpc-default-executor-1] INFO  impl.SnapshotInstallationHandler (SnapshotInstallationHandler.java:installSnapshot(92)) - omNode-bootstrap-2@group-0AAC5367B30E: receive installSnapshot: omNode-1->omNode-bootstrap-2#0-t1,notify:(t:1, i:0)
2024-07-18 11:33:55,898 [grpc-default-executor-1] INFO  impl.SnapshotInstallationHandler (SnapshotInstallationHandler.java:installSnapshotImpl(138)) - omNode-bootstrap-2@group-0AAC5367B30E: set new configuration configurationEntry {
  peers {
    id: "omNode-3"
    address: "localhost:15023"
    startupRole: FOLLOWER
  }
  peers {
    id: "omNode-1"
    address: "localhost:15015"
    startupRole: FOLLOWER
  }
  peers {
    id: "omNode-2"
    address: "localhost:15019"
    startupRole: FOLLOWER
  }
}
 from snapshot
2024-07-18 11:33:55,899 [grpc-default-executor-1] INFO  server.RaftServer$Division (ServerState.java:setRaftConf(386)) - omNode-bootstrap-2@group-0AAC5367B30E: set configuration conf: {index: 0, cur=peers:[omNode-3|localhost:15023, omNode-1|localhost:15015, omNode-2|localhost:15019]|listeners:[], old=null}
2024-07-18 11:33:55,900 [grpc-default-executor-1] INFO  ratis.OzoneManagerStateMachine (OzoneManagerStateMachine.java:notifyConfigurationChanged(216)) - Received Configuration change notification from Ratis. New Peer list:
[id: "omNode-3"
address: "localhost:15023"
startupRole: FOLLOWER
, id: "omNode-1"
address: "localhost:15015"
startupRole: FOLLOWER
, id: "omNode-2"
address: "localhost:15019"
startupRole: FOLLOWER
]
2024-07-18 11:33:55,900 [grpc-default-executor-1] INFO  impl.SnapshotInstallationHandler (SnapshotInstallationHandler.java:installSnapshot(103)) - omNode-bootstrap-2@group-0AAC5367B30E: reply installSnapshot: omNode-1<-omNode-bootstrap-2#0:FAIL-t1,IN_PROGRESS,snapshotIndex=0
2024-07-18 11:33:55,900 [grpc-default-executor-1] INFO  server.GrpcServerProtocolService (GrpcServerProtocolService.java:onCompleted(157)) - omNode-bootstrap-2: Completed INSTALL_SNAPSHOT, lastRequest: omNode-1->omNode-bootstrap-2#0-t1,notify:(t:1, i:0)
2024-07-18 11:33:55,900 [grpc-default-executor-1] INFO  server.GrpcServerProtocolService (GrpcServerProtocolService.java:lambda$onCompleted$5(159)) - omNode-bootstrap-2: Completed INSTALL_SNAPSHOT, lastReply: null
2024-07-18 11:33:55,901 [omNode-bootstrap-2-server-thread1] INFO  server.RaftServer$Division (RaftServerImpl.java:checkInconsistentAppendEntries(1629)) - omNode-bootstrap-2@group-0AAC5367B30E: Failed appendEntries as snapshot (0) installation is in progress
2024-07-18 11:33:55,901 [omNode-bootstrap-2-server-thread1] INFO  server.RaftServer$Division (RaftServerImpl.java:appendEntriesAsync(1584)) - omNode-bootstrap-2@group-0AAC5367B30E: appendEntries* reply omNode-1<-omNode-bootstrap-2#55:FAIL-t1,INCONSISTENCY,nextIndex=0,followerCommit=-1,matchIndex=-1
2024-07-18 11:33:55,902 [grpc-default-executor-5] INFO  impl.SnapshotInstallationHandler (SnapshotInstallationHandler.java:installSnapshot(92)) - omNode-bootstrap-2@group-0AAC5367B30E: receive installSnapshot: omNode-1->omNode-bootstrap-2#0-t1,notify:(t:1, i:0)
2024-07-18 11:33:55,902 [grpc-default-executor-5] INFO  impl.SnapshotInstallationHandler (SnapshotInstallationHandler.java:installSnapshotImpl(138)) - omNode-bootstrap-2@group-0AAC5367B30E: set new configuration configurationEntry {
  peers {
    id: "omNode-3"
    address: "localhost:15023"
    startupRole: FOLLOWER
  }
  peers {
    id: "omNode-1"
    address: "localhost:15015"
    startupRole: FOLLOWER
  }
  peers {
    id: "omNode-2"
    address: "localhost:15019"
    startupRole: FOLLOWER
  }
}
 from snapshot
2024-07-18 11:33:55,902 [grpc-default-executor-5] INFO  server.RaftServer$Division (ServerState.java:setRaftConf(386)) - omNode-bootstrap-2@group-0AAC5367B30E: set configuration conf: {index: 0, cur=peers:[omNode-3|localhost:15023, omNode-1|localhost:15015, omNode-2|localhost:15019]|listeners:[], old=null}
2024-07-18 11:33:55,903 [grpc-default-executor-5] INFO  ratis.OzoneManagerStateMachine (OzoneManagerStateMachine.java:notifyConfigurationChanged(216)) - Received Configuration change notification from Ratis. New Peer list:
[id: "omNode-3"
address: "localhost:15023"
startupRole: FOLLOWER
, id: "omNode-1"
address: "localhost:15015"
startupRole: FOLLOWER
, id: "omNode-2"
address: "localhost:15019"
startupRole: FOLLOWER
]
2024-07-18 11:33:55,904 [grpc-default-executor-5] INFO  impl.SnapshotInstallationHandler (SnapshotInstallationHandler.java:installSnapshot(103)) - omNode-bootstrap-2@group-0AAC5367B30E: reply installSnapshot: omNode-1<-omNode-bootstrap-2#0:FAIL-t1,IN_PROGRESS,snapshotIndex=0
2024-07-18 11:33:55,904 [grpc-default-executor-5] INFO  server.GrpcServerProtocolService (GrpcServerProtocolService.java:onCompleted(157)) - omNode-bootstrap-2: Completed INSTALL_SNAPSHOT, lastRequest: omNode-1->omNode-bootstrap-2#0-t1,notify:(t:1, i:0)
2024-07-18 11:33:55,904 [grpc-default-executor-5] INFO  server.GrpcServerProtocolService (GrpcServerProtocolService.java:lambda$onCompleted$5(159)) - omNode-bootstrap-2: Completed INSTALL_SNAPSHOT, lastReply: null
2024-07-18 11:33:55,905 [omNode-bootstrap-2-server-thread1] INFO  server.RaftServer$Division (RaftServerImpl.java:checkInconsistentAppendEntries(1629)) - omNode-bootstrap-2@group-0AAC5367B30E: Failed appendEntries as snapshot (0) installation is in progress
2024-07-18 11:33:55,905 [omNode-bootstrap-2-server-thread1] INFO  server.RaftServer$Division (RaftServerImpl.java:appendEntriesAsync(1584)) - omNode-bootstrap-2@group-0AAC5367B30E: appendEntries* reply omNode-1<-omNode-bootstrap-2#56:FAIL-t1,INCONSISTENCY,nextIndex=0,followerCommit=-1,matchIndex=-1
2024-07-18 11:33:55,906 [grpc-default-executor-1] INFO  impl.SnapshotInstallationHandler (SnapshotInstallationHandler.java:installSnapshot(92)) - omNode-bootstrap-2@group-0AAC5367B30E: receive installSnapshot: omNode-1->omNode-bootstrap-2#0-t1,notify:(t:1, i:0)
2024-07-18 11:33:55,906 [grpc-default-executor-1] INFO  impl.SnapshotInstallationHandler (SnapshotInstallationHandler.java:installSnapshotImpl(138)) - omNode-bootstrap-2@group-0AAC5367B30E: set new configuration configurationEntry {
  peers {
    id: "omNode-3"
    address: "localhost:15023"
    startupRole: FOLLOWER
  }
  peers {
    id: "omNode-1"
    address: "localhost:15015"
    startupRole: FOLLOWER
  }
  peers {
    id: "omNode-2"
    address: "localhost:15019"
    startupRole: FOLLOWER
  }
}
 from snapshot
2024-07-18 11:33:55,906 [grpc-default-executor-1] INFO  server.RaftServer$Division (ServerState.java:setRaftConf(386)) - omNode-bootstrap-2@group-0AAC5367B30E: set configuration conf: {index: 0, cur=peers:[omNode-3|localhost:15023, omNode-1|localhost:15015, omNode-2|localhost:15019]|listeners:[], old=null}
2024-07-18 11:33:55,907 [grpc-default-executor-1] INFO  ratis.OzoneManagerStateMachine (OzoneManagerStateMachine.java:notifyConfigurationChanged(216)) - Received Configuration change notification from Ratis. New Peer list:
[id: "omNode-3"
address: "localhost:15023"
startupRole: FOLLOWER
, id: "omNode-1"
address: "localhost:15015"
startupRole: FOLLOWER
, id: "omNode-2"
address: "localhost:15019"
startupRole: FOLLOWER
]
2024-07-18 11:33:55,908 [grpc-default-executor-1] INFO  impl.SnapshotInstallationHandler (SnapshotInstallationHandler.java:installSnapshot(103)) - omNode-bootstrap-2@group-0AAC5367B30E: reply installSnapshot: omNode-1<-omNode-bootstrap-2#0:FAIL-t1,IN_PROGRESS,snapshotIndex=0
2024-07-18 11:33:55,908 [grpc-default-executor-1] INFO  server.GrpcServerProtocolService (GrpcServerProtocolService.java:onCompleted(157)) - omNode-bootstrap-2: Completed INSTALL_SNAPSHOT, lastRequest: omNode-1->omNode-bootstrap-2#0-t1,notify:(t:1, i:0)
2024-07-18 11:33:55,908 [grpc-default-executor-1] INFO  server.GrpcServerProtocolService (GrpcServerProtocolService.java:lambda$onCompleted$5(159)) - omNode-bootstrap-2: Completed INSTALL_SNAPSHOT, lastReply: null
2024-07-18 11:33:55,910 [grpc-default-executor-3] INFO  impl.SnapshotInstallationHandler (SnapshotInstallationHandler.java:installSnapshot(92)) - omNode-bootstrap-2@group-0AAC5367B30E: receive installSnapshot: omNode-1->omNode-bootstrap-2#0-t1,notify:(t:1, i:0)
2024-07-18 11:33:55,910 [grpc-default-executor-3] INFO  impl.SnapshotInstallationHandler (SnapshotInstallationHandler.java:installSnapshotImpl(138)) - omNode-bootstrap-2@group-0AAC5367B30E: set new configuration configurationEntry {
  peers {
    id: "omNode-3"
    address: "localhost:15023"
    startupRole: FOLLOWER
  }
  peers {
    id: "omNode-1"
    address: "localhost:15015"
    startupRole: FOLLOWER
  }
  peers {
    id: "omNode-2"
    address: "localhost:15019"
    startupRole: FOLLOWER
  }
}
 from snapshot
2024-07-18 11:33:55,910 [grpc-default-executor-3] INFO  server.RaftServer$Division (ServerState.java:setRaftConf(386)) - omNode-bootstrap-2@group-0AAC5367B30E: set configuration conf: {index: 0, cur=peers:[omNode-3|localhost:15023, omNode-1|localhost:15015, omNode-2|localhost:15019]|listeners:[], old=null}
2024-07-18 11:33:55,910 [omNode-bootstrap-2-server-thread1] INFO  server.RaftServer$Division (RaftServerImpl.java:checkInconsistentAppendEntries(1629)) - omNode-bootstrap-2@group-0AAC5367B30E: Failed appendEntries as snapshot (0) installation is in progress
2024-07-18 11:33:55,910 [omNode-bootstrap-2-server-thread1] INFO  server.RaftServer$Division (RaftServerImpl.java:appendEntriesAsync(1584)) - omNode-bootstrap-2@group-0AAC5367B30E: appendEntries* reply omNode-1<-omNode-bootstrap-2#57:FAIL-t1,INCONSISTENCY,nextIndex=0,followerCommit=-1,matchIndex=-1
2024-07-18 11:33:55,911 [grpc-default-executor-3] INFO  ratis.OzoneManagerStateMachine (OzoneManagerStateMachine.java:notifyConfigurationChanged(216)) - Received Configuration change notification from Ratis. New Peer list:
[id: "omNode-3"
address: "localhost:15023"
startupRole: FOLLOWER
, id: "omNode-1"
address: "localhost:15015"
startupRole: FOLLOWER
, id: "omNode-2"
address: "localhost:15019"
startupRole: FOLLOWER
]
2024-07-18 11:33:55,911 [grpc-default-executor-3] INFO  impl.SnapshotInstallationHandler (SnapshotInstallationHandler.java:installSnapshot(103)) - omNode-bootstrap-2@group-0AAC5367B30E: reply installSnapshot: omNode-1<-omNode-bootstrap-2#0:FAIL-t1,IN_PROGRESS,snapshotIndex=0
2024-07-18 11:33:55,912 [grpc-default-executor-3] INFO  server.GrpcServerProtocolService (GrpcServerProtocolService.java:onCompleted(157)) - omNode-bootstrap-2: Completed INSTALL_SNAPSHOT, lastRequest: omNode-1->omNode-bootstrap-2#0-t1,notify:(t:1, i:0)
2024-07-18 11:33:55,912 [grpc-default-executor-3] INFO  server.GrpcServerProtocolService (GrpcServerProtocolService.java:lambda$onCompleted$5(159)) - omNode-bootstrap-2: Completed INSTALL_SNAPSHOT, lastReply: null
2024-07-18 11:33:55,913 [omNode-bootstrap-2-server-thread1] INFO  server.RaftServer$Division (RaftServerImpl.java:checkInconsistentAppendEntries(1629)) - omNode-bootstrap-2@group-0AAC5367B30E: Failed appendEntries as snapshot (0) installation is in progress
2024-07-18 11:33:55,913 [omNode-bootstrap-2-server-thread1] INFO  server.RaftServer$Division (RaftServerImpl.java:appendEntriesAsync(1584)) - omNode-bootstrap-2@group-0AAC5367B30E: appendEntries* reply omNode-1<-omNode-bootstrap-2#58:FAIL-t1,INCONSISTENCY,nextIndex=0,followerCommit=-1,matchIndex=-1
2024-07-18 11:33:55,913 [grpc-default-executor-1] INFO  impl.SnapshotInstallationHandler (SnapshotInstallationHandler.java:installSnapshot(92)) - omNode-bootstrap-2@group-0AAC5367B30E: receive installSnapshot: omNode-1->omNode-bootstrap-2#0-t1,notify:(t:1, i:0)
2024-07-18 11:33:55,914 [grpc-default-executor-1] INFO  impl.SnapshotInstallationHandler (SnapshotInstallationHandler.java:installSnapshotImpl(138)) - omNode-bootstrap-2@group-0AAC5367B30E: set new configuration configurationEntry {
  peers {
    id: "omNode-3"
    address: "localhost:15023"
    startupRole: FOLLOWER
  }
  peers {
    id: "omNode-1"
    address: "localhost:15015"
    startupRole: FOLLOWER
  }
  peers {
    id: "omNode-2"
    address: "localhost:15019"
    startupRole: FOLLOWER
  }
}
 from snapshot
2024-07-18 11:33:55,914 [grpc-default-executor-1] INFO  server.RaftServer$Division (ServerState.java:setRaftConf(386)) - omNode-bootstrap-2@group-0AAC5367B30E: set configuration conf: {index: 0, cur=peers:[omNode-3|localhost:15023, omNode-1|localhost:15015, omNode-2|localhost:15019]|listeners:[], old=null}
2024-07-18 11:33:55,915 [grpc-default-executor-1] INFO  ratis.OzoneManagerStateMachine (OzoneManagerStateMachine.java:notifyConfigurationChanged(216)) - Received Configuration change notification from Ratis. New Peer list:
[id: "omNode-3"
address: "localhost:15023"
startupRole: FOLLOWER
, id: "omNode-1"
address: "localhost:15015"
startupRole: FOLLOWER
, id: "omNode-2"
address: "localhost:15019"
startupRole: FOLLOWER
]
2024-07-18 11:33:55,915 [grpc-default-executor-1] INFO  impl.SnapshotInstallationHandler (SnapshotInstallationHandler.java:installSnapshot(103)) - omNode-bootstrap-2@group-0AAC5367B30E: reply installSnapshot: omNode-1<-omNode-bootstrap-2#0:FAIL-t1,IN_PROGRESS,snapshotIndex=0
2024-07-18 11:33:55,915 [grpc-default-executor-1] INFO  server.GrpcServerProtocolService (GrpcServerProtocolService.java:onCompleted(157)) - omNode-bootstrap-2: Completed INSTALL_SNAPSHOT, lastRequest: omNode-1->omNode-bootstrap-2#0-t1,notify:(t:1, i:0)
2024-07-18 11:33:55,915 [grpc-default-executor-1] INFO  server.GrpcServerProtocolService (GrpcServerProtocolService.java:lambda$onCompleted$5(159)) - omNode-bootstrap-2: Completed INSTALL_SNAPSHOT, lastReply: null
2024-07-18 11:33:55,916 [omNode-bootstrap-2-server-thread1] INFO  server.RaftServer$Division (RaftServerImpl.java:checkInconsistentAppendEntries(1629)) - omNode-bootstrap-2@group-0AAC5367B30E: Failed appendEntries as snapshot (0) installation is in progress
2024-07-18 11:33:55,916 [omNode-bootstrap-2-server-thread1] INFO  server.RaftServer$Division (RaftServerImpl.java:appendEntriesAsync(1584)) - omNode-bootstrap-2@group-0AAC5367B30E: appendEntries* reply omNode-1<-omNode-bootstrap-2#59:FAIL-t1,INCONSISTENCY,nextIndex=0,followerCommit=-1,matchIndex=-1
2024-07-18 11:33:55,917 [grpc-default-executor-3] INFO  impl.SnapshotInstallationHandler (SnapshotInstallationHandler.java:installSnapshot(92)) - omNode-bootstrap-2@group-0AAC5367B30E: receive installSnapshot: omNode-1->omNode-bootstrap-2#0-t1,notify:(t:1, i:0)
2024-07-18 11:33:55,917 [grpc-default-executor-3] INFO  impl.SnapshotInstallationHandler (SnapshotInstallationHandler.java:installSnapshotImpl(138)) - omNode-bootstrap-2@group-0AAC5367B30E: set new configuration configurationEntry {
  peers {
    id: "omNode-3"
    address: "localhost:15023"
    startupRole: FOLLOWER
  }
  peers {
    id: "omNode-1"
    address: "localhost:15015"
    startupRole: FOLLOWER
  }
  peers {
    id: "omNode-2"
    address: "localhost:15019"
    startupRole: FOLLOWER
  }
}
 from snapshot
2024-07-18 11:33:55,918 [grpc-default-executor-3] INFO  server.RaftServer$Division (ServerState.java:setRaftConf(386)) - omNode-bootstrap-2@group-0AAC5367B30E: set configuration conf: {index: 0, cur=peers:[omNode-3|localhost:15023, omNode-1|localhost:15015, omNode-2|localhost:15019]|listeners:[], old=null}
2024-07-18 11:33:55,919 [grpc-default-executor-3] INFO  ratis.OzoneManagerStateMachine (OzoneManagerStateMachine.java:notifyConfigurationChanged(216)) - Received Configuration change notification from Ratis. New Peer list:
[id: "omNode-3"
address: "localhost:15023"
startupRole: FOLLOWER
, id: "omNode-1"
address: "localhost:15015"
startupRole: FOLLOWER
, id: "omNode-2"
address: "localhost:15019"
startupRole: FOLLOWER
]
2024-07-18 11:33:55,919 [grpc-default-executor-3] INFO  impl.SnapshotInstallationHandler (SnapshotInstallationHandler.java:installSnapshot(103)) - omNode-bootstrap-2@group-0AAC5367B30E: reply installSnapshot: omNode-1<-omNode-bootstrap-2#0:FAIL-t1,IN_PROGRESS,snapshotIndex=0
2024-07-18 11:33:55,919 [grpc-default-executor-3] INFO  server.GrpcServerProtocolService (GrpcServerProtocolService.java:onCompleted(157)) - omNode-bootstrap-2: Completed INSTALL_SNAPSHOT, lastRequest: omNode-1->omNode-bootstrap-2#0-t1,notify:(t:1, i:0)
2024-07-18 11:33:55,919 [grpc-default-executor-3] INFO  server.GrpcServerProtocolService (GrpcServerProtocolService.java:lambda$onCompleted$5(159)) - omNode-bootstrap-2: Completed INSTALL_SNAPSHOT, lastReply: null
2024-07-18 11:33:55,920 [omNode-bootstrap-2-server-thread1] INFO  server.RaftServer$Division (RaftServerImpl.java:checkInconsistentAppendEntries(1629)) - omNode-bootstrap-2@group-0AAC5367B30E: Failed appendEntries as snapshot (0) installation is in progress
2024-07-18 11:33:55,920 [omNode-bootstrap-2-server-thread1] INFO  server.RaftServer$Division (RaftServerImpl.java:appendEntriesAsync(1584)) - omNode-bootstrap-2@group-0AAC5367B30E: appendEntries* reply omNode-1<-omNode-bootstrap-2#60:FAIL-t1,INCONSISTENCY,nextIndex=0,followerCommit=-1,matchIndex=-1
2024-07-18 11:33:55,921 [grpc-default-executor-1] INFO  impl.SnapshotInstallationHandler (SnapshotInstallationHandler.java:installSnapshot(92)) - omNode-bootstrap-2@group-0AAC5367B30E: receive installSnapshot: omNode-1->omNode-bootstrap-2#0-t1,notify:(t:1, i:0)
2024-07-18 11:33:55,921 [grpc-default-executor-1] INFO  impl.SnapshotInstallationHandler (SnapshotInstallationHandler.java:installSnapshotImpl(138)) - omNode-bootstrap-2@group-0AAC5367B30E: set new configuration configurationEntry {
  peers {
    id: "omNode-3"
    address: "localhost:15023"
    startupRole: FOLLOWER
  }
  peers {
    id: "omNode-1"
    address: "localhost:15015"
    startupRole: FOLLOWER
  }
  peers {
    id: "omNode-2"
    address: "localhost:15019"
    startupRole: FOLLOWER
  }
}
 from snapshot
2024-07-18 11:33:55,921 [grpc-default-executor-1] INFO  server.RaftServer$Division (ServerState.java:setRaftConf(386)) - omNode-bootstrap-2@group-0AAC5367B30E: set configuration conf: {index: 0, cur=peers:[omNode-3|localhost:15023, omNode-1|localhost:15015, omNode-2|localhost:15019]|listeners:[], old=null}
2024-07-18 11:33:55,922 [grpc-default-executor-1] INFO  ratis.OzoneManagerStateMachine (OzoneManagerStateMachine.java:notifyConfigurationChanged(216)) - Received Configuration change notification from Ratis. New Peer list:
[id: "omNode-3"
address: "localhost:15023"
startupRole: FOLLOWER
, id: "omNode-1"
address: "localhost:15015"
startupRole: FOLLOWER
, id: "omNode-2"
address: "localhost:15019"
startupRole: FOLLOWER
]
2024-07-18 11:33:55,923 [grpc-default-executor-1] INFO  impl.SnapshotInstallationHandler (SnapshotInstallationHandler.java:installSnapshot(103)) - omNode-bootstrap-2@group-0AAC5367B30E: reply installSnapshot: omNode-1<-omNode-bootstrap-2#0:FAIL-t1,IN_PROGRESS,snapshotIndex=0
2024-07-18 11:33:55,923 [grpc-default-executor-1] INFO  server.GrpcServerProtocolService (GrpcServerProtocolService.java:onCompleted(157)) - omNode-bootstrap-2: Completed INSTALL_SNAPSHOT, lastRequest: omNode-1->omNode-bootstrap-2#0-t1,notify:(t:1, i:0)
2024-07-18 11:33:55,923 [grpc-default-executor-1] INFO  server.GrpcServerProtocolService (GrpcServerProtocolService.java:lambda$onCompleted$5(159)) - omNode-bootstrap-2: Completed INSTALL_SNAPSHOT, lastReply: null
2024-07-18 11:33:55,923 [omNode-bootstrap-2-server-thread1] INFO  server.RaftServer$Division (RaftServerImpl.java:checkInconsistentAppendEntries(1629)) - omNode-bootstrap-2@group-0AAC5367B30E: Failed appendEntries as snapshot (0) installation is in progress
2024-07-18 11:33:55,924 [omNode-bootstrap-2-server-thread1] INFO  server.RaftServer$Division (RaftServerImpl.java:appendEntriesAsync(1584)) - omNode-bootstrap-2@group-0AAC5367B30E: appendEntries* reply omNode-1<-omNode-bootstrap-2#61:FAIL-t1,INCONSISTENCY,nextIndex=0,followerCommit=-1,matchIndex=-1
2024-07-18 11:33:55,925 [grpc-default-executor-1] INFO  impl.SnapshotInstallationHandler (SnapshotInstallationHandler.java:installSnapshot(92)) - omNode-bootstrap-2@group-0AAC5367B30E: receive installSnapshot: omNode-1->omNode-bootstrap-2#0-t1,notify:(t:1, i:0)
2024-07-18 11:33:55,925 [grpc-default-executor-1] INFO  impl.SnapshotInstallationHandler (SnapshotInstallationHandler.java:installSnapshotImpl(138)) - omNode-bootstrap-2@group-0AAC5367B30E: set new configuration configurationEntry {
  peers {
    id: "omNode-3"
    address: "localhost:15023"
    startupRole: FOLLOWER
  }
  peers {
    id: "omNode-1"
    address: "localhost:15015"
    startupRole: FOLLOWER
  }
  peers {
    id: "omNode-2"
    address: "localhost:15019"
    startupRole: FOLLOWER
  }
}
 from snapshot
2024-07-18 11:33:55,925 [grpc-default-executor-1] INFO  server.RaftServer$Division (ServerState.java:setRaftConf(386)) - omNode-bootstrap-2@group-0AAC5367B30E: set configuration conf: {index: 0, cur=peers:[omNode-3|localhost:15023, omNode-1|localhost:15015, omNode-2|localhost:15019]|listeners:[], old=null}
2024-07-18 11:33:55,926 [grpc-default-executor-1] INFO  ratis.OzoneManagerStateMachine (OzoneManagerStateMachine.java:notifyConfigurationChanged(216)) - Received Configuration change notification from Ratis. New Peer list:
[id: "omNode-3"
address: "localhost:15023"
startupRole: FOLLOWER
, id: "omNode-1"
address: "localhost:15015"
startupRole: FOLLOWER
, id: "omNode-2"
address: "localhost:15019"
startupRole: FOLLOWER
]
2024-07-18 11:33:55,926 [grpc-default-executor-1] INFO  impl.SnapshotInstallationHandler (SnapshotInstallationHandler.java:installSnapshot(103)) - omNode-bootstrap-2@group-0AAC5367B30E: reply installSnapshot: omNode-1<-omNode-bootstrap-2#0:FAIL-t1,IN_PROGRESS,snapshotIndex=0
2024-07-18 11:33:55,927 [grpc-default-executor-1] INFO  server.GrpcServerProtocolService (GrpcServerProtocolService.java:onCompleted(157)) - omNode-bootstrap-2: Completed INSTALL_SNAPSHOT, lastRequest: omNode-1->omNode-bootstrap-2#0-t1,notify:(t:1, i:0)
2024-07-18 11:33:55,927 [grpc-default-executor-1] INFO  server.GrpcServerProtocolService (GrpcServerProtocolService.java:lambda$onCompleted$5(159)) - omNode-bootstrap-2: Completed INSTALL_SNAPSHOT, lastReply: null
2024-07-18 11:33:55,927 [omNode-bootstrap-2-server-thread1] INFO  server.RaftServer$Division (RaftServerImpl.java:checkInconsistentAppendEntries(1629)) - omNode-bootstrap-2@group-0AAC5367B30E: Failed appendEntries as snapshot (0) installation is in progress
2024-07-18 11:33:55,927 [omNode-bootstrap-2-server-thread1] INFO  server.RaftServer$Division (RaftServerImpl.java:appendEntriesAsync(1584)) - omNode-bootstrap-2@group-0AAC5367B30E: appendEntries* reply omNode-1<-omNode-bootstrap-2#62:FAIL-t1,INCONSISTENCY,nextIndex=0,followerCommit=-1,matchIndex=-1
2024-07-18 11:33:55,928 [grpc-default-executor-1] INFO  impl.SnapshotInstallationHandler (SnapshotInstallationHandler.java:installSnapshot(92)) - omNode-bootstrap-2@group-0AAC5367B30E: receive installSnapshot: omNode-1->omNode-bootstrap-2#0-t1,notify:(t:1, i:0)
2024-07-18 11:33:55,929 [grpc-default-executor-1] INFO  impl.SnapshotInstallationHandler (SnapshotInstallationHandler.java:installSnapshotImpl(138)) - omNode-bootstrap-2@group-0AAC5367B30E: set new configuration configurationEntry {
  peers {
    id: "omNode-3"
    address: "localhost:15023"
    startupRole: FOLLOWER
  }
  peers {
    id: "omNode-1"
    address: "localhost:15015"
    startupRole: FOLLOWER
  }
  peers {
    id: "omNode-2"
    address: "localhost:15019"
    startupRole: FOLLOWER
  }
}
 from snapshot
2024-07-18 11:33:55,929 [grpc-default-executor-1] INFO  server.RaftServer$Division (ServerState.java:setRaftConf(386)) - omNode-bootstrap-2@group-0AAC5367B30E: set configuration conf: {index: 0, cur=peers:[omNode-3|localhost:15023, omNode-1|localhost:15015, omNode-2|localhost:15019]|listeners:[], old=null}
2024-07-18 11:33:55,931 [grpc-default-executor-1] INFO  ratis.OzoneManagerStateMachine (OzoneManagerStateMachine.java:notifyConfigurationChanged(216)) - Received Configuration change notification from Ratis. New Peer list:
[id: "omNode-3"
address: "localhost:15023"
startupRole: FOLLOWER
, id: "omNode-1"
address: "localhost:15015"
startupRole: FOLLOWER
, id: "omNode-2"
address: "localhost:15019"
startupRole: FOLLOWER
]
2024-07-18 11:33:55,931 [grpc-default-executor-1] INFO  impl.SnapshotInstallationHandler (SnapshotInstallationHandler.java:installSnapshot(103)) - omNode-bootstrap-2@group-0AAC5367B30E: reply installSnapshot: omNode-1<-omNode-bootstrap-2#0:FAIL-t1,IN_PROGRESS,snapshotIndex=0
2024-07-18 11:33:55,931 [grpc-default-executor-1] INFO  server.GrpcServerProtocolService (GrpcServerProtocolService.java:onCompleted(157)) - omNode-bootstrap-2: Completed INSTALL_SNAPSHOT, lastRequest: omNode-1->omNode-bootstrap-2#0-t1,notify:(t:1, i:0)
2024-07-18 11:33:55,931 [grpc-default-executor-1] INFO  server.GrpcServerProtocolService (GrpcServerProtocolService.java:lambda$onCompleted$5(159)) - omNode-bootstrap-2: Completed INSTALL_SNAPSHOT, lastReply: null
2024-07-18 11:33:55,932 [omNode-bootstrap-2-server-thread1] INFO  server.RaftServer$Division (RaftServerImpl.java:checkInconsistentAppendEntries(1629)) - omNode-bootstrap-2@group-0AAC5367B30E: Failed appendEntries as snapshot (0) installation is in progress
2024-07-18 11:33:55,932 [omNode-bootstrap-2-server-thread1] INFO  server.RaftServer$Division (RaftServerImpl.java:appendEntriesAsync(1584)) - omNode-bootstrap-2@group-0AAC5367B30E: appendEntries* reply omNode-1<-omNode-bootstrap-2#63:FAIL-t1,INCONSISTENCY,nextIndex=0,followerCommit=-1,matchIndex=-1
2024-07-18 11:33:55,933 [grpc-default-executor-1] INFO  impl.SnapshotInstallationHandler (SnapshotInstallationHandler.java:installSnapshot(92)) - omNode-bootstrap-2@group-0AAC5367B30E: receive installSnapshot: omNode-1->omNode-bootstrap-2#0-t1,notify:(t:1, i:0)
2024-07-18 11:33:55,933 [grpc-default-executor-1] INFO  impl.SnapshotInstallationHandler (SnapshotInstallationHandler.java:installSnapshotImpl(138)) - omNode-bootstrap-2@group-0AAC5367B30E: set new configuration configurationEntry {
  peers {
    id: "omNode-3"
    address: "localhost:15023"
    startupRole: FOLLOWER
  }
  peers {
    id: "omNode-1"
    address: "localhost:15015"
    startupRole: FOLLOWER
  }
  peers {
    id: "omNode-2"
    address: "localhost:15019"
    startupRole: FOLLOWER
  }
}
 from snapshot
2024-07-18 11:33:55,933 [grpc-default-executor-1] INFO  server.RaftServer$Division (ServerState.java:setRaftConf(386)) - omNode-bootstrap-2@group-0AAC5367B30E: set configuration conf: {index: 0, cur=peers:[omNode-3|localhost:15023, omNode-1|localhost:15015, omNode-2|localhost:15019]|listeners:[], old=null}
2024-07-18 11:33:55,934 [grpc-default-executor-1] INFO  ratis.OzoneManagerStateMachine (OzoneManagerStateMachine.java:notifyConfigurationChanged(216)) - Received Configuration change notification from Ratis. New Peer list:
[id: "omNode-3"
address: "localhost:15023"
startupRole: FOLLOWER
, id: "omNode-1"
address: "localhost:15015"
startupRole: FOLLOWER
, id: "omNode-2"
address: "localhost:15019"
startupRole: FOLLOWER
]
2024-07-18 11:33:55,934 [grpc-default-executor-1] INFO  impl.SnapshotInstallationHandler (SnapshotInstallationHandler.java:installSnapshot(103)) - omNode-bootstrap-2@group-0AAC5367B30E: reply installSnapshot: omNode-1<-omNode-bootstrap-2#0:FAIL-t1,IN_PROGRESS,snapshotIndex=0
2024-07-18 11:33:55,935 [grpc-default-executor-1] INFO  server.GrpcServerProtocolService (GrpcServerProtocolService.java:onCompleted(157)) - omNode-bootstrap-2: Completed INSTALL_SNAPSHOT, lastRequest: omNode-1->omNode-bootstrap-2#0-t1,notify:(t:1, i:0)
2024-07-18 11:33:55,935 [grpc-default-executor-1] INFO  server.GrpcServerProtocolService (GrpcServerProtocolService.java:lambda$onCompleted$5(159)) - omNode-bootstrap-2: Completed INSTALL_SNAPSHOT, lastReply: null
2024-07-18 11:33:55,936 [omNode-bootstrap-2-server-thread1] INFO  server.RaftServer$Division (RaftServerImpl.java:checkInconsistentAppendEntries(1629)) - omNode-bootstrap-2@group-0AAC5367B30E: Failed appendEntries as snapshot (0) installation is in progress
2024-07-18 11:33:55,936 [omNode-bootstrap-2-server-thread1] INFO  server.RaftServer$Division (RaftServerImpl.java:appendEntriesAsync(1584)) - omNode-bootstrap-2@group-0AAC5367B30E: appendEntries* reply omNode-1<-omNode-bootstrap-2#64:FAIL-t1,INCONSISTENCY,nextIndex=0,followerCommit=-1,matchIndex=-1
2024-07-18 11:33:55,937 [grpc-default-executor-3] INFO  impl.SnapshotInstallationHandler (SnapshotInstallationHandler.java:installSnapshot(92)) - omNode-bootstrap-2@group-0AAC5367B30E: receive installSnapshot: omNode-1->omNode-bootstrap-2#0-t1,notify:(t:1, i:0)
2024-07-18 11:33:55,937 [grpc-default-executor-3] INFO  impl.SnapshotInstallationHandler (SnapshotInstallationHandler.java:installSnapshotImpl(138)) - omNode-bootstrap-2@group-0AAC5367B30E: set new configuration configurationEntry {
  peers {
    id: "omNode-3"
    address: "localhost:15023"
    startupRole: FOLLOWER
  }
  peers {
    id: "omNode-1"
    address: "localhost:15015"
    startupRole: FOLLOWER
  }
  peers {
    id: "omNode-2"
    address: "localhost:15019"
    startupRole: FOLLOWER
  }
}
 from snapshot
2024-07-18 11:33:55,937 [grpc-default-executor-3] INFO  server.RaftServer$Division (ServerState.java:setRaftConf(386)) - omNode-bootstrap-2@group-0AAC5367B30E: set configuration conf: {index: 0, cur=peers:[omNode-3|localhost:15023, omNode-1|localhost:15015, omNode-2|localhost:15019]|listeners:[], old=null}
2024-07-18 11:33:55,938 [grpc-default-executor-3] INFO  ratis.OzoneManagerStateMachine (OzoneManagerStateMachine.java:notifyConfigurationChanged(216)) - Received Configuration change notification from Ratis. New Peer list:
[id: "omNode-3"
address: "localhost:15023"
startupRole: FOLLOWER
, id: "omNode-1"
address: "localhost:15015"
startupRole: FOLLOWER
, id: "omNode-2"
address: "localhost:15019"
startupRole: FOLLOWER
]
2024-07-18 11:33:55,938 [grpc-default-executor-3] INFO  impl.SnapshotInstallationHandler (SnapshotInstallationHandler.java:installSnapshot(103)) - omNode-bootstrap-2@group-0AAC5367B30E: reply installSnapshot: omNode-1<-omNode-bootstrap-2#0:FAIL-t1,IN_PROGRESS,snapshotIndex=0
2024-07-18 11:33:55,939 [grpc-default-executor-3] INFO  server.GrpcServerProtocolService (GrpcServerProtocolService.java:onCompleted(157)) - omNode-bootstrap-2: Completed INSTALL_SNAPSHOT, lastRequest: omNode-1->omNode-bootstrap-2#0-t1,notify:(t:1, i:0)
2024-07-18 11:33:55,939 [grpc-default-executor-3] INFO  server.GrpcServerProtocolService (GrpcServerProtocolService.java:lambda$onCompleted$5(159)) - omNode-bootstrap-2: Completed INSTALL_SNAPSHOT, lastReply: null
2024-07-18 11:33:55,940 [omNode-bootstrap-2-server-thread1] INFO  server.RaftServer$Division (RaftServerImpl.java:checkInconsistentAppendEntries(1629)) - omNode-bootstrap-2@group-0AAC5367B30E: Failed appendEntries as snapshot (0) installation is in progress
2024-07-18 11:33:55,940 [omNode-bootstrap-2-server-thread1] INFO  server.RaftServer$Division (RaftServerImpl.java:appendEntriesAsync(1584)) - omNode-bootstrap-2@group-0AAC5367B30E: appendEntries* reply omNode-1<-omNode-bootstrap-2#65:FAIL-t1,INCONSISTENCY,nextIndex=0,followerCommit=-1,matchIndex=-1
2024-07-18 11:33:55,941 [grpc-default-executor-1] INFO  impl.SnapshotInstallationHandler (SnapshotInstallationHandler.java:installSnapshot(92)) - omNode-bootstrap-2@group-0AAC5367B30E: receive installSnapshot: omNode-1->omNode-bootstrap-2#0-t1,notify:(t:1, i:0)
2024-07-18 11:33:55,941 [grpc-default-executor-1] INFO  impl.SnapshotInstallationHandler (SnapshotInstallationHandler.java:installSnapshotImpl(138)) - omNode-bootstrap-2@group-0AAC5367B30E: set new configuration configurationEntry {
  peers {
    id: "omNode-3"
    address: "localhost:15023"
    startupRole: FOLLOWER
  }
  peers {
    id: "omNode-1"
    address: "localhost:15015"
    startupRole: FOLLOWER
  }
  peers {
    id: "omNode-2"
    address: "localhost:15019"
    startupRole: FOLLOWER
  }
}
 from snapshot
2024-07-18 11:33:55,942 [grpc-default-executor-1] INFO  server.RaftServer$Division (ServerState.java:setRaftConf(386)) - omNode-bootstrap-2@group-0AAC5367B30E: set configuration conf: {index: 0, cur=peers:[omNode-3|localhost:15023, omNode-1|localhost:15015, omNode-2|localhost:15019]|listeners:[], old=null}
2024-07-18 11:33:55,943 [grpc-default-executor-1] INFO  ratis.OzoneManagerStateMachine (OzoneManagerStateMachine.java:notifyConfigurationChanged(216)) - Received Configuration change notification from Ratis. New Peer list:
[id: "omNode-3"
address: "localhost:15023"
startupRole: FOLLOWER
, id: "omNode-1"
address: "localhost:15015"
startupRole: FOLLOWER
, id: "omNode-2"
address: "localhost:15019"
startupRole: FOLLOWER
]
2024-07-18 11:33:55,943 [grpc-default-executor-1] INFO  impl.SnapshotInstallationHandler (SnapshotInstallationHandler.java:installSnapshot(103)) - omNode-bootstrap-2@group-0AAC5367B30E: reply installSnapshot: omNode-1<-omNode-bootstrap-2#0:FAIL-t1,IN_PROGRESS,snapshotIndex=0
2024-07-18 11:33:55,944 [grpc-default-executor-1] INFO  server.GrpcServerProtocolService (GrpcServerProtocolService.java:onCompleted(157)) - omNode-bootstrap-2: Completed INSTALL_SNAPSHOT, lastRequest: omNode-1->omNode-bootstrap-2#0-t1,notify:(t:1, i:0)
2024-07-18 11:33:55,944 [grpc-default-executor-1] INFO  server.GrpcServerProtocolService (GrpcServerProtocolService.java:lambda$onCompleted$5(159)) - omNode-bootstrap-2: Completed INSTALL_SNAPSHOT, lastReply: null
2024-07-18 11:33:55,945 [omNode-bootstrap-2-server-thread1] INFO  server.RaftServer$Division (RaftServerImpl.java:checkInconsistentAppendEntries(1629)) - omNode-bootstrap-2@group-0AAC5367B30E: Failed appendEntries as snapshot (0) installation is in progress
2024-07-18 11:33:55,945 [omNode-bootstrap-2-server-thread1] INFO  server.RaftServer$Division (RaftServerImpl.java:appendEntriesAsync(1584)) - omNode-bootstrap-2@group-0AAC5367B30E: appendEntries* reply omNode-1<-omNode-bootstrap-2#66:FAIL-t1,INCONSISTENCY,nextIndex=0,followerCommit=-1,matchIndex=-1
2024-07-18 11:33:55,947 [grpc-default-executor-3] INFO  impl.SnapshotInstallationHandler (SnapshotInstallationHandler.java:installSnapshot(92)) - omNode-bootstrap-2@group-0AAC5367B30E: receive installSnapshot: omNode-1->omNode-bootstrap-2#0-t1,notify:(t:1, i:0)
2024-07-18 11:33:55,947 [grpc-default-executor-3] INFO  impl.SnapshotInstallationHandler (SnapshotInstallationHandler.java:installSnapshotImpl(138)) - omNode-bootstrap-2@group-0AAC5367B30E: set new configuration configurationEntry {
  peers {
    id: "omNode-3"
    address: "localhost:15023"
    startupRole: FOLLOWER
  }
  peers {
    id: "omNode-1"
    address: "localhost:15015"
    startupRole: FOLLOWER
  }
  peers {
    id: "omNode-2"
    address: "localhost:15019"
    startupRole: FOLLOWER
  }
}
 from snapshot
2024-07-18 11:33:55,948 [grpc-default-executor-3] INFO  server.RaftServer$Division (ServerState.java:setRaftConf(386)) - omNode-bootstrap-2@group-0AAC5367B30E: set configuration conf: {index: 0, cur=peers:[omNode-3|localhost:15023, omNode-1|localhost:15015, omNode-2|localhost:15019]|listeners:[], old=null}
2024-07-18 11:33:55,949 [grpc-default-executor-3] INFO  ratis.OzoneManagerStateMachine (OzoneManagerStateMachine.java:notifyConfigurationChanged(216)) - Received Configuration change notification from Ratis. New Peer list:
[id: "omNode-3"
address: "localhost:15023"
startupRole: FOLLOWER
, id: "omNode-1"
address: "localhost:15015"
startupRole: FOLLOWER
, id: "omNode-2"
address: "localhost:15019"
startupRole: FOLLOWER
]
2024-07-18 11:33:55,949 [grpc-default-executor-3] INFO  impl.SnapshotInstallationHandler (SnapshotInstallationHandler.java:installSnapshot(103)) - omNode-bootstrap-2@group-0AAC5367B30E: reply installSnapshot: omNode-1<-omNode-bootstrap-2#0:FAIL-t1,IN_PROGRESS,snapshotIndex=0
2024-07-18 11:33:55,950 [grpc-default-executor-3] INFO  server.GrpcServerProtocolService (GrpcServerProtocolService.java:onCompleted(157)) - omNode-bootstrap-2: Completed INSTALL_SNAPSHOT, lastRequest: omNode-1->omNode-bootstrap-2#0-t1,notify:(t:1, i:0)
2024-07-18 11:33:55,950 [grpc-default-executor-3] INFO  server.GrpcServerProtocolService (GrpcServerProtocolService.java:lambda$onCompleted$5(159)) - omNode-bootstrap-2: Completed INSTALL_SNAPSHOT, lastReply: null
2024-07-18 11:33:55,951 [omNode-bootstrap-2-server-thread1] INFO  server.RaftServer$Division (RaftServerImpl.java:checkInconsistentAppendEntries(1629)) - omNode-bootstrap-2@group-0AAC5367B30E: Failed appendEntries as snapshot (0) installation is in progress
2024-07-18 11:33:55,951 [omNode-bootstrap-2-server-thread1] INFO  server.RaftServer$Division (RaftServerImpl.java:appendEntriesAsync(1584)) - omNode-bootstrap-2@group-0AAC5367B30E: appendEntries* reply omNode-1<-omNode-bootstrap-2#67:FAIL-t1,INCONSISTENCY,nextIndex=0,followerCommit=-1,matchIndex=-1
2024-07-18 11:33:55,952 [grpc-default-executor-3] INFO  impl.SnapshotInstallationHandler (SnapshotInstallationHandler.java:installSnapshot(92)) - omNode-bootstrap-2@group-0AAC5367B30E: receive installSnapshot: omNode-1->omNode-bootstrap-2#0-t1,notify:(t:1, i:0)
2024-07-18 11:33:55,953 [grpc-default-executor-3] INFO  impl.SnapshotInstallationHandler (SnapshotInstallationHandler.java:installSnapshotImpl(138)) - omNode-bootstrap-2@group-0AAC5367B30E: set new configuration configurationEntry {
  peers {
    id: "omNode-3"
    address: "localhost:15023"
    startupRole: FOLLOWER
  }
  peers {
    id: "omNode-1"
    address: "localhost:15015"
    startupRole: FOLLOWER
  }
  peers {
    id: "omNode-2"
    address: "localhost:15019"
    startupRole: FOLLOWER
  }
}
 from snapshot
2024-07-18 11:33:55,953 [grpc-default-executor-3] INFO  server.RaftServer$Division (ServerState.java:setRaftConf(386)) - omNode-bootstrap-2@group-0AAC5367B30E: set configuration conf: {index: 0, cur=peers:[omNode-3|localhost:15023, omNode-1|localhost:15015, omNode-2|localhost:15019]|listeners:[], old=null}
2024-07-18 11:33:55,954 [grpc-default-executor-3] INFO  ratis.OzoneManagerStateMachine (OzoneManagerStateMachine.java:notifyConfigurationChanged(216)) - Received Configuration change notification from Ratis. New Peer list:
[id: "omNode-3"
address: "localhost:15023"
startupRole: FOLLOWER
, id: "omNode-1"
address: "localhost:15015"
startupRole: FOLLOWER
, id: "omNode-2"
address: "localhost:15019"
startupRole: FOLLOWER
]
2024-07-18 11:33:55,954 [grpc-default-executor-3] INFO  impl.SnapshotInstallationHandler (SnapshotInstallationHandler.java:installSnapshot(103)) - omNode-bootstrap-2@group-0AAC5367B30E: reply installSnapshot: omNode-1<-omNode-bootstrap-2#0:FAIL-t1,IN_PROGRESS,snapshotIndex=0
2024-07-18 11:33:55,954 [grpc-default-executor-3] INFO  server.GrpcServerProtocolService (GrpcServerProtocolService.java:onCompleted(157)) - omNode-bootstrap-2: Completed INSTALL_SNAPSHOT, lastRequest: omNode-1->omNode-bootstrap-2#0-t1,notify:(t:1, i:0)
2024-07-18 11:33:55,954 [grpc-default-executor-3] INFO  server.GrpcServerProtocolService (GrpcServerProtocolService.java:lambda$onCompleted$5(159)) - omNode-bootstrap-2: Completed INSTALL_SNAPSHOT, lastReply: null
2024-07-18 11:33:55,955 [omNode-bootstrap-2-server-thread1] INFO  server.RaftServer$Division (RaftServerImpl.java:checkInconsistentAppendEntries(1629)) - omNode-bootstrap-2@group-0AAC5367B30E: Failed appendEntries as snapshot (0) installation is in progress
2024-07-18 11:33:55,955 [omNode-bootstrap-2-server-thread1] INFO  server.RaftServer$Division (RaftServerImpl.java:appendEntriesAsync(1584)) - omNode-bootstrap-2@group-0AAC5367B30E: appendEntries* reply omNode-1<-omNode-bootstrap-2#68:FAIL-t1,INCONSISTENCY,nextIndex=0,followerCommit=-1,matchIndex=-1
2024-07-18 11:33:55,957 [grpc-default-executor-3] INFO  impl.SnapshotInstallationHandler (SnapshotInstallationHandler.java:installSnapshot(92)) - omNode-bootstrap-2@group-0AAC5367B30E: receive installSnapshot: omNode-1->omNode-bootstrap-2#0-t1,notify:(t:1, i:0)
2024-07-18 11:33:55,958 [grpc-default-executor-3] INFO  impl.SnapshotInstallationHandler (SnapshotInstallationHandler.java:installSnapshotImpl(138)) - omNode-bootstrap-2@group-0AAC5367B30E: set new configuration configurationEntry {
  peers {
    id: "omNode-3"
    address: "localhost:15023"
    startupRole: FOLLOWER
  }
  peers {
    id: "omNode-1"
    address: "localhost:15015"
    startupRole: FOLLOWER
  }
  peers {
    id: "omNode-2"
    address: "localhost:15019"
    startupRole: FOLLOWER
  }
}
 from snapshot
2024-07-18 11:33:55,958 [grpc-default-executor-3] INFO  server.RaftServer$Division (ServerState.java:setRaftConf(386)) - omNode-bootstrap-2@group-0AAC5367B30E: set configuration conf: {index: 0, cur=peers:[omNode-3|localhost:15023, omNode-1|localhost:15015, omNode-2|localhost:15019]|listeners:[], old=null}
2024-07-18 11:33:55,959 [grpc-default-executor-3] INFO  ratis.OzoneManagerStateMachine (OzoneManagerStateMachine.java:notifyConfigurationChanged(216)) - Received Configuration change notification from Ratis. New Peer list:
[id: "omNode-3"
address: "localhost:15023"
startupRole: FOLLOWER
, id: "omNode-1"
address: "localhost:15015"
startupRole: FOLLOWER
, id: "omNode-2"
address: "localhost:15019"
startupRole: FOLLOWER
]
2024-07-18 11:33:55,959 [grpc-default-executor-3] INFO  impl.SnapshotInstallationHandler (SnapshotInstallationHandler.java:installSnapshot(103)) - omNode-bootstrap-2@group-0AAC5367B30E: reply installSnapshot: omNode-1<-omNode-bootstrap-2#0:FAIL-t1,IN_PROGRESS,snapshotIndex=0
2024-07-18 11:33:55,959 [grpc-default-executor-3] INFO  server.GrpcServerProtocolService (GrpcServerProtocolService.java:onCompleted(157)) - omNode-bootstrap-2: Completed INSTALL_SNAPSHOT, lastRequest: omNode-1->omNode-bootstrap-2#0-t1,notify:(t:1, i:0)
2024-07-18 11:33:55,959 [grpc-default-executor-3] INFO  server.GrpcServerProtocolService (GrpcServerProtocolService.java:lambda$onCompleted$5(159)) - omNode-bootstrap-2: Completed INSTALL_SNAPSHOT, lastReply: null
2024-07-18 11:33:55,961 [omNode-bootstrap-2-server-thread1] INFO  server.RaftServer$Division (RaftServerImpl.java:checkInconsistentAppendEntries(1629)) - omNode-bootstrap-2@group-0AAC5367B30E: Failed appendEntries as snapshot (0) installation is in progress
2024-07-18 11:33:55,961 [omNode-bootstrap-2-server-thread1] INFO  server.RaftServer$Division (RaftServerImpl.java:appendEntriesAsync(1584)) - omNode-bootstrap-2@group-0AAC5367B30E: appendEntries* reply omNode-1<-omNode-bootstrap-2#69:FAIL-t1,INCONSISTENCY,nextIndex=0,followerCommit=-1,matchIndex=-1
2024-07-18 11:33:55,962 [grpc-default-executor-1] INFO  impl.SnapshotInstallationHandler (SnapshotInstallationHandler.java:installSnapshot(92)) - omNode-bootstrap-2@group-0AAC5367B30E: receive installSnapshot: omNode-1->omNode-bootstrap-2#0-t1,notify:(t:1, i:0)
2024-07-18 11:33:55,962 [grpc-default-executor-1] INFO  impl.SnapshotInstallationHandler (SnapshotInstallationHandler.java:installSnapshotImpl(138)) - omNode-bootstrap-2@group-0AAC5367B30E: set new configuration configurationEntry {
  peers {
    id: "omNode-3"
    address: "localhost:15023"
    startupRole: FOLLOWER
  }
  peers {
    id: "omNode-1"
    address: "localhost:15015"
    startupRole: FOLLOWER
  }
  peers {
    id: "omNode-2"
    address: "localhost:15019"
    startupRole: FOLLOWER
  }
}
 from snapshot
2024-07-18 11:33:55,962 [grpc-default-executor-1] INFO  server.RaftServer$Division (ServerState.java:setRaftConf(386)) - omNode-bootstrap-2@group-0AAC5367B30E: set configuration conf: {index: 0, cur=peers:[omNode-3|localhost:15023, omNode-1|localhost:15015, omNode-2|localhost:15019]|listeners:[], old=null}
2024-07-18 11:33:55,963 [grpc-default-executor-1] INFO  ratis.OzoneManagerStateMachine (OzoneManagerStateMachine.java:notifyConfigurationChanged(216)) - Received Configuration change notification from Ratis. New Peer list:
[id: "omNode-3"
address: "localhost:15023"
startupRole: FOLLOWER
, id: "omNode-1"
address: "localhost:15015"
startupRole: FOLLOWER
, id: "omNode-2"
address: "localhost:15019"
startupRole: FOLLOWER
]
2024-07-18 11:33:55,964 [grpc-default-executor-1] INFO  impl.SnapshotInstallationHandler (SnapshotInstallationHandler.java:installSnapshot(103)) - omNode-bootstrap-2@group-0AAC5367B30E: reply installSnapshot: omNode-1<-omNode-bootstrap-2#0:FAIL-t1,IN_PROGRESS,snapshotIndex=0
2024-07-18 11:33:55,964 [grpc-default-executor-1] INFO  server.GrpcServerProtocolService (GrpcServerProtocolService.java:onCompleted(157)) - omNode-bootstrap-2: Completed INSTALL_SNAPSHOT, lastRequest: omNode-1->omNode-bootstrap-2#0-t1,notify:(t:1, i:0)
2024-07-18 11:33:55,964 [grpc-default-executor-1] INFO  server.GrpcServerProtocolService (GrpcServerProtocolService.java:lambda$onCompleted$5(159)) - omNode-bootstrap-2: Completed INSTALL_SNAPSHOT, lastReply: null
2024-07-18 11:33:55,965 [omNode-bootstrap-2-server-thread1] INFO  server.RaftServer$Division (RaftServerImpl.java:checkInconsistentAppendEntries(1629)) - omNode-bootstrap-2@group-0AAC5367B30E: Failed appendEntries as snapshot (0) installation is in progress
2024-07-18 11:33:55,965 [omNode-bootstrap-2-server-thread1] INFO  server.RaftServer$Division (RaftServerImpl.java:appendEntriesAsync(1584)) - omNode-bootstrap-2@group-0AAC5367B30E: appendEntries* reply omNode-1<-omNode-bootstrap-2#70:FAIL-t1,INCONSISTENCY,nextIndex=0,followerCommit=-1,matchIndex=-1
2024-07-18 11:33:55,966 [grpc-default-executor-1] INFO  impl.SnapshotInstallationHandler (SnapshotInstallationHandler.java:installSnapshot(92)) - omNode-bootstrap-2@group-0AAC5367B30E: receive installSnapshot: omNode-1->omNode-bootstrap-2#0-t1,notify:(t:1, i:0)
2024-07-18 11:33:55,966 [grpc-default-executor-1] INFO  impl.SnapshotInstallationHandler (SnapshotInstallationHandler.java:installSnapshotImpl(138)) - omNode-bootstrap-2@group-0AAC5367B30E: set new configuration configurationEntry {
  peers {
    id: "omNode-3"
    address: "localhost:15023"
    startupRole: FOLLOWER
  }
  peers {
    id: "omNode-1"
    address: "localhost:15015"
    startupRole: FOLLOWER
  }
  peers {
    id: "omNode-2"
    address: "localhost:15019"
    startupRole: FOLLOWER
  }
}
 from snapshot
2024-07-18 11:33:55,967 [grpc-default-executor-1] INFO  server.RaftServer$Division (ServerState.java:setRaftConf(386)) - omNode-bootstrap-2@group-0AAC5367B30E: set configuration conf: {index: 0, cur=peers:[omNode-3|localhost:15023, omNode-1|localhost:15015, omNode-2|localhost:15019]|listeners:[], old=null}
2024-07-18 11:33:55,968 [grpc-default-executor-1] INFO  ratis.OzoneManagerStateMachine (OzoneManagerStateMachine.java:notifyConfigurationChanged(216)) - Received Configuration change notification from Ratis. New Peer list:
[id: "omNode-3"
address: "localhost:15023"
startupRole: FOLLOWER
, id: "omNode-1"
address: "localhost:15015"
startupRole: FOLLOWER
, id: "omNode-2"
address: "localhost:15019"
startupRole: FOLLOWER
]
2024-07-18 11:33:55,968 [grpc-default-executor-1] INFO  impl.SnapshotInstallationHandler (SnapshotInstallationHandler.java:installSnapshot(103)) - omNode-bootstrap-2@group-0AAC5367B30E: reply installSnapshot: omNode-1<-omNode-bootstrap-2#0:FAIL-t1,IN_PROGRESS,snapshotIndex=0
2024-07-18 11:33:55,969 [grpc-default-executor-1] INFO  server.GrpcServerProtocolService (GrpcServerProtocolService.java:onCompleted(157)) - omNode-bootstrap-2: Completed INSTALL_SNAPSHOT, lastRequest: omNode-1->omNode-bootstrap-2#0-t1,notify:(t:1, i:0)
2024-07-18 11:33:55,969 [grpc-default-executor-1] INFO  server.GrpcServerProtocolService (GrpcServerProtocolService.java:lambda$onCompleted$5(159)) - omNode-bootstrap-2: Completed INSTALL_SNAPSHOT, lastReply: null
2024-07-18 11:33:55,969 [omNode-bootstrap-2-server-thread1] INFO  server.RaftServer$Division (RaftServerImpl.java:checkInconsistentAppendEntries(1629)) - omNode-bootstrap-2@group-0AAC5367B30E: Failed appendEntries as snapshot (0) installation is in progress
2024-07-18 11:33:55,969 [omNode-bootstrap-2-server-thread1] INFO  server.RaftServer$Division (RaftServerImpl.java:appendEntriesAsync(1584)) - omNode-bootstrap-2@group-0AAC5367B30E: appendEntries* reply omNode-1<-omNode-bootstrap-2#71:FAIL-t1,INCONSISTENCY,nextIndex=0,followerCommit=-1,matchIndex=-1
2024-07-18 11:33:55,970 [grpc-default-executor-5] INFO  impl.SnapshotInstallationHandler (SnapshotInstallationHandler.java:installSnapshot(92)) - omNode-bootstrap-2@group-0AAC5367B30E: receive installSnapshot: omNode-1->omNode-bootstrap-2#0-t1,notify:(t:1, i:0)
2024-07-18 11:33:55,970 [grpc-default-executor-5] INFO  impl.SnapshotInstallationHandler (SnapshotInstallationHandler.java:installSnapshotImpl(138)) - omNode-bootstrap-2@group-0AAC5367B30E: set new configuration configurationEntry {
  peers {
    id: "omNode-3"
    address: "localhost:15023"
    startupRole: FOLLOWER
  }
  peers {
    id: "omNode-1"
    address: "localhost:15015"
    startupRole: FOLLOWER
  }
  peers {
    id: "omNode-2"
    address: "localhost:15019"
    startupRole: FOLLOWER
  }
}
 from snapshot
2024-07-18 11:33:55,970 [grpc-default-executor-5] INFO  server.RaftServer$Division (ServerState.java:setRaftConf(386)) - omNode-bootstrap-2@group-0AAC5367B30E: set configuration conf: {index: 0, cur=peers:[omNode-3|localhost:15023, omNode-1|localhost:15015, omNode-2|localhost:15019]|listeners:[], old=null}
2024-07-18 11:33:55,972 [grpc-default-executor-5] INFO  ratis.OzoneManagerStateMachine (OzoneManagerStateMachine.java:notifyConfigurationChanged(216)) - Received Configuration change notification from Ratis. New Peer list:
[id: "omNode-3"
address: "localhost:15023"
startupRole: FOLLOWER
, id: "omNode-1"
address: "localhost:15015"
startupRole: FOLLOWER
, id: "omNode-2"
address: "localhost:15019"
startupRole: FOLLOWER
]
2024-07-18 11:33:55,972 [grpc-default-executor-5] INFO  impl.SnapshotInstallationHandler (SnapshotInstallationHandler.java:installSnapshot(103)) - omNode-bootstrap-2@group-0AAC5367B30E: reply installSnapshot: omNode-1<-omNode-bootstrap-2#0:FAIL-t1,IN_PROGRESS,snapshotIndex=0
2024-07-18 11:33:55,972 [grpc-default-executor-5] INFO  server.GrpcServerProtocolService (GrpcServerProtocolService.java:onCompleted(157)) - omNode-bootstrap-2: Completed INSTALL_SNAPSHOT, lastRequest: omNode-1->omNode-bootstrap-2#0-t1,notify:(t:1, i:0)
2024-07-18 11:33:55,972 [grpc-default-executor-5] INFO  server.GrpcServerProtocolService (GrpcServerProtocolService.java:lambda$onCompleted$5(159)) - omNode-bootstrap-2: Completed INSTALL_SNAPSHOT, lastReply: null
2024-07-18 11:33:55,975 [omNode-bootstrap-2-server-thread1] INFO  server.RaftServer$Division (RaftServerImpl.java:checkInconsistentAppendEntries(1629)) - omNode-bootstrap-2@group-0AAC5367B30E: Failed appendEntries as snapshot (0) installation is in progress
2024-07-18 11:33:55,975 [omNode-bootstrap-2-server-thread1] INFO  server.RaftServer$Division (RaftServerImpl.java:appendEntriesAsync(1584)) - omNode-bootstrap-2@group-0AAC5367B30E: appendEntries* reply omNode-1<-omNode-bootstrap-2#72:FAIL-t1,INCONSISTENCY,nextIndex=0,followerCommit=-1,matchIndex=-1
2024-07-18 11:33:55,975 [grpc-default-executor-0] INFO  impl.SnapshotInstallationHandler (SnapshotInstallationHandler.java:installSnapshot(92)) - omNode-bootstrap-2@group-0AAC5367B30E: receive installSnapshot: omNode-1->omNode-bootstrap-2#0-t1,notify:(t:1, i:0)
2024-07-18 11:33:55,975 [grpc-default-executor-0] INFO  impl.SnapshotInstallationHandler (SnapshotInstallationHandler.java:installSnapshotImpl(138)) - omNode-bootstrap-2@group-0AAC5367B30E: set new configuration configurationEntry {
  peers {
    id: "omNode-3"
    address: "localhost:15023"
    startupRole: FOLLOWER
  }
  peers {
    id: "omNode-1"
    address: "localhost:15015"
    startupRole: FOLLOWER
  }
  peers {
    id: "omNode-2"
    address: "localhost:15019"
    startupRole: FOLLOWER
  }
}
 from snapshot
2024-07-18 11:33:55,975 [grpc-default-executor-0] INFO  server.RaftServer$Division (ServerState.java:setRaftConf(386)) - omNode-bootstrap-2@group-0AAC5367B30E: set configuration conf: {index: 0, cur=peers:[omNode-3|localhost:15023, omNode-1|localhost:15015, omNode-2|localhost:15019]|listeners:[], old=null}
2024-07-18 11:33:55,976 [grpc-default-executor-0] INFO  ratis.OzoneManagerStateMachine (OzoneManagerStateMachine.java:notifyConfigurationChanged(216)) - Received Configuration change notification from Ratis. New Peer list:
[id: "omNode-3"
address: "localhost:15023"
startupRole: FOLLOWER
, id: "omNode-1"
address: "localhost:15015"
startupRole: FOLLOWER
, id: "omNode-2"
address: "localhost:15019"
startupRole: FOLLOWER
]
2024-07-18 11:33:55,976 [grpc-default-executor-0] INFO  impl.SnapshotInstallationHandler (SnapshotInstallationHandler.java:installSnapshot(103)) - omNode-bootstrap-2@group-0AAC5367B30E: reply installSnapshot: omNode-1<-omNode-bootstrap-2#0:FAIL-t1,IN_PROGRESS,snapshotIndex=0
2024-07-18 11:33:55,977 [grpc-default-executor-0] INFO  server.GrpcServerProtocolService (GrpcServerProtocolService.java:onCompleted(157)) - omNode-bootstrap-2: Completed INSTALL_SNAPSHOT, lastRequest: omNode-1->omNode-bootstrap-2#0-t1,notify:(t:1, i:0)
2024-07-18 11:33:55,977 [grpc-default-executor-0] INFO  server.GrpcServerProtocolService (GrpcServerProtocolService.java:lambda$onCompleted$5(159)) - omNode-bootstrap-2: Completed INSTALL_SNAPSHOT, lastReply: null
2024-07-18 11:33:55,977 [omNode-bootstrap-2-server-thread1] INFO  server.RaftServer$Division (RaftServerImpl.java:checkInconsistentAppendEntries(1629)) - omNode-bootstrap-2@group-0AAC5367B30E: Failed appendEntries as snapshot (0) installation is in progress
2024-07-18 11:33:55,977 [omNode-bootstrap-2-server-thread1] INFO  server.RaftServer$Division (RaftServerImpl.java:appendEntriesAsync(1584)) - omNode-bootstrap-2@group-0AAC5367B30E: appendEntries* reply omNode-1<-omNode-bootstrap-2#73:FAIL-t1,INCONSISTENCY,nextIndex=0,followerCommit=-1,matchIndex=-1
2024-07-18 11:33:55,978 [grpc-default-executor-3] INFO  impl.SnapshotInstallationHandler (SnapshotInstallationHandler.java:installSnapshot(92)) - omNode-bootstrap-2@group-0AAC5367B30E: receive installSnapshot: omNode-1->omNode-bootstrap-2#0-t1,notify:(t:1, i:0)
2024-07-18 11:33:55,979 [grpc-default-executor-3] INFO  impl.SnapshotInstallationHandler (SnapshotInstallationHandler.java:installSnapshotImpl(138)) - omNode-bootstrap-2@group-0AAC5367B30E: set new configuration configurationEntry {
  peers {
    id: "omNode-3"
    address: "localhost:15023"
    startupRole: FOLLOWER
  }
  peers {
    id: "omNode-1"
    address: "localhost:15015"
    startupRole: FOLLOWER
  }
  peers {
    id: "omNode-2"
    address: "localhost:15019"
    startupRole: FOLLOWER
  }
}
 from snapshot
2024-07-18 11:33:55,979 [grpc-default-executor-3] INFO  server.RaftServer$Division (ServerState.java:setRaftConf(386)) - omNode-bootstrap-2@group-0AAC5367B30E: set configuration conf: {index: 0, cur=peers:[omNode-3|localhost:15023, omNode-1|localhost:15015, omNode-2|localhost:15019]|listeners:[], old=null}
2024-07-18 11:33:55,981 [grpc-default-executor-3] INFO  ratis.OzoneManagerStateMachine (OzoneManagerStateMachine.java:notifyConfigurationChanged(216)) - Received Configuration change notification from Ratis. New Peer list:
[id: "omNode-3"
address: "localhost:15023"
startupRole: FOLLOWER
, id: "omNode-1"
address: "localhost:15015"
startupRole: FOLLOWER
, id: "omNode-2"
address: "localhost:15019"
startupRole: FOLLOWER
]
2024-07-18 11:33:55,981 [grpc-default-executor-3] INFO  impl.SnapshotInstallationHandler (SnapshotInstallationHandler.java:installSnapshot(103)) - omNode-bootstrap-2@group-0AAC5367B30E: reply installSnapshot: omNode-1<-omNode-bootstrap-2#0:FAIL-t1,IN_PROGRESS,snapshotIndex=0
2024-07-18 11:33:55,981 [grpc-default-executor-3] INFO  server.GrpcServerProtocolService (GrpcServerProtocolService.java:onCompleted(157)) - omNode-bootstrap-2: Completed INSTALL_SNAPSHOT, lastRequest: omNode-1->omNode-bootstrap-2#0-t1,notify:(t:1, i:0)
2024-07-18 11:33:55,981 [grpc-default-executor-3] INFO  server.GrpcServerProtocolService (GrpcServerProtocolService.java:lambda$onCompleted$5(159)) - omNode-bootstrap-2: Completed INSTALL_SNAPSHOT, lastReply: null
2024-07-18 11:33:55,982 [omNode-bootstrap-2-server-thread1] INFO  server.RaftServer$Division (RaftServerImpl.java:checkInconsistentAppendEntries(1629)) - omNode-bootstrap-2@group-0AAC5367B30E: Failed appendEntries as snapshot (0) installation is in progress
2024-07-18 11:33:55,982 [omNode-bootstrap-2-server-thread1] INFO  server.RaftServer$Division (RaftServerImpl.java:appendEntriesAsync(1584)) - omNode-bootstrap-2@group-0AAC5367B30E: appendEntries* reply omNode-1<-omNode-bootstrap-2#74:FAIL-t1,INCONSISTENCY,nextIndex=0,followerCommit=-1,matchIndex=-1
2024-07-18 11:33:55,983 [grpc-default-executor-3] INFO  impl.SnapshotInstallationHandler (SnapshotInstallationHandler.java:installSnapshot(92)) - omNode-bootstrap-2@group-0AAC5367B30E: receive installSnapshot: omNode-1->omNode-bootstrap-2#0-t1,notify:(t:1, i:0)
2024-07-18 11:33:55,983 [grpc-default-executor-3] INFO  impl.SnapshotInstallationHandler (SnapshotInstallationHandler.java:installSnapshotImpl(138)) - omNode-bootstrap-2@group-0AAC5367B30E: set new configuration configurationEntry {
  peers {
    id: "omNode-3"
    address: "localhost:15023"
    startupRole: FOLLOWER
  }
  peers {
    id: "omNode-1"
    address: "localhost:15015"
    startupRole: FOLLOWER
  }
  peers {
    id: "omNode-2"
    address: "localhost:15019"
    startupRole: FOLLOWER
  }
}
 from snapshot
2024-07-18 11:33:55,983 [grpc-default-executor-3] INFO  server.RaftServer$Division (ServerState.java:setRaftConf(386)) - omNode-bootstrap-2@group-0AAC5367B30E: set configuration conf: {index: 0, cur=peers:[omNode-3|localhost:15023, omNode-1|localhost:15015, omNode-2|localhost:15019]|listeners:[], old=null}
2024-07-18 11:33:55,984 [grpc-default-executor-3] INFO  ratis.OzoneManagerStateMachine (OzoneManagerStateMachine.java:notifyConfigurationChanged(216)) - Received Configuration change notification from Ratis. New Peer list:
[id: "omNode-3"
address: "localhost:15023"
startupRole: FOLLOWER
, id: "omNode-1"
address: "localhost:15015"
startupRole: FOLLOWER
, id: "omNode-2"
address: "localhost:15019"
startupRole: FOLLOWER
]
2024-07-18 11:33:55,984 [grpc-default-executor-3] INFO  impl.SnapshotInstallationHandler (SnapshotInstallationHandler.java:installSnapshot(103)) - omNode-bootstrap-2@group-0AAC5367B30E: reply installSnapshot: omNode-1<-omNode-bootstrap-2#0:FAIL-t1,IN_PROGRESS,snapshotIndex=0
2024-07-18 11:33:55,985 [grpc-default-executor-3] INFO  server.GrpcServerProtocolService (GrpcServerProtocolService.java:onCompleted(157)) - omNode-bootstrap-2: Completed INSTALL_SNAPSHOT, lastRequest: omNode-1->omNode-bootstrap-2#0-t1,notify:(t:1, i:0)
2024-07-18 11:33:55,985 [grpc-default-executor-3] INFO  server.GrpcServerProtocolService (GrpcServerProtocolService.java:lambda$onCompleted$5(159)) - omNode-bootstrap-2: Completed INSTALL_SNAPSHOT, lastReply: null
2024-07-18 11:33:55,985 [omNode-bootstrap-2-server-thread1] INFO  server.RaftServer$Division (RaftServerImpl.java:checkInconsistentAppendEntries(1629)) - omNode-bootstrap-2@group-0AAC5367B30E: Failed appendEntries as snapshot (0) installation is in progress
2024-07-18 11:33:55,985 [omNode-bootstrap-2-server-thread1] INFO  server.RaftServer$Division (RaftServerImpl.java:appendEntriesAsync(1584)) - omNode-bootstrap-2@group-0AAC5367B30E: appendEntries* reply omNode-1<-omNode-bootstrap-2#75:FAIL-t1,INCONSISTENCY,nextIndex=0,followerCommit=-1,matchIndex=-1
2024-07-18 11:33:55,986 [grpc-default-executor-3] INFO  impl.SnapshotInstallationHandler (SnapshotInstallationHandler.java:installSnapshot(92)) - omNode-bootstrap-2@group-0AAC5367B30E: receive installSnapshot: omNode-1->omNode-bootstrap-2#0-t1,notify:(t:1, i:0)
2024-07-18 11:33:55,987 [grpc-default-executor-3] INFO  impl.SnapshotInstallationHandler (SnapshotInstallationHandler.java:installSnapshotImpl(138)) - omNode-bootstrap-2@group-0AAC5367B30E: set new configuration configurationEntry {
  peers {
    id: "omNode-3"
    address: "localhost:15023"
    startupRole: FOLLOWER
  }
  peers {
    id: "omNode-1"
    address: "localhost:15015"
    startupRole: FOLLOWER
  }
  peers {
    id: "omNode-2"
    address: "localhost:15019"
    startupRole: FOLLOWER
  }
}
 from snapshot
2024-07-18 11:33:55,987 [grpc-default-executor-3] INFO  server.RaftServer$Division (ServerState.java:setRaftConf(386)) - omNode-bootstrap-2@group-0AAC5367B30E: set configuration conf: {index: 0, cur=peers:[omNode-3|localhost:15023, omNode-1|localhost:15015, omNode-2|localhost:15019]|listeners:[], old=null}
2024-07-18 11:33:55,988 [grpc-default-executor-3] INFO  ratis.OzoneManagerStateMachine (OzoneManagerStateMachine.java:notifyConfigurationChanged(216)) - Received Configuration change notification from Ratis. New Peer list:
[id: "omNode-3"
address: "localhost:15023"
startupRole: FOLLOWER
, id: "omNode-1"
address: "localhost:15015"
startupRole: FOLLOWER
, id: "omNode-2"
address: "localhost:15019"
startupRole: FOLLOWER
]
2024-07-18 11:33:55,988 [grpc-default-executor-3] INFO  impl.SnapshotInstallationHandler (SnapshotInstallationHandler.java:installSnapshot(103)) - omNode-bootstrap-2@group-0AAC5367B30E: reply installSnapshot: omNode-1<-omNode-bootstrap-2#0:FAIL-t1,IN_PROGRESS,snapshotIndex=0
2024-07-18 11:33:55,989 [grpc-default-executor-3] INFO  server.GrpcServerProtocolService (GrpcServerProtocolService.java:onCompleted(157)) - omNode-bootstrap-2: Completed INSTALL_SNAPSHOT, lastRequest: omNode-1->omNode-bootstrap-2#0-t1,notify:(t:1, i:0)
2024-07-18 11:33:55,989 [grpc-default-executor-3] INFO  server.GrpcServerProtocolService (GrpcServerProtocolService.java:lambda$onCompleted$5(159)) - omNode-bootstrap-2: Completed INSTALL_SNAPSHOT, lastReply: null
2024-07-18 11:33:55,990 [omNode-bootstrap-2-server-thread1] INFO  server.RaftServer$Division (RaftServerImpl.java:checkInconsistentAppendEntries(1629)) - omNode-bootstrap-2@group-0AAC5367B30E: Failed appendEntries as snapshot (0) installation is in progress
2024-07-18 11:33:55,990 [omNode-bootstrap-2-server-thread1] INFO  server.RaftServer$Division (RaftServerImpl.java:appendEntriesAsync(1584)) - omNode-bootstrap-2@group-0AAC5367B30E: appendEntries* reply omNode-1<-omNode-bootstrap-2#76:FAIL-t1,INCONSISTENCY,nextIndex=0,followerCommit=-1,matchIndex=-1
2024-07-18 11:33:55,991 [grpc-default-executor-3] INFO  impl.SnapshotInstallationHandler (SnapshotInstallationHandler.java:installSnapshot(92)) - omNode-bootstrap-2@group-0AAC5367B30E: receive installSnapshot: omNode-1->omNode-bootstrap-2#0-t1,notify:(t:1, i:0)
2024-07-18 11:33:55,991 [grpc-default-executor-3] INFO  impl.SnapshotInstallationHandler (SnapshotInstallationHandler.java:installSnapshotImpl(138)) - omNode-bootstrap-2@group-0AAC5367B30E: set new configuration configurationEntry {
  peers {
    id: "omNode-3"
    address: "localhost:15023"
    startupRole: FOLLOWER
  }
  peers {
    id: "omNode-1"
    address: "localhost:15015"
    startupRole: FOLLOWER
  }
  peers {
    id: "omNode-2"
    address: "localhost:15019"
    startupRole: FOLLOWER
  }
}
 from snapshot
2024-07-18 11:33:55,991 [grpc-default-executor-3] INFO  server.RaftServer$Division (ServerState.java:setRaftConf(386)) - omNode-bootstrap-2@group-0AAC5367B30E: set configuration conf: {index: 0, cur=peers:[omNode-3|localhost:15023, omNode-1|localhost:15015, omNode-2|localhost:15019]|listeners:[], old=null}
2024-07-18 11:33:55,993 [grpc-default-executor-3] INFO  ratis.OzoneManagerStateMachine (OzoneManagerStateMachine.java:notifyConfigurationChanged(216)) - Received Configuration change notification from Ratis. New Peer list:
[id: "omNode-3"
address: "localhost:15023"
startupRole: FOLLOWER
, id: "omNode-1"
address: "localhost:15015"
startupRole: FOLLOWER
, id: "omNode-2"
address: "localhost:15019"
startupRole: FOLLOWER
]
2024-07-18 11:33:55,993 [grpc-default-executor-3] INFO  impl.SnapshotInstallationHandler (SnapshotInstallationHandler.java:installSnapshot(103)) - omNode-bootstrap-2@group-0AAC5367B30E: reply installSnapshot: omNode-1<-omNode-bootstrap-2#0:FAIL-t1,IN_PROGRESS,snapshotIndex=0
2024-07-18 11:33:55,993 [grpc-default-executor-3] INFO  server.GrpcServerProtocolService (GrpcServerProtocolService.java:onCompleted(157)) - omNode-bootstrap-2: Completed INSTALL_SNAPSHOT, lastRequest: omNode-1->omNode-bootstrap-2#0-t1,notify:(t:1, i:0)
2024-07-18 11:33:55,993 [grpc-default-executor-3] INFO  server.GrpcServerProtocolService (GrpcServerProtocolService.java:lambda$onCompleted$5(159)) - omNode-bootstrap-2: Completed INSTALL_SNAPSHOT, lastReply: null
2024-07-18 11:33:55,994 [omNode-bootstrap-2-server-thread1] INFO  server.RaftServer$Division (RaftServerImpl.java:checkInconsistentAppendEntries(1629)) - omNode-bootstrap-2@group-0AAC5367B30E: Failed appendEntries as snapshot (0) installation is in progress
2024-07-18 11:33:55,994 [omNode-bootstrap-2-server-thread1] INFO  server.RaftServer$Division (RaftServerImpl.java:appendEntriesAsync(1584)) - omNode-bootstrap-2@group-0AAC5367B30E: appendEntries* reply omNode-1<-omNode-bootstrap-2#77:FAIL-t1,INCONSISTENCY,nextIndex=0,followerCommit=-1,matchIndex=-1
2024-07-18 11:33:55,996 [grpc-default-executor-3] INFO  impl.SnapshotInstallationHandler (SnapshotInstallationHandler.java:installSnapshot(92)) - omNode-bootstrap-2@group-0AAC5367B30E: receive installSnapshot: omNode-1->omNode-bootstrap-2#0-t1,notify:(t:1, i:0)
2024-07-18 11:33:55,996 [grpc-default-executor-3] INFO  impl.SnapshotInstallationHandler (SnapshotInstallationHandler.java:installSnapshotImpl(138)) - omNode-bootstrap-2@group-0AAC5367B30E: set new configuration configurationEntry {
  peers {
    id: "omNode-3"
    address: "localhost:15023"
    startupRole: FOLLOWER
  }
  peers {
    id: "omNode-1"
    address: "localhost:15015"
    startupRole: FOLLOWER
  }
  peers {
    id: "omNode-2"
    address: "localhost:15019"
    startupRole: FOLLOWER
  }
}
 from snapshot
2024-07-18 11:33:55,996 [grpc-default-executor-3] INFO  server.RaftServer$Division (ServerState.java:setRaftConf(386)) - omNode-bootstrap-2@group-0AAC5367B30E: set configuration conf: {index: 0, cur=peers:[omNode-3|localhost:15023, omNode-1|localhost:15015, omNode-2|localhost:15019]|listeners:[], old=null}
2024-07-18 11:33:55,998 [grpc-default-executor-3] INFO  ratis.OzoneManagerStateMachine (OzoneManagerStateMachine.java:notifyConfigurationChanged(216)) - Received Configuration change notification from Ratis. New Peer list:
[id: "omNode-3"
address: "localhost:15023"
startupRole: FOLLOWER
, id: "omNode-1"
address: "localhost:15015"
startupRole: FOLLOWER
, id: "omNode-2"
address: "localhost:15019"
startupRole: FOLLOWER
]
2024-07-18 11:33:55,998 [grpc-default-executor-3] INFO  impl.SnapshotInstallationHandler (SnapshotInstallationHandler.java:installSnapshot(103)) - omNode-bootstrap-2@group-0AAC5367B30E: reply installSnapshot: omNode-1<-omNode-bootstrap-2#0:FAIL-t1,IN_PROGRESS,snapshotIndex=0
2024-07-18 11:33:55,998 [grpc-default-executor-3] INFO  server.GrpcServerProtocolService (GrpcServerProtocolService.java:onCompleted(157)) - omNode-bootstrap-2: Completed INSTALL_SNAPSHOT, lastRequest: omNode-1->omNode-bootstrap-2#0-t1,notify:(t:1, i:0)
2024-07-18 11:33:55,998 [grpc-default-executor-3] INFO  server.GrpcServerProtocolService (GrpcServerProtocolService.java:lambda$onCompleted$5(159)) - omNode-bootstrap-2: Completed INSTALL_SNAPSHOT, lastReply: null
2024-07-18 11:33:55,999 [omNode-bootstrap-2-server-thread1] INFO  server.RaftServer$Division (RaftServerImpl.java:checkInconsistentAppendEntries(1629)) - omNode-bootstrap-2@group-0AAC5367B30E: Failed appendEntries as snapshot (0) installation is in progress
2024-07-18 11:33:55,999 [omNode-bootstrap-2-server-thread1] INFO  server.RaftServer$Division (RaftServerImpl.java:appendEntriesAsync(1584)) - omNode-bootstrap-2@group-0AAC5367B30E: appendEntries* reply omNode-1<-omNode-bootstrap-2#78:FAIL-t1,INCONSISTENCY,nextIndex=0,followerCommit=-1,matchIndex=-1
2024-07-18 11:33:56,000 [grpc-default-executor-3] INFO  impl.SnapshotInstallationHandler (SnapshotInstallationHandler.java:installSnapshot(92)) - omNode-bootstrap-2@group-0AAC5367B30E: receive installSnapshot: omNode-1->omNode-bootstrap-2#0-t1,notify:(t:1, i:0)
2024-07-18 11:33:56,001 [grpc-default-executor-3] INFO  impl.SnapshotInstallationHandler (SnapshotInstallationHandler.java:installSnapshotImpl(138)) - omNode-bootstrap-2@group-0AAC5367B30E: set new configuration configurationEntry {
  peers {
    id: "omNode-3"
    address: "localhost:15023"
    startupRole: FOLLOWER
  }
  peers {
    id: "omNode-1"
    address: "localhost:15015"
    startupRole: FOLLOWER
  }
  peers {
    id: "omNode-2"
    address: "localhost:15019"
    startupRole: FOLLOWER
  }
}
 from snapshot
2024-07-18 11:33:56,001 [grpc-default-executor-3] INFO  server.RaftServer$Division (ServerState.java:setRaftConf(386)) - omNode-bootstrap-2@group-0AAC5367B30E: set configuration conf: {index: 0, cur=peers:[omNode-3|localhost:15023, omNode-1|localhost:15015, omNode-2|localhost:15019]|listeners:[], old=null}
2024-07-18 11:33:56,002 [grpc-default-executor-3] INFO  ratis.OzoneManagerStateMachine (OzoneManagerStateMachine.java:notifyConfigurationChanged(216)) - Received Configuration change notification from Ratis. New Peer list:
[id: "omNode-3"
address: "localhost:15023"
startupRole: FOLLOWER
, id: "omNode-1"
address: "localhost:15015"
startupRole: FOLLOWER
, id: "omNode-2"
address: "localhost:15019"
startupRole: FOLLOWER
]
2024-07-18 11:33:56,002 [grpc-default-executor-3] INFO  impl.SnapshotInstallationHandler (SnapshotInstallationHandler.java:installSnapshot(103)) - omNode-bootstrap-2@group-0AAC5367B30E: reply installSnapshot: omNode-1<-omNode-bootstrap-2#0:FAIL-t1,IN_PROGRESS,snapshotIndex=0
2024-07-18 11:33:56,002 [grpc-default-executor-3] INFO  server.GrpcServerProtocolService (GrpcServerProtocolService.java:onCompleted(157)) - omNode-bootstrap-2: Completed INSTALL_SNAPSHOT, lastRequest: omNode-1->omNode-bootstrap-2#0-t1,notify:(t:1, i:0)
2024-07-18 11:33:56,003 [grpc-default-executor-3] INFO  server.GrpcServerProtocolService (GrpcServerProtocolService.java:lambda$onCompleted$5(159)) - omNode-bootstrap-2: Completed INSTALL_SNAPSHOT, lastReply: null
2024-07-18 11:33:56,003 [omNode-bootstrap-2-server-thread1] INFO  server.RaftServer$Division (RaftServerImpl.java:checkInconsistentAppendEntries(1629)) - omNode-bootstrap-2@group-0AAC5367B30E: Failed appendEntries as snapshot (0) installation is in progress
2024-07-18 11:33:56,004 [omNode-bootstrap-2-server-thread1] INFO  server.RaftServer$Division (RaftServerImpl.java:appendEntriesAsync(1584)) - omNode-bootstrap-2@group-0AAC5367B30E: appendEntries* reply omNode-1<-omNode-bootstrap-2#79:FAIL-t1,INCONSISTENCY,nextIndex=0,followerCommit=-1,matchIndex=-1
2024-07-18 11:33:56,005 [grpc-default-executor-0] INFO  impl.SnapshotInstallationHandler (SnapshotInstallationHandler.java:installSnapshot(92)) - omNode-bootstrap-2@group-0AAC5367B30E: receive installSnapshot: omNode-1->omNode-bootstrap-2#0-t1,notify:(t:1, i:0)
2024-07-18 11:33:56,005 [grpc-default-executor-0] INFO  impl.SnapshotInstallationHandler (SnapshotInstallationHandler.java:installSnapshotImpl(138)) - omNode-bootstrap-2@group-0AAC5367B30E: set new configuration configurationEntry {
  peers {
    id: "omNode-3"
    address: "localhost:15023"
    startupRole: FOLLOWER
  }
  peers {
    id: "omNode-1"
    address: "localhost:15015"
    startupRole: FOLLOWER
  }
  peers {
    id: "omNode-2"
    address: "localhost:15019"
    startupRole: FOLLOWER
  }
}
 from snapshot
2024-07-18 11:33:56,005 [grpc-default-executor-0] INFO  server.RaftServer$Division (ServerState.java:setRaftConf(386)) - omNode-bootstrap-2@group-0AAC5367B30E: set configuration conf: {index: 0, cur=peers:[omNode-3|localhost:15023, omNode-1|localhost:15015, omNode-2|localhost:15019]|listeners:[], old=null}
2024-07-18 11:33:56,006 [grpc-default-executor-0] INFO  ratis.OzoneManagerStateMachine (OzoneManagerStateMachine.java:notifyConfigurationChanged(216)) - Received Configuration change notification from Ratis. New Peer list:
[id: "omNode-3"
address: "localhost:15023"
startupRole: FOLLOWER
, id: "omNode-1"
address: "localhost:15015"
startupRole: FOLLOWER
, id: "omNode-2"
address: "localhost:15019"
startupRole: FOLLOWER
]
2024-07-18 11:33:56,007 [grpc-default-executor-0] INFO  impl.SnapshotInstallationHandler (SnapshotInstallationHandler.java:installSnapshot(103)) - omNode-bootstrap-2@group-0AAC5367B30E: reply installSnapshot: omNode-1<-omNode-bootstrap-2#0:FAIL-t1,IN_PROGRESS,snapshotIndex=0
2024-07-18 11:33:56,007 [grpc-default-executor-0] INFO  server.GrpcServerProtocolService (GrpcServerProtocolService.java:onCompleted(157)) - omNode-bootstrap-2: Completed INSTALL_SNAPSHOT, lastRequest: omNode-1->omNode-bootstrap-2#0-t1,notify:(t:1, i:0)
2024-07-18 11:33:56,007 [grpc-default-executor-0] INFO  server.GrpcServerProtocolService (GrpcServerProtocolService.java:lambda$onCompleted$5(159)) - omNode-bootstrap-2: Completed INSTALL_SNAPSHOT, lastReply: null
2024-07-18 11:33:56,008 [omNode-bootstrap-2-server-thread1] INFO  server.RaftServer$Division (RaftServerImpl.java:checkInconsistentAppendEntries(1629)) - omNode-bootstrap-2@group-0AAC5367B30E: Failed appendEntries as snapshot (0) installation is in progress
2024-07-18 11:33:56,009 [omNode-bootstrap-2-server-thread1] INFO  server.RaftServer$Division (RaftServerImpl.java:appendEntriesAsync(1584)) - omNode-bootstrap-2@group-0AAC5367B30E: appendEntries* reply omNode-1<-omNode-bootstrap-2#80:FAIL-t1,INCONSISTENCY,nextIndex=0,followerCommit=-1,matchIndex=-1
2024-07-18 11:33:56,010 [grpc-default-executor-1] INFO  impl.SnapshotInstallationHandler (SnapshotInstallationHandler.java:installSnapshot(92)) - omNode-bootstrap-2@group-0AAC5367B30E: receive installSnapshot: omNode-1->omNode-bootstrap-2#0-t1,notify:(t:1, i:0)
2024-07-18 11:33:56,010 [grpc-default-executor-1] INFO  impl.SnapshotInstallationHandler (SnapshotInstallationHandler.java:installSnapshotImpl(138)) - omNode-bootstrap-2@group-0AAC5367B30E: set new configuration configurationEntry {
  peers {
    id: "omNode-3"
    address: "localhost:15023"
    startupRole: FOLLOWER
  }
  peers {
    id: "omNode-1"
    address: "localhost:15015"
    startupRole: FOLLOWER
  }
  peers {
    id: "omNode-2"
    address: "localhost:15019"
    startupRole: FOLLOWER
  }
}
 from snapshot
2024-07-18 11:33:56,010 [grpc-default-executor-1] INFO  server.RaftServer$Division (ServerState.java:setRaftConf(386)) - omNode-bootstrap-2@group-0AAC5367B30E: set configuration conf: {index: 0, cur=peers:[omNode-3|localhost:15023, omNode-1|localhost:15015, omNode-2|localhost:15019]|listeners:[], old=null}
2024-07-18 11:33:56,011 [grpc-default-executor-1] INFO  ratis.OzoneManagerStateMachine (OzoneManagerStateMachine.java:notifyConfigurationChanged(216)) - Received Configuration change notification from Ratis. New Peer list:
[id: "omNode-3"
address: "localhost:15023"
startupRole: FOLLOWER
, id: "omNode-1"
address: "localhost:15015"
startupRole: FOLLOWER
, id: "omNode-2"
address: "localhost:15019"
startupRole: FOLLOWER
]
2024-07-18 11:33:56,011 [grpc-default-executor-1] INFO  impl.SnapshotInstallationHandler (SnapshotInstallationHandler.java:installSnapshot(103)) - omNode-bootstrap-2@group-0AAC5367B30E: reply installSnapshot: omNode-1<-omNode-bootstrap-2#0:FAIL-t1,IN_PROGRESS,snapshotIndex=0
2024-07-18 11:33:56,011 [grpc-default-executor-1] INFO  server.GrpcServerProtocolService (GrpcServerProtocolService.java:onCompleted(157)) - omNode-bootstrap-2: Completed INSTALL_SNAPSHOT, lastRequest: omNode-1->omNode-bootstrap-2#0-t1,notify:(t:1, i:0)
2024-07-18 11:33:56,011 [grpc-default-executor-1] INFO  server.GrpcServerProtocolService (GrpcServerProtocolService.java:lambda$onCompleted$5(159)) - omNode-bootstrap-2: Completed INSTALL_SNAPSHOT, lastReply: null
2024-07-18 11:33:56,013 [omNode-bootstrap-2-server-thread1] INFO  server.RaftServer$Division (RaftServerImpl.java:checkInconsistentAppendEntries(1629)) - omNode-bootstrap-2@group-0AAC5367B30E: Failed appendEntries as snapshot (0) installation is in progress
2024-07-18 11:33:56,013 [omNode-bootstrap-2-server-thread1] INFO  server.RaftServer$Division (RaftServerImpl.java:appendEntriesAsync(1584)) - omNode-bootstrap-2@group-0AAC5367B30E: appendEntries* reply omNode-1<-omNode-bootstrap-2#81:FAIL-t1,INCONSISTENCY,nextIndex=0,followerCommit=-1,matchIndex=-1
2024-07-18 11:33:56,013 [grpc-default-executor-1] INFO  impl.SnapshotInstallationHandler (SnapshotInstallationHandler.java:installSnapshot(92)) - omNode-bootstrap-2@group-0AAC5367B30E: receive installSnapshot: omNode-1->omNode-bootstrap-2#0-t1,notify:(t:1, i:0)
2024-07-18 11:33:56,013 [grpc-default-executor-1] INFO  impl.SnapshotInstallationHandler (SnapshotInstallationHandler.java:installSnapshotImpl(138)) - omNode-bootstrap-2@group-0AAC5367B30E: set new configuration configurationEntry {
  peers {
    id: "omNode-3"
    address: "localhost:15023"
    startupRole: FOLLOWER
  }
  peers {
    id: "omNode-1"
    address: "localhost:15015"
    startupRole: FOLLOWER
  }
  peers {
    id: "omNode-2"
    address: "localhost:15019"
    startupRole: FOLLOWER
  }
}
 from snapshot
2024-07-18 11:33:56,013 [grpc-default-executor-1] INFO  server.RaftServer$Division (ServerState.java:setRaftConf(386)) - omNode-bootstrap-2@group-0AAC5367B30E: set configuration conf: {index: 0, cur=peers:[omNode-3|localhost:15023, omNode-1|localhost:15015, omNode-2|localhost:15019]|listeners:[], old=null}
2024-07-18 11:33:56,015 [grpc-default-executor-1] INFO  ratis.OzoneManagerStateMachine (OzoneManagerStateMachine.java:notifyConfigurationChanged(216)) - Received Configuration change notification from Ratis. New Peer list:
[id: "omNode-3"
address: "localhost:15023"
startupRole: FOLLOWER
, id: "omNode-1"
address: "localhost:15015"
startupRole: FOLLOWER
, id: "omNode-2"
address: "localhost:15019"
startupRole: FOLLOWER
]
2024-07-18 11:33:56,015 [grpc-default-executor-1] INFO  impl.SnapshotInstallationHandler (SnapshotInstallationHandler.java:installSnapshot(103)) - omNode-bootstrap-2@group-0AAC5367B30E: reply installSnapshot: omNode-1<-omNode-bootstrap-2#0:FAIL-t1,IN_PROGRESS,snapshotIndex=0
2024-07-18 11:33:56,015 [grpc-default-executor-1] INFO  server.GrpcServerProtocolService (GrpcServerProtocolService.java:onCompleted(157)) - omNode-bootstrap-2: Completed INSTALL_SNAPSHOT, lastRequest: omNode-1->omNode-bootstrap-2#0-t1,notify:(t:1, i:0)
2024-07-18 11:33:56,015 [grpc-default-executor-1] INFO  server.GrpcServerProtocolService (GrpcServerProtocolService.java:lambda$onCompleted$5(159)) - omNode-bootstrap-2: Completed INSTALL_SNAPSHOT, lastReply: null
2024-07-18 11:33:56,016 [omNode-bootstrap-2-server-thread1] INFO  server.RaftServer$Division (RaftServerImpl.java:checkInconsistentAppendEntries(1629)) - omNode-bootstrap-2@group-0AAC5367B30E: Failed appendEntries as snapshot (0) installation is in progress
2024-07-18 11:33:56,016 [omNode-bootstrap-2-server-thread1] INFO  server.RaftServer$Division (RaftServerImpl.java:appendEntriesAsync(1584)) - omNode-bootstrap-2@group-0AAC5367B30E: appendEntries* reply omNode-1<-omNode-bootstrap-2#82:FAIL-t1,INCONSISTENCY,nextIndex=0,followerCommit=-1,matchIndex=-1
2024-07-18 11:33:56,017 [grpc-default-executor-3] INFO  impl.SnapshotInstallationHandler (SnapshotInstallationHandler.java:installSnapshot(92)) - omNode-bootstrap-2@group-0AAC5367B30E: receive installSnapshot: omNode-1->omNode-bootstrap-2#0-t1,notify:(t:1, i:0)
2024-07-18 11:33:56,017 [grpc-default-executor-3] INFO  impl.SnapshotInstallationHandler (SnapshotInstallationHandler.java:installSnapshotImpl(138)) - omNode-bootstrap-2@group-0AAC5367B30E: set new configuration configurationEntry {
  peers {
    id: "omNode-3"
    address: "localhost:15023"
    startupRole: FOLLOWER
  }
  peers {
    id: "omNode-1"
    address: "localhost:15015"
    startupRole: FOLLOWER
  }
  peers {
    id: "omNode-2"
    address: "localhost:15019"
    startupRole: FOLLOWER
  }
}
 from snapshot
2024-07-18 11:33:56,018 [grpc-default-executor-3] INFO  server.RaftServer$Division (ServerState.java:setRaftConf(386)) - omNode-bootstrap-2@group-0AAC5367B30E: set configuration conf: {index: 0, cur=peers:[omNode-3|localhost:15023, omNode-1|localhost:15015, omNode-2|localhost:15019]|listeners:[], old=null}
2024-07-18 11:33:56,019 [grpc-default-executor-3] INFO  ratis.OzoneManagerStateMachine (OzoneManagerStateMachine.java:notifyConfigurationChanged(216)) - Received Configuration change notification from Ratis. New Peer list:
[id: "omNode-3"
address: "localhost:15023"
startupRole: FOLLOWER
, id: "omNode-1"
address: "localhost:15015"
startupRole: FOLLOWER
, id: "omNode-2"
address: "localhost:15019"
startupRole: FOLLOWER
]
2024-07-18 11:33:56,019 [grpc-default-executor-3] INFO  impl.SnapshotInstallationHandler (SnapshotInstallationHandler.java:installSnapshot(103)) - omNode-bootstrap-2@group-0AAC5367B30E: reply installSnapshot: omNode-1<-omNode-bootstrap-2#0:FAIL-t1,IN_PROGRESS,snapshotIndex=0
2024-07-18 11:33:56,019 [grpc-default-executor-3] INFO  server.GrpcServerProtocolService (GrpcServerProtocolService.java:onCompleted(157)) - omNode-bootstrap-2: Completed INSTALL_SNAPSHOT, lastRequest: omNode-1->omNode-bootstrap-2#0-t1,notify:(t:1, i:0)
2024-07-18 11:33:56,019 [grpc-default-executor-3] INFO  server.GrpcServerProtocolService (GrpcServerProtocolService.java:lambda$onCompleted$5(159)) - omNode-bootstrap-2: Completed INSTALL_SNAPSHOT, lastReply: null
2024-07-18 11:33:56,021 [omNode-bootstrap-2-server-thread1] INFO  server.RaftServer$Division (RaftServerImpl.java:checkInconsistentAppendEntries(1629)) - omNode-bootstrap-2@group-0AAC5367B30E: Failed appendEntries as snapshot (0) installation is in progress
2024-07-18 11:33:56,021 [omNode-bootstrap-2-server-thread1] INFO  server.RaftServer$Division (RaftServerImpl.java:appendEntriesAsync(1584)) - omNode-bootstrap-2@group-0AAC5367B30E: appendEntries* reply omNode-1<-omNode-bootstrap-2#83:FAIL-t1,INCONSISTENCY,nextIndex=0,followerCommit=-1,matchIndex=-1
2024-07-18 11:33:56,021 [grpc-default-executor-0] INFO  impl.SnapshotInstallationHandler (SnapshotInstallationHandler.java:installSnapshot(92)) - omNode-bootstrap-2@group-0AAC5367B30E: receive installSnapshot: omNode-1->omNode-bootstrap-2#0-t1,notify:(t:1, i:0)
2024-07-18 11:33:56,021 [grpc-default-executor-0] INFO  impl.SnapshotInstallationHandler (SnapshotInstallationHandler.java:installSnapshotImpl(138)) - omNode-bootstrap-2@group-0AAC5367B30E: set new configuration configurationEntry {
  peers {
    id: "omNode-3"
    address: "localhost:15023"
    startupRole: FOLLOWER
  }
  peers {
    id: "omNode-1"
    address: "localhost:15015"
    startupRole: FOLLOWER
  }
  peers {
    id: "omNode-2"
    address: "localhost:15019"
    startupRole: FOLLOWER
  }
}
 from snapshot
2024-07-18 11:33:56,021 [grpc-default-executor-0] INFO  server.RaftServer$Division (ServerState.java:setRaftConf(386)) - omNode-bootstrap-2@group-0AAC5367B30E: set configuration conf: {index: 0, cur=peers:[omNode-3|localhost:15023, omNode-1|localhost:15015, omNode-2|localhost:15019]|listeners:[], old=null}
2024-07-18 11:33:56,022 [grpc-default-executor-0] INFO  ratis.OzoneManagerStateMachine (OzoneManagerStateMachine.java:notifyConfigurationChanged(216)) - Received Configuration change notification from Ratis. New Peer list:
[id: "omNode-3"
address: "localhost:15023"
startupRole: FOLLOWER
, id: "omNode-1"
address: "localhost:15015"
startupRole: FOLLOWER
, id: "omNode-2"
address: "localhost:15019"
startupRole: FOLLOWER
]
2024-07-18 11:33:56,022 [grpc-default-executor-0] INFO  impl.SnapshotInstallationHandler (SnapshotInstallationHandler.java:installSnapshot(103)) - omNode-bootstrap-2@group-0AAC5367B30E: reply installSnapshot: omNode-1<-omNode-bootstrap-2#0:FAIL-t1,IN_PROGRESS,snapshotIndex=0
2024-07-18 11:33:56,023 [grpc-default-executor-0] INFO  server.GrpcServerProtocolService (GrpcServerProtocolService.java:onCompleted(157)) - omNode-bootstrap-2: Completed INSTALL_SNAPSHOT, lastRequest: omNode-1->omNode-bootstrap-2#0-t1,notify:(t:1, i:0)
2024-07-18 11:33:56,023 [grpc-default-executor-0] INFO  server.GrpcServerProtocolService (GrpcServerProtocolService.java:lambda$onCompleted$5(159)) - omNode-bootstrap-2: Completed INSTALL_SNAPSHOT, lastReply: null
2024-07-18 11:33:56,024 [omNode-bootstrap-2-server-thread1] INFO  server.RaftServer$Division (RaftServerImpl.java:checkInconsistentAppendEntries(1629)) - omNode-bootstrap-2@group-0AAC5367B30E: Failed appendEntries as snapshot (0) installation is in progress
2024-07-18 11:33:56,024 [omNode-bootstrap-2-server-thread1] INFO  server.RaftServer$Division (RaftServerImpl.java:appendEntriesAsync(1584)) - omNode-bootstrap-2@group-0AAC5367B30E: appendEntries* reply omNode-1<-omNode-bootstrap-2#84:FAIL-t1,INCONSISTENCY,nextIndex=0,followerCommit=-1,matchIndex=-1
2024-07-18 11:33:56,025 [grpc-default-executor-0] INFO  impl.SnapshotInstallationHandler (SnapshotInstallationHandler.java:installSnapshot(92)) - omNode-bootstrap-2@group-0AAC5367B30E: receive installSnapshot: omNode-1->omNode-bootstrap-2#0-t1,notify:(t:1, i:0)
2024-07-18 11:33:56,025 [grpc-default-executor-0] INFO  impl.SnapshotInstallationHandler (SnapshotInstallationHandler.java:installSnapshotImpl(138)) - omNode-bootstrap-2@group-0AAC5367B30E: set new configuration configurationEntry {
  peers {
    id: "omNode-3"
    address: "localhost:15023"
    startupRole: FOLLOWER
  }
  peers {
    id: "omNode-1"
    address: "localhost:15015"
    startupRole: FOLLOWER
  }
  peers {
    id: "omNode-2"
    address: "localhost:15019"
    startupRole: FOLLOWER
  }
}
 from snapshot
2024-07-18 11:33:56,025 [grpc-default-executor-0] INFO  server.RaftServer$Division (ServerState.java:setRaftConf(386)) - omNode-bootstrap-2@group-0AAC5367B30E: set configuration conf: {index: 0, cur=peers:[omNode-3|localhost:15023, omNode-1|localhost:15015, omNode-2|localhost:15019]|listeners:[], old=null}
2024-07-18 11:33:56,027 [grpc-default-executor-0] INFO  ratis.OzoneManagerStateMachine (OzoneManagerStateMachine.java:notifyConfigurationChanged(216)) - Received Configuration change notification from Ratis. New Peer list:
[id: "omNode-3"
address: "localhost:15023"
startupRole: FOLLOWER
, id: "omNode-1"
address: "localhost:15015"
startupRole: FOLLOWER
, id: "omNode-2"
address: "localhost:15019"
startupRole: FOLLOWER
]
2024-07-18 11:33:56,027 [grpc-default-executor-0] INFO  impl.SnapshotInstallationHandler (SnapshotInstallationHandler.java:installSnapshot(103)) - omNode-bootstrap-2@group-0AAC5367B30E: reply installSnapshot: omNode-1<-omNode-bootstrap-2#0:FAIL-t1,IN_PROGRESS,snapshotIndex=0
2024-07-18 11:33:56,027 [grpc-default-executor-0] INFO  server.GrpcServerProtocolService (GrpcServerProtocolService.java:onCompleted(157)) - omNode-bootstrap-2: Completed INSTALL_SNAPSHOT, lastRequest: omNode-1->omNode-bootstrap-2#0-t1,notify:(t:1, i:0)
2024-07-18 11:33:56,027 [grpc-default-executor-0] INFO  server.GrpcServerProtocolService (GrpcServerProtocolService.java:lambda$onCompleted$5(159)) - omNode-bootstrap-2: Completed INSTALL_SNAPSHOT, lastReply: null
2024-07-18 11:33:56,028 [omNode-bootstrap-2-server-thread1] INFO  server.RaftServer$Division (RaftServerImpl.java:checkInconsistentAppendEntries(1629)) - omNode-bootstrap-2@group-0AAC5367B30E: Failed appendEntries as snapshot (0) installation is in progress
2024-07-18 11:33:56,028 [omNode-bootstrap-2-server-thread1] INFO  server.RaftServer$Division (RaftServerImpl.java:appendEntriesAsync(1584)) - omNode-bootstrap-2@group-0AAC5367B30E: appendEntries* reply omNode-1<-omNode-bootstrap-2#85:FAIL-t1,INCONSISTENCY,nextIndex=0,followerCommit=-1,matchIndex=-1
2024-07-18 11:33:56,029 [grpc-default-executor-3] INFO  impl.SnapshotInstallationHandler (SnapshotInstallationHandler.java:installSnapshot(92)) - omNode-bootstrap-2@group-0AAC5367B30E: receive installSnapshot: omNode-1->omNode-bootstrap-2#0-t1,notify:(t:1, i:0)
2024-07-18 11:33:56,029 [grpc-default-executor-3] INFO  impl.SnapshotInstallationHandler (SnapshotInstallationHandler.java:installSnapshotImpl(138)) - omNode-bootstrap-2@group-0AAC5367B30E: set new configuration configurationEntry {
  peers {
    id: "omNode-3"
    address: "localhost:15023"
    startupRole: FOLLOWER
  }
  peers {
    id: "omNode-1"
    address: "localhost:15015"
    startupRole: FOLLOWER
  }
  peers {
    id: "omNode-2"
    address: "localhost:15019"
    startupRole: FOLLOWER
  }
}
 from snapshot
2024-07-18 11:33:56,029 [grpc-default-executor-3] INFO  server.RaftServer$Division (ServerState.java:setRaftConf(386)) - omNode-bootstrap-2@group-0AAC5367B30E: set configuration conf: {index: 0, cur=peers:[omNode-3|localhost:15023, omNode-1|localhost:15015, omNode-2|localhost:15019]|listeners:[], old=null}
2024-07-18 11:33:56,030 [grpc-default-executor-3] INFO  ratis.OzoneManagerStateMachine (OzoneManagerStateMachine.java:notifyConfigurationChanged(216)) - Received Configuration change notification from Ratis. New Peer list:
[id: "omNode-3"
address: "localhost:15023"
startupRole: FOLLOWER
, id: "omNode-1"
address: "localhost:15015"
startupRole: FOLLOWER
, id: "omNode-2"
address: "localhost:15019"
startupRole: FOLLOWER
]
2024-07-18 11:33:56,031 [grpc-default-executor-3] INFO  impl.SnapshotInstallationHandler (SnapshotInstallationHandler.java:installSnapshot(103)) - omNode-bootstrap-2@group-0AAC5367B30E: reply installSnapshot: omNode-1<-omNode-bootstrap-2#0:FAIL-t1,IN_PROGRESS,snapshotIndex=0
2024-07-18 11:33:56,031 [grpc-default-executor-3] INFO  server.GrpcServerProtocolService (GrpcServerProtocolService.java:onCompleted(157)) - omNode-bootstrap-2: Completed INSTALL_SNAPSHOT, lastRequest: omNode-1->omNode-bootstrap-2#0-t1,notify:(t:1, i:0)
2024-07-18 11:33:56,031 [grpc-default-executor-3] INFO  server.GrpcServerProtocolService (GrpcServerProtocolService.java:lambda$onCompleted$5(159)) - omNode-bootstrap-2: Completed INSTALL_SNAPSHOT, lastReply: null
2024-07-18 11:33:56,032 [omNode-bootstrap-2-server-thread1] INFO  server.RaftServer$Division (RaftServerImpl.java:checkInconsistentAppendEntries(1629)) - omNode-bootstrap-2@group-0AAC5367B30E: Failed appendEntries as snapshot (0) installation is in progress
2024-07-18 11:33:56,032 [omNode-bootstrap-2-server-thread1] INFO  server.RaftServer$Division (RaftServerImpl.java:appendEntriesAsync(1584)) - omNode-bootstrap-2@group-0AAC5367B30E: appendEntries* reply omNode-1<-omNode-bootstrap-2#86:FAIL-t1,INCONSISTENCY,nextIndex=0,followerCommit=-1,matchIndex=-1
2024-07-18 11:33:56,033 [grpc-default-executor-0] INFO  impl.SnapshotInstallationHandler (SnapshotInstallationHandler.java:installSnapshot(92)) - omNode-bootstrap-2@group-0AAC5367B30E: receive installSnapshot: omNode-1->omNode-bootstrap-2#0-t1,notify:(t:1, i:0)
2024-07-18 11:33:56,033 [grpc-default-executor-0] INFO  impl.SnapshotInstallationHandler (SnapshotInstallationHandler.java:installSnapshotImpl(138)) - omNode-bootstrap-2@group-0AAC5367B30E: set new configuration configurationEntry {
  peers {
    id: "omNode-3"
    address: "localhost:15023"
    startupRole: FOLLOWER
  }
  peers {
    id: "omNode-1"
    address: "localhost:15015"
    startupRole: FOLLOWER
  }
  peers {
    id: "omNode-2"
    address: "localhost:15019"
    startupRole: FOLLOWER
  }
}
 from snapshot
2024-07-18 11:33:56,033 [grpc-default-executor-0] INFO  server.RaftServer$Division (ServerState.java:setRaftConf(386)) - omNode-bootstrap-2@group-0AAC5367B30E: set configuration conf: {index: 0, cur=peers:[omNode-3|localhost:15023, omNode-1|localhost:15015, omNode-2|localhost:15019]|listeners:[], old=null}
2024-07-18 11:33:56,034 [grpc-default-executor-0] INFO  ratis.OzoneManagerStateMachine (OzoneManagerStateMachine.java:notifyConfigurationChanged(216)) - Received Configuration change notification from Ratis. New Peer list:
[id: "omNode-3"
address: "localhost:15023"
startupRole: FOLLOWER
, id: "omNode-1"
address: "localhost:15015"
startupRole: FOLLOWER
, id: "omNode-2"
address: "localhost:15019"
startupRole: FOLLOWER
]
2024-07-18 11:33:56,034 [grpc-default-executor-0] INFO  impl.SnapshotInstallationHandler (SnapshotInstallationHandler.java:installSnapshot(103)) - omNode-bootstrap-2@group-0AAC5367B30E: reply installSnapshot: omNode-1<-omNode-bootstrap-2#0:FAIL-t1,IN_PROGRESS,snapshotIndex=0
2024-07-18 11:33:56,034 [grpc-default-executor-0] INFO  server.GrpcServerProtocolService (GrpcServerProtocolService.java:onCompleted(157)) - omNode-bootstrap-2: Completed INSTALL_SNAPSHOT, lastRequest: omNode-1->omNode-bootstrap-2#0-t1,notify:(t:1, i:0)
2024-07-18 11:33:56,034 [grpc-default-executor-0] INFO  server.GrpcServerProtocolService (GrpcServerProtocolService.java:lambda$onCompleted$5(159)) - omNode-bootstrap-2: Completed INSTALL_SNAPSHOT, lastReply: null
2024-07-18 11:33:56,035 [omNode-bootstrap-2-server-thread1] INFO  server.RaftServer$Division (RaftServerImpl.java:checkInconsistentAppendEntries(1629)) - omNode-bootstrap-2@group-0AAC5367B30E: Failed appendEntries as snapshot (0) installation is in progress
2024-07-18 11:33:56,035 [omNode-bootstrap-2-server-thread1] INFO  server.RaftServer$Division (RaftServerImpl.java:appendEntriesAsync(1584)) - omNode-bootstrap-2@group-0AAC5367B30E: appendEntries* reply omNode-1<-omNode-bootstrap-2#87:FAIL-t1,INCONSISTENCY,nextIndex=0,followerCommit=-1,matchIndex=-1
2024-07-18 11:33:56,036 [grpc-default-executor-0] INFO  impl.SnapshotInstallationHandler (SnapshotInstallationHandler.java:installSnapshot(92)) - omNode-bootstrap-2@group-0AAC5367B30E: receive installSnapshot: omNode-1->omNode-bootstrap-2#0-t1,notify:(t:1, i:0)
2024-07-18 11:33:56,036 [grpc-default-executor-0] INFO  impl.SnapshotInstallationHandler (SnapshotInstallationHandler.java:installSnapshotImpl(138)) - omNode-bootstrap-2@group-0AAC5367B30E: set new configuration configurationEntry {
  peers {
    id: "omNode-3"
    address: "localhost:15023"
    startupRole: FOLLOWER
  }
  peers {
    id: "omNode-1"
    address: "localhost:15015"
    startupRole: FOLLOWER
  }
  peers {
    id: "omNode-2"
    address: "localhost:15019"
    startupRole: FOLLOWER
  }
}
 from snapshot
2024-07-18 11:33:56,036 [grpc-default-executor-0] INFO  server.RaftServer$Division (ServerState.java:setRaftConf(386)) - omNode-bootstrap-2@group-0AAC5367B30E: set configuration conf: {index: 0, cur=peers:[omNode-3|localhost:15023, omNode-1|localhost:15015, omNode-2|localhost:15019]|listeners:[], old=null}
2024-07-18 11:33:56,037 [grpc-default-executor-0] INFO  ratis.OzoneManagerStateMachine (OzoneManagerStateMachine.java:notifyConfigurationChanged(216)) - Received Configuration change notification from Ratis. New Peer list:
[id: "omNode-3"
address: "localhost:15023"
startupRole: FOLLOWER
, id: "omNode-1"
address: "localhost:15015"
startupRole: FOLLOWER
, id: "omNode-2"
address: "localhost:15019"
startupRole: FOLLOWER
]
2024-07-18 11:33:56,038 [grpc-default-executor-0] INFO  impl.SnapshotInstallationHandler (SnapshotInstallationHandler.java:installSnapshot(103)) - omNode-bootstrap-2@group-0AAC5367B30E: reply installSnapshot: omNode-1<-omNode-bootstrap-2#0:FAIL-t1,IN_PROGRESS,snapshotIndex=0
2024-07-18 11:33:56,038 [grpc-default-executor-0] INFO  server.GrpcServerProtocolService (GrpcServerProtocolService.java:onCompleted(157)) - omNode-bootstrap-2: Completed INSTALL_SNAPSHOT, lastRequest: omNode-1->omNode-bootstrap-2#0-t1,notify:(t:1, i:0)
2024-07-18 11:33:56,038 [grpc-default-executor-0] INFO  server.GrpcServerProtocolService (GrpcServerProtocolService.java:lambda$onCompleted$5(159)) - omNode-bootstrap-2: Completed INSTALL_SNAPSHOT, lastReply: null
2024-07-18 11:33:56,039 [omNode-bootstrap-2-server-thread1] INFO  server.RaftServer$Division (RaftServerImpl.java:checkInconsistentAppendEntries(1629)) - omNode-bootstrap-2@group-0AAC5367B30E: Failed appendEntries as snapshot (0) installation is in progress
2024-07-18 11:33:56,039 [omNode-bootstrap-2-server-thread1] INFO  server.RaftServer$Division (RaftServerImpl.java:appendEntriesAsync(1584)) - omNode-bootstrap-2@group-0AAC5367B30E: appendEntries* reply omNode-1<-omNode-bootstrap-2#88:FAIL-t1,INCONSISTENCY,nextIndex=0,followerCommit=-1,matchIndex=-1
2024-07-18 11:33:56,039 [grpc-default-executor-0] INFO  impl.SnapshotInstallationHandler (SnapshotInstallationHandler.java:installSnapshot(92)) - omNode-bootstrap-2@group-0AAC5367B30E: receive installSnapshot: omNode-1->omNode-bootstrap-2#0-t1,notify:(t:1, i:0)
2024-07-18 11:33:56,040 [grpc-default-executor-0] INFO  impl.SnapshotInstallationHandler (SnapshotInstallationHandler.java:installSnapshotImpl(138)) - omNode-bootstrap-2@group-0AAC5367B30E: set new configuration configurationEntry {
  peers {
    id: "omNode-3"
    address: "localhost:15023"
    startupRole: FOLLOWER
  }
  peers {
    id: "omNode-1"
    address: "localhost:15015"
    startupRole: FOLLOWER
  }
  peers {
    id: "omNode-2"
    address: "localhost:15019"
    startupRole: FOLLOWER
  }
}
 from snapshot
2024-07-18 11:33:56,040 [grpc-default-executor-0] INFO  server.RaftServer$Division (ServerState.java:setRaftConf(386)) - omNode-bootstrap-2@group-0AAC5367B30E: set configuration conf: {index: 0, cur=peers:[omNode-3|localhost:15023, omNode-1|localhost:15015, omNode-2|localhost:15019]|listeners:[], old=null}
2024-07-18 11:33:56,042 [grpc-default-executor-0] INFO  ratis.OzoneManagerStateMachine (OzoneManagerStateMachine.java:notifyConfigurationChanged(216)) - Received Configuration change notification from Ratis. New Peer list:
[id: "omNode-3"
address: "localhost:15023"
startupRole: FOLLOWER
, id: "omNode-1"
address: "localhost:15015"
startupRole: FOLLOWER
, id: "omNode-2"
address: "localhost:15019"
startupRole: FOLLOWER
]
2024-07-18 11:33:56,042 [grpc-default-executor-0] INFO  impl.SnapshotInstallationHandler (SnapshotInstallationHandler.java:installSnapshot(103)) - omNode-bootstrap-2@group-0AAC5367B30E: reply installSnapshot: omNode-1<-omNode-bootstrap-2#0:FAIL-t1,IN_PROGRESS,snapshotIndex=0
2024-07-18 11:33:56,042 [grpc-default-executor-0] INFO  server.GrpcServerProtocolService (GrpcServerProtocolService.java:onCompleted(157)) - omNode-bootstrap-2: Completed INSTALL_SNAPSHOT, lastRequest: omNode-1->omNode-bootstrap-2#0-t1,notify:(t:1, i:0)
2024-07-18 11:33:56,042 [grpc-default-executor-0] INFO  server.GrpcServerProtocolService (GrpcServerProtocolService.java:lambda$onCompleted$5(159)) - omNode-bootstrap-2: Completed INSTALL_SNAPSHOT, lastReply: null
2024-07-18 11:33:56,043 [omNode-bootstrap-2-server-thread1] INFO  server.RaftServer$Division (RaftServerImpl.java:checkInconsistentAppendEntries(1629)) - omNode-bootstrap-2@group-0AAC5367B30E: Failed appendEntries as snapshot (0) installation is in progress
2024-07-18 11:33:56,043 [omNode-bootstrap-2-server-thread1] INFO  server.RaftServer$Division (RaftServerImpl.java:appendEntriesAsync(1584)) - omNode-bootstrap-2@group-0AAC5367B30E: appendEntries* reply omNode-1<-omNode-bootstrap-2#89:FAIL-t1,INCONSISTENCY,nextIndex=0,followerCommit=-1,matchIndex=-1
2024-07-18 11:33:56,044 [grpc-default-executor-0] INFO  impl.SnapshotInstallationHandler (SnapshotInstallationHandler.java:installSnapshot(92)) - omNode-bootstrap-2@group-0AAC5367B30E: receive installSnapshot: omNode-1->omNode-bootstrap-2#0-t1,notify:(t:1, i:0)
2024-07-18 11:33:56,044 [grpc-default-executor-0] INFO  impl.SnapshotInstallationHandler (SnapshotInstallationHandler.java:installSnapshotImpl(138)) - omNode-bootstrap-2@group-0AAC5367B30E: set new configuration configurationEntry {
  peers {
    id: "omNode-3"
    address: "localhost:15023"
    startupRole: FOLLOWER
  }
  peers {
    id: "omNode-1"
    address: "localhost:15015"
    startupRole: FOLLOWER
  }
  peers {
    id: "omNode-2"
    address: "localhost:15019"
    startupRole: FOLLOWER
  }
}
 from snapshot
2024-07-18 11:33:56,044 [grpc-default-executor-0] INFO  server.RaftServer$Division (ServerState.java:setRaftConf(386)) - omNode-bootstrap-2@group-0AAC5367B30E: set configuration conf: {index: 0, cur=peers:[omNode-3|localhost:15023, omNode-1|localhost:15015, omNode-2|localhost:15019]|listeners:[], old=null}
2024-07-18 11:33:56,045 [grpc-default-executor-0] INFO  ratis.OzoneManagerStateMachine (OzoneManagerStateMachine.java:notifyConfigurationChanged(216)) - Received Configuration change notification from Ratis. New Peer list:
[id: "omNode-3"
address: "localhost:15023"
startupRole: FOLLOWER
, id: "omNode-1"
address: "localhost:15015"
startupRole: FOLLOWER
, id: "omNode-2"
address: "localhost:15019"
startupRole: FOLLOWER
]
2024-07-18 11:33:56,045 [grpc-default-executor-0] INFO  impl.SnapshotInstallationHandler (SnapshotInstallationHandler.java:installSnapshot(103)) - omNode-bootstrap-2@group-0AAC5367B30E: reply installSnapshot: omNode-1<-omNode-bootstrap-2#0:FAIL-t1,IN_PROGRESS,snapshotIndex=0
2024-07-18 11:33:56,045 [grpc-default-executor-0] INFO  server.GrpcServerProtocolService (GrpcServerProtocolService.java:onCompleted(157)) - omNode-bootstrap-2: Completed INSTALL_SNAPSHOT, lastRequest: omNode-1->omNode-bootstrap-2#0-t1,notify:(t:1, i:0)
2024-07-18 11:33:56,046 [grpc-default-executor-0] INFO  server.GrpcServerProtocolService (GrpcServerProtocolService.java:lambda$onCompleted$5(159)) - omNode-bootstrap-2: Completed INSTALL_SNAPSHOT, lastReply: null
2024-07-18 11:33:56,046 [omNode-bootstrap-2-server-thread1] INFO  server.RaftServer$Division (RaftServerImpl.java:checkInconsistentAppendEntries(1629)) - omNode-bootstrap-2@group-0AAC5367B30E: Failed appendEntries as snapshot (0) installation is in progress
2024-07-18 11:33:56,046 [omNode-bootstrap-2-server-thread1] INFO  server.RaftServer$Division (RaftServerImpl.java:appendEntriesAsync(1584)) - omNode-bootstrap-2@group-0AAC5367B30E: appendEntries* reply omNode-1<-omNode-bootstrap-2#90:FAIL-t1,INCONSISTENCY,nextIndex=0,followerCommit=-1,matchIndex=-1
2024-07-18 11:33:56,047 [grpc-default-executor-0] INFO  impl.SnapshotInstallationHandler (SnapshotInstallationHandler.java:installSnapshot(92)) - omNode-bootstrap-2@group-0AAC5367B30E: receive installSnapshot: omNode-1->omNode-bootstrap-2#0-t1,notify:(t:1, i:0)
2024-07-18 11:33:56,047 [grpc-default-executor-0] INFO  impl.SnapshotInstallationHandler (SnapshotInstallationHandler.java:installSnapshotImpl(138)) - omNode-bootstrap-2@group-0AAC5367B30E: set new configuration configurationEntry {
  peers {
    id: "omNode-3"
    address: "localhost:15023"
    startupRole: FOLLOWER
  }
  peers {
    id: "omNode-1"
    address: "localhost:15015"
    startupRole: FOLLOWER
  }
  peers {
    id: "omNode-2"
    address: "localhost:15019"
    startupRole: FOLLOWER
  }
}
 from snapshot
2024-07-18 11:33:56,047 [grpc-default-executor-0] INFO  server.RaftServer$Division (ServerState.java:setRaftConf(386)) - omNode-bootstrap-2@group-0AAC5367B30E: set configuration conf: {index: 0, cur=peers:[omNode-3|localhost:15023, omNode-1|localhost:15015, omNode-2|localhost:15019]|listeners:[], old=null}
2024-07-18 11:33:56,048 [grpc-default-executor-0] INFO  ratis.OzoneManagerStateMachine (OzoneManagerStateMachine.java:notifyConfigurationChanged(216)) - Received Configuration change notification from Ratis. New Peer list:
[id: "omNode-3"
address: "localhost:15023"
startupRole: FOLLOWER
, id: "omNode-1"
address: "localhost:15015"
startupRole: FOLLOWER
, id: "omNode-2"
address: "localhost:15019"
startupRole: FOLLOWER
]
2024-07-18 11:33:56,049 [grpc-default-executor-0] INFO  impl.SnapshotInstallationHandler (SnapshotInstallationHandler.java:installSnapshot(103)) - omNode-bootstrap-2@group-0AAC5367B30E: reply installSnapshot: omNode-1<-omNode-bootstrap-2#0:FAIL-t1,IN_PROGRESS,snapshotIndex=0
2024-07-18 11:33:56,052 [grpc-default-executor-0] INFO  server.GrpcServerProtocolService (GrpcServerProtocolService.java:onCompleted(157)) - omNode-bootstrap-2: Completed INSTALL_SNAPSHOT, lastRequest: omNode-1->omNode-bootstrap-2#0-t1,notify:(t:1, i:0)
2024-07-18 11:33:56,052 [grpc-default-executor-0] INFO  server.GrpcServerProtocolService (GrpcServerProtocolService.java:lambda$onCompleted$5(159)) - omNode-bootstrap-2: Completed INSTALL_SNAPSHOT, lastReply: null
2024-07-18 11:33:56,053 [omNode-bootstrap-2-server-thread1] INFO  server.RaftServer$Division (RaftServerImpl.java:checkInconsistentAppendEntries(1629)) - omNode-bootstrap-2@group-0AAC5367B30E: Failed appendEntries as snapshot (0) installation is in progress
2024-07-18 11:33:56,053 [omNode-bootstrap-2-server-thread1] INFO  server.RaftServer$Division (RaftServerImpl.java:appendEntriesAsync(1584)) - omNode-bootstrap-2@group-0AAC5367B30E: appendEntries* reply omNode-1<-omNode-bootstrap-2#91:FAIL-t1,INCONSISTENCY,nextIndex=0,followerCommit=-1,matchIndex=-1
2024-07-18 11:33:56,055 [grpc-default-executor-1] INFO  impl.SnapshotInstallationHandler (SnapshotInstallationHandler.java:installSnapshot(92)) - omNode-bootstrap-2@group-0AAC5367B30E: receive installSnapshot: omNode-1->omNode-bootstrap-2#0-t1,notify:(t:1, i:0)
2024-07-18 11:33:56,055 [grpc-default-executor-1] INFO  impl.SnapshotInstallationHandler (SnapshotInstallationHandler.java:installSnapshotImpl(138)) - omNode-bootstrap-2@group-0AAC5367B30E: set new configuration configurationEntry {
  peers {
    id: "omNode-3"
    address: "localhost:15023"
    startupRole: FOLLOWER
  }
  peers {
    id: "omNode-1"
    address: "localhost:15015"
    startupRole: FOLLOWER
  }
  peers {
    id: "omNode-2"
    address: "localhost:15019"
    startupRole: FOLLOWER
  }
}
 from snapshot
2024-07-18 11:33:56,055 [grpc-default-executor-1] INFO  server.RaftServer$Division (ServerState.java:setRaftConf(386)) - omNode-bootstrap-2@group-0AAC5367B30E: set configuration conf: {index: 0, cur=peers:[omNode-3|localhost:15023, omNode-1|localhost:15015, omNode-2|localhost:15019]|listeners:[], old=null}
2024-07-18 11:33:56,056 [grpc-default-executor-1] INFO  ratis.OzoneManagerStateMachine (OzoneManagerStateMachine.java:notifyConfigurationChanged(216)) - Received Configuration change notification from Ratis. New Peer list:
[id: "omNode-3"
address: "localhost:15023"
startupRole: FOLLOWER
, id: "omNode-1"
address: "localhost:15015"
startupRole: FOLLOWER
, id: "omNode-2"
address: "localhost:15019"
startupRole: FOLLOWER
]
2024-07-18 11:33:56,056 [grpc-default-executor-1] INFO  impl.SnapshotInstallationHandler (SnapshotInstallationHandler.java:installSnapshot(103)) - omNode-bootstrap-2@group-0AAC5367B30E: reply installSnapshot: omNode-1<-omNode-bootstrap-2#0:FAIL-t1,IN_PROGRESS,snapshotIndex=0
2024-07-18 11:33:56,057 [grpc-default-executor-1] INFO  server.GrpcServerProtocolService (GrpcServerProtocolService.java:onCompleted(157)) - omNode-bootstrap-2: Completed INSTALL_SNAPSHOT, lastRequest: omNode-1->omNode-bootstrap-2#0-t1,notify:(t:1, i:0)
2024-07-18 11:33:56,057 [grpc-default-executor-1] INFO  server.GrpcServerProtocolService (GrpcServerProtocolService.java:lambda$onCompleted$5(159)) - omNode-bootstrap-2: Completed INSTALL_SNAPSHOT, lastReply: null
2024-07-18 11:33:56,058 [omNode-bootstrap-2-server-thread1] INFO  server.RaftServer$Division (RaftServerImpl.java:checkInconsistentAppendEntries(1629)) - omNode-bootstrap-2@group-0AAC5367B30E: Failed appendEntries as snapshot (0) installation is in progress
2024-07-18 11:33:56,058 [omNode-bootstrap-2-server-thread1] INFO  server.RaftServer$Division (RaftServerImpl.java:appendEntriesAsync(1584)) - omNode-bootstrap-2@group-0AAC5367B30E: appendEntries* reply omNode-1<-omNode-bootstrap-2#92:FAIL-t1,INCONSISTENCY,nextIndex=0,followerCommit=-1,matchIndex=-1
2024-07-18 11:33:56,060 [grpc-default-executor-0] INFO  impl.SnapshotInstallationHandler (SnapshotInstallationHandler.java:installSnapshot(92)) - omNode-bootstrap-2@group-0AAC5367B30E: receive installSnapshot: omNode-1->omNode-bootstrap-2#0-t1,notify:(t:1, i:0)
2024-07-18 11:33:56,060 [grpc-default-executor-0] INFO  impl.SnapshotInstallationHandler (SnapshotInstallationHandler.java:installSnapshotImpl(138)) - omNode-bootstrap-2@group-0AAC5367B30E: set new configuration configurationEntry {
  peers {
    id: "omNode-3"
    address: "localhost:15023"
    startupRole: FOLLOWER
  }
  peers {
    id: "omNode-1"
    address: "localhost:15015"
    startupRole: FOLLOWER
  }
  peers {
    id: "omNode-2"
    address: "localhost:15019"
    startupRole: FOLLOWER
  }
}
 from snapshot
2024-07-18 11:33:56,060 [grpc-default-executor-0] INFO  server.RaftServer$Division (ServerState.java:setRaftConf(386)) - omNode-bootstrap-2@group-0AAC5367B30E: set configuration conf: {index: 0, cur=peers:[omNode-3|localhost:15023, omNode-1|localhost:15015, omNode-2|localhost:15019]|listeners:[], old=null}
2024-07-18 11:33:56,062 [grpc-default-executor-0] INFO  ratis.OzoneManagerStateMachine (OzoneManagerStateMachine.java:notifyConfigurationChanged(216)) - Received Configuration change notification from Ratis. New Peer list:
[id: "omNode-3"
address: "localhost:15023"
startupRole: FOLLOWER
, id: "omNode-1"
address: "localhost:15015"
startupRole: FOLLOWER
, id: "omNode-2"
address: "localhost:15019"
startupRole: FOLLOWER
]
2024-07-18 11:33:56,062 [grpc-default-executor-0] INFO  impl.SnapshotInstallationHandler (SnapshotInstallationHandler.java:installSnapshot(103)) - omNode-bootstrap-2@group-0AAC5367B30E: reply installSnapshot: omNode-1<-omNode-bootstrap-2#0:FAIL-t1,IN_PROGRESS,snapshotIndex=0
2024-07-18 11:33:56,064 [grpc-default-executor-0] INFO  server.GrpcServerProtocolService (GrpcServerProtocolService.java:onCompleted(157)) - omNode-bootstrap-2: Completed INSTALL_SNAPSHOT, lastRequest: omNode-1->omNode-bootstrap-2#0-t1,notify:(t:1, i:0)
2024-07-18 11:33:56,064 [grpc-default-executor-0] INFO  server.GrpcServerProtocolService (GrpcServerProtocolService.java:lambda$onCompleted$5(159)) - omNode-bootstrap-2: Completed INSTALL_SNAPSHOT, lastReply: null
2024-07-18 11:33:56,065 [grpc-default-executor-1] INFO  impl.SnapshotInstallationHandler (SnapshotInstallationHandler.java:installSnapshot(92)) - omNode-bootstrap-2@group-0AAC5367B30E: receive installSnapshot: omNode-1->omNode-bootstrap-2#0-t1,notify:(t:1, i:0)
2024-07-18 11:33:56,065 [grpc-default-executor-1] INFO  impl.SnapshotInstallationHandler (SnapshotInstallationHandler.java:installSnapshotImpl(138)) - omNode-bootstrap-2@group-0AAC5367B30E: set new configuration configurationEntry {
  peers {
    id: "omNode-3"
    address: "localhost:15023"
    startupRole: FOLLOWER
  }
  peers {
    id: "omNode-1"
    address: "localhost:15015"
    startupRole: FOLLOWER
  }
  peers {
    id: "omNode-2"
    address: "localhost:15019"
    startupRole: FOLLOWER
  }
}
 from snapshot
2024-07-18 11:33:56,066 [omNode-bootstrap-2-server-thread1] INFO  server.RaftServer$Division (RaftServerImpl.java:checkInconsistentAppendEntries(1629)) - omNode-bootstrap-2@group-0AAC5367B30E: Failed appendEntries as snapshot (0) installation is in progress
2024-07-18 11:33:56,066 [omNode-bootstrap-2-server-thread1] INFO  server.RaftServer$Division (RaftServerImpl.java:appendEntriesAsync(1584)) - omNode-bootstrap-2@group-0AAC5367B30E: appendEntries* reply omNode-1<-omNode-bootstrap-2#93:FAIL-t1,INCONSISTENCY,nextIndex=0,followerCommit=-1,matchIndex=-1
2024-07-18 11:33:56,066 [grpc-default-executor-1] INFO  server.RaftServer$Division (ServerState.java:setRaftConf(386)) - omNode-bootstrap-2@group-0AAC5367B30E: set configuration conf: {index: 0, cur=peers:[omNode-3|localhost:15023, omNode-1|localhost:15015, omNode-2|localhost:15019]|listeners:[], old=null}
2024-07-18 11:33:56,067 [grpc-default-executor-1] INFO  ratis.OzoneManagerStateMachine (OzoneManagerStateMachine.java:notifyConfigurationChanged(216)) - Received Configuration change notification from Ratis. New Peer list:
[id: "omNode-3"
address: "localhost:15023"
startupRole: FOLLOWER
, id: "omNode-1"
address: "localhost:15015"
startupRole: FOLLOWER
, id: "omNode-2"
address: "localhost:15019"
startupRole: FOLLOWER
]
2024-07-18 11:33:56,067 [grpc-default-executor-1] INFO  impl.SnapshotInstallationHandler (SnapshotInstallationHandler.java:installSnapshot(103)) - omNode-bootstrap-2@group-0AAC5367B30E: reply installSnapshot: omNode-1<-omNode-bootstrap-2#0:FAIL-t1,IN_PROGRESS,snapshotIndex=0
2024-07-18 11:33:56,067 [grpc-default-executor-1] INFO  server.GrpcServerProtocolService (GrpcServerProtocolService.java:onCompleted(157)) - omNode-bootstrap-2: Completed INSTALL_SNAPSHOT, lastRequest: omNode-1->omNode-bootstrap-2#0-t1,notify:(t:1, i:0)
2024-07-18 11:33:56,067 [grpc-default-executor-1] INFO  server.GrpcServerProtocolService (GrpcServerProtocolService.java:lambda$onCompleted$5(159)) - omNode-bootstrap-2: Completed INSTALL_SNAPSHOT, lastReply: null
2024-07-18 11:33:56,068 [omNode-bootstrap-2-server-thread1] INFO  server.RaftServer$Division (RaftServerImpl.java:checkInconsistentAppendEntries(1629)) - omNode-bootstrap-2@group-0AAC5367B30E: Failed appendEntries as snapshot (0) installation is in progress
2024-07-18 11:33:56,068 [omNode-bootstrap-2-server-thread1] INFO  server.RaftServer$Division (RaftServerImpl.java:appendEntriesAsync(1584)) - omNode-bootstrap-2@group-0AAC5367B30E: appendEntries* reply omNode-1<-omNode-bootstrap-2#94:FAIL-t1,INCONSISTENCY,nextIndex=0,followerCommit=-1,matchIndex=-1
2024-07-18 11:33:56,069 [grpc-default-executor-3] INFO  impl.SnapshotInstallationHandler (SnapshotInstallationHandler.java:installSnapshot(92)) - omNode-bootstrap-2@group-0AAC5367B30E: receive installSnapshot: omNode-1->omNode-bootstrap-2#0-t1,notify:(t:1, i:0)
2024-07-18 11:33:56,069 [grpc-default-executor-3] INFO  impl.SnapshotInstallationHandler (SnapshotInstallationHandler.java:installSnapshotImpl(138)) - omNode-bootstrap-2@group-0AAC5367B30E: set new configuration configurationEntry {
  peers {
    id: "omNode-3"
    address: "localhost:15023"
    startupRole: FOLLOWER
  }
  peers {
    id: "omNode-1"
    address: "localhost:15015"
    startupRole: FOLLOWER
  }
  peers {
    id: "omNode-2"
    address: "localhost:15019"
    startupRole: FOLLOWER
  }
}
 from snapshot
2024-07-18 11:33:56,069 [qtp1041410699-437] INFO  db.RDBCheckpointManager (RDBCheckpointManager.java:createCheckpoint(89)) - Created checkpoint in rocksDB at /home/runner/work/ozone/ozone/hadoop-ozone/integration-test/target/test-dir/MiniOzoneClusterImpl-c0b7f50e-f813-4849-95b3-646bdd98e01d/omNode-1/db.checkpoints/om.db_checkpoint_1721302436065 in 3 milliseconds
2024-07-18 11:33:56,069 [grpc-default-executor-3] INFO  server.RaftServer$Division (ServerState.java:setRaftConf(386)) - omNode-bootstrap-2@group-0AAC5367B30E: set configuration conf: {index: 0, cur=peers:[omNode-3|localhost:15023, omNode-1|localhost:15015, omNode-2|localhost:15019]|listeners:[], old=null}
2024-07-18 11:33:56,070 [grpc-default-executor-3] INFO  ratis.OzoneManagerStateMachine (OzoneManagerStateMachine.java:notifyConfigurationChanged(216)) - Received Configuration change notification from Ratis. New Peer list:
[id: "omNode-3"
address: "localhost:15023"
startupRole: FOLLOWER
, id: "omNode-1"
address: "localhost:15015"
startupRole: FOLLOWER
, id: "omNode-2"
address: "localhost:15019"
startupRole: FOLLOWER
]
2024-07-18 11:33:56,070 [grpc-default-executor-3] INFO  impl.SnapshotInstallationHandler (SnapshotInstallationHandler.java:installSnapshot(103)) - omNode-bootstrap-2@group-0AAC5367B30E: reply installSnapshot: omNode-1<-omNode-bootstrap-2#0:FAIL-t1,IN_PROGRESS,snapshotIndex=0
2024-07-18 11:33:56,071 [grpc-default-executor-3] INFO  server.GrpcServerProtocolService (GrpcServerProtocolService.java:onCompleted(157)) - omNode-bootstrap-2: Completed INSTALL_SNAPSHOT, lastRequest: omNode-1->omNode-bootstrap-2#0-t1,notify:(t:1, i:0)
2024-07-18 11:33:56,071 [grpc-default-executor-3] INFO  server.GrpcServerProtocolService (GrpcServerProtocolService.java:lambda$onCompleted$5(159)) - omNode-bootstrap-2: Completed INSTALL_SNAPSHOT, lastReply: null
2024-07-18 11:33:56,073 [grpc-default-executor-3] INFO  impl.SnapshotInstallationHandler (SnapshotInstallationHandler.java:installSnapshot(92)) - omNode-bootstrap-2@group-0AAC5367B30E: receive installSnapshot: omNode-1->omNode-bootstrap-2#0-t1,notify:(t:1, i:0)
2024-07-18 11:33:56,073 [grpc-default-executor-3] INFO  impl.SnapshotInstallationHandler (SnapshotInstallationHandler.java:installSnapshotImpl(138)) - omNode-bootstrap-2@group-0AAC5367B30E: set new configuration configurationEntry {
  peers {
    id: "omNode-3"
    address: "localhost:15023"
    startupRole: FOLLOWER
  }
  peers {
    id: "omNode-1"
    address: "localhost:15015"
    startupRole: FOLLOWER
  }
  peers {
    id: "omNode-2"
    address: "localhost:15019"
    startupRole: FOLLOWER
  }
}
 from snapshot
2024-07-18 11:33:56,074 [grpc-default-executor-3] INFO  server.RaftServer$Division (ServerState.java:setRaftConf(386)) - omNode-bootstrap-2@group-0AAC5367B30E: set configuration conf: {index: 0, cur=peers:[omNode-3|localhost:15023, omNode-1|localhost:15015, omNode-2|localhost:15019]|listeners:[], old=null}
2024-07-18 11:33:56,075 [omNode-bootstrap-2-server-thread1] INFO  server.RaftServer$Division (RaftServerImpl.java:checkInconsistentAppendEntries(1629)) - omNode-bootstrap-2@group-0AAC5367B30E: Failed appendEntries as snapshot (0) installation is in progress
2024-07-18 11:33:56,075 [omNode-bootstrap-2-server-thread1] INFO  server.RaftServer$Division (RaftServerImpl.java:appendEntriesAsync(1584)) - omNode-bootstrap-2@group-0AAC5367B30E: appendEntries* reply omNode-1<-omNode-bootstrap-2#95:FAIL-t1,INCONSISTENCY,nextIndex=0,followerCommit=-1,matchIndex=-1
2024-07-18 11:33:56,075 [grpc-default-executor-3] INFO  ratis.OzoneManagerStateMachine (OzoneManagerStateMachine.java:notifyConfigurationChanged(216)) - Received Configuration change notification from Ratis. New Peer list:
[id: "omNode-3"
address: "localhost:15023"
startupRole: FOLLOWER
, id: "omNode-1"
address: "localhost:15015"
startupRole: FOLLOWER
, id: "omNode-2"
address: "localhost:15019"
startupRole: FOLLOWER
]
2024-07-18 11:33:56,075 [grpc-default-executor-3] INFO  impl.SnapshotInstallationHandler (SnapshotInstallationHandler.java:installSnapshot(103)) - omNode-bootstrap-2@group-0AAC5367B30E: reply installSnapshot: omNode-1<-omNode-bootstrap-2#0:FAIL-t1,IN_PROGRESS,snapshotIndex=0
2024-07-18 11:33:56,075 [grpc-default-executor-3] INFO  server.GrpcServerProtocolService (GrpcServerProtocolService.java:onCompleted(157)) - omNode-bootstrap-2: Completed INSTALL_SNAPSHOT, lastRequest: omNode-1->omNode-bootstrap-2#0-t1,notify:(t:1, i:0)
2024-07-18 11:33:56,075 [grpc-default-executor-3] INFO  server.GrpcServerProtocolService (GrpcServerProtocolService.java:lambda$onCompleted$5(159)) - omNode-bootstrap-2: Completed INSTALL_SNAPSHOT, lastReply: null
2024-07-18 11:33:56,076 [omNode-bootstrap-2-server-thread1] INFO  server.RaftServer$Division (RaftServerImpl.java:checkInconsistentAppendEntries(1629)) - omNode-bootstrap-2@group-0AAC5367B30E: Failed appendEntries as snapshot (0) installation is in progress
2024-07-18 11:33:56,076 [omNode-bootstrap-2-server-thread1] INFO  server.RaftServer$Division (RaftServerImpl.java:appendEntriesAsync(1584)) - omNode-bootstrap-2@group-0AAC5367B30E: appendEntries* reply omNode-1<-omNode-bootstrap-2#96:FAIL-t1,INCONSISTENCY,nextIndex=0,followerCommit=-1,matchIndex=-1
2024-07-18 11:33:56,078 [grpc-default-executor-3] INFO  impl.SnapshotInstallationHandler (SnapshotInstallationHandler.java:installSnapshot(92)) - omNode-bootstrap-2@group-0AAC5367B30E: receive installSnapshot: omNode-1->omNode-bootstrap-2#0-t1,notify:(t:1, i:0)
2024-07-18 11:33:56,078 [grpc-default-executor-3] INFO  impl.SnapshotInstallationHandler (SnapshotInstallationHandler.java:installSnapshotImpl(138)) - omNode-bootstrap-2@group-0AAC5367B30E: set new configuration configurationEntry {
  peers {
    id: "omNode-3"
    address: "localhost:15023"
    startupRole: FOLLOWER
  }
  peers {
    id: "omNode-1"
    address: "localhost:15015"
    startupRole: FOLLOWER
  }
  peers {
    id: "omNode-2"
    address: "localhost:15019"
    startupRole: FOLLOWER
  }
}
 from snapshot
2024-07-18 11:33:56,078 [grpc-default-executor-3] INFO  server.RaftServer$Division (ServerState.java:setRaftConf(386)) - omNode-bootstrap-2@group-0AAC5367B30E: set configuration conf: {index: 0, cur=peers:[omNode-3|localhost:15023, omNode-1|localhost:15015, omNode-2|localhost:15019]|listeners:[], old=null}
2024-07-18 11:33:56,079 [grpc-default-executor-3] INFO  ratis.OzoneManagerStateMachine (OzoneManagerStateMachine.java:notifyConfigurationChanged(216)) - Received Configuration change notification from Ratis. New Peer list:
[id: "omNode-3"
address: "localhost:15023"
startupRole: FOLLOWER
, id: "omNode-1"
address: "localhost:15015"
startupRole: FOLLOWER
, id: "omNode-2"
address: "localhost:15019"
startupRole: FOLLOWER
]
2024-07-18 11:33:56,079 [grpc-default-executor-3] INFO  impl.SnapshotInstallationHandler (SnapshotInstallationHandler.java:installSnapshot(103)) - omNode-bootstrap-2@group-0AAC5367B30E: reply installSnapshot: omNode-1<-omNode-bootstrap-2#0:FAIL-t1,IN_PROGRESS,snapshotIndex=0
2024-07-18 11:33:56,079 [grpc-default-executor-3] INFO  server.GrpcServerProtocolService (GrpcServerProtocolService.java:onCompleted(157)) - omNode-bootstrap-2: Completed INSTALL_SNAPSHOT, lastRequest: omNode-1->omNode-bootstrap-2#0-t1,notify:(t:1, i:0)
2024-07-18 11:33:56,079 [grpc-default-executor-3] INFO  server.GrpcServerProtocolService (GrpcServerProtocolService.java:lambda$onCompleted$5(159)) - omNode-bootstrap-2: Completed INSTALL_SNAPSHOT, lastReply: null
2024-07-18 11:33:56,081 [omNode-bootstrap-2-server-thread1] INFO  server.RaftServer$Division (RaftServerImpl.java:checkInconsistentAppendEntries(1629)) - omNode-bootstrap-2@group-0AAC5367B30E: Failed appendEntries as snapshot (0) installation is in progress
2024-07-18 11:33:56,081 [omNode-bootstrap-2-server-thread1] INFO  server.RaftServer$Division (RaftServerImpl.java:appendEntriesAsync(1584)) - omNode-bootstrap-2@group-0AAC5367B30E: appendEntries* reply omNode-1<-omNode-bootstrap-2#97:FAIL-t1,INCONSISTENCY,nextIndex=0,followerCommit=-1,matchIndex=-1
2024-07-18 11:33:56,082 [grpc-default-executor-3] INFO  impl.SnapshotInstallationHandler (SnapshotInstallationHandler.java:installSnapshot(92)) - omNode-bootstrap-2@group-0AAC5367B30E: receive installSnapshot: omNode-1->omNode-bootstrap-2#0-t1,notify:(t:1, i:0)
2024-07-18 11:33:56,082 [grpc-default-executor-3] INFO  impl.SnapshotInstallationHandler (SnapshotInstallationHandler.java:installSnapshotImpl(138)) - omNode-bootstrap-2@group-0AAC5367B30E: set new configuration configurationEntry {
  peers {
    id: "omNode-3"
    address: "localhost:15023"
    startupRole: FOLLOWER
  }
  peers {
    id: "omNode-1"
    address: "localhost:15015"
    startupRole: FOLLOWER
  }
  peers {
    id: "omNode-2"
    address: "localhost:15019"
    startupRole: FOLLOWER
  }
}
 from snapshot
2024-07-18 11:33:56,082 [grpc-default-executor-3] INFO  server.RaftServer$Division (ServerState.java:setRaftConf(386)) - omNode-bootstrap-2@group-0AAC5367B30E: set configuration conf: {index: 0, cur=peers:[omNode-3|localhost:15023, omNode-1|localhost:15015, omNode-2|localhost:15019]|listeners:[], old=null}
2024-07-18 11:33:56,083 [grpc-default-executor-3] INFO  ratis.OzoneManagerStateMachine (OzoneManagerStateMachine.java:notifyConfigurationChanged(216)) - Received Configuration change notification from Ratis. New Peer list:
[id: "omNode-3"
address: "localhost:15023"
startupRole: FOLLOWER
, id: "omNode-1"
address: "localhost:15015"
startupRole: FOLLOWER
, id: "omNode-2"
address: "localhost:15019"
startupRole: FOLLOWER
]
2024-07-18 11:33:56,084 [grpc-default-executor-3] INFO  impl.SnapshotInstallationHandler (SnapshotInstallationHandler.java:installSnapshot(103)) - omNode-bootstrap-2@group-0AAC5367B30E: reply installSnapshot: omNode-1<-omNode-bootstrap-2#0:FAIL-t1,IN_PROGRESS,snapshotIndex=0
2024-07-18 11:33:56,084 [grpc-default-executor-3] INFO  server.GrpcServerProtocolService (GrpcServerProtocolService.java:onCompleted(157)) - omNode-bootstrap-2: Completed INSTALL_SNAPSHOT, lastRequest: omNode-1->omNode-bootstrap-2#0-t1,notify:(t:1, i:0)
2024-07-18 11:33:56,084 [grpc-default-executor-3] INFO  server.GrpcServerProtocolService (GrpcServerProtocolService.java:lambda$onCompleted$5(159)) - omNode-bootstrap-2: Completed INSTALL_SNAPSHOT, lastReply: null
2024-07-18 11:33:56,085 [omNode-bootstrap-2-server-thread1] INFO  server.RaftServer$Division (RaftServerImpl.java:checkInconsistentAppendEntries(1629)) - omNode-bootstrap-2@group-0AAC5367B30E: Failed appendEntries as snapshot (0) installation is in progress
2024-07-18 11:33:56,085 [omNode-bootstrap-2-server-thread1] INFO  server.RaftServer$Division (RaftServerImpl.java:appendEntriesAsync(1584)) - omNode-bootstrap-2@group-0AAC5367B30E: appendEntries* reply omNode-1<-omNode-bootstrap-2#98:FAIL-t1,INCONSISTENCY,nextIndex=0,followerCommit=-1,matchIndex=-1
2024-07-18 11:33:56,085 [grpc-default-executor-3] INFO  impl.SnapshotInstallationHandler (SnapshotInstallationHandler.java:installSnapshot(92)) - omNode-bootstrap-2@group-0AAC5367B30E: receive installSnapshot: omNode-1->omNode-bootstrap-2#0-t1,notify:(t:1, i:0)
2024-07-18 11:33:56,086 [grpc-default-executor-3] INFO  impl.SnapshotInstallationHandler (SnapshotInstallationHandler.java:installSnapshotImpl(138)) - omNode-bootstrap-2@group-0AAC5367B30E: set new configuration configurationEntry {
  peers {
    id: "omNode-3"
    address: "localhost:15023"
    startupRole: FOLLOWER
  }
  peers {
    id: "omNode-1"
    address: "localhost:15015"
    startupRole: FOLLOWER
  }
  peers {
    id: "omNode-2"
    address: "localhost:15019"
    startupRole: FOLLOWER
  }
}
 from snapshot
2024-07-18 11:33:56,086 [grpc-default-executor-3] INFO  server.RaftServer$Division (ServerState.java:setRaftConf(386)) - omNode-bootstrap-2@group-0AAC5367B30E: set configuration conf: {index: 0, cur=peers:[omNode-3|localhost:15023, omNode-1|localhost:15015, omNode-2|localhost:15019]|listeners:[], old=null}
2024-07-18 11:33:56,088 [grpc-default-executor-3] INFO  ratis.OzoneManagerStateMachine (OzoneManagerStateMachine.java:notifyConfigurationChanged(216)) - Received Configuration change notification from Ratis. New Peer list:
[id: "omNode-3"
address: "localhost:15023"
startupRole: FOLLOWER
, id: "omNode-1"
address: "localhost:15015"
startupRole: FOLLOWER
, id: "omNode-2"
address: "localhost:15019"
startupRole: FOLLOWER
]
2024-07-18 11:33:56,088 [grpc-default-executor-3] INFO  impl.SnapshotInstallationHandler (SnapshotInstallationHandler.java:installSnapshot(103)) - omNode-bootstrap-2@group-0AAC5367B30E: reply installSnapshot: omNode-1<-omNode-bootstrap-2#0:FAIL-t1,IN_PROGRESS,snapshotIndex=0
2024-07-18 11:33:56,088 [grpc-default-executor-3] INFO  server.GrpcServerProtocolService (GrpcServerProtocolService.java:onCompleted(157)) - omNode-bootstrap-2: Completed INSTALL_SNAPSHOT, lastRequest: omNode-1->omNode-bootstrap-2#0-t1,notify:(t:1, i:0)
2024-07-18 11:33:56,088 [grpc-default-executor-3] INFO  server.GrpcServerProtocolService (GrpcServerProtocolService.java:lambda$onCompleted$5(159)) - omNode-bootstrap-2: Completed INSTALL_SNAPSHOT, lastReply: null
2024-07-18 11:33:56,090 [grpc-default-executor-5] INFO  impl.SnapshotInstallationHandler (SnapshotInstallationHandler.java:installSnapshot(92)) - omNode-bootstrap-2@group-0AAC5367B30E: receive installSnapshot: omNode-1->omNode-bootstrap-2#0-t1,notify:(t:1, i:0)
2024-07-18 11:33:56,090 [grpc-default-executor-5] INFO  impl.SnapshotInstallationHandler (SnapshotInstallationHandler.java:installSnapshotImpl(138)) - omNode-bootstrap-2@group-0AAC5367B30E: set new configuration configurationEntry {
  peers {
    id: "omNode-3"
    address: "localhost:15023"
    startupRole: FOLLOWER
  }
  peers {
    id: "omNode-1"
    address: "localhost:15015"
    startupRole: FOLLOWER
  }
  peers {
    id: "omNode-2"
    address: "localhost:15019"
    startupRole: FOLLOWER
  }
}
 from snapshot
2024-07-18 11:33:56,090 [grpc-default-executor-5] INFO  server.RaftServer$Division (ServerState.java:setRaftConf(386)) - omNode-bootstrap-2@group-0AAC5367B30E: set configuration conf: {index: 0, cur=peers:[omNode-3|localhost:15023, omNode-1|localhost:15015, omNode-2|localhost:15019]|listeners:[], old=null}
2024-07-18 11:33:56,090 [qtp1041410699-437] INFO  helpers.OmKeyInfo (OmKeyInfo.java:getCodec(72)) - OmKeyInfo.getCodec ignorePipeline = true
2024-07-18 11:33:56,091 [omNode-bootstrap-2-server-thread1] INFO  server.RaftServer$Division (RaftServerImpl.java:checkInconsistentAppendEntries(1629)) - omNode-bootstrap-2@group-0AAC5367B30E: Failed appendEntries as snapshot (0) installation is in progress
2024-07-18 11:33:56,091 [omNode-bootstrap-2-server-thread1] INFO  server.RaftServer$Division (RaftServerImpl.java:appendEntriesAsync(1584)) - omNode-bootstrap-2@group-0AAC5367B30E: appendEntries* reply omNode-1<-omNode-bootstrap-2#99:FAIL-t1,INCONSISTENCY,nextIndex=0,followerCommit=-1,matchIndex=-1
2024-07-18 11:33:56,091 [grpc-default-executor-5] INFO  ratis.OzoneManagerStateMachine (OzoneManagerStateMachine.java:notifyConfigurationChanged(216)) - Received Configuration change notification from Ratis. New Peer list:
[id: "omNode-3"
address: "localhost:15023"
startupRole: FOLLOWER
, id: "omNode-1"
address: "localhost:15015"
startupRole: FOLLOWER
, id: "omNode-2"
address: "localhost:15019"
startupRole: FOLLOWER
]
2024-07-18 11:33:56,091 [grpc-default-executor-5] INFO  impl.SnapshotInstallationHandler (SnapshotInstallationHandler.java:installSnapshot(103)) - omNode-bootstrap-2@group-0AAC5367B30E: reply installSnapshot: omNode-1<-omNode-bootstrap-2#0:FAIL-t1,IN_PROGRESS,snapshotIndex=0
2024-07-18 11:33:56,091 [grpc-default-executor-5] INFO  server.GrpcServerProtocolService (GrpcServerProtocolService.java:onCompleted(157)) - omNode-bootstrap-2: Completed INSTALL_SNAPSHOT, lastRequest: omNode-1->omNode-bootstrap-2#0-t1,notify:(t:1, i:0)
2024-07-18 11:33:56,091 [grpc-default-executor-5] INFO  server.GrpcServerProtocolService (GrpcServerProtocolService.java:lambda$onCompleted$5(159)) - omNode-bootstrap-2: Completed INSTALL_SNAPSHOT, lastReply: null
2024-07-18 11:33:56,093 [omNode-bootstrap-2-server-thread1] INFO  server.RaftServer$Division (RaftServerImpl.java:checkInconsistentAppendEntries(1629)) - omNode-bootstrap-2@group-0AAC5367B30E: Failed appendEntries as snapshot (0) installation is in progress
2024-07-18 11:33:56,093 [omNode-bootstrap-2-server-thread1] INFO  server.RaftServer$Division (RaftServerImpl.java:appendEntriesAsync(1584)) - omNode-bootstrap-2@group-0AAC5367B30E: appendEntries* reply omNode-1<-omNode-bootstrap-2#100:FAIL-t1,INCONSISTENCY,nextIndex=0,followerCommit=-1,matchIndex=-1
2024-07-18 11:33:56,094 [grpc-default-executor-1] INFO  impl.SnapshotInstallationHandler (SnapshotInstallationHandler.java:installSnapshot(92)) - omNode-bootstrap-2@group-0AAC5367B30E: receive installSnapshot: omNode-1->omNode-bootstrap-2#0-t1,notify:(t:1, i:0)
2024-07-18 11:33:56,094 [grpc-default-executor-1] INFO  impl.SnapshotInstallationHandler (SnapshotInstallationHandler.java:installSnapshotImpl(138)) - omNode-bootstrap-2@group-0AAC5367B30E: set new configuration configurationEntry {
  peers {
    id: "omNode-3"
    address: "localhost:15023"
    startupRole: FOLLOWER
  }
  peers {
    id: "omNode-1"
    address: "localhost:15015"
    startupRole: FOLLOWER
  }
  peers {
    id: "omNode-2"
    address: "localhost:15019"
    startupRole: FOLLOWER
  }
}
 from snapshot
2024-07-18 11:33:56,094 [grpc-default-executor-1] INFO  server.RaftServer$Division (ServerState.java:setRaftConf(386)) - omNode-bootstrap-2@group-0AAC5367B30E: set configuration conf: {index: 0, cur=peers:[omNode-3|localhost:15023, omNode-1|localhost:15015, omNode-2|localhost:15019]|listeners:[], old=null}
2024-07-18 11:33:56,095 [grpc-default-executor-1] INFO  ratis.OzoneManagerStateMachine (OzoneManagerStateMachine.java:notifyConfigurationChanged(216)) - Received Configuration change notification from Ratis. New Peer list:
[id: "omNode-3"
address: "localhost:15023"
startupRole: FOLLOWER
, id: "omNode-1"
address: "localhost:15015"
startupRole: FOLLOWER
, id: "omNode-2"
address: "localhost:15019"
startupRole: FOLLOWER
]
2024-07-18 11:33:56,096 [grpc-default-executor-1] INFO  impl.SnapshotInstallationHandler (SnapshotInstallationHandler.java:installSnapshot(103)) - omNode-bootstrap-2@group-0AAC5367B30E: reply installSnapshot: omNode-1<-omNode-bootstrap-2#0:FAIL-t1,IN_PROGRESS,snapshotIndex=0
2024-07-18 11:33:56,096 [grpc-default-executor-1] INFO  server.GrpcServerProtocolService (GrpcServerProtocolService.java:onCompleted(157)) - omNode-bootstrap-2: Completed INSTALL_SNAPSHOT, lastRequest: omNode-1->omNode-bootstrap-2#0-t1,notify:(t:1, i:0)
2024-07-18 11:33:56,096 [grpc-default-executor-1] INFO  server.GrpcServerProtocolService (GrpcServerProtocolService.java:lambda$onCompleted$5(159)) - omNode-bootstrap-2: Completed INSTALL_SNAPSHOT, lastReply: null
2024-07-18 11:33:56,097 [omNode-bootstrap-2-server-thread1] INFO  server.RaftServer$Division (RaftServerImpl.java:checkInconsistentAppendEntries(1629)) - omNode-bootstrap-2@group-0AAC5367B30E: Failed appendEntries as snapshot (0) installation is in progress
2024-07-18 11:33:56,097 [omNode-bootstrap-2-server-thread1] INFO  server.RaftServer$Division (RaftServerImpl.java:appendEntriesAsync(1584)) - omNode-bootstrap-2@group-0AAC5367B30E: appendEntries* reply omNode-1<-omNode-bootstrap-2#101:FAIL-t1,INCONSISTENCY,nextIndex=0,followerCommit=-1,matchIndex=-1
2024-07-18 11:33:56,097 [grpc-default-executor-3] INFO  impl.SnapshotInstallationHandler (SnapshotInstallationHandler.java:installSnapshot(92)) - omNode-bootstrap-2@group-0AAC5367B30E: receive installSnapshot: omNode-1->omNode-bootstrap-2#0-t1,notify:(t:1, i:0)
2024-07-18 11:33:56,098 [grpc-default-executor-3] INFO  impl.SnapshotInstallationHandler (SnapshotInstallationHandler.java:installSnapshotImpl(138)) - omNode-bootstrap-2@group-0AAC5367B30E: set new configuration configurationEntry {
  peers {
    id: "omNode-3"
    address: "localhost:15023"
    startupRole: FOLLOWER
  }
  peers {
    id: "omNode-1"
    address: "localhost:15015"
    startupRole: FOLLOWER
  }
  peers {
    id: "omNode-2"
    address: "localhost:15019"
    startupRole: FOLLOWER
  }
}
 from snapshot
2024-07-18 11:33:56,098 [grpc-default-executor-3] INFO  server.RaftServer$Division (ServerState.java:setRaftConf(386)) - omNode-bootstrap-2@group-0AAC5367B30E: set configuration conf: {index: 0, cur=peers:[omNode-3|localhost:15023, omNode-1|localhost:15015, omNode-2|localhost:15019]|listeners:[], old=null}
2024-07-18 11:33:56,099 [grpc-default-executor-3] INFO  ratis.OzoneManagerStateMachine (OzoneManagerStateMachine.java:notifyConfigurationChanged(216)) - Received Configuration change notification from Ratis. New Peer list:
[id: "omNode-3"
address: "localhost:15023"
startupRole: FOLLOWER
, id: "omNode-1"
address: "localhost:15015"
startupRole: FOLLOWER
, id: "omNode-2"
address: "localhost:15019"
startupRole: FOLLOWER
]
2024-07-18 11:33:56,099 [grpc-default-executor-3] INFO  impl.SnapshotInstallationHandler (SnapshotInstallationHandler.java:installSnapshot(103)) - omNode-bootstrap-2@group-0AAC5367B30E: reply installSnapshot: omNode-1<-omNode-bootstrap-2#0:FAIL-t1,IN_PROGRESS,snapshotIndex=0
2024-07-18 11:33:56,099 [grpc-default-executor-3] INFO  server.GrpcServerProtocolService (GrpcServerProtocolService.java:onCompleted(157)) - omNode-bootstrap-2: Completed INSTALL_SNAPSHOT, lastRequest: omNode-1->omNode-bootstrap-2#0-t1,notify:(t:1, i:0)
2024-07-18 11:33:56,099 [grpc-default-executor-3] INFO  server.GrpcServerProtocolService (GrpcServerProtocolService.java:lambda$onCompleted$5(159)) - omNode-bootstrap-2: Completed INSTALL_SNAPSHOT, lastReply: null
2024-07-18 11:33:56,100 [omNode-bootstrap-2-server-thread1] INFO  server.RaftServer$Division (RaftServerImpl.java:checkInconsistentAppendEntries(1629)) - omNode-bootstrap-2@group-0AAC5367B30E: Failed appendEntries as snapshot (0) installation is in progress
2024-07-18 11:33:56,100 [omNode-bootstrap-2-server-thread1] INFO  server.RaftServer$Division (RaftServerImpl.java:appendEntriesAsync(1584)) - omNode-bootstrap-2@group-0AAC5367B30E: appendEntries* reply omNode-1<-omNode-bootstrap-2#102:FAIL-t1,INCONSISTENCY,nextIndex=0,followerCommit=-1,matchIndex=-1
2024-07-18 11:33:56,102 [grpc-default-executor-3] INFO  impl.SnapshotInstallationHandler (SnapshotInstallationHandler.java:installSnapshot(92)) - omNode-bootstrap-2@group-0AAC5367B30E: receive installSnapshot: omNode-1->omNode-bootstrap-2#0-t1,notify:(t:1, i:0)
2024-07-18 11:33:56,102 [grpc-default-executor-3] INFO  impl.SnapshotInstallationHandler (SnapshotInstallationHandler.java:installSnapshotImpl(138)) - omNode-bootstrap-2@group-0AAC5367B30E: set new configuration configurationEntry {
  peers {
    id: "omNode-3"
    address: "localhost:15023"
    startupRole: FOLLOWER
  }
  peers {
    id: "omNode-1"
    address: "localhost:15015"
    startupRole: FOLLOWER
  }
  peers {
    id: "omNode-2"
    address: "localhost:15019"
    startupRole: FOLLOWER
  }
}
 from snapshot
2024-07-18 11:33:56,102 [grpc-default-executor-3] INFO  server.RaftServer$Division (ServerState.java:setRaftConf(386)) - omNode-bootstrap-2@group-0AAC5367B30E: set configuration conf: {index: 0, cur=peers:[omNode-3|localhost:15023, omNode-1|localhost:15015, omNode-2|localhost:15019]|listeners:[], old=null}
2024-07-18 11:33:56,103 [grpc-default-executor-3] INFO  ratis.OzoneManagerStateMachine (OzoneManagerStateMachine.java:notifyConfigurationChanged(216)) - Received Configuration change notification from Ratis. New Peer list:
[id: "omNode-3"
address: "localhost:15023"
startupRole: FOLLOWER
, id: "omNode-1"
address: "localhost:15015"
startupRole: FOLLOWER
, id: "omNode-2"
address: "localhost:15019"
startupRole: FOLLOWER
]
2024-07-18 11:33:56,103 [grpc-default-executor-3] INFO  impl.SnapshotInstallationHandler (SnapshotInstallationHandler.java:installSnapshot(103)) - omNode-bootstrap-2@group-0AAC5367B30E: reply installSnapshot: omNode-1<-omNode-bootstrap-2#0:FAIL-t1,IN_PROGRESS,snapshotIndex=0
2024-07-18 11:33:56,104 [grpc-default-executor-3] INFO  server.GrpcServerProtocolService (GrpcServerProtocolService.java:onCompleted(157)) - omNode-bootstrap-2: Completed INSTALL_SNAPSHOT, lastRequest: omNode-1->omNode-bootstrap-2#0-t1,notify:(t:1, i:0)
2024-07-18 11:33:56,104 [grpc-default-executor-3] INFO  server.GrpcServerProtocolService (GrpcServerProtocolService.java:lambda$onCompleted$5(159)) - omNode-bootstrap-2: Completed INSTALL_SNAPSHOT, lastReply: null
2024-07-18 11:33:56,105 [grpc-default-executor-5] INFO  impl.SnapshotInstallationHandler (SnapshotInstallationHandler.java:installSnapshot(92)) - omNode-bootstrap-2@group-0AAC5367B30E: receive installSnapshot: omNode-1->omNode-bootstrap-2#0-t1,notify:(t:1, i:0)
2024-07-18 11:33:56,105 [grpc-default-executor-5] INFO  impl.SnapshotInstallationHandler (SnapshotInstallationHandler.java:installSnapshotImpl(138)) - omNode-bootstrap-2@group-0AAC5367B30E: set new configuration configurationEntry {
  peers {
    id: "omNode-3"
    address: "localhost:15023"
    startupRole: FOLLOWER
  }
  peers {
    id: "omNode-1"
    address: "localhost:15015"
    startupRole: FOLLOWER
  }
  peers {
    id: "omNode-2"
    address: "localhost:15019"
    startupRole: FOLLOWER
  }
}
 from snapshot
2024-07-18 11:33:56,105 [grpc-default-executor-5] INFO  server.RaftServer$Division (ServerState.java:setRaftConf(386)) - omNode-bootstrap-2@group-0AAC5367B30E: set configuration conf: {index: 0, cur=peers:[omNode-3|localhost:15023, omNode-1|localhost:15015, omNode-2|localhost:15019]|listeners:[], old=null}
2024-07-18 11:33:56,106 [omNode-bootstrap-2-server-thread1] INFO  server.RaftServer$Division (RaftServerImpl.java:checkInconsistentAppendEntries(1629)) - omNode-bootstrap-2@group-0AAC5367B30E: Failed appendEntries as snapshot (0) installation is in progress
2024-07-18 11:33:56,106 [omNode-bootstrap-2-server-thread1] INFO  server.RaftServer$Division (RaftServerImpl.java:appendEntriesAsync(1584)) - omNode-bootstrap-2@group-0AAC5367B30E: appendEntries* reply omNode-1<-omNode-bootstrap-2#103:FAIL-t1,INCONSISTENCY,nextIndex=0,followerCommit=-1,matchIndex=-1
2024-07-18 11:33:56,107 [grpc-default-executor-5] INFO  ratis.OzoneManagerStateMachine (OzoneManagerStateMachine.java:notifyConfigurationChanged(216)) - Received Configuration change notification from Ratis. New Peer list:
[id: "omNode-3"
address: "localhost:15023"
startupRole: FOLLOWER
, id: "omNode-1"
address: "localhost:15015"
startupRole: FOLLOWER
, id: "omNode-2"
address: "localhost:15019"
startupRole: FOLLOWER
]
2024-07-18 11:33:56,107 [grpc-default-executor-5] INFO  impl.SnapshotInstallationHandler (SnapshotInstallationHandler.java:installSnapshot(103)) - omNode-bootstrap-2@group-0AAC5367B30E: reply installSnapshot: omNode-1<-omNode-bootstrap-2#0:FAIL-t1,IN_PROGRESS,snapshotIndex=0
2024-07-18 11:33:56,107 [grpc-default-executor-5] INFO  server.GrpcServerProtocolService (GrpcServerProtocolService.java:onCompleted(157)) - omNode-bootstrap-2: Completed INSTALL_SNAPSHOT, lastRequest: omNode-1->omNode-bootstrap-2#0-t1,notify:(t:1, i:0)
2024-07-18 11:33:56,107 [grpc-default-executor-5] INFO  server.GrpcServerProtocolService (GrpcServerProtocolService.java:lambda$onCompleted$5(159)) - omNode-bootstrap-2: Completed INSTALL_SNAPSHOT, lastReply: null
2024-07-18 11:33:56,108 [omNode-bootstrap-2-server-thread1] INFO  server.RaftServer$Division (RaftServerImpl.java:checkInconsistentAppendEntries(1629)) - omNode-bootstrap-2@group-0AAC5367B30E: Failed appendEntries as snapshot (0) installation is in progress
2024-07-18 11:33:56,108 [omNode-bootstrap-2-server-thread1] INFO  server.RaftServer$Division (RaftServerImpl.java:appendEntriesAsync(1584)) - omNode-bootstrap-2@group-0AAC5367B30E: appendEntries* reply omNode-1<-omNode-bootstrap-2#104:FAIL-t1,INCONSISTENCY,nextIndex=0,followerCommit=-1,matchIndex=-1
2024-07-18 11:33:56,109 [grpc-default-executor-5] INFO  impl.SnapshotInstallationHandler (SnapshotInstallationHandler.java:installSnapshot(92)) - omNode-bootstrap-2@group-0AAC5367B30E: receive installSnapshot: omNode-1->omNode-bootstrap-2#0-t1,notify:(t:1, i:0)
2024-07-18 11:33:56,109 [grpc-default-executor-5] INFO  impl.SnapshotInstallationHandler (SnapshotInstallationHandler.java:installSnapshotImpl(138)) - omNode-bootstrap-2@group-0AAC5367B30E: set new configuration configurationEntry {
  peers {
    id: "omNode-3"
    address: "localhost:15023"
    startupRole: FOLLOWER
  }
  peers {
    id: "omNode-1"
    address: "localhost:15015"
    startupRole: FOLLOWER
  }
  peers {
    id: "omNode-2"
    address: "localhost:15019"
    startupRole: FOLLOWER
  }
}
 from snapshot
2024-07-18 11:33:56,110 [grpc-default-executor-5] INFO  server.RaftServer$Division (ServerState.java:setRaftConf(386)) - omNode-bootstrap-2@group-0AAC5367B30E: set configuration conf: {index: 0, cur=peers:[omNode-3|localhost:15023, omNode-1|localhost:15015, omNode-2|localhost:15019]|listeners:[], old=null}
2024-07-18 11:33:56,111 [grpc-default-executor-5] INFO  ratis.OzoneManagerStateMachine (OzoneManagerStateMachine.java:notifyConfigurationChanged(216)) - Received Configuration change notification from Ratis. New Peer list:
[id: "omNode-3"
address: "localhost:15023"
startupRole: FOLLOWER
, id: "omNode-1"
address: "localhost:15015"
startupRole: FOLLOWER
, id: "omNode-2"
address: "localhost:15019"
startupRole: FOLLOWER
]
2024-07-18 11:33:56,111 [grpc-default-executor-5] INFO  impl.SnapshotInstallationHandler (SnapshotInstallationHandler.java:installSnapshot(103)) - omNode-bootstrap-2@group-0AAC5367B30E: reply installSnapshot: omNode-1<-omNode-bootstrap-2#0:FAIL-t1,IN_PROGRESS,snapshotIndex=0
2024-07-18 11:33:56,112 [grpc-default-executor-5] INFO  server.GrpcServerProtocolService (GrpcServerProtocolService.java:onCompleted(157)) - omNode-bootstrap-2: Completed INSTALL_SNAPSHOT, lastRequest: omNode-1->omNode-bootstrap-2#0-t1,notify:(t:1, i:0)
2024-07-18 11:33:56,112 [grpc-default-executor-5] INFO  server.GrpcServerProtocolService (GrpcServerProtocolService.java:lambda$onCompleted$5(159)) - omNode-bootstrap-2: Completed INSTALL_SNAPSHOT, lastReply: null
2024-07-18 11:33:56,113 [omNode-bootstrap-2-server-thread1] INFO  server.RaftServer$Division (RaftServerImpl.java:checkInconsistentAppendEntries(1629)) - omNode-bootstrap-2@group-0AAC5367B30E: Failed appendEntries as snapshot (0) installation is in progress
2024-07-18 11:33:56,113 [omNode-bootstrap-2-server-thread1] INFO  server.RaftServer$Division (RaftServerImpl.java:appendEntriesAsync(1584)) - omNode-bootstrap-2@group-0AAC5367B30E: appendEntries* reply omNode-1<-omNode-bootstrap-2#105:FAIL-t1,INCONSISTENCY,nextIndex=0,followerCommit=-1,matchIndex=-1
2024-07-18 11:33:56,114 [grpc-default-executor-0] INFO  impl.SnapshotInstallationHandler (SnapshotInstallationHandler.java:installSnapshot(92)) - omNode-bootstrap-2@group-0AAC5367B30E: receive installSnapshot: omNode-1->omNode-bootstrap-2#0-t1,notify:(t:1, i:0)
2024-07-18 11:33:56,114 [grpc-default-executor-0] INFO  impl.SnapshotInstallationHandler (SnapshotInstallationHandler.java:installSnapshotImpl(138)) - omNode-bootstrap-2@group-0AAC5367B30E: set new configuration configurationEntry {
  peers {
    id: "omNode-3"
    address: "localhost:15023"
    startupRole: FOLLOWER
  }
  peers {
    id: "omNode-1"
    address: "localhost:15015"
    startupRole: FOLLOWER
  }
  peers {
    id: "omNode-2"
    address: "localhost:15019"
    startupRole: FOLLOWER
  }
}
 from snapshot
2024-07-18 11:33:56,114 [grpc-default-executor-0] INFO  server.RaftServer$Division (ServerState.java:setRaftConf(386)) - omNode-bootstrap-2@group-0AAC5367B30E: set configuration conf: {index: 0, cur=peers:[omNode-3|localhost:15023, omNode-1|localhost:15015, omNode-2|localhost:15019]|listeners:[], old=null}
2024-07-18 11:33:56,116 [grpc-default-executor-0] INFO  ratis.OzoneManagerStateMachine (OzoneManagerStateMachine.java:notifyConfigurationChanged(216)) - Received Configuration change notification from Ratis. New Peer list:
[id: "omNode-3"
address: "localhost:15023"
startupRole: FOLLOWER
, id: "omNode-1"
address: "localhost:15015"
startupRole: FOLLOWER
, id: "omNode-2"
address: "localhost:15019"
startupRole: FOLLOWER
]
2024-07-18 11:33:56,116 [grpc-default-executor-0] INFO  impl.SnapshotInstallationHandler (SnapshotInstallationHandler.java:installSnapshot(103)) - omNode-bootstrap-2@group-0AAC5367B30E: reply installSnapshot: omNode-1<-omNode-bootstrap-2#0:FAIL-t1,IN_PROGRESS,snapshotIndex=0
2024-07-18 11:33:56,116 [grpc-default-executor-0] INFO  server.GrpcServerProtocolService (GrpcServerProtocolService.java:onCompleted(157)) - omNode-bootstrap-2: Completed INSTALL_SNAPSHOT, lastRequest: omNode-1->omNode-bootstrap-2#0-t1,notify:(t:1, i:0)
2024-07-18 11:33:56,116 [grpc-default-executor-0] INFO  server.GrpcServerProtocolService (GrpcServerProtocolService.java:lambda$onCompleted$5(159)) - omNode-bootstrap-2: Completed INSTALL_SNAPSHOT, lastReply: null
2024-07-18 11:33:56,117 [omNode-bootstrap-2-server-thread1] INFO  server.RaftServer$Division (RaftServerImpl.java:checkInconsistentAppendEntries(1629)) - omNode-bootstrap-2@group-0AAC5367B30E: Failed appendEntries as snapshot (0) installation is in progress
2024-07-18 11:33:56,117 [omNode-bootstrap-2-server-thread1] INFO  server.RaftServer$Division (RaftServerImpl.java:appendEntriesAsync(1584)) - omNode-bootstrap-2@group-0AAC5367B30E: appendEntries* reply omNode-1<-omNode-bootstrap-2#106:FAIL-t1,INCONSISTENCY,nextIndex=0,followerCommit=-1,matchIndex=-1
2024-07-18 11:33:56,118 [grpc-default-executor-0] INFO  impl.SnapshotInstallationHandler (SnapshotInstallationHandler.java:installSnapshot(92)) - omNode-bootstrap-2@group-0AAC5367B30E: receive installSnapshot: omNode-1->omNode-bootstrap-2#0-t1,notify:(t:1, i:0)
2024-07-18 11:33:56,119 [grpc-default-executor-0] INFO  impl.SnapshotInstallationHandler (SnapshotInstallationHandler.java:installSnapshotImpl(138)) - omNode-bootstrap-2@group-0AAC5367B30E: set new configuration configurationEntry {
  peers {
    id: "omNode-3"
    address: "localhost:15023"
    startupRole: FOLLOWER
  }
  peers {
    id: "omNode-1"
    address: "localhost:15015"
    startupRole: FOLLOWER
  }
  peers {
    id: "omNode-2"
    address: "localhost:15019"
    startupRole: FOLLOWER
  }
}
 from snapshot
2024-07-18 11:33:56,119 [grpc-default-executor-0] INFO  server.RaftServer$Division (ServerState.java:setRaftConf(386)) - omNode-bootstrap-2@group-0AAC5367B30E: set configuration conf: {index: 0, cur=peers:[omNode-3|localhost:15023, omNode-1|localhost:15015, omNode-2|localhost:15019]|listeners:[], old=null}
2024-07-18 11:33:56,120 [grpc-default-executor-0] INFO  ratis.OzoneManagerStateMachine (OzoneManagerStateMachine.java:notifyConfigurationChanged(216)) - Received Configuration change notification from Ratis. New Peer list:
[id: "omNode-3"
address: "localhost:15023"
startupRole: FOLLOWER
, id: "omNode-1"
address: "localhost:15015"
startupRole: FOLLOWER
, id: "omNode-2"
address: "localhost:15019"
startupRole: FOLLOWER
]
2024-07-18 11:33:56,120 [grpc-default-executor-0] INFO  impl.SnapshotInstallationHandler (SnapshotInstallationHandler.java:installSnapshot(103)) - omNode-bootstrap-2@group-0AAC5367B30E: reply installSnapshot: omNode-1<-omNode-bootstrap-2#0:FAIL-t1,IN_PROGRESS,snapshotIndex=0
2024-07-18 11:33:56,121 [grpc-default-executor-0] INFO  server.GrpcServerProtocolService (GrpcServerProtocolService.java:onCompleted(157)) - omNode-bootstrap-2: Completed INSTALL_SNAPSHOT, lastRequest: omNode-1->omNode-bootstrap-2#0-t1,notify:(t:1, i:0)
2024-07-18 11:33:56,121 [grpc-default-executor-0] INFO  server.GrpcServerProtocolService (GrpcServerProtocolService.java:lambda$onCompleted$5(159)) - omNode-bootstrap-2: Completed INSTALL_SNAPSHOT, lastReply: null
2024-07-18 11:33:56,122 [omNode-bootstrap-2-server-thread1] INFO  server.RaftServer$Division (RaftServerImpl.java:checkInconsistentAppendEntries(1629)) - omNode-bootstrap-2@group-0AAC5367B30E: Failed appendEntries as snapshot (0) installation is in progress
2024-07-18 11:33:56,122 [omNode-bootstrap-2-server-thread1] INFO  server.RaftServer$Division (RaftServerImpl.java:appendEntriesAsync(1584)) - omNode-bootstrap-2@group-0AAC5367B30E: appendEntries* reply omNode-1<-omNode-bootstrap-2#107:FAIL-t1,INCONSISTENCY,nextIndex=0,followerCommit=-1,matchIndex=-1
2024-07-18 11:33:56,123 [grpc-default-executor-0] INFO  impl.SnapshotInstallationHandler (SnapshotInstallationHandler.java:installSnapshot(92)) - omNode-bootstrap-2@group-0AAC5367B30E: receive installSnapshot: omNode-1->omNode-bootstrap-2#0-t1,notify:(t:1, i:0)
2024-07-18 11:33:56,123 [grpc-default-executor-0] INFO  impl.SnapshotInstallationHandler (SnapshotInstallationHandler.java:installSnapshotImpl(138)) - omNode-bootstrap-2@group-0AAC5367B30E: set new configuration configurationEntry {
  peers {
    id: "omNode-3"
    address: "localhost:15023"
    startupRole: FOLLOWER
  }
  peers {
    id: "omNode-1"
    address: "localhost:15015"
    startupRole: FOLLOWER
  }
  peers {
    id: "omNode-2"
    address: "localhost:15019"
    startupRole: FOLLOWER
  }
}
 from snapshot
2024-07-18 11:33:56,124 [grpc-default-executor-0] INFO  server.RaftServer$Division (ServerState.java:setRaftConf(386)) - omNode-bootstrap-2@group-0AAC5367B30E: set configuration conf: {index: 0, cur=peers:[omNode-3|localhost:15023, omNode-1|localhost:15015, omNode-2|localhost:15019]|listeners:[], old=null}
2024-07-18 11:33:56,126 [grpc-default-executor-0] INFO  ratis.OzoneManagerStateMachine (OzoneManagerStateMachine.java:notifyConfigurationChanged(216)) - Received Configuration change notification from Ratis. New Peer list:
[id: "omNode-3"
address: "localhost:15023"
startupRole: FOLLOWER
, id: "omNode-1"
address: "localhost:15015"
startupRole: FOLLOWER
, id: "omNode-2"
address: "localhost:15019"
startupRole: FOLLOWER
]
2024-07-18 11:33:56,126 [grpc-default-executor-0] INFO  impl.SnapshotInstallationHandler (SnapshotInstallationHandler.java:installSnapshot(103)) - omNode-bootstrap-2@group-0AAC5367B30E: reply installSnapshot: omNode-1<-omNode-bootstrap-2#0:FAIL-t1,IN_PROGRESS,snapshotIndex=0
2024-07-18 11:33:56,127 [grpc-default-executor-0] INFO  server.GrpcServerProtocolService (GrpcServerProtocolService.java:onCompleted(157)) - omNode-bootstrap-2: Completed INSTALL_SNAPSHOT, lastRequest: omNode-1->omNode-bootstrap-2#0-t1,notify:(t:1, i:0)
2024-07-18 11:33:56,127 [grpc-default-executor-0] INFO  server.GrpcServerProtocolService (GrpcServerProtocolService.java:lambda$onCompleted$5(159)) - omNode-bootstrap-2: Completed INSTALL_SNAPSHOT, lastReply: null
2024-07-18 11:33:56,128 [omNode-bootstrap-2-server-thread1] INFO  server.RaftServer$Division (RaftServerImpl.java:checkInconsistentAppendEntries(1629)) - omNode-bootstrap-2@group-0AAC5367B30E: Failed appendEntries as snapshot (0) installation is in progress
2024-07-18 11:33:56,128 [omNode-bootstrap-2-server-thread1] INFO  server.RaftServer$Division (RaftServerImpl.java:appendEntriesAsync(1584)) - omNode-bootstrap-2@group-0AAC5367B30E: appendEntries* reply omNode-1<-omNode-bootstrap-2#108:FAIL-t1,INCONSISTENCY,nextIndex=0,followerCommit=-1,matchIndex=-1
2024-07-18 11:33:56,129 [grpc-default-executor-3] INFO  impl.SnapshotInstallationHandler (SnapshotInstallationHandler.java:installSnapshot(92)) - omNode-bootstrap-2@group-0AAC5367B30E: receive installSnapshot: omNode-1->omNode-bootstrap-2#0-t1,notify:(t:1, i:0)
2024-07-18 11:33:56,129 [grpc-default-executor-3] INFO  impl.SnapshotInstallationHandler (SnapshotInstallationHandler.java:installSnapshotImpl(138)) - omNode-bootstrap-2@group-0AAC5367B30E: set new configuration configurationEntry {
  peers {
    id: "omNode-3"
    address: "localhost:15023"
    startupRole: FOLLOWER
  }
  peers {
    id: "omNode-1"
    address: "localhost:15015"
    startupRole: FOLLOWER
  }
  peers {
    id: "omNode-2"
    address: "localhost:15019"
    startupRole: FOLLOWER
  }
}
 from snapshot
2024-07-18 11:33:56,129 [grpc-default-executor-3] INFO  server.RaftServer$Division (ServerState.java:setRaftConf(386)) - omNode-bootstrap-2@group-0AAC5367B30E: set configuration conf: {index: 0, cur=peers:[omNode-3|localhost:15023, omNode-1|localhost:15015, omNode-2|localhost:15019]|listeners:[], old=null}
2024-07-18 11:33:56,131 [grpc-default-executor-3] INFO  ratis.OzoneManagerStateMachine (OzoneManagerStateMachine.java:notifyConfigurationChanged(216)) - Received Configuration change notification from Ratis. New Peer list:
[id: "omNode-3"
address: "localhost:15023"
startupRole: FOLLOWER
, id: "omNode-1"
address: "localhost:15015"
startupRole: FOLLOWER
, id: "omNode-2"
address: "localhost:15019"
startupRole: FOLLOWER
]
2024-07-18 11:33:56,131 [grpc-default-executor-3] INFO  impl.SnapshotInstallationHandler (SnapshotInstallationHandler.java:installSnapshot(103)) - omNode-bootstrap-2@group-0AAC5367B30E: reply installSnapshot: omNode-1<-omNode-bootstrap-2#0:FAIL-t1,IN_PROGRESS,snapshotIndex=0
2024-07-18 11:33:56,131 [grpc-default-executor-3] INFO  server.GrpcServerProtocolService (GrpcServerProtocolService.java:onCompleted(157)) - omNode-bootstrap-2: Completed INSTALL_SNAPSHOT, lastRequest: omNode-1->omNode-bootstrap-2#0-t1,notify:(t:1, i:0)
2024-07-18 11:33:56,131 [grpc-default-executor-3] INFO  server.GrpcServerProtocolService (GrpcServerProtocolService.java:lambda$onCompleted$5(159)) - omNode-bootstrap-2: Completed INSTALL_SNAPSHOT, lastReply: null
2024-07-18 11:33:56,132 [grpc-default-executor-5] INFO  impl.SnapshotInstallationHandler (SnapshotInstallationHandler.java:installSnapshot(92)) - omNode-bootstrap-2@group-0AAC5367B30E: receive installSnapshot: omNode-1->omNode-bootstrap-2#0-t1,notify:(t:1, i:0)
2024-07-18 11:33:56,133 [grpc-default-executor-5] INFO  impl.SnapshotInstallationHandler (SnapshotInstallationHandler.java:installSnapshotImpl(138)) - omNode-bootstrap-2@group-0AAC5367B30E: set new configuration configurationEntry {
  peers {
    id: "omNode-3"
    address: "localhost:15023"
    startupRole: FOLLOWER
  }
  peers {
    id: "omNode-1"
    address: "localhost:15015"
    startupRole: FOLLOWER
  }
  peers {
    id: "omNode-2"
    address: "localhost:15019"
    startupRole: FOLLOWER
  }
}
 from snapshot
2024-07-18 11:33:56,133 [grpc-default-executor-5] INFO  server.RaftServer$Division (ServerState.java:setRaftConf(386)) - omNode-bootstrap-2@group-0AAC5367B30E: set configuration conf: {index: 0, cur=peers:[omNode-3|localhost:15023, omNode-1|localhost:15015, omNode-2|localhost:15019]|listeners:[], old=null}
2024-07-18 11:33:56,133 [omNode-bootstrap-2-server-thread1] INFO  server.RaftServer$Division (RaftServerImpl.java:checkInconsistentAppendEntries(1629)) - omNode-bootstrap-2@group-0AAC5367B30E: Failed appendEntries as snapshot (0) installation is in progress
2024-07-18 11:33:56,134 [omNode-bootstrap-2-server-thread1] INFO  server.RaftServer$Division (RaftServerImpl.java:appendEntriesAsync(1584)) - omNode-bootstrap-2@group-0AAC5367B30E: appendEntries* reply omNode-1<-omNode-bootstrap-2#109:FAIL-t1,INCONSISTENCY,nextIndex=0,followerCommit=-1,matchIndex=-1
2024-07-18 11:33:56,134 [grpc-default-executor-5] INFO  ratis.OzoneManagerStateMachine (OzoneManagerStateMachine.java:notifyConfigurationChanged(216)) - Received Configuration change notification from Ratis. New Peer list:
[id: "omNode-3"
address: "localhost:15023"
startupRole: FOLLOWER
, id: "omNode-1"
address: "localhost:15015"
startupRole: FOLLOWER
, id: "omNode-2"
address: "localhost:15019"
startupRole: FOLLOWER
]
2024-07-18 11:33:56,134 [grpc-default-executor-5] INFO  impl.SnapshotInstallationHandler (SnapshotInstallationHandler.java:installSnapshot(103)) - omNode-bootstrap-2@group-0AAC5367B30E: reply installSnapshot: omNode-1<-omNode-bootstrap-2#0:FAIL-t1,IN_PROGRESS,snapshotIndex=0
2024-07-18 11:33:56,134 [grpc-default-executor-5] INFO  server.GrpcServerProtocolService (GrpcServerProtocolService.java:onCompleted(157)) - omNode-bootstrap-2: Completed INSTALL_SNAPSHOT, lastRequest: omNode-1->omNode-bootstrap-2#0-t1,notify:(t:1, i:0)
2024-07-18 11:33:56,134 [grpc-default-executor-5] INFO  server.GrpcServerProtocolService (GrpcServerProtocolService.java:lambda$onCompleted$5(159)) - omNode-bootstrap-2: Completed INSTALL_SNAPSHOT, lastReply: null
2024-07-18 11:33:56,136 [omNode-bootstrap-2-server-thread1] INFO  server.RaftServer$Division (RaftServerImpl.java:checkInconsistentAppendEntries(1629)) - omNode-bootstrap-2@group-0AAC5367B30E: Failed appendEntries as snapshot (0) installation is in progress
2024-07-18 11:33:56,136 [omNode-bootstrap-2-server-thread1] INFO  server.RaftServer$Division (RaftServerImpl.java:appendEntriesAsync(1584)) - omNode-bootstrap-2@group-0AAC5367B30E: appendEntries* reply omNode-1<-omNode-bootstrap-2#110:FAIL-t1,INCONSISTENCY,nextIndex=0,followerCommit=-1,matchIndex=-1
2024-07-18 11:33:56,136 [grpc-default-executor-3] INFO  impl.SnapshotInstallationHandler (SnapshotInstallationHandler.java:installSnapshot(92)) - omNode-bootstrap-2@group-0AAC5367B30E: receive installSnapshot: omNode-1->omNode-bootstrap-2#0-t1,notify:(t:1, i:0)
2024-07-18 11:33:56,136 [grpc-default-executor-3] INFO  impl.SnapshotInstallationHandler (SnapshotInstallationHandler.java:installSnapshotImpl(138)) - omNode-bootstrap-2@group-0AAC5367B30E: set new configuration configurationEntry {
  peers {
    id: "omNode-3"
    address: "localhost:15023"
    startupRole: FOLLOWER
  }
  peers {
    id: "omNode-1"
    address: "localhost:15015"
    startupRole: FOLLOWER
  }
  peers {
    id: "omNode-2"
    address: "localhost:15019"
    startupRole: FOLLOWER
  }
}
 from snapshot
2024-07-18 11:33:56,137 [grpc-default-executor-3] INFO  server.RaftServer$Division (ServerState.java:setRaftConf(386)) - omNode-bootstrap-2@group-0AAC5367B30E: set configuration conf: {index: 0, cur=peers:[omNode-3|localhost:15023, omNode-1|localhost:15015, omNode-2|localhost:15019]|listeners:[], old=null}
2024-07-18 11:33:56,138 [grpc-default-executor-3] INFO  ratis.OzoneManagerStateMachine (OzoneManagerStateMachine.java:notifyConfigurationChanged(216)) - Received Configuration change notification from Ratis. New Peer list:
[id: "omNode-3"
address: "localhost:15023"
startupRole: FOLLOWER
, id: "omNode-1"
address: "localhost:15015"
startupRole: FOLLOWER
, id: "omNode-2"
address: "localhost:15019"
startupRole: FOLLOWER
]
2024-07-18 11:33:56,138 [grpc-default-executor-3] INFO  impl.SnapshotInstallationHandler (SnapshotInstallationHandler.java:installSnapshot(103)) - omNode-bootstrap-2@group-0AAC5367B30E: reply installSnapshot: omNode-1<-omNode-bootstrap-2#0:FAIL-t1,IN_PROGRESS,snapshotIndex=0
2024-07-18 11:33:56,138 [grpc-default-executor-3] INFO  server.GrpcServerProtocolService (GrpcServerProtocolService.java:onCompleted(157)) - omNode-bootstrap-2: Completed INSTALL_SNAPSHOT, lastRequest: omNode-1->omNode-bootstrap-2#0-t1,notify:(t:1, i:0)
2024-07-18 11:33:56,138 [grpc-default-executor-3] INFO  server.GrpcServerProtocolService (GrpcServerProtocolService.java:lambda$onCompleted$5(159)) - omNode-bootstrap-2: Completed INSTALL_SNAPSHOT, lastReply: null
2024-07-18 11:33:56,139 [grpc-default-executor-5] INFO  impl.SnapshotInstallationHandler (SnapshotInstallationHandler.java:installSnapshot(92)) - omNode-bootstrap-2@group-0AAC5367B30E: receive installSnapshot: omNode-1->omNode-bootstrap-2#0-t1,notify:(t:1, i:0)
2024-07-18 11:33:56,140 [grpc-default-executor-5] INFO  impl.SnapshotInstallationHandler (SnapshotInstallationHandler.java:installSnapshotImpl(138)) - omNode-bootstrap-2@group-0AAC5367B30E: set new configuration configurationEntry {
  peers {
    id: "omNode-3"
    address: "localhost:15023"
    startupRole: FOLLOWER
  }
  peers {
    id: "omNode-1"
    address: "localhost:15015"
    startupRole: FOLLOWER
  }
  peers {
    id: "omNode-2"
    address: "localhost:15019"
    startupRole: FOLLOWER
  }
}
 from snapshot
2024-07-18 11:33:56,140 [grpc-default-executor-5] INFO  server.RaftServer$Division (ServerState.java:setRaftConf(386)) - omNode-bootstrap-2@group-0AAC5367B30E: set configuration conf: {index: 0, cur=peers:[omNode-3|localhost:15023, omNode-1|localhost:15015, omNode-2|localhost:15019]|listeners:[], old=null}
2024-07-18 11:33:56,140 [omNode-bootstrap-2-server-thread1] INFO  server.RaftServer$Division (RaftServerImpl.java:checkInconsistentAppendEntries(1629)) - omNode-bootstrap-2@group-0AAC5367B30E: Failed appendEntries as snapshot (0) installation is in progress
2024-07-18 11:33:56,140 [omNode-bootstrap-2-server-thread1] INFO  server.RaftServer$Division (RaftServerImpl.java:appendEntriesAsync(1584)) - omNode-bootstrap-2@group-0AAC5367B30E: appendEntries* reply omNode-1<-omNode-bootstrap-2#111:FAIL-t1,INCONSISTENCY,nextIndex=0,followerCommit=-1,matchIndex=-1
2024-07-18 11:33:56,141 [grpc-default-executor-5] INFO  ratis.OzoneManagerStateMachine (OzoneManagerStateMachine.java:notifyConfigurationChanged(216)) - Received Configuration change notification from Ratis. New Peer list:
[id: "omNode-3"
address: "localhost:15023"
startupRole: FOLLOWER
, id: "omNode-1"
address: "localhost:15015"
startupRole: FOLLOWER
, id: "omNode-2"
address: "localhost:15019"
startupRole: FOLLOWER
]
2024-07-18 11:33:56,141 [grpc-default-executor-5] INFO  impl.SnapshotInstallationHandler (SnapshotInstallationHandler.java:installSnapshot(103)) - omNode-bootstrap-2@group-0AAC5367B30E: reply installSnapshot: omNode-1<-omNode-bootstrap-2#0:FAIL-t1,IN_PROGRESS,snapshotIndex=0
2024-07-18 11:33:56,141 [grpc-default-executor-5] INFO  server.GrpcServerProtocolService (GrpcServerProtocolService.java:onCompleted(157)) - omNode-bootstrap-2: Completed INSTALL_SNAPSHOT, lastRequest: omNode-1->omNode-bootstrap-2#0-t1,notify:(t:1, i:0)
2024-07-18 11:33:56,141 [grpc-default-executor-5] INFO  server.GrpcServerProtocolService (GrpcServerProtocolService.java:lambda$onCompleted$5(159)) - omNode-bootstrap-2: Completed INSTALL_SNAPSHOT, lastReply: null
2024-07-18 11:33:56,143 [grpc-default-executor-1] INFO  impl.SnapshotInstallationHandler (SnapshotInstallationHandler.java:installSnapshot(92)) - omNode-bootstrap-2@group-0AAC5367B30E: receive installSnapshot: omNode-1->omNode-bootstrap-2#0-t1,notify:(t:1, i:0)
2024-07-18 11:33:56,143 [grpc-default-executor-1] INFO  impl.SnapshotInstallationHandler (SnapshotInstallationHandler.java:installSnapshotImpl(138)) - omNode-bootstrap-2@group-0AAC5367B30E: set new configuration configurationEntry {
  peers {
    id: "omNode-3"
    address: "localhost:15023"
    startupRole: FOLLOWER
  }
  peers {
    id: "omNode-1"
    address: "localhost:15015"
    startupRole: FOLLOWER
  }
  peers {
    id: "omNode-2"
    address: "localhost:15019"
    startupRole: FOLLOWER
  }
}
 from snapshot
2024-07-18 11:33:56,143 [omNode-bootstrap-2-server-thread1] INFO  server.RaftServer$Division (RaftServerImpl.java:checkInconsistentAppendEntries(1629)) - omNode-bootstrap-2@group-0AAC5367B30E: Failed appendEntries as snapshot (0) installation is in progress
2024-07-18 11:33:56,143 [grpc-default-executor-1] INFO  server.RaftServer$Division (ServerState.java:setRaftConf(386)) - omNode-bootstrap-2@group-0AAC5367B30E: set configuration conf: {index: 0, cur=peers:[omNode-3|localhost:15023, omNode-1|localhost:15015, omNode-2|localhost:15019]|listeners:[], old=null}
2024-07-18 11:33:56,143 [omNode-bootstrap-2-server-thread1] INFO  server.RaftServer$Division (RaftServerImpl.java:appendEntriesAsync(1584)) - omNode-bootstrap-2@group-0AAC5367B30E: appendEntries* reply omNode-1<-omNode-bootstrap-2#112:FAIL-t1,INCONSISTENCY,nextIndex=0,followerCommit=-1,matchIndex=-1
2024-07-18 11:33:56,145 [grpc-default-executor-1] INFO  ratis.OzoneManagerStateMachine (OzoneManagerStateMachine.java:notifyConfigurationChanged(216)) - Received Configuration change notification from Ratis. New Peer list:
[id: "omNode-3"
address: "localhost:15023"
startupRole: FOLLOWER
, id: "omNode-1"
address: "localhost:15015"
startupRole: FOLLOWER
, id: "omNode-2"
address: "localhost:15019"
startupRole: FOLLOWER
]
2024-07-18 11:33:56,145 [grpc-default-executor-1] INFO  impl.SnapshotInstallationHandler (SnapshotInstallationHandler.java:installSnapshot(103)) - omNode-bootstrap-2@group-0AAC5367B30E: reply installSnapshot: omNode-1<-omNode-bootstrap-2#0:FAIL-t1,IN_PROGRESS,snapshotIndex=0
2024-07-18 11:33:56,145 [grpc-default-executor-1] INFO  server.GrpcServerProtocolService (GrpcServerProtocolService.java:onCompleted(157)) - omNode-bootstrap-2: Completed INSTALL_SNAPSHOT, lastRequest: omNode-1->omNode-bootstrap-2#0-t1,notify:(t:1, i:0)
2024-07-18 11:33:56,145 [grpc-default-executor-1] INFO  server.GrpcServerProtocolService (GrpcServerProtocolService.java:lambda$onCompleted$5(159)) - omNode-bootstrap-2: Completed INSTALL_SNAPSHOT, lastReply: null
2024-07-18 11:33:56,146 [omNode-bootstrap-2-server-thread1] INFO  server.RaftServer$Division (RaftServerImpl.java:checkInconsistentAppendEntries(1629)) - omNode-bootstrap-2@group-0AAC5367B30E: Failed appendEntries as snapshot (0) installation is in progress
2024-07-18 11:33:56,146 [omNode-bootstrap-2-server-thread1] INFO  server.RaftServer$Division (RaftServerImpl.java:appendEntriesAsync(1584)) - omNode-bootstrap-2@group-0AAC5367B30E: appendEntries* reply omNode-1<-omNode-bootstrap-2#113:FAIL-t1,INCONSISTENCY,nextIndex=0,followerCommit=-1,matchIndex=-1
2024-07-18 11:33:56,147 [grpc-default-executor-3] INFO  impl.SnapshotInstallationHandler (SnapshotInstallationHandler.java:installSnapshot(92)) - omNode-bootstrap-2@group-0AAC5367B30E: receive installSnapshot: omNode-1->omNode-bootstrap-2#0-t1,notify:(t:1, i:0)
2024-07-18 11:33:56,147 [grpc-default-executor-3] INFO  impl.SnapshotInstallationHandler (SnapshotInstallationHandler.java:installSnapshotImpl(138)) - omNode-bootstrap-2@group-0AAC5367B30E: set new configuration configurationEntry {
  peers {
    id: "omNode-3"
    address: "localhost:15023"
    startupRole: FOLLOWER
  }
  peers {
    id: "omNode-1"
    address: "localhost:15015"
    startupRole: FOLLOWER
  }
  peers {
    id: "omNode-2"
    address: "localhost:15019"
    startupRole: FOLLOWER
  }
}
 from snapshot
2024-07-18 11:33:56,147 [grpc-default-executor-3] INFO  server.RaftServer$Division (ServerState.java:setRaftConf(386)) - omNode-bootstrap-2@group-0AAC5367B30E: set configuration conf: {index: 0, cur=peers:[omNode-3|localhost:15023, omNode-1|localhost:15015, omNode-2|localhost:15019]|listeners:[], old=null}
2024-07-18 11:33:56,148 [grpc-default-executor-3] INFO  ratis.OzoneManagerStateMachine (OzoneManagerStateMachine.java:notifyConfigurationChanged(216)) - Received Configuration change notification from Ratis. New Peer list:
[id: "omNode-3"
address: "localhost:15023"
startupRole: FOLLOWER
, id: "omNode-1"
address: "localhost:15015"
startupRole: FOLLOWER
, id: "omNode-2"
address: "localhost:15019"
startupRole: FOLLOWER
]
2024-07-18 11:33:56,148 [grpc-default-executor-3] INFO  impl.SnapshotInstallationHandler (SnapshotInstallationHandler.java:installSnapshot(103)) - omNode-bootstrap-2@group-0AAC5367B30E: reply installSnapshot: omNode-1<-omNode-bootstrap-2#0:FAIL-t1,IN_PROGRESS,snapshotIndex=0
2024-07-18 11:33:56,149 [grpc-default-executor-3] INFO  server.GrpcServerProtocolService (GrpcServerProtocolService.java:onCompleted(157)) - omNode-bootstrap-2: Completed INSTALL_SNAPSHOT, lastRequest: omNode-1->omNode-bootstrap-2#0-t1,notify:(t:1, i:0)
2024-07-18 11:33:56,149 [grpc-default-executor-3] INFO  server.GrpcServerProtocolService (GrpcServerProtocolService.java:lambda$onCompleted$5(159)) - omNode-bootstrap-2: Completed INSTALL_SNAPSHOT, lastReply: null
2024-07-18 11:33:56,150 [omNode-bootstrap-2-server-thread1] INFO  server.RaftServer$Division (RaftServerImpl.java:checkInconsistentAppendEntries(1629)) - omNode-bootstrap-2@group-0AAC5367B30E: Failed appendEntries as snapshot (0) installation is in progress
2024-07-18 11:33:56,150 [omNode-bootstrap-2-server-thread1] INFO  server.RaftServer$Division (RaftServerImpl.java:appendEntriesAsync(1584)) - omNode-bootstrap-2@group-0AAC5367B30E: appendEntries* reply omNode-1<-omNode-bootstrap-2#114:FAIL-t1,INCONSISTENCY,nextIndex=0,followerCommit=-1,matchIndex=-1
2024-07-18 11:33:56,151 [grpc-default-executor-1] INFO  impl.SnapshotInstallationHandler (SnapshotInstallationHandler.java:installSnapshot(92)) - omNode-bootstrap-2@group-0AAC5367B30E: receive installSnapshot: omNode-1->omNode-bootstrap-2#0-t1,notify:(t:1, i:0)
2024-07-18 11:33:56,151 [grpc-default-executor-1] INFO  impl.SnapshotInstallationHandler (SnapshotInstallationHandler.java:installSnapshotImpl(138)) - omNode-bootstrap-2@group-0AAC5367B30E: set new configuration configurationEntry {
  peers {
    id: "omNode-3"
    address: "localhost:15023"
    startupRole: FOLLOWER
  }
  peers {
    id: "omNode-1"
    address: "localhost:15015"
    startupRole: FOLLOWER
  }
  peers {
    id: "omNode-2"
    address: "localhost:15019"
    startupRole: FOLLOWER
  }
}
 from snapshot
2024-07-18 11:33:56,151 [grpc-default-executor-1] INFO  server.RaftServer$Division (ServerState.java:setRaftConf(386)) - omNode-bootstrap-2@group-0AAC5367B30E: set configuration conf: {index: 0, cur=peers:[omNode-3|localhost:15023, omNode-1|localhost:15015, omNode-2|localhost:15019]|listeners:[], old=null}
2024-07-18 11:33:56,153 [grpc-default-executor-1] INFO  ratis.OzoneManagerStateMachine (OzoneManagerStateMachine.java:notifyConfigurationChanged(216)) - Received Configuration change notification from Ratis. New Peer list:
[id: "omNode-3"
address: "localhost:15023"
startupRole: FOLLOWER
, id: "omNode-1"
address: "localhost:15015"
startupRole: FOLLOWER
, id: "omNode-2"
address: "localhost:15019"
startupRole: FOLLOWER
]
2024-07-18 11:33:56,153 [grpc-default-executor-1] INFO  impl.SnapshotInstallationHandler (SnapshotInstallationHandler.java:installSnapshot(103)) - omNode-bootstrap-2@group-0AAC5367B30E: reply installSnapshot: omNode-1<-omNode-bootstrap-2#0:FAIL-t1,IN_PROGRESS,snapshotIndex=0
2024-07-18 11:33:56,153 [grpc-default-executor-1] INFO  server.GrpcServerProtocolService (GrpcServerProtocolService.java:onCompleted(157)) - omNode-bootstrap-2: Completed INSTALL_SNAPSHOT, lastRequest: omNode-1->omNode-bootstrap-2#0-t1,notify:(t:1, i:0)
2024-07-18 11:33:56,153 [grpc-default-executor-1] INFO  server.GrpcServerProtocolService (GrpcServerProtocolService.java:lambda$onCompleted$5(159)) - omNode-bootstrap-2: Completed INSTALL_SNAPSHOT, lastReply: null
2024-07-18 11:33:56,154 [omNode-bootstrap-2-server-thread1] INFO  server.RaftServer$Division (RaftServerImpl.java:checkInconsistentAppendEntries(1629)) - omNode-bootstrap-2@group-0AAC5367B30E: Failed appendEntries as snapshot (0) installation is in progress
2024-07-18 11:33:56,154 [omNode-bootstrap-2-server-thread1] INFO  server.RaftServer$Division (RaftServerImpl.java:appendEntriesAsync(1584)) - omNode-bootstrap-2@group-0AAC5367B30E: appendEntries* reply omNode-1<-omNode-bootstrap-2#115:FAIL-t1,INCONSISTENCY,nextIndex=0,followerCommit=-1,matchIndex=-1
2024-07-18 11:33:56,156 [grpc-default-executor-3] INFO  impl.SnapshotInstallationHandler (SnapshotInstallationHandler.java:installSnapshot(92)) - omNode-bootstrap-2@group-0AAC5367B30E: receive installSnapshot: omNode-1->omNode-bootstrap-2#0-t1,notify:(t:1, i:0)
2024-07-18 11:33:56,156 [grpc-default-executor-3] INFO  impl.SnapshotInstallationHandler (SnapshotInstallationHandler.java:installSnapshotImpl(138)) - omNode-bootstrap-2@group-0AAC5367B30E: set new configuration configurationEntry {
  peers {
    id: "omNode-3"
    address: "localhost:15023"
    startupRole: FOLLOWER
  }
  peers {
    id: "omNode-1"
    address: "localhost:15015"
    startupRole: FOLLOWER
  }
  peers {
    id: "omNode-2"
    address: "localhost:15019"
    startupRole: FOLLOWER
  }
}
 from snapshot
2024-07-18 11:33:56,156 [grpc-default-executor-3] INFO  server.RaftServer$Division (ServerState.java:setRaftConf(386)) - omNode-bootstrap-2@group-0AAC5367B30E: set configuration conf: {index: 0, cur=peers:[omNode-3|localhost:15023, omNode-1|localhost:15015, omNode-2|localhost:15019]|listeners:[], old=null}
2024-07-18 11:33:56,157 [grpc-default-executor-3] INFO  ratis.OzoneManagerStateMachine (OzoneManagerStateMachine.java:notifyConfigurationChanged(216)) - Received Configuration change notification from Ratis. New Peer list:
[id: "omNode-3"
address: "localhost:15023"
startupRole: FOLLOWER
, id: "omNode-1"
address: "localhost:15015"
startupRole: FOLLOWER
, id: "omNode-2"
address: "localhost:15019"
startupRole: FOLLOWER
]
2024-07-18 11:33:56,157 [grpc-default-executor-3] INFO  impl.SnapshotInstallationHandler (SnapshotInstallationHandler.java:installSnapshot(103)) - omNode-bootstrap-2@group-0AAC5367B30E: reply installSnapshot: omNode-1<-omNode-bootstrap-2#0:FAIL-t1,IN_PROGRESS,snapshotIndex=0
2024-07-18 11:33:56,158 [grpc-default-executor-3] INFO  server.GrpcServerProtocolService (GrpcServerProtocolService.java:onCompleted(157)) - omNode-bootstrap-2: Completed INSTALL_SNAPSHOT, lastRequest: omNode-1->omNode-bootstrap-2#0-t1,notify:(t:1, i:0)
2024-07-18 11:33:56,158 [grpc-default-executor-3] INFO  server.GrpcServerProtocolService (GrpcServerProtocolService.java:lambda$onCompleted$5(159)) - omNode-bootstrap-2: Completed INSTALL_SNAPSHOT, lastReply: null
2024-07-18 11:33:56,159 [grpc-default-executor-1] INFO  impl.SnapshotInstallationHandler (SnapshotInstallationHandler.java:installSnapshot(92)) - omNode-bootstrap-2@group-0AAC5367B30E: receive installSnapshot: omNode-1->omNode-bootstrap-2#0-t1,notify:(t:1, i:0)
2024-07-18 11:33:56,160 [grpc-default-executor-1] INFO  impl.SnapshotInstallationHandler (SnapshotInstallationHandler.java:installSnapshotImpl(138)) - omNode-bootstrap-2@group-0AAC5367B30E: set new configuration configurationEntry {
  peers {
    id: "omNode-3"
    address: "localhost:15023"
    startupRole: FOLLOWER
  }
  peers {
    id: "omNode-1"
    address: "localhost:15015"
    startupRole: FOLLOWER
  }
  peers {
    id: "omNode-2"
    address: "localhost:15019"
    startupRole: FOLLOWER
  }
}
 from snapshot
2024-07-18 11:33:56,160 [grpc-default-executor-1] INFO  server.RaftServer$Division (ServerState.java:setRaftConf(386)) - omNode-bootstrap-2@group-0AAC5367B30E: set configuration conf: {index: 0, cur=peers:[omNode-3|localhost:15023, omNode-1|localhost:15015, omNode-2|localhost:15019]|listeners:[], old=null}
2024-07-18 11:33:56,160 [omNode-bootstrap-2-server-thread1] INFO  server.RaftServer$Division (RaftServerImpl.java:checkInconsistentAppendEntries(1629)) - omNode-bootstrap-2@group-0AAC5367B30E: Failed appendEntries as snapshot (0) installation is in progress
2024-07-18 11:33:56,160 [omNode-bootstrap-2-server-thread1] INFO  server.RaftServer$Division (RaftServerImpl.java:appendEntriesAsync(1584)) - omNode-bootstrap-2@group-0AAC5367B30E: appendEntries* reply omNode-1<-omNode-bootstrap-2#116:FAIL-t1,INCONSISTENCY,nextIndex=0,followerCommit=-1,matchIndex=-1
2024-07-18 11:33:56,161 [grpc-default-executor-1] INFO  ratis.OzoneManagerStateMachine (OzoneManagerStateMachine.java:notifyConfigurationChanged(216)) - Received Configuration change notification from Ratis. New Peer list:
[id: "omNode-3"
address: "localhost:15023"
startupRole: FOLLOWER
, id: "omNode-1"
address: "localhost:15015"
startupRole: FOLLOWER
, id: "omNode-2"
address: "localhost:15019"
startupRole: FOLLOWER
]
2024-07-18 11:33:56,161 [grpc-default-executor-1] INFO  impl.SnapshotInstallationHandler (SnapshotInstallationHandler.java:installSnapshot(103)) - omNode-bootstrap-2@group-0AAC5367B30E: reply installSnapshot: omNode-1<-omNode-bootstrap-2#0:FAIL-t1,IN_PROGRESS,snapshotIndex=0
2024-07-18 11:33:56,161 [grpc-default-executor-1] INFO  server.GrpcServerProtocolService (GrpcServerProtocolService.java:onCompleted(157)) - omNode-bootstrap-2: Completed INSTALL_SNAPSHOT, lastRequest: omNode-1->omNode-bootstrap-2#0-t1,notify:(t:1, i:0)
2024-07-18 11:33:56,161 [grpc-default-executor-1] INFO  server.GrpcServerProtocolService (GrpcServerProtocolService.java:lambda$onCompleted$5(159)) - omNode-bootstrap-2: Completed INSTALL_SNAPSHOT, lastReply: null
2024-07-18 11:33:56,162 [omNode-bootstrap-2-server-thread1] INFO  server.RaftServer$Division (RaftServerImpl.java:checkInconsistentAppendEntries(1629)) - omNode-bootstrap-2@group-0AAC5367B30E: Failed appendEntries as snapshot (0) installation is in progress
2024-07-18 11:33:56,162 [omNode-bootstrap-2-server-thread1] INFO  server.RaftServer$Division (RaftServerImpl.java:appendEntriesAsync(1584)) - omNode-bootstrap-2@group-0AAC5367B30E: appendEntries* reply omNode-1<-omNode-bootstrap-2#117:FAIL-t1,INCONSISTENCY,nextIndex=0,followerCommit=-1,matchIndex=-1
2024-07-18 11:33:56,163 [grpc-default-executor-3] INFO  impl.SnapshotInstallationHandler (SnapshotInstallationHandler.java:installSnapshot(92)) - omNode-bootstrap-2@group-0AAC5367B30E: receive installSnapshot: omNode-1->omNode-bootstrap-2#0-t1,notify:(t:1, i:0)
2024-07-18 11:33:56,163 [grpc-default-executor-3] INFO  impl.SnapshotInstallationHandler (SnapshotInstallationHandler.java:installSnapshotImpl(138)) - omNode-bootstrap-2@group-0AAC5367B30E: set new configuration configurationEntry {
  peers {
    id: "omNode-3"
    address: "localhost:15023"
    startupRole: FOLLOWER
  }
  peers {
    id: "omNode-1"
    address: "localhost:15015"
    startupRole: FOLLOWER
  }
  peers {
    id: "omNode-2"
    address: "localhost:15019"
    startupRole: FOLLOWER
  }
}
 from snapshot
2024-07-18 11:33:56,163 [grpc-default-executor-3] INFO  server.RaftServer$Division (ServerState.java:setRaftConf(386)) - omNode-bootstrap-2@group-0AAC5367B30E: set configuration conf: {index: 0, cur=peers:[omNode-3|localhost:15023, omNode-1|localhost:15015, omNode-2|localhost:15019]|listeners:[], old=null}
2024-07-18 11:33:56,165 [grpc-default-executor-3] INFO  ratis.OzoneManagerStateMachine (OzoneManagerStateMachine.java:notifyConfigurationChanged(216)) - Received Configuration change notification from Ratis. New Peer list:
[id: "omNode-3"
address: "localhost:15023"
startupRole: FOLLOWER
, id: "omNode-1"
address: "localhost:15015"
startupRole: FOLLOWER
, id: "omNode-2"
address: "localhost:15019"
startupRole: FOLLOWER
]
2024-07-18 11:33:56,165 [grpc-default-executor-3] INFO  impl.SnapshotInstallationHandler (SnapshotInstallationHandler.java:installSnapshot(103)) - omNode-bootstrap-2@group-0AAC5367B30E: reply installSnapshot: omNode-1<-omNode-bootstrap-2#0:FAIL-t1,IN_PROGRESS,snapshotIndex=0
2024-07-18 11:33:56,165 [grpc-default-executor-3] INFO  server.GrpcServerProtocolService (GrpcServerProtocolService.java:onCompleted(157)) - omNode-bootstrap-2: Completed INSTALL_SNAPSHOT, lastRequest: omNode-1->omNode-bootstrap-2#0-t1,notify:(t:1, i:0)
2024-07-18 11:33:56,165 [grpc-default-executor-3] INFO  server.GrpcServerProtocolService (GrpcServerProtocolService.java:lambda$onCompleted$5(159)) - omNode-bootstrap-2: Completed INSTALL_SNAPSHOT, lastReply: null
2024-07-18 11:33:56,166 [omNode-bootstrap-2-server-thread1] INFO  server.RaftServer$Division (RaftServerImpl.java:checkInconsistentAppendEntries(1629)) - omNode-bootstrap-2@group-0AAC5367B30E: Failed appendEntries as snapshot (0) installation is in progress
2024-07-18 11:33:56,166 [omNode-bootstrap-2-server-thread1] INFO  server.RaftServer$Division (RaftServerImpl.java:appendEntriesAsync(1584)) - omNode-bootstrap-2@group-0AAC5367B30E: appendEntries* reply omNode-1<-omNode-bootstrap-2#118:FAIL-t1,INCONSISTENCY,nextIndex=0,followerCommit=-1,matchIndex=-1
2024-07-18 11:33:56,167 [grpc-default-executor-0] INFO  impl.SnapshotInstallationHandler (SnapshotInstallationHandler.java:installSnapshot(92)) - omNode-bootstrap-2@group-0AAC5367B30E: receive installSnapshot: omNode-1->omNode-bootstrap-2#0-t1,notify:(t:1, i:0)
2024-07-18 11:33:56,167 [grpc-default-executor-0] INFO  impl.SnapshotInstallationHandler (SnapshotInstallationHandler.java:installSnapshotImpl(138)) - omNode-bootstrap-2@group-0AAC5367B30E: set new configuration configurationEntry {
  peers {
    id: "omNode-3"
    address: "localhost:15023"
    startupRole: FOLLOWER
  }
  peers {
    id: "omNode-1"
    address: "localhost:15015"
    startupRole: FOLLOWER
  }
  peers {
    id: "omNode-2"
    address: "localhost:15019"
    startupRole: FOLLOWER
  }
}
 from snapshot
2024-07-18 11:33:56,167 [grpc-default-executor-0] INFO  server.RaftServer$Division (ServerState.java:setRaftConf(386)) - omNode-bootstrap-2@group-0AAC5367B30E: set configuration conf: {index: 0, cur=peers:[omNode-3|localhost:15023, omNode-1|localhost:15015, omNode-2|localhost:15019]|listeners:[], old=null}
2024-07-18 11:33:56,169 [grpc-default-executor-0] INFO  ratis.OzoneManagerStateMachine (OzoneManagerStateMachine.java:notifyConfigurationChanged(216)) - Received Configuration change notification from Ratis. New Peer list:
[id: "omNode-3"
address: "localhost:15023"
startupRole: FOLLOWER
, id: "omNode-1"
address: "localhost:15015"
startupRole: FOLLOWER
, id: "omNode-2"
address: "localhost:15019"
startupRole: FOLLOWER
]
2024-07-18 11:33:56,169 [grpc-default-executor-0] INFO  impl.SnapshotInstallationHandler (SnapshotInstallationHandler.java:installSnapshot(103)) - omNode-bootstrap-2@group-0AAC5367B30E: reply installSnapshot: omNode-1<-omNode-bootstrap-2#0:FAIL-t1,IN_PROGRESS,snapshotIndex=0
2024-07-18 11:33:56,169 [grpc-default-executor-0] INFO  server.GrpcServerProtocolService (GrpcServerProtocolService.java:onCompleted(157)) - omNode-bootstrap-2: Completed INSTALL_SNAPSHOT, lastRequest: omNode-1->omNode-bootstrap-2#0-t1,notify:(t:1, i:0)
2024-07-18 11:33:56,169 [grpc-default-executor-0] INFO  server.GrpcServerProtocolService (GrpcServerProtocolService.java:lambda$onCompleted$5(159)) - omNode-bootstrap-2: Completed INSTALL_SNAPSHOT, lastReply: null
2024-07-18 11:33:56,170 [omNode-bootstrap-2-server-thread1] INFO  server.RaftServer$Division (RaftServerImpl.java:checkInconsistentAppendEntries(1629)) - omNode-bootstrap-2@group-0AAC5367B30E: Failed appendEntries as snapshot (0) installation is in progress
2024-07-18 11:33:56,170 [omNode-bootstrap-2-server-thread1] INFO  server.RaftServer$Division (RaftServerImpl.java:appendEntriesAsync(1584)) - omNode-bootstrap-2@group-0AAC5367B30E: appendEntries* reply omNode-1<-omNode-bootstrap-2#119:FAIL-t1,INCONSISTENCY,nextIndex=0,followerCommit=-1,matchIndex=-1
2024-07-18 11:33:56,171 [grpc-default-executor-0] INFO  impl.SnapshotInstallationHandler (SnapshotInstallationHandler.java:installSnapshot(92)) - omNode-bootstrap-2@group-0AAC5367B30E: receive installSnapshot: omNode-1->omNode-bootstrap-2#0-t1,notify:(t:1, i:0)
2024-07-18 11:33:56,171 [grpc-default-executor-0] INFO  impl.SnapshotInstallationHandler (SnapshotInstallationHandler.java:installSnapshotImpl(138)) - omNode-bootstrap-2@group-0AAC5367B30E: set new configuration configurationEntry {
  peers {
    id: "omNode-3"
    address: "localhost:15023"
    startupRole: FOLLOWER
  }
  peers {
    id: "omNode-1"
    address: "localhost:15015"
    startupRole: FOLLOWER
  }
  peers {
    id: "omNode-2"
    address: "localhost:15019"
    startupRole: FOLLOWER
  }
}
 from snapshot
2024-07-18 11:33:56,171 [grpc-default-executor-0] INFO  server.RaftServer$Division (ServerState.java:setRaftConf(386)) - omNode-bootstrap-2@group-0AAC5367B30E: set configuration conf: {index: 0, cur=peers:[omNode-3|localhost:15023, omNode-1|localhost:15015, omNode-2|localhost:15019]|listeners:[], old=null}
2024-07-18 11:33:56,172 [grpc-default-executor-0] INFO  ratis.OzoneManagerStateMachine (OzoneManagerStateMachine.java:notifyConfigurationChanged(216)) - Received Configuration change notification from Ratis. New Peer list:
[id: "omNode-3"
address: "localhost:15023"
startupRole: FOLLOWER
, id: "omNode-1"
address: "localhost:15015"
startupRole: FOLLOWER
, id: "omNode-2"
address: "localhost:15019"
startupRole: FOLLOWER
]
2024-07-18 11:33:56,172 [grpc-default-executor-0] INFO  impl.SnapshotInstallationHandler (SnapshotInstallationHandler.java:installSnapshot(103)) - omNode-bootstrap-2@group-0AAC5367B30E: reply installSnapshot: omNode-1<-omNode-bootstrap-2#0:FAIL-t1,IN_PROGRESS,snapshotIndex=0
2024-07-18 11:33:56,173 [grpc-default-executor-0] INFO  server.GrpcServerProtocolService (GrpcServerProtocolService.java:onCompleted(157)) - omNode-bootstrap-2: Completed INSTALL_SNAPSHOT, lastRequest: omNode-1->omNode-bootstrap-2#0-t1,notify:(t:1, i:0)
2024-07-18 11:33:56,173 [grpc-default-executor-0] INFO  server.GrpcServerProtocolService (GrpcServerProtocolService.java:lambda$onCompleted$5(159)) - omNode-bootstrap-2: Completed INSTALL_SNAPSHOT, lastReply: null
2024-07-18 11:33:56,174 [omNode-bootstrap-2-server-thread1] INFO  server.RaftServer$Division (RaftServerImpl.java:checkInconsistentAppendEntries(1629)) - omNode-bootstrap-2@group-0AAC5367B30E: Failed appendEntries as snapshot (0) installation is in progress
2024-07-18 11:33:56,174 [omNode-bootstrap-2-server-thread1] INFO  server.RaftServer$Division (RaftServerImpl.java:appendEntriesAsync(1584)) - omNode-bootstrap-2@group-0AAC5367B30E: appendEntries* reply omNode-1<-omNode-bootstrap-2#120:FAIL-t1,INCONSISTENCY,nextIndex=0,followerCommit=-1,matchIndex=-1
2024-07-18 11:33:56,175 [grpc-default-executor-3] INFO  impl.SnapshotInstallationHandler (SnapshotInstallationHandler.java:installSnapshot(92)) - omNode-bootstrap-2@group-0AAC5367B30E: receive installSnapshot: omNode-1->omNode-bootstrap-2#0-t1,notify:(t:1, i:0)
2024-07-18 11:33:56,175 [grpc-default-executor-3] INFO  impl.SnapshotInstallationHandler (SnapshotInstallationHandler.java:installSnapshotImpl(138)) - omNode-bootstrap-2@group-0AAC5367B30E: set new configuration configurationEntry {
  peers {
    id: "omNode-3"
    address: "localhost:15023"
    startupRole: FOLLOWER
  }
  peers {
    id: "omNode-1"
    address: "localhost:15015"
    startupRole: FOLLOWER
  }
  peers {
    id: "omNode-2"
    address: "localhost:15019"
    startupRole: FOLLOWER
  }
}
 from snapshot
2024-07-18 11:33:56,175 [grpc-default-executor-3] INFO  server.RaftServer$Division (ServerState.java:setRaftConf(386)) - omNode-bootstrap-2@group-0AAC5367B30E: set configuration conf: {index: 0, cur=peers:[omNode-3|localhost:15023, omNode-1|localhost:15015, omNode-2|localhost:15019]|listeners:[], old=null}
2024-07-18 11:33:56,177 [grpc-default-executor-3] INFO  ratis.OzoneManagerStateMachine (OzoneManagerStateMachine.java:notifyConfigurationChanged(216)) - Received Configuration change notification from Ratis. New Peer list:
[id: "omNode-3"
address: "localhost:15023"
startupRole: FOLLOWER
, id: "omNode-1"
address: "localhost:15015"
startupRole: FOLLOWER
, id: "omNode-2"
address: "localhost:15019"
startupRole: FOLLOWER
]
2024-07-18 11:33:56,177 [grpc-default-executor-3] INFO  impl.SnapshotInstallationHandler (SnapshotInstallationHandler.java:installSnapshot(103)) - omNode-bootstrap-2@group-0AAC5367B30E: reply installSnapshot: omNode-1<-omNode-bootstrap-2#0:FAIL-t1,IN_PROGRESS,snapshotIndex=0
2024-07-18 11:33:56,177 [grpc-default-executor-3] INFO  server.GrpcServerProtocolService (GrpcServerProtocolService.java:onCompleted(157)) - omNode-bootstrap-2: Completed INSTALL_SNAPSHOT, lastRequest: omNode-1->omNode-bootstrap-2#0-t1,notify:(t:1, i:0)
2024-07-18 11:33:56,177 [grpc-default-executor-3] INFO  server.GrpcServerProtocolService (GrpcServerProtocolService.java:lambda$onCompleted$5(159)) - omNode-bootstrap-2: Completed INSTALL_SNAPSHOT, lastReply: null
2024-07-18 11:33:56,178 [omNode-bootstrap-2-server-thread1] INFO  server.RaftServer$Division (RaftServerImpl.java:checkInconsistentAppendEntries(1629)) - omNode-bootstrap-2@group-0AAC5367B30E: Failed appendEntries as snapshot (0) installation is in progress
2024-07-18 11:33:56,178 [omNode-bootstrap-2-server-thread1] INFO  server.RaftServer$Division (RaftServerImpl.java:appendEntriesAsync(1584)) - omNode-bootstrap-2@group-0AAC5367B30E: appendEntries* reply omNode-1<-omNode-bootstrap-2#121:FAIL-t1,INCONSISTENCY,nextIndex=0,followerCommit=-1,matchIndex=-1
2024-07-18 11:33:56,178 [grpc-default-executor-1] INFO  impl.SnapshotInstallationHandler (SnapshotInstallationHandler.java:installSnapshot(92)) - omNode-bootstrap-2@group-0AAC5367B30E: receive installSnapshot: omNode-1->omNode-bootstrap-2#0-t1,notify:(t:1, i:0)
2024-07-18 11:33:56,178 [grpc-default-executor-1] INFO  impl.SnapshotInstallationHandler (SnapshotInstallationHandler.java:installSnapshotImpl(138)) - omNode-bootstrap-2@group-0AAC5367B30E: set new configuration configurationEntry {
  peers {
    id: "omNode-3"
    address: "localhost:15023"
    startupRole: FOLLOWER
  }
  peers {
    id: "omNode-1"
    address: "localhost:15015"
    startupRole: FOLLOWER
  }
  peers {
    id: "omNode-2"
    address: "localhost:15019"
    startupRole: FOLLOWER
  }
}
 from snapshot
2024-07-18 11:33:56,179 [grpc-default-executor-1] INFO  server.RaftServer$Division (ServerState.java:setRaftConf(386)) - omNode-bootstrap-2@group-0AAC5367B30E: set configuration conf: {index: 0, cur=peers:[omNode-3|localhost:15023, omNode-1|localhost:15015, omNode-2|localhost:15019]|listeners:[], old=null}
2024-07-18 11:33:56,180 [grpc-default-executor-1] INFO  ratis.OzoneManagerStateMachine (OzoneManagerStateMachine.java:notifyConfigurationChanged(216)) - Received Configuration change notification from Ratis. New Peer list:
[id: "omNode-3"
address: "localhost:15023"
startupRole: FOLLOWER
, id: "omNode-1"
address: "localhost:15015"
startupRole: FOLLOWER
, id: "omNode-2"
address: "localhost:15019"
startupRole: FOLLOWER
]
2024-07-18 11:33:56,180 [grpc-default-executor-1] INFO  impl.SnapshotInstallationHandler (SnapshotInstallationHandler.java:installSnapshot(103)) - omNode-bootstrap-2@group-0AAC5367B30E: reply installSnapshot: omNode-1<-omNode-bootstrap-2#0:FAIL-t1,IN_PROGRESS,snapshotIndex=0
2024-07-18 11:33:56,180 [grpc-default-executor-1] INFO  server.GrpcServerProtocolService (GrpcServerProtocolService.java:onCompleted(157)) - omNode-bootstrap-2: Completed INSTALL_SNAPSHOT, lastRequest: omNode-1->omNode-bootstrap-2#0-t1,notify:(t:1, i:0)
2024-07-18 11:33:56,180 [grpc-default-executor-1] INFO  server.GrpcServerProtocolService (GrpcServerProtocolService.java:lambda$onCompleted$5(159)) - omNode-bootstrap-2: Completed INSTALL_SNAPSHOT, lastReply: null
2024-07-18 11:33:56,181 [omNode-bootstrap-2-server-thread1] INFO  server.RaftServer$Division (RaftServerImpl.java:checkInconsistentAppendEntries(1629)) - omNode-bootstrap-2@group-0AAC5367B30E: Failed appendEntries as snapshot (0) installation is in progress
2024-07-18 11:33:56,181 [omNode-bootstrap-2-server-thread1] INFO  server.RaftServer$Division (RaftServerImpl.java:appendEntriesAsync(1584)) - omNode-bootstrap-2@group-0AAC5367B30E: appendEntries* reply omNode-1<-omNode-bootstrap-2#122:FAIL-t1,INCONSISTENCY,nextIndex=0,followerCommit=-1,matchIndex=-1
2024-07-18 11:33:56,182 [grpc-default-executor-0] INFO  impl.SnapshotInstallationHandler (SnapshotInstallationHandler.java:installSnapshot(92)) - omNode-bootstrap-2@group-0AAC5367B30E: receive installSnapshot: omNode-1->omNode-bootstrap-2#0-t1,notify:(t:1, i:0)
2024-07-18 11:33:56,182 [grpc-default-executor-0] INFO  impl.SnapshotInstallationHandler (SnapshotInstallationHandler.java:installSnapshotImpl(138)) - omNode-bootstrap-2@group-0AAC5367B30E: set new configuration configurationEntry {
  peers {
    id: "omNode-3"
    address: "localhost:15023"
    startupRole: FOLLOWER
  }
  peers {
    id: "omNode-1"
    address: "localhost:15015"
    startupRole: FOLLOWER
  }
  peers {
    id: "omNode-2"
    address: "localhost:15019"
    startupRole: FOLLOWER
  }
}
 from snapshot
2024-07-18 11:33:56,182 [grpc-default-executor-0] INFO  server.RaftServer$Division (ServerState.java:setRaftConf(386)) - omNode-bootstrap-2@group-0AAC5367B30E: set configuration conf: {index: 0, cur=peers:[omNode-3|localhost:15023, omNode-1|localhost:15015, omNode-2|localhost:15019]|listeners:[], old=null}
2024-07-18 11:33:56,183 [grpc-default-executor-0] INFO  ratis.OzoneManagerStateMachine (OzoneManagerStateMachine.java:notifyConfigurationChanged(216)) - Received Configuration change notification from Ratis. New Peer list:
[id: "omNode-3"
address: "localhost:15023"
startupRole: FOLLOWER
, id: "omNode-1"
address: "localhost:15015"
startupRole: FOLLOWER
, id: "omNode-2"
address: "localhost:15019"
startupRole: FOLLOWER
]
2024-07-18 11:33:56,183 [grpc-default-executor-0] INFO  impl.SnapshotInstallationHandler (SnapshotInstallationHandler.java:installSnapshot(103)) - omNode-bootstrap-2@group-0AAC5367B30E: reply installSnapshot: omNode-1<-omNode-bootstrap-2#0:FAIL-t1,IN_PROGRESS,snapshotIndex=0
2024-07-18 11:33:56,183 [grpc-default-executor-0] INFO  server.GrpcServerProtocolService (GrpcServerProtocolService.java:onCompleted(157)) - omNode-bootstrap-2: Completed INSTALL_SNAPSHOT, lastRequest: omNode-1->omNode-bootstrap-2#0-t1,notify:(t:1, i:0)
2024-07-18 11:33:56,183 [grpc-default-executor-0] INFO  server.GrpcServerProtocolService (GrpcServerProtocolService.java:lambda$onCompleted$5(159)) - omNode-bootstrap-2: Completed INSTALL_SNAPSHOT, lastReply: null
2024-07-18 11:33:56,184 [omNode-bootstrap-2-server-thread1] INFO  server.RaftServer$Division (RaftServerImpl.java:checkInconsistentAppendEntries(1629)) - omNode-bootstrap-2@group-0AAC5367B30E: Failed appendEntries as snapshot (0) installation is in progress
2024-07-18 11:33:56,184 [omNode-bootstrap-2-server-thread1] INFO  server.RaftServer$Division (RaftServerImpl.java:appendEntriesAsync(1584)) - omNode-bootstrap-2@group-0AAC5367B30E: appendEntries* reply omNode-1<-omNode-bootstrap-2#123:FAIL-t1,INCONSISTENCY,nextIndex=0,followerCommit=-1,matchIndex=-1
2024-07-18 11:33:56,185 [grpc-default-executor-1] INFO  impl.SnapshotInstallationHandler (SnapshotInstallationHandler.java:installSnapshot(92)) - omNode-bootstrap-2@group-0AAC5367B30E: receive installSnapshot: omNode-1->omNode-bootstrap-2#0-t1,notify:(t:1, i:0)
2024-07-18 11:33:56,185 [grpc-default-executor-1] INFO  impl.SnapshotInstallationHandler (SnapshotInstallationHandler.java:installSnapshotImpl(138)) - omNode-bootstrap-2@group-0AAC5367B30E: set new configuration configurationEntry {
  peers {
    id: "omNode-3"
    address: "localhost:15023"
    startupRole: FOLLOWER
  }
  peers {
    id: "omNode-1"
    address: "localhost:15015"
    startupRole: FOLLOWER
  }
  peers {
    id: "omNode-2"
    address: "localhost:15019"
    startupRole: FOLLOWER
  }
}
 from snapshot
2024-07-18 11:33:56,185 [grpc-default-executor-1] INFO  server.RaftServer$Division (ServerState.java:setRaftConf(386)) - omNode-bootstrap-2@group-0AAC5367B30E: set configuration conf: {index: 0, cur=peers:[omNode-3|localhost:15023, omNode-1|localhost:15015, omNode-2|localhost:15019]|listeners:[], old=null}
2024-07-18 11:33:56,186 [grpc-default-executor-1] INFO  ratis.OzoneManagerStateMachine (OzoneManagerStateMachine.java:notifyConfigurationChanged(216)) - Received Configuration change notification from Ratis. New Peer list:
[id: "omNode-3"
address: "localhost:15023"
startupRole: FOLLOWER
, id: "omNode-1"
address: "localhost:15015"
startupRole: FOLLOWER
, id: "omNode-2"
address: "localhost:15019"
startupRole: FOLLOWER
]
2024-07-18 11:33:56,186 [grpc-default-executor-1] INFO  impl.SnapshotInstallationHandler (SnapshotInstallationHandler.java:installSnapshot(103)) - omNode-bootstrap-2@group-0AAC5367B30E: reply installSnapshot: omNode-1<-omNode-bootstrap-2#0:FAIL-t1,IN_PROGRESS,snapshotIndex=0
2024-07-18 11:33:56,187 [grpc-default-executor-1] INFO  server.GrpcServerProtocolService (GrpcServerProtocolService.java:onCompleted(157)) - omNode-bootstrap-2: Completed INSTALL_SNAPSHOT, lastRequest: omNode-1->omNode-bootstrap-2#0-t1,notify:(t:1, i:0)
2024-07-18 11:33:56,187 [grpc-default-executor-1] INFO  server.GrpcServerProtocolService (GrpcServerProtocolService.java:lambda$onCompleted$5(159)) - omNode-bootstrap-2: Completed INSTALL_SNAPSHOT, lastReply: null
2024-07-18 11:33:56,189 [omNode-bootstrap-2-server-thread1] INFO  server.RaftServer$Division (RaftServerImpl.java:checkInconsistentAppendEntries(1629)) - omNode-bootstrap-2@group-0AAC5367B30E: Failed appendEntries as snapshot (0) installation is in progress
2024-07-18 11:33:56,189 [omNode-bootstrap-2-server-thread1] INFO  server.RaftServer$Division (RaftServerImpl.java:appendEntriesAsync(1584)) - omNode-bootstrap-2@group-0AAC5367B30E: appendEntries* reply omNode-1<-omNode-bootstrap-2#124:FAIL-t1,INCONSISTENCY,nextIndex=0,followerCommit=-1,matchIndex=-1
2024-07-18 11:33:56,190 [grpc-default-executor-0] INFO  impl.SnapshotInstallationHandler (SnapshotInstallationHandler.java:installSnapshot(92)) - omNode-bootstrap-2@group-0AAC5367B30E: receive installSnapshot: omNode-1->omNode-bootstrap-2#0-t1,notify:(t:1, i:0)
2024-07-18 11:33:56,190 [grpc-default-executor-0] INFO  impl.SnapshotInstallationHandler (SnapshotInstallationHandler.java:installSnapshotImpl(138)) - omNode-bootstrap-2@group-0AAC5367B30E: set new configuration configurationEntry {
  peers {
    id: "omNode-3"
    address: "localhost:15023"
    startupRole: FOLLOWER
  }
  peers {
    id: "omNode-1"
    address: "localhost:15015"
    startupRole: FOLLOWER
  }
  peers {
    id: "omNode-2"
    address: "localhost:15019"
    startupRole: FOLLOWER
  }
}
 from snapshot
2024-07-18 11:33:56,190 [grpc-default-executor-0] INFO  server.RaftServer$Division (ServerState.java:setRaftConf(386)) - omNode-bootstrap-2@group-0AAC5367B30E: set configuration conf: {index: 0, cur=peers:[omNode-3|localhost:15023, omNode-1|localhost:15015, omNode-2|localhost:15019]|listeners:[], old=null}
2024-07-18 11:33:56,191 [grpc-default-executor-0] INFO  ratis.OzoneManagerStateMachine (OzoneManagerStateMachine.java:notifyConfigurationChanged(216)) - Received Configuration change notification from Ratis. New Peer list:
[id: "omNode-3"
address: "localhost:15023"
startupRole: FOLLOWER
, id: "omNode-1"
address: "localhost:15015"
startupRole: FOLLOWER
, id: "omNode-2"
address: "localhost:15019"
startupRole: FOLLOWER
]
2024-07-18 11:33:56,191 [grpc-default-executor-0] INFO  impl.SnapshotInstallationHandler (SnapshotInstallationHandler.java:installSnapshot(103)) - omNode-bootstrap-2@group-0AAC5367B30E: reply installSnapshot: omNode-1<-omNode-bootstrap-2#0:FAIL-t1,IN_PROGRESS,snapshotIndex=0
2024-07-18 11:33:56,191 [grpc-default-executor-0] INFO  server.GrpcServerProtocolService (GrpcServerProtocolService.java:onCompleted(157)) - omNode-bootstrap-2: Completed INSTALL_SNAPSHOT, lastRequest: omNode-1->omNode-bootstrap-2#0-t1,notify:(t:1, i:0)
2024-07-18 11:33:56,191 [grpc-default-executor-0] INFO  server.GrpcServerProtocolService (GrpcServerProtocolService.java:lambda$onCompleted$5(159)) - omNode-bootstrap-2: Completed INSTALL_SNAPSHOT, lastReply: null
2024-07-18 11:33:56,193 [omNode-bootstrap-2-server-thread1] INFO  server.RaftServer$Division (RaftServerImpl.java:checkInconsistentAppendEntries(1629)) - omNode-bootstrap-2@group-0AAC5367B30E: Failed appendEntries as snapshot (0) installation is in progress
2024-07-18 11:33:56,193 [omNode-bootstrap-2-server-thread1] INFO  server.RaftServer$Division (RaftServerImpl.java:appendEntriesAsync(1584)) - omNode-bootstrap-2@group-0AAC5367B30E: appendEntries* reply omNode-1<-omNode-bootstrap-2#125:FAIL-t1,INCONSISTENCY,nextIndex=0,followerCommit=-1,matchIndex=-1
2024-07-18 11:33:56,193 [grpc-default-executor-0] INFO  impl.SnapshotInstallationHandler (SnapshotInstallationHandler.java:installSnapshot(92)) - omNode-bootstrap-2@group-0AAC5367B30E: receive installSnapshot: omNode-1->omNode-bootstrap-2#0-t1,notify:(t:1, i:0)
2024-07-18 11:33:56,193 [grpc-default-executor-0] INFO  impl.SnapshotInstallationHandler (SnapshotInstallationHandler.java:installSnapshotImpl(138)) - omNode-bootstrap-2@group-0AAC5367B30E: set new configuration configurationEntry {
  peers {
    id: "omNode-3"
    address: "localhost:15023"
    startupRole: FOLLOWER
  }
  peers {
    id: "omNode-1"
    address: "localhost:15015"
    startupRole: FOLLOWER
  }
  peers {
    id: "omNode-2"
    address: "localhost:15019"
    startupRole: FOLLOWER
  }
}
 from snapshot
2024-07-18 11:33:56,193 [grpc-default-executor-0] INFO  server.RaftServer$Division (ServerState.java:setRaftConf(386)) - omNode-bootstrap-2@group-0AAC5367B30E: set configuration conf: {index: 0, cur=peers:[omNode-3|localhost:15023, omNode-1|localhost:15015, omNode-2|localhost:15019]|listeners:[], old=null}
2024-07-18 11:33:56,194 [grpc-default-executor-0] INFO  ratis.OzoneManagerStateMachine (OzoneManagerStateMachine.java:notifyConfigurationChanged(216)) - Received Configuration change notification from Ratis. New Peer list:
[id: "omNode-3"
address: "localhost:15023"
startupRole: FOLLOWER
, id: "omNode-1"
address: "localhost:15015"
startupRole: FOLLOWER
, id: "omNode-2"
address: "localhost:15019"
startupRole: FOLLOWER
]
2024-07-18 11:33:56,195 [grpc-default-executor-0] INFO  impl.SnapshotInstallationHandler (SnapshotInstallationHandler.java:installSnapshot(103)) - omNode-bootstrap-2@group-0AAC5367B30E: reply installSnapshot: omNode-1<-omNode-bootstrap-2#0:FAIL-t1,IN_PROGRESS,snapshotIndex=0
2024-07-18 11:33:56,195 [grpc-default-executor-0] INFO  server.GrpcServerProtocolService (GrpcServerProtocolService.java:onCompleted(157)) - omNode-bootstrap-2: Completed INSTALL_SNAPSHOT, lastRequest: omNode-1->omNode-bootstrap-2#0-t1,notify:(t:1, i:0)
2024-07-18 11:33:56,195 [grpc-default-executor-0] INFO  server.GrpcServerProtocolService (GrpcServerProtocolService.java:lambda$onCompleted$5(159)) - omNode-bootstrap-2: Completed INSTALL_SNAPSHOT, lastReply: null
2024-07-18 11:33:56,196 [omNode-bootstrap-2-server-thread1] INFO  server.RaftServer$Division (RaftServerImpl.java:checkInconsistentAppendEntries(1629)) - omNode-bootstrap-2@group-0AAC5367B30E: Failed appendEntries as snapshot (0) installation is in progress
2024-07-18 11:33:56,196 [omNode-bootstrap-2-server-thread1] INFO  server.RaftServer$Division (RaftServerImpl.java:appendEntriesAsync(1584)) - omNode-bootstrap-2@group-0AAC5367B30E: appendEntries* reply omNode-1<-omNode-bootstrap-2#126:FAIL-t1,INCONSISTENCY,nextIndex=0,followerCommit=-1,matchIndex=-1
2024-07-18 11:33:56,196 [grpc-default-executor-3] INFO  impl.SnapshotInstallationHandler (SnapshotInstallationHandler.java:installSnapshot(92)) - omNode-bootstrap-2@group-0AAC5367B30E: receive installSnapshot: omNode-1->omNode-bootstrap-2#0-t1,notify:(t:1, i:0)
2024-07-18 11:33:56,196 [grpc-default-executor-3] INFO  impl.SnapshotInstallationHandler (SnapshotInstallationHandler.java:installSnapshotImpl(138)) - omNode-bootstrap-2@group-0AAC5367B30E: set new configuration configurationEntry {
  peers {
    id: "omNode-3"
    address: "localhost:15023"
    startupRole: FOLLOWER
  }
  peers {
    id: "omNode-1"
    address: "localhost:15015"
    startupRole: FOLLOWER
  }
  peers {
    id: "omNode-2"
    address: "localhost:15019"
    startupRole: FOLLOWER
  }
}
 from snapshot
2024-07-18 11:33:56,196 [grpc-default-executor-3] INFO  server.RaftServer$Division (ServerState.java:setRaftConf(386)) - omNode-bootstrap-2@group-0AAC5367B30E: set configuration conf: {index: 0, cur=peers:[omNode-3|localhost:15023, omNode-1|localhost:15015, omNode-2|localhost:15019]|listeners:[], old=null}
2024-07-18 11:33:56,198 [grpc-default-executor-3] INFO  ratis.OzoneManagerStateMachine (OzoneManagerStateMachine.java:notifyConfigurationChanged(216)) - Received Configuration change notification from Ratis. New Peer list:
[id: "omNode-3"
address: "localhost:15023"
startupRole: FOLLOWER
, id: "omNode-1"
address: "localhost:15015"
startupRole: FOLLOWER
, id: "omNode-2"
address: "localhost:15019"
startupRole: FOLLOWER
]
2024-07-18 11:33:56,198 [grpc-default-executor-3] INFO  impl.SnapshotInstallationHandler (SnapshotInstallationHandler.java:installSnapshot(103)) - omNode-bootstrap-2@group-0AAC5367B30E: reply installSnapshot: omNode-1<-omNode-bootstrap-2#0:FAIL-t1,IN_PROGRESS,snapshotIndex=0
2024-07-18 11:33:56,198 [grpc-default-executor-3] INFO  server.GrpcServerProtocolService (GrpcServerProtocolService.java:onCompleted(157)) - omNode-bootstrap-2: Completed INSTALL_SNAPSHOT, lastRequest: omNode-1->omNode-bootstrap-2#0-t1,notify:(t:1, i:0)
2024-07-18 11:33:56,198 [grpc-default-executor-3] INFO  server.GrpcServerProtocolService (GrpcServerProtocolService.java:lambda$onCompleted$5(159)) - omNode-bootstrap-2: Completed INSTALL_SNAPSHOT, lastReply: null
2024-07-18 11:33:56,200 [omNode-bootstrap-2-server-thread1] INFO  server.RaftServer$Division (RaftServerImpl.java:checkInconsistentAppendEntries(1629)) - omNode-bootstrap-2@group-0AAC5367B30E: Failed appendEntries as snapshot (0) installation is in progress
2024-07-18 11:33:56,200 [omNode-bootstrap-2-server-thread1] INFO  server.RaftServer$Division (RaftServerImpl.java:appendEntriesAsync(1584)) - omNode-bootstrap-2@group-0AAC5367B30E: appendEntries* reply omNode-1<-omNode-bootstrap-2#127:FAIL-t1,INCONSISTENCY,nextIndex=0,followerCommit=-1,matchIndex=-1
2024-07-18 11:33:56,201 [grpc-default-executor-1] INFO  impl.SnapshotInstallationHandler (SnapshotInstallationHandler.java:installSnapshot(92)) - omNode-bootstrap-2@group-0AAC5367B30E: receive installSnapshot: omNode-1->omNode-bootstrap-2#0-t1,notify:(t:1, i:0)
2024-07-18 11:33:56,201 [grpc-default-executor-1] INFO  impl.SnapshotInstallationHandler (SnapshotInstallationHandler.java:installSnapshotImpl(138)) - omNode-bootstrap-2@group-0AAC5367B30E: set new configuration configurationEntry {
  peers {
    id: "omNode-3"
    address: "localhost:15023"
    startupRole: FOLLOWER
  }
  peers {
    id: "omNode-1"
    address: "localhost:15015"
    startupRole: FOLLOWER
  }
  peers {
    id: "omNode-2"
    address: "localhost:15019"
    startupRole: FOLLOWER
  }
}
 from snapshot
2024-07-18 11:33:56,201 [grpc-default-executor-1] INFO  server.RaftServer$Division (ServerState.java:setRaftConf(386)) - omNode-bootstrap-2@group-0AAC5367B30E: set configuration conf: {index: 0, cur=peers:[omNode-3|localhost:15023, omNode-1|localhost:15015, omNode-2|localhost:15019]|listeners:[], old=null}
2024-07-18 11:33:56,202 [grpc-default-executor-1] INFO  ratis.OzoneManagerStateMachine (OzoneManagerStateMachine.java:notifyConfigurationChanged(216)) - Received Configuration change notification from Ratis. New Peer list:
[id: "omNode-3"
address: "localhost:15023"
startupRole: FOLLOWER
, id: "omNode-1"
address: "localhost:15015"
startupRole: FOLLOWER
, id: "omNode-2"
address: "localhost:15019"
startupRole: FOLLOWER
]
2024-07-18 11:33:56,202 [grpc-default-executor-1] INFO  impl.SnapshotInstallationHandler (SnapshotInstallationHandler.java:installSnapshot(103)) - omNode-bootstrap-2@group-0AAC5367B30E: reply installSnapshot: omNode-1<-omNode-bootstrap-2#0:FAIL-t1,IN_PROGRESS,snapshotIndex=0
2024-07-18 11:33:56,202 [grpc-default-executor-1] INFO  server.GrpcServerProtocolService (GrpcServerProtocolService.java:onCompleted(157)) - omNode-bootstrap-2: Completed INSTALL_SNAPSHOT, lastRequest: omNode-1->omNode-bootstrap-2#0-t1,notify:(t:1, i:0)
2024-07-18 11:33:56,202 [grpc-default-executor-1] INFO  server.GrpcServerProtocolService (GrpcServerProtocolService.java:lambda$onCompleted$5(159)) - omNode-bootstrap-2: Completed INSTALL_SNAPSHOT, lastReply: null
2024-07-18 11:33:56,204 [omNode-bootstrap-2-server-thread1] INFO  server.RaftServer$Division (RaftServerImpl.java:checkInconsistentAppendEntries(1629)) - omNode-bootstrap-2@group-0AAC5367B30E: Failed appendEntries as snapshot (0) installation is in progress
2024-07-18 11:33:56,204 [omNode-bootstrap-2-server-thread1] INFO  server.RaftServer$Division (RaftServerImpl.java:appendEntriesAsync(1584)) - omNode-bootstrap-2@group-0AAC5367B30E: appendEntries* reply omNode-1<-omNode-bootstrap-2#128:FAIL-t1,INCONSISTENCY,nextIndex=0,followerCommit=-1,matchIndex=-1
2024-07-18 11:33:56,205 [grpc-default-executor-1] INFO  impl.SnapshotInstallationHandler (SnapshotInstallationHandler.java:installSnapshot(92)) - omNode-bootstrap-2@group-0AAC5367B30E: receive installSnapshot: omNode-1->omNode-bootstrap-2#0-t1,notify:(t:1, i:0)
2024-07-18 11:33:56,205 [grpc-default-executor-1] INFO  impl.SnapshotInstallationHandler (SnapshotInstallationHandler.java:installSnapshotImpl(138)) - omNode-bootstrap-2@group-0AAC5367B30E: set new configuration configurationEntry {
  peers {
    id: "omNode-3"
    address: "localhost:15023"
    startupRole: FOLLOWER
  }
  peers {
    id: "omNode-1"
    address: "localhost:15015"
    startupRole: FOLLOWER
  }
  peers {
    id: "omNode-2"
    address: "localhost:15019"
    startupRole: FOLLOWER
  }
}
 from snapshot
2024-07-18 11:33:56,206 [grpc-default-executor-1] INFO  server.RaftServer$Division (ServerState.java:setRaftConf(386)) - omNode-bootstrap-2@group-0AAC5367B30E: set configuration conf: {index: 0, cur=peers:[omNode-3|localhost:15023, omNode-1|localhost:15015, omNode-2|localhost:15019]|listeners:[], old=null}
2024-07-18 11:33:56,208 [grpc-default-executor-1] INFO  ratis.OzoneManagerStateMachine (OzoneManagerStateMachine.java:notifyConfigurationChanged(216)) - Received Configuration change notification from Ratis. New Peer list:
[id: "omNode-3"
address: "localhost:15023"
startupRole: FOLLOWER
, id: "omNode-1"
address: "localhost:15015"
startupRole: FOLLOWER
, id: "omNode-2"
address: "localhost:15019"
startupRole: FOLLOWER
]
2024-07-18 11:33:56,208 [grpc-default-executor-1] INFO  impl.SnapshotInstallationHandler (SnapshotInstallationHandler.java:installSnapshot(103)) - omNode-bootstrap-2@group-0AAC5367B30E: reply installSnapshot: omNode-1<-omNode-bootstrap-2#0:FAIL-t1,IN_PROGRESS,snapshotIndex=0
2024-07-18 11:33:56,208 [grpc-default-executor-1] INFO  server.GrpcServerProtocolService (GrpcServerProtocolService.java:onCompleted(157)) - omNode-bootstrap-2: Completed INSTALL_SNAPSHOT, lastRequest: omNode-1->omNode-bootstrap-2#0-t1,notify:(t:1, i:0)
2024-07-18 11:33:56,208 [grpc-default-executor-1] INFO  server.GrpcServerProtocolService (GrpcServerProtocolService.java:lambda$onCompleted$5(159)) - omNode-bootstrap-2: Completed INSTALL_SNAPSHOT, lastReply: null
2024-07-18 11:33:56,211 [omNode-bootstrap-2-server-thread1] INFO  server.RaftServer$Division (RaftServerImpl.java:checkInconsistentAppendEntries(1629)) - omNode-bootstrap-2@group-0AAC5367B30E: Failed appendEntries as snapshot (0) installation is in progress
2024-07-18 11:33:56,211 [omNode-bootstrap-2-server-thread1] INFO  server.RaftServer$Division (RaftServerImpl.java:appendEntriesAsync(1584)) - omNode-bootstrap-2@group-0AAC5367B30E: appendEntries* reply omNode-1<-omNode-bootstrap-2#129:FAIL-t1,INCONSISTENCY,nextIndex=0,followerCommit=-1,matchIndex=-1
2024-07-18 11:33:56,211 [grpc-default-executor-5] INFO  impl.SnapshotInstallationHandler (SnapshotInstallationHandler.java:installSnapshot(92)) - omNode-bootstrap-2@group-0AAC5367B30E: receive installSnapshot: omNode-1->omNode-bootstrap-2#0-t1,notify:(t:1, i:0)
2024-07-18 11:33:56,211 [grpc-default-executor-5] INFO  impl.SnapshotInstallationHandler (SnapshotInstallationHandler.java:installSnapshotImpl(138)) - omNode-bootstrap-2@group-0AAC5367B30E: set new configuration configurationEntry {
  peers {
    id: "omNode-3"
    address: "localhost:15023"
    startupRole: FOLLOWER
  }
  peers {
    id: "omNode-1"
    address: "localhost:15015"
    startupRole: FOLLOWER
  }
  peers {
    id: "omNode-2"
    address: "localhost:15019"
    startupRole: FOLLOWER
  }
}
 from snapshot
2024-07-18 11:33:56,212 [grpc-default-executor-5] INFO  server.RaftServer$Division (ServerState.java:setRaftConf(386)) - omNode-bootstrap-2@group-0AAC5367B30E: set configuration conf: {index: 0, cur=peers:[omNode-3|localhost:15023, omNode-1|localhost:15015, omNode-2|localhost:15019]|listeners:[], old=null}
2024-07-18 11:33:56,213 [grpc-default-executor-5] INFO  ratis.OzoneManagerStateMachine (OzoneManagerStateMachine.java:notifyConfigurationChanged(216)) - Received Configuration change notification from Ratis. New Peer list:
[id: "omNode-3"
address: "localhost:15023"
startupRole: FOLLOWER
, id: "omNode-1"
address: "localhost:15015"
startupRole: FOLLOWER
, id: "omNode-2"
address: "localhost:15019"
startupRole: FOLLOWER
]
2024-07-18 11:33:56,213 [grpc-default-executor-5] INFO  impl.SnapshotInstallationHandler (SnapshotInstallationHandler.java:installSnapshot(103)) - omNode-bootstrap-2@group-0AAC5367B30E: reply installSnapshot: omNode-1<-omNode-bootstrap-2#0:FAIL-t1,IN_PROGRESS,snapshotIndex=0
2024-07-18 11:33:56,213 [grpc-default-executor-5] INFO  server.GrpcServerProtocolService (GrpcServerProtocolService.java:onCompleted(157)) - omNode-bootstrap-2: Completed INSTALL_SNAPSHOT, lastRequest: omNode-1->omNode-bootstrap-2#0-t1,notify:(t:1, i:0)
2024-07-18 11:33:56,213 [grpc-default-executor-5] INFO  server.GrpcServerProtocolService (GrpcServerProtocolService.java:lambda$onCompleted$5(159)) - omNode-bootstrap-2: Completed INSTALL_SNAPSHOT, lastReply: null
2024-07-18 11:33:56,214 [omNode-bootstrap-2-server-thread1] INFO  server.RaftServer$Division (RaftServerImpl.java:checkInconsistentAppendEntries(1629)) - omNode-bootstrap-2@group-0AAC5367B30E: Failed appendEntries as snapshot (0) installation is in progress
2024-07-18 11:33:56,214 [omNode-bootstrap-2-server-thread1] INFO  server.RaftServer$Division (RaftServerImpl.java:appendEntriesAsync(1584)) - omNode-bootstrap-2@group-0AAC5367B30E: appendEntries* reply omNode-1<-omNode-bootstrap-2#130:FAIL-t1,INCONSISTENCY,nextIndex=0,followerCommit=-1,matchIndex=-1
2024-07-18 11:33:56,216 [grpc-default-executor-3] INFO  impl.SnapshotInstallationHandler (SnapshotInstallationHandler.java:installSnapshot(92)) - omNode-bootstrap-2@group-0AAC5367B30E: receive installSnapshot: omNode-1->omNode-bootstrap-2#0-t1,notify:(t:1, i:0)
2024-07-18 11:33:56,216 [grpc-default-executor-3] INFO  impl.SnapshotInstallationHandler (SnapshotInstallationHandler.java:installSnapshotImpl(138)) - omNode-bootstrap-2@group-0AAC5367B30E: set new configuration configurationEntry {
  peers {
    id: "omNode-3"
    address: "localhost:15023"
    startupRole: FOLLOWER
  }
  peers {
    id: "omNode-1"
    address: "localhost:15015"
    startupRole: FOLLOWER
  }
  peers {
    id: "omNode-2"
    address: "localhost:15019"
    startupRole: FOLLOWER
  }
}
 from snapshot
2024-07-18 11:33:56,216 [grpc-default-executor-3] INFO  server.RaftServer$Division (ServerState.java:setRaftConf(386)) - omNode-bootstrap-2@group-0AAC5367B30E: set configuration conf: {index: 0, cur=peers:[omNode-3|localhost:15023, omNode-1|localhost:15015, omNode-2|localhost:15019]|listeners:[], old=null}
2024-07-18 11:33:56,217 [grpc-default-executor-3] INFO  ratis.OzoneManagerStateMachine (OzoneManagerStateMachine.java:notifyConfigurationChanged(216)) - Received Configuration change notification from Ratis. New Peer list:
[id: "omNode-3"
address: "localhost:15023"
startupRole: FOLLOWER
, id: "omNode-1"
address: "localhost:15015"
startupRole: FOLLOWER
, id: "omNode-2"
address: "localhost:15019"
startupRole: FOLLOWER
]
2024-07-18 11:33:56,217 [grpc-default-executor-3] INFO  impl.SnapshotInstallationHandler (SnapshotInstallationHandler.java:installSnapshot(103)) - omNode-bootstrap-2@group-0AAC5367B30E: reply installSnapshot: omNode-1<-omNode-bootstrap-2#0:FAIL-t1,IN_PROGRESS,snapshotIndex=0
2024-07-18 11:33:56,217 [grpc-default-executor-3] INFO  server.GrpcServerProtocolService (GrpcServerProtocolService.java:onCompleted(157)) - omNode-bootstrap-2: Completed INSTALL_SNAPSHOT, lastRequest: omNode-1->omNode-bootstrap-2#0-t1,notify:(t:1, i:0)
2024-07-18 11:33:56,218 [grpc-default-executor-3] INFO  server.GrpcServerProtocolService (GrpcServerProtocolService.java:lambda$onCompleted$5(159)) - omNode-bootstrap-2: Completed INSTALL_SNAPSHOT, lastReply: null
2024-07-18 11:33:56,218 [omNode-bootstrap-2-server-thread1] INFO  server.RaftServer$Division (RaftServerImpl.java:checkInconsistentAppendEntries(1629)) - omNode-bootstrap-2@group-0AAC5367B30E: Failed appendEntries as snapshot (0) installation is in progress
2024-07-18 11:33:56,218 [omNode-bootstrap-2-server-thread1] INFO  server.RaftServer$Division (RaftServerImpl.java:appendEntriesAsync(1584)) - omNode-bootstrap-2@group-0AAC5367B30E: appendEntries* reply omNode-1<-omNode-bootstrap-2#131:FAIL-t1,INCONSISTENCY,nextIndex=0,followerCommit=-1,matchIndex=-1
2024-07-18 11:33:56,219 [grpc-default-executor-3] INFO  impl.SnapshotInstallationHandler (SnapshotInstallationHandler.java:installSnapshot(92)) - omNode-bootstrap-2@group-0AAC5367B30E: receive installSnapshot: omNode-1->omNode-bootstrap-2#0-t1,notify:(t:1, i:0)
2024-07-18 11:33:56,219 [grpc-default-executor-3] INFO  impl.SnapshotInstallationHandler (SnapshotInstallationHandler.java:installSnapshotImpl(138)) - omNode-bootstrap-2@group-0AAC5367B30E: set new configuration configurationEntry {
  peers {
    id: "omNode-3"
    address: "localhost:15023"
    startupRole: FOLLOWER
  }
  peers {
    id: "omNode-1"
    address: "localhost:15015"
    startupRole: FOLLOWER
  }
  peers {
    id: "omNode-2"
    address: "localhost:15019"
    startupRole: FOLLOWER
  }
}
 from snapshot
2024-07-18 11:33:56,220 [grpc-default-executor-3] INFO  server.RaftServer$Division (ServerState.java:setRaftConf(386)) - omNode-bootstrap-2@group-0AAC5367B30E: set configuration conf: {index: 0, cur=peers:[omNode-3|localhost:15023, omNode-1|localhost:15015, omNode-2|localhost:15019]|listeners:[], old=null}
2024-07-18 11:33:56,221 [grpc-default-executor-3] INFO  ratis.OzoneManagerStateMachine (OzoneManagerStateMachine.java:notifyConfigurationChanged(216)) - Received Configuration change notification from Ratis. New Peer list:
[id: "omNode-3"
address: "localhost:15023"
startupRole: FOLLOWER
, id: "omNode-1"
address: "localhost:15015"
startupRole: FOLLOWER
, id: "omNode-2"
address: "localhost:15019"
startupRole: FOLLOWER
]
2024-07-18 11:33:56,221 [grpc-default-executor-3] INFO  impl.SnapshotInstallationHandler (SnapshotInstallationHandler.java:installSnapshot(103)) - omNode-bootstrap-2@group-0AAC5367B30E: reply installSnapshot: omNode-1<-omNode-bootstrap-2#0:FAIL-t1,IN_PROGRESS,snapshotIndex=0
2024-07-18 11:33:56,221 [grpc-default-executor-3] INFO  server.GrpcServerProtocolService (GrpcServerProtocolService.java:onCompleted(157)) - omNode-bootstrap-2: Completed INSTALL_SNAPSHOT, lastRequest: omNode-1->omNode-bootstrap-2#0-t1,notify:(t:1, i:0)
2024-07-18 11:33:56,221 [grpc-default-executor-3] INFO  server.GrpcServerProtocolService (GrpcServerProtocolService.java:lambda$onCompleted$5(159)) - omNode-bootstrap-2: Completed INSTALL_SNAPSHOT, lastReply: null
2024-07-18 11:33:56,222 [omNode-bootstrap-2-server-thread1] INFO  server.RaftServer$Division (RaftServerImpl.java:checkInconsistentAppendEntries(1629)) - omNode-bootstrap-2@group-0AAC5367B30E: Failed appendEntries as snapshot (0) installation is in progress
2024-07-18 11:33:56,222 [omNode-bootstrap-2-server-thread1] INFO  server.RaftServer$Division (RaftServerImpl.java:appendEntriesAsync(1584)) - omNode-bootstrap-2@group-0AAC5367B30E: appendEntries* reply omNode-1<-omNode-bootstrap-2#132:FAIL-t1,INCONSISTENCY,nextIndex=0,followerCommit=-1,matchIndex=-1
2024-07-18 11:33:56,222 [grpc-default-executor-0] INFO  impl.SnapshotInstallationHandler (SnapshotInstallationHandler.java:installSnapshot(92)) - omNode-bootstrap-2@group-0AAC5367B30E: receive installSnapshot: omNode-1->omNode-bootstrap-2#0-t1,notify:(t:1, i:0)
2024-07-18 11:33:56,223 [grpc-default-executor-0] INFO  impl.SnapshotInstallationHandler (SnapshotInstallationHandler.java:installSnapshotImpl(138)) - omNode-bootstrap-2@group-0AAC5367B30E: set new configuration configurationEntry {
  peers {
    id: "omNode-3"
    address: "localhost:15023"
    startupRole: FOLLOWER
  }
  peers {
    id: "omNode-1"
    address: "localhost:15015"
    startupRole: FOLLOWER
  }
  peers {
    id: "omNode-2"
    address: "localhost:15019"
    startupRole: FOLLOWER
  }
}
 from snapshot
2024-07-18 11:33:56,223 [grpc-default-executor-0] INFO  server.RaftServer$Division (ServerState.java:setRaftConf(386)) - omNode-bootstrap-2@group-0AAC5367B30E: set configuration conf: {index: 0, cur=peers:[omNode-3|localhost:15023, omNode-1|localhost:15015, omNode-2|localhost:15019]|listeners:[], old=null}
2024-07-18 11:33:56,224 [grpc-default-executor-0] INFO  ratis.OzoneManagerStateMachine (OzoneManagerStateMachine.java:notifyConfigurationChanged(216)) - Received Configuration change notification from Ratis. New Peer list:
[id: "omNode-3"
address: "localhost:15023"
startupRole: FOLLOWER
, id: "omNode-1"
address: "localhost:15015"
startupRole: FOLLOWER
, id: "omNode-2"
address: "localhost:15019"
startupRole: FOLLOWER
]
2024-07-18 11:33:56,224 [grpc-default-executor-0] INFO  impl.SnapshotInstallationHandler (SnapshotInstallationHandler.java:installSnapshot(103)) - omNode-bootstrap-2@group-0AAC5367B30E: reply installSnapshot: omNode-1<-omNode-bootstrap-2#0:FAIL-t1,IN_PROGRESS,snapshotIndex=0
2024-07-18 11:33:56,224 [grpc-default-executor-0] INFO  server.GrpcServerProtocolService (GrpcServerProtocolService.java:onCompleted(157)) - omNode-bootstrap-2: Completed INSTALL_SNAPSHOT, lastRequest: omNode-1->omNode-bootstrap-2#0-t1,notify:(t:1, i:0)
2024-07-18 11:33:56,224 [grpc-default-executor-0] INFO  server.GrpcServerProtocolService (GrpcServerProtocolService.java:lambda$onCompleted$5(159)) - omNode-bootstrap-2: Completed INSTALL_SNAPSHOT, lastReply: null
2024-07-18 11:33:56,225 [omNode-bootstrap-2-server-thread1] INFO  server.RaftServer$Division (RaftServerImpl.java:checkInconsistentAppendEntries(1629)) - omNode-bootstrap-2@group-0AAC5367B30E: Failed appendEntries as snapshot (0) installation is in progress
2024-07-18 11:33:56,225 [omNode-bootstrap-2-server-thread1] INFO  server.RaftServer$Division (RaftServerImpl.java:appendEntriesAsync(1584)) - omNode-bootstrap-2@group-0AAC5367B30E: appendEntries* reply omNode-1<-omNode-bootstrap-2#133:FAIL-t1,INCONSISTENCY,nextIndex=0,followerCommit=-1,matchIndex=-1
2024-07-18 11:33:56,227 [grpc-default-executor-0] INFO  impl.SnapshotInstallationHandler (SnapshotInstallationHandler.java:installSnapshot(92)) - omNode-bootstrap-2@group-0AAC5367B30E: receive installSnapshot: omNode-1->omNode-bootstrap-2#0-t1,notify:(t:1, i:0)
2024-07-18 11:33:56,227 [grpc-default-executor-0] INFO  impl.SnapshotInstallationHandler (SnapshotInstallationHandler.java:installSnapshotImpl(138)) - omNode-bootstrap-2@group-0AAC5367B30E: set new configuration configurationEntry {
  peers {
    id: "omNode-3"
    address: "localhost:15023"
    startupRole: FOLLOWER
  }
  peers {
    id: "omNode-1"
    address: "localhost:15015"
    startupRole: FOLLOWER
  }
  peers {
    id: "omNode-2"
    address: "localhost:15019"
    startupRole: FOLLOWER
  }
}
 from snapshot
2024-07-18 11:33:56,227 [grpc-default-executor-0] INFO  server.RaftServer$Division (ServerState.java:setRaftConf(386)) - omNode-bootstrap-2@group-0AAC5367B30E: set configuration conf: {index: 0, cur=peers:[omNode-3|localhost:15023, omNode-1|localhost:15015, omNode-2|localhost:15019]|listeners:[], old=null}
2024-07-18 11:33:56,229 [grpc-default-executor-0] INFO  ratis.OzoneManagerStateMachine (OzoneManagerStateMachine.java:notifyConfigurationChanged(216)) - Received Configuration change notification from Ratis. New Peer list:
[id: "omNode-3"
address: "localhost:15023"
startupRole: FOLLOWER
, id: "omNode-1"
address: "localhost:15015"
startupRole: FOLLOWER
, id: "omNode-2"
address: "localhost:15019"
startupRole: FOLLOWER
]
2024-07-18 11:33:56,229 [grpc-default-executor-0] INFO  impl.SnapshotInstallationHandler (SnapshotInstallationHandler.java:installSnapshot(103)) - omNode-bootstrap-2@group-0AAC5367B30E: reply installSnapshot: omNode-1<-omNode-bootstrap-2#0:FAIL-t1,IN_PROGRESS,snapshotIndex=0
2024-07-18 11:33:56,229 [grpc-default-executor-0] INFO  server.GrpcServerProtocolService (GrpcServerProtocolService.java:onCompleted(157)) - omNode-bootstrap-2: Completed INSTALL_SNAPSHOT, lastRequest: omNode-1->omNode-bootstrap-2#0-t1,notify:(t:1, i:0)
2024-07-18 11:33:56,229 [grpc-default-executor-0] INFO  server.GrpcServerProtocolService (GrpcServerProtocolService.java:lambda$onCompleted$5(159)) - omNode-bootstrap-2: Completed INSTALL_SNAPSHOT, lastReply: null
2024-07-18 11:33:56,230 [omNode-bootstrap-2-server-thread1] INFO  server.RaftServer$Division (RaftServerImpl.java:checkInconsistentAppendEntries(1629)) - omNode-bootstrap-2@group-0AAC5367B30E: Failed appendEntries as snapshot (0) installation is in progress
2024-07-18 11:33:56,230 [omNode-bootstrap-2-server-thread1] INFO  server.RaftServer$Division (RaftServerImpl.java:appendEntriesAsync(1584)) - omNode-bootstrap-2@group-0AAC5367B30E: appendEntries* reply omNode-1<-omNode-bootstrap-2#134:FAIL-t1,INCONSISTENCY,nextIndex=0,followerCommit=-1,matchIndex=-1
2024-07-18 11:33:56,232 [grpc-default-executor-0] INFO  impl.SnapshotInstallationHandler (SnapshotInstallationHandler.java:installSnapshot(92)) - omNode-bootstrap-2@group-0AAC5367B30E: receive installSnapshot: omNode-1->omNode-bootstrap-2#0-t1,notify:(t:1, i:0)
2024-07-18 11:33:56,232 [grpc-default-executor-0] INFO  impl.SnapshotInstallationHandler (SnapshotInstallationHandler.java:installSnapshotImpl(138)) - omNode-bootstrap-2@group-0AAC5367B30E: set new configuration configurationEntry {
  peers {
    id: "omNode-3"
    address: "localhost:15023"
    startupRole: FOLLOWER
  }
  peers {
    id: "omNode-1"
    address: "localhost:15015"
    startupRole: FOLLOWER
  }
  peers {
    id: "omNode-2"
    address: "localhost:15019"
    startupRole: FOLLOWER
  }
}
 from snapshot
2024-07-18 11:33:56,232 [grpc-default-executor-0] INFO  server.RaftServer$Division (ServerState.java:setRaftConf(386)) - omNode-bootstrap-2@group-0AAC5367B30E: set configuration conf: {index: 0, cur=peers:[omNode-3|localhost:15023, omNode-1|localhost:15015, omNode-2|localhost:15019]|listeners:[], old=null}
2024-07-18 11:33:56,233 [grpc-default-executor-0] INFO  ratis.OzoneManagerStateMachine (OzoneManagerStateMachine.java:notifyConfigurationChanged(216)) - Received Configuration change notification from Ratis. New Peer list:
[id: "omNode-3"
address: "localhost:15023"
startupRole: FOLLOWER
, id: "omNode-1"
address: "localhost:15015"
startupRole: FOLLOWER
, id: "omNode-2"
address: "localhost:15019"
startupRole: FOLLOWER
]
2024-07-18 11:33:56,233 [grpc-default-executor-0] INFO  impl.SnapshotInstallationHandler (SnapshotInstallationHandler.java:installSnapshot(103)) - omNode-bootstrap-2@group-0AAC5367B30E: reply installSnapshot: omNode-1<-omNode-bootstrap-2#0:FAIL-t1,IN_PROGRESS,snapshotIndex=0
2024-07-18 11:33:56,233 [grpc-default-executor-0] INFO  server.GrpcServerProtocolService (GrpcServerProtocolService.java:onCompleted(157)) - omNode-bootstrap-2: Completed INSTALL_SNAPSHOT, lastRequest: omNode-1->omNode-bootstrap-2#0-t1,notify:(t:1, i:0)
2024-07-18 11:33:56,234 [grpc-default-executor-0] INFO  server.GrpcServerProtocolService (GrpcServerProtocolService.java:lambda$onCompleted$5(159)) - omNode-bootstrap-2: Completed INSTALL_SNAPSHOT, lastReply: null
2024-07-18 11:33:56,235 [omNode-bootstrap-2-server-thread1] INFO  server.RaftServer$Division (RaftServerImpl.java:checkInconsistentAppendEntries(1629)) - omNode-bootstrap-2@group-0AAC5367B30E: Failed appendEntries as snapshot (0) installation is in progress
2024-07-18 11:33:56,235 [omNode-bootstrap-2-server-thread1] INFO  server.RaftServer$Division (RaftServerImpl.java:appendEntriesAsync(1584)) - omNode-bootstrap-2@group-0AAC5367B30E: appendEntries* reply omNode-1<-omNode-bootstrap-2#135:FAIL-t1,INCONSISTENCY,nextIndex=0,followerCommit=-1,matchIndex=-1
2024-07-18 11:33:56,235 [grpc-default-executor-0] INFO  impl.SnapshotInstallationHandler (SnapshotInstallationHandler.java:installSnapshot(92)) - omNode-bootstrap-2@group-0AAC5367B30E: receive installSnapshot: omNode-1->omNode-bootstrap-2#0-t1,notify:(t:1, i:0)
2024-07-18 11:33:56,236 [grpc-default-executor-0] INFO  impl.SnapshotInstallationHandler (SnapshotInstallationHandler.java:installSnapshotImpl(138)) - omNode-bootstrap-2@group-0AAC5367B30E: set new configuration configurationEntry {
  peers {
    id: "omNode-3"
    address: "localhost:15023"
    startupRole: FOLLOWER
  }
  peers {
    id: "omNode-1"
    address: "localhost:15015"
    startupRole: FOLLOWER
  }
  peers {
    id: "omNode-2"
    address: "localhost:15019"
    startupRole: FOLLOWER
  }
}
 from snapshot
2024-07-18 11:33:56,236 [grpc-default-executor-0] INFO  server.RaftServer$Division (ServerState.java:setRaftConf(386)) - omNode-bootstrap-2@group-0AAC5367B30E: set configuration conf: {index: 0, cur=peers:[omNode-3|localhost:15023, omNode-1|localhost:15015, omNode-2|localhost:15019]|listeners:[], old=null}
2024-07-18 11:33:56,237 [grpc-default-executor-0] INFO  ratis.OzoneManagerStateMachine (OzoneManagerStateMachine.java:notifyConfigurationChanged(216)) - Received Configuration change notification from Ratis. New Peer list:
[id: "omNode-3"
address: "localhost:15023"
startupRole: FOLLOWER
, id: "omNode-1"
address: "localhost:15015"
startupRole: FOLLOWER
, id: "omNode-2"
address: "localhost:15019"
startupRole: FOLLOWER
]
2024-07-18 11:33:56,237 [grpc-default-executor-0] INFO  impl.SnapshotInstallationHandler (SnapshotInstallationHandler.java:installSnapshot(103)) - omNode-bootstrap-2@group-0AAC5367B30E: reply installSnapshot: omNode-1<-omNode-bootstrap-2#0:FAIL-t1,IN_PROGRESS,snapshotIndex=0
2024-07-18 11:33:56,238 [grpc-default-executor-0] INFO  server.GrpcServerProtocolService (GrpcServerProtocolService.java:onCompleted(157)) - omNode-bootstrap-2: Completed INSTALL_SNAPSHOT, lastRequest: omNode-1->omNode-bootstrap-2#0-t1,notify:(t:1, i:0)
2024-07-18 11:33:56,238 [grpc-default-executor-0] INFO  server.GrpcServerProtocolService (GrpcServerProtocolService.java:lambda$onCompleted$5(159)) - omNode-bootstrap-2: Completed INSTALL_SNAPSHOT, lastReply: null
2024-07-18 11:33:56,239 [omNode-bootstrap-2-server-thread1] INFO  server.RaftServer$Division (RaftServerImpl.java:checkInconsistentAppendEntries(1629)) - omNode-bootstrap-2@group-0AAC5367B30E: Failed appendEntries as snapshot (0) installation is in progress
2024-07-18 11:33:56,239 [omNode-bootstrap-2-server-thread1] INFO  server.RaftServer$Division (RaftServerImpl.java:appendEntriesAsync(1584)) - omNode-bootstrap-2@group-0AAC5367B30E: appendEntries* reply omNode-1<-omNode-bootstrap-2#136:FAIL-t1,INCONSISTENCY,nextIndex=0,followerCommit=-1,matchIndex=-1
2024-07-18 11:33:56,241 [grpc-default-executor-0] INFO  impl.SnapshotInstallationHandler (SnapshotInstallationHandler.java:installSnapshot(92)) - omNode-bootstrap-2@group-0AAC5367B30E: receive installSnapshot: omNode-1->omNode-bootstrap-2#0-t1,notify:(t:1, i:0)
2024-07-18 11:33:56,241 [grpc-default-executor-0] INFO  impl.SnapshotInstallationHandler (SnapshotInstallationHandler.java:installSnapshotImpl(138)) - omNode-bootstrap-2@group-0AAC5367B30E: set new configuration configurationEntry {
  peers {
    id: "omNode-3"
    address: "localhost:15023"
    startupRole: FOLLOWER
  }
  peers {
    id: "omNode-1"
    address: "localhost:15015"
    startupRole: FOLLOWER
  }
  peers {
    id: "omNode-2"
    address: "localhost:15019"
    startupRole: FOLLOWER
  }
}
 from snapshot
2024-07-18 11:33:56,241 [grpc-default-executor-0] INFO  server.RaftServer$Division (ServerState.java:setRaftConf(386)) - omNode-bootstrap-2@group-0AAC5367B30E: set configuration conf: {index: 0, cur=peers:[omNode-3|localhost:15023, omNode-1|localhost:15015, omNode-2|localhost:15019]|listeners:[], old=null}
2024-07-18 11:33:56,243 [grpc-default-executor-0] INFO  ratis.OzoneManagerStateMachine (OzoneManagerStateMachine.java:notifyConfigurationChanged(216)) - Received Configuration change notification from Ratis. New Peer list:
[id: "omNode-3"
address: "localhost:15023"
startupRole: FOLLOWER
, id: "omNode-1"
address: "localhost:15015"
startupRole: FOLLOWER
, id: "omNode-2"
address: "localhost:15019"
startupRole: FOLLOWER
]
2024-07-18 11:33:56,243 [grpc-default-executor-0] INFO  impl.SnapshotInstallationHandler (SnapshotInstallationHandler.java:installSnapshot(103)) - omNode-bootstrap-2@group-0AAC5367B30E: reply installSnapshot: omNode-1<-omNode-bootstrap-2#0:FAIL-t1,IN_PROGRESS,snapshotIndex=0
2024-07-18 11:33:56,244 [grpc-default-executor-0] INFO  server.GrpcServerProtocolService (GrpcServerProtocolService.java:onCompleted(157)) - omNode-bootstrap-2: Completed INSTALL_SNAPSHOT, lastRequest: omNode-1->omNode-bootstrap-2#0-t1,notify:(t:1, i:0)
2024-07-18 11:33:56,244 [grpc-default-executor-0] INFO  server.GrpcServerProtocolService (GrpcServerProtocolService.java:lambda$onCompleted$5(159)) - omNode-bootstrap-2: Completed INSTALL_SNAPSHOT, lastReply: null
2024-07-18 11:33:56,247 [omNode-bootstrap-2-server-thread1] INFO  server.RaftServer$Division (RaftServerImpl.java:checkInconsistentAppendEntries(1629)) - omNode-bootstrap-2@group-0AAC5367B30E: Failed appendEntries as snapshot (0) installation is in progress
2024-07-18 11:33:56,247 [omNode-bootstrap-2-server-thread1] INFO  server.RaftServer$Division (RaftServerImpl.java:appendEntriesAsync(1584)) - omNode-bootstrap-2@group-0AAC5367B30E: appendEntries* reply omNode-1<-omNode-bootstrap-2#137:FAIL-t1,INCONSISTENCY,nextIndex=0,followerCommit=-1,matchIndex=-1
2024-07-18 11:33:56,249 [grpc-default-executor-3] INFO  impl.SnapshotInstallationHandler (SnapshotInstallationHandler.java:installSnapshot(92)) - omNode-bootstrap-2@group-0AAC5367B30E: receive installSnapshot: omNode-1->omNode-bootstrap-2#0-t1,notify:(t:1, i:0)
2024-07-18 11:33:56,249 [grpc-default-executor-3] INFO  impl.SnapshotInstallationHandler (SnapshotInstallationHandler.java:installSnapshotImpl(138)) - omNode-bootstrap-2@group-0AAC5367B30E: set new configuration configurationEntry {
  peers {
    id: "omNode-3"
    address: "localhost:15023"
    startupRole: FOLLOWER
  }
  peers {
    id: "omNode-1"
    address: "localhost:15015"
    startupRole: FOLLOWER
  }
  peers {
    id: "omNode-2"
    address: "localhost:15019"
    startupRole: FOLLOWER
  }
}
 from snapshot
2024-07-18 11:33:56,249 [grpc-default-executor-3] INFO  server.RaftServer$Division (ServerState.java:setRaftConf(386)) - omNode-bootstrap-2@group-0AAC5367B30E: set configuration conf: {index: 0, cur=peers:[omNode-3|localhost:15023, omNode-1|localhost:15015, omNode-2|localhost:15019]|listeners:[], old=null}
2024-07-18 11:33:56,249 [qtp1041410699-437] INFO  rocksdiff.RocksDBCheckpointDiffer (RocksDBCheckpointDiffer.java:close(306)) - Shutting down CompactionDagPruningService.
2024-07-18 11:33:56,250 [grpc-default-executor-3] INFO  ratis.OzoneManagerStateMachine (OzoneManagerStateMachine.java:notifyConfigurationChanged(216)) - Received Configuration change notification from Ratis. New Peer list:
[id: "omNode-3"
address: "localhost:15023"
startupRole: FOLLOWER
, id: "omNode-1"
address: "localhost:15015"
startupRole: FOLLOWER
, id: "omNode-2"
address: "localhost:15019"
startupRole: FOLLOWER
]
2024-07-18 11:33:56,251 [grpc-default-executor-3] INFO  impl.SnapshotInstallationHandler (SnapshotInstallationHandler.java:installSnapshot(103)) - omNode-bootstrap-2@group-0AAC5367B30E: reply installSnapshot: omNode-1<-omNode-bootstrap-2#0:FAIL-t1,IN_PROGRESS,snapshotIndex=0
2024-07-18 11:33:56,251 [grpc-default-executor-3] INFO  server.GrpcServerProtocolService (GrpcServerProtocolService.java:onCompleted(157)) - omNode-bootstrap-2: Completed INSTALL_SNAPSHOT, lastRequest: omNode-1->omNode-bootstrap-2#0-t1,notify:(t:1, i:0)
2024-07-18 11:33:56,251 [grpc-default-executor-3] INFO  server.GrpcServerProtocolService (GrpcServerProtocolService.java:lambda$onCompleted$5(159)) - omNode-bootstrap-2: Completed INSTALL_SNAPSHOT, lastReply: null
2024-07-18 11:33:56,252 [omNode-bootstrap-2-server-thread1] INFO  server.RaftServer$Division (RaftServerImpl.java:checkInconsistentAppendEntries(1629)) - omNode-bootstrap-2@group-0AAC5367B30E: Failed appendEntries as snapshot (0) installation is in progress
2024-07-18 11:33:56,252 [omNode-bootstrap-2-server-thread1] INFO  server.RaftServer$Division (RaftServerImpl.java:appendEntriesAsync(1584)) - omNode-bootstrap-2@group-0AAC5367B30E: appendEntries* reply omNode-1<-omNode-bootstrap-2#138:FAIL-t1,INCONSISTENCY,nextIndex=0,followerCommit=-1,matchIndex=-1
2024-07-18 11:33:56,252 [grpc-default-executor-5] INFO  impl.SnapshotInstallationHandler (SnapshotInstallationHandler.java:installSnapshot(92)) - omNode-bootstrap-2@group-0AAC5367B30E: receive installSnapshot: omNode-1->omNode-bootstrap-2#0-t1,notify:(t:1, i:0)
2024-07-18 11:33:56,252 [grpc-default-executor-5] INFO  impl.SnapshotInstallationHandler (SnapshotInstallationHandler.java:installSnapshotImpl(138)) - omNode-bootstrap-2@group-0AAC5367B30E: set new configuration configurationEntry {
  peers {
    id: "omNode-3"
    address: "localhost:15023"
    startupRole: FOLLOWER
  }
  peers {
    id: "omNode-1"
    address: "localhost:15015"
    startupRole: FOLLOWER
  }
  peers {
    id: "omNode-2"
    address: "localhost:15019"
    startupRole: FOLLOWER
  }
}
 from snapshot
2024-07-18 11:33:56,253 [grpc-default-executor-5] INFO  server.RaftServer$Division (ServerState.java:setRaftConf(386)) - omNode-bootstrap-2@group-0AAC5367B30E: set configuration conf: {index: 0, cur=peers:[omNode-3|localhost:15023, omNode-1|localhost:15015, omNode-2|localhost:15019]|listeners:[], old=null}
2024-07-18 11:33:56,253 [grpc-default-executor-5] INFO  ratis.OzoneManagerStateMachine (OzoneManagerStateMachine.java:notifyConfigurationChanged(216)) - Received Configuration change notification from Ratis. New Peer list:
[id: "omNode-3"
address: "localhost:15023"
startupRole: FOLLOWER
, id: "omNode-1"
address: "localhost:15015"
startupRole: FOLLOWER
, id: "omNode-2"
address: "localhost:15019"
startupRole: FOLLOWER
]
2024-07-18 11:33:56,254 [grpc-default-executor-5] INFO  impl.SnapshotInstallationHandler (SnapshotInstallationHandler.java:installSnapshot(103)) - omNode-bootstrap-2@group-0AAC5367B30E: reply installSnapshot: omNode-1<-omNode-bootstrap-2#0:FAIL-t1,IN_PROGRESS,snapshotIndex=0
2024-07-18 11:33:56,254 [grpc-default-executor-5] INFO  server.GrpcServerProtocolService (GrpcServerProtocolService.java:onCompleted(157)) - omNode-bootstrap-2: Completed INSTALL_SNAPSHOT, lastRequest: omNode-1->omNode-bootstrap-2#0-t1,notify:(t:1, i:0)
2024-07-18 11:33:56,254 [grpc-default-executor-5] INFO  server.GrpcServerProtocolService (GrpcServerProtocolService.java:lambda$onCompleted$5(159)) - omNode-bootstrap-2: Completed INSTALL_SNAPSHOT, lastReply: null
2024-07-18 11:33:56,255 [omNode-bootstrap-2-server-thread1] INFO  server.RaftServer$Division (RaftServerImpl.java:checkInconsistentAppendEntries(1629)) - omNode-bootstrap-2@group-0AAC5367B30E: Failed appendEntries as snapshot (0) installation is in progress
2024-07-18 11:33:56,255 [omNode-bootstrap-2-server-thread1] INFO  server.RaftServer$Division (RaftServerImpl.java:appendEntriesAsync(1584)) - omNode-bootstrap-2@group-0AAC5367B30E: appendEntries* reply omNode-1<-omNode-bootstrap-2#139:FAIL-t1,INCONSISTENCY,nextIndex=0,followerCommit=-1,matchIndex=-1
2024-07-18 11:33:56,255 [grpc-default-executor-0] INFO  impl.SnapshotInstallationHandler (SnapshotInstallationHandler.java:installSnapshot(92)) - omNode-bootstrap-2@group-0AAC5367B30E: receive installSnapshot: omNode-1->omNode-bootstrap-2#0-t1,notify:(t:1, i:0)
2024-07-18 11:33:56,255 [grpc-default-executor-0] INFO  impl.SnapshotInstallationHandler (SnapshotInstallationHandler.java:installSnapshotImpl(138)) - omNode-bootstrap-2@group-0AAC5367B30E: set new configuration configurationEntry {
  peers {
    id: "omNode-3"
    address: "localhost:15023"
    startupRole: FOLLOWER
  }
  peers {
    id: "omNode-1"
    address: "localhost:15015"
    startupRole: FOLLOWER
  }
  peers {
    id: "omNode-2"
    address: "localhost:15019"
    startupRole: FOLLOWER
  }
}
 from snapshot
2024-07-18 11:33:56,255 [grpc-default-executor-0] INFO  server.RaftServer$Division (ServerState.java:setRaftConf(386)) - omNode-bootstrap-2@group-0AAC5367B30E: set configuration conf: {index: 0, cur=peers:[omNode-3|localhost:15023, omNode-1|localhost:15015, omNode-2|localhost:15019]|listeners:[], old=null}
2024-07-18 11:33:56,256 [grpc-default-executor-0] INFO  ratis.OzoneManagerStateMachine (OzoneManagerStateMachine.java:notifyConfigurationChanged(216)) - Received Configuration change notification from Ratis. New Peer list:
[id: "omNode-3"
address: "localhost:15023"
startupRole: FOLLOWER
, id: "omNode-1"
address: "localhost:15015"
startupRole: FOLLOWER
, id: "omNode-2"
address: "localhost:15019"
startupRole: FOLLOWER
]
2024-07-18 11:33:56,256 [grpc-default-executor-0] INFO  impl.SnapshotInstallationHandler (SnapshotInstallationHandler.java:installSnapshot(103)) - omNode-bootstrap-2@group-0AAC5367B30E: reply installSnapshot: omNode-1<-omNode-bootstrap-2#0:FAIL-t1,IN_PROGRESS,snapshotIndex=0
2024-07-18 11:33:56,256 [grpc-default-executor-0] INFO  server.GrpcServerProtocolService (GrpcServerProtocolService.java:onCompleted(157)) - omNode-bootstrap-2: Completed INSTALL_SNAPSHOT, lastRequest: omNode-1->omNode-bootstrap-2#0-t1,notify:(t:1, i:0)
2024-07-18 11:33:56,257 [grpc-default-executor-0] INFO  server.GrpcServerProtocolService (GrpcServerProtocolService.java:lambda$onCompleted$5(159)) - omNode-bootstrap-2: Completed INSTALL_SNAPSHOT, lastReply: null
2024-07-18 11:33:56,257 [omNode-bootstrap-2-server-thread1] INFO  server.RaftServer$Division (RaftServerImpl.java:checkInconsistentAppendEntries(1629)) - omNode-bootstrap-2@group-0AAC5367B30E: Failed appendEntries as snapshot (0) installation is in progress
2024-07-18 11:33:56,257 [omNode-bootstrap-2-server-thread1] INFO  server.RaftServer$Division (RaftServerImpl.java:appendEntriesAsync(1584)) - omNode-bootstrap-2@group-0AAC5367B30E: appendEntries* reply omNode-1<-omNode-bootstrap-2#140:FAIL-t1,INCONSISTENCY,nextIndex=0,followerCommit=-1,matchIndex=-1
2024-07-18 11:33:56,258 [grpc-default-executor-3] INFO  impl.SnapshotInstallationHandler (SnapshotInstallationHandler.java:installSnapshot(92)) - omNode-bootstrap-2@group-0AAC5367B30E: receive installSnapshot: omNode-1->omNode-bootstrap-2#0-t1,notify:(t:1, i:0)
2024-07-18 11:33:56,258 [grpc-default-executor-3] INFO  impl.SnapshotInstallationHandler (SnapshotInstallationHandler.java:installSnapshotImpl(138)) - omNode-bootstrap-2@group-0AAC5367B30E: set new configuration configurationEntry {
  peers {
    id: "omNode-3"
    address: "localhost:15023"
    startupRole: FOLLOWER
  }
  peers {
    id: "omNode-1"
    address: "localhost:15015"
    startupRole: FOLLOWER
  }
  peers {
    id: "omNode-2"
    address: "localhost:15019"
    startupRole: FOLLOWER
  }
}
 from snapshot
2024-07-18 11:33:56,258 [grpc-default-executor-3] INFO  server.RaftServer$Division (ServerState.java:setRaftConf(386)) - omNode-bootstrap-2@group-0AAC5367B30E: set configuration conf: {index: 0, cur=peers:[omNode-3|localhost:15023, omNode-1|localhost:15015, omNode-2|localhost:15019]|listeners:[], old=null}
2024-07-18 11:33:56,259 [grpc-default-executor-3] INFO  ratis.OzoneManagerStateMachine (OzoneManagerStateMachine.java:notifyConfigurationChanged(216)) - Received Configuration change notification from Ratis. New Peer list:
[id: "omNode-3"
address: "localhost:15023"
startupRole: FOLLOWER
, id: "omNode-1"
address: "localhost:15015"
startupRole: FOLLOWER
, id: "omNode-2"
address: "localhost:15019"
startupRole: FOLLOWER
]
2024-07-18 11:33:56,259 [grpc-default-executor-3] INFO  impl.SnapshotInstallationHandler (SnapshotInstallationHandler.java:installSnapshot(103)) - omNode-bootstrap-2@group-0AAC5367B30E: reply installSnapshot: omNode-1<-omNode-bootstrap-2#0:FAIL-t1,IN_PROGRESS,snapshotIndex=0
2024-07-18 11:33:56,259 [grpc-default-executor-3] INFO  server.GrpcServerProtocolService (GrpcServerProtocolService.java:onCompleted(157)) - omNode-bootstrap-2: Completed INSTALL_SNAPSHOT, lastRequest: omNode-1->omNode-bootstrap-2#0-t1,notify:(t:1, i:0)
2024-07-18 11:33:56,259 [grpc-default-executor-3] INFO  server.GrpcServerProtocolService (GrpcServerProtocolService.java:lambda$onCompleted$5(159)) - omNode-bootstrap-2: Completed INSTALL_SNAPSHOT, lastReply: null
2024-07-18 11:33:56,261 [omNode-bootstrap-2-server-thread1] INFO  server.RaftServer$Division (RaftServerImpl.java:checkInconsistentAppendEntries(1629)) - omNode-bootstrap-2@group-0AAC5367B30E: Failed appendEntries as snapshot (0) installation is in progress
2024-07-18 11:33:56,261 [omNode-bootstrap-2-server-thread1] INFO  server.RaftServer$Division (RaftServerImpl.java:appendEntriesAsync(1584)) - omNode-bootstrap-2@group-0AAC5367B30E: appendEntries* reply omNode-1<-omNode-bootstrap-2#141:FAIL-t1,INCONSISTENCY,nextIndex=0,followerCommit=-1,matchIndex=-1
2024-07-18 11:33:56,262 [grpc-default-executor-0] INFO  impl.SnapshotInstallationHandler (SnapshotInstallationHandler.java:installSnapshot(92)) - omNode-bootstrap-2@group-0AAC5367B30E: receive installSnapshot: omNode-1->omNode-bootstrap-2#0-t1,notify:(t:1, i:0)
2024-07-18 11:33:56,262 [grpc-default-executor-0] INFO  impl.SnapshotInstallationHandler (SnapshotInstallationHandler.java:installSnapshotImpl(138)) - omNode-bootstrap-2@group-0AAC5367B30E: set new configuration configurationEntry {
  peers {
    id: "omNode-3"
    address: "localhost:15023"
    startupRole: FOLLOWER
  }
  peers {
    id: "omNode-1"
    address: "localhost:15015"
    startupRole: FOLLOWER
  }
  peers {
    id: "omNode-2"
    address: "localhost:15019"
    startupRole: FOLLOWER
  }
}
 from snapshot
2024-07-18 11:33:56,262 [grpc-default-executor-0] INFO  server.RaftServer$Division (ServerState.java:setRaftConf(386)) - omNode-bootstrap-2@group-0AAC5367B30E: set configuration conf: {index: 0, cur=peers:[omNode-3|localhost:15023, omNode-1|localhost:15015, omNode-2|localhost:15019]|listeners:[], old=null}
2024-07-18 11:33:56,264 [grpc-default-executor-0] INFO  ratis.OzoneManagerStateMachine (OzoneManagerStateMachine.java:notifyConfigurationChanged(216)) - Received Configuration change notification from Ratis. New Peer list:
[id: "omNode-3"
address: "localhost:15023"
startupRole: FOLLOWER
, id: "omNode-1"
address: "localhost:15015"
startupRole: FOLLOWER
, id: "omNode-2"
address: "localhost:15019"
startupRole: FOLLOWER
]
2024-07-18 11:33:56,264 [grpc-default-executor-0] INFO  impl.SnapshotInstallationHandler (SnapshotInstallationHandler.java:installSnapshot(103)) - omNode-bootstrap-2@group-0AAC5367B30E: reply installSnapshot: omNode-1<-omNode-bootstrap-2#0:FAIL-t1,IN_PROGRESS,snapshotIndex=0
2024-07-18 11:33:56,264 [grpc-default-executor-0] INFO  server.GrpcServerProtocolService (GrpcServerProtocolService.java:onCompleted(157)) - omNode-bootstrap-2: Completed INSTALL_SNAPSHOT, lastRequest: omNode-1->omNode-bootstrap-2#0-t1,notify:(t:1, i:0)
2024-07-18 11:33:56,264 [grpc-default-executor-0] INFO  server.GrpcServerProtocolService (GrpcServerProtocolService.java:lambda$onCompleted$5(159)) - omNode-bootstrap-2: Completed INSTALL_SNAPSHOT, lastReply: null
2024-07-18 11:33:56,271 [grpc-default-executor-3] INFO  impl.SnapshotInstallationHandler (SnapshotInstallationHandler.java:installSnapshot(92)) - omNode-bootstrap-2@group-0AAC5367B30E: receive installSnapshot: omNode-1->omNode-bootstrap-2#0-t1,notify:(t:1, i:0)
2024-07-18 11:33:56,271 [grpc-default-executor-3] INFO  impl.SnapshotInstallationHandler (SnapshotInstallationHandler.java:installSnapshotImpl(138)) - omNode-bootstrap-2@group-0AAC5367B30E: set new configuration configurationEntry {
  peers {
    id: "omNode-3"
    address: "localhost:15023"
    startupRole: FOLLOWER
  }
  peers {
    id: "omNode-1"
    address: "localhost:15015"
    startupRole: FOLLOWER
  }
  peers {
    id: "omNode-2"
    address: "localhost:15019"
    startupRole: FOLLOWER
  }
}
 from snapshot
2024-07-18 11:33:56,271 [grpc-default-executor-3] INFO  server.RaftServer$Division (ServerState.java:setRaftConf(386)) - omNode-bootstrap-2@group-0AAC5367B30E: set configuration conf: {index: 0, cur=peers:[omNode-3|localhost:15023, omNode-1|localhost:15015, omNode-2|localhost:15019]|listeners:[], old=null}
2024-07-18 11:33:56,272 [grpc-default-executor-3] INFO  ratis.OzoneManagerStateMachine (OzoneManagerStateMachine.java:notifyConfigurationChanged(216)) - Received Configuration change notification from Ratis. New Peer list:
[id: "omNode-3"
address: "localhost:15023"
startupRole: FOLLOWER
, id: "omNode-1"
address: "localhost:15015"
startupRole: FOLLOWER
, id: "omNode-2"
address: "localhost:15019"
startupRole: FOLLOWER
]
2024-07-18 11:33:56,272 [grpc-default-executor-3] INFO  impl.SnapshotInstallationHandler (SnapshotInstallationHandler.java:installSnapshot(103)) - omNode-bootstrap-2@group-0AAC5367B30E: reply installSnapshot: omNode-1<-omNode-bootstrap-2#0:FAIL-t1,IN_PROGRESS,snapshotIndex=0
2024-07-18 11:33:56,272 [grpc-default-executor-3] INFO  server.GrpcServerProtocolService (GrpcServerProtocolService.java:onCompleted(157)) - omNode-bootstrap-2: Completed INSTALL_SNAPSHOT, lastRequest: omNode-1->omNode-bootstrap-2#0-t1,notify:(t:1, i:0)
2024-07-18 11:33:56,272 [grpc-default-executor-3] INFO  server.GrpcServerProtocolService (GrpcServerProtocolService.java:lambda$onCompleted$5(159)) - omNode-bootstrap-2: Completed INSTALL_SNAPSHOT, lastReply: null
2024-07-18 11:33:56,274 [grpc-default-executor-0] INFO  impl.SnapshotInstallationHandler (SnapshotInstallationHandler.java:installSnapshot(92)) - omNode-bootstrap-2@group-0AAC5367B30E: receive installSnapshot: omNode-1->omNode-bootstrap-2#0-t1,notify:(t:1, i:0)
2024-07-18 11:33:56,274 [omNode-bootstrap-2-server-thread1] INFO  server.RaftServer$Division (RaftServerImpl.java:checkInconsistentAppendEntries(1629)) - omNode-bootstrap-2@group-0AAC5367B30E: Failed appendEntries as snapshot (0) installation is in progress
2024-07-18 11:33:56,274 [grpc-default-executor-0] INFO  impl.SnapshotInstallationHandler (SnapshotInstallationHandler.java:installSnapshotImpl(138)) - omNode-bootstrap-2@group-0AAC5367B30E: set new configuration configurationEntry {
  peers {
    id: "omNode-3"
    address: "localhost:15023"
    startupRole: FOLLOWER
  }
  peers {
    id: "omNode-1"
    address: "localhost:15015"
    startupRole: FOLLOWER
  }
  peers {
    id: "omNode-2"
    address: "localhost:15019"
    startupRole: FOLLOWER
  }
}
 from snapshot
2024-07-18 11:33:56,274 [omNode-bootstrap-2-server-thread1] INFO  server.RaftServer$Division (RaftServerImpl.java:appendEntriesAsync(1584)) - omNode-bootstrap-2@group-0AAC5367B30E: appendEntries* reply omNode-1<-omNode-bootstrap-2#142:FAIL-t1,INCONSISTENCY,nextIndex=0,followerCommit=-1,matchIndex=-1
2024-07-18 11:33:56,274 [grpc-default-executor-0] INFO  server.RaftServer$Division (ServerState.java:setRaftConf(386)) - omNode-bootstrap-2@group-0AAC5367B30E: set configuration conf: {index: 0, cur=peers:[omNode-3|localhost:15023, omNode-1|localhost:15015, omNode-2|localhost:15019]|listeners:[], old=null}
2024-07-18 11:33:56,274 [omNode-bootstrap-2-server-thread1] INFO  server.RaftServer$Division (RaftServerImpl.java:checkInconsistentAppendEntries(1629)) - omNode-bootstrap-2@group-0AAC5367B30E: Failed appendEntries as snapshot (0) installation is in progress
2024-07-18 11:33:56,274 [omNode-bootstrap-2-server-thread1] INFO  server.RaftServer$Division (RaftServerImpl.java:appendEntriesAsync(1584)) - omNode-bootstrap-2@group-0AAC5367B30E: appendEntries* reply omNode-1<-omNode-bootstrap-2#143:FAIL-t1,INCONSISTENCY,nextIndex=0,followerCommit=-1,matchIndex=-1
2024-07-18 11:33:56,275 [grpc-default-executor-0] INFO  ratis.OzoneManagerStateMachine (OzoneManagerStateMachine.java:notifyConfigurationChanged(216)) - Received Configuration change notification from Ratis. New Peer list:
[id: "omNode-3"
address: "localhost:15023"
startupRole: FOLLOWER
, id: "omNode-1"
address: "localhost:15015"
startupRole: FOLLOWER
, id: "omNode-2"
address: "localhost:15019"
startupRole: FOLLOWER
]
2024-07-18 11:33:56,275 [grpc-default-executor-0] INFO  impl.SnapshotInstallationHandler (SnapshotInstallationHandler.java:installSnapshot(103)) - omNode-bootstrap-2@group-0AAC5367B30E: reply installSnapshot: omNode-1<-omNode-bootstrap-2#0:FAIL-t1,IN_PROGRESS,snapshotIndex=0
2024-07-18 11:33:56,275 [grpc-default-executor-0] INFO  server.GrpcServerProtocolService (GrpcServerProtocolService.java:onCompleted(157)) - omNode-bootstrap-2: Completed INSTALL_SNAPSHOT, lastRequest: omNode-1->omNode-bootstrap-2#0-t1,notify:(t:1, i:0)
2024-07-18 11:33:56,275 [grpc-default-executor-0] INFO  server.GrpcServerProtocolService (GrpcServerProtocolService.java:lambda$onCompleted$5(159)) - omNode-bootstrap-2: Completed INSTALL_SNAPSHOT, lastReply: null
2024-07-18 11:33:56,276 [omNode-bootstrap-2-server-thread1] INFO  server.RaftServer$Division (RaftServerImpl.java:checkInconsistentAppendEntries(1629)) - omNode-bootstrap-2@group-0AAC5367B30E: Failed appendEntries as snapshot (0) installation is in progress
2024-07-18 11:33:56,276 [omNode-bootstrap-2-server-thread1] INFO  server.RaftServer$Division (RaftServerImpl.java:appendEntriesAsync(1584)) - omNode-bootstrap-2@group-0AAC5367B30E: appendEntries* reply omNode-1<-omNode-bootstrap-2#144:FAIL-t1,INCONSISTENCY,nextIndex=0,followerCommit=-1,matchIndex=-1
2024-07-18 11:33:56,279 [grpc-default-executor-3] INFO  impl.SnapshotInstallationHandler (SnapshotInstallationHandler.java:installSnapshot(92)) - omNode-bootstrap-2@group-0AAC5367B30E: receive installSnapshot: omNode-1->omNode-bootstrap-2#0-t1,notify:(t:1, i:0)
2024-07-18 11:33:56,279 [grpc-default-executor-3] INFO  impl.SnapshotInstallationHandler (SnapshotInstallationHandler.java:installSnapshotImpl(138)) - omNode-bootstrap-2@group-0AAC5367B30E: set new configuration configurationEntry {
  peers {
    id: "omNode-3"
    address: "localhost:15023"
    startupRole: FOLLOWER
  }
  peers {
    id: "omNode-1"
    address: "localhost:15015"
    startupRole: FOLLOWER
  }
  peers {
    id: "omNode-2"
    address: "localhost:15019"
    startupRole: FOLLOWER
  }
}
 from snapshot
2024-07-18 11:33:56,279 [grpc-default-executor-3] INFO  server.RaftServer$Division (ServerState.java:setRaftConf(386)) - omNode-bootstrap-2@group-0AAC5367B30E: set configuration conf: {index: 0, cur=peers:[omNode-3|localhost:15023, omNode-1|localhost:15015, omNode-2|localhost:15019]|listeners:[], old=null}
2024-07-18 11:33:56,279 [qtp1041410699-437] INFO  utils.DBCheckpointServlet (DBCheckpointServlet.java:generateSnapshotCheckpoint(225)) - Time taken to write the checkpoint to response output stream: 194 milliseconds
2024-07-18 11:33:56,280 [qtp1041410699-437] INFO  utils.DBCheckpointServlet (DBCheckpointServlet.java:generateSnapshotCheckpoint(228)) - Excluded SST [] from the latest checkpoint.
2024-07-18 11:33:56,281 [grpc-default-executor-3] INFO  ratis.OzoneManagerStateMachine (OzoneManagerStateMachine.java:notifyConfigurationChanged(216)) - Received Configuration change notification from Ratis. New Peer list:
[id: "omNode-3"
address: "localhost:15023"
startupRole: FOLLOWER
, id: "omNode-1"
address: "localhost:15015"
startupRole: FOLLOWER
, id: "omNode-2"
address: "localhost:15019"
startupRole: FOLLOWER
]
2024-07-18 11:33:56,281 [grpc-default-executor-3] INFO  impl.SnapshotInstallationHandler (SnapshotInstallationHandler.java:installSnapshot(103)) - omNode-bootstrap-2@group-0AAC5367B30E: reply installSnapshot: omNode-1<-omNode-bootstrap-2#0:FAIL-t1,IN_PROGRESS,snapshotIndex=0
2024-07-18 11:33:56,281 [grpc-default-executor-3] INFO  server.GrpcServerProtocolService (GrpcServerProtocolService.java:onCompleted(157)) - omNode-bootstrap-2: Completed INSTALL_SNAPSHOT, lastRequest: omNode-1->omNode-bootstrap-2#0-t1,notify:(t:1, i:0)
2024-07-18 11:33:56,281 [grpc-default-executor-3] INFO  server.GrpcServerProtocolService (GrpcServerProtocolService.java:lambda$onCompleted$5(159)) - omNode-bootstrap-2: Completed INSTALL_SNAPSHOT, lastReply: null
2024-07-18 11:33:56,282 [grpc-default-executor-3] INFO  impl.SnapshotInstallationHandler (SnapshotInstallationHandler.java:installSnapshot(92)) - omNode-bootstrap-2@group-0AAC5367B30E: receive installSnapshot: omNode-1->omNode-bootstrap-2#0-t1,notify:(t:1, i:0)
2024-07-18 11:33:56,282 [grpc-default-executor-3] INFO  impl.SnapshotInstallationHandler (SnapshotInstallationHandler.java:installSnapshotImpl(138)) - omNode-bootstrap-2@group-0AAC5367B30E: set new configuration configurationEntry {
  peers {
    id: "omNode-3"
    address: "localhost:15023"
    startupRole: FOLLOWER
  }
  peers {
    id: "omNode-1"
    address: "localhost:15015"
    startupRole: FOLLOWER
  }
  peers {
    id: "omNode-2"
    address: "localhost:15019"
    startupRole: FOLLOWER
  }
}
 from snapshot
2024-07-18 11:33:56,282 [grpc-default-executor-3] INFO  server.RaftServer$Division (ServerState.java:setRaftConf(386)) - omNode-bootstrap-2@group-0AAC5367B30E: set configuration conf: {index: 0, cur=peers:[omNode-3|localhost:15023, omNode-1|localhost:15015, omNode-2|localhost:15019]|listeners:[], old=null}
2024-07-18 11:33:56,282 [omNode-bootstrap-2-InstallSnapshotThread] INFO  utils.RDBSnapshotProvider (RDBSnapshotProvider.java:downloadDBSnapshotFromLeader(118)) - Successfully download the latest snapshot /home/runner/work/ozone/ozone/hadoop-ozone/integration-test/target/test-dir/MiniOzoneClusterImpl-c0b7f50e-f813-4849-95b3-646bdd98e01d/omNode-bootstrap-2/snapshot/om.db-omNode-1-1721302435623.tar from leader OM: omNode-1
2024-07-18 11:33:56,283 [omNode-bootstrap-2-server-thread1] INFO  server.RaftServer$Division (RaftServerImpl.java:checkInconsistentAppendEntries(1629)) - omNode-bootstrap-2@group-0AAC5367B30E: Failed appendEntries as snapshot (0) installation is in progress
2024-07-18 11:33:56,283 [omNode-bootstrap-2-server-thread1] INFO  server.RaftServer$Division (RaftServerImpl.java:appendEntriesAsync(1584)) - omNode-bootstrap-2@group-0AAC5367B30E: appendEntries* reply omNode-1<-omNode-bootstrap-2#145:FAIL-t1,INCONSISTENCY,nextIndex=0,followerCommit=-1,matchIndex=-1
2024-07-18 11:33:56,284 [grpc-default-executor-3] INFO  ratis.OzoneManagerStateMachine (OzoneManagerStateMachine.java:notifyConfigurationChanged(216)) - Received Configuration change notification from Ratis. New Peer list:
[id: "omNode-3"
address: "localhost:15023"
startupRole: FOLLOWER
, id: "omNode-1"
address: "localhost:15015"
startupRole: FOLLOWER
, id: "omNode-2"
address: "localhost:15019"
startupRole: FOLLOWER
]
2024-07-18 11:33:56,284 [grpc-default-executor-3] INFO  impl.SnapshotInstallationHandler (SnapshotInstallationHandler.java:installSnapshot(103)) - omNode-bootstrap-2@group-0AAC5367B30E: reply installSnapshot: omNode-1<-omNode-bootstrap-2#0:FAIL-t1,IN_PROGRESS,snapshotIndex=0
2024-07-18 11:33:56,284 [grpc-default-executor-3] INFO  server.GrpcServerProtocolService (GrpcServerProtocolService.java:onCompleted(157)) - omNode-bootstrap-2: Completed INSTALL_SNAPSHOT, lastRequest: omNode-1->omNode-bootstrap-2#0-t1,notify:(t:1, i:0)
2024-07-18 11:33:56,284 [grpc-default-executor-3] INFO  server.GrpcServerProtocolService (GrpcServerProtocolService.java:lambda$onCompleted$5(159)) - omNode-bootstrap-2: Completed INSTALL_SNAPSHOT, lastReply: null
2024-07-18 11:33:56,286 [grpc-default-executor-0] INFO  impl.SnapshotInstallationHandler (SnapshotInstallationHandler.java:installSnapshot(92)) - omNode-bootstrap-2@group-0AAC5367B30E: receive installSnapshot: omNode-1->omNode-bootstrap-2#0-t1,notify:(t:1, i:0)
2024-07-18 11:33:56,286 [grpc-default-executor-0] INFO  impl.SnapshotInstallationHandler (SnapshotInstallationHandler.java:installSnapshotImpl(138)) - omNode-bootstrap-2@group-0AAC5367B30E: set new configuration configurationEntry {
  peers {
    id: "omNode-3"
    address: "localhost:15023"
    startupRole: FOLLOWER
  }
  peers {
    id: "omNode-1"
    address: "localhost:15015"
    startupRole: FOLLOWER
  }
  peers {
    id: "omNode-2"
    address: "localhost:15019"
    startupRole: FOLLOWER
  }
}
 from snapshot
2024-07-18 11:33:56,286 [grpc-default-executor-0] INFO  server.RaftServer$Division (ServerState.java:setRaftConf(386)) - omNode-bootstrap-2@group-0AAC5367B30E: set configuration conf: {index: 0, cur=peers:[omNode-3|localhost:15023, omNode-1|localhost:15015, omNode-2|localhost:15019]|listeners:[], old=null}
2024-07-18 11:33:56,286 [omNode-bootstrap-2-server-thread1] INFO  server.RaftServer$Division (RaftServerImpl.java:checkInconsistentAppendEntries(1629)) - omNode-bootstrap-2@group-0AAC5367B30E: Failed appendEntries as snapshot (0) installation is in progress
2024-07-18 11:33:56,287 [omNode-bootstrap-2-server-thread1] INFO  server.RaftServer$Division (RaftServerImpl.java:appendEntriesAsync(1584)) - omNode-bootstrap-2@group-0AAC5367B30E: appendEntries* reply omNode-1<-omNode-bootstrap-2#146:FAIL-t1,INCONSISTENCY,nextIndex=0,followerCommit=-1,matchIndex=-1
2024-07-18 11:33:56,287 [grpc-default-executor-0] INFO  ratis.OzoneManagerStateMachine (OzoneManagerStateMachine.java:notifyConfigurationChanged(216)) - Received Configuration change notification from Ratis. New Peer list:
[id: "omNode-3"
address: "localhost:15023"
startupRole: FOLLOWER
, id: "omNode-1"
address: "localhost:15015"
startupRole: FOLLOWER
, id: "omNode-2"
address: "localhost:15019"
startupRole: FOLLOWER
]
2024-07-18 11:33:56,287 [grpc-default-executor-0] INFO  impl.SnapshotInstallationHandler (SnapshotInstallationHandler.java:installSnapshot(103)) - omNode-bootstrap-2@group-0AAC5367B30E: reply installSnapshot: omNode-1<-omNode-bootstrap-2#0:FAIL-t1,IN_PROGRESS,snapshotIndex=0
2024-07-18 11:33:56,287 [grpc-default-executor-0] INFO  server.GrpcServerProtocolService (GrpcServerProtocolService.java:onCompleted(157)) - omNode-bootstrap-2: Completed INSTALL_SNAPSHOT, lastRequest: omNode-1->omNode-bootstrap-2#0-t1,notify:(t:1, i:0)
2024-07-18 11:33:56,287 [grpc-default-executor-0] INFO  server.GrpcServerProtocolService (GrpcServerProtocolService.java:lambda$onCompleted$5(159)) - omNode-bootstrap-2: Completed INSTALL_SNAPSHOT, lastReply: null
2024-07-18 11:33:56,288 [omNode-bootstrap-2-server-thread1] INFO  server.RaftServer$Division (RaftServerImpl.java:checkInconsistentAppendEntries(1629)) - omNode-bootstrap-2@group-0AAC5367B30E: Failed appendEntries as snapshot (0) installation is in progress
2024-07-18 11:33:56,288 [omNode-bootstrap-2-server-thread1] INFO  server.RaftServer$Division (RaftServerImpl.java:appendEntriesAsync(1584)) - omNode-bootstrap-2@group-0AAC5367B30E: appendEntries* reply omNode-1<-omNode-bootstrap-2#147:FAIL-t1,INCONSISTENCY,nextIndex=0,followerCommit=-1,matchIndex=-1
2024-07-18 11:33:56,289 [grpc-default-executor-5] INFO  impl.SnapshotInstallationHandler (SnapshotInstallationHandler.java:installSnapshot(92)) - omNode-bootstrap-2@group-0AAC5367B30E: receive installSnapshot: omNode-1->omNode-bootstrap-2#0-t1,notify:(t:1, i:0)
2024-07-18 11:33:56,289 [grpc-default-executor-5] INFO  impl.SnapshotInstallationHandler (SnapshotInstallationHandler.java:installSnapshotImpl(138)) - omNode-bootstrap-2@group-0AAC5367B30E: set new configuration configurationEntry {
  peers {
    id: "omNode-3"
    address: "localhost:15023"
    startupRole: FOLLOWER
  }
  peers {
    id: "omNode-1"
    address: "localhost:15015"
    startupRole: FOLLOWER
  }
  peers {
    id: "omNode-2"
    address: "localhost:15019"
    startupRole: FOLLOWER
  }
}
 from snapshot
2024-07-18 11:33:56,290 [grpc-default-executor-5] INFO  server.RaftServer$Division (ServerState.java:setRaftConf(386)) - omNode-bootstrap-2@group-0AAC5367B30E: set configuration conf: {index: 0, cur=peers:[omNode-3|localhost:15023, omNode-1|localhost:15015, omNode-2|localhost:15019]|listeners:[], old=null}
2024-07-18 11:33:56,291 [grpc-default-executor-5] INFO  ratis.OzoneManagerStateMachine (OzoneManagerStateMachine.java:notifyConfigurationChanged(216)) - Received Configuration change notification from Ratis. New Peer list:
[id: "omNode-3"
address: "localhost:15023"
startupRole: FOLLOWER
, id: "omNode-1"
address: "localhost:15015"
startupRole: FOLLOWER
, id: "omNode-2"
address: "localhost:15019"
startupRole: FOLLOWER
]
2024-07-18 11:33:56,291 [grpc-default-executor-5] INFO  impl.SnapshotInstallationHandler (SnapshotInstallationHandler.java:installSnapshot(103)) - omNode-bootstrap-2@group-0AAC5367B30E: reply installSnapshot: omNode-1<-omNode-bootstrap-2#0:FAIL-t1,IN_PROGRESS,snapshotIndex=0
2024-07-18 11:33:56,291 [grpc-default-executor-5] INFO  server.GrpcServerProtocolService (GrpcServerProtocolService.java:onCompleted(157)) - omNode-bootstrap-2: Completed INSTALL_SNAPSHOT, lastRequest: omNode-1->omNode-bootstrap-2#0-t1,notify:(t:1, i:0)
2024-07-18 11:33:56,291 [grpc-default-executor-5] INFO  server.GrpcServerProtocolService (GrpcServerProtocolService.java:lambda$onCompleted$5(159)) - omNode-bootstrap-2: Completed INSTALL_SNAPSHOT, lastReply: null
2024-07-18 11:33:56,292 [omNode-bootstrap-2-server-thread1] INFO  server.RaftServer$Division (RaftServerImpl.java:checkInconsistentAppendEntries(1629)) - omNode-bootstrap-2@group-0AAC5367B30E: Failed appendEntries as snapshot (0) installation is in progress
2024-07-18 11:33:56,292 [omNode-bootstrap-2-server-thread1] INFO  server.RaftServer$Division (RaftServerImpl.java:appendEntriesAsync(1584)) - omNode-bootstrap-2@group-0AAC5367B30E: appendEntries* reply omNode-1<-omNode-bootstrap-2#148:FAIL-t1,INCONSISTENCY,nextIndex=0,followerCommit=-1,matchIndex=-1
2024-07-18 11:33:56,292 [grpc-default-executor-5] INFO  impl.SnapshotInstallationHandler (SnapshotInstallationHandler.java:installSnapshot(92)) - omNode-bootstrap-2@group-0AAC5367B30E: receive installSnapshot: omNode-1->omNode-bootstrap-2#0-t1,notify:(t:1, i:0)
2024-07-18 11:33:56,293 [grpc-default-executor-5] INFO  impl.SnapshotInstallationHandler (SnapshotInstallationHandler.java:installSnapshotImpl(138)) - omNode-bootstrap-2@group-0AAC5367B30E: set new configuration configurationEntry {
  peers {
    id: "omNode-3"
    address: "localhost:15023"
    startupRole: FOLLOWER
  }
  peers {
    id: "omNode-1"
    address: "localhost:15015"
    startupRole: FOLLOWER
  }
  peers {
    id: "omNode-2"
    address: "localhost:15019"
    startupRole: FOLLOWER
  }
}
 from snapshot
2024-07-18 11:33:56,293 [grpc-default-executor-5] INFO  server.RaftServer$Division (ServerState.java:setRaftConf(386)) - omNode-bootstrap-2@group-0AAC5367B30E: set configuration conf: {index: 0, cur=peers:[omNode-3|localhost:15023, omNode-1|localhost:15015, omNode-2|localhost:15019]|listeners:[], old=null}
2024-07-18 11:33:56,294 [grpc-default-executor-5] INFO  ratis.OzoneManagerStateMachine (OzoneManagerStateMachine.java:notifyConfigurationChanged(216)) - Received Configuration change notification from Ratis. New Peer list:
[id: "omNode-3"
address: "localhost:15023"
startupRole: FOLLOWER
, id: "omNode-1"
address: "localhost:15015"
startupRole: FOLLOWER
, id: "omNode-2"
address: "localhost:15019"
startupRole: FOLLOWER
]
2024-07-18 11:33:56,294 [grpc-default-executor-5] INFO  impl.SnapshotInstallationHandler (SnapshotInstallationHandler.java:installSnapshot(103)) - omNode-bootstrap-2@group-0AAC5367B30E: reply installSnapshot: omNode-1<-omNode-bootstrap-2#0:FAIL-t1,IN_PROGRESS,snapshotIndex=0
2024-07-18 11:33:56,294 [grpc-default-executor-5] INFO  server.GrpcServerProtocolService (GrpcServerProtocolService.java:onCompleted(157)) - omNode-bootstrap-2: Completed INSTALL_SNAPSHOT, lastRequest: omNode-1->omNode-bootstrap-2#0-t1,notify:(t:1, i:0)
2024-07-18 11:33:56,294 [grpc-default-executor-5] INFO  server.GrpcServerProtocolService (GrpcServerProtocolService.java:lambda$onCompleted$5(159)) - omNode-bootstrap-2: Completed INSTALL_SNAPSHOT, lastReply: null
2024-07-18 11:33:56,295 [omNode-bootstrap-2-server-thread1] INFO  server.RaftServer$Division (RaftServerImpl.java:checkInconsistentAppendEntries(1629)) - omNode-bootstrap-2@group-0AAC5367B30E: Failed appendEntries as snapshot (0) installation is in progress
2024-07-18 11:33:56,295 [omNode-bootstrap-2-server-thread1] INFO  server.RaftServer$Division (RaftServerImpl.java:appendEntriesAsync(1584)) - omNode-bootstrap-2@group-0AAC5367B30E: appendEntries* reply omNode-1<-omNode-bootstrap-2#149:FAIL-t1,INCONSISTENCY,nextIndex=0,followerCommit=-1,matchIndex=-1
2024-07-18 11:33:56,296 [grpc-default-executor-5] INFO  impl.SnapshotInstallationHandler (SnapshotInstallationHandler.java:installSnapshot(92)) - omNode-bootstrap-2@group-0AAC5367B30E: receive installSnapshot: omNode-1->omNode-bootstrap-2#0-t1,notify:(t:1, i:0)
2024-07-18 11:33:56,297 [grpc-default-executor-5] INFO  impl.SnapshotInstallationHandler (SnapshotInstallationHandler.java:installSnapshotImpl(138)) - omNode-bootstrap-2@group-0AAC5367B30E: set new configuration configurationEntry {
  peers {
    id: "omNode-3"
    address: "localhost:15023"
    startupRole: FOLLOWER
  }
  peers {
    id: "omNode-1"
    address: "localhost:15015"
    startupRole: FOLLOWER
  }
  peers {
    id: "omNode-2"
    address: "localhost:15019"
    startupRole: FOLLOWER
  }
}
 from snapshot
2024-07-18 11:33:56,297 [grpc-default-executor-5] INFO  server.RaftServer$Division (ServerState.java:setRaftConf(386)) - omNode-bootstrap-2@group-0AAC5367B30E: set configuration conf: {index: 0, cur=peers:[omNode-3|localhost:15023, omNode-1|localhost:15015, omNode-2|localhost:15019]|listeners:[], old=null}
2024-07-18 11:33:56,297 [omNode-bootstrap-2-InstallSnapshotThread] INFO  utils.RDBSnapshotProvider (RDBSnapshotProvider.java:downloadDBSnapshotFromLeader(127)) - Successfully untar the downloaded snapshot /home/runner/work/ozone/ozone/hadoop-ozone/integration-test/target/test-dir/MiniOzoneClusterImpl-c0b7f50e-f813-4849-95b3-646bdd98e01d/omNode-bootstrap-2/snapshot/om.db-omNode-1-1721302435623.tar at /home/runner/work/ozone/ozone/hadoop-ozone/integration-test/target/test-dir/MiniOzoneClusterImpl-c0b7f50e-f813-4849-95b3-646bdd98e01d/omNode-bootstrap-2/snapshot/om.db.candidate.
2024-07-18 11:33:56,297 [omNode-bootstrap-2-InstallSnapshotThread] INFO  utils.RDBSnapshotProvider (RDBSnapshotProvider.java:downloadDBSnapshotFromLeader(130)) - Ratis snapshot transfer is complete.
2024-07-18 11:33:56,298 [grpc-default-executor-5] INFO  ratis.OzoneManagerStateMachine (OzoneManagerStateMachine.java:notifyConfigurationChanged(216)) - Received Configuration change notification from Ratis. New Peer list:
[id: "omNode-3"
address: "localhost:15023"
startupRole: FOLLOWER
, id: "omNode-1"
address: "localhost:15015"
startupRole: FOLLOWER
, id: "omNode-2"
address: "localhost:15019"
startupRole: FOLLOWER
]
2024-07-18 11:33:56,298 [grpc-default-executor-5] INFO  impl.SnapshotInstallationHandler (SnapshotInstallationHandler.java:installSnapshot(103)) - omNode-bootstrap-2@group-0AAC5367B30E: reply installSnapshot: omNode-1<-omNode-bootstrap-2#0:FAIL-t1,IN_PROGRESS,snapshotIndex=0
2024-07-18 11:33:56,298 [grpc-default-executor-5] INFO  server.GrpcServerProtocolService (GrpcServerProtocolService.java:onCompleted(157)) - omNode-bootstrap-2: Completed INSTALL_SNAPSHOT, lastRequest: omNode-1->omNode-bootstrap-2#0-t1,notify:(t:1, i:0)
2024-07-18 11:33:56,298 [grpc-default-executor-5] INFO  server.GrpcServerProtocolService (GrpcServerProtocolService.java:lambda$onCompleted$5(159)) - omNode-bootstrap-2: Completed INSTALL_SNAPSHOT, lastReply: null
2024-07-18 11:33:56,299 [omNode-bootstrap-2-server-thread1] INFO  server.RaftServer$Division (RaftServerImpl.java:checkInconsistentAppendEntries(1629)) - omNode-bootstrap-2@group-0AAC5367B30E: Failed appendEntries as snapshot (0) installation is in progress
2024-07-18 11:33:56,299 [omNode-bootstrap-2-server-thread1] INFO  server.RaftServer$Division (RaftServerImpl.java:appendEntriesAsync(1584)) - omNode-bootstrap-2@group-0AAC5367B30E: appendEntries* reply omNode-1<-omNode-bootstrap-2#150:FAIL-t1,INCONSISTENCY,nextIndex=0,followerCommit=-1,matchIndex=-1
2024-07-18 11:33:56,300 [grpc-default-executor-0] INFO  impl.SnapshotInstallationHandler (SnapshotInstallationHandler.java:installSnapshot(92)) - omNode-bootstrap-2@group-0AAC5367B30E: receive installSnapshot: omNode-1->omNode-bootstrap-2#0-t1,notify:(t:1, i:0)
2024-07-18 11:33:56,300 [grpc-default-executor-0] INFO  impl.SnapshotInstallationHandler (SnapshotInstallationHandler.java:installSnapshotImpl(138)) - omNode-bootstrap-2@group-0AAC5367B30E: set new configuration configurationEntry {
  peers {
    id: "omNode-3"
    address: "localhost:15023"
    startupRole: FOLLOWER
  }
  peers {
    id: "omNode-1"
    address: "localhost:15015"
    startupRole: FOLLOWER
  }
  peers {
    id: "omNode-2"
    address: "localhost:15019"
    startupRole: FOLLOWER
  }
}
 from snapshot
2024-07-18 11:33:56,300 [grpc-default-executor-0] INFO  server.RaftServer$Division (ServerState.java:setRaftConf(386)) - omNode-bootstrap-2@group-0AAC5367B30E: set configuration conf: {index: 0, cur=peers:[omNode-3|localhost:15023, omNode-1|localhost:15015, omNode-2|localhost:15019]|listeners:[], old=null}
2024-07-18 11:33:56,301 [grpc-default-executor-0] INFO  ratis.OzoneManagerStateMachine (OzoneManagerStateMachine.java:notifyConfigurationChanged(216)) - Received Configuration change notification from Ratis. New Peer list:
[id: "omNode-3"
address: "localhost:15023"
startupRole: FOLLOWER
, id: "omNode-1"
address: "localhost:15015"
startupRole: FOLLOWER
, id: "omNode-2"
address: "localhost:15019"
startupRole: FOLLOWER
]
2024-07-18 11:33:56,302 [grpc-default-executor-0] INFO  impl.SnapshotInstallationHandler (SnapshotInstallationHandler.java:installSnapshot(103)) - omNode-bootstrap-2@group-0AAC5367B30E: reply installSnapshot: omNode-1<-omNode-bootstrap-2#0:FAIL-t1,IN_PROGRESS,snapshotIndex=0
2024-07-18 11:33:56,302 [grpc-default-executor-0] INFO  server.GrpcServerProtocolService (GrpcServerProtocolService.java:onCompleted(157)) - omNode-bootstrap-2: Completed INSTALL_SNAPSHOT, lastRequest: omNode-1->omNode-bootstrap-2#0-t1,notify:(t:1, i:0)
2024-07-18 11:33:56,302 [grpc-default-executor-0] INFO  server.GrpcServerProtocolService (GrpcServerProtocolService.java:lambda$onCompleted$5(159)) - omNode-bootstrap-2: Completed INSTALL_SNAPSHOT, lastReply: null
2024-07-18 11:33:56,303 [omNode-bootstrap-2-server-thread1] INFO  server.RaftServer$Division (RaftServerImpl.java:checkInconsistentAppendEntries(1629)) - omNode-bootstrap-2@group-0AAC5367B30E: Failed appendEntries as snapshot (0) installation is in progress
2024-07-18 11:33:56,303 [omNode-bootstrap-2-server-thread1] INFO  server.RaftServer$Division (RaftServerImpl.java:appendEntriesAsync(1584)) - omNode-bootstrap-2@group-0AAC5367B30E: appendEntries* reply omNode-1<-omNode-bootstrap-2#151:FAIL-t1,INCONSISTENCY,nextIndex=0,followerCommit=-1,matchIndex=-1
2024-07-18 11:33:56,303 [qtp1041410699-437] INFO  db.RocksDBCheckpoint (RocksDBCheckpoint.java:cleanupCheckpoint(78)) - Cleaning up RocksDB checkpoint at /home/runner/work/ozone/ozone/hadoop-ozone/integration-test/target/test-dir/MiniOzoneClusterImpl-c0b7f50e-f813-4849-95b3-646bdd98e01d/omNode-1/db.checkpoints/om.db_checkpoint_1721302436065
2024-07-18 11:33:56,304 [grpc-default-executor-0] INFO  impl.SnapshotInstallationHandler (SnapshotInstallationHandler.java:installSnapshot(92)) - omNode-bootstrap-2@group-0AAC5367B30E: receive installSnapshot: omNode-1->omNode-bootstrap-2#0-t1,notify:(t:1, i:0)
2024-07-18 11:33:56,304 [grpc-default-executor-0] INFO  impl.SnapshotInstallationHandler (SnapshotInstallationHandler.java:installSnapshotImpl(138)) - omNode-bootstrap-2@group-0AAC5367B30E: set new configuration configurationEntry {
  peers {
    id: "omNode-3"
    address: "localhost:15023"
    startupRole: FOLLOWER
  }
  peers {
    id: "omNode-1"
    address: "localhost:15015"
    startupRole: FOLLOWER
  }
  peers {
    id: "omNode-2"
    address: "localhost:15019"
    startupRole: FOLLOWER
  }
}
 from snapshot
2024-07-18 11:33:56,304 [grpc-default-executor-0] INFO  server.RaftServer$Division (ServerState.java:setRaftConf(386)) - omNode-bootstrap-2@group-0AAC5367B30E: set configuration conf: {index: 0, cur=peers:[omNode-3|localhost:15023, omNode-1|localhost:15015, omNode-2|localhost:15019]|listeners:[], old=null}
2024-07-18 11:33:56,305 [grpc-default-executor-0] INFO  ratis.OzoneManagerStateMachine (OzoneManagerStateMachine.java:notifyConfigurationChanged(216)) - Received Configuration change notification from Ratis. New Peer list:
[id: "omNode-3"
address: "localhost:15023"
startupRole: FOLLOWER
, id: "omNode-1"
address: "localhost:15015"
startupRole: FOLLOWER
, id: "omNode-2"
address: "localhost:15019"
startupRole: FOLLOWER
]
2024-07-18 11:33:56,306 [grpc-default-executor-0] INFO  impl.SnapshotInstallationHandler (SnapshotInstallationHandler.java:installSnapshot(103)) - omNode-bootstrap-2@group-0AAC5367B30E: reply installSnapshot: omNode-1<-omNode-bootstrap-2#0:FAIL-t1,IN_PROGRESS,snapshotIndex=0
2024-07-18 11:33:56,306 [grpc-default-executor-0] INFO  server.GrpcServerProtocolService (GrpcServerProtocolService.java:onCompleted(157)) - omNode-bootstrap-2: Completed INSTALL_SNAPSHOT, lastRequest: omNode-1->omNode-bootstrap-2#0-t1,notify:(t:1, i:0)
2024-07-18 11:33:56,306 [grpc-default-executor-0] INFO  server.GrpcServerProtocolService (GrpcServerProtocolService.java:lambda$onCompleted$5(159)) - omNode-bootstrap-2: Completed INSTALL_SNAPSHOT, lastReply: null
2024-07-18 11:33:56,307 [omNode-bootstrap-2-server-thread1] INFO  server.RaftServer$Division (RaftServerImpl.java:checkInconsistentAppendEntries(1629)) - omNode-bootstrap-2@group-0AAC5367B30E: Failed appendEntries as snapshot (0) installation is in progress
2024-07-18 11:33:56,307 [omNode-bootstrap-2-server-thread1] INFO  server.RaftServer$Division (RaftServerImpl.java:appendEntriesAsync(1584)) - omNode-bootstrap-2@group-0AAC5367B30E: appendEntries* reply omNode-1<-omNode-bootstrap-2#152:FAIL-t1,INCONSISTENCY,nextIndex=0,followerCommit=-1,matchIndex=-1
2024-07-18 11:33:56,307 [grpc-default-executor-5] INFO  impl.SnapshotInstallationHandler (SnapshotInstallationHandler.java:installSnapshot(92)) - omNode-bootstrap-2@group-0AAC5367B30E: receive installSnapshot: omNode-1->omNode-bootstrap-2#0-t1,notify:(t:1, i:0)
2024-07-18 11:33:56,307 [grpc-default-executor-5] INFO  impl.SnapshotInstallationHandler (SnapshotInstallationHandler.java:installSnapshotImpl(138)) - omNode-bootstrap-2@group-0AAC5367B30E: set new configuration configurationEntry {
  peers {
    id: "omNode-3"
    address: "localhost:15023"
    startupRole: FOLLOWER
  }
  peers {
    id: "omNode-1"
    address: "localhost:15015"
    startupRole: FOLLOWER
  }
  peers {
    id: "omNode-2"
    address: "localhost:15019"
    startupRole: FOLLOWER
  }
}
 from snapshot
2024-07-18 11:33:56,307 [grpc-default-executor-5] INFO  server.RaftServer$Division (ServerState.java:setRaftConf(386)) - omNode-bootstrap-2@group-0AAC5367B30E: set configuration conf: {index: 0, cur=peers:[omNode-3|localhost:15023, omNode-1|localhost:15015, omNode-2|localhost:15019]|listeners:[], old=null}
2024-07-18 11:33:56,309 [grpc-default-executor-5] INFO  ratis.OzoneManagerStateMachine (OzoneManagerStateMachine.java:notifyConfigurationChanged(216)) - Received Configuration change notification from Ratis. New Peer list:
[id: "omNode-3"
address: "localhost:15023"
startupRole: FOLLOWER
, id: "omNode-1"
address: "localhost:15015"
startupRole: FOLLOWER
, id: "omNode-2"
address: "localhost:15019"
startupRole: FOLLOWER
]
2024-07-18 11:33:56,309 [grpc-default-executor-5] INFO  impl.SnapshotInstallationHandler (SnapshotInstallationHandler.java:installSnapshot(103)) - omNode-bootstrap-2@group-0AAC5367B30E: reply installSnapshot: omNode-1<-omNode-bootstrap-2#0:FAIL-t1,IN_PROGRESS,snapshotIndex=0
2024-07-18 11:33:56,309 [grpc-default-executor-5] INFO  server.GrpcServerProtocolService (GrpcServerProtocolService.java:onCompleted(157)) - omNode-bootstrap-2: Completed INSTALL_SNAPSHOT, lastRequest: omNode-1->omNode-bootstrap-2#0-t1,notify:(t:1, i:0)
2024-07-18 11:33:56,309 [grpc-default-executor-5] INFO  server.GrpcServerProtocolService (GrpcServerProtocolService.java:lambda$onCompleted$5(159)) - omNode-bootstrap-2: Completed INSTALL_SNAPSHOT, lastReply: null
2024-07-18 11:33:56,310 [omNode-bootstrap-2-server-thread1] INFO  server.RaftServer$Division (RaftServerImpl.java:checkInconsistentAppendEntries(1629)) - omNode-bootstrap-2@group-0AAC5367B30E: Failed appendEntries as snapshot (0) installation is in progress
2024-07-18 11:33:56,310 [omNode-bootstrap-2-server-thread1] INFO  server.RaftServer$Division (RaftServerImpl.java:appendEntriesAsync(1584)) - omNode-bootstrap-2@group-0AAC5367B30E: appendEntries* reply omNode-1<-omNode-bootstrap-2#153:FAIL-t1,INCONSISTENCY,nextIndex=0,followerCommit=-1,matchIndex=-1
2024-07-18 11:33:56,311 [grpc-default-executor-5] INFO  impl.SnapshotInstallationHandler (SnapshotInstallationHandler.java:installSnapshot(92)) - omNode-bootstrap-2@group-0AAC5367B30E: receive installSnapshot: omNode-1->omNode-bootstrap-2#0-t1,notify:(t:1, i:0)
2024-07-18 11:33:56,311 [grpc-default-executor-5] INFO  impl.SnapshotInstallationHandler (SnapshotInstallationHandler.java:installSnapshotImpl(138)) - omNode-bootstrap-2@group-0AAC5367B30E: set new configuration configurationEntry {
  peers {
    id: "omNode-3"
    address: "localhost:15023"
    startupRole: FOLLOWER
  }
  peers {
    id: "omNode-1"
    address: "localhost:15015"
    startupRole: FOLLOWER
  }
  peers {
    id: "omNode-2"
    address: "localhost:15019"
    startupRole: FOLLOWER
  }
}
 from snapshot
2024-07-18 11:33:56,311 [grpc-default-executor-5] INFO  server.RaftServer$Division (ServerState.java:setRaftConf(386)) - omNode-bootstrap-2@group-0AAC5367B30E: set configuration conf: {index: 0, cur=peers:[omNode-3|localhost:15023, omNode-1|localhost:15015, omNode-2|localhost:15019]|listeners:[], old=null}
2024-07-18 11:33:56,313 [grpc-default-executor-5] INFO  ratis.OzoneManagerStateMachine (OzoneManagerStateMachine.java:notifyConfigurationChanged(216)) - Received Configuration change notification from Ratis. New Peer list:
[id: "omNode-3"
address: "localhost:15023"
startupRole: FOLLOWER
, id: "omNode-1"
address: "localhost:15015"
startupRole: FOLLOWER
, id: "omNode-2"
address: "localhost:15019"
startupRole: FOLLOWER
]
2024-07-18 11:33:56,313 [grpc-default-executor-5] INFO  impl.SnapshotInstallationHandler (SnapshotInstallationHandler.java:installSnapshot(103)) - omNode-bootstrap-2@group-0AAC5367B30E: reply installSnapshot: omNode-1<-omNode-bootstrap-2#0:FAIL-t1,IN_PROGRESS,snapshotIndex=0
2024-07-18 11:33:56,313 [grpc-default-executor-5] INFO  server.GrpcServerProtocolService (GrpcServerProtocolService.java:onCompleted(157)) - omNode-bootstrap-2: Completed INSTALL_SNAPSHOT, lastRequest: omNode-1->omNode-bootstrap-2#0-t1,notify:(t:1, i:0)
2024-07-18 11:33:56,313 [grpc-default-executor-5] INFO  server.GrpcServerProtocolService (GrpcServerProtocolService.java:lambda$onCompleted$5(159)) - omNode-bootstrap-2: Completed INSTALL_SNAPSHOT, lastReply: null
2024-07-18 11:33:56,314 [omNode-bootstrap-2-server-thread1] INFO  server.RaftServer$Division (RaftServerImpl.java:checkInconsistentAppendEntries(1629)) - omNode-bootstrap-2@group-0AAC5367B30E: Failed appendEntries as snapshot (0) installation is in progress
2024-07-18 11:33:56,314 [omNode-bootstrap-2-server-thread1] INFO  server.RaftServer$Division (RaftServerImpl.java:appendEntriesAsync(1584)) - omNode-bootstrap-2@group-0AAC5367B30E: appendEntries* reply omNode-1<-omNode-bootstrap-2#154:FAIL-t1,INCONSISTENCY,nextIndex=0,followerCommit=-1,matchIndex=-1
2024-07-18 11:33:56,315 [grpc-default-executor-0] INFO  impl.SnapshotInstallationHandler (SnapshotInstallationHandler.java:installSnapshot(92)) - omNode-bootstrap-2@group-0AAC5367B30E: receive installSnapshot: omNode-1->omNode-bootstrap-2#0-t1,notify:(t:1, i:0)
2024-07-18 11:33:56,315 [grpc-default-executor-0] INFO  impl.SnapshotInstallationHandler (SnapshotInstallationHandler.java:installSnapshotImpl(138)) - omNode-bootstrap-2@group-0AAC5367B30E: set new configuration configurationEntry {
  peers {
    id: "omNode-3"
    address: "localhost:15023"
    startupRole: FOLLOWER
  }
  peers {
    id: "omNode-1"
    address: "localhost:15015"
    startupRole: FOLLOWER
  }
  peers {
    id: "omNode-2"
    address: "localhost:15019"
    startupRole: FOLLOWER
  }
}
 from snapshot
2024-07-18 11:33:56,315 [grpc-default-executor-0] INFO  server.RaftServer$Division (ServerState.java:setRaftConf(386)) - omNode-bootstrap-2@group-0AAC5367B30E: set configuration conf: {index: 0, cur=peers:[omNode-3|localhost:15023, omNode-1|localhost:15015, omNode-2|localhost:15019]|listeners:[], old=null}
2024-07-18 11:33:56,316 [grpc-default-executor-0] INFO  ratis.OzoneManagerStateMachine (OzoneManagerStateMachine.java:notifyConfigurationChanged(216)) - Received Configuration change notification from Ratis. New Peer list:
[id: "omNode-3"
address: "localhost:15023"
startupRole: FOLLOWER
, id: "omNode-1"
address: "localhost:15015"
startupRole: FOLLOWER
, id: "omNode-2"
address: "localhost:15019"
startupRole: FOLLOWER
]
2024-07-18 11:33:56,316 [grpc-default-executor-0] INFO  impl.SnapshotInstallationHandler (SnapshotInstallationHandler.java:installSnapshot(103)) - omNode-bootstrap-2@group-0AAC5367B30E: reply installSnapshot: omNode-1<-omNode-bootstrap-2#0:FAIL-t1,IN_PROGRESS,snapshotIndex=0
2024-07-18 11:33:56,316 [grpc-default-executor-0] INFO  server.GrpcServerProtocolService (GrpcServerProtocolService.java:onCompleted(157)) - omNode-bootstrap-2: Completed INSTALL_SNAPSHOT, lastRequest: omNode-1->omNode-bootstrap-2#0-t1,notify:(t:1, i:0)
2024-07-18 11:33:56,316 [grpc-default-executor-0] INFO  server.GrpcServerProtocolService (GrpcServerProtocolService.java:lambda$onCompleted$5(159)) - omNode-bootstrap-2: Completed INSTALL_SNAPSHOT, lastReply: null
2024-07-18 11:33:56,318 [grpc-default-executor-3] INFO  impl.SnapshotInstallationHandler (SnapshotInstallationHandler.java:installSnapshot(92)) - omNode-bootstrap-2@group-0AAC5367B30E: receive installSnapshot: omNode-1->omNode-bootstrap-2#0-t1,notify:(t:1, i:0)
2024-07-18 11:33:56,318 [grpc-default-executor-3] INFO  impl.SnapshotInstallationHandler (SnapshotInstallationHandler.java:installSnapshotImpl(138)) - omNode-bootstrap-2@group-0AAC5367B30E: set new configuration configurationEntry {
  peers {
    id: "omNode-3"
    address: "localhost:15023"
    startupRole: FOLLOWER
  }
  peers {
    id: "omNode-1"
    address: "localhost:15015"
    startupRole: FOLLOWER
  }
  peers {
    id: "omNode-2"
    address: "localhost:15019"
    startupRole: FOLLOWER
  }
}
 from snapshot
2024-07-18 11:33:56,318 [grpc-default-executor-3] INFO  server.RaftServer$Division (ServerState.java:setRaftConf(386)) - omNode-bootstrap-2@group-0AAC5367B30E: set configuration conf: {index: 0, cur=peers:[omNode-3|localhost:15023, omNode-1|localhost:15015, omNode-2|localhost:15019]|listeners:[], old=null}
2024-07-18 11:33:56,319 [omNode-bootstrap-2-server-thread1] INFO  server.RaftServer$Division (RaftServerImpl.java:checkInconsistentAppendEntries(1629)) - omNode-bootstrap-2@group-0AAC5367B30E: Failed appendEntries as snapshot (0) installation is in progress
2024-07-18 11:33:56,319 [omNode-bootstrap-2-server-thread1] INFO  server.RaftServer$Division (RaftServerImpl.java:appendEntriesAsync(1584)) - omNode-bootstrap-2@group-0AAC5367B30E: appendEntries* reply omNode-1<-omNode-bootstrap-2#155:FAIL-t1,INCONSISTENCY,nextIndex=0,followerCommit=-1,matchIndex=-1
2024-07-18 11:33:56,319 [grpc-default-executor-3] INFO  ratis.OzoneManagerStateMachine (OzoneManagerStateMachine.java:notifyConfigurationChanged(216)) - Received Configuration change notification from Ratis. New Peer list:
[id: "omNode-3"
address: "localhost:15023"
startupRole: FOLLOWER
, id: "omNode-1"
address: "localhost:15015"
startupRole: FOLLOWER
, id: "omNode-2"
address: "localhost:15019"
startupRole: FOLLOWER
]
2024-07-18 11:33:56,320 [grpc-default-executor-3] INFO  impl.SnapshotInstallationHandler (SnapshotInstallationHandler.java:installSnapshot(103)) - omNode-bootstrap-2@group-0AAC5367B30E: reply installSnapshot: omNode-1<-omNode-bootstrap-2#0:FAIL-t1,IN_PROGRESS,snapshotIndex=0
2024-07-18 11:33:56,320 [grpc-default-executor-3] INFO  server.GrpcServerProtocolService (GrpcServerProtocolService.java:onCompleted(157)) - omNode-bootstrap-2: Completed INSTALL_SNAPSHOT, lastRequest: omNode-1->omNode-bootstrap-2#0-t1,notify:(t:1, i:0)
2024-07-18 11:33:56,320 [grpc-default-executor-3] INFO  server.GrpcServerProtocolService (GrpcServerProtocolService.java:lambda$onCompleted$5(159)) - omNode-bootstrap-2: Completed INSTALL_SNAPSHOT, lastReply: null
2024-07-18 11:33:56,321 [grpc-default-executor-0] INFO  impl.SnapshotInstallationHandler (SnapshotInstallationHandler.java:installSnapshot(92)) - omNode-bootstrap-2@group-0AAC5367B30E: receive installSnapshot: omNode-1->omNode-bootstrap-2#0-t1,notify:(t:1, i:0)
2024-07-18 11:33:56,321 [grpc-default-executor-0] INFO  impl.SnapshotInstallationHandler (SnapshotInstallationHandler.java:installSnapshotImpl(138)) - omNode-bootstrap-2@group-0AAC5367B30E: set new configuration configurationEntry {
  peers {
    id: "omNode-3"
    address: "localhost:15023"
    startupRole: FOLLOWER
  }
  peers {
    id: "omNode-1"
    address: "localhost:15015"
    startupRole: FOLLOWER
  }
  peers {
    id: "omNode-2"
    address: "localhost:15019"
    startupRole: FOLLOWER
  }
}
 from snapshot
2024-07-18 11:33:56,321 [grpc-default-executor-0] INFO  server.RaftServer$Division (ServerState.java:setRaftConf(386)) - omNode-bootstrap-2@group-0AAC5367B30E: set configuration conf: {index: 0, cur=peers:[omNode-3|localhost:15023, omNode-1|localhost:15015, omNode-2|localhost:15019]|listeners:[], old=null}
2024-07-18 11:33:56,322 [omNode-bootstrap-2-server-thread1] INFO  server.RaftServer$Division (RaftServerImpl.java:checkInconsistentAppendEntries(1629)) - omNode-bootstrap-2@group-0AAC5367B30E: Failed appendEntries as snapshot (0) installation is in progress
2024-07-18 11:33:56,322 [omNode-bootstrap-2-server-thread1] INFO  server.RaftServer$Division (RaftServerImpl.java:appendEntriesAsync(1584)) - omNode-bootstrap-2@group-0AAC5367B30E: appendEntries* reply omNode-1<-omNode-bootstrap-2#156:FAIL-t1,INCONSISTENCY,nextIndex=0,followerCommit=-1,matchIndex=-1
2024-07-18 11:33:56,323 [grpc-default-executor-0] INFO  ratis.OzoneManagerStateMachine (OzoneManagerStateMachine.java:notifyConfigurationChanged(216)) - Received Configuration change notification from Ratis. New Peer list:
[id: "omNode-3"
address: "localhost:15023"
startupRole: FOLLOWER
, id: "omNode-1"
address: "localhost:15015"
startupRole: FOLLOWER
, id: "omNode-2"
address: "localhost:15019"
startupRole: FOLLOWER
]
2024-07-18 11:33:56,323 [grpc-default-executor-0] INFO  impl.SnapshotInstallationHandler (SnapshotInstallationHandler.java:installSnapshot(103)) - omNode-bootstrap-2@group-0AAC5367B30E: reply installSnapshot: omNode-1<-omNode-bootstrap-2#0:FAIL-t1,IN_PROGRESS,snapshotIndex=0
2024-07-18 11:33:56,323 [grpc-default-executor-0] INFO  server.GrpcServerProtocolService (GrpcServerProtocolService.java:onCompleted(157)) - omNode-bootstrap-2: Completed INSTALL_SNAPSHOT, lastRequest: omNode-1->omNode-bootstrap-2#0-t1,notify:(t:1, i:0)
2024-07-18 11:33:56,323 [grpc-default-executor-0] INFO  server.GrpcServerProtocolService (GrpcServerProtocolService.java:lambda$onCompleted$5(159)) - omNode-bootstrap-2: Completed INSTALL_SNAPSHOT, lastReply: null
2024-07-18 11:33:56,324 [omNode-bootstrap-2-server-thread1] INFO  server.RaftServer$Division (RaftServerImpl.java:checkInconsistentAppendEntries(1629)) - omNode-bootstrap-2@group-0AAC5367B30E: Failed appendEntries as snapshot (0) installation is in progress
2024-07-18 11:33:56,324 [omNode-bootstrap-2-server-thread1] INFO  server.RaftServer$Division (RaftServerImpl.java:appendEntriesAsync(1584)) - omNode-bootstrap-2@group-0AAC5367B30E: appendEntries* reply omNode-1<-omNode-bootstrap-2#157:FAIL-t1,INCONSISTENCY,nextIndex=0,followerCommit=-1,matchIndex=-1
2024-07-18 11:33:56,325 [grpc-default-executor-0] INFO  impl.SnapshotInstallationHandler (SnapshotInstallationHandler.java:installSnapshot(92)) - omNode-bootstrap-2@group-0AAC5367B30E: receive installSnapshot: omNode-1->omNode-bootstrap-2#0-t1,notify:(t:1, i:0)
2024-07-18 11:33:56,325 [grpc-default-executor-0] INFO  impl.SnapshotInstallationHandler (SnapshotInstallationHandler.java:installSnapshotImpl(138)) - omNode-bootstrap-2@group-0AAC5367B30E: set new configuration configurationEntry {
  peers {
    id: "omNode-3"
    address: "localhost:15023"
    startupRole: FOLLOWER
  }
  peers {
    id: "omNode-1"
    address: "localhost:15015"
    startupRole: FOLLOWER
  }
  peers {
    id: "omNode-2"
    address: "localhost:15019"
    startupRole: FOLLOWER
  }
}
 from snapshot
2024-07-18 11:33:56,326 [grpc-default-executor-0] INFO  server.RaftServer$Division (ServerState.java:setRaftConf(386)) - omNode-bootstrap-2@group-0AAC5367B30E: set configuration conf: {index: 0, cur=peers:[omNode-3|localhost:15023, omNode-1|localhost:15015, omNode-2|localhost:15019]|listeners:[], old=null}
2024-07-18 11:33:56,326 [grpc-default-executor-0] INFO  ratis.OzoneManagerStateMachine (OzoneManagerStateMachine.java:notifyConfigurationChanged(216)) - Received Configuration change notification from Ratis. New Peer list:
[id: "omNode-3"
address: "localhost:15023"
startupRole: FOLLOWER
, id: "omNode-1"
address: "localhost:15015"
startupRole: FOLLOWER
, id: "omNode-2"
address: "localhost:15019"
startupRole: FOLLOWER
]
2024-07-18 11:33:56,327 [grpc-default-executor-0] INFO  impl.SnapshotInstallationHandler (SnapshotInstallationHandler.java:installSnapshot(103)) - omNode-bootstrap-2@group-0AAC5367B30E: reply installSnapshot: omNode-1<-omNode-bootstrap-2#0:FAIL-t1,IN_PROGRESS,snapshotIndex=0
2024-07-18 11:33:56,327 [grpc-default-executor-0] INFO  server.GrpcServerProtocolService (GrpcServerProtocolService.java:onCompleted(157)) - omNode-bootstrap-2: Completed INSTALL_SNAPSHOT, lastRequest: omNode-1->omNode-bootstrap-2#0-t1,notify:(t:1, i:0)
2024-07-18 11:33:56,327 [grpc-default-executor-0] INFO  server.GrpcServerProtocolService (GrpcServerProtocolService.java:lambda$onCompleted$5(159)) - omNode-bootstrap-2: Completed INSTALL_SNAPSHOT, lastReply: null
2024-07-18 11:33:56,328 [omNode-bootstrap-2-server-thread1] INFO  server.RaftServer$Division (RaftServerImpl.java:checkInconsistentAppendEntries(1629)) - omNode-bootstrap-2@group-0AAC5367B30E: Failed appendEntries as snapshot (0) installation is in progress
2024-07-18 11:33:56,328 [omNode-bootstrap-2-server-thread1] INFO  server.RaftServer$Division (RaftServerImpl.java:appendEntriesAsync(1584)) - omNode-bootstrap-2@group-0AAC5367B30E: appendEntries* reply omNode-1<-omNode-bootstrap-2#158:FAIL-t1,INCONSISTENCY,nextIndex=0,followerCommit=-1,matchIndex=-1
2024-07-18 11:33:56,329 [grpc-default-executor-0] INFO  impl.SnapshotInstallationHandler (SnapshotInstallationHandler.java:installSnapshot(92)) - omNode-bootstrap-2@group-0AAC5367B30E: receive installSnapshot: omNode-1->omNode-bootstrap-2#0-t1,notify:(t:1, i:0)
2024-07-18 11:33:56,329 [grpc-default-executor-0] INFO  impl.SnapshotInstallationHandler (SnapshotInstallationHandler.java:installSnapshotImpl(138)) - omNode-bootstrap-2@group-0AAC5367B30E: set new configuration configurationEntry {
  peers {
    id: "omNode-3"
    address: "localhost:15023"
    startupRole: FOLLOWER
  }
  peers {
    id: "omNode-1"
    address: "localhost:15015"
    startupRole: FOLLOWER
  }
  peers {
    id: "omNode-2"
    address: "localhost:15019"
    startupRole: FOLLOWER
  }
}
 from snapshot
2024-07-18 11:33:56,330 [grpc-default-executor-0] INFO  server.RaftServer$Division (ServerState.java:setRaftConf(386)) - omNode-bootstrap-2@group-0AAC5367B30E: set configuration conf: {index: 0, cur=peers:[omNode-3|localhost:15023, omNode-1|localhost:15015, omNode-2|localhost:15019]|listeners:[], old=null}
2024-07-18 11:33:56,331 [grpc-default-executor-0] INFO  ratis.OzoneManagerStateMachine (OzoneManagerStateMachine.java:notifyConfigurationChanged(216)) - Received Configuration change notification from Ratis. New Peer list:
[id: "omNode-3"
address: "localhost:15023"
startupRole: FOLLOWER
, id: "omNode-1"
address: "localhost:15015"
startupRole: FOLLOWER
, id: "omNode-2"
address: "localhost:15019"
startupRole: FOLLOWER
]
2024-07-18 11:33:56,331 [grpc-default-executor-0] INFO  impl.SnapshotInstallationHandler (SnapshotInstallationHandler.java:installSnapshot(103)) - omNode-bootstrap-2@group-0AAC5367B30E: reply installSnapshot: omNode-1<-omNode-bootstrap-2#0:FAIL-t1,IN_PROGRESS,snapshotIndex=0
2024-07-18 11:33:56,332 [grpc-default-executor-0] INFO  server.GrpcServerProtocolService (GrpcServerProtocolService.java:onCompleted(157)) - omNode-bootstrap-2: Completed INSTALL_SNAPSHOT, lastRequest: omNode-1->omNode-bootstrap-2#0-t1,notify:(t:1, i:0)
2024-07-18 11:33:56,332 [grpc-default-executor-0] INFO  server.GrpcServerProtocolService (GrpcServerProtocolService.java:lambda$onCompleted$5(159)) - omNode-bootstrap-2: Completed INSTALL_SNAPSHOT, lastReply: null
2024-07-18 11:33:56,333 [omNode-bootstrap-2-server-thread1] INFO  server.RaftServer$Division (RaftServerImpl.java:checkInconsistentAppendEntries(1629)) - omNode-bootstrap-2@group-0AAC5367B30E: Failed appendEntries as snapshot (0) installation is in progress
2024-07-18 11:33:56,333 [omNode-bootstrap-2-server-thread1] INFO  server.RaftServer$Division (RaftServerImpl.java:appendEntriesAsync(1584)) - omNode-bootstrap-2@group-0AAC5367B30E: appendEntries* reply omNode-1<-omNode-bootstrap-2#159:FAIL-t1,INCONSISTENCY,nextIndex=0,followerCommit=-1,matchIndex=-1
2024-07-18 11:33:56,334 [grpc-default-executor-0] INFO  impl.SnapshotInstallationHandler (SnapshotInstallationHandler.java:installSnapshot(92)) - omNode-bootstrap-2@group-0AAC5367B30E: receive installSnapshot: omNode-1->omNode-bootstrap-2#0-t1,notify:(t:1, i:0)
2024-07-18 11:33:56,335 [grpc-default-executor-0] INFO  impl.SnapshotInstallationHandler (SnapshotInstallationHandler.java:installSnapshotImpl(138)) - omNode-bootstrap-2@group-0AAC5367B30E: set new configuration configurationEntry {
  peers {
    id: "omNode-3"
    address: "localhost:15023"
    startupRole: FOLLOWER
  }
  peers {
    id: "omNode-1"
    address: "localhost:15015"
    startupRole: FOLLOWER
  }
  peers {
    id: "omNode-2"
    address: "localhost:15019"
    startupRole: FOLLOWER
  }
}
 from snapshot
2024-07-18 11:33:56,335 [grpc-default-executor-0] INFO  server.RaftServer$Division (ServerState.java:setRaftConf(386)) - omNode-bootstrap-2@group-0AAC5367B30E: set configuration conf: {index: 0, cur=peers:[omNode-3|localhost:15023, omNode-1|localhost:15015, omNode-2|localhost:15019]|listeners:[], old=null}
2024-07-18 11:33:56,336 [grpc-default-executor-0] INFO  ratis.OzoneManagerStateMachine (OzoneManagerStateMachine.java:notifyConfigurationChanged(216)) - Received Configuration change notification from Ratis. New Peer list:
[id: "omNode-3"
address: "localhost:15023"
startupRole: FOLLOWER
, id: "omNode-1"
address: "localhost:15015"
startupRole: FOLLOWER
, id: "omNode-2"
address: "localhost:15019"
startupRole: FOLLOWER
]
2024-07-18 11:33:56,336 [grpc-default-executor-0] INFO  impl.SnapshotInstallationHandler (SnapshotInstallationHandler.java:installSnapshot(103)) - omNode-bootstrap-2@group-0AAC5367B30E: reply installSnapshot: omNode-1<-omNode-bootstrap-2#0:FAIL-t1,IN_PROGRESS,snapshotIndex=0
2024-07-18 11:33:56,337 [grpc-default-executor-0] INFO  server.GrpcServerProtocolService (GrpcServerProtocolService.java:onCompleted(157)) - omNode-bootstrap-2: Completed INSTALL_SNAPSHOT, lastRequest: omNode-1->omNode-bootstrap-2#0-t1,notify:(t:1, i:0)
2024-07-18 11:33:56,337 [grpc-default-executor-0] INFO  server.GrpcServerProtocolService (GrpcServerProtocolService.java:lambda$onCompleted$5(159)) - omNode-bootstrap-2: Completed INSTALL_SNAPSHOT, lastReply: null
2024-07-18 11:33:56,338 [grpc-default-executor-3] INFO  impl.SnapshotInstallationHandler (SnapshotInstallationHandler.java:installSnapshot(92)) - omNode-bootstrap-2@group-0AAC5367B30E: receive installSnapshot: omNode-1->omNode-bootstrap-2#0-t1,notify:(t:1, i:0)
2024-07-18 11:33:56,338 [omNode-bootstrap-2-server-thread1] INFO  server.RaftServer$Division (RaftServerImpl.java:checkInconsistentAppendEntries(1629)) - omNode-bootstrap-2@group-0AAC5367B30E: Failed appendEntries as snapshot (0) installation is in progress
2024-07-18 11:33:56,338 [omNode-bootstrap-2-server-thread1] INFO  server.RaftServer$Division (RaftServerImpl.java:appendEntriesAsync(1584)) - omNode-bootstrap-2@group-0AAC5367B30E: appendEntries* reply omNode-1<-omNode-bootstrap-2#160:FAIL-t1,INCONSISTENCY,nextIndex=0,followerCommit=-1,matchIndex=-1
2024-07-18 11:33:56,339 [grpc-default-executor-3] INFO  impl.SnapshotInstallationHandler (SnapshotInstallationHandler.java:installSnapshotImpl(138)) - omNode-bootstrap-2@group-0AAC5367B30E: set new configuration configurationEntry {
  peers {
    id: "omNode-3"
    address: "localhost:15023"
    startupRole: FOLLOWER
  }
  peers {
    id: "omNode-1"
    address: "localhost:15015"
    startupRole: FOLLOWER
  }
  peers {
    id: "omNode-2"
    address: "localhost:15019"
    startupRole: FOLLOWER
  }
}
 from snapshot
2024-07-18 11:33:56,339 [grpc-default-executor-3] INFO  server.RaftServer$Division (ServerState.java:setRaftConf(386)) - omNode-bootstrap-2@group-0AAC5367B30E: set configuration conf: {index: 0, cur=peers:[omNode-3|localhost:15023, omNode-1|localhost:15015, omNode-2|localhost:15019]|listeners:[], old=null}
2024-07-18 11:33:56,340 [grpc-default-executor-3] INFO  ratis.OzoneManagerStateMachine (OzoneManagerStateMachine.java:notifyConfigurationChanged(216)) - Received Configuration change notification from Ratis. New Peer list:
[id: "omNode-3"
address: "localhost:15023"
startupRole: FOLLOWER
, id: "omNode-1"
address: "localhost:15015"
startupRole: FOLLOWER
, id: "omNode-2"
address: "localhost:15019"
startupRole: FOLLOWER
]
2024-07-18 11:33:56,340 [grpc-default-executor-3] INFO  impl.SnapshotInstallationHandler (SnapshotInstallationHandler.java:installSnapshot(103)) - omNode-bootstrap-2@group-0AAC5367B30E: reply installSnapshot: omNode-1<-omNode-bootstrap-2#0:FAIL-t1,IN_PROGRESS,snapshotIndex=0
2024-07-18 11:33:56,340 [grpc-default-executor-3] INFO  server.GrpcServerProtocolService (GrpcServerProtocolService.java:onCompleted(157)) - omNode-bootstrap-2: Completed INSTALL_SNAPSHOT, lastRequest: omNode-1->omNode-bootstrap-2#0-t1,notify:(t:1, i:0)
2024-07-18 11:33:56,340 [grpc-default-executor-3] INFO  server.GrpcServerProtocolService (GrpcServerProtocolService.java:lambda$onCompleted$5(159)) - omNode-bootstrap-2: Completed INSTALL_SNAPSHOT, lastReply: null
2024-07-18 11:33:56,341 [omNode-bootstrap-2-server-thread1] INFO  server.RaftServer$Division (RaftServerImpl.java:checkInconsistentAppendEntries(1629)) - omNode-bootstrap-2@group-0AAC5367B30E: Failed appendEntries as snapshot (0) installation is in progress
2024-07-18 11:33:56,341 [omNode-bootstrap-2-server-thread1] INFO  server.RaftServer$Division (RaftServerImpl.java:appendEntriesAsync(1584)) - omNode-bootstrap-2@group-0AAC5367B30E: appendEntries* reply omNode-1<-omNode-bootstrap-2#161:FAIL-t1,INCONSISTENCY,nextIndex=0,followerCommit=-1,matchIndex=-1
2024-07-18 11:33:56,342 [grpc-default-executor-0] INFO  impl.SnapshotInstallationHandler (SnapshotInstallationHandler.java:installSnapshot(92)) - omNode-bootstrap-2@group-0AAC5367B30E: receive installSnapshot: omNode-1->omNode-bootstrap-2#0-t1,notify:(t:1, i:0)
2024-07-18 11:33:56,342 [grpc-default-executor-0] INFO  impl.SnapshotInstallationHandler (SnapshotInstallationHandler.java:installSnapshotImpl(138)) - omNode-bootstrap-2@group-0AAC5367B30E: set new configuration configurationEntry {
  peers {
    id: "omNode-3"
    address: "localhost:15023"
    startupRole: FOLLOWER
  }
  peers {
    id: "omNode-1"
    address: "localhost:15015"
    startupRole: FOLLOWER
  }
  peers {
    id: "omNode-2"
    address: "localhost:15019"
    startupRole: FOLLOWER
  }
}
 from snapshot
2024-07-18 11:33:56,342 [grpc-default-executor-0] INFO  server.RaftServer$Division (ServerState.java:setRaftConf(386)) - omNode-bootstrap-2@group-0AAC5367B30E: set configuration conf: {index: 0, cur=peers:[omNode-3|localhost:15023, omNode-1|localhost:15015, omNode-2|localhost:15019]|listeners:[], old=null}
2024-07-18 11:33:56,344 [grpc-default-executor-0] INFO  ratis.OzoneManagerStateMachine (OzoneManagerStateMachine.java:notifyConfigurationChanged(216)) - Received Configuration change notification from Ratis. New Peer list:
[id: "omNode-3"
address: "localhost:15023"
startupRole: FOLLOWER
, id: "omNode-1"
address: "localhost:15015"
startupRole: FOLLOWER
, id: "omNode-2"
address: "localhost:15019"
startupRole: FOLLOWER
]
2024-07-18 11:33:56,344 [grpc-default-executor-0] INFO  impl.SnapshotInstallationHandler (SnapshotInstallationHandler.java:installSnapshot(103)) - omNode-bootstrap-2@group-0AAC5367B30E: reply installSnapshot: omNode-1<-omNode-bootstrap-2#0:FAIL-t1,IN_PROGRESS,snapshotIndex=0
2024-07-18 11:33:56,344 [grpc-default-executor-0] INFO  server.GrpcServerProtocolService (GrpcServerProtocolService.java:onCompleted(157)) - omNode-bootstrap-2: Completed INSTALL_SNAPSHOT, lastRequest: omNode-1->omNode-bootstrap-2#0-t1,notify:(t:1, i:0)
2024-07-18 11:33:56,345 [grpc-default-executor-0] INFO  server.GrpcServerProtocolService (GrpcServerProtocolService.java:lambda$onCompleted$5(159)) - omNode-bootstrap-2: Completed INSTALL_SNAPSHOT, lastReply: null
2024-07-18 11:33:56,346 [omNode-bootstrap-2-server-thread1] INFO  server.RaftServer$Division (RaftServerImpl.java:checkInconsistentAppendEntries(1629)) - omNode-bootstrap-2@group-0AAC5367B30E: Failed appendEntries as snapshot (0) installation is in progress
2024-07-18 11:33:56,346 [omNode-bootstrap-2-server-thread1] INFO  server.RaftServer$Division (RaftServerImpl.java:appendEntriesAsync(1584)) - omNode-bootstrap-2@group-0AAC5367B30E: appendEntries* reply omNode-1<-omNode-bootstrap-2#162:FAIL-t1,INCONSISTENCY,nextIndex=0,followerCommit=-1,matchIndex=-1
2024-07-18 11:33:56,346 [grpc-default-executor-3] INFO  impl.SnapshotInstallationHandler (SnapshotInstallationHandler.java:installSnapshot(92)) - omNode-bootstrap-2@group-0AAC5367B30E: receive installSnapshot: omNode-1->omNode-bootstrap-2#0-t1,notify:(t:1, i:0)
2024-07-18 11:33:56,346 [grpc-default-executor-3] INFO  impl.SnapshotInstallationHandler (SnapshotInstallationHandler.java:installSnapshotImpl(138)) - omNode-bootstrap-2@group-0AAC5367B30E: set new configuration configurationEntry {
  peers {
    id: "omNode-3"
    address: "localhost:15023"
    startupRole: FOLLOWER
  }
  peers {
    id: "omNode-1"
    address: "localhost:15015"
    startupRole: FOLLOWER
  }
  peers {
    id: "omNode-2"
    address: "localhost:15019"
    startupRole: FOLLOWER
  }
}
 from snapshot
2024-07-18 11:33:56,346 [grpc-default-executor-3] INFO  server.RaftServer$Division (ServerState.java:setRaftConf(386)) - omNode-bootstrap-2@group-0AAC5367B30E: set configuration conf: {index: 0, cur=peers:[omNode-3|localhost:15023, omNode-1|localhost:15015, omNode-2|localhost:15019]|listeners:[], old=null}
2024-07-18 11:33:56,347 [grpc-default-executor-3] INFO  ratis.OzoneManagerStateMachine (OzoneManagerStateMachine.java:notifyConfigurationChanged(216)) - Received Configuration change notification from Ratis. New Peer list:
[id: "omNode-3"
address: "localhost:15023"
startupRole: FOLLOWER
, id: "omNode-1"
address: "localhost:15015"
startupRole: FOLLOWER
, id: "omNode-2"
address: "localhost:15019"
startupRole: FOLLOWER
]
2024-07-18 11:33:56,347 [grpc-default-executor-3] INFO  impl.SnapshotInstallationHandler (SnapshotInstallationHandler.java:installSnapshot(103)) - omNode-bootstrap-2@group-0AAC5367B30E: reply installSnapshot: omNode-1<-omNode-bootstrap-2#0:FAIL-t1,IN_PROGRESS,snapshotIndex=0
2024-07-18 11:33:56,348 [grpc-default-executor-3] INFO  server.GrpcServerProtocolService (GrpcServerProtocolService.java:onCompleted(157)) - omNode-bootstrap-2: Completed INSTALL_SNAPSHOT, lastRequest: omNode-1->omNode-bootstrap-2#0-t1,notify:(t:1, i:0)
2024-07-18 11:33:56,348 [grpc-default-executor-3] INFO  server.GrpcServerProtocolService (GrpcServerProtocolService.java:lambda$onCompleted$5(159)) - omNode-bootstrap-2: Completed INSTALL_SNAPSHOT, lastReply: null
2024-07-18 11:33:56,349 [omNode-bootstrap-2-server-thread1] INFO  server.RaftServer$Division (RaftServerImpl.java:checkInconsistentAppendEntries(1629)) - omNode-bootstrap-2@group-0AAC5367B30E: Failed appendEntries as snapshot (0) installation is in progress
2024-07-18 11:33:56,349 [omNode-bootstrap-2-server-thread1] INFO  server.RaftServer$Division (RaftServerImpl.java:appendEntriesAsync(1584)) - omNode-bootstrap-2@group-0AAC5367B30E: appendEntries* reply omNode-1<-omNode-bootstrap-2#163:FAIL-t1,INCONSISTENCY,nextIndex=0,followerCommit=-1,matchIndex=-1
2024-07-18 11:33:56,349 [grpc-default-executor-0] INFO  impl.SnapshotInstallationHandler (SnapshotInstallationHandler.java:installSnapshot(92)) - omNode-bootstrap-2@group-0AAC5367B30E: receive installSnapshot: omNode-1->omNode-bootstrap-2#0-t1,notify:(t:1, i:0)
2024-07-18 11:33:56,350 [grpc-default-executor-0] INFO  impl.SnapshotInstallationHandler (SnapshotInstallationHandler.java:installSnapshotImpl(138)) - omNode-bootstrap-2@group-0AAC5367B30E: set new configuration configurationEntry {
  peers {
    id: "omNode-3"
    address: "localhost:15023"
    startupRole: FOLLOWER
  }
  peers {
    id: "omNode-1"
    address: "localhost:15015"
    startupRole: FOLLOWER
  }
  peers {
    id: "omNode-2"
    address: "localhost:15019"
    startupRole: FOLLOWER
  }
}
 from snapshot
2024-07-18 11:33:56,350 [grpc-default-executor-0] INFO  server.RaftServer$Division (ServerState.java:setRaftConf(386)) - omNode-bootstrap-2@group-0AAC5367B30E: set configuration conf: {index: 0, cur=peers:[omNode-3|localhost:15023, omNode-1|localhost:15015, omNode-2|localhost:15019]|listeners:[], old=null}
2024-07-18 11:33:56,351 [grpc-default-executor-0] INFO  ratis.OzoneManagerStateMachine (OzoneManagerStateMachine.java:notifyConfigurationChanged(216)) - Received Configuration change notification from Ratis. New Peer list:
[id: "omNode-3"
address: "localhost:15023"
startupRole: FOLLOWER
, id: "omNode-1"
address: "localhost:15015"
startupRole: FOLLOWER
, id: "omNode-2"
address: "localhost:15019"
startupRole: FOLLOWER
]
2024-07-18 11:33:56,351 [grpc-default-executor-0] INFO  impl.SnapshotInstallationHandler (SnapshotInstallationHandler.java:installSnapshot(103)) - omNode-bootstrap-2@group-0AAC5367B30E: reply installSnapshot: omNode-1<-omNode-bootstrap-2#0:FAIL-t1,IN_PROGRESS,snapshotIndex=0
2024-07-18 11:33:56,351 [grpc-default-executor-0] INFO  server.GrpcServerProtocolService (GrpcServerProtocolService.java:onCompleted(157)) - omNode-bootstrap-2: Completed INSTALL_SNAPSHOT, lastRequest: omNode-1->omNode-bootstrap-2#0-t1,notify:(t:1, i:0)
2024-07-18 11:33:56,352 [grpc-default-executor-0] INFO  server.GrpcServerProtocolService (GrpcServerProtocolService.java:lambda$onCompleted$5(159)) - omNode-bootstrap-2: Completed INSTALL_SNAPSHOT, lastReply: null
2024-07-18 11:33:56,355 [grpc-default-executor-0] INFO  impl.SnapshotInstallationHandler (SnapshotInstallationHandler.java:installSnapshot(92)) - omNode-bootstrap-2@group-0AAC5367B30E: receive installSnapshot: omNode-1->omNode-bootstrap-2#0-t1,notify:(t:1, i:0)
2024-07-18 11:33:56,355 [omNode-bootstrap-2-server-thread1] INFO  server.RaftServer$Division (RaftServerImpl.java:checkInconsistentAppendEntries(1629)) - omNode-bootstrap-2@group-0AAC5367B30E: Failed appendEntries as snapshot (0) installation is in progress
2024-07-18 11:33:56,356 [omNode-bootstrap-2-server-thread1] INFO  server.RaftServer$Division (RaftServerImpl.java:appendEntriesAsync(1584)) - omNode-bootstrap-2@group-0AAC5367B30E: appendEntries* reply omNode-1<-omNode-bootstrap-2#164:FAIL-t1,INCONSISTENCY,nextIndex=0,followerCommit=-1,matchIndex=-1
2024-07-18 11:33:56,356 [grpc-default-executor-0] INFO  impl.SnapshotInstallationHandler (SnapshotInstallationHandler.java:installSnapshotImpl(138)) - omNode-bootstrap-2@group-0AAC5367B30E: set new configuration configurationEntry {
  peers {
    id: "omNode-3"
    address: "localhost:15023"
    startupRole: FOLLOWER
  }
  peers {
    id: "omNode-1"
    address: "localhost:15015"
    startupRole: FOLLOWER
  }
  peers {
    id: "omNode-2"
    address: "localhost:15019"
    startupRole: FOLLOWER
  }
}
 from snapshot
2024-07-18 11:33:56,356 [grpc-default-executor-0] INFO  server.RaftServer$Division (ServerState.java:setRaftConf(386)) - omNode-bootstrap-2@group-0AAC5367B30E: set configuration conf: {index: 0, cur=peers:[omNode-3|localhost:15023, omNode-1|localhost:15015, omNode-2|localhost:15019]|listeners:[], old=null}
2024-07-18 11:33:56,358 [grpc-default-executor-0] INFO  ratis.OzoneManagerStateMachine (OzoneManagerStateMachine.java:notifyConfigurationChanged(216)) - Received Configuration change notification from Ratis. New Peer list:
[id: "omNode-3"
address: "localhost:15023"
startupRole: FOLLOWER
, id: "omNode-1"
address: "localhost:15015"
startupRole: FOLLOWER
, id: "omNode-2"
address: "localhost:15019"
startupRole: FOLLOWER
]
2024-07-18 11:33:56,358 [grpc-default-executor-0] INFO  impl.SnapshotInstallationHandler (SnapshotInstallationHandler.java:installSnapshot(103)) - omNode-bootstrap-2@group-0AAC5367B30E: reply installSnapshot: omNode-1<-omNode-bootstrap-2#0:FAIL-t1,IN_PROGRESS,snapshotIndex=0
2024-07-18 11:33:56,358 [grpc-default-executor-0] INFO  server.GrpcServerProtocolService (GrpcServerProtocolService.java:onCompleted(157)) - omNode-bootstrap-2: Completed INSTALL_SNAPSHOT, lastRequest: omNode-1->omNode-bootstrap-2#0-t1,notify:(t:1, i:0)
2024-07-18 11:33:56,358 [grpc-default-executor-0] INFO  server.GrpcServerProtocolService (GrpcServerProtocolService.java:lambda$onCompleted$5(159)) - omNode-bootstrap-2: Completed INSTALL_SNAPSHOT, lastReply: null
2024-07-18 11:33:56,360 [omNode-bootstrap-2-server-thread1] INFO  server.RaftServer$Division (RaftServerImpl.java:checkInconsistentAppendEntries(1629)) - omNode-bootstrap-2@group-0AAC5367B30E: Failed appendEntries as snapshot (0) installation is in progress
2024-07-18 11:33:56,360 [omNode-bootstrap-2-server-thread1] INFO  server.RaftServer$Division (RaftServerImpl.java:appendEntriesAsync(1584)) - omNode-bootstrap-2@group-0AAC5367B30E: appendEntries* reply omNode-1<-omNode-bootstrap-2#165:FAIL-t1,INCONSISTENCY,nextIndex=0,followerCommit=-1,matchIndex=-1
2024-07-18 11:33:56,360 [grpc-default-executor-3] INFO  impl.SnapshotInstallationHandler (SnapshotInstallationHandler.java:installSnapshot(92)) - omNode-bootstrap-2@group-0AAC5367B30E: receive installSnapshot: omNode-1->omNode-bootstrap-2#0-t1,notify:(t:1, i:0)
2024-07-18 11:33:56,360 [grpc-default-executor-3] INFO  impl.SnapshotInstallationHandler (SnapshotInstallationHandler.java:installSnapshotImpl(138)) - omNode-bootstrap-2@group-0AAC5367B30E: set new configuration configurationEntry {
  peers {
    id: "omNode-3"
    address: "localhost:15023"
    startupRole: FOLLOWER
  }
  peers {
    id: "omNode-1"
    address: "localhost:15015"
    startupRole: FOLLOWER
  }
  peers {
    id: "omNode-2"
    address: "localhost:15019"
    startupRole: FOLLOWER
  }
}
 from snapshot
2024-07-18 11:33:56,360 [grpc-default-executor-3] INFO  server.RaftServer$Division (ServerState.java:setRaftConf(386)) - omNode-bootstrap-2@group-0AAC5367B30E: set configuration conf: {index: 0, cur=peers:[omNode-3|localhost:15023, omNode-1|localhost:15015, omNode-2|localhost:15019]|listeners:[], old=null}
2024-07-18 11:33:56,361 [grpc-default-executor-3] INFO  ratis.OzoneManagerStateMachine (OzoneManagerStateMachine.java:notifyConfigurationChanged(216)) - Received Configuration change notification from Ratis. New Peer list:
[id: "omNode-3"
address: "localhost:15023"
startupRole: FOLLOWER
, id: "omNode-1"
address: "localhost:15015"
startupRole: FOLLOWER
, id: "omNode-2"
address: "localhost:15019"
startupRole: FOLLOWER
]
2024-07-18 11:33:56,361 [grpc-default-executor-3] INFO  impl.SnapshotInstallationHandler (SnapshotInstallationHandler.java:installSnapshot(103)) - omNode-bootstrap-2@group-0AAC5367B30E: reply installSnapshot: omNode-1<-omNode-bootstrap-2#0:FAIL-t1,IN_PROGRESS,snapshotIndex=0
2024-07-18 11:33:56,362 [grpc-default-executor-3] INFO  server.GrpcServerProtocolService (GrpcServerProtocolService.java:onCompleted(157)) - omNode-bootstrap-2: Completed INSTALL_SNAPSHOT, lastRequest: omNode-1->omNode-bootstrap-2#0-t1,notify:(t:1, i:0)
2024-07-18 11:33:56,362 [grpc-default-executor-3] INFO  server.GrpcServerProtocolService (GrpcServerProtocolService.java:lambda$onCompleted$5(159)) - omNode-bootstrap-2: Completed INSTALL_SNAPSHOT, lastReply: null
2024-07-18 11:33:56,362 [omNode-bootstrap-2-server-thread1] INFO  server.RaftServer$Division (RaftServerImpl.java:checkInconsistentAppendEntries(1629)) - omNode-bootstrap-2@group-0AAC5367B30E: Failed appendEntries as snapshot (0) installation is in progress
2024-07-18 11:33:56,363 [omNode-bootstrap-2-server-thread1] INFO  server.RaftServer$Division (RaftServerImpl.java:appendEntriesAsync(1584)) - omNode-bootstrap-2@group-0AAC5367B30E: appendEntries* reply omNode-1<-omNode-bootstrap-2#166:FAIL-t1,INCONSISTENCY,nextIndex=0,followerCommit=-1,matchIndex=-1
2024-07-18 11:33:56,364 [grpc-default-executor-0] INFO  impl.SnapshotInstallationHandler (SnapshotInstallationHandler.java:installSnapshot(92)) - omNode-bootstrap-2@group-0AAC5367B30E: receive installSnapshot: omNode-1->omNode-bootstrap-2#0-t1,notify:(t:1, i:0)
2024-07-18 11:33:56,364 [grpc-default-executor-0] INFO  impl.SnapshotInstallationHandler (SnapshotInstallationHandler.java:installSnapshotImpl(138)) - omNode-bootstrap-2@group-0AAC5367B30E: set new configuration configurationEntry {
  peers {
    id: "omNode-3"
    address: "localhost:15023"
    startupRole: FOLLOWER
  }
  peers {
    id: "omNode-1"
    address: "localhost:15015"
    startupRole: FOLLOWER
  }
  peers {
    id: "omNode-2"
    address: "localhost:15019"
    startupRole: FOLLOWER
  }
}
 from snapshot
2024-07-18 11:33:56,364 [grpc-default-executor-0] INFO  server.RaftServer$Division (ServerState.java:setRaftConf(386)) - omNode-bootstrap-2@group-0AAC5367B30E: set configuration conf: {index: 0, cur=peers:[omNode-3|localhost:15023, omNode-1|localhost:15015, omNode-2|localhost:15019]|listeners:[], old=null}
2024-07-18 11:33:56,365 [grpc-default-executor-0] INFO  ratis.OzoneManagerStateMachine (OzoneManagerStateMachine.java:notifyConfigurationChanged(216)) - Received Configuration change notification from Ratis. New Peer list:
[id: "omNode-3"
address: "localhost:15023"
startupRole: FOLLOWER
, id: "omNode-1"
address: "localhost:15015"
startupRole: FOLLOWER
, id: "omNode-2"
address: "localhost:15019"
startupRole: FOLLOWER
]
2024-07-18 11:33:56,365 [grpc-default-executor-0] INFO  impl.SnapshotInstallationHandler (SnapshotInstallationHandler.java:installSnapshot(103)) - omNode-bootstrap-2@group-0AAC5367B30E: reply installSnapshot: omNode-1<-omNode-bootstrap-2#0:FAIL-t1,IN_PROGRESS,snapshotIndex=0
2024-07-18 11:33:56,366 [grpc-default-executor-0] INFO  server.GrpcServerProtocolService (GrpcServerProtocolService.java:onCompleted(157)) - omNode-bootstrap-2: Completed INSTALL_SNAPSHOT, lastRequest: omNode-1->omNode-bootstrap-2#0-t1,notify:(t:1, i:0)
2024-07-18 11:33:56,366 [grpc-default-executor-0] INFO  server.GrpcServerProtocolService (GrpcServerProtocolService.java:lambda$onCompleted$5(159)) - omNode-bootstrap-2: Completed INSTALL_SNAPSHOT, lastReply: null
2024-07-18 11:33:56,367 [omNode-bootstrap-2-server-thread1] INFO  server.RaftServer$Division (RaftServerImpl.java:checkInconsistentAppendEntries(1629)) - omNode-bootstrap-2@group-0AAC5367B30E: Failed appendEntries as snapshot (0) installation is in progress
2024-07-18 11:33:56,367 [omNode-bootstrap-2-server-thread1] INFO  server.RaftServer$Division (RaftServerImpl.java:appendEntriesAsync(1584)) - omNode-bootstrap-2@group-0AAC5367B30E: appendEntries* reply omNode-1<-omNode-bootstrap-2#167:FAIL-t1,INCONSISTENCY,nextIndex=0,followerCommit=-1,matchIndex=-1
2024-07-18 11:33:56,368 [grpc-default-executor-5] INFO  impl.SnapshotInstallationHandler (SnapshotInstallationHandler.java:installSnapshot(92)) - omNode-bootstrap-2@group-0AAC5367B30E: receive installSnapshot: omNode-1->omNode-bootstrap-2#0-t1,notify:(t:1, i:0)
2024-07-18 11:33:56,368 [grpc-default-executor-5] INFO  impl.SnapshotInstallationHandler (SnapshotInstallationHandler.java:installSnapshotImpl(138)) - omNode-bootstrap-2@group-0AAC5367B30E: set new configuration configurationEntry {
  peers {
    id: "omNode-3"
    address: "localhost:15023"
    startupRole: FOLLOWER
  }
  peers {
    id: "omNode-1"
    address: "localhost:15015"
    startupRole: FOLLOWER
  }
  peers {
    id: "omNode-2"
    address: "localhost:15019"
    startupRole: FOLLOWER
  }
}
 from snapshot
2024-07-18 11:33:56,368 [grpc-default-executor-5] INFO  server.RaftServer$Division (ServerState.java:setRaftConf(386)) - omNode-bootstrap-2@group-0AAC5367B30E: set configuration conf: {index: 0, cur=peers:[omNode-3|localhost:15023, omNode-1|localhost:15015, omNode-2|localhost:15019]|listeners:[], old=null}
2024-07-18 11:33:56,369 [grpc-default-executor-5] INFO  ratis.OzoneManagerStateMachine (OzoneManagerStateMachine.java:notifyConfigurationChanged(216)) - Received Configuration change notification from Ratis. New Peer list:
[id: "omNode-3"
address: "localhost:15023"
startupRole: FOLLOWER
, id: "omNode-1"
address: "localhost:15015"
startupRole: FOLLOWER
, id: "omNode-2"
address: "localhost:15019"
startupRole: FOLLOWER
]
2024-07-18 11:33:56,369 [grpc-default-executor-5] INFO  impl.SnapshotInstallationHandler (SnapshotInstallationHandler.java:installSnapshot(103)) - omNode-bootstrap-2@group-0AAC5367B30E: reply installSnapshot: omNode-1<-omNode-bootstrap-2#0:FAIL-t1,IN_PROGRESS,snapshotIndex=0
2024-07-18 11:33:56,369 [grpc-default-executor-5] INFO  server.GrpcServerProtocolService (GrpcServerProtocolService.java:onCompleted(157)) - omNode-bootstrap-2: Completed INSTALL_SNAPSHOT, lastRequest: omNode-1->omNode-bootstrap-2#0-t1,notify:(t:1, i:0)
2024-07-18 11:33:56,369 [grpc-default-executor-5] INFO  server.GrpcServerProtocolService (GrpcServerProtocolService.java:lambda$onCompleted$5(159)) - omNode-bootstrap-2: Completed INSTALL_SNAPSHOT, lastReply: null
2024-07-18 11:33:56,370 [omNode-bootstrap-2-server-thread1] INFO  server.RaftServer$Division (RaftServerImpl.java:checkInconsistentAppendEntries(1629)) - omNode-bootstrap-2@group-0AAC5367B30E: Failed appendEntries as snapshot (0) installation is in progress
2024-07-18 11:33:56,370 [omNode-bootstrap-2-server-thread1] INFO  server.RaftServer$Division (RaftServerImpl.java:appendEntriesAsync(1584)) - omNode-bootstrap-2@group-0AAC5367B30E: appendEntries* reply omNode-1<-omNode-bootstrap-2#168:FAIL-t1,INCONSISTENCY,nextIndex=0,followerCommit=-1,matchIndex=-1
2024-07-18 11:33:56,371 [grpc-default-executor-3] INFO  impl.SnapshotInstallationHandler (SnapshotInstallationHandler.java:installSnapshot(92)) - omNode-bootstrap-2@group-0AAC5367B30E: receive installSnapshot: omNode-1->omNode-bootstrap-2#0-t1,notify:(t:1, i:0)
2024-07-18 11:33:56,372 [grpc-default-executor-3] INFO  impl.SnapshotInstallationHandler (SnapshotInstallationHandler.java:installSnapshotImpl(138)) - omNode-bootstrap-2@group-0AAC5367B30E: set new configuration configurationEntry {
  peers {
    id: "omNode-3"
    address: "localhost:15023"
    startupRole: FOLLOWER
  }
  peers {
    id: "omNode-1"
    address: "localhost:15015"
    startupRole: FOLLOWER
  }
  peers {
    id: "omNode-2"
    address: "localhost:15019"
    startupRole: FOLLOWER
  }
}
 from snapshot
2024-07-18 11:33:56,372 [grpc-default-executor-3] INFO  server.RaftServer$Division (ServerState.java:setRaftConf(386)) - omNode-bootstrap-2@group-0AAC5367B30E: set configuration conf: {index: 0, cur=peers:[omNode-3|localhost:15023, omNode-1|localhost:15015, omNode-2|localhost:15019]|listeners:[], old=null}
2024-07-18 11:33:56,373 [grpc-default-executor-3] INFO  ratis.OzoneManagerStateMachine (OzoneManagerStateMachine.java:notifyConfigurationChanged(216)) - Received Configuration change notification from Ratis. New Peer list:
[id: "omNode-3"
address: "localhost:15023"
startupRole: FOLLOWER
, id: "omNode-1"
address: "localhost:15015"
startupRole: FOLLOWER
, id: "omNode-2"
address: "localhost:15019"
startupRole: FOLLOWER
]
2024-07-18 11:33:56,373 [grpc-default-executor-3] INFO  impl.SnapshotInstallationHandler (SnapshotInstallationHandler.java:installSnapshot(103)) - omNode-bootstrap-2@group-0AAC5367B30E: reply installSnapshot: omNode-1<-omNode-bootstrap-2#0:FAIL-t1,IN_PROGRESS,snapshotIndex=0
2024-07-18 11:33:56,373 [grpc-default-executor-3] INFO  server.GrpcServerProtocolService (GrpcServerProtocolService.java:onCompleted(157)) - omNode-bootstrap-2: Completed INSTALL_SNAPSHOT, lastRequest: omNode-1->omNode-bootstrap-2#0-t1,notify:(t:1, i:0)
2024-07-18 11:33:56,373 [grpc-default-executor-3] INFO  server.GrpcServerProtocolService (GrpcServerProtocolService.java:lambda$onCompleted$5(159)) - omNode-bootstrap-2: Completed INSTALL_SNAPSHOT, lastReply: null
2024-07-18 11:33:56,374 [omNode-bootstrap-2-server-thread1] INFO  server.RaftServer$Division (RaftServerImpl.java:checkInconsistentAppendEntries(1629)) - omNode-bootstrap-2@group-0AAC5367B30E: Failed appendEntries as snapshot (0) installation is in progress
2024-07-18 11:33:56,374 [omNode-bootstrap-2-server-thread1] INFO  server.RaftServer$Division (RaftServerImpl.java:appendEntriesAsync(1584)) - omNode-bootstrap-2@group-0AAC5367B30E: appendEntries* reply omNode-1<-omNode-bootstrap-2#169:FAIL-t1,INCONSISTENCY,nextIndex=0,followerCommit=-1,matchIndex=-1
2024-07-18 11:33:56,376 [grpc-default-executor-3] INFO  impl.SnapshotInstallationHandler (SnapshotInstallationHandler.java:installSnapshot(92)) - omNode-bootstrap-2@group-0AAC5367B30E: receive installSnapshot: omNode-1->omNode-bootstrap-2#0-t1,notify:(t:1, i:0)
2024-07-18 11:33:56,376 [grpc-default-executor-3] INFO  impl.SnapshotInstallationHandler (SnapshotInstallationHandler.java:installSnapshotImpl(138)) - omNode-bootstrap-2@group-0AAC5367B30E: set new configuration configurationEntry {
  peers {
    id: "omNode-3"
    address: "localhost:15023"
    startupRole: FOLLOWER
  }
  peers {
    id: "omNode-1"
    address: "localhost:15015"
    startupRole: FOLLOWER
  }
  peers {
    id: "omNode-2"
    address: "localhost:15019"
    startupRole: FOLLOWER
  }
}
 from snapshot
2024-07-18 11:33:56,376 [grpc-default-executor-3] INFO  server.RaftServer$Division (ServerState.java:setRaftConf(386)) - omNode-bootstrap-2@group-0AAC5367B30E: set configuration conf: {index: 0, cur=peers:[omNode-3|localhost:15023, omNode-1|localhost:15015, omNode-2|localhost:15019]|listeners:[], old=null}
2024-07-18 11:33:56,377 [grpc-default-executor-3] INFO  ratis.OzoneManagerStateMachine (OzoneManagerStateMachine.java:notifyConfigurationChanged(216)) - Received Configuration change notification from Ratis. New Peer list:
[id: "omNode-3"
address: "localhost:15023"
startupRole: FOLLOWER
, id: "omNode-1"
address: "localhost:15015"
startupRole: FOLLOWER
, id: "omNode-2"
address: "localhost:15019"
startupRole: FOLLOWER
]
2024-07-18 11:33:56,377 [grpc-default-executor-3] INFO  impl.SnapshotInstallationHandler (SnapshotInstallationHandler.java:installSnapshot(103)) - omNode-bootstrap-2@group-0AAC5367B30E: reply installSnapshot: omNode-1<-omNode-bootstrap-2#0:FAIL-t1,IN_PROGRESS,snapshotIndex=0
2024-07-18 11:33:56,377 [grpc-default-executor-3] INFO  server.GrpcServerProtocolService (GrpcServerProtocolService.java:onCompleted(157)) - omNode-bootstrap-2: Completed INSTALL_SNAPSHOT, lastRequest: omNode-1->omNode-bootstrap-2#0-t1,notify:(t:1, i:0)
2024-07-18 11:33:56,377 [grpc-default-executor-3] INFO  server.GrpcServerProtocolService (GrpcServerProtocolService.java:lambda$onCompleted$5(159)) - omNode-bootstrap-2: Completed INSTALL_SNAPSHOT, lastReply: null
2024-07-18 11:33:56,378 [omNode-bootstrap-2-server-thread1] INFO  server.RaftServer$Division (RaftServerImpl.java:checkInconsistentAppendEntries(1629)) - omNode-bootstrap-2@group-0AAC5367B30E: Failed appendEntries as snapshot (0) installation is in progress
2024-07-18 11:33:56,378 [omNode-bootstrap-2-server-thread1] INFO  server.RaftServer$Division (RaftServerImpl.java:appendEntriesAsync(1584)) - omNode-bootstrap-2@group-0AAC5367B30E: appendEntries* reply omNode-1<-omNode-bootstrap-2#170:FAIL-t1,INCONSISTENCY,nextIndex=0,followerCommit=-1,matchIndex=-1
2024-07-18 11:33:56,379 [grpc-default-executor-5] INFO  impl.SnapshotInstallationHandler (SnapshotInstallationHandler.java:installSnapshot(92)) - omNode-bootstrap-2@group-0AAC5367B30E: receive installSnapshot: omNode-1->omNode-bootstrap-2#0-t1,notify:(t:1, i:0)
2024-07-18 11:33:56,380 [grpc-default-executor-5] INFO  impl.SnapshotInstallationHandler (SnapshotInstallationHandler.java:installSnapshotImpl(138)) - omNode-bootstrap-2@group-0AAC5367B30E: set new configuration configurationEntry {
  peers {
    id: "omNode-3"
    address: "localhost:15023"
    startupRole: FOLLOWER
  }
  peers {
    id: "omNode-1"
    address: "localhost:15015"
    startupRole: FOLLOWER
  }
  peers {
    id: "omNode-2"
    address: "localhost:15019"
    startupRole: FOLLOWER
  }
}
 from snapshot
2024-07-18 11:33:56,380 [grpc-default-executor-5] INFO  server.RaftServer$Division (ServerState.java:setRaftConf(386)) - omNode-bootstrap-2@group-0AAC5367B30E: set configuration conf: {index: 0, cur=peers:[omNode-3|localhost:15023, omNode-1|localhost:15015, omNode-2|localhost:15019]|listeners:[], old=null}
2024-07-18 11:33:56,381 [grpc-default-executor-5] INFO  ratis.OzoneManagerStateMachine (OzoneManagerStateMachine.java:notifyConfigurationChanged(216)) - Received Configuration change notification from Ratis. New Peer list:
[id: "omNode-3"
address: "localhost:15023"
startupRole: FOLLOWER
, id: "omNode-1"
address: "localhost:15015"
startupRole: FOLLOWER
, id: "omNode-2"
address: "localhost:15019"
startupRole: FOLLOWER
]
2024-07-18 11:33:56,381 [grpc-default-executor-5] INFO  impl.SnapshotInstallationHandler (SnapshotInstallationHandler.java:installSnapshot(103)) - omNode-bootstrap-2@group-0AAC5367B30E: reply installSnapshot: omNode-1<-omNode-bootstrap-2#0:FAIL-t1,IN_PROGRESS,snapshotIndex=0
2024-07-18 11:33:56,381 [grpc-default-executor-5] INFO  server.GrpcServerProtocolService (GrpcServerProtocolService.java:onCompleted(157)) - omNode-bootstrap-2: Completed INSTALL_SNAPSHOT, lastRequest: omNode-1->omNode-bootstrap-2#0-t1,notify:(t:1, i:0)
2024-07-18 11:33:56,381 [grpc-default-executor-5] INFO  server.GrpcServerProtocolService (GrpcServerProtocolService.java:lambda$onCompleted$5(159)) - omNode-bootstrap-2: Completed INSTALL_SNAPSHOT, lastReply: null
2024-07-18 11:33:56,382 [omNode-bootstrap-2-server-thread1] INFO  server.RaftServer$Division (RaftServerImpl.java:checkInconsistentAppendEntries(1629)) - omNode-bootstrap-2@group-0AAC5367B30E: Failed appendEntries as snapshot (0) installation is in progress
2024-07-18 11:33:56,382 [omNode-bootstrap-2-server-thread1] INFO  server.RaftServer$Division (RaftServerImpl.java:appendEntriesAsync(1584)) - omNode-bootstrap-2@group-0AAC5367B30E: appendEntries* reply omNode-1<-omNode-bootstrap-2#171:FAIL-t1,INCONSISTENCY,nextIndex=0,followerCommit=-1,matchIndex=-1
2024-07-18 11:33:56,383 [grpc-default-executor-3] INFO  impl.SnapshotInstallationHandler (SnapshotInstallationHandler.java:installSnapshot(92)) - omNode-bootstrap-2@group-0AAC5367B30E: receive installSnapshot: omNode-1->omNode-bootstrap-2#0-t1,notify:(t:1, i:0)
2024-07-18 11:33:56,384 [grpc-default-executor-3] INFO  impl.SnapshotInstallationHandler (SnapshotInstallationHandler.java:installSnapshotImpl(138)) - omNode-bootstrap-2@group-0AAC5367B30E: set new configuration configurationEntry {
  peers {
    id: "omNode-3"
    address: "localhost:15023"
    startupRole: FOLLOWER
  }
  peers {
    id: "omNode-1"
    address: "localhost:15015"
    startupRole: FOLLOWER
  }
  peers {
    id: "omNode-2"
    address: "localhost:15019"
    startupRole: FOLLOWER
  }
}
 from snapshot
2024-07-18 11:33:56,384 [grpc-default-executor-3] INFO  server.RaftServer$Division (ServerState.java:setRaftConf(386)) - omNode-bootstrap-2@group-0AAC5367B30E: set configuration conf: {index: 0, cur=peers:[omNode-3|localhost:15023, omNode-1|localhost:15015, omNode-2|localhost:15019]|listeners:[], old=null}
2024-07-18 11:33:56,385 [grpc-default-executor-3] INFO  ratis.OzoneManagerStateMachine (OzoneManagerStateMachine.java:notifyConfigurationChanged(216)) - Received Configuration change notification from Ratis. New Peer list:
[id: "omNode-3"
address: "localhost:15023"
startupRole: FOLLOWER
, id: "omNode-1"
address: "localhost:15015"
startupRole: FOLLOWER
, id: "omNode-2"
address: "localhost:15019"
startupRole: FOLLOWER
]
2024-07-18 11:33:56,385 [grpc-default-executor-3] INFO  impl.SnapshotInstallationHandler (SnapshotInstallationHandler.java:installSnapshot(103)) - omNode-bootstrap-2@group-0AAC5367B30E: reply installSnapshot: omNode-1<-omNode-bootstrap-2#0:FAIL-t1,IN_PROGRESS,snapshotIndex=0
2024-07-18 11:33:56,385 [grpc-default-executor-3] INFO  server.GrpcServerProtocolService (GrpcServerProtocolService.java:onCompleted(157)) - omNode-bootstrap-2: Completed INSTALL_SNAPSHOT, lastRequest: omNode-1->omNode-bootstrap-2#0-t1,notify:(t:1, i:0)
2024-07-18 11:33:56,385 [grpc-default-executor-3] INFO  server.GrpcServerProtocolService (GrpcServerProtocolService.java:lambda$onCompleted$5(159)) - omNode-bootstrap-2: Completed INSTALL_SNAPSHOT, lastReply: null
2024-07-18 11:33:56,386 [omNode-bootstrap-2-server-thread1] INFO  server.RaftServer$Division (RaftServerImpl.java:checkInconsistentAppendEntries(1629)) - omNode-bootstrap-2@group-0AAC5367B30E: Failed appendEntries as snapshot (0) installation is in progress
2024-07-18 11:33:56,386 [omNode-bootstrap-2-server-thread1] INFO  server.RaftServer$Division (RaftServerImpl.java:appendEntriesAsync(1584)) - omNode-bootstrap-2@group-0AAC5367B30E: appendEntries* reply omNode-1<-omNode-bootstrap-2#172:FAIL-t1,INCONSISTENCY,nextIndex=0,followerCommit=-1,matchIndex=-1
2024-07-18 11:33:56,387 [grpc-default-executor-5] INFO  impl.SnapshotInstallationHandler (SnapshotInstallationHandler.java:installSnapshot(92)) - omNode-bootstrap-2@group-0AAC5367B30E: receive installSnapshot: omNode-1->omNode-bootstrap-2#0-t1,notify:(t:1, i:0)
2024-07-18 11:33:56,387 [grpc-default-executor-5] INFO  impl.SnapshotInstallationHandler (SnapshotInstallationHandler.java:installSnapshotImpl(138)) - omNode-bootstrap-2@group-0AAC5367B30E: set new configuration configurationEntry {
  peers {
    id: "omNode-3"
    address: "localhost:15023"
    startupRole: FOLLOWER
  }
  peers {
    id: "omNode-1"
    address: "localhost:15015"
    startupRole: FOLLOWER
  }
  peers {
    id: "omNode-2"
    address: "localhost:15019"
    startupRole: FOLLOWER
  }
}
 from snapshot
2024-07-18 11:33:56,388 [grpc-default-executor-5] INFO  server.RaftServer$Division (ServerState.java:setRaftConf(386)) - omNode-bootstrap-2@group-0AAC5367B30E: set configuration conf: {index: 0, cur=peers:[omNode-3|localhost:15023, omNode-1|localhost:15015, omNode-2|localhost:15019]|listeners:[], old=null}
2024-07-18 11:33:56,389 [grpc-default-executor-5] INFO  ratis.OzoneManagerStateMachine (OzoneManagerStateMachine.java:notifyConfigurationChanged(216)) - Received Configuration change notification from Ratis. New Peer list:
[id: "omNode-3"
address: "localhost:15023"
startupRole: FOLLOWER
, id: "omNode-1"
address: "localhost:15015"
startupRole: FOLLOWER
, id: "omNode-2"
address: "localhost:15019"
startupRole: FOLLOWER
]
2024-07-18 11:33:56,389 [grpc-default-executor-5] INFO  impl.SnapshotInstallationHandler (SnapshotInstallationHandler.java:installSnapshot(103)) - omNode-bootstrap-2@group-0AAC5367B30E: reply installSnapshot: omNode-1<-omNode-bootstrap-2#0:FAIL-t1,IN_PROGRESS,snapshotIndex=0
2024-07-18 11:33:56,389 [grpc-default-executor-5] INFO  server.GrpcServerProtocolService (GrpcServerProtocolService.java:onCompleted(157)) - omNode-bootstrap-2: Completed INSTALL_SNAPSHOT, lastRequest: omNode-1->omNode-bootstrap-2#0-t1,notify:(t:1, i:0)
2024-07-18 11:33:56,389 [grpc-default-executor-5] INFO  server.GrpcServerProtocolService (GrpcServerProtocolService.java:lambda$onCompleted$5(159)) - omNode-bootstrap-2: Completed INSTALL_SNAPSHOT, lastReply: null
2024-07-18 11:33:56,390 [omNode-bootstrap-2-server-thread1] INFO  server.RaftServer$Division (RaftServerImpl.java:checkInconsistentAppendEntries(1629)) - omNode-bootstrap-2@group-0AAC5367B30E: Failed appendEntries as snapshot (0) installation is in progress
2024-07-18 11:33:56,390 [omNode-bootstrap-2-server-thread1] INFO  server.RaftServer$Division (RaftServerImpl.java:appendEntriesAsync(1584)) - omNode-bootstrap-2@group-0AAC5367B30E: appendEntries* reply omNode-1<-omNode-bootstrap-2#173:FAIL-t1,INCONSISTENCY,nextIndex=0,followerCommit=-1,matchIndex=-1
2024-07-18 11:33:56,391 [grpc-default-executor-3] INFO  impl.SnapshotInstallationHandler (SnapshotInstallationHandler.java:installSnapshot(92)) - omNode-bootstrap-2@group-0AAC5367B30E: receive installSnapshot: omNode-1->omNode-bootstrap-2#0-t1,notify:(t:1, i:0)
2024-07-18 11:33:56,391 [grpc-default-executor-3] INFO  impl.SnapshotInstallationHandler (SnapshotInstallationHandler.java:installSnapshotImpl(138)) - omNode-bootstrap-2@group-0AAC5367B30E: set new configuration configurationEntry {
  peers {
    id: "omNode-3"
    address: "localhost:15023"
    startupRole: FOLLOWER
  }
  peers {
    id: "omNode-1"
    address: "localhost:15015"
    startupRole: FOLLOWER
  }
  peers {
    id: "omNode-2"
    address: "localhost:15019"
    startupRole: FOLLOWER
  }
}
 from snapshot
2024-07-18 11:33:56,391 [grpc-default-executor-3] INFO  server.RaftServer$Division (ServerState.java:setRaftConf(386)) - omNode-bootstrap-2@group-0AAC5367B30E: set configuration conf: {index: 0, cur=peers:[omNode-3|localhost:15023, omNode-1|localhost:15015, omNode-2|localhost:15019]|listeners:[], old=null}
2024-07-18 11:33:56,392 [grpc-default-executor-3] INFO  ratis.OzoneManagerStateMachine (OzoneManagerStateMachine.java:notifyConfigurationChanged(216)) - Received Configuration change notification from Ratis. New Peer list:
[id: "omNode-3"
address: "localhost:15023"
startupRole: FOLLOWER
, id: "omNode-1"
address: "localhost:15015"
startupRole: FOLLOWER
, id: "omNode-2"
address: "localhost:15019"
startupRole: FOLLOWER
]
2024-07-18 11:33:56,393 [grpc-default-executor-3] INFO  impl.SnapshotInstallationHandler (SnapshotInstallationHandler.java:installSnapshot(103)) - omNode-bootstrap-2@group-0AAC5367B30E: reply installSnapshot: omNode-1<-omNode-bootstrap-2#0:FAIL-t1,IN_PROGRESS,snapshotIndex=0
2024-07-18 11:33:56,393 [grpc-default-executor-3] INFO  server.GrpcServerProtocolService (GrpcServerProtocolService.java:onCompleted(157)) - omNode-bootstrap-2: Completed INSTALL_SNAPSHOT, lastRequest: omNode-1->omNode-bootstrap-2#0-t1,notify:(t:1, i:0)
2024-07-18 11:33:56,393 [grpc-default-executor-3] INFO  server.GrpcServerProtocolService (GrpcServerProtocolService.java:lambda$onCompleted$5(159)) - omNode-bootstrap-2: Completed INSTALL_SNAPSHOT, lastReply: null
2024-07-18 11:33:56,394 [omNode-bootstrap-2-server-thread1] INFO  server.RaftServer$Division (RaftServerImpl.java:checkInconsistentAppendEntries(1629)) - omNode-bootstrap-2@group-0AAC5367B30E: Failed appendEntries as snapshot (0) installation is in progress
2024-07-18 11:33:56,394 [grpc-default-executor-0] INFO  impl.SnapshotInstallationHandler (SnapshotInstallationHandler.java:installSnapshot(92)) - omNode-bootstrap-2@group-0AAC5367B30E: receive installSnapshot: omNode-1->omNode-bootstrap-2#0-t1,notify:(t:1, i:0)
2024-07-18 11:33:56,394 [omNode-bootstrap-2-server-thread1] INFO  server.RaftServer$Division (RaftServerImpl.java:appendEntriesAsync(1584)) - omNode-bootstrap-2@group-0AAC5367B30E: appendEntries* reply omNode-1<-omNode-bootstrap-2#174:FAIL-t1,INCONSISTENCY,nextIndex=0,followerCommit=-1,matchIndex=-1
2024-07-18 11:33:56,395 [grpc-default-executor-0] INFO  impl.SnapshotInstallationHandler (SnapshotInstallationHandler.java:installSnapshotImpl(138)) - omNode-bootstrap-2@group-0AAC5367B30E: set new configuration configurationEntry {
  peers {
    id: "omNode-3"
    address: "localhost:15023"
    startupRole: FOLLOWER
  }
  peers {
    id: "omNode-1"
    address: "localhost:15015"
    startupRole: FOLLOWER
  }
  peers {
    id: "omNode-2"
    address: "localhost:15019"
    startupRole: FOLLOWER
  }
}
 from snapshot
2024-07-18 11:33:56,395 [grpc-default-executor-0] INFO  server.RaftServer$Division (ServerState.java:setRaftConf(386)) - omNode-bootstrap-2@group-0AAC5367B30E: set configuration conf: {index: 0, cur=peers:[omNode-3|localhost:15023, omNode-1|localhost:15015, omNode-2|localhost:15019]|listeners:[], old=null}
2024-07-18 11:33:56,396 [grpc-default-executor-0] INFO  ratis.OzoneManagerStateMachine (OzoneManagerStateMachine.java:notifyConfigurationChanged(216)) - Received Configuration change notification from Ratis. New Peer list:
[id: "omNode-3"
address: "localhost:15023"
startupRole: FOLLOWER
, id: "omNode-1"
address: "localhost:15015"
startupRole: FOLLOWER
, id: "omNode-2"
address: "localhost:15019"
startupRole: FOLLOWER
]
2024-07-18 11:33:56,396 [grpc-default-executor-0] INFO  impl.SnapshotInstallationHandler (SnapshotInstallationHandler.java:installSnapshot(103)) - omNode-bootstrap-2@group-0AAC5367B30E: reply installSnapshot: omNode-1<-omNode-bootstrap-2#0:FAIL-t1,IN_PROGRESS,snapshotIndex=0
2024-07-18 11:33:56,396 [grpc-default-executor-0] INFO  server.GrpcServerProtocolService (GrpcServerProtocolService.java:onCompleted(157)) - omNode-bootstrap-2: Completed INSTALL_SNAPSHOT, lastRequest: omNode-1->omNode-bootstrap-2#0-t1,notify:(t:1, i:0)
2024-07-18 11:33:56,396 [grpc-default-executor-0] INFO  server.GrpcServerProtocolService (GrpcServerProtocolService.java:lambda$onCompleted$5(159)) - omNode-bootstrap-2: Completed INSTALL_SNAPSHOT, lastReply: null
2024-07-18 11:33:56,397 [omNode-bootstrap-2-server-thread1] INFO  server.RaftServer$Division (RaftServerImpl.java:checkInconsistentAppendEntries(1629)) - omNode-bootstrap-2@group-0AAC5367B30E: Failed appendEntries as snapshot (0) installation is in progress
2024-07-18 11:33:56,398 [omNode-bootstrap-2-server-thread1] INFO  server.RaftServer$Division (RaftServerImpl.java:appendEntriesAsync(1584)) - omNode-bootstrap-2@group-0AAC5367B30E: appendEntries* reply omNode-1<-omNode-bootstrap-2#175:FAIL-t1,INCONSISTENCY,nextIndex=0,followerCommit=-1,matchIndex=-1
2024-07-18 11:33:56,398 [grpc-default-executor-5] INFO  impl.SnapshotInstallationHandler (SnapshotInstallationHandler.java:installSnapshot(92)) - omNode-bootstrap-2@group-0AAC5367B30E: receive installSnapshot: omNode-1->omNode-bootstrap-2#0-t1,notify:(t:1, i:0)
2024-07-18 11:33:56,398 [grpc-default-executor-5] INFO  impl.SnapshotInstallationHandler (SnapshotInstallationHandler.java:installSnapshotImpl(138)) - omNode-bootstrap-2@group-0AAC5367B30E: set new configuration configurationEntry {
  peers {
    id: "omNode-3"
    address: "localhost:15023"
    startupRole: FOLLOWER
  }
  peers {
    id: "omNode-1"
    address: "localhost:15015"
    startupRole: FOLLOWER
  }
  peers {
    id: "omNode-2"
    address: "localhost:15019"
    startupRole: FOLLOWER
  }
}
 from snapshot
2024-07-18 11:33:56,398 [grpc-default-executor-5] INFO  server.RaftServer$Division (ServerState.java:setRaftConf(386)) - omNode-bootstrap-2@group-0AAC5367B30E: set configuration conf: {index: 0, cur=peers:[omNode-3|localhost:15023, omNode-1|localhost:15015, omNode-2|localhost:15019]|listeners:[], old=null}
2024-07-18 11:33:56,399 [grpc-default-executor-5] INFO  ratis.OzoneManagerStateMachine (OzoneManagerStateMachine.java:notifyConfigurationChanged(216)) - Received Configuration change notification from Ratis. New Peer list:
[id: "omNode-3"
address: "localhost:15023"
startupRole: FOLLOWER
, id: "omNode-1"
address: "localhost:15015"
startupRole: FOLLOWER
, id: "omNode-2"
address: "localhost:15019"
startupRole: FOLLOWER
]
2024-07-18 11:33:56,399 [grpc-default-executor-5] INFO  impl.SnapshotInstallationHandler (SnapshotInstallationHandler.java:installSnapshot(103)) - omNode-bootstrap-2@group-0AAC5367B30E: reply installSnapshot: omNode-1<-omNode-bootstrap-2#0:FAIL-t1,IN_PROGRESS,snapshotIndex=0
2024-07-18 11:33:56,400 [grpc-default-executor-5] INFO  server.GrpcServerProtocolService (GrpcServerProtocolService.java:onCompleted(157)) - omNode-bootstrap-2: Completed INSTALL_SNAPSHOT, lastRequest: omNode-1->omNode-bootstrap-2#0-t1,notify:(t:1, i:0)
2024-07-18 11:33:56,400 [grpc-default-executor-5] INFO  server.GrpcServerProtocolService (GrpcServerProtocolService.java:lambda$onCompleted$5(159)) - omNode-bootstrap-2: Completed INSTALL_SNAPSHOT, lastReply: null
2024-07-18 11:33:56,401 [omNode-bootstrap-2-server-thread1] INFO  server.RaftServer$Division (RaftServerImpl.java:checkInconsistentAppendEntries(1629)) - omNode-bootstrap-2@group-0AAC5367B30E: Failed appendEntries as snapshot (0) installation is in progress
2024-07-18 11:33:56,401 [omNode-bootstrap-2-server-thread1] INFO  server.RaftServer$Division (RaftServerImpl.java:appendEntriesAsync(1584)) - omNode-bootstrap-2@group-0AAC5367B30E: appendEntries* reply omNode-1<-omNode-bootstrap-2#176:FAIL-t1,INCONSISTENCY,nextIndex=0,followerCommit=-1,matchIndex=-1
2024-07-18 11:33:56,401 [grpc-default-executor-5] INFO  impl.SnapshotInstallationHandler (SnapshotInstallationHandler.java:installSnapshot(92)) - omNode-bootstrap-2@group-0AAC5367B30E: receive installSnapshot: omNode-1->omNode-bootstrap-2#0-t1,notify:(t:1, i:0)
2024-07-18 11:33:56,402 [grpc-default-executor-5] INFO  impl.SnapshotInstallationHandler (SnapshotInstallationHandler.java:installSnapshotImpl(138)) - omNode-bootstrap-2@group-0AAC5367B30E: set new configuration configurationEntry {
  peers {
    id: "omNode-3"
    address: "localhost:15023"
    startupRole: FOLLOWER
  }
  peers {
    id: "omNode-1"
    address: "localhost:15015"
    startupRole: FOLLOWER
  }
  peers {
    id: "omNode-2"
    address: "localhost:15019"
    startupRole: FOLLOWER
  }
}
 from snapshot
2024-07-18 11:33:56,402 [grpc-default-executor-5] INFO  server.RaftServer$Division (ServerState.java:setRaftConf(386)) - omNode-bootstrap-2@group-0AAC5367B30E: set configuration conf: {index: 0, cur=peers:[omNode-3|localhost:15023, omNode-1|localhost:15015, omNode-2|localhost:15019]|listeners:[], old=null}
2024-07-18 11:33:56,403 [grpc-default-executor-5] INFO  ratis.OzoneManagerStateMachine (OzoneManagerStateMachine.java:notifyConfigurationChanged(216)) - Received Configuration change notification from Ratis. New Peer list:
[id: "omNode-3"
address: "localhost:15023"
startupRole: FOLLOWER
, id: "omNode-1"
address: "localhost:15015"
startupRole: FOLLOWER
, id: "omNode-2"
address: "localhost:15019"
startupRole: FOLLOWER
]
2024-07-18 11:33:56,403 [grpc-default-executor-5] INFO  impl.SnapshotInstallationHandler (SnapshotInstallationHandler.java:installSnapshot(103)) - omNode-bootstrap-2@group-0AAC5367B30E: reply installSnapshot: omNode-1<-omNode-bootstrap-2#0:FAIL-t1,IN_PROGRESS,snapshotIndex=0
2024-07-18 11:33:56,403 [grpc-default-executor-5] INFO  server.GrpcServerProtocolService (GrpcServerProtocolService.java:onCompleted(157)) - omNode-bootstrap-2: Completed INSTALL_SNAPSHOT, lastRequest: omNode-1->omNode-bootstrap-2#0-t1,notify:(t:1, i:0)
2024-07-18 11:33:56,403 [grpc-default-executor-5] INFO  server.GrpcServerProtocolService (GrpcServerProtocolService.java:lambda$onCompleted$5(159)) - omNode-bootstrap-2: Completed INSTALL_SNAPSHOT, lastReply: null
2024-07-18 11:33:56,404 [omNode-bootstrap-2-server-thread1] INFO  server.RaftServer$Division (RaftServerImpl.java:checkInconsistentAppendEntries(1629)) - omNode-bootstrap-2@group-0AAC5367B30E: Failed appendEntries as snapshot (0) installation is in progress
2024-07-18 11:33:56,404 [omNode-bootstrap-2-server-thread1] INFO  server.RaftServer$Division (RaftServerImpl.java:appendEntriesAsync(1584)) - omNode-bootstrap-2@group-0AAC5367B30E: appendEntries* reply omNode-1<-omNode-bootstrap-2#177:FAIL-t1,INCONSISTENCY,nextIndex=0,followerCommit=-1,matchIndex=-1
2024-07-18 11:33:56,405 [grpc-default-executor-0] INFO  impl.SnapshotInstallationHandler (SnapshotInstallationHandler.java:installSnapshot(92)) - omNode-bootstrap-2@group-0AAC5367B30E: receive installSnapshot: omNode-1->omNode-bootstrap-2#0-t1,notify:(t:1, i:0)
2024-07-18 11:33:56,405 [grpc-default-executor-0] INFO  impl.SnapshotInstallationHandler (SnapshotInstallationHandler.java:installSnapshotImpl(138)) - omNode-bootstrap-2@group-0AAC5367B30E: set new configuration configurationEntry {
  peers {
    id: "omNode-3"
    address: "localhost:15023"
    startupRole: FOLLOWER
  }
  peers {
    id: "omNode-1"
    address: "localhost:15015"
    startupRole: FOLLOWER
  }
  peers {
    id: "omNode-2"
    address: "localhost:15019"
    startupRole: FOLLOWER
  }
}
 from snapshot
2024-07-18 11:33:56,405 [grpc-default-executor-0] INFO  server.RaftServer$Division (ServerState.java:setRaftConf(386)) - omNode-bootstrap-2@group-0AAC5367B30E: set configuration conf: {index: 0, cur=peers:[omNode-3|localhost:15023, omNode-1|localhost:15015, omNode-2|localhost:15019]|listeners:[], old=null}
2024-07-18 11:33:56,406 [grpc-default-executor-0] INFO  ratis.OzoneManagerStateMachine (OzoneManagerStateMachine.java:notifyConfigurationChanged(216)) - Received Configuration change notification from Ratis. New Peer list:
[id: "omNode-3"
address: "localhost:15023"
startupRole: FOLLOWER
, id: "omNode-1"
address: "localhost:15015"
startupRole: FOLLOWER
, id: "omNode-2"
address: "localhost:15019"
startupRole: FOLLOWER
]
2024-07-18 11:33:56,407 [grpc-default-executor-0] INFO  impl.SnapshotInstallationHandler (SnapshotInstallationHandler.java:installSnapshot(103)) - omNode-bootstrap-2@group-0AAC5367B30E: reply installSnapshot: omNode-1<-omNode-bootstrap-2#0:FAIL-t1,IN_PROGRESS,snapshotIndex=0
2024-07-18 11:33:56,407 [grpc-default-executor-0] INFO  server.GrpcServerProtocolService (GrpcServerProtocolService.java:onCompleted(157)) - omNode-bootstrap-2: Completed INSTALL_SNAPSHOT, lastRequest: omNode-1->omNode-bootstrap-2#0-t1,notify:(t:1, i:0)
2024-07-18 11:33:56,407 [grpc-default-executor-0] INFO  server.GrpcServerProtocolService (GrpcServerProtocolService.java:lambda$onCompleted$5(159)) - omNode-bootstrap-2: Completed INSTALL_SNAPSHOT, lastReply: null
2024-07-18 11:33:56,408 [omNode-bootstrap-2-server-thread1] INFO  server.RaftServer$Division (RaftServerImpl.java:checkInconsistentAppendEntries(1629)) - omNode-bootstrap-2@group-0AAC5367B30E: Failed appendEntries as snapshot (0) installation is in progress
2024-07-18 11:33:56,408 [omNode-bootstrap-2-server-thread1] INFO  server.RaftServer$Division (RaftServerImpl.java:appendEntriesAsync(1584)) - omNode-bootstrap-2@group-0AAC5367B30E: appendEntries* reply omNode-1<-omNode-bootstrap-2#178:FAIL-t1,INCONSISTENCY,nextIndex=0,followerCommit=-1,matchIndex=-1
2024-07-18 11:33:56,409 [grpc-default-executor-0] INFO  impl.SnapshotInstallationHandler (SnapshotInstallationHandler.java:installSnapshot(92)) - omNode-bootstrap-2@group-0AAC5367B30E: receive installSnapshot: omNode-1->omNode-bootstrap-2#0-t1,notify:(t:1, i:0)
2024-07-18 11:33:56,409 [grpc-default-executor-0] INFO  impl.SnapshotInstallationHandler (SnapshotInstallationHandler.java:installSnapshotImpl(138)) - omNode-bootstrap-2@group-0AAC5367B30E: set new configuration configurationEntry {
  peers {
    id: "omNode-3"
    address: "localhost:15023"
    startupRole: FOLLOWER
  }
  peers {
    id: "omNode-1"
    address: "localhost:15015"
    startupRole: FOLLOWER
  }
  peers {
    id: "omNode-2"
    address: "localhost:15019"
    startupRole: FOLLOWER
  }
}
 from snapshot
2024-07-18 11:33:56,409 [grpc-default-executor-0] INFO  server.RaftServer$Division (ServerState.java:setRaftConf(386)) - omNode-bootstrap-2@group-0AAC5367B30E: set configuration conf: {index: 0, cur=peers:[omNode-3|localhost:15023, omNode-1|localhost:15015, omNode-2|localhost:15019]|listeners:[], old=null}
2024-07-18 11:33:56,410 [grpc-default-executor-0] INFO  ratis.OzoneManagerStateMachine (OzoneManagerStateMachine.java:notifyConfigurationChanged(216)) - Received Configuration change notification from Ratis. New Peer list:
[id: "omNode-3"
address: "localhost:15023"
startupRole: FOLLOWER
, id: "omNode-1"
address: "localhost:15015"
startupRole: FOLLOWER
, id: "omNode-2"
address: "localhost:15019"
startupRole: FOLLOWER
]
2024-07-18 11:33:56,410 [grpc-default-executor-0] INFO  impl.SnapshotInstallationHandler (SnapshotInstallationHandler.java:installSnapshot(103)) - omNode-bootstrap-2@group-0AAC5367B30E: reply installSnapshot: omNode-1<-omNode-bootstrap-2#0:FAIL-t1,IN_PROGRESS,snapshotIndex=0
2024-07-18 11:33:56,410 [grpc-default-executor-0] INFO  server.GrpcServerProtocolService (GrpcServerProtocolService.java:onCompleted(157)) - omNode-bootstrap-2: Completed INSTALL_SNAPSHOT, lastRequest: omNode-1->omNode-bootstrap-2#0-t1,notify:(t:1, i:0)
2024-07-18 11:33:56,411 [grpc-default-executor-0] INFO  server.GrpcServerProtocolService (GrpcServerProtocolService.java:lambda$onCompleted$5(159)) - omNode-bootstrap-2: Completed INSTALL_SNAPSHOT, lastReply: null
2024-07-18 11:33:56,412 [grpc-default-executor-3] INFO  impl.SnapshotInstallationHandler (SnapshotInstallationHandler.java:installSnapshot(92)) - omNode-bootstrap-2@group-0AAC5367B30E: receive installSnapshot: omNode-1->omNode-bootstrap-2#0-t1,notify:(t:1, i:0)
2024-07-18 11:33:56,412 [grpc-default-executor-3] INFO  impl.SnapshotInstallationHandler (SnapshotInstallationHandler.java:installSnapshotImpl(138)) - omNode-bootstrap-2@group-0AAC5367B30E: set new configuration configurationEntry {
  peers {
    id: "omNode-3"
    address: "localhost:15023"
    startupRole: FOLLOWER
  }
  peers {
    id: "omNode-1"
    address: "localhost:15015"
    startupRole: FOLLOWER
  }
  peers {
    id: "omNode-2"
    address: "localhost:15019"
    startupRole: FOLLOWER
  }
}
 from snapshot
2024-07-18 11:33:56,412 [grpc-default-executor-3] INFO  server.RaftServer$Division (ServerState.java:setRaftConf(386)) - omNode-bootstrap-2@group-0AAC5367B30E: set configuration conf: {index: 0, cur=peers:[omNode-3|localhost:15023, omNode-1|localhost:15015, omNode-2|localhost:15019]|listeners:[], old=null}
2024-07-18 11:33:56,413 [omNode-bootstrap-2-server-thread1] INFO  server.RaftServer$Division (RaftServerImpl.java:checkInconsistentAppendEntries(1629)) - omNode-bootstrap-2@group-0AAC5367B30E: Failed appendEntries as snapshot (0) installation is in progress
2024-07-18 11:33:56,413 [omNode-bootstrap-2-server-thread1] INFO  server.RaftServer$Division (RaftServerImpl.java:appendEntriesAsync(1584)) - omNode-bootstrap-2@group-0AAC5367B30E: appendEntries* reply omNode-1<-omNode-bootstrap-2#179:FAIL-t1,INCONSISTENCY,nextIndex=0,followerCommit=-1,matchIndex=-1
2024-07-18 11:33:56,414 [grpc-default-executor-3] INFO  ratis.OzoneManagerStateMachine (OzoneManagerStateMachine.java:notifyConfigurationChanged(216)) - Received Configuration change notification from Ratis. New Peer list:
[id: "omNode-3"
address: "localhost:15023"
startupRole: FOLLOWER
, id: "omNode-1"
address: "localhost:15015"
startupRole: FOLLOWER
, id: "omNode-2"
address: "localhost:15019"
startupRole: FOLLOWER
]
2024-07-18 11:33:56,414 [grpc-default-executor-3] INFO  impl.SnapshotInstallationHandler (SnapshotInstallationHandler.java:installSnapshot(103)) - omNode-bootstrap-2@group-0AAC5367B30E: reply installSnapshot: omNode-1<-omNode-bootstrap-2#0:FAIL-t1,IN_PROGRESS,snapshotIndex=0
2024-07-18 11:33:56,415 [grpc-default-executor-3] INFO  server.GrpcServerProtocolService (GrpcServerProtocolService.java:onCompleted(157)) - omNode-bootstrap-2: Completed INSTALL_SNAPSHOT, lastRequest: omNode-1->omNode-bootstrap-2#0-t1,notify:(t:1, i:0)
2024-07-18 11:33:56,415 [grpc-default-executor-3] INFO  server.GrpcServerProtocolService (GrpcServerProtocolService.java:lambda$onCompleted$5(159)) - omNode-bootstrap-2: Completed INSTALL_SNAPSHOT, lastReply: null
2024-07-18 11:33:56,415 [omNode-bootstrap-2-server-thread1] INFO  server.RaftServer$Division (RaftServerImpl.java:checkInconsistentAppendEntries(1629)) - omNode-bootstrap-2@group-0AAC5367B30E: Failed appendEntries as snapshot (0) installation is in progress
2024-07-18 11:33:56,415 [omNode-bootstrap-2-server-thread1] INFO  server.RaftServer$Division (RaftServerImpl.java:appendEntriesAsync(1584)) - omNode-bootstrap-2@group-0AAC5367B30E: appendEntries* reply omNode-1<-omNode-bootstrap-2#180:FAIL-t1,INCONSISTENCY,nextIndex=0,followerCommit=-1,matchIndex=-1
2024-07-18 11:33:56,416 [grpc-default-executor-5] INFO  impl.SnapshotInstallationHandler (SnapshotInstallationHandler.java:installSnapshot(92)) - omNode-bootstrap-2@group-0AAC5367B30E: receive installSnapshot: omNode-1->omNode-bootstrap-2#0-t1,notify:(t:1, i:0)
2024-07-18 11:33:56,416 [grpc-default-executor-5] INFO  impl.SnapshotInstallationHandler (SnapshotInstallationHandler.java:installSnapshotImpl(138)) - omNode-bootstrap-2@group-0AAC5367B30E: set new configuration configurationEntry {
  peers {
    id: "omNode-3"
    address: "localhost:15023"
    startupRole: FOLLOWER
  }
  peers {
    id: "omNode-1"
    address: "localhost:15015"
    startupRole: FOLLOWER
  }
  peers {
    id: "omNode-2"
    address: "localhost:15019"
    startupRole: FOLLOWER
  }
}
 from snapshot
2024-07-18 11:33:56,416 [grpc-default-executor-5] INFO  server.RaftServer$Division (ServerState.java:setRaftConf(386)) - omNode-bootstrap-2@group-0AAC5367B30E: set configuration conf: {index: 0, cur=peers:[omNode-3|localhost:15023, omNode-1|localhost:15015, omNode-2|localhost:15019]|listeners:[], old=null}
2024-07-18 11:33:56,418 [grpc-default-executor-5] INFO  ratis.OzoneManagerStateMachine (OzoneManagerStateMachine.java:notifyConfigurationChanged(216)) - Received Configuration change notification from Ratis. New Peer list:
[id: "omNode-3"
address: "localhost:15023"
startupRole: FOLLOWER
, id: "omNode-1"
address: "localhost:15015"
startupRole: FOLLOWER
, id: "omNode-2"
address: "localhost:15019"
startupRole: FOLLOWER
]
2024-07-18 11:33:56,418 [grpc-default-executor-5] INFO  impl.SnapshotInstallationHandler (SnapshotInstallationHandler.java:installSnapshot(103)) - omNode-bootstrap-2@group-0AAC5367B30E: reply installSnapshot: omNode-1<-omNode-bootstrap-2#0:FAIL-t1,IN_PROGRESS,snapshotIndex=0
2024-07-18 11:33:56,418 [grpc-default-executor-5] INFO  server.GrpcServerProtocolService (GrpcServerProtocolService.java:onCompleted(157)) - omNode-bootstrap-2: Completed INSTALL_SNAPSHOT, lastRequest: omNode-1->omNode-bootstrap-2#0-t1,notify:(t:1, i:0)
2024-07-18 11:33:56,418 [grpc-default-executor-5] INFO  server.GrpcServerProtocolService (GrpcServerProtocolService.java:lambda$onCompleted$5(159)) - omNode-bootstrap-2: Completed INSTALL_SNAPSHOT, lastReply: null
2024-07-18 11:33:56,419 [omNode-bootstrap-2-server-thread1] INFO  server.RaftServer$Division (RaftServerImpl.java:checkInconsistentAppendEntries(1629)) - omNode-bootstrap-2@group-0AAC5367B30E: Failed appendEntries as snapshot (0) installation is in progress
2024-07-18 11:33:56,419 [omNode-bootstrap-2-server-thread1] INFO  server.RaftServer$Division (RaftServerImpl.java:appendEntriesAsync(1584)) - omNode-bootstrap-2@group-0AAC5367B30E: appendEntries* reply omNode-1<-omNode-bootstrap-2#181:FAIL-t1,INCONSISTENCY,nextIndex=0,followerCommit=-1,matchIndex=-1
2024-07-18 11:33:56,420 [grpc-default-executor-5] INFO  impl.SnapshotInstallationHandler (SnapshotInstallationHandler.java:installSnapshot(92)) - omNode-bootstrap-2@group-0AAC5367B30E: receive installSnapshot: omNode-1->omNode-bootstrap-2#0-t1,notify:(t:1, i:0)
2024-07-18 11:33:56,420 [grpc-default-executor-5] INFO  impl.SnapshotInstallationHandler (SnapshotInstallationHandler.java:installSnapshotImpl(138)) - omNode-bootstrap-2@group-0AAC5367B30E: set new configuration configurationEntry {
  peers {
    id: "omNode-3"
    address: "localhost:15023"
    startupRole: FOLLOWER
  }
  peers {
    id: "omNode-1"
    address: "localhost:15015"
    startupRole: FOLLOWER
  }
  peers {
    id: "omNode-2"
    address: "localhost:15019"
    startupRole: FOLLOWER
  }
}
 from snapshot
2024-07-18 11:33:56,420 [grpc-default-executor-5] INFO  server.RaftServer$Division (ServerState.java:setRaftConf(386)) - omNode-bootstrap-2@group-0AAC5367B30E: set configuration conf: {index: 0, cur=peers:[omNode-3|localhost:15023, omNode-1|localhost:15015, omNode-2|localhost:15019]|listeners:[], old=null}
2024-07-18 11:33:56,422 [grpc-default-executor-5] INFO  ratis.OzoneManagerStateMachine (OzoneManagerStateMachine.java:notifyConfigurationChanged(216)) - Received Configuration change notification from Ratis. New Peer list:
[id: "omNode-3"
address: "localhost:15023"
startupRole: FOLLOWER
, id: "omNode-1"
address: "localhost:15015"
startupRole: FOLLOWER
, id: "omNode-2"
address: "localhost:15019"
startupRole: FOLLOWER
]
2024-07-18 11:33:56,422 [grpc-default-executor-5] INFO  impl.SnapshotInstallationHandler (SnapshotInstallationHandler.java:installSnapshot(103)) - omNode-bootstrap-2@group-0AAC5367B30E: reply installSnapshot: omNode-1<-omNode-bootstrap-2#0:FAIL-t1,IN_PROGRESS,snapshotIndex=0
2024-07-18 11:33:56,422 [grpc-default-executor-5] INFO  server.GrpcServerProtocolService (GrpcServerProtocolService.java:onCompleted(157)) - omNode-bootstrap-2: Completed INSTALL_SNAPSHOT, lastRequest: omNode-1->omNode-bootstrap-2#0-t1,notify:(t:1, i:0)
2024-07-18 11:33:56,422 [grpc-default-executor-5] INFO  server.GrpcServerProtocolService (GrpcServerProtocolService.java:lambda$onCompleted$5(159)) - omNode-bootstrap-2: Completed INSTALL_SNAPSHOT, lastReply: null
2024-07-18 11:33:56,423 [omNode-bootstrap-2-server-thread1] INFO  server.RaftServer$Division (RaftServerImpl.java:checkInconsistentAppendEntries(1629)) - omNode-bootstrap-2@group-0AAC5367B30E: Failed appendEntries as snapshot (0) installation is in progress
2024-07-18 11:33:56,423 [omNode-bootstrap-2-server-thread1] INFO  server.RaftServer$Division (RaftServerImpl.java:appendEntriesAsync(1584)) - omNode-bootstrap-2@group-0AAC5367B30E: appendEntries* reply omNode-1<-omNode-bootstrap-2#182:FAIL-t1,INCONSISTENCY,nextIndex=0,followerCommit=-1,matchIndex=-1
2024-07-18 11:33:56,424 [grpc-default-executor-0] INFO  impl.SnapshotInstallationHandler (SnapshotInstallationHandler.java:installSnapshot(92)) - omNode-bootstrap-2@group-0AAC5367B30E: receive installSnapshot: omNode-1->omNode-bootstrap-2#0-t1,notify:(t:1, i:0)
2024-07-18 11:33:56,424 [grpc-default-executor-0] INFO  impl.SnapshotInstallationHandler (SnapshotInstallationHandler.java:installSnapshotImpl(138)) - omNode-bootstrap-2@group-0AAC5367B30E: set new configuration configurationEntry {
  peers {
    id: "omNode-3"
    address: "localhost:15023"
    startupRole: FOLLOWER
  }
  peers {
    id: "omNode-1"
    address: "localhost:15015"
    startupRole: FOLLOWER
  }
  peers {
    id: "omNode-2"
    address: "localhost:15019"
    startupRole: FOLLOWER
  }
}
 from snapshot
2024-07-18 11:33:56,424 [grpc-default-executor-0] INFO  server.RaftServer$Division (ServerState.java:setRaftConf(386)) - omNode-bootstrap-2@group-0AAC5367B30E: set configuration conf: {index: 0, cur=peers:[omNode-3|localhost:15023, omNode-1|localhost:15015, omNode-2|localhost:15019]|listeners:[], old=null}
2024-07-18 11:33:56,426 [grpc-default-executor-0] INFO  ratis.OzoneManagerStateMachine (OzoneManagerStateMachine.java:notifyConfigurationChanged(216)) - Received Configuration change notification from Ratis. New Peer list:
[id: "omNode-3"
address: "localhost:15023"
startupRole: FOLLOWER
, id: "omNode-1"
address: "localhost:15015"
startupRole: FOLLOWER
, id: "omNode-2"
address: "localhost:15019"
startupRole: FOLLOWER
]
2024-07-18 11:33:56,426 [grpc-default-executor-0] INFO  impl.SnapshotInstallationHandler (SnapshotInstallationHandler.java:installSnapshot(103)) - omNode-bootstrap-2@group-0AAC5367B30E: reply installSnapshot: omNode-1<-omNode-bootstrap-2#0:FAIL-t1,IN_PROGRESS,snapshotIndex=0
2024-07-18 11:33:56,426 [grpc-default-executor-0] INFO  server.GrpcServerProtocolService (GrpcServerProtocolService.java:onCompleted(157)) - omNode-bootstrap-2: Completed INSTALL_SNAPSHOT, lastRequest: omNode-1->omNode-bootstrap-2#0-t1,notify:(t:1, i:0)
2024-07-18 11:33:56,426 [grpc-default-executor-0] INFO  server.GrpcServerProtocolService (GrpcServerProtocolService.java:lambda$onCompleted$5(159)) - omNode-bootstrap-2: Completed INSTALL_SNAPSHOT, lastReply: null
2024-07-18 11:33:56,427 [omNode-bootstrap-2-server-thread1] INFO  server.RaftServer$Division (RaftServerImpl.java:checkInconsistentAppendEntries(1629)) - omNode-bootstrap-2@group-0AAC5367B30E: Failed appendEntries as snapshot (0) installation is in progress
2024-07-18 11:33:56,427 [omNode-bootstrap-2-server-thread1] INFO  server.RaftServer$Division (RaftServerImpl.java:appendEntriesAsync(1584)) - omNode-bootstrap-2@group-0AAC5367B30E: appendEntries* reply omNode-1<-omNode-bootstrap-2#183:FAIL-t1,INCONSISTENCY,nextIndex=0,followerCommit=-1,matchIndex=-1
2024-07-18 11:33:56,427 [grpc-default-executor-3] INFO  impl.SnapshotInstallationHandler (SnapshotInstallationHandler.java:installSnapshot(92)) - omNode-bootstrap-2@group-0AAC5367B30E: receive installSnapshot: omNode-1->omNode-bootstrap-2#0-t1,notify:(t:1, i:0)
2024-07-18 11:33:56,428 [grpc-default-executor-3] INFO  impl.SnapshotInstallationHandler (SnapshotInstallationHandler.java:installSnapshotImpl(138)) - omNode-bootstrap-2@group-0AAC5367B30E: set new configuration configurationEntry {
  peers {
    id: "omNode-3"
    address: "localhost:15023"
    startupRole: FOLLOWER
  }
  peers {
    id: "omNode-1"
    address: "localhost:15015"
    startupRole: FOLLOWER
  }
  peers {
    id: "omNode-2"
    address: "localhost:15019"
    startupRole: FOLLOWER
  }
}
 from snapshot
2024-07-18 11:33:56,428 [grpc-default-executor-3] INFO  server.RaftServer$Division (ServerState.java:setRaftConf(386)) - omNode-bootstrap-2@group-0AAC5367B30E: set configuration conf: {index: 0, cur=peers:[omNode-3|localhost:15023, omNode-1|localhost:15015, omNode-2|localhost:15019]|listeners:[], old=null}
2024-07-18 11:33:56,429 [grpc-default-executor-3] INFO  ratis.OzoneManagerStateMachine (OzoneManagerStateMachine.java:notifyConfigurationChanged(216)) - Received Configuration change notification from Ratis. New Peer list:
[id: "omNode-3"
address: "localhost:15023"
startupRole: FOLLOWER
, id: "omNode-1"
address: "localhost:15015"
startupRole: FOLLOWER
, id: "omNode-2"
address: "localhost:15019"
startupRole: FOLLOWER
]
2024-07-18 11:33:56,429 [grpc-default-executor-3] INFO  impl.SnapshotInstallationHandler (SnapshotInstallationHandler.java:installSnapshot(103)) - omNode-bootstrap-2@group-0AAC5367B30E: reply installSnapshot: omNode-1<-omNode-bootstrap-2#0:FAIL-t1,IN_PROGRESS,snapshotIndex=0
2024-07-18 11:33:56,429 [grpc-default-executor-3] INFO  server.GrpcServerProtocolService (GrpcServerProtocolService.java:onCompleted(157)) - omNode-bootstrap-2: Completed INSTALL_SNAPSHOT, lastRequest: omNode-1->omNode-bootstrap-2#0-t1,notify:(t:1, i:0)
2024-07-18 11:33:56,429 [grpc-default-executor-3] INFO  server.GrpcServerProtocolService (GrpcServerProtocolService.java:lambda$onCompleted$5(159)) - omNode-bootstrap-2: Completed INSTALL_SNAPSHOT, lastReply: null
2024-07-18 11:33:56,431 [omNode-bootstrap-2-server-thread1] INFO  server.RaftServer$Division (RaftServerImpl.java:checkInconsistentAppendEntries(1629)) - omNode-bootstrap-2@group-0AAC5367B30E: Failed appendEntries as snapshot (0) installation is in progress
2024-07-18 11:33:56,431 [omNode-bootstrap-2-server-thread1] INFO  server.RaftServer$Division (RaftServerImpl.java:appendEntriesAsync(1584)) - omNode-bootstrap-2@group-0AAC5367B30E: appendEntries* reply omNode-1<-omNode-bootstrap-2#184:FAIL-t1,INCONSISTENCY,nextIndex=0,followerCommit=-1,matchIndex=-1
2024-07-18 11:33:56,431 [grpc-default-executor-5] INFO  impl.SnapshotInstallationHandler (SnapshotInstallationHandler.java:installSnapshot(92)) - omNode-bootstrap-2@group-0AAC5367B30E: receive installSnapshot: omNode-1->omNode-bootstrap-2#0-t1,notify:(t:1, i:0)
2024-07-18 11:33:56,431 [grpc-default-executor-5] INFO  impl.SnapshotInstallationHandler (SnapshotInstallationHandler.java:installSnapshotImpl(138)) - omNode-bootstrap-2@group-0AAC5367B30E: set new configuration configurationEntry {
  peers {
    id: "omNode-3"
    address: "localhost:15023"
    startupRole: FOLLOWER
  }
  peers {
    id: "omNode-1"
    address: "localhost:15015"
    startupRole: FOLLOWER
  }
  peers {
    id: "omNode-2"
    address: "localhost:15019"
    startupRole: FOLLOWER
  }
}
 from snapshot
2024-07-18 11:33:56,431 [grpc-default-executor-5] INFO  server.RaftServer$Division (ServerState.java:setRaftConf(386)) - omNode-bootstrap-2@group-0AAC5367B30E: set configuration conf: {index: 0, cur=peers:[omNode-3|localhost:15023, omNode-1|localhost:15015, omNode-2|localhost:15019]|listeners:[], old=null}
2024-07-18 11:33:56,432 [grpc-default-executor-5] INFO  ratis.OzoneManagerStateMachine (OzoneManagerStateMachine.java:notifyConfigurationChanged(216)) - Received Configuration change notification from Ratis. New Peer list:
[id: "omNode-3"
address: "localhost:15023"
startupRole: FOLLOWER
, id: "omNode-1"
address: "localhost:15015"
startupRole: FOLLOWER
, id: "omNode-2"
address: "localhost:15019"
startupRole: FOLLOWER
]
2024-07-18 11:33:56,432 [grpc-default-executor-5] INFO  impl.SnapshotInstallationHandler (SnapshotInstallationHandler.java:installSnapshot(103)) - omNode-bootstrap-2@group-0AAC5367B30E: reply installSnapshot: omNode-1<-omNode-bootstrap-2#0:FAIL-t1,IN_PROGRESS,snapshotIndex=0
2024-07-18 11:33:56,433 [grpc-default-executor-5] INFO  server.GrpcServerProtocolService (GrpcServerProtocolService.java:onCompleted(157)) - omNode-bootstrap-2: Completed INSTALL_SNAPSHOT, lastRequest: omNode-1->omNode-bootstrap-2#0-t1,notify:(t:1, i:0)
2024-07-18 11:33:56,433 [grpc-default-executor-5] INFO  server.GrpcServerProtocolService (GrpcServerProtocolService.java:lambda$onCompleted$5(159)) - omNode-bootstrap-2: Completed INSTALL_SNAPSHOT, lastReply: null
2024-07-18 11:33:56,434 [omNode-bootstrap-2-server-thread1] INFO  server.RaftServer$Division (RaftServerImpl.java:checkInconsistentAppendEntries(1629)) - omNode-bootstrap-2@group-0AAC5367B30E: Failed appendEntries as snapshot (0) installation is in progress
2024-07-18 11:33:56,434 [omNode-bootstrap-2-server-thread1] INFO  server.RaftServer$Division (RaftServerImpl.java:appendEntriesAsync(1584)) - omNode-bootstrap-2@group-0AAC5367B30E: appendEntries* reply omNode-1<-omNode-bootstrap-2#185:FAIL-t1,INCONSISTENCY,nextIndex=0,followerCommit=-1,matchIndex=-1
2024-07-18 11:33:56,434 [grpc-default-executor-1] INFO  impl.SnapshotInstallationHandler (SnapshotInstallationHandler.java:installSnapshot(92)) - omNode-bootstrap-2@group-0AAC5367B30E: receive installSnapshot: omNode-1->omNode-bootstrap-2#0-t1,notify:(t:1, i:0)
2024-07-18 11:33:56,434 [grpc-default-executor-1] INFO  impl.SnapshotInstallationHandler (SnapshotInstallationHandler.java:installSnapshotImpl(138)) - omNode-bootstrap-2@group-0AAC5367B30E: set new configuration configurationEntry {
  peers {
    id: "omNode-3"
    address: "localhost:15023"
    startupRole: FOLLOWER
  }
  peers {
    id: "omNode-1"
    address: "localhost:15015"
    startupRole: FOLLOWER
  }
  peers {
    id: "omNode-2"
    address: "localhost:15019"
    startupRole: FOLLOWER
  }
}
 from snapshot
2024-07-18 11:33:56,434 [grpc-default-executor-1] INFO  server.RaftServer$Division (ServerState.java:setRaftConf(386)) - omNode-bootstrap-2@group-0AAC5367B30E: set configuration conf: {index: 0, cur=peers:[omNode-3|localhost:15023, omNode-1|localhost:15015, omNode-2|localhost:15019]|listeners:[], old=null}
2024-07-18 11:33:56,436 [grpc-default-executor-1] INFO  ratis.OzoneManagerStateMachine (OzoneManagerStateMachine.java:notifyConfigurationChanged(216)) - Received Configuration change notification from Ratis. New Peer list:
[id: "omNode-3"
address: "localhost:15023"
startupRole: FOLLOWER
, id: "omNode-1"
address: "localhost:15015"
startupRole: FOLLOWER
, id: "omNode-2"
address: "localhost:15019"
startupRole: FOLLOWER
]
2024-07-18 11:33:56,436 [grpc-default-executor-1] INFO  impl.SnapshotInstallationHandler (SnapshotInstallationHandler.java:installSnapshot(103)) - omNode-bootstrap-2@group-0AAC5367B30E: reply installSnapshot: omNode-1<-omNode-bootstrap-2#0:FAIL-t1,IN_PROGRESS,snapshotIndex=0
2024-07-18 11:33:56,436 [grpc-default-executor-1] INFO  server.GrpcServerProtocolService (GrpcServerProtocolService.java:onCompleted(157)) - omNode-bootstrap-2: Completed INSTALL_SNAPSHOT, lastRequest: omNode-1->omNode-bootstrap-2#0-t1,notify:(t:1, i:0)
2024-07-18 11:33:56,436 [grpc-default-executor-1] INFO  server.GrpcServerProtocolService (GrpcServerProtocolService.java:lambda$onCompleted$5(159)) - omNode-bootstrap-2: Completed INSTALL_SNAPSHOT, lastReply: null
2024-07-18 11:33:56,437 [omNode-bootstrap-2-server-thread1] INFO  server.RaftServer$Division (RaftServerImpl.java:checkInconsistentAppendEntries(1629)) - omNode-bootstrap-2@group-0AAC5367B30E: Failed appendEntries as snapshot (0) installation is in progress
2024-07-18 11:33:56,437 [omNode-bootstrap-2-server-thread1] INFO  server.RaftServer$Division (RaftServerImpl.java:appendEntriesAsync(1584)) - omNode-bootstrap-2@group-0AAC5367B30E: appendEntries* reply omNode-1<-omNode-bootstrap-2#186:FAIL-t1,INCONSISTENCY,nextIndex=0,followerCommit=-1,matchIndex=-1
2024-07-18 11:33:56,439 [grpc-default-executor-0] INFO  impl.SnapshotInstallationHandler (SnapshotInstallationHandler.java:installSnapshot(92)) - omNode-bootstrap-2@group-0AAC5367B30E: receive installSnapshot: omNode-1->omNode-bootstrap-2#0-t1,notify:(t:1, i:0)
2024-07-18 11:33:56,439 [grpc-default-executor-0] INFO  impl.SnapshotInstallationHandler (SnapshotInstallationHandler.java:installSnapshotImpl(138)) - omNode-bootstrap-2@group-0AAC5367B30E: set new configuration configurationEntry {
  peers {
    id: "omNode-3"
    address: "localhost:15023"
    startupRole: FOLLOWER
  }
  peers {
    id: "omNode-1"
    address: "localhost:15015"
    startupRole: FOLLOWER
  }
  peers {
    id: "omNode-2"
    address: "localhost:15019"
    startupRole: FOLLOWER
  }
}
 from snapshot
2024-07-18 11:33:56,439 [grpc-default-executor-0] INFO  server.RaftServer$Division (ServerState.java:setRaftConf(386)) - omNode-bootstrap-2@group-0AAC5367B30E: set configuration conf: {index: 0, cur=peers:[omNode-3|localhost:15023, omNode-1|localhost:15015, omNode-2|localhost:15019]|listeners:[], old=null}
2024-07-18 11:33:56,440 [grpc-default-executor-0] INFO  ratis.OzoneManagerStateMachine (OzoneManagerStateMachine.java:notifyConfigurationChanged(216)) - Received Configuration change notification from Ratis. New Peer list:
[id: "omNode-3"
address: "localhost:15023"
startupRole: FOLLOWER
, id: "omNode-1"
address: "localhost:15015"
startupRole: FOLLOWER
, id: "omNode-2"
address: "localhost:15019"
startupRole: FOLLOWER
]
2024-07-18 11:33:56,440 [grpc-default-executor-0] INFO  impl.SnapshotInstallationHandler (SnapshotInstallationHandler.java:installSnapshot(103)) - omNode-bootstrap-2@group-0AAC5367B30E: reply installSnapshot: omNode-1<-omNode-bootstrap-2#0:FAIL-t1,IN_PROGRESS,snapshotIndex=0
2024-07-18 11:33:56,440 [grpc-default-executor-0] INFO  server.GrpcServerProtocolService (GrpcServerProtocolService.java:onCompleted(157)) - omNode-bootstrap-2: Completed INSTALL_SNAPSHOT, lastRequest: omNode-1->omNode-bootstrap-2#0-t1,notify:(t:1, i:0)
2024-07-18 11:33:56,440 [grpc-default-executor-0] INFO  server.GrpcServerProtocolService (GrpcServerProtocolService.java:lambda$onCompleted$5(159)) - omNode-bootstrap-2: Completed INSTALL_SNAPSHOT, lastReply: null
2024-07-18 11:33:56,442 [omNode-bootstrap-2-server-thread1] INFO  server.RaftServer$Division (RaftServerImpl.java:checkInconsistentAppendEntries(1629)) - omNode-bootstrap-2@group-0AAC5367B30E: Failed appendEntries as snapshot (0) installation is in progress
2024-07-18 11:33:56,442 [omNode-bootstrap-2-server-thread1] INFO  server.RaftServer$Division (RaftServerImpl.java:appendEntriesAsync(1584)) - omNode-bootstrap-2@group-0AAC5367B30E: appendEntries* reply omNode-1<-omNode-bootstrap-2#187:FAIL-t1,INCONSISTENCY,nextIndex=0,followerCommit=-1,matchIndex=-1
2024-07-18 11:33:56,442 [grpc-default-executor-1] INFO  impl.SnapshotInstallationHandler (SnapshotInstallationHandler.java:installSnapshot(92)) - omNode-bootstrap-2@group-0AAC5367B30E: receive installSnapshot: omNode-1->omNode-bootstrap-2#0-t1,notify:(t:1, i:0)
2024-07-18 11:33:56,442 [grpc-default-executor-1] INFO  impl.SnapshotInstallationHandler (SnapshotInstallationHandler.java:installSnapshotImpl(138)) - omNode-bootstrap-2@group-0AAC5367B30E: set new configuration configurationEntry {
  peers {
    id: "omNode-3"
    address: "localhost:15023"
    startupRole: FOLLOWER
  }
  peers {
    id: "omNode-1"
    address: "localhost:15015"
    startupRole: FOLLOWER
  }
  peers {
    id: "omNode-2"
    address: "localhost:15019"
    startupRole: FOLLOWER
  }
}
 from snapshot
2024-07-18 11:33:56,443 [grpc-default-executor-1] INFO  server.RaftServer$Division (ServerState.java:setRaftConf(386)) - omNode-bootstrap-2@group-0AAC5367B30E: set configuration conf: {index: 0, cur=peers:[omNode-3|localhost:15023, omNode-1|localhost:15015, omNode-2|localhost:15019]|listeners:[], old=null}
2024-07-18 11:33:56,444 [grpc-default-executor-1] INFO  ratis.OzoneManagerStateMachine (OzoneManagerStateMachine.java:notifyConfigurationChanged(216)) - Received Configuration change notification from Ratis. New Peer list:
[id: "omNode-3"
address: "localhost:15023"
startupRole: FOLLOWER
, id: "omNode-1"
address: "localhost:15015"
startupRole: FOLLOWER
, id: "omNode-2"
address: "localhost:15019"
startupRole: FOLLOWER
]
2024-07-18 11:33:56,444 [grpc-default-executor-1] INFO  impl.SnapshotInstallationHandler (SnapshotInstallationHandler.java:installSnapshot(103)) - omNode-bootstrap-2@group-0AAC5367B30E: reply installSnapshot: omNode-1<-omNode-bootstrap-2#0:FAIL-t1,IN_PROGRESS,snapshotIndex=0
2024-07-18 11:33:56,444 [grpc-default-executor-1] INFO  server.GrpcServerProtocolService (GrpcServerProtocolService.java:onCompleted(157)) - omNode-bootstrap-2: Completed INSTALL_SNAPSHOT, lastRequest: omNode-1->omNode-bootstrap-2#0-t1,notify:(t:1, i:0)
2024-07-18 11:33:56,444 [grpc-default-executor-1] INFO  server.GrpcServerProtocolService (GrpcServerProtocolService.java:lambda$onCompleted$5(159)) - omNode-bootstrap-2: Completed INSTALL_SNAPSHOT, lastReply: null
2024-07-18 11:33:56,445 [omNode-bootstrap-2-server-thread1] INFO  server.RaftServer$Division (RaftServerImpl.java:checkInconsistentAppendEntries(1629)) - omNode-bootstrap-2@group-0AAC5367B30E: Failed appendEntries as snapshot (0) installation is in progress
2024-07-18 11:33:56,445 [omNode-bootstrap-2-server-thread1] INFO  server.RaftServer$Division (RaftServerImpl.java:appendEntriesAsync(1584)) - omNode-bootstrap-2@group-0AAC5367B30E: appendEntries* reply omNode-1<-omNode-bootstrap-2#188:FAIL-t1,INCONSISTENCY,nextIndex=0,followerCommit=-1,matchIndex=-1
2024-07-18 11:33:56,447 [grpc-default-executor-0] INFO  impl.SnapshotInstallationHandler (SnapshotInstallationHandler.java:installSnapshot(92)) - omNode-bootstrap-2@group-0AAC5367B30E: receive installSnapshot: omNode-1->omNode-bootstrap-2#0-t1,notify:(t:1, i:0)
2024-07-18 11:33:56,447 [grpc-default-executor-0] INFO  impl.SnapshotInstallationHandler (SnapshotInstallationHandler.java:installSnapshotImpl(138)) - omNode-bootstrap-2@group-0AAC5367B30E: set new configuration configurationEntry {
  peers {
    id: "omNode-3"
    address: "localhost:15023"
    startupRole: FOLLOWER
  }
  peers {
    id: "omNode-1"
    address: "localhost:15015"
    startupRole: FOLLOWER
  }
  peers {
    id: "omNode-2"
    address: "localhost:15019"
    startupRole: FOLLOWER
  }
}
 from snapshot
2024-07-18 11:33:56,447 [grpc-default-executor-0] INFO  server.RaftServer$Division (ServerState.java:setRaftConf(386)) - omNode-bootstrap-2@group-0AAC5367B30E: set configuration conf: {index: 0, cur=peers:[omNode-3|localhost:15023, omNode-1|localhost:15015, omNode-2|localhost:15019]|listeners:[], old=null}
2024-07-18 11:33:56,448 [grpc-default-executor-0] INFO  ratis.OzoneManagerStateMachine (OzoneManagerStateMachine.java:notifyConfigurationChanged(216)) - Received Configuration change notification from Ratis. New Peer list:
[id: "omNode-3"
address: "localhost:15023"
startupRole: FOLLOWER
, id: "omNode-1"
address: "localhost:15015"
startupRole: FOLLOWER
, id: "omNode-2"
address: "localhost:15019"
startupRole: FOLLOWER
]
2024-07-18 11:33:56,448 [grpc-default-executor-0] INFO  impl.SnapshotInstallationHandler (SnapshotInstallationHandler.java:installSnapshot(103)) - omNode-bootstrap-2@group-0AAC5367B30E: reply installSnapshot: omNode-1<-omNode-bootstrap-2#0:FAIL-t1,IN_PROGRESS,snapshotIndex=0
2024-07-18 11:33:56,449 [grpc-default-executor-0] INFO  server.GrpcServerProtocolService (GrpcServerProtocolService.java:onCompleted(157)) - omNode-bootstrap-2: Completed INSTALL_SNAPSHOT, lastRequest: omNode-1->omNode-bootstrap-2#0-t1,notify:(t:1, i:0)
2024-07-18 11:33:56,449 [grpc-default-executor-0] INFO  server.GrpcServerProtocolService (GrpcServerProtocolService.java:lambda$onCompleted$5(159)) - omNode-bootstrap-2: Completed INSTALL_SNAPSHOT, lastReply: null
2024-07-18 11:33:56,450 [omNode-bootstrap-2-server-thread1] INFO  server.RaftServer$Division (RaftServerImpl.java:checkInconsistentAppendEntries(1629)) - omNode-bootstrap-2@group-0AAC5367B30E: Failed appendEntries as snapshot (0) installation is in progress
2024-07-18 11:33:56,450 [omNode-bootstrap-2-server-thread1] INFO  server.RaftServer$Division (RaftServerImpl.java:appendEntriesAsync(1584)) - omNode-bootstrap-2@group-0AAC5367B30E: appendEntries* reply omNode-1<-omNode-bootstrap-2#189:FAIL-t1,INCONSISTENCY,nextIndex=0,followerCommit=-1,matchIndex=-1
2024-07-18 11:33:56,450 [grpc-default-executor-1] INFO  impl.SnapshotInstallationHandler (SnapshotInstallationHandler.java:installSnapshot(92)) - omNode-bootstrap-2@group-0AAC5367B30E: receive installSnapshot: omNode-1->omNode-bootstrap-2#0-t1,notify:(t:1, i:0)
2024-07-18 11:33:56,450 [grpc-default-executor-1] INFO  impl.SnapshotInstallationHandler (SnapshotInstallationHandler.java:installSnapshotImpl(138)) - omNode-bootstrap-2@group-0AAC5367B30E: set new configuration configurationEntry {
  peers {
    id: "omNode-3"
    address: "localhost:15023"
    startupRole: FOLLOWER
  }
  peers {
    id: "omNode-1"
    address: "localhost:15015"
    startupRole: FOLLOWER
  }
  peers {
    id: "omNode-2"
    address: "localhost:15019"
    startupRole: FOLLOWER
  }
}
 from snapshot
2024-07-18 11:33:56,450 [grpc-default-executor-1] INFO  server.RaftServer$Division (ServerState.java:setRaftConf(386)) - omNode-bootstrap-2@group-0AAC5367B30E: set configuration conf: {index: 0, cur=peers:[omNode-3|localhost:15023, omNode-1|localhost:15015, omNode-2|localhost:15019]|listeners:[], old=null}
2024-07-18 11:33:56,452 [grpc-default-executor-1] INFO  ratis.OzoneManagerStateMachine (OzoneManagerStateMachine.java:notifyConfigurationChanged(216)) - Received Configuration change notification from Ratis. New Peer list:
[id: "omNode-3"
address: "localhost:15023"
startupRole: FOLLOWER
, id: "omNode-1"
address: "localhost:15015"
startupRole: FOLLOWER
, id: "omNode-2"
address: "localhost:15019"
startupRole: FOLLOWER
]
2024-07-18 11:33:56,452 [grpc-default-executor-1] INFO  impl.SnapshotInstallationHandler (SnapshotInstallationHandler.java:installSnapshot(103)) - omNode-bootstrap-2@group-0AAC5367B30E: reply installSnapshot: omNode-1<-omNode-bootstrap-2#0:FAIL-t1,IN_PROGRESS,snapshotIndex=0
2024-07-18 11:33:56,452 [grpc-default-executor-1] INFO  server.GrpcServerProtocolService (GrpcServerProtocolService.java:onCompleted(157)) - omNode-bootstrap-2: Completed INSTALL_SNAPSHOT, lastRequest: omNode-1->omNode-bootstrap-2#0-t1,notify:(t:1, i:0)
2024-07-18 11:33:56,452 [grpc-default-executor-1] INFO  server.GrpcServerProtocolService (GrpcServerProtocolService.java:lambda$onCompleted$5(159)) - omNode-bootstrap-2: Completed INSTALL_SNAPSHOT, lastReply: null
2024-07-18 11:33:56,453 [grpc-default-executor-5] INFO  impl.SnapshotInstallationHandler (SnapshotInstallationHandler.java:installSnapshot(92)) - omNode-bootstrap-2@group-0AAC5367B30E: receive installSnapshot: omNode-1->omNode-bootstrap-2#0-t1,notify:(t:1, i:0)
2024-07-18 11:33:56,454 [grpc-default-executor-5] INFO  impl.SnapshotInstallationHandler (SnapshotInstallationHandler.java:installSnapshotImpl(138)) - omNode-bootstrap-2@group-0AAC5367B30E: set new configuration configurationEntry {
  peers {
    id: "omNode-3"
    address: "localhost:15023"
    startupRole: FOLLOWER
  }
  peers {
    id: "omNode-1"
    address: "localhost:15015"
    startupRole: FOLLOWER
  }
  peers {
    id: "omNode-2"
    address: "localhost:15019"
    startupRole: FOLLOWER
  }
}
 from snapshot
2024-07-18 11:33:56,454 [grpc-default-executor-5] INFO  server.RaftServer$Division (ServerState.java:setRaftConf(386)) - omNode-bootstrap-2@group-0AAC5367B30E: set configuration conf: {index: 0, cur=peers:[omNode-3|localhost:15023, omNode-1|localhost:15015, omNode-2|localhost:15019]|listeners:[], old=null}
2024-07-18 11:33:56,454 [omNode-bootstrap-2-server-thread1] INFO  server.RaftServer$Division (RaftServerImpl.java:checkInconsistentAppendEntries(1629)) - omNode-bootstrap-2@group-0AAC5367B30E: Failed appendEntries as snapshot (0) installation is in progress
2024-07-18 11:33:56,455 [omNode-bootstrap-2-server-thread1] INFO  server.RaftServer$Division (RaftServerImpl.java:appendEntriesAsync(1584)) - omNode-bootstrap-2@group-0AAC5367B30E: appendEntries* reply omNode-1<-omNode-bootstrap-2#190:FAIL-t1,INCONSISTENCY,nextIndex=0,followerCommit=-1,matchIndex=-1
2024-07-18 11:33:56,455 [grpc-default-executor-5] INFO  ratis.OzoneManagerStateMachine (OzoneManagerStateMachine.java:notifyConfigurationChanged(216)) - Received Configuration change notification from Ratis. New Peer list:
[id: "omNode-3"
address: "localhost:15023"
startupRole: FOLLOWER
, id: "omNode-1"
address: "localhost:15015"
startupRole: FOLLOWER
, id: "omNode-2"
address: "localhost:15019"
startupRole: FOLLOWER
]
2024-07-18 11:33:56,455 [grpc-default-executor-5] INFO  impl.SnapshotInstallationHandler (SnapshotInstallationHandler.java:installSnapshot(103)) - omNode-bootstrap-2@group-0AAC5367B30E: reply installSnapshot: omNode-1<-omNode-bootstrap-2#0:FAIL-t1,IN_PROGRESS,snapshotIndex=0
2024-07-18 11:33:56,455 [grpc-default-executor-5] INFO  server.GrpcServerProtocolService (GrpcServerProtocolService.java:onCompleted(157)) - omNode-bootstrap-2: Completed INSTALL_SNAPSHOT, lastRequest: omNode-1->omNode-bootstrap-2#0-t1,notify:(t:1, i:0)
2024-07-18 11:33:56,455 [grpc-default-executor-5] INFO  server.GrpcServerProtocolService (GrpcServerProtocolService.java:lambda$onCompleted$5(159)) - omNode-bootstrap-2: Completed INSTALL_SNAPSHOT, lastReply: null
2024-07-18 11:33:56,456 [omNode-bootstrap-2-server-thread1] INFO  server.RaftServer$Division (RaftServerImpl.java:checkInconsistentAppendEntries(1629)) - omNode-bootstrap-2@group-0AAC5367B30E: Failed appendEntries as snapshot (0) installation is in progress
2024-07-18 11:33:56,456 [omNode-bootstrap-2-server-thread1] INFO  server.RaftServer$Division (RaftServerImpl.java:appendEntriesAsync(1584)) - omNode-bootstrap-2@group-0AAC5367B30E: appendEntries* reply omNode-1<-omNode-bootstrap-2#191:FAIL-t1,INCONSISTENCY,nextIndex=0,followerCommit=-1,matchIndex=-1
2024-07-18 11:33:56,457 [grpc-default-executor-5] INFO  impl.SnapshotInstallationHandler (SnapshotInstallationHandler.java:installSnapshot(92)) - omNode-bootstrap-2@group-0AAC5367B30E: receive installSnapshot: omNode-1->omNode-bootstrap-2#0-t1,notify:(t:1, i:0)
2024-07-18 11:33:56,458 [grpc-default-executor-5] INFO  impl.SnapshotInstallationHandler (SnapshotInstallationHandler.java:installSnapshotImpl(138)) - omNode-bootstrap-2@group-0AAC5367B30E: set new configuration configurationEntry {
  peers {
    id: "omNode-3"
    address: "localhost:15023"
    startupRole: FOLLOWER
  }
  peers {
    id: "omNode-1"
    address: "localhost:15015"
    startupRole: FOLLOWER
  }
  peers {
    id: "omNode-2"
    address: "localhost:15019"
    startupRole: FOLLOWER
  }
}
 from snapshot
2024-07-18 11:33:56,458 [grpc-default-executor-5] INFO  server.RaftServer$Division (ServerState.java:setRaftConf(386)) - omNode-bootstrap-2@group-0AAC5367B30E: set configuration conf: {index: 0, cur=peers:[omNode-3|localhost:15023, omNode-1|localhost:15015, omNode-2|localhost:15019]|listeners:[], old=null}
2024-07-18 11:33:56,459 [grpc-default-executor-5] INFO  ratis.OzoneManagerStateMachine (OzoneManagerStateMachine.java:notifyConfigurationChanged(216)) - Received Configuration change notification from Ratis. New Peer list:
[id: "omNode-3"
address: "localhost:15023"
startupRole: FOLLOWER
, id: "omNode-1"
address: "localhost:15015"
startupRole: FOLLOWER
, id: "omNode-2"
address: "localhost:15019"
startupRole: FOLLOWER
]
2024-07-18 11:33:56,459 [grpc-default-executor-5] INFO  impl.SnapshotInstallationHandler (SnapshotInstallationHandler.java:installSnapshot(103)) - omNode-bootstrap-2@group-0AAC5367B30E: reply installSnapshot: omNode-1<-omNode-bootstrap-2#0:FAIL-t1,IN_PROGRESS,snapshotIndex=0
2024-07-18 11:33:56,459 [grpc-default-executor-5] INFO  server.GrpcServerProtocolService (GrpcServerProtocolService.java:onCompleted(157)) - omNode-bootstrap-2: Completed INSTALL_SNAPSHOT, lastRequest: omNode-1->omNode-bootstrap-2#0-t1,notify:(t:1, i:0)
2024-07-18 11:33:56,459 [grpc-default-executor-5] INFO  server.GrpcServerProtocolService (GrpcServerProtocolService.java:lambda$onCompleted$5(159)) - omNode-bootstrap-2: Completed INSTALL_SNAPSHOT, lastReply: null
2024-07-18 11:33:56,461 [grpc-default-executor-1] INFO  impl.SnapshotInstallationHandler (SnapshotInstallationHandler.java:installSnapshot(92)) - omNode-bootstrap-2@group-0AAC5367B30E: receive installSnapshot: omNode-1->omNode-bootstrap-2#0-t1,notify:(t:1, i:0)
2024-07-18 11:33:56,461 [grpc-default-executor-1] INFO  impl.SnapshotInstallationHandler (SnapshotInstallationHandler.java:installSnapshotImpl(138)) - omNode-bootstrap-2@group-0AAC5367B30E: set new configuration configurationEntry {
  peers {
    id: "omNode-3"
    address: "localhost:15023"
    startupRole: FOLLOWER
  }
  peers {
    id: "omNode-1"
    address: "localhost:15015"
    startupRole: FOLLOWER
  }
  peers {
    id: "omNode-2"
    address: "localhost:15019"
    startupRole: FOLLOWER
  }
}
 from snapshot
2024-07-18 11:33:56,461 [grpc-default-executor-1] INFO  server.RaftServer$Division (ServerState.java:setRaftConf(386)) - omNode-bootstrap-2@group-0AAC5367B30E: set configuration conf: {index: 0, cur=peers:[omNode-3|localhost:15023, omNode-1|localhost:15015, omNode-2|localhost:15019]|listeners:[], old=null}
2024-07-18 11:33:56,462 [omNode-bootstrap-2-server-thread1] INFO  server.RaftServer$Division (RaftServerImpl.java:checkInconsistentAppendEntries(1629)) - omNode-bootstrap-2@group-0AAC5367B30E: Failed appendEntries as snapshot (0) installation is in progress
2024-07-18 11:33:56,462 [omNode-bootstrap-2-server-thread1] INFO  server.RaftServer$Division (RaftServerImpl.java:appendEntriesAsync(1584)) - omNode-bootstrap-2@group-0AAC5367B30E: appendEntries* reply omNode-1<-omNode-bootstrap-2#192:FAIL-t1,INCONSISTENCY,nextIndex=0,followerCommit=-1,matchIndex=-1
2024-07-18 11:33:56,462 [grpc-default-executor-1] INFO  ratis.OzoneManagerStateMachine (OzoneManagerStateMachine.java:notifyConfigurationChanged(216)) - Received Configuration change notification from Ratis. New Peer list:
[id: "omNode-3"
address: "localhost:15023"
startupRole: FOLLOWER
, id: "omNode-1"
address: "localhost:15015"
startupRole: FOLLOWER
, id: "omNode-2"
address: "localhost:15019"
startupRole: FOLLOWER
]
2024-07-18 11:33:56,462 [grpc-default-executor-1] INFO  impl.SnapshotInstallationHandler (SnapshotInstallationHandler.java:installSnapshot(103)) - omNode-bootstrap-2@group-0AAC5367B30E: reply installSnapshot: omNode-1<-omNode-bootstrap-2#0:FAIL-t1,IN_PROGRESS,snapshotIndex=0
2024-07-18 11:33:56,463 [grpc-default-executor-1] INFO  server.GrpcServerProtocolService (GrpcServerProtocolService.java:onCompleted(157)) - omNode-bootstrap-2: Completed INSTALL_SNAPSHOT, lastRequest: omNode-1->omNode-bootstrap-2#0-t1,notify:(t:1, i:0)
2024-07-18 11:33:56,463 [grpc-default-executor-1] INFO  server.GrpcServerProtocolService (GrpcServerProtocolService.java:lambda$onCompleted$5(159)) - omNode-bootstrap-2: Completed INSTALL_SNAPSHOT, lastReply: null
2024-07-18 11:33:56,463 [omNode-bootstrap-2-server-thread1] INFO  server.RaftServer$Division (RaftServerImpl.java:checkInconsistentAppendEntries(1629)) - omNode-bootstrap-2@group-0AAC5367B30E: Failed appendEntries as snapshot (0) installation is in progress
2024-07-18 11:33:56,464 [omNode-bootstrap-2-server-thread1] INFO  server.RaftServer$Division (RaftServerImpl.java:appendEntriesAsync(1584)) - omNode-bootstrap-2@group-0AAC5367B30E: appendEntries* reply omNode-1<-omNode-bootstrap-2#193:FAIL-t1,INCONSISTENCY,nextIndex=0,followerCommit=-1,matchIndex=-1
2024-07-18 11:33:56,465 [grpc-default-executor-1] INFO  impl.SnapshotInstallationHandler (SnapshotInstallationHandler.java:installSnapshot(92)) - omNode-bootstrap-2@group-0AAC5367B30E: receive installSnapshot: omNode-1->omNode-bootstrap-2#0-t1,notify:(t:1, i:0)
2024-07-18 11:33:56,465 [grpc-default-executor-1] INFO  impl.SnapshotInstallationHandler (SnapshotInstallationHandler.java:installSnapshotImpl(138)) - omNode-bootstrap-2@group-0AAC5367B30E: set new configuration configurationEntry {
  peers {
    id: "omNode-3"
    address: "localhost:15023"
    startupRole: FOLLOWER
  }
  peers {
    id: "omNode-1"
    address: "localhost:15015"
    startupRole: FOLLOWER
  }
  peers {
    id: "omNode-2"
    address: "localhost:15019"
    startupRole: FOLLOWER
  }
}
 from snapshot
2024-07-18 11:33:56,465 [grpc-default-executor-1] INFO  server.RaftServer$Division (ServerState.java:setRaftConf(386)) - omNode-bootstrap-2@group-0AAC5367B30E: set configuration conf: {index: 0, cur=peers:[omNode-3|localhost:15023, omNode-1|localhost:15015, omNode-2|localhost:15019]|listeners:[], old=null}
2024-07-18 11:33:56,466 [grpc-default-executor-1] INFO  ratis.OzoneManagerStateMachine (OzoneManagerStateMachine.java:notifyConfigurationChanged(216)) - Received Configuration change notification from Ratis. New Peer list:
[id: "omNode-3"
address: "localhost:15023"
startupRole: FOLLOWER
, id: "omNode-1"
address: "localhost:15015"
startupRole: FOLLOWER
, id: "omNode-2"
address: "localhost:15019"
startupRole: FOLLOWER
]
2024-07-18 11:33:56,466 [grpc-default-executor-1] INFO  impl.SnapshotInstallationHandler (SnapshotInstallationHandler.java:installSnapshot(103)) - omNode-bootstrap-2@group-0AAC5367B30E: reply installSnapshot: omNode-1<-omNode-bootstrap-2#0:FAIL-t1,IN_PROGRESS,snapshotIndex=0
2024-07-18 11:33:56,466 [grpc-default-executor-1] INFO  server.GrpcServerProtocolService (GrpcServerProtocolService.java:onCompleted(157)) - omNode-bootstrap-2: Completed INSTALL_SNAPSHOT, lastRequest: omNode-1->omNode-bootstrap-2#0-t1,notify:(t:1, i:0)
2024-07-18 11:33:56,466 [grpc-default-executor-1] INFO  server.GrpcServerProtocolService (GrpcServerProtocolService.java:lambda$onCompleted$5(159)) - omNode-bootstrap-2: Completed INSTALL_SNAPSHOT, lastReply: null
2024-07-18 11:33:56,468 [grpc-default-executor-3] INFO  impl.SnapshotInstallationHandler (SnapshotInstallationHandler.java:installSnapshot(92)) - omNode-bootstrap-2@group-0AAC5367B30E: receive installSnapshot: omNode-1->omNode-bootstrap-2#0-t1,notify:(t:1, i:0)
2024-07-18 11:33:56,468 [grpc-default-executor-3] INFO  impl.SnapshotInstallationHandler (SnapshotInstallationHandler.java:installSnapshotImpl(138)) - omNode-bootstrap-2@group-0AAC5367B30E: set new configuration configurationEntry {
  peers {
    id: "omNode-3"
    address: "localhost:15023"
    startupRole: FOLLOWER
  }
  peers {
    id: "omNode-1"
    address: "localhost:15015"
    startupRole: FOLLOWER
  }
  peers {
    id: "omNode-2"
    address: "localhost:15019"
    startupRole: FOLLOWER
  }
}
 from snapshot
2024-07-18 11:33:56,468 [grpc-default-executor-3] INFO  server.RaftServer$Division (ServerState.java:setRaftConf(386)) - omNode-bootstrap-2@group-0AAC5367B30E: set configuration conf: {index: 0, cur=peers:[omNode-3|localhost:15023, omNode-1|localhost:15015, omNode-2|localhost:15019]|listeners:[], old=null}
2024-07-18 11:33:56,469 [omNode-bootstrap-2-server-thread1] INFO  server.RaftServer$Division (RaftServerImpl.java:checkInconsistentAppendEntries(1629)) - omNode-bootstrap-2@group-0AAC5367B30E: Failed appendEntries as snapshot (0) installation is in progress
2024-07-18 11:33:56,469 [omNode-bootstrap-2-server-thread1] INFO  server.RaftServer$Division (RaftServerImpl.java:appendEntriesAsync(1584)) - omNode-bootstrap-2@group-0AAC5367B30E: appendEntries* reply omNode-1<-omNode-bootstrap-2#194:FAIL-t1,INCONSISTENCY,nextIndex=0,followerCommit=-1,matchIndex=-1
2024-07-18 11:33:56,469 [grpc-default-executor-3] INFO  ratis.OzoneManagerStateMachine (OzoneManagerStateMachine.java:notifyConfigurationChanged(216)) - Received Configuration change notification from Ratis. New Peer list:
[id: "omNode-3"
address: "localhost:15023"
startupRole: FOLLOWER
, id: "omNode-1"
address: "localhost:15015"
startupRole: FOLLOWER
, id: "omNode-2"
address: "localhost:15019"
startupRole: FOLLOWER
]
2024-07-18 11:33:56,469 [grpc-default-executor-3] INFO  impl.SnapshotInstallationHandler (SnapshotInstallationHandler.java:installSnapshot(103)) - omNode-bootstrap-2@group-0AAC5367B30E: reply installSnapshot: omNode-1<-omNode-bootstrap-2#0:FAIL-t1,IN_PROGRESS,snapshotIndex=0
2024-07-18 11:33:56,469 [grpc-default-executor-3] INFO  server.GrpcServerProtocolService (GrpcServerProtocolService.java:onCompleted(157)) - omNode-bootstrap-2: Completed INSTALL_SNAPSHOT, lastRequest: omNode-1->omNode-bootstrap-2#0-t1,notify:(t:1, i:0)
2024-07-18 11:33:56,469 [grpc-default-executor-3] INFO  server.GrpcServerProtocolService (GrpcServerProtocolService.java:lambda$onCompleted$5(159)) - omNode-bootstrap-2: Completed INSTALL_SNAPSHOT, lastReply: null
2024-07-18 11:33:56,471 [grpc-default-executor-3] INFO  impl.SnapshotInstallationHandler (SnapshotInstallationHandler.java:installSnapshot(92)) - omNode-bootstrap-2@group-0AAC5367B30E: receive installSnapshot: omNode-1->omNode-bootstrap-2#0-t1,notify:(t:1, i:0)
2024-07-18 11:33:56,472 [grpc-default-executor-3] INFO  impl.SnapshotInstallationHandler (SnapshotInstallationHandler.java:installSnapshotImpl(138)) - omNode-bootstrap-2@group-0AAC5367B30E: set new configuration configurationEntry {
  peers {
    id: "omNode-3"
    address: "localhost:15023"
    startupRole: FOLLOWER
  }
  peers {
    id: "omNode-1"
    address: "localhost:15015"
    startupRole: FOLLOWER
  }
  peers {
    id: "omNode-2"
    address: "localhost:15019"
    startupRole: FOLLOWER
  }
}
 from snapshot
2024-07-18 11:33:56,472 [grpc-default-executor-3] INFO  server.RaftServer$Division (ServerState.java:setRaftConf(386)) - omNode-bootstrap-2@group-0AAC5367B30E: set configuration conf: {index: 0, cur=peers:[omNode-3|localhost:15023, omNode-1|localhost:15015, omNode-2|localhost:15019]|listeners:[], old=null}
2024-07-18 11:33:56,472 [omNode-bootstrap-2-server-thread1] INFO  server.RaftServer$Division (RaftServerImpl.java:checkInconsistentAppendEntries(1629)) - omNode-bootstrap-2@group-0AAC5367B30E: Failed appendEntries as snapshot (0) installation is in progress
2024-07-18 11:33:56,473 [omNode-bootstrap-2-server-thread1] INFO  server.RaftServer$Division (RaftServerImpl.java:appendEntriesAsync(1584)) - omNode-bootstrap-2@group-0AAC5367B30E: appendEntries* reply omNode-1<-omNode-bootstrap-2#195:FAIL-t1,INCONSISTENCY,nextIndex=0,followerCommit=-1,matchIndex=-1
2024-07-18 11:33:56,473 [grpc-default-executor-3] INFO  ratis.OzoneManagerStateMachine (OzoneManagerStateMachine.java:notifyConfigurationChanged(216)) - Received Configuration change notification from Ratis. New Peer list:
[id: "omNode-3"
address: "localhost:15023"
startupRole: FOLLOWER
, id: "omNode-1"
address: "localhost:15015"
startupRole: FOLLOWER
, id: "omNode-2"
address: "localhost:15019"
startupRole: FOLLOWER
]
2024-07-18 11:33:56,473 [grpc-default-executor-3] INFO  impl.SnapshotInstallationHandler (SnapshotInstallationHandler.java:installSnapshot(103)) - omNode-bootstrap-2@group-0AAC5367B30E: reply installSnapshot: omNode-1<-omNode-bootstrap-2#0:FAIL-t1,IN_PROGRESS,snapshotIndex=0
2024-07-18 11:33:56,473 [grpc-default-executor-3] INFO  server.GrpcServerProtocolService (GrpcServerProtocolService.java:onCompleted(157)) - omNode-bootstrap-2: Completed INSTALL_SNAPSHOT, lastRequest: omNode-1->omNode-bootstrap-2#0-t1,notify:(t:1, i:0)
2024-07-18 11:33:56,473 [grpc-default-executor-3] INFO  server.GrpcServerProtocolService (GrpcServerProtocolService.java:lambda$onCompleted$5(159)) - omNode-bootstrap-2: Completed INSTALL_SNAPSHOT, lastReply: null
2024-07-18 11:33:56,474 [omNode-bootstrap-2-server-thread1] INFO  server.RaftServer$Division (RaftServerImpl.java:checkInconsistentAppendEntries(1629)) - omNode-bootstrap-2@group-0AAC5367B30E: Failed appendEntries as snapshot (0) installation is in progress
2024-07-18 11:33:56,474 [omNode-bootstrap-2-server-thread1] INFO  server.RaftServer$Division (RaftServerImpl.java:appendEntriesAsync(1584)) - omNode-bootstrap-2@group-0AAC5367B30E: appendEntries* reply omNode-1<-omNode-bootstrap-2#196:FAIL-t1,INCONSISTENCY,nextIndex=0,followerCommit=-1,matchIndex=-1
2024-07-18 11:33:56,476 [grpc-default-executor-1] INFO  impl.SnapshotInstallationHandler (SnapshotInstallationHandler.java:installSnapshot(92)) - omNode-bootstrap-2@group-0AAC5367B30E: receive installSnapshot: omNode-1->omNode-bootstrap-2#0-t1,notify:(t:1, i:0)
2024-07-18 11:33:56,476 [grpc-default-executor-1] INFO  impl.SnapshotInstallationHandler (SnapshotInstallationHandler.java:installSnapshotImpl(138)) - omNode-bootstrap-2@group-0AAC5367B30E: set new configuration configurationEntry {
  peers {
    id: "omNode-3"
    address: "localhost:15023"
    startupRole: FOLLOWER
  }
  peers {
    id: "omNode-1"
    address: "localhost:15015"
    startupRole: FOLLOWER
  }
  peers {
    id: "omNode-2"
    address: "localhost:15019"
    startupRole: FOLLOWER
  }
}
 from snapshot
2024-07-18 11:33:56,476 [grpc-default-executor-1] INFO  server.RaftServer$Division (ServerState.java:setRaftConf(386)) - omNode-bootstrap-2@group-0AAC5367B30E: set configuration conf: {index: 0, cur=peers:[omNode-3|localhost:15023, omNode-1|localhost:15015, omNode-2|localhost:15019]|listeners:[], old=null}
2024-07-18 11:33:56,477 [grpc-default-executor-1] INFO  ratis.OzoneManagerStateMachine (OzoneManagerStateMachine.java:notifyConfigurationChanged(216)) - Received Configuration change notification from Ratis. New Peer list:
[id: "omNode-3"
address: "localhost:15023"
startupRole: FOLLOWER
, id: "omNode-1"
address: "localhost:15015"
startupRole: FOLLOWER
, id: "omNode-2"
address: "localhost:15019"
startupRole: FOLLOWER
]
2024-07-18 11:33:56,477 [grpc-default-executor-1] INFO  impl.SnapshotInstallationHandler (SnapshotInstallationHandler.java:installSnapshot(103)) - omNode-bootstrap-2@group-0AAC5367B30E: reply installSnapshot: omNode-1<-omNode-bootstrap-2#0:FAIL-t1,IN_PROGRESS,snapshotIndex=0
2024-07-18 11:33:56,477 [grpc-default-executor-1] INFO  server.GrpcServerProtocolService (GrpcServerProtocolService.java:onCompleted(157)) - omNode-bootstrap-2: Completed INSTALL_SNAPSHOT, lastRequest: omNode-1->omNode-bootstrap-2#0-t1,notify:(t:1, i:0)
2024-07-18 11:33:56,478 [grpc-default-executor-1] INFO  server.GrpcServerProtocolService (GrpcServerProtocolService.java:lambda$onCompleted$5(159)) - omNode-bootstrap-2: Completed INSTALL_SNAPSHOT, lastReply: null
2024-07-18 11:33:56,478 [omNode-bootstrap-2-server-thread1] INFO  server.RaftServer$Division (RaftServerImpl.java:checkInconsistentAppendEntries(1629)) - omNode-bootstrap-2@group-0AAC5367B30E: Failed appendEntries as snapshot (0) installation is in progress
2024-07-18 11:33:56,478 [omNode-bootstrap-2-server-thread1] INFO  server.RaftServer$Division (RaftServerImpl.java:appendEntriesAsync(1584)) - omNode-bootstrap-2@group-0AAC5367B30E: appendEntries* reply omNode-1<-omNode-bootstrap-2#197:FAIL-t1,INCONSISTENCY,nextIndex=0,followerCommit=-1,matchIndex=-1
2024-07-18 11:33:56,480 [grpc-default-executor-3] INFO  impl.SnapshotInstallationHandler (SnapshotInstallationHandler.java:installSnapshot(92)) - omNode-bootstrap-2@group-0AAC5367B30E: receive installSnapshot: omNode-1->omNode-bootstrap-2#0-t1,notify:(t:1, i:0)
2024-07-18 11:33:56,480 [grpc-default-executor-3] INFO  impl.SnapshotInstallationHandler (SnapshotInstallationHandler.java:installSnapshotImpl(138)) - omNode-bootstrap-2@group-0AAC5367B30E: set new configuration configurationEntry {
  peers {
    id: "omNode-3"
    address: "localhost:15023"
    startupRole: FOLLOWER
  }
  peers {
    id: "omNode-1"
    address: "localhost:15015"
    startupRole: FOLLOWER
  }
  peers {
    id: "omNode-2"
    address: "localhost:15019"
    startupRole: FOLLOWER
  }
}
 from snapshot
2024-07-18 11:33:56,480 [grpc-default-executor-3] INFO  server.RaftServer$Division (ServerState.java:setRaftConf(386)) - omNode-bootstrap-2@group-0AAC5367B30E: set configuration conf: {index: 0, cur=peers:[omNode-3|localhost:15023, omNode-1|localhost:15015, omNode-2|localhost:15019]|listeners:[], old=null}
2024-07-18 11:33:56,481 [grpc-default-executor-3] INFO  ratis.OzoneManagerStateMachine (OzoneManagerStateMachine.java:notifyConfigurationChanged(216)) - Received Configuration change notification from Ratis. New Peer list:
[id: "omNode-3"
address: "localhost:15023"
startupRole: FOLLOWER
, id: "omNode-1"
address: "localhost:15015"
startupRole: FOLLOWER
, id: "omNode-2"
address: "localhost:15019"
startupRole: FOLLOWER
]
2024-07-18 11:33:56,481 [grpc-default-executor-3] INFO  impl.SnapshotInstallationHandler (SnapshotInstallationHandler.java:installSnapshot(103)) - omNode-bootstrap-2@group-0AAC5367B30E: reply installSnapshot: omNode-1<-omNode-bootstrap-2#0:FAIL-t1,IN_PROGRESS,snapshotIndex=0
2024-07-18 11:33:56,481 [grpc-default-executor-3] INFO  server.GrpcServerProtocolService (GrpcServerProtocolService.java:onCompleted(157)) - omNode-bootstrap-2: Completed INSTALL_SNAPSHOT, lastRequest: omNode-1->omNode-bootstrap-2#0-t1,notify:(t:1, i:0)
2024-07-18 11:33:56,481 [grpc-default-executor-3] INFO  server.GrpcServerProtocolService (GrpcServerProtocolService.java:lambda$onCompleted$5(159)) - omNode-bootstrap-2: Completed INSTALL_SNAPSHOT, lastReply: null
2024-07-18 11:33:56,482 [omNode-bootstrap-2-server-thread1] INFO  server.RaftServer$Division (RaftServerImpl.java:checkInconsistentAppendEntries(1629)) - omNode-bootstrap-2@group-0AAC5367B30E: Failed appendEntries as snapshot (0) installation is in progress
2024-07-18 11:33:56,482 [omNode-bootstrap-2-server-thread1] INFO  server.RaftServer$Division (RaftServerImpl.java:appendEntriesAsync(1584)) - omNode-bootstrap-2@group-0AAC5367B30E: appendEntries* reply omNode-1<-omNode-bootstrap-2#198:FAIL-t1,INCONSISTENCY,nextIndex=0,followerCommit=-1,matchIndex=-1
2024-07-18 11:33:56,484 [grpc-default-executor-3] INFO  impl.SnapshotInstallationHandler (SnapshotInstallationHandler.java:installSnapshot(92)) - omNode-bootstrap-2@group-0AAC5367B30E: receive installSnapshot: omNode-1->omNode-bootstrap-2#0-t1,notify:(t:1, i:0)
2024-07-18 11:33:56,484 [grpc-default-executor-3] INFO  impl.SnapshotInstallationHandler (SnapshotInstallationHandler.java:installSnapshotImpl(138)) - omNode-bootstrap-2@group-0AAC5367B30E: set new configuration configurationEntry {
  peers {
    id: "omNode-3"
    address: "localhost:15023"
    startupRole: FOLLOWER
  }
  peers {
    id: "omNode-1"
    address: "localhost:15015"
    startupRole: FOLLOWER
  }
  peers {
    id: "omNode-2"
    address: "localhost:15019"
    startupRole: FOLLOWER
  }
}
 from snapshot
2024-07-18 11:33:56,484 [grpc-default-executor-3] INFO  server.RaftServer$Division (ServerState.java:setRaftConf(386)) - omNode-bootstrap-2@group-0AAC5367B30E: set configuration conf: {index: 0, cur=peers:[omNode-3|localhost:15023, omNode-1|localhost:15015, omNode-2|localhost:15019]|listeners:[], old=null}
2024-07-18 11:33:56,485 [grpc-default-executor-3] INFO  ratis.OzoneManagerStateMachine (OzoneManagerStateMachine.java:notifyConfigurationChanged(216)) - Received Configuration change notification from Ratis. New Peer list:
[id: "omNode-3"
address: "localhost:15023"
startupRole: FOLLOWER
, id: "omNode-1"
address: "localhost:15015"
startupRole: FOLLOWER
, id: "omNode-2"
address: "localhost:15019"
startupRole: FOLLOWER
]
2024-07-18 11:33:56,485 [grpc-default-executor-3] INFO  impl.SnapshotInstallationHandler (SnapshotInstallationHandler.java:installSnapshot(103)) - omNode-bootstrap-2@group-0AAC5367B30E: reply installSnapshot: omNode-1<-omNode-bootstrap-2#0:FAIL-t1,IN_PROGRESS,snapshotIndex=0
2024-07-18 11:33:56,486 [grpc-default-executor-3] INFO  server.GrpcServerProtocolService (GrpcServerProtocolService.java:onCompleted(157)) - omNode-bootstrap-2: Completed INSTALL_SNAPSHOT, lastRequest: omNode-1->omNode-bootstrap-2#0-t1,notify:(t:1, i:0)
2024-07-18 11:33:56,486 [grpc-default-executor-3] INFO  server.GrpcServerProtocolService (GrpcServerProtocolService.java:lambda$onCompleted$5(159)) - omNode-bootstrap-2: Completed INSTALL_SNAPSHOT, lastReply: null
2024-07-18 11:33:56,487 [omNode-bootstrap-2-server-thread1] INFO  server.RaftServer$Division (RaftServerImpl.java:checkInconsistentAppendEntries(1629)) - omNode-bootstrap-2@group-0AAC5367B30E: Failed appendEntries as snapshot (0) installation is in progress
2024-07-18 11:33:56,487 [omNode-bootstrap-2-server-thread1] INFO  server.RaftServer$Division (RaftServerImpl.java:appendEntriesAsync(1584)) - omNode-bootstrap-2@group-0AAC5367B30E: appendEntries* reply omNode-1<-omNode-bootstrap-2#199:FAIL-t1,INCONSISTENCY,nextIndex=0,followerCommit=-1,matchIndex=-1
2024-07-18 11:33:56,488 [grpc-default-executor-1] INFO  impl.SnapshotInstallationHandler (SnapshotInstallationHandler.java:installSnapshot(92)) - omNode-bootstrap-2@group-0AAC5367B30E: receive installSnapshot: omNode-1->omNode-bootstrap-2#0-t1,notify:(t:1, i:0)
2024-07-18 11:33:56,488 [grpc-default-executor-1] INFO  impl.SnapshotInstallationHandler (SnapshotInstallationHandler.java:installSnapshotImpl(138)) - omNode-bootstrap-2@group-0AAC5367B30E: set new configuration configurationEntry {
  peers {
    id: "omNode-3"
    address: "localhost:15023"
    startupRole: FOLLOWER
  }
  peers {
    id: "omNode-1"
    address: "localhost:15015"
    startupRole: FOLLOWER
  }
  peers {
    id: "omNode-2"
    address: "localhost:15019"
    startupRole: FOLLOWER
  }
}
 from snapshot
2024-07-18 11:33:56,488 [grpc-default-executor-1] INFO  server.RaftServer$Division (ServerState.java:setRaftConf(386)) - omNode-bootstrap-2@group-0AAC5367B30E: set configuration conf: {index: 0, cur=peers:[omNode-3|localhost:15023, omNode-1|localhost:15015, omNode-2|localhost:15019]|listeners:[], old=null}
2024-07-18 11:33:56,489 [grpc-default-executor-1] INFO  ratis.OzoneManagerStateMachine (OzoneManagerStateMachine.java:notifyConfigurationChanged(216)) - Received Configuration change notification from Ratis. New Peer list:
[id: "omNode-3"
address: "localhost:15023"
startupRole: FOLLOWER
, id: "omNode-1"
address: "localhost:15015"
startupRole: FOLLOWER
, id: "omNode-2"
address: "localhost:15019"
startupRole: FOLLOWER
]
2024-07-18 11:33:56,490 [grpc-default-executor-1] INFO  impl.SnapshotInstallationHandler (SnapshotInstallationHandler.java:installSnapshot(103)) - omNode-bootstrap-2@group-0AAC5367B30E: reply installSnapshot: omNode-1<-omNode-bootstrap-2#0:FAIL-t1,IN_PROGRESS,snapshotIndex=0
2024-07-18 11:33:56,490 [grpc-default-executor-1] INFO  server.GrpcServerProtocolService (GrpcServerProtocolService.java:onCompleted(157)) - omNode-bootstrap-2: Completed INSTALL_SNAPSHOT, lastRequest: omNode-1->omNode-bootstrap-2#0-t1,notify:(t:1, i:0)
2024-07-18 11:33:56,490 [grpc-default-executor-1] INFO  server.GrpcServerProtocolService (GrpcServerProtocolService.java:lambda$onCompleted$5(159)) - omNode-bootstrap-2: Completed INSTALL_SNAPSHOT, lastReply: null
2024-07-18 11:33:56,491 [omNode-bootstrap-2-server-thread1] INFO  server.RaftServer$Division (RaftServerImpl.java:checkInconsistentAppendEntries(1629)) - omNode-bootstrap-2@group-0AAC5367B30E: Failed appendEntries as snapshot (0) installation is in progress
2024-07-18 11:33:56,491 [omNode-bootstrap-2-server-thread1] INFO  server.RaftServer$Division (RaftServerImpl.java:appendEntriesAsync(1584)) - omNode-bootstrap-2@group-0AAC5367B30E: appendEntries* reply omNode-1<-omNode-bootstrap-2#200:FAIL-t1,INCONSISTENCY,nextIndex=0,followerCommit=-1,matchIndex=-1
2024-07-18 11:33:56,492 [grpc-default-executor-1] INFO  impl.SnapshotInstallationHandler (SnapshotInstallationHandler.java:installSnapshot(92)) - omNode-bootstrap-2@group-0AAC5367B30E: receive installSnapshot: omNode-1->omNode-bootstrap-2#0-t1,notify:(t:1, i:0)
2024-07-18 11:33:56,492 [grpc-default-executor-1] INFO  impl.SnapshotInstallationHandler (SnapshotInstallationHandler.java:installSnapshotImpl(138)) - omNode-bootstrap-2@group-0AAC5367B30E: set new configuration configurationEntry {
  peers {
    id: "omNode-3"
    address: "localhost:15023"
    startupRole: FOLLOWER
  }
  peers {
    id: "omNode-1"
    address: "localhost:15015"
    startupRole: FOLLOWER
  }
  peers {
    id: "omNode-2"
    address: "localhost:15019"
    startupRole: FOLLOWER
  }
}
 from snapshot
2024-07-18 11:33:56,492 [grpc-default-executor-1] INFO  server.RaftServer$Division (ServerState.java:setRaftConf(386)) - omNode-bootstrap-2@group-0AAC5367B30E: set configuration conf: {index: 0, cur=peers:[omNode-3|localhost:15023, omNode-1|localhost:15015, omNode-2|localhost:15019]|listeners:[], old=null}
2024-07-18 11:33:56,493 [grpc-default-executor-1] INFO  ratis.OzoneManagerStateMachine (OzoneManagerStateMachine.java:notifyConfigurationChanged(216)) - Received Configuration change notification from Ratis. New Peer list:
[id: "omNode-3"
address: "localhost:15023"
startupRole: FOLLOWER
, id: "omNode-1"
address: "localhost:15015"
startupRole: FOLLOWER
, id: "omNode-2"
address: "localhost:15019"
startupRole: FOLLOWER
]
2024-07-18 11:33:56,493 [grpc-default-executor-1] INFO  impl.SnapshotInstallationHandler (SnapshotInstallationHandler.java:installSnapshot(103)) - omNode-bootstrap-2@group-0AAC5367B30E: reply installSnapshot: omNode-1<-omNode-bootstrap-2#0:FAIL-t1,IN_PROGRESS,snapshotIndex=0
2024-07-18 11:33:56,493 [grpc-default-executor-1] INFO  server.GrpcServerProtocolService (GrpcServerProtocolService.java:onCompleted(157)) - omNode-bootstrap-2: Completed INSTALL_SNAPSHOT, lastRequest: omNode-1->omNode-bootstrap-2#0-t1,notify:(t:1, i:0)
2024-07-18 11:33:56,494 [grpc-default-executor-1] INFO  server.GrpcServerProtocolService (GrpcServerProtocolService.java:lambda$onCompleted$5(159)) - omNode-bootstrap-2: Completed INSTALL_SNAPSHOT, lastReply: null
2024-07-18 11:33:56,495 [grpc-default-executor-0] INFO  impl.SnapshotInstallationHandler (SnapshotInstallationHandler.java:installSnapshot(92)) - omNode-bootstrap-2@group-0AAC5367B30E: receive installSnapshot: omNode-1->omNode-bootstrap-2#0-t1,notify:(t:1, i:0)
2024-07-18 11:33:56,495 [grpc-default-executor-0] INFO  impl.SnapshotInstallationHandler (SnapshotInstallationHandler.java:installSnapshotImpl(138)) - omNode-bootstrap-2@group-0AAC5367B30E: set new configuration configurationEntry {
  peers {
    id: "omNode-3"
    address: "localhost:15023"
    startupRole: FOLLOWER
  }
  peers {
    id: "omNode-1"
    address: "localhost:15015"
    startupRole: FOLLOWER
  }
  peers {
    id: "omNode-2"
    address: "localhost:15019"
    startupRole: FOLLOWER
  }
}
 from snapshot
2024-07-18 11:33:56,495 [grpc-default-executor-0] INFO  server.RaftServer$Division (ServerState.java:setRaftConf(386)) - omNode-bootstrap-2@group-0AAC5367B30E: set configuration conf: {index: 0, cur=peers:[omNode-3|localhost:15023, omNode-1|localhost:15015, omNode-2|localhost:15019]|listeners:[], old=null}
2024-07-18 11:33:56,496 [omNode-bootstrap-2-server-thread1] INFO  server.RaftServer$Division (RaftServerImpl.java:checkInconsistentAppendEntries(1629)) - omNode-bootstrap-2@group-0AAC5367B30E: Failed appendEntries as snapshot (0) installation is in progress
2024-07-18 11:33:56,496 [omNode-bootstrap-2-server-thread1] INFO  server.RaftServer$Division (RaftServerImpl.java:appendEntriesAsync(1584)) - omNode-bootstrap-2@group-0AAC5367B30E: appendEntries* reply omNode-1<-omNode-bootstrap-2#201:FAIL-t1,INCONSISTENCY,nextIndex=0,followerCommit=-1,matchIndex=-1
2024-07-18 11:33:56,497 [grpc-default-executor-0] INFO  ratis.OzoneManagerStateMachine (OzoneManagerStateMachine.java:notifyConfigurationChanged(216)) - Received Configuration change notification from Ratis. New Peer list:
[id: "omNode-3"
address: "localhost:15023"
startupRole: FOLLOWER
, id: "omNode-1"
address: "localhost:15015"
startupRole: FOLLOWER
, id: "omNode-2"
address: "localhost:15019"
startupRole: FOLLOWER
]
2024-07-18 11:33:56,497 [grpc-default-executor-0] INFO  impl.SnapshotInstallationHandler (SnapshotInstallationHandler.java:installSnapshot(103)) - omNode-bootstrap-2@group-0AAC5367B30E: reply installSnapshot: omNode-1<-omNode-bootstrap-2#0:FAIL-t1,IN_PROGRESS,snapshotIndex=0
2024-07-18 11:33:56,497 [grpc-default-executor-0] INFO  server.GrpcServerProtocolService (GrpcServerProtocolService.java:onCompleted(157)) - omNode-bootstrap-2: Completed INSTALL_SNAPSHOT, lastRequest: omNode-1->omNode-bootstrap-2#0-t1,notify:(t:1, i:0)
2024-07-18 11:33:56,497 [grpc-default-executor-0] INFO  server.GrpcServerProtocolService (GrpcServerProtocolService.java:lambda$onCompleted$5(159)) - omNode-bootstrap-2: Completed INSTALL_SNAPSHOT, lastReply: null
2024-07-18 11:33:56,498 [omNode-bootstrap-2-server-thread1] INFO  server.RaftServer$Division (RaftServerImpl.java:checkInconsistentAppendEntries(1629)) - omNode-bootstrap-2@group-0AAC5367B30E: Failed appendEntries as snapshot (0) installation is in progress
2024-07-18 11:33:56,498 [omNode-bootstrap-2-server-thread1] INFO  server.RaftServer$Division (RaftServerImpl.java:appendEntriesAsync(1584)) - omNode-bootstrap-2@group-0AAC5367B30E: appendEntries* reply omNode-1<-omNode-bootstrap-2#202:FAIL-t1,INCONSISTENCY,nextIndex=0,followerCommit=-1,matchIndex=-1
2024-07-18 11:33:56,499 [grpc-default-executor-0] INFO  impl.SnapshotInstallationHandler (SnapshotInstallationHandler.java:installSnapshot(92)) - omNode-bootstrap-2@group-0AAC5367B30E: receive installSnapshot: omNode-1->omNode-bootstrap-2#0-t1,notify:(t:1, i:0)
2024-07-18 11:33:56,500 [grpc-default-executor-0] INFO  impl.SnapshotInstallationHandler (SnapshotInstallationHandler.java:installSnapshotImpl(138)) - omNode-bootstrap-2@group-0AAC5367B30E: set new configuration configurationEntry {
  peers {
    id: "omNode-3"
    address: "localhost:15023"
    startupRole: FOLLOWER
  }
  peers {
    id: "omNode-1"
    address: "localhost:15015"
    startupRole: FOLLOWER
  }
  peers {
    id: "omNode-2"
    address: "localhost:15019"
    startupRole: FOLLOWER
  }
}
 from snapshot
2024-07-18 11:33:56,500 [grpc-default-executor-0] INFO  server.RaftServer$Division (ServerState.java:setRaftConf(386)) - omNode-bootstrap-2@group-0AAC5367B30E: set configuration conf: {index: 0, cur=peers:[omNode-3|localhost:15023, omNode-1|localhost:15015, omNode-2|localhost:15019]|listeners:[], old=null}
2024-07-18 11:33:56,501 [grpc-default-executor-0] INFO  ratis.OzoneManagerStateMachine (OzoneManagerStateMachine.java:notifyConfigurationChanged(216)) - Received Configuration change notification from Ratis. New Peer list:
[id: "omNode-3"
address: "localhost:15023"
startupRole: FOLLOWER
, id: "omNode-1"
address: "localhost:15015"
startupRole: FOLLOWER
, id: "omNode-2"
address: "localhost:15019"
startupRole: FOLLOWER
]
2024-07-18 11:33:56,501 [grpc-default-executor-0] INFO  impl.SnapshotInstallationHandler (SnapshotInstallationHandler.java:installSnapshot(103)) - omNode-bootstrap-2@group-0AAC5367B30E: reply installSnapshot: omNode-1<-omNode-bootstrap-2#0:FAIL-t1,IN_PROGRESS,snapshotIndex=0
2024-07-18 11:33:56,501 [grpc-default-executor-0] INFO  server.GrpcServerProtocolService (GrpcServerProtocolService.java:onCompleted(157)) - omNode-bootstrap-2: Completed INSTALL_SNAPSHOT, lastRequest: omNode-1->omNode-bootstrap-2#0-t1,notify:(t:1, i:0)
2024-07-18 11:33:56,501 [grpc-default-executor-0] INFO  server.GrpcServerProtocolService (GrpcServerProtocolService.java:lambda$onCompleted$5(159)) - omNode-bootstrap-2: Completed INSTALL_SNAPSHOT, lastReply: null
2024-07-18 11:33:56,502 [omNode-bootstrap-2-server-thread1] INFO  server.RaftServer$Division (RaftServerImpl.java:checkInconsistentAppendEntries(1629)) - omNode-bootstrap-2@group-0AAC5367B30E: Failed appendEntries as snapshot (0) installation is in progress
2024-07-18 11:33:56,502 [omNode-bootstrap-2-server-thread1] INFO  server.RaftServer$Division (RaftServerImpl.java:appendEntriesAsync(1584)) - omNode-bootstrap-2@group-0AAC5367B30E: appendEntries* reply omNode-1<-omNode-bootstrap-2#203:FAIL-t1,INCONSISTENCY,nextIndex=0,followerCommit=-1,matchIndex=-1
2024-07-18 11:33:56,503 [grpc-default-executor-1] INFO  impl.SnapshotInstallationHandler (SnapshotInstallationHandler.java:installSnapshot(92)) - omNode-bootstrap-2@group-0AAC5367B30E: receive installSnapshot: omNode-1->omNode-bootstrap-2#0-t1,notify:(t:1, i:0)
2024-07-18 11:33:56,503 [grpc-default-executor-1] INFO  impl.SnapshotInstallationHandler (SnapshotInstallationHandler.java:installSnapshotImpl(138)) - omNode-bootstrap-2@group-0AAC5367B30E: set new configuration configurationEntry {
  peers {
    id: "omNode-3"
    address: "localhost:15023"
    startupRole: FOLLOWER
  }
  peers {
    id: "omNode-1"
    address: "localhost:15015"
    startupRole: FOLLOWER
  }
  peers {
    id: "omNode-2"
    address: "localhost:15019"
    startupRole: FOLLOWER
  }
}
 from snapshot
2024-07-18 11:33:56,504 [grpc-default-executor-1] INFO  server.RaftServer$Division (ServerState.java:setRaftConf(386)) - omNode-bootstrap-2@group-0AAC5367B30E: set configuration conf: {index: 0, cur=peers:[omNode-3|localhost:15023, omNode-1|localhost:15015, omNode-2|localhost:15019]|listeners:[], old=null}
2024-07-18 11:33:56,505 [grpc-default-executor-1] INFO  ratis.OzoneManagerStateMachine (OzoneManagerStateMachine.java:notifyConfigurationChanged(216)) - Received Configuration change notification from Ratis. New Peer list:
[id: "omNode-3"
address: "localhost:15023"
startupRole: FOLLOWER
, id: "omNode-1"
address: "localhost:15015"
startupRole: FOLLOWER
, id: "omNode-2"
address: "localhost:15019"
startupRole: FOLLOWER
]
2024-07-18 11:33:56,505 [grpc-default-executor-1] INFO  impl.SnapshotInstallationHandler (SnapshotInstallationHandler.java:installSnapshot(103)) - omNode-bootstrap-2@group-0AAC5367B30E: reply installSnapshot: omNode-1<-omNode-bootstrap-2#0:FAIL-t1,IN_PROGRESS,snapshotIndex=0
2024-07-18 11:33:56,505 [grpc-default-executor-1] INFO  server.GrpcServerProtocolService (GrpcServerProtocolService.java:onCompleted(157)) - omNode-bootstrap-2: Completed INSTALL_SNAPSHOT, lastRequest: omNode-1->omNode-bootstrap-2#0-t1,notify:(t:1, i:0)
2024-07-18 11:33:56,505 [grpc-default-executor-1] INFO  server.GrpcServerProtocolService (GrpcServerProtocolService.java:lambda$onCompleted$5(159)) - omNode-bootstrap-2: Completed INSTALL_SNAPSHOT, lastReply: null
2024-07-18 11:33:56,506 [omNode-bootstrap-2-server-thread1] INFO  server.RaftServer$Division (RaftServerImpl.java:checkInconsistentAppendEntries(1629)) - omNode-bootstrap-2@group-0AAC5367B30E: Failed appendEntries as snapshot (0) installation is in progress
2024-07-18 11:33:56,507 [omNode-bootstrap-2-server-thread1] INFO  server.RaftServer$Division (RaftServerImpl.java:appendEntriesAsync(1584)) - omNode-bootstrap-2@group-0AAC5367B30E: appendEntries* reply omNode-1<-omNode-bootstrap-2#204:FAIL-t1,INCONSISTENCY,nextIndex=0,followerCommit=-1,matchIndex=-1
2024-07-18 11:33:56,507 [grpc-default-executor-0] INFO  impl.SnapshotInstallationHandler (SnapshotInstallationHandler.java:installSnapshot(92)) - omNode-bootstrap-2@group-0AAC5367B30E: receive installSnapshot: omNode-1->omNode-bootstrap-2#0-t1,notify:(t:1, i:0)
2024-07-18 11:33:56,507 [grpc-default-executor-0] INFO  impl.SnapshotInstallationHandler (SnapshotInstallationHandler.java:installSnapshotImpl(138)) - omNode-bootstrap-2@group-0AAC5367B30E: set new configuration configurationEntry {
  peers {
    id: "omNode-3"
    address: "localhost:15023"
    startupRole: FOLLOWER
  }
  peers {
    id: "omNode-1"
    address: "localhost:15015"
    startupRole: FOLLOWER
  }
  peers {
    id: "omNode-2"
    address: "localhost:15019"
    startupRole: FOLLOWER
  }
}
 from snapshot
2024-07-18 11:33:56,507 [grpc-default-executor-0] INFO  server.RaftServer$Division (ServerState.java:setRaftConf(386)) - omNode-bootstrap-2@group-0AAC5367B30E: set configuration conf: {index: 0, cur=peers:[omNode-3|localhost:15023, omNode-1|localhost:15015, omNode-2|localhost:15019]|listeners:[], old=null}
2024-07-18 11:33:56,509 [grpc-default-executor-0] INFO  ratis.OzoneManagerStateMachine (OzoneManagerStateMachine.java:notifyConfigurationChanged(216)) - Received Configuration change notification from Ratis. New Peer list:
[id: "omNode-3"
address: "localhost:15023"
startupRole: FOLLOWER
, id: "omNode-1"
address: "localhost:15015"
startupRole: FOLLOWER
, id: "omNode-2"
address: "localhost:15019"
startupRole: FOLLOWER
]
2024-07-18 11:33:56,509 [grpc-default-executor-0] INFO  impl.SnapshotInstallationHandler (SnapshotInstallationHandler.java:installSnapshot(103)) - omNode-bootstrap-2@group-0AAC5367B30E: reply installSnapshot: omNode-1<-omNode-bootstrap-2#0:FAIL-t1,IN_PROGRESS,snapshotIndex=0
2024-07-18 11:33:56,509 [grpc-default-executor-0] INFO  server.GrpcServerProtocolService (GrpcServerProtocolService.java:onCompleted(157)) - omNode-bootstrap-2: Completed INSTALL_SNAPSHOT, lastRequest: omNode-1->omNode-bootstrap-2#0-t1,notify:(t:1, i:0)
2024-07-18 11:33:56,509 [grpc-default-executor-0] INFO  server.GrpcServerProtocolService (GrpcServerProtocolService.java:lambda$onCompleted$5(159)) - omNode-bootstrap-2: Completed INSTALL_SNAPSHOT, lastReply: null
2024-07-18 11:33:56,510 [grpc-default-executor-1] INFO  impl.SnapshotInstallationHandler (SnapshotInstallationHandler.java:installSnapshot(92)) - omNode-bootstrap-2@group-0AAC5367B30E: receive installSnapshot: omNode-1->omNode-bootstrap-2#0-t1,notify:(t:1, i:0)
2024-07-18 11:33:56,511 [grpc-default-executor-1] INFO  impl.SnapshotInstallationHandler (SnapshotInstallationHandler.java:installSnapshotImpl(138)) - omNode-bootstrap-2@group-0AAC5367B30E: set new configuration configurationEntry {
  peers {
    id: "omNode-3"
    address: "localhost:15023"
    startupRole: FOLLOWER
  }
  peers {
    id: "omNode-1"
    address: "localhost:15015"
    startupRole: FOLLOWER
  }
  peers {
    id: "omNode-2"
    address: "localhost:15019"
    startupRole: FOLLOWER
  }
}
 from snapshot
2024-07-18 11:33:56,511 [grpc-default-executor-1] INFO  server.RaftServer$Division (ServerState.java:setRaftConf(386)) - omNode-bootstrap-2@group-0AAC5367B30E: set configuration conf: {index: 0, cur=peers:[omNode-3|localhost:15023, omNode-1|localhost:15015, omNode-2|localhost:15019]|listeners:[], old=null}
2024-07-18 11:33:56,511 [omNode-bootstrap-2-server-thread1] INFO  server.RaftServer$Division (RaftServerImpl.java:checkInconsistentAppendEntries(1629)) - omNode-bootstrap-2@group-0AAC5367B30E: Failed appendEntries as snapshot (0) installation is in progress
2024-07-18 11:33:56,511 [omNode-bootstrap-2-server-thread1] INFO  server.RaftServer$Division (RaftServerImpl.java:appendEntriesAsync(1584)) - omNode-bootstrap-2@group-0AAC5367B30E: appendEntries* reply omNode-1<-omNode-bootstrap-2#205:FAIL-t1,INCONSISTENCY,nextIndex=0,followerCommit=-1,matchIndex=-1
2024-07-18 11:33:56,512 [grpc-default-executor-1] INFO  ratis.OzoneManagerStateMachine (OzoneManagerStateMachine.java:notifyConfigurationChanged(216)) - Received Configuration change notification from Ratis. New Peer list:
[id: "omNode-3"
address: "localhost:15023"
startupRole: FOLLOWER
, id: "omNode-1"
address: "localhost:15015"
startupRole: FOLLOWER
, id: "omNode-2"
address: "localhost:15019"
startupRole: FOLLOWER
]
2024-07-18 11:33:56,512 [grpc-default-executor-1] INFO  impl.SnapshotInstallationHandler (SnapshotInstallationHandler.java:installSnapshot(103)) - omNode-bootstrap-2@group-0AAC5367B30E: reply installSnapshot: omNode-1<-omNode-bootstrap-2#0:FAIL-t1,IN_PROGRESS,snapshotIndex=0
2024-07-18 11:33:56,513 [grpc-default-executor-1] INFO  server.GrpcServerProtocolService (GrpcServerProtocolService.java:onCompleted(157)) - omNode-bootstrap-2: Completed INSTALL_SNAPSHOT, lastRequest: omNode-1->omNode-bootstrap-2#0-t1,notify:(t:1, i:0)
2024-07-18 11:33:56,513 [grpc-default-executor-1] INFO  server.GrpcServerProtocolService (GrpcServerProtocolService.java:lambda$onCompleted$5(159)) - omNode-bootstrap-2: Completed INSTALL_SNAPSHOT, lastReply: null
2024-07-18 11:33:56,514 [omNode-bootstrap-2-server-thread1] INFO  server.RaftServer$Division (RaftServerImpl.java:checkInconsistentAppendEntries(1629)) - omNode-bootstrap-2@group-0AAC5367B30E: Failed appendEntries as snapshot (0) installation is in progress
2024-07-18 11:33:56,514 [omNode-bootstrap-2-server-thread1] INFO  server.RaftServer$Division (RaftServerImpl.java:appendEntriesAsync(1584)) - omNode-bootstrap-2@group-0AAC5367B30E: appendEntries* reply omNode-1<-omNode-bootstrap-2#206:FAIL-t1,INCONSISTENCY,nextIndex=0,followerCommit=-1,matchIndex=-1
2024-07-18 11:33:56,515 [grpc-default-executor-0] INFO  impl.SnapshotInstallationHandler (SnapshotInstallationHandler.java:installSnapshot(92)) - omNode-bootstrap-2@group-0AAC5367B30E: receive installSnapshot: omNode-1->omNode-bootstrap-2#0-t1,notify:(t:1, i:0)
2024-07-18 11:33:56,515 [grpc-default-executor-0] INFO  impl.SnapshotInstallationHandler (SnapshotInstallationHandler.java:installSnapshotImpl(138)) - omNode-bootstrap-2@group-0AAC5367B30E: set new configuration configurationEntry {
  peers {
    id: "omNode-3"
    address: "localhost:15023"
    startupRole: FOLLOWER
  }
  peers {
    id: "omNode-1"
    address: "localhost:15015"
    startupRole: FOLLOWER
  }
  peers {
    id: "omNode-2"
    address: "localhost:15019"
    startupRole: FOLLOWER
  }
}
 from snapshot
2024-07-18 11:33:56,515 [grpc-default-executor-0] INFO  server.RaftServer$Division (ServerState.java:setRaftConf(386)) - omNode-bootstrap-2@group-0AAC5367B30E: set configuration conf: {index: 0, cur=peers:[omNode-3|localhost:15023, omNode-1|localhost:15015, omNode-2|localhost:15019]|listeners:[], old=null}
2024-07-18 11:33:56,516 [grpc-default-executor-0] INFO  ratis.OzoneManagerStateMachine (OzoneManagerStateMachine.java:notifyConfigurationChanged(216)) - Received Configuration change notification from Ratis. New Peer list:
[id: "omNode-3"
address: "localhost:15023"
startupRole: FOLLOWER
, id: "omNode-1"
address: "localhost:15015"
startupRole: FOLLOWER
, id: "omNode-2"
address: "localhost:15019"
startupRole: FOLLOWER
]
2024-07-18 11:33:56,516 [grpc-default-executor-0] INFO  impl.SnapshotInstallationHandler (SnapshotInstallationHandler.java:installSnapshot(103)) - omNode-bootstrap-2@group-0AAC5367B30E: reply installSnapshot: omNode-1<-omNode-bootstrap-2#0:FAIL-t1,IN_PROGRESS,snapshotIndex=0
2024-07-18 11:33:56,517 [grpc-default-executor-0] INFO  server.GrpcServerProtocolService (GrpcServerProtocolService.java:onCompleted(157)) - omNode-bootstrap-2: Completed INSTALL_SNAPSHOT, lastRequest: omNode-1->omNode-bootstrap-2#0-t1,notify:(t:1, i:0)
2024-07-18 11:33:56,517 [grpc-default-executor-0] INFO  server.GrpcServerProtocolService (GrpcServerProtocolService.java:lambda$onCompleted$5(159)) - omNode-bootstrap-2: Completed INSTALL_SNAPSHOT, lastReply: null
2024-07-18 11:33:56,518 [omNode-bootstrap-2-server-thread1] INFO  server.RaftServer$Division (RaftServerImpl.java:checkInconsistentAppendEntries(1629)) - omNode-bootstrap-2@group-0AAC5367B30E: Failed appendEntries as snapshot (0) installation is in progress
2024-07-18 11:33:56,518 [omNode-bootstrap-2-server-thread1] INFO  server.RaftServer$Division (RaftServerImpl.java:appendEntriesAsync(1584)) - omNode-bootstrap-2@group-0AAC5367B30E: appendEntries* reply omNode-1<-omNode-bootstrap-2#207:FAIL-t1,INCONSISTENCY,nextIndex=0,followerCommit=-1,matchIndex=-1
2024-07-18 11:33:56,518 [grpc-default-executor-1] INFO  impl.SnapshotInstallationHandler (SnapshotInstallationHandler.java:installSnapshot(92)) - omNode-bootstrap-2@group-0AAC5367B30E: receive installSnapshot: omNode-1->omNode-bootstrap-2#0-t1,notify:(t:1, i:0)
2024-07-18 11:33:56,519 [grpc-default-executor-1] INFO  impl.SnapshotInstallationHandler (SnapshotInstallationHandler.java:installSnapshotImpl(138)) - omNode-bootstrap-2@group-0AAC5367B30E: set new configuration configurationEntry {
  peers {
    id: "omNode-3"
    address: "localhost:15023"
    startupRole: FOLLOWER
  }
  peers {
    id: "omNode-1"
    address: "localhost:15015"
    startupRole: FOLLOWER
  }
  peers {
    id: "omNode-2"
    address: "localhost:15019"
    startupRole: FOLLOWER
  }
}
 from snapshot
2024-07-18 11:33:56,519 [grpc-default-executor-1] INFO  server.RaftServer$Division (ServerState.java:setRaftConf(386)) - omNode-bootstrap-2@group-0AAC5367B30E: set configuration conf: {index: 0, cur=peers:[omNode-3|localhost:15023, omNode-1|localhost:15015, omNode-2|localhost:15019]|listeners:[], old=null}
2024-07-18 11:33:56,521 [grpc-default-executor-1] INFO  ratis.OzoneManagerStateMachine (OzoneManagerStateMachine.java:notifyConfigurationChanged(216)) - Received Configuration change notification from Ratis. New Peer list:
[id: "omNode-3"
address: "localhost:15023"
startupRole: FOLLOWER
, id: "omNode-1"
address: "localhost:15015"
startupRole: FOLLOWER
, id: "omNode-2"
address: "localhost:15019"
startupRole: FOLLOWER
]
2024-07-18 11:33:56,521 [grpc-default-executor-1] INFO  impl.SnapshotInstallationHandler (SnapshotInstallationHandler.java:installSnapshot(103)) - omNode-bootstrap-2@group-0AAC5367B30E: reply installSnapshot: omNode-1<-omNode-bootstrap-2#0:FAIL-t1,IN_PROGRESS,snapshotIndex=0
2024-07-18 11:33:56,521 [grpc-default-executor-1] INFO  server.GrpcServerProtocolService (GrpcServerProtocolService.java:onCompleted(157)) - omNode-bootstrap-2: Completed INSTALL_SNAPSHOT, lastRequest: omNode-1->omNode-bootstrap-2#0-t1,notify:(t:1, i:0)
2024-07-18 11:33:56,521 [grpc-default-executor-1] INFO  server.GrpcServerProtocolService (GrpcServerProtocolService.java:lambda$onCompleted$5(159)) - omNode-bootstrap-2: Completed INSTALL_SNAPSHOT, lastReply: null
2024-07-18 11:33:56,522 [omNode-bootstrap-2-server-thread1] INFO  server.RaftServer$Division (RaftServerImpl.java:checkInconsistentAppendEntries(1629)) - omNode-bootstrap-2@group-0AAC5367B30E: Failed appendEntries as snapshot (0) installation is in progress
2024-07-18 11:33:56,522 [omNode-bootstrap-2-server-thread1] INFO  server.RaftServer$Division (RaftServerImpl.java:appendEntriesAsync(1584)) - omNode-bootstrap-2@group-0AAC5367B30E: appendEntries* reply omNode-1<-omNode-bootstrap-2#208:FAIL-t1,INCONSISTENCY,nextIndex=0,followerCommit=-1,matchIndex=-1
2024-07-18 11:33:56,523 [grpc-default-executor-0] INFO  impl.SnapshotInstallationHandler (SnapshotInstallationHandler.java:installSnapshot(92)) - omNode-bootstrap-2@group-0AAC5367B30E: receive installSnapshot: omNode-1->omNode-bootstrap-2#0-t1,notify:(t:1, i:0)
2024-07-18 11:33:56,523 [grpc-default-executor-0] INFO  impl.SnapshotInstallationHandler (SnapshotInstallationHandler.java:installSnapshotImpl(138)) - omNode-bootstrap-2@group-0AAC5367B30E: set new configuration configurationEntry {
  peers {
    id: "omNode-3"
    address: "localhost:15023"
    startupRole: FOLLOWER
  }
  peers {
    id: "omNode-1"
    address: "localhost:15015"
    startupRole: FOLLOWER
  }
  peers {
    id: "omNode-2"
    address: "localhost:15019"
    startupRole: FOLLOWER
  }
}
 from snapshot
2024-07-18 11:33:56,523 [grpc-default-executor-0] INFO  server.RaftServer$Division (ServerState.java:setRaftConf(386)) - omNode-bootstrap-2@group-0AAC5367B30E: set configuration conf: {index: 0, cur=peers:[omNode-3|localhost:15023, omNode-1|localhost:15015, omNode-2|localhost:15019]|listeners:[], old=null}
2024-07-18 11:33:56,525 [grpc-default-executor-0] INFO  ratis.OzoneManagerStateMachine (OzoneManagerStateMachine.java:notifyConfigurationChanged(216)) - Received Configuration change notification from Ratis. New Peer list:
[id: "omNode-3"
address: "localhost:15023"
startupRole: FOLLOWER
, id: "omNode-1"
address: "localhost:15015"
startupRole: FOLLOWER
, id: "omNode-2"
address: "localhost:15019"
startupRole: FOLLOWER
]
2024-07-18 11:33:56,525 [grpc-default-executor-0] INFO  impl.SnapshotInstallationHandler (SnapshotInstallationHandler.java:installSnapshot(103)) - omNode-bootstrap-2@group-0AAC5367B30E: reply installSnapshot: omNode-1<-omNode-bootstrap-2#0:FAIL-t1,IN_PROGRESS,snapshotIndex=0
2024-07-18 11:33:56,525 [grpc-default-executor-0] INFO  server.GrpcServerProtocolService (GrpcServerProtocolService.java:onCompleted(157)) - omNode-bootstrap-2: Completed INSTALL_SNAPSHOT, lastRequest: omNode-1->omNode-bootstrap-2#0-t1,notify:(t:1, i:0)
2024-07-18 11:33:56,525 [grpc-default-executor-0] INFO  server.GrpcServerProtocolService (GrpcServerProtocolService.java:lambda$onCompleted$5(159)) - omNode-bootstrap-2: Completed INSTALL_SNAPSHOT, lastReply: null
2024-07-18 11:33:56,526 [omNode-bootstrap-2-server-thread1] INFO  server.RaftServer$Division (RaftServerImpl.java:checkInconsistentAppendEntries(1629)) - omNode-bootstrap-2@group-0AAC5367B30E: Failed appendEntries as snapshot (0) installation is in progress
2024-07-18 11:33:56,526 [omNode-bootstrap-2-server-thread1] INFO  server.RaftServer$Division (RaftServerImpl.java:appendEntriesAsync(1584)) - omNode-bootstrap-2@group-0AAC5367B30E: appendEntries* reply omNode-1<-omNode-bootstrap-2#209:FAIL-t1,INCONSISTENCY,nextIndex=0,followerCommit=-1,matchIndex=-1
2024-07-18 11:33:56,531 [grpc-default-executor-0] INFO  impl.SnapshotInstallationHandler (SnapshotInstallationHandler.java:installSnapshot(92)) - omNode-bootstrap-2@group-0AAC5367B30E: receive installSnapshot: omNode-1->omNode-bootstrap-2#0-t1,notify:(t:1, i:0)
2024-07-18 11:33:56,532 [grpc-default-executor-0] INFO  impl.SnapshotInstallationHandler (SnapshotInstallationHandler.java:installSnapshotImpl(138)) - omNode-bootstrap-2@group-0AAC5367B30E: set new configuration configurationEntry {
  peers {
    id: "omNode-3"
    address: "localhost:15023"
    startupRole: FOLLOWER
  }
  peers {
    id: "omNode-1"
    address: "localhost:15015"
    startupRole: FOLLOWER
  }
  peers {
    id: "omNode-2"
    address: "localhost:15019"
    startupRole: FOLLOWER
  }
}
 from snapshot
2024-07-18 11:33:56,532 [grpc-default-executor-0] INFO  server.RaftServer$Division (ServerState.java:setRaftConf(386)) - omNode-bootstrap-2@group-0AAC5367B30E: set configuration conf: {index: 0, cur=peers:[omNode-3|localhost:15023, omNode-1|localhost:15015, omNode-2|localhost:15019]|listeners:[], old=null}
2024-07-18 11:33:56,533 [grpc-default-executor-0] INFO  ratis.OzoneManagerStateMachine (OzoneManagerStateMachine.java:notifyConfigurationChanged(216)) - Received Configuration change notification from Ratis. New Peer list:
[id: "omNode-3"
address: "localhost:15023"
startupRole: FOLLOWER
, id: "omNode-1"
address: "localhost:15015"
startupRole: FOLLOWER
, id: "omNode-2"
address: "localhost:15019"
startupRole: FOLLOWER
]
2024-07-18 11:33:56,533 [grpc-default-executor-0] INFO  impl.SnapshotInstallationHandler (SnapshotInstallationHandler.java:installSnapshot(103)) - omNode-bootstrap-2@group-0AAC5367B30E: reply installSnapshot: omNode-1<-omNode-bootstrap-2#0:FAIL-t1,IN_PROGRESS,snapshotIndex=0
2024-07-18 11:33:56,533 [grpc-default-executor-0] INFO  server.GrpcServerProtocolService (GrpcServerProtocolService.java:onCompleted(157)) - omNode-bootstrap-2: Completed INSTALL_SNAPSHOT, lastRequest: omNode-1->omNode-bootstrap-2#0-t1,notify:(t:1, i:0)
2024-07-18 11:33:56,533 [grpc-default-executor-0] INFO  server.GrpcServerProtocolService (GrpcServerProtocolService.java:lambda$onCompleted$5(159)) - omNode-bootstrap-2: Completed INSTALL_SNAPSHOT, lastReply: null
2024-07-18 11:33:56,535 [omNode-bootstrap-2-server-thread1] INFO  server.RaftServer$Division (RaftServerImpl.java:checkInconsistentAppendEntries(1629)) - omNode-bootstrap-2@group-0AAC5367B30E: Failed appendEntries as snapshot (0) installation is in progress
2024-07-18 11:33:56,535 [omNode-bootstrap-2-server-thread1] INFO  server.RaftServer$Division (RaftServerImpl.java:appendEntriesAsync(1584)) - omNode-bootstrap-2@group-0AAC5367B30E: appendEntries* reply omNode-1<-omNode-bootstrap-2#210:FAIL-t1,INCONSISTENCY,nextIndex=0,followerCommit=-1,matchIndex=-1
2024-07-18 11:33:56,536 [grpc-default-executor-0] INFO  impl.SnapshotInstallationHandler (SnapshotInstallationHandler.java:installSnapshot(92)) - omNode-bootstrap-2@group-0AAC5367B30E: receive installSnapshot: omNode-1->omNode-bootstrap-2#0-t1,notify:(t:1, i:0)
2024-07-18 11:33:56,536 [grpc-default-executor-0] INFO  impl.SnapshotInstallationHandler (SnapshotInstallationHandler.java:installSnapshotImpl(138)) - omNode-bootstrap-2@group-0AAC5367B30E: set new configuration configurationEntry {
  peers {
    id: "omNode-3"
    address: "localhost:15023"
    startupRole: FOLLOWER
  }
  peers {
    id: "omNode-1"
    address: "localhost:15015"
    startupRole: FOLLOWER
  }
  peers {
    id: "omNode-2"
    address: "localhost:15019"
    startupRole: FOLLOWER
  }
}
 from snapshot
2024-07-18 11:33:56,537 [grpc-default-executor-0] INFO  server.RaftServer$Division (ServerState.java:setRaftConf(386)) - omNode-bootstrap-2@group-0AAC5367B30E: set configuration conf: {index: 0, cur=peers:[omNode-3|localhost:15023, omNode-1|localhost:15015, omNode-2|localhost:15019]|listeners:[], old=null}
2024-07-18 11:33:56,538 [grpc-default-executor-0] INFO  ratis.OzoneManagerStateMachine (OzoneManagerStateMachine.java:notifyConfigurationChanged(216)) - Received Configuration change notification from Ratis. New Peer list:
[id: "omNode-3"
address: "localhost:15023"
startupRole: FOLLOWER
, id: "omNode-1"
address: "localhost:15015"
startupRole: FOLLOWER
, id: "omNode-2"
address: "localhost:15019"
startupRole: FOLLOWER
]
2024-07-18 11:33:56,538 [grpc-default-executor-0] INFO  impl.SnapshotInstallationHandler (SnapshotInstallationHandler.java:installSnapshot(103)) - omNode-bootstrap-2@group-0AAC5367B30E: reply installSnapshot: omNode-1<-omNode-bootstrap-2#0:FAIL-t1,IN_PROGRESS,snapshotIndex=0
2024-07-18 11:33:56,539 [grpc-default-executor-0] INFO  server.GrpcServerProtocolService (GrpcServerProtocolService.java:onCompleted(157)) - omNode-bootstrap-2: Completed INSTALL_SNAPSHOT, lastRequest: omNode-1->omNode-bootstrap-2#0-t1,notify:(t:1, i:0)
2024-07-18 11:33:56,539 [grpc-default-executor-0] INFO  server.GrpcServerProtocolService (GrpcServerProtocolService.java:lambda$onCompleted$5(159)) - omNode-bootstrap-2: Completed INSTALL_SNAPSHOT, lastReply: null
2024-07-18 11:33:56,540 [grpc-default-executor-1] INFO  impl.SnapshotInstallationHandler (SnapshotInstallationHandler.java:installSnapshot(92)) - omNode-bootstrap-2@group-0AAC5367B30E: receive installSnapshot: omNode-1->omNode-bootstrap-2#0-t1,notify:(t:1, i:0)
2024-07-18 11:33:56,540 [grpc-default-executor-1] INFO  impl.SnapshotInstallationHandler (SnapshotInstallationHandler.java:installSnapshotImpl(138)) - omNode-bootstrap-2@group-0AAC5367B30E: set new configuration configurationEntry {
  peers {
    id: "omNode-3"
    address: "localhost:15023"
    startupRole: FOLLOWER
  }
  peers {
    id: "omNode-1"
    address: "localhost:15015"
    startupRole: FOLLOWER
  }
  peers {
    id: "omNode-2"
    address: "localhost:15019"
    startupRole: FOLLOWER
  }
}
 from snapshot
2024-07-18 11:33:56,540 [grpc-default-executor-1] INFO  server.RaftServer$Division (ServerState.java:setRaftConf(386)) - omNode-bootstrap-2@group-0AAC5367B30E: set configuration conf: {index: 0, cur=peers:[omNode-3|localhost:15023, omNode-1|localhost:15015, omNode-2|localhost:15019]|listeners:[], old=null}
2024-07-18 11:33:56,541 [omNode-bootstrap-2-server-thread1] INFO  server.RaftServer$Division (RaftServerImpl.java:checkInconsistentAppendEntries(1629)) - omNode-bootstrap-2@group-0AAC5367B30E: Failed appendEntries as snapshot (0) installation is in progress
2024-07-18 11:33:56,541 [omNode-bootstrap-2-server-thread1] INFO  server.RaftServer$Division (RaftServerImpl.java:appendEntriesAsync(1584)) - omNode-bootstrap-2@group-0AAC5367B30E: appendEntries* reply omNode-1<-omNode-bootstrap-2#211:FAIL-t1,INCONSISTENCY,nextIndex=0,followerCommit=-1,matchIndex=-1
2024-07-18 11:33:56,542 [grpc-default-executor-1] INFO  ratis.OzoneManagerStateMachine (OzoneManagerStateMachine.java:notifyConfigurationChanged(216)) - Received Configuration change notification from Ratis. New Peer list:
[id: "omNode-3"
address: "localhost:15023"
startupRole: FOLLOWER
, id: "omNode-1"
address: "localhost:15015"
startupRole: FOLLOWER
, id: "omNode-2"
address: "localhost:15019"
startupRole: FOLLOWER
]
2024-07-18 11:33:56,542 [grpc-default-executor-1] INFO  impl.SnapshotInstallationHandler (SnapshotInstallationHandler.java:installSnapshot(103)) - omNode-bootstrap-2@group-0AAC5367B30E: reply installSnapshot: omNode-1<-omNode-bootstrap-2#0:FAIL-t1,IN_PROGRESS,snapshotIndex=0
2024-07-18 11:33:56,542 [grpc-default-executor-1] INFO  server.GrpcServerProtocolService (GrpcServerProtocolService.java:onCompleted(157)) - omNode-bootstrap-2: Completed INSTALL_SNAPSHOT, lastRequest: omNode-1->omNode-bootstrap-2#0-t1,notify:(t:1, i:0)
2024-07-18 11:33:56,542 [grpc-default-executor-1] INFO  server.GrpcServerProtocolService (GrpcServerProtocolService.java:lambda$onCompleted$5(159)) - omNode-bootstrap-2: Completed INSTALL_SNAPSHOT, lastReply: null
2024-07-18 11:33:56,544 [grpc-default-executor-3] INFO  impl.SnapshotInstallationHandler (SnapshotInstallationHandler.java:installSnapshot(92)) - omNode-bootstrap-2@group-0AAC5367B30E: receive installSnapshot: omNode-1->omNode-bootstrap-2#0-t1,notify:(t:1, i:0)
2024-07-18 11:33:56,544 [grpc-default-executor-3] INFO  impl.SnapshotInstallationHandler (SnapshotInstallationHandler.java:installSnapshotImpl(138)) - omNode-bootstrap-2@group-0AAC5367B30E: set new configuration configurationEntry {
  peers {
    id: "omNode-3"
    address: "localhost:15023"
    startupRole: FOLLOWER
  }
  peers {
    id: "omNode-1"
    address: "localhost:15015"
    startupRole: FOLLOWER
  }
  peers {
    id: "omNode-2"
    address: "localhost:15019"
    startupRole: FOLLOWER
  }
}
 from snapshot
2024-07-18 11:33:56,544 [grpc-default-executor-3] INFO  server.RaftServer$Division (ServerState.java:setRaftConf(386)) - omNode-bootstrap-2@group-0AAC5367B30E: set configuration conf: {index: 0, cur=peers:[omNode-3|localhost:15023, omNode-1|localhost:15015, omNode-2|localhost:15019]|listeners:[], old=null}
2024-07-18 11:33:56,545 [omNode-bootstrap-2-server-thread1] INFO  server.RaftServer$Division (RaftServerImpl.java:checkInconsistentAppendEntries(1629)) - omNode-bootstrap-2@group-0AAC5367B30E: Failed appendEntries as snapshot (0) installation is in progress
2024-07-18 11:33:56,545 [omNode-bootstrap-2-server-thread1] INFO  server.RaftServer$Division (RaftServerImpl.java:appendEntriesAsync(1584)) - omNode-bootstrap-2@group-0AAC5367B30E: appendEntries* reply omNode-1<-omNode-bootstrap-2#212:FAIL-t1,INCONSISTENCY,nextIndex=0,followerCommit=-1,matchIndex=-1
2024-07-18 11:33:56,546 [grpc-default-executor-3] INFO  ratis.OzoneManagerStateMachine (OzoneManagerStateMachine.java:notifyConfigurationChanged(216)) - Received Configuration change notification from Ratis. New Peer list:
[id: "omNode-3"
address: "localhost:15023"
startupRole: FOLLOWER
, id: "omNode-1"
address: "localhost:15015"
startupRole: FOLLOWER
, id: "omNode-2"
address: "localhost:15019"
startupRole: FOLLOWER
]
2024-07-18 11:33:56,546 [grpc-default-executor-3] INFO  impl.SnapshotInstallationHandler (SnapshotInstallationHandler.java:installSnapshot(103)) - omNode-bootstrap-2@group-0AAC5367B30E: reply installSnapshot: omNode-1<-omNode-bootstrap-2#0:FAIL-t1,IN_PROGRESS,snapshotIndex=0
2024-07-18 11:33:56,546 [grpc-default-executor-3] INFO  server.GrpcServerProtocolService (GrpcServerProtocolService.java:onCompleted(157)) - omNode-bootstrap-2: Completed INSTALL_SNAPSHOT, lastRequest: omNode-1->omNode-bootstrap-2#0-t1,notify:(t:1, i:0)
2024-07-18 11:33:56,546 [grpc-default-executor-3] INFO  server.GrpcServerProtocolService (GrpcServerProtocolService.java:lambda$onCompleted$5(159)) - omNode-bootstrap-2: Completed INSTALL_SNAPSHOT, lastReply: null
2024-07-18 11:33:56,547 [omNode-bootstrap-2-server-thread1] INFO  server.RaftServer$Division (RaftServerImpl.java:checkInconsistentAppendEntries(1629)) - omNode-bootstrap-2@group-0AAC5367B30E: Failed appendEntries as snapshot (0) installation is in progress
2024-07-18 11:33:56,547 [omNode-bootstrap-2-server-thread1] INFO  server.RaftServer$Division (RaftServerImpl.java:appendEntriesAsync(1584)) - omNode-bootstrap-2@group-0AAC5367B30E: appendEntries* reply omNode-1<-omNode-bootstrap-2#213:FAIL-t1,INCONSISTENCY,nextIndex=0,followerCommit=-1,matchIndex=-1
2024-07-18 11:33:56,548 [grpc-default-executor-0] INFO  impl.SnapshotInstallationHandler (SnapshotInstallationHandler.java:installSnapshot(92)) - omNode-bootstrap-2@group-0AAC5367B30E: receive installSnapshot: omNode-1->omNode-bootstrap-2#0-t1,notify:(t:1, i:0)
2024-07-18 11:33:56,549 [grpc-default-executor-0] INFO  impl.SnapshotInstallationHandler (SnapshotInstallationHandler.java:installSnapshotImpl(138)) - omNode-bootstrap-2@group-0AAC5367B30E: set new configuration configurationEntry {
  peers {
    id: "omNode-3"
    address: "localhost:15023"
    startupRole: FOLLOWER
  }
  peers {
    id: "omNode-1"
    address: "localhost:15015"
    startupRole: FOLLOWER
  }
  peers {
    id: "omNode-2"
    address: "localhost:15019"
    startupRole: FOLLOWER
  }
}
 from snapshot
2024-07-18 11:33:56,549 [grpc-default-executor-0] INFO  server.RaftServer$Division (ServerState.java:setRaftConf(386)) - omNode-bootstrap-2@group-0AAC5367B30E: set configuration conf: {index: 0, cur=peers:[omNode-3|localhost:15023, omNode-1|localhost:15015, omNode-2|localhost:15019]|listeners:[], old=null}
2024-07-18 11:33:56,550 [grpc-default-executor-0] INFO  ratis.OzoneManagerStateMachine (OzoneManagerStateMachine.java:notifyConfigurationChanged(216)) - Received Configuration change notification from Ratis. New Peer list:
[id: "omNode-3"
address: "localhost:15023"
startupRole: FOLLOWER
, id: "omNode-1"
address: "localhost:15015"
startupRole: FOLLOWER
, id: "omNode-2"
address: "localhost:15019"
startupRole: FOLLOWER
]
2024-07-18 11:33:56,550 [grpc-default-executor-0] INFO  impl.SnapshotInstallationHandler (SnapshotInstallationHandler.java:installSnapshot(103)) - omNode-bootstrap-2@group-0AAC5367B30E: reply installSnapshot: omNode-1<-omNode-bootstrap-2#0:FAIL-t1,IN_PROGRESS,snapshotIndex=0
2024-07-18 11:33:56,551 [grpc-default-executor-0] INFO  server.GrpcServerProtocolService (GrpcServerProtocolService.java:onCompleted(157)) - omNode-bootstrap-2: Completed INSTALL_SNAPSHOT, lastRequest: omNode-1->omNode-bootstrap-2#0-t1,notify:(t:1, i:0)
2024-07-18 11:33:56,551 [grpc-default-executor-0] INFO  server.GrpcServerProtocolService (GrpcServerProtocolService.java:lambda$onCompleted$5(159)) - omNode-bootstrap-2: Completed INSTALL_SNAPSHOT, lastReply: null
2024-07-18 11:33:56,552 [omNode-bootstrap-2-server-thread1] INFO  server.RaftServer$Division (RaftServerImpl.java:checkInconsistentAppendEntries(1629)) - omNode-bootstrap-2@group-0AAC5367B30E: Failed appendEntries as snapshot (0) installation is in progress
2024-07-18 11:33:56,552 [omNode-bootstrap-2-server-thread1] INFO  server.RaftServer$Division (RaftServerImpl.java:appendEntriesAsync(1584)) - omNode-bootstrap-2@group-0AAC5367B30E: appendEntries* reply omNode-1<-omNode-bootstrap-2#214:FAIL-t1,INCONSISTENCY,nextIndex=0,followerCommit=-1,matchIndex=-1
2024-07-18 11:33:56,554 [grpc-default-executor-3] INFO  impl.SnapshotInstallationHandler (SnapshotInstallationHandler.java:installSnapshot(92)) - omNode-bootstrap-2@group-0AAC5367B30E: receive installSnapshot: omNode-1->omNode-bootstrap-2#0-t1,notify:(t:1, i:0)
2024-07-18 11:33:56,554 [grpc-default-executor-3] INFO  impl.SnapshotInstallationHandler (SnapshotInstallationHandler.java:installSnapshotImpl(138)) - omNode-bootstrap-2@group-0AAC5367B30E: set new configuration configurationEntry {
  peers {
    id: "omNode-3"
    address: "localhost:15023"
    startupRole: FOLLOWER
  }
  peers {
    id: "omNode-1"
    address: "localhost:15015"
    startupRole: FOLLOWER
  }
  peers {
    id: "omNode-2"
    address: "localhost:15019"
    startupRole: FOLLOWER
  }
}
 from snapshot
2024-07-18 11:33:56,554 [grpc-default-executor-3] INFO  server.RaftServer$Division (ServerState.java:setRaftConf(386)) - omNode-bootstrap-2@group-0AAC5367B30E: set configuration conf: {index: 0, cur=peers:[omNode-3|localhost:15023, omNode-1|localhost:15015, omNode-2|localhost:15019]|listeners:[], old=null}
2024-07-18 11:33:56,555 [grpc-default-executor-3] INFO  ratis.OzoneManagerStateMachine (OzoneManagerStateMachine.java:notifyConfigurationChanged(216)) - Received Configuration change notification from Ratis. New Peer list:
[id: "omNode-3"
address: "localhost:15023"
startupRole: FOLLOWER
, id: "omNode-1"
address: "localhost:15015"
startupRole: FOLLOWER
, id: "omNode-2"
address: "localhost:15019"
startupRole: FOLLOWER
]
2024-07-18 11:33:56,555 [grpc-default-executor-3] INFO  impl.SnapshotInstallationHandler (SnapshotInstallationHandler.java:installSnapshot(103)) - omNode-bootstrap-2@group-0AAC5367B30E: reply installSnapshot: omNode-1<-omNode-bootstrap-2#0:FAIL-t1,IN_PROGRESS,snapshotIndex=0
2024-07-18 11:33:56,556 [grpc-default-executor-3] INFO  server.GrpcServerProtocolService (GrpcServerProtocolService.java:onCompleted(157)) - omNode-bootstrap-2: Completed INSTALL_SNAPSHOT, lastRequest: omNode-1->omNode-bootstrap-2#0-t1,notify:(t:1, i:0)
2024-07-18 11:33:56,556 [grpc-default-executor-3] INFO  server.GrpcServerProtocolService (GrpcServerProtocolService.java:lambda$onCompleted$5(159)) - omNode-bootstrap-2: Completed INSTALL_SNAPSHOT, lastReply: null
2024-07-18 11:33:56,558 [grpc-default-executor-3] INFO  impl.SnapshotInstallationHandler (SnapshotInstallationHandler.java:installSnapshot(92)) - omNode-bootstrap-2@group-0AAC5367B30E: receive installSnapshot: omNode-1->omNode-bootstrap-2#0-t1,notify:(t:1, i:0)
2024-07-18 11:33:56,558 [omNode-bootstrap-2-server-thread1] INFO  server.RaftServer$Division (RaftServerImpl.java:checkInconsistentAppendEntries(1629)) - omNode-bootstrap-2@group-0AAC5367B30E: Failed appendEntries as snapshot (0) installation is in progress
2024-07-18 11:33:56,558 [omNode-bootstrap-2-server-thread1] INFO  server.RaftServer$Division (RaftServerImpl.java:appendEntriesAsync(1584)) - omNode-bootstrap-2@group-0AAC5367B30E: appendEntries* reply omNode-1<-omNode-bootstrap-2#215:FAIL-t1,INCONSISTENCY,nextIndex=0,followerCommit=-1,matchIndex=-1
2024-07-18 11:33:56,558 [grpc-default-executor-3] INFO  impl.SnapshotInstallationHandler (SnapshotInstallationHandler.java:installSnapshotImpl(138)) - omNode-bootstrap-2@group-0AAC5367B30E: set new configuration configurationEntry {
  peers {
    id: "omNode-3"
    address: "localhost:15023"
    startupRole: FOLLOWER
  }
  peers {
    id: "omNode-1"
    address: "localhost:15015"
    startupRole: FOLLOWER
  }
  peers {
    id: "omNode-2"
    address: "localhost:15019"
    startupRole: FOLLOWER
  }
}
 from snapshot
2024-07-18 11:33:56,559 [grpc-default-executor-3] INFO  server.RaftServer$Division (ServerState.java:setRaftConf(386)) - omNode-bootstrap-2@group-0AAC5367B30E: set configuration conf: {index: 0, cur=peers:[omNode-3|localhost:15023, omNode-1|localhost:15015, omNode-2|localhost:15019]|listeners:[], old=null}
2024-07-18 11:33:56,560 [grpc-default-executor-3] INFO  ratis.OzoneManagerStateMachine (OzoneManagerStateMachine.java:notifyConfigurationChanged(216)) - Received Configuration change notification from Ratis. New Peer list:
[id: "omNode-3"
address: "localhost:15023"
startupRole: FOLLOWER
, id: "omNode-1"
address: "localhost:15015"
startupRole: FOLLOWER
, id: "omNode-2"
address: "localhost:15019"
startupRole: FOLLOWER
]
2024-07-18 11:33:56,560 [grpc-default-executor-3] INFO  impl.SnapshotInstallationHandler (SnapshotInstallationHandler.java:installSnapshot(103)) - omNode-bootstrap-2@group-0AAC5367B30E: reply installSnapshot: omNode-1<-omNode-bootstrap-2#0:FAIL-t1,IN_PROGRESS,snapshotIndex=0
2024-07-18 11:33:56,560 [grpc-default-executor-3] INFO  server.GrpcServerProtocolService (GrpcServerProtocolService.java:onCompleted(157)) - omNode-bootstrap-2: Completed INSTALL_SNAPSHOT, lastRequest: omNode-1->omNode-bootstrap-2#0-t1,notify:(t:1, i:0)
2024-07-18 11:33:56,560 [grpc-default-executor-3] INFO  server.GrpcServerProtocolService (GrpcServerProtocolService.java:lambda$onCompleted$5(159)) - omNode-bootstrap-2: Completed INSTALL_SNAPSHOT, lastReply: null
2024-07-18 11:33:56,563 [grpc-default-executor-0] INFO  impl.SnapshotInstallationHandler (SnapshotInstallationHandler.java:installSnapshot(92)) - omNode-bootstrap-2@group-0AAC5367B30E: receive installSnapshot: omNode-1->omNode-bootstrap-2#0-t1,notify:(t:1, i:0)
2024-07-18 11:33:56,564 [grpc-default-executor-0] INFO  impl.SnapshotInstallationHandler (SnapshotInstallationHandler.java:installSnapshotImpl(138)) - omNode-bootstrap-2@group-0AAC5367B30E: set new configuration configurationEntry {
  peers {
    id: "omNode-3"
    address: "localhost:15023"
    startupRole: FOLLOWER
  }
  peers {
    id: "omNode-1"
    address: "localhost:15015"
    startupRole: FOLLOWER
  }
  peers {
    id: "omNode-2"
    address: "localhost:15019"
    startupRole: FOLLOWER
  }
}
 from snapshot
2024-07-18 11:33:56,564 [grpc-default-executor-0] INFO  server.RaftServer$Division (ServerState.java:setRaftConf(386)) - omNode-bootstrap-2@group-0AAC5367B30E: set configuration conf: {index: 0, cur=peers:[omNode-3|localhost:15023, omNode-1|localhost:15015, omNode-2|localhost:15019]|listeners:[], old=null}
2024-07-18 11:33:56,564 [omNode-bootstrap-2-server-thread1] INFO  server.RaftServer$Division (RaftServerImpl.java:checkInconsistentAppendEntries(1629)) - omNode-bootstrap-2@group-0AAC5367B30E: Failed appendEntries as snapshot (0) installation is in progress
2024-07-18 11:33:56,564 [omNode-bootstrap-2-server-thread1] INFO  server.RaftServer$Division (RaftServerImpl.java:appendEntriesAsync(1584)) - omNode-bootstrap-2@group-0AAC5367B30E: appendEntries* reply omNode-1<-omNode-bootstrap-2#216:FAIL-t1,INCONSISTENCY,nextIndex=0,followerCommit=-1,matchIndex=-1
2024-07-18 11:33:56,566 [grpc-default-executor-0] INFO  ratis.OzoneManagerStateMachine (OzoneManagerStateMachine.java:notifyConfigurationChanged(216)) - Received Configuration change notification from Ratis. New Peer list:
[id: "omNode-3"
address: "localhost:15023"
startupRole: FOLLOWER
, id: "omNode-1"
address: "localhost:15015"
startupRole: FOLLOWER
, id: "omNode-2"
address: "localhost:15019"
startupRole: FOLLOWER
]
2024-07-18 11:33:56,566 [grpc-default-executor-0] INFO  impl.SnapshotInstallationHandler (SnapshotInstallationHandler.java:installSnapshot(103)) - omNode-bootstrap-2@group-0AAC5367B30E: reply installSnapshot: omNode-1<-omNode-bootstrap-2#0:FAIL-t1,IN_PROGRESS,snapshotIndex=0
2024-07-18 11:33:56,566 [grpc-default-executor-0] INFO  server.GrpcServerProtocolService (GrpcServerProtocolService.java:onCompleted(157)) - omNode-bootstrap-2: Completed INSTALL_SNAPSHOT, lastRequest: omNode-1->omNode-bootstrap-2#0-t1,notify:(t:1, i:0)
2024-07-18 11:33:56,566 [grpc-default-executor-0] INFO  server.GrpcServerProtocolService (GrpcServerProtocolService.java:lambda$onCompleted$5(159)) - omNode-bootstrap-2: Completed INSTALL_SNAPSHOT, lastReply: null
2024-07-18 11:33:56,567 [omNode-bootstrap-2-server-thread1] INFO  server.RaftServer$Division (RaftServerImpl.java:checkInconsistentAppendEntries(1629)) - omNode-bootstrap-2@group-0AAC5367B30E: Failed appendEntries as snapshot (0) installation is in progress
2024-07-18 11:33:56,567 [omNode-bootstrap-2-server-thread1] INFO  server.RaftServer$Division (RaftServerImpl.java:appendEntriesAsync(1584)) - omNode-bootstrap-2@group-0AAC5367B30E: appendEntries* reply omNode-1<-omNode-bootstrap-2#217:FAIL-t1,INCONSISTENCY,nextIndex=0,followerCommit=-1,matchIndex=-1
2024-07-18 11:33:56,572 [grpc-default-executor-3] INFO  impl.SnapshotInstallationHandler (SnapshotInstallationHandler.java:installSnapshot(92)) - omNode-bootstrap-2@group-0AAC5367B30E: receive installSnapshot: omNode-1->omNode-bootstrap-2#0-t1,notify:(t:1, i:0)
2024-07-18 11:33:56,572 [grpc-default-executor-3] INFO  impl.SnapshotInstallationHandler (SnapshotInstallationHandler.java:installSnapshotImpl(138)) - omNode-bootstrap-2@group-0AAC5367B30E: set new configuration configurationEntry {
  peers {
    id: "omNode-3"
    address: "localhost:15023"
    startupRole: FOLLOWER
  }
  peers {
    id: "omNode-1"
    address: "localhost:15015"
    startupRole: FOLLOWER
  }
  peers {
    id: "omNode-2"
    address: "localhost:15019"
    startupRole: FOLLOWER
  }
}
 from snapshot
2024-07-18 11:33:56,572 [grpc-default-executor-3] INFO  server.RaftServer$Division (ServerState.java:setRaftConf(386)) - omNode-bootstrap-2@group-0AAC5367B30E: set configuration conf: {index: 0, cur=peers:[omNode-3|localhost:15023, omNode-1|localhost:15015, omNode-2|localhost:15019]|listeners:[], old=null}
2024-07-18 11:33:56,573 [grpc-default-executor-3] INFO  ratis.OzoneManagerStateMachine (OzoneManagerStateMachine.java:notifyConfigurationChanged(216)) - Received Configuration change notification from Ratis. New Peer list:
[id: "omNode-3"
address: "localhost:15023"
startupRole: FOLLOWER
, id: "omNode-1"
address: "localhost:15015"
startupRole: FOLLOWER
, id: "omNode-2"
address: "localhost:15019"
startupRole: FOLLOWER
]
2024-07-18 11:33:56,573 [grpc-default-executor-3] INFO  impl.SnapshotInstallationHandler (SnapshotInstallationHandler.java:installSnapshot(103)) - omNode-bootstrap-2@group-0AAC5367B30E: reply installSnapshot: omNode-1<-omNode-bootstrap-2#0:FAIL-t1,IN_PROGRESS,snapshotIndex=0
2024-07-18 11:33:56,574 [grpc-default-executor-3] INFO  server.GrpcServerProtocolService (GrpcServerProtocolService.java:onCompleted(157)) - omNode-bootstrap-2: Completed INSTALL_SNAPSHOT, lastRequest: omNode-1->omNode-bootstrap-2#0-t1,notify:(t:1, i:0)
2024-07-18 11:33:56,574 [grpc-default-executor-3] INFO  server.GrpcServerProtocolService (GrpcServerProtocolService.java:lambda$onCompleted$5(159)) - omNode-bootstrap-2: Completed INSTALL_SNAPSHOT, lastReply: null
2024-07-18 11:33:56,575 [omNode-bootstrap-2-server-thread1] INFO  server.RaftServer$Division (RaftServerImpl.java:checkInconsistentAppendEntries(1629)) - omNode-bootstrap-2@group-0AAC5367B30E: Failed appendEntries as snapshot (0) installation is in progress
2024-07-18 11:33:56,575 [omNode-bootstrap-2-server-thread1] INFO  server.RaftServer$Division (RaftServerImpl.java:appendEntriesAsync(1584)) - omNode-bootstrap-2@group-0AAC5367B30E: appendEntries* reply omNode-1<-omNode-bootstrap-2#218:FAIL-t1,INCONSISTENCY,nextIndex=0,followerCommit=-1,matchIndex=-1
2024-07-18 11:33:56,575 [grpc-default-executor-1] INFO  impl.SnapshotInstallationHandler (SnapshotInstallationHandler.java:installSnapshot(92)) - omNode-bootstrap-2@group-0AAC5367B30E: receive installSnapshot: omNode-1->omNode-bootstrap-2#0-t1,notify:(t:1, i:0)
2024-07-18 11:33:56,576 [grpc-default-executor-1] INFO  impl.SnapshotInstallationHandler (SnapshotInstallationHandler.java:installSnapshotImpl(138)) - omNode-bootstrap-2@group-0AAC5367B30E: set new configuration configurationEntry {
  peers {
    id: "omNode-3"
    address: "localhost:15023"
    startupRole: FOLLOWER
  }
  peers {
    id: "omNode-1"
    address: "localhost:15015"
    startupRole: FOLLOWER
  }
  peers {
    id: "omNode-2"
    address: "localhost:15019"
    startupRole: FOLLOWER
  }
}
 from snapshot
2024-07-18 11:33:56,576 [grpc-default-executor-1] INFO  server.RaftServer$Division (ServerState.java:setRaftConf(386)) - omNode-bootstrap-2@group-0AAC5367B30E: set configuration conf: {index: 0, cur=peers:[omNode-3|localhost:15023, omNode-1|localhost:15015, omNode-2|localhost:15019]|listeners:[], old=null}
2024-07-18 11:33:56,577 [grpc-default-executor-1] INFO  ratis.OzoneManagerStateMachine (OzoneManagerStateMachine.java:notifyConfigurationChanged(216)) - Received Configuration change notification from Ratis. New Peer list:
[id: "omNode-3"
address: "localhost:15023"
startupRole: FOLLOWER
, id: "omNode-1"
address: "localhost:15015"
startupRole: FOLLOWER
, id: "omNode-2"
address: "localhost:15019"
startupRole: FOLLOWER
]
2024-07-18 11:33:56,577 [grpc-default-executor-1] INFO  impl.SnapshotInstallationHandler (SnapshotInstallationHandler.java:installSnapshot(103)) - omNode-bootstrap-2@group-0AAC5367B30E: reply installSnapshot: omNode-1<-omNode-bootstrap-2#0:FAIL-t1,IN_PROGRESS,snapshotIndex=0
2024-07-18 11:33:56,577 [grpc-default-executor-1] INFO  server.GrpcServerProtocolService (GrpcServerProtocolService.java:onCompleted(157)) - omNode-bootstrap-2: Completed INSTALL_SNAPSHOT, lastRequest: omNode-1->omNode-bootstrap-2#0-t1,notify:(t:1, i:0)
2024-07-18 11:33:56,577 [grpc-default-executor-1] INFO  server.GrpcServerProtocolService (GrpcServerProtocolService.java:lambda$onCompleted$5(159)) - omNode-bootstrap-2: Completed INSTALL_SNAPSHOT, lastReply: null
2024-07-18 11:33:56,578 [omNode-bootstrap-2-server-thread1] INFO  server.RaftServer$Division (RaftServerImpl.java:checkInconsistentAppendEntries(1629)) - omNode-bootstrap-2@group-0AAC5367B30E: Failed appendEntries as snapshot (0) installation is in progress
2024-07-18 11:33:56,579 [omNode-bootstrap-2-server-thread1] INFO  server.RaftServer$Division (RaftServerImpl.java:appendEntriesAsync(1584)) - omNode-bootstrap-2@group-0AAC5367B30E: appendEntries* reply omNode-1<-omNode-bootstrap-2#219:FAIL-t1,INCONSISTENCY,nextIndex=0,followerCommit=-1,matchIndex=-1
2024-07-18 11:33:56,579 [grpc-default-executor-5] INFO  impl.SnapshotInstallationHandler (SnapshotInstallationHandler.java:installSnapshot(92)) - omNode-bootstrap-2@group-0AAC5367B30E: receive installSnapshot: omNode-1->omNode-bootstrap-2#0-t1,notify:(t:1, i:0)
2024-07-18 11:33:56,579 [grpc-default-executor-5] INFO  impl.SnapshotInstallationHandler (SnapshotInstallationHandler.java:installSnapshotImpl(138)) - omNode-bootstrap-2@group-0AAC5367B30E: set new configuration configurationEntry {
  peers {
    id: "omNode-3"
    address: "localhost:15023"
    startupRole: FOLLOWER
  }
  peers {
    id: "omNode-1"
    address: "localhost:15015"
    startupRole: FOLLOWER
  }
  peers {
    id: "omNode-2"
    address: "localhost:15019"
    startupRole: FOLLOWER
  }
}
 from snapshot
2024-07-18 11:33:56,579 [grpc-default-executor-5] INFO  server.RaftServer$Division (ServerState.java:setRaftConf(386)) - omNode-bootstrap-2@group-0AAC5367B30E: set configuration conf: {index: 0, cur=peers:[omNode-3|localhost:15023, omNode-1|localhost:15015, omNode-2|localhost:15019]|listeners:[], old=null}
2024-07-18 11:33:56,580 [grpc-default-executor-5] INFO  ratis.OzoneManagerStateMachine (OzoneManagerStateMachine.java:notifyConfigurationChanged(216)) - Received Configuration change notification from Ratis. New Peer list:
[id: "omNode-3"
address: "localhost:15023"
startupRole: FOLLOWER
, id: "omNode-1"
address: "localhost:15015"
startupRole: FOLLOWER
, id: "omNode-2"
address: "localhost:15019"
startupRole: FOLLOWER
]
2024-07-18 11:33:56,580 [grpc-default-executor-5] INFO  impl.SnapshotInstallationHandler (SnapshotInstallationHandler.java:installSnapshot(103)) - omNode-bootstrap-2@group-0AAC5367B30E: reply installSnapshot: omNode-1<-omNode-bootstrap-2#0:FAIL-t1,IN_PROGRESS,snapshotIndex=0
2024-07-18 11:33:56,580 [grpc-default-executor-5] INFO  server.GrpcServerProtocolService (GrpcServerProtocolService.java:onCompleted(157)) - omNode-bootstrap-2: Completed INSTALL_SNAPSHOT, lastRequest: omNode-1->omNode-bootstrap-2#0-t1,notify:(t:1, i:0)
2024-07-18 11:33:56,581 [grpc-default-executor-5] INFO  server.GrpcServerProtocolService (GrpcServerProtocolService.java:lambda$onCompleted$5(159)) - omNode-bootstrap-2: Completed INSTALL_SNAPSHOT, lastReply: null
2024-07-18 11:33:56,582 [omNode-bootstrap-2-server-thread1] INFO  server.RaftServer$Division (RaftServerImpl.java:checkInconsistentAppendEntries(1629)) - omNode-bootstrap-2@group-0AAC5367B30E: Failed appendEntries as snapshot (0) installation is in progress
2024-07-18 11:33:56,582 [omNode-bootstrap-2-server-thread1] INFO  server.RaftServer$Division (RaftServerImpl.java:appendEntriesAsync(1584)) - omNode-bootstrap-2@group-0AAC5367B30E: appendEntries* reply omNode-1<-omNode-bootstrap-2#220:FAIL-t1,INCONSISTENCY,nextIndex=0,followerCommit=-1,matchIndex=-1
2024-07-18 11:33:56,582 [grpc-default-executor-5] INFO  impl.SnapshotInstallationHandler (SnapshotInstallationHandler.java:installSnapshot(92)) - omNode-bootstrap-2@group-0AAC5367B30E: receive installSnapshot: omNode-1->omNode-bootstrap-2#0-t1,notify:(t:1, i:0)
2024-07-18 11:33:56,582 [grpc-default-executor-5] INFO  impl.SnapshotInstallationHandler (SnapshotInstallationHandler.java:installSnapshotImpl(138)) - omNode-bootstrap-2@group-0AAC5367B30E: set new configuration configurationEntry {
  peers {
    id: "omNode-3"
    address: "localhost:15023"
    startupRole: FOLLOWER
  }
  peers {
    id: "omNode-1"
    address: "localhost:15015"
    startupRole: FOLLOWER
  }
  peers {
    id: "omNode-2"
    address: "localhost:15019"
    startupRole: FOLLOWER
  }
}
 from snapshot
2024-07-18 11:33:56,582 [grpc-default-executor-5] INFO  server.RaftServer$Division (ServerState.java:setRaftConf(386)) - omNode-bootstrap-2@group-0AAC5367B30E: set configuration conf: {index: 0, cur=peers:[omNode-3|localhost:15023, omNode-1|localhost:15015, omNode-2|localhost:15019]|listeners:[], old=null}
2024-07-18 11:33:56,583 [grpc-default-executor-5] INFO  ratis.OzoneManagerStateMachine (OzoneManagerStateMachine.java:notifyConfigurationChanged(216)) - Received Configuration change notification from Ratis. New Peer list:
[id: "omNode-3"
address: "localhost:15023"
startupRole: FOLLOWER
, id: "omNode-1"
address: "localhost:15015"
startupRole: FOLLOWER
, id: "omNode-2"
address: "localhost:15019"
startupRole: FOLLOWER
]
2024-07-18 11:33:56,584 [grpc-default-executor-5] INFO  impl.SnapshotInstallationHandler (SnapshotInstallationHandler.java:installSnapshot(103)) - omNode-bootstrap-2@group-0AAC5367B30E: reply installSnapshot: omNode-1<-omNode-bootstrap-2#0:FAIL-t1,IN_PROGRESS,snapshotIndex=0
2024-07-18 11:33:56,584 [grpc-default-executor-5] INFO  server.GrpcServerProtocolService (GrpcServerProtocolService.java:onCompleted(157)) - omNode-bootstrap-2: Completed INSTALL_SNAPSHOT, lastRequest: omNode-1->omNode-bootstrap-2#0-t1,notify:(t:1, i:0)
2024-07-18 11:33:56,584 [grpc-default-executor-5] INFO  server.GrpcServerProtocolService (GrpcServerProtocolService.java:lambda$onCompleted$5(159)) - omNode-bootstrap-2: Completed INSTALL_SNAPSHOT, lastReply: null
2024-07-18 11:33:56,585 [omNode-bootstrap-2-server-thread1] INFO  server.RaftServer$Division (RaftServerImpl.java:checkInconsistentAppendEntries(1629)) - omNode-bootstrap-2@group-0AAC5367B30E: Failed appendEntries as snapshot (0) installation is in progress
2024-07-18 11:33:56,585 [omNode-bootstrap-2-server-thread1] INFO  server.RaftServer$Division (RaftServerImpl.java:appendEntriesAsync(1584)) - omNode-bootstrap-2@group-0AAC5367B30E: appendEntries* reply omNode-1<-omNode-bootstrap-2#221:FAIL-t1,INCONSISTENCY,nextIndex=0,followerCommit=-1,matchIndex=-1
2024-07-18 11:33:56,585 [grpc-default-executor-3] INFO  impl.SnapshotInstallationHandler (SnapshotInstallationHandler.java:installSnapshot(92)) - omNode-bootstrap-2@group-0AAC5367B30E: receive installSnapshot: omNode-1->omNode-bootstrap-2#0-t1,notify:(t:1, i:0)
2024-07-18 11:33:56,585 [grpc-default-executor-3] INFO  impl.SnapshotInstallationHandler (SnapshotInstallationHandler.java:installSnapshotImpl(138)) - omNode-bootstrap-2@group-0AAC5367B30E: set new configuration configurationEntry {
  peers {
    id: "omNode-3"
    address: "localhost:15023"
    startupRole: FOLLOWER
  }
  peers {
    id: "omNode-1"
    address: "localhost:15015"
    startupRole: FOLLOWER
  }
  peers {
    id: "omNode-2"
    address: "localhost:15019"
    startupRole: FOLLOWER
  }
}
 from snapshot
2024-07-18 11:33:56,586 [grpc-default-executor-3] INFO  server.RaftServer$Division (ServerState.java:setRaftConf(386)) - omNode-bootstrap-2@group-0AAC5367B30E: set configuration conf: {index: 0, cur=peers:[omNode-3|localhost:15023, omNode-1|localhost:15015, omNode-2|localhost:15019]|listeners:[], old=null}
2024-07-18 11:33:56,587 [grpc-default-executor-3] INFO  ratis.OzoneManagerStateMachine (OzoneManagerStateMachine.java:notifyConfigurationChanged(216)) - Received Configuration change notification from Ratis. New Peer list:
[id: "omNode-3"
address: "localhost:15023"
startupRole: FOLLOWER
, id: "omNode-1"
address: "localhost:15015"
startupRole: FOLLOWER
, id: "omNode-2"
address: "localhost:15019"
startupRole: FOLLOWER
]
2024-07-18 11:33:56,587 [grpc-default-executor-3] INFO  impl.SnapshotInstallationHandler (SnapshotInstallationHandler.java:installSnapshot(103)) - omNode-bootstrap-2@group-0AAC5367B30E: reply installSnapshot: omNode-1<-omNode-bootstrap-2#0:FAIL-t1,IN_PROGRESS,snapshotIndex=0
2024-07-18 11:33:56,587 [grpc-default-executor-3] INFO  server.GrpcServerProtocolService (GrpcServerProtocolService.java:onCompleted(157)) - omNode-bootstrap-2: Completed INSTALL_SNAPSHOT, lastRequest: omNode-1->omNode-bootstrap-2#0-t1,notify:(t:1, i:0)
2024-07-18 11:33:56,587 [grpc-default-executor-3] INFO  server.GrpcServerProtocolService (GrpcServerProtocolService.java:lambda$onCompleted$5(159)) - omNode-bootstrap-2: Completed INSTALL_SNAPSHOT, lastReply: null
2024-07-18 11:33:56,588 [omNode-bootstrap-2-server-thread1] INFO  server.RaftServer$Division (RaftServerImpl.java:checkInconsistentAppendEntries(1629)) - omNode-bootstrap-2@group-0AAC5367B30E: Failed appendEntries as snapshot (0) installation is in progress
2024-07-18 11:33:56,589 [omNode-bootstrap-2-server-thread1] INFO  server.RaftServer$Division (RaftServerImpl.java:appendEntriesAsync(1584)) - omNode-bootstrap-2@group-0AAC5367B30E: appendEntries* reply omNode-1<-omNode-bootstrap-2#222:FAIL-t1,INCONSISTENCY,nextIndex=0,followerCommit=-1,matchIndex=-1
2024-07-18 11:33:56,590 [grpc-default-executor-5] INFO  impl.SnapshotInstallationHandler (SnapshotInstallationHandler.java:installSnapshot(92)) - omNode-bootstrap-2@group-0AAC5367B30E: receive installSnapshot: omNode-1->omNode-bootstrap-2#0-t1,notify:(t:1, i:0)
2024-07-18 11:33:56,590 [grpc-default-executor-5] INFO  impl.SnapshotInstallationHandler (SnapshotInstallationHandler.java:installSnapshotImpl(138)) - omNode-bootstrap-2@group-0AAC5367B30E: set new configuration configurationEntry {
  peers {
    id: "omNode-3"
    address: "localhost:15023"
    startupRole: FOLLOWER
  }
  peers {
    id: "omNode-1"
    address: "localhost:15015"
    startupRole: FOLLOWER
  }
  peers {
    id: "omNode-2"
    address: "localhost:15019"
    startupRole: FOLLOWER
  }
}
 from snapshot
2024-07-18 11:33:56,590 [grpc-default-executor-5] INFO  server.RaftServer$Division (ServerState.java:setRaftConf(386)) - omNode-bootstrap-2@group-0AAC5367B30E: set configuration conf: {index: 0, cur=peers:[omNode-3|localhost:15023, omNode-1|localhost:15015, omNode-2|localhost:15019]|listeners:[], old=null}
2024-07-18 11:33:56,591 [grpc-default-executor-5] INFO  ratis.OzoneManagerStateMachine (OzoneManagerStateMachine.java:notifyConfigurationChanged(216)) - Received Configuration change notification from Ratis. New Peer list:
[id: "omNode-3"
address: "localhost:15023"
startupRole: FOLLOWER
, id: "omNode-1"
address: "localhost:15015"
startupRole: FOLLOWER
, id: "omNode-2"
address: "localhost:15019"
startupRole: FOLLOWER
]
2024-07-18 11:33:56,592 [grpc-default-executor-5] INFO  impl.SnapshotInstallationHandler (SnapshotInstallationHandler.java:installSnapshot(103)) - omNode-bootstrap-2@group-0AAC5367B30E: reply installSnapshot: omNode-1<-omNode-bootstrap-2#0:FAIL-t1,IN_PROGRESS,snapshotIndex=0
2024-07-18 11:33:56,592 [grpc-default-executor-5] INFO  server.GrpcServerProtocolService (GrpcServerProtocolService.java:onCompleted(157)) - omNode-bootstrap-2: Completed INSTALL_SNAPSHOT, lastRequest: omNode-1->omNode-bootstrap-2#0-t1,notify:(t:1, i:0)
2024-07-18 11:33:56,592 [grpc-default-executor-5] INFO  server.GrpcServerProtocolService (GrpcServerProtocolService.java:lambda$onCompleted$5(159)) - omNode-bootstrap-2: Completed INSTALL_SNAPSHOT, lastReply: null
2024-07-18 11:33:56,593 [grpc-default-executor-3] INFO  impl.SnapshotInstallationHandler (SnapshotInstallationHandler.java:installSnapshot(92)) - omNode-bootstrap-2@group-0AAC5367B30E: receive installSnapshot: omNode-1->omNode-bootstrap-2#0-t1,notify:(t:1, i:0)
2024-07-18 11:33:56,593 [omNode-bootstrap-2-server-thread1] INFO  server.RaftServer$Division (RaftServerImpl.java:checkInconsistentAppendEntries(1629)) - omNode-bootstrap-2@group-0AAC5367B30E: Failed appendEntries as snapshot (0) installation is in progress
2024-07-18 11:33:56,593 [omNode-bootstrap-2-server-thread1] INFO  server.RaftServer$Division (RaftServerImpl.java:appendEntriesAsync(1584)) - omNode-bootstrap-2@group-0AAC5367B30E: appendEntries* reply omNode-1<-omNode-bootstrap-2#223:FAIL-t1,INCONSISTENCY,nextIndex=0,followerCommit=-1,matchIndex=-1
2024-07-18 11:33:56,593 [grpc-default-executor-3] INFO  impl.SnapshotInstallationHandler (SnapshotInstallationHandler.java:installSnapshotImpl(138)) - omNode-bootstrap-2@group-0AAC5367B30E: set new configuration configurationEntry {
  peers {
    id: "omNode-3"
    address: "localhost:15023"
    startupRole: FOLLOWER
  }
  peers {
    id: "omNode-1"
    address: "localhost:15015"
    startupRole: FOLLOWER
  }
  peers {
    id: "omNode-2"
    address: "localhost:15019"
    startupRole: FOLLOWER
  }
}
 from snapshot
2024-07-18 11:33:56,593 [grpc-default-executor-3] INFO  server.RaftServer$Division (ServerState.java:setRaftConf(386)) - omNode-bootstrap-2@group-0AAC5367B30E: set configuration conf: {index: 0, cur=peers:[omNode-3|localhost:15023, omNode-1|localhost:15015, omNode-2|localhost:15019]|listeners:[], old=null}
2024-07-18 11:33:56,594 [grpc-default-executor-3] INFO  ratis.OzoneManagerStateMachine (OzoneManagerStateMachine.java:notifyConfigurationChanged(216)) - Received Configuration change notification from Ratis. New Peer list:
[id: "omNode-3"
address: "localhost:15023"
startupRole: FOLLOWER
, id: "omNode-1"
address: "localhost:15015"
startupRole: FOLLOWER
, id: "omNode-2"
address: "localhost:15019"
startupRole: FOLLOWER
]
2024-07-18 11:33:56,595 [grpc-default-executor-3] INFO  impl.SnapshotInstallationHandler (SnapshotInstallationHandler.java:installSnapshot(103)) - omNode-bootstrap-2@group-0AAC5367B30E: reply installSnapshot: omNode-1<-omNode-bootstrap-2#0:FAIL-t1,IN_PROGRESS,snapshotIndex=0
2024-07-18 11:33:56,595 [grpc-default-executor-3] INFO  server.GrpcServerProtocolService (GrpcServerProtocolService.java:onCompleted(157)) - omNode-bootstrap-2: Completed INSTALL_SNAPSHOT, lastRequest: omNode-1->omNode-bootstrap-2#0-t1,notify:(t:1, i:0)
2024-07-18 11:33:56,595 [grpc-default-executor-3] INFO  server.GrpcServerProtocolService (GrpcServerProtocolService.java:lambda$onCompleted$5(159)) - omNode-bootstrap-2: Completed INSTALL_SNAPSHOT, lastReply: null
2024-07-18 11:33:56,596 [omNode-bootstrap-2-server-thread1] INFO  server.RaftServer$Division (RaftServerImpl.java:checkInconsistentAppendEntries(1629)) - omNode-bootstrap-2@group-0AAC5367B30E: Failed appendEntries as snapshot (0) installation is in progress
2024-07-18 11:33:56,596 [omNode-bootstrap-2-server-thread1] INFO  server.RaftServer$Division (RaftServerImpl.java:appendEntriesAsync(1584)) - omNode-bootstrap-2@group-0AAC5367B30E: appendEntries* reply omNode-1<-omNode-bootstrap-2#224:FAIL-t1,INCONSISTENCY,nextIndex=0,followerCommit=-1,matchIndex=-1
2024-07-18 11:33:56,596 [grpc-default-executor-3] INFO  impl.SnapshotInstallationHandler (SnapshotInstallationHandler.java:installSnapshot(92)) - omNode-bootstrap-2@group-0AAC5367B30E: receive installSnapshot: omNode-1->omNode-bootstrap-2#0-t1,notify:(t:1, i:0)
2024-07-18 11:33:56,596 [grpc-default-executor-3] INFO  impl.SnapshotInstallationHandler (SnapshotInstallationHandler.java:installSnapshotImpl(138)) - omNode-bootstrap-2@group-0AAC5367B30E: set new configuration configurationEntry {
  peers {
    id: "omNode-3"
    address: "localhost:15023"
    startupRole: FOLLOWER
  }
  peers {
    id: "omNode-1"
    address: "localhost:15015"
    startupRole: FOLLOWER
  }
  peers {
    id: "omNode-2"
    address: "localhost:15019"
    startupRole: FOLLOWER
  }
}
 from snapshot
2024-07-18 11:33:56,596 [grpc-default-executor-3] INFO  server.RaftServer$Division (ServerState.java:setRaftConf(386)) - omNode-bootstrap-2@group-0AAC5367B30E: set configuration conf: {index: 0, cur=peers:[omNode-3|localhost:15023, omNode-1|localhost:15015, omNode-2|localhost:15019]|listeners:[], old=null}
2024-07-18 11:33:56,597 [grpc-default-executor-3] INFO  ratis.OzoneManagerStateMachine (OzoneManagerStateMachine.java:notifyConfigurationChanged(216)) - Received Configuration change notification from Ratis. New Peer list:
[id: "omNode-3"
address: "localhost:15023"
startupRole: FOLLOWER
, id: "omNode-1"
address: "localhost:15015"
startupRole: FOLLOWER
, id: "omNode-2"
address: "localhost:15019"
startupRole: FOLLOWER
]
2024-07-18 11:33:56,598 [grpc-default-executor-3] INFO  impl.SnapshotInstallationHandler (SnapshotInstallationHandler.java:installSnapshot(103)) - omNode-bootstrap-2@group-0AAC5367B30E: reply installSnapshot: omNode-1<-omNode-bootstrap-2#0:FAIL-t1,IN_PROGRESS,snapshotIndex=0
2024-07-18 11:33:56,598 [grpc-default-executor-3] INFO  server.GrpcServerProtocolService (GrpcServerProtocolService.java:onCompleted(157)) - omNode-bootstrap-2: Completed INSTALL_SNAPSHOT, lastRequest: omNode-1->omNode-bootstrap-2#0-t1,notify:(t:1, i:0)
2024-07-18 11:33:56,598 [grpc-default-executor-3] INFO  server.GrpcServerProtocolService (GrpcServerProtocolService.java:lambda$onCompleted$5(159)) - omNode-bootstrap-2: Completed INSTALL_SNAPSHOT, lastReply: null
2024-07-18 11:33:56,598 [omNode-bootstrap-2-server-thread1] INFO  server.RaftServer$Division (RaftServerImpl.java:checkInconsistentAppendEntries(1629)) - omNode-bootstrap-2@group-0AAC5367B30E: Failed appendEntries as snapshot (0) installation is in progress
2024-07-18 11:33:56,599 [omNode-bootstrap-2-server-thread1] INFO  server.RaftServer$Division (RaftServerImpl.java:appendEntriesAsync(1584)) - omNode-bootstrap-2@group-0AAC5367B30E: appendEntries* reply omNode-1<-omNode-bootstrap-2#225:FAIL-t1,INCONSISTENCY,nextIndex=0,followerCommit=-1,matchIndex=-1
2024-07-18 11:33:56,600 [grpc-default-executor-3] INFO  impl.SnapshotInstallationHandler (SnapshotInstallationHandler.java:installSnapshot(92)) - omNode-bootstrap-2@group-0AAC5367B30E: receive installSnapshot: omNode-1->omNode-bootstrap-2#0-t1,notify:(t:1, i:0)
2024-07-18 11:33:56,600 [grpc-default-executor-3] INFO  impl.SnapshotInstallationHandler (SnapshotInstallationHandler.java:installSnapshotImpl(138)) - omNode-bootstrap-2@group-0AAC5367B30E: set new configuration configurationEntry {
  peers {
    id: "omNode-3"
    address: "localhost:15023"
    startupRole: FOLLOWER
  }
  peers {
    id: "omNode-1"
    address: "localhost:15015"
    startupRole: FOLLOWER
  }
  peers {
    id: "omNode-2"
    address: "localhost:15019"
    startupRole: FOLLOWER
  }
}
 from snapshot
2024-07-18 11:33:56,600 [grpc-default-executor-3] INFO  server.RaftServer$Division (ServerState.java:setRaftConf(386)) - omNode-bootstrap-2@group-0AAC5367B30E: set configuration conf: {index: 0, cur=peers:[omNode-3|localhost:15023, omNode-1|localhost:15015, omNode-2|localhost:15019]|listeners:[], old=null}
2024-07-18 11:33:56,601 [grpc-default-executor-3] INFO  ratis.OzoneManagerStateMachine (OzoneManagerStateMachine.java:notifyConfigurationChanged(216)) - Received Configuration change notification from Ratis. New Peer list:
[id: "omNode-3"
address: "localhost:15023"
startupRole: FOLLOWER
, id: "omNode-1"
address: "localhost:15015"
startupRole: FOLLOWER
, id: "omNode-2"
address: "localhost:15019"
startupRole: FOLLOWER
]
2024-07-18 11:33:56,601 [grpc-default-executor-3] INFO  impl.SnapshotInstallationHandler (SnapshotInstallationHandler.java:installSnapshot(103)) - omNode-bootstrap-2@group-0AAC5367B30E: reply installSnapshot: omNode-1<-omNode-bootstrap-2#0:FAIL-t1,IN_PROGRESS,snapshotIndex=0
2024-07-18 11:33:56,601 [grpc-default-executor-3] INFO  server.GrpcServerProtocolService (GrpcServerProtocolService.java:onCompleted(157)) - omNode-bootstrap-2: Completed INSTALL_SNAPSHOT, lastRequest: omNode-1->omNode-bootstrap-2#0-t1,notify:(t:1, i:0)
2024-07-18 11:33:56,602 [grpc-default-executor-3] INFO  server.GrpcServerProtocolService (GrpcServerProtocolService.java:lambda$onCompleted$5(159)) - omNode-bootstrap-2: Completed INSTALL_SNAPSHOT, lastReply: null
2024-07-18 11:33:56,605 [omNode-bootstrap-2-server-thread1] INFO  server.RaftServer$Division (RaftServerImpl.java:checkInconsistentAppendEntries(1629)) - omNode-bootstrap-2@group-0AAC5367B30E: Failed appendEntries as snapshot (0) installation is in progress
2024-07-18 11:33:56,605 [omNode-bootstrap-2-server-thread1] INFO  server.RaftServer$Division (RaftServerImpl.java:appendEntriesAsync(1584)) - omNode-bootstrap-2@group-0AAC5367B30E: appendEntries* reply omNode-1<-omNode-bootstrap-2#226:FAIL-t1,INCONSISTENCY,nextIndex=0,followerCommit=-1,matchIndex=-1
2024-07-18 11:33:56,605 [grpc-default-executor-0] INFO  impl.SnapshotInstallationHandler (SnapshotInstallationHandler.java:installSnapshot(92)) - omNode-bootstrap-2@group-0AAC5367B30E: receive installSnapshot: omNode-1->omNode-bootstrap-2#0-t1,notify:(t:1, i:0)
2024-07-18 11:33:56,606 [grpc-default-executor-0] INFO  impl.SnapshotInstallationHandler (SnapshotInstallationHandler.java:installSnapshotImpl(138)) - omNode-bootstrap-2@group-0AAC5367B30E: set new configuration configurationEntry {
  peers {
    id: "omNode-3"
    address: "localhost:15023"
    startupRole: FOLLOWER
  }
  peers {
    id: "omNode-1"
    address: "localhost:15015"
    startupRole: FOLLOWER
  }
  peers {
    id: "omNode-2"
    address: "localhost:15019"
    startupRole: FOLLOWER
  }
}
 from snapshot
2024-07-18 11:33:56,606 [grpc-default-executor-0] INFO  server.RaftServer$Division (ServerState.java:setRaftConf(386)) - omNode-bootstrap-2@group-0AAC5367B30E: set configuration conf: {index: 0, cur=peers:[omNode-3|localhost:15023, omNode-1|localhost:15015, omNode-2|localhost:15019]|listeners:[], old=null}
2024-07-18 11:33:56,607 [grpc-default-executor-0] INFO  ratis.OzoneManagerStateMachine (OzoneManagerStateMachine.java:notifyConfigurationChanged(216)) - Received Configuration change notification from Ratis. New Peer list:
[id: "omNode-3"
address: "localhost:15023"
startupRole: FOLLOWER
, id: "omNode-1"
address: "localhost:15015"
startupRole: FOLLOWER
, id: "omNode-2"
address: "localhost:15019"
startupRole: FOLLOWER
]
2024-07-18 11:33:56,607 [grpc-default-executor-0] INFO  impl.SnapshotInstallationHandler (SnapshotInstallationHandler.java:installSnapshot(103)) - omNode-bootstrap-2@group-0AAC5367B30E: reply installSnapshot: omNode-1<-omNode-bootstrap-2#0:FAIL-t1,IN_PROGRESS,snapshotIndex=0
2024-07-18 11:33:56,607 [grpc-default-executor-0] INFO  server.GrpcServerProtocolService (GrpcServerProtocolService.java:onCompleted(157)) - omNode-bootstrap-2: Completed INSTALL_SNAPSHOT, lastRequest: omNode-1->omNode-bootstrap-2#0-t1,notify:(t:1, i:0)
2024-07-18 11:33:56,607 [grpc-default-executor-0] INFO  server.GrpcServerProtocolService (GrpcServerProtocolService.java:lambda$onCompleted$5(159)) - omNode-bootstrap-2: Completed INSTALL_SNAPSHOT, lastReply: null
2024-07-18 11:33:56,608 [grpc-default-executor-5] INFO  impl.SnapshotInstallationHandler (SnapshotInstallationHandler.java:installSnapshot(92)) - omNode-bootstrap-2@group-0AAC5367B30E: receive installSnapshot: omNode-1->omNode-bootstrap-2#0-t1,notify:(t:1, i:0)
2024-07-18 11:33:56,609 [grpc-default-executor-5] INFO  impl.SnapshotInstallationHandler (SnapshotInstallationHandler.java:installSnapshotImpl(138)) - omNode-bootstrap-2@group-0AAC5367B30E: set new configuration configurationEntry {
  peers {
    id: "omNode-3"
    address: "localhost:15023"
    startupRole: FOLLOWER
  }
  peers {
    id: "omNode-1"
    address: "localhost:15015"
    startupRole: FOLLOWER
  }
  peers {
    id: "omNode-2"
    address: "localhost:15019"
    startupRole: FOLLOWER
  }
}
 from snapshot
2024-07-18 11:33:56,609 [grpc-default-executor-5] INFO  server.RaftServer$Division (ServerState.java:setRaftConf(386)) - omNode-bootstrap-2@group-0AAC5367B30E: set configuration conf: {index: 0, cur=peers:[omNode-3|localhost:15023, omNode-1|localhost:15015, omNode-2|localhost:15019]|listeners:[], old=null}
2024-07-18 11:33:56,609 [omNode-bootstrap-2-server-thread1] INFO  server.RaftServer$Division (RaftServerImpl.java:checkInconsistentAppendEntries(1629)) - omNode-bootstrap-2@group-0AAC5367B30E: Failed appendEntries as snapshot (0) installation is in progress
2024-07-18 11:33:56,609 [omNode-bootstrap-2-server-thread1] INFO  server.RaftServer$Division (RaftServerImpl.java:appendEntriesAsync(1584)) - omNode-bootstrap-2@group-0AAC5367B30E: appendEntries* reply omNode-1<-omNode-bootstrap-2#227:FAIL-t1,INCONSISTENCY,nextIndex=0,followerCommit=-1,matchIndex=-1
2024-07-18 11:33:56,610 [grpc-default-executor-5] INFO  ratis.OzoneManagerStateMachine (OzoneManagerStateMachine.java:notifyConfigurationChanged(216)) - Received Configuration change notification from Ratis. New Peer list:
[id: "omNode-3"
address: "localhost:15023"
startupRole: FOLLOWER
, id: "omNode-1"
address: "localhost:15015"
startupRole: FOLLOWER
, id: "omNode-2"
address: "localhost:15019"
startupRole: FOLLOWER
]
2024-07-18 11:33:56,610 [grpc-default-executor-5] INFO  impl.SnapshotInstallationHandler (SnapshotInstallationHandler.java:installSnapshot(103)) - omNode-bootstrap-2@group-0AAC5367B30E: reply installSnapshot: omNode-1<-omNode-bootstrap-2#0:FAIL-t1,IN_PROGRESS,snapshotIndex=0
2024-07-18 11:33:56,610 [grpc-default-executor-5] INFO  server.GrpcServerProtocolService (GrpcServerProtocolService.java:onCompleted(157)) - omNode-bootstrap-2: Completed INSTALL_SNAPSHOT, lastRequest: omNode-1->omNode-bootstrap-2#0-t1,notify:(t:1, i:0)
2024-07-18 11:33:56,610 [grpc-default-executor-5] INFO  server.GrpcServerProtocolService (GrpcServerProtocolService.java:lambda$onCompleted$5(159)) - omNode-bootstrap-2: Completed INSTALL_SNAPSHOT, lastReply: null
2024-07-18 11:33:56,611 [omNode-bootstrap-2-server-thread1] INFO  server.RaftServer$Division (RaftServerImpl.java:checkInconsistentAppendEntries(1629)) - omNode-bootstrap-2@group-0AAC5367B30E: Failed appendEntries as snapshot (0) installation is in progress
2024-07-18 11:33:56,611 [omNode-bootstrap-2-server-thread1] INFO  server.RaftServer$Division (RaftServerImpl.java:appendEntriesAsync(1584)) - omNode-bootstrap-2@group-0AAC5367B30E: appendEntries* reply omNode-1<-omNode-bootstrap-2#228:FAIL-t1,INCONSISTENCY,nextIndex=0,followerCommit=-1,matchIndex=-1
2024-07-18 11:33:56,612 [grpc-default-executor-5] INFO  impl.SnapshotInstallationHandler (SnapshotInstallationHandler.java:installSnapshot(92)) - omNode-bootstrap-2@group-0AAC5367B30E: receive installSnapshot: omNode-1->omNode-bootstrap-2#0-t1,notify:(t:1, i:0)
2024-07-18 11:33:56,612 [grpc-default-executor-5] INFO  impl.SnapshotInstallationHandler (SnapshotInstallationHandler.java:installSnapshotImpl(138)) - omNode-bootstrap-2@group-0AAC5367B30E: set new configuration configurationEntry {
  peers {
    id: "omNode-3"
    address: "localhost:15023"
    startupRole: FOLLOWER
  }
  peers {
    id: "omNode-1"
    address: "localhost:15015"
    startupRole: FOLLOWER
  }
  peers {
    id: "omNode-2"
    address: "localhost:15019"
    startupRole: FOLLOWER
  }
}
 from snapshot
2024-07-18 11:33:56,612 [grpc-default-executor-5] INFO  server.RaftServer$Division (ServerState.java:setRaftConf(386)) - omNode-bootstrap-2@group-0AAC5367B30E: set configuration conf: {index: 0, cur=peers:[omNode-3|localhost:15023, omNode-1|localhost:15015, omNode-2|localhost:15019]|listeners:[], old=null}
2024-07-18 11:33:56,613 [grpc-default-executor-5] INFO  ratis.OzoneManagerStateMachine (OzoneManagerStateMachine.java:notifyConfigurationChanged(216)) - Received Configuration change notification from Ratis. New Peer list:
[id: "omNode-3"
address: "localhost:15023"
startupRole: FOLLOWER
, id: "omNode-1"
address: "localhost:15015"
startupRole: FOLLOWER
, id: "omNode-2"
address: "localhost:15019"
startupRole: FOLLOWER
]
2024-07-18 11:33:56,614 [grpc-default-executor-5] INFO  impl.SnapshotInstallationHandler (SnapshotInstallationHandler.java:installSnapshot(103)) - omNode-bootstrap-2@group-0AAC5367B30E: reply installSnapshot: omNode-1<-omNode-bootstrap-2#0:FAIL-t1,IN_PROGRESS,snapshotIndex=0
2024-07-18 11:33:56,614 [grpc-default-executor-5] INFO  server.GrpcServerProtocolService (GrpcServerProtocolService.java:onCompleted(157)) - omNode-bootstrap-2: Completed INSTALL_SNAPSHOT, lastRequest: omNode-1->omNode-bootstrap-2#0-t1,notify:(t:1, i:0)
2024-07-18 11:33:56,614 [grpc-default-executor-5] INFO  server.GrpcServerProtocolService (GrpcServerProtocolService.java:lambda$onCompleted$5(159)) - omNode-bootstrap-2: Completed INSTALL_SNAPSHOT, lastReply: null
2024-07-18 11:33:56,614 [omNode-bootstrap-2-server-thread1] INFO  server.RaftServer$Division (RaftServerImpl.java:checkInconsistentAppendEntries(1629)) - omNode-bootstrap-2@group-0AAC5367B30E: Failed appendEntries as snapshot (0) installation is in progress
2024-07-18 11:33:56,615 [omNode-bootstrap-2-server-thread1] INFO  server.RaftServer$Division (RaftServerImpl.java:appendEntriesAsync(1584)) - omNode-bootstrap-2@group-0AAC5367B30E: appendEntries* reply omNode-1<-omNode-bootstrap-2#229:FAIL-t1,INCONSISTENCY,nextIndex=0,followerCommit=-1,matchIndex=-1
2024-07-18 11:33:56,616 [grpc-default-executor-5] INFO  impl.SnapshotInstallationHandler (SnapshotInstallationHandler.java:installSnapshot(92)) - omNode-bootstrap-2@group-0AAC5367B30E: receive installSnapshot: omNode-1->omNode-bootstrap-2#0-t1,notify:(t:1, i:0)
2024-07-18 11:33:56,616 [grpc-default-executor-5] INFO  impl.SnapshotInstallationHandler (SnapshotInstallationHandler.java:installSnapshotImpl(138)) - omNode-bootstrap-2@group-0AAC5367B30E: set new configuration configurationEntry {
  peers {
    id: "omNode-3"
    address: "localhost:15023"
    startupRole: FOLLOWER
  }
  peers {
    id: "omNode-1"
    address: "localhost:15015"
    startupRole: FOLLOWER
  }
  peers {
    id: "omNode-2"
    address: "localhost:15019"
    startupRole: FOLLOWER
  }
}
 from snapshot
2024-07-18 11:33:56,616 [grpc-default-executor-5] INFO  server.RaftServer$Division (ServerState.java:setRaftConf(386)) - omNode-bootstrap-2@group-0AAC5367B30E: set configuration conf: {index: 0, cur=peers:[omNode-3|localhost:15023, omNode-1|localhost:15015, omNode-2|localhost:15019]|listeners:[], old=null}
2024-07-18 11:33:56,617 [omNode-bootstrap-2-InstallSnapshotThread] INFO  om.OzoneManager (OzoneManagerStateMachine.java:notifyConfigurationChanged(216)) - Received Configuration change notification from Ratis. New Peer list:
[id: "omNode-3"
address: "localhost:15023"
startupRole: FOLLOWER
, id: "omNode-1"
address: "localhost:15015"
startupRole: FOLLOWER
, id: "omNode-2"
address: "localhost:15019"
startupRole: FOLLOWER
]
2024-07-18 11:33:56,617 [omNode-bootstrap-2-InstallSnapshotThread] INFO  om.OzoneManager (OzoneManager.java:installCheckpoint(3773)) - Installing checkpoint with OMTransactionInfo 1#7
2024-07-18 11:33:56,617 [grpc-default-executor-5] INFO  impl.SnapshotInstallationHandler (SnapshotInstallationHandler.java:installSnapshot(103)) - omNode-bootstrap-2@group-0AAC5367B30E: reply installSnapshot: omNode-1<-omNode-bootstrap-2#0:FAIL-t1,IN_PROGRESS,snapshotIndex=0
2024-07-18 11:33:56,617 [grpc-default-executor-5] INFO  server.GrpcServerProtocolService (GrpcServerProtocolService.java:onCompleted(157)) - omNode-bootstrap-2: Completed INSTALL_SNAPSHOT, lastRequest: omNode-1->omNode-bootstrap-2#0-t1,notify:(t:1, i:0)
2024-07-18 11:33:56,618 [grpc-default-executor-5] INFO  server.GrpcServerProtocolService (GrpcServerProtocolService.java:lambda$onCompleted$5(159)) - omNode-bootstrap-2: Completed INSTALL_SNAPSHOT, lastReply: null
2024-07-18 11:33:56,618 [omNode-bootstrap-2-InstallSnapshotThread] INFO  utils.BackgroundService (BackgroundService.java:shutdown(163)) - Shutting down service KeyDeletingService
2024-07-18 11:33:56,618 [omNode-bootstrap-2-InstallSnapshotThread] INFO  utils.BackgroundService (BackgroundService.java:shutdown(163)) - Shutting down service DirectoryDeletingService
2024-07-18 11:33:56,618 [omNode-bootstrap-2-server-thread1] INFO  server.RaftServer$Division (RaftServerImpl.java:checkInconsistentAppendEntries(1629)) - omNode-bootstrap-2@group-0AAC5367B30E: Failed appendEntries as snapshot (0) installation is in progress
2024-07-18 11:33:56,618 [omNode-bootstrap-2-server-thread1] INFO  server.RaftServer$Division (RaftServerImpl.java:appendEntriesAsync(1584)) - omNode-bootstrap-2@group-0AAC5367B30E: appendEntries* reply omNode-1<-omNode-bootstrap-2#230:FAIL-t1,INCONSISTENCY,nextIndex=0,followerCommit=-1,matchIndex=-1
2024-07-18 11:33:56,619 [omNode-bootstrap-2-InstallSnapshotThread] INFO  utils.BackgroundService (BackgroundService.java:shutdown(163)) - Shutting down service OpenKeyCleanupService
2024-07-18 11:33:56,620 [omNode-bootstrap-2-InstallSnapshotThread] INFO  utils.BackgroundService (BackgroundService.java:shutdown(163)) - Shutting down service SstFilteringService
2024-07-18 11:33:56,620 [omNode-bootstrap-2-InstallSnapshotThread] INFO  utils.BackgroundService (BackgroundService.java:shutdown(163)) - Shutting down service SnapshotDeletingService
2024-07-18 11:33:56,620 [grpc-default-executor-0] INFO  impl.SnapshotInstallationHandler (SnapshotInstallationHandler.java:installSnapshot(92)) - omNode-bootstrap-2@group-0AAC5367B30E: receive installSnapshot: omNode-1->omNode-bootstrap-2#0-t1,notify:(t:1, i:0)
2024-07-18 11:33:56,620 [omNode-bootstrap-2-InstallSnapshotThread] INFO  utils.BackgroundService (BackgroundService.java:shutdown(163)) - Shutting down service MultipartUploadCleanupService
2024-07-18 11:33:56,620 [grpc-default-executor-0] INFO  impl.SnapshotInstallationHandler (SnapshotInstallationHandler.java:installSnapshotImpl(138)) - omNode-bootstrap-2@group-0AAC5367B30E: set new configuration configurationEntry {
  peers {
    id: "omNode-3"
    address: "localhost:15023"
    startupRole: FOLLOWER
  }
  peers {
    id: "omNode-1"
    address: "localhost:15015"
    startupRole: FOLLOWER
  }
  peers {
    id: "omNode-2"
    address: "localhost:15019"
    startupRole: FOLLOWER
  }
}
 from snapshot
2024-07-18 11:33:56,620 [omNode-bootstrap-2-InstallSnapshotThread] INFO  utils.BackgroundService (BackgroundService.java:shutdown(163)) - Shutting down service SnapshotDirectoryCleaningService
2024-07-18 11:33:56,620 [grpc-default-executor-0] INFO  server.RaftServer$Division (ServerState.java:setRaftConf(386)) - omNode-bootstrap-2@group-0AAC5367B30E: set configuration conf: {index: 0, cur=peers:[omNode-3|localhost:15023, omNode-1|localhost:15015, omNode-2|localhost:15019]|listeners:[], old=null}
2024-07-18 11:33:56,621 [omNode-bootstrap-2-InstallSnapshotThread] INFO  ratis.OzoneManagerStateMachine (OzoneManagerStateMachine.java:pause(409)) - OzoneManagerStateMachine is pausing
2024-07-18 11:33:56,621 [omNode-bootstrap-2-InstallSnapshotThread] INFO  ratis.OzoneManagerDoubleBuffer (OzoneManagerDoubleBuffer.java:stopDaemon(517)) - Stopping OMDoubleBuffer flush thread
2024-07-18 11:33:56,621 [omNode-bootstrap-2-OMDoubleBufferFlushThread] INFO  ratis.OzoneManagerDoubleBuffer (OzoneManagerDoubleBuffer.java:canFlush(581)) - OMDoubleBuffer flush thread omNode-bootstrap-2-OMDoubleBufferFlushThread is interrupted and will exit.
2024-07-18 11:33:56,622 [omNode-bootstrap-2-InstallSnapshotThread] INFO  ipc.Server (Server.java:stop(3523)) - Stopping server on 15055
2024-07-18 11:33:56,622 [grpc-default-executor-0] INFO  ratis.OzoneManagerStateMachine (OzoneManagerStateMachine.java:notifyConfigurationChanged(216)) - Received Configuration change notification from Ratis. New Peer list:
[id: "omNode-3"
address: "localhost:15023"
startupRole: FOLLOWER
, id: "omNode-1"
address: "localhost:15015"
startupRole: FOLLOWER
, id: "omNode-2"
address: "localhost:15019"
startupRole: FOLLOWER
]
2024-07-18 11:33:56,622 [grpc-default-executor-0] INFO  impl.SnapshotInstallationHandler (SnapshotInstallationHandler.java:installSnapshot(103)) - omNode-bootstrap-2@group-0AAC5367B30E: reply installSnapshot: omNode-1<-omNode-bootstrap-2#0:FAIL-t1,IN_PROGRESS,snapshotIndex=0
2024-07-18 11:33:56,622 [grpc-default-executor-0] INFO  server.GrpcServerProtocolService (GrpcServerProtocolService.java:onCompleted(157)) - omNode-bootstrap-2: Completed INSTALL_SNAPSHOT, lastRequest: omNode-1->omNode-bootstrap-2#0-t1,notify:(t:1, i:0)
2024-07-18 11:33:56,622 [grpc-default-executor-0] INFO  server.GrpcServerProtocolService (GrpcServerProtocolService.java:lambda$onCompleted$5(159)) - omNode-bootstrap-2: Completed INSTALL_SNAPSHOT, lastReply: null
2024-07-18 11:33:56,623 [omNode-bootstrap-2-server-thread1] INFO  server.RaftServer$Division (RaftServerImpl.java:checkInconsistentAppendEntries(1629)) - omNode-bootstrap-2@group-0AAC5367B30E: Failed appendEntries as snapshot (0) installation is in progress
2024-07-18 11:33:56,623 [omNode-bootstrap-2-server-thread1] INFO  server.RaftServer$Division (RaftServerImpl.java:appendEntriesAsync(1584)) - omNode-bootstrap-2@group-0AAC5367B30E: appendEntries* reply omNode-1<-omNode-bootstrap-2#231:FAIL-t1,INCONSISTENCY,nextIndex=0,followerCommit=-1,matchIndex=-1
2024-07-18 11:33:56,624 [grpc-default-executor-5] INFO  impl.SnapshotInstallationHandler (SnapshotInstallationHandler.java:installSnapshot(92)) - omNode-bootstrap-2@group-0AAC5367B30E: receive installSnapshot: omNode-1->omNode-bootstrap-2#0-t1,notify:(t:1, i:0)
2024-07-18 11:33:56,625 [grpc-default-executor-5] INFO  impl.SnapshotInstallationHandler (SnapshotInstallationHandler.java:installSnapshotImpl(138)) - omNode-bootstrap-2@group-0AAC5367B30E: set new configuration configurationEntry {
  peers {
    id: "omNode-3"
    address: "localhost:15023"
    startupRole: FOLLOWER
  }
  peers {
    id: "omNode-1"
    address: "localhost:15015"
    startupRole: FOLLOWER
  }
  peers {
    id: "omNode-2"
    address: "localhost:15019"
    startupRole: FOLLOWER
  }
}
 from snapshot
2024-07-18 11:33:56,625 [grpc-default-executor-5] INFO  server.RaftServer$Division (ServerState.java:setRaftConf(386)) - omNode-bootstrap-2@group-0AAC5367B30E: set configuration conf: {index: 0, cur=peers:[omNode-3|localhost:15023, omNode-1|localhost:15015, omNode-2|localhost:15019]|listeners:[], old=null}
2024-07-18 11:33:56,625 [IPC Server listener on 15055] INFO  ipc.Server (Server.java:run(1434)) - Stopping IPC Server listener on 15055
2024-07-18 11:33:56,626 [IPC Server Responder] INFO  ipc.Server (Server.java:run(1567)) - Stopping IPC Server Responder
2024-07-18 11:33:56,626 [2024-07-18 11:33:56,626 [grpc-default-executor-5] INFO  omNode-bootstrap-2-InstallSnapshotThreadratis.OzoneManagerStateMachine (] INFO  om.OzoneManager (OzoneManager.java:installCheckpoint(3824)) - RPC server is stopped. Spend 5 ms.
OzoneManagerStateMachine.java:notifyConfigurationChanged(216)) - Received Configuration change notification from Ratis. New Peer list:
[id: "omNode-3"
address: "localhost:15023"
startupRole: FOLLOWER
, id: "omNode-1"
address: "localhost:15015"
startupRole: FOLLOWER
, id: "omNode-2"
address: "localhost:15019"
startupRole: FOLLOWER
]
2024-07-18 11:33:56,626 [grpc-default-executor-5] INFO  impl.SnapshotInstallationHandler (SnapshotInstallationHandler.java:installSnapshot(103)) - omNode-bootstrap-2@group-0AAC5367B30E: reply installSnapshot: omNode-1<-omNode-bootstrap-2#0:FAIL-t1,IN_PROGRESS,snapshotIndex=0
2024-07-18 11:33:56,626 [grpc-default-executor-5] INFO  server.GrpcServerProtocolService (GrpcServerProtocolService.java:onCompleted(157)) - omNode-bootstrap-2: Completed INSTALL_SNAPSHOT, lastRequest: omNode-1->omNode-bootstrap-2#0-t1,notify:(t:1, i:0)
2024-07-18 11:33:56,626 [grpc-default-executor-5] INFO  server.GrpcServerProtocolService (GrpcServerProtocolService.java:lambda$onCompleted$5(159)) - omNode-bootstrap-2: Completed INSTALL_SNAPSHOT, lastReply: null
2024-07-18 11:33:56,626 [omNode-bootstrap-2-InstallSnapshotThread] INFO  om.OzoneManager (OzoneManager.java:installCheckpoint(3824)) - RPC server is stopped. Spend 5 ms.
2024-07-18 11:33:56,627 [omNode-bootstrap-2-InstallSnapshotThread] INFO  rocksdiff.RocksDBCheckpointDiffer (RocksDBCheckpointDiffer.java:close(306)) - Shutting down CompactionDagPruningService.
2024-07-18 11:33:56,627 [omNode-bootstrap-2-server-thread1] INFO  server.RaftServer$Division (RaftServerImpl.java:checkInconsistentAppendEntries(1629)) - omNode-bootstrap-2@group-0AAC5367B30E: Failed appendEntries as snapshot (0) installation is in progress
2024-07-18 11:33:56,627 [omNode-bootstrap-2-server-thread1] INFO  server.RaftServer$Division (RaftServerImpl.java:appendEntriesAsync(1584)) - omNode-bootstrap-2@group-0AAC5367B30E: appendEntries* reply omNode-1<-omNode-bootstrap-2#232:FAIL-t1,INCONSISTENCY,nextIndex=0,followerCommit=-1,matchIndex=-1
2024-07-18 11:33:56,628 [grpc-default-executor-3] INFO  impl.SnapshotInstallationHandler (SnapshotInstallationHandler.java:installSnapshot(92)) - omNode-bootstrap-2@group-0AAC5367B30E: receive installSnapshot: omNode-1->omNode-bootstrap-2#0-t1,notify:(t:1, i:0)
2024-07-18 11:33:56,628 [grpc-default-executor-3] INFO  impl.SnapshotInstallationHandler (SnapshotInstallationHandler.java:installSnapshotImpl(138)) - omNode-bootstrap-2@group-0AAC5367B30E: set new configuration configurationEntry {
  peers {
    id: "omNode-3"
    address: "localhost:15023"
    startupRole: FOLLOWER
  }
  peers {
    id: "omNode-1"
    address: "localhost:15015"
    startupRole: FOLLOWER
  }
  peers {
    id: "omNode-2"
    address: "localhost:15019"
    startupRole: FOLLOWER
  }
}
 from snapshot
2024-07-18 11:33:56,628 [grpc-default-executor-3] INFO  server.RaftServer$Division (ServerState.java:setRaftConf(386)) - omNode-bootstrap-2@group-0AAC5367B30E: set configuration conf: {index: 0, cur=peers:[omNode-3|localhost:15023, omNode-1|localhost:15015, omNode-2|localhost:15019]|listeners:[], old=null}
2024-07-18 11:33:56,629 [omNode-bootstrap-2-InstallSnapshotThread] INFO  om.OzoneManager (OzoneManager.java:installCheckpoint(3831)) - metadataManager is stopped. Spend 2 ms.
2024-07-18 11:33:56,630 [grpc-default-executor-3] INFO  ratis.OzoneManagerStateMachine (OzoneManagerStateMachine.java:notifyConfigurationChanged(216)) - Received Configuration change notification from Ratis. New Peer list:
[id: "omNode-3"
address: "localhost:15023"
startupRole: FOLLOWER
, id: "omNode-1"
address: "localhost:15015"
startupRole: FOLLOWER
, id: "omNode-2"
address: "localhost:15019"
startupRole: FOLLOWER
]
2024-07-18 11:33:56,630 [grpc-default-executor-3] INFO  impl.SnapshotInstallationHandler (SnapshotInstallationHandler.java:installSnapshot(103)) - omNode-bootstrap-2@group-0AAC5367B30E: reply installSnapshot: omNode-1<-omNode-bootstrap-2#0:FAIL-t1,IN_PROGRESS,snapshotIndex=0
2024-07-18 11:33:56,630 [grpc-default-executor-3] INFO  server.GrpcServerProtocolService (GrpcServerProtocolService.java:onCompleted(157)) - omNode-bootstrap-2: Completed INSTALL_SNAPSHOT, lastRequest: omNode-1->omNode-bootstrap-2#0-t1,notify:(t:1, i:0)
2024-07-18 11:33:56,630 [grpc-default-executor-3] INFO  server.GrpcServerProtocolService (GrpcServerProtocolService.java:lambda$onCompleted$5(159)) - omNode-bootstrap-2: Completed INSTALL_SNAPSHOT, lastReply: null
2024-07-18 11:33:56,632 [omNode-bootstrap-2-server-thread1] INFO  server.RaftServer$Division (RaftServerImpl.java:checkInconsistentAppendEntries(1629)) - omNode-bootstrap-2@group-0AAC5367B30E: Failed appendEntries as snapshot (0) installation is in progress
2024-07-18 11:33:56,632 [omNode-bootstrap-2-server-thread1] INFO  server.RaftServer$Division (RaftServerImpl.java:appendEntriesAsync(1584)) - omNode-bootstrap-2@group-0AAC5367B30E: appendEntries* reply omNode-1<-omNode-bootstrap-2#233:FAIL-t1,INCONSISTENCY,nextIndex=0,followerCommit=-1,matchIndex=-1
2024-07-18 11:33:56,634 [grpc-default-executor-3] INFO  impl.SnapshotInstallationHandler (SnapshotInstallationHandler.java:installSnapshot(92)) - omNode-bootstrap-2@group-0AAC5367B30E: receive installSnapshot: omNode-1->omNode-bootstrap-2#0-t1,notify:(t:1, i:0)
2024-07-18 11:33:56,634 [grpc-default-executor-3] INFO  impl.SnapshotInstallationHandler (SnapshotInstallationHandler.java:installSnapshotImpl(138)) - omNode-bootstrap-2@group-0AAC5367B30E: set new configuration configurationEntry {
  peers {
    id: "omNode-3"
    address: "localhost:15023"
    startupRole: FOLLOWER
  }
  peers {
    id: "omNode-1"
    address: "localhost:15015"
    startupRole: FOLLOWER
  }
  peers {
    id: "omNode-2"
    address: "localhost:15019"
    startupRole: FOLLOWER
  }
}
 from snapshot
2024-07-18 11:33:56,634 [grpc-default-executor-3] INFO  server.RaftServer$Division (ServerState.java:setRaftConf(386)) - omNode-bootstrap-2@group-0AAC5367B30E: set configuration conf: {index: 0, cur=peers:[omNode-3|localhost:15023, omNode-1|localhost:15015, omNode-2|localhost:15019]|listeners:[], old=null}
2024-07-18 11:33:56,635 [omNode-bootstrap-2-InstallSnapshotThread] INFO  om.OzoneManager (OzoneManager.java:installCheckpoint(3845)) - Replaced DB with checkpoint from OM: omNode-1, term: 1, index: 7, time: 7 ms
2024-07-18 11:33:56,635 [omNode-bootstrap-2-InstallSnapshotThread] INFO  snapshot.SnapshotDiffManager (SnapshotDiffManager.java:closeExecutorService(1657)) - Shutting down executorService: 'SnapDiffExecutor'
2024-07-18 11:33:56,636 [omNode-bootstrap-2-InstallSnapshotThread] INFO  utils.BackgroundService (BackgroundService.java:shutdown(163)) - Shutting down service SnapshotDiffCleanupService
2024-07-18 11:33:56,635 [grpc-default-executor-3] INFO  ratis.OzoneManagerStateMachine (OzoneManagerStateMachine.java:notifyConfigurationChanged(216)) - Received Configuration change notification from Ratis. New Peer list:
[id: "omNode-3"
address: "localhost:15023"
startupRole: FOLLOWER
, id: "omNode-1"
address: "localhost:15015"
startupRole: FOLLOWER
, id: "omNode-2"
address: "localhost:15019"
startupRole: FOLLOWER
]
2024-07-18 11:33:56,636 [grpc-default-executor-3] INFO  impl.SnapshotInstallationHandler (SnapshotInstallationHandler.java:installSnapshot(103)) - omNode-bootstrap-2@group-0AAC5367B30E: reply installSnapshot: omNode-1<-omNode-bootstrap-2#0:FAIL-t1,IN_PROGRESS,snapshotIndex=0
2024-07-18 11:33:56,636 [grpc-default-executor-3] INFO  server.GrpcServerProtocolService (GrpcServerProtocolService.java:onCompleted(157)) - omNode-bootstrap-2: Completed INSTALL_SNAPSHOT, lastRequest: omNode-1->omNode-bootstrap-2#0-t1,notify:(t:1, i:0)
2024-07-18 11:33:56,636 [grpc-default-executor-3] INFO  server.GrpcServerProtocolService (GrpcServerProtocolService.java:lambda$onCompleted$5(159)) - omNode-bootstrap-2: Completed INSTALL_SNAPSHOT, lastReply: null
2024-07-18 11:33:56,637 [omNode-bootstrap-2-InstallSnapshotThread] WARN  server.ServerUtils (ServerUtils.java:getDBPath(299)) - ozone.om.db.dirs is not configured. We recommend adding this setting. Falling back to ozone.metadata.dirs instead.
2024-07-18 11:33:56,637 [omNode-bootstrap-2-server-thread1] INFO  server.RaftServer$Division (RaftServerImpl.java:checkInconsistentAppendEntries(1629)) - omNode-bootstrap-2@group-0AAC5367B30E: Failed appendEntries as snapshot (0) installation is in progress
2024-07-18 11:33:56,637 [omNode-bootstrap-2-server-thread1] INFO  server.RaftServer$Division (RaftServerImpl.java:appendEntriesAsync(1584)) - omNode-bootstrap-2@group-0AAC5367B30E: appendEntries* reply omNode-1<-omNode-bootstrap-2#234:FAIL-t1,INCONSISTENCY,nextIndex=0,followerCommit=-1,matchIndex=-1
2024-07-18 11:33:56,638 [omNode-bootstrap-2-InstallSnapshotThread] INFO  helpers.OmKeyInfo (OmKeyInfo.java:getCodec(72)) - OmKeyInfo.getCodec ignorePipeline = true
2024-07-18 11:33:56,638 [grpc-default-executor-0] INFO  impl.SnapshotInstallationHandler (SnapshotInstallationHandler.java:installSnapshot(92)) - omNode-bootstrap-2@group-0AAC5367B30E: receive installSnapshot: omNode-1->omNode-bootstrap-2#0-t1,notify:(t:1, i:0)
2024-07-18 11:33:56,638 [grpc-default-executor-0] INFO  impl.SnapshotInstallationHandler (SnapshotInstallationHandler.java:installSnapshotImpl(138)) - omNode-bootstrap-2@group-0AAC5367B30E: set new configuration configurationEntry {
  peers {
    id: "omNode-3"
    address: "localhost:15023"
    startupRole: FOLLOWER
  }
  peers {
    id: "omNode-1"
    address: "localhost:15015"
    startupRole: FOLLOWER
  }
  peers {
    id: "omNode-2"
    address: "localhost:15019"
    startupRole: FOLLOWER
  }
}
 from snapshot
2024-07-18 11:33:56,638 [grpc-default-executor-0] INFO  server.RaftServer$Division (ServerState.java:setRaftConf(386)) - omNode-bootstrap-2@group-0AAC5367B30E: set configuration conf: {index: 0, cur=peers:[omNode-3|localhost:15023, omNode-1|localhost:15015, omNode-2|localhost:15019]|listeners:[], old=null}
2024-07-18 11:33:56,639 [grpc-default-executor-0] INFO  ratis.OzoneManagerStateMachine (OzoneManagerStateMachine.java:notifyConfigurationChanged(216)) - Received Configuration change notification from Ratis. New Peer list:
[id: "omNode-3"
address: "localhost:15023"
startupRole: FOLLOWER
, id: "omNode-1"
address: "localhost:15015"
startupRole: FOLLOWER
, id: "omNode-2"
address: "localhost:15019"
startupRole: FOLLOWER
]
2024-07-18 11:33:56,639 [grpc-default-executor-0] INFO  impl.SnapshotInstallationHandler (SnapshotInstallationHandler.java:installSnapshot(103)) - omNode-bootstrap-2@group-0AAC5367B30E: reply installSnapshot: omNode-1<-omNode-bootstrap-2#0:FAIL-t1,IN_PROGRESS,snapshotIndex=0
2024-07-18 11:33:56,640 [grpc-default-executor-0] INFO  server.GrpcServerProtocolService (GrpcServerProtocolService.java:onCompleted(157)) - omNode-bootstrap-2: Completed INSTALL_SNAPSHOT, lastRequest: omNode-1->omNode-bootstrap-2#0-t1,notify:(t:1, i:0)
2024-07-18 11:33:56,640 [grpc-default-executor-0] INFO  server.GrpcServerProtocolService (GrpcServerProtocolService.java:lambda$onCompleted$5(159)) - omNode-bootstrap-2: Completed INSTALL_SNAPSHOT, lastReply: null
2024-07-18 11:33:56,641 [omNode-bootstrap-2-server-thread1] INFO  server.RaftServer$Division (RaftServerImpl.java:checkInconsistentAppendEntries(1629)) - omNode-bootstrap-2@group-0AAC5367B30E: Failed appendEntries as snapshot (0) installation is in progress
2024-07-18 11:33:56,641 [omNode-bootstrap-2-server-thread1] INFO  server.RaftServer$Division (RaftServerImpl.java:appendEntriesAsync(1584)) - omNode-bootstrap-2@group-0AAC5367B30E: appendEntries* reply omNode-1<-omNode-bootstrap-2#235:FAIL-t1,INCONSISTENCY,nextIndex=0,followerCommit=-1,matchIndex=-1
2024-07-18 11:33:56,642 [grpc-default-executor-0] INFO  impl.SnapshotInstallationHandler (SnapshotInstallationHandler.java:installSnapshot(92)) - omNode-bootstrap-2@group-0AAC5367B30E: receive installSnapshot: omNode-1->omNode-bootstrap-2#0-t1,notify:(t:1, i:0)
2024-07-18 11:33:56,642 [grpc-default-executor-0] INFO  impl.SnapshotInstallationHandler (SnapshotInstallationHandler.java:installSnapshotImpl(138)) - omNode-bootstrap-2@group-0AAC5367B30E: set new configuration configurationEntry {
  peers {
    id: "omNode-3"
    address: "localhost:15023"
    startupRole: FOLLOWER
  }
  peers {
    id: "omNode-1"
    address: "localhost:15015"
    startupRole: FOLLOWER
  }
  peers {
    id: "omNode-2"
    address: "localhost:15019"
    startupRole: FOLLOWER
  }
}
 from snapshot
2024-07-18 11:33:56,642 [grpc-default-executor-0] INFO  server.RaftServer$Division (ServerState.java:setRaftConf(386)) - omNode-bootstrap-2@group-0AAC5367B30E: set configuration conf: {index: 0, cur=peers:[omNode-3|localhost:15023, omNode-1|localhost:15015, omNode-2|localhost:15019]|listeners:[], old=null}
2024-07-18 11:33:56,643 [grpc-default-executor-0] INFO  ratis.OzoneManagerStateMachine (OzoneManagerStateMachine.java:notifyConfigurationChanged(216)) - Received Configuration change notification from Ratis. New Peer list:
[id: "omNode-3"
address: "localhost:15023"
startupRole: FOLLOWER
, id: "omNode-1"
address: "localhost:15015"
startupRole: FOLLOWER
, id: "omNode-2"
address: "localhost:15019"
startupRole: FOLLOWER
]
2024-07-18 11:33:56,643 [grpc-default-executor-0] INFO  impl.SnapshotInstallationHandler (SnapshotInstallationHandler.java:installSnapshot(103)) - omNode-bootstrap-2@group-0AAC5367B30E: reply installSnapshot: omNode-1<-omNode-bootstrap-2#0:FAIL-t1,IN_PROGRESS,snapshotIndex=0
2024-07-18 11:33:56,643 [grpc-default-executor-0] INFO  server.GrpcServerProtocolService (GrpcServerProtocolService.java:onCompleted(157)) - omNode-bootstrap-2: Completed INSTALL_SNAPSHOT, lastRequest: omNode-1->omNode-bootstrap-2#0-t1,notify:(t:1, i:0)
2024-07-18 11:33:56,643 [grpc-default-executor-0] INFO  server.GrpcServerProtocolService (GrpcServerProtocolService.java:lambda$onCompleted$5(159)) - omNode-bootstrap-2: Completed INSTALL_SNAPSHOT, lastReply: null
2024-07-18 11:33:56,644 [omNode-bootstrap-2-server-thread1] INFO  server.RaftServer$Division (RaftServerImpl.java:checkInconsistentAppendEntries(1629)) - omNode-bootstrap-2@group-0AAC5367B30E: Failed appendEntries as snapshot (0) installation is in progress
2024-07-18 11:33:56,644 [omNode-bootstrap-2-server-thread1] INFO  server.RaftServer$Division (RaftServerImpl.java:appendEntriesAsync(1584)) - omNode-bootstrap-2@group-0AAC5367B30E: appendEntries* reply omNode-1<-omNode-bootstrap-2#236:FAIL-t1,INCONSISTENCY,nextIndex=0,followerCommit=-1,matchIndex=-1
2024-07-18 11:33:56,646 [grpc-default-executor-5] INFO  impl.SnapshotInstallationHandler (SnapshotInstallationHandler.java:installSnapshot(92)) - omNode-bootstrap-2@group-0AAC5367B30E: receive installSnapshot: omNode-1->omNode-bootstrap-2#0-t1,notify:(t:1, i:0)
2024-07-18 11:33:56,646 [grpc-default-executor-5] INFO  impl.SnapshotInstallationHandler (SnapshotInstallationHandler.java:installSnapshotImpl(138)) - omNode-bootstrap-2@group-0AAC5367B30E: set new configuration configurationEntry {
  peers {
    id: "omNode-3"
    address: "localhost:15023"
    startupRole: FOLLOWER
  }
  peers {
    id: "omNode-1"
    address: "localhost:15015"
    startupRole: FOLLOWER
  }
  peers {
    id: "omNode-2"
    address: "localhost:15019"
    startupRole: FOLLOWER
  }
}
 from snapshot
2024-07-18 11:33:56,646 [grpc-default-executor-5] INFO  server.RaftServer$Division (ServerState.java:setRaftConf(386)) - omNode-bootstrap-2@group-0AAC5367B30E: set configuration conf: {index: 0, cur=peers:[omNode-3|localhost:15023, omNode-1|localhost:15015, omNode-2|localhost:15019]|listeners:[], old=null}
2024-07-18 11:33:56,647 [grpc-default-executor-5] INFO  ratis.OzoneManagerStateMachine (OzoneManagerStateMachine.java:notifyConfigurationChanged(216)) - Received Configuration change notification from Ratis. New Peer list:
[id: "omNode-3"
address: "localhost:15023"
startupRole: FOLLOWER
, id: "omNode-1"
address: "localhost:15015"
startupRole: FOLLOWER
, id: "omNode-2"
address: "localhost:15019"
startupRole: FOLLOWER
]
2024-07-18 11:33:56,647 [grpc-default-executor-5] INFO  impl.SnapshotInstallationHandler (SnapshotInstallationHandler.java:installSnapshot(103)) - omNode-bootstrap-2@group-0AAC5367B30E: reply installSnapshot: omNode-1<-omNode-bootstrap-2#0:FAIL-t1,IN_PROGRESS,snapshotIndex=0
2024-07-18 11:33:56,647 [grpc-default-executor-5] INFO  server.GrpcServerProtocolService (GrpcServerProtocolService.java:onCompleted(157)) - omNode-bootstrap-2: Completed INSTALL_SNAPSHOT, lastRequest: omNode-1->omNode-bootstrap-2#0-t1,notify:(t:1, i:0)
2024-07-18 11:33:56,647 [grpc-default-executor-5] INFO  server.GrpcServerProtocolService (GrpcServerProtocolService.java:lambda$onCompleted$5(159)) - omNode-bootstrap-2: Completed INSTALL_SNAPSHOT, lastReply: null
2024-07-18 11:33:56,648 [omNode-bootstrap-2-server-thread1] INFO  server.RaftServer$Division (RaftServerImpl.java:checkInconsistentAppendEntries(1629)) - omNode-bootstrap-2@group-0AAC5367B30E: Failed appendEntries as snapshot (0) installation is in progress
2024-07-18 11:33:56,648 [omNode-bootstrap-2-server-thread1] INFO  server.RaftServer$Division (RaftServerImpl.java:appendEntriesAsync(1584)) - omNode-bootstrap-2@group-0AAC5367B30E: appendEntries* reply omNode-1<-omNode-bootstrap-2#237:FAIL-t1,INCONSISTENCY,nextIndex=0,followerCommit=-1,matchIndex=-1
2024-07-18 11:33:56,649 [grpc-default-executor-0] INFO  impl.SnapshotInstallationHandler (SnapshotInstallationHandler.java:installSnapshot(92)) - omNode-bootstrap-2@group-0AAC5367B30E: receive installSnapshot: omNode-1->omNode-bootstrap-2#0-t1,notify:(t:1, i:0)
2024-07-18 11:33:56,649 [grpc-default-executor-0] INFO  impl.SnapshotInstallationHandler (SnapshotInstallationHandler.java:installSnapshotImpl(138)) - omNode-bootstrap-2@group-0AAC5367B30E: set new configuration configurationEntry {
  peers {
    id: "omNode-3"
    address: "localhost:15023"
    startupRole: FOLLOWER
  }
  peers {
    id: "omNode-1"
    address: "localhost:15015"
    startupRole: FOLLOWER
  }
  peers {
    id: "omNode-2"
    address: "localhost:15019"
    startupRole: FOLLOWER
  }
}
 from snapshot
2024-07-18 11:33:56,649 [grpc-default-executor-0] INFO  server.RaftServer$Division (ServerState.java:setRaftConf(386)) - omNode-bootstrap-2@group-0AAC5367B30E: set configuration conf: {index: 0, cur=peers:[omNode-3|localhost:15023, omNode-1|localhost:15015, omNode-2|localhost:15019]|listeners:[], old=null}
2024-07-18 11:33:56,651 [grpc-default-executor-0] INFO  ratis.OzoneManagerStateMachine (OzoneManagerStateMachine.java:notifyConfigurationChanged(216)) - Received Configuration change notification from Ratis. New Peer list:
[id: "omNode-3"
address: "localhost:15023"
startupRole: FOLLOWER
, id: "omNode-1"
address: "localhost:15015"
startupRole: FOLLOWER
, id: "omNode-2"
address: "localhost:15019"
startupRole: FOLLOWER
]
2024-07-18 11:33:56,651 [grpc-default-executor-0] INFO  impl.SnapshotInstallationHandler (SnapshotInstallationHandler.java:installSnapshot(103)) - omNode-bootstrap-2@group-0AAC5367B30E: reply installSnapshot: omNode-1<-omNode-bootstrap-2#0:FAIL-t1,IN_PROGRESS,snapshotIndex=0
2024-07-18 11:33:56,651 [grpc-default-executor-0] INFO  server.GrpcServerProtocolService (GrpcServerProtocolService.java:onCompleted(157)) - omNode-bootstrap-2: Completed INSTALL_SNAPSHOT, lastRequest: omNode-1->omNode-bootstrap-2#0-t1,notify:(t:1, i:0)
2024-07-18 11:33:56,651 [grpc-default-executor-0] INFO  server.GrpcServerProtocolService (GrpcServerProtocolService.java:lambda$onCompleted$5(159)) - omNode-bootstrap-2: Completed INSTALL_SNAPSHOT, lastReply: null
2024-07-18 11:33:56,652 [omNode-bootstrap-2-server-thread1] INFO  server.RaftServer$Division (RaftServerImpl.java:checkInconsistentAppendEntries(1629)) - omNode-bootstrap-2@group-0AAC5367B30E: Failed appendEntries as snapshot (0) installation is in progress
2024-07-18 11:33:56,652 [omNode-bootstrap-2-server-thread1] INFO  server.RaftServer$Division (RaftServerImpl.java:appendEntriesAsync(1584)) - omNode-bootstrap-2@group-0AAC5367B30E: appendEntries* reply omNode-1<-omNode-bootstrap-2#238:FAIL-t1,INCONSISTENCY,nextIndex=0,followerCommit=-1,matchIndex=-1
2024-07-18 11:33:56,653 [grpc-default-executor-0] INFO  impl.SnapshotInstallationHandler (SnapshotInstallationHandler.java:installSnapshot(92)) - omNode-bootstrap-2@group-0AAC5367B30E: receive installSnapshot: omNode-1->omNode-bootstrap-2#0-t1,notify:(t:1, i:0)
2024-07-18 11:33:56,653 [grpc-default-executor-0] INFO  impl.SnapshotInstallationHandler (SnapshotInstallationHandler.java:installSnapshotImpl(138)) - omNode-bootstrap-2@group-0AAC5367B30E: set new configuration configurationEntry {
  peers {
    id: "omNode-3"
    address: "localhost:15023"
    startupRole: FOLLOWER
  }
  peers {
    id: "omNode-1"
    address: "localhost:15015"
    startupRole: FOLLOWER
  }
  peers {
    id: "omNode-2"
    address: "localhost:15019"
    startupRole: FOLLOWER
  }
}
 from snapshot
2024-07-18 11:33:56,653 [grpc-default-executor-0] INFO  server.RaftServer$Division (ServerState.java:setRaftConf(386)) - omNode-bootstrap-2@group-0AAC5367B30E: set configuration conf: {index: 0, cur=peers:[omNode-3|localhost:15023, omNode-1|localhost:15015, omNode-2|localhost:15019]|listeners:[], old=null}
2024-07-18 11:33:56,654 [grpc-default-executor-0] INFO  ratis.OzoneManagerStateMachine (OzoneManagerStateMachine.java:notifyConfigurationChanged(216)) - Received Configuration change notification from Ratis. New Peer list:
[id: "omNode-3"
address: "localhost:15023"
startupRole: FOLLOWER
, id: "omNode-1"
address: "localhost:15015"
startupRole: FOLLOWER
, id: "omNode-2"
address: "localhost:15019"
startupRole: FOLLOWER
]
2024-07-18 11:33:56,654 [grpc-default-executor-0] INFO  impl.SnapshotInstallationHandler (SnapshotInstallationHandler.java:installSnapshot(103)) - omNode-bootstrap-2@group-0AAC5367B30E: reply installSnapshot: omNode-1<-omNode-bootstrap-2#0:FAIL-t1,IN_PROGRESS,snapshotIndex=0
2024-07-18 11:33:56,654 [grpc-default-executor-0] INFO  server.GrpcServerProtocolService (GrpcServerProtocolService.java:onCompleted(157)) - omNode-bootstrap-2: Completed INSTALL_SNAPSHOT, lastRequest: omNode-1->omNode-bootstrap-2#0-t1,notify:(t:1, i:0)
2024-07-18 11:33:56,655 [grpc-default-executor-0] INFO  server.GrpcServerProtocolService (GrpcServerProtocolService.java:lambda$onCompleted$5(159)) - omNode-bootstrap-2: Completed INSTALL_SNAPSHOT, lastReply: null
2024-07-18 11:33:56,655 [omNode-bootstrap-2-server-thread1] INFO  server.RaftServer$Division (RaftServerImpl.java:checkInconsistentAppendEntries(1629)) - omNode-bootstrap-2@group-0AAC5367B30E: Failed appendEntries as snapshot (0) installation is in progress
2024-07-18 11:33:56,655 [omNode-bootstrap-2-server-thread1] INFO  server.RaftServer$Division (RaftServerImpl.java:appendEntriesAsync(1584)) - omNode-bootstrap-2@group-0AAC5367B30E: appendEntries* reply omNode-1<-omNode-bootstrap-2#239:FAIL-t1,INCONSISTENCY,nextIndex=0,followerCommit=-1,matchIndex=-1
2024-07-18 11:33:56,656 [grpc-default-executor-3] INFO  impl.SnapshotInstallationHandler (SnapshotInstallationHandler.java:installSnapshot(92)) - omNode-bootstrap-2@group-0AAC5367B30E: receive installSnapshot: omNode-1->omNode-bootstrap-2#0-t1,notify:(t:1, i:0)
2024-07-18 11:33:56,657 [grpc-default-executor-3] INFO  impl.SnapshotInstallationHandler (SnapshotInstallationHandler.java:installSnapshotImpl(138)) - omNode-bootstrap-2@group-0AAC5367B30E: set new configuration configurationEntry {
  peers {
    id: "omNode-3"
    address: "localhost:15023"
    startupRole: FOLLOWER
  }
  peers {
    id: "omNode-1"
    address: "localhost:15015"
    startupRole: FOLLOWER
  }
  peers {
    id: "omNode-2"
    address: "localhost:15019"
    startupRole: FOLLOWER
  }
}
 from snapshot
2024-07-18 11:33:56,657 [grpc-default-executor-3] INFO  server.RaftServer$Division (ServerState.java:setRaftConf(386)) - omNode-bootstrap-2@group-0AAC5367B30E: set configuration conf: {index: 0, cur=peers:[omNode-3|localhost:15023, omNode-1|localhost:15015, omNode-2|localhost:15019]|listeners:[], old=null}
2024-07-18 11:33:56,658 [grpc-default-executor-3] INFO  ratis.OzoneManagerStateMachine (OzoneManagerStateMachine.java:notifyConfigurationChanged(216)) - Received Configuration change notification from Ratis. New Peer list:
[id: "omNode-3"
address: "localhost:15023"
startupRole: FOLLOWER
, id: "omNode-1"
address: "localhost:15015"
startupRole: FOLLOWER
, id: "omNode-2"
address: "localhost:15019"
startupRole: FOLLOWER
]
2024-07-18 11:33:56,658 [grpc-default-executor-3] INFO  impl.SnapshotInstallationHandler (SnapshotInstallationHandler.java:installSnapshot(103)) - omNode-bootstrap-2@group-0AAC5367B30E: reply installSnapshot: omNode-1<-omNode-bootstrap-2#0:FAIL-t1,IN_PROGRESS,snapshotIndex=0
2024-07-18 11:33:56,658 [grpc-default-executor-3] INFO  server.GrpcServerProtocolService (GrpcServerProtocolService.java:onCompleted(157)) - omNode-bootstrap-2: Completed INSTALL_SNAPSHOT, lastRequest: omNode-1->omNode-bootstrap-2#0-t1,notify:(t:1, i:0)
2024-07-18 11:33:56,658 [grpc-default-executor-3] INFO  server.GrpcServerProtocolService (GrpcServerProtocolService.java:lambda$onCompleted$5(159)) - omNode-bootstrap-2: Completed INSTALL_SNAPSHOT, lastReply: null
2024-07-18 11:33:56,660 [grpc-default-executor-3] INFO  impl.SnapshotInstallationHandler (SnapshotInstallationHandler.java:installSnapshot(92)) - omNode-bootstrap-2@group-0AAC5367B30E: receive installSnapshot: omNode-1->omNode-bootstrap-2#0-t1,notify:(t:1, i:0)
2024-07-18 11:33:56,660 [omNode-bootstrap-2-server-thread1] INFO  server.RaftServer$Division (RaftServerImpl.java:checkInconsistentAppendEntries(1629)) - omNode-bootstrap-2@group-0AAC5367B30E: Failed appendEntries as snapshot (0) installation is in progress
2024-07-18 11:33:56,660 [grpc-default-executor-3] INFO  impl.SnapshotInstallationHandler (SnapshotInstallationHandler.java:installSnapshotImpl(138)) - omNode-bootstrap-2@group-0AAC5367B30E: set new configuration configurationEntry {
  peers {
    id: "omNode-3"
    address: "localhost:15023"
    startupRole: FOLLOWER
  }
  peers {
    id: "omNode-1"
    address: "localhost:15015"
    startupRole: FOLLOWER
  }
  peers {
    id: "omNode-2"
    address: "localhost:15019"
    startupRole: FOLLOWER
  }
}
 from snapshot
2024-07-18 11:33:56,660 [grpc-default-executor-3] INFO  server.RaftServer$Division (ServerState.java:setRaftConf(386)) - omNode-bootstrap-2@group-0AAC5367B30E: set configuration conf: {index: 0, cur=peers:[omNode-3|localhost:15023, omNode-1|localhost:15015, omNode-2|localhost:15019]|listeners:[], old=null}
2024-07-18 11:33:56,660 [omNode-bootstrap-2-server-thread1] INFO  server.RaftServer$Division (RaftServerImpl.java:appendEntriesAsync(1584)) - omNode-bootstrap-2@group-0AAC5367B30E: appendEntries* reply omNode-1<-omNode-bootstrap-2#240:FAIL-t1,INCONSISTENCY,nextIndex=0,followerCommit=-1,matchIndex=-1
2024-07-18 11:33:56,663 [grpc-default-executor-3] INFO  ratis.OzoneManagerStateMachine (OzoneManagerStateMachine.java:notifyConfigurationChanged(216)) - Received Configuration change notification from Ratis. New Peer list:
[id: "omNode-3"
address: "localhost:15023"
startupRole: FOLLOWER
, id: "omNode-1"
address: "localhost:15015"
startupRole: FOLLOWER
, id: "omNode-2"
address: "localhost:15019"
startupRole: FOLLOWER
]
2024-07-18 11:33:56,663 [grpc-default-executor-3] INFO  impl.SnapshotInstallationHandler (SnapshotInstallationHandler.java:installSnapshot(103)) - omNode-bootstrap-2@group-0AAC5367B30E: reply installSnapshot: omNode-1<-omNode-bootstrap-2#0:FAIL-t1,IN_PROGRESS,snapshotIndex=0
2024-07-18 11:33:56,663 [grpc-default-executor-3] INFO  server.GrpcServerProtocolService (GrpcServerProtocolService.java:onCompleted(157)) - omNode-bootstrap-2: Completed INSTALL_SNAPSHOT, lastRequest: omNode-1->omNode-bootstrap-2#0-t1,notify:(t:1, i:0)
2024-07-18 11:33:56,663 [grpc-default-executor-3] INFO  server.GrpcServerProtocolService (GrpcServerProtocolService.java:lambda$onCompleted$5(159)) - omNode-bootstrap-2: Completed INSTALL_SNAPSHOT, lastReply: null
2024-07-18 11:33:56,665 [omNode-bootstrap-2-server-thread1] INFO  server.RaftServer$Division (RaftServerImpl.java:checkInconsistentAppendEntries(1629)) - omNode-bootstrap-2@group-0AAC5367B30E: Failed appendEntries as snapshot (0) installation is in progress
2024-07-18 11:33:56,665 [omNode-bootstrap-2-server-thread1] INFO  server.RaftServer$Division (RaftServerImpl.java:appendEntriesAsync(1584)) - omNode-bootstrap-2@group-0AAC5367B30E: appendEntries* reply omNode-1<-omNode-bootstrap-2#241:FAIL-t1,INCONSISTENCY,nextIndex=0,followerCommit=-1,matchIndex=-1
2024-07-18 11:33:56,665 [grpc-default-executor-0] INFO  impl.SnapshotInstallationHandler (SnapshotInstallationHandler.java:installSnapshot(92)) - omNode-bootstrap-2@group-0AAC5367B30E: receive installSnapshot: omNode-1->omNode-bootstrap-2#0-t1,notify:(t:1, i:0)
2024-07-18 11:33:56,666 [grpc-default-executor-0] INFO  impl.SnapshotInstallationHandler (SnapshotInstallationHandler.java:installSnapshotImpl(138)) - omNode-bootstrap-2@group-0AAC5367B30E: set new configuration configurationEntry {
  peers {
    id: "omNode-3"
    address: "localhost:15023"
    startupRole: FOLLOWER
  }
  peers {
    id: "omNode-1"
    address: "localhost:15015"
    startupRole: FOLLOWER
  }
  peers {
    id: "omNode-2"
    address: "localhost:15019"
    startupRole: FOLLOWER
  }
}
 from snapshot
2024-07-18 11:33:56,666 [grpc-default-executor-0] INFO  server.RaftServer$Division (ServerState.java:setRaftConf(386)) - omNode-bootstrap-2@group-0AAC5367B30E: set configuration conf: {index: 0, cur=peers:[omNode-3|localhost:15023, omNode-1|localhost:15015, omNode-2|localhost:15019]|listeners:[], old=null}
2024-07-18 11:33:56,667 [grpc-default-executor-0] INFO  ratis.OzoneManagerStateMachine (OzoneManagerStateMachine.java:notifyConfigurationChanged(216)) - Received Configuration change notification from Ratis. New Peer list:
[id: "omNode-3"
address: "localhost:15023"
startupRole: FOLLOWER
, id: "omNode-1"
address: "localhost:15015"
startupRole: FOLLOWER
, id: "omNode-2"
address: "localhost:15019"
startupRole: FOLLOWER
]
2024-07-18 11:33:56,667 [grpc-default-executor-0] INFO  impl.SnapshotInstallationHandler (SnapshotInstallationHandler.java:installSnapshot(103)) - omNode-bootstrap-2@group-0AAC5367B30E: reply installSnapshot: omNode-1<-omNode-bootstrap-2#0:FAIL-t1,IN_PROGRESS,snapshotIndex=0
2024-07-18 11:33:56,667 [grpc-default-executor-0] INFO  server.GrpcServerProtocolService (GrpcServerProtocolService.java:onCompleted(157)) - omNode-bootstrap-2: Completed INSTALL_SNAPSHOT, lastRequest: omNode-1->omNode-bootstrap-2#0-t1,notify:(t:1, i:0)
2024-07-18 11:33:56,667 [grpc-default-executor-0] INFO  server.GrpcServerProtocolService (GrpcServerProtocolService.java:lambda$onCompleted$5(159)) - omNode-bootstrap-2: Completed INSTALL_SNAPSHOT, lastReply: null
2024-07-18 11:33:56,671 [grpc-default-executor-5] INFO  impl.SnapshotInstallationHandler (SnapshotInstallationHandler.java:installSnapshot(92)) - omNode-bootstrap-2@group-0AAC5367B30E: receive installSnapshot: omNode-1->omNode-bootstrap-2#0-t1,notify:(t:1, i:0)
2024-07-18 11:33:56,671 [grpc-default-executor-5] INFO  impl.SnapshotInstallationHandler (SnapshotInstallationHandler.java:installSnapshotImpl(138)) - omNode-bootstrap-2@group-0AAC5367B30E: set new configuration configurationEntry {
  peers {
    id: "omNode-3"
    address: "localhost:15023"
    startupRole: FOLLOWER
  }
  peers {
    id: "omNode-1"
    address: "localhost:15015"
    startupRole: FOLLOWER
  }
  peers {
    id: "omNode-2"
    address: "localhost:15019"
    startupRole: FOLLOWER
  }
}
 from snapshot
2024-07-18 11:33:56,671 [grpc-default-executor-5] INFO  server.RaftServer$Division (ServerState.java:setRaftConf(386)) - omNode-bootstrap-2@group-0AAC5367B30E: set configuration conf: {index: 0, cur=peers:[omNode-3|localhost:15023, omNode-1|localhost:15015, omNode-2|localhost:15019]|listeners:[], old=null}
2024-07-18 11:33:56,671 [omNode-bootstrap-2-server-thread1] INFO  server.RaftServer$Division (RaftServerImpl.java:checkInconsistentAppendEntries(1629)) - omNode-bootstrap-2@group-0AAC5367B30E: Failed appendEntries as snapshot (0) installation is in progress
2024-07-18 11:33:56,672 [omNode-bootstrap-2-server-thread1] INFO  server.RaftServer$Division (RaftServerImpl.java:appendEntriesAsync(1584)) - omNode-bootstrap-2@group-0AAC5367B30E: appendEntries* reply omNode-1<-omNode-bootstrap-2#242:FAIL-t1,INCONSISTENCY,nextIndex=0,followerCommit=-1,matchIndex=-1
2024-07-18 11:33:56,672 [grpc-default-executor-5] INFO  ratis.OzoneManagerStateMachine (OzoneManagerStateMachine.java:notifyConfigurationChanged(216)) - Received Configuration change notification from Ratis. New Peer list:
[id: "omNode-3"
address: "localhost:15023"
startupRole: FOLLOWER
, id: "omNode-1"
address: "localhost:15015"
startupRole: FOLLOWER
, id: "omNode-2"
address: "localhost:15019"
startupRole: FOLLOWER
]
2024-07-18 11:33:56,672 [grpc-default-executor-5] INFO  impl.SnapshotInstallationHandler (SnapshotInstallationHandler.java:installSnapshot(103)) - omNode-bootstrap-2@group-0AAC5367B30E: reply installSnapshot: omNode-1<-omNode-bootstrap-2#0:FAIL-t1,IN_PROGRESS,snapshotIndex=0
2024-07-18 11:33:56,673 [grpc-default-executor-5] INFO  server.GrpcServerProtocolService (GrpcServerProtocolService.java:onCompleted(157)) - omNode-bootstrap-2: Completed INSTALL_SNAPSHOT, lastRequest: omNode-1->omNode-bootstrap-2#0-t1,notify:(t:1, i:0)
2024-07-18 11:33:56,673 [grpc-default-executor-5] INFO  server.GrpcServerProtocolService (GrpcServerProtocolService.java:lambda$onCompleted$5(159)) - omNode-bootstrap-2: Completed INSTALL_SNAPSHOT, lastReply: null
2024-07-18 11:33:56,674 [grpc-default-executor-0] INFO  impl.SnapshotInstallationHandler (SnapshotInstallationHandler.java:installSnapshot(92)) - omNode-bootstrap-2@group-0AAC5367B30E: receive installSnapshot: omNode-1->omNode-bootstrap-2#0-t1,notify:(t:1, i:0)
2024-07-18 11:33:56,674 [grpc-default-executor-0] INFO  impl.SnapshotInstallationHandler (SnapshotInstallationHandler.java:installSnapshotImpl(138)) - omNode-bootstrap-2@group-0AAC5367B30E: set new configuration configurationEntry {
  peers {
    id: "omNode-3"
    address: "localhost:15023"
    startupRole: FOLLOWER
  }
  peers {
    id: "omNode-1"
    address: "localhost:15015"
    startupRole: FOLLOWER
  }
  peers {
    id: "omNode-2"
    address: "localhost:15019"
    startupRole: FOLLOWER
  }
}
 from snapshot
2024-07-18 11:33:56,674 [grpc-default-executor-0] INFO  server.RaftServer$Division (ServerState.java:setRaftConf(386)) - omNode-bootstrap-2@group-0AAC5367B30E: set configuration conf: {index: 0, cur=peers:[omNode-3|localhost:15023, omNode-1|localhost:15015, omNode-2|localhost:15019]|listeners:[], old=null}
2024-07-18 11:33:56,675 [omNode-bootstrap-2-server-thread1] INFO  server.RaftServer$Division (RaftServerImpl.java:checkInconsistentAppendEntries(1629)) - omNode-bootstrap-2@group-0AAC5367B30E: Failed appendEntries as snapshot (0) installation is in progress
2024-07-18 11:33:56,675 [omNode-bootstrap-2-server-thread1] INFO  server.RaftServer$Division (RaftServerImpl.java:appendEntriesAsync(1584)) - omNode-bootstrap-2@group-0AAC5367B30E: appendEntries* reply omNode-1<-omNode-bootstrap-2#243:FAIL-t1,INCONSISTENCY,nextIndex=0,followerCommit=-1,matchIndex=-1
2024-07-18 11:33:56,676 [grpc-default-executor-0] INFO  ratis.OzoneManagerStateMachine (OzoneManagerStateMachine.java:notifyConfigurationChanged(216)) - Received Configuration change notification from Ratis. New Peer list:
[id: "omNode-3"
address: "localhost:15023"
startupRole: FOLLOWER
, id: "omNode-1"
address: "localhost:15015"
startupRole: FOLLOWER
, id: "omNode-2"
address: "localhost:15019"
startupRole: FOLLOWER
]
2024-07-18 11:33:56,676 [grpc-default-executor-0] INFO  impl.SnapshotInstallationHandler (SnapshotInstallationHandler.java:installSnapshot(103)) - omNode-bootstrap-2@group-0AAC5367B30E: reply installSnapshot: omNode-1<-omNode-bootstrap-2#0:FAIL-t1,IN_PROGRESS,snapshotIndex=0
2024-07-18 11:33:56,676 [grpc-default-executor-0] INFO  server.GrpcServerProtocolService (GrpcServerProtocolService.java:onCompleted(157)) - omNode-bootstrap-2: Completed INSTALL_SNAPSHOT, lastRequest: omNode-1->omNode-bootstrap-2#0-t1,notify:(t:1, i:0)
2024-07-18 11:33:56,676 [grpc-default-executor-0] INFO  server.GrpcServerProtocolService (GrpcServerProtocolService.java:lambda$onCompleted$5(159)) - omNode-bootstrap-2: Completed INSTALL_SNAPSHOT, lastReply: null
2024-07-18 11:33:56,677 [omNode-bootstrap-2-server-thread1] INFO  server.RaftServer$Division (RaftServerImpl.java:checkInconsistentAppendEntries(1629)) - omNode-bootstrap-2@group-0AAC5367B30E: Failed appendEntries as snapshot (0) installation is in progress
2024-07-18 11:33:56,677 [omNode-bootstrap-2-server-thread1] INFO  server.RaftServer$Division (RaftServerImpl.java:appendEntriesAsync(1584)) - omNode-bootstrap-2@group-0AAC5367B30E: appendEntries* reply omNode-1<-omNode-bootstrap-2#244:FAIL-t1,INCONSISTENCY,nextIndex=0,followerCommit=-1,matchIndex=-1
2024-07-18 11:33:56,678 [grpc-default-executor-5] INFO  impl.SnapshotInstallationHandler (SnapshotInstallationHandler.java:installSnapshot(92)) - omNode-bootstrap-2@group-0AAC5367B30E: receive installSnapshot: omNode-1->omNode-bootstrap-2#0-t1,notify:(t:1, i:0)
2024-07-18 11:33:56,678 [grpc-default-executor-5] INFO  impl.SnapshotInstallationHandler (SnapshotInstallationHandler.java:installSnapshotImpl(138)) - omNode-bootstrap-2@group-0AAC5367B30E: set new configuration configurationEntry {
  peers {
    id: "omNode-3"
    address: "localhost:15023"
    startupRole: FOLLOWER
  }
  peers {
    id: "omNode-1"
    address: "localhost:15015"
    startupRole: FOLLOWER
  }
  peers {
    id: "omNode-2"
    address: "localhost:15019"
    startupRole: FOLLOWER
  }
}
 from snapshot
2024-07-18 11:33:56,678 [grpc-default-executor-5] INFO  server.RaftServer$Division (ServerState.java:setRaftConf(386)) - omNode-bootstrap-2@group-0AAC5367B30E: set configuration conf: {index: 0, cur=peers:[omNode-3|localhost:15023, omNode-1|localhost:15015, omNode-2|localhost:15019]|listeners:[], old=null}
2024-07-18 11:33:56,679 [grpc-default-executor-5] INFO  ratis.OzoneManagerStateMachine (OzoneManagerStateMachine.java:notifyConfigurationChanged(216)) - Received Configuration change notification from Ratis. New Peer list:
[id: "omNode-3"
address: "localhost:15023"
startupRole: FOLLOWER
, id: "omNode-1"
address: "localhost:15015"
startupRole: FOLLOWER
, id: "omNode-2"
address: "localhost:15019"
startupRole: FOLLOWER
]
2024-07-18 11:33:56,679 [grpc-default-executor-5] INFO  impl.SnapshotInstallationHandler (SnapshotInstallationHandler.java:installSnapshot(103)) - omNode-bootstrap-2@group-0AAC5367B30E: reply installSnapshot: omNode-1<-omNode-bootstrap-2#0:FAIL-t1,IN_PROGRESS,snapshotIndex=0
2024-07-18 11:33:56,680 [grpc-default-executor-5] INFO  server.GrpcServerProtocolService (GrpcServerProtocolService.java:onCompleted(157)) - omNode-bootstrap-2: Completed INSTALL_SNAPSHOT, lastRequest: omNode-1->omNode-bootstrap-2#0-t1,notify:(t:1, i:0)
2024-07-18 11:33:56,680 [grpc-default-executor-5] INFO  server.GrpcServerProtocolService (GrpcServerProtocolService.java:lambda$onCompleted$5(159)) - omNode-bootstrap-2: Completed INSTALL_SNAPSHOT, lastReply: null
2024-07-18 11:33:56,681 [omNode-bootstrap-2-server-thread1] INFO  server.RaftServer$Division (RaftServerImpl.java:checkInconsistentAppendEntries(1629)) - omNode-bootstrap-2@group-0AAC5367B30E: Failed appendEntries as snapshot (0) installation is in progress
2024-07-18 11:33:56,681 [omNode-bootstrap-2-server-thread1] INFO  server.RaftServer$Division (RaftServerImpl.java:appendEntriesAsync(1584)) - omNode-bootstrap-2@group-0AAC5367B30E: appendEntries* reply omNode-1<-omNode-bootstrap-2#245:FAIL-t1,INCONSISTENCY,nextIndex=0,followerCommit=-1,matchIndex=-1
2024-07-18 11:33:56,682 [grpc-default-executor-0] INFO  impl.SnapshotInstallationHandler (SnapshotInstallationHandler.java:installSnapshot(92)) - omNode-bootstrap-2@group-0AAC5367B30E: receive installSnapshot: omNode-1->omNode-bootstrap-2#0-t1,notify:(t:1, i:0)
2024-07-18 11:33:56,682 [grpc-default-executor-0] INFO  impl.SnapshotInstallationHandler (SnapshotInstallationHandler.java:installSnapshotImpl(138)) - omNode-bootstrap-2@group-0AAC5367B30E: set new configuration configurationEntry {
  peers {
    id: "omNode-3"
    address: "localhost:15023"
    startupRole: FOLLOWER
  }
  peers {
    id: "omNode-1"
    address: "localhost:15015"
    startupRole: FOLLOWER
  }
  peers {
    id: "omNode-2"
    address: "localhost:15019"
    startupRole: FOLLOWER
  }
}
 from snapshot
2024-07-18 11:33:56,682 [grpc-default-executor-0] INFO  server.RaftServer$Division (ServerState.java:setRaftConf(386)) - omNode-bootstrap-2@group-0AAC5367B30E: set configuration conf: {index: 0, cur=peers:[omNode-3|localhost:15023, omNode-1|localhost:15015, omNode-2|localhost:15019]|listeners:[], old=null}
2024-07-18 11:33:56,683 [grpc-default-executor-0] INFO  ratis.OzoneManagerStateMachine (OzoneManagerStateMachine.java:notifyConfigurationChanged(216)) - Received Configuration change notification from Ratis. New Peer list:
[id: "omNode-3"
address: "localhost:15023"
startupRole: FOLLOWER
, id: "omNode-1"
address: "localhost:15015"
startupRole: FOLLOWER
, id: "omNode-2"
address: "localhost:15019"
startupRole: FOLLOWER
]
2024-07-18 11:33:56,683 [grpc-default-executor-0] INFO  impl.SnapshotInstallationHandler (SnapshotInstallationHandler.java:installSnapshot(103)) - omNode-bootstrap-2@group-0AAC5367B30E: reply installSnapshot: omNode-1<-omNode-bootstrap-2#0:FAIL-t1,IN_PROGRESS,snapshotIndex=0
2024-07-18 11:33:56,683 [grpc-default-executor-0] INFO  server.GrpcServerProtocolService (GrpcServerProtocolService.java:onCompleted(157)) - omNode-bootstrap-2: Completed INSTALL_SNAPSHOT, lastRequest: omNode-1->omNode-bootstrap-2#0-t1,notify:(t:1, i:0)
2024-07-18 11:33:56,683 [grpc-default-executor-0] INFO  server.GrpcServerProtocolService (GrpcServerProtocolService.java:lambda$onCompleted$5(159)) - omNode-bootstrap-2: Completed INSTALL_SNAPSHOT, lastReply: null
2024-07-18 11:33:56,685 [omNode-bootstrap-2-server-thread1] INFO  server.RaftServer$Division (RaftServerImpl.java:checkInconsistentAppendEntries(1629)) - omNode-bootstrap-2@group-0AAC5367B30E: Failed appendEntries as snapshot (0) installation is in progress
2024-07-18 11:33:56,685 [omNode-bootstrap-2-server-thread1] INFO  server.RaftServer$Division (RaftServerImpl.java:appendEntriesAsync(1584)) - omNode-bootstrap-2@group-0AAC5367B30E: appendEntries* reply omNode-1<-omNode-bootstrap-2#246:FAIL-t1,INCONSISTENCY,nextIndex=0,followerCommit=-1,matchIndex=-1
2024-07-18 11:33:56,685 [grpc-default-executor-5] INFO  impl.SnapshotInstallationHandler (SnapshotInstallationHandler.java:installSnapshot(92)) - omNode-bootstrap-2@group-0AAC5367B30E: receive installSnapshot: omNode-1->omNode-bootstrap-2#0-t1,notify:(t:1, i:0)
2024-07-18 11:33:56,685 [grpc-default-executor-5] INFO  impl.SnapshotInstallationHandler (SnapshotInstallationHandler.java:installSnapshotImpl(138)) - omNode-bootstrap-2@group-0AAC5367B30E: set new configuration configurationEntry {
  peers {
    id: "omNode-3"
    address: "localhost:15023"
    startupRole: FOLLOWER
  }
  peers {
    id: "omNode-1"
    address: "localhost:15015"
    startupRole: FOLLOWER
  }
  peers {
    id: "omNode-2"
    address: "localhost:15019"
    startupRole: FOLLOWER
  }
}
 from snapshot
2024-07-18 11:33:56,685 [grpc-default-executor-5] INFO  server.RaftServer$Division (ServerState.java:setRaftConf(386)) - omNode-bootstrap-2@group-0AAC5367B30E: set configuration conf: {index: 0, cur=peers:[omNode-3|localhost:15023, omNode-1|localhost:15015, omNode-2|localhost:15019]|listeners:[], old=null}
2024-07-18 11:33:56,687 [grpc-default-executor-5] INFO  ratis.OzoneManagerStateMachine (OzoneManagerStateMachine.java:notifyConfigurationChanged(216)) - Received Configuration change notification from Ratis. New Peer list:
[id: "omNode-3"
address: "localhost:15023"
startupRole: FOLLOWER
, id: "omNode-1"
address: "localhost:15015"
startupRole: FOLLOWER
, id: "omNode-2"
address: "localhost:15019"
startupRole: FOLLOWER
]
2024-07-18 11:33:56,687 [grpc-default-executor-5] INFO  impl.SnapshotInstallationHandler (SnapshotInstallationHandler.java:installSnapshot(103)) - omNode-bootstrap-2@group-0AAC5367B30E: reply installSnapshot: omNode-1<-omNode-bootstrap-2#0:FAIL-t1,IN_PROGRESS,snapshotIndex=0
2024-07-18 11:33:56,687 [grpc-default-executor-5] INFO  server.GrpcServerProtocolService (GrpcServerProtocolService.java:onCompleted(157)) - omNode-bootstrap-2: Completed INSTALL_SNAPSHOT, lastRequest: omNode-1->omNode-bootstrap-2#0-t1,notify:(t:1, i:0)
2024-07-18 11:33:56,687 [grpc-default-executor-5] INFO  server.GrpcServerProtocolService (GrpcServerProtocolService.java:lambda$onCompleted$5(159)) - omNode-bootstrap-2: Completed INSTALL_SNAPSHOT, lastReply: null
2024-07-18 11:33:56,688 [omNode-bootstrap-2-server-thread1] INFO  server.RaftServer$Division (RaftServerImpl.java:checkInconsistentAppendEntries(1629)) - omNode-bootstrap-2@group-0AAC5367B30E: Failed appendEntries as snapshot (0) installation is in progress
2024-07-18 11:33:56,688 [omNode-bootstrap-2-server-thread1] INFO  server.RaftServer$Division (RaftServerImpl.java:appendEntriesAsync(1584)) - omNode-bootstrap-2@group-0AAC5367B30E: appendEntries* reply omNode-1<-omNode-bootstrap-2#247:FAIL-t1,INCONSISTENCY,nextIndex=0,followerCommit=-1,matchIndex=-1
2024-07-18 11:33:56,689 [grpc-default-executor-0] INFO  impl.SnapshotInstallationHandler (SnapshotInstallationHandler.java:installSnapshot(92)) - omNode-bootstrap-2@group-0AAC5367B30E: receive installSnapshot: omNode-1->omNode-bootstrap-2#0-t1,notify:(t:1, i:0)
2024-07-18 11:33:56,689 [grpc-default-executor-0] INFO  impl.SnapshotInstallationHandler (SnapshotInstallationHandler.java:installSnapshotImpl(138)) - omNode-bootstrap-2@group-0AAC5367B30E: set new configuration configurationEntry {
  peers {
    id: "omNode-3"
    address: "localhost:15023"
    startupRole: FOLLOWER
  }
  peers {
    id: "omNode-1"
    address: "localhost:15015"
    startupRole: FOLLOWER
  }
  peers {
    id: "omNode-2"
    address: "localhost:15019"
    startupRole: FOLLOWER
  }
}
 from snapshot
2024-07-18 11:33:56,689 [grpc-default-executor-0] INFO  server.RaftServer$Division (ServerState.java:setRaftConf(386)) - omNode-bootstrap-2@group-0AAC5367B30E: set configuration conf: {index: 0, cur=peers:[omNode-3|localhost:15023, omNode-1|localhost:15015, omNode-2|localhost:15019]|listeners:[], old=null}
2024-07-18 11:33:56,690 [grpc-default-executor-0] INFO  ratis.OzoneManagerStateMachine (OzoneManagerStateMachine.java:notifyConfigurationChanged(216)) - Received Configuration change notification from Ratis. New Peer list:
[id: "omNode-3"
address: "localhost:15023"
startupRole: FOLLOWER
, id: "omNode-1"
address: "localhost:15015"
startupRole: FOLLOWER
, id: "omNode-2"
address: "localhost:15019"
startupRole: FOLLOWER
]
2024-07-18 11:33:56,690 [grpc-default-executor-0] INFO  impl.SnapshotInstallationHandler (SnapshotInstallationHandler.java:installSnapshot(103)) - omNode-bootstrap-2@group-0AAC5367B30E: reply installSnapshot: omNode-1<-omNode-bootstrap-2#0:FAIL-t1,IN_PROGRESS,snapshotIndex=0
2024-07-18 11:33:56,690 [grpc-default-executor-0] INFO  server.GrpcServerProtocolService (GrpcServerProtocolService.java:onCompleted(157)) - omNode-bootstrap-2: Completed INSTALL_SNAPSHOT, lastRequest: omNode-1->omNode-bootstrap-2#0-t1,notify:(t:1, i:0)
2024-07-18 11:33:56,691 [grpc-default-executor-0] INFO  server.GrpcServerProtocolService (GrpcServerProtocolService.java:lambda$onCompleted$5(159)) - omNode-bootstrap-2: Completed INSTALL_SNAPSHOT, lastReply: null
2024-07-18 11:33:56,691 [omNode-bootstrap-2-server-thread1] INFO  server.RaftServer$Division (RaftServerImpl.java:checkInconsistentAppendEntries(1629)) - omNode-bootstrap-2@group-0AAC5367B30E: Failed appendEntries as snapshot (0) installation is in progress
2024-07-18 11:33:56,691 [omNode-bootstrap-2-server-thread1] INFO  server.RaftServer$Division (RaftServerImpl.java:appendEntriesAsync(1584)) - omNode-bootstrap-2@group-0AAC5367B30E: appendEntries* reply omNode-1<-omNode-bootstrap-2#248:FAIL-t1,INCONSISTENCY,nextIndex=0,followerCommit=-1,matchIndex=-1
2024-07-18 11:33:56,692 [grpc-default-executor-0] INFO  impl.SnapshotInstallationHandler (SnapshotInstallationHandler.java:installSnapshot(92)) - omNode-bootstrap-2@group-0AAC5367B30E: receive installSnapshot: omNode-1->omNode-bootstrap-2#0-t1,notify:(t:1, i:0)
2024-07-18 11:33:56,693 [grpc-default-executor-0] INFO  impl.SnapshotInstallationHandler (SnapshotInstallationHandler.java:installSnapshotImpl(138)) - omNode-bootstrap-2@group-0AAC5367B30E: set new configuration configurationEntry {
  peers {
    id: "omNode-3"
    address: "localhost:15023"
    startupRole: FOLLOWER
  }
  peers {
    id: "omNode-1"
    address: "localhost:15015"
    startupRole: FOLLOWER
  }
  peers {
    id: "omNode-2"
    address: "localhost:15019"
    startupRole: FOLLOWER
  }
}
 from snapshot
2024-07-18 11:33:56,693 [grpc-default-executor-0] INFO  server.RaftServer$Division (ServerState.java:setRaftConf(386)) - omNode-bootstrap-2@group-0AAC5367B30E: set configuration conf: {index: 0, cur=peers:[omNode-3|localhost:15023, omNode-1|localhost:15015, omNode-2|localhost:15019]|listeners:[], old=null}
2024-07-18 11:33:56,694 [grpc-default-executor-0] INFO  ratis.OzoneManagerStateMachine (OzoneManagerStateMachine.java:notifyConfigurationChanged(216)) - Received Configuration change notification from Ratis. New Peer list:
[id: "omNode-3"
address: "localhost:15023"
startupRole: FOLLOWER
, id: "omNode-1"
address: "localhost:15015"
startupRole: FOLLOWER
, id: "omNode-2"
address: "localhost:15019"
startupRole: FOLLOWER
]
2024-07-18 11:33:56,694 [grpc-default-executor-0] INFO  impl.SnapshotInstallationHandler (SnapshotInstallationHandler.java:installSnapshot(103)) - omNode-bootstrap-2@group-0AAC5367B30E: reply installSnapshot: omNode-1<-omNode-bootstrap-2#0:FAIL-t1,IN_PROGRESS,snapshotIndex=0
2024-07-18 11:33:56,694 [grpc-default-executor-0] INFO  server.GrpcServerProtocolService (GrpcServerProtocolService.java:onCompleted(157)) - omNode-bootstrap-2: Completed INSTALL_SNAPSHOT, lastRequest: omNode-1->omNode-bootstrap-2#0-t1,notify:(t:1, i:0)
2024-07-18 11:33:56,694 [grpc-default-executor-0] INFO  server.GrpcServerProtocolService (GrpcServerProtocolService.java:lambda$onCompleted$5(159)) - omNode-bootstrap-2: Completed INSTALL_SNAPSHOT, lastReply: null
2024-07-18 11:33:56,695 [grpc-default-executor-5] INFO  impl.SnapshotInstallationHandler (SnapshotInstallationHandler.java:installSnapshot(92)) - omNode-bootstrap-2@group-0AAC5367B30E: receive installSnapshot: omNode-1->omNode-bootstrap-2#0-t1,notify:(t:1, i:0)
2024-07-18 11:33:56,695 [grpc-default-executor-5] INFO  impl.SnapshotInstallationHandler (SnapshotInstallationHandler.java:installSnapshotImpl(138)) - omNode-bootstrap-2@group-0AAC5367B30E: set new configuration configurationEntry {
  peers {
    id: "omNode-3"
    address: "localhost:15023"
    startupRole: FOLLOWER
  }
  peers {
    id: "omNode-1"
    address: "localhost:15015"
    startupRole: FOLLOWER
  }
  peers {
    id: "omNode-2"
    address: "localhost:15019"
    startupRole: FOLLOWER
  }
}
 from snapshot
2024-07-18 11:33:56,695 [grpc-default-executor-5] INFO  server.RaftServer$Division (ServerState.java:setRaftConf(386)) - omNode-bootstrap-2@group-0AAC5367B30E: set configuration conf: {index: 0, cur=peers:[omNode-3|localhost:15023, omNode-1|localhost:15015, omNode-2|localhost:15019]|listeners:[], old=null}
2024-07-18 11:33:56,696 [omNode-bootstrap-2-server-thread1] INFO  server.RaftServer$Division (RaftServerImpl.java:checkInconsistentAppendEntries(1629)) - omNode-bootstrap-2@group-0AAC5367B30E: Failed appendEntries as snapshot (0) installation is in progress
2024-07-18 11:33:56,696 [omNode-bootstrap-2-server-thread1] INFO  server.RaftServer$Division (RaftServerImpl.java:appendEntriesAsync(1584)) - omNode-bootstrap-2@group-0AAC5367B30E: appendEntries* reply omNode-1<-omNode-bootstrap-2#249:FAIL-t1,INCONSISTENCY,nextIndex=0,followerCommit=-1,matchIndex=-1
2024-07-18 11:33:56,697 [grpc-default-executor-5] INFO  ratis.OzoneManagerStateMachine (OzoneManagerStateMachine.java:notifyConfigurationChanged(216)) - Received Configuration change notification from Ratis. New Peer list:
[id: "omNode-3"
address: "localhost:15023"
startupRole: FOLLOWER
, id: "omNode-1"
address: "localhost:15015"
startupRole: FOLLOWER
, id: "omNode-2"
address: "localhost:15019"
startupRole: FOLLOWER
]
2024-07-18 11:33:56,697 [grpc-default-executor-5] INFO  impl.SnapshotInstallationHandler (SnapshotInstallationHandler.java:installSnapshot(103)) - omNode-bootstrap-2@group-0AAC5367B30E: reply installSnapshot: omNode-1<-omNode-bootstrap-2#0:FAIL-t1,IN_PROGRESS,snapshotIndex=0
2024-07-18 11:33:56,697 [grpc-default-executor-5] INFO  server.GrpcServerProtocolService (GrpcServerProtocolService.java:onCompleted(157)) - omNode-bootstrap-2: Completed INSTALL_SNAPSHOT, lastRequest: omNode-1->omNode-bootstrap-2#0-t1,notify:(t:1, i:0)
2024-07-18 11:33:56,697 [grpc-default-executor-5] INFO  server.GrpcServerProtocolService (GrpcServerProtocolService.java:lambda$onCompleted$5(159)) - omNode-bootstrap-2: Completed INSTALL_SNAPSHOT, lastReply: null
2024-07-18 11:33:56,698 [omNode-bootstrap-2-server-thread1] INFO  server.RaftServer$Division (RaftServerImpl.java:checkInconsistentAppendEntries(1629)) - omNode-bootstrap-2@group-0AAC5367B30E: Failed appendEntries as snapshot (0) installation is in progress
2024-07-18 11:33:56,698 [omNode-bootstrap-2-server-thread1] INFO  server.RaftServer$Division (RaftServerImpl.java:appendEntriesAsync(1584)) - omNode-bootstrap-2@group-0AAC5367B30E: appendEntries* reply omNode-1<-omNode-bootstrap-2#250:FAIL-t1,INCONSISTENCY,nextIndex=0,followerCommit=-1,matchIndex=-1
2024-07-18 11:33:56,700 [grpc-default-executor-5] INFO  impl.SnapshotInstallationHandler (SnapshotInstallationHandler.java:installSnapshot(92)) - omNode-bootstrap-2@group-0AAC5367B30E: receive installSnapshot: omNode-1->omNode-bootstrap-2#0-t1,notify:(t:1, i:0)
2024-07-18 11:33:56,700 [grpc-default-executor-5] INFO  impl.SnapshotInstallationHandler (SnapshotInstallationHandler.java:installSnapshotImpl(138)) - omNode-bootstrap-2@group-0AAC5367B30E: set new configuration configurationEntry {
  peers {
    id: "omNode-3"
    address: "localhost:15023"
    startupRole: FOLLOWER
  }
  peers {
    id: "omNode-1"
    address: "localhost:15015"
    startupRole: FOLLOWER
  }
  peers {
    id: "omNode-2"
    address: "localhost:15019"
    startupRole: FOLLOWER
  }
}
 from snapshot
2024-07-18 11:33:56,700 [grpc-default-executor-5] INFO  server.RaftServer$Division (ServerState.java:setRaftConf(386)) - omNode-bootstrap-2@group-0AAC5367B30E: set configuration conf: {index: 0, cur=peers:[omNode-3|localhost:15023, omNode-1|localhost:15015, omNode-2|localhost:15019]|listeners:[], old=null}
2024-07-18 11:33:56,701 [grpc-default-executor-5] INFO  ratis.OzoneManagerStateMachine (OzoneManagerStateMachine.java:notifyConfigurationChanged(216)) - Received Configuration change notification from Ratis. New Peer list:
[id: "omNode-3"
address: "localhost:15023"
startupRole: FOLLOWER
, id: "omNode-1"
address: "localhost:15015"
startupRole: FOLLOWER
, id: "omNode-2"
address: "localhost:15019"
startupRole: FOLLOWER
]
2024-07-18 11:33:56,701 [grpc-default-executor-5] INFO  impl.SnapshotInstallationHandler (SnapshotInstallationHandler.java:installSnapshot(103)) - omNode-bootstrap-2@group-0AAC5367B30E: reply installSnapshot: omNode-1<-omNode-bootstrap-2#0:FAIL-t1,IN_PROGRESS,snapshotIndex=0
2024-07-18 11:33:56,701 [grpc-default-executor-5] INFO  server.GrpcServerProtocolService (GrpcServerProtocolService.java:onCompleted(157)) - omNode-bootstrap-2: Completed INSTALL_SNAPSHOT, lastRequest: omNode-1->omNode-bootstrap-2#0-t1,notify:(t:1, i:0)
2024-07-18 11:33:56,702 [grpc-default-executor-5] INFO  server.GrpcServerProtocolService (GrpcServerProtocolService.java:lambda$onCompleted$5(159)) - omNode-bootstrap-2: Completed INSTALL_SNAPSHOT, lastReply: null
2024-07-18 11:33:56,703 [omNode-bootstrap-2-server-thread1] INFO  server.RaftServer$Division (RaftServerImpl.java:checkInconsistentAppendEntries(1629)) - omNode-bootstrap-2@group-0AAC5367B30E: Failed appendEntries as snapshot (0) installation is in progress
2024-07-18 11:33:56,703 [omNode-bootstrap-2-server-thread1] INFO  server.RaftServer$Division (RaftServerImpl.java:appendEntriesAsync(1584)) - omNode-bootstrap-2@group-0AAC5367B30E: appendEntries* reply omNode-1<-omNode-bootstrap-2#251:FAIL-t1,INCONSISTENCY,nextIndex=0,followerCommit=-1,matchIndex=-1
2024-07-18 11:33:56,704 [grpc-default-executor-0] INFO  impl.SnapshotInstallationHandler (SnapshotInstallationHandler.java:installSnapshot(92)) - omNode-bootstrap-2@group-0AAC5367B30E: receive installSnapshot: omNode-1->omNode-bootstrap-2#0-t1,notify:(t:1, i:0)
2024-07-18 11:33:56,704 [grpc-default-executor-0] INFO  impl.SnapshotInstallationHandler (SnapshotInstallationHandler.java:installSnapshotImpl(138)) - omNode-bootstrap-2@group-0AAC5367B30E: set new configuration configurationEntry {
  peers {
    id: "omNode-3"
    address: "localhost:15023"
    startupRole: FOLLOWER
  }
  peers {
    id: "omNode-1"
    address: "localhost:15015"
    startupRole: FOLLOWER
  }
  peers {
    id: "omNode-2"
    address: "localhost:15019"
    startupRole: FOLLOWER
  }
}
 from snapshot
2024-07-18 11:33:56,704 [grpc-default-executor-0] INFO  server.RaftServer$Division (ServerState.java:setRaftConf(386)) - omNode-bootstrap-2@group-0AAC5367B30E: set configuration conf: {index: 0, cur=peers:[omNode-3|localhost:15023, omNode-1|localhost:15015, omNode-2|localhost:15019]|listeners:[], old=null}
2024-07-18 11:33:56,705 [grpc-default-executor-0] INFO  ratis.OzoneManagerStateMachine (OzoneManagerStateMachine.java:notifyConfigurationChanged(216)) - Received Configuration change notification from Ratis. New Peer list:
[id: "omNode-3"
address: "localhost:15023"
startupRole: FOLLOWER
, id: "omNode-1"
address: "localhost:15015"
startupRole: FOLLOWER
, id: "omNode-2"
address: "localhost:15019"
startupRole: FOLLOWER
]
2024-07-18 11:33:56,705 [grpc-default-executor-0] INFO  impl.SnapshotInstallationHandler (SnapshotInstallationHandler.java:installSnapshot(103)) - omNode-bootstrap-2@group-0AAC5367B30E: reply installSnapshot: omNode-1<-omNode-bootstrap-2#0:FAIL-t1,IN_PROGRESS,snapshotIndex=0
2024-07-18 11:33:56,705 [grpc-default-executor-0] INFO  server.GrpcServerProtocolService (GrpcServerProtocolService.java:onCompleted(157)) - omNode-bootstrap-2: Completed INSTALL_SNAPSHOT, lastRequest: omNode-1->omNode-bootstrap-2#0-t1,notify:(t:1, i:0)
2024-07-18 11:33:56,705 [grpc-default-executor-0] INFO  server.GrpcServerProtocolService (GrpcServerProtocolService.java:lambda$onCompleted$5(159)) - omNode-bootstrap-2: Completed INSTALL_SNAPSHOT, lastReply: null
2024-07-18 11:33:56,707 [omNode-bootstrap-2-server-thread1] INFO  server.RaftServer$Division (RaftServerImpl.java:checkInconsistentAppendEntries(1629)) - omNode-bootstrap-2@group-0AAC5367B30E: Failed appendEntries as snapshot (0) installation is in progress
2024-07-18 11:33:56,707 [omNode-bootstrap-2-server-thread1] INFO  server.RaftServer$Division (RaftServerImpl.java:appendEntriesAsync(1584)) - omNode-bootstrap-2@group-0AAC5367B30E: appendEntries* reply omNode-1<-omNode-bootstrap-2#252:FAIL-t1,INCONSISTENCY,nextIndex=0,followerCommit=-1,matchIndex=-1
2024-07-18 11:33:56,707 [grpc-default-executor-5] INFO  impl.SnapshotInstallationHandler (SnapshotInstallationHandler.java:installSnapshot(92)) - omNode-bootstrap-2@group-0AAC5367B30E: receive installSnapshot: omNode-1->omNode-bootstrap-2#0-t1,notify:(t:1, i:0)
2024-07-18 11:33:56,707 [grpc-default-executor-5] INFO  impl.SnapshotInstallationHandler (SnapshotInstallationHandler.java:installSnapshotImpl(138)) - omNode-bootstrap-2@group-0AAC5367B30E: set new configuration configurationEntry {
  peers {
    id: "omNode-3"
    address: "localhost:15023"
    startupRole: FOLLOWER
  }
  peers {
    id: "omNode-1"
    address: "localhost:15015"
    startupRole: FOLLOWER
  }
  peers {
    id: "omNode-2"
    address: "localhost:15019"
    startupRole: FOLLOWER
  }
}
 from snapshot
2024-07-18 11:33:56,707 [grpc-default-executor-5] INFO  server.RaftServer$Division (ServerState.java:setRaftConf(386)) - omNode-bootstrap-2@group-0AAC5367B30E: set configuration conf: {index: 0, cur=peers:[omNode-3|localhost:15023, omNode-1|localhost:15015, omNode-2|localhost:15019]|listeners:[], old=null}
2024-07-18 11:33:56,709 [grpc-default-executor-5] INFO  ratis.OzoneManagerStateMachine (OzoneManagerStateMachine.java:notifyConfigurationChanged(216)) - Received Configuration change notification from Ratis. New Peer list:
[id: "omNode-3"
address: "localhost:15023"
startupRole: FOLLOWER
, id: "omNode-1"
address: "localhost:15015"
startupRole: FOLLOWER
, id: "omNode-2"
address: "localhost:15019"
startupRole: FOLLOWER
]
2024-07-18 11:33:56,709 [grpc-default-executor-5] INFO  impl.SnapshotInstallationHandler (SnapshotInstallationHandler.java:installSnapshot(103)) - omNode-bootstrap-2@group-0AAC5367B30E: reply installSnapshot: omNode-1<-omNode-bootstrap-2#0:FAIL-t1,IN_PROGRESS,snapshotIndex=0
2024-07-18 11:33:56,709 [grpc-default-executor-5] INFO  server.GrpcServerProtocolService (GrpcServerProtocolService.java:onCompleted(157)) - omNode-bootstrap-2: Completed INSTALL_SNAPSHOT, lastRequest: omNode-1->omNode-bootstrap-2#0-t1,notify:(t:1, i:0)
2024-07-18 11:33:56,709 [grpc-default-executor-5] INFO  server.GrpcServerProtocolService (GrpcServerProtocolService.java:lambda$onCompleted$5(159)) - omNode-bootstrap-2: Completed INSTALL_SNAPSHOT, lastReply: null
2024-07-18 11:33:56,710 [omNode-bootstrap-2-server-thread1] INFO  server.RaftServer$Division (RaftServerImpl.java:checkInconsistentAppendEntries(1629)) - omNode-bootstrap-2@group-0AAC5367B30E: Failed appendEntries as snapshot (0) installation is in progress
2024-07-18 11:33:56,710 [omNode-bootstrap-2-server-thread1] INFO  server.RaftServer$Division (RaftServerImpl.java:appendEntriesAsync(1584)) - omNode-bootstrap-2@group-0AAC5367B30E: appendEntries* reply omNode-1<-omNode-bootstrap-2#253:FAIL-t1,INCONSISTENCY,nextIndex=0,followerCommit=-1,matchIndex=-1
2024-07-18 11:33:56,711 [grpc-default-executor-0] INFO  impl.SnapshotInstallationHandler (SnapshotInstallationHandler.java:installSnapshot(92)) - omNode-bootstrap-2@group-0AAC5367B30E: receive installSnapshot: omNode-1->omNode-bootstrap-2#0-t1,notify:(t:1, i:0)
2024-07-18 11:33:56,711 [grpc-default-executor-0] INFO  impl.SnapshotInstallationHandler (SnapshotInstallationHandler.java:installSnapshotImpl(138)) - omNode-bootstrap-2@group-0AAC5367B30E: set new configuration configurationEntry {
  peers {
    id: "omNode-3"
    address: "localhost:15023"
    startupRole: FOLLOWER
  }
  peers {
    id: "omNode-1"
    address: "localhost:15015"
    startupRole: FOLLOWER
  }
  peers {
    id: "omNode-2"
    address: "localhost:15019"
    startupRole: FOLLOWER
  }
}
 from snapshot
2024-07-18 11:33:56,711 [grpc-default-executor-0] INFO  server.RaftServer$Division (ServerState.java:setRaftConf(386)) - omNode-bootstrap-2@group-0AAC5367B30E: set configuration conf: {index: 0, cur=peers:[omNode-3|localhost:15023, omNode-1|localhost:15015, omNode-2|localhost:15019]|listeners:[], old=null}
2024-07-18 11:33:56,712 [grpc-default-executor-0] INFO  ratis.OzoneManagerStateMachine (OzoneManagerStateMachine.java:notifyConfigurationChanged(216)) - Received Configuration change notification from Ratis. New Peer list:
[id: "omNode-3"
address: "localhost:15023"
startupRole: FOLLOWER
, id: "omNode-1"
address: "localhost:15015"
startupRole: FOLLOWER
, id: "omNode-2"
address: "localhost:15019"
startupRole: FOLLOWER
]
2024-07-18 11:33:56,712 [grpc-default-executor-0] INFO  impl.SnapshotInstallationHandler (SnapshotInstallationHandler.java:installSnapshot(103)) - omNode-bootstrap-2@group-0AAC5367B30E: reply installSnapshot: omNode-1<-omNode-bootstrap-2#0:FAIL-t1,IN_PROGRESS,snapshotIndex=0
2024-07-18 11:33:56,713 [grpc-default-executor-0] INFO  server.GrpcServerProtocolService (GrpcServerProtocolService.java:onCompleted(157)) - omNode-bootstrap-2: Completed INSTALL_SNAPSHOT, lastRequest: omNode-1->omNode-bootstrap-2#0-t1,notify:(t:1, i:0)
2024-07-18 11:33:56,713 [grpc-default-executor-0] INFO  server.GrpcServerProtocolService (GrpcServerProtocolService.java:lambda$onCompleted$5(159)) - omNode-bootstrap-2: Completed INSTALL_SNAPSHOT, lastReply: null
2024-07-18 11:33:56,714 [omNode-bootstrap-2-server-thread1] INFO  server.RaftServer$Division (RaftServerImpl.java:checkInconsistentAppendEntries(1629)) - omNode-bootstrap-2@group-0AAC5367B30E: Failed appendEntries as snapshot (0) installation is in progress
2024-07-18 11:33:56,714 [omNode-bootstrap-2-server-thread1] INFO  server.RaftServer$Division (RaftServerImpl.java:appendEntriesAsync(1584)) - omNode-bootstrap-2@group-0AAC5367B30E: appendEntries* reply omNode-1<-omNode-bootstrap-2#254:FAIL-t1,INCONSISTENCY,nextIndex=0,followerCommit=-1,matchIndex=-1
2024-07-18 11:33:56,716 [grpc-default-executor-3] INFO  impl.SnapshotInstallationHandler (SnapshotInstallationHandler.java:installSnapshot(92)) - omNode-bootstrap-2@group-0AAC5367B30E: receive installSnapshot: omNode-1->omNode-bootstrap-2#0-t1,notify:(t:1, i:0)
2024-07-18 11:33:56,716 [grpc-default-executor-3] INFO  impl.SnapshotInstallationHandler (SnapshotInstallationHandler.java:installSnapshotImpl(138)) - omNode-bootstrap-2@group-0AAC5367B30E: set new configuration configurationEntry {
  peers {
    id: "omNode-3"
    address: "localhost:15023"
    startupRole: FOLLOWER
  }
  peers {
    id: "omNode-1"
    address: "localhost:15015"
    startupRole: FOLLOWER
  }
  peers {
    id: "omNode-2"
    address: "localhost:15019"
    startupRole: FOLLOWER
  }
}
 from snapshot
2024-07-18 11:33:56,716 [grpc-default-executor-3] INFO  server.RaftServer$Division (ServerState.java:setRaftConf(386)) - omNode-bootstrap-2@group-0AAC5367B30E: set configuration conf: {index: 0, cur=peers:[omNode-3|localhost:15023, omNode-1|localhost:15015, omNode-2|localhost:15019]|listeners:[], old=null}
2024-07-18 11:33:56,720 [grpc-default-executor-3] INFO  ratis.OzoneManagerStateMachine (OzoneManagerStateMachine.java:notifyConfigurationChanged(216)) - Received Configuration change notification from Ratis. New Peer list:
[id: "omNode-3"
address: "localhost:15023"
startupRole: FOLLOWER
, id: "omNode-1"
address: "localhost:15015"
startupRole: FOLLOWER
, id: "omNode-2"
address: "localhost:15019"
startupRole: FOLLOWER
]
2024-07-18 11:33:56,720 [grpc-default-executor-3] INFO  impl.SnapshotInstallationHandler (SnapshotInstallationHandler.java:installSnapshot(103)) - omNode-bootstrap-2@group-0AAC5367B30E: reply installSnapshot: omNode-1<-omNode-bootstrap-2#0:FAIL-t1,IN_PROGRESS,snapshotIndex=0
2024-07-18 11:33:56,720 [grpc-default-executor-3] INFO  server.GrpcServerProtocolService (GrpcServerProtocolService.java:onCompleted(157)) - omNode-bootstrap-2: Completed INSTALL_SNAPSHOT, lastRequest: omNode-1->omNode-bootstrap-2#0-t1,notify:(t:1, i:0)
2024-07-18 11:33:56,720 [grpc-default-executor-3] INFO  server.GrpcServerProtocolService (GrpcServerProtocolService.java:lambda$onCompleted$5(159)) - omNode-bootstrap-2: Completed INSTALL_SNAPSHOT, lastReply: null
2024-07-18 11:33:56,721 [omNode-bootstrap-2-server-thread1] INFO  server.RaftServer$Division (RaftServerImpl.java:checkInconsistentAppendEntries(1629)) - omNode-bootstrap-2@group-0AAC5367B30E: Failed appendEntries as snapshot (0) installation is in progress
2024-07-18 11:33:56,721 [omNode-bootstrap-2-server-thread1] INFO  server.RaftServer$Division (RaftServerImpl.java:appendEntriesAsync(1584)) - omNode-bootstrap-2@group-0AAC5367B30E: appendEntries* reply omNode-1<-omNode-bootstrap-2#255:FAIL-t1,INCONSISTENCY,nextIndex=0,followerCommit=-1,matchIndex=-1
2024-07-18 11:33:56,722 [grpc-default-executor-0] INFO  impl.SnapshotInstallationHandler (SnapshotInstallationHandler.java:installSnapshot(92)) - omNode-bootstrap-2@group-0AAC5367B30E: receive installSnapshot: omNode-1->omNode-bootstrap-2#0-t1,notify:(t:1, i:0)
2024-07-18 11:33:56,722 [grpc-default-executor-0] INFO  impl.SnapshotInstallationHandler (SnapshotInstallationHandler.java:installSnapshotImpl(138)) - omNode-bootstrap-2@group-0AAC5367B30E: set new configuration configurationEntry {
  peers {
    id: "omNode-3"
    address: "localhost:15023"
    startupRole: FOLLOWER
  }
  peers {
    id: "omNode-1"
    address: "localhost:15015"
    startupRole: FOLLOWER
  }
  peers {
    id: "omNode-2"
    address: "localhost:15019"
    startupRole: FOLLOWER
  }
}
 from snapshot
2024-07-18 11:33:56,722 [grpc-default-executor-0] INFO  server.RaftServer$Division (ServerState.java:setRaftConf(386)) - omNode-bootstrap-2@group-0AAC5367B30E: set configuration conf: {index: 0, cur=peers:[omNode-3|localhost:15023, omNode-1|localhost:15015, omNode-2|localhost:15019]|listeners:[], old=null}
2024-07-18 11:33:56,724 [grpc-default-executor-0] INFO  ratis.OzoneManagerStateMachine (OzoneManagerStateMachine.java:notifyConfigurationChanged(216)) - Received Configuration change notification from Ratis. New Peer list:
[id: "omNode-3"
address: "localhost:15023"
startupRole: FOLLOWER
, id: "omNode-1"
address: "localhost:15015"
startupRole: FOLLOWER
, id: "omNode-2"
address: "localhost:15019"
startupRole: FOLLOWER
]
2024-07-18 11:33:56,724 [grpc-default-executor-0] INFO  impl.SnapshotInstallationHandler (SnapshotInstallationHandler.java:installSnapshot(103)) - omNode-bootstrap-2@group-0AAC5367B30E: reply installSnapshot: omNode-1<-omNode-bootstrap-2#0:FAIL-t1,IN_PROGRESS,snapshotIndex=0
2024-07-18 11:33:56,724 [grpc-default-executor-0] INFO  server.GrpcServerProtocolService (GrpcServerProtocolService.java:onCompleted(157)) - omNode-bootstrap-2: Completed INSTALL_SNAPSHOT, lastRequest: omNode-1->omNode-bootstrap-2#0-t1,notify:(t:1, i:0)
2024-07-18 11:33:56,724 [grpc-default-executor-0] INFO  server.GrpcServerProtocolService (GrpcServerProtocolService.java:lambda$onCompleted$5(159)) - omNode-bootstrap-2: Completed INSTALL_SNAPSHOT, lastReply: null
2024-07-18 11:33:56,725 [omNode-bootstrap-2-server-thread1] INFO  server.RaftServer$Division (RaftServerImpl.java:checkInconsistentAppendEntries(1629)) - omNode-bootstrap-2@group-0AAC5367B30E: Failed appendEntries as snapshot (0) installation is in progress
2024-07-18 11:33:56,725 [omNode-bootstrap-2-server-thread1] INFO  server.RaftServer$Division (RaftServerImpl.java:appendEntriesAsync(1584)) - omNode-bootstrap-2@group-0AAC5367B30E: appendEntries* reply omNode-1<-omNode-bootstrap-2#256:FAIL-t1,INCONSISTENCY,nextIndex=0,followerCommit=-1,matchIndex=-1
2024-07-18 11:33:56,726 [grpc-default-executor-3] INFO  impl.SnapshotInstallationHandler (SnapshotInstallationHandler.java:installSnapshot(92)) - omNode-bootstrap-2@group-0AAC5367B30E: receive installSnapshot: omNode-1->omNode-bootstrap-2#0-t1,notify:(t:1, i:0)
2024-07-18 11:33:56,726 [grpc-default-executor-3] INFO  impl.SnapshotInstallationHandler (SnapshotInstallationHandler.java:installSnapshotImpl(138)) - omNode-bootstrap-2@group-0AAC5367B30E: set new configuration configurationEntry {
  peers {
    id: "omNode-3"
    address: "localhost:15023"
    startupRole: FOLLOWER
  }
  peers {
    id: "omNode-1"
    address: "localhost:15015"
    startupRole: FOLLOWER
  }
  peers {
    id: "omNode-2"
    address: "localhost:15019"
    startupRole: FOLLOWER
  }
}
 from snapshot
2024-07-18 11:33:56,726 [grpc-default-executor-3] INFO  server.RaftServer$Division (ServerState.java:setRaftConf(386)) - omNode-bootstrap-2@group-0AAC5367B30E: set configuration conf: {index: 0, cur=peers:[omNode-3|localhost:15023, omNode-1|localhost:15015, omNode-2|localhost:15019]|listeners:[], old=null}
2024-07-18 11:33:56,728 [grpc-default-executor-3] INFO  ratis.OzoneManagerStateMachine (OzoneManagerStateMachine.java:notifyConfigurationChanged(216)) - Received Configuration change notification from Ratis. New Peer list:
[id: "omNode-3"
address: "localhost:15023"
startupRole: FOLLOWER
, id: "omNode-1"
address: "localhost:15015"
startupRole: FOLLOWER
, id: "omNode-2"
address: "localhost:15019"
startupRole: FOLLOWER
]
2024-07-18 11:33:56,728 [grpc-default-executor-3] INFO  impl.SnapshotInstallationHandler (SnapshotInstallationHandler.java:installSnapshot(103)) - omNode-bootstrap-2@group-0AAC5367B30E: reply installSnapshot: omNode-1<-omNode-bootstrap-2#0:FAIL-t1,IN_PROGRESS,snapshotIndex=0
2024-07-18 11:33:56,728 [grpc-default-executor-3] INFO  server.GrpcServerProtocolService (GrpcServerProtocolService.java:onCompleted(157)) - omNode-bootstrap-2: Completed INSTALL_SNAPSHOT, lastRequest: omNode-1->omNode-bootstrap-2#0-t1,notify:(t:1, i:0)
2024-07-18 11:33:56,728 [grpc-default-executor-3] INFO  server.GrpcServerProtocolService (GrpcServerProtocolService.java:lambda$onCompleted$5(159)) - omNode-bootstrap-2: Completed INSTALL_SNAPSHOT, lastReply: null
2024-07-18 11:33:56,729 [omNode-bootstrap-2-server-thread1] INFO  server.RaftServer$Division (RaftServerImpl.java:checkInconsistentAppendEntries(1629)) - omNode-bootstrap-2@group-0AAC5367B30E: Failed appendEntries as snapshot (0) installation is in progress
2024-07-18 11:33:56,729 [omNode-bootstrap-2-server-thread1] INFO  server.RaftServer$Division (RaftServerImpl.java:appendEntriesAsync(1584)) - omNode-bootstrap-2@group-0AAC5367B30E: appendEntries* reply omNode-1<-omNode-bootstrap-2#257:FAIL-t1,INCONSISTENCY,nextIndex=0,followerCommit=-1,matchIndex=-1
2024-07-18 11:33:56,730 [grpc-default-executor-5] INFO  impl.SnapshotInstallationHandler (SnapshotInstallationHandler.java:installSnapshot(92)) - omNode-bootstrap-2@group-0AAC5367B30E: receive installSnapshot: omNode-1->omNode-bootstrap-2#0-t1,notify:(t:1, i:0)
2024-07-18 11:33:56,730 [grpc-default-executor-5] INFO  impl.SnapshotInstallationHandler (SnapshotInstallationHandler.java:installSnapshotImpl(138)) - omNode-bootstrap-2@group-0AAC5367B30E: set new configuration configurationEntry {
  peers {
    id: "omNode-3"
    address: "localhost:15023"
    startupRole: FOLLOWER
  }
  peers {
    id: "omNode-1"
    address: "localhost:15015"
    startupRole: FOLLOWER
  }
  peers {
    id: "omNode-2"
    address: "localhost:15019"
    startupRole: FOLLOWER
  }
}
 from snapshot
2024-07-18 11:33:56,730 [grpc-default-executor-5] INFO  server.RaftServer$Division (ServerState.java:setRaftConf(386)) - omNode-bootstrap-2@group-0AAC5367B30E: set configuration conf: {index: 0, cur=peers:[omNode-3|localhost:15023, omNode-1|localhost:15015, omNode-2|localhost:15019]|listeners:[], old=null}
2024-07-18 11:33:56,731 [grpc-default-executor-5] INFO  ratis.OzoneManagerStateMachine (OzoneManagerStateMachine.java:notifyConfigurationChanged(216)) - Received Configuration change notification from Ratis. New Peer list:
[id: "omNode-3"
address: "localhost:15023"
startupRole: FOLLOWER
, id: "omNode-1"
address: "localhost:15015"
startupRole: FOLLOWER
, id: "omNode-2"
address: "localhost:15019"
startupRole: FOLLOWER
]
2024-07-18 11:33:56,731 [grpc-default-executor-5] INFO  impl.SnapshotInstallationHandler (SnapshotInstallationHandler.java:installSnapshot(103)) - omNode-bootstrap-2@group-0AAC5367B30E: reply installSnapshot: omNode-1<-omNode-bootstrap-2#0:FAIL-t1,IN_PROGRESS,snapshotIndex=0
2024-07-18 11:33:56,731 [grpc-default-executor-5] INFO  server.GrpcServerProtocolService (GrpcServerProtocolService.java:onCompleted(157)) - omNode-bootstrap-2: Completed INSTALL_SNAPSHOT, lastRequest: omNode-1->omNode-bootstrap-2#0-t1,notify:(t:1, i:0)
2024-07-18 11:33:56,731 [grpc-default-executor-5] INFO  server.GrpcServerProtocolService (GrpcServerProtocolService.java:lambda$onCompleted$5(159)) - omNode-bootstrap-2: Completed INSTALL_SNAPSHOT, lastReply: null
2024-07-18 11:33:56,733 [omNode-bootstrap-2-server-thread1] INFO  server.RaftServer$Division (RaftServerImpl.java:checkInconsistentAppendEntries(1629)) - omNode-bootstrap-2@group-0AAC5367B30E: Failed appendEntries as snapshot (0) installation is in progress
2024-07-18 11:33:56,733 [omNode-bootstrap-2-server-thread1] INFO  server.RaftServer$Division (RaftServerImpl.java:appendEntriesAsync(1584)) - omNode-bootstrap-2@group-0AAC5367B30E: appendEntries* reply omNode-1<-omNode-bootstrap-2#258:FAIL-t1,INCONSISTENCY,nextIndex=0,followerCommit=-1,matchIndex=-1
2024-07-18 11:33:56,733 [grpc-default-executor-0] INFO  impl.SnapshotInstallationHandler (SnapshotInstallationHandler.java:installSnapshot(92)) - omNode-bootstrap-2@group-0AAC5367B30E: receive installSnapshot: omNode-1->omNode-bootstrap-2#0-t1,notify:(t:1, i:0)
2024-07-18 11:33:56,734 [grpc-default-executor-0] INFO  impl.SnapshotInstallationHandler (SnapshotInstallationHandler.java:installSnapshotImpl(138)) - omNode-bootstrap-2@group-0AAC5367B30E: set new configuration configurationEntry {
  peers {
    id: "omNode-3"
    address: "localhost:15023"
    startupRole: FOLLOWER
  }
  peers {
    id: "omNode-1"
    address: "localhost:15015"
    startupRole: FOLLOWER
  }
  peers {
    id: "omNode-2"
    address: "localhost:15019"
    startupRole: FOLLOWER
  }
}
 from snapshot
2024-07-18 11:33:56,734 [grpc-default-executor-0] INFO  server.RaftServer$Division (ServerState.java:setRaftConf(386)) - omNode-bootstrap-2@group-0AAC5367B30E: set configuration conf: {index: 0, cur=peers:[omNode-3|localhost:15023, omNode-1|localhost:15015, omNode-2|localhost:15019]|listeners:[], old=null}
2024-07-18 11:33:56,735 [grpc-default-executor-0] INFO  ratis.OzoneManagerStateMachine (OzoneManagerStateMachine.java:notifyConfigurationChanged(216)) - Received Configuration change notification from Ratis. New Peer list:
[id: "omNode-3"
address: "localhost:15023"
startupRole: FOLLOWER
, id: "omNode-1"
address: "localhost:15015"
startupRole: FOLLOWER
, id: "omNode-2"
address: "localhost:15019"
startupRole: FOLLOWER
]
2024-07-18 11:33:56,735 [grpc-default-executor-0] INFO  impl.SnapshotInstallationHandler (SnapshotInstallationHandler.java:installSnapshot(103)) - omNode-bootstrap-2@group-0AAC5367B30E: reply installSnapshot: omNode-1<-omNode-bootstrap-2#0:FAIL-t1,IN_PROGRESS,snapshotIndex=0
2024-07-18 11:33:56,736 [grpc-default-executor-0] INFO  server.GrpcServerProtocolService (GrpcServerProtocolService.java:onCompleted(157)) - omNode-bootstrap-2: Completed INSTALL_SNAPSHOT, lastRequest: omNode-1->omNode-bootstrap-2#0-t1,notify:(t:1, i:0)
2024-07-18 11:33:56,736 [grpc-default-executor-0] INFO  server.GrpcServerProtocolService (GrpcServerProtocolService.java:lambda$onCompleted$5(159)) - omNode-bootstrap-2: Completed INSTALL_SNAPSHOT, lastReply: null
2024-07-18 11:33:56,737 [omNode-bootstrap-2-server-thread1] INFO  server.RaftServer$Division (RaftServerImpl.java:checkInconsistentAppendEntries(1629)) - omNode-bootstrap-2@group-0AAC5367B30E: Failed appendEntries as snapshot (0) installation is in progress
2024-07-18 11:33:56,737 [omNode-bootstrap-2-server-thread1] INFO  server.RaftServer$Division (RaftServerImpl.java:appendEntriesAsync(1584)) - omNode-bootstrap-2@group-0AAC5367B30E: appendEntries* reply omNode-1<-omNode-bootstrap-2#259:FAIL-t1,INCONSISTENCY,nextIndex=0,followerCommit=-1,matchIndex=-1
2024-07-18 11:33:56,737 [grpc-default-executor-3] INFO  impl.SnapshotInstallationHandler (SnapshotInstallationHandler.java:installSnapshot(92)) - omNode-bootstrap-2@group-0AAC5367B30E: receive installSnapshot: omNode-1->omNode-bootstrap-2#0-t1,notify:(t:1, i:0)
2024-07-18 11:33:56,737 [grpc-default-executor-3] INFO  impl.SnapshotInstallationHandler (SnapshotInstallationHandler.java:installSnapshotImpl(138)) - omNode-bootstrap-2@group-0AAC5367B30E: set new configuration configurationEntry {
  peers {
    id: "omNode-3"
    address: "localhost:15023"
    startupRole: FOLLOWER
  }
  peers {
    id: "omNode-1"
    address: "localhost:15015"
    startupRole: FOLLOWER
  }
  peers {
    id: "omNode-2"
    address: "localhost:15019"
    startupRole: FOLLOWER
  }
}
 from snapshot
2024-07-18 11:33:56,737 [grpc-default-executor-3] INFO  server.RaftServer$Division (ServerState.java:setRaftConf(386)) - omNode-bootstrap-2@group-0AAC5367B30E: set configuration conf: {index: 0, cur=peers:[omNode-3|localhost:15023, omNode-1|localhost:15015, omNode-2|localhost:15019]|listeners:[], old=null}
2024-07-18 11:33:56,739 [grpc-default-executor-3] INFO  ratis.OzoneManagerStateMachine (OzoneManagerStateMachine.java:notifyConfigurationChanged(216)) - Received Configuration change notification from Ratis. New Peer list:
[id: "omNode-3"
address: "localhost:15023"
startupRole: FOLLOWER
, id: "omNode-1"
address: "localhost:15015"
startupRole: FOLLOWER
, id: "omNode-2"
address: "localhost:15019"
startupRole: FOLLOWER
]
2024-07-18 11:33:56,739 [grpc-default-executor-3] INFO  impl.SnapshotInstallationHandler (SnapshotInstallationHandler.java:installSnapshot(103)) - omNode-bootstrap-2@group-0AAC5367B30E: reply installSnapshot: omNode-1<-omNode-bootstrap-2#0:FAIL-t1,IN_PROGRESS,snapshotIndex=0
2024-07-18 11:33:56,739 [grpc-default-executor-3] INFO  server.GrpcServerProtocolService (GrpcServerProtocolService.java:onCompleted(157)) - omNode-bootstrap-2: Completed INSTALL_SNAPSHOT, lastRequest: omNode-1->omNode-bootstrap-2#0-t1,notify:(t:1, i:0)
2024-07-18 11:33:56,739 [grpc-default-executor-3] INFO  server.GrpcServerProtocolService (GrpcServerProtocolService.java:lambda$onCompleted$5(159)) - omNode-bootstrap-2: Completed INSTALL_SNAPSHOT, lastReply: null
2024-07-18 11:33:56,740 [omNode-bootstrap-2-server-thread1] INFO  server.RaftServer$Division (RaftServerImpl.java:checkInconsistentAppendEntries(1629)) - omNode-bootstrap-2@group-0AAC5367B30E: Failed appendEntries as snapshot (0) installation is in progress
2024-07-18 11:33:56,740 [omNode-bootstrap-2-server-thread1] INFO  server.RaftServer$Division (RaftServerImpl.java:appendEntriesAsync(1584)) - omNode-bootstrap-2@group-0AAC5367B30E: appendEntries* reply omNode-1<-omNode-bootstrap-2#260:FAIL-t1,INCONSISTENCY,nextIndex=0,followerCommit=-1,matchIndex=-1
2024-07-18 11:33:56,740 [grpc-default-executor-5] INFO  impl.SnapshotInstallationHandler (SnapshotInstallationHandler.java:installSnapshot(92)) - omNode-bootstrap-2@group-0AAC5367B30E: receive installSnapshot: omNode-1->omNode-bootstrap-2#0-t1,notify:(t:1, i:0)
2024-07-18 11:33:56,740 [grpc-default-executor-5] INFO  impl.SnapshotInstallationHandler (SnapshotInstallationHandler.java:installSnapshotImpl(138)) - omNode-bootstrap-2@group-0AAC5367B30E: set new configuration configurationEntry {
  peers {
    id: "omNode-3"
    address: "localhost:15023"
    startupRole: FOLLOWER
  }
  peers {
    id: "omNode-1"
    address: "localhost:15015"
    startupRole: FOLLOWER
  }
  peers {
    id: "omNode-2"
    address: "localhost:15019"
    startupRole: FOLLOWER
  }
}
 from snapshot
2024-07-18 11:33:56,740 [grpc-default-executor-5] INFO  server.RaftServer$Division (ServerState.java:setRaftConf(386)) - omNode-bootstrap-2@group-0AAC5367B30E: set configuration conf: {index: 0, cur=peers:[omNode-3|localhost:15023, omNode-1|localhost:15015, omNode-2|localhost:15019]|listeners:[], old=null}
2024-07-18 11:33:56,741 [grpc-default-executor-5] INFO  ratis.OzoneManagerStateMachine (OzoneManagerStateMachine.java:notifyConfigurationChanged(216)) - Received Configuration change notification from Ratis. New Peer list:
[id: "omNode-3"
address: "localhost:15023"
startupRole: FOLLOWER
, id: "omNode-1"
address: "localhost:15015"
startupRole: FOLLOWER
, id: "omNode-2"
address: "localhost:15019"
startupRole: FOLLOWER
]
2024-07-18 11:33:56,742 [grpc-default-executor-5] INFO  impl.SnapshotInstallationHandler (SnapshotInstallationHandler.java:installSnapshot(103)) - omNode-bootstrap-2@group-0AAC5367B30E: reply installSnapshot: omNode-1<-omNode-bootstrap-2#0:FAIL-t1,IN_PROGRESS,snapshotIndex=0
2024-07-18 11:33:56,742 [grpc-default-executor-5] INFO  server.GrpcServerProtocolService (GrpcServerProtocolService.java:onCompleted(157)) - omNode-bootstrap-2: Completed INSTALL_SNAPSHOT, lastRequest: omNode-1->omNode-bootstrap-2#0-t1,notify:(t:1, i:0)
2024-07-18 11:33:56,742 [grpc-default-executor-5] INFO  server.GrpcServerProtocolService (GrpcServerProtocolService.java:lambda$onCompleted$5(159)) - omNode-bootstrap-2: Completed INSTALL_SNAPSHOT, lastReply: null
2024-07-18 11:33:56,742 [omNode-bootstrap-2-server-thread1] INFO  server.RaftServer$Division (RaftServerImpl.java:checkInconsistentAppendEntries(1629)) - omNode-bootstrap-2@group-0AAC5367B30E: Failed appendEntries as snapshot (0) installation is in progress
2024-07-18 11:33:56,742 [omNode-bootstrap-2-server-thread1] INFO  server.RaftServer$Division (RaftServerImpl.java:appendEntriesAsync(1584)) - omNode-bootstrap-2@group-0AAC5367B30E: appendEntries* reply omNode-1<-omNode-bootstrap-2#261:FAIL-t1,INCONSISTENCY,nextIndex=0,followerCommit=-1,matchIndex=-1
2024-07-18 11:33:56,744 [grpc-default-executor-5] INFO  impl.SnapshotInstallationHandler (SnapshotInstallationHandler.java:installSnapshot(92)) - omNode-bootstrap-2@group-0AAC5367B30E: receive installSnapshot: omNode-1->omNode-bootstrap-2#0-t1,notify:(t:1, i:0)
2024-07-18 11:33:56,744 [grpc-default-executor-5] INFO  impl.SnapshotInstallationHandler (SnapshotInstallationHandler.java:installSnapshotImpl(138)) - omNode-bootstrap-2@group-0AAC5367B30E: set new configuration configurationEntry {
  peers {
    id: "omNode-3"
    address: "localhost:15023"
    startupRole: FOLLOWER
  }
  peers {
    id: "omNode-1"
    address: "localhost:15015"
    startupRole: FOLLOWER
  }
  peers {
    id: "omNode-2"
    address: "localhost:15019"
    startupRole: FOLLOWER
  }
}
 from snapshot
2024-07-18 11:33:56,744 [grpc-default-executor-5] INFO  server.RaftServer$Division (ServerState.java:setRaftConf(386)) - omNode-bootstrap-2@group-0AAC5367B30E: set configuration conf: {index: 0, cur=peers:[omNode-3|localhost:15023, omNode-1|localhost:15015, omNode-2|localhost:15019]|listeners:[], old=null}
2024-07-18 11:33:56,746 [grpc-default-executor-5] INFO  ratis.OzoneManagerStateMachine (OzoneManagerStateMachine.java:notifyConfigurationChanged(216)) - Received Configuration change notification from Ratis. New Peer list:
[id: "omNode-3"
address: "localhost:15023"
startupRole: FOLLOWER
, id: "omNode-1"
address: "localhost:15015"
startupRole: FOLLOWER
, id: "omNode-2"
address: "localhost:15019"
startupRole: FOLLOWER
]
2024-07-18 11:33:56,746 [grpc-default-executor-5] INFO  impl.SnapshotInstallationHandler (SnapshotInstallationHandler.java:installSnapshot(103)) - omNode-bootstrap-2@group-0AAC5367B30E: reply installSnapshot: omNode-1<-omNode-bootstrap-2#0:FAIL-t1,IN_PROGRESS,snapshotIndex=0
2024-07-18 11:33:56,746 [grpc-default-executor-5] INFO  server.GrpcServerProtocolService (GrpcServerProtocolService.java:onCompleted(157)) - omNode-bootstrap-2: Completed INSTALL_SNAPSHOT, lastRequest: omNode-1->omNode-bootstrap-2#0-t1,notify:(t:1, i:0)
2024-07-18 11:33:56,746 [grpc-default-executor-5] INFO  server.GrpcServerProtocolService (GrpcServerProtocolService.java:lambda$onCompleted$5(159)) - omNode-bootstrap-2: Completed INSTALL_SNAPSHOT, lastReply: null
2024-07-18 11:33:56,747 [omNode-bootstrap-2-server-thread1] INFO  server.RaftServer$Division (RaftServerImpl.java:checkInconsistentAppendEntries(1629)) - omNode-bootstrap-2@group-0AAC5367B30E: Failed appendEntries as snapshot (0) installation is in progress
2024-07-18 11:33:56,747 [omNode-bootstrap-2-server-thread1] INFO  server.RaftServer$Division (RaftServerImpl.java:appendEntriesAsync(1584)) - omNode-bootstrap-2@group-0AAC5367B30E: appendEntries* reply omNode-1<-omNode-bootstrap-2#262:FAIL-t1,INCONSISTENCY,nextIndex=0,followerCommit=-1,matchIndex=-1
2024-07-18 11:33:56,747 [grpc-default-executor-5] INFO  impl.SnapshotInstallationHandler (SnapshotInstallationHandler.java:installSnapshot(92)) - omNode-bootstrap-2@group-0AAC5367B30E: receive installSnapshot: omNode-1->omNode-bootstrap-2#0-t1,notify:(t:1, i:0)
2024-07-18 11:33:56,747 [grpc-default-executor-5] INFO  impl.SnapshotInstallationHandler (SnapshotInstallationHandler.java:installSnapshotImpl(138)) - omNode-bootstrap-2@group-0AAC5367B30E: set new configuration configurationEntry {
  peers {
    id: "omNode-3"
    address: "localhost:15023"
    startupRole: FOLLOWER
  }
  peers {
    id: "omNode-1"
    address: "localhost:15015"
    startupRole: FOLLOWER
  }
  peers {
    id: "omNode-2"
    address: "localhost:15019"
    startupRole: FOLLOWER
  }
}
 from snapshot
2024-07-18 11:33:56,747 [grpc-default-executor-5] INFO  server.RaftServer$Division (ServerState.java:setRaftConf(386)) - omNode-bootstrap-2@group-0AAC5367B30E: set configuration conf: {index: 0, cur=peers:[omNode-3|localhost:15023, omNode-1|localhost:15015, omNode-2|localhost:15019]|listeners:[], old=null}
2024-07-18 11:33:56,749 [grpc-default-executor-5] INFO  ratis.OzoneManagerStateMachine (OzoneManagerStateMachine.java:notifyConfigurationChanged(216)) - Received Configuration change notification from Ratis. New Peer list:
[id: "omNode-3"
address: "localhost:15023"
startupRole: FOLLOWER
, id: "omNode-1"
address: "localhost:15015"
startupRole: FOLLOWER
, id: "omNode-2"
address: "localhost:15019"
startupRole: FOLLOWER
]
2024-07-18 11:33:56,749 [grpc-default-executor-5] INFO  impl.SnapshotInstallationHandler (SnapshotInstallationHandler.java:installSnapshot(103)) - omNode-bootstrap-2@group-0AAC5367B30E: reply installSnapshot: omNode-1<-omNode-bootstrap-2#0:FAIL-t1,IN_PROGRESS,snapshotIndex=0
2024-07-18 11:33:56,749 [grpc-default-executor-5] INFO  server.GrpcServerProtocolService (GrpcServerProtocolService.java:onCompleted(157)) - omNode-bootstrap-2: Completed INSTALL_SNAPSHOT, lastRequest: omNode-1->omNode-bootstrap-2#0-t1,notify:(t:1, i:0)
2024-07-18 11:33:56,749 [grpc-default-executor-5] INFO  server.GrpcServerProtocolService (GrpcServerProtocolService.java:lambda$onCompleted$5(159)) - omNode-bootstrap-2: Completed INSTALL_SNAPSHOT, lastReply: null
2024-07-18 11:33:56,750 [omNode-bootstrap-2-server-thread1] INFO  server.RaftServer$Division (RaftServerImpl.java:checkInconsistentAppendEntries(1629)) - omNode-bootstrap-2@group-0AAC5367B30E: Failed appendEntries as snapshot (0) installation is in progress
2024-07-18 11:33:56,750 [omNode-bootstrap-2-server-thread1] INFO  server.RaftServer$Division (RaftServerImpl.java:appendEntriesAsync(1584)) - omNode-bootstrap-2@group-0AAC5367B30E: appendEntries* reply omNode-1<-omNode-bootstrap-2#263:FAIL-t1,INCONSISTENCY,nextIndex=0,followerCommit=-1,matchIndex=-1
2024-07-18 11:33:56,750 [grpc-default-executor-3] INFO  impl.SnapshotInstallationHandler (SnapshotInstallationHandler.java:installSnapshot(92)) - omNode-bootstrap-2@group-0AAC5367B30E: receive installSnapshot: omNode-1->omNode-bootstrap-2#0-t1,notify:(t:1, i:0)
2024-07-18 11:33:56,751 [grpc-default-executor-3] INFO  impl.SnapshotInstallationHandler (SnapshotInstallationHandler.java:installSnapshotImpl(138)) - omNode-bootstrap-2@group-0AAC5367B30E: set new configuration configurationEntry {
  peers {
    id: "omNode-3"
    address: "localhost:15023"
    startupRole: FOLLOWER
  }
  peers {
    id: "omNode-1"
    address: "localhost:15015"
    startupRole: FOLLOWER
  }
  peers {
    id: "omNode-2"
    address: "localhost:15019"
    startupRole: FOLLOWER
  }
}
 from snapshot
2024-07-18 11:33:56,751 [grpc-default-executor-3] INFO  server.RaftServer$Division (ServerState.java:setRaftConf(386)) - omNode-bootstrap-2@group-0AAC5367B30E: set configuration conf: {index: 0, cur=peers:[omNode-3|localhost:15023, omNode-1|localhost:15015, omNode-2|localhost:15019]|listeners:[], old=null}
2024-07-18 11:33:56,755 [grpc-default-executor-3] INFO  ratis.OzoneManagerStateMachine (OzoneManagerStateMachine.java:notifyConfigurationChanged(216)) - Received Configuration change notification from Ratis. New Peer list:
[id: "omNode-3"
address: "localhost:15023"
startupRole: FOLLOWER
, id: "omNode-1"
address: "localhost:15015"
startupRole: FOLLOWER
, id: "omNode-2"
address: "localhost:15019"
startupRole: FOLLOWER
]
2024-07-18 11:33:56,755 [grpc-default-executor-3] INFO  impl.SnapshotInstallationHandler (SnapshotInstallationHandler.java:installSnapshot(103)) - omNode-bootstrap-2@group-0AAC5367B30E: reply installSnapshot: omNode-1<-omNode-bootstrap-2#0:FAIL-t1,IN_PROGRESS,snapshotIndex=0
2024-07-18 11:33:56,755 [grpc-default-executor-3] INFO  server.GrpcServerProtocolService (GrpcServerProtocolService.java:onCompleted(157)) - omNode-bootstrap-2: Completed INSTALL_SNAPSHOT, lastRequest: omNode-1->omNode-bootstrap-2#0-t1,notify:(t:1, i:0)
2024-07-18 11:33:56,755 [grpc-default-executor-3] INFO  server.GrpcServerProtocolService (GrpcServerProtocolService.java:lambda$onCompleted$5(159)) - omNode-bootstrap-2: Completed INSTALL_SNAPSHOT, lastReply: null
2024-07-18 11:33:56,756 [omNode-bootstrap-2-server-thread1] INFO  server.RaftServer$Division (RaftServerImpl.java:checkInconsistentAppendEntries(1629)) - omNode-bootstrap-2@group-0AAC5367B30E: Failed appendEntries as snapshot (0) installation is in progress
2024-07-18 11:33:56,756 [omNode-bootstrap-2-server-thread1] INFO  server.RaftServer$Division (RaftServerImpl.java:appendEntriesAsync(1584)) - omNode-bootstrap-2@group-0AAC5367B30E: appendEntries* reply omNode-1<-omNode-bootstrap-2#264:FAIL-t1,INCONSISTENCY,nextIndex=0,followerCommit=-1,matchIndex=-1
2024-07-18 11:33:56,757 [grpc-default-executor-3] INFO  impl.SnapshotInstallationHandler (SnapshotInstallationHandler.java:installSnapshot(92)) - omNode-bootstrap-2@group-0AAC5367B30E: receive installSnapshot: omNode-1->omNode-bootstrap-2#0-t1,notify:(t:1, i:0)
2024-07-18 11:33:56,757 [grpc-default-executor-3] INFO  impl.SnapshotInstallationHandler (SnapshotInstallationHandler.java:installSnapshotImpl(138)) - omNode-bootstrap-2@group-0AAC5367B30E: set new configuration configurationEntry {
  peers {
    id: "omNode-3"
    address: "localhost:15023"
    startupRole: FOLLOWER
  }
  peers {
    id: "omNode-1"
    address: "localhost:15015"
    startupRole: FOLLOWER
  }
  peers {
    id: "omNode-2"
    address: "localhost:15019"
    startupRole: FOLLOWER
  }
}
 from snapshot
2024-07-18 11:33:56,757 [grpc-default-executor-3] INFO  server.RaftServer$Division (ServerState.java:setRaftConf(386)) - omNode-bootstrap-2@group-0AAC5367B30E: set configuration conf: {index: 0, cur=peers:[omNode-3|localhost:15023, omNode-1|localhost:15015, omNode-2|localhost:15019]|listeners:[], old=null}
2024-07-18 11:33:56,759 [grpc-default-executor-3] INFO  ratis.OzoneManagerStateMachine (OzoneManagerStateMachine.java:notifyConfigurationChanged(216)) - Received Configuration change notification from Ratis. New Peer list:
[id: "omNode-3"
address: "localhost:15023"
startupRole: FOLLOWER
, id: "omNode-1"
address: "localhost:15015"
startupRole: FOLLOWER
, id: "omNode-2"
address: "localhost:15019"
startupRole: FOLLOWER
]
2024-07-18 11:33:56,759 [grpc-default-executor-3] INFO  impl.SnapshotInstallationHandler (SnapshotInstallationHandler.java:installSnapshot(103)) - omNode-bootstrap-2@group-0AAC5367B30E: reply installSnapshot: omNode-1<-omNode-bootstrap-2#0:FAIL-t1,IN_PROGRESS,snapshotIndex=0
2024-07-18 11:33:56,759 [grpc-default-executor-3] INFO  server.GrpcServerProtocolService (GrpcServerProtocolService.java:onCompleted(157)) - omNode-bootstrap-2: Completed INSTALL_SNAPSHOT, lastRequest: omNode-1->omNode-bootstrap-2#0-t1,notify:(t:1, i:0)
2024-07-18 11:33:56,759 [grpc-default-executor-3] INFO  server.GrpcServerProtocolService (GrpcServerProtocolService.java:lambda$onCompleted$5(159)) - omNode-bootstrap-2: Completed INSTALL_SNAPSHOT, lastReply: null
2024-07-18 11:33:56,760 [omNode-bootstrap-2-server-thread1] INFO  server.RaftServer$Division (RaftServerImpl.java:checkInconsistentAppendEntries(1629)) - omNode-bootstrap-2@group-0AAC5367B30E: Failed appendEntries as snapshot (0) installation is in progress
2024-07-18 11:33:56,760 [omNode-bootstrap-2-server-thread1] INFO  server.RaftServer$Division (RaftServerImpl.java:appendEntriesAsync(1584)) - omNode-bootstrap-2@group-0AAC5367B30E: appendEntries* reply omNode-1<-omNode-bootstrap-2#265:FAIL-t1,INCONSISTENCY,nextIndex=0,followerCommit=-1,matchIndex=-1
2024-07-18 11:33:56,761 [grpc-default-executor-3] INFO  impl.SnapshotInstallationHandler (SnapshotInstallationHandler.java:installSnapshot(92)) - omNode-bootstrap-2@group-0AAC5367B30E: receive installSnapshot: omNode-1->omNode-bootstrap-2#0-t1,notify:(t:1, i:0)
2024-07-18 11:33:56,761 [grpc-default-executor-3] INFO  impl.SnapshotInstallationHandler (SnapshotInstallationHandler.java:installSnapshotImpl(138)) - omNode-bootstrap-2@group-0AAC5367B30E: set new configuration configurationEntry {
  peers {
    id: "omNode-3"
    address: "localhost:15023"
    startupRole: FOLLOWER
  }
  peers {
    id: "omNode-1"
    address: "localhost:15015"
    startupRole: FOLLOWER
  }
  peers {
    id: "omNode-2"
    address: "localhost:15019"
    startupRole: FOLLOWER
  }
}
 from snapshot
2024-07-18 11:33:56,761 [grpc-default-executor-3] INFO  server.RaftServer$Division (ServerState.java:setRaftConf(386)) - omNode-bootstrap-2@group-0AAC5367B30E: set configuration conf: {index: 0, cur=peers:[omNode-3|localhost:15023, omNode-1|localhost:15015, omNode-2|localhost:15019]|listeners:[], old=null}
2024-07-18 11:33:56,763 [grpc-default-executor-3] INFO  ratis.OzoneManagerStateMachine (OzoneManagerStateMachine.java:notifyConfigurationChanged(216)) - Received Configuration change notification from Ratis. New Peer list:
[id: "omNode-3"
address: "localhost:15023"
startupRole: FOLLOWER
, id: "omNode-1"
address: "localhost:15015"
startupRole: FOLLOWER
, id: "omNode-2"
address: "localhost:15019"
startupRole: FOLLOWER
]
2024-07-18 11:33:56,763 [grpc-default-executor-3] INFO  impl.SnapshotInstallationHandler (SnapshotInstallationHandler.java:installSnapshot(103)) - omNode-bootstrap-2@group-0AAC5367B30E: reply installSnapshot: omNode-1<-omNode-bootstrap-2#0:FAIL-t1,IN_PROGRESS,snapshotIndex=0
2024-07-18 11:33:56,764 [grpc-default-executor-3] INFO  server.GrpcServerProtocolService (GrpcServerProtocolService.java:onCompleted(157)) - omNode-bootstrap-2: Completed INSTALL_SNAPSHOT, lastRequest: omNode-1->omNode-bootstrap-2#0-t1,notify:(t:1, i:0)
2024-07-18 11:33:56,764 [grpc-default-executor-3] INFO  server.GrpcServerProtocolService (GrpcServerProtocolService.java:lambda$onCompleted$5(159)) - omNode-bootstrap-2: Completed INSTALL_SNAPSHOT, lastReply: null
2024-07-18 11:33:56,765 [omNode-bootstrap-2-server-thread1] INFO  server.RaftServer$Division (RaftServerImpl.java:checkInconsistentAppendEntries(1629)) - omNode-bootstrap-2@group-0AAC5367B30E: Failed appendEntries as snapshot (0) installation is in progress
2024-07-18 11:33:56,765 [omNode-bootstrap-2-server-thread1] INFO  server.RaftServer$Division (RaftServerImpl.java:appendEntriesAsync(1584)) - omNode-bootstrap-2@group-0AAC5367B30E: appendEntries* reply omNode-1<-omNode-bootstrap-2#266:FAIL-t1,INCONSISTENCY,nextIndex=0,followerCommit=-1,matchIndex=-1
2024-07-18 11:33:56,766 [grpc-default-executor-5] INFO  impl.SnapshotInstallationHandler (SnapshotInstallationHandler.java:installSnapshot(92)) - omNode-bootstrap-2@group-0AAC5367B30E: receive installSnapshot: omNode-1->omNode-bootstrap-2#0-t1,notify:(t:1, i:0)
2024-07-18 11:33:56,766 [grpc-default-executor-5] INFO  impl.SnapshotInstallationHandler (SnapshotInstallationHandler.java:installSnapshotImpl(138)) - omNode-bootstrap-2@group-0AAC5367B30E: set new configuration configurationEntry {
  peers {
    id: "omNode-3"
    address: "localhost:15023"
    startupRole: FOLLOWER
  }
  peers {
    id: "omNode-1"
    address: "localhost:15015"
    startupRole: FOLLOWER
  }
  peers {
    id: "omNode-2"
    address: "localhost:15019"
    startupRole: FOLLOWER
  }
}
 from snapshot
2024-07-18 11:33:56,766 [grpc-default-executor-5] INFO  server.RaftServer$Division (ServerState.java:setRaftConf(386)) - omNode-bootstrap-2@group-0AAC5367B30E: set configuration conf: {index: 0, cur=peers:[omNode-3|localhost:15023, omNode-1|localhost:15015, omNode-2|localhost:15019]|listeners:[], old=null}
2024-07-18 11:33:56,767 [grpc-default-executor-5] INFO  ratis.OzoneManagerStateMachine (OzoneManagerStateMachine.java:notifyConfigurationChanged(216)) - Received Configuration change notification from Ratis. New Peer list:
[id: "omNode-3"
address: "localhost:15023"
startupRole: FOLLOWER
, id: "omNode-1"
address: "localhost:15015"
startupRole: FOLLOWER
, id: "omNode-2"
address: "localhost:15019"
startupRole: FOLLOWER
]
2024-07-18 11:33:56,767 [grpc-default-executor-5] INFO  impl.SnapshotInstallationHandler (SnapshotInstallationHandler.java:installSnapshot(103)) - omNode-bootstrap-2@group-0AAC5367B30E: reply installSnapshot: omNode-1<-omNode-bootstrap-2#0:FAIL-t1,IN_PROGRESS,snapshotIndex=0
2024-07-18 11:33:56,767 [grpc-default-executor-5] INFO  server.GrpcServerProtocolService (GrpcServerProtocolService.java:onCompleted(157)) - omNode-bootstrap-2: Completed INSTALL_SNAPSHOT, lastRequest: omNode-1->omNode-bootstrap-2#0-t1,notify:(t:1, i:0)
2024-07-18 11:33:56,767 [grpc-default-executor-5] INFO  server.GrpcServerProtocolService (GrpcServerProtocolService.java:lambda$onCompleted$5(159)) - omNode-bootstrap-2: Completed INSTALL_SNAPSHOT, lastReply: null
2024-07-18 11:33:56,769 [omNode-bootstrap-2-server-thread1] INFO  server.RaftServer$Division (RaftServerImpl.java:checkInconsistentAppendEntries(1629)) - omNode-bootstrap-2@group-0AAC5367B30E: Failed appendEntries as snapshot (0) installation is in progress
2024-07-18 11:33:56,769 [grpc-default-executor-0] INFO  impl.SnapshotInstallationHandler (SnapshotInstallationHandler.java:installSnapshot(92)) - omNode-bootstrap-2@group-0AAC5367B30E: receive installSnapshot: omNode-1->omNode-bootstrap-2#0-t1,notify:(t:1, i:0)
2024-07-18 11:33:56,769 [omNode-bootstrap-2-server-thread1] INFO  server.RaftServer$Division (RaftServerImpl.java:appendEntriesAsync(1584)) - omNode-bootstrap-2@group-0AAC5367B30E: appendEntries* reply omNode-1<-omNode-bootstrap-2#267:FAIL-t1,INCONSISTENCY,nextIndex=0,followerCommit=-1,matchIndex=-1
2024-07-18 11:33:56,769 [grpc-default-executor-0] INFO  impl.SnapshotInstallationHandler (SnapshotInstallationHandler.java:installSnapshotImpl(138)) - omNode-bootstrap-2@group-0AAC5367B30E: set new configuration configurationEntry {
  peers {
    id: "omNode-3"
    address: "localhost:15023"
    startupRole: FOLLOWER
  }
  peers {
    id: "omNode-1"
    address: "localhost:15015"
    startupRole: FOLLOWER
  }
  peers {
    id: "omNode-2"
    address: "localhost:15019"
    startupRole: FOLLOWER
  }
}
 from snapshot
2024-07-18 11:33:56,769 [grpc-default-executor-0] INFO  server.RaftServer$Division (ServerState.java:setRaftConf(386)) - omNode-bootstrap-2@group-0AAC5367B30E: set configuration conf: {index: 0, cur=peers:[omNode-3|localhost:15023, omNode-1|localhost:15015, omNode-2|localhost:15019]|listeners:[], old=null}
2024-07-18 11:33:56,770 [grpc-default-executor-0] INFO  ratis.OzoneManagerStateMachine (OzoneManagerStateMachine.java:notifyConfigurationChanged(216)) - Received Configuration change notification from Ratis. New Peer list:
[id: "omNode-3"
address: "localhost:15023"
startupRole: FOLLOWER
, id: "omNode-1"
address: "localhost:15015"
startupRole: FOLLOWER
, id: "omNode-2"
address: "localhost:15019"
startupRole: FOLLOWER
]
2024-07-18 11:33:56,770 [grpc-default-executor-0] INFO  impl.SnapshotInstallationHandler (SnapshotInstallationHandler.java:installSnapshot(103)) - omNode-bootstrap-2@group-0AAC5367B30E: reply installSnapshot: omNode-1<-omNode-bootstrap-2#0:FAIL-t1,IN_PROGRESS,snapshotIndex=0
2024-07-18 11:33:56,771 [grpc-default-executor-0] INFO  server.GrpcServerProtocolService (GrpcServerProtocolService.java:onCompleted(157)) - omNode-bootstrap-2: Completed INSTALL_SNAPSHOT, lastRequest: omNode-1->omNode-bootstrap-2#0-t1,notify:(t:1, i:0)
2024-07-18 11:33:56,771 [grpc-default-executor-0] INFO  server.GrpcServerProtocolService (GrpcServerProtocolService.java:lambda$onCompleted$5(159)) - omNode-bootstrap-2: Completed INSTALL_SNAPSHOT, lastReply: null
2024-07-18 11:33:56,772 [omNode-bootstrap-2-server-thread1] INFO  server.RaftServer$Division (RaftServerImpl.java:checkInconsistentAppendEntries(1629)) - omNode-bootstrap-2@group-0AAC5367B30E: Failed appendEntries as snapshot (0) installation is in progress
2024-07-18 11:33:56,772 [omNode-bootstrap-2-server-thread1] INFO  server.RaftServer$Division (RaftServerImpl.java:appendEntriesAsync(1584)) - omNode-bootstrap-2@group-0AAC5367B30E: appendEntries* reply omNode-1<-omNode-bootstrap-2#268:FAIL-t1,INCONSISTENCY,nextIndex=0,followerCommit=-1,matchIndex=-1
2024-07-18 11:33:56,772 [grpc-default-executor-0] INFO  impl.SnapshotInstallationHandler (SnapshotInstallationHandler.java:installSnapshot(92)) - omNode-bootstrap-2@group-0AAC5367B30E: receive installSnapshot: omNode-1->omNode-bootstrap-2#0-t1,notify:(t:1, i:0)
2024-07-18 11:33:56,772 [grpc-default-executor-0] INFO  impl.SnapshotInstallationHandler (SnapshotInstallationHandler.java:installSnapshotImpl(138)) - omNode-bootstrap-2@group-0AAC5367B30E: set new configuration configurationEntry {
  peers {
    id: "omNode-3"
    address: "localhost:15023"
    startupRole: FOLLOWER
  }
  peers {
    id: "omNode-1"
    address: "localhost:15015"
    startupRole: FOLLOWER
  }
  peers {
    id: "omNode-2"
    address: "localhost:15019"
    startupRole: FOLLOWER
  }
}
 from snapshot
2024-07-18 11:33:56,773 [grpc-default-executor-0] INFO  server.RaftServer$Division (ServerState.java:setRaftConf(386)) - omNode-bootstrap-2@group-0AAC5367B30E: set configuration conf: {index: 0, cur=peers:[omNode-3|localhost:15023, omNode-1|localhost:15015, omNode-2|localhost:15019]|listeners:[], old=null}
2024-07-18 11:33:56,774 [grpc-default-executor-0] INFO  ratis.OzoneManagerStateMachine (OzoneManagerStateMachine.java:notifyConfigurationChanged(216)) - Received Configuration change notification from Ratis. New Peer list:
[id: "omNode-3"
address: "localhost:15023"
startupRole: FOLLOWER
, id: "omNode-1"
address: "localhost:15015"
startupRole: FOLLOWER
, id: "omNode-2"
address: "localhost:15019"
startupRole: FOLLOWER
]
2024-07-18 11:33:56,774 [grpc-default-executor-0] INFO  impl.SnapshotInstallationHandler (SnapshotInstallationHandler.java:installSnapshot(103)) - omNode-bootstrap-2@group-0AAC5367B30E: reply installSnapshot: omNode-1<-omNode-bootstrap-2#0:FAIL-t1,IN_PROGRESS,snapshotIndex=0
2024-07-18 11:33:56,774 [grpc-default-executor-0] INFO  server.GrpcServerProtocolService (GrpcServerProtocolService.java:onCompleted(157)) - omNode-bootstrap-2: Completed INSTALL_SNAPSHOT, lastRequest: omNode-1->omNode-bootstrap-2#0-t1,notify:(t:1, i:0)
2024-07-18 11:33:56,774 [grpc-default-executor-0] INFO  server.GrpcServerProtocolService (GrpcServerProtocolService.java:lambda$onCompleted$5(159)) - omNode-bootstrap-2: Completed INSTALL_SNAPSHOT, lastReply: null
2024-07-18 11:33:56,774 [omNode-bootstrap-2-server-thread1] INFO  server.RaftServer$Division (RaftServerImpl.java:checkInconsistentAppendEntries(1629)) - omNode-bootstrap-2@group-0AAC5367B30E: Failed appendEntries as snapshot (0) installation is in progress
2024-07-18 11:33:56,775 [omNode-bootstrap-2-server-thread1] INFO  server.RaftServer$Division (RaftServerImpl.java:appendEntriesAsync(1584)) - omNode-bootstrap-2@group-0AAC5367B30E: appendEntries* reply omNode-1<-omNode-bootstrap-2#269:FAIL-t1,INCONSISTENCY,nextIndex=0,followerCommit=-1,matchIndex=-1
2024-07-18 11:33:56,776 [grpc-default-executor-3] INFO  impl.SnapshotInstallationHandler (SnapshotInstallationHandler.java:installSnapshot(92)) - omNode-bootstrap-2@group-0AAC5367B30E: receive installSnapshot: omNode-1->omNode-bootstrap-2#0-t1,notify:(t:1, i:0)
2024-07-18 11:33:56,776 [grpc-default-executor-3] INFO  impl.SnapshotInstallationHandler (SnapshotInstallationHandler.java:installSnapshotImpl(138)) - omNode-bootstrap-2@group-0AAC5367B30E: set new configuration configurationEntry {
  peers {
    id: "omNode-3"
    address: "localhost:15023"
    startupRole: FOLLOWER
  }
  peers {
    id: "omNode-1"
    address: "localhost:15015"
    startupRole: FOLLOWER
  }
  peers {
    id: "omNode-2"
    address: "localhost:15019"
    startupRole: FOLLOWER
  }
}
 from snapshot
2024-07-18 11:33:56,776 [grpc-default-executor-3] INFO  server.RaftServer$Division (ServerState.java:setRaftConf(386)) - omNode-bootstrap-2@group-0AAC5367B30E: set configuration conf: {index: 0, cur=peers:[omNode-3|localhost:15023, omNode-1|localhost:15015, omNode-2|localhost:15019]|listeners:[], old=null}
2024-07-18 11:33:56,777 [grpc-default-executor-3] INFO  ratis.OzoneManagerStateMachine (OzoneManagerStateMachine.java:notifyConfigurationChanged(216)) - Received Configuration change notification from Ratis. New Peer list:
[id: "omNode-3"
address: "localhost:15023"
startupRole: FOLLOWER
, id: "omNode-1"
address: "localhost:15015"
startupRole: FOLLOWER
, id: "omNode-2"
address: "localhost:15019"
startupRole: FOLLOWER
]
2024-07-18 11:33:56,777 [grpc-default-executor-3] INFO  impl.SnapshotInstallationHandler (SnapshotInstallationHandler.java:installSnapshot(103)) - omNode-bootstrap-2@group-0AAC5367B30E: reply installSnapshot: omNode-1<-omNode-bootstrap-2#0:FAIL-t1,IN_PROGRESS,snapshotIndex=0
2024-07-18 11:33:56,777 [grpc-default-executor-3] INFO  server.GrpcServerProtocolService (GrpcServerProtocolService.java:onCompleted(157)) - omNode-bootstrap-2: Completed INSTALL_SNAPSHOT, lastRequest: omNode-1->omNode-bootstrap-2#0-t1,notify:(t:1, i:0)
2024-07-18 11:33:56,777 [grpc-default-executor-3] INFO  server.GrpcServerProtocolService (GrpcServerProtocolService.java:lambda$onCompleted$5(159)) - omNode-bootstrap-2: Completed INSTALL_SNAPSHOT, lastReply: null
2024-07-18 11:33:56,778 [grpc-default-executor-0] INFO  impl.SnapshotInstallationHandler (SnapshotInstallationHandler.java:installSnapshot(92)) - omNode-bootstrap-2@group-0AAC5367B30E: receive installSnapshot: omNode-1->omNode-bootstrap-2#0-t1,notify:(t:1, i:0)
2024-07-18 11:33:56,779 [grpc-default-executor-0] INFO  impl.SnapshotInstallationHandler (SnapshotInstallationHandler.java:installSnapshotImpl(138)) - omNode-bootstrap-2@group-0AAC5367B30E: set new configuration configurationEntry {
  peers {
    id: "omNode-3"
    address: "localhost:15023"
    startupRole: FOLLOWER
  }
  peers {
    id: "omNode-1"
    address: "localhost:15015"
    startupRole: FOLLOWER
  }
  peers {
    id: "omNode-2"
    address: "localhost:15019"
    startupRole: FOLLOWER
  }
}
 from snapshot
2024-07-18 11:33:56,779 [grpc-default-executor-0] INFO  server.RaftServer$Division (ServerState.java:setRaftConf(386)) - omNode-bootstrap-2@group-0AAC5367B30E: set configuration conf: {index: 0, cur=peers:[omNode-3|localhost:15023, omNode-1|localhost:15015, omNode-2|localhost:15019]|listeners:[], old=null}
2024-07-18 11:33:56,779 [omNode-bootstrap-2-server-thread1] INFO  server.RaftServer$Division (RaftServerImpl.java:checkInconsistentAppendEntries(1629)) - omNode-bootstrap-2@group-0AAC5367B30E: Failed appendEntries as snapshot (0) installation is in progress
2024-07-18 11:33:56,779 [omNode-bootstrap-2-server-thread1] INFO  server.RaftServer$Division (RaftServerImpl.java:appendEntriesAsync(1584)) - omNode-bootstrap-2@group-0AAC5367B30E: appendEntries* reply omNode-1<-omNode-bootstrap-2#270:FAIL-t1,INCONSISTENCY,nextIndex=0,followerCommit=-1,matchIndex=-1
2024-07-18 11:33:56,780 [grpc-default-executor-0] INFO  ratis.OzoneManagerStateMachine (OzoneManagerStateMachine.java:notifyConfigurationChanged(216)) - Received Configuration change notification from Ratis. New Peer list:
[id: "omNode-3"
address: "localhost:15023"
startupRole: FOLLOWER
, id: "omNode-1"
address: "localhost:15015"
startupRole: FOLLOWER
, id: "omNode-2"
address: "localhost:15019"
startupRole: FOLLOWER
]
2024-07-18 11:33:56,780 [grpc-default-executor-0] INFO  impl.SnapshotInstallationHandler (SnapshotInstallationHandler.java:installSnapshot(103)) - omNode-bootstrap-2@group-0AAC5367B30E: reply installSnapshot: omNode-1<-omNode-bootstrap-2#0:FAIL-t1,IN_PROGRESS,snapshotIndex=0
2024-07-18 11:33:56,780 [grpc-default-executor-0] INFO  server.GrpcServerProtocolService (GrpcServerProtocolService.java:onCompleted(157)) - omNode-bootstrap-2: Completed INSTALL_SNAPSHOT, lastRequest: omNode-1->omNode-bootstrap-2#0-t1,notify:(t:1, i:0)
2024-07-18 11:33:56,780 [grpc-default-executor-0] INFO  server.GrpcServerProtocolService (GrpcServerProtocolService.java:lambda$onCompleted$5(159)) - omNode-bootstrap-2: Completed INSTALL_SNAPSHOT, lastReply: null
2024-07-18 11:33:56,782 [omNode-bootstrap-2-server-thread1] INFO  server.RaftServer$Division (RaftServerImpl.java:checkInconsistentAppendEntries(1629)) - omNode-bootstrap-2@group-0AAC5367B30E: Failed appendEntries as snapshot (0) installation is in progress
2024-07-18 11:33:56,782 [omNode-bootstrap-2-server-thread1] INFO  server.RaftServer$Division (RaftServerImpl.java:appendEntriesAsync(1584)) - omNode-bootstrap-2@group-0AAC5367B30E: appendEntries* reply omNode-1<-omNode-bootstrap-2#271:FAIL-t1,INCONSISTENCY,nextIndex=0,followerCommit=-1,matchIndex=-1
2024-07-18 11:33:56,783 [grpc-default-executor-0] INFO  impl.SnapshotInstallationHandler (SnapshotInstallationHandler.java:installSnapshot(92)) - omNode-bootstrap-2@group-0AAC5367B30E: receive installSnapshot: omNode-1->omNode-bootstrap-2#0-t1,notify:(t:1, i:0)
2024-07-18 11:33:56,783 [grpc-default-executor-0] INFO  impl.SnapshotInstallationHandler (SnapshotInstallationHandler.java:installSnapshotImpl(138)) - omNode-bootstrap-2@group-0AAC5367B30E: set new configuration configurationEntry {
  peers {
    id: "omNode-3"
    address: "localhost:15023"
    startupRole: FOLLOWER
  }
  peers {
    id: "omNode-1"
    address: "localhost:15015"
    startupRole: FOLLOWER
  }
  peers {
    id: "omNode-2"
    address: "localhost:15019"
    startupRole: FOLLOWER
  }
}
 from snapshot
2024-07-18 11:33:56,783 [grpc-default-executor-0] INFO  server.RaftServer$Division (ServerState.java:setRaftConf(386)) - omNode-bootstrap-2@group-0AAC5367B30E: set configuration conf: {index: 0, cur=peers:[omNode-3|localhost:15023, omNode-1|localhost:15015, omNode-2|localhost:15019]|listeners:[], old=null}
2024-07-18 11:33:56,784 [grpc-default-executor-0] INFO  ratis.OzoneManagerStateMachine (OzoneManagerStateMachine.java:notifyConfigurationChanged(216)) - Received Configuration change notification from Ratis. New Peer list:
[id: "omNode-3"
address: "localhost:15023"
startupRole: FOLLOWER
, id: "omNode-1"
address: "localhost:15015"
startupRole: FOLLOWER
, id: "omNode-2"
address: "localhost:15019"
startupRole: FOLLOWER
]
2024-07-18 11:33:56,784 [grpc-default-executor-0] INFO  impl.SnapshotInstallationHandler (SnapshotInstallationHandler.java:installSnapshot(103)) - omNode-bootstrap-2@group-0AAC5367B30E: reply installSnapshot: omNode-1<-omNode-bootstrap-2#0:FAIL-t1,IN_PROGRESS,snapshotIndex=0
2024-07-18 11:33:56,785 [grpc-default-executor-0] INFO  server.GrpcServerProtocolService (GrpcServerProtocolService.java:onCompleted(157)) - omNode-bootstrap-2: Completed INSTALL_SNAPSHOT, lastRequest: omNode-1->omNode-bootstrap-2#0-t1,notify:(t:1, i:0)
2024-07-18 11:33:56,785 [grpc-default-executor-0] INFO  server.GrpcServerProtocolService (GrpcServerProtocolService.java:lambda$onCompleted$5(159)) - omNode-bootstrap-2: Completed INSTALL_SNAPSHOT, lastReply: null
2024-07-18 11:33:56,786 [omNode-bootstrap-2-server-thread1] INFO  server.RaftServer$Division (RaftServerImpl.java:checkInconsistentAppendEntries(1629)) - omNode-bootstrap-2@group-0AAC5367B30E: Failed appendEntries as snapshot (0) installation is in progress
2024-07-18 11:33:56,786 [omNode-bootstrap-2-server-thread1] INFO  server.RaftServer$Division (RaftServerImpl.java:appendEntriesAsync(1584)) - omNode-bootstrap-2@group-0AAC5367B30E: appendEntries* reply omNode-1<-omNode-bootstrap-2#272:FAIL-t1,INCONSISTENCY,nextIndex=0,followerCommit=-1,matchIndex=-1
2024-07-18 11:33:56,786 [grpc-default-executor-3] INFO  impl.SnapshotInstallationHandler (SnapshotInstallationHandler.java:installSnapshot(92)) - omNode-bootstrap-2@group-0AAC5367B30E: receive installSnapshot: omNode-1->omNode-bootstrap-2#0-t1,notify:(t:1, i:0)
2024-07-18 11:33:56,786 [grpc-default-executor-3] INFO  impl.SnapshotInstallationHandler (SnapshotInstallationHandler.java:installSnapshotImpl(138)) - omNode-bootstrap-2@group-0AAC5367B30E: set new configuration configurationEntry {
  peers {
    id: "omNode-3"
    address: "localhost:15023"
    startupRole: FOLLOWER
  }
  peers {
    id: "omNode-1"
    address: "localhost:15015"
    startupRole: FOLLOWER
  }
  peers {
    id: "omNode-2"
    address: "localhost:15019"
    startupRole: FOLLOWER
  }
}
 from snapshot
2024-07-18 11:33:56,786 [grpc-default-executor-3] INFO  server.RaftServer$Division (ServerState.java:setRaftConf(386)) - omNode-bootstrap-2@group-0AAC5367B30E: set configuration conf: {index: 0, cur=peers:[omNode-3|localhost:15023, omNode-1|localhost:15015, omNode-2|localhost:15019]|listeners:[], old=null}
2024-07-18 11:33:56,788 [grpc-default-executor-3] INFO  ratis.OzoneManagerStateMachine (OzoneManagerStateMachine.java:notifyConfigurationChanged(216)) - Received Configuration change notification from Ratis. New Peer list:
[id: "omNode-3"
address: "localhost:15023"
startupRole: FOLLOWER
, id: "omNode-1"
address: "localhost:15015"
startupRole: FOLLOWER
, id: "omNode-2"
address: "localhost:15019"
startupRole: FOLLOWER
]
2024-07-18 11:33:56,788 [grpc-default-executor-3] INFO  impl.SnapshotInstallationHandler (SnapshotInstallationHandler.java:installSnapshot(103)) - omNode-bootstrap-2@group-0AAC5367B30E: reply installSnapshot: omNode-1<-omNode-bootstrap-2#0:FAIL-t1,IN_PROGRESS,snapshotIndex=0
2024-07-18 11:33:56,788 [grpc-default-executor-3] INFO  server.GrpcServerProtocolService (GrpcServerProtocolService.java:onCompleted(157)) - omNode-bootstrap-2: Completed INSTALL_SNAPSHOT, lastRequest: omNode-1->omNode-bootstrap-2#0-t1,notify:(t:1, i:0)
2024-07-18 11:33:56,788 [grpc-default-executor-3] INFO  server.GrpcServerProtocolService (GrpcServerProtocolService.java:lambda$onCompleted$5(159)) - omNode-bootstrap-2: Completed INSTALL_SNAPSHOT, lastReply: null
2024-07-18 11:33:56,790 [omNode-bootstrap-2-server-thread1] INFO  server.RaftServer$Division (RaftServerImpl.java:checkInconsistentAppendEntries(1629)) - omNode-bootstrap-2@group-0AAC5367B30E: Failed appendEntries as snapshot (0) installation is in progress
2024-07-18 11:33:56,790 [omNode-bootstrap-2-server-thread1] INFO  server.RaftServer$Division (RaftServerImpl.java:appendEntriesAsync(1584)) - omNode-bootstrap-2@group-0AAC5367B30E: appendEntries* reply omNode-1<-omNode-bootstrap-2#273:FAIL-t1,INCONSISTENCY,nextIndex=0,followerCommit=-1,matchIndex=-1
2024-07-18 11:33:56,790 [grpc-default-executor-0] INFO  impl.SnapshotInstallationHandler (SnapshotInstallationHandler.java:installSnapshot(92)) - omNode-bootstrap-2@group-0AAC5367B30E: receive installSnapshot: omNode-1->omNode-bootstrap-2#0-t1,notify:(t:1, i:0)
2024-07-18 11:33:56,790 [grpc-default-executor-0] INFO  impl.SnapshotInstallationHandler (SnapshotInstallationHandler.java:installSnapshotImpl(138)) - omNode-bootstrap-2@group-0AAC5367B30E: set new configuration configurationEntry {
  peers {
    id: "omNode-3"
    address: "localhost:15023"
    startupRole: FOLLOWER
  }
  peers {
    id: "omNode-1"
    address: "localhost:15015"
    startupRole: FOLLOWER
  }
  peers {
    id: "omNode-2"
    address: "localhost:15019"
    startupRole: FOLLOWER
  }
}
 from snapshot
2024-07-18 11:33:56,791 [grpc-default-executor-0] INFO  server.RaftServer$Division (ServerState.java:setRaftConf(386)) - omNode-bootstrap-2@group-0AAC5367B30E: set configuration conf: {index: 0, cur=peers:[omNode-3|localhost:15023, omNode-1|localhost:15015, omNode-2|localhost:15019]|listeners:[], old=null}
2024-07-18 11:33:56,792 [grpc-default-executor-0] INFO  ratis.OzoneManagerStateMachine (OzoneManagerStateMachine.java:notifyConfigurationChanged(216)) - Received Configuration change notification from Ratis. New Peer list:
[id: "omNode-3"
address: "localhost:15023"
startupRole: FOLLOWER
, id: "omNode-1"
address: "localhost:15015"
startupRole: FOLLOWER
, id: "omNode-2"
address: "localhost:15019"
startupRole: FOLLOWER
]
2024-07-18 11:33:56,792 [grpc-default-executor-0] INFO  impl.SnapshotInstallationHandler (SnapshotInstallationHandler.java:installSnapshot(103)) - omNode-bootstrap-2@group-0AAC5367B30E: reply installSnapshot: omNode-1<-omNode-bootstrap-2#0:FAIL-t1,IN_PROGRESS,snapshotIndex=0
2024-07-18 11:33:56,792 [grpc-default-executor-0] INFO  server.GrpcServerProtocolService (GrpcServerProtocolService.java:onCompleted(157)) - omNode-bootstrap-2: Completed INSTALL_SNAPSHOT, lastRequest: omNode-1->omNode-bootstrap-2#0-t1,notify:(t:1, i:0)
2024-07-18 11:33:56,792 [grpc-default-executor-0] INFO  server.GrpcServerProtocolService (GrpcServerProtocolService.java:lambda$onCompleted$5(159)) - omNode-bootstrap-2: Completed INSTALL_SNAPSHOT, lastReply: null
2024-07-18 11:33:56,793 [omNode-bootstrap-2-server-thread1] INFO  server.RaftServer$Division (RaftServerImpl.java:checkInconsistentAppendEntries(1629)) - omNode-bootstrap-2@group-0AAC5367B30E: Failed appendEntries as snapshot (0) installation is in progress
2024-07-18 11:33:56,793 [omNode-bootstrap-2-server-thread1] INFO  server.RaftServer$Division (RaftServerImpl.java:appendEntriesAsync(1584)) - omNode-bootstrap-2@group-0AAC5367B30E: appendEntries* reply omNode-1<-omNode-bootstrap-2#274:FAIL-t1,INCONSISTENCY,nextIndex=0,followerCommit=-1,matchIndex=-1
2024-07-18 11:33:56,794 [grpc-default-executor-5] INFO  impl.SnapshotInstallationHandler (SnapshotInstallationHandler.java:installSnapshot(92)) - omNode-bootstrap-2@group-0AAC5367B30E: receive installSnapshot: omNode-1->omNode-bootstrap-2#0-t1,notify:(t:1, i:0)
2024-07-18 11:33:56,794 [grpc-default-executor-5] INFO  impl.SnapshotInstallationHandler (SnapshotInstallationHandler.java:installSnapshotImpl(138)) - omNode-bootstrap-2@group-0AAC5367B30E: set new configuration configurationEntry {
  peers {
    id: "omNode-3"
    address: "localhost:15023"
    startupRole: FOLLOWER
  }
  peers {
    id: "omNode-1"
    address: "localhost:15015"
    startupRole: FOLLOWER
  }
  peers {
    id: "omNode-2"
    address: "localhost:15019"
    startupRole: FOLLOWER
  }
}
 from snapshot
2024-07-18 11:33:56,794 [grpc-default-executor-5] INFO  server.RaftServer$Division (ServerState.java:setRaftConf(386)) - omNode-bootstrap-2@group-0AAC5367B30E: set configuration conf: {index: 0, cur=peers:[omNode-3|localhost:15023, omNode-1|localhost:15015, omNode-2|localhost:15019]|listeners:[], old=null}
2024-07-18 11:33:56,795 [grpc-default-executor-5] INFO  ratis.OzoneManagerStateMachine (OzoneManagerStateMachine.java:notifyConfigurationChanged(216)) - Received Configuration change notification from Ratis. New Peer list:
[id: "omNode-3"
address: "localhost:15023"
startupRole: FOLLOWER
, id: "omNode-1"
address: "localhost:15015"
startupRole: FOLLOWER
, id: "omNode-2"
address: "localhost:15019"
startupRole: FOLLOWER
]
2024-07-18 11:33:56,795 [grpc-default-executor-5] INFO  impl.SnapshotInstallationHandler (SnapshotInstallationHandler.java:installSnapshot(103)) - omNode-bootstrap-2@group-0AAC5367B30E: reply installSnapshot: omNode-1<-omNode-bootstrap-2#0:FAIL-t1,IN_PROGRESS,snapshotIndex=0
2024-07-18 11:33:56,795 [grpc-default-executor-5] INFO  server.GrpcServerProtocolService (GrpcServerProtocolService.java:onCompleted(157)) - omNode-bootstrap-2: Completed INSTALL_SNAPSHOT, lastRequest: omNode-1->omNode-bootstrap-2#0-t1,notify:(t:1, i:0)
2024-07-18 11:33:56,795 [grpc-default-executor-5] INFO  server.GrpcServerProtocolService (GrpcServerProtocolService.java:lambda$onCompleted$5(159)) - omNode-bootstrap-2: Completed INSTALL_SNAPSHOT, lastReply: null
2024-07-18 11:33:56,796 [omNode-bootstrap-2-server-thread1] INFO  server.RaftServer$Division (RaftServerImpl.java:checkInconsistentAppendEntries(1629)) - omNode-bootstrap-2@group-0AAC5367B30E: Failed appendEntries as snapshot (0) installation is in progress
2024-07-18 11:33:56,797 [omNode-bootstrap-2-server-thread1] INFO  server.RaftServer$Division (RaftServerImpl.java:appendEntriesAsync(1584)) - omNode-bootstrap-2@group-0AAC5367B30E: appendEntries* reply omNode-1<-omNode-bootstrap-2#275:FAIL-t1,INCONSISTENCY,nextIndex=0,followerCommit=-1,matchIndex=-1
2024-07-18 11:33:56,797 [grpc-default-executor-0] INFO  impl.SnapshotInstallationHandler (SnapshotInstallationHandler.java:installSnapshot(92)) - omNode-bootstrap-2@group-0AAC5367B30E: receive installSnapshot: omNode-1->omNode-bootstrap-2#0-t1,notify:(t:1, i:0)
2024-07-18 11:33:56,798 [grpc-default-executor-0] INFO  impl.SnapshotInstallationHandler (SnapshotInstallationHandler.java:installSnapshotImpl(138)) - omNode-bootstrap-2@group-0AAC5367B30E: set new configuration configurationEntry {
  peers {
    id: "omNode-3"
    address: "localhost:15023"
    startupRole: FOLLOWER
  }
  peers {
    id: "omNode-1"
    address: "localhost:15015"
    startupRole: FOLLOWER
  }
  peers {
    id: "omNode-2"
    address: "localhost:15019"
    startupRole: FOLLOWER
  }
}
 from snapshot
2024-07-18 11:33:56,798 [grpc-default-executor-0] INFO  server.RaftServer$Division (ServerState.java:setRaftConf(386)) - omNode-bootstrap-2@group-0AAC5367B30E: set configuration conf: {index: 0, cur=peers:[omNode-3|localhost:15023, omNode-1|localhost:15015, omNode-2|localhost:15019]|listeners:[], old=null}
2024-07-18 11:33:56,799 [grpc-default-executor-0] INFO  ratis.OzoneManagerStateMachine (OzoneManagerStateMachine.java:notifyConfigurationChanged(216)) - Received Configuration change notification from Ratis. New Peer list:
[id: "omNode-3"
address: "localhost:15023"
startupRole: FOLLOWER
, id: "omNode-1"
address: "localhost:15015"
startupRole: FOLLOWER
, id: "omNode-2"
address: "localhost:15019"
startupRole: FOLLOWER
]
2024-07-18 11:33:56,799 [grpc-default-executor-0] INFO  impl.SnapshotInstallationHandler (SnapshotInstallationHandler.java:installSnapshot(103)) - omNode-bootstrap-2@group-0AAC5367B30E: reply installSnapshot: omNode-1<-omNode-bootstrap-2#0:FAIL-t1,IN_PROGRESS,snapshotIndex=0
2024-07-18 11:33:56,799 [grpc-default-executor-0] INFO  server.GrpcServerProtocolService (GrpcServerProtocolService.java:onCompleted(157)) - omNode-bootstrap-2: Completed INSTALL_SNAPSHOT, lastRequest: omNode-1->omNode-bootstrap-2#0-t1,notify:(t:1, i:0)
2024-07-18 11:33:56,799 [grpc-default-executor-0] INFO  server.GrpcServerProtocolService (GrpcServerProtocolService.java:lambda$onCompleted$5(159)) - omNode-bootstrap-2: Completed INSTALL_SNAPSHOT, lastReply: null
2024-07-18 11:33:56,800 [omNode-bootstrap-2-server-thread1] INFO  server.RaftServer$Division (RaftServerImpl.java:checkInconsistentAppendEntries(1629)) - omNode-bootstrap-2@group-0AAC5367B30E: Failed appendEntries as snapshot (0) installation is in progress
2024-07-18 11:33:56,800 [omNode-bootstrap-2-server-thread1] INFO  server.RaftServer$Division (RaftServerImpl.java:appendEntriesAsync(1584)) - omNode-bootstrap-2@group-0AAC5367B30E: appendEntries* reply omNode-1<-omNode-bootstrap-2#276:FAIL-t1,INCONSISTENCY,nextIndex=0,followerCommit=-1,matchIndex=-1
2024-07-18 11:33:56,801 [grpc-default-executor-3] INFO  impl.SnapshotInstallationHandler (SnapshotInstallationHandler.java:installSnapshot(92)) - omNode-bootstrap-2@group-0AAC5367B30E: receive installSnapshot: omNode-1->omNode-bootstrap-2#0-t1,notify:(t:1, i:0)
2024-07-18 11:33:56,801 [grpc-default-executor-3] INFO  impl.SnapshotInstallationHandler (SnapshotInstallationHandler.java:installSnapshotImpl(138)) - omNode-bootstrap-2@group-0AAC5367B30E: set new configuration configurationEntry {
  peers {
    id: "omNode-3"
    address: "localhost:15023"
    startupRole: FOLLOWER
  }
  peers {
    id: "omNode-1"
    address: "localhost:15015"
    startupRole: FOLLOWER
  }
  peers {
    id: "omNode-2"
    address: "localhost:15019"
    startupRole: FOLLOWER
  }
}
 from snapshot
2024-07-18 11:33:56,801 [grpc-default-executor-3] INFO  server.RaftServer$Division (ServerState.java:setRaftConf(386)) - omNode-bootstrap-2@group-0AAC5367B30E: set configuration conf: {index: 0, cur=peers:[omNode-3|localhost:15023, omNode-1|localhost:15015, omNode-2|localhost:15019]|listeners:[], old=null}
2024-07-18 11:33:56,802 [grpc-default-executor-3] INFO  ratis.OzoneManagerStateMachine (OzoneManagerStateMachine.java:notifyConfigurationChanged(216)) - Received Configuration change notification from Ratis. New Peer list:
[id: "omNode-3"
address: "localhost:15023"
startupRole: FOLLOWER
, id: "omNode-1"
address: "localhost:15015"
startupRole: FOLLOWER
, id: "omNode-2"
address: "localhost:15019"
startupRole: FOLLOWER
]
2024-07-18 11:33:56,802 [grpc-default-executor-3] INFO  impl.SnapshotInstallationHandler (SnapshotInstallationHandler.java:installSnapshot(103)) - omNode-bootstrap-2@group-0AAC5367B30E: reply installSnapshot: omNode-1<-omNode-bootstrap-2#0:FAIL-t1,IN_PROGRESS,snapshotIndex=0
2024-07-18 11:33:56,802 [grpc-default-executor-3] INFO  server.GrpcServerProtocolService (GrpcServerProtocolService.java:onCompleted(157)) - omNode-bootstrap-2: Completed INSTALL_SNAPSHOT, lastRequest: omNode-1->omNode-bootstrap-2#0-t1,notify:(t:1, i:0)
2024-07-18 11:33:56,802 [grpc-default-executor-3] INFO  server.GrpcServerProtocolService (GrpcServerProtocolService.java:lambda$onCompleted$5(159)) - omNode-bootstrap-2: Completed INSTALL_SNAPSHOT, lastReply: null
2024-07-18 11:33:56,804 [grpc-default-executor-3] INFO  impl.SnapshotInstallationHandler (SnapshotInstallationHandler.java:installSnapshot(92)) - omNode-bootstrap-2@group-0AAC5367B30E: receive installSnapshot: omNode-1->omNode-bootstrap-2#0-t1,notify:(t:1, i:0)
2024-07-18 11:33:56,804 [grpc-default-executor-3] INFO  impl.SnapshotInstallationHandler (SnapshotInstallationHandler.java:installSnapshotImpl(138)) - omNode-bootstrap-2@group-0AAC5367B30E: set new configuration configurationEntry {
  peers {
    id: "omNode-3"
    address: "localhost:15023"
    startupRole: FOLLOWER
  }
  peers {
    id: "omNode-1"
    address: "localhost:15015"
    startupRole: FOLLOWER
  }
  peers {
    id: "omNode-2"
    address: "localhost:15019"
    startupRole: FOLLOWER
  }
}
 from snapshot
2024-07-18 11:33:56,804 [grpc-default-executor-3] INFO  server.RaftServer$Division (ServerState.java:setRaftConf(386)) - omNode-bootstrap-2@group-0AAC5367B30E: set configuration conf: {index: 0, cur=peers:[omNode-3|localhost:15023, omNode-1|localhost:15015, omNode-2|localhost:15019]|listeners:[], old=null}
2024-07-18 11:33:56,804 [omNode-bootstrap-2-server-thread1] INFO  server.RaftServer$Division (RaftServerImpl.java:checkInconsistentAppendEntries(1629)) - omNode-bootstrap-2@group-0AAC5367B30E: Failed appendEntries as snapshot (0) installation is in progress
2024-07-18 11:33:56,804 [omNode-bootstrap-2-server-thread1] INFO  server.RaftServer$Division (RaftServerImpl.java:appendEntriesAsync(1584)) - omNode-bootstrap-2@group-0AAC5367B30E: appendEntries* reply omNode-1<-omNode-bootstrap-2#277:FAIL-t1,INCONSISTENCY,nextIndex=0,followerCommit=-1,matchIndex=-1
2024-07-18 11:33:56,805 [grpc-default-executor-3] INFO  ratis.OzoneManagerStateMachine (OzoneManagerStateMachine.java:notifyConfigurationChanged(216)) - Received Configuration change notification from Ratis. New Peer list:
[id: "omNode-3"
address: "localhost:15023"
startupRole: FOLLOWER
, id: "omNode-1"
address: "localhost:15015"
startupRole: FOLLOWER
, id: "omNode-2"
address: "localhost:15019"
startupRole: FOLLOWER
]
2024-07-18 11:33:56,805 [grpc-default-executor-3] INFO  impl.SnapshotInstallationHandler (SnapshotInstallationHandler.java:installSnapshot(103)) - omNode-bootstrap-2@group-0AAC5367B30E: reply installSnapshot: omNode-1<-omNode-bootstrap-2#0:FAIL-t1,IN_PROGRESS,snapshotIndex=0
2024-07-18 11:33:56,805 [grpc-default-executor-3] INFO  server.GrpcServerProtocolService (GrpcServerProtocolService.java:onCompleted(157)) - omNode-bootstrap-2: Completed INSTALL_SNAPSHOT, lastRequest: omNode-1->omNode-bootstrap-2#0-t1,notify:(t:1, i:0)
2024-07-18 11:33:56,805 [grpc-default-executor-3] INFO  server.GrpcServerProtocolService (GrpcServerProtocolService.java:lambda$onCompleted$5(159)) - omNode-bootstrap-2: Completed INSTALL_SNAPSHOT, lastReply: null
2024-07-18 11:33:56,806 [omNode-bootstrap-2-server-thread1] INFO  server.RaftServer$Division (RaftServerImpl.java:checkInconsistentAppendEntries(1629)) - omNode-bootstrap-2@group-0AAC5367B30E: Failed appendEntries as snapshot (0) installation is in progress
2024-07-18 11:33:56,807 [omNode-bootstrap-2-server-thread1] INFO  server.RaftServer$Division (RaftServerImpl.java:appendEntriesAsync(1584)) - omNode-bootstrap-2@group-0AAC5367B30E: appendEntries* reply omNode-1<-omNode-bootstrap-2#278:FAIL-t1,INCONSISTENCY,nextIndex=0,followerCommit=-1,matchIndex=-1
2024-07-18 11:33:56,807 [grpc-default-executor-5] INFO  impl.SnapshotInstallationHandler (SnapshotInstallationHandler.java:installSnapshot(92)) - omNode-bootstrap-2@group-0AAC5367B30E: receive installSnapshot: omNode-1->omNode-bootstrap-2#0-t1,notify:(t:1, i:0)
2024-07-18 11:33:56,807 [grpc-default-executor-5] INFO  impl.SnapshotInstallationHandler (SnapshotInstallationHandler.java:installSnapshotImpl(138)) - omNode-bootstrap-2@group-0AAC5367B30E: set new configuration configurationEntry {
  peers {
    id: "omNode-3"
    address: "localhost:15023"
    startupRole: FOLLOWER
  }
  peers {
    id: "omNode-1"
    address: "localhost:15015"
    startupRole: FOLLOWER
  }
  peers {
    id: "omNode-2"
    address: "localhost:15019"
    startupRole: FOLLOWER
  }
}
 from snapshot
2024-07-18 11:33:56,807 [grpc-default-executor-5] INFO  server.RaftServer$Division (ServerState.java:setRaftConf(386)) - omNode-bootstrap-2@group-0AAC5367B30E: set configuration conf: {index: 0, cur=peers:[omNode-3|localhost:15023, omNode-1|localhost:15015, omNode-2|localhost:15019]|listeners:[], old=null}
2024-07-18 11:33:56,808 [grpc-default-executor-5] INFO  ratis.OzoneManagerStateMachine (OzoneManagerStateMachine.java:notifyConfigurationChanged(216)) - Received Configuration change notification from Ratis. New Peer list:
[id: "omNode-3"
address: "localhost:15023"
startupRole: FOLLOWER
, id: "omNode-1"
address: "localhost:15015"
startupRole: FOLLOWER
, id: "omNode-2"
address: "localhost:15019"
startupRole: FOLLOWER
]
2024-07-18 11:33:56,808 [grpc-default-executor-5] INFO  impl.SnapshotInstallationHandler (SnapshotInstallationHandler.java:installSnapshot(103)) - omNode-bootstrap-2@group-0AAC5367B30E: reply installSnapshot: omNode-1<-omNode-bootstrap-2#0:FAIL-t1,IN_PROGRESS,snapshotIndex=0
2024-07-18 11:33:56,809 [grpc-default-executor-5] INFO  server.GrpcServerProtocolService (GrpcServerProtocolService.java:onCompleted(157)) - omNode-bootstrap-2: Completed INSTALL_SNAPSHOT, lastRequest: omNode-1->omNode-bootstrap-2#0-t1,notify:(t:1, i:0)
2024-07-18 11:33:56,809 [grpc-default-executor-5] INFO  server.GrpcServerProtocolService (GrpcServerProtocolService.java:lambda$onCompleted$5(159)) - omNode-bootstrap-2: Completed INSTALL_SNAPSHOT, lastReply: null
2024-07-18 11:33:56,810 [omNode-bootstrap-2-server-thread1] INFO  server.RaftServer$Division (RaftServerImpl.java:checkInconsistentAppendEntries(1629)) - omNode-bootstrap-2@group-0AAC5367B30E: Failed appendEntries as snapshot (0) installation is in progress
2024-07-18 11:33:56,810 [omNode-bootstrap-2-server-thread1] INFO  server.RaftServer$Division (RaftServerImpl.java:appendEntriesAsync(1584)) - omNode-bootstrap-2@group-0AAC5367B30E: appendEntries* reply omNode-1<-omNode-bootstrap-2#279:FAIL-t1,INCONSISTENCY,nextIndex=0,followerCommit=-1,matchIndex=-1
2024-07-18 11:33:56,810 [grpc-default-executor-3] INFO  impl.SnapshotInstallationHandler (SnapshotInstallationHandler.java:installSnapshot(92)) - omNode-bootstrap-2@group-0AAC5367B30E: receive installSnapshot: omNode-1->omNode-bootstrap-2#0-t1,notify:(t:1, i:0)
2024-07-18 11:33:56,810 [grpc-default-executor-3] INFO  impl.SnapshotInstallationHandler (SnapshotInstallationHandler.java:installSnapshotImpl(138)) - omNode-bootstrap-2@group-0AAC5367B30E: set new configuration configurationEntry {
  peers {
    id: "omNode-3"
    address: "localhost:15023"
    startupRole: FOLLOWER
  }
  peers {
    id: "omNode-1"
    address: "localhost:15015"
    startupRole: FOLLOWER
  }
  peers {
    id: "omNode-2"
    address: "localhost:15019"
    startupRole: FOLLOWER
  }
}
 from snapshot
2024-07-18 11:33:56,810 [grpc-default-executor-3] INFO  server.RaftServer$Division (ServerState.java:setRaftConf(386)) - omNode-bootstrap-2@group-0AAC5367B30E: set configuration conf: {index: 0, cur=peers:[omNode-3|localhost:15023, omNode-1|localhost:15015, omNode-2|localhost:15019]|listeners:[], old=null}
2024-07-18 11:33:56,811 [grpc-default-executor-3] INFO  ratis.OzoneManagerStateMachine (OzoneManagerStateMachine.java:notifyConfigurationChanged(216)) - Received Configuration change notification from Ratis. New Peer list:
[id: "omNode-3"
address: "localhost:15023"
startupRole: FOLLOWER
, id: "omNode-1"
address: "localhost:15015"
startupRole: FOLLOWER
, id: "omNode-2"
address: "localhost:15019"
startupRole: FOLLOWER
]
2024-07-18 11:33:56,811 [grpc-default-executor-3] INFO  impl.SnapshotInstallationHandler (SnapshotInstallationHandler.java:installSnapshot(103)) - omNode-bootstrap-2@group-0AAC5367B30E: reply installSnapshot: omNode-1<-omNode-bootstrap-2#0:FAIL-t1,IN_PROGRESS,snapshotIndex=0
2024-07-18 11:33:56,812 [grpc-default-executor-3] INFO  server.GrpcServerProtocolService (GrpcServerProtocolService.java:onCompleted(157)) - omNode-bootstrap-2: Completed INSTALL_SNAPSHOT, lastRequest: omNode-1->omNode-bootstrap-2#0-t1,notify:(t:1, i:0)
2024-07-18 11:33:56,812 [grpc-default-executor-3] INFO  server.GrpcServerProtocolService (GrpcServerProtocolService.java:lambda$onCompleted$5(159)) - omNode-bootstrap-2: Completed INSTALL_SNAPSHOT, lastReply: null
2024-07-18 11:33:56,813 [omNode-bootstrap-2-server-thread1] INFO  server.RaftServer$Division (RaftServerImpl.java:checkInconsistentAppendEntries(1629)) - omNode-bootstrap-2@group-0AAC5367B30E: Failed appendEntries as snapshot (0) installation is in progress
2024-07-18 11:33:56,813 [omNode-bootstrap-2-server-thread1] INFO  server.RaftServer$Division (RaftServerImpl.java:appendEntriesAsync(1584)) - omNode-bootstrap-2@group-0AAC5367B30E: appendEntries* reply omNode-1<-omNode-bootstrap-2#280:FAIL-t1,INCONSISTENCY,nextIndex=0,followerCommit=-1,matchIndex=-1
2024-07-18 11:33:56,813 [grpc-default-executor-3] INFO  impl.SnapshotInstallationHandler (SnapshotInstallationHandler.java:installSnapshot(92)) - omNode-bootstrap-2@group-0AAC5367B30E: receive installSnapshot: omNode-1->omNode-bootstrap-2#0-t1,notify:(t:1, i:0)
2024-07-18 11:33:56,813 [grpc-default-executor-3] INFO  impl.SnapshotInstallationHandler (SnapshotInstallationHandler.java:installSnapshotImpl(138)) - omNode-bootstrap-2@group-0AAC5367B30E: set new configuration configurationEntry {
  peers {
    id: "omNode-3"
    address: "localhost:15023"
    startupRole: FOLLOWER
  }
  peers {
    id: "omNode-1"
    address: "localhost:15015"
    startupRole: FOLLOWER
  }
  peers {
    id: "omNode-2"
    address: "localhost:15019"
    startupRole: FOLLOWER
  }
}
 from snapshot
2024-07-18 11:33:56,813 [grpc-default-executor-3] INFO  server.RaftServer$Division (ServerState.java:setRaftConf(386)) - omNode-bootstrap-2@group-0AAC5367B30E: set configuration conf: {index: 0, cur=peers:[omNode-3|localhost:15023, omNode-1|localhost:15015, omNode-2|localhost:15019]|listeners:[], old=null}
2024-07-18 11:33:56,815 [grpc-default-executor-3] INFO  ratis.OzoneManagerStateMachine (OzoneManagerStateMachine.java:notifyConfigurationChanged(216)) - Received Configuration change notification from Ratis. New Peer list:
[id: "omNode-3"
address: "localhost:15023"
startupRole: FOLLOWER
, id: "omNode-1"
address: "localhost:15015"
startupRole: FOLLOWER
, id: "omNode-2"
address: "localhost:15019"
startupRole: FOLLOWER
]
2024-07-18 11:33:56,815 [grpc-default-executor-3] INFO  impl.SnapshotInstallationHandler (SnapshotInstallationHandler.java:installSnapshot(103)) - omNode-bootstrap-2@group-0AAC5367B30E: reply installSnapshot: omNode-1<-omNode-bootstrap-2#0:FAIL-t1,IN_PROGRESS,snapshotIndex=0
2024-07-18 11:33:56,815 [grpc-default-executor-3] INFO  server.GrpcServerProtocolService (GrpcServerProtocolService.java:onCompleted(157)) - omNode-bootstrap-2: Completed INSTALL_SNAPSHOT, lastRequest: omNode-1->omNode-bootstrap-2#0-t1,notify:(t:1, i:0)
2024-07-18 11:33:56,815 [grpc-default-executor-3] INFO  server.GrpcServerProtocolService (GrpcServerProtocolService.java:lambda$onCompleted$5(159)) - omNode-bootstrap-2: Completed INSTALL_SNAPSHOT, lastReply: null
2024-07-18 11:33:56,816 [omNode-bootstrap-2-server-thread1] INFO  server.RaftServer$Division (RaftServerImpl.java:checkInconsistentAppendEntries(1629)) - omNode-bootstrap-2@group-0AAC5367B30E: Failed appendEntries as snapshot (0) installation is in progress
2024-07-18 11:33:56,816 [omNode-bootstrap-2-server-thread1] INFO  server.RaftServer$Division (RaftServerImpl.java:appendEntriesAsync(1584)) - omNode-bootstrap-2@group-0AAC5367B30E: appendEntries* reply omNode-1<-omNode-bootstrap-2#281:FAIL-t1,INCONSISTENCY,nextIndex=0,followerCommit=-1,matchIndex=-1
2024-07-18 11:33:56,817 [grpc-default-executor-3] INFO  impl.SnapshotInstallationHandler (SnapshotInstallationHandler.java:installSnapshot(92)) - omNode-bootstrap-2@group-0AAC5367B30E: receive installSnapshot: omNode-1->omNode-bootstrap-2#0-t1,notify:(t:1, i:0)
2024-07-18 11:33:56,817 [grpc-default-executor-3] INFO  impl.SnapshotInstallationHandler (SnapshotInstallationHandler.java:installSnapshotImpl(138)) - omNode-bootstrap-2@group-0AAC5367B30E: set new configuration configurationEntry {
  peers {
    id: "omNode-3"
    address: "localhost:15023"
    startupRole: FOLLOWER
  }
  peers {
    id: "omNode-1"
    address: "localhost:15015"
    startupRole: FOLLOWER
  }
  peers {
    id: "omNode-2"
    address: "localhost:15019"
    startupRole: FOLLOWER
  }
}
 from snapshot
2024-07-18 11:33:56,817 [grpc-default-executor-3] INFO  server.RaftServer$Division (ServerState.java:setRaftConf(386)) - omNode-bootstrap-2@group-0AAC5367B30E: set configuration conf: {index: 0, cur=peers:[omNode-3|localhost:15023, omNode-1|localhost:15015, omNode-2|localhost:15019]|listeners:[], old=null}
2024-07-18 11:33:56,818 [grpc-default-executor-3] INFO  ratis.OzoneManagerStateMachine (OzoneManagerStateMachine.java:notifyConfigurationChanged(216)) - Received Configuration change notification from Ratis. New Peer list:
[id: "omNode-3"
address: "localhost:15023"
startupRole: FOLLOWER
, id: "omNode-1"
address: "localhost:15015"
startupRole: FOLLOWER
, id: "omNode-2"
address: "localhost:15019"
startupRole: FOLLOWER
]
2024-07-18 11:33:56,818 [grpc-default-executor-3] INFO  impl.SnapshotInstallationHandler (SnapshotInstallationHandler.java:installSnapshot(103)) - omNode-bootstrap-2@group-0AAC5367B30E: reply installSnapshot: omNode-1<-omNode-bootstrap-2#0:FAIL-t1,IN_PROGRESS,snapshotIndex=0
2024-07-18 11:33:56,818 [grpc-default-executor-3] INFO  server.GrpcServerProtocolService (GrpcServerProtocolService.java:onCompleted(157)) - omNode-bootstrap-2: Completed INSTALL_SNAPSHOT, lastRequest: omNode-1->omNode-bootstrap-2#0-t1,notify:(t:1, i:0)
2024-07-18 11:33:56,818 [grpc-default-executor-3] INFO  server.GrpcServerProtocolService (GrpcServerProtocolService.java:lambda$onCompleted$5(159)) - omNode-bootstrap-2: Completed INSTALL_SNAPSHOT, lastReply: null
2024-07-18 11:33:56,819 [omNode-bootstrap-2-server-thread1] INFO  server.RaftServer$Division (RaftServerImpl.java:checkInconsistentAppendEntries(1629)) - omNode-bootstrap-2@group-0AAC5367B30E: Failed appendEntries as snapshot (0) installation is in progress
2024-07-18 11:33:56,819 [omNode-bootstrap-2-server-thread1] INFO  server.RaftServer$Division (RaftServerImpl.java:appendEntriesAsync(1584)) - omNode-bootstrap-2@group-0AAC5367B30E: appendEntries* reply omNode-1<-omNode-bootstrap-2#282:FAIL-t1,INCONSISTENCY,nextIndex=0,followerCommit=-1,matchIndex=-1
2024-07-18 11:33:56,820 [grpc-default-executor-3] INFO  impl.SnapshotInstallationHandler (SnapshotInstallationHandler.java:installSnapshot(92)) - omNode-bootstrap-2@group-0AAC5367B30E: receive installSnapshot: omNode-1->omNode-bootstrap-2#0-t1,notify:(t:1, i:0)
2024-07-18 11:33:56,820 [grpc-default-executor-3] INFO  impl.SnapshotInstallationHandler (SnapshotInstallationHandler.java:installSnapshotImpl(138)) - omNode-bootstrap-2@group-0AAC5367B30E: set new configuration configurationEntry {
  peers {
    id: "omNode-3"
    address: "localhost:15023"
    startupRole: FOLLOWER
  }
  peers {
    id: "omNode-1"
    address: "localhost:15015"
    startupRole: FOLLOWER
  }
  peers {
    id: "omNode-2"
    address: "localhost:15019"
    startupRole: FOLLOWER
  }
}
 from snapshot
2024-07-18 11:33:56,820 [grpc-default-executor-3] INFO  server.RaftServer$Division (ServerState.java:setRaftConf(386)) - omNode-bootstrap-2@group-0AAC5367B30E: set configuration conf: {index: 0, cur=peers:[omNode-3|localhost:15023, omNode-1|localhost:15015, omNode-2|localhost:15019]|listeners:[], old=null}
2024-07-18 11:33:56,821 [grpc-default-executor-3] INFO  ratis.OzoneManagerStateMachine (OzoneManagerStateMachine.java:notifyConfigurationChanged(216)) - Received Configuration change notification from Ratis. New Peer list:
[id: "omNode-3"
address: "localhost:15023"
startupRole: FOLLOWER
, id: "omNode-1"
address: "localhost:15015"
startupRole: FOLLOWER
, id: "omNode-2"
address: "localhost:15019"
startupRole: FOLLOWER
]
2024-07-18 11:33:56,821 [grpc-default-executor-3] INFO  impl.SnapshotInstallationHandler (SnapshotInstallationHandler.java:installSnapshot(103)) - omNode-bootstrap-2@group-0AAC5367B30E: reply installSnapshot: omNode-1<-omNode-bootstrap-2#0:FAIL-t1,IN_PROGRESS,snapshotIndex=0
2024-07-18 11:33:56,822 [grpc-default-executor-3] INFO  server.GrpcServerProtocolService (GrpcServerProtocolService.java:onCompleted(157)) - omNode-bootstrap-2: Completed INSTALL_SNAPSHOT, lastRequest: omNode-1->omNode-bootstrap-2#0-t1,notify:(t:1, i:0)
2024-07-18 11:33:56,822 [grpc-default-executor-3] INFO  server.GrpcServerProtocolService (GrpcServerProtocolService.java:lambda$onCompleted$5(159)) - omNode-bootstrap-2: Completed INSTALL_SNAPSHOT, lastReply: null
2024-07-18 11:33:56,822 [omNode-bootstrap-2-server-thread1] INFO  server.RaftServer$Division (RaftServerImpl.java:checkInconsistentAppendEntries(1629)) - omNode-bootstrap-2@group-0AAC5367B30E: Failed appendEntries as snapshot (0) installation is in progress
2024-07-18 11:33:56,823 [omNode-bootstrap-2-server-thread1] INFO  server.RaftServer$Division (RaftServerImpl.java:appendEntriesAsync(1584)) - omNode-bootstrap-2@group-0AAC5367B30E: appendEntries* reply omNode-1<-omNode-bootstrap-2#283:FAIL-t1,INCONSISTENCY,nextIndex=0,followerCommit=-1,matchIndex=-1
2024-07-18 11:33:56,824 [grpc-default-executor-5] INFO  impl.SnapshotInstallationHandler (SnapshotInstallationHandler.java:installSnapshot(92)) - omNode-bootstrap-2@group-0AAC5367B30E: receive installSnapshot: omNode-1->omNode-bootstrap-2#0-t1,notify:(t:1, i:0)
2024-07-18 11:33:56,824 [grpc-default-executor-5] INFO  impl.SnapshotInstallationHandler (SnapshotInstallationHandler.java:installSnapshotImpl(138)) - omNode-bootstrap-2@group-0AAC5367B30E: set new configuration configurationEntry {
  peers {
    id: "omNode-3"
    address: "localhost:15023"
    startupRole: FOLLOWER
  }
  peers {
    id: "omNode-1"
    address: "localhost:15015"
    startupRole: FOLLOWER
  }
  peers {
    id: "omNode-2"
    address: "localhost:15019"
    startupRole: FOLLOWER
  }
}
 from snapshot
2024-07-18 11:33:56,824 [grpc-default-executor-5] INFO  server.RaftServer$Division (ServerState.java:setRaftConf(386)) - omNode-bootstrap-2@group-0AAC5367B30E: set configuration conf: {index: 0, cur=peers:[omNode-3|localhost:15023, omNode-1|localhost:15015, omNode-2|localhost:15019]|listeners:[], old=null}
2024-07-18 11:33:56,825 [grpc-default-executor-5] INFO  ratis.OzoneManagerStateMachine (OzoneManagerStateMachine.java:notifyConfigurationChanged(216)) - Received Configuration change notification from Ratis. New Peer list:
[id: "omNode-3"
address: "localhost:15023"
startupRole: FOLLOWER
, id: "omNode-1"
address: "localhost:15015"
startupRole: FOLLOWER
, id: "omNode-2"
address: "localhost:15019"
startupRole: FOLLOWER
]
2024-07-18 11:33:56,825 [grpc-default-executor-5] INFO  impl.SnapshotInstallationHandler (SnapshotInstallationHandler.java:installSnapshot(103)) - omNode-bootstrap-2@group-0AAC5367B30E: reply installSnapshot: omNode-1<-omNode-bootstrap-2#0:FAIL-t1,IN_PROGRESS,snapshotIndex=0
2024-07-18 11:33:56,825 [grpc-default-executor-5] INFO  server.GrpcServerProtocolService (GrpcServerProtocolService.java:onCompleted(157)) - omNode-bootstrap-2: Completed INSTALL_SNAPSHOT, lastRequest: omNode-1->omNode-bootstrap-2#0-t1,notify:(t:1, i:0)
2024-07-18 11:33:56,825 [grpc-default-executor-5] INFO  server.GrpcServerProtocolService (GrpcServerProtocolService.java:lambda$onCompleted$5(159)) - omNode-bootstrap-2: Completed INSTALL_SNAPSHOT, lastReply: null
2024-07-18 11:33:56,827 [omNode-bootstrap-2-server-thread1] INFO  server.RaftServer$Division (RaftServerImpl.java:checkInconsistentAppendEntries(1629)) - omNode-bootstrap-2@group-0AAC5367B30E: Failed appendEntries as snapshot (0) installation is in progress
2024-07-18 11:33:56,827 [omNode-bootstrap-2-server-thread1] INFO  server.RaftServer$Division (RaftServerImpl.java:appendEntriesAsync(1584)) - omNode-bootstrap-2@group-0AAC5367B30E: appendEntries* reply omNode-1<-omNode-bootstrap-2#284:FAIL-t1,INCONSISTENCY,nextIndex=0,followerCommit=-1,matchIndex=-1
2024-07-18 11:33:56,827 [grpc-default-executor-0] INFO  impl.SnapshotInstallationHandler (SnapshotInstallationHandler.java:installSnapshot(92)) - omNode-bootstrap-2@group-0AAC5367B30E: receive installSnapshot: omNode-1->omNode-bootstrap-2#0-t1,notify:(t:1, i:0)
2024-07-18 11:33:56,827 [grpc-default-executor-0] INFO  impl.SnapshotInstallationHandler (SnapshotInstallationHandler.java:installSnapshotImpl(138)) - omNode-bootstrap-2@group-0AAC5367B30E: set new configuration configurationEntry {
  peers {
    id: "omNode-3"
    address: "localhost:15023"
    startupRole: FOLLOWER
  }
  peers {
    id: "omNode-1"
    address: "localhost:15015"
    startupRole: FOLLOWER
  }
  peers {
    id: "omNode-2"
    address: "localhost:15019"
    startupRole: FOLLOWER
  }
}
 from snapshot
2024-07-18 11:33:56,827 [grpc-default-executor-0] INFO  server.RaftServer$Division (ServerState.java:setRaftConf(386)) - omNode-bootstrap-2@group-0AAC5367B30E: set configuration conf: {index: 0, cur=peers:[omNode-3|localhost:15023, omNode-1|localhost:15015, omNode-2|localhost:15019]|listeners:[], old=null}
2024-07-18 11:33:56,828 [grpc-default-executor-0] INFO  ratis.OzoneManagerStateMachine (OzoneManagerStateMachine.java:notifyConfigurationChanged(216)) - Received Configuration change notification from Ratis. New Peer list:
[id: "omNode-3"
address: "localhost:15023"
startupRole: FOLLOWER
, id: "omNode-1"
address: "localhost:15015"
startupRole: FOLLOWER
, id: "omNode-2"
address: "localhost:15019"
startupRole: FOLLOWER
]
2024-07-18 11:33:56,829 [grpc-default-executor-0] INFO  impl.SnapshotInstallationHandler (SnapshotInstallationHandler.java:installSnapshot(103)) - omNode-bootstrap-2@group-0AAC5367B30E: reply installSnapshot: omNode-1<-omNode-bootstrap-2#0:FAIL-t1,IN_PROGRESS,snapshotIndex=0
2024-07-18 11:33:56,829 [grpc-default-executor-0] INFO  server.GrpcServerProtocolService (GrpcServerProtocolService.java:onCompleted(157)) - omNode-bootstrap-2: Completed INSTALL_SNAPSHOT, lastRequest: omNode-1->omNode-bootstrap-2#0-t1,notify:(t:1, i:0)
2024-07-18 11:33:56,829 [grpc-default-executor-0] INFO  server.GrpcServerProtocolService (GrpcServerProtocolService.java:lambda$onCompleted$5(159)) - omNode-bootstrap-2: Completed INSTALL_SNAPSHOT, lastReply: null
2024-07-18 11:33:56,830 [omNode-bootstrap-2-server-thread1] INFO  server.RaftServer$Division (RaftServerImpl.java:checkInconsistentAppendEntries(1629)) - omNode-bootstrap-2@group-0AAC5367B30E: Failed appendEntries as snapshot (0) installation is in progress
2024-07-18 11:33:56,830 [omNode-bootstrap-2-server-thread1] INFO  server.RaftServer$Division (RaftServerImpl.java:appendEntriesAsync(1584)) - omNode-bootstrap-2@group-0AAC5367B30E: appendEntries* reply omNode-1<-omNode-bootstrap-2#285:FAIL-t1,INCONSISTENCY,nextIndex=0,followerCommit=-1,matchIndex=-1
2024-07-18 11:33:56,831 [grpc-default-executor-3] INFO  impl.SnapshotInstallationHandler (SnapshotInstallationHandler.java:installSnapshot(92)) - omNode-bootstrap-2@group-0AAC5367B30E: receive installSnapshot: omNode-1->omNode-bootstrap-2#0-t1,notify:(t:1, i:0)
2024-07-18 11:33:56,831 [grpc-default-executor-3] INFO  impl.SnapshotInstallationHandler (SnapshotInstallationHandler.java:installSnapshotImpl(138)) - omNode-bootstrap-2@group-0AAC5367B30E: set new configuration configurationEntry {
  peers {
    id: "omNode-3"
    address: "localhost:15023"
    startupRole: FOLLOWER
  }
  peers {
    id: "omNode-1"
    address: "localhost:15015"
    startupRole: FOLLOWER
  }
  peers {
    id: "omNode-2"
    address: "localhost:15019"
    startupRole: FOLLOWER
  }
}
 from snapshot
2024-07-18 11:33:56,831 [grpc-default-executor-3] INFO  server.RaftServer$Division (ServerState.java:setRaftConf(386)) - omNode-bootstrap-2@group-0AAC5367B30E: set configuration conf: {index: 0, cur=peers:[omNode-3|localhost:15023, omNode-1|localhost:15015, omNode-2|localhost:15019]|listeners:[], old=null}
2024-07-18 11:33:56,832 [grpc-default-executor-3] INFO  ratis.OzoneManagerStateMachine (OzoneManagerStateMachine.java:notifyConfigurationChanged(216)) - Received Configuration change notification from Ratis. New Peer list:
[id: "omNode-3"
address: "localhost:15023"
startupRole: FOLLOWER
, id: "omNode-1"
address: "localhost:15015"
startupRole: FOLLOWER
, id: "omNode-2"
address: "localhost:15019"
startupRole: FOLLOWER
]
2024-07-18 11:33:56,832 [grpc-default-executor-3] INFO  impl.SnapshotInstallationHandler (SnapshotInstallationHandler.java:installSnapshot(103)) - omNode-bootstrap-2@group-0AAC5367B30E: reply installSnapshot: omNode-1<-omNode-bootstrap-2#0:FAIL-t1,IN_PROGRESS,snapshotIndex=0
2024-07-18 11:33:56,833 [grpc-default-executor-3] INFO  server.GrpcServerProtocolService (GrpcServerProtocolService.java:onCompleted(157)) - omNode-bootstrap-2: Completed INSTALL_SNAPSHOT, lastRequest: omNode-1->omNode-bootstrap-2#0-t1,notify:(t:1, i:0)
2024-07-18 11:33:56,833 [grpc-default-executor-3] INFO  server.GrpcServerProtocolService (GrpcServerProtocolService.java:lambda$onCompleted$5(159)) - omNode-bootstrap-2: Completed INSTALL_SNAPSHOT, lastReply: null
2024-07-18 11:33:56,834 [grpc-default-executor-5] INFO  impl.SnapshotInstallationHandler (SnapshotInstallationHandler.java:installSnapshot(92)) - omNode-bootstrap-2@group-0AAC5367B30E: receive installSnapshot: omNode-1->omNode-bootstrap-2#0-t1,notify:(t:1, i:0)
2024-07-18 11:33:56,834 [grpc-default-executor-5] INFO  impl.SnapshotInstallationHandler (SnapshotInstallationHandler.java:installSnapshotImpl(138)) - omNode-bootstrap-2@group-0AAC5367B30E: set new configuration configurationEntry {
  peers {
    id: "omNode-3"
    address: "localhost:15023"
    startupRole: FOLLOWER
  }
  peers {
    id: "omNode-1"
    address: "localhost:15015"
    startupRole: FOLLOWER
  }
  peers {
    id: "omNode-2"
    address: "localhost:15019"
    startupRole: FOLLOWER
  }
}
 from snapshot
2024-07-18 11:33:56,834 [grpc-default-executor-5] INFO  server.RaftServer$Division (ServerState.java:setRaftConf(386)) - omNode-bootstrap-2@group-0AAC5367B30E: set configuration conf: {index: 0, cur=peers:[omNode-3|localhost:15023, omNode-1|localhost:15015, omNode-2|localhost:15019]|listeners:[], old=null}
2024-07-18 11:33:56,835 [omNode-bootstrap-2-server-thread1] INFO  server.RaftServer$Division (RaftServerImpl.java:checkInconsistentAppendEntries(1629)) - omNode-bootstrap-2@group-0AAC5367B30E: Failed appendEntries as snapshot (0) installation is in progress
2024-07-18 11:33:56,835 [omNode-bootstrap-2-server-thread1] INFO  server.RaftServer$Division (RaftServerImpl.java:appendEntriesAsync(1584)) - omNode-bootstrap-2@group-0AAC5367B30E: appendEntries* reply omNode-1<-omNode-bootstrap-2#286:FAIL-t1,INCONSISTENCY,nextIndex=0,followerCommit=-1,matchIndex=-1
2024-07-18 11:33:56,836 [grpc-default-executor-5] INFO  ratis.OzoneManagerStateMachine (OzoneManagerStateMachine.java:notifyConfigurationChanged(216)) - Received Configuration change notification from Ratis. New Peer list:
[id: "omNode-3"
address: "localhost:15023"
startupRole: FOLLOWER
, id: "omNode-1"
address: "localhost:15015"
startupRole: FOLLOWER
, id: "omNode-2"
address: "localhost:15019"
startupRole: FOLLOWER
]
2024-07-18 11:33:56,836 [grpc-default-executor-5] INFO  impl.SnapshotInstallationHandler (SnapshotInstallationHandler.java:installSnapshot(103)) - omNode-bootstrap-2@group-0AAC5367B30E: reply installSnapshot: omNode-1<-omNode-bootstrap-2#0:FAIL-t1,IN_PROGRESS,snapshotIndex=0
2024-07-18 11:33:56,836 [grpc-default-executor-5] INFO  server.GrpcServerProtocolService (GrpcServerProtocolService.java:onCompleted(157)) - omNode-bootstrap-2: Completed INSTALL_SNAPSHOT, lastRequest: omNode-1->omNode-bootstrap-2#0-t1,notify:(t:1, i:0)
2024-07-18 11:33:56,836 [grpc-default-executor-5] INFO  server.GrpcServerProtocolService (GrpcServerProtocolService.java:lambda$onCompleted$5(159)) - omNode-bootstrap-2: Completed INSTALL_SNAPSHOT, lastReply: null
2024-07-18 11:33:56,837 [omNode-bootstrap-2-server-thread1] INFO  server.RaftServer$Division (RaftServerImpl.java:checkInconsistentAppendEntries(1629)) - omNode-bootstrap-2@group-0AAC5367B30E: Failed appendEntries as snapshot (0) installation is in progress
2024-07-18 11:33:56,837 [omNode-bootstrap-2-server-thread1] INFO  server.RaftServer$Division (RaftServerImpl.java:appendEntriesAsync(1584)) - omNode-bootstrap-2@group-0AAC5367B30E: appendEntries* reply omNode-1<-omNode-bootstrap-2#287:FAIL-t1,INCONSISTENCY,nextIndex=0,followerCommit=-1,matchIndex=-1
2024-07-18 11:33:56,838 [grpc-default-executor-0] INFO  impl.SnapshotInstallationHandler (SnapshotInstallationHandler.java:installSnapshot(92)) - omNode-bootstrap-2@group-0AAC5367B30E: receive installSnapshot: omNode-1->omNode-bootstrap-2#0-t1,notify:(t:1, i:0)
2024-07-18 11:33:56,838 [grpc-default-executor-0] INFO  impl.SnapshotInstallationHandler (SnapshotInstallationHandler.java:installSnapshotImpl(138)) - omNode-bootstrap-2@group-0AAC5367B30E: set new configuration configurationEntry {
  peers {
    id: "omNode-3"
    address: "localhost:15023"
    startupRole: FOLLOWER
  }
  peers {
    id: "omNode-1"
    address: "localhost:15015"
    startupRole: FOLLOWER
  }
  peers {
    id: "omNode-2"
    address: "localhost:15019"
    startupRole: FOLLOWER
  }
}
 from snapshot
2024-07-18 11:33:56,839 [grpc-default-executor-0] INFO  server.RaftServer$Division (ServerState.java:setRaftConf(386)) - omNode-bootstrap-2@group-0AAC5367B30E: set configuration conf: {index: 0, cur=peers:[omNode-3|localhost:15023, omNode-1|localhost:15015, omNode-2|localhost:15019]|listeners:[], old=null}
2024-07-18 11:33:56,840 [grpc-default-executor-0] INFO  ratis.OzoneManagerStateMachine (OzoneManagerStateMachine.java:notifyConfigurationChanged(216)) - Received Configuration change notification from Ratis. New Peer list:
[id: "omNode-3"
address: "localhost:15023"
startupRole: FOLLOWER
, id: "omNode-1"
address: "localhost:15015"
startupRole: FOLLOWER
, id: "omNode-2"
address: "localhost:15019"
startupRole: FOLLOWER
]
2024-07-18 11:33:56,840 [grpc-default-executor-0] INFO  impl.SnapshotInstallationHandler (SnapshotInstallationHandler.java:installSnapshot(103)) - omNode-bootstrap-2@group-0AAC5367B30E: reply installSnapshot: omNode-1<-omNode-bootstrap-2#0:FAIL-t1,IN_PROGRESS,snapshotIndex=0
2024-07-18 11:33:56,840 [grpc-default-executor-0] INFO  server.GrpcServerProtocolService (GrpcServerProtocolService.java:onCompleted(157)) - omNode-bootstrap-2: Completed INSTALL_SNAPSHOT, lastRequest: omNode-1->omNode-bootstrap-2#0-t1,notify:(t:1, i:0)
2024-07-18 11:33:56,840 [grpc-default-executor-0] INFO  server.GrpcServerProtocolService (GrpcServerProtocolService.java:lambda$onCompleted$5(159)) - omNode-bootstrap-2: Completed INSTALL_SNAPSHOT, lastReply: null
2024-07-18 11:33:56,841 [omNode-bootstrap-2-server-thread1] INFO  server.RaftServer$Division (RaftServerImpl.java:checkInconsistentAppendEntries(1629)) - omNode-bootstrap-2@group-0AAC5367B30E: Failed appendEntries as snapshot (0) installation is in progress
2024-07-18 11:33:56,841 [omNode-bootstrap-2-server-thread1] INFO  server.RaftServer$Division (RaftServerImpl.java:appendEntriesAsync(1584)) - omNode-bootstrap-2@group-0AAC5367B30E: appendEntries* reply omNode-1<-omNode-bootstrap-2#288:FAIL-t1,INCONSISTENCY,nextIndex=0,followerCommit=-1,matchIndex=-1
2024-07-18 11:33:56,841 [grpc-default-executor-1] INFO  impl.SnapshotInstallationHandler (SnapshotInstallationHandler.java:installSnapshot(92)) - omNode-bootstrap-2@group-0AAC5367B30E: receive installSnapshot: omNode-1->omNode-bootstrap-2#0-t1,notify:(t:1, i:0)
2024-07-18 11:33:56,842 [grpc-default-executor-1] INFO  impl.SnapshotInstallationHandler (SnapshotInstallationHandler.java:installSnapshotImpl(138)) - omNode-bootstrap-2@group-0AAC5367B30E: set new configuration configurationEntry {
  peers {
    id: "omNode-3"
    address: "localhost:15023"
    startupRole: FOLLOWER
  }
  peers {
    id: "omNode-1"
    address: "localhost:15015"
    startupRole: FOLLOWER
  }
  peers {
    id: "omNode-2"
    address: "localhost:15019"
    startupRole: FOLLOWER
  }
}
 from snapshot
2024-07-18 11:33:56,842 [grpc-default-executor-1] INFO  server.RaftServer$Division (ServerState.java:setRaftConf(386)) - omNode-bootstrap-2@group-0AAC5367B30E: set configuration conf: {index: 0, cur=peers:[omNode-3|localhost:15023, omNode-1|localhost:15015, omNode-2|localhost:15019]|listeners:[], old=null}
2024-07-18 11:33:56,843 [grpc-default-executor-1] INFO  ratis.OzoneManagerStateMachine (OzoneManagerStateMachine.java:notifyConfigurationChanged(216)) - Received Configuration change notification from Ratis. New Peer list:
[id: "omNode-3"
address: "localhost:15023"
startupRole: FOLLOWER
, id: "omNode-1"
address: "localhost:15015"
startupRole: FOLLOWER
, id: "omNode-2"
address: "localhost:15019"
startupRole: FOLLOWER
]
2024-07-18 11:33:56,843 [grpc-default-executor-1] INFO  impl.SnapshotInstallationHandler (SnapshotInstallationHandler.java:installSnapshot(103)) - omNode-bootstrap-2@group-0AAC5367B30E: reply installSnapshot: omNode-1<-omNode-bootstrap-2#0:FAIL-t1,IN_PROGRESS,snapshotIndex=0
2024-07-18 11:33:56,843 [grpc-default-executor-1] INFO  server.GrpcServerProtocolService (GrpcServerProtocolService.java:onCompleted(157)) - omNode-bootstrap-2: Completed INSTALL_SNAPSHOT, lastRequest: omNode-1->omNode-bootstrap-2#0-t1,notify:(t:1, i:0)
2024-07-18 11:33:56,843 [grpc-default-executor-1] INFO  server.GrpcServerProtocolService (GrpcServerProtocolService.java:lambda$onCompleted$5(159)) - omNode-bootstrap-2: Completed INSTALL_SNAPSHOT, lastReply: null
2024-07-18 11:33:56,844 [omNode-bootstrap-2-server-thread1] INFO  server.RaftServer$Division (RaftServerImpl.java:checkInconsistentAppendEntries(1629)) - omNode-bootstrap-2@group-0AAC5367B30E: Failed appendEntries as snapshot (0) installation is in progress
2024-07-18 11:33:56,845 [omNode-bootstrap-2-server-thread1] INFO  server.RaftServer$Division (RaftServerImpl.java:appendEntriesAsync(1584)) - omNode-bootstrap-2@group-0AAC5367B30E: appendEntries* reply omNode-1<-omNode-bootstrap-2#289:FAIL-t1,INCONSISTENCY,nextIndex=0,followerCommit=-1,matchIndex=-1
2024-07-18 11:33:56,845 [grpc-default-executor-1] INFO  impl.SnapshotInstallationHandler (SnapshotInstallationHandler.java:installSnapshot(92)) - omNode-bootstrap-2@group-0AAC5367B30E: receive installSnapshot: omNode-1->omNode-bootstrap-2#0-t1,notify:(t:1, i:0)
2024-07-18 11:33:56,845 [grpc-default-executor-1] INFO  impl.SnapshotInstallationHandler (SnapshotInstallationHandler.java:installSnapshotImpl(138)) - omNode-bootstrap-2@group-0AAC5367B30E: set new configuration configurationEntry {
  peers {
    id: "omNode-3"
    address: "localhost:15023"
    startupRole: FOLLOWER
  }
  peers {
    id: "omNode-1"
    address: "localhost:15015"
    startupRole: FOLLOWER
  }
  peers {
    id: "omNode-2"
    address: "localhost:15019"
    startupRole: FOLLOWER
  }
}
 from snapshot
2024-07-18 11:33:56,845 [grpc-default-executor-1] INFO  server.RaftServer$Division (ServerState.java:setRaftConf(386)) - omNode-bootstrap-2@group-0AAC5367B30E: set configuration conf: {index: 0, cur=peers:[omNode-3|localhost:15023, omNode-1|localhost:15015, omNode-2|localhost:15019]|listeners:[], old=null}
2024-07-18 11:33:56,846 [grpc-default-executor-1] INFO  ratis.OzoneManagerStateMachine (OzoneManagerStateMachine.java:notifyConfigurationChanged(216)) - Received Configuration change notification from Ratis. New Peer list:
[id: "omNode-3"
address: "localhost:15023"
startupRole: FOLLOWER
, id: "omNode-1"
address: "localhost:15015"
startupRole: FOLLOWER
, id: "omNode-2"
address: "localhost:15019"
startupRole: FOLLOWER
]
2024-07-18 11:33:56,847 [grpc-default-executor-1] INFO  impl.SnapshotInstallationHandler (SnapshotInstallationHandler.java:installSnapshot(103)) - omNode-bootstrap-2@group-0AAC5367B30E: reply installSnapshot: omNode-1<-omNode-bootstrap-2#0:FAIL-t1,IN_PROGRESS,snapshotIndex=0
2024-07-18 11:33:56,847 [grpc-default-executor-1] INFO  server.GrpcServerProtocolService (GrpcServerProtocolService.java:onCompleted(157)) - omNode-bootstrap-2: Completed INSTALL_SNAPSHOT, lastRequest: omNode-1->omNode-bootstrap-2#0-t1,notify:(t:1, i:0)
2024-07-18 11:33:56,847 [grpc-default-executor-1] INFO  server.GrpcServerProtocolService (GrpcServerProtocolService.java:lambda$onCompleted$5(159)) - omNode-bootstrap-2: Completed INSTALL_SNAPSHOT, lastReply: null
2024-07-18 11:33:56,848 [omNode-bootstrap-2-server-thread1] INFO  server.RaftServer$Division (RaftServerImpl.java:checkInconsistentAppendEntries(1629)) - omNode-bootstrap-2@group-0AAC5367B30E: Failed appendEntries as snapshot (0) installation is in progress
2024-07-18 11:33:56,848 [omNode-bootstrap-2-server-thread1] INFO  server.RaftServer$Division (RaftServerImpl.java:appendEntriesAsync(1584)) - omNode-bootstrap-2@group-0AAC5367B30E: appendEntries* reply omNode-1<-omNode-bootstrap-2#290:FAIL-t1,INCONSISTENCY,nextIndex=0,followerCommit=-1,matchIndex=-1
2024-07-18 11:33:56,848 [grpc-default-executor-0] INFO  impl.SnapshotInstallationHandler (SnapshotInstallationHandler.java:installSnapshot(92)) - omNode-bootstrap-2@group-0AAC5367B30E: receive installSnapshot: omNode-1->omNode-bootstrap-2#0-t1,notify:(t:1, i:0)
2024-07-18 11:33:56,848 [grpc-default-executor-0] INFO  impl.SnapshotInstallationHandler (SnapshotInstallationHandler.java:installSnapshotImpl(138)) - omNode-bootstrap-2@group-0AAC5367B30E: set new configuration configurationEntry {
  peers {
    id: "omNode-3"
    address: "localhost:15023"
    startupRole: FOLLOWER
  }
  peers {
    id: "omNode-1"
    address: "localhost:15015"
    startupRole: FOLLOWER
  }
  peers {
    id: "omNode-2"
    address: "localhost:15019"
    startupRole: FOLLOWER
  }
}
 from snapshot
2024-07-18 11:33:56,848 [grpc-default-executor-0] INFO  server.RaftServer$Division (ServerState.java:setRaftConf(386)) - omNode-bootstrap-2@group-0AAC5367B30E: set configuration conf: {index: 0, cur=peers:[omNode-3|localhost:15023, omNode-1|localhost:15015, omNode-2|localhost:15019]|listeners:[], old=null}
2024-07-18 11:33:56,849 [grpc-default-executor-0] INFO  ratis.OzoneManagerStateMachine (OzoneManagerStateMachine.java:notifyConfigurationChanged(216)) - Received Configuration change notification from Ratis. New Peer list:
[id: "omNode-3"
address: "localhost:15023"
startupRole: FOLLOWER
, id: "omNode-1"
address: "localhost:15015"
startupRole: FOLLOWER
, id: "omNode-2"
address: "localhost:15019"
startupRole: FOLLOWER
]
2024-07-18 11:33:56,849 [grpc-default-executor-0] INFO  impl.SnapshotInstallationHandler (SnapshotInstallationHandler.java:installSnapshot(103)) - omNode-bootstrap-2@group-0AAC5367B30E: reply installSnapshot: omNode-1<-omNode-bootstrap-2#0:FAIL-t1,IN_PROGRESS,snapshotIndex=0
2024-07-18 11:33:56,850 [grpc-default-executor-0] INFO  server.GrpcServerProtocolService (GrpcServerProtocolService.java:onCompleted(157)) - omNode-bootstrap-2: Completed INSTALL_SNAPSHOT, lastRequest: omNode-1->omNode-bootstrap-2#0-t1,notify:(t:1, i:0)
2024-07-18 11:33:56,850 [grpc-default-executor-0] INFO  server.GrpcServerProtocolService (GrpcServerProtocolService.java:lambda$onCompleted$5(159)) - omNode-bootstrap-2: Completed INSTALL_SNAPSHOT, lastReply: null
2024-07-18 11:33:56,851 [omNode-bootstrap-2-server-thread1] INFO  server.RaftServer$Division (RaftServerImpl.java:checkInconsistentAppendEntries(1629)) - omNode-bootstrap-2@group-0AAC5367B30E: Failed appendEntries as snapshot (0) installation is in progress
2024-07-18 11:33:56,851 [omNode-bootstrap-2-server-thread1] INFO  server.RaftServer$Division (RaftServerImpl.java:appendEntriesAsync(1584)) - omNode-bootstrap-2@group-0AAC5367B30E: appendEntries* reply omNode-1<-omNode-bootstrap-2#291:FAIL-t1,INCONSISTENCY,nextIndex=0,followerCommit=-1,matchIndex=-1
2024-07-18 11:33:56,851 [grpc-default-executor-0] INFO  impl.SnapshotInstallationHandler (SnapshotInstallationHandler.java:installSnapshot(92)) - omNode-bootstrap-2@group-0AAC5367B30E: receive installSnapshot: omNode-1->omNode-bootstrap-2#0-t1,notify:(t:1, i:0)
2024-07-18 11:33:56,851 [grpc-default-executor-0] INFO  impl.SnapshotInstallationHandler (SnapshotInstallationHandler.java:installSnapshotImpl(138)) - omNode-bootstrap-2@group-0AAC5367B30E: set new configuration configurationEntry {
  peers {
    id: "omNode-3"
    address: "localhost:15023"
    startupRole: FOLLOWER
  }
  peers {
    id: "omNode-1"
    address: "localhost:15015"
    startupRole: FOLLOWER
  }
  peers {
    id: "omNode-2"
    address: "localhost:15019"
    startupRole: FOLLOWER
  }
}
 from snapshot
2024-07-18 11:33:56,851 [grpc-default-executor-0] INFO  server.RaftServer$Division (ServerState.java:setRaftConf(386)) - omNode-bootstrap-2@group-0AAC5367B30E: set configuration conf: {index: 0, cur=peers:[omNode-3|localhost:15023, omNode-1|localhost:15015, omNode-2|localhost:15019]|listeners:[], old=null}
2024-07-18 11:33:56,852 [grpc-default-executor-0] INFO  ratis.OzoneManagerStateMachine (OzoneManagerStateMachine.java:notifyConfigurationChanged(216)) - Received Configuration change notification from Ratis. New Peer list:
[id: "omNode-3"
address: "localhost:15023"
startupRole: FOLLOWER
, id: "omNode-1"
address: "localhost:15015"
startupRole: FOLLOWER
, id: "omNode-2"
address: "localhost:15019"
startupRole: FOLLOWER
]
2024-07-18 11:33:56,852 [grpc-default-executor-0] INFO  impl.SnapshotInstallationHandler (SnapshotInstallationHandler.java:installSnapshot(103)) - omNode-bootstrap-2@group-0AAC5367B30E: reply installSnapshot: omNode-1<-omNode-bootstrap-2#0:FAIL-t1,IN_PROGRESS,snapshotIndex=0
2024-07-18 11:33:56,852 [grpc-default-executor-0] INFO  server.GrpcServerProtocolService (GrpcServerProtocolService.java:onCompleted(157)) - omNode-bootstrap-2: Completed INSTALL_SNAPSHOT, lastRequest: omNode-1->omNode-bootstrap-2#0-t1,notify:(t:1, i:0)
2024-07-18 11:33:56,852 [grpc-default-executor-0] INFO  server.GrpcServerProtocolService (GrpcServerProtocolService.java:lambda$onCompleted$5(159)) - omNode-bootstrap-2: Completed INSTALL_SNAPSHOT, lastReply: null
2024-07-18 11:33:56,853 [omNode-bootstrap-2-server-thread1] INFO  server.RaftServer$Division (RaftServerImpl.java:checkInconsistentAppendEntries(1629)) - omNode-bootstrap-2@group-0AAC5367B30E: Failed appendEntries as snapshot (0) installation is in progress
2024-07-18 11:33:56,853 [omNode-bootstrap-2-server-thread1] INFO  server.RaftServer$Division (RaftServerImpl.java:appendEntriesAsync(1584)) - omNode-bootstrap-2@group-0AAC5367B30E: appendEntries* reply omNode-1<-omNode-bootstrap-2#292:FAIL-t1,INCONSISTENCY,nextIndex=0,followerCommit=-1,matchIndex=-1
2024-07-18 11:33:56,853 [grpc-default-executor-3] INFO  impl.SnapshotInstallationHandler (SnapshotInstallationHandler.java:installSnapshot(92)) - omNode-bootstrap-2@group-0AAC5367B30E: receive installSnapshot: omNode-1->omNode-bootstrap-2#0-t1,notify:(t:1, i:0)
2024-07-18 11:33:56,853 [grpc-default-executor-3] INFO  impl.SnapshotInstallationHandler (SnapshotInstallationHandler.java:installSnapshotImpl(138)) - omNode-bootstrap-2@group-0AAC5367B30E: set new configuration configurationEntry {
  peers {
    id: "omNode-3"
    address: "localhost:15023"
    startupRole: FOLLOWER
  }
  peers {
    id: "omNode-1"
    address: "localhost:15015"
    startupRole: FOLLOWER
  }
  peers {
    id: "omNode-2"
    address: "localhost:15019"
    startupRole: FOLLOWER
  }
}
 from snapshot
2024-07-18 11:33:56,854 [grpc-default-executor-3] INFO  server.RaftServer$Division (ServerState.java:setRaftConf(386)) - omNode-bootstrap-2@group-0AAC5367B30E: set configuration conf: {index: 0, cur=peers:[omNode-3|localhost:15023, omNode-1|localhost:15015, omNode-2|localhost:15019]|listeners:[], old=null}
2024-07-18 11:33:56,855 [grpc-default-executor-3] INFO  ratis.OzoneManagerStateMachine (OzoneManagerStateMachine.java:notifyConfigurationChanged(216)) - Received Configuration change notification from Ratis. New Peer list:
[id: "omNode-3"
address: "localhost:15023"
startupRole: FOLLOWER
, id: "omNode-1"
address: "localhost:15015"
startupRole: FOLLOWER
, id: "omNode-2"
address: "localhost:15019"
startupRole: FOLLOWER
]
2024-07-18 11:33:56,855 [grpc-default-executor-3] INFO  impl.SnapshotInstallationHandler (SnapshotInstallationHandler.java:installSnapshot(103)) - omNode-bootstrap-2@group-0AAC5367B30E: reply installSnapshot: omNode-1<-omNode-bootstrap-2#0:FAIL-t1,IN_PROGRESS,snapshotIndex=0
2024-07-18 11:33:56,855 [grpc-default-executor-3] INFO  server.GrpcServerProtocolService (GrpcServerProtocolService.java:onCompleted(157)) - omNode-bootstrap-2: Completed INSTALL_SNAPSHOT, lastRequest: omNode-1->omNode-bootstrap-2#0-t1,notify:(t:1, i:0)
2024-07-18 11:33:56,855 [grpc-default-executor-3] INFO  server.GrpcServerProtocolService (GrpcServerProtocolService.java:lambda$onCompleted$5(159)) - omNode-bootstrap-2: Completed INSTALL_SNAPSHOT, lastReply: null
2024-07-18 11:33:56,856 [omNode-bootstrap-2-server-thread1] INFO  server.RaftServer$Division (RaftServerImpl.java:checkInconsistentAppendEntries(1629)) - omNode-bootstrap-2@group-0AAC5367B30E: Failed appendEntries as snapshot (0) installation is in progress
2024-07-18 11:33:56,856 [omNode-bootstrap-2-server-thread1] INFO  server.RaftServer$Division (RaftServerImpl.java:appendEntriesAsync(1584)) - omNode-bootstrap-2@group-0AAC5367B30E: appendEntries* reply omNode-1<-omNode-bootstrap-2#293:FAIL-t1,INCONSISTENCY,nextIndex=0,followerCommit=-1,matchIndex=-1
2024-07-18 11:33:56,856 [grpc-default-executor-1] INFO  impl.SnapshotInstallationHandler (SnapshotInstallationHandler.java:installSnapshot(92)) - omNode-bootstrap-2@group-0AAC5367B30E: receive installSnapshot: omNode-1->omNode-bootstrap-2#0-t1,notify:(t:1, i:0)
2024-07-18 11:33:56,856 [grpc-default-executor-1] INFO  impl.SnapshotInstallationHandler (SnapshotInstallationHandler.java:installSnapshotImpl(138)) - omNode-bootstrap-2@group-0AAC5367B30E: set new configuration configurationEntry {
  peers {
    id: "omNode-3"
    address: "localhost:15023"
    startupRole: FOLLOWER
  }
  peers {
    id: "omNode-1"
    address: "localhost:15015"
    startupRole: FOLLOWER
  }
  peers {
    id: "omNode-2"
    address: "localhost:15019"
    startupRole: FOLLOWER
  }
}
 from snapshot
2024-07-18 11:33:56,857 [grpc-default-executor-1] INFO  server.RaftServer$Division (ServerState.java:setRaftConf(386)) - omNode-bootstrap-2@group-0AAC5367B30E: set configuration conf: {index: 0, cur=peers:[omNode-3|localhost:15023, omNode-1|localhost:15015, omNode-2|localhost:15019]|listeners:[], old=null}
2024-07-18 11:33:56,858 [grpc-default-executor-1] INFO  ratis.OzoneManagerStateMachine (OzoneManagerStateMachine.java:notifyConfigurationChanged(216)) - Received Configuration change notification from Ratis. New Peer list:
[id: "omNode-3"
address: "localhost:15023"
startupRole: FOLLOWER
, id: "omNode-1"
address: "localhost:15015"
startupRole: FOLLOWER
, id: "omNode-2"
address: "localhost:15019"
startupRole: FOLLOWER
]
2024-07-18 11:33:56,858 [grpc-default-executor-1] INFO  impl.SnapshotInstallationHandler (SnapshotInstallationHandler.java:installSnapshot(103)) - omNode-bootstrap-2@group-0AAC5367B30E: reply installSnapshot: omNode-1<-omNode-bootstrap-2#0:FAIL-t1,IN_PROGRESS,snapshotIndex=0
2024-07-18 11:33:56,858 [grpc-default-executor-1] INFO  server.GrpcServerProtocolService (GrpcServerProtocolService.java:onCompleted(157)) - omNode-bootstrap-2: Completed INSTALL_SNAPSHOT, lastRequest: omNode-1->omNode-bootstrap-2#0-t1,notify:(t:1, i:0)
2024-07-18 11:33:56,858 [grpc-default-executor-1] INFO  server.GrpcServerProtocolService (GrpcServerProtocolService.java:lambda$onCompleted$5(159)) - omNode-bootstrap-2: Completed INSTALL_SNAPSHOT, lastReply: null
2024-07-18 11:33:56,859 [omNode-bootstrap-2-server-thread1] INFO  server.RaftServer$Division (RaftServerImpl.java:checkInconsistentAppendEntries(1629)) - omNode-bootstrap-2@group-0AAC5367B30E: Failed appendEntries as snapshot (0) installation is in progress
2024-07-18 11:33:56,859 [omNode-bootstrap-2-server-thread1] INFO  server.RaftServer$Division (RaftServerImpl.java:appendEntriesAsync(1584)) - omNode-bootstrap-2@group-0AAC5367B30E: appendEntries* reply omNode-1<-omNode-bootstrap-2#294:FAIL-t1,INCONSISTENCY,nextIndex=0,followerCommit=-1,matchIndex=-1
2024-07-18 11:33:56,859 [grpc-default-executor-3] INFO  impl.SnapshotInstallationHandler (SnapshotInstallationHandler.java:installSnapshot(92)) - omNode-bootstrap-2@group-0AAC5367B30E: receive installSnapshot: omNode-1->omNode-bootstrap-2#0-t1,notify:(t:1, i:0)
2024-07-18 11:33:56,860 [grpc-default-executor-3] INFO  impl.SnapshotInstallationHandler (SnapshotInstallationHandler.java:installSnapshotImpl(138)) - omNode-bootstrap-2@group-0AAC5367B30E: set new configuration configurationEntry {
  peers {
    id: "omNode-3"
    address: "localhost:15023"
    startupRole: FOLLOWER
  }
  peers {
    id: "omNode-1"
    address: "localhost:15015"
    startupRole: FOLLOWER
  }
  peers {
    id: "omNode-2"
    address: "localhost:15019"
    startupRole: FOLLOWER
  }
}
 from snapshot
2024-07-18 11:33:56,860 [grpc-default-executor-3] INFO  server.RaftServer$Division (ServerState.java:setRaftConf(386)) - omNode-bootstrap-2@group-0AAC5367B30E: set configuration conf: {index: 0, cur=peers:[omNode-3|localhost:15023, omNode-1|localhost:15015, omNode-2|localhost:15019]|listeners:[], old=null}
2024-07-18 11:33:56,861 [grpc-default-executor-3] INFO  ratis.OzoneManagerStateMachine (OzoneManagerStateMachine.java:notifyConfigurationChanged(216)) - Received Configuration change notification from Ratis. New Peer list:
[id: "omNode-3"
address: "localhost:15023"
startupRole: FOLLOWER
, id: "omNode-1"
address: "localhost:15015"
startupRole: FOLLOWER
, id: "omNode-2"
address: "localhost:15019"
startupRole: FOLLOWER
]
2024-07-18 11:33:56,861 [grpc-default-executor-3] INFO  impl.SnapshotInstallationHandler (SnapshotInstallationHandler.java:installSnapshot(103)) - omNode-bootstrap-2@group-0AAC5367B30E: reply installSnapshot: omNode-1<-omNode-bootstrap-2#0:FAIL-t1,IN_PROGRESS,snapshotIndex=0
2024-07-18 11:33:56,861 [grpc-default-executor-3] INFO  server.GrpcServerProtocolService (GrpcServerProtocolService.java:onCompleted(157)) - omNode-bootstrap-2: Completed INSTALL_SNAPSHOT, lastRequest: omNode-1->omNode-bootstrap-2#0-t1,notify:(t:1, i:0)
2024-07-18 11:33:56,861 [grpc-default-executor-3] INFO  server.GrpcServerProtocolService (GrpcServerProtocolService.java:lambda$onCompleted$5(159)) - omNode-bootstrap-2: Completed INSTALL_SNAPSHOT, lastReply: null
2024-07-18 11:33:56,866 [omNode-bootstrap-2-server-thread1] INFO  server.RaftServer$Division (RaftServerImpl.java:checkInconsistentAppendEntries(1629)) - omNode-bootstrap-2@group-0AAC5367B30E: Failed appendEntries as snapshot (0) installation is in progress
2024-07-18 11:33:56,866 [omNode-bootstrap-2-server-thread1] INFO  server.RaftServer$Division (RaftServerImpl.java:appendEntriesAsync(1584)) - omNode-bootstrap-2@group-0AAC5367B30E: appendEntries* reply omNode-1<-omNode-bootstrap-2#295:FAIL-t1,INCONSISTENCY,nextIndex=0,followerCommit=-1,matchIndex=-1
2024-07-18 11:33:56,867 [grpc-default-executor-3] INFO  impl.SnapshotInstallationHandler (SnapshotInstallationHandler.java:installSnapshot(92)) - omNode-bootstrap-2@group-0AAC5367B30E: receive installSnapshot: omNode-1->omNode-bootstrap-2#0-t1,notify:(t:1, i:0)
2024-07-18 11:33:56,867 [grpc-default-executor-3] INFO  impl.SnapshotInstallationHandler (SnapshotInstallationHandler.java:installSnapshotImpl(138)) - omNode-bootstrap-2@group-0AAC5367B30E: set new configuration configurationEntry {
  peers {
    id: "omNode-3"
    address: "localhost:15023"
    startupRole: FOLLOWER
  }
  peers {
    id: "omNode-1"
    address: "localhost:15015"
    startupRole: FOLLOWER
  }
  peers {
    id: "omNode-2"
    address: "localhost:15019"
    startupRole: FOLLOWER
  }
}
 from snapshot
2024-07-18 11:33:56,867 [grpc-default-executor-3] INFO  server.RaftServer$Division (ServerState.java:setRaftConf(386)) - omNode-bootstrap-2@group-0AAC5367B30E: set configuration conf: {index: 0, cur=peers:[omNode-3|localhost:15023, omNode-1|localhost:15015, omNode-2|localhost:15019]|listeners:[], old=null}
2024-07-18 11:33:56,868 [grpc-default-executor-3] INFO  ratis.OzoneManagerStateMachine (OzoneManagerStateMachine.java:notifyConfigurationChanged(216)) - Received Configuration change notification from Ratis. New Peer list:
[id: "omNode-3"
address: "localhost:15023"
startupRole: FOLLOWER
, id: "omNode-1"
address: "localhost:15015"
startupRole: FOLLOWER
, id: "omNode-2"
address: "localhost:15019"
startupRole: FOLLOWER
]
2024-07-18 11:33:56,868 [grpc-default-executor-3] INFO  impl.SnapshotInstallationHandler (SnapshotInstallationHandler.java:installSnapshot(103)) - omNode-bootstrap-2@group-0AAC5367B30E: reply installSnapshot: omNode-1<-omNode-bootstrap-2#0:FAIL-t1,IN_PROGRESS,snapshotIndex=0
2024-07-18 11:33:56,868 [grpc-default-executor-3] INFO  server.GrpcServerProtocolService (GrpcServerProtocolService.java:onCompleted(157)) - omNode-bootstrap-2: Completed INSTALL_SNAPSHOT, lastRequest: omNode-1->omNode-bootstrap-2#0-t1,notify:(t:1, i:0)
2024-07-18 11:33:56,868 [grpc-default-executor-3] INFO  server.GrpcServerProtocolService (GrpcServerProtocolService.java:lambda$onCompleted$5(159)) - omNode-bootstrap-2: Completed INSTALL_SNAPSHOT, lastReply: null
2024-07-18 11:33:56,870 [omNode-bootstrap-2-server-thread1] INFO  server.RaftServer$Division (RaftServerImpl.java:checkInconsistentAppendEntries(1629)) - omNode-bootstrap-2@group-0AAC5367B30E: Failed appendEntries as snapshot (0) installation is in progress
2024-07-18 11:33:56,870 [omNode-bootstrap-2-server-thread1] INFO  server.RaftServer$Division (RaftServerImpl.java:appendEntriesAsync(1584)) - omNode-bootstrap-2@group-0AAC5367B30E: appendEntries* reply omNode-1<-omNode-bootstrap-2#296:FAIL-t1,INCONSISTENCY,nextIndex=0,followerCommit=-1,matchIndex=-1
2024-07-18 11:33:56,870 [grpc-default-executor-0] INFO  impl.SnapshotInstallationHandler (SnapshotInstallationHandler.java:installSnapshot(92)) - omNode-bootstrap-2@group-0AAC5367B30E: receive installSnapshot: omNode-1->omNode-bootstrap-2#0-t1,notify:(t:1, i:0)
2024-07-18 11:33:56,870 [grpc-default-executor-0] INFO  impl.SnapshotInstallationHandler (SnapshotInstallationHandler.java:installSnapshotImpl(138)) - omNode-bootstrap-2@group-0AAC5367B30E: set new configuration configurationEntry {
  peers {
    id: "omNode-3"
    address: "localhost:15023"
    startupRole: FOLLOWER
  }
  peers {
    id: "omNode-1"
    address: "localhost:15015"
    startupRole: FOLLOWER
  }
  peers {
    id: "omNode-2"
    address: "localhost:15019"
    startupRole: FOLLOWER
  }
}
 from snapshot
2024-07-18 11:33:56,870 [grpc-default-executor-0] INFO  server.RaftServer$Division (ServerState.java:setRaftConf(386)) - omNode-bootstrap-2@group-0AAC5367B30E: set configuration conf: {index: 0, cur=peers:[omNode-3|localhost:15023, omNode-1|localhost:15015, omNode-2|localhost:15019]|listeners:[], old=null}
2024-07-18 11:33:56,871 [grpc-default-executor-0] INFO  ratis.OzoneManagerStateMachine (OzoneManagerStateMachine.java:notifyConfigurationChanged(216)) - Received Configuration change notification from Ratis. New Peer list:
[id: "omNode-3"
address: "localhost:15023"
startupRole: FOLLOWER
, id: "omNode-1"
address: "localhost:15015"
startupRole: FOLLOWER
, id: "omNode-2"
address: "localhost:15019"
startupRole: FOLLOWER
]
2024-07-18 11:33:56,871 [grpc-default-executor-0] INFO  impl.SnapshotInstallationHandler (SnapshotInstallationHandler.java:installSnapshot(103)) - omNode-bootstrap-2@group-0AAC5367B30E: reply installSnapshot: omNode-1<-omNode-bootstrap-2#0:FAIL-t1,IN_PROGRESS,snapshotIndex=0
2024-07-18 11:33:56,871 [grpc-default-executor-0] INFO  server.GrpcServerProtocolService (GrpcServerProtocolService.java:onCompleted(157)) - omNode-bootstrap-2: Completed INSTALL_SNAPSHOT, lastRequest: omNode-1->omNode-bootstrap-2#0-t1,notify:(t:1, i:0)
2024-07-18 11:33:56,871 [grpc-default-executor-0] INFO  server.GrpcServerProtocolService (GrpcServerProtocolService.java:lambda$onCompleted$5(159)) - omNode-bootstrap-2: Completed INSTALL_SNAPSHOT, lastReply: null
2024-07-18 11:33:56,873 [grpc-default-executor-3] INFO  impl.SnapshotInstallationHandler (SnapshotInstallationHandler.java:installSnapshot(92)) - omNode-bootstrap-2@group-0AAC5367B30E: receive installSnapshot: omNode-1->omNode-bootstrap-2#0-t1,notify:(t:1, i:0)
2024-07-18 11:33:56,873 [grpc-default-executor-3] INFO  impl.SnapshotInstallationHandler (SnapshotInstallationHandler.java:installSnapshotImpl(138)) - omNode-bootstrap-2@group-0AAC5367B30E: set new configuration configurationEntry {
  peers {
    id: "omNode-3"
    address: "localhost:15023"
    startupRole: FOLLOWER
  }
  peers {
    id: "omNode-1"
    address: "localhost:15015"
    startupRole: FOLLOWER
  }
  peers {
    id: "omNode-2"
    address: "localhost:15019"
    startupRole: FOLLOWER
  }
}
 from snapshot
2024-07-18 11:33:56,873 [grpc-default-executor-3] INFO  server.RaftServer$Division (ServerState.java:setRaftConf(386)) - omNode-bootstrap-2@group-0AAC5367B30E: set configuration conf: {index: 0, cur=peers:[omNode-3|localhost:15023, omNode-1|localhost:15015, omNode-2|localhost:15019]|listeners:[], old=null}
2024-07-18 11:33:56,874 [omNode-bootstrap-2-server-thread1] INFO  server.RaftServer$Division (RaftServerImpl.java:checkInconsistentAppendEntries(1629)) - omNode-bootstrap-2@group-0AAC5367B30E: Failed appendEntries as snapshot (0) installation is in progress
2024-07-18 11:33:56,874 [omNode-bootstrap-2-server-thread1] INFO  server.RaftServer$Division (RaftServerImpl.java:appendEntriesAsync(1584)) - omNode-bootstrap-2@group-0AAC5367B30E: appendEntries* reply omNode-1<-omNode-bootstrap-2#297:FAIL-t1,INCONSISTENCY,nextIndex=0,followerCommit=-1,matchIndex=-1
2024-07-18 11:33:56,875 [grpc-default-executor-3] INFO  ratis.OzoneManagerStateMachine (OzoneManagerStateMachine.java:notifyConfigurationChanged(216)) - Received Configuration change notification from Ratis. New Peer list:
[id: "omNode-3"
address: "localhost:15023"
startupRole: FOLLOWER
, id: "omNode-1"
address: "localhost:15015"
startupRole: FOLLOWER
, id: "omNode-2"
address: "localhost:15019"
startupRole: FOLLOWER
]
2024-07-18 11:33:56,875 [grpc-default-executor-3] INFO  impl.SnapshotInstallationHandler (SnapshotInstallationHandler.java:installSnapshot(103)) - omNode-bootstrap-2@group-0AAC5367B30E: reply installSnapshot: omNode-1<-omNode-bootstrap-2#0:FAIL-t1,IN_PROGRESS,snapshotIndex=0
2024-07-18 11:33:56,875 [grpc-default-executor-3] INFO  server.GrpcServerProtocolService (GrpcServerProtocolService.java:onCompleted(157)) - omNode-bootstrap-2: Completed INSTALL_SNAPSHOT, lastRequest: omNode-1->omNode-bootstrap-2#0-t1,notify:(t:1, i:0)
2024-07-18 11:33:56,875 [grpc-default-executor-3] INFO  server.GrpcServerProtocolService (GrpcServerProtocolService.java:lambda$onCompleted$5(159)) - omNode-bootstrap-2: Completed INSTALL_SNAPSHOT, lastReply: null
2024-07-18 11:33:56,877 [grpc-default-executor-1] INFO  impl.SnapshotInstallationHandler (SnapshotInstallationHandler.java:installSnapshot(92)) - omNode-bootstrap-2@group-0AAC5367B30E: receive installSnapshot: omNode-1->omNode-bootstrap-2#0-t1,notify:(t:1, i:0)
2024-07-18 11:33:56,877 [grpc-default-executor-1] INFO  impl.SnapshotInstallationHandler (SnapshotInstallationHandler.java:installSnapshotImpl(138)) - omNode-bootstrap-2@group-0AAC5367B30E: set new configuration configurationEntry {
  peers {
    id: "omNode-3"
    address: "localhost:15023"
    startupRole: FOLLOWER
  }
  peers {
    id: "omNode-1"
    address: "localhost:15015"
    startupRole: FOLLOWER
  }
  peers {
    id: "omNode-2"
    address: "localhost:15019"
    startupRole: FOLLOWER
  }
}
 from snapshot
2024-07-18 11:33:56,878 [grpc-default-executor-1] INFO  server.RaftServer$Division (ServerState.java:setRaftConf(386)) - omNode-bootstrap-2@group-0AAC5367B30E: set configuration conf: {index: 0, cur=peers:[omNode-3|localhost:15023, omNode-1|localhost:15015, omNode-2|localhost:15019]|listeners:[], old=null}
2024-07-18 11:33:56,879 [omNode-bootstrap-2-server-thread1] INFO  server.RaftServer$Division (RaftServerImpl.java:checkInconsistentAppendEntries(1629)) - omNode-bootstrap-2@group-0AAC5367B30E: Failed appendEntries as snapshot (0) installation is in progress
2024-07-18 11:33:56,879 [omNode-bootstrap-2-server-thread1] INFO  server.RaftServer$Division (RaftServerImpl.java:appendEntriesAsync(1584)) - omNode-bootstrap-2@group-0AAC5367B30E: appendEntries* reply omNode-1<-omNode-bootstrap-2#298:FAIL-t1,INCONSISTENCY,nextIndex=0,followerCommit=-1,matchIndex=-1
2024-07-18 11:33:56,879 [grpc-default-executor-1] INFO  ratis.OzoneManagerStateMachine (OzoneManagerStateMachine.java:notifyConfigurationChanged(216)) - Received Configuration change notification from Ratis. New Peer list:
[id: "omNode-3"
address: "localhost:15023"
startupRole: FOLLOWER
, id: "omNode-1"
address: "localhost:15015"
startupRole: FOLLOWER
, id: "omNode-2"
address: "localhost:15019"
startupRole: FOLLOWER
]
2024-07-18 11:33:56,879 [grpc-default-executor-1] INFO  impl.SnapshotInstallationHandler (SnapshotInstallationHandler.java:installSnapshot(103)) - omNode-bootstrap-2@group-0AAC5367B30E: reply installSnapshot: omNode-1<-omNode-bootstrap-2#0:FAIL-t1,IN_PROGRESS,snapshotIndex=0
2024-07-18 11:33:56,879 [grpc-default-executor-1] INFO  server.GrpcServerProtocolService (GrpcServerProtocolService.java:onCompleted(157)) - omNode-bootstrap-2: Completed INSTALL_SNAPSHOT, lastRequest: omNode-1->omNode-bootstrap-2#0-t1,notify:(t:1, i:0)
2024-07-18 11:33:56,879 [grpc-default-executor-1] INFO  server.GrpcServerProtocolService (GrpcServerProtocolService.java:lambda$onCompleted$5(159)) - omNode-bootstrap-2: Completed INSTALL_SNAPSHOT, lastReply: null
2024-07-18 11:33:56,880 [omNode-bootstrap-2-server-thread1] INFO  server.RaftServer$Division (RaftServerImpl.java:checkInconsistentAppendEntries(1629)) - omNode-bootstrap-2@group-0AAC5367B30E: Failed appendEntries as snapshot (0) installation is in progress
2024-07-18 11:33:56,880 [omNode-bootstrap-2-server-thread1] INFO  server.RaftServer$Division (RaftServerImpl.java:appendEntriesAsync(1584)) - omNode-bootstrap-2@group-0AAC5367B30E: appendEntries* reply omNode-1<-omNode-bootstrap-2#299:FAIL-t1,INCONSISTENCY,nextIndex=0,followerCommit=-1,matchIndex=-1
2024-07-18 11:33:56,881 [grpc-default-executor-3] INFO  impl.SnapshotInstallationHandler (SnapshotInstallationHandler.java:installSnapshot(92)) - omNode-bootstrap-2@group-0AAC5367B30E: receive installSnapshot: omNode-1->omNode-bootstrap-2#0-t1,notify:(t:1, i:0)
2024-07-18 11:33:56,882 [grpc-default-executor-3] INFO  impl.SnapshotInstallationHandler (SnapshotInstallationHandler.java:installSnapshotImpl(138)) - omNode-bootstrap-2@group-0AAC5367B30E: set new configuration configurationEntry {
  peers {
    id: "omNode-3"
    address: "localhost:15023"
    startupRole: FOLLOWER
  }
  peers {
    id: "omNode-1"
    address: "localhost:15015"
    startupRole: FOLLOWER
  }
  peers {
    id: "omNode-2"
    address: "localhost:15019"
    startupRole: FOLLOWER
  }
}
 from snapshot
2024-07-18 11:33:56,882 [grpc-default-executor-3] INFO  server.RaftServer$Division (ServerState.java:setRaftConf(386)) - omNode-bootstrap-2@group-0AAC5367B30E: set configuration conf: {index: 0, cur=peers:[omNode-3|localhost:15023, omNode-1|localhost:15015, omNode-2|localhost:15019]|listeners:[], old=null}
2024-07-18 11:33:56,883 [grpc-default-executor-3] INFO  ratis.OzoneManagerStateMachine (OzoneManagerStateMachine.java:notifyConfigurationChanged(216)) - Received Configuration change notification from Ratis. New Peer list:
[id: "omNode-3"
address: "localhost:15023"
startupRole: FOLLOWER
, id: "omNode-1"
address: "localhost:15015"
startupRole: FOLLOWER
, id: "omNode-2"
address: "localhost:15019"
startupRole: FOLLOWER
]
2024-07-18 11:33:56,884 [grpc-default-executor-3] INFO  impl.SnapshotInstallationHandler (SnapshotInstallationHandler.java:installSnapshot(103)) - omNode-bootstrap-2@group-0AAC5367B30E: reply installSnapshot: omNode-1<-omNode-bootstrap-2#0:FAIL-t1,IN_PROGRESS,snapshotIndex=0
2024-07-18 11:33:56,884 [grpc-default-executor-3] INFO  server.GrpcServerProtocolService (GrpcServerProtocolService.java:onCompleted(157)) - omNode-bootstrap-2: Completed INSTALL_SNAPSHOT, lastRequest: omNode-1->omNode-bootstrap-2#0-t1,notify:(t:1, i:0)
2024-07-18 11:33:56,884 [grpc-default-executor-3] INFO  server.GrpcServerProtocolService (GrpcServerProtocolService.java:lambda$onCompleted$5(159)) - omNode-bootstrap-2: Completed INSTALL_SNAPSHOT, lastReply: null
2024-07-18 11:33:56,885 [omNode-bootstrap-2-server-thread1] INFO  server.RaftServer$Division (RaftServerImpl.java:checkInconsistentAppendEntries(1629)) - omNode-bootstrap-2@group-0AAC5367B30E: Failed appendEntries as snapshot (0) installation is in progress
2024-07-18 11:33:56,885 [omNode-bootstrap-2-server-thread1] INFO  server.RaftServer$Division (RaftServerImpl.java:appendEntriesAsync(1584)) - omNode-bootstrap-2@group-0AAC5367B30E: appendEntries* reply omNode-1<-omNode-bootstrap-2#300:FAIL-t1,INCONSISTENCY,nextIndex=0,followerCommit=-1,matchIndex=-1
2024-07-18 11:33:56,886 [grpc-default-executor-1] INFO  impl.SnapshotInstallationHandler (SnapshotInstallationHandler.java:installSnapshot(92)) - omNode-bootstrap-2@group-0AAC5367B30E: receive installSnapshot: omNode-1->omNode-bootstrap-2#0-t1,notify:(t:1, i:0)
2024-07-18 11:33:56,886 [grpc-default-executor-1] INFO  impl.SnapshotInstallationHandler (SnapshotInstallationHandler.java:installSnapshotImpl(138)) - omNode-bootstrap-2@group-0AAC5367B30E: set new configuration configurationEntry {
  peers {
    id: "omNode-3"
    address: "localhost:15023"
    startupRole: FOLLOWER
  }
  peers {
    id: "omNode-1"
    address: "localhost:15015"
    startupRole: FOLLOWER
  }
  peers {
    id: "omNode-2"
    address: "localhost:15019"
    startupRole: FOLLOWER
  }
}
 from snapshot
2024-07-18 11:33:56,886 [grpc-default-executor-1] INFO  server.RaftServer$Division (ServerState.java:setRaftConf(386)) - omNode-bootstrap-2@group-0AAC5367B30E: set configuration conf: {index: 0, cur=peers:[omNode-3|localhost:15023, omNode-1|localhost:15015, omNode-2|localhost:15019]|listeners:[], old=null}
2024-07-18 11:33:56,888 [grpc-default-executor-1] INFO  ratis.OzoneManagerStateMachine (OzoneManagerStateMachine.java:notifyConfigurationChanged(216)) - Received Configuration change notification from Ratis. New Peer list:
[id: "omNode-3"
address: "localhost:15023"
startupRole: FOLLOWER
, id: "omNode-1"
address: "localhost:15015"
startupRole: FOLLOWER
, id: "omNode-2"
address: "localhost:15019"
startupRole: FOLLOWER
]
2024-07-18 11:33:56,888 [grpc-default-executor-1] INFO  impl.SnapshotInstallationHandler (SnapshotInstallationHandler.java:installSnapshot(103)) - omNode-bootstrap-2@group-0AAC5367B30E: reply installSnapshot: omNode-1<-omNode-bootstrap-2#0:FAIL-t1,IN_PROGRESS,snapshotIndex=0
2024-07-18 11:33:56,889 [grpc-default-executor-1] INFO  server.GrpcServerProtocolService (GrpcServerProtocolService.java:onCompleted(157)) - omNode-bootstrap-2: Completed INSTALL_SNAPSHOT, lastRequest: omNode-1->omNode-bootstrap-2#0-t1,notify:(t:1, i:0)
2024-07-18 11:33:56,889 [grpc-default-executor-1] INFO  server.GrpcServerProtocolService (GrpcServerProtocolService.java:lambda$onCompleted$5(159)) - omNode-bootstrap-2: Completed INSTALL_SNAPSHOT, lastReply: null
2024-07-18 11:33:56,890 [grpc-default-executor-0] INFO  impl.SnapshotInstallationHandler (SnapshotInstallationHandler.java:installSnapshot(92)) - omNode-bootstrap-2@group-0AAC5367B30E: receive installSnapshot: omNode-1->omNode-bootstrap-2#0-t1,notify:(t:1, i:0)
2024-07-18 11:33:56,890 [grpc-default-executor-0] INFO  impl.SnapshotInstallationHandler (SnapshotInstallationHandler.java:installSnapshotImpl(138)) - omNode-bootstrap-2@group-0AAC5367B30E: set new configuration configurationEntry {
  peers {
    id: "omNode-3"
    address: "localhost:15023"
    startupRole: FOLLOWER
  }
  peers {
    id: "omNode-1"
    address: "localhost:15015"
    startupRole: FOLLOWER
  }
  peers {
    id: "omNode-2"
    address: "localhost:15019"
    startupRole: FOLLOWER
  }
}
 from snapshot
2024-07-18 11:33:56,890 [grpc-default-executor-0] INFO  server.RaftServer$Division (ServerState.java:setRaftConf(386)) - omNode-bootstrap-2@group-0AAC5367B30E: set configuration conf: {index: 0, cur=peers:[omNode-3|localhost:15023, omNode-1|localhost:15015, omNode-2|localhost:15019]|listeners:[], old=null}
2024-07-18 11:33:56,891 [omNode-bootstrap-2-server-thread1] INFO  server.RaftServer$Division (RaftServerImpl.java:checkInconsistentAppendEntries(1629)) - omNode-bootstrap-2@group-0AAC5367B30E: Failed appendEntries as snapshot (0) installation is in progress
2024-07-18 11:33:56,891 [omNode-bootstrap-2-server-thread1] INFO  server.RaftServer$Division (RaftServerImpl.java:appendEntriesAsync(1584)) - omNode-bootstrap-2@group-0AAC5367B30E: appendEntries* reply omNode-1<-omNode-bootstrap-2#301:FAIL-t1,INCONSISTENCY,nextIndex=0,followerCommit=-1,matchIndex=-1
2024-07-18 11:33:56,892 [grpc-default-executor-0] INFO  ratis.OzoneManagerStateMachine (OzoneManagerStateMachine.java:notifyConfigurationChanged(216)) - Received Configuration change notification from Ratis. New Peer list:
[id: "omNode-3"
address: "localhost:15023"
startupRole: FOLLOWER
, id: "omNode-1"
address: "localhost:15015"
startupRole: FOLLOWER
, id: "omNode-2"
address: "localhost:15019"
startupRole: FOLLOWER
]
2024-07-18 11:33:56,892 [grpc-default-executor-0] INFO  impl.SnapshotInstallationHandler (SnapshotInstallationHandler.java:installSnapshot(103)) - omNode-bootstrap-2@group-0AAC5367B30E: reply installSnapshot: omNode-1<-omNode-bootstrap-2#0:FAIL-t1,IN_PROGRESS,snapshotIndex=0
2024-07-18 11:33:56,892 [grpc-default-executor-0] INFO  server.GrpcServerProtocolService (GrpcServerProtocolService.java:onCompleted(157)) - omNode-bootstrap-2: Completed INSTALL_SNAPSHOT, lastRequest: omNode-1->omNode-bootstrap-2#0-t1,notify:(t:1, i:0)
2024-07-18 11:33:56,892 [grpc-default-executor-0] INFO  server.GrpcServerProtocolService (GrpcServerProtocolService.java:lambda$onCompleted$5(159)) - omNode-bootstrap-2: Completed INSTALL_SNAPSHOT, lastReply: null
2024-07-18 11:33:56,893 [omNode-bootstrap-2-server-thread1] INFO  server.RaftServer$Division (RaftServerImpl.java:checkInconsistentAppendEntries(1629)) - omNode-bootstrap-2@group-0AAC5367B30E: Failed appendEntries as snapshot (0) installation is in progress
2024-07-18 11:33:56,893 [omNode-bootstrap-2-server-thread1] INFO  server.RaftServer$Division (RaftServerImpl.java:appendEntriesAsync(1584)) - omNode-bootstrap-2@group-0AAC5367B30E: appendEntries* reply omNode-1<-omNode-bootstrap-2#302:FAIL-t1,INCONSISTENCY,nextIndex=0,followerCommit=-1,matchIndex=-1
2024-07-18 11:33:56,893 [grpc-default-executor-0] INFO  impl.SnapshotInstallationHandler (SnapshotInstallationHandler.java:installSnapshot(92)) - omNode-bootstrap-2@group-0AAC5367B30E: receive installSnapshot: omNode-1->omNode-bootstrap-2#0-t1,notify:(t:1, i:0)
2024-07-18 11:33:56,894 [grpc-default-executor-0] INFO  impl.SnapshotInstallationHandler (SnapshotInstallationHandler.java:installSnapshotImpl(138)) - omNode-bootstrap-2@group-0AAC5367B30E: set new configuration configurationEntry {
  peers {
    id: "omNode-3"
    address: "localhost:15023"
    startupRole: FOLLOWER
  }
  peers {
    id: "omNode-1"
    address: "localhost:15015"
    startupRole: FOLLOWER
  }
  peers {
    id: "omNode-2"
    address: "localhost:15019"
    startupRole: FOLLOWER
  }
}
 from snapshot
2024-07-18 11:33:56,894 [grpc-default-executor-0] INFO  server.RaftServer$Division (ServerState.java:setRaftConf(386)) - omNode-bootstrap-2@group-0AAC5367B30E: set configuration conf: {index: 0, cur=peers:[omNode-3|localhost:15023, omNode-1|localhost:15015, omNode-2|localhost:15019]|listeners:[], old=null}
2024-07-18 11:33:56,895 [grpc-default-executor-0] INFO  ratis.OzoneManagerStateMachine (OzoneManagerStateMachine.java:notifyConfigurationChanged(216)) - Received Configuration change notification from Ratis. New Peer list:
[id: "omNode-3"
address: "localhost:15023"
startupRole: FOLLOWER
, id: "omNode-1"
address: "localhost:15015"
startupRole: FOLLOWER
, id: "omNode-2"
address: "localhost:15019"
startupRole: FOLLOWER
]
2024-07-18 11:33:56,895 [grpc-default-executor-0] INFO  impl.SnapshotInstallationHandler (SnapshotInstallationHandler.java:installSnapshot(103)) - omNode-bootstrap-2@group-0AAC5367B30E: reply installSnapshot: omNode-1<-omNode-bootstrap-2#0:FAIL-t1,IN_PROGRESS,snapshotIndex=0
2024-07-18 11:33:56,895 [grpc-default-executor-0] INFO  server.GrpcServerProtocolService (GrpcServerProtocolService.java:onCompleted(157)) - omNode-bootstrap-2: Completed INSTALL_SNAPSHOT, lastRequest: omNode-1->omNode-bootstrap-2#0-t1,notify:(t:1, i:0)
2024-07-18 11:33:56,895 [grpc-default-executor-0] INFO  server.GrpcServerProtocolService (GrpcServerProtocolService.java:lambda$onCompleted$5(159)) - omNode-bootstrap-2: Completed INSTALL_SNAPSHOT, lastReply: null
2024-07-18 11:33:56,896 [omNode-bootstrap-2-server-thread1] INFO  server.RaftServer$Division (RaftServerImpl.java:checkInconsistentAppendEntries(1629)) - omNode-bootstrap-2@group-0AAC5367B30E: Failed appendEntries as snapshot (0) installation is in progress
2024-07-18 11:33:56,896 [omNode-bootstrap-2-server-thread1] INFO  server.RaftServer$Division (RaftServerImpl.java:appendEntriesAsync(1584)) - omNode-bootstrap-2@group-0AAC5367B30E: appendEntries* reply omNode-1<-omNode-bootstrap-2#303:FAIL-t1,INCONSISTENCY,nextIndex=0,followerCommit=-1,matchIndex=-1
2024-07-18 11:33:56,897 [grpc-default-executor-0] INFO  impl.SnapshotInstallationHandler (SnapshotInstallationHandler.java:installSnapshot(92)) - omNode-bootstrap-2@group-0AAC5367B30E: receive installSnapshot: omNode-1->omNode-bootstrap-2#0-t1,notify:(t:1, i:0)
2024-07-18 11:33:56,897 [grpc-default-executor-0] INFO  impl.SnapshotInstallationHandler (SnapshotInstallationHandler.java:installSnapshotImpl(138)) - omNode-bootstrap-2@group-0AAC5367B30E: set new configuration configurationEntry {
  peers {
    id: "omNode-3"
    address: "localhost:15023"
    startupRole: FOLLOWER
  }
  peers {
    id: "omNode-1"
    address: "localhost:15015"
    startupRole: FOLLOWER
  }
  peers {
    id: "omNode-2"
    address: "localhost:15019"
    startupRole: FOLLOWER
  }
}
 from snapshot
2024-07-18 11:33:56,897 [grpc-default-executor-0] INFO  server.RaftServer$Division (ServerState.java:setRaftConf(386)) - omNode-bootstrap-2@group-0AAC5367B30E: set configuration conf: {index: 0, cur=peers:[omNode-3|localhost:15023, omNode-1|localhost:15015, omNode-2|localhost:15019]|listeners:[], old=null}
2024-07-18 11:33:56,899 [grpc-default-executor-0] INFO  ratis.OzoneManagerStateMachine (OzoneManagerStateMachine.java:notifyConfigurationChanged(216)) - Received Configuration change notification from Ratis. New Peer list:
[id: "omNode-3"
address: "localhost:15023"
startupRole: FOLLOWER
, id: "omNode-1"
address: "localhost:15015"
startupRole: FOLLOWER
, id: "omNode-2"
address: "localhost:15019"
startupRole: FOLLOWER
]
2024-07-18 11:33:56,899 [grpc-default-executor-0] INFO  impl.SnapshotInstallationHandler (SnapshotInstallationHandler.java:installSnapshot(103)) - omNode-bootstrap-2@group-0AAC5367B30E: reply installSnapshot: omNode-1<-omNode-bootstrap-2#0:FAIL-t1,IN_PROGRESS,snapshotIndex=0
2024-07-18 11:33:56,900 [grpc-default-executor-0] INFO  server.GrpcServerProtocolService (GrpcServerProtocolService.java:onCompleted(157)) - omNode-bootstrap-2: Completed INSTALL_SNAPSHOT, lastRequest: omNode-1->omNode-bootstrap-2#0-t1,notify:(t:1, i:0)
2024-07-18 11:33:56,900 [grpc-default-executor-0] INFO  server.GrpcServerProtocolService (GrpcServerProtocolService.java:lambda$onCompleted$5(159)) - omNode-bootstrap-2: Completed INSTALL_SNAPSHOT, lastReply: null
2024-07-18 11:33:56,901 [grpc-default-executor-3] INFO  impl.SnapshotInstallationHandler (SnapshotInstallationHandler.java:installSnapshot(92)) - omNode-bootstrap-2@group-0AAC5367B30E: receive installSnapshot: omNode-1->omNode-bootstrap-2#0-t1,notify:(t:1, i:0)
2024-07-18 11:33:56,901 [grpc-default-executor-3] INFO  impl.SnapshotInstallationHandler (SnapshotInstallationHandler.java:installSnapshotImpl(138)) - omNode-bootstrap-2@group-0AAC5367B30E: set new configuration configurationEntry {
  peers {
    id: "omNode-3"
    address: "localhost:15023"
    startupRole: FOLLOWER
  }
  peers {
    id: "omNode-1"
    address: "localhost:15015"
    startupRole: FOLLOWER
  }
  peers {
    id: "omNode-2"
    address: "localhost:15019"
    startupRole: FOLLOWER
  }
}
 from snapshot
2024-07-18 11:33:56,901 [grpc-default-executor-3] INFO  server.RaftServer$Division (ServerState.java:setRaftConf(386)) - omNode-bootstrap-2@group-0AAC5367B30E: set configuration conf: {index: 0, cur=peers:[omNode-3|localhost:15023, omNode-1|localhost:15015, omNode-2|localhost:15019]|listeners:[], old=null}
2024-07-18 11:33:56,902 [omNode-bootstrap-2-server-thread1] INFO  server.RaftServer$Division (RaftServerImpl.java:checkInconsistentAppendEntries(1629)) - omNode-bootstrap-2@group-0AAC5367B30E: Failed appendEntries as snapshot (0) installation is in progress
2024-07-18 11:33:56,902 [omNode-bootstrap-2-server-thread1] INFO  server.RaftServer$Division (RaftServerImpl.java:appendEntriesAsync(1584)) - omNode-bootstrap-2@group-0AAC5367B30E: appendEntries* reply omNode-1<-omNode-bootstrap-2#304:FAIL-t1,INCONSISTENCY,nextIndex=0,followerCommit=-1,matchIndex=-1
2024-07-18 11:33:56,903 [grpc-default-executor-3] INFO  ratis.OzoneManagerStateMachine (OzoneManagerStateMachine.java:notifyConfigurationChanged(216)) - Received Configuration change notification from Ratis. New Peer list:
[id: "omNode-3"
address: "localhost:15023"
startupRole: FOLLOWER
, id: "omNode-1"
address: "localhost:15015"
startupRole: FOLLOWER
, id: "omNode-2"
address: "localhost:15019"
startupRole: FOLLOWER
]
2024-07-18 11:33:56,903 [grpc-default-executor-3] INFO  impl.SnapshotInstallationHandler (SnapshotInstallationHandler.java:installSnapshot(103)) - omNode-bootstrap-2@group-0AAC5367B30E: reply installSnapshot: omNode-1<-omNode-bootstrap-2#0:FAIL-t1,IN_PROGRESS,snapshotIndex=0
2024-07-18 11:33:56,903 [grpc-default-executor-3] INFO  server.GrpcServerProtocolService (GrpcServerProtocolService.java:onCompleted(157)) - omNode-bootstrap-2: Completed INSTALL_SNAPSHOT, lastRequest: omNode-1->omNode-bootstrap-2#0-t1,notify:(t:1, i:0)
2024-07-18 11:33:56,903 [grpc-default-executor-3] INFO  server.GrpcServerProtocolService (GrpcServerProtocolService.java:lambda$onCompleted$5(159)) - omNode-bootstrap-2: Completed INSTALL_SNAPSHOT, lastReply: null
2024-07-18 11:33:56,904 [omNode-bootstrap-2-server-thread1] INFO  server.RaftServer$Division (RaftServerImpl.java:checkInconsistentAppendEntries(1629)) - omNode-bootstrap-2@group-0AAC5367B30E: Failed appendEntries as snapshot (0) installation is in progress
2024-07-18 11:33:56,904 [omNode-bootstrap-2-server-thread1] INFO  server.RaftServer$Division (RaftServerImpl.java:appendEntriesAsync(1584)) - omNode-bootstrap-2@group-0AAC5367B30E: appendEntries* reply omNode-1<-omNode-bootstrap-2#305:FAIL-t1,INCONSISTENCY,nextIndex=0,followerCommit=-1,matchIndex=-1
2024-07-18 11:33:56,904 [grpc-default-executor-3] INFO  impl.SnapshotInstallationHandler (SnapshotInstallationHandler.java:installSnapshot(92)) - omNode-bootstrap-2@group-0AAC5367B30E: receive installSnapshot: omNode-1->omNode-bootstrap-2#0-t1,notify:(t:1, i:0)
2024-07-18 11:33:56,905 [grpc-default-executor-3] INFO  impl.SnapshotInstallationHandler (SnapshotInstallationHandler.java:installSnapshotImpl(138)) - omNode-bootstrap-2@group-0AAC5367B30E: set new configuration configurationEntry {
  peers {
    id: "omNode-3"
    address: "localhost:15023"
    startupRole: FOLLOWER
  }
  peers {
    id: "omNode-1"
    address: "localhost:15015"
    startupRole: FOLLOWER
  }
  peers {
    id: "omNode-2"
    address: "localhost:15019"
    startupRole: FOLLOWER
  }
}
 from snapshot
2024-07-18 11:33:56,905 [grpc-default-executor-3] INFO  server.RaftServer$Division (ServerState.java:setRaftConf(386)) - omNode-bootstrap-2@group-0AAC5367B30E: set configuration conf: {index: 0, cur=peers:[omNode-3|localhost:15023, omNode-1|localhost:15015, omNode-2|localhost:15019]|listeners:[], old=null}
2024-07-18 11:33:56,906 [grpc-default-executor-3] INFO  ratis.OzoneManagerStateMachine (OzoneManagerStateMachine.java:notifyConfigurationChanged(216)) - Received Configuration change notification from Ratis. New Peer list:
[id: "omNode-3"
address: "localhost:15023"
startupRole: FOLLOWER
, id: "omNode-1"
address: "localhost:15015"
startupRole: FOLLOWER
, id: "omNode-2"
address: "localhost:15019"
startupRole: FOLLOWER
]
2024-07-18 11:33:56,906 [grpc-default-executor-3] INFO  impl.SnapshotInstallationHandler (SnapshotInstallationHandler.java:installSnapshot(103)) - omNode-bootstrap-2@group-0AAC5367B30E: reply installSnapshot: omNode-1<-omNode-bootstrap-2#0:FAIL-t1,IN_PROGRESS,snapshotIndex=0
2024-07-18 11:33:56,906 [grpc-default-executor-3] INFO  server.GrpcServerProtocolService (GrpcServerProtocolService.java:onCompleted(157)) - omNode-bootstrap-2: Completed INSTALL_SNAPSHOT, lastRequest: omNode-1->omNode-bootstrap-2#0-t1,notify:(t:1, i:0)
2024-07-18 11:33:56,906 [grpc-default-executor-3] INFO  server.GrpcServerProtocolService (GrpcServerProtocolService.java:lambda$onCompleted$5(159)) - omNode-bootstrap-2: Completed INSTALL_SNAPSHOT, lastReply: null
2024-07-18 11:33:56,908 [omNode-bootstrap-2-server-thread1] INFO  server.RaftServer$Division (RaftServerImpl.java:checkInconsistentAppendEntries(1629)) - omNode-bootstrap-2@group-0AAC5367B30E: Failed appendEntries as snapshot (0) installation is in progress
2024-07-18 11:33:56,908 [omNode-bootstrap-2-server-thread1] INFO  server.RaftServer$Division (RaftServerImpl.java:appendEntriesAsync(1584)) - omNode-bootstrap-2@group-0AAC5367B30E: appendEntries* reply omNode-1<-omNode-bootstrap-2#306:FAIL-t1,INCONSISTENCY,nextIndex=0,followerCommit=-1,matchIndex=-1
2024-07-18 11:33:56,909 [grpc-default-executor-3] INFO  impl.SnapshotInstallationHandler (SnapshotInstallationHandler.java:installSnapshot(92)) - omNode-bootstrap-2@group-0AAC5367B30E: receive installSnapshot: omNode-1->omNode-bootstrap-2#0-t1,notify:(t:1, i:0)
2024-07-18 11:33:56,909 [grpc-default-executor-3] INFO  impl.SnapshotInstallationHandler (SnapshotInstallationHandler.java:installSnapshotImpl(138)) - omNode-bootstrap-2@group-0AAC5367B30E: set new configuration configurationEntry {
  peers {
    id: "omNode-3"
    address: "localhost:15023"
    startupRole: FOLLOWER
  }
  peers {
    id: "omNode-1"
    address: "localhost:15015"
    startupRole: FOLLOWER
  }
  peers {
    id: "omNode-2"
    address: "localhost:15019"
    startupRole: FOLLOWER
  }
}
 from snapshot
2024-07-18 11:33:56,909 [grpc-default-executor-3] INFO  server.RaftServer$Division (ServerState.java:setRaftConf(386)) - omNode-bootstrap-2@group-0AAC5367B30E: set configuration conf: {index: 0, cur=peers:[omNode-3|localhost:15023, omNode-1|localhost:15015, omNode-2|localhost:15019]|listeners:[], old=null}
2024-07-18 11:33:56,911 [grpc-default-executor-3] INFO  ratis.OzoneManagerStateMachine (OzoneManagerStateMachine.java:notifyConfigurationChanged(216)) - Received Configuration change notification from Ratis. New Peer list:
[id: "omNode-3"
address: "localhost:15023"
startupRole: FOLLOWER
, id: "omNode-1"
address: "localhost:15015"
startupRole: FOLLOWER
, id: "omNode-2"
address: "localhost:15019"
startupRole: FOLLOWER
]
2024-07-18 11:33:56,911 [grpc-default-executor-3] INFO  impl.SnapshotInstallationHandler (SnapshotInstallationHandler.java:installSnapshot(103)) - omNode-bootstrap-2@group-0AAC5367B30E: reply installSnapshot: omNode-1<-omNode-bootstrap-2#0:FAIL-t1,IN_PROGRESS,snapshotIndex=0
2024-07-18 11:33:56,911 [grpc-default-executor-3] INFO  server.GrpcServerProtocolService (GrpcServerProtocolService.java:onCompleted(157)) - omNode-bootstrap-2: Completed INSTALL_SNAPSHOT, lastRequest: omNode-1->omNode-bootstrap-2#0-t1,notify:(t:1, i:0)
2024-07-18 11:33:56,912 [grpc-default-executor-3] INFO  server.GrpcServerProtocolService (GrpcServerProtocolService.java:lambda$onCompleted$5(159)) - omNode-bootstrap-2: Completed INSTALL_SNAPSHOT, lastReply: null
2024-07-18 11:33:56,913 [omNode-bootstrap-2-server-thread1] INFO  server.RaftServer$Division (RaftServerImpl.java:checkInconsistentAppendEntries(1629)) - omNode-bootstrap-2@group-0AAC5367B30E: Failed appendEntries as snapshot (0) installation is in progress
2024-07-18 11:33:56,913 [omNode-bootstrap-2-server-thread1] INFO  server.RaftServer$Division (RaftServerImpl.java:appendEntriesAsync(1584)) - omNode-bootstrap-2@group-0AAC5367B30E: appendEntries* reply omNode-1<-omNode-bootstrap-2#307:FAIL-t1,INCONSISTENCY,nextIndex=0,followerCommit=-1,matchIndex=-1
2024-07-18 11:33:56,914 [grpc-default-executor-1] INFO  impl.SnapshotInstallationHandler (SnapshotInstallationHandler.java:installSnapshot(92)) - omNode-bootstrap-2@group-0AAC5367B30E: receive installSnapshot: omNode-1->omNode-bootstrap-2#0-t1,notify:(t:1, i:0)
2024-07-18 11:33:56,914 [grpc-default-executor-1] INFO  impl.SnapshotInstallationHandler (SnapshotInstallationHandler.java:installSnapshotImpl(138)) - omNode-bootstrap-2@group-0AAC5367B30E: set new configuration configurationEntry {
  peers {
    id: "omNode-3"
    address: "localhost:15023"
    startupRole: FOLLOWER
  }
  peers {
    id: "omNode-1"
    address: "localhost:15015"
    startupRole: FOLLOWER
  }
  peers {
    id: "omNode-2"
    address: "localhost:15019"
    startupRole: FOLLOWER
  }
}
 from snapshot
2024-07-18 11:33:56,914 [grpc-default-executor-1] INFO  server.RaftServer$Division (ServerState.java:setRaftConf(386)) - omNode-bootstrap-2@group-0AAC5367B30E: set configuration conf: {index: 0, cur=peers:[omNode-3|localhost:15023, omNode-1|localhost:15015, omNode-2|localhost:15019]|listeners:[], old=null}
2024-07-18 11:33:56,915 [grpc-default-executor-1] INFO  ratis.OzoneManagerStateMachine (OzoneManagerStateMachine.java:notifyConfigurationChanged(216)) - Received Configuration change notification from Ratis. New Peer list:
[id: "omNode-3"
address: "localhost:15023"
startupRole: FOLLOWER
, id: "omNode-1"
address: "localhost:15015"
startupRole: FOLLOWER
, id: "omNode-2"
address: "localhost:15019"
startupRole: FOLLOWER
]
2024-07-18 11:33:56,916 [grpc-default-executor-1] INFO  impl.SnapshotInstallationHandler (SnapshotInstallationHandler.java:installSnapshot(103)) - omNode-bootstrap-2@group-0AAC5367B30E: reply installSnapshot: omNode-1<-omNode-bootstrap-2#0:FAIL-t1,IN_PROGRESS,snapshotIndex=0
2024-07-18 11:33:56,916 [grpc-default-executor-1] INFO  server.GrpcServerProtocolService (GrpcServerProtocolService.java:onCompleted(157)) - omNode-bootstrap-2: Completed INSTALL_SNAPSHOT, lastRequest: omNode-1->omNode-bootstrap-2#0-t1,notify:(t:1, i:0)
2024-07-18 11:33:56,916 [grpc-default-executor-1] INFO  server.GrpcServerProtocolService (GrpcServerProtocolService.java:lambda$onCompleted$5(159)) - omNode-bootstrap-2: Completed INSTALL_SNAPSHOT, lastReply: null
2024-07-18 11:33:56,917 [omNode-bootstrap-2-server-thread1] INFO  server.RaftServer$Division (RaftServerImpl.java:checkInconsistentAppendEntries(1629)) - omNode-bootstrap-2@group-0AAC5367B30E: Failed appendEntries as snapshot (0) installation is in progress
2024-07-18 11:33:56,917 [omNode-bootstrap-2-server-thread1] INFO  server.RaftServer$Division (RaftServerImpl.java:appendEntriesAsync(1584)) - omNode-bootstrap-2@group-0AAC5367B30E: appendEntries* reply omNode-1<-omNode-bootstrap-2#308:FAIL-t1,INCONSISTENCY,nextIndex=0,followerCommit=-1,matchIndex=-1
2024-07-18 11:33:56,917 [grpc-default-executor-0] INFO  impl.SnapshotInstallationHandler (SnapshotInstallationHandler.java:installSnapshot(92)) - omNode-bootstrap-2@group-0AAC5367B30E: receive installSnapshot: omNode-1->omNode-bootstrap-2#0-t1,notify:(t:1, i:0)
2024-07-18 11:33:56,917 [grpc-default-executor-0] INFO  impl.SnapshotInstallationHandler (SnapshotInstallationHandler.java:installSnapshotImpl(138)) - omNode-bootstrap-2@group-0AAC5367B30E: set new configuration configurationEntry {
  peers {
    id: "omNode-3"
    address: "localhost:15023"
    startupRole: FOLLOWER
  }
  peers {
    id: "omNode-1"
    address: "localhost:15015"
    startupRole: FOLLOWER
  }
  peers {
    id: "omNode-2"
    address: "localhost:15019"
    startupRole: FOLLOWER
  }
}
 from snapshot
2024-07-18 11:33:56,917 [grpc-default-executor-0] INFO  server.RaftServer$Division (ServerState.java:setRaftConf(386)) - omNode-bootstrap-2@group-0AAC5367B30E: set configuration conf: {index: 0, cur=peers:[omNode-3|localhost:15023, omNode-1|localhost:15015, omNode-2|localhost:15019]|listeners:[], old=null}
2024-07-18 11:33:56,919 [grpc-default-executor-0] INFO  ratis.OzoneManagerStateMachine (OzoneManagerStateMachine.java:notifyConfigurationChanged(216)) - Received Configuration change notification from Ratis. New Peer list:
[id: "omNode-3"
address: "localhost:15023"
startupRole: FOLLOWER
, id: "omNode-1"
address: "localhost:15015"
startupRole: FOLLOWER
, id: "omNode-2"
address: "localhost:15019"
startupRole: FOLLOWER
]
2024-07-18 11:33:56,919 [grpc-default-executor-0] INFO  impl.SnapshotInstallationHandler (SnapshotInstallationHandler.java:installSnapshot(103)) - omNode-bootstrap-2@group-0AAC5367B30E: reply installSnapshot: omNode-1<-omNode-bootstrap-2#0:FAIL-t1,IN_PROGRESS,snapshotIndex=0
2024-07-18 11:33:56,919 [grpc-default-executor-0] INFO  server.GrpcServerProtocolService (GrpcServerProtocolService.java:onCompleted(157)) - omNode-bootstrap-2: Completed INSTALL_SNAPSHOT, lastRequest: omNode-1->omNode-bootstrap-2#0-t1,notify:(t:1, i:0)
2024-07-18 11:33:56,919 [grpc-default-executor-0] INFO  server.GrpcServerProtocolService (GrpcServerProtocolService.java:lambda$onCompleted$5(159)) - omNode-bootstrap-2: Completed INSTALL_SNAPSHOT, lastReply: null
2024-07-18 11:33:56,920 [omNode-bootstrap-2-server-thread1] INFO  server.RaftServer$Division (RaftServerImpl.java:checkInconsistentAppendEntries(1629)) - omNode-bootstrap-2@group-0AAC5367B30E: Failed appendEntries as snapshot (0) installation is in progress
2024-07-18 11:33:56,920 [omNode-bootstrap-2-server-thread1] INFO  server.RaftServer$Division (RaftServerImpl.java:appendEntriesAsync(1584)) - omNode-bootstrap-2@group-0AAC5367B30E: appendEntries* reply omNode-1<-omNode-bootstrap-2#309:FAIL-t1,INCONSISTENCY,nextIndex=0,followerCommit=-1,matchIndex=-1
2024-07-18 11:33:56,920 [grpc-default-executor-5] INFO  impl.SnapshotInstallationHandler (SnapshotInstallationHandler.java:installSnapshot(92)) - omNode-bootstrap-2@group-0AAC5367B30E: receive installSnapshot: omNode-1->omNode-bootstrap-2#0-t1,notify:(t:1, i:0)
2024-07-18 11:33:56,920 [grpc-default-executor-5] INFO  impl.SnapshotInstallationHandler (SnapshotInstallationHandler.java:installSnapshotImpl(138)) - omNode-bootstrap-2@group-0AAC5367B30E: set new configuration configurationEntry {
  peers {
    id: "omNode-3"
    address: "localhost:15023"
    startupRole: FOLLOWER
  }
  peers {
    id: "omNode-1"
    address: "localhost:15015"
    startupRole: FOLLOWER
  }
  peers {
    id: "omNode-2"
    address: "localhost:15019"
    startupRole: FOLLOWER
  }
}
 from snapshot
2024-07-18 11:33:56,920 [omNode-bootstrap-2-InstallSnapshotThread] INFO  om.OzoneManager (OzoneManager.java:instantiateServices(812)) - S3 Multi-Tenancy is disabled
2024-07-18 11:33:56,920 [grpc-default-executor-5] INFO  server.RaftServer$Division (ServerState.java:setRaftConf(386)) - omNode-bootstrap-2@group-0AAC5367B30E: set configuration conf: {index: 0, cur=peers:[omNode-3|localhost:15023, omNode-1|localhost:15015, omNode-2|localhost:15019]|listeners:[], old=null}
2024-07-18 11:33:56,921 [omNode-bootstrap-2-InstallSnapshotThread] INFO  om.OmSnapshotManager (OmSnapshotManager.java:<init>(179)) - Ozone filesystem snapshot feature is enabled.
2024-07-18 11:33:56,921 [omNode-bootstrap-2-InstallSnapshotThread] WARN  server.ServerUtils (ServerUtils.java:getDBPath(299)) - ozone.om.snapshot.diff.db.dir is not configured. We recommend adding this setting. Falling back to ozone.metadata.dirs instead.
2024-07-18 11:33:56,922 [grpc-default-executor-5] INFO  ratis.OzoneManagerStateMachine (OzoneManagerStateMachine.java:notifyConfigurationChanged(216)) - Received Configuration change notification from Ratis. New Peer list:
[id: "omNode-3"
address: "localhost:15023"
startupRole: FOLLOWER
, id: "omNode-1"
address: "localhost:15015"
startupRole: FOLLOWER
, id: "omNode-2"
address: "localhost:15019"
startupRole: FOLLOWER
]
2024-07-18 11:33:56,922 [grpc-default-executor-5] INFO  impl.SnapshotInstallationHandler (SnapshotInstallationHandler.java:installSnapshot(103)) - omNode-bootstrap-2@group-0AAC5367B30E: reply installSnapshot: omNode-1<-omNode-bootstrap-2#0:FAIL-t1,IN_PROGRESS,snapshotIndex=0
2024-07-18 11:33:56,922 [grpc-default-executor-5] INFO  server.GrpcServerProtocolService (GrpcServerProtocolService.java:onCompleted(157)) - omNode-bootstrap-2: Completed INSTALL_SNAPSHOT, lastRequest: omNode-1->omNode-bootstrap-2#0-t1,notify:(t:1, i:0)
2024-07-18 11:33:56,922 [grpc-default-executor-5] INFO  server.GrpcServerProtocolService (GrpcServerProtocolService.java:lambda$onCompleted$5(159)) - omNode-bootstrap-2: Completed INSTALL_SNAPSHOT, lastReply: null
2024-07-18 11:33:56,922 [omNode-bootstrap-2-server-thread1] INFO  server.RaftServer$Division (RaftServerImpl.java:checkInconsistentAppendEntries(1629)) - omNode-bootstrap-2@group-0AAC5367B30E: Failed appendEntries as snapshot (0) installation is in progress
2024-07-18 11:33:56,922 [omNode-bootstrap-2-server-thread1] INFO  server.RaftServer$Division (RaftServerImpl.java:appendEntriesAsync(1584)) - omNode-bootstrap-2@group-0AAC5367B30E: appendEntries* reply omNode-1<-omNode-bootstrap-2#310:FAIL-t1,INCONSISTENCY,nextIndex=0,followerCommit=-1,matchIndex=-1
2024-07-18 11:33:56,923 [grpc-default-executor-5] INFO  impl.SnapshotInstallationHandler (SnapshotInstallationHandler.java:installSnapshot(92)) - omNode-bootstrap-2@group-0AAC5367B30E: receive installSnapshot: omNode-1->omNode-bootstrap-2#0-t1,notify:(t:1, i:0)
2024-07-18 11:33:56,924 [grpc-default-executor-5] INFO  impl.SnapshotInstallationHandler (SnapshotInstallationHandler.java:installSnapshotImpl(138)) - omNode-bootstrap-2@group-0AAC5367B30E: set new configuration configurationEntry {
  peers {
    id: "omNode-3"
    address: "localhost:15023"
    startupRole: FOLLOWER
  }
  peers {
    id: "omNode-1"
    address: "localhost:15015"
    startupRole: FOLLOWER
  }
  peers {
    id: "omNode-2"
    address: "localhost:15019"
    startupRole: FOLLOWER
  }
}
 from snapshot
2024-07-18 11:33:56,924 [grpc-default-executor-5] INFO  server.RaftServer$Division (ServerState.java:setRaftConf(386)) - omNode-bootstrap-2@group-0AAC5367B30E: set configuration conf: {index: 0, cur=peers:[omNode-3|localhost:15023, omNode-1|localhost:15015, omNode-2|localhost:15019]|listeners:[], old=null}
2024-07-18 11:33:56,925 [grpc-default-executor-5] INFO  ratis.OzoneManagerStateMachine (OzoneManagerStateMachine.java:notifyConfigurationChanged(216)) - Received Configuration change notification from Ratis. New Peer list:
[id: "omNode-3"
address: "localhost:15023"
startupRole: FOLLOWER
, id: "omNode-1"
address: "localhost:15015"
startupRole: FOLLOWER
, id: "omNode-2"
address: "localhost:15019"
startupRole: FOLLOWER
]
2024-07-18 11:33:56,925 [grpc-default-executor-5] INFO  impl.SnapshotInstallationHandler (SnapshotInstallationHandler.java:installSnapshot(103)) - omNode-bootstrap-2@group-0AAC5367B30E: reply installSnapshot: omNode-1<-omNode-bootstrap-2#0:FAIL-t1,IN_PROGRESS,snapshotIndex=0
2024-07-18 11:33:56,925 [grpc-default-executor-5] INFO  server.GrpcServerProtocolService (GrpcServerProtocolService.java:onCompleted(157)) - omNode-bootstrap-2: Completed INSTALL_SNAPSHOT, lastRequest: omNode-1->omNode-bootstrap-2#0-t1,notify:(t:1, i:0)
2024-07-18 11:33:56,925 [grpc-default-executor-5] INFO  server.GrpcServerProtocolService (GrpcServerProtocolService.java:lambda$onCompleted$5(159)) - omNode-bootstrap-2: Completed INSTALL_SNAPSHOT, lastReply: null
2024-07-18 11:33:56,926 [omNode-bootstrap-2-server-thread1] INFO  server.RaftServer$Division (RaftServerImpl.java:checkInconsistentAppendEntries(1629)) - omNode-bootstrap-2@group-0AAC5367B30E: Failed appendEntries as snapshot (0) installation is in progress
2024-07-18 11:33:56,926 [omNode-bootstrap-2-server-thread1] INFO  server.RaftServer$Division (RaftServerImpl.java:appendEntriesAsync(1584)) - omNode-bootstrap-2@group-0AAC5367B30E: appendEntries* reply omNode-1<-omNode-bootstrap-2#311:FAIL-t1,INCONSISTENCY,nextIndex=0,followerCommit=-1,matchIndex=-1
2024-07-18 11:33:56,927 [grpc-default-executor-0] INFO  impl.SnapshotInstallationHandler (SnapshotInstallationHandler.java:installSnapshot(92)) - omNode-bootstrap-2@group-0AAC5367B30E: receive installSnapshot: omNode-1->omNode-bootstrap-2#0-t1,notify:(t:1, i:0)
2024-07-18 11:33:56,927 [grpc-default-executor-0] INFO  impl.SnapshotInstallationHandler (SnapshotInstallationHandler.java:installSnapshotImpl(138)) - omNode-bootstrap-2@group-0AAC5367B30E: set new configuration configurationEntry {
  peers {
    id: "omNode-3"
    address: "localhost:15023"
    startupRole: FOLLOWER
  }
  peers {
    id: "omNode-1"
    address: "localhost:15015"
    startupRole: FOLLOWER
  }
  peers {
    id: "omNode-2"
    address: "localhost:15019"
    startupRole: FOLLOWER
  }
}
 from snapshot
2024-07-18 11:33:56,927 [grpc-default-executor-0] INFO  server.RaftServer$Division (ServerState.java:setRaftConf(386)) - omNode-bootstrap-2@group-0AAC5367B30E: set configuration conf: {index: 0, cur=peers:[omNode-3|localhost:15023, omNode-1|localhost:15015, omNode-2|localhost:15019]|listeners:[], old=null}
2024-07-18 11:33:56,929 [grpc-default-executor-0] INFO  ratis.OzoneManagerStateMachine (OzoneManagerStateMachine.java:notifyConfigurationChanged(216)) - Received Configuration change notification from Ratis. New Peer list:
[id: "omNode-3"
address: "localhost:15023"
startupRole: FOLLOWER
, id: "omNode-1"
address: "localhost:15015"
startupRole: FOLLOWER
, id: "omNode-2"
address: "localhost:15019"
startupRole: FOLLOWER
]
2024-07-18 11:33:56,929 [grpc-default-executor-0] INFO  impl.SnapshotInstallationHandler (SnapshotInstallationHandler.java:installSnapshot(103)) - omNode-bootstrap-2@group-0AAC5367B30E: reply installSnapshot: omNode-1<-omNode-bootstrap-2#0:FAIL-t1,IN_PROGRESS,snapshotIndex=0
2024-07-18 11:33:56,929 [grpc-default-executor-0] INFO  server.GrpcServerProtocolService (GrpcServerProtocolService.java:onCompleted(157)) - omNode-bootstrap-2: Completed INSTALL_SNAPSHOT, lastRequest: omNode-1->omNode-bootstrap-2#0-t1,notify:(t:1, i:0)
2024-07-18 11:33:56,929 [grpc-default-executor-0] INFO  server.GrpcServerProtocolService (GrpcServerProtocolService.java:lambda$onCompleted$5(159)) - omNode-bootstrap-2: Completed INSTALL_SNAPSHOT, lastReply: null
2024-07-18 11:33:56,930 [omNode-bootstrap-2-server-thread1] INFO  server.RaftServer$Division (RaftServerImpl.java:checkInconsistentAppendEntries(1629)) - omNode-bootstrap-2@group-0AAC5367B30E: Failed appendEntries as snapshot (0) installation is in progress
2024-07-18 11:33:56,930 [omNode-bootstrap-2-server-thread1] INFO  server.RaftServer$Division (RaftServerImpl.java:appendEntriesAsync(1584)) - omNode-bootstrap-2@group-0AAC5367B30E: appendEntries* reply omNode-1<-omNode-bootstrap-2#312:FAIL-t1,INCONSISTENCY,nextIndex=0,followerCommit=-1,matchIndex=-1
2024-07-18 11:33:56,931 [grpc-default-executor-5] INFO  impl.SnapshotInstallationHandler (SnapshotInstallationHandler.java:installSnapshot(92)) - omNode-bootstrap-2@group-0AAC5367B30E: receive installSnapshot: omNode-1->omNode-bootstrap-2#0-t1,notify:(t:1, i:0)
2024-07-18 11:33:56,931 [grpc-default-executor-5] INFO  impl.SnapshotInstallationHandler (SnapshotInstallationHandler.java:installSnapshotImpl(138)) - omNode-bootstrap-2@group-0AAC5367B30E: set new configuration configurationEntry {
  peers {
    id: "omNode-3"
    address: "localhost:15023"
    startupRole: FOLLOWER
  }
  peers {
    id: "omNode-1"
    address: "localhost:15015"
    startupRole: FOLLOWER
  }
  peers {
    id: "omNode-2"
    address: "localhost:15019"
    startupRole: FOLLOWER
  }
}
 from snapshot
2024-07-18 11:33:56,931 [grpc-default-executor-5] INFO  server.RaftServer$Division (ServerState.java:setRaftConf(386)) - omNode-bootstrap-2@group-0AAC5367B30E: set configuration conf: {index: 0, cur=peers:[omNode-3|localhost:15023, omNode-1|localhost:15015, omNode-2|localhost:15019]|listeners:[], old=null}
2024-07-18 11:33:56,933 [grpc-default-executor-5] INFO  ratis.OzoneManagerStateMachine (OzoneManagerStateMachine.java:notifyConfigurationChanged(216)) - Received Configuration change notification from Ratis. New Peer list:
[id: "omNode-3"
address: "localhost:15023"
startupRole: FOLLOWER
, id: "omNode-1"
address: "localhost:15015"
startupRole: FOLLOWER
, id: "omNode-2"
address: "localhost:15019"
startupRole: FOLLOWER
]
2024-07-18 11:33:56,933 [grpc-default-executor-5] INFO  impl.SnapshotInstallationHandler (SnapshotInstallationHandler.java:installSnapshot(103)) - omNode-bootstrap-2@group-0AAC5367B30E: reply installSnapshot: omNode-1<-omNode-bootstrap-2#0:FAIL-t1,IN_PROGRESS,snapshotIndex=0
2024-07-18 11:33:56,933 [grpc-default-executor-5] INFO  server.GrpcServerProtocolService (GrpcServerProtocolService.java:onCompleted(157)) - omNode-bootstrap-2: Completed INSTALL_SNAPSHOT, lastRequest: omNode-1->omNode-bootstrap-2#0-t1,notify:(t:1, i:0)
2024-07-18 11:33:56,933 [grpc-default-executor-5] INFO  server.GrpcServerProtocolService (GrpcServerProtocolService.java:lambda$onCompleted$5(159)) - omNode-bootstrap-2: Completed INSTALL_SNAPSHOT, lastReply: null
2024-07-18 11:33:56,934 [omNode-bootstrap-2-server-thread1] INFO  server.RaftServer$Division (RaftServerImpl.java:checkInconsistentAppendEntries(1629)) - omNode-bootstrap-2@group-0AAC5367B30E: Failed appendEntries as snapshot (0) installation is in progress
2024-07-18 11:33:56,934 [omNode-bootstrap-2-server-thread1] INFO  server.RaftServer$Division (RaftServerImpl.java:appendEntriesAsync(1584)) - omNode-bootstrap-2@group-0AAC5367B30E: appendEntries* reply omNode-1<-omNode-bootstrap-2#313:FAIL-t1,INCONSISTENCY,nextIndex=0,followerCommit=-1,matchIndex=-1
2024-07-18 11:33:56,935 [grpc-default-executor-0] INFO  impl.SnapshotInstallationHandler (SnapshotInstallationHandler.java:installSnapshot(92)) - omNode-bootstrap-2@group-0AAC5367B30E: receive installSnapshot: omNode-1->omNode-bootstrap-2#0-t1,notify:(t:1, i:0)
2024-07-18 11:33:56,935 [grpc-default-executor-0] INFO  impl.SnapshotInstallationHandler (SnapshotInstallationHandler.java:installSnapshotImpl(138)) - omNode-bootstrap-2@group-0AAC5367B30E: set new configuration configurationEntry {
  peers {
    id: "omNode-3"
    address: "localhost:15023"
    startupRole: FOLLOWER
  }
  peers {
    id: "omNode-1"
    address: "localhost:15015"
    startupRole: FOLLOWER
  }
  peers {
    id: "omNode-2"
    address: "localhost:15019"
    startupRole: FOLLOWER
  }
}
 from snapshot
2024-07-18 11:33:56,935 [grpc-default-executor-0] INFO  server.RaftServer$Division (ServerState.java:setRaftConf(386)) - omNode-bootstrap-2@group-0AAC5367B30E: set configuration conf: {index: 0, cur=peers:[omNode-3|localhost:15023, omNode-1|localhost:15015, omNode-2|localhost:15019]|listeners:[], old=null}
2024-07-18 11:33:56,936 [grpc-default-executor-0] INFO  ratis.OzoneManagerStateMachine (OzoneManagerStateMachine.java:notifyConfigurationChanged(216)) - Received Configuration change notification from Ratis. New Peer list:
[id: "omNode-3"
address: "localhost:15023"
startupRole: FOLLOWER
, id: "omNode-1"
address: "localhost:15015"
startupRole: FOLLOWER
, id: "omNode-2"
address: "localhost:15019"
startupRole: FOLLOWER
]
2024-07-18 11:33:56,936 [grpc-default-executor-0] INFO  impl.SnapshotInstallationHandler (SnapshotInstallationHandler.java:installSnapshot(103)) - omNode-bootstrap-2@group-0AAC5367B30E: reply installSnapshot: omNode-1<-omNode-bootstrap-2#0:FAIL-t1,IN_PROGRESS,snapshotIndex=0
2024-07-18 11:33:56,936 [grpc-default-executor-0] INFO  server.GrpcServerProtocolService (GrpcServerProtocolService.java:onCompleted(157)) - omNode-bootstrap-2: Completed INSTALL_SNAPSHOT, lastRequest: omNode-1->omNode-bootstrap-2#0-t1,notify:(t:1, i:0)
2024-07-18 11:33:56,936 [grpc-default-executor-0] INFO  server.GrpcServerProtocolService (GrpcServerProtocolService.java:lambda$onCompleted$5(159)) - omNode-bootstrap-2: Completed INSTALL_SNAPSHOT, lastReply: null
2024-07-18 11:33:56,937 [omNode-bootstrap-2-server-thread1] INFO  server.RaftServer$Division (RaftServerImpl.java:checkInconsistentAppendEntries(1629)) - omNode-bootstrap-2@group-0AAC5367B30E: Failed appendEntries as snapshot (0) installation is in progress
2024-07-18 11:33:56,937 [omNode-bootstrap-2-server-thread1] INFO  server.RaftServer$Division (RaftServerImpl.java:appendEntriesAsync(1584)) - omNode-bootstrap-2@group-0AAC5367B30E: appendEntries* reply omNode-1<-omNode-bootstrap-2#314:FAIL-t1,INCONSISTENCY,nextIndex=0,followerCommit=-1,matchIndex=-1
2024-07-18 11:33:56,938 [grpc-default-executor-0] INFO  impl.SnapshotInstallationHandler (SnapshotInstallationHandler.java:installSnapshot(92)) - omNode-bootstrap-2@group-0AAC5367B30E: receive installSnapshot: omNode-1->omNode-bootstrap-2#0-t1,notify:(t:1, i:0)
2024-07-18 11:33:56,938 [grpc-default-executor-0] INFO  impl.SnapshotInstallationHandler (SnapshotInstallationHandler.java:installSnapshotImpl(138)) - omNode-bootstrap-2@group-0AAC5367B30E: set new configuration configurationEntry {
  peers {
    id: "omNode-3"
    address: "localhost:15023"
    startupRole: FOLLOWER
  }
  peers {
    id: "omNode-1"
    address: "localhost:15015"
    startupRole: FOLLOWER
  }
  peers {
    id: "omNode-2"
    address: "localhost:15019"
    startupRole: FOLLOWER
  }
}
 from snapshot
2024-07-18 11:33:56,938 [grpc-default-executor-0] INFO  server.RaftServer$Division (ServerState.java:setRaftConf(386)) - omNode-bootstrap-2@group-0AAC5367B30E: set configuration conf: {index: 0, cur=peers:[omNode-3|localhost:15023, omNode-1|localhost:15015, omNode-2|localhost:15019]|listeners:[], old=null}
2024-07-18 11:33:56,939 [grpc-default-executor-0] INFO  ratis.OzoneManagerStateMachine (OzoneManagerStateMachine.java:notifyConfigurationChanged(216)) - Received Configuration change notification from Ratis. New Peer list:
[id: "omNode-3"
address: "localhost:15023"
startupRole: FOLLOWER
, id: "omNode-1"
address: "localhost:15015"
startupRole: FOLLOWER
, id: "omNode-2"
address: "localhost:15019"
startupRole: FOLLOWER
]
2024-07-18 11:33:56,940 [grpc-default-executor-0] INFO  impl.SnapshotInstallationHandler (SnapshotInstallationHandler.java:installSnapshot(103)) - omNode-bootstrap-2@group-0AAC5367B30E: reply installSnapshot: omNode-1<-omNode-bootstrap-2#0:FAIL-t1,IN_PROGRESS,snapshotIndex=0
2024-07-18 11:33:56,940 [grpc-default-executor-0] INFO  server.GrpcServerProtocolService (GrpcServerProtocolService.java:onCompleted(157)) - omNode-bootstrap-2: Completed INSTALL_SNAPSHOT, lastRequest: omNode-1->omNode-bootstrap-2#0-t1,notify:(t:1, i:0)
2024-07-18 11:33:56,940 [grpc-default-executor-0] INFO  server.GrpcServerProtocolService (GrpcServerProtocolService.java:lambda$onCompleted$5(159)) - omNode-bootstrap-2: Completed INSTALL_SNAPSHOT, lastReply: null
2024-07-18 11:33:56,941 [grpc-default-executor-5] INFO  impl.SnapshotInstallationHandler (SnapshotInstallationHandler.java:installSnapshot(92)) - omNode-bootstrap-2@group-0AAC5367B30E: receive installSnapshot: omNode-1->omNode-bootstrap-2#0-t1,notify:(t:1, i:0)
2024-07-18 11:33:56,941 [grpc-default-executor-5] INFO  impl.SnapshotInstallationHandler (SnapshotInstallationHandler.java:installSnapshotImpl(138)) - omNode-bootstrap-2@group-0AAC5367B30E: set new configuration configurationEntry {
  peers {
    id: "omNode-3"
    address: "localhost:15023"
    startupRole: FOLLOWER
  }
  peers {
    id: "omNode-1"
    address: "localhost:15015"
    startupRole: FOLLOWER
  }
  peers {
    id: "omNode-2"
    address: "localhost:15019"
    startupRole: FOLLOWER
  }
}
 from snapshot
2024-07-18 11:33:56,941 [grpc-default-executor-5] INFO  server.RaftServer$Division (ServerState.java:setRaftConf(386)) - omNode-bootstrap-2@group-0AAC5367B30E: set configuration conf: {index: 0, cur=peers:[omNode-3|localhost:15023, omNode-1|localhost:15015, omNode-2|localhost:15019]|listeners:[], old=null}
2024-07-18 11:33:56,941 [omNode-bootstrap-2-server-thread1] INFO  server.RaftServer$Division (RaftServerImpl.java:checkInconsistentAppendEntries(1629)) - omNode-bootstrap-2@group-0AAC5367B30E: Failed appendEntries as snapshot (0) installation is in progress
2024-07-18 11:33:56,941 [omNode-bootstrap-2-server-thread1] INFO  server.RaftServer$Division (RaftServerImpl.java:appendEntriesAsync(1584)) - omNode-bootstrap-2@group-0AAC5367B30E: appendEntries* reply omNode-1<-omNode-bootstrap-2#315:FAIL-t1,INCONSISTENCY,nextIndex=0,followerCommit=-1,matchIndex=-1
2024-07-18 11:33:56,943 [grpc-default-executor-5] INFO  ratis.OzoneManagerStateMachine (OzoneManagerStateMachine.java:notifyConfigurationChanged(216)) - Received Configuration change notification from Ratis. New Peer list:
[id: "omNode-3"
address: "localhost:15023"
startupRole: FOLLOWER
, id: "omNode-1"
address: "localhost:15015"
startupRole: FOLLOWER
, id: "omNode-2"
address: "localhost:15019"
startupRole: FOLLOWER
]
2024-07-18 11:33:56,943 [grpc-default-executor-5] INFO  impl.SnapshotInstallationHandler (SnapshotInstallationHandler.java:installSnapshot(103)) - omNode-bootstrap-2@group-0AAC5367B30E: reply installSnapshot: omNode-1<-omNode-bootstrap-2#0:FAIL-t1,IN_PROGRESS,snapshotIndex=0
2024-07-18 11:33:56,943 [grpc-default-executor-5] INFO  server.GrpcServerProtocolService (GrpcServerProtocolService.java:onCompleted(157)) - omNode-bootstrap-2: Completed INSTALL_SNAPSHOT, lastRequest: omNode-1->omNode-bootstrap-2#0-t1,notify:(t:1, i:0)
2024-07-18 11:33:56,943 [grpc-default-executor-5] INFO  server.GrpcServerProtocolService (GrpcServerProtocolService.java:lambda$onCompleted$5(159)) - omNode-bootstrap-2: Completed INSTALL_SNAPSHOT, lastReply: null
2024-07-18 11:33:56,945 [grpc-default-executor-3] INFO  impl.SnapshotInstallationHandler (SnapshotInstallationHandler.java:installSnapshot(92)) - omNode-bootstrap-2@group-0AAC5367B30E: receive installSnapshot: omNode-1->omNode-bootstrap-2#0-t1,notify:(t:1, i:0)
2024-07-18 11:33:56,945 [grpc-default-executor-3] INFO  impl.SnapshotInstallationHandler (SnapshotInstallationHandler.java:installSnapshotImpl(138)) - omNode-bootstrap-2@group-0AAC5367B30E: set new configuration configurationEntry {
  peers {
    id: "omNode-3"
    address: "localhost:15023"
    startupRole: FOLLOWER
  }
  peers {
    id: "omNode-1"
    address: "localhost:15015"
    startupRole: FOLLOWER
  }
  peers {
    id: "omNode-2"
    address: "localhost:15019"
    startupRole: FOLLOWER
  }
}
 from snapshot
2024-07-18 11:33:56,945 [grpc-default-executor-3] INFO  server.RaftServer$Division (ServerState.java:setRaftConf(386)) - omNode-bootstrap-2@group-0AAC5367B30E: set configuration conf: {index: 0, cur=peers:[omNode-3|localhost:15023, omNode-1|localhost:15015, omNode-2|localhost:15019]|listeners:[], old=null}
2024-07-18 11:33:56,946 [omNode-bootstrap-2-server-thread1] INFO  server.RaftServer$Division (RaftServerImpl.java:checkInconsistentAppendEntries(1629)) - omNode-bootstrap-2@group-0AAC5367B30E: Failed appendEntries as snapshot (0) installation is in progress
2024-07-18 11:33:56,946 [omNode-bootstrap-2-server-thread1] INFO  server.RaftServer$Division (RaftServerImpl.java:appendEntriesAsync(1584)) - omNode-bootstrap-2@group-0AAC5367B30E: appendEntries* reply omNode-1<-omNode-bootstrap-2#316:FAIL-t1,INCONSISTENCY,nextIndex=0,followerCommit=-1,matchIndex=-1
2024-07-18 11:33:56,947 [grpc-default-executor-3] INFO  ratis.OzoneManagerStateMachine (OzoneManagerStateMachine.java:notifyConfigurationChanged(216)) - Received Configuration change notification from Ratis. New Peer list:
[id: "omNode-3"
address: "localhost:15023"
startupRole: FOLLOWER
, id: "omNode-1"
address: "localhost:15015"
startupRole: FOLLOWER
, id: "omNode-2"
address: "localhost:15019"
startupRole: FOLLOWER
]
2024-07-18 11:33:56,947 [grpc-default-executor-3] INFO  impl.SnapshotInstallationHandler (SnapshotInstallationHandler.java:installSnapshot(103)) - omNode-bootstrap-2@group-0AAC5367B30E: reply installSnapshot: omNode-1<-omNode-bootstrap-2#0:FAIL-t1,IN_PROGRESS,snapshotIndex=0
2024-07-18 11:33:56,947 [grpc-default-executor-3] INFO  server.GrpcServerProtocolService (GrpcServerProtocolService.java:onCompleted(157)) - omNode-bootstrap-2: Completed INSTALL_SNAPSHOT, lastRequest: omNode-1->omNode-bootstrap-2#0-t1,notify:(t:1, i:0)
2024-07-18 11:33:56,947 [grpc-default-executor-3] INFO  server.GrpcServerProtocolService (GrpcServerProtocolService.java:lambda$onCompleted$5(159)) - omNode-bootstrap-2: Completed INSTALL_SNAPSHOT, lastReply: null
2024-07-18 11:33:56,948 [grpc-default-executor-1] INFO  impl.SnapshotInstallationHandler (SnapshotInstallationHandler.java:installSnapshot(92)) - omNode-bootstrap-2@group-0AAC5367B30E: receive installSnapshot: omNode-1->omNode-bootstrap-2#0-t1,notify:(t:1, i:0)
2024-07-18 11:33:56,948 [grpc-default-executor-1] INFO  impl.SnapshotInstallationHandler (SnapshotInstallationHandler.java:installSnapshotImpl(138)) - omNode-bootstrap-2@group-0AAC5367B30E: set new configuration configurationEntry {
  peers {
    id: "omNode-3"
    address: "localhost:15023"
    startupRole: FOLLOWER
  }
  peers {
    id: "omNode-1"
    address: "localhost:15015"
    startupRole: FOLLOWER
  }
  peers {
    id: "omNode-2"
    address: "localhost:15019"
    startupRole: FOLLOWER
  }
}
 from snapshot
2024-07-18 11:33:56,948 [grpc-default-executor-1] INFO  server.RaftServer$Division (ServerState.java:setRaftConf(386)) - omNode-bootstrap-2@group-0AAC5367B30E: set configuration conf: {index: 0, cur=peers:[omNode-3|localhost:15023, omNode-1|localhost:15015, omNode-2|localhost:15019]|listeners:[], old=null}
2024-07-18 11:33:56,949 [omNode-bootstrap-2-server-thread1] INFO  server.RaftServer$Division (RaftServerImpl.java:checkInconsistentAppendEntries(1629)) - omNode-bootstrap-2@group-0AAC5367B30E: Failed appendEntries as snapshot (0) installation is in progress
2024-07-18 11:33:56,949 [omNode-bootstrap-2-server-thread1] INFO  server.RaftServer$Division (RaftServerImpl.java:appendEntriesAsync(1584)) - omNode-bootstrap-2@group-0AAC5367B30E: appendEntries* reply omNode-1<-omNode-bootstrap-2#317:FAIL-t1,INCONSISTENCY,nextIndex=0,followerCommit=-1,matchIndex=-1
2024-07-18 11:33:56,950 [grpc-default-executor-1] INFO  ratis.OzoneManagerStateMachine (OzoneManagerStateMachine.java:notifyConfigurationChanged(216)) - Received Configuration change notification from Ratis. New Peer list:
[id: "omNode-3"
address: "localhost:15023"
startupRole: FOLLOWER
, id: "omNode-1"
address: "localhost:15015"
startupRole: FOLLOWER
, id: "omNode-2"
address: "localhost:15019"
startupRole: FOLLOWER
]
2024-07-18 11:33:56,950 [grpc-default-executor-1] INFO  impl.SnapshotInstallationHandler (SnapshotInstallationHandler.java:installSnapshot(103)) - omNode-bootstrap-2@group-0AAC5367B30E: reply installSnapshot: omNode-1<-omNode-bootstrap-2#0:FAIL-t1,IN_PROGRESS,snapshotIndex=0
2024-07-18 11:33:56,950 [grpc-default-executor-1] INFO  server.GrpcServerProtocolService (GrpcServerProtocolService.java:onCompleted(157)) - omNode-bootstrap-2: Completed INSTALL_SNAPSHOT, lastRequest: omNode-1->omNode-bootstrap-2#0-t1,notify:(t:1, i:0)
2024-07-18 11:33:56,950 [grpc-default-executor-1] INFO  server.GrpcServerProtocolService (GrpcServerProtocolService.java:lambda$onCompleted$5(159)) - omNode-bootstrap-2: Completed INSTALL_SNAPSHOT, lastReply: null
2024-07-18 11:33:56,951 [omNode-bootstrap-2-server-thread1] INFO  server.RaftServer$Division (RaftServerImpl.java:checkInconsistentAppendEntries(1629)) - omNode-bootstrap-2@group-0AAC5367B30E: Failed appendEntries as snapshot (0) installation is in progress
2024-07-18 11:33:56,951 [omNode-bootstrap-2-server-thread1] INFO  server.RaftServer$Division (RaftServerImpl.java:appendEntriesAsync(1584)) - omNode-bootstrap-2@group-0AAC5367B30E: appendEntries* reply omNode-1<-omNode-bootstrap-2#318:FAIL-t1,INCONSISTENCY,nextIndex=0,followerCommit=-1,matchIndex=-1
2024-07-18 11:33:56,952 [grpc-default-executor-0] INFO  impl.SnapshotInstallationHandler (SnapshotInstallationHandler.java:installSnapshot(92)) - omNode-bootstrap-2@group-0AAC5367B30E: receive installSnapshot: omNode-1->omNode-bootstrap-2#0-t1,notify:(t:1, i:0)
2024-07-18 11:33:56,952 [grpc-default-executor-0] INFO  impl.SnapshotInstallationHandler (SnapshotInstallationHandler.java:installSnapshotImpl(138)) - omNode-bootstrap-2@group-0AAC5367B30E: set new configuration configurationEntry {
  peers {
    id: "omNode-3"
    address: "localhost:15023"
    startupRole: FOLLOWER
  }
  peers {
    id: "omNode-1"
    address: "localhost:15015"
    startupRole: FOLLOWER
  }
  peers {
    id: "omNode-2"
    address: "localhost:15019"
    startupRole: FOLLOWER
  }
}
 from snapshot
2024-07-18 11:33:56,952 [grpc-default-executor-0] INFO  server.RaftServer$Division (ServerState.java:setRaftConf(386)) - omNode-bootstrap-2@group-0AAC5367B30E: set configuration conf: {index: 0, cur=peers:[omNode-3|localhost:15023, omNode-1|localhost:15015, omNode-2|localhost:15019]|listeners:[], old=null}
2024-07-18 11:33:56,953 [grpc-default-executor-0] INFO  ratis.OzoneManagerStateMachine (OzoneManagerStateMachine.java:notifyConfigurationChanged(216)) - Received Configuration change notification from Ratis. New Peer list:
[id: "omNode-3"
address: "localhost:15023"
startupRole: FOLLOWER
, id: "omNode-1"
address: "localhost:15015"
startupRole: FOLLOWER
, id: "omNode-2"
address: "localhost:15019"
startupRole: FOLLOWER
]
2024-07-18 11:33:56,953 [grpc-default-executor-0] INFO  impl.SnapshotInstallationHandler (SnapshotInstallationHandler.java:installSnapshot(103)) - omNode-bootstrap-2@group-0AAC5367B30E: reply installSnapshot: omNode-1<-omNode-bootstrap-2#0:FAIL-t1,IN_PROGRESS,snapshotIndex=0
2024-07-18 11:33:56,953 [grpc-default-executor-0] INFO  server.GrpcServerProtocolService (GrpcServerProtocolService.java:onCompleted(157)) - omNode-bootstrap-2: Completed INSTALL_SNAPSHOT, lastRequest: omNode-1->omNode-bootstrap-2#0-t1,notify:(t:1, i:0)
2024-07-18 11:33:56,953 [grpc-default-executor-0] INFO  server.GrpcServerProtocolService (GrpcServerProtocolService.java:lambda$onCompleted$5(159)) - omNode-bootstrap-2: Completed INSTALL_SNAPSHOT, lastReply: null
2024-07-18 11:33:56,955 [grpc-default-executor-5] INFO  impl.SnapshotInstallationHandler (SnapshotInstallationHandler.java:installSnapshot(92)) - omNode-bootstrap-2@group-0AAC5367B30E: receive installSnapshot: omNode-1->omNode-bootstrap-2#0-t1,notify:(t:1, i:0)
2024-07-18 11:33:56,955 [grpc-default-executor-5] INFO  impl.SnapshotInstallationHandler (SnapshotInstallationHandler.java:installSnapshotImpl(138)) - omNode-bootstrap-2@group-0AAC5367B30E: set new configuration configurationEntry {
  peers {
    id: "omNode-3"
    address: "localhost:15023"
    startupRole: FOLLOWER
  }
  peers {
    id: "omNode-1"
    address: "localhost:15015"
    startupRole: FOLLOWER
  }
  peers {
    id: "omNode-2"
    address: "localhost:15019"
    startupRole: FOLLOWER
  }
}
 from snapshot
2024-07-18 11:33:56,955 [grpc-default-executor-5] INFO  server.RaftServer$Division (ServerState.java:setRaftConf(386)) - omNode-bootstrap-2@group-0AAC5367B30E: set configuration conf: {index: 0, cur=peers:[omNode-3|localhost:15023, omNode-1|localhost:15015, omNode-2|localhost:15019]|listeners:[], old=null}
2024-07-18 11:33:56,955 [omNode-bootstrap-2-server-thread1] INFO  server.RaftServer$Division (RaftServerImpl.java:checkInconsistentAppendEntries(1629)) - omNode-bootstrap-2@group-0AAC5367B30E: Failed appendEntries as snapshot (0) installation is in progress
2024-07-18 11:33:56,955 [omNode-bootstrap-2-server-thread1] INFO  server.RaftServer$Division (RaftServerImpl.java:appendEntriesAsync(1584)) - omNode-bootstrap-2@group-0AAC5367B30E: appendEntries* reply omNode-1<-omNode-bootstrap-2#319:FAIL-t1,INCONSISTENCY,nextIndex=0,followerCommit=-1,matchIndex=-1
2024-07-18 11:33:56,957 [grpc-default-executor-5] INFO  ratis.OzoneManagerStateMachine (OzoneManagerStateMachine.java:notifyConfigurationChanged(216)) - Received Configuration change notification from Ratis. New Peer list:
[id: "omNode-3"
address: "localhost:15023"
startupRole: FOLLOWER
, id: "omNode-1"
address: "localhost:15015"
startupRole: FOLLOWER
, id: "omNode-2"
address: "localhost:15019"
startupRole: FOLLOWER
]
2024-07-18 11:33:56,957 [grpc-default-executor-5] INFO  impl.SnapshotInstallationHandler (SnapshotInstallationHandler.java:installSnapshot(103)) - omNode-bootstrap-2@group-0AAC5367B30E: reply installSnapshot: omNode-1<-omNode-bootstrap-2#0:FAIL-t1,IN_PROGRESS,snapshotIndex=0
2024-07-18 11:33:56,958 [grpc-default-executor-5] INFO  server.GrpcServerProtocolService (GrpcServerProtocolService.java:onCompleted(157)) - omNode-bootstrap-2: Completed INSTALL_SNAPSHOT, lastRequest: omNode-1->omNode-bootstrap-2#0-t1,notify:(t:1, i:0)
2024-07-18 11:33:56,958 [grpc-default-executor-5] INFO  server.GrpcServerProtocolService (GrpcServerProtocolService.java:lambda$onCompleted$5(159)) - omNode-bootstrap-2: Completed INSTALL_SNAPSHOT, lastReply: null
2024-07-18 11:33:56,958 [omNode-bootstrap-2-server-thread1] INFO  server.RaftServer$Division (RaftServerImpl.java:checkInconsistentAppendEntries(1629)) - omNode-bootstrap-2@group-0AAC5367B30E: Failed appendEntries as snapshot (0) installation is in progress
2024-07-18 11:33:56,958 [omNode-bootstrap-2-server-thread1] INFO  server.RaftServer$Division (RaftServerImpl.java:appendEntriesAsync(1584)) - omNode-bootstrap-2@group-0AAC5367B30E: appendEntries* reply omNode-1<-omNode-bootstrap-2#320:FAIL-t1,INCONSISTENCY,nextIndex=0,followerCommit=-1,matchIndex=-1
2024-07-18 11:33:56,959 [grpc-default-executor-0] INFO  impl.SnapshotInstallationHandler (SnapshotInstallationHandler.java:installSnapshot(92)) - omNode-bootstrap-2@group-0AAC5367B30E: receive installSnapshot: omNode-1->omNode-bootstrap-2#0-t1,notify:(t:1, i:0)
2024-07-18 11:33:56,960 [grpc-default-executor-0] INFO  impl.SnapshotInstallationHandler (SnapshotInstallationHandler.java:installSnapshotImpl(138)) - omNode-bootstrap-2@group-0AAC5367B30E: set new configuration configurationEntry {
  peers {
    id: "omNode-3"
    address: "localhost:15023"
    startupRole: FOLLOWER
  }
  peers {
    id: "omNode-1"
    address: "localhost:15015"
    startupRole: FOLLOWER
  }
  peers {
    id: "omNode-2"
    address: "localhost:15019"
    startupRole: FOLLOWER
  }
}
 from snapshot
2024-07-18 11:33:56,960 [grpc-default-executor-0] INFO  server.RaftServer$Division (ServerState.java:setRaftConf(386)) - omNode-bootstrap-2@group-0AAC5367B30E: set configuration conf: {index: 0, cur=peers:[omNode-3|localhost:15023, omNode-1|localhost:15015, omNode-2|localhost:15019]|listeners:[], old=null}
2024-07-18 11:33:56,961 [grpc-default-executor-0] INFO  ratis.OzoneManagerStateMachine (OzoneManagerStateMachine.java:notifyConfigurationChanged(216)) - Received Configuration change notification from Ratis. New Peer list:
[id: "omNode-3"
address: "localhost:15023"
startupRole: FOLLOWER
, id: "omNode-1"
address: "localhost:15015"
startupRole: FOLLOWER
, id: "omNode-2"
address: "localhost:15019"
startupRole: FOLLOWER
]
2024-07-18 11:33:56,961 [grpc-default-executor-0] INFO  impl.SnapshotInstallationHandler (SnapshotInstallationHandler.java:installSnapshot(103)) - omNode-bootstrap-2@group-0AAC5367B30E: reply installSnapshot: omNode-1<-omNode-bootstrap-2#0:FAIL-t1,IN_PROGRESS,snapshotIndex=0
2024-07-18 11:33:56,961 [grpc-default-executor-0] INFO  server.GrpcServerProtocolService (GrpcServerProtocolService.java:onCompleted(157)) - omNode-bootstrap-2: Completed INSTALL_SNAPSHOT, lastRequest: omNode-1->omNode-bootstrap-2#0-t1,notify:(t:1, i:0)
2024-07-18 11:33:56,962 [grpc-default-executor-0] INFO  server.GrpcServerProtocolService (GrpcServerProtocolService.java:lambda$onCompleted$5(159)) - omNode-bootstrap-2: Completed INSTALL_SNAPSHOT, lastReply: null
2024-07-18 11:33:56,962 [omNode-bootstrap-2-server-thread1] INFO  server.RaftServer$Division (RaftServerImpl.java:checkInconsistentAppendEntries(1629)) - omNode-bootstrap-2@group-0AAC5367B30E: Failed appendEntries as snapshot (0) installation is in progress
2024-07-18 11:33:56,962 [omNode-bootstrap-2-server-thread1] INFO  server.RaftServer$Division (RaftServerImpl.java:appendEntriesAsync(1584)) - omNode-bootstrap-2@group-0AAC5367B30E: appendEntries* reply omNode-1<-omNode-bootstrap-2#321:FAIL-t1,INCONSISTENCY,nextIndex=0,followerCommit=-1,matchIndex=-1
2024-07-18 11:33:56,963 [grpc-default-executor-1] INFO  impl.SnapshotInstallationHandler (SnapshotInstallationHandler.java:installSnapshot(92)) - omNode-bootstrap-2@group-0AAC5367B30E: receive installSnapshot: omNode-1->omNode-bootstrap-2#0-t1,notify:(t:1, i:0)
2024-07-18 11:33:56,963 [grpc-default-executor-1] INFO  impl.SnapshotInstallationHandler (SnapshotInstallationHandler.java:installSnapshotImpl(138)) - omNode-bootstrap-2@group-0AAC5367B30E: set new configuration configurationEntry {
  peers {
    id: "omNode-3"
    address: "localhost:15023"
    startupRole: FOLLOWER
  }
  peers {
    id: "omNode-1"
    address: "localhost:15015"
    startupRole: FOLLOWER
  }
  peers {
    id: "omNode-2"
    address: "localhost:15019"
    startupRole: FOLLOWER
  }
}
 from snapshot
2024-07-18 11:33:56,963 [grpc-default-executor-1] INFO  server.RaftServer$Division (ServerState.java:setRaftConf(386)) - omNode-bootstrap-2@group-0AAC5367B30E: set configuration conf: {index: 0, cur=peers:[omNode-3|localhost:15023, omNode-1|localhost:15015, omNode-2|localhost:15019]|listeners:[], old=null}
2024-07-18 11:33:56,964 [grpc-default-executor-1] INFO  ratis.OzoneManagerStateMachine (OzoneManagerStateMachine.java:notifyConfigurationChanged(216)) - Received Configuration change notification from Ratis. New Peer list:
[id: "omNode-3"
address: "localhost:15023"
startupRole: FOLLOWER
, id: "omNode-1"
address: "localhost:15015"
startupRole: FOLLOWER
, id: "omNode-2"
address: "localhost:15019"
startupRole: FOLLOWER
]
2024-07-18 11:33:56,964 [grpc-default-executor-1] INFO  impl.SnapshotInstallationHandler (SnapshotInstallationHandler.java:installSnapshot(103)) - omNode-bootstrap-2@group-0AAC5367B30E: reply installSnapshot: omNode-1<-omNode-bootstrap-2#0:FAIL-t1,IN_PROGRESS,snapshotIndex=0
2024-07-18 11:33:56,964 [grpc-default-executor-1] INFO  server.GrpcServerProtocolService (GrpcServerProtocolService.java:onCompleted(157)) - omNode-bootstrap-2: Completed INSTALL_SNAPSHOT, lastRequest: omNode-1->omNode-bootstrap-2#0-t1,notify:(t:1, i:0)
2024-07-18 11:33:56,964 [grpc-default-executor-1] INFO  server.GrpcServerProtocolService (GrpcServerProtocolService.java:lambda$onCompleted$5(159)) - omNode-bootstrap-2: Completed INSTALL_SNAPSHOT, lastReply: null
2024-07-18 11:33:56,965 [omNode-bootstrap-2-server-thread1] INFO  server.RaftServer$Division (RaftServerImpl.java:checkInconsistentAppendEntries(1629)) - omNode-bootstrap-2@group-0AAC5367B30E: Failed appendEntries as snapshot (0) installation is in progress
2024-07-18 11:33:56,965 [omNode-bootstrap-2-server-thread1] INFO  server.RaftServer$Division (RaftServerImpl.java:appendEntriesAsync(1584)) - omNode-bootstrap-2@group-0AAC5367B30E: appendEntries* reply omNode-1<-omNode-bootstrap-2#322:FAIL-t1,INCONSISTENCY,nextIndex=0,followerCommit=-1,matchIndex=-1
2024-07-18 11:33:56,966 [grpc-default-executor-5] INFO  impl.SnapshotInstallationHandler (SnapshotInstallationHandler.java:installSnapshot(92)) - omNode-bootstrap-2@group-0AAC5367B30E: receive installSnapshot: omNode-1->omNode-bootstrap-2#0-t1,notify:(t:1, i:0)
2024-07-18 11:33:56,966 [grpc-default-executor-5] INFO  impl.SnapshotInstallationHandler (SnapshotInstallationHandler.java:installSnapshotImpl(138)) - omNode-bootstrap-2@group-0AAC5367B30E: set new configuration configurationEntry {
  peers {
    id: "omNode-3"
    address: "localhost:15023"
    startupRole: FOLLOWER
  }
  peers {
    id: "omNode-1"
    address: "localhost:15015"
    startupRole: FOLLOWER
  }
  peers {
    id: "omNode-2"
    address: "localhost:15019"
    startupRole: FOLLOWER
  }
}
 from snapshot
2024-07-18 11:33:56,966 [grpc-default-executor-5] INFO  server.RaftServer$Division (ServerState.java:setRaftConf(386)) - omNode-bootstrap-2@group-0AAC5367B30E: set configuration conf: {index: 0, cur=peers:[omNode-3|localhost:15023, omNode-1|localhost:15015, omNode-2|localhost:15019]|listeners:[], old=null}
2024-07-18 11:33:56,968 [grpc-default-executor-5] INFO  ratis.OzoneManagerStateMachine (OzoneManagerStateMachine.java:notifyConfigurationChanged(216)) - Received Configuration change notification from Ratis. New Peer list:
[id: "omNode-3"
address: "localhost:15023"
startupRole: FOLLOWER
, id: "omNode-1"
address: "localhost:15015"
startupRole: FOLLOWER
, id: "omNode-2"
address: "localhost:15019"
startupRole: FOLLOWER
]
2024-07-18 11:33:56,968 [grpc-default-executor-5] INFO  impl.SnapshotInstallationHandler (SnapshotInstallationHandler.java:installSnapshot(103)) - omNode-bootstrap-2@group-0AAC5367B30E: reply installSnapshot: omNode-1<-omNode-bootstrap-2#0:FAIL-t1,IN_PROGRESS,snapshotIndex=0
2024-07-18 11:33:56,968 [grpc-default-executor-5] INFO  server.GrpcServerProtocolService (GrpcServerProtocolService.java:onCompleted(157)) - omNode-bootstrap-2: Completed INSTALL_SNAPSHOT, lastRequest: omNode-1->omNode-bootstrap-2#0-t1,notify:(t:1, i:0)
2024-07-18 11:33:56,968 [grpc-default-executor-5] INFO  server.GrpcServerProtocolService (GrpcServerProtocolService.java:lambda$onCompleted$5(159)) - omNode-bootstrap-2: Completed INSTALL_SNAPSHOT, lastReply: null
2024-07-18 11:33:56,969 [grpc-default-executor-1] INFO  impl.SnapshotInstallationHandler (SnapshotInstallationHandler.java:installSnapshot(92)) - omNode-bootstrap-2@group-0AAC5367B30E: receive installSnapshot: omNode-1->omNode-bootstrap-2#0-t1,notify:(t:1, i:0)
2024-07-18 11:33:56,969 [grpc-default-executor-1] INFO  impl.SnapshotInstallationHandler (SnapshotInstallationHandler.java:installSnapshotImpl(138)) - omNode-bootstrap-2@group-0AAC5367B30E: set new configuration configurationEntry {
  peers {
    id: "omNode-3"
    address: "localhost:15023"
    startupRole: FOLLOWER
  }
  peers {
    id: "omNode-1"
    address: "localhost:15015"
    startupRole: FOLLOWER
  }
  peers {
    id: "omNode-2"
    address: "localhost:15019"
    startupRole: FOLLOWER
  }
}
 from snapshot
2024-07-18 11:33:56,969 [grpc-default-executor-1] INFO  server.RaftServer$Division (ServerState.java:setRaftConf(386)) - omNode-bootstrap-2@group-0AAC5367B30E: set configuration conf: {index: 0, cur=peers:[omNode-3|localhost:15023, omNode-1|localhost:15015, omNode-2|localhost:15019]|listeners:[], old=null}
2024-07-18 11:33:56,970 [omNode-bootstrap-2-server-thread1] INFO  server.RaftServer$Division (RaftServerImpl.java:checkInconsistentAppendEntries(1629)) - omNode-bootstrap-2@group-0AAC5367B30E: Failed appendEntries as snapshot (0) installation is in progress
2024-07-18 11:33:56,970 [omNode-bootstrap-2-server-thread1] INFO  server.RaftServer$Division (RaftServerImpl.java:appendEntriesAsync(1584)) - omNode-bootstrap-2@group-0AAC5367B30E: appendEntries* reply omNode-1<-omNode-bootstrap-2#323:FAIL-t1,INCONSISTENCY,nextIndex=0,followerCommit=-1,matchIndex=-1
2024-07-18 11:33:56,971 [grpc-default-executor-1] INFO  ratis.OzoneManagerStateMachine (OzoneManagerStateMachine.java:notifyConfigurationChanged(216)) - Received Configuration change notification from Ratis. New Peer list:
[id: "omNode-3"
address: "localhost:15023"
startupRole: FOLLOWER
, id: "omNode-1"
address: "localhost:15015"
startupRole: FOLLOWER
, id: "omNode-2"
address: "localhost:15019"
startupRole: FOLLOWER
]
2024-07-18 11:33:56,971 [grpc-default-executor-1] INFO  impl.SnapshotInstallationHandler (SnapshotInstallationHandler.java:installSnapshot(103)) - omNode-bootstrap-2@group-0AAC5367B30E: reply installSnapshot: omNode-1<-omNode-bootstrap-2#0:FAIL-t1,IN_PROGRESS,snapshotIndex=0
2024-07-18 11:33:56,971 [grpc-default-executor-1] INFO  server.GrpcServerProtocolService (GrpcServerProtocolService.java:onCompleted(157)) - omNode-bootstrap-2: Completed INSTALL_SNAPSHOT, lastRequest: omNode-1->omNode-bootstrap-2#0-t1,notify:(t:1, i:0)
2024-07-18 11:33:56,971 [grpc-default-executor-1] INFO  server.GrpcServerProtocolService (GrpcServerProtocolService.java:lambda$onCompleted$5(159)) - omNode-bootstrap-2: Completed INSTALL_SNAPSHOT, lastReply: null
2024-07-18 11:33:56,972 [omNode-bootstrap-2-server-thread1] INFO  server.RaftServer$Division (RaftServerImpl.java:checkInconsistentAppendEntries(1629)) - omNode-bootstrap-2@group-0AAC5367B30E: Failed appendEntries as snapshot (0) installation is in progress
2024-07-18 11:33:56,972 [omNode-bootstrap-2-server-thread1] INFO  server.RaftServer$Division (RaftServerImpl.java:appendEntriesAsync(1584)) - omNode-bootstrap-2@group-0AAC5367B30E: appendEntries* reply omNode-1<-omNode-bootstrap-2#324:FAIL-t1,INCONSISTENCY,nextIndex=0,followerCommit=-1,matchIndex=-1
2024-07-18 11:33:56,973 [grpc-default-executor-1] INFO  impl.SnapshotInstallationHandler (SnapshotInstallationHandler.java:installSnapshot(92)) - omNode-bootstrap-2@group-0AAC5367B30E: receive installSnapshot: omNode-1->omNode-bootstrap-2#0-t1,notify:(t:1, i:0)
2024-07-18 11:33:56,973 [grpc-default-executor-1] INFO  impl.SnapshotInstallationHandler (SnapshotInstallationHandler.java:installSnapshotImpl(138)) - omNode-bootstrap-2@group-0AAC5367B30E: set new configuration configurationEntry {
  peers {
    id: "omNode-3"
    address: "localhost:15023"
    startupRole: FOLLOWER
  }
  peers {
    id: "omNode-1"
    address: "localhost:15015"
    startupRole: FOLLOWER
  }
  peers {
    id: "omNode-2"
    address: "localhost:15019"
    startupRole: FOLLOWER
  }
}
 from snapshot
2024-07-18 11:33:56,973 [grpc-default-executor-1] INFO  server.RaftServer$Division (ServerState.java:setRaftConf(386)) - omNode-bootstrap-2@group-0AAC5367B30E: set configuration conf: {index: 0, cur=peers:[omNode-3|localhost:15023, omNode-1|localhost:15015, omNode-2|localhost:15019]|listeners:[], old=null}
2024-07-18 11:33:56,974 [grpc-default-executor-1] INFO  ratis.OzoneManagerStateMachine (OzoneManagerStateMachine.java:notifyConfigurationChanged(216)) - Received Configuration change notification from Ratis. New Peer list:
[id: "omNode-3"
address: "localhost:15023"
startupRole: FOLLOWER
, id: "omNode-1"
address: "localhost:15015"
startupRole: FOLLOWER
, id: "omNode-2"
address: "localhost:15019"
startupRole: FOLLOWER
]
2024-07-18 11:33:56,975 [grpc-default-executor-1] INFO  impl.SnapshotInstallationHandler (SnapshotInstallationHandler.java:installSnapshot(103)) - omNode-bootstrap-2@group-0AAC5367B30E: reply installSnapshot: omNode-1<-omNode-bootstrap-2#0:FAIL-t1,IN_PROGRESS,snapshotIndex=0
2024-07-18 11:33:56,975 [grpc-default-executor-1] INFO  server.GrpcServerProtocolService (GrpcServerProtocolService.java:onCompleted(157)) - omNode-bootstrap-2: Completed INSTALL_SNAPSHOT, lastRequest: omNode-1->omNode-bootstrap-2#0-t1,notify:(t:1, i:0)
2024-07-18 11:33:56,975 [grpc-default-executor-1] INFO  server.GrpcServerProtocolService (GrpcServerProtocolService.java:lambda$onCompleted$5(159)) - omNode-bootstrap-2: Completed INSTALL_SNAPSHOT, lastReply: null
2024-07-18 11:33:56,976 [grpc-default-executor-3] INFO  impl.SnapshotInstallationHandler (SnapshotInstallationHandler.java:installSnapshot(92)) - omNode-bootstrap-2@group-0AAC5367B30E: receive installSnapshot: omNode-1->omNode-bootstrap-2#0-t1,notify:(t:1, i:0)
2024-07-18 11:33:56,976 [grpc-default-executor-3] INFO  impl.SnapshotInstallationHandler (SnapshotInstallationHandler.java:installSnapshotImpl(138)) - omNode-bootstrap-2@group-0AAC5367B30E: set new configuration configurationEntry {
  peers {
    id: "omNode-3"
    address: "localhost:15023"
    startupRole: FOLLOWER
  }
  peers {
    id: "omNode-1"
    address: "localhost:15015"
    startupRole: FOLLOWER
  }
  peers {
    id: "omNode-2"
    address: "localhost:15019"
    startupRole: FOLLOWER
  }
}
 from snapshot
2024-07-18 11:33:56,976 [grpc-default-executor-3] INFO  server.RaftServer$Division (ServerState.java:setRaftConf(386)) - omNode-bootstrap-2@group-0AAC5367B30E: set configuration conf: {index: 0, cur=peers:[omNode-3|localhost:15023, omNode-1|localhost:15015, omNode-2|localhost:15019]|listeners:[], old=null}
2024-07-18 11:33:56,977 [omNode-bootstrap-2-server-thread1] INFO  server.RaftServer$Division (RaftServerImpl.java:checkInconsistentAppendEntries(1629)) - omNode-bootstrap-2@group-0AAC5367B30E: Failed appendEntries as snapshot (0) installation is in progress
2024-07-18 11:33:56,977 [omNode-bootstrap-2-server-thread1] INFO  server.RaftServer$Division (RaftServerImpl.java:appendEntriesAsync(1584)) - omNode-bootstrap-2@group-0AAC5367B30E: appendEntries* reply omNode-1<-omNode-bootstrap-2#325:FAIL-t1,INCONSISTENCY,nextIndex=0,followerCommit=-1,matchIndex=-1
2024-07-18 11:33:56,977 [grpc-default-executor-3] INFO  ratis.OzoneManagerStateMachine (OzoneManagerStateMachine.java:notifyConfigurationChanged(216)) - Received Configuration change notification from Ratis. New Peer list:
[id: "omNode-3"
address: "localhost:15023"
startupRole: FOLLOWER
, id: "omNode-1"
address: "localhost:15015"
startupRole: FOLLOWER
, id: "omNode-2"
address: "localhost:15019"
startupRole: FOLLOWER
]
2024-07-18 11:33:56,978 [grpc-default-executor-3] INFO  impl.SnapshotInstallationHandler (SnapshotInstallationHandler.java:installSnapshot(103)) - omNode-bootstrap-2@group-0AAC5367B30E: reply installSnapshot: omNode-1<-omNode-bootstrap-2#0:FAIL-t1,IN_PROGRESS,snapshotIndex=0
2024-07-18 11:33:56,978 [grpc-default-executor-3] INFO  server.GrpcServerProtocolService (GrpcServerProtocolService.java:onCompleted(157)) - omNode-bootstrap-2: Completed INSTALL_SNAPSHOT, lastRequest: omNode-1->omNode-bootstrap-2#0-t1,notify:(t:1, i:0)
2024-07-18 11:33:56,978 [grpc-default-executor-3] INFO  server.GrpcServerProtocolService (GrpcServerProtocolService.java:lambda$onCompleted$5(159)) - omNode-bootstrap-2: Completed INSTALL_SNAPSHOT, lastReply: null
2024-07-18 11:33:56,979 [omNode-bootstrap-2-server-thread1] INFO  server.RaftServer$Division (RaftServerImpl.java:checkInconsistentAppendEntries(1629)) - omNode-bootstrap-2@group-0AAC5367B30E: Failed appendEntries as snapshot (0) installation is in progress
2024-07-18 11:33:56,979 [omNode-bootstrap-2-server-thread1] INFO  server.RaftServer$Division (RaftServerImpl.java:appendEntriesAsync(1584)) - omNode-bootstrap-2@group-0AAC5367B30E: appendEntries* reply omNode-1<-omNode-bootstrap-2#326:FAIL-t1,INCONSISTENCY,nextIndex=0,followerCommit=-1,matchIndex=-1
2024-07-18 11:33:56,979 [grpc-default-executor-5] INFO  impl.SnapshotInstallationHandler (SnapshotInstallationHandler.java:installSnapshot(92)) - omNode-bootstrap-2@group-0AAC5367B30E: receive installSnapshot: omNode-1->omNode-bootstrap-2#0-t1,notify:(t:1, i:0)
2024-07-18 11:33:56,980 [grpc-default-executor-5] INFO  impl.SnapshotInstallationHandler (SnapshotInstallationHandler.java:installSnapshotImpl(138)) - omNode-bootstrap-2@group-0AAC5367B30E: set new configuration configurationEntry {
  peers {
    id: "omNode-3"
    address: "localhost:15023"
    startupRole: FOLLOWER
  }
  peers {
    id: "omNode-1"
    address: "localhost:15015"
    startupRole: FOLLOWER
  }
  peers {
    id: "omNode-2"
    address: "localhost:15019"
    startupRole: FOLLOWER
  }
}
 from snapshot
2024-07-18 11:33:56,980 [grpc-default-executor-5] INFO  server.RaftServer$Division (ServerState.java:setRaftConf(386)) - omNode-bootstrap-2@group-0AAC5367B30E: set configuration conf: {index: 0, cur=peers:[omNode-3|localhost:15023, omNode-1|localhost:15015, omNode-2|localhost:15019]|listeners:[], old=null}
2024-07-18 11:33:56,984 [grpc-default-executor-5] INFO  ratis.OzoneManagerStateMachine (OzoneManagerStateMachine.java:notifyConfigurationChanged(216)) - Received Configuration change notification from Ratis. New Peer list:
[id: "omNode-3"
address: "localhost:15023"
startupRole: FOLLOWER
, id: "omNode-1"
address: "localhost:15015"
startupRole: FOLLOWER
, id: "omNode-2"
address: "localhost:15019"
startupRole: FOLLOWER
]
2024-07-18 11:33:56,984 [grpc-default-executor-5] INFO  impl.SnapshotInstallationHandler (SnapshotInstallationHandler.java:installSnapshot(103)) - omNode-bootstrap-2@group-0AAC5367B30E: reply installSnapshot: omNode-1<-omNode-bootstrap-2#0:FAIL-t1,IN_PROGRESS,snapshotIndex=0
2024-07-18 11:33:56,984 [grpc-default-executor-5] INFO  server.GrpcServerProtocolService (GrpcServerProtocolService.java:onCompleted(157)) - omNode-bootstrap-2: Completed INSTALL_SNAPSHOT, lastRequest: omNode-1->omNode-bootstrap-2#0-t1,notify:(t:1, i:0)
2024-07-18 11:33:56,984 [grpc-default-executor-5] INFO  server.GrpcServerProtocolService (GrpcServerProtocolService.java:lambda$onCompleted$5(159)) - omNode-bootstrap-2: Completed INSTALL_SNAPSHOT, lastReply: null
2024-07-18 11:33:56,985 [omNode-bootstrap-2-server-thread1] INFO  server.RaftServer$Division (RaftServerImpl.java:checkInconsistentAppendEntries(1629)) - omNode-bootstrap-2@group-0AAC5367B30E: Failed appendEntries as snapshot (0) installation is in progress
2024-07-18 11:33:56,985 [omNode-bootstrap-2-server-thread1] INFO  server.RaftServer$Division (RaftServerImpl.java:appendEntriesAsync(1584)) - omNode-bootstrap-2@group-0AAC5367B30E: appendEntries* reply omNode-1<-omNode-bootstrap-2#327:FAIL-t1,INCONSISTENCY,nextIndex=0,followerCommit=-1,matchIndex=-1
2024-07-18 11:33:56,986 [grpc-default-executor-5] INFO  impl.SnapshotInstallationHandler (SnapshotInstallationHandler.java:installSnapshot(92)) - omNode-bootstrap-2@group-0AAC5367B30E: receive installSnapshot: omNode-1->omNode-bootstrap-2#0-t1,notify:(t:1, i:0)
2024-07-18 11:33:56,986 [grpc-default-executor-5] INFO  impl.SnapshotInstallationHandler (SnapshotInstallationHandler.java:installSnapshotImpl(138)) - omNode-bootstrap-2@group-0AAC5367B30E: set new configuration configurationEntry {
  peers {
    id: "omNode-3"
    address: "localhost:15023"
    startupRole: FOLLOWER
  }
  peers {
    id: "omNode-1"
    address: "localhost:15015"
    startupRole: FOLLOWER
  }
  peers {
    id: "omNode-2"
    address: "localhost:15019"
    startupRole: FOLLOWER
  }
}
 from snapshot
2024-07-18 11:33:56,986 [grpc-default-executor-5] INFO  server.RaftServer$Division (ServerState.java:setRaftConf(386)) - omNode-bootstrap-2@group-0AAC5367B30E: set configuration conf: {index: 0, cur=peers:[omNode-3|localhost:15023, omNode-1|localhost:15015, omNode-2|localhost:15019]|listeners:[], old=null}
2024-07-18 11:33:56,986 [omNode-bootstrap-2-InstallSnapshotThread] INFO  utils.NativeLibraryLoader (NativeLibraryLoader.java:loadLibrary(111)) - Loading Library: ozone_rocksdb_tools
2024-07-18 11:33:56,987 [omNode-bootstrap-2-InstallSnapshotThread] ERROR snapshot.SnapshotDiffManager (SnapshotDiffManager.java:initNativeLibraryForEfficientDiff(287)) - Native Library for raw sst file reading loading failed.
org.apache.hadoop.hdds.utils.NativeLibraryNotLoadedException: Unable to load library ozone_rocksdb_tools from both java.library.path & resource file libozone_rocksdb_tools.so from jar.
	at org.apache.hadoop.hdds.utils.db.managed.ManagedRawSSTFileReader.loadLibrary(ManagedRawSSTFileReader.java:40)
	at org.apache.hadoop.ozone.om.snapshot.SnapshotDiffManager.initNativeLibraryForEfficientDiff(SnapshotDiffManager.java:285)
	at org.apache.hadoop.ozone.om.snapshot.SnapshotDiffManager.<init>(SnapshotDiffManager.java:259)
	at org.apache.hadoop.ozone.om.OmSnapshotManager.<init>(OmSnapshotManager.java:286)
	at org.apache.hadoop.ozone.om.OzoneManager.instantiateServices(OzoneManager.java:864)
	at org.apache.hadoop.ozone.om.OzoneManager.reloadOMState(OzoneManager.java:4027)
	at org.apache.hadoop.ozone.om.OzoneManager.installCheckpoint(OzoneManager.java:3870)
	at org.apache.hadoop.ozone.om.OzoneManager.installCheckpoint(OzoneManager.java:3776)
	at org.apache.hadoop.ozone.om.OzoneManager.installSnapshotFromLeader(OzoneManager.java:3753)
	at org.apache.hadoop.ozone.om.ratis.OzoneManagerStateMachine.lambda$5(OzoneManagerStateMachine.java:515)
	at java.base/java.util.concurrent.CompletableFuture$AsyncSupply.run(CompletableFuture.java:1768)
	at java.base/java.util.concurrent.ThreadPoolExecutor.runWorker(ThreadPoolExecutor.java:1136)
	at java.base/java.util.concurrent.ThreadPoolExecutor$Worker.run(ThreadPoolExecutor.java:635)
	at java.base/java.lang.Thread.run(Thread.java:840)
2024-07-18 11:33:56,987 [grpc-default-executor-5] INFO  ratis.OzoneManagerStateMachine (OzoneManagerStateMachine.java:notifyConfigurationChanged(216)) - Received Configuration change notification from Ratis. New Peer list:
[id: "omNode-3"
address: "localhost:15023"
startupRole: FOLLOWER
, id: "omNode-1"
address: "localhost:15015"
startupRole: FOLLOWER
, id: "omNode-2"
address: "localhost:15019"
startupRole: FOLLOWER
]
2024-07-18 11:33:56,988 [grpc-default-executor-5] INFO  impl.SnapshotInstallationHandler (SnapshotInstallationHandler.java:installSnapshot(103)) - omNode-bootstrap-2@group-0AAC5367B30E: reply installSnapshot: omNode-1<-omNode-bootstrap-2#0:FAIL-t1,IN_PROGRESS,snapshotIndex=0
2024-07-18 11:33:56,988 [grpc-default-executor-5] INFO  server.GrpcServerProtocolService (GrpcServerProtocolService.java:onCompleted(157)) - omNode-bootstrap-2: Completed INSTALL_SNAPSHOT, lastRequest: omNode-1->omNode-bootstrap-2#0-t1,notify:(t:1, i:0)
2024-07-18 11:33:56,988 [grpc-default-executor-5] INFO  server.GrpcServerProtocolService (GrpcServerProtocolService.java:lambda$onCompleted$5(159)) - omNode-bootstrap-2: Completed INSTALL_SNAPSHOT, lastReply: null
2024-07-18 11:33:56,989 [omNode-bootstrap-2-server-thread1] INFO  server.RaftServer$Division (RaftServerImpl.java:checkInconsistentAppendEntries(1629)) - omNode-bootstrap-2@group-0AAC5367B30E: Failed appendEntries as snapshot (0) installation is in progress
2024-07-18 11:33:56,989 [omNode-bootstrap-2-server-thread1] INFO  server.RaftServer$Division (RaftServerImpl.java:appendEntriesAsync(1584)) - omNode-bootstrap-2@group-0AAC5367B30E: appendEntries* reply omNode-1<-omNode-bootstrap-2#328:FAIL-t1,INCONSISTENCY,nextIndex=0,followerCommit=-1,matchIndex=-1
2024-07-18 11:33:56,989 [grpc-default-executor-0] INFO  impl.SnapshotInstallationHandler (SnapshotInstallationHandler.java:installSnapshot(92)) - omNode-bootstrap-2@group-0AAC5367B30E: receive installSnapshot: omNode-1->omNode-bootstrap-2#0-t1,notify:(t:1, i:0)
2024-07-18 11:33:56,989 [grpc-default-executor-0] INFO  impl.SnapshotInstallationHandler (SnapshotInstallationHandler.java:installSnapshotImpl(138)) - omNode-bootstrap-2@group-0AAC5367B30E: set new configuration configurationEntry {
  peers {
    id: "omNode-3"
    address: "localhost:15023"
    startupRole: FOLLOWER
  }
  peers {
    id: "omNode-1"
    address: "localhost:15015"
    startupRole: FOLLOWER
  }
  peers {
    id: "omNode-2"
    address: "localhost:15019"
    startupRole: FOLLOWER
  }
}
 from snapshot
2024-07-18 11:33:56,989 [grpc-default-executor-0] INFO  server.RaftServer$Division (ServerState.java:setRaftConf(386)) - omNode-bootstrap-2@group-0AAC5367B30E: set configuration conf: {index: 0, cur=peers:[omNode-3|localhost:15023, omNode-1|localhost:15015, omNode-2|localhost:15019]|listeners:[], old=null}
2024-07-18 11:33:56,991 [grpc-default-executor-0] INFO  ratis.OzoneManagerStateMachine (OzoneManagerStateMachine.java:notifyConfigurationChanged(216)) - Received Configuration change notification from Ratis. New Peer list:
[id: "omNode-3"
address: "localhost:15023"
startupRole: FOLLOWER
, id: "omNode-1"
address: "localhost:15015"
startupRole: FOLLOWER
, id: "omNode-2"
address: "localhost:15019"
startupRole: FOLLOWER
]
2024-07-18 11:33:56,991 [grpc-default-executor-0] INFO  impl.SnapshotInstallationHandler (SnapshotInstallationHandler.java:installSnapshot(103)) - omNode-bootstrap-2@group-0AAC5367B30E: reply installSnapshot: omNode-1<-omNode-bootstrap-2#0:FAIL-t1,IN_PROGRESS,snapshotIndex=0
2024-07-18 11:33:56,991 [grpc-default-executor-0] INFO  server.GrpcServerProtocolService (GrpcServerProtocolService.java:onCompleted(157)) - omNode-bootstrap-2: Completed INSTALL_SNAPSHOT, lastRequest: omNode-1->omNode-bootstrap-2#0-t1,notify:(t:1, i:0)
2024-07-18 11:33:56,991 [grpc-default-executor-0] INFO  server.GrpcServerProtocolService (GrpcServerProtocolService.java:lambda$onCompleted$5(159)) - omNode-bootstrap-2: Completed INSTALL_SNAPSHOT, lastReply: null
2024-07-18 11:33:56,992 [omNode-bootstrap-2-server-thread1] INFO  server.RaftServer$Division (RaftServerImpl.java:checkInconsistentAppendEntries(1629)) - omNode-bootstrap-2@group-0AAC5367B30E: Failed appendEntries as snapshot (0) installation is in progress
2024-07-18 11:33:56,992 [omNode-bootstrap-2-server-thread1] INFO  server.RaftServer$Division (RaftServerImpl.java:appendEntriesAsync(1584)) - omNode-bootstrap-2@group-0AAC5367B30E: appendEntries* reply omNode-1<-omNode-bootstrap-2#329:FAIL-t1,INCONSISTENCY,nextIndex=0,followerCommit=-1,matchIndex=-1
2024-07-18 11:33:56,993 [grpc-default-executor-1] INFO  impl.SnapshotInstallationHandler (SnapshotInstallationHandler.java:installSnapshot(92)) - omNode-bootstrap-2@group-0AAC5367B30E: receive installSnapshot: omNode-1->omNode-bootstrap-2#0-t1,notify:(t:1, i:0)
2024-07-18 11:33:56,993 [grpc-default-executor-1] INFO  impl.SnapshotInstallationHandler (SnapshotInstallationHandler.java:installSnapshotImpl(138)) - omNode-bootstrap-2@group-0AAC5367B30E: set new configuration configurationEntry {
  peers {
    id: "omNode-3"
    address: "localhost:15023"
    startupRole: FOLLOWER
  }
  peers {
    id: "omNode-1"
    address: "localhost:15015"
    startupRole: FOLLOWER
  }
  peers {
    id: "omNode-2"
    address: "localhost:15019"
    startupRole: FOLLOWER
  }
}
 from snapshot
2024-07-18 11:33:56,993 [grpc-default-executor-1] INFO  server.RaftServer$Division (ServerState.java:setRaftConf(386)) - omNode-bootstrap-2@group-0AAC5367B30E: set configuration conf: {index: 0, cur=peers:[omNode-3|localhost:15023, omNode-1|localhost:15015, omNode-2|localhost:15019]|listeners:[], old=null}
2024-07-18 11:33:56,994 [grpc-default-executor-1] INFO  ratis.OzoneManagerStateMachine (OzoneManagerStateMachine.java:notifyConfigurationChanged(216)) - Received Configuration change notification from Ratis. New Peer list:
[id: "omNode-3"
address: "localhost:15023"
startupRole: FOLLOWER
, id: "omNode-1"
address: "localhost:15015"
startupRole: FOLLOWER
, id: "omNode-2"
address: "localhost:15019"
startupRole: FOLLOWER
]
2024-07-18 11:33:56,995 [grpc-default-executor-1] INFO  impl.SnapshotInstallationHandler (SnapshotInstallationHandler.java:installSnapshot(103)) - omNode-bootstrap-2@group-0AAC5367B30E: reply installSnapshot: omNode-1<-omNode-bootstrap-2#0:FAIL-t1,IN_PROGRESS,snapshotIndex=0
2024-07-18 11:33:56,995 [grpc-default-executor-1] INFO  server.GrpcServerProtocolService (GrpcServerProtocolService.java:onCompleted(157)) - omNode-bootstrap-2: Completed INSTALL_SNAPSHOT, lastRequest: omNode-1->omNode-bootstrap-2#0-t1,notify:(t:1, i:0)
2024-07-18 11:33:56,995 [grpc-default-executor-1] INFO  server.GrpcServerProtocolService (GrpcServerProtocolService.java:lambda$onCompleted$5(159)) - omNode-bootstrap-2: Completed INSTALL_SNAPSHOT, lastReply: null
2024-07-18 11:33:56,996 [omNode-bootstrap-2-server-thread1] INFO  server.RaftServer$Division (RaftServerImpl.java:checkInconsistentAppendEntries(1629)) - omNode-bootstrap-2@group-0AAC5367B30E: Failed appendEntries as snapshot (0) installation is in progress
2024-07-18 11:33:56,996 [omNode-bootstrap-2-server-thread1] INFO  server.RaftServer$Division (RaftServerImpl.java:appendEntriesAsync(1584)) - omNode-bootstrap-2@group-0AAC5367B30E: appendEntries* reply omNode-1<-omNode-bootstrap-2#330:FAIL-t1,INCONSISTENCY,nextIndex=0,followerCommit=-1,matchIndex=-1
2024-07-18 11:33:56,996 [grpc-default-executor-1] INFO  impl.SnapshotInstallationHandler (SnapshotInstallationHandler.java:installSnapshot(92)) - omNode-bootstrap-2@group-0AAC5367B30E: receive installSnapshot: omNode-1->omNode-bootstrap-2#0-t1,notify:(t:1, i:0)
2024-07-18 11:33:56,996 [grpc-default-executor-1] INFO  impl.SnapshotInstallationHandler (SnapshotInstallationHandler.java:installSnapshotImpl(138)) - omNode-bootstrap-2@group-0AAC5367B30E: set new configuration configurationEntry {
  peers {
    id: "omNode-3"
    address: "localhost:15023"
    startupRole: FOLLOWER
  }
  peers {
    id: "omNode-1"
    address: "localhost:15015"
    startupRole: FOLLOWER
  }
  peers {
    id: "omNode-2"
    address: "localhost:15019"
    startupRole: FOLLOWER
  }
}
 from snapshot
2024-07-18 11:33:56,996 [grpc-default-executor-1] INFO  server.RaftServer$Division (ServerState.java:setRaftConf(386)) - omNode-bootstrap-2@group-0AAC5367B30E: set configuration conf: {index: 0, cur=peers:[omNode-3|localhost:15023, omNode-1|localhost:15015, omNode-2|localhost:15019]|listeners:[], old=null}
2024-07-18 11:33:56,997 [grpc-default-executor-1] INFO  ratis.OzoneManagerStateMachine (OzoneManagerStateMachine.java:notifyConfigurationChanged(216)) - Received Configuration change notification from Ratis. New Peer list:
[id: "omNode-3"
address: "localhost:15023"
startupRole: FOLLOWER
, id: "omNode-1"
address: "localhost:15015"
startupRole: FOLLOWER
, id: "omNode-2"
address: "localhost:15019"
startupRole: FOLLOWER
]
2024-07-18 11:33:56,998 [grpc-default-executor-1] INFO  impl.SnapshotInstallationHandler (SnapshotInstallationHandler.java:installSnapshot(103)) - omNode-bootstrap-2@group-0AAC5367B30E: reply installSnapshot: omNode-1<-omNode-bootstrap-2#0:FAIL-t1,IN_PROGRESS,snapshotIndex=0
2024-07-18 11:33:56,998 [grpc-default-executor-1] INFO  server.GrpcServerProtocolService (GrpcServerProtocolService.java:onCompleted(157)) - omNode-bootstrap-2: Completed INSTALL_SNAPSHOT, lastRequest: omNode-1->omNode-bootstrap-2#0-t1,notify:(t:1, i:0)
2024-07-18 11:33:56,998 [grpc-default-executor-1] INFO  server.GrpcServerProtocolService (GrpcServerProtocolService.java:lambda$onCompleted$5(159)) - omNode-bootstrap-2: Completed INSTALL_SNAPSHOT, lastReply: null
2024-07-18 11:33:56,998 [omNode-bootstrap-2-server-thread1] INFO  server.RaftServer$Division (RaftServerImpl.java:checkInconsistentAppendEntries(1629)) - omNode-bootstrap-2@group-0AAC5367B30E: Failed appendEntries as snapshot (0) installation is in progress
2024-07-18 11:33:56,998 [omNode-bootstrap-2-server-thread1] INFO  server.RaftServer$Division (RaftServerImpl.java:appendEntriesAsync(1584)) - omNode-bootstrap-2@group-0AAC5367B30E: appendEntries* reply omNode-1<-omNode-bootstrap-2#331:FAIL-t1,INCONSISTENCY,nextIndex=0,followerCommit=-1,matchIndex=-1
2024-07-18 11:33:57,001 [grpc-default-executor-0] INFO  impl.SnapshotInstallationHandler (SnapshotInstallationHandler.java:installSnapshot(92)) - omNode-bootstrap-2@group-0AAC5367B30E: receive installSnapshot: omNode-1->omNode-bootstrap-2#0-t1,notify:(t:1, i:0)
2024-07-18 11:33:57,001 [grpc-default-executor-0] INFO  impl.SnapshotInstallationHandler (SnapshotInstallationHandler.java:installSnapshotImpl(138)) - omNode-bootstrap-2@group-0AAC5367B30E: set new configuration configurationEntry {
  peers {
    id: "omNode-3"
    address: "localhost:15023"
    startupRole: FOLLOWER
  }
  peers {
    id: "omNode-1"
    address: "localhost:15015"
    startupRole: FOLLOWER
  }
  peers {
    id: "omNode-2"
    address: "localhost:15019"
    startupRole: FOLLOWER
  }
}
 from snapshot
2024-07-18 11:33:57,001 [grpc-default-executor-0] INFO  server.RaftServer$Division (ServerState.java:setRaftConf(386)) - omNode-bootstrap-2@group-0AAC5367B30E: set configuration conf: {index: 0, cur=peers:[omNode-3|localhost:15023, omNode-1|localhost:15015, omNode-2|localhost:15019]|listeners:[], old=null}
2024-07-18 11:33:57,002 [grpc-default-executor-0] INFO  ratis.OzoneManagerStateMachine (OzoneManagerStateMachine.java:notifyConfigurationChanged(216)) - Received Configuration change notification from Ratis. New Peer list:
[id: "omNode-3"
address: "localhost:15023"
startupRole: FOLLOWER
, id: "omNode-1"
address: "localhost:15015"
startupRole: FOLLOWER
, id: "omNode-2"
address: "localhost:15019"
startupRole: FOLLOWER
]
2024-07-18 11:33:57,002 [grpc-default-executor-0] INFO  impl.SnapshotInstallationHandler (SnapshotInstallationHandler.java:installSnapshot(103)) - omNode-bootstrap-2@group-0AAC5367B30E: reply installSnapshot: omNode-1<-omNode-bootstrap-2#0:FAIL-t1,IN_PROGRESS,snapshotIndex=0
2024-07-18 11:33:57,002 [grpc-default-executor-0] INFO  server.GrpcServerProtocolService (GrpcServerProtocolService.java:onCompleted(157)) - omNode-bootstrap-2: Completed INSTALL_SNAPSHOT, lastRequest: omNode-1->omNode-bootstrap-2#0-t1,notify:(t:1, i:0)
2024-07-18 11:33:57,002 [grpc-default-executor-0] INFO  server.GrpcServerProtocolService (GrpcServerProtocolService.java:lambda$onCompleted$5(159)) - omNode-bootstrap-2: Completed INSTALL_SNAPSHOT, lastReply: null
2024-07-18 11:33:57,003 [grpc-default-executor-5] INFO  impl.SnapshotInstallationHandler (SnapshotInstallationHandler.java:installSnapshot(92)) - omNode-bootstrap-2@group-0AAC5367B30E: receive installSnapshot: omNode-1->omNode-bootstrap-2#0-t1,notify:(t:1, i:0)
2024-07-18 11:33:57,004 [grpc-default-executor-5] INFO  impl.SnapshotInstallationHandler (SnapshotInstallationHandler.java:installSnapshotImpl(138)) - omNode-bootstrap-2@group-0AAC5367B30E: set new configuration configurationEntry {
  peers {
    id: "omNode-3"
    address: "localhost:15023"
    startupRole: FOLLOWER
  }
  peers {
    id: "omNode-1"
    address: "localhost:15015"
    startupRole: FOLLOWER
  }
  peers {
    id: "omNode-2"
    address: "localhost:15019"
    startupRole: FOLLOWER
  }
}
 from snapshot
2024-07-18 11:33:57,004 [grpc-default-executor-5] INFO  server.RaftServer$Division (ServerState.java:setRaftConf(386)) - omNode-bootstrap-2@group-0AAC5367B30E: set configuration conf: {index: 0, cur=peers:[omNode-3|localhost:15023, omNode-1|localhost:15015, omNode-2|localhost:15019]|listeners:[], old=null}
2024-07-18 11:33:57,004 [omNode-bootstrap-2-server-thread1] INFO  server.RaftServer$Division (RaftServerImpl.java:checkInconsistentAppendEntries(1629)) - omNode-bootstrap-2@group-0AAC5367B30E: Failed appendEntries as snapshot (0) installation is in progress
2024-07-18 11:33:57,004 [omNode-bootstrap-2-server-thread1] INFO  server.RaftServer$Division (RaftServerImpl.java:appendEntriesAsync(1584)) - omNode-bootstrap-2@group-0AAC5367B30E: appendEntries* reply omNode-1<-omNode-bootstrap-2#332:FAIL-t1,INCONSISTENCY,nextIndex=0,followerCommit=-1,matchIndex=-1
2024-07-18 11:33:57,005 [grpc-default-executor-5] INFO  ratis.OzoneManagerStateMachine (OzoneManagerStateMachine.java:notifyConfigurationChanged(216)) - Received Configuration change notification from Ratis. New Peer list:
[id: "omNode-3"
address: "localhost:15023"
startupRole: FOLLOWER
, id: "omNode-1"
address: "localhost:15015"
startupRole: FOLLOWER
, id: "omNode-2"
address: "localhost:15019"
startupRole: FOLLOWER
]
2024-07-18 11:33:57,005 [grpc-default-executor-5] INFO  impl.SnapshotInstallationHandler (SnapshotInstallationHandler.java:installSnapshot(103)) - omNode-bootstrap-2@group-0AAC5367B30E: reply installSnapshot: omNode-1<-omNode-bootstrap-2#0:FAIL-t1,IN_PROGRESS,snapshotIndex=0
2024-07-18 11:33:57,005 [grpc-default-executor-5] INFO  server.GrpcServerProtocolService (GrpcServerProtocolService.java:onCompleted(157)) - omNode-bootstrap-2: Completed INSTALL_SNAPSHOT, lastRequest: omNode-1->omNode-bootstrap-2#0-t1,notify:(t:1, i:0)
2024-07-18 11:33:57,005 [grpc-default-executor-5] INFO  server.GrpcServerProtocolService (GrpcServerProtocolService.java:lambda$onCompleted$5(159)) - omNode-bootstrap-2: Completed INSTALL_SNAPSHOT, lastReply: null
2024-07-18 11:33:57,007 [omNode-bootstrap-2-server-thread1] INFO  server.RaftServer$Division (RaftServerImpl.java:checkInconsistentAppendEntries(1629)) - omNode-bootstrap-2@group-0AAC5367B30E: Failed appendEntries as snapshot (0) installation is in progress
2024-07-18 11:33:57,007 [grpc-default-executor-3] INFO  impl.SnapshotInstallationHandler (SnapshotInstallationHandler.java:installSnapshot(92)) - omNode-bootstrap-2@group-0AAC5367B30E: receive installSnapshot: omNode-1->omNode-bootstrap-2#0-t1,notify:(t:1, i:0)
2024-07-18 11:33:57,007 [omNode-bootstrap-2-server-thread1] INFO  server.RaftServer$Division (RaftServerImpl.java:appendEntriesAsync(1584)) - omNode-bootstrap-2@group-0AAC5367B30E: appendEntries* reply omNode-1<-omNode-bootstrap-2#333:FAIL-t1,INCONSISTENCY,nextIndex=0,followerCommit=-1,matchIndex=-1
2024-07-18 11:33:57,007 [grpc-default-executor-3] INFO  impl.SnapshotInstallationHandler (SnapshotInstallationHandler.java:installSnapshotImpl(138)) - omNode-bootstrap-2@group-0AAC5367B30E: set new configuration configurationEntry {
  peers {
    id: "omNode-3"
    address: "localhost:15023"
    startupRole: FOLLOWER
  }
  peers {
    id: "omNode-1"
    address: "localhost:15015"
    startupRole: FOLLOWER
  }
  peers {
    id: "omNode-2"
    address: "localhost:15019"
    startupRole: FOLLOWER
  }
}
 from snapshot
2024-07-18 11:33:57,007 [grpc-default-executor-3] INFO  server.RaftServer$Division (ServerState.java:setRaftConf(386)) - omNode-bootstrap-2@group-0AAC5367B30E: set configuration conf: {index: 0, cur=peers:[omNode-3|localhost:15023, omNode-1|localhost:15015, omNode-2|localhost:15019]|listeners:[], old=null}
2024-07-18 11:33:57,008 [grpc-default-executor-3] INFO  ratis.OzoneManagerStateMachine (OzoneManagerStateMachine.java:notifyConfigurationChanged(216)) - Received Configuration change notification from Ratis. New Peer list:
[id: "omNode-3"
address: "localhost:15023"
startupRole: FOLLOWER
, id: "omNode-1"
address: "localhost:15015"
startupRole: FOLLOWER
, id: "omNode-2"
address: "localhost:15019"
startupRole: FOLLOWER
]
2024-07-18 11:33:57,008 [grpc-default-executor-3] INFO  impl.SnapshotInstallationHandler (SnapshotInstallationHandler.java:installSnapshot(103)) - omNode-bootstrap-2@group-0AAC5367B30E: reply installSnapshot: omNode-1<-omNode-bootstrap-2#0:FAIL-t1,IN_PROGRESS,snapshotIndex=0
2024-07-18 11:33:57,008 [grpc-default-executor-3] INFO  server.GrpcServerProtocolService (GrpcServerProtocolService.java:onCompleted(157)) - omNode-bootstrap-2: Completed INSTALL_SNAPSHOT, lastRequest: omNode-1->omNode-bootstrap-2#0-t1,notify:(t:1, i:0)
2024-07-18 11:33:57,008 [grpc-default-executor-3] INFO  server.GrpcServerProtocolService (GrpcServerProtocolService.java:lambda$onCompleted$5(159)) - omNode-bootstrap-2: Completed INSTALL_SNAPSHOT, lastReply: null
2024-07-18 11:33:57,010 [omNode-bootstrap-2-server-thread1] INFO  server.RaftServer$Division (RaftServerImpl.java:checkInconsistentAppendEntries(1629)) - omNode-bootstrap-2@group-0AAC5367B30E: Failed appendEntries as snapshot (0) installation is in progress
2024-07-18 11:33:57,010 [omNode-bootstrap-2-server-thread1] INFO  server.RaftServer$Division (RaftServerImpl.java:appendEntriesAsync(1584)) - omNode-bootstrap-2@group-0AAC5367B30E: appendEntries* reply omNode-1<-omNode-bootstrap-2#334:FAIL-t1,INCONSISTENCY,nextIndex=0,followerCommit=-1,matchIndex=-1
2024-07-18 11:33:57,010 [grpc-default-executor-1] INFO  impl.SnapshotInstallationHandler (SnapshotInstallationHandler.java:installSnapshot(92)) - omNode-bootstrap-2@group-0AAC5367B30E: receive installSnapshot: omNode-1->omNode-bootstrap-2#0-t1,notify:(t:1, i:0)
2024-07-18 11:33:57,010 [grpc-default-executor-1] INFO  impl.SnapshotInstallationHandler (SnapshotInstallationHandler.java:installSnapshotImpl(138)) - omNode-bootstrap-2@group-0AAC5367B30E: set new configuration configurationEntry {
  peers {
    id: "omNode-3"
    address: "localhost:15023"
    startupRole: FOLLOWER
  }
  peers {
    id: "omNode-1"
    address: "localhost:15015"
    startupRole: FOLLOWER
  }
  peers {
    id: "omNode-2"
    address: "localhost:15019"
    startupRole: FOLLOWER
  }
}
 from snapshot
2024-07-18 11:33:57,010 [grpc-default-executor-1] INFO  server.RaftServer$Division (ServerState.java:setRaftConf(386)) - omNode-bootstrap-2@group-0AAC5367B30E: set configuration conf: {index: 0, cur=peers:[omNode-3|localhost:15023, omNode-1|localhost:15015, omNode-2|localhost:15019]|listeners:[], old=null}
2024-07-18 11:33:57,012 [grpc-default-executor-1] INFO  ratis.OzoneManagerStateMachine (OzoneManagerStateMachine.java:notifyConfigurationChanged(216)) - Received Configuration change notification from Ratis. New Peer list:
[id: "omNode-3"
address: "localhost:15023"
startupRole: FOLLOWER
, id: "omNode-1"
address: "localhost:15015"
startupRole: FOLLOWER
, id: "omNode-2"
address: "localhost:15019"
startupRole: FOLLOWER
]
2024-07-18 11:33:57,012 [grpc-default-executor-1] INFO  impl.SnapshotInstallationHandler (SnapshotInstallationHandler.java:installSnapshot(103)) - omNode-bootstrap-2@group-0AAC5367B30E: reply installSnapshot: omNode-1<-omNode-bootstrap-2#0:FAIL-t1,IN_PROGRESS,snapshotIndex=0
2024-07-18 11:33:57,012 [grpc-default-executor-1] INFO  server.GrpcServerProtocolService (GrpcServerProtocolService.java:onCompleted(157)) - omNode-bootstrap-2: Completed INSTALL_SNAPSHOT, lastRequest: omNode-1->omNode-bootstrap-2#0-t1,notify:(t:1, i:0)
2024-07-18 11:33:57,012 [grpc-default-executor-1] INFO  server.GrpcServerProtocolService (GrpcServerProtocolService.java:lambda$onCompleted$5(159)) - omNode-bootstrap-2: Completed INSTALL_SNAPSHOT, lastReply: null
2024-07-18 11:33:57,012 [omNode-bootstrap-2-InstallSnapshotThread] INFO  om.OzoneManager (OzoneManager.java:startTrashEmptier(2121)) - Trash Interval set to 0. Files deleted won't move to trash
2024-07-18 11:33:57,014 [omNode-bootstrap-2-server-thread1] INFO  server.RaftServer$Division (RaftServerImpl.java:checkInconsistentAppendEntries(1629)) - omNode-bootstrap-2@group-0AAC5367B30E: Failed appendEntries as snapshot (0) installation is in progress
2024-07-18 11:33:57,014 [omNode-bootstrap-2-InstallSnapshotThread] INFO  ratis.OzoneManagerStateMachine (OzoneManagerStateMachine.java:unpause(430)) - OzoneManagerStateMachine is un-pausing
2024-07-18 11:33:57,014 [omNode-bootstrap-2-server-thread1] INFO  server.RaftServer$Division (RaftServerImpl.java:appendEntriesAsync(1584)) - omNode-bootstrap-2@group-0AAC5367B30E: appendEntries* reply omNode-1<-omNode-bootstrap-2#335:FAIL-t1,INCONSISTENCY,nextIndex=0,followerCommit=-1,matchIndex=-1
2024-07-18 11:33:57,015 [omNode-bootstrap-2-InstallSnapshotThread] INFO  om.OzoneManager (OzoneManager.java:installCheckpoint(3874)) - Reloaded OM state with Term: 1 and Index: 7. Spend 379 ms
2024-07-18 11:33:57,015 [omNode-bootstrap-2-InstallSnapshotThread] INFO  om.OzoneManager (OzoneManager.java:getRpcServer(1228)) - Creating RPC Server
2024-07-18 11:33:57,016 [grpc-default-executor-5] INFO  impl.SnapshotInstallationHandler (SnapshotInstallationHandler.java:installSnapshot(92)) - omNode-bootstrap-2@group-0AAC5367B30E: receive installSnapshot: omNode-1->omNode-bootstrap-2#0-t1,notify:(t:1, i:0)
2024-07-18 11:33:57,016 [grpc-default-executor-5] INFO  impl.SnapshotInstallationHandler (SnapshotInstallationHandler.java:installSnapshotImpl(138)) - omNode-bootstrap-2@group-0AAC5367B30E: set new configuration configurationEntry {
  peers {
    id: "omNode-3"
    address: "localhost:15023"
    startupRole: FOLLOWER
  }
  peers {
    id: "omNode-1"
    address: "localhost:15015"
    startupRole: FOLLOWER
  }
  peers {
    id: "omNode-2"
    address: "localhost:15019"
    startupRole: FOLLOWER
  }
}
 from snapshot
2024-07-18 11:33:57,016 [grpc-default-executor-5] INFO  server.RaftServer$Division (ServerState.java:setRaftConf(386)) - omNode-bootstrap-2@group-0AAC5367B30E: set configuration conf: {index: 0, cur=peers:[omNode-3|localhost:15023, omNode-1|localhost:15015, omNode-2|localhost:15019]|listeners:[], old=null}
2024-07-18 11:33:57,018 [grpc-default-executor-5] INFO  ratis.OzoneManagerStateMachine (OzoneManagerStateMachine.java:notifyConfigurationChanged(216)) - Received Configuration change notification from Ratis. New Peer list:
[id: "omNode-3"
address: "localhost:15023"
startupRole: FOLLOWER
, id: "omNode-1"
address: "localhost:15015"
startupRole: FOLLOWER
, id: "omNode-2"
address: "localhost:15019"
startupRole: FOLLOWER
]
2024-07-18 11:33:57,018 [grpc-default-executor-5] INFO  impl.SnapshotInstallationHandler (SnapshotInstallationHandler.java:installSnapshot(103)) - omNode-bootstrap-2@group-0AAC5367B30E: reply installSnapshot: omNode-1<-omNode-bootstrap-2#0:FAIL-t1,IN_PROGRESS,snapshotIndex=0
2024-07-18 11:33:57,018 [grpc-default-executor-5] INFO  server.GrpcServerProtocolService (GrpcServerProtocolService.java:onCompleted(157)) - omNode-bootstrap-2: Completed INSTALL_SNAPSHOT, lastRequest: omNode-1->omNode-bootstrap-2#0-t1,notify:(t:1, i:0)
2024-07-18 11:33:57,018 [grpc-default-executor-5] INFO  server.GrpcServerProtocolService (GrpcServerProtocolService.java:lambda$onCompleted$5(159)) - omNode-bootstrap-2: Completed INSTALL_SNAPSHOT, lastReply: null
2024-07-18 11:33:57,020 [omNode-bootstrap-2-server-thread1] INFO  server.RaftServer$Division (RaftServerImpl.java:checkInconsistentAppendEntries(1629)) - omNode-bootstrap-2@group-0AAC5367B30E: Failed appendEntries as snapshot (0) installation is in progress
2024-07-18 11:33:57,020 [omNode-bootstrap-2-server-thread1] INFO  server.RaftServer$Division (RaftServerImpl.java:appendEntriesAsync(1584)) - omNode-bootstrap-2@group-0AAC5367B30E: appendEntries* reply omNode-1<-omNode-bootstrap-2#336:FAIL-t1,INCONSISTENCY,nextIndex=0,followerCommit=-1,matchIndex=-1
2024-07-18 11:33:57,021 [grpc-default-executor-3] INFO  impl.SnapshotInstallationHandler (SnapshotInstallationHandler.java:installSnapshot(92)) - omNode-bootstrap-2@group-0AAC5367B30E: receive installSnapshot: omNode-1->omNode-bootstrap-2#0-t1,notify:(t:1, i:0)
2024-07-18 11:33:57,021 [grpc-default-executor-3] INFO  impl.SnapshotInstallationHandler (SnapshotInstallationHandler.java:installSnapshotImpl(138)) - omNode-bootstrap-2@group-0AAC5367B30E: set new configuration configurationEntry {
  peers {
    id: "omNode-3"
    address: "localhost:15023"
    startupRole: FOLLOWER
  }
  peers {
    id: "omNode-1"
    address: "localhost:15015"
    startupRole: FOLLOWER
  }
  peers {
    id: "omNode-2"
    address: "localhost:15019"
    startupRole: FOLLOWER
  }
}
 from snapshot
2024-07-18 11:33:57,021 [grpc-default-executor-3] INFO  server.RaftServer$Division (ServerState.java:setRaftConf(386)) - omNode-bootstrap-2@group-0AAC5367B30E: set configuration conf: {index: 0, cur=peers:[omNode-3|localhost:15023, omNode-1|localhost:15015, omNode-2|localhost:15019]|listeners:[], old=null}
2024-07-18 11:33:57,023 [grpc-default-executor-3] INFO  ratis.OzoneManagerStateMachine (OzoneManagerStateMachine.java:notifyConfigurationChanged(216)) - Received Configuration change notification from Ratis. New Peer list:
[id: "omNode-3"
address: "localhost:15023"
startupRole: FOLLOWER
, id: "omNode-1"
address: "localhost:15015"
startupRole: FOLLOWER
, id: "omNode-2"
address: "localhost:15019"
startupRole: FOLLOWER
]
2024-07-18 11:33:57,023 [grpc-default-executor-3] INFO  impl.SnapshotInstallationHandler (SnapshotInstallationHandler.java:installSnapshot(103)) - omNode-bootstrap-2@group-0AAC5367B30E: reply installSnapshot: omNode-1<-omNode-bootstrap-2#0:FAIL-t1,IN_PROGRESS,snapshotIndex=0
2024-07-18 11:33:57,023 [grpc-default-executor-3] INFO  server.GrpcServerProtocolService (GrpcServerProtocolService.java:onCompleted(157)) - omNode-bootstrap-2: Completed INSTALL_SNAPSHOT, lastRequest: omNode-1->omNode-bootstrap-2#0-t1,notify:(t:1, i:0)
2024-07-18 11:33:57,023 [grpc-default-executor-3] INFO  server.GrpcServerProtocolService (GrpcServerProtocolService.java:lambda$onCompleted$5(159)) - omNode-bootstrap-2: Completed INSTALL_SNAPSHOT, lastReply: null
2024-07-18 11:33:57,025 [grpc-default-executor-1] INFO  impl.SnapshotInstallationHandler (SnapshotInstallationHandler.java:installSnapshot(92)) - omNode-bootstrap-2@group-0AAC5367B30E: receive installSnapshot: omNode-1->omNode-bootstrap-2#0-t1,notify:(t:1, i:0)
2024-07-18 11:33:57,025 [grpc-default-executor-1] INFO  impl.SnapshotInstallationHandler (SnapshotInstallationHandler.java:installSnapshotImpl(138)) - omNode-bootstrap-2@group-0AAC5367B30E: set new configuration configurationEntry {
  peers {
    id: "omNode-3"
    address: "localhost:15023"
    startupRole: FOLLOWER
  }
  peers {
    id: "omNode-1"
    address: "localhost:15015"
    startupRole: FOLLOWER
  }
  peers {
    id: "omNode-2"
    address: "localhost:15019"
    startupRole: FOLLOWER
  }
}
 from snapshot
2024-07-18 11:33:57,025 [grpc-default-executor-1] INFO  server.RaftServer$Division (ServerState.java:setRaftConf(386)) - omNode-bootstrap-2@group-0AAC5367B30E: set configuration conf: {index: 0, cur=peers:[omNode-3|localhost:15023, omNode-1|localhost:15015, omNode-2|localhost:15019]|listeners:[], old=null}
2024-07-18 11:33:57,026 [grpc-default-executor-1] INFO  ratis.OzoneManagerStateMachine (OzoneManagerStateMachine.java:notifyConfigurationChanged(216)) - Received Configuration change notification from Ratis. New Peer list:
[id: "omNode-3"
address: "localhost:15023"
startupRole: FOLLOWER
, id: "omNode-1"
address: "localhost:15015"
startupRole: FOLLOWER
, id: "omNode-2"
address: "localhost:15019"
startupRole: FOLLOWER
]
2024-07-18 11:33:57,027 [grpc-default-executor-1] INFO  impl.SnapshotInstallationHandler (SnapshotInstallationHandler.java:installSnapshot(103)) - omNode-bootstrap-2@group-0AAC5367B30E: reply installSnapshot: omNode-1<-omNode-bootstrap-2#0:FAIL-t1,IN_PROGRESS,snapshotIndex=0
2024-07-18 11:33:57,027 [grpc-default-executor-1] INFO  server.GrpcServerProtocolService (GrpcServerProtocolService.java:onCompleted(157)) - omNode-bootstrap-2: Completed INSTALL_SNAPSHOT, lastRequest: omNode-1->omNode-bootstrap-2#0-t1,notify:(t:1, i:0)
2024-07-18 11:33:57,027 [grpc-default-executor-1] INFO  server.GrpcServerProtocolService (GrpcServerProtocolService.java:lambda$onCompleted$5(159)) - omNode-bootstrap-2: Completed INSTALL_SNAPSHOT, lastReply: null
2024-07-18 11:33:57,028 [grpc-default-executor-0] INFO  impl.SnapshotInstallationHandler (SnapshotInstallationHandler.java:installSnapshot(92)) - omNode-bootstrap-2@group-0AAC5367B30E: receive installSnapshot: omNode-1->omNode-bootstrap-2#0-t1,notify:(t:1, i:0)
2024-07-18 11:33:57,028 [omNode-bootstrap-2-server-thread1] INFO  server.RaftServer$Division (RaftServerImpl.java:checkInconsistentAppendEntries(1629)) - omNode-bootstrap-2@group-0AAC5367B30E: Failed appendEntries as snapshot (0) installation is in progress
2024-07-18 11:33:57,028 [omNode-bootstrap-2-server-thread1] INFO  server.RaftServer$Division (RaftServerImpl.java:appendEntriesAsync(1584)) - omNode-bootstrap-2@group-0AAC5367B30E: appendEntries* reply omNode-1<-omNode-bootstrap-2#337:FAIL-t1,INCONSISTENCY,nextIndex=0,followerCommit=-1,matchIndex=-1
2024-07-18 11:33:57,028 [grpc-default-executor-0] INFO  impl.SnapshotInstallationHandler (SnapshotInstallationHandler.java:installSnapshotImpl(138)) - omNode-bootstrap-2@group-0AAC5367B30E: set new configuration configurationEntry {
  peers {
    id: "omNode-3"
    address: "localhost:15023"
    startupRole: FOLLOWER
  }
  peers {
    id: "omNode-1"
    address: "localhost:15015"
    startupRole: FOLLOWER
  }
  peers {
    id: "omNode-2"
    address: "localhost:15019"
    startupRole: FOLLOWER
  }
}
 from snapshot
2024-07-18 11:33:57,028 [grpc-default-executor-0] INFO  server.RaftServer$Division (ServerState.java:setRaftConf(386)) - omNode-bootstrap-2@group-0AAC5367B30E: set configuration conf: {index: 0, cur=peers:[omNode-3|localhost:15023, omNode-1|localhost:15015, omNode-2|localhost:15019]|listeners:[], old=null}
2024-07-18 11:33:57,029 [omNode-bootstrap-2-server-thread1] INFO  server.RaftServer$Division (RaftServerImpl.java:checkInconsistentAppendEntries(1629)) - omNode-bootstrap-2@group-0AAC5367B30E: Failed appendEntries as snapshot (0) installation is in progress
2024-07-18 11:33:57,029 [omNode-bootstrap-2-server-thread1] INFO  server.RaftServer$Division (RaftServerImpl.java:appendEntriesAsync(1584)) - omNode-bootstrap-2@group-0AAC5367B30E: appendEntries* reply omNode-1<-omNode-bootstrap-2#338:FAIL-t1,INCONSISTENCY,nextIndex=0,followerCommit=-1,matchIndex=-1
2024-07-18 11:33:57,030 [grpc-default-executor-0] INFO  ratis.OzoneManagerStateMachine (OzoneManagerStateMachine.java:notifyConfigurationChanged(216)) - Received Configuration change notification from Ratis. New Peer list:
[id: "omNode-3"
address: "localhost:15023"
startupRole: FOLLOWER
, id: "omNode-1"
address: "localhost:15015"
startupRole: FOLLOWER
, id: "omNode-2"
address: "localhost:15019"
startupRole: FOLLOWER
]
2024-07-18 11:33:57,030 [grpc-default-executor-0] INFO  impl.SnapshotInstallationHandler (SnapshotInstallationHandler.java:installSnapshot(103)) - omNode-bootstrap-2@group-0AAC5367B30E: reply installSnapshot: omNode-1<-omNode-bootstrap-2#0:FAIL-t1,IN_PROGRESS,snapshotIndex=0
2024-07-18 11:33:57,030 [grpc-default-executor-0] INFO  server.GrpcServerProtocolService (GrpcServerProtocolService.java:onCompleted(157)) - omNode-bootstrap-2: Completed INSTALL_SNAPSHOT, lastRequest: omNode-1->omNode-bootstrap-2#0-t1,notify:(t:1, i:0)
2024-07-18 11:33:57,031 [grpc-default-executor-0] INFO  server.GrpcServerProtocolService (GrpcServerProtocolService.java:lambda$onCompleted$5(159)) - omNode-bootstrap-2: Completed INSTALL_SNAPSHOT, lastReply: null
2024-07-18 11:33:57,032 [omNode-bootstrap-2-server-thread1] INFO  server.RaftServer$Division (RaftServerImpl.java:checkInconsistentAppendEntries(1629)) - omNode-bootstrap-2@group-0AAC5367B30E: Failed appendEntries as snapshot (0) installation is in progress
2024-07-18 11:33:57,032 [omNode-bootstrap-2-server-thread1] INFO  server.RaftServer$Division (RaftServerImpl.java:appendEntriesAsync(1584)) - omNode-bootstrap-2@group-0AAC5367B30E: appendEntries* reply omNode-1<-omNode-bootstrap-2#339:FAIL-t1,INCONSISTENCY,nextIndex=0,followerCommit=-1,matchIndex=-1
2024-07-18 11:33:57,033 [grpc-default-executor-0] INFO  impl.SnapshotInstallationHandler (SnapshotInstallationHandler.java:installSnapshot(92)) - omNode-bootstrap-2@group-0AAC5367B30E: receive installSnapshot: omNode-1->omNode-bootstrap-2#0-t1,notify:(t:1, i:0)
2024-07-18 11:33:57,033 [grpc-default-executor-0] INFO  impl.SnapshotInstallationHandler (SnapshotInstallationHandler.java:installSnapshotImpl(138)) - omNode-bootstrap-2@group-0AAC5367B30E: set new configuration configurationEntry {
  peers {
    id: "omNode-3"
    address: "localhost:15023"
    startupRole: FOLLOWER
  }
  peers {
    id: "omNode-1"
    address: "localhost:15015"
    startupRole: FOLLOWER
  }
  peers {
    id: "omNode-2"
    address: "localhost:15019"
    startupRole: FOLLOWER
  }
}
 from snapshot
2024-07-18 11:33:57,033 [grpc-default-executor-0] INFO  server.RaftServer$Division (ServerState.java:setRaftConf(386)) - omNode-bootstrap-2@group-0AAC5367B30E: set configuration conf: {index: 0, cur=peers:[omNode-3|localhost:15023, omNode-1|localhost:15015, omNode-2|localhost:15019]|listeners:[], old=null}
2024-07-18 11:33:57,035 [grpc-default-executor-0] INFO  ratis.OzoneManagerStateMachine (OzoneManagerStateMachine.java:notifyConfigurationChanged(216)) - Received Configuration change notification from Ratis. New Peer list:
[id: "omNode-3"
address: "localhost:15023"
startupRole: FOLLOWER
, id: "omNode-1"
address: "localhost:15015"
startupRole: FOLLOWER
, id: "omNode-2"
address: "localhost:15019"
startupRole: FOLLOWER
]
2024-07-18 11:33:57,035 [grpc-default-executor-0] INFO  impl.SnapshotInstallationHandler (SnapshotInstallationHandler.java:installSnapshot(103)) - omNode-bootstrap-2@group-0AAC5367B30E: reply installSnapshot: omNode-1<-omNode-bootstrap-2#0:FAIL-t1,IN_PROGRESS,snapshotIndex=0
2024-07-18 11:33:57,035 [grpc-default-executor-0] INFO  server.GrpcServerProtocolService (GrpcServerProtocolService.java:onCompleted(157)) - omNode-bootstrap-2: Completed INSTALL_SNAPSHOT, lastRequest: omNode-1->omNode-bootstrap-2#0-t1,notify:(t:1, i:0)
2024-07-18 11:33:57,035 [grpc-default-executor-0] INFO  server.GrpcServerProtocolService (GrpcServerProtocolService.java:lambda$onCompleted$5(159)) - omNode-bootstrap-2: Completed INSTALL_SNAPSHOT, lastReply: null
2024-07-18 11:33:57,036 [omNode-bootstrap-2-server-thread1] INFO  server.RaftServer$Division (RaftServerImpl.java:checkInconsistentAppendEntries(1629)) - omNode-bootstrap-2@group-0AAC5367B30E: Failed appendEntries as snapshot (0) installation is in progress
2024-07-18 11:33:57,036 [grpc-default-executor-1] INFO  impl.SnapshotInstallationHandler (SnapshotInstallationHandler.java:installSnapshot(92)) - omNode-bootstrap-2@group-0AAC5367B30E: receive installSnapshot: omNode-1->omNode-bootstrap-2#0-t1,notify:(t:1, i:0)
2024-07-18 11:33:57,036 [omNode-bootstrap-2-server-thread1] INFO  server.RaftServer$Division (RaftServerImpl.java:appendEntriesAsync(1584)) - omNode-bootstrap-2@group-0AAC5367B30E: appendEntries* reply omNode-1<-omNode-bootstrap-2#340:FAIL-t1,INCONSISTENCY,nextIndex=0,followerCommit=-1,matchIndex=-1
2024-07-18 11:33:57,037 [grpc-default-executor-1] INFO  impl.SnapshotInstallationHandler (SnapshotInstallationHandler.java:installSnapshotImpl(138)) - omNode-bootstrap-2@group-0AAC5367B30E: set new configuration configurationEntry {
  peers {
    id: "omNode-3"
    address: "localhost:15023"
    startupRole: FOLLOWER
  }
  peers {
    id: "omNode-1"
    address: "localhost:15015"
    startupRole: FOLLOWER
  }
  peers {
    id: "omNode-2"
    address: "localhost:15019"
    startupRole: FOLLOWER
  }
}
 from snapshot
2024-07-18 11:33:57,037 [grpc-default-executor-1] INFO  server.RaftServer$Division (ServerState.java:setRaftConf(386)) - omNode-bootstrap-2@group-0AAC5367B30E: set configuration conf: {index: 0, cur=peers:[omNode-3|localhost:15023, omNode-1|localhost:15015, omNode-2|localhost:15019]|listeners:[], old=null}
2024-07-18 11:33:57,038 [grpc-default-executor-1] INFO  ratis.OzoneManagerStateMachine (OzoneManagerStateMachine.java:notifyConfigurationChanged(216)) - Received Configuration change notification from Ratis. New Peer list:
[id: "omNode-3"
address: "localhost:15023"
startupRole: FOLLOWER
, id: "omNode-1"
address: "localhost:15015"
startupRole: FOLLOWER
, id: "omNode-2"
address: "localhost:15019"
startupRole: FOLLOWER
]
2024-07-18 11:33:57,039 [grpc-default-executor-1] INFO  impl.SnapshotInstallationHandler (SnapshotInstallationHandler.java:installSnapshot(103)) - omNode-bootstrap-2@group-0AAC5367B30E: reply installSnapshot: omNode-1<-omNode-bootstrap-2#0:FAIL-t1,IN_PROGRESS,snapshotIndex=0
2024-07-18 11:33:57,039 [grpc-default-executor-1] INFO  server.GrpcServerProtocolService (GrpcServerProtocolService.java:onCompleted(157)) - omNode-bootstrap-2: Completed INSTALL_SNAPSHOT, lastRequest: omNode-1->omNode-bootstrap-2#0-t1,notify:(t:1, i:0)
2024-07-18 11:33:57,039 [grpc-default-executor-1] INFO  server.GrpcServerProtocolService (GrpcServerProtocolService.java:lambda$onCompleted$5(159)) - omNode-bootstrap-2: Completed INSTALL_SNAPSHOT, lastReply: null
2024-07-18 11:33:57,040 [omNode-bootstrap-2-server-thread1] INFO  server.RaftServer$Division (RaftServerImpl.java:checkInconsistentAppendEntries(1629)) - omNode-bootstrap-2@group-0AAC5367B30E: Failed appendEntries as snapshot (0) installation is in progress
2024-07-18 11:33:57,040 [omNode-bootstrap-2-server-thread1] INFO  server.RaftServer$Division (RaftServerImpl.java:appendEntriesAsync(1584)) - omNode-bootstrap-2@group-0AAC5367B30E: appendEntries* reply omNode-1<-omNode-bootstrap-2#341:FAIL-t1,INCONSISTENCY,nextIndex=0,followerCommit=-1,matchIndex=-1
2024-07-18 11:33:57,040 [grpc-default-executor-3] INFO  impl.SnapshotInstallationHandler (SnapshotInstallationHandler.java:installSnapshot(92)) - omNode-bootstrap-2@group-0AAC5367B30E: receive installSnapshot: omNode-1->omNode-bootstrap-2#0-t1,notify:(t:1, i:0)
2024-07-18 11:33:57,041 [grpc-default-executor-3] INFO  impl.SnapshotInstallationHandler (SnapshotInstallationHandler.java:installSnapshotImpl(138)) - omNode-bootstrap-2@group-0AAC5367B30E: set new configuration configurationEntry {
  peers {
    id: "omNode-3"
    address: "localhost:15023"
    startupRole: FOLLOWER
  }
  peers {
    id: "omNode-1"
    address: "localhost:15015"
    startupRole: FOLLOWER
  }
  peers {
    id: "omNode-2"
    address: "localhost:15019"
    startupRole: FOLLOWER
  }
}
 from snapshot
2024-07-18 11:33:57,041 [grpc-default-executor-3] INFO  server.RaftServer$Division (ServerState.java:setRaftConf(386)) - omNode-bootstrap-2@group-0AAC5367B30E: set configuration conf: {index: 0, cur=peers:[omNode-3|localhost:15023, omNode-1|localhost:15015, omNode-2|localhost:15019]|listeners:[], old=null}
2024-07-18 11:33:57,043 [grpc-default-executor-3] INFO  ratis.OzoneManagerStateMachine (OzoneManagerStateMachine.java:notifyConfigurationChanged(216)) - Received Configuration change notification from Ratis. New Peer list:
[id: "omNode-3"
address: "localhost:15023"
startupRole: FOLLOWER
, id: "omNode-1"
address: "localhost:15015"
startupRole: FOLLOWER
, id: "omNode-2"
address: "localhost:15019"
startupRole: FOLLOWER
]
2024-07-18 11:33:57,043 [grpc-default-executor-3] INFO  impl.SnapshotInstallationHandler (SnapshotInstallationHandler.java:installSnapshot(103)) - omNode-bootstrap-2@group-0AAC5367B30E: reply installSnapshot: omNode-1<-omNode-bootstrap-2#0:FAIL-t1,IN_PROGRESS,snapshotIndex=0
2024-07-18 11:33:57,043 [grpc-default-executor-3] INFO  server.GrpcServerProtocolService (GrpcServerProtocolService.java:onCompleted(157)) - omNode-bootstrap-2: Completed INSTALL_SNAPSHOT, lastRequest: omNode-1->omNode-bootstrap-2#0-t1,notify:(t:1, i:0)
2024-07-18 11:33:57,043 [grpc-default-executor-3] INFO  server.GrpcServerProtocolService (GrpcServerProtocolService.java:lambda$onCompleted$5(159)) - omNode-bootstrap-2: Completed INSTALL_SNAPSHOT, lastReply: null
2024-07-18 11:33:57,058 [omNode-bootstrap-2-server-thread1] INFO  server.RaftServer$Division (RaftServerImpl.java:checkInconsistentAppendEntries(1629)) - omNode-bootstrap-2@group-0AAC5367B30E: Failed appendEntries as snapshot (0) installation is in progress
2024-07-18 11:33:57,058 [omNode-bootstrap-2-server-thread1] INFO  server.RaftServer$Division (RaftServerImpl.java:appendEntriesAsync(1584)) - omNode-bootstrap-2@group-0AAC5367B30E: appendEntries* reply omNode-1<-omNode-bootstrap-2#342:FAIL-t1,INCONSISTENCY,nextIndex=0,followerCommit=-1,matchIndex=-1
2024-07-18 11:33:57,059 [grpc-default-executor-1] INFO  impl.SnapshotInstallationHandler (SnapshotInstallationHandler.java:installSnapshot(92)) - omNode-bootstrap-2@group-0AAC5367B30E: receive installSnapshot: omNode-1->omNode-bootstrap-2#0-t1,notify:(t:1, i:0)
2024-07-18 11:33:57,059 [grpc-default-executor-1] INFO  impl.SnapshotInstallationHandler (SnapshotInstallationHandler.java:installSnapshotImpl(138)) - omNode-bootstrap-2@group-0AAC5367B30E: set new configuration configurationEntry {
  peers {
    id: "omNode-3"
    address: "localhost:15023"
    startupRole: FOLLOWER
  }
  peers {
    id: "omNode-1"
    address: "localhost:15015"
    startupRole: FOLLOWER
  }
  peers {
    id: "omNode-2"
    address: "localhost:15019"
    startupRole: FOLLOWER
  }
}
 from snapshot
2024-07-18 11:33:57,059 [grpc-default-executor-1] INFO  server.RaftServer$Division (ServerState.java:setRaftConf(386)) - omNode-bootstrap-2@group-0AAC5367B30E: set configuration conf: {index: 0, cur=peers:[omNode-3|localhost:15023, omNode-1|localhost:15015, omNode-2|localhost:15019]|listeners:[], old=null}
2024-07-18 11:33:57,061 [grpc-default-executor-1] INFO  ratis.OzoneManagerStateMachine (OzoneManagerStateMachine.java:notifyConfigurationChanged(216)) - Received Configuration change notification from Ratis. New Peer list:
[id: "omNode-3"
address: "localhost:15023"
startupRole: FOLLOWER
, id: "omNode-1"
address: "localhost:15015"
startupRole: FOLLOWER
, id: "omNode-2"
address: "localhost:15019"
startupRole: FOLLOWER
]
2024-07-18 11:33:57,061 [grpc-default-executor-1] INFO  impl.SnapshotInstallationHandler (SnapshotInstallationHandler.java:installSnapshot(103)) - omNode-bootstrap-2@group-0AAC5367B30E: reply installSnapshot: omNode-1<-omNode-bootstrap-2#0:FAIL-t1,IN_PROGRESS,snapshotIndex=0
2024-07-18 11:33:57,061 [grpc-default-executor-1] INFO  server.GrpcServerProtocolService (GrpcServerProtocolService.java:onCompleted(157)) - omNode-bootstrap-2: Completed INSTALL_SNAPSHOT, lastRequest: omNode-1->omNode-bootstrap-2#0-t1,notify:(t:1, i:0)
2024-07-18 11:33:57,061 [grpc-default-executor-1] INFO  server.GrpcServerProtocolService (GrpcServerProtocolService.java:lambda$onCompleted$5(159)) - omNode-bootstrap-2: Completed INSTALL_SNAPSHOT, lastReply: null
2024-07-18 11:33:57,062 [omNode-bootstrap-2-server-thread1] INFO  server.RaftServer$Division (RaftServerImpl.java:checkInconsistentAppendEntries(1629)) - omNode-bootstrap-2@group-0AAC5367B30E: Failed appendEntries as snapshot (0) installation is in progress
2024-07-18 11:33:57,062 [omNode-bootstrap-2-server-thread1] INFO  server.RaftServer$Division (RaftServerImpl.java:appendEntriesAsync(1584)) - omNode-bootstrap-2@group-0AAC5367B30E: appendEntries* reply omNode-1<-omNode-bootstrap-2#343:FAIL-t1,INCONSISTENCY,nextIndex=0,followerCommit=-1,matchIndex=-1
2024-07-18 11:33:57,063 [grpc-default-executor-3] INFO  impl.SnapshotInstallationHandler (SnapshotInstallationHandler.java:installSnapshot(92)) - omNode-bootstrap-2@group-0AAC5367B30E: receive installSnapshot: omNode-1->omNode-bootstrap-2#0-t1,notify:(t:1, i:0)
2024-07-18 11:33:57,063 [grpc-default-executor-3] INFO  impl.SnapshotInstallationHandler (SnapshotInstallationHandler.java:installSnapshotImpl(138)) - omNode-bootstrap-2@group-0AAC5367B30E: set new configuration configurationEntry {
  peers {
    id: "omNode-3"
    address: "localhost:15023"
    startupRole: FOLLOWER
  }
  peers {
    id: "omNode-1"
    address: "localhost:15015"
    startupRole: FOLLOWER
  }
  peers {
    id: "omNode-2"
    address: "localhost:15019"
    startupRole: FOLLOWER
  }
}
 from snapshot
2024-07-18 11:33:57,063 [grpc-default-executor-3] INFO  server.RaftServer$Division (ServerState.java:setRaftConf(386)) - omNode-bootstrap-2@group-0AAC5367B30E: set configuration conf: {index: 0, cur=peers:[omNode-3|localhost:15023, omNode-1|localhost:15015, omNode-2|localhost:15019]|listeners:[], old=null}
2024-07-18 11:33:57,064 [grpc-default-executor-3] INFO  ratis.OzoneManagerStateMachine (OzoneManagerStateMachine.java:notifyConfigurationChanged(216)) - Received Configuration change notification from Ratis. New Peer list:
[id: "omNode-3"
address: "localhost:15023"
startupRole: FOLLOWER
, id: "omNode-1"
address: "localhost:15015"
startupRole: FOLLOWER
, id: "omNode-2"
address: "localhost:15019"
startupRole: FOLLOWER
]
2024-07-18 11:33:57,064 [grpc-default-executor-3] INFO  impl.SnapshotInstallationHandler (SnapshotInstallationHandler.java:installSnapshot(103)) - omNode-bootstrap-2@group-0AAC5367B30E: reply installSnapshot: omNode-1<-omNode-bootstrap-2#0:FAIL-t1,IN_PROGRESS,snapshotIndex=0
2024-07-18 11:33:57,065 [grpc-default-executor-3] INFO  server.GrpcServerProtocolService (GrpcServerProtocolService.java:onCompleted(157)) - omNode-bootstrap-2: Completed INSTALL_SNAPSHOT, lastRequest: omNode-1->omNode-bootstrap-2#0-t1,notify:(t:1, i:0)
2024-07-18 11:33:57,065 [grpc-default-executor-3] INFO  server.GrpcServerProtocolService (GrpcServerProtocolService.java:lambda$onCompleted$5(159)) - omNode-bootstrap-2: Completed INSTALL_SNAPSHOT, lastReply: null
2024-07-18 11:33:57,065 [omNode-bootstrap-2-server-thread1] INFO  server.RaftServer$Division (RaftServerImpl.java:checkInconsistentAppendEntries(1629)) - omNode-bootstrap-2@group-0AAC5367B30E: Failed appendEntries as snapshot (0) installation is in progress
2024-07-18 11:33:57,066 [omNode-bootstrap-2-server-thread1] INFO  server.RaftServer$Division (RaftServerImpl.java:appendEntriesAsync(1584)) - omNode-bootstrap-2@group-0AAC5367B30E: appendEntries* reply omNode-1<-omNode-bootstrap-2#344:FAIL-t1,INCONSISTENCY,nextIndex=0,followerCommit=-1,matchIndex=-1
2024-07-18 11:33:57,067 [grpc-default-executor-3] INFO  impl.SnapshotInstallationHandler (SnapshotInstallationHandler.java:installSnapshot(92)) - omNode-bootstrap-2@group-0AAC5367B30E: receive installSnapshot: omNode-1->omNode-bootstrap-2#0-t1,notify:(t:1, i:0)
2024-07-18 11:33:57,067 [grpc-default-executor-3] INFO  impl.SnapshotInstallationHandler (SnapshotInstallationHandler.java:installSnapshotImpl(138)) - omNode-bootstrap-2@group-0AAC5367B30E: set new configuration configurationEntry {
  peers {
    id: "omNode-3"
    address: "localhost:15023"
    startupRole: FOLLOWER
  }
  peers {
    id: "omNode-1"
    address: "localhost:15015"
    startupRole: FOLLOWER
  }
  peers {
    id: "omNode-2"
    address: "localhost:15019"
    startupRole: FOLLOWER
  }
}
 from snapshot
2024-07-18 11:33:57,067 [grpc-default-executor-3] INFO  server.RaftServer$Division (ServerState.java:setRaftConf(386)) - omNode-bootstrap-2@group-0AAC5367B30E: set configuration conf: {index: 0, cur=peers:[omNode-3|localhost:15023, omNode-1|localhost:15015, omNode-2|localhost:15019]|listeners:[], old=null}
2024-07-18 11:33:57,068 [grpc-default-executor-3] INFO  ratis.OzoneManagerStateMachine (OzoneManagerStateMachine.java:notifyConfigurationChanged(216)) - Received Configuration change notification from Ratis. New Peer list:
[id: "omNode-3"
address: "localhost:15023"
startupRole: FOLLOWER
, id: "omNode-1"
address: "localhost:15015"
startupRole: FOLLOWER
, id: "omNode-2"
address: "localhost:15019"
startupRole: FOLLOWER
]
2024-07-18 11:33:57,068 [grpc-default-executor-3] INFO  impl.SnapshotInstallationHandler (SnapshotInstallationHandler.java:installSnapshot(103)) - omNode-bootstrap-2@group-0AAC5367B30E: reply installSnapshot: omNode-1<-omNode-bootstrap-2#0:FAIL-t1,IN_PROGRESS,snapshotIndex=0
2024-07-18 11:33:57,069 [grpc-default-executor-3] INFO  server.GrpcServerProtocolService (GrpcServerProtocolService.java:onCompleted(157)) - omNode-bootstrap-2: Completed INSTALL_SNAPSHOT, lastRequest: omNode-1->omNode-bootstrap-2#0-t1,notify:(t:1, i:0)
2024-07-18 11:33:57,069 [grpc-default-executor-3] INFO  server.GrpcServerProtocolService (GrpcServerProtocolService.java:lambda$onCompleted$5(159)) - omNode-bootstrap-2: Completed INSTALL_SNAPSHOT, lastReply: null
2024-07-18 11:33:57,070 [omNode-bootstrap-2-server-thread1] INFO  server.RaftServer$Division (RaftServerImpl.java:checkInconsistentAppendEntries(1629)) - omNode-bootstrap-2@group-0AAC5367B30E: Failed appendEntries as snapshot (0) installation is in progress
2024-07-18 11:33:57,070 [omNode-bootstrap-2-server-thread1] INFO  server.RaftServer$Division (RaftServerImpl.java:appendEntriesAsync(1584)) - omNode-bootstrap-2@group-0AAC5367B30E: appendEntries* reply omNode-1<-omNode-bootstrap-2#345:FAIL-t1,INCONSISTENCY,nextIndex=0,followerCommit=-1,matchIndex=-1
2024-07-18 11:33:57,071 [grpc-default-executor-3] INFO  impl.SnapshotInstallationHandler (SnapshotInstallationHandler.java:installSnapshot(92)) - omNode-bootstrap-2@group-0AAC5367B30E: receive installSnapshot: omNode-1->omNode-bootstrap-2#0-t1,notify:(t:1, i:0)
2024-07-18 11:33:57,071 [grpc-default-executor-3] INFO  impl.SnapshotInstallationHandler (SnapshotInstallationHandler.java:installSnapshotImpl(138)) - omNode-bootstrap-2@group-0AAC5367B30E: set new configuration configurationEntry {
  peers {
    id: "omNode-3"
    address: "localhost:15023"
    startupRole: FOLLOWER
  }
  peers {
    id: "omNode-1"
    address: "localhost:15015"
    startupRole: FOLLOWER
  }
  peers {
    id: "omNode-2"
    address: "localhost:15019"
    startupRole: FOLLOWER
  }
}
 from snapshot
2024-07-18 11:33:57,071 [grpc-default-executor-3] INFO  server.RaftServer$Division (ServerState.java:setRaftConf(386)) - omNode-bootstrap-2@group-0AAC5367B30E: set configuration conf: {index: 0, cur=peers:[omNode-3|localhost:15023, omNode-1|localhost:15015, omNode-2|localhost:15019]|listeners:[], old=null}
2024-07-18 11:33:57,072 [grpc-default-executor-3] INFO  ratis.OzoneManagerStateMachine (OzoneManagerStateMachine.java:notifyConfigurationChanged(216)) - Received Configuration change notification from Ratis. New Peer list:
[id: "omNode-3"
address: "localhost:15023"
startupRole: FOLLOWER
, id: "omNode-1"
address: "localhost:15015"
startupRole: FOLLOWER
, id: "omNode-2"
address: "localhost:15019"
startupRole: FOLLOWER
]
2024-07-18 11:33:57,072 [grpc-default-executor-3] INFO  impl.SnapshotInstallationHandler (SnapshotInstallationHandler.java:installSnapshot(103)) - omNode-bootstrap-2@group-0AAC5367B30E: reply installSnapshot: omNode-1<-omNode-bootstrap-2#0:FAIL-t1,IN_PROGRESS,snapshotIndex=0
2024-07-18 11:33:57,073 [grpc-default-executor-3] INFO  server.GrpcServerProtocolService (GrpcServerProtocolService.java:onCompleted(157)) - omNode-bootstrap-2: Completed INSTALL_SNAPSHOT, lastRequest: omNode-1->omNode-bootstrap-2#0-t1,notify:(t:1, i:0)
2024-07-18 11:33:57,073 [grpc-default-executor-3] INFO  server.GrpcServerProtocolService (GrpcServerProtocolService.java:lambda$onCompleted$5(159)) - omNode-bootstrap-2: Completed INSTALL_SNAPSHOT, lastReply: null
2024-07-18 11:33:57,073 [omNode-bootstrap-2-server-thread1] INFO  server.RaftServer$Division (RaftServerImpl.java:checkInconsistentAppendEntries(1629)) - omNode-bootstrap-2@group-0AAC5367B30E: Failed appendEntries as snapshot (0) installation is in progress
2024-07-18 11:33:57,073 [omNode-bootstrap-2-server-thread1] INFO  server.RaftServer$Division (RaftServerImpl.java:appendEntriesAsync(1584)) - omNode-bootstrap-2@group-0AAC5367B30E: appendEntries* reply omNode-1<-omNode-bootstrap-2#346:FAIL-t1,INCONSISTENCY,nextIndex=0,followerCommit=-1,matchIndex=-1
2024-07-18 11:33:57,075 [grpc-default-executor-3] INFO  impl.SnapshotInstallationHandler (SnapshotInstallationHandler.java:installSnapshot(92)) - omNode-bootstrap-2@group-0AAC5367B30E: receive installSnapshot: omNode-1->omNode-bootstrap-2#0-t1,notify:(t:1, i:0)
2024-07-18 11:33:57,075 [grpc-default-executor-3] INFO  impl.SnapshotInstallationHandler (SnapshotInstallationHandler.java:installSnapshotImpl(138)) - omNode-bootstrap-2@group-0AAC5367B30E: set new configuration configurationEntry {
  peers {
    id: "omNode-3"
    address: "localhost:15023"
    startupRole: FOLLOWER
  }
  peers {
    id: "omNode-1"
    address: "localhost:15015"
    startupRole: FOLLOWER
  }
  peers {
    id: "omNode-2"
    address: "localhost:15019"
    startupRole: FOLLOWER
  }
}
 from snapshot
2024-07-18 11:33:57,076 [grpc-default-executor-3] INFO  server.RaftServer$Division (ServerState.java:setRaftConf(386)) - omNode-bootstrap-2@group-0AAC5367B30E: set configuration conf: {index: 0, cur=peers:[omNode-3|localhost:15023, omNode-1|localhost:15015, omNode-2|localhost:15019]|listeners:[], old=null}
2024-07-18 11:33:57,078 [grpc-default-executor-3] INFO  ratis.OzoneManagerStateMachine (OzoneManagerStateMachine.java:notifyConfigurationChanged(216)) - Received Configuration change notification from Ratis. New Peer list:
[id: "omNode-3"
address: "localhost:15023"
startupRole: FOLLOWER
, id: "omNode-1"
address: "localhost:15015"
startupRole: FOLLOWER
, id: "omNode-2"
address: "localhost:15019"
startupRole: FOLLOWER
]
2024-07-18 11:33:57,078 [grpc-default-executor-3] INFO  impl.SnapshotInstallationHandler (SnapshotInstallationHandler.java:installSnapshot(103)) - omNode-bootstrap-2@group-0AAC5367B30E: reply installSnapshot: omNode-1<-omNode-bootstrap-2#0:FAIL-t1,IN_PROGRESS,snapshotIndex=0
2024-07-18 11:33:57,080 [grpc-default-executor-3] INFO  server.GrpcServerProtocolService (GrpcServerProtocolService.java:onCompleted(157)) - omNode-bootstrap-2: Completed INSTALL_SNAPSHOT, lastRequest: omNode-1->omNode-bootstrap-2#0-t1,notify:(t:1, i:0)
2024-07-18 11:33:57,080 [grpc-default-executor-3] INFO  server.GrpcServerProtocolService (GrpcServerProtocolService.java:lambda$onCompleted$5(159)) - omNode-bootstrap-2: Completed INSTALL_SNAPSHOT, lastReply: null
2024-07-18 11:33:57,081 [omNode-bootstrap-2-server-thread1] INFO  server.RaftServer$Division (RaftServerImpl.java:checkInconsistentAppendEntries(1629)) - omNode-bootstrap-2@group-0AAC5367B30E: Failed appendEntries as snapshot (0) installation is in progress
2024-07-18 11:33:57,081 [omNode-bootstrap-2-server-thread1] INFO  server.RaftServer$Division (RaftServerImpl.java:appendEntriesAsync(1584)) - omNode-bootstrap-2@group-0AAC5367B30E: appendEntries* reply omNode-1<-omNode-bootstrap-2#347:FAIL-t1,INCONSISTENCY,nextIndex=0,followerCommit=-1,matchIndex=-1
2024-07-18 11:33:57,081 [grpc-default-executor-1] INFO  impl.SnapshotInstallationHandler (SnapshotInstallationHandler.java:installSnapshot(92)) - omNode-bootstrap-2@group-0AAC5367B30E: receive installSnapshot: omNode-1->omNode-bootstrap-2#0-t1,notify:(t:1, i:0)
2024-07-18 11:33:57,082 [grpc-default-executor-1] INFO  impl.SnapshotInstallationHandler (SnapshotInstallationHandler.java:installSnapshotImpl(138)) - omNode-bootstrap-2@group-0AAC5367B30E: set new configuration configurationEntry {
  peers {
    id: "omNode-3"
    address: "localhost:15023"
    startupRole: FOLLOWER
  }
  peers {
    id: "omNode-1"
    address: "localhost:15015"
    startupRole: FOLLOWER
  }
  peers {
    id: "omNode-2"
    address: "localhost:15019"
    startupRole: FOLLOWER
  }
}
 from snapshot
2024-07-18 11:33:57,082 [grpc-default-executor-1] INFO  server.RaftServer$Division (ServerState.java:setRaftConf(386)) - omNode-bootstrap-2@group-0AAC5367B30E: set configuration conf: {index: 0, cur=peers:[omNode-3|localhost:15023, omNode-1|localhost:15015, omNode-2|localhost:15019]|listeners:[], old=null}
2024-07-18 11:33:57,083 [grpc-default-executor-1] INFO  ratis.OzoneManagerStateMachine (OzoneManagerStateMachine.java:notifyConfigurationChanged(216)) - Received Configuration change notification from Ratis. New Peer list:
[id: "omNode-3"
address: "localhost:15023"
startupRole: FOLLOWER
, id: "omNode-1"
address: "localhost:15015"
startupRole: FOLLOWER
, id: "omNode-2"
address: "localhost:15019"
startupRole: FOLLOWER
]
2024-07-18 11:33:57,083 [grpc-default-executor-1] INFO  impl.SnapshotInstallationHandler (SnapshotInstallationHandler.java:installSnapshot(103)) - omNode-bootstrap-2@group-0AAC5367B30E: reply installSnapshot: omNode-1<-omNode-bootstrap-2#0:FAIL-t1,IN_PROGRESS,snapshotIndex=0
2024-07-18 11:33:57,083 [grpc-default-executor-1] INFO  server.GrpcServerProtocolService (GrpcServerProtocolService.java:onCompleted(157)) - omNode-bootstrap-2: Completed INSTALL_SNAPSHOT, lastRequest: omNode-1->omNode-bootstrap-2#0-t1,notify:(t:1, i:0)
2024-07-18 11:33:57,083 [grpc-default-executor-1] INFO  server.GrpcServerProtocolService (GrpcServerProtocolService.java:lambda$onCompleted$5(159)) - omNode-bootstrap-2: Completed INSTALL_SNAPSHOT, lastReply: null
2024-07-18 11:33:57,084 [omNode-bootstrap-2-server-thread1] INFO  server.RaftServer$Division (RaftServerImpl.java:checkInconsistentAppendEntries(1629)) - omNode-bootstrap-2@group-0AAC5367B30E: Failed appendEntries as snapshot (0) installation is in progress
2024-07-18 11:33:57,084 [omNode-bootstrap-2-server-thread1] INFO  server.RaftServer$Division (RaftServerImpl.java:appendEntriesAsync(1584)) - omNode-bootstrap-2@group-0AAC5367B30E: appendEntries* reply omNode-1<-omNode-bootstrap-2#348:FAIL-t1,INCONSISTENCY,nextIndex=0,followerCommit=-1,matchIndex=-1
2024-07-18 11:33:57,085 [grpc-default-executor-1] INFO  impl.SnapshotInstallationHandler (SnapshotInstallationHandler.java:installSnapshot(92)) - omNode-bootstrap-2@group-0AAC5367B30E: receive installSnapshot: omNode-1->omNode-bootstrap-2#0-t1,notify:(t:1, i:0)
2024-07-18 11:33:57,085 [grpc-default-executor-1] INFO  impl.SnapshotInstallationHandler (SnapshotInstallationHandler.java:installSnapshotImpl(138)) - omNode-bootstrap-2@group-0AAC5367B30E: set new configuration configurationEntry {
  peers {
    id: "omNode-3"
    address: "localhost:15023"
    startupRole: FOLLOWER
  }
  peers {
    id: "omNode-1"
    address: "localhost:15015"
    startupRole: FOLLOWER
  }
  peers {
    id: "omNode-2"
    address: "localhost:15019"
    startupRole: FOLLOWER
  }
}
 from snapshot
2024-07-18 11:33:57,085 [grpc-default-executor-1] INFO  server.RaftServer$Division (ServerState.java:setRaftConf(386)) - omNode-bootstrap-2@group-0AAC5367B30E: set configuration conf: {index: 0, cur=peers:[omNode-3|localhost:15023, omNode-1|localhost:15015, omNode-2|localhost:15019]|listeners:[], old=null}
2024-07-18 11:33:57,087 [grpc-default-executor-1] INFO  ratis.OzoneManagerStateMachine (OzoneManagerStateMachine.java:notifyConfigurationChanged(216)) - Received Configuration change notification from Ratis. New Peer list:
[id: "omNode-3"
address: "localhost:15023"
startupRole: FOLLOWER
, id: "omNode-1"
address: "localhost:15015"
startupRole: FOLLOWER
, id: "omNode-2"
address: "localhost:15019"
startupRole: FOLLOWER
]
2024-07-18 11:33:57,087 [grpc-default-executor-1] INFO  impl.SnapshotInstallationHandler (SnapshotInstallationHandler.java:installSnapshot(103)) - omNode-bootstrap-2@group-0AAC5367B30E: reply installSnapshot: omNode-1<-omNode-bootstrap-2#0:FAIL-t1,IN_PROGRESS,snapshotIndex=0
2024-07-18 11:33:57,087 [grpc-default-executor-1] INFO  server.GrpcServerProtocolService (GrpcServerProtocolService.java:onCompleted(157)) - omNode-bootstrap-2: Completed INSTALL_SNAPSHOT, lastRequest: omNode-1->omNode-bootstrap-2#0-t1,notify:(t:1, i:0)
2024-07-18 11:33:57,087 [grpc-default-executor-1] INFO  server.GrpcServerProtocolService (GrpcServerProtocolService.java:lambda$onCompleted$5(159)) - omNode-bootstrap-2: Completed INSTALL_SNAPSHOT, lastReply: null
2024-07-18 11:33:57,088 [omNode-bootstrap-2-server-thread1] INFO  server.RaftServer$Division (RaftServerImpl.java:checkInconsistentAppendEntries(1629)) - omNode-bootstrap-2@group-0AAC5367B30E: Failed appendEntries as snapshot (0) installation is in progress
2024-07-18 11:33:57,088 [omNode-bootstrap-2-server-thread1] INFO  server.RaftServer$Division (RaftServerImpl.java:appendEntriesAsync(1584)) - omNode-bootstrap-2@group-0AAC5367B30E: appendEntries* reply omNode-1<-omNode-bootstrap-2#349:FAIL-t1,INCONSISTENCY,nextIndex=0,followerCommit=-1,matchIndex=-1
2024-07-18 11:33:57,088 [grpc-default-executor-0] INFO  impl.SnapshotInstallationHandler (SnapshotInstallationHandler.java:installSnapshot(92)) - omNode-bootstrap-2@group-0AAC5367B30E: receive installSnapshot: omNode-1->omNode-bootstrap-2#0-t1,notify:(t:1, i:0)
2024-07-18 11:33:57,089 [grpc-default-executor-0] INFO  impl.SnapshotInstallationHandler (SnapshotInstallationHandler.java:installSnapshotImpl(138)) - omNode-bootstrap-2@group-0AAC5367B30E: set new configuration configurationEntry {
  peers {
    id: "omNode-3"
    address: "localhost:15023"
    startupRole: FOLLOWER
  }
  peers {
    id: "omNode-1"
    address: "localhost:15015"
    startupRole: FOLLOWER
  }
  peers {
    id: "omNode-2"
    address: "localhost:15019"
    startupRole: FOLLOWER
  }
}
 from snapshot
2024-07-18 11:33:57,089 [grpc-default-executor-0] INFO  server.RaftServer$Division (ServerState.java:setRaftConf(386)) - omNode-bootstrap-2@group-0AAC5367B30E: set configuration conf: {index: 0, cur=peers:[omNode-3|localhost:15023, omNode-1|localhost:15015, omNode-2|localhost:15019]|listeners:[], old=null}
2024-07-18 11:33:57,090 [grpc-default-executor-0] INFO  ratis.OzoneManagerStateMachine (OzoneManagerStateMachine.java:notifyConfigurationChanged(216)) - Received Configuration change notification from Ratis. New Peer list:
[id: "omNode-3"
address: "localhost:15023"
startupRole: FOLLOWER
, id: "omNode-1"
address: "localhost:15015"
startupRole: FOLLOWER
, id: "omNode-2"
address: "localhost:15019"
startupRole: FOLLOWER
]
2024-07-18 11:33:57,090 [grpc-default-executor-0] INFO  impl.SnapshotInstallationHandler (SnapshotInstallationHandler.java:installSnapshot(103)) - omNode-bootstrap-2@group-0AAC5367B30E: reply installSnapshot: omNode-1<-omNode-bootstrap-2#0:FAIL-t1,IN_PROGRESS,snapshotIndex=0
2024-07-18 11:33:57,090 [grpc-default-executor-0] INFO  server.GrpcServerProtocolService (GrpcServerProtocolService.java:onCompleted(157)) - omNode-bootstrap-2: Completed INSTALL_SNAPSHOT, lastRequest: omNode-1->omNode-bootstrap-2#0-t1,notify:(t:1, i:0)
2024-07-18 11:33:57,091 [grpc-default-executor-0] INFO  server.GrpcServerProtocolService (GrpcServerProtocolService.java:lambda$onCompleted$5(159)) - omNode-bootstrap-2: Completed INSTALL_SNAPSHOT, lastReply: null
2024-07-18 11:33:57,091 [omNode-bootstrap-2-server-thread1] INFO  server.RaftServer$Division (RaftServerImpl.java:checkInconsistentAppendEntries(1629)) - omNode-bootstrap-2@group-0AAC5367B30E: Failed appendEntries as snapshot (0) installation is in progress
2024-07-18 11:33:57,091 [omNode-bootstrap-2-server-thread1] INFO  server.RaftServer$Division (RaftServerImpl.java:appendEntriesAsync(1584)) - omNode-bootstrap-2@group-0AAC5367B30E: appendEntries* reply omNode-1<-omNode-bootstrap-2#350:FAIL-t1,INCONSISTENCY,nextIndex=0,followerCommit=-1,matchIndex=-1
2024-07-18 11:33:57,092 [grpc-default-executor-0] INFO  impl.SnapshotInstallationHandler (SnapshotInstallationHandler.java:installSnapshot(92)) - omNode-bootstrap-2@group-0AAC5367B30E: receive installSnapshot: omNode-1->omNode-bootstrap-2#0-t1,notify:(t:1, i:0)
2024-07-18 11:33:57,093 [grpc-default-executor-0] INFO  impl.SnapshotInstallationHandler (SnapshotInstallationHandler.java:installSnapshotImpl(138)) - omNode-bootstrap-2@group-0AAC5367B30E: set new configuration configurationEntry {
  peers {
    id: "omNode-3"
    address: "localhost:15023"
    startupRole: FOLLOWER
  }
  peers {
    id: "omNode-1"
    address: "localhost:15015"
    startupRole: FOLLOWER
  }
  peers {
    id: "omNode-2"
    address: "localhost:15019"
    startupRole: FOLLOWER
  }
}
 from snapshot
2024-07-18 11:33:57,093 [grpc-default-executor-0] INFO  server.RaftServer$Division (ServerState.java:setRaftConf(386)) - omNode-bootstrap-2@group-0AAC5367B30E: set configuration conf: {index: 0, cur=peers:[omNode-3|localhost:15023, omNode-1|localhost:15015, omNode-2|localhost:15019]|listeners:[], old=null}
2024-07-18 11:33:57,094 [grpc-default-executor-0] INFO  ratis.OzoneManagerStateMachine (OzoneManagerStateMachine.java:notifyConfigurationChanged(216)) - Received Configuration change notification from Ratis. New Peer list:
[id: "omNode-3"
address: "localhost:15023"
startupRole: FOLLOWER
, id: "omNode-1"
address: "localhost:15015"
startupRole: FOLLOWER
, id: "omNode-2"
address: "localhost:15019"
startupRole: FOLLOWER
]
2024-07-18 11:33:57,094 [grpc-default-executor-0] INFO  impl.SnapshotInstallationHandler (SnapshotInstallationHandler.java:installSnapshot(103)) - omNode-bootstrap-2@group-0AAC5367B30E: reply installSnapshot: omNode-1<-omNode-bootstrap-2#0:FAIL-t1,IN_PROGRESS,snapshotIndex=0
2024-07-18 11:33:57,094 [grpc-default-executor-0] INFO  server.GrpcServerProtocolService (GrpcServerProtocolService.java:onCompleted(157)) - omNode-bootstrap-2: Completed INSTALL_SNAPSHOT, lastRequest: omNode-1->omNode-bootstrap-2#0-t1,notify:(t:1, i:0)
2024-07-18 11:33:57,094 [grpc-default-executor-0] INFO  server.GrpcServerProtocolService (GrpcServerProtocolService.java:lambda$onCompleted$5(159)) - omNode-bootstrap-2: Completed INSTALL_SNAPSHOT, lastReply: null
2024-07-18 11:33:57,095 [omNode-bootstrap-2-server-thread1] INFO  server.RaftServer$Division (RaftServerImpl.java:checkInconsistentAppendEntries(1629)) - omNode-bootstrap-2@group-0AAC5367B30E: Failed appendEntries as snapshot (0) installation is in progress
2024-07-18 11:33:57,095 [omNode-bootstrap-2-server-thread1] INFO  server.RaftServer$Division (RaftServerImpl.java:appendEntriesAsync(1584)) - omNode-bootstrap-2@group-0AAC5367B30E: appendEntries* reply omNode-1<-omNode-bootstrap-2#351:FAIL-t1,INCONSISTENCY,nextIndex=0,followerCommit=-1,matchIndex=-1
2024-07-18 11:33:57,096 [grpc-default-executor-1] INFO  impl.SnapshotInstallationHandler (SnapshotInstallationHandler.java:installSnapshot(92)) - omNode-bootstrap-2@group-0AAC5367B30E: receive installSnapshot: omNode-1->omNode-bootstrap-2#0-t1,notify:(t:1, i:0)
2024-07-18 11:33:57,096 [grpc-default-executor-1] INFO  impl.SnapshotInstallationHandler (SnapshotInstallationHandler.java:installSnapshotImpl(138)) - omNode-bootstrap-2@group-0AAC5367B30E: set new configuration configurationEntry {
  peers {
    id: "omNode-3"
    address: "localhost:15023"
    startupRole: FOLLOWER
  }
  peers {
    id: "omNode-1"
    address: "localhost:15015"
    startupRole: FOLLOWER
  }
  peers {
    id: "omNode-2"
    address: "localhost:15019"
    startupRole: FOLLOWER
  }
}
 from snapshot
2024-07-18 11:33:57,096 [grpc-default-executor-1] INFO  server.RaftServer$Division (ServerState.java:setRaftConf(386)) - omNode-bootstrap-2@group-0AAC5367B30E: set configuration conf: {index: 0, cur=peers:[omNode-3|localhost:15023, omNode-1|localhost:15015, omNode-2|localhost:15019]|listeners:[], old=null}
2024-07-18 11:33:57,097 [grpc-default-executor-1] INFO  ratis.OzoneManagerStateMachine (OzoneManagerStateMachine.java:notifyConfigurationChanged(216)) - Received Configuration change notification from Ratis. New Peer list:
[id: "omNode-3"
address: "localhost:15023"
startupRole: FOLLOWER
, id: "omNode-1"
address: "localhost:15015"
startupRole: FOLLOWER
, id: "omNode-2"
address: "localhost:15019"
startupRole: FOLLOWER
]
2024-07-18 11:33:57,097 [grpc-default-executor-1] INFO  impl.SnapshotInstallationHandler (SnapshotInstallationHandler.java:installSnapshot(103)) - omNode-bootstrap-2@group-0AAC5367B30E: reply installSnapshot: omNode-1<-omNode-bootstrap-2#0:FAIL-t1,IN_PROGRESS,snapshotIndex=0
2024-07-18 11:33:57,097 [grpc-default-executor-1] INFO  server.GrpcServerProtocolService (GrpcServerProtocolService.java:onCompleted(157)) - omNode-bootstrap-2: Completed INSTALL_SNAPSHOT, lastRequest: omNode-1->omNode-bootstrap-2#0-t1,notify:(t:1, i:0)
2024-07-18 11:33:57,097 [grpc-default-executor-1] INFO  server.GrpcServerProtocolService (GrpcServerProtocolService.java:lambda$onCompleted$5(159)) - omNode-bootstrap-2: Completed INSTALL_SNAPSHOT, lastReply: null
2024-07-18 11:33:57,099 [grpc-default-executor-3] INFO  impl.SnapshotInstallationHandler (SnapshotInstallationHandler.java:installSnapshot(92)) - omNode-bootstrap-2@group-0AAC5367B30E: receive installSnapshot: omNode-1->omNode-bootstrap-2#0-t1,notify:(t:1, i:0)
2024-07-18 11:33:57,099 [grpc-default-executor-3] INFO  impl.SnapshotInstallationHandler (SnapshotInstallationHandler.java:installSnapshotImpl(138)) - omNode-bootstrap-2@group-0AAC5367B30E: set new configuration configurationEntry {
  peers {
    id: "omNode-3"
    address: "localhost:15023"
    startupRole: FOLLOWER
  }
  peers {
    id: "omNode-1"
    address: "localhost:15015"
    startupRole: FOLLOWER
  }
  peers {
    id: "omNode-2"
    address: "localhost:15019"
    startupRole: FOLLOWER
  }
}
 from snapshot
2024-07-18 11:33:57,099 [grpc-default-executor-3] INFO  server.RaftServer$Division (ServerState.java:setRaftConf(386)) - omNode-bootstrap-2@group-0AAC5367B30E: set configuration conf: {index: 0, cur=peers:[omNode-3|localhost:15023, omNode-1|localhost:15015, omNode-2|localhost:15019]|listeners:[], old=null}
2024-07-18 11:33:57,099 [omNode-bootstrap-2-server-thread1] INFO  server.RaftServer$Division (RaftServerImpl.java:checkInconsistentAppendEntries(1629)) - omNode-bootstrap-2@group-0AAC5367B30E: Failed appendEntries as snapshot (0) installation is in progress
2024-07-18 11:33:57,100 [omNode-bootstrap-2-server-thread1] INFO  server.RaftServer$Division (RaftServerImpl.java:appendEntriesAsync(1584)) - omNode-bootstrap-2@group-0AAC5367B30E: appendEntries* reply omNode-1<-omNode-bootstrap-2#352:FAIL-t1,INCONSISTENCY,nextIndex=0,followerCommit=-1,matchIndex=-1
2024-07-18 11:33:57,100 [grpc-default-executor-3] INFO  ratis.OzoneManagerStateMachine (OzoneManagerStateMachine.java:notifyConfigurationChanged(216)) - Received Configuration change notification from Ratis. New Peer list:
[id: "omNode-3"
address: "localhost:15023"
startupRole: FOLLOWER
, id: "omNode-1"
address: "localhost:15015"
startupRole: FOLLOWER
, id: "omNode-2"
address: "localhost:15019"
startupRole: FOLLOWER
]
2024-07-18 11:33:57,100 [grpc-default-executor-3] INFO  impl.SnapshotInstallationHandler (SnapshotInstallationHandler.java:installSnapshot(103)) - omNode-bootstrap-2@group-0AAC5367B30E: reply installSnapshot: omNode-1<-omNode-bootstrap-2#0:FAIL-t1,IN_PROGRESS,snapshotIndex=0
2024-07-18 11:33:57,100 [grpc-default-executor-3] INFO  server.GrpcServerProtocolService (GrpcServerProtocolService.java:onCompleted(157)) - omNode-bootstrap-2: Completed INSTALL_SNAPSHOT, lastRequest: omNode-1->omNode-bootstrap-2#0-t1,notify:(t:1, i:0)
2024-07-18 11:33:57,100 [grpc-default-executor-3] INFO  server.GrpcServerProtocolService (GrpcServerProtocolService.java:lambda$onCompleted$5(159)) - omNode-bootstrap-2: Completed INSTALL_SNAPSHOT, lastReply: null
2024-07-18 11:33:57,101 [omNode-bootstrap-2-server-thread1] INFO  server.RaftServer$Division (RaftServerImpl.java:checkInconsistentAppendEntries(1629)) - omNode-bootstrap-2@group-0AAC5367B30E: Failed appendEntries as snapshot (0) installation is in progress
2024-07-18 11:33:57,101 [omNode-bootstrap-2-server-thread1] INFO  server.RaftServer$Division (RaftServerImpl.java:appendEntriesAsync(1584)) - omNode-bootstrap-2@group-0AAC5367B30E: appendEntries* reply omNode-1<-omNode-bootstrap-2#353:FAIL-t1,INCONSISTENCY,nextIndex=0,followerCommit=-1,matchIndex=-1
2024-07-18 11:33:57,102 [grpc-default-executor-1] INFO  impl.SnapshotInstallationHandler (SnapshotInstallationHandler.java:installSnapshot(92)) - omNode-bootstrap-2@group-0AAC5367B30E: receive installSnapshot: omNode-1->omNode-bootstrap-2#0-t1,notify:(t:1, i:0)
2024-07-18 11:33:57,102 [grpc-default-executor-1] INFO  impl.SnapshotInstallationHandler (SnapshotInstallationHandler.java:installSnapshotImpl(138)) - omNode-bootstrap-2@group-0AAC5367B30E: set new configuration configurationEntry {
  peers {
    id: "omNode-3"
    address: "localhost:15023"
    startupRole: FOLLOWER
  }
  peers {
    id: "omNode-1"
    address: "localhost:15015"
    startupRole: FOLLOWER
  }
  peers {
    id: "omNode-2"
    address: "localhost:15019"
    startupRole: FOLLOWER
  }
}
 from snapshot
2024-07-18 11:33:57,102 [grpc-default-executor-1] INFO  server.RaftServer$Division (ServerState.java:setRaftConf(386)) - omNode-bootstrap-2@group-0AAC5367B30E: set configuration conf: {index: 0, cur=peers:[omNode-3|localhost:15023, omNode-1|localhost:15015, omNode-2|localhost:15019]|listeners:[], old=null}
2024-07-18 11:33:57,104 [grpc-default-executor-1] INFO  ratis.OzoneManagerStateMachine (OzoneManagerStateMachine.java:notifyConfigurationChanged(216)) - Received Configuration change notification from Ratis. New Peer list:
[id: "omNode-3"
address: "localhost:15023"
startupRole: FOLLOWER
, id: "omNode-1"
address: "localhost:15015"
startupRole: FOLLOWER
, id: "omNode-2"
address: "localhost:15019"
startupRole: FOLLOWER
]
2024-07-18 11:33:57,104 [grpc-default-executor-1] INFO  impl.SnapshotInstallationHandler (SnapshotInstallationHandler.java:installSnapshot(103)) - omNode-bootstrap-2@group-0AAC5367B30E: reply installSnapshot: omNode-1<-omNode-bootstrap-2#0:FAIL-t1,IN_PROGRESS,snapshotIndex=0
2024-07-18 11:33:57,104 [grpc-default-executor-1] INFO  server.GrpcServerProtocolService (GrpcServerProtocolService.java:onCompleted(157)) - omNode-bootstrap-2: Completed INSTALL_SNAPSHOT, lastRequest: omNode-1->omNode-bootstrap-2#0-t1,notify:(t:1, i:0)
2024-07-18 11:33:57,104 [grpc-default-executor-1] INFO  server.GrpcServerProtocolService (GrpcServerProtocolService.java:lambda$onCompleted$5(159)) - omNode-bootstrap-2: Completed INSTALL_SNAPSHOT, lastReply: null
2024-07-18 11:33:57,105 [omNode-bootstrap-2-server-thread1] INFO  server.RaftServer$Division (RaftServerImpl.java:checkInconsistentAppendEntries(1629)) - omNode-bootstrap-2@group-0AAC5367B30E: Failed appendEntries as snapshot (0) installation is in progress
2024-07-18 11:33:57,105 [omNode-bootstrap-2-server-thread1] INFO  server.RaftServer$Division (RaftServerImpl.java:appendEntriesAsync(1584)) - omNode-bootstrap-2@group-0AAC5367B30E: appendEntries* reply omNode-1<-omNode-bootstrap-2#354:FAIL-t1,INCONSISTENCY,nextIndex=0,followerCommit=-1,matchIndex=-1
2024-07-18 11:33:57,105 [grpc-default-executor-1] INFO  impl.SnapshotInstallationHandler (SnapshotInstallationHandler.java:installSnapshot(92)) - omNode-bootstrap-2@group-0AAC5367B30E: receive installSnapshot: omNode-1->omNode-bootstrap-2#0-t1,notify:(t:1, i:0)
2024-07-18 11:33:57,106 [grpc-default-executor-1] INFO  impl.SnapshotInstallationHandler (SnapshotInstallationHandler.java:installSnapshotImpl(138)) - omNode-bootstrap-2@group-0AAC5367B30E: set new configuration configurationEntry {
  peers {
    id: "omNode-3"
    address: "localhost:15023"
    startupRole: FOLLOWER
  }
  peers {
    id: "omNode-1"
    address: "localhost:15015"
    startupRole: FOLLOWER
  }
  peers {
    id: "omNode-2"
    address: "localhost:15019"
    startupRole: FOLLOWER
  }
}
 from snapshot
2024-07-18 11:33:57,106 [grpc-default-executor-1] INFO  server.RaftServer$Division (ServerState.java:setRaftConf(386)) - omNode-bootstrap-2@group-0AAC5367B30E: set configuration conf: {index: 0, cur=peers:[omNode-3|localhost:15023, omNode-1|localhost:15015, omNode-2|localhost:15019]|listeners:[], old=null}
2024-07-18 11:33:57,107 [grpc-default-executor-1] INFO  ratis.OzoneManagerStateMachine (OzoneManagerStateMachine.java:notifyConfigurationChanged(216)) - Received Configuration change notification from Ratis. New Peer list:
[id: "omNode-3"
address: "localhost:15023"
startupRole: FOLLOWER
, id: "omNode-1"
address: "localhost:15015"
startupRole: FOLLOWER
, id: "omNode-2"
address: "localhost:15019"
startupRole: FOLLOWER
]
2024-07-18 11:33:57,107 [grpc-default-executor-1] INFO  impl.SnapshotInstallationHandler (SnapshotInstallationHandler.java:installSnapshot(103)) - omNode-bootstrap-2@group-0AAC5367B30E: reply installSnapshot: omNode-1<-omNode-bootstrap-2#0:FAIL-t1,IN_PROGRESS,snapshotIndex=0
2024-07-18 11:33:57,107 [grpc-default-executor-1] INFO  server.GrpcServerProtocolService (GrpcServerProtocolService.java:onCompleted(157)) - omNode-bootstrap-2: Completed INSTALL_SNAPSHOT, lastRequest: omNode-1->omNode-bootstrap-2#0-t1,notify:(t:1, i:0)
2024-07-18 11:33:57,107 [grpc-default-executor-1] INFO  server.GrpcServerProtocolService (GrpcServerProtocolService.java:lambda$onCompleted$5(159)) - omNode-bootstrap-2: Completed INSTALL_SNAPSHOT, lastReply: null
2024-07-18 11:33:57,108 [omNode-bootstrap-2-server-thread1] INFO  server.RaftServer$Division (RaftServerImpl.java:checkInconsistentAppendEntries(1629)) - omNode-bootstrap-2@group-0AAC5367B30E: Failed appendEntries as snapshot (0) installation is in progress
2024-07-18 11:33:57,108 [omNode-bootstrap-2-server-thread1] INFO  server.RaftServer$Division (RaftServerImpl.java:appendEntriesAsync(1584)) - omNode-bootstrap-2@group-0AAC5367B30E: appendEntries* reply omNode-1<-omNode-bootstrap-2#355:FAIL-t1,INCONSISTENCY,nextIndex=0,followerCommit=-1,matchIndex=-1
2024-07-18 11:33:57,109 [grpc-default-executor-3] INFO  impl.SnapshotInstallationHandler (SnapshotInstallationHandler.java:installSnapshot(92)) - omNode-bootstrap-2@group-0AAC5367B30E: receive installSnapshot: omNode-1->omNode-bootstrap-2#0-t1,notify:(t:1, i:0)
2024-07-18 11:33:57,109 [grpc-default-executor-3] INFO  impl.SnapshotInstallationHandler (SnapshotInstallationHandler.java:installSnapshotImpl(138)) - omNode-bootstrap-2@group-0AAC5367B30E: set new configuration configurationEntry {
  peers {
    id: "omNode-3"
    address: "localhost:15023"
    startupRole: FOLLOWER
  }
  peers {
    id: "omNode-1"
    address: "localhost:15015"
    startupRole: FOLLOWER
  }
  peers {
    id: "omNode-2"
    address: "localhost:15019"
    startupRole: FOLLOWER
  }
}
 from snapshot
2024-07-18 11:33:57,109 [grpc-default-executor-3] INFO  server.RaftServer$Division (ServerState.java:setRaftConf(386)) - omNode-bootstrap-2@group-0AAC5367B30E: set configuration conf: {index: 0, cur=peers:[omNode-3|localhost:15023, omNode-1|localhost:15015, omNode-2|localhost:15019]|listeners:[], old=null}
2024-07-18 11:33:57,110 [grpc-default-executor-3] INFO  ratis.OzoneManagerStateMachine (OzoneManagerStateMachine.java:notifyConfigurationChanged(216)) - Received Configuration change notification from Ratis. New Peer list:
[id: "omNode-3"
address: "localhost:15023"
startupRole: FOLLOWER
, id: "omNode-1"
address: "localhost:15015"
startupRole: FOLLOWER
, id: "omNode-2"
address: "localhost:15019"
startupRole: FOLLOWER
]
2024-07-18 11:33:57,110 [grpc-default-executor-3] INFO  impl.SnapshotInstallationHandler (SnapshotInstallationHandler.java:installSnapshot(103)) - omNode-bootstrap-2@group-0AAC5367B30E: reply installSnapshot: omNode-1<-omNode-bootstrap-2#0:FAIL-t1,IN_PROGRESS,snapshotIndex=0
2024-07-18 11:33:57,110 [grpc-default-executor-3] INFO  server.GrpcServerProtocolService (GrpcServerProtocolService.java:onCompleted(157)) - omNode-bootstrap-2: Completed INSTALL_SNAPSHOT, lastRequest: omNode-1->omNode-bootstrap-2#0-t1,notify:(t:1, i:0)
2024-07-18 11:33:57,110 [grpc-default-executor-3] INFO  server.GrpcServerProtocolService (GrpcServerProtocolService.java:lambda$onCompleted$5(159)) - omNode-bootstrap-2: Completed INSTALL_SNAPSHOT, lastReply: null
2024-07-18 11:33:57,111 [omNode-bootstrap-2-server-thread1] INFO  server.RaftServer$Division (RaftServerImpl.java:checkInconsistentAppendEntries(1629)) - omNode-bootstrap-2@group-0AAC5367B30E: Failed appendEntries as snapshot (0) installation is in progress
2024-07-18 11:33:57,111 [omNode-bootstrap-2-server-thread1] INFO  server.RaftServer$Division (RaftServerImpl.java:appendEntriesAsync(1584)) - omNode-bootstrap-2@group-0AAC5367B30E: appendEntries* reply omNode-1<-omNode-bootstrap-2#356:FAIL-t1,INCONSISTENCY,nextIndex=0,followerCommit=-1,matchIndex=-1
2024-07-18 11:33:57,112 [grpc-default-executor-3] INFO  impl.SnapshotInstallationHandler (SnapshotInstallationHandler.java:installSnapshot(92)) - omNode-bootstrap-2@group-0AAC5367B30E: receive installSnapshot: omNode-1->omNode-bootstrap-2#0-t1,notify:(t:1, i:0)
2024-07-18 11:33:57,112 [grpc-default-executor-3] INFO  impl.SnapshotInstallationHandler (SnapshotInstallationHandler.java:installSnapshotImpl(138)) - omNode-bootstrap-2@group-0AAC5367B30E: set new configuration configurationEntry {
  peers {
    id: "omNode-3"
    address: "localhost:15023"
    startupRole: FOLLOWER
  }
  peers {
    id: "omNode-1"
    address: "localhost:15015"
    startupRole: FOLLOWER
  }
  peers {
    id: "omNode-2"
    address: "localhost:15019"
    startupRole: FOLLOWER
  }
}
 from snapshot
2024-07-18 11:33:57,113 [grpc-default-executor-3] INFO  server.RaftServer$Division (ServerState.java:setRaftConf(386)) - omNode-bootstrap-2@group-0AAC5367B30E: set configuration conf: {index: 0, cur=peers:[omNode-3|localhost:15023, omNode-1|localhost:15015, omNode-2|localhost:15019]|listeners:[], old=null}
2024-07-18 11:33:57,115 [grpc-default-executor-3] INFO  ratis.OzoneManagerStateMachine (OzoneManagerStateMachine.java:notifyConfigurationChanged(216)) - Received Configuration change notification from Ratis. New Peer list:
[id: "omNode-3"
address: "localhost:15023"
startupRole: FOLLOWER
, id: "omNode-1"
address: "localhost:15015"
startupRole: FOLLOWER
, id: "omNode-2"
address: "localhost:15019"
startupRole: FOLLOWER
]
2024-07-18 11:33:57,115 [grpc-default-executor-3] INFO  impl.SnapshotInstallationHandler (SnapshotInstallationHandler.java:installSnapshot(103)) - omNode-bootstrap-2@group-0AAC5367B30E: reply installSnapshot: omNode-1<-omNode-bootstrap-2#0:FAIL-t1,IN_PROGRESS,snapshotIndex=0
2024-07-18 11:33:57,115 [grpc-default-executor-3] INFO  server.GrpcServerProtocolService (GrpcServerProtocolService.java:onCompleted(157)) - omNode-bootstrap-2: Completed INSTALL_SNAPSHOT, lastRequest: omNode-1->omNode-bootstrap-2#0-t1,notify:(t:1, i:0)
2024-07-18 11:33:57,115 [grpc-default-executor-3] INFO  server.GrpcServerProtocolService (GrpcServerProtocolService.java:lambda$onCompleted$5(159)) - omNode-bootstrap-2: Completed INSTALL_SNAPSHOT, lastReply: null
2024-07-18 11:33:57,116 [omNode-bootstrap-2-server-thread1] INFO  server.RaftServer$Division (RaftServerImpl.java:checkInconsistentAppendEntries(1629)) - omNode-bootstrap-2@group-0AAC5367B30E: Failed appendEntries as snapshot (0) installation is in progress
2024-07-18 11:33:57,116 [omNode-bootstrap-2-server-thread1] INFO  server.RaftServer$Division (RaftServerImpl.java:appendEntriesAsync(1584)) - omNode-bootstrap-2@group-0AAC5367B30E: appendEntries* reply omNode-1<-omNode-bootstrap-2#357:FAIL-t1,INCONSISTENCY,nextIndex=0,followerCommit=-1,matchIndex=-1
2024-07-18 11:33:57,116 [grpc-default-executor-1] INFO  impl.SnapshotInstallationHandler (SnapshotInstallationHandler.java:installSnapshot(92)) - omNode-bootstrap-2@group-0AAC5367B30E: receive installSnapshot: omNode-1->omNode-bootstrap-2#0-t1,notify:(t:1, i:0)
2024-07-18 11:33:57,117 [grpc-default-executor-1] INFO  impl.SnapshotInstallationHandler (SnapshotInstallationHandler.java:installSnapshotImpl(138)) - omNode-bootstrap-2@group-0AAC5367B30E: set new configuration configurationEntry {
  peers {
    id: "omNode-3"
    address: "localhost:15023"
    startupRole: FOLLOWER
  }
  peers {
    id: "omNode-1"
    address: "localhost:15015"
    startupRole: FOLLOWER
  }
  peers {
    id: "omNode-2"
    address: "localhost:15019"
    startupRole: FOLLOWER
  }
}
 from snapshot
2024-07-18 11:33:57,117 [grpc-default-executor-1] INFO  server.RaftServer$Division (ServerState.java:setRaftConf(386)) - omNode-bootstrap-2@group-0AAC5367B30E: set configuration conf: {index: 0, cur=peers:[omNode-3|localhost:15023, omNode-1|localhost:15015, omNode-2|localhost:15019]|listeners:[], old=null}
2024-07-18 11:33:57,118 [grpc-default-executor-1] INFO  ratis.OzoneManagerStateMachine (OzoneManagerStateMachine.java:notifyConfigurationChanged(216)) - Received Configuration change notification from Ratis. New Peer list:
[id: "omNode-3"
address: "localhost:15023"
startupRole: FOLLOWER
, id: "omNode-1"
address: "localhost:15015"
startupRole: FOLLOWER
, id: "omNode-2"
address: "localhost:15019"
startupRole: FOLLOWER
]
2024-07-18 11:33:57,118 [grpc-default-executor-1] INFO  impl.SnapshotInstallationHandler (SnapshotInstallationHandler.java:installSnapshot(103)) - omNode-bootstrap-2@group-0AAC5367B30E: reply installSnapshot: omNode-1<-omNode-bootstrap-2#0:FAIL-t1,IN_PROGRESS,snapshotIndex=0
2024-07-18 11:33:57,118 [grpc-default-executor-1] INFO  server.GrpcServerProtocolService (GrpcServerProtocolService.java:onCompleted(157)) - omNode-bootstrap-2: Completed INSTALL_SNAPSHOT, lastRequest: omNode-1->omNode-bootstrap-2#0-t1,notify:(t:1, i:0)
2024-07-18 11:33:57,118 [grpc-default-executor-1] INFO  server.GrpcServerProtocolService (GrpcServerProtocolService.java:lambda$onCompleted$5(159)) - omNode-bootstrap-2: Completed INSTALL_SNAPSHOT, lastReply: null
2024-07-18 11:33:57,119 [omNode-bootstrap-2-server-thread1] INFO  server.RaftServer$Division (RaftServerImpl.java:checkInconsistentAppendEntries(1629)) - omNode-bootstrap-2@group-0AAC5367B30E: Failed appendEntries as snapshot (0) installation is in progress
2024-07-18 11:33:57,119 [omNode-bootstrap-2-server-thread1] INFO  server.RaftServer$Division (RaftServerImpl.java:appendEntriesAsync(1584)) - omNode-bootstrap-2@group-0AAC5367B30E: appendEntries* reply omNode-1<-omNode-bootstrap-2#358:FAIL-t1,INCONSISTENCY,nextIndex=0,followerCommit=-1,matchIndex=-1
2024-07-18 11:33:57,121 [grpc-default-executor-3] INFO  impl.SnapshotInstallationHandler (SnapshotInstallationHandler.java:installSnapshot(92)) - omNode-bootstrap-2@group-0AAC5367B30E: receive installSnapshot: omNode-1->omNode-bootstrap-2#0-t1,notify:(t:1, i:0)
2024-07-18 11:33:57,121 [grpc-default-executor-3] INFO  impl.SnapshotInstallationHandler (SnapshotInstallationHandler.java:installSnapshotImpl(138)) - omNode-bootstrap-2@group-0AAC5367B30E: set new configuration configurationEntry {
  peers {
    id: "omNode-3"
    address: "localhost:15023"
    startupRole: FOLLOWER
  }
  peers {
    id: "omNode-1"
    address: "localhost:15015"
    startupRole: FOLLOWER
  }
  peers {
    id: "omNode-2"
    address: "localhost:15019"
    startupRole: FOLLOWER
  }
}
 from snapshot
2024-07-18 11:33:57,121 [grpc-default-executor-3] INFO  server.RaftServer$Division (ServerState.java:setRaftConf(386)) - omNode-bootstrap-2@group-0AAC5367B30E: set configuration conf: {index: 0, cur=peers:[omNode-3|localhost:15023, omNode-1|localhost:15015, omNode-2|localhost:15019]|listeners:[], old=null}
2024-07-18 11:33:57,122 [grpc-default-executor-3] INFO  ratis.OzoneManagerStateMachine (OzoneManagerStateMachine.java:notifyConfigurationChanged(216)) - Received Configuration change notification from Ratis. New Peer list:
[id: "omNode-3"
address: "localhost:15023"
startupRole: FOLLOWER
, id: "omNode-1"
address: "localhost:15015"
startupRole: FOLLOWER
, id: "omNode-2"
address: "localhost:15019"
startupRole: FOLLOWER
]
2024-07-18 11:33:57,122 [grpc-default-executor-3] INFO  impl.SnapshotInstallationHandler (SnapshotInstallationHandler.java:installSnapshot(103)) - omNode-bootstrap-2@group-0AAC5367B30E: reply installSnapshot: omNode-1<-omNode-bootstrap-2#0:FAIL-t1,IN_PROGRESS,snapshotIndex=0
2024-07-18 11:33:57,122 [grpc-default-executor-3] INFO  server.GrpcServerProtocolService (GrpcServerProtocolService.java:onCompleted(157)) - omNode-bootstrap-2: Completed INSTALL_SNAPSHOT, lastRequest: omNode-1->omNode-bootstrap-2#0-t1,notify:(t:1, i:0)
2024-07-18 11:33:57,122 [grpc-default-executor-3] INFO  server.GrpcServerProtocolService (GrpcServerProtocolService.java:lambda$onCompleted$5(159)) - omNode-bootstrap-2: Completed INSTALL_SNAPSHOT, lastReply: null
2024-07-18 11:33:57,124 [grpc-default-executor-0] INFO  impl.SnapshotInstallationHandler (SnapshotInstallationHandler.java:installSnapshot(92)) - omNode-bootstrap-2@group-0AAC5367B30E: receive installSnapshot: omNode-1->omNode-bootstrap-2#0-t1,notify:(t:1, i:0)
2024-07-18 11:33:57,124 [grpc-default-executor-0] INFO  impl.SnapshotInstallationHandler (SnapshotInstallationHandler.java:installSnapshotImpl(138)) - omNode-bootstrap-2@group-0AAC5367B30E: set new configuration configurationEntry {
  peers {
    id: "omNode-3"
    address: "localhost:15023"
    startupRole: FOLLOWER
  }
  peers {
    id: "omNode-1"
    address: "localhost:15015"
    startupRole: FOLLOWER
  }
  peers {
    id: "omNode-2"
    address: "localhost:15019"
    startupRole: FOLLOWER
  }
}
 from snapshot
2024-07-18 11:33:57,124 [grpc-default-executor-0] INFO  server.RaftServer$Division (ServerState.java:setRaftConf(386)) - omNode-bootstrap-2@group-0AAC5367B30E: set configuration conf: {index: 0, cur=peers:[omNode-3|localhost:15023, omNode-1|localhost:15015, omNode-2|localhost:15019]|listeners:[], old=null}
2024-07-18 11:33:57,125 [omNode-bootstrap-2-server-thread1] INFO  server.RaftServer$Division (RaftServerImpl.java:checkInconsistentAppendEntries(1629)) - omNode-bootstrap-2@group-0AAC5367B30E: Failed appendEntries as snapshot (0) installation is in progress
2024-07-18 11:33:57,125 [omNode-bootstrap-2-server-thread1] INFO  server.RaftServer$Division (RaftServerImpl.java:appendEntriesAsync(1584)) - omNode-bootstrap-2@group-0AAC5367B30E: appendEntries* reply omNode-1<-omNode-bootstrap-2#359:FAIL-t1,INCONSISTENCY,nextIndex=0,followerCommit=-1,matchIndex=-1
2024-07-18 11:33:57,127 [grpc-default-executor-0] INFO  ratis.OzoneManagerStateMachine (OzoneManagerStateMachine.java:notifyConfigurationChanged(216)) - Received Configuration change notification from Ratis. New Peer list:
[id: "omNode-3"
address: "localhost:15023"
startupRole: FOLLOWER
, id: "omNode-1"
address: "localhost:15015"
startupRole: FOLLOWER
, id: "omNode-2"
address: "localhost:15019"
startupRole: FOLLOWER
]
2024-07-18 11:33:57,127 [grpc-default-executor-0] INFO  impl.SnapshotInstallationHandler (SnapshotInstallationHandler.java:installSnapshot(103)) - omNode-bootstrap-2@group-0AAC5367B30E: reply installSnapshot: omNode-1<-omNode-bootstrap-2#0:FAIL-t1,IN_PROGRESS,snapshotIndex=0
2024-07-18 11:33:57,127 [grpc-default-executor-0] INFO  server.GrpcServerProtocolService (GrpcServerProtocolService.java:onCompleted(157)) - omNode-bootstrap-2: Completed INSTALL_SNAPSHOT, lastRequest: omNode-1->omNode-bootstrap-2#0-t1,notify:(t:1, i:0)
2024-07-18 11:33:57,127 [grpc-default-executor-0] INFO  server.GrpcServerProtocolService (GrpcServerProtocolService.java:lambda$onCompleted$5(159)) - omNode-bootstrap-2: Completed INSTALL_SNAPSHOT, lastReply: null
2024-07-18 11:33:57,128 [omNode-bootstrap-2-server-thread1] INFO  server.RaftServer$Division (RaftServerImpl.java:checkInconsistentAppendEntries(1629)) - omNode-bootstrap-2@group-0AAC5367B30E: Failed appendEntries as snapshot (0) installation is in progress
2024-07-18 11:33:57,128 [omNode-bootstrap-2-server-thread1] INFO  server.RaftServer$Division (RaftServerImpl.java:appendEntriesAsync(1584)) - omNode-bootstrap-2@group-0AAC5367B30E: appendEntries* reply omNode-1<-omNode-bootstrap-2#360:FAIL-t1,INCONSISTENCY,nextIndex=0,followerCommit=-1,matchIndex=-1
2024-07-18 11:33:57,129 [grpc-default-executor-1] INFO  impl.SnapshotInstallationHandler (SnapshotInstallationHandler.java:installSnapshot(92)) - omNode-bootstrap-2@group-0AAC5367B30E: receive installSnapshot: omNode-1->omNode-bootstrap-2#0-t1,notify:(t:1, i:0)
2024-07-18 11:33:57,129 [grpc-default-executor-1] INFO  impl.SnapshotInstallationHandler (SnapshotInstallationHandler.java:installSnapshotImpl(138)) - omNode-bootstrap-2@group-0AAC5367B30E: set new configuration configurationEntry {
  peers {
    id: "omNode-3"
    address: "localhost:15023"
    startupRole: FOLLOWER
  }
  peers {
    id: "omNode-1"
    address: "localhost:15015"
    startupRole: FOLLOWER
  }
  peers {
    id: "omNode-2"
    address: "localhost:15019"
    startupRole: FOLLOWER
  }
}
 from snapshot
2024-07-18 11:33:57,129 [grpc-default-executor-1] INFO  server.RaftServer$Division (ServerState.java:setRaftConf(386)) - omNode-bootstrap-2@group-0AAC5367B30E: set configuration conf: {index: 0, cur=peers:[omNode-3|localhost:15023, omNode-1|localhost:15015, omNode-2|localhost:15019]|listeners:[], old=null}
2024-07-18 11:33:57,131 [grpc-default-executor-1] INFO  ratis.OzoneManagerStateMachine (OzoneManagerStateMachine.java:notifyConfigurationChanged(216)) - Received Configuration change notification from Ratis. New Peer list:
[id: "omNode-3"
address: "localhost:15023"
startupRole: FOLLOWER
, id: "omNode-1"
address: "localhost:15015"
startupRole: FOLLOWER
, id: "omNode-2"
address: "localhost:15019"
startupRole: FOLLOWER
]
2024-07-18 11:33:57,131 [grpc-default-executor-1] INFO  impl.SnapshotInstallationHandler (SnapshotInstallationHandler.java:installSnapshot(103)) - omNode-bootstrap-2@group-0AAC5367B30E: reply installSnapshot: omNode-1<-omNode-bootstrap-2#0:FAIL-t1,IN_PROGRESS,snapshotIndex=0
2024-07-18 11:33:57,131 [grpc-default-executor-1] INFO  server.GrpcServerProtocolService (GrpcServerProtocolService.java:onCompleted(157)) - omNode-bootstrap-2: Completed INSTALL_SNAPSHOT, lastRequest: omNode-1->omNode-bootstrap-2#0-t1,notify:(t:1, i:0)
2024-07-18 11:33:57,131 [grpc-default-executor-1] INFO  server.GrpcServerProtocolService (GrpcServerProtocolService.java:lambda$onCompleted$5(159)) - omNode-bootstrap-2: Completed INSTALL_SNAPSHOT, lastReply: null
2024-07-18 11:33:57,132 [omNode-bootstrap-2-server-thread1] INFO  server.RaftServer$Division (RaftServerImpl.java:checkInconsistentAppendEntries(1629)) - omNode-bootstrap-2@group-0AAC5367B30E: Failed appendEntries as snapshot (0) installation is in progress
2024-07-18 11:33:57,132 [omNode-bootstrap-2-server-thread1] INFO  server.RaftServer$Division (RaftServerImpl.java:appendEntriesAsync(1584)) - omNode-bootstrap-2@group-0AAC5367B30E: appendEntries* reply omNode-1<-omNode-bootstrap-2#361:FAIL-t1,INCONSISTENCY,nextIndex=0,followerCommit=-1,matchIndex=-1
2024-07-18 11:33:57,133 [grpc-default-executor-1] INFO  impl.SnapshotInstallationHandler (SnapshotInstallationHandler.java:installSnapshot(92)) - omNode-bootstrap-2@group-0AAC5367B30E: receive installSnapshot: omNode-1->omNode-bootstrap-2#0-t1,notify:(t:1, i:0)
2024-07-18 11:33:57,133 [grpc-default-executor-1] INFO  impl.SnapshotInstallationHandler (SnapshotInstallationHandler.java:installSnapshotImpl(138)) - omNode-bootstrap-2@group-0AAC5367B30E: set new configuration configurationEntry {
  peers {
    id: "omNode-3"
    address: "localhost:15023"
    startupRole: FOLLOWER
  }
  peers {
    id: "omNode-1"
    address: "localhost:15015"
    startupRole: FOLLOWER
  }
  peers {
    id: "omNode-2"
    address: "localhost:15019"
    startupRole: FOLLOWER
  }
}
 from snapshot
2024-07-18 11:33:57,134 [grpc-default-executor-1] INFO  server.RaftServer$Division (ServerState.java:setRaftConf(386)) - omNode-bootstrap-2@group-0AAC5367B30E: set configuration conf: {index: 0, cur=peers:[omNode-3|localhost:15023, omNode-1|localhost:15015, omNode-2|localhost:15019]|listeners:[], old=null}
2024-07-18 11:33:57,135 [grpc-default-executor-1] INFO  ratis.OzoneManagerStateMachine (OzoneManagerStateMachine.java:notifyConfigurationChanged(216)) - Received Configuration change notification from Ratis. New Peer list:
[id: "omNode-3"
address: "localhost:15023"
startupRole: FOLLOWER
, id: "omNode-1"
address: "localhost:15015"
startupRole: FOLLOWER
, id: "omNode-2"
address: "localhost:15019"
startupRole: FOLLOWER
]
2024-07-18 11:33:57,135 [grpc-default-executor-1] INFO  impl.SnapshotInstallationHandler (SnapshotInstallationHandler.java:installSnapshot(103)) - omNode-bootstrap-2@group-0AAC5367B30E: reply installSnapshot: omNode-1<-omNode-bootstrap-2#0:FAIL-t1,IN_PROGRESS,snapshotIndex=0
2024-07-18 11:33:57,135 [grpc-default-executor-1] INFO  server.GrpcServerProtocolService (GrpcServerProtocolService.java:onCompleted(157)) - omNode-bootstrap-2: Completed INSTALL_SNAPSHOT, lastRequest: omNode-1->omNode-bootstrap-2#0-t1,notify:(t:1, i:0)
2024-07-18 11:33:57,135 [grpc-default-executor-1] INFO  server.GrpcServerProtocolService (GrpcServerProtocolService.java:lambda$onCompleted$5(159)) - omNode-bootstrap-2: Completed INSTALL_SNAPSHOT, lastReply: null
2024-07-18 11:33:57,136 [omNode-bootstrap-2-server-thread1] INFO  server.RaftServer$Division (RaftServerImpl.java:checkInconsistentAppendEntries(1629)) - omNode-bootstrap-2@group-0AAC5367B30E: Failed appendEntries as snapshot (0) installation is in progress
2024-07-18 11:33:57,136 [omNode-bootstrap-2-server-thread1] INFO  server.RaftServer$Division (RaftServerImpl.java:appendEntriesAsync(1584)) - omNode-bootstrap-2@group-0AAC5367B30E: appendEntries* reply omNode-1<-omNode-bootstrap-2#362:FAIL-t1,INCONSISTENCY,nextIndex=0,followerCommit=-1,matchIndex=-1
2024-07-18 11:33:57,137 [grpc-default-executor-0] INFO  impl.SnapshotInstallationHandler (SnapshotInstallationHandler.java:installSnapshot(92)) - omNode-bootstrap-2@group-0AAC5367B30E: receive installSnapshot: omNode-1->omNode-bootstrap-2#0-t1,notify:(t:1, i:0)
2024-07-18 11:33:57,137 [grpc-default-executor-0] INFO  impl.SnapshotInstallationHandler (SnapshotInstallationHandler.java:installSnapshotImpl(138)) - omNode-bootstrap-2@group-0AAC5367B30E: set new configuration configurationEntry {
  peers {
    id: "omNode-3"
    address: "localhost:15023"
    startupRole: FOLLOWER
  }
  peers {
    id: "omNode-1"
    address: "localhost:15015"
    startupRole: FOLLOWER
  }
  peers {
    id: "omNode-2"
    address: "localhost:15019"
    startupRole: FOLLOWER
  }
}
 from snapshot
2024-07-18 11:33:57,137 [grpc-default-executor-0] INFO  server.RaftServer$Division (ServerState.java:setRaftConf(386)) - omNode-bootstrap-2@group-0AAC5367B30E: set configuration conf: {index: 0, cur=peers:[omNode-3|localhost:15023, omNode-1|localhost:15015, omNode-2|localhost:15019]|listeners:[], old=null}
2024-07-18 11:33:57,139 [grpc-default-executor-0] INFO  ratis.OzoneManagerStateMachine (OzoneManagerStateMachine.java:notifyConfigurationChanged(216)) - Received Configuration change notification from Ratis. New Peer list:
[id: "omNode-3"
address: "localhost:15023"
startupRole: FOLLOWER
, id: "omNode-1"
address: "localhost:15015"
startupRole: FOLLOWER
, id: "omNode-2"
address: "localhost:15019"
startupRole: FOLLOWER
]
2024-07-18 11:33:57,139 [grpc-default-executor-0] INFO  impl.SnapshotInstallationHandler (SnapshotInstallationHandler.java:installSnapshot(103)) - omNode-bootstrap-2@group-0AAC5367B30E: reply installSnapshot: omNode-1<-omNode-bootstrap-2#0:FAIL-t1,IN_PROGRESS,snapshotIndex=0
2024-07-18 11:33:57,139 [grpc-default-executor-0] INFO  server.GrpcServerProtocolService (GrpcServerProtocolService.java:onCompleted(157)) - omNode-bootstrap-2: Completed INSTALL_SNAPSHOT, lastRequest: omNode-1->omNode-bootstrap-2#0-t1,notify:(t:1, i:0)
2024-07-18 11:33:57,139 [grpc-default-executor-0] INFO  server.GrpcServerProtocolService (GrpcServerProtocolService.java:lambda$onCompleted$5(159)) - omNode-bootstrap-2: Completed INSTALL_SNAPSHOT, lastReply: null
2024-07-18 11:33:57,140 [grpc-default-executor-3] INFO  impl.SnapshotInstallationHandler (SnapshotInstallationHandler.java:installSnapshot(92)) - omNode-bootstrap-2@group-0AAC5367B30E: receive installSnapshot: omNode-1->omNode-bootstrap-2#0-t1,notify:(t:1, i:0)
2024-07-18 11:33:57,140 [grpc-default-executor-3] INFO  impl.SnapshotInstallationHandler (SnapshotInstallationHandler.java:installSnapshotImpl(138)) - omNode-bootstrap-2@group-0AAC5367B30E: set new configuration configurationEntry {
  peers {
    id: "omNode-3"
    address: "localhost:15023"
    startupRole: FOLLOWER
  }
  peers {
    id: "omNode-1"
    address: "localhost:15015"
    startupRole: FOLLOWER
  }
  peers {
    id: "omNode-2"
    address: "localhost:15019"
    startupRole: FOLLOWER
  }
}
 from snapshot
2024-07-18 11:33:57,140 [grpc-default-executor-3] INFO  server.RaftServer$Division (ServerState.java:setRaftConf(386)) - omNode-bootstrap-2@group-0AAC5367B30E: set configuration conf: {index: 0, cur=peers:[omNode-3|localhost:15023, omNode-1|localhost:15015, omNode-2|localhost:15019]|listeners:[], old=null}
2024-07-18 11:33:57,141 [omNode-bootstrap-2-server-thread1] INFO  server.RaftServer$Division (RaftServerImpl.java:checkInconsistentAppendEntries(1629)) - omNode-bootstrap-2@group-0AAC5367B30E: Failed appendEntries as snapshot (0) installation is in progress
2024-07-18 11:33:57,141 [omNode-bootstrap-2-server-thread1] INFO  server.RaftServer$Division (RaftServerImpl.java:appendEntriesAsync(1584)) - omNode-bootstrap-2@group-0AAC5367B30E: appendEntries* reply omNode-1<-omNode-bootstrap-2#363:FAIL-t1,INCONSISTENCY,nextIndex=0,followerCommit=-1,matchIndex=-1
2024-07-18 11:33:57,142 [grpc-default-executor-3] INFO  ratis.OzoneManagerStateMachine (OzoneManagerStateMachine.java:notifyConfigurationChanged(216)) - Received Configuration change notification from Ratis. New Peer list:
[id: "omNode-3"
address: "localhost:15023"
startupRole: FOLLOWER
, id: "omNode-1"
address: "localhost:15015"
startupRole: FOLLOWER
, id: "omNode-2"
address: "localhost:15019"
startupRole: FOLLOWER
]
2024-07-18 11:33:57,142 [grpc-default-executor-3] INFO  impl.SnapshotInstallationHandler (SnapshotInstallationHandler.java:installSnapshot(103)) - omNode-bootstrap-2@group-0AAC5367B30E: reply installSnapshot: omNode-1<-omNode-bootstrap-2#0:FAIL-t1,IN_PROGRESS,snapshotIndex=0
2024-07-18 11:33:57,142 [grpc-default-executor-3] INFO  server.GrpcServerProtocolService (GrpcServerProtocolService.java:onCompleted(157)) - omNode-bootstrap-2: Completed INSTALL_SNAPSHOT, lastRequest: omNode-1->omNode-bootstrap-2#0-t1,notify:(t:1, i:0)
2024-07-18 11:33:57,142 [grpc-default-executor-3] INFO  server.GrpcServerProtocolService (GrpcServerProtocolService.java:lambda$onCompleted$5(159)) - omNode-bootstrap-2: Completed INSTALL_SNAPSHOT, lastReply: null
2024-07-18 11:33:57,144 [grpc-default-executor-0] INFO  impl.SnapshotInstallationHandler (SnapshotInstallationHandler.java:installSnapshot(92)) - omNode-bootstrap-2@group-0AAC5367B30E: receive installSnapshot: omNode-1->omNode-bootstrap-2#0-t1,notify:(t:1, i:0)
2024-07-18 11:33:57,144 [grpc-default-executor-0] INFO  impl.SnapshotInstallationHandler (SnapshotInstallationHandler.java:installSnapshotImpl(138)) - omNode-bootstrap-2@group-0AAC5367B30E: set new configuration configurationEntry {
  peers {
    id: "omNode-3"
    address: "localhost:15023"
    startupRole: FOLLOWER
  }
  peers {
    id: "omNode-1"
    address: "localhost:15015"
    startupRole: FOLLOWER
  }
  peers {
    id: "omNode-2"
    address: "localhost:15019"
    startupRole: FOLLOWER
  }
}
 from snapshot
2024-07-18 11:33:57,144 [grpc-default-executor-0] INFO  server.RaftServer$Division (ServerState.java:setRaftConf(386)) - omNode-bootstrap-2@group-0AAC5367B30E: set configuration conf: {index: 0, cur=peers:[omNode-3|localhost:15023, omNode-1|localhost:15015, omNode-2|localhost:15019]|listeners:[], old=null}
2024-07-18 11:33:57,144 [omNode-bootstrap-2-server-thread1] INFO  server.RaftServer$Division (RaftServerImpl.java:checkInconsistentAppendEntries(1629)) - omNode-bootstrap-2@group-0AAC5367B30E: Failed appendEntries as snapshot (0) installation is in progress
2024-07-18 11:33:57,145 [omNode-bootstrap-2-server-thread1] INFO  server.RaftServer$Division (RaftServerImpl.java:appendEntriesAsync(1584)) - omNode-bootstrap-2@group-0AAC5367B30E: appendEntries* reply omNode-1<-omNode-bootstrap-2#364:FAIL-t1,INCONSISTENCY,nextIndex=0,followerCommit=-1,matchIndex=-1
2024-07-18 11:33:57,145 [grpc-default-executor-0] INFO  ratis.OzoneManagerStateMachine (OzoneManagerStateMachine.java:notifyConfigurationChanged(216)) - Received Configuration change notification from Ratis. New Peer list:
[id: "omNode-3"
address: "localhost:15023"
startupRole: FOLLOWER
, id: "omNode-1"
address: "localhost:15015"
startupRole: FOLLOWER
, id: "omNode-2"
address: "localhost:15019"
startupRole: FOLLOWER
]
2024-07-18 11:33:57,146 [grpc-default-executor-0] INFO  impl.SnapshotInstallationHandler (SnapshotInstallationHandler.java:installSnapshot(103)) - omNode-bootstrap-2@group-0AAC5367B30E: reply installSnapshot: omNode-1<-omNode-bootstrap-2#0:FAIL-t1,IN_PROGRESS,snapshotIndex=0
2024-07-18 11:33:57,146 [grpc-default-executor-0] INFO  server.GrpcServerProtocolService (GrpcServerProtocolService.java:onCompleted(157)) - omNode-bootstrap-2: Completed INSTALL_SNAPSHOT, lastRequest: omNode-1->omNode-bootstrap-2#0-t1,notify:(t:1, i:0)
2024-07-18 11:33:57,146 [grpc-default-executor-0] INFO  server.GrpcServerProtocolService (GrpcServerProtocolService.java:lambda$onCompleted$5(159)) - omNode-bootstrap-2: Completed INSTALL_SNAPSHOT, lastReply: null
2024-07-18 11:33:57,147 [grpc-default-executor-3] INFO  impl.SnapshotInstallationHandler (SnapshotInstallationHandler.java:installSnapshot(92)) - omNode-bootstrap-2@group-0AAC5367B30E: receive installSnapshot: omNode-1->omNode-bootstrap-2#0-t1,notify:(t:1, i:0)
2024-07-18 11:33:57,147 [grpc-default-executor-3] INFO  impl.SnapshotInstallationHandler (SnapshotInstallationHandler.java:installSnapshotImpl(138)) - omNode-bootstrap-2@group-0AAC5367B30E: set new configuration configurationEntry {
  peers {
    id: "omNode-3"
    address: "localhost:15023"
    startupRole: FOLLOWER
  }
  peers {
    id: "omNode-1"
    address: "localhost:15015"
    startupRole: FOLLOWER
  }
  peers {
    id: "omNode-2"
    address: "localhost:15019"
    startupRole: FOLLOWER
  }
}
 from snapshot
2024-07-18 11:33:57,147 [grpc-default-executor-3] INFO  server.RaftServer$Division (ServerState.java:setRaftConf(386)) - omNode-bootstrap-2@group-0AAC5367B30E: set configuration conf: {index: 0, cur=peers:[omNode-3|localhost:15023, omNode-1|localhost:15015, omNode-2|localhost:15019]|listeners:[], old=null}
2024-07-18 11:33:57,148 [omNode-bootstrap-2-server-thread1] INFO  server.RaftServer$Division (RaftServerImpl.java:checkInconsistentAppendEntries(1629)) - omNode-bootstrap-2@group-0AAC5367B30E: Failed appendEntries as snapshot (0) installation is in progress
2024-07-18 11:33:57,148 [omNode-bootstrap-2-server-thread1] INFO  server.RaftServer$Division (RaftServerImpl.java:appendEntriesAsync(1584)) - omNode-bootstrap-2@group-0AAC5367B30E: appendEntries* reply omNode-1<-omNode-bootstrap-2#365:FAIL-t1,INCONSISTENCY,nextIndex=0,followerCommit=-1,matchIndex=-1
2024-07-18 11:33:57,149 [grpc-default-executor-3] INFO  ratis.OzoneManagerStateMachine (OzoneManagerStateMachine.java:notifyConfigurationChanged(216)) - Received Configuration change notification from Ratis. New Peer list:
[id: "omNode-3"
address: "localhost:15023"
startupRole: FOLLOWER
, id: "omNode-1"
address: "localhost:15015"
startupRole: FOLLOWER
, id: "omNode-2"
address: "localhost:15019"
startupRole: FOLLOWER
]
2024-07-18 11:33:57,149 [grpc-default-executor-3] INFO  impl.SnapshotInstallationHandler (SnapshotInstallationHandler.java:installSnapshot(103)) - omNode-bootstrap-2@group-0AAC5367B30E: reply installSnapshot: omNode-1<-omNode-bootstrap-2#0:FAIL-t1,IN_PROGRESS,snapshotIndex=0
2024-07-18 11:33:57,149 [grpc-default-executor-3] INFO  server.GrpcServerProtocolService (GrpcServerProtocolService.java:onCompleted(157)) - omNode-bootstrap-2: Completed INSTALL_SNAPSHOT, lastRequest: omNode-1->omNode-bootstrap-2#0-t1,notify:(t:1, i:0)
2024-07-18 11:33:57,149 [grpc-default-executor-3] INFO  server.GrpcServerProtocolService (GrpcServerProtocolService.java:lambda$onCompleted$5(159)) - omNode-bootstrap-2: Completed INSTALL_SNAPSHOT, lastReply: null
2024-07-18 11:33:57,150 [grpc-default-executor-3] INFO  impl.SnapshotInstallationHandler (SnapshotInstallationHandler.java:installSnapshot(92)) - omNode-bootstrap-2@group-0AAC5367B30E: receive installSnapshot: omNode-1->omNode-bootstrap-2#0-t1,notify:(t:1, i:0)
2024-07-18 11:33:57,151 [grpc-default-executor-3] INFO  impl.SnapshotInstallationHandler (SnapshotInstallationHandler.java:installSnapshotImpl(138)) - omNode-bootstrap-2@group-0AAC5367B30E: set new configuration configurationEntry {
  peers {
    id: "omNode-3"
    address: "localhost:15023"
    startupRole: FOLLOWER
  }
  peers {
    id: "omNode-1"
    address: "localhost:15015"
    startupRole: FOLLOWER
  }
  peers {
    id: "omNode-2"
    address: "localhost:15019"
    startupRole: FOLLOWER
  }
}
 from snapshot
2024-07-18 11:33:57,151 [grpc-default-executor-3] INFO  server.RaftServer$Division (ServerState.java:setRaftConf(386)) - omNode-bootstrap-2@group-0AAC5367B30E: set configuration conf: {index: 0, cur=peers:[omNode-3|localhost:15023, omNode-1|localhost:15015, omNode-2|localhost:15019]|listeners:[], old=null}
2024-07-18 11:33:57,151 [omNode-bootstrap-2-server-thread1] INFO  server.RaftServer$Division (RaftServerImpl.java:checkInconsistentAppendEntries(1629)) - omNode-bootstrap-2@group-0AAC5367B30E: Failed appendEntries as snapshot (0) installation is in progress
2024-07-18 11:33:57,151 [omNode-bootstrap-2-server-thread1] INFO  server.RaftServer$Division (RaftServerImpl.java:appendEntriesAsync(1584)) - omNode-bootstrap-2@group-0AAC5367B30E: appendEntries* reply omNode-1<-omNode-bootstrap-2#366:FAIL-t1,INCONSISTENCY,nextIndex=0,followerCommit=-1,matchIndex=-1
2024-07-18 11:33:57,152 [grpc-default-executor-3] INFO  ratis.OzoneManagerStateMachine (OzoneManagerStateMachine.java:notifyConfigurationChanged(216)) - Received Configuration change notification from Ratis. New Peer list:
[id: "omNode-3"
address: "localhost:15023"
startupRole: FOLLOWER
, id: "omNode-1"
address: "localhost:15015"
startupRole: FOLLOWER
, id: "omNode-2"
address: "localhost:15019"
startupRole: FOLLOWER
]
2024-07-18 11:33:57,152 [grpc-default-executor-3] INFO  impl.SnapshotInstallationHandler (SnapshotInstallationHandler.java:installSnapshot(103)) - omNode-bootstrap-2@group-0AAC5367B30E: reply installSnapshot: omNode-1<-omNode-bootstrap-2#0:FAIL-t1,IN_PROGRESS,snapshotIndex=0
2024-07-18 11:33:57,152 [grpc-default-executor-3] INFO  server.GrpcServerProtocolService (GrpcServerProtocolService.java:onCompleted(157)) - omNode-bootstrap-2: Completed INSTALL_SNAPSHOT, lastRequest: omNode-1->omNode-bootstrap-2#0-t1,notify:(t:1, i:0)
2024-07-18 11:33:57,152 [grpc-default-executor-3] INFO  server.GrpcServerProtocolService (GrpcServerProtocolService.java:lambda$onCompleted$5(159)) - omNode-bootstrap-2: Completed INSTALL_SNAPSHOT, lastReply: null
2024-07-18 11:33:57,154 [grpc-default-executor-5] INFO  impl.SnapshotInstallationHandler (SnapshotInstallationHandler.java:installSnapshot(92)) - omNode-bootstrap-2@group-0AAC5367B30E: receive installSnapshot: omNode-1->omNode-bootstrap-2#0-t1,notify:(t:1, i:0)
2024-07-18 11:33:57,154 [grpc-default-executor-5] INFO  impl.SnapshotInstallationHandler (SnapshotInstallationHandler.java:installSnapshotImpl(138)) - omNode-bootstrap-2@group-0AAC5367B30E: set new configuration configurationEntry {
  peers {
    id: "omNode-3"
    address: "localhost:15023"
    startupRole: FOLLOWER
  }
  peers {
    id: "omNode-1"
    address: "localhost:15015"
    startupRole: FOLLOWER
  }
  peers {
    id: "omNode-2"
    address: "localhost:15019"
    startupRole: FOLLOWER
  }
}
 from snapshot
2024-07-18 11:33:57,154 [grpc-default-executor-5] INFO  server.RaftServer$Division (ServerState.java:setRaftConf(386)) - omNode-bootstrap-2@group-0AAC5367B30E: set configuration conf: {index: 0, cur=peers:[omNode-3|localhost:15023, omNode-1|localhost:15015, omNode-2|localhost:15019]|listeners:[], old=null}
2024-07-18 11:33:57,155 [omNode-bootstrap-2-server-thread1] INFO  server.RaftServer$Division (RaftServerImpl.java:checkInconsistentAppendEntries(1629)) - omNode-bootstrap-2@group-0AAC5367B30E: Failed appendEntries as snapshot (0) installation is in progress
2024-07-18 11:33:57,155 [omNode-bootstrap-2-server-thread1] INFO  server.RaftServer$Division (RaftServerImpl.java:appendEntriesAsync(1584)) - omNode-bootstrap-2@group-0AAC5367B30E: appendEntries* reply omNode-1<-omNode-bootstrap-2#367:FAIL-t1,INCONSISTENCY,nextIndex=0,followerCommit=-1,matchIndex=-1
2024-07-18 11:33:57,155 [grpc-default-executor-5] INFO  ratis.OzoneManagerStateMachine (OzoneManagerStateMachine.java:notifyConfigurationChanged(216)) - Received Configuration change notification from Ratis. New Peer list:
[id: "omNode-3"
address: "localhost:15023"
startupRole: FOLLOWER
, id: "omNode-1"
address: "localhost:15015"
startupRole: FOLLOWER
, id: "omNode-2"
address: "localhost:15019"
startupRole: FOLLOWER
]
2024-07-18 11:33:57,155 [grpc-default-executor-5] INFO  impl.SnapshotInstallationHandler (SnapshotInstallationHandler.java:installSnapshot(103)) - omNode-bootstrap-2@group-0AAC5367B30E: reply installSnapshot: omNode-1<-omNode-bootstrap-2#0:FAIL-t1,IN_PROGRESS,snapshotIndex=0
2024-07-18 11:33:57,156 [grpc-default-executor-5] INFO  server.GrpcServerProtocolService (GrpcServerProtocolService.java:onCompleted(157)) - omNode-bootstrap-2: Completed INSTALL_SNAPSHOT, lastRequest: omNode-1->omNode-bootstrap-2#0-t1,notify:(t:1, i:0)
2024-07-18 11:33:57,156 [grpc-default-executor-5] INFO  server.GrpcServerProtocolService (GrpcServerProtocolService.java:lambda$onCompleted$5(159)) - omNode-bootstrap-2: Completed INSTALL_SNAPSHOT, lastReply: null
2024-07-18 11:33:57,157 [omNode-bootstrap-2-server-thread1] INFO  server.RaftServer$Division (RaftServerImpl.java:checkInconsistentAppendEntries(1629)) - omNode-bootstrap-2@group-0AAC5367B30E: Failed appendEntries as snapshot (0) installation is in progress
2024-07-18 11:33:57,157 [omNode-bootstrap-2-server-thread1] INFO  server.RaftServer$Division (RaftServerImpl.java:appendEntriesAsync(1584)) - omNode-bootstrap-2@group-0AAC5367B30E: appendEntries* reply omNode-1<-omNode-bootstrap-2#368:FAIL-t1,INCONSISTENCY,nextIndex=0,followerCommit=-1,matchIndex=-1
2024-07-18 11:33:57,158 [grpc-default-executor-0] INFO  impl.SnapshotInstallationHandler (SnapshotInstallationHandler.java:installSnapshot(92)) - omNode-bootstrap-2@group-0AAC5367B30E: receive installSnapshot: omNode-1->omNode-bootstrap-2#0-t1,notify:(t:1, i:0)
2024-07-18 11:33:57,158 [grpc-default-executor-0] INFO  impl.SnapshotInstallationHandler (SnapshotInstallationHandler.java:installSnapshotImpl(138)) - omNode-bootstrap-2@group-0AAC5367B30E: set new configuration configurationEntry {
  peers {
    id: "omNode-3"
    address: "localhost:15023"
    startupRole: FOLLOWER
  }
  peers {
    id: "omNode-1"
    address: "localhost:15015"
    startupRole: FOLLOWER
  }
  peers {
    id: "omNode-2"
    address: "localhost:15019"
    startupRole: FOLLOWER
  }
}
 from snapshot
2024-07-18 11:33:57,158 [grpc-default-executor-0] INFO  server.RaftServer$Division (ServerState.java:setRaftConf(386)) - omNode-bootstrap-2@group-0AAC5367B30E: set configuration conf: {index: 0, cur=peers:[omNode-3|localhost:15023, omNode-1|localhost:15015, omNode-2|localhost:15019]|listeners:[], old=null}
2024-07-18 11:33:57,159 [grpc-default-executor-0] INFO  ratis.OzoneManagerStateMachine (OzoneManagerStateMachine.java:notifyConfigurationChanged(216)) - Received Configuration change notification from Ratis. New Peer list:
[id: "omNode-3"
address: "localhost:15023"
startupRole: FOLLOWER
, id: "omNode-1"
address: "localhost:15015"
startupRole: FOLLOWER
, id: "omNode-2"
address: "localhost:15019"
startupRole: FOLLOWER
]
2024-07-18 11:33:57,159 [grpc-default-executor-0] INFO  impl.SnapshotInstallationHandler (SnapshotInstallationHandler.java:installSnapshot(103)) - omNode-bootstrap-2@group-0AAC5367B30E: reply installSnapshot: omNode-1<-omNode-bootstrap-2#0:FAIL-t1,IN_PROGRESS,snapshotIndex=0
2024-07-18 11:33:57,159 [grpc-default-executor-0] INFO  server.GrpcServerProtocolService (GrpcServerProtocolService.java:onCompleted(157)) - omNode-bootstrap-2: Completed INSTALL_SNAPSHOT, lastRequest: omNode-1->omNode-bootstrap-2#0-t1,notify:(t:1, i:0)
2024-07-18 11:33:57,159 [grpc-default-executor-0] INFO  server.GrpcServerProtocolService (GrpcServerProtocolService.java:lambda$onCompleted$5(159)) - omNode-bootstrap-2: Completed INSTALL_SNAPSHOT, lastReply: null
2024-07-18 11:33:57,161 [grpc-default-executor-1] INFO  impl.SnapshotInstallationHandler (SnapshotInstallationHandler.java:installSnapshot(92)) - omNode-bootstrap-2@group-0AAC5367B30E: receive installSnapshot: omNode-1->omNode-bootstrap-2#0-t1,notify:(t:1, i:0)
2024-07-18 11:33:57,161 [grpc-default-executor-1] INFO  impl.SnapshotInstallationHandler (SnapshotInstallationHandler.java:installSnapshotImpl(138)) - omNode-bootstrap-2@group-0AAC5367B30E: set new configuration configurationEntry {
  peers {
    id: "omNode-3"
    address: "localhost:15023"
    startupRole: FOLLOWER
  }
  peers {
    id: "omNode-1"
    address: "localhost:15015"
    startupRole: FOLLOWER
  }
  peers {
    id: "omNode-2"
    address: "localhost:15019"
    startupRole: FOLLOWER
  }
}
 from snapshot
2024-07-18 11:33:57,161 [grpc-default-executor-1] INFO  server.RaftServer$Division (ServerState.java:setRaftConf(386)) - omNode-bootstrap-2@group-0AAC5367B30E: set configuration conf: {index: 0, cur=peers:[omNode-3|localhost:15023, omNode-1|localhost:15015, omNode-2|localhost:15019]|listeners:[], old=null}
2024-07-18 11:33:57,162 [omNode-bootstrap-2-server-thread1] INFO  server.RaftServer$Division (RaftServerImpl.java:checkInconsistentAppendEntries(1629)) - omNode-bootstrap-2@group-0AAC5367B30E: Failed appendEntries as snapshot (0) installation is in progress
2024-07-18 11:33:57,162 [omNode-bootstrap-2-server-thread1] INFO  server.RaftServer$Division (RaftServerImpl.java:appendEntriesAsync(1584)) - omNode-bootstrap-2@group-0AAC5367B30E: appendEntries* reply omNode-1<-omNode-bootstrap-2#369:FAIL-t1,INCONSISTENCY,nextIndex=0,followerCommit=-1,matchIndex=-1
2024-07-18 11:33:57,164 [grpc-default-executor-1] INFO  ratis.OzoneManagerStateMachine (OzoneManagerStateMachine.java:notifyConfigurationChanged(216)) - Received Configuration change notification from Ratis. New Peer list:
[id: "omNode-3"
address: "localhost:15023"
startupRole: FOLLOWER
, id: "omNode-1"
address: "localhost:15015"
startupRole: FOLLOWER
, id: "omNode-2"
address: "localhost:15019"
startupRole: FOLLOWER
]
2024-07-18 11:33:57,164 [grpc-default-executor-1] INFO  impl.SnapshotInstallationHandler (SnapshotInstallationHandler.java:installSnapshot(103)) - omNode-bootstrap-2@group-0AAC5367B30E: reply installSnapshot: omNode-1<-omNode-bootstrap-2#0:FAIL-t1,IN_PROGRESS,snapshotIndex=0
2024-07-18 11:33:57,164 [grpc-default-executor-1] INFO  server.GrpcServerProtocolService (GrpcServerProtocolService.java:onCompleted(157)) - omNode-bootstrap-2: Completed INSTALL_SNAPSHOT, lastRequest: omNode-1->omNode-bootstrap-2#0-t1,notify:(t:1, i:0)
2024-07-18 11:33:57,165 [grpc-default-executor-1] INFO  server.GrpcServerProtocolService (GrpcServerProtocolService.java:lambda$onCompleted$5(159)) - omNode-bootstrap-2: Completed INSTALL_SNAPSHOT, lastReply: null
2024-07-18 11:33:57,165 [omNode-bootstrap-2-server-thread1] INFO  server.RaftServer$Division (RaftServerImpl.java:checkInconsistentAppendEntries(1629)) - omNode-bootstrap-2@group-0AAC5367B30E: Failed appendEntries as snapshot (0) installation is in progress
2024-07-18 11:33:57,165 [omNode-bootstrap-2-server-thread1] INFO  server.RaftServer$Division (RaftServerImpl.java:appendEntriesAsync(1584)) - omNode-bootstrap-2@group-0AAC5367B30E: appendEntries* reply omNode-1<-omNode-bootstrap-2#370:FAIL-t1,INCONSISTENCY,nextIndex=0,followerCommit=-1,matchIndex=-1
2024-07-18 11:33:57,166 [grpc-default-executor-5] INFO  impl.SnapshotInstallationHandler (SnapshotInstallationHandler.java:installSnapshot(92)) - omNode-bootstrap-2@group-0AAC5367B30E: receive installSnapshot: omNode-1->omNode-bootstrap-2#0-t1,notify:(t:1, i:0)
2024-07-18 11:33:57,167 [grpc-default-executor-5] INFO  impl.SnapshotInstallationHandler (SnapshotInstallationHandler.java:installSnapshotImpl(138)) - omNode-bootstrap-2@group-0AAC5367B30E: set new configuration configurationEntry {
  peers {
    id: "omNode-3"
    address: "localhost:15023"
    startupRole: FOLLOWER
  }
  peers {
    id: "omNode-1"
    address: "localhost:15015"
    startupRole: FOLLOWER
  }
  peers {
    id: "omNode-2"
    address: "localhost:15019"
    startupRole: FOLLOWER
  }
}
 from snapshot
2024-07-18 11:33:57,167 [grpc-default-executor-5] INFO  server.RaftServer$Division (ServerState.java:setRaftConf(386)) - omNode-bootstrap-2@group-0AAC5367B30E: set configuration conf: {index: 0, cur=peers:[omNode-3|localhost:15023, omNode-1|localhost:15015, omNode-2|localhost:15019]|listeners:[], old=null}
2024-07-18 11:33:57,168 [grpc-default-executor-5] INFO  ratis.OzoneManagerStateMachine (OzoneManagerStateMachine.java:notifyConfigurationChanged(216)) - Received Configuration change notification from Ratis. New Peer list:
[id: "omNode-3"
address: "localhost:15023"
startupRole: FOLLOWER
, id: "omNode-1"
address: "localhost:15015"
startupRole: FOLLOWER
, id: "omNode-2"
address: "localhost:15019"
startupRole: FOLLOWER
]
2024-07-18 11:33:57,168 [grpc-default-executor-5] INFO  impl.SnapshotInstallationHandler (SnapshotInstallationHandler.java:installSnapshot(103)) - omNode-bootstrap-2@group-0AAC5367B30E: reply installSnapshot: omNode-1<-omNode-bootstrap-2#0:FAIL-t1,IN_PROGRESS,snapshotIndex=0
2024-07-18 11:33:57,168 [grpc-default-executor-5] INFO  server.GrpcServerProtocolService (GrpcServerProtocolService.java:onCompleted(157)) - omNode-bootstrap-2: Completed INSTALL_SNAPSHOT, lastRequest: omNode-1->omNode-bootstrap-2#0-t1,notify:(t:1, i:0)
2024-07-18 11:33:57,168 [grpc-default-executor-5] INFO  server.GrpcServerProtocolService (GrpcServerProtocolService.java:lambda$onCompleted$5(159)) - omNode-bootstrap-2: Completed INSTALL_SNAPSHOT, lastReply: null
2024-07-18 11:33:57,169 [omNode-bootstrap-2-server-thread1] INFO  server.RaftServer$Division (RaftServerImpl.java:checkInconsistentAppendEntries(1629)) - omNode-bootstrap-2@group-0AAC5367B30E: Failed appendEntries as snapshot (0) installation is in progress
2024-07-18 11:33:57,169 [omNode-bootstrap-2-server-thread1] INFO  server.RaftServer$Division (RaftServerImpl.java:appendEntriesAsync(1584)) - omNode-bootstrap-2@group-0AAC5367B30E: appendEntries* reply omNode-1<-omNode-bootstrap-2#371:FAIL-t1,INCONSISTENCY,nextIndex=0,followerCommit=-1,matchIndex=-1
2024-07-18 11:33:57,171 [grpc-default-executor-1] INFO  impl.SnapshotInstallationHandler (SnapshotInstallationHandler.java:installSnapshot(92)) - omNode-bootstrap-2@group-0AAC5367B30E: receive installSnapshot: omNode-1->omNode-bootstrap-2#0-t1,notify:(t:1, i:0)
2024-07-18 11:33:57,172 [grpc-default-executor-1] INFO  impl.SnapshotInstallationHandler (SnapshotInstallationHandler.java:installSnapshotImpl(138)) - omNode-bootstrap-2@group-0AAC5367B30E: set new configuration configurationEntry {
  peers {
    id: "omNode-3"
    address: "localhost:15023"
    startupRole: FOLLOWER
  }
  peers {
    id: "omNode-1"
    address: "localhost:15015"
    startupRole: FOLLOWER
  }
  peers {
    id: "omNode-2"
    address: "localhost:15019"
    startupRole: FOLLOWER
  }
}
 from snapshot
2024-07-18 11:33:57,172 [grpc-default-executor-1] INFO  server.RaftServer$Division (ServerState.java:setRaftConf(386)) - omNode-bootstrap-2@group-0AAC5367B30E: set configuration conf: {index: 0, cur=peers:[omNode-3|localhost:15023, omNode-1|localhost:15015, omNode-2|localhost:15019]|listeners:[], old=null}
2024-07-18 11:33:57,174 [grpc-default-executor-1] INFO  ratis.OzoneManagerStateMachine (OzoneManagerStateMachine.java:notifyConfigurationChanged(216)) - Received Configuration change notification from Ratis. New Peer list:
[id: "omNode-3"
address: "localhost:15023"
startupRole: FOLLOWER
, id: "omNode-1"
address: "localhost:15015"
startupRole: FOLLOWER
, id: "omNode-2"
address: "localhost:15019"
startupRole: FOLLOWER
]
2024-07-18 11:33:57,174 [grpc-default-executor-1] INFO  impl.SnapshotInstallationHandler (SnapshotInstallationHandler.java:installSnapshot(103)) - omNode-bootstrap-2@group-0AAC5367B30E: reply installSnapshot: omNode-1<-omNode-bootstrap-2#0:FAIL-t1,IN_PROGRESS,snapshotIndex=0
2024-07-18 11:33:57,175 [grpc-default-executor-1] INFO  server.GrpcServerProtocolService (GrpcServerProtocolService.java:onCompleted(157)) - omNode-bootstrap-2: Completed INSTALL_SNAPSHOT, lastRequest: omNode-1->omNode-bootstrap-2#0-t1,notify:(t:1, i:0)
2024-07-18 11:33:57,175 [grpc-default-executor-1] INFO  server.GrpcServerProtocolService (GrpcServerProtocolService.java:lambda$onCompleted$5(159)) - omNode-bootstrap-2: Completed INSTALL_SNAPSHOT, lastReply: null
2024-07-18 11:33:57,176 [grpc-default-executor-5] INFO  impl.SnapshotInstallationHandler (SnapshotInstallationHandler.java:installSnapshot(92)) - omNode-bootstrap-2@group-0AAC5367B30E: receive installSnapshot: omNode-1->omNode-bootstrap-2#0-t1,notify:(t:1, i:0)
2024-07-18 11:33:57,177 [grpc-default-executor-5] INFO  impl.SnapshotInstallationHandler (SnapshotInstallationHandler.java:installSnapshotImpl(138)) - omNode-bootstrap-2@group-0AAC5367B30E: set new configuration configurationEntry {
  peers {
    id: "omNode-3"
    address: "localhost:15023"
    startupRole: FOLLOWER
  }
  peers {
    id: "omNode-1"
    address: "localhost:15015"
    startupRole: FOLLOWER
  }
  peers {
    id: "omNode-2"
    address: "localhost:15019"
    startupRole: FOLLOWER
  }
}
 from snapshot
2024-07-18 11:33:57,177 [grpc-default-executor-5] INFO  server.RaftServer$Division (ServerState.java:setRaftConf(386)) - omNode-bootstrap-2@group-0AAC5367B30E: set configuration conf: {index: 0, cur=peers:[omNode-3|localhost:15023, omNode-1|localhost:15015, omNode-2|localhost:15019]|listeners:[], old=null}
2024-07-18 11:33:57,177 [omNode-bootstrap-2-server-thread1] INFO  server.RaftServer$Division (RaftServerImpl.java:checkInconsistentAppendEntries(1629)) - omNode-bootstrap-2@group-0AAC5367B30E: Failed appendEntries as snapshot (0) installation is in progress
2024-07-18 11:33:57,178 [omNode-bootstrap-2-server-thread1] INFO  server.RaftServer$Division (RaftServerImpl.java:appendEntriesAsync(1584)) - omNode-bootstrap-2@group-0AAC5367B30E: appendEntries* reply omNode-1<-omNode-bootstrap-2#372:FAIL-t1,INCONSISTENCY,nextIndex=0,followerCommit=-1,matchIndex=-1
2024-07-18 11:33:57,178 [grpc-default-executor-5] INFO  ratis.OzoneManagerStateMachine (OzoneManagerStateMachine.java:notifyConfigurationChanged(216)) - Received Configuration change notification from Ratis. New Peer list:
[id: "omNode-3"
address: "localhost:15023"
startupRole: FOLLOWER
, id: "omNode-1"
address: "localhost:15015"
startupRole: FOLLOWER
, id: "omNode-2"
address: "localhost:15019"
startupRole: FOLLOWER
]
2024-07-18 11:33:57,178 [grpc-default-executor-5] INFO  impl.SnapshotInstallationHandler (SnapshotInstallationHandler.java:installSnapshot(103)) - omNode-bootstrap-2@group-0AAC5367B30E: reply installSnapshot: omNode-1<-omNode-bootstrap-2#0:FAIL-t1,IN_PROGRESS,snapshotIndex=0
2024-07-18 11:33:57,178 [grpc-default-executor-5] INFO  server.GrpcServerProtocolService (GrpcServerProtocolService.java:onCompleted(157)) - omNode-bootstrap-2: Completed INSTALL_SNAPSHOT, lastRequest: omNode-1->omNode-bootstrap-2#0-t1,notify:(t:1, i:0)
2024-07-18 11:33:57,178 [grpc-default-executor-5] INFO  server.GrpcServerProtocolService (GrpcServerProtocolService.java:lambda$onCompleted$5(159)) - omNode-bootstrap-2: Completed INSTALL_SNAPSHOT, lastReply: null
2024-07-18 11:33:57,180 [omNode-bootstrap-2-server-thread1] INFO  server.RaftServer$Division (RaftServerImpl.java:checkInconsistentAppendEntries(1629)) - omNode-bootstrap-2@group-0AAC5367B30E: Failed appendEntries as snapshot (0) installation is in progress
2024-07-18 11:33:57,180 [omNode-bootstrap-2-server-thread1] INFO  server.RaftServer$Division (RaftServerImpl.java:appendEntriesAsync(1584)) - omNode-bootstrap-2@group-0AAC5367B30E: appendEntries* reply omNode-1<-omNode-bootstrap-2#373:FAIL-t1,INCONSISTENCY,nextIndex=0,followerCommit=-1,matchIndex=-1
2024-07-18 11:33:57,180 [grpc-default-executor-4] INFO  impl.SnapshotInstallationHandler (SnapshotInstallationHandler.java:installSnapshot(92)) - omNode-bootstrap-2@group-0AAC5367B30E: receive installSnapshot: omNode-1->omNode-bootstrap-2#0-t1,notify:(t:1, i:0)
2024-07-18 11:33:57,180 [grpc-default-executor-4] INFO  impl.SnapshotInstallationHandler (SnapshotInstallationHandler.java:installSnapshotImpl(138)) - omNode-bootstrap-2@group-0AAC5367B30E: set new configuration configurationEntry {
  peers {
    id: "omNode-3"
    address: "localhost:15023"
    startupRole: FOLLOWER
  }
  peers {
    id: "omNode-1"
    address: "localhost:15015"
    startupRole: FOLLOWER
  }
  peers {
    id: "omNode-2"
    address: "localhost:15019"
    startupRole: FOLLOWER
  }
}
 from snapshot
2024-07-18 11:33:57,180 [grpc-default-executor-4] INFO  server.RaftServer$Division (ServerState.java:setRaftConf(386)) - omNode-bootstrap-2@group-0AAC5367B30E: set configuration conf: {index: 0, cur=peers:[omNode-3|localhost:15023, omNode-1|localhost:15015, omNode-2|localhost:15019]|listeners:[], old=null}
2024-07-18 11:33:57,181 [grpc-default-executor-4] INFO  ratis.OzoneManagerStateMachine (OzoneManagerStateMachine.java:notifyConfigurationChanged(216)) - Received Configuration change notification from Ratis. New Peer list:
[id: "omNode-3"
address: "localhost:15023"
startupRole: FOLLOWER
, id: "omNode-1"
address: "localhost:15015"
startupRole: FOLLOWER
, id: "omNode-2"
address: "localhost:15019"
startupRole: FOLLOWER
]
2024-07-18 11:33:57,181 [grpc-default-executor-4] INFO  impl.SnapshotInstallationHandler (SnapshotInstallationHandler.java:installSnapshot(103)) - omNode-bootstrap-2@group-0AAC5367B30E: reply installSnapshot: omNode-1<-omNode-bootstrap-2#0:FAIL-t1,IN_PROGRESS,snapshotIndex=0
2024-07-18 11:33:57,181 [grpc-default-executor-4] INFO  server.GrpcServerProtocolService (GrpcServerProtocolService.java:onCompleted(157)) - omNode-bootstrap-2: Completed INSTALL_SNAPSHOT, lastRequest: omNode-1->omNode-bootstrap-2#0-t1,notify:(t:1, i:0)
2024-07-18 11:33:57,182 [grpc-default-executor-4] INFO  server.GrpcServerProtocolService (GrpcServerProtocolService.java:lambda$onCompleted$5(159)) - omNode-bootstrap-2: Completed INSTALL_SNAPSHOT, lastReply: null
2024-07-18 11:33:57,183 [omNode-bootstrap-2-server-thread1] INFO  server.RaftServer$Division (RaftServerImpl.java:checkInconsistentAppendEntries(1629)) - omNode-bootstrap-2@group-0AAC5367B30E: Failed appendEntries as snapshot (0) installation is in progress
2024-07-18 11:33:57,183 [omNode-bootstrap-2-server-thread1] INFO  server.RaftServer$Division (RaftServerImpl.java:appendEntriesAsync(1584)) - omNode-bootstrap-2@group-0AAC5367B30E: appendEntries* reply omNode-1<-omNode-bootstrap-2#374:FAIL-t1,INCONSISTENCY,nextIndex=0,followerCommit=-1,matchIndex=-1
2024-07-18 11:33:57,183 [grpc-default-executor-5] INFO  impl.SnapshotInstallationHandler (SnapshotInstallationHandler.java:installSnapshot(92)) - omNode-bootstrap-2@group-0AAC5367B30E: receive installSnapshot: omNode-1->omNode-bootstrap-2#0-t1,notify:(t:1, i:0)
2024-07-18 11:33:57,183 [grpc-default-executor-5] INFO  impl.SnapshotInstallationHandler (SnapshotInstallationHandler.java:installSnapshotImpl(138)) - omNode-bootstrap-2@group-0AAC5367B30E: set new configuration configurationEntry {
  peers {
    id: "omNode-3"
    address: "localhost:15023"
    startupRole: FOLLOWER
  }
  peers {
    id: "omNode-1"
    address: "localhost:15015"
    startupRole: FOLLOWER
  }
  peers {
    id: "omNode-2"
    address: "localhost:15019"
    startupRole: FOLLOWER
  }
}
 from snapshot
2024-07-18 11:33:57,183 [grpc-default-executor-5] INFO  server.RaftServer$Division (ServerState.java:setRaftConf(386)) - omNode-bootstrap-2@group-0AAC5367B30E: set configuration conf: {index: 0, cur=peers:[omNode-3|localhost:15023, omNode-1|localhost:15015, omNode-2|localhost:15019]|listeners:[], old=null}
2024-07-18 11:33:57,184 [grpc-default-executor-5] INFO  ratis.OzoneManagerStateMachine (OzoneManagerStateMachine.java:notifyConfigurationChanged(216)) - Received Configuration change notification from Ratis. New Peer list:
[id: "omNode-3"
address: "localhost:15023"
startupRole: FOLLOWER
, id: "omNode-1"
address: "localhost:15015"
startupRole: FOLLOWER
, id: "omNode-2"
address: "localhost:15019"
startupRole: FOLLOWER
]
2024-07-18 11:33:57,184 [grpc-default-executor-5] INFO  impl.SnapshotInstallationHandler (SnapshotInstallationHandler.java:installSnapshot(103)) - omNode-bootstrap-2@group-0AAC5367B30E: reply installSnapshot: omNode-1<-omNode-bootstrap-2#0:FAIL-t1,IN_PROGRESS,snapshotIndex=0
2024-07-18 11:33:57,185 [grpc-default-executor-5] INFO  server.GrpcServerProtocolService (GrpcServerProtocolService.java:onCompleted(157)) - omNode-bootstrap-2: Completed INSTALL_SNAPSHOT, lastRequest: omNode-1->omNode-bootstrap-2#0-t1,notify:(t:1, i:0)
2024-07-18 11:33:57,185 [grpc-default-executor-5] INFO  server.GrpcServerProtocolService (GrpcServerProtocolService.java:lambda$onCompleted$5(159)) - omNode-bootstrap-2: Completed INSTALL_SNAPSHOT, lastReply: null
2024-07-18 11:33:57,186 [grpc-default-executor-4] INFO  impl.SnapshotInstallationHandler (SnapshotInstallationHandler.java:installSnapshot(92)) - omNode-bootstrap-2@group-0AAC5367B30E: receive installSnapshot: omNode-1->omNode-bootstrap-2#0-t1,notify:(t:1, i:0)
2024-07-18 11:33:57,187 [grpc-default-executor-4] INFO  impl.SnapshotInstallationHandler (SnapshotInstallationHandler.java:installSnapshotImpl(138)) - omNode-bootstrap-2@group-0AAC5367B30E: set new configuration configurationEntry {
  peers {
    id: "omNode-3"
    address: "localhost:15023"
    startupRole: FOLLOWER
  }
  peers {
    id: "omNode-1"
    address: "localhost:15015"
    startupRole: FOLLOWER
  }
  peers {
    id: "omNode-2"
    address: "localhost:15019"
    startupRole: FOLLOWER
  }
}
 from snapshot
2024-07-18 11:33:57,187 [grpc-default-executor-4] INFO  server.RaftServer$Division (ServerState.java:setRaftConf(386)) - omNode-bootstrap-2@group-0AAC5367B30E: set configuration conf: {index: 0, cur=peers:[omNode-3|localhost:15023, omNode-1|localhost:15015, omNode-2|localhost:15019]|listeners:[], old=null}
2024-07-18 11:33:57,187 [omNode-bootstrap-2-server-thread1] INFO  server.RaftServer$Division (RaftServerImpl.java:checkInconsistentAppendEntries(1629)) - omNode-bootstrap-2@group-0AAC5367B30E: Failed appendEntries as snapshot (0) installation is in progress
2024-07-18 11:33:57,188 [omNode-bootstrap-2-server-thread1] INFO  server.RaftServer$Division (RaftServerImpl.java:appendEntriesAsync(1584)) - omNode-bootstrap-2@group-0AAC5367B30E: appendEntries* reply omNode-1<-omNode-bootstrap-2#375:FAIL-t1,INCONSISTENCY,nextIndex=0,followerCommit=-1,matchIndex=-1
2024-07-18 11:33:57,188 [grpc-default-executor-4] INFO  ratis.OzoneManagerStateMachine (OzoneManagerStateMachine.java:notifyConfigurationChanged(216)) - Received Configuration change notification from Ratis. New Peer list:
[id: "omNode-3"
address: "localhost:15023"
startupRole: FOLLOWER
, id: "omNode-1"
address: "localhost:15015"
startupRole: FOLLOWER
, id: "omNode-2"
address: "localhost:15019"
startupRole: FOLLOWER
]
2024-07-18 11:33:57,188 [grpc-default-executor-4] INFO  impl.SnapshotInstallationHandler (SnapshotInstallationHandler.java:installSnapshot(103)) - omNode-bootstrap-2@group-0AAC5367B30E: reply installSnapshot: omNode-1<-omNode-bootstrap-2#0:FAIL-t1,IN_PROGRESS,snapshotIndex=0
2024-07-18 11:33:57,188 [grpc-default-executor-4] INFO  server.GrpcServerProtocolService (GrpcServerProtocolService.java:onCompleted(157)) - omNode-bootstrap-2: Completed INSTALL_SNAPSHOT, lastRequest: omNode-1->omNode-bootstrap-2#0-t1,notify:(t:1, i:0)
2024-07-18 11:33:57,188 [grpc-default-executor-4] INFO  server.GrpcServerProtocolService (GrpcServerProtocolService.java:lambda$onCompleted$5(159)) - omNode-bootstrap-2: Completed INSTALL_SNAPSHOT, lastReply: null
2024-07-18 11:33:57,189 [omNode-bootstrap-2-server-thread1] INFO  server.RaftServer$Division (RaftServerImpl.java:checkInconsistentAppendEntries(1629)) - omNode-bootstrap-2@group-0AAC5367B30E: Failed appendEntries as snapshot (0) installation is in progress
2024-07-18 11:33:57,190 [omNode-bootstrap-2-server-thread1] INFO  server.RaftServer$Division (RaftServerImpl.java:appendEntriesAsync(1584)) - omNode-bootstrap-2@group-0AAC5367B30E: appendEntries* reply omNode-1<-omNode-bootstrap-2#376:FAIL-t1,INCONSISTENCY,nextIndex=0,followerCommit=-1,matchIndex=-1
2024-07-18 11:33:57,190 [grpc-default-executor-4] INFO  impl.SnapshotInstallationHandler (SnapshotInstallationHandler.java:installSnapshot(92)) - omNode-bootstrap-2@group-0AAC5367B30E: receive installSnapshot: omNode-1->omNode-bootstrap-2#0-t1,notify:(t:1, i:0)
2024-07-18 11:33:57,190 [grpc-default-executor-4] INFO  impl.SnapshotInstallationHandler (SnapshotInstallationHandler.java:installSnapshotImpl(138)) - omNode-bootstrap-2@group-0AAC5367B30E: set new configuration configurationEntry {
  peers {
    id: "omNode-3"
    address: "localhost:15023"
    startupRole: FOLLOWER
  }
  peers {
    id: "omNode-1"
    address: "localhost:15015"
    startupRole: FOLLOWER
  }
  peers {
    id: "omNode-2"
    address: "localhost:15019"
    startupRole: FOLLOWER
  }
}
 from snapshot
2024-07-18 11:33:57,191 [grpc-default-executor-4] INFO  server.RaftServer$Division (ServerState.java:setRaftConf(386)) - omNode-bootstrap-2@group-0AAC5367B30E: set configuration conf: {index: 0, cur=peers:[omNode-3|localhost:15023, omNode-1|localhost:15015, omNode-2|localhost:15019]|listeners:[], old=null}
2024-07-18 11:33:57,192 [grpc-default-executor-4] INFO  ratis.OzoneManagerStateMachine (OzoneManagerStateMachine.java:notifyConfigurationChanged(216)) - Received Configuration change notification from Ratis. New Peer list:
[id: "omNode-3"
address: "localhost:15023"
startupRole: FOLLOWER
, id: "omNode-1"
address: "localhost:15015"
startupRole: FOLLOWER
, id: "omNode-2"
address: "localhost:15019"
startupRole: FOLLOWER
]
2024-07-18 11:33:57,192 [grpc-default-executor-4] INFO  impl.SnapshotInstallationHandler (SnapshotInstallationHandler.java:installSnapshot(103)) - omNode-bootstrap-2@group-0AAC5367B30E: reply installSnapshot: omNode-1<-omNode-bootstrap-2#0:FAIL-t1,IN_PROGRESS,snapshotIndex=0
2024-07-18 11:33:57,192 [grpc-default-executor-4] INFO  server.GrpcServerProtocolService (GrpcServerProtocolService.java:onCompleted(157)) - omNode-bootstrap-2: Completed INSTALL_SNAPSHOT, lastRequest: omNode-1->omNode-bootstrap-2#0-t1,notify:(t:1, i:0)
2024-07-18 11:33:57,192 [grpc-default-executor-4] INFO  server.GrpcServerProtocolService (GrpcServerProtocolService.java:lambda$onCompleted$5(159)) - omNode-bootstrap-2: Completed INSTALL_SNAPSHOT, lastReply: null
2024-07-18 11:33:57,193 [omNode-bootstrap-2-server-thread1] INFO  server.RaftServer$Division (RaftServerImpl.java:checkInconsistentAppendEntries(1629)) - omNode-bootstrap-2@group-0AAC5367B30E: Failed appendEntries as snapshot (0) installation is in progress
2024-07-18 11:33:57,193 [omNode-bootstrap-2-server-thread1] INFO  server.RaftServer$Division (RaftServerImpl.java:appendEntriesAsync(1584)) - omNode-bootstrap-2@group-0AAC5367B30E: appendEntries* reply omNode-1<-omNode-bootstrap-2#377:FAIL-t1,INCONSISTENCY,nextIndex=0,followerCommit=-1,matchIndex=-1
2024-07-18 11:33:57,194 [grpc-default-executor-4] INFO  impl.SnapshotInstallationHandler (SnapshotInstallationHandler.java:installSnapshot(92)) - omNode-bootstrap-2@group-0AAC5367B30E: receive installSnapshot: omNode-1->omNode-bootstrap-2#0-t1,notify:(t:1, i:0)
2024-07-18 11:33:57,194 [grpc-default-executor-4] INFO  impl.SnapshotInstallationHandler (SnapshotInstallationHandler.java:installSnapshotImpl(138)) - omNode-bootstrap-2@group-0AAC5367B30E: set new configuration configurationEntry {
  peers {
    id: "omNode-3"
    address: "localhost:15023"
    startupRole: FOLLOWER
  }
  peers {
    id: "omNode-1"
    address: "localhost:15015"
    startupRole: FOLLOWER
  }
  peers {
    id: "omNode-2"
    address: "localhost:15019"
    startupRole: FOLLOWER
  }
}
 from snapshot
2024-07-18 11:33:57,195 [grpc-default-executor-4] INFO  server.RaftServer$Division (ServerState.java:setRaftConf(386)) - omNode-bootstrap-2@group-0AAC5367B30E: set configuration conf: {index: 0, cur=peers:[omNode-3|localhost:15023, omNode-1|localhost:15015, omNode-2|localhost:15019]|listeners:[], old=null}
2024-07-18 11:33:57,196 [grpc-default-executor-4] INFO  ratis.OzoneManagerStateMachine (OzoneManagerStateMachine.java:notifyConfigurationChanged(216)) - Received Configuration change notification from Ratis. New Peer list:
[id: "omNode-3"
address: "localhost:15023"
startupRole: FOLLOWER
, id: "omNode-1"
address: "localhost:15015"
startupRole: FOLLOWER
, id: "omNode-2"
address: "localhost:15019"
startupRole: FOLLOWER
]
2024-07-18 11:33:57,196 [grpc-default-executor-4] INFO  impl.SnapshotInstallationHandler (SnapshotInstallationHandler.java:installSnapshot(103)) - omNode-bootstrap-2@group-0AAC5367B30E: reply installSnapshot: omNode-1<-omNode-bootstrap-2#0:FAIL-t1,IN_PROGRESS,snapshotIndex=0
2024-07-18 11:33:57,196 [grpc-default-executor-4] INFO  server.GrpcServerProtocolService (GrpcServerProtocolService.java:onCompleted(157)) - omNode-bootstrap-2: Completed INSTALL_SNAPSHOT, lastRequest: omNode-1->omNode-bootstrap-2#0-t1,notify:(t:1, i:0)
2024-07-18 11:33:57,196 [grpc-default-executor-4] INFO  server.GrpcServerProtocolService (GrpcServerProtocolService.java:lambda$onCompleted$5(159)) - omNode-bootstrap-2: Completed INSTALL_SNAPSHOT, lastReply: null
2024-07-18 11:33:57,197 [omNode-bootstrap-2-server-thread1] INFO  server.RaftServer$Division (RaftServerImpl.java:checkInconsistentAppendEntries(1629)) - omNode-bootstrap-2@group-0AAC5367B30E: Failed appendEntries as snapshot (0) installation is in progress
2024-07-18 11:33:57,197 [omNode-bootstrap-2-server-thread1] INFO  server.RaftServer$Division (RaftServerImpl.java:appendEntriesAsync(1584)) - omNode-bootstrap-2@group-0AAC5367B30E: appendEntries* reply omNode-1<-omNode-bootstrap-2#378:FAIL-t1,INCONSISTENCY,nextIndex=0,followerCommit=-1,matchIndex=-1
2024-07-18 11:33:57,198 [grpc-default-executor-1] INFO  impl.SnapshotInstallationHandler (SnapshotInstallationHandler.java:installSnapshot(92)) - omNode-bootstrap-2@group-0AAC5367B30E: receive installSnapshot: omNode-1->omNode-bootstrap-2#0-t1,notify:(t:1, i:0)
2024-07-18 11:33:57,198 [grpc-default-executor-1] INFO  impl.SnapshotInstallationHandler (SnapshotInstallationHandler.java:installSnapshotImpl(138)) - omNode-bootstrap-2@group-0AAC5367B30E: set new configuration configurationEntry {
  peers {
    id: "omNode-3"
    address: "localhost:15023"
    startupRole: FOLLOWER
  }
  peers {
    id: "omNode-1"
    address: "localhost:15015"
    startupRole: FOLLOWER
  }
  peers {
    id: "omNode-2"
    address: "localhost:15019"
    startupRole: FOLLOWER
  }
}
 from snapshot
2024-07-18 11:33:57,199 [grpc-default-executor-1] INFO  server.RaftServer$Division (ServerState.java:setRaftConf(386)) - omNode-bootstrap-2@group-0AAC5367B30E: set configuration conf: {index: 0, cur=peers:[omNode-3|localhost:15023, omNode-1|localhost:15015, omNode-2|localhost:15019]|listeners:[], old=null}
2024-07-18 11:33:57,200 [grpc-default-executor-1] INFO  ratis.OzoneManagerStateMachine (OzoneManagerStateMachine.java:notifyConfigurationChanged(216)) - Received Configuration change notification from Ratis. New Peer list:
[id: "omNode-3"
address: "localhost:15023"
startupRole: FOLLOWER
, id: "omNode-1"
address: "localhost:15015"
startupRole: FOLLOWER
, id: "omNode-2"
address: "localhost:15019"
startupRole: FOLLOWER
]
2024-07-18 11:33:57,200 [grpc-default-executor-1] INFO  impl.SnapshotInstallationHandler (SnapshotInstallationHandler.java:installSnapshot(103)) - omNode-bootstrap-2@group-0AAC5367B30E: reply installSnapshot: omNode-1<-omNode-bootstrap-2#0:FAIL-t1,IN_PROGRESS,snapshotIndex=0
2024-07-18 11:33:57,200 [grpc-default-executor-1] INFO  server.GrpcServerProtocolService (GrpcServerProtocolService.java:onCompleted(157)) - omNode-bootstrap-2: Completed INSTALL_SNAPSHOT, lastRequest: omNode-1->omNode-bootstrap-2#0-t1,notify:(t:1, i:0)
2024-07-18 11:33:57,201 [grpc-default-executor-1] INFO  server.GrpcServerProtocolService (GrpcServerProtocolService.java:lambda$onCompleted$5(159)) - omNode-bootstrap-2: Completed INSTALL_SNAPSHOT, lastReply: null
2024-07-18 11:33:57,202 [grpc-default-executor-0] INFO  impl.SnapshotInstallationHandler (SnapshotInstallationHandler.java:installSnapshot(92)) - omNode-bootstrap-2@group-0AAC5367B30E: receive installSnapshot: omNode-1->omNode-bootstrap-2#0-t1,notify:(t:1, i:0)
2024-07-18 11:33:57,202 [grpc-default-executor-0] INFO  impl.SnapshotInstallationHandler (SnapshotInstallationHandler.java:installSnapshotImpl(138)) - omNode-bootstrap-2@group-0AAC5367B30E: set new configuration configurationEntry {
  peers {
    id: "omNode-3"
    address: "localhost:15023"
    startupRole: FOLLOWER
  }
  peers {
    id: "omNode-1"
    address: "localhost:15015"
    startupRole: FOLLOWER
  }
  peers {
    id: "omNode-2"
    address: "localhost:15019"
    startupRole: FOLLOWER
  }
}
 from snapshot
2024-07-18 11:33:57,202 [grpc-default-executor-0] INFO  server.RaftServer$Division (ServerState.java:setRaftConf(386)) - omNode-bootstrap-2@group-0AAC5367B30E: set configuration conf: {index: 0, cur=peers:[omNode-3|localhost:15023, omNode-1|localhost:15015, omNode-2|localhost:15019]|listeners:[], old=null}
2024-07-18 11:33:57,203 [omNode-bootstrap-2-server-thread1] INFO  server.RaftServer$Division (RaftServerImpl.java:checkInconsistentAppendEntries(1629)) - omNode-bootstrap-2@group-0AAC5367B30E: Failed appendEntries as snapshot (0) installation is in progress
2024-07-18 11:33:57,203 [omNode-bootstrap-2-server-thread1] INFO  server.RaftServer$Division (RaftServerImpl.java:appendEntriesAsync(1584)) - omNode-bootstrap-2@group-0AAC5367B30E: appendEntries* reply omNode-1<-omNode-bootstrap-2#379:FAIL-t1,INCONSISTENCY,nextIndex=0,followerCommit=-1,matchIndex=-1
2024-07-18 11:33:57,204 [grpc-default-executor-0] INFO  ratis.OzoneManagerStateMachine (OzoneManagerStateMachine.java:notifyConfigurationChanged(216)) - Received Configuration change notification from Ratis. New Peer list:
[id: "omNode-3"
address: "localhost:15023"
startupRole: FOLLOWER
, id: "omNode-1"
address: "localhost:15015"
startupRole: FOLLOWER
, id: "omNode-2"
address: "localhost:15019"
startupRole: FOLLOWER
]
2024-07-18 11:33:57,204 [grpc-default-executor-0] INFO  impl.SnapshotInstallationHandler (SnapshotInstallationHandler.java:installSnapshot(103)) - omNode-bootstrap-2@group-0AAC5367B30E: reply installSnapshot: omNode-1<-omNode-bootstrap-2#0:FAIL-t1,IN_PROGRESS,snapshotIndex=0
2024-07-18 11:33:57,204 [grpc-default-executor-0] INFO  server.GrpcServerProtocolService (GrpcServerProtocolService.java:onCompleted(157)) - omNode-bootstrap-2: Completed INSTALL_SNAPSHOT, lastRequest: omNode-1->omNode-bootstrap-2#0-t1,notify:(t:1, i:0)
2024-07-18 11:33:57,204 [grpc-default-executor-0] INFO  server.GrpcServerProtocolService (GrpcServerProtocolService.java:lambda$onCompleted$5(159)) - omNode-bootstrap-2: Completed INSTALL_SNAPSHOT, lastReply: null
2024-07-18 11:33:57,206 [grpc-default-executor-5] INFO  impl.SnapshotInstallationHandler (SnapshotInstallationHandler.java:installSnapshot(92)) - omNode-bootstrap-2@group-0AAC5367B30E: receive installSnapshot: omNode-1->omNode-bootstrap-2#0-t1,notify:(t:1, i:0)
2024-07-18 11:33:57,206 [grpc-default-executor-5] INFO  impl.SnapshotInstallationHandler (SnapshotInstallationHandler.java:installSnapshotImpl(138)) - omNode-bootstrap-2@group-0AAC5367B30E: set new configuration configurationEntry {
  peers {
    id: "omNode-3"
    address: "localhost:15023"
    startupRole: FOLLOWER
  }
  peers {
    id: "omNode-1"
    address: "localhost:15015"
    startupRole: FOLLOWER
  }
  peers {
    id: "omNode-2"
    address: "localhost:15019"
    startupRole: FOLLOWER
  }
}
 from snapshot
2024-07-18 11:33:57,206 [grpc-default-executor-5] INFO  server.RaftServer$Division (ServerState.java:setRaftConf(386)) - omNode-bootstrap-2@group-0AAC5367B30E: set configuration conf: {index: 0, cur=peers:[omNode-3|localhost:15023, omNode-1|localhost:15015, omNode-2|localhost:15019]|listeners:[], old=null}
2024-07-18 11:33:57,207 [omNode-bootstrap-2-server-thread1] INFO  server.RaftServer$Division (RaftServerImpl.java:checkInconsistentAppendEntries(1629)) - omNode-bootstrap-2@group-0AAC5367B30E: Failed appendEntries as snapshot (0) installation is in progress
2024-07-18 11:33:57,207 [omNode-bootstrap-2-server-thread1] INFO  server.RaftServer$Division (RaftServerImpl.java:appendEntriesAsync(1584)) - omNode-bootstrap-2@group-0AAC5367B30E: appendEntries* reply omNode-1<-omNode-bootstrap-2#380:FAIL-t1,INCONSISTENCY,nextIndex=0,followerCommit=-1,matchIndex=-1
2024-07-18 11:33:57,207 [grpc-default-executor-5] INFO  ratis.OzoneManagerStateMachine (OzoneManagerStateMachine.java:notifyConfigurationChanged(216)) - Received Configuration change notification from Ratis. New Peer list:
[id: "omNode-3"
address: "localhost:15023"
startupRole: FOLLOWER
, id: "omNode-1"
address: "localhost:15015"
startupRole: FOLLOWER
, id: "omNode-2"
address: "localhost:15019"
startupRole: FOLLOWER
]
2024-07-18 11:33:57,207 [grpc-default-executor-5] INFO  impl.SnapshotInstallationHandler (SnapshotInstallationHandler.java:installSnapshot(103)) - omNode-bootstrap-2@group-0AAC5367B30E: reply installSnapshot: omNode-1<-omNode-bootstrap-2#0:FAIL-t1,IN_PROGRESS,snapshotIndex=0
2024-07-18 11:33:57,208 [grpc-default-executor-5] INFO  server.GrpcServerProtocolService (GrpcServerProtocolService.java:onCompleted(157)) - omNode-bootstrap-2: Completed INSTALL_SNAPSHOT, lastRequest: omNode-1->omNode-bootstrap-2#0-t1,notify:(t:1, i:0)
2024-07-18 11:33:57,208 [grpc-default-executor-5] INFO  server.GrpcServerProtocolService (GrpcServerProtocolService.java:lambda$onCompleted$5(159)) - omNode-bootstrap-2: Completed INSTALL_SNAPSHOT, lastReply: null
2024-07-18 11:33:57,209 [omNode-bootstrap-2-server-thread1] INFO  server.RaftServer$Division (RaftServerImpl.java:checkInconsistentAppendEntries(1629)) - omNode-bootstrap-2@group-0AAC5367B30E: Failed appendEntries as snapshot (0) installation is in progress
2024-07-18 11:33:57,209 [omNode-bootstrap-2-server-thread1] INFO  server.RaftServer$Division (RaftServerImpl.java:appendEntriesAsync(1584)) - omNode-bootstrap-2@group-0AAC5367B30E: appendEntries* reply omNode-1<-omNode-bootstrap-2#381:FAIL-t1,INCONSISTENCY,nextIndex=0,followerCommit=-1,matchIndex=-1
2024-07-18 11:33:57,210 [grpc-default-executor-5] INFO  impl.SnapshotInstallationHandler (SnapshotInstallationHandler.java:installSnapshot(92)) - omNode-bootstrap-2@group-0AAC5367B30E: receive installSnapshot: omNode-1->omNode-bootstrap-2#0-t1,notify:(t:1, i:0)
2024-07-18 11:33:57,210 [grpc-default-executor-5] INFO  impl.SnapshotInstallationHandler (SnapshotInstallationHandler.java:installSnapshotImpl(138)) - omNode-bootstrap-2@group-0AAC5367B30E: set new configuration configurationEntry {
  peers {
    id: "omNode-3"
    address: "localhost:15023"
    startupRole: FOLLOWER
  }
  peers {
    id: "omNode-1"
    address: "localhost:15015"
    startupRole: FOLLOWER
  }
  peers {
    id: "omNode-2"
    address: "localhost:15019"
    startupRole: FOLLOWER
  }
}
 from snapshot
2024-07-18 11:33:57,210 [grpc-default-executor-5] INFO  server.RaftServer$Division (ServerState.java:setRaftConf(386)) - omNode-bootstrap-2@group-0AAC5367B30E: set configuration conf: {index: 0, cur=peers:[omNode-3|localhost:15023, omNode-1|localhost:15015, omNode-2|localhost:15019]|listeners:[], old=null}
2024-07-18 11:33:57,212 [grpc-default-executor-5] INFO  ratis.OzoneManagerStateMachine (OzoneManagerStateMachine.java:notifyConfigurationChanged(216)) - Received Configuration change notification from Ratis. New Peer list:
[id: "omNode-3"
address: "localhost:15023"
startupRole: FOLLOWER
, id: "omNode-1"
address: "localhost:15015"
startupRole: FOLLOWER
, id: "omNode-2"
address: "localhost:15019"
startupRole: FOLLOWER
]
2024-07-18 11:33:57,212 [grpc-default-executor-5] INFO  impl.SnapshotInstallationHandler (SnapshotInstallationHandler.java:installSnapshot(103)) - omNode-bootstrap-2@group-0AAC5367B30E: reply installSnapshot: omNode-1<-omNode-bootstrap-2#0:FAIL-t1,IN_PROGRESS,snapshotIndex=0
2024-07-18 11:33:57,212 [grpc-default-executor-5] INFO  server.GrpcServerProtocolService (GrpcServerProtocolService.java:onCompleted(157)) - omNode-bootstrap-2: Completed INSTALL_SNAPSHOT, lastRequest: omNode-1->omNode-bootstrap-2#0-t1,notify:(t:1, i:0)
2024-07-18 11:33:57,212 [grpc-default-executor-5] INFO  server.GrpcServerProtocolService (GrpcServerProtocolService.java:lambda$onCompleted$5(159)) - omNode-bootstrap-2: Completed INSTALL_SNAPSHOT, lastReply: null
2024-07-18 11:33:57,214 [grpc-default-executor-4] INFO  impl.SnapshotInstallationHandler (SnapshotInstallationHandler.java:installSnapshot(92)) - omNode-bootstrap-2@group-0AAC5367B30E: receive installSnapshot: omNode-1->omNode-bootstrap-2#0-t1,notify:(t:1, i:0)
2024-07-18 11:33:57,214 [grpc-default-executor-4] INFO  impl.SnapshotInstallationHandler (SnapshotInstallationHandler.java:installSnapshotImpl(138)) - omNode-bootstrap-2@group-0AAC5367B30E: set new configuration configurationEntry {
  peers {
    id: "omNode-3"
    address: "localhost:15023"
    startupRole: FOLLOWER
  }
  peers {
    id: "omNode-1"
    address: "localhost:15015"
    startupRole: FOLLOWER
  }
  peers {
    id: "omNode-2"
    address: "localhost:15019"
    startupRole: FOLLOWER
  }
}
 from snapshot
2024-07-18 11:33:57,214 [grpc-default-executor-4] INFO  server.RaftServer$Division (ServerState.java:setRaftConf(386)) - omNode-bootstrap-2@group-0AAC5367B30E: set configuration conf: {index: 0, cur=peers:[omNode-3|localhost:15023, omNode-1|localhost:15015, omNode-2|localhost:15019]|listeners:[], old=null}
2024-07-18 11:33:57,215 [omNode-bootstrap-2-server-thread1] INFO  server.RaftServer$Division (RaftServerImpl.java:checkInconsistentAppendEntries(1629)) - omNode-bootstrap-2@group-0AAC5367B30E: Failed appendEntries as snapshot (0) installation is in progress
2024-07-18 11:33:57,215 [omNode-bootstrap-2-server-thread1] INFO  server.RaftServer$Division (RaftServerImpl.java:appendEntriesAsync(1584)) - omNode-bootstrap-2@group-0AAC5367B30E: appendEntries* reply omNode-1<-omNode-bootstrap-2#382:FAIL-t1,INCONSISTENCY,nextIndex=0,followerCommit=-1,matchIndex=-1
2024-07-18 11:33:57,215 [grpc-default-executor-4] INFO  ratis.OzoneManagerStateMachine (OzoneManagerStateMachine.java:notifyConfigurationChanged(216)) - Received Configuration change notification from Ratis. New Peer list:
[id: "omNode-3"
address: "localhost:15023"
startupRole: FOLLOWER
, id: "omNode-1"
address: "localhost:15015"
startupRole: FOLLOWER
, id: "omNode-2"
address: "localhost:15019"
startupRole: FOLLOWER
]
2024-07-18 11:33:57,216 [grpc-default-executor-4] INFO  impl.SnapshotInstallationHandler (SnapshotInstallationHandler.java:installSnapshot(103)) - omNode-bootstrap-2@group-0AAC5367B30E: reply installSnapshot: omNode-1<-omNode-bootstrap-2#0:FAIL-t1,IN_PROGRESS,snapshotIndex=0
2024-07-18 11:33:57,216 [grpc-default-executor-4] INFO  server.GrpcServerProtocolService (GrpcServerProtocolService.java:onCompleted(157)) - omNode-bootstrap-2: Completed INSTALL_SNAPSHOT, lastRequest: omNode-1->omNode-bootstrap-2#0-t1,notify:(t:1, i:0)
2024-07-18 11:33:57,216 [grpc-default-executor-4] INFO  server.GrpcServerProtocolService (GrpcServerProtocolService.java:lambda$onCompleted$5(159)) - omNode-bootstrap-2: Completed INSTALL_SNAPSHOT, lastReply: null
2024-07-18 11:33:57,217 [grpc-default-executor-1] INFO  impl.SnapshotInstallationHandler (SnapshotInstallationHandler.java:installSnapshot(92)) - omNode-bootstrap-2@group-0AAC5367B30E: receive installSnapshot: omNode-1->omNode-bootstrap-2#0-t1,notify:(t:1, i:0)
2024-07-18 11:33:57,218 [grpc-default-executor-1] INFO  impl.SnapshotInstallationHandler (SnapshotInstallationHandler.java:installSnapshotImpl(138)) - omNode-bootstrap-2@group-0AAC5367B30E: set new configuration configurationEntry {
  peers {
    id: "omNode-3"
    address: "localhost:15023"
    startupRole: FOLLOWER
  }
  peers {
    id: "omNode-1"
    address: "localhost:15015"
    startupRole: FOLLOWER
  }
  peers {
    id: "omNode-2"
    address: "localhost:15019"
    startupRole: FOLLOWER
  }
}
 from snapshot
2024-07-18 11:33:57,218 [grpc-default-executor-1] INFO  server.RaftServer$Division (ServerState.java:setRaftConf(386)) - omNode-bootstrap-2@group-0AAC5367B30E: set configuration conf: {index: 0, cur=peers:[omNode-3|localhost:15023, omNode-1|localhost:15015, omNode-2|localhost:15019]|listeners:[], old=null}
2024-07-18 11:33:57,219 [omNode-bootstrap-2-server-thread1] INFO  server.RaftServer$Division (RaftServerImpl.java:checkInconsistentAppendEntries(1629)) - omNode-bootstrap-2@group-0AAC5367B30E: Failed appendEntries as snapshot (0) installation is in progress
2024-07-18 11:33:57,219 [omNode-bootstrap-2-server-thread1] INFO  server.RaftServer$Division (RaftServerImpl.java:appendEntriesAsync(1584)) - omNode-bootstrap-2@group-0AAC5367B30E: appendEntries* reply omNode-1<-omNode-bootstrap-2#383:FAIL-t1,INCONSISTENCY,nextIndex=0,followerCommit=-1,matchIndex=-1
2024-07-18 11:33:57,220 [grpc-default-executor-1] INFO  ratis.OzoneManagerStateMachine (OzoneManagerStateMachine.java:notifyConfigurationChanged(216)) - Received Configuration change notification from Ratis. New Peer list:
[id: "omNode-3"
address: "localhost:15023"
startupRole: FOLLOWER
, id: "omNode-1"
address: "localhost:15015"
startupRole: FOLLOWER
, id: "omNode-2"
address: "localhost:15019"
startupRole: FOLLOWER
]
2024-07-18 11:33:57,220 [grpc-default-executor-1] INFO  impl.SnapshotInstallationHandler (SnapshotInstallationHandler.java:installSnapshot(103)) - omNode-bootstrap-2@group-0AAC5367B30E: reply installSnapshot: omNode-1<-omNode-bootstrap-2#0:FAIL-t1,IN_PROGRESS,snapshotIndex=0
2024-07-18 11:33:57,220 [grpc-default-executor-1] INFO  server.GrpcServerProtocolService (GrpcServerProtocolService.java:onCompleted(157)) - omNode-bootstrap-2: Completed INSTALL_SNAPSHOT, lastRequest: omNode-1->omNode-bootstrap-2#0-t1,notify:(t:1, i:0)
2024-07-18 11:33:57,220 [grpc-default-executor-1] INFO  server.GrpcServerProtocolService (GrpcServerProtocolService.java:lambda$onCompleted$5(159)) - omNode-bootstrap-2: Completed INSTALL_SNAPSHOT, lastReply: null
2024-07-18 11:33:57,221 [grpc-default-executor-0] INFO  impl.SnapshotInstallationHandler (SnapshotInstallationHandler.java:installSnapshot(92)) - omNode-bootstrap-2@group-0AAC5367B30E: receive installSnapshot: omNode-1->omNode-bootstrap-2#0-t1,notify:(t:1, i:0)
2024-07-18 11:33:57,222 [grpc-default-executor-0] INFO  impl.SnapshotInstallationHandler (SnapshotInstallationHandler.java:installSnapshotImpl(138)) - omNode-bootstrap-2@group-0AAC5367B30E: set new configuration configurationEntry {
  peers {
    id: "omNode-3"
    address: "localhost:15023"
    startupRole: FOLLOWER
  }
  peers {
    id: "omNode-1"
    address: "localhost:15015"
    startupRole: FOLLOWER
  }
  peers {
    id: "omNode-2"
    address: "localhost:15019"
    startupRole: FOLLOWER
  }
}
 from snapshot
2024-07-18 11:33:57,222 [grpc-default-executor-0] INFO  server.RaftServer$Division (ServerState.java:setRaftConf(386)) - omNode-bootstrap-2@group-0AAC5367B30E: set configuration conf: {index: 0, cur=peers:[omNode-3|localhost:15023, omNode-1|localhost:15015, omNode-2|localhost:15019]|listeners:[], old=null}
2024-07-18 11:33:57,223 [omNode-bootstrap-2-server-thread1] INFO  server.RaftServer$Division (RaftServerImpl.java:checkInconsistentAppendEntries(1629)) - omNode-bootstrap-2@group-0AAC5367B30E: Failed appendEntries as snapshot (0) installation is in progress
2024-07-18 11:33:57,223 [omNode-bootstrap-2-server-thread1] INFO  server.RaftServer$Division (RaftServerImpl.java:appendEntriesAsync(1584)) - omNode-bootstrap-2@group-0AAC5367B30E: appendEntries* reply omNode-1<-omNode-bootstrap-2#384:FAIL-t1,INCONSISTENCY,nextIndex=0,followerCommit=-1,matchIndex=-1
2024-07-18 11:33:57,223 [grpc-default-executor-0] INFO  ratis.OzoneManagerStateMachine (OzoneManagerStateMachine.java:notifyConfigurationChanged(216)) - Received Configuration change notification from Ratis. New Peer list:
[id: "omNode-3"
address: "localhost:15023"
startupRole: FOLLOWER
, id: "omNode-1"
address: "localhost:15015"
startupRole: FOLLOWER
, id: "omNode-2"
address: "localhost:15019"
startupRole: FOLLOWER
]
2024-07-18 11:33:57,224 [grpc-default-executor-0] INFO  impl.SnapshotInstallationHandler (SnapshotInstallationHandler.java:installSnapshot(103)) - omNode-bootstrap-2@group-0AAC5367B30E: reply installSnapshot: omNode-1<-omNode-bootstrap-2#0:FAIL-t1,IN_PROGRESS,snapshotIndex=0
2024-07-18 11:33:57,224 [grpc-default-executor-0] INFO  server.GrpcServerProtocolService (GrpcServerProtocolService.java:onCompleted(157)) - omNode-bootstrap-2: Completed INSTALL_SNAPSHOT, lastRequest: omNode-1->omNode-bootstrap-2#0-t1,notify:(t:1, i:0)
2024-07-18 11:33:57,224 [grpc-default-executor-0] INFO  server.GrpcServerProtocolService (GrpcServerProtocolService.java:lambda$onCompleted$5(159)) - omNode-bootstrap-2: Completed INSTALL_SNAPSHOT, lastReply: null
2024-07-18 11:33:57,225 [grpc-default-executor-5] INFO  impl.SnapshotInstallationHandler (SnapshotInstallationHandler.java:installSnapshot(92)) - omNode-bootstrap-2@group-0AAC5367B30E: receive installSnapshot: omNode-1->omNode-bootstrap-2#0-t1,notify:(t:1, i:0)
2024-07-18 11:33:57,226 [grpc-default-executor-5] INFO  impl.SnapshotInstallationHandler (SnapshotInstallationHandler.java:installSnapshotImpl(138)) - omNode-bootstrap-2@group-0AAC5367B30E: set new configuration configurationEntry {
  peers {
    id: "omNode-3"
    address: "localhost:15023"
    startupRole: FOLLOWER
  }
  peers {
    id: "omNode-1"
    address: "localhost:15015"
    startupRole: FOLLOWER
  }
  peers {
    id: "omNode-2"
    address: "localhost:15019"
    startupRole: FOLLOWER
  }
}
 from snapshot
2024-07-18 11:33:57,226 [grpc-default-executor-5] INFO  server.RaftServer$Division (ServerState.java:setRaftConf(386)) - omNode-bootstrap-2@group-0AAC5367B30E: set configuration conf: {index: 0, cur=peers:[omNode-3|localhost:15023, omNode-1|localhost:15015, omNode-2|localhost:15019]|listeners:[], old=null}
2024-07-18 11:33:57,227 [omNode-bootstrap-2-server-thread1] INFO  server.RaftServer$Division (RaftServerImpl.java:checkInconsistentAppendEntries(1629)) - omNode-bootstrap-2@group-0AAC5367B30E: Failed appendEntries as snapshot (0) installation is in progress
2024-07-18 11:33:57,227 [omNode-bootstrap-2-server-thread1] INFO  server.RaftServer$Division (RaftServerImpl.java:appendEntriesAsync(1584)) - omNode-bootstrap-2@group-0AAC5367B30E: appendEntries* reply omNode-1<-omNode-bootstrap-2#385:FAIL-t1,INCONSISTENCY,nextIndex=0,followerCommit=-1,matchIndex=-1
2024-07-18 11:33:57,227 [grpc-default-executor-5] INFO  ratis.OzoneManagerStateMachine (OzoneManagerStateMachine.java:notifyConfigurationChanged(216)) - Received Configuration change notification from Ratis. New Peer list:
[id: "omNode-3"
address: "localhost:15023"
startupRole: FOLLOWER
, id: "omNode-1"
address: "localhost:15015"
startupRole: FOLLOWER
, id: "omNode-2"
address: "localhost:15019"
startupRole: FOLLOWER
]
2024-07-18 11:33:57,228 [grpc-default-executor-5] INFO  impl.SnapshotInstallationHandler (SnapshotInstallationHandler.java:installSnapshot(103)) - omNode-bootstrap-2@group-0AAC5367B30E: reply installSnapshot: omNode-1<-omNode-bootstrap-2#0:FAIL-t1,IN_PROGRESS,snapshotIndex=0
2024-07-18 11:33:57,228 [grpc-default-executor-5] INFO  server.GrpcServerProtocolService (GrpcServerProtocolService.java:onCompleted(157)) - omNode-bootstrap-2: Completed INSTALL_SNAPSHOT, lastRequest: omNode-1->omNode-bootstrap-2#0-t1,notify:(t:1, i:0)
2024-07-18 11:33:57,228 [grpc-default-executor-5] INFO  server.GrpcServerProtocolService (GrpcServerProtocolService.java:lambda$onCompleted$5(159)) - omNode-bootstrap-2: Completed INSTALL_SNAPSHOT, lastReply: null
2024-07-18 11:33:57,229 [omNode-bootstrap-2-server-thread1] INFO  server.RaftServer$Division (RaftServerImpl.java:checkInconsistentAppendEntries(1629)) - omNode-bootstrap-2@group-0AAC5367B30E: Failed appendEntries as snapshot (0) installation is in progress
2024-07-18 11:33:57,229 [omNode-bootstrap-2-server-thread1] INFO  server.RaftServer$Division (RaftServerImpl.java:appendEntriesAsync(1584)) - omNode-bootstrap-2@group-0AAC5367B30E: appendEntries* reply omNode-1<-omNode-bootstrap-2#386:FAIL-t1,INCONSISTENCY,nextIndex=0,followerCommit=-1,matchIndex=-1
2024-07-18 11:33:57,230 [grpc-default-executor-5] INFO  impl.SnapshotInstallationHandler (SnapshotInstallationHandler.java:installSnapshot(92)) - omNode-bootstrap-2@group-0AAC5367B30E: receive installSnapshot: omNode-1->omNode-bootstrap-2#0-t1,notify:(t:1, i:0)
2024-07-18 11:33:57,230 [grpc-default-executor-5] INFO  impl.SnapshotInstallationHandler (SnapshotInstallationHandler.java:installSnapshotImpl(138)) - omNode-bootstrap-2@group-0AAC5367B30E: set new configuration configurationEntry {
  peers {
    id: "omNode-3"
    address: "localhost:15023"
    startupRole: FOLLOWER
  }
  peers {
    id: "omNode-1"
    address: "localhost:15015"
    startupRole: FOLLOWER
  }
  peers {
    id: "omNode-2"
    address: "localhost:15019"
    startupRole: FOLLOWER
  }
}
 from snapshot
2024-07-18 11:33:57,231 [grpc-default-executor-5] INFO  server.RaftServer$Division (ServerState.java:setRaftConf(386)) - omNode-bootstrap-2@group-0AAC5367B30E: set configuration conf: {index: 0, cur=peers:[omNode-3|localhost:15023, omNode-1|localhost:15015, omNode-2|localhost:15019]|listeners:[], old=null}
2024-07-18 11:33:57,232 [grpc-default-executor-5] INFO  ratis.OzoneManagerStateMachine (OzoneManagerStateMachine.java:notifyConfigurationChanged(216)) - Received Configuration change notification from Ratis. New Peer list:
[id: "omNode-3"
address: "localhost:15023"
startupRole: FOLLOWER
, id: "omNode-1"
address: "localhost:15015"
startupRole: FOLLOWER
, id: "omNode-2"
address: "localhost:15019"
startupRole: FOLLOWER
]
2024-07-18 11:33:57,232 [grpc-default-executor-5] INFO  impl.SnapshotInstallationHandler (SnapshotInstallationHandler.java:installSnapshot(103)) - omNode-bootstrap-2@group-0AAC5367B30E: reply installSnapshot: omNode-1<-omNode-bootstrap-2#0:FAIL-t1,IN_PROGRESS,snapshotIndex=0
2024-07-18 11:33:57,233 [grpc-default-executor-5] INFO  server.GrpcServerProtocolService (GrpcServerProtocolService.java:onCompleted(157)) - omNode-bootstrap-2: Completed INSTALL_SNAPSHOT, lastRequest: omNode-1->omNode-bootstrap-2#0-t1,notify:(t:1, i:0)
2024-07-18 11:33:57,233 [grpc-default-executor-5] INFO  server.GrpcServerProtocolService (GrpcServerProtocolService.java:lambda$onCompleted$5(159)) - omNode-bootstrap-2: Completed INSTALL_SNAPSHOT, lastReply: null
2024-07-18 11:33:57,234 [grpc-default-executor-0] INFO  impl.SnapshotInstallationHandler (SnapshotInstallationHandler.java:installSnapshot(92)) - omNode-bootstrap-2@group-0AAC5367B30E: receive installSnapshot: omNode-1->omNode-bootstrap-2#0-t1,notify:(t:1, i:0)
2024-07-18 11:33:57,234 [grpc-default-executor-0] INFO  impl.SnapshotInstallationHandler (SnapshotInstallationHandler.java:installSnapshotImpl(138)) - omNode-bootstrap-2@group-0AAC5367B30E: set new configuration configurationEntry {
  peers {
    id: "omNode-3"
    address: "localhost:15023"
    startupRole: FOLLOWER
  }
  peers {
    id: "omNode-1"
    address: "localhost:15015"
    startupRole: FOLLOWER
  }
  peers {
    id: "omNode-2"
    address: "localhost:15019"
    startupRole: FOLLOWER
  }
}
 from snapshot
2024-07-18 11:33:57,234 [grpc-default-executor-0] INFO  server.RaftServer$Division (ServerState.java:setRaftConf(386)) - omNode-bootstrap-2@group-0AAC5367B30E: set configuration conf: {index: 0, cur=peers:[omNode-3|localhost:15023, omNode-1|localhost:15015, omNode-2|localhost:15019]|listeners:[], old=null}
2024-07-18 11:33:57,235 [omNode-bootstrap-2-server-thread1] INFO  server.RaftServer$Division (RaftServerImpl.java:checkInconsistentAppendEntries(1629)) - omNode-bootstrap-2@group-0AAC5367B30E: Failed appendEntries as snapshot (0) installation is in progress
2024-07-18 11:33:57,235 [omNode-bootstrap-2-server-thread1] INFO  server.RaftServer$Division (RaftServerImpl.java:appendEntriesAsync(1584)) - omNode-bootstrap-2@group-0AAC5367B30E: appendEntries* reply omNode-1<-omNode-bootstrap-2#387:FAIL-t1,INCONSISTENCY,nextIndex=0,followerCommit=-1,matchIndex=-1
2024-07-18 11:33:57,236 [grpc-default-executor-0] INFO  ratis.OzoneManagerStateMachine (OzoneManagerStateMachine.java:notifyConfigurationChanged(216)) - Received Configuration change notification from Ratis. New Peer list:
[id: "omNode-3"
address: "localhost:15023"
startupRole: FOLLOWER
, id: "omNode-1"
address: "localhost:15015"
startupRole: FOLLOWER
, id: "omNode-2"
address: "localhost:15019"
startupRole: FOLLOWER
]
2024-07-18 11:33:57,236 [grpc-default-executor-0] INFO  impl.SnapshotInstallationHandler (SnapshotInstallationHandler.java:installSnapshot(103)) - omNode-bootstrap-2@group-0AAC5367B30E: reply installSnapshot: omNode-1<-omNode-bootstrap-2#0:FAIL-t1,IN_PROGRESS,snapshotIndex=0
2024-07-18 11:33:57,236 [grpc-default-executor-0] INFO  server.GrpcServerProtocolService (GrpcServerProtocolService.java:onCompleted(157)) - omNode-bootstrap-2: Completed INSTALL_SNAPSHOT, lastRequest: omNode-1->omNode-bootstrap-2#0-t1,notify:(t:1, i:0)
2024-07-18 11:33:57,237 [grpc-default-executor-0] INFO  server.GrpcServerProtocolService (GrpcServerProtocolService.java:lambda$onCompleted$5(159)) - omNode-bootstrap-2: Completed INSTALL_SNAPSHOT, lastReply: null
2024-07-18 11:33:57,237 [omNode-bootstrap-2-server-thread1] INFO  server.RaftServer$Division (RaftServerImpl.java:checkInconsistentAppendEntries(1629)) - omNode-bootstrap-2@group-0AAC5367B30E: Failed appendEntries as snapshot (0) installation is in progress
2024-07-18 11:33:57,238 [omNode-bootstrap-2-server-thread1] INFO  server.RaftServer$Division (RaftServerImpl.java:appendEntriesAsync(1584)) - omNode-bootstrap-2@group-0AAC5367B30E: appendEntries* reply omNode-1<-omNode-bootstrap-2#388:FAIL-t1,INCONSISTENCY,nextIndex=0,followerCommit=-1,matchIndex=-1
2024-07-18 11:33:57,239 [grpc-default-executor-1] INFO  impl.SnapshotInstallationHandler (SnapshotInstallationHandler.java:installSnapshot(92)) - omNode-bootstrap-2@group-0AAC5367B30E: receive installSnapshot: omNode-1->omNode-bootstrap-2#0-t1,notify:(t:1, i:0)
2024-07-18 11:33:57,239 [grpc-default-executor-1] INFO  impl.SnapshotInstallationHandler (SnapshotInstallationHandler.java:installSnapshotImpl(138)) - omNode-bootstrap-2@group-0AAC5367B30E: set new configuration configurationEntry {
  peers {
    id: "omNode-3"
    address: "localhost:15023"
    startupRole: FOLLOWER
  }
  peers {
    id: "omNode-1"
    address: "localhost:15015"
    startupRole: FOLLOWER
  }
  peers {
    id: "omNode-2"
    address: "localhost:15019"
    startupRole: FOLLOWER
  }
}
 from snapshot
2024-07-18 11:33:57,239 [grpc-default-executor-1] INFO  server.RaftServer$Division (ServerState.java:setRaftConf(386)) - omNode-bootstrap-2@group-0AAC5367B30E: set configuration conf: {index: 0, cur=peers:[omNode-3|localhost:15023, omNode-1|localhost:15015, omNode-2|localhost:15019]|listeners:[], old=null}
2024-07-18 11:33:57,240 [grpc-default-executor-1] INFO  ratis.OzoneManagerStateMachine (OzoneManagerStateMachine.java:notifyConfigurationChanged(216)) - Received Configuration change notification from Ratis. New Peer list:
[id: "omNode-3"
address: "localhost:15023"
startupRole: FOLLOWER
, id: "omNode-1"
address: "localhost:15015"
startupRole: FOLLOWER
, id: "omNode-2"
address: "localhost:15019"
startupRole: FOLLOWER
]
2024-07-18 11:33:57,240 [grpc-default-executor-1] INFO  impl.SnapshotInstallationHandler (SnapshotInstallationHandler.java:installSnapshot(103)) - omNode-bootstrap-2@group-0AAC5367B30E: reply installSnapshot: omNode-1<-omNode-bootstrap-2#0:FAIL-t1,IN_PROGRESS,snapshotIndex=0
2024-07-18 11:33:57,241 [grpc-default-executor-1] INFO  server.GrpcServerProtocolService (GrpcServerProtocolService.java:onCompleted(157)) - omNode-bootstrap-2: Completed INSTALL_SNAPSHOT, lastRequest: omNode-1->omNode-bootstrap-2#0-t1,notify:(t:1, i:0)
2024-07-18 11:33:57,241 [grpc-default-executor-1] INFO  server.GrpcServerProtocolService (GrpcServerProtocolService.java:lambda$onCompleted$5(159)) - omNode-bootstrap-2: Completed INSTALL_SNAPSHOT, lastReply: null
2024-07-18 11:33:57,252 [omNode-bootstrap-2-server-thread1] INFO  server.RaftServer$Division (RaftServerImpl.java:checkInconsistentAppendEntries(1629)) - omNode-bootstrap-2@group-0AAC5367B30E: Failed appendEntries as snapshot (0) installation is in progress
2024-07-18 11:33:57,253 [omNode-bootstrap-2-server-thread1] INFO  server.RaftServer$Division (RaftServerImpl.java:appendEntriesAsync(1584)) - omNode-bootstrap-2@group-0AAC5367B30E: appendEntries* reply omNode-1<-omNode-bootstrap-2#389:FAIL-t1,INCONSISTENCY,nextIndex=0,followerCommit=-1,matchIndex=-1
2024-07-18 11:33:57,254 [grpc-default-executor-5] INFO  impl.SnapshotInstallationHandler (SnapshotInstallationHandler.java:installSnapshot(92)) - omNode-bootstrap-2@group-0AAC5367B30E: receive installSnapshot: omNode-1->omNode-bootstrap-2#0-t1,notify:(t:1, i:0)
2024-07-18 11:33:57,254 [grpc-default-executor-5] INFO  impl.SnapshotInstallationHandler (SnapshotInstallationHandler.java:installSnapshotImpl(138)) - omNode-bootstrap-2@group-0AAC5367B30E: set new configuration configurationEntry {
  peers {
    id: "omNode-3"
    address: "localhost:15023"
    startupRole: FOLLOWER
  }
  peers {
    id: "omNode-1"
    address: "localhost:15015"
    startupRole: FOLLOWER
  }
  peers {
    id: "omNode-2"
    address: "localhost:15019"
    startupRole: FOLLOWER
  }
}
 from snapshot
2024-07-18 11:33:57,254 [grpc-default-executor-5] INFO  server.RaftServer$Division (ServerState.java:setRaftConf(386)) - omNode-bootstrap-2@group-0AAC5367B30E: set configuration conf: {index: 0, cur=peers:[omNode-3|localhost:15023, omNode-1|localhost:15015, omNode-2|localhost:15019]|listeners:[], old=null}
2024-07-18 11:33:57,256 [grpc-default-executor-5] INFO  ratis.OzoneManagerStateMachine (OzoneManagerStateMachine.java:notifyConfigurationChanged(216)) - Received Configuration change notification from Ratis. New Peer list:
[id: "omNode-3"
address: "localhost:15023"
startupRole: FOLLOWER
, id: "omNode-1"
address: "localhost:15015"
startupRole: FOLLOWER
, id: "omNode-2"
address: "localhost:15019"
startupRole: FOLLOWER
]
2024-07-18 11:33:57,256 [grpc-default-executor-5] INFO  impl.SnapshotInstallationHandler (SnapshotInstallationHandler.java:installSnapshot(103)) - omNode-bootstrap-2@group-0AAC5367B30E: reply installSnapshot: omNode-1<-omNode-bootstrap-2#0:FAIL-t1,IN_PROGRESS,snapshotIndex=0
2024-07-18 11:33:57,257 [grpc-default-executor-5] INFO  server.GrpcServerProtocolService (GrpcServerProtocolService.java:onCompleted(157)) - omNode-bootstrap-2: Completed INSTALL_SNAPSHOT, lastRequest: omNode-1->omNode-bootstrap-2#0-t1,notify:(t:1, i:0)
2024-07-18 11:33:57,257 [grpc-default-executor-5] INFO  server.GrpcServerProtocolService (GrpcServerProtocolService.java:lambda$onCompleted$5(159)) - omNode-bootstrap-2: Completed INSTALL_SNAPSHOT, lastReply: null
2024-07-18 11:33:57,258 [omNode-bootstrap-2-server-thread1] INFO  server.RaftServer$Division (RaftServerImpl.java:checkInconsistentAppendEntries(1629)) - omNode-bootstrap-2@group-0AAC5367B30E: Failed appendEntries as snapshot (0) installation is in progress
2024-07-18 11:33:57,258 [omNode-bootstrap-2-server-thread1] INFO  server.RaftServer$Division (RaftServerImpl.java:appendEntriesAsync(1584)) - omNode-bootstrap-2@group-0AAC5367B30E: appendEntries* reply omNode-1<-omNode-bootstrap-2#390:FAIL-t1,INCONSISTENCY,nextIndex=0,followerCommit=-1,matchIndex=-1
2024-07-18 11:33:57,259 [grpc-default-executor-0] INFO  impl.SnapshotInstallationHandler (SnapshotInstallationHandler.java:installSnapshot(92)) - omNode-bootstrap-2@group-0AAC5367B30E: receive installSnapshot: omNode-1->omNode-bootstrap-2#0-t1,notify:(t:1, i:0)
2024-07-18 11:33:57,259 [grpc-default-executor-0] INFO  impl.SnapshotInstallationHandler (SnapshotInstallationHandler.java:installSnapshotImpl(138)) - omNode-bootstrap-2@group-0AAC5367B30E: set new configuration configurationEntry {
  peers {
    id: "omNode-3"
    address: "localhost:15023"
    startupRole: FOLLOWER
  }
  peers {
    id: "omNode-1"
    address: "localhost:15015"
    startupRole: FOLLOWER
  }
  peers {
    id: "omNode-2"
    address: "localhost:15019"
    startupRole: FOLLOWER
  }
}
 from snapshot
2024-07-18 11:33:57,259 [grpc-default-executor-0] INFO  server.RaftServer$Division (ServerState.java:setRaftConf(386)) - omNode-bootstrap-2@group-0AAC5367B30E: set configuration conf: {index: 0, cur=peers:[omNode-3|localhost:15023, omNode-1|localhost:15015, omNode-2|localhost:15019]|listeners:[], old=null}
2024-07-18 11:33:57,260 [grpc-default-executor-0] INFO  ratis.OzoneManagerStateMachine (OzoneManagerStateMachine.java:notifyConfigurationChanged(216)) - Received Configuration change notification from Ratis. New Peer list:
[id: "omNode-3"
address: "localhost:15023"
startupRole: FOLLOWER
, id: "omNode-1"
address: "localhost:15015"
startupRole: FOLLOWER
, id: "omNode-2"
address: "localhost:15019"
startupRole: FOLLOWER
]
2024-07-18 11:33:57,260 [grpc-default-executor-0] INFO  impl.SnapshotInstallationHandler (SnapshotInstallationHandler.java:installSnapshot(103)) - omNode-bootstrap-2@group-0AAC5367B30E: reply installSnapshot: omNode-1<-omNode-bootstrap-2#0:FAIL-t1,IN_PROGRESS,snapshotIndex=0
2024-07-18 11:33:57,260 [grpc-default-executor-0] INFO  server.GrpcServerProtocolService (GrpcServerProtocolService.java:onCompleted(157)) - omNode-bootstrap-2: Completed INSTALL_SNAPSHOT, lastRequest: omNode-1->omNode-bootstrap-2#0-t1,notify:(t:1, i:0)
2024-07-18 11:33:57,260 [grpc-default-executor-0] INFO  server.GrpcServerProtocolService (GrpcServerProtocolService.java:lambda$onCompleted$5(159)) - omNode-bootstrap-2: Completed INSTALL_SNAPSHOT, lastReply: null
2024-07-18 11:33:57,261 [omNode-bootstrap-2-server-thread1] INFO  server.RaftServer$Division (RaftServerImpl.java:checkInconsistentAppendEntries(1629)) - omNode-bootstrap-2@group-0AAC5367B30E: Failed appendEntries as snapshot (0) installation is in progress
2024-07-18 11:33:57,261 [omNode-bootstrap-2-server-thread1] INFO  server.RaftServer$Division (RaftServerImpl.java:appendEntriesAsync(1584)) - omNode-bootstrap-2@group-0AAC5367B30E: appendEntries* reply omNode-1<-omNode-bootstrap-2#391:FAIL-t1,INCONSISTENCY,nextIndex=0,followerCommit=-1,matchIndex=-1
2024-07-18 11:33:57,262 [grpc-default-executor-1] INFO  impl.SnapshotInstallationHandler (SnapshotInstallationHandler.java:installSnapshot(92)) - omNode-bootstrap-2@group-0AAC5367B30E: receive installSnapshot: omNode-1->omNode-bootstrap-2#0-t1,notify:(t:1, i:0)
2024-07-18 11:33:57,262 [grpc-default-executor-1] INFO  impl.SnapshotInstallationHandler (SnapshotInstallationHandler.java:installSnapshotImpl(138)) - omNode-bootstrap-2@group-0AAC5367B30E: set new configuration configurationEntry {
  peers {
    id: "omNode-3"
    address: "localhost:15023"
    startupRole: FOLLOWER
  }
  peers {
    id: "omNode-1"
    address: "localhost:15015"
    startupRole: FOLLOWER
  }
  peers {
    id: "omNode-2"
    address: "localhost:15019"
    startupRole: FOLLOWER
  }
}
 from snapshot
2024-07-18 11:33:57,262 [grpc-default-executor-1] INFO  server.RaftServer$Division (ServerState.java:setRaftConf(386)) - omNode-bootstrap-2@group-0AAC5367B30E: set configuration conf: {index: 0, cur=peers:[omNode-3|localhost:15023, omNode-1|localhost:15015, omNode-2|localhost:15019]|listeners:[], old=null}
2024-07-18 11:33:57,263 [grpc-default-executor-1] INFO  ratis.OzoneManagerStateMachine (OzoneManagerStateMachine.java:notifyConfigurationChanged(216)) - Received Configuration change notification from Ratis. New Peer list:
[id: "omNode-3"
address: "localhost:15023"
startupRole: FOLLOWER
, id: "omNode-1"
address: "localhost:15015"
startupRole: FOLLOWER
, id: "omNode-2"
address: "localhost:15019"
startupRole: FOLLOWER
]
2024-07-18 11:33:57,263 [grpc-default-executor-1] INFO  impl.SnapshotInstallationHandler (SnapshotInstallationHandler.java:installSnapshot(103)) - omNode-bootstrap-2@group-0AAC5367B30E: reply installSnapshot: omNode-1<-omNode-bootstrap-2#0:FAIL-t1,IN_PROGRESS,snapshotIndex=0
2024-07-18 11:33:57,264 [grpc-default-executor-1] INFO  server.GrpcServerProtocolService (GrpcServerProtocolService.java:onCompleted(157)) - omNode-bootstrap-2: Completed INSTALL_SNAPSHOT, lastRequest: omNode-1->omNode-bootstrap-2#0-t1,notify:(t:1, i:0)
2024-07-18 11:33:57,264 [grpc-default-executor-1] INFO  server.GrpcServerProtocolService (GrpcServerProtocolService.java:lambda$onCompleted$5(159)) - omNode-bootstrap-2: Completed INSTALL_SNAPSHOT, lastReply: null
2024-07-18 11:33:57,265 [grpc-default-executor-0] INFO  impl.SnapshotInstallationHandler (SnapshotInstallationHandler.java:installSnapshot(92)) - omNode-bootstrap-2@group-0AAC5367B30E: receive installSnapshot: omNode-1->omNode-bootstrap-2#0-t1,notify:(t:1, i:0)
2024-07-18 11:33:57,265 [grpc-default-executor-0] INFO  impl.SnapshotInstallationHandler (SnapshotInstallationHandler.java:installSnapshotImpl(138)) - omNode-bootstrap-2@group-0AAC5367B30E: set new configuration configurationEntry {
  peers {
    id: "omNode-3"
    address: "localhost:15023"
    startupRole: FOLLOWER
  }
  peers {
    id: "omNode-1"
    address: "localhost:15015"
    startupRole: FOLLOWER
  }
  peers {
    id: "omNode-2"
    address: "localhost:15019"
    startupRole: FOLLOWER
  }
}
 from snapshot
2024-07-18 11:33:57,265 [grpc-default-executor-0] INFO  server.RaftServer$Division (ServerState.java:setRaftConf(386)) - omNode-bootstrap-2@group-0AAC5367B30E: set configuration conf: {index: 0, cur=peers:[omNode-3|localhost:15023, omNode-1|localhost:15015, omNode-2|localhost:15019]|listeners:[], old=null}
2024-07-18 11:33:57,266 [omNode-bootstrap-2-server-thread1] INFO  server.RaftServer$Division (RaftServerImpl.java:checkInconsistentAppendEntries(1629)) - omNode-bootstrap-2@group-0AAC5367B30E: Failed appendEntries as snapshot (0) installation is in progress
2024-07-18 11:33:57,266 [omNode-bootstrap-2-server-thread1] INFO  server.RaftServer$Division (RaftServerImpl.java:appendEntriesAsync(1584)) - omNode-bootstrap-2@group-0AAC5367B30E: appendEntries* reply omNode-1<-omNode-bootstrap-2#392:FAIL-t1,INCONSISTENCY,nextIndex=0,followerCommit=-1,matchIndex=-1
2024-07-18 11:33:57,266 [grpc-default-executor-0] INFO  ratis.OzoneManagerStateMachine (OzoneManagerStateMachine.java:notifyConfigurationChanged(216)) - Received Configuration change notification from Ratis. New Peer list:
[id: "omNode-3"
address: "localhost:15023"
startupRole: FOLLOWER
, id: "omNode-1"
address: "localhost:15015"
startupRole: FOLLOWER
, id: "omNode-2"
address: "localhost:15019"
startupRole: FOLLOWER
]
2024-07-18 11:33:57,266 [grpc-default-executor-0] INFO  impl.SnapshotInstallationHandler (SnapshotInstallationHandler.java:installSnapshot(103)) - omNode-bootstrap-2@group-0AAC5367B30E: reply installSnapshot: omNode-1<-omNode-bootstrap-2#0:FAIL-t1,IN_PROGRESS,snapshotIndex=0
2024-07-18 11:33:57,267 [grpc-default-executor-0] INFO  server.GrpcServerProtocolService (GrpcServerProtocolService.java:onCompleted(157)) - omNode-bootstrap-2: Completed INSTALL_SNAPSHOT, lastRequest: omNode-1->omNode-bootstrap-2#0-t1,notify:(t:1, i:0)
2024-07-18 11:33:57,267 [grpc-default-executor-0] INFO  server.GrpcServerProtocolService (GrpcServerProtocolService.java:lambda$onCompleted$5(159)) - omNode-bootstrap-2: Completed INSTALL_SNAPSHOT, lastReply: null
2024-07-18 11:33:57,268 [grpc-default-executor-4] INFO  impl.SnapshotInstallationHandler (SnapshotInstallationHandler.java:installSnapshot(92)) - omNode-bootstrap-2@group-0AAC5367B30E: receive installSnapshot: omNode-1->omNode-bootstrap-2#0-t1,notify:(t:1, i:0)
2024-07-18 11:33:57,268 [grpc-default-executor-4] INFO  impl.SnapshotInstallationHandler (SnapshotInstallationHandler.java:installSnapshotImpl(138)) - omNode-bootstrap-2@group-0AAC5367B30E: set new configuration configurationEntry {
  peers {
    id: "omNode-3"
    address: "localhost:15023"
    startupRole: FOLLOWER
  }
  peers {
    id: "omNode-1"
    address: "localhost:15015"
    startupRole: FOLLOWER
  }
  peers {
    id: "omNode-2"
    address: "localhost:15019"
    startupRole: FOLLOWER
  }
}
 from snapshot
2024-07-18 11:33:57,268 [grpc-default-executor-4] INFO  server.RaftServer$Division (ServerState.java:setRaftConf(386)) - omNode-bootstrap-2@group-0AAC5367B30E: set configuration conf: {index: 0, cur=peers:[omNode-3|localhost:15023, omNode-1|localhost:15015, omNode-2|localhost:15019]|listeners:[], old=null}
2024-07-18 11:33:57,269 [omNode-bootstrap-2-server-thread1] INFO  server.RaftServer$Division (RaftServerImpl.java:checkInconsistentAppendEntries(1629)) - omNode-bootstrap-2@group-0AAC5367B30E: Failed appendEntries as snapshot (0) installation is in progress
2024-07-18 11:33:57,269 [omNode-bootstrap-2-server-thread1] INFO  server.RaftServer$Division (RaftServerImpl.java:appendEntriesAsync(1584)) - omNode-bootstrap-2@group-0AAC5367B30E: appendEntries* reply omNode-1<-omNode-bootstrap-2#393:FAIL-t1,INCONSISTENCY,nextIndex=0,followerCommit=-1,matchIndex=-1
2024-07-18 11:33:57,270 [grpc-default-executor-4] INFO  ratis.OzoneManagerStateMachine (OzoneManagerStateMachine.java:notifyConfigurationChanged(216)) - Received Configuration change notification from Ratis. New Peer list:
[id: "omNode-3"
address: "localhost:15023"
startupRole: FOLLOWER
, id: "omNode-1"
address: "localhost:15015"
startupRole: FOLLOWER
, id: "omNode-2"
address: "localhost:15019"
startupRole: FOLLOWER
]
2024-07-18 11:33:57,270 [grpc-default-executor-4] INFO  impl.SnapshotInstallationHandler (SnapshotInstallationHandler.java:installSnapshot(103)) - omNode-bootstrap-2@group-0AAC5367B30E: reply installSnapshot: omNode-1<-omNode-bootstrap-2#0:FAIL-t1,IN_PROGRESS,snapshotIndex=0
2024-07-18 11:33:57,270 [grpc-default-executor-4] INFO  server.GrpcServerProtocolService (GrpcServerProtocolService.java:onCompleted(157)) - omNode-bootstrap-2: Completed INSTALL_SNAPSHOT, lastRequest: omNode-1->omNode-bootstrap-2#0-t1,notify:(t:1, i:0)
2024-07-18 11:33:57,270 [grpc-default-executor-4] INFO  server.GrpcServerProtocolService (GrpcServerProtocolService.java:lambda$onCompleted$5(159)) - omNode-bootstrap-2: Completed INSTALL_SNAPSHOT, lastReply: null
2024-07-18 11:33:57,271 [omNode-bootstrap-2-server-thread1] INFO  server.RaftServer$Division (RaftServerImpl.java:checkInconsistentAppendEntries(1629)) - omNode-bootstrap-2@group-0AAC5367B30E: Failed appendEntries as snapshot (0) installation is in progress
2024-07-18 11:33:57,271 [omNode-bootstrap-2-server-thread1] INFO  server.RaftServer$Division (RaftServerImpl.java:appendEntriesAsync(1584)) - omNode-bootstrap-2@group-0AAC5367B30E: appendEntries* reply omNode-1<-omNode-bootstrap-2#394:FAIL-t1,INCONSISTENCY,nextIndex=0,followerCommit=-1,matchIndex=-1
2024-07-18 11:33:57,272 [grpc-default-executor-4] INFO  impl.SnapshotInstallationHandler (SnapshotInstallationHandler.java:installSnapshot(92)) - omNode-bootstrap-2@group-0AAC5367B30E: receive installSnapshot: omNode-1->omNode-bootstrap-2#0-t1,notify:(t:1, i:0)
2024-07-18 11:33:57,272 [grpc-default-executor-4] INFO  impl.SnapshotInstallationHandler (SnapshotInstallationHandler.java:installSnapshotImpl(138)) - omNode-bootstrap-2@group-0AAC5367B30E: set new configuration configurationEntry {
  peers {
    id: "omNode-3"
    address: "localhost:15023"
    startupRole: FOLLOWER
  }
  peers {
    id: "omNode-1"
    address: "localhost:15015"
    startupRole: FOLLOWER
  }
  peers {
    id: "omNode-2"
    address: "localhost:15019"
    startupRole: FOLLOWER
  }
}
 from snapshot
2024-07-18 11:33:57,272 [grpc-default-executor-4] INFO  server.RaftServer$Division (ServerState.java:setRaftConf(386)) - omNode-bootstrap-2@group-0AAC5367B30E: set configuration conf: {index: 0, cur=peers:[omNode-3|localhost:15023, omNode-1|localhost:15015, omNode-2|localhost:15019]|listeners:[], old=null}
2024-07-18 11:33:57,275 [grpc-default-executor-4] INFO  ratis.OzoneManagerStateMachine (OzoneManagerStateMachine.java:notifyConfigurationChanged(216)) - Received Configuration change notification from Ratis. New Peer list:
[id: "omNode-3"
address: "localhost:15023"
startupRole: FOLLOWER
, id: "omNode-1"
address: "localhost:15015"
startupRole: FOLLOWER
, id: "omNode-2"
address: "localhost:15019"
startupRole: FOLLOWER
]
2024-07-18 11:33:57,275 [grpc-default-executor-4] INFO  impl.SnapshotInstallationHandler (SnapshotInstallationHandler.java:installSnapshot(103)) - omNode-bootstrap-2@group-0AAC5367B30E: reply installSnapshot: omNode-1<-omNode-bootstrap-2#0:FAIL-t1,IN_PROGRESS,snapshotIndex=0
2024-07-18 11:33:57,275 [grpc-default-executor-4] INFO  server.GrpcServerProtocolService (GrpcServerProtocolService.java:onCompleted(157)) - omNode-bootstrap-2: Completed INSTALL_SNAPSHOT, lastRequest: omNode-1->omNode-bootstrap-2#0-t1,notify:(t:1, i:0)
2024-07-18 11:33:57,275 [grpc-default-executor-4] INFO  server.GrpcServerProtocolService (GrpcServerProtocolService.java:lambda$onCompleted$5(159)) - omNode-bootstrap-2: Completed INSTALL_SNAPSHOT, lastReply: null
2024-07-18 11:33:57,276 [omNode-bootstrap-2-server-thread1] INFO  server.RaftServer$Division (RaftServerImpl.java:checkInconsistentAppendEntries(1629)) - omNode-bootstrap-2@group-0AAC5367B30E: Failed appendEntries as snapshot (0) installation is in progress
2024-07-18 11:33:57,276 [omNode-bootstrap-2-server-thread1] INFO  server.RaftServer$Division (RaftServerImpl.java:appendEntriesAsync(1584)) - omNode-bootstrap-2@group-0AAC5367B30E: appendEntries* reply omNode-1<-omNode-bootstrap-2#395:FAIL-t1,INCONSISTENCY,nextIndex=0,followerCommit=-1,matchIndex=-1
2024-07-18 11:33:57,277 [grpc-default-executor-0] INFO  impl.SnapshotInstallationHandler (SnapshotInstallationHandler.java:installSnapshot(92)) - omNode-bootstrap-2@group-0AAC5367B30E: receive installSnapshot: omNode-1->omNode-bootstrap-2#0-t1,notify:(t:1, i:0)
2024-07-18 11:33:57,277 [grpc-default-executor-0] INFO  impl.SnapshotInstallationHandler (SnapshotInstallationHandler.java:installSnapshotImpl(138)) - omNode-bootstrap-2@group-0AAC5367B30E: set new configuration configurationEntry {
  peers {
    id: "omNode-3"
    address: "localhost:15023"
    startupRole: FOLLOWER
  }
  peers {
    id: "omNode-1"
    address: "localhost:15015"
    startupRole: FOLLOWER
  }
  peers {
    id: "omNode-2"
    address: "localhost:15019"
    startupRole: FOLLOWER
  }
}
 from snapshot
2024-07-18 11:33:57,277 [grpc-default-executor-0] INFO  server.RaftServer$Division (ServerState.java:setRaftConf(386)) - omNode-bootstrap-2@group-0AAC5367B30E: set configuration conf: {index: 0, cur=peers:[omNode-3|localhost:15023, omNode-1|localhost:15015, omNode-2|localhost:15019]|listeners:[], old=null}
2024-07-18 11:33:57,278 [grpc-default-executor-0] INFO  ratis.OzoneManagerStateMachine (OzoneManagerStateMachine.java:notifyConfigurationChanged(216)) - Received Configuration change notification from Ratis. New Peer list:
[id: "omNode-3"
address: "localhost:15023"
startupRole: FOLLOWER
, id: "omNode-1"
address: "localhost:15015"
startupRole: FOLLOWER
, id: "omNode-2"
address: "localhost:15019"
startupRole: FOLLOWER
]
2024-07-18 11:33:57,278 [grpc-default-executor-0] INFO  impl.SnapshotInstallationHandler (SnapshotInstallationHandler.java:installSnapshot(103)) - omNode-bootstrap-2@group-0AAC5367B30E: reply installSnapshot: omNode-1<-omNode-bootstrap-2#0:FAIL-t1,IN_PROGRESS,snapshotIndex=0
2024-07-18 11:33:57,278 [grpc-default-executor-0] INFO  server.GrpcServerProtocolService (GrpcServerProtocolService.java:onCompleted(157)) - omNode-bootstrap-2: Completed INSTALL_SNAPSHOT, lastRequest: omNode-1->omNode-bootstrap-2#0-t1,notify:(t:1, i:0)
2024-07-18 11:33:57,279 [grpc-default-executor-0] INFO  server.GrpcServerProtocolService (GrpcServerProtocolService.java:lambda$onCompleted$5(159)) - omNode-bootstrap-2: Completed INSTALL_SNAPSHOT, lastReply: null
2024-07-18 11:33:57,280 [grpc-default-executor-1] INFO  impl.SnapshotInstallationHandler (SnapshotInstallationHandler.java:installSnapshot(92)) - omNode-bootstrap-2@group-0AAC5367B30E: receive installSnapshot: omNode-1->omNode-bootstrap-2#0-t1,notify:(t:1, i:0)
2024-07-18 11:33:57,280 [grpc-default-executor-1] INFO  impl.SnapshotInstallationHandler (SnapshotInstallationHandler.java:installSnapshotImpl(138)) - omNode-bootstrap-2@group-0AAC5367B30E: set new configuration configurationEntry {
  peers {
    id: "omNode-3"
    address: "localhost:15023"
    startupRole: FOLLOWER
  }
  peers {
    id: "omNode-1"
    address: "localhost:15015"
    startupRole: FOLLOWER
  }
  peers {
    id: "omNode-2"
    address: "localhost:15019"
    startupRole: FOLLOWER
  }
}
 from snapshot
2024-07-18 11:33:57,280 [grpc-default-executor-1] INFO  server.RaftServer$Division (ServerState.java:setRaftConf(386)) - omNode-bootstrap-2@group-0AAC5367B30E: set configuration conf: {index: 0, cur=peers:[omNode-3|localhost:15023, omNode-1|localhost:15015, omNode-2|localhost:15019]|listeners:[], old=null}
2024-07-18 11:33:57,281 [omNode-bootstrap-2-server-thread1] INFO  server.RaftServer$Division (RaftServerImpl.java:checkInconsistentAppendEntries(1629)) - omNode-bootstrap-2@group-0AAC5367B30E: Failed appendEntries as snapshot (0) installation is in progress
2024-07-18 11:33:57,281 [omNode-bootstrap-2-server-thread1] INFO  server.RaftServer$Division (RaftServerImpl.java:appendEntriesAsync(1584)) - omNode-bootstrap-2@group-0AAC5367B30E: appendEntries* reply omNode-1<-omNode-bootstrap-2#396:FAIL-t1,INCONSISTENCY,nextIndex=0,followerCommit=-1,matchIndex=-1
2024-07-18 11:33:57,282 [grpc-default-executor-1] INFO  ratis.OzoneManagerStateMachine (OzoneManagerStateMachine.java:notifyConfigurationChanged(216)) - Received Configuration change notification from Ratis. New Peer list:
[id: "omNode-3"
address: "localhost:15023"
startupRole: FOLLOWER
, id: "omNode-1"
address: "localhost:15015"
startupRole: FOLLOWER
, id: "omNode-2"
address: "localhost:15019"
startupRole: FOLLOWER
]
2024-07-18 11:33:57,282 [grpc-default-executor-1] INFO  impl.SnapshotInstallationHandler (SnapshotInstallationHandler.java:installSnapshot(103)) - omNode-bootstrap-2@group-0AAC5367B30E: reply installSnapshot: omNode-1<-omNode-bootstrap-2#0:FAIL-t1,IN_PROGRESS,snapshotIndex=0
2024-07-18 11:33:57,282 [grpc-default-executor-1] INFO  server.GrpcServerProtocolService (GrpcServerProtocolService.java:onCompleted(157)) - omNode-bootstrap-2: Completed INSTALL_SNAPSHOT, lastRequest: omNode-1->omNode-bootstrap-2#0-t1,notify:(t:1, i:0)
2024-07-18 11:33:57,282 [grpc-default-executor-1] INFO  server.GrpcServerProtocolService (GrpcServerProtocolService.java:lambda$onCompleted$5(159)) - omNode-bootstrap-2: Completed INSTALL_SNAPSHOT, lastReply: null
2024-07-18 11:33:57,284 [omNode-bootstrap-2-server-thread1] INFO  server.RaftServer$Division (RaftServerImpl.java:checkInconsistentAppendEntries(1629)) - omNode-bootstrap-2@group-0AAC5367B30E: Failed appendEntries as snapshot (0) installation is in progress
2024-07-18 11:33:57,284 [omNode-bootstrap-2-server-thread1] INFO  server.RaftServer$Division (RaftServerImpl.java:appendEntriesAsync(1584)) - omNode-bootstrap-2@group-0AAC5367B30E: appendEntries* reply omNode-1<-omNode-bootstrap-2#397:FAIL-t1,INCONSISTENCY,nextIndex=0,followerCommit=-1,matchIndex=-1
2024-07-18 11:33:57,285 [grpc-default-executor-0] INFO  impl.SnapshotInstallationHandler (SnapshotInstallationHandler.java:installSnapshot(92)) - omNode-bootstrap-2@group-0AAC5367B30E: receive installSnapshot: omNode-1->omNode-bootstrap-2#0-t1,notify:(t:1, i:0)
2024-07-18 11:33:57,285 [grpc-default-executor-0] INFO  impl.SnapshotInstallationHandler (SnapshotInstallationHandler.java:installSnapshotImpl(138)) - omNode-bootstrap-2@group-0AAC5367B30E: set new configuration configurationEntry {
  peers {
    id: "omNode-3"
    address: "localhost:15023"
    startupRole: FOLLOWER
  }
  peers {
    id: "omNode-1"
    address: "localhost:15015"
    startupRole: FOLLOWER
  }
  peers {
    id: "omNode-2"
    address: "localhost:15019"
    startupRole: FOLLOWER
  }
}
 from snapshot
2024-07-18 11:33:57,285 [grpc-default-executor-0] INFO  server.RaftServer$Division (ServerState.java:setRaftConf(386)) - omNode-bootstrap-2@group-0AAC5367B30E: set configuration conf: {index: 0, cur=peers:[omNode-3|localhost:15023, omNode-1|localhost:15015, omNode-2|localhost:15019]|listeners:[], old=null}
2024-07-18 11:33:57,287 [grpc-default-executor-0] INFO  ratis.OzoneManagerStateMachine (OzoneManagerStateMachine.java:notifyConfigurationChanged(216)) - Received Configuration change notification from Ratis. New Peer list:
[id: "omNode-3"
address: "localhost:15023"
startupRole: FOLLOWER
, id: "omNode-1"
address: "localhost:15015"
startupRole: FOLLOWER
, id: "omNode-2"
address: "localhost:15019"
startupRole: FOLLOWER
]
2024-07-18 11:33:57,287 [grpc-default-executor-0] INFO  impl.SnapshotInstallationHandler (SnapshotInstallationHandler.java:installSnapshot(103)) - omNode-bootstrap-2@group-0AAC5367B30E: reply installSnapshot: omNode-1<-omNode-bootstrap-2#0:FAIL-t1,IN_PROGRESS,snapshotIndex=0
2024-07-18 11:33:57,287 [grpc-default-executor-0] INFO  server.GrpcServerProtocolService (GrpcServerProtocolService.java:onCompleted(157)) - omNode-bootstrap-2: Completed INSTALL_SNAPSHOT, lastRequest: omNode-1->omNode-bootstrap-2#0-t1,notify:(t:1, i:0)
2024-07-18 11:33:57,287 [grpc-default-executor-0] INFO  server.GrpcServerProtocolService (GrpcServerProtocolService.java:lambda$onCompleted$5(159)) - omNode-bootstrap-2: Completed INSTALL_SNAPSHOT, lastReply: null
2024-07-18 11:33:57,288 [omNode-bootstrap-2-server-thread1] INFO  server.RaftServer$Division (RaftServerImpl.java:checkInconsistentAppendEntries(1629)) - omNode-bootstrap-2@group-0AAC5367B30E: Failed appendEntries as snapshot (0) installation is in progress
2024-07-18 11:33:57,288 [omNode-bootstrap-2-server-thread1] INFO  server.RaftServer$Division (RaftServerImpl.java:appendEntriesAsync(1584)) - omNode-bootstrap-2@group-0AAC5367B30E: appendEntries* reply omNode-1<-omNode-bootstrap-2#398:FAIL-t1,INCONSISTENCY,nextIndex=0,followerCommit=-1,matchIndex=-1
2024-07-18 11:33:57,289 [grpc-default-executor-1] INFO  impl.SnapshotInstallationHandler (SnapshotInstallationHandler.java:installSnapshot(92)) - omNode-bootstrap-2@group-0AAC5367B30E: receive installSnapshot: omNode-1->omNode-bootstrap-2#0-t1,notify:(t:1, i:0)
2024-07-18 11:33:57,289 [grpc-default-executor-1] INFO  impl.SnapshotInstallationHandler (SnapshotInstallationHandler.java:installSnapshotImpl(138)) - omNode-bootstrap-2@group-0AAC5367B30E: set new configuration configurationEntry {
  peers {
    id: "omNode-3"
    address: "localhost:15023"
    startupRole: FOLLOWER
  }
  peers {
    id: "omNode-1"
    address: "localhost:15015"
    startupRole: FOLLOWER
  }
  peers {
    id: "omNode-2"
    address: "localhost:15019"
    startupRole: FOLLOWER
  }
}
 from snapshot
2024-07-18 11:33:57,289 [grpc-default-executor-1] INFO  server.RaftServer$Division (ServerState.java:setRaftConf(386)) - omNode-bootstrap-2@group-0AAC5367B30E: set configuration conf: {index: 0, cur=peers:[omNode-3|localhost:15023, omNode-1|localhost:15015, omNode-2|localhost:15019]|listeners:[], old=null}
2024-07-18 11:33:57,290 [grpc-default-executor-1] INFO  ratis.OzoneManagerStateMachine (OzoneManagerStateMachine.java:notifyConfigurationChanged(216)) - Received Configuration change notification from Ratis. New Peer list:
[id: "omNode-3"
address: "localhost:15023"
startupRole: FOLLOWER
, id: "omNode-1"
address: "localhost:15015"
startupRole: FOLLOWER
, id: "omNode-2"
address: "localhost:15019"
startupRole: FOLLOWER
]
2024-07-18 11:33:57,290 [grpc-default-executor-1] INFO  impl.SnapshotInstallationHandler (SnapshotInstallationHandler.java:installSnapshot(103)) - omNode-bootstrap-2@group-0AAC5367B30E: reply installSnapshot: omNode-1<-omNode-bootstrap-2#0:FAIL-t1,IN_PROGRESS,snapshotIndex=0
2024-07-18 11:33:57,290 [grpc-default-executor-1] INFO  server.GrpcServerProtocolService (GrpcServerProtocolService.java:onCompleted(157)) - omNode-bootstrap-2: Completed INSTALL_SNAPSHOT, lastRequest: omNode-1->omNode-bootstrap-2#0-t1,notify:(t:1, i:0)
2024-07-18 11:33:57,290 [grpc-default-executor-1] INFO  server.GrpcServerProtocolService (GrpcServerProtocolService.java:lambda$onCompleted$5(159)) - omNode-bootstrap-2: Completed INSTALL_SNAPSHOT, lastReply: null
2024-07-18 11:33:57,293 [grpc-default-executor-5] INFO  impl.SnapshotInstallationHandler (SnapshotInstallationHandler.java:installSnapshot(92)) - omNode-bootstrap-2@group-0AAC5367B30E: receive installSnapshot: omNode-1->omNode-bootstrap-2#0-t1,notify:(t:1, i:0)
2024-07-18 11:33:57,293 [grpc-default-executor-5] INFO  impl.SnapshotInstallationHandler (SnapshotInstallationHandler.java:installSnapshotImpl(138)) - omNode-bootstrap-2@group-0AAC5367B30E: set new configuration configurationEntry {
  peers {
    id: "omNode-3"
    address: "localhost:15023"
    startupRole: FOLLOWER
  }
  peers {
    id: "omNode-1"
    address: "localhost:15015"
    startupRole: FOLLOWER
  }
  peers {
    id: "omNode-2"
    address: "localhost:15019"
    startupRole: FOLLOWER
  }
}
 from snapshot
2024-07-18 11:33:57,293 [grpc-default-executor-5] INFO  server.RaftServer$Division (ServerState.java:setRaftConf(386)) - omNode-bootstrap-2@group-0AAC5367B30E: set configuration conf: {index: 0, cur=peers:[omNode-3|localhost:15023, omNode-1|localhost:15015, omNode-2|localhost:15019]|listeners:[], old=null}
2024-07-18 11:33:57,294 [omNode-bootstrap-2-server-thread1] INFO  server.RaftServer$Division (RaftServerImpl.java:checkInconsistentAppendEntries(1629)) - omNode-bootstrap-2@group-0AAC5367B30E: Failed appendEntries as snapshot (0) installation is in progress
2024-07-18 11:33:57,294 [omNode-bootstrap-2-server-thread1] INFO  server.RaftServer$Division (RaftServerImpl.java:appendEntriesAsync(1584)) - omNode-bootstrap-2@group-0AAC5367B30E: appendEntries* reply omNode-1<-omNode-bootstrap-2#399:FAIL-t1,INCONSISTENCY,nextIndex=0,followerCommit=-1,matchIndex=-1
2024-07-18 11:33:57,295 [grpc-default-executor-5] INFO  ratis.OzoneManagerStateMachine (OzoneManagerStateMachine.java:notifyConfigurationChanged(216)) - Received Configuration change notification from Ratis. New Peer list:
[id: "omNode-3"
address: "localhost:15023"
startupRole: FOLLOWER
, id: "omNode-1"
address: "localhost:15015"
startupRole: FOLLOWER
, id: "omNode-2"
address: "localhost:15019"
startupRole: FOLLOWER
]
2024-07-18 11:33:57,295 [grpc-default-executor-5] INFO  impl.SnapshotInstallationHandler (SnapshotInstallationHandler.java:installSnapshot(103)) - omNode-bootstrap-2@group-0AAC5367B30E: reply installSnapshot: omNode-1<-omNode-bootstrap-2#0:FAIL-t1,IN_PROGRESS,snapshotIndex=0
2024-07-18 11:33:57,295 [grpc-default-executor-5] INFO  server.GrpcServerProtocolService (GrpcServerProtocolService.java:onCompleted(157)) - omNode-bootstrap-2: Completed INSTALL_SNAPSHOT, lastRequest: omNode-1->omNode-bootstrap-2#0-t1,notify:(t:1, i:0)
2024-07-18 11:33:57,295 [grpc-default-executor-5] INFO  server.GrpcServerProtocolService (GrpcServerProtocolService.java:lambda$onCompleted$5(159)) - omNode-bootstrap-2: Completed INSTALL_SNAPSHOT, lastReply: null
2024-07-18 11:33:57,514 [omNode-bootstrap-2-InstallSnapshotThread] INFO  reflections.Reflections (Reflections.java:scan(219)) - Reflections took 498 ms to scan 20 urls, producing 59 keys and 6638 values
2024-07-18 11:33:57,516 [omNode-bootstrap-2-InstallSnapshotThread] INFO  ipc.CallQueueManager (CallQueueManager.java:<init>(90)) - Using callQueue: class java.util.concurrent.LinkedBlockingQueue, queueCapacity: 2000, scheduler: class org.apache.hadoop.ipc.DefaultRpcScheduler, ipcBackoff: false.
2024-07-18 11:33:57,516 [omNode-bootstrap-2-InstallSnapshotThread] INFO  ipc.Server (Server.java:<init>(1287)) - Listener at localhost:15055
2024-07-18 11:33:57,516 [Socket Reader #1 for port 15055] INFO  ipc.Server (Server.java:run(1323)) - Starting Socket Reader #1 for port 15055
2024-07-18 11:33:57,518 [IPC Server Responder] INFO  ipc.Server (Server.java:run(1562)) - IPC Server Responder: starting
2024-07-18 11:33:57,518 [IPC Server listener on 15055] INFO  ipc.Server (Server.java:run(1402)) - IPC Server listener on 15055: starting
2024-07-18 11:33:57,522 [omNode-bootstrap-2-InstallSnapshotThread] INFO  om.OzoneManager (OzoneManager.java:installCheckpoint(3897)) - RPC server is re-started. Spend 506 ms.
2024-07-18 11:33:57,524 [omNode-bootstrap-2-InstallSnapshotThread] INFO  om.OzoneManager (OzoneManager.java:installCheckpoint(3924)) - Install Checkpoint is finished with Term: 1 and Index: 7. Spend 906 ms.
2024-07-18 11:33:57,524 [omNode-bootstrap-2-InstallSnapshotThread] INFO  impl.SnapshotInstallationHandler (SnapshotInstallationHandler.java:lambda$notifyStateMachineToInstallSnapshot$2(279)) - omNode-bootstrap-2@group-0AAC5367B30E: StateMachine successfully installed snapshot index 7. Reloading the StateMachine.
2024-07-18 11:34:01,434 [grpc-default-executor-5] INFO  server.GrpcServerProtocolService (GrpcServerProtocolService.java:onCompleted(157)) - omNode-bootstrap-2: Completed APPEND_ENTRIES, lastRequest: null
2024-07-18 11:34:01,435 [grpc-default-executor-0] INFO  server.GrpcServerProtocolService (GrpcServerProtocolService.java:onCompleted(157)) - omNode-bootstrap-2: Completed APPEND_ENTRIES, lastRequest: null
2024-07-18 11:34:01,435 [grpc-default-executor-0] INFO  server.GrpcServerProtocolService (GrpcServerProtocolService.java:lambda$onCompleted$5(159)) - omNode-bootstrap-2: Completed APPEND_ENTRIES, lastReply: null
2024-07-18 11:34:01,436 [grpc-default-executor-5] INFO  server.GrpcServerProtocolService (GrpcServerProtocolService.java:lambda$onCompleted$5(159)) - omNode-bootstrap-2: Completed APPEND_ENTRIES, lastReply: serverReply {
  requestorId: "omNode-1"
  replyId: "omNode-bootstrap-2"
  raftGroupId {
    id: "\a\030\3434\377\2416\274\216\232\n\254Sg\263\016"
  }
  callId: 399
}
term: 1
result: INCONSISTENCY
followerCommit: 18446744073709551615
matchIndex: 18446744073709551615
isHearbeat: true

2024-07-18 11:34:01,437 [main] ERROR om.OzoneManager (OzoneManager.java:bootstrap(1916)) - Failed to Bootstrap OM.
2024-07-18 11:34:01,443 [main] INFO  ozone.MiniOzoneClusterImpl (MiniOzoneClusterImpl.java:shutdown(396)) - Shutting down the Mini Ozone Cluster
2024-07-18 11:34:01,443 [main] INFO  db.CodecTestUtil (CodecTestUtil.java:gc(50)) - gc 0
2024-07-18 11:34:01,600 [main] INFO  ozone.MiniOzoneHAClusterImpl (MiniOzoneHAClusterImpl.java:stop(288)) - Stopping the OzoneManager omNode-3
2024-07-18 11:34:01,601 [main] INFO  om.OzoneManager (OzoneManager.java:stop(2232)) - omNode-3[localhost:15020]: Stopping Ozone Manager
2024-07-18 11:34:01,601 [main] INFO  ipc.Server (Server.java:stop(3523)) - Stopping server on 15020
2024-07-18 11:34:01,602 [IPC Server listener on 15020] INFO  ipc.Server (Server.java:run(1434)) - Stopping IPC Server listener on 15020
2024-07-18 11:34:01,602 [IPC Server Responder] INFO  ipc.Server (Server.java:run(1567)) - Stopping IPC Server Responder
2024-07-18 11:34:01,602 [main] INFO  ratis.OzoneManagerRatisServer (OzoneManagerRatisServer.java:stop(600)) - Stopping org.apache.hadoop.ozone.om.ratis.OzoneManagerRatisServer@76df98a9 at port 15023
2024-07-18 11:34:01,602 [main] INFO  server.RaftServer (RaftServerProxy.java:lambda$close$9(418)) - omNode-3: close
2024-07-18 11:34:01,602 [main] INFO  server.GrpcService (GrpcService.java:closeImpl(311)) - omNode-3: shutdown server GrpcServerProtocolService now
2024-07-18 11:34:01,602 [omNode-3-impl-thread1] INFO  server.RaftServer$Division (RaftServerImpl.java:lambda$close$1(501)) - omNode-3@group-0AAC5367B30E: shutdown
2024-07-18 11:34:01,602 [omNode-3-impl-thread1] INFO  util.JmxRegister (JmxRegister.java:unregister(74)) - Successfully un-registered JMX Bean with object name Ratis:service=RaftServer,group=group-0AAC5367B30E,id=omNode-3
2024-07-18 11:34:01,602 [omNode-3-impl-thread1] INFO  impl.RoleInfo (RoleInfo.java:shutdownFollowerState(119)) - omNode-3: shutdown omNode-3@group-0AAC5367B30E-FollowerState
2024-07-18 11:34:01,602 [omNode-3-impl-thread1] INFO  impl.StateMachineUpdater (StateMachineUpdater.java:stopAndJoin(164)) - omNode-3@group-0AAC5367B30E-StateMachineUpdater: set stopIndex = 8
2024-07-18 11:34:01,603 [omNode-3@group-0AAC5367B30E-FollowerState] INFO  impl.FollowerState (FollowerState.java:run(153)) - omNode-3@group-0AAC5367B30E-FollowerState was interrupted
2024-07-18 11:34:01,603 [omNode-3@group-0AAC5367B30E-StateMachineUpdater] INFO  ratis.OzoneManagerStateMachine (OzoneManagerStateMachine.java:takeSnapshotImpl(485)) -  applied = (t:1, i:8)
2024-07-18 11:34:01,603 [omNode-3@group-0AAC5367B30E-StateMachineUpdater] INFO  ratis.OzoneManagerStateMachine (OzoneManagerStateMachine.java:takeSnapshotImpl(486)) -  skipped = 7
2024-07-18 11:34:01,603 [omNode-3@group-0AAC5367B30E-StateMachineUpdater] INFO  ratis.OzoneManagerStateMachine (OzoneManagerStateMachine.java:takeSnapshotImpl(487)) - notified = (t:1, i:8)
2024-07-18 11:34:01,603 [omNode-3@group-0AAC5367B30E-StateMachineUpdater] INFO  ratis.OzoneManagerStateMachine (OzoneManagerStateMachine.java:takeSnapshotImpl(488)) - snapshot = (t:1, i:8)
2024-07-18 11:34:01,603 [grpc-default-executor-5] WARN  server.GrpcServerProtocolService (LogUtils.java:warn(121)) - omNode-3: APPEND_ENTRIES onError, lastRequest: null: org.apache.ratis.thirdparty.io.grpc.StatusRuntimeException: CANCELLED: client cancelled
2024-07-18 11:34:01,604 [grpc-default-executor-4] WARN  server.GrpcServerProtocolService (LogUtils.java:warn(121)) - omNode-3: APPEND_ENTRIES onError, lastRequest: omNode-1->omNode-3#795-t1,previous=(t:1, i:7),leaderCommit=7,initializing? false,entries: size=1, first=(t:1, i:8), METADATAENTRY(c:7): org.apache.ratis.thirdparty.io.grpc.StatusRuntimeException: CANCELLED: client cancelled
2024-07-18 11:34:01,605 [main] INFO  server.GrpcService (GrpcService.java:closeImpl(320)) - omNode-3: shutdown server GrpcServerProtocolService successfully
2024-07-18 11:34:01,621 [omNode-3@group-0AAC5367B30E-StateMachineUpdater] INFO  impl.StateMachineUpdater (StateMachineUpdater.java:takeSnapshot(303)) - omNode-3@group-0AAC5367B30E-StateMachineUpdater: Took a snapshot at index 8
2024-07-18 11:34:01,621 [omNode-3@group-0AAC5367B30E-StateMachineUpdater] INFO  impl.StateMachineUpdater (StateMachineUpdater.java:lambda$new$0(102)) - omNode-3@group-0AAC5367B30E-StateMachineUpdater: snapshotIndex: updateIncreasingly -1 -> 8
2024-07-18 11:34:01,621 [omNode-3@group-0AAC5367B30E-StateMachineUpdater] INFO  impl.StateMachineUpdater (StateMachineUpdater.java:stop(141)) - omNode-3@group-0AAC5367B30E-StateMachineUpdater: closing OzoneManagerStateMachine, lastApplied=(t:1, i:8)
2024-07-18 11:34:01,622 [omNode-3@group-0AAC5367B30E-StateMachineUpdater] INFO  ratis.OzoneManagerStateMachine (OzoneManagerStateMachine.java:close(531)) - Stopping OzoneManagerStateMachine:omNode-3:group-0AAC5367B30E.
2024-07-18 11:34:01,622 [omNode-3@group-0AAC5367B30E-StateMachineUpdater] INFO  ratis.OzoneManagerDoubleBuffer (OzoneManagerDoubleBuffer.java:stopDaemon(517)) - Stopping OMDoubleBuffer flush thread
2024-07-18 11:34:01,622 [omNode-3-OMDoubleBufferFlushThread] INFO  ratis.OzoneManagerDoubleBuffer (OzoneManagerDoubleBuffer.java:canFlush(581)) - OMDoubleBuffer flush thread omNode-3-OMDoubleBufferFlushThread is interrupted and will exit.
2024-07-18 11:34:01,623 [omNode-3@group-0AAC5367B30E-cacheEviction-AwaitToRun] INFO  util.AwaitToRun (AwaitToRun.java:run(49)) - omNode-3@group-0AAC5367B30E-cacheEviction-AwaitToRun-AwaitForSignal is interrupted
2024-07-18 11:34:02,023 [omNode-3-impl-thread1] INFO  segmented.SegmentedRaftLogWorker (SegmentedRaftLogWorker.java:close(248)) - omNode-3@group-0AAC5367B30E-SegmentedRaftLogWorker close()
2024-07-18 11:34:02,023 [JvmPauseMonitor4] INFO  util.JvmPauseMonitor (JvmPauseMonitor.java:run(152)) - JvmPauseMonitor-omNode-3: Stopped
2024-07-18 11:34:02,023 [main] INFO  utils.BackgroundService (BackgroundService.java:shutdown(163)) - Shutting down service KeyDeletingService
2024-07-18 11:34:02,024 [main] INFO  utils.BackgroundService (BackgroundService.java:shutdown(163)) - Shutting down service DirectoryDeletingService
2024-07-18 11:34:02,024 [main] INFO  utils.BackgroundService (BackgroundService.java:shutdown(163)) - Shutting down service OpenKeyCleanupService
2024-07-18 11:34:02,024 [main] INFO  utils.BackgroundService (BackgroundService.java:shutdown(163)) - Shutting down service SstFilteringService
2024-07-18 11:34:02,024 [main] INFO  utils.BackgroundService (BackgroundService.java:shutdown(163)) - Shutting down service SnapshotDeletingService
2024-07-18 11:34:02,024 [main] INFO  utils.BackgroundService (BackgroundService.java:shutdown(163)) - Shutting down service MultipartUploadCleanupService
2024-07-18 11:34:02,025 [main] INFO  utils.BackgroundService (BackgroundService.java:shutdown(163)) - Shutting down service SnapshotDirectoryCleaningService
2024-07-18 11:34:02,025 [main] INFO  handler.ContextHandler (ContextHandler.java:doStop(1159)) - Stopped o.e.j.w.WebAppContext@4f415a37{ozoneManager,/,null,STOPPED}{file:/home/runner/work/ozone/ozone/hadoop-ozone/integration-test/target/test-classes/webapps/ozoneManager}
2024-07-18 11:34:02,026 [main] INFO  server.AbstractConnector (AbstractConnector.java:doStop(383)) - Stopped ServerConnector@199763ea{HTTP/1.1, (http/1.1)}{0.0.0.0:15021}
2024-07-18 11:34:02,026 [main] INFO  server.session (HouseKeeper.java:stopScavenging(149)) - node0 Stopped scavenging
2024-07-18 11:34:02,026 [main] INFO  handler.ContextHandler (ContextHandler.java:doStop(1159)) - Stopped o.e.j.s.ServletContextHandler@3a6b8805{static,/static,file:///home/runner/work/ozone/ozone/hadoop-ozone/integration-test/target/test-classes/webapps/static,STOPPED}
2024-07-18 11:34:02,026 [main] INFO  handler.ContextHandler (ContextHandler.java:doStop(1159)) - Stopped o.e.j.s.ServletContextHandler@7001e12f{logs,/logs,file:///home/runner/work/ozone/ozone/hadoop-ozone/integration-test/target/log,STOPPED}
2024-07-18 11:34:02,027 [main] INFO  rocksdiff.RocksDBCheckpointDiffer (RocksDBCheckpointDiffer.java:close(306)) - Shutting down CompactionDagPruningService.
2024-07-18 11:34:02,029 [main] INFO  snapshot.SnapshotDiffManager (SnapshotDiffManager.java:closeExecutorService(1657)) - Shutting down executorService: 'SnapDiffExecutor'
2024-07-18 11:34:02,029 [main] INFO  utils.BackgroundService (BackgroundService.java:shutdown(163)) - Shutting down service SnapshotDiffCleanupService
2024-07-18 11:34:02,030 [main] INFO  ozone.MiniOzoneHAClusterImpl (MiniOzoneHAClusterImpl.java:stop(288)) - Stopping the OzoneManager omNode-1
2024-07-18 11:34:02,030 [main] INFO  om.OzoneManager (OzoneManager.java:stop(2232)) - omNode-1[localhost:15012]: Stopping Ozone Manager
2024-07-18 11:34:02,030 [main] INFO  ipc.Server (Server.java:stop(3523)) - Stopping server on 15012
2024-07-18 11:34:02,032 [IPC Server listener on 15012] INFO  ipc.Server (Server.java:run(1434)) - Stopping IPC Server listener on 15012
2024-07-18 11:34:02,032 [IPC Server Responder] INFO  ipc.Server (Server.java:run(1567)) - Stopping IPC Server Responder
2024-07-18 11:34:02,032 [main] INFO  ratis.OzoneManagerRatisServer (OzoneManagerRatisServer.java:stop(600)) - Stopping org.apache.hadoop.ozone.om.ratis.OzoneManagerRatisServer@1dc12a23 at port 15015
2024-07-18 11:34:02,033 [main] INFO  server.RaftServer (RaftServerProxy.java:lambda$close$9(418)) - omNode-1: close
2024-07-18 11:34:02,033 [omNode-1-impl-thread1] INFO  server.RaftServer$Division (RaftServerImpl.java:lambda$close$1(501)) - omNode-1@group-0AAC5367B30E: shutdown
2024-07-18 11:34:02,033 [omNode-1-impl-thread1] INFO  util.JmxRegister (JmxRegister.java:unregister(74)) - Successfully un-registered JMX Bean with object name Ratis:service=RaftServer,group=group-0AAC5367B30E,id=omNode-1
2024-07-18 11:34:02,033 [omNode-1-impl-thread1] INFO  impl.RoleInfo (RoleInfo.java:shutdownLeaderState(103)) - omNode-1: shutdown omNode-1@group-0AAC5367B30E-LeaderStateImpl
2024-07-18 11:34:02,033 [omNode-1-impl-thread1] INFO  impl.PendingRequests (PendingRequests.java:sendNotLeaderResponses(287)) - omNode-1@group-0AAC5367B30E-PendingRequests: sendNotLeaderResponses
2024-07-18 11:34:02,034 [omNode-1@group-0AAC5367B30E-StateMachineUpdater] INFO  ratis.OzoneManagerStateMachine (OzoneManagerStateMachine.java:takeSnapshotImpl(485)) -  applied = (t:1, i:8)
2024-07-18 11:34:02,034 [omNode-1@group-0AAC5367B30E-StateMachineUpdater] INFO  ratis.OzoneManagerStateMachine (OzoneManagerStateMachine.java:takeSnapshotImpl(486)) -  skipped = 7
2024-07-18 11:34:02,034 [omNode-1@group-0AAC5367B30E-StateMachineUpdater] INFO  ratis.OzoneManagerStateMachine (OzoneManagerStateMachine.java:takeSnapshotImpl(487)) - notified = (t:1, i:8)
2024-07-18 11:34:02,034 [omNode-1@group-0AAC5367B30E-StateMachineUpdater] INFO  ratis.OzoneManagerStateMachine (OzoneManagerStateMachine.java:takeSnapshotImpl(488)) - snapshot = (t:1, i:8)
2024-07-18 11:34:02,034 [omNode-1-impl-thread1] INFO  impl.StateMachineUpdater (StateMachineUpdater.java:stopAndJoin(164)) - omNode-1@group-0AAC5367B30E-StateMachineUpdater: set stopIndex = 8
2024-07-18 11:34:02,035 [main] INFO  server.GrpcService (GrpcService.java:closeImpl(311)) - omNode-1: shutdown server GrpcServerProtocolService now
2024-07-18 11:34:02,035 [Thread-1081] INFO  server.GrpcServerProtocolClient (GrpcServerProtocolClient.java:close(103)) - omNode-bootstrap-2 Close channels
2024-07-18 11:34:02,036 [Thread-1082] INFO  server.GrpcServerProtocolClient (GrpcServerProtocolClient.java:close(103)) - omNode-3 Close channels
2024-07-18 11:34:02,037 [Thread-1084] INFO  server.GrpcServerProtocolClient (GrpcServerProtocolClient.java:close(103)) - omNode-2 Close channels
2024-07-18 11:34:02,038 [main] INFO  server.GrpcService (GrpcService.java:closeImpl(320)) - omNode-1: shutdown server GrpcServerProtocolService successfully
2024-07-18 11:34:02,041 [omNode-1@group-0AAC5367B30E-StateMachineUpdater] INFO  impl.StateMachineUpdater (StateMachineUpdater.java:takeSnapshot(303)) - omNode-1@group-0AAC5367B30E-StateMachineUpdater: Took a snapshot at index 8
2024-07-18 11:34:02,041 [omNode-1@group-0AAC5367B30E-StateMachineUpdater] INFO  impl.StateMachineUpdater (StateMachineUpdater.java:lambda$new$0(102)) - omNode-1@group-0AAC5367B30E-StateMachineUpdater: snapshotIndex: updateIncreasingly -1 -> 8
2024-07-18 11:34:02,041 [omNode-1@group-0AAC5367B30E-StateMachineUpdater] INFO  impl.StateMachineUpdater (StateMachineUpdater.java:stop(141)) - omNode-1@group-0AAC5367B30E-StateMachineUpdater: closing OzoneManagerStateMachine, lastApplied=(t:1, i:8)
2024-07-18 11:34:02,041 [omNode-1@group-0AAC5367B30E-StateMachineUpdater] INFO  ratis.OzoneManagerStateMachine (OzoneManagerStateMachine.java:close(531)) - Stopping OzoneManagerStateMachine:omNode-1:group-0AAC5367B30E.
2024-07-18 11:34:02,041 [omNode-1@group-0AAC5367B30E-StateMachineUpdater] INFO  ratis.OzoneManagerDoubleBuffer (OzoneManagerDoubleBuffer.java:stopDaemon(517)) - Stopping OMDoubleBuffer flush thread
2024-07-18 11:34:02,041 [omNode-1-OMDoubleBufferFlushThread] INFO  ratis.OzoneManagerDoubleBuffer (OzoneManagerDoubleBuffer.java:canFlush(581)) - OMDoubleBuffer flush thread omNode-1-OMDoubleBufferFlushThread is interrupted and will exit.
2024-07-18 11:34:02,041 [omNode-1@group-0AAC5367B30E-cacheEviction-AwaitToRun] INFO  util.AwaitToRun (AwaitToRun.java:run(49)) - omNode-1@group-0AAC5367B30E-cacheEviction-AwaitToRun-AwaitForSignal is interrupted
2024-07-18 11:34:03,021 [omNode-1-impl-thread1] INFO  segmented.SegmentedRaftLogWorker (SegmentedRaftLogWorker.java:close(248)) - omNode-1@group-0AAC5367B30E-SegmentedRaftLogWorker close()
2024-07-18 11:34:03,022 [JvmPauseMonitor2] INFO  util.JvmPauseMonitor (JvmPauseMonitor.java:run(152)) - JvmPauseMonitor-omNode-1: Stopped
2024-07-18 11:34:03,022 [main] INFO  utils.BackgroundService (BackgroundService.java:shutdown(163)) - Shutting down service KeyDeletingService
2024-07-18 11:34:03,022 [main] INFO  utils.BackgroundService (BackgroundService.java:shutdown(163)) - Shutting down service DirectoryDeletingService
2024-07-18 11:34:03,023 [main] INFO  utils.BackgroundService (BackgroundService.java:shutdown(163)) - Shutting down service OpenKeyCleanupService
2024-07-18 11:34:03,023 [main] INFO  utils.BackgroundService (BackgroundService.java:shutdown(163)) - Shutting down service SstFilteringService
2024-07-18 11:34:03,023 [main] INFO  utils.BackgroundService (BackgroundService.java:shutdown(163)) - Shutting down service SnapshotDeletingService
2024-07-18 11:34:03,025 [main] INFO  utils.BackgroundService (BackgroundService.java:shutdown(163)) - Shutting down service MultipartUploadCleanupService
2024-07-18 11:34:03,025 [main] INFO  utils.BackgroundService (BackgroundService.java:shutdown(163)) - Shutting down service SnapshotDirectoryCleaningService
2024-07-18 11:34:03,027 [main] INFO  handler.ContextHandler (ContextHandler.java:doStop(1159)) - Stopped o.e.j.w.WebAppContext@17f856a3{ozoneManager,/,null,STOPPED}{file:/home/runner/work/ozone/ozone/hadoop-ozone/integration-test/target/test-classes/webapps/ozoneManager}
2024-07-18 11:34:03,028 [main] INFO  server.AbstractConnector (AbstractConnector.java:doStop(383)) - Stopped ServerConnector@7f277cf6{HTTP/1.1, (http/1.1)}{0.0.0.0:15013}
2024-07-18 11:34:03,028 [main] INFO  server.session (HouseKeeper.java:stopScavenging(149)) - node0 Stopped scavenging
2024-07-18 11:34:03,028 [main] INFO  handler.ContextHandler (ContextHandler.java:doStop(1159)) - Stopped o.e.j.s.ServletContextHandler@2483eb07{static,/static,file:///home/runner/work/ozone/ozone/hadoop-ozone/integration-test/target/test-classes/webapps/static,STOPPED}
2024-07-18 11:34:03,029 [main] INFO  handler.ContextHandler (ContextHandler.java:doStop(1159)) - Stopped o.e.j.s.ServletContextHandler@6cfa6a04{logs,/logs,file:///home/runner/work/ozone/ozone/hadoop-ozone/integration-test/target/log,STOPPED}
2024-07-18 11:34:03,030 [main] INFO  rocksdiff.RocksDBCheckpointDiffer (RocksDBCheckpointDiffer.java:close(306)) - Shutting down CompactionDagPruningService.
2024-07-18 11:34:03,031 [main] INFO  snapshot.SnapshotDiffManager (SnapshotDiffManager.java:closeExecutorService(1657)) - Shutting down executorService: 'SnapDiffExecutor'
2024-07-18 11:34:03,032 [main] INFO  utils.BackgroundService (BackgroundService.java:shutdown(163)) - Shutting down service SnapshotDiffCleanupService
2024-07-18 11:34:03,033 [main] INFO  ozone.MiniOzoneHAClusterImpl (MiniOzoneHAClusterImpl.java:stop(288)) - Stopping the OzoneManager omNode-2
2024-07-18 11:34:03,033 [main] INFO  om.OzoneManager (OzoneManager.java:stop(2232)) - omNode-2[localhost:15016]: Stopping Ozone Manager
2024-07-18 11:34:03,033 [main] INFO  ozone.MiniOzoneHAClusterImpl (MiniOzoneHAClusterImpl.java:stop(288)) - Stopping the OzoneManager omNode-bootstrap-1
2024-07-18 11:34:03,033 [main] INFO  om.OzoneManager (OzoneManager.java:stop(2232)) - omNode-bootstrap-1[localhost:15051]: Stopping Ozone Manager
2024-07-18 11:34:03,033 [main] INFO  ozone.MiniOzoneHAClusterImpl (MiniOzoneHAClusterImpl.java:stop(288)) - Stopping the OzoneManager omNode-bootstrap-2
2024-07-18 11:34:03,033 [main] INFO  om.OzoneManager (OzoneManager.java:stop(2232)) - omNode-bootstrap-2[localhost:15055]: Stopping Ozone Manager
2024-07-18 11:34:03,033 [main] INFO  ipc.Server (Server.java:stop(3523)) - Stopping server on 15055
2024-07-18 11:34:03,034 [IPC Server listener on 15055] INFO  ipc.Server (Server.java:run(1434)) - Stopping IPC Server listener on 15055
2024-07-18 11:34:03,034 [IPC Server Responder] INFO  ipc.Server (Server.java:run(1567)) - Stopping IPC Server Responder
2024-07-18 11:34:03,035 [main] INFO  ratis.OzoneManagerRatisServer (OzoneManagerRatisServer.java:stop(600)) - Stopping org.apache.hadoop.ozone.om.ratis.OzoneManagerRatisServer@3a608450 at port 15058
2024-07-18 11:34:03,036 [main] INFO  server.RaftServer (RaftServerProxy.java:lambda$close$9(418)) - omNode-bootstrap-2: close
2024-07-18 11:34:03,036 [main] INFO  server.GrpcService (GrpcService.java:closeImpl(311)) - omNode-bootstrap-2: shutdown server GrpcServerProtocolService now
2024-07-18 11:34:03,036 [omNode-bootstrap-2-impl-thread1] INFO  server.RaftServer$Division (RaftServerImpl.java:lambda$close$1(501)) - omNode-bootstrap-2@group-0AAC5367B30E: shutdown
2024-07-18 11:34:03,036 [omNode-bootstrap-2-impl-thread1] INFO  util.JmxRegister (JmxRegister.java:unregister(74)) - Successfully un-registered JMX Bean with object name Ratis:service=RaftServer,group=group-0AAC5367B30E,id=omNode-bootstrap-2
2024-07-18 11:34:03,037 [omNode-bootstrap-2-impl-thread1] INFO  impl.StateMachineUpdater (StateMachineUpdater.java:stopAndJoin(164)) - omNode-bootstrap-2@group-0AAC5367B30E-StateMachineUpdater: set stopIndex = -1
2024-07-18 11:34:03,037 [omNode-bootstrap-2@group-0AAC5367B30E-StateMachineUpdater] INFO  impl.StateMachineUpdater (StateMachineUpdater.java:stop(141)) - omNode-bootstrap-2@group-0AAC5367B30E-StateMachineUpdater: closing OzoneManagerStateMachine, lastApplied=(t:1, i:7)
2024-07-18 11:34:03,037 [omNode-bootstrap-2@group-0AAC5367B30E-StateMachineUpdater] INFO  ratis.OzoneManagerStateMachine (OzoneManagerStateMachine.java:close(531)) - Stopping OzoneManagerStateMachine:omNode-bootstrap-2:group-0AAC5367B30E.
2024-07-18 11:34:03,037 [omNode-bootstrap-2@group-0AAC5367B30E-StateMachineUpdater] INFO  ratis.OzoneManagerDoubleBuffer (OzoneManagerDoubleBuffer.java:stopDaemon(517)) - Stopping OMDoubleBuffer flush thread
2024-07-18 11:34:03,037 [omNode-bootstrap-2-OMDoubleBufferFlushThread] INFO  ratis.OzoneManagerDoubleBuffer (OzoneManagerDoubleBuffer.java:canFlush(581)) - OMDoubleBuffer flush thread omNode-bootstrap-2-OMDoubleBufferFlushThread is interrupted and will exit.
2024-07-18 11:34:03,037 [omNode-bootstrap-2@group-0AAC5367B30E-cacheEviction-AwaitToRun] INFO  util.AwaitToRun (AwaitToRun.java:run(49)) - omNode-bootstrap-2@group-0AAC5367B30E-cacheEviction-AwaitToRun-AwaitForSignal is interrupted
2024-07-18 11:34:03,038 [main] INFO  server.GrpcService (GrpcService.java:closeImpl(320)) - omNode-bootstrap-2: shutdown server GrpcServerProtocolService successfully
2024-07-18 11:34:03,561 [omNode-bootstrap-2-impl-thread1] INFO  segmented.SegmentedRaftLogWorker (SegmentedRaftLogWorker.java:close(248)) - omNode-bootstrap-2@group-0AAC5367B30E-SegmentedRaftLogWorker close()
2024-07-18 11:34:03,561 [JvmPauseMonitor8] INFO  util.JvmPauseMonitor (JvmPauseMonitor.java:run(152)) - JvmPauseMonitor-omNode-bootstrap-2: Stopped
2024-07-18 11:34:03,561 [main] INFO  utils.BackgroundService (BackgroundService.java:shutdown(163)) - Shutting down service KeyDeletingService
2024-07-18 11:34:03,562 [main] INFO  utils.BackgroundService (BackgroundService.java:shutdown(163)) - Shutting down service DirectoryDeletingService
2024-07-18 11:34:03,562 [main] INFO  utils.BackgroundService (BackgroundService.java:shutdown(163)) - Shutting down service OpenKeyCleanupService
2024-07-18 11:34:03,562 [main] INFO  utils.BackgroundService (BackgroundService.java:shutdown(163)) - Shutting down service SstFilteringService
2024-07-18 11:34:03,562 [main] INFO  utils.BackgroundService (BackgroundService.java:shutdown(163)) - Shutting down service SnapshotDeletingService
2024-07-18 11:34:03,562 [main] INFO  utils.BackgroundService (BackgroundService.java:shutdown(163)) - Shutting down service MultipartUploadCleanupService
2024-07-18 11:34:03,562 [main] INFO  utils.BackgroundService (BackgroundService.java:shutdown(163)) - Shutting down service SnapshotDirectoryCleaningService
2024-07-18 11:34:03,563 [main] INFO  handler.ContextHandler (ContextHandler.java:doStop(1159)) - Stopped o.e.j.w.WebAppContext@62f732e7{ozoneManager,/,null,STOPPED}{file:/home/runner/work/ozone/ozone/hadoop-ozone/integration-test/target/test-classes/webapps/ozoneManager}
2024-07-18 11:34:03,564 [main] INFO  server.AbstractConnector (AbstractConnector.java:doStop(383)) - Stopped ServerConnector@5350f279{HTTP/1.1, (http/1.1)}{0.0.0.0:15056}
2024-07-18 11:34:03,564 [main] INFO  server.session (HouseKeeper.java:stopScavenging(149)) - node0 Stopped scavenging
2024-07-18 11:34:03,564 [main] INFO  handler.ContextHandler (ContextHandler.java:doStop(1159)) - Stopped o.e.j.s.ServletContextHandler@5aa90875{static,/static,file:///home/runner/work/ozone/ozone/hadoop-ozone/integration-test/target/test-classes/webapps/static,STOPPED}
2024-07-18 11:34:03,565 [main] INFO  handler.ContextHandler (ContextHandler.java:doStop(1159)) - Stopped o.e.j.s.ServletContextHandler@3e03369a{logs,/logs,file:///home/runner/work/ozone/ozone/hadoop-ozone/integration-test/target/log,STOPPED}
2024-07-18 11:34:03,565 [main] INFO  rocksdiff.RocksDBCheckpointDiffer (RocksDBCheckpointDiffer.java:close(306)) - Shutting down CompactionDagPruningService.
2024-07-18 11:34:03,567 [main] INFO  snapshot.SnapshotDiffManager (SnapshotDiffManager.java:closeExecutorService(1657)) - Shutting down executorService: 'SnapDiffExecutor'
2024-07-18 11:34:03,567 [main] INFO  utils.BackgroundService (BackgroundService.java:shutdown(163)) - Shutting down service SnapshotDiffCleanupService
2024-07-18 11:34:03,568 [main] INFO  ozone.MiniOzoneHAClusterImpl (MiniOzoneHAClusterImpl.java:stop(295)) - Stopping the StorageContainerManager c23094e4-493d-4fea-9f0c-470ffa683120
2024-07-18 11:34:03,568 [main] INFO  server.StorageContainerManager (StorageContainerManager.java:stop(1648)) - Container Balancer is not running.
2024-07-18 11:34:03,568 [main] INFO  server.StorageContainerManager (StorageContainerManager.java:stopReplicationManager(1786)) - Stopping Replication Manager Service.
2024-07-18 11:34:03,568 [main] INFO  replication.ReplicationManager (ReplicationManager.java:stop(329)) - Stopping Replication Monitor Thread.
2024-07-18 11:34:03,568 [scmNode-1-UnderReplicatedProcessor] WARN  replication.UnhealthyReplicationProcessor (UnhealthyReplicationProcessor.java:run(180)) - scmNode-1-UnderReplicatedProcessor interrupted. Exiting...
2024-07-18 11:34:03,568 [scmNode-1-OverReplicatedProcessor] WARN  replication.UnhealthyReplicationProcessor (UnhealthyReplicationProcessor.java:run(180)) - scmNode-1-OverReplicatedProcessor interrupted. Exiting...
2024-07-18 11:34:03,568 [scmNode-1-ReplicationMonitor] INFO  replication.ReplicationManager (ReplicationManager.java:run(938)) - Replication Monitor Thread is stopped
2024-07-18 11:34:03,568 [main] INFO  server.StorageContainerManager (StorageContainerManager.java:stop(1657)) - Stopping the Datanode Admin Monitor.
2024-07-18 11:34:03,569 [main] INFO  server.StorageContainerManager (StorageContainerManager.java:stop(1664)) - Stopping datanode service RPC server
2024-07-18 11:34:03,569 [main] INFO  server.SCMDatanodeProtocolServer (SCMDatanodeProtocolServer.java:stop(425)) - Stopping the RPC server for DataNodes
2024-07-18 11:34:03,569 [main] INFO  ipc.Server (Server.java:stop(3523)) - Stopping server on 15004
2024-07-18 11:34:03,573 [IPC Server Responder] INFO  ipc.Server (Server.java:run(1567)) - Stopping IPC Server Responder
2024-07-18 11:34:03,573 [IPC Server listener on 15004] INFO  ipc.Server (Server.java:run(1434)) - Stopping IPC Server listener on 15004
2024-07-18 11:34:03,602 [scmNode-1-SCMHeartbeatProcessor-0] WARN  node.NodeStateManager (NodeStateManager.java:scheduleNextHealthCheck(883)) - Current Thread is interrupted, shutting down HB processing thread for Node Manager.
2024-07-18 11:34:03,602 [main] INFO  server.StorageContainerManager (StorageContainerManager.java:stop(1672)) - Stopping block service RPC server
2024-07-18 11:34:03,602 [main] INFO  server.SCMBlockProtocolServer (SCMBlockProtocolServer.java:stop(176)) - Stopping the RPC server for Block Protocol
2024-07-18 11:34:03,602 [main] INFO  ipc.Server (Server.java:stop(3523)) - Stopping server on 15007
2024-07-18 11:34:03,606 [IPC Server listener on 15007] INFO  ipc.Server (Server.java:run(1434)) - Stopping IPC Server listener on 15007
2024-07-18 11:34:03,606 [IPC Server Responder] INFO  ipc.Server (Server.java:run(1567)) - Stopping IPC Server Responder
2024-07-18 11:34:03,607 [main] INFO  server.StorageContainerManager (StorageContainerManager.java:stop(1679)) - Stopping the StorageContainerLocationProtocol RPC server
2024-07-18 11:34:03,607 [main] INFO  server.SCMClientProtocolServer (SCMClientProtocolServer.java:stop(213)) - Stopping the RPC server for Client Protocol
2024-07-18 11:34:03,607 [main] INFO  ipc.Server (Server.java:stop(3523)) - Stopping server on 15005
2024-07-18 11:34:03,608 [IPC Server listener on 15005] INFO  ipc.Server (Server.java:run(1434)) - Stopping IPC Server listener on 15005
2024-07-18 11:34:03,608 [IPC Server Responder] INFO  ipc.Server (Server.java:run(1567)) - Stopping IPC Server Responder
2024-07-18 11:34:03,608 [main] INFO  server.StorageContainerManager (StorageContainerManager.java:stop(1686)) - Stopping Storage Container Manager HTTP server.
2024-07-18 11:34:03,609 [main] INFO  handler.ContextHandler (ContextHandler.java:doStop(1159)) - Stopped o.e.j.w.WebAppContext@6b8cdc4{scm,/,null,STOPPED}{file:/home/runner/work/ozone/ozone/hadoop-ozone/integration-test/target/test-classes/webapps/scm}
2024-07-18 11:34:03,610 [main] INFO  server.AbstractConnector (AbstractConnector.java:doStop(383)) - Stopped ServerConnector@1a22325d{HTTP/1.1, (http/1.1)}{0.0.0.0:15000}
2024-07-18 11:34:03,610 [main] INFO  server.session (HouseKeeper.java:stopScavenging(149)) - node0 Stopped scavenging
2024-07-18 11:34:03,611 [main] INFO  handler.ContextHandler (ContextHandler.java:doStop(1159)) - Stopped o.e.j.s.ServletContextHandler@24f77077{static,/static,file:///home/runner/work/ozone/ozone/hadoop-ozone/integration-test/target/test-classes/webapps/static,STOPPED}
2024-07-18 11:34:03,611 [main] INFO  handler.ContextHandler (ContextHandler.java:doStop(1159)) - Stopped o.e.j.s.ServletContextHandler@1b08d26f{logs,/logs,file:///home/runner/work/ozone/ozone/hadoop-ozone/integration-test/target/log,STOPPED}
2024-07-18 11:34:03,612 [main] INFO  server.StorageContainerManager (StorageContainerManager.java:stop(1694)) - Stopping SCM LayoutVersionManager Service.
2024-07-18 11:34:03,612 [main] INFO  server.StorageContainerManager (StorageContainerManager.java:stop(1706)) - Stopping Block Manager Service.
2024-07-18 11:34:03,612 [main] INFO  utils.BackgroundService (BackgroundService.java:shutdown(163)) - Shutting down service SCMBlockDeletingService
2024-07-18 11:34:03,613 [main] INFO  utils.BackgroundService (BackgroundService.java:shutdown(163)) - Shutting down service SCMBlockDeletingService
2024-07-18 11:34:03,613 [main] INFO  server.StorageContainerManager (StorageContainerManager.java:stop(1731)) - Stopping SCM Event Queue.
2024-07-18 11:34:03,616 [main] INFO  server.StorageContainerManager (StorageContainerManager.java:stop(1742)) - Stopping SCM HA services.
2024-07-18 11:34:03,616 [main] INFO  ha.SCMRatisServerImpl (SCMRatisServerImpl.java:stop(255)) - stopping ratis server 0.0.0.0:15003
2024-07-18 11:34:03,616 [main] INFO  server.RaftServer (RaftServerProxy.java:lambda$close$9(418)) - c23094e4-493d-4fea-9f0c-470ffa683120: close
2024-07-18 11:34:03,616 [main] INFO  server.GrpcService (GrpcService.java:closeImpl(311)) - c23094e4-493d-4fea-9f0c-470ffa683120: shutdown server GrpcServerProtocolService now
2024-07-18 11:34:03,617 [c23094e4-493d-4fea-9f0c-470ffa683120-impl-thread1] INFO  server.RaftServer$Division (RaftServerImpl.java:lambda$close$1(501)) - c23094e4-493d-4fea-9f0c-470ffa683120@group-646BDD98E01D: shutdown
2024-07-18 11:34:03,617 [c23094e4-493d-4fea-9f0c-470ffa683120-impl-thread1] INFO  util.JmxRegister (JmxRegister.java:unregister(74)) - Successfully un-registered JMX Bean with object name Ratis:service=RaftServer,group=group-646BDD98E01D,id=c23094e4-493d-4fea-9f0c-470ffa683120
2024-07-18 11:34:03,617 [c23094e4-493d-4fea-9f0c-470ffa683120-impl-thread1] INFO  impl.RoleInfo (RoleInfo.java:shutdownLeaderState(103)) - c23094e4-493d-4fea-9f0c-470ffa683120: shutdown c23094e4-493d-4fea-9f0c-470ffa683120@group-646BDD98E01D-LeaderStateImpl
2024-07-18 11:34:03,617 [c23094e4-493d-4fea-9f0c-470ffa683120-impl-thread1] INFO  impl.PendingRequests (PendingRequests.java:sendNotLeaderResponses(287)) - c23094e4-493d-4fea-9f0c-470ffa683120@group-646BDD98E01D-PendingRequests: sendNotLeaderResponses
2024-07-18 11:34:03,617 [c23094e4-493d-4fea-9f0c-470ffa683120-impl-thread1] INFO  ha.SCMStateMachine (SCMStateMachine.java:notifyNotLeader(212)) - current leader SCM steps down.
2024-07-18 11:34:03,617 [c23094e4-493d-4fea-9f0c-470ffa683120-impl-thread1] INFO  ha.SCMContext (SCMContext.java:updateLeaderAndTerm(96)) - update <isLeader,term> from <true,2> to <false,0>
2024-07-18 11:34:03,617 [c23094e4-493d-4fea-9f0c-470ffa683120-impl-thread1] INFO  ha.SCMContext (SCMContext.java:updateLeaderAndTerm(102)) - update <isLeaderReady> from <true> to <false>
2024-07-18 11:34:03,617 [c23094e4-493d-4fea-9f0c-470ffa683120-impl-thread1] INFO  BackgroundPipelineScrubber (BackgroundSCMService.java:notifyStatusChanged(85)) - Service BackgroundPipelineScrubber transitions to PAUSING.
2024-07-18 11:34:03,617 [c23094e4-493d-4fea-9f0c-470ffa683120-impl-thread1] INFO  ExpiredContainerReplicaOpScrubber (BackgroundSCMService.java:notifyStatusChanged(85)) - Service ExpiredContainerReplicaOpScrubber transitions to PAUSING.
2024-07-18 11:34:03,617 [c23094e4-493d-4fea-9f0c-470ffa683120-impl-thread1] INFO  SCMHATransactionMonitor (BackgroundSCMService.java:notifyStatusChanged(85)) - Service SCMHATransactionMonitor transitions to PAUSING.
2024-07-18 11:34:03,618 [c23094e4-493d-4fea-9f0c-470ffa683120-impl-thread1] INFO  impl.StateMachineUpdater (StateMachineUpdater.java:stopAndJoin(164)) - c23094e4-493d-4fea-9f0c-470ffa683120@group-646BDD98E01D-StateMachineUpdater: set stopIndex = 30
2024-07-18 11:34:03,619 [c23094e4-493d-4fea-9f0c-470ffa683120@group-646BDD98E01D-StateMachineUpdater] INFO  ha.SCMStateMachine (SCMStateMachine.java:takeSnapshot(331)) - Current Snapshot Index 30, takeSnapshot took 1 ms
2024-07-18 11:34:03,619 [c23094e4-493d-4fea-9f0c-470ffa683120@group-646BDD98E01D-StateMachineUpdater] INFO  impl.StateMachineUpdater (StateMachineUpdater.java:takeSnapshot(303)) - c23094e4-493d-4fea-9f0c-470ffa683120@group-646BDD98E01D-StateMachineUpdater: Took a snapshot at index 30
2024-07-18 11:34:03,619 [c23094e4-493d-4fea-9f0c-470ffa683120@group-646BDD98E01D-StateMachineUpdater] INFO  impl.StateMachineUpdater (StateMachineUpdater.java:lambda$new$0(102)) - c23094e4-493d-4fea-9f0c-470ffa683120@group-646BDD98E01D-StateMachineUpdater: snapshotIndex: updateIncreasingly -1 -> 30
2024-07-18 11:34:03,619 [c23094e4-493d-4fea-9f0c-470ffa683120@group-646BDD98E01D-StateMachineUpdater] INFO  impl.StateMachineUpdater (StateMachineUpdater.java:stop(141)) - c23094e4-493d-4fea-9f0c-470ffa683120@group-646BDD98E01D-StateMachineUpdater: closing SCMStateMachine, lastApplied=(t:2, i:30)
2024-07-18 11:34:03,619 [c23094e4-493d-4fea-9f0c-470ffa683120@group-646BDD98E01D-cacheEviction-AwaitToRun] INFO  util.AwaitToRun (AwaitToRun.java:run(49)) - c23094e4-493d-4fea-9f0c-470ffa683120@group-646BDD98E01D-cacheEviction-AwaitToRun-AwaitForSignal is interrupted
2024-07-18 11:34:03,622 [main] INFO  server.GrpcService (GrpcService.java:closeImpl(320)) - c23094e4-493d-4fea-9f0c-470ffa683120: shutdown server GrpcServerProtocolService successfully
2024-07-18 11:34:03,761 [c23094e4-493d-4fea-9f0c-470ffa683120-impl-thread1] INFO  segmented.SegmentedRaftLogWorker (SegmentedRaftLogWorker.java:close(248)) - c23094e4-493d-4fea-9f0c-470ffa683120@group-646BDD98E01D-SegmentedRaftLogWorker close()
2024-07-18 11:34:03,761 [JvmPauseMonitor1] INFO  util.JvmPauseMonitor (JvmPauseMonitor.java:run(152)) - JvmPauseMonitor-c23094e4-493d-4fea-9f0c-470ffa683120: Stopped
2024-07-18 11:34:03,762 [main] INFO  SCMHATransactionMonitor (BackgroundSCMService.java:stop(128)) - Stopping SCMHATransactionMonitor Service.
2024-07-18 11:34:03,762 [scmNode-1-SCMHATransactionMonitor] WARN  SCMHATransactionMonitor (BackgroundSCMService.java:run(112)) - SCMHATransactionMonitor is interrupted, exit
2024-07-18 11:34:03,762 [main] INFO  pipeline.BackgroundPipelineCreator (BackgroundPipelineCreator.java:stop(152)) - Stopping scmNode-1-RatisPipelineUtilsThread.
2024-07-18 11:34:03,762 [scmNode-1-RatisPipelineUtilsThread-0] WARN  pipeline.BackgroundPipelineCreator (BackgroundPipelineCreator.java:run(183)) - scmNode-1-RatisPipelineUtilsThread is interrupted.
2024-07-18 11:34:03,762 [main] INFO  BackgroundPipelineScrubber (BackgroundSCMService.java:stop(128)) - Stopping BackgroundPipelineScrubber Service.
2024-07-18 11:34:03,762 [scmNode-1-BackgroundPipelineScrubber] WARN  BackgroundPipelineScrubber (BackgroundSCMService.java:run(112)) - BackgroundPipelineScrubber is interrupted, exit
2024-07-18 11:34:03,763 [main] INFO  impl.MetricsSystemImpl (MetricsSystemImpl.java:stop(210)) - Stopping OzoneManager metrics system...
2024-07-18 11:34:03,765 [prometheus] INFO  impl.MetricsSinkAdapter (MetricsSinkAdapter.java:publishMetricsFromQueue(141)) - prometheus thread interrupted.
2024-07-18 11:34:03,765 [main] INFO  impl.MetricsSystemImpl (MetricsSystemImpl.java:stop(216)) - OzoneManager metrics system stopped.
2024-07-18 11:34:03,765 [main] WARN  pipeline.BackgroundPipelineCreator (BackgroundPipelineCreator.java:stop(148)) - scmNode-1-RatisPipelineUtilsThread is not running, just ignore.
2024-07-18 11:34:03,766 [main] INFO  BackgroundPipelineScrubber (BackgroundSCMService.java:stop(123)) - BackgroundPipelineScrubber Service is not running, skip stop.
2024-07-18 11:34:03,766 [scmNode-1-ExpiredContainerReplicaOpScrubber] WARN  ExpiredContainerReplicaOpScrubber (BackgroundSCMService.java:run(112)) - ExpiredContainerReplicaOpScrubber is interrupted, exit
2024-07-18 11:34:03,766 [main] INFO  ExpiredContainerReplicaOpScrubber (BackgroundSCMService.java:stop(128)) - Stopping ExpiredContainerReplicaOpScrubber Service.
2024-07-18 11:34:03,766 [main] INFO  utils.BackgroundService (BackgroundService.java:shutdown(163)) - Shutting down service SCMBlockDeletingService
2024-07-18 11:34:03,766 [main] INFO  replication.ReplicationManager (ReplicationManager.java:stop(339)) - Replication Monitor Thread is not running.
2024-07-18 11:34:03,766 [main] WARN  balancer.ContainerBalancer (ContainerBalancer.java:stop(327)) - Cannot stop Container Balancer because it's not running or stopping
2024-07-18 11:34:03,766 [main] INFO  SCMHATransactionMonitor (BackgroundSCMService.java:stop(123)) - SCMHATransactionMonitor Service is not running, skip stop.
2024-07-18 11:34:03,767 [main] INFO  server.StorageContainerManager (StorageContainerManager.java:stop(1777)) - Stopping SCM MetadataStore.
2024-07-18 11:34:03,768 [main] INFO  ozone.MiniOzoneClusterImpl (MiniOzoneClusterImpl.java:stop(412)) - Stopping the Mini Ozone Cluster
2024-07-18 11:34:03,768 [main] INFO  ozone.MiniOzoneClusterImpl (MiniOzoneClusterImpl.java:stopDatanodes(471)) - Stopping the HddsDatanodes
2024-07-18 11:34:03,769 [ForkJoinPool.commonPool-worker-1] INFO  ozoneimpl.OzoneContainer (OzoneContainer.java:stop(481)) - Attempting to stop container services.
2024-07-18 11:34:03,770 [ForkJoinPool.commonPool-worker-3] INFO  ozoneimpl.OzoneContainer (OzoneContainer.java:stop(481)) - Attempting to stop container services.
2024-07-18 11:34:03,770 [ContainerMetadataScanner] WARN  ozoneimpl.AbstractBackgroundContainerScanner (AbstractBackgroundContainerScanner.java:handleRemainingSleep(134)) - Background container scan was interrupted.
2024-07-18 11:34:03,770 [ContainerMetadataScanner] INFO  ozoneimpl.AbstractBackgroundContainerScanner (AbstractBackgroundContainerScanner.java:run(61)) - Thread[ContainerMetadataScanner,5,main] exiting.
2024-07-18 11:34:03,770 [ContainerMetadataScanner] WARN  ozoneimpl.AbstractBackgroundContainerScanner (AbstractBackgroundContainerScanner.java:handleRemainingSleep(134)) - Background container scan was interrupted.
2024-07-18 11:34:03,770 [ContainerMetadataScanner] INFO  ozoneimpl.AbstractBackgroundContainerScanner (AbstractBackgroundContainerScanner.java:run(61)) - Thread[ContainerMetadataScanner,5,main] exiting.
2024-07-18 11:34:03,771 [ForkJoinPool.commonPool-worker-3] INFO  ozoneimpl.BackgroundContainerDataScanner (BackgroundContainerDataScanner.java:shutdown(141)) - ContainerDataScanner(/home/runner/work/ozone/ozone/hadoop-ozone/integration-test/target/test-dir/MiniOzoneClusterImpl-c0b7f50e-f813-4849-95b3-646bdd98e01d/ozone-meta/datanode-1/data-0/hdds) is shutting down. 
2024-07-18 11:34:03,771 [ContainerDataScanner(/home/runner/work/ozone/ozone/hadoop-ozone/integration-test/target/test-dir/MiniOzoneClusterImpl-c0b7f50e-f813-4849-95b3-646bdd98e01d/ozone-meta/datanode-1/data-0/hdds)] WARN  ozoneimpl.AbstractBackgroundContainerScanner (AbstractBackgroundContainerScanner.java:handleRemainingSleep(134)) - Background container scan was interrupted.
2024-07-18 11:34:03,771 [ContainerDataScanner(/home/runner/work/ozone/ozone/hadoop-ozone/integration-test/target/test-dir/MiniOzoneClusterImpl-c0b7f50e-f813-4849-95b3-646bdd98e01d/ozone-meta/datanode-1/data-0/hdds)] INFO  ozoneimpl.AbstractBackgroundContainerScanner (AbstractBackgroundContainerScanner.java:run(61)) - ContainerDataScanner(/home/runner/work/ozone/ozone/hadoop-ozone/integration-test/target/test-dir/MiniOzoneClusterImpl-c0b7f50e-f813-4849-95b3-646bdd98e01d/ozone-meta/datanode-1/data-0/hdds, DS-cb4ae05a-2740-4431-9fab-9c7f706a8737) exiting.
2024-07-18 11:34:03,771 [ForkJoinPool.commonPool-worker-3] INFO  ozoneimpl.OnDemandContainerDataScanner (OnDemandContainerDataScanner.java:shutdownScanner(206)) - On-demand container scanner is shutting down.
2024-07-18 11:34:03,771 [ForkJoinPool.commonPool-worker-1] INFO  ozoneimpl.BackgroundContainerDataScanner (BackgroundContainerDataScanner.java:shutdown(141)) - ContainerDataScanner(/home/runner/work/ozone/ozone/hadoop-ozone/integration-test/target/test-dir/MiniOzoneClusterImpl-c0b7f50e-f813-4849-95b3-646bdd98e01d/ozone-meta/datanode-3/data-0/hdds) is shutting down. 
2024-07-18 11:34:03,771 [ForkJoinPool.commonPool-worker-3] INFO  server.RaftServer (RaftServerProxy.java:lambda$close$9(418)) - 0339cccf-75ab-4f40-8420-baf6c795ced3: close
2024-07-18 11:34:03,771 [0339cccf-75ab-4f40-8420-baf6c795ced3-impl-thread1] INFO  server.RaftServer$Division (RaftServerImpl.java:lambda$close$1(501)) - 0339cccf-75ab-4f40-8420-baf6c795ced3@group-258987903ABD: shutdown
2024-07-18 11:34:03,772 [0339cccf-75ab-4f40-8420-baf6c795ced3-impl-thread1] INFO  util.JmxRegister (JmxRegister.java:unregister(74)) - Successfully un-registered JMX Bean with object name Ratis:service=RaftServer,group=group-258987903ABD,id=0339cccf-75ab-4f40-8420-baf6c795ced3
2024-07-18 11:34:03,772 [0339cccf-75ab-4f40-8420-baf6c795ced3-impl-thread1] INFO  impl.RoleInfo (RoleInfo.java:shutdownFollowerState(119)) - 0339cccf-75ab-4f40-8420-baf6c795ced3: shutdown 0339cccf-75ab-4f40-8420-baf6c795ced3@group-258987903ABD-FollowerState
2024-07-18 11:34:03,772 [0339cccf-75ab-4f40-8420-baf6c795ced3-impl-thread1] INFO  impl.StateMachineUpdater (StateMachineUpdater.java:stopAndJoin(164)) - 0339cccf-75ab-4f40-8420-baf6c795ced3@group-258987903ABD-StateMachineUpdater: set stopIndex = 0
2024-07-18 11:34:03,772 [0339cccf-75ab-4f40-8420-baf6c795ced3-impl-thread2] INFO  server.RaftServer$Division (RaftServerImpl.java:lambda$close$1(501)) - 0339cccf-75ab-4f40-8420-baf6c795ced3@group-B21D8660D172: shutdown
2024-07-18 11:34:03,772 [0339cccf-75ab-4f40-8420-baf6c795ced3-impl-thread2] INFO  util.JmxRegister (JmxRegister.java:unregister(74)) - Successfully un-registered JMX Bean with object name Ratis:service=RaftServer,group=group-B21D8660D172,id=0339cccf-75ab-4f40-8420-baf6c795ced3
2024-07-18 11:34:03,772 [0339cccf-75ab-4f40-8420-baf6c795ced3-impl-thread2] INFO  impl.RoleInfo (RoleInfo.java:shutdownFollowerState(119)) - 0339cccf-75ab-4f40-8420-baf6c795ced3: shutdown 0339cccf-75ab-4f40-8420-baf6c795ced3@group-B21D8660D172-FollowerState
2024-07-18 11:34:03,772 [0339cccf-75ab-4f40-8420-baf6c795ced3-impl-thread2] INFO  impl.StateMachineUpdater (StateMachineUpdater.java:stopAndJoin(164)) - 0339cccf-75ab-4f40-8420-baf6c795ced3@group-B21D8660D172-StateMachineUpdater: set stopIndex = 0
2024-07-18 11:34:03,772 [0339cccf-75ab-4f40-8420-baf6c795ced3@group-B21D8660D172-StateMachineUpdater] INFO  ratis.ContainerStateMachine (ContainerStateMachine.java:takeSnapshot(355)) - group-B21D8660D172: Taking a snapshot at:(t:1, i:0) file /home/runner/work/ozone/ozone/hadoop-ozone/integration-test/target/test-dir/MiniOzoneClusterImpl-c0b7f50e-f813-4849-95b3-646bdd98e01d/ozone-meta/datanode-1/ratis/ad1ced21-6f81-4c80-ab1b-b21d8660d172/sm/snapshot.1_0
2024-07-18 11:34:03,771 [ContainerDataScanner(/home/runner/work/ozone/ozone/hadoop-ozone/integration-test/target/test-dir/MiniOzoneClusterImpl-c0b7f50e-f813-4849-95b3-646bdd98e01d/ozone-meta/datanode-3/data-0/hdds)] WARN  ozoneimpl.AbstractBackgroundContainerScanner (AbstractBackgroundContainerScanner.java:handleRemainingSleep(134)) - Background container scan was interrupted.
2024-07-18 11:34:03,772 [ContainerDataScanner(/home/runner/work/ozone/ozone/hadoop-ozone/integration-test/target/test-dir/MiniOzoneClusterImpl-c0b7f50e-f813-4849-95b3-646bdd98e01d/ozone-meta/datanode-3/data-0/hdds)] INFO  ozoneimpl.AbstractBackgroundContainerScanner (AbstractBackgroundContainerScanner.java:run(61)) - ContainerDataScanner(/home/runner/work/ozone/ozone/hadoop-ozone/integration-test/target/test-dir/MiniOzoneClusterImpl-c0b7f50e-f813-4849-95b3-646bdd98e01d/ozone-meta/datanode-3/data-0/hdds, DS-ee9a22c5-d40b-4f2c-b66f-5d23ae9991ea) exiting.
2024-07-18 11:34:03,772 [main] INFO  ozoneimpl.OzoneContainer (OzoneContainer.java:stop(481)) - Attempting to stop container services.
2024-07-18 11:34:03,772 [ForkJoinPool.commonPool-worker-1] INFO  server.RaftServer (RaftServerProxy.java:lambda$close$9(418)) - 0d591c3e-1cf4-45a6-8ac8-82f56607a94d: close
2024-07-18 11:34:03,773 [0d591c3e-1cf4-45a6-8ac8-82f56607a94d-impl-thread1] INFO  server.RaftServer$Division (RaftServerImpl.java:lambda$close$1(501)) - 0d591c3e-1cf4-45a6-8ac8-82f56607a94d@group-258987903ABD: shutdown
2024-07-18 11:34:03,773 [0d591c3e-1cf4-45a6-8ac8-82f56607a94d-impl-thread1] INFO  util.JmxRegister (JmxRegister.java:unregister(74)) - Successfully un-registered JMX Bean with object name Ratis:service=RaftServer,group=group-258987903ABD,id=0d591c3e-1cf4-45a6-8ac8-82f56607a94d
2024-07-18 11:34:03,773 [0d591c3e-1cf4-45a6-8ac8-82f56607a94d-impl-thread1] INFO  impl.RoleInfo (RoleInfo.java:shutdownLeaderState(103)) - 0d591c3e-1cf4-45a6-8ac8-82f56607a94d: shutdown 0d591c3e-1cf4-45a6-8ac8-82f56607a94d@group-258987903ABD-LeaderStateImpl
2024-07-18 11:34:03,773 [0d591c3e-1cf4-45a6-8ac8-82f56607a94d-impl-thread1] INFO  impl.PendingRequests (PendingRequests.java:sendNotLeaderResponses(287)) - 0d591c3e-1cf4-45a6-8ac8-82f56607a94d@group-258987903ABD-PendingRequests: sendNotLeaderResponses
2024-07-18 11:34:03,774 [grpc-default-executor-4] INFO  server.GrpcServerProtocolService (GrpcServerProtocolService.java:onCompleted(157)) - df04cc9d-3067-478c-80ae-8f73b6a024a8: Completed APPEND_ENTRIES, lastRequest: 0d591c3e-1cf4-45a6-8ac8-82f56607a94d->df04cc9d-3067-478c-80ae-8f73b6a024a8#1-t1,previous=(t:0, i:0),leaderCommit=-1,initializing? false,entries: size=1, first=(t:1, i:0), CONFIGURATIONENTRY(current:id:"df04cc9d-3067-478c-80ae-8f73b6a024a8"address:"127.0.0.1:15039"dataStreamAddress:"127.0.0.1:15040"clientAddress:"127.0.0.1:15037"adminAddress:"127.0.0.1:15038"startupRole:FOLLOWER, id:"0d591c3e-1cf4-45a6-8ac8-82f56607a94d"address:"127.0.0.1:15048"priority:1dataStreamAddress:"127.0.0.1:15049"clientAddress:"127.0.0.1:15046"adminAddress:"127.0.0.1:15047"startupRole:FOLLOWER, id:"0339cccf-75ab-4f40-8420-baf6c795ced3"address:"127.0.0.1:15030"dataStreamAddress:"127.0.0.1:15031"clientAddress:"127.0.0.1:15028"adminAddress:"127.0.0.1:15029"startupRole:FOLLOWER, old:)
2024-07-18 11:34:03,774 [grpc-default-executor-4] INFO  server.GrpcServerProtocolService (GrpcServerProtocolService.java:lambda$onCompleted$5(159)) - df04cc9d-3067-478c-80ae-8f73b6a024a8: Completed APPEND_ENTRIES, lastReply: null
2024-07-18 11:34:03,774 [grpc-default-executor-5] INFO  server.GrpcServerProtocolService (GrpcServerProtocolService.java:onCompleted(157)) - 0339cccf-75ab-4f40-8420-baf6c795ced3: Completed APPEND_ENTRIES, lastRequest: 0d591c3e-1cf4-45a6-8ac8-82f56607a94d->0339cccf-75ab-4f40-8420-baf6c795ced3#1-t1,previous=(t:0, i:0),leaderCommit=0,initializing? false,entries: size=1, first=(t:1, i:0), CONFIGURATIONENTRY(current:id:"df04cc9d-3067-478c-80ae-8f73b6a024a8"address:"127.0.0.1:15039"dataStreamAddress:"127.0.0.1:15040"clientAddress:"127.0.0.1:15037"adminAddress:"127.0.0.1:15038"startupRole:FOLLOWER, id:"0d591c3e-1cf4-45a6-8ac8-82f56607a94d"address:"127.0.0.1:15048"priority:1dataStreamAddress:"127.0.0.1:15049"clientAddress:"127.0.0.1:15046"adminAddress:"127.0.0.1:15047"startupRole:FOLLOWER, id:"0339cccf-75ab-4f40-8420-baf6c795ced3"address:"127.0.0.1:15030"dataStreamAddress:"127.0.0.1:15031"clientAddress:"127.0.0.1:15028"adminAddress:"127.0.0.1:15029"startupRole:FOLLOWER, old:)
2024-07-18 11:34:03,774 [grpc-default-executor-5] INFO  server.GrpcServerProtocolService (GrpcServerProtocolService.java:lambda$onCompleted$5(159)) - 0339cccf-75ab-4f40-8420-baf6c795ced3: Completed APPEND_ENTRIES, lastReply: null
2024-07-18 11:34:03,772 [0339cccf-75ab-4f40-8420-baf6c795ced3@group-B21D8660D172-FollowerState] INFO  impl.FollowerState (FollowerState.java:run(153)) - 0339cccf-75ab-4f40-8420-baf6c795ced3@group-B21D8660D172-FollowerState was interrupted
2024-07-18 11:34:03,772 [0339cccf-75ab-4f40-8420-baf6c795ced3@group-258987903ABD-StateMachineUpdater] INFO  ratis.ContainerStateMachine (ContainerStateMachine.java:takeSnapshot(355)) - group-258987903ABD: Taking a snapshot at:(t:1, i:0) file /home/runner/work/ozone/ozone/hadoop-ozone/integration-test/target/test-dir/MiniOzoneClusterImpl-c0b7f50e-f813-4849-95b3-646bdd98e01d/ozone-meta/datanode-1/ratis/dda73e58-059d-4109-9a3d-258987903abd/sm/snapshot.1_0
2024-07-18 11:34:03,775 [0d591c3e-1cf4-45a6-8ac8-82f56607a94d-impl-thread1] INFO  impl.StateMachineUpdater (StateMachineUpdater.java:stopAndJoin(164)) - 0d591c3e-1cf4-45a6-8ac8-82f56607a94d@group-258987903ABD-StateMachineUpdater: set stopIndex = 0
2024-07-18 11:34:03,775 [0d591c3e-1cf4-45a6-8ac8-82f56607a94d@group-258987903ABD-StateMachineUpdater] INFO  ratis.ContainerStateMachine (ContainerStateMachine.java:takeSnapshot(355)) - group-258987903ABD: Taking a snapshot at:(t:1, i:0) file /home/runner/work/ozone/ozone/hadoop-ozone/integration-test/target/test-dir/MiniOzoneClusterImpl-c0b7f50e-f813-4849-95b3-646bdd98e01d/ozone-meta/datanode-3/ratis/dda73e58-059d-4109-9a3d-258987903abd/sm/snapshot.1_0
2024-07-18 11:34:03,776 [grpc-default-executor-5] INFO  server.GrpcServerProtocolService (GrpcServerProtocolService.java:onCompleted(157)) - 0339cccf-75ab-4f40-8420-baf6c795ced3: Completed APPEND_ENTRIES, lastRequest: null
2024-07-18 11:34:03,772 [ForkJoinPool.commonPool-worker-3] INFO  server.GrpcService (GrpcService.java:closeImpl(311)) - 0339cccf-75ab-4f40-8420-baf6c795ced3: shutdown server org.apache.ratis.grpc.server.GrpcClientProtocolService now
2024-07-18 11:34:03,772 [0339cccf-75ab-4f40-8420-baf6c795ced3@group-258987903ABD-FollowerState] INFO  impl.FollowerState (FollowerState.java:run(153)) - 0339cccf-75ab-4f40-8420-baf6c795ced3@group-258987903ABD-FollowerState was interrupted
2024-07-18 11:34:03,772 [ContainerMetadataScanner] WARN  ozoneimpl.AbstractBackgroundContainerScanner (AbstractBackgroundContainerScanner.java:handleRemainingSleep(134)) - Background container scan was interrupted.
2024-07-18 11:34:03,777 [ContainerMetadataScanner] INFO  ozoneimpl.AbstractBackgroundContainerScanner (AbstractBackgroundContainerScanner.java:run(61)) - Thread[ContainerMetadataScanner,5,main] exiting.
2024-07-18 11:34:03,777 [main] INFO  ozoneimpl.BackgroundContainerDataScanner (BackgroundContainerDataScanner.java:shutdown(141)) - ContainerDataScanner(/home/runner/work/ozone/ozone/hadoop-ozone/integration-test/target/test-dir/MiniOzoneClusterImpl-c0b7f50e-f813-4849-95b3-646bdd98e01d/ozone-meta/datanode-2/data-0/hdds) is shutting down. 
2024-07-18 11:34:03,777 [ContainerDataScanner(/home/runner/work/ozone/ozone/hadoop-ozone/integration-test/target/test-dir/MiniOzoneClusterImpl-c0b7f50e-f813-4849-95b3-646bdd98e01d/ozone-meta/datanode-2/data-0/hdds)] WARN  ozoneimpl.AbstractBackgroundContainerScanner (AbstractBackgroundContainerScanner.java:handleRemainingSleep(134)) - Background container scan was interrupted.
2024-07-18 11:34:03,777 [ContainerDataScanner(/home/runner/work/ozone/ozone/hadoop-ozone/integration-test/target/test-dir/MiniOzoneClusterImpl-c0b7f50e-f813-4849-95b3-646bdd98e01d/ozone-meta/datanode-2/data-0/hdds)] INFO  ozoneimpl.AbstractBackgroundContainerScanner (AbstractBackgroundContainerScanner.java:run(61)) - ContainerDataScanner(/home/runner/work/ozone/ozone/hadoop-ozone/integration-test/target/test-dir/MiniOzoneClusterImpl-c0b7f50e-f813-4849-95b3-646bdd98e01d/ozone-meta/datanode-2/data-0/hdds, DS-c00ff045-81bb-403f-be6b-beeef90a6400) exiting.
2024-07-18 11:34:03,777 [main] INFO  server.RaftServer (RaftServerProxy.java:lambda$close$9(418)) - df04cc9d-3067-478c-80ae-8f73b6a024a8: close
2024-07-18 11:34:03,777 [df04cc9d-3067-478c-80ae-8f73b6a024a8-impl-thread1] INFO  server.RaftServer$Division (RaftServerImpl.java:lambda$close$1(501)) - df04cc9d-3067-478c-80ae-8f73b6a024a8@group-258987903ABD: shutdown
2024-07-18 11:34:03,778 [df04cc9d-3067-478c-80ae-8f73b6a024a8-impl-thread1] INFO  util.JmxRegister (JmxRegister.java:unregister(74)) - Successfully un-registered JMX Bean with object name Ratis:service=RaftServer,group=group-258987903ABD,id=df04cc9d-3067-478c-80ae-8f73b6a024a8
2024-07-18 11:34:03,778 [df04cc9d-3067-478c-80ae-8f73b6a024a8-impl-thread1] INFO  impl.RoleInfo (RoleInfo.java:shutdownFollowerState(119)) - df04cc9d-3067-478c-80ae-8f73b6a024a8: shutdown df04cc9d-3067-478c-80ae-8f73b6a024a8@group-258987903ABD-FollowerState
2024-07-18 11:34:03,778 [df04cc9d-3067-478c-80ae-8f73b6a024a8-impl-thread1] INFO  impl.StateMachineUpdater (StateMachineUpdater.java:stopAndJoin(164)) - df04cc9d-3067-478c-80ae-8f73b6a024a8@group-258987903ABD-StateMachineUpdater: set stopIndex = 0
2024-07-18 11:34:03,778 [df04cc9d-3067-478c-80ae-8f73b6a024a8@group-258987903ABD-FollowerState] INFO  impl.FollowerState (FollowerState.java:run(153)) - df04cc9d-3067-478c-80ae-8f73b6a024a8@group-258987903ABD-FollowerState was interrupted
2024-07-18 11:34:03,779 [0d591c3e-1cf4-45a6-8ac8-82f56607a94d-impl-thread2] INFO  server.RaftServer$Division (RaftServerImpl.java:lambda$close$1(501)) - 0d591c3e-1cf4-45a6-8ac8-82f56607a94d@group-B21D8660D172: shutdown
2024-07-18 11:34:03,779 [0d591c3e-1cf4-45a6-8ac8-82f56607a94d-impl-thread2] INFO  util.JmxRegister (JmxRegister.java:unregister(74)) - Successfully un-registered JMX Bean with object name Ratis:service=RaftServer,group=group-B21D8660D172,id=0d591c3e-1cf4-45a6-8ac8-82f56607a94d
2024-07-18 11:34:03,779 [0d591c3e-1cf4-45a6-8ac8-82f56607a94d-impl-thread2] INFO  impl.RoleInfo (RoleInfo.java:shutdownFollowerState(119)) - 0d591c3e-1cf4-45a6-8ac8-82f56607a94d: shutdown 0d591c3e-1cf4-45a6-8ac8-82f56607a94d@group-B21D8660D172-FollowerState
2024-07-18 11:34:03,779 [0d591c3e-1cf4-45a6-8ac8-82f56607a94d-impl-thread2] INFO  impl.StateMachineUpdater (StateMachineUpdater.java:stopAndJoin(164)) - 0d591c3e-1cf4-45a6-8ac8-82f56607a94d@group-B21D8660D172-StateMachineUpdater: set stopIndex = 0
2024-07-18 11:34:03,779 [0d591c3e-1cf4-45a6-8ac8-82f56607a94d@group-B21D8660D172-StateMachineUpdater] INFO  ratis.ContainerStateMachine (ContainerStateMachine.java:takeSnapshot(355)) - group-B21D8660D172: Taking a snapshot at:(t:1, i:0) file /home/runner/work/ozone/ozone/hadoop-ozone/integration-test/target/test-dir/MiniOzoneClusterImpl-c0b7f50e-f813-4849-95b3-646bdd98e01d/ozone-meta/datanode-3/ratis/ad1ced21-6f81-4c80-ab1b-b21d8660d172/sm/snapshot.1_0
2024-07-18 11:34:03,779 [ForkJoinPool.commonPool-worker-1] INFO  server.GrpcService (GrpcService.java:closeImpl(311)) - 0d591c3e-1cf4-45a6-8ac8-82f56607a94d: shutdown server org.apache.ratis.grpc.server.GrpcClientProtocolService now
2024-07-18 11:34:03,772 [0339cccf-75ab-4f40-8420-baf6c795ced3-impl-thread3] INFO  server.RaftServer$Division (RaftServerImpl.java:lambda$close$1(501)) - 0339cccf-75ab-4f40-8420-baf6c795ced3@group-850A67E39A52: shutdown
2024-07-18 11:34:03,779 [0d591c3e-1cf4-45a6-8ac8-82f56607a94d@group-B21D8660D172-FollowerState] INFO  impl.FollowerState (FollowerState.java:run(153)) - 0d591c3e-1cf4-45a6-8ac8-82f56607a94d@group-B21D8660D172-FollowerState was interrupted
2024-07-18 11:34:03,778 [df04cc9d-3067-478c-80ae-8f73b6a024a8@group-258987903ABD-StateMachineUpdater] INFO  ratis.ContainerStateMachine (ContainerStateMachine.java:takeSnapshot(355)) - group-258987903ABD: Taking a snapshot at:(t:1, i:0) file /home/runner/work/ozone/ozone/hadoop-ozone/integration-test/target/test-dir/MiniOzoneClusterImpl-c0b7f50e-f813-4849-95b3-646bdd98e01d/ozone-meta/datanode-2/ratis/dda73e58-059d-4109-9a3d-258987903abd/sm/snapshot.1_0
2024-07-18 11:34:03,777 [grpc-default-executor-4] INFO  server.GrpcServerProtocolService (GrpcServerProtocolService.java:onCompleted(157)) - df04cc9d-3067-478c-80ae-8f73b6a024a8: Completed APPEND_ENTRIES, lastRequest: null
2024-07-18 11:34:03,780 [0d591c3e-1cf4-45a6-8ac8-82f56607a94d-impl-thread3] INFO  server.RaftServer$Division (RaftServerImpl.java:lambda$close$1(501)) - 0d591c3e-1cf4-45a6-8ac8-82f56607a94d@group-84EFF58AB50D: shutdown
2024-07-18 11:34:03,780 [0d591c3e-1cf4-45a6-8ac8-82f56607a94d-impl-thread3] INFO  util.JmxRegister (JmxRegister.java:unregister(74)) - Successfully un-registered JMX Bean with object name Ratis:service=RaftServer,group=group-84EFF58AB50D,id=0d591c3e-1cf4-45a6-8ac8-82f56607a94d
2024-07-18 11:34:03,780 [0d591c3e-1cf4-45a6-8ac8-82f56607a94d-impl-thread3] INFO  impl.RoleInfo (RoleInfo.java:shutdownLeaderState(103)) - 0d591c3e-1cf4-45a6-8ac8-82f56607a94d: shutdown 0d591c3e-1cf4-45a6-8ac8-82f56607a94d@group-84EFF58AB50D-LeaderStateImpl
2024-07-18 11:34:03,780 [0d591c3e-1cf4-45a6-8ac8-82f56607a94d-impl-thread3] INFO  impl.PendingRequests (PendingRequests.java:sendNotLeaderResponses(287)) - 0d591c3e-1cf4-45a6-8ac8-82f56607a94d@group-84EFF58AB50D-PendingRequests: sendNotLeaderResponses
2024-07-18 11:34:03,780 [grpc-default-executor-4] INFO  server.GrpcServerProtocolService (GrpcServerProtocolService.java:lambda$onCompleted$5(159)) - df04cc9d-3067-478c-80ae-8f73b6a024a8: Completed APPEND_ENTRIES, lastReply: serverReply {
  requestorId: "0d591c3e-1cf4-45a6-8ac8-82f56607a94d"
  replyId: "df04cc9d-3067-478c-80ae-8f73b6a024a8"
  raftGroupId {
    id: "\335\247>X\005\235A\t\232=%\211\207\220:\275"
  }
  callId: 11
  success: true
}
term: 1
nextIndex: 1
matchIndex: 18446744073709551615
isHearbeat: true

2024-07-18 11:34:03,777 [grpc-default-executor-5] INFO  server.GrpcServerProtocolService (GrpcServerProtocolService.java:lambda$onCompleted$5(159)) - 0339cccf-75ab-4f40-8420-baf6c795ced3: Completed APPEND_ENTRIES, lastReply: serverReply {
  requestorId: "0d591c3e-1cf4-45a6-8ac8-82f56607a94d"
  replyId: "0339cccf-75ab-4f40-8420-baf6c795ced3"
  raftGroupId {
    id: "\335\247>X\005\235A\t\232=%\211\207\220:\275"
  }
  callId: 11
  success: true
}
term: 1
nextIndex: 1
matchIndex: 18446744073709551615
isHearbeat: true

2024-07-18 11:34:03,781 [0d591c3e-1cf4-45a6-8ac8-82f56607a94d-impl-thread3] INFO  impl.StateMachineUpdater (StateMachineUpdater.java:stopAndJoin(164)) - 0d591c3e-1cf4-45a6-8ac8-82f56607a94d@group-84EFF58AB50D-StateMachineUpdater: set stopIndex = 3
2024-07-18 11:34:03,779 [0339cccf-75ab-4f40-8420-baf6c795ced3-impl-thread3] INFO  util.JmxRegister (JmxRegister.java:unregister(74)) - Successfully un-registered JMX Bean with object name Ratis:service=RaftServer,group=group-850A67E39A52,id=0339cccf-75ab-4f40-8420-baf6c795ced3
2024-07-18 11:34:03,781 [0339cccf-75ab-4f40-8420-baf6c795ced3-impl-thread3] INFO  impl.RoleInfo (RoleInfo.java:shutdownLeaderState(103)) - 0339cccf-75ab-4f40-8420-baf6c795ced3: shutdown 0339cccf-75ab-4f40-8420-baf6c795ced3@group-850A67E39A52-LeaderStateImpl
2024-07-18 11:34:03,781 [Thread-1107] INFO  server.GrpcServerProtocolClient (GrpcServerProtocolClient.java:close(103)) - df04cc9d-3067-478c-80ae-8f73b6a024a8 Close channels
2024-07-18 11:34:03,781 [0d591c3e-1cf4-45a6-8ac8-82f56607a94d@group-84EFF58AB50D-StateMachineUpdater] INFO  ratis.ContainerStateMachine (ContainerStateMachine.java:takeSnapshot(355)) - group-84EFF58AB50D: Taking a snapshot at:(t:1, i:3) file /home/runner/work/ozone/ozone/hadoop-ozone/integration-test/target/test-dir/MiniOzoneClusterImpl-c0b7f50e-f813-4849-95b3-646bdd98e01d/ozone-meta/datanode-3/ratis/c1eb1e75-8a90-48ef-a8a7-84eff58ab50d/sm/snapshot.1_3
2024-07-18 11:34:03,781 [Thread-1109] INFO  server.GrpcServerProtocolClient (GrpcServerProtocolClient.java:close(103)) - 0339cccf-75ab-4f40-8420-baf6c795ced3 Close channels
2024-07-18 11:34:03,782 [Thread-1104] INFO  server.GrpcServerProtocolClient (GrpcServerProtocolClient.java:close(103)) - df04cc9d-3067-478c-80ae-8f73b6a024a8 Close channels
2024-07-18 11:34:03,784 [0339cccf-75ab-4f40-8420-baf6c795ced3-impl-thread3] INFO  impl.PendingRequests (PendingRequests.java:sendNotLeaderResponses(287)) - 0339cccf-75ab-4f40-8420-baf6c795ced3@group-850A67E39A52-PendingRequests: sendNotLeaderResponses
2024-07-18 11:34:03,784 [df04cc9d-3067-478c-80ae-8f73b6a024a8-impl-thread2] INFO  server.RaftServer$Division (RaftServerImpl.java:lambda$close$1(501)) - df04cc9d-3067-478c-80ae-8f73b6a024a8@group-B21D8660D172: shutdown
2024-07-18 11:34:03,785 [df04cc9d-3067-478c-80ae-8f73b6a024a8-impl-thread2] INFO  util.JmxRegister (JmxRegister.java:unregister(74)) - Successfully un-registered JMX Bean with object name Ratis:service=RaftServer,group=group-B21D8660D172,id=df04cc9d-3067-478c-80ae-8f73b6a024a8
2024-07-18 11:34:03,785 [df04cc9d-3067-478c-80ae-8f73b6a024a8-impl-thread2] INFO  impl.RoleInfo (RoleInfo.java:shutdownLeaderState(103)) - df04cc9d-3067-478c-80ae-8f73b6a024a8: shutdown df04cc9d-3067-478c-80ae-8f73b6a024a8@group-B21D8660D172-LeaderStateImpl
2024-07-18 11:34:03,785 [df04cc9d-3067-478c-80ae-8f73b6a024a8-impl-thread2] INFO  impl.PendingRequests (PendingRequests.java:sendNotLeaderResponses(287)) - df04cc9d-3067-478c-80ae-8f73b6a024a8@group-B21D8660D172-PendingRequests: sendNotLeaderResponses
2024-07-18 11:34:03,785 [grpc-default-executor-1] INFO  server.GrpcServerProtocolService (GrpcServerProtocolService.java:onCompleted(157)) - 0339cccf-75ab-4f40-8420-baf6c795ced3: Completed APPEND_ENTRIES, lastRequest: df04cc9d-3067-478c-80ae-8f73b6a024a8->0339cccf-75ab-4f40-8420-baf6c795ced3#1-t1,previous=(t:0, i:0),leaderCommit=-1,initializing? false,entries: size=1, first=(t:1, i:0), CONFIGURATIONENTRY(current:id:"df04cc9d-3067-478c-80ae-8f73b6a024a8"address:"127.0.0.1:15039"priority:1dataStreamAddress:"127.0.0.1:15040"clientAddress:"127.0.0.1:15037"adminAddress:"127.0.0.1:15038"startupRole:FOLLOWER, id:"0d591c3e-1cf4-45a6-8ac8-82f56607a94d"address:"127.0.0.1:15048"dataStreamAddress:"127.0.0.1:15049"clientAddress:"127.0.0.1:15046"adminAddress:"127.0.0.1:15047"startupRole:FOLLOWER, id:"0339cccf-75ab-4f40-8420-baf6c795ced3"address:"127.0.0.1:15030"dataStreamAddress:"127.0.0.1:15031"clientAddress:"127.0.0.1:15028"adminAddress:"127.0.0.1:15029"startupRole:FOLLOWER, old:)
2024-07-18 11:34:03,785 [grpc-default-executor-1] INFO  server.GrpcServerProtocolService (GrpcServerProtocolService.java:lambda$onCompleted$5(159)) - 0339cccf-75ab-4f40-8420-baf6c795ced3: Completed APPEND_ENTRIES, lastReply: null
2024-07-18 11:34:03,786 [0339cccf-75ab-4f40-8420-baf6c795ced3-impl-thread3] INFO  impl.StateMachineUpdater (StateMachineUpdater.java:stopAndJoin(164)) - 0339cccf-75ab-4f40-8420-baf6c795ced3@group-850A67E39A52-StateMachineUpdater: set stopIndex = 0
2024-07-18 11:34:03,786 [0339cccf-75ab-4f40-8420-baf6c795ced3@group-850A67E39A52-StateMachineUpdater] INFO  ratis.ContainerStateMachine (ContainerStateMachine.java:takeSnapshot(355)) - group-850A67E39A52: Taking a snapshot at:(t:1, i:0) file /home/runner/work/ozone/ozone/hadoop-ozone/integration-test/target/test-dir/MiniOzoneClusterImpl-c0b7f50e-f813-4849-95b3-646bdd98e01d/ozone-meta/datanode-1/ratis/2ed2c354-8c0b-4cab-9287-850a67e39a52/sm/snapshot.1_0
2024-07-18 11:34:03,786 [df04cc9d-3067-478c-80ae-8f73b6a024a8-impl-thread2] INFO  impl.StateMachineUpdater (StateMachineUpdater.java:stopAndJoin(164)) - df04cc9d-3067-478c-80ae-8f73b6a024a8@group-B21D8660D172-StateMachineUpdater: set stopIndex = 0
2024-07-18 11:34:03,786 [df04cc9d-3067-478c-80ae-8f73b6a024a8@group-B21D8660D172-StateMachineUpdater] INFO  ratis.ContainerStateMachine (ContainerStateMachine.java:takeSnapshot(355)) - group-B21D8660D172: Taking a snapshot at:(t:1, i:0) file /home/runner/work/ozone/ozone/hadoop-ozone/integration-test/target/test-dir/MiniOzoneClusterImpl-c0b7f50e-f813-4849-95b3-646bdd98e01d/ozone-meta/datanode-2/ratis/ad1ced21-6f81-4c80-ab1b-b21d8660d172/sm/snapshot.1_0
2024-07-18 11:34:03,786 [grpc-default-executor-1] INFO  server.GrpcServerProtocolService (GrpcServerProtocolService.java:onCompleted(157)) - 0d591c3e-1cf4-45a6-8ac8-82f56607a94d: Completed APPEND_ENTRIES, lastRequest: df04cc9d-3067-478c-80ae-8f73b6a024a8->0d591c3e-1cf4-45a6-8ac8-82f56607a94d#1-t1,previous=(t:0, i:0),leaderCommit=-1,initializing? false,entries: size=1, first=(t:1, i:0), CONFIGURATIONENTRY(current:id:"df04cc9d-3067-478c-80ae-8f73b6a024a8"address:"127.0.0.1:15039"priority:1dataStreamAddress:"127.0.0.1:15040"clientAddress:"127.0.0.1:15037"adminAddress:"127.0.0.1:15038"startupRole:FOLLOWER, id:"0d591c3e-1cf4-45a6-8ac8-82f56607a94d"address:"127.0.0.1:15048"dataStreamAddress:"127.0.0.1:15049"clientAddress:"127.0.0.1:15046"adminAddress:"127.0.0.1:15047"startupRole:FOLLOWER, id:"0339cccf-75ab-4f40-8420-baf6c795ced3"address:"127.0.0.1:15030"dataStreamAddress:"127.0.0.1:15031"clientAddress:"127.0.0.1:15028"adminAddress:"127.0.0.1:15029"startupRole:FOLLOWER, old:)
2024-07-18 11:34:03,786 [main] INFO  server.GrpcService (GrpcService.java:closeImpl(311)) - df04cc9d-3067-478c-80ae-8f73b6a024a8: shutdown server org.apache.ratis.grpc.server.GrpcClientProtocolService now
2024-07-18 11:34:03,787 [grpc-default-executor-4] INFO  server.GrpcServerProtocolService (GrpcServerProtocolService.java:onCompleted(157)) - 0339cccf-75ab-4f40-8420-baf6c795ced3: Completed APPEND_ENTRIES, lastRequest: null
2024-07-18 11:34:03,787 [ForkJoinPool.commonPool-worker-1] INFO  server.GrpcService (GrpcService.java:closeImpl(320)) - 0d591c3e-1cf4-45a6-8ac8-82f56607a94d: shutdown server org.apache.ratis.grpc.server.GrpcClientProtocolService successfully
2024-07-18 11:34:03,786 [grpc-default-executor-1] INFO  server.GrpcServerProtocolService (GrpcServerProtocolService.java:lambda$onCompleted$5(159)) - 0d591c3e-1cf4-45a6-8ac8-82f56607a94d: Completed APPEND_ENTRIES, lastReply: null
2024-07-18 11:34:03,787 [grpc-default-executor-5] INFO  server.GrpcServerProtocolService (GrpcServerProtocolService.java:onCompleted(157)) - 0d591c3e-1cf4-45a6-8ac8-82f56607a94d: Completed APPEND_ENTRIES, lastRequest: null
2024-07-18 11:34:03,787 [grpc-default-executor-5] INFO  server.GrpcServerProtocolService (GrpcServerProtocolService.java:lambda$onCompleted$5(159)) - 0d591c3e-1cf4-45a6-8ac8-82f56607a94d: Completed APPEND_ENTRIES, lastReply: serverReply {
  requestorId: "df04cc9d-3067-478c-80ae-8f73b6a024a8"
  replyId: "0d591c3e-1cf4-45a6-8ac8-82f56607a94d"
  raftGroupId {
    id: "\255\034\355!o\201L\200\253\033\262\035\206`\321r"
  }
  callId: 13
  success: true
}
term: 1
nextIndex: 1
matchIndex: 18446744073709551615
isHearbeat: true

2024-07-18 11:34:03,787 [grpc-default-executor-4] INFO  server.GrpcServerProtocolService (GrpcServerProtocolService.java:lambda$onCompleted$5(159)) - 0339cccf-75ab-4f40-8420-baf6c795ced3: Completed APPEND_ENTRIES, lastReply: serverReply {
  requestorId: "df04cc9d-3067-478c-80ae-8f73b6a024a8"
  replyId: "0339cccf-75ab-4f40-8420-baf6c795ced3"
  raftGroupId {
    id: "\255\034\355!o\201L\200\253\033\262\035\206`\321r"
  }
  callId: 11
  success: true
}
term: 1
nextIndex: 1
matchIndex: 18446744073709551615
isHearbeat: true

2024-07-18 11:34:03,787 [ForkJoinPool.commonPool-worker-1] INFO  server.GrpcService (GrpcService.java:closeImpl(311)) - 0d591c3e-1cf4-45a6-8ac8-82f56607a94d: shutdown server GrpcServerProtocolService now
2024-07-18 11:34:03,789 [ForkJoinPool.commonPool-worker-1] INFO  server.GrpcService (GrpcService.java:closeImpl(320)) - 0d591c3e-1cf4-45a6-8ac8-82f56607a94d: shutdown server GrpcServerProtocolService successfully
2024-07-18 11:34:03,789 [ForkJoinPool.commonPool-worker-1] INFO  server.GrpcService (GrpcService.java:closeImpl(311)) - 0d591c3e-1cf4-45a6-8ac8-82f56607a94d: shutdown server org.apache.ratis.grpc.server.GrpcAdminProtocolService now
2024-07-18 11:34:03,789 [ForkJoinPool.commonPool-worker-1] INFO  server.GrpcService (GrpcService.java:closeImpl(320)) - 0d591c3e-1cf4-45a6-8ac8-82f56607a94d: shutdown server org.apache.ratis.grpc.server.GrpcAdminProtocolService successfully
2024-07-18 11:34:03,796 [Thread-1114] INFO  server.GrpcServerProtocolClient (GrpcServerProtocolClient.java:close(103)) - 0339cccf-75ab-4f40-8420-baf6c795ced3 Close channels
2024-07-18 11:34:03,801 [Thread-1113] INFO  server.GrpcServerProtocolClient (GrpcServerProtocolClient.java:close(103)) - 0d591c3e-1cf4-45a6-8ac8-82f56607a94d Close channels
2024-07-18 11:34:03,801 [main] INFO  server.GrpcService (GrpcService.java:closeImpl(320)) - df04cc9d-3067-478c-80ae-8f73b6a024a8: shutdown server org.apache.ratis.grpc.server.GrpcClientProtocolService successfully
2024-07-18 11:34:03,801 [main] INFO  server.GrpcService (GrpcService.java:closeImpl(311)) - df04cc9d-3067-478c-80ae-8f73b6a024a8: shutdown server GrpcServerProtocolService now
2024-07-18 11:34:03,802 [main] INFO  server.GrpcService (GrpcService.java:closeImpl(320)) - df04cc9d-3067-478c-80ae-8f73b6a024a8: shutdown server GrpcServerProtocolService successfully
2024-07-18 11:34:03,802 [main] INFO  server.GrpcService (GrpcService.java:closeImpl(311)) - df04cc9d-3067-478c-80ae-8f73b6a024a8: shutdown server org.apache.ratis.grpc.server.GrpcAdminProtocolService now
2024-07-18 11:34:03,802 [Thread-1110] INFO  server.GrpcServerProtocolClient (GrpcServerProtocolClient.java:close(103)) - 0d591c3e-1cf4-45a6-8ac8-82f56607a94d Close channels
2024-07-18 11:34:03,802 [df04cc9d-3067-478c-80ae-8f73b6a024a8-impl-thread3] INFO  server.RaftServer$Division (RaftServerImpl.java:lambda$close$1(501)) - df04cc9d-3067-478c-80ae-8f73b6a024a8@group-24D321077FFF: shutdown
2024-07-18 11:34:03,802 [main] INFO  server.GrpcService (GrpcService.java:closeImpl(320)) - df04cc9d-3067-478c-80ae-8f73b6a024a8: shutdown server org.apache.ratis.grpc.server.GrpcAdminProtocolService successfully
2024-07-18 11:34:03,802 [ForkJoinPool.commonPool-worker-3] INFO  server.GrpcService (GrpcService.java:closeImpl(320)) - 0339cccf-75ab-4f40-8420-baf6c795ced3: shutdown server org.apache.ratis.grpc.server.GrpcClientProtocolService successfully
2024-07-18 11:34:03,803 [ForkJoinPool.commonPool-worker-3] INFO  server.GrpcService (GrpcService.java:closeImpl(311)) - 0339cccf-75ab-4f40-8420-baf6c795ced3: shutdown server GrpcServerProtocolService now
2024-07-18 11:34:03,803 [ForkJoinPool.commonPool-worker-3] INFO  server.GrpcService (GrpcService.java:closeImpl(320)) - 0339cccf-75ab-4f40-8420-baf6c795ced3: shutdown server GrpcServerProtocolService successfully
2024-07-18 11:34:03,803 [ForkJoinPool.commonPool-worker-3] INFO  server.GrpcService (GrpcService.java:closeImpl(311)) - 0339cccf-75ab-4f40-8420-baf6c795ced3: shutdown server org.apache.ratis.grpc.server.GrpcAdminProtocolService now
2024-07-18 11:34:03,803 [ForkJoinPool.commonPool-worker-3] INFO  server.GrpcService (GrpcService.java:closeImpl(320)) - 0339cccf-75ab-4f40-8420-baf6c795ced3: shutdown server org.apache.ratis.grpc.server.GrpcAdminProtocolService successfully
2024-07-18 11:34:03,803 [df04cc9d-3067-478c-80ae-8f73b6a024a8-impl-thread3] INFO  util.JmxRegister (JmxRegister.java:unregister(74)) - Successfully un-registered JMX Bean with object name Ratis:service=RaftServer,group=group-24D321077FFF,id=df04cc9d-3067-478c-80ae-8f73b6a024a8
2024-07-18 11:34:03,804 [df04cc9d-3067-478c-80ae-8f73b6a024a8-impl-thread3] INFO  impl.RoleInfo (RoleInfo.java:shutdownLeaderState(103)) - df04cc9d-3067-478c-80ae-8f73b6a024a8: shutdown df04cc9d-3067-478c-80ae-8f73b6a024a8@group-24D321077FFF-LeaderStateImpl
2024-07-18 11:34:03,805 [df04cc9d-3067-478c-80ae-8f73b6a024a8-impl-thread3] INFO  impl.PendingRequests (PendingRequests.java:sendNotLeaderResponses(287)) - df04cc9d-3067-478c-80ae-8f73b6a024a8@group-24D321077FFF-PendingRequests: sendNotLeaderResponses
2024-07-18 11:34:03,806 [df04cc9d-3067-478c-80ae-8f73b6a024a8-impl-thread3] INFO  impl.StateMachineUpdater (StateMachineUpdater.java:stopAndJoin(164)) - df04cc9d-3067-478c-80ae-8f73b6a024a8@group-24D321077FFF-StateMachineUpdater: set stopIndex = 0
2024-07-18 11:34:03,806 [df04cc9d-3067-478c-80ae-8f73b6a024a8@group-24D321077FFF-StateMachineUpdater] INFO  ratis.ContainerStateMachine (ContainerStateMachine.java:takeSnapshot(355)) - group-24D321077FFF: Taking a snapshot at:(t:1, i:0) file /home/runner/work/ozone/ozone/hadoop-ozone/integration-test/target/test-dir/MiniOzoneClusterImpl-c0b7f50e-f813-4849-95b3-646bdd98e01d/ozone-meta/datanode-2/ratis/fdcaa597-ead9-4aa4-bc30-24d321077fff/sm/snapshot.1_0
2024-07-18 11:34:03,817 [df04cc9d-3067-478c-80ae-8f73b6a024a8@group-24D321077FFF-StateMachineUpdater] INFO  ratis.ContainerStateMachine (ContainerStateMachine.java:takeSnapshot(366)) - group-24D321077FFF: Finished taking a snapshot at:(t:1, i:0) file:/home/runner/work/ozone/ozone/hadoop-ozone/integration-test/target/test-dir/MiniOzoneClusterImpl-c0b7f50e-f813-4849-95b3-646bdd98e01d/ozone-meta/datanode-2/ratis/fdcaa597-ead9-4aa4-bc30-24d321077fff/sm/snapshot.1_0 took: 11 ms
2024-07-18 11:34:03,817 [0d591c3e-1cf4-45a6-8ac8-82f56607a94d@group-B21D8660D172-StateMachineUpdater] INFO  ratis.ContainerStateMachine (ContainerStateMachine.java:takeSnapshot(366)) - group-B21D8660D172: Finished taking a snapshot at:(t:1, i:0) file:/home/runner/work/ozone/ozone/hadoop-ozone/integration-test/target/test-dir/MiniOzoneClusterImpl-c0b7f50e-f813-4849-95b3-646bdd98e01d/ozone-meta/datanode-3/ratis/ad1ced21-6f81-4c80-ab1b-b21d8660d172/sm/snapshot.1_0 took: 39 ms
2024-07-18 11:34:03,817 [0d591c3e-1cf4-45a6-8ac8-82f56607a94d@group-258987903ABD-StateMachineUpdater] INFO  ratis.ContainerStateMachine (ContainerStateMachine.java:takeSnapshot(366)) - group-258987903ABD: Finished taking a snapshot at:(t:1, i:0) file:/home/runner/work/ozone/ozone/hadoop-ozone/integration-test/target/test-dir/MiniOzoneClusterImpl-c0b7f50e-f813-4849-95b3-646bdd98e01d/ozone-meta/datanode-3/ratis/dda73e58-059d-4109-9a3d-258987903abd/sm/snapshot.1_0 took: 42 ms
2024-07-18 11:34:03,817 [df04cc9d-3067-478c-80ae-8f73b6a024a8@group-258987903ABD-StateMachineUpdater] INFO  ratis.ContainerStateMachine (ContainerStateMachine.java:takeSnapshot(366)) - group-258987903ABD: Finished taking a snapshot at:(t:1, i:0) file:/home/runner/work/ozone/ozone/hadoop-ozone/integration-test/target/test-dir/MiniOzoneClusterImpl-c0b7f50e-f813-4849-95b3-646bdd98e01d/ozone-meta/datanode-2/ratis/dda73e58-059d-4109-9a3d-258987903abd/sm/snapshot.1_0 took: 40 ms
2024-07-18 11:34:03,817 [0339cccf-75ab-4f40-8420-baf6c795ced3@group-850A67E39A52-StateMachineUpdater] INFO  ratis.ContainerStateMachine (ContainerStateMachine.java:takeSnapshot(366)) - group-850A67E39A52: Finished taking a snapshot at:(t:1, i:0) file:/home/runner/work/ozone/ozone/hadoop-ozone/integration-test/target/test-dir/MiniOzoneClusterImpl-c0b7f50e-f813-4849-95b3-646bdd98e01d/ozone-meta/datanode-1/ratis/2ed2c354-8c0b-4cab-9287-850a67e39a52/sm/snapshot.1_0 took: 31 ms
2024-07-18 11:34:03,818 [0339cccf-75ab-4f40-8420-baf6c795ced3@group-258987903ABD-StateMachineUpdater] INFO  ratis.ContainerStateMachine (ContainerStateMachine.java:takeSnapshot(366)) - group-258987903ABD: Finished taking a snapshot at:(t:1, i:0) file:/home/runner/work/ozone/ozone/hadoop-ozone/integration-test/target/test-dir/MiniOzoneClusterImpl-c0b7f50e-f813-4849-95b3-646bdd98e01d/ozone-meta/datanode-1/ratis/dda73e58-059d-4109-9a3d-258987903abd/sm/snapshot.1_0 took: 46 ms
2024-07-18 11:34:03,818 [0339cccf-75ab-4f40-8420-baf6c795ced3@group-258987903ABD-StateMachineUpdater] INFO  impl.StateMachineUpdater (StateMachineUpdater.java:takeSnapshot(303)) - 0339cccf-75ab-4f40-8420-baf6c795ced3@group-258987903ABD-StateMachineUpdater: Took a snapshot at index 0
2024-07-18 11:34:03,818 [0339cccf-75ab-4f40-8420-baf6c795ced3@group-258987903ABD-StateMachineUpdater] INFO  impl.StateMachineUpdater (StateMachineUpdater.java:lambda$new$0(102)) - 0339cccf-75ab-4f40-8420-baf6c795ced3@group-258987903ABD-StateMachineUpdater: snapshotIndex: updateIncreasingly -1 -> 0
2024-07-18 11:34:03,818 [0339cccf-75ab-4f40-8420-baf6c795ced3@group-258987903ABD-StateMachineUpdater] INFO  impl.StateMachineUpdater (StateMachineUpdater.java:stop(141)) - 0339cccf-75ab-4f40-8420-baf6c795ced3@group-258987903ABD-StateMachineUpdater: closing ContainerStateMachine, lastApplied=(t:1, i:0)
2024-07-18 11:34:03,819 [0339cccf-75ab-4f40-8420-baf6c795ced3@group-258987903ABD-cacheEviction-AwaitToRun] INFO  util.AwaitToRun (AwaitToRun.java:run(49)) - 0339cccf-75ab-4f40-8420-baf6c795ced3@group-258987903ABD-cacheEviction-AwaitToRun-AwaitForSignal is interrupted
2024-07-18 11:34:03,818 [0339cccf-75ab-4f40-8420-baf6c795ced3@group-850A67E39A52-StateMachineUpdater] INFO  impl.StateMachineUpdater (StateMachineUpdater.java:takeSnapshot(303)) - 0339cccf-75ab-4f40-8420-baf6c795ced3@group-850A67E39A52-StateMachineUpdater: Took a snapshot at index 0
2024-07-18 11:34:03,819 [0339cccf-75ab-4f40-8420-baf6c795ced3@group-850A67E39A52-StateMachineUpdater] INFO  impl.StateMachineUpdater (StateMachineUpdater.java:lambda$new$0(102)) - 0339cccf-75ab-4f40-8420-baf6c795ced3@group-850A67E39A52-StateMachineUpdater: snapshotIndex: updateIncreasingly -1 -> 0
2024-07-18 11:34:03,819 [0339cccf-75ab-4f40-8420-baf6c795ced3@group-850A67E39A52-StateMachineUpdater] INFO  impl.StateMachineUpdater (StateMachineUpdater.java:stop(141)) - 0339cccf-75ab-4f40-8420-baf6c795ced3@group-850A67E39A52-StateMachineUpdater: closing ContainerStateMachine, lastApplied=(t:1, i:0)
2024-07-18 11:34:03,818 [df04cc9d-3067-478c-80ae-8f73b6a024a8@group-24D321077FFF-StateMachineUpdater] INFO  impl.StateMachineUpdater (StateMachineUpdater.java:takeSnapshot(303)) - df04cc9d-3067-478c-80ae-8f73b6a024a8@group-24D321077FFF-StateMachineUpdater: Took a snapshot at index 0
2024-07-18 11:34:03,820 [0339cccf-75ab-4f40-8420-baf6c795ced3@group-850A67E39A52-cacheEviction-AwaitToRun] INFO  util.AwaitToRun (AwaitToRun.java:run(49)) - 0339cccf-75ab-4f40-8420-baf6c795ced3@group-850A67E39A52-cacheEviction-AwaitToRun-AwaitForSignal is interrupted
2024-07-18 11:34:03,819 [0d591c3e-1cf4-45a6-8ac8-82f56607a94d@group-258987903ABD-StateMachineUpdater] INFO  impl.StateMachineUpdater (StateMachineUpdater.java:takeSnapshot(303)) - 0d591c3e-1cf4-45a6-8ac8-82f56607a94d@group-258987903ABD-StateMachineUpdater: Took a snapshot at index 0
2024-07-18 11:34:03,820 [0d591c3e-1cf4-45a6-8ac8-82f56607a94d@group-258987903ABD-StateMachineUpdater] INFO  impl.StateMachineUpdater (StateMachineUpdater.java:lambda$new$0(102)) - 0d591c3e-1cf4-45a6-8ac8-82f56607a94d@group-258987903ABD-StateMachineUpdater: snapshotIndex: updateIncreasingly -1 -> 0
2024-07-18 11:34:03,820 [0d591c3e-1cf4-45a6-8ac8-82f56607a94d@group-258987903ABD-StateMachineUpdater] INFO  impl.StateMachineUpdater (StateMachineUpdater.java:stop(141)) - 0d591c3e-1cf4-45a6-8ac8-82f56607a94d@group-258987903ABD-StateMachineUpdater: closing ContainerStateMachine, lastApplied=(t:1, i:0)
2024-07-18 11:34:03,820 [0d591c3e-1cf4-45a6-8ac8-82f56607a94d@group-258987903ABD-cacheEviction-AwaitToRun] INFO  util.AwaitToRun (AwaitToRun.java:run(49)) - 0d591c3e-1cf4-45a6-8ac8-82f56607a94d@group-258987903ABD-cacheEviction-AwaitToRun-AwaitForSignal is interrupted
2024-07-18 11:34:03,819 [0d591c3e-1cf4-45a6-8ac8-82f56607a94d@group-B21D8660D172-StateMachineUpdater] INFO  impl.StateMachineUpdater (StateMachineUpdater.java:takeSnapshot(303)) - 0d591c3e-1cf4-45a6-8ac8-82f56607a94d@group-B21D8660D172-StateMachineUpdater: Took a snapshot at index 0
2024-07-18 11:34:03,820 [0d591c3e-1cf4-45a6-8ac8-82f56607a94d@group-B21D8660D172-StateMachineUpdater] INFO  impl.StateMachineUpdater (StateMachineUpdater.java:lambda$new$0(102)) - 0d591c3e-1cf4-45a6-8ac8-82f56607a94d@group-B21D8660D172-StateMachineUpdater: snapshotIndex: updateIncreasingly -1 -> 0
2024-07-18 11:34:03,820 [0d591c3e-1cf4-45a6-8ac8-82f56607a94d@group-B21D8660D172-StateMachineUpdater] INFO  impl.StateMachineUpdater (StateMachineUpdater.java:stop(141)) - 0d591c3e-1cf4-45a6-8ac8-82f56607a94d@group-B21D8660D172-StateMachineUpdater: closing ContainerStateMachine, lastApplied=(t:1, i:0)
2024-07-18 11:34:03,821 [0d591c3e-1cf4-45a6-8ac8-82f56607a94d@group-B21D8660D172-cacheEviction-AwaitToRun] INFO  util.AwaitToRun (AwaitToRun.java:run(49)) - 0d591c3e-1cf4-45a6-8ac8-82f56607a94d@group-B21D8660D172-cacheEviction-AwaitToRun-AwaitForSignal is interrupted
2024-07-18 11:34:03,819 [df04cc9d-3067-478c-80ae-8f73b6a024a8@group-258987903ABD-StateMachineUpdater] INFO  impl.StateMachineUpdater (StateMachineUpdater.java:takeSnapshot(303)) - df04cc9d-3067-478c-80ae-8f73b6a024a8@group-258987903ABD-StateMachineUpdater: Took a snapshot at index 0
2024-07-18 11:34:03,821 [df04cc9d-3067-478c-80ae-8f73b6a024a8@group-258987903ABD-StateMachineUpdater] INFO  impl.StateMachineUpdater (StateMachineUpdater.java:lambda$new$0(102)) - df04cc9d-3067-478c-80ae-8f73b6a024a8@group-258987903ABD-StateMachineUpdater: snapshotIndex: updateIncreasingly -1 -> 0
2024-07-18 11:34:03,821 [df04cc9d-3067-478c-80ae-8f73b6a024a8@group-258987903ABD-StateMachineUpdater] INFO  impl.StateMachineUpdater (StateMachineUpdater.java:stop(141)) - df04cc9d-3067-478c-80ae-8f73b6a024a8@group-258987903ABD-StateMachineUpdater: closing ContainerStateMachine, lastApplied=(t:1, i:0)
2024-07-18 11:34:03,821 [df04cc9d-3067-478c-80ae-8f73b6a024a8@group-258987903ABD-cacheEviction-AwaitToRun] INFO  util.AwaitToRun (AwaitToRun.java:run(49)) - df04cc9d-3067-478c-80ae-8f73b6a024a8@group-258987903ABD-cacheEviction-AwaitToRun-AwaitForSignal is interrupted
2024-07-18 11:34:03,820 [df04cc9d-3067-478c-80ae-8f73b6a024a8@group-B21D8660D172-StateMachineUpdater] INFO  ratis.ContainerStateMachine (ContainerStateMachine.java:takeSnapshot(366)) - group-B21D8660D172: Finished taking a snapshot at:(t:1, i:0) file:/home/runner/work/ozone/ozone/hadoop-ozone/integration-test/target/test-dir/MiniOzoneClusterImpl-c0b7f50e-f813-4849-95b3-646bdd98e01d/ozone-meta/datanode-2/ratis/ad1ced21-6f81-4c80-ab1b-b21d8660d172/sm/snapshot.1_0 took: 33 ms
2024-07-18 11:34:03,822 [df04cc9d-3067-478c-80ae-8f73b6a024a8@group-B21D8660D172-StateMachineUpdater] INFO  impl.StateMachineUpdater (StateMachineUpdater.java:takeSnapshot(303)) - df04cc9d-3067-478c-80ae-8f73b6a024a8@group-B21D8660D172-StateMachineUpdater: Took a snapshot at index 0
2024-07-18 11:34:03,822 [df04cc9d-3067-478c-80ae-8f73b6a024a8@group-B21D8660D172-StateMachineUpdater] INFO  impl.StateMachineUpdater (StateMachineUpdater.java:lambda$new$0(102)) - df04cc9d-3067-478c-80ae-8f73b6a024a8@group-B21D8660D172-StateMachineUpdater: snapshotIndex: updateIncreasingly -1 -> 0
2024-07-18 11:34:03,822 [df04cc9d-3067-478c-80ae-8f73b6a024a8@group-B21D8660D172-StateMachineUpdater] INFO  impl.StateMachineUpdater (StateMachineUpdater.java:stop(141)) - df04cc9d-3067-478c-80ae-8f73b6a024a8@group-B21D8660D172-StateMachineUpdater: closing ContainerStateMachine, lastApplied=(t:1, i:0)
2024-07-18 11:34:03,823 [df04cc9d-3067-478c-80ae-8f73b6a024a8@group-B21D8660D172-cacheEviction-AwaitToRun] INFO  util.AwaitToRun (AwaitToRun.java:run(49)) - df04cc9d-3067-478c-80ae-8f73b6a024a8@group-B21D8660D172-cacheEviction-AwaitToRun-AwaitForSignal is interrupted
2024-07-18 11:34:03,820 [df04cc9d-3067-478c-80ae-8f73b6a024a8@group-24D321077FFF-StateMachineUpdater] INFO  impl.StateMachineUpdater (StateMachineUpdater.java:lambda$new$0(102)) - df04cc9d-3067-478c-80ae-8f73b6a024a8@group-24D321077FFF-StateMachineUpdater: snapshotIndex: updateIncreasingly -1 -> 0
2024-07-18 11:34:03,823 [df04cc9d-3067-478c-80ae-8f73b6a024a8@group-24D321077FFF-StateMachineUpdater] INFO  impl.StateMachineUpdater (StateMachineUpdater.java:stop(141)) - df04cc9d-3067-478c-80ae-8f73b6a024a8@group-24D321077FFF-StateMachineUpdater: closing ContainerStateMachine, lastApplied=(t:1, i:0)
2024-07-18 11:34:03,823 [df04cc9d-3067-478c-80ae-8f73b6a024a8@group-24D321077FFF-cacheEviction-AwaitToRun] INFO  util.AwaitToRun (AwaitToRun.java:run(49)) - df04cc9d-3067-478c-80ae-8f73b6a024a8@group-24D321077FFF-cacheEviction-AwaitToRun-AwaitForSignal is interrupted
2024-07-18 11:34:03,824 [0339cccf-75ab-4f40-8420-baf6c795ced3@group-B21D8660D172-StateMachineUpdater] INFO  ratis.ContainerStateMachine (ContainerStateMachine.java:takeSnapshot(366)) - group-B21D8660D172: Finished taking a snapshot at:(t:1, i:0) file:/home/runner/work/ozone/ozone/hadoop-ozone/integration-test/target/test-dir/MiniOzoneClusterImpl-c0b7f50e-f813-4849-95b3-646bdd98e01d/ozone-meta/datanode-1/ratis/ad1ced21-6f81-4c80-ab1b-b21d8660d172/sm/snapshot.1_0 took: 52 ms
2024-07-18 11:34:03,824 [0339cccf-75ab-4f40-8420-baf6c795ced3@group-B21D8660D172-StateMachineUpdater] INFO  impl.StateMachineUpdater (StateMachineUpdater.java:takeSnapshot(303)) - 0339cccf-75ab-4f40-8420-baf6c795ced3@group-B21D8660D172-StateMachineUpdater: Took a snapshot at index 0
2024-07-18 11:34:03,824 [0339cccf-75ab-4f40-8420-baf6c795ced3@group-B21D8660D172-StateMachineUpdater] INFO  impl.StateMachineUpdater (StateMachineUpdater.java:lambda$new$0(102)) - 0339cccf-75ab-4f40-8420-baf6c795ced3@group-B21D8660D172-StateMachineUpdater: snapshotIndex: updateIncreasingly -1 -> 0
2024-07-18 11:34:03,825 [0339cccf-75ab-4f40-8420-baf6c795ced3@group-B21D8660D172-StateMachineUpdater] INFO  impl.StateMachineUpdater (StateMachineUpdater.java:stop(141)) - 0339cccf-75ab-4f40-8420-baf6c795ced3@group-B21D8660D172-StateMachineUpdater: closing ContainerStateMachine, lastApplied=(t:1, i:0)
2024-07-18 11:34:03,824 [0d591c3e-1cf4-45a6-8ac8-82f56607a94d@group-84EFF58AB50D-StateMachineUpdater] INFO  ratis.ContainerStateMachine (ContainerStateMachine.java:takeSnapshot(366)) - group-84EFF58AB50D: Finished taking a snapshot at:(t:1, i:3) file:/home/runner/work/ozone/ozone/hadoop-ozone/integration-test/target/test-dir/MiniOzoneClusterImpl-c0b7f50e-f813-4849-95b3-646bdd98e01d/ozone-meta/datanode-3/ratis/c1eb1e75-8a90-48ef-a8a7-84eff58ab50d/sm/snapshot.1_3 took: 44 ms
2024-07-18 11:34:03,825 [0339cccf-75ab-4f40-8420-baf6c795ced3@group-B21D8660D172-cacheEviction-AwaitToRun] INFO  util.AwaitToRun (AwaitToRun.java:run(49)) - 0339cccf-75ab-4f40-8420-baf6c795ced3@group-B21D8660D172-cacheEviction-AwaitToRun-AwaitForSignal is interrupted
2024-07-18 11:34:03,825 [0d591c3e-1cf4-45a6-8ac8-82f56607a94d@group-84EFF58AB50D-StateMachineUpdater] INFO  impl.StateMachineUpdater (StateMachineUpdater.java:takeSnapshot(303)) - 0d591c3e-1cf4-45a6-8ac8-82f56607a94d@group-84EFF58AB50D-StateMachineUpdater: Took a snapshot at index 3
2024-07-18 11:34:03,825 [0d591c3e-1cf4-45a6-8ac8-82f56607a94d@group-84EFF58AB50D-StateMachineUpdater] INFO  impl.StateMachineUpdater (StateMachineUpdater.java:lambda$new$0(102)) - 0d591c3e-1cf4-45a6-8ac8-82f56607a94d@group-84EFF58AB50D-StateMachineUpdater: snapshotIndex: updateIncreasingly -1 -> 3
2024-07-18 11:34:03,825 [0d591c3e-1cf4-45a6-8ac8-82f56607a94d@group-84EFF58AB50D-StateMachineUpdater] INFO  impl.StateMachineUpdater (StateMachineUpdater.java:stop(141)) - 0d591c3e-1cf4-45a6-8ac8-82f56607a94d@group-84EFF58AB50D-StateMachineUpdater: closing ContainerStateMachine, lastApplied=(t:1, i:3)
2024-07-18 11:34:03,826 [0d591c3e-1cf4-45a6-8ac8-82f56607a94d@group-84EFF58AB50D-cacheEviction-AwaitToRun] INFO  util.AwaitToRun (AwaitToRun.java:run(49)) - 0d591c3e-1cf4-45a6-8ac8-82f56607a94d@group-84EFF58AB50D-cacheEviction-AwaitToRun-AwaitForSignal is interrupted
2024-07-18 11:34:03,833 [0d591c3e-1cf4-45a6-8ac8-82f56607a94d-NettyServerStreamRpc-bossGroup--thread1] INFO  logging.LoggingHandler (AbstractInternalLogger.java:log(148)) - [id: 0x40733d4b, L:/0.0.0.0:15049] CLOSE
2024-07-18 11:34:03,833 [0d591c3e-1cf4-45a6-8ac8-82f56607a94d-NettyServerStreamRpc-bossGroup--thread1] INFO  logging.LoggingHandler (AbstractInternalLogger.java:log(148)) - [id: 0x40733d4b, L:/0.0.0.0:15049] INACTIVE
2024-07-18 11:34:03,834 [0d591c3e-1cf4-45a6-8ac8-82f56607a94d-NettyServerStreamRpc-bossGroup--thread1] INFO  logging.LoggingHandler (AbstractInternalLogger.java:log(148)) - [id: 0x40733d4b, L:/0.0.0.0:15049] UNREGISTERED
2024-07-18 11:34:03,835 [0339cccf-75ab-4f40-8420-baf6c795ced3-NettyServerStreamRpc-bossGroup--thread1] INFO  logging.LoggingHandler (AbstractInternalLogger.java:log(148)) - [id: 0x236d4bda, L:/0.0.0.0:15031] CLOSE
2024-07-18 11:34:03,835 [df04cc9d-3067-478c-80ae-8f73b6a024a8-NettyServerStreamRpc-bossGroup--thread1] INFO  logging.LoggingHandler (AbstractInternalLogger.java:log(148)) - [id: 0x176ba64c, L:/0.0.0.0:15040] CLOSE
2024-07-18 11:34:03,835 [0339cccf-75ab-4f40-8420-baf6c795ced3-NettyServerStreamRpc-bossGroup--thread1] INFO  logging.LoggingHandler (AbstractInternalLogger.java:log(148)) - [id: 0x236d4bda, L:/0.0.0.0:15031] INACTIVE
2024-07-18 11:34:03,835 [df04cc9d-3067-478c-80ae-8f73b6a024a8-NettyServerStreamRpc-bossGroup--thread1] INFO  logging.LoggingHandler (AbstractInternalLogger.java:log(148)) - [id: 0x176ba64c, L:/0.0.0.0:15040] INACTIVE
2024-07-18 11:34:03,835 [df04cc9d-3067-478c-80ae-8f73b6a024a8-NettyServerStreamRpc-bossGroup--thread1] INFO  logging.LoggingHandler (AbstractInternalLogger.java:log(148)) - [id: 0x176ba64c, L:/0.0.0.0:15040] UNREGISTERED
2024-07-18 11:34:03,835 [0339cccf-75ab-4f40-8420-baf6c795ced3-NettyServerStreamRpc-bossGroup--thread1] INFO  logging.LoggingHandler (AbstractInternalLogger.java:log(148)) - [id: 0x236d4bda, L:/0.0.0.0:15031] UNREGISTERED
2024-07-18 11:34:03,900 [0339cccf-75ab-4f40-8420-baf6c795ced3-impl-thread3] INFO  segmented.SegmentedRaftLogWorker (SegmentedRaftLogWorker.java:close(248)) - 0339cccf-75ab-4f40-8420-baf6c795ced3@group-850A67E39A52-SegmentedRaftLogWorker close()
2024-07-18 11:34:03,997 [0d591c3e-1cf4-45a6-8ac8-82f56607a94d-impl-thread3] INFO  segmented.SegmentedRaftLogWorker (SegmentedRaftLogWorker.java:close(248)) - 0d591c3e-1cf4-45a6-8ac8-82f56607a94d@group-84EFF58AB50D-SegmentedRaftLogWorker close()
2024-07-18 11:34:04,026 [0d591c3e-1cf4-45a6-8ac8-82f56607a94d-impl-thread1] INFO  segmented.SegmentedRaftLogWorker (SegmentedRaftLogWorker.java:close(248)) - 0d591c3e-1cf4-45a6-8ac8-82f56607a94d@group-258987903ABD-SegmentedRaftLogWorker close()
2024-07-18 11:34:04,041 [df04cc9d-3067-478c-80ae-8f73b6a024a8-impl-thread1] INFO  segmented.SegmentedRaftLogWorker (SegmentedRaftLogWorker.java:close(248)) - df04cc9d-3067-478c-80ae-8f73b6a024a8@group-258987903ABD-SegmentedRaftLogWorker close()
2024-07-18 11:34:04,059 [0339cccf-75ab-4f40-8420-baf6c795ced3-impl-thread1] INFO  segmented.SegmentedRaftLogWorker (SegmentedRaftLogWorker.java:close(248)) - 0339cccf-75ab-4f40-8420-baf6c795ced3@group-258987903ABD-SegmentedRaftLogWorker close()
2024-07-18 11:34:04,175 [df04cc9d-3067-478c-80ae-8f73b6a024a8-impl-thread2] INFO  segmented.SegmentedRaftLogWorker (SegmentedRaftLogWorker.java:close(248)) - df04cc9d-3067-478c-80ae-8f73b6a024a8@group-B21D8660D172-SegmentedRaftLogWorker close()
2024-07-18 11:34:04,202 [0d591c3e-1cf4-45a6-8ac8-82f56607a94d-impl-thread2] INFO  segmented.SegmentedRaftLogWorker (SegmentedRaftLogWorker.java:close(248)) - 0d591c3e-1cf4-45a6-8ac8-82f56607a94d@group-B21D8660D172-SegmentedRaftLogWorker close()
2024-07-18 11:34:04,203 [JvmPauseMonitor7] INFO  util.JvmPauseMonitor (JvmPauseMonitor.java:run(152)) - JvmPauseMonitor-0d591c3e-1cf4-45a6-8ac8-82f56607a94d: Stopped
2024-07-18 11:34:04,203 [0339cccf-75ab-4f40-8420-baf6c795ced3-impl-thread2] INFO  segmented.SegmentedRaftLogWorker (SegmentedRaftLogWorker.java:close(248)) - 0339cccf-75ab-4f40-8420-baf6c795ced3@group-B21D8660D172-SegmentedRaftLogWorker close()
2024-07-18 11:34:04,204 [JvmPauseMonitor5] INFO  util.JvmPauseMonitor (JvmPauseMonitor.java:run(152)) - JvmPauseMonitor-0339cccf-75ab-4f40-8420-baf6c795ced3: Stopped
2024-07-18 11:34:04,224 [df04cc9d-3067-478c-80ae-8f73b6a024a8-impl-thread3] INFO  segmented.SegmentedRaftLogWorker (SegmentedRaftLogWorker.java:close(248)) - df04cc9d-3067-478c-80ae-8f73b6a024a8@group-24D321077FFF-SegmentedRaftLogWorker close()
2024-07-18 11:34:04,225 [JvmPauseMonitor6] INFO  util.JvmPauseMonitor (JvmPauseMonitor.java:run(152)) - JvmPauseMonitor-df04cc9d-3067-478c-80ae-8f73b6a024a8: Stopped
2024-07-18 11:34:06,213 [ForkJoinPool.commonPool-worker-1] INFO  utils.DatanodeStoreCache (DatanodeStoreCache.java:shutdownCache(116)) - Skip clearing cache in mini cluster mode. Entries left: [/home/runner/work/ozone/ozone/hadoop-ozone/integration-test/target/test-dir/MiniOzoneClusterImpl-c0b7f50e-f813-4849-95b3-646bdd98e01d/ozone-meta/datanode-1/data-0/hdds/c0b7f50e-f813-4849-95b3-646bdd98e01d/DS-cb4ae05a-2740-4431-9fab-9c7f706a8737/container.db, /home/runner/work/ozone/ozone/hadoop-ozone/integration-test/target/test-dir/MiniOzoneClusterImpl-c0b7f50e-f813-4849-95b3-646bdd98e01d/ozone-meta/datanode-2/data-0/hdds/c0b7f50e-f813-4849-95b3-646bdd98e01d/DS-c00ff045-81bb-403f-be6b-beeef90a6400/container.db, /home/runner/work/ozone/ozone/hadoop-ozone/integration-test/target/test-dir/MiniOzoneClusterImpl-c0b7f50e-f813-4849-95b3-646bdd98e01d/ozone-meta/datanode-3/data-0/hdds/c0b7f50e-f813-4849-95b3-646bdd98e01d/DS-ee9a22c5-d40b-4f2c-b66f-5d23ae9991ea/container.db]
2024-07-18 11:34:06,213 [ForkJoinPool.commonPool-worker-3] INFO  utils.DatanodeStoreCache (DatanodeStoreCache.java:shutdownCache(116)) - Skip clearing cache in mini cluster mode. Entries left: [/home/runner/work/ozone/ozone/hadoop-ozone/integration-test/target/test-dir/MiniOzoneClusterImpl-c0b7f50e-f813-4849-95b3-646bdd98e01d/ozone-meta/datanode-1/data-0/hdds/c0b7f50e-f813-4849-95b3-646bdd98e01d/DS-cb4ae05a-2740-4431-9fab-9c7f706a8737/container.db, /home/runner/work/ozone/ozone/hadoop-ozone/integration-test/target/test-dir/MiniOzoneClusterImpl-c0b7f50e-f813-4849-95b3-646bdd98e01d/ozone-meta/datanode-2/data-0/hdds/c0b7f50e-f813-4849-95b3-646bdd98e01d/DS-c00ff045-81bb-403f-be6b-beeef90a6400/container.db, /home/runner/work/ozone/ozone/hadoop-ozone/integration-test/target/test-dir/MiniOzoneClusterImpl-c0b7f50e-f813-4849-95b3-646bdd98e01d/ozone-meta/datanode-3/data-0/hdds/c0b7f50e-f813-4849-95b3-646bdd98e01d/DS-ee9a22c5-d40b-4f2c-b66f-5d23ae9991ea/container.db]
2024-07-18 11:34:06,214 [ForkJoinPool.commonPool-worker-3] INFO  utils.DatanodeStoreCache (DatanodeStoreCache.java:removeDB(110)) - Removed db /home/runner/work/ozone/ozone/hadoop-ozone/integration-test/target/test-dir/MiniOzoneClusterImpl-c0b7f50e-f813-4849-95b3-646bdd98e01d/ozone-meta/datanode-1/data-0/hdds/c0b7f50e-f813-4849-95b3-646bdd98e01d/DS-cb4ae05a-2740-4431-9fab-9c7f706a8737/container.db from cache
2024-07-18 11:34:06,214 [ForkJoinPool.commonPool-worker-3] INFO  volume.HddsVolume (HddsVolume.java:closeDbStore(470)) - SchemaV3 db is stopped at /home/runner/work/ozone/ozone/hadoop-ozone/integration-test/target/test-dir/MiniOzoneClusterImpl-c0b7f50e-f813-4849-95b3-646bdd98e01d/ozone-meta/datanode-1/data-0/hdds/c0b7f50e-f813-4849-95b3-646bdd98e01d/DS-cb4ae05a-2740-4431-9fab-9c7f706a8737/container.db for volume DS-cb4ae05a-2740-4431-9fab-9c7f706a8737
2024-07-18 11:34:06,214 [ForkJoinPool.commonPool-worker-1] INFO  utils.DatanodeStoreCache (DatanodeStoreCache.java:removeDB(110)) - Removed db /home/runner/work/ozone/ozone/hadoop-ozone/integration-test/target/test-dir/MiniOzoneClusterImpl-c0b7f50e-f813-4849-95b3-646bdd98e01d/ozone-meta/datanode-3/data-0/hdds/c0b7f50e-f813-4849-95b3-646bdd98e01d/DS-ee9a22c5-d40b-4f2c-b66f-5d23ae9991ea/container.db from cache
2024-07-18 11:34:06,215 [ForkJoinPool.commonPool-worker-1] INFO  volume.HddsVolume (HddsVolume.java:closeDbStore(470)) - SchemaV3 db is stopped at /home/runner/work/ozone/ozone/hadoop-ozone/integration-test/target/test-dir/MiniOzoneClusterImpl-c0b7f50e-f813-4849-95b3-646bdd98e01d/ozone-meta/datanode-3/data-0/hdds/c0b7f50e-f813-4849-95b3-646bdd98e01d/DS-ee9a22c5-d40b-4f2c-b66f-5d23ae9991ea/container.db for volume DS-ee9a22c5-d40b-4f2c-b66f-5d23ae9991ea
2024-07-18 11:34:06,215 [ForkJoinPool.commonPool-worker-3] INFO  utils.BackgroundService (BackgroundService.java:shutdown(163)) - Shutting down service BlockDeletingService
2024-07-18 11:34:06,215 [ForkJoinPool.commonPool-worker-3] INFO  utils.BackgroundService (BackgroundService.java:shutdown(163)) - Shutting down service StaleRecoveringContainerScrubbingService
2024-07-18 11:34:06,215 [ForkJoinPool.commonPool-worker-1] INFO  utils.BackgroundService (BackgroundService.java:shutdown(163)) - Shutting down service BlockDeletingService
2024-07-18 11:34:06,215 [ForkJoinPool.commonPool-worker-3] INFO  statemachine.DatanodeStateMachine (DatanodeStateMachine.java:stopDaemon(628)) - Ozone container server stopped.
2024-07-18 11:34:06,215 [ForkJoinPool.commonPool-worker-1] INFO  utils.BackgroundService (BackgroundService.java:shutdown(163)) - Shutting down service StaleRecoveringContainerScrubbingService
2024-07-18 11:34:06,216 [ForkJoinPool.commonPool-worker-1] INFO  statemachine.DatanodeStateMachine (DatanodeStateMachine.java:stopDaemon(628)) - Ozone container server stopped.
2024-07-18 11:34:06,227 [main] INFO  utils.DatanodeStoreCache (DatanodeStoreCache.java:shutdownCache(116)) - Skip clearing cache in mini cluster mode. Entries left: [/home/runner/work/ozone/ozone/hadoop-ozone/integration-test/target/test-dir/MiniOzoneClusterImpl-c0b7f50e-f813-4849-95b3-646bdd98e01d/ozone-meta/datanode-2/data-0/hdds/c0b7f50e-f813-4849-95b3-646bdd98e01d/DS-c00ff045-81bb-403f-be6b-beeef90a6400/container.db]
2024-07-18 11:34:06,229 [main] INFO  utils.DatanodeStoreCache (DatanodeStoreCache.java:removeDB(110)) - Removed db /home/runner/work/ozone/ozone/hadoop-ozone/integration-test/target/test-dir/MiniOzoneClusterImpl-c0b7f50e-f813-4849-95b3-646bdd98e01d/ozone-meta/datanode-2/data-0/hdds/c0b7f50e-f813-4849-95b3-646bdd98e01d/DS-c00ff045-81bb-403f-be6b-beeef90a6400/container.db from cache
2024-07-18 11:34:06,229 [main] INFO  volume.HddsVolume (HddsVolume.java:closeDbStore(470)) - SchemaV3 db is stopped at /home/runner/work/ozone/ozone/hadoop-ozone/integration-test/target/test-dir/MiniOzoneClusterImpl-c0b7f50e-f813-4849-95b3-646bdd98e01d/ozone-meta/datanode-2/data-0/hdds/c0b7f50e-f813-4849-95b3-646bdd98e01d/DS-c00ff045-81bb-403f-be6b-beeef90a6400/container.db for volume DS-c00ff045-81bb-403f-be6b-beeef90a6400
2024-07-18 11:34:06,229 [main] INFO  utils.BackgroundService (BackgroundService.java:shutdown(163)) - Shutting down service BlockDeletingService
2024-07-18 11:34:06,230 [main] INFO  utils.BackgroundService (BackgroundService.java:shutdown(163)) - Shutting down service StaleRecoveringContainerScrubbingService
2024-07-18 11:34:06,230 [main] INFO  statemachine.DatanodeStateMachine (DatanodeStateMachine.java:stopDaemon(628)) - Ozone container server stopped.
2024-07-18 11:34:06,233 [ForkJoinPool.commonPool-worker-1] INFO  handler.ContextHandler (ContextHandler.java:doStop(1159)) - Stopped o.e.j.w.WebAppContext@2a0f625c{hddsDatanode,/,null,STOPPED}{jar:file:/home/runner/work/ozone/ozone/hadoop-hdds/container-service/target/hdds-container-service-1.5.0-SNAPSHOT.jar!/webapps/hddsDatanode}
2024-07-18 11:34:06,234 [ForkJoinPool.commonPool-worker-1] INFO  server.AbstractConnector (AbstractConnector.java:doStop(383)) - Stopped ServerConnector@4679df4b{HTTP/1.1, (http/1.1)}{0.0.0.0:15043}
2024-07-18 11:34:06,234 [ForkJoinPool.commonPool-worker-1] INFO  server.session (HouseKeeper.java:stopScavenging(149)) - node0 Stopped scavenging
2024-07-18 11:34:06,234 [ForkJoinPool.commonPool-worker-1] INFO  handler.ContextHandler (ContextHandler.java:doStop(1159)) - Stopped o.e.j.s.ServletContextHandler@73f9fc72{static,/static,jar:file:/home/runner/work/ozone/ozone/hadoop-hdds/container-service/target/hdds-container-service-1.5.0-SNAPSHOT.jar!/webapps/static,STOPPED}
2024-07-18 11:34:06,234 [ForkJoinPool.commonPool-worker-1] INFO  handler.ContextHandler (ContextHandler.java:doStop(1159)) - Stopped o.e.j.s.ServletContextHandler@7a9fd6c5{logs,/logs,file:///home/runner/work/ozone/ozone/hadoop-ozone/integration-test/target/log,STOPPED}
2024-07-18 11:34:06,235 [ForkJoinPool.commonPool-worker-1] INFO  ozone.HddsDatanodeClientProtocolServer (HddsDatanodeClientProtocolServer.java:stop(83)) - Stopping the RPC server for Client Protocol
2024-07-18 11:34:06,235 [ForkJoinPool.commonPool-worker-1] INFO  ipc.Server (Server.java:stop(3523)) - Stopping server on 15044
2024-07-18 11:34:06,235 [IPC Server Responder] INFO  ipc.Server (Server.java:run(1567)) - Stopping IPC Server Responder
2024-07-18 11:34:06,235 [IPC Server listener on 15044] INFO  ipc.Server (Server.java:run(1434)) - Stopping IPC Server listener on 15044
2024-07-18 11:34:06,236 [ForkJoinPool.commonPool-worker-3] INFO  handler.ContextHandler (ContextHandler.java:doStop(1159)) - Stopped o.e.j.w.WebAppContext@6c488c55{hddsDatanode,/,null,STOPPED}{jar:file:/home/runner/work/ozone/ozone/hadoop-hdds/container-service/target/hdds-container-service-1.5.0-SNAPSHOT.jar!/webapps/hddsDatanode}
2024-07-18 11:34:06,237 [ForkJoinPool.commonPool-worker-3] INFO  server.AbstractConnector (AbstractConnector.java:doStop(383)) - Stopped ServerConnector@41919e19{HTTP/1.1, (http/1.1)}{0.0.0.0:15025}
2024-07-18 11:34:06,237 [ForkJoinPool.commonPool-worker-3] INFO  server.session (HouseKeeper.java:stopScavenging(149)) - node0 Stopped scavenging
2024-07-18 11:34:06,237 [ForkJoinPool.commonPool-worker-3] INFO  handler.ContextHandler (ContextHandler.java:doStop(1159)) - Stopped o.e.j.s.ServletContextHandler@3a8e9401{static,/static,jar:file:/home/runner/work/ozone/ozone/hadoop-hdds/container-service/target/hdds-container-service-1.5.0-SNAPSHOT.jar!/webapps/static,STOPPED}
2024-07-18 11:34:06,237 [ForkJoinPool.commonPool-worker-3] INFO  handler.ContextHandler (ContextHandler.java:doStop(1159)) - Stopped o.e.j.s.ServletContextHandler@394ec37c{logs,/logs,file:///home/runner/work/ozone/ozone/hadoop-ozone/integration-test/target/log,STOPPED}
2024-07-18 11:34:06,238 [ForkJoinPool.commonPool-worker-3] INFO  ozone.HddsDatanodeClientProtocolServer (HddsDatanodeClientProtocolServer.java:stop(83)) - Stopping the RPC server for Client Protocol
2024-07-18 11:34:06,238 [ForkJoinPool.commonPool-worker-3] INFO  ipc.Server (Server.java:stop(3523)) - Stopping server on 15026
2024-07-18 11:34:06,238 [IPC Server Responder] INFO  ipc.Server (Server.java:run(1567)) - Stopping IPC Server Responder
2024-07-18 11:34:06,238 [IPC Server listener on 15026] INFO  ipc.Server (Server.java:run(1434)) - Stopping IPC Server listener on 15026
2024-07-18 11:34:06,247 [main] INFO  handler.ContextHandler (ContextHandler.java:doStop(1159)) - Stopped o.e.j.w.WebAppContext@478f973d{hddsDatanode,/,null,STOPPED}{jar:file:/home/runner/work/ozone/ozone/hadoop-hdds/container-service/target/hdds-container-service-1.5.0-SNAPSHOT.jar!/webapps/hddsDatanode}
2024-07-18 11:34:06,248 [main] INFO  server.AbstractConnector (AbstractConnector.java:doStop(383)) - Stopped ServerConnector@813cef{HTTP/1.1, (http/1.1)}{0.0.0.0:15034}
2024-07-18 11:34:06,248 [main] INFO  server.session (HouseKeeper.java:stopScavenging(149)) - node0 Stopped scavenging
2024-07-18 11:34:06,248 [main] INFO  handler.ContextHandler (ContextHandler.java:doStop(1159)) - Stopped o.e.j.s.ServletContextHandler@1035953{static,/static,jar:file:/home/runner/work/ozone/ozone/hadoop-hdds/container-service/target/hdds-container-service-1.5.0-SNAPSHOT.jar!/webapps/static,STOPPED}
2024-07-18 11:34:06,248 [main] INFO  handler.ContextHandler (ContextHandler.java:doStop(1159)) - Stopped o.e.j.s.ServletContextHandler@74131bff{logs,/logs,file:///home/runner/work/ozone/ozone/hadoop-ozone/integration-test/target/log,STOPPED}
2024-07-18 11:34:06,249 [main] INFO  ozone.HddsDatanodeClientProtocolServer (HddsDatanodeClientProtocolServer.java:stop(83)) - Stopping the RPC server for Client Protocol
2024-07-18 11:34:06,249 [main] INFO  ipc.Server (Server.java:stop(3523)) - Stopping server on 15035
2024-07-18 11:34:06,250 [IPC Server listener on 15035] INFO  ipc.Server (Server.java:run(1434)) - Stopping IPC Server listener on 15035
2024-07-18 11:34:06,250 [IPC Server Responder] INFO  ipc.Server (Server.java:run(1567)) - Stopping IPC Server Responder
]]></system-out>
  </testcase>
  <testcase name="testBootstrapWithoutConfigUpdate" classname="org.apache.hadoop.ozone.om.TestAddRemoveOzoneManager" time="34.974"/>
  <testcase name="testBootstrap" classname="org.apache.hadoop.ozone.om.TestAddRemoveOzoneManager" time="48.526"/>
  <testcase name="testDecommission" classname="org.apache.hadoop.ozone.om.TestAddRemoveOzoneManager" time="41.08"/>
</testsuite>