<?xml version="1.0" encoding="UTF-8"?>
<testsuite xmlns:xsi="http://www.w3.org/2001/XMLSchema-instance" xsi:noNamespaceSchemaLocation="https://maven.apache.org/surefire/maven-surefire-plugin/xsd/surefire-test-report-3.0.xsd" version="3.0" name="org.apache.hadoop.ozone.scm.node.TestDecommissionAndMaintenance" time="285.103" tests="7" errors="1" skipped="0" failures="0">
  <properties>
    <property name="awt.toolkit" value="sun.awt.X11.XToolkit"/>
    <property name="file.encoding.pkg" value="sun.io"/>
    <property name="java.specification.version" value="1.8"/>
    <property name="sun.cpu.isalist" value=""/>
    <property name="sun.jnu.encoding" value="UTF-8"/>
    <property name="java.class.path" value="/home/runner/work/ozone/ozone/hadoop-ozone/integration-test/target/test-classes:/home/runner/work/ozone/ozone/hadoop-ozone/integration-test/target/classes:/home/runner/.m2/repository/org/apache/ozone/ozone-common/1.3.0-SNAPSHOT/ozone-common-1.3.0-SNAPSHOT.jar:/home/runner/.m2/repository/io/grpc/grpc-netty/1.48.1/grpc-netty-1.48.1.jar:/home/runner/.m2/repository/io/grpc/grpc-core/1.48.1/grpc-core-1.48.1.jar:/home/runner/.m2/repository/com/google/android/annotations/4.1.1.4/annotations-4.1.1.4.jar:/home/runner/.m2/repository/org/codehaus/mojo/animal-sniffer-annotations/1.21/animal-sniffer-annotations-1.21.jar:/home/runner/.m2/repository/com/google/errorprone/error_prone_annotations/2.2.0/error_prone_annotations-2.2.0.jar:/home/runner/.m2/repository/io/perfmark/perfmark-api/0.25.0/perfmark-api-0.25.0.jar:/home/runner/.m2/repository/io/netty/netty-codec-http2/4.1.79.Final/netty-codec-http2-4.1.79.Final.jar:/home/runner/.m2/repository/io/netty/netty-common/4.1.79.Final/netty-common-4.1.79.Final.jar:/home/runner/.m2/repository/io/netty/netty-buffer/4.1.79.Final/netty-buffer-4.1.79.Final.jar:/home/runner/.m2/repository/io/netty/netty-codec-http/4.1.79.Final/netty-codec-http-4.1.79.Final.jar:/home/runner/.m2/repository/io/netty/netty-handler-proxy/4.1.79.Final/netty-handler-proxy-4.1.79.Final.jar:/home/runner/.m2/repository/io/netty/netty-codec-socks/4.1.79.Final/netty-codec-socks-4.1.79.Final.jar:/home/runner/.m2/repository/io/netty/netty-tcnative-boringssl-static/2.0.53.Final/netty-tcnative-boringssl-static-2.0.53.Final.jar:/home/runner/.m2/repository/io/netty/netty-tcnative-classes/2.0.53.Final/netty-tcnative-classes-2.0.53.Final.jar:/home/runner/.m2/repository/io/netty/netty-tcnative-boringssl-static/2.0.53.Final/netty-tcnative-boringssl-static-2.0.53.Final-linux-x86_64.jar:/home/runner/.m2/repository/io/netty/netty-tcnative-boringssl-static/2.0.53.Final/netty-tcnative-boringssl-static-2.0.53.Final-linux-aarch_64.jar:/home/runner/.m2/repository/io/netty/netty-tcnative-boringssl-static/2.0.53.Final/netty-tcnative-boringssl-static-2.0.53.Final-osx-x86_64.jar:/home/runner/.m2/repository/io/netty/netty-tcnative-boringssl-static/2.0.53.Final/netty-tcnative-boringssl-static-2.0.53.Final-osx-aarch_64.jar:/home/runner/.m2/repository/io/netty/netty-tcnative-boringssl-static/2.0.53.Final/netty-tcnative-boringssl-static-2.0.53.Final-windows-x86_64.jar:/home/runner/.m2/repository/org/apache/commons/commons-compress/1.21/commons-compress-1.21.jar:/home/runner/.m2/repository/org/apache/ozone/hdds-common/1.3.0-SNAPSHOT/hdds-common-1.3.0-SNAPSHOT.jar:/home/runner/.m2/repository/org/apache/ozone/hdds-client/1.3.0-SNAPSHOT/hdds-client-1.3.0-SNAPSHOT.jar:/home/runner/.m2/repository/org/apache/ozone/ozone-interface-client/1.3.0-SNAPSHOT/ozone-interface-client-1.3.0-SNAPSHOT.jar:/home/runner/.m2/repository/org/apache/ozone/hdds-test-utils/1.3.0-SNAPSHOT/hdds-test-utils-1.3.0-SNAPSHOT.jar:/home/runner/.m2/repository/com/google/guava/guava/31.1-jre/guava-31.1-jre.jar:/home/runner/.m2/repository/com/google/guava/failureaccess/1.0.1/failureaccess-1.0.1.jar:/home/runner/.m2/repository/com/google/guava/listenablefuture/9999.0-empty-to-avoid-conflict-with-guava/listenablefuture-9999.0-empty-to-avoid-conflict-with-guava.jar:/home/runner/.m2/repository/com/google/code/findbugs/jsr305/3.0.0/jsr305-3.0.0.jar:/home/runner/.m2/repository/org/checkerframework/checker-qual/3.12.0/checker-qual-3.12.0.jar:/home/runner/.m2/repository/com/google/j2objc/j2objc-annotations/1.3/j2objc-annotations-1.3.jar:/home/runner/.m2/repository/commons-io/commons-io/2.11.0/commons-io-2.11.0.jar:/home/runner/.m2/repository/commons-logging/commons-logging/1.2/commons-logging-1.2.jar:/home/runner/.m2/repository/ch/qos/reload4j/reload4j/1.2.22/reload4j-1.2.22.jar:/home/runner/.m2/repository/org/slf4j/slf4j-api/1.7.36/slf4j-api-1.7.36.jar:/home/runner/.m2/repository/org/apache/ozone/hdds-server-scm/1.3.0-SNAPSHOT/hdds-server-scm-1.3.0-SNAPSHOT.jar:/home/runner/.m2/repository/org/apache/ozone/hdds-container-service/1.3.0-SNAPSHOT/hdds-container-service-1.3.0-SNAPSHOT.jar:/home/runner/.m2/repository/org/apache/ozone/hdds-hadoop-dependency-server/1.3.0-SNAPSHOT/hdds-hadoop-dependency-server-1.3.0-SNAPSHOT.jar:/home/runner/.m2/repository/org/apache/hadoop/hadoop-hdfs/3.3.4/hadoop-hdfs-3.3.4.jar:/home/runner/.m2/repository/org/eclipse/jetty/jetty-util-ajax/9.4.43.v20210629/jetty-util-ajax-9.4.43.v20210629.jar:/home/runner/.m2/repository/commons-daemon/commons-daemon/1.0.13/commons-daemon-1.0.13.jar:/home/runner/.m2/repository/org/apache/ozone/hdds-server-framework/1.3.0-SNAPSHOT/hdds-server-framework-1.3.0-SNAPSHOT.jar:/home/runner/.m2/repository/org/apache/ozone/hdds-interface-server/1.3.0-SNAPSHOT/hdds-interface-server-1.3.0-SNAPSHOT.jar:/home/runner/.m2/repository/org/apache/logging/log4j/log4j-core/2.17.1/log4j-core-2.17.1.jar:/home/runner/.m2/repository/com/lmax/disruptor/3.4.2/disruptor-3.4.2.jar:/home/runner/.m2/repository/org/eclipse/jetty/jetty-servlet/9.4.43.v20210629/jetty-servlet-9.4.43.v20210629.jar:/home/runner/.m2/repository/org/eclipse/jetty/jetty-security/9.4.43.v20210629/jetty-security-9.4.43.v20210629.jar:/home/runner/.m2/repository/org/rocksdb/rocksdbjni/7.4.5/rocksdbjni-7.4.5.jar:/home/runner/.m2/repository/io/prometheus/simpleclient_dropwizard/0.7.0/simpleclient_dropwizard-0.7.0.jar:/home/runner/.m2/repository/io/prometheus/simpleclient/0.7.0/simpleclient-0.7.0.jar:/home/runner/.m2/repository/io/prometheus/simpleclient_common/0.7.0/simpleclient_common-0.7.0.jar:/home/runner/.m2/repository/io/dropwizard/metrics/metrics-core/3.2.4/metrics-core-3.2.4.jar:/home/runner/.m2/repository/org/apache/hadoop/hadoop-hdfs-client/3.3.4/hadoop-hdfs-client-3.3.4.jar:/home/runner/.m2/repository/com/squareup/okhttp3/okhttp/4.9.3/okhttp-4.9.3.jar:/home/runner/.m2/repository/com/squareup/okio/okio/2.8.0/okio-2.8.0.jar:/home/runner/.m2/repository/org/jetbrains/kotlin/kotlin-stdlib-common/1.4.10/kotlin-stdlib-common-1.4.10.jar:/home/runner/.m2/repository/org/bouncycastle/bcprov-jdk15on/1.67/bcprov-jdk15on-1.67.jar:/home/runner/.m2/repository/com/google/protobuf/protobuf-java/2.5.0/protobuf-java-2.5.0.jar:/home/runner/.m2/repository/org/apache/ozone/ozone-manager/1.3.0-SNAPSHOT/ozone-manager-1.3.0-SNAPSHOT.jar:/home/runner/.m2/repository/org/aspectj/aspectjrt/1.9.7/aspectjrt-1.9.7.jar:/home/runner/.m2/repository/org/aspectj/aspectjweaver/1.9.7/aspectjweaver-1.9.7.jar:/home/runner/.m2/repository/org/apache/ozone/hdds-interface-client/1.3.0-SNAPSHOT/hdds-interface-client-1.3.0-SNAPSHOT.jar:/home/runner/.m2/repository/org/apache/hadoop/thirdparty/hadoop-shaded-protobuf_3_7/1.1.1/hadoop-shaded-protobuf_3_7-1.1.1.jar:/home/runner/.m2/repository/org/apache/ozone/ozone-interface-storage/1.3.0-SNAPSHOT/ozone-interface-storage-1.3.0-SNAPSHOT.jar:/home/runner/.m2/repository/org/reflections/reflections/0.9.11/reflections-0.9.11.jar:/home/runner/.m2/repository/com/sun/jersey/jersey-client/1.19/jersey-client-1.19.jar:/home/runner/.m2/repository/org/apache/ranger/ranger-intg/2.3.0/ranger-intg-2.3.0.jar:/home/runner/.m2/repository/org/apache/ranger/ranger-plugins-common/2.3.0/ranger-plugins-common-2.3.0.jar:/home/runner/.m2/repository/commons-lang/commons-lang/2.6/commons-lang-2.6.jar:/home/runner/.m2/repository/org/codehaus/jackson/jackson-jaxrs/1.9.13/jackson-jaxrs-1.9.13.jar:/home/runner/.m2/repository/org/apache/ranger/ranger-plugins-cred/2.3.0/ranger-plugins-cred-2.3.0.jar:/home/runner/.m2/repository/org/apache/ranger/ranger-plugins-audit/2.3.0/ranger-plugins-audit-2.3.0.jar:/home/runner/.m2/repository/org/eclipse/jetty/jetty-client/9.4.31.v20200723/jetty-client-9.4.31.v20200723.jar:/home/runner/.m2/repository/org/apache/httpcomponents/httpmime/4.5.6/httpmime-4.5.6.jar:/home/runner/.m2/repository/org/apache/httpcomponents/httpcore-nio/4.4.6/httpcore-nio-4.4.6.jar:/home/runner/.m2/repository/org/apache/httpcomponents/httpasyncclient/4.1.3/httpasyncclient-4.1.3.jar:/home/runner/.m2/repository/com/carrotsearch/hppc/0.8.0/hppc-0.8.0.jar:/home/runner/.m2/repository/org/apache/orc/orc-core/1.5.8/orc-core-1.5.8.jar:/home/runner/.m2/repository/net/java/dev/jna/jna/5.2.0/jna-5.2.0.jar:/home/runner/.m2/repository/net/java/dev/jna/jna-platform/5.2.0/jna-platform-5.2.0.jar:/home/runner/.m2/repository/com/kstruct/gethostname4j/0.0.2/gethostname4j-0.0.2.jar:/home/runner/.m2/repository/org/apache/ranger/ranger-plugin-classloader/2.3.0/ranger-plugin-classloader-2.3.0.jar:/home/runner/.m2/repository/org/apache/hadoop/hadoop-minikdc/3.3.4/hadoop-minikdc-3.3.4.jar:/home/runner/.m2/repository/org/apache/kerby/kerb-simplekdc/1.0.1/kerb-simplekdc-1.0.1.jar:/home/runner/.m2/repository/org/apache/kerby/kerb-client/1.0.1/kerb-client-1.0.1.jar:/home/runner/.m2/repository/org/apache/kerby/kerby-config/1.0.1/kerby-config-1.0.1.jar:/home/runner/.m2/repository/org/apache/kerby/kerb-common/1.0.1/kerb-common-1.0.1.jar:/home/runner/.m2/repository/org/apache/kerby/kerb-crypto/1.0.1/kerb-crypto-1.0.1.jar:/home/runner/.m2/repository/org/apache/kerby/kerb-util/1.0.1/kerb-util-1.0.1.jar:/home/runner/.m2/repository/org/apache/kerby/token-provider/1.0.1/token-provider-1.0.1.jar:/home/runner/.m2/repository/org/apache/kerby/kerb-admin/1.0.1/kerb-admin-1.0.1.jar:/home/runner/.m2/repository/org/apache/kerby/kerb-server/1.0.1/kerb-server-1.0.1.jar:/home/runner/.m2/repository/org/apache/kerby/kerb-identity/1.0.1/kerb-identity-1.0.1.jar:/home/runner/.m2/repository/org/apache/kerby/kerby-xdr/1.0.1/kerby-xdr-1.0.1.jar:/home/runner/.m2/repository/org/apache/ozone/ozone-s3gateway/1.3.0-SNAPSHOT/ozone-s3gateway-1.3.0-SNAPSHOT.jar:/home/runner/.m2/repository/org/javassist/javassist/3.21.0-GA/javassist-3.21.0-GA.jar:/home/runner/.m2/repository/org/jboss/weld/servlet/weld-servlet/2.4.7.Final/weld-servlet-2.4.7.Final.jar:/home/runner/.m2/repository/org/glassfish/jersey/containers/jersey-container-servlet-core/2.34/jersey-container-servlet-core-2.34.jar:/home/runner/.m2/repository/org/glassfish/hk2/external/jakarta.inject/2.6.1/jakarta.inject-2.6.1.jar:/home/runner/.m2/repository/org/glassfish/jersey/core/jersey-common/2.34/jersey-common-2.34.jar:/home/runner/.m2/repository/jakarta/ws/rs/jakarta.ws.rs-api/2.1.6/jakarta.ws.rs-api-2.1.6.jar:/home/runner/.m2/repository/org/glassfish/jersey/ext/cdi/jersey-cdi1x/2.34/jersey-cdi1x-2.34.jar:/home/runner/.m2/repository/org/glassfish/jersey/inject/jersey-hk2/2.34/jersey-hk2-2.34.jar:/home/runner/.m2/repository/org/glassfish/hk2/hk2-locator/2.6.1/hk2-locator-2.6.1.jar:/home/runner/.m2/repository/org/glassfish/jersey/media/jersey-media-jaxb/2.34/jersey-media-jaxb-2.34.jar:/home/runner/.m2/repository/org/glassfish/hk2/osgi-resource-locator/1.0.3/osgi-resource-locator-1.0.3.jar:/home/runner/.m2/repository/org/glassfish/hk2/hk2-api/2.5.0/hk2-api-2.5.0.jar:/home/runner/.m2/repository/org/glassfish/hk2/hk2-utils/2.5.0/hk2-utils-2.5.0.jar:/home/runner/.m2/repository/org/glassfish/hk2/external/aopalliance-repackaged/2.5.0/aopalliance-repackaged-2.5.0.jar:/home/runner/.m2/repository/com/fasterxml/jackson/dataformat/jackson-dataformat-xml/2.13.4/jackson-dataformat-xml-2.13.4.jar:/home/runner/.m2/repository/com/fasterxml/jackson/core/jackson-core/2.13.4/jackson-core-2.13.4.jar:/home/runner/.m2/repository/org/codehaus/woodstox/stax2-api/3.1.4/stax2-api-3.1.4.jar:/home/runner/.m2/repository/com/fasterxml/woodstox/woodstox-core/5.0.3/woodstox-core-5.0.3.jar:/home/runner/.m2/repository/com/fasterxml/jackson/module/jackson-module-jaxb-annotations/2.13.4/jackson-module-jaxb-annotations-2.13.4.jar:/home/runner/.m2/repository/jakarta/xml/bind/jakarta.xml.bind-api/2.3.3/jakarta.xml.bind-api-2.3.3.jar:/home/runner/.m2/repository/jakarta/activation/jakarta.activation-api/1.2.1/jakarta.activation-api-1.2.1.jar:/home/runner/.m2/repository/javax/enterprise/cdi-api/1.2/cdi-api-1.2.jar:/home/runner/.m2/repository/javax/el/javax.el-api/3.0.0/javax.el-api-3.0.0.jar:/home/runner/.m2/repository/javax/interceptor/javax.interceptor-api/1.2/javax.interceptor-api-1.2.jar:/home/runner/.m2/repository/javax/inject/javax.inject/1/javax.inject-1.jar:/home/runner/.m2/repository/javax/xml/bind/jaxb-api/2.3.0/jaxb-api-2.3.0.jar:/home/runner/.m2/repository/org/glassfish/jaxb/jaxb-runtime/2.3.0.1/jaxb-runtime-2.3.0.1.jar:/home/runner/.m2/repository/org/glassfish/jaxb/jaxb-core/2.3.0.1/jaxb-core-2.3.0.1.jar:/home/runner/.m2/repository/org/glassfish/jaxb/txw2/2.3.0.1/txw2-2.3.0.1.jar:/home/runner/.m2/repository/com/sun/istack/istack-commons-runtime/3.0.5/istack-commons-runtime-3.0.5.jar:/home/runner/.m2/repository/org/jvnet/staxex/stax-ex/1.7.8/stax-ex-1.7.8.jar:/home/runner/.m2/repository/com/sun/xml/fastinfoset/FastInfoset/1.2.13/FastInfoset-1.2.13.jar:/home/runner/.m2/repository/javax/activation/activation/1.1.1/activation-1.1.1.jar:/home/runner/.m2/repository/io/grpc/grpc-protobuf/1.48.1/grpc-protobuf-1.48.1.jar:/home/runner/.m2/repository/io/grpc/grpc-api/1.48.1/grpc-api-1.48.1.jar:/home/runner/.m2/repository/io/grpc/grpc-context/1.48.1/grpc-context-1.48.1.jar:/home/runner/.m2/repository/com/google/api/grpc/proto-google-common-protos/2.9.0/proto-google-common-protos-2.9.0.jar:/home/runner/.m2/repository/io/grpc/grpc-protobuf-lite/1.48.1/grpc-protobuf-lite-1.48.1.jar:/home/runner/.m2/repository/io/grpc/grpc-stub/1.48.1/grpc-stub-1.48.1.jar:/home/runner/.m2/repository/io/netty/netty-transport/4.1.79.Final/netty-transport-4.1.79.Final.jar:/home/runner/.m2/repository/io/netty/netty-resolver/4.1.79.Final/netty-resolver-4.1.79.Final.jar:/home/runner/.m2/repository/org/apache/ozone/ozone-csi/1.3.0-SNAPSHOT/ozone-csi-1.3.0-SNAPSHOT.jar:/home/runner/.m2/repository/com/google/protobuf/protobuf-java-util/3.19.2/protobuf-java-util-3.19.2.jar:/home/runner/.m2/repository/com/google/code/gson/gson/2.9.0/gson-2.9.0.jar:/home/runner/.m2/repository/org/apache/ozone/hdds-config/1.3.0-SNAPSHOT/hdds-config-1.3.0-SNAPSHOT.jar:/home/runner/.m2/repository/io/netty/netty-transport-native-epoll/4.1.79.Final/netty-transport-native-epoll-4.1.79.Final-linux-x86_64.jar:/home/runner/.m2/repository/io/netty/netty-transport-classes-epoll/4.1.79.Final/netty-transport-classes-epoll-4.1.79.Final.jar:/home/runner/.m2/repository/io/netty/netty-transport-native-unix-common/4.1.79.Final/netty-transport-native-unix-common-4.1.79.Final.jar:/home/runner/.m2/repository/org/slf4j/slf4j-reload4j/1.7.36/slf4j-reload4j-1.7.36.jar:/home/runner/.m2/repository/org/apache/ozone/ozone-recon/1.3.0-SNAPSHOT/ozone-recon-1.3.0-SNAPSHOT.jar:/home/runner/.m2/repository/org/apache/ozone/ozone-reconcodegen/1.3.0-SNAPSHOT/ozone-reconcodegen-1.3.0-SNAPSHOT.jar:/home/runner/.m2/repository/com/google/inject/extensions/guice-multibindings/4.0/guice-multibindings-4.0.jar:/home/runner/.m2/repository/com/google/inject/guice/4.0/guice-4.0.jar:/home/runner/.m2/repository/aopalliance/aopalliance/1.0/aopalliance-1.0.jar:/home/runner/.m2/repository/com/google/inject/extensions/guice-assistedinject/4.0/guice-assistedinject-4.0.jar:/home/runner/.m2/repository/com/google/inject/extensions/guice-servlet/4.0/guice-servlet-4.0.jar:/home/runner/.m2/repository/org/glassfish/jersey/containers/jersey-container-servlet/2.34/jersey-container-servlet-2.34.jar:/home/runner/.m2/repository/org/glassfish/hk2/guice-bridge/2.5.0/guice-bridge-2.5.0.jar:/home/runner/.m2/repository/org/glassfish/jersey/core/jersey-server/2.34/jersey-server-2.34.jar:/home/runner/.m2/repository/org/glassfish/jersey/core/jersey-client/2.34/jersey-client-2.34.jar:/home/runner/.m2/repository/jakarta/annotation/jakarta.annotation-api/1.3.5/jakarta.annotation-api-1.3.5.jar:/home/runner/.m2/repository/jakarta/validation/jakarta.validation-api/2.0.2/jakarta.validation-api-2.0.2.jar:/home/runner/.m2/repository/org/glassfish/jersey/media/jersey-media-json-jackson/2.34/jersey-media-json-jackson-2.34.jar:/home/runner/.m2/repository/org/glassfish/jersey/ext/jersey-entity-filtering/2.34/jersey-entity-filtering-2.34.jar:/home/runner/.m2/repository/org/jooq/jooq/3.11.10/jooq-3.11.10.jar:/home/runner/.m2/repository/org/jooq/jooq-meta/3.11.10/jooq-meta-3.11.10.jar:/home/runner/.m2/repository/org/jooq/jooq-codegen/3.11.10/jooq-codegen-3.11.10.jar:/home/runner/.m2/repository/com/jolbox/bonecp/0.8.0.RELEASE/bonecp-0.8.0.RELEASE.jar:/home/runner/.m2/repository/org/apache/derby/derby/10.14.2.0/derby-10.14.2.0.jar:/home/runner/.m2/repository/org/xerial/sqlite-jdbc/3.25.2/sqlite-jdbc-3.25.2.jar:/home/runner/.m2/repository/org/springframework/spring-jdbc/5.2.20.RELEASE/spring-jdbc-5.2.20.RELEASE.jar:/home/runner/.m2/repository/org/springframework/spring-beans/5.2.20.RELEASE/spring-beans-5.2.20.RELEASE.jar:/home/runner/.m2/repository/org/springframework/spring-core/5.2.20.RELEASE/spring-core-5.2.20.RELEASE.jar:/home/runner/.m2/repository/org/springframework/spring-jcl/5.2.20.RELEASE/spring-jcl-5.2.20.RELEASE.jar:/home/runner/.m2/repository/org/springframework/spring-tx/5.2.20.RELEASE/spring-tx-5.2.20.RELEASE.jar:/home/runner/.m2/repository/org/apache/ozone/ozone-client/1.3.0-SNAPSHOT/ozone-client-1.3.0-SNAPSHOT.jar:/home/runner/.m2/repository/org/apache/ozone/hdds-erasurecode/1.3.0-SNAPSHOT/hdds-erasurecode-1.3.0-SNAPSHOT.jar:/home/runner/.m2/repository/com/github/spotbugs/spotbugs-annotations/3.1.12/spotbugs-annotations-3.1.12.jar:/home/runner/.m2/repository/org/apache/ozone/ozone-filesystem/1.3.0-SNAPSHOT/ozone-filesystem-1.3.0-SNAPSHOT.jar:/home/runner/.m2/repository/org/apache/ozone/ozone-filesystem-common/1.3.0-SNAPSHOT/ozone-filesystem-common-1.3.0-SNAPSHOT.jar:/home/runner/.m2/repository/org/apache/ozone/ozone-tools/1.3.0-SNAPSHOT/ozone-tools-1.3.0-SNAPSHOT.jar:/home/runner/.m2/repository/org/apache/ratis/ratis-tools/2.3.0/ratis-tools-2.3.0.jar:/home/runner/.m2/repository/com/amazonaws/aws-java-sdk-core/1.12.261/aws-java-sdk-core-1.12.261.jar:/home/runner/.m2/repository/org/apache/httpcomponents/httpclient/4.5.13/httpclient-4.5.13.jar:/home/runner/.m2/repository/org/apache/httpcomponents/httpcore/4.4.13/httpcore-4.4.13.jar:/home/runner/.m2/repository/software/amazon/ion/ion-java/1.0.2/ion-java-1.0.2.jar:/home/runner/.m2/repository/com/fasterxml/jackson/dataformat/jackson-dataformat-cbor/2.13.4/jackson-dataformat-cbor-2.13.4.jar:/home/runner/.m2/repository/joda-time/joda-time/2.8.1/joda-time-2.8.1.jar:/home/runner/.m2/repository/com/amazonaws/aws-java-sdk-s3/1.12.261/aws-java-sdk-s3-1.12.261.jar:/home/runner/.m2/repository/com/amazonaws/aws-java-sdk-kms/1.12.261/aws-java-sdk-kms-1.12.261.jar:/home/runner/.m2/repository/com/amazonaws/jmespath-java/1.12.261/jmespath-java-1.12.261.jar:/home/runner/.m2/repository/org/kohsuke/metainf-services/metainf-services/1.8/metainf-services-1.8.jar:/home/runner/.m2/repository/org/apache/ozone/hdds-tools/1.3.0-SNAPSHOT/hdds-tools-1.3.0-SNAPSHOT.jar:/home/runner/.m2/repository/commons-cli/commons-cli/1.2/commons-cli-1.2.jar:/home/runner/.m2/repository/org/apache/commons/commons-lang3/3.7/commons-lang3-3.7.jar:/home/runner/.m2/repository/org/apache/ozone/ozone-manager/1.3.0-SNAPSHOT/ozone-manager-1.3.0-SNAPSHOT-tests.jar:/home/runner/.m2/repository/org/apache/ozone/hdds-common/1.3.0-SNAPSHOT/hdds-common-1.3.0-SNAPSHOT-tests.jar:/home/runner/.m2/repository/org/apache/ozone/hdds-hadoop-dependency-client/1.3.0-SNAPSHOT/hdds-hadoop-dependency-client-1.3.0-SNAPSHOT.jar:/home/runner/.m2/repository/info/picocli/picocli/4.6.1/picocli-4.6.1.jar:/home/runner/.m2/repository/com/fasterxml/jackson/core/jackson-annotations/2.13.4/jackson-annotations-2.13.4.jar:/home/runner/.m2/repository/com/fasterxml/jackson/datatype/jackson-datatype-jsr310/2.13.4/jackson-datatype-jsr310-2.13.4.jar:/home/runner/.m2/repository/org/apache/ozone/hdds-annotation-processing/1.3.0-SNAPSHOT/hdds-annotation-processing-1.3.0-SNAPSHOT.jar:/home/runner/.m2/repository/javax/annotation/javax.annotation-api/1.2/javax.annotation-api-1.2.jar:/home/runner/.m2/repository/org/apache/ratis/ratis-server/2.3.0/ratis-server-2.3.0.jar:/home/runner/.m2/repository/org/apache/ratis/ratis-client/2.3.0/ratis-client-2.3.0.jar:/home/runner/.m2/repository/org/apache/ratis/ratis-server-api/2.3.0/ratis-server-api-2.3.0.jar:/home/runner/.m2/repository/org/apache/ratis/ratis-metrics/2.3.0/ratis-metrics-2.3.0.jar:/home/runner/.m2/repository/org/apache/ratis/ratis-netty/2.3.0/ratis-netty-2.3.0.jar:/home/runner/.m2/repository/org/apache/ratis/ratis-grpc/2.3.0/ratis-grpc-2.3.0.jar:/home/runner/.m2/repository/org/apache/logging/log4j/log4j-api/2.17.1/log4j-api-2.17.1.jar:/home/runner/.m2/repository/org/apache/commons/commons-pool2/2.6.0/commons-pool2-2.6.0.jar:/home/runner/.m2/repository/org/bouncycastle/bcpkix-jdk15on/1.67/bcpkix-jdk15on-1.67.jar:/home/runner/.m2/repository/commons-validator/commons-validator/1.6/commons-validator-1.6.jar:/home/runner/.m2/repository/commons-beanutils/commons-beanutils/1.9.4/commons-beanutils-1.9.4.jar:/home/runner/.m2/repository/commons-digester/commons-digester/1.8.1/commons-digester-1.8.1.jar:/home/runner/.m2/repository/commons-collections/commons-collections/3.2.2/commons-collections-3.2.2.jar:/home/runner/.m2/repository/io/jaegertracing/jaeger-client/1.6.0/jaeger-client-1.6.0.jar:/home/runner/.m2/repository/io/jaegertracing/jaeger-thrift/1.6.0/jaeger-thrift-1.6.0.jar:/home/runner/.m2/repository/org/apache/thrift/libthrift/0.14.1/libthrift-0.14.1.jar:/home/runner/.m2/repository/io/jaegertracing/jaeger-core/1.6.0/jaeger-core-1.6.0.jar:/home/runner/.m2/repository/io/jaegertracing/jaeger-tracerresolver/1.6.0/jaeger-tracerresolver-1.6.0.jar:/home/runner/.m2/repository/io/opentracing/contrib/opentracing-tracerresolver/0.1.8/opentracing-tracerresolver-0.1.8.jar:/home/runner/.m2/repository/org/jetbrains/kotlin/kotlin-stdlib/1.6.21/kotlin-stdlib-1.6.21.jar:/home/runner/.m2/repository/org/jetbrains/annotations/13.0/annotations-13.0.jar:/home/runner/.m2/repository/io/opentracing/opentracing-util/0.33.0/opentracing-util-0.33.0.jar:/home/runner/.m2/repository/io/opentracing/opentracing-api/0.33.0/opentracing-api-0.33.0.jar:/home/runner/.m2/repository/io/opentracing/opentracing-noop/0.33.0/opentracing-noop-0.33.0.jar:/home/runner/.m2/repository/org/yaml/snakeyaml/1.32/snakeyaml-1.32.jar:/home/runner/.m2/repository/org/apache/ozone/hdds-interface-admin/1.3.0-SNAPSHOT/hdds-interface-admin-1.3.0-SNAPSHOT.jar:/home/runner/.m2/repository/junit/junit/4.13.1/junit-4.13.1.jar:/home/runner/.m2/repository/org/hamcrest/hamcrest-core/1.3/hamcrest-core-1.3.jar:/home/runner/.m2/repository/org/junit/jupiter/junit-jupiter-api/5.8.2/junit-jupiter-api-5.8.2.jar:/home/runner/.m2/repository/org/opentest4j/opentest4j/1.2.0/opentest4j-1.2.0.jar:/home/runner/.m2/repository/org/junit/platform/junit-platform-commons/1.8.2/junit-platform-commons-1.8.2.jar:/home/runner/.m2/repository/org/apiguardian/apiguardian-api/1.1.2/apiguardian-api-1.1.2.jar:/home/runner/.m2/repository/org/junit/jupiter/junit-jupiter-params/5.8.2/junit-jupiter-params-5.8.2.jar:/home/runner/.m2/repository/org/junit/jupiter/junit-jupiter-migrationsupport/5.8.2/junit-jupiter-migrationsupport-5.8.2.jar:/home/runner/.m2/repository/org/junit/jupiter/junit-jupiter-engine/5.8.2/junit-jupiter-engine-5.8.2.jar:/home/runner/.m2/repository/org/junit/platform/junit-platform-engine/1.8.2/junit-platform-engine-1.8.2.jar:/home/runner/.m2/repository/org/junit/vintage/junit-vintage-engine/5.8.2/junit-vintage-engine-5.8.2.jar:/home/runner/.m2/repository/org/junit/platform/junit-platform-launcher/1.8.2/junit-platform-launcher-1.8.2.jar:/home/runner/.m2/repository/org/mockito/mockito-core/2.28.2/mockito-core-2.28.2.jar:/home/runner/.m2/repository/net/bytebuddy/byte-buddy/1.9.10/byte-buddy-1.9.10.jar:/home/runner/.m2/repository/net/bytebuddy/byte-buddy-agent/1.9.10/byte-buddy-agent-1.9.10.jar:/home/runner/.m2/repository/org/objenesis/objenesis/1.0/objenesis-1.0.jar:/home/runner/.m2/repository/org/apache/hadoop/hadoop-kms/3.3.4/hadoop-kms-3.3.4.jar:/home/runner/.m2/repository/org/apache/hadoop/hadoop-auth/3.3.4/hadoop-auth-3.3.4.jar:/home/runner/.m2/repository/com/nimbusds/nimbus-jose-jwt/7.9/nimbus-jose-jwt-7.9.jar:/home/runner/.m2/repository/com/github/stephenc/jcip/jcip-annotations/1.0-1/jcip-annotations-1.0-1.jar:/home/runner/.m2/repository/net/minidev/json-smart/2.4.7/json-smart-2.4.7.jar:/home/runner/.m2/repository/net/minidev/accessors-smart/2.4.7/accessors-smart-2.4.7.jar:/home/runner/.m2/repository/org/ow2/asm/asm/5.0.4/asm-5.0.4.jar:/home/runner/.m2/repository/org/apache/zookeeper/zookeeper/3.5.6/zookeeper-3.5.6.jar:/home/runner/.m2/repository/org/apache/zookeeper/zookeeper-jute/3.5.6/zookeeper-jute-3.5.6.jar:/home/runner/.m2/repository/org/apache/yetus/audience-annotations/0.5.0/audience-annotations-0.5.0.jar:/home/runner/.m2/repository/org/apache/curator/curator-framework/4.2.0/curator-framework-4.2.0.jar:/home/runner/.m2/repository/org/apache/hadoop/thirdparty/hadoop-shaded-guava/1.1.1/hadoop-shaded-guava-1.1.1.jar:/home/runner/.m2/repository/com/sun/jersey/jersey-core/1.19/jersey-core-1.19.jar:/home/runner/.m2/repository/javax/ws/rs/jsr311-api/1.1.1/jsr311-api-1.1.1.jar:/home/runner/.m2/repository/com/sun/jersey/jersey-server/1.19/jersey-server-1.19.jar:/home/runner/.m2/repository/javax/servlet/javax.servlet-api/3.1.0/javax.servlet-api-3.1.0.jar:/home/runner/.m2/repository/org/eclipse/jetty/jetty-server/9.4.43.v20210629/jetty-server-9.4.43.v20210629.jar:/home/runner/.m2/repository/org/eclipse/jetty/jetty-http/9.4.43.v20210629/jetty-http-9.4.43.v20210629.jar:/home/runner/.m2/repository/org/eclipse/jetty/jetty-io/9.4.43.v20210629/jetty-io-9.4.43.v20210629.jar:/home/runner/.m2/repository/org/eclipse/jetty/jetty-webapp/9.4.43.v20210629/jetty-webapp-9.4.43.v20210629.jar:/home/runner/.m2/repository/org/eclipse/jetty/jetty-xml/9.4.43.v20210629/jetty-xml-9.4.43.v20210629.jar:/home/runner/.m2/repository/org/apache/hadoop/hadoop-common/3.3.4/hadoop-common-3.3.4.jar:/home/runner/.m2/repository/org/apache/commons/commons-math3/3.1.1/commons-math3-3.1.1.jar:/home/runner/.m2/repository/commons-net/commons-net/3.6/commons-net-3.6.jar:/home/runner/.m2/repository/com/sun/jersey/jersey-servlet/1.19/jersey-servlet-1.19.jar:/home/runner/.m2/repository/com/sun/jersey/jersey-json/1.19/jersey-json-1.19.jar:/home/runner/.m2/repository/org/codehaus/jettison/jettison/1.1/jettison-1.1.jar:/home/runner/.m2/repository/com/sun/xml/bind/jaxb-impl/2.2.3-1/jaxb-impl-2.2.3-1.jar:/home/runner/.m2/repository/org/codehaus/jackson/jackson-xc/1.9.2/jackson-xc-1.9.2.jar:/home/runner/.m2/repository/org/apache/commons/commons-configuration2/2.1.1/commons-configuration2-2.1.1.jar:/home/runner/.m2/repository/org/apache/commons/commons-text/1.4/commons-text-1.4.jar:/home/runner/.m2/repository/com/google/re2j/re2j/1.1/re2j-1.1.jar:/home/runner/.m2/repository/com/jcraft/jsch/0.1.54/jsch-0.1.54.jar:/home/runner/.m2/repository/org/apache/curator/curator-client/4.2.0/curator-client-4.2.0.jar:/home/runner/.m2/repository/org/apache/curator/curator-recipes/4.2.0/curator-recipes-4.2.0.jar:/home/runner/.m2/repository/org/apache/kerby/kerb-core/1.0.1/kerb-core-1.0.1.jar:/home/runner/.m2/repository/org/apache/kerby/kerby-pkix/1.0.1/kerby-pkix-1.0.1.jar:/home/runner/.m2/repository/org/apache/kerby/kerby-asn1/1.0.1/kerby-asn1-1.0.1.jar:/home/runner/.m2/repository/org/apache/kerby/kerby-util/1.0.1/kerby-util-1.0.1.jar:/home/runner/.m2/repository/dnsjava/dnsjava/2.1.7/dnsjava-2.1.7.jar:/home/runner/.m2/repository/org/xerial/snappy/snappy-java/1.1.8.2/snappy-java-1.1.8.2.jar:/home/runner/.m2/repository/org/eclipse/jetty/jetty-util/9.4.43.v20210629/jetty-util-9.4.43.v20210629.jar:/home/runner/.m2/repository/com/fasterxml/jackson/core/jackson-databind/2.13.4/jackson-databind-2.13.4.jar:/home/runner/.m2/repository/org/apache/hadoop/hadoop-kms/3.3.4/hadoop-kms-3.3.4-tests.jar:/home/runner/.m2/repository/org/apache/ozone/hdds-server-scm/1.3.0-SNAPSHOT/hdds-server-scm-1.3.0-SNAPSHOT-tests.jar:/home/runner/.m2/repository/org/apache/ozone/hdds-container-service/1.3.0-SNAPSHOT/hdds-container-service-1.3.0-SNAPSHOT-tests.jar:/home/runner/.m2/repository/commons-codec/commons-codec/1.11/commons-codec-1.11.jar:/home/runner/.m2/repository/io/netty/netty-codec/4.1.79.Final/netty-codec-4.1.79.Final.jar:/home/runner/.m2/repository/io/netty/netty-handler/4.1.79.Final/netty-handler-4.1.79.Final.jar:/home/runner/.m2/repository/org/apache/ozone/hdds-hadoop-dependency-test/1.3.0-SNAPSHOT/hdds-hadoop-dependency-test-1.3.0-SNAPSHOT.jar:/home/runner/.m2/repository/org/apache/hadoop/hadoop-common/3.3.4/hadoop-common-3.3.4-tests.jar:/home/runner/.m2/repository/org/apache/hadoop/hadoop-hdfs/3.3.4/hadoop-hdfs-3.3.4-tests.jar:/home/runner/.m2/repository/org/assertj/assertj-core/3.12.2/assertj-core-3.12.2.jar:/home/runner/.m2/repository/org/apache/hadoop/hadoop-distcp/3.3.4/hadoop-distcp-3.3.4.jar:/home/runner/.m2/repository/org/apache/hadoop/hadoop-mapreduce-client-jobclient/3.3.4/hadoop-mapreduce-client-jobclient-3.3.4.jar:/home/runner/.m2/repository/org/apache/hadoop/hadoop-mapreduce-client-common/3.3.4/hadoop-mapreduce-client-common-3.3.4.jar:/home/runner/.m2/repository/org/apache/hadoop/hadoop-yarn-common/3.3.4/hadoop-yarn-common-3.3.4.jar:/home/runner/.m2/repository/org/apache/hadoop/hadoop-yarn-api/3.3.4/hadoop-yarn-api-3.3.4.jar:/home/runner/.m2/repository/com/sun/jersey/contribs/jersey-guice/1.19/jersey-guice-1.19.jar:/home/runner/.m2/repository/com/fasterxml/jackson/jaxrs/jackson-jaxrs-json-provider/2.13.4/jackson-jaxrs-json-provider-2.13.4.jar:/home/runner/.m2/repository/com/fasterxml/jackson/jaxrs/jackson-jaxrs-base/2.13.4/jackson-jaxrs-base-2.13.4.jar:/home/runner/.m2/repository/org/apache/hadoop/hadoop-yarn-client/3.3.4/hadoop-yarn-client-3.3.4.jar:/home/runner/.m2/repository/org/eclipse/jetty/websocket/websocket-client/9.4.43.v20210629/websocket-client-9.4.43.v20210629.jar:/home/runner/.m2/repository/org/eclipse/jetty/websocket/websocket-common/9.4.43.v20210629/websocket-common-9.4.43.v20210629.jar:/home/runner/.m2/repository/org/eclipse/jetty/websocket/websocket-api/9.4.43.v20210629/websocket-api-9.4.43.v20210629.jar:/home/runner/.m2/repository/org/jline/jline/3.9.0/jline-3.9.0.jar:/home/runner/.m2/repository/org/apache/hadoop/hadoop-mapreduce-client-core/3.3.4/hadoop-mapreduce-client-core-3.3.4.jar:/home/runner/.m2/repository/org/apache/avro/avro/1.7.7/avro-1.7.7.jar:/home/runner/.m2/repository/org/codehaus/jackson/jackson-core-asl/1.9.13/jackson-core-asl-1.9.13.jar:/home/runner/.m2/repository/org/codehaus/jackson/jackson-mapper-asl/1.9.13/jackson-mapper-asl-1.9.13.jar:/home/runner/.m2/repository/com/thoughtworks/paranamer/paranamer/2.3/paranamer-2.3.jar:/home/runner/.m2/repository/org/apache/hadoop/hadoop-annotations/3.3.4/hadoop-annotations-3.3.4.jar:/usr/lib/jvm/temurin-8-jdk-amd64/jre/../lib/tools.jar:/home/runner/.m2/repository/io/netty/netty/3.10.6.Final/netty-3.10.6.Final.jar:/home/runner/.m2/repository/org/apache/hadoop/hadoop-distcp/3.3.4/hadoop-distcp-3.3.4-tests.jar:/home/runner/.m2/repository/org/slf4j/jul-to-slf4j/1.7.36/jul-to-slf4j-1.7.36.jar:/home/runner/.m2/repository/org/apache/ratis/ratis-common/2.3.0/ratis-common-2.3.0.jar:/home/runner/.m2/repository/org/apache/ratis/ratis-thirdparty-misc/1.0.0/ratis-thirdparty-misc-1.0.0.jar:/home/runner/.m2/repository/org/apache/ratis/ratis-proto/2.3.0/ratis-proto-2.3.0.jar:"/>
    <property name="java.vm.vendor" value="Temurin"/>
    <property name="sun.arch.data.model" value="64"/>
    <property name="test.build.dir" value="/home/runner/work/ozone/ozone/hadoop-ozone/integration-test/target/test-dir"/>
    <property name="test.cache.data" value=""/>
    <property name="java.vendor.url" value="https://adoptium.net/"/>
    <property name="user.timezone" value="Etc/UTC"/>
    <property name="java.vm.specification.version" value="1.8"/>
    <property name="os.name" value="Linux"/>
    <property name="test.build.data" value="/home/runner/work/ozone/ozone/hadoop-ozone/integration-test/target/test-dir"/>
    <property name="sun.java.launcher" value="SUN_STANDARD"/>
    <property name="sun.boot.library.path" value="/usr/lib/jvm/temurin-8-jdk-amd64/jre/lib/amd64"/>
    <property name="sun.java.command" value="/home/runner/work/ozone/ozone/hadoop-ozone/integration-test/target/surefire/surefirebooter569033381512578345.jar /home/runner/work/ozone/ozone/hadoop-ozone/integration-test/target/surefire 2022-10-15T07-13-48_479-jvmRun1 surefire1318130474865158117tmp surefire_208272518796505387045tmp"/>
    <property name="surefire.test.class.path" value="/home/runner/work/ozone/ozone/hadoop-ozone/integration-test/target/test-classes:/home/runner/work/ozone/ozone/hadoop-ozone/integration-test/target/classes:/home/runner/.m2/repository/org/apache/ozone/ozone-common/1.3.0-SNAPSHOT/ozone-common-1.3.0-SNAPSHOT.jar:/home/runner/.m2/repository/io/grpc/grpc-netty/1.48.1/grpc-netty-1.48.1.jar:/home/runner/.m2/repository/io/grpc/grpc-core/1.48.1/grpc-core-1.48.1.jar:/home/runner/.m2/repository/com/google/android/annotations/4.1.1.4/annotations-4.1.1.4.jar:/home/runner/.m2/repository/org/codehaus/mojo/animal-sniffer-annotations/1.21/animal-sniffer-annotations-1.21.jar:/home/runner/.m2/repository/com/google/errorprone/error_prone_annotations/2.2.0/error_prone_annotations-2.2.0.jar:/home/runner/.m2/repository/io/perfmark/perfmark-api/0.25.0/perfmark-api-0.25.0.jar:/home/runner/.m2/repository/io/netty/netty-codec-http2/4.1.79.Final/netty-codec-http2-4.1.79.Final.jar:/home/runner/.m2/repository/io/netty/netty-common/4.1.79.Final/netty-common-4.1.79.Final.jar:/home/runner/.m2/repository/io/netty/netty-buffer/4.1.79.Final/netty-buffer-4.1.79.Final.jar:/home/runner/.m2/repository/io/netty/netty-codec-http/4.1.79.Final/netty-codec-http-4.1.79.Final.jar:/home/runner/.m2/repository/io/netty/netty-handler-proxy/4.1.79.Final/netty-handler-proxy-4.1.79.Final.jar:/home/runner/.m2/repository/io/netty/netty-codec-socks/4.1.79.Final/netty-codec-socks-4.1.79.Final.jar:/home/runner/.m2/repository/io/netty/netty-tcnative-boringssl-static/2.0.53.Final/netty-tcnative-boringssl-static-2.0.53.Final.jar:/home/runner/.m2/repository/io/netty/netty-tcnative-classes/2.0.53.Final/netty-tcnative-classes-2.0.53.Final.jar:/home/runner/.m2/repository/io/netty/netty-tcnative-boringssl-static/2.0.53.Final/netty-tcnative-boringssl-static-2.0.53.Final-linux-x86_64.jar:/home/runner/.m2/repository/io/netty/netty-tcnative-boringssl-static/2.0.53.Final/netty-tcnative-boringssl-static-2.0.53.Final-linux-aarch_64.jar:/home/runner/.m2/repository/io/netty/netty-tcnative-boringssl-static/2.0.53.Final/netty-tcnative-boringssl-static-2.0.53.Final-osx-x86_64.jar:/home/runner/.m2/repository/io/netty/netty-tcnative-boringssl-static/2.0.53.Final/netty-tcnative-boringssl-static-2.0.53.Final-osx-aarch_64.jar:/home/runner/.m2/repository/io/netty/netty-tcnative-boringssl-static/2.0.53.Final/netty-tcnative-boringssl-static-2.0.53.Final-windows-x86_64.jar:/home/runner/.m2/repository/org/apache/commons/commons-compress/1.21/commons-compress-1.21.jar:/home/runner/.m2/repository/org/apache/ozone/hdds-common/1.3.0-SNAPSHOT/hdds-common-1.3.0-SNAPSHOT.jar:/home/runner/.m2/repository/org/apache/ozone/hdds-client/1.3.0-SNAPSHOT/hdds-client-1.3.0-SNAPSHOT.jar:/home/runner/.m2/repository/org/apache/ozone/ozone-interface-client/1.3.0-SNAPSHOT/ozone-interface-client-1.3.0-SNAPSHOT.jar:/home/runner/.m2/repository/org/apache/ozone/hdds-test-utils/1.3.0-SNAPSHOT/hdds-test-utils-1.3.0-SNAPSHOT.jar:/home/runner/.m2/repository/com/google/guava/guava/31.1-jre/guava-31.1-jre.jar:/home/runner/.m2/repository/com/google/guava/failureaccess/1.0.1/failureaccess-1.0.1.jar:/home/runner/.m2/repository/com/google/guava/listenablefuture/9999.0-empty-to-avoid-conflict-with-guava/listenablefuture-9999.0-empty-to-avoid-conflict-with-guava.jar:/home/runner/.m2/repository/com/google/code/findbugs/jsr305/3.0.0/jsr305-3.0.0.jar:/home/runner/.m2/repository/org/checkerframework/checker-qual/3.12.0/checker-qual-3.12.0.jar:/home/runner/.m2/repository/com/google/j2objc/j2objc-annotations/1.3/j2objc-annotations-1.3.jar:/home/runner/.m2/repository/commons-io/commons-io/2.11.0/commons-io-2.11.0.jar:/home/runner/.m2/repository/commons-logging/commons-logging/1.2/commons-logging-1.2.jar:/home/runner/.m2/repository/ch/qos/reload4j/reload4j/1.2.22/reload4j-1.2.22.jar:/home/runner/.m2/repository/org/slf4j/slf4j-api/1.7.36/slf4j-api-1.7.36.jar:/home/runner/.m2/repository/org/apache/ozone/hdds-server-scm/1.3.0-SNAPSHOT/hdds-server-scm-1.3.0-SNAPSHOT.jar:/home/runner/.m2/repository/org/apache/ozone/hdds-container-service/1.3.0-SNAPSHOT/hdds-container-service-1.3.0-SNAPSHOT.jar:/home/runner/.m2/repository/org/apache/ozone/hdds-hadoop-dependency-server/1.3.0-SNAPSHOT/hdds-hadoop-dependency-server-1.3.0-SNAPSHOT.jar:/home/runner/.m2/repository/org/apache/hadoop/hadoop-hdfs/3.3.4/hadoop-hdfs-3.3.4.jar:/home/runner/.m2/repository/org/eclipse/jetty/jetty-util-ajax/9.4.43.v20210629/jetty-util-ajax-9.4.43.v20210629.jar:/home/runner/.m2/repository/commons-daemon/commons-daemon/1.0.13/commons-daemon-1.0.13.jar:/home/runner/.m2/repository/org/apache/ozone/hdds-server-framework/1.3.0-SNAPSHOT/hdds-server-framework-1.3.0-SNAPSHOT.jar:/home/runner/.m2/repository/org/apache/ozone/hdds-interface-server/1.3.0-SNAPSHOT/hdds-interface-server-1.3.0-SNAPSHOT.jar:/home/runner/.m2/repository/org/apache/logging/log4j/log4j-core/2.17.1/log4j-core-2.17.1.jar:/home/runner/.m2/repository/com/lmax/disruptor/3.4.2/disruptor-3.4.2.jar:/home/runner/.m2/repository/org/eclipse/jetty/jetty-servlet/9.4.43.v20210629/jetty-servlet-9.4.43.v20210629.jar:/home/runner/.m2/repository/org/eclipse/jetty/jetty-security/9.4.43.v20210629/jetty-security-9.4.43.v20210629.jar:/home/runner/.m2/repository/org/rocksdb/rocksdbjni/7.4.5/rocksdbjni-7.4.5.jar:/home/runner/.m2/repository/io/prometheus/simpleclient_dropwizard/0.7.0/simpleclient_dropwizard-0.7.0.jar:/home/runner/.m2/repository/io/prometheus/simpleclient/0.7.0/simpleclient-0.7.0.jar:/home/runner/.m2/repository/io/prometheus/simpleclient_common/0.7.0/simpleclient_common-0.7.0.jar:/home/runner/.m2/repository/io/dropwizard/metrics/metrics-core/3.2.4/metrics-core-3.2.4.jar:/home/runner/.m2/repository/org/apache/hadoop/hadoop-hdfs-client/3.3.4/hadoop-hdfs-client-3.3.4.jar:/home/runner/.m2/repository/com/squareup/okhttp3/okhttp/4.9.3/okhttp-4.9.3.jar:/home/runner/.m2/repository/com/squareup/okio/okio/2.8.0/okio-2.8.0.jar:/home/runner/.m2/repository/org/jetbrains/kotlin/kotlin-stdlib-common/1.4.10/kotlin-stdlib-common-1.4.10.jar:/home/runner/.m2/repository/org/bouncycastle/bcprov-jdk15on/1.67/bcprov-jdk15on-1.67.jar:/home/runner/.m2/repository/com/google/protobuf/protobuf-java/2.5.0/protobuf-java-2.5.0.jar:/home/runner/.m2/repository/org/apache/ozone/ozone-manager/1.3.0-SNAPSHOT/ozone-manager-1.3.0-SNAPSHOT.jar:/home/runner/.m2/repository/org/aspectj/aspectjrt/1.9.7/aspectjrt-1.9.7.jar:/home/runner/.m2/repository/org/aspectj/aspectjweaver/1.9.7/aspectjweaver-1.9.7.jar:/home/runner/.m2/repository/org/apache/ozone/hdds-interface-client/1.3.0-SNAPSHOT/hdds-interface-client-1.3.0-SNAPSHOT.jar:/home/runner/.m2/repository/org/apache/hadoop/thirdparty/hadoop-shaded-protobuf_3_7/1.1.1/hadoop-shaded-protobuf_3_7-1.1.1.jar:/home/runner/.m2/repository/org/apache/ozone/ozone-interface-storage/1.3.0-SNAPSHOT/ozone-interface-storage-1.3.0-SNAPSHOT.jar:/home/runner/.m2/repository/org/reflections/reflections/0.9.11/reflections-0.9.11.jar:/home/runner/.m2/repository/com/sun/jersey/jersey-client/1.19/jersey-client-1.19.jar:/home/runner/.m2/repository/org/apache/ranger/ranger-intg/2.3.0/ranger-intg-2.3.0.jar:/home/runner/.m2/repository/org/apache/ranger/ranger-plugins-common/2.3.0/ranger-plugins-common-2.3.0.jar:/home/runner/.m2/repository/commons-lang/commons-lang/2.6/commons-lang-2.6.jar:/home/runner/.m2/repository/org/codehaus/jackson/jackson-jaxrs/1.9.13/jackson-jaxrs-1.9.13.jar:/home/runner/.m2/repository/org/apache/ranger/ranger-plugins-cred/2.3.0/ranger-plugins-cred-2.3.0.jar:/home/runner/.m2/repository/org/apache/ranger/ranger-plugins-audit/2.3.0/ranger-plugins-audit-2.3.0.jar:/home/runner/.m2/repository/org/eclipse/jetty/jetty-client/9.4.31.v20200723/jetty-client-9.4.31.v20200723.jar:/home/runner/.m2/repository/org/apache/httpcomponents/httpmime/4.5.6/httpmime-4.5.6.jar:/home/runner/.m2/repository/org/apache/httpcomponents/httpcore-nio/4.4.6/httpcore-nio-4.4.6.jar:/home/runner/.m2/repository/org/apache/httpcomponents/httpasyncclient/4.1.3/httpasyncclient-4.1.3.jar:/home/runner/.m2/repository/com/carrotsearch/hppc/0.8.0/hppc-0.8.0.jar:/home/runner/.m2/repository/org/apache/orc/orc-core/1.5.8/orc-core-1.5.8.jar:/home/runner/.m2/repository/net/java/dev/jna/jna/5.2.0/jna-5.2.0.jar:/home/runner/.m2/repository/net/java/dev/jna/jna-platform/5.2.0/jna-platform-5.2.0.jar:/home/runner/.m2/repository/com/kstruct/gethostname4j/0.0.2/gethostname4j-0.0.2.jar:/home/runner/.m2/repository/org/apache/ranger/ranger-plugin-classloader/2.3.0/ranger-plugin-classloader-2.3.0.jar:/home/runner/.m2/repository/org/apache/hadoop/hadoop-minikdc/3.3.4/hadoop-minikdc-3.3.4.jar:/home/runner/.m2/repository/org/apache/kerby/kerb-simplekdc/1.0.1/kerb-simplekdc-1.0.1.jar:/home/runner/.m2/repository/org/apache/kerby/kerb-client/1.0.1/kerb-client-1.0.1.jar:/home/runner/.m2/repository/org/apache/kerby/kerby-config/1.0.1/kerby-config-1.0.1.jar:/home/runner/.m2/repository/org/apache/kerby/kerb-common/1.0.1/kerb-common-1.0.1.jar:/home/runner/.m2/repository/org/apache/kerby/kerb-crypto/1.0.1/kerb-crypto-1.0.1.jar:/home/runner/.m2/repository/org/apache/kerby/kerb-util/1.0.1/kerb-util-1.0.1.jar:/home/runner/.m2/repository/org/apache/kerby/token-provider/1.0.1/token-provider-1.0.1.jar:/home/runner/.m2/repository/org/apache/kerby/kerb-admin/1.0.1/kerb-admin-1.0.1.jar:/home/runner/.m2/repository/org/apache/kerby/kerb-server/1.0.1/kerb-server-1.0.1.jar:/home/runner/.m2/repository/org/apache/kerby/kerb-identity/1.0.1/kerb-identity-1.0.1.jar:/home/runner/.m2/repository/org/apache/kerby/kerby-xdr/1.0.1/kerby-xdr-1.0.1.jar:/home/runner/.m2/repository/org/apache/ozone/ozone-s3gateway/1.3.0-SNAPSHOT/ozone-s3gateway-1.3.0-SNAPSHOT.jar:/home/runner/.m2/repository/org/javassist/javassist/3.21.0-GA/javassist-3.21.0-GA.jar:/home/runner/.m2/repository/org/jboss/weld/servlet/weld-servlet/2.4.7.Final/weld-servlet-2.4.7.Final.jar:/home/runner/.m2/repository/org/glassfish/jersey/containers/jersey-container-servlet-core/2.34/jersey-container-servlet-core-2.34.jar:/home/runner/.m2/repository/org/glassfish/hk2/external/jakarta.inject/2.6.1/jakarta.inject-2.6.1.jar:/home/runner/.m2/repository/org/glassfish/jersey/core/jersey-common/2.34/jersey-common-2.34.jar:/home/runner/.m2/repository/jakarta/ws/rs/jakarta.ws.rs-api/2.1.6/jakarta.ws.rs-api-2.1.6.jar:/home/runner/.m2/repository/org/glassfish/jersey/ext/cdi/jersey-cdi1x/2.34/jersey-cdi1x-2.34.jar:/home/runner/.m2/repository/org/glassfish/jersey/inject/jersey-hk2/2.34/jersey-hk2-2.34.jar:/home/runner/.m2/repository/org/glassfish/hk2/hk2-locator/2.6.1/hk2-locator-2.6.1.jar:/home/runner/.m2/repository/org/glassfish/jersey/media/jersey-media-jaxb/2.34/jersey-media-jaxb-2.34.jar:/home/runner/.m2/repository/org/glassfish/hk2/osgi-resource-locator/1.0.3/osgi-resource-locator-1.0.3.jar:/home/runner/.m2/repository/org/glassfish/hk2/hk2-api/2.5.0/hk2-api-2.5.0.jar:/home/runner/.m2/repository/org/glassfish/hk2/hk2-utils/2.5.0/hk2-utils-2.5.0.jar:/home/runner/.m2/repository/org/glassfish/hk2/external/aopalliance-repackaged/2.5.0/aopalliance-repackaged-2.5.0.jar:/home/runner/.m2/repository/com/fasterxml/jackson/dataformat/jackson-dataformat-xml/2.13.4/jackson-dataformat-xml-2.13.4.jar:/home/runner/.m2/repository/com/fasterxml/jackson/core/jackson-core/2.13.4/jackson-core-2.13.4.jar:/home/runner/.m2/repository/org/codehaus/woodstox/stax2-api/3.1.4/stax2-api-3.1.4.jar:/home/runner/.m2/repository/com/fasterxml/woodstox/woodstox-core/5.0.3/woodstox-core-5.0.3.jar:/home/runner/.m2/repository/com/fasterxml/jackson/module/jackson-module-jaxb-annotations/2.13.4/jackson-module-jaxb-annotations-2.13.4.jar:/home/runner/.m2/repository/jakarta/xml/bind/jakarta.xml.bind-api/2.3.3/jakarta.xml.bind-api-2.3.3.jar:/home/runner/.m2/repository/jakarta/activation/jakarta.activation-api/1.2.1/jakarta.activation-api-1.2.1.jar:/home/runner/.m2/repository/javax/enterprise/cdi-api/1.2/cdi-api-1.2.jar:/home/runner/.m2/repository/javax/el/javax.el-api/3.0.0/javax.el-api-3.0.0.jar:/home/runner/.m2/repository/javax/interceptor/javax.interceptor-api/1.2/javax.interceptor-api-1.2.jar:/home/runner/.m2/repository/javax/inject/javax.inject/1/javax.inject-1.jar:/home/runner/.m2/repository/javax/xml/bind/jaxb-api/2.3.0/jaxb-api-2.3.0.jar:/home/runner/.m2/repository/org/glassfish/jaxb/jaxb-runtime/2.3.0.1/jaxb-runtime-2.3.0.1.jar:/home/runner/.m2/repository/org/glassfish/jaxb/jaxb-core/2.3.0.1/jaxb-core-2.3.0.1.jar:/home/runner/.m2/repository/org/glassfish/jaxb/txw2/2.3.0.1/txw2-2.3.0.1.jar:/home/runner/.m2/repository/com/sun/istack/istack-commons-runtime/3.0.5/istack-commons-runtime-3.0.5.jar:/home/runner/.m2/repository/org/jvnet/staxex/stax-ex/1.7.8/stax-ex-1.7.8.jar:/home/runner/.m2/repository/com/sun/xml/fastinfoset/FastInfoset/1.2.13/FastInfoset-1.2.13.jar:/home/runner/.m2/repository/javax/activation/activation/1.1.1/activation-1.1.1.jar:/home/runner/.m2/repository/io/grpc/grpc-protobuf/1.48.1/grpc-protobuf-1.48.1.jar:/home/runner/.m2/repository/io/grpc/grpc-api/1.48.1/grpc-api-1.48.1.jar:/home/runner/.m2/repository/io/grpc/grpc-context/1.48.1/grpc-context-1.48.1.jar:/home/runner/.m2/repository/com/google/api/grpc/proto-google-common-protos/2.9.0/proto-google-common-protos-2.9.0.jar:/home/runner/.m2/repository/io/grpc/grpc-protobuf-lite/1.48.1/grpc-protobuf-lite-1.48.1.jar:/home/runner/.m2/repository/io/grpc/grpc-stub/1.48.1/grpc-stub-1.48.1.jar:/home/runner/.m2/repository/io/netty/netty-transport/4.1.79.Final/netty-transport-4.1.79.Final.jar:/home/runner/.m2/repository/io/netty/netty-resolver/4.1.79.Final/netty-resolver-4.1.79.Final.jar:/home/runner/.m2/repository/org/apache/ozone/ozone-csi/1.3.0-SNAPSHOT/ozone-csi-1.3.0-SNAPSHOT.jar:/home/runner/.m2/repository/com/google/protobuf/protobuf-java-util/3.19.2/protobuf-java-util-3.19.2.jar:/home/runner/.m2/repository/com/google/code/gson/gson/2.9.0/gson-2.9.0.jar:/home/runner/.m2/repository/org/apache/ozone/hdds-config/1.3.0-SNAPSHOT/hdds-config-1.3.0-SNAPSHOT.jar:/home/runner/.m2/repository/io/netty/netty-transport-native-epoll/4.1.79.Final/netty-transport-native-epoll-4.1.79.Final-linux-x86_64.jar:/home/runner/.m2/repository/io/netty/netty-transport-classes-epoll/4.1.79.Final/netty-transport-classes-epoll-4.1.79.Final.jar:/home/runner/.m2/repository/io/netty/netty-transport-native-unix-common/4.1.79.Final/netty-transport-native-unix-common-4.1.79.Final.jar:/home/runner/.m2/repository/org/slf4j/slf4j-reload4j/1.7.36/slf4j-reload4j-1.7.36.jar:/home/runner/.m2/repository/org/apache/ozone/ozone-recon/1.3.0-SNAPSHOT/ozone-recon-1.3.0-SNAPSHOT.jar:/home/runner/.m2/repository/org/apache/ozone/ozone-reconcodegen/1.3.0-SNAPSHOT/ozone-reconcodegen-1.3.0-SNAPSHOT.jar:/home/runner/.m2/repository/com/google/inject/extensions/guice-multibindings/4.0/guice-multibindings-4.0.jar:/home/runner/.m2/repository/com/google/inject/guice/4.0/guice-4.0.jar:/home/runner/.m2/repository/aopalliance/aopalliance/1.0/aopalliance-1.0.jar:/home/runner/.m2/repository/com/google/inject/extensions/guice-assistedinject/4.0/guice-assistedinject-4.0.jar:/home/runner/.m2/repository/com/google/inject/extensions/guice-servlet/4.0/guice-servlet-4.0.jar:/home/runner/.m2/repository/org/glassfish/jersey/containers/jersey-container-servlet/2.34/jersey-container-servlet-2.34.jar:/home/runner/.m2/repository/org/glassfish/hk2/guice-bridge/2.5.0/guice-bridge-2.5.0.jar:/home/runner/.m2/repository/org/glassfish/jersey/core/jersey-server/2.34/jersey-server-2.34.jar:/home/runner/.m2/repository/org/glassfish/jersey/core/jersey-client/2.34/jersey-client-2.34.jar:/home/runner/.m2/repository/jakarta/annotation/jakarta.annotation-api/1.3.5/jakarta.annotation-api-1.3.5.jar:/home/runner/.m2/repository/jakarta/validation/jakarta.validation-api/2.0.2/jakarta.validation-api-2.0.2.jar:/home/runner/.m2/repository/org/glassfish/jersey/media/jersey-media-json-jackson/2.34/jersey-media-json-jackson-2.34.jar:/home/runner/.m2/repository/org/glassfish/jersey/ext/jersey-entity-filtering/2.34/jersey-entity-filtering-2.34.jar:/home/runner/.m2/repository/org/jooq/jooq/3.11.10/jooq-3.11.10.jar:/home/runner/.m2/repository/org/jooq/jooq-meta/3.11.10/jooq-meta-3.11.10.jar:/home/runner/.m2/repository/org/jooq/jooq-codegen/3.11.10/jooq-codegen-3.11.10.jar:/home/runner/.m2/repository/com/jolbox/bonecp/0.8.0.RELEASE/bonecp-0.8.0.RELEASE.jar:/home/runner/.m2/repository/org/apache/derby/derby/10.14.2.0/derby-10.14.2.0.jar:/home/runner/.m2/repository/org/xerial/sqlite-jdbc/3.25.2/sqlite-jdbc-3.25.2.jar:/home/runner/.m2/repository/org/springframework/spring-jdbc/5.2.20.RELEASE/spring-jdbc-5.2.20.RELEASE.jar:/home/runner/.m2/repository/org/springframework/spring-beans/5.2.20.RELEASE/spring-beans-5.2.20.RELEASE.jar:/home/runner/.m2/repository/org/springframework/spring-core/5.2.20.RELEASE/spring-core-5.2.20.RELEASE.jar:/home/runner/.m2/repository/org/springframework/spring-jcl/5.2.20.RELEASE/spring-jcl-5.2.20.RELEASE.jar:/home/runner/.m2/repository/org/springframework/spring-tx/5.2.20.RELEASE/spring-tx-5.2.20.RELEASE.jar:/home/runner/.m2/repository/org/apache/ozone/ozone-client/1.3.0-SNAPSHOT/ozone-client-1.3.0-SNAPSHOT.jar:/home/runner/.m2/repository/org/apache/ozone/hdds-erasurecode/1.3.0-SNAPSHOT/hdds-erasurecode-1.3.0-SNAPSHOT.jar:/home/runner/.m2/repository/com/github/spotbugs/spotbugs-annotations/3.1.12/spotbugs-annotations-3.1.12.jar:/home/runner/.m2/repository/org/apache/ozone/ozone-filesystem/1.3.0-SNAPSHOT/ozone-filesystem-1.3.0-SNAPSHOT.jar:/home/runner/.m2/repository/org/apache/ozone/ozone-filesystem-common/1.3.0-SNAPSHOT/ozone-filesystem-common-1.3.0-SNAPSHOT.jar:/home/runner/.m2/repository/org/apache/ozone/ozone-tools/1.3.0-SNAPSHOT/ozone-tools-1.3.0-SNAPSHOT.jar:/home/runner/.m2/repository/org/apache/ratis/ratis-tools/2.3.0/ratis-tools-2.3.0.jar:/home/runner/.m2/repository/com/amazonaws/aws-java-sdk-core/1.12.261/aws-java-sdk-core-1.12.261.jar:/home/runner/.m2/repository/org/apache/httpcomponents/httpclient/4.5.13/httpclient-4.5.13.jar:/home/runner/.m2/repository/org/apache/httpcomponents/httpcore/4.4.13/httpcore-4.4.13.jar:/home/runner/.m2/repository/software/amazon/ion/ion-java/1.0.2/ion-java-1.0.2.jar:/home/runner/.m2/repository/com/fasterxml/jackson/dataformat/jackson-dataformat-cbor/2.13.4/jackson-dataformat-cbor-2.13.4.jar:/home/runner/.m2/repository/joda-time/joda-time/2.8.1/joda-time-2.8.1.jar:/home/runner/.m2/repository/com/amazonaws/aws-java-sdk-s3/1.12.261/aws-java-sdk-s3-1.12.261.jar:/home/runner/.m2/repository/com/amazonaws/aws-java-sdk-kms/1.12.261/aws-java-sdk-kms-1.12.261.jar:/home/runner/.m2/repository/com/amazonaws/jmespath-java/1.12.261/jmespath-java-1.12.261.jar:/home/runner/.m2/repository/org/kohsuke/metainf-services/metainf-services/1.8/metainf-services-1.8.jar:/home/runner/.m2/repository/org/apache/ozone/hdds-tools/1.3.0-SNAPSHOT/hdds-tools-1.3.0-SNAPSHOT.jar:/home/runner/.m2/repository/commons-cli/commons-cli/1.2/commons-cli-1.2.jar:/home/runner/.m2/repository/org/apache/commons/commons-lang3/3.7/commons-lang3-3.7.jar:/home/runner/.m2/repository/org/apache/ozone/ozone-manager/1.3.0-SNAPSHOT/ozone-manager-1.3.0-SNAPSHOT-tests.jar:/home/runner/.m2/repository/org/apache/ozone/hdds-common/1.3.0-SNAPSHOT/hdds-common-1.3.0-SNAPSHOT-tests.jar:/home/runner/.m2/repository/org/apache/ozone/hdds-hadoop-dependency-client/1.3.0-SNAPSHOT/hdds-hadoop-dependency-client-1.3.0-SNAPSHOT.jar:/home/runner/.m2/repository/info/picocli/picocli/4.6.1/picocli-4.6.1.jar:/home/runner/.m2/repository/com/fasterxml/jackson/core/jackson-annotations/2.13.4/jackson-annotations-2.13.4.jar:/home/runner/.m2/repository/com/fasterxml/jackson/datatype/jackson-datatype-jsr310/2.13.4/jackson-datatype-jsr310-2.13.4.jar:/home/runner/.m2/repository/org/apache/ozone/hdds-annotation-processing/1.3.0-SNAPSHOT/hdds-annotation-processing-1.3.0-SNAPSHOT.jar:/home/runner/.m2/repository/javax/annotation/javax.annotation-api/1.2/javax.annotation-api-1.2.jar:/home/runner/.m2/repository/org/apache/ratis/ratis-server/2.3.0/ratis-server-2.3.0.jar:/home/runner/.m2/repository/org/apache/ratis/ratis-client/2.3.0/ratis-client-2.3.0.jar:/home/runner/.m2/repository/org/apache/ratis/ratis-server-api/2.3.0/ratis-server-api-2.3.0.jar:/home/runner/.m2/repository/org/apache/ratis/ratis-metrics/2.3.0/ratis-metrics-2.3.0.jar:/home/runner/.m2/repository/org/apache/ratis/ratis-netty/2.3.0/ratis-netty-2.3.0.jar:/home/runner/.m2/repository/org/apache/ratis/ratis-grpc/2.3.0/ratis-grpc-2.3.0.jar:/home/runner/.m2/repository/org/apache/logging/log4j/log4j-api/2.17.1/log4j-api-2.17.1.jar:/home/runner/.m2/repository/org/apache/commons/commons-pool2/2.6.0/commons-pool2-2.6.0.jar:/home/runner/.m2/repository/org/bouncycastle/bcpkix-jdk15on/1.67/bcpkix-jdk15on-1.67.jar:/home/runner/.m2/repository/commons-validator/commons-validator/1.6/commons-validator-1.6.jar:/home/runner/.m2/repository/commons-beanutils/commons-beanutils/1.9.4/commons-beanutils-1.9.4.jar:/home/runner/.m2/repository/commons-digester/commons-digester/1.8.1/commons-digester-1.8.1.jar:/home/runner/.m2/repository/commons-collections/commons-collections/3.2.2/commons-collections-3.2.2.jar:/home/runner/.m2/repository/io/jaegertracing/jaeger-client/1.6.0/jaeger-client-1.6.0.jar:/home/runner/.m2/repository/io/jaegertracing/jaeger-thrift/1.6.0/jaeger-thrift-1.6.0.jar:/home/runner/.m2/repository/org/apache/thrift/libthrift/0.14.1/libthrift-0.14.1.jar:/home/runner/.m2/repository/io/jaegertracing/jaeger-core/1.6.0/jaeger-core-1.6.0.jar:/home/runner/.m2/repository/io/jaegertracing/jaeger-tracerresolver/1.6.0/jaeger-tracerresolver-1.6.0.jar:/home/runner/.m2/repository/io/opentracing/contrib/opentracing-tracerresolver/0.1.8/opentracing-tracerresolver-0.1.8.jar:/home/runner/.m2/repository/org/jetbrains/kotlin/kotlin-stdlib/1.6.21/kotlin-stdlib-1.6.21.jar:/home/runner/.m2/repository/org/jetbrains/annotations/13.0/annotations-13.0.jar:/home/runner/.m2/repository/io/opentracing/opentracing-util/0.33.0/opentracing-util-0.33.0.jar:/home/runner/.m2/repository/io/opentracing/opentracing-api/0.33.0/opentracing-api-0.33.0.jar:/home/runner/.m2/repository/io/opentracing/opentracing-noop/0.33.0/opentracing-noop-0.33.0.jar:/home/runner/.m2/repository/org/yaml/snakeyaml/1.32/snakeyaml-1.32.jar:/home/runner/.m2/repository/org/apache/ozone/hdds-interface-admin/1.3.0-SNAPSHOT/hdds-interface-admin-1.3.0-SNAPSHOT.jar:/home/runner/.m2/repository/junit/junit/4.13.1/junit-4.13.1.jar:/home/runner/.m2/repository/org/hamcrest/hamcrest-core/1.3/hamcrest-core-1.3.jar:/home/runner/.m2/repository/org/junit/jupiter/junit-jupiter-api/5.8.2/junit-jupiter-api-5.8.2.jar:/home/runner/.m2/repository/org/opentest4j/opentest4j/1.2.0/opentest4j-1.2.0.jar:/home/runner/.m2/repository/org/junit/platform/junit-platform-commons/1.8.2/junit-platform-commons-1.8.2.jar:/home/runner/.m2/repository/org/apiguardian/apiguardian-api/1.1.2/apiguardian-api-1.1.2.jar:/home/runner/.m2/repository/org/junit/jupiter/junit-jupiter-params/5.8.2/junit-jupiter-params-5.8.2.jar:/home/runner/.m2/repository/org/junit/jupiter/junit-jupiter-migrationsupport/5.8.2/junit-jupiter-migrationsupport-5.8.2.jar:/home/runner/.m2/repository/org/junit/jupiter/junit-jupiter-engine/5.8.2/junit-jupiter-engine-5.8.2.jar:/home/runner/.m2/repository/org/junit/platform/junit-platform-engine/1.8.2/junit-platform-engine-1.8.2.jar:/home/runner/.m2/repository/org/junit/vintage/junit-vintage-engine/5.8.2/junit-vintage-engine-5.8.2.jar:/home/runner/.m2/repository/org/junit/platform/junit-platform-launcher/1.8.2/junit-platform-launcher-1.8.2.jar:/home/runner/.m2/repository/org/mockito/mockito-core/2.28.2/mockito-core-2.28.2.jar:/home/runner/.m2/repository/net/bytebuddy/byte-buddy/1.9.10/byte-buddy-1.9.10.jar:/home/runner/.m2/repository/net/bytebuddy/byte-buddy-agent/1.9.10/byte-buddy-agent-1.9.10.jar:/home/runner/.m2/repository/org/objenesis/objenesis/1.0/objenesis-1.0.jar:/home/runner/.m2/repository/org/apache/hadoop/hadoop-kms/3.3.4/hadoop-kms-3.3.4.jar:/home/runner/.m2/repository/org/apache/hadoop/hadoop-auth/3.3.4/hadoop-auth-3.3.4.jar:/home/runner/.m2/repository/com/nimbusds/nimbus-jose-jwt/7.9/nimbus-jose-jwt-7.9.jar:/home/runner/.m2/repository/com/github/stephenc/jcip/jcip-annotations/1.0-1/jcip-annotations-1.0-1.jar:/home/runner/.m2/repository/net/minidev/json-smart/2.4.7/json-smart-2.4.7.jar:/home/runner/.m2/repository/net/minidev/accessors-smart/2.4.7/accessors-smart-2.4.7.jar:/home/runner/.m2/repository/org/ow2/asm/asm/5.0.4/asm-5.0.4.jar:/home/runner/.m2/repository/org/apache/zookeeper/zookeeper/3.5.6/zookeeper-3.5.6.jar:/home/runner/.m2/repository/org/apache/zookeeper/zookeeper-jute/3.5.6/zookeeper-jute-3.5.6.jar:/home/runner/.m2/repository/org/apache/yetus/audience-annotations/0.5.0/audience-annotations-0.5.0.jar:/home/runner/.m2/repository/org/apache/curator/curator-framework/4.2.0/curator-framework-4.2.0.jar:/home/runner/.m2/repository/org/apache/hadoop/thirdparty/hadoop-shaded-guava/1.1.1/hadoop-shaded-guava-1.1.1.jar:/home/runner/.m2/repository/com/sun/jersey/jersey-core/1.19/jersey-core-1.19.jar:/home/runner/.m2/repository/javax/ws/rs/jsr311-api/1.1.1/jsr311-api-1.1.1.jar:/home/runner/.m2/repository/com/sun/jersey/jersey-server/1.19/jersey-server-1.19.jar:/home/runner/.m2/repository/javax/servlet/javax.servlet-api/3.1.0/javax.servlet-api-3.1.0.jar:/home/runner/.m2/repository/org/eclipse/jetty/jetty-server/9.4.43.v20210629/jetty-server-9.4.43.v20210629.jar:/home/runner/.m2/repository/org/eclipse/jetty/jetty-http/9.4.43.v20210629/jetty-http-9.4.43.v20210629.jar:/home/runner/.m2/repository/org/eclipse/jetty/jetty-io/9.4.43.v20210629/jetty-io-9.4.43.v20210629.jar:/home/runner/.m2/repository/org/eclipse/jetty/jetty-webapp/9.4.43.v20210629/jetty-webapp-9.4.43.v20210629.jar:/home/runner/.m2/repository/org/eclipse/jetty/jetty-xml/9.4.43.v20210629/jetty-xml-9.4.43.v20210629.jar:/home/runner/.m2/repository/org/apache/hadoop/hadoop-common/3.3.4/hadoop-common-3.3.4.jar:/home/runner/.m2/repository/org/apache/commons/commons-math3/3.1.1/commons-math3-3.1.1.jar:/home/runner/.m2/repository/commons-net/commons-net/3.6/commons-net-3.6.jar:/home/runner/.m2/repository/com/sun/jersey/jersey-servlet/1.19/jersey-servlet-1.19.jar:/home/runner/.m2/repository/com/sun/jersey/jersey-json/1.19/jersey-json-1.19.jar:/home/runner/.m2/repository/org/codehaus/jettison/jettison/1.1/jettison-1.1.jar:/home/runner/.m2/repository/com/sun/xml/bind/jaxb-impl/2.2.3-1/jaxb-impl-2.2.3-1.jar:/home/runner/.m2/repository/org/codehaus/jackson/jackson-xc/1.9.2/jackson-xc-1.9.2.jar:/home/runner/.m2/repository/org/apache/commons/commons-configuration2/2.1.1/commons-configuration2-2.1.1.jar:/home/runner/.m2/repository/org/apache/commons/commons-text/1.4/commons-text-1.4.jar:/home/runner/.m2/repository/com/google/re2j/re2j/1.1/re2j-1.1.jar:/home/runner/.m2/repository/com/jcraft/jsch/0.1.54/jsch-0.1.54.jar:/home/runner/.m2/repository/org/apache/curator/curator-client/4.2.0/curator-client-4.2.0.jar:/home/runner/.m2/repository/org/apache/curator/curator-recipes/4.2.0/curator-recipes-4.2.0.jar:/home/runner/.m2/repository/org/apache/kerby/kerb-core/1.0.1/kerb-core-1.0.1.jar:/home/runner/.m2/repository/org/apache/kerby/kerby-pkix/1.0.1/kerby-pkix-1.0.1.jar:/home/runner/.m2/repository/org/apache/kerby/kerby-asn1/1.0.1/kerby-asn1-1.0.1.jar:/home/runner/.m2/repository/org/apache/kerby/kerby-util/1.0.1/kerby-util-1.0.1.jar:/home/runner/.m2/repository/dnsjava/dnsjava/2.1.7/dnsjava-2.1.7.jar:/home/runner/.m2/repository/org/xerial/snappy/snappy-java/1.1.8.2/snappy-java-1.1.8.2.jar:/home/runner/.m2/repository/org/eclipse/jetty/jetty-util/9.4.43.v20210629/jetty-util-9.4.43.v20210629.jar:/home/runner/.m2/repository/com/fasterxml/jackson/core/jackson-databind/2.13.4/jackson-databind-2.13.4.jar:/home/runner/.m2/repository/org/apache/hadoop/hadoop-kms/3.3.4/hadoop-kms-3.3.4-tests.jar:/home/runner/.m2/repository/org/apache/ozone/hdds-server-scm/1.3.0-SNAPSHOT/hdds-server-scm-1.3.0-SNAPSHOT-tests.jar:/home/runner/.m2/repository/org/apache/ozone/hdds-container-service/1.3.0-SNAPSHOT/hdds-container-service-1.3.0-SNAPSHOT-tests.jar:/home/runner/.m2/repository/commons-codec/commons-codec/1.11/commons-codec-1.11.jar:/home/runner/.m2/repository/io/netty/netty-codec/4.1.79.Final/netty-codec-4.1.79.Final.jar:/home/runner/.m2/repository/io/netty/netty-handler/4.1.79.Final/netty-handler-4.1.79.Final.jar:/home/runner/.m2/repository/org/apache/ozone/hdds-hadoop-dependency-test/1.3.0-SNAPSHOT/hdds-hadoop-dependency-test-1.3.0-SNAPSHOT.jar:/home/runner/.m2/repository/org/apache/hadoop/hadoop-common/3.3.4/hadoop-common-3.3.4-tests.jar:/home/runner/.m2/repository/org/apache/hadoop/hadoop-hdfs/3.3.4/hadoop-hdfs-3.3.4-tests.jar:/home/runner/.m2/repository/org/assertj/assertj-core/3.12.2/assertj-core-3.12.2.jar:/home/runner/.m2/repository/org/apache/hadoop/hadoop-distcp/3.3.4/hadoop-distcp-3.3.4.jar:/home/runner/.m2/repository/org/apache/hadoop/hadoop-mapreduce-client-jobclient/3.3.4/hadoop-mapreduce-client-jobclient-3.3.4.jar:/home/runner/.m2/repository/org/apache/hadoop/hadoop-mapreduce-client-common/3.3.4/hadoop-mapreduce-client-common-3.3.4.jar:/home/runner/.m2/repository/org/apache/hadoop/hadoop-yarn-common/3.3.4/hadoop-yarn-common-3.3.4.jar:/home/runner/.m2/repository/org/apache/hadoop/hadoop-yarn-api/3.3.4/hadoop-yarn-api-3.3.4.jar:/home/runner/.m2/repository/com/sun/jersey/contribs/jersey-guice/1.19/jersey-guice-1.19.jar:/home/runner/.m2/repository/com/fasterxml/jackson/jaxrs/jackson-jaxrs-json-provider/2.13.4/jackson-jaxrs-json-provider-2.13.4.jar:/home/runner/.m2/repository/com/fasterxml/jackson/jaxrs/jackson-jaxrs-base/2.13.4/jackson-jaxrs-base-2.13.4.jar:/home/runner/.m2/repository/org/apache/hadoop/hadoop-yarn-client/3.3.4/hadoop-yarn-client-3.3.4.jar:/home/runner/.m2/repository/org/eclipse/jetty/websocket/websocket-client/9.4.43.v20210629/websocket-client-9.4.43.v20210629.jar:/home/runner/.m2/repository/org/eclipse/jetty/websocket/websocket-common/9.4.43.v20210629/websocket-common-9.4.43.v20210629.jar:/home/runner/.m2/repository/org/eclipse/jetty/websocket/websocket-api/9.4.43.v20210629/websocket-api-9.4.43.v20210629.jar:/home/runner/.m2/repository/org/jline/jline/3.9.0/jline-3.9.0.jar:/home/runner/.m2/repository/org/apache/hadoop/hadoop-mapreduce-client-core/3.3.4/hadoop-mapreduce-client-core-3.3.4.jar:/home/runner/.m2/repository/org/apache/avro/avro/1.7.7/avro-1.7.7.jar:/home/runner/.m2/repository/org/codehaus/jackson/jackson-core-asl/1.9.13/jackson-core-asl-1.9.13.jar:/home/runner/.m2/repository/org/codehaus/jackson/jackson-mapper-asl/1.9.13/jackson-mapper-asl-1.9.13.jar:/home/runner/.m2/repository/com/thoughtworks/paranamer/paranamer/2.3/paranamer-2.3.jar:/home/runner/.m2/repository/org/apache/hadoop/hadoop-annotations/3.3.4/hadoop-annotations-3.3.4.jar:/usr/lib/jvm/temurin-8-jdk-amd64/jre/../lib/tools.jar:/home/runner/.m2/repository/io/netty/netty/3.10.6.Final/netty-3.10.6.Final.jar:/home/runner/.m2/repository/org/apache/hadoop/hadoop-distcp/3.3.4/hadoop-distcp-3.3.4-tests.jar:/home/runner/.m2/repository/org/slf4j/jul-to-slf4j/1.7.36/jul-to-slf4j-1.7.36.jar:/home/runner/.m2/repository/org/apache/ratis/ratis-common/2.3.0/ratis-common-2.3.0.jar:/home/runner/.m2/repository/org/apache/ratis/ratis-thirdparty-misc/1.0.0/ratis-thirdparty-misc-1.0.0.jar:/home/runner/.m2/repository/org/apache/ratis/ratis-proto/2.3.0/ratis-proto-2.3.0.jar:"/>
    <property name="sun.cpu.endian" value="little"/>
    <property name="user.home" value="/home/runner"/>
    <property name="user.language" value="en"/>
    <property name="java.specification.vendor" value="Oracle Corporation"/>
    <property name="java.home" value="/usr/lib/jvm/temurin-8-jdk-amd64/jre"/>
    <property name="java.security.krb5.conf" value="/home/runner/work/ozone/ozone/hadoop-ozone/integration-test/target/test-classes/krb5.conf"/>
    <property name="basedir" value="/home/runner/work/ozone/ozone/hadoop-ozone/integration-test"/>
    <property name="file.separator" value="/"/>
    <property name="line.separator" value="&#10;"/>
    <property name="java.vm.specification.vendor" value="Oracle Corporation"/>
    <property name="java.specification.name" value="Java Platform API Specification"/>
    <property name="java.awt.graphicsenv" value="sun.awt.X11GraphicsEnvironment"/>
    <property name="skip.installnpx" value="true"/>
    <property name="surefire.fork.timeout" value="3600"/>
    <property name="surefire.real.class.path" value="/home/runner/work/ozone/ozone/hadoop-ozone/integration-test/target/surefire/surefirebooter569033381512578345.jar:/home/runner/.m2/repository/org/jacoco/org.jacoco.agent/0.8.5/org.jacoco.agent-0.8.5-runtime.jar"/>
    <property name="hadoop.log.dir" value="/home/runner/work/ozone/ozone/hadoop-ozone/integration-test/target/log"/>
    <property name="sun.boot.class.path" value="/usr/lib/jvm/temurin-8-jdk-amd64/jre/lib/resources.jar:/usr/lib/jvm/temurin-8-jdk-amd64/jre/lib/rt.jar:/usr/lib/jvm/temurin-8-jdk-amd64/jre/lib/sunrsasign.jar:/usr/lib/jvm/temurin-8-jdk-amd64/jre/lib/jsse.jar:/usr/lib/jvm/temurin-8-jdk-amd64/jre/lib/jce.jar:/usr/lib/jvm/temurin-8-jdk-amd64/jre/lib/charsets.jar:/usr/lib/jvm/temurin-8-jdk-amd64/jre/lib/jfr.jar:/usr/lib/jvm/temurin-8-jdk-amd64/jre/classes"/>
    <property name="sun.management.compiler" value="HotSpot 64-Bit Tiered Compilers"/>
    <property name="skip.npx" value="true"/>
    <property name="java.runtime.version" value="1.8.0_345-b01"/>
    <property name="java.net.preferIPv4Stack" value="true"/>
    <property name="user.name" value="runner"/>
    <property name="path.separator" value=":"/>
    <property name="java.security.egd" value="file:///dev/urandom"/>
    <property name="os.version" value="5.15.0-1020-azure"/>
    <property name="java.endorsed.dirs" value="/usr/lib/jvm/temurin-8-jdk-amd64/jre/lib/endorsed"/>
    <property name="java.runtime.name" value="OpenJDK Runtime Environment"/>
    <property name="file.encoding" value="UTF-8"/>
    <property name="java.vm.name" value="OpenJDK 64-Bit Server VM"/>
    <property name="test.build.webapps" value=""/>
    <property name="localRepository" value="/home/runner/.m2/repository"/>
    <property name="jetty.git.hash" value="526006ecfa3af7f1a27ef3a288e2bef7ea9dd7e8"/>
    <property name="java.vendor.url.bug" value="https://github.com/adoptium/adoptium-support/issues"/>
    <property name="java.io.tmpdir" value="/tmp"/>
    <property name="require.test.libhadoop" value=""/>
    <property name="surefire.rerunFailingTestsCount" value="5"/>
    <property name="java.version" value="1.8.0_345"/>
    <property name="user.dir" value="/home/runner/work/ozone/ozone/hadoop-ozone/integration-test"/>
    <property name="os.arch" value="amd64"/>
    <property name="java.vm.specification.name" value="Java Virtual Machine Specification"/>
    <property name="test.build.classes" value="/home/runner/work/ozone/ozone/hadoop-ozone/integration-test/target/test-classes"/>
    <property name="java.awt.printerjob" value="sun.print.PSPrinterJob"/>
    <property name="sun.os.patch.level" value="unknown"/>
    <property name="hadoop.tmp.dir" value="/home/runner/work/ozone/ozone/hadoop-ozone/integration-test/target/tmp"/>
    <property name="java.library.path" value="/usr/java/packages/lib/amd64:/usr/lib64:/lib64:/lib:/usr/lib"/>
    <property name="java.vm.info" value="mixed mode"/>
    <property name="java.vendor" value="Temurin"/>
    <property name="java.vm.version" value="25.345-b01"/>
    <property name="java.ext.dirs" value="/usr/lib/jvm/temurin-8-jdk-amd64/jre/lib/ext:/usr/java/packages/lib/ext"/>
    <property name="sun.io.unicode.encoding" value="UnicodeLittle"/>
    <property name="java.class.version" value="52.0"/>
  </properties>
  <testcase name="testNodeWithOpenPipelineCanBeDecommissionedAndRecommissioned" classname="org.apache.hadoop.ozone.scm.node.TestDecommissionAndMaintenance" time="57.937"/>
  <testcase name="testContainerIsReplicatedWhenAllNodesGotoMaintenance" classname="org.apache.hadoop.ozone.scm.node.TestDecommissionAndMaintenance" time="41.602"/>
  <testcase name="testMaintenanceEndsAutomaticallyAtTimeout" classname="org.apache.hadoop.ozone.scm.node.TestDecommissionAndMaintenance" time="38.69"/>
  <testcase name="testSingleNodeWithOpenPipelineCanGotoMaintenance" classname="org.apache.hadoop.ozone.scm.node.TestDecommissionAndMaintenance" time="37.074"/>
  <testcase name="testSCMHandlesRestartForMaintenanceNode" classname="org.apache.hadoop.ozone.scm.node.TestDecommissionAndMaintenance" time="48.718">
    <error type="java.util.concurrent.TimeoutException"><![CDATA[java.util.concurrent.TimeoutException: 
Timed out waiting for condition. Thread diagnostics:
Timestamp: 2022-10-15 07:45:15,617

"StaleRecoveringContainerScrubbingService#1" daemon prio=5 tid=5331 timed_waiting
java.lang.Thread.State: TIMED_WAITING
        at sun.misc.Unsafe.park(Native Method)
        at java.util.concurrent.locks.LockSupport.parkNanos(LockSupport.java:215)
        at java.util.concurrent.locks.AbstractQueuedSynchronizer$ConditionObject.awaitNanos(AbstractQueuedSynchronizer.java:2078)
        at java.util.concurrent.ScheduledThreadPoolExecutor$DelayedWorkQueue.take(ScheduledThreadPoolExecutor.java:1093)
        at java.util.concurrent.ScheduledThreadPoolExecutor$DelayedWorkQueue.take(ScheduledThreadPoolExecutor.java:809)
        at java.util.concurrent.ThreadPoolExecutor.getTask(ThreadPoolExecutor.java:1074)
        at java.util.concurrent.ThreadPoolExecutor.runWorker(ThreadPoolExecutor.java:1134)
        at java.util.concurrent.ThreadPoolExecutor$Worker.run(ThreadPoolExecutor.java:624)
        at java.lang.Thread.run(Thread.java:750)
"org.apache.hadoop.util.JvmPauseMonitor$Monitor@18530e22" daemon prio=5 tid=3814 timed_waiting
java.lang.Thread.State: TIMED_WAITING
        at java.lang.Thread.sleep(Native Method)
        at org.apache.hadoop.util.JvmPauseMonitor$Monitor.run(JvmPauseMonitor.java:192)
        at java.lang.Thread.run(Thread.java:750)
"IPC Server handler 5 on default port 36781" daemon prio=5 tid=4620 timed_waiting
java.lang.Thread.State: TIMED_WAITING
        at sun.misc.Unsafe.park(Native Method)
        at java.util.concurrent.locks.LockSupport.parkNanos(LockSupport.java:215)
        at java.util.concurrent.locks.AbstractQueuedSynchronizer$ConditionObject.awaitNanos(AbstractQueuedSynchronizer.java:2078)
        at java.util.concurrent.LinkedBlockingQueue.poll(LinkedBlockingQueue.java:467)
        at org.apache.hadoop.ipc.CallQueueManager.take(CallQueueManager.java:317)
        at org.apache.hadoop.ipc.Server$Handler.run(Server.java:2942)
"pool-2252-thread-1"  prio=5 tid=3967 timed_waiting
java.lang.Thread.State: TIMED_WAITING
        at sun.misc.Unsafe.park(Native Method)
        at java.util.concurrent.locks.LockSupport.parkNanos(LockSupport.java:215)
        at java.util.concurrent.locks.AbstractQueuedSynchronizer$ConditionObject.awaitNanos(AbstractQueuedSynchronizer.java:2078)
        at java.util.concurrent.ScheduledThreadPoolExecutor$DelayedWorkQueue.take(ScheduledThreadPoolExecutor.java:1093)
        at java.util.concurrent.ScheduledThreadPoolExecutor$DelayedWorkQueue.take(ScheduledThreadPoolExecutor.java:809)
        at java.util.concurrent.ThreadPoolExecutor.getTask(ThreadPoolExecutor.java:1074)
        at java.util.concurrent.ThreadPoolExecutor.runWorker(ThreadPoolExecutor.java:1134)
        at java.util.concurrent.ThreadPoolExecutor$Worker.run(ThreadPoolExecutor.java:624)
        at java.lang.Thread.run(Thread.java:750)
"35429393-00b4-4ffa-a437-723b6b48652e@group-8C1DE3C4B685-StateMachineUpdater" daemon prio=5 tid=6388 timed_waiting
java.lang.Thread.State: TIMED_WAITING
        at sun.misc.Unsafe.park(Native Method)
        at java.util.concurrent.locks.LockSupport.parkNanos(LockSupport.java:215)
        at java.util.concurrent.CompletableFuture$Signaller.block(CompletableFuture.java:1709)
        at java.util.concurrent.ForkJoinPool.managedBlock(ForkJoinPool.java:3323)
        at java.util.concurrent.CompletableFuture.timedGet(CompletableFuture.java:1788)
        at java.util.concurrent.CompletableFuture.get(CompletableFuture.java:1928)
        at org.apache.ratis.util.AwaitForSignal.await(AwaitForSignal.java:56)
        at org.apache.ratis.server.impl.StateMachineUpdater.waitForCommit(StateMachineUpdater.java:207)
        at org.apache.ratis.server.impl.StateMachineUpdater.run(StateMachineUpdater.java:176)
        at java.lang.Thread.run(Thread.java:750)
"IPC Server handler 6 on default port 40471" daemon prio=5 tid=6797 timed_waiting
java.lang.Thread.State: TIMED_WAITING
        at sun.misc.Unsafe.park(Native Method)
        at java.util.concurrent.locks.LockSupport.parkNanos(LockSupport.java:215)
        at java.util.concurrent.locks.AbstractQueuedSynchronizer$ConditionObject.awaitNanos(AbstractQueuedSynchronizer.java:2078)
        at java.util.concurrent.LinkedBlockingQueue.poll(LinkedBlockingQueue.java:467)
        at org.apache.hadoop.ipc.CallQueueManager.take(CallQueueManager.java:317)
        at org.apache.hadoop.ipc.Server$Handler.run(Server.java:2942)
"Datanode ReportManager Thread - 2" daemon prio=5 tid=6303 in Object.wait()
java.lang.Thread.State: WAITING (on object monitor)
        at sun.misc.Unsafe.park(Native Method)
        at java.util.concurrent.locks.LockSupport.park(LockSupport.java:175)
        at java.util.concurrent.locks.AbstractQueuedSynchronizer$ConditionObject.await(AbstractQueuedSynchronizer.java:2039)
        at java.util.concurrent.ScheduledThreadPoolExecutor$DelayedWorkQueue.take(ScheduledThreadPoolExecutor.java:1088)
        at java.util.concurrent.ScheduledThreadPoolExecutor$DelayedWorkQueue.take(ScheduledThreadPoolExecutor.java:809)
        at java.util.concurrent.ThreadPoolExecutor.getTask(ThreadPoolExecutor.java:1074)
        at java.util.concurrent.ThreadPoolExecutor.runWorker(ThreadPoolExecutor.java:1134)
        at java.util.concurrent.ThreadPoolExecutor$Worker.run(ThreadPoolExecutor.java:624)
        at java.lang.Thread.run(Thread.java:750)
"StaleRecoveringContainerScrubbingService#1" daemon prio=5 tid=5365 timed_waiting
java.lang.Thread.State: TIMED_WAITING
        at sun.misc.Unsafe.park(Native Method)
        at java.util.concurrent.locks.LockSupport.parkNanos(LockSupport.java:215)
        at java.util.concurrent.locks.AbstractQueuedSynchronizer$ConditionObject.awaitNanos(AbstractQueuedSynchronizer.java:2078)
        at java.util.concurrent.ScheduledThreadPoolExecutor$DelayedWorkQueue.take(ScheduledThreadPoolExecutor.java:1093)
        at java.util.concurrent.ScheduledThreadPoolExecutor$DelayedWorkQueue.take(ScheduledThreadPoolExecutor.java:809)
        at java.util.concurrent.ThreadPoolExecutor.getTask(ThreadPoolExecutor.java:1074)
        at java.util.concurrent.ThreadPoolExecutor.runWorker(ThreadPoolExecutor.java:1134)
        at java.util.concurrent.ThreadPoolExecutor$Worker.run(ThreadPoolExecutor.java:624)
        at java.lang.Thread.run(Thread.java:750)
"qtp900396159-6347" daemon prio=5 tid=6347 timed_waiting
java.lang.Thread.State: TIMED_WAITING
        at sun.misc.Unsafe.park(Native Method)
        at java.util.concurrent.locks.LockSupport.parkNanos(LockSupport.java:215)
        at java.util.concurrent.locks.AbstractQueuedSynchronizer$ConditionObject.awaitNanos(AbstractQueuedSynchronizer.java:2078)
        at org.eclipse.jetty.util.BlockingArrayQueue.poll(BlockingArrayQueue.java:382)
        at org.eclipse.jetty.util.thread.QueuedThreadPool$Runner.idleJobPoll(QueuedThreadPool.java:974)
        at org.eclipse.jetty.util.thread.QueuedThreadPool$Runner.run(QueuedThreadPool.java:1018)
        at java.lang.Thread.run(Thread.java:750)
"org.apache.hadoop.util.JvmPauseMonitor$Monitor@4345fb71" daemon prio=5 tid=5116 timed_waiting
java.lang.Thread.State: TIMED_WAITING
        at java.lang.Thread.sleep(Native Method)
        at org.apache.hadoop.util.JvmPauseMonitor$Monitor.run(JvmPauseMonitor.java:192)
        at java.lang.Thread.run(Thread.java:750)
"0e59cd28-e34a-4544-a63c-9bf8db58f2a0@group-9015FB128463->87a1f2dd-43fb-444c-bcbf-3c07980bc85d-GrpcLogAppender-LogAppenderDaemon" daemon prio=5 tid=4498 runnable
java.lang.Thread.State: RUNNABLE
        at sun.misc.Unsafe.park(Native Method)
        at java.util.concurrent.locks.LockSupport.parkNanos(LockSupport.java:215)
        at java.util.concurrent.CompletableFuture$Signaller.block(CompletableFuture.java:1709)
        at java.util.concurrent.ForkJoinPool.managedBlock(ForkJoinPool.java:3323)
        at java.util.concurrent.CompletableFuture.timedGet(CompletableFuture.java:1788)
        at java.util.concurrent.CompletableFuture.get(CompletableFuture.java:1928)
        at org.apache.ratis.util.AwaitForSignal.await(AwaitForSignal.java:56)
        at org.apache.ratis.grpc.server.GrpcLogAppender.mayWait(GrpcLogAppender.java:169)
        at org.apache.ratis.grpc.server.GrpcLogAppender.run(GrpcLogAppender.java:128)
        at org.apache.ratis.server.leader.LogAppenderDaemon.run(LogAppenderDaemon.java:77)
        at org.apache.ratis.server.leader.LogAppenderDaemon$$Lambda$1044/613649554.run(Unknown Source)
        at java.lang.Thread.run(Thread.java:750)
"KeyDeletingService#0" daemon prio=5 tid=6084 timed_waiting
java.lang.Thread.State: TIMED_WAITING
        at sun.misc.Unsafe.park(Native Method)
        at java.util.concurrent.locks.LockSupport.parkNanos(LockSupport.java:215)
        at java.util.concurrent.locks.AbstractQueuedSynchronizer$ConditionObject.awaitNanos(AbstractQueuedSynchronizer.java:2078)
        at java.util.concurrent.ScheduledThreadPoolExecutor$DelayedWorkQueue.take(ScheduledThreadPoolExecutor.java:1093)
        at java.util.concurrent.ScheduledThreadPoolExecutor$DelayedWorkQueue.take(ScheduledThreadPoolExecutor.java:809)
        at java.util.concurrent.ThreadPoolExecutor.getTask(ThreadPoolExecutor.java:1074)
        at java.util.concurrent.ThreadPoolExecutor.runWorker(ThreadPoolExecutor.java:1134)
        at java.util.concurrent.ThreadPoolExecutor$Worker.run(ThreadPoolExecutor.java:624)
        at java.lang.Thread.run(Thread.java:750)
"Datanode State Machine Task Thread - 0"  prio=5 tid=5118 in Object.wait()
java.lang.Thread.State: WAITING (on object monitor)
        at sun.misc.Unsafe.park(Native Method)
        at java.util.concurrent.locks.LockSupport.park(LockSupport.java:175)
        at java.util.concurrent.locks.AbstractQueuedSynchronizer$ConditionObject.await(AbstractQueuedSynchronizer.java:2039)
        at java.util.concurrent.LinkedBlockingQueue.take(LinkedBlockingQueue.java:442)
        at java.util.concurrent.ThreadPoolExecutor.getTask(ThreadPoolExecutor.java:1074)
        at java.util.concurrent.ThreadPoolExecutor.runWorker(ThreadPoolExecutor.java:1134)
        at java.util.concurrent.ThreadPoolExecutor$Worker.run(ThreadPoolExecutor.java:624)
        at java.lang.Thread.run(Thread.java:750)
"java.util.concurrent.ThreadPoolExecutor$Worker@51b47da4[State = -1, empty queue]" daemon prio=5 tid=4292 timed_waiting
java.lang.Thread.State: TIMED_WAITING
        at sun.misc.Unsafe.park(Native Method)
        at java.util.concurrent.locks.LockSupport.parkNanos(LockSupport.java:215)
        at java.util.concurrent.locks.AbstractQueuedSynchronizer$ConditionObject.awaitNanos(AbstractQueuedSynchronizer.java:2078)
        at java.util.concurrent.ScheduledThreadPoolExecutor$DelayedWorkQueue.take(ScheduledThreadPoolExecutor.java:1093)
        at java.util.concurrent.ScheduledThreadPoolExecutor$DelayedWorkQueue.take(ScheduledThreadPoolExecutor.java:809)
        at java.util.concurrent.ThreadPoolExecutor.getTask(ThreadPoolExecutor.java:1074)
        at java.util.concurrent.ThreadPoolExecutor.runWorker(ThreadPoolExecutor.java:1134)
        at java.util.concurrent.ThreadPoolExecutor$Worker.run(ThreadPoolExecutor.java:624)
        at java.lang.Thread.run(Thread.java:750)
"Periodic HDDS volume checker" daemon prio=5 tid=6252 timed_waiting
java.lang.Thread.State: TIMED_WAITING
        at sun.misc.Unsafe.park(Native Method)
        at java.util.concurrent.locks.LockSupport.parkNanos(LockSupport.java:215)
        at java.util.concurrent.locks.AbstractQueuedSynchronizer$ConditionObject.awaitNanos(AbstractQueuedSynchronizer.java:2078)
        at java.util.concurrent.ScheduledThreadPoolExecutor$DelayedWorkQueue.take(ScheduledThreadPoolExecutor.java:1093)
        at java.util.concurrent.ScheduledThreadPoolExecutor$DelayedWorkQueue.take(ScheduledThreadPoolExecutor.java:809)
        at java.util.concurrent.ThreadPoolExecutor.getTask(ThreadPoolExecutor.java:1074)
        at java.util.concurrent.ThreadPoolExecutor.runWorker(ThreadPoolExecutor.java:1134)
        at java.util.concurrent.ThreadPoolExecutor$Worker.run(ThreadPoolExecutor.java:624)
        at java.lang.Thread.run(Thread.java:750)
"org.apache.ratis.util.JvmPauseMonitor$$Lambda$718/783493338@134614b3" daemon prio=5 tid=6448 timed_waiting
java.lang.Thread.State: TIMED_WAITING
        at java.lang.Thread.sleep(Native Method)
        at java.lang.Thread.sleep(Thread.java:342)
        at java.util.concurrent.TimeUnit.sleep(TimeUnit.java:386)
        at org.apache.ratis.util.TimeDuration.sleep(TimeDuration.java:325)
        at org.apache.ratis.util.TimeDuration.sleep(TimeDuration.java:310)
        at org.apache.ratis.util.JvmPauseMonitor.detectPause(JvmPauseMonitor.java:117)
        at org.apache.ratis.util.JvmPauseMonitor.run(JvmPauseMonitor.java:106)
        at org.apache.ratis.util.JvmPauseMonitor$$Lambda$718/783493338.run(Unknown Source)
        at java.lang.Thread.run(Thread.java:750)
"EventQueue-PipelineReportForPipelineReportHandler" daemon prio=5 tid=6869 in Object.wait()
java.lang.Thread.State: WAITING (on object monitor)
        at sun.misc.Unsafe.park(Native Method)
        at java.util.concurrent.locks.LockSupport.park(LockSupport.java:175)
        at java.util.concurrent.locks.AbstractQueuedSynchronizer$ConditionObject.await(AbstractQueuedSynchronizer.java:2039)
        at java.util.concurrent.LinkedBlockingQueue.take(LinkedBlockingQueue.java:442)
        at java.util.concurrent.ThreadPoolExecutor.getTask(ThreadPoolExecutor.java:1074)
        at java.util.concurrent.ThreadPoolExecutor.runWorker(ThreadPoolExecutor.java:1134)
        at java.util.concurrent.ThreadPoolExecutor$Worker.run(ThreadPoolExecutor.java:624)
        at java.lang.Thread.run(Thread.java:750)
"IPC Server handler 0 on default port 40471" daemon prio=5 tid=6791 timed_waiting
java.lang.Thread.State: TIMED_WAITING
        at sun.misc.Unsafe.park(Native Method)
        at java.util.concurrent.locks.LockSupport.parkNanos(LockSupport.java:215)
        at java.util.concurrent.locks.AbstractQueuedSynchronizer$ConditionObject.awaitNanos(AbstractQueuedSynchronizer.java:2078)
        at java.util.concurrent.LinkedBlockingQueue.poll(LinkedBlockingQueue.java:467)
        at org.apache.hadoop.ipc.CallQueueManager.take(CallQueueManager.java:317)
        at org.apache.hadoop.ipc.Server$Handler.run(Server.java:2942)
"qtp595932500-4035" daemon prio=5 tid=4035 timed_waiting
java.lang.Thread.State: TIMED_WAITING
        at sun.misc.Unsafe.park(Native Method)
        at java.util.concurrent.locks.LockSupport.parkNanos(LockSupport.java:215)
        at java.util.concurrent.locks.AbstractQueuedSynchronizer$ConditionObject.awaitNanos(AbstractQueuedSynchronizer.java:2078)
        at org.eclipse.jetty.util.BlockingArrayQueue.poll(BlockingArrayQueue.java:382)
        at org.eclipse.jetty.util.thread.QueuedThreadPool$Runner.idleJobPoll(QueuedThreadPool.java:974)
        at org.eclipse.jetty.util.thread.QueuedThreadPool$Runner.run(QueuedThreadPool.java:1018)
        at java.lang.Thread.run(Thread.java:750)
"ChunkWriter-3-0" daemon prio=5 tid=5325 in Object.wait()
java.lang.Thread.State: WAITING (on object monitor)
        at sun.misc.Unsafe.park(Native Method)
        at java.util.concurrent.locks.LockSupport.park(LockSupport.java:175)
        at java.util.concurrent.locks.AbstractQueuedSynchronizer$ConditionObject.await(AbstractQueuedSynchronizer.java:2039)
        at java.util.concurrent.LinkedBlockingDeque.takeFirst(LinkedBlockingDeque.java:492)
        at java.util.concurrent.LinkedBlockingDeque.take(LinkedBlockingDeque.java:680)
        at java.util.concurrent.ThreadPoolExecutor.getTask(ThreadPoolExecutor.java:1074)
        at java.util.concurrent.ThreadPoolExecutor.runWorker(ThreadPoolExecutor.java:1134)
        at java.util.concurrent.ThreadPoolExecutor$Worker.run(ThreadPoolExecutor.java:624)
        at java.lang.Thread.run(Thread.java:750)
"qtp204487169-6322" daemon prio=5 tid=6322 timed_waiting
java.lang.Thread.State: TIMED_WAITING
        at sun.misc.Unsafe.park(Native Method)
        at java.util.concurrent.locks.LockSupport.parkNanos(LockSupport.java:215)
        at java.util.concurrent.locks.AbstractQueuedSynchronizer$ConditionObject.awaitNanos(AbstractQueuedSynchronizer.java:2078)
        at org.eclipse.jetty.util.BlockingArrayQueue.poll(BlockingArrayQueue.java:382)
        at org.eclipse.jetty.util.thread.QueuedThreadPool$Runner.idleJobPoll(QueuedThreadPool.java:974)
        at org.eclipse.jetty.util.thread.QueuedThreadPool$Runner.run(QueuedThreadPool.java:1018)
        at java.lang.Thread.run(Thread.java:750)
"Datanode ReportManager Thread - 3" daemon prio=5 tid=5257 in Object.wait()
java.lang.Thread.State: WAITING (on object monitor)
        at sun.misc.Unsafe.park(Native Method)
        at java.util.concurrent.locks.LockSupport.park(LockSupport.java:175)
        at java.util.concurrent.locks.AbstractQueuedSynchronizer$ConditionObject.await(AbstractQueuedSynchronizer.java:2039)
        at java.util.concurrent.ScheduledThreadPoolExecutor$DelayedWorkQueue.take(ScheduledThreadPoolExecutor.java:1088)
        at java.util.concurrent.ScheduledThreadPoolExecutor$DelayedWorkQueue.take(ScheduledThreadPoolExecutor.java:809)
        at java.util.concurrent.ThreadPoolExecutor.getTask(ThreadPoolExecutor.java:1074)
        at java.util.concurrent.ThreadPoolExecutor.runWorker(ThreadPoolExecutor.java:1134)
        at java.util.concurrent.ThreadPoolExecutor$Worker.run(ThreadPoolExecutor.java:624)
        at java.lang.Thread.run(Thread.java:750)
"BlockDeletingService#2" daemon prio=5 tid=6968 in Object.wait()
java.lang.Thread.State: WAITING (on object monitor)
        at sun.misc.Unsafe.park(Native Method)
        at java.util.concurrent.locks.LockSupport.park(LockSupport.java:175)
        at java.util.concurrent.locks.AbstractQueuedSynchronizer$ConditionObject.await(AbstractQueuedSynchronizer.java:2039)
        at java.util.concurrent.ScheduledThreadPoolExecutor$DelayedWorkQueue.take(ScheduledThreadPoolExecutor.java:1088)
        at java.util.concurrent.ScheduledThreadPoolExecutor$DelayedWorkQueue.take(ScheduledThreadPoolExecutor.java:809)
        at java.util.concurrent.ThreadPoolExecutor.getTask(ThreadPoolExecutor.java:1074)
        at java.util.concurrent.ThreadPoolExecutor.runWorker(ThreadPoolExecutor.java:1134)
        at java.util.concurrent.ThreadPoolExecutor$Worker.run(ThreadPoolExecutor.java:624)
        at java.lang.Thread.run(Thread.java:750)
"IPC Server handler 2 on default port 43303" daemon prio=5 tid=6813 timed_waiting
java.lang.Thread.State: TIMED_WAITING
        at sun.misc.Unsafe.park(Native Method)
        at java.util.concurrent.locks.LockSupport.parkNanos(LockSupport.java:215)
        at java.util.concurrent.locks.AbstractQueuedSynchronizer$ConditionObject.awaitNanos(AbstractQueuedSynchronizer.java:2078)
        at java.util.concurrent.LinkedBlockingQueue.poll(LinkedBlockingQueue.java:467)
        at org.apache.hadoop.ipc.CallQueueManager.take(CallQueueManager.java:317)
        at org.apache.hadoop.ipc.Server$Handler.run(Server.java:2942)
"org.apache.ratis.util.JvmPauseMonitor$$Lambda$718/783493338@2d4c05f8" daemon prio=5 tid=6082 timed_waiting
java.lang.Thread.State: TIMED_WAITING
        at java.lang.Thread.sleep(Native Method)
        at java.lang.Thread.sleep(Thread.java:342)
        at java.util.concurrent.TimeUnit.sleep(TimeUnit.java:386)
        at org.apache.ratis.util.TimeDuration.sleep(TimeDuration.java:325)
        at org.apache.ratis.util.TimeDuration.sleep(TimeDuration.java:310)
        at org.apache.ratis.util.JvmPauseMonitor.detectPause(JvmPauseMonitor.java:117)
        at org.apache.ratis.util.JvmPauseMonitor.run(JvmPauseMonitor.java:106)
        at org.apache.ratis.util.JvmPauseMonitor$$Lambda$718/783493338.run(Unknown Source)
        at java.lang.Thread.run(Thread.java:750)
"2807d27e-eacf-4ef9-9ccd-2d34dc032c62@group-94B5820007C9-SegmentedRaftLogWorker"  prio=5 tid=4298 timed_waiting
java.lang.Thread.State: TIMED_WAITING
        at sun.misc.Unsafe.park(Native Method)
        at java.util.concurrent.locks.LockSupport.parkNanos(LockSupport.java:215)
        at java.util.concurrent.locks.AbstractQueuedSynchronizer$ConditionObject.awaitNanos(AbstractQueuedSynchronizer.java:2078)
        at org.apache.ratis.util.DataBlockingQueue.poll(DataBlockingQueue.java:148)
        at org.apache.ratis.server.raftlog.segmented.SegmentedRaftLogWorker.run(SegmentedRaftLogWorker.java:301)
        at org.apache.ratis.server.raftlog.segmented.SegmentedRaftLogWorker$$Lambda$646/1639153477.run(Unknown Source)
        at java.lang.Thread.run(Thread.java:750)
"Datanode State Machine Task Thread - 1"  prio=5 tid=5391 in Object.wait()
java.lang.Thread.State: WAITING (on object monitor)
        at sun.misc.Unsafe.park(Native Method)
        at java.util.concurrent.locks.LockSupport.park(LockSupport.java:175)
        at java.util.concurrent.locks.AbstractQueuedSynchronizer$ConditionObject.await(AbstractQueuedSynchronizer.java:2039)
        at java.util.concurrent.LinkedBlockingQueue.take(LinkedBlockingQueue.java:442)
        at java.util.concurrent.ThreadPoolExecutor.getTask(ThreadPoolExecutor.java:1074)
        at java.util.concurrent.ThreadPoolExecutor.runWorker(ThreadPoolExecutor.java:1134)
        at java.util.concurrent.ThreadPoolExecutor$Worker.run(ThreadPoolExecutor.java:624)
        at java.lang.Thread.run(Thread.java:750)
"StaleRecoveringContainerScrubbingService#1" daemon prio=5 tid=4181 timed_waiting
java.lang.Thread.State: TIMED_WAITING
        at sun.misc.Unsafe.park(Native Method)
        at java.util.concurrent.locks.LockSupport.parkNanos(LockSupport.java:215)
        at java.util.concurrent.locks.AbstractQueuedSynchronizer$ConditionObject.awaitNanos(AbstractQueuedSynchronizer.java:2078)
        at java.util.concurrent.ScheduledThreadPoolExecutor$DelayedWorkQueue.take(ScheduledThreadPoolExecutor.java:1093)
        at java.util.concurrent.ScheduledThreadPoolExecutor$DelayedWorkQueue.take(ScheduledThreadPoolExecutor.java:809)
        at java.util.concurrent.ThreadPoolExecutor.getTask(ThreadPoolExecutor.java:1074)
        at java.util.concurrent.ThreadPoolExecutor.runWorker(ThreadPoolExecutor.java:1134)
        at java.util.concurrent.ThreadPoolExecutor$Worker.run(ThreadPoolExecutor.java:624)
        at java.lang.Thread.run(Thread.java:750)
"qtp795168967-6426" daemon prio=5 tid=6426 timed_waiting
java.lang.Thread.State: TIMED_WAITING
        at sun.misc.Unsafe.park(Native Method)
        at java.util.concurrent.locks.LockSupport.parkNanos(LockSupport.java:215)
        at java.util.concurrent.locks.AbstractQueuedSynchronizer$ConditionObject.awaitNanos(AbstractQueuedSynchronizer.java:2078)
        at org.eclipse.jetty.util.BlockingArrayQueue.poll(BlockingArrayQueue.java:382)
        at org.eclipse.jetty.util.thread.QueuedThreadPool$Runner.idleJobPoll(QueuedThreadPool.java:974)
        at org.eclipse.jetty.util.thread.QueuedThreadPool$Runner.run(QueuedThreadPool.java:1018)
        at java.lang.Thread.run(Thread.java:750)
"IPC Server handler 19 on default port 46525" daemon prio=5 tid=3813 timed_waiting
java.lang.Thread.State: TIMED_WAITING
        at sun.misc.Unsafe.park(Native Method)
        at java.util.concurrent.locks.LockSupport.parkNanos(LockSupport.java:215)
        at java.util.concurrent.locks.AbstractQueuedSynchronizer$ConditionObject.awaitNanos(AbstractQueuedSynchronizer.java:2078)
        at java.util.concurrent.LinkedBlockingQueue.poll(LinkedBlockingQueue.java:467)
        at org.apache.hadoop.ipc.CallQueueManager.take(CallQueueManager.java:317)
        at org.apache.hadoop.ipc.Server$Handler.run(Server.java:2942)
"OpenKeyCleanupService#0" daemon prio=5 tid=3771 timed_waiting
java.lang.Thread.State: TIMED_WAITING
        at sun.misc.Unsafe.park(Native Method)
        at java.util.concurrent.locks.LockSupport.parkNanos(LockSupport.java:215)
        at java.util.concurrent.locks.AbstractQueuedSynchronizer$ConditionObject.awaitNanos(AbstractQueuedSynchronizer.java:2078)
        at java.util.concurrent.ScheduledThreadPoolExecutor$DelayedWorkQueue.take(ScheduledThreadPoolExecutor.java:1093)
        at java.util.concurrent.ScheduledThreadPoolExecutor$DelayedWorkQueue.take(ScheduledThreadPoolExecutor.java:809)
        at java.util.concurrent.ThreadPoolExecutor.getTask(ThreadPoolExecutor.java:1074)
        at java.util.concurrent.ThreadPoolExecutor.runWorker(ThreadPoolExecutor.java:1134)
        at java.util.concurrent.ThreadPoolExecutor$Worker.run(ThreadPoolExecutor.java:624)
        at java.lang.Thread.run(Thread.java:750)
"StaleRecoveringContainerScrubbingService#0" daemon prio=5 tid=4179 in Object.wait()
java.lang.Thread.State: WAITING (on object monitor)
        at sun.misc.Unsafe.park(Native Method)
        at java.util.concurrent.locks.LockSupport.park(LockSupport.java:175)
        at java.util.concurrent.locks.AbstractQueuedSynchronizer$ConditionObject.await(AbstractQueuedSynchronizer.java:2039)
        at java.util.concurrent.ScheduledThreadPoolExecutor$DelayedWorkQueue.take(ScheduledThreadPoolExecutor.java:1088)
        at java.util.concurrent.ScheduledThreadPoolExecutor$DelayedWorkQueue.take(ScheduledThreadPoolExecutor.java:809)
        at java.util.concurrent.ThreadPoolExecutor.getTask(ThreadPoolExecutor.java:1074)
        at java.util.concurrent.ThreadPoolExecutor.runWorker(ThreadPoolExecutor.java:1134)
        at java.util.concurrent.ThreadPoolExecutor$Worker.run(ThreadPoolExecutor.java:624)
        at java.lang.Thread.run(Thread.java:750)
"grpc-default-boss-ELG-1-1" daemon prio=5 tid=130 runnable
java.lang.Thread.State: RUNNABLE
        at org.apache.ratis.thirdparty.io.netty.channel.epoll.Native.epollWait(Native Method)
        at org.apache.ratis.thirdparty.io.netty.channel.epoll.Native.epollWait(Native.java:193)
        at org.apache.ratis.thirdparty.io.netty.channel.epoll.Native.epollWait(Native.java:186)
        at org.apache.ratis.thirdparty.io.netty.channel.epoll.EpollEventLoop.epollWaitNoTimerChange(EpollEventLoop.java:290)
        at org.apache.ratis.thirdparty.io.netty.channel.epoll.EpollEventLoop.run(EpollEventLoop.java:347)
        at org.apache.ratis.thirdparty.io.netty.util.concurrent.SingleThreadEventExecutor$4.run(SingleThreadEventExecutor.java:986)
        at org.apache.ratis.thirdparty.io.netty.util.internal.ThreadExecutorMap$2.run(ThreadExecutorMap.java:74)
        at org.apache.ratis.thirdparty.io.netty.util.concurrent.FastThreadLocalRunnable.run(FastThreadLocalRunnable.java:30)
        at java.lang.Thread.run(Thread.java:750)
"IPC Server handler 12 on default port 40173" daemon prio=5 tid=6120 timed_waiting
java.lang.Thread.State: TIMED_WAITING
        at sun.misc.Unsafe.park(Native Method)
        at java.util.concurrent.locks.LockSupport.parkNanos(LockSupport.java:215)
        at java.util.concurrent.locks.AbstractQueuedSynchronizer$ConditionObject.awaitNanos(AbstractQueuedSynchronizer.java:2078)
        at java.util.concurrent.LinkedBlockingQueue.poll(LinkedBlockingQueue.java:467)
        at org.apache.hadoop.ipc.CallQueueManager.take(CallQueueManager.java:317)
        at org.apache.hadoop.ipc.Server$Handler.run(Server.java:2942)
"org.apache.hadoop.ozone.container.common.statemachine.commandhandler.DeleteBlocksCommandHandler$DeleteCmdWorker@2d149185" daemon prio=5 tid=5279 timed_waiting
java.lang.Thread.State: TIMED_WAITING
        at java.lang.Thread.sleep(Native Method)
        at org.apache.hadoop.ozone.container.common.statemachine.commandhandler.DeleteBlocksCommandHandler$DeleteCmdWorker.run(DeleteBlocksCommandHandler.java:183)
        at java.lang.Thread.run(Thread.java:750)
"7fbbdba2-60d2-4bcb-9af9-465dc1fc8d8a-impl-thread1"  prio=5 tid=6287 timed_waiting
java.lang.Thread.State: TIMED_WAITING
        at sun.misc.Unsafe.park(Native Method)
        at java.util.concurrent.locks.LockSupport.parkNanos(LockSupport.java:215)
        at java.util.concurrent.SynchronousQueue$TransferStack.awaitFulfill(SynchronousQueue.java:460)
        at java.util.concurrent.SynchronousQueue$TransferStack.transfer(SynchronousQueue.java:362)
        at java.util.concurrent.SynchronousQueue.poll(SynchronousQueue.java:941)
        at java.util.concurrent.ThreadPoolExecutor.getTask(ThreadPoolExecutor.java:1073)
        at java.util.concurrent.ThreadPoolExecutor.runWorker(ThreadPoolExecutor.java:1134)
        at java.util.concurrent.ThreadPoolExecutor$Worker.run(ThreadPoolExecutor.java:624)
        at java.lang.Thread.run(Thread.java:750)
"Datanode State Machine Task Thread - 1"  prio=5 tid=5404 in Object.wait()
java.lang.Thread.State: WAITING (on object monitor)
        at sun.misc.Unsafe.park(Native Method)
        at java.util.concurrent.locks.LockSupport.park(LockSupport.java:175)
        at java.util.concurrent.locks.AbstractQueuedSynchronizer$ConditionObject.await(AbstractQueuedSynchronizer.java:2039)
        at java.util.concurrent.LinkedBlockingQueue.take(LinkedBlockingQueue.java:442)
        at java.util.concurrent.ThreadPoolExecutor.getTask(ThreadPoolExecutor.java:1074)
        at java.util.concurrent.ThreadPoolExecutor.runWorker(ThreadPoolExecutor.java:1134)
        at java.util.concurrent.ThreadPoolExecutor$Worker.run(ThreadPoolExecutor.java:624)
        at java.lang.Thread.run(Thread.java:750)
"7fbbdba2-60d2-4bcb-9af9-465dc1fc8d8a@group-50B708ACB90C->abd8e8e1-9e09-4ec0-a897-8fd48f6e99a3-GrpcLogAppender-LogAppenderDaemon" daemon prio=5 tid=6940 runnable
java.lang.Thread.State: RUNNABLE
        at sun.misc.Unsafe.park(Native Method)
        at java.util.concurrent.locks.LockSupport.parkNanos(LockSupport.java:215)
        at java.util.concurrent.CompletableFuture$Signaller.block(CompletableFuture.java:1709)
        at java.util.concurrent.ForkJoinPool.managedBlock(ForkJoinPool.java:3323)
        at java.util.concurrent.CompletableFuture.timedGet(CompletableFuture.java:1788)
        at java.util.concurrent.CompletableFuture.get(CompletableFuture.java:1928)
        at org.apache.ratis.util.AwaitForSignal.await(AwaitForSignal.java:56)
        at org.apache.ratis.grpc.server.GrpcLogAppender.mayWait(GrpcLogAppender.java:169)
        at org.apache.ratis.grpc.server.GrpcLogAppender.run(GrpcLogAppender.java:128)
        at org.apache.ratis.server.leader.LogAppenderDaemon.run(LogAppenderDaemon.java:77)
        at org.apache.ratis.server.leader.LogAppenderDaemon$$Lambda$1044/613649554.run(Unknown Source)
        at java.lang.Thread.run(Thread.java:750)
"ChunkReader-ELG-0" daemon prio=5 tid=6408 runnable
java.lang.Thread.State: RUNNABLE
        at org.apache.ratis.thirdparty.io.netty.channel.epoll.Native.epollWait(Native Method)
        at org.apache.ratis.thirdparty.io.netty.channel.epoll.Native.epollWait(Native.java:193)
        at org.apache.ratis.thirdparty.io.netty.channel.epoll.Native.epollWait(Native.java:186)
        at org.apache.ratis.thirdparty.io.netty.channel.epoll.EpollEventLoop.epollWaitNoTimerChange(EpollEventLoop.java:290)
        at org.apache.ratis.thirdparty.io.netty.channel.epoll.EpollEventLoop.run(EpollEventLoop.java:347)
        at org.apache.ratis.thirdparty.io.netty.util.concurrent.SingleThreadEventExecutor$4.run(SingleThreadEventExecutor.java:986)
        at org.apache.ratis.thirdparty.io.netty.util.internal.ThreadExecutorMap$2.run(ThreadExecutorMap.java:74)
        at java.lang.Thread.run(Thread.java:750)
"BlockDeletingService#0" daemon prio=5 tid=4203 in Object.wait()
java.lang.Thread.State: WAITING (on object monitor)
        at sun.misc.Unsafe.park(Native Method)
        at java.util.concurrent.locks.LockSupport.park(LockSupport.java:175)
        at java.util.concurrent.locks.AbstractQueuedSynchronizer$ConditionObject.await(AbstractQueuedSynchronizer.java:2039)
        at java.util.concurrent.ScheduledThreadPoolExecutor$DelayedWorkQueue.take(ScheduledThreadPoolExecutor.java:1088)
        at java.util.concurrent.ScheduledThreadPoolExecutor$DelayedWorkQueue.take(ScheduledThreadPoolExecutor.java:809)
        at java.util.concurrent.ThreadPoolExecutor.getTask(ThreadPoolExecutor.java:1074)
        at java.util.concurrent.ThreadPoolExecutor.runWorker(ThreadPoolExecutor.java:1134)
        at java.util.concurrent.ThreadPoolExecutor$Worker.run(ThreadPoolExecutor.java:624)
        at java.lang.Thread.run(Thread.java:750)
"qtp625773794-6373" daemon prio=5 tid=6373 timed_waiting
java.lang.Thread.State: TIMED_WAITING
        at sun.misc.Unsafe.park(Native Method)
        at java.util.concurrent.locks.LockSupport.parkNanos(LockSupport.java:215)
        at java.util.concurrent.locks.AbstractQueuedSynchronizer$ConditionObject.awaitNanos(AbstractQueuedSynchronizer.java:2078)
        at org.eclipse.jetty.util.BlockingArrayQueue.poll(BlockingArrayQueue.java:382)
        at org.eclipse.jetty.util.thread.QueuedThreadPool$Runner.idleJobPoll(QueuedThreadPool.java:974)
        at org.eclipse.jetty.util.thread.QueuedThreadPool$Runner.run(QueuedThreadPool.java:1018)
        at java.lang.Thread.run(Thread.java:750)
"IPC Server handler 13 on default port 35421" daemon prio=5 tid=4588 timed_waiting
java.lang.Thread.State: TIMED_WAITING
        at sun.misc.Unsafe.park(Native Method)
        at java.util.concurrent.locks.LockSupport.parkNanos(LockSupport.java:215)
        at java.util.concurrent.locks.AbstractQueuedSynchronizer$ConditionObject.awaitNanos(AbstractQueuedSynchronizer.java:2078)
        at java.util.concurrent.LinkedBlockingQueue.poll(LinkedBlockingQueue.java:467)
        at org.apache.hadoop.ipc.CallQueueManager.take(CallQueueManager.java:317)
        at org.apache.hadoop.ipc.Server$Handler.run(Server.java:2942)
"qtp625773794-6371" daemon prio=5 tid=6371 runnable
java.lang.Thread.State: RUNNABLE
        at sun.nio.ch.EPollArrayWrapper.epollWait(Native Method)
        at sun.nio.ch.EPollArrayWrapper.poll(EPollArrayWrapper.java:269)
        at sun.nio.ch.EPollSelectorImpl.doSelect(EPollSelectorImpl.java:93)
        at sun.nio.ch.SelectorImpl.lockAndDoSelect(SelectorImpl.java:86)
        at sun.nio.ch.SelectorImpl.select(SelectorImpl.java:97)
        at sun.nio.ch.SelectorImpl.select(SelectorImpl.java:101)
        at org.eclipse.jetty.io.ManagedSelector.nioSelect(ManagedSelector.java:183)
        at org.eclipse.jetty.io.ManagedSelector.select(ManagedSelector.java:190)
        at org.eclipse.jetty.io.ManagedSelector$SelectorProducer.select(ManagedSelector.java:606)
        at org.eclipse.jetty.io.ManagedSelector$SelectorProducer.produce(ManagedSelector.java:543)
        at org.eclipse.jetty.util.thread.strategy.EatWhatYouKill.produceTask(EatWhatYouKill.java:362)
        at org.eclipse.jetty.util.thread.strategy.EatWhatYouKill.doProduce(EatWhatYouKill.java:186)
        at org.eclipse.jetty.util.thread.strategy.EatWhatYouKill.tryProduce(EatWhatYouKill.java:173)
        at org.eclipse.jetty.util.thread.strategy.EatWhatYouKill.produce(EatWhatYouKill.java:137)
        at org.eclipse.jetty.io.ManagedSelector$$Lambda$478/1665851504.run(Unknown Source)
        at org.eclipse.jetty.util.thread.QueuedThreadPool.runJob(QueuedThreadPool.java:883)
        at org.eclipse.jetty.util.thread.QueuedThreadPool$Runner.run(QueuedThreadPool.java:1034)
        at java.lang.Thread.run(Thread.java:750)
"7fbbdba2-60d2-4bcb-9af9-465dc1fc8d8a@group-7AA464F9E5E4-LeaderStateImpl" daemon prio=5 tid=6747 timed_waiting
java.lang.Thread.State: TIMED_WAITING
        at sun.misc.Unsafe.park(Native Method)
        at java.util.concurrent.locks.LockSupport.parkNanos(LockSupport.java:215)
        at java.util.concurrent.locks.AbstractQueuedSynchronizer$ConditionObject.awaitNanos(AbstractQueuedSynchronizer.java:2078)
        at java.util.concurrent.ArrayBlockingQueue.poll(ArrayBlockingQueue.java:418)
        at org.apache.ratis.server.impl.LeaderStateImpl$EventQueue.poll(LeaderStateImpl.java:159)
        at org.apache.ratis.server.impl.LeaderStateImpl$EventProcessor.run(LeaderStateImpl.java:630)
"OMDoubleBufferFlushThread" daemon prio=5 tid=5975 timed_waiting
java.lang.Thread.State: TIMED_WAITING
        at java.lang.Object.wait(Native Method)
        at org.apache.hadoop.ozone.om.ratis.OzoneManagerDoubleBuffer.canFlush(OzoneManagerDoubleBuffer.java:538)
        at org.apache.hadoop.ozone.om.ratis.OzoneManagerDoubleBuffer.flushTransactions(OzoneManagerDoubleBuffer.java:268)
        at org.apache.hadoop.ozone.om.ratis.OzoneManagerDoubleBuffer$$Lambda$534/1402004739.run(Unknown Source)
        at java.lang.Thread.run(Thread.java:750)
"EndpointStateMachine task thread for /0.0.0.0:42971 - 0 "  prio=5 tid=4214 in Object.wait()
java.lang.Thread.State: WAITING (on object monitor)
        at sun.misc.Unsafe.park(Native Method)
        at java.util.concurrent.locks.LockSupport.park(LockSupport.java:175)
        at java.util.concurrent.locks.AbstractQueuedSynchronizer$ConditionObject.await(AbstractQueuedSynchronizer.java:2039)
        at java.util.concurrent.LinkedBlockingQueue.take(LinkedBlockingQueue.java:442)
        at java.util.concurrent.ThreadPoolExecutor.getTask(ThreadPoolExecutor.java:1074)
        at java.util.concurrent.ThreadPoolExecutor.runWorker(ThreadPoolExecutor.java:1134)
        at java.util.concurrent.ThreadPoolExecutor$Worker.run(ThreadPoolExecutor.java:624)
        at java.lang.Thread.run(Thread.java:750)
"PartialTableCache Cleanup Thread - 0" daemon prio=5 tid=705 in Object.wait()
java.lang.Thread.State: WAITING (on object monitor)
        at sun.misc.Unsafe.park(Native Method)
        at java.util.concurrent.locks.LockSupport.park(LockSupport.java:175)
        at java.util.concurrent.locks.AbstractQueuedSynchronizer$ConditionObject.await(AbstractQueuedSynchronizer.java:2039)
        at java.util.concurrent.LinkedBlockingQueue.take(LinkedBlockingQueue.java:442)
        at java.util.concurrent.ThreadPoolExecutor.getTask(ThreadPoolExecutor.java:1074)
        at java.util.concurrent.ThreadPoolExecutor.runWorker(ThreadPoolExecutor.java:1134)
        at java.util.concurrent.ThreadPoolExecutor$Worker.run(ThreadPoolExecutor.java:624)
        at java.lang.Thread.run(Thread.java:750)
"Over Replicated Processor" daemon prio=5 tid=5812 timed_waiting
java.lang.Thread.State: TIMED_WAITING
        at java.lang.Object.wait(Native Method)
        at org.apache.hadoop.hdds.scm.container.replication.OverReplicatedProcessor.run(OverReplicatedProcessor.java:131)
        at java.lang.Thread.run(Thread.java:750)
"qtp2074136396-3782" daemon prio=5 tid=3782 timed_waiting
java.lang.Thread.State: TIMED_WAITING
        at sun.misc.Unsafe.park(Native Method)
        at java.util.concurrent.locks.LockSupport.parkNanos(LockSupport.java:215)
        at java.util.concurrent.locks.AbstractQueuedSynchronizer$ConditionObject.awaitNanos(AbstractQueuedSynchronizer.java:2078)
        at org.eclipse.jetty.util.BlockingArrayQueue.poll(BlockingArrayQueue.java:382)
        at org.eclipse.jetty.util.thread.QueuedThreadPool$Runner.idleJobPoll(QueuedThreadPool.java:974)
        at org.eclipse.jetty.util.thread.QueuedThreadPool$Runner.run(QueuedThreadPool.java:1018)
        at java.lang.Thread.run(Thread.java:750)
"4d4feef0-6754-49f5-8e19-57d58c5c04b3@group-0CBB49F4AF40-StateMachineUpdater" daemon prio=5 tid=5444 timed_waiting
java.lang.Thread.State: TIMED_WAITING
        at sun.misc.Unsafe.park(Native Method)
        at java.util.concurrent.locks.LockSupport.parkNanos(LockSupport.java:215)
        at java.util.concurrent.CompletableFuture$Signaller.block(CompletableFuture.java:1709)
        at java.util.concurrent.ForkJoinPool.managedBlock(ForkJoinPool.java:3323)
        at java.util.concurrent.CompletableFuture.timedGet(CompletableFuture.java:1788)
        at java.util.concurrent.CompletableFuture.get(CompletableFuture.java:1928)
        at org.apache.ratis.util.AwaitForSignal.await(AwaitForSignal.java:56)
        at org.apache.ratis.server.impl.StateMachineUpdater.waitForCommit(StateMachineUpdater.java:207)
        at org.apache.ratis.server.impl.StateMachineUpdater.run(StateMachineUpdater.java:176)
        at java.lang.Thread.run(Thread.java:750)
"ChunkWriter-0-0" daemon prio=5 tid=5393 in Object.wait()
java.lang.Thread.State: WAITING (on object monitor)
        at sun.misc.Unsafe.park(Native Method)
        at java.util.concurrent.locks.LockSupport.park(LockSupport.java:175)
        at java.util.concurrent.locks.AbstractQueuedSynchronizer$ConditionObject.await(AbstractQueuedSynchronizer.java:2039)
        at java.util.concurrent.LinkedBlockingDeque.takeFirst(LinkedBlockingDeque.java:492)
        at java.util.concurrent.LinkedBlockingDeque.take(LinkedBlockingDeque.java:680)
        at java.util.concurrent.ThreadPoolExecutor.getTask(ThreadPoolExecutor.java:1074)
        at java.util.concurrent.ThreadPoolExecutor.runWorker(ThreadPoolExecutor.java:1134)
        at java.util.concurrent.ThreadPoolExecutor$Worker.run(ThreadPoolExecutor.java:624)
        at java.lang.Thread.run(Thread.java:750)
"BlockDeletingService#1" daemon prio=5 tid=6464 in Object.wait()
java.lang.Thread.State: WAITING (on object monitor)
        at sun.misc.Unsafe.park(Native Method)
        at java.util.concurrent.locks.LockSupport.park(LockSupport.java:175)
        at java.util.concurrent.locks.AbstractQueuedSynchronizer$ConditionObject.await(AbstractQueuedSynchronizer.java:2039)
        at java.util.concurrent.ScheduledThreadPoolExecutor$DelayedWorkQueue.take(ScheduledThreadPoolExecutor.java:1088)
        at java.util.concurrent.ScheduledThreadPoolExecutor$DelayedWorkQueue.take(ScheduledThreadPoolExecutor.java:809)
        at java.util.concurrent.ThreadPoolExecutor.getTask(ThreadPoolExecutor.java:1074)
        at java.util.concurrent.ThreadPoolExecutor.runWorker(ThreadPoolExecutor.java:1134)
        at java.util.concurrent.ThreadPoolExecutor$Worker.run(ThreadPoolExecutor.java:624)
        at java.lang.Thread.run(Thread.java:750)
"Datanode State Machine Daemon Thread" daemon prio=5 tid=5045 timed_waiting
java.lang.Thread.State: TIMED_WAITING
        at java.lang.Thread.sleep(Native Method)
        at org.apache.hadoop.ozone.container.common.statemachine.DatanodeStateMachine.startStateMachineThread(DatanodeStateMachine.java:313)
        at org.apache.hadoop.ozone.container.common.statemachine.DatanodeStateMachine.lambda$startDaemon$0(DatanodeStateMachine.java:493)
        at org.apache.hadoop.ozone.container.common.statemachine.DatanodeStateMachine$$Lambda$761/216690043.run(Unknown Source)
        at java.lang.Thread.run(Thread.java:750)
"IPC Server handler 3 on default port 43303" daemon prio=5 tid=6814 timed_waiting
java.lang.Thread.State: TIMED_WAITING
        at sun.misc.Unsafe.park(Native Method)
        at java.util.concurrent.locks.LockSupport.parkNanos(LockSupport.java:215)
        at java.util.concurrent.locks.AbstractQueuedSynchronizer$ConditionObject.awaitNanos(AbstractQueuedSynchronizer.java:2078)
        at java.util.concurrent.LinkedBlockingQueue.poll(LinkedBlockingQueue.java:467)
        at org.apache.hadoop.ipc.CallQueueManager.take(CallQueueManager.java:317)
        at org.apache.hadoop.ipc.Server$Handler.run(Server.java:2942)
"org.apache.ratis.util.JvmPauseMonitor$$Lambda$718/783493338@376a20cf" daemon prio=5 tid=6509 timed_waiting
java.lang.Thread.State: TIMED_WAITING
        at java.lang.Thread.sleep(Native Method)
        at java.lang.Thread.sleep(Thread.java:342)
        at java.util.concurrent.TimeUnit.sleep(TimeUnit.java:386)
        at org.apache.ratis.util.TimeDuration.sleep(TimeDuration.java:325)
        at org.apache.ratis.util.TimeDuration.sleep(TimeDuration.java:310)
        at org.apache.ratis.util.JvmPauseMonitor.detectPause(JvmPauseMonitor.java:117)
        at org.apache.ratis.util.JvmPauseMonitor.run(JvmPauseMonitor.java:106)
        at org.apache.ratis.util.JvmPauseMonitor$$Lambda$718/783493338.run(Unknown Source)
        at java.lang.Thread.run(Thread.java:750)
"FixedThreadPoolWithAffinityExecutor-8-0" daemon prio=5 tid=6877 in Object.wait()
java.lang.Thread.State: WAITING (on object monitor)
        at sun.misc.Unsafe.park(Native Method)
        at java.util.concurrent.locks.LockSupport.park(LockSupport.java:175)
        at java.util.concurrent.locks.AbstractQueuedSynchronizer$ConditionObject.await(AbstractQueuedSynchronizer.java:2039)
        at java.util.concurrent.LinkedBlockingDeque.takeFirst(LinkedBlockingDeque.java:492)
        at java.util.concurrent.LinkedBlockingDeque.take(LinkedBlockingDeque.java:680)
        at java.util.concurrent.ThreadPoolExecutor.getTask(ThreadPoolExecutor.java:1074)
        at java.util.concurrent.ThreadPoolExecutor.runWorker(ThreadPoolExecutor.java:1134)
        at java.util.concurrent.ThreadPoolExecutor$Worker.run(ThreadPoolExecutor.java:624)
        at java.lang.Thread.run(Thread.java:750)
"Socket Reader #1 for port 0"  prio=5 tid=6069 runnable
java.lang.Thread.State: RUNNABLE
        at sun.nio.ch.EPollArrayWrapper.epollWait(Native Method)
        at sun.nio.ch.EPollArrayWrapper.poll(EPollArrayWrapper.java:269)
        at sun.nio.ch.EPollSelectorImpl.doSelect(EPollSelectorImpl.java:93)
        at sun.nio.ch.SelectorImpl.lockAndDoSelect(SelectorImpl.java:86)
        at sun.nio.ch.SelectorImpl.select(SelectorImpl.java:97)
        at sun.nio.ch.SelectorImpl.select(SelectorImpl.java:101)
        at org.apache.hadoop.ipc.Server$Listener$Reader.doRunLoop(Server.java:1296)
        at org.apache.hadoop.ipc.Server$Listener$Reader.run(Server.java:1275)
"qtp665541217-4956" daemon prio=5 tid=4956 timed_waiting
java.lang.Thread.State: TIMED_WAITING
        at sun.misc.Unsafe.park(Native Method)
        at java.util.concurrent.locks.LockSupport.parkNanos(LockSupport.java:215)
        at java.util.concurrent.locks.AbstractQueuedSynchronizer$ConditionObject.awaitNanos(AbstractQueuedSynchronizer.java:2078)
        at org.eclipse.jetty.util.BlockingArrayQueue.poll(BlockingArrayQueue.java:382)
        at org.eclipse.jetty.util.thread.QueuedThreadPool$Runner.idleJobPoll(QueuedThreadPool.java:974)
        at org.eclipse.jetty.util.thread.QueuedThreadPool$Runner.run(QueuedThreadPool.java:1018)
        at java.lang.Thread.run(Thread.java:750)
"IPC Server handler 11 on default port 42971" daemon prio=5 tid=6842 timed_waiting
java.lang.Thread.State: TIMED_WAITING
        at sun.misc.Unsafe.park(Native Method)
        at java.util.concurrent.locks.LockSupport.parkNanos(LockSupport.java:215)
        at java.util.concurrent.locks.AbstractQueuedSynchronizer$ConditionObject.awaitNanos(AbstractQueuedSynchronizer.java:2078)
        at java.util.concurrent.LinkedBlockingQueue.poll(LinkedBlockingQueue.java:467)
        at org.apache.hadoop.ipc.CallQueueManager.take(CallQueueManager.java:317)
        at org.apache.hadoop.ipc.Server$Handler.run(Server.java:2942)
"IPC Server handler 7 on default port 36781" daemon prio=5 tid=4622 timed_waiting
java.lang.Thread.State: TIMED_WAITING
        at sun.misc.Unsafe.park(Native Method)
        at java.util.concurrent.locks.LockSupport.parkNanos(LockSupport.java:215)
        at java.util.concurrent.locks.AbstractQueuedSynchronizer$ConditionObject.awaitNanos(AbstractQueuedSynchronizer.java:2078)
        at java.util.concurrent.LinkedBlockingQueue.poll(LinkedBlockingQueue.java:467)
        at org.apache.hadoop.ipc.CallQueueManager.take(CallQueueManager.java:317)
        at org.apache.hadoop.ipc.Server$Handler.run(Server.java:2942)
"qtp539481455-6856" daemon prio=5 tid=6856 timed_waiting
java.lang.Thread.State: TIMED_WAITING
        at sun.misc.Unsafe.park(Native Method)
        at java.util.concurrent.locks.LockSupport.parkNanos(LockSupport.java:215)
        at java.util.concurrent.locks.AbstractQueuedSynchronizer$ConditionObject.awaitNanos(AbstractQueuedSynchronizer.java:2078)
        at org.eclipse.jetty.util.BlockingArrayQueue.poll(BlockingArrayQueue.java:382)
        at org.eclipse.jetty.util.thread.QueuedThreadPool$Runner.idleJobPoll(QueuedThreadPool.java:974)
        at org.eclipse.jetty.util.thread.QueuedThreadPool$Runner.run(QueuedThreadPool.java:1018)
        at java.lang.Thread.run(Thread.java:750)
"IPC Server listener on 0" daemon prio=5 tid=4549 runnable
java.lang.Thread.State: RUNNABLE
        at sun.nio.ch.EPollArrayWrapper.epollWait(Native Method)
        at sun.nio.ch.EPollArrayWrapper.poll(EPollArrayWrapper.java:269)
        at sun.nio.ch.EPollSelectorImpl.doSelect(EPollSelectorImpl.java:93)
        at sun.nio.ch.SelectorImpl.lockAndDoSelect(SelectorImpl.java:86)
        at sun.nio.ch.SelectorImpl.select(SelectorImpl.java:97)
        at sun.nio.ch.SelectorImpl.select(SelectorImpl.java:101)
        at org.apache.hadoop.ipc.Server$Listener.run(Server.java:1358)
"pool-2705-thread-1"  prio=5 tid=5438 in Object.wait()
java.lang.Thread.State: WAITING (on object monitor)
        at sun.misc.Unsafe.park(Native Method)
        at java.util.concurrent.locks.LockSupport.park(LockSupport.java:175)
        at java.util.concurrent.locks.AbstractQueuedSynchronizer$ConditionObject.await(AbstractQueuedSynchronizer.java:2039)
        at java.util.concurrent.LinkedBlockingQueue.take(LinkedBlockingQueue.java:442)
        at java.util.concurrent.ThreadPoolExecutor.getTask(ThreadPoolExecutor.java:1074)
        at java.util.concurrent.ThreadPoolExecutor.runWorker(ThreadPoolExecutor.java:1134)
        at java.util.concurrent.ThreadPoolExecutor$Worker.run(ThreadPoolExecutor.java:624)
        at java.lang.Thread.run(Thread.java:750)
"IPC Server handler 3 on default port 40471" daemon prio=5 tid=6794 timed_waiting
java.lang.Thread.State: TIMED_WAITING
        at sun.misc.Unsafe.park(Native Method)
        at java.util.concurrent.locks.LockSupport.parkNanos(LockSupport.java:215)
        at java.util.concurrent.locks.AbstractQueuedSynchronizer$ConditionObject.awaitNanos(AbstractQueuedSynchronizer.java:2078)
        at java.util.concurrent.LinkedBlockingQueue.poll(LinkedBlockingQueue.java:467)
        at org.apache.hadoop.ipc.CallQueueManager.take(CallQueueManager.java:317)
        at org.apache.hadoop.ipc.Server$Handler.run(Server.java:2942)
"org.apache.hadoop.ozone.container.common.statemachine.commandhandler.DeleteBlocksCommandHandler$DeleteCmdWorker@76341b8" daemon prio=5 tid=4069 timed_waiting
java.lang.Thread.State: TIMED_WAITING
        at java.lang.Thread.sleep(Native Method)
        at org.apache.hadoop.ozone.container.common.statemachine.commandhandler.DeleteBlocksCommandHandler$DeleteCmdWorker.run(DeleteBlocksCommandHandler.java:183)
        at java.lang.Thread.run(Thread.java:750)
"pool-3610-thread-1"  prio=5 tid=6087 timed_waiting
java.lang.Thread.State: TIMED_WAITING
        at sun.misc.Unsafe.park(Native Method)
        at java.util.concurrent.locks.LockSupport.parkNanos(LockSupport.java:215)
        at java.util.concurrent.locks.AbstractQueuedSynchronizer$ConditionObject.awaitNanos(AbstractQueuedSynchronizer.java:2078)
        at java.util.concurrent.ScheduledThreadPoolExecutor$DelayedWorkQueue.take(ScheduledThreadPoolExecutor.java:1093)
        at java.util.concurrent.ScheduledThreadPoolExecutor$DelayedWorkQueue.take(ScheduledThreadPoolExecutor.java:809)
        at java.util.concurrent.ThreadPoolExecutor.getTask(ThreadPoolExecutor.java:1074)
        at java.util.concurrent.ThreadPoolExecutor.runWorker(ThreadPoolExecutor.java:1134)
        at java.util.concurrent.ThreadPoolExecutor$Worker.run(ThreadPoolExecutor.java:624)
        at java.lang.Thread.run(Thread.java:750)
"IPC Server handler 5 on default port 35375" daemon prio=5 tid=4881 timed_waiting
java.lang.Thread.State: TIMED_WAITING
        at sun.misc.Unsafe.park(Native Method)
        at java.util.concurrent.locks.LockSupport.parkNanos(LockSupport.java:215)
        at java.util.concurrent.locks.AbstractQueuedSynchronizer$ConditionObject.awaitNanos(AbstractQueuedSynchronizer.java:2078)
        at java.util.concurrent.LinkedBlockingQueue.poll(LinkedBlockingQueue.java:467)
        at org.apache.hadoop.ipc.CallQueueManager.take(CallQueueManager.java:317)
        at org.apache.hadoop.ipc.Server$Handler.run(Server.java:2942)
"Command processor thread" daemon prio=5 tid=4055 timed_waiting
java.lang.Thread.State: TIMED_WAITING
        at java.lang.Thread.sleep(Native Method)
        at org.apache.hadoop.ozone.container.common.statemachine.DatanodeStateMachine.lambda$initCommandHandlerThread$3(DatanodeStateMachine.java:628)
        at org.apache.hadoop.ozone.container.common.statemachine.DatanodeStateMachine$$Lambda$763/1762238644.run(Unknown Source)
        at java.lang.Thread.run(Thread.java:750)
"BlockDeletingService#1" daemon prio=5 tid=6411 in Object.wait()
java.lang.Thread.State: WAITING (on object monitor)
        at sun.misc.Unsafe.park(Native Method)
        at java.util.concurrent.locks.LockSupport.park(LockSupport.java:175)
        at java.util.concurrent.locks.AbstractQueuedSynchronizer$ConditionObject.await(AbstractQueuedSynchronizer.java:2039)
        at java.util.concurrent.ScheduledThreadPoolExecutor$DelayedWorkQueue.take(ScheduledThreadPoolExecutor.java:1088)
        at java.util.concurrent.ScheduledThreadPoolExecutor$DelayedWorkQueue.take(ScheduledThreadPoolExecutor.java:809)
        at java.util.concurrent.ThreadPoolExecutor.getTask(ThreadPoolExecutor.java:1074)
        at java.util.concurrent.ThreadPoolExecutor.runWorker(ThreadPoolExecutor.java:1134)
        at java.util.concurrent.ThreadPoolExecutor$Worker.run(ThreadPoolExecutor.java:624)
        at java.lang.Thread.run(Thread.java:750)
"org.apache.ratis.util.JvmPauseMonitor$$Lambda$718/783493338@6e50bc8b" daemon prio=5 tid=4116 timed_waiting
java.lang.Thread.State: TIMED_WAITING
        at java.lang.Thread.sleep(Native Method)
        at java.lang.Thread.sleep(Thread.java:342)
        at java.util.concurrent.TimeUnit.sleep(TimeUnit.java:386)
        at org.apache.ratis.util.TimeDuration.sleep(TimeDuration.java:325)
        at org.apache.ratis.util.TimeDuration.sleep(TimeDuration.java:310)
        at org.apache.ratis.util.JvmPauseMonitor.detectPause(JvmPauseMonitor.java:117)
        at org.apache.ratis.util.JvmPauseMonitor.run(JvmPauseMonitor.java:106)
        at org.apache.ratis.util.JvmPauseMonitor$$Lambda$718/783493338.run(Unknown Source)
        at java.lang.Thread.run(Thread.java:750)
"FullTableCache Cleanup Thread - 0" daemon prio=5 tid=652 in Object.wait()
java.lang.Thread.State: WAITING (on object monitor)
        at sun.misc.Unsafe.park(Native Method)
        at java.util.concurrent.locks.LockSupport.park(LockSupport.java:175)
        at java.util.concurrent.locks.AbstractQueuedSynchronizer$ConditionObject.await(AbstractQueuedSynchronizer.java:2039)
        at java.util.concurrent.LinkedBlockingQueue.take(LinkedBlockingQueue.java:442)
        at java.util.concurrent.ThreadPoolExecutor.getTask(ThreadPoolExecutor.java:1074)
        at java.util.concurrent.ThreadPoolExecutor.runWorker(ThreadPoolExecutor.java:1134)
        at java.util.concurrent.ThreadPoolExecutor$Worker.run(ThreadPoolExecutor.java:624)
        at java.lang.Thread.run(Thread.java:750)
"7c212dc6-cebf-495f-bd67-bd25421d8adf@group-265FEEA93700-LeaderStateImpl" daemon prio=5 tid=5551 timed_waiting
java.lang.Thread.State: TIMED_WAITING
        at sun.misc.Unsafe.park(Native Method)
        at java.util.concurrent.locks.LockSupport.parkNanos(LockSupport.java:215)
        at java.util.concurrent.locks.AbstractQueuedSynchronizer$ConditionObject.awaitNanos(AbstractQueuedSynchronizer.java:2078)
        at java.util.concurrent.ArrayBlockingQueue.poll(ArrayBlockingQueue.java:418)
        at org.apache.ratis.server.impl.LeaderStateImpl$EventQueue.poll(LeaderStateImpl.java:159)
        at org.apache.ratis.server.impl.LeaderStateImpl$EventProcessor.run(LeaderStateImpl.java:630)
"4d4feef0-6754-49f5-8e19-57d58c5c04b3@group-724FDAAFD1CA-StateMachineUpdater" daemon prio=5 tid=5441 timed_waiting
java.lang.Thread.State: TIMED_WAITING
        at sun.misc.Unsafe.park(Native Method)
        at java.util.concurrent.locks.LockSupport.parkNanos(LockSupport.java:215)
        at java.util.concurrent.CompletableFuture$Signaller.block(CompletableFuture.java:1709)
        at java.util.concurrent.ForkJoinPool.managedBlock(ForkJoinPool.java:3323)
        at java.util.concurrent.CompletableFuture.timedGet(CompletableFuture.java:1788)
        at java.util.concurrent.CompletableFuture.get(CompletableFuture.java:1928)
        at org.apache.ratis.util.AwaitForSignal.await(AwaitForSignal.java:56)
        at org.apache.ratis.server.impl.StateMachineUpdater.waitForCommit(StateMachineUpdater.java:207)
        at org.apache.ratis.server.impl.StateMachineUpdater.run(StateMachineUpdater.java:176)
        at java.lang.Thread.run(Thread.java:750)
"Datanode ReportManager Thread - 4" daemon prio=5 tid=5297 timed_waiting
java.lang.Thread.State: TIMED_WAITING
        at sun.misc.Unsafe.park(Native Method)
        at java.util.concurrent.locks.LockSupport.parkNanos(LockSupport.java:215)
        at java.util.concurrent.locks.AbstractQueuedSynchronizer$ConditionObject.awaitNanos(AbstractQueuedSynchronizer.java:2078)
        at java.util.concurrent.ScheduledThreadPoolExecutor$DelayedWorkQueue.take(ScheduledThreadPoolExecutor.java:1093)
        at java.util.concurrent.ScheduledThreadPoolExecutor$DelayedWorkQueue.take(ScheduledThreadPoolExecutor.java:809)
        at java.util.concurrent.ThreadPoolExecutor.getTask(ThreadPoolExecutor.java:1074)
        at java.util.concurrent.ThreadPoolExecutor.runWorker(ThreadPoolExecutor.java:1134)
        at java.util.concurrent.ThreadPoolExecutor$Worker.run(ThreadPoolExecutor.java:624)
        at java.lang.Thread.run(Thread.java:750)
"Datanode State Machine Daemon Thread" daemon prio=5 tid=5184 timed_waiting
java.lang.Thread.State: TIMED_WAITING
        at java.lang.Thread.sleep(Native Method)
        at org.apache.hadoop.ozone.container.common.statemachine.DatanodeStateMachine.startStateMachineThread(DatanodeStateMachine.java:313)
        at org.apache.hadoop.ozone.container.common.statemachine.DatanodeStateMachine.lambda$startDaemon$0(DatanodeStateMachine.java:493)
        at org.apache.hadoop.ozone.container.common.statemachine.DatanodeStateMachine$$Lambda$761/216690043.run(Unknown Source)
        at java.lang.Thread.run(Thread.java:750)
"IPC Server handler 15 on default port 43303" daemon prio=5 tid=6826 timed_waiting
java.lang.Thread.State: TIMED_WAITING
        at sun.misc.Unsafe.park(Native Method)
        at java.util.concurrent.locks.LockSupport.parkNanos(LockSupport.java:215)
        at java.util.concurrent.locks.AbstractQueuedSynchronizer$ConditionObject.awaitNanos(AbstractQueuedSynchronizer.java:2078)
        at java.util.concurrent.LinkedBlockingQueue.poll(LinkedBlockingQueue.java:467)
        at org.apache.hadoop.ipc.CallQueueManager.take(CallQueueManager.java:317)
        at org.apache.hadoop.ipc.Server$Handler.run(Server.java:2942)
"ContainerOp-1a3410dc-4fd6-4954-94c6-9015fb128463-9"  prio=5 tid=6215 in Object.wait()
java.lang.Thread.State: WAITING (on object monitor)
        at sun.misc.Unsafe.park(Native Method)
        at java.util.concurrent.locks.LockSupport.park(LockSupport.java:175)
        at java.util.concurrent.locks.AbstractQueuedSynchronizer$ConditionObject.await(AbstractQueuedSynchronizer.java:2039)
        at java.util.concurrent.LinkedBlockingQueue.take(LinkedBlockingQueue.java:442)
        at java.util.concurrent.ThreadPoolExecutor.getTask(ThreadPoolExecutor.java:1074)
        at java.util.concurrent.ThreadPoolExecutor.runWorker(ThreadPoolExecutor.java:1134)
        at java.util.concurrent.ThreadPoolExecutor$Worker.run(ThreadPoolExecutor.java:624)
        at java.lang.Thread.run(Thread.java:750)
"IPC Server handler 5 on default port 35679" daemon prio=5 tid=5867 timed_waiting
java.lang.Thread.State: TIMED_WAITING
        at sun.misc.Unsafe.park(Native Method)
        at java.util.concurrent.locks.LockSupport.parkNanos(LockSupport.java:215)
        at java.util.concurrent.locks.AbstractQueuedSynchronizer$ConditionObject.awaitNanos(AbstractQueuedSynchronizer.java:2078)
        at java.util.concurrent.LinkedBlockingQueue.poll(LinkedBlockingQueue.java:467)
        at org.apache.hadoop.ipc.CallQueueManager.take(CallQueueManager.java:317)
        at org.apache.hadoop.ipc.Server$Handler.run(Server.java:2942)
"IPC Server handler 10 on default port 35679" daemon prio=5 tid=5872 timed_waiting
java.lang.Thread.State: TIMED_WAITING
        at sun.misc.Unsafe.park(Native Method)
        at java.util.concurrent.locks.LockSupport.parkNanos(LockSupport.java:215)
        at java.util.concurrent.locks.AbstractQueuedSynchronizer$ConditionObject.awaitNanos(AbstractQueuedSynchronizer.java:2078)
        at java.util.concurrent.LinkedBlockingQueue.poll(LinkedBlockingQueue.java:467)
        at org.apache.hadoop.ipc.CallQueueManager.take(CallQueueManager.java:317)
        at org.apache.hadoop.ipc.Server$Handler.run(Server.java:2942)
"ChunkReader-ELG-0" daemon prio=5 tid=5411 runnable
java.lang.Thread.State: RUNNABLE
        at org.apache.ratis.thirdparty.io.netty.channel.epoll.Native.epollWait(Native Method)
        at org.apache.ratis.thirdparty.io.netty.channel.epoll.Native.epollWait(Native.java:193)
        at org.apache.ratis.thirdparty.io.netty.channel.epoll.Native.epollWait(Native.java:186)
        at org.apache.ratis.thirdparty.io.netty.channel.epoll.EpollEventLoop.epollWaitNoTimerChange(EpollEventLoop.java:290)
        at org.apache.ratis.thirdparty.io.netty.channel.epoll.EpollEventLoop.run(EpollEventLoop.java:347)
        at org.apache.ratis.thirdparty.io.netty.util.concurrent.SingleThreadEventExecutor$4.run(SingleThreadEventExecutor.java:986)
        at org.apache.ratis.thirdparty.io.netty.util.internal.ThreadExecutorMap$2.run(ThreadExecutorMap.java:74)
        at java.lang.Thread.run(Thread.java:750)
"7fbbdba2-60d2-4bcb-9af9-465dc1fc8d8a@group-7AA464F9E5E4-SegmentedRaftLogWorker"  prio=5 tid=6669 timed_waiting
java.lang.Thread.State: TIMED_WAITING
        at sun.misc.Unsafe.park(Native Method)
        at java.util.concurrent.locks.LockSupport.parkNanos(LockSupport.java:215)
        at java.util.concurrent.locks.AbstractQueuedSynchronizer$ConditionObject.awaitNanos(AbstractQueuedSynchronizer.java:2078)
        at org.apache.ratis.util.DataBlockingQueue.poll(DataBlockingQueue.java:148)
        at org.apache.ratis.server.raftlog.segmented.SegmentedRaftLogWorker.run(SegmentedRaftLogWorker.java:301)
        at org.apache.ratis.server.raftlog.segmented.SegmentedRaftLogWorker$$Lambda$646/1639153477.run(Unknown Source)
        at java.lang.Thread.run(Thread.java:750)
"BlockDeletingService#0" daemon prio=5 tid=6490 timed_waiting
java.lang.Thread.State: TIMED_WAITING
        at sun.misc.Unsafe.park(Native Method)
        at java.util.concurrent.locks.LockSupport.parkNanos(LockSupport.java:215)
        at java.util.concurrent.locks.AbstractQueuedSynchronizer$ConditionObject.awaitNanos(AbstractQueuedSynchronizer.java:2078)
        at java.util.concurrent.ScheduledThreadPoolExecutor$DelayedWorkQueue.take(ScheduledThreadPoolExecutor.java:1093)
        at java.util.concurrent.ScheduledThreadPoolExecutor$DelayedWorkQueue.take(ScheduledThreadPoolExecutor.java:809)
        at java.util.concurrent.ThreadPoolExecutor.getTask(ThreadPoolExecutor.java:1074)
        at java.util.concurrent.ThreadPoolExecutor.runWorker(ThreadPoolExecutor.java:1134)
        at java.util.concurrent.ThreadPoolExecutor$Worker.run(ThreadPoolExecutor.java:624)
        at java.lang.Thread.run(Thread.java:750)
"IPC Server handler 16 on default port 40173" daemon prio=5 tid=6124 timed_waiting
java.lang.Thread.State: TIMED_WAITING
        at sun.misc.Unsafe.park(Native Method)
        at java.util.concurrent.locks.LockSupport.parkNanos(LockSupport.java:215)
        at java.util.concurrent.locks.AbstractQueuedSynchronizer$ConditionObject.awaitNanos(AbstractQueuedSynchronizer.java:2078)
        at java.util.concurrent.LinkedBlockingQueue.poll(LinkedBlockingQueue.java:467)
        at org.apache.hadoop.ipc.CallQueueManager.take(CallQueueManager.java:317)
        at org.apache.hadoop.ipc.Server$Handler.run(Server.java:2942)
"EventQueue-DatanodeCommandForSCMNodeManager"  prio=5 tid=5371 in Object.wait()
java.lang.Thread.State: WAITING (on object monitor)
        at sun.misc.Unsafe.park(Native Method)
        at java.util.concurrent.locks.LockSupport.park(LockSupport.java:175)
        at java.util.concurrent.locks.AbstractQueuedSynchronizer$ConditionObject.await(AbstractQueuedSynchronizer.java:2039)
        at java.util.concurrent.LinkedBlockingQueue.take(LinkedBlockingQueue.java:442)
        at java.util.concurrent.ThreadPoolExecutor.getTask(ThreadPoolExecutor.java:1074)
        at java.util.concurrent.ThreadPoolExecutor.runWorker(ThreadPoolExecutor.java:1134)
        at java.util.concurrent.ThreadPoolExecutor$Worker.run(ThreadPoolExecutor.java:624)
        at java.lang.Thread.run(Thread.java:750)
"IPC Server handler 19 on default port 35863" daemon prio=5 tid=5901 timed_waiting
java.lang.Thread.State: TIMED_WAITING
        at sun.misc.Unsafe.park(Native Method)
        at java.util.concurrent.locks.LockSupport.parkNanos(LockSupport.java:215)
        at java.util.concurrent.locks.AbstractQueuedSynchronizer$ConditionObject.awaitNanos(AbstractQueuedSynchronizer.java:2078)
        at java.util.concurrent.LinkedBlockingQueue.poll(LinkedBlockingQueue.java:467)
        at org.apache.hadoop.ipc.CallQueueManager.take(CallQueueManager.java:317)
        at org.apache.hadoop.ipc.Server$Handler.run(Server.java:2942)
"IPC Server handler 2 on default port 35421" daemon prio=5 tid=4577 timed_waiting
java.lang.Thread.State: TIMED_WAITING
        at sun.misc.Unsafe.park(Native Method)
        at java.util.concurrent.locks.LockSupport.parkNanos(LockSupport.java:215)
        at java.util.concurrent.locks.AbstractQueuedSynchronizer$ConditionObject.awaitNanos(AbstractQueuedSynchronizer.java:2078)
        at java.util.concurrent.LinkedBlockingQueue.poll(LinkedBlockingQueue.java:467)
        at org.apache.hadoop.ipc.CallQueueManager.take(CallQueueManager.java:317)
        at org.apache.hadoop.ipc.Server$Handler.run(Server.java:2942)
"ChunkWriter-3-0" daemon prio=5 tid=6487 in Object.wait()
java.lang.Thread.State: WAITING (on object monitor)
        at sun.misc.Unsafe.park(Native Method)
        at java.util.concurrent.locks.LockSupport.park(LockSupport.java:175)
        at java.util.concurrent.locks.AbstractQueuedSynchronizer$ConditionObject.await(AbstractQueuedSynchronizer.java:2039)
        at java.util.concurrent.LinkedBlockingDeque.takeFirst(LinkedBlockingDeque.java:492)
        at java.util.concurrent.LinkedBlockingDeque.take(LinkedBlockingDeque.java:680)
        at java.util.concurrent.ThreadPoolExecutor.getTask(ThreadPoolExecutor.java:1074)
        at java.util.concurrent.ThreadPoolExecutor.runWorker(ThreadPoolExecutor.java:1134)
        at java.util.concurrent.ThreadPoolExecutor$Worker.run(ThreadPoolExecutor.java:624)
        at java.lang.Thread.run(Thread.java:750)
"FullTableCache Cleanup Thread - 0" daemon prio=5 tid=2195 in Object.wait()
java.lang.Thread.State: WAITING (on object monitor)
        at sun.misc.Unsafe.park(Native Method)
        at java.util.concurrent.locks.LockSupport.park(LockSupport.java:175)
        at java.util.concurrent.locks.AbstractQueuedSynchronizer$ConditionObject.await(AbstractQueuedSynchronizer.java:2039)
        at java.util.concurrent.LinkedBlockingQueue.take(LinkedBlockingQueue.java:442)
        at java.util.concurrent.ThreadPoolExecutor.getTask(ThreadPoolExecutor.java:1074)
        at java.util.concurrent.ThreadPoolExecutor.runWorker(ThreadPoolExecutor.java:1134)
        at java.util.concurrent.ThreadPoolExecutor$Worker.run(ThreadPoolExecutor.java:624)
        at java.lang.Thread.run(Thread.java:750)
"Command processor thread" daemon prio=5 tid=6332 timed_waiting
java.lang.Thread.State: TIMED_WAITING
        at java.lang.Thread.sleep(Native Method)
        at org.apache.hadoop.ozone.container.common.statemachine.DatanodeStateMachine.lambda$initCommandHandlerThread$3(DatanodeStateMachine.java:628)
        at org.apache.hadoop.ozone.container.common.statemachine.DatanodeStateMachine$$Lambda$763/1762238644.run(Unknown Source)
        at java.lang.Thread.run(Thread.java:750)
"ChunkWriter-2-0" daemon prio=5 tid=5359 in Object.wait()
java.lang.Thread.State: WAITING (on object monitor)
        at sun.misc.Unsafe.park(Native Method)
        at java.util.concurrent.locks.LockSupport.park(LockSupport.java:175)
        at java.util.concurrent.locks.AbstractQueuedSynchronizer$ConditionObject.await(AbstractQueuedSynchronizer.java:2039)
        at java.util.concurrent.LinkedBlockingDeque.takeFirst(LinkedBlockingDeque.java:492)
        at java.util.concurrent.LinkedBlockingDeque.take(LinkedBlockingDeque.java:680)
        at java.util.concurrent.ThreadPoolExecutor.getTask(ThreadPoolExecutor.java:1074)
        at java.util.concurrent.ThreadPoolExecutor.runWorker(ThreadPoolExecutor.java:1134)
        at java.util.concurrent.ThreadPoolExecutor$Worker.run(ThreadPoolExecutor.java:624)
        at java.lang.Thread.run(Thread.java:750)
"FullTableCache Cleanup Thread - 0" daemon prio=5 tid=3469 in Object.wait()
java.lang.Thread.State: WAITING (on object monitor)
        at sun.misc.Unsafe.park(Native Method)
        at java.util.concurrent.locks.LockSupport.park(LockSupport.java:175)
        at java.util.concurrent.locks.AbstractQueuedSynchronizer$ConditionObject.await(AbstractQueuedSynchronizer.java:2039)
        at java.util.concurrent.LinkedBlockingQueue.take(LinkedBlockingQueue.java:442)
        at java.util.concurrent.ThreadPoolExecutor.getTask(ThreadPoolExecutor.java:1074)
        at java.util.concurrent.ThreadPoolExecutor.runWorker(ThreadPoolExecutor.java:1134)
        at java.util.concurrent.ThreadPoolExecutor$Worker.run(ThreadPoolExecutor.java:624)
        at java.lang.Thread.run(Thread.java:750)
"Datanode ReportManager Thread - 1" daemon prio=5 tid=6356 timed_waiting
java.lang.Thread.State: TIMED_WAITING
        at sun.misc.Unsafe.park(Native Method)
        at java.util.concurrent.locks.LockSupport.parkNanos(LockSupport.java:215)
        at java.util.concurrent.locks.AbstractQueuedSynchronizer$ConditionObject.awaitNanos(AbstractQueuedSynchronizer.java:2078)
        at java.util.concurrent.ScheduledThreadPoolExecutor$DelayedWorkQueue.take(ScheduledThreadPoolExecutor.java:1093)
        at java.util.concurrent.ScheduledThreadPoolExecutor$DelayedWorkQueue.take(ScheduledThreadPoolExecutor.java:809)
        at java.util.concurrent.ThreadPoolExecutor.getTask(ThreadPoolExecutor.java:1074)
        at java.util.concurrent.ThreadPoolExecutor.runWorker(ThreadPoolExecutor.java:1134)
        at java.util.concurrent.ThreadPoolExecutor$Worker.run(ThreadPoolExecutor.java:624)
        at java.lang.Thread.run(Thread.java:750)
"ContainerOp-1a3410dc-4fd6-4954-94c6-9015fb128463-5"  prio=5 tid=6055 in Object.wait()
java.lang.Thread.State: WAITING (on object monitor)
        at sun.misc.Unsafe.park(Native Method)
        at java.util.concurrent.locks.LockSupport.park(LockSupport.java:175)
        at java.util.concurrent.locks.AbstractQueuedSynchronizer$ConditionObject.await(AbstractQueuedSynchronizer.java:2039)
        at java.util.concurrent.LinkedBlockingQueue.take(LinkedBlockingQueue.java:442)
        at java.util.concurrent.ThreadPoolExecutor.getTask(ThreadPoolExecutor.java:1074)
        at java.util.concurrent.ThreadPoolExecutor.runWorker(ThreadPoolExecutor.java:1134)
        at java.util.concurrent.ThreadPoolExecutor$Worker.run(ThreadPoolExecutor.java:624)
        at java.lang.Thread.run(Thread.java:750)
"PartialTableCache Cleanup Thread - 0" daemon prio=5 tid=2198 in Object.wait()
java.lang.Thread.State: WAITING (on object monitor)
        at sun.misc.Unsafe.park(Native Method)
        at java.util.concurrent.locks.LockSupport.park(LockSupport.java:175)
        at java.util.concurrent.locks.AbstractQueuedSynchronizer$ConditionObject.await(AbstractQueuedSynchronizer.java:2039)
        at java.util.concurrent.LinkedBlockingQueue.take(LinkedBlockingQueue.java:442)
        at java.util.concurrent.ThreadPoolExecutor.getTask(ThreadPoolExecutor.java:1074)
        at java.util.concurrent.ThreadPoolExecutor.runWorker(ThreadPoolExecutor.java:1134)
        at java.util.concurrent.ThreadPoolExecutor$Worker.run(ThreadPoolExecutor.java:624)
        at java.lang.Thread.run(Thread.java:750)
"qtp1325558990-5909" daemon prio=5 tid=5909 timed_waiting
java.lang.Thread.State: TIMED_WAITING
        at sun.misc.Unsafe.park(Native Method)
        at java.util.concurrent.locks.LockSupport.parkNanos(LockSupport.java:215)
        at java.util.concurrent.locks.AbstractQueuedSynchronizer$ConditionObject.awaitNanos(AbstractQueuedSynchronizer.java:2078)
        at org.eclipse.jetty.util.BlockingArrayQueue.poll(BlockingArrayQueue.java:382)
        at org.eclipse.jetty.util.thread.QueuedThreadPool$Runner.idleJobPoll(QueuedThreadPool.java:974)
        at org.eclipse.jetty.util.thread.QueuedThreadPool$Runner.run(QueuedThreadPool.java:1018)
        at java.lang.Thread.run(Thread.java:750)
"org.apache.ratis.util.JvmPauseMonitor$$Lambda$718/783493338@3d98dedb" daemon prio=5 tid=4850 timed_waiting
java.lang.Thread.State: TIMED_WAITING
        at java.lang.Thread.sleep(Native Method)
        at java.lang.Thread.sleep(Thread.java:342)
        at java.util.concurrent.TimeUnit.sleep(TimeUnit.java:386)
        at org.apache.ratis.util.TimeDuration.sleep(TimeDuration.java:325)
        at org.apache.ratis.util.TimeDuration.sleep(TimeDuration.java:310)
        at org.apache.ratis.util.JvmPauseMonitor.detectPause(JvmPauseMonitor.java:117)
        at org.apache.ratis.util.JvmPauseMonitor.run(JvmPauseMonitor.java:106)
        at org.apache.ratis.util.JvmPauseMonitor$$Lambda$718/783493338.run(Unknown Source)
        at java.lang.Thread.run(Thread.java:750)
"Datanode State Machine Task Thread - 0"  prio=5 tid=4089 in Object.wait()
java.lang.Thread.State: WAITING (on object monitor)
        at sun.misc.Unsafe.park(Native Method)
        at java.util.concurrent.locks.LockSupport.park(LockSupport.java:175)
        at java.util.concurrent.locks.AbstractQueuedSynchronizer$ConditionObject.await(AbstractQueuedSynchronizer.java:2039)
        at java.util.concurrent.LinkedBlockingQueue.take(LinkedBlockingQueue.java:442)
        at java.util.concurrent.ThreadPoolExecutor.getTask(ThreadPoolExecutor.java:1074)
        at java.util.concurrent.ThreadPoolExecutor.runWorker(ThreadPoolExecutor.java:1134)
        at java.util.concurrent.ThreadPoolExecutor$Worker.run(ThreadPoolExecutor.java:624)
        at java.lang.Thread.run(Thread.java:750)
"IPC Server handler 13 on default port 43303" daemon prio=5 tid=6824 timed_waiting
java.lang.Thread.State: TIMED_WAITING
        at sun.misc.Unsafe.park(Native Method)
        at java.util.concurrent.locks.LockSupport.parkNanos(LockSupport.java:215)
        at java.util.concurrent.locks.AbstractQueuedSynchronizer$ConditionObject.awaitNanos(AbstractQueuedSynchronizer.java:2078)
        at java.util.concurrent.LinkedBlockingQueue.poll(LinkedBlockingQueue.java:467)
        at org.apache.hadoop.ipc.CallQueueManager.take(CallQueueManager.java:317)
        at org.apache.hadoop.ipc.Server$Handler.run(Server.java:2942)
"Datanode ReportManager Thread - 0" daemon prio=5 tid=5109 in Object.wait()
java.lang.Thread.State: WAITING (on object monitor)
        at sun.misc.Unsafe.park(Native Method)
        at java.util.concurrent.locks.LockSupport.park(LockSupport.java:175)
        at java.util.concurrent.locks.AbstractQueuedSynchronizer$ConditionObject.await(AbstractQueuedSynchronizer.java:2039)
        at java.util.concurrent.ScheduledThreadPoolExecutor$DelayedWorkQueue.take(ScheduledThreadPoolExecutor.java:1088)
        at java.util.concurrent.ScheduledThreadPoolExecutor$DelayedWorkQueue.take(ScheduledThreadPoolExecutor.java:809)
        at java.util.concurrent.ThreadPoolExecutor.getTask(ThreadPoolExecutor.java:1074)
        at java.util.concurrent.ThreadPoolExecutor.runWorker(ThreadPoolExecutor.java:1134)
        at java.util.concurrent.ThreadPoolExecutor$Worker.run(ThreadPoolExecutor.java:624)
        at java.lang.Thread.run(Thread.java:750)
"IPC Server handler 4 on default port 43819" daemon prio=5 tid=5846 timed_waiting
java.lang.Thread.State: TIMED_WAITING
        at sun.misc.Unsafe.park(Native Method)
        at java.util.concurrent.locks.LockSupport.parkNanos(LockSupport.java:215)
        at java.util.concurrent.locks.AbstractQueuedSynchronizer$ConditionObject.awaitNanos(AbstractQueuedSynchronizer.java:2078)
        at java.util.concurrent.LinkedBlockingQueue.poll(LinkedBlockingQueue.java:467)
        at org.apache.hadoop.ipc.CallQueueManager.take(CallQueueManager.java:317)
        at org.apache.hadoop.ipc.Server$Handler.run(Server.java:2942)
"Datanode State Machine Task Thread - 1"  prio=5 tid=5353 in Object.wait()
java.lang.Thread.State: WAITING (on object monitor)
        at sun.misc.Unsafe.park(Native Method)
        at java.util.concurrent.locks.LockSupport.park(LockSupport.java:175)
        at java.util.concurrent.locks.AbstractQueuedSynchronizer$ConditionObject.await(AbstractQueuedSynchronizer.java:2039)
        at java.util.concurrent.LinkedBlockingQueue.take(LinkedBlockingQueue.java:442)
        at java.util.concurrent.ThreadPoolExecutor.getTask(ThreadPoolExecutor.java:1074)
        at java.util.concurrent.ThreadPoolExecutor.runWorker(ThreadPoolExecutor.java:1134)
        at java.util.concurrent.ThreadPoolExecutor$Worker.run(ThreadPoolExecutor.java:624)
        at java.lang.Thread.run(Thread.java:750)
"qtp2029208225-5018-acceptor-0@68745806-ServerConnector@2a00c76{HTTP/1.1, (http/1.1)}{0.0.0.0:43989}" daemon prio=3 tid=5018 runnable
java.lang.Thread.State: RUNNABLE
        at sun.nio.ch.ServerSocketChannelImpl.accept0(Native Method)
        at sun.nio.ch.ServerSocketChannelImpl.accept(ServerSocketChannelImpl.java:421)
        at sun.nio.ch.ServerSocketChannelImpl.accept(ServerSocketChannelImpl.java:249)
        at org.eclipse.jetty.server.ServerConnector.accept(ServerConnector.java:388)
        at org.eclipse.jetty.server.AbstractConnector$Acceptor.run(AbstractConnector.java:702)
        at org.eclipse.jetty.util.thread.QueuedThreadPool.runJob(QueuedThreadPool.java:883)
        at org.eclipse.jetty.util.thread.QueuedThreadPool$Runner.run(QueuedThreadPool.java:1034)
        at java.lang.Thread.run(Thread.java:750)
"IPC Server handler 11 on default port 43819" daemon prio=5 tid=5853 timed_waiting
java.lang.Thread.State: TIMED_WAITING
        at sun.misc.Unsafe.park(Native Method)
        at java.util.concurrent.locks.LockSupport.parkNanos(LockSupport.java:215)
        at java.util.concurrent.locks.AbstractQueuedSynchronizer$ConditionObject.awaitNanos(AbstractQueuedSynchronizer.java:2078)
        at java.util.concurrent.LinkedBlockingQueue.poll(LinkedBlockingQueue.java:467)
        at org.apache.hadoop.ipc.CallQueueManager.take(CallQueueManager.java:317)
        at org.apache.hadoop.ipc.Server$Handler.run(Server.java:2942)
"c2eaf186-c3ec-4510-b8dc-fb04c7f742a3@group-F0CB8381BC43-LeaderStateImpl" daemon prio=5 tid=5558 timed_waiting
java.lang.Thread.State: TIMED_WAITING
        at sun.misc.Unsafe.park(Native Method)
        at java.util.concurrent.locks.LockSupport.parkNanos(LockSupport.java:215)
        at java.util.concurrent.locks.AbstractQueuedSynchronizer$ConditionObject.awaitNanos(AbstractQueuedSynchronizer.java:2078)
        at java.util.concurrent.ArrayBlockingQueue.poll(ArrayBlockingQueue.java:418)
        at org.apache.ratis.server.impl.LeaderStateImpl$EventQueue.poll(LeaderStateImpl.java:159)
        at org.apache.ratis.server.impl.LeaderStateImpl$EventProcessor.run(LeaderStateImpl.java:630)
"IPC Server idle connection scanner for port 40173" daemon prio=5 tid=6070 timed_waiting
java.lang.Thread.State: TIMED_WAITING
        at java.lang.Object.wait(Native Method)
        at java.util.TimerThread.mainLoop(Timer.java:552)
        at java.util.TimerThread.run(Timer.java:505)
"BlockDeletingService#0" daemon prio=5 tid=6450 timed_waiting
java.lang.Thread.State: TIMED_WAITING
        at sun.misc.Unsafe.park(Native Method)
        at java.util.concurrent.locks.LockSupport.parkNanos(LockSupport.java:215)
        at java.util.concurrent.locks.AbstractQueuedSynchronizer$ConditionObject.awaitNanos(AbstractQueuedSynchronizer.java:2078)
        at java.util.concurrent.ScheduledThreadPoolExecutor$DelayedWorkQueue.take(ScheduledThreadPoolExecutor.java:1093)
        at java.util.concurrent.ScheduledThreadPoolExecutor$DelayedWorkQueue.take(ScheduledThreadPoolExecutor.java:809)
        at java.util.concurrent.ThreadPoolExecutor.getTask(ThreadPoolExecutor.java:1074)
        at java.util.concurrent.ThreadPoolExecutor.runWorker(ThreadPoolExecutor.java:1134)
        at java.util.concurrent.ThreadPoolExecutor$Worker.run(ThreadPoolExecutor.java:624)
        at java.lang.Thread.run(Thread.java:750)
"qtp2029208225-5017" daemon prio=5 tid=5017 runnable
java.lang.Thread.State: RUNNABLE
        at sun.nio.ch.EPollArrayWrapper.epollWait(Native Method)
        at sun.nio.ch.EPollArrayWrapper.poll(EPollArrayWrapper.java:269)
        at sun.nio.ch.EPollSelectorImpl.doSelect(EPollSelectorImpl.java:93)
        at sun.nio.ch.SelectorImpl.lockAndDoSelect(SelectorImpl.java:86)
        at sun.nio.ch.SelectorImpl.select(SelectorImpl.java:97)
        at sun.nio.ch.SelectorImpl.select(SelectorImpl.java:101)
        at org.eclipse.jetty.io.ManagedSelector.nioSelect(ManagedSelector.java:183)
        at org.eclipse.jetty.io.ManagedSelector.select(ManagedSelector.java:190)
        at org.eclipse.jetty.io.ManagedSelector$SelectorProducer.select(ManagedSelector.java:606)
        at org.eclipse.jetty.io.ManagedSelector$SelectorProducer.produce(ManagedSelector.java:543)
        at org.eclipse.jetty.util.thread.strategy.EatWhatYouKill.produceTask(EatWhatYouKill.java:362)
        at org.eclipse.jetty.util.thread.strategy.EatWhatYouKill.doProduce(EatWhatYouKill.java:186)
        at org.eclipse.jetty.util.thread.strategy.EatWhatYouKill.tryProduce(EatWhatYouKill.java:173)
        at org.eclipse.jetty.util.thread.strategy.EatWhatYouKill.produce(EatWhatYouKill.java:137)
        at org.eclipse.jetty.io.ManagedSelector$$Lambda$478/1665851504.run(Unknown Source)
        at org.eclipse.jetty.util.thread.QueuedThreadPool.runJob(QueuedThreadPool.java:883)
        at org.eclipse.jetty.util.thread.QueuedThreadPool$Runner.run(QueuedThreadPool.java:1034)
        at java.lang.Thread.run(Thread.java:750)
"Datanode ReportManager Thread - 1" daemon prio=5 tid=3981 in Object.wait()
java.lang.Thread.State: WAITING (on object monitor)
        at sun.misc.Unsafe.park(Native Method)
        at java.util.concurrent.locks.LockSupport.park(LockSupport.java:175)
        at java.util.concurrent.locks.AbstractQueuedSynchronizer$ConditionObject.await(AbstractQueuedSynchronizer.java:2039)
        at java.util.concurrent.ScheduledThreadPoolExecutor$DelayedWorkQueue.take(ScheduledThreadPoolExecutor.java:1088)
        at java.util.concurrent.ScheduledThreadPoolExecutor$DelayedWorkQueue.take(ScheduledThreadPoolExecutor.java:809)
        at java.util.concurrent.ThreadPoolExecutor.getTask(ThreadPoolExecutor.java:1074)
        at java.util.concurrent.ThreadPoolExecutor.runWorker(ThreadPoolExecutor.java:1134)
        at java.util.concurrent.ThreadPoolExecutor$Worker.run(ThreadPoolExecutor.java:624)
        at java.lang.Thread.run(Thread.java:750)
"qtp2029208225-5019" daemon prio=5 tid=5019 timed_waiting
java.lang.Thread.State: TIMED_WAITING
        at sun.misc.Unsafe.park(Native Method)
        at java.util.concurrent.locks.LockSupport.parkNanos(LockSupport.java:215)
        at java.util.concurrent.locks.AbstractQueuedSynchronizer$ConditionObject.awaitNanos(AbstractQueuedSynchronizer.java:2078)
        at org.eclipse.jetty.util.BlockingArrayQueue.poll(BlockingArrayQueue.java:382)
        at org.eclipse.jetty.util.thread.QueuedThreadPool$Runner.idleJobPoll(QueuedThreadPool.java:974)
        at org.eclipse.jetty.util.thread.QueuedThreadPool$Runner.run(QueuedThreadPool.java:1018)
        at java.lang.Thread.run(Thread.java:750)
"qtp1307868917-5227" daemon prio=5 tid=5227 timed_waiting
java.lang.Thread.State: TIMED_WAITING
        at sun.misc.Unsafe.park(Native Method)
        at java.util.concurrent.locks.LockSupport.parkNanos(LockSupport.java:215)
        at java.util.concurrent.locks.AbstractQueuedSynchronizer$ConditionObject.awaitNanos(AbstractQueuedSynchronizer.java:2078)
        at org.eclipse.jetty.util.BlockingArrayQueue.poll(BlockingArrayQueue.java:382)
        at org.eclipse.jetty.util.thread.QueuedThreadPool$Runner.idleJobPoll(QueuedThreadPool.java:974)
        at org.eclipse.jetty.util.thread.QueuedThreadPool$Runner.run(QueuedThreadPool.java:1018)
        at java.lang.Thread.run(Thread.java:750)
"Datanode ReportManager Thread - 4" daemon prio=5 tid=4086 in Object.wait()
java.lang.Thread.State: WAITING (on object monitor)
        at sun.misc.Unsafe.park(Native Method)
        at java.util.concurrent.locks.LockSupport.park(LockSupport.java:175)
        at java.util.concurrent.locks.AbstractQueuedSynchronizer$ConditionObject.await(AbstractQueuedSynchronizer.java:2039)
        at java.util.concurrent.ScheduledThreadPoolExecutor$DelayedWorkQueue.take(ScheduledThreadPoolExecutor.java:1088)
        at java.util.concurrent.ScheduledThreadPoolExecutor$DelayedWorkQueue.take(ScheduledThreadPoolExecutor.java:809)
        at java.util.concurrent.ThreadPoolExecutor.getTask(ThreadPoolExecutor.java:1074)
        at java.util.concurrent.ThreadPoolExecutor.runWorker(ThreadPoolExecutor.java:1134)
        at java.util.concurrent.ThreadPoolExecutor$Worker.run(ThreadPoolExecutor.java:624)
        at java.lang.Thread.run(Thread.java:750)
"42bf96ef-5b29-49bf-adbe-37b520f0d1a8@group-E23640D80DD8-StateMachineUpdater" daemon prio=5 tid=5481 timed_waiting
java.lang.Thread.State: TIMED_WAITING
        at sun.misc.Unsafe.park(Native Method)
        at java.util.concurrent.locks.LockSupport.parkNanos(LockSupport.java:215)
        at java.util.concurrent.CompletableFuture$Signaller.block(CompletableFuture.java:1709)
        at java.util.concurrent.ForkJoinPool.managedBlock(ForkJoinPool.java:3323)
        at java.util.concurrent.CompletableFuture.timedGet(CompletableFuture.java:1788)
        at java.util.concurrent.CompletableFuture.get(CompletableFuture.java:1928)
        at org.apache.ratis.util.AwaitForSignal.await(AwaitForSignal.java:56)
        at org.apache.ratis.server.impl.StateMachineUpdater.waitForCommit(StateMachineUpdater.java:207)
        at org.apache.ratis.server.impl.StateMachineUpdater.run(StateMachineUpdater.java:176)
        at java.lang.Thread.run(Thread.java:750)
"SCMBlockDeletingService#0" daemon prio=5 tid=5902 timed_waiting
java.lang.Thread.State: TIMED_WAITING
        at sun.misc.Unsafe.park(Native Method)
        at java.util.concurrent.locks.LockSupport.parkNanos(LockSupport.java:215)
        at java.util.concurrent.locks.AbstractQueuedSynchronizer$ConditionObject.awaitNanos(AbstractQueuedSynchronizer.java:2078)
        at java.util.concurrent.ScheduledThreadPoolExecutor$DelayedWorkQueue.take(ScheduledThreadPoolExecutor.java:1093)
        at java.util.concurrent.ScheduledThreadPoolExecutor$DelayedWorkQueue.take(ScheduledThreadPoolExecutor.java:809)
        at java.util.concurrent.ThreadPoolExecutor.getTask(ThreadPoolExecutor.java:1074)
        at java.util.concurrent.ThreadPoolExecutor.runWorker(ThreadPoolExecutor.java:1134)
        at java.util.concurrent.ThreadPoolExecutor$Worker.run(ThreadPoolExecutor.java:624)
        at java.lang.Thread.run(Thread.java:750)
"Command processor thread" daemon prio=5 tid=5115 timed_waiting
java.lang.Thread.State: TIMED_WAITING
        at java.lang.Thread.sleep(Native Method)
        at org.apache.hadoop.ozone.container.common.statemachine.DatanodeStateMachine.lambda$initCommandHandlerThread$3(DatanodeStateMachine.java:628)
        at org.apache.hadoop.ozone.container.common.statemachine.DatanodeStateMachine$$Lambda$763/1762238644.run(Unknown Source)
        at java.lang.Thread.run(Thread.java:750)
"BlockDeletingService#0" daemon prio=5 tid=6409 timed_waiting
java.lang.Thread.State: TIMED_WAITING
        at sun.misc.Unsafe.park(Native Method)
        at java.util.concurrent.locks.LockSupport.parkNanos(LockSupport.java:215)
        at java.util.concurrent.locks.AbstractQueuedSynchronizer$ConditionObject.awaitNanos(AbstractQueuedSynchronizer.java:2078)
        at java.util.concurrent.ScheduledThreadPoolExecutor$DelayedWorkQueue.take(ScheduledThreadPoolExecutor.java:1093)
        at java.util.concurrent.ScheduledThreadPoolExecutor$DelayedWorkQueue.take(ScheduledThreadPoolExecutor.java:809)
        at java.util.concurrent.ThreadPoolExecutor.getTask(ThreadPoolExecutor.java:1074)
        at java.util.concurrent.ThreadPoolExecutor.runWorker(ThreadPoolExecutor.java:1134)
        at java.util.concurrent.ThreadPoolExecutor$Worker.run(ThreadPoolExecutor.java:624)
        at java.lang.Thread.run(Thread.java:750)
"Session-HouseKeeper-6c9229fa-1"  prio=5 tid=4654 timed_waiting
java.lang.Thread.State: TIMED_WAITING
        at sun.misc.Unsafe.park(Native Method)
        at java.util.concurrent.locks.LockSupport.parkNanos(LockSupport.java:215)
        at java.util.concurrent.locks.AbstractQueuedSynchronizer$ConditionObject.awaitNanos(AbstractQueuedSynchronizer.java:2078)
        at java.util.concurrent.ScheduledThreadPoolExecutor$DelayedWorkQueue.take(ScheduledThreadPoolExecutor.java:1093)
        at java.util.concurrent.ScheduledThreadPoolExecutor$DelayedWorkQueue.take(ScheduledThreadPoolExecutor.java:809)
        at java.util.concurrent.ThreadPoolExecutor.getTask(ThreadPoolExecutor.java:1074)
        at java.util.concurrent.ThreadPoolExecutor.runWorker(ThreadPoolExecutor.java:1134)
        at java.util.concurrent.ThreadPoolExecutor$Worker.run(ThreadPoolExecutor.java:624)
        at java.lang.Thread.run(Thread.java:750)
"IPC Server handler 19 on default port 40173" daemon prio=5 tid=6127 timed_waiting
java.lang.Thread.State: TIMED_WAITING
        at sun.misc.Unsafe.park(Native Method)
        at java.util.concurrent.locks.LockSupport.parkNanos(LockSupport.java:215)
        at java.util.concurrent.locks.AbstractQueuedSynchronizer$ConditionObject.awaitNanos(AbstractQueuedSynchronizer.java:2078)
        at java.util.concurrent.LinkedBlockingQueue.poll(LinkedBlockingQueue.java:467)
        at org.apache.hadoop.ipc.CallQueueManager.take(CallQueueManager.java:317)
        at org.apache.hadoop.ipc.Server$Handler.run(Server.java:2942)
"Datanode State Machine Task Thread - 1"  prio=5 tid=5341 in Object.wait()
java.lang.Thread.State: WAITING (on object monitor)
        at sun.misc.Unsafe.park(Native Method)
        at java.util.concurrent.locks.LockSupport.park(LockSupport.java:175)
        at java.util.concurrent.locks.AbstractQueuedSynchronizer$ConditionObject.await(AbstractQueuedSynchronizer.java:2039)
        at java.util.concurrent.LinkedBlockingQueue.take(LinkedBlockingQueue.java:442)
        at java.util.concurrent.ThreadPoolExecutor.getTask(ThreadPoolExecutor.java:1074)
        at java.util.concurrent.ThreadPoolExecutor.runWorker(ThreadPoolExecutor.java:1134)
        at java.util.concurrent.ThreadPoolExecutor$Worker.run(ThreadPoolExecutor.java:624)
        at java.lang.Thread.run(Thread.java:750)
"org.apache.ratis.util.JvmPauseMonitor$$Lambda$718/783493338@198bb063" daemon prio=5 tid=5326 timed_waiting
java.lang.Thread.State: TIMED_WAITING
        at java.lang.Thread.sleep(Native Method)
        at java.lang.Thread.sleep(Thread.java:342)
        at java.util.concurrent.TimeUnit.sleep(TimeUnit.java:386)
        at org.apache.ratis.util.TimeDuration.sleep(TimeDuration.java:325)
        at org.apache.ratis.util.TimeDuration.sleep(TimeDuration.java:310)
        at org.apache.ratis.util.JvmPauseMonitor.detectPause(JvmPauseMonitor.java:117)
        at org.apache.ratis.util.JvmPauseMonitor.run(JvmPauseMonitor.java:106)
        at org.apache.ratis.util.JvmPauseMonitor$$Lambda$718/783493338.run(Unknown Source)
        at java.lang.Thread.run(Thread.java:750)
"qtp595932500-4031-acceptor-0@18d3f5d0-ServerConnector@59dccee6{HTTP/1.1, (http/1.1)}{0.0.0.0:45485}" daemon prio=3 tid=4031 runnable
java.lang.Thread.State: RUNNABLE
        at sun.nio.ch.ServerSocketChannelImpl.accept0(Native Method)
        at sun.nio.ch.ServerSocketChannelImpl.accept(ServerSocketChannelImpl.java:421)
        at sun.nio.ch.ServerSocketChannelImpl.accept(ServerSocketChannelImpl.java:249)
        at org.eclipse.jetty.server.ServerConnector.accept(ServerConnector.java:388)
        at org.eclipse.jetty.server.AbstractConnector$Acceptor.run(AbstractConnector.java:702)
        at org.eclipse.jetty.util.thread.QueuedThreadPool.runJob(QueuedThreadPool.java:883)
        at org.eclipse.jetty.util.thread.QueuedThreadPool$Runner.run(QueuedThreadPool.java:1034)
        at java.lang.Thread.run(Thread.java:750)
"ContainerOp-1a3410dc-4fd6-4954-94c6-9015fb128463-6"  prio=5 tid=6141 in Object.wait()
java.lang.Thread.State: WAITING (on object monitor)
        at sun.misc.Unsafe.park(Native Method)
        at java.util.concurrent.locks.LockSupport.park(LockSupport.java:175)
        at java.util.concurrent.locks.AbstractQueuedSynchronizer$ConditionObject.await(AbstractQueuedSynchronizer.java:2039)
        at java.util.concurrent.LinkedBlockingQueue.take(LinkedBlockingQueue.java:442)
        at java.util.concurrent.ThreadPoolExecutor.getTask(ThreadPoolExecutor.java:1074)
        at java.util.concurrent.ThreadPoolExecutor.runWorker(ThreadPoolExecutor.java:1134)
        at java.util.concurrent.ThreadPoolExecutor$Worker.run(ThreadPoolExecutor.java:624)
        at java.lang.Thread.run(Thread.java:750)
"qtp1826924318-6098" daemon prio=5 tid=6098 timed_waiting
java.lang.Thread.State: TIMED_WAITING
        at sun.misc.Unsafe.park(Native Method)
        at java.util.concurrent.locks.LockSupport.parkNanos(LockSupport.java:215)
        at java.util.concurrent.locks.AbstractQueuedSynchronizer$ConditionObject.awaitNanos(AbstractQueuedSynchronizer.java:2078)
        at org.eclipse.jetty.util.BlockingArrayQueue.poll(BlockingArrayQueue.java:382)
        at org.eclipse.jetty.util.thread.QueuedThreadPool$Runner.idleJobPoll(QueuedThreadPool.java:974)
        at org.eclipse.jetty.util.thread.QueuedThreadPool$Runner.run(QueuedThreadPool.java:1018)
        at java.lang.Thread.run(Thread.java:750)
"qtp926651341-5284" daemon prio=5 tid=5284 timed_waiting
java.lang.Thread.State: TIMED_WAITING
        at sun.misc.Unsafe.park(Native Method)
        at java.util.concurrent.locks.LockSupport.parkNanos(LockSupport.java:215)
        at java.util.concurrent.locks.AbstractQueuedSynchronizer$ConditionObject.awaitNanos(AbstractQueuedSynchronizer.java:2078)
        at org.eclipse.jetty.util.BlockingArrayQueue.poll(BlockingArrayQueue.java:382)
        at org.eclipse.jetty.util.thread.QueuedThreadPool$Runner.idleJobPoll(QueuedThreadPool.java:974)
        at org.eclipse.jetty.util.thread.QueuedThreadPool$Runner.run(QueuedThreadPool.java:1018)
        at java.lang.Thread.run(Thread.java:750)
"Command processor thread" daemon prio=5 tid=6439 timed_waiting
java.lang.Thread.State: TIMED_WAITING
        at java.lang.Thread.sleep(Native Method)
        at org.apache.hadoop.ozone.container.common.statemachine.DatanodeStateMachine.lambda$initCommandHandlerThread$3(DatanodeStateMachine.java:628)
        at org.apache.hadoop.ozone.container.common.statemachine.DatanodeStateMachine$$Lambda$763/1762238644.run(Unknown Source)
        at java.lang.Thread.run(Thread.java:750)
"StaleRecoveringContainerScrubbingService#1" daemon prio=5 tid=4121 timed_waiting
java.lang.Thread.State: TIMED_WAITING
        at sun.misc.Unsafe.park(Native Method)
        at java.util.concurrent.locks.LockSupport.parkNanos(LockSupport.java:215)
        at java.util.concurrent.locks.AbstractQueuedSynchronizer$ConditionObject.awaitNanos(AbstractQueuedSynchronizer.java:2078)
        at java.util.concurrent.ScheduledThreadPoolExecutor$DelayedWorkQueue.take(ScheduledThreadPoolExecutor.java:1093)
        at java.util.concurrent.ScheduledThreadPoolExecutor$DelayedWorkQueue.take(ScheduledThreadPoolExecutor.java:809)
        at java.util.concurrent.ThreadPoolExecutor.getTask(ThreadPoolExecutor.java:1074)
        at java.util.concurrent.ThreadPoolExecutor.runWorker(ThreadPoolExecutor.java:1134)
        at java.util.concurrent.ThreadPoolExecutor$Worker.run(ThreadPoolExecutor.java:624)
        at java.lang.Thread.run(Thread.java:750)
"Datanode ReportManager Thread - 3" daemon prio=5 tid=6402 in Object.wait()
java.lang.Thread.State: WAITING (on object monitor)
        at sun.misc.Unsafe.park(Native Method)
        at java.util.concurrent.locks.LockSupport.park(LockSupport.java:175)
        at java.util.concurrent.locks.AbstractQueuedSynchronizer$ConditionObject.await(AbstractQueuedSynchronizer.java:2039)
        at java.util.concurrent.ScheduledThreadPoolExecutor$DelayedWorkQueue.take(ScheduledThreadPoolExecutor.java:1088)
        at java.util.concurrent.ScheduledThreadPoolExecutor$DelayedWorkQueue.take(ScheduledThreadPoolExecutor.java:809)
        at java.util.concurrent.ThreadPoolExecutor.getTask(ThreadPoolExecutor.java:1074)
        at java.util.concurrent.ThreadPoolExecutor.runWorker(ThreadPoolExecutor.java:1134)
        at java.util.concurrent.ThreadPoolExecutor$Worker.run(ThreadPoolExecutor.java:624)
        at java.lang.Thread.run(Thread.java:750)
"Datanode ReportManager Thread - 4" daemon prio=5 tid=5114 in Object.wait()
java.lang.Thread.State: WAITING (on object monitor)
        at sun.misc.Unsafe.park(Native Method)
        at java.util.concurrent.locks.LockSupport.park(LockSupport.java:175)
        at java.util.concurrent.locks.AbstractQueuedSynchronizer$ConditionObject.await(AbstractQueuedSynchronizer.java:2039)
        at java.util.concurrent.ScheduledThreadPoolExecutor$DelayedWorkQueue.take(ScheduledThreadPoolExecutor.java:1088)
        at java.util.concurrent.ScheduledThreadPoolExecutor$DelayedWorkQueue.take(ScheduledThreadPoolExecutor.java:809)
        at java.util.concurrent.ThreadPoolExecutor.getTask(ThreadPoolExecutor.java:1074)
        at java.util.concurrent.ThreadPoolExecutor.runWorker(ThreadPoolExecutor.java:1134)
        at java.util.concurrent.ThreadPoolExecutor$Worker.run(ThreadPoolExecutor.java:624)
        at java.lang.Thread.run(Thread.java:750)
"IPC Server handler 11 on default port 35679" daemon prio=5 tid=5873 timed_waiting
java.lang.Thread.State: TIMED_WAITING
        at sun.misc.Unsafe.park(Native Method)
        at java.util.concurrent.locks.LockSupport.parkNanos(LockSupport.java:215)
        at java.util.concurrent.locks.AbstractQueuedSynchronizer$ConditionObject.awaitNanos(AbstractQueuedSynchronizer.java:2078)
        at java.util.concurrent.LinkedBlockingQueue.poll(LinkedBlockingQueue.java:467)
        at org.apache.hadoop.ipc.CallQueueManager.take(CallQueueManager.java:317)
        at org.apache.hadoop.ipc.Server$Handler.run(Server.java:2942)
"ChunkReader-ELG-0" daemon prio=5 tid=4142 runnable
java.lang.Thread.State: RUNNABLE
        at org.apache.ratis.thirdparty.io.netty.channel.epoll.Native.epollWait(Native Method)
        at org.apache.ratis.thirdparty.io.netty.channel.epoll.Native.epollWait(Native.java:193)
        at org.apache.ratis.thirdparty.io.netty.channel.epoll.Native.epollWait(Native.java:186)
        at org.apache.ratis.thirdparty.io.netty.channel.epoll.EpollEventLoop.epollWaitNoTimerChange(EpollEventLoop.java:290)
        at org.apache.ratis.thirdparty.io.netty.channel.epoll.EpollEventLoop.run(EpollEventLoop.java:347)
        at org.apache.ratis.thirdparty.io.netty.util.concurrent.SingleThreadEventExecutor$4.run(SingleThreadEventExecutor.java:986)
        at org.apache.ratis.thirdparty.io.netty.util.internal.ThreadExecutorMap$2.run(ThreadExecutorMap.java:74)
        at java.lang.Thread.run(Thread.java:750)
"qtp342316938-6172" daemon prio=5 tid=6172 runnable
java.lang.Thread.State: RUNNABLE
        at sun.nio.ch.EPollArrayWrapper.epollWait(Native Method)
        at sun.nio.ch.EPollArrayWrapper.poll(EPollArrayWrapper.java:269)
        at sun.nio.ch.EPollSelectorImpl.doSelect(EPollSelectorImpl.java:93)
        at sun.nio.ch.SelectorImpl.lockAndDoSelect(SelectorImpl.java:86)
        at sun.nio.ch.SelectorImpl.select(SelectorImpl.java:97)
        at sun.nio.ch.SelectorImpl.select(SelectorImpl.java:101)
        at org.eclipse.jetty.io.ManagedSelector.nioSelect(ManagedSelector.java:183)
        at org.eclipse.jetty.io.ManagedSelector.select(ManagedSelector.java:190)
        at org.eclipse.jetty.io.ManagedSelector$SelectorProducer.select(ManagedSelector.java:606)
        at org.eclipse.jetty.io.ManagedSelector$SelectorProducer.produce(ManagedSelector.java:543)
        at org.eclipse.jetty.util.thread.strategy.EatWhatYouKill.produceTask(EatWhatYouKill.java:362)
        at org.eclipse.jetty.util.thread.strategy.EatWhatYouKill.doProduce(EatWhatYouKill.java:186)
        at org.eclipse.jetty.util.thread.strategy.EatWhatYouKill.tryProduce(EatWhatYouKill.java:173)
        at org.eclipse.jetty.util.thread.strategy.EatWhatYouKill.produce(EatWhatYouKill.java:137)
        at org.eclipse.jetty.io.ManagedSelector$$Lambda$478/1665851504.run(Unknown Source)
        at org.eclipse.jetty.util.thread.QueuedThreadPool.runJob(QueuedThreadPool.java:883)
        at org.eclipse.jetty.util.thread.QueuedThreadPool$Runner.run(QueuedThreadPool.java:1034)
        at java.lang.Thread.run(Thread.java:750)
"ChunkWriter-0-0" daemon prio=5 tid=4112 in Object.wait()
java.lang.Thread.State: WAITING (on object monitor)
        at sun.misc.Unsafe.park(Native Method)
        at java.util.concurrent.locks.LockSupport.park(LockSupport.java:175)
        at java.util.concurrent.locks.AbstractQueuedSynchronizer$ConditionObject.await(AbstractQueuedSynchronizer.java:2039)
        at java.util.concurrent.LinkedBlockingDeque.takeFirst(LinkedBlockingDeque.java:492)
        at java.util.concurrent.LinkedBlockingDeque.take(LinkedBlockingDeque.java:680)
        at java.util.concurrent.ThreadPoolExecutor.getTask(ThreadPoolExecutor.java:1074)
        at java.util.concurrent.ThreadPoolExecutor.runWorker(ThreadPoolExecutor.java:1134)
        at java.util.concurrent.ThreadPoolExecutor$Worker.run(ThreadPoolExecutor.java:624)
        at java.lang.Thread.run(Thread.java:750)
"org.apache.hadoop.util.JvmPauseMonitor$Monitor@4a864b8e" daemon prio=5 tid=5299 timed_waiting
java.lang.Thread.State: TIMED_WAITING
        at java.lang.Thread.sleep(Native Method)
        at org.apache.hadoop.util.JvmPauseMonitor$Monitor.run(JvmPauseMonitor.java:192)
        at java.lang.Thread.run(Thread.java:750)
"pool-2844-thread-1" daemon prio=5 tid=5066 timed_waiting
java.lang.Thread.State: TIMED_WAITING
        at sun.misc.Unsafe.park(Native Method)
        at java.util.concurrent.locks.LockSupport.parkNanos(LockSupport.java:215)
        at java.util.concurrent.locks.AbstractQueuedSynchronizer$ConditionObject.awaitNanos(AbstractQueuedSynchronizer.java:2078)
        at java.util.concurrent.ScheduledThreadPoolExecutor$DelayedWorkQueue.take(ScheduledThreadPoolExecutor.java:1093)
        at java.util.concurrent.ScheduledThreadPoolExecutor$DelayedWorkQueue.take(ScheduledThreadPoolExecutor.java:809)
        at java.util.concurrent.ThreadPoolExecutor.getTask(ThreadPoolExecutor.java:1074)
        at java.util.concurrent.ThreadPoolExecutor.runWorker(ThreadPoolExecutor.java:1134)
        at java.util.concurrent.ThreadPoolExecutor$Worker.run(ThreadPoolExecutor.java:624)
        at java.lang.Thread.run(Thread.java:750)
"qtp896413985-5153" daemon prio=5 tid=5153 timed_waiting
java.lang.Thread.State: TIMED_WAITING
        at sun.misc.Unsafe.park(Native Method)
        at java.util.concurrent.locks.LockSupport.parkNanos(LockSupport.java:215)
        at java.util.concurrent.locks.AbstractQueuedSynchronizer$ConditionObject.awaitNanos(AbstractQueuedSynchronizer.java:2078)
        at org.eclipse.jetty.util.BlockingArrayQueue.poll(BlockingArrayQueue.java:382)
        at org.eclipse.jetty.util.thread.QueuedThreadPool$Runner.idleJobPoll(QueuedThreadPool.java:974)
        at org.eclipse.jetty.util.thread.QueuedThreadPool$Runner.run(QueuedThreadPool.java:1018)
        at java.lang.Thread.run(Thread.java:750)
"ChunkReader-ELG-0" daemon prio=5 tid=4177 runnable
java.lang.Thread.State: RUNNABLE
        at org.apache.ratis.thirdparty.io.netty.channel.epoll.Native.epollWait(Native Method)
        at org.apache.ratis.thirdparty.io.netty.channel.epoll.Native.epollWait(Native.java:193)
        at org.apache.ratis.thirdparty.io.netty.channel.epoll.Native.epollWait(Native.java:186)
        at org.apache.ratis.thirdparty.io.netty.channel.epoll.EpollEventLoop.epollWaitNoTimerChange(EpollEventLoop.java:290)
        at org.apache.ratis.thirdparty.io.netty.channel.epoll.EpollEventLoop.run(EpollEventLoop.java:347)
        at org.apache.ratis.thirdparty.io.netty.util.concurrent.SingleThreadEventExecutor$4.run(SingleThreadEventExecutor.java:986)
        at org.apache.ratis.thirdparty.io.netty.util.internal.ThreadExecutorMap$2.run(ThreadExecutorMap.java:74)
        at java.lang.Thread.run(Thread.java:750)
"qtp2074136396-3787" daemon prio=5 tid=3787 timed_waiting
java.lang.Thread.State: TIMED_WAITING
        at sun.misc.Unsafe.park(Native Method)
        at java.util.concurrent.locks.LockSupport.parkNanos(LockSupport.java:215)
        at java.util.concurrent.locks.AbstractQueuedSynchronizer$ConditionObject.awaitNanos(AbstractQueuedSynchronizer.java:2078)
        at org.eclipse.jetty.util.BlockingArrayQueue.poll(BlockingArrayQueue.java:382)
        at org.eclipse.jetty.util.thread.QueuedThreadPool$Runner.idleJobPoll(QueuedThreadPool.java:974)
        at org.eclipse.jetty.util.thread.QueuedThreadPool$Runner.run(QueuedThreadPool.java:1018)
        at java.lang.Thread.run(Thread.java:750)
"Datanode ReportManager Thread - 3" daemon prio=5 tid=5188 in Object.wait()
java.lang.Thread.State: WAITING (on object monitor)
        at sun.misc.Unsafe.park(Native Method)
        at java.util.concurrent.locks.LockSupport.park(LockSupport.java:175)
        at java.util.concurrent.locks.AbstractQueuedSynchronizer$ConditionObject.await(AbstractQueuedSynchronizer.java:2039)
        at java.util.concurrent.ScheduledThreadPoolExecutor$DelayedWorkQueue.take(ScheduledThreadPoolExecutor.java:1088)
        at java.util.concurrent.ScheduledThreadPoolExecutor$DelayedWorkQueue.take(ScheduledThreadPoolExecutor.java:809)
        at java.util.concurrent.ThreadPoolExecutor.getTask(ThreadPoolExecutor.java:1074)
        at java.util.concurrent.ThreadPoolExecutor.runWorker(ThreadPoolExecutor.java:1134)
        at java.util.concurrent.ThreadPoolExecutor$Worker.run(ThreadPoolExecutor.java:624)
        at java.lang.Thread.run(Thread.java:750)
"qtp342316938-6176" daemon prio=5 tid=6176 timed_waiting
java.lang.Thread.State: TIMED_WAITING
        at sun.misc.Unsafe.park(Native Method)
        at java.util.concurrent.locks.LockSupport.parkNanos(LockSupport.java:215)
        at java.util.concurrent.locks.AbstractQueuedSynchronizer$ConditionObject.awaitNanos(AbstractQueuedSynchronizer.java:2078)
        at org.eclipse.jetty.util.BlockingArrayQueue.poll(BlockingArrayQueue.java:382)
        at org.eclipse.jetty.util.thread.QueuedThreadPool$Runner.idleJobPoll(QueuedThreadPool.java:974)
        at org.eclipse.jetty.util.thread.QueuedThreadPool$Runner.run(QueuedThreadPool.java:1018)
        at java.lang.Thread.run(Thread.java:750)
"EndpointStateMachine task thread for /0.0.0.0:36781 - 0 "  prio=5 tid=5304 in Object.wait()
java.lang.Thread.State: WAITING (on object monitor)
        at sun.misc.Unsafe.park(Native Method)
        at java.util.concurrent.locks.LockSupport.park(LockSupport.java:175)
        at java.util.concurrent.locks.AbstractQueuedSynchronizer$ConditionObject.await(AbstractQueuedSynchronizer.java:2039)
        at java.util.concurrent.LinkedBlockingQueue.take(LinkedBlockingQueue.java:442)
        at java.util.concurrent.ThreadPoolExecutor.getTask(ThreadPoolExecutor.java:1074)
        at java.util.concurrent.ThreadPoolExecutor.runWorker(ThreadPoolExecutor.java:1134)
        at java.util.concurrent.ThreadPoolExecutor$Worker.run(ThreadPoolExecutor.java:624)
        at java.lang.Thread.run(Thread.java:750)
"EventQueue-NodeReportForNodeReportHandler" daemon prio=5 tid=6533 in Object.wait()
java.lang.Thread.State: WAITING (on object monitor)
        at sun.misc.Unsafe.park(Native Method)
        at java.util.concurrent.locks.LockSupport.park(LockSupport.java:175)
        at java.util.concurrent.locks.AbstractQueuedSynchronizer$ConditionObject.await(AbstractQueuedSynchronizer.java:2039)
        at java.util.concurrent.LinkedBlockingQueue.take(LinkedBlockingQueue.java:442)
        at java.util.concurrent.ThreadPoolExecutor.getTask(ThreadPoolExecutor.java:1074)
        at java.util.concurrent.ThreadPoolExecutor.runWorker(ThreadPoolExecutor.java:1134)
        at java.util.concurrent.ThreadPoolExecutor$Worker.run(ThreadPoolExecutor.java:624)
        at java.lang.Thread.run(Thread.java:750)
"qtp926651341-5286" daemon prio=5 tid=5286 timed_waiting
java.lang.Thread.State: TIMED_WAITING
        at sun.misc.Unsafe.park(Native Method)
        at java.util.concurrent.locks.LockSupport.parkNanos(LockSupport.java:215)
        at java.util.concurrent.locks.AbstractQueuedSynchronizer$ConditionObject.awaitNanos(AbstractQueuedSynchronizer.java:2078)
        at org.eclipse.jetty.util.BlockingArrayQueue.poll(BlockingArrayQueue.java:382)
        at org.eclipse.jetty.util.thread.QueuedThreadPool$Runner.idleJobPoll(QueuedThreadPool.java:974)
        at org.eclipse.jetty.util.thread.QueuedThreadPool$Runner.run(QueuedThreadPool.java:1018)
        at java.lang.Thread.run(Thread.java:750)
"java.util.concurrent.ThreadPoolExecutor$Worker@457d72d4[State = -1, empty queue]" daemon prio=5 tid=6430 timed_waiting
java.lang.Thread.State: TIMED_WAITING
        at sun.misc.Unsafe.park(Native Method)
        at java.util.concurrent.locks.LockSupport.parkNanos(LockSupport.java:215)
        at java.util.concurrent.locks.AbstractQueuedSynchronizer$ConditionObject.awaitNanos(AbstractQueuedSynchronizer.java:2078)
        at java.util.concurrent.ScheduledThreadPoolExecutor$DelayedWorkQueue.take(ScheduledThreadPoolExecutor.java:1093)
        at java.util.concurrent.ScheduledThreadPoolExecutor$DelayedWorkQueue.take(ScheduledThreadPoolExecutor.java:809)
        at java.util.concurrent.ThreadPoolExecutor.getTask(ThreadPoolExecutor.java:1074)
        at java.util.concurrent.ThreadPoolExecutor.runWorker(ThreadPoolExecutor.java:1134)
        at java.util.concurrent.ThreadPoolExecutor$Worker.run(ThreadPoolExecutor.java:624)
        at java.lang.Thread.run(Thread.java:750)
"Datanode ReportManager Thread - 2" daemon prio=5 tid=6401 in Object.wait()
java.lang.Thread.State: WAITING (on object monitor)
        at sun.misc.Unsafe.park(Native Method)
        at java.util.concurrent.locks.LockSupport.park(LockSupport.java:175)
        at java.util.concurrent.locks.AbstractQueuedSynchronizer$ConditionObject.await(AbstractQueuedSynchronizer.java:2039)
        at java.util.concurrent.ScheduledThreadPoolExecutor$DelayedWorkQueue.take(ScheduledThreadPoolExecutor.java:1088)
        at java.util.concurrent.ScheduledThreadPoolExecutor$DelayedWorkQueue.take(ScheduledThreadPoolExecutor.java:809)
        at java.util.concurrent.ThreadPoolExecutor.getTask(ThreadPoolExecutor.java:1074)
        at java.util.concurrent.ThreadPoolExecutor.runWorker(ThreadPoolExecutor.java:1134)
        at java.util.concurrent.ThreadPoolExecutor$Worker.run(ThreadPoolExecutor.java:624)
        at java.lang.Thread.run(Thread.java:750)
"IPC Server handler 8 on default port 43303" daemon prio=5 tid=6819 timed_waiting
java.lang.Thread.State: TIMED_WAITING
        at sun.misc.Unsafe.park(Native Method)
        at java.util.concurrent.locks.LockSupport.parkNanos(LockSupport.java:215)
        at java.util.concurrent.locks.AbstractQueuedSynchronizer$ConditionObject.awaitNanos(AbstractQueuedSynchronizer.java:2078)
        at java.util.concurrent.LinkedBlockingQueue.poll(LinkedBlockingQueue.java:467)
        at org.apache.hadoop.ipc.CallQueueManager.take(CallQueueManager.java:317)
        at org.apache.hadoop.ipc.Server$Handler.run(Server.java:2942)
"PartialTableCache Cleanup Thread - 0" daemon prio=5 tid=5803 in Object.wait()
java.lang.Thread.State: WAITING (on object monitor)
        at sun.misc.Unsafe.park(Native Method)
        at java.util.concurrent.locks.LockSupport.park(LockSupport.java:175)
        at java.util.concurrent.locks.AbstractQueuedSynchronizer$ConditionObject.await(AbstractQueuedSynchronizer.java:2039)
        at java.util.concurrent.LinkedBlockingQueue.take(LinkedBlockingQueue.java:442)
        at java.util.concurrent.ThreadPoolExecutor.getTask(ThreadPoolExecutor.java:1074)
        at java.util.concurrent.ThreadPoolExecutor.runWorker(ThreadPoolExecutor.java:1134)
        at java.util.concurrent.ThreadPoolExecutor$Worker.run(ThreadPoolExecutor.java:624)
        at java.lang.Thread.run(Thread.java:750)
"IPC Server handler 9 on default port 46525" daemon prio=5 tid=3803 timed_waiting
java.lang.Thread.State: TIMED_WAITING
        at sun.misc.Unsafe.park(Native Method)
        at java.util.concurrent.locks.LockSupport.parkNanos(LockSupport.java:215)
        at java.util.concurrent.locks.AbstractQueuedSynchronizer$ConditionObject.awaitNanos(AbstractQueuedSynchronizer.java:2078)
        at java.util.concurrent.LinkedBlockingQueue.poll(LinkedBlockingQueue.java:467)
        at org.apache.hadoop.ipc.CallQueueManager.take(CallQueueManager.java:317)
        at org.apache.hadoop.ipc.Server$Handler.run(Server.java:2942)
"BlockDeletingService#0" daemon prio=5 tid=6462 timed_waiting
java.lang.Thread.State: TIMED_WAITING
        at sun.misc.Unsafe.park(Native Method)
        at java.util.concurrent.locks.LockSupport.parkNanos(LockSupport.java:215)
        at java.util.concurrent.locks.AbstractQueuedSynchronizer$ConditionObject.awaitNanos(AbstractQueuedSynchronizer.java:2078)
        at java.util.concurrent.ScheduledThreadPoolExecutor$DelayedWorkQueue.take(ScheduledThreadPoolExecutor.java:1093)
        at java.util.concurrent.ScheduledThreadPoolExecutor$DelayedWorkQueue.take(ScheduledThreadPoolExecutor.java:809)
        at java.util.concurrent.ThreadPoolExecutor.getTask(ThreadPoolExecutor.java:1074)
        at java.util.concurrent.ThreadPoolExecutor.runWorker(ThreadPoolExecutor.java:1134)
        at java.util.concurrent.ThreadPoolExecutor$Worker.run(ThreadPoolExecutor.java:624)
        at java.lang.Thread.run(Thread.java:750)
"IPC Server handler 12 on default port 40471" daemon prio=5 tid=6803 timed_waiting
java.lang.Thread.State: TIMED_WAITING
        at sun.misc.Unsafe.park(Native Method)
        at java.util.concurrent.locks.LockSupport.parkNanos(LockSupport.java:215)
        at java.util.concurrent.locks.AbstractQueuedSynchronizer$ConditionObject.awaitNanos(AbstractQueuedSynchronizer.java:2078)
        at java.util.concurrent.LinkedBlockingQueue.poll(LinkedBlockingQueue.java:467)
        at org.apache.hadoop.ipc.CallQueueManager.take(CallQueueManager.java:317)
        at org.apache.hadoop.ipc.Server$Handler.run(Server.java:2942)
"EndpointStateMachine task thread for /0.0.0.0:36781 - 0 "  prio=5 tid=5354 in Object.wait()
java.lang.Thread.State: WAITING (on object monitor)
        at sun.misc.Unsafe.park(Native Method)
        at java.util.concurrent.locks.LockSupport.park(LockSupport.java:175)
        at java.util.concurrent.locks.AbstractQueuedSynchronizer$ConditionObject.await(AbstractQueuedSynchronizer.java:2039)
        at java.util.concurrent.LinkedBlockingQueue.take(LinkedBlockingQueue.java:442)
        at java.util.concurrent.ThreadPoolExecutor.getTask(ThreadPoolExecutor.java:1074)
        at java.util.concurrent.ThreadPoolExecutor.runWorker(ThreadPoolExecutor.java:1134)
        at java.util.concurrent.ThreadPoolExecutor$Worker.run(ThreadPoolExecutor.java:624)
        at java.lang.Thread.run(Thread.java:750)
"BlockDeletingService#0" daemon prio=5 tid=5349 in Object.wait()
java.lang.Thread.State: WAITING (on object monitor)
        at sun.misc.Unsafe.park(Native Method)
        at java.util.concurrent.locks.LockSupport.park(LockSupport.java:175)
        at java.util.concurrent.locks.AbstractQueuedSynchronizer$ConditionObject.await(AbstractQueuedSynchronizer.java:2039)
        at java.util.concurrent.ScheduledThreadPoolExecutor$DelayedWorkQueue.take(ScheduledThreadPoolExecutor.java:1088)
        at java.util.concurrent.ScheduledThreadPoolExecutor$DelayedWorkQueue.take(ScheduledThreadPoolExecutor.java:809)
        at java.util.concurrent.ThreadPoolExecutor.getTask(ThreadPoolExecutor.java:1074)
        at java.util.concurrent.ThreadPoolExecutor.runWorker(ThreadPoolExecutor.java:1134)
        at java.util.concurrent.ThreadPoolExecutor$Worker.run(ThreadPoolExecutor.java:624)
        at java.lang.Thread.run(Thread.java:750)
"org.apache.hadoop.util.JvmPauseMonitor$Monitor@4b82a16a" daemon prio=5 tid=6405 timed_waiting
java.lang.Thread.State: TIMED_WAITING
        at java.lang.Thread.sleep(Native Method)
        at org.apache.hadoop.util.JvmPauseMonitor$Monitor.run(JvmPauseMonitor.java:192)
        at java.lang.Thread.run(Thread.java:750)
"ChunkWriter-2-0" daemon prio=5 tid=5324 in Object.wait()
java.lang.Thread.State: WAITING (on object monitor)
        at sun.misc.Unsafe.park(Native Method)
        at java.util.concurrent.locks.LockSupport.park(LockSupport.java:175)
        at java.util.concurrent.locks.AbstractQueuedSynchronizer$ConditionObject.await(AbstractQueuedSynchronizer.java:2039)
        at java.util.concurrent.LinkedBlockingDeque.takeFirst(LinkedBlockingDeque.java:492)
        at java.util.concurrent.LinkedBlockingDeque.take(LinkedBlockingDeque.java:680)
        at java.util.concurrent.ThreadPoolExecutor.getTask(ThreadPoolExecutor.java:1074)
        at java.util.concurrent.ThreadPoolExecutor.runWorker(ThreadPoolExecutor.java:1134)
        at java.util.concurrent.ThreadPoolExecutor$Worker.run(ThreadPoolExecutor.java:624)
        at java.lang.Thread.run(Thread.java:750)
"PartialTableCache Cleanup Thread - 0" daemon prio=5 tid=2199 in Object.wait()
java.lang.Thread.State: WAITING (on object monitor)
        at sun.misc.Unsafe.park(Native Method)
        at java.util.concurrent.locks.LockSupport.park(LockSupport.java:175)
        at java.util.concurrent.locks.AbstractQueuedSynchronizer$ConditionObject.await(AbstractQueuedSynchronizer.java:2039)
        at java.util.concurrent.LinkedBlockingQueue.take(LinkedBlockingQueue.java:442)
        at java.util.concurrent.ThreadPoolExecutor.getTask(ThreadPoolExecutor.java:1074)
        at java.util.concurrent.ThreadPoolExecutor.runWorker(ThreadPoolExecutor.java:1134)
        at java.util.concurrent.ThreadPoolExecutor$Worker.run(ThreadPoolExecutor.java:624)
        at java.lang.Thread.run(Thread.java:750)
"PartialTableCache Cleanup Thread - 0" daemon prio=5 tid=3518 in Object.wait()
java.lang.Thread.State: WAITING (on object monitor)
        at sun.misc.Unsafe.park(Native Method)
        at java.util.concurrent.locks.LockSupport.park(LockSupport.java:175)
        at java.util.concurrent.locks.AbstractQueuedSynchronizer$ConditionObject.await(AbstractQueuedSynchronizer.java:2039)
        at java.util.concurrent.LinkedBlockingQueue.take(LinkedBlockingQueue.java:442)
        at java.util.concurrent.ThreadPoolExecutor.getTask(ThreadPoolExecutor.java:1074)
        at java.util.concurrent.ThreadPoolExecutor.runWorker(ThreadPoolExecutor.java:1134)
        at java.util.concurrent.ThreadPoolExecutor$Worker.run(ThreadPoolExecutor.java:624)
        at java.lang.Thread.run(Thread.java:750)
"Reference Handler" daemon prio=10 tid=2 in Object.wait()
java.lang.Thread.State: WAITING (on object monitor)
        at java.lang.Object.wait(Native Method)
        at java.lang.Object.wait(Object.java:502)
        at java.lang.ref.Reference.tryHandlePending(Reference.java:191)
        at java.lang.ref.Reference$ReferenceHandler.run(Reference.java:153)
"Datanode ReportManager Thread - 1" daemon prio=5 tid=5186 in Object.wait()
java.lang.Thread.State: WAITING (on object monitor)
        at sun.misc.Unsafe.park(Native Method)
        at java.util.concurrent.locks.LockSupport.park(LockSupport.java:175)
        at java.util.concurrent.locks.AbstractQueuedSynchronizer$ConditionObject.await(AbstractQueuedSynchronizer.java:2039)
        at java.util.concurrent.ScheduledThreadPoolExecutor$DelayedWorkQueue.take(ScheduledThreadPoolExecutor.java:1088)
        at java.util.concurrent.ScheduledThreadPoolExecutor$DelayedWorkQueue.take(ScheduledThreadPoolExecutor.java:809)
        at java.util.concurrent.ThreadPoolExecutor.getTask(ThreadPoolExecutor.java:1074)
        at java.util.concurrent.ThreadPoolExecutor.runWorker(ThreadPoolExecutor.java:1134)
        at java.util.concurrent.ThreadPoolExecutor$Worker.run(ThreadPoolExecutor.java:624)
        at java.lang.Thread.run(Thread.java:750)
"IPC Server idle connection scanner for port 43303" daemon prio=5 tid=6780 timed_waiting
java.lang.Thread.State: TIMED_WAITING
        at java.lang.Object.wait(Native Method)
        at java.util.TimerThread.mainLoop(Timer.java:552)
        at java.util.TimerThread.run(Timer.java:505)
"qtp443038314-6262" daemon prio=5 tid=6262 timed_waiting
java.lang.Thread.State: TIMED_WAITING
        at sun.misc.Unsafe.park(Native Method)
        at java.util.concurrent.locks.LockSupport.parkNanos(LockSupport.java:215)
        at java.util.concurrent.locks.AbstractQueuedSynchronizer$ConditionObject.awaitNanos(AbstractQueuedSynchronizer.java:2078)
        at org.eclipse.jetty.util.BlockingArrayQueue.poll(BlockingArrayQueue.java:382)
        at org.eclipse.jetty.util.thread.QueuedThreadPool$Runner.idleJobPoll(QueuedThreadPool.java:974)
        at org.eclipse.jetty.util.thread.QueuedThreadPool$Runner.run(QueuedThreadPool.java:1018)
        at java.lang.Thread.run(Thread.java:750)
"Datanode ReportManager Thread - 1" daemon prio=5 tid=6271 in Object.wait()
java.lang.Thread.State: WAITING (on object monitor)
        at sun.misc.Unsafe.park(Native Method)
        at java.util.concurrent.locks.LockSupport.park(LockSupport.java:175)
        at java.util.concurrent.locks.AbstractQueuedSynchronizer$ConditionObject.await(AbstractQueuedSynchronizer.java:2039)
        at java.util.concurrent.ScheduledThreadPoolExecutor$DelayedWorkQueue.take(ScheduledThreadPoolExecutor.java:1088)
        at java.util.concurrent.ScheduledThreadPoolExecutor$DelayedWorkQueue.take(ScheduledThreadPoolExecutor.java:809)
        at java.util.concurrent.ThreadPoolExecutor.getTask(ThreadPoolExecutor.java:1074)
        at java.util.concurrent.ThreadPoolExecutor.runWorker(ThreadPoolExecutor.java:1134)
        at java.util.concurrent.ThreadPoolExecutor$Worker.run(ThreadPoolExecutor.java:624)
        at java.lang.Thread.run(Thread.java:750)
"ChunkWriter-1-0" daemon prio=5 tid=6518 in Object.wait()
java.lang.Thread.State: WAITING (on object monitor)
        at sun.misc.Unsafe.park(Native Method)
        at java.util.concurrent.locks.LockSupport.park(LockSupport.java:175)
        at java.util.concurrent.locks.AbstractQueuedSynchronizer$ConditionObject.await(AbstractQueuedSynchronizer.java:2039)
        at java.util.concurrent.LinkedBlockingDeque.takeFirst(LinkedBlockingDeque.java:492)
        at java.util.concurrent.LinkedBlockingDeque.take(LinkedBlockingDeque.java:680)
        at java.util.concurrent.ThreadPoolExecutor.getTask(ThreadPoolExecutor.java:1074)
        at java.util.concurrent.ThreadPoolExecutor.runWorker(ThreadPoolExecutor.java:1134)
        at java.util.concurrent.ThreadPoolExecutor$Worker.run(ThreadPoolExecutor.java:624)
        at java.lang.Thread.run(Thread.java:750)
"qtp737161386-6293" daemon prio=5 tid=6293 timed_waiting
java.lang.Thread.State: TIMED_WAITING
        at sun.misc.Unsafe.park(Native Method)
        at java.util.concurrent.locks.LockSupport.parkNanos(LockSupport.java:215)
        at java.util.concurrent.locks.AbstractQueuedSynchronizer$ConditionObject.awaitNanos(AbstractQueuedSynchronizer.java:2078)
        at org.eclipse.jetty.util.BlockingArrayQueue.poll(BlockingArrayQueue.java:382)
        at org.eclipse.jetty.util.thread.QueuedThreadPool$Runner.idleJobPoll(QueuedThreadPool.java:974)
        at org.eclipse.jetty.util.thread.QueuedThreadPool$Runner.run(QueuedThreadPool.java:1018)
        at java.lang.Thread.run(Thread.java:750)
"35429393-00b4-4ffa-a437-723b6b48652e@group-5424EEB9FEF4-SegmentedRaftLogWorker"  prio=5 tid=4258 timed_waiting
java.lang.Thread.State: TIMED_WAITING
        at sun.misc.Unsafe.park(Native Method)
        at java.util.concurrent.locks.LockSupport.parkNanos(LockSupport.java:215)
        at java.util.concurrent.locks.AbstractQueuedSynchronizer$ConditionObject.awaitNanos(AbstractQueuedSynchronizer.java:2078)
        at org.apache.ratis.util.DataBlockingQueue.poll(DataBlockingQueue.java:148)
        at org.apache.ratis.server.raftlog.segmented.SegmentedRaftLogWorker.run(SegmentedRaftLogWorker.java:301)
        at org.apache.ratis.server.raftlog.segmented.SegmentedRaftLogWorker$$Lambda$646/1639153477.run(Unknown Source)
        at java.lang.Thread.run(Thread.java:750)
"7f555f3a-b754-420b-b6ea-bc4a43db69c9@group-C8483D63BD31-FollowerState" daemon prio=5 tid=6992 timed_waiting
java.lang.Thread.State: TIMED_WAITING
        at java.lang.Thread.sleep(Native Method)
        at java.lang.Thread.sleep(Thread.java:342)
        at java.util.concurrent.TimeUnit.sleep(TimeUnit.java:386)
        at org.apache.ratis.util.TimeDuration.sleep(TimeDuration.java:325)
        at org.apache.ratis.util.TimeDuration.sleep(TimeDuration.java:310)
        at org.apache.ratis.server.impl.FollowerState.run(FollowerState.java:128)
"IPC Server handler 4 on default port 43303" daemon prio=5 tid=6815 timed_waiting
java.lang.Thread.State: TIMED_WAITING
        at sun.misc.Unsafe.park(Native Method)
        at java.util.concurrent.locks.LockSupport.parkNanos(LockSupport.java:215)
        at java.util.concurrent.locks.AbstractQueuedSynchronizer$ConditionObject.awaitNanos(AbstractQueuedSynchronizer.java:2078)
        at java.util.concurrent.LinkedBlockingQueue.poll(LinkedBlockingQueue.java:467)
        at org.apache.hadoop.ipc.CallQueueManager.take(CallQueueManager.java:317)
        at org.apache.hadoop.ipc.Server$Handler.run(Server.java:2942)
"Datanode ReportManager Thread - 0" daemon prio=5 tid=6236 in Object.wait()
java.lang.Thread.State: WAITING (on object monitor)
        at sun.misc.Unsafe.park(Native Method)
        at java.util.concurrent.locks.LockSupport.park(LockSupport.java:175)
        at java.util.concurrent.locks.AbstractQueuedSynchronizer$ConditionObject.await(AbstractQueuedSynchronizer.java:2039)
        at java.util.concurrent.ScheduledThreadPoolExecutor$DelayedWorkQueue.take(ScheduledThreadPoolExecutor.java:1088)
        at java.util.concurrent.ScheduledThreadPoolExecutor$DelayedWorkQueue.take(ScheduledThreadPoolExecutor.java:809)
        at java.util.concurrent.ThreadPoolExecutor.getTask(ThreadPoolExecutor.java:1074)
        at java.util.concurrent.ThreadPoolExecutor.runWorker(ThreadPoolExecutor.java:1134)
        at java.util.concurrent.ThreadPoolExecutor$Worker.run(ThreadPoolExecutor.java:624)
        at java.lang.Thread.run(Thread.java:750)
"IPC Server handler 14 on default port 40471" daemon prio=5 tid=6805 timed_waiting
java.lang.Thread.State: TIMED_WAITING
        at sun.misc.Unsafe.park(Native Method)
        at java.util.concurrent.locks.LockSupport.parkNanos(LockSupport.java:215)
        at java.util.concurrent.locks.AbstractQueuedSynchronizer$ConditionObject.awaitNanos(AbstractQueuedSynchronizer.java:2078)
        at java.util.concurrent.LinkedBlockingQueue.poll(LinkedBlockingQueue.java:467)
        at org.apache.hadoop.ipc.CallQueueManager.take(CallQueueManager.java:317)
        at org.apache.hadoop.ipc.Server$Handler.run(Server.java:2942)
"IPC Server handler 9 on default port 43793" daemon prio=5 tid=4604 timed_waiting
java.lang.Thread.State: TIMED_WAITING
        at sun.misc.Unsafe.park(Native Method)
        at java.util.concurrent.locks.LockSupport.parkNanos(LockSupport.java:215)
        at java.util.concurrent.locks.AbstractQueuedSynchronizer$ConditionObject.awaitNanos(AbstractQueuedSynchronizer.java:2078)
        at java.util.concurrent.LinkedBlockingQueue.poll(LinkedBlockingQueue.java:467)
        at org.apache.hadoop.ipc.CallQueueManager.take(CallQueueManager.java:317)
        at org.apache.hadoop.ipc.Server$Handler.run(Server.java:2942)
"qtp900396159-6348" daemon prio=5 tid=6348 timed_waiting
java.lang.Thread.State: TIMED_WAITING
        at sun.misc.Unsafe.park(Native Method)
        at java.util.concurrent.locks.LockSupport.parkNanos(LockSupport.java:215)
        at java.util.concurrent.locks.AbstractQueuedSynchronizer$ConditionObject.awaitNanos(AbstractQueuedSynchronizer.java:2078)
        at org.eclipse.jetty.util.BlockingArrayQueue.poll(BlockingArrayQueue.java:382)
        at org.eclipse.jetty.util.thread.QueuedThreadPool$Runner.idleJobPoll(QueuedThreadPool.java:974)
        at org.eclipse.jetty.util.thread.QueuedThreadPool$Runner.run(QueuedThreadPool.java:1018)
        at java.lang.Thread.run(Thread.java:750)
"qtp1826924318-6100" daemon prio=5 tid=6100 timed_waiting
java.lang.Thread.State: TIMED_WAITING
        at sun.misc.Unsafe.park(Native Method)
        at java.util.concurrent.locks.LockSupport.parkNanos(LockSupport.java:215)
        at java.util.concurrent.locks.AbstractQueuedSynchronizer$ConditionObject.awaitNanos(AbstractQueuedSynchronizer.java:2078)
        at org.eclipse.jetty.util.BlockingArrayQueue.poll(BlockingArrayQueue.java:382)
        at org.eclipse.jetty.util.thread.QueuedThreadPool$Runner.idleJobPoll(QueuedThreadPool.java:974)
        at org.eclipse.jetty.util.thread.QueuedThreadPool$Runner.run(QueuedThreadPool.java:1018)
        at java.lang.Thread.run(Thread.java:750)
"qtp795168967-6421" daemon prio=5 tid=6421 runnable
java.lang.Thread.State: RUNNABLE
        at sun.nio.ch.EPollArrayWrapper.epollWait(Native Method)
        at sun.nio.ch.EPollArrayWrapper.poll(EPollArrayWrapper.java:269)
        at sun.nio.ch.EPollSelectorImpl.doSelect(EPollSelectorImpl.java:93)
        at sun.nio.ch.SelectorImpl.lockAndDoSelect(SelectorImpl.java:86)
        at sun.nio.ch.SelectorImpl.select(SelectorImpl.java:97)
        at sun.nio.ch.SelectorImpl.select(SelectorImpl.java:101)
        at org.eclipse.jetty.io.ManagedSelector.nioSelect(ManagedSelector.java:183)
        at org.eclipse.jetty.io.ManagedSelector.select(ManagedSelector.java:190)
        at org.eclipse.jetty.io.ManagedSelector$SelectorProducer.select(ManagedSelector.java:606)
        at org.eclipse.jetty.io.ManagedSelector$SelectorProducer.produce(ManagedSelector.java:543)
        at org.eclipse.jetty.util.thread.strategy.EatWhatYouKill.produceTask(EatWhatYouKill.java:362)
        at org.eclipse.jetty.util.thread.strategy.EatWhatYouKill.doProduce(EatWhatYouKill.java:186)
        at org.eclipse.jetty.util.thread.strategy.EatWhatYouKill.tryProduce(EatWhatYouKill.java:173)
        at org.eclipse.jetty.util.thread.strategy.EatWhatYouKill.produce(EatWhatYouKill.java:137)
        at org.eclipse.jetty.io.ManagedSelector$$Lambda$478/1665851504.run(Unknown Source)
        at org.eclipse.jetty.util.thread.QueuedThreadPool.runJob(QueuedThreadPool.java:883)
        at org.eclipse.jetty.util.thread.QueuedThreadPool$Runner.run(QueuedThreadPool.java:1034)
        at java.lang.Thread.run(Thread.java:750)
"qtp2029208225-5023" daemon prio=5 tid=5023 timed_waiting
java.lang.Thread.State: TIMED_WAITING
        at sun.misc.Unsafe.park(Native Method)
        at java.util.concurrent.locks.LockSupport.parkNanos(LockSupport.java:215)
        at java.util.concurrent.locks.AbstractQueuedSynchronizer$ConditionObject.awaitNanos(AbstractQueuedSynchronizer.java:2078)
        at org.eclipse.jetty.util.BlockingArrayQueue.poll(BlockingArrayQueue.java:382)
        at org.eclipse.jetty.util.thread.QueuedThreadPool$Runner.idleJobPoll(QueuedThreadPool.java:974)
        at org.eclipse.jetty.util.thread.QueuedThreadPool$Runner.run(QueuedThreadPool.java:1018)
        at java.lang.Thread.run(Thread.java:750)
"qtp1325558990-5911" daemon prio=5 tid=5911 timed_waiting
java.lang.Thread.State: TIMED_WAITING
        at sun.misc.Unsafe.park(Native Method)
        at java.util.concurrent.locks.LockSupport.parkNanos(LockSupport.java:215)
        at java.util.concurrent.locks.AbstractQueuedSynchronizer$ConditionObject.awaitNanos(AbstractQueuedSynchronizer.java:2078)
        at org.eclipse.jetty.util.BlockingArrayQueue.poll(BlockingArrayQueue.java:382)
        at org.eclipse.jetty.util.thread.QueuedThreadPool$Runner.idleJobPoll(QueuedThreadPool.java:974)
        at org.eclipse.jetty.util.thread.QueuedThreadPool$Runner.run(QueuedThreadPool.java:1018)
        at java.lang.Thread.run(Thread.java:750)
"ChunkWriter-0-0" daemon prio=5 tid=5322 in Object.wait()
java.lang.Thread.State: WAITING (on object monitor)
        at sun.misc.Unsafe.park(Native Method)
        at java.util.concurrent.locks.LockSupport.park(LockSupport.java:175)
        at java.util.concurrent.locks.AbstractQueuedSynchronizer$ConditionObject.await(AbstractQueuedSynchronizer.java:2039)
        at java.util.concurrent.LinkedBlockingDeque.takeFirst(LinkedBlockingDeque.java:492)
        at java.util.concurrent.LinkedBlockingDeque.take(LinkedBlockingDeque.java:680)
        at java.util.concurrent.ThreadPoolExecutor.getTask(ThreadPoolExecutor.java:1074)
        at java.util.concurrent.ThreadPoolExecutor.runWorker(ThreadPoolExecutor.java:1134)
        at java.util.concurrent.ThreadPoolExecutor$Worker.run(ThreadPoolExecutor.java:624)
        at java.lang.Thread.run(Thread.java:750)
"qtp1826924318-6102" daemon prio=5 tid=6102 timed_waiting
java.lang.Thread.State: TIMED_WAITING
        at sun.misc.Unsafe.park(Native Method)
        at java.util.concurrent.locks.LockSupport.parkNanos(LockSupport.java:215)
        at java.util.concurrent.locks.AbstractQueuedSynchronizer$ConditionObject.awaitNanos(AbstractQueuedSynchronizer.java:2078)
        at org.eclipse.jetty.util.BlockingArrayQueue.poll(BlockingArrayQueue.java:382)
        at org.eclipse.jetty.util.thread.QueuedThreadPool$Runner.idleJobPoll(QueuedThreadPool.java:974)
        at org.eclipse.jetty.util.thread.QueuedThreadPool$Runner.run(QueuedThreadPool.java:1018)
        at java.lang.Thread.run(Thread.java:750)
"Datanode ReportManager Thread - 3" daemon prio=5 tid=3983 in Object.wait()
java.lang.Thread.State: WAITING (on object monitor)
        at sun.misc.Unsafe.park(Native Method)
        at java.util.concurrent.locks.LockSupport.park(LockSupport.java:175)
        at java.util.concurrent.locks.AbstractQueuedSynchronizer$ConditionObject.await(AbstractQueuedSynchronizer.java:2039)
        at java.util.concurrent.ScheduledThreadPoolExecutor$DelayedWorkQueue.take(ScheduledThreadPoolExecutor.java:1088)
        at java.util.concurrent.ScheduledThreadPoolExecutor$DelayedWorkQueue.take(ScheduledThreadPoolExecutor.java:809)
        at java.util.concurrent.ThreadPoolExecutor.getTask(ThreadPoolExecutor.java:1074)
        at java.util.concurrent.ThreadPoolExecutor.runWorker(ThreadPoolExecutor.java:1134)
        at java.util.concurrent.ThreadPoolExecutor$Worker.run(ThreadPoolExecutor.java:624)
        at java.lang.Thread.run(Thread.java:750)
"qtp625773794-6377" daemon prio=5 tid=6377 timed_waiting
java.lang.Thread.State: TIMED_WAITING
        at sun.misc.Unsafe.park(Native Method)
        at java.util.concurrent.locks.LockSupport.parkNanos(LockSupport.java:215)
        at java.util.concurrent.locks.AbstractQueuedSynchronizer$ConditionObject.awaitNanos(AbstractQueuedSynchronizer.java:2078)
        at org.eclipse.jetty.util.BlockingArrayQueue.poll(BlockingArrayQueue.java:382)
        at org.eclipse.jetty.util.thread.QueuedThreadPool$Runner.idleJobPoll(QueuedThreadPool.java:974)
        at org.eclipse.jetty.util.thread.QueuedThreadPool$Runner.run(QueuedThreadPool.java:1018)
        at java.lang.Thread.run(Thread.java:750)
"ChunkReader-ELG-0" daemon prio=5 tid=6489 runnable
java.lang.Thread.State: RUNNABLE
        at org.apache.ratis.thirdparty.io.netty.channel.epoll.Native.epollWait(Native Method)
        at org.apache.ratis.thirdparty.io.netty.channel.epoll.Native.epollWait(Native.java:193)
        at org.apache.ratis.thirdparty.io.netty.channel.epoll.Native.epollWait(Native.java:186)
        at org.apache.ratis.thirdparty.io.netty.channel.epoll.EpollEventLoop.epollWaitNoTimerChange(EpollEventLoop.java:290)
        at org.apache.ratis.thirdparty.io.netty.channel.epoll.EpollEventLoop.run(EpollEventLoop.java:347)
        at org.apache.ratis.thirdparty.io.netty.util.concurrent.SingleThreadEventExecutor$4.run(SingleThreadEventExecutor.java:986)
        at org.apache.ratis.thirdparty.io.netty.util.internal.ThreadExecutorMap$2.run(ThreadExecutorMap.java:74)
        at java.lang.Thread.run(Thread.java:750)
"IPC Server handler 17 on default port 43819" daemon prio=5 tid=5859 timed_waiting
java.lang.Thread.State: TIMED_WAITING
        at sun.misc.Unsafe.park(Native Method)
        at java.util.concurrent.locks.LockSupport.parkNanos(LockSupport.java:215)
        at java.util.concurrent.locks.AbstractQueuedSynchronizer$ConditionObject.awaitNanos(AbstractQueuedSynchronizer.java:2078)
        at java.util.concurrent.LinkedBlockingQueue.poll(LinkedBlockingQueue.java:467)
        at org.apache.hadoop.ipc.CallQueueManager.take(CallQueueManager.java:317)
        at org.apache.hadoop.ipc.Server$Handler.run(Server.java:2942)
"ContainerOp-1a3410dc-4fd6-4954-94c6-9015fb128463-1"  prio=5 tid=6016 in Object.wait()
java.lang.Thread.State: WAITING (on object monitor)
        at sun.misc.Unsafe.park(Native Method)
        at java.util.concurrent.locks.LockSupport.park(LockSupport.java:175)
        at java.util.concurrent.locks.AbstractQueuedSynchronizer$ConditionObject.await(AbstractQueuedSynchronizer.java:2039)
        at java.util.concurrent.LinkedBlockingQueue.take(LinkedBlockingQueue.java:442)
        at java.util.concurrent.ThreadPoolExecutor.getTask(ThreadPoolExecutor.java:1074)
        at java.util.concurrent.ThreadPoolExecutor.runWorker(ThreadPoolExecutor.java:1134)
        at java.util.concurrent.ThreadPoolExecutor$Worker.run(ThreadPoolExecutor.java:624)
        at java.lang.Thread.run(Thread.java:750)
"CommandWatcher-LeaseManager#LeaseMonitor" daemon prio=5 tid=4574 timed_waiting
java.lang.Thread.State: TIMED_WAITING
        at java.lang.Object.wait(Native Method)
        at org.apache.hadoop.ozone.lease.LeaseManager$LeaseMonitor.run(LeaseManager.java:238)
        at java.lang.Thread.run(Thread.java:750)
"StaleRecoveringContainerScrubbingService#0" daemon prio=5 tid=6410 timed_waiting
java.lang.Thread.State: TIMED_WAITING
        at sun.misc.Unsafe.park(Native Method)
        at java.util.concurrent.locks.LockSupport.parkNanos(LockSupport.java:215)
        at java.util.concurrent.locks.AbstractQueuedSynchronizer$ConditionObject.awaitNanos(AbstractQueuedSynchronizer.java:2078)
        at java.util.concurrent.ScheduledThreadPoolExecutor$DelayedWorkQueue.take(ScheduledThreadPoolExecutor.java:1093)
        at java.util.concurrent.ScheduledThreadPoolExecutor$DelayedWorkQueue.take(ScheduledThreadPoolExecutor.java:809)
        at java.util.concurrent.ThreadPoolExecutor.getTask(ThreadPoolExecutor.java:1074)
        at java.util.concurrent.ThreadPoolExecutor.runWorker(ThreadPoolExecutor.java:1134)
        at java.util.concurrent.ThreadPoolExecutor$Worker.run(ThreadPoolExecutor.java:624)
        at java.lang.Thread.run(Thread.java:750)
"7c212dc6-cebf-495f-bd67-bd25421d8adf@group-265FEEA93700-StateMachineUpdater" daemon prio=5 tid=5460 timed_waiting
java.lang.Thread.State: TIMED_WAITING
        at sun.misc.Unsafe.park(Native Method)
        at java.util.concurrent.locks.LockSupport.parkNanos(LockSupport.java:215)
        at java.util.concurrent.CompletableFuture$Signaller.block(CompletableFuture.java:1709)
        at java.util.concurrent.ForkJoinPool.managedBlock(ForkJoinPool.java:3323)
        at java.util.concurrent.CompletableFuture.timedGet(CompletableFuture.java:1788)
        at java.util.concurrent.CompletableFuture.get(CompletableFuture.java:1928)
        at org.apache.ratis.util.AwaitForSignal.await(AwaitForSignal.java:56)
        at org.apache.ratis.server.impl.StateMachineUpdater.waitForCommit(StateMachineUpdater.java:207)
        at org.apache.ratis.server.impl.StateMachineUpdater.run(StateMachineUpdater.java:176)
        at java.lang.Thread.run(Thread.java:750)
"DirectoryDeletingService#0" daemon prio=5 tid=4853 timed_waiting
java.lang.Thread.State: TIMED_WAITING
        at sun.misc.Unsafe.park(Native Method)
        at java.util.concurrent.locks.LockSupport.parkNanos(LockSupport.java:215)
        at java.util.concurrent.locks.AbstractQueuedSynchronizer$ConditionObject.awaitNanos(AbstractQueuedSynchronizer.java:2078)
        at java.util.concurrent.ScheduledThreadPoolExecutor$DelayedWorkQueue.take(ScheduledThreadPoolExecutor.java:1093)
        at java.util.concurrent.ScheduledThreadPoolExecutor$DelayedWorkQueue.take(ScheduledThreadPoolExecutor.java:809)
        at java.util.concurrent.ThreadPoolExecutor.getTask(ThreadPoolExecutor.java:1074)
        at java.util.concurrent.ThreadPoolExecutor.runWorker(ThreadPoolExecutor.java:1134)
        at java.util.concurrent.ThreadPoolExecutor$Worker.run(ThreadPoolExecutor.java:624)
        at java.lang.Thread.run(Thread.java:750)
"qtp1706216417-4862" daemon prio=5 tid=4862 timed_waiting
java.lang.Thread.State: TIMED_WAITING
        at sun.misc.Unsafe.park(Native Method)
        at java.util.concurrent.locks.LockSupport.parkNanos(LockSupport.java:215)
        at java.util.concurrent.locks.AbstractQueuedSynchronizer$ConditionObject.awaitNanos(AbstractQueuedSynchronizer.java:2078)
        at org.eclipse.jetty.util.BlockingArrayQueue.poll(BlockingArrayQueue.java:382)
        at org.eclipse.jetty.util.thread.QueuedThreadPool$Runner.idleJobPoll(QueuedThreadPool.java:974)
        at org.eclipse.jetty.util.thread.QueuedThreadPool$Runner.run(QueuedThreadPool.java:1018)
        at java.lang.Thread.run(Thread.java:750)
"IPC Server handler 11 on default port 35421" daemon prio=5 tid=4586 timed_waiting
java.lang.Thread.State: TIMED_WAITING
        at sun.misc.Unsafe.park(Native Method)
        at java.util.concurrent.locks.LockSupport.parkNanos(LockSupport.java:215)
        at java.util.concurrent.locks.AbstractQueuedSynchronizer$ConditionObject.awaitNanos(AbstractQueuedSynchronizer.java:2078)
        at java.util.concurrent.LinkedBlockingQueue.poll(LinkedBlockingQueue.java:467)
        at org.apache.hadoop.ipc.CallQueueManager.take(CallQueueManager.java:317)
        at org.apache.hadoop.ipc.Server$Handler.run(Server.java:2942)
"pool-3654-thread-1"  prio=5 tid=6560 in Object.wait()
java.lang.Thread.State: WAITING (on object monitor)
        at sun.misc.Unsafe.park(Native Method)
        at java.util.concurrent.locks.LockSupport.park(LockSupport.java:175)
        at java.util.concurrent.locks.AbstractQueuedSynchronizer$ConditionObject.await(AbstractQueuedSynchronizer.java:2039)
        at java.util.concurrent.LinkedBlockingQueue.take(LinkedBlockingQueue.java:442)
        at java.util.concurrent.ThreadPoolExecutor.getTask(ThreadPoolExecutor.java:1074)
        at java.util.concurrent.ThreadPoolExecutor.runWorker(ThreadPoolExecutor.java:1134)
        at java.util.concurrent.ThreadPoolExecutor$Worker.run(ThreadPoolExecutor.java:624)
        at java.lang.Thread.run(Thread.java:750)
"ChunkWriter-3-0" daemon prio=5 tid=6508 in Object.wait()
java.lang.Thread.State: WAITING (on object monitor)
        at sun.misc.Unsafe.park(Native Method)
        at java.util.concurrent.locks.LockSupport.park(LockSupport.java:175)
        at java.util.concurrent.locks.AbstractQueuedSynchronizer$ConditionObject.await(AbstractQueuedSynchronizer.java:2039)
        at java.util.concurrent.LinkedBlockingDeque.takeFirst(LinkedBlockingDeque.java:492)
        at java.util.concurrent.LinkedBlockingDeque.take(LinkedBlockingDeque.java:680)
        at java.util.concurrent.ThreadPoolExecutor.getTask(ThreadPoolExecutor.java:1074)
        at java.util.concurrent.ThreadPoolExecutor.runWorker(ThreadPoolExecutor.java:1134)
        at java.util.concurrent.ThreadPoolExecutor$Worker.run(ThreadPoolExecutor.java:624)
        at java.lang.Thread.run(Thread.java:750)
"Datanode State Machine Daemon Thread" daemon prio=5 tid=6269 timed_waiting
java.lang.Thread.State: TIMED_WAITING
        at java.lang.Thread.sleep(Native Method)
        at org.apache.hadoop.ozone.container.common.statemachine.DatanodeStateMachine.startStateMachineThread(DatanodeStateMachine.java:313)
        at org.apache.hadoop.ozone.container.common.statemachine.DatanodeStateMachine.lambda$startDaemon$0(DatanodeStateMachine.java:493)
        at org.apache.hadoop.ozone.container.common.statemachine.DatanodeStateMachine$$Lambda$761/216690043.run(Unknown Source)
        at java.lang.Thread.run(Thread.java:750)
"Datanode ReportManager Thread - 3" daemon prio=5 tid=6437 in Object.wait()
java.lang.Thread.State: WAITING (on object monitor)
        at sun.misc.Unsafe.park(Native Method)
        at java.util.concurrent.locks.LockSupport.park(LockSupport.java:175)
        at java.util.concurrent.locks.AbstractQueuedSynchronizer$ConditionObject.await(AbstractQueuedSynchronizer.java:2039)
        at java.util.concurrent.ScheduledThreadPoolExecutor$DelayedWorkQueue.take(ScheduledThreadPoolExecutor.java:1088)
        at java.util.concurrent.ScheduledThreadPoolExecutor$DelayedWorkQueue.take(ScheduledThreadPoolExecutor.java:809)
        at java.util.concurrent.ThreadPoolExecutor.getTask(ThreadPoolExecutor.java:1074)
        at java.util.concurrent.ThreadPoolExecutor.runWorker(ThreadPoolExecutor.java:1134)
        at java.util.concurrent.ThreadPoolExecutor$Worker.run(ThreadPoolExecutor.java:624)
        at java.lang.Thread.run(Thread.java:750)
"DataNode DiskChecker thread 0" daemon prio=5 tid=6415 timed_waiting
java.lang.Thread.State: TIMED_WAITING
        at sun.misc.Unsafe.park(Native Method)
        at java.util.concurrent.locks.LockSupport.parkNanos(LockSupport.java:215)
        at java.util.concurrent.SynchronousQueue$TransferStack.awaitFulfill(SynchronousQueue.java:460)
        at java.util.concurrent.SynchronousQueue$TransferStack.transfer(SynchronousQueue.java:362)
        at java.util.concurrent.SynchronousQueue.poll(SynchronousQueue.java:941)
        at java.util.concurrent.ThreadPoolExecutor.getTask(ThreadPoolExecutor.java:1073)
        at java.util.concurrent.ThreadPoolExecutor.runWorker(ThreadPoolExecutor.java:1134)
        at java.util.concurrent.ThreadPoolExecutor$Worker.run(ThreadPoolExecutor.java:624)
        at java.lang.Thread.run(Thread.java:750)
"Datanode ReportManager Thread - 1" daemon prio=5 tid=5110 timed_waiting
java.lang.Thread.State: TIMED_WAITING
        at sun.misc.Unsafe.park(Native Method)
        at java.util.concurrent.locks.LockSupport.parkNanos(LockSupport.java:215)
        at java.util.concurrent.locks.AbstractQueuedSynchronizer$ConditionObject.awaitNanos(AbstractQueuedSynchronizer.java:2078)
        at java.util.concurrent.ScheduledThreadPoolExecutor$DelayedWorkQueue.take(ScheduledThreadPoolExecutor.java:1093)
        at java.util.concurrent.ScheduledThreadPoolExecutor$DelayedWorkQueue.take(ScheduledThreadPoolExecutor.java:809)
        at java.util.concurrent.ThreadPoolExecutor.getTask(ThreadPoolExecutor.java:1074)
        at java.util.concurrent.ThreadPoolExecutor.runWorker(ThreadPoolExecutor.java:1134)
        at java.util.concurrent.ThreadPoolExecutor$Worker.run(ThreadPoolExecutor.java:624)
        at java.lang.Thread.run(Thread.java:750)
"8734203a-70d5-40c1-ad48-a2d447aaef1c@group-C8483D63BD31->7f555f3a-b754-420b-b6ea-bc4a43db69c9-GrpcLogAppender-LogAppenderDaemon" daemon prio=5 tid=6996 timed_waiting
java.lang.Thread.State: TIMED_WAITING
        at sun.misc.Unsafe.park(Native Method)
        at java.util.concurrent.locks.LockSupport.parkNanos(LockSupport.java:215)
        at java.util.concurrent.CompletableFuture$Signaller.block(CompletableFuture.java:1709)
        at java.util.concurrent.ForkJoinPool.managedBlock(ForkJoinPool.java:3323)
        at java.util.concurrent.CompletableFuture.timedGet(CompletableFuture.java:1788)
        at java.util.concurrent.CompletableFuture.get(CompletableFuture.java:1928)
        at org.apache.ratis.util.AwaitForSignal.await(AwaitForSignal.java:56)
        at org.apache.ratis.grpc.server.GrpcLogAppender.mayWait(GrpcLogAppender.java:169)
        at org.apache.ratis.grpc.server.GrpcLogAppender.run(GrpcLogAppender.java:128)
        at org.apache.ratis.server.leader.LogAppenderDaemon.run(LogAppenderDaemon.java:77)
        at org.apache.ratis.server.leader.LogAppenderDaemon$$Lambda$1044/613649554.run(Unknown Source)
        at java.lang.Thread.run(Thread.java:750)
"FullTableCache Cleanup Thread - 0" daemon prio=5 tid=653 in Object.wait()
java.lang.Thread.State: WAITING (on object monitor)
        at sun.misc.Unsafe.park(Native Method)
        at java.util.concurrent.locks.LockSupport.park(LockSupport.java:175)
        at java.util.concurrent.locks.AbstractQueuedSynchronizer$ConditionObject.await(AbstractQueuedSynchronizer.java:2039)
        at java.util.concurrent.LinkedBlockingQueue.take(LinkedBlockingQueue.java:442)
        at java.util.concurrent.ThreadPoolExecutor.getTask(ThreadPoolExecutor.java:1074)
        at java.util.concurrent.ThreadPoolExecutor.runWorker(ThreadPoolExecutor.java:1134)
        at java.util.concurrent.ThreadPoolExecutor$Worker.run(ThreadPoolExecutor.java:624)
        at java.lang.Thread.run(Thread.java:750)
"Datanode ReportManager Thread - 1" daemon prio=5 tid=4124 timed_waiting
java.lang.Thread.State: TIMED_WAITING
        at sun.misc.Unsafe.park(Native Method)
        at java.util.concurrent.locks.LockSupport.parkNanos(LockSupport.java:215)
        at java.util.concurrent.locks.AbstractQueuedSynchronizer$ConditionObject.awaitNanos(AbstractQueuedSynchronizer.java:2078)
        at java.util.concurrent.ScheduledThreadPoolExecutor$DelayedWorkQueue.take(ScheduledThreadPoolExecutor.java:1093)
        at java.util.concurrent.ScheduledThreadPoolExecutor$DelayedWorkQueue.take(ScheduledThreadPoolExecutor.java:809)
        at java.util.concurrent.ThreadPoolExecutor.getTask(ThreadPoolExecutor.java:1074)
        at java.util.concurrent.ThreadPoolExecutor.runWorker(ThreadPoolExecutor.java:1134)
        at java.util.concurrent.ThreadPoolExecutor$Worker.run(ThreadPoolExecutor.java:624)
        at java.lang.Thread.run(Thread.java:750)
"qtp896413985-5151" daemon prio=5 tid=5151 timed_waiting
java.lang.Thread.State: TIMED_WAITING
        at sun.misc.Unsafe.park(Native Method)
        at java.util.concurrent.locks.LockSupport.parkNanos(LockSupport.java:215)
        at java.util.concurrent.locks.AbstractQueuedSynchronizer$ConditionObject.awaitNanos(AbstractQueuedSynchronizer.java:2078)
        at org.eclipse.jetty.util.BlockingArrayQueue.poll(BlockingArrayQueue.java:382)
        at org.eclipse.jetty.util.thread.QueuedThreadPool$Runner.idleJobPoll(QueuedThreadPool.java:974)
        at org.eclipse.jetty.util.thread.QueuedThreadPool$Runner.run(QueuedThreadPool.java:1018)
        at java.lang.Thread.run(Thread.java:750)
"2807d27e-eacf-4ef9-9ccd-2d34dc032c62@group-8C1DE3C4B685-SegmentedRaftLogWorker"  prio=5 tid=6380 timed_waiting
java.lang.Thread.State: TIMED_WAITING
        at sun.misc.Unsafe.park(Native Method)
        at java.util.concurrent.locks.LockSupport.parkNanos(LockSupport.java:215)
        at java.util.concurrent.locks.AbstractQueuedSynchronizer$ConditionObject.awaitNanos(AbstractQueuedSynchronizer.java:2078)
        at org.apache.ratis.util.DataBlockingQueue.poll(DataBlockingQueue.java:148)
        at org.apache.ratis.server.raftlog.segmented.SegmentedRaftLogWorker.run(SegmentedRaftLogWorker.java:301)
        at org.apache.ratis.server.raftlog.segmented.SegmentedRaftLogWorker$$Lambda$646/1639153477.run(Unknown Source)
        at java.lang.Thread.run(Thread.java:750)
"qtp1706216417-4863" daemon prio=5 tid=4863 timed_waiting
java.lang.Thread.State: TIMED_WAITING
        at sun.misc.Unsafe.park(Native Method)
        at java.util.concurrent.locks.LockSupport.parkNanos(LockSupport.java:215)
        at java.util.concurrent.locks.AbstractQueuedSynchronizer$ConditionObject.awaitNanos(AbstractQueuedSynchronizer.java:2078)
        at org.eclipse.jetty.util.BlockingArrayQueue.poll(BlockingArrayQueue.java:382)
        at org.eclipse.jetty.util.thread.QueuedThreadPool$Runner.idleJobPoll(QueuedThreadPool.java:974)
        at org.eclipse.jetty.util.thread.QueuedThreadPool$Runner.run(QueuedThreadPool.java:1018)
        at java.lang.Thread.run(Thread.java:750)
"IPC Server handler 5 on default port 46525" daemon prio=5 tid=3799 timed_waiting
java.lang.Thread.State: TIMED_WAITING
        at sun.misc.Unsafe.park(Native Method)
        at java.util.concurrent.locks.LockSupport.parkNanos(LockSupport.java:215)
        at java.util.concurrent.locks.AbstractQueuedSynchronizer$ConditionObject.awaitNanos(AbstractQueuedSynchronizer.java:2078)
        at java.util.concurrent.LinkedBlockingQueue.poll(LinkedBlockingQueue.java:467)
        at org.apache.hadoop.ipc.CallQueueManager.take(CallQueueManager.java:317)
        at org.apache.hadoop.ipc.Server$Handler.run(Server.java:2942)
"qtp1307868917-5226" daemon prio=5 tid=5226 timed_waiting
java.lang.Thread.State: TIMED_WAITING
        at sun.misc.Unsafe.park(Native Method)
        at java.util.concurrent.locks.LockSupport.parkNanos(LockSupport.java:215)
        at java.util.concurrent.locks.AbstractQueuedSynchronizer$ConditionObject.awaitNanos(AbstractQueuedSynchronizer.java:2078)
        at org.eclipse.jetty.util.BlockingArrayQueue.poll(BlockingArrayQueue.java:382)
        at org.eclipse.jetty.util.thread.QueuedThreadPool$Runner.idleJobPoll(QueuedThreadPool.java:974)
        at org.eclipse.jetty.util.thread.QueuedThreadPool$Runner.run(QueuedThreadPool.java:1018)
        at java.lang.Thread.run(Thread.java:750)
"IPC Server idle connection scanner for port 43793" daemon prio=5 tid=4547 timed_waiting
java.lang.Thread.State: TIMED_WAITING
        at java.lang.Object.wait(Native Method)
        at java.util.TimerThread.mainLoop(Timer.java:552)
        at java.util.TimerThread.run(Timer.java:505)
"IPC Server handler 3 on default port 35421" daemon prio=5 tid=4578 timed_waiting
java.lang.Thread.State: TIMED_WAITING
        at sun.misc.Unsafe.park(Native Method)
        at java.util.concurrent.locks.LockSupport.parkNanos(LockSupport.java:215)
        at java.util.concurrent.locks.AbstractQueuedSynchronizer$ConditionObject.awaitNanos(AbstractQueuedSynchronizer.java:2078)
        at java.util.concurrent.LinkedBlockingQueue.poll(LinkedBlockingQueue.java:467)
        at org.apache.hadoop.ipc.CallQueueManager.take(CallQueueManager.java:317)
        at org.apache.hadoop.ipc.Server$Handler.run(Server.java:2942)
"IPC Server handler 5 on default port 40471" daemon prio=5 tid=6796 timed_waiting
java.lang.Thread.State: TIMED_WAITING
        at sun.misc.Unsafe.park(Native Method)
        at java.util.concurrent.locks.LockSupport.parkNanos(LockSupport.java:215)
        at java.util.concurrent.locks.AbstractQueuedSynchronizer$ConditionObject.awaitNanos(AbstractQueuedSynchronizer.java:2078)
        at java.util.concurrent.LinkedBlockingQueue.poll(LinkedBlockingQueue.java:467)
        at org.apache.hadoop.ipc.CallQueueManager.take(CallQueueManager.java:317)
        at org.apache.hadoop.ipc.Server$Handler.run(Server.java:2942)
"8734203a-70d5-40c1-ad48-a2d447aaef1c@group-C8483D63BD31->ed0c9528-2c8b-4614-9eef-2d120a058ddc-GrpcLogAppender-LogAppenderDaemon" daemon prio=5 tid=6995 timed_waiting
java.lang.Thread.State: TIMED_WAITING
        at sun.misc.Unsafe.park(Native Method)
        at java.util.concurrent.locks.LockSupport.parkNanos(LockSupport.java:215)
        at java.util.concurrent.CompletableFuture$Signaller.block(CompletableFuture.java:1709)
        at java.util.concurrent.ForkJoinPool.managedBlock(ForkJoinPool.java:3323)
        at java.util.concurrent.CompletableFuture.timedGet(CompletableFuture.java:1788)
        at java.util.concurrent.CompletableFuture.get(CompletableFuture.java:1928)
        at org.apache.ratis.util.AwaitForSignal.await(AwaitForSignal.java:56)
        at org.apache.ratis.grpc.server.GrpcLogAppender.mayWait(GrpcLogAppender.java:169)
        at org.apache.ratis.grpc.server.GrpcLogAppender.run(GrpcLogAppender.java:128)
        at org.apache.ratis.server.leader.LogAppenderDaemon.run(LogAppenderDaemon.java:77)
        at org.apache.ratis.server.leader.LogAppenderDaemon$$Lambda$1044/613649554.run(Unknown Source)
        at java.lang.Thread.run(Thread.java:750)
"pool-3807-thread-1" daemon prio=5 tid=6366 timed_waiting
java.lang.Thread.State: TIMED_WAITING
        at sun.misc.Unsafe.park(Native Method)
        at java.util.concurrent.locks.LockSupport.parkNanos(LockSupport.java:215)
        at java.util.concurrent.locks.AbstractQueuedSynchronizer$ConditionObject.awaitNanos(AbstractQueuedSynchronizer.java:2078)
        at java.util.concurrent.ScheduledThreadPoolExecutor$DelayedWorkQueue.take(ScheduledThreadPoolExecutor.java:1093)
        at java.util.concurrent.ScheduledThreadPoolExecutor$DelayedWorkQueue.take(ScheduledThreadPoolExecutor.java:809)
        at java.util.concurrent.ThreadPoolExecutor.getTask(ThreadPoolExecutor.java:1074)
        at java.util.concurrent.ThreadPoolExecutor.runWorker(ThreadPoolExecutor.java:1134)
        at java.util.concurrent.ThreadPoolExecutor$Worker.run(ThreadPoolExecutor.java:624)
        at java.lang.Thread.run(Thread.java:750)
"qtp1906917657-4648" daemon prio=5 tid=4648 timed_waiting
java.lang.Thread.State: TIMED_WAITING
        at sun.misc.Unsafe.park(Native Method)
        at java.util.concurrent.locks.LockSupport.parkNanos(LockSupport.java:215)
        at java.util.concurrent.locks.AbstractQueuedSynchronizer$ConditionObject.awaitNanos(AbstractQueuedSynchronizer.java:2078)
        at org.eclipse.jetty.util.BlockingArrayQueue.poll(BlockingArrayQueue.java:382)
        at org.eclipse.jetty.util.thread.QueuedThreadPool$Runner.idleJobPoll(QueuedThreadPool.java:974)
        at org.eclipse.jetty.util.thread.QueuedThreadPool$Runner.run(QueuedThreadPool.java:1018)
        at java.lang.Thread.run(Thread.java:750)
"qtp2074136396-3783" daemon prio=5 tid=3783 timed_waiting
java.lang.Thread.State: TIMED_WAITING
        at sun.misc.Unsafe.park(Native Method)
        at java.util.concurrent.locks.LockSupport.parkNanos(LockSupport.java:215)
        at java.util.concurrent.locks.AbstractQueuedSynchronizer$ConditionObject.awaitNanos(AbstractQueuedSynchronizer.java:2078)
        at org.eclipse.jetty.util.BlockingArrayQueue.poll(BlockingArrayQueue.java:382)
        at org.eclipse.jetty.util.thread.QueuedThreadPool$Runner.idleJobPoll(QueuedThreadPool.java:974)
        at org.eclipse.jetty.util.thread.QueuedThreadPool$Runner.run(QueuedThreadPool.java:1018)
        at java.lang.Thread.run(Thread.java:750)
"IPC Server handler 6 on default port 40173" daemon prio=5 tid=6114 timed_waiting
java.lang.Thread.State: TIMED_WAITING
        at sun.misc.Unsafe.park(Native Method)
        at java.util.concurrent.locks.LockSupport.parkNanos(LockSupport.java:215)
        at java.util.concurrent.locks.AbstractQueuedSynchronizer$ConditionObject.awaitNanos(AbstractQueuedSynchronizer.java:2078)
        at java.util.concurrent.LinkedBlockingQueue.poll(LinkedBlockingQueue.java:467)
        at org.apache.hadoop.ipc.CallQueueManager.take(CallQueueManager.java:317)
        at org.apache.hadoop.ipc.Server$Handler.run(Server.java:2942)
"EventQueue-NewNodeForNewNodeHandler" daemon prio=5 tid=6495 in Object.wait()
java.lang.Thread.State: WAITING (on object monitor)
        at sun.misc.Unsafe.park(Native Method)
        at java.util.concurrent.locks.LockSupport.park(LockSupport.java:175)
        at java.util.concurrent.locks.AbstractQueuedSynchronizer$ConditionObject.await(AbstractQueuedSynchronizer.java:2039)
        at java.util.concurrent.LinkedBlockingQueue.take(LinkedBlockingQueue.java:442)
        at java.util.concurrent.ThreadPoolExecutor.getTask(ThreadPoolExecutor.java:1074)
        at java.util.concurrent.ThreadPoolExecutor.runWorker(ThreadPoolExecutor.java:1134)
        at java.util.concurrent.ThreadPoolExecutor$Worker.run(ThreadPoolExecutor.java:624)
        at java.lang.Thread.run(Thread.java:750)
"ChunkWriter-0-0" daemon prio=5 tid=4197 in Object.wait()
java.lang.Thread.State: WAITING (on object monitor)
        at sun.misc.Unsafe.park(Native Method)
        at java.util.concurrent.locks.LockSupport.park(LockSupport.java:175)
        at java.util.concurrent.locks.AbstractQueuedSynchronizer$ConditionObject.await(AbstractQueuedSynchronizer.java:2039)
        at java.util.concurrent.LinkedBlockingDeque.takeFirst(LinkedBlockingDeque.java:492)
        at java.util.concurrent.LinkedBlockingDeque.take(LinkedBlockingDeque.java:680)
        at java.util.concurrent.ThreadPoolExecutor.getTask(ThreadPoolExecutor.java:1074)
        at java.util.concurrent.ThreadPoolExecutor.runWorker(ThreadPoolExecutor.java:1134)
        at java.util.concurrent.ThreadPoolExecutor$Worker.run(ThreadPoolExecutor.java:624)
        at java.lang.Thread.run(Thread.java:750)
"Datanode ReportManager Thread - 0" daemon prio=5 tid=6270 in Object.wait()
java.lang.Thread.State: WAITING (on object monitor)
        at sun.misc.Unsafe.park(Native Method)
        at java.util.concurrent.locks.LockSupport.park(LockSupport.java:175)
        at java.util.concurrent.locks.AbstractQueuedSynchronizer$ConditionObject.await(AbstractQueuedSynchronizer.java:2039)
        at java.util.concurrent.ScheduledThreadPoolExecutor$DelayedWorkQueue.take(ScheduledThreadPoolExecutor.java:1088)
        at java.util.concurrent.ScheduledThreadPoolExecutor$DelayedWorkQueue.take(ScheduledThreadPoolExecutor.java:809)
        at java.util.concurrent.ThreadPoolExecutor.getTask(ThreadPoolExecutor.java:1074)
        at java.util.concurrent.ThreadPoolExecutor.runWorker(ThreadPoolExecutor.java:1134)
        at java.util.concurrent.ThreadPoolExecutor$Worker.run(ThreadPoolExecutor.java:624)
        at java.lang.Thread.run(Thread.java:750)
"Datanode ReportManager Thread - 4" daemon prio=5 tid=3984 in Object.wait()
java.lang.Thread.State: WAITING (on object monitor)
        at sun.misc.Unsafe.park(Native Method)
        at java.util.concurrent.locks.LockSupport.park(LockSupport.java:175)
        at java.util.concurrent.locks.AbstractQueuedSynchronizer$ConditionObject.await(AbstractQueuedSynchronizer.java:2039)
        at java.util.concurrent.ScheduledThreadPoolExecutor$DelayedWorkQueue.take(ScheduledThreadPoolExecutor.java:1088)
        at java.util.concurrent.ScheduledThreadPoolExecutor$DelayedWorkQueue.take(ScheduledThreadPoolExecutor.java:809)
        at java.util.concurrent.ThreadPoolExecutor.getTask(ThreadPoolExecutor.java:1074)
        at java.util.concurrent.ThreadPoolExecutor.runWorker(ThreadPoolExecutor.java:1134)
        at java.util.concurrent.ThreadPoolExecutor$Worker.run(ThreadPoolExecutor.java:624)
        at java.lang.Thread.run(Thread.java:750)
"IPC Server handler 6 on default port 35679" daemon prio=5 tid=5868 timed_waiting
java.lang.Thread.State: TIMED_WAITING
        at sun.misc.Unsafe.park(Native Method)
        at java.util.concurrent.locks.LockSupport.parkNanos(LockSupport.java:215)
        at java.util.concurrent.locks.AbstractQueuedSynchronizer$ConditionObject.awaitNanos(AbstractQueuedSynchronizer.java:2078)
        at java.util.concurrent.LinkedBlockingQueue.poll(LinkedBlockingQueue.java:467)
        at org.apache.hadoop.ipc.CallQueueManager.take(CallQueueManager.java:317)
        at org.apache.hadoop.ipc.Server$Handler.run(Server.java:2942)
"grpc-default-worker-ELG-3-1" daemon prio=5 tid=457 runnable
java.lang.Thread.State: RUNNABLE
        at org.apache.ratis.thirdparty.io.netty.channel.epoll.Native.epollWait(Native Method)
        at org.apache.ratis.thirdparty.io.netty.channel.epoll.Native.epollWait(Native.java:193)
        at org.apache.ratis.thirdparty.io.netty.channel.epoll.Native.epollWait(Native.java:186)
        at org.apache.ratis.thirdparty.io.netty.channel.epoll.EpollEventLoop.epollWaitNoTimerChange(EpollEventLoop.java:290)
        at org.apache.ratis.thirdparty.io.netty.channel.epoll.EpollEventLoop.run(EpollEventLoop.java:347)
        at org.apache.ratis.thirdparty.io.netty.util.concurrent.SingleThreadEventExecutor$4.run(SingleThreadEventExecutor.java:986)
        at org.apache.ratis.thirdparty.io.netty.util.internal.ThreadExecutorMap$2.run(ThreadExecutorMap.java:74)
        at org.apache.ratis.thirdparty.io.netty.util.concurrent.FastThreadLocalRunnable.run(FastThreadLocalRunnable.java:30)
        at java.lang.Thread.run(Thread.java:750)
"ContainerOp-1a3410dc-4fd6-4954-94c6-9015fb128463-6"  prio=5 tid=6132 in Object.wait()
java.lang.Thread.State: WAITING (on object monitor)
        at sun.misc.Unsafe.park(Native Method)
        at java.util.concurrent.locks.LockSupport.park(LockSupport.java:175)
        at java.util.concurrent.locks.AbstractQueuedSynchronizer$ConditionObject.await(AbstractQueuedSynchronizer.java:2039)
        at java.util.concurrent.LinkedBlockingQueue.take(LinkedBlockingQueue.java:442)
        at java.util.concurrent.ThreadPoolExecutor.getTask(ThreadPoolExecutor.java:1074)
        at java.util.concurrent.ThreadPoolExecutor.runWorker(ThreadPoolExecutor.java:1134)
        at java.util.concurrent.ThreadPoolExecutor$Worker.run(ThreadPoolExecutor.java:624)
        at java.lang.Thread.run(Thread.java:750)
"Datanode State Machine Daemon Thread" daemon prio=5 tid=6326 timed_waiting
java.lang.Thread.State: TIMED_WAITING
        at java.lang.Thread.sleep(Native Method)
        at org.apache.hadoop.ozone.container.common.statemachine.DatanodeStateMachine.startStateMachineThread(DatanodeStateMachine.java:313)
        at org.apache.hadoop.ozone.container.common.statemachine.DatanodeStateMachine.lambda$startDaemon$0(DatanodeStateMachine.java:493)
        at org.apache.hadoop.ozone.container.common.statemachine.DatanodeStateMachine$$Lambda$761/216690043.run(Unknown Source)
        at java.lang.Thread.run(Thread.java:750)
"StaleRecoveringContainerScrubbingService#0" daemon prio=5 tid=5350 in Object.wait()
java.lang.Thread.State: WAITING (on object monitor)
        at sun.misc.Unsafe.park(Native Method)
        at java.util.concurrent.locks.LockSupport.park(LockSupport.java:175)
        at java.util.concurrent.locks.AbstractQueuedSynchronizer$ConditionObject.await(AbstractQueuedSynchronizer.java:2039)
        at java.util.concurrent.ScheduledThreadPoolExecutor$DelayedWorkQueue.take(ScheduledThreadPoolExecutor.java:1088)
        at java.util.concurrent.ScheduledThreadPoolExecutor$DelayedWorkQueue.take(ScheduledThreadPoolExecutor.java:809)
        at java.util.concurrent.ThreadPoolExecutor.getTask(ThreadPoolExecutor.java:1074)
        at java.util.concurrent.ThreadPoolExecutor.runWorker(ThreadPoolExecutor.java:1134)
        at java.util.concurrent.ThreadPoolExecutor$Worker.run(ThreadPoolExecutor.java:624)
        at java.lang.Thread.run(Thread.java:750)
"7f555f3a-b754-420b-b6ea-bc4a43db69c9@group-B16A668C3C87-LeaderStateImpl" daemon prio=5 tid=6749 timed_waiting
java.lang.Thread.State: TIMED_WAITING
        at sun.misc.Unsafe.park(Native Method)
        at java.util.concurrent.locks.LockSupport.parkNanos(LockSupport.java:215)
        at java.util.concurrent.locks.AbstractQueuedSynchronizer$ConditionObject.awaitNanos(AbstractQueuedSynchronizer.java:2078)
        at java.util.concurrent.ArrayBlockingQueue.poll(ArrayBlockingQueue.java:418)
        at org.apache.ratis.server.impl.LeaderStateImpl$EventQueue.poll(LeaderStateImpl.java:159)
        at org.apache.ratis.server.impl.LeaderStateImpl$EventProcessor.run(LeaderStateImpl.java:630)
"IPC Server handler 8 on default port 35375" daemon prio=5 tid=4884 timed_waiting
java.lang.Thread.State: TIMED_WAITING
        at sun.misc.Unsafe.park(Native Method)
        at java.util.concurrent.locks.LockSupport.parkNanos(LockSupport.java:215)
        at java.util.concurrent.locks.AbstractQueuedSynchronizer$ConditionObject.awaitNanos(AbstractQueuedSynchronizer.java:2078)
        at java.util.concurrent.LinkedBlockingQueue.poll(LinkedBlockingQueue.java:467)
        at org.apache.hadoop.ipc.CallQueueManager.take(CallQueueManager.java:317)
        at org.apache.hadoop.ipc.Server$Handler.run(Server.java:2942)
"87a1f2dd-43fb-444c-bcbf-3c07980bc85d@group-9015FB128463-FollowerState" daemon prio=5 tid=4494 timed_waiting
java.lang.Thread.State: TIMED_WAITING
        at java.lang.Thread.sleep(Native Method)
        at java.lang.Thread.sleep(Thread.java:342)
        at java.util.concurrent.TimeUnit.sleep(TimeUnit.java:386)
        at org.apache.ratis.util.TimeDuration.sleep(TimeDuration.java:325)
        at org.apache.ratis.util.TimeDuration.sleep(TimeDuration.java:310)
        at org.apache.ratis.server.impl.FollowerState.run(FollowerState.java:128)
"7c212dc6-cebf-495f-bd67-bd25421d8adf@group-0CBB49F4AF40-SegmentedRaftLogWorker"  prio=5 tid=5452 timed_waiting
java.lang.Thread.State: TIMED_WAITING
        at sun.misc.Unsafe.park(Native Method)
        at java.util.concurrent.locks.LockSupport.parkNanos(LockSupport.java:215)
        at java.util.concurrent.locks.AbstractQueuedSynchronizer$ConditionObject.awaitNanos(AbstractQueuedSynchronizer.java:2078)
        at org.apache.ratis.util.DataBlockingQueue.poll(DataBlockingQueue.java:148)
        at org.apache.ratis.server.raftlog.segmented.SegmentedRaftLogWorker.run(SegmentedRaftLogWorker.java:301)
        at org.apache.ratis.server.raftlog.segmented.SegmentedRaftLogWorker$$Lambda$646/1639153477.run(Unknown Source)
        at java.lang.Thread.run(Thread.java:750)
"ExpiredContainerReplicaOpScrubberThread" daemon prio=5 tid=5809 timed_waiting
java.lang.Thread.State: TIMED_WAITING
        at java.lang.Object.wait(Native Method)
        at org.apache.hadoop.hdds.scm.ha.BackgroundSCMService.run(BackgroundSCMService.java:110)
        at org.apache.hadoop.hdds.scm.ha.BackgroundSCMService$$Lambda$408/1110849047.run(Unknown Source)
        at java.lang.Thread.run(Thread.java:750)
"IPC Server handler 17 on default port 36781" daemon prio=5 tid=4632 timed_waiting
java.lang.Thread.State: TIMED_WAITING
        at sun.misc.Unsafe.park(Native Method)
        at java.util.concurrent.locks.LockSupport.parkNanos(LockSupport.java:215)
        at java.util.concurrent.locks.AbstractQueuedSynchronizer$ConditionObject.awaitNanos(AbstractQueuedSynchronizer.java:2078)
        at java.util.concurrent.LinkedBlockingQueue.poll(LinkedBlockingQueue.java:467)
        at org.apache.hadoop.ipc.CallQueueManager.take(CallQueueManager.java:317)
        at org.apache.hadoop.ipc.Server$Handler.run(Server.java:2942)
"IPC Server handler 13 on default port 42971" daemon prio=5 tid=6844 timed_waiting
java.lang.Thread.State: TIMED_WAITING
        at sun.misc.Unsafe.park(Native Method)
        at java.util.concurrent.locks.LockSupport.parkNanos(LockSupport.java:215)
        at java.util.concurrent.locks.AbstractQueuedSynchronizer$ConditionObject.awaitNanos(AbstractQueuedSynchronizer.java:2078)
        at java.util.concurrent.LinkedBlockingQueue.poll(LinkedBlockingQueue.java:467)
        at org.apache.hadoop.ipc.CallQueueManager.take(CallQueueManager.java:317)
        at org.apache.hadoop.ipc.Server$Handler.run(Server.java:2942)
"Datanode ReportManager Thread - 2" daemon prio=5 tid=6357 in Object.wait()
java.lang.Thread.State: WAITING (on object monitor)
        at sun.misc.Unsafe.park(Native Method)
        at java.util.concurrent.locks.LockSupport.park(LockSupport.java:175)
        at java.util.concurrent.locks.AbstractQueuedSynchronizer$ConditionObject.await(AbstractQueuedSynchronizer.java:2039)
        at java.util.concurrent.ScheduledThreadPoolExecutor$DelayedWorkQueue.take(ScheduledThreadPoolExecutor.java:1088)
        at java.util.concurrent.ScheduledThreadPoolExecutor$DelayedWorkQueue.take(ScheduledThreadPoolExecutor.java:809)
        at java.util.concurrent.ThreadPoolExecutor.getTask(ThreadPoolExecutor.java:1074)
        at java.util.concurrent.ThreadPoolExecutor.runWorker(ThreadPoolExecutor.java:1134)
        at java.util.concurrent.ThreadPoolExecutor$Worker.run(ThreadPoolExecutor.java:624)
        at java.lang.Thread.run(Thread.java:750)
"Session-HouseKeeper-409d8a9f-1"  prio=5 tid=5914 timed_waiting
java.lang.Thread.State: TIMED_WAITING
        at sun.misc.Unsafe.park(Native Method)
        at java.util.concurrent.locks.LockSupport.parkNanos(LockSupport.java:215)
        at java.util.concurrent.locks.AbstractQueuedSynchronizer$ConditionObject.awaitNanos(AbstractQueuedSynchronizer.java:2078)
        at java.util.concurrent.ScheduledThreadPoolExecutor$DelayedWorkQueue.take(ScheduledThreadPoolExecutor.java:1093)
        at java.util.concurrent.ScheduledThreadPoolExecutor$DelayedWorkQueue.take(ScheduledThreadPoolExecutor.java:809)
        at java.util.concurrent.ThreadPoolExecutor.getTask(ThreadPoolExecutor.java:1074)
        at java.util.concurrent.ThreadPoolExecutor.runWorker(ThreadPoolExecutor.java:1134)
        at java.util.concurrent.ThreadPoolExecutor$Worker.run(ThreadPoolExecutor.java:624)
        at java.lang.Thread.run(Thread.java:750)
"IPC Server handler 16 on default port 43819" daemon prio=5 tid=5858 timed_waiting
java.lang.Thread.State: TIMED_WAITING
        at sun.misc.Unsafe.park(Native Method)
        at java.util.concurrent.locks.LockSupport.parkNanos(LockSupport.java:215)
        at java.util.concurrent.locks.AbstractQueuedSynchronizer$ConditionObject.awaitNanos(AbstractQueuedSynchronizer.java:2078)
        at java.util.concurrent.LinkedBlockingQueue.poll(LinkedBlockingQueue.java:467)
        at org.apache.hadoop.ipc.CallQueueManager.take(CallQueueManager.java:317)
        at org.apache.hadoop.ipc.Server$Handler.run(Server.java:2942)
"IPC Server listener on 0" daemon prio=5 tid=5822 runnable
java.lang.Thread.State: RUNNABLE
        at sun.nio.ch.EPollArrayWrapper.epollWait(Native Method)
        at sun.nio.ch.EPollArrayWrapper.poll(EPollArrayWrapper.java:269)
        at sun.nio.ch.EPollSelectorImpl.doSelect(EPollSelectorImpl.java:93)
        at sun.nio.ch.SelectorImpl.lockAndDoSelect(SelectorImpl.java:86)
        at sun.nio.ch.SelectorImpl.select(SelectorImpl.java:97)
        at sun.nio.ch.SelectorImpl.select(SelectorImpl.java:101)
        at org.apache.hadoop.ipc.Server$Listener.run(Server.java:1358)
"Datanode ReportManager Thread - 3" daemon prio=5 tid=4990 in Object.wait()
java.lang.Thread.State: WAITING (on object monitor)
        at sun.misc.Unsafe.park(Native Method)
        at java.util.concurrent.locks.LockSupport.park(LockSupport.java:175)
        at java.util.concurrent.locks.AbstractQueuedSynchronizer$ConditionObject.await(AbstractQueuedSynchronizer.java:2039)
        at java.util.concurrent.ScheduledThreadPoolExecutor$DelayedWorkQueue.take(ScheduledThreadPoolExecutor.java:1088)
        at java.util.concurrent.ScheduledThreadPoolExecutor$DelayedWorkQueue.take(ScheduledThreadPoolExecutor.java:809)
        at java.util.concurrent.ThreadPoolExecutor.getTask(ThreadPoolExecutor.java:1074)
        at java.util.concurrent.ThreadPoolExecutor.runWorker(ThreadPoolExecutor.java:1134)
        at java.util.concurrent.ThreadPoolExecutor$Worker.run(ThreadPoolExecutor.java:624)
        at java.lang.Thread.run(Thread.java:750)
"qtp1433462785-4102" daemon prio=5 tid=4102 runnable
java.lang.Thread.State: RUNNABLE
        at sun.nio.ch.EPollArrayWrapper.epollWait(Native Method)
        at sun.nio.ch.EPollArrayWrapper.poll(EPollArrayWrapper.java:269)
        at sun.nio.ch.EPollSelectorImpl.doSelect(EPollSelectorImpl.java:93)
        at sun.nio.ch.SelectorImpl.lockAndDoSelect(SelectorImpl.java:86)
        at sun.nio.ch.SelectorImpl.select(SelectorImpl.java:97)
        at sun.nio.ch.SelectorImpl.select(SelectorImpl.java:101)
        at org.eclipse.jetty.io.ManagedSelector.nioSelect(ManagedSelector.java:183)
        at org.eclipse.jetty.io.ManagedSelector.select(ManagedSelector.java:190)
        at org.eclipse.jetty.io.ManagedSelector$SelectorProducer.select(ManagedSelector.java:606)
        at org.eclipse.jetty.io.ManagedSelector$SelectorProducer.produce(ManagedSelector.java:543)
        at org.eclipse.jetty.util.thread.strategy.EatWhatYouKill.produceTask(EatWhatYouKill.java:362)
        at org.eclipse.jetty.util.thread.strategy.EatWhatYouKill.doProduce(EatWhatYouKill.java:186)
        at org.eclipse.jetty.util.thread.strategy.EatWhatYouKill.tryProduce(EatWhatYouKill.java:173)
        at org.eclipse.jetty.util.thread.strategy.EatWhatYouKill.produce(EatWhatYouKill.java:137)
        at org.eclipse.jetty.io.ManagedSelector$$Lambda$478/1665851504.run(Unknown Source)
        at org.eclipse.jetty.util.thread.QueuedThreadPool.runJob(QueuedThreadPool.java:883)
        at org.eclipse.jetty.util.thread.QueuedThreadPool$Runner.run(QueuedThreadPool.java:1034)
        at java.lang.Thread.run(Thread.java:750)
"org.apache.hadoop.ozone.container.common.statemachine.commandhandler.DeleteBlocksCommandHandler$DeleteCmdWorker@6135366f" daemon prio=5 tid=6168 timed_waiting
java.lang.Thread.State: TIMED_WAITING
        at java.lang.Thread.sleep(Native Method)
        at org.apache.hadoop.ozone.container.common.statemachine.commandhandler.DeleteBlocksCommandHandler$DeleteCmdWorker.run(DeleteBlocksCommandHandler.java:183)
        at java.lang.Thread.run(Thread.java:750)
"SCMBlockDeletingService#0" daemon prio=5 tid=6851 timed_waiting
java.lang.Thread.State: TIMED_WAITING
        at sun.misc.Unsafe.park(Native Method)
        at java.util.concurrent.locks.LockSupport.parkNanos(LockSupport.java:215)
        at java.util.concurrent.locks.AbstractQueuedSynchronizer$ConditionObject.awaitNanos(AbstractQueuedSynchronizer.java:2078)
        at java.util.concurrent.ScheduledThreadPoolExecutor$DelayedWorkQueue.take(ScheduledThreadPoolExecutor.java:1093)
        at java.util.concurrent.ScheduledThreadPoolExecutor$DelayedWorkQueue.take(ScheduledThreadPoolExecutor.java:809)
        at java.util.concurrent.ThreadPoolExecutor.getTask(ThreadPoolExecutor.java:1074)
        at java.util.concurrent.ThreadPoolExecutor.runWorker(ThreadPoolExecutor.java:1134)
        at java.util.concurrent.ThreadPoolExecutor$Worker.run(ThreadPoolExecutor.java:624)
        at java.lang.Thread.run(Thread.java:750)
"IPC Server handler 14 on default port 43793" daemon prio=5 tid=4609 timed_waiting
java.lang.Thread.State: TIMED_WAITING
        at sun.misc.Unsafe.park(Native Method)
        at java.util.concurrent.locks.LockSupport.parkNanos(LockSupport.java:215)
        at java.util.concurrent.locks.AbstractQueuedSynchronizer$ConditionObject.awaitNanos(AbstractQueuedSynchronizer.java:2078)
        at java.util.concurrent.LinkedBlockingQueue.poll(LinkedBlockingQueue.java:467)
        at org.apache.hadoop.ipc.CallQueueManager.take(CallQueueManager.java:317)
        at org.apache.hadoop.ipc.Server$Handler.run(Server.java:2942)
"Datanode State Machine Task Thread - 1"  prio=5 tid=5374 in Object.wait()
java.lang.Thread.State: WAITING (on object monitor)
        at sun.misc.Unsafe.park(Native Method)
        at java.util.concurrent.locks.LockSupport.park(LockSupport.java:175)
        at java.util.concurrent.locks.AbstractQueuedSynchronizer$ConditionObject.await(AbstractQueuedSynchronizer.java:2039)
        at java.util.concurrent.LinkedBlockingQueue.take(LinkedBlockingQueue.java:442)
        at java.util.concurrent.ThreadPoolExecutor.getTask(ThreadPoolExecutor.java:1074)
        at java.util.concurrent.ThreadPoolExecutor.runWorker(ThreadPoolExecutor.java:1134)
        at java.util.concurrent.ThreadPoolExecutor$Worker.run(ThreadPoolExecutor.java:624)
        at java.lang.Thread.run(Thread.java:750)
"IPC Server handler 6 on default port 35421" daemon prio=5 tid=4581 timed_waiting
java.lang.Thread.State: TIMED_WAITING
        at sun.misc.Unsafe.park(Native Method)
        at java.util.concurrent.locks.LockSupport.parkNanos(LockSupport.java:215)
        at java.util.concurrent.locks.AbstractQueuedSynchronizer$ConditionObject.awaitNanos(AbstractQueuedSynchronizer.java:2078)
        at java.util.concurrent.LinkedBlockingQueue.poll(LinkedBlockingQueue.java:467)
        at org.apache.hadoop.ipc.CallQueueManager.take(CallQueueManager.java:317)
        at org.apache.hadoop.ipc.Server$Handler.run(Server.java:2942)
"7f555f3a-b754-420b-b6ea-bc4a43db69c9@group-B16A668C3C87-SegmentedRaftLogWorker"  prio=5 tid=6675 timed_waiting
java.lang.Thread.State: TIMED_WAITING
        at sun.misc.Unsafe.park(Native Method)
        at java.util.concurrent.locks.LockSupport.parkNanos(LockSupport.java:215)
        at java.util.concurrent.locks.AbstractQueuedSynchronizer$ConditionObject.awaitNanos(AbstractQueuedSynchronizer.java:2078)
        at org.apache.ratis.util.DataBlockingQueue.poll(DataBlockingQueue.java:148)
        at org.apache.ratis.server.raftlog.segmented.SegmentedRaftLogWorker.run(SegmentedRaftLogWorker.java:301)
        at org.apache.ratis.server.raftlog.segmented.SegmentedRaftLogWorker$$Lambda$646/1639153477.run(Unknown Source)
        at java.lang.Thread.run(Thread.java:750)
"7c212dc6-cebf-495f-bd67-bd25421d8adf@group-0CBB49F4AF40-StateMachineUpdater" daemon prio=5 tid=5453 timed_waiting
java.lang.Thread.State: TIMED_WAITING
        at sun.misc.Unsafe.park(Native Method)
        at java.util.concurrent.locks.LockSupport.parkNanos(LockSupport.java:215)
        at java.util.concurrent.CompletableFuture$Signaller.block(CompletableFuture.java:1709)
        at java.util.concurrent.ForkJoinPool.managedBlock(ForkJoinPool.java:3323)
        at java.util.concurrent.CompletableFuture.timedGet(CompletableFuture.java:1788)
        at java.util.concurrent.CompletableFuture.get(CompletableFuture.java:1928)
        at org.apache.ratis.util.AwaitForSignal.await(AwaitForSignal.java:56)
        at org.apache.ratis.server.impl.StateMachineUpdater.waitForCommit(StateMachineUpdater.java:207)
        at org.apache.ratis.server.impl.StateMachineUpdater.run(StateMachineUpdater.java:176)
        at java.lang.Thread.run(Thread.java:750)
"IPC Server handler 0 on default port 43819" daemon prio=5 tid=5842 timed_waiting
java.lang.Thread.State: TIMED_WAITING
        at sun.misc.Unsafe.park(Native Method)
        at java.util.concurrent.locks.LockSupport.parkNanos(LockSupport.java:215)
        at java.util.concurrent.locks.AbstractQueuedSynchronizer$ConditionObject.awaitNanos(AbstractQueuedSynchronizer.java:2078)
        at java.util.concurrent.LinkedBlockingQueue.poll(LinkedBlockingQueue.java:467)
        at org.apache.hadoop.ipc.CallQueueManager.take(CallQueueManager.java:317)
        at org.apache.hadoop.ipc.Server$Handler.run(Server.java:2942)
"IPC Server handler 0 on default port 35375" daemon prio=5 tid=4876 timed_waiting
java.lang.Thread.State: TIMED_WAITING
        at sun.misc.Unsafe.park(Native Method)
        at java.util.concurrent.locks.LockSupport.parkNanos(LockSupport.java:215)
        at java.util.concurrent.locks.AbstractQueuedSynchronizer$ConditionObject.awaitNanos(AbstractQueuedSynchronizer.java:2078)
        at java.util.concurrent.LinkedBlockingQueue.poll(LinkedBlockingQueue.java:467)
        at org.apache.hadoop.ipc.CallQueueManager.take(CallQueueManager.java:317)
        at org.apache.hadoop.ipc.Server$Handler.run(Server.java:2942)
"ChunkWriter-1-0" daemon prio=5 tid=4152 in Object.wait()
java.lang.Thread.State: WAITING (on object monitor)
        at sun.misc.Unsafe.park(Native Method)
        at java.util.concurrent.locks.LockSupport.park(LockSupport.java:175)
        at java.util.concurrent.locks.AbstractQueuedSynchronizer$ConditionObject.await(AbstractQueuedSynchronizer.java:2039)
        at java.util.concurrent.LinkedBlockingDeque.takeFirst(LinkedBlockingDeque.java:492)
        at java.util.concurrent.LinkedBlockingDeque.take(LinkedBlockingDeque.java:680)
        at java.util.concurrent.ThreadPoolExecutor.getTask(ThreadPoolExecutor.java:1074)
        at java.util.concurrent.ThreadPoolExecutor.runWorker(ThreadPoolExecutor.java:1134)
        at java.util.concurrent.ThreadPoolExecutor$Worker.run(ThreadPoolExecutor.java:624)
        at java.lang.Thread.run(Thread.java:750)
"Datanode ReportManager Thread - 2" daemon prio=5 tid=6436 in Object.wait()
java.lang.Thread.State: WAITING (on object monitor)
        at sun.misc.Unsafe.park(Native Method)
        at java.util.concurrent.locks.LockSupport.park(LockSupport.java:175)
        at java.util.concurrent.locks.AbstractQueuedSynchronizer$ConditionObject.await(AbstractQueuedSynchronizer.java:2039)
        at java.util.concurrent.ScheduledThreadPoolExecutor$DelayedWorkQueue.take(ScheduledThreadPoolExecutor.java:1088)
        at java.util.concurrent.ScheduledThreadPoolExecutor$DelayedWorkQueue.take(ScheduledThreadPoolExecutor.java:809)
        at java.util.concurrent.ThreadPoolExecutor.getTask(ThreadPoolExecutor.java:1074)
        at java.util.concurrent.ThreadPoolExecutor.runWorker(ThreadPoolExecutor.java:1134)
        at java.util.concurrent.ThreadPoolExecutor$Worker.run(ThreadPoolExecutor.java:624)
        at java.lang.Thread.run(Thread.java:750)
"IPC Server handler 4 on default port 35375" daemon prio=5 tid=4880 timed_waiting
java.lang.Thread.State: TIMED_WAITING
        at sun.misc.Unsafe.park(Native Method)
        at java.util.concurrent.locks.LockSupport.parkNanos(LockSupport.java:215)
        at java.util.concurrent.locks.AbstractQueuedSynchronizer$ConditionObject.awaitNanos(AbstractQueuedSynchronizer.java:2078)
        at java.util.concurrent.LinkedBlockingQueue.poll(LinkedBlockingQueue.java:467)
        at org.apache.hadoop.ipc.CallQueueManager.take(CallQueueManager.java:317)
        at org.apache.hadoop.ipc.Server$Handler.run(Server.java:2942)
"IPC Server Responder" daemon prio=5 tid=5817 runnable
java.lang.Thread.State: RUNNABLE
        at sun.nio.ch.EPollArrayWrapper.epollWait(Native Method)
        at sun.nio.ch.EPollArrayWrapper.poll(EPollArrayWrapper.java:269)
        at sun.nio.ch.EPollSelectorImpl.doSelect(EPollSelectorImpl.java:93)
        at sun.nio.ch.SelectorImpl.lockAndDoSelect(SelectorImpl.java:86)
        at sun.nio.ch.SelectorImpl.select(SelectorImpl.java:97)
        at org.apache.hadoop.ipc.Server$Responder.doRunLoop(Server.java:1532)
        at org.apache.hadoop.ipc.Server$Responder.run(Server.java:1515)
"0e59cd28-e34a-4544-a63c-9bf8db58f2a0@group-9015FB128463-StateMachineUpdater" daemon prio=5 tid=4272 timed_waiting
java.lang.Thread.State: TIMED_WAITING
        at sun.misc.Unsafe.park(Native Method)
        at java.util.concurrent.locks.LockSupport.parkNanos(LockSupport.java:215)
        at java.util.concurrent.CompletableFuture$Signaller.block(CompletableFuture.java:1709)
        at java.util.concurrent.ForkJoinPool.managedBlock(ForkJoinPool.java:3323)
        at java.util.concurrent.CompletableFuture.timedGet(CompletableFuture.java:1788)
        at java.util.concurrent.CompletableFuture.get(CompletableFuture.java:1928)
        at org.apache.ratis.util.AwaitForSignal.await(AwaitForSignal.java:56)
        at org.apache.ratis.server.impl.StateMachineUpdater.waitForCommit(StateMachineUpdater.java:207)
        at org.apache.ratis.server.impl.StateMachineUpdater.run(StateMachineUpdater.java:176)
        at java.lang.Thread.run(Thread.java:750)
"IPC Server handler 9 on default port 43819" daemon prio=5 tid=5851 timed_waiting
java.lang.Thread.State: TIMED_WAITING
        at sun.misc.Unsafe.park(Native Method)
        at java.util.concurrent.locks.LockSupport.parkNanos(LockSupport.java:215)
        at java.util.concurrent.locks.AbstractQueuedSynchronizer$ConditionObject.awaitNanos(AbstractQueuedSynchronizer.java:2078)
        at java.util.concurrent.LinkedBlockingQueue.poll(LinkedBlockingQueue.java:467)
        at org.apache.hadoop.ipc.CallQueueManager.take(CallQueueManager.java:317)
        at org.apache.hadoop.ipc.Server$Handler.run(Server.java:2942)
"ChunkWriter-2-0" daemon prio=5 tid=6398 in Object.wait()
java.lang.Thread.State: WAITING (on object monitor)
        at sun.misc.Unsafe.park(Native Method)
        at java.util.concurrent.locks.LockSupport.park(LockSupport.java:175)
        at java.util.concurrent.locks.AbstractQueuedSynchronizer$ConditionObject.await(AbstractQueuedSynchronizer.java:2039)
        at java.util.concurrent.LinkedBlockingDeque.takeFirst(LinkedBlockingDeque.java:492)
        at java.util.concurrent.LinkedBlockingDeque.take(LinkedBlockingDeque.java:680)
        at java.util.concurrent.ThreadPoolExecutor.getTask(ThreadPoolExecutor.java:1074)
        at java.util.concurrent.ThreadPoolExecutor.runWorker(ThreadPoolExecutor.java:1134)
        at java.util.concurrent.ThreadPoolExecutor$Worker.run(ThreadPoolExecutor.java:624)
        at java.lang.Thread.run(Thread.java:750)
"Datanode State Machine Task Thread - 1"  prio=5 tid=6515 in Object.wait()
java.lang.Thread.State: WAITING (on object monitor)
        at sun.misc.Unsafe.park(Native Method)
        at java.util.concurrent.locks.LockSupport.park(LockSupport.java:175)
        at java.util.concurrent.locks.AbstractQueuedSynchronizer$ConditionObject.await(AbstractQueuedSynchronizer.java:2039)
        at java.util.concurrent.LinkedBlockingQueue.take(LinkedBlockingQueue.java:442)
        at java.util.concurrent.ThreadPoolExecutor.getTask(ThreadPoolExecutor.java:1074)
        at java.util.concurrent.ThreadPoolExecutor.runWorker(ThreadPoolExecutor.java:1134)
        at java.util.concurrent.ThreadPoolExecutor$Worker.run(ThreadPoolExecutor.java:624)
        at java.lang.Thread.run(Thread.java:750)
"qtp795168967-6425" daemon prio=5 tid=6425 timed_waiting
java.lang.Thread.State: TIMED_WAITING
        at sun.misc.Unsafe.park(Native Method)
        at java.util.concurrent.locks.LockSupport.parkNanos(LockSupport.java:215)
        at java.util.concurrent.locks.AbstractQueuedSynchronizer$ConditionObject.awaitNanos(AbstractQueuedSynchronizer.java:2078)
        at org.eclipse.jetty.util.BlockingArrayQueue.poll(BlockingArrayQueue.java:382)
        at org.eclipse.jetty.util.thread.QueuedThreadPool$Runner.idleJobPoll(QueuedThreadPool.java:974)
        at org.eclipse.jetty.util.thread.QueuedThreadPool$Runner.run(QueuedThreadPool.java:1018)
        at java.lang.Thread.run(Thread.java:750)
"ChunkWriter-0-0" daemon prio=5 tid=6484 in Object.wait()
java.lang.Thread.State: WAITING (on object monitor)
        at sun.misc.Unsafe.park(Native Method)
        at java.util.concurrent.locks.LockSupport.park(LockSupport.java:175)
        at java.util.concurrent.locks.AbstractQueuedSynchronizer$ConditionObject.await(AbstractQueuedSynchronizer.java:2039)
        at java.util.concurrent.LinkedBlockingDeque.takeFirst(LinkedBlockingDeque.java:492)
        at java.util.concurrent.LinkedBlockingDeque.take(LinkedBlockingDeque.java:680)
        at java.util.concurrent.ThreadPoolExecutor.getTask(ThreadPoolExecutor.java:1074)
        at java.util.concurrent.ThreadPoolExecutor.runWorker(ThreadPoolExecutor.java:1134)
        at java.util.concurrent.ThreadPoolExecutor$Worker.run(ThreadPoolExecutor.java:624)
        at java.lang.Thread.run(Thread.java:750)
"Datanode ReportManager Thread - 0" daemon prio=5 tid=4123 in Object.wait()
java.lang.Thread.State: WAITING (on object monitor)
        at sun.misc.Unsafe.park(Native Method)
        at java.util.concurrent.locks.LockSupport.park(LockSupport.java:175)
        at java.util.concurrent.locks.AbstractQueuedSynchronizer$ConditionObject.await(AbstractQueuedSynchronizer.java:2039)
        at java.util.concurrent.ScheduledThreadPoolExecutor$DelayedWorkQueue.take(ScheduledThreadPoolExecutor.java:1088)
        at java.util.concurrent.ScheduledThreadPoolExecutor$DelayedWorkQueue.take(ScheduledThreadPoolExecutor.java:809)
        at java.util.concurrent.ThreadPoolExecutor.getTask(ThreadPoolExecutor.java:1074)
        at java.util.concurrent.ThreadPoolExecutor.runWorker(ThreadPoolExecutor.java:1134)
        at java.util.concurrent.ThreadPoolExecutor$Worker.run(ThreadPoolExecutor.java:624)
        at java.lang.Thread.run(Thread.java:750)
"Socket Reader #1 for port 43303"  prio=5 tid=6779 runnable
java.lang.Thread.State: RUNNABLE
        at sun.nio.ch.EPollArrayWrapper.epollWait(Native Method)
        at sun.nio.ch.EPollArrayWrapper.poll(EPollArrayWrapper.java:269)
        at sun.nio.ch.EPollSelectorImpl.doSelect(EPollSelectorImpl.java:93)
        at sun.nio.ch.SelectorImpl.lockAndDoSelect(SelectorImpl.java:86)
        at sun.nio.ch.SelectorImpl.select(SelectorImpl.java:97)
        at sun.nio.ch.SelectorImpl.select(SelectorImpl.java:101)
        at org.apache.hadoop.ipc.Server$Listener$Reader.doRunLoop(Server.java:1296)
        at org.apache.hadoop.ipc.Server$Listener$Reader.run(Server.java:1275)
"org.apache.ratis.util.JvmPauseMonitor$$Lambda$718/783493338@6858c5a6" daemon prio=5 tid=4219 timed_waiting
java.lang.Thread.State: TIMED_WAITING
        at java.lang.Thread.sleep(Native Method)
        at java.lang.Thread.sleep(Thread.java:342)
        at java.util.concurrent.TimeUnit.sleep(TimeUnit.java:386)
        at org.apache.ratis.util.TimeDuration.sleep(TimeDuration.java:325)
        at org.apache.ratis.util.TimeDuration.sleep(TimeDuration.java:310)
        at org.apache.ratis.util.JvmPauseMonitor.detectPause(JvmPauseMonitor.java:117)
        at org.apache.ratis.util.JvmPauseMonitor.run(JvmPauseMonitor.java:106)
        at org.apache.ratis.util.JvmPauseMonitor$$Lambda$718/783493338.run(Unknown Source)
        at java.lang.Thread.run(Thread.java:750)
"BlockDeletingService#1" daemon prio=5 tid=4223 timed_waiting
java.lang.Thread.State: TIMED_WAITING
        at sun.misc.Unsafe.park(Native Method)
        at java.util.concurrent.locks.LockSupport.parkNanos(LockSupport.java:215)
        at java.util.concurrent.locks.AbstractQueuedSynchronizer$ConditionObject.awaitNanos(AbstractQueuedSynchronizer.java:2078)
        at java.util.concurrent.ScheduledThreadPoolExecutor$DelayedWorkQueue.take(ScheduledThreadPoolExecutor.java:1093)
        at java.util.concurrent.ScheduledThreadPoolExecutor$DelayedWorkQueue.take(ScheduledThreadPoolExecutor.java:809)
        at java.util.concurrent.ThreadPoolExecutor.getTask(ThreadPoolExecutor.java:1074)
        at java.util.concurrent.ThreadPoolExecutor.runWorker(ThreadPoolExecutor.java:1134)
        at java.util.concurrent.ThreadPoolExecutor$Worker.run(ThreadPoolExecutor.java:624)
        at java.lang.Thread.run(Thread.java:750)
"Datanode ReportManager Thread - 3" daemon prio=5 tid=6304 in Object.wait()
java.lang.Thread.State: WAITING (on object monitor)
        at sun.misc.Unsafe.park(Native Method)
        at java.util.concurrent.locks.LockSupport.park(LockSupport.java:175)
        at java.util.concurrent.locks.AbstractQueuedSynchronizer$ConditionObject.await(AbstractQueuedSynchronizer.java:2039)
        at java.util.concurrent.ScheduledThreadPoolExecutor$DelayedWorkQueue.take(ScheduledThreadPoolExecutor.java:1088)
        at java.util.concurrent.ScheduledThreadPoolExecutor$DelayedWorkQueue.take(ScheduledThreadPoolExecutor.java:809)
        at java.util.concurrent.ThreadPoolExecutor.getTask(ThreadPoolExecutor.java:1074)
        at java.util.concurrent.ThreadPoolExecutor.runWorker(ThreadPoolExecutor.java:1134)
        at java.util.concurrent.ThreadPoolExecutor$Worker.run(ThreadPoolExecutor.java:624)
        at java.lang.Thread.run(Thread.java:750)
"BlockDeletingService#2" daemon prio=5 tid=6972 in Object.wait()
java.lang.Thread.State: WAITING (on object monitor)
        at sun.misc.Unsafe.park(Native Method)
        at java.util.concurrent.locks.LockSupport.park(LockSupport.java:175)
        at java.util.concurrent.locks.AbstractQueuedSynchronizer$ConditionObject.await(AbstractQueuedSynchronizer.java:2039)
        at java.util.concurrent.ScheduledThreadPoolExecutor$DelayedWorkQueue.take(ScheduledThreadPoolExecutor.java:1088)
        at java.util.concurrent.ScheduledThreadPoolExecutor$DelayedWorkQueue.take(ScheduledThreadPoolExecutor.java:809)
        at java.util.concurrent.ThreadPoolExecutor.getTask(ThreadPoolExecutor.java:1074)
        at java.util.concurrent.ThreadPoolExecutor.runWorker(ThreadPoolExecutor.java:1134)
        at java.util.concurrent.ThreadPoolExecutor$Worker.run(ThreadPoolExecutor.java:624)
        at java.lang.Thread.run(Thread.java:750)
"Datanode ReportManager Thread - 0" daemon prio=5 tid=5185 timed_waiting
java.lang.Thread.State: TIMED_WAITING
        at sun.misc.Unsafe.park(Native Method)
        at java.util.concurrent.locks.LockSupport.parkNanos(LockSupport.java:215)
        at java.util.concurrent.locks.AbstractQueuedSynchronizer$ConditionObject.awaitNanos(AbstractQueuedSynchronizer.java:2078)
        at java.util.concurrent.ScheduledThreadPoolExecutor$DelayedWorkQueue.take(ScheduledThreadPoolExecutor.java:1093)
        at java.util.concurrent.ScheduledThreadPoolExecutor$DelayedWorkQueue.take(ScheduledThreadPoolExecutor.java:809)
        at java.util.concurrent.ThreadPoolExecutor.getTask(ThreadPoolExecutor.java:1074)
        at java.util.concurrent.ThreadPoolExecutor.runWorker(ThreadPoolExecutor.java:1134)
        at java.util.concurrent.ThreadPoolExecutor$Worker.run(ThreadPoolExecutor.java:624)
        at java.lang.Thread.run(Thread.java:750)
"Datanode State Machine Task Thread - 1"  prio=5 tid=6442 in Object.wait()
java.lang.Thread.State: WAITING (on object monitor)
        at sun.misc.Unsafe.park(Native Method)
        at java.util.concurrent.locks.LockSupport.park(LockSupport.java:175)
        at java.util.concurrent.locks.AbstractQueuedSynchronizer$ConditionObject.await(AbstractQueuedSynchronizer.java:2039)
        at java.util.concurrent.LinkedBlockingQueue.take(LinkedBlockingQueue.java:442)
        at java.util.concurrent.ThreadPoolExecutor.getTask(ThreadPoolExecutor.java:1074)
        at java.util.concurrent.ThreadPoolExecutor.runWorker(ThreadPoolExecutor.java:1134)
        at java.util.concurrent.ThreadPoolExecutor$Worker.run(ThreadPoolExecutor.java:624)
        at java.lang.Thread.run(Thread.java:750)
"ContainerReplicationThread-0" daemon prio=5 tid=6928 in Object.wait()
java.lang.Thread.State: WAITING (on object monitor)
        at sun.misc.Unsafe.park(Native Method)
        at java.util.concurrent.locks.LockSupport.park(LockSupport.java:175)
        at java.util.concurrent.locks.AbstractQueuedSynchronizer$ConditionObject.await(AbstractQueuedSynchronizer.java:2039)
        at java.util.concurrent.LinkedBlockingQueue.take(LinkedBlockingQueue.java:442)
        at java.util.concurrent.ThreadPoolExecutor.getTask(ThreadPoolExecutor.java:1074)
        at java.util.concurrent.ThreadPoolExecutor.runWorker(ThreadPoolExecutor.java:1134)
        at java.util.concurrent.ThreadPoolExecutor$Worker.run(ThreadPoolExecutor.java:624)
        at java.lang.Thread.run(Thread.java:750)
"8dac584f-6024-4576-b5a3-2bef0f48735e@group-FD37F9280DE0-SegmentedRaftLogWorker"  prio=5 tid=6666 timed_waiting
java.lang.Thread.State: TIMED_WAITING
        at sun.misc.Unsafe.park(Native Method)
        at java.util.concurrent.locks.LockSupport.parkNanos(LockSupport.java:215)
        at java.util.concurrent.locks.AbstractQueuedSynchronizer$ConditionObject.awaitNanos(AbstractQueuedSynchronizer.java:2078)
        at org.apache.ratis.util.DataBlockingQueue.poll(DataBlockingQueue.java:148)
        at org.apache.ratis.server.raftlog.segmented.SegmentedRaftLogWorker.run(SegmentedRaftLogWorker.java:301)
        at org.apache.ratis.server.raftlog.segmented.SegmentedRaftLogWorker$$Lambda$646/1639153477.run(Unknown Source)
        at java.lang.Thread.run(Thread.java:750)
"qtp737161386-6294" daemon prio=5 tid=6294 timed_waiting
java.lang.Thread.State: TIMED_WAITING
        at sun.misc.Unsafe.park(Native Method)
        at java.util.concurrent.locks.LockSupport.parkNanos(LockSupport.java:215)
        at java.util.concurrent.locks.AbstractQueuedSynchronizer$ConditionObject.awaitNanos(AbstractQueuedSynchronizer.java:2078)
        at org.eclipse.jetty.util.BlockingArrayQueue.poll(BlockingArrayQueue.java:382)
        at org.eclipse.jetty.util.thread.QueuedThreadPool$Runner.idleJobPoll(QueuedThreadPool.java:974)
        at org.eclipse.jetty.util.thread.QueuedThreadPool$Runner.run(QueuedThreadPool.java:1018)
        at java.lang.Thread.run(Thread.java:750)
"null-request--thread1" daemon prio=5 tid=5805 timed_waiting
java.lang.Thread.State: TIMED_WAITING
        at sun.misc.Unsafe.park(Native Method)
        at java.util.concurrent.locks.LockSupport.parkNanos(LockSupport.java:215)
        at java.util.concurrent.locks.AbstractQueuedSynchronizer$ConditionObject.awaitNanos(AbstractQueuedSynchronizer.java:2078)
        at java.util.concurrent.LinkedBlockingQueue.poll(LinkedBlockingQueue.java:467)
        at java.util.concurrent.ThreadPoolExecutor.getTask(ThreadPoolExecutor.java:1073)
        at java.util.concurrent.ThreadPoolExecutor.runWorker(ThreadPoolExecutor.java:1134)
        at java.util.concurrent.ThreadPoolExecutor$Worker.run(ThreadPoolExecutor.java:624)
        at java.lang.Thread.run(Thread.java:750)
"Datanode ReportManager Thread - 2" daemon prio=5 tid=5295 in Object.wait()
java.lang.Thread.State: WAITING (on object monitor)
        at sun.misc.Unsafe.park(Native Method)
        at java.util.concurrent.locks.LockSupport.park(LockSupport.java:175)
        at java.util.concurrent.locks.AbstractQueuedSynchronizer$ConditionObject.await(AbstractQueuedSynchronizer.java:2039)
        at java.util.concurrent.ScheduledThreadPoolExecutor$DelayedWorkQueue.take(ScheduledThreadPoolExecutor.java:1088)
        at java.util.concurrent.ScheduledThreadPoolExecutor$DelayedWorkQueue.take(ScheduledThreadPoolExecutor.java:809)
        at java.util.concurrent.ThreadPoolExecutor.getTask(ThreadPoolExecutor.java:1074)
        at java.util.concurrent.ThreadPoolExecutor.runWorker(ThreadPoolExecutor.java:1134)
        at java.util.concurrent.ThreadPoolExecutor$Worker.run(ThreadPoolExecutor.java:624)
        at java.lang.Thread.run(Thread.java:750)
"ChunkWriter-1-0" daemon prio=5 tid=4198 in Object.wait()
java.lang.Thread.State: WAITING (on object monitor)
        at sun.misc.Unsafe.park(Native Method)
        at java.util.concurrent.locks.LockSupport.park(LockSupport.java:175)
        at java.util.concurrent.locks.AbstractQueuedSynchronizer$ConditionObject.await(AbstractQueuedSynchronizer.java:2039)
        at java.util.concurrent.LinkedBlockingDeque.takeFirst(LinkedBlockingDeque.java:492)
        at java.util.concurrent.LinkedBlockingDeque.take(LinkedBlockingDeque.java:680)
        at java.util.concurrent.ThreadPoolExecutor.getTask(ThreadPoolExecutor.java:1074)
        at java.util.concurrent.ThreadPoolExecutor.runWorker(ThreadPoolExecutor.java:1134)
        at java.util.concurrent.ThreadPoolExecutor$Worker.run(ThreadPoolExecutor.java:624)
        at java.lang.Thread.run(Thread.java:750)
"a759a49b-3cd3-49e9-826c-16e7b00ba8b7@group-8C1DE3C4B685-FollowerState" daemon prio=5 tid=6883 timed_waiting
java.lang.Thread.State: TIMED_WAITING
        at java.lang.Thread.sleep(Native Method)
        at java.lang.Thread.sleep(Thread.java:342)
        at java.util.concurrent.TimeUnit.sleep(TimeUnit.java:386)
        at org.apache.ratis.util.TimeDuration.sleep(TimeDuration.java:325)
        at org.apache.ratis.util.TimeDuration.sleep(TimeDuration.java:310)
        at org.apache.ratis.server.impl.FollowerState.run(FollowerState.java:128)
"Datanode ReportManager Thread - 0" daemon prio=5 tid=6434 timed_waiting
java.lang.Thread.State: TIMED_WAITING
        at sun.misc.Unsafe.park(Native Method)
        at java.util.concurrent.locks.LockSupport.parkNanos(LockSupport.java:215)
        at java.util.concurrent.locks.AbstractQueuedSynchronizer$ConditionObject.awaitNanos(AbstractQueuedSynchronizer.java:2078)
        at java.util.concurrent.ScheduledThreadPoolExecutor$DelayedWorkQueue.take(ScheduledThreadPoolExecutor.java:1093)
        at java.util.concurrent.ScheduledThreadPoolExecutor$DelayedWorkQueue.take(ScheduledThreadPoolExecutor.java:809)
        at java.util.concurrent.ThreadPoolExecutor.getTask(ThreadPoolExecutor.java:1074)
        at java.util.concurrent.ThreadPoolExecutor.runWorker(ThreadPoolExecutor.java:1134)
        at java.util.concurrent.ThreadPoolExecutor$Worker.run(ThreadPoolExecutor.java:624)
        at java.lang.Thread.run(Thread.java:750)
"org.apache.hadoop.util.JvmPauseMonitor$Monitor@410c0c9b" daemon prio=5 tid=4088 timed_waiting
java.lang.Thread.State: TIMED_WAITING
        at java.lang.Thread.sleep(Native Method)
        at org.apache.hadoop.util.JvmPauseMonitor$Monitor.run(JvmPauseMonitor.java:192)
        at java.lang.Thread.run(Thread.java:750)
"org.apache.ratis.util.JvmPauseMonitor$$Lambda$718/783493338@38929508" daemon prio=5 tid=3764 timed_waiting
java.lang.Thread.State: TIMED_WAITING
        at java.lang.Thread.sleep(Native Method)
        at java.lang.Thread.sleep(Thread.java:342)
        at java.util.concurrent.TimeUnit.sleep(TimeUnit.java:386)
        at org.apache.ratis.util.TimeDuration.sleep(TimeDuration.java:325)
        at org.apache.ratis.util.TimeDuration.sleep(TimeDuration.java:310)
        at org.apache.ratis.util.JvmPauseMonitor.detectPause(JvmPauseMonitor.java:117)
        at org.apache.ratis.util.JvmPauseMonitor.run(JvmPauseMonitor.java:106)
        at org.apache.ratis.util.JvmPauseMonitor$$Lambda$718/783493338.run(Unknown Source)
        at java.lang.Thread.run(Thread.java:750)
"Datanode ReportManager Thread - 4" daemon prio=5 tid=5189 in Object.wait()
java.lang.Thread.State: WAITING (on object monitor)
        at sun.misc.Unsafe.park(Native Method)
        at java.util.concurrent.locks.LockSupport.park(LockSupport.java:175)
        at java.util.concurrent.locks.AbstractQueuedSynchronizer$ConditionObject.await(AbstractQueuedSynchronizer.java:2039)
        at java.util.concurrent.ScheduledThreadPoolExecutor$DelayedWorkQueue.take(ScheduledThreadPoolExecutor.java:1088)
        at java.util.concurrent.ScheduledThreadPoolExecutor$DelayedWorkQueue.take(ScheduledThreadPoolExecutor.java:809)
        at java.util.concurrent.ThreadPoolExecutor.getTask(ThreadPoolExecutor.java:1074)
        at java.util.concurrent.ThreadPoolExecutor.runWorker(ThreadPoolExecutor.java:1134)
        at java.util.concurrent.ThreadPoolExecutor$Worker.run(ThreadPoolExecutor.java:624)
        at java.lang.Thread.run(Thread.java:750)
"Timer for 'StorageContainerManager' metrics system" daemon prio=5 tid=6787 timed_waiting
java.lang.Thread.State: TIMED_WAITING
        at java.lang.Object.wait(Native Method)
        at java.util.TimerThread.mainLoop(Timer.java:552)
        at java.util.TimerThread.run(Timer.java:505)
"IPC Server Responder" daemon prio=5 tid=3751 runnable
java.lang.Thread.State: RUNNABLE
        at sun.nio.ch.EPollArrayWrapper.epollWait(Native Method)
        at sun.nio.ch.EPollArrayWrapper.poll(EPollArrayWrapper.java:269)
        at sun.nio.ch.EPollSelectorImpl.doSelect(EPollSelectorImpl.java:93)
        at sun.nio.ch.SelectorImpl.lockAndDoSelect(SelectorImpl.java:86)
        at sun.nio.ch.SelectorImpl.select(SelectorImpl.java:97)
        at org.apache.hadoop.ipc.Server$Responder.doRunLoop(Server.java:1532)
        at org.apache.hadoop.ipc.Server$Responder.run(Server.java:1515)
"org.apache.hadoop.ozone.container.common.statemachine.commandhandler.DeleteBlocksCommandHandler$DeleteCmdWorker@4985fa54" daemon prio=5 tid=5015 timed_waiting
java.lang.Thread.State: TIMED_WAITING
        at java.lang.Thread.sleep(Native Method)
        at org.apache.hadoop.ozone.container.common.statemachine.commandhandler.DeleteBlocksCommandHandler$DeleteCmdWorker.run(DeleteBlocksCommandHandler.java:183)
        at java.lang.Thread.run(Thread.java:750)
"8734203a-70d5-40c1-ad48-a2d447aaef1c@group-C8483D63BD31-SegmentedRaftLogWorker"  prio=5 tid=6695 timed_waiting
java.lang.Thread.State: TIMED_WAITING
        at sun.misc.Unsafe.park(Native Method)
        at java.util.concurrent.locks.LockSupport.parkNanos(LockSupport.java:215)
        at java.util.concurrent.locks.AbstractQueuedSynchronizer$ConditionObject.awaitNanos(AbstractQueuedSynchronizer.java:2078)
        at org.apache.ratis.util.DataBlockingQueue.poll(DataBlockingQueue.java:148)
        at org.apache.ratis.server.raftlog.segmented.SegmentedRaftLogWorker.run(SegmentedRaftLogWorker.java:301)
        at org.apache.ratis.server.raftlog.segmented.SegmentedRaftLogWorker$$Lambda$646/1639153477.run(Unknown Source)
        at java.lang.Thread.run(Thread.java:750)
"7fbbdba2-60d2-4bcb-9af9-465dc1fc8d8a@group-50B708ACB90C->8dac584f-6024-4576-b5a3-2bef0f48735e-GrpcLogAppender-LogAppenderDaemon" daemon prio=5 tid=6941 timed_waiting
java.lang.Thread.State: TIMED_WAITING
        at sun.misc.Unsafe.park(Native Method)
        at java.util.concurrent.locks.LockSupport.parkNanos(LockSupport.java:215)
        at java.util.concurrent.CompletableFuture$Signaller.block(CompletableFuture.java:1709)
        at java.util.concurrent.ForkJoinPool.managedBlock(ForkJoinPool.java:3323)
        at java.util.concurrent.CompletableFuture.timedGet(CompletableFuture.java:1788)
        at java.util.concurrent.CompletableFuture.get(CompletableFuture.java:1928)
        at org.apache.ratis.util.AwaitForSignal.await(AwaitForSignal.java:56)
        at org.apache.ratis.grpc.server.GrpcLogAppender.mayWait(GrpcLogAppender.java:169)
        at org.apache.ratis.grpc.server.GrpcLogAppender.run(GrpcLogAppender.java:128)
        at org.apache.ratis.server.leader.LogAppenderDaemon.run(LogAppenderDaemon.java:77)
        at org.apache.ratis.server.leader.LogAppenderDaemon$$Lambda$1044/613649554.run(Unknown Source)
        at java.lang.Thread.run(Thread.java:750)
"org.apache.hadoop.ozone.container.common.statemachine.commandhandler.DeleteBlocksCommandHandler$DeleteCmdWorker@1c2572b5" daemon prio=5 tid=6341 timed_waiting
java.lang.Thread.State: TIMED_WAITING
        at java.lang.Thread.sleep(Native Method)
        at org.apache.hadoop.ozone.container.common.statemachine.commandhandler.DeleteBlocksCommandHandler$DeleteCmdWorker.run(DeleteBlocksCommandHandler.java:183)
        at java.lang.Thread.run(Thread.java:750)
"StaleRecoveringContainerScrubbingService#2" daemon prio=5 tid=6982 in Object.wait()
java.lang.Thread.State: WAITING (on object monitor)
        at sun.misc.Unsafe.park(Native Method)
        at java.util.concurrent.locks.LockSupport.park(LockSupport.java:175)
        at java.util.concurrent.locks.AbstractQueuedSynchronizer$ConditionObject.await(AbstractQueuedSynchronizer.java:2039)
        at java.util.concurrent.ScheduledThreadPoolExecutor$DelayedWorkQueue.take(ScheduledThreadPoolExecutor.java:1088)
        at java.util.concurrent.ScheduledThreadPoolExecutor$DelayedWorkQueue.take(ScheduledThreadPoolExecutor.java:809)
        at java.util.concurrent.ThreadPoolExecutor.getTask(ThreadPoolExecutor.java:1074)
        at java.util.concurrent.ThreadPoolExecutor.runWorker(ThreadPoolExecutor.java:1134)
        at java.util.concurrent.ThreadPoolExecutor$Worker.run(ThreadPoolExecutor.java:624)
        at java.lang.Thread.run(Thread.java:750)
"IPC Server handler 7 on default port 42971" daemon prio=5 tid=6838 timed_waiting
java.lang.Thread.State: TIMED_WAITING
        at sun.misc.Unsafe.park(Native Method)
        at java.util.concurrent.locks.LockSupport.parkNanos(LockSupport.java:215)
        at java.util.concurrent.locks.AbstractQueuedSynchronizer$ConditionObject.awaitNanos(AbstractQueuedSynchronizer.java:2078)
        at java.util.concurrent.LinkedBlockingQueue.poll(LinkedBlockingQueue.java:467)
        at org.apache.hadoop.ipc.CallQueueManager.take(CallQueueManager.java:317)
        at org.apache.hadoop.ipc.Server$Handler.run(Server.java:2942)
"org.apache.hadoop.ozone.container.common.statemachine.commandhandler.DeleteBlocksCommandHandler$DeleteCmdWorker@7e247b66" daemon prio=5 tid=3935 timed_waiting
java.lang.Thread.State: TIMED_WAITING
        at java.lang.Thread.sleep(Native Method)
        at org.apache.hadoop.ozone.container.common.statemachine.commandhandler.DeleteBlocksCommandHandler$DeleteCmdWorker.run(DeleteBlocksCommandHandler.java:183)
        at java.lang.Thread.run(Thread.java:750)
"8dac584f-6024-4576-b5a3-2bef0f48735e@group-50B708ACB90C-StateMachineUpdater" daemon prio=5 tid=6659 timed_waiting
java.lang.Thread.State: TIMED_WAITING
        at sun.misc.Unsafe.park(Native Method)
        at java.util.concurrent.locks.LockSupport.parkNanos(LockSupport.java:215)
        at java.util.concurrent.CompletableFuture$Signaller.block(CompletableFuture.java:1709)
        at java.util.concurrent.ForkJoinPool.managedBlock(ForkJoinPool.java:3323)
        at java.util.concurrent.CompletableFuture.timedGet(CompletableFuture.java:1788)
        at java.util.concurrent.CompletableFuture.get(CompletableFuture.java:1928)
        at org.apache.ratis.util.AwaitForSignal.await(AwaitForSignal.java:56)
        at org.apache.ratis.server.impl.StateMachineUpdater.waitForCommit(StateMachineUpdater.java:207)
        at org.apache.ratis.server.impl.StateMachineUpdater.run(StateMachineUpdater.java:176)
        at java.lang.Thread.run(Thread.java:750)
"ContainerOp-1a3410dc-4fd6-4954-94c6-9015fb128463-0"  prio=5 tid=6011 in Object.wait()
java.lang.Thread.State: WAITING (on object monitor)
        at sun.misc.Unsafe.park(Native Method)
        at java.util.concurrent.locks.LockSupport.park(LockSupport.java:175)
        at java.util.concurrent.locks.AbstractQueuedSynchronizer$ConditionObject.await(AbstractQueuedSynchronizer.java:2039)
        at java.util.concurrent.LinkedBlockingQueue.take(LinkedBlockingQueue.java:442)
        at java.util.concurrent.ThreadPoolExecutor.getTask(ThreadPoolExecutor.java:1074)
        at java.util.concurrent.ThreadPoolExecutor.runWorker(ThreadPoolExecutor.java:1134)
        at java.util.concurrent.ThreadPoolExecutor$Worker.run(ThreadPoolExecutor.java:624)
        at java.lang.Thread.run(Thread.java:750)
"Command processor thread" daemon prio=5 tid=5338 timed_waiting
java.lang.Thread.State: TIMED_WAITING
        at java.lang.Thread.sleep(Native Method)
        at org.apache.hadoop.ozone.container.common.statemachine.DatanodeStateMachine.lambda$initCommandHandlerThread$3(DatanodeStateMachine.java:628)
        at org.apache.hadoop.ozone.container.common.statemachine.DatanodeStateMachine$$Lambda$763/1762238644.run(Unknown Source)
        at java.lang.Thread.run(Thread.java:750)
"qtp443038314-6264" daemon prio=5 tid=6264 timed_waiting
java.lang.Thread.State: TIMED_WAITING
        at sun.misc.Unsafe.park(Native Method)
        at java.util.concurrent.locks.LockSupport.parkNanos(LockSupport.java:215)
        at java.util.concurrent.locks.AbstractQueuedSynchronizer$ConditionObject.awaitNanos(AbstractQueuedSynchronizer.java:2078)
        at org.eclipse.jetty.util.BlockingArrayQueue.poll(BlockingArrayQueue.java:382)
        at org.eclipse.jetty.util.thread.QueuedThreadPool$Runner.idleJobPoll(QueuedThreadPool.java:974)
        at org.eclipse.jetty.util.thread.QueuedThreadPool$Runner.run(QueuedThreadPool.java:1018)
        at java.lang.Thread.run(Thread.java:750)
"4d4feef0-6754-49f5-8e19-57d58c5c04b3@group-0CBB49F4AF40-SegmentedRaftLogWorker"  prio=5 tid=5443 timed_waiting
java.lang.Thread.State: TIMED_WAITING
        at sun.misc.Unsafe.park(Native Method)
        at java.util.concurrent.locks.LockSupport.parkNanos(LockSupport.java:215)
        at java.util.concurrent.locks.AbstractQueuedSynchronizer$ConditionObject.awaitNanos(AbstractQueuedSynchronizer.java:2078)
        at org.apache.ratis.util.DataBlockingQueue.poll(DataBlockingQueue.java:148)
        at org.apache.ratis.server.raftlog.segmented.SegmentedRaftLogWorker.run(SegmentedRaftLogWorker.java:301)
        at org.apache.ratis.server.raftlog.segmented.SegmentedRaftLogWorker$$Lambda$646/1639153477.run(Unknown Source)
        at java.lang.Thread.run(Thread.java:750)
"qtp114670926-4075" daemon prio=5 tid=4075 timed_waiting
java.lang.Thread.State: TIMED_WAITING
        at sun.misc.Unsafe.park(Native Method)
        at java.util.concurrent.locks.LockSupport.parkNanos(LockSupport.java:215)
        at java.util.concurrent.locks.AbstractQueuedSynchronizer$ConditionObject.awaitNanos(AbstractQueuedSynchronizer.java:2078)
        at org.eclipse.jetty.util.BlockingArrayQueue.poll(BlockingArrayQueue.java:382)
        at org.eclipse.jetty.util.thread.QueuedThreadPool$Runner.idleJobPoll(QueuedThreadPool.java:974)
        at org.eclipse.jetty.util.thread.QueuedThreadPool$Runner.run(QueuedThreadPool.java:1018)
        at java.lang.Thread.run(Thread.java:750)
"IPC Server handler 2 on default port 36781" daemon prio=5 tid=4617 timed_waiting
java.lang.Thread.State: TIMED_WAITING
        at sun.misc.Unsafe.park(Native Method)
        at java.util.concurrent.locks.LockSupport.parkNanos(LockSupport.java:215)
        at java.util.concurrent.locks.AbstractQueuedSynchronizer$ConditionObject.awaitNanos(AbstractQueuedSynchronizer.java:2078)
        at java.util.concurrent.LinkedBlockingQueue.poll(LinkedBlockingQueue.java:467)
        at org.apache.hadoop.ipc.CallQueueManager.take(CallQueueManager.java:317)
        at org.apache.hadoop.ipc.Server$Handler.run(Server.java:2942)
"ChunkWriter-1-0" daemon prio=5 tid=4113 in Object.wait()
java.lang.Thread.State: WAITING (on object monitor)
        at sun.misc.Unsafe.park(Native Method)
        at java.util.concurrent.locks.LockSupport.park(LockSupport.java:175)
        at java.util.concurrent.locks.AbstractQueuedSynchronizer$ConditionObject.await(AbstractQueuedSynchronizer.java:2039)
        at java.util.concurrent.LinkedBlockingDeque.takeFirst(LinkedBlockingDeque.java:492)
        at java.util.concurrent.LinkedBlockingDeque.take(LinkedBlockingDeque.java:680)
        at java.util.concurrent.ThreadPoolExecutor.getTask(ThreadPoolExecutor.java:1074)
        at java.util.concurrent.ThreadPoolExecutor.runWorker(ThreadPoolExecutor.java:1134)
        at java.util.concurrent.ThreadPoolExecutor$Worker.run(ThreadPoolExecutor.java:624)
        at java.lang.Thread.run(Thread.java:750)
"Datanode State Machine Task Thread - 1"  prio=5 tid=6503 in Object.wait()
java.lang.Thread.State: WAITING (on object monitor)
        at sun.misc.Unsafe.park(Native Method)
        at java.util.concurrent.locks.LockSupport.park(LockSupport.java:175)
        at java.util.concurrent.locks.AbstractQueuedSynchronizer$ConditionObject.await(AbstractQueuedSynchronizer.java:2039)
        at java.util.concurrent.LinkedBlockingQueue.take(LinkedBlockingQueue.java:442)
        at java.util.concurrent.ThreadPoolExecutor.getTask(ThreadPoolExecutor.java:1074)
        at java.util.concurrent.ThreadPoolExecutor.runWorker(ThreadPoolExecutor.java:1134)
        at java.util.concurrent.ThreadPoolExecutor$Worker.run(ThreadPoolExecutor.java:624)
        at java.lang.Thread.run(Thread.java:750)
"IPC Server handler 12 on default port 35679" daemon prio=5 tid=5874 timed_waiting
java.lang.Thread.State: TIMED_WAITING
        at sun.misc.Unsafe.park(Native Method)
        at java.util.concurrent.locks.LockSupport.parkNanos(LockSupport.java:215)
        at java.util.concurrent.locks.AbstractQueuedSynchronizer$ConditionObject.awaitNanos(AbstractQueuedSynchronizer.java:2078)
        at java.util.concurrent.LinkedBlockingQueue.poll(LinkedBlockingQueue.java:467)
        at org.apache.hadoop.ipc.CallQueueManager.take(CallQueueManager.java:317)
        at org.apache.hadoop.ipc.Server$Handler.run(Server.java:2942)
"IPC Server Responder" daemon prio=5 tid=5825 runnable
java.lang.Thread.State: RUNNABLE
        at sun.nio.ch.EPollArrayWrapper.epollWait(Native Method)
        at sun.nio.ch.EPollArrayWrapper.poll(EPollArrayWrapper.java:269)
        at sun.nio.ch.EPollSelectorImpl.doSelect(EPollSelectorImpl.java:93)
        at sun.nio.ch.SelectorImpl.lockAndDoSelect(SelectorImpl.java:86)
        at sun.nio.ch.SelectorImpl.select(SelectorImpl.java:97)
        at org.apache.hadoop.ipc.Server$Responder.doRunLoop(Server.java:1532)
        at org.apache.hadoop.ipc.Server$Responder.run(Server.java:1515)
"null-request--thread1" daemon prio=5 tid=6002 timed_waiting
java.lang.Thread.State: TIMED_WAITING
        at sun.misc.Unsafe.park(Native Method)
        at java.util.concurrent.locks.LockSupport.parkNanos(LockSupport.java:215)
        at java.util.concurrent.locks.AbstractQueuedSynchronizer$ConditionObject.awaitNanos(AbstractQueuedSynchronizer.java:2078)
        at java.util.concurrent.LinkedBlockingQueue.poll(LinkedBlockingQueue.java:467)
        at java.util.concurrent.ThreadPoolExecutor.getTask(ThreadPoolExecutor.java:1073)
        at java.util.concurrent.ThreadPoolExecutor.runWorker(ThreadPoolExecutor.java:1134)
        at java.util.concurrent.ThreadPoolExecutor$Worker.run(ThreadPoolExecutor.java:624)
        at java.lang.Thread.run(Thread.java:750)
"IPC Server handler 7 on default port 43303" daemon prio=5 tid=6818 timed_waiting
java.lang.Thread.State: TIMED_WAITING
        at sun.misc.Unsafe.park(Native Method)
        at java.util.concurrent.locks.LockSupport.parkNanos(LockSupport.java:215)
        at java.util.concurrent.locks.AbstractQueuedSynchronizer$ConditionObject.awaitNanos(AbstractQueuedSynchronizer.java:2078)
        at java.util.concurrent.LinkedBlockingQueue.poll(LinkedBlockingQueue.java:467)
        at org.apache.hadoop.ipc.CallQueueManager.take(CallQueueManager.java:317)
        at org.apache.hadoop.ipc.Server$Handler.run(Server.java:2942)
"e914e15b-3be6-457d-9bb6-bef1feb71ba6@group-D04F15A8E889-SegmentedRaftLogWorker"  prio=5 tid=5493 timed_waiting
java.lang.Thread.State: TIMED_WAITING
        at sun.misc.Unsafe.park(Native Method)
        at java.util.concurrent.locks.LockSupport.parkNanos(LockSupport.java:215)
        at java.util.concurrent.locks.AbstractQueuedSynchronizer$ConditionObject.awaitNanos(AbstractQueuedSynchronizer.java:2078)
        at org.apache.ratis.util.DataBlockingQueue.poll(DataBlockingQueue.java:148)
        at org.apache.ratis.server.raftlog.segmented.SegmentedRaftLogWorker.run(SegmentedRaftLogWorker.java:301)
        at org.apache.ratis.server.raftlog.segmented.SegmentedRaftLogWorker$$Lambda$646/1639153477.run(Unknown Source)
        at java.lang.Thread.run(Thread.java:750)
"qtp114670926-4076" daemon prio=5 tid=4076 timed_waiting
java.lang.Thread.State: TIMED_WAITING
        at sun.misc.Unsafe.park(Native Method)
        at java.util.concurrent.locks.LockSupport.parkNanos(LockSupport.java:215)
        at java.util.concurrent.locks.AbstractQueuedSynchronizer$ConditionObject.awaitNanos(AbstractQueuedSynchronizer.java:2078)
        at org.eclipse.jetty.util.BlockingArrayQueue.poll(BlockingArrayQueue.java:382)
        at org.eclipse.jetty.util.thread.QueuedThreadPool$Runner.idleJobPoll(QueuedThreadPool.java:974)
        at org.eclipse.jetty.util.thread.QueuedThreadPool$Runner.run(QueuedThreadPool.java:1018)
        at java.lang.Thread.run(Thread.java:750)
"PartialTableCache Cleanup Thread - 0" daemon prio=5 tid=4529 in Object.wait()
java.lang.Thread.State: WAITING (on object monitor)
        at sun.misc.Unsafe.park(Native Method)
        at java.util.concurrent.locks.LockSupport.park(LockSupport.java:175)
        at java.util.concurrent.locks.AbstractQueuedSynchronizer$ConditionObject.await(AbstractQueuedSynchronizer.java:2039)
        at java.util.concurrent.LinkedBlockingQueue.take(LinkedBlockingQueue.java:442)
        at java.util.concurrent.ThreadPoolExecutor.getTask(ThreadPoolExecutor.java:1074)
        at java.util.concurrent.ThreadPoolExecutor.runWorker(ThreadPoolExecutor.java:1134)
        at java.util.concurrent.ThreadPoolExecutor$Worker.run(ThreadPoolExecutor.java:624)
        at java.lang.Thread.run(Thread.java:750)
"StaleRecoveringContainerScrubbingService#0" daemon prio=5 tid=6524 timed_waiting
java.lang.Thread.State: TIMED_WAITING
        at sun.misc.Unsafe.park(Native Method)
        at java.util.concurrent.locks.LockSupport.parkNanos(LockSupport.java:215)
        at java.util.concurrent.locks.AbstractQueuedSynchronizer$ConditionObject.awaitNanos(AbstractQueuedSynchronizer.java:2078)
        at java.util.concurrent.ScheduledThreadPoolExecutor$DelayedWorkQueue.take(ScheduledThreadPoolExecutor.java:1093)
        at java.util.concurrent.ScheduledThreadPoolExecutor$DelayedWorkQueue.take(ScheduledThreadPoolExecutor.java:809)
        at java.util.concurrent.ThreadPoolExecutor.getTask(ThreadPoolExecutor.java:1074)
        at java.util.concurrent.ThreadPoolExecutor.runWorker(ThreadPoolExecutor.java:1134)
        at java.util.concurrent.ThreadPoolExecutor$Worker.run(ThreadPoolExecutor.java:624)
        at java.lang.Thread.run(Thread.java:750)
"ContainerOp-1a3410dc-4fd6-4954-94c6-9015fb128463-7"  prio=5 tid=6143 in Object.wait()
java.lang.Thread.State: WAITING (on object monitor)
        at sun.misc.Unsafe.park(Native Method)
        at java.util.concurrent.locks.LockSupport.park(LockSupport.java:175)
        at java.util.concurrent.locks.AbstractQueuedSynchronizer$ConditionObject.await(AbstractQueuedSynchronizer.java:2039)
        at java.util.concurrent.LinkedBlockingQueue.take(LinkedBlockingQueue.java:442)
        at java.util.concurrent.ThreadPoolExecutor.getTask(ThreadPoolExecutor.java:1074)
        at java.util.concurrent.ThreadPoolExecutor.runWorker(ThreadPoolExecutor.java:1134)
        at java.util.concurrent.ThreadPoolExecutor$Worker.run(ThreadPoolExecutor.java:624)
        at java.lang.Thread.run(Thread.java:750)
"StaleRecoveringContainerScrubbingService#2" daemon prio=5 tid=5675 in Object.wait()
java.lang.Thread.State: WAITING (on object monitor)
        at sun.misc.Unsafe.park(Native Method)
        at java.util.concurrent.locks.LockSupport.park(LockSupport.java:175)
        at java.util.concurrent.locks.AbstractQueuedSynchronizer$ConditionObject.await(AbstractQueuedSynchronizer.java:2039)
        at java.util.concurrent.ScheduledThreadPoolExecutor$DelayedWorkQueue.take(ScheduledThreadPoolExecutor.java:1088)
        at java.util.concurrent.ScheduledThreadPoolExecutor$DelayedWorkQueue.take(ScheduledThreadPoolExecutor.java:809)
        at java.util.concurrent.ThreadPoolExecutor.getTask(ThreadPoolExecutor.java:1074)
        at java.util.concurrent.ThreadPoolExecutor.runWorker(ThreadPoolExecutor.java:1134)
        at java.util.concurrent.ThreadPoolExecutor$Worker.run(ThreadPoolExecutor.java:624)
        at java.lang.Thread.run(Thread.java:750)
"c977c8ce-8538-40eb-94c6-762b85246bac@group-0CBB49F4AF40-StateMachineUpdater" daemon prio=5 tid=5448 timed_waiting
java.lang.Thread.State: TIMED_WAITING
        at sun.misc.Unsafe.park(Native Method)
        at java.util.concurrent.locks.LockSupport.parkNanos(LockSupport.java:215)
        at java.util.concurrent.CompletableFuture$Signaller.block(CompletableFuture.java:1709)
        at java.util.concurrent.ForkJoinPool.managedBlock(ForkJoinPool.java:3323)
        at java.util.concurrent.CompletableFuture.timedGet(CompletableFuture.java:1788)
        at java.util.concurrent.CompletableFuture.get(CompletableFuture.java:1928)
        at org.apache.ratis.util.AwaitForSignal.await(AwaitForSignal.java:56)
        at org.apache.ratis.server.impl.StateMachineUpdater.waitForCommit(StateMachineUpdater.java:207)
        at org.apache.ratis.server.impl.StateMachineUpdater.run(StateMachineUpdater.java:176)
        at java.lang.Thread.run(Thread.java:750)
"ChunkWriter-3-0" daemon prio=5 tid=4139 in Object.wait()
java.lang.Thread.State: WAITING (on object monitor)
        at sun.misc.Unsafe.park(Native Method)
        at java.util.concurrent.locks.LockSupport.park(LockSupport.java:175)
        at java.util.concurrent.locks.AbstractQueuedSynchronizer$ConditionObject.await(AbstractQueuedSynchronizer.java:2039)
        at java.util.concurrent.LinkedBlockingDeque.takeFirst(LinkedBlockingDeque.java:492)
        at java.util.concurrent.LinkedBlockingDeque.take(LinkedBlockingDeque.java:680)
        at java.util.concurrent.ThreadPoolExecutor.getTask(ThreadPoolExecutor.java:1074)
        at java.util.concurrent.ThreadPoolExecutor.runWorker(ThreadPoolExecutor.java:1134)
        at java.util.concurrent.ThreadPoolExecutor$Worker.run(ThreadPoolExecutor.java:624)
        at java.lang.Thread.run(Thread.java:750)
"IPC Server handler 1 on default port 35863" daemon prio=5 tid=5883 timed_waiting
java.lang.Thread.State: TIMED_WAITING
        at sun.misc.Unsafe.park(Native Method)
        at java.util.concurrent.locks.LockSupport.parkNanos(LockSupport.java:215)
        at java.util.concurrent.locks.AbstractQueuedSynchronizer$ConditionObject.awaitNanos(AbstractQueuedSynchronizer.java:2078)
        at java.util.concurrent.LinkedBlockingQueue.poll(LinkedBlockingQueue.java:467)
        at org.apache.hadoop.ipc.CallQueueManager.take(CallQueueManager.java:317)
        at org.apache.hadoop.ipc.Server$Handler.run(Server.java:2942)
"qtp595932500-4030" daemon prio=5 tid=4030 runnable
java.lang.Thread.State: RUNNABLE
        at sun.nio.ch.EPollArrayWrapper.epollWait(Native Method)
        at sun.nio.ch.EPollArrayWrapper.poll(EPollArrayWrapper.java:269)
        at sun.nio.ch.EPollSelectorImpl.doSelect(EPollSelectorImpl.java:93)
        at sun.nio.ch.SelectorImpl.lockAndDoSelect(SelectorImpl.java:86)
        at sun.nio.ch.SelectorImpl.select(SelectorImpl.java:97)
        at sun.nio.ch.SelectorImpl.select(SelectorImpl.java:101)
        at org.eclipse.jetty.io.ManagedSelector.nioSelect(ManagedSelector.java:183)
        at org.eclipse.jetty.io.ManagedSelector.select(ManagedSelector.java:190)
        at org.eclipse.jetty.io.ManagedSelector$SelectorProducer.select(ManagedSelector.java:606)
        at org.eclipse.jetty.io.ManagedSelector$SelectorProducer.produce(ManagedSelector.java:543)
        at org.eclipse.jetty.util.thread.strategy.EatWhatYouKill.produceTask(EatWhatYouKill.java:362)
        at org.eclipse.jetty.util.thread.strategy.EatWhatYouKill.doProduce(EatWhatYouKill.java:186)
        at org.eclipse.jetty.util.thread.strategy.EatWhatYouKill.tryProduce(EatWhatYouKill.java:173)
        at org.eclipse.jetty.util.thread.strategy.EatWhatYouKill.produce(EatWhatYouKill.java:137)
        at org.eclipse.jetty.io.ManagedSelector$$Lambda$478/1665851504.run(Unknown Source)
        at org.eclipse.jetty.util.thread.QueuedThreadPool.runJob(QueuedThreadPool.java:883)
        at org.eclipse.jetty.util.thread.QueuedThreadPool$Runner.run(QueuedThreadPool.java:1034)
        at java.lang.Thread.run(Thread.java:750)
"qtp1469368322-3943" daemon prio=5 tid=3943 timed_waiting
java.lang.Thread.State: TIMED_WAITING
        at sun.misc.Unsafe.park(Native Method)
        at java.util.concurrent.locks.LockSupport.parkNanos(LockSupport.java:215)
        at java.util.concurrent.locks.AbstractQueuedSynchronizer$ConditionObject.awaitNanos(AbstractQueuedSynchronizer.java:2078)
        at org.eclipse.jetty.util.BlockingArrayQueue.poll(BlockingArrayQueue.java:382)
        at org.eclipse.jetty.util.thread.QueuedThreadPool$Runner.idleJobPoll(QueuedThreadPool.java:974)
        at org.eclipse.jetty.util.thread.QueuedThreadPool$Runner.run(QueuedThreadPool.java:1018)
        at java.lang.Thread.run(Thread.java:750)
"SCM Heartbeat Processing Thread - 0" daemon prio=5 tid=4533 timed_waiting
java.lang.Thread.State: TIMED_WAITING
        at sun.misc.Unsafe.park(Native Method)
        at java.util.concurrent.locks.LockSupport.parkNanos(LockSupport.java:215)
        at java.util.concurrent.locks.AbstractQueuedSynchronizer$ConditionObject.awaitNanos(AbstractQueuedSynchronizer.java:2078)
        at java.util.concurrent.ScheduledThreadPoolExecutor$DelayedWorkQueue.take(ScheduledThreadPoolExecutor.java:1093)
        at java.util.concurrent.ScheduledThreadPoolExecutor$DelayedWorkQueue.take(ScheduledThreadPoolExecutor.java:809)
        at java.util.concurrent.ThreadPoolExecutor.getTask(ThreadPoolExecutor.java:1074)
        at java.util.concurrent.ThreadPoolExecutor.runWorker(ThreadPoolExecutor.java:1134)
        at java.util.concurrent.ThreadPoolExecutor$Worker.run(ThreadPoolExecutor.java:624)
        at java.lang.Thread.run(Thread.java:750)
"2807d27e-eacf-4ef9-9ccd-2d34dc032c62@group-94B5820007C9-LeaderStateImpl" daemon prio=5 tid=4364 timed_waiting
java.lang.Thread.State: TIMED_WAITING
        at sun.misc.Unsafe.park(Native Method)
        at java.util.concurrent.locks.LockSupport.parkNanos(LockSupport.java:215)
        at java.util.concurrent.locks.AbstractQueuedSynchronizer$ConditionObject.awaitNanos(AbstractQueuedSynchronizer.java:2078)
        at java.util.concurrent.ArrayBlockingQueue.poll(ArrayBlockingQueue.java:418)
        at org.apache.ratis.server.impl.LeaderStateImpl$EventQueue.poll(LeaderStateImpl.java:159)
        at org.apache.ratis.server.impl.LeaderStateImpl$EventProcessor.run(LeaderStateImpl.java:630)
"Periodic HDDS volume checker" daemon prio=5 tid=5268 timed_waiting
java.lang.Thread.State: TIMED_WAITING
        at sun.misc.Unsafe.park(Native Method)
        at java.util.concurrent.locks.LockSupport.parkNanos(LockSupport.java:215)
        at java.util.concurrent.locks.AbstractQueuedSynchronizer$ConditionObject.awaitNanos(AbstractQueuedSynchronizer.java:2078)
        at java.util.concurrent.ScheduledThreadPoolExecutor$DelayedWorkQueue.take(ScheduledThreadPoolExecutor.java:1093)
        at java.util.concurrent.ScheduledThreadPoolExecutor$DelayedWorkQueue.take(ScheduledThreadPoolExecutor.java:809)
        at java.util.concurrent.ThreadPoolExecutor.getTask(ThreadPoolExecutor.java:1074)
        at java.util.concurrent.ThreadPoolExecutor.runWorker(ThreadPoolExecutor.java:1134)
        at java.util.concurrent.ThreadPoolExecutor$Worker.run(ThreadPoolExecutor.java:624)
        at java.lang.Thread.run(Thread.java:750)
"Periodic HDDS volume checker" daemon prio=5 tid=6310 timed_waiting
java.lang.Thread.State: TIMED_WAITING
        at sun.misc.Unsafe.park(Native Method)
        at java.util.concurrent.locks.LockSupport.parkNanos(LockSupport.java:215)
        at java.util.concurrent.locks.AbstractQueuedSynchronizer$ConditionObject.awaitNanos(AbstractQueuedSynchronizer.java:2078)
        at java.util.concurrent.ScheduledThreadPoolExecutor$DelayedWorkQueue.take(ScheduledThreadPoolExecutor.java:1093)
        at java.util.concurrent.ScheduledThreadPoolExecutor$DelayedWorkQueue.take(ScheduledThreadPoolExecutor.java:809)
        at java.util.concurrent.ThreadPoolExecutor.getTask(ThreadPoolExecutor.java:1074)
        at java.util.concurrent.ThreadPoolExecutor.runWorker(ThreadPoolExecutor.java:1134)
        at java.util.concurrent.ThreadPoolExecutor$Worker.run(ThreadPoolExecutor.java:624)
        at java.lang.Thread.run(Thread.java:750)
"ChunkWriter-1-0" daemon prio=5 tid=4173 in Object.wait()
java.lang.Thread.State: WAITING (on object monitor)
        at sun.misc.Unsafe.park(Native Method)
        at java.util.concurrent.locks.LockSupport.park(LockSupport.java:175)
        at java.util.concurrent.locks.AbstractQueuedSynchronizer$ConditionObject.await(AbstractQueuedSynchronizer.java:2039)
        at java.util.concurrent.LinkedBlockingDeque.takeFirst(LinkedBlockingDeque.java:492)
        at java.util.concurrent.LinkedBlockingDeque.take(LinkedBlockingDeque.java:680)
        at java.util.concurrent.ThreadPoolExecutor.getTask(ThreadPoolExecutor.java:1074)
        at java.util.concurrent.ThreadPoolExecutor.runWorker(ThreadPoolExecutor.java:1134)
        at java.util.concurrent.ThreadPoolExecutor$Worker.run(ThreadPoolExecutor.java:624)
        at java.lang.Thread.run(Thread.java:750)
"qtp795168967-6427" daemon prio=5 tid=6427 timed_waiting
java.lang.Thread.State: TIMED_WAITING
        at sun.misc.Unsafe.park(Native Method)
        at java.util.concurrent.locks.LockSupport.parkNanos(LockSupport.java:215)
        at java.util.concurrent.locks.AbstractQueuedSynchronizer$ConditionObject.awaitNanos(AbstractQueuedSynchronizer.java:2078)
        at org.eclipse.jetty.util.BlockingArrayQueue.poll(BlockingArrayQueue.java:382)
        at org.eclipse.jetty.util.thread.QueuedThreadPool$Runner.idleJobPoll(QueuedThreadPool.java:974)
        at org.eclipse.jetty.util.thread.QueuedThreadPool$Runner.run(QueuedThreadPool.java:1018)
        at java.lang.Thread.run(Thread.java:750)
"qtp114670926-4079" daemon prio=5 tid=4079 timed_waiting
java.lang.Thread.State: TIMED_WAITING
        at sun.misc.Unsafe.park(Native Method)
        at java.util.concurrent.locks.LockSupport.parkNanos(LockSupport.java:215)
        at java.util.concurrent.locks.AbstractQueuedSynchronizer$ConditionObject.awaitNanos(AbstractQueuedSynchronizer.java:2078)
        at org.eclipse.jetty.util.BlockingArrayQueue.poll(BlockingArrayQueue.java:382)
        at org.eclipse.jetty.util.thread.QueuedThreadPool$Runner.idleJobPoll(QueuedThreadPool.java:974)
        at org.eclipse.jetty.util.thread.QueuedThreadPool$Runner.run(QueuedThreadPool.java:1018)
        at java.lang.Thread.run(Thread.java:750)
"BlockDeletingService#1" daemon prio=5 tid=5414 timed_waiting
java.lang.Thread.State: TIMED_WAITING
        at sun.misc.Unsafe.park(Native Method)
        at java.util.concurrent.locks.LockSupport.parkNanos(LockSupport.java:215)
        at java.util.concurrent.locks.AbstractQueuedSynchronizer$ConditionObject.awaitNanos(AbstractQueuedSynchronizer.java:2078)
        at java.util.concurrent.ScheduledThreadPoolExecutor$DelayedWorkQueue.take(ScheduledThreadPoolExecutor.java:1093)
        at java.util.concurrent.ScheduledThreadPoolExecutor$DelayedWorkQueue.take(ScheduledThreadPoolExecutor.java:809)
        at java.util.concurrent.ThreadPoolExecutor.getTask(ThreadPoolExecutor.java:1074)
        at java.util.concurrent.ThreadPoolExecutor.runWorker(ThreadPoolExecutor.java:1134)
        at java.util.concurrent.ThreadPoolExecutor$Worker.run(ThreadPoolExecutor.java:624)
        at java.lang.Thread.run(Thread.java:750)
"IPC Server handler 19 on default port 35679" daemon prio=5 tid=5881 timed_waiting
java.lang.Thread.State: TIMED_WAITING
        at sun.misc.Unsafe.park(Native Method)
        at java.util.concurrent.locks.LockSupport.parkNanos(LockSupport.java:215)
        at java.util.concurrent.locks.AbstractQueuedSynchronizer$ConditionObject.awaitNanos(AbstractQueuedSynchronizer.java:2078)
        at java.util.concurrent.LinkedBlockingQueue.poll(LinkedBlockingQueue.java:467)
        at org.apache.hadoop.ipc.CallQueueManager.take(CallQueueManager.java:317)
        at org.apache.hadoop.ipc.Server$Handler.run(Server.java:2942)
"om1@group-C5BA1605619E-StateMachineUpdater" daemon prio=5 tid=3665 timed_waiting
java.lang.Thread.State: TIMED_WAITING
        at sun.misc.Unsafe.park(Native Method)
        at java.util.concurrent.locks.LockSupport.parkNanos(LockSupport.java:215)
        at java.util.concurrent.CompletableFuture$Signaller.block(CompletableFuture.java:1709)
        at java.util.concurrent.ForkJoinPool.managedBlock(ForkJoinPool.java:3323)
        at java.util.concurrent.CompletableFuture.timedGet(CompletableFuture.java:1788)
        at java.util.concurrent.CompletableFuture.get(CompletableFuture.java:1928)
        at org.apache.ratis.util.AwaitForSignal.await(AwaitForSignal.java:56)
        at org.apache.ratis.server.impl.StateMachineUpdater.waitForCommit(StateMachineUpdater.java:207)
        at org.apache.ratis.server.impl.StateMachineUpdater.run(StateMachineUpdater.java:176)
        at java.lang.Thread.run(Thread.java:750)
"grpc-default-executor-8" daemon prio=5 tid=5214 timed_waiting
java.lang.Thread.State: TIMED_WAITING
        at sun.misc.Unsafe.park(Native Method)
        at java.util.concurrent.locks.LockSupport.parkNanos(LockSupport.java:215)
        at java.util.concurrent.SynchronousQueue$TransferStack.awaitFulfill(SynchronousQueue.java:460)
        at java.util.concurrent.SynchronousQueue$TransferStack.transfer(SynchronousQueue.java:362)
        at java.util.concurrent.SynchronousQueue.poll(SynchronousQueue.java:941)
        at java.util.concurrent.ThreadPoolExecutor.getTask(ThreadPoolExecutor.java:1073)
        at java.util.concurrent.ThreadPoolExecutor.runWorker(ThreadPoolExecutor.java:1134)
        at java.util.concurrent.ThreadPoolExecutor$Worker.run(ThreadPoolExecutor.java:624)
        at java.lang.Thread.run(Thread.java:750)
"BlockDeletingService#2" daemon prio=5 tid=6986 in Object.wait()
java.lang.Thread.State: WAITING (on object monitor)
        at sun.misc.Unsafe.park(Native Method)
        at java.util.concurrent.locks.LockSupport.park(LockSupport.java:175)
        at java.util.concurrent.locks.AbstractQueuedSynchronizer$ConditionObject.await(AbstractQueuedSynchronizer.java:2039)
        at java.util.concurrent.ScheduledThreadPoolExecutor$DelayedWorkQueue.take(ScheduledThreadPoolExecutor.java:1088)
        at java.util.concurrent.ScheduledThreadPoolExecutor$DelayedWorkQueue.take(ScheduledThreadPoolExecutor.java:809)
        at java.util.concurrent.ThreadPoolExecutor.getTask(ThreadPoolExecutor.java:1074)
        at java.util.concurrent.ThreadPoolExecutor.runWorker(ThreadPoolExecutor.java:1134)
        at java.util.concurrent.ThreadPoolExecutor$Worker.run(ThreadPoolExecutor.java:624)
        at java.lang.Thread.run(Thread.java:750)
"IPC Server Responder" daemon prio=5 tid=6777 runnable
java.lang.Thread.State: RUNNABLE
        at sun.nio.ch.EPollArrayWrapper.epollWait(Native Method)
        at sun.nio.ch.EPollArrayWrapper.poll(EPollArrayWrapper.java:269)
        at sun.nio.ch.EPollSelectorImpl.doSelect(EPollSelectorImpl.java:93)
        at sun.nio.ch.SelectorImpl.lockAndDoSelect(SelectorImpl.java:86)
        at sun.nio.ch.SelectorImpl.select(SelectorImpl.java:97)
        at org.apache.hadoop.ipc.Server$Responder.doRunLoop(Server.java:1532)
        at org.apache.hadoop.ipc.Server$Responder.run(Server.java:1515)
"IPC Server handler 7 on default port 46525" daemon prio=5 tid=3801 timed_waiting
java.lang.Thread.State: TIMED_WAITING
        at sun.misc.Unsafe.park(Native Method)
        at java.util.concurrent.locks.LockSupport.parkNanos(LockSupport.java:215)
        at java.util.concurrent.locks.AbstractQueuedSynchronizer$ConditionObject.awaitNanos(AbstractQueuedSynchronizer.java:2078)
        at java.util.concurrent.LinkedBlockingQueue.poll(LinkedBlockingQueue.java:467)
        at org.apache.hadoop.ipc.CallQueueManager.take(CallQueueManager.java:317)
        at org.apache.hadoop.ipc.Server$Handler.run(Server.java:2942)
"8734203a-70d5-40c1-ad48-a2d447aaef1c@group-C8483D63BD31-LeaderStateImpl" daemon prio=5 tid=6994 timed_waiting
java.lang.Thread.State: TIMED_WAITING
        at sun.misc.Unsafe.park(Native Method)
        at java.util.concurrent.locks.LockSupport.parkNanos(LockSupport.java:215)
        at java.util.concurrent.locks.AbstractQueuedSynchronizer$ConditionObject.awaitNanos(AbstractQueuedSynchronizer.java:2078)
        at java.util.concurrent.ArrayBlockingQueue.poll(ArrayBlockingQueue.java:418)
        at org.apache.ratis.server.impl.LeaderStateImpl$EventQueue.poll(LeaderStateImpl.java:159)
        at org.apache.ratis.server.impl.LeaderStateImpl$EventProcessor.run(LeaderStateImpl.java:630)
"ChunkReader-ELG-0" daemon prio=5 tid=5348 runnable
java.lang.Thread.State: RUNNABLE
        at org.apache.ratis.thirdparty.io.netty.channel.epoll.Native.epollWait(Native Method)
        at org.apache.ratis.thirdparty.io.netty.channel.epoll.Native.epollWait(Native.java:193)
        at org.apache.ratis.thirdparty.io.netty.channel.epoll.Native.epollWait(Native.java:186)
        at org.apache.ratis.thirdparty.io.netty.channel.epoll.EpollEventLoop.epollWaitNoTimerChange(EpollEventLoop.java:290)
        at org.apache.ratis.thirdparty.io.netty.channel.epoll.EpollEventLoop.run(EpollEventLoop.java:347)
        at org.apache.ratis.thirdparty.io.netty.util.concurrent.SingleThreadEventExecutor$4.run(SingleThreadEventExecutor.java:986)
        at org.apache.ratis.thirdparty.io.netty.util.internal.ThreadExecutorMap$2.run(ThreadExecutorMap.java:74)
        at java.lang.Thread.run(Thread.java:750)
"IPC Server handler 10 on default port 40471" daemon prio=5 tid=6801 timed_waiting
java.lang.Thread.State: TIMED_WAITING
        at sun.misc.Unsafe.park(Native Method)
        at java.util.concurrent.locks.LockSupport.parkNanos(LockSupport.java:215)
        at java.util.concurrent.locks.AbstractQueuedSynchronizer$ConditionObject.awaitNanos(AbstractQueuedSynchronizer.java:2078)
        at java.util.concurrent.LinkedBlockingQueue.poll(LinkedBlockingQueue.java:467)
        at org.apache.hadoop.ipc.CallQueueManager.take(CallQueueManager.java:317)
        at org.apache.hadoop.ipc.Server$Handler.run(Server.java:2942)
"IPC Server handler 9 on default port 36781" daemon prio=5 tid=4624 timed_waiting
java.lang.Thread.State: TIMED_WAITING
        at sun.misc.Unsafe.park(Native Method)
        at java.util.concurrent.locks.LockSupport.parkNanos(LockSupport.java:215)
        at java.util.concurrent.locks.AbstractQueuedSynchronizer$ConditionObject.awaitNanos(AbstractQueuedSynchronizer.java:2078)
        at java.util.concurrent.LinkedBlockingQueue.poll(LinkedBlockingQueue.java:467)
        at org.apache.hadoop.ipc.CallQueueManager.take(CallQueueManager.java:317)
        at org.apache.hadoop.ipc.Server$Handler.run(Server.java:2942)
"process reaper" daemon prio=10 tid=12 timed_waiting
java.lang.Thread.State: TIMED_WAITING
        at sun.misc.Unsafe.park(Native Method)
        at java.util.concurrent.locks.LockSupport.parkNanos(LockSupport.java:215)
        at java.util.concurrent.SynchronousQueue$TransferStack.awaitFulfill(SynchronousQueue.java:460)
        at java.util.concurrent.SynchronousQueue$TransferStack.transfer(SynchronousQueue.java:362)
        at java.util.concurrent.SynchronousQueue.poll(SynchronousQueue.java:941)
        at java.util.concurrent.ThreadPoolExecutor.getTask(ThreadPoolExecutor.java:1073)
        at java.util.concurrent.ThreadPoolExecutor.runWorker(ThreadPoolExecutor.java:1134)
        at java.util.concurrent.ThreadPoolExecutor$Worker.run(ThreadPoolExecutor.java:624)
        at java.lang.Thread.run(Thread.java:750)
"ChunkWriter-3-0" daemon prio=5 tid=4115 in Object.wait()
java.lang.Thread.State: WAITING (on object monitor)
        at sun.misc.Unsafe.park(Native Method)
        at java.util.concurrent.locks.LockSupport.park(LockSupport.java:175)
        at java.util.concurrent.locks.AbstractQueuedSynchronizer$ConditionObject.await(AbstractQueuedSynchronizer.java:2039)
        at java.util.concurrent.LinkedBlockingDeque.takeFirst(LinkedBlockingDeque.java:492)
        at java.util.concurrent.LinkedBlockingDeque.take(LinkedBlockingDeque.java:680)
        at java.util.concurrent.ThreadPoolExecutor.getTask(ThreadPoolExecutor.java:1074)
        at java.util.concurrent.ThreadPoolExecutor.runWorker(ThreadPoolExecutor.java:1134)
        at java.util.concurrent.ThreadPoolExecutor$Worker.run(ThreadPoolExecutor.java:624)
        at java.lang.Thread.run(Thread.java:750)
"BlockDeletingService#1" daemon prio=5 tid=6525 in Object.wait()
java.lang.Thread.State: WAITING (on object monitor)
        at sun.misc.Unsafe.park(Native Method)
        at java.util.concurrent.locks.LockSupport.park(LockSupport.java:175)
        at java.util.concurrent.locks.AbstractQueuedSynchronizer$ConditionObject.await(AbstractQueuedSynchronizer.java:2039)
        at java.util.concurrent.ScheduledThreadPoolExecutor$DelayedWorkQueue.take(ScheduledThreadPoolExecutor.java:1088)
        at java.util.concurrent.ScheduledThreadPoolExecutor$DelayedWorkQueue.take(ScheduledThreadPoolExecutor.java:809)
        at java.util.concurrent.ThreadPoolExecutor.getTask(ThreadPoolExecutor.java:1074)
        at java.util.concurrent.ThreadPoolExecutor.runWorker(ThreadPoolExecutor.java:1134)
        at java.util.concurrent.ThreadPoolExecutor$Worker.run(ThreadPoolExecutor.java:624)
        at java.lang.Thread.run(Thread.java:750)
"pool-2263-thread-1" daemon prio=5 tid=3991 timed_waiting
java.lang.Thread.State: TIMED_WAITING
        at sun.misc.Unsafe.park(Native Method)
        at java.util.concurrent.locks.LockSupport.parkNanos(LockSupport.java:215)
        at java.util.concurrent.locks.AbstractQueuedSynchronizer$ConditionObject.awaitNanos(AbstractQueuedSynchronizer.java:2078)
        at java.util.concurrent.ScheduledThreadPoolExecutor$DelayedWorkQueue.take(ScheduledThreadPoolExecutor.java:1093)
        at java.util.concurrent.ScheduledThreadPoolExecutor$DelayedWorkQueue.take(ScheduledThreadPoolExecutor.java:809)
        at java.util.concurrent.ThreadPoolExecutor.getTask(ThreadPoolExecutor.java:1074)
        at java.util.concurrent.ThreadPoolExecutor.runWorker(ThreadPoolExecutor.java:1134)
        at java.util.concurrent.ThreadPoolExecutor$Worker.run(ThreadPoolExecutor.java:624)
        at java.lang.Thread.run(Thread.java:750)
"IPC Server handler 5 on default port 43303" daemon prio=5 tid=6816 timed_waiting
java.lang.Thread.State: TIMED_WAITING
        at sun.misc.Unsafe.park(Native Method)
        at java.util.concurrent.locks.LockSupport.parkNanos(LockSupport.java:215)
        at java.util.concurrent.locks.AbstractQueuedSynchronizer$ConditionObject.awaitNanos(AbstractQueuedSynchronizer.java:2078)
        at java.util.concurrent.LinkedBlockingQueue.poll(LinkedBlockingQueue.java:467)
        at org.apache.hadoop.ipc.CallQueueManager.take(CallQueueManager.java:317)
        at org.apache.hadoop.ipc.Server$Handler.run(Server.java:2942)
"Datanode State Machine Task Thread - 1"  prio=5 tid=5252 in Object.wait()
java.lang.Thread.State: WAITING (on object monitor)
        at sun.misc.Unsafe.park(Native Method)
        at java.util.concurrent.locks.LockSupport.park(LockSupport.java:175)
        at java.util.concurrent.locks.AbstractQueuedSynchronizer$ConditionObject.await(AbstractQueuedSynchronizer.java:2039)
        at java.util.concurrent.LinkedBlockingQueue.take(LinkedBlockingQueue.java:442)
        at java.util.concurrent.ThreadPoolExecutor.getTask(ThreadPoolExecutor.java:1074)
        at java.util.concurrent.ThreadPoolExecutor.runWorker(ThreadPoolExecutor.java:1134)
        at java.util.concurrent.ThreadPoolExecutor$Worker.run(ThreadPoolExecutor.java:624)
        at java.lang.Thread.run(Thread.java:750)
"EndpointStateMachine task thread for /0.0.0.0:35863 - 0 "  prio=5 tid=6443 in Object.wait()
java.lang.Thread.State: WAITING (on object monitor)
        at sun.misc.Unsafe.park(Native Method)
        at java.util.concurrent.locks.LockSupport.park(LockSupport.java:175)
        at java.util.concurrent.locks.AbstractQueuedSynchronizer$ConditionObject.await(AbstractQueuedSynchronizer.java:2039)
        at java.util.concurrent.LinkedBlockingQueue.take(LinkedBlockingQueue.java:442)
        at java.util.concurrent.ThreadPoolExecutor.getTask(ThreadPoolExecutor.java:1074)
        at java.util.concurrent.ThreadPoolExecutor.runWorker(ThreadPoolExecutor.java:1134)
        at java.util.concurrent.ThreadPoolExecutor$Worker.run(ThreadPoolExecutor.java:624)
        at java.lang.Thread.run(Thread.java:750)
"pool-2294-thread-1" daemon prio=5 tid=4022 timed_waiting
java.lang.Thread.State: TIMED_WAITING
        at sun.misc.Unsafe.park(Native Method)
        at java.util.concurrent.locks.LockSupport.parkNanos(LockSupport.java:215)
        at java.util.concurrent.locks.AbstractQueuedSynchronizer$ConditionObject.awaitNanos(AbstractQueuedSynchronizer.java:2078)
        at java.util.concurrent.ScheduledThreadPoolExecutor$DelayedWorkQueue.take(ScheduledThreadPoolExecutor.java:1093)
        at java.util.concurrent.ScheduledThreadPoolExecutor$DelayedWorkQueue.take(ScheduledThreadPoolExecutor.java:809)
        at java.util.concurrent.ThreadPoolExecutor.getTask(ThreadPoolExecutor.java:1074)
        at java.util.concurrent.ThreadPoolExecutor.runWorker(ThreadPoolExecutor.java:1134)
        at java.util.concurrent.ThreadPoolExecutor$Worker.run(ThreadPoolExecutor.java:624)
        at java.lang.Thread.run(Thread.java:750)
"BlockDeletingService#0" daemon prio=5 tid=4157 in Object.wait()
java.lang.Thread.State: WAITING (on object monitor)
        at sun.misc.Unsafe.park(Native Method)
        at java.util.concurrent.locks.LockSupport.park(LockSupport.java:175)
        at java.util.concurrent.locks.AbstractQueuedSynchronizer$ConditionObject.await(AbstractQueuedSynchronizer.java:2039)
        at java.util.concurrent.ScheduledThreadPoolExecutor$DelayedWorkQueue.take(ScheduledThreadPoolExecutor.java:1088)
        at java.util.concurrent.ScheduledThreadPoolExecutor$DelayedWorkQueue.take(ScheduledThreadPoolExecutor.java:809)
        at java.util.concurrent.ThreadPoolExecutor.getTask(ThreadPoolExecutor.java:1074)
        at java.util.concurrent.ThreadPoolExecutor.runWorker(ThreadPoolExecutor.java:1134)
        at java.util.concurrent.ThreadPoolExecutor$Worker.run(ThreadPoolExecutor.java:624)
        at java.lang.Thread.run(Thread.java:750)
"Datanode ReportManager Thread - 0" daemon prio=5 tid=4082 in Object.wait()
java.lang.Thread.State: WAITING (on object monitor)
        at sun.misc.Unsafe.park(Native Method)
        at java.util.concurrent.locks.LockSupport.park(LockSupport.java:175)
        at java.util.concurrent.locks.AbstractQueuedSynchronizer$ConditionObject.await(AbstractQueuedSynchronizer.java:2039)
        at java.util.concurrent.ScheduledThreadPoolExecutor$DelayedWorkQueue.take(ScheduledThreadPoolExecutor.java:1088)
        at java.util.concurrent.ScheduledThreadPoolExecutor$DelayedWorkQueue.take(ScheduledThreadPoolExecutor.java:809)
        at java.util.concurrent.ThreadPoolExecutor.getTask(ThreadPoolExecutor.java:1074)
        at java.util.concurrent.ThreadPoolExecutor.runWorker(ThreadPoolExecutor.java:1134)
        at java.util.concurrent.ThreadPoolExecutor$Worker.run(ThreadPoolExecutor.java:624)
        at java.lang.Thread.run(Thread.java:750)
"ChunkWriter-2-0" daemon prio=5 tid=6507 in Object.wait()
java.lang.Thread.State: WAITING (on object monitor)
        at sun.misc.Unsafe.park(Native Method)
        at java.util.concurrent.locks.LockSupport.park(LockSupport.java:175)
        at java.util.concurrent.locks.AbstractQueuedSynchronizer$ConditionObject.await(AbstractQueuedSynchronizer.java:2039)
        at java.util.concurrent.LinkedBlockingDeque.takeFirst(LinkedBlockingDeque.java:492)
        at java.util.concurrent.LinkedBlockingDeque.take(LinkedBlockingDeque.java:680)
        at java.util.concurrent.ThreadPoolExecutor.getTask(ThreadPoolExecutor.java:1074)
        at java.util.concurrent.ThreadPoolExecutor.runWorker(ThreadPoolExecutor.java:1134)
        at java.util.concurrent.ThreadPoolExecutor$Worker.run(ThreadPoolExecutor.java:624)
        at java.lang.Thread.run(Thread.java:750)
"IPC Server Responder" daemon prio=5 tid=4544 runnable
java.lang.Thread.State: RUNNABLE
        at sun.nio.ch.EPollArrayWrapper.epollWait(Native Method)
        at sun.nio.ch.EPollArrayWrapper.poll(EPollArrayWrapper.java:269)
        at sun.nio.ch.EPollSelectorImpl.doSelect(EPollSelectorImpl.java:93)
        at sun.nio.ch.SelectorImpl.lockAndDoSelect(SelectorImpl.java:86)
        at sun.nio.ch.SelectorImpl.select(SelectorImpl.java:97)
        at org.apache.hadoop.ipc.Server$Responder.doRunLoop(Server.java:1532)
        at org.apache.hadoop.ipc.Server$Responder.run(Server.java:1515)
"42bf96ef-5b29-49bf-adbe-37b520f0d1a8-server-thread1" daemon prio=5 tid=5665 timed_waiting
java.lang.Thread.State: TIMED_WAITING
        at sun.misc.Unsafe.park(Native Method)
        at java.util.concurrent.locks.LockSupport.parkNanos(LockSupport.java:215)
        at java.util.concurrent.SynchronousQueue$TransferStack.awaitFulfill(SynchronousQueue.java:460)
        at java.util.concurrent.SynchronousQueue$TransferStack.transfer(SynchronousQueue.java:362)
        at java.util.concurrent.SynchronousQueue.poll(SynchronousQueue.java:941)
        at java.util.concurrent.ThreadPoolExecutor.getTask(ThreadPoolExecutor.java:1073)
        at java.util.concurrent.ThreadPoolExecutor.runWorker(ThreadPoolExecutor.java:1134)
        at java.util.concurrent.ThreadPoolExecutor$Worker.run(ThreadPoolExecutor.java:624)
        at java.lang.Thread.run(Thread.java:750)
"StaleRecoveringContainerScrubbingService#0" daemon prio=5 tid=5400 in Object.wait()
java.lang.Thread.State: WAITING (on object monitor)
        at sun.misc.Unsafe.park(Native Method)
        at java.util.concurrent.locks.LockSupport.park(LockSupport.java:175)
        at java.util.concurrent.locks.AbstractQueuedSynchronizer$ConditionObject.await(AbstractQueuedSynchronizer.java:2039)
        at java.util.concurrent.ScheduledThreadPoolExecutor$DelayedWorkQueue.take(ScheduledThreadPoolExecutor.java:1088)
        at java.util.concurrent.ScheduledThreadPoolExecutor$DelayedWorkQueue.take(ScheduledThreadPoolExecutor.java:809)
        at java.util.concurrent.ThreadPoolExecutor.getTask(ThreadPoolExecutor.java:1074)
        at java.util.concurrent.ThreadPoolExecutor.runWorker(ThreadPoolExecutor.java:1134)
        at java.util.concurrent.ThreadPoolExecutor$Worker.run(ThreadPoolExecutor.java:624)
        at java.lang.Thread.run(Thread.java:750)
"Datanode ReportManager Thread - 3" daemon prio=5 tid=6330 in Object.wait()
java.lang.Thread.State: WAITING (on object monitor)
        at sun.misc.Unsafe.park(Native Method)
        at java.util.concurrent.locks.LockSupport.park(LockSupport.java:175)
        at java.util.concurrent.locks.AbstractQueuedSynchronizer$ConditionObject.await(AbstractQueuedSynchronizer.java:2039)
        at java.util.concurrent.ScheduledThreadPoolExecutor$DelayedWorkQueue.take(ScheduledThreadPoolExecutor.java:1088)
        at java.util.concurrent.ScheduledThreadPoolExecutor$DelayedWorkQueue.take(ScheduledThreadPoolExecutor.java:809)
        at java.util.concurrent.ThreadPoolExecutor.getTask(ThreadPoolExecutor.java:1074)
        at java.util.concurrent.ThreadPoolExecutor.runWorker(ThreadPoolExecutor.java:1134)
        at java.util.concurrent.ThreadPoolExecutor$Worker.run(ThreadPoolExecutor.java:624)
        at java.lang.Thread.run(Thread.java:750)
"StaleRecoveringContainerScrubbingService#2" daemon prio=5 tid=6969 in Object.wait()
java.lang.Thread.State: WAITING (on object monitor)
        at sun.misc.Unsafe.park(Native Method)
        at java.util.concurrent.locks.LockSupport.park(LockSupport.java:175)
        at java.util.concurrent.locks.AbstractQueuedSynchronizer$ConditionObject.await(AbstractQueuedSynchronizer.java:2039)
        at java.util.concurrent.ScheduledThreadPoolExecutor$DelayedWorkQueue.take(ScheduledThreadPoolExecutor.java:1088)
        at java.util.concurrent.ScheduledThreadPoolExecutor$DelayedWorkQueue.take(ScheduledThreadPoolExecutor.java:809)
        at java.util.concurrent.ThreadPoolExecutor.getTask(ThreadPoolExecutor.java:1074)
        at java.util.concurrent.ThreadPoolExecutor.runWorker(ThreadPoolExecutor.java:1134)
        at java.util.concurrent.ThreadPoolExecutor$Worker.run(ThreadPoolExecutor.java:624)
        at java.lang.Thread.run(Thread.java:750)
"abd8e8e1-9e09-4ec0-a897-8fd48f6e99a3@group-50B708ACB90C-StateMachineUpdater" daemon prio=5 tid=6645 timed_waiting
java.lang.Thread.State: TIMED_WAITING
        at sun.misc.Unsafe.park(Native Method)
        at java.util.concurrent.locks.LockSupport.parkNanos(LockSupport.java:215)
        at java.util.concurrent.CompletableFuture$Signaller.block(CompletableFuture.java:1709)
        at java.util.concurrent.ForkJoinPool.managedBlock(ForkJoinPool.java:3323)
        at java.util.concurrent.CompletableFuture.timedGet(CompletableFuture.java:1788)
        at java.util.concurrent.CompletableFuture.get(CompletableFuture.java:1928)
        at org.apache.ratis.util.AwaitForSignal.await(AwaitForSignal.java:56)
        at org.apache.ratis.server.impl.StateMachineUpdater.waitForCommit(StateMachineUpdater.java:207)
        at org.apache.ratis.server.impl.StateMachineUpdater.run(StateMachineUpdater.java:176)
        at java.lang.Thread.run(Thread.java:750)
"ChunkWriter-0-0" daemon prio=5 tid=5357 in Object.wait()
java.lang.Thread.State: WAITING (on object monitor)
        at sun.misc.Unsafe.park(Native Method)
        at java.util.concurrent.locks.LockSupport.park(LockSupport.java:175)
        at java.util.concurrent.locks.AbstractQueuedSynchronizer$ConditionObject.await(AbstractQueuedSynchronizer.java:2039)
        at java.util.concurrent.LinkedBlockingDeque.takeFirst(LinkedBlockingDeque.java:492)
        at java.util.concurrent.LinkedBlockingDeque.take(LinkedBlockingDeque.java:680)
        at java.util.concurrent.ThreadPoolExecutor.getTask(ThreadPoolExecutor.java:1074)
        at java.util.concurrent.ThreadPoolExecutor.runWorker(ThreadPoolExecutor.java:1134)
        at java.util.concurrent.ThreadPoolExecutor$Worker.run(ThreadPoolExecutor.java:624)
        at java.lang.Thread.run(Thread.java:750)
"Mini-Cluster-Provider-Reap"  prio=5 tid=15 timed_waiting
java.lang.Thread.State: TIMED_WAITING
        at sun.misc.Unsafe.park(Native Method)
        at java.util.concurrent.locks.LockSupport.parkNanos(LockSupport.java:215)
        at java.util.concurrent.locks.AbstractQueuedSynchronizer$ConditionObject.awaitNanos(AbstractQueuedSynchronizer.java:2078)
        at java.util.concurrent.ArrayBlockingQueue.poll(ArrayBlockingQueue.java:418)
        at org.apache.hadoop.ozone.MiniOzoneClusterProvider.lambda$reapClusters$0(MiniOzoneClusterProvider.java:199)
        at org.apache.hadoop.ozone.MiniOzoneClusterProvider$$Lambda$341/1059300256.run(Unknown Source)
        at java.lang.Thread.run(Thread.java:750)
"EndpointStateMachine task thread for /0.0.0.0:35863 - 0 "  prio=5 tid=6455 in Object.wait()
java.lang.Thread.State: WAITING (on object monitor)
        at sun.misc.Unsafe.park(Native Method)
        at java.util.concurrent.locks.LockSupport.park(LockSupport.java:175)
        at java.util.concurrent.locks.AbstractQueuedSynchronizer$ConditionObject.await(AbstractQueuedSynchronizer.java:2039)
        at java.util.concurrent.LinkedBlockingQueue.take(LinkedBlockingQueue.java:442)
        at java.util.concurrent.ThreadPoolExecutor.getTask(ThreadPoolExecutor.java:1074)
        at java.util.concurrent.ThreadPoolExecutor.runWorker(ThreadPoolExecutor.java:1134)
        at java.util.concurrent.ThreadPoolExecutor$Worker.run(ThreadPoolExecutor.java:624)
        at java.lang.Thread.run(Thread.java:750)
"IPC Server handler 15 on default port 43793" daemon prio=5 tid=4610 timed_waiting
java.lang.Thread.State: TIMED_WAITING
        at sun.misc.Unsafe.park(Native Method)
        at java.util.concurrent.locks.LockSupport.parkNanos(LockSupport.java:215)
        at java.util.concurrent.locks.AbstractQueuedSynchronizer$ConditionObject.awaitNanos(AbstractQueuedSynchronizer.java:2078)
        at java.util.concurrent.LinkedBlockingQueue.poll(LinkedBlockingQueue.java:467)
        at org.apache.hadoop.ipc.CallQueueManager.take(CallQueueManager.java:317)
        at org.apache.hadoop.ipc.Server$Handler.run(Server.java:2942)
"7f555f3a-b754-420b-b6ea-bc4a43db69c9@group-C8483D63BD31-SegmentedRaftLogWorker"  prio=5 tid=6678 timed_waiting
java.lang.Thread.State: TIMED_WAITING
        at sun.misc.Unsafe.park(Native Method)
        at java.util.concurrent.locks.LockSupport.parkNanos(LockSupport.java:215)
        at java.util.concurrent.locks.AbstractQueuedSynchronizer$ConditionObject.awaitNanos(AbstractQueuedSynchronizer.java:2078)
        at org.apache.ratis.util.DataBlockingQueue.poll(DataBlockingQueue.java:148)
        at org.apache.ratis.server.raftlog.segmented.SegmentedRaftLogWorker.run(SegmentedRaftLogWorker.java:301)
        at org.apache.ratis.server.raftlog.segmented.SegmentedRaftLogWorker$$Lambda$646/1639153477.run(Unknown Source)
        at java.lang.Thread.run(Thread.java:750)
"qtp896413985-5149" daemon prio=5 tid=5149 runnable
java.lang.Thread.State: RUNNABLE
        at sun.nio.ch.EPollArrayWrapper.epollWait(Native Method)
        at sun.nio.ch.EPollArrayWrapper.poll(EPollArrayWrapper.java:269)
        at sun.nio.ch.EPollSelectorImpl.doSelect(EPollSelectorImpl.java:93)
        at sun.nio.ch.SelectorImpl.lockAndDoSelect(SelectorImpl.java:86)
        at sun.nio.ch.SelectorImpl.select(SelectorImpl.java:97)
        at sun.nio.ch.SelectorImpl.select(SelectorImpl.java:101)
        at org.eclipse.jetty.io.ManagedSelector.nioSelect(ManagedSelector.java:183)
        at org.eclipse.jetty.io.ManagedSelector.select(ManagedSelector.java:190)
        at org.eclipse.jetty.io.ManagedSelector$SelectorProducer.select(ManagedSelector.java:606)
        at org.eclipse.jetty.io.ManagedSelector$SelectorProducer.produce(ManagedSelector.java:543)
        at org.eclipse.jetty.util.thread.strategy.EatWhatYouKill.produceTask(EatWhatYouKill.java:362)
        at org.eclipse.jetty.util.thread.strategy.EatWhatYouKill.doProduce(EatWhatYouKill.java:186)
        at org.eclipse.jetty.util.thread.strategy.EatWhatYouKill.tryProduce(EatWhatYouKill.java:173)
        at org.eclipse.jetty.util.thread.strategy.EatWhatYouKill.produce(EatWhatYouKill.java:137)
        at org.eclipse.jetty.io.ManagedSelector$$Lambda$478/1665851504.run(Unknown Source)
        at org.eclipse.jetty.util.thread.QueuedThreadPool.runJob(QueuedThreadPool.java:883)
        at org.eclipse.jetty.util.thread.QueuedThreadPool$Runner.run(QueuedThreadPool.java:1034)
        at java.lang.Thread.run(Thread.java:750)
"c2eaf186-c3ec-4510-b8dc-fb04c7f742a3-server-thread1" daemon prio=5 tid=5666 timed_waiting
java.lang.Thread.State: TIMED_WAITING
        at sun.misc.Unsafe.park(Native Method)
        at java.util.concurrent.locks.LockSupport.parkNanos(LockSupport.java:215)
        at java.util.concurrent.SynchronousQueue$TransferStack.awaitFulfill(SynchronousQueue.java:460)
        at java.util.concurrent.SynchronousQueue$TransferStack.transfer(SynchronousQueue.java:362)
        at java.util.concurrent.SynchronousQueue.poll(SynchronousQueue.java:941)
        at java.util.concurrent.ThreadPoolExecutor.getTask(ThreadPoolExecutor.java:1073)
        at java.util.concurrent.ThreadPoolExecutor.runWorker(ThreadPoolExecutor.java:1134)
        at java.util.concurrent.ThreadPoolExecutor$Worker.run(ThreadPoolExecutor.java:624)
        at java.lang.Thread.run(Thread.java:750)
"qtp204487169-6317" daemon prio=5 tid=6317 runnable
java.lang.Thread.State: RUNNABLE
        at sun.nio.ch.EPollArrayWrapper.epollWait(Native Method)
        at sun.nio.ch.EPollArrayWrapper.poll(EPollArrayWrapper.java:269)
        at sun.nio.ch.EPollSelectorImpl.doSelect(EPollSelectorImpl.java:93)
        at sun.nio.ch.SelectorImpl.lockAndDoSelect(SelectorImpl.java:86)
        at sun.nio.ch.SelectorImpl.select(SelectorImpl.java:97)
        at sun.nio.ch.SelectorImpl.select(SelectorImpl.java:101)
        at org.eclipse.jetty.io.ManagedSelector.nioSelect(ManagedSelector.java:183)
        at org.eclipse.jetty.io.ManagedSelector.select(ManagedSelector.java:190)
        at org.eclipse.jetty.io.ManagedSelector$SelectorProducer.select(ManagedSelector.java:606)
        at org.eclipse.jetty.io.ManagedSelector$SelectorProducer.produce(ManagedSelector.java:543)
        at org.eclipse.jetty.util.thread.strategy.EatWhatYouKill.produceTask(EatWhatYouKill.java:362)
        at org.eclipse.jetty.util.thread.strategy.EatWhatYouKill.doProduce(EatWhatYouKill.java:186)
        at org.eclipse.jetty.util.thread.strategy.EatWhatYouKill.tryProduce(EatWhatYouKill.java:173)
        at org.eclipse.jetty.util.thread.strategy.EatWhatYouKill.produce(EatWhatYouKill.java:137)
        at org.eclipse.jetty.io.ManagedSelector$$Lambda$478/1665851504.run(Unknown Source)
        at org.eclipse.jetty.util.thread.QueuedThreadPool.runJob(QueuedThreadPool.java:883)
        at org.eclipse.jetty.util.thread.QueuedThreadPool$Runner.run(QueuedThreadPool.java:1034)
        at java.lang.Thread.run(Thread.java:750)
"EventQueue-NewNodeForNewNodeHandler" daemon prio=5 tid=5367 in Object.wait()
java.lang.Thread.State: WAITING (on object monitor)
        at sun.misc.Unsafe.park(Native Method)
        at java.util.concurrent.locks.LockSupport.park(LockSupport.java:175)
        at java.util.concurrent.locks.AbstractQueuedSynchronizer$ConditionObject.await(AbstractQueuedSynchronizer.java:2039)
        at java.util.concurrent.LinkedBlockingQueue.take(LinkedBlockingQueue.java:442)
        at java.util.concurrent.ThreadPoolExecutor.getTask(ThreadPoolExecutor.java:1074)
        at java.util.concurrent.ThreadPoolExecutor.runWorker(ThreadPoolExecutor.java:1134)
        at java.util.concurrent.ThreadPoolExecutor$Worker.run(ThreadPoolExecutor.java:624)
        at java.lang.Thread.run(Thread.java:750)
"Datanode ReportManager Thread - 1" daemon prio=5 tid=5334 in Object.wait()
java.lang.Thread.State: WAITING (on object monitor)
        at sun.misc.Unsafe.park(Native Method)
        at java.util.concurrent.locks.LockSupport.park(LockSupport.java:175)
        at java.util.concurrent.locks.AbstractQueuedSynchronizer$ConditionObject.await(AbstractQueuedSynchronizer.java:2039)
        at java.util.concurrent.ScheduledThreadPoolExecutor$DelayedWorkQueue.take(ScheduledThreadPoolExecutor.java:1088)
        at java.util.concurrent.ScheduledThreadPoolExecutor$DelayedWorkQueue.take(ScheduledThreadPoolExecutor.java:809)
        at java.util.concurrent.ThreadPoolExecutor.getTask(ThreadPoolExecutor.java:1074)
        at java.util.concurrent.ThreadPoolExecutor.runWorker(ThreadPoolExecutor.java:1134)
        at java.util.concurrent.ThreadPoolExecutor$Worker.run(ThreadPoolExecutor.java:624)
        at java.lang.Thread.run(Thread.java:750)
"IPC Server handler 10 on default port 35863" daemon prio=5 tid=5892 timed_waiting
java.lang.Thread.State: TIMED_WAITING
        at sun.misc.Unsafe.park(Native Method)
        at java.util.concurrent.locks.LockSupport.parkNanos(LockSupport.java:215)
        at java.util.concurrent.locks.AbstractQueuedSynchronizer$ConditionObject.awaitNanos(AbstractQueuedSynchronizer.java:2078)
        at java.util.concurrent.LinkedBlockingQueue.poll(LinkedBlockingQueue.java:467)
        at org.apache.hadoop.ipc.CallQueueManager.take(CallQueueManager.java:317)
        at org.apache.hadoop.ipc.Server$Handler.run(Server.java:2942)
"abd8e8e1-9e09-4ec0-a897-8fd48f6e99a3@group-B8AD8183D604-SegmentedRaftLogWorker"  prio=5 tid=6561 timed_waiting
java.lang.Thread.State: TIMED_WAITING
        at sun.misc.Unsafe.park(Native Method)
        at java.util.concurrent.locks.LockSupport.parkNanos(LockSupport.java:215)
        at java.util.concurrent.locks.AbstractQueuedSynchronizer$ConditionObject.awaitNanos(AbstractQueuedSynchronizer.java:2078)
        at org.apache.ratis.util.DataBlockingQueue.poll(DataBlockingQueue.java:148)
        at org.apache.ratis.server.raftlog.segmented.SegmentedRaftLogWorker.run(SegmentedRaftLogWorker.java:301)
        at org.apache.ratis.server.raftlog.segmented.SegmentedRaftLogWorker$$Lambda$646/1639153477.run(Unknown Source)
        at java.lang.Thread.run(Thread.java:750)
"IPC Server handler 9 on default port 40173" daemon prio=5 tid=6117 timed_waiting
java.lang.Thread.State: TIMED_WAITING
        at sun.misc.Unsafe.park(Native Method)
        at java.util.concurrent.locks.LockSupport.parkNanos(LockSupport.java:215)
        at java.util.concurrent.locks.AbstractQueuedSynchronizer$ConditionObject.awaitNanos(AbstractQueuedSynchronizer.java:2078)
        at java.util.concurrent.LinkedBlockingQueue.poll(LinkedBlockingQueue.java:467)
        at org.apache.hadoop.ipc.CallQueueManager.take(CallQueueManager.java:317)
        at org.apache.hadoop.ipc.Server$Handler.run(Server.java:2942)
"qtp342316938-6180" daemon prio=5 tid=6180 timed_waiting
java.lang.Thread.State: TIMED_WAITING
        at sun.misc.Unsafe.park(Native Method)
        at java.util.concurrent.locks.LockSupport.parkNanos(LockSupport.java:215)
        at java.util.concurrent.locks.AbstractQueuedSynchronizer$ConditionObject.awaitNanos(AbstractQueuedSynchronizer.java:2078)
        at org.eclipse.jetty.util.BlockingArrayQueue.poll(BlockingArrayQueue.java:382)
        at org.eclipse.jetty.util.thread.QueuedThreadPool$Runner.idleJobPoll(QueuedThreadPool.java:974)
        at org.eclipse.jetty.util.thread.QueuedThreadPool$Runner.run(QueuedThreadPool.java:1018)
        at java.lang.Thread.run(Thread.java:750)
"org.apache.hadoop.ozone.container.common.statemachine.commandhandler.DeleteBlocksCommandHandler$DeleteCmdWorker@57d29278" daemon prio=5 tid=5072 timed_waiting
java.lang.Thread.State: TIMED_WAITING
        at java.lang.Thread.sleep(Native Method)
        at org.apache.hadoop.ozone.container.common.statemachine.commandhandler.DeleteBlocksCommandHandler$DeleteCmdWorker.run(DeleteBlocksCommandHandler.java:183)
        at java.lang.Thread.run(Thread.java:750)
"org.apache.ratis.util.JvmPauseMonitor$$Lambda$718/783493338@1e2f08e7" daemon prio=5 tid=5347 timed_waiting
java.lang.Thread.State: TIMED_WAITING
        at java.lang.Thread.sleep(Native Method)
        at java.lang.Thread.sleep(Thread.java:342)
        at java.util.concurrent.TimeUnit.sleep(TimeUnit.java:386)
        at org.apache.ratis.util.TimeDuration.sleep(TimeDuration.java:325)
        at org.apache.ratis.util.TimeDuration.sleep(TimeDuration.java:310)
        at org.apache.ratis.util.JvmPauseMonitor.detectPause(JvmPauseMonitor.java:117)
        at org.apache.ratis.util.JvmPauseMonitor.run(JvmPauseMonitor.java:106)
        at org.apache.ratis.util.JvmPauseMonitor$$Lambda$718/783493338.run(Unknown Source)
        at java.lang.Thread.run(Thread.java:750)
"CommandWatcher-LeaseManager#LeaseMonitor" daemon prio=5 tid=5841 timed_waiting
java.lang.Thread.State: TIMED_WAITING
        at java.lang.Object.wait(Native Method)
        at org.apache.hadoop.ozone.lease.LeaseManager$LeaseMonitor.run(LeaseManager.java:238)
        at java.lang.Thread.run(Thread.java:750)
"Command processor thread" daemon prio=5 tid=5051 timed_waiting
java.lang.Thread.State: TIMED_WAITING
        at java.lang.Thread.sleep(Native Method)
        at org.apache.hadoop.ozone.container.common.statemachine.DatanodeStateMachine.lambda$initCommandHandlerThread$3(DatanodeStateMachine.java:628)
        at org.apache.hadoop.ozone.container.common.statemachine.DatanodeStateMachine$$Lambda$763/1762238644.run(Unknown Source)
        at java.lang.Thread.run(Thread.java:750)
"ContainerOp-1a3410dc-4fd6-4954-94c6-9015fb128463-2"  prio=5 tid=6028 in Object.wait()
java.lang.Thread.State: WAITING (on object monitor)
        at sun.misc.Unsafe.park(Native Method)
        at java.util.concurrent.locks.LockSupport.park(LockSupport.java:175)
        at java.util.concurrent.locks.AbstractQueuedSynchronizer$ConditionObject.await(AbstractQueuedSynchronizer.java:2039)
        at java.util.concurrent.LinkedBlockingQueue.take(LinkedBlockingQueue.java:442)
        at java.util.concurrent.ThreadPoolExecutor.getTask(ThreadPoolExecutor.java:1074)
        at java.util.concurrent.ThreadPoolExecutor.runWorker(ThreadPoolExecutor.java:1134)
        at java.util.concurrent.ThreadPoolExecutor$Worker.run(ThreadPoolExecutor.java:624)
        at java.lang.Thread.run(Thread.java:750)
"Datanode State Machine Task Thread - 0"  prio=5 tid=6243 in Object.wait()
java.lang.Thread.State: WAITING (on object monitor)
        at sun.misc.Unsafe.park(Native Method)
        at java.util.concurrent.locks.LockSupport.park(LockSupport.java:175)
        at java.util.concurrent.locks.AbstractQueuedSynchronizer$ConditionObject.await(AbstractQueuedSynchronizer.java:2039)
        at java.util.concurrent.LinkedBlockingQueue.take(LinkedBlockingQueue.java:442)
        at java.util.concurrent.ThreadPoolExecutor.getTask(ThreadPoolExecutor.java:1074)
        at java.util.concurrent.ThreadPoolExecutor.runWorker(ThreadPoolExecutor.java:1134)
        at java.util.concurrent.ThreadPoolExecutor$Worker.run(ThreadPoolExecutor.java:624)
        at java.lang.Thread.run(Thread.java:750)
"KeyDeletingService#0" daemon prio=5 tid=3769 timed_waiting
java.lang.Thread.State: TIMED_WAITING
        at sun.misc.Unsafe.park(Native Method)
        at java.util.concurrent.locks.LockSupport.parkNanos(LockSupport.java:215)
        at java.util.concurrent.locks.AbstractQueuedSynchronizer$ConditionObject.awaitNanos(AbstractQueuedSynchronizer.java:2078)
        at java.util.concurrent.ScheduledThreadPoolExecutor$DelayedWorkQueue.take(ScheduledThreadPoolExecutor.java:1093)
        at java.util.concurrent.ScheduledThreadPoolExecutor$DelayedWorkQueue.take(ScheduledThreadPoolExecutor.java:809)
        at java.util.concurrent.ThreadPoolExecutor.getTask(ThreadPoolExecutor.java:1074)
        at java.util.concurrent.ThreadPoolExecutor.runWorker(ThreadPoolExecutor.java:1134)
        at java.util.concurrent.ThreadPoolExecutor$Worker.run(ThreadPoolExecutor.java:624)
        at java.lang.Thread.run(Thread.java:750)
"35429393-00b4-4ffa-a437-723b6b48652e@group-8C1DE3C4B685->a759a49b-3cd3-49e9-826c-16e7b00ba8b7-GrpcLogAppender-LogAppenderDaemon" daemon prio=5 tid=6887 timed_waiting
java.lang.Thread.State: TIMED_WAITING
        at sun.misc.Unsafe.park(Native Method)
        at java.util.concurrent.locks.LockSupport.parkNanos(LockSupport.java:215)
        at java.util.concurrent.CompletableFuture$Signaller.block(CompletableFuture.java:1709)
        at java.util.concurrent.ForkJoinPool.managedBlock(ForkJoinPool.java:3323)
        at java.util.concurrent.CompletableFuture.timedGet(CompletableFuture.java:1788)
        at java.util.concurrent.CompletableFuture.get(CompletableFuture.java:1928)
        at org.apache.ratis.util.AwaitForSignal.await(AwaitForSignal.java:56)
        at org.apache.ratis.grpc.server.GrpcLogAppender.mayWait(GrpcLogAppender.java:169)
        at org.apache.ratis.grpc.server.GrpcLogAppender.run(GrpcLogAppender.java:128)
        at org.apache.ratis.server.leader.LogAppenderDaemon.run(LogAppenderDaemon.java:77)
        at org.apache.ratis.server.leader.LogAppenderDaemon$$Lambda$1044/613649554.run(Unknown Source)
        at java.lang.Thread.run(Thread.java:750)
"IPC Server handler 4 on default port 35863" daemon prio=5 tid=5886 timed_waiting
java.lang.Thread.State: TIMED_WAITING
        at sun.misc.Unsafe.park(Native Method)
        at java.util.concurrent.locks.LockSupport.parkNanos(LockSupport.java:215)
        at java.util.concurrent.locks.AbstractQueuedSynchronizer$ConditionObject.awaitNanos(AbstractQueuedSynchronizer.java:2078)
        at java.util.concurrent.LinkedBlockingQueue.poll(LinkedBlockingQueue.java:467)
        at org.apache.hadoop.ipc.CallQueueManager.take(CallQueueManager.java:317)
        at org.apache.hadoop.ipc.Server$Handler.run(Server.java:2942)
"IPC Server handler 6 on default port 43819" daemon prio=5 tid=5848 timed_waiting
java.lang.Thread.State: TIMED_WAITING
        at sun.misc.Unsafe.park(Native Method)
        at java.util.concurrent.locks.LockSupport.parkNanos(LockSupport.java:215)
        at java.util.concurrent.locks.AbstractQueuedSynchronizer$ConditionObject.awaitNanos(AbstractQueuedSynchronizer.java:2078)
        at java.util.concurrent.LinkedBlockingQueue.poll(LinkedBlockingQueue.java:467)
        at org.apache.hadoop.ipc.CallQueueManager.take(CallQueueManager.java:317)
        at org.apache.hadoop.ipc.Server$Handler.run(Server.java:2942)
"qtp1623233807-4000" daemon prio=5 tid=4000 timed_waiting
java.lang.Thread.State: TIMED_WAITING
        at sun.misc.Unsafe.park(Native Method)
        at java.util.concurrent.locks.LockSupport.parkNanos(LockSupport.java:215)
        at java.util.concurrent.locks.AbstractQueuedSynchronizer$ConditionObject.awaitNanos(AbstractQueuedSynchronizer.java:2078)
        at org.eclipse.jetty.util.BlockingArrayQueue.poll(BlockingArrayQueue.java:382)
        at org.eclipse.jetty.util.thread.QueuedThreadPool$Runner.idleJobPoll(QueuedThreadPool.java:974)
        at org.eclipse.jetty.util.thread.QueuedThreadPool$Runner.run(QueuedThreadPool.java:1018)
        at java.lang.Thread.run(Thread.java:750)
"org.apache.ratis.util.JvmPauseMonitor$$Lambda$718/783493338@15033256" daemon prio=5 tid=4141 timed_waiting
java.lang.Thread.State: TIMED_WAITING
        at java.lang.Thread.sleep(Native Method)
        at java.lang.Thread.sleep(Thread.java:342)
        at java.util.concurrent.TimeUnit.sleep(TimeUnit.java:386)
        at org.apache.ratis.util.TimeDuration.sleep(TimeDuration.java:325)
        at org.apache.ratis.util.TimeDuration.sleep(TimeDuration.java:310)
        at org.apache.ratis.util.JvmPauseMonitor.detectPause(JvmPauseMonitor.java:117)
        at org.apache.ratis.util.JvmPauseMonitor.run(JvmPauseMonitor.java:106)
        at org.apache.ratis.util.JvmPauseMonitor$$Lambda$718/783493338.run(Unknown Source)
        at java.lang.Thread.run(Thread.java:750)
"DirectoryDeletingService#0" daemon prio=5 tid=3770 timed_waiting
java.lang.Thread.State: TIMED_WAITING
        at sun.misc.Unsafe.park(Native Method)
        at java.util.concurrent.locks.LockSupport.parkNanos(LockSupport.java:215)
        at java.util.concurrent.locks.AbstractQueuedSynchronizer$ConditionObject.awaitNanos(AbstractQueuedSynchronizer.java:2078)
        at java.util.concurrent.ScheduledThreadPoolExecutor$DelayedWorkQueue.take(ScheduledThreadPoolExecutor.java:1093)
        at java.util.concurrent.ScheduledThreadPoolExecutor$DelayedWorkQueue.take(ScheduledThreadPoolExecutor.java:809)
        at java.util.concurrent.ThreadPoolExecutor.getTask(ThreadPoolExecutor.java:1074)
        at java.util.concurrent.ThreadPoolExecutor.runWorker(ThreadPoolExecutor.java:1134)
        at java.util.concurrent.ThreadPoolExecutor$Worker.run(ThreadPoolExecutor.java:624)
        at java.lang.Thread.run(Thread.java:750)
"qtp1433462785-4104" daemon prio=5 tid=4104 timed_waiting
java.lang.Thread.State: TIMED_WAITING
        at sun.misc.Unsafe.park(Native Method)
        at java.util.concurrent.locks.LockSupport.parkNanos(LockSupport.java:215)
        at java.util.concurrent.locks.AbstractQueuedSynchronizer$ConditionObject.awaitNanos(AbstractQueuedSynchronizer.java:2078)
        at org.eclipse.jetty.util.BlockingArrayQueue.poll(BlockingArrayQueue.java:382)
        at org.eclipse.jetty.util.thread.QueuedThreadPool$Runner.idleJobPoll(QueuedThreadPool.java:974)
        at org.eclipse.jetty.util.thread.QueuedThreadPool$Runner.run(QueuedThreadPool.java:1018)
        at java.lang.Thread.run(Thread.java:750)
"qtp595932500-4033" daemon prio=5 tid=4033 timed_waiting
java.lang.Thread.State: TIMED_WAITING
        at sun.misc.Unsafe.park(Native Method)
        at java.util.concurrent.locks.LockSupport.parkNanos(LockSupport.java:215)
        at java.util.concurrent.locks.AbstractQueuedSynchronizer$ConditionObject.awaitNanos(AbstractQueuedSynchronizer.java:2078)
        at org.eclipse.jetty.util.BlockingArrayQueue.poll(BlockingArrayQueue.java:382)
        at org.eclipse.jetty.util.thread.QueuedThreadPool$Runner.idleJobPoll(QueuedThreadPool.java:974)
        at org.eclipse.jetty.util.thread.QueuedThreadPool$Runner.run(QueuedThreadPool.java:1018)
        at java.lang.Thread.run(Thread.java:750)
"BlockDeletingService#1" daemon prio=5 tid=6513 in Object.wait()
java.lang.Thread.State: WAITING (on object monitor)
        at sun.misc.Unsafe.park(Native Method)
        at java.util.concurrent.locks.LockSupport.park(LockSupport.java:175)
        at java.util.concurrent.locks.AbstractQueuedSynchronizer$ConditionObject.await(AbstractQueuedSynchronizer.java:2039)
        at java.util.concurrent.ScheduledThreadPoolExecutor$DelayedWorkQueue.take(ScheduledThreadPoolExecutor.java:1088)
        at java.util.concurrent.ScheduledThreadPoolExecutor$DelayedWorkQueue.take(ScheduledThreadPoolExecutor.java:809)
        at java.util.concurrent.ThreadPoolExecutor.getTask(ThreadPoolExecutor.java:1074)
        at java.util.concurrent.ThreadPoolExecutor.runWorker(ThreadPoolExecutor.java:1134)
        at java.util.concurrent.ThreadPoolExecutor$Worker.run(ThreadPoolExecutor.java:624)
        at java.lang.Thread.run(Thread.java:750)
"Command processor thread" daemon prio=5 tid=6275 timed_waiting
java.lang.Thread.State: TIMED_WAITING
        at java.lang.Thread.sleep(Native Method)
        at org.apache.hadoop.ozone.container.common.statemachine.DatanodeStateMachine.lambda$initCommandHandlerThread$3(DatanodeStateMachine.java:628)
        at org.apache.hadoop.ozone.container.common.statemachine.DatanodeStateMachine$$Lambda$763/1762238644.run(Unknown Source)
        at java.lang.Thread.run(Thread.java:750)
"BlockDeletingService#0" daemon prio=5 tid=5412 in Object.wait()
java.lang.Thread.State: WAITING (on object monitor)
        at sun.misc.Unsafe.park(Native Method)
        at java.util.concurrent.locks.LockSupport.park(LockSupport.java:175)
        at java.util.concurrent.locks.AbstractQueuedSynchronizer$ConditionObject.await(AbstractQueuedSynchronizer.java:2039)
        at java.util.concurrent.ScheduledThreadPoolExecutor$DelayedWorkQueue.take(ScheduledThreadPoolExecutor.java:1088)
        at java.util.concurrent.ScheduledThreadPoolExecutor$DelayedWorkQueue.take(ScheduledThreadPoolExecutor.java:809)
        at java.util.concurrent.ThreadPoolExecutor.getTask(ThreadPoolExecutor.java:1074)
        at java.util.concurrent.ThreadPoolExecutor.runWorker(ThreadPoolExecutor.java:1134)
        at java.util.concurrent.ThreadPoolExecutor$Worker.run(ThreadPoolExecutor.java:624)
        at java.lang.Thread.run(Thread.java:750)
"qtp2074136396-3786" daemon prio=5 tid=3786 timed_waiting
java.lang.Thread.State: TIMED_WAITING
        at sun.misc.Unsafe.park(Native Method)
        at java.util.concurrent.locks.LockSupport.parkNanos(LockSupport.java:215)
        at java.util.concurrent.locks.AbstractQueuedSynchronizer$ConditionObject.awaitNanos(AbstractQueuedSynchronizer.java:2078)
        at org.eclipse.jetty.util.BlockingArrayQueue.poll(BlockingArrayQueue.java:382)
        at org.eclipse.jetty.util.thread.QueuedThreadPool$Runner.idleJobPoll(QueuedThreadPool.java:974)
        at org.eclipse.jetty.util.thread.QueuedThreadPool$Runner.run(QueuedThreadPool.java:1018)
        at java.lang.Thread.run(Thread.java:750)
"pool-2236-thread-1" daemon prio=5 tid=3963 timed_waiting
java.lang.Thread.State: TIMED_WAITING
        at sun.misc.Unsafe.park(Native Method)
        at java.util.concurrent.locks.LockSupport.parkNanos(LockSupport.java:215)
        at java.util.concurrent.locks.AbstractQueuedSynchronizer$ConditionObject.awaitNanos(AbstractQueuedSynchronizer.java:2078)
        at java.util.concurrent.ScheduledThreadPoolExecutor$DelayedWorkQueue.take(ScheduledThreadPoolExecutor.java:1093)
        at java.util.concurrent.ScheduledThreadPoolExecutor$DelayedWorkQueue.take(ScheduledThreadPoolExecutor.java:809)
        at java.util.concurrent.ThreadPoolExecutor.getTask(ThreadPoolExecutor.java:1074)
        at java.util.concurrent.ThreadPoolExecutor.runWorker(ThreadPoolExecutor.java:1134)
        at java.util.concurrent.ThreadPoolExecutor$Worker.run(ThreadPoolExecutor.java:624)
        at java.lang.Thread.run(Thread.java:750)
"BlockDeletingService#1" daemon prio=5 tid=4145 timed_waiting
java.lang.Thread.State: TIMED_WAITING
        at sun.misc.Unsafe.park(Native Method)
        at java.util.concurrent.locks.LockSupport.parkNanos(LockSupport.java:215)
        at java.util.concurrent.locks.AbstractQueuedSynchronizer$ConditionObject.awaitNanos(AbstractQueuedSynchronizer.java:2078)
        at java.util.concurrent.ScheduledThreadPoolExecutor$DelayedWorkQueue.take(ScheduledThreadPoolExecutor.java:1093)
        at java.util.concurrent.ScheduledThreadPoolExecutor$DelayedWorkQueue.take(ScheduledThreadPoolExecutor.java:809)
        at java.util.concurrent.ThreadPoolExecutor.getTask(ThreadPoolExecutor.java:1074)
        at java.util.concurrent.ThreadPoolExecutor.runWorker(ThreadPoolExecutor.java:1134)
        at java.util.concurrent.ThreadPoolExecutor$Worker.run(ThreadPoolExecutor.java:624)
        at java.lang.Thread.run(Thread.java:750)
"qtp1469368322-3938-acceptor-0@7e4e5c0a-ServerConnector@61f2ef06{HTTP/1.1, (http/1.1)}{0.0.0.0:41205}" daemon prio=3 tid=3938 runnable
java.lang.Thread.State: RUNNABLE
        at sun.nio.ch.ServerSocketChannelImpl.accept0(Native Method)
        at sun.nio.ch.ServerSocketChannelImpl.accept(ServerSocketChannelImpl.java:421)
        at sun.nio.ch.ServerSocketChannelImpl.accept(ServerSocketChannelImpl.java:249)
        at org.eclipse.jetty.server.ServerConnector.accept(ServerConnector.java:388)
        at org.eclipse.jetty.server.AbstractConnector$Acceptor.run(AbstractConnector.java:702)
        at org.eclipse.jetty.util.thread.QueuedThreadPool.runJob(QueuedThreadPool.java:883)
        at org.eclipse.jetty.util.thread.QueuedThreadPool$Runner.run(QueuedThreadPool.java:1034)
        at java.lang.Thread.run(Thread.java:750)
"qtp1623233807-4002" daemon prio=5 tid=4002 timed_waiting
java.lang.Thread.State: TIMED_WAITING
        at sun.misc.Unsafe.park(Native Method)
        at java.util.concurrent.locks.LockSupport.parkNanos(LockSupport.java:215)
        at java.util.concurrent.locks.AbstractQueuedSynchronizer$ConditionObject.awaitNanos(AbstractQueuedSynchronizer.java:2078)
        at org.eclipse.jetty.util.BlockingArrayQueue.poll(BlockingArrayQueue.java:382)
        at org.eclipse.jetty.util.thread.QueuedThreadPool$Runner.idleJobPoll(QueuedThreadPool.java:974)
        at org.eclipse.jetty.util.thread.QueuedThreadPool$Runner.run(QueuedThreadPool.java:1018)
        at java.lang.Thread.run(Thread.java:750)
"Datanode State Machine Daemon Thread" daemon prio=5 tid=5292 timed_waiting
java.lang.Thread.State: TIMED_WAITING
        at java.lang.Thread.sleep(Native Method)
        at org.apache.hadoop.ozone.container.common.statemachine.DatanodeStateMachine.startStateMachineThread(DatanodeStateMachine.java:313)
        at org.apache.hadoop.ozone.container.common.statemachine.DatanodeStateMachine.lambda$startDaemon$0(DatanodeStateMachine.java:493)
        at org.apache.hadoop.ozone.container.common.statemachine.DatanodeStateMachine$$Lambda$761/216690043.run(Unknown Source)
        at java.lang.Thread.run(Thread.java:750)
"pool-3837-thread-1" daemon prio=5 tid=6416 timed_waiting
java.lang.Thread.State: TIMED_WAITING
        at sun.misc.Unsafe.park(Native Method)
        at java.util.concurrent.locks.LockSupport.parkNanos(LockSupport.java:215)
        at java.util.concurrent.locks.AbstractQueuedSynchronizer$ConditionObject.awaitNanos(AbstractQueuedSynchronizer.java:2078)
        at java.util.concurrent.ScheduledThreadPoolExecutor$DelayedWorkQueue.take(ScheduledThreadPoolExecutor.java:1093)
        at java.util.concurrent.ScheduledThreadPoolExecutor$DelayedWorkQueue.take(ScheduledThreadPoolExecutor.java:809)
        at java.util.concurrent.ThreadPoolExecutor.getTask(ThreadPoolExecutor.java:1074)
        at java.util.concurrent.ThreadPoolExecutor.runWorker(ThreadPoolExecutor.java:1134)
        at java.util.concurrent.ThreadPoolExecutor$Worker.run(ThreadPoolExecutor.java:624)
        at java.lang.Thread.run(Thread.java:750)
"IPC Server handler 17 on default port 42971" daemon prio=5 tid=6848 timed_waiting
java.lang.Thread.State: TIMED_WAITING
        at sun.misc.Unsafe.park(Native Method)
        at java.util.concurrent.locks.LockSupport.parkNanos(LockSupport.java:215)
        at java.util.concurrent.locks.AbstractQueuedSynchronizer$ConditionObject.awaitNanos(AbstractQueuedSynchronizer.java:2078)
        at java.util.concurrent.LinkedBlockingQueue.poll(LinkedBlockingQueue.java:467)
        at org.apache.hadoop.ipc.CallQueueManager.take(CallQueueManager.java:317)
        at org.apache.hadoop.ipc.Server$Handler.run(Server.java:2942)
"qtp1692527707-5075-acceptor-0@2830698d-ServerConnector@30a99a77{HTTP/1.1, (http/1.1)}{0.0.0.0:46159}" daemon prio=3 tid=5075 runnable
java.lang.Thread.State: RUNNABLE
        at sun.nio.ch.ServerSocketChannelImpl.accept0(Native Method)
        at sun.nio.ch.ServerSocketChannelImpl.accept(ServerSocketChannelImpl.java:421)
        at sun.nio.ch.ServerSocketChannelImpl.accept(ServerSocketChannelImpl.java:249)
        at org.eclipse.jetty.server.ServerConnector.accept(ServerConnector.java:388)
        at org.eclipse.jetty.server.AbstractConnector$Acceptor.run(AbstractConnector.java:702)
        at org.eclipse.jetty.util.thread.QueuedThreadPool.runJob(QueuedThreadPool.java:883)
        at org.eclipse.jetty.util.thread.QueuedThreadPool$Runner.run(QueuedThreadPool.java:1034)
        at java.lang.Thread.run(Thread.java:750)
"IPC Server idle connection scanner for port 40471" daemon prio=5 tid=6784 timed_waiting
java.lang.Thread.State: TIMED_WAITING
        at java.lang.Object.wait(Native Method)
        at java.util.TimerThread.mainLoop(Timer.java:552)
        at java.util.TimerThread.run(Timer.java:505)
"ChunkWriter-2-0" daemon prio=5 tid=4153 in Object.wait()
java.lang.Thread.State: WAITING (on object monitor)
        at sun.misc.Unsafe.park(Native Method)
        at java.util.concurrent.locks.LockSupport.park(LockSupport.java:175)
        at java.util.concurrent.locks.AbstractQueuedSynchronizer$ConditionObject.await(AbstractQueuedSynchronizer.java:2039)
        at java.util.concurrent.LinkedBlockingDeque.takeFirst(LinkedBlockingDeque.java:492)
        at java.util.concurrent.LinkedBlockingDeque.take(LinkedBlockingDeque.java:680)
        at java.util.concurrent.ThreadPoolExecutor.getTask(ThreadPoolExecutor.java:1074)
        at java.util.concurrent.ThreadPoolExecutor.runWorker(ThreadPoolExecutor.java:1134)
        at java.util.concurrent.ThreadPoolExecutor$Worker.run(ThreadPoolExecutor.java:624)
        at java.lang.Thread.run(Thread.java:750)
"PartialTableCache Cleanup Thread - 0" daemon prio=5 tid=4571 in Object.wait()
java.lang.Thread.State: WAITING (on object monitor)
        at sun.misc.Unsafe.park(Native Method)
        at java.util.concurrent.locks.LockSupport.park(LockSupport.java:175)
        at java.util.concurrent.locks.AbstractQueuedSynchronizer$ConditionObject.await(AbstractQueuedSynchronizer.java:2039)
        at java.util.concurrent.LinkedBlockingQueue.take(LinkedBlockingQueue.java:442)
        at java.util.concurrent.ThreadPoolExecutor.getTask(ThreadPoolExecutor.java:1074)
        at java.util.concurrent.ThreadPoolExecutor.runWorker(ThreadPoolExecutor.java:1134)
        at java.util.concurrent.ThreadPoolExecutor$Worker.run(ThreadPoolExecutor.java:624)
        at java.lang.Thread.run(Thread.java:750)
"pool-2672-thread-1"  prio=5 tid=4856 timed_waiting
java.lang.Thread.State: TIMED_WAITING
        at sun.misc.Unsafe.park(Native Method)
        at java.util.concurrent.locks.LockSupport.parkNanos(LockSupport.java:215)
        at java.util.concurrent.locks.AbstractQueuedSynchronizer$ConditionObject.awaitNanos(AbstractQueuedSynchronizer.java:2078)
        at java.util.concurrent.ScheduledThreadPoolExecutor$DelayedWorkQueue.take(ScheduledThreadPoolExecutor.java:1093)
        at java.util.concurrent.ScheduledThreadPoolExecutor$DelayedWorkQueue.take(ScheduledThreadPoolExecutor.java:809)
        at java.util.concurrent.ThreadPoolExecutor.getTask(ThreadPoolExecutor.java:1074)
        at java.util.concurrent.ThreadPoolExecutor.runWorker(ThreadPoolExecutor.java:1134)
        at java.util.concurrent.ThreadPoolExecutor$Worker.run(ThreadPoolExecutor.java:624)
        at java.lang.Thread.run(Thread.java:750)
"Datanode ReportManager Thread - 2" daemon prio=5 tid=5187 in Object.wait()
java.lang.Thread.State: WAITING (on object monitor)
        at sun.misc.Unsafe.park(Native Method)
        at java.util.concurrent.locks.LockSupport.park(LockSupport.java:175)
        at java.util.concurrent.locks.AbstractQueuedSynchronizer$ConditionObject.await(AbstractQueuedSynchronizer.java:2039)
        at java.util.concurrent.ScheduledThreadPoolExecutor$DelayedWorkQueue.take(ScheduledThreadPoolExecutor.java:1088)
        at java.util.concurrent.ScheduledThreadPoolExecutor$DelayedWorkQueue.take(ScheduledThreadPoolExecutor.java:809)
        at java.util.concurrent.ThreadPoolExecutor.getTask(ThreadPoolExecutor.java:1074)
        at java.util.concurrent.ThreadPoolExecutor.runWorker(ThreadPoolExecutor.java:1134)
        at java.util.concurrent.ThreadPoolExecutor$Worker.run(ThreadPoolExecutor.java:624)
        at java.lang.Thread.run(Thread.java:750)
"IPC Server handler 3 on default port 35863" daemon prio=5 tid=5885 timed_waiting
java.lang.Thread.State: TIMED_WAITING
        at sun.misc.Unsafe.park(Native Method)
        at java.util.concurrent.locks.LockSupport.parkNanos(LockSupport.java:215)
        at java.util.concurrent.locks.AbstractQueuedSynchronizer$ConditionObject.awaitNanos(AbstractQueuedSynchronizer.java:2078)
        at java.util.concurrent.LinkedBlockingQueue.poll(LinkedBlockingQueue.java:467)
        at org.apache.hadoop.ipc.CallQueueManager.take(CallQueueManager.java:317)
        at org.apache.hadoop.ipc.Server$Handler.run(Server.java:2942)
"e914e15b-3be6-457d-9bb6-bef1feb71ba6@group-E23640D80DD8->42bf96ef-5b29-49bf-adbe-37b520f0d1a8-GrpcLogAppender-LogAppenderDaemon" daemon prio=5 tid=5663 timed_waiting
java.lang.Thread.State: TIMED_WAITING
        at sun.misc.Unsafe.park(Native Method)
        at java.util.concurrent.locks.LockSupport.parkNanos(LockSupport.java:215)
        at java.util.concurrent.CompletableFuture$Signaller.block(CompletableFuture.java:1709)
        at java.util.concurrent.ForkJoinPool.managedBlock(ForkJoinPool.java:3323)
        at java.util.concurrent.CompletableFuture.timedGet(CompletableFuture.java:1788)
        at java.util.concurrent.CompletableFuture.get(CompletableFuture.java:1928)
        at org.apache.ratis.util.AwaitForSignal.await(AwaitForSignal.java:56)
        at org.apache.ratis.grpc.server.GrpcLogAppender.mayWait(GrpcLogAppender.java:169)
        at org.apache.ratis.grpc.server.GrpcLogAppender.run(GrpcLogAppender.java:128)
        at org.apache.ratis.server.leader.LogAppenderDaemon.run(LogAppenderDaemon.java:77)
        at org.apache.ratis.server.leader.LogAppenderDaemon$$Lambda$1044/613649554.run(Unknown Source)
        at java.lang.Thread.run(Thread.java:750)
"ChunkWriter-2-0" daemon prio=5 tid=6519 in Object.wait()
java.lang.Thread.State: WAITING (on object monitor)
        at sun.misc.Unsafe.park(Native Method)
        at java.util.concurrent.locks.LockSupport.park(LockSupport.java:175)
        at java.util.concurrent.locks.AbstractQueuedSynchronizer$ConditionObject.await(AbstractQueuedSynchronizer.java:2039)
        at java.util.concurrent.LinkedBlockingDeque.takeFirst(LinkedBlockingDeque.java:492)
        at java.util.concurrent.LinkedBlockingDeque.take(LinkedBlockingDeque.java:680)
        at java.util.concurrent.ThreadPoolExecutor.getTask(ThreadPoolExecutor.java:1074)
        at java.util.concurrent.ThreadPoolExecutor.runWorker(ThreadPoolExecutor.java:1134)
        at java.util.concurrent.ThreadPoolExecutor$Worker.run(ThreadPoolExecutor.java:624)
        at java.lang.Thread.run(Thread.java:750)
"EndpointStateMachine task thread for /0.0.0.0:42971 - 0 "  prio=5 tid=4150 in Object.wait()
java.lang.Thread.State: WAITING (on object monitor)
        at sun.misc.Unsafe.park(Native Method)
        at java.util.concurrent.locks.LockSupport.park(LockSupport.java:175)
        at java.util.concurrent.locks.AbstractQueuedSynchronizer$ConditionObject.await(AbstractQueuedSynchronizer.java:2039)
        at java.util.concurrent.LinkedBlockingQueue.take(LinkedBlockingQueue.java:442)
        at java.util.concurrent.ThreadPoolExecutor.getTask(ThreadPoolExecutor.java:1074)
        at java.util.concurrent.ThreadPoolExecutor.runWorker(ThreadPoolExecutor.java:1134)
        at java.util.concurrent.ThreadPoolExecutor$Worker.run(ThreadPoolExecutor.java:624)
        at java.lang.Thread.run(Thread.java:750)
"Datanode ReportManager Thread - 4" daemon prio=5 tid=6240 in Object.wait()
java.lang.Thread.State: WAITING (on object monitor)
        at sun.misc.Unsafe.park(Native Method)
        at java.util.concurrent.locks.LockSupport.park(LockSupport.java:175)
        at java.util.concurrent.locks.AbstractQueuedSynchronizer$ConditionObject.await(AbstractQueuedSynchronizer.java:2039)
        at java.util.concurrent.ScheduledThreadPoolExecutor$DelayedWorkQueue.take(ScheduledThreadPoolExecutor.java:1088)
        at java.util.concurrent.ScheduledThreadPoolExecutor$DelayedWorkQueue.take(ScheduledThreadPoolExecutor.java:809)
        at java.util.concurrent.ThreadPoolExecutor.getTask(ThreadPoolExecutor.java:1074)
        at java.util.concurrent.ThreadPoolExecutor.runWorker(ThreadPoolExecutor.java:1134)
        at java.util.concurrent.ThreadPoolExecutor$Worker.run(ThreadPoolExecutor.java:624)
        at java.lang.Thread.run(Thread.java:750)
"org.apache.hadoop.util.JvmPauseMonitor$Monitor@acdca43" daemon prio=5 tid=6361 timed_waiting
java.lang.Thread.State: TIMED_WAITING
        at java.lang.Thread.sleep(Native Method)
        at org.apache.hadoop.util.JvmPauseMonitor$Monitor.run(JvmPauseMonitor.java:192)
        at java.lang.Thread.run(Thread.java:750)
"qtp1706216417-4870" daemon prio=5 tid=4870 timed_waiting
java.lang.Thread.State: TIMED_WAITING
        at sun.misc.Unsafe.park(Native Method)
        at java.util.concurrent.locks.LockSupport.parkNanos(LockSupport.java:215)
        at java.util.concurrent.locks.AbstractQueuedSynchronizer$ConditionObject.awaitNanos(AbstractQueuedSynchronizer.java:2078)
        at org.eclipse.jetty.util.BlockingArrayQueue.poll(BlockingArrayQueue.java:382)
        at org.eclipse.jetty.util.thread.QueuedThreadPool$Runner.idleJobPoll(QueuedThreadPool.java:974)
        at org.eclipse.jetty.util.thread.QueuedThreadPool$Runner.run(QueuedThreadPool.java:1018)
        at java.lang.Thread.run(Thread.java:750)
"IPC Server handler 1 on default port 43303" daemon prio=5 tid=6812 timed_waiting
java.lang.Thread.State: TIMED_WAITING
        at sun.misc.Unsafe.park(Native Method)
        at java.util.concurrent.locks.LockSupport.parkNanos(LockSupport.java:215)
        at java.util.concurrent.locks.AbstractQueuedSynchronizer$ConditionObject.awaitNanos(AbstractQueuedSynchronizer.java:2078)
        at java.util.concurrent.LinkedBlockingQueue.poll(LinkedBlockingQueue.java:467)
        at org.apache.hadoop.ipc.CallQueueManager.take(CallQueueManager.java:317)
        at org.apache.hadoop.ipc.Server$Handler.run(Server.java:2942)
"DirectoryDeletingService#0" daemon prio=5 tid=6085 timed_waiting
java.lang.Thread.State: TIMED_WAITING
        at sun.misc.Unsafe.park(Native Method)
        at java.util.concurrent.locks.LockSupport.parkNanos(LockSupport.java:215)
        at java.util.concurrent.locks.AbstractQueuedSynchronizer$ConditionObject.awaitNanos(AbstractQueuedSynchronizer.java:2078)
        at java.util.concurrent.ScheduledThreadPoolExecutor$DelayedWorkQueue.take(ScheduledThreadPoolExecutor.java:1093)
        at java.util.concurrent.ScheduledThreadPoolExecutor$DelayedWorkQueue.take(ScheduledThreadPoolExecutor.java:809)
        at java.util.concurrent.ThreadPoolExecutor.getTask(ThreadPoolExecutor.java:1074)
        at java.util.concurrent.ThreadPoolExecutor.runWorker(ThreadPoolExecutor.java:1134)
        at java.util.concurrent.ThreadPoolExecutor$Worker.run(ThreadPoolExecutor.java:624)
        at java.lang.Thread.run(Thread.java:750)
"IPC Server handler 6 on default port 42971" daemon prio=5 tid=6837 timed_waiting
java.lang.Thread.State: TIMED_WAITING
        at sun.misc.Unsafe.park(Native Method)
        at java.util.concurrent.locks.LockSupport.parkNanos(LockSupport.java:215)
        at java.util.concurrent.locks.AbstractQueuedSynchronizer$ConditionObject.awaitNanos(AbstractQueuedSynchronizer.java:2078)
        at java.util.concurrent.LinkedBlockingQueue.poll(LinkedBlockingQueue.java:467)
        at org.apache.hadoop.ipc.CallQueueManager.take(CallQueueManager.java:317)
        at org.apache.hadoop.ipc.Server$Handler.run(Server.java:2942)
"qtp1692527707-5078" daemon prio=5 tid=5078 timed_waiting
java.lang.Thread.State: TIMED_WAITING
        at sun.misc.Unsafe.park(Native Method)
        at java.util.concurrent.locks.LockSupport.parkNanos(LockSupport.java:215)
        at java.util.concurrent.locks.AbstractQueuedSynchronizer$ConditionObject.awaitNanos(AbstractQueuedSynchronizer.java:2078)
        at org.eclipse.jetty.util.BlockingArrayQueue.poll(BlockingArrayQueue.java:382)
        at org.eclipse.jetty.util.thread.QueuedThreadPool$Runner.idleJobPoll(QueuedThreadPool.java:974)
        at org.eclipse.jetty.util.thread.QueuedThreadPool$Runner.run(QueuedThreadPool.java:1018)
        at java.lang.Thread.run(Thread.java:750)
"BlockDeletingService#0" daemon prio=5 tid=4221 in Object.wait()
java.lang.Thread.State: WAITING (on object monitor)
        at sun.misc.Unsafe.park(Native Method)
        at java.util.concurrent.locks.LockSupport.park(LockSupport.java:175)
        at java.util.concurrent.locks.AbstractQueuedSynchronizer$ConditionObject.await(AbstractQueuedSynchronizer.java:2039)
        at java.util.concurrent.ScheduledThreadPoolExecutor$DelayedWorkQueue.take(ScheduledThreadPoolExecutor.java:1088)
        at java.util.concurrent.ScheduledThreadPoolExecutor$DelayedWorkQueue.take(ScheduledThreadPoolExecutor.java:809)
        at java.util.concurrent.ThreadPoolExecutor.getTask(ThreadPoolExecutor.java:1074)
        at java.util.concurrent.ThreadPoolExecutor.runWorker(ThreadPoolExecutor.java:1134)
        at java.util.concurrent.ThreadPoolExecutor$Worker.run(ThreadPoolExecutor.java:624)
        at java.lang.Thread.run(Thread.java:750)
"qtp1692527707-5079" daemon prio=5 tid=5079 timed_waiting
java.lang.Thread.State: TIMED_WAITING
        at sun.misc.Unsafe.park(Native Method)
        at java.util.concurrent.locks.LockSupport.parkNanos(LockSupport.java:215)
        at java.util.concurrent.locks.AbstractQueuedSynchronizer$ConditionObject.awaitNanos(AbstractQueuedSynchronizer.java:2078)
        at org.eclipse.jetty.util.BlockingArrayQueue.poll(BlockingArrayQueue.java:382)
        at org.eclipse.jetty.util.thread.QueuedThreadPool$Runner.idleJobPoll(QueuedThreadPool.java:974)
        at org.eclipse.jetty.util.thread.QueuedThreadPool$Runner.run(QueuedThreadPool.java:1018)
        at java.lang.Thread.run(Thread.java:750)
"pool-2301-thread-1"  prio=5 tid=4270 in Object.wait()
java.lang.Thread.State: WAITING (on object monitor)
        at sun.misc.Unsafe.park(Native Method)
        at java.util.concurrent.locks.LockSupport.park(LockSupport.java:175)
        at java.util.concurrent.locks.AbstractQueuedSynchronizer$ConditionObject.await(AbstractQueuedSynchronizer.java:2039)
        at java.util.concurrent.LinkedBlockingQueue.take(LinkedBlockingQueue.java:442)
        at java.util.concurrent.ThreadPoolExecutor.getTask(ThreadPoolExecutor.java:1074)
        at java.util.concurrent.ThreadPoolExecutor.runWorker(ThreadPoolExecutor.java:1134)
        at java.util.concurrent.ThreadPoolExecutor$Worker.run(ThreadPoolExecutor.java:624)
        at java.lang.Thread.run(Thread.java:750)
"EndpointStateMachine task thread for /0.0.0.0:35863 - 0 "  prio=5 tid=6392 in Object.wait()
java.lang.Thread.State: WAITING (on object monitor)
        at sun.misc.Unsafe.park(Native Method)
        at java.util.concurrent.locks.LockSupport.park(LockSupport.java:175)
        at java.util.concurrent.locks.AbstractQueuedSynchronizer$ConditionObject.await(AbstractQueuedSynchronizer.java:2039)
        at java.util.concurrent.LinkedBlockingQueue.take(LinkedBlockingQueue.java:442)
        at java.util.concurrent.ThreadPoolExecutor.getTask(ThreadPoolExecutor.java:1074)
        at java.util.concurrent.ThreadPoolExecutor.runWorker(ThreadPoolExecutor.java:1134)
        at java.util.concurrent.ThreadPoolExecutor$Worker.run(ThreadPoolExecutor.java:624)
        at java.lang.Thread.run(Thread.java:750)
"abd8e8e1-9e09-4ec0-a897-8fd48f6e99a3-impl-thread1"  prio=5 tid=6164 timed_waiting
java.lang.Thread.State: TIMED_WAITING
        at sun.misc.Unsafe.park(Native Method)
        at java.util.concurrent.locks.LockSupport.parkNanos(LockSupport.java:215)
        at java.util.concurrent.SynchronousQueue$TransferStack.awaitFulfill(SynchronousQueue.java:460)
        at java.util.concurrent.SynchronousQueue$TransferStack.transfer(SynchronousQueue.java:362)
        at java.util.concurrent.SynchronousQueue.poll(SynchronousQueue.java:941)
        at java.util.concurrent.ThreadPoolExecutor.getTask(ThreadPoolExecutor.java:1073)
        at java.util.concurrent.ThreadPoolExecutor.runWorker(ThreadPoolExecutor.java:1134)
        at java.util.concurrent.ThreadPoolExecutor$Worker.run(ThreadPoolExecutor.java:624)
        at java.lang.Thread.run(Thread.java:750)
"Datanode State Machine Daemon Thread" daemon prio=5 tid=4081 timed_waiting
java.lang.Thread.State: TIMED_WAITING
        at java.lang.Thread.sleep(Native Method)
        at org.apache.hadoop.ozone.container.common.statemachine.DatanodeStateMachine.startStateMachineThread(DatanodeStateMachine.java:313)
        at org.apache.hadoop.ozone.container.common.statemachine.DatanodeStateMachine.lambda$startDaemon$0(DatanodeStateMachine.java:493)
        at org.apache.hadoop.ozone.container.common.statemachine.DatanodeStateMachine$$Lambda$761/216690043.run(Unknown Source)
        at java.lang.Thread.run(Thread.java:750)
"42bf96ef-5b29-49bf-adbe-37b520f0d1a8@group-E2B94495F015-StateMachineUpdater" daemon prio=5 tid=5485 timed_waiting
java.lang.Thread.State: TIMED_WAITING
        at sun.misc.Unsafe.park(Native Method)
        at java.util.concurrent.locks.LockSupport.parkNanos(LockSupport.java:215)
        at java.util.concurrent.CompletableFuture$Signaller.block(CompletableFuture.java:1709)
        at java.util.concurrent.ForkJoinPool.managedBlock(ForkJoinPool.java:3323)
        at java.util.concurrent.CompletableFuture.timedGet(CompletableFuture.java:1788)
        at java.util.concurrent.CompletableFuture.get(CompletableFuture.java:1928)
        at org.apache.ratis.util.AwaitForSignal.await(AwaitForSignal.java:56)
        at org.apache.ratis.server.impl.StateMachineUpdater.waitForCommit(StateMachineUpdater.java:207)
        at org.apache.ratis.server.impl.StateMachineUpdater.run(StateMachineUpdater.java:176)
        at java.lang.Thread.run(Thread.java:750)
"qtp625773794-6372-acceptor-0@3ddccca3-ServerConnector@4a3778e3{HTTP/1.1, (http/1.1)}{0.0.0.0:46451}" daemon prio=3 tid=6372 runnable
java.lang.Thread.State: RUNNABLE
        at sun.nio.ch.ServerSocketChannelImpl.accept0(Native Method)
        at sun.nio.ch.ServerSocketChannelImpl.accept(ServerSocketChannelImpl.java:421)
        at sun.nio.ch.ServerSocketChannelImpl.accept(ServerSocketChannelImpl.java:249)
        at org.eclipse.jetty.server.ServerConnector.accept(ServerConnector.java:388)
        at org.eclipse.jetty.server.AbstractConnector$Acceptor.run(AbstractConnector.java:702)
        at org.eclipse.jetty.util.thread.QueuedThreadPool.runJob(QueuedThreadPool.java:883)
        at org.eclipse.jetty.util.thread.QueuedThreadPool$Runner.run(QueuedThreadPool.java:1034)
        at java.lang.Thread.run(Thread.java:750)
"pool-3060-thread-1" daemon prio=5 tid=5308 timed_waiting
java.lang.Thread.State: TIMED_WAITING
        at sun.misc.Unsafe.park(Native Method)
        at java.util.concurrent.locks.LockSupport.parkNanos(LockSupport.java:215)
        at java.util.concurrent.locks.AbstractQueuedSynchronizer$ConditionObject.awaitNanos(AbstractQueuedSynchronizer.java:2078)
        at java.util.concurrent.ScheduledThreadPoolExecutor$DelayedWorkQueue.take(ScheduledThreadPoolExecutor.java:1093)
        at java.util.concurrent.ScheduledThreadPoolExecutor$DelayedWorkQueue.take(ScheduledThreadPoolExecutor.java:809)
        at java.util.concurrent.ThreadPoolExecutor.getTask(ThreadPoolExecutor.java:1074)
        at java.util.concurrent.ThreadPoolExecutor.runWorker(ThreadPoolExecutor.java:1134)
        at java.util.concurrent.ThreadPoolExecutor$Worker.run(ThreadPoolExecutor.java:624)
        at java.lang.Thread.run(Thread.java:750)
"c977c8ce-8538-40eb-94c6-762b85246bac@group-608B4AACAD0F-SegmentedRaftLogWorker"  prio=5 tid=5456 timed_waiting
java.lang.Thread.State: TIMED_WAITING
        at sun.misc.Unsafe.park(Native Method)
        at java.util.concurrent.locks.LockSupport.parkNanos(LockSupport.java:215)
        at java.util.concurrent.locks.AbstractQueuedSynchronizer$ConditionObject.awaitNanos(AbstractQueuedSynchronizer.java:2078)
        at org.apache.ratis.util.DataBlockingQueue.poll(DataBlockingQueue.java:148)
        at org.apache.ratis.server.raftlog.segmented.SegmentedRaftLogWorker.run(SegmentedRaftLogWorker.java:301)
        at org.apache.ratis.server.raftlog.segmented.SegmentedRaftLogWorker$$Lambda$646/1639153477.run(Unknown Source)
        at java.lang.Thread.run(Thread.java:750)
"Socket Reader #1 for port 0"  prio=5 tid=3749 runnable
java.lang.Thread.State: RUNNABLE
        at sun.nio.ch.EPollArrayWrapper.epollWait(Native Method)
        at sun.nio.ch.EPollArrayWrapper.poll(EPollArrayWrapper.java:269)
        at sun.nio.ch.EPollSelectorImpl.doSelect(EPollSelectorImpl.java:93)
        at sun.nio.ch.SelectorImpl.lockAndDoSelect(SelectorImpl.java:86)
        at sun.nio.ch.SelectorImpl.select(SelectorImpl.java:97)
        at sun.nio.ch.SelectorImpl.select(SelectorImpl.java:101)
        at org.apache.hadoop.ipc.Server$Listener$Reader.doRunLoop(Server.java:1296)
        at org.apache.hadoop.ipc.Server$Listener$Reader.run(Server.java:1275)
"IPC Server handler 16 on default port 35375" daemon prio=5 tid=4892 timed_waiting
java.lang.Thread.State: TIMED_WAITING
        at sun.misc.Unsafe.park(Native Method)
        at java.util.concurrent.locks.LockSupport.parkNanos(LockSupport.java:215)
        at java.util.concurrent.locks.AbstractQueuedSynchronizer$ConditionObject.awaitNanos(AbstractQueuedSynchronizer.java:2078)
        at java.util.concurrent.LinkedBlockingQueue.poll(LinkedBlockingQueue.java:467)
        at org.apache.hadoop.ipc.CallQueueManager.take(CallQueueManager.java:317)
        at org.apache.hadoop.ipc.Server$Handler.run(Server.java:2942)
"ChunkReader-ELG-0" daemon prio=5 tid=5362 runnable
java.lang.Thread.State: RUNNABLE
        at org.apache.ratis.thirdparty.io.netty.channel.epoll.Native.epollWait(Native Method)
        at org.apache.ratis.thirdparty.io.netty.channel.epoll.Native.epollWait(Native.java:193)
        at org.apache.ratis.thirdparty.io.netty.channel.epoll.Native.epollWait(Native.java:186)
        at org.apache.ratis.thirdparty.io.netty.channel.epoll.EpollEventLoop.epollWaitNoTimerChange(EpollEventLoop.java:290)
        at org.apache.ratis.thirdparty.io.netty.channel.epoll.EpollEventLoop.run(EpollEventLoop.java:347)
        at org.apache.ratis.thirdparty.io.netty.util.concurrent.SingleThreadEventExecutor$4.run(SingleThreadEventExecutor.java:986)
        at org.apache.ratis.thirdparty.io.netty.util.internal.ThreadExecutorMap$2.run(ThreadExecutorMap.java:74)
        at java.lang.Thread.run(Thread.java:750)
"Periodic HDDS volume checker" daemon prio=5 tid=4091 timed_waiting
java.lang.Thread.State: TIMED_WAITING
        at sun.misc.Unsafe.park(Native Method)
        at java.util.concurrent.locks.LockSupport.parkNanos(LockSupport.java:215)
        at java.util.concurrent.locks.AbstractQueuedSynchronizer$ConditionObject.awaitNanos(AbstractQueuedSynchronizer.java:2078)
        at java.util.concurrent.ScheduledThreadPoolExecutor$DelayedWorkQueue.take(ScheduledThreadPoolExecutor.java:1093)
        at java.util.concurrent.ScheduledThreadPoolExecutor$DelayedWorkQueue.take(ScheduledThreadPoolExecutor.java:809)
        at java.util.concurrent.ThreadPoolExecutor.getTask(ThreadPoolExecutor.java:1074)
        at java.util.concurrent.ThreadPoolExecutor.runWorker(ThreadPoolExecutor.java:1134)
        at java.util.concurrent.ThreadPoolExecutor$Worker.run(ThreadPoolExecutor.java:624)
        at java.lang.Thread.run(Thread.java:750)
"8dac584f-6024-4576-b5a3-2bef0f48735e-impl-thread1"  prio=5 tid=6256 timed_waiting
java.lang.Thread.State: TIMED_WAITING
        at sun.misc.Unsafe.park(Native Method)
        at java.util.concurrent.locks.LockSupport.parkNanos(LockSupport.java:215)
        at java.util.concurrent.SynchronousQueue$TransferStack.awaitFulfill(SynchronousQueue.java:460)
        at java.util.concurrent.SynchronousQueue$TransferStack.transfer(SynchronousQueue.java:362)
        at java.util.concurrent.SynchronousQueue.poll(SynchronousQueue.java:941)
        at java.util.concurrent.ThreadPoolExecutor.getTask(ThreadPoolExecutor.java:1073)
        at java.util.concurrent.ThreadPoolExecutor.runWorker(ThreadPoolExecutor.java:1134)
        at java.util.concurrent.ThreadPoolExecutor$Worker.run(ThreadPoolExecutor.java:624)
        at java.lang.Thread.run(Thread.java:750)
"Datanode State Machine Task Thread - 0"  prio=5 tid=5300 in Object.wait()
java.lang.Thread.State: WAITING (on object monitor)
        at sun.misc.Unsafe.park(Native Method)
        at java.util.concurrent.locks.LockSupport.park(LockSupport.java:175)
        at java.util.concurrent.locks.AbstractQueuedSynchronizer$ConditionObject.await(AbstractQueuedSynchronizer.java:2039)
        at java.util.concurrent.LinkedBlockingQueue.take(LinkedBlockingQueue.java:442)
        at java.util.concurrent.ThreadPoolExecutor.getTask(ThreadPoolExecutor.java:1074)
        at java.util.concurrent.ThreadPoolExecutor.runWorker(ThreadPoolExecutor.java:1134)
        at java.util.concurrent.ThreadPoolExecutor$Worker.run(ThreadPoolExecutor.java:624)
        at java.lang.Thread.run(Thread.java:750)
"0e59cd28-e34a-4544-a63c-9bf8db58f2a0@group-9015FB128463-SegmentedRaftLogWorker"  prio=5 tid=4271 timed_waiting
java.lang.Thread.State: TIMED_WAITING
        at sun.misc.Unsafe.park(Native Method)
        at java.util.concurrent.locks.LockSupport.parkNanos(LockSupport.java:215)
        at java.util.concurrent.locks.AbstractQueuedSynchronizer$ConditionObject.awaitNanos(AbstractQueuedSynchronizer.java:2078)
        at org.apache.ratis.util.DataBlockingQueue.poll(DataBlockingQueue.java:148)
        at org.apache.ratis.server.raftlog.segmented.SegmentedRaftLogWorker.run(SegmentedRaftLogWorker.java:301)
        at org.apache.ratis.server.raftlog.segmented.SegmentedRaftLogWorker$$Lambda$646/1639153477.run(Unknown Source)
        at java.lang.Thread.run(Thread.java:750)
"StaleRecoveringContainerScrubbingService#1" daemon prio=5 tid=5276 timed_waiting
java.lang.Thread.State: TIMED_WAITING
        at sun.misc.Unsafe.park(Native Method)
        at java.util.concurrent.locks.LockSupport.parkNanos(LockSupport.java:215)
        at java.util.concurrent.locks.AbstractQueuedSynchronizer$ConditionObject.awaitNanos(AbstractQueuedSynchronizer.java:2078)
        at java.util.concurrent.ScheduledThreadPoolExecutor$DelayedWorkQueue.take(ScheduledThreadPoolExecutor.java:1093)
        at java.util.concurrent.ScheduledThreadPoolExecutor$DelayedWorkQueue.take(ScheduledThreadPoolExecutor.java:809)
        at java.util.concurrent.ThreadPoolExecutor.getTask(ThreadPoolExecutor.java:1074)
        at java.util.concurrent.ThreadPoolExecutor.runWorker(ThreadPoolExecutor.java:1134)
        at java.util.concurrent.ThreadPoolExecutor$Worker.run(ThreadPoolExecutor.java:624)
        at java.lang.Thread.run(Thread.java:750)
"IPC Server handler 2 on default port 35375" daemon prio=5 tid=4878 timed_waiting
java.lang.Thread.State: TIMED_WAITING
        at sun.misc.Unsafe.park(Native Method)
        at java.util.concurrent.locks.LockSupport.parkNanos(LockSupport.java:215)
        at java.util.concurrent.locks.AbstractQueuedSynchronizer$ConditionObject.awaitNanos(AbstractQueuedSynchronizer.java:2078)
        at java.util.concurrent.LinkedBlockingQueue.poll(LinkedBlockingQueue.java:467)
        at org.apache.hadoop.ipc.CallQueueManager.take(CallQueueManager.java:317)
        at org.apache.hadoop.ipc.Server$Handler.run(Server.java:2942)
"Session-HouseKeeper-877ffe5-1"  prio=5 tid=4080 timed_waiting
java.lang.Thread.State: TIMED_WAITING
        at sun.misc.Unsafe.park(Native Method)
        at java.util.concurrent.locks.LockSupport.parkNanos(LockSupport.java:215)
        at java.util.concurrent.locks.AbstractQueuedSynchronizer$ConditionObject.awaitNanos(AbstractQueuedSynchronizer.java:2078)
        at java.util.concurrent.ScheduledThreadPoolExecutor$DelayedWorkQueue.take(ScheduledThreadPoolExecutor.java:1093)
        at java.util.concurrent.ScheduledThreadPoolExecutor$DelayedWorkQueue.take(ScheduledThreadPoolExecutor.java:809)
        at java.util.concurrent.ThreadPoolExecutor.getTask(ThreadPoolExecutor.java:1074)
        at java.util.concurrent.ThreadPoolExecutor.runWorker(ThreadPoolExecutor.java:1134)
        at java.util.concurrent.ThreadPoolExecutor$Worker.run(ThreadPoolExecutor.java:624)
        at java.lang.Thread.run(Thread.java:750)
"Datanode State Machine Daemon Thread" daemon prio=5 tid=4984 timed_waiting
java.lang.Thread.State: TIMED_WAITING
        at java.lang.Thread.sleep(Native Method)
        at org.apache.hadoop.ozone.container.common.statemachine.DatanodeStateMachine.startStateMachineThread(DatanodeStateMachine.java:313)
        at org.apache.hadoop.ozone.container.common.statemachine.DatanodeStateMachine.lambda$startDaemon$0(DatanodeStateMachine.java:493)
        at org.apache.hadoop.ozone.container.common.statemachine.DatanodeStateMachine$$Lambda$761/216690043.run(Unknown Source)
        at java.lang.Thread.run(Thread.java:750)
"pool-2384-thread-1"  prio=5 tid=4101 timed_waiting
java.lang.Thread.State: TIMED_WAITING
        at sun.misc.Unsafe.park(Native Method)
        at java.util.concurrent.locks.LockSupport.parkNanos(LockSupport.java:215)
        at java.util.concurrent.locks.AbstractQueuedSynchronizer$ConditionObject.awaitNanos(AbstractQueuedSynchronizer.java:2078)
        at java.util.concurrent.ScheduledThreadPoolExecutor$DelayedWorkQueue.take(ScheduledThreadPoolExecutor.java:1093)
        at java.util.concurrent.ScheduledThreadPoolExecutor$DelayedWorkQueue.take(ScheduledThreadPoolExecutor.java:809)
        at java.util.concurrent.ThreadPoolExecutor.getTask(ThreadPoolExecutor.java:1074)
        at java.util.concurrent.ThreadPoolExecutor.runWorker(ThreadPoolExecutor.java:1134)
        at java.util.concurrent.ThreadPoolExecutor$Worker.run(ThreadPoolExecutor.java:624)
        at java.lang.Thread.run(Thread.java:750)
"ChunkReader-ELG-0" daemon prio=5 tid=4220 runnable
java.lang.Thread.State: RUNNABLE
        at org.apache.ratis.thirdparty.io.netty.channel.epoll.Native.epollWait(Native Method)
        at org.apache.ratis.thirdparty.io.netty.channel.epoll.Native.epollWait(Native.java:193)
        at org.apache.ratis.thirdparty.io.netty.channel.epoll.Native.epollWait(Native.java:186)
        at org.apache.ratis.thirdparty.io.netty.channel.epoll.EpollEventLoop.epollWaitNoTimerChange(EpollEventLoop.java:290)
        at org.apache.ratis.thirdparty.io.netty.channel.epoll.EpollEventLoop.run(EpollEventLoop.java:347)
        at org.apache.ratis.thirdparty.io.netty.util.concurrent.SingleThreadEventExecutor$4.run(SingleThreadEventExecutor.java:986)
        at org.apache.ratis.thirdparty.io.netty.util.internal.ThreadExecutorMap$2.run(ThreadExecutorMap.java:74)
        at java.lang.Thread.run(Thread.java:750)
"IPC Server handler 2 on default port 35679" daemon prio=5 tid=5864 timed_waiting
java.lang.Thread.State: TIMED_WAITING
        at sun.misc.Unsafe.park(Native Method)
        at java.util.concurrent.locks.LockSupport.parkNanos(LockSupport.java:215)
        at java.util.concurrent.locks.AbstractQueuedSynchronizer$ConditionObject.awaitNanos(AbstractQueuedSynchronizer.java:2078)
        at java.util.concurrent.LinkedBlockingQueue.poll(LinkedBlockingQueue.java:467)
        at org.apache.hadoop.ipc.CallQueueManager.take(CallQueueManager.java:317)
        at org.apache.hadoop.ipc.Server$Handler.run(Server.java:2942)
"Datanode ReportManager Thread - 3" daemon prio=5 tid=3953 timed_waiting
java.lang.Thread.State: TIMED_WAITING
        at sun.misc.Unsafe.park(Native Method)
        at java.util.concurrent.locks.LockSupport.parkNanos(LockSupport.java:215)
        at java.util.concurrent.locks.AbstractQueuedSynchronizer$ConditionObject.awaitNanos(AbstractQueuedSynchronizer.java:2078)
        at java.util.concurrent.ScheduledThreadPoolExecutor$DelayedWorkQueue.take(ScheduledThreadPoolExecutor.java:1093)
        at java.util.concurrent.ScheduledThreadPoolExecutor$DelayedWorkQueue.take(ScheduledThreadPoolExecutor.java:809)
        at java.util.concurrent.ThreadPoolExecutor.getTask(ThreadPoolExecutor.java:1074)
        at java.util.concurrent.ThreadPoolExecutor.runWorker(ThreadPoolExecutor.java:1134)
        at java.util.concurrent.ThreadPoolExecutor$Worker.run(ThreadPoolExecutor.java:624)
        at java.lang.Thread.run(Thread.java:750)
"8734203a-70d5-40c1-ad48-a2d447aaef1c-impl-thread1"  prio=5 tid=6368 timed_waiting
java.lang.Thread.State: TIMED_WAITING
        at sun.misc.Unsafe.park(Native Method)
        at java.util.concurrent.locks.LockSupport.parkNanos(LockSupport.java:215)
        at java.util.concurrent.SynchronousQueue$TransferStack.awaitFulfill(SynchronousQueue.java:460)
        at java.util.concurrent.SynchronousQueue$TransferStack.transfer(SynchronousQueue.java:362)
        at java.util.concurrent.SynchronousQueue.poll(SynchronousQueue.java:941)
        at java.util.concurrent.ThreadPoolExecutor.getTask(ThreadPoolExecutor.java:1073)
        at java.util.concurrent.ThreadPoolExecutor.runWorker(ThreadPoolExecutor.java:1134)
        at java.util.concurrent.ThreadPoolExecutor$Worker.run(ThreadPoolExecutor.java:624)
        at java.lang.Thread.run(Thread.java:750)
"ChunkWriter-0-0" daemon prio=5 tid=5343 in Object.wait()
java.lang.Thread.State: WAITING (on object monitor)
        at sun.misc.Unsafe.park(Native Method)
        at java.util.concurrent.locks.LockSupport.park(LockSupport.java:175)
        at java.util.concurrent.locks.AbstractQueuedSynchronizer$ConditionObject.await(AbstractQueuedSynchronizer.java:2039)
        at java.util.concurrent.LinkedBlockingDeque.takeFirst(LinkedBlockingDeque.java:492)
        at java.util.concurrent.LinkedBlockingDeque.take(LinkedBlockingDeque.java:680)
        at java.util.concurrent.ThreadPoolExecutor.getTask(ThreadPoolExecutor.java:1074)
        at java.util.concurrent.ThreadPoolExecutor.runWorker(ThreadPoolExecutor.java:1134)
        at java.util.concurrent.ThreadPoolExecutor$Worker.run(ThreadPoolExecutor.java:624)
        at java.lang.Thread.run(Thread.java:750)
"qtp443038314-6266" daemon prio=5 tid=6266 timed_waiting
java.lang.Thread.State: TIMED_WAITING
        at sun.misc.Unsafe.park(Native Method)
        at java.util.concurrent.locks.LockSupport.parkNanos(LockSupport.java:215)
        at java.util.concurrent.locks.AbstractQueuedSynchronizer$ConditionObject.awaitNanos(AbstractQueuedSynchronizer.java:2078)
        at org.eclipse.jetty.util.BlockingArrayQueue.poll(BlockingArrayQueue.java:382)
        at org.eclipse.jetty.util.thread.QueuedThreadPool$Runner.idleJobPoll(QueuedThreadPool.java:974)
        at org.eclipse.jetty.util.thread.QueuedThreadPool$Runner.run(QueuedThreadPool.java:1018)
        at java.lang.Thread.run(Thread.java:750)
"7f555f3a-b754-420b-b6ea-bc4a43db69c9@group-B16A668C3C87-StateMachineUpdater" daemon prio=5 tid=6676 timed_waiting
java.lang.Thread.State: TIMED_WAITING
        at sun.misc.Unsafe.park(Native Method)
        at java.util.concurrent.locks.LockSupport.parkNanos(LockSupport.java:215)
        at java.util.concurrent.CompletableFuture$Signaller.block(CompletableFuture.java:1709)
        at java.util.concurrent.ForkJoinPool.managedBlock(ForkJoinPool.java:3323)
        at java.util.concurrent.CompletableFuture.timedGet(CompletableFuture.java:1788)
        at java.util.concurrent.CompletableFuture.get(CompletableFuture.java:1928)
        at org.apache.ratis.util.AwaitForSignal.await(AwaitForSignal.java:56)
        at org.apache.ratis.server.impl.StateMachineUpdater.waitForCommit(StateMachineUpdater.java:207)
        at org.apache.ratis.server.impl.StateMachineUpdater.run(StateMachineUpdater.java:176)
        at java.lang.Thread.run(Thread.java:750)
"org.apache.hadoop.util.JvmPauseMonitor$Monitor@48ea9397" daemon prio=5 tid=4896 timed_waiting
java.lang.Thread.State: TIMED_WAITING
        at java.lang.Thread.sleep(Native Method)
        at org.apache.hadoop.util.JvmPauseMonitor$Monitor.run(JvmPauseMonitor.java:192)
        at java.lang.Thread.run(Thread.java:750)
"Datanode State Machine Daemon Thread" daemon prio=5 tid=4049 timed_waiting
java.lang.Thread.State: TIMED_WAITING
        at java.lang.Thread.sleep(Native Method)
        at org.apache.hadoop.ozone.container.common.statemachine.DatanodeStateMachine.startStateMachineThread(DatanodeStateMachine.java:313)
        at org.apache.hadoop.ozone.container.common.statemachine.DatanodeStateMachine.lambda$startDaemon$0(DatanodeStateMachine.java:493)
        at org.apache.hadoop.ozone.container.common.statemachine.DatanodeStateMachine$$Lambda$761/216690043.run(Unknown Source)
        at java.lang.Thread.run(Thread.java:750)
"IPC Server handler 11 on default port 40471" daemon prio=5 tid=6802 timed_waiting
java.lang.Thread.State: TIMED_WAITING
        at sun.misc.Unsafe.park(Native Method)
        at java.util.concurrent.locks.LockSupport.parkNanos(LockSupport.java:215)
        at java.util.concurrent.locks.AbstractQueuedSynchronizer$ConditionObject.awaitNanos(AbstractQueuedSynchronizer.java:2078)
        at java.util.concurrent.LinkedBlockingQueue.poll(LinkedBlockingQueue.java:467)
        at org.apache.hadoop.ipc.CallQueueManager.take(CallQueueManager.java:317)
        at org.apache.hadoop.ipc.Server$Handler.run(Server.java:2942)
"pool-2693-thread-1" daemon prio=5 tid=4933 timed_waiting
java.lang.Thread.State: TIMED_WAITING
        at sun.misc.Unsafe.park(Native Method)
        at java.util.concurrent.locks.LockSupport.parkNanos(LockSupport.java:215)
        at java.util.concurrent.locks.AbstractQueuedSynchronizer$ConditionObject.awaitNanos(AbstractQueuedSynchronizer.java:2078)
        at java.util.concurrent.ScheduledThreadPoolExecutor$DelayedWorkQueue.take(ScheduledThreadPoolExecutor.java:1093)
        at java.util.concurrent.ScheduledThreadPoolExecutor$DelayedWorkQueue.take(ScheduledThreadPoolExecutor.java:809)
        at java.util.concurrent.ThreadPoolExecutor.getTask(ThreadPoolExecutor.java:1074)
        at java.util.concurrent.ThreadPoolExecutor.runWorker(ThreadPoolExecutor.java:1134)
        at java.util.concurrent.ThreadPoolExecutor$Worker.run(ThreadPoolExecutor.java:624)
        at java.lang.Thread.run(Thread.java:750)
"Datanode ReportManager Thread - 1" daemon prio=5 tid=4083 in Object.wait()
java.lang.Thread.State: WAITING (on object monitor)
        at sun.misc.Unsafe.park(Native Method)
        at java.util.concurrent.locks.LockSupport.park(LockSupport.java:175)
        at java.util.concurrent.locks.AbstractQueuedSynchronizer$ConditionObject.await(AbstractQueuedSynchronizer.java:2039)
        at java.util.concurrent.ScheduledThreadPoolExecutor$DelayedWorkQueue.take(ScheduledThreadPoolExecutor.java:1088)
        at java.util.concurrent.ScheduledThreadPoolExecutor$DelayedWorkQueue.take(ScheduledThreadPoolExecutor.java:809)
        at java.util.concurrent.ThreadPoolExecutor.getTask(ThreadPoolExecutor.java:1074)
        at java.util.concurrent.ThreadPoolExecutor.runWorker(ThreadPoolExecutor.java:1134)
        at java.util.concurrent.ThreadPoolExecutor$Worker.run(ThreadPoolExecutor.java:624)
        at java.lang.Thread.run(Thread.java:750)
"IPC Server handler 11 on default port 43303" daemon prio=5 tid=6822 timed_waiting
java.lang.Thread.State: TIMED_WAITING
        at sun.misc.Unsafe.park(Native Method)
        at java.util.concurrent.locks.LockSupport.parkNanos(LockSupport.java:215)
        at java.util.concurrent.locks.AbstractQueuedSynchronizer$ConditionObject.awaitNanos(AbstractQueuedSynchronizer.java:2078)
        at java.util.concurrent.LinkedBlockingQueue.poll(LinkedBlockingQueue.java:467)
        at org.apache.hadoop.ipc.CallQueueManager.take(CallQueueManager.java:317)
        at org.apache.hadoop.ipc.Server$Handler.run(Server.java:2942)
"RatisPipelineUtilsThread - 0"  prio=5 tid=4534 timed_waiting
java.lang.Thread.State: TIMED_WAITING
        at java.lang.Object.wait(Native Method)
        at org.apache.hadoop.hdds.scm.pipeline.BackgroundPipelineCreator.run(BackgroundPipelineCreator.java:176)
        at org.apache.hadoop.hdds.scm.pipeline.BackgroundPipelineCreator$$Lambda$405/160388048.run(Unknown Source)
        at java.lang.Thread.run(Thread.java:750)
"qtp443038314-6261" daemon prio=5 tid=6261 timed_waiting
java.lang.Thread.State: TIMED_WAITING
        at sun.misc.Unsafe.park(Native Method)
        at java.util.concurrent.locks.LockSupport.parkNanos(LockSupport.java:215)
        at java.util.concurrent.locks.AbstractQueuedSynchronizer$ConditionObject.awaitNanos(AbstractQueuedSynchronizer.java:2078)
        at org.eclipse.jetty.util.BlockingArrayQueue.poll(BlockingArrayQueue.java:382)
        at org.eclipse.jetty.util.thread.QueuedThreadPool$Runner.idleJobPoll(QueuedThreadPool.java:974)
        at org.eclipse.jetty.util.thread.QueuedThreadPool$Runner.run(QueuedThreadPool.java:1018)
        at java.lang.Thread.run(Thread.java:750)
"IPC Server handler 8 on default port 43819" daemon prio=5 tid=5850 timed_waiting
java.lang.Thread.State: TIMED_WAITING
        at sun.misc.Unsafe.park(Native Method)
        at java.util.concurrent.locks.LockSupport.parkNanos(LockSupport.java:215)
        at java.util.concurrent.locks.AbstractQueuedSynchronizer$ConditionObject.awaitNanos(AbstractQueuedSynchronizer.java:2078)
        at java.util.concurrent.LinkedBlockingQueue.poll(LinkedBlockingQueue.java:467)
        at org.apache.hadoop.ipc.CallQueueManager.take(CallQueueManager.java:317)
        at org.apache.hadoop.ipc.Server$Handler.run(Server.java:2942)
"qtp926651341-5281" daemon prio=5 tid=5281 runnable
java.lang.Thread.State: RUNNABLE
        at sun.nio.ch.EPollArrayWrapper.epollWait(Native Method)
        at sun.nio.ch.EPollArrayWrapper.poll(EPollArrayWrapper.java:269)
        at sun.nio.ch.EPollSelectorImpl.doSelect(EPollSelectorImpl.java:93)
        at sun.nio.ch.SelectorImpl.lockAndDoSelect(SelectorImpl.java:86)
        at sun.nio.ch.SelectorImpl.select(SelectorImpl.java:97)
        at sun.nio.ch.SelectorImpl.select(SelectorImpl.java:101)
        at org.eclipse.jetty.io.ManagedSelector.nioSelect(ManagedSelector.java:183)
        at org.eclipse.jetty.io.ManagedSelector.select(ManagedSelector.java:190)
        at org.eclipse.jetty.io.ManagedSelector$SelectorProducer.select(ManagedSelector.java:606)
        at org.eclipse.jetty.io.ManagedSelector$SelectorProducer.produce(ManagedSelector.java:543)
        at org.eclipse.jetty.util.thread.strategy.EatWhatYouKill.produceTask(EatWhatYouKill.java:362)
        at org.eclipse.jetty.util.thread.strategy.EatWhatYouKill.doProduce(EatWhatYouKill.java:186)
        at org.eclipse.jetty.util.thread.strategy.EatWhatYouKill.tryProduce(EatWhatYouKill.java:173)
        at org.eclipse.jetty.util.thread.strategy.EatWhatYouKill.produce(EatWhatYouKill.java:137)
        at org.eclipse.jetty.io.ManagedSelector$$Lambda$478/1665851504.run(Unknown Source)
        at org.eclipse.jetty.util.thread.QueuedThreadPool.runJob(QueuedThreadPool.java:883)
        at org.eclipse.jetty.util.thread.QueuedThreadPool$Runner.run(QueuedThreadPool.java:1034)
        at java.lang.Thread.run(Thread.java:750)
"IPC Server handler 6 on default port 35863" daemon prio=5 tid=5888 timed_waiting
java.lang.Thread.State: TIMED_WAITING
        at sun.misc.Unsafe.park(Native Method)
        at java.util.concurrent.locks.LockSupport.parkNanos(LockSupport.java:215)
        at java.util.concurrent.locks.AbstractQueuedSynchronizer$ConditionObject.awaitNanos(AbstractQueuedSynchronizer.java:2078)
        at java.util.concurrent.LinkedBlockingQueue.poll(LinkedBlockingQueue.java:467)
        at org.apache.hadoop.ipc.CallQueueManager.take(CallQueueManager.java:317)
        at org.apache.hadoop.ipc.Server$Handler.run(Server.java:2942)
"BackgroundPipelineScrubberThread" daemon prio=5 tid=5808 timed_waiting
java.lang.Thread.State: TIMED_WAITING
        at java.lang.Object.wait(Native Method)
        at org.apache.hadoop.hdds.scm.ha.BackgroundSCMService.run(BackgroundSCMService.java:110)
        at org.apache.hadoop.hdds.scm.ha.BackgroundSCMService$$Lambda$408/1110849047.run(Unknown Source)
        at java.lang.Thread.run(Thread.java:750)
"org.apache.hadoop.ozone.container.common.statemachine.commandhandler.DeleteBlocksCommandHandler$DeleteCmdWorker@5f5c9bb9" daemon prio=5 tid=5147 timed_waiting
java.lang.Thread.State: TIMED_WAITING
        at java.lang.Thread.sleep(Native Method)
        at org.apache.hadoop.ozone.container.common.statemachine.commandhandler.DeleteBlocksCommandHandler$DeleteCmdWorker.run(DeleteBlocksCommandHandler.java:183)
        at java.lang.Thread.run(Thread.java:750)
"qtp1706216417-4858-acceptor-0@673a3c5c-ServerConnector@78e07228{HTTP/1.1, (http/1.1)}{0.0.0.0:34757}" daemon prio=3 tid=4858 runnable
java.lang.Thread.State: RUNNABLE
        at sun.nio.ch.ServerSocketChannelImpl.accept0(Native Method)
        at sun.nio.ch.ServerSocketChannelImpl.accept(ServerSocketChannelImpl.java:421)
        at sun.nio.ch.ServerSocketChannelImpl.accept(ServerSocketChannelImpl.java:249)
        at org.eclipse.jetty.server.ServerConnector.accept(ServerConnector.java:388)
        at org.eclipse.jetty.server.AbstractConnector$Acceptor.run(AbstractConnector.java:702)
        at org.eclipse.jetty.util.thread.QueuedThreadPool.runJob(QueuedThreadPool.java:883)
        at org.eclipse.jetty.util.thread.QueuedThreadPool$Runner.run(QueuedThreadPool.java:1034)
        at java.lang.Thread.run(Thread.java:750)
"IPC Server handler 17 on default port 46525" daemon prio=5 tid=3811 timed_waiting
java.lang.Thread.State: TIMED_WAITING
        at sun.misc.Unsafe.park(Native Method)
        at java.util.concurrent.locks.LockSupport.parkNanos(LockSupport.java:215)
        at java.util.concurrent.locks.AbstractQueuedSynchronizer$ConditionObject.awaitNanos(AbstractQueuedSynchronizer.java:2078)
        at java.util.concurrent.LinkedBlockingQueue.poll(LinkedBlockingQueue.java:467)
        at org.apache.hadoop.ipc.CallQueueManager.take(CallQueueManager.java:317)
        at org.apache.hadoop.ipc.Server$Handler.run(Server.java:2942)
"Timer-4"  prio=5 tid=3768 timed_waiting
java.lang.Thread.State: TIMED_WAITING
        at java.lang.Object.wait(Native Method)
        at java.util.TimerThread.mainLoop(Timer.java:552)
        at java.util.TimerThread.run(Timer.java:505)
"c977c8ce-8538-40eb-94c6-762b85246bac@group-608B4AACAD0F-StateMachineUpdater" daemon prio=5 tid=5457 timed_waiting
java.lang.Thread.State: TIMED_WAITING
        at sun.misc.Unsafe.park(Native Method)
        at java.util.concurrent.locks.LockSupport.parkNanos(LockSupport.java:215)
        at java.util.concurrent.CompletableFuture$Signaller.block(CompletableFuture.java:1709)
        at java.util.concurrent.ForkJoinPool.managedBlock(ForkJoinPool.java:3323)
        at java.util.concurrent.CompletableFuture.timedGet(CompletableFuture.java:1788)
        at java.util.concurrent.CompletableFuture.get(CompletableFuture.java:1928)
        at org.apache.ratis.util.AwaitForSignal.await(AwaitForSignal.java:56)
        at org.apache.ratis.server.impl.StateMachineUpdater.waitForCommit(StateMachineUpdater.java:207)
        at org.apache.ratis.server.impl.StateMachineUpdater.run(StateMachineUpdater.java:176)
        at java.lang.Thread.run(Thread.java:750)
"ContainerOp-1a3410dc-4fd6-4954-94c6-9015fb128463-9"  prio=5 tid=6209 in Object.wait()
java.lang.Thread.State: WAITING (on object monitor)
        at sun.misc.Unsafe.park(Native Method)
        at java.util.concurrent.locks.LockSupport.park(LockSupport.java:175)
        at java.util.concurrent.locks.AbstractQueuedSynchronizer$ConditionObject.await(AbstractQueuedSynchronizer.java:2039)
        at java.util.concurrent.LinkedBlockingQueue.take(LinkedBlockingQueue.java:442)
        at java.util.concurrent.ThreadPoolExecutor.getTask(ThreadPoolExecutor.java:1074)
        at java.util.concurrent.ThreadPoolExecutor.runWorker(ThreadPoolExecutor.java:1134)
        at java.util.concurrent.ThreadPoolExecutor$Worker.run(ThreadPoolExecutor.java:624)
        at java.lang.Thread.run(Thread.java:750)
"IPC Server listener on 0" daemon prio=5 tid=3748 runnable
java.lang.Thread.State: RUNNABLE
        at sun.nio.ch.EPollArrayWrapper.epollWait(Native Method)
        at sun.nio.ch.EPollArrayWrapper.poll(EPollArrayWrapper.java:269)
        at sun.nio.ch.EPollSelectorImpl.doSelect(EPollSelectorImpl.java:93)
        at sun.nio.ch.SelectorImpl.lockAndDoSelect(SelectorImpl.java:86)
        at sun.nio.ch.SelectorImpl.select(SelectorImpl.java:97)
        at sun.nio.ch.SelectorImpl.select(SelectorImpl.java:101)
        at org.apache.hadoop.ipc.Server$Listener.run(Server.java:1358)
"IPC Server handler 18 on default port 36781" daemon prio=5 tid=4633 timed_waiting
java.lang.Thread.State: TIMED_WAITING
        at sun.misc.Unsafe.park(Native Method)
        at java.util.concurrent.locks.LockSupport.parkNanos(LockSupport.java:215)
        at java.util.concurrent.locks.AbstractQueuedSynchronizer$ConditionObject.awaitNanos(AbstractQueuedSynchronizer.java:2078)
        at java.util.concurrent.LinkedBlockingQueue.poll(LinkedBlockingQueue.java:467)
        at org.apache.hadoop.ipc.CallQueueManager.take(CallQueueManager.java:317)
        at org.apache.hadoop.ipc.Server$Handler.run(Server.java:2942)
"BlockDeletingService#0" daemon prio=5 tid=5382 in Object.wait()
java.lang.Thread.State: WAITING (on object monitor)
        at sun.misc.Unsafe.park(Native Method)
        at java.util.concurrent.locks.LockSupport.park(LockSupport.java:175)
        at java.util.concurrent.locks.AbstractQueuedSynchronizer$ConditionObject.await(AbstractQueuedSynchronizer.java:2039)
        at java.util.concurrent.ScheduledThreadPoolExecutor$DelayedWorkQueue.take(ScheduledThreadPoolExecutor.java:1088)
        at java.util.concurrent.ScheduledThreadPoolExecutor$DelayedWorkQueue.take(ScheduledThreadPoolExecutor.java:809)
        at java.util.concurrent.ThreadPoolExecutor.getTask(ThreadPoolExecutor.java:1074)
        at java.util.concurrent.ThreadPoolExecutor.runWorker(ThreadPoolExecutor.java:1134)
        at java.util.concurrent.ThreadPoolExecutor$Worker.run(ThreadPoolExecutor.java:624)
        at java.lang.Thread.run(Thread.java:750)
"IPC Server handler 2 on default port 35863" daemon prio=5 tid=5884 timed_waiting
java.lang.Thread.State: TIMED_WAITING
        at sun.misc.Unsafe.park(Native Method)
        at java.util.concurrent.locks.LockSupport.parkNanos(LockSupport.java:215)
        at java.util.concurrent.locks.AbstractQueuedSynchronizer$ConditionObject.awaitNanos(AbstractQueuedSynchronizer.java:2078)
        at java.util.concurrent.LinkedBlockingQueue.poll(LinkedBlockingQueue.java:467)
        at org.apache.hadoop.ipc.CallQueueManager.take(CallQueueManager.java:317)
        at org.apache.hadoop.ipc.Server$Handler.run(Server.java:2942)
"EventQueue-NodeRegistrationContainerReportForContainerSafeModeRule" daemon prio=5 tid=5369 in Object.wait()
java.lang.Thread.State: WAITING (on object monitor)
        at sun.misc.Unsafe.park(Native Method)
        at java.util.concurrent.locks.LockSupport.park(LockSupport.java:175)
        at java.util.concurrent.locks.AbstractQueuedSynchronizer$ConditionObject.await(AbstractQueuedSynchronizer.java:2039)
        at java.util.concurrent.LinkedBlockingQueue.take(LinkedBlockingQueue.java:442)
        at java.util.concurrent.ThreadPoolExecutor.getTask(ThreadPoolExecutor.java:1074)
        at java.util.concurrent.ThreadPoolExecutor.runWorker(ThreadPoolExecutor.java:1134)
        at java.util.concurrent.ThreadPoolExecutor$Worker.run(ThreadPoolExecutor.java:624)
        at java.lang.Thread.run(Thread.java:750)
"qtp900396159-6351" daemon prio=5 tid=6351 timed_waiting
java.lang.Thread.State: TIMED_WAITING
        at sun.misc.Unsafe.park(Native Method)
        at java.util.concurrent.locks.LockSupport.parkNanos(LockSupport.java:215)
        at java.util.concurrent.locks.AbstractQueuedSynchronizer$ConditionObject.awaitNanos(AbstractQueuedSynchronizer.java:2078)
        at org.eclipse.jetty.util.BlockingArrayQueue.poll(BlockingArrayQueue.java:382)
        at org.eclipse.jetty.util.thread.QueuedThreadPool$Runner.idleJobPoll(QueuedThreadPool.java:974)
        at org.eclipse.jetty.util.thread.QueuedThreadPool$Runner.run(QueuedThreadPool.java:1018)
        at java.lang.Thread.run(Thread.java:750)
"BlockDeletingService#2" daemon prio=5 tid=5651 in Object.wait()
java.lang.Thread.State: WAITING (on object monitor)
        at sun.misc.Unsafe.park(Native Method)
        at java.util.concurrent.locks.LockSupport.park(LockSupport.java:175)
        at java.util.concurrent.locks.AbstractQueuedSynchronizer$ConditionObject.await(AbstractQueuedSynchronizer.java:2039)
        at java.util.concurrent.ScheduledThreadPoolExecutor$DelayedWorkQueue.take(ScheduledThreadPoolExecutor.java:1088)
        at java.util.concurrent.ScheduledThreadPoolExecutor$DelayedWorkQueue.take(ScheduledThreadPoolExecutor.java:809)
        at java.util.concurrent.ThreadPoolExecutor.getTask(ThreadPoolExecutor.java:1074)
        at java.util.concurrent.ThreadPoolExecutor.runWorker(ThreadPoolExecutor.java:1134)
        at java.util.concurrent.ThreadPoolExecutor$Worker.run(ThreadPoolExecutor.java:624)
        at java.lang.Thread.run(Thread.java:750)
"Datanode State Machine Daemon Thread" daemon prio=5 tid=4122 timed_waiting
java.lang.Thread.State: TIMED_WAITING
        at java.lang.Thread.sleep(Native Method)
        at org.apache.hadoop.ozone.container.common.statemachine.DatanodeStateMachine.startStateMachineThread(DatanodeStateMachine.java:313)
        at org.apache.hadoop.ozone.container.common.statemachine.DatanodeStateMachine.lambda$startDaemon$0(DatanodeStateMachine.java:493)
        at org.apache.hadoop.ozone.container.common.statemachine.DatanodeStateMachine$$Lambda$761/216690043.run(Unknown Source)
        at java.lang.Thread.run(Thread.java:750)
"IPC Server handler 0 on default port 46525" daemon prio=5 tid=3794 timed_waiting
java.lang.Thread.State: TIMED_WAITING
        at sun.misc.Unsafe.park(Native Method)
        at java.util.concurrent.locks.LockSupport.parkNanos(LockSupport.java:215)
        at java.util.concurrent.locks.AbstractQueuedSynchronizer$ConditionObject.awaitNanos(AbstractQueuedSynchronizer.java:2078)
        at java.util.concurrent.LinkedBlockingQueue.poll(LinkedBlockingQueue.java:467)
        at org.apache.hadoop.ipc.CallQueueManager.take(CallQueueManager.java:317)
        at org.apache.hadoop.ipc.Server$Handler.run(Server.java:2942)
"Datanode ReportManager Thread - 2" daemon prio=5 tid=3982 timed_waiting
java.lang.Thread.State: TIMED_WAITING
        at sun.misc.Unsafe.park(Native Method)
        at java.util.concurrent.locks.LockSupport.parkNanos(LockSupport.java:215)
        at java.util.concurrent.locks.AbstractQueuedSynchronizer$ConditionObject.awaitNanos(AbstractQueuedSynchronizer.java:2078)
        at java.util.concurrent.ScheduledThreadPoolExecutor$DelayedWorkQueue.take(ScheduledThreadPoolExecutor.java:1093)
        at java.util.concurrent.ScheduledThreadPoolExecutor$DelayedWorkQueue.take(ScheduledThreadPoolExecutor.java:809)
        at java.util.concurrent.ThreadPoolExecutor.getTask(ThreadPoolExecutor.java:1074)
        at java.util.concurrent.ThreadPoolExecutor.runWorker(ThreadPoolExecutor.java:1134)
        at java.util.concurrent.ThreadPoolExecutor$Worker.run(ThreadPoolExecutor.java:624)
        at java.lang.Thread.run(Thread.java:750)
"EventQueue-NodeRegistrationContainerReportForContainerSafeModeRule" daemon prio=5 tid=6868 in Object.wait()
java.lang.Thread.State: WAITING (on object monitor)
        at sun.misc.Unsafe.park(Native Method)
        at java.util.concurrent.locks.LockSupport.park(LockSupport.java:175)
        at java.util.concurrent.locks.AbstractQueuedSynchronizer$ConditionObject.await(AbstractQueuedSynchronizer.java:2039)
        at java.util.concurrent.LinkedBlockingQueue.take(LinkedBlockingQueue.java:442)
        at java.util.concurrent.ThreadPoolExecutor.getTask(ThreadPoolExecutor.java:1074)
        at java.util.concurrent.ThreadPoolExecutor.runWorker(ThreadPoolExecutor.java:1134)
        at java.util.concurrent.ThreadPoolExecutor$Worker.run(ThreadPoolExecutor.java:624)
        at java.lang.Thread.run(Thread.java:750)
"qtp204487169-6321" daemon prio=5 tid=6321 timed_waiting
java.lang.Thread.State: TIMED_WAITING
        at sun.misc.Unsafe.park(Native Method)
        at java.util.concurrent.locks.LockSupport.parkNanos(LockSupport.java:215)
        at java.util.concurrent.locks.AbstractQueuedSynchronizer$ConditionObject.awaitNanos(AbstractQueuedSynchronizer.java:2078)
        at org.eclipse.jetty.util.BlockingArrayQueue.poll(BlockingArrayQueue.java:382)
        at org.eclipse.jetty.util.thread.QueuedThreadPool$Runner.idleJobPoll(QueuedThreadPool.java:974)
        at org.eclipse.jetty.util.thread.QueuedThreadPool$Runner.run(QueuedThreadPool.java:1018)
        at java.lang.Thread.run(Thread.java:750)
"IPC Server handler 7 on default port 35863" daemon prio=5 tid=5889 timed_waiting
java.lang.Thread.State: TIMED_WAITING
        at sun.misc.Unsafe.park(Native Method)
        at java.util.concurrent.locks.LockSupport.parkNanos(LockSupport.java:215)
        at java.util.concurrent.locks.AbstractQueuedSynchronizer$ConditionObject.awaitNanos(AbstractQueuedSynchronizer.java:2078)
        at java.util.concurrent.LinkedBlockingQueue.poll(LinkedBlockingQueue.java:467)
        at org.apache.hadoop.ipc.CallQueueManager.take(CallQueueManager.java:317)
        at org.apache.hadoop.ipc.Server$Handler.run(Server.java:2942)
"StaleRecoveringContainerScrubbingService#2" daemon prio=5 tid=6975 in Object.wait()
java.lang.Thread.State: WAITING (on object monitor)
        at sun.misc.Unsafe.park(Native Method)
        at java.util.concurrent.locks.LockSupport.park(LockSupport.java:175)
        at java.util.concurrent.locks.AbstractQueuedSynchronizer$ConditionObject.await(AbstractQueuedSynchronizer.java:2039)
        at java.util.concurrent.ScheduledThreadPoolExecutor$DelayedWorkQueue.take(ScheduledThreadPoolExecutor.java:1088)
        at java.util.concurrent.ScheduledThreadPoolExecutor$DelayedWorkQueue.take(ScheduledThreadPoolExecutor.java:809)
        at java.util.concurrent.ThreadPoolExecutor.getTask(ThreadPoolExecutor.java:1074)
        at java.util.concurrent.ThreadPoolExecutor.runWorker(ThreadPoolExecutor.java:1134)
        at java.util.concurrent.ThreadPoolExecutor$Worker.run(ThreadPoolExecutor.java:624)
        at java.lang.Thread.run(Thread.java:750)
"EventQueue-NodeReportForNodeReportHandler" daemon prio=5 tid=5427 in Object.wait()
java.lang.Thread.State: WAITING (on object monitor)
        at sun.misc.Unsafe.park(Native Method)
        at java.util.concurrent.locks.LockSupport.park(LockSupport.java:175)
        at java.util.concurrent.locks.AbstractQueuedSynchronizer$ConditionObject.await(AbstractQueuedSynchronizer.java:2039)
        at java.util.concurrent.LinkedBlockingQueue.take(LinkedBlockingQueue.java:442)
        at java.util.concurrent.ThreadPoolExecutor.getTask(ThreadPoolExecutor.java:1074)
        at java.util.concurrent.ThreadPoolExecutor.runWorker(ThreadPoolExecutor.java:1134)
        at java.util.concurrent.ThreadPoolExecutor$Worker.run(ThreadPoolExecutor.java:624)
        at java.lang.Thread.run(Thread.java:750)
"7f555f3a-b754-420b-b6ea-bc4a43db69c9-impl-thread1"  prio=5 tid=6314 timed_waiting
java.lang.Thread.State: TIMED_WAITING
        at sun.misc.Unsafe.park(Native Method)
        at java.util.concurrent.locks.LockSupport.parkNanos(LockSupport.java:215)
        at java.util.concurrent.SynchronousQueue$TransferStack.awaitFulfill(SynchronousQueue.java:460)
        at java.util.concurrent.SynchronousQueue$TransferStack.transfer(SynchronousQueue.java:362)
        at java.util.concurrent.SynchronousQueue.poll(SynchronousQueue.java:941)
        at java.util.concurrent.ThreadPoolExecutor.getTask(ThreadPoolExecutor.java:1073)
        at java.util.concurrent.ThreadPoolExecutor.runWorker(ThreadPoolExecutor.java:1134)
        at java.util.concurrent.ThreadPoolExecutor$Worker.run(ThreadPoolExecutor.java:624)
        at java.lang.Thread.run(Thread.java:750)
"859fee52-0ce0-4420-ab82-e0e92b354dcb@group-9015FB128463-FollowerState" daemon prio=5 tid=4500 timed_waiting
java.lang.Thread.State: TIMED_WAITING
        at java.lang.Thread.sleep(Native Method)
        at java.lang.Thread.sleep(Thread.java:342)
        at java.util.concurrent.TimeUnit.sleep(TimeUnit.java:386)
        at org.apache.ratis.util.TimeDuration.sleep(TimeDuration.java:325)
        at org.apache.ratis.util.TimeDuration.sleep(TimeDuration.java:310)
        at org.apache.ratis.server.impl.FollowerState.run(FollowerState.java:128)
"abd8e8e1-9e09-4ec0-a897-8fd48f6e99a3-server-thread1" daemon prio=5 tid=6942 timed_waiting
java.lang.Thread.State: TIMED_WAITING
        at sun.misc.Unsafe.park(Native Method)
        at java.util.concurrent.locks.LockSupport.parkNanos(LockSupport.java:215)
        at java.util.concurrent.SynchronousQueue$TransferStack.awaitFulfill(SynchronousQueue.java:460)
        at java.util.concurrent.SynchronousQueue$TransferStack.transfer(SynchronousQueue.java:362)
        at java.util.concurrent.SynchronousQueue.poll(SynchronousQueue.java:941)
        at java.util.concurrent.ThreadPoolExecutor.getTask(ThreadPoolExecutor.java:1073)
        at java.util.concurrent.ThreadPoolExecutor.runWorker(ThreadPoolExecutor.java:1134)
        at java.util.concurrent.ThreadPoolExecutor$Worker.run(ThreadPoolExecutor.java:624)
        at java.lang.Thread.run(Thread.java:750)
"ChunkWriter-0-0" daemon prio=5 tid=6505 in Object.wait()
java.lang.Thread.State: WAITING (on object monitor)
        at sun.misc.Unsafe.park(Native Method)
        at java.util.concurrent.locks.LockSupport.park(LockSupport.java:175)
        at java.util.concurrent.locks.AbstractQueuedSynchronizer$ConditionObject.await(AbstractQueuedSynchronizer.java:2039)
        at java.util.concurrent.LinkedBlockingDeque.takeFirst(LinkedBlockingDeque.java:492)
        at java.util.concurrent.LinkedBlockingDeque.take(LinkedBlockingDeque.java:680)
        at java.util.concurrent.ThreadPoolExecutor.getTask(ThreadPoolExecutor.java:1074)
        at java.util.concurrent.ThreadPoolExecutor.runWorker(ThreadPoolExecutor.java:1134)
        at java.util.concurrent.ThreadPoolExecutor$Worker.run(ThreadPoolExecutor.java:624)
        at java.lang.Thread.run(Thread.java:750)
"IPC Server handler 14 on default port 35375" daemon prio=5 tid=4890 timed_waiting
java.lang.Thread.State: TIMED_WAITING
        at sun.misc.Unsafe.park(Native Method)
        at java.util.concurrent.locks.LockSupport.parkNanos(LockSupport.java:215)
        at java.util.concurrent.locks.AbstractQueuedSynchronizer$ConditionObject.awaitNanos(AbstractQueuedSynchronizer.java:2078)
        at java.util.concurrent.LinkedBlockingQueue.poll(LinkedBlockingQueue.java:467)
        at org.apache.hadoop.ipc.CallQueueManager.take(CallQueueManager.java:317)
        at org.apache.hadoop.ipc.Server$Handler.run(Server.java:2942)
"StaleRecoveringContainerScrubbingService#2" daemon prio=5 tid=6973 in Object.wait()
java.lang.Thread.State: WAITING (on object monitor)
        at sun.misc.Unsafe.park(Native Method)
        at java.util.concurrent.locks.LockSupport.park(LockSupport.java:175)
        at java.util.concurrent.locks.AbstractQueuedSynchronizer$ConditionObject.await(AbstractQueuedSynchronizer.java:2039)
        at java.util.concurrent.ScheduledThreadPoolExecutor$DelayedWorkQueue.take(ScheduledThreadPoolExecutor.java:1088)
        at java.util.concurrent.ScheduledThreadPoolExecutor$DelayedWorkQueue.take(ScheduledThreadPoolExecutor.java:809)
        at java.util.concurrent.ThreadPoolExecutor.getTask(ThreadPoolExecutor.java:1074)
        at java.util.concurrent.ThreadPoolExecutor.runWorker(ThreadPoolExecutor.java:1134)
        at java.util.concurrent.ThreadPoolExecutor$Worker.run(ThreadPoolExecutor.java:624)
        at java.lang.Thread.run(Thread.java:750)
"pool-3756-thread-1"  prio=5 tid=6674 in Object.wait()
java.lang.Thread.State: WAITING (on object monitor)
        at sun.misc.Unsafe.park(Native Method)
        at java.util.concurrent.locks.LockSupport.park(LockSupport.java:175)
        at java.util.concurrent.locks.AbstractQueuedSynchronizer$ConditionObject.await(AbstractQueuedSynchronizer.java:2039)
        at java.util.concurrent.LinkedBlockingQueue.take(LinkedBlockingQueue.java:442)
        at java.util.concurrent.ThreadPoolExecutor.getTask(ThreadPoolExecutor.java:1074)
        at java.util.concurrent.ThreadPoolExecutor.runWorker(ThreadPoolExecutor.java:1134)
        at java.util.concurrent.ThreadPoolExecutor$Worker.run(ThreadPoolExecutor.java:624)
        at java.lang.Thread.run(Thread.java:750)
"BlockDeletingService#2" daemon prio=5 tid=5656 in Object.wait()
java.lang.Thread.State: WAITING (on object monitor)
        at sun.misc.Unsafe.park(Native Method)
        at java.util.concurrent.locks.LockSupport.park(LockSupport.java:175)
        at java.util.concurrent.locks.AbstractQueuedSynchronizer$ConditionObject.await(AbstractQueuedSynchronizer.java:2039)
        at java.util.concurrent.ScheduledThreadPoolExecutor$DelayedWorkQueue.take(ScheduledThreadPoolExecutor.java:1088)
        at java.util.concurrent.ScheduledThreadPoolExecutor$DelayedWorkQueue.take(ScheduledThreadPoolExecutor.java:809)
        at java.util.concurrent.ThreadPoolExecutor.getTask(ThreadPoolExecutor.java:1074)
        at java.util.concurrent.ThreadPoolExecutor.runWorker(ThreadPoolExecutor.java:1134)
        at java.util.concurrent.ThreadPoolExecutor$Worker.run(ThreadPoolExecutor.java:624)
        at java.lang.Thread.run(Thread.java:750)
"Session-HouseKeeper-182408d6-1"  prio=5 tid=5321 timed_waiting
java.lang.Thread.State: TIMED_WAITING
        at sun.misc.Unsafe.park(Native Method)
        at java.util.concurrent.locks.LockSupport.parkNanos(LockSupport.java:215)
        at java.util.concurrent.locks.AbstractQueuedSynchronizer$ConditionObject.awaitNanos(AbstractQueuedSynchronizer.java:2078)
        at java.util.concurrent.ScheduledThreadPoolExecutor$DelayedWorkQueue.take(ScheduledThreadPoolExecutor.java:1093)
        at java.util.concurrent.ScheduledThreadPoolExecutor$DelayedWorkQueue.take(ScheduledThreadPoolExecutor.java:809)
        at java.util.concurrent.ThreadPoolExecutor.getTask(ThreadPoolExecutor.java:1074)
        at java.util.concurrent.ThreadPoolExecutor.runWorker(ThreadPoolExecutor.java:1134)
        at java.util.concurrent.ThreadPoolExecutor$Worker.run(ThreadPoolExecutor.java:624)
        at java.lang.Thread.run(Thread.java:750)
"PartialTableCache Cleanup Thread - 0" daemon prio=5 tid=5802 in Object.wait()
java.lang.Thread.State: WAITING (on object monitor)
        at sun.misc.Unsafe.park(Native Method)
        at java.util.concurrent.locks.LockSupport.park(LockSupport.java:175)
        at java.util.concurrent.locks.AbstractQueuedSynchronizer$ConditionObject.await(AbstractQueuedSynchronizer.java:2039)
        at java.util.concurrent.LinkedBlockingQueue.take(LinkedBlockingQueue.java:442)
        at java.util.concurrent.ThreadPoolExecutor.getTask(ThreadPoolExecutor.java:1074)
        at java.util.concurrent.ThreadPoolExecutor.runWorker(ThreadPoolExecutor.java:1134)
        at java.util.concurrent.ThreadPoolExecutor$Worker.run(ThreadPoolExecutor.java:624)
        at java.lang.Thread.run(Thread.java:750)
"Periodic HDDS volume checker" daemon prio=5 tid=6414 timed_waiting
java.lang.Thread.State: TIMED_WAITING
        at sun.misc.Unsafe.park(Native Method)
        at java.util.concurrent.locks.LockSupport.parkNanos(LockSupport.java:215)
        at java.util.concurrent.locks.AbstractQueuedSynchronizer$ConditionObject.awaitNanos(AbstractQueuedSynchronizer.java:2078)
        at java.util.concurrent.ScheduledThreadPoolExecutor$DelayedWorkQueue.take(ScheduledThreadPoolExecutor.java:1093)
        at java.util.concurrent.ScheduledThreadPoolExecutor$DelayedWorkQueue.take(ScheduledThreadPoolExecutor.java:809)
        at java.util.concurrent.ThreadPoolExecutor.getTask(ThreadPoolExecutor.java:1074)
        at java.util.concurrent.ThreadPoolExecutor.runWorker(ThreadPoolExecutor.java:1134)
        at java.util.concurrent.ThreadPoolExecutor$Worker.run(ThreadPoolExecutor.java:624)
        at java.lang.Thread.run(Thread.java:750)
"qtp342316938-6174" daemon prio=5 tid=6174 timed_waiting
java.lang.Thread.State: TIMED_WAITING
        at sun.misc.Unsafe.park(Native Method)
        at java.util.concurrent.locks.LockSupport.parkNanos(LockSupport.java:215)
        at java.util.concurrent.locks.AbstractQueuedSynchronizer$ConditionObject.awaitNanos(AbstractQueuedSynchronizer.java:2078)
        at org.eclipse.jetty.util.BlockingArrayQueue.poll(BlockingArrayQueue.java:382)
        at org.eclipse.jetty.util.thread.QueuedThreadPool$Runner.idleJobPoll(QueuedThreadPool.java:974)
        at org.eclipse.jetty.util.thread.QueuedThreadPool$Runner.run(QueuedThreadPool.java:1018)
        at java.lang.Thread.run(Thread.java:750)
"Session-HouseKeeper-1aa6e549-1"  prio=5 tid=6267 timed_waiting
java.lang.Thread.State: TIMED_WAITING
        at sun.misc.Unsafe.park(Native Method)
        at java.util.concurrent.locks.LockSupport.parkNanos(LockSupport.java:215)
        at java.util.concurrent.locks.AbstractQueuedSynchronizer$ConditionObject.awaitNanos(AbstractQueuedSynchronizer.java:2078)
        at java.util.concurrent.ScheduledThreadPoolExecutor$DelayedWorkQueue.take(ScheduledThreadPoolExecutor.java:1093)
        at java.util.concurrent.ScheduledThreadPoolExecutor$DelayedWorkQueue.take(ScheduledThreadPoolExecutor.java:809)
        at java.util.concurrent.ThreadPoolExecutor.getTask(ThreadPoolExecutor.java:1074)
        at java.util.concurrent.ThreadPoolExecutor.runWorker(ThreadPoolExecutor.java:1134)
        at java.util.concurrent.ThreadPoolExecutor$Worker.run(ThreadPoolExecutor.java:624)
        at java.lang.Thread.run(Thread.java:750)
"Over Replicated Processor" daemon prio=5 tid=4539 timed_waiting
java.lang.Thread.State: TIMED_WAITING
        at java.lang.Object.wait(Native Method)
        at org.apache.hadoop.hdds.scm.container.replication.OverReplicatedProcessor.run(OverReplicatedProcessor.java:131)
        at java.lang.Thread.run(Thread.java:750)
"BlockDeletingService#1" daemon prio=5 tid=5401 timed_waiting
java.lang.Thread.State: TIMED_WAITING
        at sun.misc.Unsafe.park(Native Method)
        at java.util.concurrent.locks.LockSupport.parkNanos(LockSupport.java:215)
        at java.util.concurrent.locks.AbstractQueuedSynchronizer$ConditionObject.awaitNanos(AbstractQueuedSynchronizer.java:2078)
        at java.util.concurrent.ScheduledThreadPoolExecutor$DelayedWorkQueue.take(ScheduledThreadPoolExecutor.java:1093)
        at java.util.concurrent.ScheduledThreadPoolExecutor$DelayedWorkQueue.take(ScheduledThreadPoolExecutor.java:809)
        at java.util.concurrent.ThreadPoolExecutor.getTask(ThreadPoolExecutor.java:1074)
        at java.util.concurrent.ThreadPoolExecutor.runWorker(ThreadPoolExecutor.java:1134)
        at java.util.concurrent.ThreadPoolExecutor$Worker.run(ThreadPoolExecutor.java:624)
        at java.lang.Thread.run(Thread.java:750)
"qtp1469368322-3944" daemon prio=5 tid=3944 timed_waiting
java.lang.Thread.State: TIMED_WAITING
        at sun.misc.Unsafe.park(Native Method)
        at java.util.concurrent.locks.LockSupport.parkNanos(LockSupport.java:215)
        at java.util.concurrent.locks.AbstractQueuedSynchronizer$ConditionObject.awaitNanos(AbstractQueuedSynchronizer.java:2078)
        at org.eclipse.jetty.util.BlockingArrayQueue.poll(BlockingArrayQueue.java:382)
        at org.eclipse.jetty.util.thread.QueuedThreadPool$Runner.idleJobPoll(QueuedThreadPool.java:974)
        at org.eclipse.jetty.util.thread.QueuedThreadPool$Runner.run(QueuedThreadPool.java:1018)
        at java.lang.Thread.run(Thread.java:750)
"Session-HouseKeeper-3dfce997-1"  prio=5 tid=6325 timed_waiting
java.lang.Thread.State: TIMED_WAITING
        at sun.misc.Unsafe.park(Native Method)
        at java.util.concurrent.locks.LockSupport.parkNanos(LockSupport.java:215)
        at java.util.concurrent.locks.AbstractQueuedSynchronizer$ConditionObject.awaitNanos(AbstractQueuedSynchronizer.java:2078)
        at java.util.concurrent.ScheduledThreadPoolExecutor$DelayedWorkQueue.take(ScheduledThreadPoolExecutor.java:1093)
        at java.util.concurrent.ScheduledThreadPoolExecutor$DelayedWorkQueue.take(ScheduledThreadPoolExecutor.java:809)
        at java.util.concurrent.ThreadPoolExecutor.getTask(ThreadPoolExecutor.java:1074)
        at java.util.concurrent.ThreadPoolExecutor.runWorker(ThreadPoolExecutor.java:1134)
        at java.util.concurrent.ThreadPoolExecutor$Worker.run(ThreadPoolExecutor.java:624)
        at java.lang.Thread.run(Thread.java:750)
"qtp1706216417-4857" daemon prio=5 tid=4857 runnable
java.lang.Thread.State: RUNNABLE
        at sun.nio.ch.EPollArrayWrapper.epollWait(Native Method)
        at sun.nio.ch.EPollArrayWrapper.poll(EPollArrayWrapper.java:269)
        at sun.nio.ch.EPollSelectorImpl.doSelect(EPollSelectorImpl.java:93)
        at sun.nio.ch.SelectorImpl.lockAndDoSelect(SelectorImpl.java:86)
        at sun.nio.ch.SelectorImpl.select(SelectorImpl.java:97)
        at sun.nio.ch.SelectorImpl.select(SelectorImpl.java:101)
        at org.eclipse.jetty.io.ManagedSelector.nioSelect(ManagedSelector.java:183)
        at org.eclipse.jetty.io.ManagedSelector.select(ManagedSelector.java:190)
        at org.eclipse.jetty.io.ManagedSelector$SelectorProducer.select(ManagedSelector.java:606)
        at org.eclipse.jetty.io.ManagedSelector$SelectorProducer.produce(ManagedSelector.java:543)
        at org.eclipse.jetty.util.thread.strategy.EatWhatYouKill.produceTask(EatWhatYouKill.java:362)
        at org.eclipse.jetty.util.thread.strategy.EatWhatYouKill.doProduce(EatWhatYouKill.java:186)
        at org.eclipse.jetty.util.thread.strategy.EatWhatYouKill.tryProduce(EatWhatYouKill.java:173)
        at org.eclipse.jetty.util.thread.strategy.EatWhatYouKill.produce(EatWhatYouKill.java:137)
        at org.eclipse.jetty.io.ManagedSelector$$Lambda$478/1665851504.run(Unknown Source)
        at org.eclipse.jetty.util.thread.QueuedThreadPool.runJob(QueuedThreadPool.java:883)
        at org.eclipse.jetty.util.thread.QueuedThreadPool$Runner.run(QueuedThreadPool.java:1034)
        at java.lang.Thread.run(Thread.java:750)
"org.apache.hadoop.ozone.container.common.statemachine.commandhandler.DeleteBlocksCommandHandler$DeleteCmdWorker@6e7c87ad" daemon prio=5 tid=5311 timed_waiting
java.lang.Thread.State: TIMED_WAITING
        at java.lang.Thread.sleep(Native Method)
        at org.apache.hadoop.ozone.container.common.statemachine.commandhandler.DeleteBlocksCommandHandler$DeleteCmdWorker.run(DeleteBlocksCommandHandler.java:183)
        at java.lang.Thread.run(Thread.java:750)
"IPC Server handler 14 on default port 35421" daemon prio=5 tid=4589 timed_waiting
java.lang.Thread.State: TIMED_WAITING
        at sun.misc.Unsafe.park(Native Method)
        at java.util.concurrent.locks.LockSupport.parkNanos(LockSupport.java:215)
        at java.util.concurrent.locks.AbstractQueuedSynchronizer$ConditionObject.awaitNanos(AbstractQueuedSynchronizer.java:2078)
        at java.util.concurrent.LinkedBlockingQueue.poll(LinkedBlockingQueue.java:467)
        at org.apache.hadoop.ipc.CallQueueManager.take(CallQueueManager.java:317)
        at org.apache.hadoop.ipc.Server$Handler.run(Server.java:2942)
"ec-reconstruct-reader-TID-2"  prio=5 tid=5756 in Object.wait()
java.lang.Thread.State: WAITING (on object monitor)
        at sun.misc.Unsafe.park(Native Method)
        at java.util.concurrent.locks.LockSupport.park(LockSupport.java:175)
        at java.util.concurrent.SynchronousQueue$TransferStack.awaitFulfill(SynchronousQueue.java:458)
        at java.util.concurrent.SynchronousQueue$TransferStack.transfer(SynchronousQueue.java:362)
        at java.util.concurrent.SynchronousQueue.take(SynchronousQueue.java:924)
        at java.util.concurrent.ThreadPoolExecutor.getTask(ThreadPoolExecutor.java:1074)
        at java.util.concurrent.ThreadPoolExecutor.runWorker(ThreadPoolExecutor.java:1134)
        at java.util.concurrent.ThreadPoolExecutor$Worker.run(ThreadPoolExecutor.java:624)
        at java.lang.Thread.run(Thread.java:750)
"grpc-default-executor-7" daemon prio=5 tid=2940 timed_waiting
java.lang.Thread.State: TIMED_WAITING
        at sun.misc.Unsafe.park(Native Method)
        at java.util.concurrent.locks.LockSupport.parkNanos(LockSupport.java:215)
        at java.util.concurrent.SynchronousQueue$TransferStack.awaitFulfill(SynchronousQueue.java:460)
        at java.util.concurrent.SynchronousQueue$TransferStack.transfer(SynchronousQueue.java:362)
        at java.util.concurrent.SynchronousQueue.poll(SynchronousQueue.java:941)
        at java.util.concurrent.ThreadPoolExecutor.getTask(ThreadPoolExecutor.java:1073)
        at java.util.concurrent.ThreadPoolExecutor.runWorker(ThreadPoolExecutor.java:1134)
        at java.util.concurrent.ThreadPoolExecutor$Worker.run(ThreadPoolExecutor.java:624)
        at java.lang.Thread.run(Thread.java:750)
"IPC Server handler 2 on default port 40471" daemon prio=5 tid=6793 timed_waiting
java.lang.Thread.State: TIMED_WAITING
        at sun.misc.Unsafe.park(Native Method)
        at java.util.concurrent.locks.LockSupport.parkNanos(LockSupport.java:215)
        at java.util.concurrent.locks.AbstractQueuedSynchronizer$ConditionObject.awaitNanos(AbstractQueuedSynchronizer.java:2078)
        at java.util.concurrent.LinkedBlockingQueue.poll(LinkedBlockingQueue.java:467)
        at org.apache.hadoop.ipc.CallQueueManager.take(CallQueueManager.java:317)
        at org.apache.hadoop.ipc.Server$Handler.run(Server.java:2942)
"0e59cd28-e34a-4544-a63c-9bf8db58f2a0@group-AB5A1656456D-SegmentedRaftLogWorker"  prio=5 tid=4280 timed_waiting
java.lang.Thread.State: TIMED_WAITING
        at sun.misc.Unsafe.park(Native Method)
        at java.util.concurrent.locks.LockSupport.parkNanos(LockSupport.java:215)
        at java.util.concurrent.locks.AbstractQueuedSynchronizer$ConditionObject.awaitNanos(AbstractQueuedSynchronizer.java:2078)
        at org.apache.ratis.util.DataBlockingQueue.poll(DataBlockingQueue.java:148)
        at org.apache.ratis.server.raftlog.segmented.SegmentedRaftLogWorker.run(SegmentedRaftLogWorker.java:301)
        at org.apache.ratis.server.raftlog.segmented.SegmentedRaftLogWorker$$Lambda$646/1639153477.run(Unknown Source)
        at java.lang.Thread.run(Thread.java:750)
"qtp665541217-4958" daemon prio=5 tid=4958 timed_waiting
java.lang.Thread.State: TIMED_WAITING
        at sun.misc.Unsafe.park(Native Method)
        at java.util.concurrent.locks.LockSupport.parkNanos(LockSupport.java:215)
        at java.util.concurrent.locks.AbstractQueuedSynchronizer$ConditionObject.awaitNanos(AbstractQueuedSynchronizer.java:2078)
        at org.eclipse.jetty.util.BlockingArrayQueue.poll(BlockingArrayQueue.java:382)
        at org.eclipse.jetty.util.thread.QueuedThreadPool$Runner.idleJobPoll(QueuedThreadPool.java:974)
        at org.eclipse.jetty.util.thread.QueuedThreadPool$Runner.run(QueuedThreadPool.java:1018)
        at java.lang.Thread.run(Thread.java:750)
"qtp2096450185-5313" daemon prio=5 tid=5313 runnable
java.lang.Thread.State: RUNNABLE
        at sun.nio.ch.EPollArrayWrapper.epollWait(Native Method)
        at sun.nio.ch.EPollArrayWrapper.poll(EPollArrayWrapper.java:269)
        at sun.nio.ch.EPollSelectorImpl.doSelect(EPollSelectorImpl.java:93)
        at sun.nio.ch.SelectorImpl.lockAndDoSelect(SelectorImpl.java:86)
        at sun.nio.ch.SelectorImpl.select(SelectorImpl.java:97)
        at sun.nio.ch.SelectorImpl.select(SelectorImpl.java:101)
        at org.eclipse.jetty.io.ManagedSelector.nioSelect(ManagedSelector.java:183)
        at org.eclipse.jetty.io.ManagedSelector.select(ManagedSelector.java:190)
        at org.eclipse.jetty.io.ManagedSelector$SelectorProducer.select(ManagedSelector.java:606)
        at org.eclipse.jetty.io.ManagedSelector$SelectorProducer.produce(ManagedSelector.java:543)
        at org.eclipse.jetty.util.thread.strategy.EatWhatYouKill.produceTask(EatWhatYouKill.java:362)
        at org.eclipse.jetty.util.thread.strategy.EatWhatYouKill.doProduce(EatWhatYouKill.java:186)
        at org.eclipse.jetty.util.thread.strategy.EatWhatYouKill.tryProduce(EatWhatYouKill.java:173)
        at org.eclipse.jetty.util.thread.strategy.EatWhatYouKill.produce(EatWhatYouKill.java:137)
        at org.eclipse.jetty.io.ManagedSelector$$Lambda$478/1665851504.run(Unknown Source)
        at org.eclipse.jetty.util.thread.QueuedThreadPool.runJob(QueuedThreadPool.java:883)
        at org.eclipse.jetty.util.thread.QueuedThreadPool$Runner.run(QueuedThreadPool.java:1034)
        at java.lang.Thread.run(Thread.java:750)
"pool-2141-thread-1"  prio=5 tid=3779 timed_waiting
java.lang.Thread.State: TIMED_WAITING
        at sun.misc.Unsafe.park(Native Method)
        at java.util.concurrent.locks.LockSupport.parkNanos(LockSupport.java:215)
        at java.util.concurrent.locks.AbstractQueuedSynchronizer$ConditionObject.awaitNanos(AbstractQueuedSynchronizer.java:2078)
        at java.util.concurrent.ScheduledThreadPoolExecutor$DelayedWorkQueue.take(ScheduledThreadPoolExecutor.java:1093)
        at java.util.concurrent.ScheduledThreadPoolExecutor$DelayedWorkQueue.take(ScheduledThreadPoolExecutor.java:809)
        at java.util.concurrent.ThreadPoolExecutor.getTask(ThreadPoolExecutor.java:1074)
        at java.util.concurrent.ThreadPoolExecutor.runWorker(ThreadPoolExecutor.java:1134)
        at java.util.concurrent.ThreadPoolExecutor$Worker.run(ThreadPoolExecutor.java:624)
        at java.lang.Thread.run(Thread.java:750)
"Periodic HDDS volume checker" daemon prio=5 tid=6336 timed_waiting
java.lang.Thread.State: TIMED_WAITING
        at sun.misc.Unsafe.park(Native Method)
        at java.util.concurrent.locks.LockSupport.parkNanos(LockSupport.java:215)
        at java.util.concurrent.locks.AbstractQueuedSynchronizer$ConditionObject.awaitNanos(AbstractQueuedSynchronizer.java:2078)
        at java.util.concurrent.ScheduledThreadPoolExecutor$DelayedWorkQueue.take(ScheduledThreadPoolExecutor.java:1093)
        at java.util.concurrent.ScheduledThreadPoolExecutor$DelayedWorkQueue.take(ScheduledThreadPoolExecutor.java:809)
        at java.util.concurrent.ThreadPoolExecutor.getTask(ThreadPoolExecutor.java:1074)
        at java.util.concurrent.ThreadPoolExecutor.runWorker(ThreadPoolExecutor.java:1134)
        at java.util.concurrent.ThreadPoolExecutor$Worker.run(ThreadPoolExecutor.java:624)
        at java.lang.Thread.run(Thread.java:750)
"IPC Server listener on 0" daemon prio=5 tid=4826 runnable
java.lang.Thread.State: RUNNABLE
        at sun.nio.ch.EPollArrayWrapper.epollWait(Native Method)
        at sun.nio.ch.EPollArrayWrapper.poll(EPollArrayWrapper.java:269)
        at sun.nio.ch.EPollSelectorImpl.doSelect(EPollSelectorImpl.java:93)
        at sun.nio.ch.SelectorImpl.lockAndDoSelect(SelectorImpl.java:86)
        at sun.nio.ch.SelectorImpl.select(SelectorImpl.java:97)
        at sun.nio.ch.SelectorImpl.select(SelectorImpl.java:101)
        at org.apache.hadoop.ipc.Server$Listener.run(Server.java:1358)
"IPC Server handler 11 on default port 46525" daemon prio=5 tid=3805 timed_waiting
java.lang.Thread.State: TIMED_WAITING
        at sun.misc.Unsafe.park(Native Method)
        at java.util.concurrent.locks.LockSupport.parkNanos(LockSupport.java:215)
        at java.util.concurrent.locks.AbstractQueuedSynchronizer$ConditionObject.awaitNanos(AbstractQueuedSynchronizer.java:2078)
        at java.util.concurrent.LinkedBlockingQueue.poll(LinkedBlockingQueue.java:467)
        at org.apache.hadoop.ipc.CallQueueManager.take(CallQueueManager.java:317)
        at org.apache.hadoop.ipc.Server$Handler.run(Server.java:2942)
"qtp595932500-4034" daemon prio=5 tid=4034 timed_waiting
java.lang.Thread.State: TIMED_WAITING
        at sun.misc.Unsafe.park(Native Method)
        at java.util.concurrent.locks.LockSupport.parkNanos(LockSupport.java:215)
        at java.util.concurrent.locks.AbstractQueuedSynchronizer$ConditionObject.awaitNanos(AbstractQueuedSynchronizer.java:2078)
        at org.eclipse.jetty.util.BlockingArrayQueue.poll(BlockingArrayQueue.java:382)
        at org.eclipse.jetty.util.thread.QueuedThreadPool$Runner.idleJobPoll(QueuedThreadPool.java:974)
        at org.eclipse.jetty.util.thread.QueuedThreadPool$Runner.run(QueuedThreadPool.java:1018)
        at java.lang.Thread.run(Thread.java:750)
"ChunkReader-ELG-0" daemon prio=5 tid=6522 runnable
java.lang.Thread.State: RUNNABLE
        at org.apache.ratis.thirdparty.io.netty.channel.epoll.Native.epollWait(Native Method)
        at org.apache.ratis.thirdparty.io.netty.channel.epoll.Native.epollWait(Native.java:193)
        at org.apache.ratis.thirdparty.io.netty.channel.epoll.Native.epollWait(Native.java:186)
        at org.apache.ratis.thirdparty.io.netty.channel.epoll.EpollEventLoop.epollWaitNoTimerChange(EpollEventLoop.java:290)
        at org.apache.ratis.thirdparty.io.netty.channel.epoll.EpollEventLoop.run(EpollEventLoop.java:347)
        at org.apache.ratis.thirdparty.io.netty.util.concurrent.SingleThreadEventExecutor$4.run(SingleThreadEventExecutor.java:986)
        at org.apache.ratis.thirdparty.io.netty.util.internal.ThreadExecutorMap$2.run(ThreadExecutorMap.java:74)
        at java.lang.Thread.run(Thread.java:750)
"StaleRecoveringContainerScrubbingService#1" daemon prio=5 tid=6465 in Object.wait()
java.lang.Thread.State: WAITING (on object monitor)
        at sun.misc.Unsafe.park(Native Method)
        at java.util.concurrent.locks.LockSupport.park(LockSupport.java:175)
        at java.util.concurrent.locks.AbstractQueuedSynchronizer$ConditionObject.await(AbstractQueuedSynchronizer.java:2039)
        at java.util.concurrent.ScheduledThreadPoolExecutor$DelayedWorkQueue.take(ScheduledThreadPoolExecutor.java:1088)
        at java.util.concurrent.ScheduledThreadPoolExecutor$DelayedWorkQueue.take(ScheduledThreadPoolExecutor.java:809)
        at java.util.concurrent.ThreadPoolExecutor.getTask(ThreadPoolExecutor.java:1074)
        at java.util.concurrent.ThreadPoolExecutor.runWorker(ThreadPoolExecutor.java:1134)
        at java.util.concurrent.ThreadPoolExecutor$Worker.run(ThreadPoolExecutor.java:624)
        at java.lang.Thread.run(Thread.java:750)
"IPC Server handler 10 on default port 36781" daemon prio=5 tid=4625 timed_waiting
java.lang.Thread.State: TIMED_WAITING
        at sun.misc.Unsafe.park(Native Method)
        at java.util.concurrent.locks.LockSupport.parkNanos(LockSupport.java:215)
        at java.util.concurrent.locks.AbstractQueuedSynchronizer$ConditionObject.awaitNanos(AbstractQueuedSynchronizer.java:2078)
        at java.util.concurrent.LinkedBlockingQueue.poll(LinkedBlockingQueue.java:467)
        at org.apache.hadoop.ipc.CallQueueManager.take(CallQueueManager.java:317)
        at org.apache.hadoop.ipc.Server$Handler.run(Server.java:2942)
"FullTableCache Cleanup Thread - 0" daemon prio=5 tid=3470 in Object.wait()
java.lang.Thread.State: WAITING (on object monitor)
        at sun.misc.Unsafe.park(Native Method)
        at java.util.concurrent.locks.LockSupport.park(LockSupport.java:175)
        at java.util.concurrent.locks.AbstractQueuedSynchronizer$ConditionObject.await(AbstractQueuedSynchronizer.java:2039)
        at java.util.concurrent.LinkedBlockingQueue.take(LinkedBlockingQueue.java:442)
        at java.util.concurrent.ThreadPoolExecutor.getTask(ThreadPoolExecutor.java:1074)
        at java.util.concurrent.ThreadPoolExecutor.runWorker(ThreadPoolExecutor.java:1134)
        at java.util.concurrent.ThreadPoolExecutor$Worker.run(ThreadPoolExecutor.java:624)
        at java.lang.Thread.run(Thread.java:750)
"Datanode ReportManager Thread - 4" daemon prio=5 tid=6359 in Object.wait()
java.lang.Thread.State: WAITING (on object monitor)
        at sun.misc.Unsafe.park(Native Method)
        at java.util.concurrent.locks.LockSupport.park(LockSupport.java:175)
        at java.util.concurrent.locks.AbstractQueuedSynchronizer$ConditionObject.await(AbstractQueuedSynchronizer.java:2039)
        at java.util.concurrent.ScheduledThreadPoolExecutor$DelayedWorkQueue.take(ScheduledThreadPoolExecutor.java:1088)
        at java.util.concurrent.ScheduledThreadPoolExecutor$DelayedWorkQueue.take(ScheduledThreadPoolExecutor.java:809)
        at java.util.concurrent.ThreadPoolExecutor.getTask(ThreadPoolExecutor.java:1074)
        at java.util.concurrent.ThreadPoolExecutor.runWorker(ThreadPoolExecutor.java:1134)
        at java.util.concurrent.ThreadPoolExecutor$Worker.run(ThreadPoolExecutor.java:624)
        at java.lang.Thread.run(Thread.java:750)
"IPC Server handler 11 on default port 40173" daemon prio=5 tid=6119 timed_waiting
java.lang.Thread.State: TIMED_WAITING
        at sun.misc.Unsafe.park(Native Method)
        at java.util.concurrent.locks.LockSupport.parkNanos(LockSupport.java:215)
        at java.util.concurrent.locks.AbstractQueuedSynchronizer$ConditionObject.awaitNanos(AbstractQueuedSynchronizer.java:2078)
        at java.util.concurrent.LinkedBlockingQueue.poll(LinkedBlockingQueue.java:467)
        at org.apache.hadoop.ipc.CallQueueManager.take(CallQueueManager.java:317)
        at org.apache.hadoop.ipc.Server$Handler.run(Server.java:2942)
"Datanode State Machine Daemon Thread" daemon prio=5 tid=3949 timed_waiting
java.lang.Thread.State: TIMED_WAITING
        at java.lang.Thread.sleep(Native Method)
        at org.apache.hadoop.ozone.container.common.statemachine.DatanodeStateMachine.startStateMachineThread(DatanodeStateMachine.java:313)
        at org.apache.hadoop.ozone.container.common.statemachine.DatanodeStateMachine.lambda$startDaemon$0(DatanodeStateMachine.java:493)
        at org.apache.hadoop.ozone.container.common.statemachine.DatanodeStateMachine$$Lambda$761/216690043.run(Unknown Source)
        at java.lang.Thread.run(Thread.java:750)
"qtp1325558990-5912" daemon prio=5 tid=5912 timed_waiting
java.lang.Thread.State: TIMED_WAITING
        at sun.misc.Unsafe.park(Native Method)
        at java.util.concurrent.locks.LockSupport.parkNanos(LockSupport.java:215)
        at java.util.concurrent.locks.AbstractQueuedSynchronizer$ConditionObject.awaitNanos(AbstractQueuedSynchronizer.java:2078)
        at org.eclipse.jetty.util.BlockingArrayQueue.poll(BlockingArrayQueue.java:382)
        at org.eclipse.jetty.util.thread.QueuedThreadPool$Runner.idleJobPoll(QueuedThreadPool.java:974)
        at org.eclipse.jetty.util.thread.QueuedThreadPool$Runner.run(QueuedThreadPool.java:1018)
        at java.lang.Thread.run(Thread.java:750)
"StaleRecoveringContainerScrubbingService#1" daemon prio=5 tid=5415 timed_waiting
java.lang.Thread.State: TIMED_WAITING
        at sun.misc.Unsafe.park(Native Method)
        at java.util.concurrent.locks.LockSupport.parkNanos(LockSupport.java:215)
        at java.util.concurrent.locks.AbstractQueuedSynchronizer$ConditionObject.awaitNanos(AbstractQueuedSynchronizer.java:2078)
        at java.util.concurrent.ScheduledThreadPoolExecutor$DelayedWorkQueue.take(ScheduledThreadPoolExecutor.java:1093)
        at java.util.concurrent.ScheduledThreadPoolExecutor$DelayedWorkQueue.take(ScheduledThreadPoolExecutor.java:809)
        at java.util.concurrent.ThreadPoolExecutor.getTask(ThreadPoolExecutor.java:1074)
        at java.util.concurrent.ThreadPoolExecutor.runWorker(ThreadPoolExecutor.java:1134)
        at java.util.concurrent.ThreadPoolExecutor$Worker.run(ThreadPoolExecutor.java:624)
        at java.lang.Thread.run(Thread.java:750)
"42bf96ef-5b29-49bf-adbe-37b520f0d1a8@group-E23640D80DD8-SegmentedRaftLogWorker"  prio=5 tid=5480 timed_waiting
java.lang.Thread.State: TIMED_WAITING
        at sun.misc.Unsafe.park(Native Method)
        at java.util.concurrent.locks.LockSupport.parkNanos(LockSupport.java:215)
        at java.util.concurrent.locks.AbstractQueuedSynchronizer$ConditionObject.awaitNanos(AbstractQueuedSynchronizer.java:2078)
        at org.apache.ratis.util.DataBlockingQueue.poll(DataBlockingQueue.java:148)
        at org.apache.ratis.server.raftlog.segmented.SegmentedRaftLogWorker.run(SegmentedRaftLogWorker.java:301)
        at org.apache.ratis.server.raftlog.segmented.SegmentedRaftLogWorker$$Lambda$646/1639153477.run(Unknown Source)
        at java.lang.Thread.run(Thread.java:750)
"Datanode ReportManager Thread - 3" daemon prio=5 tid=5113 in Object.wait()
java.lang.Thread.State: WAITING (on object monitor)
        at sun.misc.Unsafe.park(Native Method)
        at java.util.concurrent.locks.LockSupport.park(LockSupport.java:175)
        at java.util.concurrent.locks.AbstractQueuedSynchronizer$ConditionObject.await(AbstractQueuedSynchronizer.java:2039)
        at java.util.concurrent.ScheduledThreadPoolExecutor$DelayedWorkQueue.take(ScheduledThreadPoolExecutor.java:1088)
        at java.util.concurrent.ScheduledThreadPoolExecutor$DelayedWorkQueue.take(ScheduledThreadPoolExecutor.java:809)
        at java.util.concurrent.ThreadPoolExecutor.getTask(ThreadPoolExecutor.java:1074)
        at java.util.concurrent.ThreadPoolExecutor.runWorker(ThreadPoolExecutor.java:1134)
        at java.util.concurrent.ThreadPoolExecutor$Worker.run(ThreadPoolExecutor.java:624)
        at java.lang.Thread.run(Thread.java:750)
"org.apache.hadoop.util.JvmPauseMonitor$Monitor@1b6e37d4" daemon prio=5 tid=5903 timed_waiting
java.lang.Thread.State: TIMED_WAITING
        at java.lang.Thread.sleep(Native Method)
        at org.apache.hadoop.util.JvmPauseMonitor$Monitor.run(JvmPauseMonitor.java:192)
        at java.lang.Thread.run(Thread.java:750)
"qtp1307868917-5225" daemon prio=5 tid=5225 timed_waiting
java.lang.Thread.State: TIMED_WAITING
        at sun.misc.Unsafe.park(Native Method)
        at java.util.concurrent.locks.LockSupport.parkNanos(LockSupport.java:215)
        at java.util.concurrent.locks.AbstractQueuedSynchronizer$ConditionObject.awaitNanos(AbstractQueuedSynchronizer.java:2078)
        at org.eclipse.jetty.util.BlockingArrayQueue.poll(BlockingArrayQueue.java:382)
        at org.eclipse.jetty.util.thread.QueuedThreadPool$Runner.idleJobPoll(QueuedThreadPool.java:974)
        at org.eclipse.jetty.util.thread.QueuedThreadPool$Runner.run(QueuedThreadPool.java:1018)
        at java.lang.Thread.run(Thread.java:750)
"Session-HouseKeeper-797270ca-1"  prio=5 tid=5025 timed_waiting
java.lang.Thread.State: TIMED_WAITING
        at sun.misc.Unsafe.park(Native Method)
        at java.util.concurrent.locks.LockSupport.parkNanos(LockSupport.java:215)
        at java.util.concurrent.locks.AbstractQueuedSynchronizer$ConditionObject.awaitNanos(AbstractQueuedSynchronizer.java:2078)
        at java.util.concurrent.ScheduledThreadPoolExecutor$DelayedWorkQueue.take(ScheduledThreadPoolExecutor.java:1093)
        at java.util.concurrent.ScheduledThreadPoolExecutor$DelayedWorkQueue.take(ScheduledThreadPoolExecutor.java:809)
        at java.util.concurrent.ThreadPoolExecutor.getTask(ThreadPoolExecutor.java:1074)
        at java.util.concurrent.ThreadPoolExecutor.runWorker(ThreadPoolExecutor.java:1134)
        at java.util.concurrent.ThreadPoolExecutor$Worker.run(ThreadPoolExecutor.java:624)
        at java.lang.Thread.run(Thread.java:750)
"8dac584f-6024-4576-b5a3-2bef0f48735e@group-FD37F9280DE0-StateMachineUpdater" daemon prio=5 tid=6667 timed_waiting
java.lang.Thread.State: TIMED_WAITING
        at sun.misc.Unsafe.park(Native Method)
        at java.util.concurrent.locks.LockSupport.parkNanos(LockSupport.java:215)
        at java.util.concurrent.CompletableFuture$Signaller.block(CompletableFuture.java:1709)
        at java.util.concurrent.ForkJoinPool.managedBlock(ForkJoinPool.java:3323)
        at java.util.concurrent.CompletableFuture.timedGet(CompletableFuture.java:1788)
        at java.util.concurrent.CompletableFuture.get(CompletableFuture.java:1928)
        at org.apache.ratis.util.AwaitForSignal.await(AwaitForSignal.java:56)
        at org.apache.ratis.server.impl.StateMachineUpdater.waitForCommit(StateMachineUpdater.java:207)
        at org.apache.ratis.server.impl.StateMachineUpdater.run(StateMachineUpdater.java:176)
        at java.lang.Thread.run(Thread.java:750)
"qtp737161386-6297" daemon prio=5 tid=6297 timed_waiting
java.lang.Thread.State: TIMED_WAITING
        at sun.misc.Unsafe.park(Native Method)
        at java.util.concurrent.locks.LockSupport.parkNanos(LockSupport.java:215)
        at java.util.concurrent.locks.AbstractQueuedSynchronizer$ConditionObject.awaitNanos(AbstractQueuedSynchronizer.java:2078)
        at org.eclipse.jetty.util.BlockingArrayQueue.poll(BlockingArrayQueue.java:382)
        at org.eclipse.jetty.util.thread.QueuedThreadPool$Runner.idleJobPoll(QueuedThreadPool.java:974)
        at org.eclipse.jetty.util.thread.QueuedThreadPool$Runner.run(QueuedThreadPool.java:1018)
        at java.lang.Thread.run(Thread.java:750)
"Periodic HDDS volume checker" daemon prio=5 tid=5064 timed_waiting
java.lang.Thread.State: TIMED_WAITING
        at sun.misc.Unsafe.park(Native Method)
        at java.util.concurrent.locks.LockSupport.parkNanos(LockSupport.java:215)
        at java.util.concurrent.locks.AbstractQueuedSynchronizer$ConditionObject.awaitNanos(AbstractQueuedSynchronizer.java:2078)
        at java.util.concurrent.ScheduledThreadPoolExecutor$DelayedWorkQueue.take(ScheduledThreadPoolExecutor.java:1093)
        at java.util.concurrent.ScheduledThreadPoolExecutor$DelayedWorkQueue.take(ScheduledThreadPoolExecutor.java:809)
        at java.util.concurrent.ThreadPoolExecutor.getTask(ThreadPoolExecutor.java:1074)
        at java.util.concurrent.ThreadPoolExecutor.runWorker(ThreadPoolExecutor.java:1134)
        at java.util.concurrent.ThreadPoolExecutor$Worker.run(ThreadPoolExecutor.java:624)
        at java.lang.Thread.run(Thread.java:750)
"ChunkWriter-0-0" daemon prio=5 tid=6396 in Object.wait()
java.lang.Thread.State: WAITING (on object monitor)
        at sun.misc.Unsafe.park(Native Method)
        at java.util.concurrent.locks.LockSupport.park(LockSupport.java:175)
        at java.util.concurrent.locks.AbstractQueuedSynchronizer$ConditionObject.await(AbstractQueuedSynchronizer.java:2039)
        at java.util.concurrent.LinkedBlockingDeque.takeFirst(LinkedBlockingDeque.java:492)
        at java.util.concurrent.LinkedBlockingDeque.take(LinkedBlockingDeque.java:680)
        at java.util.concurrent.ThreadPoolExecutor.getTask(ThreadPoolExecutor.java:1074)
        at java.util.concurrent.ThreadPoolExecutor.runWorker(ThreadPoolExecutor.java:1134)
        at java.util.concurrent.ThreadPoolExecutor$Worker.run(ThreadPoolExecutor.java:624)
        at java.lang.Thread.run(Thread.java:750)
"qtp342316938-6179" daemon prio=5 tid=6179 timed_waiting
java.lang.Thread.State: TIMED_WAITING
        at sun.misc.Unsafe.park(Native Method)
        at java.util.concurrent.locks.LockSupport.parkNanos(LockSupport.java:215)
        at java.util.concurrent.locks.AbstractQueuedSynchronizer$ConditionObject.awaitNanos(AbstractQueuedSynchronizer.java:2078)
        at org.eclipse.jetty.util.BlockingArrayQueue.poll(BlockingArrayQueue.java:382)
        at org.eclipse.jetty.util.thread.QueuedThreadPool$Runner.idleJobPoll(QueuedThreadPool.java:974)
        at org.eclipse.jetty.util.thread.QueuedThreadPool$Runner.run(QueuedThreadPool.java:1018)
        at java.lang.Thread.run(Thread.java:750)
"pool-2920-thread-1" daemon prio=5 tid=5141 timed_waiting
java.lang.Thread.State: TIMED_WAITING
        at sun.misc.Unsafe.park(Native Method)
        at java.util.concurrent.locks.LockSupport.parkNanos(LockSupport.java:215)
        at java.util.concurrent.locks.AbstractQueuedSynchronizer$ConditionObject.awaitNanos(AbstractQueuedSynchronizer.java:2078)
        at java.util.concurrent.ScheduledThreadPoolExecutor$DelayedWorkQueue.take(ScheduledThreadPoolExecutor.java:1093)
        at java.util.concurrent.ScheduledThreadPoolExecutor$DelayedWorkQueue.take(ScheduledThreadPoolExecutor.java:809)
        at java.util.concurrent.ThreadPoolExecutor.getTask(ThreadPoolExecutor.java:1074)
        at java.util.concurrent.ThreadPoolExecutor.runWorker(ThreadPoolExecutor.java:1134)
        at java.util.concurrent.ThreadPoolExecutor$Worker.run(ThreadPoolExecutor.java:624)
        at java.lang.Thread.run(Thread.java:750)
"ChunkWriter-1-0" daemon prio=5 tid=5377 in Object.wait()
java.lang.Thread.State: WAITING (on object monitor)
        at sun.misc.Unsafe.park(Native Method)
        at java.util.concurrent.locks.LockSupport.park(LockSupport.java:175)
        at java.util.concurrent.locks.AbstractQueuedSynchronizer$ConditionObject.await(AbstractQueuedSynchronizer.java:2039)
        at java.util.concurrent.LinkedBlockingDeque.takeFirst(LinkedBlockingDeque.java:492)
        at java.util.concurrent.LinkedBlockingDeque.take(LinkedBlockingDeque.java:680)
        at java.util.concurrent.ThreadPoolExecutor.getTask(ThreadPoolExecutor.java:1074)
        at java.util.concurrent.ThreadPoolExecutor.runWorker(ThreadPoolExecutor.java:1134)
        at java.util.concurrent.ThreadPoolExecutor$Worker.run(ThreadPoolExecutor.java:624)
        at java.lang.Thread.run(Thread.java:750)
"2807d27e-eacf-4ef9-9ccd-2d34dc032c62-server-thread2" daemon prio=5 tid=6891 timed_waiting
java.lang.Thread.State: TIMED_WAITING
        at sun.misc.Unsafe.park(Native Method)
        at java.util.concurrent.locks.LockSupport.parkNanos(LockSupport.java:215)
        at java.util.concurrent.SynchronousQueue$TransferStack.awaitFulfill(SynchronousQueue.java:460)
        at java.util.concurrent.SynchronousQueue$TransferStack.transfer(SynchronousQueue.java:362)
        at java.util.concurrent.SynchronousQueue.poll(SynchronousQueue.java:941)
        at java.util.concurrent.ThreadPoolExecutor.getTask(ThreadPoolExecutor.java:1073)
        at java.util.concurrent.ThreadPoolExecutor.runWorker(ThreadPoolExecutor.java:1134)
        at java.util.concurrent.ThreadPoolExecutor$Worker.run(ThreadPoolExecutor.java:624)
        at java.lang.Thread.run(Thread.java:750)
"IPC Server handler 10 on default port 40173" daemon prio=5 tid=6118 timed_waiting
java.lang.Thread.State: TIMED_WAITING
        at sun.misc.Unsafe.park(Native Method)
        at java.util.concurrent.locks.LockSupport.parkNanos(LockSupport.java:215)
        at java.util.concurrent.locks.AbstractQueuedSynchronizer$ConditionObject.awaitNanos(AbstractQueuedSynchronizer.java:2078)
        at java.util.concurrent.LinkedBlockingQueue.poll(LinkedBlockingQueue.java:467)
        at org.apache.hadoop.ipc.CallQueueManager.take(CallQueueManager.java:317)
        at org.apache.hadoop.ipc.Server$Handler.run(Server.java:2942)
"StaleRecoveringContainerScrubbingService#0" daemon prio=5 tid=6491 timed_waiting
java.lang.Thread.State: TIMED_WAITING
        at sun.misc.Unsafe.park(Native Method)
        at java.util.concurrent.locks.LockSupport.parkNanos(LockSupport.java:215)
        at java.util.concurrent.locks.AbstractQueuedSynchronizer$ConditionObject.awaitNanos(AbstractQueuedSynchronizer.java:2078)
        at java.util.concurrent.ScheduledThreadPoolExecutor$DelayedWorkQueue.take(ScheduledThreadPoolExecutor.java:1093)
        at java.util.concurrent.ScheduledThreadPoolExecutor$DelayedWorkQueue.take(ScheduledThreadPoolExecutor.java:809)
        at java.util.concurrent.ThreadPoolExecutor.getTask(ThreadPoolExecutor.java:1074)
        at java.util.concurrent.ThreadPoolExecutor.runWorker(ThreadPoolExecutor.java:1134)
        at java.util.concurrent.ThreadPoolExecutor$Worker.run(ThreadPoolExecutor.java:624)
        at java.lang.Thread.run(Thread.java:750)
"pool-3053-thread-1"  prio=5 tid=5280 timed_waiting
java.lang.Thread.State: TIMED_WAITING
        at sun.misc.Unsafe.park(Native Method)
        at java.util.concurrent.locks.LockSupport.parkNanos(LockSupport.java:215)
        at java.util.concurrent.locks.AbstractQueuedSynchronizer$ConditionObject.awaitNanos(AbstractQueuedSynchronizer.java:2078)
        at java.util.concurrent.ScheduledThreadPoolExecutor$DelayedWorkQueue.take(ScheduledThreadPoolExecutor.java:1093)
        at java.util.concurrent.ScheduledThreadPoolExecutor$DelayedWorkQueue.take(ScheduledThreadPoolExecutor.java:809)
        at java.util.concurrent.ThreadPoolExecutor.getTask(ThreadPoolExecutor.java:1074)
        at java.util.concurrent.ThreadPoolExecutor.runWorker(ThreadPoolExecutor.java:1134)
        at java.util.concurrent.ThreadPoolExecutor$Worker.run(ThreadPoolExecutor.java:624)
        at java.lang.Thread.run(Thread.java:750)
"859fee52-0ce0-4420-ab82-e0e92b354dcb@group-9015FB128463-SegmentedRaftLogWorker"  prio=5 tid=4267 timed_waiting
java.lang.Thread.State: TIMED_WAITING
        at sun.misc.Unsafe.park(Native Method)
        at java.util.concurrent.locks.LockSupport.parkNanos(LockSupport.java:215)
        at java.util.concurrent.locks.AbstractQueuedSynchronizer$ConditionObject.awaitNanos(AbstractQueuedSynchronizer.java:2078)
        at org.apache.ratis.util.DataBlockingQueue.poll(DataBlockingQueue.java:148)
        at org.apache.ratis.server.raftlog.segmented.SegmentedRaftLogWorker.run(SegmentedRaftLogWorker.java:301)
        at org.apache.ratis.server.raftlog.segmented.SegmentedRaftLogWorker$$Lambda$646/1639153477.run(Unknown Source)
        at java.lang.Thread.run(Thread.java:750)
"BackgroundPipelineScrubberThread" daemon prio=5 tid=6768 timed_waiting
java.lang.Thread.State: TIMED_WAITING
        at java.lang.Object.wait(Native Method)
        at org.apache.hadoop.hdds.scm.ha.BackgroundSCMService.run(BackgroundSCMService.java:110)
        at org.apache.hadoop.hdds.scm.ha.BackgroundSCMService$$Lambda$408/1110849047.run(Unknown Source)
        at java.lang.Thread.run(Thread.java:750)
"org.apache.ratis.util.JvmPauseMonitor$$Lambda$718/783493338@630f4f11" daemon prio=5 tid=5410 timed_waiting
java.lang.Thread.State: TIMED_WAITING
        at java.lang.Thread.sleep(Native Method)
        at java.lang.Thread.sleep(Thread.java:342)
        at java.util.concurrent.TimeUnit.sleep(TimeUnit.java:386)
        at org.apache.ratis.util.TimeDuration.sleep(TimeDuration.java:325)
        at org.apache.ratis.util.TimeDuration.sleep(TimeDuration.java:310)
        at org.apache.ratis.util.JvmPauseMonitor.detectPause(JvmPauseMonitor.java:117)
        at org.apache.ratis.util.JvmPauseMonitor.run(JvmPauseMonitor.java:106)
        at org.apache.ratis.util.JvmPauseMonitor$$Lambda$718/783493338.run(Unknown Source)
        at java.lang.Thread.run(Thread.java:750)
"859fee52-0ce0-4420-ab82-e0e92b354dcb@group-CC9DE397F5A0-SegmentedRaftLogWorker"  prio=5 tid=4264 timed_waiting
java.lang.Thread.State: TIMED_WAITING
        at sun.misc.Unsafe.park(Native Method)
        at java.util.concurrent.locks.LockSupport.parkNanos(LockSupport.java:215)
        at java.util.concurrent.locks.AbstractQueuedSynchronizer$ConditionObject.awaitNanos(AbstractQueuedSynchronizer.java:2078)
        at org.apache.ratis.util.DataBlockingQueue.poll(DataBlockingQueue.java:148)
        at org.apache.ratis.server.raftlog.segmented.SegmentedRaftLogWorker.run(SegmentedRaftLogWorker.java:301)
        at org.apache.ratis.server.raftlog.segmented.SegmentedRaftLogWorker$$Lambda$646/1639153477.run(Unknown Source)
        at java.lang.Thread.run(Thread.java:750)
"Datanode ReportManager Thread - 3" daemon prio=5 tid=4126 in Object.wait()
java.lang.Thread.State: WAITING (on object monitor)
        at sun.misc.Unsafe.park(Native Method)
        at java.util.concurrent.locks.LockSupport.park(LockSupport.java:175)
        at java.util.concurrent.locks.AbstractQueuedSynchronizer$ConditionObject.await(AbstractQueuedSynchronizer.java:2039)
        at java.util.concurrent.ScheduledThreadPoolExecutor$DelayedWorkQueue.take(ScheduledThreadPoolExecutor.java:1088)
        at java.util.concurrent.ScheduledThreadPoolExecutor$DelayedWorkQueue.take(ScheduledThreadPoolExecutor.java:809)
        at java.util.concurrent.ThreadPoolExecutor.getTask(ThreadPoolExecutor.java:1074)
        at java.util.concurrent.ThreadPoolExecutor.runWorker(ThreadPoolExecutor.java:1134)
        at java.util.concurrent.ThreadPoolExecutor$Worker.run(ThreadPoolExecutor.java:624)
        at java.lang.Thread.run(Thread.java:750)
"IPC Client (1662431325) connection to /0.0.0.0:36781 from runner" daemon prio=5 tid=5261 timed_waiting
java.lang.Thread.State: TIMED_WAITING
        at java.lang.Object.wait(Native Method)
        at org.apache.hadoop.ipc.Client$Connection.waitForWork(Client.java:1086)
        at org.apache.hadoop.ipc.Client$Connection.run(Client.java:1133)
"qtp114670926-4077" daemon prio=5 tid=4077 timed_waiting
java.lang.Thread.State: TIMED_WAITING
        at sun.misc.Unsafe.park(Native Method)
        at java.util.concurrent.locks.LockSupport.parkNanos(LockSupport.java:215)
        at java.util.concurrent.locks.AbstractQueuedSynchronizer$ConditionObject.awaitNanos(AbstractQueuedSynchronizer.java:2078)
        at org.eclipse.jetty.util.BlockingArrayQueue.poll(BlockingArrayQueue.java:382)
        at org.eclipse.jetty.util.thread.QueuedThreadPool$Runner.idleJobPoll(QueuedThreadPool.java:974)
        at org.eclipse.jetty.util.thread.QueuedThreadPool$Runner.run(QueuedThreadPool.java:1018)
        at java.lang.Thread.run(Thread.java:750)
"qtp1433462785-4105" daemon prio=5 tid=4105 timed_waiting
java.lang.Thread.State: TIMED_WAITING
        at sun.misc.Unsafe.park(Native Method)
        at java.util.concurrent.locks.LockSupport.parkNanos(LockSupport.java:215)
        at java.util.concurrent.locks.AbstractQueuedSynchronizer$ConditionObject.awaitNanos(AbstractQueuedSynchronizer.java:2078)
        at org.eclipse.jetty.util.BlockingArrayQueue.poll(BlockingArrayQueue.java:382)
        at org.eclipse.jetty.util.thread.QueuedThreadPool$Runner.idleJobPoll(QueuedThreadPool.java:974)
        at org.eclipse.jetty.util.thread.QueuedThreadPool$Runner.run(QueuedThreadPool.java:1018)
        at java.lang.Thread.run(Thread.java:750)
"BlockDeletingService#2" daemon prio=5 tid=5674 in Object.wait()
java.lang.Thread.State: WAITING (on object monitor)
        at sun.misc.Unsafe.park(Native Method)
        at java.util.concurrent.locks.LockSupport.park(LockSupport.java:175)
        at java.util.concurrent.locks.AbstractQueuedSynchronizer$ConditionObject.await(AbstractQueuedSynchronizer.java:2039)
        at java.util.concurrent.ScheduledThreadPoolExecutor$DelayedWorkQueue.take(ScheduledThreadPoolExecutor.java:1088)
        at java.util.concurrent.ScheduledThreadPoolExecutor$DelayedWorkQueue.take(ScheduledThreadPoolExecutor.java:809)
        at java.util.concurrent.ThreadPoolExecutor.getTask(ThreadPoolExecutor.java:1074)
        at java.util.concurrent.ThreadPoolExecutor.runWorker(ThreadPoolExecutor.java:1134)
        at java.util.concurrent.ThreadPoolExecutor$Worker.run(ThreadPoolExecutor.java:624)
        at java.lang.Thread.run(Thread.java:750)
"IPC Server Responder" daemon prio=5 tid=6785 runnable
java.lang.Thread.State: RUNNABLE
        at sun.nio.ch.EPollArrayWrapper.epollWait(Native Method)
        at sun.nio.ch.EPollArrayWrapper.poll(EPollArrayWrapper.java:269)
        at sun.nio.ch.EPollSelectorImpl.doSelect(EPollSelectorImpl.java:93)
        at sun.nio.ch.SelectorImpl.lockAndDoSelect(SelectorImpl.java:86)
        at sun.nio.ch.SelectorImpl.select(SelectorImpl.java:97)
        at org.apache.hadoop.ipc.Server$Responder.doRunLoop(Server.java:1532)
        at org.apache.hadoop.ipc.Server$Responder.run(Server.java:1515)
"Datanode ReportManager Thread - 4" daemon prio=5 tid=6274 timed_waiting
java.lang.Thread.State: TIMED_WAITING
        at sun.misc.Unsafe.park(Native Method)
        at java.util.concurrent.locks.LockSupport.parkNanos(LockSupport.java:215)
        at java.util.concurrent.locks.AbstractQueuedSynchronizer$ConditionObject.awaitNanos(AbstractQueuedSynchronizer.java:2078)
        at java.util.concurrent.ScheduledThreadPoolExecutor$DelayedWorkQueue.take(ScheduledThreadPoolExecutor.java:1093)
        at java.util.concurrent.ScheduledThreadPoolExecutor$DelayedWorkQueue.take(ScheduledThreadPoolExecutor.java:809)
        at java.util.concurrent.ThreadPoolExecutor.getTask(ThreadPoolExecutor.java:1074)
        at java.util.concurrent.ThreadPoolExecutor.runWorker(ThreadPoolExecutor.java:1134)
        at java.util.concurrent.ThreadPoolExecutor$Worker.run(ThreadPoolExecutor.java:624)
        at java.lang.Thread.run(Thread.java:750)
"org.apache.hadoop.util.JvmPauseMonitor$Monitor@ace8e3c" daemon prio=5 tid=6276 timed_waiting
java.lang.Thread.State: TIMED_WAITING
        at java.lang.Thread.sleep(Native Method)
        at org.apache.hadoop.util.JvmPauseMonitor$Monitor.run(JvmPauseMonitor.java:192)
        at java.lang.Thread.run(Thread.java:750)
"ec-reconstruct-reader-TID-0"  prio=5 tid=5752 in Object.wait()
java.lang.Thread.State: WAITING (on object monitor)
        at sun.misc.Unsafe.park(Native Method)
        at java.util.concurrent.locks.LockSupport.park(LockSupport.java:175)
        at java.util.concurrent.SynchronousQueue$TransferStack.awaitFulfill(SynchronousQueue.java:458)
        at java.util.concurrent.SynchronousQueue$TransferStack.transfer(SynchronousQueue.java:362)
        at java.util.concurrent.SynchronousQueue.take(SynchronousQueue.java:924)
        at java.util.concurrent.ThreadPoolExecutor.getTask(ThreadPoolExecutor.java:1074)
        at java.util.concurrent.ThreadPoolExecutor.runWorker(ThreadPoolExecutor.java:1134)
        at java.util.concurrent.ThreadPoolExecutor$Worker.run(ThreadPoolExecutor.java:624)
        at java.lang.Thread.run(Thread.java:750)
"IPC Server handler 5 on default port 35421" daemon prio=5 tid=4580 timed_waiting
java.lang.Thread.State: TIMED_WAITING
        at sun.misc.Unsafe.park(Native Method)
        at java.util.concurrent.locks.LockSupport.parkNanos(LockSupport.java:215)
        at java.util.concurrent.locks.AbstractQueuedSynchronizer$ConditionObject.awaitNanos(AbstractQueuedSynchronizer.java:2078)
        at java.util.concurrent.LinkedBlockingQueue.poll(LinkedBlockingQueue.java:467)
        at org.apache.hadoop.ipc.CallQueueManager.take(CallQueueManager.java:317)
        at org.apache.hadoop.ipc.Server$Handler.run(Server.java:2942)
"pool-2791-thread-1"  prio=5 tid=5446 in Object.wait()
java.lang.Thread.State: WAITING (on object monitor)
        at sun.misc.Unsafe.park(Native Method)
        at java.util.concurrent.locks.LockSupport.park(LockSupport.java:175)
        at java.util.concurrent.locks.AbstractQueuedSynchronizer$ConditionObject.await(AbstractQueuedSynchronizer.java:2039)
        at java.util.concurrent.LinkedBlockingQueue.take(LinkedBlockingQueue.java:442)
        at java.util.concurrent.ThreadPoolExecutor.getTask(ThreadPoolExecutor.java:1074)
        at java.util.concurrent.ThreadPoolExecutor.runWorker(ThreadPoolExecutor.java:1134)
        at java.util.concurrent.ThreadPoolExecutor$Worker.run(ThreadPoolExecutor.java:624)
        at java.lang.Thread.run(Thread.java:750)
"abd8e8e1-9e09-4ec0-a897-8fd48f6e99a3@group-B8AD8183D604-StateMachineUpdater" daemon prio=5 tid=6564 timed_waiting
java.lang.Thread.State: TIMED_WAITING
        at sun.misc.Unsafe.park(Native Method)
        at java.util.concurrent.locks.LockSupport.parkNanos(LockSupport.java:215)
        at java.util.concurrent.CompletableFuture$Signaller.block(CompletableFuture.java:1709)
        at java.util.concurrent.ForkJoinPool.managedBlock(ForkJoinPool.java:3323)
        at java.util.concurrent.CompletableFuture.timedGet(CompletableFuture.java:1788)
        at java.util.concurrent.CompletableFuture.get(CompletableFuture.java:1928)
        at org.apache.ratis.util.AwaitForSignal.await(AwaitForSignal.java:56)
        at org.apache.ratis.server.impl.StateMachineUpdater.waitForCommit(StateMachineUpdater.java:207)
        at org.apache.ratis.server.impl.StateMachineUpdater.run(StateMachineUpdater.java:176)
        at java.lang.Thread.run(Thread.java:750)
"ContainerOp-1a3410dc-4fd6-4954-94c6-9015fb128463-1"  prio=5 tid=6010 in Object.wait()
java.lang.Thread.State: WAITING (on object monitor)
        at sun.misc.Unsafe.park(Native Method)
        at java.util.concurrent.locks.LockSupport.park(LockSupport.java:175)
        at java.util.concurrent.locks.AbstractQueuedSynchronizer$ConditionObject.await(AbstractQueuedSynchronizer.java:2039)
        at java.util.concurrent.LinkedBlockingQueue.take(LinkedBlockingQueue.java:442)
        at java.util.concurrent.ThreadPoolExecutor.getTask(ThreadPoolExecutor.java:1074)
        at java.util.concurrent.ThreadPoolExecutor.runWorker(ThreadPoolExecutor.java:1134)
        at java.util.concurrent.ThreadPoolExecutor$Worker.run(ThreadPoolExecutor.java:624)
        at java.lang.Thread.run(Thread.java:750)
"Session-HouseKeeper-35ccd712-1"  prio=5 tid=5082 timed_waiting
java.lang.Thread.State: TIMED_WAITING
        at sun.misc.Unsafe.park(Native Method)
        at java.util.concurrent.locks.LockSupport.parkNanos(LockSupport.java:215)
        at java.util.concurrent.locks.AbstractQueuedSynchronizer$ConditionObject.awaitNanos(AbstractQueuedSynchronizer.java:2078)
        at java.util.concurrent.ScheduledThreadPoolExecutor$DelayedWorkQueue.take(ScheduledThreadPoolExecutor.java:1093)
        at java.util.concurrent.ScheduledThreadPoolExecutor$DelayedWorkQueue.take(ScheduledThreadPoolExecutor.java:809)
        at java.util.concurrent.ThreadPoolExecutor.getTask(ThreadPoolExecutor.java:1074)
        at java.util.concurrent.ThreadPoolExecutor.runWorker(ThreadPoolExecutor.java:1134)
        at java.util.concurrent.ThreadPoolExecutor$Worker.run(ThreadPoolExecutor.java:624)
        at java.lang.Thread.run(Thread.java:750)
"IPC Server handler 0 on default port 35679" daemon prio=5 tid=5862 timed_waiting
java.lang.Thread.State: TIMED_WAITING
        at sun.misc.Unsafe.park(Native Method)
        at java.util.concurrent.locks.LockSupport.parkNanos(LockSupport.java:215)
        at java.util.concurrent.locks.AbstractQueuedSynchronizer$ConditionObject.awaitNanos(AbstractQueuedSynchronizer.java:2078)
        at java.util.concurrent.LinkedBlockingQueue.poll(LinkedBlockingQueue.java:467)
        at org.apache.hadoop.ipc.CallQueueManager.take(CallQueueManager.java:317)
        at org.apache.hadoop.ipc.Server$Handler.run(Server.java:2942)
"pool-2779-thread-1" daemon prio=5 tid=5009 timed_waiting
java.lang.Thread.State: TIMED_WAITING
        at sun.misc.Unsafe.park(Native Method)
        at java.util.concurrent.locks.LockSupport.parkNanos(LockSupport.java:215)
        at java.util.concurrent.locks.AbstractQueuedSynchronizer$ConditionObject.awaitNanos(AbstractQueuedSynchronizer.java:2078)
        at java.util.concurrent.ScheduledThreadPoolExecutor$DelayedWorkQueue.take(ScheduledThreadPoolExecutor.java:1093)
        at java.util.concurrent.ScheduledThreadPoolExecutor$DelayedWorkQueue.take(ScheduledThreadPoolExecutor.java:809)
        at java.util.concurrent.ThreadPoolExecutor.getTask(ThreadPoolExecutor.java:1074)
        at java.util.concurrent.ThreadPoolExecutor.runWorker(ThreadPoolExecutor.java:1134)
        at java.util.concurrent.ThreadPoolExecutor$Worker.run(ThreadPoolExecutor.java:624)
        at java.lang.Thread.run(Thread.java:750)
"org.apache.ratis.util.JvmPauseMonitor$$Lambda$718/783493338@608698" daemon prio=5 tid=6521 timed_waiting
java.lang.Thread.State: TIMED_WAITING
        at java.lang.Thread.sleep(Native Method)
        at java.lang.Thread.sleep(Thread.java:342)
        at java.util.concurrent.TimeUnit.sleep(TimeUnit.java:386)
        at org.apache.ratis.util.TimeDuration.sleep(TimeDuration.java:325)
        at org.apache.ratis.util.TimeDuration.sleep(TimeDuration.java:310)
        at org.apache.ratis.util.JvmPauseMonitor.detectPause(JvmPauseMonitor.java:117)
        at org.apache.ratis.util.JvmPauseMonitor.run(JvmPauseMonitor.java:106)
        at org.apache.ratis.util.JvmPauseMonitor$$Lambda$718/783493338.run(Unknown Source)
        at java.lang.Thread.run(Thread.java:750)
"2807d27e-eacf-4ef9-9ccd-2d34dc032c62@group-8C1DE3C4B685-FollowerState" daemon prio=5 tid=6884 timed_waiting
java.lang.Thread.State: TIMED_WAITING
        at java.lang.Thread.sleep(Native Method)
        at java.lang.Thread.sleep(Thread.java:342)
        at java.util.concurrent.TimeUnit.sleep(TimeUnit.java:386)
        at org.apache.ratis.util.TimeDuration.sleep(TimeDuration.java:325)
        at org.apache.ratis.util.TimeDuration.sleep(TimeDuration.java:310)
        at org.apache.ratis.server.impl.FollowerState.run(FollowerState.java:128)
"c2eaf186-c3ec-4510-b8dc-fb04c7f742a3@group-E23640D80DD8-FollowerState" daemon prio=5 tid=5660 timed_waiting
java.lang.Thread.State: TIMED_WAITING
        at java.lang.Thread.sleep(Native Method)
        at java.lang.Thread.sleep(Thread.java:342)
        at java.util.concurrent.TimeUnit.sleep(TimeUnit.java:386)
        at org.apache.ratis.util.TimeDuration.sleep(TimeDuration.java:325)
        at org.apache.ratis.util.TimeDuration.sleep(TimeDuration.java:310)
        at org.apache.ratis.server.impl.FollowerState.run(FollowerState.java:128)
"Datanode ReportManager Thread - 3" daemon prio=5 tid=6358 in Object.wait()
java.lang.Thread.State: WAITING (on object monitor)
        at sun.misc.Unsafe.park(Native Method)
        at java.util.concurrent.locks.LockSupport.park(LockSupport.java:175)
        at java.util.concurrent.locks.AbstractQueuedSynchronizer$ConditionObject.await(AbstractQueuedSynchronizer.java:2039)
        at java.util.concurrent.ScheduledThreadPoolExecutor$DelayedWorkQueue.take(ScheduledThreadPoolExecutor.java:1088)
        at java.util.concurrent.ScheduledThreadPoolExecutor$DelayedWorkQueue.take(ScheduledThreadPoolExecutor.java:809)
        at java.util.concurrent.ThreadPoolExecutor.getTask(ThreadPoolExecutor.java:1074)
        at java.util.concurrent.ThreadPoolExecutor.runWorker(ThreadPoolExecutor.java:1134)
        at java.util.concurrent.ThreadPoolExecutor$Worker.run(ThreadPoolExecutor.java:624)
        at java.lang.Thread.run(Thread.java:750)
"EventQueue-CommandQueueReportForCommandQueueReportHandler" daemon prio=5 tid=6879 in Object.wait()
java.lang.Thread.State: WAITING (on object monitor)
        at sun.misc.Unsafe.park(Native Method)
        at java.util.concurrent.locks.LockSupport.park(LockSupport.java:175)
        at java.util.concurrent.locks.AbstractQueuedSynchronizer$ConditionObject.await(AbstractQueuedSynchronizer.java:2039)
        at java.util.concurrent.LinkedBlockingQueue.take(LinkedBlockingQueue.java:442)
        at java.util.concurrent.ThreadPoolExecutor.getTask(ThreadPoolExecutor.java:1074)
        at java.util.concurrent.ThreadPoolExecutor.runWorker(ThreadPoolExecutor.java:1134)
        at java.util.concurrent.ThreadPoolExecutor$Worker.run(ThreadPoolExecutor.java:624)
        at java.lang.Thread.run(Thread.java:750)
"pool-3490-thread-1"  prio=5 tid=5904 timed_waiting
java.lang.Thread.State: TIMED_WAITING
        at sun.misc.Unsafe.park(Native Method)
        at java.util.concurrent.locks.LockSupport.parkNanos(LockSupport.java:215)
        at java.util.concurrent.locks.AbstractQueuedSynchronizer$ConditionObject.awaitNanos(AbstractQueuedSynchronizer.java:2078)
        at java.util.concurrent.ScheduledThreadPoolExecutor$DelayedWorkQueue.take(ScheduledThreadPoolExecutor.java:1093)
        at java.util.concurrent.ScheduledThreadPoolExecutor$DelayedWorkQueue.take(ScheduledThreadPoolExecutor.java:809)
        at java.util.concurrent.ThreadPoolExecutor.getTask(ThreadPoolExecutor.java:1074)
        at java.util.concurrent.ThreadPoolExecutor.runWorker(ThreadPoolExecutor.java:1134)
        at java.util.concurrent.ThreadPoolExecutor$Worker.run(ThreadPoolExecutor.java:624)
        at java.lang.Thread.run(Thread.java:750)
"Listener at 127.0.0.1/40173"  prio=5 tid=14 in Object.wait()
java.lang.Thread.State: WAITING (on object monitor)
        at sun.misc.Unsafe.park(Native Method)
        at java.util.concurrent.locks.LockSupport.park(LockSupport.java:175)
        at java.util.concurrent.locks.AbstractQueuedSynchronizer$ConditionObject.await(AbstractQueuedSynchronizer.java:2039)
        at java.util.concurrent.ArrayBlockingQueue.put(ArrayBlockingQueue.java:353)
        at org.apache.hadoop.ozone.MiniOzoneClusterProvider.lambda$createClusters$1(MiniOzoneClusterProvider.java:237)
        at org.apache.hadoop.ozone.MiniOzoneClusterProvider$$Lambda$340/636959006.run(Unknown Source)
        at java.lang.Thread.run(Thread.java:750)
"IPC Server handler 12 on default port 35863" daemon prio=5 tid=5894 timed_waiting
java.lang.Thread.State: TIMED_WAITING
        at sun.misc.Unsafe.park(Native Method)
        at java.util.concurrent.locks.LockSupport.parkNanos(LockSupport.java:215)
        at java.util.concurrent.locks.AbstractQueuedSynchronizer$ConditionObject.awaitNanos(AbstractQueuedSynchronizer.java:2078)
        at java.util.concurrent.LinkedBlockingQueue.poll(LinkedBlockingQueue.java:467)
        at org.apache.hadoop.ipc.CallQueueManager.take(CallQueueManager.java:317)
        at org.apache.hadoop.ipc.Server$Handler.run(Server.java:2942)
"IPC Server handler 7 on default port 43819" daemon prio=5 tid=5849 timed_waiting
java.lang.Thread.State: TIMED_WAITING
        at sun.misc.Unsafe.park(Native Method)
        at java.util.concurrent.locks.LockSupport.parkNanos(LockSupport.java:215)
        at java.util.concurrent.locks.AbstractQueuedSynchronizer$ConditionObject.awaitNanos(AbstractQueuedSynchronizer.java:2078)
        at java.util.concurrent.LinkedBlockingQueue.poll(LinkedBlockingQueue.java:467)
        at org.apache.hadoop.ipc.CallQueueManager.take(CallQueueManager.java:317)
        at org.apache.hadoop.ipc.Server$Handler.run(Server.java:2942)
"StaleRecoveringContainerScrubbingService#1" daemon prio=5 tid=4224 timed_waiting
java.lang.Thread.State: TIMED_WAITING
        at sun.misc.Unsafe.park(Native Method)
        at java.util.concurrent.locks.LockSupport.parkNanos(LockSupport.java:215)
        at java.util.concurrent.locks.AbstractQueuedSynchronizer$ConditionObject.awaitNanos(AbstractQueuedSynchronizer.java:2078)
        at java.util.concurrent.ScheduledThreadPoolExecutor$DelayedWorkQueue.take(ScheduledThreadPoolExecutor.java:1093)
        at java.util.concurrent.ScheduledThreadPoolExecutor$DelayedWorkQueue.take(ScheduledThreadPoolExecutor.java:809)
        at java.util.concurrent.ThreadPoolExecutor.getTask(ThreadPoolExecutor.java:1074)
        at java.util.concurrent.ThreadPoolExecutor.runWorker(ThreadPoolExecutor.java:1134)
        at java.util.concurrent.ThreadPoolExecutor$Worker.run(ThreadPoolExecutor.java:624)
        at java.lang.Thread.run(Thread.java:750)
"StaleRecoveringContainerScrubbingService#2" daemon prio=5 tid=5648 in Object.wait()
java.lang.Thread.State: WAITING (on object monitor)
        at sun.misc.Unsafe.park(Native Method)
        at java.util.concurrent.locks.LockSupport.park(LockSupport.java:175)
        at java.util.concurrent.locks.AbstractQueuedSynchronizer$ConditionObject.await(AbstractQueuedSynchronizer.java:2039)
        at java.util.concurrent.ScheduledThreadPoolExecutor$DelayedWorkQueue.take(ScheduledThreadPoolExecutor.java:1088)
        at java.util.concurrent.ScheduledThreadPoolExecutor$DelayedWorkQueue.take(ScheduledThreadPoolExecutor.java:809)
        at java.util.concurrent.ThreadPoolExecutor.getTask(ThreadPoolExecutor.java:1074)
        at java.util.concurrent.ThreadPoolExecutor.runWorker(ThreadPoolExecutor.java:1134)
        at java.util.concurrent.ThreadPoolExecutor$Worker.run(ThreadPoolExecutor.java:624)
        at java.lang.Thread.run(Thread.java:750)
"qtp2074136396-3781-acceptor-0@68332a43-ServerConnector@220bf415{HTTP/1.1, (http/1.1)}{0.0.0.0:45761}" daemon prio=3 tid=3781 runnable
java.lang.Thread.State: RUNNABLE
        at sun.nio.ch.ServerSocketChannelImpl.accept0(Native Method)
        at sun.nio.ch.ServerSocketChannelImpl.accept(ServerSocketChannelImpl.java:421)
        at sun.nio.ch.ServerSocketChannelImpl.accept(ServerSocketChannelImpl.java:249)
        at org.eclipse.jetty.server.ServerConnector.accept(ServerConnector.java:388)
        at org.eclipse.jetty.server.AbstractConnector$Acceptor.run(AbstractConnector.java:702)
        at org.eclipse.jetty.util.thread.QueuedThreadPool.runJob(QueuedThreadPool.java:883)
        at org.eclipse.jetty.util.thread.QueuedThreadPool$Runner.run(QueuedThreadPool.java:1034)
        at java.lang.Thread.run(Thread.java:750)
"org.apache.hadoop.util.JvmPauseMonitor$Monitor@5691b3f9" daemon prio=5 tid=5339 timed_waiting
java.lang.Thread.State: TIMED_WAITING
        at java.lang.Thread.sleep(Native Method)
        at org.apache.hadoop.util.JvmPauseMonitor$Monitor.run(JvmPauseMonitor.java:192)
        at java.lang.Thread.run(Thread.java:750)
"DatanodeAdminManager-0" daemon prio=5 tid=4540 timed_waiting
java.lang.Thread.State: TIMED_WAITING
        at sun.misc.Unsafe.park(Native Method)
        at java.util.concurrent.locks.LockSupport.parkNanos(LockSupport.java:215)
        at java.util.concurrent.locks.AbstractQueuedSynchronizer$ConditionObject.awaitNanos(AbstractQueuedSynchronizer.java:2078)
        at java.util.concurrent.ScheduledThreadPoolExecutor$DelayedWorkQueue.take(ScheduledThreadPoolExecutor.java:1093)
        at java.util.concurrent.ScheduledThreadPoolExecutor$DelayedWorkQueue.take(ScheduledThreadPoolExecutor.java:809)
        at java.util.concurrent.ThreadPoolExecutor.getTask(ThreadPoolExecutor.java:1074)
        at java.util.concurrent.ThreadPoolExecutor.runWorker(ThreadPoolExecutor.java:1134)
        at java.util.concurrent.ThreadPoolExecutor$Worker.run(ThreadPoolExecutor.java:624)
        at java.lang.Thread.run(Thread.java:750)
"org.apache.hadoop.ozone.container.common.statemachine.commandhandler.DeleteBlocksCommandHandler$DeleteCmdWorker@4952271e" daemon prio=5 tid=6257 timed_waiting
java.lang.Thread.State: TIMED_WAITING
        at java.lang.Thread.sleep(Native Method)
        at org.apache.hadoop.ozone.container.common.statemachine.commandhandler.DeleteBlocksCommandHandler$DeleteCmdWorker.run(DeleteBlocksCommandHandler.java:183)
        at java.lang.Thread.run(Thread.java:750)
"om1@group-C5BA1605619E-StateMachineUpdater" daemon prio=5 tid=5986 timed_waiting
java.lang.Thread.State: TIMED_WAITING
        at sun.misc.Unsafe.park(Native Method)
        at java.util.concurrent.locks.LockSupport.parkNanos(LockSupport.java:215)
        at java.util.concurrent.CompletableFuture$Signaller.block(CompletableFuture.java:1709)
        at java.util.concurrent.ForkJoinPool.managedBlock(ForkJoinPool.java:3323)
        at java.util.concurrent.CompletableFuture.timedGet(CompletableFuture.java:1788)
        at java.util.concurrent.CompletableFuture.get(CompletableFuture.java:1928)
        at org.apache.ratis.util.AwaitForSignal.await(AwaitForSignal.java:56)
        at org.apache.ratis.server.impl.StateMachineUpdater.waitForCommit(StateMachineUpdater.java:207)
        at org.apache.ratis.server.impl.StateMachineUpdater.run(StateMachineUpdater.java:176)
        at java.lang.Thread.run(Thread.java:750)
"Socket Reader #1 for port 0"  prio=5 tid=4542 runnable
java.lang.Thread.State: RUNNABLE
        at sun.nio.ch.EPollArrayWrapper.epollWait(Native Method)
        at sun.nio.ch.EPollArrayWrapper.poll(EPollArrayWrapper.java:269)
        at sun.nio.ch.EPollSelectorImpl.doSelect(EPollSelectorImpl.java:93)
        at sun.nio.ch.SelectorImpl.lockAndDoSelect(SelectorImpl.java:86)
        at sun.nio.ch.SelectorImpl.select(SelectorImpl.java:97)
        at sun.nio.ch.SelectorImpl.select(SelectorImpl.java:101)
        at org.apache.hadoop.ipc.Server$Listener$Reader.doRunLoop(Server.java:1296)
        at org.apache.hadoop.ipc.Server$Listener$Reader.run(Server.java:1275)
"ChunkWriter-2-0" daemon prio=5 tid=6486 in Object.wait()
java.lang.Thread.State: WAITING (on object monitor)
        at sun.misc.Unsafe.park(Native Method)
        at java.util.concurrent.locks.LockSupport.park(LockSupport.java:175)
        at java.util.concurrent.locks.AbstractQueuedSynchronizer$ConditionObject.await(AbstractQueuedSynchronizer.java:2039)
        at java.util.concurrent.LinkedBlockingDeque.takeFirst(LinkedBlockingDeque.java:492)
        at java.util.concurrent.LinkedBlockingDeque.take(LinkedBlockingDeque.java:680)
        at java.util.concurrent.ThreadPoolExecutor.getTask(ThreadPoolExecutor.java:1074)
        at java.util.concurrent.ThreadPoolExecutor.runWorker(ThreadPoolExecutor.java:1134)
        at java.util.concurrent.ThreadPoolExecutor$Worker.run(ThreadPoolExecutor.java:624)
        at java.lang.Thread.run(Thread.java:750)
"Datanode ReportManager Thread - 2" daemon prio=5 tid=5112 in Object.wait()
java.lang.Thread.State: WAITING (on object monitor)
        at sun.misc.Unsafe.park(Native Method)
        at java.util.concurrent.locks.LockSupport.park(LockSupport.java:175)
        at java.util.concurrent.locks.AbstractQueuedSynchronizer$ConditionObject.await(AbstractQueuedSynchronizer.java:2039)
        at java.util.concurrent.ScheduledThreadPoolExecutor$DelayedWorkQueue.take(ScheduledThreadPoolExecutor.java:1088)
        at java.util.concurrent.ScheduledThreadPoolExecutor$DelayedWorkQueue.take(ScheduledThreadPoolExecutor.java:809)
        at java.util.concurrent.ThreadPoolExecutor.getTask(ThreadPoolExecutor.java:1074)
        at java.util.concurrent.ThreadPoolExecutor.runWorker(ThreadPoolExecutor.java:1134)
        at java.util.concurrent.ThreadPoolExecutor$Worker.run(ThreadPoolExecutor.java:624)
        at java.lang.Thread.run(Thread.java:750)
"qtp1325558990-5913" daemon prio=5 tid=5913 timed_waiting
java.lang.Thread.State: TIMED_WAITING
        at sun.misc.Unsafe.park(Native Method)
        at java.util.concurrent.locks.LockSupport.parkNanos(LockSupport.java:215)
        at java.util.concurrent.locks.AbstractQueuedSynchronizer$ConditionObject.awaitNanos(AbstractQueuedSynchronizer.java:2078)
        at org.eclipse.jetty.util.BlockingArrayQueue.poll(BlockingArrayQueue.java:382)
        at org.eclipse.jetty.util.thread.QueuedThreadPool$Runner.idleJobPoll(QueuedThreadPool.java:974)
        at org.eclipse.jetty.util.thread.QueuedThreadPool$Runner.run(QueuedThreadPool.java:1018)
        at java.lang.Thread.run(Thread.java:750)
"IPC Server handler 16 on default port 42971" daemon prio=5 tid=6847 timed_waiting
java.lang.Thread.State: TIMED_WAITING
        at sun.misc.Unsafe.park(Native Method)
        at java.util.concurrent.locks.LockSupport.parkNanos(LockSupport.java:215)
        at java.util.concurrent.locks.AbstractQueuedSynchronizer$ConditionObject.awaitNanos(AbstractQueuedSynchronizer.java:2078)
        at java.util.concurrent.LinkedBlockingQueue.poll(LinkedBlockingQueue.java:467)
        at org.apache.hadoop.ipc.CallQueueManager.take(CallQueueManager.java:317)
        at org.apache.hadoop.ipc.Server$Handler.run(Server.java:2942)
"BlockDeletingService#0" daemon prio=5 tid=6478 timed_waiting
java.lang.Thread.State: TIMED_WAITING
        at sun.misc.Unsafe.park(Native Method)
        at java.util.concurrent.locks.LockSupport.parkNanos(LockSupport.java:215)
        at java.util.concurrent.locks.AbstractQueuedSynchronizer$ConditionObject.awaitNanos(AbstractQueuedSynchronizer.java:2078)
        at java.util.concurrent.ScheduledThreadPoolExecutor$DelayedWorkQueue.take(ScheduledThreadPoolExecutor.java:1093)
        at java.util.concurrent.ScheduledThreadPoolExecutor$DelayedWorkQueue.take(ScheduledThreadPoolExecutor.java:809)
        at java.util.concurrent.ThreadPoolExecutor.getTask(ThreadPoolExecutor.java:1074)
        at java.util.concurrent.ThreadPoolExecutor.runWorker(ThreadPoolExecutor.java:1134)
        at java.util.concurrent.ThreadPoolExecutor$Worker.run(ThreadPoolExecutor.java:624)
        at java.lang.Thread.run(Thread.java:750)
"pool-3749-thread-1" daemon prio=5 tid=6312 timed_waiting
java.lang.Thread.State: TIMED_WAITING
        at sun.misc.Unsafe.park(Native Method)
        at java.util.concurrent.locks.LockSupport.parkNanos(LockSupport.java:215)
        at java.util.concurrent.locks.AbstractQueuedSynchronizer$ConditionObject.awaitNanos(AbstractQueuedSynchronizer.java:2078)
        at java.util.concurrent.ScheduledThreadPoolExecutor$DelayedWorkQueue.take(ScheduledThreadPoolExecutor.java:1093)
        at java.util.concurrent.ScheduledThreadPoolExecutor$DelayedWorkQueue.take(ScheduledThreadPoolExecutor.java:809)
        at java.util.concurrent.ThreadPoolExecutor.getTask(ThreadPoolExecutor.java:1074)
        at java.util.concurrent.ThreadPoolExecutor.runWorker(ThreadPoolExecutor.java:1134)
        at java.util.concurrent.ThreadPoolExecutor$Worker.run(ThreadPoolExecutor.java:624)
        at java.lang.Thread.run(Thread.java:750)
"qtp665541217-4959" daemon prio=5 tid=4959 timed_waiting
java.lang.Thread.State: TIMED_WAITING
        at sun.misc.Unsafe.park(Native Method)
        at java.util.concurrent.locks.LockSupport.parkNanos(LockSupport.java:215)
        at java.util.concurrent.locks.AbstractQueuedSynchronizer$ConditionObject.awaitNanos(AbstractQueuedSynchronizer.java:2078)
        at org.eclipse.jetty.util.BlockingArrayQueue.poll(BlockingArrayQueue.java:382)
        at org.eclipse.jetty.util.thread.QueuedThreadPool$Runner.idleJobPoll(QueuedThreadPool.java:974)
        at org.eclipse.jetty.util.thread.QueuedThreadPool$Runner.run(QueuedThreadPool.java:1018)
        at java.lang.Thread.run(Thread.java:750)
"e914e15b-3be6-457d-9bb6-bef1feb71ba6@group-E23640D80DD8-StateMachineUpdater" daemon prio=5 tid=5474 timed_waiting
java.lang.Thread.State: TIMED_WAITING
        at sun.misc.Unsafe.park(Native Method)
        at java.util.concurrent.locks.LockSupport.parkNanos(LockSupport.java:215)
        at java.util.concurrent.CompletableFuture$Signaller.block(CompletableFuture.java:1709)
        at java.util.concurrent.ForkJoinPool.managedBlock(ForkJoinPool.java:3323)
        at java.util.concurrent.CompletableFuture.timedGet(CompletableFuture.java:1788)
        at java.util.concurrent.CompletableFuture.get(CompletableFuture.java:1928)
        at org.apache.ratis.util.AwaitForSignal.await(AwaitForSignal.java:56)
        at org.apache.ratis.server.impl.StateMachineUpdater.waitForCommit(StateMachineUpdater.java:207)
        at org.apache.ratis.server.impl.StateMachineUpdater.run(StateMachineUpdater.java:176)
        at java.lang.Thread.run(Thread.java:750)
"Datanode State Machine Task Thread - 1"  prio=5 tid=4133 in Object.wait()
java.lang.Thread.State: WAITING (on object monitor)
        at sun.misc.Unsafe.park(Native Method)
        at java.util.concurrent.locks.LockSupport.park(LockSupport.java:175)
        at java.util.concurrent.locks.AbstractQueuedSynchronizer$ConditionObject.await(AbstractQueuedSynchronizer.java:2039)
        at java.util.concurrent.LinkedBlockingQueue.take(LinkedBlockingQueue.java:442)
        at java.util.concurrent.ThreadPoolExecutor.getTask(ThreadPoolExecutor.java:1074)
        at java.util.concurrent.ThreadPoolExecutor.runWorker(ThreadPoolExecutor.java:1134)
        at java.util.concurrent.ThreadPoolExecutor$Worker.run(ThreadPoolExecutor.java:624)
        at java.lang.Thread.run(Thread.java:750)
"a8646fa7-c93a-4970-85e6-ca9f51725932@group-9195398C66BE-StateMachineUpdater" daemon prio=5 tid=5498 timed_waiting
java.lang.Thread.State: TIMED_WAITING
        at sun.misc.Unsafe.park(Native Method)
        at java.util.concurrent.locks.LockSupport.parkNanos(LockSupport.java:215)
        at java.util.concurrent.CompletableFuture$Signaller.block(CompletableFuture.java:1709)
        at java.util.concurrent.ForkJoinPool.managedBlock(ForkJoinPool.java:3323)
        at java.util.concurrent.CompletableFuture.timedGet(CompletableFuture.java:1788)
        at java.util.concurrent.CompletableFuture.get(CompletableFuture.java:1928)
        at org.apache.ratis.util.AwaitForSignal.await(AwaitForSignal.java:56)
        at org.apache.ratis.server.impl.StateMachineUpdater.waitForCommit(StateMachineUpdater.java:207)
        at org.apache.ratis.server.impl.StateMachineUpdater.run(StateMachineUpdater.java:176)
        at java.lang.Thread.run(Thread.java:750)
"8734203a-70d5-40c1-ad48-a2d447aaef1c@group-C8483D63BD31-StateMachineUpdater" daemon prio=5 tid=6696 timed_waiting
java.lang.Thread.State: TIMED_WAITING
        at sun.misc.Unsafe.park(Native Method)
        at java.util.concurrent.locks.LockSupport.parkNanos(LockSupport.java:215)
        at java.util.concurrent.CompletableFuture$Signaller.block(CompletableFuture.java:1709)
        at java.util.concurrent.ForkJoinPool.managedBlock(ForkJoinPool.java:3323)
        at java.util.concurrent.CompletableFuture.timedGet(CompletableFuture.java:1788)
        at java.util.concurrent.CompletableFuture.get(CompletableFuture.java:1928)
        at org.apache.ratis.util.AwaitForSignal.await(AwaitForSignal.java:56)
        at org.apache.ratis.server.impl.StateMachineUpdater.waitForCommit(StateMachineUpdater.java:207)
        at org.apache.ratis.server.impl.StateMachineUpdater.run(StateMachineUpdater.java:176)
        at java.lang.Thread.run(Thread.java:750)
"IPC Server handler 7 on default port 35679" daemon prio=5 tid=5869 timed_waiting
java.lang.Thread.State: TIMED_WAITING
        at sun.misc.Unsafe.park(Native Method)
        at java.util.concurrent.locks.LockSupport.parkNanos(LockSupport.java:215)
        at java.util.concurrent.locks.AbstractQueuedSynchronizer$ConditionObject.awaitNanos(AbstractQueuedSynchronizer.java:2078)
        at java.util.concurrent.LinkedBlockingQueue.poll(LinkedBlockingQueue.java:467)
        at org.apache.hadoop.ipc.CallQueueManager.take(CallQueueManager.java:317)
        at org.apache.hadoop.ipc.Server$Handler.run(Server.java:2942)
"IPC Server handler 7 on default port 40173" daemon prio=5 tid=6115 timed_waiting
java.lang.Thread.State: TIMED_WAITING
        at sun.misc.Unsafe.park(Native Method)
        at java.util.concurrent.locks.LockSupport.parkNanos(LockSupport.java:215)
        at java.util.concurrent.locks.AbstractQueuedSynchronizer$ConditionObject.awaitNanos(AbstractQueuedSynchronizer.java:2078)
        at java.util.concurrent.LinkedBlockingQueue.poll(LinkedBlockingQueue.java:467)
        at org.apache.hadoop.ipc.CallQueueManager.take(CallQueueManager.java:317)
        at org.apache.hadoop.ipc.Server$Handler.run(Server.java:2942)
"qtp1826924318-6090" daemon prio=5 tid=6090 timed_waiting
java.lang.Thread.State: TIMED_WAITING
        at sun.misc.Unsafe.park(Native Method)
        at java.util.concurrent.locks.LockSupport.parkNanos(LockSupport.java:215)
        at java.util.concurrent.locks.AbstractQueuedSynchronizer$ConditionObject.awaitNanos(AbstractQueuedSynchronizer.java:2078)
        at org.eclipse.jetty.util.BlockingArrayQueue.poll(BlockingArrayQueue.java:382)
        at org.eclipse.jetty.util.thread.QueuedThreadPool$Runner.idleJobPoll(QueuedThreadPool.java:974)
        at org.eclipse.jetty.util.thread.QueuedThreadPool$Runner.run(QueuedThreadPool.java:1018)
        at java.lang.Thread.run(Thread.java:750)
"qtp926651341-5288" daemon prio=5 tid=5288 timed_waiting
java.lang.Thread.State: TIMED_WAITING
        at sun.misc.Unsafe.park(Native Method)
        at java.util.concurrent.locks.LockSupport.parkNanos(LockSupport.java:215)
        at java.util.concurrent.locks.AbstractQueuedSynchronizer$ConditionObject.awaitNanos(AbstractQueuedSynchronizer.java:2078)
        at org.eclipse.jetty.util.BlockingArrayQueue.poll(BlockingArrayQueue.java:382)
        at org.eclipse.jetty.util.thread.QueuedThreadPool$Runner.idleJobPoll(QueuedThreadPool.java:974)
        at org.eclipse.jetty.util.thread.QueuedThreadPool$Runner.run(QueuedThreadPool.java:1018)
        at java.lang.Thread.run(Thread.java:750)
"Datanode State Machine Task Thread - 0"  prio=5 tid=6308 in Object.wait()
java.lang.Thread.State: WAITING (on object monitor)
        at sun.misc.Unsafe.park(Native Method)
        at java.util.concurrent.locks.LockSupport.park(LockSupport.java:175)
        at java.util.concurrent.locks.AbstractQueuedSynchronizer$ConditionObject.await(AbstractQueuedSynchronizer.java:2039)
        at java.util.concurrent.LinkedBlockingQueue.take(LinkedBlockingQueue.java:442)
        at java.util.concurrent.ThreadPoolExecutor.getTask(ThreadPoolExecutor.java:1074)
        at java.util.concurrent.ThreadPoolExecutor.runWorker(ThreadPoolExecutor.java:1134)
        at java.util.concurrent.ThreadPoolExecutor$Worker.run(ThreadPoolExecutor.java:624)
        at java.lang.Thread.run(Thread.java:750)
"qtp1433462785-4107" daemon prio=5 tid=4107 timed_waiting
java.lang.Thread.State: TIMED_WAITING
        at sun.misc.Unsafe.park(Native Method)
        at java.util.concurrent.locks.LockSupport.parkNanos(LockSupport.java:215)
        at java.util.concurrent.locks.AbstractQueuedSynchronizer$ConditionObject.awaitNanos(AbstractQueuedSynchronizer.java:2078)
        at org.eclipse.jetty.util.BlockingArrayQueue.poll(BlockingArrayQueue.java:382)
        at org.eclipse.jetty.util.thread.QueuedThreadPool$Runner.idleJobPoll(QueuedThreadPool.java:974)
        at org.eclipse.jetty.util.thread.QueuedThreadPool$Runner.run(QueuedThreadPool.java:1018)
        at java.lang.Thread.run(Thread.java:750)
"ChunkWriter-1-0" daemon prio=5 tid=4137 in Object.wait()
java.lang.Thread.State: WAITING (on object monitor)
        at sun.misc.Unsafe.park(Native Method)
        at java.util.concurrent.locks.LockSupport.park(LockSupport.java:175)
        at java.util.concurrent.locks.AbstractQueuedSynchronizer$ConditionObject.await(AbstractQueuedSynchronizer.java:2039)
        at java.util.concurrent.LinkedBlockingDeque.takeFirst(LinkedBlockingDeque.java:492)
        at java.util.concurrent.LinkedBlockingDeque.take(LinkedBlockingDeque.java:680)
        at java.util.concurrent.ThreadPoolExecutor.getTask(ThreadPoolExecutor.java:1074)
        at java.util.concurrent.ThreadPoolExecutor.runWorker(ThreadPoolExecutor.java:1134)
        at java.util.concurrent.ThreadPoolExecutor$Worker.run(ThreadPoolExecutor.java:624)
        at java.lang.Thread.run(Thread.java:750)
"ed0c9528-2c8b-4614-9eef-2d120a058ddc@group-C8483D63BD31-StateMachineUpdater" daemon prio=5 tid=6683 timed_waiting
java.lang.Thread.State: TIMED_WAITING
        at sun.misc.Unsafe.park(Native Method)
        at java.util.concurrent.locks.LockSupport.parkNanos(LockSupport.java:215)
        at java.util.concurrent.CompletableFuture$Signaller.block(CompletableFuture.java:1709)
        at java.util.concurrent.ForkJoinPool.managedBlock(ForkJoinPool.java:3323)
        at java.util.concurrent.CompletableFuture.timedGet(CompletableFuture.java:1788)
        at java.util.concurrent.CompletableFuture.get(CompletableFuture.java:1928)
        at org.apache.ratis.util.AwaitForSignal.await(AwaitForSignal.java:56)
        at org.apache.ratis.server.impl.StateMachineUpdater.waitForCommit(StateMachineUpdater.java:207)
        at org.apache.ratis.server.impl.StateMachineUpdater.run(StateMachineUpdater.java:176)
        at java.lang.Thread.run(Thread.java:750)
"IPC Server Responder" daemon prio=5 tid=4548 runnable
java.lang.Thread.State: RUNNABLE
        at sun.nio.ch.EPollArrayWrapper.epollWait(Native Method)
        at sun.nio.ch.EPollArrayWrapper.poll(EPollArrayWrapper.java:269)
        at sun.nio.ch.EPollSelectorImpl.doSelect(EPollSelectorImpl.java:93)
        at sun.nio.ch.SelectorImpl.lockAndDoSelect(SelectorImpl.java:86)
        at sun.nio.ch.SelectorImpl.select(SelectorImpl.java:97)
        at org.apache.hadoop.ipc.Server$Responder.doRunLoop(Server.java:1532)
        at org.apache.hadoop.ipc.Server$Responder.run(Server.java:1515)
"Datanode ReportManager Thread - 0" daemon prio=5 tid=3950 in Object.wait()
java.lang.Thread.State: WAITING (on object monitor)
        at sun.misc.Unsafe.park(Native Method)
        at java.util.concurrent.locks.LockSupport.park(LockSupport.java:175)
        at java.util.concurrent.locks.AbstractQueuedSynchronizer$ConditionObject.await(AbstractQueuedSynchronizer.java:2039)
        at java.util.concurrent.ScheduledThreadPoolExecutor$DelayedWorkQueue.take(ScheduledThreadPoolExecutor.java:1088)
        at java.util.concurrent.ScheduledThreadPoolExecutor$DelayedWorkQueue.take(ScheduledThreadPoolExecutor.java:809)
        at java.util.concurrent.ThreadPoolExecutor.getTask(ThreadPoolExecutor.java:1074)
        at java.util.concurrent.ThreadPoolExecutor.runWorker(ThreadPoolExecutor.java:1134)
        at java.util.concurrent.ThreadPoolExecutor$Worker.run(ThreadPoolExecutor.java:624)
        at java.lang.Thread.run(Thread.java:750)
"qtp896413985-5156" daemon prio=5 tid=5156 timed_waiting
java.lang.Thread.State: TIMED_WAITING
        at sun.misc.Unsafe.park(Native Method)
        at java.util.concurrent.locks.LockSupport.parkNanos(LockSupport.java:215)
        at java.util.concurrent.locks.AbstractQueuedSynchronizer$ConditionObject.awaitNanos(AbstractQueuedSynchronizer.java:2078)
        at org.eclipse.jetty.util.BlockingArrayQueue.poll(BlockingArrayQueue.java:382)
        at org.eclipse.jetty.util.thread.QueuedThreadPool$Runner.idleJobPoll(QueuedThreadPool.java:974)
        at org.eclipse.jetty.util.thread.QueuedThreadPool$Runner.run(QueuedThreadPool.java:1018)
        at java.lang.Thread.run(Thread.java:750)
"IPC Server handler 13 on default port 36781" daemon prio=5 tid=4628 timed_waiting
java.lang.Thread.State: TIMED_WAITING
        at sun.misc.Unsafe.park(Native Method)
        at java.util.concurrent.locks.LockSupport.parkNanos(LockSupport.java:215)
        at java.util.concurrent.locks.AbstractQueuedSynchronizer$ConditionObject.awaitNanos(AbstractQueuedSynchronizer.java:2078)
        at java.util.concurrent.LinkedBlockingQueue.poll(LinkedBlockingQueue.java:467)
        at org.apache.hadoop.ipc.CallQueueManager.take(CallQueueManager.java:317)
        at org.apache.hadoop.ipc.Server$Handler.run(Server.java:2942)
"qtp204487169-6320" daemon prio=5 tid=6320 timed_waiting
java.lang.Thread.State: TIMED_WAITING
        at sun.misc.Unsafe.park(Native Method)
        at java.util.concurrent.locks.LockSupport.parkNanos(LockSupport.java:215)
        at java.util.concurrent.locks.AbstractQueuedSynchronizer$ConditionObject.awaitNanos(AbstractQueuedSynchronizer.java:2078)
        at org.eclipse.jetty.util.BlockingArrayQueue.poll(BlockingArrayQueue.java:382)
        at org.eclipse.jetty.util.thread.QueuedThreadPool$Runner.idleJobPoll(QueuedThreadPool.java:974)
        at org.eclipse.jetty.util.thread.QueuedThreadPool$Runner.run(QueuedThreadPool.java:1018)
        at java.lang.Thread.run(Thread.java:750)
"IPC Server handler 4 on default port 46525" daemon prio=5 tid=3798 timed_waiting
java.lang.Thread.State: TIMED_WAITING
        at sun.misc.Unsafe.park(Native Method)
        at java.util.concurrent.locks.LockSupport.parkNanos(LockSupport.java:215)
        at java.util.concurrent.locks.AbstractQueuedSynchronizer$ConditionObject.awaitNanos(AbstractQueuedSynchronizer.java:2078)
        at java.util.concurrent.LinkedBlockingQueue.poll(LinkedBlockingQueue.java:467)
        at org.apache.hadoop.ipc.CallQueueManager.take(CallQueueManager.java:317)
        at org.apache.hadoop.ipc.Server$Handler.run(Server.java:2942)
"IPC Server handler 4 on default port 35421" daemon prio=5 tid=4579 timed_waiting
java.lang.Thread.State: TIMED_WAITING
        at sun.misc.Unsafe.park(Native Method)
        at java.util.concurrent.locks.LockSupport.parkNanos(LockSupport.java:215)
        at java.util.concurrent.locks.AbstractQueuedSynchronizer$ConditionObject.awaitNanos(AbstractQueuedSynchronizer.java:2078)
        at java.util.concurrent.LinkedBlockingQueue.poll(LinkedBlockingQueue.java:467)
        at org.apache.hadoop.ipc.CallQueueManager.take(CallQueueManager.java:317)
        at org.apache.hadoop.ipc.Server$Handler.run(Server.java:2942)
"IPC Server handler 2 on default port 43819" daemon prio=5 tid=5844 timed_waiting
java.lang.Thread.State: TIMED_WAITING
        at sun.misc.Unsafe.park(Native Method)
        at java.util.concurrent.locks.LockSupport.parkNanos(LockSupport.java:215)
        at java.util.concurrent.locks.AbstractQueuedSynchronizer$ConditionObject.awaitNanos(AbstractQueuedSynchronizer.java:2078)
        at java.util.concurrent.LinkedBlockingQueue.poll(LinkedBlockingQueue.java:467)
        at org.apache.hadoop.ipc.CallQueueManager.take(CallQueueManager.java:317)
        at org.apache.hadoop.ipc.Server$Handler.run(Server.java:2942)
"0e59cd28-e34a-4544-a63c-9bf8db58f2a0@group-9015FB128463->859fee52-0ce0-4420-ab82-e0e92b354dcb-GrpcLogAppender-LogAppenderDaemon" daemon prio=5 tid=4499 timed_waiting
java.lang.Thread.State: TIMED_WAITING
        at sun.misc.Unsafe.park(Native Method)
        at java.util.concurrent.locks.LockSupport.parkNanos(LockSupport.java:215)
        at java.util.concurrent.CompletableFuture$Signaller.block(CompletableFuture.java:1709)
        at java.util.concurrent.ForkJoinPool.managedBlock(ForkJoinPool.java:3323)
        at java.util.concurrent.CompletableFuture.timedGet(CompletableFuture.java:1788)
        at java.util.concurrent.CompletableFuture.get(CompletableFuture.java:1928)
        at org.apache.ratis.util.AwaitForSignal.await(AwaitForSignal.java:56)
        at org.apache.ratis.grpc.server.GrpcLogAppender.mayWait(GrpcLogAppender.java:169)
        at org.apache.ratis.grpc.server.GrpcLogAppender.run(GrpcLogAppender.java:128)
        at org.apache.ratis.server.leader.LogAppenderDaemon.run(LogAppenderDaemon.java:77)
        at org.apache.ratis.server.leader.LogAppenderDaemon$$Lambda$1044/613649554.run(Unknown Source)
        at java.lang.Thread.run(Thread.java:750)
"Session-HouseKeeper-64112d2e-1"  prio=5 tid=6379 timed_waiting
java.lang.Thread.State: TIMED_WAITING
        at sun.misc.Unsafe.park(Native Method)
        at java.util.concurrent.locks.LockSupport.parkNanos(LockSupport.java:215)
        at java.util.concurrent.locks.AbstractQueuedSynchronizer$ConditionObject.awaitNanos(AbstractQueuedSynchronizer.java:2078)
        at java.util.concurrent.ScheduledThreadPoolExecutor$DelayedWorkQueue.take(ScheduledThreadPoolExecutor.java:1093)
        at java.util.concurrent.ScheduledThreadPoolExecutor$DelayedWorkQueue.take(ScheduledThreadPoolExecutor.java:809)
        at java.util.concurrent.ThreadPoolExecutor.getTask(ThreadPoolExecutor.java:1074)
        at java.util.concurrent.ThreadPoolExecutor.runWorker(ThreadPoolExecutor.java:1134)
        at java.util.concurrent.ThreadPoolExecutor$Worker.run(ThreadPoolExecutor.java:624)
        at java.lang.Thread.run(Thread.java:750)
"Over Replicated Processor" daemon prio=5 tid=6772 timed_waiting
java.lang.Thread.State: TIMED_WAITING
        at java.lang.Object.wait(Native Method)
        at org.apache.hadoop.hdds.scm.container.replication.OverReplicatedProcessor.run(OverReplicatedProcessor.java:131)
        at java.lang.Thread.run(Thread.java:750)
"a759a49b-3cd3-49e9-826c-16e7b00ba8b7@group-8C1DE3C4B685-StateMachineUpdater" daemon prio=5 tid=6384 timed_waiting
java.lang.Thread.State: TIMED_WAITING
        at sun.misc.Unsafe.park(Native Method)
        at java.util.concurrent.locks.LockSupport.parkNanos(LockSupport.java:215)
        at java.util.concurrent.CompletableFuture$Signaller.block(CompletableFuture.java:1709)
        at java.util.concurrent.ForkJoinPool.managedBlock(ForkJoinPool.java:3323)
        at java.util.concurrent.CompletableFuture.timedGet(CompletableFuture.java:1788)
        at java.util.concurrent.CompletableFuture.get(CompletableFuture.java:1928)
        at org.apache.ratis.util.AwaitForSignal.await(AwaitForSignal.java:56)
        at org.apache.ratis.server.impl.StateMachineUpdater.waitForCommit(StateMachineUpdater.java:207)
        at org.apache.ratis.server.impl.StateMachineUpdater.run(StateMachineUpdater.java:176)
        at java.lang.Thread.run(Thread.java:750)
"pool-2368-thread-1" daemon prio=5 tid=4093 timed_waiting
java.lang.Thread.State: TIMED_WAITING
        at sun.misc.Unsafe.park(Native Method)
        at java.util.concurrent.locks.LockSupport.parkNanos(LockSupport.java:215)
        at java.util.concurrent.locks.AbstractQueuedSynchronizer$ConditionObject.awaitNanos(AbstractQueuedSynchronizer.java:2078)
        at java.util.concurrent.ScheduledThreadPoolExecutor$DelayedWorkQueue.take(ScheduledThreadPoolExecutor.java:1093)
        at java.util.concurrent.ScheduledThreadPoolExecutor$DelayedWorkQueue.take(ScheduledThreadPoolExecutor.java:809)
        at java.util.concurrent.ThreadPoolExecutor.getTask(ThreadPoolExecutor.java:1074)
        at java.util.concurrent.ThreadPoolExecutor.runWorker(ThreadPoolExecutor.java:1134)
        at java.util.concurrent.ThreadPoolExecutor$Worker.run(ThreadPoolExecutor.java:624)
        at java.lang.Thread.run(Thread.java:750)
"7fbbdba2-60d2-4bcb-9af9-465dc1fc8d8a@group-50B708ACB90C-SegmentedRaftLogWorker"  prio=5 tid=6653 timed_waiting
java.lang.Thread.State: TIMED_WAITING
        at sun.misc.Unsafe.park(Native Method)
        at java.util.concurrent.locks.LockSupport.parkNanos(LockSupport.java:215)
        at java.util.concurrent.locks.AbstractQueuedSynchronizer$ConditionObject.awaitNanos(AbstractQueuedSynchronizer.java:2078)
        at org.apache.ratis.util.DataBlockingQueue.poll(DataBlockingQueue.java:148)
        at org.apache.ratis.server.raftlog.segmented.SegmentedRaftLogWorker.run(SegmentedRaftLogWorker.java:301)
        at org.apache.ratis.server.raftlog.segmented.SegmentedRaftLogWorker$$Lambda$646/1639153477.run(Unknown Source)
        at java.lang.Thread.run(Thread.java:750)
"IPC Server handler 16 on default port 35421" daemon prio=5 tid=4591 timed_waiting
java.lang.Thread.State: TIMED_WAITING
        at sun.misc.Unsafe.park(Native Method)
        at java.util.concurrent.locks.LockSupport.parkNanos(LockSupport.java:215)
        at java.util.concurrent.locks.AbstractQueuedSynchronizer$ConditionObject.awaitNanos(AbstractQueuedSynchronizer.java:2078)
        at java.util.concurrent.LinkedBlockingQueue.poll(LinkedBlockingQueue.java:467)
        at org.apache.hadoop.ipc.CallQueueManager.take(CallQueueManager.java:317)
        at org.apache.hadoop.ipc.Server$Handler.run(Server.java:2942)
"ed0c9528-2c8b-4614-9eef-2d120a058ddc@group-3893D176C8F0-LeaderStateImpl" daemon prio=5 tid=6757 timed_waiting
java.lang.Thread.State: TIMED_WAITING
        at sun.misc.Unsafe.park(Native Method)
        at java.util.concurrent.locks.LockSupport.parkNanos(LockSupport.java:215)
        at java.util.concurrent.locks.AbstractQueuedSynchronizer$ConditionObject.awaitNanos(AbstractQueuedSynchronizer.java:2078)
        at java.util.concurrent.ArrayBlockingQueue.poll(ArrayBlockingQueue.java:418)
        at org.apache.ratis.server.impl.LeaderStateImpl$EventQueue.poll(LeaderStateImpl.java:159)
        at org.apache.ratis.server.impl.LeaderStateImpl$EventProcessor.run(LeaderStateImpl.java:630)
"om1@group-C5BA1605619E-SegmentedRaftLogWorker"  prio=5 tid=5985 timed_waiting
java.lang.Thread.State: TIMED_WAITING
        at sun.misc.Unsafe.park(Native Method)
        at java.util.concurrent.locks.LockSupport.parkNanos(LockSupport.java:215)
        at java.util.concurrent.locks.AbstractQueuedSynchronizer$ConditionObject.awaitNanos(AbstractQueuedSynchronizer.java:2078)
        at org.apache.ratis.util.DataBlockingQueue.poll(DataBlockingQueue.java:148)
        at org.apache.ratis.server.raftlog.segmented.SegmentedRaftLogWorker.run(SegmentedRaftLogWorker.java:301)
        at org.apache.ratis.server.raftlog.segmented.SegmentedRaftLogWorker$$Lambda$646/1639153477.run(Unknown Source)
        at java.lang.Thread.run(Thread.java:750)
"Datanode ReportManager Thread - 1" daemon prio=5 tid=5255 in Object.wait()
java.lang.Thread.State: WAITING (on object monitor)
        at sun.misc.Unsafe.park(Native Method)
        at java.util.concurrent.locks.LockSupport.park(LockSupport.java:175)
        at java.util.concurrent.locks.AbstractQueuedSynchronizer$ConditionObject.await(AbstractQueuedSynchronizer.java:2039)
        at java.util.concurrent.ScheduledThreadPoolExecutor$DelayedWorkQueue.take(ScheduledThreadPoolExecutor.java:1088)
        at java.util.concurrent.ScheduledThreadPoolExecutor$DelayedWorkQueue.take(ScheduledThreadPoolExecutor.java:809)
        at java.util.concurrent.ThreadPoolExecutor.getTask(ThreadPoolExecutor.java:1074)
        at java.util.concurrent.ThreadPoolExecutor.runWorker(ThreadPoolExecutor.java:1134)
        at java.util.concurrent.ThreadPoolExecutor$Worker.run(ThreadPoolExecutor.java:624)
        at java.lang.Thread.run(Thread.java:750)
"ContainerReplicationThread-1" daemon prio=5 tid=6931 in Object.wait()
java.lang.Thread.State: WAITING (on object monitor)
        at sun.misc.Unsafe.park(Native Method)
        at java.util.concurrent.locks.LockSupport.park(LockSupport.java:175)
        at java.util.concurrent.locks.AbstractQueuedSynchronizer$ConditionObject.await(AbstractQueuedSynchronizer.java:2039)
        at java.util.concurrent.LinkedBlockingQueue.take(LinkedBlockingQueue.java:442)
        at java.util.concurrent.ThreadPoolExecutor.getTask(ThreadPoolExecutor.java:1074)
        at java.util.concurrent.ThreadPoolExecutor.runWorker(ThreadPoolExecutor.java:1134)
        at java.util.concurrent.ThreadPoolExecutor$Worker.run(ThreadPoolExecutor.java:624)
        at java.lang.Thread.run(Thread.java:750)
"ChunkWriter-0-0" daemon prio=5 tid=5376 in Object.wait()
java.lang.Thread.State: WAITING (on object monitor)
        at sun.misc.Unsafe.park(Native Method)
        at java.util.concurrent.locks.LockSupport.park(LockSupport.java:175)
        at java.util.concurrent.locks.AbstractQueuedSynchronizer$ConditionObject.await(AbstractQueuedSynchronizer.java:2039)
        at java.util.concurrent.LinkedBlockingDeque.takeFirst(LinkedBlockingDeque.java:492)
        at java.util.concurrent.LinkedBlockingDeque.take(LinkedBlockingDeque.java:680)
        at java.util.concurrent.ThreadPoolExecutor.getTask(ThreadPoolExecutor.java:1074)
        at java.util.concurrent.ThreadPoolExecutor.runWorker(ThreadPoolExecutor.java:1134)
        at java.util.concurrent.ThreadPoolExecutor$Worker.run(ThreadPoolExecutor.java:624)
        at java.lang.Thread.run(Thread.java:750)
"BlockDeletingService#1" daemon prio=5 tid=5366 timed_waiting
java.lang.Thread.State: TIMED_WAITING
        at sun.misc.Unsafe.park(Native Method)
        at java.util.concurrent.locks.LockSupport.parkNanos(LockSupport.java:215)
        at java.util.concurrent.locks.AbstractQueuedSynchronizer$ConditionObject.awaitNanos(AbstractQueuedSynchronizer.java:2078)
        at java.util.concurrent.ScheduledThreadPoolExecutor$DelayedWorkQueue.take(ScheduledThreadPoolExecutor.java:1093)
        at java.util.concurrent.ScheduledThreadPoolExecutor$DelayedWorkQueue.take(ScheduledThreadPoolExecutor.java:809)
        at java.util.concurrent.ThreadPoolExecutor.getTask(ThreadPoolExecutor.java:1074)
        at java.util.concurrent.ThreadPoolExecutor.runWorker(ThreadPoolExecutor.java:1134)
        at java.util.concurrent.ThreadPoolExecutor$Worker.run(ThreadPoolExecutor.java:624)
        at java.lang.Thread.run(Thread.java:750)
"7c212dc6-cebf-495f-bd67-bd25421d8adf@group-265FEEA93700-SegmentedRaftLogWorker"  prio=5 tid=5459 timed_waiting
java.lang.Thread.State: TIMED_WAITING
        at sun.misc.Unsafe.park(Native Method)
        at java.util.concurrent.locks.LockSupport.parkNanos(LockSupport.java:215)
        at java.util.concurrent.locks.AbstractQueuedSynchronizer$ConditionObject.awaitNanos(AbstractQueuedSynchronizer.java:2078)
        at org.apache.ratis.util.DataBlockingQueue.poll(DataBlockingQueue.java:148)
        at org.apache.ratis.server.raftlog.segmented.SegmentedRaftLogWorker.run(SegmentedRaftLogWorker.java:301)
        at org.apache.ratis.server.raftlog.segmented.SegmentedRaftLogWorker$$Lambda$646/1639153477.run(Unknown Source)
        at java.lang.Thread.run(Thread.java:750)
"ChunkReader-ELG-0" daemon prio=5 tid=6510 runnable
java.lang.Thread.State: RUNNABLE
        at org.apache.ratis.thirdparty.io.netty.channel.epoll.Native.epollWait(Native Method)
        at org.apache.ratis.thirdparty.io.netty.channel.epoll.Native.epollWait(Native.java:193)
        at org.apache.ratis.thirdparty.io.netty.channel.epoll.Native.epollWait(Native.java:186)
        at org.apache.ratis.thirdparty.io.netty.channel.epoll.EpollEventLoop.epollWaitNoTimerChange(EpollEventLoop.java:290)
        at org.apache.ratis.thirdparty.io.netty.channel.epoll.EpollEventLoop.run(EpollEventLoop.java:347)
        at org.apache.ratis.thirdparty.io.netty.util.concurrent.SingleThreadEventExecutor$4.run(SingleThreadEventExecutor.java:986)
        at org.apache.ratis.thirdparty.io.netty.util.internal.ThreadExecutorMap$2.run(ThreadExecutorMap.java:74)
        at java.lang.Thread.run(Thread.java:750)
"DataNode DiskChecker thread 0" daemon prio=5 tid=6283 timed_waiting
java.lang.Thread.State: TIMED_WAITING
        at sun.misc.Unsafe.park(Native Method)
        at java.util.concurrent.locks.LockSupport.parkNanos(LockSupport.java:215)
        at java.util.concurrent.SynchronousQueue$TransferStack.awaitFulfill(SynchronousQueue.java:460)
        at java.util.concurrent.SynchronousQueue$TransferStack.transfer(SynchronousQueue.java:362)
        at java.util.concurrent.SynchronousQueue.poll(SynchronousQueue.java:941)
        at java.util.concurrent.ThreadPoolExecutor.getTask(ThreadPoolExecutor.java:1073)
        at java.util.concurrent.ThreadPoolExecutor.runWorker(ThreadPoolExecutor.java:1134)
        at java.util.concurrent.ThreadPoolExecutor$Worker.run(ThreadPoolExecutor.java:624)
        at java.lang.Thread.run(Thread.java:750)
"IPC Server handler 0 on default port 35863" daemon prio=5 tid=5882 timed_waiting
java.lang.Thread.State: TIMED_WAITING
        at sun.misc.Unsafe.park(Native Method)
        at java.util.concurrent.locks.LockSupport.parkNanos(LockSupport.java:215)
        at java.util.concurrent.locks.AbstractQueuedSynchronizer$ConditionObject.awaitNanos(AbstractQueuedSynchronizer.java:2078)
        at java.util.concurrent.LinkedBlockingQueue.poll(LinkedBlockingQueue.java:467)
        at org.apache.hadoop.ipc.CallQueueManager.take(CallQueueManager.java:317)
        at org.apache.hadoop.ipc.Server$Handler.run(Server.java:2942)
"ChunkReader-ELG-0" daemon prio=5 tid=5398 runnable
java.lang.Thread.State: RUNNABLE
        at org.apache.ratis.thirdparty.io.netty.channel.epoll.Native.epollWait(Native Method)
        at org.apache.ratis.thirdparty.io.netty.channel.epoll.Native.epollWait(Native.java:193)
        at org.apache.ratis.thirdparty.io.netty.channel.epoll.Native.epollWait(Native.java:186)
        at org.apache.ratis.thirdparty.io.netty.channel.epoll.EpollEventLoop.epollWaitNoTimerChange(EpollEventLoop.java:290)
        at org.apache.ratis.thirdparty.io.netty.channel.epoll.EpollEventLoop.run(EpollEventLoop.java:347)
        at org.apache.ratis.thirdparty.io.netty.util.concurrent.SingleThreadEventExecutor$4.run(SingleThreadEventExecutor.java:986)
        at org.apache.ratis.thirdparty.io.netty.util.internal.ThreadExecutorMap$2.run(ThreadExecutorMap.java:74)
        at java.lang.Thread.run(Thread.java:750)
"7f555f3a-b754-420b-b6ea-bc4a43db69c9-server-thread1" daemon prio=5 tid=7000 timed_waiting
java.lang.Thread.State: TIMED_WAITING
        at sun.misc.Unsafe.park(Native Method)
        at java.util.concurrent.locks.LockSupport.parkNanos(LockSupport.java:215)
        at java.util.concurrent.SynchronousQueue$TransferStack.awaitFulfill(SynchronousQueue.java:460)
        at java.util.concurrent.SynchronousQueue$TransferStack.transfer(SynchronousQueue.java:362)
        at java.util.concurrent.SynchronousQueue.poll(SynchronousQueue.java:941)
        at java.util.concurrent.ThreadPoolExecutor.getTask(ThreadPoolExecutor.java:1073)
        at java.util.concurrent.ThreadPoolExecutor.runWorker(ThreadPoolExecutor.java:1134)
        at java.util.concurrent.ThreadPoolExecutor$Worker.run(ThreadPoolExecutor.java:624)
        at java.lang.Thread.run(Thread.java:750)
"IPC Server handler 17 on default port 40173" daemon prio=5 tid=6125 timed_waiting
java.lang.Thread.State: TIMED_WAITING
        at sun.misc.Unsafe.park(Native Method)
        at java.util.concurrent.locks.LockSupport.parkNanos(LockSupport.java:215)
        at java.util.concurrent.locks.AbstractQueuedSynchronizer$ConditionObject.awaitNanos(AbstractQueuedSynchronizer.java:2078)
        at java.util.concurrent.LinkedBlockingQueue.poll(LinkedBlockingQueue.java:467)
        at org.apache.hadoop.ipc.CallQueueManager.take(CallQueueManager.java:317)
        at org.apache.hadoop.ipc.Server$Handler.run(Server.java:2942)
"Datanode State Machine Daemon Thread" daemon prio=5 tid=4007 timed_waiting
java.lang.Thread.State: TIMED_WAITING
        at java.lang.Thread.sleep(Native Method)
        at org.apache.hadoop.ozone.container.common.statemachine.DatanodeStateMachine.startStateMachineThread(DatanodeStateMachine.java:313)
        at org.apache.hadoop.ozone.container.common.statemachine.DatanodeStateMachine.lambda$startDaemon$0(DatanodeStateMachine.java:493)
        at org.apache.hadoop.ozone.container.common.statemachine.DatanodeStateMachine$$Lambda$761/216690043.run(Unknown Source)
        at java.lang.Thread.run(Thread.java:750)
"BlockDeletingService#1" daemon prio=5 tid=6492 in Object.wait()
java.lang.Thread.State: WAITING (on object monitor)
        at sun.misc.Unsafe.park(Native Method)
        at java.util.concurrent.locks.LockSupport.park(LockSupport.java:175)
        at java.util.concurrent.locks.AbstractQueuedSynchronizer$ConditionObject.await(AbstractQueuedSynchronizer.java:2039)
        at java.util.concurrent.ScheduledThreadPoolExecutor$DelayedWorkQueue.take(ScheduledThreadPoolExecutor.java:1088)
        at java.util.concurrent.ScheduledThreadPoolExecutor$DelayedWorkQueue.take(ScheduledThreadPoolExecutor.java:809)
        at java.util.concurrent.ThreadPoolExecutor.getTask(ThreadPoolExecutor.java:1074)
        at java.util.concurrent.ThreadPoolExecutor.runWorker(ThreadPoolExecutor.java:1134)
        at java.util.concurrent.ThreadPoolExecutor$Worker.run(ThreadPoolExecutor.java:624)
        at java.lang.Thread.run(Thread.java:750)
"qtp1826924318-6097" daemon prio=5 tid=6097 timed_waiting
java.lang.Thread.State: TIMED_WAITING
        at sun.misc.Unsafe.park(Native Method)
        at java.util.concurrent.locks.LockSupport.parkNanos(LockSupport.java:215)
        at java.util.concurrent.locks.AbstractQueuedSynchronizer$ConditionObject.awaitNanos(AbstractQueuedSynchronizer.java:2078)
        at org.eclipse.jetty.util.BlockingArrayQueue.poll(BlockingArrayQueue.java:382)
        at org.eclipse.jetty.util.thread.QueuedThreadPool$Runner.idleJobPoll(QueuedThreadPool.java:974)
        at org.eclipse.jetty.util.thread.QueuedThreadPool$Runner.run(QueuedThreadPool.java:1018)
        at java.lang.Thread.run(Thread.java:750)
"IPC Server handler 18 on default port 42971" daemon prio=5 tid=6849 timed_waiting
java.lang.Thread.State: TIMED_WAITING
        at sun.misc.Unsafe.park(Native Method)
        at java.util.concurrent.locks.LockSupport.parkNanos(LockSupport.java:215)
        at java.util.concurrent.locks.AbstractQueuedSynchronizer$ConditionObject.awaitNanos(AbstractQueuedSynchronizer.java:2078)
        at java.util.concurrent.LinkedBlockingQueue.poll(LinkedBlockingQueue.java:467)
        at org.apache.hadoop.ipc.CallQueueManager.take(CallQueueManager.java:317)
        at org.apache.hadoop.ipc.Server$Handler.run(Server.java:2942)
"IPC Server handler 0 on default port 36781" daemon prio=5 tid=4615 timed_waiting
java.lang.Thread.State: TIMED_WAITING
        at sun.misc.Unsafe.park(Native Method)
        at java.util.concurrent.locks.LockSupport.parkNanos(LockSupport.java:215)
        at java.util.concurrent.locks.AbstractQueuedSynchronizer$ConditionObject.awaitNanos(AbstractQueuedSynchronizer.java:2078)
        at java.util.concurrent.LinkedBlockingQueue.poll(LinkedBlockingQueue.java:467)
        at org.apache.hadoop.ipc.CallQueueManager.take(CallQueueManager.java:317)
        at org.apache.hadoop.ipc.Server$Handler.run(Server.java:2942)
"BlockDeletingService#0" daemon prio=5 tid=5328 in Object.wait()
java.lang.Thread.State: WAITING (on object monitor)
        at sun.misc.Unsafe.park(Native Method)
        at java.util.concurrent.locks.LockSupport.park(LockSupport.java:175)
        at java.util.concurrent.locks.AbstractQueuedSynchronizer$ConditionObject.await(AbstractQueuedSynchronizer.java:2039)
        at java.util.concurrent.ScheduledThreadPoolExecutor$DelayedWorkQueue.take(ScheduledThreadPoolExecutor.java:1088)
        at java.util.concurrent.ScheduledThreadPoolExecutor$DelayedWorkQueue.take(ScheduledThreadPoolExecutor.java:809)
        at java.util.concurrent.ThreadPoolExecutor.getTask(ThreadPoolExecutor.java:1074)
        at java.util.concurrent.ThreadPoolExecutor.runWorker(ThreadPoolExecutor.java:1134)
        at java.util.concurrent.ThreadPoolExecutor$Worker.run(ThreadPoolExecutor.java:624)
        at java.lang.Thread.run(Thread.java:750)
"qtp665541217-4953-acceptor-0@5fd66188-ServerConnector@d7f6d0d{HTTP/1.1, (http/1.1)}{0.0.0.0:43143}" daemon prio=3 tid=4953 runnable
java.lang.Thread.State: RUNNABLE
        at sun.nio.ch.ServerSocketChannelImpl.accept0(Native Method)
        at sun.nio.ch.ServerSocketChannelImpl.accept(ServerSocketChannelImpl.java:421)
        at sun.nio.ch.ServerSocketChannelImpl.accept(ServerSocketChannelImpl.java:249)
        at org.eclipse.jetty.server.ServerConnector.accept(ServerConnector.java:388)
        at org.eclipse.jetty.server.AbstractConnector$Acceptor.run(AbstractConnector.java:702)
        at org.eclipse.jetty.util.thread.QueuedThreadPool.runJob(QueuedThreadPool.java:883)
        at org.eclipse.jetty.util.thread.QueuedThreadPool$Runner.run(QueuedThreadPool.java:1034)
        at java.lang.Thread.run(Thread.java:750)
"ChunkWriter-3-0" daemon prio=5 tid=6475 in Object.wait()
java.lang.Thread.State: WAITING (on object monitor)
        at sun.misc.Unsafe.park(Native Method)
        at java.util.concurrent.locks.LockSupport.park(LockSupport.java:175)
        at java.util.concurrent.locks.AbstractQueuedSynchronizer$ConditionObject.await(AbstractQueuedSynchronizer.java:2039)
        at java.util.concurrent.LinkedBlockingDeque.takeFirst(LinkedBlockingDeque.java:492)
        at java.util.concurrent.LinkedBlockingDeque.take(LinkedBlockingDeque.java:680)
        at java.util.concurrent.ThreadPoolExecutor.getTask(ThreadPoolExecutor.java:1074)
        at java.util.concurrent.ThreadPoolExecutor.runWorker(ThreadPoolExecutor.java:1134)
        at java.util.concurrent.ThreadPoolExecutor$Worker.run(ThreadPoolExecutor.java:624)
        at java.lang.Thread.run(Thread.java:750)
"IPC Server handler 18 on default port 35863" daemon prio=5 tid=5900 timed_waiting
java.lang.Thread.State: TIMED_WAITING
        at sun.misc.Unsafe.park(Native Method)
        at java.util.concurrent.locks.LockSupport.parkNanos(LockSupport.java:215)
        at java.util.concurrent.locks.AbstractQueuedSynchronizer$ConditionObject.awaitNanos(AbstractQueuedSynchronizer.java:2078)
        at java.util.concurrent.LinkedBlockingQueue.poll(LinkedBlockingQueue.java:467)
        at org.apache.hadoop.ipc.CallQueueManager.take(CallQueueManager.java:317)
        at org.apache.hadoop.ipc.Server$Handler.run(Server.java:2942)
"qtp204487169-6323" daemon prio=5 tid=6323 timed_waiting
java.lang.Thread.State: TIMED_WAITING
        at sun.misc.Unsafe.park(Native Method)
        at java.util.concurrent.locks.LockSupport.parkNanos(LockSupport.java:215)
        at java.util.concurrent.locks.AbstractQueuedSynchronizer$ConditionObject.awaitNanos(AbstractQueuedSynchronizer.java:2078)
        at org.eclipse.jetty.util.BlockingArrayQueue.poll(BlockingArrayQueue.java:382)
        at org.eclipse.jetty.util.thread.QueuedThreadPool$Runner.idleJobPoll(QueuedThreadPool.java:974)
        at org.eclipse.jetty.util.thread.QueuedThreadPool$Runner.run(QueuedThreadPool.java:1018)
        at java.lang.Thread.run(Thread.java:750)
"IPC Server handler 7 on default port 35421" daemon prio=5 tid=4582 timed_waiting
java.lang.Thread.State: TIMED_WAITING
        at sun.misc.Unsafe.park(Native Method)
        at java.util.concurrent.locks.LockSupport.parkNanos(LockSupport.java:215)
        at java.util.concurrent.locks.AbstractQueuedSynchronizer$ConditionObject.awaitNanos(AbstractQueuedSynchronizer.java:2078)
        at java.util.concurrent.LinkedBlockingQueue.poll(LinkedBlockingQueue.java:467)
        at org.apache.hadoop.ipc.CallQueueManager.take(CallQueueManager.java:317)
        at org.apache.hadoop.ipc.Server$Handler.run(Server.java:2942)
"DataNode DiskChecker thread 0" daemon prio=5 tid=6365 timed_waiting
java.lang.Thread.State: TIMED_WAITING
        at sun.misc.Unsafe.park(Native Method)
        at java.util.concurrent.locks.LockSupport.parkNanos(LockSupport.java:215)
        at java.util.concurrent.SynchronousQueue$TransferStack.awaitFulfill(SynchronousQueue.java:460)
        at java.util.concurrent.SynchronousQueue$TransferStack.transfer(SynchronousQueue.java:362)
        at java.util.concurrent.SynchronousQueue.poll(SynchronousQueue.java:941)
        at java.util.concurrent.ThreadPoolExecutor.getTask(ThreadPoolExecutor.java:1073)
        at java.util.concurrent.ThreadPoolExecutor.runWorker(ThreadPoolExecutor.java:1134)
        at java.util.concurrent.ThreadPoolExecutor$Worker.run(ThreadPoolExecutor.java:624)
        at java.lang.Thread.run(Thread.java:750)
"IPC Server handler 1 on default port 35375" daemon prio=5 tid=4877 timed_waiting
java.lang.Thread.State: TIMED_WAITING
        at sun.misc.Unsafe.park(Native Method)
        at java.util.concurrent.locks.LockSupport.parkNanos(LockSupport.java:215)
        at java.util.concurrent.locks.AbstractQueuedSynchronizer$ConditionObject.awaitNanos(AbstractQueuedSynchronizer.java:2078)
        at java.util.concurrent.LinkedBlockingQueue.poll(LinkedBlockingQueue.java:467)
        at org.apache.hadoop.ipc.CallQueueManager.take(CallQueueManager.java:317)
        at org.apache.hadoop.ipc.Server$Handler.run(Server.java:2942)
"qtp625773794-6378" daemon prio=5 tid=6378 timed_waiting
java.lang.Thread.State: TIMED_WAITING
        at sun.misc.Unsafe.park(Native Method)
        at java.util.concurrent.locks.LockSupport.parkNanos(LockSupport.java:215)
        at java.util.concurrent.locks.AbstractQueuedSynchronizer$ConditionObject.awaitNanos(AbstractQueuedSynchronizer.java:2078)
        at org.eclipse.jetty.util.BlockingArrayQueue.poll(BlockingArrayQueue.java:382)
        at org.eclipse.jetty.util.thread.QueuedThreadPool$Runner.idleJobPoll(QueuedThreadPool.java:974)
        at org.eclipse.jetty.util.thread.QueuedThreadPool$Runner.run(QueuedThreadPool.java:1018)
        at java.lang.Thread.run(Thread.java:750)
"java.util.concurrent.ThreadPoolExecutor$Worker@36b28b82[State = -1, empty queue]" daemon prio=5 tid=5487 timed_waiting
java.lang.Thread.State: TIMED_WAITING
        at sun.misc.Unsafe.park(Native Method)
        at java.util.concurrent.locks.LockSupport.parkNanos(LockSupport.java:215)
        at java.util.concurrent.locks.AbstractQueuedSynchronizer$ConditionObject.awaitNanos(AbstractQueuedSynchronizer.java:2078)
        at java.util.concurrent.ScheduledThreadPoolExecutor$DelayedWorkQueue.take(ScheduledThreadPoolExecutor.java:1093)
        at java.util.concurrent.ScheduledThreadPoolExecutor$DelayedWorkQueue.take(ScheduledThreadPoolExecutor.java:809)
        at java.util.concurrent.ThreadPoolExecutor.getTask(ThreadPoolExecutor.java:1074)
        at java.util.concurrent.ThreadPoolExecutor.runWorker(ThreadPoolExecutor.java:1134)
        at java.util.concurrent.ThreadPoolExecutor$Worker.run(ThreadPoolExecutor.java:624)
        at java.lang.Thread.run(Thread.java:750)
"IPC Server handler 5 on default port 42971" daemon prio=5 tid=6836 timed_waiting
java.lang.Thread.State: TIMED_WAITING
        at sun.misc.Unsafe.park(Native Method)
        at java.util.concurrent.locks.LockSupport.parkNanos(LockSupport.java:215)
        at java.util.concurrent.locks.AbstractQueuedSynchronizer$ConditionObject.awaitNanos(AbstractQueuedSynchronizer.java:2078)
        at java.util.concurrent.LinkedBlockingQueue.poll(LinkedBlockingQueue.java:467)
        at org.apache.hadoop.ipc.CallQueueManager.take(CallQueueManager.java:317)
        at org.apache.hadoop.ipc.Server$Handler.run(Server.java:2942)
"Datanode ReportManager Thread - 4" daemon prio=5 tid=5337 in Object.wait()
java.lang.Thread.State: WAITING (on object monitor)
        at sun.misc.Unsafe.park(Native Method)
        at java.util.concurrent.locks.LockSupport.park(LockSupport.java:175)
        at java.util.concurrent.locks.AbstractQueuedSynchronizer$ConditionObject.await(AbstractQueuedSynchronizer.java:2039)
        at java.util.concurrent.ScheduledThreadPoolExecutor$DelayedWorkQueue.take(ScheduledThreadPoolExecutor.java:1088)
        at java.util.concurrent.ScheduledThreadPoolExecutor$DelayedWorkQueue.take(ScheduledThreadPoolExecutor.java:809)
        at java.util.concurrent.ThreadPoolExecutor.getTask(ThreadPoolExecutor.java:1074)
        at java.util.concurrent.ThreadPoolExecutor.runWorker(ThreadPoolExecutor.java:1134)
        at java.util.concurrent.ThreadPoolExecutor$Worker.run(ThreadPoolExecutor.java:624)
        at java.lang.Thread.run(Thread.java:750)
"IPC Server handler 15 on default port 35375" daemon prio=5 tid=4891 timed_waiting
java.lang.Thread.State: TIMED_WAITING
        at sun.misc.Unsafe.park(Native Method)
        at java.util.concurrent.locks.LockSupport.parkNanos(LockSupport.java:215)
        at java.util.concurrent.locks.AbstractQueuedSynchronizer$ConditionObject.awaitNanos(AbstractQueuedSynchronizer.java:2078)
        at java.util.concurrent.LinkedBlockingQueue.poll(LinkedBlockingQueue.java:467)
        at org.apache.hadoop.ipc.CallQueueManager.take(CallQueueManager.java:317)
        at org.apache.hadoop.ipc.Server$Handler.run(Server.java:2942)
"java.util.concurrent.ThreadPoolExecutor$Worker@37ed82ea[State = -1, empty queue]" daemon prio=5 tid=3432 timed_waiting
java.lang.Thread.State: TIMED_WAITING
        at sun.misc.Unsafe.park(Native Method)
        at java.util.concurrent.locks.LockSupport.parkNanos(LockSupport.java:215)
        at java.util.concurrent.locks.AbstractQueuedSynchronizer$ConditionObject.awaitNanos(AbstractQueuedSynchronizer.java:2078)
        at java.util.concurrent.ScheduledThreadPoolExecutor$DelayedWorkQueue.take(ScheduledThreadPoolExecutor.java:1093)
        at java.util.concurrent.ScheduledThreadPoolExecutor$DelayedWorkQueue.take(ScheduledThreadPoolExecutor.java:809)
        at java.util.concurrent.ThreadPoolExecutor.getTask(ThreadPoolExecutor.java:1074)
        at java.util.concurrent.ThreadPoolExecutor.runWorker(ThreadPoolExecutor.java:1134)
        at java.util.concurrent.ThreadPoolExecutor$Worker.run(ThreadPoolExecutor.java:624)
        at java.lang.Thread.run(Thread.java:750)
"om1@group-C5BA1605619E-LeaderStateImpl" daemon prio=5 tid=4976 timed_waiting
java.lang.Thread.State: TIMED_WAITING
        at sun.misc.Unsafe.park(Native Method)
        at java.util.concurrent.locks.LockSupport.parkNanos(LockSupport.java:215)
        at java.util.concurrent.locks.AbstractQueuedSynchronizer$ConditionObject.awaitNanos(AbstractQueuedSynchronizer.java:2078)
        at java.util.concurrent.ArrayBlockingQueue.poll(ArrayBlockingQueue.java:418)
        at org.apache.ratis.server.impl.LeaderStateImpl$EventQueue.poll(LeaderStateImpl.java:159)
        at org.apache.ratis.server.impl.LeaderStateImpl$EventProcessor.run(LeaderStateImpl.java:630)
"IPC Server handler 9 on default port 35421" daemon prio=5 tid=4584 timed_waiting
java.lang.Thread.State: TIMED_WAITING
        at sun.misc.Unsafe.park(Native Method)
        at java.util.concurrent.locks.LockSupport.parkNanos(LockSupport.java:215)
        at java.util.concurrent.locks.AbstractQueuedSynchronizer$ConditionObject.awaitNanos(AbstractQueuedSynchronizer.java:2078)
        at java.util.concurrent.LinkedBlockingQueue.poll(LinkedBlockingQueue.java:467)
        at org.apache.hadoop.ipc.CallQueueManager.take(CallQueueManager.java:317)
        at org.apache.hadoop.ipc.Server$Handler.run(Server.java:2942)
"SCM Heartbeat Processing Thread - 0" daemon prio=5 tid=6766 timed_waiting
java.lang.Thread.State: TIMED_WAITING
        at sun.misc.Unsafe.park(Native Method)
        at java.util.concurrent.locks.LockSupport.parkNanos(LockSupport.java:215)
        at java.util.concurrent.locks.AbstractQueuedSynchronizer$ConditionObject.awaitNanos(AbstractQueuedSynchronizer.java:2078)
        at java.util.concurrent.ScheduledThreadPoolExecutor$DelayedWorkQueue.take(ScheduledThreadPoolExecutor.java:1093)
        at java.util.concurrent.ScheduledThreadPoolExecutor$DelayedWorkQueue.take(ScheduledThreadPoolExecutor.java:809)
        at java.util.concurrent.ThreadPoolExecutor.getTask(ThreadPoolExecutor.java:1074)
        at java.util.concurrent.ThreadPoolExecutor.runWorker(ThreadPoolExecutor.java:1134)
        at java.util.concurrent.ThreadPoolExecutor$Worker.run(ThreadPoolExecutor.java:624)
        at java.lang.Thread.run(Thread.java:750)
"Datanode ReportManager Thread - 0" daemon prio=5 tid=5333 in Object.wait()
java.lang.Thread.State: WAITING (on object monitor)
        at sun.misc.Unsafe.park(Native Method)
        at java.util.concurrent.locks.LockSupport.park(LockSupport.java:175)
        at java.util.concurrent.locks.AbstractQueuedSynchronizer$ConditionObject.await(AbstractQueuedSynchronizer.java:2039)
        at java.util.concurrent.ScheduledThreadPoolExecutor$DelayedWorkQueue.take(ScheduledThreadPoolExecutor.java:1088)
        at java.util.concurrent.ScheduledThreadPoolExecutor$DelayedWorkQueue.take(ScheduledThreadPoolExecutor.java:809)
        at java.util.concurrent.ThreadPoolExecutor.getTask(ThreadPoolExecutor.java:1074)
        at java.util.concurrent.ThreadPoolExecutor.runWorker(ThreadPoolExecutor.java:1134)
        at java.util.concurrent.ThreadPoolExecutor$Worker.run(ThreadPoolExecutor.java:624)
        at java.lang.Thread.run(Thread.java:750)
"qtp1469368322-3942" daemon prio=5 tid=3942 timed_waiting
java.lang.Thread.State: TIMED_WAITING
        at sun.misc.Unsafe.park(Native Method)
        at java.util.concurrent.locks.LockSupport.parkNanos(LockSupport.java:215)
        at java.util.concurrent.locks.AbstractQueuedSynchronizer$ConditionObject.awaitNanos(AbstractQueuedSynchronizer.java:2078)
        at org.eclipse.jetty.util.BlockingArrayQueue.poll(BlockingArrayQueue.java:382)
        at org.eclipse.jetty.util.thread.QueuedThreadPool$Runner.idleJobPoll(QueuedThreadPool.java:974)
        at org.eclipse.jetty.util.thread.QueuedThreadPool$Runner.run(QueuedThreadPool.java:1018)
        at java.lang.Thread.run(Thread.java:750)
"Datanode State Machine Daemon Thread" daemon prio=5 tid=6394 timed_waiting
java.lang.Thread.State: TIMED_WAITING
        at java.lang.Thread.sleep(Native Method)
        at org.apache.hadoop.ozone.container.common.statemachine.DatanodeStateMachine.startStateMachineThread(DatanodeStateMachine.java:313)
        at org.apache.hadoop.ozone.container.common.statemachine.DatanodeStateMachine.lambda$startDaemon$0(DatanodeStateMachine.java:493)
        at org.apache.hadoop.ozone.container.common.statemachine.DatanodeStateMachine$$Lambda$761/216690043.run(Unknown Source)
        at java.lang.Thread.run(Thread.java:750)
"StaleRecoveringContainerScrubbingService#0" daemon prio=5 tid=5329 in Object.wait()
java.lang.Thread.State: WAITING (on object monitor)
        at sun.misc.Unsafe.park(Native Method)
        at java.util.concurrent.locks.LockSupport.park(LockSupport.java:175)
        at java.util.concurrent.locks.AbstractQueuedSynchronizer$ConditionObject.await(AbstractQueuedSynchronizer.java:2039)
        at java.util.concurrent.ScheduledThreadPoolExecutor$DelayedWorkQueue.take(ScheduledThreadPoolExecutor.java:1088)
        at java.util.concurrent.ScheduledThreadPoolExecutor$DelayedWorkQueue.take(ScheduledThreadPoolExecutor.java:809)
        at java.util.concurrent.ThreadPoolExecutor.getTask(ThreadPoolExecutor.java:1074)
        at java.util.concurrent.ThreadPoolExecutor.runWorker(ThreadPoolExecutor.java:1134)
        at java.util.concurrent.ThreadPoolExecutor$Worker.run(ThreadPoolExecutor.java:624)
        at java.lang.Thread.run(Thread.java:750)
"Command processor thread" daemon prio=5 tid=4087 timed_waiting
java.lang.Thread.State: TIMED_WAITING
        at java.lang.Thread.sleep(Native Method)
        at org.apache.hadoop.ozone.container.common.statemachine.DatanodeStateMachine.lambda$initCommandHandlerThread$3(DatanodeStateMachine.java:628)
        at org.apache.hadoop.ozone.container.common.statemachine.DatanodeStateMachine$$Lambda$763/1762238644.run(Unknown Source)
        at java.lang.Thread.run(Thread.java:750)
"EventQueue-OpenPipelineForHealthyPipelineSafeModeRule" daemon prio=5 tid=6871 in Object.wait()
java.lang.Thread.State: WAITING (on object monitor)
        at sun.misc.Unsafe.park(Native Method)
        at java.util.concurrent.locks.LockSupport.park(LockSupport.java:175)
        at java.util.concurrent.locks.AbstractQueuedSynchronizer$ConditionObject.await(AbstractQueuedSynchronizer.java:2039)
        at java.util.concurrent.LinkedBlockingQueue.take(LinkedBlockingQueue.java:442)
        at java.util.concurrent.ThreadPoolExecutor.getTask(ThreadPoolExecutor.java:1074)
        at java.util.concurrent.ThreadPoolExecutor.runWorker(ThreadPoolExecutor.java:1134)
        at java.util.concurrent.ThreadPoolExecutor$Worker.run(ThreadPoolExecutor.java:624)
        at java.lang.Thread.run(Thread.java:750)
"0e59cd28-e34a-4544-a63c-9bf8db58f2a0@group-9015FB128463-LeaderStateImpl" daemon prio=5 tid=4497 timed_waiting
java.lang.Thread.State: TIMED_WAITING
        at sun.misc.Unsafe.park(Native Method)
        at java.util.concurrent.locks.LockSupport.parkNanos(LockSupport.java:215)
        at java.util.concurrent.locks.AbstractQueuedSynchronizer$ConditionObject.awaitNanos(AbstractQueuedSynchronizer.java:2078)
        at java.util.concurrent.ArrayBlockingQueue.poll(ArrayBlockingQueue.java:418)
        at org.apache.ratis.server.impl.LeaderStateImpl$EventQueue.poll(LeaderStateImpl.java:159)
        at org.apache.ratis.server.impl.LeaderStateImpl$EventProcessor.run(LeaderStateImpl.java:630)
"a8646fa7-c93a-4970-85e6-ca9f51725932@group-9195398C66BE-SegmentedRaftLogWorker"  prio=5 tid=5497 timed_waiting
java.lang.Thread.State: TIMED_WAITING
        at sun.misc.Unsafe.park(Native Method)
        at java.util.concurrent.locks.LockSupport.parkNanos(LockSupport.java:215)
        at java.util.concurrent.locks.AbstractQueuedSynchronizer$ConditionObject.awaitNanos(AbstractQueuedSynchronizer.java:2078)
        at org.apache.ratis.util.DataBlockingQueue.poll(DataBlockingQueue.java:148)
        at org.apache.ratis.server.raftlog.segmented.SegmentedRaftLogWorker.run(SegmentedRaftLogWorker.java:301)
        at org.apache.ratis.server.raftlog.segmented.SegmentedRaftLogWorker$$Lambda$646/1639153477.run(Unknown Source)
        at java.lang.Thread.run(Thread.java:750)
"qtp737161386-6295" daemon prio=5 tid=6295 timed_waiting
java.lang.Thread.State: TIMED_WAITING
        at sun.misc.Unsafe.park(Native Method)
        at java.util.concurrent.locks.LockSupport.parkNanos(LockSupport.java:215)
        at java.util.concurrent.locks.AbstractQueuedSynchronizer$ConditionObject.awaitNanos(AbstractQueuedSynchronizer.java:2078)
        at org.eclipse.jetty.util.BlockingArrayQueue.poll(BlockingArrayQueue.java:382)
        at org.eclipse.jetty.util.thread.QueuedThreadPool$Runner.idleJobPoll(QueuedThreadPool.java:974)
        at org.eclipse.jetty.util.thread.QueuedThreadPool$Runner.run(QueuedThreadPool.java:1018)
        at java.lang.Thread.run(Thread.java:750)
"qtp625773794-6376" daemon prio=5 tid=6376 timed_waiting
java.lang.Thread.State: TIMED_WAITING
        at sun.misc.Unsafe.park(Native Method)
        at java.util.concurrent.locks.LockSupport.parkNanos(LockSupport.java:215)
        at java.util.concurrent.locks.AbstractQueuedSynchronizer$ConditionObject.awaitNanos(AbstractQueuedSynchronizer.java:2078)
        at org.eclipse.jetty.util.BlockingArrayQueue.poll(BlockingArrayQueue.java:382)
        at org.eclipse.jetty.util.thread.QueuedThreadPool$Runner.idleJobPoll(QueuedThreadPool.java:974)
        at org.eclipse.jetty.util.thread.QueuedThreadPool$Runner.run(QueuedThreadPool.java:1018)
        at java.lang.Thread.run(Thread.java:750)
"Datanode ReportManager Thread - 2" daemon prio=5 tid=6272 in Object.wait()
java.lang.Thread.State: WAITING (on object monitor)
        at sun.misc.Unsafe.park(Native Method)
        at java.util.concurrent.locks.LockSupport.park(LockSupport.java:175)
        at java.util.concurrent.locks.AbstractQueuedSynchronizer$ConditionObject.await(AbstractQueuedSynchronizer.java:2039)
        at java.util.concurrent.ScheduledThreadPoolExecutor$DelayedWorkQueue.take(ScheduledThreadPoolExecutor.java:1088)
        at java.util.concurrent.ScheduledThreadPoolExecutor$DelayedWorkQueue.take(ScheduledThreadPoolExecutor.java:809)
        at java.util.concurrent.ThreadPoolExecutor.getTask(ThreadPoolExecutor.java:1074)
        at java.util.concurrent.ThreadPoolExecutor.runWorker(ThreadPoolExecutor.java:1134)
        at java.util.concurrent.ThreadPoolExecutor$Worker.run(ThreadPoolExecutor.java:624)
        at java.lang.Thread.run(Thread.java:750)
"IPC Server handler 16 on default port 36781" daemon prio=5 tid=4631 timed_waiting
java.lang.Thread.State: TIMED_WAITING
        at sun.misc.Unsafe.park(Native Method)
        at java.util.concurrent.locks.LockSupport.parkNanos(LockSupport.java:215)
        at java.util.concurrent.locks.AbstractQueuedSynchronizer$ConditionObject.awaitNanos(AbstractQueuedSynchronizer.java:2078)
        at java.util.concurrent.LinkedBlockingQueue.poll(LinkedBlockingQueue.java:467)
        at org.apache.hadoop.ipc.CallQueueManager.take(CallQueueManager.java:317)
        at org.apache.hadoop.ipc.Server$Handler.run(Server.java:2942)
"qtp2074136396-3780" daemon prio=5 tid=3780 runnable
java.lang.Thread.State: RUNNABLE
        at sun.nio.ch.EPollArrayWrapper.epollWait(Native Method)
        at sun.nio.ch.EPollArrayWrapper.poll(EPollArrayWrapper.java:269)
        at sun.nio.ch.EPollSelectorImpl.doSelect(EPollSelectorImpl.java:93)
        at sun.nio.ch.SelectorImpl.lockAndDoSelect(SelectorImpl.java:86)
        at sun.nio.ch.SelectorImpl.select(SelectorImpl.java:97)
        at sun.nio.ch.SelectorImpl.select(SelectorImpl.java:101)
        at org.eclipse.jetty.io.ManagedSelector.nioSelect(ManagedSelector.java:183)
        at org.eclipse.jetty.io.ManagedSelector.select(ManagedSelector.java:190)
        at org.eclipse.jetty.io.ManagedSelector$SelectorProducer.select(ManagedSelector.java:606)
        at org.eclipse.jetty.io.ManagedSelector$SelectorProducer.produce(ManagedSelector.java:543)
        at org.eclipse.jetty.util.thread.strategy.EatWhatYouKill.produceTask(EatWhatYouKill.java:362)
        at org.eclipse.jetty.util.thread.strategy.EatWhatYouKill.doProduce(EatWhatYouKill.java:186)
        at org.eclipse.jetty.util.thread.strategy.EatWhatYouKill.tryProduce(EatWhatYouKill.java:173)
        at org.eclipse.jetty.util.thread.strategy.EatWhatYouKill.produce(EatWhatYouKill.java:137)
        at org.eclipse.jetty.io.ManagedSelector$$Lambda$478/1665851504.run(Unknown Source)
        at org.eclipse.jetty.util.thread.QueuedThreadPool.runJob(QueuedThreadPool.java:883)
        at org.eclipse.jetty.util.thread.QueuedThreadPool$Runner.run(QueuedThreadPool.java:1034)
        at java.lang.Thread.run(Thread.java:750)
"pool-2859-thread-1"  prio=5 tid=5451 in Object.wait()
java.lang.Thread.State: WAITING (on object monitor)
        at sun.misc.Unsafe.park(Native Method)
        at java.util.concurrent.locks.LockSupport.park(LockSupport.java:175)
        at java.util.concurrent.locks.AbstractQueuedSynchronizer$ConditionObject.await(AbstractQueuedSynchronizer.java:2039)
        at java.util.concurrent.LinkedBlockingQueue.take(LinkedBlockingQueue.java:442)
        at java.util.concurrent.ThreadPoolExecutor.getTask(ThreadPoolExecutor.java:1074)
        at java.util.concurrent.ThreadPoolExecutor.runWorker(ThreadPoolExecutor.java:1134)
        at java.util.concurrent.ThreadPoolExecutor$Worker.run(ThreadPoolExecutor.java:624)
        at java.lang.Thread.run(Thread.java:750)
"IPC Server handler 6 on default port 35375" daemon prio=5 tid=4882 timed_waiting
java.lang.Thread.State: TIMED_WAITING
        at sun.misc.Unsafe.park(Native Method)
        at java.util.concurrent.locks.LockSupport.parkNanos(LockSupport.java:215)
        at java.util.concurrent.locks.AbstractQueuedSynchronizer$ConditionObject.awaitNanos(AbstractQueuedSynchronizer.java:2078)
        at java.util.concurrent.LinkedBlockingQueue.poll(LinkedBlockingQueue.java:467)
        at org.apache.hadoop.ipc.CallQueueManager.take(CallQueueManager.java:317)
        at org.apache.hadoop.ipc.Server$Handler.run(Server.java:2942)
"qtp1325558990-5907-acceptor-0@1adf62aa-ServerConnector@5a776684{HTTP/1.1, (http/1.1)}{0.0.0.0:37125}" daemon prio=3 tid=5907 runnable
java.lang.Thread.State: RUNNABLE
        at sun.nio.ch.ServerSocketChannelImpl.accept0(Native Method)
        at sun.nio.ch.ServerSocketChannelImpl.accept(ServerSocketChannelImpl.java:421)
        at sun.nio.ch.ServerSocketChannelImpl.accept(ServerSocketChannelImpl.java:249)
        at org.eclipse.jetty.server.ServerConnector.accept(ServerConnector.java:388)
        at org.eclipse.jetty.server.AbstractConnector$Acceptor.run(AbstractConnector.java:702)
        at org.eclipse.jetty.util.thread.QueuedThreadPool.runJob(QueuedThreadPool.java:883)
        at org.eclipse.jetty.util.thread.QueuedThreadPool$Runner.run(QueuedThreadPool.java:1034)
        at java.lang.Thread.run(Thread.java:750)
"EventQueue-PipelineReportForOneReplicaPipelineSafeModeRule" daemon prio=5 tid=6870 in Object.wait()
java.lang.Thread.State: WAITING (on object monitor)
        at sun.misc.Unsafe.park(Native Method)
        at java.util.concurrent.locks.LockSupport.park(LockSupport.java:175)
        at java.util.concurrent.locks.AbstractQueuedSynchronizer$ConditionObject.await(AbstractQueuedSynchronizer.java:2039)
        at java.util.concurrent.LinkedBlockingQueue.take(LinkedBlockingQueue.java:442)
        at java.util.concurrent.ThreadPoolExecutor.getTask(ThreadPoolExecutor.java:1074)
        at java.util.concurrent.ThreadPoolExecutor.runWorker(ThreadPoolExecutor.java:1134)
        at java.util.concurrent.ThreadPoolExecutor$Worker.run(ThreadPoolExecutor.java:624)
        at java.lang.Thread.run(Thread.java:750)
"BlockDeletingService#0" daemon prio=5 tid=5363 in Object.wait()
java.lang.Thread.State: WAITING (on object monitor)
        at sun.misc.Unsafe.park(Native Method)
        at java.util.concurrent.locks.LockSupport.park(LockSupport.java:175)
        at java.util.concurrent.locks.AbstractQueuedSynchronizer$ConditionObject.await(AbstractQueuedSynchronizer.java:2039)
        at java.util.concurrent.ScheduledThreadPoolExecutor$DelayedWorkQueue.take(ScheduledThreadPoolExecutor.java:1088)
        at java.util.concurrent.ScheduledThreadPoolExecutor$DelayedWorkQueue.take(ScheduledThreadPoolExecutor.java:809)
        at java.util.concurrent.ThreadPoolExecutor.getTask(ThreadPoolExecutor.java:1074)
        at java.util.concurrent.ThreadPoolExecutor.runWorker(ThreadPoolExecutor.java:1134)
        at java.util.concurrent.ThreadPoolExecutor$Worker.run(ThreadPoolExecutor.java:624)
        at java.lang.Thread.run(Thread.java:750)
"ec-reconstruct-reader-TID-2"  prio=5 tid=5747 in Object.wait()
java.lang.Thread.State: WAITING (on object monitor)
        at sun.misc.Unsafe.park(Native Method)
        at java.util.concurrent.locks.LockSupport.park(LockSupport.java:175)
        at java.util.concurrent.SynchronousQueue$TransferStack.awaitFulfill(SynchronousQueue.java:458)
        at java.util.concurrent.SynchronousQueue$TransferStack.transfer(SynchronousQueue.java:362)
        at java.util.concurrent.SynchronousQueue.take(SynchronousQueue.java:924)
        at java.util.concurrent.ThreadPoolExecutor.getTask(ThreadPoolExecutor.java:1074)
        at java.util.concurrent.ThreadPoolExecutor.runWorker(ThreadPoolExecutor.java:1134)
        at java.util.concurrent.ThreadPoolExecutor$Worker.run(ThreadPoolExecutor.java:624)
        at java.lang.Thread.run(Thread.java:750)
"java.util.concurrent.ThreadPoolExecutor$Worker@3ab351ae[State = -1, empty queue]" daemon prio=5 tid=6662 timed_waiting
java.lang.Thread.State: TIMED_WAITING
        at sun.misc.Unsafe.park(Native Method)
        at java.util.concurrent.locks.LockSupport.parkNanos(LockSupport.java:215)
        at java.util.concurrent.locks.AbstractQueuedSynchronizer$ConditionObject.awaitNanos(AbstractQueuedSynchronizer.java:2078)
        at java.util.concurrent.ScheduledThreadPoolExecutor$DelayedWorkQueue.take(ScheduledThreadPoolExecutor.java:1093)
        at java.util.concurrent.ScheduledThreadPoolExecutor$DelayedWorkQueue.take(ScheduledThreadPoolExecutor.java:809)
        at java.util.concurrent.ThreadPoolExecutor.getTask(ThreadPoolExecutor.java:1074)
        at java.util.concurrent.ThreadPoolExecutor.runWorker(ThreadPoolExecutor.java:1134)
        at java.util.concurrent.ThreadPoolExecutor$Worker.run(ThreadPoolExecutor.java:624)
        at java.lang.Thread.run(Thread.java:750)
"qtp795168967-6423" daemon prio=5 tid=6423 timed_waiting
java.lang.Thread.State: TIMED_WAITING
        at sun.misc.Unsafe.park(Native Method)
        at java.util.concurrent.locks.LockSupport.parkNanos(LockSupport.java:215)
        at java.util.concurrent.locks.AbstractQueuedSynchronizer$ConditionObject.awaitNanos(AbstractQueuedSynchronizer.java:2078)
        at org.eclipse.jetty.util.BlockingArrayQueue.poll(BlockingArrayQueue.java:382)
        at org.eclipse.jetty.util.thread.QueuedThreadPool$Runner.idleJobPoll(QueuedThreadPool.java:974)
        at org.eclipse.jetty.util.thread.QueuedThreadPool$Runner.run(QueuedThreadPool.java:1018)
        at java.lang.Thread.run(Thread.java:750)
"qtp2029208225-5021" daemon prio=5 tid=5021 timed_waiting
java.lang.Thread.State: TIMED_WAITING
        at sun.misc.Unsafe.park(Native Method)
        at java.util.concurrent.locks.LockSupport.parkNanos(LockSupport.java:215)
        at java.util.concurrent.locks.AbstractQueuedSynchronizer$ConditionObject.awaitNanos(AbstractQueuedSynchronizer.java:2078)
        at org.eclipse.jetty.util.BlockingArrayQueue.poll(BlockingArrayQueue.java:382)
        at org.eclipse.jetty.util.thread.QueuedThreadPool$Runner.idleJobPoll(QueuedThreadPool.java:974)
        at org.eclipse.jetty.util.thread.QueuedThreadPool$Runner.run(QueuedThreadPool.java:1018)
        at java.lang.Thread.run(Thread.java:750)
"Datanode ReportManager Thread - 3" daemon prio=5 tid=6239 in Object.wait()
java.lang.Thread.State: WAITING (on object monitor)
        at sun.misc.Unsafe.park(Native Method)
        at java.util.concurrent.locks.LockSupport.park(LockSupport.java:175)
        at java.util.concurrent.locks.AbstractQueuedSynchronizer$ConditionObject.await(AbstractQueuedSynchronizer.java:2039)
        at java.util.concurrent.ScheduledThreadPoolExecutor$DelayedWorkQueue.take(ScheduledThreadPoolExecutor.java:1088)
        at java.util.concurrent.ScheduledThreadPoolExecutor$DelayedWorkQueue.take(ScheduledThreadPoolExecutor.java:809)
        at java.util.concurrent.ThreadPoolExecutor.getTask(ThreadPoolExecutor.java:1074)
        at java.util.concurrent.ThreadPoolExecutor.runWorker(ThreadPoolExecutor.java:1134)
        at java.util.concurrent.ThreadPoolExecutor$Worker.run(ThreadPoolExecutor.java:624)
        at java.lang.Thread.run(Thread.java:750)
"pool-2722-thread-1"  prio=5 tid=4951 timed_waiting
java.lang.Thread.State: TIMED_WAITING
        at sun.misc.Unsafe.park(Native Method)
        at java.util.concurrent.locks.LockSupport.parkNanos(LockSupport.java:215)
        at java.util.concurrent.locks.AbstractQueuedSynchronizer$ConditionObject.awaitNanos(AbstractQueuedSynchronizer.java:2078)
        at java.util.concurrent.ScheduledThreadPoolExecutor$DelayedWorkQueue.take(ScheduledThreadPoolExecutor.java:1093)
        at java.util.concurrent.ScheduledThreadPoolExecutor$DelayedWorkQueue.take(ScheduledThreadPoolExecutor.java:809)
        at java.util.concurrent.ThreadPoolExecutor.getTask(ThreadPoolExecutor.java:1074)
        at java.util.concurrent.ThreadPoolExecutor.runWorker(ThreadPoolExecutor.java:1134)
        at java.util.concurrent.ThreadPoolExecutor$Worker.run(ThreadPoolExecutor.java:624)
        at java.lang.Thread.run(Thread.java:750)
"Datanode State Machine Daemon Thread" daemon prio=5 tid=5108 timed_waiting
java.lang.Thread.State: TIMED_WAITING
        at java.lang.Thread.sleep(Native Method)
        at org.apache.hadoop.ozone.container.common.statemachine.DatanodeStateMachine.startStateMachineThread(DatanodeStateMachine.java:313)
        at org.apache.hadoop.ozone.container.common.statemachine.DatanodeStateMachine.lambda$startDaemon$0(DatanodeStateMachine.java:493)
        at org.apache.hadoop.ozone.container.common.statemachine.DatanodeStateMachine$$Lambda$761/216690043.run(Unknown Source)
        at java.lang.Thread.run(Thread.java:750)
"IPC Server handler 2 on default port 46525" daemon prio=5 tid=3796 timed_waiting
java.lang.Thread.State: TIMED_WAITING
        at sun.misc.Unsafe.park(Native Method)
        at java.util.concurrent.locks.LockSupport.parkNanos(LockSupport.java:215)
        at java.util.concurrent.locks.AbstractQueuedSynchronizer$ConditionObject.awaitNanos(AbstractQueuedSynchronizer.java:2078)
        at java.util.concurrent.LinkedBlockingQueue.poll(LinkedBlockingQueue.java:467)
        at org.apache.hadoop.ipc.CallQueueManager.take(CallQueueManager.java:317)
        at org.apache.hadoop.ipc.Server$Handler.run(Server.java:2942)
"8dac584f-6024-4576-b5a3-2bef0f48735e@group-FD37F9280DE0-LeaderStateImpl" daemon prio=5 tid=6743 timed_waiting
java.lang.Thread.State: TIMED_WAITING
        at sun.misc.Unsafe.park(Native Method)
        at java.util.concurrent.locks.LockSupport.parkNanos(LockSupport.java:215)
        at java.util.concurrent.locks.AbstractQueuedSynchronizer$ConditionObject.awaitNanos(AbstractQueuedSynchronizer.java:2078)
        at java.util.concurrent.ArrayBlockingQueue.poll(ArrayBlockingQueue.java:418)
        at org.apache.ratis.server.impl.LeaderStateImpl$EventQueue.poll(LeaderStateImpl.java:159)
        at org.apache.ratis.server.impl.LeaderStateImpl$EventProcessor.run(LeaderStateImpl.java:630)
"ed0c9528-2c8b-4614-9eef-2d120a058ddc@group-3893D176C8F0-SegmentedRaftLogWorker"  prio=5 tid=6700 timed_waiting
java.lang.Thread.State: TIMED_WAITING
        at sun.misc.Unsafe.park(Native Method)
        at java.util.concurrent.locks.LockSupport.parkNanos(LockSupport.java:215)
        at java.util.concurrent.locks.AbstractQueuedSynchronizer$ConditionObject.awaitNanos(AbstractQueuedSynchronizer.java:2078)
        at org.apache.ratis.util.DataBlockingQueue.poll(DataBlockingQueue.java:148)
        at org.apache.ratis.server.raftlog.segmented.SegmentedRaftLogWorker.run(SegmentedRaftLogWorker.java:301)
        at org.apache.ratis.server.raftlog.segmented.SegmentedRaftLogWorker$$Lambda$646/1639153477.run(Unknown Source)
        at java.lang.Thread.run(Thread.java:750)
"org.apache.hadoop.util.JvmPauseMonitor$Monitor@2caaa811" daemon prio=5 tid=6333 timed_waiting
java.lang.Thread.State: TIMED_WAITING
        at java.lang.Thread.sleep(Native Method)
        at org.apache.hadoop.util.JvmPauseMonitor$Monitor.run(JvmPauseMonitor.java:192)
        at java.lang.Thread.run(Thread.java:750)
"qtp1469368322-3941" daemon prio=5 tid=3941 timed_waiting
java.lang.Thread.State: TIMED_WAITING
        at sun.misc.Unsafe.park(Native Method)
        at java.util.concurrent.locks.LockSupport.parkNanos(LockSupport.java:215)
        at java.util.concurrent.locks.AbstractQueuedSynchronizer$ConditionObject.awaitNanos(AbstractQueuedSynchronizer.java:2078)
        at org.eclipse.jetty.util.BlockingArrayQueue.poll(BlockingArrayQueue.java:382)
        at org.eclipse.jetty.util.thread.QueuedThreadPool$Runner.idleJobPoll(QueuedThreadPool.java:974)
        at org.eclipse.jetty.util.thread.QueuedThreadPool$Runner.run(QueuedThreadPool.java:1018)
        at java.lang.Thread.run(Thread.java:750)
"ed0c9528-2c8b-4614-9eef-2d120a058ddc@group-3893D176C8F0-StateMachineUpdater" daemon prio=5 tid=6701 timed_waiting
java.lang.Thread.State: TIMED_WAITING
        at sun.misc.Unsafe.park(Native Method)
        at java.util.concurrent.locks.LockSupport.parkNanos(LockSupport.java:215)
        at java.util.concurrent.CompletableFuture$Signaller.block(CompletableFuture.java:1709)
        at java.util.concurrent.ForkJoinPool.managedBlock(ForkJoinPool.java:3323)
        at java.util.concurrent.CompletableFuture.timedGet(CompletableFuture.java:1788)
        at java.util.concurrent.CompletableFuture.get(CompletableFuture.java:1928)
        at org.apache.ratis.util.AwaitForSignal.await(AwaitForSignal.java:56)
        at org.apache.ratis.server.impl.StateMachineUpdater.waitForCommit(StateMachineUpdater.java:207)
        at org.apache.ratis.server.impl.StateMachineUpdater.run(StateMachineUpdater.java:176)
        at java.lang.Thread.run(Thread.java:750)
"Datanode State Machine Task Thread - 1"  prio=5 tid=5303 in Object.wait()
java.lang.Thread.State: WAITING (on object monitor)
        at sun.misc.Unsafe.park(Native Method)
        at java.util.concurrent.locks.LockSupport.park(LockSupport.java:175)
        at java.util.concurrent.locks.AbstractQueuedSynchronizer$ConditionObject.await(AbstractQueuedSynchronizer.java:2039)
        at java.util.concurrent.LinkedBlockingQueue.take(LinkedBlockingQueue.java:442)
        at java.util.concurrent.ThreadPoolExecutor.getTask(ThreadPoolExecutor.java:1074)
        at java.util.concurrent.ThreadPoolExecutor.runWorker(ThreadPoolExecutor.java:1134)
        at java.util.concurrent.ThreadPoolExecutor$Worker.run(ThreadPoolExecutor.java:624)
        at java.lang.Thread.run(Thread.java:750)
"IPC Server handler 12 on default port 35375" daemon prio=5 tid=4888 timed_waiting
java.lang.Thread.State: TIMED_WAITING
        at sun.misc.Unsafe.park(Native Method)
        at java.util.concurrent.locks.LockSupport.parkNanos(LockSupport.java:215)
        at java.util.concurrent.locks.AbstractQueuedSynchronizer$ConditionObject.awaitNanos(AbstractQueuedSynchronizer.java:2078)
        at java.util.concurrent.LinkedBlockingQueue.poll(LinkedBlockingQueue.java:467)
        at org.apache.hadoop.ipc.CallQueueManager.take(CallQueueManager.java:317)
        at org.apache.hadoop.ipc.Server$Handler.run(Server.java:2942)
"StaleRecoveringContainerScrubbingService#0" daemon prio=5 tid=6479 timed_waiting
java.lang.Thread.State: TIMED_WAITING
        at sun.misc.Unsafe.park(Native Method)
        at java.util.concurrent.locks.LockSupport.parkNanos(LockSupport.java:215)
        at java.util.concurrent.locks.AbstractQueuedSynchronizer$ConditionObject.awaitNanos(AbstractQueuedSynchronizer.java:2078)
        at java.util.concurrent.ScheduledThreadPoolExecutor$DelayedWorkQueue.take(ScheduledThreadPoolExecutor.java:1093)
        at java.util.concurrent.ScheduledThreadPoolExecutor$DelayedWorkQueue.take(ScheduledThreadPoolExecutor.java:809)
        at java.util.concurrent.ThreadPoolExecutor.getTask(ThreadPoolExecutor.java:1074)
        at java.util.concurrent.ThreadPoolExecutor.runWorker(ThreadPoolExecutor.java:1134)
        at java.util.concurrent.ThreadPoolExecutor$Worker.run(ThreadPoolExecutor.java:624)
        at java.lang.Thread.run(Thread.java:750)
"IPC Server handler 4 on default port 36781" daemon prio=5 tid=4619 timed_waiting
java.lang.Thread.State: TIMED_WAITING
        at sun.misc.Unsafe.park(Native Method)
        at java.util.concurrent.locks.LockSupport.parkNanos(LockSupport.java:215)
        at java.util.concurrent.locks.AbstractQueuedSynchronizer$ConditionObject.awaitNanos(AbstractQueuedSynchronizer.java:2078)
        at java.util.concurrent.LinkedBlockingQueue.poll(LinkedBlockingQueue.java:467)
        at org.apache.hadoop.ipc.CallQueueManager.take(CallQueueManager.java:317)
        at org.apache.hadoop.ipc.Server$Handler.run(Server.java:2942)
"BlockDeletingService#2" daemon prio=5 tid=5680 in Object.wait()
java.lang.Thread.State: WAITING (on object monitor)
        at sun.misc.Unsafe.park(Native Method)
        at java.util.concurrent.locks.LockSupport.park(LockSupport.java:175)
        at java.util.concurrent.locks.AbstractQueuedSynchronizer$ConditionObject.await(AbstractQueuedSynchronizer.java:2039)
        at java.util.concurrent.ScheduledThreadPoolExecutor$DelayedWorkQueue.take(ScheduledThreadPoolExecutor.java:1088)
        at java.util.concurrent.ScheduledThreadPoolExecutor$DelayedWorkQueue.take(ScheduledThreadPoolExecutor.java:809)
        at java.util.concurrent.ThreadPoolExecutor.getTask(ThreadPoolExecutor.java:1074)
        at java.util.concurrent.ThreadPoolExecutor.runWorker(ThreadPoolExecutor.java:1134)
        at java.util.concurrent.ThreadPoolExecutor$Worker.run(ThreadPoolExecutor.java:624)
        at java.lang.Thread.run(Thread.java:750)
"StaleRecoveringContainerScrubbingService#1" daemon prio=5 tid=4206 timed_waiting
java.lang.Thread.State: TIMED_WAITING
        at sun.misc.Unsafe.park(Native Method)
        at java.util.concurrent.locks.LockSupport.parkNanos(LockSupport.java:215)
        at java.util.concurrent.locks.AbstractQueuedSynchronizer$ConditionObject.awaitNanos(AbstractQueuedSynchronizer.java:2078)
        at java.util.concurrent.ScheduledThreadPoolExecutor$DelayedWorkQueue.take(ScheduledThreadPoolExecutor.java:1093)
        at java.util.concurrent.ScheduledThreadPoolExecutor$DelayedWorkQueue.take(ScheduledThreadPoolExecutor.java:809)
        at java.util.concurrent.ThreadPoolExecutor.getTask(ThreadPoolExecutor.java:1074)
        at java.util.concurrent.ThreadPoolExecutor.runWorker(ThreadPoolExecutor.java:1134)
        at java.util.concurrent.ThreadPoolExecutor$Worker.run(ThreadPoolExecutor.java:624)
        at java.lang.Thread.run(Thread.java:750)
"ChunkWriter-0-0" daemon prio=5 tid=5406 in Object.wait()
java.lang.Thread.State: WAITING (on object monitor)
        at sun.misc.Unsafe.park(Native Method)
        at java.util.concurrent.locks.LockSupport.park(LockSupport.java:175)
        at java.util.concurrent.locks.AbstractQueuedSynchronizer$ConditionObject.await(AbstractQueuedSynchronizer.java:2039)
        at java.util.concurrent.LinkedBlockingDeque.takeFirst(LinkedBlockingDeque.java:492)
        at java.util.concurrent.LinkedBlockingDeque.take(LinkedBlockingDeque.java:680)
        at java.util.concurrent.ThreadPoolExecutor.getTask(ThreadPoolExecutor.java:1074)
        at java.util.concurrent.ThreadPoolExecutor.runWorker(ThreadPoolExecutor.java:1134)
        at java.util.concurrent.ThreadPoolExecutor$Worker.run(ThreadPoolExecutor.java:624)
        at java.lang.Thread.run(Thread.java:750)
"7c212dc6-cebf-495f-bd67-bd25421d8adf@group-0CBB49F4AF40->4d4feef0-6754-49f5-8e19-57d58c5c04b3-GrpcLogAppender-LogAppenderDaemon" daemon prio=5 tid=5604 timed_waiting
java.lang.Thread.State: TIMED_WAITING
        at sun.misc.Unsafe.park(Native Method)
        at java.util.concurrent.locks.LockSupport.parkNanos(LockSupport.java:215)
        at java.util.concurrent.CompletableFuture$Signaller.block(CompletableFuture.java:1709)
        at java.util.concurrent.ForkJoinPool.managedBlock(ForkJoinPool.java:3323)
        at java.util.concurrent.CompletableFuture.timedGet(CompletableFuture.java:1788)
        at java.util.concurrent.CompletableFuture.get(CompletableFuture.java:1928)
        at org.apache.ratis.util.AwaitForSignal.await(AwaitForSignal.java:56)
        at org.apache.ratis.grpc.server.GrpcLogAppender.mayWait(GrpcLogAppender.java:169)
        at org.apache.ratis.grpc.server.GrpcLogAppender.run(GrpcLogAppender.java:128)
        at org.apache.ratis.server.leader.LogAppenderDaemon.run(LogAppenderDaemon.java:77)
        at org.apache.ratis.server.leader.LogAppenderDaemon$$Lambda$1044/613649554.run(Unknown Source)
        at java.lang.Thread.run(Thread.java:750)
"qtp204487169-6318" daemon prio=5 tid=6318 timed_waiting
java.lang.Thread.State: TIMED_WAITING
        at sun.misc.Unsafe.park(Native Method)
        at java.util.concurrent.locks.LockSupport.parkNanos(LockSupport.java:215)
        at java.util.concurrent.locks.AbstractQueuedSynchronizer$ConditionObject.awaitNanos(AbstractQueuedSynchronizer.java:2078)
        at org.eclipse.jetty.util.BlockingArrayQueue.poll(BlockingArrayQueue.java:382)
        at org.eclipse.jetty.util.thread.QueuedThreadPool$Runner.idleJobPoll(QueuedThreadPool.java:974)
        at org.eclipse.jetty.util.thread.QueuedThreadPool$Runner.run(QueuedThreadPool.java:1018)
        at java.lang.Thread.run(Thread.java:750)
"abd8e8e1-9e09-4ec0-a897-8fd48f6e99a3@group-50B708ACB90C-SegmentedRaftLogWorker"  prio=5 tid=6642 timed_waiting
java.lang.Thread.State: TIMED_WAITING
        at sun.misc.Unsafe.park(Native Method)
        at java.util.concurrent.locks.LockSupport.parkNanos(LockSupport.java:215)
        at java.util.concurrent.locks.AbstractQueuedSynchronizer$ConditionObject.awaitNanos(AbstractQueuedSynchronizer.java:2078)
        at org.apache.ratis.util.DataBlockingQueue.poll(DataBlockingQueue.java:148)
        at org.apache.ratis.server.raftlog.segmented.SegmentedRaftLogWorker.run(SegmentedRaftLogWorker.java:301)
        at org.apache.ratis.server.raftlog.segmented.SegmentedRaftLogWorker$$Lambda$646/1639153477.run(Unknown Source)
        at java.lang.Thread.run(Thread.java:750)
"c2eaf186-c3ec-4510-b8dc-fb04c7f742a3@group-E23640D80DD8-SegmentedRaftLogWorker"  prio=5 tid=5467 timed_waiting
java.lang.Thread.State: TIMED_WAITING
        at sun.misc.Unsafe.park(Native Method)
        at java.util.concurrent.locks.LockSupport.parkNanos(LockSupport.java:215)
        at java.util.concurrent.locks.AbstractQueuedSynchronizer$ConditionObject.awaitNanos(AbstractQueuedSynchronizer.java:2078)
        at org.apache.ratis.util.DataBlockingQueue.poll(DataBlockingQueue.java:148)
        at org.apache.ratis.server.raftlog.segmented.SegmentedRaftLogWorker.run(SegmentedRaftLogWorker.java:301)
        at org.apache.ratis.server.raftlog.segmented.SegmentedRaftLogWorker$$Lambda$646/1639153477.run(Unknown Source)
        at java.lang.Thread.run(Thread.java:750)
"Datanode ReportManager Thread - 3" daemon prio=5 tid=5336 in Object.wait()
java.lang.Thread.State: WAITING (on object monitor)
        at sun.misc.Unsafe.park(Native Method)
        at java.util.concurrent.locks.LockSupport.park(LockSupport.java:175)
        at java.util.concurrent.locks.AbstractQueuedSynchronizer$ConditionObject.await(AbstractQueuedSynchronizer.java:2039)
        at java.util.concurrent.ScheduledThreadPoolExecutor$DelayedWorkQueue.take(ScheduledThreadPoolExecutor.java:1088)
        at java.util.concurrent.ScheduledThreadPoolExecutor$DelayedWorkQueue.take(ScheduledThreadPoolExecutor.java:809)
        at java.util.concurrent.ThreadPoolExecutor.getTask(ThreadPoolExecutor.java:1074)
        at java.util.concurrent.ThreadPoolExecutor.runWorker(ThreadPoolExecutor.java:1134)
        at java.util.concurrent.ThreadPoolExecutor$Worker.run(ThreadPoolExecutor.java:624)
        at java.lang.Thread.run(Thread.java:750)
"BlockDeletingService#0" daemon prio=5 tid=4143 in Object.wait()
java.lang.Thread.State: WAITING (on object monitor)
        at sun.misc.Unsafe.park(Native Method)
        at java.util.concurrent.locks.LockSupport.park(LockSupport.java:175)
        at java.util.concurrent.locks.AbstractQueuedSynchronizer$ConditionObject.await(AbstractQueuedSynchronizer.java:2039)
        at java.util.concurrent.ScheduledThreadPoolExecutor$DelayedWorkQueue.take(ScheduledThreadPoolExecutor.java:1088)
        at java.util.concurrent.ScheduledThreadPoolExecutor$DelayedWorkQueue.take(ScheduledThreadPoolExecutor.java:809)
        at java.util.concurrent.ThreadPoolExecutor.getTask(ThreadPoolExecutor.java:1074)
        at java.util.concurrent.ThreadPoolExecutor.runWorker(ThreadPoolExecutor.java:1134)
        at java.util.concurrent.ThreadPoolExecutor$Worker.run(ThreadPoolExecutor.java:624)
        at java.lang.Thread.run(Thread.java:750)
"IPC Server handler 14 on default port 46525" daemon prio=5 tid=3808 timed_waiting
java.lang.Thread.State: TIMED_WAITING
        at sun.misc.Unsafe.park(Native Method)
        at java.util.concurrent.locks.LockSupport.parkNanos(LockSupport.java:215)
        at java.util.concurrent.locks.AbstractQueuedSynchronizer$ConditionObject.awaitNanos(AbstractQueuedSynchronizer.java:2078)
        at java.util.concurrent.LinkedBlockingQueue.poll(LinkedBlockingQueue.java:467)
        at org.apache.hadoop.ipc.CallQueueManager.take(CallQueueManager.java:317)
        at org.apache.hadoop.ipc.Server$Handler.run(Server.java:2942)
"Periodic HDDS volume checker" daemon prio=5 tid=6364 timed_waiting
java.lang.Thread.State: TIMED_WAITING
        at sun.misc.Unsafe.park(Native Method)
        at java.util.concurrent.locks.LockSupport.parkNanos(LockSupport.java:215)
        at java.util.concurrent.locks.AbstractQueuedSynchronizer$ConditionObject.awaitNanos(AbstractQueuedSynchronizer.java:2078)
        at java.util.concurrent.ScheduledThreadPoolExecutor$DelayedWorkQueue.take(ScheduledThreadPoolExecutor.java:1093)
        at java.util.concurrent.ScheduledThreadPoolExecutor$DelayedWorkQueue.take(ScheduledThreadPoolExecutor.java:809)
        at java.util.concurrent.ThreadPoolExecutor.getTask(ThreadPoolExecutor.java:1074)
        at java.util.concurrent.ThreadPoolExecutor.runWorker(ThreadPoolExecutor.java:1134)
        at java.util.concurrent.ThreadPoolExecutor$Worker.run(ThreadPoolExecutor.java:624)
        at java.lang.Thread.run(Thread.java:750)
"qtp539481455-6857" daemon prio=5 tid=6857 timed_waiting
java.lang.Thread.State: TIMED_WAITING
        at sun.misc.Unsafe.park(Native Method)
        at java.util.concurrent.locks.LockSupport.parkNanos(LockSupport.java:215)
        at java.util.concurrent.locks.AbstractQueuedSynchronizer$ConditionObject.awaitNanos(AbstractQueuedSynchronizer.java:2078)
        at org.eclipse.jetty.util.BlockingArrayQueue.poll(BlockingArrayQueue.java:382)
        at org.eclipse.jetty.util.thread.QueuedThreadPool$Runner.idleJobPoll(QueuedThreadPool.java:974)
        at org.eclipse.jetty.util.thread.QueuedThreadPool$Runner.run(QueuedThreadPool.java:1018)
        at java.lang.Thread.run(Thread.java:750)
"org.apache.hadoop.util.JvmPauseMonitor$Monitor@6f3dca34" daemon prio=5 tid=5191 timed_waiting
java.lang.Thread.State: TIMED_WAITING
        at java.lang.Thread.sleep(Native Method)
        at org.apache.hadoop.util.JvmPauseMonitor$Monitor.run(JvmPauseMonitor.java:192)
        at java.lang.Thread.run(Thread.java:750)
"ChunkWriter-3-0" daemon prio=5 tid=6459 in Object.wait()
java.lang.Thread.State: WAITING (on object monitor)
        at sun.misc.Unsafe.park(Native Method)
        at java.util.concurrent.locks.LockSupport.park(LockSupport.java:175)
        at java.util.concurrent.locks.AbstractQueuedSynchronizer$ConditionObject.await(AbstractQueuedSynchronizer.java:2039)
        at java.util.concurrent.LinkedBlockingDeque.takeFirst(LinkedBlockingDeque.java:492)
        at java.util.concurrent.LinkedBlockingDeque.take(LinkedBlockingDeque.java:680)
        at java.util.concurrent.ThreadPoolExecutor.getTask(ThreadPoolExecutor.java:1074)
        at java.util.concurrent.ThreadPoolExecutor.runWorker(ThreadPoolExecutor.java:1134)
        at java.util.concurrent.ThreadPoolExecutor$Worker.run(ThreadPoolExecutor.java:624)
        at java.lang.Thread.run(Thread.java:750)
"c977c8ce-8538-40eb-94c6-762b85246bac-server-thread1" daemon prio=5 tid=5609 timed_waiting
java.lang.Thread.State: TIMED_WAITING
        at sun.misc.Unsafe.park(Native Method)
        at java.util.concurrent.locks.LockSupport.parkNanos(LockSupport.java:215)
        at java.util.concurrent.SynchronousQueue$TransferStack.awaitFulfill(SynchronousQueue.java:460)
        at java.util.concurrent.SynchronousQueue$TransferStack.transfer(SynchronousQueue.java:362)
        at java.util.concurrent.SynchronousQueue.poll(SynchronousQueue.java:941)
        at java.util.concurrent.ThreadPoolExecutor.getTask(ThreadPoolExecutor.java:1073)
        at java.util.concurrent.ThreadPoolExecutor.runWorker(ThreadPoolExecutor.java:1134)
        at java.util.concurrent.ThreadPoolExecutor$Worker.run(ThreadPoolExecutor.java:624)
        at java.lang.Thread.run(Thread.java:750)
"IPC Server handler 15 on default port 40471" daemon prio=5 tid=6806 timed_waiting
java.lang.Thread.State: TIMED_WAITING
        at sun.misc.Unsafe.park(Native Method)
        at java.util.concurrent.locks.LockSupport.parkNanos(LockSupport.java:215)
        at java.util.concurrent.locks.AbstractQueuedSynchronizer$ConditionObject.awaitNanos(AbstractQueuedSynchronizer.java:2078)
        at java.util.concurrent.LinkedBlockingQueue.poll(LinkedBlockingQueue.java:467)
        at org.apache.hadoop.ipc.CallQueueManager.take(CallQueueManager.java:317)
        at org.apache.hadoop.ipc.Server$Handler.run(Server.java:2942)
"ChunkWriter-2-0" daemon prio=5 tid=6446 in Object.wait()
java.lang.Thread.State: WAITING (on object monitor)
        at sun.misc.Unsafe.park(Native Method)
        at java.util.concurrent.locks.LockSupport.park(LockSupport.java:175)
        at java.util.concurrent.locks.AbstractQueuedSynchronizer$ConditionObject.await(AbstractQueuedSynchronizer.java:2039)
        at java.util.concurrent.LinkedBlockingDeque.takeFirst(LinkedBlockingDeque.java:492)
        at java.util.concurrent.LinkedBlockingDeque.take(LinkedBlockingDeque.java:680)
        at java.util.concurrent.ThreadPoolExecutor.getTask(ThreadPoolExecutor.java:1074)
        at java.util.concurrent.ThreadPoolExecutor.runWorker(ThreadPoolExecutor.java:1134)
        at java.util.concurrent.ThreadPoolExecutor$Worker.run(ThreadPoolExecutor.java:624)
        at java.lang.Thread.run(Thread.java:750)
"Periodic HDDS volume checker" daemon prio=5 tid=3961 timed_waiting
java.lang.Thread.State: TIMED_WAITING
        at sun.misc.Unsafe.park(Native Method)
        at java.util.concurrent.locks.LockSupport.parkNanos(LockSupport.java:215)
        at java.util.concurrent.locks.AbstractQueuedSynchronizer$ConditionObject.awaitNanos(AbstractQueuedSynchronizer.java:2078)
        at java.util.concurrent.ScheduledThreadPoolExecutor$DelayedWorkQueue.take(ScheduledThreadPoolExecutor.java:1093)
        at java.util.concurrent.ScheduledThreadPoolExecutor$DelayedWorkQueue.take(ScheduledThreadPoolExecutor.java:809)
        at java.util.concurrent.ThreadPoolExecutor.getTask(ThreadPoolExecutor.java:1074)
        at java.util.concurrent.ThreadPoolExecutor.runWorker(ThreadPoolExecutor.java:1134)
        at java.util.concurrent.ThreadPoolExecutor$Worker.run(ThreadPoolExecutor.java:624)
        at java.lang.Thread.run(Thread.java:750)
"ChunkWriter-3-0" daemon prio=5 tid=6520 in Object.wait()
java.lang.Thread.State: WAITING (on object monitor)
        at sun.misc.Unsafe.park(Native Method)
        at java.util.concurrent.locks.LockSupport.park(LockSupport.java:175)
        at java.util.concurrent.locks.AbstractQueuedSynchronizer$ConditionObject.await(AbstractQueuedSynchronizer.java:2039)
        at java.util.concurrent.LinkedBlockingDeque.takeFirst(LinkedBlockingDeque.java:492)
        at java.util.concurrent.LinkedBlockingDeque.take(LinkedBlockingDeque.java:680)
        at java.util.concurrent.ThreadPoolExecutor.getTask(ThreadPoolExecutor.java:1074)
        at java.util.concurrent.ThreadPoolExecutor.runWorker(ThreadPoolExecutor.java:1134)
        at java.util.concurrent.ThreadPoolExecutor$Worker.run(ThreadPoolExecutor.java:624)
        at java.lang.Thread.run(Thread.java:750)
"EventQueue-NodeRegistrationContainerReportForDataNodeSafeModeRule" daemon prio=5 tid=6497 in Object.wait()
java.lang.Thread.State: WAITING (on object monitor)
        at sun.misc.Unsafe.park(Native Method)
        at java.util.concurrent.locks.LockSupport.park(LockSupport.java:175)
        at java.util.concurrent.locks.AbstractQueuedSynchronizer$ConditionObject.await(AbstractQueuedSynchronizer.java:2039)
        at java.util.concurrent.LinkedBlockingQueue.take(LinkedBlockingQueue.java:442)
        at java.util.concurrent.ThreadPoolExecutor.getTask(ThreadPoolExecutor.java:1074)
        at java.util.concurrent.ThreadPoolExecutor.runWorker(ThreadPoolExecutor.java:1134)
        at java.util.concurrent.ThreadPoolExecutor$Worker.run(ThreadPoolExecutor.java:624)
        at java.lang.Thread.run(Thread.java:750)
"IPC Server handler 15 on default port 40173" daemon prio=5 tid=6123 timed_waiting
java.lang.Thread.State: TIMED_WAITING
        at sun.misc.Unsafe.park(Native Method)
        at java.util.concurrent.locks.LockSupport.parkNanos(LockSupport.java:215)
        at java.util.concurrent.locks.AbstractQueuedSynchronizer$ConditionObject.awaitNanos(AbstractQueuedSynchronizer.java:2078)
        at java.util.concurrent.LinkedBlockingQueue.poll(LinkedBlockingQueue.java:467)
        at org.apache.hadoop.ipc.CallQueueManager.take(CallQueueManager.java:317)
        at org.apache.hadoop.ipc.Server$Handler.run(Server.java:2942)
"Datanode State Machine Daemon Thread" daemon prio=5 tid=3979 timed_waiting
java.lang.Thread.State: TIMED_WAITING
        at java.lang.Thread.sleep(Native Method)
        at org.apache.hadoop.ozone.container.common.statemachine.DatanodeStateMachine.startStateMachineThread(DatanodeStateMachine.java:313)
        at org.apache.hadoop.ozone.container.common.statemachine.DatanodeStateMachine.lambda$startDaemon$0(DatanodeStateMachine.java:493)
        at org.apache.hadoop.ozone.container.common.statemachine.DatanodeStateMachine$$Lambda$761/216690043.run(Unknown Source)
        at java.lang.Thread.run(Thread.java:750)
"Datanode State Machine Daemon Thread" daemon prio=5 tid=6299 timed_waiting
java.lang.Thread.State: TIMED_WAITING
        at java.lang.Thread.sleep(Native Method)
        at org.apache.hadoop.ozone.container.common.statemachine.DatanodeStateMachine.startStateMachineThread(DatanodeStateMachine.java:313)
        at org.apache.hadoop.ozone.container.common.statemachine.DatanodeStateMachine.lambda$startDaemon$0(DatanodeStateMachine.java:493)
        at org.apache.hadoop.ozone.container.common.statemachine.DatanodeStateMachine$$Lambda$761/216690043.run(Unknown Source)
        at java.lang.Thread.run(Thread.java:750)
"ExpiredContainerReplicaOpScrubberThread" daemon prio=5 tid=6769 timed_waiting
java.lang.Thread.State: TIMED_WAITING
        at java.lang.Object.wait(Native Method)
        at org.apache.hadoop.hdds.scm.ha.BackgroundSCMService.run(BackgroundSCMService.java:110)
        at org.apache.hadoop.hdds.scm.ha.BackgroundSCMService$$Lambda$408/1110849047.run(Unknown Source)
        at java.lang.Thread.run(Thread.java:750)
"pool-3796-thread-1"  prio=5 tid=6342 timed_waiting
java.lang.Thread.State: TIMED_WAITING
        at sun.misc.Unsafe.park(Native Method)
        at java.util.concurrent.locks.LockSupport.parkNanos(LockSupport.java:215)
        at java.util.concurrent.locks.AbstractQueuedSynchronizer$ConditionObject.awaitNanos(AbstractQueuedSynchronizer.java:2078)
        at java.util.concurrent.ScheduledThreadPoolExecutor$DelayedWorkQueue.take(ScheduledThreadPoolExecutor.java:1093)
        at java.util.concurrent.ScheduledThreadPoolExecutor$DelayedWorkQueue.take(ScheduledThreadPoolExecutor.java:809)
        at java.util.concurrent.ThreadPoolExecutor.getTask(ThreadPoolExecutor.java:1074)
        at java.util.concurrent.ThreadPoolExecutor.runWorker(ThreadPoolExecutor.java:1134)
        at java.util.concurrent.ThreadPoolExecutor$Worker.run(ThreadPoolExecutor.java:624)
        at java.lang.Thread.run(Thread.java:750)
"Periodic HDDS volume checker" daemon prio=5 tid=5007 timed_waiting
java.lang.Thread.State: TIMED_WAITING
        at sun.misc.Unsafe.park(Native Method)
        at java.util.concurrent.locks.LockSupport.parkNanos(LockSupport.java:215)
        at java.util.concurrent.locks.AbstractQueuedSynchronizer$ConditionObject.awaitNanos(AbstractQueuedSynchronizer.java:2078)
        at java.util.concurrent.ScheduledThreadPoolExecutor$DelayedWorkQueue.take(ScheduledThreadPoolExecutor.java:1093)
        at java.util.concurrent.ScheduledThreadPoolExecutor$DelayedWorkQueue.take(ScheduledThreadPoolExecutor.java:809)
        at java.util.concurrent.ThreadPoolExecutor.getTask(ThreadPoolExecutor.java:1074)
        at java.util.concurrent.ThreadPoolExecutor.runWorker(ThreadPoolExecutor.java:1134)
        at java.util.concurrent.ThreadPoolExecutor$Worker.run(ThreadPoolExecutor.java:624)
        at java.lang.Thread.run(Thread.java:750)
"ChunkWriter-1-0" daemon prio=5 tid=6485 in Object.wait()
java.lang.Thread.State: WAITING (on object monitor)
        at sun.misc.Unsafe.park(Native Method)
        at java.util.concurrent.locks.LockSupport.park(LockSupport.java:175)
        at java.util.concurrent.locks.AbstractQueuedSynchronizer$ConditionObject.await(AbstractQueuedSynchronizer.java:2039)
        at java.util.concurrent.LinkedBlockingDeque.takeFirst(LinkedBlockingDeque.java:492)
        at java.util.concurrent.LinkedBlockingDeque.take(LinkedBlockingDeque.java:680)
        at java.util.concurrent.ThreadPoolExecutor.getTask(ThreadPoolExecutor.java:1074)
        at java.util.concurrent.ThreadPoolExecutor.runWorker(ThreadPoolExecutor.java:1134)
        at java.util.concurrent.ThreadPoolExecutor$Worker.run(ThreadPoolExecutor.java:624)
        at java.lang.Thread.run(Thread.java:750)
"ContainerOp-1a3410dc-4fd6-4954-94c6-9015fb128463-7"  prio=5 tid=6142 in Object.wait()
java.lang.Thread.State: WAITING (on object monitor)
        at sun.misc.Unsafe.park(Native Method)
        at java.util.concurrent.locks.LockSupport.park(LockSupport.java:175)
        at java.util.concurrent.locks.AbstractQueuedSynchronizer$ConditionObject.await(AbstractQueuedSynchronizer.java:2039)
        at java.util.concurrent.LinkedBlockingQueue.take(LinkedBlockingQueue.java:442)
        at java.util.concurrent.ThreadPoolExecutor.getTask(ThreadPoolExecutor.java:1074)
        at java.util.concurrent.ThreadPoolExecutor.runWorker(ThreadPoolExecutor.java:1134)
        at java.util.concurrent.ThreadPoolExecutor$Worker.run(ThreadPoolExecutor.java:624)
        at java.lang.Thread.run(Thread.java:750)
"Datanode ReportManager Thread - 4" daemon prio=5 tid=5050 in Object.wait()
java.lang.Thread.State: WAITING (on object monitor)
        at sun.misc.Unsafe.park(Native Method)
        at java.util.concurrent.locks.LockSupport.park(LockSupport.java:175)
        at java.util.concurrent.locks.AbstractQueuedSynchronizer$ConditionObject.await(AbstractQueuedSynchronizer.java:2039)
        at java.util.concurrent.ScheduledThreadPoolExecutor$DelayedWorkQueue.take(ScheduledThreadPoolExecutor.java:1088)
        at java.util.concurrent.ScheduledThreadPoolExecutor$DelayedWorkQueue.take(ScheduledThreadPoolExecutor.java:809)
        at java.util.concurrent.ThreadPoolExecutor.getTask(ThreadPoolExecutor.java:1074)
        at java.util.concurrent.ThreadPoolExecutor.runWorker(ThreadPoolExecutor.java:1134)
        at java.util.concurrent.ThreadPoolExecutor$Worker.run(ThreadPoolExecutor.java:624)
        at java.lang.Thread.run(Thread.java:750)
"a759a49b-3cd3-49e9-826c-16e7b00ba8b7@group-16E2E8E98EE8-StateMachineUpdater" daemon prio=5 tid=4256 timed_waiting
java.lang.Thread.State: TIMED_WAITING
        at sun.misc.Unsafe.park(Native Method)
        at java.util.concurrent.locks.LockSupport.parkNanos(LockSupport.java:215)
        at java.util.concurrent.CompletableFuture$Signaller.block(CompletableFuture.java:1709)
        at java.util.concurrent.ForkJoinPool.managedBlock(ForkJoinPool.java:3323)
        at java.util.concurrent.CompletableFuture.timedGet(CompletableFuture.java:1788)
        at java.util.concurrent.CompletableFuture.get(CompletableFuture.java:1928)
        at org.apache.ratis.util.AwaitForSignal.await(AwaitForSignal.java:56)
        at org.apache.ratis.server.impl.StateMachineUpdater.waitForCommit(StateMachineUpdater.java:207)
        at org.apache.ratis.server.impl.StateMachineUpdater.run(StateMachineUpdater.java:176)
        at java.lang.Thread.run(Thread.java:750)
"IPC Server handler 9 on default port 42971" daemon prio=5 tid=6840 timed_waiting
java.lang.Thread.State: TIMED_WAITING
        at sun.misc.Unsafe.park(Native Method)
        at java.util.concurrent.locks.LockSupport.parkNanos(LockSupport.java:215)
        at java.util.concurrent.locks.AbstractQueuedSynchronizer$ConditionObject.awaitNanos(AbstractQueuedSynchronizer.java:2078)
        at java.util.concurrent.LinkedBlockingQueue.poll(LinkedBlockingQueue.java:467)
        at org.apache.hadoop.ipc.CallQueueManager.take(CallQueueManager.java:317)
        at org.apache.hadoop.ipc.Server$Handler.run(Server.java:2942)
"IPC Server handler 18 on default port 43303" daemon prio=5 tid=6829 timed_waiting
java.lang.Thread.State: TIMED_WAITING
        at sun.misc.Unsafe.park(Native Method)
        at java.util.concurrent.locks.LockSupport.parkNanos(LockSupport.java:215)
        at java.util.concurrent.locks.AbstractQueuedSynchronizer$ConditionObject.awaitNanos(AbstractQueuedSynchronizer.java:2078)
        at java.util.concurrent.LinkedBlockingQueue.poll(LinkedBlockingQueue.java:467)
        at org.apache.hadoop.ipc.CallQueueManager.take(CallQueueManager.java:317)
        at org.apache.hadoop.ipc.Server$Handler.run(Server.java:2942)
"qtp900396159-6349" daemon prio=5 tid=6349 timed_waiting
java.lang.Thread.State: TIMED_WAITING
        at sun.misc.Unsafe.park(Native Method)
        at java.util.concurrent.locks.LockSupport.parkNanos(LockSupport.java:215)
        at java.util.concurrent.locks.AbstractQueuedSynchronizer$ConditionObject.awaitNanos(AbstractQueuedSynchronizer.java:2078)
        at org.eclipse.jetty.util.BlockingArrayQueue.poll(BlockingArrayQueue.java:382)
        at org.eclipse.jetty.util.thread.QueuedThreadPool$Runner.idleJobPoll(QueuedThreadPool.java:974)
        at org.eclipse.jetty.util.thread.QueuedThreadPool$Runner.run(QueuedThreadPool.java:1018)
        at java.lang.Thread.run(Thread.java:750)
"ReplicationMonitor" daemon prio=5 tid=6770 timed_waiting
java.lang.Thread.State: TIMED_WAITING
        at java.lang.Object.wait(Native Method)
        at org.apache.hadoop.hdds.scm.container.replication.ReplicationManager.run(ReplicationManager.java:505)
        at org.apache.hadoop.hdds.scm.container.replication.ReplicationManager$$Lambda$415/1927337571.run(Unknown Source)
        at java.lang.Thread.run(Thread.java:750)
"Datanode State Machine Task Thread - 0"  prio=5 tid=3957 in Object.wait()
java.lang.Thread.State: WAITING (on object monitor)
        at sun.misc.Unsafe.park(Native Method)
        at java.util.concurrent.locks.LockSupport.park(LockSupport.java:175)
        at java.util.concurrent.locks.AbstractQueuedSynchronizer$ConditionObject.await(AbstractQueuedSynchronizer.java:2039)
        at java.util.concurrent.LinkedBlockingQueue.take(LinkedBlockingQueue.java:442)
        at java.util.concurrent.ThreadPoolExecutor.getTask(ThreadPoolExecutor.java:1074)
        at java.util.concurrent.ThreadPoolExecutor.runWorker(ThreadPoolExecutor.java:1134)
        at java.util.concurrent.ThreadPoolExecutor$Worker.run(ThreadPoolExecutor.java:624)
        at java.lang.Thread.run(Thread.java:750)
"DataNode DiskChecker thread 0" daemon prio=5 tid=6156 timed_waiting
java.lang.Thread.State: TIMED_WAITING
        at sun.misc.Unsafe.park(Native Method)
        at java.util.concurrent.locks.LockSupport.parkNanos(LockSupport.java:215)
        at java.util.concurrent.SynchronousQueue$TransferStack.awaitFulfill(SynchronousQueue.java:460)
        at java.util.concurrent.SynchronousQueue$TransferStack.transfer(SynchronousQueue.java:362)
        at java.util.concurrent.SynchronousQueue.poll(SynchronousQueue.java:941)
        at java.util.concurrent.ThreadPoolExecutor.getTask(ThreadPoolExecutor.java:1073)
        at java.util.concurrent.ThreadPoolExecutor.runWorker(ThreadPoolExecutor.java:1134)
        at java.util.concurrent.ThreadPoolExecutor$Worker.run(ThreadPoolExecutor.java:624)
        at java.lang.Thread.run(Thread.java:750)
"Under Replicated Processor" daemon prio=5 tid=4538 timed_waiting
java.lang.Thread.State: TIMED_WAITING
        at java.lang.Object.wait(Native Method)
        at org.apache.hadoop.hdds.scm.container.replication.UnderReplicatedProcessor.run(UnderReplicatedProcessor.java:142)
        at java.lang.Thread.run(Thread.java:750)
"ChunkWriter-1-0" daemon prio=5 tid=4216 in Object.wait()
java.lang.Thread.State: WAITING (on object monitor)
        at sun.misc.Unsafe.park(Native Method)
        at java.util.concurrent.locks.LockSupport.park(LockSupport.java:175)
        at java.util.concurrent.locks.AbstractQueuedSynchronizer$ConditionObject.await(AbstractQueuedSynchronizer.java:2039)
        at java.util.concurrent.LinkedBlockingDeque.takeFirst(LinkedBlockingDeque.java:492)
        at java.util.concurrent.LinkedBlockingDeque.take(LinkedBlockingDeque.java:680)
        at java.util.concurrent.ThreadPoolExecutor.getTask(ThreadPoolExecutor.java:1074)
        at java.util.concurrent.ThreadPoolExecutor.runWorker(ThreadPoolExecutor.java:1134)
        at java.util.concurrent.ThreadPoolExecutor$Worker.run(ThreadPoolExecutor.java:624)
        at java.lang.Thread.run(Thread.java:750)
"EndpointStateMachine task thread for /0.0.0.0:42971 - 0 "  prio=5 tid=4171 in Object.wait()
java.lang.Thread.State: WAITING (on object monitor)
        at sun.misc.Unsafe.park(Native Method)
        at java.util.concurrent.locks.LockSupport.park(LockSupport.java:175)
        at java.util.concurrent.locks.AbstractQueuedSynchronizer$ConditionObject.await(AbstractQueuedSynchronizer.java:2039)
        at java.util.concurrent.LinkedBlockingQueue.take(LinkedBlockingQueue.java:442)
        at java.util.concurrent.ThreadPoolExecutor.getTask(ThreadPoolExecutor.java:1074)
        at java.util.concurrent.ThreadPoolExecutor.runWorker(ThreadPoolExecutor.java:1134)
        at java.util.concurrent.ThreadPoolExecutor$Worker.run(ThreadPoolExecutor.java:624)
        at java.lang.Thread.run(Thread.java:750)
"8dac584f-6024-4576-b5a3-2bef0f48735e@group-50B708ACB90C-FollowerState" daemon prio=5 tid=6938 timed_waiting
java.lang.Thread.State: TIMED_WAITING
        at java.lang.Thread.sleep(Native Method)
        at java.lang.Thread.sleep(Thread.java:342)
        at java.util.concurrent.TimeUnit.sleep(TimeUnit.java:386)
        at org.apache.ratis.util.TimeDuration.sleep(TimeDuration.java:325)
        at org.apache.ratis.util.TimeDuration.sleep(TimeDuration.java:310)
        at org.apache.ratis.server.impl.FollowerState.run(FollowerState.java:128)
"EndpointStateMachine task thread for /0.0.0.0:42971 - 0 "  prio=5 tid=4095 in Object.wait()
java.lang.Thread.State: WAITING (on object monitor)
        at sun.misc.Unsafe.park(Native Method)
        at java.util.concurrent.locks.LockSupport.park(LockSupport.java:175)
        at java.util.concurrent.locks.AbstractQueuedSynchronizer$ConditionObject.await(AbstractQueuedSynchronizer.java:2039)
        at java.util.concurrent.LinkedBlockingQueue.take(LinkedBlockingQueue.java:442)
        at java.util.concurrent.ThreadPoolExecutor.getTask(ThreadPoolExecutor.java:1074)
        at java.util.concurrent.ThreadPoolExecutor.runWorker(ThreadPoolExecutor.java:1134)
        at java.util.concurrent.ThreadPoolExecutor$Worker.run(ThreadPoolExecutor.java:624)
        at java.lang.Thread.run(Thread.java:750)
"7c212dc6-cebf-495f-bd67-bd25421d8adf@group-0CBB49F4AF40-LeaderStateImpl" daemon prio=5 tid=5603 timed_waiting
java.lang.Thread.State: TIMED_WAITING
        at sun.misc.Unsafe.park(Native Method)
        at java.util.concurrent.locks.LockSupport.parkNanos(LockSupport.java:215)
        at java.util.concurrent.locks.AbstractQueuedSynchronizer$ConditionObject.awaitNanos(AbstractQueuedSynchronizer.java:2078)
        at java.util.concurrent.ArrayBlockingQueue.poll(ArrayBlockingQueue.java:418)
        at org.apache.ratis.server.impl.LeaderStateImpl$EventQueue.poll(LeaderStateImpl.java:159)
        at org.apache.ratis.server.impl.LeaderStateImpl$EventProcessor.run(LeaderStateImpl.java:630)
"qtp648959186-3972" daemon prio=5 tid=3972 timed_waiting
java.lang.Thread.State: TIMED_WAITING
        at sun.misc.Unsafe.park(Native Method)
        at java.util.concurrent.locks.LockSupport.parkNanos(LockSupport.java:215)
        at java.util.concurrent.locks.AbstractQueuedSynchronizer$ConditionObject.awaitNanos(AbstractQueuedSynchronizer.java:2078)
        at org.eclipse.jetty.util.BlockingArrayQueue.poll(BlockingArrayQueue.java:382)
        at org.eclipse.jetty.util.thread.QueuedThreadPool$Runner.idleJobPoll(QueuedThreadPool.java:974)
        at org.eclipse.jetty.util.thread.QueuedThreadPool$Runner.run(QueuedThreadPool.java:1018)
        at java.lang.Thread.run(Thread.java:750)
"EndpointStateMachine task thread for /0.0.0.0:35863 - 0 "  prio=5 tid=6516 in Object.wait()
java.lang.Thread.State: WAITING (on object monitor)
        at sun.misc.Unsafe.park(Native Method)
        at java.util.concurrent.locks.LockSupport.park(LockSupport.java:175)
        at java.util.concurrent.locks.AbstractQueuedSynchronizer$ConditionObject.await(AbstractQueuedSynchronizer.java:2039)
        at java.util.concurrent.LinkedBlockingQueue.take(LinkedBlockingQueue.java:442)
        at java.util.concurrent.ThreadPoolExecutor.getTask(ThreadPoolExecutor.java:1074)
        at java.util.concurrent.ThreadPoolExecutor.runWorker(ThreadPoolExecutor.java:1134)
        at java.util.concurrent.ThreadPoolExecutor$Worker.run(ThreadPoolExecutor.java:624)
        at java.lang.Thread.run(Thread.java:750)
"IPC Server handler 14 on default port 35679" daemon prio=5 tid=5876 timed_waiting
java.lang.Thread.State: TIMED_WAITING
        at sun.misc.Unsafe.park(Native Method)
        at java.util.concurrent.locks.LockSupport.parkNanos(LockSupport.java:215)
        at java.util.concurrent.locks.AbstractQueuedSynchronizer$ConditionObject.awaitNanos(AbstractQueuedSynchronizer.java:2078)
        at java.util.concurrent.LinkedBlockingQueue.poll(LinkedBlockingQueue.java:467)
        at org.apache.hadoop.ipc.CallQueueManager.take(CallQueueManager.java:317)
        at org.apache.hadoop.ipc.Server$Handler.run(Server.java:2942)
"IPC Server listener on 40471" daemon prio=5 tid=6782 runnable
java.lang.Thread.State: RUNNABLE
        at sun.nio.ch.EPollArrayWrapper.epollWait(Native Method)
        at sun.nio.ch.EPollArrayWrapper.poll(EPollArrayWrapper.java:269)
        at sun.nio.ch.EPollSelectorImpl.doSelect(EPollSelectorImpl.java:93)
        at sun.nio.ch.SelectorImpl.lockAndDoSelect(SelectorImpl.java:86)
        at sun.nio.ch.SelectorImpl.select(SelectorImpl.java:97)
        at sun.nio.ch.SelectorImpl.select(SelectorImpl.java:101)
        at org.apache.hadoop.ipc.Server$Listener.run(Server.java:1358)
"0e59cd28-e34a-4544-a63c-9bf8db58f2a0@group-AB5A1656456D-LeaderStateImpl" daemon prio=5 tid=4341 timed_waiting
java.lang.Thread.State: TIMED_WAITING
        at sun.misc.Unsafe.park(Native Method)
        at java.util.concurrent.locks.LockSupport.parkNanos(LockSupport.java:215)
        at java.util.concurrent.locks.AbstractQueuedSynchronizer$ConditionObject.awaitNanos(AbstractQueuedSynchronizer.java:2078)
        at java.util.concurrent.ArrayBlockingQueue.poll(ArrayBlockingQueue.java:418)
        at org.apache.ratis.server.impl.LeaderStateImpl$EventQueue.poll(LeaderStateImpl.java:159)
        at org.apache.ratis.server.impl.LeaderStateImpl$EventProcessor.run(LeaderStateImpl.java:630)
"surefire-forkedjvm-command-thread" daemon prio=5 tid=10 runnable
java.lang.Thread.State: RUNNABLE
        at java.io.FileInputStream.readBytes(Native Method)
        at java.io.FileInputStream.read(FileInputStream.java:255)
        at java.io.BufferedInputStream.read1(BufferedInputStream.java:284)
        at java.io.BufferedInputStream.read(BufferedInputStream.java:345)
        at java.io.BufferedInputStream.fill(BufferedInputStream.java:246)
        at java.io.BufferedInputStream.read1(BufferedInputStream.java:286)
        at java.io.BufferedInputStream.read(BufferedInputStream.java:345)
        at org.apache.maven.surefire.api.util.internal.Channels$3.readImpl(Channels.java:214)
        at org.apache.maven.surefire.api.util.internal.AbstractNoninterruptibleReadableChannel.read(AbstractNoninterruptibleReadableChannel.java:54)
        at org.apache.maven.surefire.booter.spi.LegacyMasterProcessChannelDecoder.decode(LegacyMasterProcessChannelDecoder.java:80)
        at org.apache.maven.surefire.booter.CommandReader$CommandRunnable.run(CommandReader.java:343)
        at java.lang.Thread.run(Thread.java:750)
"IPC Server handler 6 on default port 43303" daemon prio=5 tid=6817 timed_waiting
java.lang.Thread.State: TIMED_WAITING
        at sun.misc.Unsafe.park(Native Method)
        at java.util.concurrent.locks.LockSupport.parkNanos(LockSupport.java:215)
        at java.util.concurrent.locks.AbstractQueuedSynchronizer$ConditionObject.awaitNanos(AbstractQueuedSynchronizer.java:2078)
        at java.util.concurrent.LinkedBlockingQueue.poll(LinkedBlockingQueue.java:467)
        at org.apache.hadoop.ipc.CallQueueManager.take(CallQueueManager.java:317)
        at org.apache.hadoop.ipc.Server$Handler.run(Server.java:2942)
"qtp648959186-3969-acceptor-0@744c4a5c-ServerConnector@64103820{HTTP/1.1, (http/1.1)}{0.0.0.0:36187}" daemon prio=3 tid=3969 runnable
java.lang.Thread.State: RUNNABLE
        at sun.nio.ch.ServerSocketChannelImpl.accept0(Native Method)
        at sun.nio.ch.ServerSocketChannelImpl.accept(ServerSocketChannelImpl.java:421)
        at sun.nio.ch.ServerSocketChannelImpl.accept(ServerSocketChannelImpl.java:249)
        at org.eclipse.jetty.server.ServerConnector.accept(ServerConnector.java:388)
        at org.eclipse.jetty.server.AbstractConnector$Acceptor.run(AbstractConnector.java:702)
        at org.eclipse.jetty.util.thread.QueuedThreadPool.runJob(QueuedThreadPool.java:883)
        at org.eclipse.jetty.util.thread.QueuedThreadPool$Runner.run(QueuedThreadPool.java:1034)
        at java.lang.Thread.run(Thread.java:750)
"Socket Reader #1 for port 0"  prio=5 tid=5819 runnable
java.lang.Thread.State: RUNNABLE
        at sun.nio.ch.EPollArrayWrapper.epollWait(Native Method)
        at sun.nio.ch.EPollArrayWrapper.poll(EPollArrayWrapper.java:269)
        at sun.nio.ch.EPollSelectorImpl.doSelect(EPollSelectorImpl.java:93)
        at sun.nio.ch.SelectorImpl.lockAndDoSelect(SelectorImpl.java:86)
        at sun.nio.ch.SelectorImpl.select(SelectorImpl.java:97)
        at sun.nio.ch.SelectorImpl.select(SelectorImpl.java:101)
        at org.apache.hadoop.ipc.Server$Listener$Reader.doRunLoop(Server.java:1296)
        at org.apache.hadoop.ipc.Server$Listener$Reader.run(Server.java:1275)
"FixedThreadPoolWithAffinityExecutor-1-0" daemon prio=5 tid=6535 in Object.wait()
java.lang.Thread.State: WAITING (on object monitor)
        at sun.misc.Unsafe.park(Native Method)
        at java.util.concurrent.locks.LockSupport.park(LockSupport.java:175)
        at java.util.concurrent.locks.AbstractQueuedSynchronizer$ConditionObject.await(AbstractQueuedSynchronizer.java:2039)
        at java.util.concurrent.LinkedBlockingDeque.takeFirst(LinkedBlockingDeque.java:492)
        at java.util.concurrent.LinkedBlockingDeque.take(LinkedBlockingDeque.java:680)
        at java.util.concurrent.ThreadPoolExecutor.getTask(ThreadPoolExecutor.java:1074)
        at java.util.concurrent.ThreadPoolExecutor.runWorker(ThreadPoolExecutor.java:1134)
        at java.util.concurrent.ThreadPoolExecutor$Worker.run(ThreadPoolExecutor.java:624)
        at java.lang.Thread.run(Thread.java:750)
"qtp1692527707-5080" daemon prio=5 tid=5080 timed_waiting
java.lang.Thread.State: TIMED_WAITING
        at sun.misc.Unsafe.park(Native Method)
        at java.util.concurrent.locks.LockSupport.parkNanos(LockSupport.java:215)
        at java.util.concurrent.locks.AbstractQueuedSynchronizer$ConditionObject.awaitNanos(AbstractQueuedSynchronizer.java:2078)
        at org.eclipse.jetty.util.BlockingArrayQueue.poll(BlockingArrayQueue.java:382)
        at org.eclipse.jetty.util.thread.QueuedThreadPool$Runner.idleJobPoll(QueuedThreadPool.java:974)
        at org.eclipse.jetty.util.thread.QueuedThreadPool$Runner.run(QueuedThreadPool.java:1018)
        at java.lang.Thread.run(Thread.java:750)
"ChunkWriter-3-0" daemon prio=5 tid=6399 in Object.wait()
java.lang.Thread.State: WAITING (on object monitor)
        at sun.misc.Unsafe.park(Native Method)
        at java.util.concurrent.locks.LockSupport.park(LockSupport.java:175)
        at java.util.concurrent.locks.AbstractQueuedSynchronizer$ConditionObject.await(AbstractQueuedSynchronizer.java:2039)
        at java.util.concurrent.LinkedBlockingDeque.takeFirst(LinkedBlockingDeque.java:492)
        at java.util.concurrent.LinkedBlockingDeque.take(LinkedBlockingDeque.java:680)
        at java.util.concurrent.ThreadPoolExecutor.getTask(ThreadPoolExecutor.java:1074)
        at java.util.concurrent.ThreadPoolExecutor.runWorker(ThreadPoolExecutor.java:1134)
        at java.util.concurrent.ThreadPoolExecutor$Worker.run(ThreadPoolExecutor.java:624)
        at java.lang.Thread.run(Thread.java:750)
"Command processor thread" daemon prio=5 tid=6306 timed_waiting
java.lang.Thread.State: TIMED_WAITING
        at java.lang.Thread.sleep(Native Method)
        at org.apache.hadoop.ozone.container.common.statemachine.DatanodeStateMachine.lambda$initCommandHandlerThread$3(DatanodeStateMachine.java:628)
        at org.apache.hadoop.ozone.container.common.statemachine.DatanodeStateMachine$$Lambda$763/1762238644.run(Unknown Source)
        at java.lang.Thread.run(Thread.java:750)
"qtp1325558990-5910" daemon prio=5 tid=5910 timed_waiting
java.lang.Thread.State: TIMED_WAITING
        at sun.misc.Unsafe.park(Native Method)
        at java.util.concurrent.locks.LockSupport.parkNanos(LockSupport.java:215)
        at java.util.concurrent.locks.AbstractQueuedSynchronizer$ConditionObject.awaitNanos(AbstractQueuedSynchronizer.java:2078)
        at org.eclipse.jetty.util.BlockingArrayQueue.poll(BlockingArrayQueue.java:382)
        at org.eclipse.jetty.util.thread.QueuedThreadPool$Runner.idleJobPoll(QueuedThreadPool.java:974)
        at org.eclipse.jetty.util.thread.QueuedThreadPool$Runner.run(QueuedThreadPool.java:1018)
        at java.lang.Thread.run(Thread.java:750)
"pool-3776-thread-1" daemon prio=5 tid=6338 timed_waiting
java.lang.Thread.State: TIMED_WAITING
        at sun.misc.Unsafe.park(Native Method)
        at java.util.concurrent.locks.LockSupport.parkNanos(LockSupport.java:215)
        at java.util.concurrent.locks.AbstractQueuedSynchronizer$ConditionObject.awaitNanos(AbstractQueuedSynchronizer.java:2078)
        at java.util.concurrent.ScheduledThreadPoolExecutor$DelayedWorkQueue.take(ScheduledThreadPoolExecutor.java:1093)
        at java.util.concurrent.ScheduledThreadPoolExecutor$DelayedWorkQueue.take(ScheduledThreadPoolExecutor.java:809)
        at java.util.concurrent.ThreadPoolExecutor.getTask(ThreadPoolExecutor.java:1074)
        at java.util.concurrent.ThreadPoolExecutor.runWorker(ThreadPoolExecutor.java:1134)
        at java.util.concurrent.ThreadPoolExecutor$Worker.run(ThreadPoolExecutor.java:624)
        at java.lang.Thread.run(Thread.java:750)
"OpenKeyCleanupService#0" daemon prio=5 tid=6086 timed_waiting
java.lang.Thread.State: TIMED_WAITING
        at sun.misc.Unsafe.park(Native Method)
        at java.util.concurrent.locks.LockSupport.parkNanos(LockSupport.java:215)
        at java.util.concurrent.locks.AbstractQueuedSynchronizer$ConditionObject.awaitNanos(AbstractQueuedSynchronizer.java:2078)
        at java.util.concurrent.ScheduledThreadPoolExecutor$DelayedWorkQueue.take(ScheduledThreadPoolExecutor.java:1093)
        at java.util.concurrent.ScheduledThreadPoolExecutor$DelayedWorkQueue.take(ScheduledThreadPoolExecutor.java:809)
        at java.util.concurrent.ThreadPoolExecutor.getTask(ThreadPoolExecutor.java:1074)
        at java.util.concurrent.ThreadPoolExecutor.runWorker(ThreadPoolExecutor.java:1134)
        at java.util.concurrent.ThreadPoolExecutor$Worker.run(ThreadPoolExecutor.java:624)
        at java.lang.Thread.run(Thread.java:750)
"qtp2096450185-5314" daemon prio=5 tid=5314 timed_waiting
java.lang.Thread.State: TIMED_WAITING
        at sun.misc.Unsafe.park(Native Method)
        at java.util.concurrent.locks.LockSupport.parkNanos(LockSupport.java:215)
        at java.util.concurrent.locks.AbstractQueuedSynchronizer$ConditionObject.awaitNanos(AbstractQueuedSynchronizer.java:2078)
        at org.eclipse.jetty.util.BlockingArrayQueue.poll(BlockingArrayQueue.java:382)
        at org.eclipse.jetty.util.thread.QueuedThreadPool$Runner.idleJobPoll(QueuedThreadPool.java:974)
        at org.eclipse.jetty.util.thread.QueuedThreadPool$Runner.run(QueuedThreadPool.java:1018)
        at java.lang.Thread.run(Thread.java:750)
"pool-2310-thread-1"  prio=5 tid=4029 timed_waiting
java.lang.Thread.State: TIMED_WAITING
        at sun.misc.Unsafe.park(Native Method)
        at java.util.concurrent.locks.LockSupport.parkNanos(LockSupport.java:215)
        at java.util.concurrent.locks.AbstractQueuedSynchronizer$ConditionObject.awaitNanos(AbstractQueuedSynchronizer.java:2078)
        at java.util.concurrent.ScheduledThreadPoolExecutor$DelayedWorkQueue.take(ScheduledThreadPoolExecutor.java:1093)
        at java.util.concurrent.ScheduledThreadPoolExecutor$DelayedWorkQueue.take(ScheduledThreadPoolExecutor.java:809)
        at java.util.concurrent.ThreadPoolExecutor.getTask(ThreadPoolExecutor.java:1074)
        at java.util.concurrent.ThreadPoolExecutor.runWorker(ThreadPoolExecutor.java:1134)
        at java.util.concurrent.ThreadPoolExecutor$Worker.run(ThreadPoolExecutor.java:624)
        at java.lang.Thread.run(Thread.java:750)
"StaleRecoveringContainerScrubbingService#2" daemon prio=5 tid=5649 in Object.wait()
java.lang.Thread.State: WAITING (on object monitor)
        at sun.misc.Unsafe.park(Native Method)
        at java.util.concurrent.locks.LockSupport.park(LockSupport.java:175)
        at java.util.concurrent.locks.AbstractQueuedSynchronizer$ConditionObject.await(AbstractQueuedSynchronizer.java:2039)
        at java.util.concurrent.ScheduledThreadPoolExecutor$DelayedWorkQueue.take(ScheduledThreadPoolExecutor.java:1088)
        at java.util.concurrent.ScheduledThreadPoolExecutor$DelayedWorkQueue.take(ScheduledThreadPoolExecutor.java:809)
        at java.util.concurrent.ThreadPoolExecutor.getTask(ThreadPoolExecutor.java:1074)
        at java.util.concurrent.ThreadPoolExecutor.runWorker(ThreadPoolExecutor.java:1134)
        at java.util.concurrent.ThreadPoolExecutor$Worker.run(ThreadPoolExecutor.java:624)
        at java.lang.Thread.run(Thread.java:750)
"4d4feef0-6754-49f5-8e19-57d58c5c04b3@group-724FDAAFD1CA-SegmentedRaftLogWorker"  prio=5 tid=5440 timed_waiting
java.lang.Thread.State: TIMED_WAITING
        at sun.misc.Unsafe.park(Native Method)
        at java.util.concurrent.locks.LockSupport.parkNanos(LockSupport.java:215)
        at java.util.concurrent.locks.AbstractQueuedSynchronizer$ConditionObject.awaitNanos(AbstractQueuedSynchronizer.java:2078)
        at org.apache.ratis.util.DataBlockingQueue.poll(DataBlockingQueue.java:148)
        at org.apache.ratis.server.raftlog.segmented.SegmentedRaftLogWorker.run(SegmentedRaftLogWorker.java:301)
        at org.apache.ratis.server.raftlog.segmented.SegmentedRaftLogWorker$$Lambda$646/1639153477.run(Unknown Source)
        at java.lang.Thread.run(Thread.java:750)
"Periodic HDDS volume checker" daemon prio=5 tid=6155 timed_waiting
java.lang.Thread.State: TIMED_WAITING
        at sun.misc.Unsafe.park(Native Method)
        at java.util.concurrent.locks.LockSupport.parkNanos(LockSupport.java:215)
        at java.util.concurrent.locks.AbstractQueuedSynchronizer$ConditionObject.awaitNanos(AbstractQueuedSynchronizer.java:2078)
        at java.util.concurrent.ScheduledThreadPoolExecutor$DelayedWorkQueue.take(ScheduledThreadPoolExecutor.java:1093)
        at java.util.concurrent.ScheduledThreadPoolExecutor$DelayedWorkQueue.take(ScheduledThreadPoolExecutor.java:809)
        at java.util.concurrent.ThreadPoolExecutor.getTask(ThreadPoolExecutor.java:1074)
        at java.util.concurrent.ThreadPoolExecutor.runWorker(ThreadPoolExecutor.java:1134)
        at java.util.concurrent.ThreadPoolExecutor$Worker.run(ThreadPoolExecutor.java:624)
        at java.lang.Thread.run(Thread.java:750)
"qtp1906917657-4644" daemon prio=5 tid=4644 runnable
java.lang.Thread.State: RUNNABLE
        at sun.nio.ch.EPollArrayWrapper.epollWait(Native Method)
        at sun.nio.ch.EPollArrayWrapper.poll(EPollArrayWrapper.java:269)
        at sun.nio.ch.EPollSelectorImpl.doSelect(EPollSelectorImpl.java:93)
        at sun.nio.ch.SelectorImpl.lockAndDoSelect(SelectorImpl.java:86)
        at sun.nio.ch.SelectorImpl.select(SelectorImpl.java:97)
        at sun.nio.ch.SelectorImpl.select(SelectorImpl.java:101)
        at org.eclipse.jetty.io.ManagedSelector.nioSelect(ManagedSelector.java:183)
        at org.eclipse.jetty.io.ManagedSelector.select(ManagedSelector.java:190)
        at org.eclipse.jetty.io.ManagedSelector$SelectorProducer.select(ManagedSelector.java:606)
        at org.eclipse.jetty.io.ManagedSelector$SelectorProducer.produce(ManagedSelector.java:543)
        at org.eclipse.jetty.util.thread.strategy.EatWhatYouKill.produceTask(EatWhatYouKill.java:362)
        at org.eclipse.jetty.util.thread.strategy.EatWhatYouKill.doProduce(EatWhatYouKill.java:186)
        at org.eclipse.jetty.util.thread.strategy.EatWhatYouKill.tryProduce(EatWhatYouKill.java:173)
        at org.eclipse.jetty.util.thread.strategy.EatWhatYouKill.produce(EatWhatYouKill.java:137)
        at org.eclipse.jetty.io.ManagedSelector$$Lambda$478/1665851504.run(Unknown Source)
        at org.eclipse.jetty.util.thread.QueuedThreadPool.runJob(QueuedThreadPool.java:883)
        at org.eclipse.jetty.util.thread.QueuedThreadPool$Runner.run(QueuedThreadPool.java:1034)
        at java.lang.Thread.run(Thread.java:750)
"IPC Server handler 1 on default port 40471" daemon prio=5 tid=6792 timed_waiting
java.lang.Thread.State: TIMED_WAITING
        at sun.misc.Unsafe.park(Native Method)
        at java.util.concurrent.locks.LockSupport.parkNanos(LockSupport.java:215)
        at java.util.concurrent.locks.AbstractQueuedSynchronizer$ConditionObject.awaitNanos(AbstractQueuedSynchronizer.java:2078)
        at java.util.concurrent.LinkedBlockingQueue.poll(LinkedBlockingQueue.java:467)
        at org.apache.hadoop.ipc.CallQueueManager.take(CallQueueManager.java:317)
        at org.apache.hadoop.ipc.Server$Handler.run(Server.java:2942)
"org.apache.hadoop.util.JvmPauseMonitor$Monitor@312b9794" daemon prio=5 tid=4056 timed_waiting
java.lang.Thread.State: TIMED_WAITING
        at java.lang.Thread.sleep(Native Method)
        at org.apache.hadoop.util.JvmPauseMonitor$Monitor.run(JvmPauseMonitor.java:192)
        at java.lang.Thread.run(Thread.java:750)
"IPC Server handler 6 on default port 43793" daemon prio=5 tid=4601 timed_waiting
java.lang.Thread.State: TIMED_WAITING
        at sun.misc.Unsafe.park(Native Method)
        at java.util.concurrent.locks.LockSupport.parkNanos(LockSupport.java:215)
        at java.util.concurrent.locks.AbstractQueuedSynchronizer$ConditionObject.awaitNanos(AbstractQueuedSynchronizer.java:2078)
        at java.util.concurrent.LinkedBlockingQueue.poll(LinkedBlockingQueue.java:467)
        at org.apache.hadoop.ipc.CallQueueManager.take(CallQueueManager.java:317)
        at org.apache.hadoop.ipc.Server$Handler.run(Server.java:2942)
"IPC Server handler 3 on default port 35679" daemon prio=5 tid=5865 timed_waiting
java.lang.Thread.State: TIMED_WAITING
        at sun.misc.Unsafe.park(Native Method)
        at java.util.concurrent.locks.LockSupport.parkNanos(LockSupport.java:215)
        at java.util.concurrent.locks.AbstractQueuedSynchronizer$ConditionObject.awaitNanos(AbstractQueuedSynchronizer.java:2078)
        at java.util.concurrent.LinkedBlockingQueue.poll(LinkedBlockingQueue.java:467)
        at org.apache.hadoop.ipc.CallQueueManager.take(CallQueueManager.java:317)
        at org.apache.hadoop.ipc.Server$Handler.run(Server.java:2942)
"qtp2074136396-3784" daemon prio=5 tid=3784 timed_waiting
java.lang.Thread.State: TIMED_WAITING
        at sun.misc.Unsafe.park(Native Method)
        at java.util.concurrent.locks.LockSupport.parkNanos(LockSupport.java:215)
        at java.util.concurrent.locks.AbstractQueuedSynchronizer$ConditionObject.awaitNanos(AbstractQueuedSynchronizer.java:2078)
        at org.eclipse.jetty.util.BlockingArrayQueue.poll(BlockingArrayQueue.java:382)
        at org.eclipse.jetty.util.thread.QueuedThreadPool$Runner.idleJobPoll(QueuedThreadPool.java:974)
        at org.eclipse.jetty.util.thread.QueuedThreadPool$Runner.run(QueuedThreadPool.java:1018)
        at java.lang.Thread.run(Thread.java:750)
"qtp2096450185-5318" daemon prio=5 tid=5318 timed_waiting
java.lang.Thread.State: TIMED_WAITING
        at sun.misc.Unsafe.park(Native Method)
        at java.util.concurrent.locks.LockSupport.parkNanos(LockSupport.java:215)
        at java.util.concurrent.locks.AbstractQueuedSynchronizer$ConditionObject.awaitNanos(AbstractQueuedSynchronizer.java:2078)
        at org.eclipse.jetty.util.BlockingArrayQueue.poll(BlockingArrayQueue.java:382)
        at org.eclipse.jetty.util.thread.QueuedThreadPool$Runner.idleJobPoll(QueuedThreadPool.java:974)
        at org.eclipse.jetty.util.thread.QueuedThreadPool$Runner.run(QueuedThreadPool.java:1018)
        at java.lang.Thread.run(Thread.java:750)
"Datanode ReportManager Thread - 3" daemon prio=5 tid=4011 timed_waiting
java.lang.Thread.State: TIMED_WAITING
        at sun.misc.Unsafe.park(Native Method)
        at java.util.concurrent.locks.LockSupport.parkNanos(LockSupport.java:215)
        at java.util.concurrent.locks.AbstractQueuedSynchronizer$ConditionObject.awaitNanos(AbstractQueuedSynchronizer.java:2078)
        at java.util.concurrent.ScheduledThreadPoolExecutor$DelayedWorkQueue.take(ScheduledThreadPoolExecutor.java:1093)
        at java.util.concurrent.ScheduledThreadPoolExecutor$DelayedWorkQueue.take(ScheduledThreadPoolExecutor.java:809)
        at java.util.concurrent.ThreadPoolExecutor.getTask(ThreadPoolExecutor.java:1074)
        at java.util.concurrent.ThreadPoolExecutor.runWorker(ThreadPoolExecutor.java:1134)
        at java.util.concurrent.ThreadPoolExecutor$Worker.run(ThreadPoolExecutor.java:624)
        at java.lang.Thread.run(Thread.java:750)
"Datanode ReportManager Thread - 1" daemon prio=5 tid=4009 in Object.wait()
java.lang.Thread.State: WAITING (on object monitor)
        at sun.misc.Unsafe.park(Native Method)
        at java.util.concurrent.locks.LockSupport.park(LockSupport.java:175)
        at java.util.concurrent.locks.AbstractQueuedSynchronizer$ConditionObject.await(AbstractQueuedSynchronizer.java:2039)
        at java.util.concurrent.ScheduledThreadPoolExecutor$DelayedWorkQueue.take(ScheduledThreadPoolExecutor.java:1088)
        at java.util.concurrent.ScheduledThreadPoolExecutor$DelayedWorkQueue.take(ScheduledThreadPoolExecutor.java:809)
        at java.util.concurrent.ThreadPoolExecutor.getTask(ThreadPoolExecutor.java:1074)
        at java.util.concurrent.ThreadPoolExecutor.runWorker(ThreadPoolExecutor.java:1134)
        at java.util.concurrent.ThreadPoolExecutor$Worker.run(ThreadPoolExecutor.java:624)
        at java.lang.Thread.run(Thread.java:750)
"qtp926651341-5285" daemon prio=5 tid=5285 timed_waiting
java.lang.Thread.State: TIMED_WAITING
        at sun.misc.Unsafe.park(Native Method)
        at java.util.concurrent.locks.LockSupport.parkNanos(LockSupport.java:215)
        at java.util.concurrent.locks.AbstractQueuedSynchronizer$ConditionObject.awaitNanos(AbstractQueuedSynchronizer.java:2078)
        at org.eclipse.jetty.util.BlockingArrayQueue.poll(BlockingArrayQueue.java:382)
        at org.eclipse.jetty.util.thread.QueuedThreadPool$Runner.idleJobPoll(QueuedThreadPool.java:974)
        at org.eclipse.jetty.util.thread.QueuedThreadPool$Runner.run(QueuedThreadPool.java:1018)
        at java.lang.Thread.run(Thread.java:750)
"StaleRecoveringContainerScrubbingService#0" daemon prio=5 tid=5364 in Object.wait()
java.lang.Thread.State: WAITING (on object monitor)
        at sun.misc.Unsafe.park(Native Method)
        at java.util.concurrent.locks.LockSupport.park(LockSupport.java:175)
        at java.util.concurrent.locks.AbstractQueuedSynchronizer$ConditionObject.await(AbstractQueuedSynchronizer.java:2039)
        at java.util.concurrent.ScheduledThreadPoolExecutor$DelayedWorkQueue.take(ScheduledThreadPoolExecutor.java:1088)
        at java.util.concurrent.ScheduledThreadPoolExecutor$DelayedWorkQueue.take(ScheduledThreadPoolExecutor.java:809)
        at java.util.concurrent.ThreadPoolExecutor.getTask(ThreadPoolExecutor.java:1074)
        at java.util.concurrent.ThreadPoolExecutor.runWorker(ThreadPoolExecutor.java:1134)
        at java.util.concurrent.ThreadPoolExecutor$Worker.run(ThreadPoolExecutor.java:624)
        at java.lang.Thread.run(Thread.java:750)
"Session-HouseKeeper-23dd7dbb-1"  prio=5 tid=4110 timed_waiting
java.lang.Thread.State: TIMED_WAITING
        at sun.misc.Unsafe.park(Native Method)
        at java.util.concurrent.locks.LockSupport.parkNanos(LockSupport.java:215)
        at java.util.concurrent.locks.AbstractQueuedSynchronizer$ConditionObject.awaitNanos(AbstractQueuedSynchronizer.java:2078)
        at java.util.concurrent.ScheduledThreadPoolExecutor$DelayedWorkQueue.take(ScheduledThreadPoolExecutor.java:1093)
        at java.util.concurrent.ScheduledThreadPoolExecutor$DelayedWorkQueue.take(ScheduledThreadPoolExecutor.java:809)
        at java.util.concurrent.ThreadPoolExecutor.getTask(ThreadPoolExecutor.java:1074)
        at java.util.concurrent.ThreadPoolExecutor.runWorker(ThreadPoolExecutor.java:1134)
        at java.util.concurrent.ThreadPoolExecutor$Worker.run(ThreadPoolExecutor.java:624)
        at java.lang.Thread.run(Thread.java:750)
"Command processor thread" daemon prio=5 tid=6360 timed_waiting
java.lang.Thread.State: TIMED_WAITING
        at java.lang.Thread.sleep(Native Method)
        at org.apache.hadoop.ozone.container.common.statemachine.DatanodeStateMachine.lambda$initCommandHandlerThread$3(DatanodeStateMachine.java:628)
        at org.apache.hadoop.ozone.container.common.statemachine.DatanodeStateMachine$$Lambda$763/1762238644.run(Unknown Source)
        at java.lang.Thread.run(Thread.java:750)
"IPC Server Responder" daemon prio=5 tid=6071 runnable
java.lang.Thread.State: RUNNABLE
        at sun.nio.ch.EPollArrayWrapper.epollWait(Native Method)
        at sun.nio.ch.EPollArrayWrapper.poll(EPollArrayWrapper.java:269)
        at sun.nio.ch.EPollSelectorImpl.doSelect(EPollSelectorImpl.java:93)
        at sun.nio.ch.SelectorImpl.lockAndDoSelect(SelectorImpl.java:86)
        at sun.nio.ch.SelectorImpl.select(SelectorImpl.java:97)
        at org.apache.hadoop.ipc.Server$Responder.doRunLoop(Server.java:1532)
        at org.apache.hadoop.ipc.Server$Responder.run(Server.java:1515)
"EventQueue-NodeReportForNodeReportHandler" daemon prio=5 tid=6878 in Object.wait()
java.lang.Thread.State: WAITING (on object monitor)
        at sun.misc.Unsafe.park(Native Method)
        at java.util.concurrent.locks.LockSupport.park(LockSupport.java:175)
        at java.util.concurrent.locks.AbstractQueuedSynchronizer$ConditionObject.await(AbstractQueuedSynchronizer.java:2039)
        at java.util.concurrent.LinkedBlockingQueue.take(LinkedBlockingQueue.java:442)
        at java.util.concurrent.ThreadPoolExecutor.getTask(ThreadPoolExecutor.java:1074)
        at java.util.concurrent.ThreadPoolExecutor.runWorker(ThreadPoolExecutor.java:1134)
        at java.util.concurrent.ThreadPoolExecutor$Worker.run(ThreadPoolExecutor.java:624)
        at java.lang.Thread.run(Thread.java:750)
"IPC Server handler 14 on default port 35863" daemon prio=5 tid=5896 timed_waiting
java.lang.Thread.State: TIMED_WAITING
        at sun.misc.Unsafe.park(Native Method)
        at java.util.concurrent.locks.LockSupport.parkNanos(LockSupport.java:215)
        at java.util.concurrent.locks.AbstractQueuedSynchronizer$ConditionObject.awaitNanos(AbstractQueuedSynchronizer.java:2078)
        at java.util.concurrent.LinkedBlockingQueue.poll(LinkedBlockingQueue.java:467)
        at org.apache.hadoop.ipc.CallQueueManager.take(CallQueueManager.java:317)
        at org.apache.hadoop.ipc.Server$Handler.run(Server.java:2942)
"Datanode ReportManager Thread - 3" daemon prio=5 tid=4053 in Object.wait()
java.lang.Thread.State: WAITING (on object monitor)
        at sun.misc.Unsafe.park(Native Method)
        at java.util.concurrent.locks.LockSupport.park(LockSupport.java:175)
        at java.util.concurrent.locks.AbstractQueuedSynchronizer$ConditionObject.await(AbstractQueuedSynchronizer.java:2039)
        at java.util.concurrent.ScheduledThreadPoolExecutor$DelayedWorkQueue.take(ScheduledThreadPoolExecutor.java:1088)
        at java.util.concurrent.ScheduledThreadPoolExecutor$DelayedWorkQueue.take(ScheduledThreadPoolExecutor.java:809)
        at java.util.concurrent.ThreadPoolExecutor.getTask(ThreadPoolExecutor.java:1074)
        at java.util.concurrent.ThreadPoolExecutor.runWorker(ThreadPoolExecutor.java:1134)
        at java.util.concurrent.ThreadPoolExecutor$Worker.run(ThreadPoolExecutor.java:624)
        at java.lang.Thread.run(Thread.java:750)
"qtp1706216417-4869" daemon prio=5 tid=4869 timed_waiting
java.lang.Thread.State: TIMED_WAITING
        at sun.misc.Unsafe.park(Native Method)
        at java.util.concurrent.locks.LockSupport.parkNanos(LockSupport.java:215)
        at java.util.concurrent.locks.AbstractQueuedSynchronizer$ConditionObject.awaitNanos(AbstractQueuedSynchronizer.java:2078)
        at org.eclipse.jetty.util.BlockingArrayQueue.poll(BlockingArrayQueue.java:382)
        at org.eclipse.jetty.util.thread.QueuedThreadPool$Runner.idleJobPoll(QueuedThreadPool.java:974)
        at org.eclipse.jetty.util.thread.QueuedThreadPool$Runner.run(QueuedThreadPool.java:1018)
        at java.lang.Thread.run(Thread.java:750)
"ChunkWriter-1-0" daemon prio=5 tid=6397 in Object.wait()
java.lang.Thread.State: WAITING (on object monitor)
        at sun.misc.Unsafe.park(Native Method)
        at java.util.concurrent.locks.LockSupport.park(LockSupport.java:175)
        at java.util.concurrent.locks.AbstractQueuedSynchronizer$ConditionObject.await(AbstractQueuedSynchronizer.java:2039)
        at java.util.concurrent.LinkedBlockingDeque.takeFirst(LinkedBlockingDeque.java:492)
        at java.util.concurrent.LinkedBlockingDeque.take(LinkedBlockingDeque.java:680)
        at java.util.concurrent.ThreadPoolExecutor.getTask(ThreadPoolExecutor.java:1074)
        at java.util.concurrent.ThreadPoolExecutor.runWorker(ThreadPoolExecutor.java:1134)
        at java.util.concurrent.ThreadPoolExecutor$Worker.run(ThreadPoolExecutor.java:624)
        at java.lang.Thread.run(Thread.java:750)
"c977c8ce-8538-40eb-94c6-762b85246bac@group-0CBB49F4AF40-FollowerState" daemon prio=5 tid=5601 timed_waiting
java.lang.Thread.State: TIMED_WAITING
        at java.lang.Thread.sleep(Native Method)
        at java.lang.Thread.sleep(Thread.java:342)
        at java.util.concurrent.TimeUnit.sleep(TimeUnit.java:386)
        at org.apache.ratis.util.TimeDuration.sleep(TimeDuration.java:325)
        at org.apache.ratis.util.TimeDuration.sleep(TimeDuration.java:310)
        at org.apache.ratis.server.impl.FollowerState.run(FollowerState.java:128)
"Datanode ReportManager Thread - 4" daemon prio=5 tid=6305 in Object.wait()
java.lang.Thread.State: WAITING (on object monitor)
        at sun.misc.Unsafe.park(Native Method)
        at java.util.concurrent.locks.LockSupport.park(LockSupport.java:175)
        at java.util.concurrent.locks.AbstractQueuedSynchronizer$ConditionObject.await(AbstractQueuedSynchronizer.java:2039)
        at java.util.concurrent.ScheduledThreadPoolExecutor$DelayedWorkQueue.take(ScheduledThreadPoolExecutor.java:1088)
        at java.util.concurrent.ScheduledThreadPoolExecutor$DelayedWorkQueue.take(ScheduledThreadPoolExecutor.java:809)
        at java.util.concurrent.ThreadPoolExecutor.getTask(ThreadPoolExecutor.java:1074)
        at java.util.concurrent.ThreadPoolExecutor.runWorker(ThreadPoolExecutor.java:1134)
        at java.util.concurrent.ThreadPoolExecutor$Worker.run(ThreadPoolExecutor.java:624)
        at java.lang.Thread.run(Thread.java:750)
"IPC Server handler 18 on default port 35679" daemon prio=5 tid=5880 timed_waiting
java.lang.Thread.State: TIMED_WAITING
        at sun.misc.Unsafe.park(Native Method)
        at java.util.concurrent.locks.LockSupport.parkNanos(LockSupport.java:215)
        at java.util.concurrent.locks.AbstractQueuedSynchronizer$ConditionObject.awaitNanos(AbstractQueuedSynchronizer.java:2078)
        at java.util.concurrent.LinkedBlockingQueue.poll(LinkedBlockingQueue.java:467)
        at org.apache.hadoop.ipc.CallQueueManager.take(CallQueueManager.java:317)
        at org.apache.hadoop.ipc.Server$Handler.run(Server.java:2942)
"IPC Server handler 8 on default port 42971" daemon prio=5 tid=6839 timed_waiting
java.lang.Thread.State: TIMED_WAITING
        at sun.misc.Unsafe.park(Native Method)
        at java.util.concurrent.locks.LockSupport.parkNanos(LockSupport.java:215)
        at java.util.concurrent.locks.AbstractQueuedSynchronizer$ConditionObject.awaitNanos(AbstractQueuedSynchronizer.java:2078)
        at java.util.concurrent.LinkedBlockingQueue.poll(LinkedBlockingQueue.java:467)
        at org.apache.hadoop.ipc.CallQueueManager.take(CallQueueManager.java:317)
        at org.apache.hadoop.ipc.Server$Handler.run(Server.java:2942)
"Periodic HDDS volume checker" daemon prio=5 tid=6279 timed_waiting
java.lang.Thread.State: TIMED_WAITING
        at sun.misc.Unsafe.park(Native Method)
        at java.util.concurrent.locks.LockSupport.parkNanos(LockSupport.java:215)
        at java.util.concurrent.locks.AbstractQueuedSynchronizer$ConditionObject.awaitNanos(AbstractQueuedSynchronizer.java:2078)
        at java.util.concurrent.ScheduledThreadPoolExecutor$DelayedWorkQueue.take(ScheduledThreadPoolExecutor.java:1093)
        at java.util.concurrent.ScheduledThreadPoolExecutor$DelayedWorkQueue.take(ScheduledThreadPoolExecutor.java:809)
        at java.util.concurrent.ThreadPoolExecutor.getTask(ThreadPoolExecutor.java:1074)
        at java.util.concurrent.ThreadPoolExecutor.runWorker(ThreadPoolExecutor.java:1134)
        at java.util.concurrent.ThreadPoolExecutor$Worker.run(ThreadPoolExecutor.java:624)
        at java.lang.Thread.run(Thread.java:750)
"IPC Server handler 4 on default port 35679" daemon prio=5 tid=5866 timed_waiting
java.lang.Thread.State: TIMED_WAITING
        at sun.misc.Unsafe.park(Native Method)
        at java.util.concurrent.locks.LockSupport.parkNanos(LockSupport.java:215)
        at java.util.concurrent.locks.AbstractQueuedSynchronizer$ConditionObject.awaitNanos(AbstractQueuedSynchronizer.java:2078)
        at java.util.concurrent.LinkedBlockingQueue.poll(LinkedBlockingQueue.java:467)
        at org.apache.hadoop.ipc.CallQueueManager.take(CallQueueManager.java:317)
        at org.apache.hadoop.ipc.Server$Handler.run(Server.java:2942)
"qtp1469368322-3940" daemon prio=5 tid=3940 timed_waiting
java.lang.Thread.State: TIMED_WAITING
        at sun.misc.Unsafe.park(Native Method)
        at java.util.concurrent.locks.LockSupport.parkNanos(LockSupport.java:215)
        at java.util.concurrent.locks.AbstractQueuedSynchronizer$ConditionObject.awaitNanos(AbstractQueuedSynchronizer.java:2078)
        at org.eclipse.jetty.util.BlockingArrayQueue.poll(BlockingArrayQueue.java:382)
        at org.eclipse.jetty.util.thread.QueuedThreadPool$Runner.idleJobPoll(QueuedThreadPool.java:974)
        at org.eclipse.jetty.util.thread.QueuedThreadPool$Runner.run(QueuedThreadPool.java:1018)
        at java.lang.Thread.run(Thread.java:750)
"IPC Server listener on 0" daemon prio=5 tid=6068 runnable
java.lang.Thread.State: RUNNABLE
        at sun.nio.ch.EPollArrayWrapper.epollWait(Native Method)
        at sun.nio.ch.EPollArrayWrapper.poll(EPollArrayWrapper.java:269)
        at sun.nio.ch.EPollSelectorImpl.doSelect(EPollSelectorImpl.java:93)
        at sun.nio.ch.SelectorImpl.lockAndDoSelect(SelectorImpl.java:86)
        at sun.nio.ch.SelectorImpl.select(SelectorImpl.java:97)
        at sun.nio.ch.SelectorImpl.select(SelectorImpl.java:101)
        at org.apache.hadoop.ipc.Server$Listener.run(Server.java:1358)
"qtp1906917657-4651" daemon prio=5 tid=4651 timed_waiting
java.lang.Thread.State: TIMED_WAITING
        at sun.misc.Unsafe.park(Native Method)
        at java.util.concurrent.locks.LockSupport.parkNanos(LockSupport.java:215)
        at java.util.concurrent.locks.AbstractQueuedSynchronizer$ConditionObject.awaitNanos(AbstractQueuedSynchronizer.java:2078)
        at org.eclipse.jetty.util.BlockingArrayQueue.poll(BlockingArrayQueue.java:382)
        at org.eclipse.jetty.util.thread.QueuedThreadPool$Runner.idleJobPoll(QueuedThreadPool.java:974)
        at org.eclipse.jetty.util.thread.QueuedThreadPool$Runner.run(QueuedThreadPool.java:1018)
        at java.lang.Thread.run(Thread.java:750)
"IPC Server idle connection scanner for port 35421" daemon prio=5 tid=4551 timed_waiting
java.lang.Thread.State: TIMED_WAITING
        at java.lang.Object.wait(Native Method)
        at java.util.TimerThread.mainLoop(Timer.java:552)
        at java.util.TimerThread.run(Timer.java:505)
"Socket Reader #1 for port 42971"  prio=5 tid=6775 runnable
java.lang.Thread.State: RUNNABLE
        at sun.nio.ch.EPollArrayWrapper.epollWait(Native Method)
        at sun.nio.ch.EPollArrayWrapper.poll(EPollArrayWrapper.java:269)
        at sun.nio.ch.EPollSelectorImpl.doSelect(EPollSelectorImpl.java:93)
        at sun.nio.ch.SelectorImpl.lockAndDoSelect(SelectorImpl.java:86)
        at sun.nio.ch.SelectorImpl.select(SelectorImpl.java:97)
        at sun.nio.ch.SelectorImpl.select(SelectorImpl.java:101)
        at org.apache.hadoop.ipc.Server$Listener$Reader.doRunLoop(Server.java:1296)
        at org.apache.hadoop.ipc.Server$Listener$Reader.run(Server.java:1275)
"IPC Server handler 13 on default port 40173" daemon prio=5 tid=6121 timed_waiting
java.lang.Thread.State: TIMED_WAITING
        at sun.misc.Unsafe.park(Native Method)
        at java.util.concurrent.locks.LockSupport.parkNanos(LockSupport.java:215)
        at java.util.concurrent.locks.AbstractQueuedSynchronizer$ConditionObject.awaitNanos(AbstractQueuedSynchronizer.java:2078)
        at java.util.concurrent.LinkedBlockingQueue.poll(LinkedBlockingQueue.java:467)
        at org.apache.hadoop.ipc.CallQueueManager.take(CallQueueManager.java:317)
        at org.apache.hadoop.ipc.Server$Handler.run(Server.java:2942)
"Datanode ReportManager Thread - 4" daemon prio=5 tid=4054 in Object.wait()
java.lang.Thread.State: WAITING (on object monitor)
        at sun.misc.Unsafe.park(Native Method)
        at java.util.concurrent.locks.LockSupport.park(LockSupport.java:175)
        at java.util.concurrent.locks.AbstractQueuedSynchronizer$ConditionObject.await(AbstractQueuedSynchronizer.java:2039)
        at java.util.concurrent.ScheduledThreadPoolExecutor$DelayedWorkQueue.take(ScheduledThreadPoolExecutor.java:1088)
        at java.util.concurrent.ScheduledThreadPoolExecutor$DelayedWorkQueue.take(ScheduledThreadPoolExecutor.java:809)
        at java.util.concurrent.ThreadPoolExecutor.getTask(ThreadPoolExecutor.java:1074)
        at java.util.concurrent.ThreadPoolExecutor.runWorker(ThreadPoolExecutor.java:1134)
        at java.util.concurrent.ThreadPoolExecutor$Worker.run(ThreadPoolExecutor.java:624)
        at java.lang.Thread.run(Thread.java:750)
"ChunkReader-ELG-0" daemon prio=5 tid=6449 runnable
java.lang.Thread.State: RUNNABLE
        at org.apache.ratis.thirdparty.io.netty.channel.epoll.Native.epollWait(Native Method)
        at org.apache.ratis.thirdparty.io.netty.channel.epoll.Native.epollWait(Native.java:193)
        at org.apache.ratis.thirdparty.io.netty.channel.epoll.Native.epollWait(Native.java:186)
        at org.apache.ratis.thirdparty.io.netty.channel.epoll.EpollEventLoop.epollWaitNoTimerChange(EpollEventLoop.java:290)
        at org.apache.ratis.thirdparty.io.netty.channel.epoll.EpollEventLoop.run(EpollEventLoop.java:347)
        at org.apache.ratis.thirdparty.io.netty.util.concurrent.SingleThreadEventExecutor$4.run(SingleThreadEventExecutor.java:986)
        at org.apache.ratis.thirdparty.io.netty.util.internal.ThreadExecutorMap$2.run(ThreadExecutorMap.java:74)
        at java.lang.Thread.run(Thread.java:750)
"ChunkWriter-1-0" daemon prio=5 tid=6457 in Object.wait()
java.lang.Thread.State: WAITING (on object monitor)
        at sun.misc.Unsafe.park(Native Method)
        at java.util.concurrent.locks.LockSupport.park(LockSupport.java:175)
        at java.util.concurrent.locks.AbstractQueuedSynchronizer$ConditionObject.await(AbstractQueuedSynchronizer.java:2039)
        at java.util.concurrent.LinkedBlockingDeque.takeFirst(LinkedBlockingDeque.java:492)
        at java.util.concurrent.LinkedBlockingDeque.take(LinkedBlockingDeque.java:680)
        at java.util.concurrent.ThreadPoolExecutor.getTask(ThreadPoolExecutor.java:1074)
        at java.util.concurrent.ThreadPoolExecutor.runWorker(ThreadPoolExecutor.java:1134)
        at java.util.concurrent.ThreadPoolExecutor$Worker.run(ThreadPoolExecutor.java:624)
        at java.lang.Thread.run(Thread.java:750)
"EventQueue-PipelineReportForPipelineReportHandler" daemon prio=5 tid=5372 in Object.wait()
java.lang.Thread.State: WAITING (on object monitor)
        at sun.misc.Unsafe.park(Native Method)
        at java.util.concurrent.locks.LockSupport.park(LockSupport.java:175)
        at java.util.concurrent.locks.AbstractQueuedSynchronizer$ConditionObject.await(AbstractQueuedSynchronizer.java:2039)
        at java.util.concurrent.LinkedBlockingQueue.take(LinkedBlockingQueue.java:442)
        at java.util.concurrent.ThreadPoolExecutor.getTask(ThreadPoolExecutor.java:1074)
        at java.util.concurrent.ThreadPoolExecutor.runWorker(ThreadPoolExecutor.java:1134)
        at java.util.concurrent.ThreadPoolExecutor$Worker.run(ThreadPoolExecutor.java:624)
        at java.lang.Thread.run(Thread.java:750)
"Socket Reader #1 for port 0"  prio=5 tid=4550 runnable
java.lang.Thread.State: RUNNABLE
        at sun.nio.ch.EPollArrayWrapper.epollWait(Native Method)
        at sun.nio.ch.EPollArrayWrapper.poll(EPollArrayWrapper.java:269)
        at sun.nio.ch.EPollSelectorImpl.doSelect(EPollSelectorImpl.java:93)
        at sun.nio.ch.SelectorImpl.lockAndDoSelect(SelectorImpl.java:86)
        at sun.nio.ch.SelectorImpl.select(SelectorImpl.java:97)
        at sun.nio.ch.SelectorImpl.select(SelectorImpl.java:101)
        at org.apache.hadoop.ipc.Server$Listener$Reader.doRunLoop(Server.java:1296)
        at org.apache.hadoop.ipc.Server$Listener$Reader.run(Server.java:1275)
"7fbbdba2-60d2-4bcb-9af9-465dc1fc8d8a@group-50B708ACB90C-StateMachineUpdater" daemon prio=5 tid=6654 timed_waiting
java.lang.Thread.State: TIMED_WAITING
        at sun.misc.Unsafe.park(Native Method)
        at java.util.concurrent.locks.LockSupport.parkNanos(LockSupport.java:215)
        at java.util.concurrent.CompletableFuture$Signaller.block(CompletableFuture.java:1709)
        at java.util.concurrent.ForkJoinPool.managedBlock(ForkJoinPool.java:3323)
        at java.util.concurrent.CompletableFuture.timedGet(CompletableFuture.java:1788)
        at java.util.concurrent.CompletableFuture.get(CompletableFuture.java:1928)
        at org.apache.ratis.util.AwaitForSignal.await(AwaitForSignal.java:56)
        at org.apache.ratis.server.impl.StateMachineUpdater.waitForCommit(StateMachineUpdater.java:207)
        at org.apache.ratis.server.impl.StateMachineUpdater.run(StateMachineUpdater.java:176)
        at java.lang.Thread.run(Thread.java:750)
"StaleRecoveringContainerScrubbingService#1" daemon prio=5 tid=6526 in Object.wait()
java.lang.Thread.State: WAITING (on object monitor)
        at sun.misc.Unsafe.park(Native Method)
        at java.util.concurrent.locks.LockSupport.park(LockSupport.java:175)
        at java.util.concurrent.locks.AbstractQueuedSynchronizer$ConditionObject.await(AbstractQueuedSynchronizer.java:2039)
        at java.util.concurrent.ScheduledThreadPoolExecutor$DelayedWorkQueue.take(ScheduledThreadPoolExecutor.java:1088)
        at java.util.concurrent.ScheduledThreadPoolExecutor$DelayedWorkQueue.take(ScheduledThreadPoolExecutor.java:809)
        at java.util.concurrent.ThreadPoolExecutor.getTask(ThreadPoolExecutor.java:1074)
        at java.util.concurrent.ThreadPoolExecutor.runWorker(ThreadPoolExecutor.java:1134)
        at java.util.concurrent.ThreadPoolExecutor$Worker.run(ThreadPoolExecutor.java:624)
        at java.lang.Thread.run(Thread.java:750)
"Datanode State Machine Task Thread - 0"  prio=5 tid=4995 in Object.wait()
java.lang.Thread.State: WAITING (on object monitor)
        at sun.misc.Unsafe.park(Native Method)
        at java.util.concurrent.locks.LockSupport.park(LockSupport.java:175)
        at java.util.concurrent.locks.AbstractQueuedSynchronizer$ConditionObject.await(AbstractQueuedSynchronizer.java:2039)
        at java.util.concurrent.LinkedBlockingQueue.take(LinkedBlockingQueue.java:442)
        at java.util.concurrent.ThreadPoolExecutor.getTask(ThreadPoolExecutor.java:1074)
        at java.util.concurrent.ThreadPoolExecutor.runWorker(ThreadPoolExecutor.java:1134)
        at java.util.concurrent.ThreadPoolExecutor$Worker.run(ThreadPoolExecutor.java:624)
        at java.lang.Thread.run(Thread.java:750)
"IPC Server listener on 0" daemon prio=5 tid=4541 runnable
java.lang.Thread.State: RUNNABLE
        at sun.nio.ch.EPollArrayWrapper.epollWait(Native Method)
        at sun.nio.ch.EPollArrayWrapper.poll(EPollArrayWrapper.java:269)
        at sun.nio.ch.EPollSelectorImpl.doSelect(EPollSelectorImpl.java:93)
        at sun.nio.ch.SelectorImpl.lockAndDoSelect(SelectorImpl.java:86)
        at sun.nio.ch.SelectorImpl.select(SelectorImpl.java:97)
        at sun.nio.ch.SelectorImpl.select(SelectorImpl.java:101)
        at org.apache.hadoop.ipc.Server$Listener.run(Server.java:1358)
"IPC Server handler 0 on default port 43793" daemon prio=5 tid=4595 timed_waiting
java.lang.Thread.State: TIMED_WAITING
        at sun.misc.Unsafe.park(Native Method)
        at java.util.concurrent.locks.LockSupport.parkNanos(LockSupport.java:215)
        at java.util.concurrent.locks.AbstractQueuedSynchronizer$ConditionObject.awaitNanos(AbstractQueuedSynchronizer.java:2078)
        at java.util.concurrent.LinkedBlockingQueue.poll(LinkedBlockingQueue.java:467)
        at org.apache.hadoop.ipc.CallQueueManager.take(CallQueueManager.java:317)
        at org.apache.hadoop.ipc.Server$Handler.run(Server.java:2942)
"qtp2096450185-5316" daemon prio=5 tid=5316 timed_waiting
java.lang.Thread.State: TIMED_WAITING
        at sun.misc.Unsafe.park(Native Method)
        at java.util.concurrent.locks.LockSupport.parkNanos(LockSupport.java:215)
        at java.util.concurrent.locks.AbstractQueuedSynchronizer$ConditionObject.awaitNanos(AbstractQueuedSynchronizer.java:2078)
        at org.eclipse.jetty.util.BlockingArrayQueue.poll(BlockingArrayQueue.java:382)
        at org.eclipse.jetty.util.thread.QueuedThreadPool$Runner.idleJobPoll(QueuedThreadPool.java:974)
        at org.eclipse.jetty.util.thread.QueuedThreadPool$Runner.run(QueuedThreadPool.java:1018)
        at java.lang.Thread.run(Thread.java:750)
"Datanode ReportManager Thread - 4" daemon prio=5 tid=3954 in Object.wait()
java.lang.Thread.State: WAITING (on object monitor)
        at sun.misc.Unsafe.park(Native Method)
        at java.util.concurrent.locks.LockSupport.park(LockSupport.java:175)
        at java.util.concurrent.locks.AbstractQueuedSynchronizer$ConditionObject.await(AbstractQueuedSynchronizer.java:2039)
        at java.util.concurrent.ScheduledThreadPoolExecutor$DelayedWorkQueue.take(ScheduledThreadPoolExecutor.java:1088)
        at java.util.concurrent.ScheduledThreadPoolExecutor$DelayedWorkQueue.take(ScheduledThreadPoolExecutor.java:809)
        at java.util.concurrent.ThreadPoolExecutor.getTask(ThreadPoolExecutor.java:1074)
        at java.util.concurrent.ThreadPoolExecutor.runWorker(ThreadPoolExecutor.java:1134)
        at java.util.concurrent.ThreadPoolExecutor$Worker.run(ThreadPoolExecutor.java:624)
        at java.lang.Thread.run(Thread.java:750)
"IPC Server handler 17 on default port 43793" daemon prio=5 tid=4612 timed_waiting
java.lang.Thread.State: TIMED_WAITING
        at sun.misc.Unsafe.park(Native Method)
        at java.util.concurrent.locks.LockSupport.parkNanos(LockSupport.java:215)
        at java.util.concurrent.locks.AbstractQueuedSynchronizer$ConditionObject.awaitNanos(AbstractQueuedSynchronizer.java:2078)
        at java.util.concurrent.LinkedBlockingQueue.poll(LinkedBlockingQueue.java:467)
        at org.apache.hadoop.ipc.CallQueueManager.take(CallQueueManager.java:317)
        at org.apache.hadoop.ipc.Server$Handler.run(Server.java:2942)
"qtp1623233807-4001" daemon prio=5 tid=4001 timed_waiting
java.lang.Thread.State: TIMED_WAITING
        at sun.misc.Unsafe.park(Native Method)
        at java.util.concurrent.locks.LockSupport.parkNanos(LockSupport.java:215)
        at java.util.concurrent.locks.AbstractQueuedSynchronizer$ConditionObject.awaitNanos(AbstractQueuedSynchronizer.java:2078)
        at org.eclipse.jetty.util.BlockingArrayQueue.poll(BlockingArrayQueue.java:382)
        at org.eclipse.jetty.util.thread.QueuedThreadPool$Runner.idleJobPoll(QueuedThreadPool.java:974)
        at org.eclipse.jetty.util.thread.QueuedThreadPool$Runner.run(QueuedThreadPool.java:1018)
        at java.lang.Thread.run(Thread.java:750)
"Command processor thread" daemon prio=5 tid=3955 timed_waiting
java.lang.Thread.State: TIMED_WAITING
        at java.lang.Thread.sleep(Native Method)
        at org.apache.hadoop.ozone.container.common.statemachine.DatanodeStateMachine.lambda$initCommandHandlerThread$3(DatanodeStateMachine.java:628)
        at org.apache.hadoop.ozone.container.common.statemachine.DatanodeStateMachine$$Lambda$763/1762238644.run(Unknown Source)
        at java.lang.Thread.run(Thread.java:750)
"IPC Server handler 11 on default port 43793" daemon prio=5 tid=4606 timed_waiting
java.lang.Thread.State: TIMED_WAITING
        at sun.misc.Unsafe.park(Native Method)
        at java.util.concurrent.locks.LockSupport.parkNanos(LockSupport.java:215)
        at java.util.concurrent.locks.AbstractQueuedSynchronizer$ConditionObject.awaitNanos(AbstractQueuedSynchronizer.java:2078)
        at java.util.concurrent.LinkedBlockingQueue.poll(LinkedBlockingQueue.java:467)
        at org.apache.hadoop.ipc.CallQueueManager.take(CallQueueManager.java:317)
        at org.apache.hadoop.ipc.Server$Handler.run(Server.java:2942)
"OMDoubleBufferFlushThread" daemon prio=5 tid=4716 timed_waiting
java.lang.Thread.State: TIMED_WAITING
        at java.lang.Object.wait(Native Method)
        at org.apache.hadoop.ozone.om.ratis.OzoneManagerDoubleBuffer.canFlush(OzoneManagerDoubleBuffer.java:538)
        at org.apache.hadoop.ozone.om.ratis.OzoneManagerDoubleBuffer.flushTransactions(OzoneManagerDoubleBuffer.java:268)
        at org.apache.hadoop.ozone.om.ratis.OzoneManagerDoubleBuffer$$Lambda$534/1402004739.run(Unknown Source)
        at java.lang.Thread.run(Thread.java:750)
"Session-HouseKeeper-6fbf72be-1"  prio=5 tid=6298 timed_waiting
java.lang.Thread.State: TIMED_WAITING
        at sun.misc.Unsafe.park(Native Method)
        at java.util.concurrent.locks.LockSupport.parkNanos(LockSupport.java:215)
        at java.util.concurrent.locks.AbstractQueuedSynchronizer$ConditionObject.awaitNanos(AbstractQueuedSynchronizer.java:2078)
        at java.util.concurrent.ScheduledThreadPoolExecutor$DelayedWorkQueue.take(ScheduledThreadPoolExecutor.java:1093)
        at java.util.concurrent.ScheduledThreadPoolExecutor$DelayedWorkQueue.take(ScheduledThreadPoolExecutor.java:809)
        at java.util.concurrent.ThreadPoolExecutor.getTask(ThreadPoolExecutor.java:1074)
        at java.util.concurrent.ThreadPoolExecutor.runWorker(ThreadPoolExecutor.java:1134)
        at java.util.concurrent.ThreadPoolExecutor$Worker.run(ThreadPoolExecutor.java:624)
        at java.lang.Thread.run(Thread.java:750)
"Datanode ReportManager Thread - 1" daemon prio=5 tid=3951 in Object.wait()
java.lang.Thread.State: WAITING (on object monitor)
        at sun.misc.Unsafe.park(Native Method)
        at java.util.concurrent.locks.LockSupport.park(LockSupport.java:175)
        at java.util.concurrent.locks.AbstractQueuedSynchronizer$ConditionObject.await(AbstractQueuedSynchronizer.java:2039)
        at java.util.concurrent.ScheduledThreadPoolExecutor$DelayedWorkQueue.take(ScheduledThreadPoolExecutor.java:1088)
        at java.util.concurrent.ScheduledThreadPoolExecutor$DelayedWorkQueue.take(ScheduledThreadPoolExecutor.java:809)
        at java.util.concurrent.ThreadPoolExecutor.getTask(ThreadPoolExecutor.java:1074)
        at java.util.concurrent.ThreadPoolExecutor.runWorker(ThreadPoolExecutor.java:1134)
        at java.util.concurrent.ThreadPoolExecutor$Worker.run(ThreadPoolExecutor.java:624)
        at java.lang.Thread.run(Thread.java:750)
"Datanode ReportManager Thread - 0" daemon prio=5 tid=5253 in Object.wait()
java.lang.Thread.State: WAITING (on object monitor)
        at sun.misc.Unsafe.park(Native Method)
        at java.util.concurrent.locks.LockSupport.park(LockSupport.java:175)
        at java.util.concurrent.locks.AbstractQueuedSynchronizer$ConditionObject.await(AbstractQueuedSynchronizer.java:2039)
        at java.util.concurrent.ScheduledThreadPoolExecutor$DelayedWorkQueue.take(ScheduledThreadPoolExecutor.java:1088)
        at java.util.concurrent.ScheduledThreadPoolExecutor$DelayedWorkQueue.take(ScheduledThreadPoolExecutor.java:809)
        at java.util.concurrent.ThreadPoolExecutor.getTask(ThreadPoolExecutor.java:1074)
        at java.util.concurrent.ThreadPoolExecutor.runWorker(ThreadPoolExecutor.java:1134)
        at java.util.concurrent.ThreadPoolExecutor$Worker.run(ThreadPoolExecutor.java:624)
        at java.lang.Thread.run(Thread.java:750)
"ContainerOp-1a3410dc-4fd6-4954-94c6-9015fb128463-7"  prio=5 tid=6135 in Object.wait()
java.lang.Thread.State: WAITING (on object monitor)
        at sun.misc.Unsafe.park(Native Method)
        at java.util.concurrent.locks.LockSupport.park(LockSupport.java:175)
        at java.util.concurrent.locks.AbstractQueuedSynchronizer$ConditionObject.await(AbstractQueuedSynchronizer.java:2039)
        at java.util.concurrent.LinkedBlockingQueue.take(LinkedBlockingQueue.java:442)
        at java.util.concurrent.ThreadPoolExecutor.getTask(ThreadPoolExecutor.java:1074)
        at java.util.concurrent.ThreadPoolExecutor.runWorker(ThreadPoolExecutor.java:1134)
        at java.util.concurrent.ThreadPoolExecutor$Worker.run(ThreadPoolExecutor.java:624)
        at java.lang.Thread.run(Thread.java:750)
"e914e15b-3be6-457d-9bb6-bef1feb71ba6@group-E23640D80DD8->c2eaf186-c3ec-4510-b8dc-fb04c7f742a3-GrpcLogAppender-LogAppenderDaemon" daemon prio=5 tid=5664 timed_waiting
java.lang.Thread.State: TIMED_WAITING
        at sun.misc.Unsafe.park(Native Method)
        at java.util.concurrent.locks.LockSupport.parkNanos(LockSupport.java:215)
        at java.util.concurrent.CompletableFuture$Signaller.block(CompletableFuture.java:1709)
        at java.util.concurrent.ForkJoinPool.managedBlock(ForkJoinPool.java:3323)
        at java.util.concurrent.CompletableFuture.timedGet(CompletableFuture.java:1788)
        at java.util.concurrent.CompletableFuture.get(CompletableFuture.java:1928)
        at org.apache.ratis.util.AwaitForSignal.await(AwaitForSignal.java:56)
        at org.apache.ratis.grpc.server.GrpcLogAppender.mayWait(GrpcLogAppender.java:169)
        at org.apache.ratis.grpc.server.GrpcLogAppender.run(GrpcLogAppender.java:128)
        at org.apache.ratis.server.leader.LogAppenderDaemon.run(LogAppenderDaemon.java:77)
        at org.apache.ratis.server.leader.LogAppenderDaemon$$Lambda$1044/613649554.run(Unknown Source)
        at java.lang.Thread.run(Thread.java:750)
"ChunkWriter-0-0" daemon prio=5 tid=6517 in Object.wait()
java.lang.Thread.State: WAITING (on object monitor)
        at sun.misc.Unsafe.park(Native Method)
        at java.util.concurrent.locks.LockSupport.park(LockSupport.java:175)
        at java.util.concurrent.locks.AbstractQueuedSynchronizer$ConditionObject.await(AbstractQueuedSynchronizer.java:2039)
        at java.util.concurrent.LinkedBlockingDeque.takeFirst(LinkedBlockingDeque.java:492)
        at java.util.concurrent.LinkedBlockingDeque.take(LinkedBlockingDeque.java:680)
        at java.util.concurrent.ThreadPoolExecutor.getTask(ThreadPoolExecutor.java:1074)
        at java.util.concurrent.ThreadPoolExecutor.runWorker(ThreadPoolExecutor.java:1134)
        at java.util.concurrent.ThreadPoolExecutor$Worker.run(ThreadPoolExecutor.java:624)
        at java.lang.Thread.run(Thread.java:750)
"2807d27e-eacf-4ef9-9ccd-2d34dc032c62@group-8C1DE3C4B685-StateMachineUpdater" daemon prio=5 tid=6381 timed_waiting
java.lang.Thread.State: TIMED_WAITING
        at sun.misc.Unsafe.park(Native Method)
        at java.util.concurrent.locks.LockSupport.parkNanos(LockSupport.java:215)
        at java.util.concurrent.CompletableFuture$Signaller.block(CompletableFuture.java:1709)
        at java.util.concurrent.ForkJoinPool.managedBlock(ForkJoinPool.java:3323)
        at java.util.concurrent.CompletableFuture.timedGet(CompletableFuture.java:1788)
        at java.util.concurrent.CompletableFuture.get(CompletableFuture.java:1928)
        at org.apache.ratis.util.AwaitForSignal.await(AwaitForSignal.java:56)
        at org.apache.ratis.server.impl.StateMachineUpdater.waitForCommit(StateMachineUpdater.java:207)
        at org.apache.ratis.server.impl.StateMachineUpdater.run(StateMachineUpdater.java:176)
        at java.lang.Thread.run(Thread.java:750)
"2807d27e-eacf-4ef9-9ccd-2d34dc032c62@group-94B5820007C9-StateMachineUpdater" daemon prio=5 tid=4299 timed_waiting
java.lang.Thread.State: TIMED_WAITING
        at sun.misc.Unsafe.park(Native Method)
        at java.util.concurrent.locks.LockSupport.parkNanos(LockSupport.java:215)
        at java.util.concurrent.CompletableFuture$Signaller.block(CompletableFuture.java:1709)
        at java.util.concurrent.ForkJoinPool.managedBlock(ForkJoinPool.java:3323)
        at java.util.concurrent.CompletableFuture.timedGet(CompletableFuture.java:1788)
        at java.util.concurrent.CompletableFuture.get(CompletableFuture.java:1928)
        at org.apache.ratis.util.AwaitForSignal.await(AwaitForSignal.java:56)
        at org.apache.ratis.server.impl.StateMachineUpdater.waitForCommit(StateMachineUpdater.java:207)
        at org.apache.ratis.server.impl.StateMachineUpdater.run(StateMachineUpdater.java:176)
        at java.lang.Thread.run(Thread.java:750)
"qtp2074136396-3785" daemon prio=5 tid=3785 timed_waiting
java.lang.Thread.State: TIMED_WAITING
        at sun.misc.Unsafe.park(Native Method)
        at java.util.concurrent.locks.LockSupport.parkNanos(LockSupport.java:215)
        at java.util.concurrent.locks.AbstractQueuedSynchronizer$ConditionObject.awaitNanos(AbstractQueuedSynchronizer.java:2078)
        at org.eclipse.jetty.util.BlockingArrayQueue.poll(BlockingArrayQueue.java:382)
        at org.eclipse.jetty.util.thread.QueuedThreadPool$Runner.idleJobPoll(QueuedThreadPool.java:974)
        at org.eclipse.jetty.util.thread.QueuedThreadPool$Runner.run(QueuedThreadPool.java:1018)
        at java.lang.Thread.run(Thread.java:750)
"IPC Server listener on 0" daemon prio=5 tid=5818 runnable
java.lang.Thread.State: RUNNABLE
        at sun.nio.ch.EPollArrayWrapper.epollWait(Native Method)
        at sun.nio.ch.EPollArrayWrapper.poll(EPollArrayWrapper.java:269)
        at sun.nio.ch.EPollSelectorImpl.doSelect(EPollSelectorImpl.java:93)
        at sun.nio.ch.SelectorImpl.lockAndDoSelect(SelectorImpl.java:86)
        at sun.nio.ch.SelectorImpl.select(SelectorImpl.java:97)
        at sun.nio.ch.SelectorImpl.select(SelectorImpl.java:101)
        at org.apache.hadoop.ipc.Server$Listener.run(Server.java:1358)
"IPC Server Responder" daemon prio=5 tid=4552 runnable
java.lang.Thread.State: RUNNABLE
        at sun.nio.ch.EPollArrayWrapper.epollWait(Native Method)
        at sun.nio.ch.EPollArrayWrapper.poll(EPollArrayWrapper.java:269)
        at sun.nio.ch.EPollSelectorImpl.doSelect(EPollSelectorImpl.java:93)
        at sun.nio.ch.SelectorImpl.lockAndDoSelect(SelectorImpl.java:86)
        at sun.nio.ch.SelectorImpl.select(SelectorImpl.java:97)
        at org.apache.hadoop.ipc.Server$Responder.doRunLoop(Server.java:1532)
        at org.apache.hadoop.ipc.Server$Responder.run(Server.java:1515)
"IPC Server handler 14 on default port 43819" daemon prio=5 tid=5856 timed_waiting
java.lang.Thread.State: TIMED_WAITING
        at sun.misc.Unsafe.park(Native Method)
        at java.util.concurrent.locks.LockSupport.parkNanos(LockSupport.java:215)
        at java.util.concurrent.locks.AbstractQueuedSynchronizer$ConditionObject.awaitNanos(AbstractQueuedSynchronizer.java:2078)
        at java.util.concurrent.LinkedBlockingQueue.poll(LinkedBlockingQueue.java:467)
        at org.apache.hadoop.ipc.CallQueueManager.take(CallQueueManager.java:317)
        at org.apache.hadoop.ipc.Server$Handler.run(Server.java:2942)
"Session-HouseKeeper-66752ea3-1"  prio=5 tid=5230 timed_waiting
java.lang.Thread.State: TIMED_WAITING
        at sun.misc.Unsafe.park(Native Method)
        at java.util.concurrent.locks.LockSupport.parkNanos(LockSupport.java:215)
        at java.util.concurrent.locks.AbstractQueuedSynchronizer$ConditionObject.awaitNanos(AbstractQueuedSynchronizer.java:2078)
        at java.util.concurrent.ScheduledThreadPoolExecutor$DelayedWorkQueue.take(ScheduledThreadPoolExecutor.java:1093)
        at java.util.concurrent.ScheduledThreadPoolExecutor$DelayedWorkQueue.take(ScheduledThreadPoolExecutor.java:809)
        at java.util.concurrent.ThreadPoolExecutor.getTask(ThreadPoolExecutor.java:1074)
        at java.util.concurrent.ThreadPoolExecutor.runWorker(ThreadPoolExecutor.java:1134)
        at java.util.concurrent.ThreadPoolExecutor$Worker.run(ThreadPoolExecutor.java:624)
        at java.lang.Thread.run(Thread.java:750)
"IPC Server handler 15 on default port 36781" daemon prio=5 tid=4630 timed_waiting
java.lang.Thread.State: TIMED_WAITING
        at sun.misc.Unsafe.park(Native Method)
        at java.util.concurrent.locks.LockSupport.parkNanos(LockSupport.java:215)
        at java.util.concurrent.locks.AbstractQueuedSynchronizer$ConditionObject.awaitNanos(AbstractQueuedSynchronizer.java:2078)
        at java.util.concurrent.LinkedBlockingQueue.poll(LinkedBlockingQueue.java:467)
        at org.apache.hadoop.ipc.CallQueueManager.take(CallQueueManager.java:317)
        at org.apache.hadoop.ipc.Server$Handler.run(Server.java:2942)
"42bf96ef-5b29-49bf-adbe-37b520f0d1a8@group-E2B94495F015-SegmentedRaftLogWorker"  prio=5 tid=5484 timed_waiting
java.lang.Thread.State: TIMED_WAITING
        at sun.misc.Unsafe.park(Native Method)
        at java.util.concurrent.locks.LockSupport.parkNanos(LockSupport.java:215)
        at java.util.concurrent.locks.AbstractQueuedSynchronizer$ConditionObject.awaitNanos(AbstractQueuedSynchronizer.java:2078)
        at org.apache.ratis.util.DataBlockingQueue.poll(DataBlockingQueue.java:148)
        at org.apache.ratis.server.raftlog.segmented.SegmentedRaftLogWorker.run(SegmentedRaftLogWorker.java:301)
        at org.apache.ratis.server.raftlog.segmented.SegmentedRaftLogWorker$$Lambda$646/1639153477.run(Unknown Source)
        at java.lang.Thread.run(Thread.java:750)
"StaleRecoveringContainerScrubbingService#0" daemon prio=5 tid=5274 in Object.wait()
java.lang.Thread.State: WAITING (on object monitor)
        at sun.misc.Unsafe.park(Native Method)
        at java.util.concurrent.locks.LockSupport.park(LockSupport.java:175)
        at java.util.concurrent.locks.AbstractQueuedSynchronizer$ConditionObject.await(AbstractQueuedSynchronizer.java:2039)
        at java.util.concurrent.ScheduledThreadPoolExecutor$DelayedWorkQueue.take(ScheduledThreadPoolExecutor.java:1088)
        at java.util.concurrent.ScheduledThreadPoolExecutor$DelayedWorkQueue.take(ScheduledThreadPoolExecutor.java:809)
        at java.util.concurrent.ThreadPoolExecutor.getTask(ThreadPoolExecutor.java:1074)
        at java.util.concurrent.ThreadPoolExecutor.runWorker(ThreadPoolExecutor.java:1134)
        at java.util.concurrent.ThreadPoolExecutor$Worker.run(ThreadPoolExecutor.java:624)
        at java.lang.Thread.run(Thread.java:750)
"qtp1433462785-4108" daemon prio=5 tid=4108 timed_waiting
java.lang.Thread.State: TIMED_WAITING
        at sun.misc.Unsafe.park(Native Method)
        at java.util.concurrent.locks.LockSupport.parkNanos(LockSupport.java:215)
        at java.util.concurrent.locks.AbstractQueuedSynchronizer$ConditionObject.awaitNanos(AbstractQueuedSynchronizer.java:2078)
        at org.eclipse.jetty.util.BlockingArrayQueue.poll(BlockingArrayQueue.java:382)
        at org.eclipse.jetty.util.thread.QueuedThreadPool$Runner.idleJobPoll(QueuedThreadPool.java:974)
        at org.eclipse.jetty.util.thread.QueuedThreadPool$Runner.run(QueuedThreadPool.java:1018)
        at java.lang.Thread.run(Thread.java:750)
"StaleRecoveringContainerScrubbingService#2" daemon prio=5 tid=6998 in Object.wait()
java.lang.Thread.State: WAITING (on object monitor)
        at sun.misc.Unsafe.park(Native Method)
        at java.util.concurrent.locks.LockSupport.park(LockSupport.java:175)
        at java.util.concurrent.locks.AbstractQueuedSynchronizer$ConditionObject.await(AbstractQueuedSynchronizer.java:2039)
        at java.util.concurrent.ScheduledThreadPoolExecutor$DelayedWorkQueue.take(ScheduledThreadPoolExecutor.java:1088)
        at java.util.concurrent.ScheduledThreadPoolExecutor$DelayedWorkQueue.take(ScheduledThreadPoolExecutor.java:809)
        at java.util.concurrent.ThreadPoolExecutor.getTask(ThreadPoolExecutor.java:1074)
        at java.util.concurrent.ThreadPoolExecutor.runWorker(ThreadPoolExecutor.java:1134)
        at java.util.concurrent.ThreadPoolExecutor$Worker.run(ThreadPoolExecutor.java:624)
        at java.lang.Thread.run(Thread.java:750)
"IPC Server handler 19 on default port 36781" daemon prio=5 tid=4634 timed_waiting
java.lang.Thread.State: TIMED_WAITING
        at sun.misc.Unsafe.park(Native Method)
        at java.util.concurrent.locks.LockSupport.parkNanos(LockSupport.java:215)
        at java.util.concurrent.locks.AbstractQueuedSynchronizer$ConditionObject.awaitNanos(AbstractQueuedSynchronizer.java:2078)
        at java.util.concurrent.LinkedBlockingQueue.poll(LinkedBlockingQueue.java:467)
        at org.apache.hadoop.ipc.CallQueueManager.take(CallQueueManager.java:317)
        at org.apache.hadoop.ipc.Server$Handler.run(Server.java:2942)
"IPC Server handler 4 on default port 40173" daemon prio=5 tid=6112 timed_waiting
java.lang.Thread.State: TIMED_WAITING
        at sun.misc.Unsafe.park(Native Method)
        at java.util.concurrent.locks.LockSupport.parkNanos(LockSupport.java:215)
        at java.util.concurrent.locks.AbstractQueuedSynchronizer$ConditionObject.awaitNanos(AbstractQueuedSynchronizer.java:2078)
        at java.util.concurrent.LinkedBlockingQueue.poll(LinkedBlockingQueue.java:467)
        at org.apache.hadoop.ipc.CallQueueManager.take(CallQueueManager.java:317)
        at org.apache.hadoop.ipc.Server$Handler.run(Server.java:2942)
"Datanode ReportManager Thread - 0" daemon prio=5 tid=4986 in Object.wait()
java.lang.Thread.State: WAITING (on object monitor)
        at sun.misc.Unsafe.park(Native Method)
        at java.util.concurrent.locks.LockSupport.park(LockSupport.java:175)
        at java.util.concurrent.locks.AbstractQueuedSynchronizer$ConditionObject.await(AbstractQueuedSynchronizer.java:2039)
        at java.util.concurrent.ScheduledThreadPoolExecutor$DelayedWorkQueue.take(ScheduledThreadPoolExecutor.java:1088)
        at java.util.concurrent.ScheduledThreadPoolExecutor$DelayedWorkQueue.take(ScheduledThreadPoolExecutor.java:809)
        at java.util.concurrent.ThreadPoolExecutor.getTask(ThreadPoolExecutor.java:1074)
        at java.util.concurrent.ThreadPoolExecutor.runWorker(ThreadPoolExecutor.java:1134)
        at java.util.concurrent.ThreadPoolExecutor$Worker.run(ThreadPoolExecutor.java:624)
        at java.lang.Thread.run(Thread.java:750)
"org.apache.hadoop.ozone.container.common.statemachine.commandhandler.DeleteBlocksCommandHandler$DeleteCmdWorker@2765d504" daemon prio=5 tid=6315 timed_waiting
java.lang.Thread.State: TIMED_WAITING
        at java.lang.Thread.sleep(Native Method)
        at org.apache.hadoop.ozone.container.common.statemachine.commandhandler.DeleteBlocksCommandHandler$DeleteCmdWorker.run(DeleteBlocksCommandHandler.java:183)
        at java.lang.Thread.run(Thread.java:750)
"org.apache.hadoop.ozone.container.common.statemachine.commandhandler.DeleteBlocksCommandHandler$DeleteCmdWorker@75cf8ab1" daemon prio=5 tid=3966 timed_waiting
java.lang.Thread.State: TIMED_WAITING
        at java.lang.Thread.sleep(Native Method)
        at org.apache.hadoop.ozone.container.common.statemachine.commandhandler.DeleteBlocksCommandHandler$DeleteCmdWorker.run(DeleteBlocksCommandHandler.java:183)
        at java.lang.Thread.run(Thread.java:750)
"EventQueue-OpenPipelineForHealthyPipelineSafeModeRule" daemon prio=5 tid=5439 in Object.wait()
java.lang.Thread.State: WAITING (on object monitor)
        at sun.misc.Unsafe.park(Native Method)
        at java.util.concurrent.locks.LockSupport.park(LockSupport.java:175)
        at java.util.concurrent.locks.AbstractQueuedSynchronizer$ConditionObject.await(AbstractQueuedSynchronizer.java:2039)
        at java.util.concurrent.LinkedBlockingQueue.take(LinkedBlockingQueue.java:442)
        at java.util.concurrent.ThreadPoolExecutor.getTask(ThreadPoolExecutor.java:1074)
        at java.util.concurrent.ThreadPoolExecutor.runWorker(ThreadPoolExecutor.java:1134)
        at java.util.concurrent.ThreadPoolExecutor$Worker.run(ThreadPoolExecutor.java:624)
        at java.lang.Thread.run(Thread.java:750)
"87a1f2dd-43fb-444c-bcbf-3c07980bc85d@group-035BFDE93518-LeaderStateImpl" daemon prio=5 tid=4360 timed_waiting
java.lang.Thread.State: TIMED_WAITING
        at sun.misc.Unsafe.park(Native Method)
        at java.util.concurrent.locks.LockSupport.parkNanos(LockSupport.java:215)
        at java.util.concurrent.locks.AbstractQueuedSynchronizer$ConditionObject.awaitNanos(AbstractQueuedSynchronizer.java:2078)
        at java.util.concurrent.ArrayBlockingQueue.poll(ArrayBlockingQueue.java:418)
        at org.apache.ratis.server.impl.LeaderStateImpl$EventQueue.poll(LeaderStateImpl.java:159)
        at org.apache.ratis.server.impl.LeaderStateImpl$EventProcessor.run(LeaderStateImpl.java:630)
"ChunkWriter-2-0" daemon prio=5 tid=4217 in Object.wait()
java.lang.Thread.State: WAITING (on object monitor)
        at sun.misc.Unsafe.park(Native Method)
        at java.util.concurrent.locks.LockSupport.park(LockSupport.java:175)
        at java.util.concurrent.locks.AbstractQueuedSynchronizer$ConditionObject.await(AbstractQueuedSynchronizer.java:2039)
        at java.util.concurrent.LinkedBlockingDeque.takeFirst(LinkedBlockingDeque.java:492)
        at java.util.concurrent.LinkedBlockingDeque.take(LinkedBlockingDeque.java:680)
        at java.util.concurrent.ThreadPoolExecutor.getTask(ThreadPoolExecutor.java:1074)
        at java.util.concurrent.ThreadPoolExecutor.runWorker(ThreadPoolExecutor.java:1134)
        at java.util.concurrent.ThreadPoolExecutor$Worker.run(ThreadPoolExecutor.java:624)
        at java.lang.Thread.run(Thread.java:750)
"ChunkWriter-0-0" daemon prio=5 tid=6472 in Object.wait()
java.lang.Thread.State: WAITING (on object monitor)
        at sun.misc.Unsafe.park(Native Method)
        at java.util.concurrent.locks.LockSupport.park(LockSupport.java:175)
        at java.util.concurrent.locks.AbstractQueuedSynchronizer$ConditionObject.await(AbstractQueuedSynchronizer.java:2039)
        at java.util.concurrent.LinkedBlockingDeque.takeFirst(LinkedBlockingDeque.java:492)
        at java.util.concurrent.LinkedBlockingDeque.take(LinkedBlockingDeque.java:680)
        at java.util.concurrent.ThreadPoolExecutor.getTask(ThreadPoolExecutor.java:1074)
        at java.util.concurrent.ThreadPoolExecutor.runWorker(ThreadPoolExecutor.java:1134)
        at java.util.concurrent.ThreadPoolExecutor$Worker.run(ThreadPoolExecutor.java:624)
        at java.lang.Thread.run(Thread.java:750)
"35429393-00b4-4ffa-a437-723b6b48652e@group-8C1DE3C4B685-SegmentedRaftLogWorker"  prio=5 tid=6387 timed_waiting
java.lang.Thread.State: TIMED_WAITING
        at sun.misc.Unsafe.park(Native Method)
        at java.util.concurrent.locks.LockSupport.parkNanos(LockSupport.java:215)
        at java.util.concurrent.locks.AbstractQueuedSynchronizer$ConditionObject.awaitNanos(AbstractQueuedSynchronizer.java:2078)
        at org.apache.ratis.util.DataBlockingQueue.poll(DataBlockingQueue.java:148)
        at org.apache.ratis.server.raftlog.segmented.SegmentedRaftLogWorker.run(SegmentedRaftLogWorker.java:301)
        at org.apache.ratis.server.raftlog.segmented.SegmentedRaftLogWorker$$Lambda$646/1639153477.run(Unknown Source)
        at java.lang.Thread.run(Thread.java:750)
"4d4feef0-6754-49f5-8e19-57d58c5c04b3@group-724FDAAFD1CA-LeaderStateImpl" daemon prio=5 tid=5520 timed_waiting
java.lang.Thread.State: TIMED_WAITING
        at sun.misc.Unsafe.park(Native Method)
        at java.util.concurrent.locks.LockSupport.parkNanos(LockSupport.java:215)
        at java.util.concurrent.locks.AbstractQueuedSynchronizer$ConditionObject.awaitNanos(AbstractQueuedSynchronizer.java:2078)
        at java.util.concurrent.ArrayBlockingQueue.poll(ArrayBlockingQueue.java:418)
        at org.apache.ratis.server.impl.LeaderStateImpl$EventQueue.poll(LeaderStateImpl.java:159)
        at org.apache.ratis.server.impl.LeaderStateImpl$EventProcessor.run(LeaderStateImpl.java:630)
"IPC Server handler 10 on default port 42971" daemon prio=5 tid=6841 timed_waiting
java.lang.Thread.State: TIMED_WAITING
        at sun.misc.Unsafe.park(Native Method)
        at java.util.concurrent.locks.LockSupport.parkNanos(LockSupport.java:215)
        at java.util.concurrent.locks.AbstractQueuedSynchronizer$ConditionObject.awaitNanos(AbstractQueuedSynchronizer.java:2078)
        at java.util.concurrent.LinkedBlockingQueue.poll(LinkedBlockingQueue.java:467)
        at org.apache.hadoop.ipc.CallQueueManager.take(CallQueueManager.java:317)
        at org.apache.hadoop.ipc.Server$Handler.run(Server.java:2942)
"pool-3765-thread-1"  prio=5 tid=6316 timed_waiting
java.lang.Thread.State: TIMED_WAITING
        at sun.misc.Unsafe.park(Native Method)
        at java.util.concurrent.locks.LockSupport.parkNanos(LockSupport.java:215)
        at java.util.concurrent.locks.AbstractQueuedSynchronizer$ConditionObject.awaitNanos(AbstractQueuedSynchronizer.java:2078)
        at java.util.concurrent.ScheduledThreadPoolExecutor$DelayedWorkQueue.take(ScheduledThreadPoolExecutor.java:1093)
        at java.util.concurrent.ScheduledThreadPoolExecutor$DelayedWorkQueue.take(ScheduledThreadPoolExecutor.java:809)
        at java.util.concurrent.ThreadPoolExecutor.getTask(ThreadPoolExecutor.java:1074)
        at java.util.concurrent.ThreadPoolExecutor.runWorker(ThreadPoolExecutor.java:1134)
        at java.util.concurrent.ThreadPoolExecutor$Worker.run(ThreadPoolExecutor.java:624)
        at java.lang.Thread.run(Thread.java:750)
"org.apache.hadoop.util.JvmPauseMonitor$Monitor@6eb89b93" daemon prio=5 tid=6307 timed_waiting
java.lang.Thread.State: TIMED_WAITING
        at java.lang.Thread.sleep(Native Method)
        at org.apache.hadoop.util.JvmPauseMonitor$Monitor.run(JvmPauseMonitor.java:192)
        at java.lang.Thread.run(Thread.java:750)
"IPC Server handler 3 on default port 46525" daemon prio=5 tid=3797 timed_waiting
java.lang.Thread.State: TIMED_WAITING
        at sun.misc.Unsafe.park(Native Method)
        at java.util.concurrent.locks.LockSupport.parkNanos(LockSupport.java:215)
        at java.util.concurrent.locks.AbstractQueuedSynchronizer$ConditionObject.awaitNanos(AbstractQueuedSynchronizer.java:2078)
        at java.util.concurrent.LinkedBlockingQueue.poll(LinkedBlockingQueue.java:467)
        at org.apache.hadoop.ipc.CallQueueManager.take(CallQueueManager.java:317)
        at org.apache.hadoop.ipc.Server$Handler.run(Server.java:2942)
"qtp1325558990-5908" daemon prio=5 tid=5908 timed_waiting
java.lang.Thread.State: TIMED_WAITING
        at sun.misc.Unsafe.park(Native Method)
        at java.util.concurrent.locks.LockSupport.parkNanos(LockSupport.java:215)
        at java.util.concurrent.locks.AbstractQueuedSynchronizer$ConditionObject.awaitNanos(AbstractQueuedSynchronizer.java:2078)
        at org.eclipse.jetty.util.BlockingArrayQueue.poll(BlockingArrayQueue.java:382)
        at org.eclipse.jetty.util.thread.QueuedThreadPool$Runner.idleJobPoll(QueuedThreadPool.java:974)
        at org.eclipse.jetty.util.thread.QueuedThreadPool$Runner.run(QueuedThreadPool.java:1018)
        at java.lang.Thread.run(Thread.java:750)
"BlockDeletingService#2" daemon prio=5 tid=5647 in Object.wait()
java.lang.Thread.State: WAITING (on object monitor)
        at sun.misc.Unsafe.park(Native Method)
        at java.util.concurrent.locks.LockSupport.park(LockSupport.java:175)
        at java.util.concurrent.locks.AbstractQueuedSynchronizer$ConditionObject.await(AbstractQueuedSynchronizer.java:2039)
        at java.util.concurrent.ScheduledThreadPoolExecutor$DelayedWorkQueue.take(ScheduledThreadPoolExecutor.java:1088)
        at java.util.concurrent.ScheduledThreadPoolExecutor$DelayedWorkQueue.take(ScheduledThreadPoolExecutor.java:809)
        at java.util.concurrent.ThreadPoolExecutor.getTask(ThreadPoolExecutor.java:1074)
        at java.util.concurrent.ThreadPoolExecutor.runWorker(ThreadPoolExecutor.java:1134)
        at java.util.concurrent.ThreadPoolExecutor$Worker.run(ThreadPoolExecutor.java:624)
        at java.lang.Thread.run(Thread.java:750)
"org.apache.hadoop.util.JvmPauseMonitor$Monitor@1fad8c3a" daemon prio=5 tid=4129 timed_waiting
java.lang.Thread.State: TIMED_WAITING
        at java.lang.Thread.sleep(Native Method)
        at org.apache.hadoop.util.JvmPauseMonitor$Monitor.run(JvmPauseMonitor.java:192)
        at java.lang.Thread.run(Thread.java:750)
"IPC Server handler 17 on default port 35679" daemon prio=5 tid=5879 timed_waiting
java.lang.Thread.State: TIMED_WAITING
        at sun.misc.Unsafe.park(Native Method)
        at java.util.concurrent.locks.LockSupport.parkNanos(LockSupport.java:215)
        at java.util.concurrent.locks.AbstractQueuedSynchronizer$ConditionObject.awaitNanos(AbstractQueuedSynchronizer.java:2078)
        at java.util.concurrent.LinkedBlockingQueue.poll(LinkedBlockingQueue.java:467)
        at org.apache.hadoop.ipc.CallQueueManager.take(CallQueueManager.java:317)
        at org.apache.hadoop.ipc.Server$Handler.run(Server.java:2942)
"Periodic HDDS volume checker" daemon prio=5 tid=5210 timed_waiting
java.lang.Thread.State: TIMED_WAITING
        at sun.misc.Unsafe.park(Native Method)
        at java.util.concurrent.locks.LockSupport.parkNanos(LockSupport.java:215)
        at java.util.concurrent.locks.AbstractQueuedSynchronizer$ConditionObject.awaitNanos(AbstractQueuedSynchronizer.java:2078)
        at java.util.concurrent.ScheduledThreadPoolExecutor$DelayedWorkQueue.take(ScheduledThreadPoolExecutor.java:1093)
        at java.util.concurrent.ScheduledThreadPoolExecutor$DelayedWorkQueue.take(ScheduledThreadPoolExecutor.java:809)
        at java.util.concurrent.ThreadPoolExecutor.getTask(ThreadPoolExecutor.java:1074)
        at java.util.concurrent.ThreadPoolExecutor.runWorker(ThreadPoolExecutor.java:1134)
        at java.util.concurrent.ThreadPoolExecutor$Worker.run(ThreadPoolExecutor.java:624)
        at java.lang.Thread.run(Thread.java:750)
"Datanode State Machine Task Thread - 1"  prio=5 tid=4213 in Object.wait()
java.lang.Thread.State: WAITING (on object monitor)
        at sun.misc.Unsafe.park(Native Method)
        at java.util.concurrent.locks.LockSupport.park(LockSupport.java:175)
        at java.util.concurrent.locks.AbstractQueuedSynchronizer$ConditionObject.await(AbstractQueuedSynchronizer.java:2039)
        at java.util.concurrent.LinkedBlockingQueue.take(LinkedBlockingQueue.java:442)
        at java.util.concurrent.ThreadPoolExecutor.getTask(ThreadPoolExecutor.java:1074)
        at java.util.concurrent.ThreadPoolExecutor.runWorker(ThreadPoolExecutor.java:1134)
        at java.util.concurrent.ThreadPoolExecutor$Worker.run(ThreadPoolExecutor.java:624)
        at java.lang.Thread.run(Thread.java:750)
"BlockDeletingService#1" daemon prio=5 tid=4180 timed_waiting
java.lang.Thread.State: TIMED_WAITING
        at sun.misc.Unsafe.park(Native Method)
        at java.util.concurrent.locks.LockSupport.parkNanos(LockSupport.java:215)
        at java.util.concurrent.locks.AbstractQueuedSynchronizer$ConditionObject.awaitNanos(AbstractQueuedSynchronizer.java:2078)
        at java.util.concurrent.ScheduledThreadPoolExecutor$DelayedWorkQueue.take(ScheduledThreadPoolExecutor.java:1093)
        at java.util.concurrent.ScheduledThreadPoolExecutor$DelayedWorkQueue.take(ScheduledThreadPoolExecutor.java:809)
        at java.util.concurrent.ThreadPoolExecutor.getTask(ThreadPoolExecutor.java:1074)
        at java.util.concurrent.ThreadPoolExecutor.runWorker(ThreadPoolExecutor.java:1134)
        at java.util.concurrent.ThreadPoolExecutor$Worker.run(ThreadPoolExecutor.java:624)
        at java.lang.Thread.run(Thread.java:750)
"IPC Server handler 2 on default port 42971" daemon prio=5 tid=6833 timed_waiting
java.lang.Thread.State: TIMED_WAITING
        at sun.misc.Unsafe.park(Native Method)
        at java.util.concurrent.locks.LockSupport.parkNanos(LockSupport.java:215)
        at java.util.concurrent.locks.AbstractQueuedSynchronizer$ConditionObject.awaitNanos(AbstractQueuedSynchronizer.java:2078)
        at java.util.concurrent.LinkedBlockingQueue.poll(LinkedBlockingQueue.java:467)
        at org.apache.hadoop.ipc.CallQueueManager.take(CallQueueManager.java:317)
        at org.apache.hadoop.ipc.Server$Handler.run(Server.java:2942)
"pool-3044-thread-1"  prio=5 tid=5472 in Object.wait()
java.lang.Thread.State: WAITING (on object monitor)
        at sun.misc.Unsafe.park(Native Method)
        at java.util.concurrent.locks.LockSupport.park(LockSupport.java:175)
        at java.util.concurrent.locks.AbstractQueuedSynchronizer$ConditionObject.await(AbstractQueuedSynchronizer.java:2039)
        at java.util.concurrent.LinkedBlockingQueue.take(LinkedBlockingQueue.java:442)
        at java.util.concurrent.ThreadPoolExecutor.getTask(ThreadPoolExecutor.java:1074)
        at java.util.concurrent.ThreadPoolExecutor.runWorker(ThreadPoolExecutor.java:1134)
        at java.util.concurrent.ThreadPoolExecutor$Worker.run(ThreadPoolExecutor.java:624)
        at java.lang.Thread.run(Thread.java:750)
"IPC Server handler 8 on default port 43793" daemon prio=5 tid=4603 timed_waiting
java.lang.Thread.State: TIMED_WAITING
        at sun.misc.Unsafe.park(Native Method)
        at java.util.concurrent.locks.LockSupport.parkNanos(LockSupport.java:215)
        at java.util.concurrent.locks.AbstractQueuedSynchronizer$ConditionObject.awaitNanos(AbstractQueuedSynchronizer.java:2078)
        at java.util.concurrent.LinkedBlockingQueue.poll(LinkedBlockingQueue.java:467)
        at org.apache.hadoop.ipc.CallQueueManager.take(CallQueueManager.java:317)
        at org.apache.hadoop.ipc.Server$Handler.run(Server.java:2942)
"pool-4006-thread-1"  prio=5 tid=6853 timed_waiting
java.lang.Thread.State: TIMED_WAITING
        at sun.misc.Unsafe.park(Native Method)
        at java.util.concurrent.locks.LockSupport.parkNanos(LockSupport.java:215)
        at java.util.concurrent.locks.AbstractQueuedSynchronizer$ConditionObject.awaitNanos(AbstractQueuedSynchronizer.java:2078)
        at java.util.concurrent.ScheduledThreadPoolExecutor$DelayedWorkQueue.take(ScheduledThreadPoolExecutor.java:1093)
        at java.util.concurrent.ScheduledThreadPoolExecutor$DelayedWorkQueue.take(ScheduledThreadPoolExecutor.java:809)
        at java.util.concurrent.ThreadPoolExecutor.getTask(ThreadPoolExecutor.java:1074)
        at java.util.concurrent.ThreadPoolExecutor.runWorker(ThreadPoolExecutor.java:1134)
        at java.util.concurrent.ThreadPoolExecutor$Worker.run(ThreadPoolExecutor.java:624)
        at java.lang.Thread.run(Thread.java:750)
"org.apache.hadoop.util.JvmPauseMonitor$Monitor@3387dce7" daemon prio=5 tid=6242 timed_waiting
java.lang.Thread.State: TIMED_WAITING
        at java.lang.Thread.sleep(Native Method)
        at org.apache.hadoop.util.JvmPauseMonitor$Monitor.run(JvmPauseMonitor.java:192)
        at java.lang.Thread.run(Thread.java:750)
"ChunkWriter-1-0" daemon prio=5 tid=5344 in Object.wait()
java.lang.Thread.State: WAITING (on object monitor)
        at sun.misc.Unsafe.park(Native Method)
        at java.util.concurrent.locks.LockSupport.park(LockSupport.java:175)
        at java.util.concurrent.locks.AbstractQueuedSynchronizer$ConditionObject.await(AbstractQueuedSynchronizer.java:2039)
        at java.util.concurrent.LinkedBlockingDeque.takeFirst(LinkedBlockingDeque.java:492)
        at java.util.concurrent.LinkedBlockingDeque.take(LinkedBlockingDeque.java:680)
        at java.util.concurrent.ThreadPoolExecutor.getTask(ThreadPoolExecutor.java:1074)
        at java.util.concurrent.ThreadPoolExecutor.runWorker(ThreadPoolExecutor.java:1134)
        at java.util.concurrent.ThreadPoolExecutor$Worker.run(ThreadPoolExecutor.java:624)
        at java.lang.Thread.run(Thread.java:750)
"ContainerOp-1a3410dc-4fd6-4954-94c6-9015fb128463-8"  prio=5 tid=6212 in Object.wait()
java.lang.Thread.State: WAITING (on object monitor)
        at sun.misc.Unsafe.park(Native Method)
        at java.util.concurrent.locks.LockSupport.park(LockSupport.java:175)
        at java.util.concurrent.locks.AbstractQueuedSynchronizer$ConditionObject.await(AbstractQueuedSynchronizer.java:2039)
        at java.util.concurrent.LinkedBlockingQueue.take(LinkedBlockingQueue.java:442)
        at java.util.concurrent.ThreadPoolExecutor.getTask(ThreadPoolExecutor.java:1074)
        at java.util.concurrent.ThreadPoolExecutor.runWorker(ThreadPoolExecutor.java:1134)
        at java.util.concurrent.ThreadPoolExecutor$Worker.run(ThreadPoolExecutor.java:624)
        at java.lang.Thread.run(Thread.java:750)
"IPC Server handler 0 on default port 35421" daemon prio=5 tid=4575 timed_waiting
java.lang.Thread.State: TIMED_WAITING
        at sun.misc.Unsafe.park(Native Method)
        at java.util.concurrent.locks.LockSupport.parkNanos(LockSupport.java:215)
        at java.util.concurrent.locks.AbstractQueuedSynchronizer$ConditionObject.awaitNanos(AbstractQueuedSynchronizer.java:2078)
        at java.util.concurrent.LinkedBlockingQueue.poll(LinkedBlockingQueue.java:467)
        at org.apache.hadoop.ipc.CallQueueManager.take(CallQueueManager.java:317)
        at org.apache.hadoop.ipc.Server$Handler.run(Server.java:2942)
"java.util.concurrent.ThreadPoolExecutor$Worker@6edda8ee[State = -1, empty queue]" daemon prio=5 tid=2107 timed_waiting
java.lang.Thread.State: TIMED_WAITING
        at sun.misc.Unsafe.park(Native Method)
        at java.util.concurrent.locks.LockSupport.parkNanos(LockSupport.java:215)
        at java.util.concurrent.locks.AbstractQueuedSynchronizer$ConditionObject.awaitNanos(AbstractQueuedSynchronizer.java:2078)
        at java.util.concurrent.ScheduledThreadPoolExecutor$DelayedWorkQueue.take(ScheduledThreadPoolExecutor.java:1093)
        at java.util.concurrent.ScheduledThreadPoolExecutor$DelayedWorkQueue.take(ScheduledThreadPoolExecutor.java:809)
        at java.util.concurrent.ThreadPoolExecutor.getTask(ThreadPoolExecutor.java:1074)
        at java.util.concurrent.ThreadPoolExecutor.runWorker(ThreadPoolExecutor.java:1134)
        at java.util.concurrent.ThreadPoolExecutor$Worker.run(ThreadPoolExecutor.java:624)
        at java.lang.Thread.run(Thread.java:750)
"BlockDeletingService#1" daemon prio=5 tid=6453 in Object.wait()
java.lang.Thread.State: WAITING (on object monitor)
        at sun.misc.Unsafe.park(Native Method)
        at java.util.concurrent.locks.LockSupport.park(LockSupport.java:175)
        at java.util.concurrent.locks.AbstractQueuedSynchronizer$ConditionObject.await(AbstractQueuedSynchronizer.java:2039)
        at java.util.concurrent.ScheduledThreadPoolExecutor$DelayedWorkQueue.take(ScheduledThreadPoolExecutor.java:1088)
        at java.util.concurrent.ScheduledThreadPoolExecutor$DelayedWorkQueue.take(ScheduledThreadPoolExecutor.java:809)
        at java.util.concurrent.ThreadPoolExecutor.getTask(ThreadPoolExecutor.java:1074)
        at java.util.concurrent.ThreadPoolExecutor.runWorker(ThreadPoolExecutor.java:1134)
        at java.util.concurrent.ThreadPoolExecutor$Worker.run(ThreadPoolExecutor.java:624)
        at java.lang.Thread.run(Thread.java:750)
"Datanode State Machine Daemon Thread" daemon prio=5 tid=6232 timed_waiting
java.lang.Thread.State: TIMED_WAITING
        at java.lang.Thread.sleep(Native Method)
        at org.apache.hadoop.ozone.container.common.statemachine.DatanodeStateMachine.startStateMachineThread(DatanodeStateMachine.java:313)
        at org.apache.hadoop.ozone.container.common.statemachine.DatanodeStateMachine.lambda$startDaemon$0(DatanodeStateMachine.java:493)
        at org.apache.hadoop.ozone.container.common.statemachine.DatanodeStateMachine$$Lambda$761/216690043.run(Unknown Source)
        at java.lang.Thread.run(Thread.java:750)
"Datanode ReportManager Thread - 0" daemon prio=5 tid=4050 in Object.wait()
java.lang.Thread.State: WAITING (on object monitor)
        at sun.misc.Unsafe.park(Native Method)
        at java.util.concurrent.locks.LockSupport.park(LockSupport.java:175)
        at java.util.concurrent.locks.AbstractQueuedSynchronizer$ConditionObject.await(AbstractQueuedSynchronizer.java:2039)
        at java.util.concurrent.ScheduledThreadPoolExecutor$DelayedWorkQueue.take(ScheduledThreadPoolExecutor.java:1088)
        at java.util.concurrent.ScheduledThreadPoolExecutor$DelayedWorkQueue.take(ScheduledThreadPoolExecutor.java:809)
        at java.util.concurrent.ThreadPoolExecutor.getTask(ThreadPoolExecutor.java:1074)
        at java.util.concurrent.ThreadPoolExecutor.runWorker(ThreadPoolExecutor.java:1134)
        at java.util.concurrent.ThreadPoolExecutor$Worker.run(ThreadPoolExecutor.java:624)
        at java.lang.Thread.run(Thread.java:750)
"IPC Server handler 5 on default port 40173" daemon prio=5 tid=6113 timed_waiting
java.lang.Thread.State: TIMED_WAITING
        at sun.misc.Unsafe.park(Native Method)
        at java.util.concurrent.locks.LockSupport.parkNanos(LockSupport.java:215)
        at java.util.concurrent.locks.AbstractQueuedSynchronizer$ConditionObject.awaitNanos(AbstractQueuedSynchronizer.java:2078)
        at java.util.concurrent.LinkedBlockingQueue.poll(LinkedBlockingQueue.java:467)
        at org.apache.hadoop.ipc.CallQueueManager.take(CallQueueManager.java:317)
        at org.apache.hadoop.ipc.Server$Handler.run(Server.java:2942)
"Periodic HDDS volume checker" daemon prio=5 tid=3930 timed_waiting
java.lang.Thread.State: TIMED_WAITING
        at sun.misc.Unsafe.park(Native Method)
        at java.util.concurrent.locks.LockSupport.parkNanos(LockSupport.java:215)
        at java.util.concurrent.locks.AbstractQueuedSynchronizer$ConditionObject.awaitNanos(AbstractQueuedSynchronizer.java:2078)
        at java.util.concurrent.ScheduledThreadPoolExecutor$DelayedWorkQueue.take(ScheduledThreadPoolExecutor.java:1093)
        at java.util.concurrent.ScheduledThreadPoolExecutor$DelayedWorkQueue.take(ScheduledThreadPoolExecutor.java:809)
        at java.util.concurrent.ThreadPoolExecutor.getTask(ThreadPoolExecutor.java:1074)
        at java.util.concurrent.ThreadPoolExecutor.runWorker(ThreadPoolExecutor.java:1134)
        at java.util.concurrent.ThreadPoolExecutor$Worker.run(ThreadPoolExecutor.java:624)
        at java.lang.Thread.run(Thread.java:750)
"qtp1433462785-4103-acceptor-0@5a865fd4-ServerConnector@7ec61728{HTTP/1.1, (http/1.1)}{0.0.0.0:37147}" daemon prio=3 tid=4103 runnable
java.lang.Thread.State: RUNNABLE
        at sun.nio.ch.ServerSocketChannelImpl.accept0(Native Method)
        at sun.nio.ch.ServerSocketChannelImpl.accept(ServerSocketChannelImpl.java:421)
        at sun.nio.ch.ServerSocketChannelImpl.accept(ServerSocketChannelImpl.java:249)
        at org.eclipse.jetty.server.ServerConnector.accept(ServerConnector.java:388)
        at org.eclipse.jetty.server.AbstractConnector$Acceptor.run(AbstractConnector.java:702)
        at org.eclipse.jetty.util.thread.QueuedThreadPool.runJob(QueuedThreadPool.java:883)
        at org.eclipse.jetty.util.thread.QueuedThreadPool$Runner.run(QueuedThreadPool.java:1034)
        at java.lang.Thread.run(Thread.java:750)
"Session-HouseKeeper-911b89c-1"  prio=5 tid=6429 timed_waiting
java.lang.Thread.State: TIMED_WAITING
        at sun.misc.Unsafe.park(Native Method)
        at java.util.concurrent.locks.LockSupport.parkNanos(LockSupport.java:215)
        at java.util.concurrent.locks.AbstractQueuedSynchronizer$ConditionObject.awaitNanos(AbstractQueuedSynchronizer.java:2078)
        at java.util.concurrent.ScheduledThreadPoolExecutor$DelayedWorkQueue.take(ScheduledThreadPoolExecutor.java:1093)
        at java.util.concurrent.ScheduledThreadPoolExecutor$DelayedWorkQueue.take(ScheduledThreadPoolExecutor.java:809)
        at java.util.concurrent.ThreadPoolExecutor.getTask(ThreadPoolExecutor.java:1074)
        at java.util.concurrent.ThreadPoolExecutor.runWorker(ThreadPoolExecutor.java:1134)
        at java.util.concurrent.ThreadPoolExecutor$Worker.run(ThreadPoolExecutor.java:624)
        at java.lang.Thread.run(Thread.java:750)
"StaleRecoveringContainerScrubbingService#1" daemon prio=5 tid=6412 in Object.wait()
java.lang.Thread.State: WAITING (on object monitor)
        at sun.misc.Unsafe.park(Native Method)
        at java.util.concurrent.locks.LockSupport.park(LockSupport.java:175)
        at java.util.concurrent.locks.AbstractQueuedSynchronizer$ConditionObject.await(AbstractQueuedSynchronizer.java:2039)
        at java.util.concurrent.ScheduledThreadPoolExecutor$DelayedWorkQueue.take(ScheduledThreadPoolExecutor.java:1088)
        at java.util.concurrent.ScheduledThreadPoolExecutor$DelayedWorkQueue.take(ScheduledThreadPoolExecutor.java:809)
        at java.util.concurrent.ThreadPoolExecutor.getTask(ThreadPoolExecutor.java:1074)
        at java.util.concurrent.ThreadPoolExecutor.runWorker(ThreadPoolExecutor.java:1134)
        at java.util.concurrent.ThreadPoolExecutor$Worker.run(ThreadPoolExecutor.java:624)
        at java.lang.Thread.run(Thread.java:750)
"Session-HouseKeeper-23169374-1"  prio=5 tid=6862 timed_waiting
java.lang.Thread.State: TIMED_WAITING
        at sun.misc.Unsafe.park(Native Method)
        at java.util.concurrent.locks.LockSupport.parkNanos(LockSupport.java:215)
        at java.util.concurrent.locks.AbstractQueuedSynchronizer$ConditionObject.awaitNanos(AbstractQueuedSynchronizer.java:2078)
        at java.util.concurrent.ScheduledThreadPoolExecutor$DelayedWorkQueue.take(ScheduledThreadPoolExecutor.java:1093)
        at java.util.concurrent.ScheduledThreadPoolExecutor$DelayedWorkQueue.take(ScheduledThreadPoolExecutor.java:809)
        at java.util.concurrent.ThreadPoolExecutor.getTask(ThreadPoolExecutor.java:1074)
        at java.util.concurrent.ThreadPoolExecutor.runWorker(ThreadPoolExecutor.java:1134)
        at java.util.concurrent.ThreadPoolExecutor$Worker.run(ThreadPoolExecutor.java:624)
        at java.lang.Thread.run(Thread.java:750)
"Under Replicated Processor" daemon prio=5 tid=6771 timed_waiting
java.lang.Thread.State: TIMED_WAITING
        at java.lang.Object.wait(Native Method)
        at org.apache.hadoop.hdds.scm.container.replication.UnderReplicatedProcessor.run(UnderReplicatedProcessor.java:142)
        at java.lang.Thread.run(Thread.java:750)
"BlockDeletingService#2" daemon prio=5 tid=5650 in Object.wait()
java.lang.Thread.State: WAITING (on object monitor)
        at sun.misc.Unsafe.park(Native Method)
        at java.util.concurrent.locks.LockSupport.park(LockSupport.java:175)
        at java.util.concurrent.locks.AbstractQueuedSynchronizer$ConditionObject.await(AbstractQueuedSynchronizer.java:2039)
        at java.util.concurrent.ScheduledThreadPoolExecutor$DelayedWorkQueue.take(ScheduledThreadPoolExecutor.java:1088)
        at java.util.concurrent.ScheduledThreadPoolExecutor$DelayedWorkQueue.take(ScheduledThreadPoolExecutor.java:809)
        at java.util.concurrent.ThreadPoolExecutor.getTask(ThreadPoolExecutor.java:1074)
        at java.util.concurrent.ThreadPoolExecutor.runWorker(ThreadPoolExecutor.java:1134)
        at java.util.concurrent.ThreadPoolExecutor$Worker.run(ThreadPoolExecutor.java:624)
        at java.lang.Thread.run(Thread.java:750)
"FixedThreadPoolWithAffinityExecutor-0-0" daemon prio=5 tid=5403 in Object.wait()
java.lang.Thread.State: WAITING (on object monitor)
        at sun.misc.Unsafe.park(Native Method)
        at java.util.concurrent.locks.LockSupport.park(LockSupport.java:175)
        at java.util.concurrent.locks.AbstractQueuedSynchronizer$ConditionObject.await(AbstractQueuedSynchronizer.java:2039)
        at java.util.concurrent.LinkedBlockingDeque.takeFirst(LinkedBlockingDeque.java:492)
        at java.util.concurrent.LinkedBlockingDeque.take(LinkedBlockingDeque.java:680)
        at java.util.concurrent.ThreadPoolExecutor.getTask(ThreadPoolExecutor.java:1074)
        at java.util.concurrent.ThreadPoolExecutor.runWorker(ThreadPoolExecutor.java:1134)
        at java.util.concurrent.ThreadPoolExecutor$Worker.run(ThreadPoolExecutor.java:624)
        at java.lang.Thread.run(Thread.java:750)
"ed0c9528-2c8b-4614-9eef-2d120a058ddc-server-thread1" daemon prio=5 tid=6999 timed_waiting
java.lang.Thread.State: TIMED_WAITING
        at sun.misc.Unsafe.park(Native Method)
        at java.util.concurrent.locks.LockSupport.parkNanos(LockSupport.java:215)
        at java.util.concurrent.SynchronousQueue$TransferStack.awaitFulfill(SynchronousQueue.java:460)
        at java.util.concurrent.SynchronousQueue$TransferStack.transfer(SynchronousQueue.java:362)
        at java.util.concurrent.SynchronousQueue.poll(SynchronousQueue.java:941)
        at java.util.concurrent.ThreadPoolExecutor.getTask(ThreadPoolExecutor.java:1073)
        at java.util.concurrent.ThreadPoolExecutor.runWorker(ThreadPoolExecutor.java:1134)
        at java.util.concurrent.ThreadPoolExecutor$Worker.run(ThreadPoolExecutor.java:624)
        at java.lang.Thread.run(Thread.java:750)
"qtp539481455-6860" daemon prio=5 tid=6860 timed_waiting
java.lang.Thread.State: TIMED_WAITING
        at sun.misc.Unsafe.park(Native Method)
        at java.util.concurrent.locks.LockSupport.parkNanos(LockSupport.java:215)
        at java.util.concurrent.locks.AbstractQueuedSynchronizer$ConditionObject.awaitNanos(AbstractQueuedSynchronizer.java:2078)
        at org.eclipse.jetty.util.BlockingArrayQueue.poll(BlockingArrayQueue.java:382)
        at org.eclipse.jetty.util.thread.QueuedThreadPool$Runner.idleJobPoll(QueuedThreadPool.java:974)
        at org.eclipse.jetty.util.thread.QueuedThreadPool$Runner.run(QueuedThreadPool.java:1018)
        at java.lang.Thread.run(Thread.java:750)
"a759a49b-3cd3-49e9-826c-16e7b00ba8b7@group-16E2E8E98EE8-LeaderStateImpl" daemon prio=5 tid=4327 timed_waiting
java.lang.Thread.State: TIMED_WAITING
        at sun.misc.Unsafe.park(Native Method)
        at java.util.concurrent.locks.LockSupport.parkNanos(LockSupport.java:215)
        at java.util.concurrent.locks.AbstractQueuedSynchronizer$ConditionObject.awaitNanos(AbstractQueuedSynchronizer.java:2078)
        at java.util.concurrent.ArrayBlockingQueue.poll(ArrayBlockingQueue.java:418)
        at org.apache.ratis.server.impl.LeaderStateImpl$EventQueue.poll(LeaderStateImpl.java:159)
        at org.apache.ratis.server.impl.LeaderStateImpl$EventProcessor.run(LeaderStateImpl.java:630)
"qtp595932500-4037" daemon prio=5 tid=4037 timed_waiting
java.lang.Thread.State: TIMED_WAITING
        at sun.misc.Unsafe.park(Native Method)
        at java.util.concurrent.locks.LockSupport.parkNanos(LockSupport.java:215)
        at java.util.concurrent.locks.AbstractQueuedSynchronizer$ConditionObject.awaitNanos(AbstractQueuedSynchronizer.java:2078)
        at org.eclipse.jetty.util.BlockingArrayQueue.poll(BlockingArrayQueue.java:382)
        at org.eclipse.jetty.util.thread.QueuedThreadPool$Runner.idleJobPoll(QueuedThreadPool.java:974)
        at org.eclipse.jetty.util.thread.QueuedThreadPool$Runner.run(QueuedThreadPool.java:1018)
        at java.lang.Thread.run(Thread.java:750)
"EventQueue-PipelineReportForPipelineReportHandler" daemon prio=5 tid=6500 in Object.wait()
java.lang.Thread.State: WAITING (on object monitor)
        at sun.misc.Unsafe.park(Native Method)
        at java.util.concurrent.locks.LockSupport.park(LockSupport.java:175)
        at java.util.concurrent.locks.AbstractQueuedSynchronizer$ConditionObject.await(AbstractQueuedSynchronizer.java:2039)
        at java.util.concurrent.LinkedBlockingQueue.take(LinkedBlockingQueue.java:442)
        at java.util.concurrent.ThreadPoolExecutor.getTask(ThreadPoolExecutor.java:1074)
        at java.util.concurrent.ThreadPoolExecutor.runWorker(ThreadPoolExecutor.java:1134)
        at java.util.concurrent.ThreadPoolExecutor$Worker.run(ThreadPoolExecutor.java:624)
        at java.lang.Thread.run(Thread.java:750)
"Session-HouseKeeper-6ee4b3d2-1"  prio=5 tid=6104 timed_waiting
java.lang.Thread.State: TIMED_WAITING
        at sun.misc.Unsafe.park(Native Method)
        at java.util.concurrent.locks.LockSupport.parkNanos(LockSupport.java:215)
        at java.util.concurrent.locks.AbstractQueuedSynchronizer$ConditionObject.awaitNanos(AbstractQueuedSynchronizer.java:2078)
        at java.util.concurrent.ScheduledThreadPoolExecutor$DelayedWorkQueue.take(ScheduledThreadPoolExecutor.java:1093)
        at java.util.concurrent.ScheduledThreadPoolExecutor$DelayedWorkQueue.take(ScheduledThreadPoolExecutor.java:809)
        at java.util.concurrent.ThreadPoolExecutor.getTask(ThreadPoolExecutor.java:1074)
        at java.util.concurrent.ThreadPoolExecutor.runWorker(ThreadPoolExecutor.java:1134)
        at java.util.concurrent.ThreadPoolExecutor$Worker.run(ThreadPoolExecutor.java:624)
        at java.lang.Thread.run(Thread.java:750)
"ChunkReader-ELG-0" daemon prio=5 tid=6477 runnable
java.lang.Thread.State: RUNNABLE
        at org.apache.ratis.thirdparty.io.netty.channel.epoll.Native.epollWait(Native Method)
        at org.apache.ratis.thirdparty.io.netty.channel.epoll.Native.epollWait(Native.java:193)
        at org.apache.ratis.thirdparty.io.netty.channel.epoll.Native.epollWait(Native.java:186)
        at org.apache.ratis.thirdparty.io.netty.channel.epoll.EpollEventLoop.epollWaitNoTimerChange(EpollEventLoop.java:290)
        at org.apache.ratis.thirdparty.io.netty.channel.epoll.EpollEventLoop.run(EpollEventLoop.java:347)
        at org.apache.ratis.thirdparty.io.netty.util.concurrent.SingleThreadEventExecutor$4.run(SingleThreadEventExecutor.java:986)
        at org.apache.ratis.thirdparty.io.netty.util.internal.ThreadExecutorMap$2.run(ThreadExecutorMap.java:74)
        at java.lang.Thread.run(Thread.java:750)
"IPC Server handler 15 on default port 35421" daemon prio=5 tid=4590 timed_waiting
java.lang.Thread.State: TIMED_WAITING
        at sun.misc.Unsafe.park(Native Method)
        at java.util.concurrent.locks.LockSupport.parkNanos(LockSupport.java:215)
        at java.util.concurrent.locks.AbstractQueuedSynchronizer$ConditionObject.awaitNanos(AbstractQueuedSynchronizer.java:2078)
        at java.util.concurrent.LinkedBlockingQueue.poll(LinkedBlockingQueue.java:467)
        at org.apache.hadoop.ipc.CallQueueManager.take(CallQueueManager.java:317)
        at org.apache.hadoop.ipc.Server$Handler.run(Server.java:2942)
"IPC Server handler 2 on default port 43793" daemon prio=5 tid=4597 timed_waiting
java.lang.Thread.State: TIMED_WAITING
        at sun.misc.Unsafe.park(Native Method)
        at java.util.concurrent.locks.LockSupport.parkNanos(LockSupport.java:215)
        at java.util.concurrent.locks.AbstractQueuedSynchronizer$ConditionObject.awaitNanos(AbstractQueuedSynchronizer.java:2078)
        at java.util.concurrent.LinkedBlockingQueue.poll(LinkedBlockingQueue.java:467)
        at org.apache.hadoop.ipc.CallQueueManager.take(CallQueueManager.java:317)
        at org.apache.hadoop.ipc.Server$Handler.run(Server.java:2942)
"pool-2333-thread-1" daemon prio=5 tid=4065 timed_waiting
java.lang.Thread.State: TIMED_WAITING
        at sun.misc.Unsafe.park(Native Method)
        at java.util.concurrent.locks.LockSupport.parkNanos(LockSupport.java:215)
        at java.util.concurrent.locks.AbstractQueuedSynchronizer$ConditionObject.awaitNanos(AbstractQueuedSynchronizer.java:2078)
        at java.util.concurrent.ScheduledThreadPoolExecutor$DelayedWorkQueue.take(ScheduledThreadPoolExecutor.java:1093)
        at java.util.concurrent.ScheduledThreadPoolExecutor$DelayedWorkQueue.take(ScheduledThreadPoolExecutor.java:809)
        at java.util.concurrent.ThreadPoolExecutor.getTask(ThreadPoolExecutor.java:1074)
        at java.util.concurrent.ThreadPoolExecutor.runWorker(ThreadPoolExecutor.java:1134)
        at java.util.concurrent.ThreadPoolExecutor$Worker.run(ThreadPoolExecutor.java:624)
        at java.lang.Thread.run(Thread.java:750)
"Datanode ReportManager Thread - 4" daemon prio=5 tid=6438 in Object.wait()
java.lang.Thread.State: WAITING (on object monitor)
        at sun.misc.Unsafe.park(Native Method)
        at java.util.concurrent.locks.LockSupport.park(LockSupport.java:175)
        at java.util.concurrent.locks.AbstractQueuedSynchronizer$ConditionObject.await(AbstractQueuedSynchronizer.java:2039)
        at java.util.concurrent.ScheduledThreadPoolExecutor$DelayedWorkQueue.take(ScheduledThreadPoolExecutor.java:1088)
        at java.util.concurrent.ScheduledThreadPoolExecutor$DelayedWorkQueue.take(ScheduledThreadPoolExecutor.java:809)
        at java.util.concurrent.ThreadPoolExecutor.getTask(ThreadPoolExecutor.java:1074)
        at java.util.concurrent.ThreadPoolExecutor.runWorker(ThreadPoolExecutor.java:1134)
        at java.util.concurrent.ThreadPoolExecutor$Worker.run(ThreadPoolExecutor.java:624)
        at java.lang.Thread.run(Thread.java:750)
"om1-impl-thread1"  prio=5 tid=5976 timed_waiting
java.lang.Thread.State: TIMED_WAITING
        at sun.misc.Unsafe.park(Native Method)
        at java.util.concurrent.locks.LockSupport.parkNanos(LockSupport.java:215)
        at java.util.concurrent.SynchronousQueue$TransferStack.awaitFulfill(SynchronousQueue.java:460)
        at java.util.concurrent.SynchronousQueue$TransferStack.transfer(SynchronousQueue.java:362)
        at java.util.concurrent.SynchronousQueue.poll(SynchronousQueue.java:941)
        at java.util.concurrent.ThreadPoolExecutor.getTask(ThreadPoolExecutor.java:1073)
        at java.util.concurrent.ThreadPoolExecutor.runWorker(ThreadPoolExecutor.java:1134)
        at java.util.concurrent.ThreadPoolExecutor$Worker.run(ThreadPoolExecutor.java:624)
        at java.lang.Thread.run(Thread.java:750)
"StaleRecoveringContainerScrubbingService#1" daemon prio=5 tid=4160 timed_waiting
java.lang.Thread.State: TIMED_WAITING
        at sun.misc.Unsafe.park(Native Method)
        at java.util.concurrent.locks.LockSupport.parkNanos(LockSupport.java:215)
        at java.util.concurrent.locks.AbstractQueuedSynchronizer$ConditionObject.awaitNanos(AbstractQueuedSynchronizer.java:2078)
        at java.util.concurrent.ScheduledThreadPoolExecutor$DelayedWorkQueue.take(ScheduledThreadPoolExecutor.java:1093)
        at java.util.concurrent.ScheduledThreadPoolExecutor$DelayedWorkQueue.take(ScheduledThreadPoolExecutor.java:809)
        at java.util.concurrent.ThreadPoolExecutor.getTask(ThreadPoolExecutor.java:1074)
        at java.util.concurrent.ThreadPoolExecutor.runWorker(ThreadPoolExecutor.java:1134)
        at java.util.concurrent.ThreadPoolExecutor$Worker.run(ThreadPoolExecutor.java:624)
        at java.lang.Thread.run(Thread.java:750)
"IPC Server listener on 0" daemon prio=5 tid=5814 runnable
java.lang.Thread.State: RUNNABLE
        at sun.nio.ch.EPollArrayWrapper.epollWait(Native Method)
        at sun.nio.ch.EPollArrayWrapper.poll(EPollArrayWrapper.java:269)
        at sun.nio.ch.EPollSelectorImpl.doSelect(EPollSelectorImpl.java:93)
        at sun.nio.ch.SelectorImpl.lockAndDoSelect(SelectorImpl.java:86)
        at sun.nio.ch.SelectorImpl.select(SelectorImpl.java:97)
        at sun.nio.ch.SelectorImpl.select(SelectorImpl.java:101)
        at org.apache.hadoop.ipc.Server$Listener.run(Server.java:1358)
"Datanode State Machine Task Thread - 0"  prio=5 tid=5340 in Object.wait()
java.lang.Thread.State: WAITING (on object monitor)
        at sun.misc.Unsafe.park(Native Method)
        at java.util.concurrent.locks.LockSupport.park(LockSupport.java:175)
        at java.util.concurrent.locks.AbstractQueuedSynchronizer$ConditionObject.await(AbstractQueuedSynchronizer.java:2039)
        at java.util.concurrent.LinkedBlockingQueue.take(LinkedBlockingQueue.java:442)
        at java.util.concurrent.ThreadPoolExecutor.getTask(ThreadPoolExecutor.java:1074)
        at java.util.concurrent.ThreadPoolExecutor.runWorker(ThreadPoolExecutor.java:1134)
        at java.util.concurrent.ThreadPoolExecutor$Worker.run(ThreadPoolExecutor.java:624)
        at java.lang.Thread.run(Thread.java:750)
"FixedThreadPoolWithAffinityExecutor-8-0" daemon prio=5 tid=5437 in Object.wait()
java.lang.Thread.State: WAITING (on object monitor)
        at sun.misc.Unsafe.park(Native Method)
        at java.util.concurrent.locks.LockSupport.park(LockSupport.java:175)
        at java.util.concurrent.locks.AbstractQueuedSynchronizer$ConditionObject.await(AbstractQueuedSynchronizer.java:2039)
        at java.util.concurrent.LinkedBlockingDeque.takeFirst(LinkedBlockingDeque.java:492)
        at java.util.concurrent.LinkedBlockingDeque.take(LinkedBlockingDeque.java:680)
        at java.util.concurrent.ThreadPoolExecutor.getTask(ThreadPoolExecutor.java:1074)
        at java.util.concurrent.ThreadPoolExecutor.runWorker(ThreadPoolExecutor.java:1134)
        at java.util.concurrent.ThreadPoolExecutor$Worker.run(ThreadPoolExecutor.java:624)
        at java.lang.Thread.run(Thread.java:750)
"Command processor thread" daemon prio=5 tid=4992 timed_waiting
java.lang.Thread.State: TIMED_WAITING
        at java.lang.Thread.sleep(Native Method)
        at org.apache.hadoop.ozone.container.common.statemachine.DatanodeStateMachine.lambda$initCommandHandlerThread$3(DatanodeStateMachine.java:628)
        at org.apache.hadoop.ozone.container.common.statemachine.DatanodeStateMachine$$Lambda$763/1762238644.run(Unknown Source)
        at java.lang.Thread.run(Thread.java:750)
"859fee52-0ce0-4420-ab82-e0e92b354dcb@group-CC9DE397F5A0-StateMachineUpdater" daemon prio=5 tid=4265 timed_waiting
java.lang.Thread.State: TIMED_WAITING
        at sun.misc.Unsafe.park(Native Method)
        at java.util.concurrent.locks.LockSupport.parkNanos(LockSupport.java:215)
        at java.util.concurrent.CompletableFuture$Signaller.block(CompletableFuture.java:1709)
        at java.util.concurrent.ForkJoinPool.managedBlock(ForkJoinPool.java:3323)
        at java.util.concurrent.CompletableFuture.timedGet(CompletableFuture.java:1788)
        at java.util.concurrent.CompletableFuture.get(CompletableFuture.java:1928)
        at org.apache.ratis.util.AwaitForSignal.await(AwaitForSignal.java:56)
        at org.apache.ratis.server.impl.StateMachineUpdater.waitForCommit(StateMachineUpdater.java:207)
        at org.apache.ratis.server.impl.StateMachineUpdater.run(StateMachineUpdater.java:176)
        at java.lang.Thread.run(Thread.java:750)
"Socket Reader #1 for port 40471"  prio=5 tid=6783 runnable
java.lang.Thread.State: RUNNABLE
        at sun.nio.ch.EPollArrayWrapper.epollWait(Native Method)
        at sun.nio.ch.EPollArrayWrapper.poll(EPollArrayWrapper.java:269)
        at sun.nio.ch.EPollSelectorImpl.doSelect(EPollSelectorImpl.java:93)
        at sun.nio.ch.SelectorImpl.lockAndDoSelect(SelectorImpl.java:86)
        at sun.nio.ch.SelectorImpl.select(SelectorImpl.java:97)
        at sun.nio.ch.SelectorImpl.select(SelectorImpl.java:101)
        at org.apache.hadoop.ipc.Server$Listener$Reader.doRunLoop(Server.java:1296)
        at org.apache.hadoop.ipc.Server$Listener$Reader.run(Server.java:1275)
"org.apache.ratis.util.JvmPauseMonitor$$Lambda$718/783493338@7d8fee54" daemon prio=5 tid=5380 timed_waiting
java.lang.Thread.State: TIMED_WAITING
        at java.lang.Thread.sleep(Native Method)
        at java.lang.Thread.sleep(Thread.java:342)
        at java.util.concurrent.TimeUnit.sleep(TimeUnit.java:386)
        at org.apache.ratis.util.TimeDuration.sleep(TimeDuration.java:325)
        at org.apache.ratis.util.TimeDuration.sleep(TimeDuration.java:310)
        at org.apache.ratis.util.JvmPauseMonitor.detectPause(JvmPauseMonitor.java:117)
        at org.apache.ratis.util.JvmPauseMonitor.run(JvmPauseMonitor.java:106)
        at org.apache.ratis.util.JvmPauseMonitor$$Lambda$718/783493338.run(Unknown Source)
        at java.lang.Thread.run(Thread.java:750)
"qtp1692527707-5074" daemon prio=5 tid=5074 runnable
java.lang.Thread.State: RUNNABLE
        at sun.nio.ch.EPollArrayWrapper.epollWait(Native Method)
        at sun.nio.ch.EPollArrayWrapper.poll(EPollArrayWrapper.java:269)
        at sun.nio.ch.EPollSelectorImpl.doSelect(EPollSelectorImpl.java:93)
        at sun.nio.ch.SelectorImpl.lockAndDoSelect(SelectorImpl.java:86)
        at sun.nio.ch.SelectorImpl.select(SelectorImpl.java:97)
        at sun.nio.ch.SelectorImpl.select(SelectorImpl.java:101)
        at org.eclipse.jetty.io.ManagedSelector.nioSelect(ManagedSelector.java:183)
        at org.eclipse.jetty.io.ManagedSelector.select(ManagedSelector.java:190)
        at org.eclipse.jetty.io.ManagedSelector$SelectorProducer.select(ManagedSelector.java:606)
        at org.eclipse.jetty.io.ManagedSelector$SelectorProducer.produce(ManagedSelector.java:543)
        at org.eclipse.jetty.util.thread.strategy.EatWhatYouKill.produceTask(EatWhatYouKill.java:362)
        at org.eclipse.jetty.util.thread.strategy.EatWhatYouKill.doProduce(EatWhatYouKill.java:186)
        at org.eclipse.jetty.util.thread.strategy.EatWhatYouKill.tryProduce(EatWhatYouKill.java:173)
        at org.eclipse.jetty.util.thread.strategy.EatWhatYouKill.produce(EatWhatYouKill.java:137)
        at org.eclipse.jetty.io.ManagedSelector$$Lambda$478/1665851504.run(Unknown Source)
        at org.eclipse.jetty.util.thread.QueuedThreadPool.runJob(QueuedThreadPool.java:883)
        at org.eclipse.jetty.util.thread.QueuedThreadPool$Runner.run(QueuedThreadPool.java:1034)
        at java.lang.Thread.run(Thread.java:750)
"7fbbdba2-60d2-4bcb-9af9-465dc1fc8d8a@group-50B708ACB90C-LeaderStateImpl" daemon prio=5 tid=6939 timed_waiting
java.lang.Thread.State: TIMED_WAITING
        at sun.misc.Unsafe.park(Native Method)
        at java.util.concurrent.locks.LockSupport.parkNanos(LockSupport.java:215)
        at java.util.concurrent.locks.AbstractQueuedSynchronizer$ConditionObject.awaitNanos(AbstractQueuedSynchronizer.java:2078)
        at java.util.concurrent.ArrayBlockingQueue.poll(ArrayBlockingQueue.java:418)
        at org.apache.ratis.server.impl.LeaderStateImpl$EventQueue.poll(LeaderStateImpl.java:159)
        at org.apache.ratis.server.impl.LeaderStateImpl$EventProcessor.run(LeaderStateImpl.java:630)
"42bf96ef-5b29-49bf-adbe-37b520f0d1a8@group-E2B94495F015-LeaderStateImpl" daemon prio=5 tid=5563 timed_waiting
java.lang.Thread.State: TIMED_WAITING
        at sun.misc.Unsafe.park(Native Method)
        at java.util.concurrent.locks.LockSupport.parkNanos(LockSupport.java:215)
        at java.util.concurrent.locks.AbstractQueuedSynchronizer$ConditionObject.awaitNanos(AbstractQueuedSynchronizer.java:2078)
        at java.util.concurrent.ArrayBlockingQueue.poll(ArrayBlockingQueue.java:418)
        at org.apache.ratis.server.impl.LeaderStateImpl$EventQueue.poll(LeaderStateImpl.java:159)
        at org.apache.ratis.server.impl.LeaderStateImpl$EventProcessor.run(LeaderStateImpl.java:630)
"qtp900396159-6344-acceptor-0@52508cb3-ServerConnector@24fa6592{HTTP/1.1, (http/1.1)}{0.0.0.0:36197}" daemon prio=3 tid=6344 runnable
java.lang.Thread.State: RUNNABLE
        at sun.nio.ch.ServerSocketChannelImpl.accept0(Native Method)
        at sun.nio.ch.ServerSocketChannelImpl.accept(ServerSocketChannelImpl.java:421)
        at sun.nio.ch.ServerSocketChannelImpl.accept(ServerSocketChannelImpl.java:249)
        at org.eclipse.jetty.server.ServerConnector.accept(ServerConnector.java:388)
        at org.eclipse.jetty.server.AbstractConnector$Acceptor.run(AbstractConnector.java:702)
        at org.eclipse.jetty.util.thread.QueuedThreadPool.runJob(QueuedThreadPool.java:883)
        at org.eclipse.jetty.util.thread.QueuedThreadPool$Runner.run(QueuedThreadPool.java:1034)
        at java.lang.Thread.run(Thread.java:750)
"org.apache.hadoop.util.JvmPauseMonitor$Monitor@240e61" daemon prio=5 tid=6852 timed_waiting
java.lang.Thread.State: TIMED_WAITING
        at java.lang.Thread.sleep(Native Method)
        at org.apache.hadoop.util.JvmPauseMonitor$Monitor.run(JvmPauseMonitor.java:192)
        at java.lang.Thread.run(Thread.java:750)
"FullTableCache Cleanup Thread - 0" daemon prio=5 tid=5799 in Object.wait()
java.lang.Thread.State: WAITING (on object monitor)
        at sun.misc.Unsafe.park(Native Method)
        at java.util.concurrent.locks.LockSupport.park(LockSupport.java:175)
        at java.util.concurrent.locks.AbstractQueuedSynchronizer$ConditionObject.await(AbstractQueuedSynchronizer.java:2039)
        at java.util.concurrent.LinkedBlockingQueue.take(LinkedBlockingQueue.java:442)
        at java.util.concurrent.ThreadPoolExecutor.getTask(ThreadPoolExecutor.java:1074)
        at java.util.concurrent.ThreadPoolExecutor.runWorker(ThreadPoolExecutor.java:1134)
        at java.util.concurrent.ThreadPoolExecutor$Worker.run(ThreadPoolExecutor.java:624)
        at java.lang.Thread.run(Thread.java:750)
"IPC Server handler 1 on default port 36781" daemon prio=5 tid=4616 timed_waiting
java.lang.Thread.State: TIMED_WAITING
        at sun.misc.Unsafe.park(Native Method)
        at java.util.concurrent.locks.LockSupport.parkNanos(LockSupport.java:215)
        at java.util.concurrent.locks.AbstractQueuedSynchronizer$ConditionObject.awaitNanos(AbstractQueuedSynchronizer.java:2078)
        at java.util.concurrent.LinkedBlockingQueue.poll(LinkedBlockingQueue.java:467)
        at org.apache.hadoop.ipc.CallQueueManager.take(CallQueueManager.java:317)
        at org.apache.hadoop.ipc.Server$Handler.run(Server.java:2942)
"org.apache.ratis.util.JvmPauseMonitor$$Lambda$718/783493338@2c7651bd" daemon prio=5 tid=4201 timed_waiting
java.lang.Thread.State: TIMED_WAITING
        at java.lang.Thread.sleep(Native Method)
        at java.lang.Thread.sleep(Thread.java:342)
        at java.util.concurrent.TimeUnit.sleep(TimeUnit.java:386)
        at org.apache.ratis.util.TimeDuration.sleep(TimeDuration.java:325)
        at org.apache.ratis.util.TimeDuration.sleep(TimeDuration.java:310)
        at org.apache.ratis.util.JvmPauseMonitor.detectPause(JvmPauseMonitor.java:117)
        at org.apache.ratis.util.JvmPauseMonitor.run(JvmPauseMonitor.java:106)
        at org.apache.ratis.util.JvmPauseMonitor$$Lambda$718/783493338.run(Unknown Source)
        at java.lang.Thread.run(Thread.java:750)
"42bf96ef-5b29-49bf-adbe-37b520f0d1a8@group-E23640D80DD8-FollowerState" daemon prio=5 tid=5662 timed_waiting
java.lang.Thread.State: TIMED_WAITING
        at java.lang.Thread.sleep(Native Method)
        at java.lang.Thread.sleep(Thread.java:342)
        at java.util.concurrent.TimeUnit.sleep(TimeUnit.java:386)
        at org.apache.ratis.util.TimeDuration.sleep(TimeDuration.java:325)
        at org.apache.ratis.util.TimeDuration.sleep(TimeDuration.java:310)
        at org.apache.ratis.server.impl.FollowerState.run(FollowerState.java:128)
"pool-3844-thread-1"  prio=5 tid=6711 in Object.wait()
java.lang.Thread.State: WAITING (on object monitor)
        at sun.misc.Unsafe.park(Native Method)
        at java.util.concurrent.locks.LockSupport.park(LockSupport.java:175)
        at java.util.concurrent.locks.AbstractQueuedSynchronizer$ConditionObject.await(AbstractQueuedSynchronizer.java:2039)
        at java.util.concurrent.LinkedBlockingQueue.take(LinkedBlockingQueue.java:442)
        at java.util.concurrent.ThreadPoolExecutor.getTask(ThreadPoolExecutor.java:1074)
        at java.util.concurrent.ThreadPoolExecutor.runWorker(ThreadPoolExecutor.java:1134)
        at java.util.concurrent.ThreadPoolExecutor$Worker.run(ThreadPoolExecutor.java:624)
        at java.lang.Thread.run(Thread.java:750)
"e914e15b-3be6-457d-9bb6-bef1feb71ba6@group-E23640D80DD8-LeaderStateImpl" daemon prio=5 tid=5661 timed_waiting
java.lang.Thread.State: TIMED_WAITING
        at sun.misc.Unsafe.park(Native Method)
        at java.util.concurrent.locks.LockSupport.parkNanos(LockSupport.java:215)
        at java.util.concurrent.locks.AbstractQueuedSynchronizer$ConditionObject.awaitNanos(AbstractQueuedSynchronizer.java:2078)
        at java.util.concurrent.ArrayBlockingQueue.poll(ArrayBlockingQueue.java:418)
        at org.apache.ratis.server.impl.LeaderStateImpl$EventQueue.poll(LeaderStateImpl.java:159)
        at org.apache.ratis.server.impl.LeaderStateImpl$EventProcessor.run(LeaderStateImpl.java:630)
"qtp1623233807-3999" daemon prio=5 tid=3999 timed_waiting
java.lang.Thread.State: TIMED_WAITING
        at sun.misc.Unsafe.park(Native Method)
        at java.util.concurrent.locks.LockSupport.parkNanos(LockSupport.java:215)
        at java.util.concurrent.locks.AbstractQueuedSynchronizer$ConditionObject.awaitNanos(AbstractQueuedSynchronizer.java:2078)
        at org.eclipse.jetty.util.BlockingArrayQueue.poll(BlockingArrayQueue.java:382)
        at org.eclipse.jetty.util.thread.QueuedThreadPool$Runner.idleJobPoll(QueuedThreadPool.java:974)
        at org.eclipse.jetty.util.thread.QueuedThreadPool$Runner.run(QueuedThreadPool.java:1018)
        at java.lang.Thread.run(Thread.java:750)
"org.apache.ratis.util.JvmPauseMonitor$$Lambda$718/783493338@50c7529a" daemon prio=5 tid=5269 timed_waiting
java.lang.Thread.State: TIMED_WAITING
        at java.lang.Thread.sleep(Native Method)
        at java.lang.Thread.sleep(Thread.java:342)
        at java.util.concurrent.TimeUnit.sleep(TimeUnit.java:386)
        at org.apache.ratis.util.TimeDuration.sleep(TimeDuration.java:325)
        at org.apache.ratis.util.TimeDuration.sleep(TimeDuration.java:310)
        at org.apache.ratis.util.JvmPauseMonitor.detectPause(JvmPauseMonitor.java:117)
        at org.apache.ratis.util.JvmPauseMonitor.run(JvmPauseMonitor.java:106)
        at org.apache.ratis.util.JvmPauseMonitor$$Lambda$718/783493338.run(Unknown Source)
        at java.lang.Thread.run(Thread.java:750)
"grpc-default-worker-ELG-3-2" daemon prio=5 tid=459 runnable
java.lang.Thread.State: RUNNABLE
        at org.apache.ratis.thirdparty.io.netty.channel.epoll.Native.epollWait(Native Method)
        at org.apache.ratis.thirdparty.io.netty.channel.epoll.Native.epollWait(Native.java:193)
        at org.apache.ratis.thirdparty.io.netty.channel.epoll.Native.epollWait(Native.java:186)
        at org.apache.ratis.thirdparty.io.netty.channel.epoll.EpollEventLoop.epollWaitNoTimerChange(EpollEventLoop.java:290)
        at org.apache.ratis.thirdparty.io.netty.channel.epoll.EpollEventLoop.run(EpollEventLoop.java:347)
        at org.apache.ratis.thirdparty.io.netty.util.concurrent.SingleThreadEventExecutor$4.run(SingleThreadEventExecutor.java:986)
        at org.apache.ratis.thirdparty.io.netty.util.internal.ThreadExecutorMap$2.run(ThreadExecutorMap.java:74)
        at org.apache.ratis.thirdparty.io.netty.util.concurrent.FastThreadLocalRunnable.run(FastThreadLocalRunnable.java:30)
        at java.lang.Thread.run(Thread.java:750)
"om1@group-C5BA1605619E-LeaderStateImpl" daemon prio=5 tid=3928 timed_waiting
java.lang.Thread.State: TIMED_WAITING
        at sun.misc.Unsafe.park(Native Method)
        at java.util.concurrent.locks.LockSupport.parkNanos(LockSupport.java:215)
        at java.util.concurrent.locks.AbstractQueuedSynchronizer$ConditionObject.awaitNanos(AbstractQueuedSynchronizer.java:2078)
        at java.util.concurrent.ArrayBlockingQueue.poll(ArrayBlockingQueue.java:418)
        at org.apache.ratis.server.impl.LeaderStateImpl$EventQueue.poll(LeaderStateImpl.java:159)
        at org.apache.ratis.server.impl.LeaderStateImpl$EventProcessor.run(LeaderStateImpl.java:630)
"FixedThreadPoolWithAffinityExecutor-0-0" daemon prio=5 tid=6874 in Object.wait()
java.lang.Thread.State: WAITING (on object monitor)
        at sun.misc.Unsafe.park(Native Method)
        at java.util.concurrent.locks.LockSupport.park(LockSupport.java:175)
        at java.util.concurrent.locks.AbstractQueuedSynchronizer$ConditionObject.await(AbstractQueuedSynchronizer.java:2039)
        at java.util.concurrent.LinkedBlockingDeque.takeFirst(LinkedBlockingDeque.java:492)
        at java.util.concurrent.LinkedBlockingDeque.take(LinkedBlockingDeque.java:680)
        at java.util.concurrent.ThreadPoolExecutor.getTask(ThreadPoolExecutor.java:1074)
        at java.util.concurrent.ThreadPoolExecutor.runWorker(ThreadPoolExecutor.java:1134)
        at java.util.concurrent.ThreadPoolExecutor$Worker.run(ThreadPoolExecutor.java:624)
        at java.lang.Thread.run(Thread.java:750)
"pool-3002-thread-1"  prio=5 tid=5477 in Object.wait()
java.lang.Thread.State: WAITING (on object monitor)
        at sun.misc.Unsafe.park(Native Method)
        at java.util.concurrent.locks.LockSupport.park(LockSupport.java:175)
        at java.util.concurrent.locks.AbstractQueuedSynchronizer$ConditionObject.await(AbstractQueuedSynchronizer.java:2039)
        at java.util.concurrent.LinkedBlockingQueue.take(LinkedBlockingQueue.java:442)
        at java.util.concurrent.ThreadPoolExecutor.getTask(ThreadPoolExecutor.java:1074)
        at java.util.concurrent.ThreadPoolExecutor.runWorker(ThreadPoolExecutor.java:1134)
        at java.util.concurrent.ThreadPoolExecutor$Worker.run(ThreadPoolExecutor.java:624)
        at java.lang.Thread.run(Thread.java:750)
"qtp665541217-4957" daemon prio=5 tid=4957 timed_waiting
java.lang.Thread.State: TIMED_WAITING
        at sun.misc.Unsafe.park(Native Method)
        at java.util.concurrent.locks.LockSupport.parkNanos(LockSupport.java:215)
        at java.util.concurrent.locks.AbstractQueuedSynchronizer$ConditionObject.awaitNanos(AbstractQueuedSynchronizer.java:2078)
        at org.eclipse.jetty.util.BlockingArrayQueue.poll(BlockingArrayQueue.java:382)
        at org.eclipse.jetty.util.thread.QueuedThreadPool$Runner.idleJobPoll(QueuedThreadPool.java:974)
        at org.eclipse.jetty.util.thread.QueuedThreadPool$Runner.run(QueuedThreadPool.java:1018)
        at java.lang.Thread.run(Thread.java:750)
"Datanode ReportManager Thread - 0" daemon prio=5 tid=6327 in Object.wait()
java.lang.Thread.State: WAITING (on object monitor)
        at sun.misc.Unsafe.park(Native Method)
        at java.util.concurrent.locks.LockSupport.park(LockSupport.java:175)
        at java.util.concurrent.locks.AbstractQueuedSynchronizer$ConditionObject.await(AbstractQueuedSynchronizer.java:2039)
        at java.util.concurrent.ScheduledThreadPoolExecutor$DelayedWorkQueue.take(ScheduledThreadPoolExecutor.java:1088)
        at java.util.concurrent.ScheduledThreadPoolExecutor$DelayedWorkQueue.take(ScheduledThreadPoolExecutor.java:809)
        at java.util.concurrent.ThreadPoolExecutor.getTask(ThreadPoolExecutor.java:1074)
        at java.util.concurrent.ThreadPoolExecutor.runWorker(ThreadPoolExecutor.java:1134)
        at java.util.concurrent.ThreadPoolExecutor$Worker.run(ThreadPoolExecutor.java:624)
        at java.lang.Thread.run(Thread.java:750)
"qtp1906917657-4646" daemon prio=5 tid=4646 timed_waiting
java.lang.Thread.State: TIMED_WAITING
        at sun.misc.Unsafe.park(Native Method)
        at java.util.concurrent.locks.LockSupport.parkNanos(LockSupport.java:215)
        at java.util.concurrent.locks.AbstractQueuedSynchronizer$ConditionObject.awaitNanos(AbstractQueuedSynchronizer.java:2078)
        at org.eclipse.jetty.util.BlockingArrayQueue.poll(BlockingArrayQueue.java:382)
        at org.eclipse.jetty.util.thread.QueuedThreadPool$Runner.idleJobPoll(QueuedThreadPool.java:974)
        at org.eclipse.jetty.util.thread.QueuedThreadPool$Runner.run(QueuedThreadPool.java:1018)
        at java.lang.Thread.run(Thread.java:750)
"IPC Server handler 18 on default port 46525" daemon prio=5 tid=3812 timed_waiting
java.lang.Thread.State: TIMED_WAITING
        at sun.misc.Unsafe.park(Native Method)
        at java.util.concurrent.locks.LockSupport.parkNanos(LockSupport.java:215)
        at java.util.concurrent.locks.AbstractQueuedSynchronizer$ConditionObject.awaitNanos(AbstractQueuedSynchronizer.java:2078)
        at java.util.concurrent.LinkedBlockingQueue.poll(LinkedBlockingQueue.java:467)
        at org.apache.hadoop.ipc.CallQueueManager.take(CallQueueManager.java:317)
        at org.apache.hadoop.ipc.Server$Handler.run(Server.java:2942)
"ChunkWriter-3-0" daemon prio=5 tid=5409 in Object.wait()
java.lang.Thread.State: WAITING (on object monitor)
        at sun.misc.Unsafe.park(Native Method)
        at java.util.concurrent.locks.LockSupport.park(LockSupport.java:175)
        at java.util.concurrent.locks.AbstractQueuedSynchronizer$ConditionObject.await(AbstractQueuedSynchronizer.java:2039)
        at java.util.concurrent.LinkedBlockingDeque.takeFirst(LinkedBlockingDeque.java:492)
        at java.util.concurrent.LinkedBlockingDeque.take(LinkedBlockingDeque.java:680)
        at java.util.concurrent.ThreadPoolExecutor.getTask(ThreadPoolExecutor.java:1074)
        at java.util.concurrent.ThreadPoolExecutor.runWorker(ThreadPoolExecutor.java:1134)
        at java.util.concurrent.ThreadPoolExecutor$Worker.run(ThreadPoolExecutor.java:624)
        at java.lang.Thread.run(Thread.java:750)
"IPC Server handler 5 on default port 35863" daemon prio=5 tid=5887 timed_waiting
java.lang.Thread.State: TIMED_WAITING
        at sun.misc.Unsafe.park(Native Method)
        at java.util.concurrent.locks.LockSupport.parkNanos(LockSupport.java:215)
        at java.util.concurrent.locks.AbstractQueuedSynchronizer$ConditionObject.awaitNanos(AbstractQueuedSynchronizer.java:2078)
        at java.util.concurrent.LinkedBlockingQueue.poll(LinkedBlockingQueue.java:467)
        at org.apache.hadoop.ipc.CallQueueManager.take(CallQueueManager.java:317)
        at org.apache.hadoop.ipc.Server$Handler.run(Server.java:2942)
"pool-3037-thread-1" daemon prio=5 tid=5271 timed_waiting
java.lang.Thread.State: TIMED_WAITING
        at sun.misc.Unsafe.park(Native Method)
        at java.util.concurrent.locks.LockSupport.parkNanos(LockSupport.java:215)
        at java.util.concurrent.locks.AbstractQueuedSynchronizer$ConditionObject.awaitNanos(AbstractQueuedSynchronizer.java:2078)
        at java.util.concurrent.ScheduledThreadPoolExecutor$DelayedWorkQueue.take(ScheduledThreadPoolExecutor.java:1093)
        at java.util.concurrent.ScheduledThreadPoolExecutor$DelayedWorkQueue.take(ScheduledThreadPoolExecutor.java:809)
        at java.util.concurrent.ThreadPoolExecutor.getTask(ThreadPoolExecutor.java:1074)
        at java.util.concurrent.ThreadPoolExecutor.runWorker(ThreadPoolExecutor.java:1134)
        at java.util.concurrent.ThreadPoolExecutor$Worker.run(ThreadPoolExecutor.java:624)
        at java.lang.Thread.run(Thread.java:750)
"Periodic HDDS volume checker" daemon prio=5 tid=5138 timed_waiting
java.lang.Thread.State: TIMED_WAITING
        at sun.misc.Unsafe.park(Native Method)
        at java.util.concurrent.locks.LockSupport.parkNanos(LockSupport.java:215)
        at java.util.concurrent.locks.AbstractQueuedSynchronizer$ConditionObject.awaitNanos(AbstractQueuedSynchronizer.java:2078)
        at java.util.concurrent.ScheduledThreadPoolExecutor$DelayedWorkQueue.take(ScheduledThreadPoolExecutor.java:1093)
        at java.util.concurrent.ScheduledThreadPoolExecutor$DelayedWorkQueue.take(ScheduledThreadPoolExecutor.java:809)
        at java.util.concurrent.ThreadPoolExecutor.getTask(ThreadPoolExecutor.java:1074)
        at java.util.concurrent.ThreadPoolExecutor.runWorker(ThreadPoolExecutor.java:1134)
        at java.util.concurrent.ThreadPoolExecutor$Worker.run(ThreadPoolExecutor.java:624)
        at java.lang.Thread.run(Thread.java:750)
"Datanode ReportManager Thread - 4" daemon prio=5 tid=6403 timed_waiting
java.lang.Thread.State: TIMED_WAITING
        at sun.misc.Unsafe.park(Native Method)
        at java.util.concurrent.locks.LockSupport.parkNanos(LockSupport.java:215)
        at java.util.concurrent.locks.AbstractQueuedSynchronizer$ConditionObject.awaitNanos(AbstractQueuedSynchronizer.java:2078)
        at java.util.concurrent.ScheduledThreadPoolExecutor$DelayedWorkQueue.take(ScheduledThreadPoolExecutor.java:1093)
        at java.util.concurrent.ScheduledThreadPoolExecutor$DelayedWorkQueue.take(ScheduledThreadPoolExecutor.java:809)
        at java.util.concurrent.ThreadPoolExecutor.getTask(ThreadPoolExecutor.java:1074)
        at java.util.concurrent.ThreadPoolExecutor.runWorker(ThreadPoolExecutor.java:1134)
        at java.util.concurrent.ThreadPoolExecutor$Worker.run(ThreadPoolExecutor.java:624)
        at java.lang.Thread.run(Thread.java:750)
"Socket Reader #1 for port 0"  prio=5 tid=4827 runnable
java.lang.Thread.State: RUNNABLE
        at sun.nio.ch.EPollArrayWrapper.epollWait(Native Method)
        at sun.nio.ch.EPollArrayWrapper.poll(EPollArrayWrapper.java:269)
        at sun.nio.ch.EPollSelectorImpl.doSelect(EPollSelectorImpl.java:93)
        at sun.nio.ch.SelectorImpl.lockAndDoSelect(SelectorImpl.java:86)
        at sun.nio.ch.SelectorImpl.select(SelectorImpl.java:97)
        at sun.nio.ch.SelectorImpl.select(SelectorImpl.java:101)
        at org.apache.hadoop.ipc.Server$Listener$Reader.doRunLoop(Server.java:1296)
        at org.apache.hadoop.ipc.Server$Listener$Reader.run(Server.java:1275)
"StaleRecoveringContainerScrubbingService#0" daemon prio=5 tid=4119 in Object.wait()
java.lang.Thread.State: WAITING (on object monitor)
        at sun.misc.Unsafe.park(Native Method)
        at java.util.concurrent.locks.LockSupport.park(LockSupport.java:175)
        at java.util.concurrent.locks.AbstractQueuedSynchronizer$ConditionObject.await(AbstractQueuedSynchronizer.java:2039)
        at java.util.concurrent.ScheduledThreadPoolExecutor$DelayedWorkQueue.take(ScheduledThreadPoolExecutor.java:1088)
        at java.util.concurrent.ScheduledThreadPoolExecutor$DelayedWorkQueue.take(ScheduledThreadPoolExecutor.java:809)
        at java.util.concurrent.ThreadPoolExecutor.getTask(ThreadPoolExecutor.java:1074)
        at java.util.concurrent.ThreadPoolExecutor.runWorker(ThreadPoolExecutor.java:1134)
        at java.util.concurrent.ThreadPoolExecutor$Worker.run(ThreadPoolExecutor.java:624)
        at java.lang.Thread.run(Thread.java:750)
"ChunkWriter-2-0" daemon prio=5 tid=6474 in Object.wait()
java.lang.Thread.State: WAITING (on object monitor)
        at sun.misc.Unsafe.park(Native Method)
        at java.util.concurrent.locks.LockSupport.park(LockSupport.java:175)
        at java.util.concurrent.locks.AbstractQueuedSynchronizer$ConditionObject.await(AbstractQueuedSynchronizer.java:2039)
        at java.util.concurrent.LinkedBlockingDeque.takeFirst(LinkedBlockingDeque.java:492)
        at java.util.concurrent.LinkedBlockingDeque.take(LinkedBlockingDeque.java:680)
        at java.util.concurrent.ThreadPoolExecutor.getTask(ThreadPoolExecutor.java:1074)
        at java.util.concurrent.ThreadPoolExecutor.runWorker(ThreadPoolExecutor.java:1134)
        at java.util.concurrent.ThreadPoolExecutor$Worker.run(ThreadPoolExecutor.java:624)
        at java.lang.Thread.run(Thread.java:750)
"IPC Server handler 8 on default port 35679" daemon prio=5 tid=5870 timed_waiting
java.lang.Thread.State: TIMED_WAITING
        at sun.misc.Unsafe.park(Native Method)
        at java.util.concurrent.locks.LockSupport.parkNanos(LockSupport.java:215)
        at java.util.concurrent.locks.AbstractQueuedSynchronizer$ConditionObject.awaitNanos(AbstractQueuedSynchronizer.java:2078)
        at java.util.concurrent.LinkedBlockingQueue.poll(LinkedBlockingQueue.java:467)
        at org.apache.hadoop.ipc.CallQueueManager.take(CallQueueManager.java:317)
        at org.apache.hadoop.ipc.Server$Handler.run(Server.java:2942)
"Datanode ReportManager Thread - 1" daemon prio=5 tid=6328 timed_waiting
java.lang.Thread.State: TIMED_WAITING
        at sun.misc.Unsafe.park(Native Method)
        at java.util.concurrent.locks.LockSupport.parkNanos(LockSupport.java:215)
        at java.util.concurrent.locks.AbstractQueuedSynchronizer$ConditionObject.awaitNanos(AbstractQueuedSynchronizer.java:2078)
        at java.util.concurrent.ScheduledThreadPoolExecutor$DelayedWorkQueue.take(ScheduledThreadPoolExecutor.java:1093)
        at java.util.concurrent.ScheduledThreadPoolExecutor$DelayedWorkQueue.take(ScheduledThreadPoolExecutor.java:809)
        at java.util.concurrent.ThreadPoolExecutor.getTask(ThreadPoolExecutor.java:1074)
        at java.util.concurrent.ThreadPoolExecutor.runWorker(ThreadPoolExecutor.java:1134)
        at java.util.concurrent.ThreadPoolExecutor$Worker.run(ThreadPoolExecutor.java:624)
        at java.lang.Thread.run(Thread.java:750)
"qtp1433462785-4109" daemon prio=5 tid=4109 timed_waiting
java.lang.Thread.State: TIMED_WAITING
        at sun.misc.Unsafe.park(Native Method)
        at java.util.concurrent.locks.LockSupport.parkNanos(LockSupport.java:215)
        at java.util.concurrent.locks.AbstractQueuedSynchronizer$ConditionObject.awaitNanos(AbstractQueuedSynchronizer.java:2078)
        at org.eclipse.jetty.util.BlockingArrayQueue.poll(BlockingArrayQueue.java:382)
        at org.eclipse.jetty.util.thread.QueuedThreadPool$Runner.idleJobPoll(QueuedThreadPool.java:974)
        at org.eclipse.jetty.util.thread.QueuedThreadPool$Runner.run(QueuedThreadPool.java:1018)
        at java.lang.Thread.run(Thread.java:750)
"FixedThreadPoolWithAffinityExecutor-1-0" daemon prio=5 tid=6866 in Object.wait()
java.lang.Thread.State: WAITING (on object monitor)
        at sun.misc.Unsafe.park(Native Method)
        at java.util.concurrent.locks.LockSupport.park(LockSupport.java:175)
        at java.util.concurrent.locks.AbstractQueuedSynchronizer$ConditionObject.await(AbstractQueuedSynchronizer.java:2039)
        at java.util.concurrent.LinkedBlockingDeque.takeFirst(LinkedBlockingDeque.java:492)
        at java.util.concurrent.LinkedBlockingDeque.take(LinkedBlockingDeque.java:680)
        at java.util.concurrent.ThreadPoolExecutor.getTask(ThreadPoolExecutor.java:1074)
        at java.util.concurrent.ThreadPoolExecutor.runWorker(ThreadPoolExecutor.java:1134)
        at java.util.concurrent.ThreadPoolExecutor$Worker.run(ThreadPoolExecutor.java:624)
        at java.lang.Thread.run(Thread.java:750)
"IPC Server handler 14 on default port 42971" daemon prio=5 tid=6845 timed_waiting
java.lang.Thread.State: TIMED_WAITING
        at sun.misc.Unsafe.park(Native Method)
        at java.util.concurrent.locks.LockSupport.parkNanos(LockSupport.java:215)
        at java.util.concurrent.locks.AbstractQueuedSynchronizer$ConditionObject.awaitNanos(AbstractQueuedSynchronizer.java:2078)
        at java.util.concurrent.LinkedBlockingQueue.poll(LinkedBlockingQueue.java:467)
        at org.apache.hadoop.ipc.CallQueueManager.take(CallQueueManager.java:317)
        at org.apache.hadoop.ipc.Server$Handler.run(Server.java:2942)
"qtp648959186-3974" daemon prio=5 tid=3974 timed_waiting
java.lang.Thread.State: TIMED_WAITING
        at sun.misc.Unsafe.park(Native Method)
        at java.util.concurrent.locks.LockSupport.parkNanos(LockSupport.java:215)
        at java.util.concurrent.locks.AbstractQueuedSynchronizer$ConditionObject.awaitNanos(AbstractQueuedSynchronizer.java:2078)
        at org.eclipse.jetty.util.BlockingArrayQueue.poll(BlockingArrayQueue.java:382)
        at org.eclipse.jetty.util.thread.QueuedThreadPool$Runner.idleJobPoll(QueuedThreadPool.java:974)
        at org.eclipse.jetty.util.thread.QueuedThreadPool$Runner.run(QueuedThreadPool.java:1018)
        at java.lang.Thread.run(Thread.java:750)
"a759a49b-3cd3-49e9-826c-16e7b00ba8b7@group-8C1DE3C4B685-SegmentedRaftLogWorker"  prio=5 tid=6383 timed_waiting
java.lang.Thread.State: TIMED_WAITING
        at sun.misc.Unsafe.park(Native Method)
        at java.util.concurrent.locks.LockSupport.parkNanos(LockSupport.java:215)
        at java.util.concurrent.locks.AbstractQueuedSynchronizer$ConditionObject.awaitNanos(AbstractQueuedSynchronizer.java:2078)
        at org.apache.ratis.util.DataBlockingQueue.poll(DataBlockingQueue.java:148)
        at org.apache.ratis.server.raftlog.segmented.SegmentedRaftLogWorker.run(SegmentedRaftLogWorker.java:301)
        at org.apache.ratis.server.raftlog.segmented.SegmentedRaftLogWorker$$Lambda$646/1639153477.run(Unknown Source)
        at java.lang.Thread.run(Thread.java:750)
"IPC Server listener on 42971" daemon prio=5 tid=6774 runnable
java.lang.Thread.State: RUNNABLE
        at sun.nio.ch.EPollArrayWrapper.epollWait(Native Method)
        at sun.nio.ch.EPollArrayWrapper.poll(EPollArrayWrapper.java:269)
        at sun.nio.ch.EPollSelectorImpl.doSelect(EPollSelectorImpl.java:93)
        at sun.nio.ch.SelectorImpl.lockAndDoSelect(SelectorImpl.java:86)
        at sun.nio.ch.SelectorImpl.select(SelectorImpl.java:97)
        at sun.nio.ch.SelectorImpl.select(SelectorImpl.java:101)
        at org.apache.hadoop.ipc.Server$Listener.run(Server.java:1358)
"StaleRecoveringContainerScrubbingService#1" daemon prio=5 tid=4146 timed_waiting
java.lang.Thread.State: TIMED_WAITING
        at sun.misc.Unsafe.park(Native Method)
        at java.util.concurrent.locks.LockSupport.parkNanos(LockSupport.java:215)
        at java.util.concurrent.locks.AbstractQueuedSynchronizer$ConditionObject.awaitNanos(AbstractQueuedSynchronizer.java:2078)
        at java.util.concurrent.ScheduledThreadPoolExecutor$DelayedWorkQueue.take(ScheduledThreadPoolExecutor.java:1093)
        at java.util.concurrent.ScheduledThreadPoolExecutor$DelayedWorkQueue.take(ScheduledThreadPoolExecutor.java:809)
        at java.util.concurrent.ThreadPoolExecutor.getTask(ThreadPoolExecutor.java:1074)
        at java.util.concurrent.ThreadPoolExecutor.runWorker(ThreadPoolExecutor.java:1134)
        at java.util.concurrent.ThreadPoolExecutor$Worker.run(ThreadPoolExecutor.java:624)
        at java.lang.Thread.run(Thread.java:750)
"IPC Server handler 17 on default port 35863" daemon prio=5 tid=5899 timed_waiting
java.lang.Thread.State: TIMED_WAITING
        at sun.misc.Unsafe.park(Native Method)
        at java.util.concurrent.locks.LockSupport.parkNanos(LockSupport.java:215)
        at java.util.concurrent.locks.AbstractQueuedSynchronizer$ConditionObject.awaitNanos(AbstractQueuedSynchronizer.java:2078)
        at java.util.concurrent.LinkedBlockingQueue.poll(LinkedBlockingQueue.java:467)
        at org.apache.hadoop.ipc.CallQueueManager.take(CallQueueManager.java:317)
        at org.apache.hadoop.ipc.Server$Handler.run(Server.java:2942)
"Datanode ReportManager Thread - 4" daemon prio=5 tid=4012 in Object.wait()
java.lang.Thread.State: WAITING (on object monitor)
        at sun.misc.Unsafe.park(Native Method)
        at java.util.concurrent.locks.LockSupport.park(LockSupport.java:175)
        at java.util.concurrent.locks.AbstractQueuedSynchronizer$ConditionObject.await(AbstractQueuedSynchronizer.java:2039)
        at java.util.concurrent.ScheduledThreadPoolExecutor$DelayedWorkQueue.take(ScheduledThreadPoolExecutor.java:1088)
        at java.util.concurrent.ScheduledThreadPoolExecutor$DelayedWorkQueue.take(ScheduledThreadPoolExecutor.java:809)
        at java.util.concurrent.ThreadPoolExecutor.getTask(ThreadPoolExecutor.java:1074)
        at java.util.concurrent.ThreadPoolExecutor.runWorker(ThreadPoolExecutor.java:1134)
        at java.util.concurrent.ThreadPoolExecutor$Worker.run(ThreadPoolExecutor.java:624)
        at java.lang.Thread.run(Thread.java:750)
"BlockDeletingService#1" daemon prio=5 tid=4120 timed_waiting
java.lang.Thread.State: TIMED_WAITING
        at sun.misc.Unsafe.park(Native Method)
        at java.util.concurrent.locks.LockSupport.parkNanos(LockSupport.java:215)
        at java.util.concurrent.locks.AbstractQueuedSynchronizer$ConditionObject.awaitNanos(AbstractQueuedSynchronizer.java:2078)
        at java.util.concurrent.ScheduledThreadPoolExecutor$DelayedWorkQueue.take(ScheduledThreadPoolExecutor.java:1093)
        at java.util.concurrent.ScheduledThreadPoolExecutor$DelayedWorkQueue.take(ScheduledThreadPoolExecutor.java:809)
        at java.util.concurrent.ThreadPoolExecutor.getTask(ThreadPoolExecutor.java:1074)
        at java.util.concurrent.ThreadPoolExecutor.runWorker(ThreadPoolExecutor.java:1134)
        at java.util.concurrent.ThreadPoolExecutor$Worker.run(ThreadPoolExecutor.java:624)
        at java.lang.Thread.run(Thread.java:750)
"ChunkWriter-2-0" daemon prio=5 tid=4174 in Object.wait()
java.lang.Thread.State: WAITING (on object monitor)
        at sun.misc.Unsafe.park(Native Method)
        at java.util.concurrent.locks.LockSupport.park(LockSupport.java:175)
        at java.util.concurrent.locks.AbstractQueuedSynchronizer$ConditionObject.await(AbstractQueuedSynchronizer.java:2039)
        at java.util.concurrent.LinkedBlockingDeque.takeFirst(LinkedBlockingDeque.java:492)
        at java.util.concurrent.LinkedBlockingDeque.take(LinkedBlockingDeque.java:680)
        at java.util.concurrent.ThreadPoolExecutor.getTask(ThreadPoolExecutor.java:1074)
        at java.util.concurrent.ThreadPoolExecutor.runWorker(ThreadPoolExecutor.java:1134)
        at java.util.concurrent.ThreadPoolExecutor$Worker.run(ThreadPoolExecutor.java:624)
        at java.lang.Thread.run(Thread.java:750)
"pool-3663-thread-1"  prio=5 tid=6171 timed_waiting
java.lang.Thread.State: TIMED_WAITING
        at sun.misc.Unsafe.park(Native Method)
        at java.util.concurrent.locks.LockSupport.parkNanos(LockSupport.java:215)
        at java.util.concurrent.locks.AbstractQueuedSynchronizer$ConditionObject.awaitNanos(AbstractQueuedSynchronizer.java:2078)
        at java.util.concurrent.ScheduledThreadPoolExecutor$DelayedWorkQueue.take(ScheduledThreadPoolExecutor.java:1093)
        at java.util.concurrent.ScheduledThreadPoolExecutor$DelayedWorkQueue.take(ScheduledThreadPoolExecutor.java:809)
        at java.util.concurrent.ThreadPoolExecutor.getTask(ThreadPoolExecutor.java:1074)
        at java.util.concurrent.ThreadPoolExecutor.runWorker(ThreadPoolExecutor.java:1134)
        at java.util.concurrent.ThreadPoolExecutor$Worker.run(ThreadPoolExecutor.java:624)
        at java.lang.Thread.run(Thread.java:750)
"org.apache.hadoop.util.JvmPauseMonitor$Monitor@38ecb5bb" daemon prio=5 tid=4014 timed_waiting
java.lang.Thread.State: TIMED_WAITING
        at java.lang.Thread.sleep(Native Method)
        at org.apache.hadoop.util.JvmPauseMonitor$Monitor.run(JvmPauseMonitor.java:192)
        at java.lang.Thread.run(Thread.java:750)
"abd8e8e1-9e09-4ec0-a897-8fd48f6e99a3@group-B8AD8183D604-LeaderStateImpl" daemon prio=5 tid=6726 timed_waiting
java.lang.Thread.State: TIMED_WAITING
        at sun.misc.Unsafe.park(Native Method)
        at java.util.concurrent.locks.LockSupport.parkNanos(LockSupport.java:215)
        at java.util.concurrent.locks.AbstractQueuedSynchronizer$ConditionObject.awaitNanos(AbstractQueuedSynchronizer.java:2078)
        at java.util.concurrent.ArrayBlockingQueue.poll(ArrayBlockingQueue.java:418)
        at org.apache.ratis.server.impl.LeaderStateImpl$EventQueue.poll(LeaderStateImpl.java:159)
        at org.apache.ratis.server.impl.LeaderStateImpl$EventProcessor.run(LeaderStateImpl.java:630)
"pool-2220-thread-1"  prio=5 tid=4245 in Object.wait()
java.lang.Thread.State: WAITING (on object monitor)
        at sun.misc.Unsafe.park(Native Method)
        at java.util.concurrent.locks.LockSupport.park(LockSupport.java:175)
        at java.util.concurrent.locks.AbstractQueuedSynchronizer$ConditionObject.await(AbstractQueuedSynchronizer.java:2039)
        at java.util.concurrent.LinkedBlockingQueue.take(LinkedBlockingQueue.java:442)
        at java.util.concurrent.ThreadPoolExecutor.getTask(ThreadPoolExecutor.java:1074)
        at java.util.concurrent.ThreadPoolExecutor.runWorker(ThreadPoolExecutor.java:1134)
        at java.util.concurrent.ThreadPoolExecutor$Worker.run(ThreadPoolExecutor.java:624)
        at java.lang.Thread.run(Thread.java:750)
"FixedThreadPoolWithAffinityExecutor-1-0" daemon prio=5 tid=5368 in Object.wait()
java.lang.Thread.State: WAITING (on object monitor)
        at sun.misc.Unsafe.park(Native Method)
        at java.util.concurrent.locks.LockSupport.park(LockSupport.java:175)
        at java.util.concurrent.locks.AbstractQueuedSynchronizer$ConditionObject.await(AbstractQueuedSynchronizer.java:2039)
        at java.util.concurrent.LinkedBlockingDeque.takeFirst(LinkedBlockingDeque.java:492)
        at java.util.concurrent.LinkedBlockingDeque.take(LinkedBlockingDeque.java:680)
        at java.util.concurrent.ThreadPoolExecutor.getTask(ThreadPoolExecutor.java:1074)
        at java.util.concurrent.ThreadPoolExecutor.runWorker(ThreadPoolExecutor.java:1134)
        at java.util.concurrent.ThreadPoolExecutor$Worker.run(ThreadPoolExecutor.java:624)
        at java.lang.Thread.run(Thread.java:750)
"EndpointStateMachine task thread for /0.0.0.0:36781 - 0 "  prio=5 tid=5254 in Object.wait()
java.lang.Thread.State: WAITING (on object monitor)
        at sun.misc.Unsafe.park(Native Method)
        at java.util.concurrent.locks.LockSupport.park(LockSupport.java:175)
        at java.util.concurrent.locks.AbstractQueuedSynchronizer$ConditionObject.await(AbstractQueuedSynchronizer.java:2039)
        at java.util.concurrent.LinkedBlockingQueue.take(LinkedBlockingQueue.java:442)
        at java.util.concurrent.ThreadPoolExecutor.getTask(ThreadPoolExecutor.java:1074)
        at java.util.concurrent.ThreadPoolExecutor.runWorker(ThreadPoolExecutor.java:1134)
        at java.util.concurrent.ThreadPoolExecutor$Worker.run(ThreadPoolExecutor.java:624)
        at java.lang.Thread.run(Thread.java:750)
"c977c8ce-8538-40eb-94c6-762b85246bac@group-608B4AACAD0F-LeaderStateImpl" daemon prio=5 tid=5540 timed_waiting
java.lang.Thread.State: TIMED_WAITING
        at sun.misc.Unsafe.park(Native Method)
        at java.util.concurrent.locks.LockSupport.parkNanos(LockSupport.java:215)
        at java.util.concurrent.locks.AbstractQueuedSynchronizer$ConditionObject.awaitNanos(AbstractQueuedSynchronizer.java:2078)
        at java.util.concurrent.ArrayBlockingQueue.poll(ArrayBlockingQueue.java:418)
        at org.apache.ratis.server.impl.LeaderStateImpl$EventQueue.poll(LeaderStateImpl.java:159)
        at org.apache.ratis.server.impl.LeaderStateImpl$EventProcessor.run(LeaderStateImpl.java:630)
"c53e9dec-04d8-4017-ae1e-e704ed095001-impl-thread1"  prio=5 tid=6418 timed_waiting
java.lang.Thread.State: TIMED_WAITING
        at sun.misc.Unsafe.park(Native Method)
        at java.util.concurrent.locks.LockSupport.parkNanos(LockSupport.java:215)
        at java.util.concurrent.SynchronousQueue$TransferStack.awaitFulfill(SynchronousQueue.java:460)
        at java.util.concurrent.SynchronousQueue$TransferStack.transfer(SynchronousQueue.java:362)
        at java.util.concurrent.SynchronousQueue.poll(SynchronousQueue.java:941)
        at java.util.concurrent.ThreadPoolExecutor.getTask(ThreadPoolExecutor.java:1073)
        at java.util.concurrent.ThreadPoolExecutor.runWorker(ThreadPoolExecutor.java:1134)
        at java.util.concurrent.ThreadPoolExecutor$Worker.run(ThreadPoolExecutor.java:624)
        at java.lang.Thread.run(Thread.java:750)
"IPC Server handler 13 on default port 46525" daemon prio=5 tid=3807 timed_waiting
java.lang.Thread.State: TIMED_WAITING
        at sun.misc.Unsafe.park(Native Method)
        at java.util.concurrent.locks.LockSupport.parkNanos(LockSupport.java:215)
        at java.util.concurrent.locks.AbstractQueuedSynchronizer$ConditionObject.awaitNanos(AbstractQueuedSynchronizer.java:2078)
        at java.util.concurrent.LinkedBlockingQueue.poll(LinkedBlockingQueue.java:467)
        at org.apache.hadoop.ipc.CallQueueManager.take(CallQueueManager.java:317)
        at org.apache.hadoop.ipc.Server$Handler.run(Server.java:2942)
"ContainerReplicationThread-0" daemon prio=5 tid=6930 in Object.wait()
java.lang.Thread.State: WAITING (on object monitor)
        at sun.misc.Unsafe.park(Native Method)
        at java.util.concurrent.locks.LockSupport.park(LockSupport.java:175)
        at java.util.concurrent.locks.AbstractQueuedSynchronizer$ConditionObject.await(AbstractQueuedSynchronizer.java:2039)
        at java.util.concurrent.LinkedBlockingQueue.take(LinkedBlockingQueue.java:442)
        at java.util.concurrent.ThreadPoolExecutor.getTask(ThreadPoolExecutor.java:1074)
        at java.util.concurrent.ThreadPoolExecutor.runWorker(ThreadPoolExecutor.java:1134)
        at java.util.concurrent.ThreadPoolExecutor$Worker.run(ThreadPoolExecutor.java:624)
        at java.lang.Thread.run(Thread.java:750)
"qtp737161386-6296" daemon prio=5 tid=6296 timed_waiting
java.lang.Thread.State: TIMED_WAITING
        at sun.misc.Unsafe.park(Native Method)
        at java.util.concurrent.locks.LockSupport.parkNanos(LockSupport.java:215)
        at java.util.concurrent.locks.AbstractQueuedSynchronizer$ConditionObject.awaitNanos(AbstractQueuedSynchronizer.java:2078)
        at org.eclipse.jetty.util.BlockingArrayQueue.poll(BlockingArrayQueue.java:382)
        at org.eclipse.jetty.util.thread.QueuedThreadPool$Runner.idleJobPoll(QueuedThreadPool.java:974)
        at org.eclipse.jetty.util.thread.QueuedThreadPool$Runner.run(QueuedThreadPool.java:1018)
        at java.lang.Thread.run(Thread.java:750)
"qtp114670926-4071" daemon prio=5 tid=4071 runnable
java.lang.Thread.State: RUNNABLE
        at sun.nio.ch.EPollArrayWrapper.epollWait(Native Method)
        at sun.nio.ch.EPollArrayWrapper.poll(EPollArrayWrapper.java:269)
        at sun.nio.ch.EPollSelectorImpl.doSelect(EPollSelectorImpl.java:93)
        at sun.nio.ch.SelectorImpl.lockAndDoSelect(SelectorImpl.java:86)
        at sun.nio.ch.SelectorImpl.select(SelectorImpl.java:97)
        at sun.nio.ch.SelectorImpl.select(SelectorImpl.java:101)
        at org.eclipse.jetty.io.ManagedSelector.nioSelect(ManagedSelector.java:183)
        at org.eclipse.jetty.io.ManagedSelector.select(ManagedSelector.java:190)
        at org.eclipse.jetty.io.ManagedSelector$SelectorProducer.select(ManagedSelector.java:606)
        at org.eclipse.jetty.io.ManagedSelector$SelectorProducer.produce(ManagedSelector.java:543)
        at org.eclipse.jetty.util.thread.strategy.EatWhatYouKill.produceTask(EatWhatYouKill.java:362)
        at org.eclipse.jetty.util.thread.strategy.EatWhatYouKill.doProduce(EatWhatYouKill.java:186)
        at org.eclipse.jetty.util.thread.strategy.EatWhatYouKill.tryProduce(EatWhatYouKill.java:173)
        at org.eclipse.jetty.util.thread.strategy.EatWhatYouKill.produce(EatWhatYouKill.java:137)
        at org.eclipse.jetty.io.ManagedSelector$$Lambda$478/1665851504.run(Unknown Source)
        at org.eclipse.jetty.util.thread.QueuedThreadPool.runJob(QueuedThreadPool.java:883)
        at org.eclipse.jetty.util.thread.QueuedThreadPool$Runner.run(QueuedThreadPool.java:1034)
        at java.lang.Thread.run(Thread.java:750)
"IPC Server handler 12 on default port 42971" daemon prio=5 tid=6843 timed_waiting
java.lang.Thread.State: TIMED_WAITING
        at sun.misc.Unsafe.park(Native Method)
        at java.util.concurrent.locks.LockSupport.parkNanos(LockSupport.java:215)
        at java.util.concurrent.locks.AbstractQueuedSynchronizer$ConditionObject.awaitNanos(AbstractQueuedSynchronizer.java:2078)
        at java.util.concurrent.LinkedBlockingQueue.poll(LinkedBlockingQueue.java:467)
        at org.apache.hadoop.ipc.CallQueueManager.take(CallQueueManager.java:317)
        at org.apache.hadoop.ipc.Server$Handler.run(Server.java:2942)
"ContainerOp-1a3410dc-4fd6-4954-94c6-9015fb128463-6"  prio=5 tid=6140 in Object.wait()
java.lang.Thread.State: WAITING (on object monitor)
        at sun.misc.Unsafe.park(Native Method)
        at java.util.concurrent.locks.LockSupport.park(LockSupport.java:175)
        at java.util.concurrent.locks.AbstractQueuedSynchronizer$ConditionObject.await(AbstractQueuedSynchronizer.java:2039)
        at java.util.concurrent.LinkedBlockingQueue.take(LinkedBlockingQueue.java:442)
        at java.util.concurrent.ThreadPoolExecutor.getTask(ThreadPoolExecutor.java:1074)
        at java.util.concurrent.ThreadPoolExecutor.runWorker(ThreadPoolExecutor.java:1134)
        at java.util.concurrent.ThreadPoolExecutor$Worker.run(ThreadPoolExecutor.java:624)
        at java.lang.Thread.run(Thread.java:750)
"qtp1706216417-4867" daemon prio=5 tid=4867 timed_waiting
java.lang.Thread.State: TIMED_WAITING
        at sun.misc.Unsafe.park(Native Method)
        at java.util.concurrent.locks.LockSupport.parkNanos(LockSupport.java:215)
        at java.util.concurrent.locks.AbstractQueuedSynchronizer$ConditionObject.awaitNanos(AbstractQueuedSynchronizer.java:2078)
        at org.eclipse.jetty.util.BlockingArrayQueue.poll(BlockingArrayQueue.java:382)
        at org.eclipse.jetty.util.thread.QueuedThreadPool$Runner.idleJobPoll(QueuedThreadPool.java:974)
        at org.eclipse.jetty.util.thread.QueuedThreadPool$Runner.run(QueuedThreadPool.java:1018)
        at java.lang.Thread.run(Thread.java:750)
"qtp204487169-6319-acceptor-0@4a0f1447-ServerConnector@7e58eb55{HTTP/1.1, (http/1.1)}{0.0.0.0:36255}" daemon prio=3 tid=6319 runnable
java.lang.Thread.State: RUNNABLE
        at sun.nio.ch.ServerSocketChannelImpl.accept0(Native Method)
        at sun.nio.ch.ServerSocketChannelImpl.accept(ServerSocketChannelImpl.java:421)
        at sun.nio.ch.ServerSocketChannelImpl.accept(ServerSocketChannelImpl.java:249)
        at org.eclipse.jetty.server.ServerConnector.accept(ServerConnector.java:388)
        at org.eclipse.jetty.server.AbstractConnector$Acceptor.run(AbstractConnector.java:702)
        at org.eclipse.jetty.util.thread.QueuedThreadPool.runJob(QueuedThreadPool.java:883)
        at org.eclipse.jetty.util.thread.QueuedThreadPool$Runner.run(QueuedThreadPool.java:1034)
        at java.lang.Thread.run(Thread.java:750)
"org.apache.ratis.util.JvmPauseMonitor$$Lambda$718/783493338@5d8989b9" daemon prio=5 tid=5397 timed_waiting
java.lang.Thread.State: TIMED_WAITING
        at java.lang.Thread.sleep(Native Method)
        at java.lang.Thread.sleep(Thread.java:342)
        at java.util.concurrent.TimeUnit.sleep(TimeUnit.java:386)
        at org.apache.ratis.util.TimeDuration.sleep(TimeDuration.java:325)
        at org.apache.ratis.util.TimeDuration.sleep(TimeDuration.java:310)
        at org.apache.ratis.util.JvmPauseMonitor.detectPause(JvmPauseMonitor.java:117)
        at org.apache.ratis.util.JvmPauseMonitor.run(JvmPauseMonitor.java:106)
        at org.apache.ratis.util.JvmPauseMonitor$$Lambda$718/783493338.run(Unknown Source)
        at java.lang.Thread.run(Thread.java:750)
"qtp926651341-5287" daemon prio=5 tid=5287 timed_waiting
java.lang.Thread.State: TIMED_WAITING
        at sun.misc.Unsafe.park(Native Method)
        at java.util.concurrent.locks.LockSupport.parkNanos(LockSupport.java:215)
        at java.util.concurrent.locks.AbstractQueuedSynchronizer$ConditionObject.awaitNanos(AbstractQueuedSynchronizer.java:2078)
        at org.eclipse.jetty.util.BlockingArrayQueue.poll(BlockingArrayQueue.java:382)
        at org.eclipse.jetty.util.thread.QueuedThreadPool$Runner.idleJobPoll(QueuedThreadPool.java:974)
        at org.eclipse.jetty.util.thread.QueuedThreadPool$Runner.run(QueuedThreadPool.java:1018)
        at java.lang.Thread.run(Thread.java:750)
"Command processor thread" daemon prio=5 tid=6404 timed_waiting
java.lang.Thread.State: TIMED_WAITING
        at java.lang.Thread.sleep(Native Method)
        at org.apache.hadoop.ozone.container.common.statemachine.DatanodeStateMachine.lambda$initCommandHandlerThread$3(DatanodeStateMachine.java:628)
        at org.apache.hadoop.ozone.container.common.statemachine.DatanodeStateMachine$$Lambda$763/1762238644.run(Unknown Source)
        at java.lang.Thread.run(Thread.java:750)
"qtp1826924318-6096-acceptor-0@7bd9183c-ServerConnector@34aafd09{HTTP/1.1, (http/1.1)}{0.0.0.0:36183}" daemon prio=3 tid=6096 runnable
java.lang.Thread.State: RUNNABLE
        at sun.nio.ch.ServerSocketChannelImpl.accept0(Native Method)
        at sun.nio.ch.ServerSocketChannelImpl.accept(ServerSocketChannelImpl.java:421)
        at sun.nio.ch.ServerSocketChannelImpl.accept(ServerSocketChannelImpl.java:249)
        at org.eclipse.jetty.server.ServerConnector.accept(ServerConnector.java:388)
        at org.eclipse.jetty.server.AbstractConnector$Acceptor.run(AbstractConnector.java:702)
        at org.eclipse.jetty.util.thread.QueuedThreadPool.runJob(QueuedThreadPool.java:883)
        at org.eclipse.jetty.util.thread.QueuedThreadPool$Runner.run(QueuedThreadPool.java:1034)
        at java.lang.Thread.run(Thread.java:750)
"qtp2096450185-5320" daemon prio=5 tid=5320 timed_waiting
java.lang.Thread.State: TIMED_WAITING
        at sun.misc.Unsafe.park(Native Method)
        at java.util.concurrent.locks.LockSupport.parkNanos(LockSupport.java:215)
        at java.util.concurrent.locks.AbstractQueuedSynchronizer$ConditionObject.awaitNanos(AbstractQueuedSynchronizer.java:2078)
        at org.eclipse.jetty.util.BlockingArrayQueue.poll(BlockingArrayQueue.java:382)
        at org.eclipse.jetty.util.thread.QueuedThreadPool$Runner.idleJobPoll(QueuedThreadPool.java:974)
        at org.eclipse.jetty.util.thread.QueuedThreadPool$Runner.run(QueuedThreadPool.java:1018)
        at java.lang.Thread.run(Thread.java:750)
"ChunkWriter-2-0" daemon prio=5 tid=6458 in Object.wait()
java.lang.Thread.State: WAITING (on object monitor)
        at sun.misc.Unsafe.park(Native Method)
        at java.util.concurrent.locks.LockSupport.park(LockSupport.java:175)
        at java.util.concurrent.locks.AbstractQueuedSynchronizer$ConditionObject.await(AbstractQueuedSynchronizer.java:2039)
        at java.util.concurrent.LinkedBlockingDeque.takeFirst(LinkedBlockingDeque.java:492)
        at java.util.concurrent.LinkedBlockingDeque.take(LinkedBlockingDeque.java:680)
        at java.util.concurrent.ThreadPoolExecutor.getTask(ThreadPoolExecutor.java:1074)
        at java.util.concurrent.ThreadPoolExecutor.runWorker(ThreadPoolExecutor.java:1134)
        at java.util.concurrent.ThreadPoolExecutor$Worker.run(ThreadPoolExecutor.java:624)
        at java.lang.Thread.run(Thread.java:750)
"ec-reconstruct-reader-TID-0"  prio=5 tid=5743 in Object.wait()
java.lang.Thread.State: WAITING (on object monitor)
        at sun.misc.Unsafe.park(Native Method)
        at java.util.concurrent.locks.LockSupport.park(LockSupport.java:175)
        at java.util.concurrent.SynchronousQueue$TransferStack.awaitFulfill(SynchronousQueue.java:458)
        at java.util.concurrent.SynchronousQueue$TransferStack.transfer(SynchronousQueue.java:362)
        at java.util.concurrent.SynchronousQueue.take(SynchronousQueue.java:924)
        at java.util.concurrent.ThreadPoolExecutor.getTask(ThreadPoolExecutor.java:1074)
        at java.util.concurrent.ThreadPoolExecutor.runWorker(ThreadPoolExecutor.java:1134)
        at java.util.concurrent.ThreadPoolExecutor$Worker.run(ThreadPoolExecutor.java:624)
        at java.lang.Thread.run(Thread.java:750)
"qtp625773794-6374" daemon prio=5 tid=6374 timed_waiting
java.lang.Thread.State: TIMED_WAITING
        at sun.misc.Unsafe.park(Native Method)
        at java.util.concurrent.locks.LockSupport.parkNanos(LockSupport.java:215)
        at java.util.concurrent.locks.AbstractQueuedSynchronizer$ConditionObject.awaitNanos(AbstractQueuedSynchronizer.java:2078)
        at org.eclipse.jetty.util.BlockingArrayQueue.poll(BlockingArrayQueue.java:382)
        at org.eclipse.jetty.util.thread.QueuedThreadPool$Runner.idleJobPoll(QueuedThreadPool.java:974)
        at org.eclipse.jetty.util.thread.QueuedThreadPool$Runner.run(QueuedThreadPool.java:1018)
        at java.lang.Thread.run(Thread.java:750)
"ContainerOp-1a3410dc-4fd6-4954-94c6-9015fb128463-4"  prio=5 tid=6049 in Object.wait()
java.lang.Thread.State: WAITING (on object monitor)
        at sun.misc.Unsafe.park(Native Method)
        at java.util.concurrent.locks.LockSupport.park(LockSupport.java:175)
        at java.util.concurrent.locks.AbstractQueuedSynchronizer$ConditionObject.await(AbstractQueuedSynchronizer.java:2039)
        at java.util.concurrent.LinkedBlockingQueue.take(LinkedBlockingQueue.java:442)
        at java.util.concurrent.ThreadPoolExecutor.getTask(ThreadPoolExecutor.java:1074)
        at java.util.concurrent.ThreadPoolExecutor.runWorker(ThreadPoolExecutor.java:1134)
        at java.util.concurrent.ThreadPoolExecutor$Worker.run(ThreadPoolExecutor.java:624)
        at java.lang.Thread.run(Thread.java:750)
"ChunkWriter-0-0" daemon prio=5 tid=4151 in Object.wait()
java.lang.Thread.State: WAITING (on object monitor)
        at sun.misc.Unsafe.park(Native Method)
        at java.util.concurrent.locks.LockSupport.park(LockSupport.java:175)
        at java.util.concurrent.locks.AbstractQueuedSynchronizer$ConditionObject.await(AbstractQueuedSynchronizer.java:2039)
        at java.util.concurrent.LinkedBlockingDeque.takeFirst(LinkedBlockingDeque.java:492)
        at java.util.concurrent.LinkedBlockingDeque.take(LinkedBlockingDeque.java:680)
        at java.util.concurrent.ThreadPoolExecutor.getTask(ThreadPoolExecutor.java:1074)
        at java.util.concurrent.ThreadPoolExecutor.runWorker(ThreadPoolExecutor.java:1134)
        at java.util.concurrent.ThreadPoolExecutor$Worker.run(ThreadPoolExecutor.java:624)
        at java.lang.Thread.run(Thread.java:750)
"IPC Server handler 11 on default port 35375" daemon prio=5 tid=4887 timed_waiting
java.lang.Thread.State: TIMED_WAITING
        at sun.misc.Unsafe.park(Native Method)
        at java.util.concurrent.locks.LockSupport.parkNanos(LockSupport.java:215)
        at java.util.concurrent.locks.AbstractQueuedSynchronizer$ConditionObject.awaitNanos(AbstractQueuedSynchronizer.java:2078)
        at java.util.concurrent.LinkedBlockingQueue.poll(LinkedBlockingQueue.java:467)
        at org.apache.hadoop.ipc.CallQueueManager.take(CallQueueManager.java:317)
        at org.apache.hadoop.ipc.Server$Handler.run(Server.java:2942)
"ec-reconstruct-reader-TID-1"  prio=5 tid=5745 in Object.wait()
java.lang.Thread.State: WAITING (on object monitor)
        at sun.misc.Unsafe.park(Native Method)
        at java.util.concurrent.locks.LockSupport.park(LockSupport.java:175)
        at java.util.concurrent.SynchronousQueue$TransferStack.awaitFulfill(SynchronousQueue.java:458)
        at java.util.concurrent.SynchronousQueue$TransferStack.transfer(SynchronousQueue.java:362)
        at java.util.concurrent.SynchronousQueue.take(SynchronousQueue.java:924)
        at java.util.concurrent.ThreadPoolExecutor.getTask(ThreadPoolExecutor.java:1074)
        at java.util.concurrent.ThreadPoolExecutor.runWorker(ThreadPoolExecutor.java:1134)
        at java.util.concurrent.ThreadPoolExecutor$Worker.run(ThreadPoolExecutor.java:624)
        at java.lang.Thread.run(Thread.java:750)
"7fbbdba2-60d2-4bcb-9af9-465dc1fc8d8a@group-7AA464F9E5E4-StateMachineUpdater" daemon prio=5 tid=6670 timed_waiting
java.lang.Thread.State: TIMED_WAITING
        at sun.misc.Unsafe.park(Native Method)
        at java.util.concurrent.locks.LockSupport.parkNanos(LockSupport.java:215)
        at java.util.concurrent.CompletableFuture$Signaller.block(CompletableFuture.java:1709)
        at java.util.concurrent.ForkJoinPool.managedBlock(ForkJoinPool.java:3323)
        at java.util.concurrent.CompletableFuture.timedGet(CompletableFuture.java:1788)
        at java.util.concurrent.CompletableFuture.get(CompletableFuture.java:1928)
        at org.apache.ratis.util.AwaitForSignal.await(AwaitForSignal.java:56)
        at org.apache.ratis.server.impl.StateMachineUpdater.waitForCommit(StateMachineUpdater.java:207)
        at org.apache.ratis.server.impl.StateMachineUpdater.run(StateMachineUpdater.java:176)
        at java.lang.Thread.run(Thread.java:750)
"Datanode State Machine Task Thread - 0"  prio=5 tid=3987 in Object.wait()
java.lang.Thread.State: WAITING (on object monitor)
        at sun.misc.Unsafe.park(Native Method)
        at java.util.concurrent.locks.LockSupport.park(LockSupport.java:175)
        at java.util.concurrent.locks.AbstractQueuedSynchronizer$ConditionObject.await(AbstractQueuedSynchronizer.java:2039)
        at java.util.concurrent.LinkedBlockingQueue.take(LinkedBlockingQueue.java:442)
        at java.util.concurrent.ThreadPoolExecutor.getTask(ThreadPoolExecutor.java:1074)
        at java.util.concurrent.ThreadPoolExecutor.runWorker(ThreadPoolExecutor.java:1134)
        at java.util.concurrent.ThreadPoolExecutor$Worker.run(ThreadPoolExecutor.java:624)
        at java.lang.Thread.run(Thread.java:750)
"IPC Server handler 1 on default port 46525" daemon prio=5 tid=3795 timed_waiting
java.lang.Thread.State: TIMED_WAITING
        at sun.misc.Unsafe.park(Native Method)
        at java.util.concurrent.locks.LockSupport.parkNanos(LockSupport.java:215)
        at java.util.concurrent.locks.AbstractQueuedSynchronizer$ConditionObject.awaitNanos(AbstractQueuedSynchronizer.java:2078)
        at java.util.concurrent.LinkedBlockingQueue.poll(LinkedBlockingQueue.java:467)
        at org.apache.hadoop.ipc.CallQueueManager.take(CallQueueManager.java:317)
        at org.apache.hadoop.ipc.Server$Handler.run(Server.java:2942)
"prometheus" daemon prio=5 tid=6789 in Object.wait()
java.lang.Thread.State: WAITING (on object monitor)
        at java.lang.Object.wait(Native Method)
        at java.lang.Object.wait(Object.java:502)
        at org.apache.hadoop.metrics2.impl.SinkQueue.waitForData(SinkQueue.java:114)
        at org.apache.hadoop.metrics2.impl.SinkQueue.consumeAll(SinkQueue.java:83)
        at org.apache.hadoop.metrics2.impl.MetricsSinkAdapter.publishMetricsFromQueue(MetricsSinkAdapter.java:135)
        at org.apache.hadoop.metrics2.impl.MetricsSinkAdapter$1.run(MetricsSinkAdapter.java:89)
"Datanode State Machine Task Thread - 0"  prio=5 tid=4015 in Object.wait()
java.lang.Thread.State: WAITING (on object monitor)
        at sun.misc.Unsafe.park(Native Method)
        at java.util.concurrent.locks.LockSupport.park(LockSupport.java:175)
        at java.util.concurrent.locks.AbstractQueuedSynchronizer$ConditionObject.await(AbstractQueuedSynchronizer.java:2039)
        at java.util.concurrent.LinkedBlockingQueue.take(LinkedBlockingQueue.java:442)
        at java.util.concurrent.ThreadPoolExecutor.getTask(ThreadPoolExecutor.java:1074)
        at java.util.concurrent.ThreadPoolExecutor.runWorker(ThreadPoolExecutor.java:1134)
        at java.util.concurrent.ThreadPoolExecutor$Worker.run(ThreadPoolExecutor.java:624)
        at java.lang.Thread.run(Thread.java:750)
"IPC Server handler 9 on default port 43303" daemon prio=5 tid=6820 timed_waiting
java.lang.Thread.State: TIMED_WAITING
        at sun.misc.Unsafe.park(Native Method)
        at java.util.concurrent.locks.LockSupport.parkNanos(LockSupport.java:215)
        at java.util.concurrent.locks.AbstractQueuedSynchronizer$ConditionObject.awaitNanos(AbstractQueuedSynchronizer.java:2078)
        at java.util.concurrent.LinkedBlockingQueue.poll(LinkedBlockingQueue.java:467)
        at org.apache.hadoop.ipc.CallQueueManager.take(CallQueueManager.java:317)
        at org.apache.hadoop.ipc.Server$Handler.run(Server.java:2942)
"org.apache.hadoop.util.JvmPauseMonitor$Monitor@645085fd" daemon prio=5 tid=4636 timed_waiting
java.lang.Thread.State: TIMED_WAITING
        at java.lang.Thread.sleep(Native Method)
        at org.apache.hadoop.util.JvmPauseMonitor$Monitor.run(JvmPauseMonitor.java:192)
        at java.lang.Thread.run(Thread.java:750)
"qtp1692527707-5076" daemon prio=5 tid=5076 timed_waiting
java.lang.Thread.State: TIMED_WAITING
        at sun.misc.Unsafe.park(Native Method)
        at java.util.concurrent.locks.LockSupport.parkNanos(LockSupport.java:215)
        at java.util.concurrent.locks.AbstractQueuedSynchronizer$ConditionObject.awaitNanos(AbstractQueuedSynchronizer.java:2078)
        at org.eclipse.jetty.util.BlockingArrayQueue.poll(BlockingArrayQueue.java:382)
        at org.eclipse.jetty.util.thread.QueuedThreadPool$Runner.idleJobPoll(QueuedThreadPool.java:974)
        at org.eclipse.jetty.util.thread.QueuedThreadPool$Runner.run(QueuedThreadPool.java:1018)
        at java.lang.Thread.run(Thread.java:750)
"qtp900396159-6350" daemon prio=5 tid=6350 timed_waiting
java.lang.Thread.State: TIMED_WAITING
        at sun.misc.Unsafe.park(Native Method)
        at java.util.concurrent.locks.LockSupport.parkNanos(LockSupport.java:215)
        at java.util.concurrent.locks.AbstractQueuedSynchronizer$ConditionObject.awaitNanos(AbstractQueuedSynchronizer.java:2078)
        at org.eclipse.jetty.util.BlockingArrayQueue.poll(BlockingArrayQueue.java:382)
        at org.eclipse.jetty.util.thread.QueuedThreadPool$Runner.idleJobPoll(QueuedThreadPool.java:974)
        at org.eclipse.jetty.util.thread.QueuedThreadPool$Runner.run(QueuedThreadPool.java:1018)
        at java.lang.Thread.run(Thread.java:750)
"a759a49b-3cd3-49e9-826c-16e7b00ba8b7-server-thread1" daemon prio=5 tid=6889 timed_waiting
java.lang.Thread.State: TIMED_WAITING
        at sun.misc.Unsafe.park(Native Method)
        at java.util.concurrent.locks.LockSupport.parkNanos(LockSupport.java:215)
        at java.util.concurrent.SynchronousQueue$TransferStack.awaitFulfill(SynchronousQueue.java:460)
        at java.util.concurrent.SynchronousQueue$TransferStack.transfer(SynchronousQueue.java:362)
        at java.util.concurrent.SynchronousQueue.poll(SynchronousQueue.java:941)
        at java.util.concurrent.ThreadPoolExecutor.getTask(ThreadPoolExecutor.java:1073)
        at java.util.concurrent.ThreadPoolExecutor.runWorker(ThreadPoolExecutor.java:1134)
        at java.util.concurrent.ThreadPoolExecutor$Worker.run(ThreadPoolExecutor.java:624)
        at java.lang.Thread.run(Thread.java:750)
"FullTableCache Cleanup Thread - 0" daemon prio=5 tid=4524 in Object.wait()
java.lang.Thread.State: WAITING (on object monitor)
        at sun.misc.Unsafe.park(Native Method)
        at java.util.concurrent.locks.LockSupport.park(LockSupport.java:175)
        at java.util.concurrent.locks.AbstractQueuedSynchronizer$ConditionObject.await(AbstractQueuedSynchronizer.java:2039)
        at java.util.concurrent.LinkedBlockingQueue.take(LinkedBlockingQueue.java:442)
        at java.util.concurrent.ThreadPoolExecutor.getTask(ThreadPoolExecutor.java:1074)
        at java.util.concurrent.ThreadPoolExecutor.runWorker(ThreadPoolExecutor.java:1134)
        at java.util.concurrent.ThreadPoolExecutor$Worker.run(ThreadPoolExecutor.java:624)
        at java.lang.Thread.run(Thread.java:750)
"ContainerOp-1a3410dc-4fd6-4954-94c6-9015fb128463-8"  prio=5 tid=6204 in Object.wait()
java.lang.Thread.State: WAITING (on object monitor)
        at sun.misc.Unsafe.park(Native Method)
        at java.util.concurrent.locks.LockSupport.park(LockSupport.java:175)
        at java.util.concurrent.locks.AbstractQueuedSynchronizer$ConditionObject.await(AbstractQueuedSynchronizer.java:2039)
        at java.util.concurrent.LinkedBlockingQueue.take(LinkedBlockingQueue.java:442)
        at java.util.concurrent.ThreadPoolExecutor.getTask(ThreadPoolExecutor.java:1074)
        at java.util.concurrent.ThreadPoolExecutor.runWorker(ThreadPoolExecutor.java:1134)
        at java.util.concurrent.ThreadPoolExecutor$Worker.run(ThreadPoolExecutor.java:624)
        at java.lang.Thread.run(Thread.java:750)
"Datanode ReportManager Thread - 2" daemon prio=5 tid=4010 in Object.wait()
java.lang.Thread.State: WAITING (on object monitor)
        at sun.misc.Unsafe.park(Native Method)
        at java.util.concurrent.locks.LockSupport.park(LockSupport.java:175)
        at java.util.concurrent.locks.AbstractQueuedSynchronizer$ConditionObject.await(AbstractQueuedSynchronizer.java:2039)
        at java.util.concurrent.ScheduledThreadPoolExecutor$DelayedWorkQueue.take(ScheduledThreadPoolExecutor.java:1088)
        at java.util.concurrent.ScheduledThreadPoolExecutor$DelayedWorkQueue.take(ScheduledThreadPoolExecutor.java:809)
        at java.util.concurrent.ThreadPoolExecutor.getTask(ThreadPoolExecutor.java:1074)
        at java.util.concurrent.ThreadPoolExecutor.runWorker(ThreadPoolExecutor.java:1134)
        at java.util.concurrent.ThreadPoolExecutor$Worker.run(ThreadPoolExecutor.java:624)
        at java.lang.Thread.run(Thread.java:750)
"pool-3814-thread-1"  prio=5 tid=6693 in Object.wait()
java.lang.Thread.State: WAITING (on object monitor)
        at sun.misc.Unsafe.park(Native Method)
        at java.util.concurrent.locks.LockSupport.park(LockSupport.java:175)
        at java.util.concurrent.locks.AbstractQueuedSynchronizer$ConditionObject.await(AbstractQueuedSynchronizer.java:2039)
        at java.util.concurrent.LinkedBlockingQueue.take(LinkedBlockingQueue.java:442)
        at java.util.concurrent.ThreadPoolExecutor.getTask(ThreadPoolExecutor.java:1074)
        at java.util.concurrent.ThreadPoolExecutor.runWorker(ThreadPoolExecutor.java:1134)
        at java.util.concurrent.ThreadPoolExecutor$Worker.run(ThreadPoolExecutor.java:624)
        at java.lang.Thread.run(Thread.java:750)
"IPC Server handler 15 on default port 35863" daemon prio=5 tid=5897 timed_waiting
java.lang.Thread.State: TIMED_WAITING
        at sun.misc.Unsafe.park(Native Method)
        at java.util.concurrent.locks.LockSupport.parkNanos(LockSupport.java:215)
        at java.util.concurrent.locks.AbstractQueuedSynchronizer$ConditionObject.awaitNanos(AbstractQueuedSynchronizer.java:2078)
        at java.util.concurrent.LinkedBlockingQueue.poll(LinkedBlockingQueue.java:467)
        at org.apache.hadoop.ipc.CallQueueManager.take(CallQueueManager.java:317)
        at org.apache.hadoop.ipc.Server$Handler.run(Server.java:2942)
"qtp896413985-5155" daemon prio=5 tid=5155 timed_waiting
java.lang.Thread.State: TIMED_WAITING
        at sun.misc.Unsafe.park(Native Method)
        at java.util.concurrent.locks.LockSupport.parkNanos(LockSupport.java:215)
        at java.util.concurrent.locks.AbstractQueuedSynchronizer$ConditionObject.awaitNanos(AbstractQueuedSynchronizer.java:2078)
        at org.eclipse.jetty.util.BlockingArrayQueue.poll(BlockingArrayQueue.java:382)
        at org.eclipse.jetty.util.thread.QueuedThreadPool$Runner.idleJobPoll(QueuedThreadPool.java:974)
        at org.eclipse.jetty.util.thread.QueuedThreadPool$Runner.run(QueuedThreadPool.java:1018)
        at java.lang.Thread.run(Thread.java:750)
"PartialTableCache Cleanup Thread - 0" daemon prio=5 tid=677 in Object.wait()
java.lang.Thread.State: WAITING (on object monitor)
        at sun.misc.Unsafe.park(Native Method)
        at java.util.concurrent.locks.LockSupport.park(LockSupport.java:175)
        at java.util.concurrent.locks.AbstractQueuedSynchronizer$ConditionObject.await(AbstractQueuedSynchronizer.java:2039)
        at java.util.concurrent.LinkedBlockingQueue.take(LinkedBlockingQueue.java:442)
        at java.util.concurrent.ThreadPoolExecutor.getTask(ThreadPoolExecutor.java:1074)
        at java.util.concurrent.ThreadPoolExecutor.runWorker(ThreadPoolExecutor.java:1134)
        at java.util.concurrent.ThreadPoolExecutor$Worker.run(ThreadPoolExecutor.java:624)
        at java.lang.Thread.run(Thread.java:750)
"pool-3783-thread-1"  prio=5 tid=6681 in Object.wait()
java.lang.Thread.State: WAITING (on object monitor)
        at sun.misc.Unsafe.park(Native Method)
        at java.util.concurrent.locks.LockSupport.park(LockSupport.java:175)
        at java.util.concurrent.locks.AbstractQueuedSynchronizer$ConditionObject.await(AbstractQueuedSynchronizer.java:2039)
        at java.util.concurrent.LinkedBlockingQueue.take(LinkedBlockingQueue.java:442)
        at java.util.concurrent.ThreadPoolExecutor.getTask(ThreadPoolExecutor.java:1074)
        at java.util.concurrent.ThreadPoolExecutor.runWorker(ThreadPoolExecutor.java:1134)
        at java.util.concurrent.ThreadPoolExecutor$Worker.run(ThreadPoolExecutor.java:624)
        at java.lang.Thread.run(Thread.java:750)
"IPC Server idle connection scanner for port 35679" daemon prio=5 tid=5820 timed_waiting
java.lang.Thread.State: TIMED_WAITING
        at java.lang.Object.wait(Native Method)
        at java.util.TimerThread.mainLoop(Timer.java:552)
        at java.util.TimerThread.run(Timer.java:505)
"IPC Server handler 18 on default port 35375" daemon prio=5 tid=4894 timed_waiting
java.lang.Thread.State: TIMED_WAITING
        at sun.misc.Unsafe.park(Native Method)
        at java.util.concurrent.locks.LockSupport.parkNanos(LockSupport.java:215)
        at java.util.concurrent.locks.AbstractQueuedSynchronizer$ConditionObject.awaitNanos(AbstractQueuedSynchronizer.java:2078)
        at java.util.concurrent.LinkedBlockingQueue.poll(LinkedBlockingQueue.java:467)
        at org.apache.hadoop.ipc.CallQueueManager.take(CallQueueManager.java:317)
        at org.apache.hadoop.ipc.Server$Handler.run(Server.java:2942)
"Datanode ReportManager Thread - 1" daemon prio=5 tid=6302 timed_waiting
java.lang.Thread.State: TIMED_WAITING
        at sun.misc.Unsafe.park(Native Method)
        at java.util.concurrent.locks.LockSupport.parkNanos(LockSupport.java:215)
        at java.util.concurrent.locks.AbstractQueuedSynchronizer$ConditionObject.awaitNanos(AbstractQueuedSynchronizer.java:2078)
        at java.util.concurrent.ScheduledThreadPoolExecutor$DelayedWorkQueue.take(ScheduledThreadPoolExecutor.java:1093)
        at java.util.concurrent.ScheduledThreadPoolExecutor$DelayedWorkQueue.take(ScheduledThreadPoolExecutor.java:809)
        at java.util.concurrent.ThreadPoolExecutor.getTask(ThreadPoolExecutor.java:1074)
        at java.util.concurrent.ThreadPoolExecutor.runWorker(ThreadPoolExecutor.java:1134)
        at java.util.concurrent.ThreadPoolExecutor$Worker.run(ThreadPoolExecutor.java:624)
        at java.lang.Thread.run(Thread.java:750)
"IPC Server handler 16 on default port 43793" daemon prio=5 tid=4611 timed_waiting
java.lang.Thread.State: TIMED_WAITING
        at sun.misc.Unsafe.park(Native Method)
        at java.util.concurrent.locks.LockSupport.parkNanos(LockSupport.java:215)
        at java.util.concurrent.locks.AbstractQueuedSynchronizer$ConditionObject.awaitNanos(AbstractQueuedSynchronizer.java:2078)
        at java.util.concurrent.LinkedBlockingQueue.poll(LinkedBlockingQueue.java:467)
        at org.apache.hadoop.ipc.CallQueueManager.take(CallQueueManager.java:317)
        at org.apache.hadoop.ipc.Server$Handler.run(Server.java:2942)
"IPC Server Responder" daemon prio=5 tid=6781 runnable
java.lang.Thread.State: RUNNABLE
        at sun.nio.ch.EPollArrayWrapper.epollWait(Native Method)
        at sun.nio.ch.EPollArrayWrapper.poll(EPollArrayWrapper.java:269)
        at sun.nio.ch.EPollSelectorImpl.doSelect(EPollSelectorImpl.java:93)
        at sun.nio.ch.SelectorImpl.lockAndDoSelect(SelectorImpl.java:86)
        at sun.nio.ch.SelectorImpl.select(SelectorImpl.java:97)
        at org.apache.hadoop.ipc.Server$Responder.doRunLoop(Server.java:1532)
        at org.apache.hadoop.ipc.Server$Responder.run(Server.java:1515)
"qtp342316938-6175" daemon prio=5 tid=6175 timed_waiting
java.lang.Thread.State: TIMED_WAITING
        at sun.misc.Unsafe.park(Native Method)
        at java.util.concurrent.locks.LockSupport.parkNanos(LockSupport.java:215)
        at java.util.concurrent.locks.AbstractQueuedSynchronizer$ConditionObject.awaitNanos(AbstractQueuedSynchronizer.java:2078)
        at org.eclipse.jetty.util.BlockingArrayQueue.poll(BlockingArrayQueue.java:382)
        at org.eclipse.jetty.util.thread.QueuedThreadPool$Runner.idleJobPoll(QueuedThreadPool.java:974)
        at org.eclipse.jetty.util.thread.QueuedThreadPool$Runner.run(QueuedThreadPool.java:1018)
        at java.lang.Thread.run(Thread.java:750)
"IPC Server handler 17 on default port 35421" daemon prio=5 tid=4592 timed_waiting
java.lang.Thread.State: TIMED_WAITING
        at sun.misc.Unsafe.park(Native Method)
        at java.util.concurrent.locks.LockSupport.parkNanos(LockSupport.java:215)
        at java.util.concurrent.locks.AbstractQueuedSynchronizer$ConditionObject.awaitNanos(AbstractQueuedSynchronizer.java:2078)
        at java.util.concurrent.LinkedBlockingQueue.poll(LinkedBlockingQueue.java:467)
        at org.apache.hadoop.ipc.CallQueueManager.take(CallQueueManager.java:317)
        at org.apache.hadoop.ipc.Server$Handler.run(Server.java:2942)
"RatisPipelineUtilsThread - 0"  prio=5 tid=6767 timed_waiting
java.lang.Thread.State: TIMED_WAITING
        at java.lang.Object.wait(Native Method)
        at org.apache.hadoop.hdds.scm.pipeline.BackgroundPipelineCreator.run(BackgroundPipelineCreator.java:176)
        at org.apache.hadoop.hdds.scm.pipeline.BackgroundPipelineCreator$$Lambda$405/160388048.run(Unknown Source)
        at java.lang.Thread.run(Thread.java:750)
"qtp896413985-5152" daemon prio=5 tid=5152 timed_waiting
java.lang.Thread.State: TIMED_WAITING
        at sun.misc.Unsafe.park(Native Method)
        at java.util.concurrent.locks.LockSupport.parkNanos(LockSupport.java:215)
        at java.util.concurrent.locks.AbstractQueuedSynchronizer$ConditionObject.awaitNanos(AbstractQueuedSynchronizer.java:2078)
        at org.eclipse.jetty.util.BlockingArrayQueue.poll(BlockingArrayQueue.java:382)
        at org.eclipse.jetty.util.thread.QueuedThreadPool$Runner.idleJobPoll(QueuedThreadPool.java:974)
        at org.eclipse.jetty.util.thread.QueuedThreadPool$Runner.run(QueuedThreadPool.java:1018)
        at java.lang.Thread.run(Thread.java:750)
"Periodic HDDS volume checker" daemon prio=5 tid=3989 timed_waiting
java.lang.Thread.State: TIMED_WAITING
        at sun.misc.Unsafe.park(Native Method)
        at java.util.concurrent.locks.LockSupport.parkNanos(LockSupport.java:215)
        at java.util.concurrent.locks.AbstractQueuedSynchronizer$ConditionObject.awaitNanos(AbstractQueuedSynchronizer.java:2078)
        at java.util.concurrent.ScheduledThreadPoolExecutor$DelayedWorkQueue.take(ScheduledThreadPoolExecutor.java:1093)
        at java.util.concurrent.ScheduledThreadPoolExecutor$DelayedWorkQueue.take(ScheduledThreadPoolExecutor.java:809)
        at java.util.concurrent.ThreadPoolExecutor.getTask(ThreadPoolExecutor.java:1074)
        at java.util.concurrent.ThreadPoolExecutor.runWorker(ThreadPoolExecutor.java:1134)
        at java.util.concurrent.ThreadPoolExecutor$Worker.run(ThreadPoolExecutor.java:624)
        at java.lang.Thread.run(Thread.java:750)
"ChunkWriter-0-0" daemon prio=5 tid=4215 in Object.wait()
java.lang.Thread.State: WAITING (on object monitor)
        at sun.misc.Unsafe.park(Native Method)
        at java.util.concurrent.locks.LockSupport.park(LockSupport.java:175)
        at java.util.concurrent.locks.AbstractQueuedSynchronizer$ConditionObject.await(AbstractQueuedSynchronizer.java:2039)
        at java.util.concurrent.LinkedBlockingDeque.takeFirst(LinkedBlockingDeque.java:492)
        at java.util.concurrent.LinkedBlockingDeque.take(LinkedBlockingDeque.java:680)
        at java.util.concurrent.ThreadPoolExecutor.getTask(ThreadPoolExecutor.java:1074)
        at java.util.concurrent.ThreadPoolExecutor.runWorker(ThreadPoolExecutor.java:1134)
        at java.util.concurrent.ThreadPoolExecutor$Worker.run(ThreadPoolExecutor.java:624)
        at java.lang.Thread.run(Thread.java:750)
"Signal Dispatcher" daemon prio=9 tid=4 runnable
java.lang.Thread.State: RUNNABLE
"qtp2029208225-5020" daemon prio=5 tid=5020 timed_waiting
java.lang.Thread.State: TIMED_WAITING
        at sun.misc.Unsafe.park(Native Method)
        at java.util.concurrent.locks.LockSupport.parkNanos(LockSupport.java:215)
        at java.util.concurrent.locks.AbstractQueuedSynchronizer$ConditionObject.awaitNanos(AbstractQueuedSynchronizer.java:2078)
        at org.eclipse.jetty.util.BlockingArrayQueue.poll(BlockingArrayQueue.java:382)
        at org.eclipse.jetty.util.thread.QueuedThreadPool$Runner.idleJobPoll(QueuedThreadPool.java:974)
        at org.eclipse.jetty.util.thread.QueuedThreadPool$Runner.run(QueuedThreadPool.java:1018)
        at java.lang.Thread.run(Thread.java:750)
"Command processor thread" daemon prio=5 tid=5190 timed_waiting
java.lang.Thread.State: TIMED_WAITING
        at java.lang.Thread.sleep(Native Method)
        at org.apache.hadoop.ozone.container.common.statemachine.DatanodeStateMachine.lambda$initCommandHandlerThread$3(DatanodeStateMachine.java:628)
        at org.apache.hadoop.ozone.container.common.statemachine.DatanodeStateMachine$$Lambda$763/1762238644.run(Unknown Source)
        at java.lang.Thread.run(Thread.java:750)
"qtp443038314-6263" daemon prio=5 tid=6263 timed_waiting
java.lang.Thread.State: TIMED_WAITING
        at sun.misc.Unsafe.park(Native Method)
        at java.util.concurrent.locks.LockSupport.parkNanos(LockSupport.java:215)
        at java.util.concurrent.locks.AbstractQueuedSynchronizer$ConditionObject.awaitNanos(AbstractQueuedSynchronizer.java:2078)
        at org.eclipse.jetty.util.BlockingArrayQueue.poll(BlockingArrayQueue.java:382)
        at org.eclipse.jetty.util.thread.QueuedThreadPool$Runner.idleJobPoll(QueuedThreadPool.java:974)
        at org.eclipse.jetty.util.thread.QueuedThreadPool$Runner.run(QueuedThreadPool.java:1018)
        at java.lang.Thread.run(Thread.java:750)
"IPC Server handler 1 on default port 35679" daemon prio=5 tid=5863 timed_waiting
java.lang.Thread.State: TIMED_WAITING
        at sun.misc.Unsafe.park(Native Method)
        at java.util.concurrent.locks.LockSupport.parkNanos(LockSupport.java:215)
        at java.util.concurrent.locks.AbstractQueuedSynchronizer$ConditionObject.awaitNanos(AbstractQueuedSynchronizer.java:2078)
        at java.util.concurrent.LinkedBlockingQueue.poll(LinkedBlockingQueue.java:467)
        at org.apache.hadoop.ipc.CallQueueManager.take(CallQueueManager.java:317)
        at org.apache.hadoop.ipc.Server$Handler.run(Server.java:2942)
"IPC Server idle connection scanner for port 46525" daemon prio=5 tid=3750 timed_waiting
java.lang.Thread.State: TIMED_WAITING
        at java.lang.Object.wait(Native Method)
        at java.util.TimerThread.mainLoop(Timer.java:552)
        at java.util.TimerThread.run(Timer.java:505)
"ContainerOp-1a3410dc-4fd6-4954-94c6-9015fb128463-3"  prio=5 tid=6030 in Object.wait()
java.lang.Thread.State: WAITING (on object monitor)
        at sun.misc.Unsafe.park(Native Method)
        at java.util.concurrent.locks.LockSupport.park(LockSupport.java:175)
        at java.util.concurrent.locks.AbstractQueuedSynchronizer$ConditionObject.await(AbstractQueuedSynchronizer.java:2039)
        at java.util.concurrent.LinkedBlockingQueue.take(LinkedBlockingQueue.java:442)
        at java.util.concurrent.ThreadPoolExecutor.getTask(ThreadPoolExecutor.java:1074)
        at java.util.concurrent.ThreadPoolExecutor.runWorker(ThreadPoolExecutor.java:1134)
        at java.util.concurrent.ThreadPoolExecutor$Worker.run(ThreadPoolExecutor.java:624)
        at java.lang.Thread.run(Thread.java:750)
"pool-3067-thread-1"  prio=5 tid=5496 in Object.wait()
java.lang.Thread.State: WAITING (on object monitor)
        at sun.misc.Unsafe.park(Native Method)
        at java.util.concurrent.locks.LockSupport.park(LockSupport.java:175)
        at java.util.concurrent.locks.AbstractQueuedSynchronizer$ConditionObject.await(AbstractQueuedSynchronizer.java:2039)
        at java.util.concurrent.LinkedBlockingQueue.take(LinkedBlockingQueue.java:442)
        at java.util.concurrent.ThreadPoolExecutor.getTask(ThreadPoolExecutor.java:1074)
        at java.util.concurrent.ThreadPoolExecutor.runWorker(ThreadPoolExecutor.java:1134)
        at java.util.concurrent.ThreadPoolExecutor$Worker.run(ThreadPoolExecutor.java:624)
        at java.lang.Thread.run(Thread.java:750)
"Datanode State Machine Daemon Thread" daemon prio=5 tid=6354 timed_waiting
java.lang.Thread.State: TIMED_WAITING
        at java.lang.Thread.sleep(Native Method)
        at org.apache.hadoop.ozone.container.common.statemachine.DatanodeStateMachine.startStateMachineThread(DatanodeStateMachine.java:313)
        at org.apache.hadoop.ozone.container.common.statemachine.DatanodeStateMachine.lambda$startDaemon$0(DatanodeStateMachine.java:493)
        at org.apache.hadoop.ozone.container.common.statemachine.DatanodeStateMachine$$Lambda$761/216690043.run(Unknown Source)
        at java.lang.Thread.run(Thread.java:750)
"ChunkWriter-3-0" daemon prio=5 tid=4154 in Object.wait()
java.lang.Thread.State: WAITING (on object monitor)
        at sun.misc.Unsafe.park(Native Method)
        at java.util.concurrent.locks.LockSupport.park(LockSupport.java:175)
        at java.util.concurrent.locks.AbstractQueuedSynchronizer$ConditionObject.await(AbstractQueuedSynchronizer.java:2039)
        at java.util.concurrent.LinkedBlockingDeque.takeFirst(LinkedBlockingDeque.java:492)
        at java.util.concurrent.LinkedBlockingDeque.take(LinkedBlockingDeque.java:680)
        at java.util.concurrent.ThreadPoolExecutor.getTask(ThreadPoolExecutor.java:1074)
        at java.util.concurrent.ThreadPoolExecutor.runWorker(ThreadPoolExecutor.java:1134)
        at java.util.concurrent.ThreadPoolExecutor$Worker.run(ThreadPoolExecutor.java:624)
        at java.lang.Thread.run(Thread.java:750)
"org.apache.ratis.util.JvmPauseMonitor$$Lambda$718/783493338@52aa49ee" daemon prio=5 tid=4155 timed_waiting
java.lang.Thread.State: TIMED_WAITING
        at java.lang.Thread.sleep(Native Method)
        at java.lang.Thread.sleep(Thread.java:342)
        at java.util.concurrent.TimeUnit.sleep(TimeUnit.java:386)
        at org.apache.ratis.util.TimeDuration.sleep(TimeDuration.java:325)
        at org.apache.ratis.util.TimeDuration.sleep(TimeDuration.java:310)
        at org.apache.ratis.util.JvmPauseMonitor.detectPause(JvmPauseMonitor.java:117)
        at org.apache.ratis.util.JvmPauseMonitor.run(JvmPauseMonitor.java:106)
        at org.apache.ratis.util.JvmPauseMonitor$$Lambda$718/783493338.run(Unknown Source)
        at java.lang.Thread.run(Thread.java:750)
"qtp1433462785-4106" daemon prio=5 tid=4106 timed_waiting
java.lang.Thread.State: TIMED_WAITING
        at sun.misc.Unsafe.park(Native Method)
        at java.util.concurrent.locks.LockSupport.parkNanos(LockSupport.java:215)
        at java.util.concurrent.locks.AbstractQueuedSynchronizer$ConditionObject.awaitNanos(AbstractQueuedSynchronizer.java:2078)
        at org.eclipse.jetty.util.BlockingArrayQueue.poll(BlockingArrayQueue.java:382)
        at org.eclipse.jetty.util.thread.QueuedThreadPool$Runner.idleJobPoll(QueuedThreadPool.java:974)
        at org.eclipse.jetty.util.thread.QueuedThreadPool$Runner.run(QueuedThreadPool.java:1018)
        at java.lang.Thread.run(Thread.java:750)
"FullTableCache Cleanup Thread - 0" daemon prio=5 tid=5800 in Object.wait()
java.lang.Thread.State: WAITING (on object monitor)
        at sun.misc.Unsafe.park(Native Method)
        at java.util.concurrent.locks.LockSupport.park(LockSupport.java:175)
        at java.util.concurrent.locks.AbstractQueuedSynchronizer$ConditionObject.await(AbstractQueuedSynchronizer.java:2039)
        at java.util.concurrent.LinkedBlockingQueue.take(LinkedBlockingQueue.java:442)
        at java.util.concurrent.ThreadPoolExecutor.getTask(ThreadPoolExecutor.java:1074)
        at java.util.concurrent.ThreadPoolExecutor.runWorker(ThreadPoolExecutor.java:1134)
        at java.util.concurrent.ThreadPoolExecutor$Worker.run(ThreadPoolExecutor.java:624)
        at java.lang.Thread.run(Thread.java:750)
"qtp1906917657-4647" daemon prio=5 tid=4647 timed_waiting
java.lang.Thread.State: TIMED_WAITING
        at sun.misc.Unsafe.park(Native Method)
        at java.util.concurrent.locks.LockSupport.parkNanos(LockSupport.java:215)
        at java.util.concurrent.locks.AbstractQueuedSynchronizer$ConditionObject.awaitNanos(AbstractQueuedSynchronizer.java:2078)
        at org.eclipse.jetty.util.BlockingArrayQueue.poll(BlockingArrayQueue.java:382)
        at org.eclipse.jetty.util.thread.QueuedThreadPool$Runner.idleJobPoll(QueuedThreadPool.java:974)
        at org.eclipse.jetty.util.thread.QueuedThreadPool$Runner.run(QueuedThreadPool.java:1018)
        at java.lang.Thread.run(Thread.java:750)
"Session-HouseKeeper-6448d062-1"  prio=5 tid=3945 timed_waiting
java.lang.Thread.State: TIMED_WAITING
        at sun.misc.Unsafe.park(Native Method)
        at java.util.concurrent.locks.LockSupport.parkNanos(LockSupport.java:215)
        at java.util.concurrent.locks.AbstractQueuedSynchronizer$ConditionObject.awaitNanos(AbstractQueuedSynchronizer.java:2078)
        at java.util.concurrent.ScheduledThreadPoolExecutor$DelayedWorkQueue.take(ScheduledThreadPoolExecutor.java:1093)
        at java.util.concurrent.ScheduledThreadPoolExecutor$DelayedWorkQueue.take(ScheduledThreadPoolExecutor.java:809)
        at java.util.concurrent.ThreadPoolExecutor.getTask(ThreadPoolExecutor.java:1074)
        at java.util.concurrent.ThreadPoolExecutor.runWorker(ThreadPoolExecutor.java:1134)
        at java.util.concurrent.ThreadPoolExecutor$Worker.run(ThreadPoolExecutor.java:624)
        at java.lang.Thread.run(Thread.java:750)
"Periodic HDDS volume checker" daemon prio=5 tid=4020 timed_waiting
java.lang.Thread.State: TIMED_WAITING
        at sun.misc.Unsafe.park(Native Method)
        at java.util.concurrent.locks.LockSupport.parkNanos(LockSupport.java:215)
        at java.util.concurrent.locks.AbstractQueuedSynchronizer$ConditionObject.awaitNanos(AbstractQueuedSynchronizer.java:2078)
        at java.util.concurrent.ScheduledThreadPoolExecutor$DelayedWorkQueue.take(ScheduledThreadPoolExecutor.java:1093)
        at java.util.concurrent.ScheduledThreadPoolExecutor$DelayedWorkQueue.take(ScheduledThreadPoolExecutor.java:809)
        at java.util.concurrent.ThreadPoolExecutor.getTask(ThreadPoolExecutor.java:1074)
        at java.util.concurrent.ThreadPoolExecutor.runWorker(ThreadPoolExecutor.java:1134)
        at java.util.concurrent.ThreadPoolExecutor$Worker.run(ThreadPoolExecutor.java:624)
        at java.lang.Thread.run(Thread.java:750)
"IPC Server handler 6 on default port 36781" daemon prio=5 tid=4621 timed_waiting
java.lang.Thread.State: TIMED_WAITING
        at sun.misc.Unsafe.park(Native Method)
        at java.util.concurrent.locks.LockSupport.parkNanos(LockSupport.java:215)
        at java.util.concurrent.locks.AbstractQueuedSynchronizer$ConditionObject.awaitNanos(AbstractQueuedSynchronizer.java:2078)
        at java.util.concurrent.LinkedBlockingQueue.poll(LinkedBlockingQueue.java:467)
        at org.apache.hadoop.ipc.CallQueueManager.take(CallQueueManager.java:317)
        at org.apache.hadoop.ipc.Server$Handler.run(Server.java:2942)
"qtp443038314-6265" daemon prio=5 tid=6265 timed_waiting
java.lang.Thread.State: TIMED_WAITING
        at sun.misc.Unsafe.park(Native Method)
        at java.util.concurrent.locks.LockSupport.parkNanos(LockSupport.java:215)
        at java.util.concurrent.locks.AbstractQueuedSynchronizer$ConditionObject.awaitNanos(AbstractQueuedSynchronizer.java:2078)
        at org.eclipse.jetty.util.BlockingArrayQueue.poll(BlockingArrayQueue.java:382)
        at org.eclipse.jetty.util.thread.QueuedThreadPool$Runner.idleJobPoll(QueuedThreadPool.java:974)
        at org.eclipse.jetty.util.thread.QueuedThreadPool$Runner.run(QueuedThreadPool.java:1018)
        at java.lang.Thread.run(Thread.java:750)
"ChunkWriter-1-0" daemon prio=5 tid=5264 in Object.wait()
java.lang.Thread.State: WAITING (on object monitor)
        at sun.misc.Unsafe.park(Native Method)
        at java.util.concurrent.locks.LockSupport.park(LockSupport.java:175)
        at java.util.concurrent.locks.AbstractQueuedSynchronizer$ConditionObject.await(AbstractQueuedSynchronizer.java:2039)
        at java.util.concurrent.LinkedBlockingDeque.takeFirst(LinkedBlockingDeque.java:492)
        at java.util.concurrent.LinkedBlockingDeque.take(LinkedBlockingDeque.java:680)
        at java.util.concurrent.ThreadPoolExecutor.getTask(ThreadPoolExecutor.java:1074)
        at java.util.concurrent.ThreadPoolExecutor.runWorker(ThreadPoolExecutor.java:1134)
        at java.util.concurrent.ThreadPoolExecutor$Worker.run(ThreadPoolExecutor.java:624)
        at java.lang.Thread.run(Thread.java:750)
"pool-2995-thread-1" daemon prio=5 tid=5212 timed_waiting
java.lang.Thread.State: TIMED_WAITING
        at sun.misc.Unsafe.park(Native Method)
        at java.util.concurrent.locks.LockSupport.parkNanos(LockSupport.java:215)
        at java.util.concurrent.locks.AbstractQueuedSynchronizer$ConditionObject.awaitNanos(AbstractQueuedSynchronizer.java:2078)
        at java.util.concurrent.ScheduledThreadPoolExecutor$DelayedWorkQueue.take(ScheduledThreadPoolExecutor.java:1093)
        at java.util.concurrent.ScheduledThreadPoolExecutor$DelayedWorkQueue.take(ScheduledThreadPoolExecutor.java:809)
        at java.util.concurrent.ThreadPoolExecutor.getTask(ThreadPoolExecutor.java:1074)
        at java.util.concurrent.ThreadPoolExecutor.runWorker(ThreadPoolExecutor.java:1134)
        at java.util.concurrent.ThreadPoolExecutor$Worker.run(ThreadPoolExecutor.java:624)
        at java.lang.Thread.run(Thread.java:750)
"Session-HouseKeeper-14920a95-1"  prio=5 tid=3976 timed_waiting
java.lang.Thread.State: TIMED_WAITING
        at sun.misc.Unsafe.park(Native Method)
        at java.util.concurrent.locks.LockSupport.parkNanos(LockSupport.java:215)
        at java.util.concurrent.locks.AbstractQueuedSynchronizer$ConditionObject.awaitNanos(AbstractQueuedSynchronizer.java:2078)
        at java.util.concurrent.ScheduledThreadPoolExecutor$DelayedWorkQueue.take(ScheduledThreadPoolExecutor.java:1093)
        at java.util.concurrent.ScheduledThreadPoolExecutor$DelayedWorkQueue.take(ScheduledThreadPoolExecutor.java:809)
        at java.util.concurrent.ThreadPoolExecutor.getTask(ThreadPoolExecutor.java:1074)
        at java.util.concurrent.ThreadPoolExecutor.runWorker(ThreadPoolExecutor.java:1134)
        at java.util.concurrent.ThreadPoolExecutor$Worker.run(ThreadPoolExecutor.java:624)
        at java.lang.Thread.run(Thread.java:750)
"IPC Parameter Sending Thread #0" daemon prio=5 tid=115 timed_waiting
java.lang.Thread.State: TIMED_WAITING
        at sun.misc.Unsafe.park(Native Method)
        at java.util.concurrent.locks.LockSupport.parkNanos(LockSupport.java:215)
        at java.util.concurrent.SynchronousQueue$TransferStack.awaitFulfill(SynchronousQueue.java:460)
        at java.util.concurrent.SynchronousQueue$TransferStack.transfer(SynchronousQueue.java:362)
        at java.util.concurrent.SynchronousQueue.poll(SynchronousQueue.java:941)
        at java.util.concurrent.ThreadPoolExecutor.getTask(ThreadPoolExecutor.java:1073)
        at java.util.concurrent.ThreadPoolExecutor.runWorker(ThreadPoolExecutor.java:1134)
        at java.util.concurrent.ThreadPoolExecutor$Worker.run(ThreadPoolExecutor.java:624)
        at java.lang.Thread.run(Thread.java:750)
"FixedThreadPoolWithAffinityExecutor-0-0" daemon prio=5 tid=6496 in Object.wait()
java.lang.Thread.State: WAITING (on object monitor)
        at sun.misc.Unsafe.park(Native Method)
        at java.util.concurrent.locks.LockSupport.park(LockSupport.java:175)
        at java.util.concurrent.locks.AbstractQueuedSynchronizer$ConditionObject.await(AbstractQueuedSynchronizer.java:2039)
        at java.util.concurrent.LinkedBlockingDeque.takeFirst(LinkedBlockingDeque.java:492)
        at java.util.concurrent.LinkedBlockingDeque.take(LinkedBlockingDeque.java:680)
        at java.util.concurrent.ThreadPoolExecutor.getTask(ThreadPoolExecutor.java:1074)
        at java.util.concurrent.ThreadPoolExecutor.runWorker(ThreadPoolExecutor.java:1134)
        at java.util.concurrent.ThreadPoolExecutor$Worker.run(ThreadPoolExecutor.java:624)
        at java.lang.Thread.run(Thread.java:750)
"StaleRecoveringContainerScrubbingService#1" daemon prio=5 tid=6481 in Object.wait()
java.lang.Thread.State: WAITING (on object monitor)
        at sun.misc.Unsafe.park(Native Method)
        at java.util.concurrent.locks.LockSupport.park(LockSupport.java:175)
        at java.util.concurrent.locks.AbstractQueuedSynchronizer$ConditionObject.await(AbstractQueuedSynchronizer.java:2039)
        at java.util.concurrent.ScheduledThreadPoolExecutor$DelayedWorkQueue.take(ScheduledThreadPoolExecutor.java:1088)
        at java.util.concurrent.ScheduledThreadPoolExecutor$DelayedWorkQueue.take(ScheduledThreadPoolExecutor.java:809)
        at java.util.concurrent.ThreadPoolExecutor.getTask(ThreadPoolExecutor.java:1074)
        at java.util.concurrent.ThreadPoolExecutor.runWorker(ThreadPoolExecutor.java:1134)
        at java.util.concurrent.ThreadPoolExecutor$Worker.run(ThreadPoolExecutor.java:624)
        at java.lang.Thread.run(Thread.java:750)
"Datanode ReportManager Thread - 0" daemon prio=5 tid=6355 in Object.wait()
java.lang.Thread.State: WAITING (on object monitor)
        at sun.misc.Unsafe.park(Native Method)
        at java.util.concurrent.locks.LockSupport.park(LockSupport.java:175)
        at java.util.concurrent.locks.AbstractQueuedSynchronizer$ConditionObject.await(AbstractQueuedSynchronizer.java:2039)
        at java.util.concurrent.ScheduledThreadPoolExecutor$DelayedWorkQueue.take(ScheduledThreadPoolExecutor.java:1088)
        at java.util.concurrent.ScheduledThreadPoolExecutor$DelayedWorkQueue.take(ScheduledThreadPoolExecutor.java:809)
        at java.util.concurrent.ThreadPoolExecutor.getTask(ThreadPoolExecutor.java:1074)
        at java.util.concurrent.ThreadPoolExecutor.runWorker(ThreadPoolExecutor.java:1134)
        at java.util.concurrent.ThreadPoolExecutor$Worker.run(ThreadPoolExecutor.java:624)
        at java.lang.Thread.run(Thread.java:750)
"BlockDeletingService#0" daemon prio=5 tid=4118 in Object.wait()
java.lang.Thread.State: WAITING (on object monitor)
        at sun.misc.Unsafe.park(Native Method)
        at java.util.concurrent.locks.LockSupport.park(LockSupport.java:175)
        at java.util.concurrent.locks.AbstractQueuedSynchronizer$ConditionObject.await(AbstractQueuedSynchronizer.java:2039)
        at java.util.concurrent.ScheduledThreadPoolExecutor$DelayedWorkQueue.take(ScheduledThreadPoolExecutor.java:1088)
        at java.util.concurrent.ScheduledThreadPoolExecutor$DelayedWorkQueue.take(ScheduledThreadPoolExecutor.java:809)
        at java.util.concurrent.ThreadPoolExecutor.getTask(ThreadPoolExecutor.java:1074)
        at java.util.concurrent.ThreadPoolExecutor.runWorker(ThreadPoolExecutor.java:1134)
        at java.util.concurrent.ThreadPoolExecutor$Worker.run(ThreadPoolExecutor.java:624)
        at java.lang.Thread.run(Thread.java:750)
"pool-2243-thread-1"  prio=5 tid=4239 in Object.wait()
java.lang.Thread.State: WAITING (on object monitor)
        at sun.misc.Unsafe.park(Native Method)
        at java.util.concurrent.locks.LockSupport.park(LockSupport.java:175)
        at java.util.concurrent.locks.AbstractQueuedSynchronizer$ConditionObject.await(AbstractQueuedSynchronizer.java:2039)
        at java.util.concurrent.LinkedBlockingQueue.take(LinkedBlockingQueue.java:442)
        at java.util.concurrent.ThreadPoolExecutor.getTask(ThreadPoolExecutor.java:1074)
        at java.util.concurrent.ThreadPoolExecutor.runWorker(ThreadPoolExecutor.java:1134)
        at java.util.concurrent.ThreadPoolExecutor$Worker.run(ThreadPoolExecutor.java:624)
        at java.lang.Thread.run(Thread.java:750)
"Datanode ReportManager Thread - 2" daemon prio=5 tid=4125 in Object.wait()
java.lang.Thread.State: WAITING (on object monitor)
        at sun.misc.Unsafe.park(Native Method)
        at java.util.concurrent.locks.LockSupport.park(LockSupport.java:175)
        at java.util.concurrent.locks.AbstractQueuedSynchronizer$ConditionObject.await(AbstractQueuedSynchronizer.java:2039)
        at java.util.concurrent.ScheduledThreadPoolExecutor$DelayedWorkQueue.take(ScheduledThreadPoolExecutor.java:1088)
        at java.util.concurrent.ScheduledThreadPoolExecutor$DelayedWorkQueue.take(ScheduledThreadPoolExecutor.java:809)
        at java.util.concurrent.ThreadPoolExecutor.getTask(ThreadPoolExecutor.java:1074)
        at java.util.concurrent.ThreadPoolExecutor.runWorker(ThreadPoolExecutor.java:1134)
        at java.util.concurrent.ThreadPoolExecutor$Worker.run(ThreadPoolExecutor.java:624)
        at java.lang.Thread.run(Thread.java:750)
"ChunkReader-ELG-0" daemon prio=5 tid=5272 runnable
java.lang.Thread.State: RUNNABLE
        at org.apache.ratis.thirdparty.io.netty.channel.epoll.Native.epollWait(Native Method)
        at org.apache.ratis.thirdparty.io.netty.channel.epoll.Native.epollWait(Native.java:193)
        at org.apache.ratis.thirdparty.io.netty.channel.epoll.Native.epollWait(Native.java:186)
        at org.apache.ratis.thirdparty.io.netty.channel.epoll.EpollEventLoop.epollWaitNoTimerChange(EpollEventLoop.java:290)
        at org.apache.ratis.thirdparty.io.netty.channel.epoll.EpollEventLoop.run(EpollEventLoop.java:347)
        at org.apache.ratis.thirdparty.io.netty.util.concurrent.SingleThreadEventExecutor$4.run(SingleThreadEventExecutor.java:986)
        at org.apache.ratis.thirdparty.io.netty.util.internal.ThreadExecutorMap$2.run(ThreadExecutorMap.java:74)
        at java.lang.Thread.run(Thread.java:750)
"Datanode ReportManager Thread - 4" daemon prio=5 tid=4127 in Object.wait()
java.lang.Thread.State: WAITING (on object monitor)
        at sun.misc.Unsafe.park(Native Method)
        at java.util.concurrent.locks.LockSupport.park(LockSupport.java:175)
        at java.util.concurrent.locks.AbstractQueuedSynchronizer$ConditionObject.await(AbstractQueuedSynchronizer.java:2039)
        at java.util.concurrent.ScheduledThreadPoolExecutor$DelayedWorkQueue.take(ScheduledThreadPoolExecutor.java:1088)
        at java.util.concurrent.ScheduledThreadPoolExecutor$DelayedWorkQueue.take(ScheduledThreadPoolExecutor.java:809)
        at java.util.concurrent.ThreadPoolExecutor.getTask(ThreadPoolExecutor.java:1074)
        at java.util.concurrent.ThreadPoolExecutor.runWorker(ThreadPoolExecutor.java:1134)
        at java.util.concurrent.ThreadPoolExecutor$Worker.run(ThreadPoolExecutor.java:624)
        at java.lang.Thread.run(Thread.java:750)
"ContainerOp-1a3410dc-4fd6-4954-94c6-9015fb128463-9"  prio=5 tid=6216 in Object.wait()
java.lang.Thread.State: WAITING (on object monitor)
        at sun.misc.Unsafe.park(Native Method)
        at java.util.concurrent.locks.LockSupport.park(LockSupport.java:175)
        at java.util.concurrent.locks.AbstractQueuedSynchronizer$ConditionObject.await(AbstractQueuedSynchronizer.java:2039)
        at java.util.concurrent.LinkedBlockingQueue.take(LinkedBlockingQueue.java:442)
        at java.util.concurrent.ThreadPoolExecutor.getTask(ThreadPoolExecutor.java:1074)
        at java.util.concurrent.ThreadPoolExecutor.runWorker(ThreadPoolExecutor.java:1134)
        at java.util.concurrent.ThreadPoolExecutor$Worker.run(ThreadPoolExecutor.java:624)
        at java.lang.Thread.run(Thread.java:750)
"ContainerOp-1a3410dc-4fd6-4954-94c6-9015fb128463-5"  prio=5 tid=6052 in Object.wait()
java.lang.Thread.State: WAITING (on object monitor)
        at sun.misc.Unsafe.park(Native Method)
        at java.util.concurrent.locks.LockSupport.park(LockSupport.java:175)
        at java.util.concurrent.locks.AbstractQueuedSynchronizer$ConditionObject.await(AbstractQueuedSynchronizer.java:2039)
        at java.util.concurrent.LinkedBlockingQueue.take(LinkedBlockingQueue.java:442)
        at java.util.concurrent.ThreadPoolExecutor.getTask(ThreadPoolExecutor.java:1074)
        at java.util.concurrent.ThreadPoolExecutor.runWorker(ThreadPoolExecutor.java:1134)
        at java.util.concurrent.ThreadPoolExecutor$Worker.run(ThreadPoolExecutor.java:624)
        at java.lang.Thread.run(Thread.java:750)
"ExpiredContainerReplicaOpScrubberThread" daemon prio=5 tid=4536 timed_waiting
java.lang.Thread.State: TIMED_WAITING
        at java.lang.Object.wait(Native Method)
        at org.apache.hadoop.hdds.scm.ha.BackgroundSCMService.run(BackgroundSCMService.java:110)
        at org.apache.hadoop.hdds.scm.ha.BackgroundSCMService$$Lambda$408/1110849047.run(Unknown Source)
        at java.lang.Thread.run(Thread.java:750)
"IPC Server handler 18 on default port 35421" daemon prio=5 tid=4593 timed_waiting
java.lang.Thread.State: TIMED_WAITING
        at sun.misc.Unsafe.park(Native Method)
        at java.util.concurrent.locks.LockSupport.parkNanos(LockSupport.java:215)
        at java.util.concurrent.locks.AbstractQueuedSynchronizer$ConditionObject.awaitNanos(AbstractQueuedSynchronizer.java:2078)
        at java.util.concurrent.LinkedBlockingQueue.poll(LinkedBlockingQueue.java:467)
        at org.apache.hadoop.ipc.CallQueueManager.take(CallQueueManager.java:317)
        at org.apache.hadoop.ipc.Server$Handler.run(Server.java:2942)
"ContainerOp-1a3410dc-4fd6-4954-94c6-9015fb128463-4"  prio=5 tid=6044 in Object.wait()
java.lang.Thread.State: WAITING (on object monitor)
        at sun.misc.Unsafe.park(Native Method)
        at java.util.concurrent.locks.LockSupport.park(LockSupport.java:175)
        at java.util.concurrent.locks.AbstractQueuedSynchronizer$ConditionObject.await(AbstractQueuedSynchronizer.java:2039)
        at java.util.concurrent.LinkedBlockingQueue.take(LinkedBlockingQueue.java:442)
        at java.util.concurrent.ThreadPoolExecutor.getTask(ThreadPoolExecutor.java:1074)
        at java.util.concurrent.ThreadPoolExecutor.runWorker(ThreadPoolExecutor.java:1134)
        at java.util.concurrent.ThreadPoolExecutor$Worker.run(ThreadPoolExecutor.java:624)
        at java.lang.Thread.run(Thread.java:750)
"Datanode ReportManager Thread - 2" daemon prio=5 tid=3952 in Object.wait()
java.lang.Thread.State: WAITING (on object monitor)
        at sun.misc.Unsafe.park(Native Method)
        at java.util.concurrent.locks.LockSupport.park(LockSupport.java:175)
        at java.util.concurrent.locks.AbstractQueuedSynchronizer$ConditionObject.await(AbstractQueuedSynchronizer.java:2039)
        at java.util.concurrent.ScheduledThreadPoolExecutor$DelayedWorkQueue.take(ScheduledThreadPoolExecutor.java:1088)
        at java.util.concurrent.ScheduledThreadPoolExecutor$DelayedWorkQueue.take(ScheduledThreadPoolExecutor.java:809)
        at java.util.concurrent.ThreadPoolExecutor.getTask(ThreadPoolExecutor.java:1074)
        at java.util.concurrent.ThreadPoolExecutor.runWorker(ThreadPoolExecutor.java:1134)
        at java.util.concurrent.ThreadPoolExecutor$Worker.run(ThreadPoolExecutor.java:624)
        at java.lang.Thread.run(Thread.java:750)
"ChunkWriter-0-0" daemon prio=5 tid=5263 in Object.wait()
java.lang.Thread.State: WAITING (on object monitor)
        at sun.misc.Unsafe.park(Native Method)
        at java.util.concurrent.locks.LockSupport.park(LockSupport.java:175)
        at java.util.concurrent.locks.AbstractQueuedSynchronizer$ConditionObject.await(AbstractQueuedSynchronizer.java:2039)
        at java.util.concurrent.LinkedBlockingDeque.takeFirst(LinkedBlockingDeque.java:492)
        at java.util.concurrent.LinkedBlockingDeque.take(LinkedBlockingDeque.java:680)
        at java.util.concurrent.ThreadPoolExecutor.getTask(ThreadPoolExecutor.java:1074)
        at java.util.concurrent.ThreadPoolExecutor.runWorker(ThreadPoolExecutor.java:1134)
        at java.util.concurrent.ThreadPoolExecutor$Worker.run(ThreadPoolExecutor.java:624)
        at java.lang.Thread.run(Thread.java:750)
"qtp114670926-4078" daemon prio=5 tid=4078 timed_waiting
java.lang.Thread.State: TIMED_WAITING
        at sun.misc.Unsafe.park(Native Method)
        at java.util.concurrent.locks.LockSupport.parkNanos(LockSupport.java:215)
        at java.util.concurrent.locks.AbstractQueuedSynchronizer$ConditionObject.awaitNanos(AbstractQueuedSynchronizer.java:2078)
        at org.eclipse.jetty.util.BlockingArrayQueue.poll(BlockingArrayQueue.java:382)
        at org.eclipse.jetty.util.thread.QueuedThreadPool$Runner.idleJobPoll(QueuedThreadPool.java:974)
        at org.eclipse.jetty.util.thread.QueuedThreadPool$Runner.run(QueuedThreadPool.java:1018)
        at java.lang.Thread.run(Thread.java:750)
"ChunkWriter-0-0" daemon prio=5 tid=6456 in Object.wait()
java.lang.Thread.State: WAITING (on object monitor)
        at sun.misc.Unsafe.park(Native Method)
        at java.util.concurrent.locks.LockSupport.park(LockSupport.java:175)
        at java.util.concurrent.locks.AbstractQueuedSynchronizer$ConditionObject.await(AbstractQueuedSynchronizer.java:2039)
        at java.util.concurrent.LinkedBlockingDeque.takeFirst(LinkedBlockingDeque.java:492)
        at java.util.concurrent.LinkedBlockingDeque.take(LinkedBlockingDeque.java:680)
        at java.util.concurrent.ThreadPoolExecutor.getTask(ThreadPoolExecutor.java:1074)
        at java.util.concurrent.ThreadPoolExecutor.runWorker(ThreadPoolExecutor.java:1134)
        at java.util.concurrent.ThreadPoolExecutor$Worker.run(ThreadPoolExecutor.java:624)
        at java.lang.Thread.run(Thread.java:750)
"e914e15b-3be6-457d-9bb6-bef1feb71ba6@group-D04F15A8E889-StateMachineUpdater" daemon prio=5 tid=5494 timed_waiting
java.lang.Thread.State: TIMED_WAITING
        at sun.misc.Unsafe.park(Native Method)
        at java.util.concurrent.locks.LockSupport.parkNanos(LockSupport.java:215)
        at java.util.concurrent.CompletableFuture$Signaller.block(CompletableFuture.java:1709)
        at java.util.concurrent.ForkJoinPool.managedBlock(ForkJoinPool.java:3323)
        at java.util.concurrent.CompletableFuture.timedGet(CompletableFuture.java:1788)
        at java.util.concurrent.CompletableFuture.get(CompletableFuture.java:1928)
        at org.apache.ratis.util.AwaitForSignal.await(AwaitForSignal.java:56)
        at org.apache.ratis.server.impl.StateMachineUpdater.waitForCommit(StateMachineUpdater.java:207)
        at org.apache.ratis.server.impl.StateMachineUpdater.run(StateMachineUpdater.java:176)
        at java.lang.Thread.run(Thread.java:750)
"OpenKeyCleanupService#0" daemon prio=5 tid=4854 timed_waiting
java.lang.Thread.State: TIMED_WAITING
        at sun.misc.Unsafe.park(Native Method)
        at java.util.concurrent.locks.LockSupport.parkNanos(LockSupport.java:215)
        at java.util.concurrent.locks.AbstractQueuedSynchronizer$ConditionObject.awaitNanos(AbstractQueuedSynchronizer.java:2078)
        at java.util.concurrent.ScheduledThreadPoolExecutor$DelayedWorkQueue.take(ScheduledThreadPoolExecutor.java:1093)
        at java.util.concurrent.ScheduledThreadPoolExecutor$DelayedWorkQueue.take(ScheduledThreadPoolExecutor.java:809)
        at java.util.concurrent.ThreadPoolExecutor.getTask(ThreadPoolExecutor.java:1074)
        at java.util.concurrent.ThreadPoolExecutor.runWorker(ThreadPoolExecutor.java:1134)
        at java.util.concurrent.ThreadPoolExecutor$Worker.run(ThreadPoolExecutor.java:624)
        at java.lang.Thread.run(Thread.java:750)
"StaleRecoveringContainerScrubbingService#1" daemon prio=5 tid=5402 timed_waiting
java.lang.Thread.State: TIMED_WAITING
        at sun.misc.Unsafe.park(Native Method)
        at java.util.concurrent.locks.LockSupport.parkNanos(LockSupport.java:215)
        at java.util.concurrent.locks.AbstractQueuedSynchronizer$ConditionObject.awaitNanos(AbstractQueuedSynchronizer.java:2078)
        at java.util.concurrent.ScheduledThreadPoolExecutor$DelayedWorkQueue.take(ScheduledThreadPoolExecutor.java:1093)
        at java.util.concurrent.ScheduledThreadPoolExecutor$DelayedWorkQueue.take(ScheduledThreadPoolExecutor.java:809)
        at java.util.concurrent.ThreadPoolExecutor.getTask(ThreadPoolExecutor.java:1074)
        at java.util.concurrent.ThreadPoolExecutor.runWorker(ThreadPoolExecutor.java:1134)
        at java.util.concurrent.ThreadPoolExecutor$Worker.run(ThreadPoolExecutor.java:624)
        at java.lang.Thread.run(Thread.java:750)
"87a1f2dd-43fb-444c-bcbf-3c07980bc85d@group-035BFDE93518-SegmentedRaftLogWorker"  prio=5 tid=4289 timed_waiting
java.lang.Thread.State: TIMED_WAITING
        at sun.misc.Unsafe.park(Native Method)
        at java.util.concurrent.locks.LockSupport.parkNanos(LockSupport.java:215)
        at java.util.concurrent.locks.AbstractQueuedSynchronizer$ConditionObject.awaitNanos(AbstractQueuedSynchronizer.java:2078)
        at org.apache.ratis.util.DataBlockingQueue.poll(DataBlockingQueue.java:148)
        at org.apache.ratis.server.raftlog.segmented.SegmentedRaftLogWorker.run(SegmentedRaftLogWorker.java:301)
        at org.apache.ratis.server.raftlog.segmented.SegmentedRaftLogWorker$$Lambda$646/1639153477.run(Unknown Source)
        at java.lang.Thread.run(Thread.java:750)
"BackgroundPipelineScrubberThread" daemon prio=5 tid=4535 timed_waiting
java.lang.Thread.State: TIMED_WAITING
        at java.lang.Object.wait(Native Method)
        at org.apache.hadoop.hdds.scm.ha.BackgroundSCMService.run(BackgroundSCMService.java:110)
        at org.apache.hadoop.hdds.scm.ha.BackgroundSCMService$$Lambda$408/1110849047.run(Unknown Source)
        at java.lang.Thread.run(Thread.java:750)
"IPC Server handler 14 on default port 40173" daemon prio=5 tid=6122 timed_waiting
java.lang.Thread.State: TIMED_WAITING
        at sun.misc.Unsafe.park(Native Method)
        at java.util.concurrent.locks.LockSupport.parkNanos(LockSupport.java:215)
        at java.util.concurrent.locks.AbstractQueuedSynchronizer$ConditionObject.awaitNanos(AbstractQueuedSynchronizer.java:2078)
        at java.util.concurrent.LinkedBlockingQueue.poll(LinkedBlockingQueue.java:467)
        at org.apache.hadoop.ipc.CallQueueManager.take(CallQueueManager.java:317)
        at org.apache.hadoop.ipc.Server$Handler.run(Server.java:2942)
"Datanode State Machine Task Thread - 0"  prio=5 tid=6362 in Object.wait()
java.lang.Thread.State: WAITING (on object monitor)
        at sun.misc.Unsafe.park(Native Method)
        at java.util.concurrent.locks.LockSupport.park(LockSupport.java:175)
        at java.util.concurrent.locks.AbstractQueuedSynchronizer$ConditionObject.await(AbstractQueuedSynchronizer.java:2039)
        at java.util.concurrent.LinkedBlockingQueue.take(LinkedBlockingQueue.java:442)
        at java.util.concurrent.ThreadPoolExecutor.getTask(ThreadPoolExecutor.java:1074)
        at java.util.concurrent.ThreadPoolExecutor.runWorker(ThreadPoolExecutor.java:1134)
        at java.util.concurrent.ThreadPoolExecutor$Worker.run(ThreadPoolExecutor.java:624)
        at java.lang.Thread.run(Thread.java:750)
"Datanode ReportManager Thread - 2" daemon prio=5 tid=6238 timed_waiting
java.lang.Thread.State: TIMED_WAITING
        at sun.misc.Unsafe.park(Native Method)
        at java.util.concurrent.locks.LockSupport.parkNanos(LockSupport.java:215)
        at java.util.concurrent.locks.AbstractQueuedSynchronizer$ConditionObject.awaitNanos(AbstractQueuedSynchronizer.java:2078)
        at java.util.concurrent.ScheduledThreadPoolExecutor$DelayedWorkQueue.take(ScheduledThreadPoolExecutor.java:1093)
        at java.util.concurrent.ScheduledThreadPoolExecutor$DelayedWorkQueue.take(ScheduledThreadPoolExecutor.java:809)
        at java.util.concurrent.ThreadPoolExecutor.getTask(ThreadPoolExecutor.java:1074)
        at java.util.concurrent.ThreadPoolExecutor.runWorker(ThreadPoolExecutor.java:1134)
        at java.util.concurrent.ThreadPoolExecutor$Worker.run(ThreadPoolExecutor.java:624)
        at java.lang.Thread.run(Thread.java:750)
"IPC Server handler 17 on default port 43303" daemon prio=5 tid=6828 timed_waiting
java.lang.Thread.State: TIMED_WAITING
        at sun.misc.Unsafe.park(Native Method)
        at java.util.concurrent.locks.LockSupport.parkNanos(LockSupport.java:215)
        at java.util.concurrent.locks.AbstractQueuedSynchronizer$ConditionObject.awaitNanos(AbstractQueuedSynchronizer.java:2078)
        at java.util.concurrent.LinkedBlockingQueue.poll(LinkedBlockingQueue.java:467)
        at org.apache.hadoop.ipc.CallQueueManager.take(CallQueueManager.java:317)
        at org.apache.hadoop.ipc.Server$Handler.run(Server.java:2942)
"ChunkWriter-1-0" daemon prio=5 tid=6506 in Object.wait()
java.lang.Thread.State: WAITING (on object monitor)
        at sun.misc.Unsafe.park(Native Method)
        at java.util.concurrent.locks.LockSupport.park(LockSupport.java:175)
        at java.util.concurrent.locks.AbstractQueuedSynchronizer$ConditionObject.await(AbstractQueuedSynchronizer.java:2039)
        at java.util.concurrent.LinkedBlockingDeque.takeFirst(LinkedBlockingDeque.java:492)
        at java.util.concurrent.LinkedBlockingDeque.take(LinkedBlockingDeque.java:680)
        at java.util.concurrent.ThreadPoolExecutor.getTask(ThreadPoolExecutor.java:1074)
        at java.util.concurrent.ThreadPoolExecutor.runWorker(ThreadPoolExecutor.java:1134)
        at java.util.concurrent.ThreadPoolExecutor$Worker.run(ThreadPoolExecutor.java:624)
        at java.lang.Thread.run(Thread.java:750)
"ChunkWriter-3-0" daemon prio=5 tid=5360 in Object.wait()
java.lang.Thread.State: WAITING (on object monitor)
        at sun.misc.Unsafe.park(Native Method)
        at java.util.concurrent.locks.LockSupport.park(LockSupport.java:175)
        at java.util.concurrent.locks.AbstractQueuedSynchronizer$ConditionObject.await(AbstractQueuedSynchronizer.java:2039)
        at java.util.concurrent.LinkedBlockingDeque.takeFirst(LinkedBlockingDeque.java:492)
        at java.util.concurrent.LinkedBlockingDeque.take(LinkedBlockingDeque.java:680)
        at java.util.concurrent.ThreadPoolExecutor.getTask(ThreadPoolExecutor.java:1074)
        at java.util.concurrent.ThreadPoolExecutor.runWorker(ThreadPoolExecutor.java:1134)
        at java.util.concurrent.ThreadPoolExecutor$Worker.run(ThreadPoolExecutor.java:624)
        at java.lang.Thread.run(Thread.java:750)
"IPC Server handler 0 on default port 43303" daemon prio=5 tid=6811 timed_waiting
java.lang.Thread.State: TIMED_WAITING
        at sun.misc.Unsafe.park(Native Method)
        at java.util.concurrent.locks.LockSupport.parkNanos(LockSupport.java:215)
        at java.util.concurrent.locks.AbstractQueuedSynchronizer$ConditionObject.awaitNanos(AbstractQueuedSynchronizer.java:2078)
        at java.util.concurrent.LinkedBlockingQueue.poll(LinkedBlockingQueue.java:467)
        at org.apache.hadoop.ipc.CallQueueManager.take(CallQueueManager.java:317)
        at org.apache.hadoop.ipc.Server$Handler.run(Server.java:2942)
"qtp1307868917-5222" daemon prio=5 tid=5222 runnable
java.lang.Thread.State: RUNNABLE
        at sun.nio.ch.EPollArrayWrapper.epollWait(Native Method)
        at sun.nio.ch.EPollArrayWrapper.poll(EPollArrayWrapper.java:269)
        at sun.nio.ch.EPollSelectorImpl.doSelect(EPollSelectorImpl.java:93)
        at sun.nio.ch.SelectorImpl.lockAndDoSelect(SelectorImpl.java:86)
        at sun.nio.ch.SelectorImpl.select(SelectorImpl.java:97)
        at sun.nio.ch.SelectorImpl.select(SelectorImpl.java:101)
        at org.eclipse.jetty.io.ManagedSelector.nioSelect(ManagedSelector.java:183)
        at org.eclipse.jetty.io.ManagedSelector.select(ManagedSelector.java:190)
        at org.eclipse.jetty.io.ManagedSelector$SelectorProducer.select(ManagedSelector.java:606)
        at org.eclipse.jetty.io.ManagedSelector$SelectorProducer.produce(ManagedSelector.java:543)
        at org.eclipse.jetty.util.thread.strategy.EatWhatYouKill.produceTask(EatWhatYouKill.java:362)
        at org.eclipse.jetty.util.thread.strategy.EatWhatYouKill.doProduce(EatWhatYouKill.java:186)
        at org.eclipse.jetty.util.thread.strategy.EatWhatYouKill.tryProduce(EatWhatYouKill.java:173)
        at org.eclipse.jetty.util.thread.strategy.EatWhatYouKill.produce(EatWhatYouKill.java:137)
        at org.eclipse.jetty.io.ManagedSelector$$Lambda$478/1665851504.run(Unknown Source)
        at org.eclipse.jetty.util.thread.QueuedThreadPool.runJob(QueuedThreadPool.java:883)
        at org.eclipse.jetty.util.thread.QueuedThreadPool$Runner.run(QueuedThreadPool.java:1034)
        at java.lang.Thread.run(Thread.java:750)
"pool-3853-thread-1"  prio=5 tid=6420 timed_waiting
java.lang.Thread.State: TIMED_WAITING
        at sun.misc.Unsafe.park(Native Method)
        at java.util.concurrent.locks.LockSupport.parkNanos(LockSupport.java:215)
        at java.util.concurrent.locks.AbstractQueuedSynchronizer$ConditionObject.awaitNanos(AbstractQueuedSynchronizer.java:2078)
        at java.util.concurrent.ScheduledThreadPoolExecutor$DelayedWorkQueue.take(ScheduledThreadPoolExecutor.java:1093)
        at java.util.concurrent.ScheduledThreadPoolExecutor$DelayedWorkQueue.take(ScheduledThreadPoolExecutor.java:809)
        at java.util.concurrent.ThreadPoolExecutor.getTask(ThreadPoolExecutor.java:1074)
        at java.util.concurrent.ThreadPoolExecutor.runWorker(ThreadPoolExecutor.java:1134)
        at java.util.concurrent.ThreadPoolExecutor$Worker.run(ThreadPoolExecutor.java:624)
        at java.lang.Thread.run(Thread.java:750)
"ContainerOp-1a3410dc-4fd6-4954-94c6-9015fb128463-8"  prio=5 tid=6214 in Object.wait()
java.lang.Thread.State: WAITING (on object monitor)
        at sun.misc.Unsafe.park(Native Method)
        at java.util.concurrent.locks.LockSupport.park(LockSupport.java:175)
        at java.util.concurrent.locks.AbstractQueuedSynchronizer$ConditionObject.await(AbstractQueuedSynchronizer.java:2039)
        at java.util.concurrent.LinkedBlockingQueue.take(LinkedBlockingQueue.java:442)
        at java.util.concurrent.ThreadPoolExecutor.getTask(ThreadPoolExecutor.java:1074)
        at java.util.concurrent.ThreadPoolExecutor.runWorker(ThreadPoolExecutor.java:1134)
        at java.util.concurrent.ThreadPoolExecutor$Worker.run(ThreadPoolExecutor.java:624)
        at java.lang.Thread.run(Thread.java:750)
"org.apache.hadoop.util.JvmPauseMonitor$Monitor@2180e60e" daemon prio=5 tid=3956 timed_waiting
java.lang.Thread.State: TIMED_WAITING
        at java.lang.Thread.sleep(Native Method)
        at org.apache.hadoop.util.JvmPauseMonitor$Monitor.run(JvmPauseMonitor.java:192)
        at java.lang.Thread.run(Thread.java:750)
"BlockDeletingService#1" daemon prio=5 tid=6480 in Object.wait()
java.lang.Thread.State: WAITING (on object monitor)
        at sun.misc.Unsafe.park(Native Method)
        at java.util.concurrent.locks.LockSupport.park(LockSupport.java:175)
        at java.util.concurrent.locks.AbstractQueuedSynchronizer$ConditionObject.await(AbstractQueuedSynchronizer.java:2039)
        at java.util.concurrent.ScheduledThreadPoolExecutor$DelayedWorkQueue.take(ScheduledThreadPoolExecutor.java:1088)
        at java.util.concurrent.ScheduledThreadPoolExecutor$DelayedWorkQueue.take(ScheduledThreadPoolExecutor.java:809)
        at java.util.concurrent.ThreadPoolExecutor.getTask(ThreadPoolExecutor.java:1074)
        at java.util.concurrent.ThreadPoolExecutor.runWorker(ThreadPoolExecutor.java:1134)
        at java.util.concurrent.ThreadPoolExecutor$Worker.run(ThreadPoolExecutor.java:624)
        at java.lang.Thread.run(Thread.java:750)
"pool-2279-thread-1"  prio=5 tid=3995 timed_waiting
java.lang.Thread.State: TIMED_WAITING
        at sun.misc.Unsafe.park(Native Method)
        at java.util.concurrent.locks.LockSupport.parkNanos(LockSupport.java:215)
        at java.util.concurrent.locks.AbstractQueuedSynchronizer$ConditionObject.awaitNanos(AbstractQueuedSynchronizer.java:2078)
        at java.util.concurrent.ScheduledThreadPoolExecutor$DelayedWorkQueue.take(ScheduledThreadPoolExecutor.java:1093)
        at java.util.concurrent.ScheduledThreadPoolExecutor$DelayedWorkQueue.take(ScheduledThreadPoolExecutor.java:809)
        at java.util.concurrent.ThreadPoolExecutor.getTask(ThreadPoolExecutor.java:1074)
        at java.util.concurrent.ThreadPoolExecutor.runWorker(ThreadPoolExecutor.java:1134)
        at java.util.concurrent.ThreadPoolExecutor$Worker.run(ThreadPoolExecutor.java:624)
        at java.lang.Thread.run(Thread.java:750)
"Datanode ReportManager Thread - 2" daemon prio=5 tid=5256 in Object.wait()
java.lang.Thread.State: WAITING (on object monitor)
        at sun.misc.Unsafe.park(Native Method)
        at java.util.concurrent.locks.LockSupport.park(LockSupport.java:175)
        at java.util.concurrent.locks.AbstractQueuedSynchronizer$ConditionObject.await(AbstractQueuedSynchronizer.java:2039)
        at java.util.concurrent.ScheduledThreadPoolExecutor$DelayedWorkQueue.take(ScheduledThreadPoolExecutor.java:1088)
        at java.util.concurrent.ScheduledThreadPoolExecutor$DelayedWorkQueue.take(ScheduledThreadPoolExecutor.java:809)
        at java.util.concurrent.ThreadPoolExecutor.getTask(ThreadPoolExecutor.java:1074)
        at java.util.concurrent.ThreadPoolExecutor.runWorker(ThreadPoolExecutor.java:1134)
        at java.util.concurrent.ThreadPoolExecutor$Worker.run(ThreadPoolExecutor.java:624)
        at java.lang.Thread.run(Thread.java:750)
"IPC Server handler 16 on default port 43303" daemon prio=5 tid=6827 timed_waiting
java.lang.Thread.State: TIMED_WAITING
        at sun.misc.Unsafe.park(Native Method)
        at java.util.concurrent.locks.LockSupport.parkNanos(LockSupport.java:215)
        at java.util.concurrent.locks.AbstractQueuedSynchronizer$ConditionObject.awaitNanos(AbstractQueuedSynchronizer.java:2078)
        at java.util.concurrent.LinkedBlockingQueue.poll(LinkedBlockingQueue.java:467)
        at org.apache.hadoop.ipc.CallQueueManager.take(CallQueueManager.java:317)
        at org.apache.hadoop.ipc.Server$Handler.run(Server.java:2942)
"4d4feef0-6754-49f5-8e19-57d58c5c04b3@group-0CBB49F4AF40-FollowerState" daemon prio=5 tid=5607 timed_waiting
java.lang.Thread.State: TIMED_WAITING
        at java.lang.Thread.sleep(Native Method)
        at java.lang.Thread.sleep(Thread.java:342)
        at java.util.concurrent.TimeUnit.sleep(TimeUnit.java:386)
        at org.apache.ratis.util.TimeDuration.sleep(TimeDuration.java:325)
        at org.apache.ratis.util.TimeDuration.sleep(TimeDuration.java:310)
        at org.apache.ratis.server.impl.FollowerState.run(FollowerState.java:128)
"pool-2361-thread-1"  prio=5 tid=4070 timed_waiting
java.lang.Thread.State: TIMED_WAITING
        at sun.misc.Unsafe.park(Native Method)
        at java.util.concurrent.locks.LockSupport.parkNanos(LockSupport.java:215)
        at java.util.concurrent.locks.AbstractQueuedSynchronizer$ConditionObject.awaitNanos(AbstractQueuedSynchronizer.java:2078)
        at java.util.concurrent.ScheduledThreadPoolExecutor$DelayedWorkQueue.take(ScheduledThreadPoolExecutor.java:1093)
        at java.util.concurrent.ScheduledThreadPoolExecutor$DelayedWorkQueue.take(ScheduledThreadPoolExecutor.java:809)
        at java.util.concurrent.ThreadPoolExecutor.getTask(ThreadPoolExecutor.java:1074)
        at java.util.concurrent.ThreadPoolExecutor.runWorker(ThreadPoolExecutor.java:1134)
        at java.util.concurrent.ThreadPoolExecutor$Worker.run(ThreadPoolExecutor.java:624)
        at java.lang.Thread.run(Thread.java:750)
"Datanode ReportManager Thread - 0" daemon prio=5 tid=4008 in Object.wait()
java.lang.Thread.State: WAITING (on object monitor)
        at sun.misc.Unsafe.park(Native Method)
        at java.util.concurrent.locks.LockSupport.park(LockSupport.java:175)
        at java.util.concurrent.locks.AbstractQueuedSynchronizer$ConditionObject.await(AbstractQueuedSynchronizer.java:2039)
        at java.util.concurrent.ScheduledThreadPoolExecutor$DelayedWorkQueue.take(ScheduledThreadPoolExecutor.java:1088)
        at java.util.concurrent.ScheduledThreadPoolExecutor$DelayedWorkQueue.take(ScheduledThreadPoolExecutor.java:809)
        at java.util.concurrent.ThreadPoolExecutor.getTask(ThreadPoolExecutor.java:1074)
        at java.util.concurrent.ThreadPoolExecutor.runWorker(ThreadPoolExecutor.java:1134)
        at java.util.concurrent.ThreadPoolExecutor$Worker.run(ThreadPoolExecutor.java:624)
        at java.lang.Thread.run(Thread.java:750)
"om1@group-C5BA1605619E-StateMachineUpdater" daemon prio=5 tid=4738 timed_waiting
java.lang.Thread.State: TIMED_WAITING
        at sun.misc.Unsafe.park(Native Method)
        at java.util.concurrent.locks.LockSupport.parkNanos(LockSupport.java:215)
        at java.util.concurrent.CompletableFuture$Signaller.block(CompletableFuture.java:1709)
        at java.util.concurrent.ForkJoinPool.managedBlock(ForkJoinPool.java:3323)
        at java.util.concurrent.CompletableFuture.timedGet(CompletableFuture.java:1788)
        at java.util.concurrent.CompletableFuture.get(CompletableFuture.java:1928)
        at org.apache.ratis.util.AwaitForSignal.await(AwaitForSignal.java:56)
        at org.apache.ratis.server.impl.StateMachineUpdater.waitForCommit(StateMachineUpdater.java:207)
        at org.apache.ratis.server.impl.StateMachineUpdater.run(StateMachineUpdater.java:176)
        at java.lang.Thread.run(Thread.java:750)
"qtp648959186-3970" daemon prio=5 tid=3970 timed_waiting
java.lang.Thread.State: TIMED_WAITING
        at sun.misc.Unsafe.park(Native Method)
        at java.util.concurrent.locks.LockSupport.parkNanos(LockSupport.java:215)
        at java.util.concurrent.locks.AbstractQueuedSynchronizer$ConditionObject.awaitNanos(AbstractQueuedSynchronizer.java:2078)
        at org.eclipse.jetty.util.BlockingArrayQueue.poll(BlockingArrayQueue.java:382)
        at org.eclipse.jetty.util.thread.QueuedThreadPool$Runner.idleJobPoll(QueuedThreadPool.java:974)
        at org.eclipse.jetty.util.thread.QueuedThreadPool$Runner.run(QueuedThreadPool.java:1018)
        at java.lang.Thread.run(Thread.java:750)
"EventQueue-CommandQueueReportForCommandQueueReportHandler" daemon prio=5 tid=6534 in Object.wait()
java.lang.Thread.State: WAITING (on object monitor)
        at sun.misc.Unsafe.park(Native Method)
        at java.util.concurrent.locks.LockSupport.park(LockSupport.java:175)
        at java.util.concurrent.locks.AbstractQueuedSynchronizer$ConditionObject.await(AbstractQueuedSynchronizer.java:2039)
        at java.util.concurrent.LinkedBlockingQueue.take(LinkedBlockingQueue.java:442)
        at java.util.concurrent.ThreadPoolExecutor.getTask(ThreadPoolExecutor.java:1074)
        at java.util.concurrent.ThreadPoolExecutor.runWorker(ThreadPoolExecutor.java:1134)
        at java.util.concurrent.ThreadPoolExecutor$Worker.run(ThreadPoolExecutor.java:624)
        at java.lang.Thread.run(Thread.java:750)
"IPC Server handler 19 on default port 43793" daemon prio=5 tid=4614 timed_waiting
java.lang.Thread.State: TIMED_WAITING
        at sun.misc.Unsafe.park(Native Method)
        at java.util.concurrent.locks.LockSupport.parkNanos(LockSupport.java:215)
        at java.util.concurrent.locks.AbstractQueuedSynchronizer$ConditionObject.awaitNanos(AbstractQueuedSynchronizer.java:2078)
        at java.util.concurrent.LinkedBlockingQueue.poll(LinkedBlockingQueue.java:467)
        at org.apache.hadoop.ipc.CallQueueManager.take(CallQueueManager.java:317)
        at org.apache.hadoop.ipc.Server$Handler.run(Server.java:2942)
"FullTableCache Cleanup Thread - 0" daemon prio=5 tid=4526 in Object.wait()
java.lang.Thread.State: WAITING (on object monitor)
        at sun.misc.Unsafe.park(Native Method)
        at java.util.concurrent.locks.LockSupport.park(LockSupport.java:175)
        at java.util.concurrent.locks.AbstractQueuedSynchronizer$ConditionObject.await(AbstractQueuedSynchronizer.java:2039)
        at java.util.concurrent.LinkedBlockingQueue.take(LinkedBlockingQueue.java:442)
        at java.util.concurrent.ThreadPoolExecutor.getTask(ThreadPoolExecutor.java:1074)
        at java.util.concurrent.ThreadPoolExecutor.runWorker(ThreadPoolExecutor.java:1134)
        at java.util.concurrent.ThreadPoolExecutor$Worker.run(ThreadPoolExecutor.java:624)
        at java.lang.Thread.run(Thread.java:750)
"StaleRecoveringContainerScrubbingService#0" daemon prio=5 tid=5383 in Object.wait()
java.lang.Thread.State: WAITING (on object monitor)
        at sun.misc.Unsafe.park(Native Method)
        at java.util.concurrent.locks.LockSupport.park(LockSupport.java:175)
        at java.util.concurrent.locks.AbstractQueuedSynchronizer$ConditionObject.await(AbstractQueuedSynchronizer.java:2039)
        at java.util.concurrent.ScheduledThreadPoolExecutor$DelayedWorkQueue.take(ScheduledThreadPoolExecutor.java:1088)
        at java.util.concurrent.ScheduledThreadPoolExecutor$DelayedWorkQueue.take(ScheduledThreadPoolExecutor.java:809)
        at java.util.concurrent.ThreadPoolExecutor.getTask(ThreadPoolExecutor.java:1074)
        at java.util.concurrent.ThreadPoolExecutor.runWorker(ThreadPoolExecutor.java:1134)
        at java.util.concurrent.ThreadPoolExecutor$Worker.run(ThreadPoolExecutor.java:624)
        at java.lang.Thread.run(Thread.java:750)
"IPC Server handler 6 on default port 46525" daemon prio=5 tid=3800 timed_waiting
java.lang.Thread.State: TIMED_WAITING
        at sun.misc.Unsafe.park(Native Method)
        at java.util.concurrent.locks.LockSupport.parkNanos(LockSupport.java:215)
        at java.util.concurrent.locks.AbstractQueuedSynchronizer$ConditionObject.awaitNanos(AbstractQueuedSynchronizer.java:2078)
        at java.util.concurrent.LinkedBlockingQueue.poll(LinkedBlockingQueue.java:467)
        at org.apache.hadoop.ipc.CallQueueManager.take(CallQueueManager.java:317)
        at org.apache.hadoop.ipc.Server$Handler.run(Server.java:2942)
"StaleRecoveringContainerScrubbingService#0" daemon prio=5 tid=4158 in Object.wait()
java.lang.Thread.State: WAITING (on object monitor)
        at sun.misc.Unsafe.park(Native Method)
        at java.util.concurrent.locks.LockSupport.park(LockSupport.java:175)
        at java.util.concurrent.locks.AbstractQueuedSynchronizer$ConditionObject.await(AbstractQueuedSynchronizer.java:2039)
        at java.util.concurrent.ScheduledThreadPoolExecutor$DelayedWorkQueue.take(ScheduledThreadPoolExecutor.java:1088)
        at java.util.concurrent.ScheduledThreadPoolExecutor$DelayedWorkQueue.take(ScheduledThreadPoolExecutor.java:809)
        at java.util.concurrent.ThreadPoolExecutor.getTask(ThreadPoolExecutor.java:1074)
        at java.util.concurrent.ThreadPoolExecutor.runWorker(ThreadPoolExecutor.java:1134)
        at java.util.concurrent.ThreadPoolExecutor$Worker.run(ThreadPoolExecutor.java:624)
        at java.lang.Thread.run(Thread.java:750)
"IPC Server handler 3 on default port 40173" daemon prio=5 tid=6111 timed_waiting
java.lang.Thread.State: TIMED_WAITING
        at sun.misc.Unsafe.park(Native Method)
        at java.util.concurrent.locks.LockSupport.parkNanos(LockSupport.java:215)
        at java.util.concurrent.locks.AbstractQueuedSynchronizer$ConditionObject.awaitNanos(AbstractQueuedSynchronizer.java:2078)
        at java.util.concurrent.LinkedBlockingQueue.poll(LinkedBlockingQueue.java:467)
        at org.apache.hadoop.ipc.CallQueueManager.take(CallQueueManager.java:317)
        at org.apache.hadoop.ipc.Server$Handler.run(Server.java:2942)
"IPC Server handler 13 on default port 43793" daemon prio=5 tid=4608 timed_waiting
java.lang.Thread.State: TIMED_WAITING
        at sun.misc.Unsafe.park(Native Method)
        at java.util.concurrent.locks.LockSupport.parkNanos(LockSupport.java:215)
        at java.util.concurrent.locks.AbstractQueuedSynchronizer$ConditionObject.awaitNanos(AbstractQueuedSynchronizer.java:2078)
        at java.util.concurrent.LinkedBlockingQueue.poll(LinkedBlockingQueue.java:467)
        at org.apache.hadoop.ipc.CallQueueManager.take(CallQueueManager.java:317)
        at org.apache.hadoop.ipc.Server$Handler.run(Server.java:2942)
"pool-2108-thread-1"  prio=5 tid=3652 in Object.wait()
java.lang.Thread.State: WAITING (on object monitor)
        at sun.misc.Unsafe.park(Native Method)
        at java.util.concurrent.locks.LockSupport.park(LockSupport.java:175)
        at java.util.concurrent.locks.AbstractQueuedSynchronizer$ConditionObject.await(AbstractQueuedSynchronizer.java:2039)
        at java.util.concurrent.LinkedBlockingQueue.take(LinkedBlockingQueue.java:442)
        at java.util.concurrent.ThreadPoolExecutor.getTask(ThreadPoolExecutor.java:1074)
        at java.util.concurrent.ThreadPoolExecutor.runWorker(ThreadPoolExecutor.java:1134)
        at java.util.concurrent.ThreadPoolExecutor$Worker.run(ThreadPoolExecutor.java:624)
        at java.lang.Thread.run(Thread.java:750)
"IPC Server handler 9 on default port 40471" daemon prio=5 tid=6800 timed_waiting
java.lang.Thread.State: TIMED_WAITING
        at sun.misc.Unsafe.park(Native Method)
        at java.util.concurrent.locks.LockSupport.parkNanos(LockSupport.java:215)
        at java.util.concurrent.locks.AbstractQueuedSynchronizer$ConditionObject.awaitNanos(AbstractQueuedSynchronizer.java:2078)
        at java.util.concurrent.LinkedBlockingQueue.poll(LinkedBlockingQueue.java:467)
        at org.apache.hadoop.ipc.CallQueueManager.take(CallQueueManager.java:317)
        at org.apache.hadoop.ipc.Server$Handler.run(Server.java:2942)
"ec-reconstruct-reader-TID-1"  prio=5 tid=5754 in Object.wait()
java.lang.Thread.State: WAITING (on object monitor)
        at sun.misc.Unsafe.park(Native Method)
        at java.util.concurrent.locks.LockSupport.park(LockSupport.java:175)
        at java.util.concurrent.SynchronousQueue$TransferStack.awaitFulfill(SynchronousQueue.java:458)
        at java.util.concurrent.SynchronousQueue$TransferStack.transfer(SynchronousQueue.java:362)
        at java.util.concurrent.SynchronousQueue.take(SynchronousQueue.java:924)
        at java.util.concurrent.ThreadPoolExecutor.getTask(ThreadPoolExecutor.java:1074)
        at java.util.concurrent.ThreadPoolExecutor.runWorker(ThreadPoolExecutor.java:1134)
        at java.util.concurrent.ThreadPoolExecutor$Worker.run(ThreadPoolExecutor.java:624)
        at java.lang.Thread.run(Thread.java:750)
"ChunkWriter-3-0" daemon prio=5 tid=5266 in Object.wait()
java.lang.Thread.State: WAITING (on object monitor)
        at sun.misc.Unsafe.park(Native Method)
        at java.util.concurrent.locks.LockSupport.park(LockSupport.java:175)
        at java.util.concurrent.locks.AbstractQueuedSynchronizer$ConditionObject.await(AbstractQueuedSynchronizer.java:2039)
        at java.util.concurrent.LinkedBlockingDeque.takeFirst(LinkedBlockingDeque.java:492)
        at java.util.concurrent.LinkedBlockingDeque.take(LinkedBlockingDeque.java:680)
        at java.util.concurrent.ThreadPoolExecutor.getTask(ThreadPoolExecutor.java:1074)
        at java.util.concurrent.ThreadPoolExecutor.runWorker(ThreadPoolExecutor.java:1134)
        at java.util.concurrent.ThreadPoolExecutor$Worker.run(ThreadPoolExecutor.java:624)
        at java.lang.Thread.run(Thread.java:750)
"IPC Server handler 8 on default port 46525" daemon prio=5 tid=3802 timed_waiting
java.lang.Thread.State: TIMED_WAITING
        at sun.misc.Unsafe.park(Native Method)
        at java.util.concurrent.locks.LockSupport.parkNanos(LockSupport.java:215)
        at java.util.concurrent.locks.AbstractQueuedSynchronizer$ConditionObject.awaitNanos(AbstractQueuedSynchronizer.java:2078)
        at java.util.concurrent.LinkedBlockingQueue.poll(LinkedBlockingQueue.java:467)
        at org.apache.hadoop.ipc.CallQueueManager.take(CallQueueManager.java:317)
        at org.apache.hadoop.ipc.Server$Handler.run(Server.java:2942)
"ContainerOp-1a3410dc-4fd6-4954-94c6-9015fb128463-3"  prio=5 tid=6035 in Object.wait()
java.lang.Thread.State: WAITING (on object monitor)
        at sun.misc.Unsafe.park(Native Method)
        at java.util.concurrent.locks.LockSupport.park(LockSupport.java:175)
        at java.util.concurrent.locks.AbstractQueuedSynchronizer$ConditionObject.await(AbstractQueuedSynchronizer.java:2039)
        at java.util.concurrent.LinkedBlockingQueue.take(LinkedBlockingQueue.java:442)
        at java.util.concurrent.ThreadPoolExecutor.getTask(ThreadPoolExecutor.java:1074)
        at java.util.concurrent.ThreadPoolExecutor.runWorker(ThreadPoolExecutor.java:1134)
        at java.util.concurrent.ThreadPoolExecutor$Worker.run(ThreadPoolExecutor.java:624)
        at java.lang.Thread.run(Thread.java:750)
"c53e9dec-04d8-4017-ae1e-e704ed095001@group-A3339B58DE84-SegmentedRaftLogWorker"  prio=5 tid=6712 timed_waiting
java.lang.Thread.State: TIMED_WAITING
        at sun.misc.Unsafe.park(Native Method)
        at java.util.concurrent.locks.LockSupport.parkNanos(LockSupport.java:215)
        at java.util.concurrent.locks.AbstractQueuedSynchronizer$ConditionObject.awaitNanos(AbstractQueuedSynchronizer.java:2078)
        at org.apache.ratis.util.DataBlockingQueue.poll(DataBlockingQueue.java:148)
        at org.apache.ratis.server.raftlog.segmented.SegmentedRaftLogWorker.run(SegmentedRaftLogWorker.java:301)
        at org.apache.ratis.server.raftlog.segmented.SegmentedRaftLogWorker$$Lambda$646/1639153477.run(Unknown Source)
        at java.lang.Thread.run(Thread.java:750)
"ed0c9528-2c8b-4614-9eef-2d120a058ddc@group-C8483D63BD31-SegmentedRaftLogWorker"  prio=5 tid=6682 timed_waiting
java.lang.Thread.State: TIMED_WAITING
        at sun.misc.Unsafe.park(Native Method)
        at java.util.concurrent.locks.LockSupport.parkNanos(LockSupport.java:215)
        at java.util.concurrent.locks.AbstractQueuedSynchronizer$ConditionObject.awaitNanos(AbstractQueuedSynchronizer.java:2078)
        at org.apache.ratis.util.DataBlockingQueue.poll(DataBlockingQueue.java:148)
        at org.apache.ratis.server.raftlog.segmented.SegmentedRaftLogWorker.run(SegmentedRaftLogWorker.java:301)
        at org.apache.ratis.server.raftlog.segmented.SegmentedRaftLogWorker$$Lambda$646/1639153477.run(Unknown Source)
        at java.lang.Thread.run(Thread.java:750)
"DataNode DiskChecker thread 0" daemon prio=5 tid=6337 timed_waiting
java.lang.Thread.State: TIMED_WAITING
        at sun.misc.Unsafe.park(Native Method)
        at java.util.concurrent.locks.LockSupport.parkNanos(LockSupport.java:215)
        at java.util.concurrent.SynchronousQueue$TransferStack.awaitFulfill(SynchronousQueue.java:460)
        at java.util.concurrent.SynchronousQueue$TransferStack.transfer(SynchronousQueue.java:362)
        at java.util.concurrent.SynchronousQueue.poll(SynchronousQueue.java:941)
        at java.util.concurrent.ThreadPoolExecutor.getTask(ThreadPoolExecutor.java:1073)
        at java.util.concurrent.ThreadPoolExecutor.runWorker(ThreadPoolExecutor.java:1134)
        at java.util.concurrent.ThreadPoolExecutor$Worker.run(ThreadPoolExecutor.java:624)
        at java.lang.Thread.run(Thread.java:750)
"IPC Server idle connection scanner for port 35375" daemon prio=5 tid=4828 timed_waiting
java.lang.Thread.State: TIMED_WAITING
        at java.lang.Object.wait(Native Method)
        at java.util.TimerThread.mainLoop(Timer.java:552)
        at java.util.TimerThread.run(Timer.java:505)
"EndpointStateMachine task thread for /0.0.0.0:36781 - 0 "  prio=5 tid=5392 in Object.wait()
java.lang.Thread.State: WAITING (on object monitor)
        at sun.misc.Unsafe.park(Native Method)
        at java.util.concurrent.locks.LockSupport.park(LockSupport.java:175)
        at java.util.concurrent.locks.AbstractQueuedSynchronizer$ConditionObject.await(AbstractQueuedSynchronizer.java:2039)
        at java.util.concurrent.LinkedBlockingQueue.take(LinkedBlockingQueue.java:442)
        at java.util.concurrent.ThreadPoolExecutor.getTask(ThreadPoolExecutor.java:1074)
        at java.util.concurrent.ThreadPoolExecutor.runWorker(ThreadPoolExecutor.java:1134)
        at java.util.concurrent.ThreadPoolExecutor$Worker.run(ThreadPoolExecutor.java:624)
        at java.lang.Thread.run(Thread.java:750)
"qtp539481455-6861" daemon prio=5 tid=6861 timed_waiting
java.lang.Thread.State: TIMED_WAITING
        at sun.misc.Unsafe.park(Native Method)
        at java.util.concurrent.locks.LockSupport.parkNanos(LockSupport.java:215)
        at java.util.concurrent.locks.AbstractQueuedSynchronizer$ConditionObject.awaitNanos(AbstractQueuedSynchronizer.java:2078)
        at org.eclipse.jetty.util.BlockingArrayQueue.poll(BlockingArrayQueue.java:382)
        at org.eclipse.jetty.util.thread.QueuedThreadPool$Runner.idleJobPoll(QueuedThreadPool.java:974)
        at org.eclipse.jetty.util.thread.QueuedThreadPool$Runner.run(QueuedThreadPool.java:1018)
        at java.lang.Thread.run(Thread.java:750)
"Session-HouseKeeper-7e9d192a-1"  prio=5 tid=4871 timed_waiting
java.lang.Thread.State: TIMED_WAITING
        at sun.misc.Unsafe.park(Native Method)
        at java.util.concurrent.locks.LockSupport.parkNanos(LockSupport.java:215)
        at java.util.concurrent.locks.AbstractQueuedSynchronizer$ConditionObject.awaitNanos(AbstractQueuedSynchronizer.java:2078)
        at java.util.concurrent.ScheduledThreadPoolExecutor$DelayedWorkQueue.take(ScheduledThreadPoolExecutor.java:1093)
        at java.util.concurrent.ScheduledThreadPoolExecutor$DelayedWorkQueue.take(ScheduledThreadPoolExecutor.java:809)
        at java.util.concurrent.ThreadPoolExecutor.getTask(ThreadPoolExecutor.java:1074)
        at java.util.concurrent.ThreadPoolExecutor.runWorker(ThreadPoolExecutor.java:1134)
        at java.util.concurrent.ThreadPoolExecutor$Worker.run(ThreadPoolExecutor.java:624)
        at java.lang.Thread.run(Thread.java:750)
"qtp595932500-4036" daemon prio=5 tid=4036 timed_waiting
java.lang.Thread.State: TIMED_WAITING
        at sun.misc.Unsafe.park(Native Method)
        at java.util.concurrent.locks.LockSupport.parkNanos(LockSupport.java:215)
        at java.util.concurrent.locks.AbstractQueuedSynchronizer$ConditionObject.awaitNanos(AbstractQueuedSynchronizer.java:2078)
        at org.eclipse.jetty.util.BlockingArrayQueue.poll(BlockingArrayQueue.java:382)
        at org.eclipse.jetty.util.thread.QueuedThreadPool$Runner.idleJobPoll(QueuedThreadPool.java:974)
        at org.eclipse.jetty.util.thread.QueuedThreadPool$Runner.run(QueuedThreadPool.java:1018)
        at java.lang.Thread.run(Thread.java:750)
"IPC Client (1662431325) connection to /0.0.0.0:35863 from runner" daemon prio=5 tid=6393 timed_waiting
java.lang.Thread.State: TIMED_WAITING
        at java.lang.Object.wait(Native Method)
        at org.apache.hadoop.ipc.Client$Connection.waitForWork(Client.java:1086)
        at org.apache.hadoop.ipc.Client$Connection.run(Client.java:1133)
"IPC Server handler 3 on default port 36781" daemon prio=5 tid=4618 timed_waiting
java.lang.Thread.State: TIMED_WAITING
        at sun.misc.Unsafe.park(Native Method)
        at java.util.concurrent.locks.LockSupport.parkNanos(LockSupport.java:215)
        at java.util.concurrent.locks.AbstractQueuedSynchronizer$ConditionObject.awaitNanos(AbstractQueuedSynchronizer.java:2078)
        at java.util.concurrent.LinkedBlockingQueue.poll(LinkedBlockingQueue.java:467)
        at org.apache.hadoop.ipc.CallQueueManager.take(CallQueueManager.java:317)
        at org.apache.hadoop.ipc.Server$Handler.run(Server.java:2942)
"pool-2229-thread-1"  prio=5 tid=3936 timed_waiting
java.lang.Thread.State: TIMED_WAITING
        at sun.misc.Unsafe.park(Native Method)
        at java.util.concurrent.locks.LockSupport.parkNanos(LockSupport.java:215)
        at java.util.concurrent.locks.AbstractQueuedSynchronizer$ConditionObject.awaitNanos(AbstractQueuedSynchronizer.java:2078)
        at java.util.concurrent.ScheduledThreadPoolExecutor$DelayedWorkQueue.take(ScheduledThreadPoolExecutor.java:1093)
        at java.util.concurrent.ScheduledThreadPoolExecutor$DelayedWorkQueue.take(ScheduledThreadPoolExecutor.java:809)
        at java.util.concurrent.ThreadPoolExecutor.getTask(ThreadPoolExecutor.java:1074)
        at java.util.concurrent.ThreadPoolExecutor.runWorker(ThreadPoolExecutor.java:1134)
        at java.util.concurrent.ThreadPoolExecutor$Worker.run(ThreadPoolExecutor.java:624)
        at java.lang.Thread.run(Thread.java:750)
"IPC Server handler 8 on default port 35421" daemon prio=5 tid=4583 timed_waiting
java.lang.Thread.State: TIMED_WAITING
        at sun.misc.Unsafe.park(Native Method)
        at java.util.concurrent.locks.LockSupport.parkNanos(LockSupport.java:215)
        at java.util.concurrent.locks.AbstractQueuedSynchronizer$ConditionObject.awaitNanos(AbstractQueuedSynchronizer.java:2078)
        at java.util.concurrent.LinkedBlockingQueue.poll(LinkedBlockingQueue.java:467)
        at org.apache.hadoop.ipc.CallQueueManager.take(CallQueueManager.java:317)
        at org.apache.hadoop.ipc.Server$Handler.run(Server.java:2942)
"87a1f2dd-43fb-444c-bcbf-3c07980bc85d@group-9015FB128463-SegmentedRaftLogWorker"  prio=5 tid=4276 timed_waiting
java.lang.Thread.State: TIMED_WAITING
        at sun.misc.Unsafe.park(Native Method)
        at java.util.concurrent.locks.LockSupport.parkNanos(LockSupport.java:215)
        at java.util.concurrent.locks.AbstractQueuedSynchronizer$ConditionObject.awaitNanos(AbstractQueuedSynchronizer.java:2078)
        at org.apache.ratis.util.DataBlockingQueue.poll(DataBlockingQueue.java:148)
        at org.apache.ratis.server.raftlog.segmented.SegmentedRaftLogWorker.run(SegmentedRaftLogWorker.java:301)
        at org.apache.ratis.server.raftlog.segmented.SegmentedRaftLogWorker$$Lambda$646/1639153477.run(Unknown Source)
        at java.lang.Thread.run(Thread.java:750)
"35429393-00b4-4ffa-a437-723b6b48652e@group-5424EEB9FEF4-StateMachineUpdater" daemon prio=5 tid=4259 timed_waiting
java.lang.Thread.State: TIMED_WAITING
        at sun.misc.Unsafe.park(Native Method)
        at java.util.concurrent.locks.LockSupport.parkNanos(LockSupport.java:215)
        at java.util.concurrent.CompletableFuture$Signaller.block(CompletableFuture.java:1709)
        at java.util.concurrent.ForkJoinPool.managedBlock(ForkJoinPool.java:3323)
        at java.util.concurrent.CompletableFuture.timedGet(CompletableFuture.java:1788)
        at java.util.concurrent.CompletableFuture.get(CompletableFuture.java:1928)
        at org.apache.ratis.util.AwaitForSignal.await(AwaitForSignal.java:56)
        at org.apache.ratis.server.impl.StateMachineUpdater.waitForCommit(StateMachineUpdater.java:207)
        at org.apache.ratis.server.impl.StateMachineUpdater.run(StateMachineUpdater.java:176)
        at java.lang.Thread.run(Thread.java:750)
"ChunkWriter-2-0" daemon prio=5 tid=4138 in Object.wait()
java.lang.Thread.State: WAITING (on object monitor)
        at sun.misc.Unsafe.park(Native Method)
        at java.util.concurrent.locks.LockSupport.park(LockSupport.java:175)
        at java.util.concurrent.locks.AbstractQueuedSynchronizer$ConditionObject.await(AbstractQueuedSynchronizer.java:2039)
        at java.util.concurrent.LinkedBlockingDeque.takeFirst(LinkedBlockingDeque.java:492)
        at java.util.concurrent.LinkedBlockingDeque.take(LinkedBlockingDeque.java:680)
        at java.util.concurrent.ThreadPoolExecutor.getTask(ThreadPoolExecutor.java:1074)
        at java.util.concurrent.ThreadPoolExecutor.runWorker(ThreadPoolExecutor.java:1134)
        at java.util.concurrent.ThreadPoolExecutor$Worker.run(ThreadPoolExecutor.java:624)
        at java.lang.Thread.run(Thread.java:750)
"qtp342316938-6177" daemon prio=5 tid=6177 timed_waiting
java.lang.Thread.State: TIMED_WAITING
        at sun.misc.Unsafe.park(Native Method)
        at java.util.concurrent.locks.LockSupport.parkNanos(LockSupport.java:215)
        at java.util.concurrent.locks.AbstractQueuedSynchronizer$ConditionObject.awaitNanos(AbstractQueuedSynchronizer.java:2078)
        at org.eclipse.jetty.util.BlockingArrayQueue.poll(BlockingArrayQueue.java:382)
        at org.eclipse.jetty.util.thread.QueuedThreadPool$Runner.idleJobPoll(QueuedThreadPool.java:974)
        at org.eclipse.jetty.util.thread.QueuedThreadPool$Runner.run(QueuedThreadPool.java:1018)
        at java.lang.Thread.run(Thread.java:750)
"qtp1706216417-4859" daemon prio=5 tid=4859 timed_waiting
java.lang.Thread.State: TIMED_WAITING
        at sun.misc.Unsafe.park(Native Method)
        at java.util.concurrent.locks.LockSupport.parkNanos(LockSupport.java:215)
        at java.util.concurrent.locks.AbstractQueuedSynchronizer$ConditionObject.awaitNanos(AbstractQueuedSynchronizer.java:2078)
        at org.eclipse.jetty.util.BlockingArrayQueue.poll(BlockingArrayQueue.java:382)
        at org.eclipse.jetty.util.thread.QueuedThreadPool$Runner.idleJobPoll(QueuedThreadPool.java:974)
        at org.eclipse.jetty.util.thread.QueuedThreadPool$Runner.run(QueuedThreadPool.java:1018)
        at java.lang.Thread.run(Thread.java:750)
"BlockDeletingService#1" daemon prio=5 tid=4205 timed_waiting
java.lang.Thread.State: TIMED_WAITING
        at sun.misc.Unsafe.park(Native Method)
        at java.util.concurrent.locks.LockSupport.parkNanos(LockSupport.java:215)
        at java.util.concurrent.locks.AbstractQueuedSynchronizer$ConditionObject.awaitNanos(AbstractQueuedSynchronizer.java:2078)
        at java.util.concurrent.ScheduledThreadPoolExecutor$DelayedWorkQueue.take(ScheduledThreadPoolExecutor.java:1093)
        at java.util.concurrent.ScheduledThreadPoolExecutor$DelayedWorkQueue.take(ScheduledThreadPoolExecutor.java:809)
        at java.util.concurrent.ThreadPoolExecutor.getTask(ThreadPoolExecutor.java:1074)
        at java.util.concurrent.ThreadPoolExecutor.runWorker(ThreadPoolExecutor.java:1134)
        at java.util.concurrent.ThreadPoolExecutor$Worker.run(ThreadPoolExecutor.java:624)
        at java.lang.Thread.run(Thread.java:750)
"pool-2931-thread-1"  prio=5 tid=5463 in Object.wait()
java.lang.Thread.State: WAITING (on object monitor)
        at sun.misc.Unsafe.park(Native Method)
        at java.util.concurrent.locks.LockSupport.park(LockSupport.java:175)
        at java.util.concurrent.locks.AbstractQueuedSynchronizer$ConditionObject.await(AbstractQueuedSynchronizer.java:2039)
        at java.util.concurrent.LinkedBlockingQueue.take(LinkedBlockingQueue.java:442)
        at java.util.concurrent.ThreadPoolExecutor.getTask(ThreadPoolExecutor.java:1074)
        at java.util.concurrent.ThreadPoolExecutor.runWorker(ThreadPoolExecutor.java:1134)
        at java.util.concurrent.ThreadPoolExecutor$Worker.run(ThreadPoolExecutor.java:624)
        at java.lang.Thread.run(Thread.java:750)
"4d4feef0-6754-49f5-8e19-57d58c5c04b3-server-thread1" daemon prio=5 tid=5608 timed_waiting
java.lang.Thread.State: TIMED_WAITING
        at sun.misc.Unsafe.park(Native Method)
        at java.util.concurrent.locks.LockSupport.parkNanos(LockSupport.java:215)
        at java.util.concurrent.SynchronousQueue$TransferStack.awaitFulfill(SynchronousQueue.java:460)
        at java.util.concurrent.SynchronousQueue$TransferStack.transfer(SynchronousQueue.java:362)
        at java.util.concurrent.SynchronousQueue.poll(SynchronousQueue.java:941)
        at java.util.concurrent.ThreadPoolExecutor.getTask(ThreadPoolExecutor.java:1073)
        at java.util.concurrent.ThreadPoolExecutor.runWorker(ThreadPoolExecutor.java:1134)
        at java.util.concurrent.ThreadPoolExecutor$Worker.run(ThreadPoolExecutor.java:624)
        at java.lang.Thread.run(Thread.java:750)
"EndpointStateMachine task thread for /0.0.0.0:35863 - 0 "  prio=5 tid=6483 in Object.wait()
java.lang.Thread.State: WAITING (on object monitor)
        at sun.misc.Unsafe.park(Native Method)
        at java.util.concurrent.locks.LockSupport.park(LockSupport.java:175)
        at java.util.concurrent.locks.AbstractQueuedSynchronizer$ConditionObject.await(AbstractQueuedSynchronizer.java:2039)
        at java.util.concurrent.LinkedBlockingQueue.take(LinkedBlockingQueue.java:442)
        at java.util.concurrent.ThreadPoolExecutor.getTask(ThreadPoolExecutor.java:1074)
        at java.util.concurrent.ThreadPoolExecutor.runWorker(ThreadPoolExecutor.java:1134)
        at java.util.concurrent.ThreadPoolExecutor$Worker.run(ThreadPoolExecutor.java:624)
        at java.lang.Thread.run(Thread.java:750)
"ChunkWriter-0-0" daemon prio=5 tid=6444 in Object.wait()
java.lang.Thread.State: WAITING (on object monitor)
        at sun.misc.Unsafe.park(Native Method)
        at java.util.concurrent.locks.LockSupport.park(LockSupport.java:175)
        at java.util.concurrent.locks.AbstractQueuedSynchronizer$ConditionObject.await(AbstractQueuedSynchronizer.java:2039)
        at java.util.concurrent.LinkedBlockingDeque.takeFirst(LinkedBlockingDeque.java:492)
        at java.util.concurrent.LinkedBlockingDeque.take(LinkedBlockingDeque.java:680)
        at java.util.concurrent.ThreadPoolExecutor.getTask(ThreadPoolExecutor.java:1074)
        at java.util.concurrent.ThreadPoolExecutor.runWorker(ThreadPoolExecutor.java:1134)
        at java.util.concurrent.ThreadPoolExecutor$Worker.run(ThreadPoolExecutor.java:624)
        at java.lang.Thread.run(Thread.java:750)
"IPC Server handler 13 on default port 43819" daemon prio=5 tid=5855 timed_waiting
java.lang.Thread.State: TIMED_WAITING
        at sun.misc.Unsafe.park(Native Method)
        at java.util.concurrent.locks.LockSupport.parkNanos(LockSupport.java:215)
        at java.util.concurrent.locks.AbstractQueuedSynchronizer$ConditionObject.awaitNanos(AbstractQueuedSynchronizer.java:2078)
        at java.util.concurrent.LinkedBlockingQueue.poll(LinkedBlockingQueue.java:467)
        at org.apache.hadoop.ipc.CallQueueManager.take(CallQueueManager.java:317)
        at org.apache.hadoop.ipc.Server$Handler.run(Server.java:2942)
"qtp342316938-6173-acceptor-0@4edc19dd-ServerConnector@46673bde{HTTP/1.1, (http/1.1)}{0.0.0.0:36471}" daemon prio=3 tid=6173 runnable
java.lang.Thread.State: RUNNABLE
        at sun.nio.ch.ServerSocketChannelImpl.accept0(Native Method)
        at sun.nio.ch.ServerSocketChannelImpl.accept(ServerSocketChannelImpl.java:421)
        at sun.nio.ch.ServerSocketChannelImpl.accept(ServerSocketChannelImpl.java:249)
        at org.eclipse.jetty.server.ServerConnector.accept(ServerConnector.java:388)
        at org.eclipse.jetty.server.AbstractConnector$Acceptor.run(AbstractConnector.java:702)
        at org.eclipse.jetty.util.thread.QueuedThreadPool.runJob(QueuedThreadPool.java:883)
        at org.eclipse.jetty.util.thread.QueuedThreadPool$Runner.run(QueuedThreadPool.java:1034)
        at java.lang.Thread.run(Thread.java:750)
"EventQueue-PipelineReportForOneReplicaPipelineSafeModeRule" daemon prio=5 tid=6499 in Object.wait()
java.lang.Thread.State: WAITING (on object monitor)
        at sun.misc.Unsafe.park(Native Method)
        at java.util.concurrent.locks.LockSupport.park(LockSupport.java:175)
        at java.util.concurrent.locks.AbstractQueuedSynchronizer$ConditionObject.await(AbstractQueuedSynchronizer.java:2039)
        at java.util.concurrent.LinkedBlockingQueue.take(LinkedBlockingQueue.java:442)
        at java.util.concurrent.ThreadPoolExecutor.getTask(ThreadPoolExecutor.java:1074)
        at java.util.concurrent.ThreadPoolExecutor.runWorker(ThreadPoolExecutor.java:1134)
        at java.util.concurrent.ThreadPoolExecutor$Worker.run(ThreadPoolExecutor.java:624)
        at java.lang.Thread.run(Thread.java:750)
"StaleRecoveringContainerScrubbingService#0" daemon prio=5 tid=6512 timed_waiting
java.lang.Thread.State: TIMED_WAITING
        at sun.misc.Unsafe.park(Native Method)
        at java.util.concurrent.locks.LockSupport.parkNanos(LockSupport.java:215)
        at java.util.concurrent.locks.AbstractQueuedSynchronizer$ConditionObject.awaitNanos(AbstractQueuedSynchronizer.java:2078)
        at java.util.concurrent.ScheduledThreadPoolExecutor$DelayedWorkQueue.take(ScheduledThreadPoolExecutor.java:1093)
        at java.util.concurrent.ScheduledThreadPoolExecutor$DelayedWorkQueue.take(ScheduledThreadPoolExecutor.java:809)
        at java.util.concurrent.ThreadPoolExecutor.getTask(ThreadPoolExecutor.java:1074)
        at java.util.concurrent.ThreadPoolExecutor.runWorker(ThreadPoolExecutor.java:1134)
        at java.util.concurrent.ThreadPoolExecutor$Worker.run(ThreadPoolExecutor.java:624)
        at java.lang.Thread.run(Thread.java:750)
"org.apache.ratis.util.JvmPauseMonitor$$Lambda$718/783493338@5fed35fd" daemon prio=5 tid=6460 timed_waiting
java.lang.Thread.State: TIMED_WAITING
        at java.lang.Thread.sleep(Native Method)
        at java.lang.Thread.sleep(Thread.java:342)
        at java.util.concurrent.TimeUnit.sleep(TimeUnit.java:386)
        at org.apache.ratis.util.TimeDuration.sleep(TimeDuration.java:325)
        at org.apache.ratis.util.TimeDuration.sleep(TimeDuration.java:310)
        at org.apache.ratis.util.JvmPauseMonitor.detectPause(JvmPauseMonitor.java:117)
        at org.apache.ratis.util.JvmPauseMonitor.run(JvmPauseMonitor.java:106)
        at org.apache.ratis.util.JvmPauseMonitor$$Lambda$718/783493338.run(Unknown Source)
        at java.lang.Thread.run(Thread.java:750)
"Datanode ReportManager Thread - 4" daemon prio=5 tid=6331 in Object.wait()
java.lang.Thread.State: WAITING (on object monitor)
        at sun.misc.Unsafe.park(Native Method)
        at java.util.concurrent.locks.LockSupport.park(LockSupport.java:175)
        at java.util.concurrent.locks.AbstractQueuedSynchronizer$ConditionObject.await(AbstractQueuedSynchronizer.java:2039)
        at java.util.concurrent.ScheduledThreadPoolExecutor$DelayedWorkQueue.take(ScheduledThreadPoolExecutor.java:1088)
        at java.util.concurrent.ScheduledThreadPoolExecutor$DelayedWorkQueue.take(ScheduledThreadPoolExecutor.java:809)
        at java.util.concurrent.ThreadPoolExecutor.getTask(ThreadPoolExecutor.java:1074)
        at java.util.concurrent.ThreadPoolExecutor.runWorker(ThreadPoolExecutor.java:1134)
        at java.util.concurrent.ThreadPoolExecutor$Worker.run(ThreadPoolExecutor.java:624)
        at java.lang.Thread.run(Thread.java:750)
"87a1f2dd-43fb-444c-bcbf-3c07980bc85d@group-9015FB128463-StateMachineUpdater" daemon prio=5 tid=4277 timed_waiting
java.lang.Thread.State: TIMED_WAITING
        at sun.misc.Unsafe.park(Native Method)
        at java.util.concurrent.locks.LockSupport.parkNanos(LockSupport.java:215)
        at java.util.concurrent.CompletableFuture$Signaller.block(CompletableFuture.java:1709)
        at java.util.concurrent.ForkJoinPool.managedBlock(ForkJoinPool.java:3323)
        at java.util.concurrent.CompletableFuture.timedGet(CompletableFuture.java:1788)
        at java.util.concurrent.CompletableFuture.get(CompletableFuture.java:1928)
        at org.apache.ratis.util.AwaitForSignal.await(AwaitForSignal.java:56)
        at org.apache.ratis.server.impl.StateMachineUpdater.waitForCommit(StateMachineUpdater.java:207)
        at org.apache.ratis.server.impl.StateMachineUpdater.run(StateMachineUpdater.java:176)
        at java.lang.Thread.run(Thread.java:750)
"BlockDeletingService#1" daemon prio=5 tid=5384 timed_waiting
java.lang.Thread.State: TIMED_WAITING
        at sun.misc.Unsafe.park(Native Method)
        at java.util.concurrent.locks.LockSupport.parkNanos(LockSupport.java:215)
        at java.util.concurrent.locks.AbstractQueuedSynchronizer$ConditionObject.awaitNanos(AbstractQueuedSynchronizer.java:2078)
        at java.util.concurrent.ScheduledThreadPoolExecutor$DelayedWorkQueue.take(ScheduledThreadPoolExecutor.java:1093)
        at java.util.concurrent.ScheduledThreadPoolExecutor$DelayedWorkQueue.take(ScheduledThreadPoolExecutor.java:809)
        at java.util.concurrent.ThreadPoolExecutor.getTask(ThreadPoolExecutor.java:1074)
        at java.util.concurrent.ThreadPoolExecutor.runWorker(ThreadPoolExecutor.java:1134)
        at java.util.concurrent.ThreadPoolExecutor$Worker.run(ThreadPoolExecutor.java:624)
        at java.lang.Thread.run(Thread.java:750)
"IPC Server handler 13 on default port 35679" daemon prio=5 tid=5875 timed_waiting
java.lang.Thread.State: TIMED_WAITING
        at sun.misc.Unsafe.park(Native Method)
        at java.util.concurrent.locks.LockSupport.parkNanos(LockSupport.java:215)
        at java.util.concurrent.locks.AbstractQueuedSynchronizer$ConditionObject.awaitNanos(AbstractQueuedSynchronizer.java:2078)
        at java.util.concurrent.LinkedBlockingQueue.poll(LinkedBlockingQueue.java:467)
        at org.apache.hadoop.ipc.CallQueueManager.take(CallQueueManager.java:317)
        at org.apache.hadoop.ipc.Server$Handler.run(Server.java:2942)
"IPC Parameter Sending Thread #1" daemon prio=5 tid=1426 timed_waiting
java.lang.Thread.State: TIMED_WAITING
        at sun.misc.Unsafe.park(Native Method)
        at java.util.concurrent.locks.LockSupport.parkNanos(LockSupport.java:215)
        at java.util.concurrent.SynchronousQueue$TransferStack.awaitFulfill(SynchronousQueue.java:460)
        at java.util.concurrent.SynchronousQueue$TransferStack.transfer(SynchronousQueue.java:362)
        at java.util.concurrent.SynchronousQueue.poll(SynchronousQueue.java:941)
        at java.util.concurrent.ThreadPoolExecutor.getTask(ThreadPoolExecutor.java:1073)
        at java.util.concurrent.ThreadPoolExecutor.runWorker(ThreadPoolExecutor.java:1134)
        at java.util.concurrent.ThreadPoolExecutor$Worker.run(ThreadPoolExecutor.java:624)
        at java.lang.Thread.run(Thread.java:750)
"IPC Server handler 19 on default port 43819" daemon prio=5 tid=5861 timed_waiting
java.lang.Thread.State: TIMED_WAITING
        at sun.misc.Unsafe.park(Native Method)
        at java.util.concurrent.locks.LockSupport.parkNanos(LockSupport.java:215)
        at java.util.concurrent.locks.AbstractQueuedSynchronizer$ConditionObject.awaitNanos(AbstractQueuedSynchronizer.java:2078)
        at java.util.concurrent.LinkedBlockingQueue.poll(LinkedBlockingQueue.java:467)
        at org.apache.hadoop.ipc.CallQueueManager.take(CallQueueManager.java:317)
        at org.apache.hadoop.ipc.Server$Handler.run(Server.java:2942)
"Datanode ReportManager Thread - 1" daemon prio=5 tid=4051 timed_waiting
java.lang.Thread.State: TIMED_WAITING
        at sun.misc.Unsafe.park(Native Method)
        at java.util.concurrent.locks.LockSupport.parkNanos(LockSupport.java:215)
        at java.util.concurrent.locks.AbstractQueuedSynchronizer$ConditionObject.awaitNanos(AbstractQueuedSynchronizer.java:2078)
        at java.util.concurrent.ScheduledThreadPoolExecutor$DelayedWorkQueue.take(ScheduledThreadPoolExecutor.java:1093)
        at java.util.concurrent.ScheduledThreadPoolExecutor$DelayedWorkQueue.take(ScheduledThreadPoolExecutor.java:809)
        at java.util.concurrent.ThreadPoolExecutor.getTask(ThreadPoolExecutor.java:1074)
        at java.util.concurrent.ThreadPoolExecutor.runWorker(ThreadPoolExecutor.java:1134)
        at java.util.concurrent.ThreadPoolExecutor$Worker.run(ThreadPoolExecutor.java:624)
        at java.lang.Thread.run(Thread.java:750)
"IPC Server handler 1 on default port 40173" daemon prio=5 tid=6109 timed_waiting
java.lang.Thread.State: TIMED_WAITING
        at sun.misc.Unsafe.park(Native Method)
        at java.util.concurrent.locks.LockSupport.parkNanos(LockSupport.java:215)
        at java.util.concurrent.locks.AbstractQueuedSynchronizer$ConditionObject.awaitNanos(AbstractQueuedSynchronizer.java:2078)
        at java.util.concurrent.LinkedBlockingQueue.poll(LinkedBlockingQueue.java:467)
        at org.apache.hadoop.ipc.CallQueueManager.take(CallQueueManager.java:317)
        at org.apache.hadoop.ipc.Server$Handler.run(Server.java:2942)
"ChunkWriter-1-0" daemon prio=5 tid=5407 in Object.wait()
java.lang.Thread.State: WAITING (on object monitor)
        at sun.misc.Unsafe.park(Native Method)
        at java.util.concurrent.locks.LockSupport.park(LockSupport.java:175)
        at java.util.concurrent.locks.AbstractQueuedSynchronizer$ConditionObject.await(AbstractQueuedSynchronizer.java:2039)
        at java.util.concurrent.LinkedBlockingDeque.takeFirst(LinkedBlockingDeque.java:492)
        at java.util.concurrent.LinkedBlockingDeque.take(LinkedBlockingDeque.java:680)
        at java.util.concurrent.ThreadPoolExecutor.getTask(ThreadPoolExecutor.java:1074)
        at java.util.concurrent.ThreadPoolExecutor.runWorker(ThreadPoolExecutor.java:1134)
        at java.util.concurrent.ThreadPoolExecutor$Worker.run(ThreadPoolExecutor.java:624)
        at java.lang.Thread.run(Thread.java:750)
"Datanode State Machine Task Thread - 1"  prio=5 tid=6470 in Object.wait()
java.lang.Thread.State: WAITING (on object monitor)
        at sun.misc.Unsafe.park(Native Method)
        at java.util.concurrent.locks.LockSupport.park(LockSupport.java:175)
        at java.util.concurrent.locks.AbstractQueuedSynchronizer$ConditionObject.await(AbstractQueuedSynchronizer.java:2039)
        at java.util.concurrent.LinkedBlockingQueue.take(LinkedBlockingQueue.java:442)
        at java.util.concurrent.ThreadPoolExecutor.getTask(ThreadPoolExecutor.java:1074)
        at java.util.concurrent.ThreadPoolExecutor.runWorker(ThreadPoolExecutor.java:1134)
        at java.util.concurrent.ThreadPoolExecutor$Worker.run(ThreadPoolExecutor.java:624)
        at java.lang.Thread.run(Thread.java:750)
"Session-HouseKeeper-dcd9342-1"  prio=5 tid=3788 timed_waiting
java.lang.Thread.State: TIMED_WAITING
        at sun.misc.Unsafe.park(Native Method)
        at java.util.concurrent.locks.LockSupport.parkNanos(LockSupport.java:215)
        at java.util.concurrent.locks.AbstractQueuedSynchronizer$ConditionObject.awaitNanos(AbstractQueuedSynchronizer.java:2078)
        at java.util.concurrent.ScheduledThreadPoolExecutor$DelayedWorkQueue.take(ScheduledThreadPoolExecutor.java:1093)
        at java.util.concurrent.ScheduledThreadPoolExecutor$DelayedWorkQueue.take(ScheduledThreadPoolExecutor.java:809)
        at java.util.concurrent.ThreadPoolExecutor.getTask(ThreadPoolExecutor.java:1074)
        at java.util.concurrent.ThreadPoolExecutor.runWorker(ThreadPoolExecutor.java:1134)
        at java.util.concurrent.ThreadPoolExecutor$Worker.run(ThreadPoolExecutor.java:624)
        at java.lang.Thread.run(Thread.java:750)
"pool-2270-thread-1"  prio=5 tid=4263 in Object.wait()
java.lang.Thread.State: WAITING (on object monitor)
        at sun.misc.Unsafe.park(Native Method)
        at java.util.concurrent.locks.LockSupport.park(LockSupport.java:175)
        at java.util.concurrent.locks.AbstractQueuedSynchronizer$ConditionObject.await(AbstractQueuedSynchronizer.java:2039)
        at java.util.concurrent.LinkedBlockingQueue.take(LinkedBlockingQueue.java:442)
        at java.util.concurrent.ThreadPoolExecutor.getTask(ThreadPoolExecutor.java:1074)
        at java.util.concurrent.ThreadPoolExecutor.runWorker(ThreadPoolExecutor.java:1134)
        at java.util.concurrent.ThreadPoolExecutor$Worker.run(ThreadPoolExecutor.java:624)
        at java.lang.Thread.run(Thread.java:750)
"IPC Server handler 8 on default port 40471" daemon prio=5 tid=6799 timed_waiting
java.lang.Thread.State: TIMED_WAITING
        at sun.misc.Unsafe.park(Native Method)
        at java.util.concurrent.locks.LockSupport.parkNanos(LockSupport.java:215)
        at java.util.concurrent.locks.AbstractQueuedSynchronizer$ConditionObject.awaitNanos(AbstractQueuedSynchronizer.java:2078)
        at java.util.concurrent.LinkedBlockingQueue.poll(LinkedBlockingQueue.java:467)
        at org.apache.hadoop.ipc.CallQueueManager.take(CallQueueManager.java:317)
        at org.apache.hadoop.ipc.Server$Handler.run(Server.java:2942)
"Datanode ReportManager Thread - 2" daemon prio=5 tid=6329 in Object.wait()
java.lang.Thread.State: WAITING (on object monitor)
        at sun.misc.Unsafe.park(Native Method)
        at java.util.concurrent.locks.LockSupport.park(LockSupport.java:175)
        at java.util.concurrent.locks.AbstractQueuedSynchronizer$ConditionObject.await(AbstractQueuedSynchronizer.java:2039)
        at java.util.concurrent.ScheduledThreadPoolExecutor$DelayedWorkQueue.take(ScheduledThreadPoolExecutor.java:1088)
        at java.util.concurrent.ScheduledThreadPoolExecutor$DelayedWorkQueue.take(ScheduledThreadPoolExecutor.java:809)
        at java.util.concurrent.ThreadPoolExecutor.getTask(ThreadPoolExecutor.java:1074)
        at java.util.concurrent.ThreadPoolExecutor.runWorker(ThreadPoolExecutor.java:1134)
        at java.util.concurrent.ThreadPoolExecutor$Worker.run(ThreadPoolExecutor.java:624)
        at java.lang.Thread.run(Thread.java:750)
"om1@group-C5BA1605619E-SegmentedRaftLogWorker"  prio=5 tid=3659 timed_waiting
java.lang.Thread.State: TIMED_WAITING
        at sun.misc.Unsafe.park(Native Method)
        at java.util.concurrent.locks.LockSupport.parkNanos(LockSupport.java:215)
        at java.util.concurrent.locks.AbstractQueuedSynchronizer$ConditionObject.awaitNanos(AbstractQueuedSynchronizer.java:2078)
        at org.apache.ratis.util.DataBlockingQueue.poll(DataBlockingQueue.java:148)
        at org.apache.ratis.server.raftlog.segmented.SegmentedRaftLogWorker.run(SegmentedRaftLogWorker.java:301)
        at org.apache.ratis.server.raftlog.segmented.SegmentedRaftLogWorker$$Lambda$646/1639153477.run(Unknown Source)
        at java.lang.Thread.run(Thread.java:750)
"StaleRecoveringContainerScrubbingService#1" daemon prio=5 tid=6452 in Object.wait()
java.lang.Thread.State: WAITING (on object monitor)
        at sun.misc.Unsafe.park(Native Method)
        at java.util.concurrent.locks.LockSupport.park(LockSupport.java:175)
        at java.util.concurrent.locks.AbstractQueuedSynchronizer$ConditionObject.await(AbstractQueuedSynchronizer.java:2039)
        at java.util.concurrent.ScheduledThreadPoolExecutor$DelayedWorkQueue.take(ScheduledThreadPoolExecutor.java:1088)
        at java.util.concurrent.ScheduledThreadPoolExecutor$DelayedWorkQueue.take(ScheduledThreadPoolExecutor.java:809)
        at java.util.concurrent.ThreadPoolExecutor.getTask(ThreadPoolExecutor.java:1074)
        at java.util.concurrent.ThreadPoolExecutor.runWorker(ThreadPoolExecutor.java:1134)
        at java.util.concurrent.ThreadPoolExecutor$Worker.run(ThreadPoolExecutor.java:624)
        at java.lang.Thread.run(Thread.java:750)
"org.apache.hadoop.ozone.container.common.statemachine.commandhandler.DeleteBlocksCommandHandler$DeleteCmdWorker@7892febe" daemon prio=5 tid=4950 timed_waiting
java.lang.Thread.State: TIMED_WAITING
        at java.lang.Thread.sleep(Native Method)
        at org.apache.hadoop.ozone.container.common.statemachine.commandhandler.DeleteBlocksCommandHandler$DeleteCmdWorker.run(DeleteBlocksCommandHandler.java:183)
        at java.lang.Thread.run(Thread.java:750)
"Datanode State Machine Task Thread - 1"  prio=5 tid=4170 in Object.wait()
java.lang.Thread.State: WAITING (on object monitor)
        at sun.misc.Unsafe.park(Native Method)
        at java.util.concurrent.locks.LockSupport.park(LockSupport.java:175)
        at java.util.concurrent.locks.AbstractQueuedSynchronizer$ConditionObject.await(AbstractQueuedSynchronizer.java:2039)
        at java.util.concurrent.LinkedBlockingQueue.take(LinkedBlockingQueue.java:442)
        at java.util.concurrent.ThreadPoolExecutor.getTask(ThreadPoolExecutor.java:1074)
        at java.util.concurrent.ThreadPoolExecutor.runWorker(ThreadPoolExecutor.java:1134)
        at java.util.concurrent.ThreadPoolExecutor$Worker.run(ThreadPoolExecutor.java:624)
        at java.lang.Thread.run(Thread.java:750)
"DatanodeAdminManager-0" daemon prio=5 tid=6773 timed_waiting
java.lang.Thread.State: TIMED_WAITING
        at sun.misc.Unsafe.park(Native Method)
        at java.util.concurrent.locks.LockSupport.parkNanos(LockSupport.java:215)
        at java.util.concurrent.locks.AbstractQueuedSynchronizer$ConditionObject.awaitNanos(AbstractQueuedSynchronizer.java:2078)
        at java.util.concurrent.ScheduledThreadPoolExecutor$DelayedWorkQueue.take(ScheduledThreadPoolExecutor.java:1093)
        at java.util.concurrent.ScheduledThreadPoolExecutor$DelayedWorkQueue.take(ScheduledThreadPoolExecutor.java:809)
        at java.util.concurrent.ThreadPoolExecutor.getTask(ThreadPoolExecutor.java:1074)
        at java.util.concurrent.ThreadPoolExecutor.runWorker(ThreadPoolExecutor.java:1134)
        at java.util.concurrent.ThreadPoolExecutor$Worker.run(ThreadPoolExecutor.java:624)
        at java.lang.Thread.run(Thread.java:750)
"IPC Server handler 12 on default port 43819" daemon prio=5 tid=5854 timed_waiting
java.lang.Thread.State: TIMED_WAITING
        at sun.misc.Unsafe.park(Native Method)
        at java.util.concurrent.locks.LockSupport.parkNanos(LockSupport.java:215)
        at java.util.concurrent.locks.AbstractQueuedSynchronizer$ConditionObject.awaitNanos(AbstractQueuedSynchronizer.java:2078)
        at java.util.concurrent.LinkedBlockingQueue.poll(LinkedBlockingQueue.java:467)
        at org.apache.hadoop.ipc.CallQueueManager.take(CallQueueManager.java:317)
        at org.apache.hadoop.ipc.Server$Handler.run(Server.java:2942)
"EventQueue-PipelineReportForOneReplicaPipelineSafeModeRule" daemon prio=5 tid=5373 in Object.wait()
java.lang.Thread.State: WAITING (on object monitor)
        at sun.misc.Unsafe.park(Native Method)
        at java.util.concurrent.locks.LockSupport.park(LockSupport.java:175)
        at java.util.concurrent.locks.AbstractQueuedSynchronizer$ConditionObject.await(AbstractQueuedSynchronizer.java:2039)
        at java.util.concurrent.LinkedBlockingQueue.take(LinkedBlockingQueue.java:442)
        at java.util.concurrent.ThreadPoolExecutor.getTask(ThreadPoolExecutor.java:1074)
        at java.util.concurrent.ThreadPoolExecutor.runWorker(ThreadPoolExecutor.java:1134)
        at java.util.concurrent.ThreadPoolExecutor$Worker.run(ThreadPoolExecutor.java:624)
        at java.lang.Thread.run(Thread.java:750)
"Command processor thread" daemon prio=5 tid=5298 timed_waiting
java.lang.Thread.State: TIMED_WAITING
        at java.lang.Thread.sleep(Native Method)
        at org.apache.hadoop.ozone.container.common.statemachine.DatanodeStateMachine.lambda$initCommandHandlerThread$3(DatanodeStateMachine.java:628)
        at org.apache.hadoop.ozone.container.common.statemachine.DatanodeStateMachine$$Lambda$763/1762238644.run(Unknown Source)
        at java.lang.Thread.run(Thread.java:750)
"EventQueue-DatanodeCommandForSCMNodeManager" daemon prio=5 tid=6917 in Object.wait()
java.lang.Thread.State: WAITING (on object monitor)
        at sun.misc.Unsafe.park(Native Method)
        at java.util.concurrent.locks.LockSupport.park(LockSupport.java:175)
        at java.util.concurrent.locks.AbstractQueuedSynchronizer$ConditionObject.await(AbstractQueuedSynchronizer.java:2039)
        at java.util.concurrent.LinkedBlockingQueue.take(LinkedBlockingQueue.java:442)
        at java.util.concurrent.ThreadPoolExecutor.getTask(ThreadPoolExecutor.java:1074)
        at java.util.concurrent.ThreadPoolExecutor.runWorker(ThreadPoolExecutor.java:1134)
        at java.util.concurrent.ThreadPoolExecutor$Worker.run(ThreadPoolExecutor.java:624)
        at java.lang.Thread.run(Thread.java:750)
"StaleRecoveringContainerScrubbingService#0" daemon prio=5 tid=6451 timed_waiting
java.lang.Thread.State: TIMED_WAITING
        at sun.misc.Unsafe.park(Native Method)
        at java.util.concurrent.locks.LockSupport.parkNanos(LockSupport.java:215)
        at java.util.concurrent.locks.AbstractQueuedSynchronizer$ConditionObject.awaitNanos(AbstractQueuedSynchronizer.java:2078)
        at java.util.concurrent.ScheduledThreadPoolExecutor$DelayedWorkQueue.take(ScheduledThreadPoolExecutor.java:1093)
        at java.util.concurrent.ScheduledThreadPoolExecutor$DelayedWorkQueue.take(ScheduledThreadPoolExecutor.java:809)
        at java.util.concurrent.ThreadPoolExecutor.getTask(ThreadPoolExecutor.java:1074)
        at java.util.concurrent.ThreadPoolExecutor.runWorker(ThreadPoolExecutor.java:1134)
        at java.util.concurrent.ThreadPoolExecutor$Worker.run(ThreadPoolExecutor.java:624)
        at java.lang.Thread.run(Thread.java:750)
"om1@group-C5BA1605619E-LeaderStateImpl" daemon prio=5 tid=6250 timed_waiting
java.lang.Thread.State: TIMED_WAITING
        at sun.misc.Unsafe.park(Native Method)
        at java.util.concurrent.locks.LockSupport.parkNanos(LockSupport.java:215)
        at java.util.concurrent.locks.AbstractQueuedSynchronizer$ConditionObject.awaitNanos(AbstractQueuedSynchronizer.java:2078)
        at java.util.concurrent.ArrayBlockingQueue.poll(ArrayBlockingQueue.java:418)
        at org.apache.ratis.server.impl.LeaderStateImpl$EventQueue.poll(LeaderStateImpl.java:159)
        at org.apache.ratis.server.impl.LeaderStateImpl$EventProcessor.run(LeaderStateImpl.java:630)
"qtp625773794-6375" daemon prio=5 tid=6375 timed_waiting
java.lang.Thread.State: TIMED_WAITING
        at sun.misc.Unsafe.park(Native Method)
        at java.util.concurrent.locks.LockSupport.parkNanos(LockSupport.java:215)
        at java.util.concurrent.locks.AbstractQueuedSynchronizer$ConditionObject.awaitNanos(AbstractQueuedSynchronizer.java:2078)
        at org.eclipse.jetty.util.BlockingArrayQueue.poll(BlockingArrayQueue.java:382)
        at org.eclipse.jetty.util.thread.QueuedThreadPool$Runner.idleJobPoll(QueuedThreadPool.java:974)
        at org.eclipse.jetty.util.thread.QueuedThreadPool$Runner.run(QueuedThreadPool.java:1018)
        at java.lang.Thread.run(Thread.java:750)
"87a1f2dd-43fb-444c-bcbf-3c07980bc85d-server-thread1" daemon prio=5 tid=4501 timed_waiting
java.lang.Thread.State: TIMED_WAITING
        at sun.misc.Unsafe.park(Native Method)
        at java.util.concurrent.locks.LockSupport.parkNanos(LockSupport.java:215)
        at java.util.concurrent.SynchronousQueue$TransferStack.awaitFulfill(SynchronousQueue.java:460)
        at java.util.concurrent.SynchronousQueue$TransferStack.transfer(SynchronousQueue.java:362)
        at java.util.concurrent.SynchronousQueue.poll(SynchronousQueue.java:941)
        at java.util.concurrent.ThreadPoolExecutor.getTask(ThreadPoolExecutor.java:1073)
        at java.util.concurrent.ThreadPoolExecutor.runWorker(ThreadPoolExecutor.java:1134)
        at java.util.concurrent.ThreadPoolExecutor$Worker.run(ThreadPoolExecutor.java:624)
        at java.lang.Thread.run(Thread.java:750)
"ContainerOp-1a3410dc-4fd6-4954-94c6-9015fb128463-0"  prio=5 tid=6018 in Object.wait()
java.lang.Thread.State: WAITING (on object monitor)
        at sun.misc.Unsafe.park(Native Method)
        at java.util.concurrent.locks.LockSupport.park(LockSupport.java:175)
        at java.util.concurrent.locks.AbstractQueuedSynchronizer$ConditionObject.await(AbstractQueuedSynchronizer.java:2039)
        at java.util.concurrent.LinkedBlockingQueue.take(LinkedBlockingQueue.java:442)
        at java.util.concurrent.ThreadPoolExecutor.getTask(ThreadPoolExecutor.java:1074)
        at java.util.concurrent.ThreadPoolExecutor.runWorker(ThreadPoolExecutor.java:1134)
        at java.util.concurrent.ThreadPoolExecutor$Worker.run(ThreadPoolExecutor.java:624)
        at java.lang.Thread.run(Thread.java:750)
"qtp896413985-5154" daemon prio=5 tid=5154 timed_waiting
java.lang.Thread.State: TIMED_WAITING
        at sun.misc.Unsafe.park(Native Method)
        at java.util.concurrent.locks.LockSupport.parkNanos(LockSupport.java:215)
        at java.util.concurrent.locks.AbstractQueuedSynchronizer$ConditionObject.awaitNanos(AbstractQueuedSynchronizer.java:2078)
        at org.eclipse.jetty.util.BlockingArrayQueue.poll(BlockingArrayQueue.java:382)
        at org.eclipse.jetty.util.thread.QueuedThreadPool$Runner.idleJobPoll(QueuedThreadPool.java:974)
        at org.eclipse.jetty.util.thread.QueuedThreadPool$Runner.run(QueuedThreadPool.java:1018)
        at java.lang.Thread.run(Thread.java:750)
"om1@group-C5BA1605619E-SegmentedRaftLogWorker"  prio=5 tid=4731 timed_waiting
java.lang.Thread.State: TIMED_WAITING
        at sun.misc.Unsafe.park(Native Method)
        at java.util.concurrent.locks.LockSupport.parkNanos(LockSupport.java:215)
        at java.util.concurrent.locks.AbstractQueuedSynchronizer$ConditionObject.awaitNanos(AbstractQueuedSynchronizer.java:2078)
        at org.apache.ratis.util.DataBlockingQueue.poll(DataBlockingQueue.java:148)
        at org.apache.ratis.server.raftlog.segmented.SegmentedRaftLogWorker.run(SegmentedRaftLogWorker.java:301)
        at org.apache.ratis.server.raftlog.segmented.SegmentedRaftLogWorker$$Lambda$646/1639153477.run(Unknown Source)
        at java.lang.Thread.run(Thread.java:750)
"Datanode ReportManager Thread - 2" daemon prio=5 tid=4084 timed_waiting
java.lang.Thread.State: TIMED_WAITING
        at sun.misc.Unsafe.park(Native Method)
        at java.util.concurrent.locks.LockSupport.parkNanos(LockSupport.java:215)
        at java.util.concurrent.locks.AbstractQueuedSynchronizer$ConditionObject.awaitNanos(AbstractQueuedSynchronizer.java:2078)
        at java.util.concurrent.ScheduledThreadPoolExecutor$DelayedWorkQueue.take(ScheduledThreadPoolExecutor.java:1093)
        at java.util.concurrent.ScheduledThreadPoolExecutor$DelayedWorkQueue.take(ScheduledThreadPoolExecutor.java:809)
        at java.util.concurrent.ThreadPoolExecutor.getTask(ThreadPoolExecutor.java:1074)
        at java.util.concurrent.ThreadPoolExecutor.runWorker(ThreadPoolExecutor.java:1134)
        at java.util.concurrent.ThreadPoolExecutor$Worker.run(ThreadPoolExecutor.java:624)
        at java.lang.Thread.run(Thread.java:750)
"ChunkWriter-3-0" daemon prio=5 tid=6447 in Object.wait()
java.lang.Thread.State: WAITING (on object monitor)
        at sun.misc.Unsafe.park(Native Method)
        at java.util.concurrent.locks.LockSupport.park(LockSupport.java:175)
        at java.util.concurrent.locks.AbstractQueuedSynchronizer$ConditionObject.await(AbstractQueuedSynchronizer.java:2039)
        at java.util.concurrent.LinkedBlockingDeque.takeFirst(LinkedBlockingDeque.java:492)
        at java.util.concurrent.LinkedBlockingDeque.take(LinkedBlockingDeque.java:680)
        at java.util.concurrent.ThreadPoolExecutor.getTask(ThreadPoolExecutor.java:1074)
        at java.util.concurrent.ThreadPoolExecutor.runWorker(ThreadPoolExecutor.java:1134)
        at java.util.concurrent.ThreadPoolExecutor$Worker.run(ThreadPoolExecutor.java:624)
        at java.lang.Thread.run(Thread.java:750)
"7c212dc6-cebf-495f-bd67-bd25421d8adf@group-0CBB49F4AF40->c977c8ce-8538-40eb-94c6-762b85246bac-GrpcLogAppender-LogAppenderDaemon" daemon prio=5 tid=5606 timed_waiting
java.lang.Thread.State: TIMED_WAITING
        at sun.misc.Unsafe.park(Native Method)
        at java.util.concurrent.locks.LockSupport.parkNanos(LockSupport.java:215)
        at java.util.concurrent.CompletableFuture$Signaller.block(CompletableFuture.java:1709)
        at java.util.concurrent.ForkJoinPool.managedBlock(ForkJoinPool.java:3323)
        at java.util.concurrent.CompletableFuture.timedGet(CompletableFuture.java:1788)
        at java.util.concurrent.CompletableFuture.get(CompletableFuture.java:1928)
        at org.apache.ratis.util.AwaitForSignal.await(AwaitForSignal.java:56)
        at org.apache.ratis.grpc.server.GrpcLogAppender.mayWait(GrpcLogAppender.java:169)
        at org.apache.ratis.grpc.server.GrpcLogAppender.run(GrpcLogAppender.java:128)
        at org.apache.ratis.server.leader.LogAppenderDaemon.run(LogAppenderDaemon.java:77)
        at org.apache.ratis.server.leader.LogAppenderDaemon$$Lambda$1044/613649554.run(Unknown Source)
        at java.lang.Thread.run(Thread.java:750)
"ChunkWriter-2-0" daemon prio=5 tid=4114 in Object.wait()
java.lang.Thread.State: WAITING (on object monitor)
        at sun.misc.Unsafe.park(Native Method)
        at java.util.concurrent.locks.LockSupport.park(LockSupport.java:175)
        at java.util.concurrent.locks.AbstractQueuedSynchronizer$ConditionObject.await(AbstractQueuedSynchronizer.java:2039)
        at java.util.concurrent.LinkedBlockingDeque.takeFirst(LinkedBlockingDeque.java:492)
        at java.util.concurrent.LinkedBlockingDeque.take(LinkedBlockingDeque.java:680)
        at java.util.concurrent.ThreadPoolExecutor.getTask(ThreadPoolExecutor.java:1074)
        at java.util.concurrent.ThreadPoolExecutor.runWorker(ThreadPoolExecutor.java:1134)
        at java.util.concurrent.ThreadPoolExecutor$Worker.run(ThreadPoolExecutor.java:624)
        at java.lang.Thread.run(Thread.java:750)
"BlockDeletingService#2" daemon prio=5 tid=7010 in Object.wait()
java.lang.Thread.State: WAITING (on object monitor)
        at sun.misc.Unsafe.park(Native Method)
        at java.util.concurrent.locks.LockSupport.park(LockSupport.java:175)
        at java.util.concurrent.locks.AbstractQueuedSynchronizer$ConditionObject.await(AbstractQueuedSynchronizer.java:2039)
        at java.util.concurrent.ScheduledThreadPoolExecutor$DelayedWorkQueue.take(ScheduledThreadPoolExecutor.java:1088)
        at java.util.concurrent.ScheduledThreadPoolExecutor$DelayedWorkQueue.take(ScheduledThreadPoolExecutor.java:809)
        at java.util.concurrent.ThreadPoolExecutor.getTask(ThreadPoolExecutor.java:1074)
        at java.util.concurrent.ThreadPoolExecutor.runWorker(ThreadPoolExecutor.java:1134)
        at java.util.concurrent.ThreadPoolExecutor$Worker.run(ThreadPoolExecutor.java:624)
        at java.lang.Thread.run(Thread.java:750)
"StaleRecoveringContainerScrubbingService#2" daemon prio=5 tid=7011 in Object.wait()
java.lang.Thread.State: WAITING (on object monitor)
        at sun.misc.Unsafe.park(Native Method)
        at java.util.concurrent.locks.LockSupport.park(LockSupport.java:175)
        at java.util.concurrent.locks.AbstractQueuedSynchronizer$ConditionObject.await(AbstractQueuedSynchronizer.java:2039)
        at java.util.concurrent.ScheduledThreadPoolExecutor$DelayedWorkQueue.take(ScheduledThreadPoolExecutor.java:1088)
        at java.util.concurrent.ScheduledThreadPoolExecutor$DelayedWorkQueue.take(ScheduledThreadPoolExecutor.java:809)
        at java.util.concurrent.ThreadPoolExecutor.getTask(ThreadPoolExecutor.java:1074)
        at java.util.concurrent.ThreadPoolExecutor.runWorker(ThreadPoolExecutor.java:1134)
        at java.util.concurrent.ThreadPoolExecutor$Worker.run(ThreadPoolExecutor.java:624)
        at java.lang.Thread.run(Thread.java:750)
"ReplicationMonitor" daemon prio=5 tid=5810 timed_waiting
java.lang.Thread.State: TIMED_WAITING
        at java.lang.Object.wait(Native Method)
        at org.apache.hadoop.hdds.scm.container.replication.ReplicationManager.run(ReplicationManager.java:505)
        at org.apache.hadoop.hdds.scm.container.replication.ReplicationManager$$Lambda$415/1927337571.run(Unknown Source)
        at java.lang.Thread.run(Thread.java:750)
"c2eaf186-c3ec-4510-b8dc-fb04c7f742a3@group-E23640D80DD8-StateMachineUpdater" daemon prio=5 tid=5468 timed_waiting
java.lang.Thread.State: TIMED_WAITING
        at sun.misc.Unsafe.park(Native Method)
        at java.util.concurrent.locks.LockSupport.parkNanos(LockSupport.java:215)
        at java.util.concurrent.CompletableFuture$Signaller.block(CompletableFuture.java:1709)
        at java.util.concurrent.ForkJoinPool.managedBlock(ForkJoinPool.java:3323)
        at java.util.concurrent.CompletableFuture.timedGet(CompletableFuture.java:1788)
        at java.util.concurrent.CompletableFuture.get(CompletableFuture.java:1928)
        at org.apache.ratis.util.AwaitForSignal.await(AwaitForSignal.java:56)
        at org.apache.ratis.server.impl.StateMachineUpdater.waitForCommit(StateMachineUpdater.java:207)
        at org.apache.ratis.server.impl.StateMachineUpdater.run(StateMachineUpdater.java:176)
        at java.lang.Thread.run(Thread.java:750)
"Finalizer" daemon prio=8 tid=3 in Object.wait()
java.lang.Thread.State: WAITING (on object monitor)
        at java.lang.Object.wait(Native Method)
        at java.lang.ref.ReferenceQueue.remove(ReferenceQueue.java:144)
        at java.lang.ref.ReferenceQueue.remove(ReferenceQueue.java:165)
        at java.lang.ref.Finalizer$FinalizerThread.run(Finalizer.java:216)
"PartialTableCache Cleanup Thread - 0" daemon prio=5 tid=3473 in Object.wait()
java.lang.Thread.State: WAITING (on object monitor)
        at sun.misc.Unsafe.park(Native Method)
        at java.util.concurrent.locks.LockSupport.park(LockSupport.java:175)
        at java.util.concurrent.locks.AbstractQueuedSynchronizer$ConditionObject.await(AbstractQueuedSynchronizer.java:2039)
        at java.util.concurrent.LinkedBlockingQueue.take(LinkedBlockingQueue.java:442)
        at java.util.concurrent.ThreadPoolExecutor.getTask(ThreadPoolExecutor.java:1074)
        at java.util.concurrent.ThreadPoolExecutor.runWorker(ThreadPoolExecutor.java:1134)
        at java.util.concurrent.ThreadPoolExecutor$Worker.run(ThreadPoolExecutor.java:624)
        at java.lang.Thread.run(Thread.java:750)
"pool-3642-thread-1" daemon prio=5 tid=6157 timed_waiting
java.lang.Thread.State: TIMED_WAITING
        at sun.misc.Unsafe.park(Native Method)
        at java.util.concurrent.locks.LockSupport.parkNanos(LockSupport.java:215)
        at java.util.concurrent.locks.AbstractQueuedSynchronizer$ConditionObject.awaitNanos(AbstractQueuedSynchronizer.java:2078)
        at java.util.concurrent.ScheduledThreadPoolExecutor$DelayedWorkQueue.take(ScheduledThreadPoolExecutor.java:1093)
        at java.util.concurrent.ScheduledThreadPoolExecutor$DelayedWorkQueue.take(ScheduledThreadPoolExecutor.java:809)
        at java.util.concurrent.ThreadPoolExecutor.getTask(ThreadPoolExecutor.java:1074)
        at java.util.concurrent.ThreadPoolExecutor.runWorker(ThreadPoolExecutor.java:1134)
        at java.util.concurrent.ThreadPoolExecutor$Worker.run(ThreadPoolExecutor.java:624)
        at java.lang.Thread.run(Thread.java:750)
"ChunkWriter-3-0" daemon prio=5 tid=4200 in Object.wait()
java.lang.Thread.State: WAITING (on object monitor)
        at sun.misc.Unsafe.park(Native Method)
        at java.util.concurrent.locks.LockSupport.park(LockSupport.java:175)
        at java.util.concurrent.locks.AbstractQueuedSynchronizer$ConditionObject.await(AbstractQueuedSynchronizer.java:2039)
        at java.util.concurrent.LinkedBlockingDeque.takeFirst(LinkedBlockingDeque.java:492)
        at java.util.concurrent.LinkedBlockingDeque.take(LinkedBlockingDeque.java:680)
        at java.util.concurrent.ThreadPoolExecutor.getTask(ThreadPoolExecutor.java:1074)
        at java.util.concurrent.ThreadPoolExecutor.runWorker(ThreadPoolExecutor.java:1134)
        at java.util.concurrent.ThreadPoolExecutor$Worker.run(ThreadPoolExecutor.java:624)
        at java.lang.Thread.run(Thread.java:750)
"Datanode ReportManager Thread - 1" daemon prio=5 tid=5047 timed_waiting
java.lang.Thread.State: TIMED_WAITING
        at sun.misc.Unsafe.park(Native Method)
        at java.util.concurrent.locks.LockSupport.parkNanos(LockSupport.java:215)
        at java.util.concurrent.locks.AbstractQueuedSynchronizer$ConditionObject.awaitNanos(AbstractQueuedSynchronizer.java:2078)
        at java.util.concurrent.ScheduledThreadPoolExecutor$DelayedWorkQueue.take(ScheduledThreadPoolExecutor.java:1093)
        at java.util.concurrent.ScheduledThreadPoolExecutor$DelayedWorkQueue.take(ScheduledThreadPoolExecutor.java:809)
        at java.util.concurrent.ThreadPoolExecutor.getTask(ThreadPoolExecutor.java:1074)
        at java.util.concurrent.ThreadPoolExecutor.runWorker(ThreadPoolExecutor.java:1134)
        at java.util.concurrent.ThreadPoolExecutor$Worker.run(ThreadPoolExecutor.java:624)
        at java.lang.Thread.run(Thread.java:750)
"IPC Server handler 12 on default port 43303" daemon prio=5 tid=6823 timed_waiting
java.lang.Thread.State: TIMED_WAITING
        at sun.misc.Unsafe.park(Native Method)
        at java.util.concurrent.locks.LockSupport.parkNanos(LockSupport.java:215)
        at java.util.concurrent.locks.AbstractQueuedSynchronizer$ConditionObject.awaitNanos(AbstractQueuedSynchronizer.java:2078)
        at java.util.concurrent.LinkedBlockingQueue.poll(LinkedBlockingQueue.java:467)
        at org.apache.hadoop.ipc.CallQueueManager.take(CallQueueManager.java:317)
        at org.apache.hadoop.ipc.Server$Handler.run(Server.java:2942)
"ChunkWriter-3-0" daemon prio=5 tid=4218 in Object.wait()
java.lang.Thread.State: WAITING (on object monitor)
        at sun.misc.Unsafe.park(Native Method)
        at java.util.concurrent.locks.LockSupport.park(LockSupport.java:175)
        at java.util.concurrent.locks.AbstractQueuedSynchronizer$ConditionObject.await(AbstractQueuedSynchronizer.java:2039)
        at java.util.concurrent.LinkedBlockingDeque.takeFirst(LinkedBlockingDeque.java:492)
        at java.util.concurrent.LinkedBlockingDeque.take(LinkedBlockingDeque.java:680)
        at java.util.concurrent.ThreadPoolExecutor.getTask(ThreadPoolExecutor.java:1074)
        at java.util.concurrent.ThreadPoolExecutor.runWorker(ThreadPoolExecutor.java:1134)
        at java.util.concurrent.ThreadPoolExecutor$Worker.run(ThreadPoolExecutor.java:624)
        at java.lang.Thread.run(Thread.java:750)
"IPC Server Responder" daemon prio=5 tid=5821 runnable
java.lang.Thread.State: RUNNABLE
        at sun.nio.ch.EPollArrayWrapper.epollWait(Native Method)
        at sun.nio.ch.EPollArrayWrapper.poll(EPollArrayWrapper.java:269)
        at sun.nio.ch.EPollSelectorImpl.doSelect(EPollSelectorImpl.java:93)
        at sun.nio.ch.SelectorImpl.lockAndDoSelect(SelectorImpl.java:86)
        at sun.nio.ch.SelectorImpl.select(SelectorImpl.java:97)
        at org.apache.hadoop.ipc.Server$Responder.doRunLoop(Server.java:1532)
        at org.apache.hadoop.ipc.Server$Responder.run(Server.java:1515)
"Datanode State Machine Task Thread - 1"  prio=5 tid=4149 in Object.wait()
java.lang.Thread.State: WAITING (on object monitor)
        at sun.misc.Unsafe.park(Native Method)
        at java.util.concurrent.locks.LockSupport.park(LockSupport.java:175)
        at java.util.concurrent.locks.AbstractQueuedSynchronizer$ConditionObject.await(AbstractQueuedSynchronizer.java:2039)
        at java.util.concurrent.LinkedBlockingQueue.take(LinkedBlockingQueue.java:442)
        at java.util.concurrent.ThreadPoolExecutor.getTask(ThreadPoolExecutor.java:1074)
        at java.util.concurrent.ThreadPoolExecutor.runWorker(ThreadPoolExecutor.java:1134)
        at java.util.concurrent.ThreadPoolExecutor$Worker.run(ThreadPoolExecutor.java:624)
        at java.lang.Thread.run(Thread.java:750)
"StaleRecoveringContainerScrubbingService#1" daemon prio=5 tid=6493 in Object.wait()
java.lang.Thread.State: WAITING (on object monitor)
        at sun.misc.Unsafe.park(Native Method)
        at java.util.concurrent.locks.LockSupport.park(LockSupport.java:175)
        at java.util.concurrent.locks.AbstractQueuedSynchronizer$ConditionObject.await(AbstractQueuedSynchronizer.java:2039)
        at java.util.concurrent.ScheduledThreadPoolExecutor$DelayedWorkQueue.take(ScheduledThreadPoolExecutor.java:1088)
        at java.util.concurrent.ScheduledThreadPoolExecutor$DelayedWorkQueue.take(ScheduledThreadPoolExecutor.java:809)
        at java.util.concurrent.ThreadPoolExecutor.getTask(ThreadPoolExecutor.java:1074)
        at java.util.concurrent.ThreadPoolExecutor.runWorker(ThreadPoolExecutor.java:1134)
        at java.util.concurrent.ThreadPoolExecutor$Worker.run(ThreadPoolExecutor.java:624)
        at java.lang.Thread.run(Thread.java:750)
"pool-2213-thread-1" daemon prio=5 tid=3932 timed_waiting
java.lang.Thread.State: TIMED_WAITING
        at sun.misc.Unsafe.park(Native Method)
        at java.util.concurrent.locks.LockSupport.parkNanos(LockSupport.java:215)
        at java.util.concurrent.locks.AbstractQueuedSynchronizer$ConditionObject.awaitNanos(AbstractQueuedSynchronizer.java:2078)
        at java.util.concurrent.ScheduledThreadPoolExecutor$DelayedWorkQueue.take(ScheduledThreadPoolExecutor.java:1093)
        at java.util.concurrent.ScheduledThreadPoolExecutor$DelayedWorkQueue.take(ScheduledThreadPoolExecutor.java:809)
        at java.util.concurrent.ThreadPoolExecutor.getTask(ThreadPoolExecutor.java:1074)
        at java.util.concurrent.ThreadPoolExecutor.runWorker(ThreadPoolExecutor.java:1134)
        at java.util.concurrent.ThreadPoolExecutor$Worker.run(ThreadPoolExecutor.java:624)
        at java.lang.Thread.run(Thread.java:750)
"qtp2096450185-5317" daemon prio=5 tid=5317 timed_waiting
java.lang.Thread.State: TIMED_WAITING
        at sun.misc.Unsafe.park(Native Method)
        at java.util.concurrent.locks.LockSupport.parkNanos(LockSupport.java:215)
        at java.util.concurrent.locks.AbstractQueuedSynchronizer$ConditionObject.awaitNanos(AbstractQueuedSynchronizer.java:2078)
        at org.eclipse.jetty.util.BlockingArrayQueue.poll(BlockingArrayQueue.java:382)
        at org.eclipse.jetty.util.thread.QueuedThreadPool$Runner.idleJobPoll(QueuedThreadPool.java:974)
        at org.eclipse.jetty.util.thread.QueuedThreadPool$Runner.run(QueuedThreadPool.java:1018)
        at java.lang.Thread.run(Thread.java:750)
"IPC Server handler 4 on default port 40471" daemon prio=5 tid=6795 timed_waiting
java.lang.Thread.State: TIMED_WAITING
        at sun.misc.Unsafe.park(Native Method)
        at java.util.concurrent.locks.LockSupport.parkNanos(LockSupport.java:215)
        at java.util.concurrent.locks.AbstractQueuedSynchronizer$ConditionObject.awaitNanos(AbstractQueuedSynchronizer.java:2078)
        at java.util.concurrent.LinkedBlockingQueue.poll(LinkedBlockingQueue.java:467)
        at org.apache.hadoop.ipc.CallQueueManager.take(CallQueueManager.java:317)
        at org.apache.hadoop.ipc.Server$Handler.run(Server.java:2942)
"qtp926651341-5283" daemon prio=5 tid=5283 timed_waiting
java.lang.Thread.State: TIMED_WAITING
        at sun.misc.Unsafe.park(Native Method)
        at java.util.concurrent.locks.LockSupport.parkNanos(LockSupport.java:215)
        at java.util.concurrent.locks.AbstractQueuedSynchronizer$ConditionObject.awaitNanos(AbstractQueuedSynchronizer.java:2078)
        at org.eclipse.jetty.util.BlockingArrayQueue.poll(BlockingArrayQueue.java:382)
        at org.eclipse.jetty.util.thread.QueuedThreadPool$Runner.idleJobPoll(QueuedThreadPool.java:974)
        at org.eclipse.jetty.util.thread.QueuedThreadPool$Runner.run(QueuedThreadPool.java:1018)
        at java.lang.Thread.run(Thread.java:750)
"RatisPipelineUtilsThread - 0"  prio=5 tid=5807 timed_waiting
java.lang.Thread.State: TIMED_WAITING
        at java.lang.Object.wait(Native Method)
        at org.apache.hadoop.hdds.scm.pipeline.BackgroundPipelineCreator.run(BackgroundPipelineCreator.java:176)
        at org.apache.hadoop.hdds.scm.pipeline.BackgroundPipelineCreator$$Lambda$405/160388048.run(Unknown Source)
        at java.lang.Thread.run(Thread.java:750)
"c53e9dec-04d8-4017-ae1e-e704ed095001@group-A3339B58DE84-LeaderStateImpl" daemon prio=5 tid=6763 timed_waiting
java.lang.Thread.State: TIMED_WAITING
        at sun.misc.Unsafe.park(Native Method)
        at java.util.concurrent.locks.LockSupport.parkNanos(LockSupport.java:215)
        at java.util.concurrent.locks.AbstractQueuedSynchronizer$ConditionObject.awaitNanos(AbstractQueuedSynchronizer.java:2078)
        at java.util.concurrent.ArrayBlockingQueue.poll(ArrayBlockingQueue.java:418)
        at org.apache.ratis.server.impl.LeaderStateImpl$EventQueue.poll(LeaderStateImpl.java:159)
        at org.apache.ratis.server.impl.LeaderStateImpl$EventProcessor.run(LeaderStateImpl.java:630)
"org.apache.hadoop.util.JvmPauseMonitor$Monitor@4c768ceb" daemon prio=5 tid=5260 timed_waiting
java.lang.Thread.State: TIMED_WAITING
        at java.lang.Thread.sleep(Native Method)
        at org.apache.hadoop.util.JvmPauseMonitor$Monitor.run(JvmPauseMonitor.java:192)
        at java.lang.Thread.run(Thread.java:750)
"qtp1307868917-5224" daemon prio=5 tid=5224 timed_waiting
java.lang.Thread.State: TIMED_WAITING
        at sun.misc.Unsafe.park(Native Method)
        at java.util.concurrent.locks.LockSupport.parkNanos(LockSupport.java:215)
        at java.util.concurrent.locks.AbstractQueuedSynchronizer$ConditionObject.awaitNanos(AbstractQueuedSynchronizer.java:2078)
        at org.eclipse.jetty.util.BlockingArrayQueue.poll(BlockingArrayQueue.java:382)
        at org.eclipse.jetty.util.thread.QueuedThreadPool$Runner.idleJobPoll(QueuedThreadPool.java:974)
        at org.eclipse.jetty.util.thread.QueuedThreadPool$Runner.run(QueuedThreadPool.java:1018)
        at java.lang.Thread.run(Thread.java:750)
"IPC Server handler 1 on default port 43819" daemon prio=5 tid=5843 timed_waiting
java.lang.Thread.State: TIMED_WAITING
        at sun.misc.Unsafe.park(Native Method)
        at java.util.concurrent.locks.LockSupport.parkNanos(LockSupport.java:215)
        at java.util.concurrent.locks.AbstractQueuedSynchronizer$ConditionObject.awaitNanos(AbstractQueuedSynchronizer.java:2078)
        at java.util.concurrent.LinkedBlockingQueue.poll(LinkedBlockingQueue.java:467)
        at org.apache.hadoop.ipc.CallQueueManager.take(CallQueueManager.java:317)
        at org.apache.hadoop.ipc.Server$Handler.run(Server.java:2942)
"org.apache.hadoop.util.JvmPauseMonitor$Monitor@22668b06" daemon prio=5 tid=6128 timed_waiting
java.lang.Thread.State: TIMED_WAITING
        at java.lang.Thread.sleep(Native Method)
        at org.apache.hadoop.util.JvmPauseMonitor$Monitor.run(JvmPauseMonitor.java:192)
        at java.lang.Thread.run(Thread.java:750)
"qtp900396159-6346" daemon prio=5 tid=6346 timed_waiting
java.lang.Thread.State: TIMED_WAITING
        at sun.misc.Unsafe.park(Native Method)
        at java.util.concurrent.locks.LockSupport.parkNanos(LockSupport.java:215)
        at java.util.concurrent.locks.AbstractQueuedSynchronizer$ConditionObject.awaitNanos(AbstractQueuedSynchronizer.java:2078)
        at org.eclipse.jetty.util.BlockingArrayQueue.poll(BlockingArrayQueue.java:382)
        at org.eclipse.jetty.util.thread.QueuedThreadPool$Runner.idleJobPoll(QueuedThreadPool.java:974)
        at org.eclipse.jetty.util.thread.QueuedThreadPool$Runner.run(QueuedThreadPool.java:1018)
        at java.lang.Thread.run(Thread.java:750)
"SCMBlockDeletingService#0" daemon prio=5 tid=4635 timed_waiting
java.lang.Thread.State: TIMED_WAITING
        at sun.misc.Unsafe.park(Native Method)
        at java.util.concurrent.locks.LockSupport.parkNanos(LockSupport.java:215)
        at java.util.concurrent.locks.AbstractQueuedSynchronizer$ConditionObject.awaitNanos(AbstractQueuedSynchronizer.java:2078)
        at java.util.concurrent.ScheduledThreadPoolExecutor$DelayedWorkQueue.take(ScheduledThreadPoolExecutor.java:1093)
        at java.util.concurrent.ScheduledThreadPoolExecutor$DelayedWorkQueue.take(ScheduledThreadPoolExecutor.java:809)
        at java.util.concurrent.ThreadPoolExecutor.getTask(ThreadPoolExecutor.java:1074)
        at java.util.concurrent.ThreadPoolExecutor.runWorker(ThreadPoolExecutor.java:1134)
        at java.util.concurrent.ThreadPoolExecutor$Worker.run(ThreadPoolExecutor.java:624)
        at java.lang.Thread.run(Thread.java:750)
"42bf96ef-5b29-49bf-adbe-37b520f0d1a8-server-thread2" daemon prio=5 tid=5669 timed_waiting
java.lang.Thread.State: TIMED_WAITING
        at sun.misc.Unsafe.park(Native Method)
        at java.util.concurrent.locks.LockSupport.parkNanos(LockSupport.java:215)
        at java.util.concurrent.SynchronousQueue$TransferStack.awaitFulfill(SynchronousQueue.java:460)
        at java.util.concurrent.SynchronousQueue$TransferStack.transfer(SynchronousQueue.java:362)
        at java.util.concurrent.SynchronousQueue.poll(SynchronousQueue.java:941)
        at java.util.concurrent.ThreadPoolExecutor.getTask(ThreadPoolExecutor.java:1073)
        at java.util.concurrent.ThreadPoolExecutor.runWorker(ThreadPoolExecutor.java:1134)
        at java.util.concurrent.ThreadPoolExecutor$Worker.run(ThreadPoolExecutor.java:624)
        at java.lang.Thread.run(Thread.java:750)
"IPC Server handler 16 on default port 35679" daemon prio=5 tid=5878 timed_waiting
java.lang.Thread.State: TIMED_WAITING
        at sun.misc.Unsafe.park(Native Method)
        at java.util.concurrent.locks.LockSupport.parkNanos(LockSupport.java:215)
        at java.util.concurrent.locks.AbstractQueuedSynchronizer$ConditionObject.awaitNanos(AbstractQueuedSynchronizer.java:2078)
        at java.util.concurrent.LinkedBlockingQueue.poll(LinkedBlockingQueue.java:467)
        at org.apache.hadoop.ipc.CallQueueManager.take(CallQueueManager.java:317)
        at org.apache.hadoop.ipc.Server$Handler.run(Server.java:2942)
"pool-2605-thread-1"  prio=5 tid=4724 in Object.wait()
java.lang.Thread.State: WAITING (on object monitor)
        at sun.misc.Unsafe.park(Native Method)
        at java.util.concurrent.locks.LockSupport.park(LockSupport.java:175)
        at java.util.concurrent.locks.AbstractQueuedSynchronizer$ConditionObject.await(AbstractQueuedSynchronizer.java:2039)
        at java.util.concurrent.LinkedBlockingQueue.take(LinkedBlockingQueue.java:442)
        at java.util.concurrent.ThreadPoolExecutor.getTask(ThreadPoolExecutor.java:1074)
        at java.util.concurrent.ThreadPoolExecutor.runWorker(ThreadPoolExecutor.java:1134)
        at java.util.concurrent.ThreadPoolExecutor$Worker.run(ThreadPoolExecutor.java:624)
        at java.lang.Thread.run(Thread.java:750)
"ChunkWriter-1-0" daemon prio=5 tid=6473 in Object.wait()
java.lang.Thread.State: WAITING (on object monitor)
        at sun.misc.Unsafe.park(Native Method)
        at java.util.concurrent.locks.LockSupport.park(LockSupport.java:175)
        at java.util.concurrent.locks.AbstractQueuedSynchronizer$ConditionObject.await(AbstractQueuedSynchronizer.java:2039)
        at java.util.concurrent.LinkedBlockingDeque.takeFirst(LinkedBlockingDeque.java:492)
        at java.util.concurrent.LinkedBlockingDeque.take(LinkedBlockingDeque.java:680)
        at java.util.concurrent.ThreadPoolExecutor.getTask(ThreadPoolExecutor.java:1074)
        at java.util.concurrent.ThreadPoolExecutor.runWorker(ThreadPoolExecutor.java:1134)
        at java.util.concurrent.ThreadPoolExecutor$Worker.run(ThreadPoolExecutor.java:624)
        at java.lang.Thread.run(Thread.java:750)
"Datanode State Machine Task Thread - 0"  prio=5 tid=5262 in Object.wait()
java.lang.Thread.State: WAITING (on object monitor)
        at sun.misc.Unsafe.park(Native Method)
        at java.util.concurrent.locks.LockSupport.park(LockSupport.java:175)
        at java.util.concurrent.locks.AbstractQueuedSynchronizer$ConditionObject.await(AbstractQueuedSynchronizer.java:2039)
        at java.util.concurrent.LinkedBlockingQueue.take(LinkedBlockingQueue.java:442)
        at java.util.concurrent.ThreadPoolExecutor.getTask(ThreadPoolExecutor.java:1074)
        at java.util.concurrent.ThreadPoolExecutor.runWorker(ThreadPoolExecutor.java:1134)
        at java.util.concurrent.ThreadPoolExecutor$Worker.run(ThreadPoolExecutor.java:624)
        at java.lang.Thread.run(Thread.java:750)
"IPC Server handler 8 on default port 35863" daemon prio=5 tid=5890 timed_waiting
java.lang.Thread.State: TIMED_WAITING
        at sun.misc.Unsafe.park(Native Method)
        at java.util.concurrent.locks.LockSupport.parkNanos(LockSupport.java:215)
        at java.util.concurrent.locks.AbstractQueuedSynchronizer$ConditionObject.awaitNanos(AbstractQueuedSynchronizer.java:2078)
        at java.util.concurrent.LinkedBlockingQueue.poll(LinkedBlockingQueue.java:467)
        at org.apache.hadoop.ipc.CallQueueManager.take(CallQueueManager.java:317)
        at org.apache.hadoop.ipc.Server$Handler.run(Server.java:2942)
"EndpointStateMachine task thread for /0.0.0.0:36781 - 0 "  prio=5 tid=5342 in Object.wait()
java.lang.Thread.State: WAITING (on object monitor)
        at sun.misc.Unsafe.park(Native Method)
        at java.util.concurrent.locks.LockSupport.park(LockSupport.java:175)
        at java.util.concurrent.locks.AbstractQueuedSynchronizer$ConditionObject.await(AbstractQueuedSynchronizer.java:2039)
        at java.util.concurrent.LinkedBlockingQueue.take(LinkedBlockingQueue.java:442)
        at java.util.concurrent.ThreadPoolExecutor.getTask(ThreadPoolExecutor.java:1074)
        at java.util.concurrent.ThreadPoolExecutor.runWorker(ThreadPoolExecutor.java:1134)
        at java.util.concurrent.ThreadPoolExecutor$Worker.run(ThreadPoolExecutor.java:624)
        at java.lang.Thread.run(Thread.java:750)
"qtp1906917657-4645-acceptor-0@5df51f32-ServerConnector@70508ca1{HTTP/1.1, (http/1.1)}{0.0.0.0:46121}" daemon prio=3 tid=4645 runnable
java.lang.Thread.State: RUNNABLE
        at sun.nio.ch.ServerSocketChannelImpl.accept0(Native Method)
        at sun.nio.ch.ServerSocketChannelImpl.accept(ServerSocketChannelImpl.java:421)
        at sun.nio.ch.ServerSocketChannelImpl.accept(ServerSocketChannelImpl.java:249)
        at org.eclipse.jetty.server.ServerConnector.accept(ServerConnector.java:388)
        at org.eclipse.jetty.server.AbstractConnector$Acceptor.run(AbstractConnector.java:702)
        at org.eclipse.jetty.util.thread.QueuedThreadPool.runJob(QueuedThreadPool.java:883)
        at org.eclipse.jetty.util.thread.QueuedThreadPool$Runner.run(QueuedThreadPool.java:1034)
        at java.lang.Thread.run(Thread.java:750)
"qtp1325558990-5906" daemon prio=5 tid=5906 runnable
java.lang.Thread.State: RUNNABLE
        at sun.nio.ch.EPollArrayWrapper.epollWait(Native Method)
        at sun.nio.ch.EPollArrayWrapper.poll(EPollArrayWrapper.java:269)
        at sun.nio.ch.EPollSelectorImpl.doSelect(EPollSelectorImpl.java:93)
        at sun.nio.ch.SelectorImpl.lockAndDoSelect(SelectorImpl.java:86)
        at sun.nio.ch.SelectorImpl.select(SelectorImpl.java:97)
        at sun.nio.ch.SelectorImpl.select(SelectorImpl.java:101)
        at org.eclipse.jetty.io.ManagedSelector.nioSelect(ManagedSelector.java:183)
        at org.eclipse.jetty.io.ManagedSelector.select(ManagedSelector.java:190)
        at org.eclipse.jetty.io.ManagedSelector$SelectorProducer.select(ManagedSelector.java:606)
        at org.eclipse.jetty.io.ManagedSelector$SelectorProducer.produce(ManagedSelector.java:543)
        at org.eclipse.jetty.util.thread.strategy.EatWhatYouKill.produceTask(EatWhatYouKill.java:362)
        at org.eclipse.jetty.util.thread.strategy.EatWhatYouKill.doProduce(EatWhatYouKill.java:186)
        at org.eclipse.jetty.util.thread.strategy.EatWhatYouKill.tryProduce(EatWhatYouKill.java:173)
        at org.eclipse.jetty.util.thread.strategy.EatWhatYouKill.produce(EatWhatYouKill.java:137)
        at org.eclipse.jetty.io.ManagedSelector$$Lambda$478/1665851504.run(Unknown Source)
        at org.eclipse.jetty.util.thread.QueuedThreadPool.runJob(QueuedThreadPool.java:883)
        at org.eclipse.jetty.util.thread.QueuedThreadPool$Runner.run(QueuedThreadPool.java:1034)
        at java.lang.Thread.run(Thread.java:750)
"Datanode ReportManager Thread - 3" daemon prio=5 tid=4085 in Object.wait()
java.lang.Thread.State: WAITING (on object monitor)
        at sun.misc.Unsafe.park(Native Method)
        at java.util.concurrent.locks.LockSupport.park(LockSupport.java:175)
        at java.util.concurrent.locks.AbstractQueuedSynchronizer$ConditionObject.await(AbstractQueuedSynchronizer.java:2039)
        at java.util.concurrent.ScheduledThreadPoolExecutor$DelayedWorkQueue.take(ScheduledThreadPoolExecutor.java:1088)
        at java.util.concurrent.ScheduledThreadPoolExecutor$DelayedWorkQueue.take(ScheduledThreadPoolExecutor.java:809)
        at java.util.concurrent.ThreadPoolExecutor.getTask(ThreadPoolExecutor.java:1074)
        at java.util.concurrent.ThreadPoolExecutor.runWorker(ThreadPoolExecutor.java:1134)
        at java.util.concurrent.ThreadPoolExecutor$Worker.run(ThreadPoolExecutor.java:624)
        at java.lang.Thread.run(Thread.java:750)
"ChunkWriter-1-0" daemon prio=5 tid=6445 in Object.wait()
java.lang.Thread.State: WAITING (on object monitor)
        at sun.misc.Unsafe.park(Native Method)
        at java.util.concurrent.locks.LockSupport.park(LockSupport.java:175)
        at java.util.concurrent.locks.AbstractQueuedSynchronizer$ConditionObject.await(AbstractQueuedSynchronizer.java:2039)
        at java.util.concurrent.LinkedBlockingDeque.takeFirst(LinkedBlockingDeque.java:492)
        at java.util.concurrent.LinkedBlockingDeque.take(LinkedBlockingDeque.java:680)
        at java.util.concurrent.ThreadPoolExecutor.getTask(ThreadPoolExecutor.java:1074)
        at java.util.concurrent.ThreadPoolExecutor.runWorker(ThreadPoolExecutor.java:1134)
        at java.util.concurrent.ThreadPoolExecutor$Worker.run(ThreadPoolExecutor.java:624)
        at java.lang.Thread.run(Thread.java:750)
"IPC Server handler 12 on default port 46525" daemon prio=5 tid=3806 timed_waiting
java.lang.Thread.State: TIMED_WAITING
        at sun.misc.Unsafe.park(Native Method)
        at java.util.concurrent.locks.LockSupport.parkNanos(LockSupport.java:215)
        at java.util.concurrent.locks.AbstractQueuedSynchronizer$ConditionObject.awaitNanos(AbstractQueuedSynchronizer.java:2078)
        at java.util.concurrent.LinkedBlockingQueue.poll(LinkedBlockingQueue.java:467)
        at org.apache.hadoop.ipc.CallQueueManager.take(CallQueueManager.java:317)
        at org.apache.hadoop.ipc.Server$Handler.run(Server.java:2942)
"ContainerOp-1a3410dc-4fd6-4954-94c6-9015fb128463-4"  prio=5 tid=6051 in Object.wait()
java.lang.Thread.State: WAITING (on object monitor)
        at sun.misc.Unsafe.park(Native Method)
        at java.util.concurrent.locks.LockSupport.park(LockSupport.java:175)
        at java.util.concurrent.locks.AbstractQueuedSynchronizer$ConditionObject.await(AbstractQueuedSynchronizer.java:2039)
        at java.util.concurrent.LinkedBlockingQueue.take(LinkedBlockingQueue.java:442)
        at java.util.concurrent.ThreadPoolExecutor.getTask(ThreadPoolExecutor.java:1074)
        at java.util.concurrent.ThreadPoolExecutor.runWorker(ThreadPoolExecutor.java:1134)
        at java.util.concurrent.ThreadPoolExecutor$Worker.run(ThreadPoolExecutor.java:624)
        at java.lang.Thread.run(Thread.java:750)
"IPC Server handler 18 on default port 40471" daemon prio=5 tid=6809 timed_waiting
java.lang.Thread.State: TIMED_WAITING
        at sun.misc.Unsafe.park(Native Method)
        at java.util.concurrent.locks.LockSupport.parkNanos(LockSupport.java:215)
        at java.util.concurrent.locks.AbstractQueuedSynchronizer$ConditionObject.awaitNanos(AbstractQueuedSynchronizer.java:2078)
        at java.util.concurrent.LinkedBlockingQueue.poll(LinkedBlockingQueue.java:467)
        at org.apache.hadoop.ipc.CallQueueManager.take(CallQueueManager.java:317)
        at org.apache.hadoop.ipc.Server$Handler.run(Server.java:2942)
"e914e15b-3be6-457d-9bb6-bef1feb71ba6@group-D04F15A8E889-LeaderStateImpl" daemon prio=5 tid=5569 timed_waiting
java.lang.Thread.State: TIMED_WAITING
        at sun.misc.Unsafe.park(Native Method)
        at java.util.concurrent.locks.LockSupport.parkNanos(LockSupport.java:215)
        at java.util.concurrent.locks.AbstractQueuedSynchronizer$ConditionObject.awaitNanos(AbstractQueuedSynchronizer.java:2078)
        at java.util.concurrent.ArrayBlockingQueue.poll(ArrayBlockingQueue.java:418)
        at org.apache.ratis.server.impl.LeaderStateImpl$EventQueue.poll(LeaderStateImpl.java:159)
        at org.apache.ratis.server.impl.LeaderStateImpl$EventProcessor.run(LeaderStateImpl.java:630)
"ed0c9528-2c8b-4614-9eef-2d120a058ddc-impl-thread1"  prio=5 tid=6340 timed_waiting
java.lang.Thread.State: TIMED_WAITING
        at sun.misc.Unsafe.park(Native Method)
        at java.util.concurrent.locks.LockSupport.parkNanos(LockSupport.java:215)
        at java.util.concurrent.SynchronousQueue$TransferStack.awaitFulfill(SynchronousQueue.java:460)
        at java.util.concurrent.SynchronousQueue$TransferStack.transfer(SynchronousQueue.java:362)
        at java.util.concurrent.SynchronousQueue.poll(SynchronousQueue.java:941)
        at java.util.concurrent.ThreadPoolExecutor.getTask(ThreadPoolExecutor.java:1073)
        at java.util.concurrent.ThreadPoolExecutor.runWorker(ThreadPoolExecutor.java:1134)
        at java.util.concurrent.ThreadPoolExecutor$Worker.run(ThreadPoolExecutor.java:624)
        at java.lang.Thread.run(Thread.java:750)
"Datanode ReportManager Thread - 0" daemon prio=5 tid=5293 in Object.wait()
java.lang.Thread.State: WAITING (on object monitor)
        at sun.misc.Unsafe.park(Native Method)
        at java.util.concurrent.locks.LockSupport.park(LockSupport.java:175)
        at java.util.concurrent.locks.AbstractQueuedSynchronizer$ConditionObject.await(AbstractQueuedSynchronizer.java:2039)
        at java.util.concurrent.ScheduledThreadPoolExecutor$DelayedWorkQueue.take(ScheduledThreadPoolExecutor.java:1088)
        at java.util.concurrent.ScheduledThreadPoolExecutor$DelayedWorkQueue.take(ScheduledThreadPoolExecutor.java:809)
        at java.util.concurrent.ThreadPoolExecutor.getTask(ThreadPoolExecutor.java:1074)
        at java.util.concurrent.ThreadPoolExecutor.runWorker(ThreadPoolExecutor.java:1134)
        at java.util.concurrent.ThreadPoolExecutor$Worker.run(ThreadPoolExecutor.java:624)
        at java.lang.Thread.run(Thread.java:750)
"c2eaf186-c3ec-4510-b8dc-fb04c7f742a3@group-F0CB8381BC43-StateMachineUpdater" daemon prio=5 tid=5465 timed_waiting
java.lang.Thread.State: TIMED_WAITING
        at sun.misc.Unsafe.park(Native Method)
        at java.util.concurrent.locks.LockSupport.parkNanos(LockSupport.java:215)
        at java.util.concurrent.CompletableFuture$Signaller.block(CompletableFuture.java:1709)
        at java.util.concurrent.ForkJoinPool.managedBlock(ForkJoinPool.java:3323)
        at java.util.concurrent.CompletableFuture.timedGet(CompletableFuture.java:1788)
        at java.util.concurrent.CompletableFuture.get(CompletableFuture.java:1928)
        at org.apache.ratis.util.AwaitForSignal.await(AwaitForSignal.java:56)
        at org.apache.ratis.server.impl.StateMachineUpdater.waitForCommit(StateMachineUpdater.java:207)
        at org.apache.ratis.server.impl.StateMachineUpdater.run(StateMachineUpdater.java:176)
        at java.lang.Thread.run(Thread.java:750)
"ChunkWriter-2-0" daemon prio=5 tid=5395 in Object.wait()
java.lang.Thread.State: WAITING (on object monitor)
        at sun.misc.Unsafe.park(Native Method)
        at java.util.concurrent.locks.LockSupport.park(LockSupport.java:175)
        at java.util.concurrent.locks.AbstractQueuedSynchronizer$ConditionObject.await(AbstractQueuedSynchronizer.java:2039)
        at java.util.concurrent.LinkedBlockingDeque.takeFirst(LinkedBlockingDeque.java:492)
        at java.util.concurrent.LinkedBlockingDeque.take(LinkedBlockingDeque.java:680)
        at java.util.concurrent.ThreadPoolExecutor.getTask(ThreadPoolExecutor.java:1074)
        at java.util.concurrent.ThreadPoolExecutor.runWorker(ThreadPoolExecutor.java:1134)
        at java.util.concurrent.ThreadPoolExecutor$Worker.run(ThreadPoolExecutor.java:624)
        at java.lang.Thread.run(Thread.java:750)
"Session-HouseKeeper-1e64c72e-1"  prio=5 tid=4960 timed_waiting
java.lang.Thread.State: TIMED_WAITING
        at sun.misc.Unsafe.park(Native Method)
        at java.util.concurrent.locks.LockSupport.parkNanos(LockSupport.java:215)
        at java.util.concurrent.locks.AbstractQueuedSynchronizer$ConditionObject.awaitNanos(AbstractQueuedSynchronizer.java:2078)
        at java.util.concurrent.ScheduledThreadPoolExecutor$DelayedWorkQueue.take(ScheduledThreadPoolExecutor.java:1093)
        at java.util.concurrent.ScheduledThreadPoolExecutor$DelayedWorkQueue.take(ScheduledThreadPoolExecutor.java:809)
        at java.util.concurrent.ThreadPoolExecutor.getTask(ThreadPoolExecutor.java:1074)
        at java.util.concurrent.ThreadPoolExecutor.runWorker(ThreadPoolExecutor.java:1134)
        at java.util.concurrent.ThreadPoolExecutor$Worker.run(ThreadPoolExecutor.java:624)
        at java.lang.Thread.run(Thread.java:750)
"Datanode ReportManager Thread - 0" daemon prio=5 tid=5046 in Object.wait()
java.lang.Thread.State: WAITING (on object monitor)
        at sun.misc.Unsafe.park(Native Method)
        at java.util.concurrent.locks.LockSupport.park(LockSupport.java:175)
        at java.util.concurrent.locks.AbstractQueuedSynchronizer$ConditionObject.await(AbstractQueuedSynchronizer.java:2039)
        at java.util.concurrent.ScheduledThreadPoolExecutor$DelayedWorkQueue.take(ScheduledThreadPoolExecutor.java:1088)
        at java.util.concurrent.ScheduledThreadPoolExecutor$DelayedWorkQueue.take(ScheduledThreadPoolExecutor.java:809)
        at java.util.concurrent.ThreadPoolExecutor.getTask(ThreadPoolExecutor.java:1074)
        at java.util.concurrent.ThreadPoolExecutor.runWorker(ThreadPoolExecutor.java:1134)
        at java.util.concurrent.ThreadPoolExecutor$Worker.run(ThreadPoolExecutor.java:624)
        at java.lang.Thread.run(Thread.java:750)
"EndpointStateMachine task thread for /0.0.0.0:35863 - 0 "  prio=5 tid=6471 in Object.wait()
java.lang.Thread.State: WAITING (on object monitor)
        at sun.misc.Unsafe.park(Native Method)
        at java.util.concurrent.locks.LockSupport.park(LockSupport.java:175)
        at java.util.concurrent.locks.AbstractQueuedSynchronizer$ConditionObject.await(AbstractQueuedSynchronizer.java:2039)
        at java.util.concurrent.LinkedBlockingQueue.take(LinkedBlockingQueue.java:442)
        at java.util.concurrent.ThreadPoolExecutor.getTask(ThreadPoolExecutor.java:1074)
        at java.util.concurrent.ThreadPoolExecutor.runWorker(ThreadPoolExecutor.java:1134)
        at java.util.concurrent.ThreadPoolExecutor$Worker.run(ThreadPoolExecutor.java:624)
        at java.lang.Thread.run(Thread.java:750)
"grpc-default-executor-0" daemon prio=5 tid=458 timed_waiting
java.lang.Thread.State: TIMED_WAITING
        at sun.misc.Unsafe.park(Native Method)
        at java.util.concurrent.locks.LockSupport.parkNanos(LockSupport.java:215)
        at java.util.concurrent.SynchronousQueue$TransferStack.awaitFulfill(SynchronousQueue.java:460)
        at java.util.concurrent.SynchronousQueue$TransferStack.transfer(SynchronousQueue.java:362)
        at java.util.concurrent.SynchronousQueue.poll(SynchronousQueue.java:941)
        at java.util.concurrent.ThreadPoolExecutor.getTask(ThreadPoolExecutor.java:1073)
        at java.util.concurrent.ThreadPoolExecutor.runWorker(ThreadPoolExecutor.java:1134)
        at java.util.concurrent.ThreadPoolExecutor$Worker.run(ThreadPoolExecutor.java:624)
        at java.lang.Thread.run(Thread.java:750)
"IPC Server handler 12 on default port 43793" daemon prio=5 tid=4607 timed_waiting
java.lang.Thread.State: TIMED_WAITING
        at sun.misc.Unsafe.park(Native Method)
        at java.util.concurrent.locks.LockSupport.parkNanos(LockSupport.java:215)
        at java.util.concurrent.locks.AbstractQueuedSynchronizer$ConditionObject.awaitNanos(AbstractQueuedSynchronizer.java:2078)
        at java.util.concurrent.LinkedBlockingQueue.poll(LinkedBlockingQueue.java:467)
        at org.apache.hadoop.ipc.CallQueueManager.take(CallQueueManager.java:317)
        at org.apache.hadoop.ipc.Server$Handler.run(Server.java:2942)
"IPC Server handler 9 on default port 35863" daemon prio=5 tid=5891 timed_waiting
java.lang.Thread.State: TIMED_WAITING
        at sun.misc.Unsafe.park(Native Method)
        at java.util.concurrent.locks.LockSupport.parkNanos(LockSupport.java:215)
        at java.util.concurrent.locks.AbstractQueuedSynchronizer$ConditionObject.awaitNanos(AbstractQueuedSynchronizer.java:2078)
        at java.util.concurrent.LinkedBlockingQueue.poll(LinkedBlockingQueue.java:467)
        at org.apache.hadoop.ipc.CallQueueManager.take(CallQueueManager.java:317)
        at org.apache.hadoop.ipc.Server$Handler.run(Server.java:2942)
"pool-2348-thread-1"  prio=5 tid=4275 in Object.wait()
java.lang.Thread.State: WAITING (on object monitor)
        at sun.misc.Unsafe.park(Native Method)
        at java.util.concurrent.locks.LockSupport.park(LockSupport.java:175)
        at java.util.concurrent.locks.AbstractQueuedSynchronizer$ConditionObject.await(AbstractQueuedSynchronizer.java:2039)
        at java.util.concurrent.LinkedBlockingQueue.take(LinkedBlockingQueue.java:442)
        at java.util.concurrent.ThreadPoolExecutor.getTask(ThreadPoolExecutor.java:1074)
        at java.util.concurrent.ThreadPoolExecutor.runWorker(ThreadPoolExecutor.java:1134)
        at java.util.concurrent.ThreadPoolExecutor$Worker.run(ThreadPoolExecutor.java:624)
        at java.lang.Thread.run(Thread.java:750)
"ContainerOp-1a3410dc-4fd6-4954-94c6-9015fb128463-2"  prio=5 tid=6034 in Object.wait()
java.lang.Thread.State: WAITING (on object monitor)
        at sun.misc.Unsafe.park(Native Method)
        at java.util.concurrent.locks.LockSupport.park(LockSupport.java:175)
        at java.util.concurrent.locks.AbstractQueuedSynchronizer$ConditionObject.await(AbstractQueuedSynchronizer.java:2039)
        at java.util.concurrent.LinkedBlockingQueue.take(LinkedBlockingQueue.java:442)
        at java.util.concurrent.ThreadPoolExecutor.getTask(ThreadPoolExecutor.java:1074)
        at java.util.concurrent.ThreadPoolExecutor.runWorker(ThreadPoolExecutor.java:1134)
        at java.util.concurrent.ThreadPoolExecutor$Worker.run(ThreadPoolExecutor.java:624)
        at java.lang.Thread.run(Thread.java:750)
"IPC Server handler 16 on default port 35863" daemon prio=5 tid=5898 timed_waiting
java.lang.Thread.State: TIMED_WAITING
        at sun.misc.Unsafe.park(Native Method)
        at java.util.concurrent.locks.LockSupport.parkNanos(LockSupport.java:215)
        at java.util.concurrent.locks.AbstractQueuedSynchronizer$ConditionObject.awaitNanos(AbstractQueuedSynchronizer.java:2078)
        at java.util.concurrent.LinkedBlockingQueue.poll(LinkedBlockingQueue.java:467)
        at org.apache.hadoop.ipc.CallQueueManager.take(CallQueueManager.java:317)
        at org.apache.hadoop.ipc.Server$Handler.run(Server.java:2942)
"qtp896413985-5150-acceptor-0@3545b88b-ServerConnector@41a44a7f{HTTP/1.1, (http/1.1)}{0.0.0.0:36973}" daemon prio=3 tid=5150 runnable
java.lang.Thread.State: RUNNABLE
        at sun.nio.ch.ServerSocketChannelImpl.accept0(Native Method)
        at sun.nio.ch.ServerSocketChannelImpl.accept(ServerSocketChannelImpl.java:421)
        at sun.nio.ch.ServerSocketChannelImpl.accept(ServerSocketChannelImpl.java:249)
        at org.eclipse.jetty.server.ServerConnector.accept(ServerConnector.java:388)
        at org.eclipse.jetty.server.AbstractConnector$Acceptor.run(AbstractConnector.java:702)
        at org.eclipse.jetty.util.thread.QueuedThreadPool.runJob(QueuedThreadPool.java:883)
        at org.eclipse.jetty.util.thread.QueuedThreadPool$Runner.run(QueuedThreadPool.java:1034)
        at java.lang.Thread.run(Thread.java:750)
"IPC Server handler 2 on default port 40173" daemon prio=5 tid=6110 timed_waiting
java.lang.Thread.State: TIMED_WAITING
        at sun.misc.Unsafe.park(Native Method)
        at java.util.concurrent.locks.LockSupport.parkNanos(LockSupport.java:215)
        at java.util.concurrent.locks.AbstractQueuedSynchronizer$ConditionObject.awaitNanos(AbstractQueuedSynchronizer.java:2078)
        at java.util.concurrent.LinkedBlockingQueue.poll(LinkedBlockingQueue.java:467)
        at org.apache.hadoop.ipc.CallQueueManager.take(CallQueueManager.java:317)
        at org.apache.hadoop.ipc.Server$Handler.run(Server.java:2942)
"qtp443038314-6259" daemon prio=5 tid=6259 runnable
java.lang.Thread.State: RUNNABLE
        at sun.nio.ch.EPollArrayWrapper.epollWait(Native Method)
        at sun.nio.ch.EPollArrayWrapper.poll(EPollArrayWrapper.java:269)
        at sun.nio.ch.EPollSelectorImpl.doSelect(EPollSelectorImpl.java:93)
        at sun.nio.ch.SelectorImpl.lockAndDoSelect(SelectorImpl.java:86)
        at sun.nio.ch.SelectorImpl.select(SelectorImpl.java:97)
        at sun.nio.ch.SelectorImpl.select(SelectorImpl.java:101)
        at org.eclipse.jetty.io.ManagedSelector.nioSelect(ManagedSelector.java:183)
        at org.eclipse.jetty.io.ManagedSelector.select(ManagedSelector.java:190)
        at org.eclipse.jetty.io.ManagedSelector$SelectorProducer.select(ManagedSelector.java:606)
        at org.eclipse.jetty.io.ManagedSelector$SelectorProducer.produce(ManagedSelector.java:543)
        at org.eclipse.jetty.util.thread.strategy.EatWhatYouKill.produceTask(EatWhatYouKill.java:362)
        at org.eclipse.jetty.util.thread.strategy.EatWhatYouKill.doProduce(EatWhatYouKill.java:186)
        at org.eclipse.jetty.util.thread.strategy.EatWhatYouKill.tryProduce(EatWhatYouKill.java:173)
        at org.eclipse.jetty.util.thread.strategy.EatWhatYouKill.produce(EatWhatYouKill.java:137)
        at org.eclipse.jetty.io.ManagedSelector$$Lambda$478/1665851504.run(Unknown Source)
        at org.eclipse.jetty.util.thread.QueuedThreadPool.runJob(QueuedThreadPool.java:883)
        at org.eclipse.jetty.util.thread.QueuedThreadPool$Runner.run(QueuedThreadPool.java:1034)
        at java.lang.Thread.run(Thread.java:750)
"Datanode ReportManager Thread - 2" daemon prio=5 tid=4989 timed_waiting
java.lang.Thread.State: TIMED_WAITING
        at sun.misc.Unsafe.park(Native Method)
        at java.util.concurrent.locks.LockSupport.parkNanos(LockSupport.java:215)
        at java.util.concurrent.locks.AbstractQueuedSynchronizer$ConditionObject.awaitNanos(AbstractQueuedSynchronizer.java:2078)
        at java.util.concurrent.ScheduledThreadPoolExecutor$DelayedWorkQueue.take(ScheduledThreadPoolExecutor.java:1093)
        at java.util.concurrent.ScheduledThreadPoolExecutor$DelayedWorkQueue.take(ScheduledThreadPoolExecutor.java:809)
        at java.util.concurrent.ThreadPoolExecutor.getTask(ThreadPoolExecutor.java:1074)
        at java.util.concurrent.ThreadPoolExecutor.runWorker(ThreadPoolExecutor.java:1134)
        at java.util.concurrent.ThreadPoolExecutor$Worker.run(ThreadPoolExecutor.java:624)
        at java.lang.Thread.run(Thread.java:750)
"IPC Server handler 13 on default port 35375" daemon prio=5 tid=4889 timed_waiting
java.lang.Thread.State: TIMED_WAITING
        at sun.misc.Unsafe.park(Native Method)
        at java.util.concurrent.locks.LockSupport.parkNanos(LockSupport.java:215)
        at java.util.concurrent.locks.AbstractQueuedSynchronizer$ConditionObject.awaitNanos(AbstractQueuedSynchronizer.java:2078)
        at java.util.concurrent.LinkedBlockingQueue.poll(LinkedBlockingQueue.java:467)
        at org.apache.hadoop.ipc.CallQueueManager.take(CallQueueManager.java:317)
        at org.apache.hadoop.ipc.Server$Handler.run(Server.java:2942)
"c2eaf186-c3ec-4510-b8dc-fb04c7f742a3@group-F0CB8381BC43-SegmentedRaftLogWorker"  prio=5 tid=5464 timed_waiting
java.lang.Thread.State: TIMED_WAITING
        at sun.misc.Unsafe.park(Native Method)
        at java.util.concurrent.locks.LockSupport.parkNanos(LockSupport.java:215)
        at java.util.concurrent.locks.AbstractQueuedSynchronizer$ConditionObject.awaitNanos(AbstractQueuedSynchronizer.java:2078)
        at org.apache.ratis.util.DataBlockingQueue.poll(DataBlockingQueue.java:148)
        at org.apache.ratis.server.raftlog.segmented.SegmentedRaftLogWorker.run(SegmentedRaftLogWorker.java:301)
        at org.apache.ratis.server.raftlog.segmented.SegmentedRaftLogWorker$$Lambda$646/1639153477.run(Unknown Source)
        at java.lang.Thread.run(Thread.java:750)
"IPC Server handler 10 on default port 35375" daemon prio=5 tid=4886 timed_waiting
java.lang.Thread.State: TIMED_WAITING
        at sun.misc.Unsafe.park(Native Method)
        at java.util.concurrent.locks.LockSupport.parkNanos(LockSupport.java:215)
        at java.util.concurrent.locks.AbstractQueuedSynchronizer$ConditionObject.awaitNanos(AbstractQueuedSynchronizer.java:2078)
        at java.util.concurrent.LinkedBlockingQueue.poll(LinkedBlockingQueue.java:467)
        at org.apache.hadoop.ipc.CallQueueManager.take(CallQueueManager.java:317)
        at org.apache.hadoop.ipc.Server$Handler.run(Server.java:2942)
"StaleRecoveringContainerScrubbingService#1" daemon prio=5 tid=6514 in Object.wait()
java.lang.Thread.State: WAITING (on object monitor)
        at sun.misc.Unsafe.park(Native Method)
        at java.util.concurrent.locks.LockSupport.park(LockSupport.java:175)
        at java.util.concurrent.locks.AbstractQueuedSynchronizer$ConditionObject.await(AbstractQueuedSynchronizer.java:2039)
        at java.util.concurrent.ScheduledThreadPoolExecutor$DelayedWorkQueue.take(ScheduledThreadPoolExecutor.java:1088)
        at java.util.concurrent.ScheduledThreadPoolExecutor$DelayedWorkQueue.take(ScheduledThreadPoolExecutor.java:809)
        at java.util.concurrent.ThreadPoolExecutor.getTask(ThreadPoolExecutor.java:1074)
        at java.util.concurrent.ThreadPoolExecutor.runWorker(ThreadPoolExecutor.java:1134)
        at java.util.concurrent.ThreadPoolExecutor$Worker.run(ThreadPoolExecutor.java:624)
        at java.lang.Thread.run(Thread.java:750)
"Periodic HDDS volume checker" daemon prio=5 tid=4063 timed_waiting
java.lang.Thread.State: TIMED_WAITING
        at sun.misc.Unsafe.park(Native Method)
        at java.util.concurrent.locks.LockSupport.parkNanos(LockSupport.java:215)
        at java.util.concurrent.locks.AbstractQueuedSynchronizer$ConditionObject.awaitNanos(AbstractQueuedSynchronizer.java:2078)
        at java.util.concurrent.ScheduledThreadPoolExecutor$DelayedWorkQueue.take(ScheduledThreadPoolExecutor.java:1093)
        at java.util.concurrent.ScheduledThreadPoolExecutor$DelayedWorkQueue.take(ScheduledThreadPoolExecutor.java:809)
        at java.util.concurrent.ThreadPoolExecutor.getTask(ThreadPoolExecutor.java:1074)
        at java.util.concurrent.ThreadPoolExecutor.runWorker(ThreadPoolExecutor.java:1134)
        at java.util.concurrent.ThreadPoolExecutor$Worker.run(ThreadPoolExecutor.java:624)
        at java.lang.Thread.run(Thread.java:750)
"StaleRecoveringContainerScrubbingService#0" daemon prio=5 tid=4204 in Object.wait()
java.lang.Thread.State: WAITING (on object monitor)
        at sun.misc.Unsafe.park(Native Method)
        at java.util.concurrent.locks.LockSupport.park(LockSupport.java:175)
        at java.util.concurrent.locks.AbstractQueuedSynchronizer$ConditionObject.await(AbstractQueuedSynchronizer.java:2039)
        at java.util.concurrent.ScheduledThreadPoolExecutor$DelayedWorkQueue.take(ScheduledThreadPoolExecutor.java:1088)
        at java.util.concurrent.ScheduledThreadPoolExecutor$DelayedWorkQueue.take(ScheduledThreadPoolExecutor.java:809)
        at java.util.concurrent.ThreadPoolExecutor.getTask(ThreadPoolExecutor.java:1074)
        at java.util.concurrent.ThreadPoolExecutor.runWorker(ThreadPoolExecutor.java:1134)
        at java.util.concurrent.ThreadPoolExecutor$Worker.run(ThreadPoolExecutor.java:624)
        at java.lang.Thread.run(Thread.java:750)
"Datanode State Machine Task Thread - 0"  prio=5 tid=6277 in Object.wait()
java.lang.Thread.State: WAITING (on object monitor)
        at sun.misc.Unsafe.park(Native Method)
        at java.util.concurrent.locks.LockSupport.park(LockSupport.java:175)
        at java.util.concurrent.locks.AbstractQueuedSynchronizer$ConditionObject.await(AbstractQueuedSynchronizer.java:2039)
        at java.util.concurrent.LinkedBlockingQueue.take(LinkedBlockingQueue.java:442)
        at java.util.concurrent.ThreadPoolExecutor.getTask(ThreadPoolExecutor.java:1074)
        at java.util.concurrent.ThreadPoolExecutor.runWorker(ThreadPoolExecutor.java:1134)
        at java.util.concurrent.ThreadPoolExecutor$Worker.run(ThreadPoolExecutor.java:624)
        at java.lang.Thread.run(Thread.java:750)
"IPC Server handler 19 on default port 40471" daemon prio=5 tid=6810 timed_waiting
java.lang.Thread.State: TIMED_WAITING
        at sun.misc.Unsafe.park(Native Method)
        at java.util.concurrent.locks.LockSupport.parkNanos(LockSupport.java:215)
        at java.util.concurrent.locks.AbstractQueuedSynchronizer$ConditionObject.awaitNanos(AbstractQueuedSynchronizer.java:2078)
        at java.util.concurrent.LinkedBlockingQueue.poll(LinkedBlockingQueue.java:467)
        at org.apache.hadoop.ipc.CallQueueManager.take(CallQueueManager.java:317)
        at org.apache.hadoop.ipc.Server$Handler.run(Server.java:2942)
"IPC Server handler 7 on default port 43793" daemon prio=5 tid=4602 timed_waiting
java.lang.Thread.State: TIMED_WAITING
        at sun.misc.Unsafe.park(Native Method)
        at java.util.concurrent.locks.LockSupport.parkNanos(LockSupport.java:215)
        at java.util.concurrent.locks.AbstractQueuedSynchronizer$ConditionObject.awaitNanos(AbstractQueuedSynchronizer.java:2078)
        at java.util.concurrent.LinkedBlockingQueue.poll(LinkedBlockingQueue.java:467)
        at org.apache.hadoop.ipc.CallQueueManager.take(CallQueueManager.java:317)
        at org.apache.hadoop.ipc.Server$Handler.run(Server.java:2942)
"ContainerOp-1a3410dc-4fd6-4954-94c6-9015fb128463-3"  prio=5 tid=6036 in Object.wait()
java.lang.Thread.State: WAITING (on object monitor)
        at sun.misc.Unsafe.park(Native Method)
        at java.util.concurrent.locks.LockSupport.park(LockSupport.java:175)
        at java.util.concurrent.locks.AbstractQueuedSynchronizer$ConditionObject.await(AbstractQueuedSynchronizer.java:2039)
        at java.util.concurrent.LinkedBlockingQueue.take(LinkedBlockingQueue.java:442)
        at java.util.concurrent.ThreadPoolExecutor.getTask(ThreadPoolExecutor.java:1074)
        at java.util.concurrent.ThreadPoolExecutor.runWorker(ThreadPoolExecutor.java:1134)
        at java.util.concurrent.ThreadPoolExecutor$Worker.run(ThreadPoolExecutor.java:624)
        at java.lang.Thread.run(Thread.java:750)
"Listener at 0.0.0.0/40471"  prio=5 tid=1 runnable
java.lang.Thread.State: RUNNABLE
        at java.lang.Thread.dumpThreads(Native Method)
        at java.lang.Thread.getAllStackTraces(Thread.java:1615)
        at org.apache.ozone.test.TimedOutTestsListener.buildThreadDump(TimedOutTestsListener.java:93)
        at org.apache.ozone.test.TimedOutTestsListener.buildThreadDiagnosticString(TimedOutTestsListener.java:79)
        at org.apache.ozone.test.GenericTestUtils.waitFor(GenericTestUtils.java:224)
        at org.apache.hadoop.ozone.scm.node.TestDecommissionAndMaintenance.testSCMHandlesRestartForMaintenanceNode(TestDecommissionAndMaintenance.java:585)
        at sun.reflect.NativeMethodAccessorImpl.invoke0(Native Method)
        at sun.reflect.NativeMethodAccessorImpl.invoke(NativeMethodAccessorImpl.java:62)
        at sun.reflect.DelegatingMethodAccessorImpl.invoke(DelegatingMethodAccessorImpl.java:43)
        at java.lang.reflect.Method.invoke(Method.java:498)
        at org.junit.platform.commons.util.ReflectionUtils.invokeMethod(ReflectionUtils.java:725)
        at org.junit.jupiter.engine.execution.MethodInvocation.proceed(MethodInvocation.java:60)
        at org.junit.jupiter.engine.execution.InvocationInterceptorChain$ValidatingInvocation.proceed(InvocationInterceptorChain.java:131)
        at org.junit.jupiter.engine.extension.TimeoutExtension.intercept(TimeoutExtension.java:149)
        at org.junit.jupiter.engine.extension.TimeoutExtension.interceptTestableMethod(TimeoutExtension.java:140)
        at org.junit.jupiter.engine.extension.TimeoutExtension.interceptTestMethod(TimeoutExtension.java:84)
        at org.junit.jupiter.engine.descriptor.TestMethodTestDescriptor$$Lambda$164/293508253.apply(Unknown Source)
        at org.junit.jupiter.engine.execution.ExecutableInvoker$ReflectiveInterceptorCall.lambda$ofVoidMethod$0(ExecutableInvoker.java:115)
        at org.junit.jupiter.engine.execution.ExecutableInvoker$ReflectiveInterceptorCall$$Lambda$165/1007412025.apply(Unknown Source)
        at org.junit.jupiter.engine.execution.ExecutableInvoker.lambda$invoke$0(ExecutableInvoker.java:105)
        at org.junit.jupiter.engine.execution.ExecutableInvoker$$Lambda$322/895766599.apply(Unknown Source)
        at org.junit.jupiter.engine.execution.InvocationInterceptorChain$InterceptedInvocation.proceed(InvocationInterceptorChain.java:106)
        at org.junit.jupiter.engine.execution.InvocationInterceptorChain.proceed(InvocationInterceptorChain.java:64)
        at org.junit.jupiter.engine.execution.InvocationInterceptorChain.chainAndInvoke(InvocationInterceptorChain.java:45)
        at org.junit.jupiter.engine.execution.InvocationInterceptorChain.invoke(InvocationInterceptorChain.java:37)
        at org.junit.jupiter.engine.execution.ExecutableInvoker.invoke(ExecutableInvoker.java:104)
        at org.junit.jupiter.engine.execution.ExecutableInvoker.invoke(ExecutableInvoker.java:98)
        at org.junit.jupiter.engine.descriptor.TestMethodTestDescriptor.lambda$invokeTestMethod$7(TestMethodTestDescriptor.java:214)
        at org.junit.jupiter.engine.descriptor.TestMethodTestDescriptor$$Lambda$1167/2008249643.execute(Unknown Source)
        at org.junit.platform.engine.support.hierarchical.ThrowableCollector.execute(ThrowableCollector.java:73)
        at org.junit.jupiter.engine.descriptor.TestMethodTestDescriptor.invokeTestMethod(TestMethodTestDescriptor.java:210)
        at org.junit.jupiter.engine.descriptor.TestMethodTestDescriptor.execute(TestMethodTestDescriptor.java:135)
        at org.junit.jupiter.engine.descriptor.TestMethodTestDescriptor.execute(TestMethodTestDescriptor.java:66)
        at org.junit.platform.engine.support.hierarchical.NodeTestTask.lambda$executeRecursively$6(NodeTestTask.java:151)
        at org.junit.platform.engine.support.hierarchical.NodeTestTask$$Lambda$264/760357227.execute(Unknown Source)
        at org.junit.platform.engine.support.hierarchical.ThrowableCollector.execute(ThrowableCollector.java:73)
        at org.junit.platform.engine.support.hierarchical.NodeTestTask.lambda$executeRecursively$8(NodeTestTask.java:141)
        at org.junit.platform.engine.support.hierarchical.NodeTestTask$$Lambda$263/124888672.invoke(Unknown Source)
        at org.junit.platform.engine.support.hierarchical.Node.around(Node.java:137)
        at org.junit.platform.engine.support.hierarchical.NodeTestTask.lambda$executeRecursively$9(NodeTestTask.java:139)
        at org.junit.platform.engine.support.hierarchical.NodeTestTask$$Lambda$262/658404420.execute(Unknown Source)
        at org.junit.platform.engine.support.hierarchical.ThrowableCollector.execute(ThrowableCollector.java:73)
        at org.junit.platform.engine.support.hierarchical.NodeTestTask.executeRecursively(NodeTestTask.java:138)
        at org.junit.platform.engine.support.hierarchical.NodeTestTask.execute(NodeTestTask.java:95)
        at org.junit.platform.engine.support.hierarchical.SameThreadHierarchicalTestExecutorService$$Lambda$268/1397381784.accept(Unknown Source)
        at java.util.ArrayList.forEach(ArrayList.java:1259)
        at org.junit.platform.engine.support.hierarchical.SameThreadHierarchicalTestExecutorService.invokeAll(SameThreadHierarchicalTestExecutorService.java:41)
        at org.junit.platform.engine.support.hierarchical.NodeTestTask.lambda$executeRecursively$6(NodeTestTask.java:155)
        at org.junit.platform.engine.support.hierarchical.NodeTestTask$$Lambda$264/760357227.execute(Unknown Source)
        at org.junit.platform.engine.support.hierarchical.ThrowableCollector.execute(ThrowableCollector.java:73)
        at org.junit.platform.engine.support.hierarchical.NodeTestTask.lambda$executeRecursively$8(NodeTestTask.java:141)
        at org.junit.platform.engine.support.hierarchical.NodeTestTask$$Lambda$263/124888672.invoke(Unknown Source)
        at org.junit.platform.engine.support.hierarchical.Node.around(Node.java:137)
        at org.junit.platform.engine.support.hierarchical.NodeTestTask.lambda$executeRecursively$9(NodeTestTask.java:139)
        at org.junit.platform.engine.support.hierarchical.NodeTestTask$$Lambda$262/658404420.execute(Unknown Source)
        at org.junit.platform.engine.support.hierarchical.ThrowableCollector.execute(ThrowableCollector.java:73)
        at org.junit.platform.engine.support.hierarchical.NodeTestTask.executeRecursively(NodeTestTask.java:138)
        at org.junit.platform.engine.support.hierarchical.NodeTestTask.execute(NodeTestTask.java:95)
        at org.junit.platform.engine.support.hierarchical.SameThreadHierarchicalTestExecutorService$$Lambda$268/1397381784.accept(Unknown Source)
        at java.util.ArrayList.forEach(ArrayList.java:1259)
        at org.junit.platform.engine.support.hierarchical.SameThreadHierarchicalTestExecutorService.invokeAll(SameThreadHierarchicalTestExecutorService.java:41)
        at org.junit.platform.engine.support.hierarchical.NodeTestTask.lambda$executeRecursively$6(NodeTestTask.java:155)
        at org.junit.platform.engine.support.hierarchical.NodeTestTask$$Lambda$264/760357227.execute(Unknown Source)
        at org.junit.platform.engine.support.hierarchical.ThrowableCollector.execute(ThrowableCollector.java:73)
        at org.junit.platform.engine.support.hierarchical.NodeTestTask.lambda$executeRecursively$8(NodeTestTask.java:141)
        at org.junit.platform.engine.support.hierarchical.NodeTestTask$$Lambda$263/124888672.invoke(Unknown Source)
        at org.junit.platform.engine.support.hierarchical.Node.around(Node.java:137)
        at org.junit.platform.engine.support.hierarchical.NodeTestTask.lambda$executeRecursively$9(NodeTestTask.java:139)
        at org.junit.platform.engine.support.hierarchical.NodeTestTask$$Lambda$262/658404420.execute(Unknown Source)
        at org.junit.platform.engine.support.hierarchical.ThrowableCollector.execute(ThrowableCollector.java:73)
        at org.junit.platform.engine.support.hierarchical.NodeTestTask.executeRecursively(NodeTestTask.java:138)
        at org.junit.platform.engine.support.hierarchical.NodeTestTask.execute(NodeTestTask.java:95)
        at org.junit.platform.engine.support.hierarchical.SameThreadHierarchicalTestExecutorService.submit(SameThreadHierarchicalTestExecutorService.java:35)
        at org.junit.platform.engine.support.hierarchical.HierarchicalTestExecutor.execute(HierarchicalTestExecutor.java:57)
        at org.junit.platform.engine.support.hierarchical.HierarchicalTestEngine.execute(HierarchicalTestEngine.java:54)
        at org.junit.platform.launcher.core.EngineExecutionOrchestrator.execute(EngineExecutionOrchestrator.java:107)
        at org.junit.platform.launcher.core.EngineExecutionOrchestrator.execute(EngineExecutionOrchestrator.java:88)
        at org.junit.platform.launcher.core.EngineExecutionOrchestrator.lambda$execute$0(EngineExecutionOrchestrator.java:54)
        at org.junit.platform.launcher.core.EngineExecutionOrchestrator$$Lambda$220/48208774.accept(Unknown Source)
        at org.junit.platform.launcher.core.EngineExecutionOrchestrator.withInterceptedStreams(EngineExecutionOrchestrator.java:67)
        at org.junit.platform.launcher.core.EngineExecutionOrchestrator.execute(EngineExecutionOrchestrator.java:52)
        at org.junit.platform.launcher.core.DefaultLauncher.execute(DefaultLauncher.java:114)
        at org.junit.platform.launcher.core.DefaultLauncher.execute(DefaultLauncher.java:86)
        at org.junit.platform.launcher.core.DefaultLauncherSession$DelegatingLauncher.execute(DefaultLauncherSession.java:86)
        at org.junit.platform.launcher.core.SessionPerRequestLauncher.execute(SessionPerRequestLauncher.java:53)
        at org.apache.maven.surefire.junitplatform.JUnitPlatformProvider.execute(JUnitPlatformProvider.java:188)
        at org.apache.maven.surefire.junitplatform.JUnitPlatformProvider.invokeAllTests(JUnitPlatformProvider.java:154)
        at org.apache.maven.surefire.junitplatform.JUnitPlatformProvider.invoke(JUnitPlatformProvider.java:124)
        at org.apache.maven.surefire.booter.ForkedBooter.runSuitesInProcess(ForkedBooter.java:428)
        at org.apache.maven.surefire.booter.ForkedBooter.execute(ForkedBooter.java:162)
        at org.apache.maven.surefire.booter.ForkedBooter.run(ForkedBooter.java:562)
        at org.apache.maven.surefire.booter.ForkedBooter.main(ForkedBooter.java:548)
"Datanode ReportManager Thread - 1" daemon prio=5 tid=6435 in Object.wait()
java.lang.Thread.State: WAITING (on object monitor)
        at sun.misc.Unsafe.park(Native Method)
        at java.util.concurrent.locks.LockSupport.park(LockSupport.java:175)
        at java.util.concurrent.locks.AbstractQueuedSynchronizer$ConditionObject.await(AbstractQueuedSynchronizer.java:2039)
        at java.util.concurrent.ScheduledThreadPoolExecutor$DelayedWorkQueue.take(ScheduledThreadPoolExecutor.java:1088)
        at java.util.concurrent.ScheduledThreadPoolExecutor$DelayedWorkQueue.take(ScheduledThreadPoolExecutor.java:809)
        at java.util.concurrent.ThreadPoolExecutor.getTask(ThreadPoolExecutor.java:1074)
        at java.util.concurrent.ThreadPoolExecutor.runWorker(ThreadPoolExecutor.java:1134)
        at java.util.concurrent.ThreadPoolExecutor$Worker.run(ThreadPoolExecutor.java:624)
        at java.lang.Thread.run(Thread.java:750)
"IPC Server handler 1 on default port 42971" daemon prio=5 tid=6832 timed_waiting
java.lang.Thread.State: TIMED_WAITING
        at sun.misc.Unsafe.park(Native Method)
        at java.util.concurrent.locks.LockSupport.parkNanos(LockSupport.java:215)
        at java.util.concurrent.locks.AbstractQueuedSynchronizer$ConditionObject.awaitNanos(AbstractQueuedSynchronizer.java:2078)
        at java.util.concurrent.LinkedBlockingQueue.poll(LinkedBlockingQueue.java:467)
        at org.apache.hadoop.ipc.CallQueueManager.take(CallQueueManager.java:317)
        at org.apache.hadoop.ipc.Server$Handler.run(Server.java:2942)
"org.apache.hadoop.util.JvmPauseMonitor$Monitor@4f02804c" daemon prio=5 tid=5052 timed_waiting
java.lang.Thread.State: TIMED_WAITING
        at java.lang.Thread.sleep(Native Method)
        at org.apache.hadoop.util.JvmPauseMonitor$Monitor.run(JvmPauseMonitor.java:192)
        at java.lang.Thread.run(Thread.java:750)
"grpc-default-executor-5" daemon prio=5 tid=2938 timed_waiting
java.lang.Thread.State: TIMED_WAITING
        at sun.misc.Unsafe.park(Native Method)
        at java.util.concurrent.locks.LockSupport.parkNanos(LockSupport.java:215)
        at java.util.concurrent.SynchronousQueue$TransferStack.awaitFulfill(SynchronousQueue.java:460)
        at java.util.concurrent.SynchronousQueue$TransferStack.transfer(SynchronousQueue.java:362)
        at java.util.concurrent.SynchronousQueue.poll(SynchronousQueue.java:941)
        at java.util.concurrent.ThreadPoolExecutor.getTask(ThreadPoolExecutor.java:1073)
        at java.util.concurrent.ThreadPoolExecutor.runWorker(ThreadPoolExecutor.java:1134)
        at java.util.concurrent.ThreadPoolExecutor$Worker.run(ThreadPoolExecutor.java:624)
        at java.lang.Thread.run(Thread.java:750)
"pool-2375-thread-1"  prio=5 tid=4297 in Object.wait()
java.lang.Thread.State: WAITING (on object monitor)
        at sun.misc.Unsafe.park(Native Method)
        at java.util.concurrent.locks.LockSupport.park(LockSupport.java:175)
        at java.util.concurrent.locks.AbstractQueuedSynchronizer$ConditionObject.await(AbstractQueuedSynchronizer.java:2039)
        at java.util.concurrent.LinkedBlockingQueue.take(LinkedBlockingQueue.java:442)
        at java.util.concurrent.ThreadPoolExecutor.getTask(ThreadPoolExecutor.java:1074)
        at java.util.concurrent.ThreadPoolExecutor.runWorker(ThreadPoolExecutor.java:1134)
        at java.util.concurrent.ThreadPoolExecutor$Worker.run(ThreadPoolExecutor.java:624)
        at java.lang.Thread.run(Thread.java:750)
"IPC Server handler 0 on default port 40173" daemon prio=5 tid=6108 timed_waiting
java.lang.Thread.State: TIMED_WAITING
        at sun.misc.Unsafe.park(Native Method)
        at java.util.concurrent.locks.LockSupport.parkNanos(LockSupport.java:215)
        at java.util.concurrent.locks.AbstractQueuedSynchronizer$ConditionObject.awaitNanos(AbstractQueuedSynchronizer.java:2078)
        at java.util.concurrent.LinkedBlockingQueue.poll(LinkedBlockingQueue.java:467)
        at org.apache.hadoop.ipc.CallQueueManager.take(CallQueueManager.java:317)
        at org.apache.hadoop.ipc.Server$Handler.run(Server.java:2942)
"Under Replicated Processor" daemon prio=5 tid=5811 timed_waiting
java.lang.Thread.State: TIMED_WAITING
        at java.lang.Object.wait(Native Method)
        at org.apache.hadoop.hdds.scm.container.replication.UnderReplicatedProcessor.run(UnderReplicatedProcessor.java:142)
        at java.lang.Thread.run(Thread.java:750)
"ChunkWriter-0-0" daemon prio=5 tid=4172 in Object.wait()
java.lang.Thread.State: WAITING (on object monitor)
        at sun.misc.Unsafe.park(Native Method)
        at java.util.concurrent.locks.LockSupport.park(LockSupport.java:175)
        at java.util.concurrent.locks.AbstractQueuedSynchronizer$ConditionObject.await(AbstractQueuedSynchronizer.java:2039)
        at java.util.concurrent.LinkedBlockingDeque.takeFirst(LinkedBlockingDeque.java:492)
        at java.util.concurrent.LinkedBlockingDeque.take(LinkedBlockingDeque.java:680)
        at java.util.concurrent.ThreadPoolExecutor.getTask(ThreadPoolExecutor.java:1074)
        at java.util.concurrent.ThreadPoolExecutor.runWorker(ThreadPoolExecutor.java:1134)
        at java.util.concurrent.ThreadPoolExecutor$Worker.run(ThreadPoolExecutor.java:624)
        at java.lang.Thread.run(Thread.java:750)
"Datanode ReportManager Thread - 0" daemon prio=5 tid=3980 in Object.wait()
java.lang.Thread.State: WAITING (on object monitor)
        at sun.misc.Unsafe.park(Native Method)
        at java.util.concurrent.locks.LockSupport.park(LockSupport.java:175)
        at java.util.concurrent.locks.AbstractQueuedSynchronizer$ConditionObject.await(AbstractQueuedSynchronizer.java:2039)
        at java.util.concurrent.ScheduledThreadPoolExecutor$DelayedWorkQueue.take(ScheduledThreadPoolExecutor.java:1088)
        at java.util.concurrent.ScheduledThreadPoolExecutor$DelayedWorkQueue.take(ScheduledThreadPoolExecutor.java:809)
        at java.util.concurrent.ThreadPoolExecutor.getTask(ThreadPoolExecutor.java:1074)
        at java.util.concurrent.ThreadPoolExecutor.runWorker(ThreadPoolExecutor.java:1134)
        at java.util.concurrent.ThreadPoolExecutor$Worker.run(ThreadPoolExecutor.java:624)
        at java.lang.Thread.run(Thread.java:750)
"qtp1826924318-6103" daemon prio=5 tid=6103 runnable
java.lang.Thread.State: RUNNABLE
        at sun.nio.ch.EPollArrayWrapper.epollWait(Native Method)
        at sun.nio.ch.EPollArrayWrapper.poll(EPollArrayWrapper.java:269)
        at sun.nio.ch.EPollSelectorImpl.doSelect(EPollSelectorImpl.java:93)
        at sun.nio.ch.SelectorImpl.lockAndDoSelect(SelectorImpl.java:86)
        at sun.nio.ch.SelectorImpl.select(SelectorImpl.java:97)
        at sun.nio.ch.SelectorImpl.select(SelectorImpl.java:101)
        at org.eclipse.jetty.io.ManagedSelector.nioSelect(ManagedSelector.java:183)
        at org.eclipse.jetty.io.ManagedSelector.select(ManagedSelector.java:190)
        at org.eclipse.jetty.io.ManagedSelector$SelectorProducer.select(ManagedSelector.java:606)
        at org.eclipse.jetty.io.ManagedSelector$SelectorProducer.produce(ManagedSelector.java:543)
        at org.eclipse.jetty.util.thread.strategy.EatWhatYouKill.produceTask(EatWhatYouKill.java:362)
        at org.eclipse.jetty.util.thread.strategy.EatWhatYouKill.doProduce(EatWhatYouKill.java:186)
        at org.eclipse.jetty.util.thread.strategy.EatWhatYouKill.tryProduce(EatWhatYouKill.java:173)
        at org.eclipse.jetty.util.thread.strategy.EatWhatYouKill.produce(EatWhatYouKill.java:137)
        at org.eclipse.jetty.io.ManagedSelector$$Lambda$478/1665851504.run(Unknown Source)
        at org.eclipse.jetty.util.thread.QueuedThreadPool.runJob(QueuedThreadPool.java:883)
        at org.eclipse.jetty.util.thread.QueuedThreadPool$Runner.run(QueuedThreadPool.java:1034)
        at java.lang.Thread.run(Thread.java:750)
"qtp795168967-6428" daemon prio=5 tid=6428 timed_waiting
java.lang.Thread.State: TIMED_WAITING
        at sun.misc.Unsafe.park(Native Method)
        at java.util.concurrent.locks.LockSupport.parkNanos(LockSupport.java:215)
        at java.util.concurrent.locks.AbstractQueuedSynchronizer$ConditionObject.awaitNanos(AbstractQueuedSynchronizer.java:2078)
        at org.eclipse.jetty.util.BlockingArrayQueue.poll(BlockingArrayQueue.java:382)
        at org.eclipse.jetty.util.thread.QueuedThreadPool$Runner.idleJobPoll(QueuedThreadPool.java:974)
        at org.eclipse.jetty.util.thread.QueuedThreadPool$Runner.run(QueuedThreadPool.java:1018)
        at java.lang.Thread.run(Thread.java:750)
"IPC Server idle connection scanner for port 43819" daemon prio=5 tid=5824 timed_waiting
java.lang.Thread.State: TIMED_WAITING
        at java.lang.Object.wait(Native Method)
        at java.util.TimerThread.mainLoop(Timer.java:552)
        at java.util.TimerThread.run(Timer.java:505)
"FullTableCache Cleanup Thread - 0" daemon prio=5 tid=2196 in Object.wait()
java.lang.Thread.State: WAITING (on object monitor)
        at sun.misc.Unsafe.park(Native Method)
        at java.util.concurrent.locks.LockSupport.park(LockSupport.java:175)
        at java.util.concurrent.locks.AbstractQueuedSynchronizer$ConditionObject.await(AbstractQueuedSynchronizer.java:2039)
        at java.util.concurrent.LinkedBlockingQueue.take(LinkedBlockingQueue.java:442)
        at java.util.concurrent.ThreadPoolExecutor.getTask(ThreadPoolExecutor.java:1074)
        at java.util.concurrent.ThreadPoolExecutor.runWorker(ThreadPoolExecutor.java:1134)
        at java.util.concurrent.ThreadPoolExecutor$Worker.run(ThreadPoolExecutor.java:624)
        at java.lang.Thread.run(Thread.java:750)
"EventQueue-NodeRegistrationContainerReportForDataNodeSafeModeRule" daemon prio=5 tid=6867 in Object.wait()
java.lang.Thread.State: WAITING (on object monitor)
        at sun.misc.Unsafe.park(Native Method)
        at java.util.concurrent.locks.LockSupport.park(LockSupport.java:175)
        at java.util.concurrent.locks.AbstractQueuedSynchronizer$ConditionObject.await(AbstractQueuedSynchronizer.java:2039)
        at java.util.concurrent.LinkedBlockingQueue.take(LinkedBlockingQueue.java:442)
        at java.util.concurrent.ThreadPoolExecutor.getTask(ThreadPoolExecutor.java:1074)
        at java.util.concurrent.ThreadPoolExecutor.runWorker(ThreadPoolExecutor.java:1134)
        at java.util.concurrent.ThreadPoolExecutor$Worker.run(ThreadPoolExecutor.java:624)
        at java.lang.Thread.run(Thread.java:750)
"grpc-default-executor-3" daemon prio=5 tid=671 timed_waiting
java.lang.Thread.State: TIMED_WAITING
        at sun.misc.Unsafe.park(Native Method)
        at java.util.concurrent.locks.LockSupport.parkNanos(LockSupport.java:215)
        at java.util.concurrent.SynchronousQueue$TransferStack.awaitFulfill(SynchronousQueue.java:460)
        at java.util.concurrent.SynchronousQueue$TransferStack.transfer(SynchronousQueue.java:362)
        at java.util.concurrent.SynchronousQueue.poll(SynchronousQueue.java:941)
        at java.util.concurrent.ThreadPoolExecutor.getTask(ThreadPoolExecutor.java:1073)
        at java.util.concurrent.ThreadPoolExecutor.runWorker(ThreadPoolExecutor.java:1134)
        at java.util.concurrent.ThreadPoolExecutor$Worker.run(ThreadPoolExecutor.java:624)
        at java.lang.Thread.run(Thread.java:750)
"IPC Server handler 3 on default port 43819" daemon prio=5 tid=5845 timed_waiting
java.lang.Thread.State: TIMED_WAITING
        at sun.misc.Unsafe.park(Native Method)
        at java.util.concurrent.locks.LockSupport.parkNanos(LockSupport.java:215)
        at java.util.concurrent.locks.AbstractQueuedSynchronizer$ConditionObject.awaitNanos(AbstractQueuedSynchronizer.java:2078)
        at java.util.concurrent.LinkedBlockingQueue.poll(LinkedBlockingQueue.java:467)
        at org.apache.hadoop.ipc.CallQueueManager.take(CallQueueManager.java:317)
        at org.apache.hadoop.ipc.Server$Handler.run(Server.java:2942)
"Datanode ReportManager Thread - 3" daemon prio=5 tid=5049 in Object.wait()
java.lang.Thread.State: WAITING (on object monitor)
        at sun.misc.Unsafe.park(Native Method)
        at java.util.concurrent.locks.LockSupport.park(LockSupport.java:175)
        at java.util.concurrent.locks.AbstractQueuedSynchronizer$ConditionObject.await(AbstractQueuedSynchronizer.java:2039)
        at java.util.concurrent.ScheduledThreadPoolExecutor$DelayedWorkQueue.take(ScheduledThreadPoolExecutor.java:1088)
        at java.util.concurrent.ScheduledThreadPoolExecutor$DelayedWorkQueue.take(ScheduledThreadPoolExecutor.java:809)
        at java.util.concurrent.ThreadPoolExecutor.getTask(ThreadPoolExecutor.java:1074)
        at java.util.concurrent.ThreadPoolExecutor.runWorker(ThreadPoolExecutor.java:1134)
        at java.util.concurrent.ThreadPoolExecutor$Worker.run(ThreadPoolExecutor.java:624)
        at java.lang.Thread.run(Thread.java:750)
"859fee52-0ce0-4420-ab82-e0e92b354dcb@group-9015FB128463-StateMachineUpdater" daemon prio=5 tid=4268 timed_waiting
java.lang.Thread.State: TIMED_WAITING
        at sun.misc.Unsafe.park(Native Method)
        at java.util.concurrent.locks.LockSupport.parkNanos(LockSupport.java:215)
        at java.util.concurrent.CompletableFuture$Signaller.block(CompletableFuture.java:1709)
        at java.util.concurrent.ForkJoinPool.managedBlock(ForkJoinPool.java:3323)
        at java.util.concurrent.CompletableFuture.timedGet(CompletableFuture.java:1788)
        at java.util.concurrent.CompletableFuture.get(CompletableFuture.java:1928)
        at org.apache.ratis.util.AwaitForSignal.await(AwaitForSignal.java:56)
        at org.apache.ratis.server.impl.StateMachineUpdater.waitForCommit(StateMachineUpdater.java:207)
        at org.apache.ratis.server.impl.StateMachineUpdater.run(StateMachineUpdater.java:176)
        at java.lang.Thread.run(Thread.java:750)
"Session-HouseKeeper-5f544a6f-1"  prio=5 tid=6181 timed_waiting
java.lang.Thread.State: TIMED_WAITING
        at sun.misc.Unsafe.park(Native Method)
        at java.util.concurrent.locks.LockSupport.parkNanos(LockSupport.java:215)
        at java.util.concurrent.locks.AbstractQueuedSynchronizer$ConditionObject.awaitNanos(AbstractQueuedSynchronizer.java:2078)
        at java.util.concurrent.ScheduledThreadPoolExecutor$DelayedWorkQueue.take(ScheduledThreadPoolExecutor.java:1093)
        at java.util.concurrent.ScheduledThreadPoolExecutor$DelayedWorkQueue.take(ScheduledThreadPoolExecutor.java:809)
        at java.util.concurrent.ThreadPoolExecutor.getTask(ThreadPoolExecutor.java:1074)
        at java.util.concurrent.ThreadPoolExecutor.runWorker(ThreadPoolExecutor.java:1134)
        at java.util.concurrent.ThreadPoolExecutor$Worker.run(ThreadPoolExecutor.java:624)
        at java.lang.Thread.run(Thread.java:750)
"BlockDeletingService#0" daemon prio=5 tid=5399 in Object.wait()
java.lang.Thread.State: WAITING (on object monitor)
        at sun.misc.Unsafe.park(Native Method)
        at java.util.concurrent.locks.LockSupport.park(LockSupport.java:175)
        at java.util.concurrent.locks.AbstractQueuedSynchronizer$ConditionObject.await(AbstractQueuedSynchronizer.java:2039)
        at java.util.concurrent.ScheduledThreadPoolExecutor$DelayedWorkQueue.take(ScheduledThreadPoolExecutor.java:1088)
        at java.util.concurrent.ScheduledThreadPoolExecutor$DelayedWorkQueue.take(ScheduledThreadPoolExecutor.java:809)
        at java.util.concurrent.ThreadPoolExecutor.getTask(ThreadPoolExecutor.java:1074)
        at java.util.concurrent.ThreadPoolExecutor.runWorker(ThreadPoolExecutor.java:1134)
        at java.util.concurrent.ThreadPoolExecutor$Worker.run(ThreadPoolExecutor.java:624)
        at java.lang.Thread.run(Thread.java:750)
"qtp1469368322-3939" daemon prio=5 tid=3939 timed_waiting
java.lang.Thread.State: TIMED_WAITING
        at sun.misc.Unsafe.park(Native Method)
        at java.util.concurrent.locks.LockSupport.parkNanos(LockSupport.java:215)
        at java.util.concurrent.locks.AbstractQueuedSynchronizer$ConditionObject.awaitNanos(AbstractQueuedSynchronizer.java:2078)
        at org.eclipse.jetty.util.BlockingArrayQueue.poll(BlockingArrayQueue.java:382)
        at org.eclipse.jetty.util.thread.QueuedThreadPool$Runner.idleJobPoll(QueuedThreadPool.java:974)
        at org.eclipse.jetty.util.thread.QueuedThreadPool$Runner.run(QueuedThreadPool.java:1018)
        at java.lang.Thread.run(Thread.java:750)
"BlockDeletingService#1" daemon prio=5 tid=5275 timed_waiting
java.lang.Thread.State: TIMED_WAITING
        at sun.misc.Unsafe.park(Native Method)
        at java.util.concurrent.locks.LockSupport.parkNanos(LockSupport.java:215)
        at java.util.concurrent.locks.AbstractQueuedSynchronizer$ConditionObject.awaitNanos(AbstractQueuedSynchronizer.java:2078)
        at java.util.concurrent.ScheduledThreadPoolExecutor$DelayedWorkQueue.take(ScheduledThreadPoolExecutor.java:1093)
        at java.util.concurrent.ScheduledThreadPoolExecutor$DelayedWorkQueue.take(ScheduledThreadPoolExecutor.java:809)
        at java.util.concurrent.ThreadPoolExecutor.getTask(ThreadPoolExecutor.java:1074)
        at java.util.concurrent.ThreadPoolExecutor.runWorker(ThreadPoolExecutor.java:1134)
        at java.util.concurrent.ThreadPoolExecutor$Worker.run(ThreadPoolExecutor.java:624)
        at java.lang.Thread.run(Thread.java:750)
"pool-3076-thread-1"  prio=5 tid=5312 timed_waiting
java.lang.Thread.State: TIMED_WAITING
        at sun.misc.Unsafe.park(Native Method)
        at java.util.concurrent.locks.LockSupport.parkNanos(LockSupport.java:215)
        at java.util.concurrent.locks.AbstractQueuedSynchronizer$ConditionObject.awaitNanos(AbstractQueuedSynchronizer.java:2078)
        at java.util.concurrent.ScheduledThreadPoolExecutor$DelayedWorkQueue.take(ScheduledThreadPoolExecutor.java:1093)
        at java.util.concurrent.ScheduledThreadPoolExecutor$DelayedWorkQueue.take(ScheduledThreadPoolExecutor.java:809)
        at java.util.concurrent.ThreadPoolExecutor.getTask(ThreadPoolExecutor.java:1074)
        at java.util.concurrent.ThreadPoolExecutor.runWorker(ThreadPoolExecutor.java:1134)
        at java.util.concurrent.ThreadPoolExecutor$Worker.run(ThreadPoolExecutor.java:624)
        at java.lang.Thread.run(Thread.java:750)
"PartialTableCache Cleanup Thread - 0" daemon prio=5 tid=4531 in Object.wait()
java.lang.Thread.State: WAITING (on object monitor)
        at sun.misc.Unsafe.park(Native Method)
        at java.util.concurrent.locks.LockSupport.park(LockSupport.java:175)
        at java.util.concurrent.locks.AbstractQueuedSynchronizer$ConditionObject.await(AbstractQueuedSynchronizer.java:2039)
        at java.util.concurrent.LinkedBlockingQueue.take(LinkedBlockingQueue.java:442)
        at java.util.concurrent.ThreadPoolExecutor.getTask(ThreadPoolExecutor.java:1074)
        at java.util.concurrent.ThreadPoolExecutor.runWorker(ThreadPoolExecutor.java:1134)
        at java.util.concurrent.ThreadPoolExecutor$Worker.run(ThreadPoolExecutor.java:624)
        at java.lang.Thread.run(Thread.java:750)
"StaleRecoveringContainerScrubbingService#0" daemon prio=5 tid=4222 in Object.wait()
java.lang.Thread.State: WAITING (on object monitor)
        at sun.misc.Unsafe.park(Native Method)
        at java.util.concurrent.locks.LockSupport.park(LockSupport.java:175)
        at java.util.concurrent.locks.AbstractQueuedSynchronizer$ConditionObject.await(AbstractQueuedSynchronizer.java:2039)
        at java.util.concurrent.ScheduledThreadPoolExecutor$DelayedWorkQueue.take(ScheduledThreadPoolExecutor.java:1088)
        at java.util.concurrent.ScheduledThreadPoolExecutor$DelayedWorkQueue.take(ScheduledThreadPoolExecutor.java:809)
        at java.util.concurrent.ThreadPoolExecutor.getTask(ThreadPoolExecutor.java:1074)
        at java.util.concurrent.ThreadPoolExecutor.runWorker(ThreadPoolExecutor.java:1134)
        at java.util.concurrent.ThreadPoolExecutor$Worker.run(ThreadPoolExecutor.java:624)
        at java.lang.Thread.run(Thread.java:750)
"IPC Server handler 11 on default port 35863" daemon prio=5 tid=5893 timed_waiting
java.lang.Thread.State: TIMED_WAITING
        at sun.misc.Unsafe.park(Native Method)
        at java.util.concurrent.locks.LockSupport.parkNanos(LockSupport.java:215)
        at java.util.concurrent.locks.AbstractQueuedSynchronizer$ConditionObject.awaitNanos(AbstractQueuedSynchronizer.java:2078)
        at java.util.concurrent.LinkedBlockingQueue.poll(LinkedBlockingQueue.java:467)
        at org.apache.hadoop.ipc.CallQueueManager.take(CallQueueManager.java:317)
        at org.apache.hadoop.ipc.Server$Handler.run(Server.java:2942)
"IPC Server handler 15 on default port 43819" daemon prio=5 tid=5857 timed_waiting
java.lang.Thread.State: TIMED_WAITING
        at sun.misc.Unsafe.park(Native Method)
        at java.util.concurrent.locks.LockSupport.parkNanos(LockSupport.java:215)
        at java.util.concurrent.locks.AbstractQueuedSynchronizer$ConditionObject.awaitNanos(AbstractQueuedSynchronizer.java:2078)
        at java.util.concurrent.LinkedBlockingQueue.poll(LinkedBlockingQueue.java:467)
        at org.apache.hadoop.ipc.CallQueueManager.take(CallQueueManager.java:317)
        at org.apache.hadoop.ipc.Server$Handler.run(Server.java:2942)
"EndpointStateMachine task thread for /0.0.0.0:42971 - 0 "  prio=5 tid=4196 in Object.wait()
java.lang.Thread.State: WAITING (on object monitor)
        at sun.misc.Unsafe.park(Native Method)
        at java.util.concurrent.locks.LockSupport.park(LockSupport.java:175)
        at java.util.concurrent.locks.AbstractQueuedSynchronizer$ConditionObject.await(AbstractQueuedSynchronizer.java:2039)
        at java.util.concurrent.LinkedBlockingQueue.take(LinkedBlockingQueue.java:442)
        at java.util.concurrent.ThreadPoolExecutor.getTask(ThreadPoolExecutor.java:1074)
        at java.util.concurrent.ThreadPoolExecutor.runWorker(ThreadPoolExecutor.java:1134)
        at java.util.concurrent.ThreadPoolExecutor$Worker.run(ThreadPoolExecutor.java:624)
        at java.lang.Thread.run(Thread.java:750)
"StaleRecoveringContainerScrubbingService#0" daemon prio=5 tid=4144 in Object.wait()
java.lang.Thread.State: WAITING (on object monitor)
        at sun.misc.Unsafe.park(Native Method)
        at java.util.concurrent.locks.LockSupport.park(LockSupport.java:175)
        at java.util.concurrent.locks.AbstractQueuedSynchronizer$ConditionObject.await(AbstractQueuedSynchronizer.java:2039)
        at java.util.concurrent.ScheduledThreadPoolExecutor$DelayedWorkQueue.take(ScheduledThreadPoolExecutor.java:1088)
        at java.util.concurrent.ScheduledThreadPoolExecutor$DelayedWorkQueue.take(ScheduledThreadPoolExecutor.java:809)
        at java.util.concurrent.ThreadPoolExecutor.getTask(ThreadPoolExecutor.java:1074)
        at java.util.concurrent.ThreadPoolExecutor.runWorker(ThreadPoolExecutor.java:1134)
        at java.util.concurrent.ThreadPoolExecutor$Worker.run(ThreadPoolExecutor.java:624)
        at java.lang.Thread.run(Thread.java:750)
"Datanode State Machine Task Thread - 0"  prio=5 tid=4130 in Object.wait()
java.lang.Thread.State: WAITING (on object monitor)
        at sun.misc.Unsafe.park(Native Method)
        at java.util.concurrent.locks.LockSupport.park(LockSupport.java:175)
        at java.util.concurrent.locks.AbstractQueuedSynchronizer$ConditionObject.await(AbstractQueuedSynchronizer.java:2039)
        at java.util.concurrent.LinkedBlockingQueue.take(LinkedBlockingQueue.java:442)
        at java.util.concurrent.ThreadPoolExecutor.getTask(ThreadPoolExecutor.java:1074)
        at java.util.concurrent.ThreadPoolExecutor.runWorker(ThreadPoolExecutor.java:1134)
        at java.util.concurrent.ThreadPoolExecutor$Worker.run(ThreadPoolExecutor.java:624)
        at java.lang.Thread.run(Thread.java:750)
"qtp539481455-6854" daemon prio=5 tid=6854 runnable
java.lang.Thread.State: RUNNABLE
        at sun.nio.ch.EPollArrayWrapper.epollWait(Native Method)
        at sun.nio.ch.EPollArrayWrapper.poll(EPollArrayWrapper.java:269)
        at sun.nio.ch.EPollSelectorImpl.doSelect(EPollSelectorImpl.java:93)
        at sun.nio.ch.SelectorImpl.lockAndDoSelect(SelectorImpl.java:86)
        at sun.nio.ch.SelectorImpl.select(SelectorImpl.java:97)
        at sun.nio.ch.SelectorImpl.select(SelectorImpl.java:101)
        at org.eclipse.jetty.io.ManagedSelector.nioSelect(ManagedSelector.java:183)
        at org.eclipse.jetty.io.ManagedSelector.select(ManagedSelector.java:190)
        at org.eclipse.jetty.io.ManagedSelector$SelectorProducer.select(ManagedSelector.java:606)
        at org.eclipse.jetty.io.ManagedSelector$SelectorProducer.produce(ManagedSelector.java:543)
        at org.eclipse.jetty.util.thread.strategy.EatWhatYouKill.produceTask(EatWhatYouKill.java:362)
        at org.eclipse.jetty.util.thread.strategy.EatWhatYouKill.doProduce(EatWhatYouKill.java:186)
        at org.eclipse.jetty.util.thread.strategy.EatWhatYouKill.tryProduce(EatWhatYouKill.java:173)
        at org.eclipse.jetty.util.thread.strategy.EatWhatYouKill.produce(EatWhatYouKill.java:137)
        at org.eclipse.jetty.io.ManagedSelector$$Lambda$478/1665851504.run(Unknown Source)
        at org.eclipse.jetty.util.thread.QueuedThreadPool.runJob(QueuedThreadPool.java:883)
        at org.eclipse.jetty.util.thread.QueuedThreadPool$Runner.run(QueuedThreadPool.java:1034)
        at java.lang.Thread.run(Thread.java:750)
"qtp1906917657-4649" daemon prio=5 tid=4649 timed_waiting
java.lang.Thread.State: TIMED_WAITING
        at sun.misc.Unsafe.park(Native Method)
        at java.util.concurrent.locks.LockSupport.parkNanos(LockSupport.java:215)
        at java.util.concurrent.locks.AbstractQueuedSynchronizer$ConditionObject.awaitNanos(AbstractQueuedSynchronizer.java:2078)
        at org.eclipse.jetty.util.BlockingArrayQueue.poll(BlockingArrayQueue.java:382)
        at org.eclipse.jetty.util.thread.QueuedThreadPool$Runner.idleJobPoll(QueuedThreadPool.java:974)
        at org.eclipse.jetty.util.thread.QueuedThreadPool$Runner.run(QueuedThreadPool.java:1018)
        at java.lang.Thread.run(Thread.java:750)
"ChunkWriter-3-0" daemon prio=5 tid=5346 in Object.wait()
java.lang.Thread.State: WAITING (on object monitor)
        at sun.misc.Unsafe.park(Native Method)
        at java.util.concurrent.locks.LockSupport.park(LockSupport.java:175)
        at java.util.concurrent.locks.AbstractQueuedSynchronizer$ConditionObject.await(AbstractQueuedSynchronizer.java:2039)
        at java.util.concurrent.LinkedBlockingDeque.takeFirst(LinkedBlockingDeque.java:492)
        at java.util.concurrent.LinkedBlockingDeque.take(LinkedBlockingDeque.java:680)
        at java.util.concurrent.ThreadPoolExecutor.getTask(ThreadPoolExecutor.java:1074)
        at java.util.concurrent.ThreadPoolExecutor.runWorker(ThreadPoolExecutor.java:1134)
        at java.util.concurrent.ThreadPoolExecutor$Worker.run(ThreadPoolExecutor.java:624)
        at java.lang.Thread.run(Thread.java:750)
"StaleRecoveringContainerScrubbingService#2" daemon prio=5 tid=5652 in Object.wait()
java.lang.Thread.State: WAITING (on object monitor)
        at sun.misc.Unsafe.park(Native Method)
        at java.util.concurrent.locks.LockSupport.park(LockSupport.java:175)
        at java.util.concurrent.locks.AbstractQueuedSynchronizer$ConditionObject.await(AbstractQueuedSynchronizer.java:2039)
        at java.util.concurrent.ScheduledThreadPoolExecutor$DelayedWorkQueue.take(ScheduledThreadPoolExecutor.java:1088)
        at java.util.concurrent.ScheduledThreadPoolExecutor$DelayedWorkQueue.take(ScheduledThreadPoolExecutor.java:809)
        at java.util.concurrent.ThreadPoolExecutor.getTask(ThreadPoolExecutor.java:1074)
        at java.util.concurrent.ThreadPoolExecutor.runWorker(ThreadPoolExecutor.java:1134)
        at java.util.concurrent.ThreadPoolExecutor$Worker.run(ThreadPoolExecutor.java:624)
        at java.lang.Thread.run(Thread.java:750)
"IPC Server handler 10 on default port 35421" daemon prio=5 tid=4585 timed_waiting
java.lang.Thread.State: TIMED_WAITING
        at sun.misc.Unsafe.park(Native Method)
        at java.util.concurrent.locks.LockSupport.parkNanos(LockSupport.java:215)
        at java.util.concurrent.locks.AbstractQueuedSynchronizer$ConditionObject.awaitNanos(AbstractQueuedSynchronizer.java:2078)
        at java.util.concurrent.LinkedBlockingQueue.poll(LinkedBlockingQueue.java:467)
        at org.apache.hadoop.ipc.CallQueueManager.take(CallQueueManager.java:317)
        at org.apache.hadoop.ipc.Server$Handler.run(Server.java:2942)
"Datanode ReportManager Thread - 1" daemon prio=5 tid=6400 in Object.wait()
java.lang.Thread.State: WAITING (on object monitor)
        at sun.misc.Unsafe.park(Native Method)
        at java.util.concurrent.locks.LockSupport.park(LockSupport.java:175)
        at java.util.concurrent.locks.AbstractQueuedSynchronizer$ConditionObject.await(AbstractQueuedSynchronizer.java:2039)
        at java.util.concurrent.ScheduledThreadPoolExecutor$DelayedWorkQueue.take(ScheduledThreadPoolExecutor.java:1088)
        at java.util.concurrent.ScheduledThreadPoolExecutor$DelayedWorkQueue.take(ScheduledThreadPoolExecutor.java:809)
        at java.util.concurrent.ThreadPoolExecutor.getTask(ThreadPoolExecutor.java:1074)
        at java.util.concurrent.ThreadPoolExecutor.runWorker(ThreadPoolExecutor.java:1134)
        at java.util.concurrent.ThreadPoolExecutor$Worker.run(ThreadPoolExecutor.java:624)
        at java.lang.Thread.run(Thread.java:750)
"qtp1692527707-5077" daemon prio=5 tid=5077 timed_waiting
java.lang.Thread.State: TIMED_WAITING
        at sun.misc.Unsafe.park(Native Method)
        at java.util.concurrent.locks.LockSupport.parkNanos(LockSupport.java:215)
        at java.util.concurrent.locks.AbstractQueuedSynchronizer$ConditionObject.awaitNanos(AbstractQueuedSynchronizer.java:2078)
        at org.eclipse.jetty.util.BlockingArrayQueue.poll(BlockingArrayQueue.java:382)
        at org.eclipse.jetty.util.thread.QueuedThreadPool$Runner.idleJobPoll(QueuedThreadPool.java:974)
        at org.eclipse.jetty.util.thread.QueuedThreadPool$Runner.run(QueuedThreadPool.java:1018)
        at java.lang.Thread.run(Thread.java:750)
"grpc-default-executor-4" daemon prio=5 tid=1108 timed_waiting
java.lang.Thread.State: TIMED_WAITING
        at sun.misc.Unsafe.park(Native Method)
        at java.util.concurrent.locks.LockSupport.parkNanos(LockSupport.java:215)
        at java.util.concurrent.SynchronousQueue$TransferStack.awaitFulfill(SynchronousQueue.java:460)
        at java.util.concurrent.SynchronousQueue$TransferStack.transfer(SynchronousQueue.java:362)
        at java.util.concurrent.SynchronousQueue.poll(SynchronousQueue.java:941)
        at java.util.concurrent.ThreadPoolExecutor.getTask(ThreadPoolExecutor.java:1073)
        at java.util.concurrent.ThreadPoolExecutor.runWorker(ThreadPoolExecutor.java:1134)
        at java.util.concurrent.ThreadPoolExecutor$Worker.run(ThreadPoolExecutor.java:624)
        at java.lang.Thread.run(Thread.java:750)
"org.apache.hadoop.ozone.container.common.statemachine.commandhandler.DeleteBlocksCommandHandler$DeleteCmdWorker@79a9fe5" daemon prio=5 tid=4028 timed_waiting
java.lang.Thread.State: TIMED_WAITING
        at java.lang.Thread.sleep(Native Method)
        at org.apache.hadoop.ozone.container.common.statemachine.commandhandler.DeleteBlocksCommandHandler$DeleteCmdWorker.run(DeleteBlocksCommandHandler.java:183)
        at java.lang.Thread.run(Thread.java:750)
"EndpointStateMachine task thread for /0.0.0.0:35863 - 0 "  prio=5 tid=6504 in Object.wait()
java.lang.Thread.State: WAITING (on object monitor)
        at sun.misc.Unsafe.park(Native Method)
        at java.util.concurrent.locks.LockSupport.park(LockSupport.java:175)
        at java.util.concurrent.locks.AbstractQueuedSynchronizer$ConditionObject.await(AbstractQueuedSynchronizer.java:2039)
        at java.util.concurrent.LinkedBlockingQueue.take(LinkedBlockingQueue.java:442)
        at java.util.concurrent.ThreadPoolExecutor.getTask(ThreadPoolExecutor.java:1074)
        at java.util.concurrent.ThreadPoolExecutor.runWorker(ThreadPoolExecutor.java:1134)
        at java.util.concurrent.ThreadPoolExecutor$Worker.run(ThreadPoolExecutor.java:624)
        at java.lang.Thread.run(Thread.java:750)
"ContainerOp-1a3410dc-4fd6-4954-94c6-9015fb128463-2"  prio=5 tid=6029 in Object.wait()
java.lang.Thread.State: WAITING (on object monitor)
        at sun.misc.Unsafe.park(Native Method)
        at java.util.concurrent.locks.LockSupport.park(LockSupport.java:175)
        at java.util.concurrent.locks.AbstractQueuedSynchronizer$ConditionObject.await(AbstractQueuedSynchronizer.java:2039)
        at java.util.concurrent.LinkedBlockingQueue.take(LinkedBlockingQueue.java:442)
        at java.util.concurrent.ThreadPoolExecutor.getTask(ThreadPoolExecutor.java:1074)
        at java.util.concurrent.ThreadPoolExecutor.runWorker(ThreadPoolExecutor.java:1134)
        at java.util.concurrent.ThreadPoolExecutor$Worker.run(ThreadPoolExecutor.java:624)
        at java.lang.Thread.run(Thread.java:750)
"IPC Server handler 15 on default port 46525" daemon prio=5 tid=3809 timed_waiting
java.lang.Thread.State: TIMED_WAITING
        at sun.misc.Unsafe.park(Native Method)
        at java.util.concurrent.locks.LockSupport.parkNanos(LockSupport.java:215)
        at java.util.concurrent.locks.AbstractQueuedSynchronizer$ConditionObject.awaitNanos(AbstractQueuedSynchronizer.java:2078)
        at java.util.concurrent.LinkedBlockingQueue.poll(LinkedBlockingQueue.java:467)
        at org.apache.hadoop.ipc.CallQueueManager.take(CallQueueManager.java:317)
        at org.apache.hadoop.ipc.Server$Handler.run(Server.java:2942)
"BlockDeletingService#0" daemon prio=5 tid=4178 in Object.wait()
java.lang.Thread.State: WAITING (on object monitor)
        at sun.misc.Unsafe.park(Native Method)
        at java.util.concurrent.locks.LockSupport.park(LockSupport.java:175)
        at java.util.concurrent.locks.AbstractQueuedSynchronizer$ConditionObject.await(AbstractQueuedSynchronizer.java:2039)
        at java.util.concurrent.ScheduledThreadPoolExecutor$DelayedWorkQueue.take(ScheduledThreadPoolExecutor.java:1088)
        at java.util.concurrent.ScheduledThreadPoolExecutor$DelayedWorkQueue.take(ScheduledThreadPoolExecutor.java:809)
        at java.util.concurrent.ThreadPoolExecutor.getTask(ThreadPoolExecutor.java:1074)
        at java.util.concurrent.ThreadPoolExecutor.runWorker(ThreadPoolExecutor.java:1134)
        at java.util.concurrent.ThreadPoolExecutor$Worker.run(ThreadPoolExecutor.java:624)
        at java.lang.Thread.run(Thread.java:750)
"ChunkWriter-2-0" daemon prio=5 tid=5408 in Object.wait()
java.lang.Thread.State: WAITING (on object monitor)
        at sun.misc.Unsafe.park(Native Method)
        at java.util.concurrent.locks.LockSupport.park(LockSupport.java:175)
        at java.util.concurrent.locks.AbstractQueuedSynchronizer$ConditionObject.await(AbstractQueuedSynchronizer.java:2039)
        at java.util.concurrent.LinkedBlockingDeque.takeFirst(LinkedBlockingDeque.java:492)
        at java.util.concurrent.LinkedBlockingDeque.take(LinkedBlockingDeque.java:680)
        at java.util.concurrent.ThreadPoolExecutor.getTask(ThreadPoolExecutor.java:1074)
        at java.util.concurrent.ThreadPoolExecutor.runWorker(ThreadPoolExecutor.java:1134)
        at java.util.concurrent.ThreadPoolExecutor$Worker.run(ThreadPoolExecutor.java:624)
        at java.lang.Thread.run(Thread.java:750)
"Datanode ReportManager Thread - 4" daemon prio=5 tid=4991 in Object.wait()
java.lang.Thread.State: WAITING (on object monitor)
        at sun.misc.Unsafe.park(Native Method)
        at java.util.concurrent.locks.LockSupport.park(LockSupport.java:175)
        at java.util.concurrent.locks.AbstractQueuedSynchronizer$ConditionObject.await(AbstractQueuedSynchronizer.java:2039)
        at java.util.concurrent.ScheduledThreadPoolExecutor$DelayedWorkQueue.take(ScheduledThreadPoolExecutor.java:1088)
        at java.util.concurrent.ScheduledThreadPoolExecutor$DelayedWorkQueue.take(ScheduledThreadPoolExecutor.java:809)
        at java.util.concurrent.ThreadPoolExecutor.getTask(ThreadPoolExecutor.java:1074)
        at java.util.concurrent.ThreadPoolExecutor.runWorker(ThreadPoolExecutor.java:1134)
        at java.util.concurrent.ThreadPoolExecutor$Worker.run(ThreadPoolExecutor.java:624)
        at java.lang.Thread.run(Thread.java:750)
"PartialTableCache Cleanup Thread - 0" daemon prio=5 tid=678 in Object.wait()
java.lang.Thread.State: WAITING (on object monitor)
        at sun.misc.Unsafe.park(Native Method)
        at java.util.concurrent.locks.LockSupport.park(LockSupport.java:175)
        at java.util.concurrent.locks.AbstractQueuedSynchronizer$ConditionObject.await(AbstractQueuedSynchronizer.java:2039)
        at java.util.concurrent.LinkedBlockingQueue.take(LinkedBlockingQueue.java:442)
        at java.util.concurrent.ThreadPoolExecutor.getTask(ThreadPoolExecutor.java:1074)
        at java.util.concurrent.ThreadPoolExecutor.runWorker(ThreadPoolExecutor.java:1134)
        at java.util.concurrent.ThreadPoolExecutor$Worker.run(ThreadPoolExecutor.java:624)
        at java.lang.Thread.run(Thread.java:750)
"qtp648959186-3968" daemon prio=5 tid=3968 runnable
java.lang.Thread.State: RUNNABLE
        at sun.nio.ch.EPollArrayWrapper.epollWait(Native Method)
        at sun.nio.ch.EPollArrayWrapper.poll(EPollArrayWrapper.java:269)
        at sun.nio.ch.EPollSelectorImpl.doSelect(EPollSelectorImpl.java:93)
        at sun.nio.ch.SelectorImpl.lockAndDoSelect(SelectorImpl.java:86)
        at sun.nio.ch.SelectorImpl.select(SelectorImpl.java:97)
        at sun.nio.ch.SelectorImpl.select(SelectorImpl.java:101)
        at org.eclipse.jetty.io.ManagedSelector.nioSelect(ManagedSelector.java:183)
        at org.eclipse.jetty.io.ManagedSelector.select(ManagedSelector.java:190)
        at org.eclipse.jetty.io.ManagedSelector$SelectorProducer.select(ManagedSelector.java:606)
        at org.eclipse.jetty.io.ManagedSelector$SelectorProducer.produce(ManagedSelector.java:543)
        at org.eclipse.jetty.util.thread.strategy.EatWhatYouKill.produceTask(EatWhatYouKill.java:362)
        at org.eclipse.jetty.util.thread.strategy.EatWhatYouKill.doProduce(EatWhatYouKill.java:186)
        at org.eclipse.jetty.util.thread.strategy.EatWhatYouKill.tryProduce(EatWhatYouKill.java:173)
        at org.eclipse.jetty.util.thread.strategy.EatWhatYouKill.produce(EatWhatYouKill.java:137)
        at org.eclipse.jetty.io.ManagedSelector$$Lambda$478/1665851504.run(Unknown Source)
        at org.eclipse.jetty.util.thread.QueuedThreadPool.runJob(QueuedThreadPool.java:883)
        at org.eclipse.jetty.util.thread.QueuedThreadPool$Runner.run(QueuedThreadPool.java:1034)
        at java.lang.Thread.run(Thread.java:750)
"qtp1469368322-3937" daemon prio=5 tid=3937 runnable
java.lang.Thread.State: RUNNABLE
        at sun.nio.ch.EPollArrayWrapper.epollWait(Native Method)
        at sun.nio.ch.EPollArrayWrapper.poll(EPollArrayWrapper.java:269)
        at sun.nio.ch.EPollSelectorImpl.doSelect(EPollSelectorImpl.java:93)
        at sun.nio.ch.SelectorImpl.lockAndDoSelect(SelectorImpl.java:86)
        at sun.nio.ch.SelectorImpl.select(SelectorImpl.java:97)
        at sun.nio.ch.SelectorImpl.select(SelectorImpl.java:101)
        at org.eclipse.jetty.io.ManagedSelector.nioSelect(ManagedSelector.java:183)
        at org.eclipse.jetty.io.ManagedSelector.select(ManagedSelector.java:190)
        at org.eclipse.jetty.io.ManagedSelector$SelectorProducer.select(ManagedSelector.java:606)
        at org.eclipse.jetty.io.ManagedSelector$SelectorProducer.produce(ManagedSelector.java:543)
        at org.eclipse.jetty.util.thread.strategy.EatWhatYouKill.produceTask(EatWhatYouKill.java:362)
        at org.eclipse.jetty.util.thread.strategy.EatWhatYouKill.doProduce(EatWhatYouKill.java:186)
        at org.eclipse.jetty.util.thread.strategy.EatWhatYouKill.tryProduce(EatWhatYouKill.java:173)
        at org.eclipse.jetty.util.thread.strategy.EatWhatYouKill.produce(EatWhatYouKill.java:137)
        at org.eclipse.jetty.io.ManagedSelector$$Lambda$478/1665851504.run(Unknown Source)
        at org.eclipse.jetty.util.thread.QueuedThreadPool.runJob(QueuedThreadPool.java:883)
        at org.eclipse.jetty.util.thread.QueuedThreadPool$Runner.run(QueuedThreadPool.java:1034)
        at java.lang.Thread.run(Thread.java:750)
"2807d27e-eacf-4ef9-9ccd-2d34dc032c62-server-thread1" daemon prio=5 tid=6888 timed_waiting
java.lang.Thread.State: TIMED_WAITING
        at sun.misc.Unsafe.park(Native Method)
        at java.util.concurrent.locks.LockSupport.parkNanos(LockSupport.java:215)
        at java.util.concurrent.SynchronousQueue$TransferStack.awaitFulfill(SynchronousQueue.java:460)
        at java.util.concurrent.SynchronousQueue$TransferStack.transfer(SynchronousQueue.java:362)
        at java.util.concurrent.SynchronousQueue.poll(SynchronousQueue.java:941)
        at java.util.concurrent.ThreadPoolExecutor.getTask(ThreadPoolExecutor.java:1073)
        at java.util.concurrent.ThreadPoolExecutor.runWorker(ThreadPoolExecutor.java:1134)
        at java.util.concurrent.ThreadPoolExecutor$Worker.run(ThreadPoolExecutor.java:624)
        at java.lang.Thread.run(Thread.java:750)
"IPC Server handler 3 on default port 42971" daemon prio=5 tid=6834 timed_waiting
java.lang.Thread.State: TIMED_WAITING
        at sun.misc.Unsafe.park(Native Method)
        at java.util.concurrent.locks.LockSupport.parkNanos(LockSupport.java:215)
        at java.util.concurrent.locks.AbstractQueuedSynchronizer$ConditionObject.awaitNanos(AbstractQueuedSynchronizer.java:2078)
        at java.util.concurrent.LinkedBlockingQueue.poll(LinkedBlockingQueue.java:467)
        at org.apache.hadoop.ipc.CallQueueManager.take(CallQueueManager.java:317)
        at org.apache.hadoop.ipc.Server$Handler.run(Server.java:2942)
"qtp900396159-6343" daemon prio=5 tid=6343 runnable
java.lang.Thread.State: RUNNABLE
        at sun.nio.ch.EPollArrayWrapper.epollWait(Native Method)
        at sun.nio.ch.EPollArrayWrapper.poll(EPollArrayWrapper.java:269)
        at sun.nio.ch.EPollSelectorImpl.doSelect(EPollSelectorImpl.java:93)
        at sun.nio.ch.SelectorImpl.lockAndDoSelect(SelectorImpl.java:86)
        at sun.nio.ch.SelectorImpl.select(SelectorImpl.java:97)
        at sun.nio.ch.SelectorImpl.select(SelectorImpl.java:101)
        at org.eclipse.jetty.io.ManagedSelector.nioSelect(ManagedSelector.java:183)
        at org.eclipse.jetty.io.ManagedSelector.select(ManagedSelector.java:190)
        at org.eclipse.jetty.io.ManagedSelector$SelectorProducer.select(ManagedSelector.java:606)
        at org.eclipse.jetty.io.ManagedSelector$SelectorProducer.produce(ManagedSelector.java:543)
        at org.eclipse.jetty.util.thread.strategy.EatWhatYouKill.produceTask(EatWhatYouKill.java:362)
        at org.eclipse.jetty.util.thread.strategy.EatWhatYouKill.doProduce(EatWhatYouKill.java:186)
        at org.eclipse.jetty.util.thread.strategy.EatWhatYouKill.tryProduce(EatWhatYouKill.java:173)
        at org.eclipse.jetty.util.thread.strategy.EatWhatYouKill.produce(EatWhatYouKill.java:137)
        at org.eclipse.jetty.io.ManagedSelector$$Lambda$478/1665851504.run(Unknown Source)
        at org.eclipse.jetty.util.thread.QueuedThreadPool.runJob(QueuedThreadPool.java:883)
        at org.eclipse.jetty.util.thread.QueuedThreadPool$Runner.run(QueuedThreadPool.java:1034)
        at java.lang.Thread.run(Thread.java:750)
"StaleRecoveringContainerScrubbingService#0" daemon prio=5 tid=5413 in Object.wait()
java.lang.Thread.State: WAITING (on object monitor)
        at sun.misc.Unsafe.park(Native Method)
        at java.util.concurrent.locks.LockSupport.park(LockSupport.java:175)
        at java.util.concurrent.locks.AbstractQueuedSynchronizer$ConditionObject.await(AbstractQueuedSynchronizer.java:2039)
        at java.util.concurrent.ScheduledThreadPoolExecutor$DelayedWorkQueue.take(ScheduledThreadPoolExecutor.java:1088)
        at java.util.concurrent.ScheduledThreadPoolExecutor$DelayedWorkQueue.take(ScheduledThreadPoolExecutor.java:809)
        at java.util.concurrent.ThreadPoolExecutor.getTask(ThreadPoolExecutor.java:1074)
        at java.util.concurrent.ThreadPoolExecutor.runWorker(ThreadPoolExecutor.java:1134)
        at java.util.concurrent.ThreadPoolExecutor$Worker.run(ThreadPoolExecutor.java:624)
        at java.lang.Thread.run(Thread.java:750)
"c53e9dec-04d8-4017-ae1e-e704ed095001@group-A3339B58DE84-StateMachineUpdater" daemon prio=5 tid=6713 timed_waiting
java.lang.Thread.State: TIMED_WAITING
        at sun.misc.Unsafe.park(Native Method)
        at java.util.concurrent.locks.LockSupport.parkNanos(LockSupport.java:215)
        at java.util.concurrent.CompletableFuture$Signaller.block(CompletableFuture.java:1709)
        at java.util.concurrent.ForkJoinPool.managedBlock(ForkJoinPool.java:3323)
        at java.util.concurrent.CompletableFuture.timedGet(CompletableFuture.java:1788)
        at java.util.concurrent.CompletableFuture.get(CompletableFuture.java:1928)
        at org.apache.ratis.util.AwaitForSignal.await(AwaitForSignal.java:56)
        at org.apache.ratis.server.impl.StateMachineUpdater.waitForCommit(StateMachineUpdater.java:207)
        at org.apache.ratis.server.impl.StateMachineUpdater.run(StateMachineUpdater.java:176)
        at java.lang.Thread.run(Thread.java:750)
"ContainerOp-1a3410dc-4fd6-4954-94c6-9015fb128463-0"  prio=5 tid=6009 in Object.wait()
java.lang.Thread.State: WAITING (on object monitor)
        at sun.misc.Unsafe.park(Native Method)
        at java.util.concurrent.locks.LockSupport.park(LockSupport.java:175)
        at java.util.concurrent.locks.AbstractQueuedSynchronizer$ConditionObject.await(AbstractQueuedSynchronizer.java:2039)
        at java.util.concurrent.LinkedBlockingQueue.take(LinkedBlockingQueue.java:442)
        at java.util.concurrent.ThreadPoolExecutor.getTask(ThreadPoolExecutor.java:1074)
        at java.util.concurrent.ThreadPoolExecutor.runWorker(ThreadPoolExecutor.java:1134)
        at java.util.concurrent.ThreadPoolExecutor$Worker.run(ThreadPoolExecutor.java:624)
        at java.lang.Thread.run(Thread.java:750)
"IPC Server handler 18 on default port 43819" daemon prio=5 tid=5860 timed_waiting
java.lang.Thread.State: TIMED_WAITING
        at sun.misc.Unsafe.park(Native Method)
        at java.util.concurrent.locks.LockSupport.parkNanos(LockSupport.java:215)
        at java.util.concurrent.locks.AbstractQueuedSynchronizer$ConditionObject.awaitNanos(AbstractQueuedSynchronizer.java:2078)
        at java.util.concurrent.LinkedBlockingQueue.poll(LinkedBlockingQueue.java:467)
        at org.apache.hadoop.ipc.CallQueueManager.take(CallQueueManager.java:317)
        at org.apache.hadoop.ipc.Server$Handler.run(Server.java:2942)
"IPC Server handler 10 on default port 46525" daemon prio=5 tid=3804 timed_waiting
java.lang.Thread.State: TIMED_WAITING
        at sun.misc.Unsafe.park(Native Method)
        at java.util.concurrent.locks.LockSupport.parkNanos(LockSupport.java:215)
        at java.util.concurrent.locks.AbstractQueuedSynchronizer$ConditionObject.awaitNanos(AbstractQueuedSynchronizer.java:2078)
        at java.util.concurrent.LinkedBlockingQueue.poll(LinkedBlockingQueue.java:467)
        at org.apache.hadoop.ipc.CallQueueManager.take(CallQueueManager.java:317)
        at org.apache.hadoop.ipc.Server$Handler.run(Server.java:2942)
"Datanode State Machine Task Thread - 1"  prio=5 tid=4094 in Object.wait()
java.lang.Thread.State: WAITING (on object monitor)
        at sun.misc.Unsafe.park(Native Method)
        at java.util.concurrent.locks.LockSupport.park(LockSupport.java:175)
        at java.util.concurrent.locks.AbstractQueuedSynchronizer$ConditionObject.await(AbstractQueuedSynchronizer.java:2039)
        at java.util.concurrent.LinkedBlockingQueue.take(LinkedBlockingQueue.java:442)
        at java.util.concurrent.ThreadPoolExecutor.getTask(ThreadPoolExecutor.java:1074)
        at java.util.concurrent.ThreadPoolExecutor.runWorker(ThreadPoolExecutor.java:1134)
        at java.util.concurrent.ThreadPoolExecutor$Worker.run(ThreadPoolExecutor.java:624)
        at java.lang.Thread.run(Thread.java:750)
"Datanode State Machine Task Thread - 1"  prio=5 tid=6454 in Object.wait()
java.lang.Thread.State: WAITING (on object monitor)
        at sun.misc.Unsafe.park(Native Method)
        at java.util.concurrent.locks.LockSupport.park(LockSupport.java:175)
        at java.util.concurrent.locks.AbstractQueuedSynchronizer$ConditionObject.await(AbstractQueuedSynchronizer.java:2039)
        at java.util.concurrent.LinkedBlockingQueue.take(LinkedBlockingQueue.java:442)
        at java.util.concurrent.ThreadPoolExecutor.getTask(ThreadPoolExecutor.java:1074)
        at java.util.concurrent.ThreadPoolExecutor.runWorker(ThreadPoolExecutor.java:1134)
        at java.util.concurrent.ThreadPoolExecutor$Worker.run(ThreadPoolExecutor.java:624)
        at java.lang.Thread.run(Thread.java:750)
"pool-3823-thread-1"  prio=5 tid=6370 timed_waiting
java.lang.Thread.State: TIMED_WAITING
        at sun.misc.Unsafe.park(Native Method)
        at java.util.concurrent.locks.LockSupport.parkNanos(LockSupport.java:215)
        at java.util.concurrent.locks.AbstractQueuedSynchronizer$ConditionObject.awaitNanos(AbstractQueuedSynchronizer.java:2078)
        at java.util.concurrent.ScheduledThreadPoolExecutor$DelayedWorkQueue.take(ScheduledThreadPoolExecutor.java:1093)
        at java.util.concurrent.ScheduledThreadPoolExecutor$DelayedWorkQueue.take(ScheduledThreadPoolExecutor.java:809)
        at java.util.concurrent.ThreadPoolExecutor.getTask(ThreadPoolExecutor.java:1074)
        at java.util.concurrent.ThreadPoolExecutor.runWorker(ThreadPoolExecutor.java:1134)
        at java.util.concurrent.ThreadPoolExecutor$Worker.run(ThreadPoolExecutor.java:624)
        at java.lang.Thread.run(Thread.java:750)
"pool-3715-thread-1"  prio=5 tid=6258 timed_waiting
java.lang.Thread.State: TIMED_WAITING
        at sun.misc.Unsafe.park(Native Method)
        at java.util.concurrent.locks.LockSupport.parkNanos(LockSupport.java:215)
        at java.util.concurrent.locks.AbstractQueuedSynchronizer$ConditionObject.awaitNanos(AbstractQueuedSynchronizer.java:2078)
        at java.util.concurrent.ScheduledThreadPoolExecutor$DelayedWorkQueue.take(ScheduledThreadPoolExecutor.java:1093)
        at java.util.concurrent.ScheduledThreadPoolExecutor$DelayedWorkQueue.take(ScheduledThreadPoolExecutor.java:809)
        at java.util.concurrent.ThreadPoolExecutor.getTask(ThreadPoolExecutor.java:1074)
        at java.util.concurrent.ThreadPoolExecutor.runWorker(ThreadPoolExecutor.java:1134)
        at java.util.concurrent.ThreadPoolExecutor$Worker.run(ThreadPoolExecutor.java:624)
        at java.lang.Thread.run(Thread.java:750)
"ChunkWriter-3-0" daemon prio=5 tid=5379 in Object.wait()
java.lang.Thread.State: WAITING (on object monitor)
        at sun.misc.Unsafe.park(Native Method)
        at java.util.concurrent.locks.LockSupport.park(LockSupport.java:175)
        at java.util.concurrent.locks.AbstractQueuedSynchronizer$ConditionObject.await(AbstractQueuedSynchronizer.java:2039)
        at java.util.concurrent.LinkedBlockingDeque.takeFirst(LinkedBlockingDeque.java:492)
        at java.util.concurrent.LinkedBlockingDeque.take(LinkedBlockingDeque.java:680)
        at java.util.concurrent.ThreadPoolExecutor.getTask(ThreadPoolExecutor.java:1074)
        at java.util.concurrent.ThreadPoolExecutor.runWorker(ThreadPoolExecutor.java:1134)
        at java.util.concurrent.ThreadPoolExecutor$Worker.run(ThreadPoolExecutor.java:624)
        at java.lang.Thread.run(Thread.java:750)
"CommandWatcher-LeaseManager#LeaseMonitor" daemon prio=5 tid=6790 timed_waiting
java.lang.Thread.State: TIMED_WAITING
        at java.lang.Object.wait(Native Method)
        at org.apache.hadoop.ozone.lease.LeaseManager$LeaseMonitor.run(LeaseManager.java:238)
        at java.lang.Thread.run(Thread.java:750)
"8dac584f-6024-4576-b5a3-2bef0f48735e@group-50B708ACB90C-SegmentedRaftLogWorker"  prio=5 tid=6658 timed_waiting
java.lang.Thread.State: TIMED_WAITING
        at sun.misc.Unsafe.park(Native Method)
        at java.util.concurrent.locks.LockSupport.parkNanos(LockSupport.java:215)
        at java.util.concurrent.locks.AbstractQueuedSynchronizer$ConditionObject.awaitNanos(AbstractQueuedSynchronizer.java:2078)
        at org.apache.ratis.util.DataBlockingQueue.poll(DataBlockingQueue.java:148)
        at org.apache.ratis.server.raftlog.segmented.SegmentedRaftLogWorker.run(SegmentedRaftLogWorker.java:301)
        at org.apache.ratis.server.raftlog.segmented.SegmentedRaftLogWorker$$Lambda$646/1639153477.run(Unknown Source)
        at java.lang.Thread.run(Thread.java:750)
"35429393-00b4-4ffa-a437-723b6b48652e@group-5424EEB9FEF4-LeaderStateImpl" daemon prio=5 tid=4331 timed_waiting
java.lang.Thread.State: TIMED_WAITING
        at sun.misc.Unsafe.park(Native Method)
        at java.util.concurrent.locks.LockSupport.parkNanos(LockSupport.java:215)
        at java.util.concurrent.locks.AbstractQueuedSynchronizer$ConditionObject.awaitNanos(AbstractQueuedSynchronizer.java:2078)
        at java.util.concurrent.ArrayBlockingQueue.poll(ArrayBlockingQueue.java:418)
        at org.apache.ratis.server.impl.LeaderStateImpl$EventQueue.poll(LeaderStateImpl.java:159)
        at org.apache.ratis.server.impl.LeaderStateImpl$EventProcessor.run(LeaderStateImpl.java:630)
"java.util.concurrent.ThreadPoolExecutor$Worker@2883ad70[State = -1, empty queue]" daemon prio=5 tid=6705 timed_waiting
java.lang.Thread.State: TIMED_WAITING
        at sun.misc.Unsafe.park(Native Method)
        at java.util.concurrent.locks.LockSupport.parkNanos(LockSupport.java:215)
        at java.util.concurrent.locks.AbstractQueuedSynchronizer$ConditionObject.awaitNanos(AbstractQueuedSynchronizer.java:2078)
        at java.util.concurrent.ScheduledThreadPoolExecutor$DelayedWorkQueue.take(ScheduledThreadPoolExecutor.java:1093)
        at java.util.concurrent.ScheduledThreadPoolExecutor$DelayedWorkQueue.take(ScheduledThreadPoolExecutor.java:809)
        at java.util.concurrent.ThreadPoolExecutor.getTask(ThreadPoolExecutor.java:1074)
        at java.util.concurrent.ThreadPoolExecutor.runWorker(ThreadPoolExecutor.java:1134)
        at java.util.concurrent.ThreadPoolExecutor$Worker.run(ThreadPoolExecutor.java:624)
        at java.lang.Thread.run(Thread.java:750)
"Datanode ReportManager Thread - 0" daemon prio=5 tid=6395 in Object.wait()
java.lang.Thread.State: WAITING (on object monitor)
        at sun.misc.Unsafe.park(Native Method)
        at java.util.concurrent.locks.LockSupport.park(LockSupport.java:175)
        at java.util.concurrent.locks.AbstractQueuedSynchronizer$ConditionObject.await(AbstractQueuedSynchronizer.java:2039)
        at java.util.concurrent.ScheduledThreadPoolExecutor$DelayedWorkQueue.take(ScheduledThreadPoolExecutor.java:1088)
        at java.util.concurrent.ScheduledThreadPoolExecutor$DelayedWorkQueue.take(ScheduledThreadPoolExecutor.java:809)
        at java.util.concurrent.ThreadPoolExecutor.getTask(ThreadPoolExecutor.java:1074)
        at java.util.concurrent.ThreadPoolExecutor.runWorker(ThreadPoolExecutor.java:1134)
        at java.util.concurrent.ThreadPoolExecutor$Worker.run(ThreadPoolExecutor.java:624)
        at java.lang.Thread.run(Thread.java:750)
"OMDoubleBufferFlushThread" daemon prio=5 tid=3650 timed_waiting
java.lang.Thread.State: TIMED_WAITING
        at java.lang.Object.wait(Native Method)
        at org.apache.hadoop.ozone.om.ratis.OzoneManagerDoubleBuffer.canFlush(OzoneManagerDoubleBuffer.java:538)
        at org.apache.hadoop.ozone.om.ratis.OzoneManagerDoubleBuffer.flushTransactions(OzoneManagerDoubleBuffer.java:268)
        at org.apache.hadoop.ozone.om.ratis.OzoneManagerDoubleBuffer$$Lambda$534/1402004739.run(Unknown Source)
        at java.lang.Thread.run(Thread.java:750)
"Datanode ReportManager Thread - 3" daemon prio=5 tid=6273 in Object.wait()
java.lang.Thread.State: WAITING (on object monitor)
        at sun.misc.Unsafe.park(Native Method)
        at java.util.concurrent.locks.LockSupport.park(LockSupport.java:175)
        at java.util.concurrent.locks.AbstractQueuedSynchronizer$ConditionObject.await(AbstractQueuedSynchronizer.java:2039)
        at java.util.concurrent.ScheduledThreadPoolExecutor$DelayedWorkQueue.take(ScheduledThreadPoolExecutor.java:1088)
        at java.util.concurrent.ScheduledThreadPoolExecutor$DelayedWorkQueue.take(ScheduledThreadPoolExecutor.java:809)
        at java.util.concurrent.ThreadPoolExecutor.getTask(ThreadPoolExecutor.java:1074)
        at java.util.concurrent.ThreadPoolExecutor.runWorker(ThreadPoolExecutor.java:1134)
        at java.util.concurrent.ThreadPoolExecutor$Worker.run(ThreadPoolExecutor.java:624)
        at java.lang.Thread.run(Thread.java:750)
"FixedThreadPoolWithAffinityExecutor-8-0" daemon prio=5 tid=6527 in Object.wait()
java.lang.Thread.State: WAITING (on object monitor)
        at sun.misc.Unsafe.park(Native Method)
        at java.util.concurrent.locks.LockSupport.park(LockSupport.java:175)
        at java.util.concurrent.locks.AbstractQueuedSynchronizer$ConditionObject.await(AbstractQueuedSynchronizer.java:2039)
        at java.util.concurrent.LinkedBlockingDeque.takeFirst(LinkedBlockingDeque.java:492)
        at java.util.concurrent.LinkedBlockingDeque.take(LinkedBlockingDeque.java:680)
        at java.util.concurrent.ThreadPoolExecutor.getTask(ThreadPoolExecutor.java:1074)
        at java.util.concurrent.ThreadPoolExecutor.runWorker(ThreadPoolExecutor.java:1134)
        at java.util.concurrent.ThreadPoolExecutor$Worker.run(ThreadPoolExecutor.java:624)
        at java.lang.Thread.run(Thread.java:750)
"org.apache.hadoop.ozone.container.common.statemachine.commandhandler.DeleteBlocksCommandHandler$DeleteCmdWorker@4f1ea67d" daemon prio=5 tid=6288 timed_waiting
java.lang.Thread.State: TIMED_WAITING
        at java.lang.Thread.sleep(Native Method)
        at org.apache.hadoop.ozone.container.common.statemachine.commandhandler.DeleteBlocksCommandHandler$DeleteCmdWorker.run(DeleteBlocksCommandHandler.java:183)
        at java.lang.Thread.run(Thread.java:750)
"IPC Server handler 18 on default port 40173" daemon prio=5 tid=6126 timed_waiting
java.lang.Thread.State: TIMED_WAITING
        at sun.misc.Unsafe.park(Native Method)
        at java.util.concurrent.locks.LockSupport.parkNanos(LockSupport.java:215)
        at java.util.concurrent.locks.AbstractQueuedSynchronizer$ConditionObject.awaitNanos(AbstractQueuedSynchronizer.java:2078)
        at java.util.concurrent.LinkedBlockingQueue.poll(LinkedBlockingQueue.java:467)
        at org.apache.hadoop.ipc.CallQueueManager.take(CallQueueManager.java:317)
        at org.apache.hadoop.ipc.Server$Handler.run(Server.java:2942)
"IPC Server handler 19 on default port 35421" daemon prio=5 tid=4594 timed_waiting
java.lang.Thread.State: TIMED_WAITING
        at sun.misc.Unsafe.park(Native Method)
        at java.util.concurrent.locks.LockSupport.parkNanos(LockSupport.java:215)
        at java.util.concurrent.locks.AbstractQueuedSynchronizer$ConditionObject.awaitNanos(AbstractQueuedSynchronizer.java:2078)
        at java.util.concurrent.LinkedBlockingQueue.poll(LinkedBlockingQueue.java:467)
        at org.apache.hadoop.ipc.CallQueueManager.take(CallQueueManager.java:317)
        at org.apache.hadoop.ipc.Server$Handler.run(Server.java:2942)
"pool-3541-thread-1"  prio=5 tid=5979 in Object.wait()
java.lang.Thread.State: WAITING (on object monitor)
        at sun.misc.Unsafe.park(Native Method)
        at java.util.concurrent.locks.LockSupport.park(LockSupport.java:175)
        at java.util.concurrent.locks.AbstractQueuedSynchronizer$ConditionObject.await(AbstractQueuedSynchronizer.java:2039)
        at java.util.concurrent.LinkedBlockingQueue.take(LinkedBlockingQueue.java:442)
        at java.util.concurrent.ThreadPoolExecutor.getTask(ThreadPoolExecutor.java:1074)
        at java.util.concurrent.ThreadPoolExecutor.runWorker(ThreadPoolExecutor.java:1134)
        at java.util.concurrent.ThreadPoolExecutor$Worker.run(ThreadPoolExecutor.java:624)
        at java.lang.Thread.run(Thread.java:750)
"IPC Server handler 14 on default port 43303" daemon prio=5 tid=6825 timed_waiting
java.lang.Thread.State: TIMED_WAITING
        at sun.misc.Unsafe.park(Native Method)
        at java.util.concurrent.locks.LockSupport.parkNanos(LockSupport.java:215)
        at java.util.concurrent.locks.AbstractQueuedSynchronizer$ConditionObject.awaitNanos(AbstractQueuedSynchronizer.java:2078)
        at java.util.concurrent.LinkedBlockingQueue.poll(LinkedBlockingQueue.java:467)
        at org.apache.hadoop.ipc.CallQueueManager.take(CallQueueManager.java:317)
        at org.apache.hadoop.ipc.Server$Handler.run(Server.java:2942)
"qtp2029208225-5022" daemon prio=5 tid=5022 timed_waiting
java.lang.Thread.State: TIMED_WAITING
        at sun.misc.Unsafe.park(Native Method)
        at java.util.concurrent.locks.LockSupport.parkNanos(LockSupport.java:215)
        at java.util.concurrent.locks.AbstractQueuedSynchronizer$ConditionObject.awaitNanos(AbstractQueuedSynchronizer.java:2078)
        at org.eclipse.jetty.util.BlockingArrayQueue.poll(BlockingArrayQueue.java:382)
        at org.eclipse.jetty.util.thread.QueuedThreadPool$Runner.idleJobPoll(QueuedThreadPool.java:974)
        at org.eclipse.jetty.util.thread.QueuedThreadPool$Runner.run(QueuedThreadPool.java:1018)
        at java.lang.Thread.run(Thread.java:750)
"qtp1623233807-3997-acceptor-0@3ec08ad9-ServerConnector@343daf69{HTTP/1.1, (http/1.1)}{0.0.0.0:40903}" daemon prio=3 tid=3997 runnable
java.lang.Thread.State: RUNNABLE
        at sun.nio.ch.ServerSocketChannelImpl.accept0(Native Method)
        at sun.nio.ch.ServerSocketChannelImpl.accept(ServerSocketChannelImpl.java:421)
        at sun.nio.ch.ServerSocketChannelImpl.accept(ServerSocketChannelImpl.java:249)
        at org.eclipse.jetty.server.ServerConnector.accept(ServerConnector.java:388)
        at org.eclipse.jetty.server.AbstractConnector$Acceptor.run(AbstractConnector.java:702)
        at org.eclipse.jetty.util.thread.QueuedThreadPool.runJob(QueuedThreadPool.java:883)
        at org.eclipse.jetty.util.thread.QueuedThreadPool$Runner.run(QueuedThreadPool.java:1034)
        at java.lang.Thread.run(Thread.java:750)
"qtp595932500-4032" daemon prio=5 tid=4032 timed_waiting
java.lang.Thread.State: TIMED_WAITING
        at sun.misc.Unsafe.park(Native Method)
        at java.util.concurrent.locks.LockSupport.parkNanos(LockSupport.java:215)
        at java.util.concurrent.locks.AbstractQueuedSynchronizer$ConditionObject.awaitNanos(AbstractQueuedSynchronizer.java:2078)
        at org.eclipse.jetty.util.BlockingArrayQueue.poll(BlockingArrayQueue.java:382)
        at org.eclipse.jetty.util.thread.QueuedThreadPool$Runner.idleJobPoll(QueuedThreadPool.java:974)
        at org.eclipse.jetty.util.thread.QueuedThreadPool$Runner.run(QueuedThreadPool.java:1018)
        at java.lang.Thread.run(Thread.java:750)
"qtp648959186-3975" daemon prio=5 tid=3975 timed_waiting
java.lang.Thread.State: TIMED_WAITING
        at sun.misc.Unsafe.park(Native Method)
        at java.util.concurrent.locks.LockSupport.parkNanos(LockSupport.java:215)
        at java.util.concurrent.locks.AbstractQueuedSynchronizer$ConditionObject.awaitNanos(AbstractQueuedSynchronizer.java:2078)
        at org.eclipse.jetty.util.BlockingArrayQueue.poll(BlockingArrayQueue.java:382)
        at org.eclipse.jetty.util.thread.QueuedThreadPool$Runner.idleJobPoll(QueuedThreadPool.java:974)
        at org.eclipse.jetty.util.thread.QueuedThreadPool$Runner.run(QueuedThreadPool.java:1018)
        at java.lang.Thread.run(Thread.java:750)
"Datanode ReportManager Thread - 1" daemon prio=5 tid=5294 in Object.wait()
java.lang.Thread.State: WAITING (on object monitor)
        at sun.misc.Unsafe.park(Native Method)
        at java.util.concurrent.locks.LockSupport.park(LockSupport.java:175)
        at java.util.concurrent.locks.AbstractQueuedSynchronizer$ConditionObject.await(AbstractQueuedSynchronizer.java:2039)
        at java.util.concurrent.ScheduledThreadPoolExecutor$DelayedWorkQueue.take(ScheduledThreadPoolExecutor.java:1088)
        at java.util.concurrent.ScheduledThreadPoolExecutor$DelayedWorkQueue.take(ScheduledThreadPoolExecutor.java:809)
        at java.util.concurrent.ThreadPoolExecutor.getTask(ThreadPoolExecutor.java:1074)
        at java.util.concurrent.ThreadPoolExecutor.runWorker(ThreadPoolExecutor.java:1134)
        at java.util.concurrent.ThreadPoolExecutor$Worker.run(ThreadPoolExecutor.java:624)
        at java.lang.Thread.run(Thread.java:750)
"8dac584f-6024-4576-b5a3-2bef0f48735e-server-thread1" daemon prio=5 tid=6943 timed_waiting
java.lang.Thread.State: TIMED_WAITING
        at sun.misc.Unsafe.park(Native Method)
        at java.util.concurrent.locks.LockSupport.parkNanos(LockSupport.java:215)
        at java.util.concurrent.SynchronousQueue$TransferStack.awaitFulfill(SynchronousQueue.java:460)
        at java.util.concurrent.SynchronousQueue$TransferStack.transfer(SynchronousQueue.java:362)
        at java.util.concurrent.SynchronousQueue.poll(SynchronousQueue.java:941)
        at java.util.concurrent.ThreadPoolExecutor.getTask(ThreadPoolExecutor.java:1073)
        at java.util.concurrent.ThreadPoolExecutor.runWorker(ThreadPoolExecutor.java:1134)
        at java.util.concurrent.ThreadPoolExecutor$Worker.run(ThreadPoolExecutor.java:624)
        at java.lang.Thread.run(Thread.java:750)
"ChunkReader-ELG-0" daemon prio=5 tid=5381 runnable
java.lang.Thread.State: RUNNABLE
        at org.apache.ratis.thirdparty.io.netty.channel.epoll.Native.epollWait(Native Method)
        at org.apache.ratis.thirdparty.io.netty.channel.epoll.Native.epollWait(Native.java:193)
        at org.apache.ratis.thirdparty.io.netty.channel.epoll.Native.epollWait(Native.java:186)
        at org.apache.ratis.thirdparty.io.netty.channel.epoll.EpollEventLoop.epollWaitNoTimerChange(EpollEventLoop.java:290)
        at org.apache.ratis.thirdparty.io.netty.channel.epoll.EpollEventLoop.run(EpollEventLoop.java:347)
        at org.apache.ratis.thirdparty.io.netty.util.concurrent.SingleThreadEventExecutor$4.run(SingleThreadEventExecutor.java:986)
        at org.apache.ratis.thirdparty.io.netty.util.internal.ThreadExecutorMap$2.run(ThreadExecutorMap.java:74)
        at java.lang.Thread.run(Thread.java:750)
"BlockDeletingService#1" daemon prio=5 tid=5330 timed_waiting
java.lang.Thread.State: TIMED_WAITING
        at sun.misc.Unsafe.park(Native Method)
        at java.util.concurrent.locks.LockSupport.parkNanos(LockSupport.java:215)
        at java.util.concurrent.locks.AbstractQueuedSynchronizer$ConditionObject.awaitNanos(AbstractQueuedSynchronizer.java:2078)
        at java.util.concurrent.ScheduledThreadPoolExecutor$DelayedWorkQueue.take(ScheduledThreadPoolExecutor.java:1093)
        at java.util.concurrent.ScheduledThreadPoolExecutor$DelayedWorkQueue.take(ScheduledThreadPoolExecutor.java:809)
        at java.util.concurrent.ThreadPoolExecutor.getTask(ThreadPoolExecutor.java:1074)
        at java.util.concurrent.ThreadPoolExecutor.runWorker(ThreadPoolExecutor.java:1134)
        at java.util.concurrent.ThreadPoolExecutor$Worker.run(ThreadPoolExecutor.java:624)
        at java.lang.Thread.run(Thread.java:750)
"ContainerOp-1a3410dc-4fd6-4954-94c6-9015fb128463-1"  prio=5 tid=6020 in Object.wait()
java.lang.Thread.State: WAITING (on object monitor)
        at sun.misc.Unsafe.park(Native Method)
        at java.util.concurrent.locks.LockSupport.park(LockSupport.java:175)
        at java.util.concurrent.locks.AbstractQueuedSynchronizer$ConditionObject.await(AbstractQueuedSynchronizer.java:2039)
        at java.util.concurrent.LinkedBlockingQueue.take(LinkedBlockingQueue.java:442)
        at java.util.concurrent.ThreadPoolExecutor.getTask(ThreadPoolExecutor.java:1074)
        at java.util.concurrent.ThreadPoolExecutor.runWorker(ThreadPoolExecutor.java:1134)
        at java.util.concurrent.ThreadPoolExecutor$Worker.run(ThreadPoolExecutor.java:624)
        at java.lang.Thread.run(Thread.java:750)
"Session-HouseKeeper-1564d368-1"  prio=5 tid=5157 timed_waiting
java.lang.Thread.State: TIMED_WAITING
        at sun.misc.Unsafe.park(Native Method)
        at java.util.concurrent.locks.LockSupport.parkNanos(LockSupport.java:215)
        at java.util.concurrent.locks.AbstractQueuedSynchronizer$ConditionObject.awaitNanos(AbstractQueuedSynchronizer.java:2078)
        at java.util.concurrent.ScheduledThreadPoolExecutor$DelayedWorkQueue.take(ScheduledThreadPoolExecutor.java:1093)
        at java.util.concurrent.ScheduledThreadPoolExecutor$DelayedWorkQueue.take(ScheduledThreadPoolExecutor.java:809)
        at java.util.concurrent.ThreadPoolExecutor.getTask(ThreadPoolExecutor.java:1074)
        at java.util.concurrent.ThreadPoolExecutor.runWorker(ThreadPoolExecutor.java:1134)
        at java.util.concurrent.ThreadPoolExecutor$Worker.run(ThreadPoolExecutor.java:624)
        at java.lang.Thread.run(Thread.java:750)
"qtp665541217-4954" daemon prio=5 tid=4954 timed_waiting
java.lang.Thread.State: TIMED_WAITING
        at sun.misc.Unsafe.park(Native Method)
        at java.util.concurrent.locks.LockSupport.parkNanos(LockSupport.java:215)
        at java.util.concurrent.locks.AbstractQueuedSynchronizer$ConditionObject.awaitNanos(AbstractQueuedSynchronizer.java:2078)
        at org.eclipse.jetty.util.BlockingArrayQueue.poll(BlockingArrayQueue.java:382)
        at org.eclipse.jetty.util.thread.QueuedThreadPool$Runner.idleJobPoll(QueuedThreadPool.java:974)
        at org.eclipse.jetty.util.thread.QueuedThreadPool$Runner.run(QueuedThreadPool.java:1018)
        at java.lang.Thread.run(Thread.java:750)
"ChunkWriter-3-0" daemon prio=5 tid=5396 in Object.wait()
java.lang.Thread.State: WAITING (on object monitor)
        at sun.misc.Unsafe.park(Native Method)
        at java.util.concurrent.locks.LockSupport.park(LockSupport.java:175)
        at java.util.concurrent.locks.AbstractQueuedSynchronizer$ConditionObject.await(AbstractQueuedSynchronizer.java:2039)
        at java.util.concurrent.LinkedBlockingDeque.takeFirst(LinkedBlockingDeque.java:492)
        at java.util.concurrent.LinkedBlockingDeque.take(LinkedBlockingDeque.java:680)
        at java.util.concurrent.ThreadPoolExecutor.getTask(ThreadPoolExecutor.java:1074)
        at java.util.concurrent.ThreadPoolExecutor.runWorker(ThreadPoolExecutor.java:1134)
        at java.util.concurrent.ThreadPoolExecutor$Worker.run(ThreadPoolExecutor.java:624)
        at java.lang.Thread.run(Thread.java:750)
"BlockDeletingService#0" daemon prio=5 tid=6511 timed_waiting
java.lang.Thread.State: TIMED_WAITING
        at sun.misc.Unsafe.park(Native Method)
        at java.util.concurrent.locks.LockSupport.parkNanos(LockSupport.java:215)
        at java.util.concurrent.locks.AbstractQueuedSynchronizer$ConditionObject.awaitNanos(AbstractQueuedSynchronizer.java:2078)
        at java.util.concurrent.ScheduledThreadPoolExecutor$DelayedWorkQueue.take(ScheduledThreadPoolExecutor.java:1093)
        at java.util.concurrent.ScheduledThreadPoolExecutor$DelayedWorkQueue.take(ScheduledThreadPoolExecutor.java:809)
        at java.util.concurrent.ThreadPoolExecutor.getTask(ThreadPoolExecutor.java:1074)
        at java.util.concurrent.ThreadPoolExecutor.runWorker(ThreadPoolExecutor.java:1134)
        at java.util.concurrent.ThreadPoolExecutor$Worker.run(ThreadPoolExecutor.java:624)
        at java.lang.Thread.run(Thread.java:750)
"StaleRecoveringContainerScrubbingService#1" daemon prio=5 tid=5352 timed_waiting
java.lang.Thread.State: TIMED_WAITING
        at sun.misc.Unsafe.park(Native Method)
        at java.util.concurrent.locks.LockSupport.parkNanos(LockSupport.java:215)
        at java.util.concurrent.locks.AbstractQueuedSynchronizer$ConditionObject.awaitNanos(AbstractQueuedSynchronizer.java:2078)
        at java.util.concurrent.ScheduledThreadPoolExecutor$DelayedWorkQueue.take(ScheduledThreadPoolExecutor.java:1093)
        at java.util.concurrent.ScheduledThreadPoolExecutor$DelayedWorkQueue.take(ScheduledThreadPoolExecutor.java:809)
        at java.util.concurrent.ThreadPoolExecutor.getTask(ThreadPoolExecutor.java:1074)
        at java.util.concurrent.ThreadPoolExecutor.runWorker(ThreadPoolExecutor.java:1134)
        at java.util.concurrent.ThreadPoolExecutor$Worker.run(ThreadPoolExecutor.java:624)
        at java.lang.Thread.run(Thread.java:750)
"Socket Reader #1 for port 0"  prio=5 tid=5815 runnable
java.lang.Thread.State: RUNNABLE
        at sun.nio.ch.EPollArrayWrapper.epollWait(Native Method)
        at sun.nio.ch.EPollArrayWrapper.poll(EPollArrayWrapper.java:269)
        at sun.nio.ch.EPollSelectorImpl.doSelect(EPollSelectorImpl.java:93)
        at sun.nio.ch.SelectorImpl.lockAndDoSelect(SelectorImpl.java:86)
        at sun.nio.ch.SelectorImpl.select(SelectorImpl.java:97)
        at sun.nio.ch.SelectorImpl.select(SelectorImpl.java:101)
        at org.apache.hadoop.ipc.Server$Listener$Reader.doRunLoop(Server.java:1296)
        at org.apache.hadoop.ipc.Server$Listener$Reader.run(Server.java:1275)
"Datanode State Machine Daemon Thread" daemon prio=5 tid=6433 timed_waiting
java.lang.Thread.State: TIMED_WAITING
        at java.lang.Thread.sleep(Native Method)
        at org.apache.hadoop.ozone.container.common.statemachine.DatanodeStateMachine.startStateMachineThread(DatanodeStateMachine.java:313)
        at org.apache.hadoop.ozone.container.common.statemachine.DatanodeStateMachine.lambda$startDaemon$0(DatanodeStateMachine.java:493)
        at org.apache.hadoop.ozone.container.common.statemachine.DatanodeStateMachine$$Lambda$761/216690043.run(Unknown Source)
        at java.lang.Thread.run(Thread.java:750)
"IPC Server handler 10 on default port 43793" daemon prio=5 tid=4605 timed_waiting
java.lang.Thread.State: TIMED_WAITING
        at sun.misc.Unsafe.park(Native Method)
        at java.util.concurrent.locks.LockSupport.parkNanos(LockSupport.java:215)
        at java.util.concurrent.locks.AbstractQueuedSynchronizer$ConditionObject.awaitNanos(AbstractQueuedSynchronizer.java:2078)
        at java.util.concurrent.LinkedBlockingQueue.poll(LinkedBlockingQueue.java:467)
        at org.apache.hadoop.ipc.CallQueueManager.take(CallQueueManager.java:317)
        at org.apache.hadoop.ipc.Server$Handler.run(Server.java:2942)
"IPC Server handler 19 on default port 43303" daemon prio=5 tid=6830 timed_waiting
java.lang.Thread.State: TIMED_WAITING
        at sun.misc.Unsafe.park(Native Method)
        at java.util.concurrent.locks.LockSupport.parkNanos(LockSupport.java:215)
        at java.util.concurrent.locks.AbstractQueuedSynchronizer$ConditionObject.awaitNanos(AbstractQueuedSynchronizer.java:2078)
        at java.util.concurrent.LinkedBlockingQueue.poll(LinkedBlockingQueue.java:467)
        at org.apache.hadoop.ipc.CallQueueManager.take(CallQueueManager.java:317)
        at org.apache.hadoop.ipc.Server$Handler.run(Server.java:2942)
"Session-HouseKeeper-3b9aed0a-1"  prio=5 tid=6352 timed_waiting
java.lang.Thread.State: TIMED_WAITING
        at sun.misc.Unsafe.park(Native Method)
        at java.util.concurrent.locks.LockSupport.parkNanos(LockSupport.java:215)
        at java.util.concurrent.locks.AbstractQueuedSynchronizer$ConditionObject.awaitNanos(AbstractQueuedSynchronizer.java:2078)
        at java.util.concurrent.ScheduledThreadPoolExecutor$DelayedWorkQueue.take(ScheduledThreadPoolExecutor.java:1093)
        at java.util.concurrent.ScheduledThreadPoolExecutor$DelayedWorkQueue.take(ScheduledThreadPoolExecutor.java:809)
        at java.util.concurrent.ThreadPoolExecutor.getTask(ThreadPoolExecutor.java:1074)
        at java.util.concurrent.ThreadPoolExecutor.runWorker(ThreadPoolExecutor.java:1134)
        at java.util.concurrent.ThreadPoolExecutor$Worker.run(ThreadPoolExecutor.java:624)
        at java.lang.Thread.run(Thread.java:750)
"abd8e8e1-9e09-4ec0-a897-8fd48f6e99a3@group-50B708ACB90C-FollowerState" daemon prio=5 tid=6937 timed_waiting
java.lang.Thread.State: TIMED_WAITING
        at java.lang.Thread.sleep(Native Method)
        at java.lang.Thread.sleep(Thread.java:342)
        at java.util.concurrent.TimeUnit.sleep(TimeUnit.java:386)
        at org.apache.ratis.util.TimeDuration.sleep(TimeDuration.java:325)
        at org.apache.ratis.util.TimeDuration.sleep(TimeDuration.java:310)
        at org.apache.ratis.server.impl.FollowerState.run(FollowerState.java:128)
"StaleRecoveringContainerScrubbingService#2" daemon prio=5 tid=5655 in Object.wait()
java.lang.Thread.State: WAITING (on object monitor)
        at sun.misc.Unsafe.park(Native Method)
        at java.util.concurrent.locks.LockSupport.park(LockSupport.java:175)
        at java.util.concurrent.locks.AbstractQueuedSynchronizer$ConditionObject.await(AbstractQueuedSynchronizer.java:2039)
        at java.util.concurrent.ScheduledThreadPoolExecutor$DelayedWorkQueue.take(ScheduledThreadPoolExecutor.java:1088)
        at java.util.concurrent.ScheduledThreadPoolExecutor$DelayedWorkQueue.take(ScheduledThreadPoolExecutor.java:809)
        at java.util.concurrent.ThreadPoolExecutor.getTask(ThreadPoolExecutor.java:1074)
        at java.util.concurrent.ThreadPoolExecutor.runWorker(ThreadPoolExecutor.java:1134)
        at java.util.concurrent.ThreadPoolExecutor$Worker.run(ThreadPoolExecutor.java:624)
        at java.lang.Thread.run(Thread.java:750)
"Datanode State Machine Task Thread - 0"  prio=5 tid=5192 in Object.wait()
java.lang.Thread.State: WAITING (on object monitor)
        at sun.misc.Unsafe.park(Native Method)
        at java.util.concurrent.locks.LockSupport.park(LockSupport.java:175)
        at java.util.concurrent.locks.AbstractQueuedSynchronizer$ConditionObject.await(AbstractQueuedSynchronizer.java:2039)
        at java.util.concurrent.LinkedBlockingQueue.take(LinkedBlockingQueue.java:442)
        at java.util.concurrent.ThreadPoolExecutor.getTask(ThreadPoolExecutor.java:1074)
        at java.util.concurrent.ThreadPoolExecutor.runWorker(ThreadPoolExecutor.java:1134)
        at java.util.concurrent.ThreadPoolExecutor$Worker.run(ThreadPoolExecutor.java:624)
        at java.lang.Thread.run(Thread.java:750)
"IPC Server handler 11 on default port 36781" daemon prio=5 tid=4626 timed_waiting
java.lang.Thread.State: TIMED_WAITING
        at sun.misc.Unsafe.park(Native Method)
        at java.util.concurrent.locks.LockSupport.parkNanos(LockSupport.java:215)
        at java.util.concurrent.locks.AbstractQueuedSynchronizer$ConditionObject.awaitNanos(AbstractQueuedSynchronizer.java:2078)
        at java.util.concurrent.LinkedBlockingQueue.poll(LinkedBlockingQueue.java:467)
        at org.apache.hadoop.ipc.CallQueueManager.take(CallQueueManager.java:317)
        at org.apache.hadoop.ipc.Server$Handler.run(Server.java:2942)
"ChunkWriter-2-0" daemon prio=5 tid=5345 in Object.wait()
java.lang.Thread.State: WAITING (on object monitor)
        at sun.misc.Unsafe.park(Native Method)
        at java.util.concurrent.locks.LockSupport.park(LockSupport.java:175)
        at java.util.concurrent.locks.AbstractQueuedSynchronizer$ConditionObject.await(AbstractQueuedSynchronizer.java:2039)
        at java.util.concurrent.LinkedBlockingDeque.takeFirst(LinkedBlockingDeque.java:492)
        at java.util.concurrent.LinkedBlockingDeque.take(LinkedBlockingDeque.java:680)
        at java.util.concurrent.ThreadPoolExecutor.getTask(ThreadPoolExecutor.java:1074)
        at java.util.concurrent.ThreadPoolExecutor.runWorker(ThreadPoolExecutor.java:1134)
        at java.util.concurrent.ThreadPoolExecutor$Worker.run(ThreadPoolExecutor.java:624)
        at java.lang.Thread.run(Thread.java:750)
"Periodic HDDS volume checker" daemon prio=5 tid=4931 timed_waiting
java.lang.Thread.State: TIMED_WAITING
        at sun.misc.Unsafe.park(Native Method)
        at java.util.concurrent.locks.LockSupport.parkNanos(LockSupport.java:215)
        at java.util.concurrent.locks.AbstractQueuedSynchronizer$ConditionObject.awaitNanos(AbstractQueuedSynchronizer.java:2078)
        at java.util.concurrent.ScheduledThreadPoolExecutor$DelayedWorkQueue.take(ScheduledThreadPoolExecutor.java:1093)
        at java.util.concurrent.ScheduledThreadPoolExecutor$DelayedWorkQueue.take(ScheduledThreadPoolExecutor.java:809)
        at java.util.concurrent.ThreadPoolExecutor.getTask(ThreadPoolExecutor.java:1074)
        at java.util.concurrent.ThreadPoolExecutor.runWorker(ThreadPoolExecutor.java:1134)
        at java.util.concurrent.ThreadPoolExecutor$Worker.run(ThreadPoolExecutor.java:624)
        at java.lang.Thread.run(Thread.java:750)
"qtp648959186-3971" daemon prio=5 tid=3971 timed_waiting
java.lang.Thread.State: TIMED_WAITING
        at sun.misc.Unsafe.park(Native Method)
        at java.util.concurrent.locks.LockSupport.parkNanos(LockSupport.java:215)
        at java.util.concurrent.locks.AbstractQueuedSynchronizer$ConditionObject.awaitNanos(AbstractQueuedSynchronizer.java:2078)
        at org.eclipse.jetty.util.BlockingArrayQueue.poll(BlockingArrayQueue.java:382)
        at org.eclipse.jetty.util.thread.QueuedThreadPool$Runner.idleJobPoll(QueuedThreadPool.java:974)
        at org.eclipse.jetty.util.thread.QueuedThreadPool$Runner.run(QueuedThreadPool.java:1018)
        at java.lang.Thread.run(Thread.java:750)
"qtp204487169-6324" daemon prio=5 tid=6324 timed_waiting
java.lang.Thread.State: TIMED_WAITING
        at sun.misc.Unsafe.park(Native Method)
        at java.util.concurrent.locks.LockSupport.parkNanos(LockSupport.java:215)
        at java.util.concurrent.locks.AbstractQueuedSynchronizer$ConditionObject.awaitNanos(AbstractQueuedSynchronizer.java:2078)
        at org.eclipse.jetty.util.BlockingArrayQueue.poll(BlockingArrayQueue.java:382)
        at org.eclipse.jetty.util.thread.QueuedThreadPool$Runner.idleJobPoll(QueuedThreadPool.java:974)
        at org.eclipse.jetty.util.thread.QueuedThreadPool$Runner.run(QueuedThreadPool.java:1018)
        at java.lang.Thread.run(Thread.java:750)
"IPC Server handler 8 on default port 36781" daemon prio=5 tid=4623 timed_waiting
java.lang.Thread.State: TIMED_WAITING
        at sun.misc.Unsafe.park(Native Method)
        at java.util.concurrent.locks.LockSupport.parkNanos(LockSupport.java:215)
        at java.util.concurrent.locks.AbstractQueuedSynchronizer$ConditionObject.awaitNanos(AbstractQueuedSynchronizer.java:2078)
        at java.util.concurrent.LinkedBlockingQueue.poll(LinkedBlockingQueue.java:467)
        at org.apache.hadoop.ipc.CallQueueManager.take(CallQueueManager.java:317)
        at org.apache.hadoop.ipc.Server$Handler.run(Server.java:2942)
"DataNode DiskChecker thread 0" daemon prio=5 tid=6311 timed_waiting
java.lang.Thread.State: TIMED_WAITING
        at sun.misc.Unsafe.park(Native Method)
        at java.util.concurrent.locks.LockSupport.parkNanos(LockSupport.java:215)
        at java.util.concurrent.SynchronousQueue$TransferStack.awaitFulfill(SynchronousQueue.java:460)
        at java.util.concurrent.SynchronousQueue$TransferStack.transfer(SynchronousQueue.java:362)
        at java.util.concurrent.SynchronousQueue.poll(SynchronousQueue.java:941)
        at java.util.concurrent.ThreadPoolExecutor.getTask(ThreadPoolExecutor.java:1073)
        at java.util.concurrent.ThreadPoolExecutor.runWorker(ThreadPoolExecutor.java:1134)
        at java.util.concurrent.ThreadPoolExecutor$Worker.run(ThreadPoolExecutor.java:624)
        at java.lang.Thread.run(Thread.java:750)
"BlockDeletingService#0" daemon prio=5 tid=6523 timed_waiting
java.lang.Thread.State: TIMED_WAITING
        at sun.misc.Unsafe.park(Native Method)
        at java.util.concurrent.locks.LockSupport.parkNanos(LockSupport.java:215)
        at java.util.concurrent.locks.AbstractQueuedSynchronizer$ConditionObject.awaitNanos(AbstractQueuedSynchronizer.java:2078)
        at java.util.concurrent.ScheduledThreadPoolExecutor$DelayedWorkQueue.take(ScheduledThreadPoolExecutor.java:1093)
        at java.util.concurrent.ScheduledThreadPoolExecutor$DelayedWorkQueue.take(ScheduledThreadPoolExecutor.java:809)
        at java.util.concurrent.ThreadPoolExecutor.getTask(ThreadPoolExecutor.java:1074)
        at java.util.concurrent.ThreadPoolExecutor.runWorker(ThreadPoolExecutor.java:1134)
        at java.util.concurrent.ThreadPoolExecutor$Worker.run(ThreadPoolExecutor.java:624)
        at java.lang.Thread.run(Thread.java:750)
"StaleRecoveringContainerScrubbingService#0" daemon prio=5 tid=6463 timed_waiting
java.lang.Thread.State: TIMED_WAITING
        at sun.misc.Unsafe.park(Native Method)
        at java.util.concurrent.locks.LockSupport.parkNanos(LockSupport.java:215)
        at java.util.concurrent.locks.AbstractQueuedSynchronizer$ConditionObject.awaitNanos(AbstractQueuedSynchronizer.java:2078)
        at java.util.concurrent.ScheduledThreadPoolExecutor$DelayedWorkQueue.take(ScheduledThreadPoolExecutor.java:1093)
        at java.util.concurrent.ScheduledThreadPoolExecutor$DelayedWorkQueue.take(ScheduledThreadPoolExecutor.java:809)
        at java.util.concurrent.ThreadPoolExecutor.getTask(ThreadPoolExecutor.java:1074)
        at java.util.concurrent.ThreadPoolExecutor.runWorker(ThreadPoolExecutor.java:1134)
        at java.util.concurrent.ThreadPoolExecutor$Worker.run(ThreadPoolExecutor.java:624)
        at java.lang.Thread.run(Thread.java:750)
"qtp795168967-6424" daemon prio=5 tid=6424 timed_waiting
java.lang.Thread.State: TIMED_WAITING
        at sun.misc.Unsafe.park(Native Method)
        at java.util.concurrent.locks.LockSupport.parkNanos(LockSupport.java:215)
        at java.util.concurrent.locks.AbstractQueuedSynchronizer$ConditionObject.awaitNanos(AbstractQueuedSynchronizer.java:2078)
        at org.eclipse.jetty.util.BlockingArrayQueue.poll(BlockingArrayQueue.java:382)
        at org.eclipse.jetty.util.thread.QueuedThreadPool$Runner.idleJobPoll(QueuedThreadPool.java:974)
        at org.eclipse.jetty.util.thread.QueuedThreadPool$Runner.run(QueuedThreadPool.java:1018)
        at java.lang.Thread.run(Thread.java:750)
"IPC Server handler 9 on default port 35679" daemon prio=5 tid=5871 timed_waiting
java.lang.Thread.State: TIMED_WAITING
        at sun.misc.Unsafe.park(Native Method)
        at java.util.concurrent.locks.LockSupport.parkNanos(LockSupport.java:215)
        at java.util.concurrent.locks.AbstractQueuedSynchronizer$ConditionObject.awaitNanos(AbstractQueuedSynchronizer.java:2078)
        at java.util.concurrent.LinkedBlockingQueue.poll(LinkedBlockingQueue.java:467)
        at org.apache.hadoop.ipc.CallQueueManager.take(CallQueueManager.java:317)
        at org.apache.hadoop.ipc.Server$Handler.run(Server.java:2942)
"pool-3706-thread-1"  prio=5 tid=6657 in Object.wait()
java.lang.Thread.State: WAITING (on object monitor)
        at sun.misc.Unsafe.park(Native Method)
        at java.util.concurrent.locks.LockSupport.park(LockSupport.java:175)
        at java.util.concurrent.locks.AbstractQueuedSynchronizer$ConditionObject.await(AbstractQueuedSynchronizer.java:2039)
        at java.util.concurrent.LinkedBlockingQueue.take(LinkedBlockingQueue.java:442)
        at java.util.concurrent.ThreadPoolExecutor.getTask(ThreadPoolExecutor.java:1074)
        at java.util.concurrent.ThreadPoolExecutor.runWorker(ThreadPoolExecutor.java:1134)
        at java.util.concurrent.ThreadPoolExecutor$Worker.run(ThreadPoolExecutor.java:624)
        at java.lang.Thread.run(Thread.java:750)
"qtp1623233807-3996" daemon prio=5 tid=3996 runnable
java.lang.Thread.State: RUNNABLE
        at sun.nio.ch.EPollArrayWrapper.epollWait(Native Method)
        at sun.nio.ch.EPollArrayWrapper.poll(EPollArrayWrapper.java:269)
        at sun.nio.ch.EPollSelectorImpl.doSelect(EPollSelectorImpl.java:93)
        at sun.nio.ch.SelectorImpl.lockAndDoSelect(SelectorImpl.java:86)
        at sun.nio.ch.SelectorImpl.select(SelectorImpl.java:97)
        at sun.nio.ch.SelectorImpl.select(SelectorImpl.java:101)
        at org.eclipse.jetty.io.ManagedSelector.nioSelect(ManagedSelector.java:183)
        at org.eclipse.jetty.io.ManagedSelector.select(ManagedSelector.java:190)
        at org.eclipse.jetty.io.ManagedSelector$SelectorProducer.select(ManagedSelector.java:606)
        at org.eclipse.jetty.io.ManagedSelector$SelectorProducer.produce(ManagedSelector.java:543)
        at org.eclipse.jetty.util.thread.strategy.EatWhatYouKill.produceTask(EatWhatYouKill.java:362)
        at org.eclipse.jetty.util.thread.strategy.EatWhatYouKill.doProduce(EatWhatYouKill.java:186)
        at org.eclipse.jetty.util.thread.strategy.EatWhatYouKill.tryProduce(EatWhatYouKill.java:173)
        at org.eclipse.jetty.util.thread.strategy.EatWhatYouKill.produce(EatWhatYouKill.java:137)
        at org.eclipse.jetty.io.ManagedSelector$$Lambda$478/1665851504.run(Unknown Source)
        at org.eclipse.jetty.util.thread.QueuedThreadPool.runJob(QueuedThreadPool.java:883)
        at org.eclipse.jetty.util.thread.QueuedThreadPool$Runner.run(QueuedThreadPool.java:1034)
        at java.lang.Thread.run(Thread.java:750)
"ContainerOp-1a3410dc-4fd6-4954-94c6-9015fb128463-5"  prio=5 tid=6048 in Object.wait()
java.lang.Thread.State: WAITING (on object monitor)
        at sun.misc.Unsafe.park(Native Method)
        at java.util.concurrent.locks.LockSupport.park(LockSupport.java:175)
        at java.util.concurrent.locks.AbstractQueuedSynchronizer$ConditionObject.await(AbstractQueuedSynchronizer.java:2039)
        at java.util.concurrent.LinkedBlockingQueue.take(LinkedBlockingQueue.java:442)
        at java.util.concurrent.ThreadPoolExecutor.getTask(ThreadPoolExecutor.java:1074)
        at java.util.concurrent.ThreadPoolExecutor.runWorker(ThreadPoolExecutor.java:1134)
        at java.util.concurrent.ThreadPoolExecutor$Worker.run(ThreadPoolExecutor.java:624)
        at java.lang.Thread.run(Thread.java:750)
"0e59cd28-e34a-4544-a63c-9bf8db58f2a0@group-AB5A1656456D-StateMachineUpdater" daemon prio=5 tid=4281 timed_waiting
java.lang.Thread.State: TIMED_WAITING
        at sun.misc.Unsafe.park(Native Method)
        at java.util.concurrent.locks.LockSupport.parkNanos(LockSupport.java:215)
        at java.util.concurrent.CompletableFuture$Signaller.block(CompletableFuture.java:1709)
        at java.util.concurrent.ForkJoinPool.managedBlock(ForkJoinPool.java:3323)
        at java.util.concurrent.CompletableFuture.timedGet(CompletableFuture.java:1788)
        at java.util.concurrent.CompletableFuture.get(CompletableFuture.java:1928)
        at org.apache.ratis.util.AwaitForSignal.await(AwaitForSignal.java:56)
        at org.apache.ratis.server.impl.StateMachineUpdater.waitForCommit(StateMachineUpdater.java:207)
        at org.apache.ratis.server.impl.StateMachineUpdater.run(StateMachineUpdater.java:176)
        at java.lang.Thread.run(Thread.java:750)
"org.apache.hadoop.ozone.container.common.statemachine.commandhandler.DeleteBlocksCommandHandler$DeleteCmdWorker@4a3f3067" daemon prio=5 tid=4100 timed_waiting
java.lang.Thread.State: TIMED_WAITING
        at java.lang.Thread.sleep(Native Method)
        at org.apache.hadoop.ozone.container.common.statemachine.commandhandler.DeleteBlocksCommandHandler$DeleteCmdWorker.run(DeleteBlocksCommandHandler.java:183)
        at java.lang.Thread.run(Thread.java:750)
"pool-2868-thread-1"  prio=5 tid=5073 timed_waiting
java.lang.Thread.State: TIMED_WAITING
        at sun.misc.Unsafe.park(Native Method)
        at java.util.concurrent.locks.LockSupport.parkNanos(LockSupport.java:215)
        at java.util.concurrent.locks.AbstractQueuedSynchronizer$ConditionObject.awaitNanos(AbstractQueuedSynchronizer.java:2078)
        at java.util.concurrent.ScheduledThreadPoolExecutor$DelayedWorkQueue.take(ScheduledThreadPoolExecutor.java:1093)
        at java.util.concurrent.ScheduledThreadPoolExecutor$DelayedWorkQueue.take(ScheduledThreadPoolExecutor.java:809)
        at java.util.concurrent.ThreadPoolExecutor.getTask(ThreadPoolExecutor.java:1074)
        at java.util.concurrent.ThreadPoolExecutor.runWorker(ThreadPoolExecutor.java:1134)
        at java.util.concurrent.ThreadPoolExecutor$Worker.run(ThreadPoolExecutor.java:624)
        at java.lang.Thread.run(Thread.java:750)
"qtp1623233807-4003" daemon prio=5 tid=4003 timed_waiting
java.lang.Thread.State: TIMED_WAITING
        at sun.misc.Unsafe.park(Native Method)
        at java.util.concurrent.locks.LockSupport.parkNanos(LockSupport.java:215)
        at java.util.concurrent.locks.AbstractQueuedSynchronizer$ConditionObject.awaitNanos(AbstractQueuedSynchronizer.java:2078)
        at org.eclipse.jetty.util.BlockingArrayQueue.poll(BlockingArrayQueue.java:382)
        at org.eclipse.jetty.util.thread.QueuedThreadPool$Runner.idleJobPoll(QueuedThreadPool.java:974)
        at org.eclipse.jetty.util.thread.QueuedThreadPool$Runner.run(QueuedThreadPool.java:1018)
        at java.lang.Thread.run(Thread.java:750)
"IPC Server handler 12 on default port 35421" daemon prio=5 tid=4587 timed_waiting
java.lang.Thread.State: TIMED_WAITING
        at sun.misc.Unsafe.park(Native Method)
        at java.util.concurrent.locks.LockSupport.parkNanos(LockSupport.java:215)
        at java.util.concurrent.locks.AbstractQueuedSynchronizer$ConditionObject.awaitNanos(AbstractQueuedSynchronizer.java:2078)
        at java.util.concurrent.LinkedBlockingQueue.poll(LinkedBlockingQueue.java:467)
        at org.apache.hadoop.ipc.CallQueueManager.take(CallQueueManager.java:317)
        at org.apache.hadoop.ipc.Server$Handler.run(Server.java:2942)
"pool-2800-thread-1"  prio=5 tid=5016 timed_waiting
java.lang.Thread.State: TIMED_WAITING
        at sun.misc.Unsafe.park(Native Method)
        at java.util.concurrent.locks.LockSupport.parkNanos(LockSupport.java:215)
        at java.util.concurrent.locks.AbstractQueuedSynchronizer$ConditionObject.awaitNanos(AbstractQueuedSynchronizer.java:2078)
        at java.util.concurrent.ScheduledThreadPoolExecutor$DelayedWorkQueue.take(ScheduledThreadPoolExecutor.java:1093)
        at java.util.concurrent.ScheduledThreadPoolExecutor$DelayedWorkQueue.take(ScheduledThreadPoolExecutor.java:809)
        at java.util.concurrent.ThreadPoolExecutor.getTask(ThreadPoolExecutor.java:1074)
        at java.util.concurrent.ThreadPoolExecutor.runWorker(ThreadPoolExecutor.java:1134)
        at java.util.concurrent.ThreadPoolExecutor$Worker.run(ThreadPoolExecutor.java:624)
        at java.lang.Thread.run(Thread.java:750)
"qtp926651341-5282-acceptor-0@3b8e5078-ServerConnector@2831a55c{HTTP/1.1, (http/1.1)}{0.0.0.0:42925}" daemon prio=3 tid=5282 runnable
java.lang.Thread.State: RUNNABLE
        at sun.nio.ch.ServerSocketChannelImpl.accept0(Native Method)
        at sun.nio.ch.ServerSocketChannelImpl.accept(ServerSocketChannelImpl.java:421)
        at sun.nio.ch.ServerSocketChannelImpl.accept(ServerSocketChannelImpl.java:249)
        at org.eclipse.jetty.server.ServerConnector.accept(ServerConnector.java:388)
        at org.eclipse.jetty.server.AbstractConnector$Acceptor.run(AbstractConnector.java:702)
        at org.eclipse.jetty.util.thread.QueuedThreadPool.runJob(QueuedThreadPool.java:883)
        at org.eclipse.jetty.util.thread.QueuedThreadPool$Runner.run(QueuedThreadPool.java:1034)
        at java.lang.Thread.run(Thread.java:750)
"a8646fa7-c93a-4970-85e6-ca9f51725932@group-9195398C66BE-LeaderStateImpl" daemon prio=5 tid=5583 timed_waiting
java.lang.Thread.State: TIMED_WAITING
        at sun.misc.Unsafe.park(Native Method)
        at java.util.concurrent.locks.LockSupport.parkNanos(LockSupport.java:215)
        at java.util.concurrent.locks.AbstractQueuedSynchronizer$ConditionObject.awaitNanos(AbstractQueuedSynchronizer.java:2078)
        at java.util.concurrent.ArrayBlockingQueue.poll(ArrayBlockingQueue.java:418)
        at org.apache.ratis.server.impl.LeaderStateImpl$EventQueue.poll(LeaderStateImpl.java:159)
        at org.apache.ratis.server.impl.LeaderStateImpl$EventProcessor.run(LeaderStateImpl.java:630)
"IPC Server handler 13 on default port 35863" daemon prio=5 tid=5895 timed_waiting
java.lang.Thread.State: TIMED_WAITING
        at sun.misc.Unsafe.park(Native Method)
        at java.util.concurrent.locks.LockSupport.parkNanos(LockSupport.java:215)
        at java.util.concurrent.locks.AbstractQueuedSynchronizer$ConditionObject.awaitNanos(AbstractQueuedSynchronizer.java:2078)
        at java.util.concurrent.LinkedBlockingQueue.poll(LinkedBlockingQueue.java:467)
        at org.apache.hadoop.ipc.CallQueueManager.take(CallQueueManager.java:317)
        at org.apache.hadoop.ipc.Server$Handler.run(Server.java:2942)
"Datanode State Machine Daemon Thread" daemon prio=5 tid=5251 timed_waiting
java.lang.Thread.State: TIMED_WAITING
        at java.lang.Thread.sleep(Native Method)
        at org.apache.hadoop.ozone.container.common.statemachine.DatanodeStateMachine.startStateMachineThread(DatanodeStateMachine.java:313)
        at org.apache.hadoop.ozone.container.common.statemachine.DatanodeStateMachine.lambda$startDaemon$0(DatanodeStateMachine.java:493)
        at org.apache.hadoop.ozone.container.common.statemachine.DatanodeStateMachine$$Lambda$761/216690043.run(Unknown Source)
        at java.lang.Thread.run(Thread.java:750)
"Datanode ReportManager Thread - 2" daemon prio=5 tid=5048 in Object.wait()
java.lang.Thread.State: WAITING (on object monitor)
        at sun.misc.Unsafe.park(Native Method)
        at java.util.concurrent.locks.LockSupport.park(LockSupport.java:175)
        at java.util.concurrent.locks.AbstractQueuedSynchronizer$ConditionObject.await(AbstractQueuedSynchronizer.java:2039)
        at java.util.concurrent.ScheduledThreadPoolExecutor$DelayedWorkQueue.take(ScheduledThreadPoolExecutor.java:1088)
        at java.util.concurrent.ScheduledThreadPoolExecutor$DelayedWorkQueue.take(ScheduledThreadPoolExecutor.java:809)
        at java.util.concurrent.ThreadPoolExecutor.getTask(ThreadPoolExecutor.java:1074)
        at java.util.concurrent.ThreadPoolExecutor.runWorker(ThreadPoolExecutor.java:1134)
        at java.util.concurrent.ThreadPoolExecutor$Worker.run(ThreadPoolExecutor.java:624)
        at java.lang.Thread.run(Thread.java:750)
"ChunkWriter-2-0" daemon prio=5 tid=5265 in Object.wait()
java.lang.Thread.State: WAITING (on object monitor)
        at sun.misc.Unsafe.park(Native Method)
        at java.util.concurrent.locks.LockSupport.park(LockSupport.java:175)
        at java.util.concurrent.locks.AbstractQueuedSynchronizer$ConditionObject.await(AbstractQueuedSynchronizer.java:2039)
        at java.util.concurrent.LinkedBlockingDeque.takeFirst(LinkedBlockingDeque.java:492)
        at java.util.concurrent.LinkedBlockingDeque.take(LinkedBlockingDeque.java:680)
        at java.util.concurrent.ThreadPoolExecutor.getTask(ThreadPoolExecutor.java:1074)
        at java.util.concurrent.ThreadPoolExecutor.runWorker(ThreadPoolExecutor.java:1134)
        at java.util.concurrent.ThreadPoolExecutor$Worker.run(ThreadPoolExecutor.java:624)
        at java.lang.Thread.run(Thread.java:750)
"IPC Server handler 16 on default port 40471" daemon prio=5 tid=6807 timed_waiting
java.lang.Thread.State: TIMED_WAITING
        at sun.misc.Unsafe.park(Native Method)
        at java.util.concurrent.locks.LockSupport.parkNanos(LockSupport.java:215)
        at java.util.concurrent.locks.AbstractQueuedSynchronizer$ConditionObject.awaitNanos(AbstractQueuedSynchronizer.java:2078)
        at java.util.concurrent.LinkedBlockingQueue.poll(LinkedBlockingQueue.java:467)
        at org.apache.hadoop.ipc.CallQueueManager.take(CallQueueManager.java:317)
        at org.apache.hadoop.ipc.Server$Handler.run(Server.java:2942)
"org.apache.hadoop.ozone.container.common.statemachine.commandhandler.DeleteBlocksCommandHandler$DeleteCmdWorker@7bc32d3b" daemon prio=5 tid=6419 timed_waiting
java.lang.Thread.State: TIMED_WAITING
        at java.lang.Thread.sleep(Native Method)
        at org.apache.hadoop.ozone.container.common.statemachine.commandhandler.DeleteBlocksCommandHandler$DeleteCmdWorker.run(DeleteBlocksCommandHandler.java:183)
        at java.lang.Thread.run(Thread.java:750)
"StaleRecoveringContainerScrubbingService#1" daemon prio=5 tid=5385 timed_waiting
java.lang.Thread.State: TIMED_WAITING
        at sun.misc.Unsafe.park(Native Method)
        at java.util.concurrent.locks.LockSupport.parkNanos(LockSupport.java:215)
        at java.util.concurrent.locks.AbstractQueuedSynchronizer$ConditionObject.awaitNanos(AbstractQueuedSynchronizer.java:2078)
        at java.util.concurrent.ScheduledThreadPoolExecutor$DelayedWorkQueue.take(ScheduledThreadPoolExecutor.java:1093)
        at java.util.concurrent.ScheduledThreadPoolExecutor$DelayedWorkQueue.take(ScheduledThreadPoolExecutor.java:809)
        at java.util.concurrent.ThreadPoolExecutor.getTask(ThreadPoolExecutor.java:1074)
        at java.util.concurrent.ThreadPoolExecutor.runWorker(ThreadPoolExecutor.java:1134)
        at java.util.concurrent.ThreadPoolExecutor$Worker.run(ThreadPoolExecutor.java:624)
        at java.lang.Thread.run(Thread.java:750)
"ChunkWriter-1-0" daemon prio=5 tid=5358 in Object.wait()
java.lang.Thread.State: WAITING (on object monitor)
        at sun.misc.Unsafe.park(Native Method)
        at java.util.concurrent.locks.LockSupport.park(LockSupport.java:175)
        at java.util.concurrent.locks.AbstractQueuedSynchronizer$ConditionObject.await(AbstractQueuedSynchronizer.java:2039)
        at java.util.concurrent.LinkedBlockingDeque.takeFirst(LinkedBlockingDeque.java:492)
        at java.util.concurrent.LinkedBlockingDeque.take(LinkedBlockingDeque.java:680)
        at java.util.concurrent.ThreadPoolExecutor.getTask(ThreadPoolExecutor.java:1074)
        at java.util.concurrent.ThreadPoolExecutor.runWorker(ThreadPoolExecutor.java:1134)
        at java.util.concurrent.ThreadPoolExecutor$Worker.run(ThreadPoolExecutor.java:624)
        at java.lang.Thread.run(Thread.java:750)
"EventQueue-NodeRegistrationContainerReportForDataNodeSafeModeRule" daemon prio=5 tid=5370 in Object.wait()
java.lang.Thread.State: WAITING (on object monitor)
        at sun.misc.Unsafe.park(Native Method)
        at java.util.concurrent.locks.LockSupport.park(LockSupport.java:175)
        at java.util.concurrent.locks.AbstractQueuedSynchronizer$ConditionObject.await(AbstractQueuedSynchronizer.java:2039)
        at java.util.concurrent.LinkedBlockingQueue.take(LinkedBlockingQueue.java:442)
        at java.util.concurrent.ThreadPoolExecutor.getTask(ThreadPoolExecutor.java:1074)
        at java.util.concurrent.ThreadPoolExecutor.runWorker(ThreadPoolExecutor.java:1134)
        at java.util.concurrent.ThreadPoolExecutor$Worker.run(ThreadPoolExecutor.java:624)
        at java.lang.Thread.run(Thread.java:750)
"DatanodeAdminManager-0" daemon prio=5 tid=5813 timed_waiting
java.lang.Thread.State: TIMED_WAITING
        at sun.misc.Unsafe.park(Native Method)
        at java.util.concurrent.locks.LockSupport.parkNanos(LockSupport.java:215)
        at java.util.concurrent.locks.AbstractQueuedSynchronizer$ConditionObject.awaitNanos(AbstractQueuedSynchronizer.java:2078)
        at java.util.concurrent.ScheduledThreadPoolExecutor$DelayedWorkQueue.take(ScheduledThreadPoolExecutor.java:1093)
        at java.util.concurrent.ScheduledThreadPoolExecutor$DelayedWorkQueue.take(ScheduledThreadPoolExecutor.java:809)
        at java.util.concurrent.ThreadPoolExecutor.getTask(ThreadPoolExecutor.java:1074)
        at java.util.concurrent.ThreadPoolExecutor.runWorker(ThreadPoolExecutor.java:1134)
        at java.util.concurrent.ThreadPoolExecutor$Worker.run(ThreadPoolExecutor.java:624)
        at java.lang.Thread.run(Thread.java:750)
"859fee52-0ce0-4420-ab82-e0e92b354dcb@group-CC9DE397F5A0-LeaderStateImpl" daemon prio=5 tid=4339 timed_waiting
java.lang.Thread.State: TIMED_WAITING
        at sun.misc.Unsafe.park(Native Method)
        at java.util.concurrent.locks.LockSupport.parkNanos(LockSupport.java:215)
        at java.util.concurrent.locks.AbstractQueuedSynchronizer$ConditionObject.awaitNanos(AbstractQueuedSynchronizer.java:2078)
        at java.util.concurrent.ArrayBlockingQueue.poll(ArrayBlockingQueue.java:418)
        at org.apache.ratis.server.impl.LeaderStateImpl$EventQueue.poll(LeaderStateImpl.java:159)
        at org.apache.ratis.server.impl.LeaderStateImpl$EventProcessor.run(LeaderStateImpl.java:630)
"qtp1307868917-5223-acceptor-0@1e3eaad9-ServerConnector@2b38bf7{HTTP/1.1, (http/1.1)}{0.0.0.0:36047}" daemon prio=3 tid=5223 runnable
java.lang.Thread.State: RUNNABLE
        at sun.nio.ch.ServerSocketChannelImpl.accept0(Native Method)
        at sun.nio.ch.ServerSocketChannelImpl.accept(ServerSocketChannelImpl.java:421)
        at sun.nio.ch.ServerSocketChannelImpl.accept(ServerSocketChannelImpl.java:249)
        at org.eclipse.jetty.server.ServerConnector.accept(ServerConnector.java:388)
        at org.eclipse.jetty.server.AbstractConnector$Acceptor.run(AbstractConnector.java:702)
        at org.eclipse.jetty.util.thread.QueuedThreadPool.runJob(QueuedThreadPool.java:883)
        at org.eclipse.jetty.util.thread.QueuedThreadPool$Runner.run(QueuedThreadPool.java:1034)
        at java.lang.Thread.run(Thread.java:750)
"qtp2096450185-5319" daemon prio=5 tid=5319 timed_waiting
java.lang.Thread.State: TIMED_WAITING
        at sun.misc.Unsafe.park(Native Method)
        at java.util.concurrent.locks.LockSupport.parkNanos(LockSupport.java:215)
        at java.util.concurrent.locks.AbstractQueuedSynchronizer$ConditionObject.awaitNanos(AbstractQueuedSynchronizer.java:2078)
        at org.eclipse.jetty.util.BlockingArrayQueue.poll(BlockingArrayQueue.java:382)
        at org.eclipse.jetty.util.thread.QueuedThreadPool$Runner.idleJobPoll(QueuedThreadPool.java:974)
        at org.eclipse.jetty.util.thread.QueuedThreadPool$Runner.run(QueuedThreadPool.java:1018)
        at java.lang.Thread.run(Thread.java:750)
"qtp1826924318-6101" daemon prio=5 tid=6101 timed_waiting
java.lang.Thread.State: TIMED_WAITING
        at sun.misc.Unsafe.park(Native Method)
        at java.util.concurrent.locks.LockSupport.parkNanos(LockSupport.java:215)
        at java.util.concurrent.locks.AbstractQueuedSynchronizer$ConditionObject.awaitNanos(AbstractQueuedSynchronizer.java:2078)
        at org.eclipse.jetty.util.BlockingArrayQueue.poll(BlockingArrayQueue.java:382)
        at org.eclipse.jetty.util.thread.QueuedThreadPool$Runner.idleJobPoll(QueuedThreadPool.java:974)
        at org.eclipse.jetty.util.thread.QueuedThreadPool$Runner.run(QueuedThreadPool.java:1018)
        at java.lang.Thread.run(Thread.java:750)
"ChunkReader-ELG-0" daemon prio=5 tid=6461 runnable
java.lang.Thread.State: RUNNABLE
        at org.apache.ratis.thirdparty.io.netty.channel.epoll.Native.epollWait(Native Method)
        at org.apache.ratis.thirdparty.io.netty.channel.epoll.Native.epollWait(Native.java:193)
        at org.apache.ratis.thirdparty.io.netty.channel.epoll.Native.epollWait(Native.java:186)
        at org.apache.ratis.thirdparty.io.netty.channel.epoll.EpollEventLoop.epollWaitNoTimerChange(EpollEventLoop.java:290)
        at org.apache.ratis.thirdparty.io.netty.channel.epoll.EpollEventLoop.run(EpollEventLoop.java:347)
        at org.apache.ratis.thirdparty.io.netty.util.concurrent.SingleThreadEventExecutor$4.run(SingleThreadEventExecutor.java:986)
        at org.apache.ratis.thirdparty.io.netty.util.internal.ThreadExecutorMap$2.run(ThreadExecutorMap.java:74)
        at java.lang.Thread.run(Thread.java:750)
"Datanode ReportManager Thread - 3" daemon prio=5 tid=5296 in Object.wait()
java.lang.Thread.State: WAITING (on object monitor)
        at sun.misc.Unsafe.park(Native Method)
        at java.util.concurrent.locks.LockSupport.park(LockSupport.java:175)
        at java.util.concurrent.locks.AbstractQueuedSynchronizer$ConditionObject.await(AbstractQueuedSynchronizer.java:2039)
        at java.util.concurrent.ScheduledThreadPoolExecutor$DelayedWorkQueue.take(ScheduledThreadPoolExecutor.java:1088)
        at java.util.concurrent.ScheduledThreadPoolExecutor$DelayedWorkQueue.take(ScheduledThreadPoolExecutor.java:809)
        at java.util.concurrent.ThreadPoolExecutor.getTask(ThreadPoolExecutor.java:1074)
        at java.util.concurrent.ThreadPoolExecutor.runWorker(ThreadPoolExecutor.java:1134)
        at java.util.concurrent.ThreadPoolExecutor$Worker.run(ThreadPoolExecutor.java:624)
        at java.lang.Thread.run(Thread.java:750)
"IPC Server handler 4 on default port 43793" daemon prio=5 tid=4599 timed_waiting
java.lang.Thread.State: TIMED_WAITING
        at sun.misc.Unsafe.park(Native Method)
        at java.util.concurrent.locks.LockSupport.parkNanos(LockSupport.java:215)
        at java.util.concurrent.locks.AbstractQueuedSynchronizer$ConditionObject.awaitNanos(AbstractQueuedSynchronizer.java:2078)
        at java.util.concurrent.LinkedBlockingQueue.poll(LinkedBlockingQueue.java:467)
        at org.apache.hadoop.ipc.CallQueueManager.take(CallQueueManager.java:317)
        at org.apache.hadoop.ipc.Server$Handler.run(Server.java:2942)
"8734203a-70d5-40c1-ad48-a2d447aaef1c@group-FCBD4FB1A539-LeaderStateImpl" daemon prio=5 tid=6761 timed_waiting
java.lang.Thread.State: TIMED_WAITING
        at sun.misc.Unsafe.park(Native Method)
        at java.util.concurrent.locks.LockSupport.parkNanos(LockSupport.java:215)
        at java.util.concurrent.locks.AbstractQueuedSynchronizer$ConditionObject.awaitNanos(AbstractQueuedSynchronizer.java:2078)
        at java.util.concurrent.ArrayBlockingQueue.poll(ArrayBlockingQueue.java:418)
        at org.apache.ratis.server.impl.LeaderStateImpl$EventQueue.poll(LeaderStateImpl.java:159)
        at org.apache.ratis.server.impl.LeaderStateImpl$EventProcessor.run(LeaderStateImpl.java:630)
"qtp443038314-6260-acceptor-0@2feaf6c9-ServerConnector@15da161{HTTP/1.1, (http/1.1)}{0.0.0.0:36555}" daemon prio=3 tid=6260 runnable
java.lang.Thread.State: RUNNABLE
        at sun.nio.ch.ServerSocketChannelImpl.accept0(Native Method)
        at sun.nio.ch.ServerSocketChannelImpl.accept(ServerSocketChannelImpl.java:421)
        at sun.nio.ch.ServerSocketChannelImpl.accept(ServerSocketChannelImpl.java:249)
        at org.eclipse.jetty.server.ServerConnector.accept(ServerConnector.java:388)
        at org.eclipse.jetty.server.AbstractConnector$Acceptor.run(AbstractConnector.java:702)
        at org.eclipse.jetty.util.thread.QueuedThreadPool.runJob(QueuedThreadPool.java:883)
        at org.eclipse.jetty.util.thread.QueuedThreadPool$Runner.run(QueuedThreadPool.java:1034)
        at java.lang.Thread.run(Thread.java:750)
"0e59cd28-e34a-4544-a63c-9bf8db58f2a0-client-thread1" daemon prio=5 tid=6001 timed_waiting
java.lang.Thread.State: TIMED_WAITING
        at sun.misc.Unsafe.park(Native Method)
        at java.util.concurrent.locks.LockSupport.parkNanos(LockSupport.java:215)
        at java.util.concurrent.SynchronousQueue$TransferStack.awaitFulfill(SynchronousQueue.java:460)
        at java.util.concurrent.SynchronousQueue$TransferStack.transfer(SynchronousQueue.java:362)
        at java.util.concurrent.SynchronousQueue.poll(SynchronousQueue.java:941)
        at java.util.concurrent.ThreadPoolExecutor.getTask(ThreadPoolExecutor.java:1073)
        at java.util.concurrent.ThreadPoolExecutor.runWorker(ThreadPoolExecutor.java:1134)
        at java.util.concurrent.ThreadPoolExecutor$Worker.run(ThreadPoolExecutor.java:624)
        at java.lang.Thread.run(Thread.java:750)
"e914e15b-3be6-457d-9bb6-bef1feb71ba6@group-E23640D80DD8-SegmentedRaftLogWorker"  prio=5 tid=5473 timed_waiting
java.lang.Thread.State: TIMED_WAITING
        at sun.misc.Unsafe.park(Native Method)
        at java.util.concurrent.locks.LockSupport.parkNanos(LockSupport.java:215)
        at java.util.concurrent.locks.AbstractQueuedSynchronizer$ConditionObject.awaitNanos(AbstractQueuedSynchronizer.java:2078)
        at org.apache.ratis.util.DataBlockingQueue.poll(DataBlockingQueue.java:148)
        at org.apache.ratis.server.raftlog.segmented.SegmentedRaftLogWorker.run(SegmentedRaftLogWorker.java:301)
        at org.apache.ratis.server.raftlog.segmented.SegmentedRaftLogWorker$$Lambda$646/1639153477.run(Unknown Source)
        at java.lang.Thread.run(Thread.java:750)
"EndpointStateMachine task thread for /0.0.0.0:36781 - 0 "  prio=5 tid=5375 in Object.wait()
java.lang.Thread.State: WAITING (on object monitor)
        at sun.misc.Unsafe.park(Native Method)
        at java.util.concurrent.locks.LockSupport.park(LockSupport.java:175)
        at java.util.concurrent.locks.AbstractQueuedSynchronizer$ConditionObject.await(AbstractQueuedSynchronizer.java:2039)
        at java.util.concurrent.LinkedBlockingQueue.take(LinkedBlockingQueue.java:442)
        at java.util.concurrent.ThreadPoolExecutor.getTask(ThreadPoolExecutor.java:1074)
        at java.util.concurrent.ThreadPoolExecutor.runWorker(ThreadPoolExecutor.java:1134)
        at java.util.concurrent.ThreadPoolExecutor$Worker.run(ThreadPoolExecutor.java:624)
        at java.lang.Thread.run(Thread.java:750)
"IPC Server handler 15 on default port 42971" daemon prio=5 tid=6846 timed_waiting
java.lang.Thread.State: TIMED_WAITING
        at sun.misc.Unsafe.park(Native Method)
        at java.util.concurrent.locks.LockSupport.parkNanos(LockSupport.java:215)
        at java.util.concurrent.locks.AbstractQueuedSynchronizer$ConditionObject.awaitNanos(AbstractQueuedSynchronizer.java:2078)
        at java.util.concurrent.LinkedBlockingQueue.poll(LinkedBlockingQueue.java:467)
        at org.apache.hadoop.ipc.CallQueueManager.take(CallQueueManager.java:317)
        at org.apache.hadoop.ipc.Server$Handler.run(Server.java:2942)
"Datanode ReportManager Thread - 2" daemon prio=5 tid=4052 in Object.wait()
java.lang.Thread.State: WAITING (on object monitor)
        at sun.misc.Unsafe.park(Native Method)
        at java.util.concurrent.locks.LockSupport.park(LockSupport.java:175)
        at java.util.concurrent.locks.AbstractQueuedSynchronizer$ConditionObject.await(AbstractQueuedSynchronizer.java:2039)
        at java.util.concurrent.ScheduledThreadPoolExecutor$DelayedWorkQueue.take(ScheduledThreadPoolExecutor.java:1088)
        at java.util.concurrent.ScheduledThreadPoolExecutor$DelayedWorkQueue.take(ScheduledThreadPoolExecutor.java:809)
        at java.util.concurrent.ThreadPoolExecutor.getTask(ThreadPoolExecutor.java:1074)
        at java.util.concurrent.ThreadPoolExecutor.runWorker(ThreadPoolExecutor.java:1134)
        at java.util.concurrent.ThreadPoolExecutor$Worker.run(ThreadPoolExecutor.java:624)
        at java.lang.Thread.run(Thread.java:750)
"PartialTableCache Cleanup Thread - 0" daemon prio=5 tid=3472 in Object.wait()
java.lang.Thread.State: WAITING (on object monitor)
        at sun.misc.Unsafe.park(Native Method)
        at java.util.concurrent.locks.LockSupport.park(LockSupport.java:175)
        at java.util.concurrent.locks.AbstractQueuedSynchronizer$ConditionObject.await(AbstractQueuedSynchronizer.java:2039)
        at java.util.concurrent.LinkedBlockingQueue.take(LinkedBlockingQueue.java:442)
        at java.util.concurrent.ThreadPoolExecutor.getTask(ThreadPoolExecutor.java:1074)
        at java.util.concurrent.ThreadPoolExecutor.runWorker(ThreadPoolExecutor.java:1134)
        at java.util.concurrent.ThreadPoolExecutor$Worker.run(ThreadPoolExecutor.java:624)
        at java.lang.Thread.run(Thread.java:750)
"StaleRecoveringContainerScrubbingService#2" daemon prio=5 tid=5681 in Object.wait()
java.lang.Thread.State: WAITING (on object monitor)
        at sun.misc.Unsafe.park(Native Method)
        at java.util.concurrent.locks.LockSupport.park(LockSupport.java:175)
        at java.util.concurrent.locks.AbstractQueuedSynchronizer$ConditionObject.await(AbstractQueuedSynchronizer.java:2039)
        at java.util.concurrent.ScheduledThreadPoolExecutor$DelayedWorkQueue.take(ScheduledThreadPoolExecutor.java:1088)
        at java.util.concurrent.ScheduledThreadPoolExecutor$DelayedWorkQueue.take(ScheduledThreadPoolExecutor.java:809)
        at java.util.concurrent.ThreadPoolExecutor.getTask(ThreadPoolExecutor.java:1074)
        at java.util.concurrent.ThreadPoolExecutor.runWorker(ThreadPoolExecutor.java:1134)
        at java.util.concurrent.ThreadPoolExecutor$Worker.run(ThreadPoolExecutor.java:624)
        at java.lang.Thread.run(Thread.java:750)
"ChunkReader-ELG-0" daemon prio=5 tid=4202 runnable
java.lang.Thread.State: RUNNABLE
        at org.apache.ratis.thirdparty.io.netty.channel.epoll.Native.epollWait(Native Method)
        at org.apache.ratis.thirdparty.io.netty.channel.epoll.Native.epollWait(Native.java:193)
        at org.apache.ratis.thirdparty.io.netty.channel.epoll.Native.epollWait(Native.java:186)
        at org.apache.ratis.thirdparty.io.netty.channel.epoll.EpollEventLoop.epollWaitNoTimerChange(EpollEventLoop.java:290)
        at org.apache.ratis.thirdparty.io.netty.channel.epoll.EpollEventLoop.run(EpollEventLoop.java:347)
        at org.apache.ratis.thirdparty.io.netty.util.concurrent.SingleThreadEventExecutor$4.run(SingleThreadEventExecutor.java:986)
        at org.apache.ratis.thirdparty.io.netty.util.internal.ThreadExecutorMap$2.run(ThreadExecutorMap.java:74)
        at java.lang.Thread.run(Thread.java:750)
"ChunkWriter-1-0" daemon prio=5 tid=5394 in Object.wait()
java.lang.Thread.State: WAITING (on object monitor)
        at sun.misc.Unsafe.park(Native Method)
        at java.util.concurrent.locks.LockSupport.park(LockSupport.java:175)
        at java.util.concurrent.locks.AbstractQueuedSynchronizer$ConditionObject.await(AbstractQueuedSynchronizer.java:2039)
        at java.util.concurrent.LinkedBlockingDeque.takeFirst(LinkedBlockingDeque.java:492)
        at java.util.concurrent.LinkedBlockingDeque.take(LinkedBlockingDeque.java:680)
        at java.util.concurrent.ThreadPoolExecutor.getTask(ThreadPoolExecutor.java:1074)
        at java.util.concurrent.ThreadPoolExecutor.runWorker(ThreadPoolExecutor.java:1134)
        at java.util.concurrent.ThreadPoolExecutor$Worker.run(ThreadPoolExecutor.java:624)
        at java.lang.Thread.run(Thread.java:750)
"IPC Server handler 15 on default port 35679" daemon prio=5 tid=5877 timed_waiting
java.lang.Thread.State: TIMED_WAITING
        at sun.misc.Unsafe.park(Native Method)
        at java.util.concurrent.locks.LockSupport.parkNanos(LockSupport.java:215)
        at java.util.concurrent.locks.AbstractQueuedSynchronizer$ConditionObject.awaitNanos(AbstractQueuedSynchronizer.java:2078)
        at java.util.concurrent.LinkedBlockingQueue.poll(LinkedBlockingQueue.java:467)
        at org.apache.hadoop.ipc.CallQueueManager.take(CallQueueManager.java:317)
        at org.apache.hadoop.ipc.Server$Handler.run(Server.java:2942)
"qtp2096450185-5315-acceptor-0@786bb561-ServerConnector@4ea11b49{HTTP/1.1, (http/1.1)}{0.0.0.0:36201}" daemon prio=3 tid=5315 runnable
java.lang.Thread.State: RUNNABLE
        at sun.nio.ch.ServerSocketChannelImpl.accept0(Native Method)
        at sun.nio.ch.ServerSocketChannelImpl.accept(ServerSocketChannelImpl.java:421)
        at sun.nio.ch.ServerSocketChannelImpl.accept(ServerSocketChannelImpl.java:249)
        at org.eclipse.jetty.server.ServerConnector.accept(ServerConnector.java:388)
        at org.eclipse.jetty.server.AbstractConnector$Acceptor.run(AbstractConnector.java:702)
        at org.eclipse.jetty.util.thread.QueuedThreadPool.runJob(QueuedThreadPool.java:883)
        at org.eclipse.jetty.util.thread.QueuedThreadPool$Runner.run(QueuedThreadPool.java:1034)
        at java.lang.Thread.run(Thread.java:750)
"IPC Server handler 7 on default port 35375" daemon prio=5 tid=4883 timed_waiting
java.lang.Thread.State: TIMED_WAITING
        at sun.misc.Unsafe.park(Native Method)
        at java.util.concurrent.locks.LockSupport.parkNanos(LockSupport.java:215)
        at java.util.concurrent.locks.AbstractQueuedSynchronizer$ConditionObject.awaitNanos(AbstractQueuedSynchronizer.java:2078)
        at java.util.concurrent.LinkedBlockingQueue.poll(LinkedBlockingQueue.java:467)
        at org.apache.hadoop.ipc.CallQueueManager.take(CallQueueManager.java:317)
        at org.apache.hadoop.ipc.Server$Handler.run(Server.java:2942)
"org.apache.ratis.util.JvmPauseMonitor$$Lambda$718/783493338@378274be" daemon prio=5 tid=6476 timed_waiting
java.lang.Thread.State: TIMED_WAITING
        at java.lang.Thread.sleep(Native Method)
        at java.lang.Thread.sleep(Thread.java:342)
        at java.util.concurrent.TimeUnit.sleep(TimeUnit.java:386)
        at org.apache.ratis.util.TimeDuration.sleep(TimeDuration.java:325)
        at org.apache.ratis.util.TimeDuration.sleep(TimeDuration.java:310)
        at org.apache.ratis.util.JvmPauseMonitor.detectPause(JvmPauseMonitor.java:117)
        at org.apache.ratis.util.JvmPauseMonitor.run(JvmPauseMonitor.java:106)
        at org.apache.ratis.util.JvmPauseMonitor$$Lambda$718/783493338.run(Unknown Source)
        at java.lang.Thread.run(Thread.java:750)
"35429393-00b4-4ffa-a437-723b6b48652e@group-8C1DE3C4B685-LeaderStateImpl" daemon prio=5 tid=6885 timed_waiting
java.lang.Thread.State: TIMED_WAITING
        at sun.misc.Unsafe.park(Native Method)
        at java.util.concurrent.locks.LockSupport.parkNanos(LockSupport.java:215)
        at java.util.concurrent.locks.AbstractQueuedSynchronizer$ConditionObject.awaitNanos(AbstractQueuedSynchronizer.java:2078)
        at java.util.concurrent.ArrayBlockingQueue.poll(ArrayBlockingQueue.java:418)
        at org.apache.ratis.server.impl.LeaderStateImpl$EventQueue.poll(LeaderStateImpl.java:159)
        at org.apache.ratis.server.impl.LeaderStateImpl$EventProcessor.run(LeaderStateImpl.java:630)
"qtp795168967-6422-acceptor-0@7834760e-ServerConnector@7ec6b7a7{HTTP/1.1, (http/1.1)}{0.0.0.0:33563}" daemon prio=3 tid=6422 runnable
java.lang.Thread.State: RUNNABLE
        at sun.nio.ch.ServerSocketChannelImpl.accept0(Native Method)
        at sun.nio.ch.ServerSocketChannelImpl.accept(ServerSocketChannelImpl.java:421)
        at sun.nio.ch.ServerSocketChannelImpl.accept(ServerSocketChannelImpl.java:249)
        at org.eclipse.jetty.server.ServerConnector.accept(ServerConnector.java:388)
        at org.eclipse.jetty.server.AbstractConnector$Acceptor.run(AbstractConnector.java:702)
        at org.eclipse.jetty.util.thread.QueuedThreadPool.runJob(QueuedThreadPool.java:883)
        at org.eclipse.jetty.util.thread.QueuedThreadPool$Runner.run(QueuedThreadPool.java:1034)
        at java.lang.Thread.run(Thread.java:750)
"qtp114670926-4074-acceptor-0@7189f8b7-ServerConnector@3086d363{HTTP/1.1, (http/1.1)}{0.0.0.0:37331}" daemon prio=3 tid=4074 runnable
java.lang.Thread.State: RUNNABLE
        at sun.nio.ch.ServerSocketChannelImpl.accept0(Native Method)
        at sun.nio.ch.ServerSocketChannelImpl.accept(ServerSocketChannelImpl.java:421)
        at sun.nio.ch.ServerSocketChannelImpl.accept(ServerSocketChannelImpl.java:249)
        at org.eclipse.jetty.server.ServerConnector.accept(ServerConnector.java:388)
        at org.eclipse.jetty.server.AbstractConnector$Acceptor.run(AbstractConnector.java:702)
        at org.eclipse.jetty.util.thread.QueuedThreadPool.runJob(QueuedThreadPool.java:883)
        at org.eclipse.jetty.util.thread.QueuedThreadPool$Runner.run(QueuedThreadPool.java:1034)
        at java.lang.Thread.run(Thread.java:750)
"org.apache.hadoop.ozone.container.common.statemachine.commandhandler.DeleteBlocksCommandHandler$DeleteCmdWorker@48d7fe46" daemon prio=5 tid=3994 timed_waiting
java.lang.Thread.State: TIMED_WAITING
        at java.lang.Thread.sleep(Native Method)
        at org.apache.hadoop.ozone.container.common.statemachine.commandhandler.DeleteBlocksCommandHandler$DeleteCmdWorker.run(DeleteBlocksCommandHandler.java:183)
        at java.lang.Thread.run(Thread.java:750)
"KeyDeletingService#0" daemon prio=5 tid=4852 timed_waiting
java.lang.Thread.State: TIMED_WAITING
        at sun.misc.Unsafe.park(Native Method)
        at java.util.concurrent.locks.LockSupport.parkNanos(LockSupport.java:215)
        at java.util.concurrent.locks.AbstractQueuedSynchronizer$ConditionObject.awaitNanos(AbstractQueuedSynchronizer.java:2078)
        at java.util.concurrent.ScheduledThreadPoolExecutor$DelayedWorkQueue.take(ScheduledThreadPoolExecutor.java:1093)
        at java.util.concurrent.ScheduledThreadPoolExecutor$DelayedWorkQueue.take(ScheduledThreadPoolExecutor.java:809)
        at java.util.concurrent.ThreadPoolExecutor.getTask(ThreadPoolExecutor.java:1074)
        at java.util.concurrent.ThreadPoolExecutor.runWorker(ThreadPoolExecutor.java:1134)
        at java.util.concurrent.ThreadPoolExecutor$Worker.run(ThreadPoolExecutor.java:624)
        at java.lang.Thread.run(Thread.java:750)
"Datanode ReportManager Thread - 1" daemon prio=5 tid=4988 in Object.wait()
java.lang.Thread.State: WAITING (on object monitor)
        at sun.misc.Unsafe.park(Native Method)
        at java.util.concurrent.locks.LockSupport.park(LockSupport.java:175)
        at java.util.concurrent.locks.AbstractQueuedSynchronizer$ConditionObject.await(AbstractQueuedSynchronizer.java:2039)
        at java.util.concurrent.ScheduledThreadPoolExecutor$DelayedWorkQueue.take(ScheduledThreadPoolExecutor.java:1088)
        at java.util.concurrent.ScheduledThreadPoolExecutor$DelayedWorkQueue.take(ScheduledThreadPoolExecutor.java:809)
        at java.util.concurrent.ThreadPoolExecutor.getTask(ThreadPoolExecutor.java:1074)
        at java.util.concurrent.ThreadPoolExecutor.runWorker(ThreadPoolExecutor.java:1134)
        at java.util.concurrent.ThreadPoolExecutor$Worker.run(ThreadPoolExecutor.java:624)
        at java.lang.Thread.run(Thread.java:750)
"ed0c9528-2c8b-4614-9eef-2d120a058ddc@group-C8483D63BD31-FollowerState" daemon prio=5 tid=6993 timed_waiting
java.lang.Thread.State: TIMED_WAITING
        at java.lang.Thread.sleep(Native Method)
        at java.lang.Thread.sleep(Thread.java:342)
        at java.util.concurrent.TimeUnit.sleep(TimeUnit.java:386)
        at org.apache.ratis.util.TimeDuration.sleep(TimeDuration.java:325)
        at org.apache.ratis.util.TimeDuration.sleep(TimeDuration.java:310)
        at org.apache.ratis.server.impl.FollowerState.run(FollowerState.java:128)
"PartialTableCache Cleanup Thread - 0" daemon prio=5 tid=5905 in Object.wait()
java.lang.Thread.State: WAITING (on object monitor)
        at sun.misc.Unsafe.park(Native Method)
        at java.util.concurrent.locks.LockSupport.park(LockSupport.java:175)
        at java.util.concurrent.locks.AbstractQueuedSynchronizer$ConditionObject.await(AbstractQueuedSynchronizer.java:2039)
        at java.util.concurrent.LinkedBlockingQueue.take(LinkedBlockingQueue.java:442)
        at java.util.concurrent.ThreadPoolExecutor.getTask(ThreadPoolExecutor.java:1074)
        at java.util.concurrent.ThreadPoolExecutor.runWorker(ThreadPoolExecutor.java:1134)
        at java.util.concurrent.ThreadPoolExecutor$Worker.run(ThreadPoolExecutor.java:624)
        at java.lang.Thread.run(Thread.java:750)
"qtp737161386-6292" daemon prio=5 tid=6292 timed_waiting
java.lang.Thread.State: TIMED_WAITING
        at sun.misc.Unsafe.park(Native Method)
        at java.util.concurrent.locks.LockSupport.parkNanos(LockSupport.java:215)
        at java.util.concurrent.locks.AbstractQueuedSynchronizer$ConditionObject.awaitNanos(AbstractQueuedSynchronizer.java:2078)
        at org.eclipse.jetty.util.BlockingArrayQueue.poll(BlockingArrayQueue.java:382)
        at org.eclipse.jetty.util.thread.QueuedThreadPool$Runner.idleJobPoll(QueuedThreadPool.java:974)
        at org.eclipse.jetty.util.thread.QueuedThreadPool$Runner.run(QueuedThreadPool.java:1018)
        at java.lang.Thread.run(Thread.java:750)
"IPC Server handler 9 on default port 35375" daemon prio=5 tid=4885 timed_waiting
java.lang.Thread.State: TIMED_WAITING
        at sun.misc.Unsafe.park(Native Method)
        at java.util.concurrent.locks.LockSupport.parkNanos(LockSupport.java:215)
        at java.util.concurrent.locks.AbstractQueuedSynchronizer$ConditionObject.awaitNanos(AbstractQueuedSynchronizer.java:2078)
        at java.util.concurrent.LinkedBlockingQueue.poll(LinkedBlockingQueue.java:467)
        at org.apache.hadoop.ipc.CallQueueManager.take(CallQueueManager.java:317)
        at org.apache.hadoop.ipc.Server$Handler.run(Server.java:2942)
"ChunkReader-ELG-0" daemon prio=5 tid=4117 runnable
java.lang.Thread.State: RUNNABLE
        at org.apache.ratis.thirdparty.io.netty.channel.epoll.Native.epollWait(Native Method)
        at org.apache.ratis.thirdparty.io.netty.channel.epoll.Native.epollWait(Native.java:193)
        at org.apache.ratis.thirdparty.io.netty.channel.epoll.Native.epollWait(Native.java:186)
        at org.apache.ratis.thirdparty.io.netty.channel.epoll.EpollEventLoop.epollWaitNoTimerChange(EpollEventLoop.java:290)
        at org.apache.ratis.thirdparty.io.netty.channel.epoll.EpollEventLoop.run(EpollEventLoop.java:347)
        at org.apache.ratis.thirdparty.io.netty.util.concurrent.SingleThreadEventExecutor$4.run(SingleThreadEventExecutor.java:986)
        at org.apache.ratis.thirdparty.io.netty.util.internal.ThreadExecutorMap$2.run(ThreadExecutorMap.java:74)
        at java.lang.Thread.run(Thread.java:750)
"qtp737161386-6290" daemon prio=5 tid=6290 runnable
java.lang.Thread.State: RUNNABLE
        at sun.nio.ch.EPollArrayWrapper.epollWait(Native Method)
        at sun.nio.ch.EPollArrayWrapper.poll(EPollArrayWrapper.java:269)
        at sun.nio.ch.EPollSelectorImpl.doSelect(EPollSelectorImpl.java:93)
        at sun.nio.ch.SelectorImpl.lockAndDoSelect(SelectorImpl.java:86)
        at sun.nio.ch.SelectorImpl.select(SelectorImpl.java:97)
        at sun.nio.ch.SelectorImpl.select(SelectorImpl.java:101)
        at org.eclipse.jetty.io.ManagedSelector.nioSelect(ManagedSelector.java:183)
        at org.eclipse.jetty.io.ManagedSelector.select(ManagedSelector.java:190)
        at org.eclipse.jetty.io.ManagedSelector$SelectorProducer.select(ManagedSelector.java:606)
        at org.eclipse.jetty.io.ManagedSelector$SelectorProducer.produce(ManagedSelector.java:543)
        at org.eclipse.jetty.util.thread.strategy.EatWhatYouKill.produceTask(EatWhatYouKill.java:362)
        at org.eclipse.jetty.util.thread.strategy.EatWhatYouKill.doProduce(EatWhatYouKill.java:186)
        at org.eclipse.jetty.util.thread.strategy.EatWhatYouKill.tryProduce(EatWhatYouKill.java:173)
        at org.eclipse.jetty.util.thread.strategy.EatWhatYouKill.produce(EatWhatYouKill.java:137)
        at org.eclipse.jetty.io.ManagedSelector$$Lambda$478/1665851504.run(Unknown Source)
        at org.eclipse.jetty.util.thread.QueuedThreadPool.runJob(QueuedThreadPool.java:883)
        at org.eclipse.jetty.util.thread.QueuedThreadPool$Runner.run(QueuedThreadPool.java:1034)
        at java.lang.Thread.run(Thread.java:750)
"Datanode State Machine Task Thread - 0"  prio=5 tid=6334 in Object.wait()
java.lang.Thread.State: WAITING (on object monitor)
        at sun.misc.Unsafe.park(Native Method)
        at java.util.concurrent.locks.LockSupport.park(LockSupport.java:175)
        at java.util.concurrent.locks.AbstractQueuedSynchronizer$ConditionObject.await(AbstractQueuedSynchronizer.java:2039)
        at java.util.concurrent.LinkedBlockingQueue.take(LinkedBlockingQueue.java:442)
        at java.util.concurrent.ThreadPoolExecutor.getTask(ThreadPoolExecutor.java:1074)
        at java.util.concurrent.ThreadPoolExecutor.runWorker(ThreadPoolExecutor.java:1134)
        at java.util.concurrent.ThreadPoolExecutor$Worker.run(ThreadPoolExecutor.java:624)
        at java.lang.Thread.run(Thread.java:750)
"IPC Server listener on 0" daemon prio=5 tid=4545 runnable
java.lang.Thread.State: RUNNABLE
        at sun.nio.ch.EPollArrayWrapper.epollWait(Native Method)
        at sun.nio.ch.EPollArrayWrapper.poll(EPollArrayWrapper.java:269)
        at sun.nio.ch.EPollSelectorImpl.doSelect(EPollSelectorImpl.java:93)
        at sun.nio.ch.SelectorImpl.lockAndDoSelect(SelectorImpl.java:86)
        at sun.nio.ch.SelectorImpl.select(SelectorImpl.java:97)
        at sun.nio.ch.SelectorImpl.select(SelectorImpl.java:101)
        at org.apache.hadoop.ipc.Server$Listener.run(Server.java:1358)
"qtp665541217-4952" daemon prio=5 tid=4952 runnable
java.lang.Thread.State: RUNNABLE
        at sun.nio.ch.EPollArrayWrapper.epollWait(Native Method)
        at sun.nio.ch.EPollArrayWrapper.poll(EPollArrayWrapper.java:269)
        at sun.nio.ch.EPollSelectorImpl.doSelect(EPollSelectorImpl.java:93)
        at sun.nio.ch.SelectorImpl.lockAndDoSelect(SelectorImpl.java:86)
        at sun.nio.ch.SelectorImpl.select(SelectorImpl.java:97)
        at sun.nio.ch.SelectorImpl.select(SelectorImpl.java:101)
        at org.eclipse.jetty.io.ManagedSelector.nioSelect(ManagedSelector.java:183)
        at org.eclipse.jetty.io.ManagedSelector.select(ManagedSelector.java:190)
        at org.eclipse.jetty.io.ManagedSelector$SelectorProducer.select(ManagedSelector.java:606)
        at org.eclipse.jetty.io.ManagedSelector$SelectorProducer.produce(ManagedSelector.java:543)
        at org.eclipse.jetty.util.thread.strategy.EatWhatYouKill.produceTask(EatWhatYouKill.java:362)
        at org.eclipse.jetty.util.thread.strategy.EatWhatYouKill.doProduce(EatWhatYouKill.java:186)
        at org.eclipse.jetty.util.thread.strategy.EatWhatYouKill.tryProduce(EatWhatYouKill.java:173)
        at org.eclipse.jetty.util.thread.strategy.EatWhatYouKill.produce(EatWhatYouKill.java:137)
        at org.eclipse.jetty.io.ManagedSelector$$Lambda$478/1665851504.run(Unknown Source)
        at org.eclipse.jetty.util.thread.QueuedThreadPool.runJob(QueuedThreadPool.java:883)
        at org.eclipse.jetty.util.thread.QueuedThreadPool$Runner.run(QueuedThreadPool.java:1034)
        at java.lang.Thread.run(Thread.java:750)
"Periodic HDDS volume checker" daemon prio=5 tid=5306 timed_waiting
java.lang.Thread.State: TIMED_WAITING
        at sun.misc.Unsafe.park(Native Method)
        at java.util.concurrent.locks.LockSupport.parkNanos(LockSupport.java:215)
        at java.util.concurrent.locks.AbstractQueuedSynchronizer$ConditionObject.awaitNanos(AbstractQueuedSynchronizer.java:2078)
        at java.util.concurrent.ScheduledThreadPoolExecutor$DelayedWorkQueue.take(ScheduledThreadPoolExecutor.java:1093)
        at java.util.concurrent.ScheduledThreadPoolExecutor$DelayedWorkQueue.take(ScheduledThreadPoolExecutor.java:809)
        at java.util.concurrent.ThreadPoolExecutor.getTask(ThreadPoolExecutor.java:1074)
        at java.util.concurrent.ThreadPoolExecutor.runWorker(ThreadPoolExecutor.java:1134)
        at java.util.concurrent.ThreadPoolExecutor$Worker.run(ThreadPoolExecutor.java:624)
        at java.lang.Thread.run(Thread.java:750)
"BlockDeletingService#2" daemon prio=5 tid=6974 in Object.wait()
java.lang.Thread.State: WAITING (on object monitor)
        at sun.misc.Unsafe.park(Native Method)
        at java.util.concurrent.locks.LockSupport.park(LockSupport.java:175)
        at java.util.concurrent.locks.AbstractQueuedSynchronizer$ConditionObject.await(AbstractQueuedSynchronizer.java:2039)
        at java.util.concurrent.ScheduledThreadPoolExecutor$DelayedWorkQueue.take(ScheduledThreadPoolExecutor.java:1088)
        at java.util.concurrent.ScheduledThreadPoolExecutor$DelayedWorkQueue.take(ScheduledThreadPoolExecutor.java:809)
        at java.util.concurrent.ThreadPoolExecutor.getTask(ThreadPoolExecutor.java:1074)
        at java.util.concurrent.ThreadPoolExecutor.runWorker(ThreadPoolExecutor.java:1134)
        at java.util.concurrent.ThreadPoolExecutor$Worker.run(ThreadPoolExecutor.java:624)
        at java.lang.Thread.run(Thread.java:750)
"IPC Server handler 10 on default port 43303" daemon prio=5 tid=6821 timed_waiting
java.lang.Thread.State: TIMED_WAITING
        at sun.misc.Unsafe.park(Native Method)
        at java.util.concurrent.locks.LockSupport.parkNanos(LockSupport.java:215)
        at java.util.concurrent.locks.AbstractQueuedSynchronizer$ConditionObject.awaitNanos(AbstractQueuedSynchronizer.java:2078)
        at java.util.concurrent.LinkedBlockingQueue.poll(LinkedBlockingQueue.java:467)
        at org.apache.hadoop.ipc.CallQueueManager.take(CallQueueManager.java:317)
        at org.apache.hadoop.ipc.Server$Handler.run(Server.java:2942)
"Session-HouseKeeper-78ffa523-1"  prio=5 tid=4038 timed_waiting
java.lang.Thread.State: TIMED_WAITING
        at sun.misc.Unsafe.park(Native Method)
        at java.util.concurrent.locks.LockSupport.parkNanos(LockSupport.java:215)
        at java.util.concurrent.locks.AbstractQueuedSynchronizer$ConditionObject.awaitNanos(AbstractQueuedSynchronizer.java:2078)
        at java.util.concurrent.ScheduledThreadPoolExecutor$DelayedWorkQueue.take(ScheduledThreadPoolExecutor.java:1093)
        at java.util.concurrent.ScheduledThreadPoolExecutor$DelayedWorkQueue.take(ScheduledThreadPoolExecutor.java:809)
        at java.util.concurrent.ThreadPoolExecutor.getTask(ThreadPoolExecutor.java:1074)
        at java.util.concurrent.ThreadPoolExecutor.runWorker(ThreadPoolExecutor.java:1134)
        at java.util.concurrent.ThreadPoolExecutor$Worker.run(ThreadPoolExecutor.java:624)
        at java.lang.Thread.run(Thread.java:750)
"OM StateMachine ApplyTransaction Thread - 0" daemon prio=5 tid=5798 in Object.wait()
java.lang.Thread.State: WAITING (on object monitor)
        at sun.misc.Unsafe.park(Native Method)
        at java.util.concurrent.locks.LockSupport.park(LockSupport.java:175)
        at java.util.concurrent.locks.AbstractQueuedSynchronizer$ConditionObject.await(AbstractQueuedSynchronizer.java:2039)
        at java.util.concurrent.LinkedBlockingQueue.take(LinkedBlockingQueue.java:442)
        at java.util.concurrent.ThreadPoolExecutor.getTask(ThreadPoolExecutor.java:1074)
        at java.util.concurrent.ThreadPoolExecutor.runWorker(ThreadPoolExecutor.java:1134)
        at java.util.concurrent.ThreadPoolExecutor$Worker.run(ThreadPoolExecutor.java:624)
        at java.lang.Thread.run(Thread.java:750)
"ReplicationMonitor" daemon prio=5 tid=4537 timed_waiting
java.lang.Thread.State: TIMED_WAITING
        at java.lang.Object.wait(Native Method)
        at org.apache.hadoop.hdds.scm.container.replication.ReplicationManager.run(ReplicationManager.java:505)
        at org.apache.hadoop.hdds.scm.container.replication.ReplicationManager$$Lambda$415/1927337571.run(Unknown Source)
        at java.lang.Thread.run(Thread.java:750)
"IPC Server handler 17 on default port 40471" daemon prio=5 tid=6808 timed_waiting
java.lang.Thread.State: TIMED_WAITING
        at sun.misc.Unsafe.park(Native Method)
        at java.util.concurrent.locks.LockSupport.parkNanos(LockSupport.java:215)
        at java.util.concurrent.locks.AbstractQueuedSynchronizer$ConditionObject.awaitNanos(AbstractQueuedSynchronizer.java:2078)
        at java.util.concurrent.LinkedBlockingQueue.poll(LinkedBlockingQueue.java:467)
        at org.apache.hadoop.ipc.CallQueueManager.take(CallQueueManager.java:317)
        at org.apache.hadoop.ipc.Server$Handler.run(Server.java:2942)
"org.apache.hadoop.util.JvmPauseMonitor$Monitor@71761922" daemon prio=5 tid=6440 timed_waiting
java.lang.Thread.State: TIMED_WAITING
        at java.lang.Thread.sleep(Native Method)
        at org.apache.hadoop.util.JvmPauseMonitor$Monitor.run(JvmPauseMonitor.java:192)
        at java.lang.Thread.run(Thread.java:750)
"qtp114670926-4072" daemon prio=5 tid=4072 timed_waiting
java.lang.Thread.State: TIMED_WAITING
        at sun.misc.Unsafe.park(Native Method)
        at java.util.concurrent.locks.LockSupport.parkNanos(LockSupport.java:215)
        at java.util.concurrent.locks.AbstractQueuedSynchronizer$ConditionObject.awaitNanos(AbstractQueuedSynchronizer.java:2078)
        at org.eclipse.jetty.util.BlockingArrayQueue.poll(BlockingArrayQueue.java:382)
        at org.eclipse.jetty.util.thread.QueuedThreadPool$Runner.idleJobPoll(QueuedThreadPool.java:974)
        at org.eclipse.jetty.util.thread.QueuedThreadPool$Runner.run(QueuedThreadPool.java:1018)
        at java.lang.Thread.run(Thread.java:750)
"BlockDeletingService#2" daemon prio=5 tid=6983 in Object.wait()
java.lang.Thread.State: WAITING (on object monitor)
        at sun.misc.Unsafe.park(Native Method)
        at java.util.concurrent.locks.LockSupport.park(LockSupport.java:175)
        at java.util.concurrent.locks.AbstractQueuedSynchronizer$ConditionObject.await(AbstractQueuedSynchronizer.java:2039)
        at java.util.concurrent.ScheduledThreadPoolExecutor$DelayedWorkQueue.take(ScheduledThreadPoolExecutor.java:1088)
        at java.util.concurrent.ScheduledThreadPoolExecutor$DelayedWorkQueue.take(ScheduledThreadPoolExecutor.java:809)
        at java.util.concurrent.ThreadPoolExecutor.getTask(ThreadPoolExecutor.java:1074)
        at java.util.concurrent.ThreadPoolExecutor.runWorker(ThreadPoolExecutor.java:1134)
        at java.util.concurrent.ThreadPoolExecutor$Worker.run(ThreadPoolExecutor.java:624)
        at java.lang.Thread.run(Thread.java:750)
"pool-3729-thread-1"  prio=5 tid=6650 in Object.wait()
java.lang.Thread.State: WAITING (on object monitor)
        at sun.misc.Unsafe.park(Native Method)
        at java.util.concurrent.locks.LockSupport.park(LockSupport.java:175)
        at java.util.concurrent.locks.AbstractQueuedSynchronizer$ConditionObject.await(AbstractQueuedSynchronizer.java:2039)
        at java.util.concurrent.LinkedBlockingQueue.take(LinkedBlockingQueue.java:442)
        at java.util.concurrent.ThreadPoolExecutor.getTask(ThreadPoolExecutor.java:1074)
        at java.util.concurrent.ThreadPoolExecutor.runWorker(ThreadPoolExecutor.java:1134)
        at java.util.concurrent.ThreadPoolExecutor$Worker.run(ThreadPoolExecutor.java:624)
        at java.lang.Thread.run(Thread.java:750)
"DataNode DiskChecker thread 0" daemon prio=5 tid=6253 timed_waiting
java.lang.Thread.State: TIMED_WAITING
        at sun.misc.Unsafe.park(Native Method)
        at java.util.concurrent.locks.LockSupport.parkNanos(LockSupport.java:215)
        at java.util.concurrent.SynchronousQueue$TransferStack.awaitFulfill(SynchronousQueue.java:460)
        at java.util.concurrent.SynchronousQueue$TransferStack.transfer(SynchronousQueue.java:362)
        at java.util.concurrent.SynchronousQueue.poll(SynchronousQueue.java:941)
        at java.util.concurrent.ThreadPoolExecutor.getTask(ThreadPoolExecutor.java:1073)
        at java.util.concurrent.ThreadPoolExecutor.runWorker(ThreadPoolExecutor.java:1134)
        at java.util.concurrent.ThreadPoolExecutor$Worker.run(ThreadPoolExecutor.java:624)
        at java.lang.Thread.run(Thread.java:750)
"PartialTableCache Cleanup Thread - 0" daemon prio=5 tid=2248 in Object.wait()
java.lang.Thread.State: WAITING (on object monitor)
        at sun.misc.Unsafe.park(Native Method)
        at java.util.concurrent.locks.LockSupport.park(LockSupport.java:175)
        at java.util.concurrent.locks.AbstractQueuedSynchronizer$ConditionObject.await(AbstractQueuedSynchronizer.java:2039)
        at java.util.concurrent.LinkedBlockingQueue.take(LinkedBlockingQueue.java:442)
        at java.util.concurrent.ThreadPoolExecutor.getTask(ThreadPoolExecutor.java:1074)
        at java.util.concurrent.ThreadPoolExecutor.runWorker(ThreadPoolExecutor.java:1134)
        at java.util.concurrent.ThreadPoolExecutor$Worker.run(ThreadPoolExecutor.java:624)
        at java.lang.Thread.run(Thread.java:750)
"org.apache.ratis.util.JvmPauseMonitor$$Lambda$718/783493338@1faafd8c" daemon prio=5 tid=6407 timed_waiting
java.lang.Thread.State: TIMED_WAITING
        at java.lang.Thread.sleep(Native Method)
        at java.lang.Thread.sleep(Thread.java:342)
        at java.util.concurrent.TimeUnit.sleep(TimeUnit.java:386)
        at org.apache.ratis.util.TimeDuration.sleep(TimeDuration.java:325)
        at org.apache.ratis.util.TimeDuration.sleep(TimeDuration.java:310)
        at org.apache.ratis.util.JvmPauseMonitor.detectPause(JvmPauseMonitor.java:117)
        at org.apache.ratis.util.JvmPauseMonitor.run(JvmPauseMonitor.java:106)
        at org.apache.ratis.util.JvmPauseMonitor$$Lambda$718/783493338.run(Unknown Source)
        at java.lang.Thread.run(Thread.java:750)
"Socket Reader #1 for port 0"  prio=5 tid=4546 runnable
java.lang.Thread.State: RUNNABLE
        at sun.nio.ch.EPollArrayWrapper.epollWait(Native Method)
        at sun.nio.ch.EPollArrayWrapper.poll(EPollArrayWrapper.java:269)
        at sun.nio.ch.EPollSelectorImpl.doSelect(EPollSelectorImpl.java:93)
        at sun.nio.ch.SelectorImpl.lockAndDoSelect(SelectorImpl.java:86)
        at sun.nio.ch.SelectorImpl.select(SelectorImpl.java:97)
        at sun.nio.ch.SelectorImpl.select(SelectorImpl.java:101)
        at org.apache.hadoop.ipc.Server$Listener$Reader.doRunLoop(Server.java:1296)
        at org.apache.hadoop.ipc.Server$Listener$Reader.run(Server.java:1275)
"org.apache.hadoop.util.JvmPauseMonitor$Monitor@326015cd" daemon prio=5 tid=4993 timed_waiting
java.lang.Thread.State: TIMED_WAITING
        at java.lang.Thread.sleep(Native Method)
        at org.apache.hadoop.util.JvmPauseMonitor$Monitor.run(JvmPauseMonitor.java:192)
        at java.lang.Thread.run(Thread.java:750)
"Datanode State Machine Task Thread - 0"  prio=5 tid=4057 in Object.wait()
java.lang.Thread.State: WAITING (on object monitor)
        at sun.misc.Unsafe.park(Native Method)
        at java.util.concurrent.locks.LockSupport.park(LockSupport.java:175)
        at java.util.concurrent.locks.AbstractQueuedSynchronizer$ConditionObject.await(AbstractQueuedSynchronizer.java:2039)
        at java.util.concurrent.LinkedBlockingQueue.take(LinkedBlockingQueue.java:442)
        at java.util.concurrent.ThreadPoolExecutor.getTask(ThreadPoolExecutor.java:1074)
        at java.util.concurrent.ThreadPoolExecutor.runWorker(ThreadPoolExecutor.java:1134)
        at java.util.concurrent.ThreadPoolExecutor$Worker.run(ThreadPoolExecutor.java:624)
        at java.lang.Thread.run(Thread.java:750)
"IPC Server handler 1 on default port 43793" daemon prio=5 tid=4596 timed_waiting
java.lang.Thread.State: TIMED_WAITING
        at sun.misc.Unsafe.park(Native Method)
        at java.util.concurrent.locks.LockSupport.parkNanos(LockSupport.java:215)
        at java.util.concurrent.locks.AbstractQueuedSynchronizer$ConditionObject.awaitNanos(AbstractQueuedSynchronizer.java:2078)
        at java.util.concurrent.LinkedBlockingQueue.poll(LinkedBlockingQueue.java:467)
        at org.apache.hadoop.ipc.CallQueueManager.take(CallQueueManager.java:317)
        at org.apache.hadoop.ipc.Server$Handler.run(Server.java:2942)
"Datanode ReportManager Thread - 1" daemon prio=5 tid=6237 in Object.wait()
java.lang.Thread.State: WAITING (on object monitor)
        at sun.misc.Unsafe.park(Native Method)
        at java.util.concurrent.locks.LockSupport.park(LockSupport.java:175)
        at java.util.concurrent.locks.AbstractQueuedSynchronizer$ConditionObject.await(AbstractQueuedSynchronizer.java:2039)
        at java.util.concurrent.ScheduledThreadPoolExecutor$DelayedWorkQueue.take(ScheduledThreadPoolExecutor.java:1088)
        at java.util.concurrent.ScheduledThreadPoolExecutor$DelayedWorkQueue.take(ScheduledThreadPoolExecutor.java:809)
        at java.util.concurrent.ThreadPoolExecutor.getTask(ThreadPoolExecutor.java:1074)
        at java.util.concurrent.ThreadPoolExecutor.runWorker(ThreadPoolExecutor.java:1134)
        at java.util.concurrent.ThreadPoolExecutor$Worker.run(ThreadPoolExecutor.java:624)
        at java.lang.Thread.run(Thread.java:750)
"BlockDeletingService#1" daemon prio=5 tid=5351 timed_waiting
java.lang.Thread.State: TIMED_WAITING
        at sun.misc.Unsafe.park(Native Method)
        at java.util.concurrent.locks.LockSupport.parkNanos(LockSupport.java:215)
        at java.util.concurrent.locks.AbstractQueuedSynchronizer$ConditionObject.awaitNanos(AbstractQueuedSynchronizer.java:2078)
        at java.util.concurrent.ScheduledThreadPoolExecutor$DelayedWorkQueue.take(ScheduledThreadPoolExecutor.java:1093)
        at java.util.concurrent.ScheduledThreadPoolExecutor$DelayedWorkQueue.take(ScheduledThreadPoolExecutor.java:809)
        at java.util.concurrent.ThreadPoolExecutor.getTask(ThreadPoolExecutor.java:1074)
        at java.util.concurrent.ThreadPoolExecutor.runWorker(ThreadPoolExecutor.java:1134)
        at java.util.concurrent.ThreadPoolExecutor$Worker.run(ThreadPoolExecutor.java:624)
        at java.lang.Thread.run(Thread.java:750)
"IPC Server handler 19 on default port 42971" daemon prio=5 tid=6850 timed_waiting
java.lang.Thread.State: TIMED_WAITING
        at sun.misc.Unsafe.park(Native Method)
        at java.util.concurrent.locks.LockSupport.parkNanos(LockSupport.java:215)
        at java.util.concurrent.locks.AbstractQueuedSynchronizer$ConditionObject.awaitNanos(AbstractQueuedSynchronizer.java:2078)
        at java.util.concurrent.LinkedBlockingQueue.poll(LinkedBlockingQueue.java:467)
        at org.apache.hadoop.ipc.CallQueueManager.take(CallQueueManager.java:317)
        at org.apache.hadoop.ipc.Server$Handler.run(Server.java:2942)
"pool-2948-thread-1"  prio=5 tid=5148 timed_waiting
java.lang.Thread.State: TIMED_WAITING
        at sun.misc.Unsafe.park(Native Method)
        at java.util.concurrent.locks.LockSupport.parkNanos(LockSupport.java:215)
        at java.util.concurrent.locks.AbstractQueuedSynchronizer$ConditionObject.awaitNanos(AbstractQueuedSynchronizer.java:2078)
        at java.util.concurrent.ScheduledThreadPoolExecutor$DelayedWorkQueue.take(ScheduledThreadPoolExecutor.java:1093)
        at java.util.concurrent.ScheduledThreadPoolExecutor$DelayedWorkQueue.take(ScheduledThreadPoolExecutor.java:809)
        at java.util.concurrent.ThreadPoolExecutor.getTask(ThreadPoolExecutor.java:1074)
        at java.util.concurrent.ThreadPoolExecutor.runWorker(ThreadPoolExecutor.java:1134)
        at java.util.concurrent.ThreadPoolExecutor$Worker.run(ThreadPoolExecutor.java:624)
        at java.lang.Thread.run(Thread.java:750)
"EventQueue-CommandQueueReportForCommandQueueReportHandler" daemon prio=5 tid=5428 in Object.wait()
java.lang.Thread.State: WAITING (on object monitor)
        at sun.misc.Unsafe.park(Native Method)
        at java.util.concurrent.locks.LockSupport.park(LockSupport.java:175)
        at java.util.concurrent.locks.AbstractQueuedSynchronizer$ConditionObject.await(AbstractQueuedSynchronizer.java:2039)
        at java.util.concurrent.LinkedBlockingQueue.take(LinkedBlockingQueue.java:442)
        at java.util.concurrent.ThreadPoolExecutor.getTask(ThreadPoolExecutor.java:1074)
        at java.util.concurrent.ThreadPoolExecutor.runWorker(ThreadPoolExecutor.java:1134)
        at java.util.concurrent.ThreadPoolExecutor$Worker.run(ThreadPoolExecutor.java:624)
        at java.lang.Thread.run(Thread.java:750)
"org.apache.ratis.util.JvmPauseMonitor$$Lambda$718/783493338@3ad5928c" daemon prio=5 tid=5361 timed_waiting
java.lang.Thread.State: TIMED_WAITING
        at java.lang.Thread.sleep(Native Method)
        at java.lang.Thread.sleep(Thread.java:342)
        at java.util.concurrent.TimeUnit.sleep(TimeUnit.java:386)
        at org.apache.ratis.util.TimeDuration.sleep(TimeDuration.java:325)
        at org.apache.ratis.util.TimeDuration.sleep(TimeDuration.java:310)
        at org.apache.ratis.util.JvmPauseMonitor.detectPause(JvmPauseMonitor.java:117)
        at org.apache.ratis.util.JvmPauseMonitor.run(JvmPauseMonitor.java:106)
        at org.apache.ratis.util.JvmPauseMonitor$$Lambda$718/783493338.run(Unknown Source)
        at java.lang.Thread.run(Thread.java:750)
"qtp1692527707-5081" daemon prio=5 tid=5081 timed_waiting
java.lang.Thread.State: TIMED_WAITING
        at sun.misc.Unsafe.park(Native Method)
        at java.util.concurrent.locks.LockSupport.parkNanos(LockSupport.java:215)
        at java.util.concurrent.locks.AbstractQueuedSynchronizer$ConditionObject.awaitNanos(AbstractQueuedSynchronizer.java:2078)
        at org.eclipse.jetty.util.BlockingArrayQueue.poll(BlockingArrayQueue.java:382)
        at org.eclipse.jetty.util.thread.QueuedThreadPool$Runner.idleJobPoll(QueuedThreadPool.java:974)
        at org.eclipse.jetty.util.thread.QueuedThreadPool$Runner.run(QueuedThreadPool.java:1018)
        at java.lang.Thread.run(Thread.java:750)
"org.apache.ratis.util.JvmPauseMonitor$$Lambda$718/783493338@1225adfb" daemon prio=5 tid=6488 timed_waiting
java.lang.Thread.State: TIMED_WAITING
        at java.lang.Thread.sleep(Native Method)
        at java.lang.Thread.sleep(Thread.java:342)
        at java.util.concurrent.TimeUnit.sleep(TimeUnit.java:386)
        at org.apache.ratis.util.TimeDuration.sleep(TimeDuration.java:325)
        at org.apache.ratis.util.TimeDuration.sleep(TimeDuration.java:310)
        at org.apache.ratis.util.JvmPauseMonitor.detectPause(JvmPauseMonitor.java:117)
        at org.apache.ratis.util.JvmPauseMonitor.run(JvmPauseMonitor.java:106)
        at org.apache.ratis.util.JvmPauseMonitor$$Lambda$718/783493338.run(Unknown Source)
        at java.lang.Thread.run(Thread.java:750)
"EventQueue-NodeRegistrationContainerReportForContainerSafeModeRule" daemon prio=5 tid=6498 in Object.wait()
java.lang.Thread.State: WAITING (on object monitor)
        at sun.misc.Unsafe.park(Native Method)
        at java.util.concurrent.locks.LockSupport.park(LockSupport.java:175)
        at java.util.concurrent.locks.AbstractQueuedSynchronizer$ConditionObject.await(AbstractQueuedSynchronizer.java:2039)
        at java.util.concurrent.LinkedBlockingQueue.take(LinkedBlockingQueue.java:442)
        at java.util.concurrent.ThreadPoolExecutor.getTask(ThreadPoolExecutor.java:1074)
        at java.util.concurrent.ThreadPoolExecutor.runWorker(ThreadPoolExecutor.java:1134)
        at java.util.concurrent.ThreadPoolExecutor$Worker.run(ThreadPoolExecutor.java:624)
        at java.lang.Thread.run(Thread.java:750)
"a759a49b-3cd3-49e9-826c-16e7b00ba8b7@group-16E2E8E98EE8-SegmentedRaftLogWorker"  prio=5 tid=4255 timed_waiting
java.lang.Thread.State: TIMED_WAITING
        at sun.misc.Unsafe.park(Native Method)
        at java.util.concurrent.locks.LockSupport.parkNanos(LockSupport.java:215)
        at java.util.concurrent.locks.AbstractQueuedSynchronizer$ConditionObject.awaitNanos(AbstractQueuedSynchronizer.java:2078)
        at org.apache.ratis.util.DataBlockingQueue.poll(DataBlockingQueue.java:148)
        at org.apache.ratis.server.raftlog.segmented.SegmentedRaftLogWorker.run(SegmentedRaftLogWorker.java:301)
        at org.apache.ratis.server.raftlog.segmented.SegmentedRaftLogWorker$$Lambda$646/1639153477.run(Unknown Source)
        at java.lang.Thread.run(Thread.java:750)
"Timer-5"  prio=5 tid=4851 timed_waiting
java.lang.Thread.State: TIMED_WAITING
        at java.lang.Object.wait(Native Method)
        at java.util.TimerThread.mainLoop(Timer.java:552)
        at java.util.TimerThread.run(Timer.java:505)
"Datanode State Machine Daemon Thread" daemon prio=5 tid=5332 timed_waiting
java.lang.Thread.State: TIMED_WAITING
        at java.lang.Thread.sleep(Native Method)
        at org.apache.hadoop.ozone.container.common.statemachine.DatanodeStateMachine.startStateMachineThread(DatanodeStateMachine.java:313)
        at org.apache.hadoop.ozone.container.common.statemachine.DatanodeStateMachine.lambda$startDaemon$0(DatanodeStateMachine.java:493)
        at org.apache.hadoop.ozone.container.common.statemachine.DatanodeStateMachine$$Lambda$761/216690043.run(Unknown Source)
        at java.lang.Thread.run(Thread.java:750)
"qtp539481455-6855-acceptor-0@44d3a5f4-ServerConnector@34a482d0{HTTP/1.1, (http/1.1)}{0.0.0.0:37605}" daemon prio=3 tid=6855 runnable
java.lang.Thread.State: RUNNABLE
        at sun.nio.ch.ServerSocketChannelImpl.accept0(Native Method)
        at sun.nio.ch.ServerSocketChannelImpl.accept(ServerSocketChannelImpl.java:421)
        at sun.nio.ch.ServerSocketChannelImpl.accept(ServerSocketChannelImpl.java:249)
        at org.eclipse.jetty.server.ServerConnector.accept(ServerConnector.java:388)
        at org.eclipse.jetty.server.AbstractConnector$Acceptor.run(AbstractConnector.java:702)
        at org.eclipse.jetty.util.thread.QueuedThreadPool.runJob(QueuedThreadPool.java:883)
        at org.eclipse.jetty.util.thread.QueuedThreadPool$Runner.run(QueuedThreadPool.java:1034)
        at java.lang.Thread.run(Thread.java:750)
"ChunkReader-ELG-0" daemon prio=5 tid=4156 runnable
java.lang.Thread.State: RUNNABLE
        at org.apache.ratis.thirdparty.io.netty.channel.epoll.Native.epollWait(Native Method)
        at org.apache.ratis.thirdparty.io.netty.channel.epoll.Native.epollWait(Native.java:193)
        at org.apache.ratis.thirdparty.io.netty.channel.epoll.Native.epollWait(Native.java:186)
        at org.apache.ratis.thirdparty.io.netty.channel.epoll.EpollEventLoop.epollWaitNoTimerChange(EpollEventLoop.java:290)
        at org.apache.ratis.thirdparty.io.netty.channel.epoll.EpollEventLoop.run(EpollEventLoop.java:347)
        at org.apache.ratis.thirdparty.io.netty.util.concurrent.SingleThreadEventExecutor$4.run(SingleThreadEventExecutor.java:986)
        at org.apache.ratis.thirdparty.io.netty.util.internal.ThreadExecutorMap$2.run(ThreadExecutorMap.java:74)
        at java.lang.Thread.run(Thread.java:750)
"EventQueue-OpenPipelineForHealthyPipelineSafeModeRule" daemon prio=5 tid=6562 in Object.wait()
java.lang.Thread.State: WAITING (on object monitor)
        at sun.misc.Unsafe.park(Native Method)
        at java.util.concurrent.locks.LockSupport.park(LockSupport.java:175)
        at java.util.concurrent.locks.AbstractQueuedSynchronizer$ConditionObject.await(AbstractQueuedSynchronizer.java:2039)
        at java.util.concurrent.LinkedBlockingQueue.take(LinkedBlockingQueue.java:442)
        at java.util.concurrent.ThreadPoolExecutor.getTask(ThreadPoolExecutor.java:1074)
        at java.util.concurrent.ThreadPoolExecutor.runWorker(ThreadPoolExecutor.java:1134)
        at java.util.concurrent.ThreadPoolExecutor$Worker.run(ThreadPoolExecutor.java:624)
        at java.lang.Thread.run(Thread.java:750)
"qtp1307868917-5229" daemon prio=5 tid=5229 timed_waiting
java.lang.Thread.State: TIMED_WAITING
        at sun.misc.Unsafe.park(Native Method)
        at java.util.concurrent.locks.LockSupport.parkNanos(LockSupport.java:215)
        at java.util.concurrent.locks.AbstractQueuedSynchronizer$ConditionObject.awaitNanos(AbstractQueuedSynchronizer.java:2078)
        at org.eclipse.jetty.util.BlockingArrayQueue.poll(BlockingArrayQueue.java:382)
        at org.eclipse.jetty.util.thread.QueuedThreadPool$Runner.idleJobPoll(QueuedThreadPool.java:974)
        at org.eclipse.jetty.util.thread.QueuedThreadPool$Runner.run(QueuedThreadPool.java:1018)
        at java.lang.Thread.run(Thread.java:750)
"EndpointStateMachine task thread for /0.0.0.0:36781 - 0 "  prio=5 tid=5405 in Object.wait()
java.lang.Thread.State: WAITING (on object monitor)
        at sun.misc.Unsafe.park(Native Method)
        at java.util.concurrent.locks.LockSupport.park(LockSupport.java:175)
        at java.util.concurrent.locks.AbstractQueuedSynchronizer$ConditionObject.await(AbstractQueuedSynchronizer.java:2039)
        at java.util.concurrent.LinkedBlockingQueue.take(LinkedBlockingQueue.java:442)
        at java.util.concurrent.ThreadPoolExecutor.getTask(ThreadPoolExecutor.java:1074)
        at java.util.concurrent.ThreadPoolExecutor.runWorker(ThreadPoolExecutor.java:1134)
        at java.util.concurrent.ThreadPoolExecutor$Worker.run(ThreadPoolExecutor.java:624)
        at java.lang.Thread.run(Thread.java:750)
"IPC Client (1662431325) connection to /0.0.0.0:42971 from runner" daemon prio=5 tid=6765 timed_waiting
java.lang.Thread.State: TIMED_WAITING
        at java.lang.Object.wait(Native Method)
        at org.apache.hadoop.ipc.Client$Connection.waitForWork(Client.java:1086)
        at org.apache.hadoop.ipc.Client$Connection.run(Client.java:1133)
"Datanode State Machine Task Thread - 1"  prio=5 tid=6391 in Object.wait()
java.lang.Thread.State: WAITING (on object monitor)
        at sun.misc.Unsafe.park(Native Method)
        at java.util.concurrent.locks.LockSupport.park(LockSupport.java:175)
        at java.util.concurrent.locks.AbstractQueuedSynchronizer$ConditionObject.await(AbstractQueuedSynchronizer.java:2039)
        at java.util.concurrent.LinkedBlockingQueue.take(LinkedBlockingQueue.java:442)
        at java.util.concurrent.ThreadPoolExecutor.getTask(ThreadPoolExecutor.java:1074)
        at java.util.concurrent.ThreadPoolExecutor.runWorker(ThreadPoolExecutor.java:1134)
        at java.util.concurrent.ThreadPoolExecutor$Worker.run(ThreadPoolExecutor.java:624)
        at java.lang.Thread.run(Thread.java:750)
"qtp539481455-6859" daemon prio=5 tid=6859 timed_waiting
java.lang.Thread.State: TIMED_WAITING
        at sun.misc.Unsafe.park(Native Method)
        at java.util.concurrent.locks.LockSupport.parkNanos(LockSupport.java:215)
        at java.util.concurrent.locks.AbstractQueuedSynchronizer$ConditionObject.awaitNanos(AbstractQueuedSynchronizer.java:2078)
        at org.eclipse.jetty.util.BlockingArrayQueue.poll(BlockingArrayQueue.java:382)
        at org.eclipse.jetty.util.thread.QueuedThreadPool$Runner.idleJobPoll(QueuedThreadPool.java:974)
        at org.eclipse.jetty.util.thread.QueuedThreadPool$Runner.run(QueuedThreadPool.java:1018)
        at java.lang.Thread.run(Thread.java:750)
"c977c8ce-8538-40eb-94c6-762b85246bac@group-0CBB49F4AF40-SegmentedRaftLogWorker"  prio=5 tid=5447 timed_waiting
java.lang.Thread.State: TIMED_WAITING
        at sun.misc.Unsafe.park(Native Method)
        at java.util.concurrent.locks.LockSupport.parkNanos(LockSupport.java:215)
        at java.util.concurrent.locks.AbstractQueuedSynchronizer$ConditionObject.awaitNanos(AbstractQueuedSynchronizer.java:2078)
        at org.apache.ratis.util.DataBlockingQueue.poll(DataBlockingQueue.java:148)
        at org.apache.ratis.server.raftlog.segmented.SegmentedRaftLogWorker.run(SegmentedRaftLogWorker.java:301)
        at org.apache.ratis.server.raftlog.segmented.SegmentedRaftLogWorker$$Lambda$646/1639153477.run(Unknown Source)
        at java.lang.Thread.run(Thread.java:750)
"IPC Server idle connection scanner for port 35863" daemon prio=5 tid=5816 timed_waiting
java.lang.Thread.State: TIMED_WAITING
        at java.lang.Object.wait(Native Method)
        at java.util.TimerThread.mainLoop(Timer.java:552)
        at java.util.TimerThread.run(Timer.java:505)
"IPC Server Responder" daemon prio=5 tid=4831 runnable
java.lang.Thread.State: RUNNABLE
        at sun.nio.ch.EPollArrayWrapper.epollWait(Native Method)
        at sun.nio.ch.EPollArrayWrapper.poll(EPollArrayWrapper.java:269)
        at sun.nio.ch.EPollSelectorImpl.doSelect(EPollSelectorImpl.java:93)
        at sun.nio.ch.SelectorImpl.lockAndDoSelect(SelectorImpl.java:86)
        at sun.nio.ch.SelectorImpl.select(SelectorImpl.java:97)
        at org.apache.hadoop.ipc.Server$Responder.doRunLoop(Server.java:1532)
        at org.apache.hadoop.ipc.Server$Responder.run(Server.java:1515)
"qtp648959186-3973" daemon prio=5 tid=3973 timed_waiting
java.lang.Thread.State: TIMED_WAITING
        at sun.misc.Unsafe.park(Native Method)
        at java.util.concurrent.locks.LockSupport.parkNanos(LockSupport.java:215)
        at java.util.concurrent.locks.AbstractQueuedSynchronizer$ConditionObject.awaitNanos(AbstractQueuedSynchronizer.java:2078)
        at org.eclipse.jetty.util.BlockingArrayQueue.poll(BlockingArrayQueue.java:382)
        at org.eclipse.jetty.util.thread.QueuedThreadPool$Runner.idleJobPoll(QueuedThreadPool.java:974)
        at org.eclipse.jetty.util.thread.QueuedThreadPool$Runner.run(QueuedThreadPool.java:1018)
        at java.lang.Thread.run(Thread.java:750)
"om1-client-thread1" daemon prio=5 tid=5797 timed_waiting
java.lang.Thread.State: TIMED_WAITING
        at sun.misc.Unsafe.park(Native Method)
        at java.util.concurrent.locks.LockSupport.parkNanos(LockSupport.java:215)
        at java.util.concurrent.SynchronousQueue$TransferStack.awaitFulfill(SynchronousQueue.java:460)
        at java.util.concurrent.SynchronousQueue$TransferStack.transfer(SynchronousQueue.java:362)
        at java.util.concurrent.SynchronousQueue.poll(SynchronousQueue.java:941)
        at java.util.concurrent.ThreadPoolExecutor.getTask(ThreadPoolExecutor.java:1073)
        at java.util.concurrent.ThreadPoolExecutor.runWorker(ThreadPoolExecutor.java:1134)
        at java.util.concurrent.ThreadPoolExecutor$Worker.run(ThreadPoolExecutor.java:624)
        at java.lang.Thread.run(Thread.java:750)
"7f555f3a-b754-420b-b6ea-bc4a43db69c9@group-C8483D63BD31-StateMachineUpdater" daemon prio=5 tid=6679 timed_waiting
java.lang.Thread.State: TIMED_WAITING
        at sun.misc.Unsafe.park(Native Method)
        at java.util.concurrent.locks.LockSupport.parkNanos(LockSupport.java:215)
        at java.util.concurrent.CompletableFuture$Signaller.block(CompletableFuture.java:1709)
        at java.util.concurrent.ForkJoinPool.managedBlock(ForkJoinPool.java:3323)
        at java.util.concurrent.CompletableFuture.timedGet(CompletableFuture.java:1788)
        at java.util.concurrent.CompletableFuture.get(CompletableFuture.java:1928)
        at org.apache.ratis.util.AwaitForSignal.await(AwaitForSignal.java:56)
        at org.apache.ratis.server.impl.StateMachineUpdater.waitForCommit(StateMachineUpdater.java:207)
        at org.apache.ratis.server.impl.StateMachineUpdater.run(StateMachineUpdater.java:176)
        at java.lang.Thread.run(Thread.java:750)
"IPC Server handler 18 on default port 43793" daemon prio=5 tid=4613 timed_waiting
java.lang.Thread.State: TIMED_WAITING
        at sun.misc.Unsafe.park(Native Method)
        at java.util.concurrent.locks.LockSupport.parkNanos(LockSupport.java:215)
        at java.util.concurrent.locks.AbstractQueuedSynchronizer$ConditionObject.awaitNanos(AbstractQueuedSynchronizer.java:2078)
        at java.util.concurrent.LinkedBlockingQueue.poll(LinkedBlockingQueue.java:467)
        at org.apache.hadoop.ipc.CallQueueManager.take(CallQueueManager.java:317)
        at org.apache.hadoop.ipc.Server$Handler.run(Server.java:2942)
"qtp737161386-6291-acceptor-0@615b8eac-ServerConnector@6aa9a285{HTTP/1.1, (http/1.1)}{0.0.0.0:35559}" daemon prio=3 tid=6291 runnable
java.lang.Thread.State: RUNNABLE
        at sun.nio.ch.ServerSocketChannelImpl.accept0(Native Method)
        at sun.nio.ch.ServerSocketChannelImpl.accept(ServerSocketChannelImpl.java:421)
        at sun.nio.ch.ServerSocketChannelImpl.accept(ServerSocketChannelImpl.java:249)
        at org.eclipse.jetty.server.ServerConnector.accept(ServerConnector.java:388)
        at org.eclipse.jetty.server.AbstractConnector$Acceptor.run(AbstractConnector.java:702)
        at org.eclipse.jetty.util.thread.QueuedThreadPool.runJob(QueuedThreadPool.java:883)
        at org.eclipse.jetty.util.thread.QueuedThreadPool$Runner.run(QueuedThreadPool.java:1034)
        at java.lang.Thread.run(Thread.java:750)
"IPC Server idle connection scanner for port 42971" daemon prio=5 tid=6776 timed_waiting
java.lang.Thread.State: TIMED_WAITING
        at java.lang.Object.wait(Native Method)
        at java.util.TimerThread.mainLoop(Timer.java:552)
        at java.util.TimerThread.run(Timer.java:505)
"ChunkReader-ELG-0" daemon prio=5 tid=5327 runnable
java.lang.Thread.State: RUNNABLE
        at org.apache.ratis.thirdparty.io.netty.channel.epoll.Native.epollWait(Native Method)
        at org.apache.ratis.thirdparty.io.netty.channel.epoll.Native.epollWait(Native.java:193)
        at org.apache.ratis.thirdparty.io.netty.channel.epoll.Native.epollWait(Native.java:186)
        at org.apache.ratis.thirdparty.io.netty.channel.epoll.EpollEventLoop.epollWaitNoTimerChange(EpollEventLoop.java:290)
        at org.apache.ratis.thirdparty.io.netty.channel.epoll.EpollEventLoop.run(EpollEventLoop.java:347)
        at org.apache.ratis.thirdparty.io.netty.util.concurrent.SingleThreadEventExecutor$4.run(SingleThreadEventExecutor.java:986)
        at org.apache.ratis.thirdparty.io.netty.util.internal.ThreadExecutorMap$2.run(ThreadExecutorMap.java:74)
        at java.lang.Thread.run(Thread.java:750)
"IPC Server handler 5 on default port 43793" daemon prio=5 tid=4600 timed_waiting
java.lang.Thread.State: TIMED_WAITING
        at sun.misc.Unsafe.park(Native Method)
        at java.util.concurrent.locks.LockSupport.parkNanos(LockSupport.java:215)
        at java.util.concurrent.locks.AbstractQueuedSynchronizer$ConditionObject.awaitNanos(AbstractQueuedSynchronizer.java:2078)
        at java.util.concurrent.LinkedBlockingQueue.poll(LinkedBlockingQueue.java:467)
        at org.apache.hadoop.ipc.CallQueueManager.take(CallQueueManager.java:317)
        at org.apache.hadoop.ipc.Server$Handler.run(Server.java:2942)
"IPC Server handler 4 on default port 42971" daemon prio=5 tid=6835 timed_waiting
java.lang.Thread.State: TIMED_WAITING
        at sun.misc.Unsafe.park(Native Method)
        at java.util.concurrent.locks.LockSupport.parkNanos(LockSupport.java:215)
        at java.util.concurrent.locks.AbstractQueuedSynchronizer$ConditionObject.awaitNanos(AbstractQueuedSynchronizer.java:2078)
        at java.util.concurrent.LinkedBlockingQueue.poll(LinkedBlockingQueue.java:467)
        at org.apache.hadoop.ipc.CallQueueManager.take(CallQueueManager.java:317)
        at org.apache.hadoop.ipc.Server$Handler.run(Server.java:2942)
"Datanode ReportManager Thread - 2" daemon prio=5 tid=5335 timed_waiting
java.lang.Thread.State: TIMED_WAITING
        at sun.misc.Unsafe.park(Native Method)
        at java.util.concurrent.locks.LockSupport.parkNanos(LockSupport.java:215)
        at java.util.concurrent.locks.AbstractQueuedSynchronizer$ConditionObject.awaitNanos(AbstractQueuedSynchronizer.java:2078)
        at java.util.concurrent.ScheduledThreadPoolExecutor$DelayedWorkQueue.take(ScheduledThreadPoolExecutor.java:1093)
        at java.util.concurrent.ScheduledThreadPoolExecutor$DelayedWorkQueue.take(ScheduledThreadPoolExecutor.java:809)
        at java.util.concurrent.ThreadPoolExecutor.getTask(ThreadPoolExecutor.java:1074)
        at java.util.concurrent.ThreadPoolExecutor.runWorker(ThreadPoolExecutor.java:1134)
        at java.util.concurrent.ThreadPoolExecutor$Worker.run(ThreadPoolExecutor.java:624)
        at java.lang.Thread.run(Thread.java:750)
"ChunkWriter-2-0" daemon prio=5 tid=4199 in Object.wait()
java.lang.Thread.State: WAITING (on object monitor)
        at sun.misc.Unsafe.park(Native Method)
        at java.util.concurrent.locks.LockSupport.park(LockSupport.java:175)
        at java.util.concurrent.locks.AbstractQueuedSynchronizer$ConditionObject.await(AbstractQueuedSynchronizer.java:2039)
        at java.util.concurrent.LinkedBlockingDeque.takeFirst(LinkedBlockingDeque.java:492)
        at java.util.concurrent.LinkedBlockingDeque.take(LinkedBlockingDeque.java:680)
        at java.util.concurrent.ThreadPoolExecutor.getTask(ThreadPoolExecutor.java:1074)
        at java.util.concurrent.ThreadPoolExecutor.runWorker(ThreadPoolExecutor.java:1134)
        at java.util.concurrent.ThreadPoolExecutor$Worker.run(ThreadPoolExecutor.java:624)
        at java.lang.Thread.run(Thread.java:750)
"pool-3738-thread-1"  prio=5 tid=6289 timed_waiting
java.lang.Thread.State: TIMED_WAITING
        at sun.misc.Unsafe.park(Native Method)
        at java.util.concurrent.locks.LockSupport.parkNanos(LockSupport.java:215)
        at java.util.concurrent.locks.AbstractQueuedSynchronizer$ConditionObject.awaitNanos(AbstractQueuedSynchronizer.java:2078)
        at java.util.concurrent.ScheduledThreadPoolExecutor$DelayedWorkQueue.take(ScheduledThreadPoolExecutor.java:1093)
        at java.util.concurrent.ScheduledThreadPoolExecutor$DelayedWorkQueue.take(ScheduledThreadPoolExecutor.java:809)
        at java.util.concurrent.ThreadPoolExecutor.getTask(ThreadPoolExecutor.java:1074)
        at java.util.concurrent.ThreadPoolExecutor.runWorker(ThreadPoolExecutor.java:1134)
        at java.util.concurrent.ThreadPoolExecutor$Worker.run(ThreadPoolExecutor.java:624)
        at java.lang.Thread.run(Thread.java:750)
"ChunkWriter-1-0" daemon prio=5 tid=5323 in Object.wait()
java.lang.Thread.State: WAITING (on object monitor)
        at sun.misc.Unsafe.park(Native Method)
        at java.util.concurrent.locks.LockSupport.park(LockSupport.java:175)
        at java.util.concurrent.locks.AbstractQueuedSynchronizer$ConditionObject.await(AbstractQueuedSynchronizer.java:2039)
        at java.util.concurrent.LinkedBlockingDeque.takeFirst(LinkedBlockingDeque.java:492)
        at java.util.concurrent.LinkedBlockingDeque.take(LinkedBlockingDeque.java:680)
        at java.util.concurrent.ThreadPoolExecutor.getTask(ThreadPoolExecutor.java:1074)
        at java.util.concurrent.ThreadPoolExecutor.runWorker(ThreadPoolExecutor.java:1134)
        at java.util.concurrent.ThreadPoolExecutor$Worker.run(ThreadPoolExecutor.java:624)
        at java.lang.Thread.run(Thread.java:750)
"EventQueue-NewNodeForNewNodeHandler" daemon prio=5 tid=6865 in Object.wait()
java.lang.Thread.State: WAITING (on object monitor)
        at sun.misc.Unsafe.park(Native Method)
        at java.util.concurrent.locks.LockSupport.park(LockSupport.java:175)
        at java.util.concurrent.locks.AbstractQueuedSynchronizer$ConditionObject.await(AbstractQueuedSynchronizer.java:2039)
        at java.util.concurrent.LinkedBlockingQueue.take(LinkedBlockingQueue.java:442)
        at java.util.concurrent.ThreadPoolExecutor.getTask(ThreadPoolExecutor.java:1074)
        at java.util.concurrent.ThreadPoolExecutor.runWorker(ThreadPoolExecutor.java:1134)
        at java.util.concurrent.ThreadPoolExecutor$Worker.run(ThreadPoolExecutor.java:624)
        at java.lang.Thread.run(Thread.java:750)
"Datanode State Machine Task Thread - 1"  prio=5 tid=6482 in Object.wait()
java.lang.Thread.State: WAITING (on object monitor)
        at sun.misc.Unsafe.park(Native Method)
        at java.util.concurrent.locks.LockSupport.park(LockSupport.java:175)
        at java.util.concurrent.locks.AbstractQueuedSynchronizer$ConditionObject.await(AbstractQueuedSynchronizer.java:2039)
        at java.util.concurrent.LinkedBlockingQueue.take(LinkedBlockingQueue.java:442)
        at java.util.concurrent.ThreadPoolExecutor.getTask(ThreadPoolExecutor.java:1074)
        at java.util.concurrent.ThreadPoolExecutor.runWorker(ThreadPoolExecutor.java:1134)
        at java.util.concurrent.ThreadPoolExecutor$Worker.run(ThreadPoolExecutor.java:624)
        at java.lang.Thread.run(Thread.java:750)
"Command processor thread" daemon prio=5 tid=6241 timed_waiting
java.lang.Thread.State: TIMED_WAITING
        at java.lang.Thread.sleep(Native Method)
        at org.apache.hadoop.ozone.container.common.statemachine.DatanodeStateMachine.lambda$initCommandHandlerThread$3(DatanodeStateMachine.java:628)
        at org.apache.hadoop.ozone.container.common.statemachine.DatanodeStateMachine$$Lambda$763/1762238644.run(Unknown Source)
        at java.lang.Thread.run(Thread.java:750)
"org.apache.hadoop.util.JvmPauseMonitor$Monitor@7a037e6a" daemon prio=5 tid=3986 timed_waiting
java.lang.Thread.State: TIMED_WAITING
        at java.lang.Thread.sleep(Native Method)
        at org.apache.hadoop.util.JvmPauseMonitor$Monitor.run(JvmPauseMonitor.java:192)
        at java.lang.Thread.run(Thread.java:750)
"qtp539481455-6858" daemon prio=5 tid=6858 timed_waiting
java.lang.Thread.State: TIMED_WAITING
        at sun.misc.Unsafe.park(Native Method)
        at java.util.concurrent.locks.LockSupport.parkNanos(LockSupport.java:215)
        at java.util.concurrent.locks.AbstractQueuedSynchronizer$ConditionObject.awaitNanos(AbstractQueuedSynchronizer.java:2078)
        at org.eclipse.jetty.util.BlockingArrayQueue.poll(BlockingArrayQueue.java:382)
        at org.eclipse.jetty.util.thread.QueuedThreadPool$Runner.idleJobPoll(QueuedThreadPool.java:974)
        at org.eclipse.jetty.util.thread.QueuedThreadPool$Runner.run(QueuedThreadPool.java:1018)
        at java.lang.Thread.run(Thread.java:750)
"IPC Server handler 14 on default port 36781" daemon prio=5 tid=4629 timed_waiting
java.lang.Thread.State: TIMED_WAITING
        at sun.misc.Unsafe.park(Native Method)
        at java.util.concurrent.locks.LockSupport.parkNanos(LockSupport.java:215)
        at java.util.concurrent.locks.AbstractQueuedSynchronizer$ConditionObject.awaitNanos(AbstractQueuedSynchronizer.java:2078)
        at java.util.concurrent.LinkedBlockingQueue.poll(LinkedBlockingQueue.java:467)
        at org.apache.hadoop.ipc.CallQueueManager.take(CallQueueManager.java:317)
        at org.apache.hadoop.ipc.Server$Handler.run(Server.java:2942)
"859fee52-0ce0-4420-ab82-e0e92b354dcb-server-thread1" daemon prio=5 tid=4502 timed_waiting
java.lang.Thread.State: TIMED_WAITING
        at sun.misc.Unsafe.park(Native Method)
        at java.util.concurrent.locks.LockSupport.parkNanos(LockSupport.java:215)
        at java.util.concurrent.SynchronousQueue$TransferStack.awaitFulfill(SynchronousQueue.java:460)
        at java.util.concurrent.SynchronousQueue$TransferStack.transfer(SynchronousQueue.java:362)
        at java.util.concurrent.SynchronousQueue.poll(SynchronousQueue.java:941)
        at java.util.concurrent.ThreadPoolExecutor.getTask(ThreadPoolExecutor.java:1073)
        at java.util.concurrent.ThreadPoolExecutor.runWorker(ThreadPoolExecutor.java:1134)
        at java.util.concurrent.ThreadPoolExecutor$Worker.run(ThreadPoolExecutor.java:624)
        at java.lang.Thread.run(Thread.java:750)
"Command processor thread" daemon prio=5 tid=5259 timed_waiting
java.lang.Thread.State: TIMED_WAITING
        at java.lang.Thread.sleep(Native Method)
        at org.apache.hadoop.ozone.container.common.statemachine.DatanodeStateMachine.lambda$initCommandHandlerThread$3(DatanodeStateMachine.java:628)
        at org.apache.hadoop.ozone.container.common.statemachine.DatanodeStateMachine$$Lambda$763/1762238644.run(Unknown Source)
        at java.lang.Thread.run(Thread.java:750)
"Timer-6"  prio=5 tid=6083 timed_waiting
java.lang.Thread.State: TIMED_WAITING
        at java.lang.Object.wait(Native Method)
        at java.util.TimerThread.mainLoop(Timer.java:552)
        at java.util.TimerThread.run(Timer.java:505)
"IPC Server handler 1 on default port 35421" daemon prio=5 tid=4576 timed_waiting
java.lang.Thread.State: TIMED_WAITING
        at sun.misc.Unsafe.park(Native Method)
        at java.util.concurrent.locks.LockSupport.parkNanos(LockSupport.java:215)
        at java.util.concurrent.locks.AbstractQueuedSynchronizer$ConditionObject.awaitNanos(AbstractQueuedSynchronizer.java:2078)
        at java.util.concurrent.LinkedBlockingQueue.poll(LinkedBlockingQueue.java:467)
        at org.apache.hadoop.ipc.CallQueueManager.take(CallQueueManager.java:317)
        at org.apache.hadoop.ipc.Server$Handler.run(Server.java:2942)
"IPC Server handler 3 on default port 35375" daemon prio=5 tid=4879 timed_waiting
java.lang.Thread.State: TIMED_WAITING
        at sun.misc.Unsafe.park(Native Method)
        at java.util.concurrent.locks.LockSupport.parkNanos(LockSupport.java:215)
        at java.util.concurrent.locks.AbstractQueuedSynchronizer$ConditionObject.awaitNanos(AbstractQueuedSynchronizer.java:2078)
        at java.util.concurrent.LinkedBlockingQueue.poll(LinkedBlockingQueue.java:467)
        at org.apache.hadoop.ipc.CallQueueManager.take(CallQueueManager.java:317)
        at org.apache.hadoop.ipc.Server$Handler.run(Server.java:2942)
"StaleRecoveringContainerScrubbingService#2" daemon prio=5 tid=6987 in Object.wait()
java.lang.Thread.State: WAITING (on object monitor)
        at sun.misc.Unsafe.park(Native Method)
        at java.util.concurrent.locks.LockSupport.park(LockSupport.java:175)
        at java.util.concurrent.locks.AbstractQueuedSynchronizer$ConditionObject.await(AbstractQueuedSynchronizer.java:2039)
        at java.util.concurrent.ScheduledThreadPoolExecutor$DelayedWorkQueue.take(ScheduledThreadPoolExecutor.java:1088)
        at java.util.concurrent.ScheduledThreadPoolExecutor$DelayedWorkQueue.take(ScheduledThreadPoolExecutor.java:809)
        at java.util.concurrent.ThreadPoolExecutor.getTask(ThreadPoolExecutor.java:1074)
        at java.util.concurrent.ThreadPoolExecutor.runWorker(ThreadPoolExecutor.java:1134)
        at java.util.concurrent.ThreadPoolExecutor$Worker.run(ThreadPoolExecutor.java:624)
        at java.lang.Thread.run(Thread.java:750)
"IPC Server handler 16 on default port 46525" daemon prio=5 tid=3810 timed_waiting
java.lang.Thread.State: TIMED_WAITING
        at sun.misc.Unsafe.park(Native Method)
        at java.util.concurrent.locks.LockSupport.parkNanos(LockSupport.java:215)
        at java.util.concurrent.locks.AbstractQueuedSynchronizer$ConditionObject.awaitNanos(AbstractQueuedSynchronizer.java:2078)
        at java.util.concurrent.LinkedBlockingQueue.poll(LinkedBlockingQueue.java:467)
        at org.apache.hadoop.ipc.CallQueueManager.take(CallQueueManager.java:317)
        at org.apache.hadoop.ipc.Server$Handler.run(Server.java:2942)
"qtp665541217-4955" daemon prio=5 tid=4955 timed_waiting
java.lang.Thread.State: TIMED_WAITING
        at sun.misc.Unsafe.park(Native Method)
        at java.util.concurrent.locks.LockSupport.parkNanos(LockSupport.java:215)
        at java.util.concurrent.locks.AbstractQueuedSynchronizer$ConditionObject.awaitNanos(AbstractQueuedSynchronizer.java:2078)
        at org.eclipse.jetty.util.BlockingArrayQueue.poll(BlockingArrayQueue.java:382)
        at org.eclipse.jetty.util.thread.QueuedThreadPool$Runner.idleJobPoll(QueuedThreadPool.java:974)
        at org.eclipse.jetty.util.thread.QueuedThreadPool$Runner.run(QueuedThreadPool.java:1018)
        at java.lang.Thread.run(Thread.java:750)
"ChunkWriter-0-0" daemon prio=5 tid=4136 in Object.wait()
java.lang.Thread.State: WAITING (on object monitor)
        at sun.misc.Unsafe.park(Native Method)
        at java.util.concurrent.locks.LockSupport.park(LockSupport.java:175)
        at java.util.concurrent.locks.AbstractQueuedSynchronizer$ConditionObject.await(AbstractQueuedSynchronizer.java:2039)
        at java.util.concurrent.LinkedBlockingDeque.takeFirst(LinkedBlockingDeque.java:492)
        at java.util.concurrent.LinkedBlockingDeque.take(LinkedBlockingDeque.java:680)
        at java.util.concurrent.ThreadPoolExecutor.getTask(ThreadPoolExecutor.java:1074)
        at java.util.concurrent.ThreadPoolExecutor.runWorker(ThreadPoolExecutor.java:1134)
        at java.util.concurrent.ThreadPoolExecutor$Worker.run(ThreadPoolExecutor.java:624)
        at java.lang.Thread.run(Thread.java:750)
"IPC Server handler 7 on default port 40471" daemon prio=5 tid=6798 timed_waiting
java.lang.Thread.State: TIMED_WAITING
        at sun.misc.Unsafe.park(Native Method)
        at java.util.concurrent.locks.LockSupport.parkNanos(LockSupport.java:215)
        at java.util.concurrent.locks.AbstractQueuedSynchronizer$ConditionObject.awaitNanos(AbstractQueuedSynchronizer.java:2078)
        at java.util.concurrent.LinkedBlockingQueue.poll(LinkedBlockingQueue.java:467)
        at org.apache.hadoop.ipc.CallQueueManager.take(CallQueueManager.java:317)
        at org.apache.hadoop.ipc.Server$Handler.run(Server.java:2942)
"IPC Server handler 3 on default port 43793" daemon prio=5 tid=4598 timed_waiting
java.lang.Thread.State: TIMED_WAITING
        at sun.misc.Unsafe.park(Native Method)
        at java.util.concurrent.locks.LockSupport.parkNanos(LockSupport.java:215)
        at java.util.concurrent.locks.AbstractQueuedSynchronizer$ConditionObject.awaitNanos(AbstractQueuedSynchronizer.java:2078)
        at java.util.concurrent.LinkedBlockingQueue.poll(LinkedBlockingQueue.java:467)
        at org.apache.hadoop.ipc.CallQueueManager.take(CallQueueManager.java:317)
        at org.apache.hadoop.ipc.Server$Handler.run(Server.java:2942)
"Datanode State Machine Task Thread - 1"  prio=5 tid=4195 in Object.wait()
java.lang.Thread.State: WAITING (on object monitor)
        at sun.misc.Unsafe.park(Native Method)
        at java.util.concurrent.locks.LockSupport.park(LockSupport.java:175)
        at java.util.concurrent.locks.AbstractQueuedSynchronizer$ConditionObject.await(AbstractQueuedSynchronizer.java:2039)
        at java.util.concurrent.LinkedBlockingQueue.take(LinkedBlockingQueue.java:442)
        at java.util.concurrent.ThreadPoolExecutor.getTask(ThreadPoolExecutor.java:1074)
        at java.util.concurrent.ThreadPoolExecutor.runWorker(ThreadPoolExecutor.java:1134)
        at java.util.concurrent.ThreadPoolExecutor$Worker.run(ThreadPoolExecutor.java:624)
        at java.lang.Thread.run(Thread.java:750)
"IPC Server handler 12 on default port 36781" daemon prio=5 tid=4627 timed_waiting
java.lang.Thread.State: TIMED_WAITING
        at sun.misc.Unsafe.park(Native Method)
        at java.util.concurrent.locks.LockSupport.parkNanos(LockSupport.java:215)
        at java.util.concurrent.locks.AbstractQueuedSynchronizer$ConditionObject.awaitNanos(AbstractQueuedSynchronizer.java:2078)
        at java.util.concurrent.LinkedBlockingQueue.poll(LinkedBlockingQueue.java:467)
        at org.apache.hadoop.ipc.CallQueueManager.take(CallQueueManager.java:317)
        at org.apache.hadoop.ipc.Server$Handler.run(Server.java:2942)
"org.apache.hadoop.ozone.container.common.statemachine.commandhandler.DeleteBlocksCommandHandler$DeleteCmdWorker@4e899680" daemon prio=5 tid=6369 timed_waiting
java.lang.Thread.State: TIMED_WAITING
        at java.lang.Thread.sleep(Native Method)
        at org.apache.hadoop.ozone.container.common.statemachine.commandhandler.DeleteBlocksCommandHandler$DeleteCmdWorker.run(DeleteBlocksCommandHandler.java:183)
        at java.lang.Thread.run(Thread.java:750)
"35429393-00b4-4ffa-a437-723b6b48652e@group-8C1DE3C4B685->2807d27e-eacf-4ef9-9ccd-2d34dc032c62-GrpcLogAppender-LogAppenderDaemon" daemon prio=5 tid=6886 timed_waiting
java.lang.Thread.State: TIMED_WAITING
        at sun.misc.Unsafe.park(Native Method)
        at java.util.concurrent.locks.LockSupport.parkNanos(LockSupport.java:215)
        at java.util.concurrent.CompletableFuture$Signaller.block(CompletableFuture.java:1709)
        at java.util.concurrent.ForkJoinPool.managedBlock(ForkJoinPool.java:3323)
        at java.util.concurrent.CompletableFuture.timedGet(CompletableFuture.java:1788)
        at java.util.concurrent.CompletableFuture.get(CompletableFuture.java:1928)
        at org.apache.ratis.util.AwaitForSignal.await(AwaitForSignal.java:56)
        at org.apache.ratis.grpc.server.GrpcLogAppender.mayWait(GrpcLogAppender.java:169)
        at org.apache.ratis.grpc.server.GrpcLogAppender.run(GrpcLogAppender.java:128)
        at org.apache.ratis.server.leader.LogAppenderDaemon.run(LogAppenderDaemon.java:77)
        at org.apache.ratis.server.leader.LogAppenderDaemon$$Lambda$1044/613649554.run(Unknown Source)
        at java.lang.Thread.run(Thread.java:750)
"IPC Server listener on 43303" daemon prio=5 tid=6778 runnable
java.lang.Thread.State: RUNNABLE
        at sun.nio.ch.EPollArrayWrapper.epollWait(Native Method)
        at sun.nio.ch.EPollArrayWrapper.poll(EPollArrayWrapper.java:269)
        at sun.nio.ch.EPollSelectorImpl.doSelect(EPollSelectorImpl.java:93)
        at sun.nio.ch.SelectorImpl.lockAndDoSelect(SelectorImpl.java:86)
        at sun.nio.ch.SelectorImpl.select(SelectorImpl.java:97)
        at sun.nio.ch.SelectorImpl.select(SelectorImpl.java:101)
        at org.apache.hadoop.ipc.Server$Listener.run(Server.java:1358)
"Datanode State Machine Task Thread - 0"  prio=5 tid=6441 in Object.wait()
java.lang.Thread.State: WAITING (on object monitor)
        at sun.misc.Unsafe.park(Native Method)
        at java.util.concurrent.locks.LockSupport.park(LockSupport.java:175)
        at java.util.concurrent.locks.AbstractQueuedSynchronizer$ConditionObject.await(AbstractQueuedSynchronizer.java:2039)
        at java.util.concurrent.LinkedBlockingQueue.take(LinkedBlockingQueue.java:442)
        at java.util.concurrent.ThreadPoolExecutor.getTask(ThreadPoolExecutor.java:1074)
        at java.util.concurrent.ThreadPoolExecutor.runWorker(ThreadPoolExecutor.java:1134)
        at java.util.concurrent.ThreadPoolExecutor$Worker.run(ThreadPoolExecutor.java:624)
        at java.lang.Thread.run(Thread.java:750)
"8734203a-70d5-40c1-ad48-a2d447aaef1c@group-FCBD4FB1A539-StateMachineUpdater" daemon prio=5 tid=6709 timed_waiting
java.lang.Thread.State: TIMED_WAITING
        at sun.misc.Unsafe.park(Native Method)
        at java.util.concurrent.locks.LockSupport.parkNanos(LockSupport.java:215)
        at java.util.concurrent.CompletableFuture$Signaller.block(CompletableFuture.java:1709)
        at java.util.concurrent.ForkJoinPool.managedBlock(ForkJoinPool.java:3323)
        at java.util.concurrent.CompletableFuture.timedGet(CompletableFuture.java:1788)
        at java.util.concurrent.CompletableFuture.get(CompletableFuture.java:1928)
        at org.apache.ratis.util.AwaitForSignal.await(AwaitForSignal.java:56)
        at org.apache.ratis.server.impl.StateMachineUpdater.waitForCommit(StateMachineUpdater.java:207)
        at org.apache.ratis.server.impl.StateMachineUpdater.run(StateMachineUpdater.java:176)
        at java.lang.Thread.run(Thread.java:750)
"Session-HouseKeeper-29f2e2cb-1"  prio=5 tid=4004 timed_waiting
java.lang.Thread.State: TIMED_WAITING
        at sun.misc.Unsafe.park(Native Method)
        at java.util.concurrent.locks.LockSupport.parkNanos(LockSupport.java:215)
        at java.util.concurrent.locks.AbstractQueuedSynchronizer$ConditionObject.awaitNanos(AbstractQueuedSynchronizer.java:2078)
        at java.util.concurrent.ScheduledThreadPoolExecutor$DelayedWorkQueue.take(ScheduledThreadPoolExecutor.java:1093)
        at java.util.concurrent.ScheduledThreadPoolExecutor$DelayedWorkQueue.take(ScheduledThreadPoolExecutor.java:809)
        at java.util.concurrent.ThreadPoolExecutor.getTask(ThreadPoolExecutor.java:1074)
        at java.util.concurrent.ThreadPoolExecutor.runWorker(ThreadPoolExecutor.java:1134)
        at java.util.concurrent.ThreadPoolExecutor$Worker.run(ThreadPoolExecutor.java:624)
        at java.lang.Thread.run(Thread.java:750)
"Datanode State Machine Task Thread - 0"  prio=5 tid=6406 in Object.wait()
java.lang.Thread.State: WAITING (on object monitor)
        at sun.misc.Unsafe.park(Native Method)
        at java.util.concurrent.locks.LockSupport.park(LockSupport.java:175)
        at java.util.concurrent.locks.AbstractQueuedSynchronizer$ConditionObject.await(AbstractQueuedSynchronizer.java:2039)
        at java.util.concurrent.LinkedBlockingQueue.take(LinkedBlockingQueue.java:442)
        at java.util.concurrent.ThreadPoolExecutor.getTask(ThreadPoolExecutor.java:1074)
        at java.util.concurrent.ThreadPoolExecutor.runWorker(ThreadPoolExecutor.java:1134)
        at java.util.concurrent.ThreadPoolExecutor$Worker.run(ThreadPoolExecutor.java:624)
        at java.lang.Thread.run(Thread.java:750)
"qtp1307868917-5228" daemon prio=5 tid=5228 timed_waiting
java.lang.Thread.State: TIMED_WAITING
        at sun.misc.Unsafe.park(Native Method)
        at java.util.concurrent.locks.LockSupport.parkNanos(LockSupport.java:215)
        at java.util.concurrent.locks.AbstractQueuedSynchronizer$ConditionObject.awaitNanos(AbstractQueuedSynchronizer.java:2078)
        at org.eclipse.jetty.util.BlockingArrayQueue.poll(BlockingArrayQueue.java:382)
        at org.eclipse.jetty.util.thread.QueuedThreadPool$Runner.idleJobPoll(QueuedThreadPool.java:974)
        at org.eclipse.jetty.util.thread.QueuedThreadPool$Runner.run(QueuedThreadPool.java:1018)
        at java.lang.Thread.run(Thread.java:750)
"org.apache.hadoop.ozone.container.common.statemachine.commandhandler.DeleteBlocksCommandHandler$DeleteCmdWorker@3461e63c" daemon prio=5 tid=5219 timed_waiting
java.lang.Thread.State: TIMED_WAITING
        at java.lang.Thread.sleep(Native Method)
        at org.apache.hadoop.ozone.container.common.statemachine.commandhandler.DeleteBlocksCommandHandler$DeleteCmdWorker.run(DeleteBlocksCommandHandler.java:183)
        at java.lang.Thread.run(Thread.java:750)
"pool-3016-thread-1"  prio=5 tid=5221 timed_waiting
java.lang.Thread.State: TIMED_WAITING
        at sun.misc.Unsafe.park(Native Method)
        at java.util.concurrent.locks.LockSupport.parkNanos(LockSupport.java:215)
        at java.util.concurrent.locks.AbstractQueuedSynchronizer$ConditionObject.awaitNanos(AbstractQueuedSynchronizer.java:2078)
        at java.util.concurrent.ScheduledThreadPoolExecutor$DelayedWorkQueue.take(ScheduledThreadPoolExecutor.java:1093)
        at java.util.concurrent.ScheduledThreadPoolExecutor$DelayedWorkQueue.take(ScheduledThreadPoolExecutor.java:809)
        at java.util.concurrent.ThreadPoolExecutor.getTask(ThreadPoolExecutor.java:1074)
        at java.util.concurrent.ThreadPoolExecutor.runWorker(ThreadPoolExecutor.java:1134)
        at java.util.concurrent.ThreadPoolExecutor$Worker.run(ThreadPoolExecutor.java:624)
        at java.lang.Thread.run(Thread.java:750)
"EventQueue-DatanodeCommandForSCMNodeManager"  prio=5 tid=6501 in Object.wait()
java.lang.Thread.State: WAITING (on object monitor)
        at sun.misc.Unsafe.park(Native Method)
        at java.util.concurrent.locks.LockSupport.park(LockSupport.java:175)
        at java.util.concurrent.locks.AbstractQueuedSynchronizer$ConditionObject.await(AbstractQueuedSynchronizer.java:2039)
        at java.util.concurrent.LinkedBlockingQueue.take(LinkedBlockingQueue.java:442)
        at java.util.concurrent.ThreadPoolExecutor.getTask(ThreadPoolExecutor.java:1074)
        at java.util.concurrent.ThreadPoolExecutor.runWorker(ThreadPoolExecutor.java:1134)
        at java.util.concurrent.ThreadPoolExecutor$Worker.run(ThreadPoolExecutor.java:624)
        at java.lang.Thread.run(Thread.java:750)
"IPC Server handler 8 on default port 40173" daemon prio=5 tid=6116 timed_waiting
java.lang.Thread.State: TIMED_WAITING
        at sun.misc.Unsafe.park(Native Method)
        at java.util.concurrent.locks.LockSupport.parkNanos(LockSupport.java:215)
        at java.util.concurrent.locks.AbstractQueuedSynchronizer$ConditionObject.awaitNanos(AbstractQueuedSynchronizer.java:2078)
        at java.util.concurrent.LinkedBlockingQueue.poll(LinkedBlockingQueue.java:467)
        at org.apache.hadoop.ipc.CallQueueManager.take(CallQueueManager.java:317)
        at org.apache.hadoop.ipc.Server$Handler.run(Server.java:2942)
"Command processor thread" daemon prio=5 tid=4128 timed_waiting
java.lang.Thread.State: TIMED_WAITING
        at java.lang.Thread.sleep(Native Method)
        at org.apache.hadoop.ozone.container.common.statemachine.DatanodeStateMachine.lambda$initCommandHandlerThread$3(DatanodeStateMachine.java:628)
        at org.apache.hadoop.ozone.container.common.statemachine.DatanodeStateMachine$$Lambda$763/1762238644.run(Unknown Source)
        at java.lang.Thread.run(Thread.java:750)
"IPC Server handler 13 on default port 40471" daemon prio=5 tid=6804 timed_waiting
java.lang.Thread.State: TIMED_WAITING
        at sun.misc.Unsafe.park(Native Method)
        at java.util.concurrent.locks.LockSupport.parkNanos(LockSupport.java:215)
        at java.util.concurrent.locks.AbstractQueuedSynchronizer$ConditionObject.awaitNanos(AbstractQueuedSynchronizer.java:2078)
        at java.util.concurrent.LinkedBlockingQueue.poll(LinkedBlockingQueue.java:467)
        at org.apache.hadoop.ipc.CallQueueManager.take(CallQueueManager.java:317)
        at org.apache.hadoop.ipc.Server$Handler.run(Server.java:2942)
"ed0c9528-2c8b-4614-9eef-2d120a058ddc-server-thread2" daemon prio=5 tid=7003 timed_waiting
java.lang.Thread.State: TIMED_WAITING
        at sun.misc.Unsafe.park(Native Method)
        at java.util.concurrent.locks.LockSupport.parkNanos(LockSupport.java:215)
        at java.util.concurrent.SynchronousQueue$TransferStack.awaitFulfill(SynchronousQueue.java:460)
        at java.util.concurrent.SynchronousQueue$TransferStack.transfer(SynchronousQueue.java:362)
        at java.util.concurrent.SynchronousQueue.poll(SynchronousQueue.java:941)
        at java.util.concurrent.ThreadPoolExecutor.getTask(ThreadPoolExecutor.java:1073)
        at java.util.concurrent.ThreadPoolExecutor.runWorker(ThreadPoolExecutor.java:1134)
        at java.util.concurrent.ThreadPoolExecutor$Worker.run(ThreadPoolExecutor.java:624)
        at java.lang.Thread.run(Thread.java:750)
"FixedThreadPoolWithAffinityExecutor-9-0" daemon prio=5 tid=5429 in Object.wait()
java.lang.Thread.State: WAITING (on object monitor)
        at sun.misc.Unsafe.park(Native Method)
        at java.util.concurrent.locks.LockSupport.park(LockSupport.java:175)
        at java.util.concurrent.locks.AbstractQueuedSynchronizer$ConditionObject.await(AbstractQueuedSynchronizer.java:2039)
        at java.util.concurrent.LinkedBlockingDeque.takeFirst(LinkedBlockingDeque.java:492)
        at java.util.concurrent.LinkedBlockingDeque.take(LinkedBlockingDeque.java:680)
        at java.util.concurrent.ThreadPoolExecutor.getTask(ThreadPoolExecutor.java:1074)
        at java.util.concurrent.ThreadPoolExecutor.runWorker(ThreadPoolExecutor.java:1134)
        at java.util.concurrent.ThreadPoolExecutor$Worker.run(ThreadPoolExecutor.java:624)
        at java.lang.Thread.run(Thread.java:750)
"EndpointStateMachine task thread for /0.0.0.0:42971 - 0 "  prio=5 tid=4134 in Object.wait()
java.lang.Thread.State: WAITING (on object monitor)
        at sun.misc.Unsafe.park(Native Method)
        at java.util.concurrent.locks.LockSupport.park(LockSupport.java:175)
        at java.util.concurrent.locks.AbstractQueuedSynchronizer$ConditionObject.await(AbstractQueuedSynchronizer.java:2039)
        at java.util.concurrent.LinkedBlockingQueue.take(LinkedBlockingQueue.java:442)
        at java.util.concurrent.ThreadPoolExecutor.getTask(ThreadPoolExecutor.java:1074)
        at java.util.concurrent.ThreadPoolExecutor.runWorker(ThreadPoolExecutor.java:1134)
        at java.util.concurrent.ThreadPoolExecutor$Worker.run(ThreadPoolExecutor.java:624)
        at java.lang.Thread.run(Thread.java:750)
"qtp1623233807-3998" daemon prio=5 tid=3998 timed_waiting
java.lang.Thread.State: TIMED_WAITING
        at sun.misc.Unsafe.park(Native Method)
        at java.util.concurrent.locks.LockSupport.parkNanos(LockSupport.java:215)
        at java.util.concurrent.locks.AbstractQueuedSynchronizer$ConditionObject.awaitNanos(AbstractQueuedSynchronizer.java:2078)
        at org.eclipse.jetty.util.BlockingArrayQueue.poll(BlockingArrayQueue.java:382)
        at org.eclipse.jetty.util.thread.QueuedThreadPool$Runner.idleJobPoll(QueuedThreadPool.java:974)
        at org.eclipse.jetty.util.thread.QueuedThreadPool$Runner.run(QueuedThreadPool.java:1018)
        at java.lang.Thread.run(Thread.java:750)
"Session-HouseKeeper-934cb89-1"  prio=5 tid=5289 timed_waiting
java.lang.Thread.State: TIMED_WAITING
        at sun.misc.Unsafe.park(Native Method)
        at java.util.concurrent.locks.LockSupport.parkNanos(LockSupport.java:215)
        at java.util.concurrent.locks.AbstractQueuedSynchronizer$ConditionObject.awaitNanos(AbstractQueuedSynchronizer.java:2078)
        at java.util.concurrent.ScheduledThreadPoolExecutor$DelayedWorkQueue.take(ScheduledThreadPoolExecutor.java:1093)
        at java.util.concurrent.ScheduledThreadPoolExecutor$DelayedWorkQueue.take(ScheduledThreadPoolExecutor.java:809)
        at java.util.concurrent.ThreadPoolExecutor.getTask(ThreadPoolExecutor.java:1074)
        at java.util.concurrent.ThreadPoolExecutor.runWorker(ThreadPoolExecutor.java:1134)
        at java.util.concurrent.ThreadPoolExecutor$Worker.run(ThreadPoolExecutor.java:624)
        at java.lang.Thread.run(Thread.java:750)
"Datanode ReportManager Thread - 4" daemon prio=5 tid=5258 timed_waiting
java.lang.Thread.State: TIMED_WAITING
        at sun.misc.Unsafe.park(Native Method)
        at java.util.concurrent.locks.LockSupport.parkNanos(LockSupport.java:215)
        at java.util.concurrent.locks.AbstractQueuedSynchronizer$ConditionObject.awaitNanos(AbstractQueuedSynchronizer.java:2078)
        at java.util.concurrent.ScheduledThreadPoolExecutor$DelayedWorkQueue.take(ScheduledThreadPoolExecutor.java:1093)
        at java.util.concurrent.ScheduledThreadPoolExecutor$DelayedWorkQueue.take(ScheduledThreadPoolExecutor.java:809)
        at java.util.concurrent.ThreadPoolExecutor.getTask(ThreadPoolExecutor.java:1074)
        at java.util.concurrent.ThreadPoolExecutor.runWorker(ThreadPoolExecutor.java:1134)
        at java.util.concurrent.ThreadPoolExecutor$Worker.run(ThreadPoolExecutor.java:624)
        at java.lang.Thread.run(Thread.java:750)
"FixedThreadPoolWithAffinityExecutor-9-0" daemon prio=5 tid=6872 in Object.wait()
java.lang.Thread.State: WAITING (on object monitor)
        at sun.misc.Unsafe.park(Native Method)
        at java.util.concurrent.locks.LockSupport.park(LockSupport.java:175)
        at java.util.concurrent.locks.AbstractQueuedSynchronizer$ConditionObject.await(AbstractQueuedSynchronizer.java:2039)
        at java.util.concurrent.LinkedBlockingDeque.takeFirst(LinkedBlockingDeque.java:492)
        at java.util.concurrent.LinkedBlockingDeque.take(LinkedBlockingDeque.java:680)
        at java.util.concurrent.ThreadPoolExecutor.getTask(ThreadPoolExecutor.java:1074)
        at java.util.concurrent.ThreadPoolExecutor.runWorker(ThreadPoolExecutor.java:1134)
        at java.util.concurrent.ThreadPoolExecutor$Worker.run(ThreadPoolExecutor.java:624)
        at java.lang.Thread.run(Thread.java:750)
"IPC Server idle connection scanner for port 36781" daemon prio=5 tid=4543 timed_waiting
java.lang.Thread.State: TIMED_WAITING
        at java.lang.Object.wait(Native Method)
        at java.util.TimerThread.mainLoop(Timer.java:552)
        at java.util.TimerThread.run(Timer.java:505)
"IPC Server handler 10 on default port 43819" daemon prio=5 tid=5852 timed_waiting
java.lang.Thread.State: TIMED_WAITING
        at sun.misc.Unsafe.park(Native Method)
        at java.util.concurrent.locks.LockSupport.parkNanos(LockSupport.java:215)
        at java.util.concurrent.locks.AbstractQueuedSynchronizer$ConditionObject.awaitNanos(AbstractQueuedSynchronizer.java:2078)
        at java.util.concurrent.LinkedBlockingQueue.poll(LinkedBlockingQueue.java:467)
        at org.apache.hadoop.ipc.CallQueueManager.take(CallQueueManager.java:317)
        at org.apache.hadoop.ipc.Server$Handler.run(Server.java:2942)
"ChunkWriter-2-0" daemon prio=5 tid=5378 in Object.wait()
java.lang.Thread.State: WAITING (on object monitor)
        at sun.misc.Unsafe.park(Native Method)
        at java.util.concurrent.locks.LockSupport.park(LockSupport.java:175)
        at java.util.concurrent.locks.AbstractQueuedSynchronizer$ConditionObject.await(AbstractQueuedSynchronizer.java:2039)
        at java.util.concurrent.LinkedBlockingDeque.takeFirst(LinkedBlockingDeque.java:492)
        at java.util.concurrent.LinkedBlockingDeque.take(LinkedBlockingDeque.java:680)
        at java.util.concurrent.ThreadPoolExecutor.getTask(ThreadPoolExecutor.java:1074)
        at java.util.concurrent.ThreadPoolExecutor.runWorker(ThreadPoolExecutor.java:1134)
        at java.util.concurrent.ThreadPoolExecutor$Worker.run(ThreadPoolExecutor.java:624)
        at java.lang.Thread.run(Thread.java:750)
"87a1f2dd-43fb-444c-bcbf-3c07980bc85d@group-035BFDE93518-StateMachineUpdater" daemon prio=5 tid=4290 timed_waiting
java.lang.Thread.State: TIMED_WAITING
        at sun.misc.Unsafe.park(Native Method)
        at java.util.concurrent.locks.LockSupport.parkNanos(LockSupport.java:215)
        at java.util.concurrent.CompletableFuture$Signaller.block(CompletableFuture.java:1709)
        at java.util.concurrent.ForkJoinPool.managedBlock(ForkJoinPool.java:3323)
        at java.util.concurrent.CompletableFuture.timedGet(CompletableFuture.java:1788)
        at java.util.concurrent.CompletableFuture.get(CompletableFuture.java:1928)
        at org.apache.ratis.util.AwaitForSignal.await(AwaitForSignal.java:56)
        at org.apache.ratis.server.impl.StateMachineUpdater.waitForCommit(StateMachineUpdater.java:207)
        at org.apache.ratis.server.impl.StateMachineUpdater.run(StateMachineUpdater.java:176)
        at java.lang.Thread.run(Thread.java:750)
"IPC Server handler 0 on default port 42971" daemon prio=5 tid=6831 timed_waiting
java.lang.Thread.State: TIMED_WAITING
        at sun.misc.Unsafe.park(Native Method)
        at java.util.concurrent.locks.LockSupport.parkNanos(LockSupport.java:215)
        at java.util.concurrent.locks.AbstractQueuedSynchronizer$ConditionObject.awaitNanos(AbstractQueuedSynchronizer.java:2078)
        at java.util.concurrent.LinkedBlockingQueue.poll(LinkedBlockingQueue.java:467)
        at org.apache.hadoop.ipc.CallQueueManager.take(CallQueueManager.java:317)
        at org.apache.hadoop.ipc.Server$Handler.run(Server.java:2942)
"ChunkWriter-3-0" daemon prio=5 tid=4175 in Object.wait()
java.lang.Thread.State: WAITING (on object monitor)
        at sun.misc.Unsafe.park(Native Method)
        at java.util.concurrent.locks.LockSupport.park(LockSupport.java:175)
        at java.util.concurrent.locks.AbstractQueuedSynchronizer$ConditionObject.await(AbstractQueuedSynchronizer.java:2039)
        at java.util.concurrent.LinkedBlockingDeque.takeFirst(LinkedBlockingDeque.java:492)
        at java.util.concurrent.LinkedBlockingDeque.take(LinkedBlockingDeque.java:680)
        at java.util.concurrent.ThreadPoolExecutor.getTask(ThreadPoolExecutor.java:1074)
        at java.util.concurrent.ThreadPoolExecutor.runWorker(ThreadPoolExecutor.java:1134)
        at java.util.concurrent.ThreadPoolExecutor$Worker.run(ThreadPoolExecutor.java:624)
        at java.lang.Thread.run(Thread.java:750)
"8734203a-70d5-40c1-ad48-a2d447aaef1c@group-FCBD4FB1A539-SegmentedRaftLogWorker"  prio=5 tid=6708 timed_waiting
java.lang.Thread.State: TIMED_WAITING
        at sun.misc.Unsafe.park(Native Method)
        at java.util.concurrent.locks.LockSupport.parkNanos(LockSupport.java:215)
        at java.util.concurrent.locks.AbstractQueuedSynchronizer$ConditionObject.awaitNanos(AbstractQueuedSynchronizer.java:2078)
        at org.apache.ratis.util.DataBlockingQueue.poll(DataBlockingQueue.java:148)
        at org.apache.ratis.server.raftlog.segmented.SegmentedRaftLogWorker.run(SegmentedRaftLogWorker.java:301)
        at org.apache.ratis.server.raftlog.segmented.SegmentedRaftLogWorker$$Lambda$646/1639153477.run(Unknown Source)
        at java.lang.Thread.run(Thread.java:750)
"IPC Server handler 5 on default port 43819" daemon prio=5 tid=5847 timed_waiting
java.lang.Thread.State: TIMED_WAITING
        at sun.misc.Unsafe.park(Native Method)
        at java.util.concurrent.locks.LockSupport.parkNanos(LockSupport.java:215)
        at java.util.concurrent.locks.AbstractQueuedSynchronizer$ConditionObject.awaitNanos(AbstractQueuedSynchronizer.java:2078)
        at java.util.concurrent.LinkedBlockingQueue.poll(LinkedBlockingQueue.java:467)
        at org.apache.hadoop.ipc.CallQueueManager.take(CallQueueManager.java:317)
        at org.apache.hadoop.ipc.Server$Handler.run(Server.java:2942)
"BlockDeletingService#0" daemon prio=5 tid=5273 in Object.wait()
java.lang.Thread.State: WAITING (on object monitor)
        at sun.misc.Unsafe.park(Native Method)
        at java.util.concurrent.locks.LockSupport.park(LockSupport.java:175)
        at java.util.concurrent.locks.AbstractQueuedSynchronizer$ConditionObject.await(AbstractQueuedSynchronizer.java:2039)
        at java.util.concurrent.ScheduledThreadPoolExecutor$DelayedWorkQueue.take(ScheduledThreadPoolExecutor.java:1088)
        at java.util.concurrent.ScheduledThreadPoolExecutor$DelayedWorkQueue.take(ScheduledThreadPoolExecutor.java:809)
        at java.util.concurrent.ThreadPoolExecutor.getTask(ThreadPoolExecutor.java:1074)
        at java.util.concurrent.ThreadPoolExecutor.runWorker(ThreadPoolExecutor.java:1134)
        at java.util.concurrent.ThreadPoolExecutor$Worker.run(ThreadPoolExecutor.java:624)
        at java.lang.Thread.run(Thread.java:750)
"IPC Server handler 19 on default port 35375" daemon prio=5 tid=4895 timed_waiting
java.lang.Thread.State: TIMED_WAITING
        at sun.misc.Unsafe.park(Native Method)
        at java.util.concurrent.locks.LockSupport.parkNanos(LockSupport.java:215)
        at java.util.concurrent.locks.AbstractQueuedSynchronizer$ConditionObject.awaitNanos(AbstractQueuedSynchronizer.java:2078)
        at java.util.concurrent.LinkedBlockingQueue.poll(LinkedBlockingQueue.java:467)
        at org.apache.hadoop.ipc.CallQueueManager.take(CallQueueManager.java:317)
        at org.apache.hadoop.ipc.Server$Handler.run(Server.java:2942)
"pool-2542-thread-1"  prio=5 tid=4643 timed_waiting
java.lang.Thread.State: TIMED_WAITING
        at sun.misc.Unsafe.park(Native Method)
        at java.util.concurrent.locks.LockSupport.parkNanos(LockSupport.java:215)
        at java.util.concurrent.locks.AbstractQueuedSynchronizer$ConditionObject.awaitNanos(AbstractQueuedSynchronizer.java:2078)
        at java.util.concurrent.ScheduledThreadPoolExecutor$DelayedWorkQueue.take(ScheduledThreadPoolExecutor.java:1093)
        at java.util.concurrent.ScheduledThreadPoolExecutor$DelayedWorkQueue.take(ScheduledThreadPoolExecutor.java:809)
        at java.util.concurrent.ThreadPoolExecutor.getTask(ThreadPoolExecutor.java:1074)
        at java.util.concurrent.ThreadPoolExecutor.runWorker(ThreadPoolExecutor.java:1134)
        at java.util.concurrent.ThreadPoolExecutor$Worker.run(ThreadPoolExecutor.java:624)
        at java.lang.Thread.run(Thread.java:750)
"org.apache.ratis.util.JvmPauseMonitor$$Lambda$718/783493338@a37998" daemon prio=5 tid=4176 timed_waiting
java.lang.Thread.State: TIMED_WAITING
        at java.lang.Thread.sleep(Native Method)
        at java.lang.Thread.sleep(Thread.java:342)
        at java.util.concurrent.TimeUnit.sleep(TimeUnit.java:386)
        at org.apache.ratis.util.TimeDuration.sleep(TimeDuration.java:325)
        at org.apache.ratis.util.TimeDuration.sleep(TimeDuration.java:310)
        at org.apache.ratis.util.JvmPauseMonitor.detectPause(JvmPauseMonitor.java:117)
        at org.apache.ratis.util.JvmPauseMonitor.run(JvmPauseMonitor.java:106)
        at org.apache.ratis.util.JvmPauseMonitor$$Lambda$718/783493338.run(Unknown Source)
        at java.lang.Thread.run(Thread.java:750)
"qtp2029208225-5024" daemon prio=5 tid=5024 timed_waiting
java.lang.Thread.State: TIMED_WAITING
        at sun.misc.Unsafe.park(Native Method)
        at java.util.concurrent.locks.LockSupport.parkNanos(LockSupport.java:215)
        at java.util.concurrent.locks.AbstractQueuedSynchronizer$ConditionObject.awaitNanos(AbstractQueuedSynchronizer.java:2078)
        at org.eclipse.jetty.util.BlockingArrayQueue.poll(BlockingArrayQueue.java:382)
        at org.eclipse.jetty.util.thread.QueuedThreadPool$Runner.idleJobPoll(QueuedThreadPool.java:974)
        at org.eclipse.jetty.util.thread.QueuedThreadPool$Runner.run(QueuedThreadPool.java:1018)
        at java.lang.Thread.run(Thread.java:750)
"Datanode ReportManager Thread - 0" daemon prio=5 tid=6301 in Object.wait()
java.lang.Thread.State: WAITING (on object monitor)
        at sun.misc.Unsafe.park(Native Method)
        at java.util.concurrent.locks.LockSupport.park(LockSupport.java:175)
        at java.util.concurrent.locks.AbstractQueuedSynchronizer$ConditionObject.await(AbstractQueuedSynchronizer.java:2039)
        at java.util.concurrent.ScheduledThreadPoolExecutor$DelayedWorkQueue.take(ScheduledThreadPoolExecutor.java:1088)
        at java.util.concurrent.ScheduledThreadPoolExecutor$DelayedWorkQueue.take(ScheduledThreadPoolExecutor.java:809)
        at java.util.concurrent.ThreadPoolExecutor.getTask(ThreadPoolExecutor.java:1074)
        at java.util.concurrent.ThreadPoolExecutor.runWorker(ThreadPoolExecutor.java:1134)
        at java.util.concurrent.ThreadPoolExecutor$Worker.run(ThreadPoolExecutor.java:624)
        at java.lang.Thread.run(Thread.java:750)
"Datanode State Machine Task Thread - 0"  prio=5 tid=5053 in Object.wait()
java.lang.Thread.State: WAITING (on object monitor)
        at sun.misc.Unsafe.park(Native Method)
        at java.util.concurrent.locks.LockSupport.park(LockSupport.java:175)
        at java.util.concurrent.locks.AbstractQueuedSynchronizer$ConditionObject.await(AbstractQueuedSynchronizer.java:2039)
        at java.util.concurrent.LinkedBlockingQueue.take(LinkedBlockingQueue.java:442)
        at java.util.concurrent.ThreadPoolExecutor.getTask(ThreadPoolExecutor.java:1074)
        at java.util.concurrent.ThreadPoolExecutor.runWorker(ThreadPoolExecutor.java:1134)
        at java.util.concurrent.ThreadPoolExecutor$Worker.run(ThreadPoolExecutor.java:624)
        at java.lang.Thread.run(Thread.java:750)
"SCM Heartbeat Processing Thread - 0" daemon prio=5 tid=5806 timed_waiting
java.lang.Thread.State: TIMED_WAITING
        at sun.misc.Unsafe.park(Native Method)
        at java.util.concurrent.locks.LockSupport.parkNanos(LockSupport.java:215)
        at java.util.concurrent.locks.AbstractQueuedSynchronizer$ConditionObject.awaitNanos(AbstractQueuedSynchronizer.java:2078)
        at java.util.concurrent.ScheduledThreadPoolExecutor$DelayedWorkQueue.take(ScheduledThreadPoolExecutor.java:1093)
        at java.util.concurrent.ScheduledThreadPoolExecutor$DelayedWorkQueue.take(ScheduledThreadPoolExecutor.java:809)
        at java.util.concurrent.ThreadPoolExecutor.getTask(ThreadPoolExecutor.java:1074)
        at java.util.concurrent.ThreadPoolExecutor.runWorker(ThreadPoolExecutor.java:1134)
        at java.util.concurrent.ThreadPoolExecutor$Worker.run(ThreadPoolExecutor.java:624)
        at java.lang.Thread.run(Thread.java:750)
"qtp1906917657-4650" daemon prio=5 tid=4650 timed_waiting
java.lang.Thread.State: TIMED_WAITING
        at sun.misc.Unsafe.park(Native Method)
        at java.util.concurrent.locks.LockSupport.parkNanos(LockSupport.java:215)
        at java.util.concurrent.locks.AbstractQueuedSynchronizer$ConditionObject.awaitNanos(AbstractQueuedSynchronizer.java:2078)
        at org.eclipse.jetty.util.BlockingArrayQueue.poll(BlockingArrayQueue.java:382)
        at org.eclipse.jetty.util.thread.QueuedThreadPool$Runner.idleJobPoll(QueuedThreadPool.java:974)
        at org.eclipse.jetty.util.thread.QueuedThreadPool$Runner.run(QueuedThreadPool.java:1018)
        at java.lang.Thread.run(Thread.java:750)
"BlockDeletingService#1" daemon prio=5 tid=4159 timed_waiting
java.lang.Thread.State: TIMED_WAITING
        at sun.misc.Unsafe.park(Native Method)
        at java.util.concurrent.locks.LockSupport.parkNanos(LockSupport.java:215)
        at java.util.concurrent.locks.AbstractQueuedSynchronizer$ConditionObject.awaitNanos(AbstractQueuedSynchronizer.java:2078)
        at java.util.concurrent.ScheduledThreadPoolExecutor$DelayedWorkQueue.take(ScheduledThreadPoolExecutor.java:1093)
        at java.util.concurrent.ScheduledThreadPoolExecutor$DelayedWorkQueue.take(ScheduledThreadPoolExecutor.java:809)
        at java.util.concurrent.ThreadPoolExecutor.getTask(ThreadPoolExecutor.java:1074)
        at java.util.concurrent.ThreadPoolExecutor.runWorker(ThreadPoolExecutor.java:1134)
        at java.util.concurrent.ThreadPoolExecutor$Worker.run(ThreadPoolExecutor.java:624)
        at java.lang.Thread.run(Thread.java:750)
"Command processor thread" daemon prio=5 tid=3985 timed_waiting
java.lang.Thread.State: TIMED_WAITING
        at java.lang.Thread.sleep(Native Method)
        at org.apache.hadoop.ozone.container.common.statemachine.DatanodeStateMachine.lambda$initCommandHandlerThread$3(DatanodeStateMachine.java:628)
        at org.apache.hadoop.ozone.container.common.statemachine.DatanodeStateMachine$$Lambda$763/1762238644.run(Unknown Source)
        at java.lang.Thread.run(Thread.java:750)
"pool-3722-thread-1" daemon prio=5 tid=6284 timed_waiting
java.lang.Thread.State: TIMED_WAITING
        at sun.misc.Unsafe.park(Native Method)
        at java.util.concurrent.locks.LockSupport.parkNanos(LockSupport.java:215)
        at java.util.concurrent.locks.AbstractQueuedSynchronizer$ConditionObject.awaitNanos(AbstractQueuedSynchronizer.java:2078)
        at java.util.concurrent.ScheduledThreadPoolExecutor$DelayedWorkQueue.take(ScheduledThreadPoolExecutor.java:1093)
        at java.util.concurrent.ScheduledThreadPoolExecutor$DelayedWorkQueue.take(ScheduledThreadPoolExecutor.java:809)
        at java.util.concurrent.ThreadPoolExecutor.getTask(ThreadPoolExecutor.java:1074)
        at java.util.concurrent.ThreadPoolExecutor.runWorker(ThreadPoolExecutor.java:1134)
        at java.util.concurrent.ThreadPoolExecutor$Worker.run(ThreadPoolExecutor.java:624)
        at java.lang.Thread.run(Thread.java:750)
"IPC Server handler 17 on default port 35375" daemon prio=5 tid=4893 timed_waiting
java.lang.Thread.State: TIMED_WAITING
        at sun.misc.Unsafe.park(Native Method)
        at java.util.concurrent.locks.LockSupport.parkNanos(LockSupport.java:215)
        at java.util.concurrent.locks.AbstractQueuedSynchronizer$ConditionObject.awaitNanos(AbstractQueuedSynchronizer.java:2078)
        at java.util.concurrent.LinkedBlockingQueue.poll(LinkedBlockingQueue.java:467)
        at org.apache.hadoop.ipc.CallQueueManager.take(CallQueueManager.java:317)
        at org.apache.hadoop.ipc.Server$Handler.run(Server.java:2942)
"Command processor thread" daemon prio=5 tid=4013 timed_waiting
java.lang.Thread.State: TIMED_WAITING
        at java.lang.Thread.sleep(Native Method)
        at org.apache.hadoop.ozone.container.common.statemachine.DatanodeStateMachine.lambda$initCommandHandlerThread$3(DatanodeStateMachine.java:628)
        at org.apache.hadoop.ozone.container.common.statemachine.DatanodeStateMachine$$Lambda$763/1762238644.run(Unknown Source)
        at java.lang.Thread.run(Thread.java:750)
"BlockDeletingService#2" daemon prio=5 tid=6997 in Object.wait()
java.lang.Thread.State: WAITING (on object monitor)
        at sun.misc.Unsafe.park(Native Method)
        at java.util.concurrent.locks.LockSupport.park(LockSupport.java:175)
        at java.util.concurrent.locks.AbstractQueuedSynchronizer$ConditionObject.await(AbstractQueuedSynchronizer.java:2039)
        at java.util.concurrent.ScheduledThreadPoolExecutor$DelayedWorkQueue.take(ScheduledThreadPoolExecutor.java:1088)
        at java.util.concurrent.ScheduledThreadPoolExecutor$DelayedWorkQueue.take(ScheduledThreadPoolExecutor.java:809)
        at java.util.concurrent.ThreadPoolExecutor.getTask(ThreadPoolExecutor.java:1074)
        at java.util.concurrent.ThreadPoolExecutor.runWorker(ThreadPoolExecutor.java:1134)
        at java.util.concurrent.ThreadPoolExecutor$Worker.run(ThreadPoolExecutor.java:624)
        at java.lang.Thread.run(Thread.java:750)
"Socket Reader #1 for port 0"  prio=5 tid=5823 runnable
java.lang.Thread.State: RUNNABLE
        at sun.nio.ch.EPollArrayWrapper.epollWait(Native Method)
        at sun.nio.ch.EPollArrayWrapper.poll(EPollArrayWrapper.java:269)
        at sun.nio.ch.EPollSelectorImpl.doSelect(EPollSelectorImpl.java:93)
        at sun.nio.ch.SelectorImpl.lockAndDoSelect(SelectorImpl.java:86)
        at sun.nio.ch.SelectorImpl.select(SelectorImpl.java:97)
        at sun.nio.ch.SelectorImpl.select(SelectorImpl.java:101)
        at org.apache.hadoop.ipc.Server$Listener$Reader.doRunLoop(Server.java:1296)
        at org.apache.hadoop.ipc.Server$Listener$Reader.run(Server.java:1275)
"pool-3699-thread-1" daemon prio=5 tid=6254 timed_waiting
java.lang.Thread.State: TIMED_WAITING
        at sun.misc.Unsafe.park(Native Method)
        at java.util.concurrent.locks.LockSupport.parkNanos(LockSupport.java:215)
        at java.util.concurrent.locks.AbstractQueuedSynchronizer$ConditionObject.awaitNanos(AbstractQueuedSynchronizer.java:2078)
        at java.util.concurrent.ScheduledThreadPoolExecutor$DelayedWorkQueue.take(ScheduledThreadPoolExecutor.java:1093)
        at java.util.concurrent.ScheduledThreadPoolExecutor$DelayedWorkQueue.take(ScheduledThreadPoolExecutor.java:809)
        at java.util.concurrent.ThreadPoolExecutor.getTask(ThreadPoolExecutor.java:1074)
        at java.util.concurrent.ThreadPoolExecutor.runWorker(ThreadPoolExecutor.java:1134)
        at java.util.concurrent.ThreadPoolExecutor$Worker.run(ThreadPoolExecutor.java:624)
        at java.lang.Thread.run(Thread.java:750)


	at org.apache.ozone.test.GenericTestUtils.waitFor(GenericTestUtils.java:224)
	at org.apache.hadoop.ozone.scm.node.TestDecommissionAndMaintenance.testSCMHandlesRestartForMaintenanceNode(TestDecommissionAndMaintenance.java:585)
	at sun.reflect.NativeMethodAccessorImpl.invoke0(Native Method)
	at sun.reflect.NativeMethodAccessorImpl.invoke(NativeMethodAccessorImpl.java:62)
	at sun.reflect.DelegatingMethodAccessorImpl.invoke(DelegatingMethodAccessorImpl.java:43)
	at java.lang.reflect.Method.invoke(Method.java:498)
	at org.junit.platform.commons.util.ReflectionUtils.invokeMethod(ReflectionUtils.java:725)
	at org.junit.jupiter.engine.execution.MethodInvocation.proceed(MethodInvocation.java:60)
	at org.junit.jupiter.engine.execution.InvocationInterceptorChain$ValidatingInvocation.proceed(InvocationInterceptorChain.java:131)
	at org.junit.jupiter.engine.extension.TimeoutExtension.intercept(TimeoutExtension.java:149)
	at org.junit.jupiter.engine.extension.TimeoutExtension.interceptTestableMethod(TimeoutExtension.java:140)
	at org.junit.jupiter.engine.extension.TimeoutExtension.interceptTestMethod(TimeoutExtension.java:84)
	at org.junit.jupiter.engine.execution.ExecutableInvoker$ReflectiveInterceptorCall.lambda$ofVoidMethod$0(ExecutableInvoker.java:115)
	at org.junit.jupiter.engine.execution.ExecutableInvoker.lambda$invoke$0(ExecutableInvoker.java:105)
	at org.junit.jupiter.engine.execution.InvocationInterceptorChain$InterceptedInvocation.proceed(InvocationInterceptorChain.java:106)
	at org.junit.jupiter.engine.execution.InvocationInterceptorChain.proceed(InvocationInterceptorChain.java:64)
	at org.junit.jupiter.engine.execution.InvocationInterceptorChain.chainAndInvoke(InvocationInterceptorChain.java:45)
	at org.junit.jupiter.engine.execution.InvocationInterceptorChain.invoke(InvocationInterceptorChain.java:37)
	at org.junit.jupiter.engine.execution.ExecutableInvoker.invoke(ExecutableInvoker.java:104)
	at org.junit.jupiter.engine.execution.ExecutableInvoker.invoke(ExecutableInvoker.java:98)
	at org.junit.jupiter.engine.descriptor.TestMethodTestDescriptor.lambda$invokeTestMethod$7(TestMethodTestDescriptor.java:214)
	at org.junit.platform.engine.support.hierarchical.ThrowableCollector.execute(ThrowableCollector.java:73)
	at org.junit.jupiter.engine.descriptor.TestMethodTestDescriptor.invokeTestMethod(TestMethodTestDescriptor.java:210)
	at org.junit.jupiter.engine.descriptor.TestMethodTestDescriptor.execute(TestMethodTestDescriptor.java:135)
	at org.junit.jupiter.engine.descriptor.TestMethodTestDescriptor.execute(TestMethodTestDescriptor.java:66)
	at org.junit.platform.engine.support.hierarchical.NodeTestTask.lambda$executeRecursively$6(NodeTestTask.java:151)
	at org.junit.platform.engine.support.hierarchical.ThrowableCollector.execute(ThrowableCollector.java:73)
	at org.junit.platform.engine.support.hierarchical.NodeTestTask.lambda$executeRecursively$8(NodeTestTask.java:141)
	at org.junit.platform.engine.support.hierarchical.Node.around(Node.java:137)
	at org.junit.platform.engine.support.hierarchical.NodeTestTask.lambda$executeRecursively$9(NodeTestTask.java:139)
	at org.junit.platform.engine.support.hierarchical.ThrowableCollector.execute(ThrowableCollector.java:73)
	at org.junit.platform.engine.support.hierarchical.NodeTestTask.executeRecursively(NodeTestTask.java:138)
	at org.junit.platform.engine.support.hierarchical.NodeTestTask.execute(NodeTestTask.java:95)
	at java.util.ArrayList.forEach(ArrayList.java:1259)
	at org.junit.platform.engine.support.hierarchical.SameThreadHierarchicalTestExecutorService.invokeAll(SameThreadHierarchicalTestExecutorService.java:41)
	at org.junit.platform.engine.support.hierarchical.NodeTestTask.lambda$executeRecursively$6(NodeTestTask.java:155)
	at org.junit.platform.engine.support.hierarchical.ThrowableCollector.execute(ThrowableCollector.java:73)
	at org.junit.platform.engine.support.hierarchical.NodeTestTask.lambda$executeRecursively$8(NodeTestTask.java:141)
	at org.junit.platform.engine.support.hierarchical.Node.around(Node.java:137)
	at org.junit.platform.engine.support.hierarchical.NodeTestTask.lambda$executeRecursively$9(NodeTestTask.java:139)
	at org.junit.platform.engine.support.hierarchical.ThrowableCollector.execute(ThrowableCollector.java:73)
	at org.junit.platform.engine.support.hierarchical.NodeTestTask.executeRecursively(NodeTestTask.java:138)
	at org.junit.platform.engine.support.hierarchical.NodeTestTask.execute(NodeTestTask.java:95)
	at java.util.ArrayList.forEach(ArrayList.java:1259)
	at org.junit.platform.engine.support.hierarchical.SameThreadHierarchicalTestExecutorService.invokeAll(SameThreadHierarchicalTestExecutorService.java:41)
	at org.junit.platform.engine.support.hierarchical.NodeTestTask.lambda$executeRecursively$6(NodeTestTask.java:155)
	at org.junit.platform.engine.support.hierarchical.ThrowableCollector.execute(ThrowableCollector.java:73)
	at org.junit.platform.engine.support.hierarchical.NodeTestTask.lambda$executeRecursively$8(NodeTestTask.java:141)
	at org.junit.platform.engine.support.hierarchical.Node.around(Node.java:137)
	at org.junit.platform.engine.support.hierarchical.NodeTestTask.lambda$executeRecursively$9(NodeTestTask.java:139)
	at org.junit.platform.engine.support.hierarchical.ThrowableCollector.execute(ThrowableCollector.java:73)
	at org.junit.platform.engine.support.hierarchical.NodeTestTask.executeRecursively(NodeTestTask.java:138)
	at org.junit.platform.engine.support.hierarchical.NodeTestTask.execute(NodeTestTask.java:95)
	at org.junit.platform.engine.support.hierarchical.SameThreadHierarchicalTestExecutorService.submit(SameThreadHierarchicalTestExecutorService.java:35)
	at org.junit.platform.engine.support.hierarchical.HierarchicalTestExecutor.execute(HierarchicalTestExecutor.java:57)
	at org.junit.platform.engine.support.hierarchical.HierarchicalTestEngine.execute(HierarchicalTestEngine.java:54)
	at org.junit.platform.launcher.core.EngineExecutionOrchestrator.execute(EngineExecutionOrchestrator.java:107)
	at org.junit.platform.launcher.core.EngineExecutionOrchestrator.execute(EngineExecutionOrchestrator.java:88)
	at org.junit.platform.launcher.core.EngineExecutionOrchestrator.lambda$execute$0(EngineExecutionOrchestrator.java:54)
	at org.junit.platform.launcher.core.EngineExecutionOrchestrator.withInterceptedStreams(EngineExecutionOrchestrator.java:67)
	at org.junit.platform.launcher.core.EngineExecutionOrchestrator.execute(EngineExecutionOrchestrator.java:52)
	at org.junit.platform.launcher.core.DefaultLauncher.execute(DefaultLauncher.java:114)
	at org.junit.platform.launcher.core.DefaultLauncher.execute(DefaultLauncher.java:86)
	at org.junit.platform.launcher.core.DefaultLauncherSession$DelegatingLauncher.execute(DefaultLauncherSession.java:86)
	at org.junit.platform.launcher.core.SessionPerRequestLauncher.execute(SessionPerRequestLauncher.java:53)
	at org.apache.maven.surefire.junitplatform.JUnitPlatformProvider.execute(JUnitPlatformProvider.java:188)
	at org.apache.maven.surefire.junitplatform.JUnitPlatformProvider.invokeAllTests(JUnitPlatformProvider.java:154)
	at org.apache.maven.surefire.junitplatform.JUnitPlatformProvider.invoke(JUnitPlatformProvider.java:124)
	at org.apache.maven.surefire.booter.ForkedBooter.runSuitesInProcess(ForkedBooter.java:428)
	at org.apache.maven.surefire.booter.ForkedBooter.execute(ForkedBooter.java:162)
	at org.apache.maven.surefire.booter.ForkedBooter.run(ForkedBooter.java:562)
	at org.apache.maven.surefire.booter.ForkedBooter.main(ForkedBooter.java:548)
]]></error>
    <system-out><![CDATA[2022-10-15 07:44:26,997 [Mini-Cluster-Provider-Reap] INFO  server.RaftServer (RaftServerProxy.java:lambda$close$7(398)) - om1: close
2022-10-15 07:44:26,998 [IPC Server Responder] INFO  ipc.Server (Server.java:run(1517)) - Stopping IPC Server Responder
2022-10-15 07:44:27,000 [Mini-Cluster-Provider-Reap] INFO  server.RaftServer$Division (RaftServerImpl.java:lambda$close$4(434)) - om1@group-C5BA1605619E: shutdown
2022-10-15 07:44:27,000 [Mini-Cluster-Provider-Reap] INFO  util.JmxRegister (JmxRegister.java:unregister(73)) - Successfully un-registered JMX Bean with object name Ratis:service=RaftServer,group=group-C5BA1605619E,id=om1
2022-10-15 07:44:27,000 [Mini-Cluster-Provider-Reap] INFO  impl.RoleInfo (RoleInfo.java:shutdownLeaderState(93)) - om1: shutdown om1@group-C5BA1605619E-LeaderStateImpl
2022-10-15 07:44:27,001 [Mini-Cluster-Provider-Reap] INFO  impl.PendingRequests (PendingRequests.java:sendNotLeaderResponses(282)) - om1@group-C5BA1605619E-PendingRequests: sendNotLeaderResponses
2022-10-15 07:44:27,001 [IPC Server listener on 0] INFO  ipc.Server (Server.java:run(1384)) - Stopping IPC Server listener on 0
2022-10-15 07:44:27,002 [Listener at 127.0.0.1/35375] WARN  server.ServerUtils (ServerUtils.java:getScmDbDir(148)) - ozone.scm.db.dirs is not configured. We recommend adding this setting. Falling back to ozone.metadata.dirs instead.
2022-10-15 07:44:27,024 [Mini-Cluster-Provider-Reap] INFO  impl.StateMachineUpdater (StateMachineUpdater.java:stopAndJoin(153)) - om1@group-C5BA1605619E-StateMachineUpdater: set stopIndex = 164
2022-10-15 07:44:27,025 [om1@group-C5BA1605619E-StateMachineUpdater] INFO  ratis.OzoneManagerStateMachine (OzoneManagerStateMachine.java:takeSnapshot(441)) - Current Snapshot Index (t:1, i:164)
2022-10-15 07:44:27,025 [om1@group-C5BA1605619E-StateMachineUpdater] INFO  impl.StateMachineUpdater (StateMachineUpdater.java:takeSnapshot(287)) - om1@group-C5BA1605619E-StateMachineUpdater: Took a snapshot at index 164
2022-10-15 07:44:27,025 [om1@group-C5BA1605619E-StateMachineUpdater] INFO  impl.StateMachineUpdater (StateMachineUpdater.java:lambda$new$0(92)) - om1@group-C5BA1605619E-StateMachineUpdater: snapshotIndex: updateIncreasingly -1 -> 164
2022-10-15 07:44:27,025 [om1@group-C5BA1605619E-StateMachineUpdater] INFO  ratis.OzoneManagerStateMachine (OzoneManagerStateMachine.java:close(495)) - StateMachine has shutdown. Shutdown OzoneManager if not already shutdown.
2022-10-15 07:44:27,025 [om1@group-C5BA1605619E-StateMachineUpdater] INFO  ratis.OzoneManagerDoubleBuffer (OzoneManagerDoubleBuffer.java:stop(466)) - Stopping OMDoubleBuffer flush thread
2022-10-15 07:44:27,025 [OMDoubleBufferFlushThread] INFO  ratis.OzoneManagerDoubleBuffer (OzoneManagerDoubleBuffer.java:flushTransactions(385)) - OMDoubleBuffer flush thread OMDoubleBufferFlushThread is interrupted and will exit.
2022-10-15 07:44:27,029 [Mini-Cluster-Provider-Reap] INFO  server.RaftServer$Division (ServerState.java:close(429)) - om1@group-C5BA1605619E: closes. applyIndex: 164
2022-10-15 07:44:27,029 [om1@group-C5BA1605619E-SegmentedRaftLogWorker] INFO  segmented.SegmentedRaftLogWorker (SegmentedRaftLogWorker.java:run(336)) - om1@group-C5BA1605619E-SegmentedRaftLogWorker was interrupted, exiting. There are 0 tasks remaining in the queue.
2022-10-15 07:44:27,031 [Listener at 127.0.0.1/35375] WARN  server.ServerUtils (ServerUtils.java:getScmDbDir(148)) - ozone.scm.db.dirs is not configured. We recommend adding this setting. Falling back to ozone.metadata.dirs instead.
2022-10-15 07:44:27,031 [Listener at 127.0.0.1/35375] INFO  ha.SCMHANodeDetails (SCMHANodeDetails.java:loadSCMHAConfig(209)) - ServiceID for StorageContainerManager is null
2022-10-15 07:44:27,031 [Listener at 127.0.0.1/35375] INFO  ha.SCMHANodeDetails (SCMHANodeDetails.java:loadSCMHAConfig(214)) - ozone.scm.default.service.id is not defined, falling back to ozone.scm.service.ids to find serviceID for StorageContainerManager if it is HA enabled cluster
2022-10-15 07:44:27,032 [Listener at 127.0.0.1/35375] WARN  utils.HAUtils (HAUtils.java:getMetaDir(342)) - ozone.scm.db.dirs is not configured. We recommend adding this setting. Falling back to ozone.metadata.dirs instead.
2022-10-15 07:44:27,032 [Listener at 127.0.0.1/35375] WARN  db.DBStoreBuilder (DBStoreBuilder.java:applyDBDefinition(144)) - ozone.scm.db.dirs is not configured. We recommend adding this setting. Falling back to ozone.metadata.dirs instead.
2022-10-15 07:44:27,033 [Mini-Cluster-Provider-Reap] INFO  segmented.SegmentedRaftLogWorker (SegmentedRaftLogWorker.java:close(246)) - om1@group-C5BA1605619E-SegmentedRaftLogWorker close()
2022-10-15 07:44:27,034 [Mini-Cluster-Provider-Reap] INFO  server.GrpcService (GrpcService.java:closeImpl(269)) - om1: shutdown server with port 33027 now
2022-10-15 07:44:27,034 [Mini-Cluster-Provider-Reap] INFO  server.GrpcService (GrpcService.java:closeImpl(278)) - om1: shutdown server with port 33027 successfully
2022-10-15 07:44:27,034 [org.apache.ratis.util.JvmPauseMonitor$$Lambda$718/783493338@9b643bb] INFO  util.JvmPauseMonitor (JvmPauseMonitor.java:run(109)) - JvmPauseMonitor-om1: Stopped
2022-10-15 07:44:27,034 [Mini-Cluster-Provider-Reap] INFO  ratis.OzoneManagerStateMachine (OzoneManagerStateMachine.java:close(495)) - StateMachine has shutdown. Shutdown OzoneManager if not already shutdown.
2022-10-15 07:44:27,034 [Mini-Cluster-Provider-Reap] INFO  ratis.OzoneManagerDoubleBuffer (OzoneManagerDoubleBuffer.java:stop(478)) - OMDoubleBuffer flush thread is not running.
2022-10-15 07:44:27,034 [Mini-Cluster-Provider-Reap] INFO  utils.BackgroundService (BackgroundService.java:shutdown(141)) - Shutting down service KeyDeletingService
2022-10-15 07:44:27,035 [Mini-Cluster-Provider-Reap] INFO  utils.BackgroundService (BackgroundService.java:shutdown(141)) - Shutting down service DirectoryDeletingService
2022-10-15 07:44:27,035 [Mini-Cluster-Provider-Reap] INFO  utils.BackgroundService (BackgroundService.java:shutdown(141)) - Shutting down service OpenKeyCleanupService
2022-10-15 07:44:27,036 [Mini-Cluster-Provider-Reap] INFO  handler.ContextHandler (ContextHandler.java:doStop(1153)) - Stopped o.e.j.w.WebAppContext@92f6418{ozoneManager,/,null,STOPPED}{file:/home/runner/work/ozone/ozone/hadoop-ozone/integration-test/target/test-classes/webapps/ozoneManager}
2022-10-15 07:44:27,037 [Mini-Cluster-Provider-Reap] INFO  server.AbstractConnector (AbstractConnector.java:doStop(381)) - Stopped ServerConnector@1b5b6b74{HTTP/1.1, (http/1.1)}{0.0.0.0:0}
2022-10-15 07:44:27,037 [Mini-Cluster-Provider-Reap] INFO  server.session (HouseKeeper.java:stopScavenging(149)) - node0 Stopped scavenging
2022-10-15 07:44:27,037 [Mini-Cluster-Provider-Reap] INFO  handler.ContextHandler (ContextHandler.java:doStop(1153)) - Stopped o.e.j.s.ServletContextHandler@64e0515b{static,/static,file:///home/runner/work/ozone/ozone/hadoop-ozone/integration-test/target/test-classes/webapps/static,STOPPED}
2022-10-15 07:44:27,037 [Mini-Cluster-Provider-Reap] INFO  handler.ContextHandler (ContextHandler.java:doStop(1153)) - Stopped o.e.j.s.ServletContextHandler@4e28ed4b{logs,/logs,file:///home/runner/work/ozone/ozone/hadoop-ozone/integration-test/target/log,STOPPED}
2022-10-15 07:44:27,049 [Mini-Cluster-Provider-Reap] INFO  ozone.MiniOzoneClusterImpl (MiniOzoneClusterImpl.java:stopDatanodes(522)) - Stopping the HddsDatanodes
2022-10-15 07:44:27,060 [ForkJoinPool.commonPool-worker-0] INFO  ozoneimpl.OzoneContainer (OzoneContainer.java:stop(400)) - Attempting to stop container services.
2022-10-15 07:44:27,074 [ForkJoinPool.commonPool-worker-0] INFO  server.RaftServer (RaftServerProxy.java:lambda$close$7(398)) - fdcf0f8e-cf64-44a3-bed5-f94c24ef391f: close
2022-10-15 07:44:27,074 [ForkJoinPool.commonPool-worker-0] INFO  server.RaftServer$Division (RaftServerImpl.java:lambda$close$4(434)) - fdcf0f8e-cf64-44a3-bed5-f94c24ef391f@group-FCF0011E0A5F: shutdown
2022-10-15 07:44:27,074 [ForkJoinPool.commonPool-worker-0] INFO  util.JmxRegister (JmxRegister.java:unregister(73)) - Successfully un-registered JMX Bean with object name Ratis:service=RaftServer,group=group-FCF0011E0A5F,id=fdcf0f8e-cf64-44a3-bed5-f94c24ef391f
2022-10-15 07:44:27,074 [ForkJoinPool.commonPool-worker-0] INFO  impl.RoleInfo (RoleInfo.java:shutdownLeaderState(93)) - fdcf0f8e-cf64-44a3-bed5-f94c24ef391f: shutdown fdcf0f8e-cf64-44a3-bed5-f94c24ef391f@group-FCF0011E0A5F-LeaderStateImpl
2022-10-15 07:44:27,074 [ForkJoinPool.commonPool-worker-0] INFO  impl.PendingRequests (PendingRequests.java:sendNotLeaderResponses(282)) - fdcf0f8e-cf64-44a3-bed5-f94c24ef391f@group-FCF0011E0A5F-PendingRequests: sendNotLeaderResponses
2022-10-15 07:44:27,075 [ForkJoinPool.commonPool-worker-0] INFO  impl.StateMachineUpdater (StateMachineUpdater.java:stopAndJoin(153)) - fdcf0f8e-cf64-44a3-bed5-f94c24ef391f@group-FCF0011E0A5F-StateMachineUpdater: set stopIndex = 0
2022-10-15 07:44:27,076 [fdcf0f8e-cf64-44a3-bed5-f94c24ef391f@group-FCF0011E0A5F-StateMachineUpdater] INFO  ratis.ContainerStateMachine (ContainerStateMachine.java:takeSnapshot(304)) - group-FCF0011E0A5F: Taking a snapshot at:(t:1, i:0) file /home/runner/work/ozone/ozone/hadoop-ozone/integration-test/target/test-dir/MiniOzoneClusterImpl-66da459b-aeee-45c7-ad0e-5ce5667a4dd7/datanode-1/data/ratis/beb96493-518f-4f71-a36b-fcf0011e0a5f/sm/snapshot.1_0
2022-10-15 07:44:27,077 [fdcf0f8e-cf64-44a3-bed5-f94c24ef391f@group-FCF0011E0A5F-StateMachineUpdater] INFO  ratis.ContainerStateMachine (ContainerStateMachine.java:takeSnapshot(315)) - group-FCF0011E0A5F: Finished taking a snapshot at:(t:1, i:0) file:/home/runner/work/ozone/ozone/hadoop-ozone/integration-test/target/test-dir/MiniOzoneClusterImpl-66da459b-aeee-45c7-ad0e-5ce5667a4dd7/datanode-1/data/ratis/beb96493-518f-4f71-a36b-fcf0011e0a5f/sm/snapshot.1_0 took: 1 ms
2022-10-15 07:44:27,077 [fdcf0f8e-cf64-44a3-bed5-f94c24ef391f@group-FCF0011E0A5F-StateMachineUpdater] INFO  impl.StateMachineUpdater (StateMachineUpdater.java:takeSnapshot(287)) - fdcf0f8e-cf64-44a3-bed5-f94c24ef391f@group-FCF0011E0A5F-StateMachineUpdater: Took a snapshot at index 0
2022-10-15 07:44:27,077 [fdcf0f8e-cf64-44a3-bed5-f94c24ef391f@group-FCF0011E0A5F-StateMachineUpdater] INFO  impl.StateMachineUpdater (StateMachineUpdater.java:lambda$new$0(92)) - fdcf0f8e-cf64-44a3-bed5-f94c24ef391f@group-FCF0011E0A5F-StateMachineUpdater: snapshotIndex: updateIncreasingly -1 -> 0
2022-10-15 07:44:27,079 [ForkJoinPool.commonPool-worker-0] INFO  server.RaftServer$Division (ServerState.java:close(429)) - fdcf0f8e-cf64-44a3-bed5-f94c24ef391f@group-FCF0011E0A5F: closes. applyIndex: 0
2022-10-15 07:44:27,084 [fdcf0f8e-cf64-44a3-bed5-f94c24ef391f@group-FCF0011E0A5F-SegmentedRaftLogWorker] INFO  segmented.SegmentedRaftLogWorker (SegmentedRaftLogWorker.java:run(336)) - fdcf0f8e-cf64-44a3-bed5-f94c24ef391f@group-FCF0011E0A5F-SegmentedRaftLogWorker was interrupted, exiting. There are 0 tasks remaining in the queue.
2022-10-15 07:44:27,084 [ForkJoinPool.commonPool-worker-0] INFO  segmented.SegmentedRaftLogWorker (SegmentedRaftLogWorker.java:close(246)) - fdcf0f8e-cf64-44a3-bed5-f94c24ef391f@group-FCF0011E0A5F-SegmentedRaftLogWorker close()
2022-10-15 07:44:27,087 [main] INFO  rpc.RpcClient (RpcClient.java:createVolume(471)) - Creating Volume: vol1, with user45086 as owner and space quota set to -1 bytes, counts quota set to -1
2022-10-15 07:44:27,093 [ForkJoinPool.commonPool-worker-0] INFO  server.RaftServer$Division (RaftServerImpl.java:lambda$close$4(434)) - fdcf0f8e-cf64-44a3-bed5-f94c24ef391f@group-186442F10DA6: shutdown
2022-10-15 07:44:27,093 [ForkJoinPool.commonPool-worker-0] INFO  util.JmxRegister (JmxRegister.java:unregister(73)) - Successfully un-registered JMX Bean with object name Ratis:service=RaftServer,group=group-186442F10DA6,id=fdcf0f8e-cf64-44a3-bed5-f94c24ef391f
2022-10-15 07:44:27,093 [ForkJoinPool.commonPool-worker-0] INFO  impl.RoleInfo (RoleInfo.java:shutdownFollowerState(110)) - fdcf0f8e-cf64-44a3-bed5-f94c24ef391f: shutdown fdcf0f8e-cf64-44a3-bed5-f94c24ef391f@group-186442F10DA6-FollowerState
2022-10-15 07:44:27,093 [ForkJoinPool.commonPool-worker-0] INFO  impl.StateMachineUpdater (StateMachineUpdater.java:stopAndJoin(153)) - fdcf0f8e-cf64-44a3-bed5-f94c24ef391f@group-186442F10DA6-StateMachineUpdater: set stopIndex = -1
2022-10-15 07:44:27,093 [fdcf0f8e-cf64-44a3-bed5-f94c24ef391f@group-186442F10DA6-FollowerState] INFO  impl.FollowerState (FollowerState.java:run(152)) - fdcf0f8e-cf64-44a3-bed5-f94c24ef391f@group-186442F10DA6-FollowerState was interrupted
2022-10-15 07:44:27,094 [ForkJoinPool.commonPool-worker-0] INFO  server.RaftServer$Division (ServerState.java:close(429)) - fdcf0f8e-cf64-44a3-bed5-f94c24ef391f@group-186442F10DA6: closes. applyIndex: -1
2022-10-15 07:44:27,094 [fdcf0f8e-cf64-44a3-bed5-f94c24ef391f@group-186442F10DA6-SegmentedRaftLogWorker] INFO  segmented.SegmentedRaftLogWorker (SegmentedRaftLogWorker.java:run(336)) - fdcf0f8e-cf64-44a3-bed5-f94c24ef391f@group-186442F10DA6-SegmentedRaftLogWorker was interrupted, exiting. There are 0 tasks remaining in the queue.
2022-10-15 07:44:27,094 [ForkJoinPool.commonPool-worker-0] INFO  segmented.SegmentedRaftLogWorker (SegmentedRaftLogWorker.java:close(246)) - fdcf0f8e-cf64-44a3-bed5-f94c24ef391f@group-186442F10DA6-SegmentedRaftLogWorker close()
2022-10-15 07:44:27,107 [ForkJoinPool.commonPool-worker-0] INFO  server.GrpcService (GrpcService.java:closeImpl(269)) - fdcf0f8e-cf64-44a3-bed5-f94c24ef391f: shutdown server with port 45413 now
2022-10-15 07:44:27,109 [Mini-Cluster-Provider-Reap] INFO  ozoneimpl.OzoneContainer (OzoneContainer.java:stop(400)) - Attempting to stop container services.
2022-10-15 07:44:27,111 [Mini-Cluster-Provider-Reap] INFO  server.RaftServer (RaftServerProxy.java:lambda$close$7(398)) - 21a643b6-1a42-4dcc-b3d5-cdf5198533e3: close
2022-10-15 07:44:27,111 [Mini-Cluster-Provider-Reap] INFO  server.RaftServer$Division (RaftServerImpl.java:lambda$close$4(434)) - 21a643b6-1a42-4dcc-b3d5-cdf5198533e3@group-6224762834A0: shutdown
2022-10-15 07:44:27,112 [Mini-Cluster-Provider-Reap] INFO  util.JmxRegister (JmxRegister.java:unregister(73)) - Successfully un-registered JMX Bean with object name Ratis:service=RaftServer,group=group-6224762834A0,id=21a643b6-1a42-4dcc-b3d5-cdf5198533e3
2022-10-15 07:44:27,112 [Mini-Cluster-Provider-Reap] INFO  impl.RoleInfo (RoleInfo.java:shutdownLeaderState(93)) - 21a643b6-1a42-4dcc-b3d5-cdf5198533e3: shutdown 21a643b6-1a42-4dcc-b3d5-cdf5198533e3@group-6224762834A0-LeaderStateImpl
2022-10-15 07:44:27,112 [Mini-Cluster-Provider-Reap] INFO  impl.PendingRequests (PendingRequests.java:sendNotLeaderResponses(282)) - 21a643b6-1a42-4dcc-b3d5-cdf5198533e3@group-6224762834A0-PendingRequests: sendNotLeaderResponses
2022-10-15 07:44:27,113 [grpc-default-executor-5] WARN  server.GrpcLogAppender (LogUtils.java:warn(122)) - 1a927d95-9689-4ae2-94aa-466101e25ef1@group-186442F10DA6->fdcf0f8e-cf64-44a3-bed5-f94c24ef391f-AppendLogResponseHandler: Failed appendEntries: org.apache.ratis.thirdparty.io.grpc.StatusRuntimeException: CANCELLED: RST_STREAM closed stream. HTTP/2 error code: CANCEL
2022-10-15 07:44:27,113 [grpc-default-executor-7] WARN  server.GrpcServerProtocolService (LogUtils.java:warn(122)) - fdcf0f8e-cf64-44a3-bed5-f94c24ef391f: installSnapshot onError, lastRequest: 1a927d95-9689-4ae2-94aa-466101e25ef1->fdcf0f8e-cf64-44a3-bed5-f94c24ef391f#1-t5,previous=(t:0, i:0),leaderCommit=-1,initializing? true,entries: size=1, first=(t:5, i:0), CONFIGURATIONENTRY: org.apache.ratis.thirdparty.io.grpc.StatusRuntimeException: CANCELLED: client cancelled
2022-10-15 07:44:27,113 [grpc-default-executor-5] WARN  server.GrpcLogAppender (GrpcLogAppender.java:resetClient(111)) - 1a927d95-9689-4ae2-94aa-466101e25ef1@group-186442F10DA6->fdcf0f8e-cf64-44a3-bed5-f94c24ef391f-GrpcLogAppender: Leader has not got in touch with Follower 1a927d95-9689-4ae2-94aa-466101e25ef1@group-186442F10DA6->fdcf0f8e-cf64-44a3-bed5-f94c24ef391f(c-1,m0,n1, attendVote=true, lastRpcSendTime=1129, lastRpcResponseTime=1111) yet, just keep nextIndex unchanged and retry.
2022-10-15 07:44:27,113 [Mini-Cluster-Provider-Reap] INFO  impl.StateMachineUpdater (StateMachineUpdater.java:stopAndJoin(153)) - 21a643b6-1a42-4dcc-b3d5-cdf5198533e3@group-6224762834A0-StateMachineUpdater: set stopIndex = 0
2022-10-15 07:44:27,114 [21a643b6-1a42-4dcc-b3d5-cdf5198533e3@group-6224762834A0-StateMachineUpdater] INFO  ratis.ContainerStateMachine (ContainerStateMachine.java:takeSnapshot(304)) - group-6224762834A0: Taking a snapshot at:(t:1, i:0) file /home/runner/work/ozone/ozone/hadoop-ozone/integration-test/target/test-dir/MiniOzoneClusterImpl-66da459b-aeee-45c7-ad0e-5ce5667a4dd7/datanode-4/data/ratis/2808994b-9c15-4f99-a697-6224762834a0/sm/snapshot.1_0
2022-10-15 07:44:27,114 [21a643b6-1a42-4dcc-b3d5-cdf5198533e3@group-6224762834A0-StateMachineUpdater] INFO  ratis.ContainerStateMachine (ContainerStateMachine.java:takeSnapshot(315)) - group-6224762834A0: Finished taking a snapshot at:(t:1, i:0) file:/home/runner/work/ozone/ozone/hadoop-ozone/integration-test/target/test-dir/MiniOzoneClusterImpl-66da459b-aeee-45c7-ad0e-5ce5667a4dd7/datanode-4/data/ratis/2808994b-9c15-4f99-a697-6224762834a0/sm/snapshot.1_0 took: 1 ms
2022-10-15 07:44:27,115 [21a643b6-1a42-4dcc-b3d5-cdf5198533e3@group-6224762834A0-StateMachineUpdater] INFO  impl.StateMachineUpdater (StateMachineUpdater.java:takeSnapshot(287)) - 21a643b6-1a42-4dcc-b3d5-cdf5198533e3@group-6224762834A0-StateMachineUpdater: Took a snapshot at index 0
2022-10-15 07:44:27,115 [21a643b6-1a42-4dcc-b3d5-cdf5198533e3@group-6224762834A0-StateMachineUpdater] INFO  impl.StateMachineUpdater (StateMachineUpdater.java:lambda$new$0(92)) - 21a643b6-1a42-4dcc-b3d5-cdf5198533e3@group-6224762834A0-StateMachineUpdater: snapshotIndex: updateIncreasingly -1 -> 0
2022-10-15 07:44:27,115 [Mini-Cluster-Provider-Reap] INFO  server.RaftServer$Division (ServerState.java:close(429)) - 21a643b6-1a42-4dcc-b3d5-cdf5198533e3@group-6224762834A0: closes. applyIndex: 0
2022-10-15 07:44:27,115 [21a643b6-1a42-4dcc-b3d5-cdf5198533e3@group-6224762834A0-SegmentedRaftLogWorker] INFO  segmented.SegmentedRaftLogWorker (SegmentedRaftLogWorker.java:run(336)) - 21a643b6-1a42-4dcc-b3d5-cdf5198533e3@group-6224762834A0-SegmentedRaftLogWorker was interrupted, exiting. There are 0 tasks remaining in the queue.
2022-10-15 07:44:27,115 [Mini-Cluster-Provider-Reap] INFO  segmented.SegmentedRaftLogWorker (SegmentedRaftLogWorker.java:close(246)) - 21a643b6-1a42-4dcc-b3d5-cdf5198533e3@group-6224762834A0-SegmentedRaftLogWorker close()
2022-10-15 07:44:27,116 [Mini-Cluster-Provider-Reap] INFO  server.RaftServer$Division (RaftServerImpl.java:lambda$close$4(434)) - 21a643b6-1a42-4dcc-b3d5-cdf5198533e3@group-A528F5A873A6: shutdown
2022-10-15 07:44:27,116 [Mini-Cluster-Provider-Reap] INFO  util.JmxRegister (JmxRegister.java:unregister(73)) - Successfully un-registered JMX Bean with object name Ratis:service=RaftServer,group=group-A528F5A873A6,id=21a643b6-1a42-4dcc-b3d5-cdf5198533e3
2022-10-15 07:44:27,116 [Mini-Cluster-Provider-Reap] INFO  impl.RoleInfo (RoleInfo.java:shutdownFollowerState(110)) - 21a643b6-1a42-4dcc-b3d5-cdf5198533e3: shutdown 21a643b6-1a42-4dcc-b3d5-cdf5198533e3@group-A528F5A873A6-FollowerState
2022-10-15 07:44:27,116 [Mini-Cluster-Provider-Reap] INFO  impl.StateMachineUpdater (StateMachineUpdater.java:stopAndJoin(153)) - 21a643b6-1a42-4dcc-b3d5-cdf5198533e3@group-A528F5A873A6-StateMachineUpdater: set stopIndex = 59
2022-10-15 07:44:27,116 [21a643b6-1a42-4dcc-b3d5-cdf5198533e3@group-A528F5A873A6-FollowerState] INFO  impl.FollowerState (FollowerState.java:run(152)) - 21a643b6-1a42-4dcc-b3d5-cdf5198533e3@group-A528F5A873A6-FollowerState was interrupted
2022-10-15 07:44:27,116 [21a643b6-1a42-4dcc-b3d5-cdf5198533e3@group-A528F5A873A6-StateMachineUpdater] INFO  ratis.ContainerStateMachine (ContainerStateMachine.java:takeSnapshot(304)) - group-A528F5A873A6: Taking a snapshot at:(t:2, i:59) file /home/runner/work/ozone/ozone/hadoop-ozone/integration-test/target/test-dir/MiniOzoneClusterImpl-66da459b-aeee-45c7-ad0e-5ce5667a4dd7/datanode-4/data/ratis/63ae4912-c17e-43cf-8bae-a528f5a873a6/sm/snapshot.2_59
2022-10-15 07:44:27,121 [ForkJoinPool.commonPool-worker-0] INFO  server.GrpcService (GrpcService.java:closeImpl(278)) - fdcf0f8e-cf64-44a3-bed5-f94c24ef391f: shutdown server with port 45413 successfully
2022-10-15 07:44:27,121 [org.apache.ratis.util.JvmPauseMonitor$$Lambda$718/783493338@118b0683] INFO  util.JvmPauseMonitor (JvmPauseMonitor.java:run(109)) - JvmPauseMonitor-fdcf0f8e-cf64-44a3-bed5-f94c24ef391f: Stopped
2022-10-15 07:44:27,122 [21a643b6-1a42-4dcc-b3d5-cdf5198533e3@group-A528F5A873A6-StateMachineUpdater] INFO  ratis.ContainerStateMachine (ContainerStateMachine.java:takeSnapshot(315)) - group-A528F5A873A6: Finished taking a snapshot at:(t:2, i:59) file:/home/runner/work/ozone/ozone/hadoop-ozone/integration-test/target/test-dir/MiniOzoneClusterImpl-66da459b-aeee-45c7-ad0e-5ce5667a4dd7/datanode-4/data/ratis/63ae4912-c17e-43cf-8bae-a528f5a873a6/sm/snapshot.2_59 took: 5 ms
2022-10-15 07:44:27,122 [21a643b6-1a42-4dcc-b3d5-cdf5198533e3@group-A528F5A873A6-StateMachineUpdater] INFO  impl.StateMachineUpdater (StateMachineUpdater.java:takeSnapshot(287)) - 21a643b6-1a42-4dcc-b3d5-cdf5198533e3@group-A528F5A873A6-StateMachineUpdater: Took a snapshot at index 59
2022-10-15 07:44:27,122 [21a643b6-1a42-4dcc-b3d5-cdf5198533e3@group-A528F5A873A6-StateMachineUpdater] INFO  impl.StateMachineUpdater (StateMachineUpdater.java:lambda$new$0(92)) - 21a643b6-1a42-4dcc-b3d5-cdf5198533e3@group-A528F5A873A6-StateMachineUpdater: snapshotIndex: updateIncreasingly -1 -> 59
2022-10-15 07:44:27,122 [Mini-Cluster-Provider-Reap] INFO  server.RaftServer$Division (ServerState.java:close(429)) - 21a643b6-1a42-4dcc-b3d5-cdf5198533e3@group-A528F5A873A6: closes. applyIndex: 59
2022-10-15 07:44:27,122 [21a643b6-1a42-4dcc-b3d5-cdf5198533e3@group-A528F5A873A6-SegmentedRaftLogWorker] INFO  segmented.SegmentedRaftLogWorker (SegmentedRaftLogWorker.java:run(336)) - 21a643b6-1a42-4dcc-b3d5-cdf5198533e3@group-A528F5A873A6-SegmentedRaftLogWorker was interrupted, exiting. There are 0 tasks remaining in the queue.
2022-10-15 07:44:27,123 [Mini-Cluster-Provider-Reap] INFO  segmented.SegmentedRaftLogWorker (SegmentedRaftLogWorker.java:close(246)) - 21a643b6-1a42-4dcc-b3d5-cdf5198533e3@group-A528F5A873A6-SegmentedRaftLogWorker close()
2022-10-15 07:44:27,123 [Mini-Cluster-Provider-Reap] INFO  server.GrpcService (GrpcService.java:closeImpl(269)) - 21a643b6-1a42-4dcc-b3d5-cdf5198533e3: shutdown server with port 44331 now
2022-10-15 07:44:27,124 [grpc-default-executor-7] WARN  server.GrpcServerProtocolService (LogUtils.java:warn(122)) - 21a643b6-1a42-4dcc-b3d5-cdf5198533e3: installSnapshot onError, lastRequest: 9a24ac87-7197-4b23-9992-aedcbee91c34->21a643b6-1a42-4dcc-b3d5-cdf5198533e3#602-t2,previous=(t:2, i:58),leaderCommit=57,initializing? true,entries: size=1, first=(t:2, i:59), METADATAENTRY(c:57): org.apache.ratis.thirdparty.io.grpc.StatusRuntimeException: CANCELLED: client cancelled
2022-10-15 07:44:27,127 [ReplicationMonitor] INFO  replication.ReplicationManager (ReplicationManager.java:processAll(324)) - Replication Monitor Thread took 1 milliseconds for processing 0 containers.
2022-10-15 07:44:27,129 [Under Replicated Processor] INFO  replication.UnderReplicatedProcessor (UnderReplicatedProcessor.java:processAll(92)) - Processed 0 under replicated containers, failed processing 0
2022-10-15 07:44:27,129 [Over Replicated Processor] INFO  replication.OverReplicatedProcessor (OverReplicatedProcessor.java:processAll(90)) - Processed 0 over replicated containers, failed processing 0
2022-10-15 07:44:27,133 [grpc-default-executor-5] WARN  server.GrpcLogAppender (LogUtils.java:warn(122)) - 9a24ac87-7197-4b23-9992-aedcbee91c34@group-A528F5A873A6->21a643b6-1a42-4dcc-b3d5-cdf5198533e3-AppendLogResponseHandler: Failed appendEntries: org.apache.ratis.thirdparty.io.grpc.StatusRuntimeException: CANCELLED: RST_STREAM closed stream. HTTP/2 error code: CANCEL
2022-10-15 07:44:27,134 [grpc-default-executor-5] INFO  leader.FollowerInfo (FollowerInfoImpl.java:lambda$new$0(48)) - 9a24ac87-7197-4b23-9992-aedcbee91c34@group-A528F5A873A6->21a643b6-1a42-4dcc-b3d5-cdf5198533e3: nextIndex: updateUnconditionally 60 -> 59
2022-10-15 07:44:27,134 [OM StateMachine ApplyTransaction Thread - 0] INFO  volume.OMVolumeCreateRequest (OMVolumeCreateRequest.java:validateAndUpdateCache(195)) - created volume:vol1 for user:user45086
2022-10-15 07:44:27,135 [Mini-Cluster-Provider-Reap] INFO  server.GrpcService (GrpcService.java:closeImpl(278)) - 21a643b6-1a42-4dcc-b3d5-cdf5198533e3: shutdown server with port 44331 successfully
2022-10-15 07:44:27,139 [grpc-default-executor-7] WARN  server.GrpcLogAppender (LogUtils.java:warn(122)) - 9a24ac87-7197-4b23-9992-aedcbee91c34@group-A528F5A873A6->21a643b6-1a42-4dcc-b3d5-cdf5198533e3-AppendLogResponseHandler: Failed appendEntries: org.apache.ratis.thirdparty.io.grpc.StatusRuntimeException: UNAVAILABLE: io exception
2022-10-15 07:44:27,139 [grpc-default-executor-7] INFO  leader.FollowerInfo (FollowerInfoImpl.java:lambda$new$0(48)) - 9a24ac87-7197-4b23-9992-aedcbee91c34@group-A528F5A873A6->21a643b6-1a42-4dcc-b3d5-cdf5198533e3: nextIndex: updateUnconditionally 60 -> 59
2022-10-15 07:44:27,159 [org.apache.ratis.util.JvmPauseMonitor$$Lambda$718/783493338@32fa595a] INFO  util.JvmPauseMonitor (JvmPauseMonitor.java:run(109)) - JvmPauseMonitor-21a643b6-1a42-4dcc-b3d5-cdf5198533e3: Stopped
2022-10-15 07:44:27,179 [Over Replicated Processor] INFO  replication.OverReplicatedProcessor (OverReplicatedProcessor.java:processAll(90)) - Processed 0 over replicated containers, failed processing 0
2022-10-15 07:44:27,187 [Under Replicated Processor] INFO  replication.UnderReplicatedProcessor (UnderReplicatedProcessor.java:processAll(92)) - Processed 0 under replicated containers, failed processing 0
2022-10-15 07:44:27,201 [main] INFO  rpc.RpcClient (RpcClient.java:createBucket(674)) - Creating Bucket: vol1/bucket1, with bucket layout LEGACY, runner as owner, Versioning false, Storage Type set to DISK and Encryption set to false 
2022-10-15 07:44:27,215 [OM StateMachine ApplyTransaction Thread - 0] INFO  bucket.OMBucketCreateRequest (OMBucketCreateRequest.java:validateAndUpdateCache(260)) - created bucket: bucket1 of layout LEGACY in volume: vol1
2022-10-15 07:44:27,219 [ReplicationMonitor] INFO  replication.LegacyReplicationManager (LegacyReplicationManager.java:handleOverReplicatedContainer(1252)) - Container #1 is over replicated. Expected replica count is 3, but found 4.
2022-10-15 07:44:27,219 [ReplicationMonitor] INFO  replication.LegacyReplicationManager (LegacyReplicationManager.java:sendDeleteCommand(1587)) - Sending delete container command for container #1 to datanode fdcf0f8e-cf64-44a3-bed5-f94c24ef391f{ip: 10.1.1.113, host: fv-az204-107.tdy0fjcc0bpubcu1xr20co1pbf.dx.internal.cloudapp.net, ports: [REPLICATION=38531, RATIS=45413, RATIS_ADMIN=45413, RATIS_SERVER=45413, STANDALONE=37375], networkLocation: /default-rack, certSerialId: null, persistedOpState: IN_SERVICE, persistedOpStateExpiryEpochSec: 0}
2022-10-15 07:44:27,219 [ReplicationMonitor] INFO  replication.LegacyReplicationManager (LegacyReplicationManager.java:handleOverReplicatedContainer(1252)) - Container #4 is over replicated. Expected replica count is 3, but found 4.
2022-10-15 07:44:27,219 [ReplicationMonitor] INFO  replication.LegacyReplicationManager (LegacyReplicationManager.java:sendDeleteCommand(1587)) - Sending delete container command for container #4 to datanode fdcf0f8e-cf64-44a3-bed5-f94c24ef391f{ip: 10.1.1.113, host: fv-az204-107.tdy0fjcc0bpubcu1xr20co1pbf.dx.internal.cloudapp.net, ports: [REPLICATION=38531, RATIS=45413, RATIS_ADMIN=45413, RATIS_SERVER=45413, STANDALONE=37375], networkLocation: /default-rack, certSerialId: null, persistedOpState: IN_SERVICE, persistedOpStateExpiryEpochSec: 0}
2022-10-15 07:44:27,219 [ReplicationMonitor] INFO  replication.LegacyReplicationManager (LegacyReplicationManager.java:handleOverReplicatedContainer(1252)) - Container #6 is over replicated. Expected replica count is 3, but found 4.
2022-10-15 07:44:27,219 [ReplicationMonitor] INFO  replication.LegacyReplicationManager (LegacyReplicationManager.java:sendDeleteCommand(1587)) - Sending delete container command for container #6 to datanode fdcf0f8e-cf64-44a3-bed5-f94c24ef391f{ip: 10.1.1.113, host: fv-az204-107.tdy0fjcc0bpubcu1xr20co1pbf.dx.internal.cloudapp.net, ports: [REPLICATION=38531, RATIS=45413, RATIS_ADMIN=45413, RATIS_SERVER=45413, STANDALONE=37375], networkLocation: /default-rack, certSerialId: null, persistedOpState: IN_SERVICE, persistedOpStateExpiryEpochSec: 0}
2022-10-15 07:44:27,220 [ReplicationMonitor] INFO  replication.ReplicationManager (ReplicationManager.java:processAll(324)) - Replication Monitor Thread took 1 milliseconds for processing 11 containers.
2022-10-15 07:44:27,236 [IPC Server handler 19 on default port 43303] INFO  ha.SequenceIdGenerator (SequenceIdGenerator.java:getNextId(128)) - Allocate a batch for containerId, change lastId from 0 to 1000.
2022-10-15 07:44:27,237 [IPC Server handler 19 on default port 43303] WARN  ha.SequenceIdGenerator (SequenceIdGenerator.java:allocateBatch(237)) - Failed to allocate a batch for localId, expected lastId is 0, actual lastId is 109611004723200000.
2022-10-15 07:44:27,237 [IPC Server handler 19 on default port 43303] INFO  ha.SequenceIdGenerator (SequenceIdGenerator.java:getNextId(128)) - Allocate a batch for localId, change lastId from 109611004723200000 to 109611004723201000.
2022-10-15 07:44:27,292 [Listener at 127.0.0.1/35375] INFO  net.NodeSchemaLoader (NodeSchemaLoader.java:loadSchemaFromFile(129)) - Loading schema from [jar:file:/home/runner/.m2/repository/org/apache/ozone/hdds-common/1.3.0-SNAPSHOT/hdds-common-1.3.0-SNAPSHOT.jar!/network-topology-default.xml]
2022-10-15 07:44:27,292 [Listener at 127.0.0.1/35375] INFO  net.NodeSchemaLoader (NodeSchemaLoader.java:loadSchema(176)) - Loading network topology layer schema file
2022-10-15 07:44:27,296 [Listener at 127.0.0.1/35375] WARN  impl.MetricRegistriesImpl (MetricRegistriesImpl.java:addReporterRegistration(111)) - New reporters are added after registries were created. Some metrics will be missing from the reporter. Please add reporter before adding any new registry.
2022-10-15 07:44:27,296 [Listener at 127.0.0.1/35375] WARN  impl.MetricRegistriesImpl (MetricRegistriesImpl.java:addReporterRegistration(111)) - New reporters are added after registries were created. Some metrics will be missing from the reporter. Please add reporter before adding any new registry.
2022-10-15 07:44:27,296 [Listener at 127.0.0.1/35375] INFO  upgrade.AbstractLayoutVersionManager (AbstractLayoutVersionManager.java:init(83)) - Initializing Layout version manager with metadata layout = DATANODE_SCHEMA_V3 (version = 4), software layout = DATANODE_SCHEMA_V3 (version = 4)
2022-10-15 07:44:27,335 [Under Replicated Processor] INFO  replication.UnderReplicatedProcessor (UnderReplicatedProcessor.java:processAll(92)) - Processed 0 under replicated containers, failed processing 0
2022-10-15 07:44:27,341 [ReplicationMonitor] INFO  replication.ReplicationManager (ReplicationManager.java:processAll(324)) - Replication Monitor Thread took 0 milliseconds for processing 0 containers.
2022-10-15 07:44:27,337 [Over Replicated Processor] INFO  replication.OverReplicatedProcessor (OverReplicatedProcessor.java:processAll(90)) - Processed 0 over replicated containers, failed processing 0
2022-10-15 07:44:27,416 [Listener at 127.0.0.1/35375] INFO  reflections.Reflections (Reflections.java:scan(232)) - Reflections took 119 ms to scan 7 urls, producing 137 keys and 328 values 
2022-10-15 07:44:27,421 [Listener at 127.0.0.1/35375] INFO  ha.SequenceIdGenerator (SequenceIdGenerator.java:upgradeToSequenceId(349)) - upgrade localId to 109611004723200000
2022-10-15 07:44:27,427 [Listener at 127.0.0.1/35375] INFO  ha.SequenceIdGenerator (SequenceIdGenerator.java:upgradeToSequenceId(359)) - upgrade delTxnId to 0
2022-10-15 07:44:27,427 [Listener at 127.0.0.1/35375] INFO  ha.SequenceIdGenerator (SequenceIdGenerator.java:upgradeToSequenceId(376)) - upgrade containerId to 0
2022-10-15 07:44:27,427 [Listener at 127.0.0.1/35375] INFO  ha.SequenceIdGenerator (SequenceIdGenerator.java:<init>(220)) - Init the HA SequenceIdGenerator.
2022-10-15 07:44:27,428 [Listener at 127.0.0.1/35375] INFO  node.SCMNodeManager (SCMNodeManager.java:<init>(149)) - Entering startup safe mode.
2022-10-15 07:44:27,428 [Listener at 127.0.0.1/35375] INFO  algorithms.ContainerPlacementPolicyFactory (ContainerPlacementPolicyFactory.java:getPolicyInternal(86)) - Create container placement policy of type org.apache.hadoop.hdds.scm.container.placement.algorithms.SCMContainerPlacementRandom
2022-10-15 07:44:27,428 [Listener at 127.0.0.1/35375] INFO  algorithms.ContainerPlacementPolicyFactory (ContainerPlacementPolicyFactory.java:getPolicyInternal(86)) - Create container placement policy of type org.apache.hadoop.hdds.scm.container.placement.algorithms.SCMContainerPlacementRackScatter
2022-10-15 07:44:27,428 [Listener at 127.0.0.1/35375] INFO  pipeline.PipelineStateManagerImpl (PipelineStateManagerImpl.java:initialize(78)) - No pipeline exists in current db
2022-10-15 07:44:27,428 [Listener at 127.0.0.1/35375] INFO  algorithms.LeaderChoosePolicyFactory (LeaderChoosePolicyFactory.java:getPolicy(57)) - Create leader choose policy of type org.apache.hadoop.hdds.scm.pipeline.leader.choose.algorithms.MinLeaderCountChoosePolicy
2022-10-15 07:44:27,428 [Listener at 127.0.0.1/35375] INFO  algorithms.ContainerPlacementPolicyFactory (ContainerPlacementPolicyFactory.java:getPolicyInternal(86)) - Create container placement policy of type org.apache.hadoop.hdds.scm.container.placement.algorithms.SCMContainerPlacementRackScatter
2022-10-15 07:44:27,429 [Listener at 127.0.0.1/35375] INFO  ha.SCMServiceManager (SCMServiceManager.java:register(42)) - Registering service BackgroundPipelineCreator.
2022-10-15 07:44:27,429 [Listener at 127.0.0.1/35375] INFO  pipeline.BackgroundPipelineCreator (BackgroundPipelineCreator.java:start(124)) - Starting RatisPipelineUtilsThread.
2022-10-15 07:44:27,429 [Listener at 127.0.0.1/35375] INFO  BackgroundPipelineScrubber (BackgroundSCMService.java:start(68)) - Starting BackgroundPipelineScrubber Service.
2022-10-15 07:44:27,429 [Listener at 127.0.0.1/35375] INFO  ha.SCMServiceManager (SCMServiceManager.java:register(42)) - Registering service BackgroundPipelineScrubber.
2022-10-15 07:44:27,430 [Listener at 127.0.0.1/35375] INFO  ExpiredContainerReplicaOpScrubber (BackgroundSCMService.java:start(68)) - Starting ExpiredContainerReplicaOpScrubber Service.
2022-10-15 07:44:27,441 [Listener at 127.0.0.1/35375] INFO  ha.SCMServiceManager (SCMServiceManager.java:register(42)) - Registering service ExpiredContainerReplicaOpScrubber.
2022-10-15 07:44:27,456 [Listener at 127.0.0.1/35375] INFO  algorithms.PipelineChoosePolicyFactory (PipelineChoosePolicyFactory.java:createPipelineChoosePolicyFromClass(73)) - Create pipeline choose policy of type org.apache.hadoop.hdds.scm.pipeline.choose.algorithms.RandomPipelineChoosePolicy
2022-10-15 07:44:27,456 [Listener at 127.0.0.1/35375] INFO  ha.SCMServiceManager (SCMServiceManager.java:register(42)) - Registering service SCMBlockDeletingService.
2022-10-15 07:44:27,457 [Listener at 127.0.0.1/35375] INFO  replication.ReplicationManager (ReplicationManager.java:start(223)) - Starting Replication Monitor Thread.
2022-10-15 07:44:27,480 [Listener at 127.0.0.1/35375] INFO  ha.SCMServiceManager (SCMServiceManager.java:register(42)) - Registering service ReplicationManager.
2022-10-15 07:44:27,481 [Listener at 127.0.0.1/35375] INFO  safemode.ContainerSafeModeRule (ContainerSafeModeRule.java:<init>(89)) - containers with one replica threshold count 0
2022-10-15 07:44:27,482 [Listener at 127.0.0.1/35375] INFO  safemode.HealthyPipelineSafeModeRule (HealthyPipelineSafeModeRule.java:initializeRule(169)) - Total pipeline count is 0, healthy pipeline threshold count is 1
2022-10-15 07:44:27,482 [Listener at 127.0.0.1/35375] INFO  safemode.OneReplicaPipelineSafeModeRule (OneReplicaPipelineSafeModeRule.java:initializeRule(180)) - Total pipeline count is 0, pipeline's with at least one datanode reported threshold count is 0
2022-10-15 07:44:27,486 [Listener at 127.0.0.1/35375] INFO  ipc.CallQueueManager (CallQueueManager.java:<init>(90)) - Using callQueue: class java.util.concurrent.LinkedBlockingQueue, queueCapacity: 2000, scheduler: class org.apache.hadoop.ipc.DefaultRpcScheduler, ipcBackoff: false.
2022-10-15 07:44:27,496 [Socket Reader #1 for port 0] INFO  ipc.Server (Server.java:run(1273)) - Starting Socket Reader #1 for port 0
2022-10-15 07:44:27,497 [Listener at 0.0.0.0/35863] INFO  ipc.CallQueueManager (CallQueueManager.java:<init>(90)) - Using callQueue: class java.util.concurrent.LinkedBlockingQueue, queueCapacity: 2000, scheduler: class org.apache.hadoop.ipc.DefaultRpcScheduler, ipcBackoff: false.
2022-10-15 07:44:27,506 [Socket Reader #1 for port 0] INFO  ipc.Server (Server.java:run(1273)) - Starting Socket Reader #1 for port 0
2022-10-15 07:44:27,509 [Listener at 0.0.0.0/35679] INFO  ipc.CallQueueManager (CallQueueManager.java:<init>(90)) - Using callQueue: class java.util.concurrent.LinkedBlockingQueue, queueCapacity: 2000, scheduler: class org.apache.hadoop.ipc.DefaultRpcScheduler, ipcBackoff: false.
2022-10-15 07:44:27,513 [Socket Reader #1 for port 0] INFO  ipc.Server (Server.java:run(1273)) - Starting Socket Reader #1 for port 0
2022-10-15 07:44:27,562 [ReplicationMonitor] INFO  replication.ReplicationManager (ReplicationManager.java:processAll(291)) - Replication Manager is not ready to run until 3000ms after safemode exit
2022-10-15 07:44:27,563 [Listener at 0.0.0.0/43819] INFO  ha.SCMServiceManager (SCMServiceManager.java:register(42)) - Registering service ContainerBalancer.
2022-10-15 07:44:27,563 [Listener at 0.0.0.0/43819] INFO  server.StorageContainerManager (StorageContainerManager.java:<init>(410)) - 
Container Balancer status:
Key                            Value
Running                        false
Container Balancer Configuration values:
Key                                                Value
Threshold                                          10
Max Datanodes to Involve per Iteration(percent)    20
Max Size to Move per Iteration                     500GB
Max Size Entering Target per Iteration             26GB
Max Size Leaving Source per Iteration              26GB

2022-10-15 07:44:27,567 [Listener at 0.0.0.0/43819] WARN  events.EventQueue (EventQueue.java:fireEvent(216)) - No event handler registered for event TypedEvent{payloadType=SafeModeStatus, name='Safe mode status'}
2022-10-15 07:44:27,567 [Listener at 0.0.0.0/43819] INFO  ha.SCMContext (SCMContext.java:updateSafeModeStatus(228)) - Update SafeModeStatus from SafeModeStatus{safeModeStatus=true, preCheckPassed=false} to SafeModeStatus{safeModeStatus=true, preCheckPassed=false}.
2022-10-15 07:44:27,569 [Listener at 0.0.0.0/43819] INFO  server.StorageContainerManager (StorageContainerManager.java:start(1436)) - StorageContainerLocationProtocol RPC server is listening at /0.0.0.0:43819
2022-10-15 07:44:27,569 [Listener at 0.0.0.0/43819] INFO  impl.MetricsSystemImpl (MetricsSystemImpl.java:init(158)) - StorageContainerManager metrics system started (again)
2022-10-15 07:44:27,609 [Listener at 0.0.0.0/43819] INFO  server.SCMClientProtocolServer (SCMClientProtocolServer.java:start(170)) - RPC server for Client  is listening at /0.0.0.0:43819
2022-10-15 07:44:27,611 [IPC Server Responder] INFO  ipc.Server (Server.java:run(1512)) - IPC Server Responder: starting
2022-10-15 07:44:27,613 [IPC Server listener on 0] INFO  ipc.Server (Server.java:run(1352)) - IPC Server listener on 0: starting
2022-10-15 07:44:27,615 [Listener at 0.0.0.0/43819] INFO  server.StorageContainerManager (StorageContainerManager.java:start(1451)) - ScmBlockLocationProtocol RPC server is listening at /0.0.0.0:35679
2022-10-15 07:44:27,615 [Listener at 0.0.0.0/43819] INFO  server.SCMBlockProtocolServer (SCMBlockProtocolServer.java:start(152)) - RPC server for Block Protocol is listening at /0.0.0.0:35679
2022-10-15 07:44:27,616 [IPC Server Responder] INFO  ipc.Server (Server.java:run(1512)) - IPC Server Responder: starting
2022-10-15 07:44:27,616 [IPC Server listener on 0] INFO  ipc.Server (Server.java:run(1352)) - IPC Server listener on 0: starting
2022-10-15 07:44:27,618 [Listener at 0.0.0.0/43819] INFO  server.SCMDatanodeProtocolServer (SCMDatanodeProtocolServer.java:start(186)) - ScmDatanodeProtocol RPC server for DataNodes is listening at /0.0.0.0:35863
2022-10-15 07:44:27,618 [IPC Server Responder] INFO  ipc.Server (Server.java:run(1512)) - IPC Server Responder: starting
2022-10-15 07:44:27,619 [IPC Server listener on 0] INFO  ipc.Server (Server.java:run(1352)) - IPC Server listener on 0: starting
2022-10-15 07:44:27,629 [Listener at 0.0.0.0/43819] INFO  http.BaseHttpServer (BaseHttpServer.java:newHttpServer2BuilderForOzone(213)) - Starting Web-server for scm at: http://0.0.0.0:0
2022-10-15 07:44:27,629 [Listener at 0.0.0.0/43819] INFO  http.BaseHttpServer (BaseHttpServer.java:<init>(108)) - Hadoop Security Enabled: false Ozone Security Enabled: false Ozone HTTP Security Enabled: false 
2022-10-15 07:44:27,630 [Listener at 0.0.0.0/43819] WARN  server.AuthenticationFilter (AuthenticationFilter.java:constructSecretProvider(240)) - Unable to initialize FileSignerSecretProvider, falling back to use random secrets. Reason: Could not read signature secret file: /home/runner/hadoop-http-auth-signature-secret
2022-10-15 07:44:27,633 [Listener at 0.0.0.0/43819] WARN  http.HttpRequestLog (HttpRequestLog.java:getRequestLog(103)) - Jetty request log can only be enabled using Log4j
2022-10-15 07:44:27,637 [Listener at 0.0.0.0/43819] INFO  http.HttpServer2 (HttpServer2.java:addGlobalFilter(1031)) - Added global filter 'safety' (class=org.apache.hadoop.hdds.server.http.HttpServer2$QuotingInputFilter)
2022-10-15 07:44:27,637 [Listener at 0.0.0.0/43819] INFO  http.HttpServer2 (HttpServer2.java:addFilter(1007)) - Added filter static_user_filter (class=org.apache.hadoop.http.lib.StaticUserWebFilter$StaticUserFilter) to context scm
2022-10-15 07:44:27,637 [Listener at 0.0.0.0/43819] INFO  http.HttpServer2 (HttpServer2.java:addFilter(1015)) - Added filter static_user_filter (class=org.apache.hadoop.http.lib.StaticUserWebFilter$StaticUserFilter) to context static
2022-10-15 07:44:27,637 [Listener at 0.0.0.0/43819] INFO  http.HttpServer2 (HttpServer2.java:addFilter(1015)) - Added filter static_user_filter (class=org.apache.hadoop.http.lib.StaticUserWebFilter$StaticUserFilter) to context logs
2022-10-15 07:44:27,637 [org.apache.hadoop.util.JvmPauseMonitor$Monitor@1b6e37d4] INFO  util.JvmPauseMonitor (JvmPauseMonitor.java:run(188)) - Starting JVM pause monitor
2022-10-15 07:44:27,638 [Listener at 0.0.0.0/43819] INFO  http.HttpServer2 (HttpServer2.java:bindListener(1250)) - Jetty bound to port 37125
2022-10-15 07:44:27,638 [Listener at 0.0.0.0/43819] INFO  server.Server (Server.java:doStart(375)) - jetty-9.4.43.v20210629; built: 2021-06-30T11:07:22.254Z; git: 526006ecfa3af7f1a27ef3a288e2bef7ea9dd7e8; jvm 1.8.0_345-b01
2022-10-15 07:44:27,639 [Listener at 0.0.0.0/43819] INFO  server.session (DefaultSessionIdManager.java:doStart(334)) - DefaultSessionIdManager workerName=node0
2022-10-15 07:44:27,640 [Listener at 0.0.0.0/43819] INFO  server.session (DefaultSessionIdManager.java:doStart(339)) - No SessionScavenger set, using defaults
2022-10-15 07:44:27,640 [Listener at 0.0.0.0/43819] INFO  server.session (HouseKeeper.java:startScavenging(132)) - node0 Scavenging every 660000ms
2022-10-15 07:44:27,640 [Listener at 0.0.0.0/43819] INFO  handler.ContextHandler (ContextHandler.java:doStart(915)) - Started o.e.j.s.ServletContextHandler@2bf375a4{logs,/logs,file:///home/runner/work/ozone/ozone/hadoop-ozone/integration-test/target/log,AVAILABLE}
2022-10-15 07:44:27,647 [Listener at 0.0.0.0/43819] INFO  handler.ContextHandler (ContextHandler.java:doStart(915)) - Started o.e.j.s.ServletContextHandler@43c12f65{static,/static,file:///home/runner/work/ozone/ozone/hadoop-ozone/integration-test/target/test-classes/webapps/static,AVAILABLE}
2022-10-15 07:44:27,652 [Listener at 0.0.0.0/43819] INFO  handler.ContextHandler (ContextHandler.java:doStart(915)) - Started o.e.j.w.WebAppContext@608444ef{scm,/,file:///home/runner/work/ozone/ozone/hadoop-ozone/integration-test/target/test-classes/webapps/scm/,AVAILABLE}{file:/home/runner/work/ozone/ozone/hadoop-ozone/integration-test/target/test-classes/webapps/scm}
2022-10-15 07:44:27,659 [Listener at 0.0.0.0/43819] INFO  server.AbstractConnector (AbstractConnector.java:doStart(331)) - Started ServerConnector@5a776684{HTTP/1.1, (http/1.1)}{0.0.0.0:37125}
2022-10-15 07:44:27,659 [Listener at 0.0.0.0/43819] INFO  server.Server (Server.java:doStart(415)) - Started @177612ms
2022-10-15 07:44:27,659 [Listener at 0.0.0.0/43819] WARN  impl.MetricsSystemImpl (MetricsSystemImpl.java:register(279)) - Sink prometheus already exists!
2022-10-15 07:44:27,660 [Listener at 0.0.0.0/43819] INFO  http.BaseHttpServer (BaseHttpServer.java:updateConnectorAddress(333)) - HTTP server of scm listening at http://0.0.0.0:37125
2022-10-15 07:44:27,660 [Listener at 0.0.0.0/43819] WARN  server.ServerUtils (ServerUtils.java:getDBPath(225)) - ozone.om.db.dirs is not configured. We recommend adding this setting. Falling back to ozone.metadata.dirs instead.
2022-10-15 07:44:27,663 [Listener at 0.0.0.0/43819] INFO  ha.OMHANodeDetails (OMHANodeDetails.java:loadOMHAConfig(115)) - ozone.om.internal.service.id is not defined, falling back to ozone.om.service.ids to find serviceID for OzoneManager if it is HA enabled cluster
2022-10-15 07:44:27,663 [Listener at 0.0.0.0/43819] INFO  ha.OMHANodeDetails (OMHANodeDetails.java:loadOMHAConfig(226)) - Configuration does not have ozone.om.address set. Falling back to the default OM address /127.0.0.1:0
2022-10-15 07:44:27,663 [Listener at 0.0.0.0/43819] INFO  ha.OMHANodeDetails (OMHANodeDetails.java:getOMNodeDetailsForNonHA(254)) - OM Service ID is not set. Setting it to the default ID: omServiceIdDefault
2022-10-15 07:44:27,663 [Listener at 0.0.0.0/43819] INFO  ha.OMHANodeDetails (OMHANodeDetails.java:getOMNodeDetailsForNonHA(261)) - OM Node ID is not set. Setting it to the default ID: om1
2022-10-15 07:44:27,664 [Listener at 0.0.0.0/43819] WARN  server.ServerUtils (ServerUtils.java:getDBPath(225)) - ozone.om.db.dirs is not configured. We recommend adding this setting. Falling back to ozone.metadata.dirs instead.
2022-10-15 07:44:27,664 [Listener at 0.0.0.0/43819] INFO  upgrade.AbstractLayoutVersionManager (AbstractLayoutVersionManager.java:init(83)) - Initializing Layout version manager with metadata layout = MULTITENANCY_SCHEMA (version = 3), software layout = MULTITENANCY_SCHEMA (version = 3)
2022-10-15 07:44:27,940 [Listener at 0.0.0.0/43819] INFO  reflections.Reflections (Reflections.java:scan(232)) - Reflections took 275 ms to scan 2 urls, producing 154 keys and 428 values [using 2 cores]
2022-10-15 07:44:27,941 [Listener at 0.0.0.0/43819] INFO  upgrade.OMLayoutVersionManager (OMLayoutVersionManager.java:lambda$0(115)) - Skipping Upgrade Action MockOmUpgradeAction since it has been finalized.
2022-10-15 07:44:27,941 [Listener at 0.0.0.0/43819] WARN  server.ServerUtils (ServerUtils.java:getDBPath(225)) - ozone.om.db.dirs is not configured. We recommend adding this setting. Falling back to ozone.metadata.dirs instead.
2022-10-15 07:44:27,941 [Listener at 0.0.0.0/43819] INFO  proxy.SCMBlockLocationFailoverProxyProvider (SCMBlockLocationFailoverProxyProvider.java:<init>(114)) - Created block location fail-over proxy with 1 nodes: [nodeId=scmNodeId,nodeAddress=/0.0.0.0:35679]
2022-10-15 07:44:27,945 [Listener at 0.0.0.0/43819] INFO  proxy.SCMBlockLocationFailoverProxyProvider (SCMBlockLocationFailoverProxyProvider.java:<init>(114)) - Created block location fail-over proxy with 1 nodes: [nodeId=scmNodeId,nodeAddress=/0.0.0.0:35679]
2022-10-15 07:44:28,003 [Listener at 0.0.0.0/43819] WARN  server.ServerUtils (ServerUtils.java:getDBPath(225)) - ozone.om.db.dirs is not configured. We recommend adding this setting. Falling back to ozone.metadata.dirs instead.
2022-10-15 07:44:28,003 [Listener at 0.0.0.0/43819] INFO  codec.OmKeyInfoCodec (OmKeyInfoCodec.java:<init>(49)) - OmKeyInfoCodec ignorePipeline = true
2022-10-15 07:44:28,004 [Listener at 0.0.0.0/43819] INFO  codec.RepeatedOmKeyInfoCodec (RepeatedOmKeyInfoCodec.java:<init>(41)) - RepeatedOmKeyInfoCodec ignorePipeline = true
2022-10-15 07:44:28,128 [ReplicationMonitor] INFO  replication.ReplicationManager (ReplicationManager.java:processAll(324)) - Replication Monitor Thread took 0 milliseconds for processing 3 containers.
2022-10-15 07:44:28,129 [Under Replicated Processor] INFO  replication.UnderReplicatedProcessor (UnderReplicatedProcessor.java:processAll(92)) - Processed 0 under replicated containers, failed processing 0
2022-10-15 07:44:28,130 [Over Replicated Processor] INFO  replication.OverReplicatedProcessor (OverReplicatedProcessor.java:processAll(90)) - Processed 0 over replicated containers, failed processing 0
2022-10-15 07:44:28,188 [Under Replicated Processor] INFO  replication.UnderReplicatedProcessor (UnderReplicatedProcessor.java:processAll(92)) - Processed 0 under replicated containers, failed processing 0
2022-10-15 07:44:28,189 [Over Replicated Processor] INFO  replication.OverReplicatedProcessor (OverReplicatedProcessor.java:processAll(90)) - Processed 4 over replicated containers, failed processing 0
2022-10-15 07:44:28,220 [ReplicationMonitor] INFO  replication.ReplicationManager (ReplicationManager.java:processAll(324)) - Replication Monitor Thread took 0 milliseconds for processing 11 containers.
2022-10-15 07:44:28,260 [Listener at 0.0.0.0/43819] INFO  om.OzoneManager (OzoneManager.java:instantiateServices(712)) - S3 Multi-Tenancy is disabled
2022-10-15 07:44:28,261 [Listener at 0.0.0.0/43819] INFO  om.OzoneManager (OzoneManager.java:addS3GVolumeToDB(4386)) - Created Volume s3v With Owner runner required for S3Gateway operations.
2022-10-15 07:44:28,261 [Listener at 0.0.0.0/43819] WARN  server.ServerUtils (ServerUtils.java:getDefaultRatisDirectory(237)) - Storage directory for Ratis is not configured. It is a good idea to map this to an SSD disk. Falling back to ozone.metadata.dirs
2022-10-15 07:44:28,261 [Listener at 0.0.0.0/43819] WARN  utils.OzoneManagerRatisUtils (OzoneManagerRatisUtils.java:getOMRatisSnapshotDirectory(434)) - ozone.om.ratis.snapshot.dir is not configured. Falling back to ozone.metadata.dirs config
2022-10-15 07:44:28,262 [Listener at 0.0.0.0/43819] WARN  impl.MetricRegistriesImpl (MetricRegistriesImpl.java:addReporterRegistration(111)) - New reporters are added after registries were created. Some metrics will be missing from the reporter. Please add reporter before adding any new registry.
2022-10-15 07:44:28,262 [Listener at 0.0.0.0/43819] WARN  impl.MetricRegistriesImpl (MetricRegistriesImpl.java:addReporterRegistration(111)) - New reporters are added after registries were created. Some metrics will be missing from the reporter. Please add reporter before adding any new registry.
2022-10-15 07:44:28,262 [Listener at 0.0.0.0/43819] WARN  server.ServerUtils (ServerUtils.java:getDefaultRatisDirectory(237)) - Storage directory for Ratis is not configured. It is a good idea to map this to an SSD disk. Falling back to ozone.metadata.dirs
2022-10-15 07:44:28,262 [Listener at 0.0.0.0/43819] INFO  ratis.OzoneManagerRatisServer (OzoneManagerRatisServer.java:<init>(160)) - Instantiating OM Ratis server with groupID: omServiceIdDefault and peers: localhost:33483
2022-10-15 07:44:28,262 [Listener at 0.0.0.0/43819] INFO  ratis.OzoneManagerStateMachine (OzoneManagerStateMachine.java:loadSnapshotInfoFromDB(632)) - LastAppliedIndex is set from TransactionInfo from OM DB as (t:0, i:~)
2022-10-15 07:44:28,271 [Listener at 0.0.0.0/43819] INFO  server.RaftServer (ConfUtils.java:logGet(46)) - raft.rpc.type = GRPC (default)
2022-10-15 07:44:28,271 [Listener at 0.0.0.0/43819] INFO  grpc.GrpcFactory (GrpcFactory.java:checkPooledByteBufAllocatorUseCacheForAllThreads(48)) - PERFORMANCE WARNING: useCacheForAllThreads is true that may cause Netty to create a lot garbage objects and, as a result, trigger GC.
	It is recommended to disable useCacheForAllThreads by setting -Dorg.apache.ratis.thirdparty.io.netty.allocator.useCacheForAllThreads=false in command line.
2022-10-15 07:44:28,271 [Listener at 0.0.0.0/43819] INFO  grpc.GrpcConfigKeys (ConfUtils.java:logGet(46)) - raft.grpc.admin.port = -1 (default)
2022-10-15 07:44:28,271 [Listener at 0.0.0.0/43819] INFO  grpc.GrpcConfigKeys (ConfUtils.java:logGet(46)) - raft.grpc.server.port = 33483 (custom)
2022-10-15 07:44:28,272 [Listener at 0.0.0.0/43819] INFO  grpc.GrpcConfigKeys (ConfUtils.java:logGet(46)) - raft.grpc.client.port = -1 (default)
2022-10-15 07:44:28,272 [Listener at 0.0.0.0/43819] INFO  grpc.GrpcConfigKeys (ConfUtils.java:logGet(46)) - raft.grpc.server.port = 33483 (custom)
2022-10-15 07:44:28,272 [Listener at 0.0.0.0/43819] INFO  grpc.GrpcConfigKeys (ConfUtils.java:logGet(46)) - raft.grpc.server.port = 33483 (custom)
2022-10-15 07:44:28,272 [Listener at 0.0.0.0/43819] INFO  server.GrpcService (ConfUtils.java:logGet(46)) - raft.grpc.message.size.max = 33554432 (custom)
2022-10-15 07:44:28,272 [Listener at 0.0.0.0/43819] INFO  server.RaftServerConfigKeys (ConfUtils.java:logGet(46)) - raft.server.log.appender.buffer.byte-limit = 33554432 (custom)
2022-10-15 07:44:28,272 [Listener at 0.0.0.0/43819] INFO  server.GrpcService (ConfUtils.java:logGet(46)) - raft.grpc.flow.control.window = 1MB (=1048576) (default)
2022-10-15 07:44:28,272 [Listener at 0.0.0.0/43819] INFO  server.RaftServerConfigKeys (ConfUtils.java:logGet(46)) - raft.server.rpc.request.timeout = 3000ms (default)
2022-10-15 07:44:28,272 [Listener at 0.0.0.0/43819] INFO  grpc.GrpcConfigKeys (ConfUtils.java:logGet(46)) - raft.grpc.server.async.request.thread.pool.cached = true (default)
2022-10-15 07:44:28,272 [Listener at 0.0.0.0/43819] INFO  grpc.GrpcConfigKeys (ConfUtils.java:logGet(46)) - raft.grpc.server.async.request.thread.pool.size = 32 (default)
2022-10-15 07:44:28,273 [Listener at 0.0.0.0/43819] INFO  impl.DataStreamServerImpl (ConfUtils.java:logGet(46)) - raft.datastream.type = DISABLED (default)
2022-10-15 07:44:28,273 [Listener at 0.0.0.0/43819] INFO  server.RaftServerConfigKeys (ConfUtils.java:logGet(46)) - raft.server.threadpool.proxy.cached = true (default)
2022-10-15 07:44:28,273 [Listener at 0.0.0.0/43819] INFO  server.RaftServerConfigKeys (ConfUtils.java:logGet(46)) - raft.server.threadpool.proxy.size = 0 (default)
2022-10-15 07:44:28,273 [Listener at 0.0.0.0/43819] INFO  server.RaftServerConfigKeys (ConfUtils.java:logGet(46)) - raft.server.rpc.slowness.timeout = 120s (custom)
2022-10-15 07:44:28,273 [Listener at 0.0.0.0/43819] INFO  server.RaftServerConfigKeys (ConfUtils.java:logGet(46)) - raft.server.leaderelection.leader.step-down.wait-time = 10s (default)
2022-10-15 07:44:28,274 [Listener at 0.0.0.0/43819] INFO  server.RaftServerConfigKeys (ConfUtils.java:logGet(46)) - raft.server.storage.dir = [/home/runner/work/ozone/ozone/hadoop-ozone/integration-test/target/test-dir/MiniOzoneClusterImpl-0c55ea5e-da39-43b3-be52-3d6e56a90e90/ozone-meta/ratis] (custom)
2022-10-15 07:44:28,287 [Listener at 0.0.0.0/43819] INFO  server.RaftServer (RaftServerProxy.java:addNew(96)) - om1: addNew group-C5BA1605619E:[om1|rpc:localhost:33483|priority:0] returns group-C5BA1605619E:java.util.concurrent.CompletableFuture@744a116e[Not completed]
2022-10-15 07:44:28,287 [Listener at 0.0.0.0/43819] INFO  om.OzoneManager (OzoneManager.java:initializeRatisServer(1976)) - OzoneManager Ratis server initialized at port 33483
2022-10-15 07:44:28,288 [Listener at 0.0.0.0/43819] INFO  om.OzoneManager (OzoneManager.java:getRpcServer(1102)) - Creating RPC Server
2022-10-15 07:44:28,289 [pool-3541-thread-1] INFO  server.RaftServer$Division (RaftServerImpl.java:<init>(190)) - om1: new RaftServerImpl for group-C5BA1605619E:[om1|rpc:localhost:33483|priority:0] with OzoneManagerStateMachine:uninitialized
2022-10-15 07:44:28,289 [pool-3541-thread-1] INFO  server.RaftServerConfigKeys (ConfUtils.java:logGet(46)) - raft.server.rpc.timeout.min = 1s (custom)
2022-10-15 07:44:28,289 [pool-3541-thread-1] INFO  server.RaftServerConfigKeys (ConfUtils.java:logGet(46)) - raft.server.rpc.timeout.max = 1200ms (custom)
2022-10-15 07:44:28,289 [pool-3541-thread-1] INFO  server.RaftServerConfigKeys (ConfUtils.java:logGet(46)) - raft.server.rpc.sleep.time = 25ms (default)
2022-10-15 07:44:28,289 [pool-3541-thread-1] INFO  server.RaftServerConfigKeys (ConfUtils.java:logGet(46)) - raft.server.rpc.slowness.timeout = 120s (custom)
2022-10-15 07:44:28,289 [pool-3541-thread-1] INFO  server.RaftServerConfigKeys (ConfUtils.java:logGet(46)) - raft.server.leaderelection.leader.step-down.wait-time = 10s (default)
2022-10-15 07:44:28,289 [pool-3541-thread-1] INFO  server.RaftServerConfigKeys (ConfUtils.java:logGet(46)) - raft.server.sleep.deviation.threshold = 300ms (default)
2022-10-15 07:44:28,290 [pool-3541-thread-1] INFO  server.RaftServer$Division (ServerState.java:<init>(107)) - om1@group-C5BA1605619E: ConfigurationManager, init=-1: [om1|rpc:localhost:33483|priority:0], old=null, confs=<EMPTY_MAP>
2022-10-15 07:44:28,290 [pool-3541-thread-1] INFO  server.RaftServerConfigKeys (ConfUtils.java:logGet(46)) - raft.server.storage.dir = [/home/runner/work/ozone/ozone/hadoop-ozone/integration-test/target/test-dir/MiniOzoneClusterImpl-0c55ea5e-da39-43b3-be52-3d6e56a90e90/ozone-meta/ratis] (custom)
2022-10-15 07:44:28,290 [pool-3541-thread-1] INFO  server.RaftServerConfigKeys (ConfUtils.java:logGet(46)) - raft.server.log.corruption.policy = EXCEPTION (default)
2022-10-15 07:44:28,290 [pool-3541-thread-1] INFO  server.RaftServerConfigKeys (ConfUtils.java:logGet(46)) - raft.server.storage.free-space.min = 0MB (=0) (default)
2022-10-15 07:44:28,290 [pool-3541-thread-1] INFO  storage.RaftStorageDirectory (RaftStorageDirectoryImpl.java:analyzeStorage(135)) - The storage directory /home/runner/work/ozone/ozone/hadoop-ozone/integration-test/target/test-dir/MiniOzoneClusterImpl-0c55ea5e-da39-43b3-be52-3d6e56a90e90/ozone-meta/ratis/bf265839-605b-3f16-9796-c5ba1605619e does not exist. Creating ...
2022-10-15 07:44:28,292 [pool-3541-thread-1] INFO  storage.RaftStorageDirectory (RaftStorageDirectoryImpl.java:tryLock(230)) - Lock on /home/runner/work/ozone/ozone/hadoop-ozone/integration-test/target/test-dir/MiniOzoneClusterImpl-0c55ea5e-da39-43b3-be52-3d6e56a90e90/ozone-meta/ratis/bf265839-605b-3f16-9796-c5ba1605619e/in_use.lock acquired by nodename 65647@fv-az204-107
2022-10-15 07:44:28,296 [pool-3541-thread-1] INFO  storage.RaftStorage (RaftStorageImpl.java:format(89)) - Storage directory /home/runner/work/ozone/ozone/hadoop-ozone/integration-test/target/test-dir/MiniOzoneClusterImpl-0c55ea5e-da39-43b3-be52-3d6e56a90e90/ozone-meta/ratis/bf265839-605b-3f16-9796-c5ba1605619e has been successfully formatted.
2022-10-15 07:44:28,296 [pool-3541-thread-1] INFO  server.RaftServerConfigKeys (ConfUtils.java:logGet(46)) - raft.server.notification.no-leader.timeout = 120s (custom)
2022-10-15 07:44:28,296 [pool-3541-thread-1] INFO  server.RaftServerConfigKeys (ConfUtils.java:logGet(46)) - raft.server.log.use.memory = false (default)
2022-10-15 07:44:28,296 [pool-3541-thread-1] INFO  server.RaftServerConfigKeys (ConfUtils.java:logGet(46)) - raft.server.log.purge.gap = 1000000 (custom)
2022-10-15 07:44:28,296 [pool-3541-thread-1] INFO  server.RaftServerConfigKeys (ConfUtils.java:logGet(46)) - raft.server.log.appender.buffer.byte-limit = 33554432 (custom)
2022-10-15 07:44:28,296 [pool-3541-thread-1] INFO  server.RaftServerConfigKeys (ConfUtils.java:logGet(46)) - raft.server.log.statemachine.data.read.timeout = 1000ms (default)
2022-10-15 07:44:28,296 [pool-3541-thread-1] INFO  server.RaftServerConfigKeys (ConfUtils.java:logGet(46)) - raft.server.log.segment.size.max = 4194304 (custom)
2022-10-15 07:44:28,297 [pool-3541-thread-1] INFO  server.RaftServerConfigKeys (ConfUtils.java:logGet(46)) - raft.server.log.segment.cache.num.max = 2 (custom)
2022-10-15 07:44:28,297 [pool-3541-thread-1] INFO  server.RaftServerConfigKeys (ConfUtils.java:logGet(46)) - raft.server.log.segment.cache.size.max = 200MB (=209715200) (default)
2022-10-15 07:44:28,297 [pool-3541-thread-1] INFO  segmented.SegmentedRaftLogWorker (SegmentedRaftLogWorker.java:<init>(187)) - new om1@group-C5BA1605619E-SegmentedRaftLogWorker for RaftStorageImpl:Storage Directory /home/runner/work/ozone/ozone/hadoop-ozone/integration-test/target/test-dir/MiniOzoneClusterImpl-0c55ea5e-da39-43b3-be52-3d6e56a90e90/ozone-meta/ratis/bf265839-605b-3f16-9796-c5ba1605619e
2022-10-15 07:44:28,297 [pool-3541-thread-1] INFO  server.RaftServerConfigKeys (ConfUtils.java:logGet(46)) - raft.server.log.queue.byte-limit = 64MB (=67108864) (default)
2022-10-15 07:44:28,297 [pool-3541-thread-1] INFO  server.RaftServerConfigKeys (ConfUtils.java:logGet(46)) - raft.server.log.queue.element-limit = 4096 (default)
2022-10-15 07:44:28,298 [pool-3541-thread-1] INFO  server.RaftServerConfigKeys (ConfUtils.java:logGet(46)) - raft.server.log.segment.size.max = 4194304 (custom)
2022-10-15 07:44:28,298 [pool-3541-thread-1] INFO  server.RaftServerConfigKeys (ConfUtils.java:logGet(46)) - raft.server.log.preallocated.size = 4194304 (custom)
2022-10-15 07:44:28,298 [pool-3541-thread-1] INFO  server.RaftServerConfigKeys (ConfUtils.java:logGet(46)) - raft.server.log.force.sync.num = 128 (default)
2022-10-15 07:44:28,298 [pool-3541-thread-1] INFO  server.RaftServerConfigKeys (ConfUtils.java:logGet(46)) - raft.server.log.statemachine.data.sync = true (default)
2022-10-15 07:44:28,298 [pool-3541-thread-1] INFO  server.RaftServerConfigKeys (ConfUtils.java:logGet(46)) - raft.server.log.statemachine.data.sync.timeout = 10s (default)
2022-10-15 07:44:28,298 [pool-3541-thread-1] INFO  server.RaftServerConfigKeys (ConfUtils.java:logGet(46)) - raft.server.log.statemachine.data.sync.timeout.retry = -1 (default)
2022-10-15 07:44:28,314 [pool-3541-thread-1] INFO  server.RaftServerConfigKeys (ConfUtils.java:logGet(46)) - raft.server.log.write.buffer.size = 64KB (=65536) (default)
2022-10-15 07:44:28,314 [pool-3541-thread-1] INFO  server.RaftServerConfigKeys (ConfUtils.java:logGet(46)) - raft.server.log.unsafe-flush.enabled = false (default)
2022-10-15 07:44:28,314 [pool-3541-thread-1] INFO  server.RaftServerConfigKeys (ConfUtils.java:logGet(46)) - raft.server.log.statemachine.data.caching.enabled = false (default)
2022-10-15 07:44:28,314 [pool-3541-thread-1] INFO  segmented.SegmentedRaftLogWorker (SegmentedRaftLogWorker.java:lambda$new$0(135)) - om1@group-C5BA1605619E-SegmentedRaftLogWorker: flushIndex: setUnconditionally 0 -> -1
2022-10-15 07:44:28,314 [pool-3541-thread-1] INFO  segmented.SegmentedRaftLogWorker (SegmentedRaftLogWorker.java:lambda$new$0(135)) - om1@group-C5BA1605619E-SegmentedRaftLogWorker: safeCacheEvictIndex: setUnconditionally 0 -> -1
2022-10-15 07:44:28,322 [pool-3541-thread-1] INFO  server.RaftServerConfigKeys (ConfUtils.java:logGet(46)) - raft.server.snapshot.auto.trigger.enabled = true (custom)
2022-10-15 07:44:28,322 [pool-3541-thread-1] INFO  server.RaftServerConfigKeys (ConfUtils.java:logGet(46)) - raft.server.snapshot.auto.trigger.threshold = 400000 (default)
2022-10-15 07:44:28,322 [pool-3541-thread-1] INFO  server.RaftServerConfigKeys (ConfUtils.java:logGet(46)) - raft.server.snapshot.retention.file.num = -1 (default)
2022-10-15 07:44:28,322 [pool-3541-thread-1] INFO  server.RaftServerConfigKeys (ConfUtils.java:logGet(46)) - raft.server.log.purge.upto.snapshot.index = true (custom)
2022-10-15 07:44:28,322 [pool-3541-thread-1] INFO  server.RaftServerConfigKeys (ConfUtils.java:logGet(46)) - raft.server.retrycache.expirytime = 300s (custom)
2022-10-15 07:44:28,322 [pool-3541-thread-1] INFO  server.RaftServerConfigKeys (ConfUtils.java:logGet(46)) - raft.server.retrycache.statistics.expirytime = 100μs (default)
2022-10-15 07:44:28,328 [pool-3541-thread-1] INFO  server.RaftServerConfigKeys (ConfUtils.java:logGet(46)) - raft.server.log.appender.install.snapshot.enabled = false (custom)
2022-10-15 07:44:28,328 [pool-3541-thread-1] INFO  server.RaftServerConfigKeys (ConfUtils.java:logGet(46)) - raft.server.threadpool.server.cached = true (default)
2022-10-15 07:44:28,328 [pool-3541-thread-1] INFO  server.RaftServerConfigKeys (ConfUtils.java:logGet(46)) - raft.server.threadpool.server.size = 0 (default)
2022-10-15 07:44:28,328 [pool-3541-thread-1] INFO  server.RaftServerConfigKeys (ConfUtils.java:logGet(46)) - raft.server.threadpool.client.cached = true (default)
2022-10-15 07:44:28,328 [pool-3541-thread-1] INFO  server.RaftServerConfigKeys (ConfUtils.java:logGet(46)) - raft.server.threadpool.client.size = 0 (default)
2022-10-15 07:44:28,341 [Under Replicated Processor] INFO  replication.UnderReplicatedProcessor (UnderReplicatedProcessor.java:processAll(92)) - Processed 0 under replicated containers, failed processing 0
2022-10-15 07:44:28,341 [ReplicationMonitor] INFO  replication.ReplicationManager (ReplicationManager.java:processAll(324)) - Replication Monitor Thread took 0 milliseconds for processing 0 containers.
2022-10-15 07:44:28,341 [Over Replicated Processor] INFO  replication.OverReplicatedProcessor (OverReplicatedProcessor.java:processAll(90)) - Processed 0 over replicated containers, failed processing 0
2022-10-15 07:44:28,506 [grpc-default-executor-8] WARN  server.GrpcLogAppender (LogUtils.java:warn(122)) - 1a927d95-9689-4ae2-94aa-466101e25ef1@group-186442F10DA6->fdcf0f8e-cf64-44a3-bed5-f94c24ef391f-AppendLogResponseHandler: Failed appendEntries: org.apache.ratis.thirdparty.io.grpc.StatusRuntimeException: UNAVAILABLE: io exception
2022-10-15 07:44:28,507 [grpc-default-executor-8] WARN  server.GrpcLogAppender (GrpcLogAppender.java:resetClient(111)) - 1a927d95-9689-4ae2-94aa-466101e25ef1@group-186442F10DA6->fdcf0f8e-cf64-44a3-bed5-f94c24ef391f-GrpcLogAppender: Leader has not got in touch with Follower 1a927d95-9689-4ae2-94aa-466101e25ef1@group-186442F10DA6->fdcf0f8e-cf64-44a3-bed5-f94c24ef391f(c-1,m0,n1, attendVote=true, lastRpcSendTime=1, lastRpcResponseTime=2505) yet, just keep nextIndex unchanged and retry.
2022-10-15 07:44:28,563 [ReplicationMonitor] INFO  replication.ReplicationManager (ReplicationManager.java:processAll(291)) - Replication Manager is not ready to run until 3000ms after safemode exit
2022-10-15 07:44:28,991 [Command processor thread] INFO  server.RaftServer (RaftServerProxy.java:addNew(96)) - 8ac05ecf-5505-4afd-87c5-f9065cf10d1e: addNew group-D6E0F4661807:[8ac05ecf-5505-4afd-87c5-f9065cf10d1e|rpc:10.1.1.113:45707|priority:1] returns group-D6E0F4661807:java.util.concurrent.CompletableFuture@23b757df[Not completed]
2022-10-15 07:44:28,992 [pool-3325-thread-1] INFO  server.RaftServer$Division (RaftServerImpl.java:<init>(190)) - 8ac05ecf-5505-4afd-87c5-f9065cf10d1e: new RaftServerImpl for group-D6E0F4661807:[8ac05ecf-5505-4afd-87c5-f9065cf10d1e|rpc:10.1.1.113:45707|priority:1] with ContainerStateMachine:uninitialized
2022-10-15 07:44:28,992 [pool-3325-thread-1] INFO  server.RaftServerConfigKeys (ConfUtils.java:logGet(46)) - raft.server.rpc.timeout.min = 5s (custom)
2022-10-15 07:44:28,992 [pool-3325-thread-1] INFO  server.RaftServerConfigKeys (ConfUtils.java:logGet(46)) - raft.server.rpc.timeout.max = 5200ms (custom)
2022-10-15 07:44:28,992 [pool-3325-thread-1] INFO  server.RaftServerConfigKeys (ConfUtils.java:logGet(46)) - raft.server.rpc.sleep.time = 25ms (default)
2022-10-15 07:44:28,992 [pool-3325-thread-1] INFO  server.RaftServerConfigKeys (ConfUtils.java:logGet(46)) - raft.server.rpc.slowness.timeout = 300s (custom)
2022-10-15 07:44:28,992 [pool-3325-thread-1] INFO  server.RaftServerConfigKeys (ConfUtils.java:logGet(46)) - raft.server.leaderelection.leader.step-down.wait-time = 10s (default)
2022-10-15 07:44:28,992 [pool-3325-thread-1] INFO  server.RaftServerConfigKeys (ConfUtils.java:logGet(46)) - raft.server.sleep.deviation.threshold = 300ms (default)
2022-10-15 07:44:28,992 [pool-3325-thread-1] INFO  server.RaftServer$Division (ServerState.java:<init>(107)) - 8ac05ecf-5505-4afd-87c5-f9065cf10d1e@group-D6E0F4661807: ConfigurationManager, init=-1: [8ac05ecf-5505-4afd-87c5-f9065cf10d1e|rpc:10.1.1.113:45707|priority:1], old=null, confs=<EMPTY_MAP>
2022-10-15 07:44:28,992 [pool-3325-thread-1] INFO  server.RaftServerConfigKeys (ConfUtils.java:logGet(46)) - raft.server.storage.dir = [/home/runner/work/ozone/ozone/hadoop-ozone/integration-test/target/test-dir/MiniOzoneClusterImpl-66da459b-aeee-45c7-ad0e-5ce5667a4dd7/datanode-2/data/ratis] (custom)
2022-10-15 07:44:28,992 [pool-3325-thread-1] INFO  server.RaftServerConfigKeys (ConfUtils.java:logGet(46)) - raft.server.log.corruption.policy = EXCEPTION (default)
2022-10-15 07:44:28,992 [pool-3325-thread-1] INFO  server.RaftServerConfigKeys (ConfUtils.java:logGet(46)) - raft.server.storage.free-space.min = 0MB (=0) (default)
2022-10-15 07:44:28,993 [pool-3325-thread-1] INFO  storage.RaftStorageDirectory (RaftStorageDirectoryImpl.java:analyzeStorage(135)) - The storage directory /home/runner/work/ozone/ozone/hadoop-ozone/integration-test/target/test-dir/MiniOzoneClusterImpl-66da459b-aeee-45c7-ad0e-5ce5667a4dd7/datanode-2/data/ratis/b53caddf-e123-4060-8d4f-d6e0f4661807 does not exist. Creating ...
2022-10-15 07:44:29,001 [pool-3325-thread-1] INFO  storage.RaftStorageDirectory (RaftStorageDirectoryImpl.java:tryLock(230)) - Lock on /home/runner/work/ozone/ozone/hadoop-ozone/integration-test/target/test-dir/MiniOzoneClusterImpl-66da459b-aeee-45c7-ad0e-5ce5667a4dd7/datanode-2/data/ratis/b53caddf-e123-4060-8d4f-d6e0f4661807/in_use.lock acquired by nodename 65647@fv-az204-107
2022-10-15 07:44:29,004 [pool-3325-thread-1] INFO  storage.RaftStorage (RaftStorageImpl.java:format(89)) - Storage directory /home/runner/work/ozone/ozone/hadoop-ozone/integration-test/target/test-dir/MiniOzoneClusterImpl-66da459b-aeee-45c7-ad0e-5ce5667a4dd7/datanode-2/data/ratis/b53caddf-e123-4060-8d4f-d6e0f4661807 has been successfully formatted.
2022-10-15 07:44:29,004 [pool-3325-thread-1] INFO  ratis.ContainerStateMachine (ContainerStateMachine.java:loadSnapshot(236)) - group-D6E0F4661807: The snapshot info is null. Setting the last applied indexto:(t:0, i:~)
2022-10-15 07:44:29,004 [pool-3325-thread-1] INFO  server.RaftServerConfigKeys (ConfUtils.java:logGet(46)) - raft.server.notification.no-leader.timeout = 300s (custom)
2022-10-15 07:44:29,004 [pool-3325-thread-1] INFO  server.RaftServerConfigKeys (ConfUtils.java:logGet(46)) - raft.server.log.use.memory = false (default)
2022-10-15 07:44:29,004 [pool-3325-thread-1] INFO  server.RaftServerConfigKeys (ConfUtils.java:logGet(46)) - raft.server.log.purge.gap = 1000000 (custom)
2022-10-15 07:44:29,004 [pool-3325-thread-1] INFO  server.RaftServerConfigKeys (ConfUtils.java:logGet(46)) - raft.server.log.appender.buffer.byte-limit = 33554432 (custom)
2022-10-15 07:44:29,004 [pool-3325-thread-1] INFO  server.RaftServerConfigKeys (ConfUtils.java:logGet(46)) - raft.server.log.statemachine.data.read.timeout = 1000ms (default)
2022-10-15 07:44:29,005 [pool-3325-thread-1] INFO  server.RaftServerConfigKeys (ConfUtils.java:logGet(46)) - raft.server.log.segment.size.max = 1048576 (custom)
2022-10-15 07:44:29,006 [pool-3325-thread-1] INFO  server.RaftServerConfigKeys (ConfUtils.java:logGet(46)) - raft.server.log.segment.cache.num.max = 2 (custom)
2022-10-15 07:44:29,006 [pool-3325-thread-1] INFO  server.RaftServerConfigKeys (ConfUtils.java:logGet(46)) - raft.server.log.segment.cache.size.max = 200MB (=209715200) (default)
2022-10-15 07:44:29,006 [pool-3325-thread-1] INFO  segmented.SegmentedRaftLogWorker (SegmentedRaftLogWorker.java:<init>(187)) - new 8ac05ecf-5505-4afd-87c5-f9065cf10d1e@group-D6E0F4661807-SegmentedRaftLogWorker for RaftStorageImpl:Storage Directory /home/runner/work/ozone/ozone/hadoop-ozone/integration-test/target/test-dir/MiniOzoneClusterImpl-66da459b-aeee-45c7-ad0e-5ce5667a4dd7/datanode-2/data/ratis/b53caddf-e123-4060-8d4f-d6e0f4661807
2022-10-15 07:44:29,006 [pool-3325-thread-1] INFO  server.RaftServerConfigKeys (ConfUtils.java:logGet(46)) - raft.server.log.queue.byte-limit = 4294967296 (custom)
2022-10-15 07:44:29,006 [pool-3325-thread-1] INFO  server.RaftServerConfigKeys (ConfUtils.java:logGet(46)) - raft.server.log.queue.element-limit = 1024 (custom)
2022-10-15 07:44:29,006 [pool-3325-thread-1] INFO  server.RaftServerConfigKeys (ConfUtils.java:logGet(46)) - raft.server.log.segment.size.max = 1048576 (custom)
2022-10-15 07:44:29,006 [pool-3325-thread-1] INFO  server.RaftServerConfigKeys (ConfUtils.java:logGet(46)) - raft.server.log.preallocated.size = 16384 (custom)
2022-10-15 07:44:29,006 [pool-3325-thread-1] INFO  server.RaftServerConfigKeys (ConfUtils.java:logGet(46)) - raft.server.log.force.sync.num = 128 (default)
2022-10-15 07:44:29,006 [pool-3325-thread-1] INFO  server.RaftServerConfigKeys (ConfUtils.java:logGet(46)) - raft.server.log.statemachine.data.sync = true (default)
2022-10-15 07:44:29,006 [pool-3325-thread-1] INFO  server.RaftServerConfigKeys (ConfUtils.java:logGet(46)) - raft.server.log.statemachine.data.sync.timeout = 10s (default)
2022-10-15 07:44:29,006 [pool-3325-thread-1] INFO  server.RaftServerConfigKeys (ConfUtils.java:logGet(46)) - raft.server.log.statemachine.data.sync.timeout.retry = -1 (default)
2022-10-15 07:44:29,008 [EventQueue-PipelineReportForPipelineReportHandler] INFO  pipeline.PipelineManagerImpl (PipelineManagerImpl.java:openPipeline(367)) - Pipeline Pipeline[ Id: b53caddf-e123-4060-8d4f-d6e0f4661807, Nodes: 8ac05ecf-5505-4afd-87c5-f9065cf10d1e{ip: 10.1.1.113, host: fv-az204-107.tdy0fjcc0bpubcu1xr20co1pbf.dx.internal.cloudapp.net, ports: [REPLICATION=39079, RATIS=45707, RATIS_ADMIN=45707, RATIS_SERVER=45707, STANDALONE=34163], networkLocation: /default-rack, certSerialId: null, persistedOpState: IN_MAINTENANCE, persistedOpStateExpiryEpochSec: 0}, ReplicationConfig: RATIS/ONE, State:ALLOCATED, leaderId:8ac05ecf-5505-4afd-87c5-f9065cf10d1e, CreationTimestamp2022-10-15T07:44:26.122Z[Etc/UTC]] moved to OPEN state
2022-10-15 07:44:29,009 [pool-3325-thread-1] INFO  server.RaftServerConfigKeys (ConfUtils.java:logGet(46)) - raft.server.log.write.buffer.size = 1048576 (custom)
2022-10-15 07:44:29,009 [pool-3325-thread-1] INFO  server.RaftServerConfigKeys (ConfUtils.java:logGet(46)) - raft.server.log.unsafe-flush.enabled = false (default)
2022-10-15 07:44:29,009 [pool-3325-thread-1] INFO  server.RaftServerConfigKeys (ConfUtils.java:logGet(46)) - raft.server.log.statemachine.data.caching.enabled = true (custom)
2022-10-15 07:44:29,010 [pool-3325-thread-1] INFO  segmented.SegmentedRaftLogWorker (SegmentedRaftLogWorker.java:lambda$new$0(135)) - 8ac05ecf-5505-4afd-87c5-f9065cf10d1e@group-D6E0F4661807-SegmentedRaftLogWorker: flushIndex: setUnconditionally 0 -> -1
2022-10-15 07:44:29,010 [pool-3325-thread-1] INFO  segmented.SegmentedRaftLogWorker (SegmentedRaftLogWorker.java:lambda$new$0(135)) - 8ac05ecf-5505-4afd-87c5-f9065cf10d1e@group-D6E0F4661807-SegmentedRaftLogWorker: safeCacheEvictIndex: setUnconditionally 0 -> -1
2022-10-15 07:44:29,022 [pool-3325-thread-1] INFO  server.RaftServerConfigKeys (ConfUtils.java:logGet(46)) - raft.server.snapshot.auto.trigger.enabled = true (custom)
2022-10-15 07:44:29,022 [pool-3325-thread-1] INFO  server.RaftServerConfigKeys (ConfUtils.java:logGet(46)) - raft.server.snapshot.auto.trigger.threshold = 10000 (custom)
2022-10-15 07:44:29,022 [pool-3325-thread-1] INFO  server.RaftServerConfigKeys (ConfUtils.java:logGet(46)) - raft.server.snapshot.retention.file.num = 5 (custom)
2022-10-15 07:44:29,023 [pool-3325-thread-1] INFO  server.RaftServerConfigKeys (ConfUtils.java:logGet(46)) - raft.server.log.purge.upto.snapshot.index = false (default)
2022-10-15 07:44:29,023 [pool-3325-thread-1] INFO  server.RaftServerConfigKeys (ConfUtils.java:logGet(46)) - raft.server.retrycache.expirytime = 600000ms (custom)
2022-10-15 07:44:29,023 [pool-3325-thread-1] INFO  server.RaftServerConfigKeys (ConfUtils.java:logGet(46)) - raft.server.retrycache.statistics.expirytime = 100μs (default)
2022-10-15 07:44:29,026 [pool-3325-thread-1] INFO  server.RaftServerConfigKeys (ConfUtils.java:logGet(46)) - raft.server.log.appender.install.snapshot.enabled = false (custom)
2022-10-15 07:44:29,026 [pool-3325-thread-1] INFO  server.RaftServerConfigKeys (ConfUtils.java:logGet(46)) - raft.server.threadpool.server.cached = true (default)
2022-10-15 07:44:29,026 [pool-3325-thread-1] INFO  server.RaftServerConfigKeys (ConfUtils.java:logGet(46)) - raft.server.threadpool.server.size = 0 (default)
2022-10-15 07:44:29,026 [pool-3325-thread-1] INFO  server.RaftServerConfigKeys (ConfUtils.java:logGet(46)) - raft.server.threadpool.client.cached = true (default)
2022-10-15 07:44:29,026 [pool-3325-thread-1] INFO  server.RaftServerConfigKeys (ConfUtils.java:logGet(46)) - raft.server.threadpool.client.size = 0 (default)
2022-10-15 07:44:29,026 [pool-3325-thread-1] INFO  server.RaftServer$Division (RaftServerImpl.java:start(310)) - 8ac05ecf-5505-4afd-87c5-f9065cf10d1e@group-D6E0F4661807: start as a follower, conf=-1: [8ac05ecf-5505-4afd-87c5-f9065cf10d1e|rpc:10.1.1.113:45707|priority:1], old=null
2022-10-15 07:44:29,026 [pool-3325-thread-1] INFO  server.RaftServer$Division (RaftServerImpl.java:setRole(299)) - 8ac05ecf-5505-4afd-87c5-f9065cf10d1e@group-D6E0F4661807: changes role from      null to FOLLOWER at term 0 for startAsFollower
2022-10-15 07:44:29,026 [pool-3325-thread-1] INFO  impl.RoleInfo (RoleInfo.java:updateAndGet(139)) - 8ac05ecf-5505-4afd-87c5-f9065cf10d1e: start 8ac05ecf-5505-4afd-87c5-f9065cf10d1e@group-D6E0F4661807-FollowerState
2022-10-15 07:44:29,030 [pool-3325-thread-1] INFO  util.JmxRegister (JmxRegister.java:tryRegister(44)) - Successfully registered JMX Bean with object name Ratis:service=RaftServer,group=group-D6E0F4661807,id=8ac05ecf-5505-4afd-87c5-f9065cf10d1e
2022-10-15 07:44:29,038 [Command processor thread] INFO  ratis.XceiverServerRatis (XceiverServerRatis.java:addGroup(765)) - Created group PipelineID=b53caddf-e123-4060-8d4f-d6e0f4661807
2022-10-15 07:44:29,038 [Command processor thread] INFO  commandhandler.CreatePipelineCommandHandler (CreatePipelineCommandHandler.java:handle(113)) - Created Pipeline RATIS ONE PipelineID=b53caddf-e123-4060-8d4f-d6e0f4661807.
2022-10-15 07:44:29,083 [grpc-default-executor-7] WARN  server.GrpcLogAppender (LogUtils.java:warn(122)) - 9a24ac87-7197-4b23-9992-aedcbee91c34@group-A528F5A873A6->21a643b6-1a42-4dcc-b3d5-cdf5198533e3-AppendLogResponseHandler: Failed appendEntries: org.apache.ratis.thirdparty.io.grpc.StatusRuntimeException: UNAVAILABLE: io exception
2022-10-15 07:44:29,084 [grpc-default-executor-7] INFO  leader.FollowerInfo (FollowerInfoImpl.java:lambda$new$0(48)) - 9a24ac87-7197-4b23-9992-aedcbee91c34@group-A528F5A873A6->21a643b6-1a42-4dcc-b3d5-cdf5198533e3: nextIndex: updateUnconditionally 60 -> 59
2022-10-15 07:44:29,128 [ReplicationMonitor] INFO  replication.ReplicationManager (ReplicationManager.java:processAll(324)) - Replication Monitor Thread took 0 milliseconds for processing 6 containers.
2022-10-15 07:44:29,129 [Under Replicated Processor] INFO  replication.UnderReplicatedProcessor (UnderReplicatedProcessor.java:processAll(92)) - Processed 0 under replicated containers, failed processing 0
2022-10-15 07:44:29,130 [Over Replicated Processor] INFO  replication.OverReplicatedProcessor (OverReplicatedProcessor.java:processAll(90)) - Processed 0 over replicated containers, failed processing 0
2022-10-15 07:44:29,189 [Under Replicated Processor] INFO  replication.UnderReplicatedProcessor (UnderReplicatedProcessor.java:processAll(92)) - Processed 0 under replicated containers, failed processing 0
2022-10-15 07:44:29,189 [Over Replicated Processor] INFO  replication.OverReplicatedProcessor (OverReplicatedProcessor.java:processAll(90)) - Processed 0 over replicated containers, failed processing 0
2022-10-15 07:44:29,221 [ReplicationMonitor] INFO  replication.ReplicationManager (ReplicationManager.java:processAll(324)) - Replication Monitor Thread took 0 milliseconds for processing 11 containers.
2022-10-15 07:44:29,252 [ForkJoinPool.commonPool-worker-0] INFO  utils.BackgroundService (BackgroundService.java:shutdown(141)) - Shutting down service BlockDeletingService
2022-10-15 07:44:29,255 [ForkJoinPool.commonPool-worker-0] INFO  utils.BackgroundService (BackgroundService.java:shutdown(141)) - Shutting down service StaleRecoveringContainerScrubbingService
2022-10-15 07:44:29,276 [Listener at 0.0.0.0/43819] INFO  reflections.Reflections (Reflections.java:scan(232)) - Reflections took 962 ms to scan 19 urls, producing 67 keys and 4232 values [using 2 cores]
2022-10-15 07:44:29,277 [Mini-Cluster-Provider-Reap] INFO  utils.BackgroundService (BackgroundService.java:shutdown(141)) - Shutting down service BlockDeletingService
2022-10-15 07:44:29,278 [Listener at 0.0.0.0/43819] INFO  ipc.CallQueueManager (CallQueueManager.java:<init>(90)) - Using callQueue: class java.util.concurrent.LinkedBlockingQueue, queueCapacity: 2000, scheduler: class org.apache.hadoop.ipc.DefaultRpcScheduler, ipcBackoff: false.
2022-10-15 07:44:29,278 [Mini-Cluster-Provider-Reap] INFO  utils.BackgroundService (BackgroundService.java:shutdown(141)) - Shutting down service StaleRecoveringContainerScrubbingService
2022-10-15 07:44:29,285 [Mini-Cluster-Provider-Reap] INFO  statemachine.DatanodeStateMachine (DatanodeStateMachine.java:stopDaemon(580)) - Ozone container server stopped.
2022-10-15 07:44:29,301 [Mini-Cluster-Provider-Reap] INFO  handler.ContextHandler (ContextHandler.java:doStop(1153)) - Stopped o.e.j.w.WebAppContext@4f796966{hddsDatanode,/,null,STOPPED}{jar:file:/home/runner/.m2/repository/org/apache/ozone/hdds-container-service/1.3.0-SNAPSHOT/hdds-container-service-1.3.0-SNAPSHOT.jar!/webapps/hddsDatanode}
2022-10-15 07:44:29,306 [Mini-Cluster-Provider-Reap] INFO  server.AbstractConnector (AbstractConnector.java:doStop(381)) - Stopped ServerConnector@3beba0f6{HTTP/1.1, (http/1.1)}{0.0.0.0:0}
2022-10-15 07:44:29,307 [Mini-Cluster-Provider-Reap] INFO  server.session (HouseKeeper.java:stopScavenging(149)) - node0 Stopped scavenging
2022-10-15 07:44:29,324 [ForkJoinPool.commonPool-worker-0] INFO  statemachine.DatanodeStateMachine (DatanodeStateMachine.java:stopDaemon(580)) - Ozone container server stopped.
2022-10-15 07:44:29,327 [Mini-Cluster-Provider-Reap] INFO  handler.ContextHandler (ContextHandler.java:doStop(1153)) - Stopped o.e.j.s.ServletContextHandler@70f55879{static,/static,jar:file:/home/runner/.m2/repository/org/apache/ozone/hdds-container-service/1.3.0-SNAPSHOT/hdds-container-service-1.3.0-SNAPSHOT.jar!/webapps/static,STOPPED}
2022-10-15 07:44:29,327 [Mini-Cluster-Provider-Reap] INFO  handler.ContextHandler (ContextHandler.java:doStop(1153)) - Stopped o.e.j.s.ServletContextHandler@708b4ed9{logs,/logs,file:///home/runner/work/ozone/ozone/hadoop-ozone/integration-test/target/log,STOPPED}
2022-10-15 07:44:29,333 [Socket Reader #1 for port 0] INFO  ipc.Server (Server.java:run(1273)) - Starting Socket Reader #1 for port 0
2022-10-15 07:44:29,342 [Under Replicated Processor] INFO  replication.UnderReplicatedProcessor (UnderReplicatedProcessor.java:processAll(92)) - Processed 0 under replicated containers, failed processing 0
2022-10-15 07:44:29,342 [ReplicationMonitor] INFO  replication.ReplicationManager (ReplicationManager.java:processAll(324)) - Replication Monitor Thread took 0 milliseconds for processing 0 containers.
2022-10-15 07:44:29,342 [Over Replicated Processor] INFO  replication.OverReplicatedProcessor (OverReplicatedProcessor.java:processAll(90)) - Processed 0 over replicated containers, failed processing 0
2022-10-15 07:44:29,356 [Mini-Cluster-Provider-Reap] INFO  ozoneimpl.OzoneContainer (OzoneContainer.java:stop(400)) - Attempting to stop container services.
2022-10-15 07:44:29,357 [Mini-Cluster-Provider-Reap] INFO  server.RaftServer (RaftServerProxy.java:lambda$close$7(398)) - d26a0d60-6788-4f19-88c8-825bcaa82edc: close
2022-10-15 07:44:29,357 [Mini-Cluster-Provider-Reap] INFO  server.RaftServer$Division (RaftServerImpl.java:lambda$close$4(434)) - d26a0d60-6788-4f19-88c8-825bcaa82edc@group-77E47751060A: shutdown
2022-10-15 07:44:29,357 [Mini-Cluster-Provider-Reap] INFO  util.JmxRegister (JmxRegister.java:unregister(73)) - Successfully un-registered JMX Bean with object name Ratis:service=RaftServer,group=group-77E47751060A,id=d26a0d60-6788-4f19-88c8-825bcaa82edc
2022-10-15 07:44:29,357 [Mini-Cluster-Provider-Reap] INFO  impl.RoleInfo (RoleInfo.java:shutdownLeaderState(93)) - d26a0d60-6788-4f19-88c8-825bcaa82edc: shutdown d26a0d60-6788-4f19-88c8-825bcaa82edc@group-77E47751060A-LeaderStateImpl
2022-10-15 07:44:29,357 [Mini-Cluster-Provider-Reap] INFO  impl.PendingRequests (PendingRequests.java:sendNotLeaderResponses(282)) - d26a0d60-6788-4f19-88c8-825bcaa82edc@group-77E47751060A-PendingRequests: sendNotLeaderResponses
2022-10-15 07:44:29,358 [Mini-Cluster-Provider-Reap] INFO  impl.StateMachineUpdater (StateMachineUpdater.java:stopAndJoin(153)) - d26a0d60-6788-4f19-88c8-825bcaa82edc@group-77E47751060A-StateMachineUpdater: set stopIndex = 0
2022-10-15 07:44:29,358 [d26a0d60-6788-4f19-88c8-825bcaa82edc@group-77E47751060A-StateMachineUpdater] INFO  ratis.ContainerStateMachine (ContainerStateMachine.java:takeSnapshot(304)) - group-77E47751060A: Taking a snapshot at:(t:1, i:0) file /home/runner/work/ozone/ozone/hadoop-ozone/integration-test/target/test-dir/MiniOzoneClusterImpl-66da459b-aeee-45c7-ad0e-5ce5667a4dd7/datanode-3/data/ratis/91f1f764-e69d-4dcf-8a48-77e47751060a/sm/snapshot.1_0
2022-10-15 07:44:29,362 [d26a0d60-6788-4f19-88c8-825bcaa82edc@group-77E47751060A-StateMachineUpdater] INFO  ratis.ContainerStateMachine (ContainerStateMachine.java:takeSnapshot(315)) - group-77E47751060A: Finished taking a snapshot at:(t:1, i:0) file:/home/runner/work/ozone/ozone/hadoop-ozone/integration-test/target/test-dir/MiniOzoneClusterImpl-66da459b-aeee-45c7-ad0e-5ce5667a4dd7/datanode-3/data/ratis/91f1f764-e69d-4dcf-8a48-77e47751060a/sm/snapshot.1_0 took: 3 ms
2022-10-15 07:44:29,362 [d26a0d60-6788-4f19-88c8-825bcaa82edc@group-77E47751060A-StateMachineUpdater] INFO  impl.StateMachineUpdater (StateMachineUpdater.java:takeSnapshot(287)) - d26a0d60-6788-4f19-88c8-825bcaa82edc@group-77E47751060A-StateMachineUpdater: Took a snapshot at index 0
2022-10-15 07:44:29,362 [d26a0d60-6788-4f19-88c8-825bcaa82edc@group-77E47751060A-StateMachineUpdater] INFO  impl.StateMachineUpdater (StateMachineUpdater.java:lambda$new$0(92)) - d26a0d60-6788-4f19-88c8-825bcaa82edc@group-77E47751060A-StateMachineUpdater: snapshotIndex: updateIncreasingly -1 -> 0
2022-10-15 07:44:29,363 [Mini-Cluster-Provider-Reap] INFO  server.RaftServer$Division (ServerState.java:close(429)) - d26a0d60-6788-4f19-88c8-825bcaa82edc@group-77E47751060A: closes. applyIndex: 0
2022-10-15 07:44:29,363 [d26a0d60-6788-4f19-88c8-825bcaa82edc@group-77E47751060A-SegmentedRaftLogWorker] INFO  segmented.SegmentedRaftLogWorker (SegmentedRaftLogWorker.java:run(336)) - d26a0d60-6788-4f19-88c8-825bcaa82edc@group-77E47751060A-SegmentedRaftLogWorker was interrupted, exiting. There are 0 tasks remaining in the queue.
2022-10-15 07:44:29,364 [Mini-Cluster-Provider-Reap] INFO  segmented.SegmentedRaftLogWorker (SegmentedRaftLogWorker.java:close(246)) - d26a0d60-6788-4f19-88c8-825bcaa82edc@group-77E47751060A-SegmentedRaftLogWorker close()
2022-10-15 07:44:29,364 [Mini-Cluster-Provider-Reap] INFO  server.RaftServer$Division (RaftServerImpl.java:lambda$close$4(434)) - d26a0d60-6788-4f19-88c8-825bcaa82edc@group-A528F5A873A6: shutdown
2022-10-15 07:44:29,365 [Mini-Cluster-Provider-Reap] INFO  util.JmxRegister (JmxRegister.java:unregister(73)) - Successfully un-registered JMX Bean with object name Ratis:service=RaftServer,group=group-A528F5A873A6,id=d26a0d60-6788-4f19-88c8-825bcaa82edc
2022-10-15 07:44:29,365 [Mini-Cluster-Provider-Reap] INFO  impl.RoleInfo (RoleInfo.java:shutdownFollowerState(110)) - d26a0d60-6788-4f19-88c8-825bcaa82edc: shutdown d26a0d60-6788-4f19-88c8-825bcaa82edc@group-A528F5A873A6-FollowerState
2022-10-15 07:44:29,365 [Mini-Cluster-Provider-Reap] INFO  impl.StateMachineUpdater (StateMachineUpdater.java:stopAndJoin(153)) - d26a0d60-6788-4f19-88c8-825bcaa82edc@group-A528F5A873A6-StateMachineUpdater: set stopIndex = 59
2022-10-15 07:44:29,365 [d26a0d60-6788-4f19-88c8-825bcaa82edc@group-A528F5A873A6-FollowerState] INFO  impl.FollowerState (FollowerState.java:run(152)) - d26a0d60-6788-4f19-88c8-825bcaa82edc@group-A528F5A873A6-FollowerState was interrupted
2022-10-15 07:44:29,366 [d26a0d60-6788-4f19-88c8-825bcaa82edc@group-A528F5A873A6-StateMachineUpdater] INFO  ratis.ContainerStateMachine (ContainerStateMachine.java:takeSnapshot(304)) - group-A528F5A873A6: Taking a snapshot at:(t:2, i:59) file /home/runner/work/ozone/ozone/hadoop-ozone/integration-test/target/test-dir/MiniOzoneClusterImpl-66da459b-aeee-45c7-ad0e-5ce5667a4dd7/datanode-3/data/ratis/63ae4912-c17e-43cf-8bae-a528f5a873a6/sm/snapshot.2_59
2022-10-15 07:44:29,368 [ForkJoinPool.commonPool-worker-0] INFO  handler.ContextHandler (ContextHandler.java:doStop(1153)) - Stopped o.e.j.w.WebAppContext@39c22740{hddsDatanode,/,null,STOPPED}{jar:file:/home/runner/.m2/repository/org/apache/ozone/hdds-container-service/1.3.0-SNAPSHOT/hdds-container-service-1.3.0-SNAPSHOT.jar!/webapps/hddsDatanode}
2022-10-15 07:44:29,370 [d26a0d60-6788-4f19-88c8-825bcaa82edc@group-A528F5A873A6-StateMachineUpdater] INFO  ratis.ContainerStateMachine (ContainerStateMachine.java:takeSnapshot(315)) - group-A528F5A873A6: Finished taking a snapshot at:(t:2, i:59) file:/home/runner/work/ozone/ozone/hadoop-ozone/integration-test/target/test-dir/MiniOzoneClusterImpl-66da459b-aeee-45c7-ad0e-5ce5667a4dd7/datanode-3/data/ratis/63ae4912-c17e-43cf-8bae-a528f5a873a6/sm/snapshot.2_59 took: 4 ms
2022-10-15 07:44:29,370 [d26a0d60-6788-4f19-88c8-825bcaa82edc@group-A528F5A873A6-StateMachineUpdater] INFO  impl.StateMachineUpdater (StateMachineUpdater.java:takeSnapshot(287)) - d26a0d60-6788-4f19-88c8-825bcaa82edc@group-A528F5A873A6-StateMachineUpdater: Took a snapshot at index 59
2022-10-15 07:44:29,370 [d26a0d60-6788-4f19-88c8-825bcaa82edc@group-A528F5A873A6-StateMachineUpdater] INFO  impl.StateMachineUpdater (StateMachineUpdater.java:lambda$new$0(92)) - d26a0d60-6788-4f19-88c8-825bcaa82edc@group-A528F5A873A6-StateMachineUpdater: snapshotIndex: updateIncreasingly -1 -> 59
2022-10-15 07:44:29,373 [Mini-Cluster-Provider-Reap] INFO  server.RaftServer$Division (ServerState.java:close(429)) - d26a0d60-6788-4f19-88c8-825bcaa82edc@group-A528F5A873A6: closes. applyIndex: 59
2022-10-15 07:44:29,375 [ForkJoinPool.commonPool-worker-0] INFO  server.AbstractConnector (AbstractConnector.java:doStop(381)) - Stopped ServerConnector@16a032bf{HTTP/1.1, (http/1.1)}{0.0.0.0:0}
2022-10-15 07:44:29,375 [ForkJoinPool.commonPool-worker-0] INFO  server.session (HouseKeeper.java:stopScavenging(149)) - node0 Stopped scavenging
2022-10-15 07:44:29,390 [ForkJoinPool.commonPool-worker-0] INFO  handler.ContextHandler (ContextHandler.java:doStop(1153)) - Stopped o.e.j.s.ServletContextHandler@4544eac5{static,/static,jar:file:/home/runner/.m2/repository/org/apache/ozone/hdds-container-service/1.3.0-SNAPSHOT/hdds-container-service-1.3.0-SNAPSHOT.jar!/webapps/static,STOPPED}
2022-10-15 07:44:29,390 [ForkJoinPool.commonPool-worker-0] INFO  handler.ContextHandler (ContextHandler.java:doStop(1153)) - Stopped o.e.j.s.ServletContextHandler@4d6f35f1{logs,/logs,file:///home/runner/work/ozone/ozone/hadoop-ozone/integration-test/target/log,STOPPED}
2022-10-15 07:44:29,393 [d26a0d60-6788-4f19-88c8-825bcaa82edc@group-A528F5A873A6-SegmentedRaftLogWorker] INFO  segmented.SegmentedRaftLogWorker (SegmentedRaftLogWorker.java:run(336)) - d26a0d60-6788-4f19-88c8-825bcaa82edc@group-A528F5A873A6-SegmentedRaftLogWorker was interrupted, exiting. There are 0 tasks remaining in the queue.
2022-10-15 07:44:29,397 [Mini-Cluster-Provider-Reap] INFO  segmented.SegmentedRaftLogWorker (SegmentedRaftLogWorker.java:close(246)) - d26a0d60-6788-4f19-88c8-825bcaa82edc@group-A528F5A873A6-SegmentedRaftLogWorker close()
2022-10-15 07:44:29,415 [Mini-Cluster-Provider-Reap] INFO  server.GrpcService (GrpcService.java:closeImpl(269)) - d26a0d60-6788-4f19-88c8-825bcaa82edc: shutdown server with port 34309 now
2022-10-15 07:44:29,429 [ForkJoinPool.commonPool-worker-0] INFO  ozoneimpl.OzoneContainer (OzoneContainer.java:stop(400)) - Attempting to stop container services.
2022-10-15 07:44:29,441 [grpc-default-executor-3] WARN  server.GrpcServerProtocolService (LogUtils.java:warn(122)) - d26a0d60-6788-4f19-88c8-825bcaa82edc: installSnapshot onError, lastRequest: 9a24ac87-7197-4b23-9992-aedcbee91c34->d26a0d60-6788-4f19-88c8-825bcaa82edc#608-t2,previous=(t:2, i:58),leaderCommit=57,initializing? true,entries: size=1, first=(t:2, i:59), METADATAENTRY(c:57): org.apache.ratis.thirdparty.io.grpc.StatusRuntimeException: CANCELLED: client cancelled
2022-10-15 07:44:29,441 [ForkJoinPool.commonPool-worker-0] INFO  server.RaftServer (RaftServerProxy.java:lambda$close$7(398)) - 8ac05ecf-5505-4afd-87c5-f9065cf10d1e: close
2022-10-15 07:44:29,441 [ForkJoinPool.commonPool-worker-0] INFO  server.RaftServer$Division (RaftServerImpl.java:lambda$close$4(434)) - 8ac05ecf-5505-4afd-87c5-f9065cf10d1e@group-D6E0F4661807: shutdown
2022-10-15 07:44:29,441 [ForkJoinPool.commonPool-worker-0] INFO  util.JmxRegister (JmxRegister.java:unregister(73)) - Successfully un-registered JMX Bean with object name Ratis:service=RaftServer,group=group-D6E0F4661807,id=8ac05ecf-5505-4afd-87c5-f9065cf10d1e
2022-10-15 07:44:29,441 [ForkJoinPool.commonPool-worker-0] INFO  impl.RoleInfo (RoleInfo.java:shutdownFollowerState(110)) - 8ac05ecf-5505-4afd-87c5-f9065cf10d1e: shutdown 8ac05ecf-5505-4afd-87c5-f9065cf10d1e@group-D6E0F4661807-FollowerState
2022-10-15 07:44:29,441 [Mini-Cluster-Provider-Reap] INFO  server.GrpcService (GrpcService.java:closeImpl(278)) - d26a0d60-6788-4f19-88c8-825bcaa82edc: shutdown server with port 34309 successfully
2022-10-15 07:44:29,442 [grpc-default-executor-7] WARN  server.GrpcLogAppender (LogUtils.java:warn(122)) - 9a24ac87-7197-4b23-9992-aedcbee91c34@group-A528F5A873A6->d26a0d60-6788-4f19-88c8-825bcaa82edc-AppendLogResponseHandler: Failed appendEntries: org.apache.ratis.thirdparty.io.grpc.StatusRuntimeException: CANCELLED: RST_STREAM closed stream. HTTP/2 error code: CANCEL
2022-10-15 07:44:29,442 [grpc-default-executor-7] INFO  leader.FollowerInfo (FollowerInfoImpl.java:lambda$new$0(48)) - 9a24ac87-7197-4b23-9992-aedcbee91c34@group-A528F5A873A6->d26a0d60-6788-4f19-88c8-825bcaa82edc: nextIndex: updateUnconditionally 60 -> 59
2022-10-15 07:44:29,442 [org.apache.ratis.util.JvmPauseMonitor$$Lambda$718/783493338@40ea37f] INFO  util.JvmPauseMonitor (JvmPauseMonitor.java:run(109)) - JvmPauseMonitor-d26a0d60-6788-4f19-88c8-825bcaa82edc: Stopped
2022-10-15 07:44:29,441 [8ac05ecf-5505-4afd-87c5-f9065cf10d1e@group-D6E0F4661807-FollowerState] INFO  impl.FollowerState (FollowerState.java:run(152)) - 8ac05ecf-5505-4afd-87c5-f9065cf10d1e@group-D6E0F4661807-FollowerState was interrupted
2022-10-15 07:44:29,441 [ForkJoinPool.commonPool-worker-0] INFO  impl.StateMachineUpdater (StateMachineUpdater.java:stopAndJoin(153)) - 8ac05ecf-5505-4afd-87c5-f9065cf10d1e@group-D6E0F4661807-StateMachineUpdater: set stopIndex = -1
2022-10-15 07:44:29,447 [ForkJoinPool.commonPool-worker-0] INFO  server.RaftServer$Division (ServerState.java:close(429)) - 8ac05ecf-5505-4afd-87c5-f9065cf10d1e@group-D6E0F4661807: closes. applyIndex: -1
2022-10-15 07:44:29,447 [8ac05ecf-5505-4afd-87c5-f9065cf10d1e@group-D6E0F4661807-SegmentedRaftLogWorker] INFO  segmented.SegmentedRaftLogWorker (SegmentedRaftLogWorker.java:run(336)) - 8ac05ecf-5505-4afd-87c5-f9065cf10d1e@group-D6E0F4661807-SegmentedRaftLogWorker was interrupted, exiting. There are 0 tasks remaining in the queue.
2022-10-15 07:44:29,447 [ForkJoinPool.commonPool-worker-0] INFO  segmented.SegmentedRaftLogWorker (SegmentedRaftLogWorker.java:close(246)) - 8ac05ecf-5505-4afd-87c5-f9065cf10d1e@group-D6E0F4661807-SegmentedRaftLogWorker close()
2022-10-15 07:44:29,465 [Listener at 127.0.0.1/40173] INFO  impl.MetricsSystemImpl (MetricsSystemImpl.java:init(158)) - OzoneManager metrics system started (again)
2022-10-15 07:44:29,471 [ForkJoinPool.commonPool-worker-0] INFO  server.GrpcService (GrpcService.java:closeImpl(269)) - 8ac05ecf-5505-4afd-87c5-f9065cf10d1e: shutdown server with port 45707 now
2022-10-15 07:44:29,471 [ForkJoinPool.commonPool-worker-0] INFO  server.GrpcService (GrpcService.java:closeImpl(278)) - 8ac05ecf-5505-4afd-87c5-f9065cf10d1e: shutdown server with port 45707 successfully
2022-10-15 07:44:29,472 [org.apache.ratis.util.JvmPauseMonitor$$Lambda$718/783493338@11af66a1] INFO  util.JvmPauseMonitor (JvmPauseMonitor.java:run(109)) - JvmPauseMonitor-8ac05ecf-5505-4afd-87c5-f9065cf10d1e: Stopped
2022-10-15 07:44:29,474 [grpc-default-executor-3] WARN  server.GrpcLogAppender (LogUtils.java:warn(122)) - 9a24ac87-7197-4b23-9992-aedcbee91c34@group-A528F5A873A6->d26a0d60-6788-4f19-88c8-825bcaa82edc-AppendLogResponseHandler: Failed appendEntries: org.apache.ratis.thirdparty.io.grpc.StatusRuntimeException: UNAVAILABLE: io exception
2022-10-15 07:44:29,475 [grpc-default-executor-3] INFO  leader.FollowerInfo (FollowerInfoImpl.java:lambda$new$0(48)) - 9a24ac87-7197-4b23-9992-aedcbee91c34@group-A528F5A873A6->d26a0d60-6788-4f19-88c8-825bcaa82edc: nextIndex: updateUnconditionally 60 -> 59
2022-10-15 07:44:29,496 [Listener at 127.0.0.1/40173] INFO  om.OzoneManager (OzoneManager.java:start(1483)) - OzoneManager RPC server is listening at localhost/127.0.0.1:40173
2022-10-15 07:44:29,496 [Listener at 127.0.0.1/40173] INFO  ratis.OzoneManagerRatisServer (OzoneManagerRatisServer.java:start(555)) - Starting OzoneManagerRatisServer om1 at port 33483
2022-10-15 07:44:29,496 [om1-impl-thread1] INFO  server.RaftServer$Division (RaftServerImpl.java:start(310)) - om1@group-C5BA1605619E: start as a follower, conf=-1: [om1|rpc:localhost:33483|priority:0], old=null
2022-10-15 07:44:29,496 [om1-impl-thread1] INFO  server.RaftServer$Division (RaftServerImpl.java:setRole(299)) - om1@group-C5BA1605619E: changes role from      null to FOLLOWER at term 0 for startAsFollower
2022-10-15 07:44:29,496 [om1-impl-thread1] INFO  impl.RoleInfo (RoleInfo.java:updateAndGet(139)) - om1: start om1@group-C5BA1605619E-FollowerState
2022-10-15 07:44:29,503 [om1-impl-thread1] INFO  util.JmxRegister (JmxRegister.java:tryRegister(44)) - Successfully registered JMX Bean with object name Ratis:service=RaftServer,group=group-C5BA1605619E,id=om1
2022-10-15 07:44:29,504 [Listener at 127.0.0.1/40173] INFO  server.RaftServer (RaftServerProxy.java:lambda$start$6(382)) - om1: start RPC server
2022-10-15 07:44:29,505 [Listener at 127.0.0.1/40173] INFO  server.GrpcService (GrpcService.java:startImpl(260)) - om1: GrpcService started, listening on 33483
2022-10-15 07:44:29,509 [Listener at 127.0.0.1/40173] INFO  om.OzoneManager (OzoneManager.java:start(1499)) - Version File has different layout version (3) than OM DB (null). That is expected if this OM has never been finalized to a newer layout version.
2022-10-15 07:44:29,510 [org.apache.ratis.util.JvmPauseMonitor$$Lambda$718/783493338@2d4c05f8] INFO  util.JvmPauseMonitor (JvmPauseMonitor.java:run(103)) - JvmPauseMonitor-om1: Started
2022-10-15 07:44:29,536 [Listener at 127.0.0.1/40173] INFO  http.BaseHttpServer (BaseHttpServer.java:newHttpServer2BuilderForOzone(213)) - Starting Web-server for ozoneManager at: http://0.0.0.0:0
2022-10-15 07:44:29,536 [Listener at 127.0.0.1/40173] INFO  http.BaseHttpServer (BaseHttpServer.java:<init>(108)) - Hadoop Security Enabled: false Ozone Security Enabled: false Ozone HTTP Security Enabled: false 
2022-10-15 07:44:29,537 [Listener at 127.0.0.1/40173] WARN  server.AuthenticationFilter (AuthenticationFilter.java:constructSecretProvider(240)) - Unable to initialize FileSignerSecretProvider, falling back to use random secrets. Reason: Could not read signature secret file: /home/runner/hadoop-http-auth-signature-secret
2022-10-15 07:44:29,543 [Listener at 127.0.0.1/40173] WARN  http.HttpRequestLog (HttpRequestLog.java:getRequestLog(103)) - Jetty request log can only be enabled using Log4j
2022-10-15 07:44:29,544 [Listener at 127.0.0.1/40173] INFO  http.HttpServer2 (HttpServer2.java:addGlobalFilter(1031)) - Added global filter 'safety' (class=org.apache.hadoop.hdds.server.http.HttpServer2$QuotingInputFilter)
2022-10-15 07:44:29,544 [Listener at 127.0.0.1/40173] INFO  http.HttpServer2 (HttpServer2.java:addFilter(1007)) - Added filter static_user_filter (class=org.apache.hadoop.http.lib.StaticUserWebFilter$StaticUserFilter) to context ozoneManager
2022-10-15 07:44:29,544 [Listener at 127.0.0.1/40173] INFO  http.HttpServer2 (HttpServer2.java:addFilter(1015)) - Added filter static_user_filter (class=org.apache.hadoop.http.lib.StaticUserWebFilter$StaticUserFilter) to context logs
2022-10-15 07:44:29,544 [Listener at 127.0.0.1/40173] INFO  http.HttpServer2 (HttpServer2.java:addFilter(1015)) - Added filter static_user_filter (class=org.apache.hadoop.http.lib.StaticUserWebFilter$StaticUserFilter) to context static
2022-10-15 07:44:29,545 [Listener at 127.0.0.1/40173] INFO  http.HttpServer2 (HttpServer2.java:bindListener(1250)) - Jetty bound to port 36183
2022-10-15 07:44:29,545 [Listener at 127.0.0.1/40173] INFO  server.Server (Server.java:doStart(375)) - jetty-9.4.43.v20210629; built: 2021-06-30T11:07:22.254Z; git: 526006ecfa3af7f1a27ef3a288e2bef7ea9dd7e8; jvm 1.8.0_345-b01
2022-10-15 07:44:29,563 [ReplicationMonitor] INFO  replication.ReplicationManager (ReplicationManager.java:processAll(291)) - Replication Manager is not ready to run until 3000ms after safemode exit
2022-10-15 07:44:29,595 [Listener at 127.0.0.1/40173] INFO  server.session (DefaultSessionIdManager.java:doStart(334)) - DefaultSessionIdManager workerName=node0
2022-10-15 07:44:29,596 [Listener at 127.0.0.1/40173] INFO  server.session (DefaultSessionIdManager.java:doStart(339)) - No SessionScavenger set, using defaults
2022-10-15 07:44:29,596 [Listener at 127.0.0.1/40173] INFO  server.session (HouseKeeper.java:startScavenging(132)) - node0 Scavenging every 660000ms
2022-10-15 07:44:29,596 [Listener at 127.0.0.1/40173] INFO  handler.ContextHandler (ContextHandler.java:doStart(915)) - Started o.e.j.s.ServletContextHandler@20648967{logs,/logs,file:///home/runner/work/ozone/ozone/hadoop-ozone/integration-test/target/log,AVAILABLE}
2022-10-15 07:44:29,597 [Listener at 127.0.0.1/40173] INFO  handler.ContextHandler (ContextHandler.java:doStart(915)) - Started o.e.j.s.ServletContextHandler@7470aeb5{static,/static,file:///home/runner/work/ozone/ozone/hadoop-ozone/integration-test/target/test-classes/webapps/static,AVAILABLE}
2022-10-15 07:44:29,641 [Listener at 127.0.0.1/40173] INFO  handler.ContextHandler (ContextHandler.java:doStart(915)) - Started o.e.j.w.WebAppContext@2b5a690f{ozoneManager,/,file:///home/runner/work/ozone/ozone/hadoop-ozone/integration-test/target/test-classes/webapps/ozoneManager/,AVAILABLE}{file:/home/runner/work/ozone/ozone/hadoop-ozone/integration-test/target/test-classes/webapps/ozoneManager}
2022-10-15 07:44:29,668 [Listener at 127.0.0.1/40173] INFO  server.AbstractConnector (AbstractConnector.java:doStart(331)) - Started ServerConnector@34aafd09{HTTP/1.1, (http/1.1)}{0.0.0.0:36183}
2022-10-15 07:44:29,669 [Listener at 127.0.0.1/40173] INFO  server.Server (Server.java:doStart(415)) - Started @179621ms
2022-10-15 07:44:29,669 [Listener at 127.0.0.1/40173] WARN  impl.MetricsSystemImpl (MetricsSystemImpl.java:register(279)) - Sink prometheus already exists!
2022-10-15 07:44:29,675 [Listener at 127.0.0.1/40173] INFO  http.BaseHttpServer (BaseHttpServer.java:updateConnectorAddress(333)) - HTTP server of ozoneManager listening at http://0.0.0.0:36183
2022-10-15 07:44:29,686 [IPC Server Responder] INFO  ipc.Server (Server.java:run(1512)) - IPC Server Responder: starting
2022-10-15 07:44:29,688 [IPC Server listener on 0] INFO  ipc.Server (Server.java:run(1352)) - IPC Server listener on 0: starting
2022-10-15 07:44:29,751 [Listener at 127.0.0.1/40173] INFO  om.OzoneManager (OzoneManager.java:startTrashEmptier(1920)) - Trash Interval set to 0. Files deleted won't move to trash
2022-10-15 07:44:29,758 [org.apache.hadoop.util.JvmPauseMonitor$Monitor@22668b06] INFO  util.JvmPauseMonitor (JvmPauseMonitor.java:run(188)) - Starting JVM pause monitor
2022-10-15 07:44:29,761 [grpc-default-executor-7] WARN  server.GrpcLogAppender (LogUtils.java:warn(122)) - 1a927d95-9689-4ae2-94aa-466101e25ef1@group-186442F10DA6->fdcf0f8e-cf64-44a3-bed5-f94c24ef391f-AppendLogResponseHandler: Failed appendEntries: org.apache.ratis.thirdparty.io.grpc.StatusRuntimeException: UNAVAILABLE: io exception
2022-10-15 07:44:29,762 [grpc-default-executor-7] WARN  server.GrpcLogAppender (GrpcLogAppender.java:resetClient(111)) - 1a927d95-9689-4ae2-94aa-466101e25ef1@group-186442F10DA6->fdcf0f8e-cf64-44a3-bed5-f94c24ef391f-GrpcLogAppender: Leader has not got in touch with Follower 1a927d95-9689-4ae2-94aa-466101e25ef1@group-186442F10DA6->fdcf0f8e-cf64-44a3-bed5-f94c24ef391f(c-1,m0,n1, attendVote=true, lastRpcSendTime=1256, lastRpcResponseTime=3760) yet, just keep nextIndex unchanged and retry.
2022-10-15 07:44:29,773 [EventQueue-StaleNodeForStaleNodeHandler] INFO  node.StaleNodeHandler (StaleNodeHandler.java:onMessage(59)) - Datanode fdcf0f8e-cf64-44a3-bed5-f94c24ef391f{ip: 10.1.1.113, host: fv-az204-107.tdy0fjcc0bpubcu1xr20co1pbf.dx.internal.cloudapp.net, ports: [REPLICATION=38531, RATIS=45413, RATIS_ADMIN=45413, RATIS_SERVER=45413, STANDALONE=37375], networkLocation: /default-rack, certSerialId: null, persistedOpState: IN_SERVICE, persistedOpStateExpiryEpochSec: 0} moved to stale state. Finalizing its pipelines [PipelineID=2beadd46-9fe1-45cf-af72-c813503183c7, PipelineID=beb96493-518f-4f71-a36b-fcf0011e0a5f, PipelineID=60f4bbe5-b59a-4160-bd27-186442f10da6]
2022-10-15 07:44:29,774 [EventQueue-StaleNodeForStaleNodeHandler] INFO  pipeline.PipelineManagerImpl (PipelineManagerImpl.java:closeContainersForPipeline(421)) - Container #10 closed for pipeline=PipelineID=2beadd46-9fe1-45cf-af72-c813503183c7
2022-10-15 07:44:29,774 [EventQueue-StaleNodeForStaleNodeHandler] INFO  pipeline.PipelineManagerImpl (PipelineManagerImpl.java:closePipeline(442)) - Pipeline Pipeline[ Id: 2beadd46-9fe1-45cf-af72-c813503183c7, Nodes: 9a24ac87-7197-4b23-9992-aedcbee91c34{ip: 10.1.1.113, host: fv-az204-107.tdy0fjcc0bpubcu1xr20co1pbf.dx.internal.cloudapp.net, ports: [REPLICATION=42613, RATIS=43931, RATIS_ADMIN=43931, RATIS_SERVER=43931, STANDALONE=42833], networkLocation: /default-rack, certSerialId: null, persistedOpState: null, persistedOpStateExpiryEpochSec: 0}9f678299-4532-47e1-9b54-5ce4850b949b{ip: 10.1.1.113, host: fv-az204-107.tdy0fjcc0bpubcu1xr20co1pbf.dx.internal.cloudapp.net, ports: [REPLICATION=44329, RATIS=40365, RATIS_ADMIN=40365, RATIS_SERVER=40365, STANDALONE=34101], networkLocation: /default-rack, certSerialId: null, persistedOpState: null, persistedOpStateExpiryEpochSec: 0}1a927d95-9689-4ae2-94aa-466101e25ef1{ip: 10.1.1.113, host: fv-az204-107.tdy0fjcc0bpubcu1xr20co1pbf.dx.internal.cloudapp.net, ports: [REPLICATION=41339, RATIS=33377, RATIS_ADMIN=33377, RATIS_SERVER=33377, STANDALONE=35429], networkLocation: /default-rack, certSerialId: null, persistedOpState: null, persistedOpStateExpiryEpochSec: 0}21a643b6-1a42-4dcc-b3d5-cdf5198533e3{ip: 10.1.1.113, host: fv-az204-107.tdy0fjcc0bpubcu1xr20co1pbf.dx.internal.cloudapp.net, ports: [REPLICATION=33579, RATIS=44331, RATIS_ADMIN=44331, RATIS_SERVER=44331, STANDALONE=46453], networkLocation: /default-rack, certSerialId: null, persistedOpState: null, persistedOpStateExpiryEpochSec: 0}fdcf0f8e-cf64-44a3-bed5-f94c24ef391f{ip: 10.1.1.113, host: fv-az204-107.tdy0fjcc0bpubcu1xr20co1pbf.dx.internal.cloudapp.net, ports: [REPLICATION=38531, RATIS=45413, RATIS_ADMIN=45413, RATIS_SERVER=45413, STANDALONE=37375], networkLocation: /default-rack, certSerialId: null, persistedOpState: null, persistedOpStateExpiryEpochSec: 0}, ReplicationConfig: EC/ECReplicationConfig{data=3, parity=2, ecChunkSize=1048576, codec=rs}, State:OPEN, leaderId:, CreationTimestamp2022-10-15T07:43:55.159Z[Etc/UTC]] moved to CLOSED state
2022-10-15 07:44:29,774 [EventQueue-CloseContainerForCloseContainerEventHandler] INFO  container.CloseContainerEventHandler (CloseContainerEventHandler.java:onMessage(71)) - Close container Event triggered for container : #10
2022-10-15 07:44:29,774 [EventQueue-StaleNodeForStaleNodeHandler] INFO  pipeline.PipelineManagerImpl (PipelineManagerImpl.java:closePipeline(442)) - Pipeline Pipeline[ Id: beb96493-518f-4f71-a36b-fcf0011e0a5f, Nodes: fdcf0f8e-cf64-44a3-bed5-f94c24ef391f{ip: 10.1.1.113, host: fv-az204-107.tdy0fjcc0bpubcu1xr20co1pbf.dx.internal.cloudapp.net, ports: [REPLICATION=38531, RATIS=45413, RATIS_ADMIN=45413, RATIS_SERVER=45413, STANDALONE=37375], networkLocation: /default-rack, certSerialId: null, persistedOpState: IN_SERVICE, persistedOpStateExpiryEpochSec: 0}, ReplicationConfig: RATIS/ONE, State:OPEN, leaderId:fdcf0f8e-cf64-44a3-bed5-f94c24ef391f, CreationTimestamp2022-10-15T07:42:37.253Z[Etc/UTC]] moved to CLOSED state
2022-10-15 07:44:29,774 [EventQueue-StaleNodeForStaleNodeHandler] INFO  pipeline.PipelineManagerImpl (PipelineManagerImpl.java:closePipeline(442)) - Pipeline Pipeline[ Id: 60f4bbe5-b59a-4160-bd27-186442f10da6, Nodes: fdcf0f8e-cf64-44a3-bed5-f94c24ef391f{ip: 10.1.1.113, host: fv-az204-107.tdy0fjcc0bpubcu1xr20co1pbf.dx.internal.cloudapp.net, ports: [REPLICATION=38531, RATIS=45413, RATIS_ADMIN=45413, RATIS_SERVER=45413, STANDALONE=37375], networkLocation: /default-rack, certSerialId: null, persistedOpState: IN_SERVICE, persistedOpStateExpiryEpochSec: 0}1a927d95-9689-4ae2-94aa-466101e25ef1{ip: 10.1.1.113, host: fv-az204-107.tdy0fjcc0bpubcu1xr20co1pbf.dx.internal.cloudapp.net, ports: [REPLICATION=41339, RATIS=33377, RATIS_ADMIN=33377, RATIS_SERVER=33377, STANDALONE=35429], networkLocation: /default-rack, certSerialId: null, persistedOpState: IN_SERVICE, persistedOpStateExpiryEpochSec: 0}9f678299-4532-47e1-9b54-5ce4850b949b{ip: 10.1.1.113, host: fv-az204-107.tdy0fjcc0bpubcu1xr20co1pbf.dx.internal.cloudapp.net, ports: [REPLICATION=44329, RATIS=40365, RATIS_ADMIN=40365, RATIS_SERVER=40365, STANDALONE=34101], networkLocation: /default-rack, certSerialId: null, persistedOpState: IN_SERVICE, persistedOpStateExpiryEpochSec: 0}, ReplicationConfig: RATIS/THREE, State:OPEN, leaderId:1a927d95-9689-4ae2-94aa-466101e25ef1, CreationTimestamp2022-10-15T07:43:59.053Z[Etc/UTC]] moved to CLOSED state
2022-10-15 07:44:29,775 [Listener at 127.0.0.1/40173] WARN  impl.MetricRegistriesImpl (MetricRegistriesImpl.java:addReporterRegistration(111)) - New reporters are added after registries were created. Some metrics will be missing from the reporter. Please add reporter before adding any new registry.
2022-10-15 07:44:29,775 [Listener at 127.0.0.1/40173] WARN  impl.MetricRegistriesImpl (MetricRegistriesImpl.java:addReporterRegistration(111)) - New reporters are added after registries were created. Some metrics will be missing from the reporter. Please add reporter before adding any new registry.
2022-10-15 07:44:29,775 [Listener at 127.0.0.1/40173] INFO  impl.MetricsSystemImpl (MetricsSystemImpl.java:init(158)) - HddsDatanode metrics system started (again)
2022-10-15 07:44:29,787 [Listener at 127.0.0.1/40173] INFO  ozone.HddsDatanodeService (HddsDatanodeService.java:start(236)) - HddsDatanodeService host:fv-az204-107.tdy0fjcc0bpubcu1xr20co1pbf.dx.internal.cloudapp.net ip:10.1.1.113
2022-10-15 07:44:29,835 [Listener at 127.0.0.1/40173] INFO  upgrade.AbstractLayoutVersionManager (AbstractLayoutVersionManager.java:init(83)) - Initializing Layout version manager with metadata layout = DATANODE_SCHEMA_V3 (version = 4), software layout = DATANODE_SCHEMA_V3 (version = 4)
2022-10-15 07:44:29,926 [Listener at 127.0.0.1/40173] INFO  reflections.Reflections (Reflections.java:scan(232)) - Reflections took 89 ms to scan 7 urls, producing 137 keys and 328 values 
2022-10-15 07:44:29,928 [Listener at 127.0.0.1/40173] INFO  statemachine.DatanodeStateMachine (DatanodeStateMachine.java:getEndPointTaskThreadPoolSize(237)) - Datanode State Machine Task Thread Pool size 2
2022-10-15 07:44:29,938 [Command processor thread] INFO  keyvalue.KeyValueContainer (KeyValueContainer.java:flushAndSyncDB(436)) - Container 10 is synced with bcsId 0.
2022-10-15 07:44:29,938 [Command processor thread] INFO  keyvalue.KeyValueContainer (KeyValueContainer.java:flushAndSyncDB(436)) - Container 10 is synced with bcsId 0.
2022-10-15 07:44:29,939 [Listener at 127.0.0.1/40173] INFO  volume.HddsVolume (HddsVolume.java:<init>(117)) - Creating HddsVolume: /home/runner/work/ozone/ozone/hadoop-ozone/integration-test/target/test-dir/MiniOzoneClusterImpl-0c55ea5e-da39-43b3-be52-3d6e56a90e90/datanode-0/data-0/containers/hdds of storage type : DISK capacity : 9223372036854775807
2022-10-15 07:44:29,940 [Listener at 127.0.0.1/40173] INFO  volume.MutableVolumeSet (MutableVolumeSet.java:initializeVolumeSet(174)) - Added Volume : /home/runner/work/ozone/ozone/hadoop-ozone/integration-test/target/test-dir/MiniOzoneClusterImpl-0c55ea5e-da39-43b3-be52-3d6e56a90e90/datanode-0/data-0/containers/hdds to VolumeSet
2022-10-15 07:44:29,940 [Listener at 127.0.0.1/40173] INFO  volume.ThrottledAsyncChecker (ThrottledAsyncChecker.java:schedule(141)) - Scheduling a check for /home/runner/work/ozone/ozone/hadoop-ozone/integration-test/target/test-dir/MiniOzoneClusterImpl-0c55ea5e-da39-43b3-be52-3d6e56a90e90/datanode-0/data-0/containers/hdds
2022-10-15 07:44:29,941 [Command processor thread] INFO  keyvalue.KeyValueContainer (KeyValueContainer.java:close(351)) - Container 10 is closed with bcsId 0.
2022-10-15 07:44:29,946 [Listener at 127.0.0.1/40173] INFO  volume.StorageVolumeChecker (StorageVolumeChecker.java:checkAllVolumes(202)) - Scheduled health check for volume /home/runner/work/ozone/ozone/hadoop-ozone/integration-test/target/test-dir/MiniOzoneClusterImpl-0c55ea5e-da39-43b3-be52-3d6e56a90e90/datanode-0/data-0/containers/hdds
2022-10-15 07:44:29,949 [FixedThreadPoolWithAffinityExecutor-8-0] INFO  container.IncrementalContainerReportHandler (AbstractContainerReportHandler.java:updateContainerState(292)) - Moving container #10 to CLOSED state, datanode 9a24ac87-7197-4b23-9992-aedcbee91c34{ip: 10.1.1.113, host: fv-az204-107.tdy0fjcc0bpubcu1xr20co1pbf.dx.internal.cloudapp.net, ports: [REPLICATION=42613, RATIS=43931, RATIS_ADMIN=43931, RATIS_SERVER=43931, STANDALONE=42833], networkLocation: /default-rack, certSerialId: null, persistedOpState: IN_SERVICE, persistedOpStateExpiryEpochSec: 0} reported CLOSED replica.
2022-10-15 07:44:29,961 [Listener at 127.0.0.1/40173] INFO  volume.MutableVolumeSet (MutableVolumeSet.java:initializeVolumeSet(174)) - Added Volume : /home/runner/work/ozone/ozone/hadoop-ozone/integration-test/target/test-dir/MiniOzoneClusterImpl-0c55ea5e-da39-43b3-be52-3d6e56a90e90/datanode-0/data/ratis to VolumeSet
2022-10-15 07:44:29,961 [Listener at 127.0.0.1/40173] INFO  volume.ThrottledAsyncChecker (ThrottledAsyncChecker.java:schedule(141)) - Scheduling a check for /home/runner/work/ozone/ozone/hadoop-ozone/integration-test/target/test-dir/MiniOzoneClusterImpl-0c55ea5e-da39-43b3-be52-3d6e56a90e90/datanode-0/data/ratis
2022-10-15 07:44:29,962 [Listener at 127.0.0.1/40173] INFO  volume.StorageVolumeChecker (StorageVolumeChecker.java:checkAllVolumes(202)) - Scheduled health check for volume /home/runner/work/ozone/ozone/hadoop-ozone/integration-test/target/test-dir/MiniOzoneClusterImpl-0c55ea5e-da39-43b3-be52-3d6e56a90e90/datanode-0/data/ratis
2022-10-15 07:44:29,974 [EventQueue-StaleNodeForStaleNodeHandler] INFO  node.StaleNodeHandler (StaleNodeHandler.java:onMessage(59)) - Datanode 21a643b6-1a42-4dcc-b3d5-cdf5198533e3{ip: 10.1.1.113, host: fv-az204-107.tdy0fjcc0bpubcu1xr20co1pbf.dx.internal.cloudapp.net, ports: [REPLICATION=33579, RATIS=44331, RATIS_ADMIN=44331, RATIS_SERVER=44331, STANDALONE=46453], networkLocation: /default-rack, certSerialId: null, persistedOpState: IN_SERVICE, persistedOpStateExpiryEpochSec: 0} moved to stale state. Finalizing its pipelines [PipelineID=2808994b-9c15-4f99-a697-6224762834a0, PipelineID=63ae4912-c17e-43cf-8bae-a528f5a873a6, PipelineID=2beadd46-9fe1-45cf-af72-c813503183c7]
2022-10-15 07:44:29,974 [EventQueue-StaleNodeForStaleNodeHandler] INFO  pipeline.PipelineManagerImpl (PipelineManagerImpl.java:closePipeline(442)) - Pipeline Pipeline[ Id: 2808994b-9c15-4f99-a697-6224762834a0, Nodes: 21a643b6-1a42-4dcc-b3d5-cdf5198533e3{ip: 10.1.1.113, host: fv-az204-107.tdy0fjcc0bpubcu1xr20co1pbf.dx.internal.cloudapp.net, ports: [REPLICATION=33579, RATIS=44331, RATIS_ADMIN=44331, RATIS_SERVER=44331, STANDALONE=46453], networkLocation: /default-rack, certSerialId: null, persistedOpState: IN_SERVICE, persistedOpStateExpiryEpochSec: 0}, ReplicationConfig: RATIS/ONE, State:OPEN, leaderId:21a643b6-1a42-4dcc-b3d5-cdf5198533e3, CreationTimestamp2022-10-15T07:42:38.668Z[Etc/UTC]] moved to CLOSED state
2022-10-15 07:44:29,974 [EventQueue-StaleNodeForStaleNodeHandler] INFO  pipeline.PipelineManagerImpl (PipelineManagerImpl.java:closeContainersForPipeline(421)) - Container #2 closed for pipeline=PipelineID=63ae4912-c17e-43cf-8bae-a528f5a873a6
2022-10-15 07:44:29,974 [EventQueue-CloseContainerForCloseContainerEventHandler] INFO  container.CloseContainerEventHandler (CloseContainerEventHandler.java:onMessage(71)) - Close container Event triggered for container : #2
2022-10-15 07:44:29,975 [EventQueue-StaleNodeForStaleNodeHandler] INFO  pipeline.PipelineManagerImpl (PipelineManagerImpl.java:closeContainersForPipeline(421)) - Container #3 closed for pipeline=PipelineID=63ae4912-c17e-43cf-8bae-a528f5a873a6
2022-10-15 07:44:29,975 [EventQueue-CloseContainerForCloseContainerEventHandler] INFO  container.CloseContainerEventHandler (CloseContainerEventHandler.java:onMessage(71)) - Close container Event triggered for container : #3
2022-10-15 07:44:29,975 [EventQueue-StaleNodeForStaleNodeHandler] INFO  pipeline.PipelineManagerImpl (PipelineManagerImpl.java:closeContainersForPipeline(421)) - Container #5 closed for pipeline=PipelineID=63ae4912-c17e-43cf-8bae-a528f5a873a6
2022-10-15 07:44:29,975 [EventQueue-CloseContainerForCloseContainerEventHandler] INFO  container.CloseContainerEventHandler (CloseContainerEventHandler.java:onMessage(71)) - Close container Event triggered for container : #5
2022-10-15 07:44:29,975 [EventQueue-StaleNodeForStaleNodeHandler] INFO  pipeline.PipelineManagerImpl (PipelineManagerImpl.java:closePipeline(442)) - Pipeline Pipeline[ Id: 63ae4912-c17e-43cf-8bae-a528f5a873a6, Nodes: 9a24ac87-7197-4b23-9992-aedcbee91c34{ip: 10.1.1.113, host: fv-az204-107.tdy0fjcc0bpubcu1xr20co1pbf.dx.internal.cloudapp.net, ports: [REPLICATION=42613, RATIS=43931, RATIS_ADMIN=43931, RATIS_SERVER=43931, STANDALONE=42833], networkLocation: /default-rack, certSerialId: null, persistedOpState: IN_SERVICE, persistedOpStateExpiryEpochSec: 0}21a643b6-1a42-4dcc-b3d5-cdf5198533e3{ip: 10.1.1.113, host: fv-az204-107.tdy0fjcc0bpubcu1xr20co1pbf.dx.internal.cloudapp.net, ports: [REPLICATION=33579, RATIS=44331, RATIS_ADMIN=44331, RATIS_SERVER=44331, STANDALONE=46453], networkLocation: /default-rack, certSerialId: null, persistedOpState: IN_SERVICE, persistedOpStateExpiryEpochSec: 0}d26a0d60-6788-4f19-88c8-825bcaa82edc{ip: 10.1.1.113, host: fv-az204-107.tdy0fjcc0bpubcu1xr20co1pbf.dx.internal.cloudapp.net, ports: [REPLICATION=42509, RATIS=34309, RATIS_ADMIN=34309, RATIS_SERVER=34309, STANDALONE=40785], networkLocation: /default-rack, certSerialId: null, persistedOpState: IN_SERVICE, persistedOpStateExpiryEpochSec: 0}, ReplicationConfig: RATIS/THREE, State:OPEN, leaderId:9a24ac87-7197-4b23-9992-aedcbee91c34, CreationTimestamp2022-10-15T07:42:39.053Z[Etc/UTC]] moved to CLOSED state
2022-10-15 07:44:29,989 [Thread-3921] INFO  ozoneimpl.ContainerReader (ContainerReader.java:readVolume(175)) - Finish verifying containers on volume /home/runner/work/ozone/ozone/hadoop-ozone/integration-test/target/test-dir/MiniOzoneClusterImpl-0c55ea5e-da39-43b3-be52-3d6e56a90e90/datanode-0/data-0/containers/hdds
2022-10-15 07:44:29,990 [Listener at 127.0.0.1/40173] INFO  ozoneimpl.OzoneContainer (OzoneContainer.java:buildContainerSet(300)) - Build ContainerSet costs 0s
2022-10-15 07:44:29,991 [Listener at 127.0.0.1/40173] INFO  server.RaftServer (ConfUtils.java:logGet(46)) - raft.rpc.type = GRPC (default)
2022-10-15 07:44:29,991 [Listener at 127.0.0.1/40173] INFO  grpc.GrpcFactory (GrpcFactory.java:checkPooledByteBufAllocatorUseCacheForAllThreads(48)) - PERFORMANCE WARNING: useCacheForAllThreads is true that may cause Netty to create a lot garbage objects and, as a result, trigger GC.
	It is recommended to disable useCacheForAllThreads by setting -Dorg.apache.ratis.thirdparty.io.netty.allocator.useCacheForAllThreads=false in command line.
2022-10-15 07:44:29,991 [Listener at 127.0.0.1/40173] INFO  grpc.GrpcConfigKeys (ConfUtils.java:logGet(46)) - raft.grpc.admin.port = 0 (custom)
2022-10-15 07:44:29,991 [Listener at 127.0.0.1/40173] INFO  grpc.GrpcConfigKeys (ConfUtils.java:logGet(46)) - raft.grpc.client.port = 0 (custom)
2022-10-15 07:44:29,991 [Listener at 127.0.0.1/40173] INFO  grpc.GrpcConfigKeys (ConfUtils.java:logGet(46)) - raft.grpc.server.port = 0 (default)
2022-10-15 07:44:29,991 [Listener at 127.0.0.1/40173] INFO  server.GrpcService (ConfUtils.java:logGet(46)) - raft.grpc.message.size.max = 32MB (=33554432) (custom)
2022-10-15 07:44:29,991 [Listener at 127.0.0.1/40173] INFO  server.RaftServerConfigKeys (ConfUtils.java:logGet(46)) - raft.server.log.appender.buffer.byte-limit = 33554432 (custom)
2022-10-15 07:44:29,992 [Listener at 127.0.0.1/40173] INFO  server.GrpcService (ConfUtils.java:logGet(46)) - raft.grpc.flow.control.window = 5MB (=5242880) (custom)
2022-10-15 07:44:29,992 [Listener at 127.0.0.1/40173] INFO  server.RaftServerConfigKeys (ConfUtils.java:logGet(46)) - raft.server.rpc.request.timeout = 60s (custom)
2022-10-15 07:44:29,992 [Listener at 127.0.0.1/40173] INFO  grpc.GrpcConfigKeys (ConfUtils.java:logGet(46)) - raft.grpc.server.async.request.thread.pool.cached = true (default)
2022-10-15 07:44:29,992 [Listener at 127.0.0.1/40173] INFO  grpc.GrpcConfigKeys (ConfUtils.java:logGet(46)) - raft.grpc.server.async.request.thread.pool.size = 32 (default)
2022-10-15 07:44:29,993 [Listener at 127.0.0.1/40173] INFO  impl.DataStreamServerImpl (ConfUtils.java:logGet(46)) - raft.datastream.type = DISABLED (default)
2022-10-15 07:44:29,993 [Listener at 127.0.0.1/40173] INFO  server.RaftServerConfigKeys (ConfUtils.java:logGet(46)) - raft.server.threadpool.proxy.cached = true (default)
2022-10-15 07:44:29,993 [Listener at 127.0.0.1/40173] INFO  server.RaftServerConfigKeys (ConfUtils.java:logGet(46)) - raft.server.threadpool.proxy.size = 0 (default)
2022-10-15 07:44:29,993 [Listener at 127.0.0.1/40173] INFO  server.RaftServerConfigKeys (ConfUtils.java:logGet(46)) - raft.server.rpc.slowness.timeout = 300s (custom)
2022-10-15 07:44:29,993 [Listener at 127.0.0.1/40173] INFO  server.RaftServerConfigKeys (ConfUtils.java:logGet(46)) - raft.server.leaderelection.leader.step-down.wait-time = 10s (default)
2022-10-15 07:44:29,993 [Listener at 127.0.0.1/40173] INFO  server.RaftServerConfigKeys (ConfUtils.java:logGet(46)) - raft.server.storage.dir = [/home/runner/work/ozone/ozone/hadoop-ozone/integration-test/target/test-dir/MiniOzoneClusterImpl-0c55ea5e-da39-43b3-be52-3d6e56a90e90/datanode-0/data/ratis] (custom)
2022-10-15 07:44:29,996 [Listener at 127.0.0.1/40173] INFO  server.XceiverServerGrpc (XceiverServerGrpc.java:<init>(132)) - GrpcServer channel type EpollServerSocketChannel
2022-10-15 07:44:30,012 [Listener at 127.0.0.1/40173] INFO  http.BaseHttpServer (BaseHttpServer.java:newHttpServer2BuilderForOzone(213)) - Starting Web-server for hddsDatanode at: http://0.0.0.0:0
2022-10-15 07:44:30,012 [Listener at 127.0.0.1/40173] INFO  http.BaseHttpServer (BaseHttpServer.java:<init>(108)) - Hadoop Security Enabled: false Ozone Security Enabled: false Ozone HTTP Security Enabled: false 
2022-10-15 07:44:30,013 [Listener at 127.0.0.1/40173] WARN  server.AuthenticationFilter (AuthenticationFilter.java:constructSecretProvider(240)) - Unable to initialize FileSignerSecretProvider, falling back to use random secrets. Reason: Could not read signature secret file: /home/runner/hadoop-http-auth-signature-secret
2022-10-15 07:44:30,031 [Listener at 127.0.0.1/40173] WARN  http.HttpRequestLog (HttpRequestLog.java:getRequestLog(103)) - Jetty request log can only be enabled using Log4j
2022-10-15 07:44:30,032 [Listener at 127.0.0.1/40173] INFO  http.HttpServer2 (HttpServer2.java:addGlobalFilter(1031)) - Added global filter 'safety' (class=org.apache.hadoop.hdds.server.http.HttpServer2$QuotingInputFilter)
2022-10-15 07:44:30,032 [Listener at 127.0.0.1/40173] INFO  http.HttpServer2 (HttpServer2.java:addFilter(1007)) - Added filter static_user_filter (class=org.apache.hadoop.http.lib.StaticUserWebFilter$StaticUserFilter) to context hddsDatanode
2022-10-15 07:44:30,032 [Listener at 127.0.0.1/40173] INFO  http.HttpServer2 (HttpServer2.java:addFilter(1015)) - Added filter static_user_filter (class=org.apache.hadoop.http.lib.StaticUserWebFilter$StaticUserFilter) to context logs
2022-10-15 07:44:30,032 [Listener at 127.0.0.1/40173] INFO  http.HttpServer2 (HttpServer2.java:addFilter(1015)) - Added filter static_user_filter (class=org.apache.hadoop.http.lib.StaticUserWebFilter$StaticUserFilter) to context static
2022-10-15 07:44:30,032 [Listener at 127.0.0.1/40173] INFO  http.HttpServer2 (HttpServer2.java:bindListener(1250)) - Jetty bound to port 36471
2022-10-15 07:44:30,033 [Listener at 127.0.0.1/40173] INFO  server.Server (Server.java:doStart(375)) - jetty-9.4.43.v20210629; built: 2021-06-30T11:07:22.254Z; git: 526006ecfa3af7f1a27ef3a288e2bef7ea9dd7e8; jvm 1.8.0_345-b01
2022-10-15 07:44:30,073 [Listener at 127.0.0.1/40173] INFO  server.session (DefaultSessionIdManager.java:doStart(334)) - DefaultSessionIdManager workerName=node0
2022-10-15 07:44:30,073 [Listener at 127.0.0.1/40173] INFO  server.session (DefaultSessionIdManager.java:doStart(339)) - No SessionScavenger set, using defaults
2022-10-15 07:44:30,074 [Listener at 127.0.0.1/40173] INFO  server.session (HouseKeeper.java:startScavenging(132)) - node0 Scavenging every 660000ms
2022-10-15 07:44:30,076 [Listener at 127.0.0.1/40173] INFO  handler.ContextHandler (ContextHandler.java:doStart(915)) - Started o.e.j.s.ServletContextHandler@39c3d0fe{logs,/logs,file:///home/runner/work/ozone/ozone/hadoop-ozone/integration-test/target/log,AVAILABLE}
2022-10-15 07:44:30,076 [Listener at 127.0.0.1/40173] INFO  handler.ContextHandler (ContextHandler.java:doStart(915)) - Started o.e.j.s.ServletContextHandler@19594616{static,/static,jar:file:/home/runner/.m2/repository/org/apache/ozone/hdds-container-service/1.3.0-SNAPSHOT/hdds-container-service-1.3.0-SNAPSHOT.jar!/webapps/static,AVAILABLE}
2022-10-15 07:44:30,128 [ReplicationMonitor] INFO  replication.ReplicationManager (ReplicationManager.java:processAll(324)) - Replication Monitor Thread took 0 milliseconds for processing 6 containers.
2022-10-15 07:44:30,129 [Under Replicated Processor] INFO  replication.UnderReplicatedProcessor (UnderReplicatedProcessor.java:processAll(92)) - Processed 0 under replicated containers, failed processing 0
2022-10-15 07:44:30,130 [Over Replicated Processor] INFO  replication.OverReplicatedProcessor (OverReplicatedProcessor.java:processAll(90)) - Processed 0 over replicated containers, failed processing 0
2022-10-15 07:44:30,189 [Under Replicated Processor] INFO  replication.UnderReplicatedProcessor (UnderReplicatedProcessor.java:processAll(92)) - Processed 0 under replicated containers, failed processing 0
2022-10-15 07:44:30,189 [Over Replicated Processor] INFO  replication.OverReplicatedProcessor (OverReplicatedProcessor.java:processAll(90)) - Processed 0 over replicated containers, failed processing 0
2022-10-15 07:44:30,221 [ReplicationMonitor] INFO  replication.LegacyReplicationManager (LegacyReplicationManager.java:handleOverReplicatedContainer(1252)) - Container #1 is over replicated. Expected replica count is 3, but found 4.
2022-10-15 07:44:30,221 [ReplicationMonitor] INFO  replication.LegacyReplicationManager (LegacyReplicationManager.java:sendDeleteCommand(1587)) - Sending delete container command for container #1 to datanode fdcf0f8e-cf64-44a3-bed5-f94c24ef391f{ip: 10.1.1.113, host: fv-az204-107.tdy0fjcc0bpubcu1xr20co1pbf.dx.internal.cloudapp.net, ports: [REPLICATION=38531, RATIS=45413, RATIS_ADMIN=45413, RATIS_SERVER=45413, STANDALONE=37375], networkLocation: /default-rack, certSerialId: null, persistedOpState: IN_SERVICE, persistedOpStateExpiryEpochSec: 0}
2022-10-15 07:44:30,221 [ReplicationMonitor] INFO  replication.LegacyReplicationManager (LegacyReplicationManager.java:sendCloseCommand(1512)) - Sending close container command for container #2 to datanode 9a24ac87-7197-4b23-9992-aedcbee91c34{ip: 10.1.1.113, host: fv-az204-107.tdy0fjcc0bpubcu1xr20co1pbf.dx.internal.cloudapp.net, ports: [REPLICATION=42613, RATIS=43931, RATIS_ADMIN=43931, RATIS_SERVER=43931, STANDALONE=42833], networkLocation: /default-rack, certSerialId: null, persistedOpState: IN_SERVICE, persistedOpStateExpiryEpochSec: 0}.
2022-10-15 07:44:30,222 [ReplicationMonitor] INFO  replication.LegacyReplicationManager (LegacyReplicationManager.java:sendCloseCommand(1512)) - Sending close container command for container #2 to datanode 21a643b6-1a42-4dcc-b3d5-cdf5198533e3{ip: 10.1.1.113, host: fv-az204-107.tdy0fjcc0bpubcu1xr20co1pbf.dx.internal.cloudapp.net, ports: [REPLICATION=33579, RATIS=44331, RATIS_ADMIN=44331, RATIS_SERVER=44331, STANDALONE=46453], networkLocation: /default-rack, certSerialId: null, persistedOpState: IN_SERVICE, persistedOpStateExpiryEpochSec: 0}.
2022-10-15 07:44:30,222 [ReplicationMonitor] INFO  replication.LegacyReplicationManager (LegacyReplicationManager.java:sendCloseCommand(1512)) - Sending close container command for container #2 to datanode d26a0d60-6788-4f19-88c8-825bcaa82edc{ip: 10.1.1.113, host: fv-az204-107.tdy0fjcc0bpubcu1xr20co1pbf.dx.internal.cloudapp.net, ports: [REPLICATION=42509, RATIS=34309, RATIS_ADMIN=34309, RATIS_SERVER=34309, STANDALONE=40785], networkLocation: /default-rack, certSerialId: null, persistedOpState: IN_SERVICE, persistedOpStateExpiryEpochSec: 0}.
2022-10-15 07:44:30,222 [ReplicationMonitor] INFO  replication.LegacyReplicationManager (LegacyReplicationManager.java:sendCloseCommand(1512)) - Sending close container command for container #3 to datanode d26a0d60-6788-4f19-88c8-825bcaa82edc{ip: 10.1.1.113, host: fv-az204-107.tdy0fjcc0bpubcu1xr20co1pbf.dx.internal.cloudapp.net, ports: [REPLICATION=42509, RATIS=34309, RATIS_ADMIN=34309, RATIS_SERVER=34309, STANDALONE=40785], networkLocation: /default-rack, certSerialId: null, persistedOpState: IN_SERVICE, persistedOpStateExpiryEpochSec: 0}.
2022-10-15 07:44:30,222 [ReplicationMonitor] INFO  replication.LegacyReplicationManager (LegacyReplicationManager.java:sendCloseCommand(1512)) - Sending close container command for container #3 to datanode 21a643b6-1a42-4dcc-b3d5-cdf5198533e3{ip: 10.1.1.113, host: fv-az204-107.tdy0fjcc0bpubcu1xr20co1pbf.dx.internal.cloudapp.net, ports: [REPLICATION=33579, RATIS=44331, RATIS_ADMIN=44331, RATIS_SERVER=44331, STANDALONE=46453], networkLocation: /default-rack, certSerialId: null, persistedOpState: IN_SERVICE, persistedOpStateExpiryEpochSec: 0}.
2022-10-15 07:44:30,222 [ReplicationMonitor] INFO  replication.LegacyReplicationManager (LegacyReplicationManager.java:sendCloseCommand(1512)) - Sending close container command for container #3 to datanode 9a24ac87-7197-4b23-9992-aedcbee91c34{ip: 10.1.1.113, host: fv-az204-107.tdy0fjcc0bpubcu1xr20co1pbf.dx.internal.cloudapp.net, ports: [REPLICATION=42613, RATIS=43931, RATIS_ADMIN=43931, RATIS_SERVER=43931, STANDALONE=42833], networkLocation: /default-rack, certSerialId: null, persistedOpState: IN_SERVICE, persistedOpStateExpiryEpochSec: 0}.
2022-10-15 07:44:30,222 [ReplicationMonitor] INFO  replication.LegacyReplicationManager (LegacyReplicationManager.java:handleOverReplicatedContainer(1252)) - Container #4 is over replicated. Expected replica count is 3, but found 4.
2022-10-15 07:44:30,222 [ReplicationMonitor] INFO  replication.LegacyReplicationManager (LegacyReplicationManager.java:sendDeleteCommand(1587)) - Sending delete container command for container #4 to datanode fdcf0f8e-cf64-44a3-bed5-f94c24ef391f{ip: 10.1.1.113, host: fv-az204-107.tdy0fjcc0bpubcu1xr20co1pbf.dx.internal.cloudapp.net, ports: [REPLICATION=38531, RATIS=45413, RATIS_ADMIN=45413, RATIS_SERVER=45413, STANDALONE=37375], networkLocation: /default-rack, certSerialId: null, persistedOpState: IN_SERVICE, persistedOpStateExpiryEpochSec: 0}
2022-10-15 07:44:30,222 [ReplicationMonitor] INFO  replication.LegacyReplicationManager (LegacyReplicationManager.java:sendCloseCommand(1512)) - Sending close container command for container #5 to datanode 21a643b6-1a42-4dcc-b3d5-cdf5198533e3{ip: 10.1.1.113, host: fv-az204-107.tdy0fjcc0bpubcu1xr20co1pbf.dx.internal.cloudapp.net, ports: [REPLICATION=33579, RATIS=44331, RATIS_ADMIN=44331, RATIS_SERVER=44331, STANDALONE=46453], networkLocation: /default-rack, certSerialId: null, persistedOpState: IN_SERVICE, persistedOpStateExpiryEpochSec: 0}.
2022-10-15 07:44:30,222 [ReplicationMonitor] INFO  replication.LegacyReplicationManager (LegacyReplicationManager.java:sendCloseCommand(1512)) - Sending close container command for container #5 to datanode d26a0d60-6788-4f19-88c8-825bcaa82edc{ip: 10.1.1.113, host: fv-az204-107.tdy0fjcc0bpubcu1xr20co1pbf.dx.internal.cloudapp.net, ports: [REPLICATION=42509, RATIS=34309, RATIS_ADMIN=34309, RATIS_SERVER=34309, STANDALONE=40785], networkLocation: /default-rack, certSerialId: null, persistedOpState: IN_SERVICE, persistedOpStateExpiryEpochSec: 0}.
2022-10-15 07:44:30,222 [ReplicationMonitor] INFO  replication.LegacyReplicationManager (LegacyReplicationManager.java:sendCloseCommand(1512)) - Sending close container command for container #5 to datanode 9a24ac87-7197-4b23-9992-aedcbee91c34{ip: 10.1.1.113, host: fv-az204-107.tdy0fjcc0bpubcu1xr20co1pbf.dx.internal.cloudapp.net, ports: [REPLICATION=42613, RATIS=43931, RATIS_ADMIN=43931, RATIS_SERVER=43931, STANDALONE=42833], networkLocation: /default-rack, certSerialId: null, persistedOpState: IN_SERVICE, persistedOpStateExpiryEpochSec: 0}.
2022-10-15 07:44:30,222 [ReplicationMonitor] INFO  replication.LegacyReplicationManager (LegacyReplicationManager.java:handleOverReplicatedContainer(1252)) - Container #6 is over replicated. Expected replica count is 3, but found 4.
2022-10-15 07:44:30,222 [ReplicationMonitor] INFO  replication.LegacyReplicationManager (LegacyReplicationManager.java:sendDeleteCommand(1587)) - Sending delete container command for container #6 to datanode fdcf0f8e-cf64-44a3-bed5-f94c24ef391f{ip: 10.1.1.113, host: fv-az204-107.tdy0fjcc0bpubcu1xr20co1pbf.dx.internal.cloudapp.net, ports: [REPLICATION=38531, RATIS=45413, RATIS_ADMIN=45413, RATIS_SERVER=45413, STANDALONE=37375], networkLocation: /default-rack, certSerialId: null, persistedOpState: IN_SERVICE, persistedOpStateExpiryEpochSec: 0}
2022-10-15 07:44:30,223 [ReplicationMonitor] INFO  replication.ReplicationManager (ReplicationManager.java:sendCloseContainerReplicaCommand(467)) - Sending close container command for container #10 to datanode 21a643b6-1a42-4dcc-b3d5-cdf5198533e3{ip: 10.1.1.113, host: fv-az204-107.tdy0fjcc0bpubcu1xr20co1pbf.dx.internal.cloudapp.net, ports: [REPLICATION=33579, RATIS=44331, RATIS_ADMIN=44331, RATIS_SERVER=44331, STANDALONE=46453], networkLocation: /default-rack, certSerialId: null, persistedOpState: IN_SERVICE, persistedOpStateExpiryEpochSec: 0}.
2022-10-15 07:44:30,223 [ReplicationMonitor] INFO  replication.ReplicationManager (ReplicationManager.java:sendCloseContainerReplicaCommand(467)) - Sending close container command for container #10 to datanode fdcf0f8e-cf64-44a3-bed5-f94c24ef391f{ip: 10.1.1.113, host: fv-az204-107.tdy0fjcc0bpubcu1xr20co1pbf.dx.internal.cloudapp.net, ports: [REPLICATION=38531, RATIS=45413, RATIS_ADMIN=45413, RATIS_SERVER=45413, STANDALONE=37375], networkLocation: /default-rack, certSerialId: null, persistedOpState: IN_SERVICE, persistedOpStateExpiryEpochSec: 0}.
2022-10-15 07:44:30,223 [ReplicationMonitor] INFO  replication.ReplicationManager (ReplicationManager.java:sendCloseContainerReplicaCommand(467)) - Sending close container command for container #10 to datanode 9f678299-4532-47e1-9b54-5ce4850b949b{ip: 10.1.1.113, host: fv-az204-107.tdy0fjcc0bpubcu1xr20co1pbf.dx.internal.cloudapp.net, ports: [REPLICATION=44329, RATIS=40365, RATIS_ADMIN=40365, RATIS_SERVER=40365, STANDALONE=34101], networkLocation: /default-rack, certSerialId: null, persistedOpState: IN_SERVICE, persistedOpStateExpiryEpochSec: 0}.
2022-10-15 07:44:30,223 [ReplicationMonitor] INFO  replication.ReplicationManager (ReplicationManager.java:sendCloseContainerReplicaCommand(467)) - Sending close container command for container #10 to datanode 1a927d95-9689-4ae2-94aa-466101e25ef1{ip: 10.1.1.113, host: fv-az204-107.tdy0fjcc0bpubcu1xr20co1pbf.dx.internal.cloudapp.net, ports: [REPLICATION=41339, RATIS=33377, RATIS_ADMIN=33377, RATIS_SERVER=33377, STANDALONE=35429], networkLocation: /default-rack, certSerialId: null, persistedOpState: IN_SERVICE, persistedOpStateExpiryEpochSec: 0}.
2022-10-15 07:44:30,223 [ReplicationMonitor] INFO  replication.ReplicationManager (ReplicationManager.java:processAll(324)) - Replication Monitor Thread took 2 milliseconds for processing 11 containers.
2022-10-15 07:44:30,333 [grpc-default-executor-3] WARN  server.GrpcLogAppender (LogUtils.java:warn(122)) - 9a24ac87-7197-4b23-9992-aedcbee91c34@group-A528F5A873A6->21a643b6-1a42-4dcc-b3d5-cdf5198533e3-AppendLogResponseHandler: Failed appendEntries: org.apache.ratis.thirdparty.io.grpc.StatusRuntimeException: UNAVAILABLE: io exception
2022-10-15 07:44:30,334 [grpc-default-executor-3] INFO  leader.FollowerInfo (FollowerInfoImpl.java:lambda$new$0(48)) - 9a24ac87-7197-4b23-9992-aedcbee91c34@group-A528F5A873A6->21a643b6-1a42-4dcc-b3d5-cdf5198533e3: nextIndex: updateUnconditionally 60 -> 59
2022-10-15 07:44:30,389 [Over Replicated Processor] INFO  replication.OverReplicatedProcessor (OverReplicatedProcessor.java:processAll(90)) - Processed 0 over replicated containers, failed processing 0
2022-10-15 07:44:30,389 [ReplicationMonitor] INFO  replication.ReplicationManager (ReplicationManager.java:processAll(324)) - Replication Monitor Thread took 0 milliseconds for processing 0 containers.
2022-10-15 07:44:30,389 [Under Replicated Processor] INFO  replication.UnderReplicatedProcessor (UnderReplicatedProcessor.java:processAll(92)) - Processed 0 under replicated containers, failed processing 0
2022-10-15 07:44:30,537 [Listener at 127.0.0.1/40173] INFO  handler.ContextHandler (ContextHandler.java:doStart(915)) - Started o.e.j.w.WebAppContext@325ee922{hddsDatanode,/,file:///tmp/jetty-0_0_0_0-36471-hdds-container-service-1_3_0-SNAPSHOT_jar-_-any-2470580947337960148/webapp/,AVAILABLE}{jar:file:/home/runner/.m2/repository/org/apache/ozone/hdds-container-service/1.3.0-SNAPSHOT/hdds-container-service-1.3.0-SNAPSHOT.jar!/webapps/hddsDatanode}
2022-10-15 07:44:30,568 [Listener at 127.0.0.1/40173] INFO  server.AbstractConnector (AbstractConnector.java:doStart(331)) - Started ServerConnector@46673bde{HTTP/1.1, (http/1.1)}{0.0.0.0:36471}
2022-10-15 07:44:30,568 [Listener at 127.0.0.1/40173] INFO  server.Server (Server.java:doStart(415)) - Started @180521ms
2022-10-15 07:44:30,568 [Listener at 127.0.0.1/40173] WARN  impl.MetricsSystemImpl (MetricsSystemImpl.java:register(279)) - Sink prometheus already exists!
2022-10-15 07:44:30,569 [Listener at 127.0.0.1/40173] INFO  http.BaseHttpServer (BaseHttpServer.java:updateConnectorAddress(333)) - HTTP server of hddsDatanode listening at http://0.0.0.0:36471
2022-10-15 07:44:30,571 [Listener at 127.0.0.1/40173] WARN  impl.MetricRegistriesImpl (MetricRegistriesImpl.java:addReporterRegistration(111)) - New reporters are added after registries were created. Some metrics will be missing from the reporter. Please add reporter before adding any new registry.
2022-10-15 07:44:30,571 [Listener at 127.0.0.1/40173] WARN  impl.MetricRegistriesImpl (MetricRegistriesImpl.java:addReporterRegistration(111)) - New reporters are added after registries were created. Some metrics will be missing from the reporter. Please add reporter before adding any new registry.
2022-10-15 07:44:30,571 [Listener at 127.0.0.1/40173] INFO  impl.MetricsSystemImpl (MetricsSystemImpl.java:init(158)) - HddsDatanode metrics system started (again)
2022-10-15 07:44:30,583 [ReplicationMonitor] INFO  replication.ReplicationManager (ReplicationManager.java:processAll(291)) - Replication Manager is not ready to run until 3000ms after safemode exit
2022-10-15 07:44:30,587 [Datanode State Machine Daemon Thread] INFO  statemachine.DatanodeStateMachine (DatanodeStateMachine.java:lambda$startDaemon$0(492)) - Ozone container server started.
2022-10-15 07:44:30,593 [Listener at 127.0.0.1/40173] INFO  ozone.HddsDatanodeService (HddsDatanodeService.java:start(236)) - HddsDatanodeService host:fv-az204-107.tdy0fjcc0bpubcu1xr20co1pbf.dx.internal.cloudapp.net ip:10.1.1.113
2022-10-15 07:44:30,624 [org.apache.hadoop.util.JvmPauseMonitor$Monitor@3387dce7] INFO  util.JvmPauseMonitor (JvmPauseMonitor.java:run(188)) - Starting JVM pause monitor
2022-10-15 07:44:30,629 [Datanode State Machine Task Thread - 0] INFO  datanode.InitDatanodeState (InitDatanodeState.java:persistContainerDatanodeDetails(138)) - DatanodeDetails is persisted to /home/runner/work/ozone/ozone/hadoop-ozone/integration-test/target/test-dir/MiniOzoneClusterImpl-0c55ea5e-da39-43b3-be52-3d6e56a90e90/datanode-0/meta/datanode.id
2022-10-15 07:44:30,664 [IPC Server handler 2 on default port 40471] INFO  node.NodeDecommissionManager (NodeDecommissionManager.java:startMaintenance(361)) - Starting Maintenance for node bef1a67a-597f-44ca-bb4b-ee4a6fc04327{ip: 10.1.1.113, host: fv-az204-107.tdy0fjcc0bpubcu1xr20co1pbf.dx.internal.cloudapp.net, ports: [REPLICATION=46791, RATIS=40411, RATIS_ADMIN=40411, RATIS_SERVER=40411, STANDALONE=40845], networkLocation: /default-rack, certSerialId: null, persistedOpState: IN_SERVICE, persistedOpStateExpiryEpochSec: 0}
2022-10-15 07:44:30,664 [DatanodeAdminManager-0] INFO  node.DatanodeAdminMonitorImpl (DatanodeAdminMonitorImpl.java:checkPipelinesClosedOnNode(279)) - Waiting for pipelines to close for bef1a67a-597f-44ca-bb4b-ee4a6fc04327{ip: 10.1.1.113, host: fv-az204-107.tdy0fjcc0bpubcu1xr20co1pbf.dx.internal.cloudapp.net, ports: [REPLICATION=46791, RATIS=40411, RATIS_ADMIN=40411, RATIS_SERVER=40411, STANDALONE=40845], networkLocation: /default-rack, certSerialId: null, persistedOpState: IN_SERVICE, persistedOpStateExpiryEpochSec: 0}. There are 2 pipelines
2022-10-15 07:44:30,664 [DatanodeAdminManager-0] INFO  node.DatanodeAdminMonitorImpl (DatanodeAdminMonitorImpl.java:run(148)) - There are 1 nodes tracked for decommission and maintenance. 0 pending nodes.
2022-10-15 07:44:30,664 [EventQueue-StartAdminOnNodeForStartDatanodeAdminHandler] INFO  node.StartDatanodeAdminHandler (StartDatanodeAdminHandler.java:onMessage(57)) - Admin start on datanode bef1a67a-597f-44ca-bb4b-ee4a6fc04327{ip: 10.1.1.113, host: fv-az204-107.tdy0fjcc0bpubcu1xr20co1pbf.dx.internal.cloudapp.net, ports: [REPLICATION=46791, RATIS=40411, RATIS_ADMIN=40411, RATIS_SERVER=40411, STANDALONE=40845], networkLocation: /default-rack, certSerialId: null, persistedOpState: IN_SERVICE, persistedOpStateExpiryEpochSec: 0}. Finalizing its pipelines [PipelineID=a8c168c9-4d1c-4acc-84ee-48ccb1284442, PipelineID=8430be6d-9dd6-4a80-84f3-f2d9aa1a3b17]
2022-10-15 07:44:30,665 [Listener at 127.0.0.1/40173] INFO  upgrade.AbstractLayoutVersionManager (AbstractLayoutVersionManager.java:init(83)) - Initializing Layout version manager with metadata layout = DATANODE_SCHEMA_V3 (version = 4), software layout = DATANODE_SCHEMA_V3 (version = 4)
2022-10-15 07:44:30,665 [EventQueue-StartAdminOnNodeForStartDatanodeAdminHandler] INFO  pipeline.PipelineManagerImpl (PipelineManagerImpl.java:closeContainersForPipeline(421)) - Container #1 closed for pipeline=PipelineID=a8c168c9-4d1c-4acc-84ee-48ccb1284442
2022-10-15 07:44:30,665 [EventQueue-StartAdminOnNodeForStartDatanodeAdminHandler] INFO  pipeline.PipelineManagerImpl (PipelineManagerImpl.java:closeContainersForPipeline(421)) - Container #2 closed for pipeline=PipelineID=a8c168c9-4d1c-4acc-84ee-48ccb1284442
2022-10-15 07:44:30,665 [EventQueue-StartAdminOnNodeForStartDatanodeAdminHandler] INFO  pipeline.PipelineManagerImpl (PipelineManagerImpl.java:closeContainersForPipeline(421)) - Container #3 closed for pipeline=PipelineID=a8c168c9-4d1c-4acc-84ee-48ccb1284442
2022-10-15 07:44:30,666 [EventQueue-StartAdminOnNodeForStartDatanodeAdminHandler] INFO  pipeline.PipelineManagerImpl (PipelineManagerImpl.java:closePipeline(442)) - Pipeline Pipeline[ Id: a8c168c9-4d1c-4acc-84ee-48ccb1284442, Nodes: bef1a67a-597f-44ca-bb4b-ee4a6fc04327{ip: 10.1.1.113, host: fv-az204-107.tdy0fjcc0bpubcu1xr20co1pbf.dx.internal.cloudapp.net, ports: [REPLICATION=46791, RATIS=40411, RATIS_ADMIN=40411, RATIS_SERVER=40411, STANDALONE=40845], networkLocation: /default-rack, certSerialId: null, persistedOpState: IN_SERVICE, persistedOpStateExpiryEpochSec: 0}35429393-00b4-4ffa-a437-723b6b48652e{ip: 10.1.1.113, host: fv-az204-107.tdy0fjcc0bpubcu1xr20co1pbf.dx.internal.cloudapp.net, ports: [REPLICATION=33503, RATIS=40931, RATIS_ADMIN=40931, RATIS_SERVER=40931, STANDALONE=34035], networkLocation: /default-rack, certSerialId: null, persistedOpState: IN_SERVICE, persistedOpStateExpiryEpochSec: 0}a759a49b-3cd3-49e9-826c-16e7b00ba8b7{ip: 10.1.1.113, host: fv-az204-107.tdy0fjcc0bpubcu1xr20co1pbf.dx.internal.cloudapp.net, ports: [REPLICATION=34531, RATIS=42469, RATIS_ADMIN=42469, RATIS_SERVER=42469, STANDALONE=44149], networkLocation: /default-rack, certSerialId: null, persistedOpState: IN_SERVICE, persistedOpStateExpiryEpochSec: 0}, ReplicationConfig: RATIS/THREE, State:OPEN, leaderId:35429393-00b4-4ffa-a437-723b6b48652e, CreationTimestamp2022-10-15T07:43:19.494Z[Etc/UTC]] moved to CLOSED state
2022-10-15 07:44:30,666 [EventQueue-StartAdminOnNodeForStartDatanodeAdminHandler] INFO  pipeline.RatisPipelineProvider (RatisPipelineProvider.java:lambda$close$1(244)) - Send pipeline:PipelineID=a8c168c9-4d1c-4acc-84ee-48ccb1284442 close command to datanode bef1a67a-597f-44ca-bb4b-ee4a6fc04327
2022-10-15 07:44:30,666 [EventQueue-StartAdminOnNodeForStartDatanodeAdminHandler] INFO  pipeline.RatisPipelineProvider (RatisPipelineProvider.java:lambda$close$1(244)) - Send pipeline:PipelineID=a8c168c9-4d1c-4acc-84ee-48ccb1284442 close command to datanode 35429393-00b4-4ffa-a437-723b6b48652e
2022-10-15 07:44:30,666 [EventQueue-StartAdminOnNodeForStartDatanodeAdminHandler] INFO  pipeline.RatisPipelineProvider (RatisPipelineProvider.java:lambda$close$1(244)) - Send pipeline:PipelineID=a8c168c9-4d1c-4acc-84ee-48ccb1284442 close command to datanode a759a49b-3cd3-49e9-826c-16e7b00ba8b7
2022-10-15 07:44:30,666 [EventQueue-CloseContainerForCloseContainerEventHandler] INFO  container.CloseContainerEventHandler (CloseContainerEventHandler.java:onMessage(71)) - Close container Event triggered for container : #1
2022-10-15 07:44:30,669 [EventQueue-HealthyReadonlyToHealthyNodeForReadOnlyHealthyToHealthyNodeHandler] INFO  node.ReadOnlyHealthyToHealthyNodeHandler (ReadOnlyHealthyToHealthyNodeHandler.java:onMessage(51)) - Datanode bef1a67a-597f-44ca-bb4b-ee4a6fc04327{ip: 10.1.1.113, host: fv-az204-107.tdy0fjcc0bpubcu1xr20co1pbf.dx.internal.cloudapp.net, ports: [REPLICATION=46791, RATIS=40411, RATIS_ADMIN=40411, RATIS_SERVER=40411, STANDALONE=40845], networkLocation: /default-rack, certSerialId: null, persistedOpState: IN_SERVICE, persistedOpStateExpiryEpochSec: 0} moved to HEALTHY state.
2022-10-15 07:44:30,670 [EventQueue-HealthyReadonlyToHealthyNodeForReadOnlyHealthyToHealthyNodeHandler] INFO  pipeline.BackgroundPipelineCreator (BackgroundPipelineCreator.java:notifyEventTriggered(276)) - trigger a one-shot run on RatisPipelineUtilsThread.
2022-10-15 07:44:30,670 [EventQueue-StartAdminOnNodeForStartDatanodeAdminHandler] INFO  pipeline.PipelineStateManagerImpl (PipelineStateManagerImpl.java:removePipeline(245)) - Pipeline Pipeline[ Id: a8c168c9-4d1c-4acc-84ee-48ccb1284442, Nodes: bef1a67a-597f-44ca-bb4b-ee4a6fc04327{ip: 10.1.1.113, host: fv-az204-107.tdy0fjcc0bpubcu1xr20co1pbf.dx.internal.cloudapp.net, ports: [REPLICATION=46791, RATIS=40411, RATIS_ADMIN=40411, RATIS_SERVER=40411, STANDALONE=40845], networkLocation: /default-rack, certSerialId: null, persistedOpState: IN_SERVICE, persistedOpStateExpiryEpochSec: 0}35429393-00b4-4ffa-a437-723b6b48652e{ip: 10.1.1.113, host: fv-az204-107.tdy0fjcc0bpubcu1xr20co1pbf.dx.internal.cloudapp.net, ports: [REPLICATION=33503, RATIS=40931, RATIS_ADMIN=40931, RATIS_SERVER=40931, STANDALONE=34035], networkLocation: /default-rack, certSerialId: null, persistedOpState: IN_SERVICE, persistedOpStateExpiryEpochSec: 0}a759a49b-3cd3-49e9-826c-16e7b00ba8b7{ip: 10.1.1.113, host: fv-az204-107.tdy0fjcc0bpubcu1xr20co1pbf.dx.internal.cloudapp.net, ports: [REPLICATION=34531, RATIS=42469, RATIS_ADMIN=42469, RATIS_SERVER=42469, STANDALONE=44149], networkLocation: /default-rack, certSerialId: null, persistedOpState: IN_SERVICE, persistedOpStateExpiryEpochSec: 0}, ReplicationConfig: RATIS/THREE, State:CLOSED, leaderId:35429393-00b4-4ffa-a437-723b6b48652e, CreationTimestamp2022-10-15T07:43:19.494Z[Etc/UTC]] removed.
2022-10-15 07:44:30,670 [EventQueue-StartAdminOnNodeForStartDatanodeAdminHandler] INFO  pipeline.PipelineManagerImpl (PipelineManagerImpl.java:closePipeline(442)) - Pipeline Pipeline[ Id: 8430be6d-9dd6-4a80-84f3-f2d9aa1a3b17, Nodes: bef1a67a-597f-44ca-bb4b-ee4a6fc04327{ip: 10.1.1.113, host: fv-az204-107.tdy0fjcc0bpubcu1xr20co1pbf.dx.internal.cloudapp.net, ports: [REPLICATION=46791, RATIS=40411, RATIS_ADMIN=40411, RATIS_SERVER=40411, STANDALONE=40845], networkLocation: /default-rack, certSerialId: null, persistedOpState: IN_SERVICE, persistedOpStateExpiryEpochSec: 0}, ReplicationConfig: RATIS/ONE, State:OPEN, leaderId:bef1a67a-597f-44ca-bb4b-ee4a6fc04327, CreationTimestamp2022-10-15T07:43:18.238Z[Etc/UTC]] moved to CLOSED state
2022-10-15 07:44:30,670 [EventQueue-StartAdminOnNodeForStartDatanodeAdminHandler] INFO  pipeline.RatisPipelineProvider (RatisPipelineProvider.java:lambda$close$1(244)) - Send pipeline:PipelineID=8430be6d-9dd6-4a80-84f3-f2d9aa1a3b17 close command to datanode bef1a67a-597f-44ca-bb4b-ee4a6fc04327
2022-10-15 07:44:30,670 [EventQueue-StartAdminOnNodeForStartDatanodeAdminHandler] INFO  pipeline.PipelineStateManagerImpl (PipelineStateManagerImpl.java:removePipeline(245)) - Pipeline Pipeline[ Id: 8430be6d-9dd6-4a80-84f3-f2d9aa1a3b17, Nodes: bef1a67a-597f-44ca-bb4b-ee4a6fc04327{ip: 10.1.1.113, host: fv-az204-107.tdy0fjcc0bpubcu1xr20co1pbf.dx.internal.cloudapp.net, ports: [REPLICATION=46791, RATIS=40411, RATIS_ADMIN=40411, RATIS_SERVER=40411, STANDALONE=40845], networkLocation: /default-rack, certSerialId: null, persistedOpState: IN_SERVICE, persistedOpStateExpiryEpochSec: 0}, ReplicationConfig: RATIS/ONE, State:CLOSED, leaderId:bef1a67a-597f-44ca-bb4b-ee4a6fc04327, CreationTimestamp2022-10-15T07:43:18.238Z[Etc/UTC]] removed.
2022-10-15 07:44:30,670 [EventQueue-CloseContainerForCloseContainerEventHandler] INFO  container.CloseContainerEventHandler (CloseContainerEventHandler.java:onMessage(71)) - Close container Event triggered for container : #2
2022-10-15 07:44:30,671 [EventQueue-CloseContainerForCloseContainerEventHandler] INFO  container.CloseContainerEventHandler (CloseContainerEventHandler.java:onMessage(71)) - Close container Event triggered for container : #3
2022-10-15 07:44:30,675 [RatisPipelineUtilsThread - 0] INFO  pipeline.RatisPipelineProvider (RatisPipelineProvider.java:lambda$create$0(195)) - Sending CreatePipelineCommand for pipeline:PipelineID=985643bb-5e60-4c80-a800-8c1de3c4b685 to datanode:2807d27e-eacf-4ef9-9ccd-2d34dc032c62
2022-10-15 07:44:30,675 [RatisPipelineUtilsThread - 0] INFO  pipeline.RatisPipelineProvider (RatisPipelineProvider.java:lambda$create$0(195)) - Sending CreatePipelineCommand for pipeline:PipelineID=985643bb-5e60-4c80-a800-8c1de3c4b685 to datanode:a759a49b-3cd3-49e9-826c-16e7b00ba8b7
2022-10-15 07:44:30,675 [RatisPipelineUtilsThread - 0] INFO  pipeline.RatisPipelineProvider (RatisPipelineProvider.java:lambda$create$0(195)) - Sending CreatePipelineCommand for pipeline:PipelineID=985643bb-5e60-4c80-a800-8c1de3c4b685 to datanode:35429393-00b4-4ffa-a437-723b6b48652e
2022-10-15 07:44:30,675 [RatisPipelineUtilsThread - 0] INFO  pipeline.PipelineStateManagerImpl (PipelineStateManagerImpl.java:addPipeline(103)) - Created pipeline Pipeline[ Id: 985643bb-5e60-4c80-a800-8c1de3c4b685, Nodes: 2807d27e-eacf-4ef9-9ccd-2d34dc032c62{ip: 10.1.1.113, host: fv-az204-107.tdy0fjcc0bpubcu1xr20co1pbf.dx.internal.cloudapp.net, ports: [REPLICATION=43483, RATIS=39475, RATIS_ADMIN=39475, RATIS_SERVER=39475, STANDALONE=41617], networkLocation: /default-rack, certSerialId: null, persistedOpState: IN_SERVICE, persistedOpStateExpiryEpochSec: 0}a759a49b-3cd3-49e9-826c-16e7b00ba8b7{ip: 10.1.1.113, host: fv-az204-107.tdy0fjcc0bpubcu1xr20co1pbf.dx.internal.cloudapp.net, ports: [REPLICATION=34531, RATIS=42469, RATIS_ADMIN=42469, RATIS_SERVER=42469, STANDALONE=44149], networkLocation: /default-rack, certSerialId: null, persistedOpState: IN_SERVICE, persistedOpStateExpiryEpochSec: 0}35429393-00b4-4ffa-a437-723b6b48652e{ip: 10.1.1.113, host: fv-az204-107.tdy0fjcc0bpubcu1xr20co1pbf.dx.internal.cloudapp.net, ports: [REPLICATION=33503, RATIS=40931, RATIS_ADMIN=40931, RATIS_SERVER=40931, STANDALONE=34035], networkLocation: /default-rack, certSerialId: null, persistedOpState: IN_SERVICE, persistedOpStateExpiryEpochSec: 0}, ReplicationConfig: RATIS/THREE, State:ALLOCATED, leaderId:, CreationTimestamp2022-10-15T07:44:30.675Z[Etc/UTC]].
2022-10-15 07:44:30,709 [om1@group-C5BA1605619E-FollowerState] INFO  impl.FollowerState (FollowerState.java:run(143)) - om1@group-C5BA1605619E-FollowerState: change to CANDIDATE, lastRpcElapsedTime:1213301928ns, electionTimeout:1179ms
2022-10-15 07:44:30,710 [om1@group-C5BA1605619E-FollowerState] INFO  impl.RoleInfo (RoleInfo.java:shutdownFollowerState(110)) - om1: shutdown om1@group-C5BA1605619E-FollowerState
2022-10-15 07:44:30,710 [om1@group-C5BA1605619E-FollowerState] INFO  server.RaftServer$Division (RaftServerImpl.java:setRole(299)) - om1@group-C5BA1605619E: changes role from  FOLLOWER to CANDIDATE at term 0 for changeToCandidate
2022-10-15 07:44:30,710 [om1@group-C5BA1605619E-FollowerState] INFO  server.RaftServerConfigKeys (ConfUtils.java:logGet(46)) - raft.server.leaderelection.pre-vote = false (custom)
2022-10-15 07:44:30,710 [om1@group-C5BA1605619E-FollowerState] INFO  impl.RoleInfo (RoleInfo.java:updateAndGet(139)) - om1: start om1@group-C5BA1605619E-LeaderElection112
2022-10-15 07:44:30,732 [om1@group-C5BA1605619E-LeaderElection112] INFO  impl.LeaderElection (LeaderElection.java:askForVotes(310)) - om1@group-C5BA1605619E-LeaderElection112 ELECTION round 0: submit vote requests at term 1 for -1: [om1|rpc:localhost:33483|priority:0], old=null
2022-10-15 07:44:30,732 [om1@group-C5BA1605619E-LeaderElection112] INFO  impl.LeaderElection (LeaderElection.java:askForVotes(312)) - om1@group-C5BA1605619E-LeaderElection112 ELECTION round 0: result PASSED (term=1)
2022-10-15 07:44:30,732 [om1@group-C5BA1605619E-LeaderElection112] INFO  impl.RoleInfo (RoleInfo.java:shutdownLeaderElection(130)) - om1: shutdown om1@group-C5BA1605619E-LeaderElection112
2022-10-15 07:44:30,732 [om1@group-C5BA1605619E-LeaderElection112] INFO  server.RaftServer$Division (RaftServerImpl.java:setRole(299)) - om1@group-C5BA1605619E: changes role from CANDIDATE to LEADER at term 1 for changeToLeader
2022-10-15 07:44:30,732 [om1@group-C5BA1605619E-LeaderElection112] INFO  server.RaftServer$Division (ServerState.java:setLeader(287)) - om1@group-C5BA1605619E: change Leader from null to om1 at term 1 for becomeLeader, leader elected after 2436ms
2022-10-15 07:44:30,732 [om1@group-C5BA1605619E-LeaderElection112] INFO  server.RaftServerConfigKeys (ConfUtils.java:logGet(46)) - raft.server.staging.catchup.gap = 1000 (default)
2022-10-15 07:44:30,733 [om1@group-C5BA1605619E-LeaderElection112] INFO  server.RaftServerConfigKeys (ConfUtils.java:logGet(46)) - raft.server.write.element-limit = 4096 (default)
2022-10-15 07:44:30,733 [om1@group-C5BA1605619E-LeaderElection112] INFO  server.RaftServerConfigKeys (ConfUtils.java:logGet(46)) - raft.server.write.byte-limit = 64MB (=67108864) (default)
2022-10-15 07:44:30,733 [om1@group-C5BA1605619E-LeaderElection112] INFO  server.RaftServerConfigKeys (ConfUtils.java:logGet(46)) - raft.server.watch.timeout = 10s (default)
2022-10-15 07:44:30,733 [om1@group-C5BA1605619E-LeaderElection112] INFO  server.RaftServerConfigKeys (ConfUtils.java:logGet(46)) - raft.server.watch.timeout.denomination = 1s (default)
2022-10-15 07:44:30,734 [om1@group-C5BA1605619E-LeaderElection112] INFO  server.RaftServerConfigKeys (ConfUtils.java:logGet(46)) - raft.server.watch.element-limit = 65536 (default)
2022-10-15 07:44:30,734 [om1@group-C5BA1605619E-LeaderElection112] INFO  server.RaftServerConfigKeys (ConfUtils.java:logGet(46)) - raft.server.write.element-limit = 4096 (default)
2022-10-15 07:44:30,734 [om1@group-C5BA1605619E-LeaderElection112] INFO  server.RaftServerConfigKeys (ConfUtils.java:logGet(46)) - raft.server.write.follower.gap.ratio.max = -1.0 (default)
2022-10-15 07:44:30,734 [om1@group-C5BA1605619E-LeaderElection112] INFO  impl.RoleInfo (RoleInfo.java:updateAndGet(139)) - om1: start om1@group-C5BA1605619E-LeaderStateImpl
2022-10-15 07:44:30,734 [om1@group-C5BA1605619E-LeaderElection112] INFO  segmented.SegmentedRaftLogWorker (SegmentedRaftLogWorker.java:startLogSegment(425)) - om1@group-C5BA1605619E-SegmentedRaftLogWorker: Starting segment from index:0
2022-10-15 07:44:30,746 [om1@group-C5BA1605619E-LeaderElection112] INFO  server.RaftServer$Division (ServerState.java:setRaftConf(393)) - om1@group-C5BA1605619E: set configuration 0: [om1|rpc:localhost:33483|admin:|client:|dataStream:|priority:0], old=null
2022-10-15 07:44:30,746 [om1@group-C5BA1605619E-SegmentedRaftLogWorker] INFO  segmented.SegmentedRaftLogWorker (SegmentedRaftLogWorker.java:execute(629)) - om1@group-C5BA1605619E-SegmentedRaftLogWorker: created new log segment /home/runner/work/ozone/ozone/hadoop-ozone/integration-test/target/test-dir/MiniOzoneClusterImpl-0c55ea5e-da39-43b3-be52-3d6e56a90e90/ozone-meta/ratis/bf265839-605b-3f16-9796-c5ba1605619e/current/log_inprogress_0
2022-10-15 07:44:30,751 [om1@group-C5BA1605619E-StateMachineUpdater] INFO  ratis.OzoneManagerStateMachine (OzoneManagerStateMachine.java:notifyConfigurationChanged(192)) - Received Configuration change notification from Ratis. New Peer list:
[id: "om1"
address: "localhost:33483"
]
2022-10-15 07:44:30,782 [Listener at 127.0.0.1/40173] INFO  reflections.Reflections (Reflections.java:scan(232)) - Reflections took 116 ms to scan 7 urls, producing 137 keys and 328 values 
2022-10-15 07:44:30,794 [Listener at 127.0.0.1/40173] INFO  statemachine.DatanodeStateMachine (DatanodeStateMachine.java:getEndPointTaskThreadPoolSize(237)) - Datanode State Machine Task Thread Pool size 2
2022-10-15 07:44:30,798 [Listener at 127.0.0.1/40173] INFO  volume.HddsVolume (HddsVolume.java:<init>(117)) - Creating HddsVolume: /home/runner/work/ozone/ozone/hadoop-ozone/integration-test/target/test-dir/MiniOzoneClusterImpl-0c55ea5e-da39-43b3-be52-3d6e56a90e90/datanode-1/data-0/containers/hdds of storage type : DISK capacity : 9223372036854775807
2022-10-15 07:44:30,798 [Listener at 127.0.0.1/40173] INFO  volume.MutableVolumeSet (MutableVolumeSet.java:initializeVolumeSet(174)) - Added Volume : /home/runner/work/ozone/ozone/hadoop-ozone/integration-test/target/test-dir/MiniOzoneClusterImpl-0c55ea5e-da39-43b3-be52-3d6e56a90e90/datanode-1/data-0/containers/hdds to VolumeSet
2022-10-15 07:44:30,798 [Listener at 127.0.0.1/40173] INFO  volume.ThrottledAsyncChecker (ThrottledAsyncChecker.java:schedule(141)) - Scheduling a check for /home/runner/work/ozone/ozone/hadoop-ozone/integration-test/target/test-dir/MiniOzoneClusterImpl-0c55ea5e-da39-43b3-be52-3d6e56a90e90/datanode-1/data-0/containers/hdds
2022-10-15 07:44:30,811 [Listener at 127.0.0.1/40173] INFO  volume.StorageVolumeChecker (StorageVolumeChecker.java:checkAllVolumes(202)) - Scheduled health check for volume /home/runner/work/ozone/ozone/hadoop-ozone/integration-test/target/test-dir/MiniOzoneClusterImpl-0c55ea5e-da39-43b3-be52-3d6e56a90e90/datanode-1/data-0/containers/hdds
2022-10-15 07:44:30,829 [Listener at 127.0.0.1/40173] INFO  volume.MutableVolumeSet (MutableVolumeSet.java:initializeVolumeSet(174)) - Added Volume : /home/runner/work/ozone/ozone/hadoop-ozone/integration-test/target/test-dir/MiniOzoneClusterImpl-0c55ea5e-da39-43b3-be52-3d6e56a90e90/datanode-1/data/ratis to VolumeSet
2022-10-15 07:44:30,829 [Listener at 127.0.0.1/40173] INFO  volume.ThrottledAsyncChecker (ThrottledAsyncChecker.java:schedule(141)) - Scheduling a check for /home/runner/work/ozone/ozone/hadoop-ozone/integration-test/target/test-dir/MiniOzoneClusterImpl-0c55ea5e-da39-43b3-be52-3d6e56a90e90/datanode-1/data/ratis
2022-10-15 07:44:30,829 [Listener at 127.0.0.1/40173] INFO  volume.StorageVolumeChecker (StorageVolumeChecker.java:checkAllVolumes(202)) - Scheduled health check for volume /home/runner/work/ozone/ozone/hadoop-ozone/integration-test/target/test-dir/MiniOzoneClusterImpl-0c55ea5e-da39-43b3-be52-3d6e56a90e90/datanode-1/data/ratis
2022-10-15 07:44:30,852 [Thread-3989] INFO  ozoneimpl.ContainerReader (ContainerReader.java:readVolume(175)) - Finish verifying containers on volume /home/runner/work/ozone/ozone/hadoop-ozone/integration-test/target/test-dir/MiniOzoneClusterImpl-0c55ea5e-da39-43b3-be52-3d6e56a90e90/datanode-1/data-0/containers/hdds
2022-10-15 07:44:30,852 [Listener at 127.0.0.1/40173] INFO  ozoneimpl.OzoneContainer (OzoneContainer.java:buildContainerSet(300)) - Build ContainerSet costs 0s
2022-10-15 07:44:30,853 [Listener at 127.0.0.1/40173] INFO  server.RaftServer (ConfUtils.java:logGet(46)) - raft.rpc.type = GRPC (default)
2022-10-15 07:44:30,853 [Listener at 127.0.0.1/40173] INFO  grpc.GrpcFactory (GrpcFactory.java:checkPooledByteBufAllocatorUseCacheForAllThreads(48)) - PERFORMANCE WARNING: useCacheForAllThreads is true that may cause Netty to create a lot garbage objects and, as a result, trigger GC.
	It is recommended to disable useCacheForAllThreads by setting -Dorg.apache.ratis.thirdparty.io.netty.allocator.useCacheForAllThreads=false in command line.
2022-10-15 07:44:30,853 [Listener at 127.0.0.1/40173] INFO  grpc.GrpcConfigKeys (ConfUtils.java:logGet(46)) - raft.grpc.admin.port = 0 (custom)
2022-10-15 07:44:30,853 [Listener at 127.0.0.1/40173] INFO  grpc.GrpcConfigKeys (ConfUtils.java:logGet(46)) - raft.grpc.client.port = 0 (custom)
2022-10-15 07:44:30,854 [Listener at 127.0.0.1/40173] INFO  grpc.GrpcConfigKeys (ConfUtils.java:logGet(46)) - raft.grpc.server.port = 0 (default)
2022-10-15 07:44:30,854 [Listener at 127.0.0.1/40173] INFO  server.GrpcService (ConfUtils.java:logGet(46)) - raft.grpc.message.size.max = 32MB (=33554432) (custom)
2022-10-15 07:44:30,854 [Listener at 127.0.0.1/40173] INFO  server.RaftServerConfigKeys (ConfUtils.java:logGet(46)) - raft.server.log.appender.buffer.byte-limit = 33554432 (custom)
2022-10-15 07:44:30,854 [Listener at 127.0.0.1/40173] INFO  server.GrpcService (ConfUtils.java:logGet(46)) - raft.grpc.flow.control.window = 5MB (=5242880) (custom)
2022-10-15 07:44:30,854 [Listener at 127.0.0.1/40173] INFO  server.RaftServerConfigKeys (ConfUtils.java:logGet(46)) - raft.server.rpc.request.timeout = 60s (custom)
2022-10-15 07:44:30,854 [Listener at 127.0.0.1/40173] INFO  grpc.GrpcConfigKeys (ConfUtils.java:logGet(46)) - raft.grpc.server.async.request.thread.pool.cached = true (default)
2022-10-15 07:44:30,854 [Listener at 127.0.0.1/40173] INFO  grpc.GrpcConfigKeys (ConfUtils.java:logGet(46)) - raft.grpc.server.async.request.thread.pool.size = 32 (default)
2022-10-15 07:44:30,855 [Listener at 127.0.0.1/40173] INFO  impl.DataStreamServerImpl (ConfUtils.java:logGet(46)) - raft.datastream.type = DISABLED (default)
2022-10-15 07:44:30,855 [Listener at 127.0.0.1/40173] INFO  server.RaftServerConfigKeys (ConfUtils.java:logGet(46)) - raft.server.threadpool.proxy.cached = true (default)
2022-10-15 07:44:30,855 [Listener at 127.0.0.1/40173] INFO  server.RaftServerConfigKeys (ConfUtils.java:logGet(46)) - raft.server.threadpool.proxy.size = 0 (default)
2022-10-15 07:44:30,855 [Listener at 127.0.0.1/40173] INFO  server.RaftServerConfigKeys (ConfUtils.java:logGet(46)) - raft.server.rpc.slowness.timeout = 300s (custom)
2022-10-15 07:44:30,855 [Listener at 127.0.0.1/40173] INFO  server.RaftServerConfigKeys (ConfUtils.java:logGet(46)) - raft.server.leaderelection.leader.step-down.wait-time = 10s (default)
2022-10-15 07:44:30,855 [Listener at 127.0.0.1/40173] INFO  server.RaftServerConfigKeys (ConfUtils.java:logGet(46)) - raft.server.storage.dir = [/home/runner/work/ozone/ozone/hadoop-ozone/integration-test/target/test-dir/MiniOzoneClusterImpl-0c55ea5e-da39-43b3-be52-3d6e56a90e90/datanode-1/data/ratis] (custom)
2022-10-15 07:44:30,862 [Listener at 127.0.0.1/40173] INFO  server.XceiverServerGrpc (XceiverServerGrpc.java:<init>(132)) - GrpcServer channel type EpollServerSocketChannel
2022-10-15 07:44:30,871 [Listener at 127.0.0.1/40173] INFO  http.BaseHttpServer (BaseHttpServer.java:newHttpServer2BuilderForOzone(213)) - Starting Web-server for hddsDatanode at: http://0.0.0.0:0
2022-10-15 07:44:30,871 [Listener at 127.0.0.1/40173] INFO  http.BaseHttpServer (BaseHttpServer.java:<init>(108)) - Hadoop Security Enabled: false Ozone Security Enabled: false Ozone HTTP Security Enabled: false 
2022-10-15 07:44:30,872 [Listener at 127.0.0.1/40173] WARN  server.AuthenticationFilter (AuthenticationFilter.java:constructSecretProvider(240)) - Unable to initialize FileSignerSecretProvider, falling back to use random secrets. Reason: Could not read signature secret file: /home/runner/hadoop-http-auth-signature-secret
2022-10-15 07:44:30,878 [Listener at 127.0.0.1/40173] WARN  http.HttpRequestLog (HttpRequestLog.java:getRequestLog(103)) - Jetty request log can only be enabled using Log4j
2022-10-15 07:44:30,882 [Listener at 127.0.0.1/40173] INFO  http.HttpServer2 (HttpServer2.java:addGlobalFilter(1031)) - Added global filter 'safety' (class=org.apache.hadoop.hdds.server.http.HttpServer2$QuotingInputFilter)
2022-10-15 07:44:30,884 [Listener at 127.0.0.1/40173] INFO  http.HttpServer2 (HttpServer2.java:addFilter(1007)) - Added filter static_user_filter (class=org.apache.hadoop.http.lib.StaticUserWebFilter$StaticUserFilter) to context hddsDatanode
2022-10-15 07:44:30,884 [Listener at 127.0.0.1/40173] INFO  http.HttpServer2 (HttpServer2.java:addFilter(1015)) - Added filter static_user_filter (class=org.apache.hadoop.http.lib.StaticUserWebFilter$StaticUserFilter) to context logs
2022-10-15 07:44:30,884 [Listener at 127.0.0.1/40173] INFO  http.HttpServer2 (HttpServer2.java:addFilter(1015)) - Added filter static_user_filter (class=org.apache.hadoop.http.lib.StaticUserWebFilter$StaticUserFilter) to context static
2022-10-15 07:44:30,885 [Listener at 127.0.0.1/40173] INFO  http.HttpServer2 (HttpServer2.java:bindListener(1250)) - Jetty bound to port 36555
2022-10-15 07:44:30,885 [Listener at 127.0.0.1/40173] INFO  server.Server (Server.java:doStart(375)) - jetty-9.4.43.v20210629; built: 2021-06-30T11:07:22.254Z; git: 526006ecfa3af7f1a27ef3a288e2bef7ea9dd7e8; jvm 1.8.0_345-b01
2022-10-15 07:44:30,890 [Listener at 127.0.0.1/40173] INFO  server.session (DefaultSessionIdManager.java:doStart(334)) - DefaultSessionIdManager workerName=node0
2022-10-15 07:44:30,890 [Listener at 127.0.0.1/40173] INFO  server.session (DefaultSessionIdManager.java:doStart(339)) - No SessionScavenger set, using defaults
2022-10-15 07:44:30,890 [Listener at 127.0.0.1/40173] INFO  server.session (HouseKeeper.java:startScavenging(132)) - node0 Scavenging every 660000ms
2022-10-15 07:44:30,890 [Listener at 127.0.0.1/40173] INFO  handler.ContextHandler (ContextHandler.java:doStart(915)) - Started o.e.j.s.ServletContextHandler@45622af2{logs,/logs,file:///home/runner/work/ozone/ozone/hadoop-ozone/integration-test/target/log,AVAILABLE}
2022-10-15 07:44:30,891 [Listener at 127.0.0.1/40173] INFO  handler.ContextHandler (ContextHandler.java:doStart(915)) - Started o.e.j.s.ServletContextHandler@68a3cea{static,/static,jar:file:/home/runner/.m2/repository/org/apache/ozone/hdds-container-service/1.3.0-SNAPSHOT/hdds-container-service-1.3.0-SNAPSHOT.jar!/webapps/static,AVAILABLE}
2022-10-15 07:44:31,014 [IPC Server handler 5 on default port 42971] INFO  node.SCMNodeManager (SCMNodeManager.java:updateDatanodeOpState(545)) - Scheduling a command to update the operationalState persisted on bef1a67a-597f-44ca-bb4b-ee4a6fc04327{ip: 10.1.1.113, host: fv-az204-107.tdy0fjcc0bpubcu1xr20co1pbf.dx.internal.cloudapp.net, ports: [REPLICATION=46791, RATIS=40411, RATIS_ADMIN=40411, RATIS_SERVER=40411, STANDALONE=40845], networkLocation: /default-rack, certSerialId: null, persistedOpState: null, persistedOpStateExpiryEpochSec: 0} as the reported value does not match the value stored in SCM (ENTERING_MAINTENANCE, 0)
2022-10-15 07:44:31,018 [grpc-default-executor-7] WARN  server.GrpcLogAppender (LogUtils.java:warn(122)) - 1a927d95-9689-4ae2-94aa-466101e25ef1@group-186442F10DA6->fdcf0f8e-cf64-44a3-bed5-f94c24ef391f-AppendLogResponseHandler: Failed appendEntries: org.apache.ratis.thirdparty.io.grpc.StatusRuntimeException: UNAVAILABLE: io exception
2022-10-15 07:44:31,019 [grpc-default-executor-7] WARN  server.GrpcLogAppender (GrpcLogAppender.java:resetClient(111)) - 1a927d95-9689-4ae2-94aa-466101e25ef1@group-186442F10DA6->fdcf0f8e-cf64-44a3-bed5-f94c24ef391f-GrpcLogAppender: Leader has not got in touch with Follower 1a927d95-9689-4ae2-94aa-466101e25ef1@group-186442F10DA6->fdcf0f8e-cf64-44a3-bed5-f94c24ef391f(c-1,m0,n1, attendVote=true, lastRpcSendTime=1256, lastRpcResponseTime=5017) yet, just keep nextIndex unchanged and retry.
2022-10-15 07:44:31,082 [Listener at 127.0.0.1/40173] INFO  handler.ContextHandler (ContextHandler.java:doStart(915)) - Started o.e.j.w.WebAppContext@31099b12{hddsDatanode,/,file:///tmp/jetty-0_0_0_0-36555-hdds-container-service-1_3_0-SNAPSHOT_jar-_-any-7037720138690231931/webapp/,AVAILABLE}{jar:file:/home/runner/.m2/repository/org/apache/ozone/hdds-container-service/1.3.0-SNAPSHOT/hdds-container-service-1.3.0-SNAPSHOT.jar!/webapps/hddsDatanode}
2022-10-15 07:44:31,086 [Listener at 127.0.0.1/40173] INFO  server.AbstractConnector (AbstractConnector.java:doStart(331)) - Started ServerConnector@15da161{HTTP/1.1, (http/1.1)}{0.0.0.0:36555}
2022-10-15 07:44:31,086 [Listener at 127.0.0.1/40173] INFO  server.Server (Server.java:doStart(415)) - Started @181038ms
2022-10-15 07:44:31,086 [Listener at 127.0.0.1/40173] WARN  impl.MetricsSystemImpl (MetricsSystemImpl.java:register(279)) - Sink prometheus already exists!
2022-10-15 07:44:31,087 [Listener at 127.0.0.1/40173] INFO  http.BaseHttpServer (BaseHttpServer.java:updateConnectorAddress(333)) - HTTP server of hddsDatanode listening at http://0.0.0.0:36555
2022-10-15 07:44:31,087 [Listener at 127.0.0.1/40173] WARN  impl.MetricRegistriesImpl (MetricRegistriesImpl.java:addReporterRegistration(111)) - New reporters are added after registries were created. Some metrics will be missing from the reporter. Please add reporter before adding any new registry.
2022-10-15 07:44:31,087 [Listener at 127.0.0.1/40173] WARN  impl.MetricRegistriesImpl (MetricRegistriesImpl.java:addReporterRegistration(111)) - New reporters are added after registries were created. Some metrics will be missing from the reporter. Please add reporter before adding any new registry.
2022-10-15 07:44:31,087 [Listener at 127.0.0.1/40173] INFO  impl.MetricsSystemImpl (MetricsSystemImpl.java:init(158)) - HddsDatanode metrics system started (again)
2022-10-15 07:44:31,099 [Datanode State Machine Daemon Thread] INFO  statemachine.DatanodeStateMachine (DatanodeStateMachine.java:lambda$startDaemon$0(492)) - Ozone container server started.
2022-10-15 07:44:31,100 [Listener at 127.0.0.1/40173] INFO  ozone.HddsDatanodeService (HddsDatanodeService.java:start(236)) - HddsDatanodeService host:fv-az204-107.tdy0fjcc0bpubcu1xr20co1pbf.dx.internal.cloudapp.net ip:10.1.1.113
2022-10-15 07:44:31,110 [org.apache.hadoop.util.JvmPauseMonitor$Monitor@ace8e3c] INFO  util.JvmPauseMonitor (JvmPauseMonitor.java:run(188)) - Starting JVM pause monitor
2022-10-15 07:44:31,111 [Datanode State Machine Task Thread - 0] INFO  datanode.InitDatanodeState (InitDatanodeState.java:persistContainerDatanodeDetails(138)) - DatanodeDetails is persisted to /home/runner/work/ozone/ozone/hadoop-ozone/integration-test/target/test-dir/MiniOzoneClusterImpl-0c55ea5e-da39-43b3-be52-3d6e56a90e90/datanode-1/meta/datanode.id
2022-10-15 07:44:31,128 [ReplicationMonitor] INFO  replication.LegacyReplicationManager (LegacyReplicationManager.java:sendCloseCommand(1512)) - Sending close container command for container #1 to datanode bef1a67a-597f-44ca-bb4b-ee4a6fc04327{ip: 10.1.1.113, host: fv-az204-107.tdy0fjcc0bpubcu1xr20co1pbf.dx.internal.cloudapp.net, ports: [REPLICATION=46791, RATIS=40411, RATIS_ADMIN=40411, RATIS_SERVER=40411, STANDALONE=40845], networkLocation: /default-rack, certSerialId: null, persistedOpState: IN_SERVICE, persistedOpStateExpiryEpochSec: 0}.
2022-10-15 07:44:31,128 [ReplicationMonitor] INFO  replication.LegacyReplicationManager (LegacyReplicationManager.java:sendCloseCommand(1512)) - Sending close container command for container #1 to datanode a759a49b-3cd3-49e9-826c-16e7b00ba8b7{ip: 10.1.1.113, host: fv-az204-107.tdy0fjcc0bpubcu1xr20co1pbf.dx.internal.cloudapp.net, ports: [REPLICATION=34531, RATIS=42469, RATIS_ADMIN=42469, RATIS_SERVER=42469, STANDALONE=44149], networkLocation: /default-rack, certSerialId: null, persistedOpState: IN_SERVICE, persistedOpStateExpiryEpochSec: 0}.
2022-10-15 07:44:31,129 [ReplicationMonitor] INFO  replication.LegacyReplicationManager (LegacyReplicationManager.java:sendCloseCommand(1512)) - Sending close container command for container #1 to datanode 35429393-00b4-4ffa-a437-723b6b48652e{ip: 10.1.1.113, host: fv-az204-107.tdy0fjcc0bpubcu1xr20co1pbf.dx.internal.cloudapp.net, ports: [REPLICATION=33503, RATIS=40931, RATIS_ADMIN=40931, RATIS_SERVER=40931, STANDALONE=34035], networkLocation: /default-rack, certSerialId: null, persistedOpState: IN_SERVICE, persistedOpStateExpiryEpochSec: 0}.
2022-10-15 07:44:31,129 [ReplicationMonitor] INFO  replication.LegacyReplicationManager (LegacyReplicationManager.java:sendCloseCommand(1512)) - Sending close container command for container #2 to datanode 35429393-00b4-4ffa-a437-723b6b48652e{ip: 10.1.1.113, host: fv-az204-107.tdy0fjcc0bpubcu1xr20co1pbf.dx.internal.cloudapp.net, ports: [REPLICATION=33503, RATIS=40931, RATIS_ADMIN=40931, RATIS_SERVER=40931, STANDALONE=34035], networkLocation: /default-rack, certSerialId: null, persistedOpState: IN_SERVICE, persistedOpStateExpiryEpochSec: 0}.
2022-10-15 07:44:31,129 [ReplicationMonitor] INFO  replication.LegacyReplicationManager (LegacyReplicationManager.java:sendCloseCommand(1512)) - Sending close container command for container #2 to datanode bef1a67a-597f-44ca-bb4b-ee4a6fc04327{ip: 10.1.1.113, host: fv-az204-107.tdy0fjcc0bpubcu1xr20co1pbf.dx.internal.cloudapp.net, ports: [REPLICATION=46791, RATIS=40411, RATIS_ADMIN=40411, RATIS_SERVER=40411, STANDALONE=40845], networkLocation: /default-rack, certSerialId: null, persistedOpState: IN_SERVICE, persistedOpStateExpiryEpochSec: 0}.
2022-10-15 07:44:31,129 [ReplicationMonitor] INFO  replication.LegacyReplicationManager (LegacyReplicationManager.java:sendCloseCommand(1512)) - Sending close container command for container #2 to datanode a759a49b-3cd3-49e9-826c-16e7b00ba8b7{ip: 10.1.1.113, host: fv-az204-107.tdy0fjcc0bpubcu1xr20co1pbf.dx.internal.cloudapp.net, ports: [REPLICATION=34531, RATIS=42469, RATIS_ADMIN=42469, RATIS_SERVER=42469, STANDALONE=44149], networkLocation: /default-rack, certSerialId: null, persistedOpState: IN_SERVICE, persistedOpStateExpiryEpochSec: 0}.
2022-10-15 07:44:31,129 [ReplicationMonitor] INFO  replication.LegacyReplicationManager (LegacyReplicationManager.java:sendCloseCommand(1512)) - Sending close container command for container #3 to datanode bef1a67a-597f-44ca-bb4b-ee4a6fc04327{ip: 10.1.1.113, host: fv-az204-107.tdy0fjcc0bpubcu1xr20co1pbf.dx.internal.cloudapp.net, ports: [REPLICATION=46791, RATIS=40411, RATIS_ADMIN=40411, RATIS_SERVER=40411, STANDALONE=40845], networkLocation: /default-rack, certSerialId: null, persistedOpState: IN_SERVICE, persistedOpStateExpiryEpochSec: 0}.
2022-10-15 07:44:31,129 [ReplicationMonitor] INFO  replication.LegacyReplicationManager (LegacyReplicationManager.java:sendCloseCommand(1512)) - Sending close container command for container #3 to datanode a759a49b-3cd3-49e9-826c-16e7b00ba8b7{ip: 10.1.1.113, host: fv-az204-107.tdy0fjcc0bpubcu1xr20co1pbf.dx.internal.cloudapp.net, ports: [REPLICATION=34531, RATIS=42469, RATIS_ADMIN=42469, RATIS_SERVER=42469, STANDALONE=44149], networkLocation: /default-rack, certSerialId: null, persistedOpState: IN_SERVICE, persistedOpStateExpiryEpochSec: 0}.
2022-10-15 07:44:31,129 [ReplicationMonitor] INFO  replication.LegacyReplicationManager (LegacyReplicationManager.java:sendCloseCommand(1512)) - Sending close container command for container #3 to datanode 35429393-00b4-4ffa-a437-723b6b48652e{ip: 10.1.1.113, host: fv-az204-107.tdy0fjcc0bpubcu1xr20co1pbf.dx.internal.cloudapp.net, ports: [REPLICATION=33503, RATIS=40931, RATIS_ADMIN=40931, RATIS_SERVER=40931, STANDALONE=34035], networkLocation: /default-rack, certSerialId: null, persistedOpState: IN_SERVICE, persistedOpStateExpiryEpochSec: 0}.
2022-10-15 07:44:31,129 [ReplicationMonitor] INFO  replication.ReplicationManager (ReplicationManager.java:processAll(324)) - Replication Monitor Thread took 0 milliseconds for processing 6 containers.
2022-10-15 07:44:31,129 [Under Replicated Processor] INFO  replication.UnderReplicatedProcessor (UnderReplicatedProcessor.java:processAll(92)) - Processed 0 under replicated containers, failed processing 0
2022-10-15 07:44:31,130 [Over Replicated Processor] INFO  replication.OverReplicatedProcessor (OverReplicatedProcessor.java:processAll(90)) - Processed 0 over replicated containers, failed processing 0
2022-10-15 07:44:31,131 [Listener at 127.0.0.1/40173] INFO  upgrade.AbstractLayoutVersionManager (AbstractLayoutVersionManager.java:init(83)) - Initializing Layout version manager with metadata layout = DATANODE_SCHEMA_V3 (version = 4), software layout = DATANODE_SCHEMA_V3 (version = 4)
2022-10-15 07:44:31,175 [Listener at 127.0.0.1/40173] INFO  reflections.Reflections (Reflections.java:scan(232)) - Reflections took 43 ms to scan 7 urls, producing 137 keys and 328 values 
2022-10-15 07:44:31,176 [Listener at 127.0.0.1/40173] INFO  statemachine.DatanodeStateMachine (DatanodeStateMachine.java:getEndPointTaskThreadPoolSize(237)) - Datanode State Machine Task Thread Pool size 2
2022-10-15 07:44:31,183 [Listener at 127.0.0.1/40173] INFO  volume.HddsVolume (HddsVolume.java:<init>(117)) - Creating HddsVolume: /home/runner/work/ozone/ozone/hadoop-ozone/integration-test/target/test-dir/MiniOzoneClusterImpl-0c55ea5e-da39-43b3-be52-3d6e56a90e90/datanode-2/data-0/containers/hdds of storage type : DISK capacity : 9223372036854775807
2022-10-15 07:44:31,184 [Listener at 127.0.0.1/40173] INFO  volume.MutableVolumeSet (MutableVolumeSet.java:initializeVolumeSet(174)) - Added Volume : /home/runner/work/ozone/ozone/hadoop-ozone/integration-test/target/test-dir/MiniOzoneClusterImpl-0c55ea5e-da39-43b3-be52-3d6e56a90e90/datanode-2/data-0/containers/hdds to VolumeSet
2022-10-15 07:44:31,184 [Listener at 127.0.0.1/40173] INFO  volume.ThrottledAsyncChecker (ThrottledAsyncChecker.java:schedule(141)) - Scheduling a check for /home/runner/work/ozone/ozone/hadoop-ozone/integration-test/target/test-dir/MiniOzoneClusterImpl-0c55ea5e-da39-43b3-be52-3d6e56a90e90/datanode-2/data-0/containers/hdds
2022-10-15 07:44:31,189 [Under Replicated Processor] INFO  replication.UnderReplicatedProcessor (UnderReplicatedProcessor.java:processAll(92)) - Processed 0 under replicated containers, failed processing 0
2022-10-15 07:44:31,189 [Over Replicated Processor] INFO  replication.OverReplicatedProcessor (OverReplicatedProcessor.java:processAll(90)) - Processed 0 over replicated containers, failed processing 0
2022-10-15 07:44:31,192 [Listener at 127.0.0.1/40173] INFO  volume.StorageVolumeChecker (StorageVolumeChecker.java:checkAllVolumes(202)) - Scheduled health check for volume /home/runner/work/ozone/ozone/hadoop-ozone/integration-test/target/test-dir/MiniOzoneClusterImpl-0c55ea5e-da39-43b3-be52-3d6e56a90e90/datanode-2/data-0/containers/hdds
2022-10-15 07:44:31,213 [Listener at 127.0.0.1/40173] INFO  volume.MutableVolumeSet (MutableVolumeSet.java:initializeVolumeSet(174)) - Added Volume : /home/runner/work/ozone/ozone/hadoop-ozone/integration-test/target/test-dir/MiniOzoneClusterImpl-0c55ea5e-da39-43b3-be52-3d6e56a90e90/datanode-2/data/ratis to VolumeSet
2022-10-15 07:44:31,213 [Listener at 127.0.0.1/40173] INFO  volume.ThrottledAsyncChecker (ThrottledAsyncChecker.java:schedule(141)) - Scheduling a check for /home/runner/work/ozone/ozone/hadoop-ozone/integration-test/target/test-dir/MiniOzoneClusterImpl-0c55ea5e-da39-43b3-be52-3d6e56a90e90/datanode-2/data/ratis
2022-10-15 07:44:31,214 [Listener at 127.0.0.1/40173] INFO  volume.StorageVolumeChecker (StorageVolumeChecker.java:checkAllVolumes(202)) - Scheduled health check for volume /home/runner/work/ozone/ozone/hadoop-ozone/integration-test/target/test-dir/MiniOzoneClusterImpl-0c55ea5e-da39-43b3-be52-3d6e56a90e90/datanode-2/data/ratis
2022-10-15 07:44:31,223 [ReplicationMonitor] INFO  replication.LegacyReplicationManager (LegacyReplicationManager.java:handleOverReplicatedContainer(1252)) - Container #1 is over replicated. Expected replica count is 3, but found 4.
2022-10-15 07:44:31,223 [ReplicationMonitor] INFO  replication.LegacyReplicationManager (LegacyReplicationManager.java:sendDeleteCommand(1587)) - Sending delete container command for container #1 to datanode fdcf0f8e-cf64-44a3-bed5-f94c24ef391f{ip: 10.1.1.113, host: fv-az204-107.tdy0fjcc0bpubcu1xr20co1pbf.dx.internal.cloudapp.net, ports: [REPLICATION=38531, RATIS=45413, RATIS_ADMIN=45413, RATIS_SERVER=45413, STANDALONE=37375], networkLocation: /default-rack, certSerialId: null, persistedOpState: IN_SERVICE, persistedOpStateExpiryEpochSec: 0}
2022-10-15 07:44:31,223 [ReplicationMonitor] INFO  replication.LegacyReplicationManager (LegacyReplicationManager.java:sendCloseCommand(1512)) - Sending close container command for container #2 to datanode 9a24ac87-7197-4b23-9992-aedcbee91c34{ip: 10.1.1.113, host: fv-az204-107.tdy0fjcc0bpubcu1xr20co1pbf.dx.internal.cloudapp.net, ports: [REPLICATION=42613, RATIS=43931, RATIS_ADMIN=43931, RATIS_SERVER=43931, STANDALONE=42833], networkLocation: /default-rack, certSerialId: null, persistedOpState: IN_SERVICE, persistedOpStateExpiryEpochSec: 0}.
2022-10-15 07:44:31,224 [ReplicationMonitor] INFO  replication.LegacyReplicationManager (LegacyReplicationManager.java:sendCloseCommand(1512)) - Sending close container command for container #2 to datanode 21a643b6-1a42-4dcc-b3d5-cdf5198533e3{ip: 10.1.1.113, host: fv-az204-107.tdy0fjcc0bpubcu1xr20co1pbf.dx.internal.cloudapp.net, ports: [REPLICATION=33579, RATIS=44331, RATIS_ADMIN=44331, RATIS_SERVER=44331, STANDALONE=46453], networkLocation: /default-rack, certSerialId: null, persistedOpState: IN_SERVICE, persistedOpStateExpiryEpochSec: 0}.
2022-10-15 07:44:31,224 [ReplicationMonitor] INFO  replication.LegacyReplicationManager (LegacyReplicationManager.java:sendCloseCommand(1512)) - Sending close container command for container #2 to datanode d26a0d60-6788-4f19-88c8-825bcaa82edc{ip: 10.1.1.113, host: fv-az204-107.tdy0fjcc0bpubcu1xr20co1pbf.dx.internal.cloudapp.net, ports: [REPLICATION=42509, RATIS=34309, RATIS_ADMIN=34309, RATIS_SERVER=34309, STANDALONE=40785], networkLocation: /default-rack, certSerialId: null, persistedOpState: IN_SERVICE, persistedOpStateExpiryEpochSec: 0}.
2022-10-15 07:44:31,224 [ReplicationMonitor] INFO  replication.LegacyReplicationManager (LegacyReplicationManager.java:sendCloseCommand(1512)) - Sending close container command for container #3 to datanode d26a0d60-6788-4f19-88c8-825bcaa82edc{ip: 10.1.1.113, host: fv-az204-107.tdy0fjcc0bpubcu1xr20co1pbf.dx.internal.cloudapp.net, ports: [REPLICATION=42509, RATIS=34309, RATIS_ADMIN=34309, RATIS_SERVER=34309, STANDALONE=40785], networkLocation: /default-rack, certSerialId: null, persistedOpState: IN_SERVICE, persistedOpStateExpiryEpochSec: 0}.
2022-10-15 07:44:31,224 [ReplicationMonitor] INFO  replication.LegacyReplicationManager (LegacyReplicationManager.java:sendCloseCommand(1512)) - Sending close container command for container #3 to datanode 21a643b6-1a42-4dcc-b3d5-cdf5198533e3{ip: 10.1.1.113, host: fv-az204-107.tdy0fjcc0bpubcu1xr20co1pbf.dx.internal.cloudapp.net, ports: [REPLICATION=33579, RATIS=44331, RATIS_ADMIN=44331, RATIS_SERVER=44331, STANDALONE=46453], networkLocation: /default-rack, certSerialId: null, persistedOpState: IN_SERVICE, persistedOpStateExpiryEpochSec: 0}.
2022-10-15 07:44:31,224 [ReplicationMonitor] INFO  replication.LegacyReplicationManager (LegacyReplicationManager.java:sendCloseCommand(1512)) - Sending close container command for container #3 to datanode 9a24ac87-7197-4b23-9992-aedcbee91c34{ip: 10.1.1.113, host: fv-az204-107.tdy0fjcc0bpubcu1xr20co1pbf.dx.internal.cloudapp.net, ports: [REPLICATION=42613, RATIS=43931, RATIS_ADMIN=43931, RATIS_SERVER=43931, STANDALONE=42833], networkLocation: /default-rack, certSerialId: null, persistedOpState: IN_SERVICE, persistedOpStateExpiryEpochSec: 0}.
2022-10-15 07:44:31,224 [ReplicationMonitor] INFO  replication.LegacyReplicationManager (LegacyReplicationManager.java:handleOverReplicatedContainer(1252)) - Container #4 is over replicated. Expected replica count is 3, but found 4.
2022-10-15 07:44:31,224 [ReplicationMonitor] INFO  replication.LegacyReplicationManager (LegacyReplicationManager.java:sendDeleteCommand(1587)) - Sending delete container command for container #4 to datanode fdcf0f8e-cf64-44a3-bed5-f94c24ef391f{ip: 10.1.1.113, host: fv-az204-107.tdy0fjcc0bpubcu1xr20co1pbf.dx.internal.cloudapp.net, ports: [REPLICATION=38531, RATIS=45413, RATIS_ADMIN=45413, RATIS_SERVER=45413, STANDALONE=37375], networkLocation: /default-rack, certSerialId: null, persistedOpState: IN_SERVICE, persistedOpStateExpiryEpochSec: 0}
2022-10-15 07:44:31,224 [ReplicationMonitor] INFO  replication.LegacyReplicationManager (LegacyReplicationManager.java:sendCloseCommand(1512)) - Sending close container command for container #5 to datanode 21a643b6-1a42-4dcc-b3d5-cdf5198533e3{ip: 10.1.1.113, host: fv-az204-107.tdy0fjcc0bpubcu1xr20co1pbf.dx.internal.cloudapp.net, ports: [REPLICATION=33579, RATIS=44331, RATIS_ADMIN=44331, RATIS_SERVER=44331, STANDALONE=46453], networkLocation: /default-rack, certSerialId: null, persistedOpState: IN_SERVICE, persistedOpStateExpiryEpochSec: 0}.
2022-10-15 07:44:31,224 [ReplicationMonitor] INFO  replication.LegacyReplicationManager (LegacyReplicationManager.java:sendCloseCommand(1512)) - Sending close container command for container #5 to datanode d26a0d60-6788-4f19-88c8-825bcaa82edc{ip: 10.1.1.113, host: fv-az204-107.tdy0fjcc0bpubcu1xr20co1pbf.dx.internal.cloudapp.net, ports: [REPLICATION=42509, RATIS=34309, RATIS_ADMIN=34309, RATIS_SERVER=34309, STANDALONE=40785], networkLocation: /default-rack, certSerialId: null, persistedOpState: IN_SERVICE, persistedOpStateExpiryEpochSec: 0}.
2022-10-15 07:44:31,224 [ReplicationMonitor] INFO  replication.LegacyReplicationManager (LegacyReplicationManager.java:sendCloseCommand(1512)) - Sending close container command for container #5 to datanode 9a24ac87-7197-4b23-9992-aedcbee91c34{ip: 10.1.1.113, host: fv-az204-107.tdy0fjcc0bpubcu1xr20co1pbf.dx.internal.cloudapp.net, ports: [REPLICATION=42613, RATIS=43931, RATIS_ADMIN=43931, RATIS_SERVER=43931, STANDALONE=42833], networkLocation: /default-rack, certSerialId: null, persistedOpState: IN_SERVICE, persistedOpStateExpiryEpochSec: 0}.
2022-10-15 07:44:31,224 [ReplicationMonitor] INFO  replication.LegacyReplicationManager (LegacyReplicationManager.java:handleOverReplicatedContainer(1252)) - Container #6 is over replicated. Expected replica count is 3, but found 4.
2022-10-15 07:44:31,224 [ReplicationMonitor] INFO  replication.LegacyReplicationManager (LegacyReplicationManager.java:sendDeleteCommand(1587)) - Sending delete container command for container #6 to datanode fdcf0f8e-cf64-44a3-bed5-f94c24ef391f{ip: 10.1.1.113, host: fv-az204-107.tdy0fjcc0bpubcu1xr20co1pbf.dx.internal.cloudapp.net, ports: [REPLICATION=38531, RATIS=45413, RATIS_ADMIN=45413, RATIS_SERVER=45413, STANDALONE=37375], networkLocation: /default-rack, certSerialId: null, persistedOpState: IN_SERVICE, persistedOpStateExpiryEpochSec: 0}
2022-10-15 07:44:31,225 [ReplicationMonitor] INFO  replication.ReplicationManager (ReplicationManager.java:sendCloseContainerReplicaCommand(467)) - Sending close container command for container #10 to datanode 21a643b6-1a42-4dcc-b3d5-cdf5198533e3{ip: 10.1.1.113, host: fv-az204-107.tdy0fjcc0bpubcu1xr20co1pbf.dx.internal.cloudapp.net, ports: [REPLICATION=33579, RATIS=44331, RATIS_ADMIN=44331, RATIS_SERVER=44331, STANDALONE=46453], networkLocation: /default-rack, certSerialId: null, persistedOpState: IN_SERVICE, persistedOpStateExpiryEpochSec: 0}.
2022-10-15 07:44:31,225 [ReplicationMonitor] INFO  replication.ReplicationManager (ReplicationManager.java:sendCloseContainerReplicaCommand(467)) - Sending close container command for container #10 to datanode fdcf0f8e-cf64-44a3-bed5-f94c24ef391f{ip: 10.1.1.113, host: fv-az204-107.tdy0fjcc0bpubcu1xr20co1pbf.dx.internal.cloudapp.net, ports: [REPLICATION=38531, RATIS=45413, RATIS_ADMIN=45413, RATIS_SERVER=45413, STANDALONE=37375], networkLocation: /default-rack, certSerialId: null, persistedOpState: IN_SERVICE, persistedOpStateExpiryEpochSec: 0}.
2022-10-15 07:44:31,225 [ReplicationMonitor] INFO  replication.ReplicationManager (ReplicationManager.java:sendCloseContainerReplicaCommand(467)) - Sending close container command for container #10 to datanode 9f678299-4532-47e1-9b54-5ce4850b949b{ip: 10.1.1.113, host: fv-az204-107.tdy0fjcc0bpubcu1xr20co1pbf.dx.internal.cloudapp.net, ports: [REPLICATION=44329, RATIS=40365, RATIS_ADMIN=40365, RATIS_SERVER=40365, STANDALONE=34101], networkLocation: /default-rack, certSerialId: null, persistedOpState: IN_SERVICE, persistedOpStateExpiryEpochSec: 0}.
2022-10-15 07:44:31,225 [ReplicationMonitor] INFO  replication.ReplicationManager (ReplicationManager.java:sendCloseContainerReplicaCommand(467)) - Sending close container command for container #10 to datanode 1a927d95-9689-4ae2-94aa-466101e25ef1{ip: 10.1.1.113, host: fv-az204-107.tdy0fjcc0bpubcu1xr20co1pbf.dx.internal.cloudapp.net, ports: [REPLICATION=41339, RATIS=33377, RATIS_ADMIN=33377, RATIS_SERVER=33377, STANDALONE=35429], networkLocation: /default-rack, certSerialId: null, persistedOpState: IN_SERVICE, persistedOpStateExpiryEpochSec: 0}.
2022-10-15 07:44:31,225 [ReplicationMonitor] INFO  replication.ReplicationManager (ReplicationManager.java:processAll(324)) - Replication Monitor Thread took 2 milliseconds for processing 11 containers.
2022-10-15 07:44:31,234 [Thread-4004] INFO  ozoneimpl.ContainerReader (ContainerReader.java:readVolume(175)) - Finish verifying containers on volume /home/runner/work/ozone/ozone/hadoop-ozone/integration-test/target/test-dir/MiniOzoneClusterImpl-0c55ea5e-da39-43b3-be52-3d6e56a90e90/datanode-2/data-0/containers/hdds
2022-10-15 07:44:31,235 [Listener at 127.0.0.1/40173] INFO  ozoneimpl.OzoneContainer (OzoneContainer.java:buildContainerSet(300)) - Build ContainerSet costs 0s
2022-10-15 07:44:31,237 [Listener at 127.0.0.1/40173] INFO  server.RaftServer (ConfUtils.java:logGet(46)) - raft.rpc.type = GRPC (default)
2022-10-15 07:44:31,237 [Listener at 127.0.0.1/40173] INFO  grpc.GrpcFactory (GrpcFactory.java:checkPooledByteBufAllocatorUseCacheForAllThreads(48)) - PERFORMANCE WARNING: useCacheForAllThreads is true that may cause Netty to create a lot garbage objects and, as a result, trigger GC.
	It is recommended to disable useCacheForAllThreads by setting -Dorg.apache.ratis.thirdparty.io.netty.allocator.useCacheForAllThreads=false in command line.
2022-10-15 07:44:31,237 [Listener at 127.0.0.1/40173] INFO  grpc.GrpcConfigKeys (ConfUtils.java:logGet(46)) - raft.grpc.admin.port = 0 (custom)
2022-10-15 07:44:31,237 [Listener at 127.0.0.1/40173] INFO  grpc.GrpcConfigKeys (ConfUtils.java:logGet(46)) - raft.grpc.client.port = 0 (custom)
2022-10-15 07:44:31,237 [Listener at 127.0.0.1/40173] INFO  grpc.GrpcConfigKeys (ConfUtils.java:logGet(46)) - raft.grpc.server.port = 0 (default)
2022-10-15 07:44:31,237 [Listener at 127.0.0.1/40173] INFO  server.GrpcService (ConfUtils.java:logGet(46)) - raft.grpc.message.size.max = 32MB (=33554432) (custom)
2022-10-15 07:44:31,237 [Listener at 127.0.0.1/40173] INFO  server.RaftServerConfigKeys (ConfUtils.java:logGet(46)) - raft.server.log.appender.buffer.byte-limit = 33554432 (custom)
2022-10-15 07:44:31,237 [Listener at 127.0.0.1/40173] INFO  server.GrpcService (ConfUtils.java:logGet(46)) - raft.grpc.flow.control.window = 5MB (=5242880) (custom)
2022-10-15 07:44:31,237 [Listener at 127.0.0.1/40173] INFO  server.RaftServerConfigKeys (ConfUtils.java:logGet(46)) - raft.server.rpc.request.timeout = 60s (custom)
2022-10-15 07:44:31,237 [Listener at 127.0.0.1/40173] INFO  grpc.GrpcConfigKeys (ConfUtils.java:logGet(46)) - raft.grpc.server.async.request.thread.pool.cached = true (default)
2022-10-15 07:44:31,237 [Listener at 127.0.0.1/40173] INFO  grpc.GrpcConfigKeys (ConfUtils.java:logGet(46)) - raft.grpc.server.async.request.thread.pool.size = 32 (default)
2022-10-15 07:44:31,239 [Listener at 127.0.0.1/40173] INFO  impl.DataStreamServerImpl (ConfUtils.java:logGet(46)) - raft.datastream.type = DISABLED (default)
2022-10-15 07:44:31,239 [Listener at 127.0.0.1/40173] INFO  server.RaftServerConfigKeys (ConfUtils.java:logGet(46)) - raft.server.threadpool.proxy.cached = true (default)
2022-10-15 07:44:31,239 [Listener at 127.0.0.1/40173] INFO  server.RaftServerConfigKeys (ConfUtils.java:logGet(46)) - raft.server.threadpool.proxy.size = 0 (default)
2022-10-15 07:44:31,239 [Listener at 127.0.0.1/40173] INFO  server.RaftServerConfigKeys (ConfUtils.java:logGet(46)) - raft.server.rpc.slowness.timeout = 300s (custom)
2022-10-15 07:44:31,239 [Listener at 127.0.0.1/40173] INFO  server.RaftServerConfigKeys (ConfUtils.java:logGet(46)) - raft.server.leaderelection.leader.step-down.wait-time = 10s (default)
2022-10-15 07:44:31,239 [Listener at 127.0.0.1/40173] INFO  server.RaftServerConfigKeys (ConfUtils.java:logGet(46)) - raft.server.storage.dir = [/home/runner/work/ozone/ozone/hadoop-ozone/integration-test/target/test-dir/MiniOzoneClusterImpl-0c55ea5e-da39-43b3-be52-3d6e56a90e90/datanode-2/data/ratis] (custom)
2022-10-15 07:44:31,241 [Listener at 127.0.0.1/40173] INFO  server.XceiverServerGrpc (XceiverServerGrpc.java:<init>(132)) - GrpcServer channel type EpollServerSocketChannel
2022-10-15 07:44:31,244 [Listener at 127.0.0.1/40173] INFO  http.BaseHttpServer (BaseHttpServer.java:newHttpServer2BuilderForOzone(213)) - Starting Web-server for hddsDatanode at: http://0.0.0.0:0
2022-10-15 07:44:31,244 [Listener at 127.0.0.1/40173] INFO  http.BaseHttpServer (BaseHttpServer.java:<init>(108)) - Hadoop Security Enabled: false Ozone Security Enabled: false Ozone HTTP Security Enabled: false 
2022-10-15 07:44:31,245 [Listener at 127.0.0.1/40173] WARN  server.AuthenticationFilter (AuthenticationFilter.java:constructSecretProvider(240)) - Unable to initialize FileSignerSecretProvider, falling back to use random secrets. Reason: Could not read signature secret file: /home/runner/hadoop-http-auth-signature-secret
2022-10-15 07:44:31,246 [Listener at 127.0.0.1/40173] WARN  http.HttpRequestLog (HttpRequestLog.java:getRequestLog(103)) - Jetty request log can only be enabled using Log4j
2022-10-15 07:44:31,247 [Listener at 127.0.0.1/40173] INFO  http.HttpServer2 (HttpServer2.java:addGlobalFilter(1031)) - Added global filter 'safety' (class=org.apache.hadoop.hdds.server.http.HttpServer2$QuotingInputFilter)
2022-10-15 07:44:31,247 [Listener at 127.0.0.1/40173] INFO  http.HttpServer2 (HttpServer2.java:addFilter(1007)) - Added filter static_user_filter (class=org.apache.hadoop.http.lib.StaticUserWebFilter$StaticUserFilter) to context hddsDatanode
2022-10-15 07:44:31,247 [Listener at 127.0.0.1/40173] INFO  http.HttpServer2 (HttpServer2.java:addFilter(1015)) - Added filter static_user_filter (class=org.apache.hadoop.http.lib.StaticUserWebFilter$StaticUserFilter) to context static
2022-10-15 07:44:31,247 [Listener at 127.0.0.1/40173] INFO  http.HttpServer2 (HttpServer2.java:addFilter(1015)) - Added filter static_user_filter (class=org.apache.hadoop.http.lib.StaticUserWebFilter$StaticUserFilter) to context logs
2022-10-15 07:44:31,247 [Listener at 127.0.0.1/40173] INFO  http.HttpServer2 (HttpServer2.java:bindListener(1250)) - Jetty bound to port 35559
2022-10-15 07:44:31,247 [Listener at 127.0.0.1/40173] INFO  server.Server (Server.java:doStart(375)) - jetty-9.4.43.v20210629; built: 2021-06-30T11:07:22.254Z; git: 526006ecfa3af7f1a27ef3a288e2bef7ea9dd7e8; jvm 1.8.0_345-b01
2022-10-15 07:44:31,249 [Listener at 127.0.0.1/40173] INFO  server.session (DefaultSessionIdManager.java:doStart(334)) - DefaultSessionIdManager workerName=node0
2022-10-15 07:44:31,249 [Listener at 127.0.0.1/40173] INFO  server.session (DefaultSessionIdManager.java:doStart(339)) - No SessionScavenger set, using defaults
2022-10-15 07:44:31,249 [Listener at 127.0.0.1/40173] INFO  server.session (HouseKeeper.java:startScavenging(132)) - node0 Scavenging every 600000ms
2022-10-15 07:44:31,250 [Listener at 127.0.0.1/40173] INFO  handler.ContextHandler (ContextHandler.java:doStart(915)) - Started o.e.j.s.ServletContextHandler@3da85e62{logs,/logs,file:///home/runner/work/ozone/ozone/hadoop-ozone/integration-test/target/log,AVAILABLE}
2022-10-15 07:44:31,250 [Listener at 127.0.0.1/40173] INFO  handler.ContextHandler (ContextHandler.java:doStart(915)) - Started o.e.j.s.ServletContextHandler@6c03b0fb{static,/static,jar:file:/home/runner/.m2/repository/org/apache/ozone/hdds-container-service/1.3.0-SNAPSHOT/hdds-container-service-1.3.0-SNAPSHOT.jar!/webapps/static,AVAILABLE}
2022-10-15 07:44:31,259 [Command processor thread] INFO  keyvalue.KeyValueContainer (KeyValueContainer.java:flushAndSyncDB(436)) - Container 10 is synced with bcsId 0.
2022-10-15 07:44:31,259 [Command processor thread] INFO  keyvalue.KeyValueContainer (KeyValueContainer.java:flushAndSyncDB(436)) - Container 10 is synced with bcsId 0.
2022-10-15 07:44:31,263 [Command processor thread] INFO  keyvalue.KeyValueContainer (KeyValueContainer.java:close(351)) - Container 10 is closed with bcsId 0.
2022-10-15 07:44:31,389 [Over Replicated Processor] INFO  replication.OverReplicatedProcessor (OverReplicatedProcessor.java:processAll(90)) - Processed 0 over replicated containers, failed processing 0
2022-10-15 07:44:31,389 [ReplicationMonitor] INFO  replication.ReplicationManager (ReplicationManager.java:processAll(324)) - Replication Monitor Thread took 0 milliseconds for processing 0 containers.
2022-10-15 07:44:31,389 [Under Replicated Processor] INFO  replication.UnderReplicatedProcessor (UnderReplicatedProcessor.java:processAll(92)) - Processed 0 under replicated containers, failed processing 0
2022-10-15 07:44:31,494 [Listener at 127.0.0.1/40173] INFO  handler.ContextHandler (ContextHandler.java:doStart(915)) - Started o.e.j.w.WebAppContext@4edc8948{hddsDatanode,/,file:///tmp/jetty-0_0_0_0-35559-hdds-container-service-1_3_0-SNAPSHOT_jar-_-any-2608648688928424965/webapp/,AVAILABLE}{jar:file:/home/runner/.m2/repository/org/apache/ozone/hdds-container-service/1.3.0-SNAPSHOT/hdds-container-service-1.3.0-SNAPSHOT.jar!/webapps/hddsDatanode}
2022-10-15 07:44:31,501 [Listener at 127.0.0.1/40173] INFO  server.AbstractConnector (AbstractConnector.java:doStart(331)) - Started ServerConnector@6aa9a285{HTTP/1.1, (http/1.1)}{0.0.0.0:35559}
2022-10-15 07:44:31,501 [Listener at 127.0.0.1/40173] INFO  server.Server (Server.java:doStart(415)) - Started @181453ms
2022-10-15 07:44:31,501 [Listener at 127.0.0.1/40173] WARN  impl.MetricsSystemImpl (MetricsSystemImpl.java:register(279)) - Sink prometheus already exists!
2022-10-15 07:44:31,501 [Listener at 127.0.0.1/40173] INFO  http.BaseHttpServer (BaseHttpServer.java:updateConnectorAddress(333)) - HTTP server of hddsDatanode listening at http://0.0.0.0:35559
2022-10-15 07:44:31,507 [Listener at 127.0.0.1/40173] WARN  impl.MetricRegistriesImpl (MetricRegistriesImpl.java:addReporterRegistration(111)) - New reporters are added after registries were created. Some metrics will be missing from the reporter. Please add reporter before adding any new registry.
2022-10-15 07:44:31,507 [Listener at 127.0.0.1/40173] WARN  impl.MetricRegistriesImpl (MetricRegistriesImpl.java:addReporterRegistration(111)) - New reporters are added after registries were created. Some metrics will be missing from the reporter. Please add reporter before adding any new registry.
2022-10-15 07:44:31,507 [Listener at 127.0.0.1/40173] INFO  impl.MetricsSystemImpl (MetricsSystemImpl.java:init(158)) - HddsDatanode metrics system started (again)
2022-10-15 07:44:31,511 [Datanode State Machine Daemon Thread] INFO  statemachine.DatanodeStateMachine (DatanodeStateMachine.java:lambda$startDaemon$0(492)) - Ozone container server started.
2022-10-15 07:44:31,544 [Listener at 127.0.0.1/40173] INFO  ozone.HddsDatanodeService (HddsDatanodeService.java:start(236)) - HddsDatanodeService host:fv-az204-107.tdy0fjcc0bpubcu1xr20co1pbf.dx.internal.cloudapp.net ip:10.1.1.113
2022-10-15 07:44:31,549 [org.apache.hadoop.util.JvmPauseMonitor$Monitor@6eb89b93] INFO  util.JvmPauseMonitor (JvmPauseMonitor.java:run(188)) - Starting JVM pause monitor
2022-10-15 07:44:31,550 [Datanode State Machine Task Thread - 0] INFO  datanode.InitDatanodeState (InitDatanodeState.java:persistContainerDatanodeDetails(138)) - DatanodeDetails is persisted to /home/runner/work/ozone/ozone/hadoop-ozone/integration-test/target/test-dir/MiniOzoneClusterImpl-0c55ea5e-da39-43b3-be52-3d6e56a90e90/datanode-2/meta/datanode.id
2022-10-15 07:44:31,570 [Mini-Cluster-Provider-Reap] INFO  utils.BackgroundService (BackgroundService.java:shutdown(141)) - Shutting down service BlockDeletingService
2022-10-15 07:44:31,580 [ForkJoinPool.commonPool-worker-0] INFO  utils.BackgroundService (BackgroundService.java:shutdown(141)) - Shutting down service BlockDeletingService
2022-10-15 07:44:31,581 [Mini-Cluster-Provider-Reap] INFO  utils.BackgroundService (BackgroundService.java:shutdown(141)) - Shutting down service StaleRecoveringContainerScrubbingService
2022-10-15 07:44:31,581 [ForkJoinPool.commonPool-worker-0] INFO  utils.BackgroundService (BackgroundService.java:shutdown(141)) - Shutting down service StaleRecoveringContainerScrubbingService
2022-10-15 07:44:31,586 [Mini-Cluster-Provider-Reap] INFO  statemachine.DatanodeStateMachine (DatanodeStateMachine.java:stopDaemon(580)) - Ozone container server stopped.
2022-10-15 07:44:31,590 [grpc-default-executor-7] WARN  server.GrpcLogAppender (LogUtils.java:warn(122)) - 9a24ac87-7197-4b23-9992-aedcbee91c34@group-A528F5A873A6->21a643b6-1a42-4dcc-b3d5-cdf5198533e3-AppendLogResponseHandler: Failed appendEntries: org.apache.ratis.thirdparty.io.grpc.StatusRuntimeException: UNAVAILABLE: io exception
2022-10-15 07:44:31,595 [grpc-default-executor-7] INFO  leader.FollowerInfo (FollowerInfoImpl.java:lambda$new$0(48)) - 9a24ac87-7197-4b23-9992-aedcbee91c34@group-A528F5A873A6->21a643b6-1a42-4dcc-b3d5-cdf5198533e3: nextIndex: updateUnconditionally 60 -> 59
2022-10-15 07:44:31,590 [ForkJoinPool.commonPool-worker-0] INFO  statemachine.DatanodeStateMachine (DatanodeStateMachine.java:stopDaemon(580)) - Ozone container server stopped.
2022-10-15 07:44:31,589 [ReplicationMonitor] INFO  replication.ReplicationManager (ReplicationManager.java:processAll(291)) - Replication Manager is not ready to run until 3000ms after safemode exit
2022-10-15 07:44:31,612 [grpc-default-executor-7] WARN  server.GrpcLogAppender (LogUtils.java:warn(122)) - 9a24ac87-7197-4b23-9992-aedcbee91c34@group-A528F5A873A6->d26a0d60-6788-4f19-88c8-825bcaa82edc-AppendLogResponseHandler: Failed appendEntries: org.apache.ratis.thirdparty.io.grpc.StatusRuntimeException: UNAVAILABLE: io exception
2022-10-15 07:44:31,612 [grpc-default-executor-7] INFO  leader.FollowerInfo (FollowerInfoImpl.java:lambda$new$0(48)) - 9a24ac87-7197-4b23-9992-aedcbee91c34@group-A528F5A873A6->d26a0d60-6788-4f19-88c8-825bcaa82edc: nextIndex: updateUnconditionally 60 -> 59
2022-10-15 07:44:31,626 [ForkJoinPool.commonPool-worker-0] INFO  handler.ContextHandler (ContextHandler.java:doStop(1153)) - Stopped o.e.j.w.WebAppContext@5274acd1{hddsDatanode,/,null,STOPPED}{jar:file:/home/runner/.m2/repository/org/apache/ozone/hdds-container-service/1.3.0-SNAPSHOT/hdds-container-service-1.3.0-SNAPSHOT.jar!/webapps/hddsDatanode}
2022-10-15 07:44:31,630 [Mini-Cluster-Provider-Reap] INFO  handler.ContextHandler (ContextHandler.java:doStop(1153)) - Stopped o.e.j.w.WebAppContext@7e03d3c2{hddsDatanode,/,null,STOPPED}{jar:file:/home/runner/.m2/repository/org/apache/ozone/hdds-container-service/1.3.0-SNAPSHOT/hdds-container-service-1.3.0-SNAPSHOT.jar!/webapps/hddsDatanode}
2022-10-15 07:44:31,631 [Mini-Cluster-Provider-Reap] INFO  server.AbstractConnector (AbstractConnector.java:doStop(381)) - Stopped ServerConnector@c621173{HTTP/1.1, (http/1.1)}{0.0.0.0:0}
2022-10-15 07:44:31,631 [Mini-Cluster-Provider-Reap] INFO  server.session (HouseKeeper.java:stopScavenging(149)) - node0 Stopped scavenging
2022-10-15 07:44:31,631 [Mini-Cluster-Provider-Reap] INFO  handler.ContextHandler (ContextHandler.java:doStop(1153)) - Stopped o.e.j.s.ServletContextHandler@53f44e04{static,/static,jar:file:/home/runner/.m2/repository/org/apache/ozone/hdds-container-service/1.3.0-SNAPSHOT/hdds-container-service-1.3.0-SNAPSHOT.jar!/webapps/static,STOPPED}
2022-10-15 07:44:31,632 [Mini-Cluster-Provider-Reap] INFO  handler.ContextHandler (ContextHandler.java:doStop(1153)) - Stopped o.e.j.s.ServletContextHandler@5f273526{logs,/logs,file:///home/runner/work/ozone/ozone/hadoop-ozone/integration-test/target/log,STOPPED}
2022-10-15 07:44:31,635 [Listener at 127.0.0.1/40173] INFO  upgrade.AbstractLayoutVersionManager (AbstractLayoutVersionManager.java:init(83)) - Initializing Layout version manager with metadata layout = DATANODE_SCHEMA_V3 (version = 4), software layout = DATANODE_SCHEMA_V3 (version = 4)
2022-10-15 07:44:31,639 [Mini-Cluster-Provider-Reap] INFO  ozoneimpl.OzoneContainer (OzoneContainer.java:stop(400)) - Attempting to stop container services.
2022-10-15 07:44:31,639 [ForkJoinPool.commonPool-worker-0] INFO  server.AbstractConnector (AbstractConnector.java:doStop(381)) - Stopped ServerConnector@23f539df{HTTP/1.1, (http/1.1)}{0.0.0.0:44947}
2022-10-15 07:44:31,639 [ForkJoinPool.commonPool-worker-0] INFO  server.session (HouseKeeper.java:stopScavenging(149)) - node0 Stopped scavenging
2022-10-15 07:44:31,639 [Mini-Cluster-Provider-Reap] INFO  server.RaftServer (RaftServerProxy.java:lambda$close$7(398)) - 1a927d95-9689-4ae2-94aa-466101e25ef1: close
2022-10-15 07:44:31,639 [Mini-Cluster-Provider-Reap] INFO  server.RaftServer$Division (RaftServerImpl.java:lambda$close$4(434)) - 1a927d95-9689-4ae2-94aa-466101e25ef1@group-D429F15CF235: shutdown
2022-10-15 07:44:31,639 [Mini-Cluster-Provider-Reap] INFO  util.JmxRegister (JmxRegister.java:unregister(73)) - Successfully un-registered JMX Bean with object name Ratis:service=RaftServer,group=group-D429F15CF235,id=1a927d95-9689-4ae2-94aa-466101e25ef1
2022-10-15 07:44:31,640 [Mini-Cluster-Provider-Reap] INFO  impl.RoleInfo (RoleInfo.java:shutdownLeaderState(93)) - 1a927d95-9689-4ae2-94aa-466101e25ef1: shutdown 1a927d95-9689-4ae2-94aa-466101e25ef1@group-D429F15CF235-LeaderStateImpl
2022-10-15 07:44:31,640 [Mini-Cluster-Provider-Reap] INFO  impl.PendingRequests (PendingRequests.java:sendNotLeaderResponses(282)) - 1a927d95-9689-4ae2-94aa-466101e25ef1@group-D429F15CF235-PendingRequests: sendNotLeaderResponses
2022-10-15 07:44:31,647 [ForkJoinPool.commonPool-worker-0] INFO  handler.ContextHandler (ContextHandler.java:doStop(1153)) - Stopped o.e.j.s.ServletContextHandler@116efe65{static,/static,jar:file:/home/runner/.m2/repository/org/apache/ozone/hdds-container-service/1.3.0-SNAPSHOT/hdds-container-service-1.3.0-SNAPSHOT.jar!/webapps/static,STOPPED}
2022-10-15 07:44:31,649 [1a927d95-9689-4ae2-94aa-466101e25ef1@group-D429F15CF235-StateMachineUpdater] INFO  ratis.ContainerStateMachine (ContainerStateMachine.java:takeSnapshot(304)) - group-D429F15CF235: Taking a snapshot at:(t:1, i:0) file /home/runner/work/ozone/ozone/hadoop-ozone/integration-test/target/test-dir/MiniOzoneClusterImpl-66da459b-aeee-45c7-ad0e-5ce5667a4dd7/datanode-6/data/ratis/146cf5c3-5a4e-4093-98a4-d429f15cf235/sm/snapshot.1_0
2022-10-15 07:44:31,649 [DatanodeAdminManager-0] INFO  node.DatanodeAdminMonitorImpl (DatanodeAdminMonitorImpl.java:run(148)) - There are 1 nodes tracked for decommission and maintenance. 0 pending nodes.
2022-10-15 07:44:31,651 [ForkJoinPool.commonPool-worker-0] INFO  handler.ContextHandler (ContextHandler.java:doStop(1153)) - Stopped o.e.j.s.ServletContextHandler@576a8b00{logs,/logs,file:///home/runner/work/ozone/ozone/hadoop-ozone/integration-test/target/log,STOPPED}
2022-10-15 07:44:31,651 [Mini-Cluster-Provider-Reap] INFO  impl.StateMachineUpdater (StateMachineUpdater.java:stopAndJoin(153)) - 1a927d95-9689-4ae2-94aa-466101e25ef1@group-D429F15CF235-StateMachineUpdater: set stopIndex = 0
2022-10-15 07:44:31,652 [1a927d95-9689-4ae2-94aa-466101e25ef1@group-D429F15CF235-StateMachineUpdater] INFO  ratis.ContainerStateMachine (ContainerStateMachine.java:takeSnapshot(315)) - group-D429F15CF235: Finished taking a snapshot at:(t:1, i:0) file:/home/runner/work/ozone/ozone/hadoop-ozone/integration-test/target/test-dir/MiniOzoneClusterImpl-66da459b-aeee-45c7-ad0e-5ce5667a4dd7/datanode-6/data/ratis/146cf5c3-5a4e-4093-98a4-d429f15cf235/sm/snapshot.1_0 took: 3 ms
2022-10-15 07:44:31,652 [1a927d95-9689-4ae2-94aa-466101e25ef1@group-D429F15CF235-StateMachineUpdater] INFO  impl.StateMachineUpdater (StateMachineUpdater.java:takeSnapshot(287)) - 1a927d95-9689-4ae2-94aa-466101e25ef1@group-D429F15CF235-StateMachineUpdater: Took a snapshot at index 0
2022-10-15 07:44:31,652 [1a927d95-9689-4ae2-94aa-466101e25ef1@group-D429F15CF235-StateMachineUpdater] INFO  impl.StateMachineUpdater (StateMachineUpdater.java:lambda$new$0(92)) - 1a927d95-9689-4ae2-94aa-466101e25ef1@group-D429F15CF235-StateMachineUpdater: snapshotIndex: updateIncreasingly -1 -> 0
2022-10-15 07:44:31,653 [Mini-Cluster-Provider-Reap] INFO  server.RaftServer$Division (ServerState.java:close(429)) - 1a927d95-9689-4ae2-94aa-466101e25ef1@group-D429F15CF235: closes. applyIndex: 0
2022-10-15 07:44:31,653 [1a927d95-9689-4ae2-94aa-466101e25ef1@group-D429F15CF235-SegmentedRaftLogWorker] INFO  segmented.SegmentedRaftLogWorker (SegmentedRaftLogWorker.java:run(336)) - 1a927d95-9689-4ae2-94aa-466101e25ef1@group-D429F15CF235-SegmentedRaftLogWorker was interrupted, exiting. There are 0 tasks remaining in the queue.
2022-10-15 07:44:31,653 [Mini-Cluster-Provider-Reap] INFO  segmented.SegmentedRaftLogWorker (SegmentedRaftLogWorker.java:close(246)) - 1a927d95-9689-4ae2-94aa-466101e25ef1@group-D429F15CF235-SegmentedRaftLogWorker close()
2022-10-15 07:44:31,654 [Mini-Cluster-Provider-Reap] INFO  server.RaftServer$Division (RaftServerImpl.java:lambda$close$4(434)) - 1a927d95-9689-4ae2-94aa-466101e25ef1@group-186442F10DA6: shutdown
2022-10-15 07:44:31,654 [Mini-Cluster-Provider-Reap] INFO  util.JmxRegister (JmxRegister.java:unregister(73)) - Successfully un-registered JMX Bean with object name Ratis:service=RaftServer,group=group-186442F10DA6,id=1a927d95-9689-4ae2-94aa-466101e25ef1
2022-10-15 07:44:31,654 [Mini-Cluster-Provider-Reap] INFO  impl.RoleInfo (RoleInfo.java:shutdownLeaderState(93)) - 1a927d95-9689-4ae2-94aa-466101e25ef1: shutdown 1a927d95-9689-4ae2-94aa-466101e25ef1@group-186442F10DA6-LeaderStateImpl
2022-10-15 07:44:31,654 [1a927d95-9689-4ae2-94aa-466101e25ef1@group-186442F10DA6->9f678299-4532-47e1-9b54-5ce4850b949b-GrpcLogAppender-LogAppenderDaemon] WARN  server.GrpcLogAppender (GrpcLogAppender.java:mayWait(171)) - 1a927d95-9689-4ae2-94aa-466101e25ef1@group-186442F10DA6->9f678299-4532-47e1-9b54-5ce4850b949b-GrpcLogAppender: Wait interrupted by java.lang.InterruptedException
2022-10-15 07:44:31,654 [Mini-Cluster-Provider-Reap] INFO  impl.PendingRequests (PendingRequests.java:sendNotLeaderResponses(282)) - 1a927d95-9689-4ae2-94aa-466101e25ef1@group-186442F10DA6-PendingRequests: sendNotLeaderResponses
2022-10-15 07:44:31,654 [grpc-default-executor-7] INFO  server.GrpcServerProtocolService (GrpcServerProtocolService.java:onCompleted(140)) - 9f678299-4532-47e1-9b54-5ce4850b949b: Completed APPEND_ENTRIES, lastRequest: 1a927d95-9689-4ae2-94aa-466101e25ef1->9f678299-4532-47e1-9b54-5ce4850b949b#1-t5,previous=(t:0, i:0),leaderCommit=-1,initializing? true,entries: size=1, first=(t:5, i:0), CONFIGURATIONENTRY
2022-10-15 07:44:31,655 [grpc-default-executor-3] INFO  server.GrpcLogAppender (GrpcLogAppender.java:onCompleted(339)) - 1a927d95-9689-4ae2-94aa-466101e25ef1@group-186442F10DA6->9f678299-4532-47e1-9b54-5ce4850b949b-AppendLogResponseHandler: follower responses appendEntries COMPLETED
2022-10-15 07:44:31,655 [grpc-default-executor-3] INFO  leader.FollowerInfo (FollowerInfoImpl.java:lambda$new$0(48)) - 1a927d95-9689-4ae2-94aa-466101e25ef1@group-186442F10DA6->9f678299-4532-47e1-9b54-5ce4850b949b: nextIndex: updateUnconditionally 1 -> 0
2022-10-15 07:44:31,656 [1a927d95-9689-4ae2-94aa-466101e25ef1@group-186442F10DA6-StateMachineUpdater] INFO  ratis.ContainerStateMachine (ContainerStateMachine.java:takeSnapshot(304)) - group-186442F10DA6: Taking a snapshot at:(t:5, i:0) file /home/runner/work/ozone/ozone/hadoop-ozone/integration-test/target/test-dir/MiniOzoneClusterImpl-66da459b-aeee-45c7-ad0e-5ce5667a4dd7/datanode-6/data/ratis/60f4bbe5-b59a-4160-bd27-186442f10da6/sm/snapshot.5_0
2022-10-15 07:44:31,656 [Mini-Cluster-Provider-Reap] INFO  impl.StateMachineUpdater (StateMachineUpdater.java:stopAndJoin(153)) - 1a927d95-9689-4ae2-94aa-466101e25ef1@group-186442F10DA6-StateMachineUpdater: set stopIndex = 0
2022-10-15 07:44:31,657 [1a927d95-9689-4ae2-94aa-466101e25ef1@group-186442F10DA6-StateMachineUpdater] INFO  ratis.ContainerStateMachine (ContainerStateMachine.java:takeSnapshot(315)) - group-186442F10DA6: Finished taking a snapshot at:(t:5, i:0) file:/home/runner/work/ozone/ozone/hadoop-ozone/integration-test/target/test-dir/MiniOzoneClusterImpl-66da459b-aeee-45c7-ad0e-5ce5667a4dd7/datanode-6/data/ratis/60f4bbe5-b59a-4160-bd27-186442f10da6/sm/snapshot.5_0 took: 1 ms
2022-10-15 07:44:31,657 [1a927d95-9689-4ae2-94aa-466101e25ef1@group-186442F10DA6-StateMachineUpdater] INFO  impl.StateMachineUpdater (StateMachineUpdater.java:takeSnapshot(287)) - 1a927d95-9689-4ae2-94aa-466101e25ef1@group-186442F10DA6-StateMachineUpdater: Took a snapshot at index 0
2022-10-15 07:44:31,657 [1a927d95-9689-4ae2-94aa-466101e25ef1@group-186442F10DA6-StateMachineUpdater] INFO  impl.StateMachineUpdater (StateMachineUpdater.java:lambda$new$0(92)) - 1a927d95-9689-4ae2-94aa-466101e25ef1@group-186442F10DA6-StateMachineUpdater: snapshotIndex: updateIncreasingly -1 -> 0
2022-10-15 07:44:31,657 [Mini-Cluster-Provider-Reap] INFO  server.RaftServer$Division (ServerState.java:close(429)) - 1a927d95-9689-4ae2-94aa-466101e25ef1@group-186442F10DA6: closes. applyIndex: 0
2022-10-15 07:44:31,657 [1a927d95-9689-4ae2-94aa-466101e25ef1@group-186442F10DA6-SegmentedRaftLogWorker] INFO  segmented.SegmentedRaftLogWorker (SegmentedRaftLogWorker.java:run(336)) - 1a927d95-9689-4ae2-94aa-466101e25ef1@group-186442F10DA6-SegmentedRaftLogWorker was interrupted, exiting. There are 0 tasks remaining in the queue.
2022-10-15 07:44:31,658 [Mini-Cluster-Provider-Reap] INFO  segmented.SegmentedRaftLogWorker (SegmentedRaftLogWorker.java:close(246)) - 1a927d95-9689-4ae2-94aa-466101e25ef1@group-186442F10DA6-SegmentedRaftLogWorker close()
2022-10-15 07:44:31,658 [Mini-Cluster-Provider-Reap] INFO  server.GrpcService (GrpcService.java:closeImpl(269)) - 1a927d95-9689-4ae2-94aa-466101e25ef1: shutdown server with port 33377 now
2022-10-15 07:44:31,665 [Mini-Cluster-Provider-Reap] INFO  server.GrpcService (GrpcService.java:closeImpl(278)) - 1a927d95-9689-4ae2-94aa-466101e25ef1: shutdown server with port 33377 successfully
2022-10-15 07:44:31,665 [org.apache.ratis.util.JvmPauseMonitor$$Lambda$718/783493338@225fdfa6] INFO  util.JvmPauseMonitor (JvmPauseMonitor.java:run(109)) - JvmPauseMonitor-1a927d95-9689-4ae2-94aa-466101e25ef1: Stopped
2022-10-15 07:44:31,695 [ForkJoinPool.commonPool-worker-0] INFO  ozoneimpl.OzoneContainer (OzoneContainer.java:stop(400)) - Attempting to stop container services.
2022-10-15 07:44:31,698 [ForkJoinPool.commonPool-worker-0] INFO  server.RaftServer (RaftServerProxy.java:lambda$close$7(398)) - 9f678299-4532-47e1-9b54-5ce4850b949b: close
2022-10-15 07:44:31,698 [ForkJoinPool.commonPool-worker-0] INFO  server.RaftServer$Division (RaftServerImpl.java:lambda$close$4(434)) - 9f678299-4532-47e1-9b54-5ce4850b949b@group-BFD889D9570D: shutdown
2022-10-15 07:44:31,698 [ForkJoinPool.commonPool-worker-0] INFO  util.JmxRegister (JmxRegister.java:unregister(73)) - Successfully un-registered JMX Bean with object name Ratis:service=RaftServer,group=group-BFD889D9570D,id=9f678299-4532-47e1-9b54-5ce4850b949b
2022-10-15 07:44:31,698 [ForkJoinPool.commonPool-worker-0] INFO  impl.RoleInfo (RoleInfo.java:shutdownLeaderState(93)) - 9f678299-4532-47e1-9b54-5ce4850b949b: shutdown 9f678299-4532-47e1-9b54-5ce4850b949b@group-BFD889D9570D-LeaderStateImpl
2022-10-15 07:44:31,698 [ForkJoinPool.commonPool-worker-0] INFO  impl.PendingRequests (PendingRequests.java:sendNotLeaderResponses(282)) - 9f678299-4532-47e1-9b54-5ce4850b949b@group-BFD889D9570D-PendingRequests: sendNotLeaderResponses
2022-10-15 07:44:31,699 [ForkJoinPool.commonPool-worker-0] INFO  impl.StateMachineUpdater (StateMachineUpdater.java:stopAndJoin(153)) - 9f678299-4532-47e1-9b54-5ce4850b949b@group-BFD889D9570D-StateMachineUpdater: set stopIndex = 0
2022-10-15 07:44:31,699 [9f678299-4532-47e1-9b54-5ce4850b949b@group-BFD889D9570D-StateMachineUpdater] INFO  ratis.ContainerStateMachine (ContainerStateMachine.java:takeSnapshot(304)) - group-BFD889D9570D: Taking a snapshot at:(t:1, i:0) file /home/runner/work/ozone/ozone/hadoop-ozone/integration-test/target/test-dir/MiniOzoneClusterImpl-66da459b-aeee-45c7-ad0e-5ce5667a4dd7/datanode-0/data/ratis/5f6269e7-8121-4f19-ac74-bfd889d9570d/sm/snapshot.1_0
2022-10-15 07:44:31,700 [9f678299-4532-47e1-9b54-5ce4850b949b@group-BFD889D9570D-StateMachineUpdater] INFO  ratis.ContainerStateMachine (ContainerStateMachine.java:takeSnapshot(315)) - group-BFD889D9570D: Finished taking a snapshot at:(t:1, i:0) file:/home/runner/work/ozone/ozone/hadoop-ozone/integration-test/target/test-dir/MiniOzoneClusterImpl-66da459b-aeee-45c7-ad0e-5ce5667a4dd7/datanode-0/data/ratis/5f6269e7-8121-4f19-ac74-bfd889d9570d/sm/snapshot.1_0 took: 1 ms
2022-10-15 07:44:31,700 [9f678299-4532-47e1-9b54-5ce4850b949b@group-BFD889D9570D-StateMachineUpdater] INFO  impl.StateMachineUpdater (StateMachineUpdater.java:takeSnapshot(287)) - 9f678299-4532-47e1-9b54-5ce4850b949b@group-BFD889D9570D-StateMachineUpdater: Took a snapshot at index 0
2022-10-15 07:44:31,700 [9f678299-4532-47e1-9b54-5ce4850b949b@group-BFD889D9570D-StateMachineUpdater] INFO  impl.StateMachineUpdater (StateMachineUpdater.java:lambda$new$0(92)) - 9f678299-4532-47e1-9b54-5ce4850b949b@group-BFD889D9570D-StateMachineUpdater: snapshotIndex: updateIncreasingly -1 -> 0
2022-10-15 07:44:31,700 [ForkJoinPool.commonPool-worker-0] INFO  server.RaftServer$Division (ServerState.java:close(429)) - 9f678299-4532-47e1-9b54-5ce4850b949b@group-BFD889D9570D: closes. applyIndex: 0
2022-10-15 07:44:31,701 [9f678299-4532-47e1-9b54-5ce4850b949b@group-BFD889D9570D-SegmentedRaftLogWorker] INFO  segmented.SegmentedRaftLogWorker (SegmentedRaftLogWorker.java:run(336)) - 9f678299-4532-47e1-9b54-5ce4850b949b@group-BFD889D9570D-SegmentedRaftLogWorker was interrupted, exiting. There are 0 tasks remaining in the queue.
2022-10-15 07:44:31,701 [ForkJoinPool.commonPool-worker-0] INFO  segmented.SegmentedRaftLogWorker (SegmentedRaftLogWorker.java:close(246)) - 9f678299-4532-47e1-9b54-5ce4850b949b@group-BFD889D9570D-SegmentedRaftLogWorker close()
2022-10-15 07:44:31,701 [ForkJoinPool.commonPool-worker-0] INFO  server.RaftServer$Division (RaftServerImpl.java:lambda$close$4(434)) - 9f678299-4532-47e1-9b54-5ce4850b949b@group-186442F10DA6: shutdown
2022-10-15 07:44:31,701 [ForkJoinPool.commonPool-worker-0] INFO  util.JmxRegister (JmxRegister.java:unregister(73)) - Successfully un-registered JMX Bean with object name Ratis:service=RaftServer,group=group-186442F10DA6,id=9f678299-4532-47e1-9b54-5ce4850b949b
2022-10-15 07:44:31,701 [ForkJoinPool.commonPool-worker-0] INFO  impl.RoleInfo (RoleInfo.java:shutdownFollowerState(110)) - 9f678299-4532-47e1-9b54-5ce4850b949b: shutdown 9f678299-4532-47e1-9b54-5ce4850b949b@group-186442F10DA6-FollowerState
2022-10-15 07:44:31,701 [9f678299-4532-47e1-9b54-5ce4850b949b@group-186442F10DA6-FollowerState] INFO  impl.FollowerState (FollowerState.java:run(152)) - 9f678299-4532-47e1-9b54-5ce4850b949b@group-186442F10DA6-FollowerState was interrupted
2022-10-15 07:44:31,702 [9f678299-4532-47e1-9b54-5ce4850b949b@group-186442F10DA6-StateMachineUpdater] INFO  ratis.ContainerStateMachine (ContainerStateMachine.java:takeSnapshot(304)) - group-186442F10DA6: Taking a snapshot at:(t:5, i:0) file /home/runner/work/ozone/ozone/hadoop-ozone/integration-test/target/test-dir/MiniOzoneClusterImpl-66da459b-aeee-45c7-ad0e-5ce5667a4dd7/datanode-0/data/ratis/60f4bbe5-b59a-4160-bd27-186442f10da6/sm/snapshot.5_0
2022-10-15 07:44:31,702 [ForkJoinPool.commonPool-worker-0] INFO  impl.StateMachineUpdater (StateMachineUpdater.java:stopAndJoin(153)) - 9f678299-4532-47e1-9b54-5ce4850b949b@group-186442F10DA6-StateMachineUpdater: set stopIndex = 0
2022-10-15 07:44:31,703 [9f678299-4532-47e1-9b54-5ce4850b949b@group-186442F10DA6-StateMachineUpdater] INFO  ratis.ContainerStateMachine (ContainerStateMachine.java:takeSnapshot(315)) - group-186442F10DA6: Finished taking a snapshot at:(t:5, i:0) file:/home/runner/work/ozone/ozone/hadoop-ozone/integration-test/target/test-dir/MiniOzoneClusterImpl-66da459b-aeee-45c7-ad0e-5ce5667a4dd7/datanode-0/data/ratis/60f4bbe5-b59a-4160-bd27-186442f10da6/sm/snapshot.5_0 took: 1 ms
2022-10-15 07:44:31,703 [9f678299-4532-47e1-9b54-5ce4850b949b@group-186442F10DA6-StateMachineUpdater] INFO  impl.StateMachineUpdater (StateMachineUpdater.java:takeSnapshot(287)) - 9f678299-4532-47e1-9b54-5ce4850b949b@group-186442F10DA6-StateMachineUpdater: Took a snapshot at index 0
2022-10-15 07:44:31,703 [9f678299-4532-47e1-9b54-5ce4850b949b@group-186442F10DA6-StateMachineUpdater] INFO  impl.StateMachineUpdater (StateMachineUpdater.java:lambda$new$0(92)) - 9f678299-4532-47e1-9b54-5ce4850b949b@group-186442F10DA6-StateMachineUpdater: snapshotIndex: updateIncreasingly -1 -> 0
2022-10-15 07:44:31,703 [ForkJoinPool.commonPool-worker-0] INFO  server.RaftServer$Division (ServerState.java:close(429)) - 9f678299-4532-47e1-9b54-5ce4850b949b@group-186442F10DA6: closes. applyIndex: 0
2022-10-15 07:44:31,703 [9f678299-4532-47e1-9b54-5ce4850b949b@group-186442F10DA6-SegmentedRaftLogWorker] INFO  segmented.SegmentedRaftLogWorker (SegmentedRaftLogWorker.java:run(336)) - 9f678299-4532-47e1-9b54-5ce4850b949b@group-186442F10DA6-SegmentedRaftLogWorker was interrupted, exiting. There are 0 tasks remaining in the queue.
2022-10-15 07:44:31,703 [ForkJoinPool.commonPool-worker-0] INFO  segmented.SegmentedRaftLogWorker (SegmentedRaftLogWorker.java:close(246)) - 9f678299-4532-47e1-9b54-5ce4850b949b@group-186442F10DA6-SegmentedRaftLogWorker close()
2022-10-15 07:44:31,704 [ForkJoinPool.commonPool-worker-0] INFO  server.GrpcService (GrpcService.java:closeImpl(269)) - 9f678299-4532-47e1-9b54-5ce4850b949b: shutdown server with port 40365 now
2022-10-15 07:44:31,706 [ForkJoinPool.commonPool-worker-0] INFO  server.GrpcService (GrpcService.java:closeImpl(278)) - 9f678299-4532-47e1-9b54-5ce4850b949b: shutdown server with port 40365 successfully
2022-10-15 07:44:31,706 [org.apache.ratis.util.JvmPauseMonitor$$Lambda$718/783493338@172288d] INFO  util.JvmPauseMonitor (JvmPauseMonitor.java:run(109)) - JvmPauseMonitor-9f678299-4532-47e1-9b54-5ce4850b949b: Stopped
2022-10-15 07:44:31,737 [Listener at 127.0.0.1/40173] INFO  reflections.Reflections (Reflections.java:scan(232)) - Reflections took 85 ms to scan 7 urls, producing 137 keys and 328 values 
2022-10-15 07:44:31,738 [Listener at 127.0.0.1/40173] INFO  statemachine.DatanodeStateMachine (DatanodeStateMachine.java:getEndPointTaskThreadPoolSize(237)) - Datanode State Machine Task Thread Pool size 2
2022-10-15 07:44:31,739 [Listener at 127.0.0.1/40173] INFO  volume.HddsVolume (HddsVolume.java:<init>(117)) - Creating HddsVolume: /home/runner/work/ozone/ozone/hadoop-ozone/integration-test/target/test-dir/MiniOzoneClusterImpl-0c55ea5e-da39-43b3-be52-3d6e56a90e90/datanode-3/data-0/containers/hdds of storage type : DISK capacity : 9223372036854775807
2022-10-15 07:44:31,739 [Listener at 127.0.0.1/40173] INFO  volume.MutableVolumeSet (MutableVolumeSet.java:initializeVolumeSet(174)) - Added Volume : /home/runner/work/ozone/ozone/hadoop-ozone/integration-test/target/test-dir/MiniOzoneClusterImpl-0c55ea5e-da39-43b3-be52-3d6e56a90e90/datanode-3/data-0/containers/hdds to VolumeSet
2022-10-15 07:44:31,739 [Listener at 127.0.0.1/40173] INFO  volume.ThrottledAsyncChecker (ThrottledAsyncChecker.java:schedule(141)) - Scheduling a check for /home/runner/work/ozone/ozone/hadoop-ozone/integration-test/target/test-dir/MiniOzoneClusterImpl-0c55ea5e-da39-43b3-be52-3d6e56a90e90/datanode-3/data-0/containers/hdds
2022-10-15 07:44:31,740 [Listener at 127.0.0.1/40173] INFO  volume.StorageVolumeChecker (StorageVolumeChecker.java:checkAllVolumes(202)) - Scheduled health check for volume /home/runner/work/ozone/ozone/hadoop-ozone/integration-test/target/test-dir/MiniOzoneClusterImpl-0c55ea5e-da39-43b3-be52-3d6e56a90e90/datanode-3/data-0/containers/hdds
2022-10-15 07:44:31,750 [Listener at 127.0.0.1/40173] INFO  volume.MutableVolumeSet (MutableVolumeSet.java:initializeVolumeSet(174)) - Added Volume : /home/runner/work/ozone/ozone/hadoop-ozone/integration-test/target/test-dir/MiniOzoneClusterImpl-0c55ea5e-da39-43b3-be52-3d6e56a90e90/datanode-3/data/ratis to VolumeSet
2022-10-15 07:44:31,750 [Listener at 127.0.0.1/40173] INFO  volume.ThrottledAsyncChecker (ThrottledAsyncChecker.java:schedule(141)) - Scheduling a check for /home/runner/work/ozone/ozone/hadoop-ozone/integration-test/target/test-dir/MiniOzoneClusterImpl-0c55ea5e-da39-43b3-be52-3d6e56a90e90/datanode-3/data/ratis
2022-10-15 07:44:31,750 [Listener at 127.0.0.1/40173] INFO  volume.StorageVolumeChecker (StorageVolumeChecker.java:checkAllVolumes(202)) - Scheduled health check for volume /home/runner/work/ozone/ozone/hadoop-ozone/integration-test/target/test-dir/MiniOzoneClusterImpl-0c55ea5e-da39-43b3-be52-3d6e56a90e90/datanode-3/data/ratis
2022-10-15 07:44:31,763 [Thread-4018] INFO  ozoneimpl.ContainerReader (ContainerReader.java:readVolume(175)) - Finish verifying containers on volume /home/runner/work/ozone/ozone/hadoop-ozone/integration-test/target/test-dir/MiniOzoneClusterImpl-0c55ea5e-da39-43b3-be52-3d6e56a90e90/datanode-3/data-0/containers/hdds
2022-10-15 07:44:31,763 [Listener at 127.0.0.1/40173] INFO  ozoneimpl.OzoneContainer (OzoneContainer.java:buildContainerSet(300)) - Build ContainerSet costs 0s
2022-10-15 07:44:31,765 [Listener at 127.0.0.1/40173] INFO  server.RaftServer (ConfUtils.java:logGet(46)) - raft.rpc.type = GRPC (default)
2022-10-15 07:44:31,765 [Listener at 127.0.0.1/40173] INFO  grpc.GrpcFactory (GrpcFactory.java:checkPooledByteBufAllocatorUseCacheForAllThreads(48)) - PERFORMANCE WARNING: useCacheForAllThreads is true that may cause Netty to create a lot garbage objects and, as a result, trigger GC.
	It is recommended to disable useCacheForAllThreads by setting -Dorg.apache.ratis.thirdparty.io.netty.allocator.useCacheForAllThreads=false in command line.
2022-10-15 07:44:31,765 [Listener at 127.0.0.1/40173] INFO  grpc.GrpcConfigKeys (ConfUtils.java:logGet(46)) - raft.grpc.admin.port = 0 (custom)
2022-10-15 07:44:31,765 [Listener at 127.0.0.1/40173] INFO  grpc.GrpcConfigKeys (ConfUtils.java:logGet(46)) - raft.grpc.client.port = 0 (custom)
2022-10-15 07:44:31,765 [Listener at 127.0.0.1/40173] INFO  grpc.GrpcConfigKeys (ConfUtils.java:logGet(46)) - raft.grpc.server.port = 0 (default)
2022-10-15 07:44:31,765 [Listener at 127.0.0.1/40173] INFO  server.GrpcService (ConfUtils.java:logGet(46)) - raft.grpc.message.size.max = 32MB (=33554432) (custom)
2022-10-15 07:44:31,765 [Listener at 127.0.0.1/40173] INFO  server.RaftServerConfigKeys (ConfUtils.java:logGet(46)) - raft.server.log.appender.buffer.byte-limit = 33554432 (custom)
2022-10-15 07:44:31,765 [Listener at 127.0.0.1/40173] INFO  server.GrpcService (ConfUtils.java:logGet(46)) - raft.grpc.flow.control.window = 5MB (=5242880) (custom)
2022-10-15 07:44:31,765 [Listener at 127.0.0.1/40173] INFO  server.RaftServerConfigKeys (ConfUtils.java:logGet(46)) - raft.server.rpc.request.timeout = 60s (custom)
2022-10-15 07:44:31,765 [Listener at 127.0.0.1/40173] INFO  grpc.GrpcConfigKeys (ConfUtils.java:logGet(46)) - raft.grpc.server.async.request.thread.pool.cached = true (default)
2022-10-15 07:44:31,766 [Listener at 127.0.0.1/40173] INFO  grpc.GrpcConfigKeys (ConfUtils.java:logGet(46)) - raft.grpc.server.async.request.thread.pool.size = 32 (default)
2022-10-15 07:44:31,766 [Listener at 127.0.0.1/40173] INFO  impl.DataStreamServerImpl (ConfUtils.java:logGet(46)) - raft.datastream.type = DISABLED (default)
2022-10-15 07:44:31,766 [Listener at 127.0.0.1/40173] INFO  server.RaftServerConfigKeys (ConfUtils.java:logGet(46)) - raft.server.threadpool.proxy.cached = true (default)
2022-10-15 07:44:31,767 [Listener at 127.0.0.1/40173] INFO  server.RaftServerConfigKeys (ConfUtils.java:logGet(46)) - raft.server.threadpool.proxy.size = 0 (default)
2022-10-15 07:44:31,767 [Listener at 127.0.0.1/40173] INFO  server.RaftServerConfigKeys (ConfUtils.java:logGet(46)) - raft.server.rpc.slowness.timeout = 300s (custom)
2022-10-15 07:44:31,767 [Listener at 127.0.0.1/40173] INFO  server.RaftServerConfigKeys (ConfUtils.java:logGet(46)) - raft.server.leaderelection.leader.step-down.wait-time = 10s (default)
2022-10-15 07:44:31,767 [Listener at 127.0.0.1/40173] INFO  server.RaftServerConfigKeys (ConfUtils.java:logGet(46)) - raft.server.storage.dir = [/home/runner/work/ozone/ozone/hadoop-ozone/integration-test/target/test-dir/MiniOzoneClusterImpl-0c55ea5e-da39-43b3-be52-3d6e56a90e90/datanode-3/data/ratis] (custom)
2022-10-15 07:44:31,768 [Listener at 127.0.0.1/40173] INFO  server.XceiverServerGrpc (XceiverServerGrpc.java:<init>(132)) - GrpcServer channel type EpollServerSocketChannel
2022-10-15 07:44:31,770 [Listener at 127.0.0.1/40173] INFO  http.BaseHttpServer (BaseHttpServer.java:newHttpServer2BuilderForOzone(213)) - Starting Web-server for hddsDatanode at: http://0.0.0.0:0
2022-10-15 07:44:31,770 [Listener at 127.0.0.1/40173] INFO  http.BaseHttpServer (BaseHttpServer.java:<init>(108)) - Hadoop Security Enabled: false Ozone Security Enabled: false Ozone HTTP Security Enabled: false 
2022-10-15 07:44:31,771 [Listener at 127.0.0.1/40173] WARN  server.AuthenticationFilter (AuthenticationFilter.java:constructSecretProvider(240)) - Unable to initialize FileSignerSecretProvider, falling back to use random secrets. Reason: Could not read signature secret file: /home/runner/hadoop-http-auth-signature-secret
2022-10-15 07:44:31,771 [Listener at 127.0.0.1/40173] WARN  http.HttpRequestLog (HttpRequestLog.java:getRequestLog(103)) - Jetty request log can only be enabled using Log4j
2022-10-15 07:44:31,772 [Listener at 127.0.0.1/40173] INFO  http.HttpServer2 (HttpServer2.java:addGlobalFilter(1031)) - Added global filter 'safety' (class=org.apache.hadoop.hdds.server.http.HttpServer2$QuotingInputFilter)
2022-10-15 07:44:31,772 [Listener at 127.0.0.1/40173] INFO  http.HttpServer2 (HttpServer2.java:addFilter(1007)) - Added filter static_user_filter (class=org.apache.hadoop.http.lib.StaticUserWebFilter$StaticUserFilter) to context hddsDatanode
2022-10-15 07:44:31,772 [Listener at 127.0.0.1/40173] INFO  http.HttpServer2 (HttpServer2.java:addFilter(1015)) - Added filter static_user_filter (class=org.apache.hadoop.http.lib.StaticUserWebFilter$StaticUserFilter) to context logs
2022-10-15 07:44:31,772 [Listener at 127.0.0.1/40173] INFO  http.HttpServer2 (HttpServer2.java:addFilter(1015)) - Added filter static_user_filter (class=org.apache.hadoop.http.lib.StaticUserWebFilter$StaticUserFilter) to context static
2022-10-15 07:44:31,772 [Listener at 127.0.0.1/40173] INFO  http.HttpServer2 (HttpServer2.java:bindListener(1250)) - Jetty bound to port 36255
2022-10-15 07:44:31,772 [Listener at 127.0.0.1/40173] INFO  server.Server (Server.java:doStart(375)) - jetty-9.4.43.v20210629; built: 2021-06-30T11:07:22.254Z; git: 526006ecfa3af7f1a27ef3a288e2bef7ea9dd7e8; jvm 1.8.0_345-b01
2022-10-15 07:44:31,774 [Listener at 127.0.0.1/40173] INFO  server.session (DefaultSessionIdManager.java:doStart(334)) - DefaultSessionIdManager workerName=node0
2022-10-15 07:44:31,775 [Listener at 127.0.0.1/40173] INFO  server.session (DefaultSessionIdManager.java:doStart(339)) - No SessionScavenger set, using defaults
2022-10-15 07:44:31,775 [Listener at 127.0.0.1/40173] INFO  server.session (HouseKeeper.java:startScavenging(132)) - node0 Scavenging every 600000ms
2022-10-15 07:44:31,775 [Listener at 127.0.0.1/40173] INFO  handler.ContextHandler (ContextHandler.java:doStart(915)) - Started o.e.j.s.ServletContextHandler@4c235cd7{logs,/logs,file:///home/runner/work/ozone/ozone/hadoop-ozone/integration-test/target/log,AVAILABLE}
2022-10-15 07:44:31,775 [Listener at 127.0.0.1/40173] INFO  handler.ContextHandler (ContextHandler.java:doStart(915)) - Started o.e.j.s.ServletContextHandler@4eceba69{static,/static,jar:file:/home/runner/.m2/repository/org/apache/ozone/hdds-container-service/1.3.0-SNAPSHOT/hdds-container-service-1.3.0-SNAPSHOT.jar!/webapps/static,AVAILABLE}
2022-10-15 07:44:31,870 [grpc-default-executor-7] WARN  server.GrpcLogAppender (LogUtils.java:warn(122)) - 9a24ac87-7197-4b23-9992-aedcbee91c34@group-A528F5A873A6->21a643b6-1a42-4dcc-b3d5-cdf5198533e3-AppendLogResponseHandler: Failed appendEntries: org.apache.ratis.thirdparty.io.grpc.StatusRuntimeException: UNAVAILABLE: io exception
2022-10-15 07:44:31,871 [grpc-default-executor-3] WARN  server.GrpcLogAppender (LogUtils.java:warn(122)) - 9a24ac87-7197-4b23-9992-aedcbee91c34@group-A528F5A873A6->d26a0d60-6788-4f19-88c8-825bcaa82edc-AppendLogResponseHandler: Failed appendEntries: org.apache.ratis.thirdparty.io.grpc.StatusRuntimeException: UNAVAILABLE: io exception
2022-10-15 07:44:31,871 [grpc-default-executor-7] INFO  leader.FollowerInfo (FollowerInfoImpl.java:lambda$new$0(48)) - 9a24ac87-7197-4b23-9992-aedcbee91c34@group-A528F5A873A6->21a643b6-1a42-4dcc-b3d5-cdf5198533e3: nextIndex: updateUnconditionally 60 -> 59
2022-10-15 07:44:31,871 [grpc-default-executor-3] INFO  leader.FollowerInfo (FollowerInfoImpl.java:lambda$new$0(48)) - 9a24ac87-7197-4b23-9992-aedcbee91c34@group-A528F5A873A6->d26a0d60-6788-4f19-88c8-825bcaa82edc: nextIndex: updateUnconditionally 60 -> 59
2022-10-15 07:44:31,956 [Listener at 127.0.0.1/40173] INFO  handler.ContextHandler (ContextHandler.java:doStart(915)) - Started o.e.j.w.WebAppContext@71340628{hddsDatanode,/,file:///tmp/jetty-0_0_0_0-36255-hdds-container-service-1_3_0-SNAPSHOT_jar-_-any-1541720826446771239/webapp/,AVAILABLE}{jar:file:/home/runner/.m2/repository/org/apache/ozone/hdds-container-service/1.3.0-SNAPSHOT/hdds-container-service-1.3.0-SNAPSHOT.jar!/webapps/hddsDatanode}
2022-10-15 07:44:31,960 [Listener at 127.0.0.1/40173] INFO  server.AbstractConnector (AbstractConnector.java:doStart(331)) - Started ServerConnector@7e58eb55{HTTP/1.1, (http/1.1)}{0.0.0.0:36255}
2022-10-15 07:44:31,960 [Listener at 127.0.0.1/40173] INFO  server.Server (Server.java:doStart(415)) - Started @181912ms
2022-10-15 07:44:31,960 [Listener at 127.0.0.1/40173] WARN  impl.MetricsSystemImpl (MetricsSystemImpl.java:register(279)) - Sink prometheus already exists!
2022-10-15 07:44:31,960 [Listener at 127.0.0.1/40173] INFO  http.BaseHttpServer (BaseHttpServer.java:updateConnectorAddress(333)) - HTTP server of hddsDatanode listening at http://0.0.0.0:36255
2022-10-15 07:44:31,961 [Datanode State Machine Daemon Thread] INFO  statemachine.DatanodeStateMachine (DatanodeStateMachine.java:lambda$startDaemon$0(492)) - Ozone container server started.
2022-10-15 07:44:31,961 [Listener at 127.0.0.1/40173] INFO  impl.MetricsSystemImpl (MetricsSystemImpl.java:init(158)) - HddsDatanode metrics system started (again)
2022-10-15 07:44:31,967 [Datanode State Machine Task Thread - 0] INFO  datanode.InitDatanodeState (InitDatanodeState.java:persistContainerDatanodeDetails(138)) - DatanodeDetails is persisted to /home/runner/work/ozone/ozone/hadoop-ozone/integration-test/target/test-dir/MiniOzoneClusterImpl-0c55ea5e-da39-43b3-be52-3d6e56a90e90/datanode-3/meta/datanode.id
2022-10-15 07:44:31,967 [org.apache.hadoop.util.JvmPauseMonitor$Monitor@2caaa811] INFO  util.JvmPauseMonitor (JvmPauseMonitor.java:run(188)) - Starting JVM pause monitor
2022-10-15 07:44:31,971 [Listener at 127.0.0.1/40173] INFO  ozone.HddsDatanodeService (HddsDatanodeService.java:start(236)) - HddsDatanodeService host:fv-az204-107.tdy0fjcc0bpubcu1xr20co1pbf.dx.internal.cloudapp.net ip:10.1.1.113
2022-10-15 07:44:31,999 [Listener at 127.0.0.1/40173] INFO  upgrade.AbstractLayoutVersionManager (AbstractLayoutVersionManager.java:init(83)) - Initializing Layout version manager with metadata layout = DATANODE_SCHEMA_V3 (version = 4), software layout = DATANODE_SCHEMA_V3 (version = 4)
2022-10-15 07:44:32,010 [EventQueue-StaleNodeForStaleNodeHandler] INFO  node.StaleNodeHandler (StaleNodeHandler.java:onMessage(59)) - Datanode 8ac05ecf-5505-4afd-87c5-f9065cf10d1e{ip: 10.1.1.113, host: fv-az204-107.tdy0fjcc0bpubcu1xr20co1pbf.dx.internal.cloudapp.net, ports: [REPLICATION=39079, RATIS=45707, RATIS_ADMIN=45707, RATIS_SERVER=45707, STANDALONE=34163], networkLocation: /default-rack, certSerialId: null, persistedOpState: IN_SERVICE, persistedOpStateExpiryEpochSec: 0} moved to stale state. Finalizing its pipelines [PipelineID=b53caddf-e123-4060-8d4f-d6e0f4661807]
2022-10-15 07:44:32,011 [EventQueue-StaleNodeForStaleNodeHandler] INFO  pipeline.PipelineManagerImpl (PipelineManagerImpl.java:closePipeline(442)) - Pipeline Pipeline[ Id: b53caddf-e123-4060-8d4f-d6e0f4661807, Nodes: 8ac05ecf-5505-4afd-87c5-f9065cf10d1e{ip: 10.1.1.113, host: fv-az204-107.tdy0fjcc0bpubcu1xr20co1pbf.dx.internal.cloudapp.net, ports: [REPLICATION=39079, RATIS=45707, RATIS_ADMIN=45707, RATIS_SERVER=45707, STANDALONE=34163], networkLocation: /default-rack, certSerialId: null, persistedOpState: IN_MAINTENANCE, persistedOpStateExpiryEpochSec: 0}, ReplicationConfig: RATIS/ONE, State:OPEN, leaderId:8ac05ecf-5505-4afd-87c5-f9065cf10d1e, CreationTimestamp2022-10-15T07:44:26.122Z[Etc/UTC]] moved to CLOSED state
2022-10-15 07:44:32,011 [EventQueue-StaleNodeForStaleNodeHandler] INFO  node.StaleNodeHandler (StaleNodeHandler.java:onMessage(59)) - Datanode d26a0d60-6788-4f19-88c8-825bcaa82edc{ip: 10.1.1.113, host: fv-az204-107.tdy0fjcc0bpubcu1xr20co1pbf.dx.internal.cloudapp.net, ports: [REPLICATION=42509, RATIS=34309, RATIS_ADMIN=34309, RATIS_SERVER=34309, STANDALONE=40785], networkLocation: /default-rack, certSerialId: null, persistedOpState: IN_SERVICE, persistedOpStateExpiryEpochSec: 0} moved to stale state. Finalizing its pipelines [PipelineID=91f1f764-e69d-4dcf-8a48-77e47751060a, PipelineID=63ae4912-c17e-43cf-8bae-a528f5a873a6]
2022-10-15 07:44:32,011 [EventQueue-StaleNodeForStaleNodeHandler] INFO  pipeline.PipelineManagerImpl (PipelineManagerImpl.java:closePipeline(442)) - Pipeline Pipeline[ Id: 91f1f764-e69d-4dcf-8a48-77e47751060a, Nodes: d26a0d60-6788-4f19-88c8-825bcaa82edc{ip: 10.1.1.113, host: fv-az204-107.tdy0fjcc0bpubcu1xr20co1pbf.dx.internal.cloudapp.net, ports: [REPLICATION=42509, RATIS=34309, RATIS_ADMIN=34309, RATIS_SERVER=34309, STANDALONE=40785], networkLocation: /default-rack, certSerialId: null, persistedOpState: IN_SERVICE, persistedOpStateExpiryEpochSec: 0}, ReplicationConfig: RATIS/ONE, State:OPEN, leaderId:d26a0d60-6788-4f19-88c8-825bcaa82edc, CreationTimestamp2022-10-15T07:42:38.185Z[Etc/UTC]] moved to CLOSED state
2022-10-15 07:44:32,012 [EventQueue-PipelineReportForPipelineReportHandler] INFO  pipeline.PipelineReportHandler (PipelineReportHandler.java:processPipelineReport(115)) - Reported pipeline PipelineID=a8c168c9-4d1c-4acc-84ee-48ccb1284442 is not found
2022-10-15 07:44:32,014 [Command processor thread] INFO  server.RaftServer (RaftServerProxy.java:remove(107)) - bef1a67a-597f-44ca-bb4b-ee4a6fc04327: remove  FOLLOWER bef1a67a-597f-44ca-bb4b-ee4a6fc04327@group-48CCB1284442:t1, leader=35429393-00b4-4ffa-a437-723b6b48652e, voted=35429393-00b4-4ffa-a437-723b6b48652e, raftlog=bef1a67a-597f-44ca-bb4b-ee4a6fc04327@group-48CCB1284442-SegmentedRaftLog:OPENED:c54, conf=0: [35429393-00b4-4ffa-a437-723b6b48652e|rpc:10.1.1.113:40931|dataStream:|priority:1, bef1a67a-597f-44ca-bb4b-ee4a6fc04327|rpc:10.1.1.113:40411|dataStream:|priority:0, a759a49b-3cd3-49e9-826c-16e7b00ba8b7|rpc:10.1.1.113:42469|dataStream:|priority:0], old=null RUNNING
2022-10-15 07:44:32,014 [Command processor thread] INFO  server.RaftServer$Division (RaftServerImpl.java:lambda$close$4(434)) - bef1a67a-597f-44ca-bb4b-ee4a6fc04327@group-48CCB1284442: shutdown
2022-10-15 07:44:32,014 [Command processor thread] INFO  util.JmxRegister (JmxRegister.java:unregister(73)) - Successfully un-registered JMX Bean with object name Ratis:service=RaftServer,group=group-48CCB1284442,id=bef1a67a-597f-44ca-bb4b-ee4a6fc04327
2022-10-15 07:44:32,014 [Command processor thread] INFO  impl.RoleInfo (RoleInfo.java:shutdownFollowerState(110)) - bef1a67a-597f-44ca-bb4b-ee4a6fc04327: shutdown bef1a67a-597f-44ca-bb4b-ee4a6fc04327@group-48CCB1284442-FollowerState
2022-10-15 07:44:32,014 [Command processor thread] INFO  impl.StateMachineUpdater (StateMachineUpdater.java:stopAndJoin(153)) - bef1a67a-597f-44ca-bb4b-ee4a6fc04327@group-48CCB1284442-StateMachineUpdater: set stopIndex = 54
2022-10-15 07:44:32,015 [bef1a67a-597f-44ca-bb4b-ee4a6fc04327@group-48CCB1284442-FollowerState] INFO  impl.FollowerState (FollowerState.java:run(152)) - bef1a67a-597f-44ca-bb4b-ee4a6fc04327@group-48CCB1284442-FollowerState was interrupted
2022-10-15 07:44:32,015 [bef1a67a-597f-44ca-bb4b-ee4a6fc04327@group-48CCB1284442-StateMachineUpdater] INFO  ratis.ContainerStateMachine (ContainerStateMachine.java:takeSnapshot(304)) - group-48CCB1284442: Taking a snapshot at:(t:1, i:54) file /home/runner/work/ozone/ozone/hadoop-ozone/integration-test/target/test-dir/MiniOzoneClusterImpl-b71359ac-0e91-4f54-9b03-8f1926dea794/datanode-0/data/ratis/a8c168c9-4d1c-4acc-84ee-48ccb1284442/sm/snapshot.1_54
2022-10-15 07:44:32,015 [IPC Server handler 15 on default port 42971] INFO  node.SCMNodeManager (SCMNodeManager.java:updateDatanodeOpState(545)) - Scheduling a command to update the operationalState persisted on bef1a67a-597f-44ca-bb4b-ee4a6fc04327{ip: 10.1.1.113, host: fv-az204-107.tdy0fjcc0bpubcu1xr20co1pbf.dx.internal.cloudapp.net, ports: [REPLICATION=46791, RATIS=40411, RATIS_ADMIN=40411, RATIS_SERVER=40411, STANDALONE=40845], networkLocation: /default-rack, certSerialId: null, persistedOpState: null, persistedOpStateExpiryEpochSec: 0} as the reported value does not match the value stored in SCM (ENTERING_MAINTENANCE, 0)
2022-10-15 07:44:32,016 [EventQueue-PipelineReportForPipelineReportHandler] INFO  pipeline.PipelineReportHandler (PipelineReportHandler.java:processPipelineReport(115)) - Reported pipeline PipelineID=a8c168c9-4d1c-4acc-84ee-48ccb1284442 is not found
2022-10-15 07:44:32,016 [EventQueue-PipelineReportForPipelineReportHandler] INFO  pipeline.PipelineReportHandler (PipelineReportHandler.java:processPipelineReport(115)) - Reported pipeline PipelineID=8430be6d-9dd6-4a80-84f3-f2d9aa1a3b17 is not found
2022-10-15 07:44:32,017 [bef1a67a-597f-44ca-bb4b-ee4a6fc04327@group-48CCB1284442-StateMachineUpdater] INFO  ratis.ContainerStateMachine (ContainerStateMachine.java:takeSnapshot(315)) - group-48CCB1284442: Finished taking a snapshot at:(t:1, i:54) file:/home/runner/work/ozone/ozone/hadoop-ozone/integration-test/target/test-dir/MiniOzoneClusterImpl-b71359ac-0e91-4f54-9b03-8f1926dea794/datanode-0/data/ratis/a8c168c9-4d1c-4acc-84ee-48ccb1284442/sm/snapshot.1_54 took: 2 ms
2022-10-15 07:44:32,017 [bef1a67a-597f-44ca-bb4b-ee4a6fc04327@group-48CCB1284442-StateMachineUpdater] INFO  impl.StateMachineUpdater (StateMachineUpdater.java:takeSnapshot(287)) - bef1a67a-597f-44ca-bb4b-ee4a6fc04327@group-48CCB1284442-StateMachineUpdater: Took a snapshot at index 54
2022-10-15 07:44:32,017 [bef1a67a-597f-44ca-bb4b-ee4a6fc04327@group-48CCB1284442-StateMachineUpdater] INFO  impl.StateMachineUpdater (StateMachineUpdater.java:lambda$new$0(92)) - bef1a67a-597f-44ca-bb4b-ee4a6fc04327@group-48CCB1284442-StateMachineUpdater: snapshotIndex: updateIncreasingly -1 -> 54
2022-10-15 07:44:32,017 [Command processor thread] INFO  server.RaftServer$Division (ServerState.java:close(429)) - bef1a67a-597f-44ca-bb4b-ee4a6fc04327@group-48CCB1284442: closes. applyIndex: 54
2022-10-15 07:44:32,018 [bef1a67a-597f-44ca-bb4b-ee4a6fc04327@group-48CCB1284442-SegmentedRaftLogWorker] INFO  segmented.SegmentedRaftLogWorker (SegmentedRaftLogWorker.java:run(336)) - bef1a67a-597f-44ca-bb4b-ee4a6fc04327@group-48CCB1284442-SegmentedRaftLogWorker was interrupted, exiting. There are 0 tasks remaining in the queue.
2022-10-15 07:44:32,019 [Command processor thread] INFO  segmented.SegmentedRaftLogWorker (SegmentedRaftLogWorker.java:close(246)) - bef1a67a-597f-44ca-bb4b-ee4a6fc04327@group-48CCB1284442-SegmentedRaftLogWorker close()
2022-10-15 07:44:32,023 [IPC Server handler 11 on default port 42971] INFO  node.SCMNodeManager (SCMNodeManager.java:updateDatanodeOpState(545)) - Scheduling a command to update the operationalState persisted on bef1a67a-597f-44ca-bb4b-ee4a6fc04327{ip: 10.1.1.113, host: fv-az204-107.tdy0fjcc0bpubcu1xr20co1pbf.dx.internal.cloudapp.net, ports: [REPLICATION=46791, RATIS=40411, RATIS_ADMIN=40411, RATIS_SERVER=40411, STANDALONE=40845], networkLocation: /default-rack, certSerialId: null, persistedOpState: null, persistedOpStateExpiryEpochSec: 0} as the reported value does not match the value stored in SCM (ENTERING_MAINTENANCE, 0)
2022-10-15 07:44:32,043 [Command processor thread] INFO  keyvalue.KeyValueContainer (KeyValueContainer.java:flushAndSyncDB(436)) - Container 1 is synced with bcsId 50.
2022-10-15 07:44:32,043 [Command processor thread] INFO  keyvalue.KeyValueContainer (KeyValueContainer.java:flushAndSyncDB(436)) - Container 1 is synced with bcsId 50.
2022-10-15 07:44:32,043 [Listener at 127.0.0.1/40173] INFO  reflections.Reflections (Reflections.java:scan(232)) - Reflections took 43 ms to scan 7 urls, producing 137 keys and 328 values 
2022-10-15 07:44:32,044 [Listener at 127.0.0.1/40173] INFO  statemachine.DatanodeStateMachine (DatanodeStateMachine.java:getEndPointTaskThreadPoolSize(237)) - Datanode State Machine Task Thread Pool size 2
2022-10-15 07:44:32,045 [Listener at 127.0.0.1/40173] INFO  volume.HddsVolume (HddsVolume.java:<init>(117)) - Creating HddsVolume: /home/runner/work/ozone/ozone/hadoop-ozone/integration-test/target/test-dir/MiniOzoneClusterImpl-0c55ea5e-da39-43b3-be52-3d6e56a90e90/datanode-4/data-0/containers/hdds of storage type : DISK capacity : 9223372036854775807
2022-10-15 07:44:32,045 [Listener at 127.0.0.1/40173] INFO  volume.MutableVolumeSet (MutableVolumeSet.java:initializeVolumeSet(174)) - Added Volume : /home/runner/work/ozone/ozone/hadoop-ozone/integration-test/target/test-dir/MiniOzoneClusterImpl-0c55ea5e-da39-43b3-be52-3d6e56a90e90/datanode-4/data-0/containers/hdds to VolumeSet
2022-10-15 07:44:32,045 [Listener at 127.0.0.1/40173] INFO  volume.ThrottledAsyncChecker (ThrottledAsyncChecker.java:schedule(141)) - Scheduling a check for /home/runner/work/ozone/ozone/hadoop-ozone/integration-test/target/test-dir/MiniOzoneClusterImpl-0c55ea5e-da39-43b3-be52-3d6e56a90e90/datanode-4/data-0/containers/hdds
2022-10-15 07:44:32,046 [IPC Server handler 16 on default port 42971] INFO  node.SCMNodeManager (SCMNodeManager.java:updateDatanodeOpState(545)) - Scheduling a command to update the operationalState persisted on bef1a67a-597f-44ca-bb4b-ee4a6fc04327{ip: 10.1.1.113, host: fv-az204-107.tdy0fjcc0bpubcu1xr20co1pbf.dx.internal.cloudapp.net, ports: [REPLICATION=46791, RATIS=40411, RATIS_ADMIN=40411, RATIS_SERVER=40411, STANDALONE=40845], networkLocation: /default-rack, certSerialId: null, persistedOpState: null, persistedOpStateExpiryEpochSec: 0} as the reported value does not match the value stored in SCM (ENTERING_MAINTENANCE, 0)
2022-10-15 07:44:32,046 [Listener at 127.0.0.1/40173] INFO  volume.StorageVolumeChecker (StorageVolumeChecker.java:checkAllVolumes(202)) - Scheduled health check for volume /home/runner/work/ozone/ozone/hadoop-ozone/integration-test/target/test-dir/MiniOzoneClusterImpl-0c55ea5e-da39-43b3-be52-3d6e56a90e90/datanode-4/data-0/containers/hdds
2022-10-15 07:44:32,046 [FixedThreadPoolWithAffinityExecutor-9-0] INFO  container.IncrementalContainerReportHandler (AbstractContainerReportHandler.java:updateContainerState(285)) - Moving container #1 to QUASI_CLOSED state, datanode bef1a67a-597f-44ca-bb4b-ee4a6fc04327{ip: 10.1.1.113, host: fv-az204-107.tdy0fjcc0bpubcu1xr20co1pbf.dx.internal.cloudapp.net, ports: [REPLICATION=46791, RATIS=40411, RATIS_ADMIN=40411, RATIS_SERVER=40411, STANDALONE=40845], networkLocation: /default-rack, certSerialId: null, persistedOpState: IN_SERVICE, persistedOpStateExpiryEpochSec: 0} reported QUASI_CLOSED replica.
2022-10-15 07:44:32,050 [IPC Server handler 17 on default port 42971] INFO  node.SCMNodeManager (SCMNodeManager.java:updateDatanodeOpState(545)) - Scheduling a command to update the operationalState persisted on bef1a67a-597f-44ca-bb4b-ee4a6fc04327{ip: 10.1.1.113, host: fv-az204-107.tdy0fjcc0bpubcu1xr20co1pbf.dx.internal.cloudapp.net, ports: [REPLICATION=46791, RATIS=40411, RATIS_ADMIN=40411, RATIS_SERVER=40411, STANDALONE=40845], networkLocation: /default-rack, certSerialId: null, persistedOpState: null, persistedOpStateExpiryEpochSec: 0} as the reported value does not match the value stored in SCM (ENTERING_MAINTENANCE, 0)
2022-10-15 07:44:32,052 [EventQueue-PipelineReportForPipelineReportHandler] INFO  pipeline.PipelineReportHandler (PipelineReportHandler.java:processPipelineReport(115)) - Reported pipeline PipelineID=a8c168c9-4d1c-4acc-84ee-48ccb1284442 is not found
2022-10-15 07:44:32,061 [Listener at 127.0.0.1/40173] INFO  volume.MutableVolumeSet (MutableVolumeSet.java:initializeVolumeSet(174)) - Added Volume : /home/runner/work/ozone/ozone/hadoop-ozone/integration-test/target/test-dir/MiniOzoneClusterImpl-0c55ea5e-da39-43b3-be52-3d6e56a90e90/datanode-4/data/ratis to VolumeSet
2022-10-15 07:44:32,061 [Listener at 127.0.0.1/40173] INFO  volume.ThrottledAsyncChecker (ThrottledAsyncChecker.java:schedule(141)) - Scheduling a check for /home/runner/work/ozone/ozone/hadoop-ozone/integration-test/target/test-dir/MiniOzoneClusterImpl-0c55ea5e-da39-43b3-be52-3d6e56a90e90/datanode-4/data/ratis
2022-10-15 07:44:32,062 [Listener at 127.0.0.1/40173] INFO  volume.StorageVolumeChecker (StorageVolumeChecker.java:checkAllVolumes(202)) - Scheduled health check for volume /home/runner/work/ozone/ozone/hadoop-ozone/integration-test/target/test-dir/MiniOzoneClusterImpl-0c55ea5e-da39-43b3-be52-3d6e56a90e90/datanode-4/data/ratis
2022-10-15 07:44:32,072 [Thread-4031] INFO  ozoneimpl.ContainerReader (ContainerReader.java:readVolume(175)) - Finish verifying containers on volume /home/runner/work/ozone/ozone/hadoop-ozone/integration-test/target/test-dir/MiniOzoneClusterImpl-0c55ea5e-da39-43b3-be52-3d6e56a90e90/datanode-4/data-0/containers/hdds
2022-10-15 07:44:32,072 [Listener at 127.0.0.1/40173] INFO  ozoneimpl.OzoneContainer (OzoneContainer.java:buildContainerSet(300)) - Build ContainerSet costs 0s
2022-10-15 07:44:32,074 [Listener at 127.0.0.1/40173] INFO  server.RaftServer (ConfUtils.java:logGet(46)) - raft.rpc.type = GRPC (default)
2022-10-15 07:44:32,074 [Listener at 127.0.0.1/40173] INFO  grpc.GrpcFactory (GrpcFactory.java:checkPooledByteBufAllocatorUseCacheForAllThreads(48)) - PERFORMANCE WARNING: useCacheForAllThreads is true that may cause Netty to create a lot garbage objects and, as a result, trigger GC.
	It is recommended to disable useCacheForAllThreads by setting -Dorg.apache.ratis.thirdparty.io.netty.allocator.useCacheForAllThreads=false in command line.
2022-10-15 07:44:32,074 [Listener at 127.0.0.1/40173] INFO  grpc.GrpcConfigKeys (ConfUtils.java:logGet(46)) - raft.grpc.admin.port = 0 (custom)
2022-10-15 07:44:32,074 [Listener at 127.0.0.1/40173] INFO  grpc.GrpcConfigKeys (ConfUtils.java:logGet(46)) - raft.grpc.client.port = 0 (custom)
2022-10-15 07:44:32,074 [Listener at 127.0.0.1/40173] INFO  grpc.GrpcConfigKeys (ConfUtils.java:logGet(46)) - raft.grpc.server.port = 0 (default)
2022-10-15 07:44:32,074 [Listener at 127.0.0.1/40173] INFO  server.GrpcService (ConfUtils.java:logGet(46)) - raft.grpc.message.size.max = 32MB (=33554432) (custom)
2022-10-15 07:44:32,074 [Listener at 127.0.0.1/40173] INFO  server.RaftServerConfigKeys (ConfUtils.java:logGet(46)) - raft.server.log.appender.buffer.byte-limit = 33554432 (custom)
2022-10-15 07:44:32,074 [Listener at 127.0.0.1/40173] INFO  server.GrpcService (ConfUtils.java:logGet(46)) - raft.grpc.flow.control.window = 5MB (=5242880) (custom)
2022-10-15 07:44:32,074 [Listener at 127.0.0.1/40173] INFO  server.RaftServerConfigKeys (ConfUtils.java:logGet(46)) - raft.server.rpc.request.timeout = 60s (custom)
2022-10-15 07:44:32,074 [Listener at 127.0.0.1/40173] INFO  grpc.GrpcConfigKeys (ConfUtils.java:logGet(46)) - raft.grpc.server.async.request.thread.pool.cached = true (default)
2022-10-15 07:44:32,075 [Listener at 127.0.0.1/40173] INFO  grpc.GrpcConfigKeys (ConfUtils.java:logGet(46)) - raft.grpc.server.async.request.thread.pool.size = 32 (default)
2022-10-15 07:44:32,076 [Listener at 127.0.0.1/40173] INFO  impl.DataStreamServerImpl (ConfUtils.java:logGet(46)) - raft.datastream.type = DISABLED (default)
2022-10-15 07:44:32,076 [Listener at 127.0.0.1/40173] INFO  server.RaftServerConfigKeys (ConfUtils.java:logGet(46)) - raft.server.threadpool.proxy.cached = true (default)
2022-10-15 07:44:32,076 [Listener at 127.0.0.1/40173] INFO  server.RaftServerConfigKeys (ConfUtils.java:logGet(46)) - raft.server.threadpool.proxy.size = 0 (default)
2022-10-15 07:44:32,076 [Listener at 127.0.0.1/40173] INFO  server.RaftServerConfigKeys (ConfUtils.java:logGet(46)) - raft.server.rpc.slowness.timeout = 300s (custom)
2022-10-15 07:44:32,076 [Listener at 127.0.0.1/40173] INFO  server.RaftServerConfigKeys (ConfUtils.java:logGet(46)) - raft.server.leaderelection.leader.step-down.wait-time = 10s (default)
2022-10-15 07:44:32,076 [Listener at 127.0.0.1/40173] INFO  server.RaftServerConfigKeys (ConfUtils.java:logGet(46)) - raft.server.storage.dir = [/home/runner/work/ozone/ozone/hadoop-ozone/integration-test/target/test-dir/MiniOzoneClusterImpl-0c55ea5e-da39-43b3-be52-3d6e56a90e90/datanode-4/data/ratis] (custom)
2022-10-15 07:44:32,079 [Listener at 127.0.0.1/40173] INFO  server.XceiverServerGrpc (XceiverServerGrpc.java:<init>(132)) - GrpcServer channel type EpollServerSocketChannel
2022-10-15 07:44:32,082 [Command processor thread] INFO  keyvalue.KeyValueContainer (KeyValueContainer.java:flushAndSyncDB(436)) - Container 2 is synced with bcsId 54.
2022-10-15 07:44:32,082 [Command processor thread] INFO  keyvalue.KeyValueContainer (KeyValueContainer.java:flushAndSyncDB(436)) - Container 2 is synced with bcsId 54.
2022-10-15 07:44:32,082 [Listener at 127.0.0.1/40173] INFO  http.BaseHttpServer (BaseHttpServer.java:newHttpServer2BuilderForOzone(213)) - Starting Web-server for hddsDatanode at: http://0.0.0.0:0
2022-10-15 07:44:32,082 [Listener at 127.0.0.1/40173] INFO  http.BaseHttpServer (BaseHttpServer.java:<init>(108)) - Hadoop Security Enabled: false Ozone Security Enabled: false Ozone HTTP Security Enabled: false 
2022-10-15 07:44:32,084 [IPC Server handler 19 on default port 42971] INFO  node.SCMNodeManager (SCMNodeManager.java:updateDatanodeOpState(545)) - Scheduling a command to update the operationalState persisted on bef1a67a-597f-44ca-bb4b-ee4a6fc04327{ip: 10.1.1.113, host: fv-az204-107.tdy0fjcc0bpubcu1xr20co1pbf.dx.internal.cloudapp.net, ports: [REPLICATION=46791, RATIS=40411, RATIS_ADMIN=40411, RATIS_SERVER=40411, STANDALONE=40845], networkLocation: /default-rack, certSerialId: null, persistedOpState: null, persistedOpStateExpiryEpochSec: 0} as the reported value does not match the value stored in SCM (ENTERING_MAINTENANCE, 0)
2022-10-15 07:44:32,085 [FixedThreadPoolWithAffinityExecutor-0-0] INFO  container.IncrementalContainerReportHandler (AbstractContainerReportHandler.java:updateContainerState(285)) - Moving container #2 to QUASI_CLOSED state, datanode bef1a67a-597f-44ca-bb4b-ee4a6fc04327{ip: 10.1.1.113, host: fv-az204-107.tdy0fjcc0bpubcu1xr20co1pbf.dx.internal.cloudapp.net, ports: [REPLICATION=46791, RATIS=40411, RATIS_ADMIN=40411, RATIS_SERVER=40411, STANDALONE=40845], networkLocation: /default-rack, certSerialId: null, persistedOpState: IN_SERVICE, persistedOpStateExpiryEpochSec: 0} reported QUASI_CLOSED replica.
2022-10-15 07:44:32,086 [Listener at 127.0.0.1/40173] WARN  server.AuthenticationFilter (AuthenticationFilter.java:constructSecretProvider(240)) - Unable to initialize FileSignerSecretProvider, falling back to use random secrets. Reason: Could not read signature secret file: /home/runner/hadoop-http-auth-signature-secret
2022-10-15 07:44:32,087 [Listener at 127.0.0.1/40173] WARN  http.HttpRequestLog (HttpRequestLog.java:getRequestLog(103)) - Jetty request log can only be enabled using Log4j
2022-10-15 07:44:32,087 [Listener at 127.0.0.1/40173] INFO  http.HttpServer2 (HttpServer2.java:addGlobalFilter(1031)) - Added global filter 'safety' (class=org.apache.hadoop.hdds.server.http.HttpServer2$QuotingInputFilter)
2022-10-15 07:44:32,088 [Listener at 127.0.0.1/40173] INFO  http.HttpServer2 (HttpServer2.java:addFilter(1007)) - Added filter static_user_filter (class=org.apache.hadoop.http.lib.StaticUserWebFilter$StaticUserFilter) to context hddsDatanode
2022-10-15 07:44:32,088 [Listener at 127.0.0.1/40173] INFO  http.HttpServer2 (HttpServer2.java:addFilter(1015)) - Added filter static_user_filter (class=org.apache.hadoop.http.lib.StaticUserWebFilter$StaticUserFilter) to context static
2022-10-15 07:44:32,088 [Listener at 127.0.0.1/40173] INFO  http.HttpServer2 (HttpServer2.java:addFilter(1015)) - Added filter static_user_filter (class=org.apache.hadoop.http.lib.StaticUserWebFilter$StaticUserFilter) to context logs
2022-10-15 07:44:32,088 [Listener at 127.0.0.1/40173] INFO  http.HttpServer2 (HttpServer2.java:bindListener(1250)) - Jetty bound to port 36197
2022-10-15 07:44:32,088 [Listener at 127.0.0.1/40173] INFO  server.Server (Server.java:doStart(375)) - jetty-9.4.43.v20210629; built: 2021-06-30T11:07:22.254Z; git: 526006ecfa3af7f1a27ef3a288e2bef7ea9dd7e8; jvm 1.8.0_345-b01
2022-10-15 07:44:32,090 [IPC Server handler 8 on default port 42971] INFO  node.SCMNodeManager (SCMNodeManager.java:updateDatanodeOpState(545)) - Scheduling a command to update the operationalState persisted on bef1a67a-597f-44ca-bb4b-ee4a6fc04327{ip: 10.1.1.113, host: fv-az204-107.tdy0fjcc0bpubcu1xr20co1pbf.dx.internal.cloudapp.net, ports: [REPLICATION=46791, RATIS=40411, RATIS_ADMIN=40411, RATIS_SERVER=40411, STANDALONE=40845], networkLocation: /default-rack, certSerialId: null, persistedOpState: null, persistedOpStateExpiryEpochSec: 0} as the reported value does not match the value stored in SCM (ENTERING_MAINTENANCE, 0)
2022-10-15 07:44:32,094 [Listener at 127.0.0.1/40173] INFO  server.session (DefaultSessionIdManager.java:doStart(334)) - DefaultSessionIdManager workerName=node0
2022-10-15 07:44:32,094 [Listener at 127.0.0.1/40173] INFO  server.session (DefaultSessionIdManager.java:doStart(339)) - No SessionScavenger set, using defaults
2022-10-15 07:44:32,095 [Listener at 127.0.0.1/40173] INFO  server.session (HouseKeeper.java:startScavenging(132)) - node0 Scavenging every 660000ms
2022-10-15 07:44:32,095 [Listener at 127.0.0.1/40173] INFO  handler.ContextHandler (ContextHandler.java:doStart(915)) - Started o.e.j.s.ServletContextHandler@35ed40e2{logs,/logs,file:///home/runner/work/ozone/ozone/hadoop-ozone/integration-test/target/log,AVAILABLE}
2022-10-15 07:44:32,095 [Listener at 127.0.0.1/40173] INFO  handler.ContextHandler (ContextHandler.java:doStart(915)) - Started o.e.j.s.ServletContextHandler@5aadb5bc{static,/static,jar:file:/home/runner/.m2/repository/org/apache/ozone/hdds-container-service/1.3.0-SNAPSHOT/hdds-container-service-1.3.0-SNAPSHOT.jar!/webapps/static,AVAILABLE}
2022-10-15 07:44:32,105 [Command processor thread] INFO  keyvalue.KeyValueContainer (KeyValueContainer.java:flushAndSyncDB(436)) - Container 3 is synced with bcsId 46.
2022-10-15 07:44:32,105 [Command processor thread] INFO  keyvalue.KeyValueContainer (KeyValueContainer.java:flushAndSyncDB(436)) - Container 3 is synced with bcsId 46.
2022-10-15 07:44:32,107 [IPC Server handler 10 on default port 42971] INFO  node.SCMNodeManager (SCMNodeManager.java:updateDatanodeOpState(545)) - Scheduling a command to update the operationalState persisted on bef1a67a-597f-44ca-bb4b-ee4a6fc04327{ip: 10.1.1.113, host: fv-az204-107.tdy0fjcc0bpubcu1xr20co1pbf.dx.internal.cloudapp.net, ports: [REPLICATION=46791, RATIS=40411, RATIS_ADMIN=40411, RATIS_SERVER=40411, STANDALONE=40845], networkLocation: /default-rack, certSerialId: null, persistedOpState: null, persistedOpStateExpiryEpochSec: 0} as the reported value does not match the value stored in SCM (ENTERING_MAINTENANCE, 0)
2022-10-15 07:44:32,107 [FixedThreadPoolWithAffinityExecutor-9-0] INFO  container.IncrementalContainerReportHandler (AbstractContainerReportHandler.java:updateContainerState(285)) - Moving container #3 to QUASI_CLOSED state, datanode bef1a67a-597f-44ca-bb4b-ee4a6fc04327{ip: 10.1.1.113, host: fv-az204-107.tdy0fjcc0bpubcu1xr20co1pbf.dx.internal.cloudapp.net, ports: [REPLICATION=46791, RATIS=40411, RATIS_ADMIN=40411, RATIS_SERVER=40411, STANDALONE=40845], networkLocation: /default-rack, certSerialId: null, persistedOpState: IN_SERVICE, persistedOpStateExpiryEpochSec: 0} reported QUASI_CLOSED replica.
2022-10-15 07:44:32,108 [Command processor thread] INFO  server.RaftServer$Division (RaftServerImpl.java:groupRemove(404)) - bef1a67a-597f-44ca-bb4b-ee4a6fc04327@group-48CCB1284442: Succeed to remove RaftStorageDirectory Storage Directory /home/runner/work/ozone/ozone/hadoop-ozone/integration-test/target/test-dir/MiniOzoneClusterImpl-b71359ac-0e91-4f54-9b03-8f1926dea794/datanode-0/data/ratis/a8c168c9-4d1c-4acc-84ee-48ccb1284442
2022-10-15 07:44:32,108 [Command processor thread] INFO  commandhandler.ClosePipelineCommandHandler (ClosePipelineCommandHandler.java:handle(78)) - Close Pipeline PipelineID=a8c168c9-4d1c-4acc-84ee-48ccb1284442 command on datanode bef1a67a-597f-44ca-bb4b-ee4a6fc04327.
2022-10-15 07:44:32,108 [Command processor thread] INFO  server.RaftServer (RaftServerProxy.java:remove(107)) - bef1a67a-597f-44ca-bb4b-ee4a6fc04327: remove    LEADER bef1a67a-597f-44ca-bb4b-ee4a6fc04327@group-F2D9AA1A3B17:t1, leader=bef1a67a-597f-44ca-bb4b-ee4a6fc04327, voted=bef1a67a-597f-44ca-bb4b-ee4a6fc04327, raftlog=bef1a67a-597f-44ca-bb4b-ee4a6fc04327@group-F2D9AA1A3B17-SegmentedRaftLog:OPENED:c0, conf=0: [bef1a67a-597f-44ca-bb4b-ee4a6fc04327|rpc:10.1.1.113:40411|dataStream:|priority:1], old=null RUNNING
2022-10-15 07:44:32,108 [Command processor thread] INFO  server.RaftServer$Division (RaftServerImpl.java:lambda$close$4(434)) - bef1a67a-597f-44ca-bb4b-ee4a6fc04327@group-F2D9AA1A3B17: shutdown
2022-10-15 07:44:32,108 [Command processor thread] INFO  util.JmxRegister (JmxRegister.java:unregister(73)) - Successfully un-registered JMX Bean with object name Ratis:service=RaftServer,group=group-F2D9AA1A3B17,id=bef1a67a-597f-44ca-bb4b-ee4a6fc04327
2022-10-15 07:44:32,108 [Command processor thread] INFO  impl.RoleInfo (RoleInfo.java:shutdownLeaderState(93)) - bef1a67a-597f-44ca-bb4b-ee4a6fc04327: shutdown bef1a67a-597f-44ca-bb4b-ee4a6fc04327@group-F2D9AA1A3B17-LeaderStateImpl
2022-10-15 07:44:32,108 [Command processor thread] INFO  impl.PendingRequests (PendingRequests.java:sendNotLeaderResponses(282)) - bef1a67a-597f-44ca-bb4b-ee4a6fc04327@group-F2D9AA1A3B17-PendingRequests: sendNotLeaderResponses
2022-10-15 07:44:32,110 [Command processor thread] INFO  impl.StateMachineUpdater (StateMachineUpdater.java:stopAndJoin(153)) - bef1a67a-597f-44ca-bb4b-ee4a6fc04327@group-F2D9AA1A3B17-StateMachineUpdater: set stopIndex = 0
2022-10-15 07:44:32,111 [bef1a67a-597f-44ca-bb4b-ee4a6fc04327@group-F2D9AA1A3B17-StateMachineUpdater] INFO  ratis.ContainerStateMachine (ContainerStateMachine.java:takeSnapshot(304)) - group-F2D9AA1A3B17: Taking a snapshot at:(t:1, i:0) file /home/runner/work/ozone/ozone/hadoop-ozone/integration-test/target/test-dir/MiniOzoneClusterImpl-b71359ac-0e91-4f54-9b03-8f1926dea794/datanode-0/data/ratis/8430be6d-9dd6-4a80-84f3-f2d9aa1a3b17/sm/snapshot.1_0
2022-10-15 07:44:32,111 [bef1a67a-597f-44ca-bb4b-ee4a6fc04327@group-F2D9AA1A3B17-StateMachineUpdater] INFO  ratis.ContainerStateMachine (ContainerStateMachine.java:takeSnapshot(315)) - group-F2D9AA1A3B17: Finished taking a snapshot at:(t:1, i:0) file:/home/runner/work/ozone/ozone/hadoop-ozone/integration-test/target/test-dir/MiniOzoneClusterImpl-b71359ac-0e91-4f54-9b03-8f1926dea794/datanode-0/data/ratis/8430be6d-9dd6-4a80-84f3-f2d9aa1a3b17/sm/snapshot.1_0 took: 1 ms
2022-10-15 07:44:32,112 [bef1a67a-597f-44ca-bb4b-ee4a6fc04327@group-F2D9AA1A3B17-StateMachineUpdater] INFO  impl.StateMachineUpdater (StateMachineUpdater.java:takeSnapshot(287)) - bef1a67a-597f-44ca-bb4b-ee4a6fc04327@group-F2D9AA1A3B17-StateMachineUpdater: Took a snapshot at index 0
2022-10-15 07:44:32,112 [bef1a67a-597f-44ca-bb4b-ee4a6fc04327@group-F2D9AA1A3B17-StateMachineUpdater] INFO  impl.StateMachineUpdater (StateMachineUpdater.java:lambda$new$0(92)) - bef1a67a-597f-44ca-bb4b-ee4a6fc04327@group-F2D9AA1A3B17-StateMachineUpdater: snapshotIndex: updateIncreasingly -1 -> 0
2022-10-15 07:44:32,112 [Command processor thread] INFO  server.RaftServer$Division (ServerState.java:close(429)) - bef1a67a-597f-44ca-bb4b-ee4a6fc04327@group-F2D9AA1A3B17: closes. applyIndex: 0
2022-10-15 07:44:32,112 [bef1a67a-597f-44ca-bb4b-ee4a6fc04327@group-F2D9AA1A3B17-SegmentedRaftLogWorker] INFO  segmented.SegmentedRaftLogWorker (SegmentedRaftLogWorker.java:run(336)) - bef1a67a-597f-44ca-bb4b-ee4a6fc04327@group-F2D9AA1A3B17-SegmentedRaftLogWorker was interrupted, exiting. There are 0 tasks remaining in the queue.
2022-10-15 07:44:32,112 [Command processor thread] INFO  segmented.SegmentedRaftLogWorker (SegmentedRaftLogWorker.java:close(246)) - bef1a67a-597f-44ca-bb4b-ee4a6fc04327@group-F2D9AA1A3B17-SegmentedRaftLogWorker close()
2022-10-15 07:44:32,113 [Command processor thread] INFO  server.RaftServer$Division (RaftServerImpl.java:groupRemove(404)) - bef1a67a-597f-44ca-bb4b-ee4a6fc04327@group-F2D9AA1A3B17: Succeed to remove RaftStorageDirectory Storage Directory /home/runner/work/ozone/ozone/hadoop-ozone/integration-test/target/test-dir/MiniOzoneClusterImpl-b71359ac-0e91-4f54-9b03-8f1926dea794/datanode-0/data/ratis/8430be6d-9dd6-4a80-84f3-f2d9aa1a3b17
2022-10-15 07:44:32,113 [Command processor thread] INFO  commandhandler.ClosePipelineCommandHandler (ClosePipelineCommandHandler.java:handle(78)) - Close Pipeline PipelineID=8430be6d-9dd6-4a80-84f3-f2d9aa1a3b17 command on datanode bef1a67a-597f-44ca-bb4b-ee4a6fc04327.
2022-10-15 07:44:32,129 [ReplicationMonitor] INFO  replication.LegacyReplicationManager (LegacyReplicationManager.java:sendCloseCommand(1512)) - Sending close container command for container #1 to datanode a759a49b-3cd3-49e9-826c-16e7b00ba8b7{ip: 10.1.1.113, host: fv-az204-107.tdy0fjcc0bpubcu1xr20co1pbf.dx.internal.cloudapp.net, ports: [REPLICATION=34531, RATIS=42469, RATIS_ADMIN=42469, RATIS_SERVER=42469, STANDALONE=44149], networkLocation: /default-rack, certSerialId: null, persistedOpState: IN_SERVICE, persistedOpStateExpiryEpochSec: 0}.
2022-10-15 07:44:32,129 [Under Replicated Processor] INFO  replication.UnderReplicatedProcessor (UnderReplicatedProcessor.java:processAll(92)) - Processed 0 under replicated containers, failed processing 0
2022-10-15 07:44:32,129 [ReplicationMonitor] INFO  replication.LegacyReplicationManager (LegacyReplicationManager.java:sendCloseCommand(1512)) - Sending close container command for container #1 to datanode 35429393-00b4-4ffa-a437-723b6b48652e{ip: 10.1.1.113, host: fv-az204-107.tdy0fjcc0bpubcu1xr20co1pbf.dx.internal.cloudapp.net, ports: [REPLICATION=33503, RATIS=40931, RATIS_ADMIN=40931, RATIS_SERVER=40931, STANDALONE=34035], networkLocation: /default-rack, certSerialId: null, persistedOpState: IN_SERVICE, persistedOpStateExpiryEpochSec: 0}.
2022-10-15 07:44:32,130 [ReplicationMonitor] INFO  replication.LegacyReplicationManager (LegacyReplicationManager.java:sendCloseCommand(1512)) - Sending close container command for container #2 to datanode 35429393-00b4-4ffa-a437-723b6b48652e{ip: 10.1.1.113, host: fv-az204-107.tdy0fjcc0bpubcu1xr20co1pbf.dx.internal.cloudapp.net, ports: [REPLICATION=33503, RATIS=40931, RATIS_ADMIN=40931, RATIS_SERVER=40931, STANDALONE=34035], networkLocation: /default-rack, certSerialId: null, persistedOpState: IN_SERVICE, persistedOpStateExpiryEpochSec: 0}.
2022-10-15 07:44:32,130 [ReplicationMonitor] INFO  replication.LegacyReplicationManager (LegacyReplicationManager.java:sendCloseCommand(1512)) - Sending close container command for container #2 to datanode a759a49b-3cd3-49e9-826c-16e7b00ba8b7{ip: 10.1.1.113, host: fv-az204-107.tdy0fjcc0bpubcu1xr20co1pbf.dx.internal.cloudapp.net, ports: [REPLICATION=34531, RATIS=42469, RATIS_ADMIN=42469, RATIS_SERVER=42469, STANDALONE=44149], networkLocation: /default-rack, certSerialId: null, persistedOpState: IN_SERVICE, persistedOpStateExpiryEpochSec: 0}.
2022-10-15 07:44:32,130 [ReplicationMonitor] INFO  replication.LegacyReplicationManager (LegacyReplicationManager.java:sendCloseCommand(1512)) - Sending close container command for container #3 to datanode a759a49b-3cd3-49e9-826c-16e7b00ba8b7{ip: 10.1.1.113, host: fv-az204-107.tdy0fjcc0bpubcu1xr20co1pbf.dx.internal.cloudapp.net, ports: [REPLICATION=34531, RATIS=42469, RATIS_ADMIN=42469, RATIS_SERVER=42469, STANDALONE=44149], networkLocation: /default-rack, certSerialId: null, persistedOpState: IN_SERVICE, persistedOpStateExpiryEpochSec: 0}.
2022-10-15 07:44:32,130 [ReplicationMonitor] INFO  replication.LegacyReplicationManager (LegacyReplicationManager.java:sendCloseCommand(1512)) - Sending close container command for container #3 to datanode 35429393-00b4-4ffa-a437-723b6b48652e{ip: 10.1.1.113, host: fv-az204-107.tdy0fjcc0bpubcu1xr20co1pbf.dx.internal.cloudapp.net, ports: [REPLICATION=33503, RATIS=40931, RATIS_ADMIN=40931, RATIS_SERVER=40931, STANDALONE=34035], networkLocation: /default-rack, certSerialId: null, persistedOpState: IN_SERVICE, persistedOpStateExpiryEpochSec: 0}.
2022-10-15 07:44:32,130 [ReplicationMonitor] INFO  replication.ReplicationManager (ReplicationManager.java:processAll(324)) - Replication Monitor Thread took 1 milliseconds for processing 6 containers.
2022-10-15 07:44:32,130 [Over Replicated Processor] INFO  replication.OverReplicatedProcessor (OverReplicatedProcessor.java:processAll(90)) - Processed 0 over replicated containers, failed processing 0
2022-10-15 07:44:32,189 [Under Replicated Processor] INFO  replication.UnderReplicatedProcessor (UnderReplicatedProcessor.java:processAll(92)) - Processed 0 under replicated containers, failed processing 0
2022-10-15 07:44:32,189 [Over Replicated Processor] INFO  replication.OverReplicatedProcessor (OverReplicatedProcessor.java:processAll(90)) - Processed 0 over replicated containers, failed processing 0
2022-10-15 07:44:32,225 [ReplicationMonitor] INFO  replication.LegacyReplicationManager (LegacyReplicationManager.java:handleOverReplicatedContainer(1252)) - Container #1 is over replicated. Expected replica count is 3, but found 4.
2022-10-15 07:44:32,225 [ReplicationMonitor] INFO  replication.LegacyReplicationManager (LegacyReplicationManager.java:sendDeleteCommand(1587)) - Sending delete container command for container #1 to datanode fdcf0f8e-cf64-44a3-bed5-f94c24ef391f{ip: 10.1.1.113, host: fv-az204-107.tdy0fjcc0bpubcu1xr20co1pbf.dx.internal.cloudapp.net, ports: [REPLICATION=38531, RATIS=45413, RATIS_ADMIN=45413, RATIS_SERVER=45413, STANDALONE=37375], networkLocation: /default-rack, certSerialId: null, persistedOpState: IN_SERVICE, persistedOpStateExpiryEpochSec: 0}
2022-10-15 07:44:32,225 [ReplicationMonitor] INFO  replication.LegacyReplicationManager (LegacyReplicationManager.java:sendCloseCommand(1512)) - Sending close container command for container #2 to datanode 9a24ac87-7197-4b23-9992-aedcbee91c34{ip: 10.1.1.113, host: fv-az204-107.tdy0fjcc0bpubcu1xr20co1pbf.dx.internal.cloudapp.net, ports: [REPLICATION=42613, RATIS=43931, RATIS_ADMIN=43931, RATIS_SERVER=43931, STANDALONE=42833], networkLocation: /default-rack, certSerialId: null, persistedOpState: IN_SERVICE, persistedOpStateExpiryEpochSec: 0}.
2022-10-15 07:44:32,226 [ReplicationMonitor] INFO  replication.LegacyReplicationManager (LegacyReplicationManager.java:sendCloseCommand(1512)) - Sending close container command for container #2 to datanode 21a643b6-1a42-4dcc-b3d5-cdf5198533e3{ip: 10.1.1.113, host: fv-az204-107.tdy0fjcc0bpubcu1xr20co1pbf.dx.internal.cloudapp.net, ports: [REPLICATION=33579, RATIS=44331, RATIS_ADMIN=44331, RATIS_SERVER=44331, STANDALONE=46453], networkLocation: /default-rack, certSerialId: null, persistedOpState: IN_SERVICE, persistedOpStateExpiryEpochSec: 0}.
2022-10-15 07:44:32,226 [ReplicationMonitor] INFO  replication.LegacyReplicationManager (LegacyReplicationManager.java:sendCloseCommand(1512)) - Sending close container command for container #2 to datanode d26a0d60-6788-4f19-88c8-825bcaa82edc{ip: 10.1.1.113, host: fv-az204-107.tdy0fjcc0bpubcu1xr20co1pbf.dx.internal.cloudapp.net, ports: [REPLICATION=42509, RATIS=34309, RATIS_ADMIN=34309, RATIS_SERVER=34309, STANDALONE=40785], networkLocation: /default-rack, certSerialId: null, persistedOpState: IN_SERVICE, persistedOpStateExpiryEpochSec: 0}.
2022-10-15 07:44:32,226 [ReplicationMonitor] INFO  replication.LegacyReplicationManager (LegacyReplicationManager.java:sendCloseCommand(1512)) - Sending close container command for container #3 to datanode d26a0d60-6788-4f19-88c8-825bcaa82edc{ip: 10.1.1.113, host: fv-az204-107.tdy0fjcc0bpubcu1xr20co1pbf.dx.internal.cloudapp.net, ports: [REPLICATION=42509, RATIS=34309, RATIS_ADMIN=34309, RATIS_SERVER=34309, STANDALONE=40785], networkLocation: /default-rack, certSerialId: null, persistedOpState: IN_SERVICE, persistedOpStateExpiryEpochSec: 0}.
2022-10-15 07:44:32,226 [ReplicationMonitor] INFO  replication.LegacyReplicationManager (LegacyReplicationManager.java:sendCloseCommand(1512)) - Sending close container command for container #3 to datanode 21a643b6-1a42-4dcc-b3d5-cdf5198533e3{ip: 10.1.1.113, host: fv-az204-107.tdy0fjcc0bpubcu1xr20co1pbf.dx.internal.cloudapp.net, ports: [REPLICATION=33579, RATIS=44331, RATIS_ADMIN=44331, RATIS_SERVER=44331, STANDALONE=46453], networkLocation: /default-rack, certSerialId: null, persistedOpState: IN_SERVICE, persistedOpStateExpiryEpochSec: 0}.
2022-10-15 07:44:32,226 [ReplicationMonitor] INFO  replication.LegacyReplicationManager (LegacyReplicationManager.java:sendCloseCommand(1512)) - Sending close container command for container #3 to datanode 9a24ac87-7197-4b23-9992-aedcbee91c34{ip: 10.1.1.113, host: fv-az204-107.tdy0fjcc0bpubcu1xr20co1pbf.dx.internal.cloudapp.net, ports: [REPLICATION=42613, RATIS=43931, RATIS_ADMIN=43931, RATIS_SERVER=43931, STANDALONE=42833], networkLocation: /default-rack, certSerialId: null, persistedOpState: IN_SERVICE, persistedOpStateExpiryEpochSec: 0}.
2022-10-15 07:44:32,226 [ReplicationMonitor] INFO  replication.LegacyReplicationManager (LegacyReplicationManager.java:handleOverReplicatedContainer(1252)) - Container #4 is over replicated. Expected replica count is 3, but found 4.
2022-10-15 07:44:32,226 [ReplicationMonitor] INFO  replication.LegacyReplicationManager (LegacyReplicationManager.java:sendDeleteCommand(1587)) - Sending delete container command for container #4 to datanode fdcf0f8e-cf64-44a3-bed5-f94c24ef391f{ip: 10.1.1.113, host: fv-az204-107.tdy0fjcc0bpubcu1xr20co1pbf.dx.internal.cloudapp.net, ports: [REPLICATION=38531, RATIS=45413, RATIS_ADMIN=45413, RATIS_SERVER=45413, STANDALONE=37375], networkLocation: /default-rack, certSerialId: null, persistedOpState: IN_SERVICE, persistedOpStateExpiryEpochSec: 0}
2022-10-15 07:44:32,226 [ReplicationMonitor] INFO  replication.LegacyReplicationManager (LegacyReplicationManager.java:sendCloseCommand(1512)) - Sending close container command for container #5 to datanode 21a643b6-1a42-4dcc-b3d5-cdf5198533e3{ip: 10.1.1.113, host: fv-az204-107.tdy0fjcc0bpubcu1xr20co1pbf.dx.internal.cloudapp.net, ports: [REPLICATION=33579, RATIS=44331, RATIS_ADMIN=44331, RATIS_SERVER=44331, STANDALONE=46453], networkLocation: /default-rack, certSerialId: null, persistedOpState: IN_SERVICE, persistedOpStateExpiryEpochSec: 0}.
2022-10-15 07:44:32,226 [ReplicationMonitor] INFO  replication.LegacyReplicationManager (LegacyReplicationManager.java:sendCloseCommand(1512)) - Sending close container command for container #5 to datanode d26a0d60-6788-4f19-88c8-825bcaa82edc{ip: 10.1.1.113, host: fv-az204-107.tdy0fjcc0bpubcu1xr20co1pbf.dx.internal.cloudapp.net, ports: [REPLICATION=42509, RATIS=34309, RATIS_ADMIN=34309, RATIS_SERVER=34309, STANDALONE=40785], networkLocation: /default-rack, certSerialId: null, persistedOpState: IN_SERVICE, persistedOpStateExpiryEpochSec: 0}.
2022-10-15 07:44:32,226 [ReplicationMonitor] INFO  replication.LegacyReplicationManager (LegacyReplicationManager.java:sendCloseCommand(1512)) - Sending close container command for container #5 to datanode 9a24ac87-7197-4b23-9992-aedcbee91c34{ip: 10.1.1.113, host: fv-az204-107.tdy0fjcc0bpubcu1xr20co1pbf.dx.internal.cloudapp.net, ports: [REPLICATION=42613, RATIS=43931, RATIS_ADMIN=43931, RATIS_SERVER=43931, STANDALONE=42833], networkLocation: /default-rack, certSerialId: null, persistedOpState: IN_SERVICE, persistedOpStateExpiryEpochSec: 0}.
2022-10-15 07:44:32,226 [ReplicationMonitor] INFO  replication.LegacyReplicationManager (LegacyReplicationManager.java:handleOverReplicatedContainer(1252)) - Container #6 is over replicated. Expected replica count is 3, but found 4.
2022-10-15 07:44:32,226 [ReplicationMonitor] INFO  replication.LegacyReplicationManager (LegacyReplicationManager.java:sendDeleteCommand(1587)) - Sending delete container command for container #6 to datanode fdcf0f8e-cf64-44a3-bed5-f94c24ef391f{ip: 10.1.1.113, host: fv-az204-107.tdy0fjcc0bpubcu1xr20co1pbf.dx.internal.cloudapp.net, ports: [REPLICATION=38531, RATIS=45413, RATIS_ADMIN=45413, RATIS_SERVER=45413, STANDALONE=37375], networkLocation: /default-rack, certSerialId: null, persistedOpState: IN_SERVICE, persistedOpStateExpiryEpochSec: 0}
2022-10-15 07:44:32,226 [ReplicationMonitor] INFO  replication.ReplicationManager (ReplicationManager.java:sendCloseContainerReplicaCommand(467)) - Sending close container command for container #10 to datanode 21a643b6-1a42-4dcc-b3d5-cdf5198533e3{ip: 10.1.1.113, host: fv-az204-107.tdy0fjcc0bpubcu1xr20co1pbf.dx.internal.cloudapp.net, ports: [REPLICATION=33579, RATIS=44331, RATIS_ADMIN=44331, RATIS_SERVER=44331, STANDALONE=46453], networkLocation: /default-rack, certSerialId: null, persistedOpState: IN_SERVICE, persistedOpStateExpiryEpochSec: 0}.
2022-10-15 07:44:32,226 [ReplicationMonitor] INFO  replication.ReplicationManager (ReplicationManager.java:sendCloseContainerReplicaCommand(467)) - Sending close container command for container #10 to datanode fdcf0f8e-cf64-44a3-bed5-f94c24ef391f{ip: 10.1.1.113, host: fv-az204-107.tdy0fjcc0bpubcu1xr20co1pbf.dx.internal.cloudapp.net, ports: [REPLICATION=38531, RATIS=45413, RATIS_ADMIN=45413, RATIS_SERVER=45413, STANDALONE=37375], networkLocation: /default-rack, certSerialId: null, persistedOpState: IN_SERVICE, persistedOpStateExpiryEpochSec: 0}.
2022-10-15 07:44:32,227 [ReplicationMonitor] INFO  replication.ReplicationManager (ReplicationManager.java:sendCloseContainerReplicaCommand(467)) - Sending close container command for container #10 to datanode 1a927d95-9689-4ae2-94aa-466101e25ef1{ip: 10.1.1.113, host: fv-az204-107.tdy0fjcc0bpubcu1xr20co1pbf.dx.internal.cloudapp.net, ports: [REPLICATION=41339, RATIS=33377, RATIS_ADMIN=33377, RATIS_SERVER=33377, STANDALONE=35429], networkLocation: /default-rack, certSerialId: null, persistedOpState: IN_SERVICE, persistedOpStateExpiryEpochSec: 0}.
2022-10-15 07:44:32,227 [ReplicationMonitor] INFO  replication.ReplicationManager (ReplicationManager.java:processAll(324)) - Replication Monitor Thread took 2 milliseconds for processing 11 containers.
2022-10-15 07:44:32,291 [Listener at 127.0.0.1/40173] INFO  handler.ContextHandler (ContextHandler.java:doStart(915)) - Started o.e.j.w.WebAppContext@7516dfe5{hddsDatanode,/,file:///tmp/jetty-0_0_0_0-36197-hdds-container-service-1_3_0-SNAPSHOT_jar-_-any-2547348838225965013/webapp/,AVAILABLE}{jar:file:/home/runner/.m2/repository/org/apache/ozone/hdds-container-service/1.3.0-SNAPSHOT/hdds-container-service-1.3.0-SNAPSHOT.jar!/webapps/hddsDatanode}
2022-10-15 07:44:32,295 [Listener at 127.0.0.1/40173] INFO  server.AbstractConnector (AbstractConnector.java:doStart(331)) - Started ServerConnector@24fa6592{HTTP/1.1, (http/1.1)}{0.0.0.0:36197}
2022-10-15 07:44:32,296 [Listener at 127.0.0.1/40173] INFO  server.Server (Server.java:doStart(415)) - Started @182248ms
2022-10-15 07:44:32,296 [Listener at 127.0.0.1/40173] WARN  impl.MetricsSystemImpl (MetricsSystemImpl.java:register(279)) - Sink prometheus already exists!
2022-10-15 07:44:32,296 [Listener at 127.0.0.1/40173] INFO  http.BaseHttpServer (BaseHttpServer.java:updateConnectorAddress(333)) - HTTP server of hddsDatanode listening at http://0.0.0.0:36197
2022-10-15 07:44:32,298 [Listener at 127.0.0.1/40173] INFO  impl.MetricsSystemImpl (MetricsSystemImpl.java:init(158)) - HddsDatanode metrics system started (again)
2022-10-15 07:44:32,302 [Datanode State Machine Daemon Thread] INFO  statemachine.DatanodeStateMachine (DatanodeStateMachine.java:lambda$startDaemon$0(492)) - Ozone container server started.
2022-10-15 07:44:32,309 [Listener at 127.0.0.1/40173] INFO  ozone.HddsDatanodeService (HddsDatanodeService.java:start(236)) - HddsDatanodeService host:fv-az204-107.tdy0fjcc0bpubcu1xr20co1pbf.dx.internal.cloudapp.net ip:10.1.1.113
2022-10-15 07:44:32,315 [org.apache.hadoop.util.JvmPauseMonitor$Monitor@acdca43] INFO  util.JvmPauseMonitor (JvmPauseMonitor.java:run(188)) - Starting JVM pause monitor
2022-10-15 07:44:32,318 [Datanode State Machine Task Thread - 0] INFO  datanode.InitDatanodeState (InitDatanodeState.java:persistContainerDatanodeDetails(138)) - DatanodeDetails is persisted to /home/runner/work/ozone/ozone/hadoop-ozone/integration-test/target/test-dir/MiniOzoneClusterImpl-0c55ea5e-da39-43b3-be52-3d6e56a90e90/datanode-4/meta/datanode.id
2022-10-15 07:44:32,349 [Listener at 127.0.0.1/40173] INFO  upgrade.AbstractLayoutVersionManager (AbstractLayoutVersionManager.java:init(83)) - Initializing Layout version manager with metadata layout = DATANODE_SCHEMA_V3 (version = 4), software layout = DATANODE_SCHEMA_V3 (version = 4)
2022-10-15 07:44:32,389 [Over Replicated Processor] INFO  replication.OverReplicatedProcessor (OverReplicatedProcessor.java:processAll(90)) - Processed 0 over replicated containers, failed processing 0
2022-10-15 07:44:32,390 [ReplicationMonitor] INFO  replication.ReplicationManager (ReplicationManager.java:processAll(324)) - Replication Monitor Thread took 0 milliseconds for processing 0 containers.
2022-10-15 07:44:32,390 [Under Replicated Processor] INFO  replication.UnderReplicatedProcessor (UnderReplicatedProcessor.java:processAll(92)) - Processed 0 under replicated containers, failed processing 0
2022-10-15 07:44:32,395 [Listener at 127.0.0.1/40173] INFO  reflections.Reflections (Reflections.java:scan(232)) - Reflections took 45 ms to scan 7 urls, producing 137 keys and 328 values 
2022-10-15 07:44:32,398 [Listener at 127.0.0.1/40173] INFO  statemachine.DatanodeStateMachine (DatanodeStateMachine.java:getEndPointTaskThreadPoolSize(237)) - Datanode State Machine Task Thread Pool size 2
2022-10-15 07:44:32,403 [Listener at 127.0.0.1/40173] INFO  volume.HddsVolume (HddsVolume.java:<init>(117)) - Creating HddsVolume: /home/runner/work/ozone/ozone/hadoop-ozone/integration-test/target/test-dir/MiniOzoneClusterImpl-0c55ea5e-da39-43b3-be52-3d6e56a90e90/datanode-5/data-0/containers/hdds of storage type : DISK capacity : 9223372036854775807
2022-10-15 07:44:32,404 [Listener at 127.0.0.1/40173] INFO  volume.MutableVolumeSet (MutableVolumeSet.java:initializeVolumeSet(174)) - Added Volume : /home/runner/work/ozone/ozone/hadoop-ozone/integration-test/target/test-dir/MiniOzoneClusterImpl-0c55ea5e-da39-43b3-be52-3d6e56a90e90/datanode-5/data-0/containers/hdds to VolumeSet
2022-10-15 07:44:32,404 [Listener at 127.0.0.1/40173] INFO  volume.ThrottledAsyncChecker (ThrottledAsyncChecker.java:schedule(141)) - Scheduling a check for /home/runner/work/ozone/ozone/hadoop-ozone/integration-test/target/test-dir/MiniOzoneClusterImpl-0c55ea5e-da39-43b3-be52-3d6e56a90e90/datanode-5/data-0/containers/hdds
2022-10-15 07:44:32,404 [Listener at 127.0.0.1/40173] INFO  volume.StorageVolumeChecker (StorageVolumeChecker.java:checkAllVolumes(202)) - Scheduled health check for volume /home/runner/work/ozone/ozone/hadoop-ozone/integration-test/target/test-dir/MiniOzoneClusterImpl-0c55ea5e-da39-43b3-be52-3d6e56a90e90/datanode-5/data-0/containers/hdds
2022-10-15 07:44:32,415 [Listener at 127.0.0.1/40173] INFO  volume.MutableVolumeSet (MutableVolumeSet.java:initializeVolumeSet(174)) - Added Volume : /home/runner/work/ozone/ozone/hadoop-ozone/integration-test/target/test-dir/MiniOzoneClusterImpl-0c55ea5e-da39-43b3-be52-3d6e56a90e90/datanode-5/data/ratis to VolumeSet
2022-10-15 07:44:32,415 [Listener at 127.0.0.1/40173] INFO  volume.ThrottledAsyncChecker (ThrottledAsyncChecker.java:schedule(141)) - Scheduling a check for /home/runner/work/ozone/ozone/hadoop-ozone/integration-test/target/test-dir/MiniOzoneClusterImpl-0c55ea5e-da39-43b3-be52-3d6e56a90e90/datanode-5/data/ratis
2022-10-15 07:44:32,415 [Listener at 127.0.0.1/40173] INFO  volume.StorageVolumeChecker (StorageVolumeChecker.java:checkAllVolumes(202)) - Scheduled health check for volume /home/runner/work/ozone/ozone/hadoop-ozone/integration-test/target/test-dir/MiniOzoneClusterImpl-0c55ea5e-da39-43b3-be52-3d6e56a90e90/datanode-5/data/ratis
2022-10-15 07:44:32,426 [Thread-4046] INFO  ozoneimpl.ContainerReader (ContainerReader.java:readVolume(175)) - Finish verifying containers on volume /home/runner/work/ozone/ozone/hadoop-ozone/integration-test/target/test-dir/MiniOzoneClusterImpl-0c55ea5e-da39-43b3-be52-3d6e56a90e90/datanode-5/data-0/containers/hdds
2022-10-15 07:44:32,426 [Listener at 127.0.0.1/40173] INFO  ozoneimpl.OzoneContainer (OzoneContainer.java:buildContainerSet(300)) - Build ContainerSet costs 0s
2022-10-15 07:44:32,428 [Listener at 127.0.0.1/40173] INFO  server.RaftServer (ConfUtils.java:logGet(46)) - raft.rpc.type = GRPC (default)
2022-10-15 07:44:32,428 [Listener at 127.0.0.1/40173] INFO  grpc.GrpcFactory (GrpcFactory.java:checkPooledByteBufAllocatorUseCacheForAllThreads(48)) - PERFORMANCE WARNING: useCacheForAllThreads is true that may cause Netty to create a lot garbage objects and, as a result, trigger GC.
	It is recommended to disable useCacheForAllThreads by setting -Dorg.apache.ratis.thirdparty.io.netty.allocator.useCacheForAllThreads=false in command line.
2022-10-15 07:44:32,428 [Listener at 127.0.0.1/40173] INFO  grpc.GrpcConfigKeys (ConfUtils.java:logGet(46)) - raft.grpc.admin.port = 0 (custom)
2022-10-15 07:44:32,428 [Listener at 127.0.0.1/40173] INFO  grpc.GrpcConfigKeys (ConfUtils.java:logGet(46)) - raft.grpc.client.port = 0 (custom)
2022-10-15 07:44:32,428 [Listener at 127.0.0.1/40173] INFO  grpc.GrpcConfigKeys (ConfUtils.java:logGet(46)) - raft.grpc.server.port = 0 (default)
2022-10-15 07:44:32,428 [Listener at 127.0.0.1/40173] INFO  server.GrpcService (ConfUtils.java:logGet(46)) - raft.grpc.message.size.max = 32MB (=33554432) (custom)
2022-10-15 07:44:32,428 [Listener at 127.0.0.1/40173] INFO  server.RaftServerConfigKeys (ConfUtils.java:logGet(46)) - raft.server.log.appender.buffer.byte-limit = 33554432 (custom)
2022-10-15 07:44:32,428 [Listener at 127.0.0.1/40173] INFO  server.GrpcService (ConfUtils.java:logGet(46)) - raft.grpc.flow.control.window = 5MB (=5242880) (custom)
2022-10-15 07:44:32,428 [Listener at 127.0.0.1/40173] INFO  server.RaftServerConfigKeys (ConfUtils.java:logGet(46)) - raft.server.rpc.request.timeout = 60s (custom)
2022-10-15 07:44:32,428 [Listener at 127.0.0.1/40173] INFO  grpc.GrpcConfigKeys (ConfUtils.java:logGet(46)) - raft.grpc.server.async.request.thread.pool.cached = true (default)
2022-10-15 07:44:32,428 [Listener at 127.0.0.1/40173] INFO  grpc.GrpcConfigKeys (ConfUtils.java:logGet(46)) - raft.grpc.server.async.request.thread.pool.size = 32 (default)
2022-10-15 07:44:32,429 [Listener at 127.0.0.1/40173] INFO  impl.DataStreamServerImpl (ConfUtils.java:logGet(46)) - raft.datastream.type = DISABLED (default)
2022-10-15 07:44:32,429 [Listener at 127.0.0.1/40173] INFO  server.RaftServerConfigKeys (ConfUtils.java:logGet(46)) - raft.server.threadpool.proxy.cached = true (default)
2022-10-15 07:44:32,429 [Listener at 127.0.0.1/40173] INFO  server.RaftServerConfigKeys (ConfUtils.java:logGet(46)) - raft.server.threadpool.proxy.size = 0 (default)
2022-10-15 07:44:32,429 [Listener at 127.0.0.1/40173] INFO  server.RaftServerConfigKeys (ConfUtils.java:logGet(46)) - raft.server.rpc.slowness.timeout = 300s (custom)
2022-10-15 07:44:32,430 [Listener at 127.0.0.1/40173] INFO  server.RaftServerConfigKeys (ConfUtils.java:logGet(46)) - raft.server.leaderelection.leader.step-down.wait-time = 10s (default)
2022-10-15 07:44:32,430 [Listener at 127.0.0.1/40173] INFO  server.RaftServerConfigKeys (ConfUtils.java:logGet(46)) - raft.server.storage.dir = [/home/runner/work/ozone/ozone/hadoop-ozone/integration-test/target/test-dir/MiniOzoneClusterImpl-0c55ea5e-da39-43b3-be52-3d6e56a90e90/datanode-5/data/ratis] (custom)
2022-10-15 07:44:32,432 [Listener at 127.0.0.1/40173] INFO  server.XceiverServerGrpc (XceiverServerGrpc.java:<init>(132)) - GrpcServer channel type EpollServerSocketChannel
2022-10-15 07:44:32,434 [Listener at 127.0.0.1/40173] INFO  http.BaseHttpServer (BaseHttpServer.java:newHttpServer2BuilderForOzone(213)) - Starting Web-server for hddsDatanode at: http://0.0.0.0:0
2022-10-15 07:44:32,434 [Listener at 127.0.0.1/40173] INFO  http.BaseHttpServer (BaseHttpServer.java:<init>(108)) - Hadoop Security Enabled: false Ozone Security Enabled: false Ozone HTTP Security Enabled: false 
2022-10-15 07:44:32,435 [Listener at 127.0.0.1/40173] WARN  server.AuthenticationFilter (AuthenticationFilter.java:constructSecretProvider(240)) - Unable to initialize FileSignerSecretProvider, falling back to use random secrets. Reason: Could not read signature secret file: /home/runner/hadoop-http-auth-signature-secret
2022-10-15 07:44:32,439 [Listener at 127.0.0.1/40173] WARN  http.HttpRequestLog (HttpRequestLog.java:getRequestLog(103)) - Jetty request log can only be enabled using Log4j
2022-10-15 07:44:32,440 [Listener at 127.0.0.1/40173] INFO  http.HttpServer2 (HttpServer2.java:addGlobalFilter(1031)) - Added global filter 'safety' (class=org.apache.hadoop.hdds.server.http.HttpServer2$QuotingInputFilter)
2022-10-15 07:44:32,441 [Listener at 127.0.0.1/40173] INFO  http.HttpServer2 (HttpServer2.java:addFilter(1007)) - Added filter static_user_filter (class=org.apache.hadoop.http.lib.StaticUserWebFilter$StaticUserFilter) to context hddsDatanode
2022-10-15 07:44:32,441 [Listener at 127.0.0.1/40173] INFO  http.HttpServer2 (HttpServer2.java:addFilter(1015)) - Added filter static_user_filter (class=org.apache.hadoop.http.lib.StaticUserWebFilter$StaticUserFilter) to context logs
2022-10-15 07:44:32,441 [Listener at 127.0.0.1/40173] INFO  http.HttpServer2 (HttpServer2.java:addFilter(1015)) - Added filter static_user_filter (class=org.apache.hadoop.http.lib.StaticUserWebFilter$StaticUserFilter) to context static
2022-10-15 07:44:32,441 [Listener at 127.0.0.1/40173] INFO  http.HttpServer2 (HttpServer2.java:bindListener(1250)) - Jetty bound to port 46451
2022-10-15 07:44:32,441 [Listener at 127.0.0.1/40173] INFO  server.Server (Server.java:doStart(375)) - jetty-9.4.43.v20210629; built: 2021-06-30T11:07:22.254Z; git: 526006ecfa3af7f1a27ef3a288e2bef7ea9dd7e8; jvm 1.8.0_345-b01
2022-10-15 07:44:32,443 [Listener at 127.0.0.1/40173] INFO  server.session (DefaultSessionIdManager.java:doStart(334)) - DefaultSessionIdManager workerName=node0
2022-10-15 07:44:32,443 [Listener at 127.0.0.1/40173] INFO  server.session (DefaultSessionIdManager.java:doStart(339)) - No SessionScavenger set, using defaults
2022-10-15 07:44:32,443 [Listener at 127.0.0.1/40173] INFO  server.session (HouseKeeper.java:startScavenging(132)) - node0 Scavenging every 600000ms
2022-10-15 07:44:32,445 [Listener at 127.0.0.1/40173] INFO  handler.ContextHandler (ContextHandler.java:doStart(915)) - Started o.e.j.s.ServletContextHandler@52c75dad{logs,/logs,file:///home/runner/work/ozone/ozone/hadoop-ozone/integration-test/target/log,AVAILABLE}
2022-10-15 07:44:32,445 [Listener at 127.0.0.1/40173] INFO  handler.ContextHandler (ContextHandler.java:doStart(915)) - Started o.e.j.s.ServletContextHandler@2cdccac7{static,/static,jar:file:/home/runner/.m2/repository/org/apache/ozone/hdds-container-service/1.3.0-SNAPSHOT/hdds-container-service-1.3.0-SNAPSHOT.jar!/webapps/static,AVAILABLE}
2022-10-15 07:44:32,512 [Command processor thread] INFO  server.RaftServer (RaftServerProxy.java:addNew(96)) - 2807d27e-eacf-4ef9-9ccd-2d34dc032c62: addNew group-8C1DE3C4B685:[35429393-00b4-4ffa-a437-723b6b48652e|rpc:10.1.1.113:40931|priority:1, 2807d27e-eacf-4ef9-9ccd-2d34dc032c62|rpc:10.1.1.113:39475|priority:0, a759a49b-3cd3-49e9-826c-16e7b00ba8b7|rpc:10.1.1.113:42469|priority:0] returns group-8C1DE3C4B685:java.util.concurrent.CompletableFuture@29a2de40[Not completed]
2022-10-15 07:44:32,513 [pool-2375-thread-1] INFO  server.RaftServer$Division (RaftServerImpl.java:<init>(190)) - 2807d27e-eacf-4ef9-9ccd-2d34dc032c62: new RaftServerImpl for group-8C1DE3C4B685:[35429393-00b4-4ffa-a437-723b6b48652e|rpc:10.1.1.113:40931|priority:1, 2807d27e-eacf-4ef9-9ccd-2d34dc032c62|rpc:10.1.1.113:39475|priority:0, a759a49b-3cd3-49e9-826c-16e7b00ba8b7|rpc:10.1.1.113:42469|priority:0] with ContainerStateMachine:uninitialized
2022-10-15 07:44:32,513 [pool-2375-thread-1] INFO  server.RaftServerConfigKeys (ConfUtils.java:logGet(46)) - raft.server.rpc.timeout.min = 5s (custom)
2022-10-15 07:44:32,513 [pool-2375-thread-1] INFO  server.RaftServerConfigKeys (ConfUtils.java:logGet(46)) - raft.server.rpc.timeout.max = 5200ms (custom)
2022-10-15 07:44:32,513 [pool-2375-thread-1] INFO  server.RaftServerConfigKeys (ConfUtils.java:logGet(46)) - raft.server.rpc.sleep.time = 25ms (default)
2022-10-15 07:44:32,513 [pool-2375-thread-1] INFO  server.RaftServerConfigKeys (ConfUtils.java:logGet(46)) - raft.server.rpc.slowness.timeout = 300s (custom)
2022-10-15 07:44:32,513 [pool-2375-thread-1] INFO  server.RaftServerConfigKeys (ConfUtils.java:logGet(46)) - raft.server.leaderelection.leader.step-down.wait-time = 10s (default)
2022-10-15 07:44:32,513 [pool-2375-thread-1] INFO  server.RaftServerConfigKeys (ConfUtils.java:logGet(46)) - raft.server.sleep.deviation.threshold = 300ms (default)
2022-10-15 07:44:32,513 [pool-2375-thread-1] INFO  server.RaftServer$Division (ServerState.java:<init>(107)) - 2807d27e-eacf-4ef9-9ccd-2d34dc032c62@group-8C1DE3C4B685: ConfigurationManager, init=-1: [35429393-00b4-4ffa-a437-723b6b48652e|rpc:10.1.1.113:40931|priority:1, 2807d27e-eacf-4ef9-9ccd-2d34dc032c62|rpc:10.1.1.113:39475|priority:0, a759a49b-3cd3-49e9-826c-16e7b00ba8b7|rpc:10.1.1.113:42469|priority:0], old=null, confs=<EMPTY_MAP>
2022-10-15 07:44:32,514 [pool-2375-thread-1] INFO  server.RaftServerConfigKeys (ConfUtils.java:logGet(46)) - raft.server.storage.dir = [/home/runner/work/ozone/ozone/hadoop-ozone/integration-test/target/test-dir/MiniOzoneClusterImpl-b71359ac-0e91-4f54-9b03-8f1926dea794/datanode-6/data/ratis] (custom)
2022-10-15 07:44:32,514 [pool-2375-thread-1] INFO  server.RaftServerConfigKeys (ConfUtils.java:logGet(46)) - raft.server.log.corruption.policy = EXCEPTION (default)
2022-10-15 07:44:32,514 [pool-2375-thread-1] INFO  server.RaftServerConfigKeys (ConfUtils.java:logGet(46)) - raft.server.storage.free-space.min = 0MB (=0) (default)
2022-10-15 07:44:32,514 [pool-2375-thread-1] INFO  storage.RaftStorageDirectory (RaftStorageDirectoryImpl.java:analyzeStorage(135)) - The storage directory /home/runner/work/ozone/ozone/hadoop-ozone/integration-test/target/test-dir/MiniOzoneClusterImpl-b71359ac-0e91-4f54-9b03-8f1926dea794/datanode-6/data/ratis/985643bb-5e60-4c80-a800-8c1de3c4b685 does not exist. Creating ...
2022-10-15 07:44:32,516 [pool-2375-thread-1] INFO  storage.RaftStorageDirectory (RaftStorageDirectoryImpl.java:tryLock(230)) - Lock on /home/runner/work/ozone/ozone/hadoop-ozone/integration-test/target/test-dir/MiniOzoneClusterImpl-b71359ac-0e91-4f54-9b03-8f1926dea794/datanode-6/data/ratis/985643bb-5e60-4c80-a800-8c1de3c4b685/in_use.lock acquired by nodename 65647@fv-az204-107
2022-10-15 07:44:32,517 [pool-2375-thread-1] INFO  storage.RaftStorage (RaftStorageImpl.java:format(89)) - Storage directory /home/runner/work/ozone/ozone/hadoop-ozone/integration-test/target/test-dir/MiniOzoneClusterImpl-b71359ac-0e91-4f54-9b03-8f1926dea794/datanode-6/data/ratis/985643bb-5e60-4c80-a800-8c1de3c4b685 has been successfully formatted.
2022-10-15 07:44:32,517 [pool-2375-thread-1] INFO  ratis.ContainerStateMachine (ContainerStateMachine.java:loadSnapshot(236)) - group-8C1DE3C4B685: The snapshot info is null. Setting the last applied indexto:(t:0, i:~)
2022-10-15 07:44:32,517 [pool-2375-thread-1] INFO  server.RaftServerConfigKeys (ConfUtils.java:logGet(46)) - raft.server.notification.no-leader.timeout = 300s (custom)
2022-10-15 07:44:32,518 [pool-2375-thread-1] INFO  server.RaftServerConfigKeys (ConfUtils.java:logGet(46)) - raft.server.log.use.memory = false (default)
2022-10-15 07:44:32,518 [pool-2375-thread-1] INFO  server.RaftServerConfigKeys (ConfUtils.java:logGet(46)) - raft.server.log.purge.gap = 1000000 (custom)
2022-10-15 07:44:32,518 [pool-2375-thread-1] INFO  server.RaftServerConfigKeys (ConfUtils.java:logGet(46)) - raft.server.log.appender.buffer.byte-limit = 33554432 (custom)
2022-10-15 07:44:32,518 [pool-2375-thread-1] INFO  server.RaftServerConfigKeys (ConfUtils.java:logGet(46)) - raft.server.log.statemachine.data.read.timeout = 1000ms (default)
2022-10-15 07:44:32,518 [pool-2375-thread-1] INFO  server.RaftServerConfigKeys (ConfUtils.java:logGet(46)) - raft.server.log.segment.size.max = 1048576 (custom)
2022-10-15 07:44:32,519 [pool-2375-thread-1] INFO  server.RaftServerConfigKeys (ConfUtils.java:logGet(46)) - raft.server.log.segment.cache.num.max = 2 (custom)
2022-10-15 07:44:32,519 [pool-2375-thread-1] INFO  server.RaftServerConfigKeys (ConfUtils.java:logGet(46)) - raft.server.log.segment.cache.size.max = 200MB (=209715200) (default)
2022-10-15 07:44:32,519 [pool-2375-thread-1] INFO  segmented.SegmentedRaftLogWorker (SegmentedRaftLogWorker.java:<init>(187)) - new 2807d27e-eacf-4ef9-9ccd-2d34dc032c62@group-8C1DE3C4B685-SegmentedRaftLogWorker for RaftStorageImpl:Storage Directory /home/runner/work/ozone/ozone/hadoop-ozone/integration-test/target/test-dir/MiniOzoneClusterImpl-b71359ac-0e91-4f54-9b03-8f1926dea794/datanode-6/data/ratis/985643bb-5e60-4c80-a800-8c1de3c4b685
2022-10-15 07:44:32,519 [pool-2375-thread-1] INFO  server.RaftServerConfigKeys (ConfUtils.java:logGet(46)) - raft.server.log.queue.byte-limit = 4294967296 (custom)
2022-10-15 07:44:32,519 [pool-2375-thread-1] INFO  server.RaftServerConfigKeys (ConfUtils.java:logGet(46)) - raft.server.log.queue.element-limit = 1024 (custom)
2022-10-15 07:44:32,519 [pool-2375-thread-1] INFO  server.RaftServerConfigKeys (ConfUtils.java:logGet(46)) - raft.server.log.segment.size.max = 1048576 (custom)
2022-10-15 07:44:32,519 [pool-2375-thread-1] INFO  server.RaftServerConfigKeys (ConfUtils.java:logGet(46)) - raft.server.log.preallocated.size = 16384 (custom)
2022-10-15 07:44:32,519 [pool-2375-thread-1] INFO  server.RaftServerConfigKeys (ConfUtils.java:logGet(46)) - raft.server.log.force.sync.num = 128 (default)
2022-10-15 07:44:32,519 [pool-2375-thread-1] INFO  server.RaftServerConfigKeys (ConfUtils.java:logGet(46)) - raft.server.log.statemachine.data.sync = true (default)
2022-10-15 07:44:32,519 [pool-2375-thread-1] INFO  server.RaftServerConfigKeys (ConfUtils.java:logGet(46)) - raft.server.log.statemachine.data.sync.timeout = 10s (default)
2022-10-15 07:44:32,520 [pool-2375-thread-1] INFO  server.RaftServerConfigKeys (ConfUtils.java:logGet(46)) - raft.server.log.statemachine.data.sync.timeout.retry = -1 (default)
2022-10-15 07:44:32,522 [pool-2375-thread-1] INFO  server.RaftServerConfigKeys (ConfUtils.java:logGet(46)) - raft.server.log.write.buffer.size = 1048576 (custom)
2022-10-15 07:44:32,522 [pool-2375-thread-1] INFO  server.RaftServerConfigKeys (ConfUtils.java:logGet(46)) - raft.server.log.unsafe-flush.enabled = false (default)
2022-10-15 07:44:32,522 [pool-2375-thread-1] INFO  server.RaftServerConfigKeys (ConfUtils.java:logGet(46)) - raft.server.log.statemachine.data.caching.enabled = true (custom)
2022-10-15 07:44:32,522 [pool-2375-thread-1] INFO  segmented.SegmentedRaftLogWorker (SegmentedRaftLogWorker.java:lambda$new$0(135)) - 2807d27e-eacf-4ef9-9ccd-2d34dc032c62@group-8C1DE3C4B685-SegmentedRaftLogWorker: flushIndex: setUnconditionally 0 -> -1
2022-10-15 07:44:32,522 [pool-2375-thread-1] INFO  segmented.SegmentedRaftLogWorker (SegmentedRaftLogWorker.java:lambda$new$0(135)) - 2807d27e-eacf-4ef9-9ccd-2d34dc032c62@group-8C1DE3C4B685-SegmentedRaftLogWorker: safeCacheEvictIndex: setUnconditionally 0 -> -1
2022-10-15 07:44:32,527 [pool-2375-thread-1] INFO  server.RaftServerConfigKeys (ConfUtils.java:logGet(46)) - raft.server.snapshot.auto.trigger.enabled = true (custom)
2022-10-15 07:44:32,527 [pool-2375-thread-1] INFO  server.RaftServerConfigKeys (ConfUtils.java:logGet(46)) - raft.server.snapshot.auto.trigger.threshold = 10000 (custom)
2022-10-15 07:44:32,527 [pool-2375-thread-1] INFO  server.RaftServerConfigKeys (ConfUtils.java:logGet(46)) - raft.server.snapshot.retention.file.num = 5 (custom)
2022-10-15 07:44:32,527 [pool-2375-thread-1] INFO  server.RaftServerConfigKeys (ConfUtils.java:logGet(46)) - raft.server.log.purge.upto.snapshot.index = false (default)
2022-10-15 07:44:32,527 [pool-2375-thread-1] INFO  server.RaftServerConfigKeys (ConfUtils.java:logGet(46)) - raft.server.retrycache.expirytime = 600000ms (custom)
2022-10-15 07:44:32,527 [pool-2375-thread-1] INFO  server.RaftServerConfigKeys (ConfUtils.java:logGet(46)) - raft.server.retrycache.statistics.expirytime = 100μs (default)
2022-10-15 07:44:32,530 [pool-2375-thread-1] INFO  server.RaftServerConfigKeys (ConfUtils.java:logGet(46)) - raft.server.log.appender.install.snapshot.enabled = false (custom)
2022-10-15 07:44:32,530 [pool-2375-thread-1] INFO  server.RaftServerConfigKeys (ConfUtils.java:logGet(46)) - raft.server.threadpool.server.cached = true (default)
2022-10-15 07:44:32,530 [pool-2375-thread-1] INFO  server.RaftServerConfigKeys (ConfUtils.java:logGet(46)) - raft.server.threadpool.server.size = 0 (default)
2022-10-15 07:44:32,530 [pool-2375-thread-1] INFO  server.RaftServerConfigKeys (ConfUtils.java:logGet(46)) - raft.server.threadpool.client.cached = true (default)
2022-10-15 07:44:32,530 [pool-2375-thread-1] INFO  server.RaftServerConfigKeys (ConfUtils.java:logGet(46)) - raft.server.threadpool.client.size = 0 (default)
2022-10-15 07:44:32,530 [pool-2375-thread-1] INFO  server.RaftServer$Division (RaftServerImpl.java:start(310)) - 2807d27e-eacf-4ef9-9ccd-2d34dc032c62@group-8C1DE3C4B685: start as a follower, conf=-1: [35429393-00b4-4ffa-a437-723b6b48652e|rpc:10.1.1.113:40931|priority:1, 2807d27e-eacf-4ef9-9ccd-2d34dc032c62|rpc:10.1.1.113:39475|priority:0, a759a49b-3cd3-49e9-826c-16e7b00ba8b7|rpc:10.1.1.113:42469|priority:0], old=null
2022-10-15 07:44:32,530 [pool-2375-thread-1] INFO  server.RaftServer$Division (RaftServerImpl.java:setRole(299)) - 2807d27e-eacf-4ef9-9ccd-2d34dc032c62@group-8C1DE3C4B685: changes role from      null to FOLLOWER at term 0 for startAsFollower
2022-10-15 07:44:32,530 [pool-2375-thread-1] INFO  impl.RoleInfo (RoleInfo.java:updateAndGet(139)) - 2807d27e-eacf-4ef9-9ccd-2d34dc032c62: start 2807d27e-eacf-4ef9-9ccd-2d34dc032c62@group-8C1DE3C4B685-FollowerState
2022-10-15 07:44:32,530 [pool-2375-thread-1] INFO  util.JmxRegister (JmxRegister.java:tryRegister(44)) - Successfully registered JMX Bean with object name Ratis:service=RaftServer,group=group-8C1DE3C4B685,id=2807d27e-eacf-4ef9-9ccd-2d34dc032c62
2022-10-15 07:44:32,532 [Command processor thread] INFO  ratis.XceiverServerRatis (XceiverServerRatis.java:addGroup(765)) - Created group PipelineID=985643bb-5e60-4c80-a800-8c1de3c4b685
2022-10-15 07:44:32,539 [grpc-default-executor-3] INFO  server.RaftServer (RaftServerProxy.java:addNew(96)) - a759a49b-3cd3-49e9-826c-16e7b00ba8b7: addNew group-8C1DE3C4B685:[35429393-00b4-4ffa-a437-723b6b48652e|rpc:10.1.1.113:40931|dataStream:|priority:1, 2807d27e-eacf-4ef9-9ccd-2d34dc032c62|rpc:10.1.1.113:39475|dataStream:|priority:0, a759a49b-3cd3-49e9-826c-16e7b00ba8b7|rpc:10.1.1.113:42469|dataStream:|priority:0] returns group-8C1DE3C4B685:java.util.concurrent.CompletableFuture@50d07f55[Not completed]
2022-10-15 07:44:32,540 [pool-2220-thread-1] INFO  server.RaftServer$Division (RaftServerImpl.java:<init>(190)) - a759a49b-3cd3-49e9-826c-16e7b00ba8b7: new RaftServerImpl for group-8C1DE3C4B685:[35429393-00b4-4ffa-a437-723b6b48652e|rpc:10.1.1.113:40931|dataStream:|priority:1, 2807d27e-eacf-4ef9-9ccd-2d34dc032c62|rpc:10.1.1.113:39475|dataStream:|priority:0, a759a49b-3cd3-49e9-826c-16e7b00ba8b7|rpc:10.1.1.113:42469|dataStream:|priority:0] with ContainerStateMachine:uninitialized
2022-10-15 07:44:32,540 [pool-2220-thread-1] INFO  server.RaftServerConfigKeys (ConfUtils.java:logGet(46)) - raft.server.rpc.timeout.min = 5s (custom)
2022-10-15 07:44:32,540 [pool-2220-thread-1] INFO  server.RaftServerConfigKeys (ConfUtils.java:logGet(46)) - raft.server.rpc.timeout.max = 5200ms (custom)
2022-10-15 07:44:32,540 [pool-2220-thread-1] INFO  server.RaftServerConfigKeys (ConfUtils.java:logGet(46)) - raft.server.rpc.sleep.time = 25ms (default)
2022-10-15 07:44:32,540 [pool-2220-thread-1] INFO  server.RaftServerConfigKeys (ConfUtils.java:logGet(46)) - raft.server.rpc.slowness.timeout = 300s (custom)
2022-10-15 07:44:32,540 [pool-2220-thread-1] INFO  server.RaftServerConfigKeys (ConfUtils.java:logGet(46)) - raft.server.leaderelection.leader.step-down.wait-time = 10s (default)
2022-10-15 07:44:32,540 [pool-2220-thread-1] INFO  server.RaftServerConfigKeys (ConfUtils.java:logGet(46)) - raft.server.sleep.deviation.threshold = 300ms (default)
2022-10-15 07:44:32,540 [pool-2220-thread-1] INFO  server.RaftServer$Division (ServerState.java:<init>(107)) - a759a49b-3cd3-49e9-826c-16e7b00ba8b7@group-8C1DE3C4B685: ConfigurationManager, init=-1: [35429393-00b4-4ffa-a437-723b6b48652e|rpc:10.1.1.113:40931|dataStream:|priority:1, 2807d27e-eacf-4ef9-9ccd-2d34dc032c62|rpc:10.1.1.113:39475|dataStream:|priority:0, a759a49b-3cd3-49e9-826c-16e7b00ba8b7|rpc:10.1.1.113:42469|dataStream:|priority:0], old=null, confs=<EMPTY_MAP>
2022-10-15 07:44:32,541 [pool-2220-thread-1] INFO  server.RaftServerConfigKeys (ConfUtils.java:logGet(46)) - raft.server.storage.dir = [/home/runner/work/ozone/ozone/hadoop-ozone/integration-test/target/test-dir/MiniOzoneClusterImpl-b71359ac-0e91-4f54-9b03-8f1926dea794/datanode-1/data/ratis] (custom)
2022-10-15 07:44:32,541 [pool-2220-thread-1] INFO  server.RaftServerConfigKeys (ConfUtils.java:logGet(46)) - raft.server.log.corruption.policy = EXCEPTION (default)
2022-10-15 07:44:32,541 [pool-2220-thread-1] INFO  server.RaftServerConfigKeys (ConfUtils.java:logGet(46)) - raft.server.storage.free-space.min = 0MB (=0) (default)
2022-10-15 07:44:32,541 [pool-2220-thread-1] INFO  storage.RaftStorageDirectory (RaftStorageDirectoryImpl.java:analyzeStorage(135)) - The storage directory /home/runner/work/ozone/ozone/hadoop-ozone/integration-test/target/test-dir/MiniOzoneClusterImpl-b71359ac-0e91-4f54-9b03-8f1926dea794/datanode-1/data/ratis/985643bb-5e60-4c80-a800-8c1de3c4b685 does not exist. Creating ...
2022-10-15 07:44:32,543 [pool-2220-thread-1] INFO  storage.RaftStorageDirectory (RaftStorageDirectoryImpl.java:tryLock(230)) - Lock on /home/runner/work/ozone/ozone/hadoop-ozone/integration-test/target/test-dir/MiniOzoneClusterImpl-b71359ac-0e91-4f54-9b03-8f1926dea794/datanode-1/data/ratis/985643bb-5e60-4c80-a800-8c1de3c4b685/in_use.lock acquired by nodename 65647@fv-az204-107
2022-10-15 07:44:32,544 [pool-2220-thread-1] INFO  storage.RaftStorage (RaftStorageImpl.java:format(89)) - Storage directory /home/runner/work/ozone/ozone/hadoop-ozone/integration-test/target/test-dir/MiniOzoneClusterImpl-b71359ac-0e91-4f54-9b03-8f1926dea794/datanode-1/data/ratis/985643bb-5e60-4c80-a800-8c1de3c4b685 has been successfully formatted.
2022-10-15 07:44:32,545 [pool-2220-thread-1] INFO  ratis.ContainerStateMachine (ContainerStateMachine.java:loadSnapshot(236)) - group-8C1DE3C4B685: The snapshot info is null. Setting the last applied indexto:(t:0, i:~)
2022-10-15 07:44:32,545 [EventQueue-PipelineReportForPipelineReportHandler] INFO  pipeline.PipelineReportHandler (PipelineReportHandler.java:processPipelineReport(115)) - Reported pipeline PipelineID=a8c168c9-4d1c-4acc-84ee-48ccb1284442 is not found
2022-10-15 07:44:32,545 [pool-2220-thread-1] INFO  server.RaftServerConfigKeys (ConfUtils.java:logGet(46)) - raft.server.notification.no-leader.timeout = 300s (custom)
2022-10-15 07:44:32,545 [pool-2220-thread-1] INFO  server.RaftServerConfigKeys (ConfUtils.java:logGet(46)) - raft.server.log.use.memory = false (default)
2022-10-15 07:44:32,545 [pool-2220-thread-1] INFO  server.RaftServerConfigKeys (ConfUtils.java:logGet(46)) - raft.server.log.purge.gap = 1000000 (custom)
2022-10-15 07:44:32,545 [pool-2220-thread-1] INFO  server.RaftServerConfigKeys (ConfUtils.java:logGet(46)) - raft.server.log.appender.buffer.byte-limit = 33554432 (custom)
2022-10-15 07:44:32,546 [pool-2220-thread-1] INFO  server.RaftServerConfigKeys (ConfUtils.java:logGet(46)) - raft.server.log.statemachine.data.read.timeout = 1000ms (default)
2022-10-15 07:44:32,546 [pool-2220-thread-1] INFO  server.RaftServerConfigKeys (ConfUtils.java:logGet(46)) - raft.server.log.segment.size.max = 1048576 (custom)
2022-10-15 07:44:32,547 [pool-2220-thread-1] INFO  server.RaftServerConfigKeys (ConfUtils.java:logGet(46)) - raft.server.log.segment.cache.num.max = 2 (custom)
2022-10-15 07:44:32,547 [pool-2220-thread-1] INFO  server.RaftServerConfigKeys (ConfUtils.java:logGet(46)) - raft.server.log.segment.cache.size.max = 200MB (=209715200) (default)
2022-10-15 07:44:32,547 [pool-2220-thread-1] INFO  segmented.SegmentedRaftLogWorker (SegmentedRaftLogWorker.java:<init>(187)) - new a759a49b-3cd3-49e9-826c-16e7b00ba8b7@group-8C1DE3C4B685-SegmentedRaftLogWorker for RaftStorageImpl:Storage Directory /home/runner/work/ozone/ozone/hadoop-ozone/integration-test/target/test-dir/MiniOzoneClusterImpl-b71359ac-0e91-4f54-9b03-8f1926dea794/datanode-1/data/ratis/985643bb-5e60-4c80-a800-8c1de3c4b685
2022-10-15 07:44:32,547 [pool-2220-thread-1] INFO  server.RaftServerConfigKeys (ConfUtils.java:logGet(46)) - raft.server.log.queue.byte-limit = 4294967296 (custom)
2022-10-15 07:44:32,547 [pool-2220-thread-1] INFO  server.RaftServerConfigKeys (ConfUtils.java:logGet(46)) - raft.server.log.queue.element-limit = 1024 (custom)
2022-10-15 07:44:32,547 [pool-2220-thread-1] INFO  server.RaftServerConfigKeys (ConfUtils.java:logGet(46)) - raft.server.log.segment.size.max = 1048576 (custom)
2022-10-15 07:44:32,547 [pool-2220-thread-1] INFO  server.RaftServerConfigKeys (ConfUtils.java:logGet(46)) - raft.server.log.preallocated.size = 16384 (custom)
2022-10-15 07:44:32,547 [pool-2220-thread-1] INFO  server.RaftServerConfigKeys (ConfUtils.java:logGet(46)) - raft.server.log.force.sync.num = 128 (default)
2022-10-15 07:44:32,547 [pool-2220-thread-1] INFO  server.RaftServerConfigKeys (ConfUtils.java:logGet(46)) - raft.server.log.statemachine.data.sync = true (default)
2022-10-15 07:44:32,547 [pool-2220-thread-1] INFO  server.RaftServerConfigKeys (ConfUtils.java:logGet(46)) - raft.server.log.statemachine.data.sync.timeout = 10s (default)
2022-10-15 07:44:32,547 [pool-2220-thread-1] INFO  server.RaftServerConfigKeys (ConfUtils.java:logGet(46)) - raft.server.log.statemachine.data.sync.timeout.retry = -1 (default)
2022-10-15 07:44:32,550 [pool-2220-thread-1] INFO  server.RaftServerConfigKeys (ConfUtils.java:logGet(46)) - raft.server.log.write.buffer.size = 1048576 (custom)
2022-10-15 07:44:32,550 [pool-2220-thread-1] INFO  server.RaftServerConfigKeys (ConfUtils.java:logGet(46)) - raft.server.log.unsafe-flush.enabled = false (default)
2022-10-15 07:44:32,550 [pool-2220-thread-1] INFO  server.RaftServerConfigKeys (ConfUtils.java:logGet(46)) - raft.server.log.statemachine.data.caching.enabled = true (custom)
2022-10-15 07:44:32,550 [pool-2220-thread-1] INFO  segmented.SegmentedRaftLogWorker (SegmentedRaftLogWorker.java:lambda$new$0(135)) - a759a49b-3cd3-49e9-826c-16e7b00ba8b7@group-8C1DE3C4B685-SegmentedRaftLogWorker: flushIndex: setUnconditionally 0 -> -1
2022-10-15 07:44:32,550 [pool-2220-thread-1] INFO  segmented.SegmentedRaftLogWorker (SegmentedRaftLogWorker.java:lambda$new$0(135)) - a759a49b-3cd3-49e9-826c-16e7b00ba8b7@group-8C1DE3C4B685-SegmentedRaftLogWorker: safeCacheEvictIndex: setUnconditionally 0 -> -1
2022-10-15 07:44:32,550 [pool-2220-thread-1] INFO  server.RaftServerConfigKeys (ConfUtils.java:logGet(46)) - raft.server.snapshot.auto.trigger.enabled = true (custom)
2022-10-15 07:44:32,550 [pool-2220-thread-1] INFO  server.RaftServerConfigKeys (ConfUtils.java:logGet(46)) - raft.server.snapshot.auto.trigger.threshold = 10000 (custom)
2022-10-15 07:44:32,550 [pool-2220-thread-1] INFO  server.RaftServerConfigKeys (ConfUtils.java:logGet(46)) - raft.server.snapshot.retention.file.num = 5 (custom)
2022-10-15 07:44:32,550 [pool-2220-thread-1] INFO  server.RaftServerConfigKeys (ConfUtils.java:logGet(46)) - raft.server.log.purge.upto.snapshot.index = false (default)
2022-10-15 07:44:32,550 [pool-2220-thread-1] INFO  server.RaftServerConfigKeys (ConfUtils.java:logGet(46)) - raft.server.retrycache.expirytime = 600000ms (custom)
2022-10-15 07:44:32,550 [pool-2220-thread-1] INFO  server.RaftServerConfigKeys (ConfUtils.java:logGet(46)) - raft.server.retrycache.statistics.expirytime = 100μs (default)
2022-10-15 07:44:32,554 [pool-2220-thread-1] INFO  server.RaftServerConfigKeys (ConfUtils.java:logGet(46)) - raft.server.log.appender.install.snapshot.enabled = false (custom)
2022-10-15 07:44:32,554 [pool-2220-thread-1] INFO  server.RaftServerConfigKeys (ConfUtils.java:logGet(46)) - raft.server.threadpool.server.cached = true (default)
2022-10-15 07:44:32,554 [pool-2220-thread-1] INFO  server.RaftServerConfigKeys (ConfUtils.java:logGet(46)) - raft.server.threadpool.server.size = 0 (default)
2022-10-15 07:44:32,554 [pool-2220-thread-1] INFO  server.RaftServerConfigKeys (ConfUtils.java:logGet(46)) - raft.server.threadpool.client.cached = true (default)
2022-10-15 07:44:32,554 [pool-2220-thread-1] INFO  server.RaftServerConfigKeys (ConfUtils.java:logGet(46)) - raft.server.threadpool.client.size = 0 (default)
2022-10-15 07:44:32,554 [pool-2220-thread-1] INFO  server.RaftServer$Division (RaftServerImpl.java:start(310)) - a759a49b-3cd3-49e9-826c-16e7b00ba8b7@group-8C1DE3C4B685: start as a follower, conf=-1: [35429393-00b4-4ffa-a437-723b6b48652e|rpc:10.1.1.113:40931|dataStream:|priority:1, 2807d27e-eacf-4ef9-9ccd-2d34dc032c62|rpc:10.1.1.113:39475|dataStream:|priority:0, a759a49b-3cd3-49e9-826c-16e7b00ba8b7|rpc:10.1.1.113:42469|dataStream:|priority:0], old=null
2022-10-15 07:44:32,554 [pool-2220-thread-1] INFO  server.RaftServer$Division (RaftServerImpl.java:setRole(299)) - a759a49b-3cd3-49e9-826c-16e7b00ba8b7@group-8C1DE3C4B685: changes role from      null to FOLLOWER at term 0 for startAsFollower
2022-10-15 07:44:32,554 [pool-2220-thread-1] INFO  impl.RoleInfo (RoleInfo.java:updateAndGet(139)) - a759a49b-3cd3-49e9-826c-16e7b00ba8b7: start a759a49b-3cd3-49e9-826c-16e7b00ba8b7@group-8C1DE3C4B685-FollowerState
2022-10-15 07:44:32,554 [pool-2220-thread-1] INFO  util.JmxRegister (JmxRegister.java:tryRegister(44)) - Successfully registered JMX Bean with object name Ratis:service=RaftServer,group=group-8C1DE3C4B685,id=a759a49b-3cd3-49e9-826c-16e7b00ba8b7
2022-10-15 07:44:32,565 [grpc-default-executor-3] INFO  server.RaftServer (RaftServerProxy.java:addNew(96)) - 35429393-00b4-4ffa-a437-723b6b48652e: addNew group-8C1DE3C4B685:[35429393-00b4-4ffa-a437-723b6b48652e|rpc:10.1.1.113:40931|dataStream:|priority:1, 2807d27e-eacf-4ef9-9ccd-2d34dc032c62|rpc:10.1.1.113:39475|dataStream:|priority:0, a759a49b-3cd3-49e9-826c-16e7b00ba8b7|rpc:10.1.1.113:42469|dataStream:|priority:0] returns group-8C1DE3C4B685:java.util.concurrent.CompletableFuture@52036c8c[Not completed]
2022-10-15 07:44:32,566 [pool-2243-thread-1] INFO  server.RaftServer$Division (RaftServerImpl.java:<init>(190)) - 35429393-00b4-4ffa-a437-723b6b48652e: new RaftServerImpl for group-8C1DE3C4B685:[35429393-00b4-4ffa-a437-723b6b48652e|rpc:10.1.1.113:40931|dataStream:|priority:1, 2807d27e-eacf-4ef9-9ccd-2d34dc032c62|rpc:10.1.1.113:39475|dataStream:|priority:0, a759a49b-3cd3-49e9-826c-16e7b00ba8b7|rpc:10.1.1.113:42469|dataStream:|priority:0] with ContainerStateMachine:uninitialized
2022-10-15 07:44:32,566 [pool-2243-thread-1] INFO  server.RaftServerConfigKeys (ConfUtils.java:logGet(46)) - raft.server.rpc.timeout.min = 5s (custom)
2022-10-15 07:44:32,566 [pool-2243-thread-1] INFO  server.RaftServerConfigKeys (ConfUtils.java:logGet(46)) - raft.server.rpc.timeout.max = 5200ms (custom)
2022-10-15 07:44:32,566 [pool-2243-thread-1] INFO  server.RaftServerConfigKeys (ConfUtils.java:logGet(46)) - raft.server.rpc.sleep.time = 25ms (default)
2022-10-15 07:44:32,566 [pool-2243-thread-1] INFO  server.RaftServerConfigKeys (ConfUtils.java:logGet(46)) - raft.server.rpc.slowness.timeout = 300s (custom)
2022-10-15 07:44:32,566 [pool-2243-thread-1] INFO  server.RaftServerConfigKeys (ConfUtils.java:logGet(46)) - raft.server.leaderelection.leader.step-down.wait-time = 10s (default)
2022-10-15 07:44:32,566 [pool-2243-thread-1] INFO  server.RaftServerConfigKeys (ConfUtils.java:logGet(46)) - raft.server.sleep.deviation.threshold = 300ms (default)
2022-10-15 07:44:32,566 [pool-2243-thread-1] INFO  server.RaftServer$Division (ServerState.java:<init>(107)) - 35429393-00b4-4ffa-a437-723b6b48652e@group-8C1DE3C4B685: ConfigurationManager, init=-1: [35429393-00b4-4ffa-a437-723b6b48652e|rpc:10.1.1.113:40931|dataStream:|priority:1, 2807d27e-eacf-4ef9-9ccd-2d34dc032c62|rpc:10.1.1.113:39475|dataStream:|priority:0, a759a49b-3cd3-49e9-826c-16e7b00ba8b7|rpc:10.1.1.113:42469|dataStream:|priority:0], old=null, confs=<EMPTY_MAP>
2022-10-15 07:44:32,566 [pool-2243-thread-1] INFO  server.RaftServerConfigKeys (ConfUtils.java:logGet(46)) - raft.server.storage.dir = [/home/runner/work/ozone/ozone/hadoop-ozone/integration-test/target/test-dir/MiniOzoneClusterImpl-b71359ac-0e91-4f54-9b03-8f1926dea794/datanode-2/data/ratis] (custom)
2022-10-15 07:44:32,567 [pool-2243-thread-1] INFO  server.RaftServerConfigKeys (ConfUtils.java:logGet(46)) - raft.server.log.corruption.policy = EXCEPTION (default)
2022-10-15 07:44:32,567 [pool-2243-thread-1] INFO  server.RaftServerConfigKeys (ConfUtils.java:logGet(46)) - raft.server.storage.free-space.min = 0MB (=0) (default)
2022-10-15 07:44:32,567 [pool-2243-thread-1] INFO  storage.RaftStorageDirectory (RaftStorageDirectoryImpl.java:analyzeStorage(135)) - The storage directory /home/runner/work/ozone/ozone/hadoop-ozone/integration-test/target/test-dir/MiniOzoneClusterImpl-b71359ac-0e91-4f54-9b03-8f1926dea794/datanode-2/data/ratis/985643bb-5e60-4c80-a800-8c1de3c4b685 does not exist. Creating ...
2022-10-15 07:44:32,569 [pool-2243-thread-1] INFO  storage.RaftStorageDirectory (RaftStorageDirectoryImpl.java:tryLock(230)) - Lock on /home/runner/work/ozone/ozone/hadoop-ozone/integration-test/target/test-dir/MiniOzoneClusterImpl-b71359ac-0e91-4f54-9b03-8f1926dea794/datanode-2/data/ratis/985643bb-5e60-4c80-a800-8c1de3c4b685/in_use.lock acquired by nodename 65647@fv-az204-107
2022-10-15 07:44:32,570 [pool-2243-thread-1] INFO  storage.RaftStorage (RaftStorageImpl.java:format(89)) - Storage directory /home/runner/work/ozone/ozone/hadoop-ozone/integration-test/target/test-dir/MiniOzoneClusterImpl-b71359ac-0e91-4f54-9b03-8f1926dea794/datanode-2/data/ratis/985643bb-5e60-4c80-a800-8c1de3c4b685 has been successfully formatted.
2022-10-15 07:44:32,570 [pool-2243-thread-1] INFO  ratis.ContainerStateMachine (ContainerStateMachine.java:loadSnapshot(236)) - group-8C1DE3C4B685: The snapshot info is null. Setting the last applied indexto:(t:0, i:~)
2022-10-15 07:44:32,571 [pool-2243-thread-1] INFO  server.RaftServerConfigKeys (ConfUtils.java:logGet(46)) - raft.server.notification.no-leader.timeout = 300s (custom)
2022-10-15 07:44:32,571 [pool-2243-thread-1] INFO  server.RaftServerConfigKeys (ConfUtils.java:logGet(46)) - raft.server.log.use.memory = false (default)
2022-10-15 07:44:32,571 [pool-2243-thread-1] INFO  server.RaftServerConfigKeys (ConfUtils.java:logGet(46)) - raft.server.log.purge.gap = 1000000 (custom)
2022-10-15 07:44:32,571 [pool-2243-thread-1] INFO  server.RaftServerConfigKeys (ConfUtils.java:logGet(46)) - raft.server.log.appender.buffer.byte-limit = 33554432 (custom)
2022-10-15 07:44:32,571 [pool-2243-thread-1] INFO  server.RaftServerConfigKeys (ConfUtils.java:logGet(46)) - raft.server.log.statemachine.data.read.timeout = 1000ms (default)
2022-10-15 07:44:32,571 [pool-2243-thread-1] INFO  server.RaftServerConfigKeys (ConfUtils.java:logGet(46)) - raft.server.log.segment.size.max = 1048576 (custom)
2022-10-15 07:44:32,572 [EventQueue-PipelineReportForPipelineReportHandler] INFO  pipeline.PipelineReportHandler (PipelineReportHandler.java:processPipelineReport(115)) - Reported pipeline PipelineID=a8c168c9-4d1c-4acc-84ee-48ccb1284442 is not found
2022-10-15 07:44:32,572 [pool-2243-thread-1] INFO  server.RaftServerConfigKeys (ConfUtils.java:logGet(46)) - raft.server.log.segment.cache.num.max = 2 (custom)
2022-10-15 07:44:32,573 [pool-2243-thread-1] INFO  server.RaftServerConfigKeys (ConfUtils.java:logGet(46)) - raft.server.log.segment.cache.size.max = 200MB (=209715200) (default)
2022-10-15 07:44:32,573 [pool-2243-thread-1] INFO  segmented.SegmentedRaftLogWorker (SegmentedRaftLogWorker.java:<init>(187)) - new 35429393-00b4-4ffa-a437-723b6b48652e@group-8C1DE3C4B685-SegmentedRaftLogWorker for RaftStorageImpl:Storage Directory /home/runner/work/ozone/ozone/hadoop-ozone/integration-test/target/test-dir/MiniOzoneClusterImpl-b71359ac-0e91-4f54-9b03-8f1926dea794/datanode-2/data/ratis/985643bb-5e60-4c80-a800-8c1de3c4b685
2022-10-15 07:44:32,573 [pool-2243-thread-1] INFO  server.RaftServerConfigKeys (ConfUtils.java:logGet(46)) - raft.server.log.queue.byte-limit = 4294967296 (custom)
2022-10-15 07:44:32,573 [pool-2243-thread-1] INFO  server.RaftServerConfigKeys (ConfUtils.java:logGet(46)) - raft.server.log.queue.element-limit = 1024 (custom)
2022-10-15 07:44:32,573 [pool-2243-thread-1] INFO  server.RaftServerConfigKeys (ConfUtils.java:logGet(46)) - raft.server.log.segment.size.max = 1048576 (custom)
2022-10-15 07:44:32,573 [pool-2243-thread-1] INFO  server.RaftServerConfigKeys (ConfUtils.java:logGet(46)) - raft.server.log.preallocated.size = 16384 (custom)
2022-10-15 07:44:32,573 [pool-2243-thread-1] INFO  server.RaftServerConfigKeys (ConfUtils.java:logGet(46)) - raft.server.log.force.sync.num = 128 (default)
2022-10-15 07:44:32,573 [pool-2243-thread-1] INFO  server.RaftServerConfigKeys (ConfUtils.java:logGet(46)) - raft.server.log.statemachine.data.sync = true (default)
2022-10-15 07:44:32,573 [pool-2243-thread-1] INFO  server.RaftServerConfigKeys (ConfUtils.java:logGet(46)) - raft.server.log.statemachine.data.sync.timeout = 10s (default)
2022-10-15 07:44:32,573 [pool-2243-thread-1] INFO  server.RaftServerConfigKeys (ConfUtils.java:logGet(46)) - raft.server.log.statemachine.data.sync.timeout.retry = -1 (default)
2022-10-15 07:44:32,575 [pool-2243-thread-1] INFO  server.RaftServerConfigKeys (ConfUtils.java:logGet(46)) - raft.server.log.write.buffer.size = 1048576 (custom)
2022-10-15 07:44:32,576 [pool-2243-thread-1] INFO  server.RaftServerConfigKeys (ConfUtils.java:logGet(46)) - raft.server.log.unsafe-flush.enabled = false (default)
2022-10-15 07:44:32,576 [pool-2243-thread-1] INFO  server.RaftServerConfigKeys (ConfUtils.java:logGet(46)) - raft.server.log.statemachine.data.caching.enabled = true (custom)
2022-10-15 07:44:32,576 [pool-2243-thread-1] INFO  segmented.SegmentedRaftLogWorker (SegmentedRaftLogWorker.java:lambda$new$0(135)) - 35429393-00b4-4ffa-a437-723b6b48652e@group-8C1DE3C4B685-SegmentedRaftLogWorker: flushIndex: setUnconditionally 0 -> -1
2022-10-15 07:44:32,576 [pool-2243-thread-1] INFO  segmented.SegmentedRaftLogWorker (SegmentedRaftLogWorker.java:lambda$new$0(135)) - 35429393-00b4-4ffa-a437-723b6b48652e@group-8C1DE3C4B685-SegmentedRaftLogWorker: safeCacheEvictIndex: setUnconditionally 0 -> -1
2022-10-15 07:44:32,576 [pool-2243-thread-1] INFO  server.RaftServerConfigKeys (ConfUtils.java:logGet(46)) - raft.server.snapshot.auto.trigger.enabled = true (custom)
2022-10-15 07:44:32,577 [pool-2243-thread-1] INFO  server.RaftServerConfigKeys (ConfUtils.java:logGet(46)) - raft.server.snapshot.auto.trigger.threshold = 10000 (custom)
2022-10-15 07:44:32,577 [pool-2243-thread-1] INFO  server.RaftServerConfigKeys (ConfUtils.java:logGet(46)) - raft.server.snapshot.retention.file.num = 5 (custom)
2022-10-15 07:44:32,577 [pool-2243-thread-1] INFO  server.RaftServerConfigKeys (ConfUtils.java:logGet(46)) - raft.server.log.purge.upto.snapshot.index = false (default)
2022-10-15 07:44:32,577 [pool-2243-thread-1] INFO  server.RaftServerConfigKeys (ConfUtils.java:logGet(46)) - raft.server.retrycache.expirytime = 600000ms (custom)
2022-10-15 07:44:32,577 [pool-2243-thread-1] INFO  server.RaftServerConfigKeys (ConfUtils.java:logGet(46)) - raft.server.retrycache.statistics.expirytime = 100μs (default)
2022-10-15 07:44:32,580 [pool-2243-thread-1] INFO  server.RaftServerConfigKeys (ConfUtils.java:logGet(46)) - raft.server.log.appender.install.snapshot.enabled = false (custom)
2022-10-15 07:44:32,580 [pool-2243-thread-1] INFO  server.RaftServerConfigKeys (ConfUtils.java:logGet(46)) - raft.server.threadpool.server.cached = true (default)
2022-10-15 07:44:32,580 [pool-2243-thread-1] INFO  server.RaftServerConfigKeys (ConfUtils.java:logGet(46)) - raft.server.threadpool.server.size = 0 (default)
2022-10-15 07:44:32,580 [pool-2243-thread-1] INFO  server.RaftServerConfigKeys (ConfUtils.java:logGet(46)) - raft.server.threadpool.client.cached = true (default)
2022-10-15 07:44:32,580 [pool-2243-thread-1] INFO  server.RaftServerConfigKeys (ConfUtils.java:logGet(46)) - raft.server.threadpool.client.size = 0 (default)
2022-10-15 07:44:32,580 [pool-2243-thread-1] INFO  server.RaftServer$Division (RaftServerImpl.java:start(310)) - 35429393-00b4-4ffa-a437-723b6b48652e@group-8C1DE3C4B685: start as a follower, conf=-1: [35429393-00b4-4ffa-a437-723b6b48652e|rpc:10.1.1.113:40931|dataStream:|priority:1, 2807d27e-eacf-4ef9-9ccd-2d34dc032c62|rpc:10.1.1.113:39475|dataStream:|priority:0, a759a49b-3cd3-49e9-826c-16e7b00ba8b7|rpc:10.1.1.113:42469|dataStream:|priority:0], old=null
2022-10-15 07:44:32,580 [pool-2243-thread-1] INFO  server.RaftServer$Division (RaftServerImpl.java:setRole(299)) - 35429393-00b4-4ffa-a437-723b6b48652e@group-8C1DE3C4B685: changes role from      null to FOLLOWER at term 0 for startAsFollower
2022-10-15 07:44:32,580 [pool-2243-thread-1] INFO  impl.RoleInfo (RoleInfo.java:updateAndGet(139)) - 35429393-00b4-4ffa-a437-723b6b48652e: start 35429393-00b4-4ffa-a437-723b6b48652e@group-8C1DE3C4B685-FollowerState
2022-10-15 07:44:32,583 [pool-2243-thread-1] INFO  util.JmxRegister (JmxRegister.java:tryRegister(44)) - Successfully registered JMX Bean with object name Ratis:service=RaftServer,group=group-8C1DE3C4B685,id=35429393-00b4-4ffa-a437-723b6b48652e
2022-10-15 07:44:32,587 [Command processor thread] INFO  commandhandler.CreatePipelineCommandHandler (CreatePipelineCommandHandler.java:handle(113)) - Created Pipeline RATIS THREE PipelineID=985643bb-5e60-4c80-a800-8c1de3c4b685.
2022-10-15 07:44:32,596 [ReplicationMonitor] INFO  replication.ReplicationManager (ReplicationManager.java:processAll(291)) - Replication Manager is not ready to run until 3000ms after safemode exit
2022-10-15 07:44:32,649 [DatanodeAdminManager-0] INFO  node.DatanodeAdminMonitorImpl (DatanodeAdminMonitorImpl.java:run(148)) - There are 1 nodes tracked for decommission and maintenance. 0 pending nodes.
2022-10-15 07:44:32,668 [Listener at 127.0.0.1/40173] INFO  handler.ContextHandler (ContextHandler.java:doStart(915)) - Started o.e.j.w.WebAppContext@4bc1172{hddsDatanode,/,file:///tmp/jetty-0_0_0_0-46451-hdds-container-service-1_3_0-SNAPSHOT_jar-_-any-8935365479400069675/webapp/,AVAILABLE}{jar:file:/home/runner/.m2/repository/org/apache/ozone/hdds-container-service/1.3.0-SNAPSHOT/hdds-container-service-1.3.0-SNAPSHOT.jar!/webapps/hddsDatanode}
2022-10-15 07:44:32,672 [Listener at 127.0.0.1/40173] INFO  server.AbstractConnector (AbstractConnector.java:doStart(331)) - Started ServerConnector@4a3778e3{HTTP/1.1, (http/1.1)}{0.0.0.0:46451}
2022-10-15 07:44:32,672 [Listener at 127.0.0.1/40173] INFO  server.Server (Server.java:doStart(415)) - Started @182624ms
2022-10-15 07:44:32,672 [Listener at 127.0.0.1/40173] WARN  impl.MetricsSystemImpl (MetricsSystemImpl.java:register(279)) - Sink prometheus already exists!
2022-10-15 07:44:32,673 [Listener at 127.0.0.1/40173] INFO  http.BaseHttpServer (BaseHttpServer.java:updateConnectorAddress(333)) - HTTP server of hddsDatanode listening at http://0.0.0.0:46451
2022-10-15 07:44:32,673 [Datanode State Machine Daemon Thread] INFO  statemachine.DatanodeStateMachine (DatanodeStateMachine.java:lambda$startDaemon$0(492)) - Ozone container server started.
2022-10-15 07:44:32,673 [Listener at 127.0.0.1/40173] WARN  impl.MetricRegistriesImpl (MetricRegistriesImpl.java:addReporterRegistration(111)) - New reporters are added after registries were created. Some metrics will be missing from the reporter. Please add reporter before adding any new registry.
2022-10-15 07:44:32,673 [Listener at 127.0.0.1/40173] WARN  impl.MetricRegistriesImpl (MetricRegistriesImpl.java:addReporterRegistration(111)) - New reporters are added after registries were created. Some metrics will be missing from the reporter. Please add reporter before adding any new registry.
2022-10-15 07:44:32,673 [Listener at 127.0.0.1/40173] INFO  impl.MetricsSystemImpl (MetricsSystemImpl.java:init(158)) - HddsDatanode metrics system started (again)
2022-10-15 07:44:32,674 [EndpointStateMachine task thread for /0.0.0.0:35863 - 0 ] INFO  volume.HddsVolume (HddsVolume.java:createDbStore(307)) - SchemaV3 db is created and loaded at /home/runner/work/ozone/ozone/hadoop-ozone/integration-test/target/test-dir/MiniOzoneClusterImpl-0c55ea5e-da39-43b3-be52-3d6e56a90e90/datanode-0/data-0/containers/hdds/0c55ea5e-da39-43b3-be52-3d6e56a90e90/DS-363a3257-9907-4dcf-be1f-02118a7dca4c/container.db for volume DS-363a3257-9907-4dcf-be1f-02118a7dca4c
2022-10-15 07:44:32,675 [EndpointStateMachine task thread for /0.0.0.0:35863 - 0 ] INFO  volume.HddsVolume (HddsVolume.java:closeDbStore(338)) - SchemaV3 db is stopped at /home/runner/work/ozone/ozone/hadoop-ozone/integration-test/target/test-dir/MiniOzoneClusterImpl-0c55ea5e-da39-43b3-be52-3d6e56a90e90/datanode-0/data-0/containers/hdds/0c55ea5e-da39-43b3-be52-3d6e56a90e90/DS-363a3257-9907-4dcf-be1f-02118a7dca4c/container.db for volume DS-363a3257-9907-4dcf-be1f-02118a7dca4c
2022-10-15 07:44:32,675 [EndpointStateMachine task thread for /0.0.0.0:35863 - 0 ] INFO  ozoneimpl.OzoneContainer (OzoneContainer.java:start(378)) - Attempting to start container services.
2022-10-15 07:44:32,675 [EndpointStateMachine task thread for /0.0.0.0:35863 - 0 ] INFO  ozoneimpl.OzoneContainer (OzoneContainer.java:startContainerScrub(313)) - Background container scanner has been disabled.
2022-10-15 07:44:32,675 [EndpointStateMachine task thread for /0.0.0.0:35863 - 0 ] INFO  replication.ReplicationServer (ReplicationServer.java:start(111)) - ReplicationServer is started using port 40991
2022-10-15 07:44:32,685 [EndpointStateMachine task thread for /0.0.0.0:35863 - 0 ] INFO  ratis.XceiverServerRatis (XceiverServerRatis.java:start(481)) - Starting XceiverServerRatis abd8e8e1-9e09-4ec0-a897-8fd48f6e99a3
2022-10-15 07:44:32,688 [EndpointStateMachine task thread for /0.0.0.0:35863 - 0 ] INFO  server.RaftServer (RaftServerProxy.java:lambda$start$6(382)) - abd8e8e1-9e09-4ec0-a897-8fd48f6e99a3: start RPC server
2022-10-15 07:44:32,691 [EndpointStateMachine task thread for /0.0.0.0:35863 - 0 ] INFO  server.GrpcService (GrpcService.java:startImpl(260)) - abd8e8e1-9e09-4ec0-a897-8fd48f6e99a3: GrpcService started, listening on 44465
2022-10-15 07:44:32,696 [Listener at 127.0.0.1/40173] INFO  ozone.HddsDatanodeService (HddsDatanodeService.java:start(236)) - HddsDatanodeService host:fv-az204-107.tdy0fjcc0bpubcu1xr20co1pbf.dx.internal.cloudapp.net ip:10.1.1.113
2022-10-15 07:44:32,697 [org.apache.hadoop.util.JvmPauseMonitor$Monitor@4b82a16a] INFO  util.JvmPauseMonitor (JvmPauseMonitor.java:run(188)) - Starting JVM pause monitor
2022-10-15 07:44:32,697 [EndpointStateMachine task thread for /0.0.0.0:35863 - 0 ] INFO  ratis.XceiverServerRatis (XceiverServerRatis.java:getRealPort(502)) - XceiverServerRatis abd8e8e1-9e09-4ec0-a897-8fd48f6e99a3 is started using port 44465 for RATIS
2022-10-15 07:44:32,698 [EndpointStateMachine task thread for /0.0.0.0:35863 - 0 ] INFO  ratis.XceiverServerRatis (XceiverServerRatis.java:getRealPort(502)) - XceiverServerRatis abd8e8e1-9e09-4ec0-a897-8fd48f6e99a3 is started using port 44465 for RATIS_ADMIN
2022-10-15 07:44:32,698 [EndpointStateMachine task thread for /0.0.0.0:35863 - 0 ] INFO  ratis.XceiverServerRatis (XceiverServerRatis.java:getRealPort(502)) - XceiverServerRatis abd8e8e1-9e09-4ec0-a897-8fd48f6e99a3 is started using port 44465 for RATIS_SERVER
2022-10-15 07:44:32,697 [org.apache.ratis.util.JvmPauseMonitor$$Lambda$718/783493338@1faafd8c] INFO  util.JvmPauseMonitor (JvmPauseMonitor.java:run(103)) - JvmPauseMonitor-abd8e8e1-9e09-4ec0-a897-8fd48f6e99a3: Started
2022-10-15 07:44:32,701 [Datanode State Machine Task Thread - 0] INFO  datanode.InitDatanodeState (InitDatanodeState.java:persistContainerDatanodeDetails(138)) - DatanodeDetails is persisted to /home/runner/work/ozone/ozone/hadoop-ozone/integration-test/target/test-dir/MiniOzoneClusterImpl-0c55ea5e-da39-43b3-be52-3d6e56a90e90/datanode-5/meta/datanode.id
2022-10-15 07:44:32,702 [EndpointStateMachine task thread for /0.0.0.0:35863 - 0 ] INFO  server.XceiverServerGrpc (XceiverServerGrpc.java:start(180)) - XceiverServerGrpc abd8e8e1-9e09-4ec0-a897-8fd48f6e99a3 is started using port 35253
2022-10-15 07:44:32,711 [EventQueue-DeadNodeForDeadNodeHandler] INFO  node.DeadNodeHandler (DeadNodeHandler.java:onMessage(81)) - A dead datanode is detected. fdcf0f8e-cf64-44a3-bed5-f94c24ef391f{ip: 10.1.1.113, host: fv-az204-107.tdy0fjcc0bpubcu1xr20co1pbf.dx.internal.cloudapp.net, ports: [REPLICATION=38531, RATIS=45413, RATIS_ADMIN=45413, RATIS_SERVER=45413, STANDALONE=37375], networkLocation: /default-rack, certSerialId: null, persistedOpState: IN_SERVICE, persistedOpStateExpiryEpochSec: 0}
2022-10-15 07:44:32,711 [EventQueue-DeadNodeForDeadNodeHandler] INFO  pipeline.PipelineStateManagerImpl (PipelineStateManagerImpl.java:removePipeline(245)) - Pipeline Pipeline[ Id: 2beadd46-9fe1-45cf-af72-c813503183c7, Nodes: 9a24ac87-7197-4b23-9992-aedcbee91c34{ip: 10.1.1.113, host: fv-az204-107.tdy0fjcc0bpubcu1xr20co1pbf.dx.internal.cloudapp.net, ports: [REPLICATION=42613, RATIS=43931, RATIS_ADMIN=43931, RATIS_SERVER=43931, STANDALONE=42833], networkLocation: /default-rack, certSerialId: null, persistedOpState: null, persistedOpStateExpiryEpochSec: 0}9f678299-4532-47e1-9b54-5ce4850b949b{ip: 10.1.1.113, host: fv-az204-107.tdy0fjcc0bpubcu1xr20co1pbf.dx.internal.cloudapp.net, ports: [REPLICATION=44329, RATIS=40365, RATIS_ADMIN=40365, RATIS_SERVER=40365, STANDALONE=34101], networkLocation: /default-rack, certSerialId: null, persistedOpState: null, persistedOpStateExpiryEpochSec: 0}1a927d95-9689-4ae2-94aa-466101e25ef1{ip: 10.1.1.113, host: fv-az204-107.tdy0fjcc0bpubcu1xr20co1pbf.dx.internal.cloudapp.net, ports: [REPLICATION=41339, RATIS=33377, RATIS_ADMIN=33377, RATIS_SERVER=33377, STANDALONE=35429], networkLocation: /default-rack, certSerialId: null, persistedOpState: null, persistedOpStateExpiryEpochSec: 0}21a643b6-1a42-4dcc-b3d5-cdf5198533e3{ip: 10.1.1.113, host: fv-az204-107.tdy0fjcc0bpubcu1xr20co1pbf.dx.internal.cloudapp.net, ports: [REPLICATION=33579, RATIS=44331, RATIS_ADMIN=44331, RATIS_SERVER=44331, STANDALONE=46453], networkLocation: /default-rack, certSerialId: null, persistedOpState: null, persistedOpStateExpiryEpochSec: 0}fdcf0f8e-cf64-44a3-bed5-f94c24ef391f{ip: 10.1.1.113, host: fv-az204-107.tdy0fjcc0bpubcu1xr20co1pbf.dx.internal.cloudapp.net, ports: [REPLICATION=38531, RATIS=45413, RATIS_ADMIN=45413, RATIS_SERVER=45413, STANDALONE=37375], networkLocation: /default-rack, certSerialId: null, persistedOpState: null, persistedOpStateExpiryEpochSec: 0}, ReplicationConfig: EC/ECReplicationConfig{data=3, parity=2, ecChunkSize=1048576, codec=rs}, State:CLOSED, leaderId:, CreationTimestamp2022-10-15T07:43:55.159Z[Etc/UTC]] removed.
2022-10-15 07:44:32,712 [EventQueue-DeadNodeForDeadNodeHandler] INFO  pipeline.RatisPipelineProvider (RatisPipelineProvider.java:lambda$close$1(244)) - Send pipeline:PipelineID=beb96493-518f-4f71-a36b-fcf0011e0a5f close command to datanode fdcf0f8e-cf64-44a3-bed5-f94c24ef391f
2022-10-15 07:44:32,712 [EventQueue-DeadNodeForDeadNodeHandler] INFO  pipeline.PipelineStateManagerImpl (PipelineStateManagerImpl.java:removePipeline(245)) - Pipeline Pipeline[ Id: beb96493-518f-4f71-a36b-fcf0011e0a5f, Nodes: fdcf0f8e-cf64-44a3-bed5-f94c24ef391f{ip: 10.1.1.113, host: fv-az204-107.tdy0fjcc0bpubcu1xr20co1pbf.dx.internal.cloudapp.net, ports: [REPLICATION=38531, RATIS=45413, RATIS_ADMIN=45413, RATIS_SERVER=45413, STANDALONE=37375], networkLocation: /default-rack, certSerialId: null, persistedOpState: IN_SERVICE, persistedOpStateExpiryEpochSec: 0}, ReplicationConfig: RATIS/ONE, State:CLOSED, leaderId:fdcf0f8e-cf64-44a3-bed5-f94c24ef391f, CreationTimestamp2022-10-15T07:42:37.253Z[Etc/UTC]] removed.
2022-10-15 07:44:32,712 [EventQueue-DeadNodeForDeadNodeHandler] INFO  pipeline.RatisPipelineProvider (RatisPipelineProvider.java:lambda$close$1(244)) - Send pipeline:PipelineID=60f4bbe5-b59a-4160-bd27-186442f10da6 close command to datanode fdcf0f8e-cf64-44a3-bed5-f94c24ef391f
2022-10-15 07:44:32,712 [EventQueue-DeadNodeForDeadNodeHandler] INFO  pipeline.RatisPipelineProvider (RatisPipelineProvider.java:lambda$close$1(244)) - Send pipeline:PipelineID=60f4bbe5-b59a-4160-bd27-186442f10da6 close command to datanode 1a927d95-9689-4ae2-94aa-466101e25ef1
2022-10-15 07:44:32,712 [EventQueue-DeadNodeForDeadNodeHandler] INFO  pipeline.RatisPipelineProvider (RatisPipelineProvider.java:lambda$close$1(244)) - Send pipeline:PipelineID=60f4bbe5-b59a-4160-bd27-186442f10da6 close command to datanode 9f678299-4532-47e1-9b54-5ce4850b949b
2022-10-15 07:44:32,712 [EventQueue-DeadNodeForDeadNodeHandler] INFO  pipeline.PipelineStateManagerImpl (PipelineStateManagerImpl.java:removePipeline(245)) - Pipeline Pipeline[ Id: 60f4bbe5-b59a-4160-bd27-186442f10da6, Nodes: fdcf0f8e-cf64-44a3-bed5-f94c24ef391f{ip: 10.1.1.113, host: fv-az204-107.tdy0fjcc0bpubcu1xr20co1pbf.dx.internal.cloudapp.net, ports: [REPLICATION=38531, RATIS=45413, RATIS_ADMIN=45413, RATIS_SERVER=45413, STANDALONE=37375], networkLocation: /default-rack, certSerialId: null, persistedOpState: IN_SERVICE, persistedOpStateExpiryEpochSec: 0}1a927d95-9689-4ae2-94aa-466101e25ef1{ip: 10.1.1.113, host: fv-az204-107.tdy0fjcc0bpubcu1xr20co1pbf.dx.internal.cloudapp.net, ports: [REPLICATION=41339, RATIS=33377, RATIS_ADMIN=33377, RATIS_SERVER=33377, STANDALONE=35429], networkLocation: /default-rack, certSerialId: null, persistedOpState: IN_SERVICE, persistedOpStateExpiryEpochSec: 0}9f678299-4532-47e1-9b54-5ce4850b949b{ip: 10.1.1.113, host: fv-az204-107.tdy0fjcc0bpubcu1xr20co1pbf.dx.internal.cloudapp.net, ports: [REPLICATION=44329, RATIS=40365, RATIS_ADMIN=40365, RATIS_SERVER=40365, STANDALONE=34101], networkLocation: /default-rack, certSerialId: null, persistedOpState: IN_SERVICE, persistedOpStateExpiryEpochSec: 0}, ReplicationConfig: RATIS/THREE, State:CLOSED, leaderId:1a927d95-9689-4ae2-94aa-466101e25ef1, CreationTimestamp2022-10-15T07:43:59.053Z[Etc/UTC]] removed.
2022-10-15 07:44:32,713 [EventQueue-DeadNodeForDeadNodeHandler] INFO  net.NetworkTopologyImpl (NetworkTopologyImpl.java:remove(190)) - Removed a node: /default-rack/fdcf0f8e-cf64-44a3-bed5-f94c24ef391f
2022-10-15 07:44:32,723 [Listener at 127.0.0.1/40173] INFO  upgrade.AbstractLayoutVersionManager (AbstractLayoutVersionManager.java:init(83)) - Initializing Layout version manager with metadata layout = DATANODE_SCHEMA_V3 (version = 4), software layout = DATANODE_SCHEMA_V3 (version = 4)
2022-10-15 07:44:32,771 [Listener at 127.0.0.1/40173] INFO  reflections.Reflections (Reflections.java:scan(232)) - Reflections took 46 ms to scan 7 urls, producing 137 keys and 328 values 
2022-10-15 07:44:32,772 [Listener at 127.0.0.1/40173] INFO  statemachine.DatanodeStateMachine (DatanodeStateMachine.java:getEndPointTaskThreadPoolSize(237)) - Datanode State Machine Task Thread Pool size 2
2022-10-15 07:44:32,779 [Listener at 127.0.0.1/40173] INFO  volume.HddsVolume (HddsVolume.java:<init>(117)) - Creating HddsVolume: /home/runner/work/ozone/ozone/hadoop-ozone/integration-test/target/test-dir/MiniOzoneClusterImpl-0c55ea5e-da39-43b3-be52-3d6e56a90e90/datanode-6/data-0/containers/hdds of storage type : DISK capacity : 9223372036854775807
2022-10-15 07:44:32,779 [Listener at 127.0.0.1/40173] INFO  volume.MutableVolumeSet (MutableVolumeSet.java:initializeVolumeSet(174)) - Added Volume : /home/runner/work/ozone/ozone/hadoop-ozone/integration-test/target/test-dir/MiniOzoneClusterImpl-0c55ea5e-da39-43b3-be52-3d6e56a90e90/datanode-6/data-0/containers/hdds to VolumeSet
2022-10-15 07:44:32,779 [Listener at 127.0.0.1/40173] INFO  volume.ThrottledAsyncChecker (ThrottledAsyncChecker.java:schedule(141)) - Scheduling a check for /home/runner/work/ozone/ozone/hadoop-ozone/integration-test/target/test-dir/MiniOzoneClusterImpl-0c55ea5e-da39-43b3-be52-3d6e56a90e90/datanode-6/data-0/containers/hdds
2022-10-15 07:44:32,782 [Listener at 127.0.0.1/40173] INFO  volume.StorageVolumeChecker (StorageVolumeChecker.java:checkAllVolumes(202)) - Scheduled health check for volume /home/runner/work/ozone/ozone/hadoop-ozone/integration-test/target/test-dir/MiniOzoneClusterImpl-0c55ea5e-da39-43b3-be52-3d6e56a90e90/datanode-6/data-0/containers/hdds
2022-10-15 07:44:32,794 [Listener at 127.0.0.1/40173] INFO  volume.MutableVolumeSet (MutableVolumeSet.java:initializeVolumeSet(174)) - Added Volume : /home/runner/work/ozone/ozone/hadoop-ozone/integration-test/target/test-dir/MiniOzoneClusterImpl-0c55ea5e-da39-43b3-be52-3d6e56a90e90/datanode-6/data/ratis to VolumeSet
2022-10-15 07:44:32,794 [Listener at 127.0.0.1/40173] INFO  volume.ThrottledAsyncChecker (ThrottledAsyncChecker.java:schedule(141)) - Scheduling a check for /home/runner/work/ozone/ozone/hadoop-ozone/integration-test/target/test-dir/MiniOzoneClusterImpl-0c55ea5e-da39-43b3-be52-3d6e56a90e90/datanode-6/data/ratis
2022-10-15 07:44:32,794 [Listener at 127.0.0.1/40173] INFO  volume.StorageVolumeChecker (StorageVolumeChecker.java:checkAllVolumes(202)) - Scheduled health check for volume /home/runner/work/ozone/ozone/hadoop-ozone/integration-test/target/test-dir/MiniOzoneClusterImpl-0c55ea5e-da39-43b3-be52-3d6e56a90e90/datanode-6/data/ratis
2022-10-15 07:44:32,808 [Thread-4073] INFO  ozoneimpl.ContainerReader (ContainerReader.java:readVolume(175)) - Finish verifying containers on volume /home/runner/work/ozone/ozone/hadoop-ozone/integration-test/target/test-dir/MiniOzoneClusterImpl-0c55ea5e-da39-43b3-be52-3d6e56a90e90/datanode-6/data-0/containers/hdds
2022-10-15 07:44:32,809 [Listener at 127.0.0.1/40173] INFO  ozoneimpl.OzoneContainer (OzoneContainer.java:buildContainerSet(300)) - Build ContainerSet costs 0s
2022-10-15 07:44:32,811 [Listener at 127.0.0.1/40173] INFO  server.RaftServer (ConfUtils.java:logGet(46)) - raft.rpc.type = GRPC (default)
2022-10-15 07:44:32,811 [Listener at 127.0.0.1/40173] INFO  grpc.GrpcFactory (GrpcFactory.java:checkPooledByteBufAllocatorUseCacheForAllThreads(48)) - PERFORMANCE WARNING: useCacheForAllThreads is true that may cause Netty to create a lot garbage objects and, as a result, trigger GC.
	It is recommended to disable useCacheForAllThreads by setting -Dorg.apache.ratis.thirdparty.io.netty.allocator.useCacheForAllThreads=false in command line.
2022-10-15 07:44:32,811 [Listener at 127.0.0.1/40173] INFO  grpc.GrpcConfigKeys (ConfUtils.java:logGet(46)) - raft.grpc.admin.port = 0 (custom)
2022-10-15 07:44:32,811 [Listener at 127.0.0.1/40173] INFO  grpc.GrpcConfigKeys (ConfUtils.java:logGet(46)) - raft.grpc.client.port = 0 (custom)
2022-10-15 07:44:32,812 [Listener at 127.0.0.1/40173] INFO  grpc.GrpcConfigKeys (ConfUtils.java:logGet(46)) - raft.grpc.server.port = 0 (default)
2022-10-15 07:44:32,812 [Listener at 127.0.0.1/40173] INFO  server.GrpcService (ConfUtils.java:logGet(46)) - raft.grpc.message.size.max = 32MB (=33554432) (custom)
2022-10-15 07:44:32,812 [Listener at 127.0.0.1/40173] INFO  server.RaftServerConfigKeys (ConfUtils.java:logGet(46)) - raft.server.log.appender.buffer.byte-limit = 33554432 (custom)
2022-10-15 07:44:32,812 [Listener at 127.0.0.1/40173] INFO  server.GrpcService (ConfUtils.java:logGet(46)) - raft.grpc.flow.control.window = 5MB (=5242880) (custom)
2022-10-15 07:44:32,812 [Listener at 127.0.0.1/40173] INFO  server.RaftServerConfigKeys (ConfUtils.java:logGet(46)) - raft.server.rpc.request.timeout = 60s (custom)
2022-10-15 07:44:32,812 [Listener at 127.0.0.1/40173] INFO  grpc.GrpcConfigKeys (ConfUtils.java:logGet(46)) - raft.grpc.server.async.request.thread.pool.cached = true (default)
2022-10-15 07:44:32,812 [Listener at 127.0.0.1/40173] INFO  grpc.GrpcConfigKeys (ConfUtils.java:logGet(46)) - raft.grpc.server.async.request.thread.pool.size = 32 (default)
2022-10-15 07:44:32,813 [Listener at 127.0.0.1/40173] INFO  impl.DataStreamServerImpl (ConfUtils.java:logGet(46)) - raft.datastream.type = DISABLED (default)
2022-10-15 07:44:32,813 [Listener at 127.0.0.1/40173] INFO  server.RaftServerConfigKeys (ConfUtils.java:logGet(46)) - raft.server.threadpool.proxy.cached = true (default)
2022-10-15 07:44:32,813 [Listener at 127.0.0.1/40173] INFO  server.RaftServerConfigKeys (ConfUtils.java:logGet(46)) - raft.server.threadpool.proxy.size = 0 (default)
2022-10-15 07:44:32,813 [Listener at 127.0.0.1/40173] INFO  server.RaftServerConfigKeys (ConfUtils.java:logGet(46)) - raft.server.rpc.slowness.timeout = 300s (custom)
2022-10-15 07:44:32,813 [Listener at 127.0.0.1/40173] INFO  server.RaftServerConfigKeys (ConfUtils.java:logGet(46)) - raft.server.leaderelection.leader.step-down.wait-time = 10s (default)
2022-10-15 07:44:32,813 [Listener at 127.0.0.1/40173] INFO  server.RaftServerConfigKeys (ConfUtils.java:logGet(46)) - raft.server.storage.dir = [/home/runner/work/ozone/ozone/hadoop-ozone/integration-test/target/test-dir/MiniOzoneClusterImpl-0c55ea5e-da39-43b3-be52-3d6e56a90e90/datanode-6/data/ratis] (custom)
2022-10-15 07:44:32,815 [Listener at 127.0.0.1/40173] INFO  server.XceiverServerGrpc (XceiverServerGrpc.java:<init>(132)) - GrpcServer channel type EpollServerSocketChannel
2022-10-15 07:44:32,819 [Listener at 127.0.0.1/40173] INFO  http.BaseHttpServer (BaseHttpServer.java:newHttpServer2BuilderForOzone(213)) - Starting Web-server for hddsDatanode at: http://0.0.0.0:0
2022-10-15 07:44:32,819 [Listener at 127.0.0.1/40173] INFO  http.BaseHttpServer (BaseHttpServer.java:<init>(108)) - Hadoop Security Enabled: false Ozone Security Enabled: false Ozone HTTP Security Enabled: false 
2022-10-15 07:44:32,820 [Listener at 127.0.0.1/40173] WARN  server.AuthenticationFilter (AuthenticationFilter.java:constructSecretProvider(240)) - Unable to initialize FileSignerSecretProvider, falling back to use random secrets. Reason: Could not read signature secret file: /home/runner/hadoop-http-auth-signature-secret
2022-10-15 07:44:32,820 [Listener at 127.0.0.1/40173] WARN  http.HttpRequestLog (HttpRequestLog.java:getRequestLog(103)) - Jetty request log can only be enabled using Log4j
2022-10-15 07:44:32,821 [Listener at 127.0.0.1/40173] INFO  http.HttpServer2 (HttpServer2.java:addGlobalFilter(1031)) - Added global filter 'safety' (class=org.apache.hadoop.hdds.server.http.HttpServer2$QuotingInputFilter)
2022-10-15 07:44:32,821 [Listener at 127.0.0.1/40173] INFO  http.HttpServer2 (HttpServer2.java:addFilter(1007)) - Added filter static_user_filter (class=org.apache.hadoop.http.lib.StaticUserWebFilter$StaticUserFilter) to context hddsDatanode
2022-10-15 07:44:32,821 [Listener at 127.0.0.1/40173] INFO  http.HttpServer2 (HttpServer2.java:addFilter(1015)) - Added filter static_user_filter (class=org.apache.hadoop.http.lib.StaticUserWebFilter$StaticUserFilter) to context static
2022-10-15 07:44:32,821 [Listener at 127.0.0.1/40173] INFO  http.HttpServer2 (HttpServer2.java:addFilter(1015)) - Added filter static_user_filter (class=org.apache.hadoop.http.lib.StaticUserWebFilter$StaticUserFilter) to context logs
2022-10-15 07:44:32,821 [Listener at 127.0.0.1/40173] INFO  http.HttpServer2 (HttpServer2.java:bindListener(1250)) - Jetty bound to port 33563
2022-10-15 07:44:32,822 [Listener at 127.0.0.1/40173] INFO  server.Server (Server.java:doStart(375)) - jetty-9.4.43.v20210629; built: 2021-06-30T11:07:22.254Z; git: 526006ecfa3af7f1a27ef3a288e2bef7ea9dd7e8; jvm 1.8.0_345-b01
2022-10-15 07:44:32,823 [Listener at 127.0.0.1/40173] INFO  server.session (DefaultSessionIdManager.java:doStart(334)) - DefaultSessionIdManager workerName=node0
2022-10-15 07:44:32,823 [Listener at 127.0.0.1/40173] INFO  server.session (DefaultSessionIdManager.java:doStart(339)) - No SessionScavenger set, using defaults
2022-10-15 07:44:32,823 [Listener at 127.0.0.1/40173] INFO  server.session (HouseKeeper.java:startScavenging(132)) - node0 Scavenging every 600000ms
2022-10-15 07:44:32,823 [Listener at 127.0.0.1/40173] INFO  handler.ContextHandler (ContextHandler.java:doStart(915)) - Started o.e.j.s.ServletContextHandler@211c5655{logs,/logs,file:///home/runner/work/ozone/ozone/hadoop-ozone/integration-test/target/log,AVAILABLE}
2022-10-15 07:44:32,824 [Listener at 127.0.0.1/40173] INFO  handler.ContextHandler (ContextHandler.java:doStart(915)) - Started o.e.j.s.ServletContextHandler@128e1a3e{static,/static,jar:file:/home/runner/.m2/repository/org/apache/ozone/hdds-container-service/1.3.0-SNAPSHOT/hdds-container-service-1.3.0-SNAPSHOT.jar!/webapps/static,AVAILABLE}
2022-10-15 07:44:32,841 [grpc-default-executor-3] WARN  server.GrpcLogAppender (LogUtils.java:warn(122)) - 9a24ac87-7197-4b23-9992-aedcbee91c34@group-A528F5A873A6->21a643b6-1a42-4dcc-b3d5-cdf5198533e3-AppendLogResponseHandler: Failed appendEntries: org.apache.ratis.thirdparty.io.grpc.StatusRuntimeException: UNAVAILABLE: io exception
2022-10-15 07:44:32,842 [grpc-default-executor-3] INFO  leader.FollowerInfo (FollowerInfoImpl.java:lambda$new$0(48)) - 9a24ac87-7197-4b23-9992-aedcbee91c34@group-A528F5A873A6->21a643b6-1a42-4dcc-b3d5-cdf5198533e3: nextIndex: updateUnconditionally 59 -> 58
2022-10-15 07:44:32,843 [grpc-default-executor-3] WARN  server.GrpcLogAppender (LogUtils.java:warn(122)) - 9a24ac87-7197-4b23-9992-aedcbee91c34@group-A528F5A873A6->21a643b6-1a42-4dcc-b3d5-cdf5198533e3-AppendLogResponseHandler: Failed appendEntries: org.apache.ratis.thirdparty.io.grpc.StatusRuntimeException: UNAVAILABLE: io exception
2022-10-15 07:44:32,843 [grpc-default-executor-3] INFO  leader.FollowerInfo (FollowerInfoImpl.java:lambda$new$0(48)) - 9a24ac87-7197-4b23-9992-aedcbee91c34@group-A528F5A873A6->21a643b6-1a42-4dcc-b3d5-cdf5198533e3: nextIndex: updateUnconditionally 59 -> 58
2022-10-15 07:44:32,863 [grpc-default-executor-3] WARN  server.GrpcLogAppender (LogUtils.java:warn(122)) - 9a24ac87-7197-4b23-9992-aedcbee91c34@group-A528F5A873A6->d26a0d60-6788-4f19-88c8-825bcaa82edc-AppendLogResponseHandler: Failed appendEntries: org.apache.ratis.thirdparty.io.grpc.StatusRuntimeException: UNAVAILABLE: io exception
2022-10-15 07:44:32,863 [grpc-default-executor-3] INFO  leader.FollowerInfo (FollowerInfoImpl.java:lambda$new$0(48)) - 9a24ac87-7197-4b23-9992-aedcbee91c34@group-A528F5A873A6->d26a0d60-6788-4f19-88c8-825bcaa82edc: nextIndex: updateUnconditionally 60 -> 59
2022-10-15 07:44:32,911 [EventQueue-DeadNodeForDeadNodeHandler] INFO  node.DeadNodeHandler (DeadNodeHandler.java:onMessage(81)) - A dead datanode is detected. 21a643b6-1a42-4dcc-b3d5-cdf5198533e3{ip: 10.1.1.113, host: fv-az204-107.tdy0fjcc0bpubcu1xr20co1pbf.dx.internal.cloudapp.net, ports: [REPLICATION=33579, RATIS=44331, RATIS_ADMIN=44331, RATIS_SERVER=44331, STANDALONE=46453], networkLocation: /default-rack, certSerialId: null, persistedOpState: IN_SERVICE, persistedOpStateExpiryEpochSec: 0}
2022-10-15 07:44:32,912 [EventQueue-DeadNodeForDeadNodeHandler] INFO  pipeline.RatisPipelineProvider (RatisPipelineProvider.java:lambda$close$1(244)) - Send pipeline:PipelineID=2808994b-9c15-4f99-a697-6224762834a0 close command to datanode 21a643b6-1a42-4dcc-b3d5-cdf5198533e3
2022-10-15 07:44:32,912 [EventQueue-DeadNodeForDeadNodeHandler] INFO  pipeline.PipelineStateManagerImpl (PipelineStateManagerImpl.java:removePipeline(245)) - Pipeline Pipeline[ Id: 2808994b-9c15-4f99-a697-6224762834a0, Nodes: 21a643b6-1a42-4dcc-b3d5-cdf5198533e3{ip: 10.1.1.113, host: fv-az204-107.tdy0fjcc0bpubcu1xr20co1pbf.dx.internal.cloudapp.net, ports: [REPLICATION=33579, RATIS=44331, RATIS_ADMIN=44331, RATIS_SERVER=44331, STANDALONE=46453], networkLocation: /default-rack, certSerialId: null, persistedOpState: IN_SERVICE, persistedOpStateExpiryEpochSec: 0}, ReplicationConfig: RATIS/ONE, State:CLOSED, leaderId:21a643b6-1a42-4dcc-b3d5-cdf5198533e3, CreationTimestamp2022-10-15T07:42:38.668Z[Etc/UTC]] removed.
2022-10-15 07:44:32,912 [EventQueue-DeadNodeForDeadNodeHandler] INFO  pipeline.RatisPipelineProvider (RatisPipelineProvider.java:lambda$close$1(244)) - Send pipeline:PipelineID=63ae4912-c17e-43cf-8bae-a528f5a873a6 close command to datanode 9a24ac87-7197-4b23-9992-aedcbee91c34
2022-10-15 07:44:32,912 [EventQueue-DeadNodeForDeadNodeHandler] INFO  pipeline.RatisPipelineProvider (RatisPipelineProvider.java:lambda$close$1(244)) - Send pipeline:PipelineID=63ae4912-c17e-43cf-8bae-a528f5a873a6 close command to datanode 21a643b6-1a42-4dcc-b3d5-cdf5198533e3
2022-10-15 07:44:32,912 [EventQueue-DeadNodeForDeadNodeHandler] INFO  pipeline.RatisPipelineProvider (RatisPipelineProvider.java:lambda$close$1(244)) - Send pipeline:PipelineID=63ae4912-c17e-43cf-8bae-a528f5a873a6 close command to datanode d26a0d60-6788-4f19-88c8-825bcaa82edc
2022-10-15 07:44:32,912 [EventQueue-DeadNodeForDeadNodeHandler] INFO  pipeline.PipelineStateManagerImpl (PipelineStateManagerImpl.java:removePipeline(245)) - Pipeline Pipeline[ Id: 63ae4912-c17e-43cf-8bae-a528f5a873a6, Nodes: 9a24ac87-7197-4b23-9992-aedcbee91c34{ip: 10.1.1.113, host: fv-az204-107.tdy0fjcc0bpubcu1xr20co1pbf.dx.internal.cloudapp.net, ports: [REPLICATION=42613, RATIS=43931, RATIS_ADMIN=43931, RATIS_SERVER=43931, STANDALONE=42833], networkLocation: /default-rack, certSerialId: null, persistedOpState: IN_SERVICE, persistedOpStateExpiryEpochSec: 0}21a643b6-1a42-4dcc-b3d5-cdf5198533e3{ip: 10.1.1.113, host: fv-az204-107.tdy0fjcc0bpubcu1xr20co1pbf.dx.internal.cloudapp.net, ports: [REPLICATION=33579, RATIS=44331, RATIS_ADMIN=44331, RATIS_SERVER=44331, STANDALONE=46453], networkLocation: /default-rack, certSerialId: null, persistedOpState: IN_SERVICE, persistedOpStateExpiryEpochSec: 0}d26a0d60-6788-4f19-88c8-825bcaa82edc{ip: 10.1.1.113, host: fv-az204-107.tdy0fjcc0bpubcu1xr20co1pbf.dx.internal.cloudapp.net, ports: [REPLICATION=42509, RATIS=34309, RATIS_ADMIN=34309, RATIS_SERVER=34309, STANDALONE=40785], networkLocation: /default-rack, certSerialId: null, persistedOpState: IN_SERVICE, persistedOpStateExpiryEpochSec: 0}, ReplicationConfig: RATIS/THREE, State:CLOSED, leaderId:9a24ac87-7197-4b23-9992-aedcbee91c34, CreationTimestamp2022-10-15T07:42:39.053Z[Etc/UTC]] removed.
2022-10-15 07:44:32,913 [EventQueue-DeadNodeForDeadNodeHandler] INFO  net.NetworkTopologyImpl (NetworkTopologyImpl.java:remove(190)) - Removed a node: /default-rack/21a643b6-1a42-4dcc-b3d5-cdf5198533e3
2022-10-15 07:44:33,003 [Listener at 127.0.0.1/40173] INFO  handler.ContextHandler (ContextHandler.java:doStart(915)) - Started o.e.j.w.WebAppContext@18c147fe{hddsDatanode,/,file:///tmp/jetty-0_0_0_0-33563-hdds-container-service-1_3_0-SNAPSHOT_jar-_-any-2754207312081418455/webapp/,AVAILABLE}{jar:file:/home/runner/.m2/repository/org/apache/ozone/hdds-container-service/1.3.0-SNAPSHOT/hdds-container-service-1.3.0-SNAPSHOT.jar!/webapps/hddsDatanode}
2022-10-15 07:44:33,008 [Listener at 127.0.0.1/40173] INFO  server.AbstractConnector (AbstractConnector.java:doStart(331)) - Started ServerConnector@7ec6b7a7{HTTP/1.1, (http/1.1)}{0.0.0.0:33563}
2022-10-15 07:44:33,008 [Listener at 127.0.0.1/40173] INFO  server.Server (Server.java:doStart(415)) - Started @182960ms
2022-10-15 07:44:33,008 [Listener at 127.0.0.1/40173] WARN  impl.MetricsSystemImpl (MetricsSystemImpl.java:register(279)) - Sink prometheus already exists!
2022-10-15 07:44:33,009 [Listener at 127.0.0.1/40173] INFO  http.BaseHttpServer (BaseHttpServer.java:updateConnectorAddress(333)) - HTTP server of hddsDatanode listening at http://0.0.0.0:33563
2022-10-15 07:44:33,009 [Datanode State Machine Daemon Thread] INFO  statemachine.DatanodeStateMachine (DatanodeStateMachine.java:lambda$startDaemon$0(492)) - Ozone container server started.
2022-10-15 07:44:33,009 [Listener at 127.0.0.1/40173] INFO  ozone.MiniOzoneClusterImpl (MiniOzoneClusterImpl.java:lambda$waitForClusterToBeReady$0(216)) - Waiting for nodes to be ready. Got 0 of 7 DN Heartbeats.
2022-10-15 07:44:33,010 [Listener at 127.0.0.1/40173] INFO  ozone.MiniOzoneClusterImpl (MiniOzoneClusterImpl.java:lambda$waitForClusterToBeReady$0(219)) - Waiting for cluster to exit safe mode
2022-10-15 07:44:33,010 [Listener at 127.0.0.1/40173] INFO  ozone.MiniOzoneClusterImpl (MiniOzoneClusterImpl.java:lambda$waitForClusterToBeReady$0(221)) - SCM became leader
2022-10-15 07:44:33,011 [Command processor thread] INFO  server.RaftServer (RaftServerProxy.java:remove(107)) - 35429393-00b4-4ffa-a437-723b6b48652e: remove    LEADER 35429393-00b4-4ffa-a437-723b6b48652e@group-48CCB1284442:t1, leader=35429393-00b4-4ffa-a437-723b6b48652e, voted=35429393-00b4-4ffa-a437-723b6b48652e, raftlog=35429393-00b4-4ffa-a437-723b6b48652e@group-48CCB1284442-SegmentedRaftLog:OPENED:c56, conf=0: [35429393-00b4-4ffa-a437-723b6b48652e|rpc:10.1.1.113:40931|dataStream:|priority:1, bef1a67a-597f-44ca-bb4b-ee4a6fc04327|rpc:10.1.1.113:40411|dataStream:|priority:0, a759a49b-3cd3-49e9-826c-16e7b00ba8b7|rpc:10.1.1.113:42469|dataStream:|priority:0], old=null RUNNING
2022-10-15 07:44:33,011 [Command processor thread] INFO  server.RaftServer$Division (RaftServerImpl.java:lambda$close$4(434)) - 35429393-00b4-4ffa-a437-723b6b48652e@group-48CCB1284442: shutdown
2022-10-15 07:44:33,012 [org.apache.hadoop.util.JvmPauseMonitor$Monitor@71761922] INFO  util.JvmPauseMonitor (JvmPauseMonitor.java:run(188)) - Starting JVM pause monitor
2022-10-15 07:44:33,012 [Command processor thread] INFO  util.JmxRegister (JmxRegister.java:unregister(73)) - Successfully un-registered JMX Bean with object name Ratis:service=RaftServer,group=group-48CCB1284442,id=35429393-00b4-4ffa-a437-723b6b48652e
2022-10-15 07:44:33,012 [Command processor thread] INFO  impl.RoleInfo (RoleInfo.java:shutdownLeaderState(93)) - 35429393-00b4-4ffa-a437-723b6b48652e: shutdown 35429393-00b4-4ffa-a437-723b6b48652e@group-48CCB1284442-LeaderStateImpl
2022-10-15 07:44:33,012 [Command processor thread] INFO  impl.PendingRequests (PendingRequests.java:sendNotLeaderResponses(282)) - 35429393-00b4-4ffa-a437-723b6b48652e@group-48CCB1284442-PendingRequests: sendNotLeaderResponses
2022-10-15 07:44:33,017 [35429393-00b4-4ffa-a437-723b6b48652e@group-48CCB1284442->a759a49b-3cd3-49e9-826c-16e7b00ba8b7-GrpcLogAppender-LogAppenderDaemon] WARN  server.GrpcLogAppender (GrpcLogAppender.java:mayWait(171)) - 35429393-00b4-4ffa-a437-723b6b48652e@group-48CCB1284442->a759a49b-3cd3-49e9-826c-16e7b00ba8b7-GrpcLogAppender: Wait interrupted by java.lang.InterruptedException
2022-10-15 07:44:33,017 [35429393-00b4-4ffa-a437-723b6b48652e@group-48CCB1284442->bef1a67a-597f-44ca-bb4b-ee4a6fc04327-GrpcLogAppender-LogAppenderDaemon] WARN  server.GrpcLogAppender (GrpcLogAppender.java:mayWait(171)) - 35429393-00b4-4ffa-a437-723b6b48652e@group-48CCB1284442->bef1a67a-597f-44ca-bb4b-ee4a6fc04327-GrpcLogAppender: Wait interrupted by java.lang.InterruptedException
2022-10-15 07:44:33,018 [Datanode State Machine Task Thread - 0] INFO  datanode.InitDatanodeState (InitDatanodeState.java:persistContainerDatanodeDetails(138)) - DatanodeDetails is persisted to /home/runner/work/ozone/ozone/hadoop-ozone/integration-test/target/test-dir/MiniOzoneClusterImpl-0c55ea5e-da39-43b3-be52-3d6e56a90e90/datanode-6/meta/datanode.id
2022-10-15 07:44:33,019 [grpc-default-executor-7] INFO  server.GrpcServerProtocolService (GrpcServerProtocolService.java:onCompleted(140)) - bef1a67a-597f-44ca-bb4b-ee4a6fc04327: Completed APPEND_ENTRIES, lastRequest: 35429393-00b4-4ffa-a437-723b6b48652e->bef1a67a-597f-44ca-bb4b-ee4a6fc04327#631-t1,previous=(t:1, i:55),leaderCommit=54,initializing? true,entries: size=1, first=(t:1, i:56), METADATAENTRY(c:54)
2022-10-15 07:44:33,019 [grpc-default-executor-3] INFO  server.GrpcServerProtocolService (GrpcServerProtocolService.java:onCompleted(140)) - a759a49b-3cd3-49e9-826c-16e7b00ba8b7: Completed APPEND_ENTRIES, lastRequest: 35429393-00b4-4ffa-a437-723b6b48652e->a759a49b-3cd3-49e9-826c-16e7b00ba8b7#629-t1,previous=(t:1, i:55),leaderCommit=54,initializing? true,entries: size=1, first=(t:1, i:56), METADATAENTRY(c:54)
2022-10-15 07:44:33,022 [grpc-default-executor-7] INFO  server.GrpcLogAppender (GrpcLogAppender.java:onCompleted(339)) - 35429393-00b4-4ffa-a437-723b6b48652e@group-48CCB1284442->bef1a67a-597f-44ca-bb4b-ee4a6fc04327-AppendLogResponseHandler: follower responses appendEntries COMPLETED
2022-10-15 07:44:33,022 [grpc-default-executor-7] INFO  leader.FollowerInfo (FollowerInfoImpl.java:lambda$new$0(48)) - 35429393-00b4-4ffa-a437-723b6b48652e@group-48CCB1284442->bef1a67a-597f-44ca-bb4b-ee4a6fc04327: nextIndex: updateUnconditionally 57 -> 56
2022-10-15 07:44:33,022 [grpc-default-executor-3] INFO  server.GrpcLogAppender (GrpcLogAppender.java:onCompleted(339)) - 35429393-00b4-4ffa-a437-723b6b48652e@group-48CCB1284442->a759a49b-3cd3-49e9-826c-16e7b00ba8b7-AppendLogResponseHandler: follower responses appendEntries COMPLETED
2022-10-15 07:44:33,022 [grpc-default-executor-3] INFO  leader.FollowerInfo (FollowerInfoImpl.java:lambda$new$0(48)) - 35429393-00b4-4ffa-a437-723b6b48652e@group-48CCB1284442->a759a49b-3cd3-49e9-826c-16e7b00ba8b7: nextIndex: updateUnconditionally 57 -> 56
2022-10-15 07:44:33,023 [Command processor thread] INFO  impl.StateMachineUpdater (StateMachineUpdater.java:stopAndJoin(153)) - 35429393-00b4-4ffa-a437-723b6b48652e@group-48CCB1284442-StateMachineUpdater: set stopIndex = 56
2022-10-15 07:44:33,028 [35429393-00b4-4ffa-a437-723b6b48652e@group-48CCB1284442-StateMachineUpdater] INFO  ratis.ContainerStateMachine (ContainerStateMachine.java:takeSnapshot(304)) - group-48CCB1284442: Taking a snapshot at:(t:1, i:56) file /home/runner/work/ozone/ozone/hadoop-ozone/integration-test/target/test-dir/MiniOzoneClusterImpl-b71359ac-0e91-4f54-9b03-8f1926dea794/datanode-2/data/ratis/a8c168c9-4d1c-4acc-84ee-48ccb1284442/sm/snapshot.1_56
2022-10-15 07:44:33,030 [35429393-00b4-4ffa-a437-723b6b48652e@group-48CCB1284442-StateMachineUpdater] INFO  ratis.ContainerStateMachine (ContainerStateMachine.java:takeSnapshot(315)) - group-48CCB1284442: Finished taking a snapshot at:(t:1, i:56) file:/home/runner/work/ozone/ozone/hadoop-ozone/integration-test/target/test-dir/MiniOzoneClusterImpl-b71359ac-0e91-4f54-9b03-8f1926dea794/datanode-2/data/ratis/a8c168c9-4d1c-4acc-84ee-48ccb1284442/sm/snapshot.1_56 took: 2 ms
2022-10-15 07:44:33,031 [35429393-00b4-4ffa-a437-723b6b48652e@group-48CCB1284442-StateMachineUpdater] INFO  impl.StateMachineUpdater (StateMachineUpdater.java:takeSnapshot(287)) - 35429393-00b4-4ffa-a437-723b6b48652e@group-48CCB1284442-StateMachineUpdater: Took a snapshot at index 56
2022-10-15 07:44:33,031 [35429393-00b4-4ffa-a437-723b6b48652e@group-48CCB1284442-StateMachineUpdater] INFO  impl.StateMachineUpdater (StateMachineUpdater.java:lambda$new$0(92)) - 35429393-00b4-4ffa-a437-723b6b48652e@group-48CCB1284442-StateMachineUpdater: snapshotIndex: updateIncreasingly -1 -> 56
2022-10-15 07:44:33,031 [Command processor thread] INFO  server.RaftServer$Division (ServerState.java:close(429)) - 35429393-00b4-4ffa-a437-723b6b48652e@group-48CCB1284442: closes. applyIndex: 56
2022-10-15 07:44:33,031 [35429393-00b4-4ffa-a437-723b6b48652e@group-48CCB1284442-SegmentedRaftLogWorker] INFO  segmented.SegmentedRaftLogWorker (SegmentedRaftLogWorker.java:run(336)) - 35429393-00b4-4ffa-a437-723b6b48652e@group-48CCB1284442-SegmentedRaftLogWorker was interrupted, exiting. There are 0 tasks remaining in the queue.
2022-10-15 07:44:33,032 [Command processor thread] INFO  segmented.SegmentedRaftLogWorker (SegmentedRaftLogWorker.java:close(246)) - 35429393-00b4-4ffa-a437-723b6b48652e@group-48CCB1284442-SegmentedRaftLogWorker close()
2022-10-15 07:44:33,050 [Command processor thread] INFO  server.RaftServer (RaftServerProxy.java:remove(107)) - a759a49b-3cd3-49e9-826c-16e7b00ba8b7: remove  FOLLOWER a759a49b-3cd3-49e9-826c-16e7b00ba8b7@group-48CCB1284442:t1, leader=35429393-00b4-4ffa-a437-723b6b48652e, voted=35429393-00b4-4ffa-a437-723b6b48652e, raftlog=a759a49b-3cd3-49e9-826c-16e7b00ba8b7@group-48CCB1284442-SegmentedRaftLog:OPENED:c54, conf=0: [35429393-00b4-4ffa-a437-723b6b48652e|rpc:10.1.1.113:40931|dataStream:|priority:1, bef1a67a-597f-44ca-bb4b-ee4a6fc04327|rpc:10.1.1.113:40411|dataStream:|priority:0, a759a49b-3cd3-49e9-826c-16e7b00ba8b7|rpc:10.1.1.113:42469|dataStream:|priority:0], old=null RUNNING
2022-10-15 07:44:33,050 [Command processor thread] INFO  server.RaftServer$Division (RaftServerImpl.java:lambda$close$4(434)) - a759a49b-3cd3-49e9-826c-16e7b00ba8b7@group-48CCB1284442: shutdown
2022-10-15 07:44:33,050 [Command processor thread] INFO  util.JmxRegister (JmxRegister.java:unregister(73)) - Successfully un-registered JMX Bean with object name Ratis:service=RaftServer,group=group-48CCB1284442,id=a759a49b-3cd3-49e9-826c-16e7b00ba8b7
2022-10-15 07:44:33,051 [Command processor thread] INFO  impl.RoleInfo (RoleInfo.java:shutdownFollowerState(110)) - a759a49b-3cd3-49e9-826c-16e7b00ba8b7: shutdown a759a49b-3cd3-49e9-826c-16e7b00ba8b7@group-48CCB1284442-FollowerState
2022-10-15 07:44:33,051 [Command processor thread] INFO  impl.StateMachineUpdater (StateMachineUpdater.java:stopAndJoin(153)) - a759a49b-3cd3-49e9-826c-16e7b00ba8b7@group-48CCB1284442-StateMachineUpdater: set stopIndex = 54
2022-10-15 07:44:33,051 [a759a49b-3cd3-49e9-826c-16e7b00ba8b7@group-48CCB1284442-FollowerState] INFO  impl.FollowerState (FollowerState.java:run(152)) - a759a49b-3cd3-49e9-826c-16e7b00ba8b7@group-48CCB1284442-FollowerState was interrupted
2022-10-15 07:44:33,052 [a759a49b-3cd3-49e9-826c-16e7b00ba8b7@group-48CCB1284442-StateMachineUpdater] INFO  ratis.ContainerStateMachine (ContainerStateMachine.java:takeSnapshot(304)) - group-48CCB1284442: Taking a snapshot at:(t:1, i:54) file /home/runner/work/ozone/ozone/hadoop-ozone/integration-test/target/test-dir/MiniOzoneClusterImpl-b71359ac-0e91-4f54-9b03-8f1926dea794/datanode-1/data/ratis/a8c168c9-4d1c-4acc-84ee-48ccb1284442/sm/snapshot.1_54
2022-10-15 07:44:33,054 [Command processor thread] INFO  keyvalue.KeyValueContainer (KeyValueContainer.java:flushAndSyncDB(436)) - Container 1 is synced with bcsId 50.
2022-10-15 07:44:33,054 [Command processor thread] INFO  keyvalue.KeyValueContainer (KeyValueContainer.java:flushAndSyncDB(436)) - Container 1 is synced with bcsId 50.
2022-10-15 07:44:33,054 [a759a49b-3cd3-49e9-826c-16e7b00ba8b7@group-48CCB1284442-StateMachineUpdater] INFO  ratis.ContainerStateMachine (ContainerStateMachine.java:takeSnapshot(315)) - group-48CCB1284442: Finished taking a snapshot at:(t:1, i:54) file:/home/runner/work/ozone/ozone/hadoop-ozone/integration-test/target/test-dir/MiniOzoneClusterImpl-b71359ac-0e91-4f54-9b03-8f1926dea794/datanode-1/data/ratis/a8c168c9-4d1c-4acc-84ee-48ccb1284442/sm/snapshot.1_54 took: 2 ms
2022-10-15 07:44:33,054 [a759a49b-3cd3-49e9-826c-16e7b00ba8b7@group-48CCB1284442-StateMachineUpdater] INFO  impl.StateMachineUpdater (StateMachineUpdater.java:takeSnapshot(287)) - a759a49b-3cd3-49e9-826c-16e7b00ba8b7@group-48CCB1284442-StateMachineUpdater: Took a snapshot at index 54
2022-10-15 07:44:33,054 [a759a49b-3cd3-49e9-826c-16e7b00ba8b7@group-48CCB1284442-StateMachineUpdater] INFO  impl.StateMachineUpdater (StateMachineUpdater.java:lambda$new$0(92)) - a759a49b-3cd3-49e9-826c-16e7b00ba8b7@group-48CCB1284442-StateMachineUpdater: snapshotIndex: updateIncreasingly -1 -> 54
2022-10-15 07:44:33,055 [Command processor thread] INFO  server.RaftServer$Division (ServerState.java:close(429)) - a759a49b-3cd3-49e9-826c-16e7b00ba8b7@group-48CCB1284442: closes. applyIndex: 54
2022-10-15 07:44:33,055 [a759a49b-3cd3-49e9-826c-16e7b00ba8b7@group-48CCB1284442-SegmentedRaftLogWorker] INFO  segmented.SegmentedRaftLogWorker (SegmentedRaftLogWorker.java:run(336)) - a759a49b-3cd3-49e9-826c-16e7b00ba8b7@group-48CCB1284442-SegmentedRaftLogWorker was interrupted, exiting. There are 0 tasks remaining in the queue.
2022-10-15 07:44:33,056 [Command processor thread] INFO  segmented.SegmentedRaftLogWorker (SegmentedRaftLogWorker.java:close(246)) - a759a49b-3cd3-49e9-826c-16e7b00ba8b7@group-48CCB1284442-SegmentedRaftLogWorker close()
2022-10-15 07:44:33,082 [Command processor thread] INFO  keyvalue.KeyValueContainer (KeyValueContainer.java:flushAndSyncDB(436)) - Container 2 is synced with bcsId 54.
2022-10-15 07:44:33,083 [Command processor thread] INFO  keyvalue.KeyValueContainer (KeyValueContainer.java:flushAndSyncDB(436)) - Container 2 is synced with bcsId 54.
2022-10-15 07:44:33,087 [Command processor thread] INFO  keyvalue.KeyValueContainer (KeyValueContainer.java:flushAndSyncDB(436)) - Container 1 is synced with bcsId 50.
2022-10-15 07:44:33,087 [Command processor thread] INFO  keyvalue.KeyValueContainer (KeyValueContainer.java:flushAndSyncDB(436)) - Container 1 is synced with bcsId 50.
2022-10-15 07:44:33,130 [Under Replicated Processor] INFO  replication.UnderReplicatedProcessor (UnderReplicatedProcessor.java:processAll(92)) - Processed 0 under replicated containers, failed processing 0
2022-10-15 07:44:33,131 [Over Replicated Processor] INFO  replication.OverReplicatedProcessor (OverReplicatedProcessor.java:processAll(90)) - Processed 0 over replicated containers, failed processing 0
2022-10-15 07:44:33,131 [ReplicationMonitor] INFO  replication.LegacyReplicationManager (LegacyReplicationManager.java:forceCloseContainer(1108)) - Force closing container #1 with BCSID 50, which is in QUASI_CLOSED state.
2022-10-15 07:44:33,131 [ReplicationMonitor] INFO  replication.LegacyReplicationManager (LegacyReplicationManager.java:sendCloseCommand(1512)) - Sending close container command for container #1 to datanode bef1a67a-597f-44ca-bb4b-ee4a6fc04327{ip: 10.1.1.113, host: fv-az204-107.tdy0fjcc0bpubcu1xr20co1pbf.dx.internal.cloudapp.net, ports: [REPLICATION=46791, RATIS=40411, RATIS_ADMIN=40411, RATIS_SERVER=40411, STANDALONE=40845], networkLocation: /default-rack, certSerialId: null, persistedOpState: ENTERING_MAINTENANCE, persistedOpStateExpiryEpochSec: 0}.
2022-10-15 07:44:33,131 [ReplicationMonitor] INFO  replication.LegacyReplicationManager (LegacyReplicationManager.java:sendCloseCommand(1512)) - Sending close container command for container #1 to datanode a759a49b-3cd3-49e9-826c-16e7b00ba8b7{ip: 10.1.1.113, host: fv-az204-107.tdy0fjcc0bpubcu1xr20co1pbf.dx.internal.cloudapp.net, ports: [REPLICATION=34531, RATIS=42469, RATIS_ADMIN=42469, RATIS_SERVER=42469, STANDALONE=44149], networkLocation: /default-rack, certSerialId: null, persistedOpState: IN_SERVICE, persistedOpStateExpiryEpochSec: 0}.
2022-10-15 07:44:33,131 [ReplicationMonitor] INFO  replication.LegacyReplicationManager (LegacyReplicationManager.java:sendCloseCommand(1512)) - Sending close container command for container #1 to datanode 35429393-00b4-4ffa-a437-723b6b48652e{ip: 10.1.1.113, host: fv-az204-107.tdy0fjcc0bpubcu1xr20co1pbf.dx.internal.cloudapp.net, ports: [REPLICATION=33503, RATIS=40931, RATIS_ADMIN=40931, RATIS_SERVER=40931, STANDALONE=34035], networkLocation: /default-rack, certSerialId: null, persistedOpState: IN_SERVICE, persistedOpStateExpiryEpochSec: 0}.
2022-10-15 07:44:33,131 [ReplicationMonitor] INFO  replication.LegacyReplicationManager (LegacyReplicationManager.java:forceCloseContainer(1108)) - Force closing container #2 with BCSID 54, which is in QUASI_CLOSED state.
2022-10-15 07:44:33,131 [ReplicationMonitor] INFO  replication.LegacyReplicationManager (LegacyReplicationManager.java:sendCloseCommand(1512)) - Sending close container command for container #2 to datanode 35429393-00b4-4ffa-a437-723b6b48652e{ip: 10.1.1.113, host: fv-az204-107.tdy0fjcc0bpubcu1xr20co1pbf.dx.internal.cloudapp.net, ports: [REPLICATION=33503, RATIS=40931, RATIS_ADMIN=40931, RATIS_SERVER=40931, STANDALONE=34035], networkLocation: /default-rack, certSerialId: null, persistedOpState: IN_SERVICE, persistedOpStateExpiryEpochSec: 0}.
2022-10-15 07:44:33,131 [ReplicationMonitor] INFO  replication.LegacyReplicationManager (LegacyReplicationManager.java:sendCloseCommand(1512)) - Sending close container command for container #2 to datanode bef1a67a-597f-44ca-bb4b-ee4a6fc04327{ip: 10.1.1.113, host: fv-az204-107.tdy0fjcc0bpubcu1xr20co1pbf.dx.internal.cloudapp.net, ports: [REPLICATION=46791, RATIS=40411, RATIS_ADMIN=40411, RATIS_SERVER=40411, STANDALONE=40845], networkLocation: /default-rack, certSerialId: null, persistedOpState: ENTERING_MAINTENANCE, persistedOpStateExpiryEpochSec: 0}.
2022-10-15 07:44:33,132 [ReplicationMonitor] INFO  replication.LegacyReplicationManager (LegacyReplicationManager.java:sendCloseCommand(1512)) - Sending close container command for container #3 to datanode a759a49b-3cd3-49e9-826c-16e7b00ba8b7{ip: 10.1.1.113, host: fv-az204-107.tdy0fjcc0bpubcu1xr20co1pbf.dx.internal.cloudapp.net, ports: [REPLICATION=34531, RATIS=42469, RATIS_ADMIN=42469, RATIS_SERVER=42469, STANDALONE=44149], networkLocation: /default-rack, certSerialId: null, persistedOpState: IN_SERVICE, persistedOpStateExpiryEpochSec: 0}.
2022-10-15 07:44:33,132 [ReplicationMonitor] INFO  replication.LegacyReplicationManager (LegacyReplicationManager.java:sendCloseCommand(1512)) - Sending close container command for container #3 to datanode 35429393-00b4-4ffa-a437-723b6b48652e{ip: 10.1.1.113, host: fv-az204-107.tdy0fjcc0bpubcu1xr20co1pbf.dx.internal.cloudapp.net, ports: [REPLICATION=33503, RATIS=40931, RATIS_ADMIN=40931, RATIS_SERVER=40931, STANDALONE=34035], networkLocation: /default-rack, certSerialId: null, persistedOpState: IN_SERVICE, persistedOpStateExpiryEpochSec: 0}.
2022-10-15 07:44:33,132 [ReplicationMonitor] INFO  replication.ReplicationManager (ReplicationManager.java:processAll(324)) - Replication Monitor Thread took 2 milliseconds for processing 6 containers.
2022-10-15 07:44:33,157 [Command processor thread] INFO  keyvalue.KeyValueContainer (KeyValueContainer.java:flushAndSyncDB(436)) - Container 3 is synced with bcsId 46.
2022-10-15 07:44:33,157 [Command processor thread] INFO  keyvalue.KeyValueContainer (KeyValueContainer.java:flushAndSyncDB(436)) - Container 3 is synced with bcsId 46.
2022-10-15 07:44:33,158 [Command processor thread] INFO  keyvalue.KeyValueContainer (KeyValueContainer.java:flushAndSyncDB(436)) - Container 2 is synced with bcsId 54.
2022-10-15 07:44:33,158 [Command processor thread] INFO  keyvalue.KeyValueContainer (KeyValueContainer.java:flushAndSyncDB(436)) - Container 2 is synced with bcsId 54.
2022-10-15 07:44:33,160 [Command processor thread] INFO  server.RaftServer$Division (RaftServerImpl.java:groupRemove(404)) - 35429393-00b4-4ffa-a437-723b6b48652e@group-48CCB1284442: Succeed to remove RaftStorageDirectory Storage Directory /home/runner/work/ozone/ozone/hadoop-ozone/integration-test/target/test-dir/MiniOzoneClusterImpl-b71359ac-0e91-4f54-9b03-8f1926dea794/datanode-2/data/ratis/a8c168c9-4d1c-4acc-84ee-48ccb1284442
2022-10-15 07:44:33,160 [Command processor thread] INFO  commandhandler.ClosePipelineCommandHandler (ClosePipelineCommandHandler.java:handle(78)) - Close Pipeline PipelineID=a8c168c9-4d1c-4acc-84ee-48ccb1284442 command on datanode 35429393-00b4-4ffa-a437-723b6b48652e.
2022-10-15 07:44:33,187 [EndpointStateMachine task thread for /0.0.0.0:35863 - 0 ] INFO  volume.HddsVolume (HddsVolume.java:createDbStore(307)) - SchemaV3 db is created and loaded at /home/runner/work/ozone/ozone/hadoop-ozone/integration-test/target/test-dir/MiniOzoneClusterImpl-0c55ea5e-da39-43b3-be52-3d6e56a90e90/datanode-1/data-0/containers/hdds/0c55ea5e-da39-43b3-be52-3d6e56a90e90/DS-d765fa3d-3b36-45b8-825e-41275d455abb/container.db for volume DS-d765fa3d-3b36-45b8-825e-41275d455abb
2022-10-15 07:44:33,189 [Under Replicated Processor] INFO  replication.UnderReplicatedProcessor (UnderReplicatedProcessor.java:processAll(92)) - Processed 0 under replicated containers, failed processing 0
2022-10-15 07:44:33,190 [Over Replicated Processor] INFO  replication.OverReplicatedProcessor (OverReplicatedProcessor.java:processAll(90)) - Processed 0 over replicated containers, failed processing 0
2022-10-15 07:44:33,190 [EndpointStateMachine task thread for /0.0.0.0:35863 - 0 ] INFO  volume.HddsVolume (HddsVolume.java:closeDbStore(338)) - SchemaV3 db is stopped at /home/runner/work/ozone/ozone/hadoop-ozone/integration-test/target/test-dir/MiniOzoneClusterImpl-0c55ea5e-da39-43b3-be52-3d6e56a90e90/datanode-1/data-0/containers/hdds/0c55ea5e-da39-43b3-be52-3d6e56a90e90/DS-d765fa3d-3b36-45b8-825e-41275d455abb/container.db for volume DS-d765fa3d-3b36-45b8-825e-41275d455abb
2022-10-15 07:44:33,190 [EndpointStateMachine task thread for /0.0.0.0:35863 - 0 ] INFO  ozoneimpl.OzoneContainer (OzoneContainer.java:start(378)) - Attempting to start container services.
2022-10-15 07:44:33,190 [EndpointStateMachine task thread for /0.0.0.0:35863 - 0 ] INFO  ozoneimpl.OzoneContainer (OzoneContainer.java:startContainerScrub(313)) - Background container scanner has been disabled.
2022-10-15 07:44:33,192 [EndpointStateMachine task thread for /0.0.0.0:35863 - 0 ] INFO  replication.ReplicationServer (ReplicationServer.java:start(111)) - ReplicationServer is started using port 42387
2022-10-15 07:44:33,195 [EndpointStateMachine task thread for /0.0.0.0:35863 - 0 ] INFO  ratis.XceiverServerRatis (XceiverServerRatis.java:start(481)) - Starting XceiverServerRatis 8dac584f-6024-4576-b5a3-2bef0f48735e
2022-10-15 07:44:33,197 [EndpointStateMachine task thread for /0.0.0.0:35863 - 0 ] INFO  server.RaftServer (RaftServerProxy.java:lambda$start$6(382)) - 8dac584f-6024-4576-b5a3-2bef0f48735e: start RPC server
2022-10-15 07:44:33,197 [Command processor thread] INFO  keyvalue.KeyValueContainer (KeyValueContainer.java:flushAndSyncDB(436)) - Container 3 is synced with bcsId 46.
2022-10-15 07:44:33,198 [Command processor thread] INFO  keyvalue.KeyValueContainer (KeyValueContainer.java:flushAndSyncDB(436)) - Container 3 is synced with bcsId 46.
2022-10-15 07:44:33,198 [EndpointStateMachine task thread for /0.0.0.0:35863 - 0 ] INFO  server.GrpcService (GrpcService.java:startImpl(260)) - 8dac584f-6024-4576-b5a3-2bef0f48735e: GrpcService started, listening on 35155
2022-10-15 07:44:33,199 [EndpointStateMachine task thread for /0.0.0.0:35863 - 0 ] INFO  ratis.XceiverServerRatis (XceiverServerRatis.java:getRealPort(502)) - XceiverServerRatis 8dac584f-6024-4576-b5a3-2bef0f48735e is started using port 35155 for RATIS
2022-10-15 07:44:33,199 [EndpointStateMachine task thread for /0.0.0.0:35863 - 0 ] INFO  ratis.XceiverServerRatis (XceiverServerRatis.java:getRealPort(502)) - XceiverServerRatis 8dac584f-6024-4576-b5a3-2bef0f48735e is started using port 35155 for RATIS_ADMIN
2022-10-15 07:44:33,199 [EndpointStateMachine task thread for /0.0.0.0:35863 - 0 ] INFO  ratis.XceiverServerRatis (XceiverServerRatis.java:getRealPort(502)) - XceiverServerRatis 8dac584f-6024-4576-b5a3-2bef0f48735e is started using port 35155 for RATIS_SERVER
2022-10-15 07:44:33,199 [org.apache.ratis.util.JvmPauseMonitor$$Lambda$718/783493338@134614b3] INFO  util.JvmPauseMonitor (JvmPauseMonitor.java:run(103)) - JvmPauseMonitor-8dac584f-6024-4576-b5a3-2bef0f48735e: Started
2022-10-15 07:44:33,200 [Command processor thread] INFO  server.RaftServer$Division (RaftServerImpl.java:groupRemove(404)) - a759a49b-3cd3-49e9-826c-16e7b00ba8b7@group-48CCB1284442: Succeed to remove RaftStorageDirectory Storage Directory /home/runner/work/ozone/ozone/hadoop-ozone/integration-test/target/test-dir/MiniOzoneClusterImpl-b71359ac-0e91-4f54-9b03-8f1926dea794/datanode-1/data/ratis/a8c168c9-4d1c-4acc-84ee-48ccb1284442
2022-10-15 07:44:33,200 [Command processor thread] INFO  commandhandler.ClosePipelineCommandHandler (ClosePipelineCommandHandler.java:handle(78)) - Close Pipeline PipelineID=a8c168c9-4d1c-4acc-84ee-48ccb1284442 command on datanode a759a49b-3cd3-49e9-826c-16e7b00ba8b7.
2022-10-15 07:44:33,200 [Command processor thread] INFO  keyvalue.KeyValueContainer (KeyValueContainer.java:flushAndSyncDB(436)) - Container 1 is synced with bcsId 50.
2022-10-15 07:44:33,200 [Command processor thread] INFO  keyvalue.KeyValueContainer (KeyValueContainer.java:flushAndSyncDB(436)) - Container 1 is synced with bcsId 50.
2022-10-15 07:44:33,201 [EndpointStateMachine task thread for /0.0.0.0:35863 - 0 ] INFO  server.XceiverServerGrpc (XceiverServerGrpc.java:start(180)) - XceiverServerGrpc 8dac584f-6024-4576-b5a3-2bef0f48735e is started using port 33151
2022-10-15 07:44:33,202 [Command processor thread] INFO  keyvalue.KeyValueContainer (KeyValueContainer.java:close(351)) - Container 1 is closed with bcsId 50.
2022-10-15 07:44:33,203 [FixedThreadPoolWithAffinityExecutor-8-0] INFO  container.IncrementalContainerReportHandler (AbstractContainerReportHandler.java:updateContainerState(318)) - Moving container #1 to CLOSED state, datanode a759a49b-3cd3-49e9-826c-16e7b00ba8b7{ip: 10.1.1.113, host: fv-az204-107.tdy0fjcc0bpubcu1xr20co1pbf.dx.internal.cloudapp.net, ports: [REPLICATION=34531, RATIS=42469, RATIS_ADMIN=42469, RATIS_SERVER=42469, STANDALONE=44149], networkLocation: /default-rack, certSerialId: null, persistedOpState: IN_SERVICE, persistedOpStateExpiryEpochSec: 0} reported CLOSED replica.
2022-10-15 07:44:33,227 [ReplicationMonitor] INFO  replication.LegacyReplicationManager (LegacyReplicationManager.java:sendCloseCommand(1512)) - Sending close container command for container #2 to datanode 9a24ac87-7197-4b23-9992-aedcbee91c34{ip: 10.1.1.113, host: fv-az204-107.tdy0fjcc0bpubcu1xr20co1pbf.dx.internal.cloudapp.net, ports: [REPLICATION=42613, RATIS=43931, RATIS_ADMIN=43931, RATIS_SERVER=43931, STANDALONE=42833], networkLocation: /default-rack, certSerialId: null, persistedOpState: IN_SERVICE, persistedOpStateExpiryEpochSec: 0}.
2022-10-15 07:44:33,227 [ReplicationMonitor] INFO  replication.LegacyReplicationManager (LegacyReplicationManager.java:sendCloseCommand(1512)) - Sending close container command for container #2 to datanode d26a0d60-6788-4f19-88c8-825bcaa82edc{ip: 10.1.1.113, host: fv-az204-107.tdy0fjcc0bpubcu1xr20co1pbf.dx.internal.cloudapp.net, ports: [REPLICATION=42509, RATIS=34309, RATIS_ADMIN=34309, RATIS_SERVER=34309, STANDALONE=40785], networkLocation: /default-rack, certSerialId: null, persistedOpState: IN_SERVICE, persistedOpStateExpiryEpochSec: 0}.
2022-10-15 07:44:33,227 [ReplicationMonitor] INFO  replication.LegacyReplicationManager (LegacyReplicationManager.java:sendCloseCommand(1512)) - Sending close container command for container #3 to datanode d26a0d60-6788-4f19-88c8-825bcaa82edc{ip: 10.1.1.113, host: fv-az204-107.tdy0fjcc0bpubcu1xr20co1pbf.dx.internal.cloudapp.net, ports: [REPLICATION=42509, RATIS=34309, RATIS_ADMIN=34309, RATIS_SERVER=34309, STANDALONE=40785], networkLocation: /default-rack, certSerialId: null, persistedOpState: IN_SERVICE, persistedOpStateExpiryEpochSec: 0}.
2022-10-15 07:44:33,227 [ReplicationMonitor] INFO  replication.LegacyReplicationManager (LegacyReplicationManager.java:sendCloseCommand(1512)) - Sending close container command for container #3 to datanode 9a24ac87-7197-4b23-9992-aedcbee91c34{ip: 10.1.1.113, host: fv-az204-107.tdy0fjcc0bpubcu1xr20co1pbf.dx.internal.cloudapp.net, ports: [REPLICATION=42613, RATIS=43931, RATIS_ADMIN=43931, RATIS_SERVER=43931, STANDALONE=42833], networkLocation: /default-rack, certSerialId: null, persistedOpState: IN_SERVICE, persistedOpStateExpiryEpochSec: 0}.
2022-10-15 07:44:33,227 [ReplicationMonitor] INFO  replication.LegacyReplicationManager (LegacyReplicationManager.java:sendCloseCommand(1512)) - Sending close container command for container #5 to datanode d26a0d60-6788-4f19-88c8-825bcaa82edc{ip: 10.1.1.113, host: fv-az204-107.tdy0fjcc0bpubcu1xr20co1pbf.dx.internal.cloudapp.net, ports: [REPLICATION=42509, RATIS=34309, RATIS_ADMIN=34309, RATIS_SERVER=34309, STANDALONE=40785], networkLocation: /default-rack, certSerialId: null, persistedOpState: IN_SERVICE, persistedOpStateExpiryEpochSec: 0}.
2022-10-15 07:44:33,227 [ReplicationMonitor] INFO  replication.LegacyReplicationManager (LegacyReplicationManager.java:sendCloseCommand(1512)) - Sending close container command for container #5 to datanode 9a24ac87-7197-4b23-9992-aedcbee91c34{ip: 10.1.1.113, host: fv-az204-107.tdy0fjcc0bpubcu1xr20co1pbf.dx.internal.cloudapp.net, ports: [REPLICATION=42613, RATIS=43931, RATIS_ADMIN=43931, RATIS_SERVER=43931, STANDALONE=42833], networkLocation: /default-rack, certSerialId: null, persistedOpState: IN_SERVICE, persistedOpStateExpiryEpochSec: 0}.
2022-10-15 07:44:33,227 [ReplicationMonitor] INFO  replication.ReplicationManager (ReplicationManager.java:sendCloseContainerReplicaCommand(467)) - Sending close container command for container #10 to datanode 1a927d95-9689-4ae2-94aa-466101e25ef1{ip: 10.1.1.113, host: fv-az204-107.tdy0fjcc0bpubcu1xr20co1pbf.dx.internal.cloudapp.net, ports: [REPLICATION=41339, RATIS=33377, RATIS_ADMIN=33377, RATIS_SERVER=33377, STANDALONE=35429], networkLocation: /default-rack, certSerialId: null, persistedOpState: IN_SERVICE, persistedOpStateExpiryEpochSec: 0}.
2022-10-15 07:44:33,228 [ReplicationMonitor] INFO  replication.ReplicationManager (ReplicationManager.java:processAll(324)) - Replication Monitor Thread took 2 milliseconds for processing 11 containers.
2022-10-15 07:44:33,390 [Over Replicated Processor] INFO  replication.OverReplicatedProcessor (OverReplicatedProcessor.java:processAll(90)) - Processed 0 over replicated containers, failed processing 0
2022-10-15 07:44:33,390 [Under Replicated Processor] INFO  replication.UnderReplicatedProcessor (UnderReplicatedProcessor.java:processAll(92)) - Processed 0 under replicated containers, failed processing 0
2022-10-15 07:44:33,391 [ReplicationMonitor] INFO  replication.ReplicationManager (ReplicationManager.java:processAll(324)) - Replication Monitor Thread took 0 milliseconds for processing 0 containers.
2022-10-15 07:44:33,596 [ReplicationMonitor] INFO  replication.ReplicationManager (ReplicationManager.java:processAll(291)) - Replication Manager is not ready to run until 3000ms after safemode exit
2022-10-15 07:44:33,599 [EndpointStateMachine task thread for /0.0.0.0:35863 - 0 ] INFO  volume.HddsVolume (HddsVolume.java:createDbStore(307)) - SchemaV3 db is created and loaded at /home/runner/work/ozone/ozone/hadoop-ozone/integration-test/target/test-dir/MiniOzoneClusterImpl-0c55ea5e-da39-43b3-be52-3d6e56a90e90/datanode-2/data-0/containers/hdds/0c55ea5e-da39-43b3-be52-3d6e56a90e90/DS-ca102f25-73e2-4444-8d3d-561bef0d6110/container.db for volume DS-ca102f25-73e2-4444-8d3d-561bef0d6110
2022-10-15 07:44:33,600 [EndpointStateMachine task thread for /0.0.0.0:35863 - 0 ] INFO  volume.HddsVolume (HddsVolume.java:closeDbStore(338)) - SchemaV3 db is stopped at /home/runner/work/ozone/ozone/hadoop-ozone/integration-test/target/test-dir/MiniOzoneClusterImpl-0c55ea5e-da39-43b3-be52-3d6e56a90e90/datanode-2/data-0/containers/hdds/0c55ea5e-da39-43b3-be52-3d6e56a90e90/DS-ca102f25-73e2-4444-8d3d-561bef0d6110/container.db for volume DS-ca102f25-73e2-4444-8d3d-561bef0d6110
2022-10-15 07:44:33,600 [EndpointStateMachine task thread for /0.0.0.0:35863 - 0 ] INFO  ozoneimpl.OzoneContainer (OzoneContainer.java:start(378)) - Attempting to start container services.
2022-10-15 07:44:33,600 [EndpointStateMachine task thread for /0.0.0.0:35863 - 0 ] INFO  ozoneimpl.OzoneContainer (OzoneContainer.java:startContainerScrub(313)) - Background container scanner has been disabled.
2022-10-15 07:44:33,600 [EndpointStateMachine task thread for /0.0.0.0:35863 - 0 ] INFO  replication.ReplicationServer (ReplicationServer.java:start(111)) - ReplicationServer is started using port 46097
2022-10-15 07:44:33,603 [EndpointStateMachine task thread for /0.0.0.0:35863 - 0 ] INFO  ratis.XceiverServerRatis (XceiverServerRatis.java:start(481)) - Starting XceiverServerRatis 7fbbdba2-60d2-4bcb-9af9-465dc1fc8d8a
2022-10-15 07:44:33,615 [EndpointStateMachine task thread for /0.0.0.0:35863 - 0 ] INFO  server.RaftServer (RaftServerProxy.java:lambda$start$6(382)) - 7fbbdba2-60d2-4bcb-9af9-465dc1fc8d8a: start RPC server
2022-10-15 07:44:33,615 [EndpointStateMachine task thread for /0.0.0.0:35863 - 0 ] INFO  server.GrpcService (GrpcService.java:startImpl(260)) - 7fbbdba2-60d2-4bcb-9af9-465dc1fc8d8a: GrpcService started, listening on 38635
2022-10-15 07:44:33,616 [EndpointStateMachine task thread for /0.0.0.0:35863 - 0 ] INFO  ratis.XceiverServerRatis (XceiverServerRatis.java:getRealPort(502)) - XceiverServerRatis 7fbbdba2-60d2-4bcb-9af9-465dc1fc8d8a is started using port 38635 for RATIS
2022-10-15 07:44:33,616 [EndpointStateMachine task thread for /0.0.0.0:35863 - 0 ] INFO  ratis.XceiverServerRatis (XceiverServerRatis.java:getRealPort(502)) - XceiverServerRatis 7fbbdba2-60d2-4bcb-9af9-465dc1fc8d8a is started using port 38635 for RATIS_ADMIN
2022-10-15 07:44:33,616 [org.apache.ratis.util.JvmPauseMonitor$$Lambda$718/783493338@5fed35fd] INFO  util.JvmPauseMonitor (JvmPauseMonitor.java:run(103)) - JvmPauseMonitor-7fbbdba2-60d2-4bcb-9af9-465dc1fc8d8a: Started
2022-10-15 07:44:33,616 [EndpointStateMachine task thread for /0.0.0.0:35863 - 0 ] INFO  ratis.XceiverServerRatis (XceiverServerRatis.java:getRealPort(502)) - XceiverServerRatis 7fbbdba2-60d2-4bcb-9af9-465dc1fc8d8a is started using port 38635 for RATIS_SERVER
2022-10-15 07:44:33,616 [EndpointStateMachine task thread for /0.0.0.0:35863 - 0 ] INFO  server.XceiverServerGrpc (XceiverServerGrpc.java:start(180)) - XceiverServerGrpc 7fbbdba2-60d2-4bcb-9af9-465dc1fc8d8a is started using port 45351
2022-10-15 07:44:33,650 [DatanodeAdminManager-0] INFO  node.DatanodeAdminMonitorImpl (DatanodeAdminMonitorImpl.java:checkContainersReplicatedOnNode(317)) - Unhealthy Container #1 Container State: CLOSED Replica Count: 3 Healthy Count: 2 Decommission Count: 0 Maintenance Count: 1 inFlightAdd Count: 0 inFightDel Count: 0 ReplicationFactor: 3 minMaintenance Count: 2; Replicas{ContainerReplica{containerID=#1, state=QUASI_CLOSED, datanodeDetails=bef1a67a-597f-44ca-bb4b-ee4a6fc04327{ip: 10.1.1.113, host: fv-az204-107.tdy0fjcc0bpubcu1xr20co1pbf.dx.internal.cloudapp.net, ports: [REPLICATION=46791, RATIS=40411, RATIS_ADMIN=40411, RATIS_SERVER=40411, STANDALONE=40845], networkLocation: /default-rack, certSerialId: null, persistedOpState: ENTERING_MAINTENANCE, persistedOpStateExpiryEpochSec: 0}, placeOfBirth=bef1a67a-597f-44ca-bb4b-ee4a6fc04327, sequenceId=50, keyCount=5, bytesUsed=95},ContainerReplica{containerID=#1, state=CLOSED, datanodeDetails=a759a49b-3cd3-49e9-826c-16e7b00ba8b7{ip: 10.1.1.113, host: fv-az204-107.tdy0fjcc0bpubcu1xr20co1pbf.dx.internal.cloudapp.net, ports: [REPLICATION=34531, RATIS=42469, RATIS_ADMIN=42469, RATIS_SERVER=42469, STANDALONE=44149], networkLocation: /default-rack, certSerialId: null, persistedOpState: IN_SERVICE, persistedOpStateExpiryEpochSec: 0}, placeOfBirth=a759a49b-3cd3-49e9-826c-16e7b00ba8b7, sequenceId=50, keyCount=5, bytesUsed=95},ContainerReplica{containerID=#1, state=QUASI_CLOSED, datanodeDetails=35429393-00b4-4ffa-a437-723b6b48652e{ip: 10.1.1.113, host: fv-az204-107.tdy0fjcc0bpubcu1xr20co1pbf.dx.internal.cloudapp.net, ports: [REPLICATION=33503, RATIS=40931, RATIS_ADMIN=40931, RATIS_SERVER=40931, STANDALONE=34035], networkLocation: /default-rack, certSerialId: null, persistedOpState: IN_SERVICE, persistedOpStateExpiryEpochSec: 0}, placeOfBirth=35429393-00b4-4ffa-a437-723b6b48652e, sequenceId=50, keyCount=5, bytesUsed=95}}
2022-10-15 07:44:33,650 [DatanodeAdminManager-0] INFO  node.DatanodeAdminMonitorImpl (DatanodeAdminMonitorImpl.java:checkContainersReplicatedOnNode(327)) - bef1a67a-597f-44ca-bb4b-ee4a6fc04327{ip: 10.1.1.113, host: fv-az204-107.tdy0fjcc0bpubcu1xr20co1pbf.dx.internal.cloudapp.net, ports: [REPLICATION=46791, RATIS=40411, RATIS_ADMIN=40411, RATIS_SERVER=40411, STANDALONE=40845], networkLocation: /default-rack, certSerialId: null, persistedOpState: ENTERING_MAINTENANCE, persistedOpStateExpiryEpochSec: 0} has 3 sufficientlyReplicated, 0 underReplicated and 1 unhealthy containers
2022-10-15 07:44:33,650 [DatanodeAdminManager-0] INFO  node.DatanodeAdminMonitorImpl (DatanodeAdminMonitorImpl.java:run(148)) - There are 1 nodes tracked for decommission and maintenance. 0 pending nodes.
2022-10-15 07:44:33,682 [Mini-Cluster-Provider-Reap] INFO  utils.BackgroundService (BackgroundService.java:shutdown(141)) - Shutting down service BlockDeletingService
2022-10-15 07:44:33,683 [Mini-Cluster-Provider-Reap] INFO  utils.BackgroundService (BackgroundService.java:shutdown(141)) - Shutting down service StaleRecoveringContainerScrubbingService
2022-10-15 07:44:33,684 [Mini-Cluster-Provider-Reap] INFO  statemachine.DatanodeStateMachine (DatanodeStateMachine.java:stopDaemon(580)) - Ozone container server stopped.
2022-10-15 07:44:33,693 [Mini-Cluster-Provider-Reap] INFO  handler.ContextHandler (ContextHandler.java:doStop(1153)) - Stopped o.e.j.w.WebAppContext@22ac6196{hddsDatanode,/,null,STOPPED}{jar:file:/home/runner/.m2/repository/org/apache/ozone/hdds-container-service/1.3.0-SNAPSHOT/hdds-container-service-1.3.0-SNAPSHOT.jar!/webapps/hddsDatanode}
2022-10-15 07:44:33,695 [Mini-Cluster-Provider-Reap] INFO  server.AbstractConnector (AbstractConnector.java:doStop(381)) - Stopped ServerConnector@605b1fc7{HTTP/1.1, (http/1.1)}{0.0.0.0:0}
2022-10-15 07:44:33,695 [Mini-Cluster-Provider-Reap] INFO  server.session (HouseKeeper.java:stopScavenging(149)) - node0 Stopped scavenging
2022-10-15 07:44:33,695 [Mini-Cluster-Provider-Reap] INFO  handler.ContextHandler (ContextHandler.java:doStop(1153)) - Stopped o.e.j.s.ServletContextHandler@23bd343c{static,/static,jar:file:/home/runner/.m2/repository/org/apache/ozone/hdds-container-service/1.3.0-SNAPSHOT/hdds-container-service-1.3.0-SNAPSHOT.jar!/webapps/static,STOPPED}
2022-10-15 07:44:33,695 [Mini-Cluster-Provider-Reap] INFO  handler.ContextHandler (ContextHandler.java:doStop(1153)) - Stopped o.e.j.s.ServletContextHandler@448e032{logs,/logs,file:///home/runner/work/ozone/ozone/hadoop-ozone/integration-test/target/log,STOPPED}
2022-10-15 07:44:33,698 [Command processor thread] ERROR commandhandler.CloseContainerCommandHandler (CloseContainerCommandHandler.java:handle(133)) - Can't close container #2
java.io.IOException
	at org.apache.hadoop.ozone.container.common.transport.server.ratis.XceiverServerRatis.submitRequest(XceiverServerRatis.java:589)
	at org.apache.hadoop.ozone.container.common.statemachine.commandhandler.CloseContainerCommandHandler.handle(CloseContainerCommandHandler.java:105)
	at org.apache.hadoop.ozone.container.common.statemachine.commandhandler.CommandDispatcher.handle(CommandDispatcher.java:99)
	at org.apache.hadoop.ozone.container.common.statemachine.DatanodeStateMachine.lambda$initCommandHandlerThread$3(DatanodeStateMachine.java:621)
	at java.lang.Thread.run(Thread.java:750)
Caused by: java.lang.InterruptedException
	at java.util.concurrent.CompletableFuture.reportGet(CompletableFuture.java:347)
	at java.util.concurrent.CompletableFuture.get(CompletableFuture.java:1928)
	at org.apache.hadoop.ozone.container.common.transport.server.ratis.XceiverServerRatis.submitRequest(XceiverServerRatis.java:584)
	... 4 more
2022-10-15 07:44:33,718 [Mini-Cluster-Provider-Reap] INFO  ozoneimpl.OzoneContainer (OzoneContainer.java:stop(400)) - Attempting to stop container services.
2022-10-15 07:44:33,728 [Mini-Cluster-Provider-Reap] INFO  server.RaftServer (RaftServerProxy.java:lambda$close$7(398)) - 9a24ac87-7197-4b23-9992-aedcbee91c34: close
2022-10-15 07:44:33,728 [Mini-Cluster-Provider-Reap] INFO  server.RaftServer$Division (RaftServerImpl.java:lambda$close$4(434)) - 9a24ac87-7197-4b23-9992-aedcbee91c34@group-A528F5A873A6: shutdown
2022-10-15 07:44:33,728 [Mini-Cluster-Provider-Reap] INFO  util.JmxRegister (JmxRegister.java:unregister(73)) - Successfully un-registered JMX Bean with object name Ratis:service=RaftServer,group=group-A528F5A873A6,id=9a24ac87-7197-4b23-9992-aedcbee91c34
2022-10-15 07:44:33,728 [Mini-Cluster-Provider-Reap] INFO  impl.RoleInfo (RoleInfo.java:shutdownLeaderState(93)) - 9a24ac87-7197-4b23-9992-aedcbee91c34: shutdown 9a24ac87-7197-4b23-9992-aedcbee91c34@group-A528F5A873A6-LeaderStateImpl
2022-10-15 07:44:33,728 [Mini-Cluster-Provider-Reap] INFO  impl.PendingRequests (PendingRequests.java:sendNotLeaderResponses(282)) - 9a24ac87-7197-4b23-9992-aedcbee91c34@group-A528F5A873A6-PendingRequests: sendNotLeaderResponses
2022-10-15 07:44:33,728 [9a24ac87-7197-4b23-9992-aedcbee91c34@group-A528F5A873A6->d26a0d60-6788-4f19-88c8-825bcaa82edc-GrpcLogAppender-LogAppenderDaemon] WARN  server.GrpcLogAppender (GrpcLogAppender.java:mayWait(171)) - 9a24ac87-7197-4b23-9992-aedcbee91c34@group-A528F5A873A6->d26a0d60-6788-4f19-88c8-825bcaa82edc-GrpcLogAppender: Wait interrupted by java.lang.InterruptedException
2022-10-15 07:44:33,728 [9a24ac87-7197-4b23-9992-aedcbee91c34@group-A528F5A873A6->21a643b6-1a42-4dcc-b3d5-cdf5198533e3-GrpcLogAppender-LogAppenderDaemon] WARN  server.GrpcLogAppender (GrpcLogAppender.java:mayWait(171)) - 9a24ac87-7197-4b23-9992-aedcbee91c34@group-A528F5A873A6->21a643b6-1a42-4dcc-b3d5-cdf5198533e3-GrpcLogAppender: Wait interrupted by java.lang.InterruptedException
2022-10-15 07:44:33,737 [ForkJoinPool.commonPool-worker-0] INFO  utils.BackgroundService (BackgroundService.java:shutdown(141)) - Shutting down service BlockDeletingService
2022-10-15 07:44:33,738 [Mini-Cluster-Provider-Reap] INFO  impl.StateMachineUpdater (StateMachineUpdater.java:stopAndJoin(153)) - 9a24ac87-7197-4b23-9992-aedcbee91c34@group-A528F5A873A6-StateMachineUpdater: set stopIndex = 59
2022-10-15 07:44:33,738 [9a24ac87-7197-4b23-9992-aedcbee91c34@group-A528F5A873A6-StateMachineUpdater] INFO  ratis.ContainerStateMachine (ContainerStateMachine.java:takeSnapshot(304)) - group-A528F5A873A6: Taking a snapshot at:(t:2, i:59) file /home/runner/work/ozone/ozone/hadoop-ozone/integration-test/target/test-dir/MiniOzoneClusterImpl-66da459b-aeee-45c7-ad0e-5ce5667a4dd7/datanode-5/data/ratis/63ae4912-c17e-43cf-8bae-a528f5a873a6/sm/snapshot.2_59
2022-10-15 07:44:33,739 [ForkJoinPool.commonPool-worker-0] INFO  utils.BackgroundService (BackgroundService.java:shutdown(141)) - Shutting down service StaleRecoveringContainerScrubbingService
2022-10-15 07:44:33,741 [ForkJoinPool.commonPool-worker-0] INFO  statemachine.DatanodeStateMachine (DatanodeStateMachine.java:stopDaemon(580)) - Ozone container server stopped.
2022-10-15 07:44:33,742 [9a24ac87-7197-4b23-9992-aedcbee91c34@group-A528F5A873A6-StateMachineUpdater] INFO  ratis.ContainerStateMachine (ContainerStateMachine.java:takeSnapshot(315)) - group-A528F5A873A6: Finished taking a snapshot at:(t:2, i:59) file:/home/runner/work/ozone/ozone/hadoop-ozone/integration-test/target/test-dir/MiniOzoneClusterImpl-66da459b-aeee-45c7-ad0e-5ce5667a4dd7/datanode-5/data/ratis/63ae4912-c17e-43cf-8bae-a528f5a873a6/sm/snapshot.2_59 took: 4 ms
2022-10-15 07:44:33,742 [9a24ac87-7197-4b23-9992-aedcbee91c34@group-A528F5A873A6-StateMachineUpdater] INFO  impl.StateMachineUpdater (StateMachineUpdater.java:takeSnapshot(287)) - 9a24ac87-7197-4b23-9992-aedcbee91c34@group-A528F5A873A6-StateMachineUpdater: Took a snapshot at index 59
2022-10-15 07:44:33,742 [9a24ac87-7197-4b23-9992-aedcbee91c34@group-A528F5A873A6-StateMachineUpdater] INFO  impl.StateMachineUpdater (StateMachineUpdater.java:lambda$new$0(92)) - 9a24ac87-7197-4b23-9992-aedcbee91c34@group-A528F5A873A6-StateMachineUpdater: snapshotIndex: updateIncreasingly -1 -> 59
2022-10-15 07:44:33,746 [Mini-Cluster-Provider-Reap] INFO  server.RaftServer$Division (ServerState.java:close(429)) - 9a24ac87-7197-4b23-9992-aedcbee91c34@group-A528F5A873A6: closes. applyIndex: 59
2022-10-15 07:44:33,746 [9a24ac87-7197-4b23-9992-aedcbee91c34@group-A528F5A873A6-SegmentedRaftLogWorker] INFO  segmented.SegmentedRaftLogWorker (SegmentedRaftLogWorker.java:run(336)) - 9a24ac87-7197-4b23-9992-aedcbee91c34@group-A528F5A873A6-SegmentedRaftLogWorker was interrupted, exiting. There are 0 tasks remaining in the queue.
2022-10-15 07:44:33,746 [Mini-Cluster-Provider-Reap] INFO  segmented.SegmentedRaftLogWorker (SegmentedRaftLogWorker.java:close(246)) - 9a24ac87-7197-4b23-9992-aedcbee91c34@group-A528F5A873A6-SegmentedRaftLogWorker close()
2022-10-15 07:44:33,747 [Mini-Cluster-Provider-Reap] INFO  server.RaftServer$Division (RaftServerImpl.java:lambda$close$4(434)) - 9a24ac87-7197-4b23-9992-aedcbee91c34@group-F3C7F2600641: shutdown
2022-10-15 07:44:33,747 [Mini-Cluster-Provider-Reap] INFO  util.JmxRegister (JmxRegister.java:unregister(73)) - Successfully un-registered JMX Bean with object name Ratis:service=RaftServer,group=group-F3C7F2600641,id=9a24ac87-7197-4b23-9992-aedcbee91c34
2022-10-15 07:44:33,747 [Mini-Cluster-Provider-Reap] INFO  impl.RoleInfo (RoleInfo.java:shutdownLeaderState(93)) - 9a24ac87-7197-4b23-9992-aedcbee91c34: shutdown 9a24ac87-7197-4b23-9992-aedcbee91c34@group-F3C7F2600641-LeaderStateImpl
2022-10-15 07:44:33,747 [Mini-Cluster-Provider-Reap] INFO  impl.PendingRequests (PendingRequests.java:sendNotLeaderResponses(282)) - 9a24ac87-7197-4b23-9992-aedcbee91c34@group-F3C7F2600641-PendingRequests: sendNotLeaderResponses
2022-10-15 07:44:33,748 [Mini-Cluster-Provider-Reap] INFO  impl.StateMachineUpdater (StateMachineUpdater.java:stopAndJoin(153)) - 9a24ac87-7197-4b23-9992-aedcbee91c34@group-F3C7F2600641-StateMachineUpdater: set stopIndex = 0
2022-10-15 07:44:33,749 [9a24ac87-7197-4b23-9992-aedcbee91c34@group-F3C7F2600641-StateMachineUpdater] INFO  ratis.ContainerStateMachine (ContainerStateMachine.java:takeSnapshot(304)) - group-F3C7F2600641: Taking a snapshot at:(t:1, i:0) file /home/runner/work/ozone/ozone/hadoop-ozone/integration-test/target/test-dir/MiniOzoneClusterImpl-66da459b-aeee-45c7-ad0e-5ce5667a4dd7/datanode-5/data/ratis/3c627a74-7629-408d-b01d-f3c7f2600641/sm/snapshot.1_0
2022-10-15 07:44:33,750 [9a24ac87-7197-4b23-9992-aedcbee91c34@group-F3C7F2600641-StateMachineUpdater] INFO  ratis.ContainerStateMachine (ContainerStateMachine.java:takeSnapshot(315)) - group-F3C7F2600641: Finished taking a snapshot at:(t:1, i:0) file:/home/runner/work/ozone/ozone/hadoop-ozone/integration-test/target/test-dir/MiniOzoneClusterImpl-66da459b-aeee-45c7-ad0e-5ce5667a4dd7/datanode-5/data/ratis/3c627a74-7629-408d-b01d-f3c7f2600641/sm/snapshot.1_0 took: 1 ms
2022-10-15 07:44:33,750 [9a24ac87-7197-4b23-9992-aedcbee91c34@group-F3C7F2600641-StateMachineUpdater] INFO  impl.StateMachineUpdater (StateMachineUpdater.java:takeSnapshot(287)) - 9a24ac87-7197-4b23-9992-aedcbee91c34@group-F3C7F2600641-StateMachineUpdater: Took a snapshot at index 0
2022-10-15 07:44:33,750 [9a24ac87-7197-4b23-9992-aedcbee91c34@group-F3C7F2600641-StateMachineUpdater] INFO  impl.StateMachineUpdater (StateMachineUpdater.java:lambda$new$0(92)) - 9a24ac87-7197-4b23-9992-aedcbee91c34@group-F3C7F2600641-StateMachineUpdater: snapshotIndex: updateIncreasingly -1 -> 0
2022-10-15 07:44:33,750 [Mini-Cluster-Provider-Reap] INFO  server.RaftServer$Division (ServerState.java:close(429)) - 9a24ac87-7197-4b23-9992-aedcbee91c34@group-F3C7F2600641: closes. applyIndex: 0
2022-10-15 07:44:33,751 [9a24ac87-7197-4b23-9992-aedcbee91c34@group-F3C7F2600641-SegmentedRaftLogWorker] INFO  segmented.SegmentedRaftLogWorker (SegmentedRaftLogWorker.java:run(336)) - 9a24ac87-7197-4b23-9992-aedcbee91c34@group-F3C7F2600641-SegmentedRaftLogWorker was interrupted, exiting. There are 0 tasks remaining in the queue.
2022-10-15 07:44:33,751 [Mini-Cluster-Provider-Reap] INFO  segmented.SegmentedRaftLogWorker (SegmentedRaftLogWorker.java:close(246)) - 9a24ac87-7197-4b23-9992-aedcbee91c34@group-F3C7F2600641-SegmentedRaftLogWorker close()
2022-10-15 07:44:33,751 [Mini-Cluster-Provider-Reap] INFO  server.GrpcService (GrpcService.java:closeImpl(269)) - 9a24ac87-7197-4b23-9992-aedcbee91c34: shutdown server with port 43931 now
2022-10-15 07:44:33,754 [Mini-Cluster-Provider-Reap] INFO  server.GrpcService (GrpcService.java:closeImpl(278)) - 9a24ac87-7197-4b23-9992-aedcbee91c34: shutdown server with port 43931 successfully
2022-10-15 07:44:33,754 [grpc-default-executor-5] WARN  server.GrpcClientProtocolService (LogUtils.java:warn(122)) - 1-UnorderedRequestStreamObserver1: onError: org.apache.ratis.thirdparty.io.grpc.StatusRuntimeException: CANCELLED: client cancelled
2022-10-15 07:44:33,754 [org.apache.ratis.util.JvmPauseMonitor$$Lambda$718/783493338@3950c84b] INFO  util.JvmPauseMonitor (JvmPauseMonitor.java:run(109)) - JvmPauseMonitor-9a24ac87-7197-4b23-9992-aedcbee91c34: Stopped
2022-10-15 07:44:33,758 [ForkJoinPool.commonPool-worker-0] INFO  handler.ContextHandler (ContextHandler.java:doStop(1153)) - Stopped o.e.j.w.WebAppContext@7a52cb71{hddsDatanode,/,null,STOPPED}{jar:file:/home/runner/.m2/repository/org/apache/ozone/hdds-container-service/1.3.0-SNAPSHOT/hdds-container-service-1.3.0-SNAPSHOT.jar!/webapps/hddsDatanode}
2022-10-15 07:44:33,759 [ForkJoinPool.commonPool-worker-0] INFO  server.AbstractConnector (AbstractConnector.java:doStop(381)) - Stopped ServerConnector@2e3c1c8f{HTTP/1.1, (http/1.1)}{0.0.0.0:0}
2022-10-15 07:44:33,759 [ForkJoinPool.commonPool-worker-0] INFO  server.session (HouseKeeper.java:stopScavenging(149)) - node0 Stopped scavenging
2022-10-15 07:44:33,760 [ForkJoinPool.commonPool-worker-0] INFO  handler.ContextHandler (ContextHandler.java:doStop(1153)) - Stopped o.e.j.s.ServletContextHandler@62659c4b{static,/static,jar:file:/home/runner/.m2/repository/org/apache/ozone/hdds-container-service/1.3.0-SNAPSHOT/hdds-container-service-1.3.0-SNAPSHOT.jar!/webapps/static,STOPPED}
2022-10-15 07:44:33,760 [ForkJoinPool.commonPool-worker-0] INFO  handler.ContextHandler (ContextHandler.java:doStop(1153)) - Stopped o.e.j.s.ServletContextHandler@246f7cca{logs,/logs,file:///home/runner/work/ozone/ozone/hadoop-ozone/integration-test/target/log,STOPPED}
2022-10-15 07:44:34,010 [Listener at 127.0.0.1/40173] INFO  ozone.MiniOzoneClusterImpl (MiniOzoneClusterImpl.java:lambda$waitForClusterToBeReady$0(216)) - Waiting for nodes to be ready. Got 0 of 7 DN Heartbeats.
2022-10-15 07:44:34,010 [Listener at 127.0.0.1/40173] INFO  ozone.MiniOzoneClusterImpl (MiniOzoneClusterImpl.java:lambda$waitForClusterToBeReady$0(219)) - Waiting for cluster to exit safe mode
2022-10-15 07:44:34,010 [Listener at 127.0.0.1/40173] INFO  ozone.MiniOzoneClusterImpl (MiniOzoneClusterImpl.java:lambda$waitForClusterToBeReady$0(221)) - SCM became leader
2022-10-15 07:44:34,011 [EndpointStateMachine task thread for /0.0.0.0:35863 - 0 ] INFO  volume.HddsVolume (HddsVolume.java:createDbStore(307)) - SchemaV3 db is created and loaded at /home/runner/work/ozone/ozone/hadoop-ozone/integration-test/target/test-dir/MiniOzoneClusterImpl-0c55ea5e-da39-43b3-be52-3d6e56a90e90/datanode-3/data-0/containers/hdds/0c55ea5e-da39-43b3-be52-3d6e56a90e90/DS-5cb92963-19d1-44e6-b07a-273c6ab4412d/container.db for volume DS-5cb92963-19d1-44e6-b07a-273c6ab4412d
2022-10-15 07:44:34,012 [EndpointStateMachine task thread for /0.0.0.0:35863 - 0 ] INFO  volume.HddsVolume (HddsVolume.java:closeDbStore(338)) - SchemaV3 db is stopped at /home/runner/work/ozone/ozone/hadoop-ozone/integration-test/target/test-dir/MiniOzoneClusterImpl-0c55ea5e-da39-43b3-be52-3d6e56a90e90/datanode-3/data-0/containers/hdds/0c55ea5e-da39-43b3-be52-3d6e56a90e90/DS-5cb92963-19d1-44e6-b07a-273c6ab4412d/container.db for volume DS-5cb92963-19d1-44e6-b07a-273c6ab4412d
2022-10-15 07:44:34,012 [EndpointStateMachine task thread for /0.0.0.0:35863 - 0 ] INFO  ozoneimpl.OzoneContainer (OzoneContainer.java:start(378)) - Attempting to start container services.
2022-10-15 07:44:34,012 [EndpointStateMachine task thread for /0.0.0.0:35863 - 0 ] INFO  ozoneimpl.OzoneContainer (OzoneContainer.java:startContainerScrub(313)) - Background container scanner has been disabled.
2022-10-15 07:44:34,013 [EndpointStateMachine task thread for /0.0.0.0:35863 - 0 ] INFO  replication.ReplicationServer (ReplicationServer.java:start(111)) - ReplicationServer is started using port 36131
2022-10-15 07:44:34,015 [EventQueue-StaleNodeForStaleNodeHandler] INFO  node.StaleNodeHandler (StaleNodeHandler.java:onMessage(59)) - Datanode 1a927d95-9689-4ae2-94aa-466101e25ef1{ip: 10.1.1.113, host: fv-az204-107.tdy0fjcc0bpubcu1xr20co1pbf.dx.internal.cloudapp.net, ports: [REPLICATION=41339, RATIS=33377, RATIS_ADMIN=33377, RATIS_SERVER=33377, STANDALONE=35429], networkLocation: /default-rack, certSerialId: null, persistedOpState: IN_SERVICE, persistedOpStateExpiryEpochSec: 0} moved to stale state. Finalizing its pipelines [PipelineID=146cf5c3-5a4e-4093-98a4-d429f15cf235]
2022-10-15 07:44:34,015 [EndpointStateMachine task thread for /0.0.0.0:35863 - 0 ] INFO  ratis.XceiverServerRatis (XceiverServerRatis.java:start(481)) - Starting XceiverServerRatis 7f555f3a-b754-420b-b6ea-bc4a43db69c9
2022-10-15 07:44:34,016 [EventQueue-StaleNodeForStaleNodeHandler] INFO  pipeline.PipelineManagerImpl (PipelineManagerImpl.java:closePipeline(442)) - Pipeline Pipeline[ Id: 146cf5c3-5a4e-4093-98a4-d429f15cf235, Nodes: 1a927d95-9689-4ae2-94aa-466101e25ef1{ip: 10.1.1.113, host: fv-az204-107.tdy0fjcc0bpubcu1xr20co1pbf.dx.internal.cloudapp.net, ports: [REPLICATION=41339, RATIS=33377, RATIS_ADMIN=33377, RATIS_SERVER=33377, STANDALONE=35429], networkLocation: /default-rack, certSerialId: null, persistedOpState: IN_SERVICE, persistedOpStateExpiryEpochSec: 0}, ReplicationConfig: RATIS/ONE, State:OPEN, leaderId:1a927d95-9689-4ae2-94aa-466101e25ef1, CreationTimestamp2022-10-15T07:42:39.400Z[Etc/UTC]] moved to CLOSED state
2022-10-15 07:44:34,018 [EndpointStateMachine task thread for /0.0.0.0:35863 - 0 ] INFO  server.RaftServer (RaftServerProxy.java:lambda$start$6(382)) - 7f555f3a-b754-420b-b6ea-bc4a43db69c9: start RPC server
2022-10-15 07:44:34,019 [EndpointStateMachine task thread for /0.0.0.0:35863 - 0 ] INFO  server.GrpcService (GrpcService.java:startImpl(260)) - 7f555f3a-b754-420b-b6ea-bc4a43db69c9: GrpcService started, listening on 44353
2022-10-15 07:44:34,019 [EndpointStateMachine task thread for /0.0.0.0:35863 - 0 ] INFO  ratis.XceiverServerRatis (XceiverServerRatis.java:getRealPort(502)) - XceiverServerRatis 7f555f3a-b754-420b-b6ea-bc4a43db69c9 is started using port 44353 for RATIS
2022-10-15 07:44:34,019 [EndpointStateMachine task thread for /0.0.0.0:35863 - 0 ] INFO  ratis.XceiverServerRatis (XceiverServerRatis.java:getRealPort(502)) - XceiverServerRatis 7f555f3a-b754-420b-b6ea-bc4a43db69c9 is started using port 44353 for RATIS_ADMIN
2022-10-15 07:44:34,019 [EndpointStateMachine task thread for /0.0.0.0:35863 - 0 ] INFO  ratis.XceiverServerRatis (XceiverServerRatis.java:getRealPort(502)) - XceiverServerRatis 7f555f3a-b754-420b-b6ea-bc4a43db69c9 is started using port 44353 for RATIS_SERVER
2022-10-15 07:44:34,019 [org.apache.ratis.util.JvmPauseMonitor$$Lambda$718/783493338@378274be] INFO  util.JvmPauseMonitor (JvmPauseMonitor.java:run(103)) - JvmPauseMonitor-7f555f3a-b754-420b-b6ea-bc4a43db69c9: Started
2022-10-15 07:44:34,022 [EndpointStateMachine task thread for /0.0.0.0:35863 - 0 ] INFO  server.XceiverServerGrpc (XceiverServerGrpc.java:start(180)) - XceiverServerGrpc 7f555f3a-b754-420b-b6ea-bc4a43db69c9 is started using port 43183
2022-10-15 07:44:34,130 [Under Replicated Processor] INFO  replication.UnderReplicatedProcessor (UnderReplicatedProcessor.java:processAll(92)) - Processed 0 under replicated containers, failed processing 0
2022-10-15 07:44:34,131 [Over Replicated Processor] INFO  replication.OverReplicatedProcessor (OverReplicatedProcessor.java:processAll(90)) - Processed 0 over replicated containers, failed processing 0
2022-10-15 07:44:34,132 [ReplicationMonitor] INFO  replication.LegacyReplicationManager (LegacyReplicationManager.java:sendCloseCommand(1512)) - Sending close container command for container #1 to datanode bef1a67a-597f-44ca-bb4b-ee4a6fc04327{ip: 10.1.1.113, host: fv-az204-107.tdy0fjcc0bpubcu1xr20co1pbf.dx.internal.cloudapp.net, ports: [REPLICATION=46791, RATIS=40411, RATIS_ADMIN=40411, RATIS_SERVER=40411, STANDALONE=40845], networkLocation: /default-rack, certSerialId: null, persistedOpState: ENTERING_MAINTENANCE, persistedOpStateExpiryEpochSec: 0}.
2022-10-15 07:44:34,132 [ReplicationMonitor] INFO  replication.LegacyReplicationManager (LegacyReplicationManager.java:sendCloseCommand(1512)) - Sending close container command for container #1 to datanode 35429393-00b4-4ffa-a437-723b6b48652e{ip: 10.1.1.113, host: fv-az204-107.tdy0fjcc0bpubcu1xr20co1pbf.dx.internal.cloudapp.net, ports: [REPLICATION=33503, RATIS=40931, RATIS_ADMIN=40931, RATIS_SERVER=40931, STANDALONE=34035], networkLocation: /default-rack, certSerialId: null, persistedOpState: IN_SERVICE, persistedOpStateExpiryEpochSec: 0}.
2022-10-15 07:44:34,132 [ReplicationMonitor] INFO  replication.LegacyReplicationManager (LegacyReplicationManager.java:forceCloseContainer(1108)) - Force closing container #2 with BCSID 54, which is in QUASI_CLOSED state.
2022-10-15 07:44:34,132 [ReplicationMonitor] INFO  replication.LegacyReplicationManager (LegacyReplicationManager.java:sendCloseCommand(1512)) - Sending close container command for container #2 to datanode 35429393-00b4-4ffa-a437-723b6b48652e{ip: 10.1.1.113, host: fv-az204-107.tdy0fjcc0bpubcu1xr20co1pbf.dx.internal.cloudapp.net, ports: [REPLICATION=33503, RATIS=40931, RATIS_ADMIN=40931, RATIS_SERVER=40931, STANDALONE=34035], networkLocation: /default-rack, certSerialId: null, persistedOpState: IN_SERVICE, persistedOpStateExpiryEpochSec: 0}.
2022-10-15 07:44:34,132 [ReplicationMonitor] INFO  replication.LegacyReplicationManager (LegacyReplicationManager.java:sendCloseCommand(1512)) - Sending close container command for container #2 to datanode bef1a67a-597f-44ca-bb4b-ee4a6fc04327{ip: 10.1.1.113, host: fv-az204-107.tdy0fjcc0bpubcu1xr20co1pbf.dx.internal.cloudapp.net, ports: [REPLICATION=46791, RATIS=40411, RATIS_ADMIN=40411, RATIS_SERVER=40411, STANDALONE=40845], networkLocation: /default-rack, certSerialId: null, persistedOpState: ENTERING_MAINTENANCE, persistedOpStateExpiryEpochSec: 0}.
2022-10-15 07:44:34,133 [ReplicationMonitor] INFO  replication.LegacyReplicationManager (LegacyReplicationManager.java:sendCloseCommand(1512)) - Sending close container command for container #2 to datanode a759a49b-3cd3-49e9-826c-16e7b00ba8b7{ip: 10.1.1.113, host: fv-az204-107.tdy0fjcc0bpubcu1xr20co1pbf.dx.internal.cloudapp.net, ports: [REPLICATION=34531, RATIS=42469, RATIS_ADMIN=42469, RATIS_SERVER=42469, STANDALONE=44149], networkLocation: /default-rack, certSerialId: null, persistedOpState: IN_SERVICE, persistedOpStateExpiryEpochSec: 0}.
2022-10-15 07:44:34,133 [ReplicationMonitor] INFO  replication.LegacyReplicationManager (LegacyReplicationManager.java:forceCloseContainer(1108)) - Force closing container #3 with BCSID 46, which is in QUASI_CLOSED state.
2022-10-15 07:44:34,133 [ReplicationMonitor] INFO  replication.LegacyReplicationManager (LegacyReplicationManager.java:sendCloseCommand(1512)) - Sending close container command for container #3 to datanode bef1a67a-597f-44ca-bb4b-ee4a6fc04327{ip: 10.1.1.113, host: fv-az204-107.tdy0fjcc0bpubcu1xr20co1pbf.dx.internal.cloudapp.net, ports: [REPLICATION=46791, RATIS=40411, RATIS_ADMIN=40411, RATIS_SERVER=40411, STANDALONE=40845], networkLocation: /default-rack, certSerialId: null, persistedOpState: ENTERING_MAINTENANCE, persistedOpStateExpiryEpochSec: 0}.
2022-10-15 07:44:34,133 [ReplicationMonitor] INFO  replication.LegacyReplicationManager (LegacyReplicationManager.java:sendCloseCommand(1512)) - Sending close container command for container #3 to datanode a759a49b-3cd3-49e9-826c-16e7b00ba8b7{ip: 10.1.1.113, host: fv-az204-107.tdy0fjcc0bpubcu1xr20co1pbf.dx.internal.cloudapp.net, ports: [REPLICATION=34531, RATIS=42469, RATIS_ADMIN=42469, RATIS_SERVER=42469, STANDALONE=44149], networkLocation: /default-rack, certSerialId: null, persistedOpState: IN_SERVICE, persistedOpStateExpiryEpochSec: 0}.
2022-10-15 07:44:34,133 [ReplicationMonitor] INFO  replication.LegacyReplicationManager (LegacyReplicationManager.java:sendCloseCommand(1512)) - Sending close container command for container #3 to datanode 35429393-00b4-4ffa-a437-723b6b48652e{ip: 10.1.1.113, host: fv-az204-107.tdy0fjcc0bpubcu1xr20co1pbf.dx.internal.cloudapp.net, ports: [REPLICATION=33503, RATIS=40931, RATIS_ADMIN=40931, RATIS_SERVER=40931, STANDALONE=34035], networkLocation: /default-rack, certSerialId: null, persistedOpState: IN_SERVICE, persistedOpStateExpiryEpochSec: 0}.
2022-10-15 07:44:34,133 [ReplicationMonitor] INFO  replication.ReplicationManager (ReplicationManager.java:processAll(324)) - Replication Monitor Thread took 1 milliseconds for processing 6 containers.
2022-10-15 07:44:34,190 [Under Replicated Processor] WARN  replication.ECUnderReplicationHandler (ECUnderReplicationHandler.java:processAndCreateCommands(211)) - Cannot proceed for EC container reconstruction for #7, due to insufficient source replicas found. Number of source replicas needed: 3. Number of available source replicas are: 1. Available sources are: {4=(ContainerReplica{containerID=#7, state=CLOSED, datanodeDetails=9a24ac87-7197-4b23-9992-aedcbee91c34{ip: 10.1.1.113, host: fv-az204-107.tdy0fjcc0bpubcu1xr20co1pbf.dx.internal.cloudapp.net, ports: [REPLICATION=42613, RATIS=43931, RATIS_ADMIN=43931, RATIS_SERVER=43931, STANDALONE=42833], networkLocation: /default-rack, certSerialId: null, persistedOpState: IN_SERVICE, persistedOpStateExpiryEpochSec: 0}, placeOfBirth=9a24ac87-7197-4b23-9992-aedcbee91c34, sequenceId=0, keyCount=4, bytesUsed=76,replicaIndex=4},OperationalState: IN_SERVICE Health: HEALTHY OperationStateExpiry: 0)}
2022-10-15 07:44:34,190 [Over Replicated Processor] INFO  replication.OverReplicatedProcessor (OverReplicatedProcessor.java:processAll(90)) - Processed 0 over replicated containers, failed processing 0
2022-10-15 07:44:34,190 [Under Replicated Processor] WARN  replication.ECUnderReplicationHandler (ECUnderReplicationHandler.java:processAndCreateCommands(258)) - Container #7 is under replicated, but no commands were created to correct it
2022-10-15 07:44:34,192 [Under Replicated Processor] WARN  replication.ECUnderReplicationHandler (ECUnderReplicationHandler.java:processAndCreateCommands(211)) - Cannot proceed for EC container reconstruction for #9, due to insufficient source replicas found. Number of source replicas needed: 3. Number of available source replicas are: 1. Available sources are: {3=(ContainerReplica{containerID=#9, state=CLOSED, datanodeDetails=9a24ac87-7197-4b23-9992-aedcbee91c34{ip: 10.1.1.113, host: fv-az204-107.tdy0fjcc0bpubcu1xr20co1pbf.dx.internal.cloudapp.net, ports: [REPLICATION=42613, RATIS=43931, RATIS_ADMIN=43931, RATIS_SERVER=43931, STANDALONE=42833], networkLocation: /default-rack, certSerialId: null, persistedOpState: IN_SERVICE, persistedOpStateExpiryEpochSec: 0}, placeOfBirth=9a24ac87-7197-4b23-9992-aedcbee91c34, sequenceId=0, keyCount=4, bytesUsed=0,replicaIndex=3},OperationalState: IN_SERVICE Health: HEALTHY OperationStateExpiry: 0)}
2022-10-15 07:44:34,192 [Under Replicated Processor] WARN  replication.ECUnderReplicationHandler (ECUnderReplicationHandler.java:processAndCreateCommands(258)) - Container #9 is under replicated, but no commands were created to correct it
2022-10-15 07:44:34,192 [Under Replicated Processor] WARN  replication.ECUnderReplicationHandler (ECUnderReplicationHandler.java:processAndCreateCommands(211)) - Cannot proceed for EC container reconstruction for #11, due to insufficient source replicas found. Number of source replicas needed: 3. Number of available source replicas are: 1. Available sources are: {4=(ContainerReplica{containerID=#11, state=CLOSED, datanodeDetails=9f678299-4532-47e1-9b54-5ce4850b949b{ip: 10.1.1.113, host: fv-az204-107.tdy0fjcc0bpubcu1xr20co1pbf.dx.internal.cloudapp.net, ports: [REPLICATION=44329, RATIS=40365, RATIS_ADMIN=40365, RATIS_SERVER=40365, STANDALONE=34101], networkLocation: /default-rack, certSerialId: null, persistedOpState: IN_SERVICE, persistedOpStateExpiryEpochSec: 0}, placeOfBirth=9f678299-4532-47e1-9b54-5ce4850b949b, sequenceId=0, keyCount=4, bytesUsed=76,replicaIndex=4},OperationalState: IN_SERVICE Health: HEALTHY OperationStateExpiry: 0)}
2022-10-15 07:44:34,192 [Under Replicated Processor] WARN  replication.ECUnderReplicationHandler (ECUnderReplicationHandler.java:processAndCreateCommands(258)) - Container #11 is under replicated, but no commands were created to correct it
2022-10-15 07:44:34,193 [Under Replicated Processor] WARN  replication.ECUnderReplicationHandler (ECUnderReplicationHandler.java:processAndCreateCommands(211)) - Cannot proceed for EC container reconstruction for #8, due to insufficient source replicas found. Number of source replicas needed: 3. Number of available source replicas are: 2. Available sources are: {3=(ContainerReplica{containerID=#8, state=CLOSED, datanodeDetails=9a24ac87-7197-4b23-9992-aedcbee91c34{ip: 10.1.1.113, host: fv-az204-107.tdy0fjcc0bpubcu1xr20co1pbf.dx.internal.cloudapp.net, ports: [REPLICATION=42613, RATIS=43931, RATIS_ADMIN=43931, RATIS_SERVER=43931, STANDALONE=42833], networkLocation: /default-rack, certSerialId: null, persistedOpState: IN_SERVICE, persistedOpStateExpiryEpochSec: 0}, placeOfBirth=9a24ac87-7197-4b23-9992-aedcbee91c34, sequenceId=0, keyCount=3, bytesUsed=0,replicaIndex=3},OperationalState: IN_SERVICE Health: HEALTHY OperationStateExpiry: 0), 4=(ContainerReplica{containerID=#8, state=CLOSED, datanodeDetails=9f678299-4532-47e1-9b54-5ce4850b949b{ip: 10.1.1.113, host: fv-az204-107.tdy0fjcc0bpubcu1xr20co1pbf.dx.internal.cloudapp.net, ports: [REPLICATION=44329, RATIS=40365, RATIS_ADMIN=40365, RATIS_SERVER=40365, STANDALONE=34101], networkLocation: /default-rack, certSerialId: null, persistedOpState: IN_SERVICE, persistedOpStateExpiryEpochSec: 0}, placeOfBirth=9f678299-4532-47e1-9b54-5ce4850b949b, sequenceId=0, keyCount=3, bytesUsed=57,replicaIndex=4},OperationalState: IN_SERVICE Health: HEALTHY OperationStateExpiry: 0)}
2022-10-15 07:44:34,193 [Under Replicated Processor] WARN  replication.ECUnderReplicationHandler (ECUnderReplicationHandler.java:processAndCreateCommands(258)) - Container #8 is under replicated, but no commands were created to correct it
2022-10-15 07:44:34,193 [Under Replicated Processor] INFO  replication.UnderReplicatedProcessor (UnderReplicatedProcessor.java:processAll(92)) - Processed 4 under replicated containers, failed processing 0
2022-10-15 07:44:34,229 [ReplicationMonitor] INFO  replication.LegacyReplicationManager (LegacyReplicationManager.java:sendCloseCommand(1512)) - Sending close container command for container #2 to datanode 9a24ac87-7197-4b23-9992-aedcbee91c34{ip: 10.1.1.113, host: fv-az204-107.tdy0fjcc0bpubcu1xr20co1pbf.dx.internal.cloudapp.net, ports: [REPLICATION=42613, RATIS=43931, RATIS_ADMIN=43931, RATIS_SERVER=43931, STANDALONE=42833], networkLocation: /default-rack, certSerialId: null, persistedOpState: IN_SERVICE, persistedOpStateExpiryEpochSec: 0}.
2022-10-15 07:44:34,229 [ReplicationMonitor] INFO  replication.LegacyReplicationManager (LegacyReplicationManager.java:sendCloseCommand(1512)) - Sending close container command for container #2 to datanode d26a0d60-6788-4f19-88c8-825bcaa82edc{ip: 10.1.1.113, host: fv-az204-107.tdy0fjcc0bpubcu1xr20co1pbf.dx.internal.cloudapp.net, ports: [REPLICATION=42509, RATIS=34309, RATIS_ADMIN=34309, RATIS_SERVER=34309, STANDALONE=40785], networkLocation: /default-rack, certSerialId: null, persistedOpState: IN_SERVICE, persistedOpStateExpiryEpochSec: 0}.
2022-10-15 07:44:34,229 [ReplicationMonitor] INFO  replication.LegacyReplicationManager (LegacyReplicationManager.java:sendCloseCommand(1512)) - Sending close container command for container #3 to datanode d26a0d60-6788-4f19-88c8-825bcaa82edc{ip: 10.1.1.113, host: fv-az204-107.tdy0fjcc0bpubcu1xr20co1pbf.dx.internal.cloudapp.net, ports: [REPLICATION=42509, RATIS=34309, RATIS_ADMIN=34309, RATIS_SERVER=34309, STANDALONE=40785], networkLocation: /default-rack, certSerialId: null, persistedOpState: IN_SERVICE, persistedOpStateExpiryEpochSec: 0}.
2022-10-15 07:44:34,229 [ReplicationMonitor] INFO  replication.LegacyReplicationManager (LegacyReplicationManager.java:sendCloseCommand(1512)) - Sending close container command for container #3 to datanode 9a24ac87-7197-4b23-9992-aedcbee91c34{ip: 10.1.1.113, host: fv-az204-107.tdy0fjcc0bpubcu1xr20co1pbf.dx.internal.cloudapp.net, ports: [REPLICATION=42613, RATIS=43931, RATIS_ADMIN=43931, RATIS_SERVER=43931, STANDALONE=42833], networkLocation: /default-rack, certSerialId: null, persistedOpState: IN_SERVICE, persistedOpStateExpiryEpochSec: 0}.
2022-10-15 07:44:34,229 [ReplicationMonitor] INFO  replication.LegacyReplicationManager (LegacyReplicationManager.java:sendCloseCommand(1512)) - Sending close container command for container #5 to datanode d26a0d60-6788-4f19-88c8-825bcaa82edc{ip: 10.1.1.113, host: fv-az204-107.tdy0fjcc0bpubcu1xr20co1pbf.dx.internal.cloudapp.net, ports: [REPLICATION=42509, RATIS=34309, RATIS_ADMIN=34309, RATIS_SERVER=34309, STANDALONE=40785], networkLocation: /default-rack, certSerialId: null, persistedOpState: IN_SERVICE, persistedOpStateExpiryEpochSec: 0}.
2022-10-15 07:44:34,229 [ReplicationMonitor] INFO  replication.LegacyReplicationManager (LegacyReplicationManager.java:sendCloseCommand(1512)) - Sending close container command for container #5 to datanode 9a24ac87-7197-4b23-9992-aedcbee91c34{ip: 10.1.1.113, host: fv-az204-107.tdy0fjcc0bpubcu1xr20co1pbf.dx.internal.cloudapp.net, ports: [REPLICATION=42613, RATIS=43931, RATIS_ADMIN=43931, RATIS_SERVER=43931, STANDALONE=42833], networkLocation: /default-rack, certSerialId: null, persistedOpState: IN_SERVICE, persistedOpStateExpiryEpochSec: 0}.
2022-10-15 07:44:34,229 [ReplicationMonitor] INFO  replication.ReplicationManager (ReplicationManager.java:sendCloseContainerReplicaCommand(467)) - Sending close container command for container #10 to datanode 1a927d95-9689-4ae2-94aa-466101e25ef1{ip: 10.1.1.113, host: fv-az204-107.tdy0fjcc0bpubcu1xr20co1pbf.dx.internal.cloudapp.net, ports: [REPLICATION=41339, RATIS=33377, RATIS_ADMIN=33377, RATIS_SERVER=33377, STANDALONE=35429], networkLocation: /default-rack, certSerialId: null, persistedOpState: IN_SERVICE, persistedOpStateExpiryEpochSec: 0}.
2022-10-15 07:44:34,229 [ReplicationMonitor] INFO  replication.ReplicationManager (ReplicationManager.java:processAll(324)) - Replication Monitor Thread took 1 milliseconds for processing 11 containers.
2022-10-15 07:44:34,316 [EventQueue-StaleNodeForStaleNodeHandler] INFO  node.StaleNodeHandler (StaleNodeHandler.java:onMessage(59)) - Datanode 9f678299-4532-47e1-9b54-5ce4850b949b{ip: 10.1.1.113, host: fv-az204-107.tdy0fjcc0bpubcu1xr20co1pbf.dx.internal.cloudapp.net, ports: [REPLICATION=44329, RATIS=40365, RATIS_ADMIN=40365, RATIS_SERVER=40365, STANDALONE=34101], networkLocation: /default-rack, certSerialId: null, persistedOpState: IN_SERVICE, persistedOpStateExpiryEpochSec: 0} moved to stale state. Finalizing its pipelines [PipelineID=5f6269e7-8121-4f19-ac74-bfd889d9570d]
2022-10-15 07:44:34,316 [EventQueue-StaleNodeForStaleNodeHandler] INFO  pipeline.PipelineManagerImpl (PipelineManagerImpl.java:closePipeline(442)) - Pipeline Pipeline[ Id: 5f6269e7-8121-4f19-ac74-bfd889d9570d, Nodes: 9f678299-4532-47e1-9b54-5ce4850b949b{ip: 10.1.1.113, host: fv-az204-107.tdy0fjcc0bpubcu1xr20co1pbf.dx.internal.cloudapp.net, ports: [REPLICATION=44329, RATIS=40365, RATIS_ADMIN=40365, RATIS_SERVER=40365, STANDALONE=34101], networkLocation: /default-rack, certSerialId: null, persistedOpState: IN_SERVICE, persistedOpStateExpiryEpochSec: 0}, ReplicationConfig: RATIS/ONE, State:OPEN, leaderId:9f678299-4532-47e1-9b54-5ce4850b949b, CreationTimestamp2022-10-15T07:42:36.824Z[Etc/UTC]] moved to CLOSED state
2022-10-15 07:44:34,359 [EndpointStateMachine task thread for /0.0.0.0:35863 - 0 ] INFO  volume.HddsVolume (HddsVolume.java:createDbStore(307)) - SchemaV3 db is created and loaded at /home/runner/work/ozone/ozone/hadoop-ozone/integration-test/target/test-dir/MiniOzoneClusterImpl-0c55ea5e-da39-43b3-be52-3d6e56a90e90/datanode-4/data-0/containers/hdds/0c55ea5e-da39-43b3-be52-3d6e56a90e90/DS-be63d31d-26c3-418c-bedb-6dd92006cfeb/container.db for volume DS-be63d31d-26c3-418c-bedb-6dd92006cfeb
2022-10-15 07:44:34,359 [EndpointStateMachine task thread for /0.0.0.0:35863 - 0 ] INFO  volume.HddsVolume (HddsVolume.java:closeDbStore(338)) - SchemaV3 db is stopped at /home/runner/work/ozone/ozone/hadoop-ozone/integration-test/target/test-dir/MiniOzoneClusterImpl-0c55ea5e-da39-43b3-be52-3d6e56a90e90/datanode-4/data-0/containers/hdds/0c55ea5e-da39-43b3-be52-3d6e56a90e90/DS-be63d31d-26c3-418c-bedb-6dd92006cfeb/container.db for volume DS-be63d31d-26c3-418c-bedb-6dd92006cfeb
2022-10-15 07:44:34,359 [EndpointStateMachine task thread for /0.0.0.0:35863 - 0 ] INFO  ozoneimpl.OzoneContainer (OzoneContainer.java:start(378)) - Attempting to start container services.
2022-10-15 07:44:34,359 [EndpointStateMachine task thread for /0.0.0.0:35863 - 0 ] INFO  ozoneimpl.OzoneContainer (OzoneContainer.java:startContainerScrub(313)) - Background container scanner has been disabled.
2022-10-15 07:44:34,360 [EndpointStateMachine task thread for /0.0.0.0:35863 - 0 ] INFO  replication.ReplicationServer (ReplicationServer.java:start(111)) - ReplicationServer is started using port 45455
2022-10-15 07:44:34,363 [EndpointStateMachine task thread for /0.0.0.0:35863 - 0 ] INFO  ratis.XceiverServerRatis (XceiverServerRatis.java:start(481)) - Starting XceiverServerRatis ed0c9528-2c8b-4614-9eef-2d120a058ddc
2022-10-15 07:44:34,365 [EndpointStateMachine task thread for /0.0.0.0:35863 - 0 ] INFO  server.RaftServer (RaftServerProxy.java:lambda$start$6(382)) - ed0c9528-2c8b-4614-9eef-2d120a058ddc: start RPC server
2022-10-15 07:44:34,366 [EndpointStateMachine task thread for /0.0.0.0:35863 - 0 ] INFO  server.GrpcService (GrpcService.java:startImpl(260)) - ed0c9528-2c8b-4614-9eef-2d120a058ddc: GrpcService started, listening on 42731
2022-10-15 07:44:34,366 [EndpointStateMachine task thread for /0.0.0.0:35863 - 0 ] INFO  ratis.XceiverServerRatis (XceiverServerRatis.java:getRealPort(502)) - XceiverServerRatis ed0c9528-2c8b-4614-9eef-2d120a058ddc is started using port 42731 for RATIS
2022-10-15 07:44:34,366 [EndpointStateMachine task thread for /0.0.0.0:35863 - 0 ] INFO  ratis.XceiverServerRatis (XceiverServerRatis.java:getRealPort(502)) - XceiverServerRatis ed0c9528-2c8b-4614-9eef-2d120a058ddc is started using port 42731 for RATIS_ADMIN
2022-10-15 07:44:34,366 [org.apache.ratis.util.JvmPauseMonitor$$Lambda$718/783493338@1225adfb] INFO  util.JvmPauseMonitor (JvmPauseMonitor.java:run(103)) - JvmPauseMonitor-ed0c9528-2c8b-4614-9eef-2d120a058ddc: Started
2022-10-15 07:44:34,366 [EndpointStateMachine task thread for /0.0.0.0:35863 - 0 ] INFO  ratis.XceiverServerRatis (XceiverServerRatis.java:getRealPort(502)) - XceiverServerRatis ed0c9528-2c8b-4614-9eef-2d120a058ddc is started using port 42731 for RATIS_SERVER
2022-10-15 07:44:34,367 [EndpointStateMachine task thread for /0.0.0.0:35863 - 0 ] INFO  server.XceiverServerGrpc (XceiverServerGrpc.java:start(180)) - XceiverServerGrpc ed0c9528-2c8b-4614-9eef-2d120a058ddc is started using port 46663
2022-10-15 07:44:34,390 [Over Replicated Processor] INFO  replication.OverReplicatedProcessor (OverReplicatedProcessor.java:processAll(90)) - Processed 0 over replicated containers, failed processing 0
2022-10-15 07:44:34,390 [Under Replicated Processor] INFO  replication.UnderReplicatedProcessor (UnderReplicatedProcessor.java:processAll(92)) - Processed 0 under replicated containers, failed processing 0
2022-10-15 07:44:34,391 [ReplicationMonitor] INFO  replication.ReplicationManager (ReplicationManager.java:processAll(324)) - Replication Monitor Thread took 0 milliseconds for processing 0 containers.
2022-10-15 07:44:34,596 [ReplicationMonitor] INFO  replication.ReplicationManager (ReplicationManager.java:processAll(291)) - Replication Manager is not ready to run until 3000ms after safemode exit
2022-10-15 07:44:34,628 [IPC Server handler 6 on default port 35863] INFO  net.NetworkTopologyImpl (NetworkTopologyImpl.java:add(112)) - Added a new node: /default-rack/abd8e8e1-9e09-4ec0-a897-8fd48f6e99a3
2022-10-15 07:44:34,628 [IPC Server handler 6 on default port 35863] INFO  node.SCMNodeManager (SCMNodeManager.java:register(397)) - Registered Data node : abd8e8e1-9e09-4ec0-a897-8fd48f6e99a3{ip: 10.1.1.113, host: fv-az204-107.tdy0fjcc0bpubcu1xr20co1pbf.dx.internal.cloudapp.net, ports: [REPLICATION=40991, RATIS=44465, RATIS_ADMIN=44465, RATIS_SERVER=44465, STANDALONE=35253], networkLocation: /default-rack, certSerialId: null, persistedOpState: null, persistedOpStateExpiryEpochSec: 0}
2022-10-15 07:44:34,632 [EventQueue-NewNodeForNewNodeHandler] INFO  pipeline.BackgroundPipelineCreator (BackgroundPipelineCreator.java:notifyEventTriggered(276)) - trigger a one-shot run on RatisPipelineUtilsThread.
2022-10-15 07:44:34,633 [EventQueue-PipelineReportForOneReplicaPipelineSafeModeRule] INFO  safemode.SCMSafeModeManager (SCMSafeModeManager.java:validateSafeModeExitRules(204)) - AtleastOneDatanodeReportedRule rule is successfully validated
2022-10-15 07:44:34,633 [RatisPipelineUtilsThread - 0] INFO  pipeline.RatisPipelineProvider (RatisPipelineProvider.java:lambda$create$0(195)) - Sending CreatePipelineCommand for pipeline:PipelineID=fea20b7c-a6a4-4688-805c-b8ad8183d604 to datanode:abd8e8e1-9e09-4ec0-a897-8fd48f6e99a3
2022-10-15 07:44:34,633 [EventQueue-NodeRegistrationContainerReportForDataNodeSafeModeRule] INFO  safemode.SCMSafeModeManager (DataNodeSafeModeRule.java:process(71)) - SCM in safe mode. 1 DataNodes registered, 3 required.
2022-10-15 07:44:34,633 [RatisPipelineUtilsThread - 0] INFO  pipeline.PipelineStateManagerImpl (PipelineStateManagerImpl.java:addPipeline(103)) - Created pipeline Pipeline[ Id: fea20b7c-a6a4-4688-805c-b8ad8183d604, Nodes: abd8e8e1-9e09-4ec0-a897-8fd48f6e99a3{ip: 10.1.1.113, host: fv-az204-107.tdy0fjcc0bpubcu1xr20co1pbf.dx.internal.cloudapp.net, ports: [REPLICATION=40991, RATIS=44465, RATIS_ADMIN=44465, RATIS_SERVER=44465, STANDALONE=35253], networkLocation: /default-rack, certSerialId: null, persistedOpState: IN_SERVICE, persistedOpStateExpiryEpochSec: 0}, ReplicationConfig: RATIS/ONE, State:ALLOCATED, leaderId:, CreationTimestamp2022-10-15T07:44:34.633Z[Etc/UTC]].
2022-10-15 07:44:34,637 [EventQueue-NodeRegistrationContainerReportForContainerSafeModeRule] INFO  safemode.SCMSafeModeManager (SCMSafeModeManager.java:validateSafeModeExitRules(204)) - ContainerSafeModeRule rule is successfully validated
2022-10-15 07:44:34,650 [DatanodeAdminManager-0] INFO  node.DatanodeAdminMonitorImpl (DatanodeAdminMonitorImpl.java:checkContainersReplicatedOnNode(317)) - Unhealthy Container #1 Container State: CLOSED Replica Count: 3 Healthy Count: 2 Decommission Count: 0 Maintenance Count: 1 inFlightAdd Count: 0 inFightDel Count: 0 ReplicationFactor: 3 minMaintenance Count: 2; Replicas{ContainerReplica{containerID=#1, state=QUASI_CLOSED, datanodeDetails=bef1a67a-597f-44ca-bb4b-ee4a6fc04327{ip: 10.1.1.113, host: fv-az204-107.tdy0fjcc0bpubcu1xr20co1pbf.dx.internal.cloudapp.net, ports: [REPLICATION=46791, RATIS=40411, RATIS_ADMIN=40411, RATIS_SERVER=40411, STANDALONE=40845], networkLocation: /default-rack, certSerialId: null, persistedOpState: ENTERING_MAINTENANCE, persistedOpStateExpiryEpochSec: 0}, placeOfBirth=bef1a67a-597f-44ca-bb4b-ee4a6fc04327, sequenceId=50, keyCount=5, bytesUsed=95},ContainerReplica{containerID=#1, state=CLOSED, datanodeDetails=a759a49b-3cd3-49e9-826c-16e7b00ba8b7{ip: 10.1.1.113, host: fv-az204-107.tdy0fjcc0bpubcu1xr20co1pbf.dx.internal.cloudapp.net, ports: [REPLICATION=34531, RATIS=42469, RATIS_ADMIN=42469, RATIS_SERVER=42469, STANDALONE=44149], networkLocation: /default-rack, certSerialId: null, persistedOpState: IN_SERVICE, persistedOpStateExpiryEpochSec: 0}, placeOfBirth=a759a49b-3cd3-49e9-826c-16e7b00ba8b7, sequenceId=50, keyCount=5, bytesUsed=95},ContainerReplica{containerID=#1, state=QUASI_CLOSED, datanodeDetails=35429393-00b4-4ffa-a437-723b6b48652e{ip: 10.1.1.113, host: fv-az204-107.tdy0fjcc0bpubcu1xr20co1pbf.dx.internal.cloudapp.net, ports: [REPLICATION=33503, RATIS=40931, RATIS_ADMIN=40931, RATIS_SERVER=40931, STANDALONE=34035], networkLocation: /default-rack, certSerialId: null, persistedOpState: IN_SERVICE, persistedOpStateExpiryEpochSec: 0}, placeOfBirth=35429393-00b4-4ffa-a437-723b6b48652e, sequenceId=50, keyCount=5, bytesUsed=95}}
2022-10-15 07:44:34,650 [DatanodeAdminManager-0] INFO  node.DatanodeAdminMonitorImpl (DatanodeAdminMonitorImpl.java:checkContainersReplicatedOnNode(327)) - bef1a67a-597f-44ca-bb4b-ee4a6fc04327{ip: 10.1.1.113, host: fv-az204-107.tdy0fjcc0bpubcu1xr20co1pbf.dx.internal.cloudapp.net, ports: [REPLICATION=46791, RATIS=40411, RATIS_ADMIN=40411, RATIS_SERVER=40411, STANDALONE=40845], networkLocation: /default-rack, certSerialId: null, persistedOpState: ENTERING_MAINTENANCE, persistedOpStateExpiryEpochSec: 0} has 3 sufficientlyReplicated, 0 underReplicated and 1 unhealthy containers
2022-10-15 07:44:34,650 [DatanodeAdminManager-0] INFO  node.DatanodeAdminMonitorImpl (DatanodeAdminMonitorImpl.java:run(148)) - There are 1 nodes tracked for decommission and maintenance. 0 pending nodes.
2022-10-15 07:44:34,739 [EndpointStateMachine task thread for /0.0.0.0:35863 - 0 ] INFO  volume.HddsVolume (HddsVolume.java:createDbStore(307)) - SchemaV3 db is created and loaded at /home/runner/work/ozone/ozone/hadoop-ozone/integration-test/target/test-dir/MiniOzoneClusterImpl-0c55ea5e-da39-43b3-be52-3d6e56a90e90/datanode-5/data-0/containers/hdds/0c55ea5e-da39-43b3-be52-3d6e56a90e90/DS-45c61bc9-dc96-4992-afda-0c241b473958/container.db for volume DS-45c61bc9-dc96-4992-afda-0c241b473958
2022-10-15 07:44:34,740 [EndpointStateMachine task thread for /0.0.0.0:35863 - 0 ] INFO  volume.HddsVolume (HddsVolume.java:closeDbStore(338)) - SchemaV3 db is stopped at /home/runner/work/ozone/ozone/hadoop-ozone/integration-test/target/test-dir/MiniOzoneClusterImpl-0c55ea5e-da39-43b3-be52-3d6e56a90e90/datanode-5/data-0/containers/hdds/0c55ea5e-da39-43b3-be52-3d6e56a90e90/DS-45c61bc9-dc96-4992-afda-0c241b473958/container.db for volume DS-45c61bc9-dc96-4992-afda-0c241b473958
2022-10-15 07:44:34,740 [EndpointStateMachine task thread for /0.0.0.0:35863 - 0 ] INFO  ozoneimpl.OzoneContainer (OzoneContainer.java:start(378)) - Attempting to start container services.
2022-10-15 07:44:34,740 [EndpointStateMachine task thread for /0.0.0.0:35863 - 0 ] INFO  ozoneimpl.OzoneContainer (OzoneContainer.java:startContainerScrub(313)) - Background container scanner has been disabled.
2022-10-15 07:44:34,741 [EndpointStateMachine task thread for /0.0.0.0:35863 - 0 ] INFO  replication.ReplicationServer (ReplicationServer.java:start(111)) - ReplicationServer is started using port 45381
2022-10-15 07:44:34,744 [EndpointStateMachine task thread for /0.0.0.0:35863 - 0 ] INFO  ratis.XceiverServerRatis (XceiverServerRatis.java:start(481)) - Starting XceiverServerRatis 8734203a-70d5-40c1-ad48-a2d447aaef1c
2022-10-15 07:44:34,746 [EndpointStateMachine task thread for /0.0.0.0:35863 - 0 ] INFO  server.RaftServer (RaftServerProxy.java:lambda$start$6(382)) - 8734203a-70d5-40c1-ad48-a2d447aaef1c: start RPC server
2022-10-15 07:44:34,747 [EndpointStateMachine task thread for /0.0.0.0:35863 - 0 ] INFO  server.GrpcService (GrpcService.java:startImpl(260)) - 8734203a-70d5-40c1-ad48-a2d447aaef1c: GrpcService started, listening on 36199
2022-10-15 07:44:34,747 [EndpointStateMachine task thread for /0.0.0.0:35863 - 0 ] INFO  ratis.XceiverServerRatis (XceiverServerRatis.java:getRealPort(502)) - XceiverServerRatis 8734203a-70d5-40c1-ad48-a2d447aaef1c is started using port 36199 for RATIS
2022-10-15 07:44:34,747 [EndpointStateMachine task thread for /0.0.0.0:35863 - 0 ] INFO  ratis.XceiverServerRatis (XceiverServerRatis.java:getRealPort(502)) - XceiverServerRatis 8734203a-70d5-40c1-ad48-a2d447aaef1c is started using port 36199 for RATIS_ADMIN
2022-10-15 07:44:34,747 [org.apache.ratis.util.JvmPauseMonitor$$Lambda$718/783493338@376a20cf] INFO  util.JvmPauseMonitor (JvmPauseMonitor.java:run(103)) - JvmPauseMonitor-8734203a-70d5-40c1-ad48-a2d447aaef1c: Started
2022-10-15 07:44:34,747 [EndpointStateMachine task thread for /0.0.0.0:35863 - 0 ] INFO  ratis.XceiverServerRatis (XceiverServerRatis.java:getRealPort(502)) - XceiverServerRatis 8734203a-70d5-40c1-ad48-a2d447aaef1c is started using port 36199 for RATIS_SERVER
2022-10-15 07:44:34,748 [EndpointStateMachine task thread for /0.0.0.0:35863 - 0 ] INFO  server.XceiverServerGrpc (XceiverServerGrpc.java:start(180)) - XceiverServerGrpc 8734203a-70d5-40c1-ad48-a2d447aaef1c is started using port 41975
2022-10-15 07:44:35,010 [Listener at 127.0.0.1/40173] INFO  ozone.MiniOzoneClusterImpl (MiniOzoneClusterImpl.java:lambda$waitForClusterToBeReady$0(216)) - Waiting for nodes to be ready. Got 1 of 7 DN Heartbeats.
2022-10-15 07:44:35,010 [Listener at 127.0.0.1/40173] INFO  ozone.MiniOzoneClusterImpl (MiniOzoneClusterImpl.java:lambda$waitForClusterToBeReady$0(219)) - Waiting for cluster to exit safe mode
2022-10-15 07:44:35,010 [Listener at 127.0.0.1/40173] INFO  ozone.MiniOzoneClusterImpl (MiniOzoneClusterImpl.java:lambda$waitForClusterToBeReady$0(221)) - SCM became leader
2022-10-15 07:44:35,017 [EventQueue-DeadNodeForDeadNodeHandler] INFO  node.DeadNodeHandler (DeadNodeHandler.java:onMessage(81)) - A dead datanode is detected. 8ac05ecf-5505-4afd-87c5-f9065cf10d1e{ip: 10.1.1.113, host: fv-az204-107.tdy0fjcc0bpubcu1xr20co1pbf.dx.internal.cloudapp.net, ports: [REPLICATION=39079, RATIS=45707, RATIS_ADMIN=45707, RATIS_SERVER=45707, STANDALONE=34163], networkLocation: /default-rack, certSerialId: null, persistedOpState: IN_SERVICE, persistedOpStateExpiryEpochSec: 0}
2022-10-15 07:44:35,017 [EventQueue-DeadNodeForDeadNodeHandler] INFO  pipeline.RatisPipelineProvider (RatisPipelineProvider.java:lambda$close$1(244)) - Send pipeline:PipelineID=b53caddf-e123-4060-8d4f-d6e0f4661807 close command to datanode 8ac05ecf-5505-4afd-87c5-f9065cf10d1e
2022-10-15 07:44:35,017 [EventQueue-DeadNodeForDeadNodeHandler] INFO  pipeline.PipelineStateManagerImpl (PipelineStateManagerImpl.java:removePipeline(245)) - Pipeline Pipeline[ Id: b53caddf-e123-4060-8d4f-d6e0f4661807, Nodes: 8ac05ecf-5505-4afd-87c5-f9065cf10d1e{ip: 10.1.1.113, host: fv-az204-107.tdy0fjcc0bpubcu1xr20co1pbf.dx.internal.cloudapp.net, ports: [REPLICATION=39079, RATIS=45707, RATIS_ADMIN=45707, RATIS_SERVER=45707, STANDALONE=34163], networkLocation: /default-rack, certSerialId: null, persistedOpState: IN_MAINTENANCE, persistedOpStateExpiryEpochSec: 0}, ReplicationConfig: RATIS/ONE, State:CLOSED, leaderId:8ac05ecf-5505-4afd-87c5-f9065cf10d1e, CreationTimestamp2022-10-15T07:44:26.122Z[Etc/UTC]] removed.
2022-10-15 07:44:35,018 [EventQueue-DeadNodeForDeadNodeHandler] INFO  net.NetworkTopologyImpl (NetworkTopologyImpl.java:remove(190)) - Removed a node: /default-rack/8ac05ecf-5505-4afd-87c5-f9065cf10d1e
2022-10-15 07:44:35,018 [EventQueue-DeadNodeForDeadNodeHandler] INFO  node.DeadNodeHandler (DeadNodeHandler.java:onMessage(81)) - A dead datanode is detected. d26a0d60-6788-4f19-88c8-825bcaa82edc{ip: 10.1.1.113, host: fv-az204-107.tdy0fjcc0bpubcu1xr20co1pbf.dx.internal.cloudapp.net, ports: [REPLICATION=42509, RATIS=34309, RATIS_ADMIN=34309, RATIS_SERVER=34309, STANDALONE=40785], networkLocation: /default-rack, certSerialId: null, persistedOpState: IN_SERVICE, persistedOpStateExpiryEpochSec: 0}
2022-10-15 07:44:35,018 [EventQueue-DeadNodeForDeadNodeHandler] INFO  pipeline.RatisPipelineProvider (RatisPipelineProvider.java:lambda$close$1(244)) - Send pipeline:PipelineID=91f1f764-e69d-4dcf-8a48-77e47751060a close command to datanode d26a0d60-6788-4f19-88c8-825bcaa82edc
2022-10-15 07:44:35,018 [EventQueue-DeadNodeForDeadNodeHandler] INFO  pipeline.PipelineStateManagerImpl (PipelineStateManagerImpl.java:removePipeline(245)) - Pipeline Pipeline[ Id: 91f1f764-e69d-4dcf-8a48-77e47751060a, Nodes: d26a0d60-6788-4f19-88c8-825bcaa82edc{ip: 10.1.1.113, host: fv-az204-107.tdy0fjcc0bpubcu1xr20co1pbf.dx.internal.cloudapp.net, ports: [REPLICATION=42509, RATIS=34309, RATIS_ADMIN=34309, RATIS_SERVER=34309, STANDALONE=40785], networkLocation: /default-rack, certSerialId: null, persistedOpState: IN_SERVICE, persistedOpStateExpiryEpochSec: 0}, ReplicationConfig: RATIS/ONE, State:CLOSED, leaderId:d26a0d60-6788-4f19-88c8-825bcaa82edc, CreationTimestamp2022-10-15T07:42:38.185Z[Etc/UTC]] removed.
2022-10-15 07:44:35,018 [EventQueue-DeadNodeForDeadNodeHandler] INFO  net.NetworkTopologyImpl (NetworkTopologyImpl.java:remove(190)) - Removed a node: /default-rack/d26a0d60-6788-4f19-88c8-825bcaa82edc
2022-10-15 07:44:35,055 [EndpointStateMachine task thread for /0.0.0.0:35863 - 0 ] INFO  volume.HddsVolume (HddsVolume.java:createDbStore(307)) - SchemaV3 db is created and loaded at /home/runner/work/ozone/ozone/hadoop-ozone/integration-test/target/test-dir/MiniOzoneClusterImpl-0c55ea5e-da39-43b3-be52-3d6e56a90e90/datanode-6/data-0/containers/hdds/0c55ea5e-da39-43b3-be52-3d6e56a90e90/DS-b970dc98-6c42-4bf3-90ca-31db97ace856/container.db for volume DS-b970dc98-6c42-4bf3-90ca-31db97ace856
2022-10-15 07:44:35,055 [EndpointStateMachine task thread for /0.0.0.0:35863 - 0 ] INFO  volume.HddsVolume (HddsVolume.java:closeDbStore(338)) - SchemaV3 db is stopped at /home/runner/work/ozone/ozone/hadoop-ozone/integration-test/target/test-dir/MiniOzoneClusterImpl-0c55ea5e-da39-43b3-be52-3d6e56a90e90/datanode-6/data-0/containers/hdds/0c55ea5e-da39-43b3-be52-3d6e56a90e90/DS-b970dc98-6c42-4bf3-90ca-31db97ace856/container.db for volume DS-b970dc98-6c42-4bf3-90ca-31db97ace856
2022-10-15 07:44:35,055 [EndpointStateMachine task thread for /0.0.0.0:35863 - 0 ] INFO  ozoneimpl.OzoneContainer (OzoneContainer.java:start(378)) - Attempting to start container services.
2022-10-15 07:44:35,055 [EndpointStateMachine task thread for /0.0.0.0:35863 - 0 ] INFO  ozoneimpl.OzoneContainer (OzoneContainer.java:startContainerScrub(313)) - Background container scanner has been disabled.
2022-10-15 07:44:35,056 [EndpointStateMachine task thread for /0.0.0.0:35863 - 0 ] INFO  replication.ReplicationServer (ReplicationServer.java:start(111)) - ReplicationServer is started using port 41129
2022-10-15 07:44:35,059 [EndpointStateMachine task thread for /0.0.0.0:35863 - 0 ] INFO  ratis.XceiverServerRatis (XceiverServerRatis.java:start(481)) - Starting XceiverServerRatis c53e9dec-04d8-4017-ae1e-e704ed095001
2022-10-15 07:44:35,062 [EndpointStateMachine task thread for /0.0.0.0:35863 - 0 ] INFO  server.RaftServer (RaftServerProxy.java:lambda$start$6(382)) - c53e9dec-04d8-4017-ae1e-e704ed095001: start RPC server
2022-10-15 07:44:35,062 [EndpointStateMachine task thread for /0.0.0.0:35863 - 0 ] INFO  server.GrpcService (GrpcService.java:startImpl(260)) - c53e9dec-04d8-4017-ae1e-e704ed095001: GrpcService started, listening on 43027
2022-10-15 07:44:35,062 [EndpointStateMachine task thread for /0.0.0.0:35863 - 0 ] INFO  ratis.XceiverServerRatis (XceiverServerRatis.java:getRealPort(502)) - XceiverServerRatis c53e9dec-04d8-4017-ae1e-e704ed095001 is started using port 43027 for RATIS
2022-10-15 07:44:35,062 [EndpointStateMachine task thread for /0.0.0.0:35863 - 0 ] INFO  ratis.XceiverServerRatis (XceiverServerRatis.java:getRealPort(502)) - XceiverServerRatis c53e9dec-04d8-4017-ae1e-e704ed095001 is started using port 43027 for RATIS_ADMIN
2022-10-15 07:44:35,062 [EndpointStateMachine task thread for /0.0.0.0:35863 - 0 ] INFO  ratis.XceiverServerRatis (XceiverServerRatis.java:getRealPort(502)) - XceiverServerRatis c53e9dec-04d8-4017-ae1e-e704ed095001 is started using port 43027 for RATIS_SERVER
2022-10-15 07:44:35,063 [org.apache.ratis.util.JvmPauseMonitor$$Lambda$718/783493338@608698] INFO  util.JvmPauseMonitor (JvmPauseMonitor.java:run(103)) - JvmPauseMonitor-c53e9dec-04d8-4017-ae1e-e704ed095001: Started
2022-10-15 07:44:35,063 [EndpointStateMachine task thread for /0.0.0.0:35863 - 0 ] INFO  server.XceiverServerGrpc (XceiverServerGrpc.java:start(180)) - XceiverServerGrpc c53e9dec-04d8-4017-ae1e-e704ed095001 is started using port 42671
2022-10-15 07:44:35,120 [IPC Server handler 6 on default port 35863] INFO  net.NetworkTopologyImpl (NetworkTopologyImpl.java:add(112)) - Added a new node: /default-rack/8dac584f-6024-4576-b5a3-2bef0f48735e
2022-10-15 07:44:35,120 [IPC Server handler 6 on default port 35863] INFO  node.SCMNodeManager (SCMNodeManager.java:register(397)) - Registered Data node : 8dac584f-6024-4576-b5a3-2bef0f48735e{ip: 10.1.1.113, host: fv-az204-107.tdy0fjcc0bpubcu1xr20co1pbf.dx.internal.cloudapp.net, ports: [REPLICATION=42387, RATIS=35155, RATIS_ADMIN=35155, RATIS_SERVER=35155, STANDALONE=33151], networkLocation: /default-rack, certSerialId: null, persistedOpState: null, persistedOpStateExpiryEpochSec: 0}
2022-10-15 07:44:35,120 [EventQueue-NewNodeForNewNodeHandler] INFO  pipeline.BackgroundPipelineCreator (BackgroundPipelineCreator.java:notifyEventTriggered(276)) - trigger a one-shot run on RatisPipelineUtilsThread.
2022-10-15 07:44:35,121 [RatisPipelineUtilsThread - 0] INFO  pipeline.RatisPipelineProvider (RatisPipelineProvider.java:lambda$create$0(195)) - Sending CreatePipelineCommand for pipeline:PipelineID=c685a129-db30-4513-b890-fd37f9280de0 to datanode:8dac584f-6024-4576-b5a3-2bef0f48735e
2022-10-15 07:44:35,121 [EventQueue-NodeRegistrationContainerReportForDataNodeSafeModeRule] INFO  safemode.SCMSafeModeManager (DataNodeSafeModeRule.java:process(71)) - SCM in safe mode. 2 DataNodes registered, 3 required.
2022-10-15 07:44:35,121 [RatisPipelineUtilsThread - 0] INFO  pipeline.PipelineStateManagerImpl (PipelineStateManagerImpl.java:addPipeline(103)) - Created pipeline Pipeline[ Id: c685a129-db30-4513-b890-fd37f9280de0, Nodes: 8dac584f-6024-4576-b5a3-2bef0f48735e{ip: 10.1.1.113, host: fv-az204-107.tdy0fjcc0bpubcu1xr20co1pbf.dx.internal.cloudapp.net, ports: [REPLICATION=42387, RATIS=35155, RATIS_ADMIN=35155, RATIS_SERVER=35155, STANDALONE=33151], networkLocation: /default-rack, certSerialId: null, persistedOpState: IN_SERVICE, persistedOpStateExpiryEpochSec: 0}, ReplicationConfig: RATIS/ONE, State:ALLOCATED, leaderId:, CreationTimestamp2022-10-15T07:44:35.121Z[Etc/UTC]].
2022-10-15 07:44:35,130 [Under Replicated Processor] INFO  replication.UnderReplicatedProcessor (UnderReplicatedProcessor.java:processAll(92)) - Processed 0 under replicated containers, failed processing 0
2022-10-15 07:44:35,131 [Over Replicated Processor] INFO  replication.OverReplicatedProcessor (OverReplicatedProcessor.java:processAll(90)) - Processed 0 over replicated containers, failed processing 0
2022-10-15 07:44:35,134 [ReplicationMonitor] INFO  replication.LegacyReplicationManager (LegacyReplicationManager.java:sendCloseCommand(1512)) - Sending close container command for container #1 to datanode bef1a67a-597f-44ca-bb4b-ee4a6fc04327{ip: 10.1.1.113, host: fv-az204-107.tdy0fjcc0bpubcu1xr20co1pbf.dx.internal.cloudapp.net, ports: [REPLICATION=46791, RATIS=40411, RATIS_ADMIN=40411, RATIS_SERVER=40411, STANDALONE=40845], networkLocation: /default-rack, certSerialId: null, persistedOpState: ENTERING_MAINTENANCE, persistedOpStateExpiryEpochSec: 0}.
2022-10-15 07:44:35,135 [ReplicationMonitor] INFO  replication.LegacyReplicationManager (LegacyReplicationManager.java:sendCloseCommand(1512)) - Sending close container command for container #1 to datanode 35429393-00b4-4ffa-a437-723b6b48652e{ip: 10.1.1.113, host: fv-az204-107.tdy0fjcc0bpubcu1xr20co1pbf.dx.internal.cloudapp.net, ports: [REPLICATION=33503, RATIS=40931, RATIS_ADMIN=40931, RATIS_SERVER=40931, STANDALONE=34035], networkLocation: /default-rack, certSerialId: null, persistedOpState: IN_SERVICE, persistedOpStateExpiryEpochSec: 0}.
2022-10-15 07:44:35,135 [ReplicationMonitor] INFO  replication.LegacyReplicationManager (LegacyReplicationManager.java:forceCloseContainer(1108)) - Force closing container #2 with BCSID 54, which is in QUASI_CLOSED state.
2022-10-15 07:44:35,135 [ReplicationMonitor] INFO  replication.LegacyReplicationManager (LegacyReplicationManager.java:sendCloseCommand(1512)) - Sending close container command for container #2 to datanode 35429393-00b4-4ffa-a437-723b6b48652e{ip: 10.1.1.113, host: fv-az204-107.tdy0fjcc0bpubcu1xr20co1pbf.dx.internal.cloudapp.net, ports: [REPLICATION=33503, RATIS=40931, RATIS_ADMIN=40931, RATIS_SERVER=40931, STANDALONE=34035], networkLocation: /default-rack, certSerialId: null, persistedOpState: IN_SERVICE, persistedOpStateExpiryEpochSec: 0}.
2022-10-15 07:44:35,135 [ReplicationMonitor] INFO  replication.LegacyReplicationManager (LegacyReplicationManager.java:sendCloseCommand(1512)) - Sending close container command for container #2 to datanode bef1a67a-597f-44ca-bb4b-ee4a6fc04327{ip: 10.1.1.113, host: fv-az204-107.tdy0fjcc0bpubcu1xr20co1pbf.dx.internal.cloudapp.net, ports: [REPLICATION=46791, RATIS=40411, RATIS_ADMIN=40411, RATIS_SERVER=40411, STANDALONE=40845], networkLocation: /default-rack, certSerialId: null, persistedOpState: ENTERING_MAINTENANCE, persistedOpStateExpiryEpochSec: 0}.
2022-10-15 07:44:35,135 [ReplicationMonitor] INFO  replication.LegacyReplicationManager (LegacyReplicationManager.java:sendCloseCommand(1512)) - Sending close container command for container #2 to datanode a759a49b-3cd3-49e9-826c-16e7b00ba8b7{ip: 10.1.1.113, host: fv-az204-107.tdy0fjcc0bpubcu1xr20co1pbf.dx.internal.cloudapp.net, ports: [REPLICATION=34531, RATIS=42469, RATIS_ADMIN=42469, RATIS_SERVER=42469, STANDALONE=44149], networkLocation: /default-rack, certSerialId: null, persistedOpState: IN_SERVICE, persistedOpStateExpiryEpochSec: 0}.
2022-10-15 07:44:35,135 [ReplicationMonitor] INFO  replication.LegacyReplicationManager (LegacyReplicationManager.java:forceCloseContainer(1108)) - Force closing container #3 with BCSID 46, which is in QUASI_CLOSED state.
2022-10-15 07:44:35,135 [ReplicationMonitor] INFO  replication.LegacyReplicationManager (LegacyReplicationManager.java:sendCloseCommand(1512)) - Sending close container command for container #3 to datanode bef1a67a-597f-44ca-bb4b-ee4a6fc04327{ip: 10.1.1.113, host: fv-az204-107.tdy0fjcc0bpubcu1xr20co1pbf.dx.internal.cloudapp.net, ports: [REPLICATION=46791, RATIS=40411, RATIS_ADMIN=40411, RATIS_SERVER=40411, STANDALONE=40845], networkLocation: /default-rack, certSerialId: null, persistedOpState: ENTERING_MAINTENANCE, persistedOpStateExpiryEpochSec: 0}.
2022-10-15 07:44:35,135 [ReplicationMonitor] INFO  replication.LegacyReplicationManager (LegacyReplicationManager.java:sendCloseCommand(1512)) - Sending close container command for container #3 to datanode a759a49b-3cd3-49e9-826c-16e7b00ba8b7{ip: 10.1.1.113, host: fv-az204-107.tdy0fjcc0bpubcu1xr20co1pbf.dx.internal.cloudapp.net, ports: [REPLICATION=34531, RATIS=42469, RATIS_ADMIN=42469, RATIS_SERVER=42469, STANDALONE=44149], networkLocation: /default-rack, certSerialId: null, persistedOpState: IN_SERVICE, persistedOpStateExpiryEpochSec: 0}.
2022-10-15 07:44:35,135 [ReplicationMonitor] INFO  replication.LegacyReplicationManager (LegacyReplicationManager.java:sendCloseCommand(1512)) - Sending close container command for container #3 to datanode 35429393-00b4-4ffa-a437-723b6b48652e{ip: 10.1.1.113, host: fv-az204-107.tdy0fjcc0bpubcu1xr20co1pbf.dx.internal.cloudapp.net, ports: [REPLICATION=33503, RATIS=40931, RATIS_ADMIN=40931, RATIS_SERVER=40931, STANDALONE=34035], networkLocation: /default-rack, certSerialId: null, persistedOpState: IN_SERVICE, persistedOpStateExpiryEpochSec: 0}.
2022-10-15 07:44:35,136 [ReplicationMonitor] INFO  replication.ReplicationManager (ReplicationManager.java:processAll(324)) - Replication Monitor Thread took 1 milliseconds for processing 6 containers.
2022-10-15 07:44:35,175 [Command processor thread] INFO  keyvalue.KeyValueContainer (KeyValueContainer.java:flushAndSyncDB(436)) - Container 1 is synced with bcsId 50.
2022-10-15 07:44:35,175 [Command processor thread] INFO  keyvalue.KeyValueContainer (KeyValueContainer.java:flushAndSyncDB(436)) - Container 1 is synced with bcsId 50.
2022-10-15 07:44:35,177 [Command processor thread] INFO  keyvalue.KeyValueContainer (KeyValueContainer.java:close(351)) - Container 1 is closed with bcsId 50.
2022-10-15 07:44:35,190 [Over Replicated Processor] INFO  replication.OverReplicatedProcessor (OverReplicatedProcessor.java:processAll(90)) - Processed 0 over replicated containers, failed processing 0
2022-10-15 07:44:35,193 [Under Replicated Processor] WARN  replication.ECUnderReplicationHandler (ECUnderReplicationHandler.java:processAndCreateCommands(154)) - The container #7 is unrecoverable. The available replicas are: [ContainerReplica{containerID=#7, state=CLOSED, datanodeDetails=9a24ac87-7197-4b23-9992-aedcbee91c34{ip: 10.1.1.113, host: fv-az204-107.tdy0fjcc0bpubcu1xr20co1pbf.dx.internal.cloudapp.net, ports: [REPLICATION=42613, RATIS=43931, RATIS_ADMIN=43931, RATIS_SERVER=43931, STANDALONE=42833], networkLocation: /default-rack, certSerialId: null, persistedOpState: IN_SERVICE, persistedOpStateExpiryEpochSec: 0}, placeOfBirth=9a24ac87-7197-4b23-9992-aedcbee91c34, sequenceId=0, keyCount=4, bytesUsed=76,replicaIndex=4}].
2022-10-15 07:44:35,193 [Under Replicated Processor] WARN  replication.ECUnderReplicationHandler (ECUnderReplicationHandler.java:processAndCreateCommands(154)) - The container #9 is unrecoverable. The available replicas are: [ContainerReplica{containerID=#9, state=CLOSED, datanodeDetails=9a24ac87-7197-4b23-9992-aedcbee91c34{ip: 10.1.1.113, host: fv-az204-107.tdy0fjcc0bpubcu1xr20co1pbf.dx.internal.cloudapp.net, ports: [REPLICATION=42613, RATIS=43931, RATIS_ADMIN=43931, RATIS_SERVER=43931, STANDALONE=42833], networkLocation: /default-rack, certSerialId: null, persistedOpState: IN_SERVICE, persistedOpStateExpiryEpochSec: 0}, placeOfBirth=9a24ac87-7197-4b23-9992-aedcbee91c34, sequenceId=0, keyCount=4, bytesUsed=0,replicaIndex=3}].
2022-10-15 07:44:35,193 [Under Replicated Processor] WARN  replication.ECUnderReplicationHandler (ECUnderReplicationHandler.java:processAndCreateCommands(154)) - The container #11 is unrecoverable. The available replicas are: [ContainerReplica{containerID=#11, state=CLOSED, datanodeDetails=1a927d95-9689-4ae2-94aa-466101e25ef1{ip: 10.1.1.113, host: fv-az204-107.tdy0fjcc0bpubcu1xr20co1pbf.dx.internal.cloudapp.net, ports: [REPLICATION=41339, RATIS=33377, RATIS_ADMIN=33377, RATIS_SERVER=33377, STANDALONE=35429], networkLocation: /default-rack, certSerialId: null, persistedOpState: IN_SERVICE, persistedOpStateExpiryEpochSec: 0}, placeOfBirth=1a927d95-9689-4ae2-94aa-466101e25ef1, sequenceId=0, keyCount=4, bytesUsed=0,replicaIndex=2}, ContainerReplica{containerID=#11, state=CLOSED, datanodeDetails=9f678299-4532-47e1-9b54-5ce4850b949b{ip: 10.1.1.113, host: fv-az204-107.tdy0fjcc0bpubcu1xr20co1pbf.dx.internal.cloudapp.net, ports: [REPLICATION=44329, RATIS=40365, RATIS_ADMIN=40365, RATIS_SERVER=40365, STANDALONE=34101], networkLocation: /default-rack, certSerialId: null, persistedOpState: IN_SERVICE, persistedOpStateExpiryEpochSec: 0}, placeOfBirth=9f678299-4532-47e1-9b54-5ce4850b949b, sequenceId=0, keyCount=4, bytesUsed=76,replicaIndex=4}].
2022-10-15 07:44:35,193 [Under Replicated Processor] WARN  replication.ECUnderReplicationHandler (ECUnderReplicationHandler.java:processAndCreateCommands(211)) - Cannot proceed for EC container reconstruction for #8, due to insufficient source replicas found. Number of source replicas needed: 3. Number of available source replicas are: 1. Available sources are: {3=(ContainerReplica{containerID=#8, state=CLOSED, datanodeDetails=9a24ac87-7197-4b23-9992-aedcbee91c34{ip: 10.1.1.113, host: fv-az204-107.tdy0fjcc0bpubcu1xr20co1pbf.dx.internal.cloudapp.net, ports: [REPLICATION=42613, RATIS=43931, RATIS_ADMIN=43931, RATIS_SERVER=43931, STANDALONE=42833], networkLocation: /default-rack, certSerialId: null, persistedOpState: IN_SERVICE, persistedOpStateExpiryEpochSec: 0}, placeOfBirth=9a24ac87-7197-4b23-9992-aedcbee91c34, sequenceId=0, keyCount=3, bytesUsed=0,replicaIndex=3},OperationalState: IN_SERVICE Health: HEALTHY OperationStateExpiry: 0)}
2022-10-15 07:44:35,193 [Under Replicated Processor] WARN  replication.ECUnderReplicationHandler (ECUnderReplicationHandler.java:processAndCreateCommands(258)) - Container #8 is under replicated, but no commands were created to correct it
2022-10-15 07:44:35,193 [Under Replicated Processor] INFO  replication.UnderReplicatedProcessor (UnderReplicatedProcessor.java:processAll(92)) - Processed 4 under replicated containers, failed processing 0
2022-10-15 07:44:35,197 [Command processor thread] INFO  keyvalue.KeyValueContainer (KeyValueContainer.java:flushAndSyncDB(436)) - Container 2 is synced with bcsId 54.
2022-10-15 07:44:35,197 [Command processor thread] INFO  keyvalue.KeyValueContainer (KeyValueContainer.java:flushAndSyncDB(436)) - Container 2 is synced with bcsId 54.
2022-10-15 07:44:35,199 [Command processor thread] INFO  keyvalue.KeyValueContainer (KeyValueContainer.java:close(351)) - Container 2 is closed with bcsId 54.
2022-10-15 07:44:35,200 [FixedThreadPoolWithAffinityExecutor-9-0] INFO  container.IncrementalContainerReportHandler (AbstractContainerReportHandler.java:updateContainerState(318)) - Moving container #2 to CLOSED state, datanode 35429393-00b4-4ffa-a437-723b6b48652e{ip: 10.1.1.113, host: fv-az204-107.tdy0fjcc0bpubcu1xr20co1pbf.dx.internal.cloudapp.net, ports: [REPLICATION=33503, RATIS=40931, RATIS_ADMIN=40931, RATIS_SERVER=40931, STANDALONE=34035], networkLocation: /default-rack, certSerialId: null, persistedOpState: IN_SERVICE, persistedOpStateExpiryEpochSec: 0} reported CLOSED replica.
2022-10-15 07:44:35,224 [Command processor thread] INFO  keyvalue.KeyValueContainer (KeyValueContainer.java:flushAndSyncDB(436)) - Container 3 is synced with bcsId 46.
2022-10-15 07:44:35,226 [Command processor thread] INFO  keyvalue.KeyValueContainer (KeyValueContainer.java:flushAndSyncDB(436)) - Container 3 is synced with bcsId 46.
2022-10-15 07:44:35,226 [Command processor thread] INFO  keyvalue.KeyValueContainer (KeyValueContainer.java:flushAndSyncDB(436)) - Container 2 is synced with bcsId 54.
2022-10-15 07:44:35,226 [Command processor thread] INFO  keyvalue.KeyValueContainer (KeyValueContainer.java:flushAndSyncDB(436)) - Container 2 is synced with bcsId 54.
2022-10-15 07:44:35,228 [Command processor thread] INFO  keyvalue.KeyValueContainer (KeyValueContainer.java:close(351)) - Container 2 is closed with bcsId 54.
2022-10-15 07:44:35,228 [Command processor thread] INFO  keyvalue.KeyValueContainer (KeyValueContainer.java:close(351)) - Container 3 is closed with bcsId 46.
2022-10-15 07:44:35,233 [FixedThreadPoolWithAffinityExecutor-1-0] INFO  container.IncrementalContainerReportHandler (AbstractContainerReportHandler.java:updateContainerState(318)) - Moving container #3 to CLOSED state, datanode 35429393-00b4-4ffa-a437-723b6b48652e{ip: 10.1.1.113, host: fv-az204-107.tdy0fjcc0bpubcu1xr20co1pbf.dx.internal.cloudapp.net, ports: [REPLICATION=33503, RATIS=40931, RATIS_ADMIN=40931, RATIS_SERVER=40931, STANDALONE=34035], networkLocation: /default-rack, certSerialId: null, persistedOpState: IN_SERVICE, persistedOpStateExpiryEpochSec: 0} reported CLOSED replica.
2022-10-15 07:44:35,233 [ReplicationMonitor] ERROR scm.SCMCommonPlacementPolicy (SCMCommonPlacementPolicy.java:chooseDatanodesInternal(208)) - No healthy node found to allocate container.
2022-10-15 07:44:35,233 [ReplicationMonitor] WARN  replication.LegacyReplicationManager (LegacyReplicationManager.java:handleUnderReplicatedContainer(1228)) - Exception while replicating container 1.
org.apache.hadoop.hdds.scm.exceptions.SCMException: No healthy node found to allocate container.
	at org.apache.hadoop.hdds.scm.SCMCommonPlacementPolicy.chooseDatanodesInternal(SCMCommonPlacementPolicy.java:209)
	at org.apache.hadoop.hdds.scm.container.placement.algorithms.SCMContainerPlacementRandom.chooseDatanodesInternal(SCMContainerPlacementRandom.java:81)
	at org.apache.hadoop.hdds.scm.SCMCommonPlacementPolicy.chooseDatanodes(SCMCommonPlacementPolicy.java:175)
	at org.apache.hadoop.hdds.scm.SCMCommonPlacementPolicy.chooseDatanodes(SCMCommonPlacementPolicy.java:117)
	at org.apache.hadoop.hdds.scm.container.replication.LegacyReplicationManager.handleUnderReplicatedContainer(LegacyReplicationManager.java:1192)
	at org.apache.hadoop.hdds.scm.container.replication.LegacyReplicationManager.processContainer(LegacyReplicationManager.java:539)
	at org.apache.hadoop.hdds.scm.container.replication.ReplicationManager.processAll(ReplicationManager.java:306)
	at org.apache.hadoop.hdds.scm.container.replication.ReplicationManager.run(ReplicationManager.java:504)
	at java.lang.Thread.run(Thread.java:750)
2022-10-15 07:44:35,233 [ReplicationMonitor] INFO  replication.LegacyReplicationManager (LegacyReplicationManager.java:sendCloseCommand(1512)) - Sending close container command for container #2 to datanode 9a24ac87-7197-4b23-9992-aedcbee91c34{ip: 10.1.1.113, host: fv-az204-107.tdy0fjcc0bpubcu1xr20co1pbf.dx.internal.cloudapp.net, ports: [REPLICATION=42613, RATIS=43931, RATIS_ADMIN=43931, RATIS_SERVER=43931, STANDALONE=42833], networkLocation: /default-rack, certSerialId: null, persistedOpState: IN_SERVICE, persistedOpStateExpiryEpochSec: 0}.
2022-10-15 07:44:35,233 [ReplicationMonitor] INFO  replication.LegacyReplicationManager (LegacyReplicationManager.java:sendCloseCommand(1512)) - Sending close container command for container #3 to datanode 9a24ac87-7197-4b23-9992-aedcbee91c34{ip: 10.1.1.113, host: fv-az204-107.tdy0fjcc0bpubcu1xr20co1pbf.dx.internal.cloudapp.net, ports: [REPLICATION=42613, RATIS=43931, RATIS_ADMIN=43931, RATIS_SERVER=43931, STANDALONE=42833], networkLocation: /default-rack, certSerialId: null, persistedOpState: IN_SERVICE, persistedOpStateExpiryEpochSec: 0}.
2022-10-15 07:44:35,234 [ReplicationMonitor] WARN  replication.LegacyReplicationManager (LegacyReplicationManager.java:handleUnderReplicatedContainer(1224)) - Cannot replicate container #4, no healthy replica found.
2022-10-15 07:44:35,234 [ReplicationMonitor] INFO  replication.LegacyReplicationManager (LegacyReplicationManager.java:sendCloseCommand(1512)) - Sending close container command for container #5 to datanode 9a24ac87-7197-4b23-9992-aedcbee91c34{ip: 10.1.1.113, host: fv-az204-107.tdy0fjcc0bpubcu1xr20co1pbf.dx.internal.cloudapp.net, ports: [REPLICATION=42613, RATIS=43931, RATIS_ADMIN=43931, RATIS_SERVER=43931, STANDALONE=42833], networkLocation: /default-rack, certSerialId: null, persistedOpState: IN_SERVICE, persistedOpStateExpiryEpochSec: 0}.
2022-10-15 07:44:35,234 [ReplicationMonitor] WARN  replication.LegacyReplicationManager (LegacyReplicationManager.java:handleUnderReplicatedContainer(1224)) - Cannot replicate container #6, no healthy replica found.
2022-10-15 07:44:35,234 [ReplicationMonitor] INFO  replication.ReplicationManager (ReplicationManager.java:sendCloseContainerReplicaCommand(467)) - Sending close container command for container #10 to datanode 1a927d95-9689-4ae2-94aa-466101e25ef1{ip: 10.1.1.113, host: fv-az204-107.tdy0fjcc0bpubcu1xr20co1pbf.dx.internal.cloudapp.net, ports: [REPLICATION=41339, RATIS=33377, RATIS_ADMIN=33377, RATIS_SERVER=33377, STANDALONE=35429], networkLocation: /default-rack, certSerialId: null, persistedOpState: IN_SERVICE, persistedOpStateExpiryEpochSec: 0}.
2022-10-15 07:44:35,234 [ReplicationMonitor] INFO  replication.ReplicationManager (ReplicationManager.java:processAll(324)) - Replication Monitor Thread took 4 milliseconds for processing 11 containers.
2022-10-15 07:44:35,247 [Command processor thread] INFO  keyvalue.KeyValueContainer (KeyValueContainer.java:flushAndSyncDB(436)) - Container 3 is synced with bcsId 46.
2022-10-15 07:44:35,247 [Command processor thread] INFO  keyvalue.KeyValueContainer (KeyValueContainer.java:flushAndSyncDB(436)) - Container 3 is synced with bcsId 46.
2022-10-15 07:44:35,252 [Command processor thread] INFO  keyvalue.KeyValueContainer (KeyValueContainer.java:close(351)) - Container 3 is closed with bcsId 46.
2022-10-15 07:44:35,390 [Over Replicated Processor] INFO  replication.OverReplicatedProcessor (OverReplicatedProcessor.java:processAll(90)) - Processed 0 over replicated containers, failed processing 0
2022-10-15 07:44:35,390 [Under Replicated Processor] INFO  replication.UnderReplicatedProcessor (UnderReplicatedProcessor.java:processAll(92)) - Processed 0 under replicated containers, failed processing 0
2022-10-15 07:44:35,391 [ReplicationMonitor] INFO  replication.ReplicationManager (ReplicationManager.java:processAll(324)) - Replication Monitor Thread took 0 milliseconds for processing 0 containers.
2022-10-15 07:44:35,550 [IPC Server handler 7 on default port 35863] INFO  net.NetworkTopologyImpl (NetworkTopologyImpl.java:add(112)) - Added a new node: /default-rack/7fbbdba2-60d2-4bcb-9af9-465dc1fc8d8a
2022-10-15 07:44:35,550 [IPC Server handler 7 on default port 35863] INFO  node.SCMNodeManager (SCMNodeManager.java:register(397)) - Registered Data node : 7fbbdba2-60d2-4bcb-9af9-465dc1fc8d8a{ip: 10.1.1.113, host: fv-az204-107.tdy0fjcc0bpubcu1xr20co1pbf.dx.internal.cloudapp.net, ports: [REPLICATION=46097, RATIS=38635, RATIS_ADMIN=38635, RATIS_SERVER=38635, STANDALONE=45351], networkLocation: /default-rack, certSerialId: null, persistedOpState: null, persistedOpStateExpiryEpochSec: 0}
2022-10-15 07:44:35,551 [EventQueue-NewNodeForNewNodeHandler] INFO  pipeline.BackgroundPipelineCreator (BackgroundPipelineCreator.java:notifyEventTriggered(276)) - trigger a one-shot run on RatisPipelineUtilsThread.
2022-10-15 07:44:35,551 [EventQueue-NodeRegistrationContainerReportForDataNodeSafeModeRule] INFO  safemode.SCMSafeModeManager (DataNodeSafeModeRule.java:process(71)) - SCM in safe mode. 3 DataNodes registered, 3 required.
2022-10-15 07:44:35,551 [EventQueue-NodeRegistrationContainerReportForDataNodeSafeModeRule] INFO  safemode.SCMSafeModeManager (SCMSafeModeManager.java:validateSafeModeExitRules(204)) - DataNodeSafeModeRule rule is successfully validated
2022-10-15 07:44:35,551 [EventQueue-NodeRegistrationContainerReportForDataNodeSafeModeRule] INFO  safemode.SCMSafeModeManager (SCMSafeModeManager.java:completePreCheck(233)) - All SCM safe mode pre check rules have passed
2022-10-15 07:44:35,551 [EventQueue-NodeRegistrationContainerReportForDataNodeSafeModeRule] WARN  events.EventQueue (EventQueue.java:fireEvent(216)) - No event handler registered for event TypedEvent{payloadType=SafeModeStatus, name='Safe mode status'}
2022-10-15 07:44:35,551 [EventQueue-NodeRegistrationContainerReportForDataNodeSafeModeRule] INFO  ha.SCMContext (SCMContext.java:updateSafeModeStatus(228)) - Update SafeModeStatus from SafeModeStatus{safeModeStatus=true, preCheckPassed=false} to SafeModeStatus{safeModeStatus=true, preCheckPassed=true}.
2022-10-15 07:44:35,551 [EventQueue-NodeRegistrationContainerReportForDataNodeSafeModeRule] INFO  pipeline.BackgroundPipelineCreator (BackgroundPipelineCreator.java:notifyEventTriggered(276)) - trigger a one-shot run on RatisPipelineUtilsThread.
2022-10-15 07:44:35,551 [RatisPipelineUtilsThread - 0] INFO  pipeline.RatisPipelineProvider (RatisPipelineProvider.java:lambda$create$0(195)) - Sending CreatePipelineCommand for pipeline:PipelineID=ba039abd-d7ed-4781-adc8-7aa464f9e5e4 to datanode:7fbbdba2-60d2-4bcb-9af9-465dc1fc8d8a
2022-10-15 07:44:35,551 [RatisPipelineUtilsThread - 0] INFO  pipeline.PipelineStateManagerImpl (PipelineStateManagerImpl.java:addPipeline(103)) - Created pipeline Pipeline[ Id: ba039abd-d7ed-4781-adc8-7aa464f9e5e4, Nodes: 7fbbdba2-60d2-4bcb-9af9-465dc1fc8d8a{ip: 10.1.1.113, host: fv-az204-107.tdy0fjcc0bpubcu1xr20co1pbf.dx.internal.cloudapp.net, ports: [REPLICATION=46097, RATIS=38635, RATIS_ADMIN=38635, RATIS_SERVER=38635, STANDALONE=45351], networkLocation: /default-rack, certSerialId: null, persistedOpState: IN_SERVICE, persistedOpStateExpiryEpochSec: 0}, ReplicationConfig: RATIS/ONE, State:ALLOCATED, leaderId:, CreationTimestamp2022-10-15T07:44:35.551Z[Etc/UTC]].
2022-10-15 07:44:35,552 [RatisPipelineUtilsThread - 0] INFO  pipeline.RatisPipelineProvider (RatisPipelineProvider.java:lambda$create$0(195)) - Sending CreatePipelineCommand for pipeline:PipelineID=e12b6185-82dd-4645-a51e-50b708acb90c to datanode:7fbbdba2-60d2-4bcb-9af9-465dc1fc8d8a
2022-10-15 07:44:35,552 [RatisPipelineUtilsThread - 0] INFO  pipeline.RatisPipelineProvider (RatisPipelineProvider.java:lambda$create$0(195)) - Sending CreatePipelineCommand for pipeline:PipelineID=e12b6185-82dd-4645-a51e-50b708acb90c to datanode:abd8e8e1-9e09-4ec0-a897-8fd48f6e99a3
2022-10-15 07:44:35,552 [RatisPipelineUtilsThread - 0] INFO  pipeline.RatisPipelineProvider (RatisPipelineProvider.java:lambda$create$0(195)) - Sending CreatePipelineCommand for pipeline:PipelineID=e12b6185-82dd-4645-a51e-50b708acb90c to datanode:8dac584f-6024-4576-b5a3-2bef0f48735e
2022-10-15 07:44:35,552 [RatisPipelineUtilsThread - 0] INFO  pipeline.PipelineStateManagerImpl (PipelineStateManagerImpl.java:addPipeline(103)) - Created pipeline Pipeline[ Id: e12b6185-82dd-4645-a51e-50b708acb90c, Nodes: 7fbbdba2-60d2-4bcb-9af9-465dc1fc8d8a{ip: 10.1.1.113, host: fv-az204-107.tdy0fjcc0bpubcu1xr20co1pbf.dx.internal.cloudapp.net, ports: [REPLICATION=46097, RATIS=38635, RATIS_ADMIN=38635, RATIS_SERVER=38635, STANDALONE=45351], networkLocation: /default-rack, certSerialId: null, persistedOpState: IN_SERVICE, persistedOpStateExpiryEpochSec: 0}abd8e8e1-9e09-4ec0-a897-8fd48f6e99a3{ip: 10.1.1.113, host: fv-az204-107.tdy0fjcc0bpubcu1xr20co1pbf.dx.internal.cloudapp.net, ports: [REPLICATION=40991, RATIS=44465, RATIS_ADMIN=44465, RATIS_SERVER=44465, STANDALONE=35253], networkLocation: /default-rack, certSerialId: null, persistedOpState: IN_SERVICE, persistedOpStateExpiryEpochSec: 0}8dac584f-6024-4576-b5a3-2bef0f48735e{ip: 10.1.1.113, host: fv-az204-107.tdy0fjcc0bpubcu1xr20co1pbf.dx.internal.cloudapp.net, ports: [REPLICATION=42387, RATIS=35155, RATIS_ADMIN=35155, RATIS_SERVER=35155, STANDALONE=33151], networkLocation: /default-rack, certSerialId: null, persistedOpState: IN_SERVICE, persistedOpStateExpiryEpochSec: 0}, ReplicationConfig: RATIS/THREE, State:ALLOCATED, leaderId:, CreationTimestamp2022-10-15T07:44:35.552Z[Etc/UTC]].
2022-10-15 07:44:35,596 [ReplicationMonitor] INFO  replication.ReplicationManager (ReplicationManager.java:processAll(291)) - Replication Manager is not ready to run until 3000ms after safemode exit
2022-10-15 07:44:35,650 [DatanodeAdminManager-0] INFO  node.DatanodeAdminMonitorImpl (DatanodeAdminMonitorImpl.java:checkContainersReplicatedOnNode(327)) - bef1a67a-597f-44ca-bb4b-ee4a6fc04327{ip: 10.1.1.113, host: fv-az204-107.tdy0fjcc0bpubcu1xr20co1pbf.dx.internal.cloudapp.net, ports: [REPLICATION=46791, RATIS=40411, RATIS_ADMIN=40411, RATIS_SERVER=40411, STANDALONE=40845], networkLocation: /default-rack, certSerialId: null, persistedOpState: ENTERING_MAINTENANCE, persistedOpStateExpiryEpochSec: 0} has 3 sufficientlyReplicated, 0 underReplicated and 0 unhealthy containers
2022-10-15 07:44:35,650 [DatanodeAdminManager-0] INFO  node.DatanodeAdminMonitorImpl (DatanodeAdminMonitorImpl.java:putIntoMaintenance(362)) - Datanode bef1a67a-597f-44ca-bb4b-ee4a6fc04327{ip: 10.1.1.113, host: fv-az204-107.tdy0fjcc0bpubcu1xr20co1pbf.dx.internal.cloudapp.net, ports: [REPLICATION=46791, RATIS=40411, RATIS_ADMIN=40411, RATIS_SERVER=40411, STANDALONE=40845], networkLocation: /default-rack, certSerialId: null, persistedOpState: ENTERING_MAINTENANCE, persistedOpStateExpiryEpochSec: 0} has entered maintenance
2022-10-15 07:44:35,650 [DatanodeAdminManager-0] INFO  node.DatanodeAdminMonitorImpl (DatanodeAdminMonitorImpl.java:run(148)) - There are 1 nodes tracked for decommission and maintenance. 0 pending nodes.
2022-10-15 07:44:35,650 [EventQueue-HealthyReadonlyToHealthyNodeForReadOnlyHealthyToHealthyNodeHandler] INFO  node.ReadOnlyHealthyToHealthyNodeHandler (ReadOnlyHealthyToHealthyNodeHandler.java:onMessage(51)) - Datanode bef1a67a-597f-44ca-bb4b-ee4a6fc04327{ip: 10.1.1.113, host: fv-az204-107.tdy0fjcc0bpubcu1xr20co1pbf.dx.internal.cloudapp.net, ports: [REPLICATION=46791, RATIS=40411, RATIS_ADMIN=40411, RATIS_SERVER=40411, STANDALONE=40845], networkLocation: /default-rack, certSerialId: null, persistedOpState: ENTERING_MAINTENANCE, persistedOpStateExpiryEpochSec: 0} moved to HEALTHY state.
2022-10-15 07:44:35,650 [EventQueue-HealthyReadonlyToHealthyNodeForReadOnlyHealthyToHealthyNodeHandler] INFO  pipeline.BackgroundPipelineCreator (BackgroundPipelineCreator.java:notifyEventTriggered(276)) - trigger a one-shot run on RatisPipelineUtilsThread.
2022-10-15 07:44:35,782 [Mini-Cluster-Provider-Reap] INFO  utils.BackgroundService (BackgroundService.java:shutdown(141)) - Shutting down service BlockDeletingService
2022-10-15 07:44:35,782 [Mini-Cluster-Provider-Reap] INFO  utils.BackgroundService (BackgroundService.java:shutdown(141)) - Shutting down service StaleRecoveringContainerScrubbingService
2022-10-15 07:44:35,786 [Mini-Cluster-Provider-Reap] INFO  statemachine.DatanodeStateMachine (DatanodeStateMachine.java:stopDaemon(580)) - Ozone container server stopped.
2022-10-15 07:44:35,797 [Mini-Cluster-Provider-Reap] INFO  handler.ContextHandler (ContextHandler.java:doStop(1153)) - Stopped o.e.j.w.WebAppContext@1b6c474c{hddsDatanode,/,null,STOPPED}{jar:file:/home/runner/.m2/repository/org/apache/ozone/hdds-container-service/1.3.0-SNAPSHOT/hdds-container-service-1.3.0-SNAPSHOT.jar!/webapps/hddsDatanode}
2022-10-15 07:44:35,798 [Mini-Cluster-Provider-Reap] INFO  server.AbstractConnector (AbstractConnector.java:doStop(381)) - Stopped ServerConnector@a347199{HTTP/1.1, (http/1.1)}{0.0.0.0:0}
2022-10-15 07:44:35,798 [Mini-Cluster-Provider-Reap] INFO  server.session (HouseKeeper.java:stopScavenging(149)) - node0 Stopped scavenging
2022-10-15 07:44:35,798 [Mini-Cluster-Provider-Reap] INFO  handler.ContextHandler (ContextHandler.java:doStop(1153)) - Stopped o.e.j.s.ServletContextHandler@7fb12491{static,/static,jar:file:/home/runner/.m2/repository/org/apache/ozone/hdds-container-service/1.3.0-SNAPSHOT/hdds-container-service-1.3.0-SNAPSHOT.jar!/webapps/static,STOPPED}
2022-10-15 07:44:35,799 [Mini-Cluster-Provider-Reap] INFO  handler.ContextHandler (ContextHandler.java:doStop(1153)) - Stopped o.e.j.s.ServletContextHandler@1eeca596{logs,/logs,file:///home/runner/work/ozone/ozone/hadoop-ozone/integration-test/target/log,STOPPED}
2022-10-15 07:44:35,800 [Mini-Cluster-Provider-Reap] INFO  ozone.MiniOzoneClusterImpl (MiniOzoneClusterImpl.java:stopSCM(537)) - Stopping the StorageContainerManager
2022-10-15 07:44:35,801 [Mini-Cluster-Provider-Reap] INFO  server.StorageContainerManager (StorageContainerManager.java:stop(1528)) - Container Balancer is not running.
2022-10-15 07:44:35,801 [Mini-Cluster-Provider-Reap] INFO  server.StorageContainerManager (StorageContainerManager.java:stop(1535)) - Stopping Replication Manager Service.
2022-10-15 07:44:35,801 [Mini-Cluster-Provider-Reap] INFO  replication.ReplicationManager (ReplicationManager.java:stop(257)) - Stopping Replication Monitor Thread.
2022-10-15 07:44:35,801 [Under Replicated Processor] WARN  replication.UnderReplicatedProcessor (UnderReplicatedProcessor.java:run(148)) - Under Replicated Processor interrupted. Exiting...
2022-10-15 07:44:35,801 [Over Replicated Processor] WARN  replication.OverReplicatedProcessor (OverReplicatedProcessor.java:run(137)) - Over Replicated Processor interrupted. Exiting...
2022-10-15 07:44:35,806 [ReplicationMonitor] INFO  replication.ReplicationManager (ReplicationManager.java:run(509)) - Replication Monitor Thread is stopped
2022-10-15 07:44:35,806 [Mini-Cluster-Provider-Reap] INFO  server.StorageContainerManager (StorageContainerManager.java:stop(1542)) - Stopping the Datanode Admin Monitor.
2022-10-15 07:44:35,807 [Mini-Cluster-Provider-Reap] INFO  server.StorageContainerManager (StorageContainerManager.java:stop(1549)) - Stopping Lease Manager of the command watchers
2022-10-15 07:44:35,807 [Mini-Cluster-Provider-Reap] INFO  server.StorageContainerManager (StorageContainerManager.java:stop(1556)) - Stopping datanode service RPC server
2022-10-15 07:44:35,807 [Mini-Cluster-Provider-Reap] INFO  server.SCMDatanodeProtocolServer (SCMDatanodeProtocolServer.java:stop(414)) - Stopping the RPC server for DataNodes
2022-10-15 07:44:35,808 [Mini-Cluster-Provider-Reap] INFO  ipc.Server (Server.java:stop(3428)) - Stopping server on 33721
2022-10-15 07:44:35,815 [IPC Server listener on 0] INFO  ipc.Server (Server.java:run(1384)) - Stopping IPC Server listener on 0
2022-10-15 07:44:35,816 [IPC Server Responder] INFO  ipc.Server (Server.java:run(1517)) - Stopping IPC Server Responder
2022-10-15 07:44:35,820 [SCM Heartbeat Processing Thread - 0] WARN  node.NodeStateManager (NodeStateManager.java:scheduleNextHealthCheck(870)) - Current Thread is interrupted, shutting down HB processing thread for Node Manager.
2022-10-15 07:44:35,821 [Mini-Cluster-Provider-Reap] INFO  server.StorageContainerManager (StorageContainerManager.java:stop(1564)) - Stopping block service RPC server
2022-10-15 07:44:35,821 [Mini-Cluster-Provider-Reap] INFO  server.SCMBlockProtocolServer (SCMBlockProtocolServer.java:stop(161)) - Stopping the RPC server for Block Protocol
2022-10-15 07:44:35,823 [Mini-Cluster-Provider-Reap] INFO  ipc.Server (Server.java:stop(3428)) - Stopping server on 44311
2022-10-15 07:44:35,823 [IPC Server listener on 0] INFO  ipc.Server (Server.java:run(1384)) - Stopping IPC Server listener on 0
2022-10-15 07:44:35,824 [IPC Server Responder] INFO  ipc.Server (Server.java:run(1517)) - Stopping IPC Server Responder
2022-10-15 07:44:35,824 [Mini-Cluster-Provider-Reap] INFO  server.StorageContainerManager (StorageContainerManager.java:stop(1571)) - Stopping the StorageContainerLocationProtocol RPC server
2022-10-15 07:44:35,824 [Mini-Cluster-Provider-Reap] INFO  server.SCMClientProtocolServer (SCMClientProtocolServer.java:stop(179)) - Stopping the RPC server for Client Protocol
2022-10-15 07:44:35,828 [Mini-Cluster-Provider-Reap] INFO  ipc.Server (Server.java:stop(3428)) - Stopping server on 46803
2022-10-15 07:44:35,829 [IPC Server listener on 0] INFO  ipc.Server (Server.java:run(1384)) - Stopping IPC Server listener on 0
2022-10-15 07:44:35,840 [IPC Server Responder] INFO  ipc.Server (Server.java:run(1517)) - Stopping IPC Server Responder
2022-10-15 07:44:35,840 [Mini-Cluster-Provider-Reap] INFO  server.StorageContainerManager (StorageContainerManager.java:stop(1578)) - Stopping Storage Container Manager HTTP server.
2022-10-15 07:44:35,843 [Mini-Cluster-Provider-Reap] INFO  handler.ContextHandler (ContextHandler.java:doStop(1153)) - Stopped o.e.j.w.WebAppContext@3ef7f34a{scm,/,null,STOPPED}{file:/home/runner/work/ozone/ozone/hadoop-ozone/integration-test/target/test-classes/webapps/scm}
2022-10-15 07:44:35,843 [Mini-Cluster-Provider-Reap] INFO  server.AbstractConnector (AbstractConnector.java:doStop(381)) - Stopped ServerConnector@566ba388{HTTP/1.1, (http/1.1)}{0.0.0.0:0}
2022-10-15 07:44:35,843 [Mini-Cluster-Provider-Reap] INFO  server.session (HouseKeeper.java:stopScavenging(149)) - node0 Stopped scavenging
2022-10-15 07:44:35,843 [Mini-Cluster-Provider-Reap] INFO  handler.ContextHandler (ContextHandler.java:doStop(1153)) - Stopped o.e.j.s.ServletContextHandler@5308b87c{static,/static,file:///home/runner/work/ozone/ozone/hadoop-ozone/integration-test/target/test-classes/webapps/static,STOPPED}
2022-10-15 07:44:35,844 [Mini-Cluster-Provider-Reap] INFO  handler.ContextHandler (ContextHandler.java:doStop(1153)) - Stopped o.e.j.s.ServletContextHandler@601e7b53{logs,/logs,file:///home/runner/work/ozone/ozone/hadoop-ozone/integration-test/target/log,STOPPED}
2022-10-15 07:44:35,845 [Mini-Cluster-Provider-Reap] INFO  server.StorageContainerManager (StorageContainerManager.java:stop(1584)) - Stopping SCM LayoutVersionManager Service.
2022-10-15 07:44:35,845 [Mini-Cluster-Provider-Reap] INFO  server.StorageContainerManager (StorageContainerManager.java:stop(1592)) - Stopping Block Manager Service.
2022-10-15 07:44:35,845 [Mini-Cluster-Provider-Reap] INFO  utils.BackgroundService (BackgroundService.java:shutdown(141)) - Shutting down service SCMBlockDeletingService
2022-10-15 07:44:35,846 [Mini-Cluster-Provider-Reap] INFO  utils.BackgroundService (BackgroundService.java:shutdown(141)) - Shutting down service SCMBlockDeletingService
2022-10-15 07:44:35,846 [Mini-Cluster-Provider-Reap] INFO  server.StorageContainerManager (StorageContainerManager.java:stop(1619)) - Stopping SCM Event Queue.
2022-10-15 07:44:35,849 [Mini-Cluster-Provider-Reap] INFO  server.StorageContainerManager (StorageContainerManager.java:stop(1630)) - Stopping SCM HA services.
2022-10-15 07:44:35,849 [Mini-Cluster-Provider-Reap] INFO  pipeline.BackgroundPipelineCreator (BackgroundPipelineCreator.java:stop(149)) - Stopping RatisPipelineUtilsThread.
2022-10-15 07:44:35,849 [RatisPipelineUtilsThread - 0] WARN  pipeline.BackgroundPipelineCreator (BackgroundPipelineCreator.java:run(180)) - RatisPipelineUtilsThread is interrupted.
2022-10-15 07:44:35,849 [BackgroundPipelineScrubberThread] WARN  BackgroundPipelineScrubber (BackgroundSCMService.java:run(115)) - BackgroundPipelineScrubber is interrupted, exit
2022-10-15 07:44:35,849 [Mini-Cluster-Provider-Reap] INFO  BackgroundPipelineScrubber (BackgroundSCMService.java:stop(131)) - Stopping BackgroundPipelineScrubber Service.
2022-10-15 07:44:35,850 [Mini-Cluster-Provider-Reap] INFO  impl.MetricsSystemImpl (MetricsSystemImpl.java:stop(210)) - Stopping HddsDatanode metrics system...
2022-10-15 07:44:35,863 [prometheus] INFO  impl.MetricsSinkAdapter (MetricsSinkAdapter.java:publishMetricsFromQueue(141)) - prometheus thread interrupted.
2022-10-15 07:44:35,867 [Mini-Cluster-Provider-Reap] INFO  impl.MetricsSystemImpl (MetricsSystemImpl.java:stop(216)) - HddsDatanode metrics system stopped.
2022-10-15 07:44:35,869 [Mini-Cluster-Provider-Reap] WARN  pipeline.BackgroundPipelineCreator (BackgroundPipelineCreator.java:stop(145)) - RatisPipelineUtilsThread is not running, just ignore.
2022-10-15 07:44:35,869 [Mini-Cluster-Provider-Reap] INFO  BackgroundPipelineScrubber (BackgroundSCMService.java:stop(126)) - BackgroundPipelineScrubber Service is not running, skip stop.
2022-10-15 07:44:35,869 [ExpiredContainerReplicaOpScrubberThread] WARN  ExpiredContainerReplicaOpScrubber (BackgroundSCMService.java:run(115)) - ExpiredContainerReplicaOpScrubber is interrupted, exit
2022-10-15 07:44:35,869 [Mini-Cluster-Provider-Reap] INFO  ExpiredContainerReplicaOpScrubber (BackgroundSCMService.java:stop(131)) - Stopping ExpiredContainerReplicaOpScrubber Service.
2022-10-15 07:44:35,869 [Mini-Cluster-Provider-Reap] INFO  utils.BackgroundService (BackgroundService.java:shutdown(141)) - Shutting down service SCMBlockDeletingService
2022-10-15 07:44:35,869 [Mini-Cluster-Provider-Reap] INFO  replication.ReplicationManager (ReplicationManager.java:stop(265)) - Replication Monitor Thread is not running.
2022-10-15 07:44:35,869 [Mini-Cluster-Provider-Reap] WARN  balancer.ContainerBalancer (ContainerBalancer.java:stop(1096)) - Cannot stop Container Balancer because it's not running
2022-10-15 07:44:35,870 [Mini-Cluster-Provider-Reap] INFO  server.StorageContainerManager (StorageContainerManager.java:stop(1648)) - Stopping SCM MetadataStore.
2022-10-15 07:44:35,967 [IPC Server handler 2 on default port 35863] INFO  net.NetworkTopologyImpl (NetworkTopologyImpl.java:add(112)) - Added a new node: /default-rack/7f555f3a-b754-420b-b6ea-bc4a43db69c9
2022-10-15 07:44:35,967 [IPC Server handler 2 on default port 35863] INFO  node.SCMNodeManager (SCMNodeManager.java:register(397)) - Registered Data node : 7f555f3a-b754-420b-b6ea-bc4a43db69c9{ip: 10.1.1.113, host: fv-az204-107.tdy0fjcc0bpubcu1xr20co1pbf.dx.internal.cloudapp.net, ports: [REPLICATION=36131, RATIS=44353, RATIS_ADMIN=44353, RATIS_SERVER=44353, STANDALONE=43183], networkLocation: /default-rack, certSerialId: null, persistedOpState: null, persistedOpStateExpiryEpochSec: 0}
2022-10-15 07:44:35,968 [EventQueue-NewNodeForNewNodeHandler] INFO  pipeline.BackgroundPipelineCreator (BackgroundPipelineCreator.java:notifyEventTriggered(276)) - trigger a one-shot run on RatisPipelineUtilsThread.
2022-10-15 07:44:35,968 [RatisPipelineUtilsThread - 0] INFO  pipeline.RatisPipelineProvider (RatisPipelineProvider.java:lambda$create$0(195)) - Sending CreatePipelineCommand for pipeline:PipelineID=c7493eba-7be1-42c5-8f2e-b16a668c3c87 to datanode:7f555f3a-b754-420b-b6ea-bc4a43db69c9
2022-10-15 07:44:35,969 [RatisPipelineUtilsThread - 0] INFO  pipeline.PipelineStateManagerImpl (PipelineStateManagerImpl.java:addPipeline(103)) - Created pipeline Pipeline[ Id: c7493eba-7be1-42c5-8f2e-b16a668c3c87, Nodes: 7f555f3a-b754-420b-b6ea-bc4a43db69c9{ip: 10.1.1.113, host: fv-az204-107.tdy0fjcc0bpubcu1xr20co1pbf.dx.internal.cloudapp.net, ports: [REPLICATION=36131, RATIS=44353, RATIS_ADMIN=44353, RATIS_SERVER=44353, STANDALONE=43183], networkLocation: /default-rack, certSerialId: null, persistedOpState: IN_SERVICE, persistedOpStateExpiryEpochSec: 0}, ReplicationConfig: RATIS/ONE, State:ALLOCATED, leaderId:, CreationTimestamp2022-10-15T07:44:35.968Z[Etc/UTC]].
2022-10-15 07:44:36,010 [Listener at 127.0.0.1/40173] INFO  ozone.MiniOzoneClusterImpl (MiniOzoneClusterImpl.java:lambda$waitForClusterToBeReady$0(216)) - Waiting for nodes to be ready. Got 4 of 7 DN Heartbeats.
2022-10-15 07:44:36,011 [Listener at 127.0.0.1/40173] INFO  ozone.MiniOzoneClusterImpl (MiniOzoneClusterImpl.java:lambda$waitForClusterToBeReady$0(219)) - Waiting for cluster to exit safe mode
2022-10-15 07:44:36,011 [Listener at 127.0.0.1/40173] INFO  ozone.MiniOzoneClusterImpl (MiniOzoneClusterImpl.java:lambda$waitForClusterToBeReady$0(221)) - SCM became leader
2022-10-15 07:44:36,107 [IPC Server handler 4 on default port 42971] INFO  node.SCMNodeManager (SCMNodeManager.java:updateDatanodeOpState(545)) - Scheduling a command to update the operationalState persisted on bef1a67a-597f-44ca-bb4b-ee4a6fc04327{ip: 10.1.1.113, host: fv-az204-107.tdy0fjcc0bpubcu1xr20co1pbf.dx.internal.cloudapp.net, ports: [REPLICATION=46791, RATIS=40411, RATIS_ADMIN=40411, RATIS_SERVER=40411, STANDALONE=40845], networkLocation: /default-rack, certSerialId: null, persistedOpState: ENTERING_MAINTENANCE, persistedOpStateExpiryEpochSec: 0} as the reported value does not match the value stored in SCM (IN_MAINTENANCE, 0)
2022-10-15 07:44:36,125 [Command processor thread] INFO  keyvalue.KeyValueContainer (KeyValueContainer.java:flushAndSyncDB(436)) - Container 1 is synced with bcsId 50.
2022-10-15 07:44:36,125 [Command processor thread] INFO  keyvalue.KeyValueContainer (KeyValueContainer.java:flushAndSyncDB(436)) - Container 1 is synced with bcsId 50.
2022-10-15 07:44:36,127 [Command processor thread] INFO  keyvalue.KeyValueContainer (KeyValueContainer.java:close(351)) - Container 1 is closed with bcsId 50.
2022-10-15 07:44:36,128 [IPC Server handler 2 on default port 42971] INFO  node.SCMNodeManager (SCMNodeManager.java:updateDatanodeOpState(545)) - Scheduling a command to update the operationalState persisted on bef1a67a-597f-44ca-bb4b-ee4a6fc04327{ip: 10.1.1.113, host: fv-az204-107.tdy0fjcc0bpubcu1xr20co1pbf.dx.internal.cloudapp.net, ports: [REPLICATION=46791, RATIS=40411, RATIS_ADMIN=40411, RATIS_SERVER=40411, STANDALONE=40845], networkLocation: /default-rack, certSerialId: null, persistedOpState: ENTERING_MAINTENANCE, persistedOpStateExpiryEpochSec: 0} as the reported value does not match the value stored in SCM (IN_MAINTENANCE, 0)
2022-10-15 07:44:36,130 [Under Replicated Processor] INFO  replication.UnderReplicatedProcessor (UnderReplicatedProcessor.java:processAll(92)) - Processed 0 under replicated containers, failed processing 0
2022-10-15 07:44:36,131 [Over Replicated Processor] INFO  replication.OverReplicatedProcessor (OverReplicatedProcessor.java:processAll(90)) - Processed 0 over replicated containers, failed processing 0
2022-10-15 07:44:36,136 [ReplicationMonitor] INFO  replication.ReplicationManager (ReplicationManager.java:processAll(324)) - Replication Monitor Thread took 0 milliseconds for processing 6 containers.
2022-10-15 07:44:36,144 [Command processor thread] INFO  keyvalue.KeyValueContainer (KeyValueContainer.java:flushAndSyncDB(436)) - Container 2 is synced with bcsId 54.
2022-10-15 07:44:36,144 [Command processor thread] INFO  keyvalue.KeyValueContainer (KeyValueContainer.java:flushAndSyncDB(436)) - Container 2 is synced with bcsId 54.
2022-10-15 07:44:36,146 [Command processor thread] INFO  keyvalue.KeyValueContainer (KeyValueContainer.java:close(351)) - Container 2 is closed with bcsId 54.
2022-10-15 07:44:36,147 [IPC Server handler 9 on default port 42971] INFO  node.SCMNodeManager (SCMNodeManager.java:updateDatanodeOpState(545)) - Scheduling a command to update the operationalState persisted on bef1a67a-597f-44ca-bb4b-ee4a6fc04327{ip: 10.1.1.113, host: fv-az204-107.tdy0fjcc0bpubcu1xr20co1pbf.dx.internal.cloudapp.net, ports: [REPLICATION=46791, RATIS=40411, RATIS_ADMIN=40411, RATIS_SERVER=40411, STANDALONE=40845], networkLocation: /default-rack, certSerialId: null, persistedOpState: ENTERING_MAINTENANCE, persistedOpStateExpiryEpochSec: 0} as the reported value does not match the value stored in SCM (IN_MAINTENANCE, 0)
2022-10-15 07:44:36,162 [Command processor thread] INFO  keyvalue.KeyValueContainer (KeyValueContainer.java:flushAndSyncDB(436)) - Container 3 is synced with bcsId 46.
2022-10-15 07:44:36,162 [Command processor thread] INFO  keyvalue.KeyValueContainer (KeyValueContainer.java:flushAndSyncDB(436)) - Container 3 is synced with bcsId 46.
2022-10-15 07:44:36,164 [Command processor thread] INFO  keyvalue.KeyValueContainer (KeyValueContainer.java:close(351)) - Container 3 is closed with bcsId 46.
2022-10-15 07:44:36,164 [IPC Server handler 1 on default port 42971] INFO  node.SCMNodeManager (SCMNodeManager.java:updateDatanodeOpState(545)) - Scheduling a command to update the operationalState persisted on bef1a67a-597f-44ca-bb4b-ee4a6fc04327{ip: 10.1.1.113, host: fv-az204-107.tdy0fjcc0bpubcu1xr20co1pbf.dx.internal.cloudapp.net, ports: [REPLICATION=46791, RATIS=40411, RATIS_ADMIN=40411, RATIS_SERVER=40411, STANDALONE=40845], networkLocation: /default-rack, certSerialId: null, persistedOpState: ENTERING_MAINTENANCE, persistedOpStateExpiryEpochSec: 0} as the reported value does not match the value stored in SCM (IN_MAINTENANCE, 0)
2022-10-15 07:44:36,318 [IPC Server handler 7 on default port 35863] INFO  net.NetworkTopologyImpl (NetworkTopologyImpl.java:add(112)) - Added a new node: /default-rack/ed0c9528-2c8b-4614-9eef-2d120a058ddc
2022-10-15 07:44:36,318 [IPC Server handler 7 on default port 35863] INFO  node.SCMNodeManager (SCMNodeManager.java:register(397)) - Registered Data node : ed0c9528-2c8b-4614-9eef-2d120a058ddc{ip: 10.1.1.113, host: fv-az204-107.tdy0fjcc0bpubcu1xr20co1pbf.dx.internal.cloudapp.net, ports: [REPLICATION=45455, RATIS=42731, RATIS_ADMIN=42731, RATIS_SERVER=42731, STANDALONE=46663], networkLocation: /default-rack, certSerialId: null, persistedOpState: null, persistedOpStateExpiryEpochSec: 0}
2022-10-15 07:44:36,319 [EventQueue-NewNodeForNewNodeHandler] INFO  pipeline.BackgroundPipelineCreator (BackgroundPipelineCreator.java:notifyEventTriggered(276)) - trigger a one-shot run on RatisPipelineUtilsThread.
2022-10-15 07:44:36,321 [RatisPipelineUtilsThread - 0] INFO  pipeline.RatisPipelineProvider (RatisPipelineProvider.java:lambda$create$0(195)) - Sending CreatePipelineCommand for pipeline:PipelineID=3b391f93-6c6e-4348-86d2-3893d176c8f0 to datanode:ed0c9528-2c8b-4614-9eef-2d120a058ddc
2022-10-15 07:44:36,322 [RatisPipelineUtilsThread - 0] INFO  pipeline.PipelineStateManagerImpl (PipelineStateManagerImpl.java:addPipeline(103)) - Created pipeline Pipeline[ Id: 3b391f93-6c6e-4348-86d2-3893d176c8f0, Nodes: ed0c9528-2c8b-4614-9eef-2d120a058ddc{ip: 10.1.1.113, host: fv-az204-107.tdy0fjcc0bpubcu1xr20co1pbf.dx.internal.cloudapp.net, ports: [REPLICATION=45455, RATIS=42731, RATIS_ADMIN=42731, RATIS_SERVER=42731, STANDALONE=46663], networkLocation: /default-rack, certSerialId: null, persistedOpState: IN_SERVICE, persistedOpStateExpiryEpochSec: 0}, ReplicationConfig: RATIS/ONE, State:ALLOCATED, leaderId:, CreationTimestamp2022-10-15T07:44:36.321Z[Etc/UTC]].
2022-10-15 07:44:36,391 [Over Replicated Processor] INFO  replication.OverReplicatedProcessor (OverReplicatedProcessor.java:processAll(90)) - Processed 0 over replicated containers, failed processing 0
2022-10-15 07:44:36,391 [Under Replicated Processor] INFO  replication.UnderReplicatedProcessor (UnderReplicatedProcessor.java:processAll(92)) - Processed 0 under replicated containers, failed processing 0
2022-10-15 07:44:36,391 [ReplicationMonitor] INFO  replication.ReplicationManager (ReplicationManager.java:processAll(324)) - Replication Monitor Thread took 0 milliseconds for processing 0 containers.
2022-10-15 07:44:36,597 [ReplicationMonitor] INFO  replication.ReplicationManager (ReplicationManager.java:processAll(291)) - Replication Manager is not ready to run until 3000ms after safemode exit
2022-10-15 07:44:36,650 [DatanodeAdminManager-0] INFO  node.DatanodeAdminMonitorImpl (DatanodeAdminMonitorImpl.java:run(148)) - There are 1 nodes tracked for decommission and maintenance. 0 pending nodes.
2022-10-15 07:44:36,700 [IPC Server handler 2 on default port 35863] INFO  net.NetworkTopologyImpl (NetworkTopologyImpl.java:add(112)) - Added a new node: /default-rack/8734203a-70d5-40c1-ad48-a2d447aaef1c
2022-10-15 07:44:36,701 [IPC Server handler 2 on default port 35863] INFO  node.SCMNodeManager (SCMNodeManager.java:register(397)) - Registered Data node : 8734203a-70d5-40c1-ad48-a2d447aaef1c{ip: 10.1.1.113, host: fv-az204-107.tdy0fjcc0bpubcu1xr20co1pbf.dx.internal.cloudapp.net, ports: [REPLICATION=45381, RATIS=36199, RATIS_ADMIN=36199, RATIS_SERVER=36199, STANDALONE=41975], networkLocation: /default-rack, certSerialId: null, persistedOpState: null, persistedOpStateExpiryEpochSec: 0}
2022-10-15 07:44:36,701 [EventQueue-NewNodeForNewNodeHandler] INFO  pipeline.BackgroundPipelineCreator (BackgroundPipelineCreator.java:notifyEventTriggered(276)) - trigger a one-shot run on RatisPipelineUtilsThread.
2022-10-15 07:44:36,701 [RatisPipelineUtilsThread - 0] INFO  pipeline.RatisPipelineProvider (RatisPipelineProvider.java:lambda$create$0(195)) - Sending CreatePipelineCommand for pipeline:PipelineID=f042a10b-ba82-4bd6-954c-fcbd4fb1a539 to datanode:8734203a-70d5-40c1-ad48-a2d447aaef1c
2022-10-15 07:44:36,701 [RatisPipelineUtilsThread - 0] INFO  pipeline.PipelineStateManagerImpl (PipelineStateManagerImpl.java:addPipeline(103)) - Created pipeline Pipeline[ Id: f042a10b-ba82-4bd6-954c-fcbd4fb1a539, Nodes: 8734203a-70d5-40c1-ad48-a2d447aaef1c{ip: 10.1.1.113, host: fv-az204-107.tdy0fjcc0bpubcu1xr20co1pbf.dx.internal.cloudapp.net, ports: [REPLICATION=45381, RATIS=36199, RATIS_ADMIN=36199, RATIS_SERVER=36199, STANDALONE=41975], networkLocation: /default-rack, certSerialId: null, persistedOpState: IN_SERVICE, persistedOpStateExpiryEpochSec: 0}, ReplicationConfig: RATIS/ONE, State:ALLOCATED, leaderId:, CreationTimestamp2022-10-15T07:44:36.701Z[Etc/UTC]].
2022-10-15 07:44:36,702 [RatisPipelineUtilsThread - 0] INFO  pipeline.RatisPipelineProvider (RatisPipelineProvider.java:lambda$create$0(195)) - Sending CreatePipelineCommand for pipeline:PipelineID=f2e8005a-576a-4ae0-995a-c8483d63bd31 to datanode:ed0c9528-2c8b-4614-9eef-2d120a058ddc
2022-10-15 07:44:36,702 [RatisPipelineUtilsThread - 0] INFO  pipeline.RatisPipelineProvider (RatisPipelineProvider.java:lambda$create$0(195)) - Sending CreatePipelineCommand for pipeline:PipelineID=f2e8005a-576a-4ae0-995a-c8483d63bd31 to datanode:7f555f3a-b754-420b-b6ea-bc4a43db69c9
2022-10-15 07:44:36,702 [RatisPipelineUtilsThread - 0] INFO  pipeline.RatisPipelineProvider (RatisPipelineProvider.java:lambda$create$0(195)) - Sending CreatePipelineCommand for pipeline:PipelineID=f2e8005a-576a-4ae0-995a-c8483d63bd31 to datanode:8734203a-70d5-40c1-ad48-a2d447aaef1c
2022-10-15 07:44:36,702 [RatisPipelineUtilsThread - 0] INFO  pipeline.PipelineStateManagerImpl (PipelineStateManagerImpl.java:addPipeline(103)) - Created pipeline Pipeline[ Id: f2e8005a-576a-4ae0-995a-c8483d63bd31, Nodes: ed0c9528-2c8b-4614-9eef-2d120a058ddc{ip: 10.1.1.113, host: fv-az204-107.tdy0fjcc0bpubcu1xr20co1pbf.dx.internal.cloudapp.net, ports: [REPLICATION=45455, RATIS=42731, RATIS_ADMIN=42731, RATIS_SERVER=42731, STANDALONE=46663], networkLocation: /default-rack, certSerialId: null, persistedOpState: IN_SERVICE, persistedOpStateExpiryEpochSec: 0}7f555f3a-b754-420b-b6ea-bc4a43db69c9{ip: 10.1.1.113, host: fv-az204-107.tdy0fjcc0bpubcu1xr20co1pbf.dx.internal.cloudapp.net, ports: [REPLICATION=36131, RATIS=44353, RATIS_ADMIN=44353, RATIS_SERVER=44353, STANDALONE=43183], networkLocation: /default-rack, certSerialId: null, persistedOpState: IN_SERVICE, persistedOpStateExpiryEpochSec: 0}8734203a-70d5-40c1-ad48-a2d447aaef1c{ip: 10.1.1.113, host: fv-az204-107.tdy0fjcc0bpubcu1xr20co1pbf.dx.internal.cloudapp.net, ports: [REPLICATION=45381, RATIS=36199, RATIS_ADMIN=36199, RATIS_SERVER=36199, STANDALONE=41975], networkLocation: /default-rack, certSerialId: null, persistedOpState: IN_SERVICE, persistedOpStateExpiryEpochSec: 0}, ReplicationConfig: RATIS/THREE, State:ALLOCATED, leaderId:, CreationTimestamp2022-10-15T07:44:36.702Z[Etc/UTC]].
2022-10-15 07:44:37,011 [Listener at 127.0.0.1/40173] INFO  ozone.MiniOzoneClusterImpl (MiniOzoneClusterImpl.java:lambda$waitForClusterToBeReady$0(216)) - Waiting for nodes to be ready. Got 6 of 7 DN Heartbeats.
2022-10-15 07:44:37,011 [Listener at 127.0.0.1/40173] INFO  ozone.MiniOzoneClusterImpl (MiniOzoneClusterImpl.java:lambda$waitForClusterToBeReady$0(219)) - Waiting for cluster to exit safe mode
2022-10-15 07:44:37,011 [Listener at 127.0.0.1/40173] INFO  ozone.MiniOzoneClusterImpl (MiniOzoneClusterImpl.java:lambda$waitForClusterToBeReady$0(221)) - SCM became leader
2022-10-15 07:44:37,016 [IPC Server handler 6 on default port 35863] INFO  net.NetworkTopologyImpl (NetworkTopologyImpl.java:add(112)) - Added a new node: /default-rack/c53e9dec-04d8-4017-ae1e-e704ed095001
2022-10-15 07:44:37,016 [IPC Server handler 6 on default port 35863] INFO  node.SCMNodeManager (SCMNodeManager.java:register(397)) - Registered Data node : c53e9dec-04d8-4017-ae1e-e704ed095001{ip: 10.1.1.113, host: fv-az204-107.tdy0fjcc0bpubcu1xr20co1pbf.dx.internal.cloudapp.net, ports: [REPLICATION=41129, RATIS=43027, RATIS_ADMIN=43027, RATIS_SERVER=43027, STANDALONE=42671], networkLocation: /default-rack, certSerialId: null, persistedOpState: null, persistedOpStateExpiryEpochSec: 0}
2022-10-15 07:44:37,016 [EventQueue-NewNodeForNewNodeHandler] INFO  pipeline.BackgroundPipelineCreator (BackgroundPipelineCreator.java:notifyEventTriggered(276)) - trigger a one-shot run on RatisPipelineUtilsThread.
2022-10-15 07:44:37,017 [RatisPipelineUtilsThread - 0] INFO  pipeline.RatisPipelineProvider (RatisPipelineProvider.java:lambda$create$0(195)) - Sending CreatePipelineCommand for pipeline:PipelineID=e8d497d5-0d13-4b72-8da2-a3339b58de84 to datanode:c53e9dec-04d8-4017-ae1e-e704ed095001
2022-10-15 07:44:37,018 [RatisPipelineUtilsThread - 0] INFO  pipeline.PipelineStateManagerImpl (PipelineStateManagerImpl.java:addPipeline(103)) - Created pipeline Pipeline[ Id: e8d497d5-0d13-4b72-8da2-a3339b58de84, Nodes: c53e9dec-04d8-4017-ae1e-e704ed095001{ip: 10.1.1.113, host: fv-az204-107.tdy0fjcc0bpubcu1xr20co1pbf.dx.internal.cloudapp.net, ports: [REPLICATION=41129, RATIS=43027, RATIS_ADMIN=43027, RATIS_SERVER=43027, STANDALONE=42671], networkLocation: /default-rack, certSerialId: null, persistedOpState: IN_SERVICE, persistedOpStateExpiryEpochSec: 0}, ReplicationConfig: RATIS/ONE, State:ALLOCATED, leaderId:, CreationTimestamp2022-10-15T07:44:37.017Z[Etc/UTC]].
2022-10-15 07:44:37,130 [Under Replicated Processor] INFO  replication.UnderReplicatedProcessor (UnderReplicatedProcessor.java:processAll(92)) - Processed 0 under replicated containers, failed processing 0
2022-10-15 07:44:37,131 [Over Replicated Processor] INFO  replication.OverReplicatedProcessor (OverReplicatedProcessor.java:processAll(90)) - Processed 0 over replicated containers, failed processing 0
2022-10-15 07:44:37,136 [ReplicationMonitor] INFO  replication.ReplicationManager (ReplicationManager.java:processAll(324)) - Replication Monitor Thread took 0 milliseconds for processing 6 containers.
2022-10-15 07:44:37,269 [main] INFO  ozone.MiniOzoneClusterImpl (MiniOzoneClusterImpl.java:restartStorageContainerManager(349)) - Restarting SCM in cluster class org.apache.hadoop.ozone.MiniOzoneClusterImpl
2022-10-15 07:44:37,269 [main] INFO  server.StorageContainerManager (StorageContainerManager.java:stop(1528)) - Container Balancer is not running.
2022-10-15 07:44:37,269 [main] INFO  server.StorageContainerManager (StorageContainerManager.java:stop(1535)) - Stopping Replication Manager Service.
2022-10-15 07:44:37,269 [main] INFO  replication.ReplicationManager (ReplicationManager.java:stop(257)) - Stopping Replication Monitor Thread.
2022-10-15 07:44:37,270 [Under Replicated Processor] WARN  replication.UnderReplicatedProcessor (UnderReplicatedProcessor.java:run(148)) - Under Replicated Processor interrupted. Exiting...
2022-10-15 07:44:37,274 [ReplicationMonitor] INFO  replication.ReplicationManager (ReplicationManager.java:run(509)) - Replication Monitor Thread is stopped
2022-10-15 07:44:37,274 [main] INFO  server.StorageContainerManager (StorageContainerManager.java:stop(1542)) - Stopping the Datanode Admin Monitor.
2022-10-15 07:44:37,270 [Over Replicated Processor] WARN  replication.OverReplicatedProcessor (OverReplicatedProcessor.java:run(137)) - Over Replicated Processor interrupted. Exiting...
2022-10-15 07:44:37,274 [main] INFO  server.StorageContainerManager (StorageContainerManager.java:stop(1549)) - Stopping Lease Manager of the command watchers
2022-10-15 07:44:37,274 [main] INFO  server.StorageContainerManager (StorageContainerManager.java:stop(1556)) - Stopping datanode service RPC server
2022-10-15 07:44:37,274 [main] INFO  server.SCMDatanodeProtocolServer (SCMDatanodeProtocolServer.java:stop(414)) - Stopping the RPC server for DataNodes
2022-10-15 07:44:37,276 [main] INFO  ipc.Server (Server.java:stop(3428)) - Stopping server on 42971
2022-10-15 07:44:37,283 [IPC Server listener on 0] INFO  ipc.Server (Server.java:run(1384)) - Stopping IPC Server listener on 0
2022-10-15 07:44:37,284 [IPC Server Responder] INFO  ipc.Server (Server.java:run(1517)) - Stopping IPC Server Responder
2022-10-15 07:44:37,369 [SCM Heartbeat Processing Thread - 0] WARN  node.NodeStateManager (NodeStateManager.java:scheduleNextHealthCheck(870)) - Current Thread is interrupted, shutting down HB processing thread for Node Manager.
2022-10-15 07:44:37,369 [main] INFO  server.StorageContainerManager (StorageContainerManager.java:stop(1564)) - Stopping block service RPC server
2022-10-15 07:44:37,370 [main] INFO  server.SCMBlockProtocolServer (SCMBlockProtocolServer.java:stop(161)) - Stopping the RPC server for Block Protocol
2022-10-15 07:44:37,374 [main] INFO  ipc.Server (Server.java:stop(3428)) - Stopping server on 43303
2022-10-15 07:44:37,379 [IPC Server listener on 0] INFO  ipc.Server (Server.java:run(1384)) - Stopping IPC Server listener on 0
2022-10-15 07:44:37,380 [IPC Server Responder] INFO  ipc.Server (Server.java:run(1517)) - Stopping IPC Server Responder
2022-10-15 07:44:37,380 [main] INFO  server.StorageContainerManager (StorageContainerManager.java:stop(1571)) - Stopping the StorageContainerLocationProtocol RPC server
2022-10-15 07:44:37,380 [main] INFO  server.SCMClientProtocolServer (SCMClientProtocolServer.java:stop(179)) - Stopping the RPC server for Client Protocol
2022-10-15 07:44:37,382 [main] INFO  ipc.Server (Server.java:stop(3428)) - Stopping server on 40471
2022-10-15 07:44:37,388 [main] INFO  server.StorageContainerManager (StorageContainerManager.java:stop(1578)) - Stopping Storage Container Manager HTTP server.
2022-10-15 07:44:37,388 [IPC Server listener on 0] INFO  ipc.Server (Server.java:run(1384)) - Stopping IPC Server listener on 0
2022-10-15 07:44:37,388 [IPC Server Responder] INFO  ipc.Server (Server.java:run(1517)) - Stopping IPC Server Responder
2022-10-15 07:44:37,391 [Over Replicated Processor] INFO  replication.OverReplicatedProcessor (OverReplicatedProcessor.java:processAll(90)) - Processed 0 over replicated containers, failed processing 0
2022-10-15 07:44:37,391 [Under Replicated Processor] INFO  replication.UnderReplicatedProcessor (UnderReplicatedProcessor.java:processAll(92)) - Processed 0 under replicated containers, failed processing 0
2022-10-15 07:44:37,391 [main] INFO  handler.ContextHandler (ContextHandler.java:doStop(1153)) - Stopped o.e.j.w.WebAppContext@6e79b38d{scm,/,null,STOPPED}{file:/home/runner/work/ozone/ozone/hadoop-ozone/integration-test/target/test-classes/webapps/scm}
2022-10-15 07:44:37,391 [ReplicationMonitor] INFO  replication.ReplicationManager (ReplicationManager.java:processAll(324)) - Replication Monitor Thread took 0 milliseconds for processing 0 containers.
2022-10-15 07:44:37,392 [main] INFO  server.AbstractConnector (AbstractConnector.java:doStop(381)) - Stopped ServerConnector@278207e8{HTTP/1.1, (http/1.1)}{0.0.0.0:0}
2022-10-15 07:44:37,392 [main] INFO  server.session (HouseKeeper.java:stopScavenging(149)) - node0 Stopped scavenging
2022-10-15 07:44:37,394 [main] INFO  handler.ContextHandler (ContextHandler.java:doStop(1153)) - Stopped o.e.j.s.ServletContextHandler@60b7942b{static,/static,file:///home/runner/work/ozone/ozone/hadoop-ozone/integration-test/target/test-classes/webapps/static,STOPPED}
2022-10-15 07:44:37,396 [main] INFO  handler.ContextHandler (ContextHandler.java:doStop(1153)) - Stopped o.e.j.s.ServletContextHandler@2fbcc06f{logs,/logs,file:///home/runner/work/ozone/ozone/hadoop-ozone/integration-test/target/log,STOPPED}
2022-10-15 07:44:37,397 [main] INFO  server.StorageContainerManager (StorageContainerManager.java:stop(1584)) - Stopping SCM LayoutVersionManager Service.
2022-10-15 07:44:37,397 [main] INFO  server.StorageContainerManager (StorageContainerManager.java:stop(1592)) - Stopping Block Manager Service.
2022-10-15 07:44:37,398 [main] INFO  utils.BackgroundService (BackgroundService.java:shutdown(141)) - Shutting down service SCMBlockDeletingService
2022-10-15 07:44:37,398 [main] INFO  utils.BackgroundService (BackgroundService.java:shutdown(141)) - Shutting down service SCMBlockDeletingService
2022-10-15 07:44:37,398 [main] INFO  server.StorageContainerManager (StorageContainerManager.java:stop(1619)) - Stopping SCM Event Queue.
2022-10-15 07:44:37,403 [main] INFO  server.StorageContainerManager (StorageContainerManager.java:stop(1630)) - Stopping SCM HA services.
2022-10-15 07:44:37,403 [main] INFO  pipeline.BackgroundPipelineCreator (BackgroundPipelineCreator.java:stop(149)) - Stopping RatisPipelineUtilsThread.
2022-10-15 07:44:37,403 [RatisPipelineUtilsThread - 0] WARN  pipeline.BackgroundPipelineCreator (BackgroundPipelineCreator.java:run(180)) - RatisPipelineUtilsThread is interrupted.
2022-10-15 07:44:37,403 [main] INFO  BackgroundPipelineScrubber (BackgroundSCMService.java:stop(131)) - Stopping BackgroundPipelineScrubber Service.
2022-10-15 07:44:37,403 [BackgroundPipelineScrubberThread] WARN  BackgroundPipelineScrubber (BackgroundSCMService.java:run(115)) - BackgroundPipelineScrubber is interrupted, exit
2022-10-15 07:44:37,404 [main] INFO  impl.MetricsSystemImpl (MetricsSystemImpl.java:stop(205)) - HddsDatanode metrics system stopped (again)
2022-10-15 07:44:37,404 [main] WARN  pipeline.BackgroundPipelineCreator (BackgroundPipelineCreator.java:stop(145)) - RatisPipelineUtilsThread is not running, just ignore.
2022-10-15 07:44:37,404 [main] INFO  BackgroundPipelineScrubber (BackgroundSCMService.java:stop(126)) - BackgroundPipelineScrubber Service is not running, skip stop.
2022-10-15 07:44:37,404 [main] INFO  ExpiredContainerReplicaOpScrubber (BackgroundSCMService.java:stop(131)) - Stopping ExpiredContainerReplicaOpScrubber Service.
2022-10-15 07:44:37,404 [main] INFO  utils.BackgroundService (BackgroundService.java:shutdown(141)) - Shutting down service SCMBlockDeletingService
2022-10-15 07:44:37,404 [ExpiredContainerReplicaOpScrubberThread] WARN  ExpiredContainerReplicaOpScrubber (BackgroundSCMService.java:run(115)) - ExpiredContainerReplicaOpScrubber is interrupted, exit
2022-10-15 07:44:37,404 [main] INFO  replication.ReplicationManager (ReplicationManager.java:stop(265)) - Replication Monitor Thread is not running.
2022-10-15 07:44:37,405 [main] WARN  balancer.ContainerBalancer (ContainerBalancer.java:stop(1096)) - Cannot stop Container Balancer because it's not running
2022-10-15 07:44:37,405 [main] INFO  server.StorageContainerManager (StorageContainerManager.java:stop(1648)) - Stopping SCM MetadataStore.
2022-10-15 07:44:37,406 [main] WARN  server.ServerUtils (ServerUtils.java:getScmDbDir(148)) - ozone.scm.db.dirs is not configured. We recommend adding this setting. Falling back to ozone.metadata.dirs instead.
2022-10-15 07:44:37,407 [main] INFO  ha.SCMHANodeDetails (SCMHANodeDetails.java:loadSCMHAConfig(209)) - ServiceID for StorageContainerManager is null
2022-10-15 07:44:37,407 [main] INFO  ha.SCMHANodeDetails (SCMHANodeDetails.java:loadSCMHAConfig(214)) - ozone.scm.default.service.id is not defined, falling back to ozone.scm.service.ids to find serviceID for StorageContainerManager if it is HA enabled cluster
2022-10-15 07:44:37,407 [main] WARN  utils.HAUtils (HAUtils.java:getMetaDir(342)) - ozone.scm.db.dirs is not configured. We recommend adding this setting. Falling back to ozone.metadata.dirs instead.
2022-10-15 07:44:37,408 [main] WARN  db.DBStoreBuilder (DBStoreBuilder.java:applyDBDefinition(144)) - ozone.scm.db.dirs is not configured. We recommend adding this setting. Falling back to ozone.metadata.dirs instead.
2022-10-15 07:44:37,442 [main] INFO  net.NodeSchemaLoader (NodeSchemaLoader.java:loadSchemaFromFile(129)) - Loading schema from [jar:file:/home/runner/.m2/repository/org/apache/ozone/hdds-common/1.3.0-SNAPSHOT/hdds-common-1.3.0-SNAPSHOT.jar!/network-topology-default.xml]
2022-10-15 07:44:37,442 [main] INFO  net.NodeSchemaLoader (NodeSchemaLoader.java:loadSchema(176)) - Loading network topology layer schema file
2022-10-15 07:44:37,445 [main] INFO  upgrade.AbstractLayoutVersionManager (AbstractLayoutVersionManager.java:init(83)) - Initializing Layout version manager with metadata layout = DATANODE_SCHEMA_V3 (version = 4), software layout = DATANODE_SCHEMA_V3 (version = 4)
2022-10-15 07:44:37,522 [EndpointStateMachine task thread for /0.0.0.0:42971 - 0 ] WARN  statemachine.EndpointStateMachine (EndpointStateMachine.java:logIfNeeded(242)) - Unable to communicate to SCM server at 0.0.0.0:42971 for past 0 seconds.
java.io.EOFException: End of File Exception between local host is: "fv-az204-107/10.1.1.113"; destination host is: "0.0.0.0":42971; : java.io.EOFException; For more details see:  http://wiki.apache.org/hadoop/EOFException
	at sun.reflect.NativeConstructorAccessorImpl.newInstance0(Native Method)
	at sun.reflect.NativeConstructorAccessorImpl.newInstance(NativeConstructorAccessorImpl.java:62)
	at sun.reflect.DelegatingConstructorAccessorImpl.newInstance(DelegatingConstructorAccessorImpl.java:45)
	at java.lang.reflect.Constructor.newInstance(Constructor.java:423)
	at org.apache.hadoop.net.NetUtils.wrapWithMessage(NetUtils.java:913)
	at org.apache.hadoop.net.NetUtils.wrapException(NetUtils.java:862)
	at org.apache.hadoop.ipc.Client.getRpcResponse(Client.java:1616)
	at org.apache.hadoop.ipc.Client.call(Client.java:1558)
	at org.apache.hadoop.ipc.Client.call(Client.java:1455)
	at org.apache.hadoop.ipc.ProtobufRpcEngine$Invoker.invoke(ProtobufRpcEngine.java:235)
	at org.apache.hadoop.ipc.ProtobufRpcEngine$Invoker.invoke(ProtobufRpcEngine.java:122)
	at com.sun.proxy.$Proxy54.submitRequest(Unknown Source)
	at org.apache.hadoop.ozone.protocolPB.StorageContainerDatanodeProtocolClientSideTranslatorPB.submitRequest(StorageContainerDatanodeProtocolClientSideTranslatorPB.java:117)
	at org.apache.hadoop.ozone.protocolPB.StorageContainerDatanodeProtocolClientSideTranslatorPB.sendHeartbeat(StorageContainerDatanodeProtocolClientSideTranslatorPB.java:149)
	at org.apache.hadoop.ozone.container.common.states.endpoint.HeartbeatEndpointTask.call(HeartbeatEndpointTask.java:185)
	at org.apache.hadoop.ozone.container.common.states.endpoint.HeartbeatEndpointTask.call(HeartbeatEndpointTask.java:87)
	at java.util.concurrent.FutureTask.run(FutureTask.java:266)
	at java.util.concurrent.ThreadPoolExecutor.runWorker(ThreadPoolExecutor.java:1149)
	at java.util.concurrent.ThreadPoolExecutor$Worker.run(ThreadPoolExecutor.java:624)
	at java.lang.Thread.run(Thread.java:750)
Caused by: java.io.EOFException
	at java.io.DataInputStream.readInt(DataInputStream.java:392)
	at org.apache.hadoop.ipc.Client$IpcStreams.readResponse(Client.java:1922)
	at org.apache.hadoop.ipc.Client$Connection.receiveRpcResponse(Client.java:1238)
	at org.apache.hadoop.ipc.Client$Connection.run(Client.java:1134)
2022-10-15 07:44:37,532 [main] INFO  reflections.Reflections (Reflections.java:scan(232)) - Reflections took 86 ms to scan 7 urls, producing 137 keys and 328 values 
2022-10-15 07:44:37,535 [main] INFO  ha.SequenceIdGenerator (SequenceIdGenerator.java:<init>(220)) - Init the HA SequenceIdGenerator.
2022-10-15 07:44:37,536 [main] INFO  node.SCMNodeManager (SCMNodeManager.java:<init>(149)) - Entering startup safe mode.
2022-10-15 07:44:37,536 [main] INFO  algorithms.ContainerPlacementPolicyFactory (ContainerPlacementPolicyFactory.java:getPolicyInternal(86)) - Create container placement policy of type org.apache.hadoop.hdds.scm.container.placement.algorithms.SCMContainerPlacementRandom
2022-10-15 07:44:37,536 [main] INFO  algorithms.ContainerPlacementPolicyFactory (ContainerPlacementPolicyFactory.java:getPolicyInternal(86)) - Create container placement policy of type org.apache.hadoop.hdds.scm.container.placement.algorithms.SCMContainerPlacementRackScatter
2022-10-15 07:44:37,538 [main] INFO  algorithms.LeaderChoosePolicyFactory (LeaderChoosePolicyFactory.java:getPolicy(57)) - Create leader choose policy of type org.apache.hadoop.hdds.scm.pipeline.leader.choose.algorithms.MinLeaderCountChoosePolicy
2022-10-15 07:44:37,538 [main] INFO  algorithms.ContainerPlacementPolicyFactory (ContainerPlacementPolicyFactory.java:getPolicyInternal(86)) - Create container placement policy of type org.apache.hadoop.hdds.scm.container.placement.algorithms.SCMContainerPlacementRackScatter
2022-10-15 07:44:37,538 [main] INFO  ha.SCMServiceManager (SCMServiceManager.java:register(42)) - Registering service BackgroundPipelineCreator.
2022-10-15 07:44:37,539 [main] INFO  pipeline.BackgroundPipelineCreator (BackgroundPipelineCreator.java:start(124)) - Starting RatisPipelineUtilsThread.
2022-10-15 07:44:37,540 [main] INFO  BackgroundPipelineScrubber (BackgroundSCMService.java:start(68)) - Starting BackgroundPipelineScrubber Service.
2022-10-15 07:44:37,541 [main] INFO  ha.SCMServiceManager (SCMServiceManager.java:register(42)) - Registering service BackgroundPipelineScrubber.
2022-10-15 07:44:37,541 [main] INFO  ExpiredContainerReplicaOpScrubber (BackgroundSCMService.java:start(68)) - Starting ExpiredContainerReplicaOpScrubber Service.
2022-10-15 07:44:37,541 [main] INFO  ha.SCMServiceManager (SCMServiceManager.java:register(42)) - Registering service ExpiredContainerReplicaOpScrubber.
2022-10-15 07:44:37,543 [main] INFO  algorithms.PipelineChoosePolicyFactory (PipelineChoosePolicyFactory.java:createPipelineChoosePolicyFromClass(73)) - Create pipeline choose policy of type org.apache.hadoop.hdds.scm.pipeline.choose.algorithms.RandomPipelineChoosePolicy
2022-10-15 07:44:37,543 [main] INFO  ha.SCMServiceManager (SCMServiceManager.java:register(42)) - Registering service SCMBlockDeletingService.
2022-10-15 07:44:37,544 [main] INFO  replication.ReplicationManager (ReplicationManager.java:start(223)) - Starting Replication Monitor Thread.
2022-10-15 07:44:37,544 [main] INFO  ha.SCMServiceManager (SCMServiceManager.java:register(42)) - Registering service ReplicationManager.
2022-10-15 07:44:37,545 [main] INFO  safemode.ContainerSafeModeRule (ContainerSafeModeRule.java:<init>(89)) - containers with one replica threshold count 3
2022-10-15 07:44:37,546 [main] INFO  safemode.HealthyPipelineSafeModeRule (HealthyPipelineSafeModeRule.java:initializeRule(169)) - Total pipeline count is 1, healthy pipeline threshold count is 1
2022-10-15 07:44:37,546 [main] INFO  safemode.OneReplicaPipelineSafeModeRule (OneReplicaPipelineSafeModeRule.java:initializeRule(180)) - Total pipeline count is 1, pipeline's with at least one datanode reported threshold count is 1
2022-10-15 07:44:37,550 [ReplicationMonitor] INFO  replication.ReplicationManager (ReplicationManager.java:processAll(291)) - Replication Manager is not ready to run until 3000ms after safemode exit
2022-10-15 07:44:37,550 [main] INFO  ipc.CallQueueManager (CallQueueManager.java:<init>(90)) - Using callQueue: class java.util.concurrent.LinkedBlockingQueue, queueCapacity: 2000, scheduler: class org.apache.hadoop.ipc.DefaultRpcScheduler, ipcBackoff: false.
2022-10-15 07:44:37,551 [Socket Reader #1 for port 42971] INFO  ipc.Server (Server.java:run(1273)) - Starting Socket Reader #1 for port 42971
2022-10-15 07:44:37,553 [Listener at 0.0.0.0/42971] INFO  ipc.CallQueueManager (CallQueueManager.java:<init>(90)) - Using callQueue: class java.util.concurrent.LinkedBlockingQueue, queueCapacity: 2000, scheduler: class org.apache.hadoop.ipc.DefaultRpcScheduler, ipcBackoff: false.
2022-10-15 07:44:37,554 [Socket Reader #1 for port 43303] INFO  ipc.Server (Server.java:run(1273)) - Starting Socket Reader #1 for port 43303
2022-10-15 07:44:37,554 [Listener at 0.0.0.0/43303] INFO  ipc.CallQueueManager (CallQueueManager.java:<init>(90)) - Using callQueue: class java.util.concurrent.LinkedBlockingQueue, queueCapacity: 2000, scheduler: class org.apache.hadoop.ipc.DefaultRpcScheduler, ipcBackoff: false.
2022-10-15 07:44:37,555 [Socket Reader #1 for port 40471] INFO  ipc.Server (Server.java:run(1273)) - Starting Socket Reader #1 for port 40471
2022-10-15 07:44:37,577 [Listener at 0.0.0.0/40471] INFO  ha.SCMServiceManager (SCMServiceManager.java:register(42)) - Registering service ContainerBalancer.
2022-10-15 07:44:37,579 [Listener at 0.0.0.0/40471] INFO  server.StorageContainerManager (StorageContainerManager.java:<init>(410)) - 
Container Balancer status:
Key                            Value
Running                        false
Container Balancer Configuration values:
Key                                                Value
Threshold                                          10
Max Datanodes to Involve per Iteration(percent)    20
Max Size to Move per Iteration                     500GB
Max Size Entering Target per Iteration             26GB
Max Size Leaving Source per Iteration              26GB

2022-10-15 07:44:37,579 [Listener at 0.0.0.0/40471] WARN  events.EventQueue (EventQueue.java:fireEvent(216)) - No event handler registered for event TypedEvent{payloadType=SafeModeStatus, name='Safe mode status'}
2022-10-15 07:44:37,579 [Listener at 0.0.0.0/40471] INFO  ha.SCMContext (SCMContext.java:updateSafeModeStatus(228)) - Update SafeModeStatus from SafeModeStatus{safeModeStatus=true, preCheckPassed=false} to SafeModeStatus{safeModeStatus=true, preCheckPassed=false}.
2022-10-15 07:44:37,580 [Listener at 0.0.0.0/40471] INFO  server.StorageContainerManager (StorageContainerManager.java:start(1436)) - StorageContainerLocationProtocol RPC server is listening at /0.0.0.0:40471
2022-10-15 07:44:37,582 [Listener at 0.0.0.0/40471] WARN  impl.MetricsConfig (MetricsConfig.java:loadFirst(136)) - Cannot locate configuration: tried hadoop-metrics2-storagecontainermanager.properties,hadoop-metrics2.properties
2022-10-15 07:44:37,582 [Listener at 0.0.0.0/40471] INFO  impl.MetricsSystemImpl (MetricsSystemImpl.java:startTimer(378)) - Scheduled Metric snapshot period at 10 second(s).
2022-10-15 07:44:37,582 [Listener at 0.0.0.0/40471] INFO  impl.MetricsSystemImpl (MetricsSystemImpl.java:start(191)) - StorageContainerManager metrics system started
2022-10-15 07:44:37,597 [ReplicationMonitor] INFO  replication.ReplicationManager (ReplicationManager.java:processAll(291)) - Replication Manager is not ready to run until 3000ms after safemode exit
2022-10-15 07:44:37,616 [Listener at 0.0.0.0/40471] INFO  impl.MetricsSinkAdapter (MetricsSinkAdapter.java:start(204)) - Sink prometheus started
2022-10-15 07:44:37,616 [Listener at 0.0.0.0/40471] INFO  impl.MetricsSystemImpl (MetricsSystemImpl.java:registerSink(305)) - Registered sink prometheus
2022-10-15 07:44:37,627 [Command processor thread] INFO  server.RaftServer (RaftServerProxy.java:addNew(96)) - abd8e8e1-9e09-4ec0-a897-8fd48f6e99a3: addNew group-B8AD8183D604:[abd8e8e1-9e09-4ec0-a897-8fd48f6e99a3|rpc:10.1.1.113:44465|priority:1] returns group-B8AD8183D604:java.util.concurrent.CompletableFuture@10382707[Not completed]
2022-10-15 07:44:37,647 [pool-3654-thread-1] INFO  server.RaftServer$Division (RaftServerImpl.java:<init>(190)) - abd8e8e1-9e09-4ec0-a897-8fd48f6e99a3: new RaftServerImpl for group-B8AD8183D604:[abd8e8e1-9e09-4ec0-a897-8fd48f6e99a3|rpc:10.1.1.113:44465|priority:1] with ContainerStateMachine:uninitialized
2022-10-15 07:44:37,647 [pool-3654-thread-1] INFO  server.RaftServerConfigKeys (ConfUtils.java:logGet(46)) - raft.server.rpc.timeout.min = 5s (custom)
2022-10-15 07:44:37,648 [pool-3654-thread-1] INFO  server.RaftServerConfigKeys (ConfUtils.java:logGet(46)) - raft.server.rpc.timeout.max = 5200ms (custom)
2022-10-15 07:44:37,648 [pool-3654-thread-1] INFO  server.RaftServerConfigKeys (ConfUtils.java:logGet(46)) - raft.server.rpc.sleep.time = 25ms (default)
2022-10-15 07:44:37,648 [pool-3654-thread-1] INFO  server.RaftServerConfigKeys (ConfUtils.java:logGet(46)) - raft.server.rpc.slowness.timeout = 300s (custom)
2022-10-15 07:44:37,648 [pool-3654-thread-1] INFO  server.RaftServerConfigKeys (ConfUtils.java:logGet(46)) - raft.server.leaderelection.leader.step-down.wait-time = 10s (default)
2022-10-15 07:44:37,648 [pool-3654-thread-1] INFO  server.RaftServerConfigKeys (ConfUtils.java:logGet(46)) - raft.server.sleep.deviation.threshold = 300ms (default)
2022-10-15 07:44:37,648 [pool-3654-thread-1] INFO  server.RaftServer$Division (ServerState.java:<init>(107)) - abd8e8e1-9e09-4ec0-a897-8fd48f6e99a3@group-B8AD8183D604: ConfigurationManager, init=-1: [abd8e8e1-9e09-4ec0-a897-8fd48f6e99a3|rpc:10.1.1.113:44465|priority:1], old=null, confs=<EMPTY_MAP>
2022-10-15 07:44:37,648 [pool-3654-thread-1] INFO  server.RaftServerConfigKeys (ConfUtils.java:logGet(46)) - raft.server.storage.dir = [/home/runner/work/ozone/ozone/hadoop-ozone/integration-test/target/test-dir/MiniOzoneClusterImpl-0c55ea5e-da39-43b3-be52-3d6e56a90e90/datanode-0/data/ratis] (custom)
2022-10-15 07:44:37,648 [pool-3654-thread-1] INFO  server.RaftServerConfigKeys (ConfUtils.java:logGet(46)) - raft.server.log.corruption.policy = EXCEPTION (default)
2022-10-15 07:44:37,648 [pool-3654-thread-1] INFO  server.RaftServerConfigKeys (ConfUtils.java:logGet(46)) - raft.server.storage.free-space.min = 0MB (=0) (default)
2022-10-15 07:44:37,648 [pool-3654-thread-1] INFO  storage.RaftStorageDirectory (RaftStorageDirectoryImpl.java:analyzeStorage(135)) - The storage directory /home/runner/work/ozone/ozone/hadoop-ozone/integration-test/target/test-dir/MiniOzoneClusterImpl-0c55ea5e-da39-43b3-be52-3d6e56a90e90/datanode-0/data/ratis/fea20b7c-a6a4-4688-805c-b8ad8183d604 does not exist. Creating ...
2022-10-15 07:44:37,651 [pool-3654-thread-1] INFO  storage.RaftStorageDirectory (RaftStorageDirectoryImpl.java:tryLock(230)) - Lock on /home/runner/work/ozone/ozone/hadoop-ozone/integration-test/target/test-dir/MiniOzoneClusterImpl-0c55ea5e-da39-43b3-be52-3d6e56a90e90/datanode-0/data/ratis/fea20b7c-a6a4-4688-805c-b8ad8183d604/in_use.lock acquired by nodename 65647@fv-az204-107
2022-10-15 07:44:37,654 [pool-3654-thread-1] INFO  storage.RaftStorage (RaftStorageImpl.java:format(89)) - Storage directory /home/runner/work/ozone/ozone/hadoop-ozone/integration-test/target/test-dir/MiniOzoneClusterImpl-0c55ea5e-da39-43b3-be52-3d6e56a90e90/datanode-0/data/ratis/fea20b7c-a6a4-4688-805c-b8ad8183d604 has been successfully formatted.
2022-10-15 07:44:37,654 [pool-3654-thread-1] INFO  ratis.ContainerStateMachine (ContainerStateMachine.java:loadSnapshot(236)) - group-B8AD8183D604: The snapshot info is null. Setting the last applied indexto:(t:0, i:~)
2022-10-15 07:44:37,654 [pool-3654-thread-1] INFO  server.RaftServerConfigKeys (ConfUtils.java:logGet(46)) - raft.server.notification.no-leader.timeout = 300s (custom)
2022-10-15 07:44:37,654 [pool-3654-thread-1] INFO  server.RaftServerConfigKeys (ConfUtils.java:logGet(46)) - raft.server.log.use.memory = false (default)
2022-10-15 07:44:37,655 [pool-3654-thread-1] INFO  server.RaftServerConfigKeys (ConfUtils.java:logGet(46)) - raft.server.log.purge.gap = 1000000 (custom)
2022-10-15 07:44:37,655 [pool-3654-thread-1] INFO  server.RaftServerConfigKeys (ConfUtils.java:logGet(46)) - raft.server.log.appender.buffer.byte-limit = 33554432 (custom)
2022-10-15 07:44:37,655 [pool-3654-thread-1] INFO  server.RaftServerConfigKeys (ConfUtils.java:logGet(46)) - raft.server.log.statemachine.data.read.timeout = 1000ms (default)
2022-10-15 07:44:37,655 [pool-3654-thread-1] INFO  server.RaftServerConfigKeys (ConfUtils.java:logGet(46)) - raft.server.log.segment.size.max = 1048576 (custom)
2022-10-15 07:44:37,656 [pool-3654-thread-1] INFO  server.RaftServerConfigKeys (ConfUtils.java:logGet(46)) - raft.server.log.segment.cache.num.max = 2 (custom)
2022-10-15 07:44:37,656 [pool-3654-thread-1] INFO  server.RaftServerConfigKeys (ConfUtils.java:logGet(46)) - raft.server.log.segment.cache.size.max = 200MB (=209715200) (default)
2022-10-15 07:44:37,656 [pool-3654-thread-1] INFO  segmented.SegmentedRaftLogWorker (SegmentedRaftLogWorker.java:<init>(187)) - new abd8e8e1-9e09-4ec0-a897-8fd48f6e99a3@group-B8AD8183D604-SegmentedRaftLogWorker for RaftStorageImpl:Storage Directory /home/runner/work/ozone/ozone/hadoop-ozone/integration-test/target/test-dir/MiniOzoneClusterImpl-0c55ea5e-da39-43b3-be52-3d6e56a90e90/datanode-0/data/ratis/fea20b7c-a6a4-4688-805c-b8ad8183d604
2022-10-15 07:44:37,656 [pool-3654-thread-1] INFO  server.RaftServerConfigKeys (ConfUtils.java:logGet(46)) - raft.server.log.queue.byte-limit = 4294967296 (custom)
2022-10-15 07:44:37,656 [pool-3654-thread-1] INFO  server.RaftServerConfigKeys (ConfUtils.java:logGet(46)) - raft.server.log.queue.element-limit = 1024 (custom)
2022-10-15 07:44:37,656 [pool-3654-thread-1] INFO  server.RaftServerConfigKeys (ConfUtils.java:logGet(46)) - raft.server.log.segment.size.max = 1048576 (custom)
2022-10-15 07:44:37,656 [pool-3654-thread-1] INFO  server.RaftServerConfigKeys (ConfUtils.java:logGet(46)) - raft.server.log.preallocated.size = 16384 (custom)
2022-10-15 07:44:37,656 [pool-3654-thread-1] INFO  server.RaftServerConfigKeys (ConfUtils.java:logGet(46)) - raft.server.log.force.sync.num = 128 (default)
2022-10-15 07:44:37,656 [pool-3654-thread-1] INFO  server.RaftServerConfigKeys (ConfUtils.java:logGet(46)) - raft.server.log.statemachine.data.sync = true (default)
2022-10-15 07:44:37,656 [pool-3654-thread-1] INFO  server.RaftServerConfigKeys (ConfUtils.java:logGet(46)) - raft.server.log.statemachine.data.sync.timeout = 10s (default)
2022-10-15 07:44:37,657 [pool-3654-thread-1] INFO  server.RaftServerConfigKeys (ConfUtils.java:logGet(46)) - raft.server.log.statemachine.data.sync.timeout.retry = -1 (default)
2022-10-15 07:44:37,660 [EventQueue-PipelineReportForPipelineReportHandler] INFO  pipeline.PipelineManagerImpl (PipelineManagerImpl.java:openPipeline(367)) - Pipeline Pipeline[ Id: fea20b7c-a6a4-4688-805c-b8ad8183d604, Nodes: abd8e8e1-9e09-4ec0-a897-8fd48f6e99a3{ip: 10.1.1.113, host: fv-az204-107.tdy0fjcc0bpubcu1xr20co1pbf.dx.internal.cloudapp.net, ports: [REPLICATION=40991, RATIS=44465, RATIS_ADMIN=44465, RATIS_SERVER=44465, STANDALONE=35253], networkLocation: /default-rack, certSerialId: null, persistedOpState: IN_SERVICE, persistedOpStateExpiryEpochSec: 0}, ReplicationConfig: RATIS/ONE, State:ALLOCATED, leaderId:abd8e8e1-9e09-4ec0-a897-8fd48f6e99a3, CreationTimestamp2022-10-15T07:44:34.633Z[Etc/UTC]] moved to OPEN state
2022-10-15 07:44:37,665 [EventQueue-OpenPipelineForHealthyPipelineSafeModeRule] INFO  safemode.SCMSafeModeManager (HealthyPipelineSafeModeRule.java:process(137)) - SCM in safe mode. Healthy pipelines reported count is 0, required healthy pipeline reported count is 1
2022-10-15 07:44:37,667 [pool-3654-thread-1] INFO  server.RaftServerConfigKeys (ConfUtils.java:logGet(46)) - raft.server.log.write.buffer.size = 1048576 (custom)
2022-10-15 07:44:37,667 [pool-3654-thread-1] INFO  server.RaftServerConfigKeys (ConfUtils.java:logGet(46)) - raft.server.log.unsafe-flush.enabled = false (default)
2022-10-15 07:44:37,667 [pool-3654-thread-1] INFO  server.RaftServerConfigKeys (ConfUtils.java:logGet(46)) - raft.server.log.statemachine.data.caching.enabled = true (custom)
2022-10-15 07:44:37,668 [pool-3654-thread-1] INFO  segmented.SegmentedRaftLogWorker (SegmentedRaftLogWorker.java:lambda$new$0(135)) - abd8e8e1-9e09-4ec0-a897-8fd48f6e99a3@group-B8AD8183D604-SegmentedRaftLogWorker: flushIndex: setUnconditionally 0 -> -1
2022-10-15 07:44:37,668 [pool-3654-thread-1] INFO  segmented.SegmentedRaftLogWorker (SegmentedRaftLogWorker.java:lambda$new$0(135)) - abd8e8e1-9e09-4ec0-a897-8fd48f6e99a3@group-B8AD8183D604-SegmentedRaftLogWorker: safeCacheEvictIndex: setUnconditionally 0 -> -1
2022-10-15 07:44:37,668 [Listener at 0.0.0.0/40471] INFO  server.SCMClientProtocolServer (SCMClientProtocolServer.java:start(170)) - RPC server for Client  is listening at /0.0.0.0:40471
2022-10-15 07:44:37,671 [pool-3654-thread-1] INFO  server.RaftServerConfigKeys (ConfUtils.java:logGet(46)) - raft.server.snapshot.auto.trigger.enabled = true (custom)
2022-10-15 07:44:37,671 [pool-3654-thread-1] INFO  server.RaftServerConfigKeys (ConfUtils.java:logGet(46)) - raft.server.snapshot.auto.trigger.threshold = 10000 (custom)
2022-10-15 07:44:37,671 [pool-3654-thread-1] INFO  server.RaftServerConfigKeys (ConfUtils.java:logGet(46)) - raft.server.snapshot.retention.file.num = 5 (custom)
2022-10-15 07:44:37,671 [pool-3654-thread-1] INFO  server.RaftServerConfigKeys (ConfUtils.java:logGet(46)) - raft.server.log.purge.upto.snapshot.index = false (default)
2022-10-15 07:44:37,674 [pool-3654-thread-1] INFO  server.RaftServerConfigKeys (ConfUtils.java:logGet(46)) - raft.server.retrycache.expirytime = 600000ms (custom)
2022-10-15 07:44:37,674 [pool-3654-thread-1] INFO  server.RaftServerConfigKeys (ConfUtils.java:logGet(46)) - raft.server.retrycache.statistics.expirytime = 100μs (default)
2022-10-15 07:44:37,674 [IPC Server Responder] INFO  ipc.Server (Server.java:run(1512)) - IPC Server Responder: starting
2022-10-15 07:44:37,674 [IPC Server listener on 40471] INFO  ipc.Server (Server.java:run(1352)) - IPC Server listener on 40471: starting
2022-10-15 07:44:37,677 [pool-3654-thread-1] INFO  server.RaftServerConfigKeys (ConfUtils.java:logGet(46)) - raft.server.log.appender.install.snapshot.enabled = false (custom)
2022-10-15 07:44:37,677 [pool-3654-thread-1] INFO  server.RaftServerConfigKeys (ConfUtils.java:logGet(46)) - raft.server.threadpool.server.cached = true (default)
2022-10-15 07:44:37,677 [pool-3654-thread-1] INFO  server.RaftServerConfigKeys (ConfUtils.java:logGet(46)) - raft.server.threadpool.server.size = 0 (default)
2022-10-15 07:44:37,677 [pool-3654-thread-1] INFO  server.RaftServerConfigKeys (ConfUtils.java:logGet(46)) - raft.server.threadpool.client.cached = true (default)
2022-10-15 07:44:37,677 [pool-3654-thread-1] INFO  server.RaftServerConfigKeys (ConfUtils.java:logGet(46)) - raft.server.threadpool.client.size = 0 (default)
2022-10-15 07:44:37,677 [pool-3654-thread-1] INFO  server.RaftServer$Division (RaftServerImpl.java:start(310)) - abd8e8e1-9e09-4ec0-a897-8fd48f6e99a3@group-B8AD8183D604: start as a follower, conf=-1: [abd8e8e1-9e09-4ec0-a897-8fd48f6e99a3|rpc:10.1.1.113:44465|priority:1], old=null
2022-10-15 07:44:37,678 [pool-3654-thread-1] INFO  server.RaftServer$Division (RaftServerImpl.java:setRole(299)) - abd8e8e1-9e09-4ec0-a897-8fd48f6e99a3@group-B8AD8183D604: changes role from      null to FOLLOWER at term 0 for startAsFollower
2022-10-15 07:44:37,684 [Listener at 0.0.0.0/40471] INFO  server.StorageContainerManager (StorageContainerManager.java:start(1451)) - ScmBlockLocationProtocol RPC server is listening at /0.0.0.0:43303
2022-10-15 07:44:37,686 [Listener at 0.0.0.0/40471] INFO  server.SCMBlockProtocolServer (SCMBlockProtocolServer.java:start(152)) - RPC server for Block Protocol is listening at /0.0.0.0:43303
2022-10-15 07:44:37,686 [IPC Server Responder] INFO  ipc.Server (Server.java:run(1512)) - IPC Server Responder: starting
2022-10-15 07:44:37,686 [IPC Server listener on 43303] INFO  ipc.Server (Server.java:run(1352)) - IPC Server listener on 43303: starting
2022-10-15 07:44:37,689 [Listener at 0.0.0.0/40471] INFO  server.SCMDatanodeProtocolServer (SCMDatanodeProtocolServer.java:start(186)) - ScmDatanodeProtocol RPC server for DataNodes is listening at /0.0.0.0:42971
2022-10-15 07:44:37,691 [IPC Server Responder] INFO  ipc.Server (Server.java:run(1512)) - IPC Server Responder: starting
2022-10-15 07:44:37,691 [IPC Server listener on 42971] INFO  ipc.Server (Server.java:run(1352)) - IPC Server listener on 42971: starting
2022-10-15 07:44:37,694 [pool-3654-thread-1] INFO  impl.RoleInfo (RoleInfo.java:updateAndGet(139)) - abd8e8e1-9e09-4ec0-a897-8fd48f6e99a3: start abd8e8e1-9e09-4ec0-a897-8fd48f6e99a3@group-B8AD8183D604-FollowerState
2022-10-15 07:44:37,694 [org.apache.hadoop.util.JvmPauseMonitor$Monitor@95aeee4] INFO  util.JvmPauseMonitor (JvmPauseMonitor.java:run(188)) - Starting JVM pause monitor
2022-10-15 07:44:37,695 [pool-3654-thread-1] INFO  util.JmxRegister (JmxRegister.java:tryRegister(44)) - Successfully registered JMX Bean with object name Ratis:service=RaftServer,group=group-B8AD8183D604,id=abd8e8e1-9e09-4ec0-a897-8fd48f6e99a3
2022-10-15 07:44:37,697 [Listener at 0.0.0.0/40471] INFO  http.BaseHttpServer (BaseHttpServer.java:newHttpServer2BuilderForOzone(213)) - Starting Web-server for scm at: http://0.0.0.0:37605
2022-10-15 07:44:37,709 [Listener at 0.0.0.0/40471] INFO  http.BaseHttpServer (BaseHttpServer.java:<init>(108)) - Hadoop Security Enabled: false Ozone Security Enabled: false Ozone HTTP Security Enabled: false 
2022-10-15 07:44:37,710 [Listener at 0.0.0.0/40471] WARN  server.AuthenticationFilter (AuthenticationFilter.java:constructSecretProvider(240)) - Unable to initialize FileSignerSecretProvider, falling back to use random secrets. Reason: Could not read signature secret file: /home/runner/hadoop-http-auth-signature-secret
2022-10-15 07:44:37,710 [Listener at 0.0.0.0/40471] WARN  http.HttpRequestLog (HttpRequestLog.java:getRequestLog(103)) - Jetty request log can only be enabled using Log4j
2022-10-15 07:44:37,711 [Listener at 0.0.0.0/40471] INFO  http.HttpServer2 (HttpServer2.java:addGlobalFilter(1031)) - Added global filter 'safety' (class=org.apache.hadoop.hdds.server.http.HttpServer2$QuotingInputFilter)
2022-10-15 07:44:37,711 [a759a49b-3cd3-49e9-826c-16e7b00ba8b7@group-8C1DE3C4B685-FollowerState] INFO  impl.FollowerState (FollowerState.java:run(143)) - a759a49b-3cd3-49e9-826c-16e7b00ba8b7@group-8C1DE3C4B685-FollowerState: change to CANDIDATE, lastRpcElapsedTime:5157374706ns, electionTimeout:5156ms
2022-10-15 07:44:37,712 [Listener at 0.0.0.0/40471] INFO  http.HttpServer2 (HttpServer2.java:addFilter(1007)) - Added filter static_user_filter (class=org.apache.hadoop.http.lib.StaticUserWebFilter$StaticUserFilter) to context scm
2022-10-15 07:44:37,712 [Listener at 0.0.0.0/40471] INFO  http.HttpServer2 (HttpServer2.java:addFilter(1015)) - Added filter static_user_filter (class=org.apache.hadoop.http.lib.StaticUserWebFilter$StaticUserFilter) to context logs
2022-10-15 07:44:37,712 [a759a49b-3cd3-49e9-826c-16e7b00ba8b7@group-8C1DE3C4B685-FollowerState] INFO  impl.RoleInfo (RoleInfo.java:shutdownFollowerState(110)) - a759a49b-3cd3-49e9-826c-16e7b00ba8b7: shutdown a759a49b-3cd3-49e9-826c-16e7b00ba8b7@group-8C1DE3C4B685-FollowerState
2022-10-15 07:44:37,712 [a759a49b-3cd3-49e9-826c-16e7b00ba8b7@group-8C1DE3C4B685-FollowerState] INFO  server.RaftServer$Division (RaftServerImpl.java:setRole(299)) - a759a49b-3cd3-49e9-826c-16e7b00ba8b7@group-8C1DE3C4B685: changes role from  FOLLOWER to CANDIDATE at term 0 for changeToCandidate
2022-10-15 07:44:37,712 [Listener at 0.0.0.0/40471] INFO  http.HttpServer2 (HttpServer2.java:addFilter(1015)) - Added filter static_user_filter (class=org.apache.hadoop.http.lib.StaticUserWebFilter$StaticUserFilter) to context static
2022-10-15 07:44:37,712 [a759a49b-3cd3-49e9-826c-16e7b00ba8b7@group-8C1DE3C4B685-FollowerState] INFO  server.RaftServerConfigKeys (ConfUtils.java:logGet(46)) - raft.server.leaderelection.pre-vote = false (custom)
2022-10-15 07:44:37,712 [a759a49b-3cd3-49e9-826c-16e7b00ba8b7@group-8C1DE3C4B685-FollowerState] INFO  impl.RoleInfo (RoleInfo.java:updateAndGet(139)) - a759a49b-3cd3-49e9-826c-16e7b00ba8b7: start a759a49b-3cd3-49e9-826c-16e7b00ba8b7@group-8C1DE3C4B685-LeaderElection113
2022-10-15 07:44:37,713 [Listener at 0.0.0.0/40471] INFO  http.HttpServer2 (HttpServer2.java:bindListener(1250)) - Jetty bound to port 37605
2022-10-15 07:44:37,713 [Listener at 0.0.0.0/40471] INFO  server.Server (Server.java:doStart(375)) - jetty-9.4.43.v20210629; built: 2021-06-30T11:07:22.254Z; git: 526006ecfa3af7f1a27ef3a288e2bef7ea9dd7e8; jvm 1.8.0_345-b01
2022-10-15 07:44:37,713 [Command processor thread] INFO  ratis.XceiverServerRatis (XceiverServerRatis.java:addGroup(765)) - Created group PipelineID=fea20b7c-a6a4-4688-805c-b8ad8183d604
2022-10-15 07:44:37,713 [Command processor thread] INFO  commandhandler.CreatePipelineCommandHandler (CreatePipelineCommandHandler.java:handle(113)) - Created Pipeline RATIS ONE PipelineID=fea20b7c-a6a4-4688-805c-b8ad8183d604.
2022-10-15 07:44:37,713 [Command processor thread] INFO  server.RaftServer (RaftServerProxy.java:addNew(96)) - abd8e8e1-9e09-4ec0-a897-8fd48f6e99a3: addNew group-50B708ACB90C:[7fbbdba2-60d2-4bcb-9af9-465dc1fc8d8a|rpc:10.1.1.113:38635|priority:1, abd8e8e1-9e09-4ec0-a897-8fd48f6e99a3|rpc:10.1.1.113:44465|priority:0, 8dac584f-6024-4576-b5a3-2bef0f48735e|rpc:10.1.1.113:35155|priority:0] returns group-50B708ACB90C:java.util.concurrent.CompletableFuture@1407b1d8[Not completed]
2022-10-15 07:44:37,714 [pool-3654-thread-1] INFO  server.RaftServer$Division (RaftServerImpl.java:<init>(190)) - abd8e8e1-9e09-4ec0-a897-8fd48f6e99a3: new RaftServerImpl for group-50B708ACB90C:[7fbbdba2-60d2-4bcb-9af9-465dc1fc8d8a|rpc:10.1.1.113:38635|priority:1, abd8e8e1-9e09-4ec0-a897-8fd48f6e99a3|rpc:10.1.1.113:44465|priority:0, 8dac584f-6024-4576-b5a3-2bef0f48735e|rpc:10.1.1.113:35155|priority:0] with ContainerStateMachine:uninitialized
2022-10-15 07:44:37,714 [pool-3654-thread-1] INFO  server.RaftServerConfigKeys (ConfUtils.java:logGet(46)) - raft.server.rpc.timeout.min = 5s (custom)
2022-10-15 07:44:37,714 [pool-3654-thread-1] INFO  server.RaftServerConfigKeys (ConfUtils.java:logGet(46)) - raft.server.rpc.timeout.max = 5200ms (custom)
2022-10-15 07:44:37,714 [pool-3654-thread-1] INFO  server.RaftServerConfigKeys (ConfUtils.java:logGet(46)) - raft.server.rpc.sleep.time = 25ms (default)
2022-10-15 07:44:37,714 [pool-3654-thread-1] INFO  server.RaftServerConfigKeys (ConfUtils.java:logGet(46)) - raft.server.rpc.slowness.timeout = 300s (custom)
2022-10-15 07:44:37,715 [pool-3654-thread-1] INFO  server.RaftServerConfigKeys (ConfUtils.java:logGet(46)) - raft.server.leaderelection.leader.step-down.wait-time = 10s (default)
2022-10-15 07:44:37,715 [pool-3654-thread-1] INFO  server.RaftServerConfigKeys (ConfUtils.java:logGet(46)) - raft.server.sleep.deviation.threshold = 300ms (default)
2022-10-15 07:44:37,715 [pool-3654-thread-1] INFO  server.RaftServer$Division (ServerState.java:<init>(107)) - abd8e8e1-9e09-4ec0-a897-8fd48f6e99a3@group-50B708ACB90C: ConfigurationManager, init=-1: [7fbbdba2-60d2-4bcb-9af9-465dc1fc8d8a|rpc:10.1.1.113:38635|priority:1, abd8e8e1-9e09-4ec0-a897-8fd48f6e99a3|rpc:10.1.1.113:44465|priority:0, 8dac584f-6024-4576-b5a3-2bef0f48735e|rpc:10.1.1.113:35155|priority:0], old=null, confs=<EMPTY_MAP>
2022-10-15 07:44:37,715 [pool-3654-thread-1] INFO  server.RaftServerConfigKeys (ConfUtils.java:logGet(46)) - raft.server.storage.dir = [/home/runner/work/ozone/ozone/hadoop-ozone/integration-test/target/test-dir/MiniOzoneClusterImpl-0c55ea5e-da39-43b3-be52-3d6e56a90e90/datanode-0/data/ratis] (custom)
2022-10-15 07:44:37,715 [pool-3654-thread-1] INFO  server.RaftServerConfigKeys (ConfUtils.java:logGet(46)) - raft.server.log.corruption.policy = EXCEPTION (default)
2022-10-15 07:44:37,715 [pool-3654-thread-1] INFO  server.RaftServerConfigKeys (ConfUtils.java:logGet(46)) - raft.server.storage.free-space.min = 0MB (=0) (default)
2022-10-15 07:44:37,715 [pool-3654-thread-1] INFO  storage.RaftStorageDirectory (RaftStorageDirectoryImpl.java:analyzeStorage(135)) - The storage directory /home/runner/work/ozone/ozone/hadoop-ozone/integration-test/target/test-dir/MiniOzoneClusterImpl-0c55ea5e-da39-43b3-be52-3d6e56a90e90/datanode-0/data/ratis/e12b6185-82dd-4645-a51e-50b708acb90c does not exist. Creating ...
2022-10-15 07:44:37,716 [2807d27e-eacf-4ef9-9ccd-2d34dc032c62@group-8C1DE3C4B685-FollowerState] INFO  impl.FollowerState (FollowerState.java:run(143)) - 2807d27e-eacf-4ef9-9ccd-2d34dc032c62@group-8C1DE3C4B685-FollowerState: change to CANDIDATE, lastRpcElapsedTime:5185697438ns, electionTimeout:5182ms
2022-10-15 07:44:37,716 [2807d27e-eacf-4ef9-9ccd-2d34dc032c62@group-8C1DE3C4B685-FollowerState] INFO  impl.RoleInfo (RoleInfo.java:shutdownFollowerState(110)) - 2807d27e-eacf-4ef9-9ccd-2d34dc032c62: shutdown 2807d27e-eacf-4ef9-9ccd-2d34dc032c62@group-8C1DE3C4B685-FollowerState
2022-10-15 07:44:37,716 [2807d27e-eacf-4ef9-9ccd-2d34dc032c62@group-8C1DE3C4B685-FollowerState] INFO  server.RaftServer$Division (RaftServerImpl.java:setRole(299)) - 2807d27e-eacf-4ef9-9ccd-2d34dc032c62@group-8C1DE3C4B685: changes role from  FOLLOWER to CANDIDATE at term 0 for changeToCandidate
2022-10-15 07:44:37,722 [pool-3654-thread-1] INFO  storage.RaftStorageDirectory (RaftStorageDirectoryImpl.java:tryLock(230)) - Lock on /home/runner/work/ozone/ozone/hadoop-ozone/integration-test/target/test-dir/MiniOzoneClusterImpl-0c55ea5e-da39-43b3-be52-3d6e56a90e90/datanode-0/data/ratis/e12b6185-82dd-4645-a51e-50b708acb90c/in_use.lock acquired by nodename 65647@fv-az204-107
2022-10-15 07:44:37,723 [Listener at 0.0.0.0/40471] INFO  server.session (DefaultSessionIdManager.java:doStart(334)) - DefaultSessionIdManager workerName=node0
2022-10-15 07:44:37,724 [Listener at 0.0.0.0/40471] INFO  server.session (DefaultSessionIdManager.java:doStart(339)) - No SessionScavenger set, using defaults
2022-10-15 07:44:37,724 [Listener at 0.0.0.0/40471] INFO  server.session (HouseKeeper.java:startScavenging(132)) - node0 Scavenging every 660000ms
2022-10-15 07:44:37,724 [Listener at 0.0.0.0/40471] INFO  handler.ContextHandler (ContextHandler.java:doStart(915)) - Started o.e.j.s.ServletContextHandler@341c0dfc{logs,/logs,file:///home/runner/work/ozone/ozone/hadoop-ozone/integration-test/target/log,AVAILABLE}
2022-10-15 07:44:37,725 [Listener at 0.0.0.0/40471] INFO  handler.ContextHandler (ContextHandler.java:doStart(915)) - Started o.e.j.s.ServletContextHandler@507fecf3{static,/static,file:///home/runner/work/ozone/ozone/hadoop-ozone/integration-test/target/test-classes/webapps/static,AVAILABLE}
2022-10-15 07:44:37,726 [2807d27e-eacf-4ef9-9ccd-2d34dc032c62@group-8C1DE3C4B685-FollowerState] INFO  server.RaftServerConfigKeys (ConfUtils.java:logGet(46)) - raft.server.leaderelection.pre-vote = false (custom)
2022-10-15 07:44:37,727 [2807d27e-eacf-4ef9-9ccd-2d34dc032c62@group-8C1DE3C4B685-FollowerState] INFO  impl.RoleInfo (RoleInfo.java:updateAndGet(139)) - 2807d27e-eacf-4ef9-9ccd-2d34dc032c62: start 2807d27e-eacf-4ef9-9ccd-2d34dc032c62@group-8C1DE3C4B685-LeaderElection114
2022-10-15 07:44:37,727 [pool-3654-thread-1] INFO  storage.RaftStorage (RaftStorageImpl.java:format(89)) - Storage directory /home/runner/work/ozone/ozone/hadoop-ozone/integration-test/target/test-dir/MiniOzoneClusterImpl-0c55ea5e-da39-43b3-be52-3d6e56a90e90/datanode-0/data/ratis/e12b6185-82dd-4645-a51e-50b708acb90c has been successfully formatted.
2022-10-15 07:44:37,728 [a759a49b-3cd3-49e9-826c-16e7b00ba8b7@group-8C1DE3C4B685-LeaderElection113] INFO  impl.LeaderElection (LeaderElection.java:askForVotes(310)) - a759a49b-3cd3-49e9-826c-16e7b00ba8b7@group-8C1DE3C4B685-LeaderElection113 ELECTION round 0: submit vote requests at term 1 for -1: [35429393-00b4-4ffa-a437-723b6b48652e|rpc:10.1.1.113:40931|dataStream:|priority:1, 2807d27e-eacf-4ef9-9ccd-2d34dc032c62|rpc:10.1.1.113:39475|dataStream:|priority:0, a759a49b-3cd3-49e9-826c-16e7b00ba8b7|rpc:10.1.1.113:42469|dataStream:|priority:0], old=null
2022-10-15 07:44:37,729 [Listener at 0.0.0.0/40471] INFO  handler.ContextHandler (ContextHandler.java:doStart(915)) - Started o.e.j.w.WebAppContext@1a99744a{scm,/,file:///home/runner/work/ozone/ozone/hadoop-ozone/integration-test/target/test-classes/webapps/scm/,AVAILABLE}{file:/home/runner/work/ozone/ozone/hadoop-ozone/integration-test/target/test-classes/webapps/scm}
2022-10-15 07:44:37,734 [pool-3654-thread-1] INFO  ratis.ContainerStateMachine (ContainerStateMachine.java:loadSnapshot(236)) - group-50B708ACB90C: The snapshot info is null. Setting the last applied indexto:(t:0, i:~)
2022-10-15 07:44:37,734 [pool-3654-thread-1] INFO  server.RaftServerConfigKeys (ConfUtils.java:logGet(46)) - raft.server.notification.no-leader.timeout = 300s (custom)
2022-10-15 07:44:37,734 [pool-3654-thread-1] INFO  server.RaftServerConfigKeys (ConfUtils.java:logGet(46)) - raft.server.log.use.memory = false (default)
2022-10-15 07:44:37,734 [pool-3654-thread-1] INFO  server.RaftServerConfigKeys (ConfUtils.java:logGet(46)) - raft.server.log.purge.gap = 1000000 (custom)
2022-10-15 07:44:37,734 [pool-3654-thread-1] INFO  server.RaftServerConfigKeys (ConfUtils.java:logGet(46)) - raft.server.log.appender.buffer.byte-limit = 33554432 (custom)
2022-10-15 07:44:37,734 [pool-3654-thread-1] INFO  server.RaftServerConfigKeys (ConfUtils.java:logGet(46)) - raft.server.log.statemachine.data.read.timeout = 1000ms (default)
2022-10-15 07:44:37,734 [pool-3654-thread-1] INFO  server.RaftServerConfigKeys (ConfUtils.java:logGet(46)) - raft.server.log.segment.size.max = 1048576 (custom)
2022-10-15 07:44:37,743 [Listener at 0.0.0.0/40471] INFO  server.AbstractConnector (AbstractConnector.java:doStart(331)) - Started ServerConnector@96448ee{HTTP/1.1, (http/1.1)}{0.0.0.0:37605}
2022-10-15 07:44:37,743 [Listener at 0.0.0.0/40471] INFO  server.Server (Server.java:doStart(415)) - Started @187696ms
2022-10-15 07:44:37,744 [Listener at 0.0.0.0/40471] WARN  impl.MetricsSystemImpl (MetricsSystemImpl.java:register(279)) - Sink prometheus already exists!
2022-10-15 07:44:37,744 [pool-3654-thread-1] INFO  server.RaftServerConfigKeys (ConfUtils.java:logGet(46)) - raft.server.log.segment.cache.num.max = 2 (custom)
2022-10-15 07:44:37,744 [pool-3654-thread-1] INFO  server.RaftServerConfigKeys (ConfUtils.java:logGet(46)) - raft.server.log.segment.cache.size.max = 200MB (=209715200) (default)
2022-10-15 07:44:37,744 [pool-3654-thread-1] INFO  segmented.SegmentedRaftLogWorker (SegmentedRaftLogWorker.java:<init>(187)) - new abd8e8e1-9e09-4ec0-a897-8fd48f6e99a3@group-50B708ACB90C-SegmentedRaftLogWorker for RaftStorageImpl:Storage Directory /home/runner/work/ozone/ozone/hadoop-ozone/integration-test/target/test-dir/MiniOzoneClusterImpl-0c55ea5e-da39-43b3-be52-3d6e56a90e90/datanode-0/data/ratis/e12b6185-82dd-4645-a51e-50b708acb90c
2022-10-15 07:44:37,744 [pool-3654-thread-1] INFO  server.RaftServerConfigKeys (ConfUtils.java:logGet(46)) - raft.server.log.queue.byte-limit = 4294967296 (custom)
2022-10-15 07:44:37,744 [pool-3654-thread-1] INFO  server.RaftServerConfigKeys (ConfUtils.java:logGet(46)) - raft.server.log.queue.element-limit = 1024 (custom)
2022-10-15 07:44:37,744 [pool-3654-thread-1] INFO  server.RaftServerConfigKeys (ConfUtils.java:logGet(46)) - raft.server.log.segment.size.max = 1048576 (custom)
2022-10-15 07:44:37,744 [pool-3654-thread-1] INFO  server.RaftServerConfigKeys (ConfUtils.java:logGet(46)) - raft.server.log.preallocated.size = 16384 (custom)
2022-10-15 07:44:37,744 [pool-3654-thread-1] INFO  server.RaftServerConfigKeys (ConfUtils.java:logGet(46)) - raft.server.log.force.sync.num = 128 (default)
2022-10-15 07:44:37,744 [pool-3654-thread-1] INFO  server.RaftServerConfigKeys (ConfUtils.java:logGet(46)) - raft.server.log.statemachine.data.sync = true (default)
2022-10-15 07:44:37,744 [pool-3654-thread-1] INFO  server.RaftServerConfigKeys (ConfUtils.java:logGet(46)) - raft.server.log.statemachine.data.sync.timeout = 10s (default)
2022-10-15 07:44:37,744 [pool-3654-thread-1] INFO  server.RaftServerConfigKeys (ConfUtils.java:logGet(46)) - raft.server.log.statemachine.data.sync.timeout.retry = -1 (default)
2022-10-15 07:44:37,744 [Listener at 0.0.0.0/40471] INFO  http.BaseHttpServer (BaseHttpServer.java:updateConnectorAddress(333)) - HTTP server of scm listening at http://0.0.0.0:37605
2022-10-15 07:44:37,745 [Listener at 0.0.0.0/40471] INFO  ozone.MiniOzoneClusterImpl (MiniOzoneClusterImpl.java:lambda$waitForClusterToBeReady$0(216)) - Waiting for nodes to be ready. Got 0 of 7 DN Heartbeats.
2022-10-15 07:44:37,745 [Listener at 0.0.0.0/40471] INFO  ozone.MiniOzoneClusterImpl (MiniOzoneClusterImpl.java:lambda$waitForClusterToBeReady$0(219)) - Waiting for cluster to exit safe mode
2022-10-15 07:44:37,745 [Listener at 0.0.0.0/40471] INFO  ozone.MiniOzoneClusterImpl (MiniOzoneClusterImpl.java:lambda$waitForClusterToBeReady$0(221)) - SCM became leader
2022-10-15 07:44:37,745 [35429393-00b4-4ffa-a437-723b6b48652e@group-8C1DE3C4B685-FollowerState] INFO  impl.FollowerState (FollowerState.java:run(143)) - 35429393-00b4-4ffa-a437-723b6b48652e@group-8C1DE3C4B685-FollowerState: change to CANDIDATE, lastRpcElapsedTime:5164911669ns, electionTimeout:5161ms
2022-10-15 07:44:37,746 [2807d27e-eacf-4ef9-9ccd-2d34dc032c62@group-8C1DE3C4B685-LeaderElection114] INFO  impl.LeaderElection (LeaderElection.java:askForVotes(310)) - 2807d27e-eacf-4ef9-9ccd-2d34dc032c62@group-8C1DE3C4B685-LeaderElection114 ELECTION round 0: submit vote requests at term 1 for -1: [35429393-00b4-4ffa-a437-723b6b48652e|rpc:10.1.1.113:40931|priority:1, 2807d27e-eacf-4ef9-9ccd-2d34dc032c62|rpc:10.1.1.113:39475|priority:0, a759a49b-3cd3-49e9-826c-16e7b00ba8b7|rpc:10.1.1.113:42469|priority:0], old=null
2022-10-15 07:44:37,748 [35429393-00b4-4ffa-a437-723b6b48652e@group-8C1DE3C4B685-FollowerState] INFO  impl.RoleInfo (RoleInfo.java:shutdownFollowerState(110)) - 35429393-00b4-4ffa-a437-723b6b48652e: shutdown 35429393-00b4-4ffa-a437-723b6b48652e@group-8C1DE3C4B685-FollowerState
2022-10-15 07:44:37,748 [35429393-00b4-4ffa-a437-723b6b48652e@group-8C1DE3C4B685-FollowerState] INFO  server.RaftServer$Division (RaftServerImpl.java:setRole(299)) - 35429393-00b4-4ffa-a437-723b6b48652e@group-8C1DE3C4B685: changes role from  FOLLOWER to CANDIDATE at term 0 for changeToCandidate
2022-10-15 07:44:37,750 [pool-3654-thread-1] INFO  server.RaftServerConfigKeys (ConfUtils.java:logGet(46)) - raft.server.log.write.buffer.size = 1048576 (custom)
2022-10-15 07:44:37,750 [pool-3654-thread-1] INFO  server.RaftServerConfigKeys (ConfUtils.java:logGet(46)) - raft.server.log.unsafe-flush.enabled = false (default)
2022-10-15 07:44:37,750 [pool-3654-thread-1] INFO  server.RaftServerConfigKeys (ConfUtils.java:logGet(46)) - raft.server.log.statemachine.data.caching.enabled = true (custom)
2022-10-15 07:44:37,750 [pool-3654-thread-1] INFO  segmented.SegmentedRaftLogWorker (SegmentedRaftLogWorker.java:lambda$new$0(135)) - abd8e8e1-9e09-4ec0-a897-8fd48f6e99a3@group-50B708ACB90C-SegmentedRaftLogWorker: flushIndex: setUnconditionally 0 -> -1
2022-10-15 07:44:37,750 [pool-3654-thread-1] INFO  segmented.SegmentedRaftLogWorker (SegmentedRaftLogWorker.java:lambda$new$0(135)) - abd8e8e1-9e09-4ec0-a897-8fd48f6e99a3@group-50B708ACB90C-SegmentedRaftLogWorker: safeCacheEvictIndex: setUnconditionally 0 -> -1
2022-10-15 07:44:37,758 [grpc-default-executor-5] INFO  server.RaftServer$Division (RaftServerImpl.java:requestVote(1152)) - 35429393-00b4-4ffa-a437-723b6b48652e@group-8C1DE3C4B685: receive requestVote(ELECTION, a759a49b-3cd3-49e9-826c-16e7b00ba8b7, group-8C1DE3C4B685, 1, (t:0, i:0))
2022-10-15 07:44:37,760 [pool-3654-thread-1] INFO  server.RaftServerConfigKeys (ConfUtils.java:logGet(46)) - raft.server.snapshot.auto.trigger.enabled = true (custom)
2022-10-15 07:44:37,760 [pool-3654-thread-1] INFO  server.RaftServerConfigKeys (ConfUtils.java:logGet(46)) - raft.server.snapshot.auto.trigger.threshold = 10000 (custom)
2022-10-15 07:44:37,760 [pool-3654-thread-1] INFO  server.RaftServerConfigKeys (ConfUtils.java:logGet(46)) - raft.server.snapshot.retention.file.num = 5 (custom)
2022-10-15 07:44:37,760 [pool-3654-thread-1] INFO  server.RaftServerConfigKeys (ConfUtils.java:logGet(46)) - raft.server.log.purge.upto.snapshot.index = false (default)
2022-10-15 07:44:37,760 [pool-3654-thread-1] INFO  server.RaftServerConfigKeys (ConfUtils.java:logGet(46)) - raft.server.retrycache.expirytime = 600000ms (custom)
2022-10-15 07:44:37,760 [pool-3654-thread-1] INFO  server.RaftServerConfigKeys (ConfUtils.java:logGet(46)) - raft.server.retrycache.statistics.expirytime = 100μs (default)
2022-10-15 07:44:37,763 [pool-3654-thread-1] INFO  server.RaftServerConfigKeys (ConfUtils.java:logGet(46)) - raft.server.log.appender.install.snapshot.enabled = false (custom)
2022-10-15 07:44:37,763 [pool-3654-thread-1] INFO  server.RaftServerConfigKeys (ConfUtils.java:logGet(46)) - raft.server.threadpool.server.cached = true (default)
2022-10-15 07:44:37,763 [pool-3654-thread-1] INFO  server.RaftServerConfigKeys (ConfUtils.java:logGet(46)) - raft.server.threadpool.server.size = 0 (default)
2022-10-15 07:44:37,763 [pool-3654-thread-1] INFO  server.RaftServerConfigKeys (ConfUtils.java:logGet(46)) - raft.server.threadpool.client.cached = true (default)
2022-10-15 07:44:37,763 [pool-3654-thread-1] INFO  server.RaftServerConfigKeys (ConfUtils.java:logGet(46)) - raft.server.threadpool.client.size = 0 (default)
2022-10-15 07:44:37,764 [pool-3654-thread-1] INFO  server.RaftServer$Division (RaftServerImpl.java:start(310)) - abd8e8e1-9e09-4ec0-a897-8fd48f6e99a3@group-50B708ACB90C: start as a follower, conf=-1: [7fbbdba2-60d2-4bcb-9af9-465dc1fc8d8a|rpc:10.1.1.113:38635|priority:1, abd8e8e1-9e09-4ec0-a897-8fd48f6e99a3|rpc:10.1.1.113:44465|priority:0, 8dac584f-6024-4576-b5a3-2bef0f48735e|rpc:10.1.1.113:35155|priority:0], old=null
2022-10-15 07:44:37,764 [pool-3654-thread-1] INFO  server.RaftServer$Division (RaftServerImpl.java:setRole(299)) - abd8e8e1-9e09-4ec0-a897-8fd48f6e99a3@group-50B708ACB90C: changes role from      null to FOLLOWER at term 0 for startAsFollower
2022-10-15 07:44:37,764 [pool-3654-thread-1] INFO  impl.RoleInfo (RoleInfo.java:updateAndGet(139)) - abd8e8e1-9e09-4ec0-a897-8fd48f6e99a3: start abd8e8e1-9e09-4ec0-a897-8fd48f6e99a3@group-50B708ACB90C-FollowerState
2022-10-15 07:44:37,764 [pool-3654-thread-1] INFO  util.JmxRegister (JmxRegister.java:tryRegister(44)) - Successfully registered JMX Bean with object name Ratis:service=RaftServer,group=group-50B708ACB90C,id=abd8e8e1-9e09-4ec0-a897-8fd48f6e99a3
2022-10-15 07:44:37,764 [35429393-00b4-4ffa-a437-723b6b48652e@group-8C1DE3C4B685-FollowerState] INFO  server.RaftServerConfigKeys (ConfUtils.java:logGet(46)) - raft.server.leaderelection.pre-vote = false (custom)
2022-10-15 07:44:37,764 [35429393-00b4-4ffa-a437-723b6b48652e@group-8C1DE3C4B685-FollowerState] INFO  impl.RoleInfo (RoleInfo.java:updateAndGet(139)) - 35429393-00b4-4ffa-a437-723b6b48652e: start 35429393-00b4-4ffa-a437-723b6b48652e@group-8C1DE3C4B685-LeaderElection115
2022-10-15 07:44:37,766 [grpc-default-executor-5] INFO  impl.VoteContext (VoteContext.java:log(48)) - 35429393-00b4-4ffa-a437-723b6b48652e@group-8C1DE3C4B685-CANDIDATE: reject ELECTION from a759a49b-3cd3-49e9-826c-16e7b00ba8b7: our priority 1 > candidate's priority 0
2022-10-15 07:44:37,766 [grpc-default-executor-5] INFO  server.RaftServer$Division (RaftServerImpl.java:setRole(299)) - 35429393-00b4-4ffa-a437-723b6b48652e@group-8C1DE3C4B685: changes role from CANDIDATE to FOLLOWER at term 1 for candidate:a759a49b-3cd3-49e9-826c-16e7b00ba8b7
2022-10-15 07:44:37,766 [EventQueue-OpenPipelineForHealthyPipelineSafeModeRule] INFO  safemode.SCMSafeModeManager (HealthyPipelineSafeModeRule.java:process(137)) - SCM in safe mode. Healthy pipelines reported count is 0, required healthy pipeline reported count is 1
2022-10-15 07:44:37,766 [grpc-default-executor-5] INFO  impl.RoleInfo (RoleInfo.java:shutdownLeaderElection(130)) - 35429393-00b4-4ffa-a437-723b6b48652e: shutdown 35429393-00b4-4ffa-a437-723b6b48652e@group-8C1DE3C4B685-LeaderElection115
2022-10-15 07:44:37,766 [grpc-default-executor-5] INFO  impl.RoleInfo (RoleInfo.java:updateAndGet(139)) - 35429393-00b4-4ffa-a437-723b6b48652e: start 35429393-00b4-4ffa-a437-723b6b48652e@group-8C1DE3C4B685-FollowerState
2022-10-15 07:44:37,767 [35429393-00b4-4ffa-a437-723b6b48652e@group-8C1DE3C4B685-LeaderElection115] INFO  impl.LeaderElection (LeaderElection.java:run(231)) - 35429393-00b4-4ffa-a437-723b6b48652e@group-8C1DE3C4B685-LeaderElection115: skip running since this is already CLOSING
2022-10-15 07:44:37,768 [Command processor thread] INFO  ratis.XceiverServerRatis (XceiverServerRatis.java:addGroup(765)) - Created group PipelineID=e12b6185-82dd-4645-a51e-50b708acb90c
2022-10-15 07:44:37,771 [grpc-default-executor-5] INFO  server.RaftServer$Division (RaftServerImpl.java:requestVote(1184)) - 35429393-00b4-4ffa-a437-723b6b48652e@group-8C1DE3C4B685 replies to ELECTION vote request: a759a49b-3cd3-49e9-826c-16e7b00ba8b7<-35429393-00b4-4ffa-a437-723b6b48652e#0:FAIL-t1. Peer's state: 35429393-00b4-4ffa-a437-723b6b48652e@group-8C1DE3C4B685:t1, leader=null, voted=null, raftlog=35429393-00b4-4ffa-a437-723b6b48652e@group-8C1DE3C4B685-SegmentedRaftLog:OPENED:c-1, conf=-1: [35429393-00b4-4ffa-a437-723b6b48652e|rpc:10.1.1.113:40931|dataStream:|priority:1, 2807d27e-eacf-4ef9-9ccd-2d34dc032c62|rpc:10.1.1.113:39475|dataStream:|priority:0, a759a49b-3cd3-49e9-826c-16e7b00ba8b7|rpc:10.1.1.113:42469|dataStream:|priority:0], old=null
2022-10-15 07:44:37,775 [grpc-default-executor-7] INFO  server.RaftServer$Division (RaftServerImpl.java:requestVote(1152)) - 2807d27e-eacf-4ef9-9ccd-2d34dc032c62@group-8C1DE3C4B685: receive requestVote(ELECTION, a759a49b-3cd3-49e9-826c-16e7b00ba8b7, group-8C1DE3C4B685, 1, (t:0, i:0))
2022-10-15 07:44:37,775 [grpc-default-executor-7] INFO  impl.VoteContext (VoteContext.java:log(48)) - 2807d27e-eacf-4ef9-9ccd-2d34dc032c62@group-8C1DE3C4B685-CANDIDATE: reject ELECTION from a759a49b-3cd3-49e9-826c-16e7b00ba8b7: already has voted for 2807d27e-eacf-4ef9-9ccd-2d34dc032c62 at current term 1
2022-10-15 07:44:37,776 [a759a49b-3cd3-49e9-826c-16e7b00ba8b7@group-8C1DE3C4B685-LeaderElection113] INFO  impl.LeaderElection (LeaderElection.java:logAndReturn(90)) - a759a49b-3cd3-49e9-826c-16e7b00ba8b7@group-8C1DE3C4B685-LeaderElection113: ELECTION REJECTED received 1 response(s) and 0 exception(s):
2022-10-15 07:44:37,776 [grpc-default-executor-7] INFO  server.RaftServer$Division (RaftServerImpl.java:requestVote(1184)) - 2807d27e-eacf-4ef9-9ccd-2d34dc032c62@group-8C1DE3C4B685 replies to ELECTION vote request: a759a49b-3cd3-49e9-826c-16e7b00ba8b7<-2807d27e-eacf-4ef9-9ccd-2d34dc032c62#0:FAIL-t1. Peer's state: 2807d27e-eacf-4ef9-9ccd-2d34dc032c62@group-8C1DE3C4B685:t1, leader=null, voted=2807d27e-eacf-4ef9-9ccd-2d34dc032c62, raftlog=2807d27e-eacf-4ef9-9ccd-2d34dc032c62@group-8C1DE3C4B685-SegmentedRaftLog:OPENED:c-1, conf=-1: [35429393-00b4-4ffa-a437-723b6b48652e|rpc:10.1.1.113:40931|priority:1, 2807d27e-eacf-4ef9-9ccd-2d34dc032c62|rpc:10.1.1.113:39475|priority:0, a759a49b-3cd3-49e9-826c-16e7b00ba8b7|rpc:10.1.1.113:42469|priority:0], old=null
2022-10-15 07:44:37,776 [a759a49b-3cd3-49e9-826c-16e7b00ba8b7@group-8C1DE3C4B685-LeaderElection113] INFO  impl.LeaderElection (LeaderElection.java:logAndReturn(94)) -   Response 0: a759a49b-3cd3-49e9-826c-16e7b00ba8b7<-35429393-00b4-4ffa-a437-723b6b48652e#0:FAIL-t1
2022-10-15 07:44:37,776 [a759a49b-3cd3-49e9-826c-16e7b00ba8b7@group-8C1DE3C4B685-LeaderElection113] INFO  impl.LeaderElection (LeaderElection.java:askForVotes(312)) - a759a49b-3cd3-49e9-826c-16e7b00ba8b7@group-8C1DE3C4B685-LeaderElection113 ELECTION round 0: result REJECTED
2022-10-15 07:44:37,776 [a759a49b-3cd3-49e9-826c-16e7b00ba8b7@group-8C1DE3C4B685-LeaderElection113] INFO  server.RaftServer$Division (RaftServerImpl.java:setRole(299)) - a759a49b-3cd3-49e9-826c-16e7b00ba8b7@group-8C1DE3C4B685: changes role from CANDIDATE to FOLLOWER at term 1 for REJECTED
2022-10-15 07:44:37,776 [a759a49b-3cd3-49e9-826c-16e7b00ba8b7@group-8C1DE3C4B685-LeaderElection113] INFO  impl.RoleInfo (RoleInfo.java:shutdownLeaderElection(130)) - a759a49b-3cd3-49e9-826c-16e7b00ba8b7: shutdown a759a49b-3cd3-49e9-826c-16e7b00ba8b7@group-8C1DE3C4B685-LeaderElection113
2022-10-15 07:44:37,776 [a759a49b-3cd3-49e9-826c-16e7b00ba8b7@group-8C1DE3C4B685-LeaderElection113] INFO  impl.RoleInfo (RoleInfo.java:updateAndGet(139)) - a759a49b-3cd3-49e9-826c-16e7b00ba8b7: start a759a49b-3cd3-49e9-826c-16e7b00ba8b7@group-8C1DE3C4B685-FollowerState
2022-10-15 07:44:37,777 [grpc-default-executor-3] INFO  server.RaftServer$Division (RaftServerImpl.java:requestVote(1152)) - 35429393-00b4-4ffa-a437-723b6b48652e@group-8C1DE3C4B685: receive requestVote(ELECTION, 2807d27e-eacf-4ef9-9ccd-2d34dc032c62, group-8C1DE3C4B685, 1, (t:0, i:0))
2022-10-15 07:44:37,777 [grpc-default-executor-3] INFO  impl.VoteContext (VoteContext.java:log(48)) - 35429393-00b4-4ffa-a437-723b6b48652e@group-8C1DE3C4B685-FOLLOWER: reject ELECTION from 2807d27e-eacf-4ef9-9ccd-2d34dc032c62: our priority 1 > candidate's priority 0
2022-10-15 07:44:37,777 [grpc-default-executor-3] INFO  server.RaftServer$Division (RaftServerImpl.java:setRole(299)) - 35429393-00b4-4ffa-a437-723b6b48652e@group-8C1DE3C4B685: changes role from  FOLLOWER to FOLLOWER at term 1 for candidate:2807d27e-eacf-4ef9-9ccd-2d34dc032c62
2022-10-15 07:44:37,777 [grpc-default-executor-3] INFO  impl.RoleInfo (RoleInfo.java:shutdownFollowerState(110)) - 35429393-00b4-4ffa-a437-723b6b48652e: shutdown 35429393-00b4-4ffa-a437-723b6b48652e@group-8C1DE3C4B685-FollowerState
2022-10-15 07:44:37,778 [grpc-default-executor-5] INFO  server.RaftServer$Division (RaftServerImpl.java:requestVote(1152)) - a759a49b-3cd3-49e9-826c-16e7b00ba8b7@group-8C1DE3C4B685: receive requestVote(ELECTION, 2807d27e-eacf-4ef9-9ccd-2d34dc032c62, group-8C1DE3C4B685, 1, (t:0, i:0))
2022-10-15 07:44:37,786 [grpc-default-executor-5] INFO  impl.VoteContext (VoteContext.java:log(48)) - a759a49b-3cd3-49e9-826c-16e7b00ba8b7@group-8C1DE3C4B685-FOLLOWER: reject ELECTION from 2807d27e-eacf-4ef9-9ccd-2d34dc032c62: already has voted for a759a49b-3cd3-49e9-826c-16e7b00ba8b7 at current term 1
2022-10-15 07:44:37,786 [grpc-default-executor-5] INFO  server.RaftServer$Division (RaftServerImpl.java:requestVote(1184)) - a759a49b-3cd3-49e9-826c-16e7b00ba8b7@group-8C1DE3C4B685 replies to ELECTION vote request: 2807d27e-eacf-4ef9-9ccd-2d34dc032c62<-a759a49b-3cd3-49e9-826c-16e7b00ba8b7#0:FAIL-t1. Peer's state: a759a49b-3cd3-49e9-826c-16e7b00ba8b7@group-8C1DE3C4B685:t1, leader=null, voted=a759a49b-3cd3-49e9-826c-16e7b00ba8b7, raftlog=a759a49b-3cd3-49e9-826c-16e7b00ba8b7@group-8C1DE3C4B685-SegmentedRaftLog:OPENED:c-1, conf=-1: [35429393-00b4-4ffa-a437-723b6b48652e|rpc:10.1.1.113:40931|dataStream:|priority:1, 2807d27e-eacf-4ef9-9ccd-2d34dc032c62|rpc:10.1.1.113:39475|dataStream:|priority:0, a759a49b-3cd3-49e9-826c-16e7b00ba8b7|rpc:10.1.1.113:42469|dataStream:|priority:0], old=null
2022-10-15 07:44:37,795 [grpc-default-executor-7] INFO  server.RaftServer (RaftServerProxy.java:addNew(96)) - 7fbbdba2-60d2-4bcb-9af9-465dc1fc8d8a: addNew group-50B708ACB90C:[7fbbdba2-60d2-4bcb-9af9-465dc1fc8d8a|rpc:10.1.1.113:38635|dataStream:|priority:1, abd8e8e1-9e09-4ec0-a897-8fd48f6e99a3|rpc:10.1.1.113:44465|dataStream:|priority:0, 8dac584f-6024-4576-b5a3-2bef0f48735e|rpc:10.1.1.113:35155|dataStream:|priority:0] returns group-50B708ACB90C:java.util.concurrent.CompletableFuture@4c56ab6d[Not completed]
2022-10-15 07:44:37,795 [grpc-default-executor-3] INFO  impl.RoleInfo (RoleInfo.java:updateAndGet(139)) - 35429393-00b4-4ffa-a437-723b6b48652e: start 35429393-00b4-4ffa-a437-723b6b48652e@group-8C1DE3C4B685-FollowerState
2022-10-15 07:44:37,795 [35429393-00b4-4ffa-a437-723b6b48652e@group-8C1DE3C4B685-FollowerState] INFO  impl.FollowerState (FollowerState.java:run(152)) - 35429393-00b4-4ffa-a437-723b6b48652e@group-8C1DE3C4B685-FollowerState was interrupted
2022-10-15 07:44:37,796 [pool-3729-thread-1] INFO  server.RaftServer$Division (RaftServerImpl.java:<init>(190)) - 7fbbdba2-60d2-4bcb-9af9-465dc1fc8d8a: new RaftServerImpl for group-50B708ACB90C:[7fbbdba2-60d2-4bcb-9af9-465dc1fc8d8a|rpc:10.1.1.113:38635|dataStream:|priority:1, abd8e8e1-9e09-4ec0-a897-8fd48f6e99a3|rpc:10.1.1.113:44465|dataStream:|priority:0, 8dac584f-6024-4576-b5a3-2bef0f48735e|rpc:10.1.1.113:35155|dataStream:|priority:0] with ContainerStateMachine:uninitialized
2022-10-15 07:44:37,796 [pool-3729-thread-1] INFO  server.RaftServerConfigKeys (ConfUtils.java:logGet(46)) - raft.server.rpc.timeout.min = 5s (custom)
2022-10-15 07:44:37,796 [pool-3729-thread-1] INFO  server.RaftServerConfigKeys (ConfUtils.java:logGet(46)) - raft.server.rpc.timeout.max = 5200ms (custom)
2022-10-15 07:44:37,796 [pool-3729-thread-1] INFO  server.RaftServerConfigKeys (ConfUtils.java:logGet(46)) - raft.server.rpc.sleep.time = 25ms (default)
2022-10-15 07:44:37,796 [pool-3729-thread-1] INFO  server.RaftServerConfigKeys (ConfUtils.java:logGet(46)) - raft.server.rpc.slowness.timeout = 300s (custom)
2022-10-15 07:44:37,796 [pool-3729-thread-1] INFO  server.RaftServerConfigKeys (ConfUtils.java:logGet(46)) - raft.server.leaderelection.leader.step-down.wait-time = 10s (default)
2022-10-15 07:44:37,796 [pool-3729-thread-1] INFO  server.RaftServerConfigKeys (ConfUtils.java:logGet(46)) - raft.server.sleep.deviation.threshold = 300ms (default)
2022-10-15 07:44:37,796 [pool-3729-thread-1] INFO  server.RaftServer$Division (ServerState.java:<init>(107)) - 7fbbdba2-60d2-4bcb-9af9-465dc1fc8d8a@group-50B708ACB90C: ConfigurationManager, init=-1: [7fbbdba2-60d2-4bcb-9af9-465dc1fc8d8a|rpc:10.1.1.113:38635|dataStream:|priority:1, abd8e8e1-9e09-4ec0-a897-8fd48f6e99a3|rpc:10.1.1.113:44465|dataStream:|priority:0, 8dac584f-6024-4576-b5a3-2bef0f48735e|rpc:10.1.1.113:35155|dataStream:|priority:0], old=null, confs=<EMPTY_MAP>
2022-10-15 07:44:37,797 [pool-3729-thread-1] INFO  server.RaftServerConfigKeys (ConfUtils.java:logGet(46)) - raft.server.storage.dir = [/home/runner/work/ozone/ozone/hadoop-ozone/integration-test/target/test-dir/MiniOzoneClusterImpl-0c55ea5e-da39-43b3-be52-3d6e56a90e90/datanode-2/data/ratis] (custom)
2022-10-15 07:44:37,797 [pool-3729-thread-1] INFO  server.RaftServerConfigKeys (ConfUtils.java:logGet(46)) - raft.server.log.corruption.policy = EXCEPTION (default)
2022-10-15 07:44:37,797 [pool-3729-thread-1] INFO  server.RaftServerConfigKeys (ConfUtils.java:logGet(46)) - raft.server.storage.free-space.min = 0MB (=0) (default)
2022-10-15 07:44:37,797 [pool-3729-thread-1] INFO  storage.RaftStorageDirectory (RaftStorageDirectoryImpl.java:analyzeStorage(135)) - The storage directory /home/runner/work/ozone/ozone/hadoop-ozone/integration-test/target/test-dir/MiniOzoneClusterImpl-0c55ea5e-da39-43b3-be52-3d6e56a90e90/datanode-2/data/ratis/e12b6185-82dd-4645-a51e-50b708acb90c does not exist. Creating ...
2022-10-15 07:44:37,797 [grpc-default-executor-3] INFO  server.RaftServer$Division (RaftServerImpl.java:requestVote(1184)) - 35429393-00b4-4ffa-a437-723b6b48652e@group-8C1DE3C4B685 replies to ELECTION vote request: 2807d27e-eacf-4ef9-9ccd-2d34dc032c62<-35429393-00b4-4ffa-a437-723b6b48652e#0:FAIL-t1. Peer's state: 35429393-00b4-4ffa-a437-723b6b48652e@group-8C1DE3C4B685:t1, leader=null, voted=null, raftlog=35429393-00b4-4ffa-a437-723b6b48652e@group-8C1DE3C4B685-SegmentedRaftLog:OPENED:c-1, conf=-1: [35429393-00b4-4ffa-a437-723b6b48652e|rpc:10.1.1.113:40931|dataStream:|priority:1, 2807d27e-eacf-4ef9-9ccd-2d34dc032c62|rpc:10.1.1.113:39475|dataStream:|priority:0, a759a49b-3cd3-49e9-826c-16e7b00ba8b7|rpc:10.1.1.113:42469|dataStream:|priority:0], old=null
2022-10-15 07:44:37,798 [2807d27e-eacf-4ef9-9ccd-2d34dc032c62@group-8C1DE3C4B685-LeaderElection114] INFO  impl.LeaderElection (LeaderElection.java:logAndReturn(90)) - 2807d27e-eacf-4ef9-9ccd-2d34dc032c62@group-8C1DE3C4B685-LeaderElection114: ELECTION REJECTED received 2 response(s) and 0 exception(s):
2022-10-15 07:44:37,798 [2807d27e-eacf-4ef9-9ccd-2d34dc032c62@group-8C1DE3C4B685-LeaderElection114] INFO  impl.LeaderElection (LeaderElection.java:logAndReturn(94)) -   Response 0: 2807d27e-eacf-4ef9-9ccd-2d34dc032c62<-35429393-00b4-4ffa-a437-723b6b48652e#0:FAIL-t1
2022-10-15 07:44:37,798 [2807d27e-eacf-4ef9-9ccd-2d34dc032c62@group-8C1DE3C4B685-LeaderElection114] INFO  impl.LeaderElection (LeaderElection.java:logAndReturn(94)) -   Response 1: 2807d27e-eacf-4ef9-9ccd-2d34dc032c62<-a759a49b-3cd3-49e9-826c-16e7b00ba8b7#0:FAIL-t1
2022-10-15 07:44:37,798 [2807d27e-eacf-4ef9-9ccd-2d34dc032c62@group-8C1DE3C4B685-LeaderElection114] INFO  impl.LeaderElection (LeaderElection.java:askForVotes(312)) - 2807d27e-eacf-4ef9-9ccd-2d34dc032c62@group-8C1DE3C4B685-LeaderElection114 ELECTION round 0: result REJECTED
2022-10-15 07:44:37,798 [2807d27e-eacf-4ef9-9ccd-2d34dc032c62@group-8C1DE3C4B685-LeaderElection114] INFO  server.RaftServer$Division (RaftServerImpl.java:setRole(299)) - 2807d27e-eacf-4ef9-9ccd-2d34dc032c62@group-8C1DE3C4B685: changes role from CANDIDATE to FOLLOWER at term 1 for REJECTED
2022-10-15 07:44:37,798 [2807d27e-eacf-4ef9-9ccd-2d34dc032c62@group-8C1DE3C4B685-LeaderElection114] INFO  impl.RoleInfo (RoleInfo.java:shutdownLeaderElection(130)) - 2807d27e-eacf-4ef9-9ccd-2d34dc032c62: shutdown 2807d27e-eacf-4ef9-9ccd-2d34dc032c62@group-8C1DE3C4B685-LeaderElection114
2022-10-15 07:44:37,798 [2807d27e-eacf-4ef9-9ccd-2d34dc032c62@group-8C1DE3C4B685-LeaderElection114] INFO  impl.RoleInfo (RoleInfo.java:updateAndGet(139)) - 2807d27e-eacf-4ef9-9ccd-2d34dc032c62: start 2807d27e-eacf-4ef9-9ccd-2d34dc032c62@group-8C1DE3C4B685-FollowerState
2022-10-15 07:44:37,800 [pool-3729-thread-1] INFO  storage.RaftStorageDirectory (RaftStorageDirectoryImpl.java:tryLock(230)) - Lock on /home/runner/work/ozone/ozone/hadoop-ozone/integration-test/target/test-dir/MiniOzoneClusterImpl-0c55ea5e-da39-43b3-be52-3d6e56a90e90/datanode-2/data/ratis/e12b6185-82dd-4645-a51e-50b708acb90c/in_use.lock acquired by nodename 65647@fv-az204-107
2022-10-15 07:44:37,804 [pool-3729-thread-1] INFO  storage.RaftStorage (RaftStorageImpl.java:format(89)) - Storage directory /home/runner/work/ozone/ozone/hadoop-ozone/integration-test/target/test-dir/MiniOzoneClusterImpl-0c55ea5e-da39-43b3-be52-3d6e56a90e90/datanode-2/data/ratis/e12b6185-82dd-4645-a51e-50b708acb90c has been successfully formatted.
2022-10-15 07:44:37,804 [pool-3729-thread-1] INFO  ratis.ContainerStateMachine (ContainerStateMachine.java:loadSnapshot(236)) - group-50B708ACB90C: The snapshot info is null. Setting the last applied indexto:(t:0, i:~)
2022-10-15 07:44:37,804 [pool-3729-thread-1] INFO  server.RaftServerConfigKeys (ConfUtils.java:logGet(46)) - raft.server.notification.no-leader.timeout = 300s (custom)
2022-10-15 07:44:37,805 [pool-3729-thread-1] INFO  server.RaftServerConfigKeys (ConfUtils.java:logGet(46)) - raft.server.log.use.memory = false (default)
2022-10-15 07:44:37,805 [pool-3729-thread-1] INFO  server.RaftServerConfigKeys (ConfUtils.java:logGet(46)) - raft.server.log.purge.gap = 1000000 (custom)
2022-10-15 07:44:37,805 [pool-3729-thread-1] INFO  server.RaftServerConfigKeys (ConfUtils.java:logGet(46)) - raft.server.log.appender.buffer.byte-limit = 33554432 (custom)
2022-10-15 07:44:37,805 [pool-3729-thread-1] INFO  server.RaftServerConfigKeys (ConfUtils.java:logGet(46)) - raft.server.log.statemachine.data.read.timeout = 1000ms (default)
2022-10-15 07:44:37,805 [pool-3729-thread-1] INFO  server.RaftServerConfigKeys (ConfUtils.java:logGet(46)) - raft.server.log.segment.size.max = 1048576 (custom)
2022-10-15 07:44:37,807 [pool-3729-thread-1] INFO  server.RaftServerConfigKeys (ConfUtils.java:logGet(46)) - raft.server.log.segment.cache.num.max = 2 (custom)
2022-10-15 07:44:37,807 [pool-3729-thread-1] INFO  server.RaftServerConfigKeys (ConfUtils.java:logGet(46)) - raft.server.log.segment.cache.size.max = 200MB (=209715200) (default)
2022-10-15 07:44:37,807 [pool-3729-thread-1] INFO  segmented.SegmentedRaftLogWorker (SegmentedRaftLogWorker.java:<init>(187)) - new 7fbbdba2-60d2-4bcb-9af9-465dc1fc8d8a@group-50B708ACB90C-SegmentedRaftLogWorker for RaftStorageImpl:Storage Directory /home/runner/work/ozone/ozone/hadoop-ozone/integration-test/target/test-dir/MiniOzoneClusterImpl-0c55ea5e-da39-43b3-be52-3d6e56a90e90/datanode-2/data/ratis/e12b6185-82dd-4645-a51e-50b708acb90c
2022-10-15 07:44:37,807 [pool-3729-thread-1] INFO  server.RaftServerConfigKeys (ConfUtils.java:logGet(46)) - raft.server.log.queue.byte-limit = 4294967296 (custom)
2022-10-15 07:44:37,807 [pool-3729-thread-1] INFO  server.RaftServerConfigKeys (ConfUtils.java:logGet(46)) - raft.server.log.queue.element-limit = 1024 (custom)
2022-10-15 07:44:37,807 [pool-3729-thread-1] INFO  server.RaftServerConfigKeys (ConfUtils.java:logGet(46)) - raft.server.log.segment.size.max = 1048576 (custom)
2022-10-15 07:44:37,808 [pool-3729-thread-1] INFO  server.RaftServerConfigKeys (ConfUtils.java:logGet(46)) - raft.server.log.preallocated.size = 16384 (custom)
2022-10-15 07:44:37,808 [pool-3729-thread-1] INFO  server.RaftServerConfigKeys (ConfUtils.java:logGet(46)) - raft.server.log.force.sync.num = 128 (default)
2022-10-15 07:44:37,808 [pool-3729-thread-1] INFO  server.RaftServerConfigKeys (ConfUtils.java:logGet(46)) - raft.server.log.statemachine.data.sync = true (default)
2022-10-15 07:44:37,808 [pool-3729-thread-1] INFO  server.RaftServerConfigKeys (ConfUtils.java:logGet(46)) - raft.server.log.statemachine.data.sync.timeout = 10s (default)
2022-10-15 07:44:37,808 [pool-3729-thread-1] INFO  server.RaftServerConfigKeys (ConfUtils.java:logGet(46)) - raft.server.log.statemachine.data.sync.timeout.retry = -1 (default)
2022-10-15 07:44:37,810 [pool-3729-thread-1] INFO  server.RaftServerConfigKeys (ConfUtils.java:logGet(46)) - raft.server.log.write.buffer.size = 1048576 (custom)
2022-10-15 07:44:37,811 [pool-3729-thread-1] INFO  server.RaftServerConfigKeys (ConfUtils.java:logGet(46)) - raft.server.log.unsafe-flush.enabled = false (default)
2022-10-15 07:44:37,811 [pool-3729-thread-1] INFO  server.RaftServerConfigKeys (ConfUtils.java:logGet(46)) - raft.server.log.statemachine.data.caching.enabled = true (custom)
2022-10-15 07:44:37,811 [pool-3729-thread-1] INFO  segmented.SegmentedRaftLogWorker (SegmentedRaftLogWorker.java:lambda$new$0(135)) - 7fbbdba2-60d2-4bcb-9af9-465dc1fc8d8a@group-50B708ACB90C-SegmentedRaftLogWorker: flushIndex: setUnconditionally 0 -> -1
2022-10-15 07:44:37,811 [pool-3729-thread-1] INFO  segmented.SegmentedRaftLogWorker (SegmentedRaftLogWorker.java:lambda$new$0(135)) - 7fbbdba2-60d2-4bcb-9af9-465dc1fc8d8a@group-50B708ACB90C-SegmentedRaftLogWorker: safeCacheEvictIndex: setUnconditionally 0 -> -1
2022-10-15 07:44:37,811 [pool-3729-thread-1] INFO  server.RaftServerConfigKeys (ConfUtils.java:logGet(46)) - raft.server.snapshot.auto.trigger.enabled = true (custom)
2022-10-15 07:44:37,811 [pool-3729-thread-1] INFO  server.RaftServerConfigKeys (ConfUtils.java:logGet(46)) - raft.server.snapshot.auto.trigger.threshold = 10000 (custom)
2022-10-15 07:44:37,811 [pool-3729-thread-1] INFO  server.RaftServerConfigKeys (ConfUtils.java:logGet(46)) - raft.server.snapshot.retention.file.num = 5 (custom)
2022-10-15 07:44:37,811 [pool-3729-thread-1] INFO  server.RaftServerConfigKeys (ConfUtils.java:logGet(46)) - raft.server.log.purge.upto.snapshot.index = false (default)
2022-10-15 07:44:37,811 [pool-3729-thread-1] INFO  server.RaftServerConfigKeys (ConfUtils.java:logGet(46)) - raft.server.retrycache.expirytime = 600000ms (custom)
2022-10-15 07:44:37,811 [pool-3729-thread-1] INFO  server.RaftServerConfigKeys (ConfUtils.java:logGet(46)) - raft.server.retrycache.statistics.expirytime = 100μs (default)
2022-10-15 07:44:37,815 [pool-3729-thread-1] INFO  server.RaftServerConfigKeys (ConfUtils.java:logGet(46)) - raft.server.log.appender.install.snapshot.enabled = false (custom)
2022-10-15 07:44:37,815 [pool-3729-thread-1] INFO  server.RaftServerConfigKeys (ConfUtils.java:logGet(46)) - raft.server.threadpool.server.cached = true (default)
2022-10-15 07:44:37,815 [pool-3729-thread-1] INFO  server.RaftServerConfigKeys (ConfUtils.java:logGet(46)) - raft.server.threadpool.server.size = 0 (default)
2022-10-15 07:44:37,815 [pool-3729-thread-1] INFO  server.RaftServerConfigKeys (ConfUtils.java:logGet(46)) - raft.server.threadpool.client.cached = true (default)
2022-10-15 07:44:37,815 [pool-3729-thread-1] INFO  server.RaftServerConfigKeys (ConfUtils.java:logGet(46)) - raft.server.threadpool.client.size = 0 (default)
2022-10-15 07:44:37,815 [pool-3729-thread-1] INFO  server.RaftServer$Division (RaftServerImpl.java:start(310)) - 7fbbdba2-60d2-4bcb-9af9-465dc1fc8d8a@group-50B708ACB90C: start as a follower, conf=-1: [7fbbdba2-60d2-4bcb-9af9-465dc1fc8d8a|rpc:10.1.1.113:38635|dataStream:|priority:1, abd8e8e1-9e09-4ec0-a897-8fd48f6e99a3|rpc:10.1.1.113:44465|dataStream:|priority:0, 8dac584f-6024-4576-b5a3-2bef0f48735e|rpc:10.1.1.113:35155|dataStream:|priority:0], old=null
2022-10-15 07:44:37,815 [pool-3729-thread-1] INFO  server.RaftServer$Division (RaftServerImpl.java:setRole(299)) - 7fbbdba2-60d2-4bcb-9af9-465dc1fc8d8a@group-50B708ACB90C: changes role from      null to FOLLOWER at term 0 for startAsFollower
2022-10-15 07:44:37,815 [pool-3729-thread-1] INFO  impl.RoleInfo (RoleInfo.java:updateAndGet(139)) - 7fbbdba2-60d2-4bcb-9af9-465dc1fc8d8a: start 7fbbdba2-60d2-4bcb-9af9-465dc1fc8d8a@group-50B708ACB90C-FollowerState
2022-10-15 07:44:37,815 [pool-3729-thread-1] INFO  util.JmxRegister (JmxRegister.java:tryRegister(44)) - Successfully registered JMX Bean with object name Ratis:service=RaftServer,group=group-50B708ACB90C,id=7fbbdba2-60d2-4bcb-9af9-465dc1fc8d8a
2022-10-15 07:44:37,824 [grpc-default-executor-3] INFO  server.RaftServer (RaftServerProxy.java:addNew(96)) - 8dac584f-6024-4576-b5a3-2bef0f48735e: addNew group-50B708ACB90C:[7fbbdba2-60d2-4bcb-9af9-465dc1fc8d8a|rpc:10.1.1.113:38635|dataStream:|priority:1, abd8e8e1-9e09-4ec0-a897-8fd48f6e99a3|rpc:10.1.1.113:44465|dataStream:|priority:0, 8dac584f-6024-4576-b5a3-2bef0f48735e|rpc:10.1.1.113:35155|dataStream:|priority:0] returns group-50B708ACB90C:java.util.concurrent.CompletableFuture@6b8130f[Not completed]
2022-10-15 07:44:37,825 [pool-3706-thread-1] INFO  server.RaftServer$Division (RaftServerImpl.java:<init>(190)) - 8dac584f-6024-4576-b5a3-2bef0f48735e: new RaftServerImpl for group-50B708ACB90C:[7fbbdba2-60d2-4bcb-9af9-465dc1fc8d8a|rpc:10.1.1.113:38635|dataStream:|priority:1, abd8e8e1-9e09-4ec0-a897-8fd48f6e99a3|rpc:10.1.1.113:44465|dataStream:|priority:0, 8dac584f-6024-4576-b5a3-2bef0f48735e|rpc:10.1.1.113:35155|dataStream:|priority:0] with ContainerStateMachine:uninitialized
2022-10-15 07:44:37,825 [pool-3706-thread-1] INFO  server.RaftServerConfigKeys (ConfUtils.java:logGet(46)) - raft.server.rpc.timeout.min = 5s (custom)
2022-10-15 07:44:37,825 [pool-3706-thread-1] INFO  server.RaftServerConfigKeys (ConfUtils.java:logGet(46)) - raft.server.rpc.timeout.max = 5200ms (custom)
2022-10-15 07:44:37,825 [pool-3706-thread-1] INFO  server.RaftServerConfigKeys (ConfUtils.java:logGet(46)) - raft.server.rpc.sleep.time = 25ms (default)
2022-10-15 07:44:37,826 [pool-3706-thread-1] INFO  server.RaftServerConfigKeys (ConfUtils.java:logGet(46)) - raft.server.rpc.slowness.timeout = 300s (custom)
2022-10-15 07:44:37,826 [pool-3706-thread-1] INFO  server.RaftServerConfigKeys (ConfUtils.java:logGet(46)) - raft.server.leaderelection.leader.step-down.wait-time = 10s (default)
2022-10-15 07:44:37,826 [pool-3706-thread-1] INFO  server.RaftServerConfigKeys (ConfUtils.java:logGet(46)) - raft.server.sleep.deviation.threshold = 300ms (default)
2022-10-15 07:44:37,826 [pool-3706-thread-1] INFO  server.RaftServer$Division (ServerState.java:<init>(107)) - 8dac584f-6024-4576-b5a3-2bef0f48735e@group-50B708ACB90C: ConfigurationManager, init=-1: [7fbbdba2-60d2-4bcb-9af9-465dc1fc8d8a|rpc:10.1.1.113:38635|dataStream:|priority:1, abd8e8e1-9e09-4ec0-a897-8fd48f6e99a3|rpc:10.1.1.113:44465|dataStream:|priority:0, 8dac584f-6024-4576-b5a3-2bef0f48735e|rpc:10.1.1.113:35155|dataStream:|priority:0], old=null, confs=<EMPTY_MAP>
2022-10-15 07:44:37,826 [pool-3706-thread-1] INFO  server.RaftServerConfigKeys (ConfUtils.java:logGet(46)) - raft.server.storage.dir = [/home/runner/work/ozone/ozone/hadoop-ozone/integration-test/target/test-dir/MiniOzoneClusterImpl-0c55ea5e-da39-43b3-be52-3d6e56a90e90/datanode-1/data/ratis] (custom)
2022-10-15 07:44:37,826 [pool-3706-thread-1] INFO  server.RaftServerConfigKeys (ConfUtils.java:logGet(46)) - raft.server.log.corruption.policy = EXCEPTION (default)
2022-10-15 07:44:37,826 [pool-3706-thread-1] INFO  server.RaftServerConfigKeys (ConfUtils.java:logGet(46)) - raft.server.storage.free-space.min = 0MB (=0) (default)
2022-10-15 07:44:37,826 [pool-3706-thread-1] INFO  storage.RaftStorageDirectory (RaftStorageDirectoryImpl.java:analyzeStorage(135)) - The storage directory /home/runner/work/ozone/ozone/hadoop-ozone/integration-test/target/test-dir/MiniOzoneClusterImpl-0c55ea5e-da39-43b3-be52-3d6e56a90e90/datanode-1/data/ratis/e12b6185-82dd-4645-a51e-50b708acb90c does not exist. Creating ...
2022-10-15 07:44:37,827 [pool-3706-thread-1] INFO  storage.RaftStorageDirectory (RaftStorageDirectoryImpl.java:tryLock(230)) - Lock on /home/runner/work/ozone/ozone/hadoop-ozone/integration-test/target/test-dir/MiniOzoneClusterImpl-0c55ea5e-da39-43b3-be52-3d6e56a90e90/datanode-1/data/ratis/e12b6185-82dd-4645-a51e-50b708acb90c/in_use.lock acquired by nodename 65647@fv-az204-107
2022-10-15 07:44:37,829 [pool-3706-thread-1] INFO  storage.RaftStorage (RaftStorageImpl.java:format(89)) - Storage directory /home/runner/work/ozone/ozone/hadoop-ozone/integration-test/target/test-dir/MiniOzoneClusterImpl-0c55ea5e-da39-43b3-be52-3d6e56a90e90/datanode-1/data/ratis/e12b6185-82dd-4645-a51e-50b708acb90c has been successfully formatted.
2022-10-15 07:44:37,829 [pool-3706-thread-1] INFO  ratis.ContainerStateMachine (ContainerStateMachine.java:loadSnapshot(236)) - group-50B708ACB90C: The snapshot info is null. Setting the last applied indexto:(t:0, i:~)
2022-10-15 07:44:37,829 [pool-3706-thread-1] INFO  server.RaftServerConfigKeys (ConfUtils.java:logGet(46)) - raft.server.notification.no-leader.timeout = 300s (custom)
2022-10-15 07:44:37,829 [pool-3706-thread-1] INFO  server.RaftServerConfigKeys (ConfUtils.java:logGet(46)) - raft.server.log.use.memory = false (default)
2022-10-15 07:44:37,829 [pool-3706-thread-1] INFO  server.RaftServerConfigKeys (ConfUtils.java:logGet(46)) - raft.server.log.purge.gap = 1000000 (custom)
2022-10-15 07:44:37,829 [pool-3706-thread-1] INFO  server.RaftServerConfigKeys (ConfUtils.java:logGet(46)) - raft.server.log.appender.buffer.byte-limit = 33554432 (custom)
2022-10-15 07:44:37,829 [pool-3706-thread-1] INFO  server.RaftServerConfigKeys (ConfUtils.java:logGet(46)) - raft.server.log.statemachine.data.read.timeout = 1000ms (default)
2022-10-15 07:44:37,830 [pool-3706-thread-1] INFO  server.RaftServerConfigKeys (ConfUtils.java:logGet(46)) - raft.server.log.segment.size.max = 1048576 (custom)
2022-10-15 07:44:37,831 [pool-3706-thread-1] INFO  server.RaftServerConfigKeys (ConfUtils.java:logGet(46)) - raft.server.log.segment.cache.num.max = 2 (custom)
2022-10-15 07:44:37,831 [pool-3706-thread-1] INFO  server.RaftServerConfigKeys (ConfUtils.java:logGet(46)) - raft.server.log.segment.cache.size.max = 200MB (=209715200) (default)
2022-10-15 07:44:37,831 [pool-3706-thread-1] INFO  segmented.SegmentedRaftLogWorker (SegmentedRaftLogWorker.java:<init>(187)) - new 8dac584f-6024-4576-b5a3-2bef0f48735e@group-50B708ACB90C-SegmentedRaftLogWorker for RaftStorageImpl:Storage Directory /home/runner/work/ozone/ozone/hadoop-ozone/integration-test/target/test-dir/MiniOzoneClusterImpl-0c55ea5e-da39-43b3-be52-3d6e56a90e90/datanode-1/data/ratis/e12b6185-82dd-4645-a51e-50b708acb90c
2022-10-15 07:44:37,831 [pool-3706-thread-1] INFO  server.RaftServerConfigKeys (ConfUtils.java:logGet(46)) - raft.server.log.queue.byte-limit = 4294967296 (custom)
2022-10-15 07:44:37,831 [pool-3706-thread-1] INFO  server.RaftServerConfigKeys (ConfUtils.java:logGet(46)) - raft.server.log.queue.element-limit = 1024 (custom)
2022-10-15 07:44:37,831 [pool-3706-thread-1] INFO  server.RaftServerConfigKeys (ConfUtils.java:logGet(46)) - raft.server.log.segment.size.max = 1048576 (custom)
2022-10-15 07:44:37,831 [pool-3706-thread-1] INFO  server.RaftServerConfigKeys (ConfUtils.java:logGet(46)) - raft.server.log.preallocated.size = 16384 (custom)
2022-10-15 07:44:37,831 [pool-3706-thread-1] INFO  server.RaftServerConfigKeys (ConfUtils.java:logGet(46)) - raft.server.log.force.sync.num = 128 (default)
2022-10-15 07:44:37,831 [pool-3706-thread-1] INFO  server.RaftServerConfigKeys (ConfUtils.java:logGet(46)) - raft.server.log.statemachine.data.sync = true (default)
2022-10-15 07:44:37,831 [pool-3706-thread-1] INFO  server.RaftServerConfigKeys (ConfUtils.java:logGet(46)) - raft.server.log.statemachine.data.sync.timeout = 10s (default)
2022-10-15 07:44:37,832 [pool-3706-thread-1] INFO  server.RaftServerConfigKeys (ConfUtils.java:logGet(46)) - raft.server.log.statemachine.data.sync.timeout.retry = -1 (default)
2022-10-15 07:44:37,834 [pool-3706-thread-1] INFO  server.RaftServerConfigKeys (ConfUtils.java:logGet(46)) - raft.server.log.write.buffer.size = 1048576 (custom)
2022-10-15 07:44:37,834 [pool-3706-thread-1] INFO  server.RaftServerConfigKeys (ConfUtils.java:logGet(46)) - raft.server.log.unsafe-flush.enabled = false (default)
2022-10-15 07:44:37,834 [pool-3706-thread-1] INFO  server.RaftServerConfigKeys (ConfUtils.java:logGet(46)) - raft.server.log.statemachine.data.caching.enabled = true (custom)
2022-10-15 07:44:37,835 [pool-3706-thread-1] INFO  segmented.SegmentedRaftLogWorker (SegmentedRaftLogWorker.java:lambda$new$0(135)) - 8dac584f-6024-4576-b5a3-2bef0f48735e@group-50B708ACB90C-SegmentedRaftLogWorker: flushIndex: setUnconditionally 0 -> -1
2022-10-15 07:44:37,835 [pool-3706-thread-1] INFO  segmented.SegmentedRaftLogWorker (SegmentedRaftLogWorker.java:lambda$new$0(135)) - 8dac584f-6024-4576-b5a3-2bef0f48735e@group-50B708ACB90C-SegmentedRaftLogWorker: safeCacheEvictIndex: setUnconditionally 0 -> -1
2022-10-15 07:44:37,835 [pool-3706-thread-1] INFO  server.RaftServerConfigKeys (ConfUtils.java:logGet(46)) - raft.server.snapshot.auto.trigger.enabled = true (custom)
2022-10-15 07:44:37,835 [pool-3706-thread-1] INFO  server.RaftServerConfigKeys (ConfUtils.java:logGet(46)) - raft.server.snapshot.auto.trigger.threshold = 10000 (custom)
2022-10-15 07:44:37,835 [pool-3706-thread-1] INFO  server.RaftServerConfigKeys (ConfUtils.java:logGet(46)) - raft.server.snapshot.retention.file.num = 5 (custom)
2022-10-15 07:44:37,835 [pool-3706-thread-1] INFO  server.RaftServerConfigKeys (ConfUtils.java:logGet(46)) - raft.server.log.purge.upto.snapshot.index = false (default)
2022-10-15 07:44:37,835 [pool-3706-thread-1] INFO  server.RaftServerConfigKeys (ConfUtils.java:logGet(46)) - raft.server.retrycache.expirytime = 600000ms (custom)
2022-10-15 07:44:37,835 [pool-3706-thread-1] INFO  server.RaftServerConfigKeys (ConfUtils.java:logGet(46)) - raft.server.retrycache.statistics.expirytime = 100μs (default)
2022-10-15 07:44:37,841 [pool-3706-thread-1] INFO  server.RaftServerConfigKeys (ConfUtils.java:logGet(46)) - raft.server.log.appender.install.snapshot.enabled = false (custom)
2022-10-15 07:44:37,841 [pool-3706-thread-1] INFO  server.RaftServerConfigKeys (ConfUtils.java:logGet(46)) - raft.server.threadpool.server.cached = true (default)
2022-10-15 07:44:37,841 [pool-3706-thread-1] INFO  server.RaftServerConfigKeys (ConfUtils.java:logGet(46)) - raft.server.threadpool.server.size = 0 (default)
2022-10-15 07:44:37,841 [pool-3706-thread-1] INFO  server.RaftServerConfigKeys (ConfUtils.java:logGet(46)) - raft.server.threadpool.client.cached = true (default)
2022-10-15 07:44:37,841 [pool-3706-thread-1] INFO  server.RaftServerConfigKeys (ConfUtils.java:logGet(46)) - raft.server.threadpool.client.size = 0 (default)
2022-10-15 07:44:37,841 [pool-3706-thread-1] INFO  server.RaftServer$Division (RaftServerImpl.java:start(310)) - 8dac584f-6024-4576-b5a3-2bef0f48735e@group-50B708ACB90C: start as a follower, conf=-1: [7fbbdba2-60d2-4bcb-9af9-465dc1fc8d8a|rpc:10.1.1.113:38635|dataStream:|priority:1, abd8e8e1-9e09-4ec0-a897-8fd48f6e99a3|rpc:10.1.1.113:44465|dataStream:|priority:0, 8dac584f-6024-4576-b5a3-2bef0f48735e|rpc:10.1.1.113:35155|dataStream:|priority:0], old=null
2022-10-15 07:44:37,841 [pool-3706-thread-1] INFO  server.RaftServer$Division (RaftServerImpl.java:setRole(299)) - 8dac584f-6024-4576-b5a3-2bef0f48735e@group-50B708ACB90C: changes role from      null to FOLLOWER at term 0 for startAsFollower
2022-10-15 07:44:37,842 [pool-3706-thread-1] INFO  impl.RoleInfo (RoleInfo.java:updateAndGet(139)) - 8dac584f-6024-4576-b5a3-2bef0f48735e: start 8dac584f-6024-4576-b5a3-2bef0f48735e@group-50B708ACB90C-FollowerState
2022-10-15 07:44:37,842 [pool-3706-thread-1] INFO  util.JmxRegister (JmxRegister.java:tryRegister(44)) - Successfully registered JMX Bean with object name Ratis:service=RaftServer,group=group-50B708ACB90C,id=8dac584f-6024-4576-b5a3-2bef0f48735e
2022-10-15 07:44:37,845 [Command processor thread] INFO  commandhandler.CreatePipelineCommandHandler (CreatePipelineCommandHandler.java:handle(113)) - Created Pipeline RATIS THREE PipelineID=e12b6185-82dd-4645-a51e-50b708acb90c.
2022-10-15 07:44:38,011 [Listener at 127.0.0.1/40173] INFO  ozone.MiniOzoneClusterImpl (MiniOzoneClusterImpl.java:lambda$waitForClusterToBeReady$0(216)) - Nodes are ready. Got 7 of 7 DN Heartbeats.
2022-10-15 07:44:38,012 [Listener at 127.0.0.1/40173] INFO  ozone.MiniOzoneClusterImpl (MiniOzoneClusterImpl.java:lambda$waitForClusterToBeReady$0(219)) - Waiting for cluster to exit safe mode
2022-10-15 07:44:38,012 [Listener at 127.0.0.1/40173] INFO  ozone.MiniOzoneClusterImpl (MiniOzoneClusterImpl.java:lambda$waitForClusterToBeReady$0(221)) - SCM became leader
2022-10-15 07:44:38,056 [IPC Server handler 0 on default port 42971] INFO  server.SCMDatanodeHeartbeatDispatcher (SCMDatanodeHeartbeatDispatcher.java:dispatch(103)) - SCM received heartbeat from an unregistered datanode 87a1f2dd-43fb-444c-bcbf-3c07980bc85d{ip: 10.1.1.113, host: fv-az204-107.tdy0fjcc0bpubcu1xr20co1pbf.dx.internal.cloudapp.net, ports: [REPLICATION=45983, RATIS=44739, RATIS_ADMIN=44739, RATIS_SERVER=44739, STANDALONE=45899], networkLocation: /default-rack, certSerialId: null, persistedOpState: null, persistedOpStateExpiryEpochSec: 0}. Asking datanode to re-register.
2022-10-15 07:44:38,062 [IPC Server handler 1 on default port 42971] INFO  server.SCMDatanodeHeartbeatDispatcher (SCMDatanodeHeartbeatDispatcher.java:dispatch(103)) - SCM received heartbeat from an unregistered datanode 0e59cd28-e34a-4544-a63c-9bf8db58f2a0{ip: 10.1.1.113, host: fv-az204-107.tdy0fjcc0bpubcu1xr20co1pbf.dx.internal.cloudapp.net, ports: [REPLICATION=42631, RATIS=44973, RATIS_ADMIN=44973, RATIS_SERVER=44973, STANDALONE=37829], networkLocation: /default-rack, certSerialId: null, persistedOpState: null, persistedOpStateExpiryEpochSec: 0}. Asking datanode to re-register.
2022-10-15 07:44:38,068 [IPC Server handler 2 on default port 42971] INFO  server.SCMDatanodeHeartbeatDispatcher (SCMDatanodeHeartbeatDispatcher.java:dispatch(103)) - SCM received heartbeat from an unregistered datanode 859fee52-0ce0-4420-ab82-e0e92b354dcb{ip: 10.1.1.113, host: fv-az204-107.tdy0fjcc0bpubcu1xr20co1pbf.dx.internal.cloudapp.net, ports: [REPLICATION=45939, RATIS=32857, RATIS_ADMIN=32857, RATIS_SERVER=32857, STANDALONE=46271], networkLocation: /default-rack, certSerialId: null, persistedOpState: null, persistedOpStateExpiryEpochSec: 0}. Asking datanode to re-register.
2022-10-15 07:44:38,110 [Command processor thread] INFO  server.RaftServer (RaftServerProxy.java:addNew(96)) - 8dac584f-6024-4576-b5a3-2bef0f48735e: addNew group-FD37F9280DE0:[8dac584f-6024-4576-b5a3-2bef0f48735e|rpc:10.1.1.113:35155|priority:1] returns group-FD37F9280DE0:java.util.concurrent.CompletableFuture@749af981[Not completed]
2022-10-15 07:44:38,111 [pool-3706-thread-1] INFO  server.RaftServer$Division (RaftServerImpl.java:<init>(190)) - 8dac584f-6024-4576-b5a3-2bef0f48735e: new RaftServerImpl for group-FD37F9280DE0:[8dac584f-6024-4576-b5a3-2bef0f48735e|rpc:10.1.1.113:35155|priority:1] with ContainerStateMachine:uninitialized
2022-10-15 07:44:38,111 [pool-3706-thread-1] INFO  server.RaftServerConfigKeys (ConfUtils.java:logGet(46)) - raft.server.rpc.timeout.min = 5s (custom)
2022-10-15 07:44:38,111 [pool-3706-thread-1] INFO  server.RaftServerConfigKeys (ConfUtils.java:logGet(46)) - raft.server.rpc.timeout.max = 5200ms (custom)
2022-10-15 07:44:38,111 [pool-3706-thread-1] INFO  server.RaftServerConfigKeys (ConfUtils.java:logGet(46)) - raft.server.rpc.sleep.time = 25ms (default)
2022-10-15 07:44:38,111 [pool-3706-thread-1] INFO  server.RaftServerConfigKeys (ConfUtils.java:logGet(46)) - raft.server.rpc.slowness.timeout = 300s (custom)
2022-10-15 07:44:38,111 [pool-3706-thread-1] INFO  server.RaftServerConfigKeys (ConfUtils.java:logGet(46)) - raft.server.leaderelection.leader.step-down.wait-time = 10s (default)
2022-10-15 07:44:38,111 [pool-3706-thread-1] INFO  server.RaftServerConfigKeys (ConfUtils.java:logGet(46)) - raft.server.sleep.deviation.threshold = 300ms (default)
2022-10-15 07:44:38,111 [pool-3706-thread-1] INFO  server.RaftServer$Division (ServerState.java:<init>(107)) - 8dac584f-6024-4576-b5a3-2bef0f48735e@group-FD37F9280DE0: ConfigurationManager, init=-1: [8dac584f-6024-4576-b5a3-2bef0f48735e|rpc:10.1.1.113:35155|priority:1], old=null, confs=<EMPTY_MAP>
2022-10-15 07:44:38,111 [pool-3706-thread-1] INFO  server.RaftServerConfigKeys (ConfUtils.java:logGet(46)) - raft.server.storage.dir = [/home/runner/work/ozone/ozone/hadoop-ozone/integration-test/target/test-dir/MiniOzoneClusterImpl-0c55ea5e-da39-43b3-be52-3d6e56a90e90/datanode-1/data/ratis] (custom)
2022-10-15 07:44:38,112 [pool-3706-thread-1] INFO  server.RaftServerConfigKeys (ConfUtils.java:logGet(46)) - raft.server.log.corruption.policy = EXCEPTION (default)
2022-10-15 07:44:38,112 [pool-3706-thread-1] INFO  server.RaftServerConfigKeys (ConfUtils.java:logGet(46)) - raft.server.storage.free-space.min = 0MB (=0) (default)
2022-10-15 07:44:38,112 [pool-3706-thread-1] INFO  storage.RaftStorageDirectory (RaftStorageDirectoryImpl.java:analyzeStorage(135)) - The storage directory /home/runner/work/ozone/ozone/hadoop-ozone/integration-test/target/test-dir/MiniOzoneClusterImpl-0c55ea5e-da39-43b3-be52-3d6e56a90e90/datanode-1/data/ratis/c685a129-db30-4513-b890-fd37f9280de0 does not exist. Creating ...
2022-10-15 07:44:38,113 [pool-3706-thread-1] INFO  storage.RaftStorageDirectory (RaftStorageDirectoryImpl.java:tryLock(230)) - Lock on /home/runner/work/ozone/ozone/hadoop-ozone/integration-test/target/test-dir/MiniOzoneClusterImpl-0c55ea5e-da39-43b3-be52-3d6e56a90e90/datanode-1/data/ratis/c685a129-db30-4513-b890-fd37f9280de0/in_use.lock acquired by nodename 65647@fv-az204-107
2022-10-15 07:44:38,115 [pool-3706-thread-1] INFO  storage.RaftStorage (RaftStorageImpl.java:format(89)) - Storage directory /home/runner/work/ozone/ozone/hadoop-ozone/integration-test/target/test-dir/MiniOzoneClusterImpl-0c55ea5e-da39-43b3-be52-3d6e56a90e90/datanode-1/data/ratis/c685a129-db30-4513-b890-fd37f9280de0 has been successfully formatted.
2022-10-15 07:44:38,115 [pool-3706-thread-1] INFO  ratis.ContainerStateMachine (ContainerStateMachine.java:loadSnapshot(236)) - group-FD37F9280DE0: The snapshot info is null. Setting the last applied indexto:(t:0, i:~)
2022-10-15 07:44:38,115 [pool-3706-thread-1] INFO  server.RaftServerConfigKeys (ConfUtils.java:logGet(46)) - raft.server.notification.no-leader.timeout = 300s (custom)
2022-10-15 07:44:38,115 [pool-3706-thread-1] INFO  server.RaftServerConfigKeys (ConfUtils.java:logGet(46)) - raft.server.log.use.memory = false (default)
2022-10-15 07:44:38,116 [pool-3706-thread-1] INFO  server.RaftServerConfigKeys (ConfUtils.java:logGet(46)) - raft.server.log.purge.gap = 1000000 (custom)
2022-10-15 07:44:38,116 [pool-3706-thread-1] INFO  server.RaftServerConfigKeys (ConfUtils.java:logGet(46)) - raft.server.log.appender.buffer.byte-limit = 33554432 (custom)
2022-10-15 07:44:38,116 [pool-3706-thread-1] INFO  server.RaftServerConfigKeys (ConfUtils.java:logGet(46)) - raft.server.log.statemachine.data.read.timeout = 1000ms (default)
2022-10-15 07:44:38,116 [EventQueue-PipelineReportForPipelineReportHandler] INFO  pipeline.PipelineManagerImpl (PipelineManagerImpl.java:openPipeline(367)) - Pipeline Pipeline[ Id: c685a129-db30-4513-b890-fd37f9280de0, Nodes: 8dac584f-6024-4576-b5a3-2bef0f48735e{ip: 10.1.1.113, host: fv-az204-107.tdy0fjcc0bpubcu1xr20co1pbf.dx.internal.cloudapp.net, ports: [REPLICATION=42387, RATIS=35155, RATIS_ADMIN=35155, RATIS_SERVER=35155, STANDALONE=33151], networkLocation: /default-rack, certSerialId: null, persistedOpState: IN_SERVICE, persistedOpStateExpiryEpochSec: 0}, ReplicationConfig: RATIS/ONE, State:ALLOCATED, leaderId:8dac584f-6024-4576-b5a3-2bef0f48735e, CreationTimestamp2022-10-15T07:44:35.121Z[Etc/UTC]] moved to OPEN state
2022-10-15 07:44:38,116 [pool-3706-thread-1] INFO  server.RaftServerConfigKeys (ConfUtils.java:logGet(46)) - raft.server.log.segment.size.max = 1048576 (custom)
2022-10-15 07:44:38,116 [EventQueue-OpenPipelineForHealthyPipelineSafeModeRule] INFO  safemode.SCMSafeModeManager (HealthyPipelineSafeModeRule.java:process(137)) - SCM in safe mode. Healthy pipelines reported count is 0, required healthy pipeline reported count is 1
2022-10-15 07:44:38,117 [pool-3706-thread-1] INFO  server.RaftServerConfigKeys (ConfUtils.java:logGet(46)) - raft.server.log.segment.cache.num.max = 2 (custom)
2022-10-15 07:44:38,117 [pool-3706-thread-1] INFO  server.RaftServerConfigKeys (ConfUtils.java:logGet(46)) - raft.server.log.segment.cache.size.max = 200MB (=209715200) (default)
2022-10-15 07:44:38,117 [pool-3706-thread-1] INFO  segmented.SegmentedRaftLogWorker (SegmentedRaftLogWorker.java:<init>(187)) - new 8dac584f-6024-4576-b5a3-2bef0f48735e@group-FD37F9280DE0-SegmentedRaftLogWorker for RaftStorageImpl:Storage Directory /home/runner/work/ozone/ozone/hadoop-ozone/integration-test/target/test-dir/MiniOzoneClusterImpl-0c55ea5e-da39-43b3-be52-3d6e56a90e90/datanode-1/data/ratis/c685a129-db30-4513-b890-fd37f9280de0
2022-10-15 07:44:38,117 [pool-3706-thread-1] INFO  server.RaftServerConfigKeys (ConfUtils.java:logGet(46)) - raft.server.log.queue.byte-limit = 4294967296 (custom)
2022-10-15 07:44:38,117 [pool-3706-thread-1] INFO  server.RaftServerConfigKeys (ConfUtils.java:logGet(46)) - raft.server.log.queue.element-limit = 1024 (custom)
2022-10-15 07:44:38,117 [pool-3706-thread-1] INFO  server.RaftServerConfigKeys (ConfUtils.java:logGet(46)) - raft.server.log.segment.size.max = 1048576 (custom)
2022-10-15 07:44:38,117 [pool-3706-thread-1] INFO  server.RaftServerConfigKeys (ConfUtils.java:logGet(46)) - raft.server.log.preallocated.size = 16384 (custom)
2022-10-15 07:44:38,117 [pool-3706-thread-1] INFO  server.RaftServerConfigKeys (ConfUtils.java:logGet(46)) - raft.server.log.force.sync.num = 128 (default)
2022-10-15 07:44:38,117 [pool-3706-thread-1] INFO  server.RaftServerConfigKeys (ConfUtils.java:logGet(46)) - raft.server.log.statemachine.data.sync = true (default)
2022-10-15 07:44:38,117 [pool-3706-thread-1] INFO  server.RaftServerConfigKeys (ConfUtils.java:logGet(46)) - raft.server.log.statemachine.data.sync.timeout = 10s (default)
2022-10-15 07:44:38,118 [pool-3706-thread-1] INFO  server.RaftServerConfigKeys (ConfUtils.java:logGet(46)) - raft.server.log.statemachine.data.sync.timeout.retry = -1 (default)
2022-10-15 07:44:38,120 [pool-3706-thread-1] INFO  server.RaftServerConfigKeys (ConfUtils.java:logGet(46)) - raft.server.log.write.buffer.size = 1048576 (custom)
2022-10-15 07:44:38,123 [pool-3706-thread-1] INFO  server.RaftServerConfigKeys (ConfUtils.java:logGet(46)) - raft.server.log.unsafe-flush.enabled = false (default)
2022-10-15 07:44:38,123 [pool-3706-thread-1] INFO  server.RaftServerConfigKeys (ConfUtils.java:logGet(46)) - raft.server.log.statemachine.data.caching.enabled = true (custom)
2022-10-15 07:44:38,123 [pool-3706-thread-1] INFO  segmented.SegmentedRaftLogWorker (SegmentedRaftLogWorker.java:lambda$new$0(135)) - 8dac584f-6024-4576-b5a3-2bef0f48735e@group-FD37F9280DE0-SegmentedRaftLogWorker: flushIndex: setUnconditionally 0 -> -1
2022-10-15 07:44:38,123 [pool-3706-thread-1] INFO  segmented.SegmentedRaftLogWorker (SegmentedRaftLogWorker.java:lambda$new$0(135)) - 8dac584f-6024-4576-b5a3-2bef0f48735e@group-FD37F9280DE0-SegmentedRaftLogWorker: safeCacheEvictIndex: setUnconditionally 0 -> -1
2022-10-15 07:44:38,123 [pool-3706-thread-1] INFO  server.RaftServerConfigKeys (ConfUtils.java:logGet(46)) - raft.server.snapshot.auto.trigger.enabled = true (custom)
2022-10-15 07:44:38,123 [pool-3706-thread-1] INFO  server.RaftServerConfigKeys (ConfUtils.java:logGet(46)) - raft.server.snapshot.auto.trigger.threshold = 10000 (custom)
2022-10-15 07:44:38,123 [pool-3706-thread-1] INFO  server.RaftServerConfigKeys (ConfUtils.java:logGet(46)) - raft.server.snapshot.retention.file.num = 5 (custom)
2022-10-15 07:44:38,123 [pool-3706-thread-1] INFO  server.RaftServerConfigKeys (ConfUtils.java:logGet(46)) - raft.server.log.purge.upto.snapshot.index = false (default)
2022-10-15 07:44:38,123 [pool-3706-thread-1] INFO  server.RaftServerConfigKeys (ConfUtils.java:logGet(46)) - raft.server.retrycache.expirytime = 600000ms (custom)
2022-10-15 07:44:38,123 [pool-3706-thread-1] INFO  server.RaftServerConfigKeys (ConfUtils.java:logGet(46)) - raft.server.retrycache.statistics.expirytime = 100μs (default)
2022-10-15 07:44:38,126 [pool-3706-thread-1] INFO  server.RaftServerConfigKeys (ConfUtils.java:logGet(46)) - raft.server.log.appender.install.snapshot.enabled = false (custom)
2022-10-15 07:44:38,126 [pool-3706-thread-1] INFO  server.RaftServerConfigKeys (ConfUtils.java:logGet(46)) - raft.server.threadpool.server.cached = true (default)
2022-10-15 07:44:38,126 [pool-3706-thread-1] INFO  server.RaftServerConfigKeys (ConfUtils.java:logGet(46)) - raft.server.threadpool.server.size = 0 (default)
2022-10-15 07:44:38,126 [pool-3706-thread-1] INFO  server.RaftServerConfigKeys (ConfUtils.java:logGet(46)) - raft.server.threadpool.client.cached = true (default)
2022-10-15 07:44:38,126 [pool-3706-thread-1] INFO  server.RaftServerConfigKeys (ConfUtils.java:logGet(46)) - raft.server.threadpool.client.size = 0 (default)
2022-10-15 07:44:38,126 [pool-3706-thread-1] INFO  server.RaftServer$Division (RaftServerImpl.java:start(310)) - 8dac584f-6024-4576-b5a3-2bef0f48735e@group-FD37F9280DE0: start as a follower, conf=-1: [8dac584f-6024-4576-b5a3-2bef0f48735e|rpc:10.1.1.113:35155|priority:1], old=null
2022-10-15 07:44:38,126 [pool-3706-thread-1] INFO  server.RaftServer$Division (RaftServerImpl.java:setRole(299)) - 8dac584f-6024-4576-b5a3-2bef0f48735e@group-FD37F9280DE0: changes role from      null to FOLLOWER at term 0 for startAsFollower
2022-10-15 07:44:38,126 [pool-3706-thread-1] INFO  impl.RoleInfo (RoleInfo.java:updateAndGet(139)) - 8dac584f-6024-4576-b5a3-2bef0f48735e: start 8dac584f-6024-4576-b5a3-2bef0f48735e@group-FD37F9280DE0-FollowerState
2022-10-15 07:44:38,127 [pool-3706-thread-1] INFO  util.JmxRegister (JmxRegister.java:tryRegister(44)) - Successfully registered JMX Bean with object name Ratis:service=RaftServer,group=group-FD37F9280DE0,id=8dac584f-6024-4576-b5a3-2bef0f48735e
2022-10-15 07:44:38,128 [Command processor thread] INFO  ratis.XceiverServerRatis (XceiverServerRatis.java:addGroup(765)) - Created group PipelineID=c685a129-db30-4513-b890-fd37f9280de0
2022-10-15 07:44:38,128 [Command processor thread] INFO  commandhandler.CreatePipelineCommandHandler (CreatePipelineCommandHandler.java:handle(113)) - Created Pipeline RATIS ONE PipelineID=c685a129-db30-4513-b890-fd37f9280de0.
2022-10-15 07:44:38,165 [IPC Server handler 3 on default port 42971] INFO  server.SCMDatanodeHeartbeatDispatcher (SCMDatanodeHeartbeatDispatcher.java:dispatch(103)) - SCM received heartbeat from an unregistered datanode bef1a67a-597f-44ca-bb4b-ee4a6fc04327{ip: 10.1.1.113, host: fv-az204-107.tdy0fjcc0bpubcu1xr20co1pbf.dx.internal.cloudapp.net, ports: [REPLICATION=46791, RATIS=40411, RATIS_ADMIN=40411, RATIS_SERVER=40411, STANDALONE=40845], networkLocation: /default-rack, certSerialId: null, persistedOpState: IN_MAINTENANCE, persistedOpStateExpiryEpochSec: 0}. Asking datanode to re-register.
2022-10-15 07:44:38,246 [IPC Server handler 4 on default port 42971] INFO  server.SCMDatanodeHeartbeatDispatcher (SCMDatanodeHeartbeatDispatcher.java:dispatch(103)) - SCM received heartbeat from an unregistered datanode 35429393-00b4-4ffa-a437-723b6b48652e{ip: 10.1.1.113, host: fv-az204-107.tdy0fjcc0bpubcu1xr20co1pbf.dx.internal.cloudapp.net, ports: [REPLICATION=33503, RATIS=40931, RATIS_ADMIN=40931, RATIS_SERVER=40931, STANDALONE=34035], networkLocation: /default-rack, certSerialId: null, persistedOpState: null, persistedOpStateExpiryEpochSec: 0}. Asking datanode to re-register.
2022-10-15 07:44:38,252 [IPC Server handler 5 on default port 42971] INFO  server.SCMDatanodeHeartbeatDispatcher (SCMDatanodeHeartbeatDispatcher.java:dispatch(103)) - SCM received heartbeat from an unregistered datanode a759a49b-3cd3-49e9-826c-16e7b00ba8b7{ip: 10.1.1.113, host: fv-az204-107.tdy0fjcc0bpubcu1xr20co1pbf.dx.internal.cloudapp.net, ports: [REPLICATION=34531, RATIS=42469, RATIS_ADMIN=42469, RATIS_SERVER=42469, STANDALONE=44149], networkLocation: /default-rack, certSerialId: null, persistedOpState: null, persistedOpStateExpiryEpochSec: 0}. Asking datanode to re-register.
2022-10-15 07:44:38,391 [Over Replicated Processor] INFO  replication.OverReplicatedProcessor (OverReplicatedProcessor.java:processAll(90)) - Processed 0 over replicated containers, failed processing 0
2022-10-15 07:44:38,391 [Under Replicated Processor] INFO  replication.UnderReplicatedProcessor (UnderReplicatedProcessor.java:processAll(92)) - Processed 0 under replicated containers, failed processing 0
2022-10-15 07:44:38,392 [ReplicationMonitor] INFO  replication.ReplicationManager (ReplicationManager.java:processAll(324)) - Replication Monitor Thread took 0 milliseconds for processing 0 containers.
2022-10-15 07:44:38,519 [IPC Server handler 6 on default port 42971] INFO  server.SCMDatanodeHeartbeatDispatcher (SCMDatanodeHeartbeatDispatcher.java:dispatch(103)) - SCM received heartbeat from an unregistered datanode 2807d27e-eacf-4ef9-9ccd-2d34dc032c62{ip: 10.1.1.113, host: fv-az204-107.tdy0fjcc0bpubcu1xr20co1pbf.dx.internal.cloudapp.net, ports: [REPLICATION=43483, RATIS=39475, RATIS_ADMIN=39475, RATIS_SERVER=39475, STANDALONE=41617], networkLocation: /default-rack, certSerialId: null, persistedOpState: null, persistedOpStateExpiryEpochSec: 0}. Asking datanode to re-register.
2022-10-15 07:44:38,549 [Command processor thread] INFO  server.RaftServer (RaftServerProxy.java:addNew(96)) - 7fbbdba2-60d2-4bcb-9af9-465dc1fc8d8a: addNew group-7AA464F9E5E4:[7fbbdba2-60d2-4bcb-9af9-465dc1fc8d8a|rpc:10.1.1.113:38635|priority:1] returns group-7AA464F9E5E4:java.util.concurrent.CompletableFuture@48a2780[Not completed]
2022-10-15 07:44:38,550 [ReplicationMonitor] INFO  replication.ReplicationManager (ReplicationManager.java:processAll(291)) - Replication Manager is not ready to run until 3000ms after safemode exit
2022-10-15 07:44:38,550 [pool-3729-thread-1] INFO  server.RaftServer$Division (RaftServerImpl.java:<init>(190)) - 7fbbdba2-60d2-4bcb-9af9-465dc1fc8d8a: new RaftServerImpl for group-7AA464F9E5E4:[7fbbdba2-60d2-4bcb-9af9-465dc1fc8d8a|rpc:10.1.1.113:38635|priority:1] with ContainerStateMachine:uninitialized
2022-10-15 07:44:38,550 [pool-3729-thread-1] INFO  server.RaftServerConfigKeys (ConfUtils.java:logGet(46)) - raft.server.rpc.timeout.min = 5s (custom)
2022-10-15 07:44:38,550 [pool-3729-thread-1] INFO  server.RaftServerConfigKeys (ConfUtils.java:logGet(46)) - raft.server.rpc.timeout.max = 5200ms (custom)
2022-10-15 07:44:38,550 [pool-3729-thread-1] INFO  server.RaftServerConfigKeys (ConfUtils.java:logGet(46)) - raft.server.rpc.sleep.time = 25ms (default)
2022-10-15 07:44:38,550 [pool-3729-thread-1] INFO  server.RaftServerConfigKeys (ConfUtils.java:logGet(46)) - raft.server.rpc.slowness.timeout = 300s (custom)
2022-10-15 07:44:38,551 [pool-3729-thread-1] INFO  server.RaftServerConfigKeys (ConfUtils.java:logGet(46)) - raft.server.leaderelection.leader.step-down.wait-time = 10s (default)
2022-10-15 07:44:38,551 [pool-3729-thread-1] INFO  server.RaftServerConfigKeys (ConfUtils.java:logGet(46)) - raft.server.sleep.deviation.threshold = 300ms (default)
2022-10-15 07:44:38,551 [pool-3729-thread-1] INFO  server.RaftServer$Division (ServerState.java:<init>(107)) - 7fbbdba2-60d2-4bcb-9af9-465dc1fc8d8a@group-7AA464F9E5E4: ConfigurationManager, init=-1: [7fbbdba2-60d2-4bcb-9af9-465dc1fc8d8a|rpc:10.1.1.113:38635|priority:1], old=null, confs=<EMPTY_MAP>
2022-10-15 07:44:38,551 [pool-3729-thread-1] INFO  server.RaftServerConfigKeys (ConfUtils.java:logGet(46)) - raft.server.storage.dir = [/home/runner/work/ozone/ozone/hadoop-ozone/integration-test/target/test-dir/MiniOzoneClusterImpl-0c55ea5e-da39-43b3-be52-3d6e56a90e90/datanode-2/data/ratis] (custom)
2022-10-15 07:44:38,551 [pool-3729-thread-1] INFO  server.RaftServerConfigKeys (ConfUtils.java:logGet(46)) - raft.server.log.corruption.policy = EXCEPTION (default)
2022-10-15 07:44:38,551 [pool-3729-thread-1] INFO  server.RaftServerConfigKeys (ConfUtils.java:logGet(46)) - raft.server.storage.free-space.min = 0MB (=0) (default)
2022-10-15 07:44:38,551 [pool-3729-thread-1] INFO  storage.RaftStorageDirectory (RaftStorageDirectoryImpl.java:analyzeStorage(135)) - The storage directory /home/runner/work/ozone/ozone/hadoop-ozone/integration-test/target/test-dir/MiniOzoneClusterImpl-0c55ea5e-da39-43b3-be52-3d6e56a90e90/datanode-2/data/ratis/ba039abd-d7ed-4781-adc8-7aa464f9e5e4 does not exist. Creating ...
2022-10-15 07:44:38,553 [pool-3729-thread-1] INFO  storage.RaftStorageDirectory (RaftStorageDirectoryImpl.java:tryLock(230)) - Lock on /home/runner/work/ozone/ozone/hadoop-ozone/integration-test/target/test-dir/MiniOzoneClusterImpl-0c55ea5e-da39-43b3-be52-3d6e56a90e90/datanode-2/data/ratis/ba039abd-d7ed-4781-adc8-7aa464f9e5e4/in_use.lock acquired by nodename 65647@fv-az204-107
2022-10-15 07:44:38,554 [pool-3729-thread-1] INFO  storage.RaftStorage (RaftStorageImpl.java:format(89)) - Storage directory /home/runner/work/ozone/ozone/hadoop-ozone/integration-test/target/test-dir/MiniOzoneClusterImpl-0c55ea5e-da39-43b3-be52-3d6e56a90e90/datanode-2/data/ratis/ba039abd-d7ed-4781-adc8-7aa464f9e5e4 has been successfully formatted.
2022-10-15 07:44:38,555 [pool-3729-thread-1] INFO  ratis.ContainerStateMachine (ContainerStateMachine.java:loadSnapshot(236)) - group-7AA464F9E5E4: The snapshot info is null. Setting the last applied indexto:(t:0, i:~)
2022-10-15 07:44:38,555 [pool-3729-thread-1] INFO  server.RaftServerConfigKeys (ConfUtils.java:logGet(46)) - raft.server.notification.no-leader.timeout = 300s (custom)
2022-10-15 07:44:38,555 [pool-3729-thread-1] INFO  server.RaftServerConfigKeys (ConfUtils.java:logGet(46)) - raft.server.log.use.memory = false (default)
2022-10-15 07:44:38,555 [pool-3729-thread-1] INFO  server.RaftServerConfigKeys (ConfUtils.java:logGet(46)) - raft.server.log.purge.gap = 1000000 (custom)
2022-10-15 07:44:38,555 [pool-3729-thread-1] INFO  server.RaftServerConfigKeys (ConfUtils.java:logGet(46)) - raft.server.log.appender.buffer.byte-limit = 33554432 (custom)
2022-10-15 07:44:38,555 [pool-3729-thread-1] INFO  server.RaftServerConfigKeys (ConfUtils.java:logGet(46)) - raft.server.log.statemachine.data.read.timeout = 1000ms (default)
2022-10-15 07:44:38,556 [pool-3729-thread-1] INFO  server.RaftServerConfigKeys (ConfUtils.java:logGet(46)) - raft.server.log.segment.size.max = 1048576 (custom)
2022-10-15 07:44:38,556 [EventQueue-PipelineReportForPipelineReportHandler] INFO  pipeline.PipelineManagerImpl (PipelineManagerImpl.java:openPipeline(367)) - Pipeline Pipeline[ Id: ba039abd-d7ed-4781-adc8-7aa464f9e5e4, Nodes: 7fbbdba2-60d2-4bcb-9af9-465dc1fc8d8a{ip: 10.1.1.113, host: fv-az204-107.tdy0fjcc0bpubcu1xr20co1pbf.dx.internal.cloudapp.net, ports: [REPLICATION=46097, RATIS=38635, RATIS_ADMIN=38635, RATIS_SERVER=38635, STANDALONE=45351], networkLocation: /default-rack, certSerialId: null, persistedOpState: IN_SERVICE, persistedOpStateExpiryEpochSec: 0}, ReplicationConfig: RATIS/ONE, State:ALLOCATED, leaderId:7fbbdba2-60d2-4bcb-9af9-465dc1fc8d8a, CreationTimestamp2022-10-15T07:44:35.551Z[Etc/UTC]] moved to OPEN state
2022-10-15 07:44:38,556 [EventQueue-OpenPipelineForHealthyPipelineSafeModeRule] INFO  safemode.SCMSafeModeManager (HealthyPipelineSafeModeRule.java:process(137)) - SCM in safe mode. Healthy pipelines reported count is 0, required healthy pipeline reported count is 1
2022-10-15 07:44:38,557 [pool-3729-thread-1] INFO  server.RaftServerConfigKeys (ConfUtils.java:logGet(46)) - raft.server.log.segment.cache.num.max = 2 (custom)
2022-10-15 07:44:38,557 [pool-3729-thread-1] INFO  server.RaftServerConfigKeys (ConfUtils.java:logGet(46)) - raft.server.log.segment.cache.size.max = 200MB (=209715200) (default)
2022-10-15 07:44:38,557 [pool-3729-thread-1] INFO  segmented.SegmentedRaftLogWorker (SegmentedRaftLogWorker.java:<init>(187)) - new 7fbbdba2-60d2-4bcb-9af9-465dc1fc8d8a@group-7AA464F9E5E4-SegmentedRaftLogWorker for RaftStorageImpl:Storage Directory /home/runner/work/ozone/ozone/hadoop-ozone/integration-test/target/test-dir/MiniOzoneClusterImpl-0c55ea5e-da39-43b3-be52-3d6e56a90e90/datanode-2/data/ratis/ba039abd-d7ed-4781-adc8-7aa464f9e5e4
2022-10-15 07:44:38,557 [pool-3729-thread-1] INFO  server.RaftServerConfigKeys (ConfUtils.java:logGet(46)) - raft.server.log.queue.byte-limit = 4294967296 (custom)
2022-10-15 07:44:38,557 [pool-3729-thread-1] INFO  server.RaftServerConfigKeys (ConfUtils.java:logGet(46)) - raft.server.log.queue.element-limit = 1024 (custom)
2022-10-15 07:44:38,557 [pool-3729-thread-1] INFO  server.RaftServerConfigKeys (ConfUtils.java:logGet(46)) - raft.server.log.segment.size.max = 1048576 (custom)
2022-10-15 07:44:38,557 [pool-3729-thread-1] INFO  server.RaftServerConfigKeys (ConfUtils.java:logGet(46)) - raft.server.log.preallocated.size = 16384 (custom)
2022-10-15 07:44:38,557 [pool-3729-thread-1] INFO  server.RaftServerConfigKeys (ConfUtils.java:logGet(46)) - raft.server.log.force.sync.num = 128 (default)
2022-10-15 07:44:38,557 [pool-3729-thread-1] INFO  server.RaftServerConfigKeys (ConfUtils.java:logGet(46)) - raft.server.log.statemachine.data.sync = true (default)
2022-10-15 07:44:38,557 [pool-3729-thread-1] INFO  server.RaftServerConfigKeys (ConfUtils.java:logGet(46)) - raft.server.log.statemachine.data.sync.timeout = 10s (default)
2022-10-15 07:44:38,557 [pool-3729-thread-1] INFO  server.RaftServerConfigKeys (ConfUtils.java:logGet(46)) - raft.server.log.statemachine.data.sync.timeout.retry = -1 (default)
2022-10-15 07:44:38,560 [pool-3729-thread-1] INFO  server.RaftServerConfigKeys (ConfUtils.java:logGet(46)) - raft.server.log.write.buffer.size = 1048576 (custom)
2022-10-15 07:44:38,561 [pool-3729-thread-1] INFO  server.RaftServerConfigKeys (ConfUtils.java:logGet(46)) - raft.server.log.unsafe-flush.enabled = false (default)
2022-10-15 07:44:38,561 [pool-3729-thread-1] INFO  server.RaftServerConfigKeys (ConfUtils.java:logGet(46)) - raft.server.log.statemachine.data.caching.enabled = true (custom)
2022-10-15 07:44:38,561 [pool-3729-thread-1] INFO  segmented.SegmentedRaftLogWorker (SegmentedRaftLogWorker.java:lambda$new$0(135)) - 7fbbdba2-60d2-4bcb-9af9-465dc1fc8d8a@group-7AA464F9E5E4-SegmentedRaftLogWorker: flushIndex: setUnconditionally 0 -> -1
2022-10-15 07:44:38,561 [pool-3729-thread-1] INFO  segmented.SegmentedRaftLogWorker (SegmentedRaftLogWorker.java:lambda$new$0(135)) - 7fbbdba2-60d2-4bcb-9af9-465dc1fc8d8a@group-7AA464F9E5E4-SegmentedRaftLogWorker: safeCacheEvictIndex: setUnconditionally 0 -> -1
2022-10-15 07:44:38,561 [pool-3729-thread-1] INFO  server.RaftServerConfigKeys (ConfUtils.java:logGet(46)) - raft.server.snapshot.auto.trigger.enabled = true (custom)
2022-10-15 07:44:38,561 [pool-3729-thread-1] INFO  server.RaftServerConfigKeys (ConfUtils.java:logGet(46)) - raft.server.snapshot.auto.trigger.threshold = 10000 (custom)
2022-10-15 07:44:38,561 [pool-3729-thread-1] INFO  server.RaftServerConfigKeys (ConfUtils.java:logGet(46)) - raft.server.snapshot.retention.file.num = 5 (custom)
2022-10-15 07:44:38,561 [pool-3729-thread-1] INFO  server.RaftServerConfigKeys (ConfUtils.java:logGet(46)) - raft.server.log.purge.upto.snapshot.index = false (default)
2022-10-15 07:44:38,561 [pool-3729-thread-1] INFO  server.RaftServerConfigKeys (ConfUtils.java:logGet(46)) - raft.server.retrycache.expirytime = 600000ms (custom)
2022-10-15 07:44:38,562 [pool-3729-thread-1] INFO  server.RaftServerConfigKeys (ConfUtils.java:logGet(46)) - raft.server.retrycache.statistics.expirytime = 100μs (default)
2022-10-15 07:44:38,565 [pool-3729-thread-1] INFO  server.RaftServerConfigKeys (ConfUtils.java:logGet(46)) - raft.server.log.appender.install.snapshot.enabled = false (custom)
2022-10-15 07:44:38,565 [pool-3729-thread-1] INFO  server.RaftServerConfigKeys (ConfUtils.java:logGet(46)) - raft.server.threadpool.server.cached = true (default)
2022-10-15 07:44:38,565 [pool-3729-thread-1] INFO  server.RaftServerConfigKeys (ConfUtils.java:logGet(46)) - raft.server.threadpool.server.size = 0 (default)
2022-10-15 07:44:38,565 [pool-3729-thread-1] INFO  server.RaftServerConfigKeys (ConfUtils.java:logGet(46)) - raft.server.threadpool.client.cached = true (default)
2022-10-15 07:44:38,565 [pool-3729-thread-1] INFO  server.RaftServerConfigKeys (ConfUtils.java:logGet(46)) - raft.server.threadpool.client.size = 0 (default)
2022-10-15 07:44:38,565 [pool-3729-thread-1] INFO  server.RaftServer$Division (RaftServerImpl.java:start(310)) - 7fbbdba2-60d2-4bcb-9af9-465dc1fc8d8a@group-7AA464F9E5E4: start as a follower, conf=-1: [7fbbdba2-60d2-4bcb-9af9-465dc1fc8d8a|rpc:10.1.1.113:38635|priority:1], old=null
2022-10-15 07:44:38,565 [pool-3729-thread-1] INFO  server.RaftServer$Division (RaftServerImpl.java:setRole(299)) - 7fbbdba2-60d2-4bcb-9af9-465dc1fc8d8a@group-7AA464F9E5E4: changes role from      null to FOLLOWER at term 0 for startAsFollower
2022-10-15 07:44:38,565 [pool-3729-thread-1] INFO  impl.RoleInfo (RoleInfo.java:updateAndGet(139)) - 7fbbdba2-60d2-4bcb-9af9-465dc1fc8d8a: start 7fbbdba2-60d2-4bcb-9af9-465dc1fc8d8a@group-7AA464F9E5E4-FollowerState
2022-10-15 07:44:38,565 [pool-3729-thread-1] INFO  util.JmxRegister (JmxRegister.java:tryRegister(44)) - Successfully registered JMX Bean with object name Ratis:service=RaftServer,group=group-7AA464F9E5E4,id=7fbbdba2-60d2-4bcb-9af9-465dc1fc8d8a
2022-10-15 07:44:38,566 [Command processor thread] INFO  ratis.XceiverServerRatis (XceiverServerRatis.java:addGroup(765)) - Created group PipelineID=ba039abd-d7ed-4781-adc8-7aa464f9e5e4
2022-10-15 07:44:38,567 [Command processor thread] INFO  commandhandler.CreatePipelineCommandHandler (CreatePipelineCommandHandler.java:handle(113)) - Created Pipeline RATIS ONE PipelineID=ba039abd-d7ed-4781-adc8-7aa464f9e5e4.
2022-10-15 07:44:38,597 [ReplicationMonitor] INFO  replication.ReplicationManager (ReplicationManager.java:processAll(291)) - Replication Manager is not ready to run until 3000ms after safemode exit
2022-10-15 07:44:38,734 [EventQueue-OpenPipelineForHealthyPipelineSafeModeRule] INFO  safemode.SCMSafeModeManager (HealthyPipelineSafeModeRule.java:process(137)) - SCM in safe mode. Healthy pipelines reported count is 0, required healthy pipeline reported count is 1
2022-10-15 07:44:38,745 [Listener at 0.0.0.0/40471] INFO  ozone.MiniOzoneClusterImpl (MiniOzoneClusterImpl.java:lambda$waitForClusterToBeReady$0(216)) - Waiting for nodes to be ready. Got 0 of 7 DN Heartbeats.
2022-10-15 07:44:38,746 [Listener at 0.0.0.0/40471] INFO  ozone.MiniOzoneClusterImpl (MiniOzoneClusterImpl.java:lambda$waitForClusterToBeReady$0(219)) - Waiting for cluster to exit safe mode
2022-10-15 07:44:38,746 [Listener at 0.0.0.0/40471] INFO  ozone.MiniOzoneClusterImpl (MiniOzoneClusterImpl.java:lambda$waitForClusterToBeReady$0(221)) - SCM became leader
2022-10-15 07:44:38,967 [Command processor thread] INFO  server.RaftServer (RaftServerProxy.java:addNew(96)) - 7f555f3a-b754-420b-b6ea-bc4a43db69c9: addNew group-B16A668C3C87:[7f555f3a-b754-420b-b6ea-bc4a43db69c9|rpc:10.1.1.113:44353|priority:1] returns group-B16A668C3C87:java.util.concurrent.CompletableFuture@745de21e[Not completed]
2022-10-15 07:44:38,969 [pool-3756-thread-1] INFO  server.RaftServer$Division (RaftServerImpl.java:<init>(190)) - 7f555f3a-b754-420b-b6ea-bc4a43db69c9: new RaftServerImpl for group-B16A668C3C87:[7f555f3a-b754-420b-b6ea-bc4a43db69c9|rpc:10.1.1.113:44353|priority:1] with ContainerStateMachine:uninitialized
2022-10-15 07:44:38,969 [pool-3756-thread-1] INFO  server.RaftServerConfigKeys (ConfUtils.java:logGet(46)) - raft.server.rpc.timeout.min = 5s (custom)
2022-10-15 07:44:38,969 [pool-3756-thread-1] INFO  server.RaftServerConfigKeys (ConfUtils.java:logGet(46)) - raft.server.rpc.timeout.max = 5200ms (custom)
2022-10-15 07:44:38,969 [pool-3756-thread-1] INFO  server.RaftServerConfigKeys (ConfUtils.java:logGet(46)) - raft.server.rpc.sleep.time = 25ms (default)
2022-10-15 07:44:38,969 [pool-3756-thread-1] INFO  server.RaftServerConfigKeys (ConfUtils.java:logGet(46)) - raft.server.rpc.slowness.timeout = 300s (custom)
2022-10-15 07:44:38,969 [pool-3756-thread-1] INFO  server.RaftServerConfigKeys (ConfUtils.java:logGet(46)) - raft.server.leaderelection.leader.step-down.wait-time = 10s (default)
2022-10-15 07:44:38,969 [pool-3756-thread-1] INFO  server.RaftServerConfigKeys (ConfUtils.java:logGet(46)) - raft.server.sleep.deviation.threshold = 300ms (default)
2022-10-15 07:44:38,969 [pool-3756-thread-1] INFO  server.RaftServer$Division (ServerState.java:<init>(107)) - 7f555f3a-b754-420b-b6ea-bc4a43db69c9@group-B16A668C3C87: ConfigurationManager, init=-1: [7f555f3a-b754-420b-b6ea-bc4a43db69c9|rpc:10.1.1.113:44353|priority:1], old=null, confs=<EMPTY_MAP>
2022-10-15 07:44:38,969 [pool-3756-thread-1] INFO  server.RaftServerConfigKeys (ConfUtils.java:logGet(46)) - raft.server.storage.dir = [/home/runner/work/ozone/ozone/hadoop-ozone/integration-test/target/test-dir/MiniOzoneClusterImpl-0c55ea5e-da39-43b3-be52-3d6e56a90e90/datanode-3/data/ratis] (custom)
2022-10-15 07:44:38,971 [pool-3756-thread-1] INFO  server.RaftServerConfigKeys (ConfUtils.java:logGet(46)) - raft.server.log.corruption.policy = EXCEPTION (default)
2022-10-15 07:44:38,971 [pool-3756-thread-1] INFO  server.RaftServerConfigKeys (ConfUtils.java:logGet(46)) - raft.server.storage.free-space.min = 0MB (=0) (default)
2022-10-15 07:44:38,971 [pool-3756-thread-1] INFO  storage.RaftStorageDirectory (RaftStorageDirectoryImpl.java:analyzeStorage(135)) - The storage directory /home/runner/work/ozone/ozone/hadoop-ozone/integration-test/target/test-dir/MiniOzoneClusterImpl-0c55ea5e-da39-43b3-be52-3d6e56a90e90/datanode-3/data/ratis/c7493eba-7be1-42c5-8f2e-b16a668c3c87 does not exist. Creating ...
2022-10-15 07:44:38,973 [pool-3756-thread-1] INFO  storage.RaftStorageDirectory (RaftStorageDirectoryImpl.java:tryLock(230)) - Lock on /home/runner/work/ozone/ozone/hadoop-ozone/integration-test/target/test-dir/MiniOzoneClusterImpl-0c55ea5e-da39-43b3-be52-3d6e56a90e90/datanode-3/data/ratis/c7493eba-7be1-42c5-8f2e-b16a668c3c87/in_use.lock acquired by nodename 65647@fv-az204-107
2022-10-15 07:44:38,976 [pool-3756-thread-1] INFO  storage.RaftStorage (RaftStorageImpl.java:format(89)) - Storage directory /home/runner/work/ozone/ozone/hadoop-ozone/integration-test/target/test-dir/MiniOzoneClusterImpl-0c55ea5e-da39-43b3-be52-3d6e56a90e90/datanode-3/data/ratis/c7493eba-7be1-42c5-8f2e-b16a668c3c87 has been successfully formatted.
2022-10-15 07:44:38,976 [pool-3756-thread-1] INFO  ratis.ContainerStateMachine (ContainerStateMachine.java:loadSnapshot(236)) - group-B16A668C3C87: The snapshot info is null. Setting the last applied indexto:(t:0, i:~)
2022-10-15 07:44:38,976 [pool-3756-thread-1] INFO  server.RaftServerConfigKeys (ConfUtils.java:logGet(46)) - raft.server.notification.no-leader.timeout = 300s (custom)
2022-10-15 07:44:38,976 [pool-3756-thread-1] INFO  server.RaftServerConfigKeys (ConfUtils.java:logGet(46)) - raft.server.log.use.memory = false (default)
2022-10-15 07:44:38,976 [EventQueue-PipelineReportForPipelineReportHandler] INFO  pipeline.PipelineManagerImpl (PipelineManagerImpl.java:openPipeline(367)) - Pipeline Pipeline[ Id: c7493eba-7be1-42c5-8f2e-b16a668c3c87, Nodes: 7f555f3a-b754-420b-b6ea-bc4a43db69c9{ip: 10.1.1.113, host: fv-az204-107.tdy0fjcc0bpubcu1xr20co1pbf.dx.internal.cloudapp.net, ports: [REPLICATION=36131, RATIS=44353, RATIS_ADMIN=44353, RATIS_SERVER=44353, STANDALONE=43183], networkLocation: /default-rack, certSerialId: null, persistedOpState: IN_SERVICE, persistedOpStateExpiryEpochSec: 0}, ReplicationConfig: RATIS/ONE, State:ALLOCATED, leaderId:7f555f3a-b754-420b-b6ea-bc4a43db69c9, CreationTimestamp2022-10-15T07:44:35.968Z[Etc/UTC]] moved to OPEN state
2022-10-15 07:44:38,977 [EventQueue-OpenPipelineForHealthyPipelineSafeModeRule] INFO  safemode.SCMSafeModeManager (HealthyPipelineSafeModeRule.java:process(137)) - SCM in safe mode. Healthy pipelines reported count is 0, required healthy pipeline reported count is 1
2022-10-15 07:44:38,977 [pool-3756-thread-1] INFO  server.RaftServerConfigKeys (ConfUtils.java:logGet(46)) - raft.server.log.purge.gap = 1000000 (custom)
2022-10-15 07:44:38,977 [pool-3756-thread-1] INFO  server.RaftServerConfigKeys (ConfUtils.java:logGet(46)) - raft.server.log.appender.buffer.byte-limit = 33554432 (custom)
2022-10-15 07:44:38,977 [pool-3756-thread-1] INFO  server.RaftServerConfigKeys (ConfUtils.java:logGet(46)) - raft.server.log.statemachine.data.read.timeout = 1000ms (default)
2022-10-15 07:44:38,977 [pool-3756-thread-1] INFO  server.RaftServerConfigKeys (ConfUtils.java:logGet(46)) - raft.server.log.segment.size.max = 1048576 (custom)
2022-10-15 07:44:38,978 [pool-3756-thread-1] INFO  server.RaftServerConfigKeys (ConfUtils.java:logGet(46)) - raft.server.log.segment.cache.num.max = 2 (custom)
2022-10-15 07:44:38,978 [pool-3756-thread-1] INFO  server.RaftServerConfigKeys (ConfUtils.java:logGet(46)) - raft.server.log.segment.cache.size.max = 200MB (=209715200) (default)
2022-10-15 07:44:38,978 [pool-3756-thread-1] INFO  segmented.SegmentedRaftLogWorker (SegmentedRaftLogWorker.java:<init>(187)) - new 7f555f3a-b754-420b-b6ea-bc4a43db69c9@group-B16A668C3C87-SegmentedRaftLogWorker for RaftStorageImpl:Storage Directory /home/runner/work/ozone/ozone/hadoop-ozone/integration-test/target/test-dir/MiniOzoneClusterImpl-0c55ea5e-da39-43b3-be52-3d6e56a90e90/datanode-3/data/ratis/c7493eba-7be1-42c5-8f2e-b16a668c3c87
2022-10-15 07:44:38,979 [pool-3756-thread-1] INFO  server.RaftServerConfigKeys (ConfUtils.java:logGet(46)) - raft.server.log.queue.byte-limit = 4294967296 (custom)
2022-10-15 07:44:38,979 [pool-3756-thread-1] INFO  server.RaftServerConfigKeys (ConfUtils.java:logGet(46)) - raft.server.log.queue.element-limit = 1024 (custom)
2022-10-15 07:44:38,979 [pool-3756-thread-1] INFO  server.RaftServerConfigKeys (ConfUtils.java:logGet(46)) - raft.server.log.segment.size.max = 1048576 (custom)
2022-10-15 07:44:38,979 [pool-3756-thread-1] INFO  server.RaftServerConfigKeys (ConfUtils.java:logGet(46)) - raft.server.log.preallocated.size = 16384 (custom)
2022-10-15 07:44:38,979 [pool-3756-thread-1] INFO  server.RaftServerConfigKeys (ConfUtils.java:logGet(46)) - raft.server.log.force.sync.num = 128 (default)
2022-10-15 07:44:38,979 [pool-3756-thread-1] INFO  server.RaftServerConfigKeys (ConfUtils.java:logGet(46)) - raft.server.log.statemachine.data.sync = true (default)
2022-10-15 07:44:38,979 [pool-3756-thread-1] INFO  server.RaftServerConfigKeys (ConfUtils.java:logGet(46)) - raft.server.log.statemachine.data.sync.timeout = 10s (default)
2022-10-15 07:44:38,979 [pool-3756-thread-1] INFO  server.RaftServerConfigKeys (ConfUtils.java:logGet(46)) - raft.server.log.statemachine.data.sync.timeout.retry = -1 (default)
2022-10-15 07:44:38,981 [pool-3756-thread-1] INFO  server.RaftServerConfigKeys (ConfUtils.java:logGet(46)) - raft.server.log.write.buffer.size = 1048576 (custom)
2022-10-15 07:44:38,982 [pool-3756-thread-1] INFO  server.RaftServerConfigKeys (ConfUtils.java:logGet(46)) - raft.server.log.unsafe-flush.enabled = false (default)
2022-10-15 07:44:38,982 [pool-3756-thread-1] INFO  server.RaftServerConfigKeys (ConfUtils.java:logGet(46)) - raft.server.log.statemachine.data.caching.enabled = true (custom)
2022-10-15 07:44:38,982 [pool-3756-thread-1] INFO  segmented.SegmentedRaftLogWorker (SegmentedRaftLogWorker.java:lambda$new$0(135)) - 7f555f3a-b754-420b-b6ea-bc4a43db69c9@group-B16A668C3C87-SegmentedRaftLogWorker: flushIndex: setUnconditionally 0 -> -1
2022-10-15 07:44:38,982 [pool-3756-thread-1] INFO  segmented.SegmentedRaftLogWorker (SegmentedRaftLogWorker.java:lambda$new$0(135)) - 7f555f3a-b754-420b-b6ea-bc4a43db69c9@group-B16A668C3C87-SegmentedRaftLogWorker: safeCacheEvictIndex: setUnconditionally 0 -> -1
2022-10-15 07:44:38,982 [pool-3756-thread-1] INFO  server.RaftServerConfigKeys (ConfUtils.java:logGet(46)) - raft.server.snapshot.auto.trigger.enabled = true (custom)
2022-10-15 07:44:38,982 [pool-3756-thread-1] INFO  server.RaftServerConfigKeys (ConfUtils.java:logGet(46)) - raft.server.snapshot.auto.trigger.threshold = 10000 (custom)
2022-10-15 07:44:38,983 [pool-3756-thread-1] INFO  server.RaftServerConfigKeys (ConfUtils.java:logGet(46)) - raft.server.snapshot.retention.file.num = 5 (custom)
2022-10-15 07:44:38,983 [pool-3756-thread-1] INFO  server.RaftServerConfigKeys (ConfUtils.java:logGet(46)) - raft.server.log.purge.upto.snapshot.index = false (default)
2022-10-15 07:44:38,983 [pool-3756-thread-1] INFO  server.RaftServerConfigKeys (ConfUtils.java:logGet(46)) - raft.server.retrycache.expirytime = 600000ms (custom)
2022-10-15 07:44:38,983 [pool-3756-thread-1] INFO  server.RaftServerConfigKeys (ConfUtils.java:logGet(46)) - raft.server.retrycache.statistics.expirytime = 100μs (default)
2022-10-15 07:44:38,986 [pool-3756-thread-1] INFO  server.RaftServerConfigKeys (ConfUtils.java:logGet(46)) - raft.server.log.appender.install.snapshot.enabled = false (custom)
2022-10-15 07:44:38,986 [pool-3756-thread-1] INFO  server.RaftServerConfigKeys (ConfUtils.java:logGet(46)) - raft.server.threadpool.server.cached = true (default)
2022-10-15 07:44:38,986 [pool-3756-thread-1] INFO  server.RaftServerConfigKeys (ConfUtils.java:logGet(46)) - raft.server.threadpool.server.size = 0 (default)
2022-10-15 07:44:38,986 [pool-3756-thread-1] INFO  server.RaftServerConfigKeys (ConfUtils.java:logGet(46)) - raft.server.threadpool.client.cached = true (default)
2022-10-15 07:44:38,986 [pool-3756-thread-1] INFO  server.RaftServerConfigKeys (ConfUtils.java:logGet(46)) - raft.server.threadpool.client.size = 0 (default)
2022-10-15 07:44:38,986 [pool-3756-thread-1] INFO  server.RaftServer$Division (RaftServerImpl.java:start(310)) - 7f555f3a-b754-420b-b6ea-bc4a43db69c9@group-B16A668C3C87: start as a follower, conf=-1: [7f555f3a-b754-420b-b6ea-bc4a43db69c9|rpc:10.1.1.113:44353|priority:1], old=null
2022-10-15 07:44:38,986 [pool-3756-thread-1] INFO  server.RaftServer$Division (RaftServerImpl.java:setRole(299)) - 7f555f3a-b754-420b-b6ea-bc4a43db69c9@group-B16A668C3C87: changes role from      null to FOLLOWER at term 0 for startAsFollower
2022-10-15 07:44:38,986 [pool-3756-thread-1] INFO  impl.RoleInfo (RoleInfo.java:updateAndGet(139)) - 7f555f3a-b754-420b-b6ea-bc4a43db69c9: start 7f555f3a-b754-420b-b6ea-bc4a43db69c9@group-B16A668C3C87-FollowerState
2022-10-15 07:44:38,986 [pool-3756-thread-1] INFO  util.JmxRegister (JmxRegister.java:tryRegister(44)) - Successfully registered JMX Bean with object name Ratis:service=RaftServer,group=group-B16A668C3C87,id=7f555f3a-b754-420b-b6ea-bc4a43db69c9
2022-10-15 07:44:38,988 [Command processor thread] INFO  ratis.XceiverServerRatis (XceiverServerRatis.java:addGroup(765)) - Created group PipelineID=c7493eba-7be1-42c5-8f2e-b16a668c3c87
2022-10-15 07:44:38,988 [Command processor thread] INFO  commandhandler.CreatePipelineCommandHandler (CreatePipelineCommandHandler.java:handle(113)) - Created Pipeline RATIS ONE PipelineID=c7493eba-7be1-42c5-8f2e-b16a668c3c87.
2022-10-15 07:44:38,988 [Command processor thread] INFO  server.RaftServer (RaftServerProxy.java:addNew(96)) - 7f555f3a-b754-420b-b6ea-bc4a43db69c9: addNew group-C8483D63BD31:[ed0c9528-2c8b-4614-9eef-2d120a058ddc|rpc:10.1.1.113:42731|priority:0, 8734203a-70d5-40c1-ad48-a2d447aaef1c|rpc:10.1.1.113:36199|priority:1, 7f555f3a-b754-420b-b6ea-bc4a43db69c9|rpc:10.1.1.113:44353|priority:0] returns group-C8483D63BD31:java.util.concurrent.CompletableFuture@7062784d[Not completed]
2022-10-15 07:44:38,989 [pool-3756-thread-1] INFO  server.RaftServer$Division (RaftServerImpl.java:<init>(190)) - 7f555f3a-b754-420b-b6ea-bc4a43db69c9: new RaftServerImpl for group-C8483D63BD31:[ed0c9528-2c8b-4614-9eef-2d120a058ddc|rpc:10.1.1.113:42731|priority:0, 8734203a-70d5-40c1-ad48-a2d447aaef1c|rpc:10.1.1.113:36199|priority:1, 7f555f3a-b754-420b-b6ea-bc4a43db69c9|rpc:10.1.1.113:44353|priority:0] with ContainerStateMachine:uninitialized
2022-10-15 07:44:38,989 [pool-3756-thread-1] INFO  server.RaftServerConfigKeys (ConfUtils.java:logGet(46)) - raft.server.rpc.timeout.min = 5s (custom)
2022-10-15 07:44:38,989 [pool-3756-thread-1] INFO  server.RaftServerConfigKeys (ConfUtils.java:logGet(46)) - raft.server.rpc.timeout.max = 5200ms (custom)
2022-10-15 07:44:38,989 [pool-3756-thread-1] INFO  server.RaftServerConfigKeys (ConfUtils.java:logGet(46)) - raft.server.rpc.sleep.time = 25ms (default)
2022-10-15 07:44:38,989 [pool-3756-thread-1] INFO  server.RaftServerConfigKeys (ConfUtils.java:logGet(46)) - raft.server.rpc.slowness.timeout = 300s (custom)
2022-10-15 07:44:38,989 [pool-3756-thread-1] INFO  server.RaftServerConfigKeys (ConfUtils.java:logGet(46)) - raft.server.leaderelection.leader.step-down.wait-time = 10s (default)
2022-10-15 07:44:38,989 [pool-3756-thread-1] INFO  server.RaftServerConfigKeys (ConfUtils.java:logGet(46)) - raft.server.sleep.deviation.threshold = 300ms (default)
2022-10-15 07:44:38,989 [pool-3756-thread-1] INFO  server.RaftServer$Division (ServerState.java:<init>(107)) - 7f555f3a-b754-420b-b6ea-bc4a43db69c9@group-C8483D63BD31: ConfigurationManager, init=-1: [ed0c9528-2c8b-4614-9eef-2d120a058ddc|rpc:10.1.1.113:42731|priority:0, 8734203a-70d5-40c1-ad48-a2d447aaef1c|rpc:10.1.1.113:36199|priority:1, 7f555f3a-b754-420b-b6ea-bc4a43db69c9|rpc:10.1.1.113:44353|priority:0], old=null, confs=<EMPTY_MAP>
2022-10-15 07:44:38,989 [pool-3756-thread-1] INFO  server.RaftServerConfigKeys (ConfUtils.java:logGet(46)) - raft.server.storage.dir = [/home/runner/work/ozone/ozone/hadoop-ozone/integration-test/target/test-dir/MiniOzoneClusterImpl-0c55ea5e-da39-43b3-be52-3d6e56a90e90/datanode-3/data/ratis] (custom)
2022-10-15 07:44:38,989 [pool-3756-thread-1] INFO  server.RaftServerConfigKeys (ConfUtils.java:logGet(46)) - raft.server.log.corruption.policy = EXCEPTION (default)
2022-10-15 07:44:38,990 [pool-3756-thread-1] INFO  server.RaftServerConfigKeys (ConfUtils.java:logGet(46)) - raft.server.storage.free-space.min = 0MB (=0) (default)
2022-10-15 07:44:38,990 [pool-3756-thread-1] INFO  storage.RaftStorageDirectory (RaftStorageDirectoryImpl.java:analyzeStorage(135)) - The storage directory /home/runner/work/ozone/ozone/hadoop-ozone/integration-test/target/test-dir/MiniOzoneClusterImpl-0c55ea5e-da39-43b3-be52-3d6e56a90e90/datanode-3/data/ratis/f2e8005a-576a-4ae0-995a-c8483d63bd31 does not exist. Creating ...
2022-10-15 07:44:38,991 [pool-3756-thread-1] INFO  storage.RaftStorageDirectory (RaftStorageDirectoryImpl.java:tryLock(230)) - Lock on /home/runner/work/ozone/ozone/hadoop-ozone/integration-test/target/test-dir/MiniOzoneClusterImpl-0c55ea5e-da39-43b3-be52-3d6e56a90e90/datanode-3/data/ratis/f2e8005a-576a-4ae0-995a-c8483d63bd31/in_use.lock acquired by nodename 65647@fv-az204-107
2022-10-15 07:44:38,993 [pool-3756-thread-1] INFO  storage.RaftStorage (RaftStorageImpl.java:format(89)) - Storage directory /home/runner/work/ozone/ozone/hadoop-ozone/integration-test/target/test-dir/MiniOzoneClusterImpl-0c55ea5e-da39-43b3-be52-3d6e56a90e90/datanode-3/data/ratis/f2e8005a-576a-4ae0-995a-c8483d63bd31 has been successfully formatted.
2022-10-15 07:44:38,993 [pool-3756-thread-1] INFO  ratis.ContainerStateMachine (ContainerStateMachine.java:loadSnapshot(236)) - group-C8483D63BD31: The snapshot info is null. Setting the last applied indexto:(t:0, i:~)
2022-10-15 07:44:38,993 [pool-3756-thread-1] INFO  server.RaftServerConfigKeys (ConfUtils.java:logGet(46)) - raft.server.notification.no-leader.timeout = 300s (custom)
2022-10-15 07:44:38,993 [pool-3756-thread-1] INFO  server.RaftServerConfigKeys (ConfUtils.java:logGet(46)) - raft.server.log.use.memory = false (default)
2022-10-15 07:44:38,993 [pool-3756-thread-1] INFO  server.RaftServerConfigKeys (ConfUtils.java:logGet(46)) - raft.server.log.purge.gap = 1000000 (custom)
2022-10-15 07:44:38,993 [pool-3756-thread-1] INFO  server.RaftServerConfigKeys (ConfUtils.java:logGet(46)) - raft.server.log.appender.buffer.byte-limit = 33554432 (custom)
2022-10-15 07:44:38,993 [pool-3756-thread-1] INFO  server.RaftServerConfigKeys (ConfUtils.java:logGet(46)) - raft.server.log.statemachine.data.read.timeout = 1000ms (default)
2022-10-15 07:44:38,994 [pool-3756-thread-1] INFO  server.RaftServerConfigKeys (ConfUtils.java:logGet(46)) - raft.server.log.segment.size.max = 1048576 (custom)
2022-10-15 07:44:38,995 [pool-3756-thread-1] INFO  server.RaftServerConfigKeys (ConfUtils.java:logGet(46)) - raft.server.log.segment.cache.num.max = 2 (custom)
2022-10-15 07:44:38,995 [pool-3756-thread-1] INFO  server.RaftServerConfigKeys (ConfUtils.java:logGet(46)) - raft.server.log.segment.cache.size.max = 200MB (=209715200) (default)
2022-10-15 07:44:38,995 [pool-3756-thread-1] INFO  segmented.SegmentedRaftLogWorker (SegmentedRaftLogWorker.java:<init>(187)) - new 7f555f3a-b754-420b-b6ea-bc4a43db69c9@group-C8483D63BD31-SegmentedRaftLogWorker for RaftStorageImpl:Storage Directory /home/runner/work/ozone/ozone/hadoop-ozone/integration-test/target/test-dir/MiniOzoneClusterImpl-0c55ea5e-da39-43b3-be52-3d6e56a90e90/datanode-3/data/ratis/f2e8005a-576a-4ae0-995a-c8483d63bd31
2022-10-15 07:44:38,995 [pool-3756-thread-1] INFO  server.RaftServerConfigKeys (ConfUtils.java:logGet(46)) - raft.server.log.queue.byte-limit = 4294967296 (custom)
2022-10-15 07:44:38,995 [pool-3756-thread-1] INFO  server.RaftServerConfigKeys (ConfUtils.java:logGet(46)) - raft.server.log.queue.element-limit = 1024 (custom)
2022-10-15 07:44:38,995 [pool-3756-thread-1] INFO  server.RaftServerConfigKeys (ConfUtils.java:logGet(46)) - raft.server.log.segment.size.max = 1048576 (custom)
2022-10-15 07:44:38,995 [pool-3756-thread-1] INFO  server.RaftServerConfigKeys (ConfUtils.java:logGet(46)) - raft.server.log.preallocated.size = 16384 (custom)
2022-10-15 07:44:38,995 [pool-3756-thread-1] INFO  server.RaftServerConfigKeys (ConfUtils.java:logGet(46)) - raft.server.log.force.sync.num = 128 (default)
2022-10-15 07:44:38,995 [pool-3756-thread-1] INFO  server.RaftServerConfigKeys (ConfUtils.java:logGet(46)) - raft.server.log.statemachine.data.sync = true (default)
2022-10-15 07:44:38,995 [pool-3756-thread-1] INFO  server.RaftServerConfigKeys (ConfUtils.java:logGet(46)) - raft.server.log.statemachine.data.sync.timeout = 10s (default)
2022-10-15 07:44:38,995 [pool-3756-thread-1] INFO  server.RaftServerConfigKeys (ConfUtils.java:logGet(46)) - raft.server.log.statemachine.data.sync.timeout.retry = -1 (default)
2022-10-15 07:44:38,996 [EventQueue-OpenPipelineForHealthyPipelineSafeModeRule] INFO  safemode.SCMSafeModeManager (HealthyPipelineSafeModeRule.java:process(137)) - SCM in safe mode. Healthy pipelines reported count is 0, required healthy pipeline reported count is 1
2022-10-15 07:44:38,998 [pool-3756-thread-1] INFO  server.RaftServerConfigKeys (ConfUtils.java:logGet(46)) - raft.server.log.write.buffer.size = 1048576 (custom)
2022-10-15 07:44:38,999 [pool-3756-thread-1] INFO  server.RaftServerConfigKeys (ConfUtils.java:logGet(46)) - raft.server.log.unsafe-flush.enabled = false (default)
2022-10-15 07:44:38,999 [pool-3756-thread-1] INFO  server.RaftServerConfigKeys (ConfUtils.java:logGet(46)) - raft.server.log.statemachine.data.caching.enabled = true (custom)
2022-10-15 07:44:38,999 [pool-3756-thread-1] INFO  segmented.SegmentedRaftLogWorker (SegmentedRaftLogWorker.java:lambda$new$0(135)) - 7f555f3a-b754-420b-b6ea-bc4a43db69c9@group-C8483D63BD31-SegmentedRaftLogWorker: flushIndex: setUnconditionally 0 -> -1
2022-10-15 07:44:38,999 [pool-3756-thread-1] INFO  segmented.SegmentedRaftLogWorker (SegmentedRaftLogWorker.java:lambda$new$0(135)) - 7f555f3a-b754-420b-b6ea-bc4a43db69c9@group-C8483D63BD31-SegmentedRaftLogWorker: safeCacheEvictIndex: setUnconditionally 0 -> -1
2022-10-15 07:44:39,003 [pool-3756-thread-1] INFO  server.RaftServerConfigKeys (ConfUtils.java:logGet(46)) - raft.server.snapshot.auto.trigger.enabled = true (custom)
2022-10-15 07:44:39,003 [pool-3756-thread-1] INFO  server.RaftServerConfigKeys (ConfUtils.java:logGet(46)) - raft.server.snapshot.auto.trigger.threshold = 10000 (custom)
2022-10-15 07:44:39,003 [pool-3756-thread-1] INFO  server.RaftServerConfigKeys (ConfUtils.java:logGet(46)) - raft.server.snapshot.retention.file.num = 5 (custom)
2022-10-15 07:44:39,003 [pool-3756-thread-1] INFO  server.RaftServerConfigKeys (ConfUtils.java:logGet(46)) - raft.server.log.purge.upto.snapshot.index = false (default)
2022-10-15 07:44:39,003 [pool-3756-thread-1] INFO  server.RaftServerConfigKeys (ConfUtils.java:logGet(46)) - raft.server.retrycache.expirytime = 600000ms (custom)
2022-10-15 07:44:39,003 [pool-3756-thread-1] INFO  server.RaftServerConfigKeys (ConfUtils.java:logGet(46)) - raft.server.retrycache.statistics.expirytime = 100μs (default)
2022-10-15 07:44:39,006 [pool-3756-thread-1] INFO  server.RaftServerConfigKeys (ConfUtils.java:logGet(46)) - raft.server.log.appender.install.snapshot.enabled = false (custom)
2022-10-15 07:44:39,006 [pool-3756-thread-1] INFO  server.RaftServerConfigKeys (ConfUtils.java:logGet(46)) - raft.server.threadpool.server.cached = true (default)
2022-10-15 07:44:39,006 [pool-3756-thread-1] INFO  server.RaftServerConfigKeys (ConfUtils.java:logGet(46)) - raft.server.threadpool.server.size = 0 (default)
2022-10-15 07:44:39,006 [pool-3756-thread-1] INFO  server.RaftServerConfigKeys (ConfUtils.java:logGet(46)) - raft.server.threadpool.client.cached = true (default)
2022-10-15 07:44:39,006 [pool-3756-thread-1] INFO  server.RaftServerConfigKeys (ConfUtils.java:logGet(46)) - raft.server.threadpool.client.size = 0 (default)
2022-10-15 07:44:39,006 [pool-3756-thread-1] INFO  server.RaftServer$Division (RaftServerImpl.java:start(310)) - 7f555f3a-b754-420b-b6ea-bc4a43db69c9@group-C8483D63BD31: start as a follower, conf=-1: [ed0c9528-2c8b-4614-9eef-2d120a058ddc|rpc:10.1.1.113:42731|priority:0, 8734203a-70d5-40c1-ad48-a2d447aaef1c|rpc:10.1.1.113:36199|priority:1, 7f555f3a-b754-420b-b6ea-bc4a43db69c9|rpc:10.1.1.113:44353|priority:0], old=null
2022-10-15 07:44:39,006 [pool-3756-thread-1] INFO  server.RaftServer$Division (RaftServerImpl.java:setRole(299)) - 7f555f3a-b754-420b-b6ea-bc4a43db69c9@group-C8483D63BD31: changes role from      null to FOLLOWER at term 0 for startAsFollower
2022-10-15 07:44:39,006 [pool-3756-thread-1] INFO  impl.RoleInfo (RoleInfo.java:updateAndGet(139)) - 7f555f3a-b754-420b-b6ea-bc4a43db69c9: start 7f555f3a-b754-420b-b6ea-bc4a43db69c9@group-C8483D63BD31-FollowerState
2022-10-15 07:44:39,007 [pool-3756-thread-1] INFO  util.JmxRegister (JmxRegister.java:tryRegister(44)) - Successfully registered JMX Bean with object name Ratis:service=RaftServer,group=group-C8483D63BD31,id=7f555f3a-b754-420b-b6ea-bc4a43db69c9
2022-10-15 07:44:39,008 [Command processor thread] INFO  ratis.XceiverServerRatis (XceiverServerRatis.java:addGroup(765)) - Created group PipelineID=f2e8005a-576a-4ae0-995a-c8483d63bd31
2022-10-15 07:44:39,012 [Listener at 127.0.0.1/40173] INFO  ozone.MiniOzoneClusterImpl (MiniOzoneClusterImpl.java:lambda$waitForClusterToBeReady$0(216)) - Nodes are ready. Got 7 of 7 DN Heartbeats.
2022-10-15 07:44:39,012 [Listener at 127.0.0.1/40173] INFO  ozone.MiniOzoneClusterImpl (MiniOzoneClusterImpl.java:lambda$waitForClusterToBeReady$0(219)) - Waiting for cluster to exit safe mode
2022-10-15 07:44:39,012 [Listener at 127.0.0.1/40173] INFO  ozone.MiniOzoneClusterImpl (MiniOzoneClusterImpl.java:lambda$waitForClusterToBeReady$0(221)) - SCM became leader
2022-10-15 07:44:39,015 [grpc-default-executor-3] INFO  server.RaftServer (RaftServerProxy.java:addNew(96)) - ed0c9528-2c8b-4614-9eef-2d120a058ddc: addNew group-C8483D63BD31:[ed0c9528-2c8b-4614-9eef-2d120a058ddc|rpc:10.1.1.113:42731|dataStream:|priority:0, 8734203a-70d5-40c1-ad48-a2d447aaef1c|rpc:10.1.1.113:36199|dataStream:|priority:1, 7f555f3a-b754-420b-b6ea-bc4a43db69c9|rpc:10.1.1.113:44353|dataStream:|priority:0] returns group-C8483D63BD31:java.util.concurrent.CompletableFuture@23becefb[Not completed]
2022-10-15 07:44:39,017 [pool-3783-thread-1] INFO  server.RaftServer$Division (RaftServerImpl.java:<init>(190)) - ed0c9528-2c8b-4614-9eef-2d120a058ddc: new RaftServerImpl for group-C8483D63BD31:[ed0c9528-2c8b-4614-9eef-2d120a058ddc|rpc:10.1.1.113:42731|dataStream:|priority:0, 8734203a-70d5-40c1-ad48-a2d447aaef1c|rpc:10.1.1.113:36199|dataStream:|priority:1, 7f555f3a-b754-420b-b6ea-bc4a43db69c9|rpc:10.1.1.113:44353|dataStream:|priority:0] with ContainerStateMachine:uninitialized
2022-10-15 07:44:39,017 [pool-3783-thread-1] INFO  server.RaftServerConfigKeys (ConfUtils.java:logGet(46)) - raft.server.rpc.timeout.min = 5s (custom)
2022-10-15 07:44:39,017 [pool-3783-thread-1] INFO  server.RaftServerConfigKeys (ConfUtils.java:logGet(46)) - raft.server.rpc.timeout.max = 5200ms (custom)
2022-10-15 07:44:39,017 [pool-3783-thread-1] INFO  server.RaftServerConfigKeys (ConfUtils.java:logGet(46)) - raft.server.rpc.sleep.time = 25ms (default)
2022-10-15 07:44:39,017 [pool-3783-thread-1] INFO  server.RaftServerConfigKeys (ConfUtils.java:logGet(46)) - raft.server.rpc.slowness.timeout = 300s (custom)
2022-10-15 07:44:39,017 [pool-3783-thread-1] INFO  server.RaftServerConfigKeys (ConfUtils.java:logGet(46)) - raft.server.leaderelection.leader.step-down.wait-time = 10s (default)
2022-10-15 07:44:39,017 [pool-3783-thread-1] INFO  server.RaftServerConfigKeys (ConfUtils.java:logGet(46)) - raft.server.sleep.deviation.threshold = 300ms (default)
2022-10-15 07:44:39,017 [pool-3783-thread-1] INFO  server.RaftServer$Division (ServerState.java:<init>(107)) - ed0c9528-2c8b-4614-9eef-2d120a058ddc@group-C8483D63BD31: ConfigurationManager, init=-1: [ed0c9528-2c8b-4614-9eef-2d120a058ddc|rpc:10.1.1.113:42731|dataStream:|priority:0, 8734203a-70d5-40c1-ad48-a2d447aaef1c|rpc:10.1.1.113:36199|dataStream:|priority:1, 7f555f3a-b754-420b-b6ea-bc4a43db69c9|rpc:10.1.1.113:44353|dataStream:|priority:0], old=null, confs=<EMPTY_MAP>
2022-10-15 07:44:39,017 [pool-3783-thread-1] INFO  server.RaftServerConfigKeys (ConfUtils.java:logGet(46)) - raft.server.storage.dir = [/home/runner/work/ozone/ozone/hadoop-ozone/integration-test/target/test-dir/MiniOzoneClusterImpl-0c55ea5e-da39-43b3-be52-3d6e56a90e90/datanode-4/data/ratis] (custom)
2022-10-15 07:44:39,018 [pool-3783-thread-1] INFO  server.RaftServerConfigKeys (ConfUtils.java:logGet(46)) - raft.server.log.corruption.policy = EXCEPTION (default)
2022-10-15 07:44:39,018 [pool-3783-thread-1] INFO  server.RaftServerConfigKeys (ConfUtils.java:logGet(46)) - raft.server.storage.free-space.min = 0MB (=0) (default)
2022-10-15 07:44:39,018 [pool-3783-thread-1] INFO  storage.RaftStorageDirectory (RaftStorageDirectoryImpl.java:analyzeStorage(135)) - The storage directory /home/runner/work/ozone/ozone/hadoop-ozone/integration-test/target/test-dir/MiniOzoneClusterImpl-0c55ea5e-da39-43b3-be52-3d6e56a90e90/datanode-4/data/ratis/f2e8005a-576a-4ae0-995a-c8483d63bd31 does not exist. Creating ...
2022-10-15 07:44:39,019 [pool-3783-thread-1] INFO  storage.RaftStorageDirectory (RaftStorageDirectoryImpl.java:tryLock(230)) - Lock on /home/runner/work/ozone/ozone/hadoop-ozone/integration-test/target/test-dir/MiniOzoneClusterImpl-0c55ea5e-da39-43b3-be52-3d6e56a90e90/datanode-4/data/ratis/f2e8005a-576a-4ae0-995a-c8483d63bd31/in_use.lock acquired by nodename 65647@fv-az204-107
2022-10-15 07:44:39,021 [pool-3783-thread-1] INFO  storage.RaftStorage (RaftStorageImpl.java:format(89)) - Storage directory /home/runner/work/ozone/ozone/hadoop-ozone/integration-test/target/test-dir/MiniOzoneClusterImpl-0c55ea5e-da39-43b3-be52-3d6e56a90e90/datanode-4/data/ratis/f2e8005a-576a-4ae0-995a-c8483d63bd31 has been successfully formatted.
2022-10-15 07:44:39,021 [pool-3783-thread-1] INFO  ratis.ContainerStateMachine (ContainerStateMachine.java:loadSnapshot(236)) - group-C8483D63BD31: The snapshot info is null. Setting the last applied indexto:(t:0, i:~)
2022-10-15 07:44:39,021 [pool-3783-thread-1] INFO  server.RaftServerConfigKeys (ConfUtils.java:logGet(46)) - raft.server.notification.no-leader.timeout = 300s (custom)
2022-10-15 07:44:39,022 [pool-3783-thread-1] INFO  server.RaftServerConfigKeys (ConfUtils.java:logGet(46)) - raft.server.log.use.memory = false (default)
2022-10-15 07:44:39,022 [pool-3783-thread-1] INFO  server.RaftServerConfigKeys (ConfUtils.java:logGet(46)) - raft.server.log.purge.gap = 1000000 (custom)
2022-10-15 07:44:39,022 [pool-3783-thread-1] INFO  server.RaftServerConfigKeys (ConfUtils.java:logGet(46)) - raft.server.log.appender.buffer.byte-limit = 33554432 (custom)
2022-10-15 07:44:39,022 [pool-3783-thread-1] INFO  server.RaftServerConfigKeys (ConfUtils.java:logGet(46)) - raft.server.log.statemachine.data.read.timeout = 1000ms (default)
2022-10-15 07:44:39,022 [pool-3783-thread-1] INFO  server.RaftServerConfigKeys (ConfUtils.java:logGet(46)) - raft.server.log.segment.size.max = 1048576 (custom)
2022-10-15 07:44:39,023 [pool-3783-thread-1] INFO  server.RaftServerConfigKeys (ConfUtils.java:logGet(46)) - raft.server.log.segment.cache.num.max = 2 (custom)
2022-10-15 07:44:39,023 [pool-3783-thread-1] INFO  server.RaftServerConfigKeys (ConfUtils.java:logGet(46)) - raft.server.log.segment.cache.size.max = 200MB (=209715200) (default)
2022-10-15 07:44:39,023 [pool-3783-thread-1] INFO  segmented.SegmentedRaftLogWorker (SegmentedRaftLogWorker.java:<init>(187)) - new ed0c9528-2c8b-4614-9eef-2d120a058ddc@group-C8483D63BD31-SegmentedRaftLogWorker for RaftStorageImpl:Storage Directory /home/runner/work/ozone/ozone/hadoop-ozone/integration-test/target/test-dir/MiniOzoneClusterImpl-0c55ea5e-da39-43b3-be52-3d6e56a90e90/datanode-4/data/ratis/f2e8005a-576a-4ae0-995a-c8483d63bd31
2022-10-15 07:44:39,023 [pool-3783-thread-1] INFO  server.RaftServerConfigKeys (ConfUtils.java:logGet(46)) - raft.server.log.queue.byte-limit = 4294967296 (custom)
2022-10-15 07:44:39,023 [pool-3783-thread-1] INFO  server.RaftServerConfigKeys (ConfUtils.java:logGet(46)) - raft.server.log.queue.element-limit = 1024 (custom)
2022-10-15 07:44:39,024 [pool-3783-thread-1] INFO  server.RaftServerConfigKeys (ConfUtils.java:logGet(46)) - raft.server.log.segment.size.max = 1048576 (custom)
2022-10-15 07:44:39,024 [pool-3783-thread-1] INFO  server.RaftServerConfigKeys (ConfUtils.java:logGet(46)) - raft.server.log.preallocated.size = 16384 (custom)
2022-10-15 07:44:39,024 [pool-3783-thread-1] INFO  server.RaftServerConfigKeys (ConfUtils.java:logGet(46)) - raft.server.log.force.sync.num = 128 (default)
2022-10-15 07:44:39,024 [pool-3783-thread-1] INFO  server.RaftServerConfigKeys (ConfUtils.java:logGet(46)) - raft.server.log.statemachine.data.sync = true (default)
2022-10-15 07:44:39,024 [pool-3783-thread-1] INFO  server.RaftServerConfigKeys (ConfUtils.java:logGet(46)) - raft.server.log.statemachine.data.sync.timeout = 10s (default)
2022-10-15 07:44:39,024 [pool-3783-thread-1] INFO  server.RaftServerConfigKeys (ConfUtils.java:logGet(46)) - raft.server.log.statemachine.data.sync.timeout.retry = -1 (default)
2022-10-15 07:44:39,026 [pool-3783-thread-1] INFO  server.RaftServerConfigKeys (ConfUtils.java:logGet(46)) - raft.server.log.write.buffer.size = 1048576 (custom)
2022-10-15 07:44:39,027 [pool-3783-thread-1] INFO  server.RaftServerConfigKeys (ConfUtils.java:logGet(46)) - raft.server.log.unsafe-flush.enabled = false (default)
2022-10-15 07:44:39,027 [pool-3783-thread-1] INFO  server.RaftServerConfigKeys (ConfUtils.java:logGet(46)) - raft.server.log.statemachine.data.caching.enabled = true (custom)
2022-10-15 07:44:39,027 [pool-3783-thread-1] INFO  segmented.SegmentedRaftLogWorker (SegmentedRaftLogWorker.java:lambda$new$0(135)) - ed0c9528-2c8b-4614-9eef-2d120a058ddc@group-C8483D63BD31-SegmentedRaftLogWorker: flushIndex: setUnconditionally 0 -> -1
2022-10-15 07:44:39,027 [pool-3783-thread-1] INFO  segmented.SegmentedRaftLogWorker (SegmentedRaftLogWorker.java:lambda$new$0(135)) - ed0c9528-2c8b-4614-9eef-2d120a058ddc@group-C8483D63BD31-SegmentedRaftLogWorker: safeCacheEvictIndex: setUnconditionally 0 -> -1
2022-10-15 07:44:39,027 [pool-3783-thread-1] INFO  server.RaftServerConfigKeys (ConfUtils.java:logGet(46)) - raft.server.snapshot.auto.trigger.enabled = true (custom)
2022-10-15 07:44:39,027 [pool-3783-thread-1] INFO  server.RaftServerConfigKeys (ConfUtils.java:logGet(46)) - raft.server.snapshot.auto.trigger.threshold = 10000 (custom)
2022-10-15 07:44:39,027 [pool-3783-thread-1] INFO  server.RaftServerConfigKeys (ConfUtils.java:logGet(46)) - raft.server.snapshot.retention.file.num = 5 (custom)
2022-10-15 07:44:39,028 [pool-3783-thread-1] INFO  server.RaftServerConfigKeys (ConfUtils.java:logGet(46)) - raft.server.log.purge.upto.snapshot.index = false (default)
2022-10-15 07:44:39,028 [pool-3783-thread-1] INFO  server.RaftServerConfigKeys (ConfUtils.java:logGet(46)) - raft.server.retrycache.expirytime = 600000ms (custom)
2022-10-15 07:44:39,028 [pool-3783-thread-1] INFO  server.RaftServerConfigKeys (ConfUtils.java:logGet(46)) - raft.server.retrycache.statistics.expirytime = 100μs (default)
2022-10-15 07:44:39,032 [pool-3783-thread-1] INFO  server.RaftServerConfigKeys (ConfUtils.java:logGet(46)) - raft.server.log.appender.install.snapshot.enabled = false (custom)
2022-10-15 07:44:39,032 [pool-3783-thread-1] INFO  server.RaftServerConfigKeys (ConfUtils.java:logGet(46)) - raft.server.threadpool.server.cached = true (default)
2022-10-15 07:44:39,032 [pool-3783-thread-1] INFO  server.RaftServerConfigKeys (ConfUtils.java:logGet(46)) - raft.server.threadpool.server.size = 0 (default)
2022-10-15 07:44:39,032 [pool-3783-thread-1] INFO  server.RaftServerConfigKeys (ConfUtils.java:logGet(46)) - raft.server.threadpool.client.cached = true (default)
2022-10-15 07:44:39,032 [pool-3783-thread-1] INFO  server.RaftServerConfigKeys (ConfUtils.java:logGet(46)) - raft.server.threadpool.client.size = 0 (default)
2022-10-15 07:44:39,032 [pool-3783-thread-1] INFO  server.RaftServer$Division (RaftServerImpl.java:start(310)) - ed0c9528-2c8b-4614-9eef-2d120a058ddc@group-C8483D63BD31: start as a follower, conf=-1: [ed0c9528-2c8b-4614-9eef-2d120a058ddc|rpc:10.1.1.113:42731|dataStream:|priority:0, 8734203a-70d5-40c1-ad48-a2d447aaef1c|rpc:10.1.1.113:36199|dataStream:|priority:1, 7f555f3a-b754-420b-b6ea-bc4a43db69c9|rpc:10.1.1.113:44353|dataStream:|priority:0], old=null
2022-10-15 07:44:39,032 [pool-3783-thread-1] INFO  server.RaftServer$Division (RaftServerImpl.java:setRole(299)) - ed0c9528-2c8b-4614-9eef-2d120a058ddc@group-C8483D63BD31: changes role from      null to FOLLOWER at term 0 for startAsFollower
2022-10-15 07:44:39,032 [pool-3783-thread-1] INFO  impl.RoleInfo (RoleInfo.java:updateAndGet(139)) - ed0c9528-2c8b-4614-9eef-2d120a058ddc: start ed0c9528-2c8b-4614-9eef-2d120a058ddc@group-C8483D63BD31-FollowerState
2022-10-15 07:44:39,035 [pool-3783-thread-1] INFO  util.JmxRegister (JmxRegister.java:tryRegister(44)) - Successfully registered JMX Bean with object name Ratis:service=RaftServer,group=group-C8483D63BD31,id=ed0c9528-2c8b-4614-9eef-2d120a058ddc
2022-10-15 07:44:39,051 [IPC Server handler 0 on default port 42971] INFO  net.NetworkTopologyImpl (NetworkTopologyImpl.java:add(112)) - Added a new node: /default-rack/87a1f2dd-43fb-444c-bcbf-3c07980bc85d
2022-10-15 07:44:39,052 [IPC Server handler 0 on default port 42971] INFO  node.SCMNodeManager (SCMNodeManager.java:register(397)) - Registered Data node : 87a1f2dd-43fb-444c-bcbf-3c07980bc85d{ip: 10.1.1.113, host: fv-az204-107.tdy0fjcc0bpubcu1xr20co1pbf.dx.internal.cloudapp.net, ports: [REPLICATION=45983, RATIS=44739, RATIS_ADMIN=44739, RATIS_SERVER=44739, STANDALONE=45899], networkLocation: /default-rack, certSerialId: null, persistedOpState: null, persistedOpStateExpiryEpochSec: 0}
2022-10-15 07:44:39,065 [EventQueue-NodeRegistrationContainerReportForContainerSafeModeRule] INFO  safemode.SCMSafeModeManager (ContainerSafeModeRule.java:process(127)) - SCM in safe mode. 0.0 % containers have at least one reported replica.
2022-10-15 07:44:39,066 [EventQueue-NodeRegistrationContainerReportForDataNodeSafeModeRule] INFO  safemode.SCMSafeModeManager (DataNodeSafeModeRule.java:process(71)) - SCM in safe mode. 1 DataNodes registered, 3 required.
2022-10-15 07:44:39,066 [EventQueue-PipelineReportForOneReplicaPipelineSafeModeRule] INFO  safemode.SCMSafeModeManager (OneReplicaPipelineSafeModeRule.java:process(120)) - SCM in safe mode. Pipelines with at least one datanode reported count is 1, required at least one datanode reported per pipeline count is 1
2022-10-15 07:44:39,066 [EventQueue-PipelineReportForOneReplicaPipelineSafeModeRule] INFO  safemode.SCMSafeModeManager (SCMSafeModeManager.java:validateSafeModeExitRules(204)) - AtleastOneDatanodeReportedRule rule is successfully validated
2022-10-15 07:44:39,071 [IPC Server handler 2 on default port 42971] INFO  net.NetworkTopologyImpl (NetworkTopologyImpl.java:add(112)) - Added a new node: /default-rack/0e59cd28-e34a-4544-a63c-9bf8db58f2a0
2022-10-15 07:44:39,071 [IPC Server handler 2 on default port 42971] INFO  node.SCMNodeManager (SCMNodeManager.java:register(397)) - Registered Data node : 0e59cd28-e34a-4544-a63c-9bf8db58f2a0{ip: 10.1.1.113, host: fv-az204-107.tdy0fjcc0bpubcu1xr20co1pbf.dx.internal.cloudapp.net, ports: [REPLICATION=42631, RATIS=44973, RATIS_ADMIN=44973, RATIS_SERVER=44973, STANDALONE=37829], networkLocation: /default-rack, certSerialId: null, persistedOpState: null, persistedOpStateExpiryEpochSec: 0}
2022-10-15 07:44:39,075 [EventQueue-NewNodeForNewNodeHandler] INFO  pipeline.BackgroundPipelineCreator (BackgroundPipelineCreator.java:notifyEventTriggered(276)) - trigger a one-shot run on RatisPipelineUtilsThread.
2022-10-15 07:44:39,075 [EventQueue-NewNodeForNewNodeHandler] INFO  pipeline.BackgroundPipelineCreator (BackgroundPipelineCreator.java:notifyEventTriggered(276)) - trigger a one-shot run on RatisPipelineUtilsThread.
2022-10-15 07:44:39,076 [IPC Server handler 3 on default port 42971] INFO  net.NetworkTopologyImpl (NetworkTopologyImpl.java:add(112)) - Added a new node: /default-rack/859fee52-0ce0-4420-ab82-e0e92b354dcb
2022-10-15 07:44:39,077 [IPC Server handler 3 on default port 42971] INFO  node.SCMNodeManager (SCMNodeManager.java:register(397)) - Registered Data node : 859fee52-0ce0-4420-ab82-e0e92b354dcb{ip: 10.1.1.113, host: fv-az204-107.tdy0fjcc0bpubcu1xr20co1pbf.dx.internal.cloudapp.net, ports: [REPLICATION=45939, RATIS=32857, RATIS_ADMIN=32857, RATIS_SERVER=32857, STANDALONE=46271], networkLocation: /default-rack, certSerialId: null, persistedOpState: null, persistedOpStateExpiryEpochSec: 0}
2022-10-15 07:44:39,078 [EventQueue-NodeRegistrationContainerReportForContainerSafeModeRule] INFO  safemode.SCMSafeModeManager (ContainerSafeModeRule.java:process(127)) - SCM in safe mode. 0.0 % containers have at least one reported replica.
2022-10-15 07:44:39,078 [EventQueue-NodeRegistrationContainerReportForDataNodeSafeModeRule] INFO  safemode.SCMSafeModeManager (DataNodeSafeModeRule.java:process(71)) - SCM in safe mode. 2 DataNodes registered, 3 required.
2022-10-15 07:44:39,078 [EventQueue-NewNodeForNewNodeHandler] INFO  pipeline.BackgroundPipelineCreator (BackgroundPipelineCreator.java:notifyEventTriggered(276)) - trigger a one-shot run on RatisPipelineUtilsThread.
2022-10-15 07:44:39,080 [EventQueue-NodeRegistrationContainerReportForContainerSafeModeRule] INFO  safemode.SCMSafeModeManager (ContainerSafeModeRule.java:process(127)) - SCM in safe mode. 0.0 % containers have at least one reported replica.
2022-10-15 07:44:39,080 [EventQueue-NodeRegistrationContainerReportForDataNodeSafeModeRule] INFO  safemode.SCMSafeModeManager (DataNodeSafeModeRule.java:process(71)) - SCM in safe mode. 3 DataNodes registered, 3 required.
2022-10-15 07:44:39,083 [EventQueue-NodeRegistrationContainerReportForDataNodeSafeModeRule] INFO  safemode.SCMSafeModeManager (SCMSafeModeManager.java:validateSafeModeExitRules(204)) - DataNodeSafeModeRule rule is successfully validated
2022-10-15 07:44:39,083 [grpc-default-executor-3] INFO  server.RaftServer (RaftServerProxy.java:addNew(96)) - 8734203a-70d5-40c1-ad48-a2d447aaef1c: addNew group-C8483D63BD31:[ed0c9528-2c8b-4614-9eef-2d120a058ddc|rpc:10.1.1.113:42731|dataStream:|priority:0, 8734203a-70d5-40c1-ad48-a2d447aaef1c|rpc:10.1.1.113:36199|dataStream:|priority:1, 7f555f3a-b754-420b-b6ea-bc4a43db69c9|rpc:10.1.1.113:44353|dataStream:|priority:0] returns group-C8483D63BD31:java.util.concurrent.CompletableFuture@6f712985[Not completed]
2022-10-15 07:44:39,083 [EventQueue-NodeRegistrationContainerReportForDataNodeSafeModeRule] INFO  safemode.SCMSafeModeManager (SCMSafeModeManager.java:completePreCheck(233)) - All SCM safe mode pre check rules have passed
2022-10-15 07:44:39,083 [EventQueue-NodeRegistrationContainerReportForDataNodeSafeModeRule] WARN  events.EventQueue (EventQueue.java:fireEvent(216)) - No event handler registered for event TypedEvent{payloadType=SafeModeStatus, name='Safe mode status'}
2022-10-15 07:44:39,083 [EventQueue-NodeRegistrationContainerReportForDataNodeSafeModeRule] INFO  ha.SCMContext (SCMContext.java:updateSafeModeStatus(228)) - Update SafeModeStatus from SafeModeStatus{safeModeStatus=true, preCheckPassed=false} to SafeModeStatus{safeModeStatus=true, preCheckPassed=true}.
2022-10-15 07:44:39,083 [EventQueue-NodeRegistrationContainerReportForDataNodeSafeModeRule] INFO  pipeline.BackgroundPipelineCreator (BackgroundPipelineCreator.java:notifyEventTriggered(276)) - trigger a one-shot run on RatisPipelineUtilsThread.
2022-10-15 07:44:39,089 [EventQueue-OpenPipelineForHealthyPipelineSafeModeRule] INFO  safemode.SCMSafeModeManager (HealthyPipelineSafeModeRule.java:process(137)) - SCM in safe mode. Healthy pipelines reported count is 0, required healthy pipeline reported count is 1
2022-10-15 07:44:39,089 [EventQueue-OpenPipelineForHealthyPipelineSafeModeRule] INFO  safemode.SCMSafeModeManager (HealthyPipelineSafeModeRule.java:process(137)) - SCM in safe mode. Healthy pipelines reported count is 0, required healthy pipeline reported count is 1
2022-10-15 07:44:39,089 [EventQueue-OpenPipelineForHealthyPipelineSafeModeRule] INFO  safemode.SCMSafeModeManager (HealthyPipelineSafeModeRule.java:process(137)) - SCM in safe mode. Healthy pipelines reported count is 0, required healthy pipeline reported count is 1
2022-10-15 07:44:39,090 [EventQueue-OpenPipelineForHealthyPipelineSafeModeRule] INFO  safemode.SCMSafeModeManager (HealthyPipelineSafeModeRule.java:process(137)) - SCM in safe mode. Healthy pipelines reported count is 1, required healthy pipeline reported count is 1
2022-10-15 07:44:39,090 [EventQueue-OpenPipelineForHealthyPipelineSafeModeRule] INFO  safemode.SCMSafeModeManager (SCMSafeModeManager.java:validateSafeModeExitRules(204)) - HealthyPipelineSafeModeRule rule is successfully validated
2022-10-15 07:44:39,093 [pool-3814-thread-1] INFO  server.RaftServer$Division (RaftServerImpl.java:<init>(190)) - 8734203a-70d5-40c1-ad48-a2d447aaef1c: new RaftServerImpl for group-C8483D63BD31:[ed0c9528-2c8b-4614-9eef-2d120a058ddc|rpc:10.1.1.113:42731|dataStream:|priority:0, 8734203a-70d5-40c1-ad48-a2d447aaef1c|rpc:10.1.1.113:36199|dataStream:|priority:1, 7f555f3a-b754-420b-b6ea-bc4a43db69c9|rpc:10.1.1.113:44353|dataStream:|priority:0] with ContainerStateMachine:uninitialized
2022-10-15 07:44:39,093 [pool-3814-thread-1] INFO  server.RaftServerConfigKeys (ConfUtils.java:logGet(46)) - raft.server.rpc.timeout.min = 5s (custom)
2022-10-15 07:44:39,093 [pool-3814-thread-1] INFO  server.RaftServerConfigKeys (ConfUtils.java:logGet(46)) - raft.server.rpc.timeout.max = 5200ms (custom)
2022-10-15 07:44:39,093 [pool-3814-thread-1] INFO  server.RaftServerConfigKeys (ConfUtils.java:logGet(46)) - raft.server.rpc.sleep.time = 25ms (default)
2022-10-15 07:44:39,093 [pool-3814-thread-1] INFO  server.RaftServerConfigKeys (ConfUtils.java:logGet(46)) - raft.server.rpc.slowness.timeout = 300s (custom)
2022-10-15 07:44:39,093 [pool-3814-thread-1] INFO  server.RaftServerConfigKeys (ConfUtils.java:logGet(46)) - raft.server.leaderelection.leader.step-down.wait-time = 10s (default)
2022-10-15 07:44:39,093 [pool-3814-thread-1] INFO  server.RaftServerConfigKeys (ConfUtils.java:logGet(46)) - raft.server.sleep.deviation.threshold = 300ms (default)
2022-10-15 07:44:39,093 [pool-3814-thread-1] INFO  server.RaftServer$Division (ServerState.java:<init>(107)) - 8734203a-70d5-40c1-ad48-a2d447aaef1c@group-C8483D63BD31: ConfigurationManager, init=-1: [ed0c9528-2c8b-4614-9eef-2d120a058ddc|rpc:10.1.1.113:42731|dataStream:|priority:0, 8734203a-70d5-40c1-ad48-a2d447aaef1c|rpc:10.1.1.113:36199|dataStream:|priority:1, 7f555f3a-b754-420b-b6ea-bc4a43db69c9|rpc:10.1.1.113:44353|dataStream:|priority:0], old=null, confs=<EMPTY_MAP>
2022-10-15 07:44:39,094 [pool-3814-thread-1] INFO  server.RaftServerConfigKeys (ConfUtils.java:logGet(46)) - raft.server.storage.dir = [/home/runner/work/ozone/ozone/hadoop-ozone/integration-test/target/test-dir/MiniOzoneClusterImpl-0c55ea5e-da39-43b3-be52-3d6e56a90e90/datanode-5/data/ratis] (custom)
2022-10-15 07:44:39,094 [pool-3814-thread-1] INFO  server.RaftServerConfigKeys (ConfUtils.java:logGet(46)) - raft.server.log.corruption.policy = EXCEPTION (default)
2022-10-15 07:44:39,094 [pool-3814-thread-1] INFO  server.RaftServerConfigKeys (ConfUtils.java:logGet(46)) - raft.server.storage.free-space.min = 0MB (=0) (default)
2022-10-15 07:44:39,094 [pool-3814-thread-1] INFO  storage.RaftStorageDirectory (RaftStorageDirectoryImpl.java:analyzeStorage(135)) - The storage directory /home/runner/work/ozone/ozone/hadoop-ozone/integration-test/target/test-dir/MiniOzoneClusterImpl-0c55ea5e-da39-43b3-be52-3d6e56a90e90/datanode-5/data/ratis/f2e8005a-576a-4ae0-995a-c8483d63bd31 does not exist. Creating ...
2022-10-15 07:44:39,096 [pool-3814-thread-1] INFO  storage.RaftStorageDirectory (RaftStorageDirectoryImpl.java:tryLock(230)) - Lock on /home/runner/work/ozone/ozone/hadoop-ozone/integration-test/target/test-dir/MiniOzoneClusterImpl-0c55ea5e-da39-43b3-be52-3d6e56a90e90/datanode-5/data/ratis/f2e8005a-576a-4ae0-995a-c8483d63bd31/in_use.lock acquired by nodename 65647@fv-az204-107
2022-10-15 07:44:39,098 [pool-3814-thread-1] INFO  storage.RaftStorage (RaftStorageImpl.java:format(89)) - Storage directory /home/runner/work/ozone/ozone/hadoop-ozone/integration-test/target/test-dir/MiniOzoneClusterImpl-0c55ea5e-da39-43b3-be52-3d6e56a90e90/datanode-5/data/ratis/f2e8005a-576a-4ae0-995a-c8483d63bd31 has been successfully formatted.
2022-10-15 07:44:39,099 [pool-3814-thread-1] INFO  ratis.ContainerStateMachine (ContainerStateMachine.java:loadSnapshot(236)) - group-C8483D63BD31: The snapshot info is null. Setting the last applied indexto:(t:0, i:~)
2022-10-15 07:44:39,099 [pool-3814-thread-1] INFO  server.RaftServerConfigKeys (ConfUtils.java:logGet(46)) - raft.server.notification.no-leader.timeout = 300s (custom)
2022-10-15 07:44:39,099 [pool-3814-thread-1] INFO  server.RaftServerConfigKeys (ConfUtils.java:logGet(46)) - raft.server.log.use.memory = false (default)
2022-10-15 07:44:39,099 [pool-3814-thread-1] INFO  server.RaftServerConfigKeys (ConfUtils.java:logGet(46)) - raft.server.log.purge.gap = 1000000 (custom)
2022-10-15 07:44:39,100 [pool-3814-thread-1] INFO  server.RaftServerConfigKeys (ConfUtils.java:logGet(46)) - raft.server.log.appender.buffer.byte-limit = 33554432 (custom)
2022-10-15 07:44:39,100 [pool-3814-thread-1] INFO  server.RaftServerConfigKeys (ConfUtils.java:logGet(46)) - raft.server.log.statemachine.data.read.timeout = 1000ms (default)
2022-10-15 07:44:39,100 [pool-3814-thread-1] INFO  server.RaftServerConfigKeys (ConfUtils.java:logGet(46)) - raft.server.log.segment.size.max = 1048576 (custom)
2022-10-15 07:44:39,102 [pool-3814-thread-1] INFO  server.RaftServerConfigKeys (ConfUtils.java:logGet(46)) - raft.server.log.segment.cache.num.max = 2 (custom)
2022-10-15 07:44:39,102 [pool-3814-thread-1] INFO  server.RaftServerConfigKeys (ConfUtils.java:logGet(46)) - raft.server.log.segment.cache.size.max = 200MB (=209715200) (default)
2022-10-15 07:44:39,102 [pool-3814-thread-1] INFO  segmented.SegmentedRaftLogWorker (SegmentedRaftLogWorker.java:<init>(187)) - new 8734203a-70d5-40c1-ad48-a2d447aaef1c@group-C8483D63BD31-SegmentedRaftLogWorker for RaftStorageImpl:Storage Directory /home/runner/work/ozone/ozone/hadoop-ozone/integration-test/target/test-dir/MiniOzoneClusterImpl-0c55ea5e-da39-43b3-be52-3d6e56a90e90/datanode-5/data/ratis/f2e8005a-576a-4ae0-995a-c8483d63bd31
2022-10-15 07:44:39,102 [pool-3814-thread-1] INFO  server.RaftServerConfigKeys (ConfUtils.java:logGet(46)) - raft.server.log.queue.byte-limit = 4294967296 (custom)
2022-10-15 07:44:39,102 [pool-3814-thread-1] INFO  server.RaftServerConfigKeys (ConfUtils.java:logGet(46)) - raft.server.log.queue.element-limit = 1024 (custom)
2022-10-15 07:44:39,102 [pool-3814-thread-1] INFO  server.RaftServerConfigKeys (ConfUtils.java:logGet(46)) - raft.server.log.segment.size.max = 1048576 (custom)
2022-10-15 07:44:39,102 [pool-3814-thread-1] INFO  server.RaftServerConfigKeys (ConfUtils.java:logGet(46)) - raft.server.log.preallocated.size = 16384 (custom)
2022-10-15 07:44:39,102 [pool-3814-thread-1] INFO  server.RaftServerConfigKeys (ConfUtils.java:logGet(46)) - raft.server.log.force.sync.num = 128 (default)
2022-10-15 07:44:39,102 [pool-3814-thread-1] INFO  server.RaftServerConfigKeys (ConfUtils.java:logGet(46)) - raft.server.log.statemachine.data.sync = true (default)
2022-10-15 07:44:39,102 [pool-3814-thread-1] INFO  server.RaftServerConfigKeys (ConfUtils.java:logGet(46)) - raft.server.log.statemachine.data.sync.timeout = 10s (default)
2022-10-15 07:44:39,102 [pool-3814-thread-1] INFO  server.RaftServerConfigKeys (ConfUtils.java:logGet(46)) - raft.server.log.statemachine.data.sync.timeout.retry = -1 (default)
2022-10-15 07:44:39,105 [pool-3814-thread-1] INFO  server.RaftServerConfigKeys (ConfUtils.java:logGet(46)) - raft.server.log.write.buffer.size = 1048576 (custom)
2022-10-15 07:44:39,106 [pool-3814-thread-1] INFO  server.RaftServerConfigKeys (ConfUtils.java:logGet(46)) - raft.server.log.unsafe-flush.enabled = false (default)
2022-10-15 07:44:39,106 [pool-3814-thread-1] INFO  server.RaftServerConfigKeys (ConfUtils.java:logGet(46)) - raft.server.log.statemachine.data.caching.enabled = true (custom)
2022-10-15 07:44:39,106 [pool-3814-thread-1] INFO  segmented.SegmentedRaftLogWorker (SegmentedRaftLogWorker.java:lambda$new$0(135)) - 8734203a-70d5-40c1-ad48-a2d447aaef1c@group-C8483D63BD31-SegmentedRaftLogWorker: flushIndex: setUnconditionally 0 -> -1
2022-10-15 07:44:39,106 [pool-3814-thread-1] INFO  segmented.SegmentedRaftLogWorker (SegmentedRaftLogWorker.java:lambda$new$0(135)) - 8734203a-70d5-40c1-ad48-a2d447aaef1c@group-C8483D63BD31-SegmentedRaftLogWorker: safeCacheEvictIndex: setUnconditionally 0 -> -1
2022-10-15 07:44:39,106 [pool-3814-thread-1] INFO  server.RaftServerConfigKeys (ConfUtils.java:logGet(46)) - raft.server.snapshot.auto.trigger.enabled = true (custom)
2022-10-15 07:44:39,106 [pool-3814-thread-1] INFO  server.RaftServerConfigKeys (ConfUtils.java:logGet(46)) - raft.server.snapshot.auto.trigger.threshold = 10000 (custom)
2022-10-15 07:44:39,106 [pool-3814-thread-1] INFO  server.RaftServerConfigKeys (ConfUtils.java:logGet(46)) - raft.server.snapshot.retention.file.num = 5 (custom)
2022-10-15 07:44:39,106 [pool-3814-thread-1] INFO  server.RaftServerConfigKeys (ConfUtils.java:logGet(46)) - raft.server.log.purge.upto.snapshot.index = false (default)
2022-10-15 07:44:39,106 [pool-3814-thread-1] INFO  server.RaftServerConfigKeys (ConfUtils.java:logGet(46)) - raft.server.retrycache.expirytime = 600000ms (custom)
2022-10-15 07:44:39,106 [pool-3814-thread-1] INFO  server.RaftServerConfigKeys (ConfUtils.java:logGet(46)) - raft.server.retrycache.statistics.expirytime = 100μs (default)
2022-10-15 07:44:39,110 [pool-3814-thread-1] INFO  server.RaftServerConfigKeys (ConfUtils.java:logGet(46)) - raft.server.log.appender.install.snapshot.enabled = false (custom)
2022-10-15 07:44:39,110 [pool-3814-thread-1] INFO  server.RaftServerConfigKeys (ConfUtils.java:logGet(46)) - raft.server.threadpool.server.cached = true (default)
2022-10-15 07:44:39,110 [pool-3814-thread-1] INFO  server.RaftServerConfigKeys (ConfUtils.java:logGet(46)) - raft.server.threadpool.server.size = 0 (default)
2022-10-15 07:44:39,110 [pool-3814-thread-1] INFO  server.RaftServerConfigKeys (ConfUtils.java:logGet(46)) - raft.server.threadpool.client.cached = true (default)
2022-10-15 07:44:39,110 [pool-3814-thread-1] INFO  server.RaftServerConfigKeys (ConfUtils.java:logGet(46)) - raft.server.threadpool.client.size = 0 (default)
2022-10-15 07:44:39,110 [pool-3814-thread-1] INFO  server.RaftServer$Division (RaftServerImpl.java:start(310)) - 8734203a-70d5-40c1-ad48-a2d447aaef1c@group-C8483D63BD31: start as a follower, conf=-1: [ed0c9528-2c8b-4614-9eef-2d120a058ddc|rpc:10.1.1.113:42731|dataStream:|priority:0, 8734203a-70d5-40c1-ad48-a2d447aaef1c|rpc:10.1.1.113:36199|dataStream:|priority:1, 7f555f3a-b754-420b-b6ea-bc4a43db69c9|rpc:10.1.1.113:44353|dataStream:|priority:0], old=null
2022-10-15 07:44:39,110 [pool-3814-thread-1] INFO  server.RaftServer$Division (RaftServerImpl.java:setRole(299)) - 8734203a-70d5-40c1-ad48-a2d447aaef1c@group-C8483D63BD31: changes role from      null to FOLLOWER at term 0 for startAsFollower
2022-10-15 07:44:39,110 [pool-3814-thread-1] INFO  impl.RoleInfo (RoleInfo.java:updateAndGet(139)) - 8734203a-70d5-40c1-ad48-a2d447aaef1c: start 8734203a-70d5-40c1-ad48-a2d447aaef1c@group-C8483D63BD31-FollowerState
2022-10-15 07:44:39,111 [pool-3814-thread-1] INFO  util.JmxRegister (JmxRegister.java:tryRegister(44)) - Successfully registered JMX Bean with object name Ratis:service=RaftServer,group=group-C8483D63BD31,id=8734203a-70d5-40c1-ad48-a2d447aaef1c
2022-10-15 07:44:39,114 [Command processor thread] INFO  commandhandler.CreatePipelineCommandHandler (CreatePipelineCommandHandler.java:handle(113)) - Created Pipeline RATIS THREE PipelineID=f2e8005a-576a-4ae0-995a-c8483d63bd31.
2022-10-15 07:44:39,165 [IPC Server handler 4 on default port 42971] INFO  net.NetworkTopologyImpl (NetworkTopologyImpl.java:add(112)) - Added a new node: /default-rack/bef1a67a-597f-44ca-bb4b-ee4a6fc04327
2022-10-15 07:44:39,166 [IPC Server handler 4 on default port 42971] INFO  node.NodeStateManager (NodeStateManager.java:newNodeStatus(338)) - Updating nodeOperationalState on registration as the datanode has a persisted state of IN_MAINTENANCE and expiry of 0
2022-10-15 07:44:39,166 [IPC Server handler 4 on default port 42971] INFO  node.SCMNodeManager (SCMNodeManager.java:register(397)) - Registered Data node : bef1a67a-597f-44ca-bb4b-ee4a6fc04327{ip: 10.1.1.113, host: fv-az204-107.tdy0fjcc0bpubcu1xr20co1pbf.dx.internal.cloudapp.net, ports: [REPLICATION=46791, RATIS=40411, RATIS_ADMIN=40411, RATIS_SERVER=40411, STANDALONE=40845], networkLocation: /default-rack, certSerialId: null, persistedOpState: IN_MAINTENANCE, persistedOpStateExpiryEpochSec: 0}
2022-10-15 07:44:39,166 [EventQueue-NewNodeForNewNodeHandler] INFO  pipeline.BackgroundPipelineCreator (BackgroundPipelineCreator.java:notifyEventTriggered(276)) - trigger a one-shot run on RatisPipelineUtilsThread.
2022-10-15 07:44:39,166 [EventQueue-NewNodeForNewNodeHandler] INFO  node.NodeDecommissionManager (NodeDecommissionManager.java:continueAdminForNode(262)) - Continue admin for datanode bef1a67a-597f-44ca-bb4b-ee4a6fc04327{ip: 10.1.1.113, host: fv-az204-107.tdy0fjcc0bpubcu1xr20co1pbf.dx.internal.cloudapp.net, ports: [REPLICATION=46791, RATIS=40411, RATIS_ADMIN=40411, RATIS_SERVER=40411, STANDALONE=40845], networkLocation: /default-rack, certSerialId: null, persistedOpState: IN_MAINTENANCE, persistedOpStateExpiryEpochSec: 0}
2022-10-15 07:44:39,169 [EventQueue-NodeRegistrationContainerReportForContainerSafeModeRule] INFO  safemode.SCMSafeModeManager (ContainerSafeModeRule.java:process(127)) - SCM in safe mode. 100.0 % containers have at least one reported replica.
2022-10-15 07:44:39,169 [EventQueue-NodeRegistrationContainerReportForContainerSafeModeRule] INFO  safemode.SCMSafeModeManager (SCMSafeModeManager.java:validateSafeModeExitRules(204)) - ContainerSafeModeRule rule is successfully validated
2022-10-15 07:44:39,169 [EventQueue-NodeRegistrationContainerReportForContainerSafeModeRule] INFO  safemode.SCMSafeModeManager (SCMSafeModeManager.java:validateSafeModeExitRules(219)) - ScmSafeModeManager, all rules are successfully validated
2022-10-15 07:44:39,169 [EventQueue-NodeRegistrationContainerReportForContainerSafeModeRule] INFO  safemode.SCMSafeModeManager (SCMSafeModeManager.java:exitSafeMode(248)) - SCM exiting safe mode.
2022-10-15 07:44:39,169 [EventQueue-NodeRegistrationContainerReportForContainerSafeModeRule] WARN  events.EventQueue (EventQueue.java:fireEvent(216)) - No event handler registered for event TypedEvent{payloadType=SafeModeStatus, name='Safe mode status'}
2022-10-15 07:44:39,169 [EventQueue-NodeRegistrationContainerReportForContainerSafeModeRule] INFO  ha.SCMContext (SCMContext.java:updateSafeModeStatus(228)) - Update SafeModeStatus from SafeModeStatus{safeModeStatus=true, preCheckPassed=true} to SafeModeStatus{safeModeStatus=false, preCheckPassed=true}.
2022-10-15 07:44:39,169 [EventQueue-NodeRegistrationContainerReportForContainerSafeModeRule] INFO  pipeline.BackgroundPipelineCreator (BackgroundPipelineCreator.java:notifyStatusChanged(254)) - Service BackgroundPipelineCreator transitions to RUNNING.
2022-10-15 07:44:39,169 [EventQueue-NodeRegistrationContainerReportForContainerSafeModeRule] INFO  BackgroundPipelineScrubber (BackgroundSCMService.java:notifyStatusChanged(82)) - Service BackgroundPipelineScrubber transitions to RUNNING.
2022-10-15 07:44:39,169 [EventQueue-NodeRegistrationContainerReportForContainerSafeModeRule] INFO  ExpiredContainerReplicaOpScrubber (BackgroundSCMService.java:notifyStatusChanged(82)) - Service ExpiredContainerReplicaOpScrubber transitions to RUNNING.
2022-10-15 07:44:39,169 [EventQueue-NodeRegistrationContainerReportForContainerSafeModeRule] INFO  replication.ReplicationManager (ReplicationManager.java:notifyStatusChanged(728)) - Service ReplicationManager transitions to RUNNING.
2022-10-15 07:44:39,169 [EventQueue-NodeRegistrationContainerReportForContainerSafeModeRule] WARN  balancer.ContainerBalancer (ContainerBalancer.java:shouldRun(936)) - Could not find persisted configuration for ContainerBalancer when checking if ContainerBalancer should run. ContainerBalancer should not run now.
2022-10-15 07:44:39,246 [IPC Server handler 5 on default port 42971] INFO  net.NetworkTopologyImpl (NetworkTopologyImpl.java:add(112)) - Added a new node: /default-rack/35429393-00b4-4ffa-a437-723b6b48652e
2022-10-15 07:44:39,246 [IPC Server handler 5 on default port 42971] INFO  node.SCMNodeManager (SCMNodeManager.java:register(397)) - Registered Data node : 35429393-00b4-4ffa-a437-723b6b48652e{ip: 10.1.1.113, host: fv-az204-107.tdy0fjcc0bpubcu1xr20co1pbf.dx.internal.cloudapp.net, ports: [REPLICATION=33503, RATIS=40931, RATIS_ADMIN=40931, RATIS_SERVER=40931, STANDALONE=34035], networkLocation: /default-rack, certSerialId: null, persistedOpState: null, persistedOpStateExpiryEpochSec: 0}
2022-10-15 07:44:39,247 [EventQueue-NewNodeForNewNodeHandler] INFO  pipeline.BackgroundPipelineCreator (BackgroundPipelineCreator.java:notifyEventTriggered(276)) - trigger a one-shot run on RatisPipelineUtilsThread.
2022-10-15 07:44:39,256 [IPC Server handler 6 on default port 42971] INFO  net.NetworkTopologyImpl (NetworkTopologyImpl.java:add(112)) - Added a new node: /default-rack/a759a49b-3cd3-49e9-826c-16e7b00ba8b7
2022-10-15 07:44:39,257 [IPC Server handler 6 on default port 42971] INFO  node.SCMNodeManager (SCMNodeManager.java:register(397)) - Registered Data node : a759a49b-3cd3-49e9-826c-16e7b00ba8b7{ip: 10.1.1.113, host: fv-az204-107.tdy0fjcc0bpubcu1xr20co1pbf.dx.internal.cloudapp.net, ports: [REPLICATION=34531, RATIS=42469, RATIS_ADMIN=42469, RATIS_SERVER=42469, STANDALONE=44149], networkLocation: /default-rack, certSerialId: null, persistedOpState: null, persistedOpStateExpiryEpochSec: 0}
2022-10-15 07:44:39,257 [EventQueue-NewNodeForNewNodeHandler] INFO  pipeline.BackgroundPipelineCreator (BackgroundPipelineCreator.java:notifyEventTriggered(276)) - trigger a one-shot run on RatisPipelineUtilsThread.
2022-10-15 07:44:39,315 [Command processor thread] INFO  server.RaftServer (RaftServerProxy.java:addNew(96)) - ed0c9528-2c8b-4614-9eef-2d120a058ddc: addNew group-3893D176C8F0:[ed0c9528-2c8b-4614-9eef-2d120a058ddc|rpc:10.1.1.113:42731|priority:1] returns group-3893D176C8F0:java.util.concurrent.CompletableFuture@77a1fd12[Not completed]
2022-10-15 07:44:39,316 [pool-3783-thread-1] INFO  server.RaftServer$Division (RaftServerImpl.java:<init>(190)) - ed0c9528-2c8b-4614-9eef-2d120a058ddc: new RaftServerImpl for group-3893D176C8F0:[ed0c9528-2c8b-4614-9eef-2d120a058ddc|rpc:10.1.1.113:42731|priority:1] with ContainerStateMachine:uninitialized
2022-10-15 07:44:39,316 [pool-3783-thread-1] INFO  server.RaftServerConfigKeys (ConfUtils.java:logGet(46)) - raft.server.rpc.timeout.min = 5s (custom)
2022-10-15 07:44:39,316 [pool-3783-thread-1] INFO  server.RaftServerConfigKeys (ConfUtils.java:logGet(46)) - raft.server.rpc.timeout.max = 5200ms (custom)
2022-10-15 07:44:39,316 [pool-3783-thread-1] INFO  server.RaftServerConfigKeys (ConfUtils.java:logGet(46)) - raft.server.rpc.sleep.time = 25ms (default)
2022-10-15 07:44:39,316 [pool-3783-thread-1] INFO  server.RaftServerConfigKeys (ConfUtils.java:logGet(46)) - raft.server.rpc.slowness.timeout = 300s (custom)
2022-10-15 07:44:39,316 [pool-3783-thread-1] INFO  server.RaftServerConfigKeys (ConfUtils.java:logGet(46)) - raft.server.leaderelection.leader.step-down.wait-time = 10s (default)
2022-10-15 07:44:39,316 [pool-3783-thread-1] INFO  server.RaftServerConfigKeys (ConfUtils.java:logGet(46)) - raft.server.sleep.deviation.threshold = 300ms (default)
2022-10-15 07:44:39,316 [pool-3783-thread-1] INFO  server.RaftServer$Division (ServerState.java:<init>(107)) - ed0c9528-2c8b-4614-9eef-2d120a058ddc@group-3893D176C8F0: ConfigurationManager, init=-1: [ed0c9528-2c8b-4614-9eef-2d120a058ddc|rpc:10.1.1.113:42731|priority:1], old=null, confs=<EMPTY_MAP>
2022-10-15 07:44:39,316 [pool-3783-thread-1] INFO  server.RaftServerConfigKeys (ConfUtils.java:logGet(46)) - raft.server.storage.dir = [/home/runner/work/ozone/ozone/hadoop-ozone/integration-test/target/test-dir/MiniOzoneClusterImpl-0c55ea5e-da39-43b3-be52-3d6e56a90e90/datanode-4/data/ratis] (custom)
2022-10-15 07:44:39,316 [pool-3783-thread-1] INFO  server.RaftServerConfigKeys (ConfUtils.java:logGet(46)) - raft.server.log.corruption.policy = EXCEPTION (default)
2022-10-15 07:44:39,317 [pool-3783-thread-1] INFO  server.RaftServerConfigKeys (ConfUtils.java:logGet(46)) - raft.server.storage.free-space.min = 0MB (=0) (default)
2022-10-15 07:44:39,317 [pool-3783-thread-1] INFO  storage.RaftStorageDirectory (RaftStorageDirectoryImpl.java:analyzeStorage(135)) - The storage directory /home/runner/work/ozone/ozone/hadoop-ozone/integration-test/target/test-dir/MiniOzoneClusterImpl-0c55ea5e-da39-43b3-be52-3d6e56a90e90/datanode-4/data/ratis/3b391f93-6c6e-4348-86d2-3893d176c8f0 does not exist. Creating ...
2022-10-15 07:44:39,318 [pool-3783-thread-1] INFO  storage.RaftStorageDirectory (RaftStorageDirectoryImpl.java:tryLock(230)) - Lock on /home/runner/work/ozone/ozone/hadoop-ozone/integration-test/target/test-dir/MiniOzoneClusterImpl-0c55ea5e-da39-43b3-be52-3d6e56a90e90/datanode-4/data/ratis/3b391f93-6c6e-4348-86d2-3893d176c8f0/in_use.lock acquired by nodename 65647@fv-az204-107
2022-10-15 07:44:39,320 [pool-3783-thread-1] INFO  storage.RaftStorage (RaftStorageImpl.java:format(89)) - Storage directory /home/runner/work/ozone/ozone/hadoop-ozone/integration-test/target/test-dir/MiniOzoneClusterImpl-0c55ea5e-da39-43b3-be52-3d6e56a90e90/datanode-4/data/ratis/3b391f93-6c6e-4348-86d2-3893d176c8f0 has been successfully formatted.
2022-10-15 07:44:39,320 [pool-3783-thread-1] INFO  ratis.ContainerStateMachine (ContainerStateMachine.java:loadSnapshot(236)) - group-3893D176C8F0: The snapshot info is null. Setting the last applied indexto:(t:0, i:~)
2022-10-15 07:44:39,320 [pool-3783-thread-1] INFO  server.RaftServerConfigKeys (ConfUtils.java:logGet(46)) - raft.server.notification.no-leader.timeout = 300s (custom)
2022-10-15 07:44:39,321 [pool-3783-thread-1] INFO  server.RaftServerConfigKeys (ConfUtils.java:logGet(46)) - raft.server.log.use.memory = false (default)
2022-10-15 07:44:39,321 [pool-3783-thread-1] INFO  server.RaftServerConfigKeys (ConfUtils.java:logGet(46)) - raft.server.log.purge.gap = 1000000 (custom)
2022-10-15 07:44:39,321 [pool-3783-thread-1] INFO  server.RaftServerConfigKeys (ConfUtils.java:logGet(46)) - raft.server.log.appender.buffer.byte-limit = 33554432 (custom)
2022-10-15 07:44:39,321 [EventQueue-PipelineReportForPipelineReportHandler] INFO  pipeline.PipelineManagerImpl (PipelineManagerImpl.java:openPipeline(367)) - Pipeline Pipeline[ Id: 3b391f93-6c6e-4348-86d2-3893d176c8f0, Nodes: ed0c9528-2c8b-4614-9eef-2d120a058ddc{ip: 10.1.1.113, host: fv-az204-107.tdy0fjcc0bpubcu1xr20co1pbf.dx.internal.cloudapp.net, ports: [REPLICATION=45455, RATIS=42731, RATIS_ADMIN=42731, RATIS_SERVER=42731, STANDALONE=46663], networkLocation: /default-rack, certSerialId: null, persistedOpState: IN_SERVICE, persistedOpStateExpiryEpochSec: 0}, ReplicationConfig: RATIS/ONE, State:ALLOCATED, leaderId:ed0c9528-2c8b-4614-9eef-2d120a058ddc, CreationTimestamp2022-10-15T07:44:36.321Z[Etc/UTC]] moved to OPEN state
2022-10-15 07:44:39,321 [pool-3783-thread-1] INFO  server.RaftServerConfigKeys (ConfUtils.java:logGet(46)) - raft.server.log.statemachine.data.read.timeout = 1000ms (default)
2022-10-15 07:44:39,322 [EventQueue-OpenPipelineForHealthyPipelineSafeModeRule] INFO  safemode.SCMSafeModeManager (HealthyPipelineSafeModeRule.java:process(137)) - SCM in safe mode. Healthy pipelines reported count is 0, required healthy pipeline reported count is 1
2022-10-15 07:44:39,322 [pool-3783-thread-1] INFO  server.RaftServerConfigKeys (ConfUtils.java:logGet(46)) - raft.server.log.segment.size.max = 1048576 (custom)
2022-10-15 07:44:39,323 [pool-3783-thread-1] INFO  server.RaftServerConfigKeys (ConfUtils.java:logGet(46)) - raft.server.log.segment.cache.num.max = 2 (custom)
2022-10-15 07:44:39,323 [pool-3783-thread-1] INFO  server.RaftServerConfigKeys (ConfUtils.java:logGet(46)) - raft.server.log.segment.cache.size.max = 200MB (=209715200) (default)
2022-10-15 07:44:39,323 [pool-3783-thread-1] INFO  segmented.SegmentedRaftLogWorker (SegmentedRaftLogWorker.java:<init>(187)) - new ed0c9528-2c8b-4614-9eef-2d120a058ddc@group-3893D176C8F0-SegmentedRaftLogWorker for RaftStorageImpl:Storage Directory /home/runner/work/ozone/ozone/hadoop-ozone/integration-test/target/test-dir/MiniOzoneClusterImpl-0c55ea5e-da39-43b3-be52-3d6e56a90e90/datanode-4/data/ratis/3b391f93-6c6e-4348-86d2-3893d176c8f0
2022-10-15 07:44:39,323 [pool-3783-thread-1] INFO  server.RaftServerConfigKeys (ConfUtils.java:logGet(46)) - raft.server.log.queue.byte-limit = 4294967296 (custom)
2022-10-15 07:44:39,323 [pool-3783-thread-1] INFO  server.RaftServerConfigKeys (ConfUtils.java:logGet(46)) - raft.server.log.queue.element-limit = 1024 (custom)
2022-10-15 07:44:39,323 [pool-3783-thread-1] INFO  server.RaftServerConfigKeys (ConfUtils.java:logGet(46)) - raft.server.log.segment.size.max = 1048576 (custom)
2022-10-15 07:44:39,323 [pool-3783-thread-1] INFO  server.RaftServerConfigKeys (ConfUtils.java:logGet(46)) - raft.server.log.preallocated.size = 16384 (custom)
2022-10-15 07:44:39,323 [pool-3783-thread-1] INFO  server.RaftServerConfigKeys (ConfUtils.java:logGet(46)) - raft.server.log.force.sync.num = 128 (default)
2022-10-15 07:44:39,324 [pool-3783-thread-1] INFO  server.RaftServerConfigKeys (ConfUtils.java:logGet(46)) - raft.server.log.statemachine.data.sync = true (default)
2022-10-15 07:44:39,324 [pool-3783-thread-1] INFO  server.RaftServerConfigKeys (ConfUtils.java:logGet(46)) - raft.server.log.statemachine.data.sync.timeout = 10s (default)
2022-10-15 07:44:39,324 [pool-3783-thread-1] INFO  server.RaftServerConfigKeys (ConfUtils.java:logGet(46)) - raft.server.log.statemachine.data.sync.timeout.retry = -1 (default)
2022-10-15 07:44:39,326 [pool-3783-thread-1] INFO  server.RaftServerConfigKeys (ConfUtils.java:logGet(46)) - raft.server.log.write.buffer.size = 1048576 (custom)
2022-10-15 07:44:39,327 [pool-3783-thread-1] INFO  server.RaftServerConfigKeys (ConfUtils.java:logGet(46)) - raft.server.log.unsafe-flush.enabled = false (default)
2022-10-15 07:44:39,327 [pool-3783-thread-1] INFO  server.RaftServerConfigKeys (ConfUtils.java:logGet(46)) - raft.server.log.statemachine.data.caching.enabled = true (custom)
2022-10-15 07:44:39,327 [pool-3783-thread-1] INFO  segmented.SegmentedRaftLogWorker (SegmentedRaftLogWorker.java:lambda$new$0(135)) - ed0c9528-2c8b-4614-9eef-2d120a058ddc@group-3893D176C8F0-SegmentedRaftLogWorker: flushIndex: setUnconditionally 0 -> -1
2022-10-15 07:44:39,327 [pool-3783-thread-1] INFO  segmented.SegmentedRaftLogWorker (SegmentedRaftLogWorker.java:lambda$new$0(135)) - ed0c9528-2c8b-4614-9eef-2d120a058ddc@group-3893D176C8F0-SegmentedRaftLogWorker: safeCacheEvictIndex: setUnconditionally 0 -> -1
2022-10-15 07:44:39,327 [pool-3783-thread-1] INFO  server.RaftServerConfigKeys (ConfUtils.java:logGet(46)) - raft.server.snapshot.auto.trigger.enabled = true (custom)
2022-10-15 07:44:39,327 [pool-3783-thread-1] INFO  server.RaftServerConfigKeys (ConfUtils.java:logGet(46)) - raft.server.snapshot.auto.trigger.threshold = 10000 (custom)
2022-10-15 07:44:39,327 [pool-3783-thread-1] INFO  server.RaftServerConfigKeys (ConfUtils.java:logGet(46)) - raft.server.snapshot.retention.file.num = 5 (custom)
2022-10-15 07:44:39,327 [pool-3783-thread-1] INFO  server.RaftServerConfigKeys (ConfUtils.java:logGet(46)) - raft.server.log.purge.upto.snapshot.index = false (default)
2022-10-15 07:44:39,327 [pool-3783-thread-1] INFO  server.RaftServerConfigKeys (ConfUtils.java:logGet(46)) - raft.server.retrycache.expirytime = 600000ms (custom)
2022-10-15 07:44:39,327 [pool-3783-thread-1] INFO  server.RaftServerConfigKeys (ConfUtils.java:logGet(46)) - raft.server.retrycache.statistics.expirytime = 100μs (default)
2022-10-15 07:44:39,331 [pool-3783-thread-1] INFO  server.RaftServerConfigKeys (ConfUtils.java:logGet(46)) - raft.server.log.appender.install.snapshot.enabled = false (custom)
2022-10-15 07:44:39,331 [pool-3783-thread-1] INFO  server.RaftServerConfigKeys (ConfUtils.java:logGet(46)) - raft.server.threadpool.server.cached = true (default)
2022-10-15 07:44:39,331 [pool-3783-thread-1] INFO  server.RaftServerConfigKeys (ConfUtils.java:logGet(46)) - raft.server.threadpool.server.size = 0 (default)
2022-10-15 07:44:39,331 [pool-3783-thread-1] INFO  server.RaftServerConfigKeys (ConfUtils.java:logGet(46)) - raft.server.threadpool.client.cached = true (default)
2022-10-15 07:44:39,331 [pool-3783-thread-1] INFO  server.RaftServerConfigKeys (ConfUtils.java:logGet(46)) - raft.server.threadpool.client.size = 0 (default)
2022-10-15 07:44:39,331 [pool-3783-thread-1] INFO  server.RaftServer$Division (RaftServerImpl.java:start(310)) - ed0c9528-2c8b-4614-9eef-2d120a058ddc@group-3893D176C8F0: start as a follower, conf=-1: [ed0c9528-2c8b-4614-9eef-2d120a058ddc|rpc:10.1.1.113:42731|priority:1], old=null
2022-10-15 07:44:39,331 [pool-3783-thread-1] INFO  server.RaftServer$Division (RaftServerImpl.java:setRole(299)) - ed0c9528-2c8b-4614-9eef-2d120a058ddc@group-3893D176C8F0: changes role from      null to FOLLOWER at term 0 for startAsFollower
2022-10-15 07:44:39,331 [pool-3783-thread-1] INFO  impl.RoleInfo (RoleInfo.java:updateAndGet(139)) - ed0c9528-2c8b-4614-9eef-2d120a058ddc: start ed0c9528-2c8b-4614-9eef-2d120a058ddc@group-3893D176C8F0-FollowerState
2022-10-15 07:44:39,332 [pool-3783-thread-1] INFO  util.JmxRegister (JmxRegister.java:tryRegister(44)) - Successfully registered JMX Bean with object name Ratis:service=RaftServer,group=group-3893D176C8F0,id=ed0c9528-2c8b-4614-9eef-2d120a058ddc
2022-10-15 07:44:39,333 [Command processor thread] INFO  ratis.XceiverServerRatis (XceiverServerRatis.java:addGroup(765)) - Created group PipelineID=3b391f93-6c6e-4348-86d2-3893d176c8f0
2022-10-15 07:44:39,333 [Command processor thread] INFO  commandhandler.CreatePipelineCommandHandler (CreatePipelineCommandHandler.java:handle(113)) - Created Pipeline RATIS ONE PipelineID=3b391f93-6c6e-4348-86d2-3893d176c8f0.
2022-10-15 07:44:39,391 [Over Replicated Processor] INFO  replication.OverReplicatedProcessor (OverReplicatedProcessor.java:processAll(90)) - Processed 0 over replicated containers, failed processing 0
2022-10-15 07:44:39,391 [Under Replicated Processor] INFO  replication.UnderReplicatedProcessor (UnderReplicatedProcessor.java:processAll(92)) - Processed 0 under replicated containers, failed processing 0
2022-10-15 07:44:39,392 [ReplicationMonitor] INFO  replication.ReplicationManager (ReplicationManager.java:processAll(324)) - Replication Monitor Thread took 0 milliseconds for processing 0 containers.
2022-10-15 07:44:39,519 [IPC Server handler 7 on default port 42971] INFO  net.NetworkTopologyImpl (NetworkTopologyImpl.java:add(112)) - Added a new node: /default-rack/2807d27e-eacf-4ef9-9ccd-2d34dc032c62
2022-10-15 07:44:39,520 [IPC Server handler 7 on default port 42971] INFO  node.SCMNodeManager (SCMNodeManager.java:register(397)) - Registered Data node : 2807d27e-eacf-4ef9-9ccd-2d34dc032c62{ip: 10.1.1.113, host: fv-az204-107.tdy0fjcc0bpubcu1xr20co1pbf.dx.internal.cloudapp.net, ports: [REPLICATION=43483, RATIS=39475, RATIS_ADMIN=39475, RATIS_SERVER=39475, STANDALONE=41617], networkLocation: /default-rack, certSerialId: null, persistedOpState: null, persistedOpStateExpiryEpochSec: 0}
2022-10-15 07:44:39,520 [EventQueue-NewNodeForNewNodeHandler] INFO  pipeline.BackgroundPipelineCreator (BackgroundPipelineCreator.java:notifyEventTriggered(276)) - trigger a one-shot run on RatisPipelineUtilsThread.
2022-10-15 07:44:39,546 [DatanodeAdminManager-0] INFO  node.DatanodeAdminMonitorImpl (DatanodeAdminMonitorImpl.java:run(148)) - There are 1 nodes tracked for decommission and maintenance. 0 pending nodes.
2022-10-15 07:44:39,547 [EventQueue-StartAdminOnNodeForStartDatanodeAdminHandler] INFO  node.StartDatanodeAdminHandler (StartDatanodeAdminHandler.java:onMessage(57)) - Admin start on datanode bef1a67a-597f-44ca-bb4b-ee4a6fc04327{ip: 10.1.1.113, host: fv-az204-107.tdy0fjcc0bpubcu1xr20co1pbf.dx.internal.cloudapp.net, ports: [REPLICATION=46791, RATIS=40411, RATIS_ADMIN=40411, RATIS_SERVER=40411, STANDALONE=40845], networkLocation: /default-rack, certSerialId: null, persistedOpState: IN_MAINTENANCE, persistedOpStateExpiryEpochSec: 0}. Finalizing its pipelines []
2022-10-15 07:44:39,550 [ReplicationMonitor] INFO  replication.ReplicationManager (ReplicationManager.java:processAll(291)) - Replication Manager is not ready to run until 3000ms after safemode exit
2022-10-15 07:44:39,555 [EventQueue-OpenPipelineForHealthyPipelineSafeModeRule] INFO  safemode.SCMSafeModeManager (HealthyPipelineSafeModeRule.java:process(137)) - SCM in safe mode. Healthy pipelines reported count is 0, required healthy pipeline reported count is 1
2022-10-15 07:44:39,597 [ReplicationMonitor] INFO  replication.ReplicationManager (ReplicationManager.java:processAll(291)) - Replication Manager is not ready to run until 3000ms after safemode exit
2022-10-15 07:44:39,698 [Command processor thread] INFO  server.RaftServer (RaftServerProxy.java:addNew(96)) - 8734203a-70d5-40c1-ad48-a2d447aaef1c: addNew group-FCBD4FB1A539:[8734203a-70d5-40c1-ad48-a2d447aaef1c|rpc:10.1.1.113:36199|priority:1] returns group-FCBD4FB1A539:java.util.concurrent.CompletableFuture@3725ec51[Not completed]
2022-10-15 07:44:39,698 [pool-3814-thread-1] INFO  server.RaftServer$Division (RaftServerImpl.java:<init>(190)) - 8734203a-70d5-40c1-ad48-a2d447aaef1c: new RaftServerImpl for group-FCBD4FB1A539:[8734203a-70d5-40c1-ad48-a2d447aaef1c|rpc:10.1.1.113:36199|priority:1] with ContainerStateMachine:uninitialized
2022-10-15 07:44:39,698 [pool-3814-thread-1] INFO  server.RaftServerConfigKeys (ConfUtils.java:logGet(46)) - raft.server.rpc.timeout.min = 5s (custom)
2022-10-15 07:44:39,699 [pool-3814-thread-1] INFO  server.RaftServerConfigKeys (ConfUtils.java:logGet(46)) - raft.server.rpc.timeout.max = 5200ms (custom)
2022-10-15 07:44:39,699 [pool-3814-thread-1] INFO  server.RaftServerConfigKeys (ConfUtils.java:logGet(46)) - raft.server.rpc.sleep.time = 25ms (default)
2022-10-15 07:44:39,699 [pool-3814-thread-1] INFO  server.RaftServerConfigKeys (ConfUtils.java:logGet(46)) - raft.server.rpc.slowness.timeout = 300s (custom)
2022-10-15 07:44:39,699 [pool-3814-thread-1] INFO  server.RaftServerConfigKeys (ConfUtils.java:logGet(46)) - raft.server.leaderelection.leader.step-down.wait-time = 10s (default)
2022-10-15 07:44:39,699 [pool-3814-thread-1] INFO  server.RaftServerConfigKeys (ConfUtils.java:logGet(46)) - raft.server.sleep.deviation.threshold = 300ms (default)
2022-10-15 07:44:39,699 [pool-3814-thread-1] INFO  server.RaftServer$Division (ServerState.java:<init>(107)) - 8734203a-70d5-40c1-ad48-a2d447aaef1c@group-FCBD4FB1A539: ConfigurationManager, init=-1: [8734203a-70d5-40c1-ad48-a2d447aaef1c|rpc:10.1.1.113:36199|priority:1], old=null, confs=<EMPTY_MAP>
2022-10-15 07:44:39,699 [pool-3814-thread-1] INFO  server.RaftServerConfigKeys (ConfUtils.java:logGet(46)) - raft.server.storage.dir = [/home/runner/work/ozone/ozone/hadoop-ozone/integration-test/target/test-dir/MiniOzoneClusterImpl-0c55ea5e-da39-43b3-be52-3d6e56a90e90/datanode-5/data/ratis] (custom)
2022-10-15 07:44:39,699 [pool-3814-thread-1] INFO  server.RaftServerConfigKeys (ConfUtils.java:logGet(46)) - raft.server.log.corruption.policy = EXCEPTION (default)
2022-10-15 07:44:39,699 [pool-3814-thread-1] INFO  server.RaftServerConfigKeys (ConfUtils.java:logGet(46)) - raft.server.storage.free-space.min = 0MB (=0) (default)
2022-10-15 07:44:39,699 [pool-3814-thread-1] INFO  storage.RaftStorageDirectory (RaftStorageDirectoryImpl.java:analyzeStorage(135)) - The storage directory /home/runner/work/ozone/ozone/hadoop-ozone/integration-test/target/test-dir/MiniOzoneClusterImpl-0c55ea5e-da39-43b3-be52-3d6e56a90e90/datanode-5/data/ratis/f042a10b-ba82-4bd6-954c-fcbd4fb1a539 does not exist. Creating ...
2022-10-15 07:44:39,701 [pool-3814-thread-1] INFO  storage.RaftStorageDirectory (RaftStorageDirectoryImpl.java:tryLock(230)) - Lock on /home/runner/work/ozone/ozone/hadoop-ozone/integration-test/target/test-dir/MiniOzoneClusterImpl-0c55ea5e-da39-43b3-be52-3d6e56a90e90/datanode-5/data/ratis/f042a10b-ba82-4bd6-954c-fcbd4fb1a539/in_use.lock acquired by nodename 65647@fv-az204-107
2022-10-15 07:44:39,702 [pool-3814-thread-1] INFO  storage.RaftStorage (RaftStorageImpl.java:format(89)) - Storage directory /home/runner/work/ozone/ozone/hadoop-ozone/integration-test/target/test-dir/MiniOzoneClusterImpl-0c55ea5e-da39-43b3-be52-3d6e56a90e90/datanode-5/data/ratis/f042a10b-ba82-4bd6-954c-fcbd4fb1a539 has been successfully formatted.
2022-10-15 07:44:39,702 [pool-3814-thread-1] INFO  ratis.ContainerStateMachine (ContainerStateMachine.java:loadSnapshot(236)) - group-FCBD4FB1A539: The snapshot info is null. Setting the last applied indexto:(t:0, i:~)
2022-10-15 07:44:39,702 [pool-3814-thread-1] INFO  server.RaftServerConfigKeys (ConfUtils.java:logGet(46)) - raft.server.notification.no-leader.timeout = 300s (custom)
2022-10-15 07:44:39,703 [pool-3814-thread-1] INFO  server.RaftServerConfigKeys (ConfUtils.java:logGet(46)) - raft.server.log.use.memory = false (default)
2022-10-15 07:44:39,703 [pool-3814-thread-1] INFO  server.RaftServerConfigKeys (ConfUtils.java:logGet(46)) - raft.server.log.purge.gap = 1000000 (custom)
2022-10-15 07:44:39,703 [pool-3814-thread-1] INFO  server.RaftServerConfigKeys (ConfUtils.java:logGet(46)) - raft.server.log.appender.buffer.byte-limit = 33554432 (custom)
2022-10-15 07:44:39,703 [pool-3814-thread-1] INFO  server.RaftServerConfigKeys (ConfUtils.java:logGet(46)) - raft.server.log.statemachine.data.read.timeout = 1000ms (default)
2022-10-15 07:44:39,703 [pool-3814-thread-1] INFO  server.RaftServerConfigKeys (ConfUtils.java:logGet(46)) - raft.server.log.segment.size.max = 1048576 (custom)
2022-10-15 07:44:39,703 [EventQueue-PipelineReportForPipelineReportHandler] INFO  pipeline.PipelineManagerImpl (PipelineManagerImpl.java:openPipeline(367)) - Pipeline Pipeline[ Id: f042a10b-ba82-4bd6-954c-fcbd4fb1a539, Nodes: 8734203a-70d5-40c1-ad48-a2d447aaef1c{ip: 10.1.1.113, host: fv-az204-107.tdy0fjcc0bpubcu1xr20co1pbf.dx.internal.cloudapp.net, ports: [REPLICATION=45381, RATIS=36199, RATIS_ADMIN=36199, RATIS_SERVER=36199, STANDALONE=41975], networkLocation: /default-rack, certSerialId: null, persistedOpState: IN_SERVICE, persistedOpStateExpiryEpochSec: 0}, ReplicationConfig: RATIS/ONE, State:ALLOCATED, leaderId:8734203a-70d5-40c1-ad48-a2d447aaef1c, CreationTimestamp2022-10-15T07:44:36.701Z[Etc/UTC]] moved to OPEN state
2022-10-15 07:44:39,704 [EventQueue-OpenPipelineForHealthyPipelineSafeModeRule] INFO  safemode.SCMSafeModeManager (HealthyPipelineSafeModeRule.java:process(137)) - SCM in safe mode. Healthy pipelines reported count is 0, required healthy pipeline reported count is 1
2022-10-15 07:44:39,704 [pool-3814-thread-1] INFO  server.RaftServerConfigKeys (ConfUtils.java:logGet(46)) - raft.server.log.segment.cache.num.max = 2 (custom)
2022-10-15 07:44:39,704 [pool-3814-thread-1] INFO  server.RaftServerConfigKeys (ConfUtils.java:logGet(46)) - raft.server.log.segment.cache.size.max = 200MB (=209715200) (default)
2022-10-15 07:44:39,704 [pool-3814-thread-1] INFO  segmented.SegmentedRaftLogWorker (SegmentedRaftLogWorker.java:<init>(187)) - new 8734203a-70d5-40c1-ad48-a2d447aaef1c@group-FCBD4FB1A539-SegmentedRaftLogWorker for RaftStorageImpl:Storage Directory /home/runner/work/ozone/ozone/hadoop-ozone/integration-test/target/test-dir/MiniOzoneClusterImpl-0c55ea5e-da39-43b3-be52-3d6e56a90e90/datanode-5/data/ratis/f042a10b-ba82-4bd6-954c-fcbd4fb1a539
2022-10-15 07:44:39,704 [pool-3814-thread-1] INFO  server.RaftServerConfigKeys (ConfUtils.java:logGet(46)) - raft.server.log.queue.byte-limit = 4294967296 (custom)
2022-10-15 07:44:39,704 [pool-3814-thread-1] INFO  server.RaftServerConfigKeys (ConfUtils.java:logGet(46)) - raft.server.log.queue.element-limit = 1024 (custom)
2022-10-15 07:44:39,705 [pool-3814-thread-1] INFO  server.RaftServerConfigKeys (ConfUtils.java:logGet(46)) - raft.server.log.segment.size.max = 1048576 (custom)
2022-10-15 07:44:39,705 [pool-3814-thread-1] INFO  server.RaftServerConfigKeys (ConfUtils.java:logGet(46)) - raft.server.log.preallocated.size = 16384 (custom)
2022-10-15 07:44:39,705 [pool-3814-thread-1] INFO  server.RaftServerConfigKeys (ConfUtils.java:logGet(46)) - raft.server.log.force.sync.num = 128 (default)
2022-10-15 07:44:39,705 [pool-3814-thread-1] INFO  server.RaftServerConfigKeys (ConfUtils.java:logGet(46)) - raft.server.log.statemachine.data.sync = true (default)
2022-10-15 07:44:39,705 [pool-3814-thread-1] INFO  server.RaftServerConfigKeys (ConfUtils.java:logGet(46)) - raft.server.log.statemachine.data.sync.timeout = 10s (default)
2022-10-15 07:44:39,705 [pool-3814-thread-1] INFO  server.RaftServerConfigKeys (ConfUtils.java:logGet(46)) - raft.server.log.statemachine.data.sync.timeout.retry = -1 (default)
2022-10-15 07:44:39,707 [pool-3814-thread-1] INFO  server.RaftServerConfigKeys (ConfUtils.java:logGet(46)) - raft.server.log.write.buffer.size = 1048576 (custom)
2022-10-15 07:44:39,708 [pool-3814-thread-1] INFO  server.RaftServerConfigKeys (ConfUtils.java:logGet(46)) - raft.server.log.unsafe-flush.enabled = false (default)
2022-10-15 07:44:39,708 [pool-3814-thread-1] INFO  server.RaftServerConfigKeys (ConfUtils.java:logGet(46)) - raft.server.log.statemachine.data.caching.enabled = true (custom)
2022-10-15 07:44:39,708 [pool-3814-thread-1] INFO  segmented.SegmentedRaftLogWorker (SegmentedRaftLogWorker.java:lambda$new$0(135)) - 8734203a-70d5-40c1-ad48-a2d447aaef1c@group-FCBD4FB1A539-SegmentedRaftLogWorker: flushIndex: setUnconditionally 0 -> -1
2022-10-15 07:44:39,708 [pool-3814-thread-1] INFO  segmented.SegmentedRaftLogWorker (SegmentedRaftLogWorker.java:lambda$new$0(135)) - 8734203a-70d5-40c1-ad48-a2d447aaef1c@group-FCBD4FB1A539-SegmentedRaftLogWorker: safeCacheEvictIndex: setUnconditionally 0 -> -1
2022-10-15 07:44:39,708 [pool-3814-thread-1] INFO  server.RaftServerConfigKeys (ConfUtils.java:logGet(46)) - raft.server.snapshot.auto.trigger.enabled = true (custom)
2022-10-15 07:44:39,708 [pool-3814-thread-1] INFO  server.RaftServerConfigKeys (ConfUtils.java:logGet(46)) - raft.server.snapshot.auto.trigger.threshold = 10000 (custom)
2022-10-15 07:44:39,708 [pool-3814-thread-1] INFO  server.RaftServerConfigKeys (ConfUtils.java:logGet(46)) - raft.server.snapshot.retention.file.num = 5 (custom)
2022-10-15 07:44:39,708 [pool-3814-thread-1] INFO  server.RaftServerConfigKeys (ConfUtils.java:logGet(46)) - raft.server.log.purge.upto.snapshot.index = false (default)
2022-10-15 07:44:39,708 [pool-3814-thread-1] INFO  server.RaftServerConfigKeys (ConfUtils.java:logGet(46)) - raft.server.retrycache.expirytime = 600000ms (custom)
2022-10-15 07:44:39,708 [pool-3814-thread-1] INFO  server.RaftServerConfigKeys (ConfUtils.java:logGet(46)) - raft.server.retrycache.statistics.expirytime = 100μs (default)
2022-10-15 07:44:39,711 [pool-3814-thread-1] INFO  server.RaftServerConfigKeys (ConfUtils.java:logGet(46)) - raft.server.log.appender.install.snapshot.enabled = false (custom)
2022-10-15 07:44:39,712 [pool-3814-thread-1] INFO  server.RaftServerConfigKeys (ConfUtils.java:logGet(46)) - raft.server.threadpool.server.cached = true (default)
2022-10-15 07:44:39,712 [pool-3814-thread-1] INFO  server.RaftServerConfigKeys (ConfUtils.java:logGet(46)) - raft.server.threadpool.server.size = 0 (default)
2022-10-15 07:44:39,712 [pool-3814-thread-1] INFO  server.RaftServerConfigKeys (ConfUtils.java:logGet(46)) - raft.server.threadpool.client.cached = true (default)
2022-10-15 07:44:39,712 [pool-3814-thread-1] INFO  server.RaftServerConfigKeys (ConfUtils.java:logGet(46)) - raft.server.threadpool.client.size = 0 (default)
2022-10-15 07:44:39,712 [pool-3814-thread-1] INFO  server.RaftServer$Division (RaftServerImpl.java:start(310)) - 8734203a-70d5-40c1-ad48-a2d447aaef1c@group-FCBD4FB1A539: start as a follower, conf=-1: [8734203a-70d5-40c1-ad48-a2d447aaef1c|rpc:10.1.1.113:36199|priority:1], old=null
2022-10-15 07:44:39,712 [pool-3814-thread-1] INFO  server.RaftServer$Division (RaftServerImpl.java:setRole(299)) - 8734203a-70d5-40c1-ad48-a2d447aaef1c@group-FCBD4FB1A539: changes role from      null to FOLLOWER at term 0 for startAsFollower
2022-10-15 07:44:39,712 [pool-3814-thread-1] INFO  impl.RoleInfo (RoleInfo.java:updateAndGet(139)) - 8734203a-70d5-40c1-ad48-a2d447aaef1c: start 8734203a-70d5-40c1-ad48-a2d447aaef1c@group-FCBD4FB1A539-FollowerState
2022-10-15 07:44:39,712 [pool-3814-thread-1] INFO  util.JmxRegister (JmxRegister.java:tryRegister(44)) - Successfully registered JMX Bean with object name Ratis:service=RaftServer,group=group-FCBD4FB1A539,id=8734203a-70d5-40c1-ad48-a2d447aaef1c
2022-10-15 07:44:39,713 [Command processor thread] INFO  ratis.XceiverServerRatis (XceiverServerRatis.java:addGroup(765)) - Created group PipelineID=f042a10b-ba82-4bd6-954c-fcbd4fb1a539
2022-10-15 07:44:39,713 [Command processor thread] INFO  commandhandler.CreatePipelineCommandHandler (CreatePipelineCommandHandler.java:handle(113)) - Created Pipeline RATIS ONE PipelineID=f042a10b-ba82-4bd6-954c-fcbd4fb1a539.
2022-10-15 07:44:39,734 [EventQueue-OpenPipelineForHealthyPipelineSafeModeRule] INFO  safemode.SCMSafeModeManager (HealthyPipelineSafeModeRule.java:process(137)) - SCM in safe mode. Healthy pipelines reported count is 0, required healthy pipeline reported count is 1
2022-10-15 07:44:39,746 [Listener at 0.0.0.0/40471] INFO  ozone.MiniOzoneClusterImpl (MiniOzoneClusterImpl.java:lambda$waitForClusterToBeReady$0(216)) - Nodes are ready. Got 7 of 7 DN Heartbeats.
2022-10-15 07:44:39,746 [Listener at 0.0.0.0/40471] INFO  ozone.MiniOzoneClusterImpl (MiniOzoneClusterImpl.java:lambda$waitForClusterToBeReady$0(219)) - Cluster exits safe mode
2022-10-15 07:44:39,746 [Listener at 0.0.0.0/40471] INFO  ozone.MiniOzoneClusterImpl (MiniOzoneClusterImpl.java:lambda$waitForClusterToBeReady$0(221)) - SCM became leader
2022-10-15 07:44:39,749 [Listener at 0.0.0.0/40471] INFO  ozoneimpl.OzoneContainer (OzoneContainer.java:stop(400)) - Attempting to stop container services.
2022-10-15 07:44:39,749 [Listener at 0.0.0.0/40471] INFO  server.RaftServer (RaftServerProxy.java:lambda$close$7(398)) - bef1a67a-597f-44ca-bb4b-ee4a6fc04327: close
2022-10-15 07:44:39,749 [Listener at 0.0.0.0/40471] INFO  server.GrpcService (GrpcService.java:closeImpl(269)) - bef1a67a-597f-44ca-bb4b-ee4a6fc04327: shutdown server with port 40411 now
2022-10-15 07:44:39,761 [Listener at 0.0.0.0/40471] INFO  server.GrpcService (GrpcService.java:closeImpl(278)) - bef1a67a-597f-44ca-bb4b-ee4a6fc04327: shutdown server with port 40411 successfully
2022-10-15 07:44:39,761 [org.apache.ratis.util.JvmPauseMonitor$$Lambda$718/783493338@5b24b48b] INFO  util.JvmPauseMonitor (JvmPauseMonitor.java:run(109)) - JvmPauseMonitor-bef1a67a-597f-44ca-bb4b-ee4a6fc04327: Stopped
2022-10-15 07:44:40,012 [Listener at 127.0.0.1/40173] INFO  ozone.MiniOzoneClusterImpl (MiniOzoneClusterImpl.java:lambda$waitForClusterToBeReady$0(216)) - Nodes are ready. Got 7 of 7 DN Heartbeats.
2022-10-15 07:44:40,012 [Listener at 127.0.0.1/40173] INFO  ozone.MiniOzoneClusterImpl (MiniOzoneClusterImpl.java:lambda$waitForClusterToBeReady$0(219)) - Waiting for cluster to exit safe mode
2022-10-15 07:44:40,012 [Listener at 127.0.0.1/40173] INFO  ozone.MiniOzoneClusterImpl (MiniOzoneClusterImpl.java:lambda$waitForClusterToBeReady$0(221)) - SCM became leader
2022-10-15 07:44:40,013 [Command processor thread] INFO  server.RaftServer (RaftServerProxy.java:addNew(96)) - c53e9dec-04d8-4017-ae1e-e704ed095001: addNew group-A3339B58DE84:[c53e9dec-04d8-4017-ae1e-e704ed095001|rpc:10.1.1.113:43027|priority:1] returns group-A3339B58DE84:java.util.concurrent.CompletableFuture@648c512b[Not completed]
2022-10-15 07:44:40,013 [pool-3844-thread-1] INFO  server.RaftServer$Division (RaftServerImpl.java:<init>(190)) - c53e9dec-04d8-4017-ae1e-e704ed095001: new RaftServerImpl for group-A3339B58DE84:[c53e9dec-04d8-4017-ae1e-e704ed095001|rpc:10.1.1.113:43027|priority:1] with ContainerStateMachine:uninitialized
2022-10-15 07:44:40,013 [pool-3844-thread-1] INFO  server.RaftServerConfigKeys (ConfUtils.java:logGet(46)) - raft.server.rpc.timeout.min = 5s (custom)
2022-10-15 07:44:40,013 [pool-3844-thread-1] INFO  server.RaftServerConfigKeys (ConfUtils.java:logGet(46)) - raft.server.rpc.timeout.max = 5200ms (custom)
2022-10-15 07:44:40,013 [pool-3844-thread-1] INFO  server.RaftServerConfigKeys (ConfUtils.java:logGet(46)) - raft.server.rpc.sleep.time = 25ms (default)
2022-10-15 07:44:40,013 [pool-3844-thread-1] INFO  server.RaftServerConfigKeys (ConfUtils.java:logGet(46)) - raft.server.rpc.slowness.timeout = 300s (custom)
2022-10-15 07:44:40,014 [pool-3844-thread-1] INFO  server.RaftServerConfigKeys (ConfUtils.java:logGet(46)) - raft.server.leaderelection.leader.step-down.wait-time = 10s (default)
2022-10-15 07:44:40,014 [pool-3844-thread-1] INFO  server.RaftServerConfigKeys (ConfUtils.java:logGet(46)) - raft.server.sleep.deviation.threshold = 300ms (default)
2022-10-15 07:44:40,014 [pool-3844-thread-1] INFO  server.RaftServer$Division (ServerState.java:<init>(107)) - c53e9dec-04d8-4017-ae1e-e704ed095001@group-A3339B58DE84: ConfigurationManager, init=-1: [c53e9dec-04d8-4017-ae1e-e704ed095001|rpc:10.1.1.113:43027|priority:1], old=null, confs=<EMPTY_MAP>
2022-10-15 07:44:40,014 [pool-3844-thread-1] INFO  server.RaftServerConfigKeys (ConfUtils.java:logGet(46)) - raft.server.storage.dir = [/home/runner/work/ozone/ozone/hadoop-ozone/integration-test/target/test-dir/MiniOzoneClusterImpl-0c55ea5e-da39-43b3-be52-3d6e56a90e90/datanode-6/data/ratis] (custom)
2022-10-15 07:44:40,014 [pool-3844-thread-1] INFO  server.RaftServerConfigKeys (ConfUtils.java:logGet(46)) - raft.server.log.corruption.policy = EXCEPTION (default)
2022-10-15 07:44:40,014 [pool-3844-thread-1] INFO  server.RaftServerConfigKeys (ConfUtils.java:logGet(46)) - raft.server.storage.free-space.min = 0MB (=0) (default)
2022-10-15 07:44:40,014 [pool-3844-thread-1] INFO  storage.RaftStorageDirectory (RaftStorageDirectoryImpl.java:analyzeStorage(135)) - The storage directory /home/runner/work/ozone/ozone/hadoop-ozone/integration-test/target/test-dir/MiniOzoneClusterImpl-0c55ea5e-da39-43b3-be52-3d6e56a90e90/datanode-6/data/ratis/e8d497d5-0d13-4b72-8da2-a3339b58de84 does not exist. Creating ...
2022-10-15 07:44:40,016 [pool-3844-thread-1] INFO  storage.RaftStorageDirectory (RaftStorageDirectoryImpl.java:tryLock(230)) - Lock on /home/runner/work/ozone/ozone/hadoop-ozone/integration-test/target/test-dir/MiniOzoneClusterImpl-0c55ea5e-da39-43b3-be52-3d6e56a90e90/datanode-6/data/ratis/e8d497d5-0d13-4b72-8da2-a3339b58de84/in_use.lock acquired by nodename 65647@fv-az204-107
2022-10-15 07:44:40,017 [pool-3844-thread-1] INFO  storage.RaftStorage (RaftStorageImpl.java:format(89)) - Storage directory /home/runner/work/ozone/ozone/hadoop-ozone/integration-test/target/test-dir/MiniOzoneClusterImpl-0c55ea5e-da39-43b3-be52-3d6e56a90e90/datanode-6/data/ratis/e8d497d5-0d13-4b72-8da2-a3339b58de84 has been successfully formatted.
2022-10-15 07:44:40,017 [pool-3844-thread-1] INFO  ratis.ContainerStateMachine (ContainerStateMachine.java:loadSnapshot(236)) - group-A3339B58DE84: The snapshot info is null. Setting the last applied indexto:(t:0, i:~)
2022-10-15 07:44:40,018 [pool-3844-thread-1] INFO  server.RaftServerConfigKeys (ConfUtils.java:logGet(46)) - raft.server.notification.no-leader.timeout = 300s (custom)
2022-10-15 07:44:40,018 [pool-3844-thread-1] INFO  server.RaftServerConfigKeys (ConfUtils.java:logGet(46)) - raft.server.log.use.memory = false (default)
2022-10-15 07:44:40,018 [pool-3844-thread-1] INFO  server.RaftServerConfigKeys (ConfUtils.java:logGet(46)) - raft.server.log.purge.gap = 1000000 (custom)
2022-10-15 07:44:40,018 [pool-3844-thread-1] INFO  server.RaftServerConfigKeys (ConfUtils.java:logGet(46)) - raft.server.log.appender.buffer.byte-limit = 33554432 (custom)
2022-10-15 07:44:40,018 [pool-3844-thread-1] INFO  server.RaftServerConfigKeys (ConfUtils.java:logGet(46)) - raft.server.log.statemachine.data.read.timeout = 1000ms (default)
2022-10-15 07:44:40,018 [EventQueue-PipelineReportForPipelineReportHandler] INFO  pipeline.PipelineManagerImpl (PipelineManagerImpl.java:openPipeline(367)) - Pipeline Pipeline[ Id: e8d497d5-0d13-4b72-8da2-a3339b58de84, Nodes: c53e9dec-04d8-4017-ae1e-e704ed095001{ip: 10.1.1.113, host: fv-az204-107.tdy0fjcc0bpubcu1xr20co1pbf.dx.internal.cloudapp.net, ports: [REPLICATION=41129, RATIS=43027, RATIS_ADMIN=43027, RATIS_SERVER=43027, STANDALONE=42671], networkLocation: /default-rack, certSerialId: null, persistedOpState: IN_SERVICE, persistedOpStateExpiryEpochSec: 0}, ReplicationConfig: RATIS/ONE, State:ALLOCATED, leaderId:c53e9dec-04d8-4017-ae1e-e704ed095001, CreationTimestamp2022-10-15T07:44:37.017Z[Etc/UTC]] moved to OPEN state
2022-10-15 07:44:40,018 [pool-3844-thread-1] INFO  server.RaftServerConfigKeys (ConfUtils.java:logGet(46)) - raft.server.log.segment.size.max = 1048576 (custom)
2022-10-15 07:44:40,018 [EventQueue-OpenPipelineForHealthyPipelineSafeModeRule] INFO  safemode.SCMSafeModeManager (HealthyPipelineSafeModeRule.java:process(137)) - SCM in safe mode. Healthy pipelines reported count is 0, required healthy pipeline reported count is 1
2022-10-15 07:44:40,019 [pool-3844-thread-1] INFO  server.RaftServerConfigKeys (ConfUtils.java:logGet(46)) - raft.server.log.segment.cache.num.max = 2 (custom)
2022-10-15 07:44:40,020 [pool-3844-thread-1] INFO  server.RaftServerConfigKeys (ConfUtils.java:logGet(46)) - raft.server.log.segment.cache.size.max = 200MB (=209715200) (default)
2022-10-15 07:44:40,020 [pool-3844-thread-1] INFO  segmented.SegmentedRaftLogWorker (SegmentedRaftLogWorker.java:<init>(187)) - new c53e9dec-04d8-4017-ae1e-e704ed095001@group-A3339B58DE84-SegmentedRaftLogWorker for RaftStorageImpl:Storage Directory /home/runner/work/ozone/ozone/hadoop-ozone/integration-test/target/test-dir/MiniOzoneClusterImpl-0c55ea5e-da39-43b3-be52-3d6e56a90e90/datanode-6/data/ratis/e8d497d5-0d13-4b72-8da2-a3339b58de84
2022-10-15 07:44:40,020 [pool-3844-thread-1] INFO  server.RaftServerConfigKeys (ConfUtils.java:logGet(46)) - raft.server.log.queue.byte-limit = 4294967296 (custom)
2022-10-15 07:44:40,020 [pool-3844-thread-1] INFO  server.RaftServerConfigKeys (ConfUtils.java:logGet(46)) - raft.server.log.queue.element-limit = 1024 (custom)
2022-10-15 07:44:40,020 [pool-3844-thread-1] INFO  server.RaftServerConfigKeys (ConfUtils.java:logGet(46)) - raft.server.log.segment.size.max = 1048576 (custom)
2022-10-15 07:44:40,020 [pool-3844-thread-1] INFO  server.RaftServerConfigKeys (ConfUtils.java:logGet(46)) - raft.server.log.preallocated.size = 16384 (custom)
2022-10-15 07:44:40,020 [pool-3844-thread-1] INFO  server.RaftServerConfigKeys (ConfUtils.java:logGet(46)) - raft.server.log.force.sync.num = 128 (default)
2022-10-15 07:44:40,020 [pool-3844-thread-1] INFO  server.RaftServerConfigKeys (ConfUtils.java:logGet(46)) - raft.server.log.statemachine.data.sync = true (default)
2022-10-15 07:44:40,020 [pool-3844-thread-1] INFO  server.RaftServerConfigKeys (ConfUtils.java:logGet(46)) - raft.server.log.statemachine.data.sync.timeout = 10s (default)
2022-10-15 07:44:40,020 [pool-3844-thread-1] INFO  server.RaftServerConfigKeys (ConfUtils.java:logGet(46)) - raft.server.log.statemachine.data.sync.timeout.retry = -1 (default)
2022-10-15 07:44:40,022 [pool-3844-thread-1] INFO  server.RaftServerConfigKeys (ConfUtils.java:logGet(46)) - raft.server.log.write.buffer.size = 1048576 (custom)
2022-10-15 07:44:40,022 [pool-3844-thread-1] INFO  server.RaftServerConfigKeys (ConfUtils.java:logGet(46)) - raft.server.log.unsafe-flush.enabled = false (default)
2022-10-15 07:44:40,022 [pool-3844-thread-1] INFO  server.RaftServerConfigKeys (ConfUtils.java:logGet(46)) - raft.server.log.statemachine.data.caching.enabled = true (custom)
2022-10-15 07:44:40,023 [pool-3844-thread-1] INFO  segmented.SegmentedRaftLogWorker (SegmentedRaftLogWorker.java:lambda$new$0(135)) - c53e9dec-04d8-4017-ae1e-e704ed095001@group-A3339B58DE84-SegmentedRaftLogWorker: flushIndex: setUnconditionally 0 -> -1
2022-10-15 07:44:40,023 [pool-3844-thread-1] INFO  segmented.SegmentedRaftLogWorker (SegmentedRaftLogWorker.java:lambda$new$0(135)) - c53e9dec-04d8-4017-ae1e-e704ed095001@group-A3339B58DE84-SegmentedRaftLogWorker: safeCacheEvictIndex: setUnconditionally 0 -> -1
2022-10-15 07:44:40,023 [pool-3844-thread-1] INFO  server.RaftServerConfigKeys (ConfUtils.java:logGet(46)) - raft.server.snapshot.auto.trigger.enabled = true (custom)
2022-10-15 07:44:40,023 [pool-3844-thread-1] INFO  server.RaftServerConfigKeys (ConfUtils.java:logGet(46)) - raft.server.snapshot.auto.trigger.threshold = 10000 (custom)
2022-10-15 07:44:40,023 [pool-3844-thread-1] INFO  server.RaftServerConfigKeys (ConfUtils.java:logGet(46)) - raft.server.snapshot.retention.file.num = 5 (custom)
2022-10-15 07:44:40,023 [pool-3844-thread-1] INFO  server.RaftServerConfigKeys (ConfUtils.java:logGet(46)) - raft.server.log.purge.upto.snapshot.index = false (default)
2022-10-15 07:44:40,023 [pool-3844-thread-1] INFO  server.RaftServerConfigKeys (ConfUtils.java:logGet(46)) - raft.server.retrycache.expirytime = 600000ms (custom)
2022-10-15 07:44:40,023 [pool-3844-thread-1] INFO  server.RaftServerConfigKeys (ConfUtils.java:logGet(46)) - raft.server.retrycache.statistics.expirytime = 100μs (default)
2022-10-15 07:44:40,026 [pool-3844-thread-1] INFO  server.RaftServerConfigKeys (ConfUtils.java:logGet(46)) - raft.server.log.appender.install.snapshot.enabled = false (custom)
2022-10-15 07:44:40,026 [pool-3844-thread-1] INFO  server.RaftServerConfigKeys (ConfUtils.java:logGet(46)) - raft.server.threadpool.server.cached = true (default)
2022-10-15 07:44:40,026 [pool-3844-thread-1] INFO  server.RaftServerConfigKeys (ConfUtils.java:logGet(46)) - raft.server.threadpool.server.size = 0 (default)
2022-10-15 07:44:40,026 [pool-3844-thread-1] INFO  server.RaftServerConfigKeys (ConfUtils.java:logGet(46)) - raft.server.threadpool.client.cached = true (default)
2022-10-15 07:44:40,026 [pool-3844-thread-1] INFO  server.RaftServerConfigKeys (ConfUtils.java:logGet(46)) - raft.server.threadpool.client.size = 0 (default)
2022-10-15 07:44:40,026 [pool-3844-thread-1] INFO  server.RaftServer$Division (RaftServerImpl.java:start(310)) - c53e9dec-04d8-4017-ae1e-e704ed095001@group-A3339B58DE84: start as a follower, conf=-1: [c53e9dec-04d8-4017-ae1e-e704ed095001|rpc:10.1.1.113:43027|priority:1], old=null
2022-10-15 07:44:40,027 [pool-3844-thread-1] INFO  server.RaftServer$Division (RaftServerImpl.java:setRole(299)) - c53e9dec-04d8-4017-ae1e-e704ed095001@group-A3339B58DE84: changes role from      null to FOLLOWER at term 0 for startAsFollower
2022-10-15 07:44:40,027 [pool-3844-thread-1] INFO  impl.RoleInfo (RoleInfo.java:updateAndGet(139)) - c53e9dec-04d8-4017-ae1e-e704ed095001: start c53e9dec-04d8-4017-ae1e-e704ed095001@group-A3339B58DE84-FollowerState
2022-10-15 07:44:40,027 [pool-3844-thread-1] INFO  util.JmxRegister (JmxRegister.java:tryRegister(44)) - Successfully registered JMX Bean with object name Ratis:service=RaftServer,group=group-A3339B58DE84,id=c53e9dec-04d8-4017-ae1e-e704ed095001
2022-10-15 07:44:40,028 [Command processor thread] INFO  ratis.XceiverServerRatis (XceiverServerRatis.java:addGroup(765)) - Created group PipelineID=e8d497d5-0d13-4b72-8da2-a3339b58de84
2022-10-15 07:44:40,028 [Command processor thread] INFO  commandhandler.CreatePipelineCommandHandler (CreatePipelineCommandHandler.java:handle(113)) - Created Pipeline RATIS ONE PipelineID=e8d497d5-0d13-4b72-8da2-a3339b58de84.
2022-10-15 07:44:40,115 [EventQueue-OpenPipelineForHealthyPipelineSafeModeRule] INFO  safemode.SCMSafeModeManager (HealthyPipelineSafeModeRule.java:process(137)) - SCM in safe mode. Healthy pipelines reported count is 0, required healthy pipeline reported count is 1
2022-10-15 07:44:40,322 [EventQueue-OpenPipelineForHealthyPipelineSafeModeRule] INFO  safemode.SCMSafeModeManager (HealthyPipelineSafeModeRule.java:process(137)) - SCM in safe mode. Healthy pipelines reported count is 0, required healthy pipeline reported count is 1
2022-10-15 07:44:40,392 [Over Replicated Processor] INFO  replication.OverReplicatedProcessor (OverReplicatedProcessor.java:processAll(90)) - Processed 0 over replicated containers, failed processing 0
2022-10-15 07:44:40,392 [Under Replicated Processor] INFO  replication.UnderReplicatedProcessor (UnderReplicatedProcessor.java:processAll(92)) - Processed 0 under replicated containers, failed processing 0
2022-10-15 07:44:40,393 [ReplicationMonitor] INFO  replication.ReplicationManager (ReplicationManager.java:processAll(324)) - Replication Monitor Thread took 0 milliseconds for processing 0 containers.
2022-10-15 07:44:40,546 [DatanodeAdminManager-0] INFO  node.DatanodeAdminMonitorImpl (DatanodeAdminMonitorImpl.java:run(148)) - There are 1 nodes tracked for decommission and maintenance. 0 pending nodes.
2022-10-15 07:44:40,550 [ReplicationMonitor] INFO  replication.ReplicationManager (ReplicationManager.java:processAll(291)) - Replication Manager is not ready to run until 3000ms after safemode exit
2022-10-15 07:44:40,597 [ReplicationMonitor] INFO  replication.ReplicationManager (ReplicationManager.java:processAll(291)) - Replication Manager is not ready to run until 3000ms after safemode exit
2022-10-15 07:44:40,704 [EventQueue-OpenPipelineForHealthyPipelineSafeModeRule] INFO  safemode.SCMSafeModeManager (HealthyPipelineSafeModeRule.java:process(137)) - SCM in safe mode. Healthy pipelines reported count is 0, required healthy pipeline reported count is 1
2022-10-15 07:44:40,734 [EventQueue-OpenPipelineForHealthyPipelineSafeModeRule] INFO  safemode.SCMSafeModeManager (HealthyPipelineSafeModeRule.java:process(137)) - SCM in safe mode. Healthy pipelines reported count is 0, required healthy pipeline reported count is 1
2022-10-15 07:44:40,993 [EventQueue-OpenPipelineForHealthyPipelineSafeModeRule] INFO  safemode.SCMSafeModeManager (HealthyPipelineSafeModeRule.java:process(137)) - SCM in safe mode. Healthy pipelines reported count is 0, required healthy pipeline reported count is 1
2022-10-15 07:44:41,012 [Listener at 127.0.0.1/40173] INFO  ozone.MiniOzoneClusterImpl (MiniOzoneClusterImpl.java:lambda$waitForClusterToBeReady$0(216)) - Nodes are ready. Got 7 of 7 DN Heartbeats.
2022-10-15 07:44:41,013 [Listener at 127.0.0.1/40173] INFO  ozone.MiniOzoneClusterImpl (MiniOzoneClusterImpl.java:lambda$waitForClusterToBeReady$0(219)) - Waiting for cluster to exit safe mode
2022-10-15 07:44:41,013 [Listener at 127.0.0.1/40173] INFO  ozone.MiniOzoneClusterImpl (MiniOzoneClusterImpl.java:lambda$waitForClusterToBeReady$0(221)) - SCM became leader
2022-10-15 07:44:41,018 [EventQueue-OpenPipelineForHealthyPipelineSafeModeRule] INFO  safemode.SCMSafeModeManager (HealthyPipelineSafeModeRule.java:process(137)) - SCM in safe mode. Healthy pipelines reported count is 0, required healthy pipeline reported count is 1
2022-10-15 07:44:41,392 [Over Replicated Processor] INFO  replication.OverReplicatedProcessor (OverReplicatedProcessor.java:processAll(90)) - Processed 0 over replicated containers, failed processing 0
2022-10-15 07:44:41,392 [Under Replicated Processor] INFO  replication.UnderReplicatedProcessor (UnderReplicatedProcessor.java:processAll(92)) - Processed 0 under replicated containers, failed processing 0
2022-10-15 07:44:41,393 [ReplicationMonitor] INFO  replication.ReplicationManager (ReplicationManager.java:processAll(324)) - Replication Monitor Thread took 0 milliseconds for processing 0 containers.
2022-10-15 07:44:41,546 [DatanodeAdminManager-0] INFO  node.DatanodeAdminMonitorImpl (DatanodeAdminMonitorImpl.java:run(148)) - There are 1 nodes tracked for decommission and maintenance. 0 pending nodes.
2022-10-15 07:44:41,550 [ReplicationMonitor] INFO  replication.ReplicationManager (ReplicationManager.java:processAll(291)) - Replication Manager is not ready to run until 3000ms after safemode exit
2022-10-15 07:44:41,555 [EventQueue-OpenPipelineForHealthyPipelineSafeModeRule] INFO  safemode.SCMSafeModeManager (HealthyPipelineSafeModeRule.java:process(137)) - SCM in safe mode. Healthy pipelines reported count is 0, required healthy pipeline reported count is 1
2022-10-15 07:44:41,598 [ReplicationMonitor] INFO  replication.ReplicationManager (ReplicationManager.java:processAll(291)) - Replication Manager is not ready to run until 3000ms after safemode exit
2022-10-15 07:44:41,704 [EventQueue-OpenPipelineForHealthyPipelineSafeModeRule] INFO  safemode.SCMSafeModeManager (HealthyPipelineSafeModeRule.java:process(137)) - SCM in safe mode. Healthy pipelines reported count is 0, required healthy pipeline reported count is 1
2022-10-15 07:44:41,735 [EventQueue-OpenPipelineForHealthyPipelineSafeModeRule] INFO  safemode.SCMSafeModeManager (HealthyPipelineSafeModeRule.java:process(137)) - SCM in safe mode. Healthy pipelines reported count is 0, required healthy pipeline reported count is 1
2022-10-15 07:44:41,769 [Listener at 0.0.0.0/40471] INFO  utils.BackgroundService (BackgroundService.java:shutdown(141)) - Shutting down service BlockDeletingService
2022-10-15 07:44:41,771 [Listener at 0.0.0.0/40471] INFO  utils.BackgroundService (BackgroundService.java:shutdown(141)) - Shutting down service StaleRecoveringContainerScrubbingService
2022-10-15 07:44:41,778 [Listener at 0.0.0.0/40471] INFO  statemachine.DatanodeStateMachine (DatanodeStateMachine.java:stopDaemon(580)) - Ozone container server stopped.
2022-10-15 07:44:41,791 [Listener at 0.0.0.0/40471] INFO  handler.ContextHandler (ContextHandler.java:doStop(1153)) - Stopped o.e.j.w.WebAppContext@48cf4010{hddsDatanode,/,null,STOPPED}{jar:file:/home/runner/.m2/repository/org/apache/ozone/hdds-container-service/1.3.0-SNAPSHOT/hdds-container-service-1.3.0-SNAPSHOT.jar!/webapps/hddsDatanode}
2022-10-15 07:44:41,792 [Listener at 0.0.0.0/40471] INFO  server.AbstractConnector (AbstractConnector.java:doStop(381)) - Stopped ServerConnector@4384a2e2{HTTP/1.1, (http/1.1)}{0.0.0.0:0}
2022-10-15 07:44:41,792 [Listener at 0.0.0.0/40471] INFO  server.session (HouseKeeper.java:stopScavenging(149)) - node0 Stopped scavenging
2022-10-15 07:44:41,794 [Listener at 0.0.0.0/40471] INFO  handler.ContextHandler (ContextHandler.java:doStop(1153)) - Stopped o.e.j.s.ServletContextHandler@7335423d{static,/static,jar:file:/home/runner/.m2/repository/org/apache/ozone/hdds-container-service/1.3.0-SNAPSHOT/hdds-container-service-1.3.0-SNAPSHOT.jar!/webapps/static,STOPPED}
2022-10-15 07:44:41,796 [Listener at 0.0.0.0/40471] INFO  handler.ContextHandler (ContextHandler.java:doStop(1153)) - Stopped o.e.j.s.ServletContextHandler@2545300{logs,/logs,file:///home/runner/work/ozone/ozone/hadoop-ozone/integration-test/target/log,STOPPED}
2022-10-15 07:44:42,013 [Listener at 127.0.0.1/40173] INFO  ozone.MiniOzoneClusterImpl (MiniOzoneClusterImpl.java:lambda$waitForClusterToBeReady$0(216)) - Nodes are ready. Got 7 of 7 DN Heartbeats.
2022-10-15 07:44:42,013 [Listener at 127.0.0.1/40173] INFO  ozone.MiniOzoneClusterImpl (MiniOzoneClusterImpl.java:lambda$waitForClusterToBeReady$0(219)) - Waiting for cluster to exit safe mode
2022-10-15 07:44:42,013 [Listener at 127.0.0.1/40173] INFO  ozone.MiniOzoneClusterImpl (MiniOzoneClusterImpl.java:lambda$waitForClusterToBeReady$0(221)) - SCM became leader
2022-10-15 07:44:42,019 [EventQueue-OpenPipelineForHealthyPipelineSafeModeRule] INFO  safemode.SCMSafeModeManager (HealthyPipelineSafeModeRule.java:process(137)) - SCM in safe mode. Healthy pipelines reported count is 0, required healthy pipeline reported count is 1
2022-10-15 07:44:42,116 [EventQueue-OpenPipelineForHealthyPipelineSafeModeRule] INFO  safemode.SCMSafeModeManager (HealthyPipelineSafeModeRule.java:process(137)) - SCM in safe mode. Healthy pipelines reported count is 0, required healthy pipeline reported count is 1
2022-10-15 07:44:42,177 [EventQueue-StaleNodeForStaleNodeHandler] INFO  node.StaleNodeHandler (StaleNodeHandler.java:onMessage(59)) - Datanode bef1a67a-597f-44ca-bb4b-ee4a6fc04327{ip: 10.1.1.113, host: fv-az204-107.tdy0fjcc0bpubcu1xr20co1pbf.dx.internal.cloudapp.net, ports: [REPLICATION=46791, RATIS=40411, RATIS_ADMIN=40411, RATIS_SERVER=40411, STANDALONE=40845], networkLocation: /default-rack, certSerialId: null, persistedOpState: IN_MAINTENANCE, persistedOpStateExpiryEpochSec: 0} moved to stale state. Finalizing its pipelines []
2022-10-15 07:44:42,322 [EventQueue-OpenPipelineForHealthyPipelineSafeModeRule] INFO  safemode.SCMSafeModeManager (HealthyPipelineSafeModeRule.java:process(137)) - SCM in safe mode. Healthy pipelines reported count is 0, required healthy pipeline reported count is 1
2022-10-15 07:44:42,392 [Over Replicated Processor] INFO  replication.OverReplicatedProcessor (OverReplicatedProcessor.java:processAll(90)) - Processed 0 over replicated containers, failed processing 0
2022-10-15 07:44:42,392 [Under Replicated Processor] INFO  replication.UnderReplicatedProcessor (UnderReplicatedProcessor.java:processAll(92)) - Processed 0 under replicated containers, failed processing 0
2022-10-15 07:44:42,393 [ReplicationMonitor] INFO  replication.ReplicationManager (ReplicationManager.java:processAll(324)) - Replication Monitor Thread took 0 milliseconds for processing 0 containers.
2022-10-15 07:44:42,545 [Under Replicated Processor] INFO  replication.UnderReplicatedProcessor (UnderReplicatedProcessor.java:processAll(92)) - Processed 0 under replicated containers, failed processing 0
2022-10-15 07:44:42,546 [DatanodeAdminManager-0] INFO  node.DatanodeAdminMonitorImpl (DatanodeAdminMonitorImpl.java:run(148)) - There are 1 nodes tracked for decommission and maintenance. 0 pending nodes.
2022-10-15 07:44:42,547 [Over Replicated Processor] INFO  replication.OverReplicatedProcessor (OverReplicatedProcessor.java:processAll(90)) - Processed 0 over replicated containers, failed processing 0
2022-10-15 07:44:42,551 [ReplicationMonitor] INFO  replication.ReplicationManager (ReplicationManager.java:processAll(324)) - Replication Monitor Thread took 0 milliseconds for processing 6 containers.
2022-10-15 07:44:42,598 [ReplicationMonitor] INFO  replication.ReplicationManager (ReplicationManager.java:processAll(291)) - Replication Manager is not ready to run until 3000ms after safemode exit
2022-10-15 07:44:42,697 [abd8e8e1-9e09-4ec0-a897-8fd48f6e99a3@group-B8AD8183D604-FollowerState] INFO  impl.FollowerState (FollowerState.java:run(143)) - abd8e8e1-9e09-4ec0-a897-8fd48f6e99a3@group-B8AD8183D604-FollowerState: change to CANDIDATE, lastRpcElapsedTime:5002926079ns, electionTimeout:5001ms
2022-10-15 07:44:42,697 [abd8e8e1-9e09-4ec0-a897-8fd48f6e99a3@group-B8AD8183D604-FollowerState] INFO  impl.RoleInfo (RoleInfo.java:shutdownFollowerState(110)) - abd8e8e1-9e09-4ec0-a897-8fd48f6e99a3: shutdown abd8e8e1-9e09-4ec0-a897-8fd48f6e99a3@group-B8AD8183D604-FollowerState
2022-10-15 07:44:42,697 [abd8e8e1-9e09-4ec0-a897-8fd48f6e99a3@group-B8AD8183D604-FollowerState] INFO  server.RaftServer$Division (RaftServerImpl.java:setRole(299)) - abd8e8e1-9e09-4ec0-a897-8fd48f6e99a3@group-B8AD8183D604: changes role from  FOLLOWER to CANDIDATE at term 0 for changeToCandidate
2022-10-15 07:44:42,698 [abd8e8e1-9e09-4ec0-a897-8fd48f6e99a3@group-B8AD8183D604-FollowerState] INFO  server.RaftServerConfigKeys (ConfUtils.java:logGet(46)) - raft.server.leaderelection.pre-vote = false (custom)
2022-10-15 07:44:42,698 [abd8e8e1-9e09-4ec0-a897-8fd48f6e99a3@group-B8AD8183D604-FollowerState] INFO  impl.RoleInfo (RoleInfo.java:updateAndGet(139)) - abd8e8e1-9e09-4ec0-a897-8fd48f6e99a3: start abd8e8e1-9e09-4ec0-a897-8fd48f6e99a3@group-B8AD8183D604-LeaderElection116
2022-10-15 07:44:42,701 [abd8e8e1-9e09-4ec0-a897-8fd48f6e99a3@group-B8AD8183D604-LeaderElection116] INFO  impl.LeaderElection (LeaderElection.java:askForVotes(310)) - abd8e8e1-9e09-4ec0-a897-8fd48f6e99a3@group-B8AD8183D604-LeaderElection116 ELECTION round 0: submit vote requests at term 1 for -1: [abd8e8e1-9e09-4ec0-a897-8fd48f6e99a3|rpc:10.1.1.113:44465|priority:1], old=null
2022-10-15 07:44:42,701 [abd8e8e1-9e09-4ec0-a897-8fd48f6e99a3@group-B8AD8183D604-LeaderElection116] INFO  impl.LeaderElection (LeaderElection.java:askForVotes(312)) - abd8e8e1-9e09-4ec0-a897-8fd48f6e99a3@group-B8AD8183D604-LeaderElection116 ELECTION round 0: result PASSED (term=1)
2022-10-15 07:44:42,701 [abd8e8e1-9e09-4ec0-a897-8fd48f6e99a3@group-B8AD8183D604-LeaderElection116] INFO  impl.RoleInfo (RoleInfo.java:shutdownLeaderElection(130)) - abd8e8e1-9e09-4ec0-a897-8fd48f6e99a3: shutdown abd8e8e1-9e09-4ec0-a897-8fd48f6e99a3@group-B8AD8183D604-LeaderElection116
2022-10-15 07:44:42,701 [abd8e8e1-9e09-4ec0-a897-8fd48f6e99a3@group-B8AD8183D604-LeaderElection116] INFO  server.RaftServer$Division (RaftServerImpl.java:setRole(299)) - abd8e8e1-9e09-4ec0-a897-8fd48f6e99a3@group-B8AD8183D604: changes role from CANDIDATE to LEADER at term 1 for changeToLeader
2022-10-15 07:44:42,701 [abd8e8e1-9e09-4ec0-a897-8fd48f6e99a3@group-B8AD8183D604-LeaderElection116] INFO  ratis.XceiverServerRatis (XceiverServerRatis.java:handleLeaderChangedNotification(863)) - Leader change notification received for group: group-B8AD8183D604 with new leaderId: abd8e8e1-9e09-4ec0-a897-8fd48f6e99a3
2022-10-15 07:44:42,701 [abd8e8e1-9e09-4ec0-a897-8fd48f6e99a3@group-B8AD8183D604-LeaderElection116] INFO  server.RaftServer$Division (ServerState.java:setLeader(287)) - abd8e8e1-9e09-4ec0-a897-8fd48f6e99a3@group-B8AD8183D604: change Leader from null to abd8e8e1-9e09-4ec0-a897-8fd48f6e99a3 at term 1 for becomeLeader, leader elected after 5046ms
2022-10-15 07:44:42,701 [abd8e8e1-9e09-4ec0-a897-8fd48f6e99a3@group-B8AD8183D604-LeaderElection116] INFO  server.RaftServerConfigKeys (ConfUtils.java:logGet(46)) - raft.server.staging.catchup.gap = 1000 (default)
2022-10-15 07:44:42,702 [abd8e8e1-9e09-4ec0-a897-8fd48f6e99a3@group-B8AD8183D604-LeaderElection116] INFO  server.RaftServerConfigKeys (ConfUtils.java:logGet(46)) - raft.server.write.element-limit = 1024 (custom)
2022-10-15 07:44:42,702 [abd8e8e1-9e09-4ec0-a897-8fd48f6e99a3@group-B8AD8183D604-LeaderElection116] INFO  server.RaftServerConfigKeys (ConfUtils.java:logGet(46)) - raft.server.write.byte-limit = 1024 M (=1073741824) (custom)
2022-10-15 07:44:42,702 [EventQueue-OpenPipelineForHealthyPipelineSafeModeRule] INFO  safemode.SCMSafeModeManager (HealthyPipelineSafeModeRule.java:process(137)) - SCM in safe mode. Healthy pipelines reported count is 0, required healthy pipeline reported count is 1
2022-10-15 07:44:42,702 [abd8e8e1-9e09-4ec0-a897-8fd48f6e99a3@group-B8AD8183D604-LeaderElection116] INFO  server.RaftServerConfigKeys (ConfUtils.java:logGet(46)) - raft.server.watch.timeout = 180s (custom)
2022-10-15 07:44:42,702 [abd8e8e1-9e09-4ec0-a897-8fd48f6e99a3@group-B8AD8183D604-LeaderElection116] INFO  server.RaftServerConfigKeys (ConfUtils.java:logGet(46)) - raft.server.watch.timeout.denomination = 1s (default)
2022-10-15 07:44:42,703 [abd8e8e1-9e09-4ec0-a897-8fd48f6e99a3@group-B8AD8183D604-LeaderElection116] INFO  server.RaftServerConfigKeys (ConfUtils.java:logGet(46)) - raft.server.watch.element-limit = 65536 (default)
2022-10-15 07:44:42,703 [abd8e8e1-9e09-4ec0-a897-8fd48f6e99a3@group-B8AD8183D604-LeaderElection116] INFO  server.RaftServerConfigKeys (ConfUtils.java:logGet(46)) - raft.server.write.element-limit = 1024 (custom)
2022-10-15 07:44:42,703 [abd8e8e1-9e09-4ec0-a897-8fd48f6e99a3@group-B8AD8183D604-LeaderElection116] INFO  server.RaftServerConfigKeys (ConfUtils.java:logGet(46)) - raft.server.write.follower.gap.ratio.max = -1.0 (default)
2022-10-15 07:44:42,703 [abd8e8e1-9e09-4ec0-a897-8fd48f6e99a3@group-B8AD8183D604-LeaderElection116] INFO  impl.RoleInfo (RoleInfo.java:updateAndGet(139)) - abd8e8e1-9e09-4ec0-a897-8fd48f6e99a3: start abd8e8e1-9e09-4ec0-a897-8fd48f6e99a3@group-B8AD8183D604-LeaderStateImpl
2022-10-15 07:44:42,703 [abd8e8e1-9e09-4ec0-a897-8fd48f6e99a3@group-B8AD8183D604-LeaderElection116] INFO  segmented.SegmentedRaftLogWorker (SegmentedRaftLogWorker.java:startLogSegment(425)) - abd8e8e1-9e09-4ec0-a897-8fd48f6e99a3@group-B8AD8183D604-SegmentedRaftLogWorker: Starting segment from index:0
2022-10-15 07:44:42,708 [EventQueue-OpenPipelineForHealthyPipelineSafeModeRule] INFO  safemode.SCMSafeModeManager (HealthyPipelineSafeModeRule.java:process(137)) - SCM in safe mode. Healthy pipelines reported count is 0, required healthy pipeline reported count is 1
2022-10-15 07:44:42,710 [abd8e8e1-9e09-4ec0-a897-8fd48f6e99a3@group-B8AD8183D604-SegmentedRaftLogWorker] INFO  segmented.SegmentedRaftLogWorker (SegmentedRaftLogWorker.java:execute(629)) - abd8e8e1-9e09-4ec0-a897-8fd48f6e99a3@group-B8AD8183D604-SegmentedRaftLogWorker: created new log segment /home/runner/work/ozone/ozone/hadoop-ozone/integration-test/target/test-dir/MiniOzoneClusterImpl-0c55ea5e-da39-43b3-be52-3d6e56a90e90/datanode-0/data/ratis/fea20b7c-a6a4-4688-805c-b8ad8183d604/current/log_inprogress_0
2022-10-15 07:44:42,711 [abd8e8e1-9e09-4ec0-a897-8fd48f6e99a3@group-B8AD8183D604-LeaderElection116] INFO  server.RaftServer$Division (ServerState.java:setRaftConf(393)) - abd8e8e1-9e09-4ec0-a897-8fd48f6e99a3@group-B8AD8183D604: set configuration 0: [abd8e8e1-9e09-4ec0-a897-8fd48f6e99a3|rpc:10.1.1.113:44465|dataStream:|priority:1], old=null
2022-10-15 07:44:42,832 [a759a49b-3cd3-49e9-826c-16e7b00ba8b7@group-8C1DE3C4B685-FollowerState] INFO  impl.FollowerState (FollowerState.java:run(143)) - a759a49b-3cd3-49e9-826c-16e7b00ba8b7@group-8C1DE3C4B685-FollowerState: change to CANDIDATE, lastRpcElapsedTime:5055489810ns, electionTimeout:5045ms
2022-10-15 07:44:42,832 [a759a49b-3cd3-49e9-826c-16e7b00ba8b7@group-8C1DE3C4B685-FollowerState] INFO  impl.RoleInfo (RoleInfo.java:shutdownFollowerState(110)) - a759a49b-3cd3-49e9-826c-16e7b00ba8b7: shutdown a759a49b-3cd3-49e9-826c-16e7b00ba8b7@group-8C1DE3C4B685-FollowerState
2022-10-15 07:44:42,832 [a759a49b-3cd3-49e9-826c-16e7b00ba8b7@group-8C1DE3C4B685-FollowerState] INFO  server.RaftServer$Division (RaftServerImpl.java:setRole(299)) - a759a49b-3cd3-49e9-826c-16e7b00ba8b7@group-8C1DE3C4B685: changes role from  FOLLOWER to CANDIDATE at term 1 for changeToCandidate
2022-10-15 07:44:42,832 [a759a49b-3cd3-49e9-826c-16e7b00ba8b7@group-8C1DE3C4B685-FollowerState] INFO  server.RaftServerConfigKeys (ConfUtils.java:logGet(46)) - raft.server.leaderelection.pre-vote = false (custom)
2022-10-15 07:44:42,832 [a759a49b-3cd3-49e9-826c-16e7b00ba8b7@group-8C1DE3C4B685-FollowerState] INFO  impl.RoleInfo (RoleInfo.java:updateAndGet(139)) - a759a49b-3cd3-49e9-826c-16e7b00ba8b7: start a759a49b-3cd3-49e9-826c-16e7b00ba8b7@group-8C1DE3C4B685-LeaderElection117
2022-10-15 07:44:42,834 [a759a49b-3cd3-49e9-826c-16e7b00ba8b7@group-8C1DE3C4B685-LeaderElection117] INFO  impl.LeaderElection (LeaderElection.java:askForVotes(310)) - a759a49b-3cd3-49e9-826c-16e7b00ba8b7@group-8C1DE3C4B685-LeaderElection117 ELECTION round 0: submit vote requests at term 2 for -1: [35429393-00b4-4ffa-a437-723b6b48652e|rpc:10.1.1.113:40931|dataStream:|priority:1, 2807d27e-eacf-4ef9-9ccd-2d34dc032c62|rpc:10.1.1.113:39475|dataStream:|priority:0, a759a49b-3cd3-49e9-826c-16e7b00ba8b7|rpc:10.1.1.113:42469|dataStream:|priority:0], old=null
2022-10-15 07:44:42,836 [grpc-default-executor-3] INFO  server.RaftServer$Division (RaftServerImpl.java:requestVote(1152)) - 2807d27e-eacf-4ef9-9ccd-2d34dc032c62@group-8C1DE3C4B685: receive requestVote(ELECTION, a759a49b-3cd3-49e9-826c-16e7b00ba8b7, group-8C1DE3C4B685, 2, (t:0, i:0))
2022-10-15 07:44:42,836 [grpc-default-executor-3] INFO  impl.VoteContext (VoteContext.java:log(48)) - 2807d27e-eacf-4ef9-9ccd-2d34dc032c62@group-8C1DE3C4B685-FOLLOWER: accept ELECTION from a759a49b-3cd3-49e9-826c-16e7b00ba8b7: our priority 0 <= candidate's priority 0
2022-10-15 07:44:42,836 [grpc-default-executor-3] INFO  server.RaftServer$Division (RaftServerImpl.java:setRole(299)) - 2807d27e-eacf-4ef9-9ccd-2d34dc032c62@group-8C1DE3C4B685: changes role from  FOLLOWER to FOLLOWER at term 2 for candidate:a759a49b-3cd3-49e9-826c-16e7b00ba8b7
2022-10-15 07:44:42,836 [grpc-default-executor-3] INFO  impl.RoleInfo (RoleInfo.java:shutdownFollowerState(110)) - 2807d27e-eacf-4ef9-9ccd-2d34dc032c62: shutdown 2807d27e-eacf-4ef9-9ccd-2d34dc032c62@group-8C1DE3C4B685-FollowerState
2022-10-15 07:44:42,836 [grpc-default-executor-3] INFO  impl.RoleInfo (RoleInfo.java:updateAndGet(139)) - 2807d27e-eacf-4ef9-9ccd-2d34dc032c62: start 2807d27e-eacf-4ef9-9ccd-2d34dc032c62@group-8C1DE3C4B685-FollowerState
2022-10-15 07:44:42,836 [2807d27e-eacf-4ef9-9ccd-2d34dc032c62@group-8C1DE3C4B685-FollowerState] INFO  impl.FollowerState (FollowerState.java:run(152)) - 2807d27e-eacf-4ef9-9ccd-2d34dc032c62@group-8C1DE3C4B685-FollowerState was interrupted
2022-10-15 07:44:42,836 [grpc-default-executor-7] INFO  server.RaftServer$Division (RaftServerImpl.java:requestVote(1152)) - 35429393-00b4-4ffa-a437-723b6b48652e@group-8C1DE3C4B685: receive requestVote(ELECTION, a759a49b-3cd3-49e9-826c-16e7b00ba8b7, group-8C1DE3C4B685, 2, (t:0, i:0))
2022-10-15 07:44:42,836 [grpc-default-executor-7] INFO  impl.VoteContext (VoteContext.java:log(48)) - 35429393-00b4-4ffa-a437-723b6b48652e@group-8C1DE3C4B685-FOLLOWER: reject ELECTION from a759a49b-3cd3-49e9-826c-16e7b00ba8b7: our priority 1 > candidate's priority 0
2022-10-15 07:44:42,836 [grpc-default-executor-7] INFO  server.RaftServer$Division (RaftServerImpl.java:setRole(299)) - 35429393-00b4-4ffa-a437-723b6b48652e@group-8C1DE3C4B685: changes role from  FOLLOWER to FOLLOWER at term 2 for candidate:a759a49b-3cd3-49e9-826c-16e7b00ba8b7
2022-10-15 07:44:42,836 [grpc-default-executor-7] INFO  impl.RoleInfo (RoleInfo.java:shutdownFollowerState(110)) - 35429393-00b4-4ffa-a437-723b6b48652e: shutdown 35429393-00b4-4ffa-a437-723b6b48652e@group-8C1DE3C4B685-FollowerState
2022-10-15 07:44:42,837 [grpc-default-executor-7] INFO  impl.RoleInfo (RoleInfo.java:updateAndGet(139)) - 35429393-00b4-4ffa-a437-723b6b48652e: start 35429393-00b4-4ffa-a437-723b6b48652e@group-8C1DE3C4B685-FollowerState
2022-10-15 07:44:42,837 [35429393-00b4-4ffa-a437-723b6b48652e@group-8C1DE3C4B685-FollowerState] INFO  impl.FollowerState (FollowerState.java:run(152)) - 35429393-00b4-4ffa-a437-723b6b48652e@group-8C1DE3C4B685-FollowerState was interrupted
2022-10-15 07:44:42,838 [grpc-default-executor-3] INFO  server.RaftServer$Division (RaftServerImpl.java:requestVote(1184)) - 2807d27e-eacf-4ef9-9ccd-2d34dc032c62@group-8C1DE3C4B685 replies to ELECTION vote request: a759a49b-3cd3-49e9-826c-16e7b00ba8b7<-2807d27e-eacf-4ef9-9ccd-2d34dc032c62#0:OK-t2. Peer's state: 2807d27e-eacf-4ef9-9ccd-2d34dc032c62@group-8C1DE3C4B685:t2, leader=null, voted=a759a49b-3cd3-49e9-826c-16e7b00ba8b7, raftlog=2807d27e-eacf-4ef9-9ccd-2d34dc032c62@group-8C1DE3C4B685-SegmentedRaftLog:OPENED:c-1, conf=-1: [35429393-00b4-4ffa-a437-723b6b48652e|rpc:10.1.1.113:40931|priority:1, 2807d27e-eacf-4ef9-9ccd-2d34dc032c62|rpc:10.1.1.113:39475|priority:0, a759a49b-3cd3-49e9-826c-16e7b00ba8b7|rpc:10.1.1.113:42469|priority:0], old=null
2022-10-15 07:44:42,839 [grpc-default-executor-7] INFO  server.RaftServer$Division (RaftServerImpl.java:requestVote(1184)) - 35429393-00b4-4ffa-a437-723b6b48652e@group-8C1DE3C4B685 replies to ELECTION vote request: a759a49b-3cd3-49e9-826c-16e7b00ba8b7<-35429393-00b4-4ffa-a437-723b6b48652e#0:FAIL-t2. Peer's state: 35429393-00b4-4ffa-a437-723b6b48652e@group-8C1DE3C4B685:t2, leader=null, voted=null, raftlog=35429393-00b4-4ffa-a437-723b6b48652e@group-8C1DE3C4B685-SegmentedRaftLog:OPENED:c-1, conf=-1: [35429393-00b4-4ffa-a437-723b6b48652e|rpc:10.1.1.113:40931|dataStream:|priority:1, 2807d27e-eacf-4ef9-9ccd-2d34dc032c62|rpc:10.1.1.113:39475|dataStream:|priority:0, a759a49b-3cd3-49e9-826c-16e7b00ba8b7|rpc:10.1.1.113:42469|dataStream:|priority:0], old=null
2022-10-15 07:44:42,840 [a759a49b-3cd3-49e9-826c-16e7b00ba8b7@group-8C1DE3C4B685-LeaderElection117] INFO  impl.LeaderElection (LeaderElection.java:logAndReturn(90)) - a759a49b-3cd3-49e9-826c-16e7b00ba8b7@group-8C1DE3C4B685-LeaderElection117: ELECTION REJECTED received 1 response(s) and 0 exception(s):
2022-10-15 07:44:42,840 [a759a49b-3cd3-49e9-826c-16e7b00ba8b7@group-8C1DE3C4B685-LeaderElection117] INFO  impl.LeaderElection (LeaderElection.java:logAndReturn(94)) -   Response 0: a759a49b-3cd3-49e9-826c-16e7b00ba8b7<-35429393-00b4-4ffa-a437-723b6b48652e#0:FAIL-t2
2022-10-15 07:44:42,840 [a759a49b-3cd3-49e9-826c-16e7b00ba8b7@group-8C1DE3C4B685-LeaderElection117] INFO  impl.LeaderElection (LeaderElection.java:askForVotes(312)) - a759a49b-3cd3-49e9-826c-16e7b00ba8b7@group-8C1DE3C4B685-LeaderElection117 ELECTION round 0: result REJECTED
2022-10-15 07:44:42,840 [a759a49b-3cd3-49e9-826c-16e7b00ba8b7@group-8C1DE3C4B685-LeaderElection117] INFO  server.RaftServer$Division (RaftServerImpl.java:setRole(299)) - a759a49b-3cd3-49e9-826c-16e7b00ba8b7@group-8C1DE3C4B685: changes role from CANDIDATE to FOLLOWER at term 2 for REJECTED
2022-10-15 07:44:42,840 [a759a49b-3cd3-49e9-826c-16e7b00ba8b7@group-8C1DE3C4B685-LeaderElection117] INFO  impl.RoleInfo (RoleInfo.java:shutdownLeaderElection(130)) - a759a49b-3cd3-49e9-826c-16e7b00ba8b7: shutdown a759a49b-3cd3-49e9-826c-16e7b00ba8b7@group-8C1DE3C4B685-LeaderElection117
2022-10-15 07:44:42,840 [a759a49b-3cd3-49e9-826c-16e7b00ba8b7@group-8C1DE3C4B685-LeaderElection117] INFO  impl.RoleInfo (RoleInfo.java:updateAndGet(139)) - a759a49b-3cd3-49e9-826c-16e7b00ba8b7: start a759a49b-3cd3-49e9-826c-16e7b00ba8b7@group-8C1DE3C4B685-FollowerState
2022-10-15 07:44:42,899 [8dac584f-6024-4576-b5a3-2bef0f48735e@group-50B708ACB90C-FollowerState] INFO  impl.FollowerState (FollowerState.java:run(143)) - 8dac584f-6024-4576-b5a3-2bef0f48735e@group-50B708ACB90C-FollowerState: change to CANDIDATE, lastRpcElapsedTime:5057418626ns, electionTimeout:5057ms
2022-10-15 07:44:42,899 [8dac584f-6024-4576-b5a3-2bef0f48735e@group-50B708ACB90C-FollowerState] INFO  impl.RoleInfo (RoleInfo.java:shutdownFollowerState(110)) - 8dac584f-6024-4576-b5a3-2bef0f48735e: shutdown 8dac584f-6024-4576-b5a3-2bef0f48735e@group-50B708ACB90C-FollowerState
2022-10-15 07:44:42,899 [8dac584f-6024-4576-b5a3-2bef0f48735e@group-50B708ACB90C-FollowerState] INFO  server.RaftServer$Division (RaftServerImpl.java:setRole(299)) - 8dac584f-6024-4576-b5a3-2bef0f48735e@group-50B708ACB90C: changes role from  FOLLOWER to CANDIDATE at term 0 for changeToCandidate
2022-10-15 07:44:42,899 [8dac584f-6024-4576-b5a3-2bef0f48735e@group-50B708ACB90C-FollowerState] INFO  server.RaftServerConfigKeys (ConfUtils.java:logGet(46)) - raft.server.leaderelection.pre-vote = false (custom)
2022-10-15 07:44:42,900 [8dac584f-6024-4576-b5a3-2bef0f48735e@group-50B708ACB90C-FollowerState] INFO  impl.RoleInfo (RoleInfo.java:updateAndGet(139)) - 8dac584f-6024-4576-b5a3-2bef0f48735e: start 8dac584f-6024-4576-b5a3-2bef0f48735e@group-50B708ACB90C-LeaderElection118
2022-10-15 07:44:42,902 [8dac584f-6024-4576-b5a3-2bef0f48735e@group-50B708ACB90C-LeaderElection118] INFO  impl.LeaderElection (LeaderElection.java:askForVotes(310)) - 8dac584f-6024-4576-b5a3-2bef0f48735e@group-50B708ACB90C-LeaderElection118 ELECTION round 0: submit vote requests at term 1 for -1: [7fbbdba2-60d2-4bcb-9af9-465dc1fc8d8a|rpc:10.1.1.113:38635|dataStream:|priority:1, abd8e8e1-9e09-4ec0-a897-8fd48f6e99a3|rpc:10.1.1.113:44465|dataStream:|priority:0, 8dac584f-6024-4576-b5a3-2bef0f48735e|rpc:10.1.1.113:35155|dataStream:|priority:0], old=null
2022-10-15 07:44:42,910 [abd8e8e1-9e09-4ec0-a897-8fd48f6e99a3@group-50B708ACB90C-FollowerState] INFO  impl.FollowerState (FollowerState.java:run(143)) - abd8e8e1-9e09-4ec0-a897-8fd48f6e99a3@group-50B708ACB90C-FollowerState: change to CANDIDATE, lastRpcElapsedTime:5146064252ns, electionTimeout:5144ms
2022-10-15 07:44:42,910 [abd8e8e1-9e09-4ec0-a897-8fd48f6e99a3@group-50B708ACB90C-FollowerState] INFO  impl.RoleInfo (RoleInfo.java:shutdownFollowerState(110)) - abd8e8e1-9e09-4ec0-a897-8fd48f6e99a3: shutdown abd8e8e1-9e09-4ec0-a897-8fd48f6e99a3@group-50B708ACB90C-FollowerState
2022-10-15 07:44:42,910 [abd8e8e1-9e09-4ec0-a897-8fd48f6e99a3@group-50B708ACB90C-FollowerState] INFO  server.RaftServer$Division (RaftServerImpl.java:setRole(299)) - abd8e8e1-9e09-4ec0-a897-8fd48f6e99a3@group-50B708ACB90C: changes role from  FOLLOWER to CANDIDATE at term 0 for changeToCandidate
2022-10-15 07:44:42,910 [abd8e8e1-9e09-4ec0-a897-8fd48f6e99a3@group-50B708ACB90C-FollowerState] INFO  server.RaftServerConfigKeys (ConfUtils.java:logGet(46)) - raft.server.leaderelection.pre-vote = false (custom)
2022-10-15 07:44:42,910 [abd8e8e1-9e09-4ec0-a897-8fd48f6e99a3@group-50B708ACB90C-FollowerState] INFO  impl.RoleInfo (RoleInfo.java:updateAndGet(139)) - abd8e8e1-9e09-4ec0-a897-8fd48f6e99a3: start abd8e8e1-9e09-4ec0-a897-8fd48f6e99a3@group-50B708ACB90C-LeaderElection119
2022-10-15 07:44:42,911 [grpc-default-executor-3] INFO  server.RaftServer$Division (RaftServerImpl.java:requestVote(1152)) - abd8e8e1-9e09-4ec0-a897-8fd48f6e99a3@group-50B708ACB90C: receive requestVote(ELECTION, 8dac584f-6024-4576-b5a3-2bef0f48735e, group-50B708ACB90C, 1, (t:0, i:0))
2022-10-15 07:44:42,911 [grpc-default-executor-3] INFO  impl.VoteContext (VoteContext.java:log(48)) - abd8e8e1-9e09-4ec0-a897-8fd48f6e99a3@group-50B708ACB90C-CANDIDATE: accept ELECTION from 8dac584f-6024-4576-b5a3-2bef0f48735e: our priority 0 <= candidate's priority 0
2022-10-15 07:44:42,911 [grpc-default-executor-3] INFO  server.RaftServer$Division (RaftServerImpl.java:setRole(299)) - abd8e8e1-9e09-4ec0-a897-8fd48f6e99a3@group-50B708ACB90C: changes role from CANDIDATE to FOLLOWER at term 1 for candidate:8dac584f-6024-4576-b5a3-2bef0f48735e
2022-10-15 07:44:42,911 [grpc-default-executor-3] INFO  impl.RoleInfo (RoleInfo.java:shutdownLeaderElection(130)) - abd8e8e1-9e09-4ec0-a897-8fd48f6e99a3: shutdown abd8e8e1-9e09-4ec0-a897-8fd48f6e99a3@group-50B708ACB90C-LeaderElection119
2022-10-15 07:44:42,911 [grpc-default-executor-3] INFO  impl.RoleInfo (RoleInfo.java:updateAndGet(139)) - abd8e8e1-9e09-4ec0-a897-8fd48f6e99a3: start abd8e8e1-9e09-4ec0-a897-8fd48f6e99a3@group-50B708ACB90C-FollowerState
2022-10-15 07:44:42,913 [grpc-default-executor-3] INFO  server.RaftServer$Division (RaftServerImpl.java:requestVote(1184)) - abd8e8e1-9e09-4ec0-a897-8fd48f6e99a3@group-50B708ACB90C replies to ELECTION vote request: 8dac584f-6024-4576-b5a3-2bef0f48735e<-abd8e8e1-9e09-4ec0-a897-8fd48f6e99a3#0:OK-t1. Peer's state: abd8e8e1-9e09-4ec0-a897-8fd48f6e99a3@group-50B708ACB90C:t1, leader=null, voted=8dac584f-6024-4576-b5a3-2bef0f48735e, raftlog=abd8e8e1-9e09-4ec0-a897-8fd48f6e99a3@group-50B708ACB90C-SegmentedRaftLog:OPENED:c-1, conf=-1: [7fbbdba2-60d2-4bcb-9af9-465dc1fc8d8a|rpc:10.1.1.113:38635|priority:1, abd8e8e1-9e09-4ec0-a897-8fd48f6e99a3|rpc:10.1.1.113:44465|priority:0, 8dac584f-6024-4576-b5a3-2bef0f48735e|rpc:10.1.1.113:35155|priority:0], old=null
2022-10-15 07:44:42,916 [grpc-default-executor-7] INFO  server.RaftServer$Division (RaftServerImpl.java:requestVote(1152)) - 7fbbdba2-60d2-4bcb-9af9-465dc1fc8d8a@group-50B708ACB90C: receive requestVote(ELECTION, 8dac584f-6024-4576-b5a3-2bef0f48735e, group-50B708ACB90C, 1, (t:0, i:0))
2022-10-15 07:44:42,916 [grpc-default-executor-7] INFO  impl.VoteContext (VoteContext.java:log(48)) - 7fbbdba2-60d2-4bcb-9af9-465dc1fc8d8a@group-50B708ACB90C-FOLLOWER: reject ELECTION from 8dac584f-6024-4576-b5a3-2bef0f48735e: our priority 1 > candidate's priority 0
2022-10-15 07:44:42,916 [grpc-default-executor-7] INFO  server.RaftServer$Division (RaftServerImpl.java:setRole(299)) - 7fbbdba2-60d2-4bcb-9af9-465dc1fc8d8a@group-50B708ACB90C: changes role from  FOLLOWER to FOLLOWER at term 1 for candidate:8dac584f-6024-4576-b5a3-2bef0f48735e
2022-10-15 07:44:42,916 [grpc-default-executor-7] INFO  impl.RoleInfo (RoleInfo.java:shutdownFollowerState(110)) - 7fbbdba2-60d2-4bcb-9af9-465dc1fc8d8a: shutdown 7fbbdba2-60d2-4bcb-9af9-465dc1fc8d8a@group-50B708ACB90C-FollowerState
2022-10-15 07:44:42,916 [grpc-default-executor-7] INFO  impl.RoleInfo (RoleInfo.java:updateAndGet(139)) - 7fbbdba2-60d2-4bcb-9af9-465dc1fc8d8a: start 7fbbdba2-60d2-4bcb-9af9-465dc1fc8d8a@group-50B708ACB90C-FollowerState
2022-10-15 07:44:42,916 [7fbbdba2-60d2-4bcb-9af9-465dc1fc8d8a@group-50B708ACB90C-FollowerState] INFO  impl.FollowerState (FollowerState.java:run(152)) - 7fbbdba2-60d2-4bcb-9af9-465dc1fc8d8a@group-50B708ACB90C-FollowerState was interrupted
2022-10-15 07:44:42,918 [grpc-default-executor-7] INFO  server.RaftServer$Division (RaftServerImpl.java:requestVote(1184)) - 7fbbdba2-60d2-4bcb-9af9-465dc1fc8d8a@group-50B708ACB90C replies to ELECTION vote request: 8dac584f-6024-4576-b5a3-2bef0f48735e<-7fbbdba2-60d2-4bcb-9af9-465dc1fc8d8a#0:FAIL-t1. Peer's state: 7fbbdba2-60d2-4bcb-9af9-465dc1fc8d8a@group-50B708ACB90C:t1, leader=null, voted=null, raftlog=7fbbdba2-60d2-4bcb-9af9-465dc1fc8d8a@group-50B708ACB90C-SegmentedRaftLog:OPENED:c-1, conf=-1: [7fbbdba2-60d2-4bcb-9af9-465dc1fc8d8a|rpc:10.1.1.113:38635|dataStream:|priority:1, abd8e8e1-9e09-4ec0-a897-8fd48f6e99a3|rpc:10.1.1.113:44465|dataStream:|priority:0, 8dac584f-6024-4576-b5a3-2bef0f48735e|rpc:10.1.1.113:35155|dataStream:|priority:0], old=null
2022-10-15 07:44:42,919 [8dac584f-6024-4576-b5a3-2bef0f48735e@group-50B708ACB90C-LeaderElection118] INFO  impl.LeaderElection (LeaderElection.java:logAndReturn(90)) - 8dac584f-6024-4576-b5a3-2bef0f48735e@group-50B708ACB90C-LeaderElection118: ELECTION REJECTED received 2 response(s) and 0 exception(s):
2022-10-15 07:44:42,919 [8dac584f-6024-4576-b5a3-2bef0f48735e@group-50B708ACB90C-LeaderElection118] INFO  impl.LeaderElection (LeaderElection.java:logAndReturn(94)) -   Response 0: 8dac584f-6024-4576-b5a3-2bef0f48735e<-7fbbdba2-60d2-4bcb-9af9-465dc1fc8d8a#0:FAIL-t1
2022-10-15 07:44:42,919 [8dac584f-6024-4576-b5a3-2bef0f48735e@group-50B708ACB90C-LeaderElection118] INFO  impl.LeaderElection (LeaderElection.java:logAndReturn(94)) -   Response 1: 8dac584f-6024-4576-b5a3-2bef0f48735e<-abd8e8e1-9e09-4ec0-a897-8fd48f6e99a3#0:OK-t1
2022-10-15 07:44:42,919 [8dac584f-6024-4576-b5a3-2bef0f48735e@group-50B708ACB90C-LeaderElection118] INFO  impl.LeaderElection (LeaderElection.java:askForVotes(312)) - 8dac584f-6024-4576-b5a3-2bef0f48735e@group-50B708ACB90C-LeaderElection118 ELECTION round 0: result REJECTED
2022-10-15 07:44:42,919 [8dac584f-6024-4576-b5a3-2bef0f48735e@group-50B708ACB90C-LeaderElection118] INFO  server.RaftServer$Division (RaftServerImpl.java:setRole(299)) - 8dac584f-6024-4576-b5a3-2bef0f48735e@group-50B708ACB90C: changes role from CANDIDATE to FOLLOWER at term 1 for REJECTED
2022-10-15 07:44:42,919 [8dac584f-6024-4576-b5a3-2bef0f48735e@group-50B708ACB90C-LeaderElection118] INFO  impl.RoleInfo (RoleInfo.java:shutdownLeaderElection(130)) - 8dac584f-6024-4576-b5a3-2bef0f48735e: shutdown 8dac584f-6024-4576-b5a3-2bef0f48735e@group-50B708ACB90C-LeaderElection118
2022-10-15 07:44:42,919 [8dac584f-6024-4576-b5a3-2bef0f48735e@group-50B708ACB90C-LeaderElection118] INFO  impl.RoleInfo (RoleInfo.java:updateAndGet(139)) - 8dac584f-6024-4576-b5a3-2bef0f48735e: start 8dac584f-6024-4576-b5a3-2bef0f48735e@group-50B708ACB90C-FollowerState
2022-10-15 07:44:42,993 [EventQueue-OpenPipelineForHealthyPipelineSafeModeRule] INFO  safemode.SCMSafeModeManager (HealthyPipelineSafeModeRule.java:process(137)) - SCM in safe mode. Healthy pipelines reported count is 0, required healthy pipeline reported count is 1
2022-10-15 07:44:43,013 [Listener at 127.0.0.1/40173] INFO  ozone.MiniOzoneClusterImpl (MiniOzoneClusterImpl.java:lambda$waitForClusterToBeReady$0(216)) - Nodes are ready. Got 7 of 7 DN Heartbeats.
2022-10-15 07:44:43,013 [Listener at 127.0.0.1/40173] INFO  ozone.MiniOzoneClusterImpl (MiniOzoneClusterImpl.java:lambda$waitForClusterToBeReady$0(219)) - Waiting for cluster to exit safe mode
2022-10-15 07:44:43,013 [Listener at 127.0.0.1/40173] INFO  ozone.MiniOzoneClusterImpl (MiniOzoneClusterImpl.java:lambda$waitForClusterToBeReady$0(221)) - SCM became leader
2022-10-15 07:44:43,020 [EventQueue-OpenPipelineForHealthyPipelineSafeModeRule] INFO  safemode.SCMSafeModeManager (HealthyPipelineSafeModeRule.java:process(137)) - SCM in safe mode. Healthy pipelines reported count is 0, required healthy pipeline reported count is 1
2022-10-15 07:44:43,292 [8dac584f-6024-4576-b5a3-2bef0f48735e@group-FD37F9280DE0-FollowerState] INFO  impl.FollowerState (FollowerState.java:run(143)) - 8dac584f-6024-4576-b5a3-2bef0f48735e@group-FD37F9280DE0-FollowerState: change to CANDIDATE, lastRpcElapsedTime:5165414011ns, electionTimeout:5165ms
2022-10-15 07:44:43,292 [8dac584f-6024-4576-b5a3-2bef0f48735e@group-FD37F9280DE0-FollowerState] INFO  impl.RoleInfo (RoleInfo.java:shutdownFollowerState(110)) - 8dac584f-6024-4576-b5a3-2bef0f48735e: shutdown 8dac584f-6024-4576-b5a3-2bef0f48735e@group-FD37F9280DE0-FollowerState
2022-10-15 07:44:43,292 [8dac584f-6024-4576-b5a3-2bef0f48735e@group-FD37F9280DE0-FollowerState] INFO  server.RaftServer$Division (RaftServerImpl.java:setRole(299)) - 8dac584f-6024-4576-b5a3-2bef0f48735e@group-FD37F9280DE0: changes role from  FOLLOWER to CANDIDATE at term 0 for changeToCandidate
2022-10-15 07:44:43,293 [8dac584f-6024-4576-b5a3-2bef0f48735e@group-FD37F9280DE0-FollowerState] INFO  server.RaftServerConfigKeys (ConfUtils.java:logGet(46)) - raft.server.leaderelection.pre-vote = false (custom)
2022-10-15 07:44:43,293 [8dac584f-6024-4576-b5a3-2bef0f48735e@group-FD37F9280DE0-FollowerState] INFO  impl.RoleInfo (RoleInfo.java:updateAndGet(139)) - 8dac584f-6024-4576-b5a3-2bef0f48735e: start 8dac584f-6024-4576-b5a3-2bef0f48735e@group-FD37F9280DE0-LeaderElection120
2022-10-15 07:44:43,295 [8dac584f-6024-4576-b5a3-2bef0f48735e@group-FD37F9280DE0-LeaderElection120] INFO  impl.LeaderElection (LeaderElection.java:askForVotes(310)) - 8dac584f-6024-4576-b5a3-2bef0f48735e@group-FD37F9280DE0-LeaderElection120 ELECTION round 0: submit vote requests at term 1 for -1: [8dac584f-6024-4576-b5a3-2bef0f48735e|rpc:10.1.1.113:35155|priority:1], old=null
2022-10-15 07:44:43,295 [8dac584f-6024-4576-b5a3-2bef0f48735e@group-FD37F9280DE0-LeaderElection120] INFO  impl.LeaderElection (LeaderElection.java:askForVotes(312)) - 8dac584f-6024-4576-b5a3-2bef0f48735e@group-FD37F9280DE0-LeaderElection120 ELECTION round 0: result PASSED (term=1)
2022-10-15 07:44:43,295 [8dac584f-6024-4576-b5a3-2bef0f48735e@group-FD37F9280DE0-LeaderElection120] INFO  impl.RoleInfo (RoleInfo.java:shutdownLeaderElection(130)) - 8dac584f-6024-4576-b5a3-2bef0f48735e: shutdown 8dac584f-6024-4576-b5a3-2bef0f48735e@group-FD37F9280DE0-LeaderElection120
2022-10-15 07:44:43,295 [8dac584f-6024-4576-b5a3-2bef0f48735e@group-FD37F9280DE0-LeaderElection120] INFO  server.RaftServer$Division (RaftServerImpl.java:setRole(299)) - 8dac584f-6024-4576-b5a3-2bef0f48735e@group-FD37F9280DE0: changes role from CANDIDATE to LEADER at term 1 for changeToLeader
2022-10-15 07:44:43,295 [8dac584f-6024-4576-b5a3-2bef0f48735e@group-FD37F9280DE0-LeaderElection120] INFO  ratis.XceiverServerRatis (XceiverServerRatis.java:handleLeaderChangedNotification(863)) - Leader change notification received for group: group-FD37F9280DE0 with new leaderId: 8dac584f-6024-4576-b5a3-2bef0f48735e
2022-10-15 07:44:43,296 [8dac584f-6024-4576-b5a3-2bef0f48735e@group-FD37F9280DE0-LeaderElection120] INFO  server.RaftServer$Division (ServerState.java:setLeader(287)) - 8dac584f-6024-4576-b5a3-2bef0f48735e@group-FD37F9280DE0: change Leader from null to 8dac584f-6024-4576-b5a3-2bef0f48735e at term 1 for becomeLeader, leader elected after 5180ms
2022-10-15 07:44:43,296 [8dac584f-6024-4576-b5a3-2bef0f48735e@group-FD37F9280DE0-LeaderElection120] INFO  server.RaftServerConfigKeys (ConfUtils.java:logGet(46)) - raft.server.staging.catchup.gap = 1000 (default)
2022-10-15 07:44:43,296 [8dac584f-6024-4576-b5a3-2bef0f48735e@group-FD37F9280DE0-LeaderElection120] INFO  server.RaftServerConfigKeys (ConfUtils.java:logGet(46)) - raft.server.write.element-limit = 1024 (custom)
2022-10-15 07:44:43,296 [8dac584f-6024-4576-b5a3-2bef0f48735e@group-FD37F9280DE0-LeaderElection120] INFO  server.RaftServerConfigKeys (ConfUtils.java:logGet(46)) - raft.server.write.byte-limit = 1024 M (=1073741824) (custom)
2022-10-15 07:44:43,297 [EventQueue-OpenPipelineForHealthyPipelineSafeModeRule] INFO  safemode.SCMSafeModeManager (HealthyPipelineSafeModeRule.java:process(137)) - SCM in safe mode. Healthy pipelines reported count is 0, required healthy pipeline reported count is 1
2022-10-15 07:44:43,297 [8dac584f-6024-4576-b5a3-2bef0f48735e@group-FD37F9280DE0-LeaderElection120] INFO  server.RaftServerConfigKeys (ConfUtils.java:logGet(46)) - raft.server.watch.timeout = 180s (custom)
2022-10-15 07:44:43,297 [8dac584f-6024-4576-b5a3-2bef0f48735e@group-FD37F9280DE0-LeaderElection120] INFO  server.RaftServerConfigKeys (ConfUtils.java:logGet(46)) - raft.server.watch.timeout.denomination = 1s (default)
2022-10-15 07:44:43,297 [8dac584f-6024-4576-b5a3-2bef0f48735e@group-FD37F9280DE0-LeaderElection120] INFO  server.RaftServerConfigKeys (ConfUtils.java:logGet(46)) - raft.server.watch.element-limit = 65536 (default)
2022-10-15 07:44:43,297 [8dac584f-6024-4576-b5a3-2bef0f48735e@group-FD37F9280DE0-LeaderElection120] INFO  server.RaftServerConfigKeys (ConfUtils.java:logGet(46)) - raft.server.write.element-limit = 1024 (custom)
2022-10-15 07:44:43,297 [8dac584f-6024-4576-b5a3-2bef0f48735e@group-FD37F9280DE0-LeaderElection120] INFO  server.RaftServerConfigKeys (ConfUtils.java:logGet(46)) - raft.server.write.follower.gap.ratio.max = -1.0 (default)
2022-10-15 07:44:43,297 [8dac584f-6024-4576-b5a3-2bef0f48735e@group-FD37F9280DE0-LeaderElection120] INFO  impl.RoleInfo (RoleInfo.java:updateAndGet(139)) - 8dac584f-6024-4576-b5a3-2bef0f48735e: start 8dac584f-6024-4576-b5a3-2bef0f48735e@group-FD37F9280DE0-LeaderStateImpl
2022-10-15 07:44:43,298 [8dac584f-6024-4576-b5a3-2bef0f48735e@group-FD37F9280DE0-LeaderElection120] INFO  segmented.SegmentedRaftLogWorker (SegmentedRaftLogWorker.java:startLogSegment(425)) - 8dac584f-6024-4576-b5a3-2bef0f48735e@group-FD37F9280DE0-SegmentedRaftLogWorker: Starting segment from index:0
2022-10-15 07:44:43,304 [8dac584f-6024-4576-b5a3-2bef0f48735e@group-FD37F9280DE0-LeaderElection120] INFO  server.RaftServer$Division (ServerState.java:setRaftConf(393)) - 8dac584f-6024-4576-b5a3-2bef0f48735e@group-FD37F9280DE0: set configuration 0: [8dac584f-6024-4576-b5a3-2bef0f48735e|rpc:10.1.1.113:35155|dataStream:|priority:1], old=null
2022-10-15 07:44:43,306 [8dac584f-6024-4576-b5a3-2bef0f48735e@group-FD37F9280DE0-SegmentedRaftLogWorker] INFO  segmented.SegmentedRaftLogWorker (SegmentedRaftLogWorker.java:execute(629)) - 8dac584f-6024-4576-b5a3-2bef0f48735e@group-FD37F9280DE0-SegmentedRaftLogWorker: created new log segment /home/runner/work/ozone/ozone/hadoop-ozone/integration-test/target/test-dir/MiniOzoneClusterImpl-0c55ea5e-da39-43b3-be52-3d6e56a90e90/datanode-1/data/ratis/c685a129-db30-4513-b890-fd37f9280de0/current/log_inprogress_0
2022-10-15 07:44:43,393 [Under Replicated Processor] INFO  replication.UnderReplicatedProcessor (UnderReplicatedProcessor.java:processAll(92)) - Processed 0 under replicated containers, failed processing 0
2022-10-15 07:44:43,393 [Over Replicated Processor] INFO  replication.OverReplicatedProcessor (OverReplicatedProcessor.java:processAll(90)) - Processed 0 over replicated containers, failed processing 0
2022-10-15 07:44:43,393 [ReplicationMonitor] INFO  replication.ReplicationManager (ReplicationManager.java:processAll(324)) - Replication Monitor Thread took 0 milliseconds for processing 0 containers.
2022-10-15 07:44:43,545 [Under Replicated Processor] INFO  replication.UnderReplicatedProcessor (UnderReplicatedProcessor.java:processAll(92)) - Processed 0 under replicated containers, failed processing 0
2022-10-15 07:44:43,546 [DatanodeAdminManager-0] INFO  node.DatanodeAdminMonitorImpl (DatanodeAdminMonitorImpl.java:run(148)) - There are 1 nodes tracked for decommission and maintenance. 0 pending nodes.
2022-10-15 07:44:43,547 [Over Replicated Processor] INFO  replication.OverReplicatedProcessor (OverReplicatedProcessor.java:processAll(90)) - Processed 0 over replicated containers, failed processing 0
2022-10-15 07:44:43,551 [ReplicationMonitor] INFO  replication.ReplicationManager (ReplicationManager.java:processAll(324)) - Replication Monitor Thread took 0 milliseconds for processing 6 containers.
2022-10-15 07:44:43,555 [EventQueue-OpenPipelineForHealthyPipelineSafeModeRule] INFO  safemode.SCMSafeModeManager (HealthyPipelineSafeModeRule.java:process(137)) - SCM in safe mode. Healthy pipelines reported count is 0, required healthy pipeline reported count is 1
2022-10-15 07:44:43,598 [ReplicationMonitor] INFO  replication.ReplicationManager (ReplicationManager.java:processAll(291)) - Replication Manager is not ready to run until 3000ms after safemode exit
2022-10-15 07:44:43,702 [EventQueue-OpenPipelineForHealthyPipelineSafeModeRule] INFO  safemode.SCMSafeModeManager (HealthyPipelineSafeModeRule.java:process(137)) - SCM in safe mode. Healthy pipelines reported count is 0, required healthy pipeline reported count is 1
2022-10-15 07:44:43,703 [EventQueue-OpenPipelineForHealthyPipelineSafeModeRule] INFO  safemode.SCMSafeModeManager (HealthyPipelineSafeModeRule.java:process(137)) - SCM in safe mode. Healthy pipelines reported count is 0, required healthy pipeline reported count is 1
2022-10-15 07:44:43,765 [7fbbdba2-60d2-4bcb-9af9-465dc1fc8d8a@group-7AA464F9E5E4-FollowerState] INFO  impl.FollowerState (FollowerState.java:run(143)) - 7fbbdba2-60d2-4bcb-9af9-465dc1fc8d8a@group-7AA464F9E5E4-FollowerState: change to CANDIDATE, lastRpcElapsedTime:5199441089ns, electionTimeout:5199ms
2022-10-15 07:44:43,765 [7fbbdba2-60d2-4bcb-9af9-465dc1fc8d8a@group-7AA464F9E5E4-FollowerState] INFO  impl.RoleInfo (RoleInfo.java:shutdownFollowerState(110)) - 7fbbdba2-60d2-4bcb-9af9-465dc1fc8d8a: shutdown 7fbbdba2-60d2-4bcb-9af9-465dc1fc8d8a@group-7AA464F9E5E4-FollowerState
2022-10-15 07:44:43,765 [7fbbdba2-60d2-4bcb-9af9-465dc1fc8d8a@group-7AA464F9E5E4-FollowerState] INFO  server.RaftServer$Division (RaftServerImpl.java:setRole(299)) - 7fbbdba2-60d2-4bcb-9af9-465dc1fc8d8a@group-7AA464F9E5E4: changes role from  FOLLOWER to CANDIDATE at term 0 for changeToCandidate
2022-10-15 07:44:43,765 [7fbbdba2-60d2-4bcb-9af9-465dc1fc8d8a@group-7AA464F9E5E4-FollowerState] INFO  server.RaftServerConfigKeys (ConfUtils.java:logGet(46)) - raft.server.leaderelection.pre-vote = false (custom)
2022-10-15 07:44:43,765 [7fbbdba2-60d2-4bcb-9af9-465dc1fc8d8a@group-7AA464F9E5E4-FollowerState] INFO  impl.RoleInfo (RoleInfo.java:updateAndGet(139)) - 7fbbdba2-60d2-4bcb-9af9-465dc1fc8d8a: start 7fbbdba2-60d2-4bcb-9af9-465dc1fc8d8a@group-7AA464F9E5E4-LeaderElection121
2022-10-15 07:44:43,767 [7fbbdba2-60d2-4bcb-9af9-465dc1fc8d8a@group-7AA464F9E5E4-LeaderElection121] INFO  impl.LeaderElection (LeaderElection.java:askForVotes(310)) - 7fbbdba2-60d2-4bcb-9af9-465dc1fc8d8a@group-7AA464F9E5E4-LeaderElection121 ELECTION round 0: submit vote requests at term 1 for -1: [7fbbdba2-60d2-4bcb-9af9-465dc1fc8d8a|rpc:10.1.1.113:38635|priority:1], old=null
2022-10-15 07:44:43,768 [7fbbdba2-60d2-4bcb-9af9-465dc1fc8d8a@group-7AA464F9E5E4-LeaderElection121] INFO  impl.LeaderElection (LeaderElection.java:askForVotes(312)) - 7fbbdba2-60d2-4bcb-9af9-465dc1fc8d8a@group-7AA464F9E5E4-LeaderElection121 ELECTION round 0: result PASSED (term=1)
2022-10-15 07:44:43,768 [7fbbdba2-60d2-4bcb-9af9-465dc1fc8d8a@group-7AA464F9E5E4-LeaderElection121] INFO  impl.RoleInfo (RoleInfo.java:shutdownLeaderElection(130)) - 7fbbdba2-60d2-4bcb-9af9-465dc1fc8d8a: shutdown 7fbbdba2-60d2-4bcb-9af9-465dc1fc8d8a@group-7AA464F9E5E4-LeaderElection121
2022-10-15 07:44:43,768 [7fbbdba2-60d2-4bcb-9af9-465dc1fc8d8a@group-7AA464F9E5E4-LeaderElection121] INFO  server.RaftServer$Division (RaftServerImpl.java:setRole(299)) - 7fbbdba2-60d2-4bcb-9af9-465dc1fc8d8a@group-7AA464F9E5E4: changes role from CANDIDATE to LEADER at term 1 for changeToLeader
2022-10-15 07:44:43,768 [7fbbdba2-60d2-4bcb-9af9-465dc1fc8d8a@group-7AA464F9E5E4-LeaderElection121] INFO  ratis.XceiverServerRatis (XceiverServerRatis.java:handleLeaderChangedNotification(863)) - Leader change notification received for group: group-7AA464F9E5E4 with new leaderId: 7fbbdba2-60d2-4bcb-9af9-465dc1fc8d8a
2022-10-15 07:44:43,768 [7fbbdba2-60d2-4bcb-9af9-465dc1fc8d8a@group-7AA464F9E5E4-LeaderElection121] INFO  server.RaftServer$Division (ServerState.java:setLeader(287)) - 7fbbdba2-60d2-4bcb-9af9-465dc1fc8d8a@group-7AA464F9E5E4: change Leader from null to 7fbbdba2-60d2-4bcb-9af9-465dc1fc8d8a at term 1 for becomeLeader, leader elected after 5212ms
2022-10-15 07:44:43,768 [7fbbdba2-60d2-4bcb-9af9-465dc1fc8d8a@group-7AA464F9E5E4-LeaderElection121] INFO  server.RaftServerConfigKeys (ConfUtils.java:logGet(46)) - raft.server.staging.catchup.gap = 1000 (default)
2022-10-15 07:44:43,768 [EventQueue-OpenPipelineForHealthyPipelineSafeModeRule] INFO  safemode.SCMSafeModeManager (HealthyPipelineSafeModeRule.java:process(137)) - SCM in safe mode. Healthy pipelines reported count is 0, required healthy pipeline reported count is 1
2022-10-15 07:44:43,768 [7fbbdba2-60d2-4bcb-9af9-465dc1fc8d8a@group-7AA464F9E5E4-LeaderElection121] INFO  server.RaftServerConfigKeys (ConfUtils.java:logGet(46)) - raft.server.write.element-limit = 1024 (custom)
2022-10-15 07:44:43,768 [7fbbdba2-60d2-4bcb-9af9-465dc1fc8d8a@group-7AA464F9E5E4-LeaderElection121] INFO  server.RaftServerConfigKeys (ConfUtils.java:logGet(46)) - raft.server.write.byte-limit = 1024 M (=1073741824) (custom)
2022-10-15 07:44:43,769 [7fbbdba2-60d2-4bcb-9af9-465dc1fc8d8a@group-7AA464F9E5E4-LeaderElection121] INFO  server.RaftServerConfigKeys (ConfUtils.java:logGet(46)) - raft.server.watch.timeout = 180s (custom)
2022-10-15 07:44:43,769 [7fbbdba2-60d2-4bcb-9af9-465dc1fc8d8a@group-7AA464F9E5E4-LeaderElection121] INFO  server.RaftServerConfigKeys (ConfUtils.java:logGet(46)) - raft.server.watch.timeout.denomination = 1s (default)
2022-10-15 07:44:43,769 [7fbbdba2-60d2-4bcb-9af9-465dc1fc8d8a@group-7AA464F9E5E4-LeaderElection121] INFO  server.RaftServerConfigKeys (ConfUtils.java:logGet(46)) - raft.server.watch.element-limit = 65536 (default)
2022-10-15 07:44:43,769 [7fbbdba2-60d2-4bcb-9af9-465dc1fc8d8a@group-7AA464F9E5E4-LeaderElection121] INFO  server.RaftServerConfigKeys (ConfUtils.java:logGet(46)) - raft.server.write.element-limit = 1024 (custom)
2022-10-15 07:44:43,769 [7fbbdba2-60d2-4bcb-9af9-465dc1fc8d8a@group-7AA464F9E5E4-LeaderElection121] INFO  server.RaftServerConfigKeys (ConfUtils.java:logGet(46)) - raft.server.write.follower.gap.ratio.max = -1.0 (default)
2022-10-15 07:44:43,769 [7fbbdba2-60d2-4bcb-9af9-465dc1fc8d8a@group-7AA464F9E5E4-LeaderElection121] INFO  impl.RoleInfo (RoleInfo.java:updateAndGet(139)) - 7fbbdba2-60d2-4bcb-9af9-465dc1fc8d8a: start 7fbbdba2-60d2-4bcb-9af9-465dc1fc8d8a@group-7AA464F9E5E4-LeaderStateImpl
2022-10-15 07:44:43,771 [7fbbdba2-60d2-4bcb-9af9-465dc1fc8d8a@group-7AA464F9E5E4-LeaderElection121] INFO  segmented.SegmentedRaftLogWorker (SegmentedRaftLogWorker.java:startLogSegment(425)) - 7fbbdba2-60d2-4bcb-9af9-465dc1fc8d8a@group-7AA464F9E5E4-SegmentedRaftLogWorker: Starting segment from index:0
2022-10-15 07:44:43,774 [7fbbdba2-60d2-4bcb-9af9-465dc1fc8d8a@group-7AA464F9E5E4-LeaderElection121] INFO  server.RaftServer$Division (ServerState.java:setRaftConf(393)) - 7fbbdba2-60d2-4bcb-9af9-465dc1fc8d8a@group-7AA464F9E5E4: set configuration 0: [7fbbdba2-60d2-4bcb-9af9-465dc1fc8d8a|rpc:10.1.1.113:38635|dataStream:|priority:1], old=null
2022-10-15 07:44:43,774 [7fbbdba2-60d2-4bcb-9af9-465dc1fc8d8a@group-7AA464F9E5E4-SegmentedRaftLogWorker] INFO  segmented.SegmentedRaftLogWorker (SegmentedRaftLogWorker.java:execute(629)) - 7fbbdba2-60d2-4bcb-9af9-465dc1fc8d8a@group-7AA464F9E5E4-SegmentedRaftLogWorker: created new log segment /home/runner/work/ozone/ozone/hadoop-ozone/integration-test/target/test-dir/MiniOzoneClusterImpl-0c55ea5e-da39-43b3-be52-3d6e56a90e90/datanode-2/data/ratis/ba039abd-d7ed-4781-adc8-7aa464f9e5e4/current/log_inprogress_0
2022-10-15 07:44:44,011 [7f555f3a-b754-420b-b6ea-bc4a43db69c9@group-B16A668C3C87-FollowerState] INFO  impl.FollowerState (FollowerState.java:run(143)) - 7f555f3a-b754-420b-b6ea-bc4a43db69c9@group-B16A668C3C87-FollowerState: change to CANDIDATE, lastRpcElapsedTime:5024369555ns, electionTimeout:5024ms
2022-10-15 07:44:44,011 [7f555f3a-b754-420b-b6ea-bc4a43db69c9@group-B16A668C3C87-FollowerState] INFO  impl.RoleInfo (RoleInfo.java:shutdownFollowerState(110)) - 7f555f3a-b754-420b-b6ea-bc4a43db69c9: shutdown 7f555f3a-b754-420b-b6ea-bc4a43db69c9@group-B16A668C3C87-FollowerState
2022-10-15 07:44:44,011 [7f555f3a-b754-420b-b6ea-bc4a43db69c9@group-B16A668C3C87-FollowerState] INFO  server.RaftServer$Division (RaftServerImpl.java:setRole(299)) - 7f555f3a-b754-420b-b6ea-bc4a43db69c9@group-B16A668C3C87: changes role from  FOLLOWER to CANDIDATE at term 0 for changeToCandidate
2022-10-15 07:44:44,011 [7f555f3a-b754-420b-b6ea-bc4a43db69c9@group-B16A668C3C87-FollowerState] INFO  server.RaftServerConfigKeys (ConfUtils.java:logGet(46)) - raft.server.leaderelection.pre-vote = false (custom)
2022-10-15 07:44:44,011 [7f555f3a-b754-420b-b6ea-bc4a43db69c9@group-B16A668C3C87-FollowerState] INFO  impl.RoleInfo (RoleInfo.java:updateAndGet(139)) - 7f555f3a-b754-420b-b6ea-bc4a43db69c9: start 7f555f3a-b754-420b-b6ea-bc4a43db69c9@group-B16A668C3C87-LeaderElection122
2022-10-15 07:44:44,013 [Listener at 127.0.0.1/40173] INFO  ozone.MiniOzoneClusterImpl (MiniOzoneClusterImpl.java:lambda$waitForClusterToBeReady$0(216)) - Nodes are ready. Got 7 of 7 DN Heartbeats.
2022-10-15 07:44:44,014 [Listener at 127.0.0.1/40173] INFO  ozone.MiniOzoneClusterImpl (MiniOzoneClusterImpl.java:lambda$waitForClusterToBeReady$0(219)) - Waiting for cluster to exit safe mode
2022-10-15 07:44:44,014 [Listener at 127.0.0.1/40173] INFO  ozone.MiniOzoneClusterImpl (MiniOzoneClusterImpl.java:lambda$waitForClusterToBeReady$0(221)) - SCM became leader
2022-10-15 07:44:44,014 [7f555f3a-b754-420b-b6ea-bc4a43db69c9@group-B16A668C3C87-LeaderElection122] INFO  impl.LeaderElection (LeaderElection.java:askForVotes(310)) - 7f555f3a-b754-420b-b6ea-bc4a43db69c9@group-B16A668C3C87-LeaderElection122 ELECTION round 0: submit vote requests at term 1 for -1: [7f555f3a-b754-420b-b6ea-bc4a43db69c9|rpc:10.1.1.113:44353|priority:1], old=null
2022-10-15 07:44:44,014 [7f555f3a-b754-420b-b6ea-bc4a43db69c9@group-B16A668C3C87-LeaderElection122] INFO  impl.LeaderElection (LeaderElection.java:askForVotes(312)) - 7f555f3a-b754-420b-b6ea-bc4a43db69c9@group-B16A668C3C87-LeaderElection122 ELECTION round 0: result PASSED (term=1)
2022-10-15 07:44:44,014 [7f555f3a-b754-420b-b6ea-bc4a43db69c9@group-B16A668C3C87-LeaderElection122] INFO  impl.RoleInfo (RoleInfo.java:shutdownLeaderElection(130)) - 7f555f3a-b754-420b-b6ea-bc4a43db69c9: shutdown 7f555f3a-b754-420b-b6ea-bc4a43db69c9@group-B16A668C3C87-LeaderElection122
2022-10-15 07:44:44,014 [7f555f3a-b754-420b-b6ea-bc4a43db69c9@group-B16A668C3C87-LeaderElection122] INFO  server.RaftServer$Division (RaftServerImpl.java:setRole(299)) - 7f555f3a-b754-420b-b6ea-bc4a43db69c9@group-B16A668C3C87: changes role from CANDIDATE to LEADER at term 1 for changeToLeader
2022-10-15 07:44:44,014 [7f555f3a-b754-420b-b6ea-bc4a43db69c9@group-B16A668C3C87-LeaderElection122] INFO  ratis.XceiverServerRatis (XceiverServerRatis.java:handleLeaderChangedNotification(863)) - Leader change notification received for group: group-B16A668C3C87 with new leaderId: 7f555f3a-b754-420b-b6ea-bc4a43db69c9
2022-10-15 07:44:44,014 [7f555f3a-b754-420b-b6ea-bc4a43db69c9@group-B16A668C3C87-LeaderElection122] INFO  server.RaftServer$Division (ServerState.java:setLeader(287)) - 7f555f3a-b754-420b-b6ea-bc4a43db69c9@group-B16A668C3C87: change Leader from null to 7f555f3a-b754-420b-b6ea-bc4a43db69c9 at term 1 for becomeLeader, leader elected after 5038ms
2022-10-15 07:44:44,015 [7f555f3a-b754-420b-b6ea-bc4a43db69c9@group-B16A668C3C87-LeaderElection122] INFO  server.RaftServerConfigKeys (ConfUtils.java:logGet(46)) - raft.server.staging.catchup.gap = 1000 (default)
2022-10-15 07:44:44,015 [7f555f3a-b754-420b-b6ea-bc4a43db69c9@group-B16A668C3C87-LeaderElection122] INFO  server.RaftServerConfigKeys (ConfUtils.java:logGet(46)) - raft.server.write.element-limit = 1024 (custom)
2022-10-15 07:44:44,015 [7f555f3a-b754-420b-b6ea-bc4a43db69c9@group-B16A668C3C87-LeaderElection122] INFO  server.RaftServerConfigKeys (ConfUtils.java:logGet(46)) - raft.server.write.byte-limit = 1024 M (=1073741824) (custom)
2022-10-15 07:44:44,015 [EventQueue-OpenPipelineForHealthyPipelineSafeModeRule] INFO  safemode.SCMSafeModeManager (HealthyPipelineSafeModeRule.java:process(137)) - SCM in safe mode. Healthy pipelines reported count is 0, required healthy pipeline reported count is 1
2022-10-15 07:44:44,016 [7f555f3a-b754-420b-b6ea-bc4a43db69c9@group-B16A668C3C87-LeaderElection122] INFO  server.RaftServerConfigKeys (ConfUtils.java:logGet(46)) - raft.server.watch.timeout = 180s (custom)
2022-10-15 07:44:44,016 [7f555f3a-b754-420b-b6ea-bc4a43db69c9@group-B16A668C3C87-LeaderElection122] INFO  server.RaftServerConfigKeys (ConfUtils.java:logGet(46)) - raft.server.watch.timeout.denomination = 1s (default)
2022-10-15 07:44:44,016 [7f555f3a-b754-420b-b6ea-bc4a43db69c9@group-B16A668C3C87-LeaderElection122] INFO  server.RaftServerConfigKeys (ConfUtils.java:logGet(46)) - raft.server.watch.element-limit = 65536 (default)
2022-10-15 07:44:44,016 [7f555f3a-b754-420b-b6ea-bc4a43db69c9@group-B16A668C3C87-LeaderElection122] INFO  server.RaftServerConfigKeys (ConfUtils.java:logGet(46)) - raft.server.write.element-limit = 1024 (custom)
2022-10-15 07:44:44,016 [7f555f3a-b754-420b-b6ea-bc4a43db69c9@group-B16A668C3C87-LeaderElection122] INFO  server.RaftServerConfigKeys (ConfUtils.java:logGet(46)) - raft.server.write.follower.gap.ratio.max = -1.0 (default)
2022-10-15 07:44:44,016 [7f555f3a-b754-420b-b6ea-bc4a43db69c9@group-B16A668C3C87-LeaderElection122] INFO  impl.RoleInfo (RoleInfo.java:updateAndGet(139)) - 7f555f3a-b754-420b-b6ea-bc4a43db69c9: start 7f555f3a-b754-420b-b6ea-bc4a43db69c9@group-B16A668C3C87-LeaderStateImpl
2022-10-15 07:44:44,016 [7f555f3a-b754-420b-b6ea-bc4a43db69c9@group-B16A668C3C87-LeaderElection122] INFO  segmented.SegmentedRaftLogWorker (SegmentedRaftLogWorker.java:startLogSegment(425)) - 7f555f3a-b754-420b-b6ea-bc4a43db69c9@group-B16A668C3C87-SegmentedRaftLogWorker: Starting segment from index:0
2022-10-15 07:44:44,021 [7f555f3a-b754-420b-b6ea-bc4a43db69c9@group-B16A668C3C87-LeaderElection122] INFO  server.RaftServer$Division (ServerState.java:setRaftConf(393)) - 7f555f3a-b754-420b-b6ea-bc4a43db69c9@group-B16A668C3C87: set configuration 0: [7f555f3a-b754-420b-b6ea-bc4a43db69c9|rpc:10.1.1.113:44353|dataStream:|priority:1], old=null
2022-10-15 07:44:44,022 [EventQueue-OpenPipelineForHealthyPipelineSafeModeRule] INFO  safemode.SCMSafeModeManager (HealthyPipelineSafeModeRule.java:process(137)) - SCM in safe mode. Healthy pipelines reported count is 0, required healthy pipeline reported count is 1
2022-10-15 07:44:44,023 [7f555f3a-b754-420b-b6ea-bc4a43db69c9@group-B16A668C3C87-SegmentedRaftLogWorker] INFO  segmented.SegmentedRaftLogWorker (SegmentedRaftLogWorker.java:execute(629)) - 7f555f3a-b754-420b-b6ea-bc4a43db69c9@group-B16A668C3C87-SegmentedRaftLogWorker: created new log segment /home/runner/work/ozone/ozone/hadoop-ozone/integration-test/target/test-dir/MiniOzoneClusterImpl-0c55ea5e-da39-43b3-be52-3d6e56a90e90/datanode-3/data/ratis/c7493eba-7be1-42c5-8f2e-b16a668c3c87/current/log_inprogress_0
2022-10-15 07:44:44,042 [7f555f3a-b754-420b-b6ea-bc4a43db69c9@group-C8483D63BD31-FollowerState] INFO  impl.FollowerState (FollowerState.java:run(143)) - 7f555f3a-b754-420b-b6ea-bc4a43db69c9@group-C8483D63BD31-FollowerState: change to CANDIDATE, lastRpcElapsedTime:5035421445ns, electionTimeout:5034ms
2022-10-15 07:44:44,042 [7f555f3a-b754-420b-b6ea-bc4a43db69c9@group-C8483D63BD31-FollowerState] INFO  impl.RoleInfo (RoleInfo.java:shutdownFollowerState(110)) - 7f555f3a-b754-420b-b6ea-bc4a43db69c9: shutdown 7f555f3a-b754-420b-b6ea-bc4a43db69c9@group-C8483D63BD31-FollowerState
2022-10-15 07:44:44,042 [7f555f3a-b754-420b-b6ea-bc4a43db69c9@group-C8483D63BD31-FollowerState] INFO  server.RaftServer$Division (RaftServerImpl.java:setRole(299)) - 7f555f3a-b754-420b-b6ea-bc4a43db69c9@group-C8483D63BD31: changes role from  FOLLOWER to CANDIDATE at term 0 for changeToCandidate
2022-10-15 07:44:44,042 [7f555f3a-b754-420b-b6ea-bc4a43db69c9@group-C8483D63BD31-FollowerState] INFO  server.RaftServerConfigKeys (ConfUtils.java:logGet(46)) - raft.server.leaderelection.pre-vote = false (custom)
2022-10-15 07:44:44,042 [7f555f3a-b754-420b-b6ea-bc4a43db69c9@group-C8483D63BD31-FollowerState] INFO  impl.RoleInfo (RoleInfo.java:updateAndGet(139)) - 7f555f3a-b754-420b-b6ea-bc4a43db69c9: start 7f555f3a-b754-420b-b6ea-bc4a43db69c9@group-C8483D63BD31-LeaderElection123
2022-10-15 07:44:44,044 [7f555f3a-b754-420b-b6ea-bc4a43db69c9@group-C8483D63BD31-LeaderElection123] INFO  impl.LeaderElection (LeaderElection.java:askForVotes(310)) - 7f555f3a-b754-420b-b6ea-bc4a43db69c9@group-C8483D63BD31-LeaderElection123 ELECTION round 0: submit vote requests at term 1 for -1: [ed0c9528-2c8b-4614-9eef-2d120a058ddc|rpc:10.1.1.113:42731|priority:0, 8734203a-70d5-40c1-ad48-a2d447aaef1c|rpc:10.1.1.113:36199|priority:1, 7f555f3a-b754-420b-b6ea-bc4a43db69c9|rpc:10.1.1.113:44353|priority:0], old=null
2022-10-15 07:44:44,050 [grpc-default-executor-7] INFO  server.RaftServer$Division (RaftServerImpl.java:requestVote(1152)) - ed0c9528-2c8b-4614-9eef-2d120a058ddc@group-C8483D63BD31: receive requestVote(ELECTION, 7f555f3a-b754-420b-b6ea-bc4a43db69c9, group-C8483D63BD31, 1, (t:0, i:0))
2022-10-15 07:44:44,050 [grpc-default-executor-7] INFO  impl.VoteContext (VoteContext.java:log(48)) - ed0c9528-2c8b-4614-9eef-2d120a058ddc@group-C8483D63BD31-FOLLOWER: accept ELECTION from 7f555f3a-b754-420b-b6ea-bc4a43db69c9: our priority 0 <= candidate's priority 0
2022-10-15 07:44:44,050 [grpc-default-executor-7] INFO  server.RaftServer$Division (RaftServerImpl.java:setRole(299)) - ed0c9528-2c8b-4614-9eef-2d120a058ddc@group-C8483D63BD31: changes role from  FOLLOWER to FOLLOWER at term 1 for candidate:7f555f3a-b754-420b-b6ea-bc4a43db69c9
2022-10-15 07:44:44,050 [grpc-default-executor-7] INFO  impl.RoleInfo (RoleInfo.java:shutdownFollowerState(110)) - ed0c9528-2c8b-4614-9eef-2d120a058ddc: shutdown ed0c9528-2c8b-4614-9eef-2d120a058ddc@group-C8483D63BD31-FollowerState
2022-10-15 07:44:44,050 [grpc-default-executor-7] INFO  impl.RoleInfo (RoleInfo.java:updateAndGet(139)) - ed0c9528-2c8b-4614-9eef-2d120a058ddc: start ed0c9528-2c8b-4614-9eef-2d120a058ddc@group-C8483D63BD31-FollowerState
2022-10-15 07:44:44,051 [ed0c9528-2c8b-4614-9eef-2d120a058ddc@group-C8483D63BD31-FollowerState] INFO  impl.FollowerState (FollowerState.java:run(152)) - ed0c9528-2c8b-4614-9eef-2d120a058ddc@group-C8483D63BD31-FollowerState was interrupted
2022-10-15 07:44:44,052 [grpc-default-executor-7] INFO  server.RaftServer$Division (RaftServerImpl.java:requestVote(1184)) - ed0c9528-2c8b-4614-9eef-2d120a058ddc@group-C8483D63BD31 replies to ELECTION vote request: 7f555f3a-b754-420b-b6ea-bc4a43db69c9<-ed0c9528-2c8b-4614-9eef-2d120a058ddc#0:OK-t1. Peer's state: ed0c9528-2c8b-4614-9eef-2d120a058ddc@group-C8483D63BD31:t1, leader=null, voted=7f555f3a-b754-420b-b6ea-bc4a43db69c9, raftlog=ed0c9528-2c8b-4614-9eef-2d120a058ddc@group-C8483D63BD31-SegmentedRaftLog:OPENED:c-1, conf=-1: [ed0c9528-2c8b-4614-9eef-2d120a058ddc|rpc:10.1.1.113:42731|dataStream:|priority:0, 8734203a-70d5-40c1-ad48-a2d447aaef1c|rpc:10.1.1.113:36199|dataStream:|priority:1, 7f555f3a-b754-420b-b6ea-bc4a43db69c9|rpc:10.1.1.113:44353|dataStream:|priority:0], old=null
2022-10-15 07:44:44,054 [grpc-default-executor-7] INFO  server.RaftServer$Division (RaftServerImpl.java:requestVote(1152)) - 8734203a-70d5-40c1-ad48-a2d447aaef1c@group-C8483D63BD31: receive requestVote(ELECTION, 7f555f3a-b754-420b-b6ea-bc4a43db69c9, group-C8483D63BD31, 1, (t:0, i:0))
2022-10-15 07:44:44,054 [grpc-default-executor-7] INFO  impl.VoteContext (VoteContext.java:log(48)) - 8734203a-70d5-40c1-ad48-a2d447aaef1c@group-C8483D63BD31-FOLLOWER: reject ELECTION from 7f555f3a-b754-420b-b6ea-bc4a43db69c9: our priority 1 > candidate's priority 0
2022-10-15 07:44:44,054 [grpc-default-executor-7] INFO  server.RaftServer$Division (RaftServerImpl.java:setRole(299)) - 8734203a-70d5-40c1-ad48-a2d447aaef1c@group-C8483D63BD31: changes role from  FOLLOWER to FOLLOWER at term 1 for candidate:7f555f3a-b754-420b-b6ea-bc4a43db69c9
2022-10-15 07:44:44,054 [grpc-default-executor-7] INFO  impl.RoleInfo (RoleInfo.java:shutdownFollowerState(110)) - 8734203a-70d5-40c1-ad48-a2d447aaef1c: shutdown 8734203a-70d5-40c1-ad48-a2d447aaef1c@group-C8483D63BD31-FollowerState
2022-10-15 07:44:44,054 [grpc-default-executor-7] INFO  impl.RoleInfo (RoleInfo.java:updateAndGet(139)) - 8734203a-70d5-40c1-ad48-a2d447aaef1c: start 8734203a-70d5-40c1-ad48-a2d447aaef1c@group-C8483D63BD31-FollowerState
2022-10-15 07:44:44,054 [8734203a-70d5-40c1-ad48-a2d447aaef1c@group-C8483D63BD31-FollowerState] INFO  impl.FollowerState (FollowerState.java:run(152)) - 8734203a-70d5-40c1-ad48-a2d447aaef1c@group-C8483D63BD31-FollowerState was interrupted
2022-10-15 07:44:44,056 [grpc-default-executor-7] INFO  server.RaftServer$Division (RaftServerImpl.java:requestVote(1184)) - 8734203a-70d5-40c1-ad48-a2d447aaef1c@group-C8483D63BD31 replies to ELECTION vote request: 7f555f3a-b754-420b-b6ea-bc4a43db69c9<-8734203a-70d5-40c1-ad48-a2d447aaef1c#0:FAIL-t1. Peer's state: 8734203a-70d5-40c1-ad48-a2d447aaef1c@group-C8483D63BD31:t1, leader=null, voted=null, raftlog=8734203a-70d5-40c1-ad48-a2d447aaef1c@group-C8483D63BD31-SegmentedRaftLog:OPENED:c-1, conf=-1: [ed0c9528-2c8b-4614-9eef-2d120a058ddc|rpc:10.1.1.113:42731|dataStream:|priority:0, 8734203a-70d5-40c1-ad48-a2d447aaef1c|rpc:10.1.1.113:36199|dataStream:|priority:1, 7f555f3a-b754-420b-b6ea-bc4a43db69c9|rpc:10.1.1.113:44353|dataStream:|priority:0], old=null
2022-10-15 07:44:44,057 [7f555f3a-b754-420b-b6ea-bc4a43db69c9@group-C8483D63BD31-LeaderElection123] INFO  impl.LeaderElection (LeaderElection.java:logAndReturn(90)) - 7f555f3a-b754-420b-b6ea-bc4a43db69c9@group-C8483D63BD31-LeaderElection123: ELECTION REJECTED received 2 response(s) and 0 exception(s):
2022-10-15 07:44:44,057 [7f555f3a-b754-420b-b6ea-bc4a43db69c9@group-C8483D63BD31-LeaderElection123] INFO  impl.LeaderElection (LeaderElection.java:logAndReturn(94)) -   Response 0: 7f555f3a-b754-420b-b6ea-bc4a43db69c9<-ed0c9528-2c8b-4614-9eef-2d120a058ddc#0:OK-t1
2022-10-15 07:44:44,057 [7f555f3a-b754-420b-b6ea-bc4a43db69c9@group-C8483D63BD31-LeaderElection123] INFO  impl.LeaderElection (LeaderElection.java:logAndReturn(94)) -   Response 1: 7f555f3a-b754-420b-b6ea-bc4a43db69c9<-8734203a-70d5-40c1-ad48-a2d447aaef1c#0:FAIL-t1
2022-10-15 07:44:44,057 [7f555f3a-b754-420b-b6ea-bc4a43db69c9@group-C8483D63BD31-LeaderElection123] INFO  impl.LeaderElection (LeaderElection.java:askForVotes(312)) - 7f555f3a-b754-420b-b6ea-bc4a43db69c9@group-C8483D63BD31-LeaderElection123 ELECTION round 0: result REJECTED
2022-10-15 07:44:44,057 [7f555f3a-b754-420b-b6ea-bc4a43db69c9@group-C8483D63BD31-LeaderElection123] INFO  server.RaftServer$Division (RaftServerImpl.java:setRole(299)) - 7f555f3a-b754-420b-b6ea-bc4a43db69c9@group-C8483D63BD31: changes role from CANDIDATE to FOLLOWER at term 1 for REJECTED
2022-10-15 07:44:44,057 [7f555f3a-b754-420b-b6ea-bc4a43db69c9@group-C8483D63BD31-LeaderElection123] INFO  impl.RoleInfo (RoleInfo.java:shutdownLeaderElection(130)) - 7f555f3a-b754-420b-b6ea-bc4a43db69c9: shutdown 7f555f3a-b754-420b-b6ea-bc4a43db69c9@group-C8483D63BD31-LeaderElection123
2022-10-15 07:44:44,057 [7f555f3a-b754-420b-b6ea-bc4a43db69c9@group-C8483D63BD31-LeaderElection123] INFO  impl.RoleInfo (RoleInfo.java:updateAndGet(139)) - 7f555f3a-b754-420b-b6ea-bc4a43db69c9: start 7f555f3a-b754-420b-b6ea-bc4a43db69c9@group-C8483D63BD31-FollowerState
2022-10-15 07:44:44,296 [EventQueue-OpenPipelineForHealthyPipelineSafeModeRule] INFO  safemode.SCMSafeModeManager (HealthyPipelineSafeModeRule.java:process(137)) - SCM in safe mode. Healthy pipelines reported count is 0, required healthy pipeline reported count is 1
2022-10-15 07:44:44,322 [EventQueue-OpenPipelineForHealthyPipelineSafeModeRule] INFO  safemode.SCMSafeModeManager (HealthyPipelineSafeModeRule.java:process(137)) - SCM in safe mode. Healthy pipelines reported count is 0, required healthy pipeline reported count is 1
2022-10-15 07:44:44,393 [Under Replicated Processor] INFO  replication.UnderReplicatedProcessor (UnderReplicatedProcessor.java:processAll(92)) - Processed 0 under replicated containers, failed processing 0
2022-10-15 07:44:44,393 [Over Replicated Processor] INFO  replication.OverReplicatedProcessor (OverReplicatedProcessor.java:processAll(90)) - Processed 0 over replicated containers, failed processing 0
2022-10-15 07:44:44,394 [ReplicationMonitor] INFO  replication.ReplicationManager (ReplicationManager.java:processAll(324)) - Replication Monitor Thread took 0 milliseconds for processing 0 containers.
2022-10-15 07:44:44,430 [ed0c9528-2c8b-4614-9eef-2d120a058ddc@group-3893D176C8F0-FollowerState] INFO  impl.FollowerState (FollowerState.java:run(143)) - ed0c9528-2c8b-4614-9eef-2d120a058ddc@group-3893D176C8F0-FollowerState: change to CANDIDATE, lastRpcElapsedTime:5098504262ns, electionTimeout:5098ms
2022-10-15 07:44:44,430 [ed0c9528-2c8b-4614-9eef-2d120a058ddc@group-3893D176C8F0-FollowerState] INFO  impl.RoleInfo (RoleInfo.java:shutdownFollowerState(110)) - ed0c9528-2c8b-4614-9eef-2d120a058ddc: shutdown ed0c9528-2c8b-4614-9eef-2d120a058ddc@group-3893D176C8F0-FollowerState
2022-10-15 07:44:44,430 [ed0c9528-2c8b-4614-9eef-2d120a058ddc@group-3893D176C8F0-FollowerState] INFO  server.RaftServer$Division (RaftServerImpl.java:setRole(299)) - ed0c9528-2c8b-4614-9eef-2d120a058ddc@group-3893D176C8F0: changes role from  FOLLOWER to CANDIDATE at term 0 for changeToCandidate
2022-10-15 07:44:44,431 [ed0c9528-2c8b-4614-9eef-2d120a058ddc@group-3893D176C8F0-FollowerState] INFO  server.RaftServerConfigKeys (ConfUtils.java:logGet(46)) - raft.server.leaderelection.pre-vote = false (custom)
2022-10-15 07:44:44,431 [ed0c9528-2c8b-4614-9eef-2d120a058ddc@group-3893D176C8F0-FollowerState] INFO  impl.RoleInfo (RoleInfo.java:updateAndGet(139)) - ed0c9528-2c8b-4614-9eef-2d120a058ddc: start ed0c9528-2c8b-4614-9eef-2d120a058ddc@group-3893D176C8F0-LeaderElection124
2022-10-15 07:44:44,434 [ed0c9528-2c8b-4614-9eef-2d120a058ddc@group-3893D176C8F0-LeaderElection124] INFO  impl.LeaderElection (LeaderElection.java:askForVotes(310)) - ed0c9528-2c8b-4614-9eef-2d120a058ddc@group-3893D176C8F0-LeaderElection124 ELECTION round 0: submit vote requests at term 1 for -1: [ed0c9528-2c8b-4614-9eef-2d120a058ddc|rpc:10.1.1.113:42731|priority:1], old=null
2022-10-15 07:44:44,434 [ed0c9528-2c8b-4614-9eef-2d120a058ddc@group-3893D176C8F0-LeaderElection124] INFO  impl.LeaderElection (LeaderElection.java:askForVotes(312)) - ed0c9528-2c8b-4614-9eef-2d120a058ddc@group-3893D176C8F0-LeaderElection124 ELECTION round 0: result PASSED (term=1)
2022-10-15 07:44:44,434 [ed0c9528-2c8b-4614-9eef-2d120a058ddc@group-3893D176C8F0-LeaderElection124] INFO  impl.RoleInfo (RoleInfo.java:shutdownLeaderElection(130)) - ed0c9528-2c8b-4614-9eef-2d120a058ddc: shutdown ed0c9528-2c8b-4614-9eef-2d120a058ddc@group-3893D176C8F0-LeaderElection124
2022-10-15 07:44:44,434 [ed0c9528-2c8b-4614-9eef-2d120a058ddc@group-3893D176C8F0-LeaderElection124] INFO  server.RaftServer$Division (RaftServerImpl.java:setRole(299)) - ed0c9528-2c8b-4614-9eef-2d120a058ddc@group-3893D176C8F0: changes role from CANDIDATE to LEADER at term 1 for changeToLeader
2022-10-15 07:44:44,434 [ed0c9528-2c8b-4614-9eef-2d120a058ddc@group-3893D176C8F0-LeaderElection124] INFO  ratis.XceiverServerRatis (XceiverServerRatis.java:handleLeaderChangedNotification(863)) - Leader change notification received for group: group-3893D176C8F0 with new leaderId: ed0c9528-2c8b-4614-9eef-2d120a058ddc
2022-10-15 07:44:44,435 [ed0c9528-2c8b-4614-9eef-2d120a058ddc@group-3893D176C8F0-LeaderElection124] INFO  server.RaftServer$Division (ServerState.java:setLeader(287)) - ed0c9528-2c8b-4614-9eef-2d120a058ddc@group-3893D176C8F0: change Leader from null to ed0c9528-2c8b-4614-9eef-2d120a058ddc at term 1 for becomeLeader, leader elected after 5113ms
2022-10-15 07:44:44,435 [ed0c9528-2c8b-4614-9eef-2d120a058ddc@group-3893D176C8F0-LeaderElection124] INFO  server.RaftServerConfigKeys (ConfUtils.java:logGet(46)) - raft.server.staging.catchup.gap = 1000 (default)
2022-10-15 07:44:44,436 [EventQueue-OpenPipelineForHealthyPipelineSafeModeRule] INFO  safemode.SCMSafeModeManager (HealthyPipelineSafeModeRule.java:process(137)) - SCM in safe mode. Healthy pipelines reported count is 0, required healthy pipeline reported count is 1
2022-10-15 07:44:44,436 [ed0c9528-2c8b-4614-9eef-2d120a058ddc@group-3893D176C8F0-LeaderElection124] INFO  server.RaftServerConfigKeys (ConfUtils.java:logGet(46)) - raft.server.write.element-limit = 1024 (custom)
2022-10-15 07:44:44,436 [ed0c9528-2c8b-4614-9eef-2d120a058ddc@group-3893D176C8F0-LeaderElection124] INFO  server.RaftServerConfigKeys (ConfUtils.java:logGet(46)) - raft.server.write.byte-limit = 1024 M (=1073741824) (custom)
2022-10-15 07:44:44,437 [ed0c9528-2c8b-4614-9eef-2d120a058ddc@group-3893D176C8F0-LeaderElection124] INFO  server.RaftServerConfigKeys (ConfUtils.java:logGet(46)) - raft.server.watch.timeout = 180s (custom)
2022-10-15 07:44:44,437 [ed0c9528-2c8b-4614-9eef-2d120a058ddc@group-3893D176C8F0-LeaderElection124] INFO  server.RaftServerConfigKeys (ConfUtils.java:logGet(46)) - raft.server.watch.timeout.denomination = 1s (default)
2022-10-15 07:44:44,437 [ed0c9528-2c8b-4614-9eef-2d120a058ddc@group-3893D176C8F0-LeaderElection124] INFO  server.RaftServerConfigKeys (ConfUtils.java:logGet(46)) - raft.server.watch.element-limit = 65536 (default)
2022-10-15 07:44:44,437 [ed0c9528-2c8b-4614-9eef-2d120a058ddc@group-3893D176C8F0-LeaderElection124] INFO  server.RaftServerConfigKeys (ConfUtils.java:logGet(46)) - raft.server.write.element-limit = 1024 (custom)
2022-10-15 07:44:44,437 [ed0c9528-2c8b-4614-9eef-2d120a058ddc@group-3893D176C8F0-LeaderElection124] INFO  server.RaftServerConfigKeys (ConfUtils.java:logGet(46)) - raft.server.write.follower.gap.ratio.max = -1.0 (default)
2022-10-15 07:44:44,437 [ed0c9528-2c8b-4614-9eef-2d120a058ddc@group-3893D176C8F0-LeaderElection124] INFO  impl.RoleInfo (RoleInfo.java:updateAndGet(139)) - ed0c9528-2c8b-4614-9eef-2d120a058ddc: start ed0c9528-2c8b-4614-9eef-2d120a058ddc@group-3893D176C8F0-LeaderStateImpl
2022-10-15 07:44:44,438 [ed0c9528-2c8b-4614-9eef-2d120a058ddc@group-3893D176C8F0-LeaderElection124] INFO  segmented.SegmentedRaftLogWorker (SegmentedRaftLogWorker.java:startLogSegment(425)) - ed0c9528-2c8b-4614-9eef-2d120a058ddc@group-3893D176C8F0-SegmentedRaftLogWorker: Starting segment from index:0
2022-10-15 07:44:44,443 [ed0c9528-2c8b-4614-9eef-2d120a058ddc@group-3893D176C8F0-LeaderElection124] INFO  server.RaftServer$Division (ServerState.java:setRaftConf(393)) - ed0c9528-2c8b-4614-9eef-2d120a058ddc@group-3893D176C8F0: set configuration 0: [ed0c9528-2c8b-4614-9eef-2d120a058ddc|rpc:10.1.1.113:42731|dataStream:|priority:1], old=null
2022-10-15 07:44:44,445 [ed0c9528-2c8b-4614-9eef-2d120a058ddc@group-3893D176C8F0-SegmentedRaftLogWorker] INFO  segmented.SegmentedRaftLogWorker (SegmentedRaftLogWorker.java:execute(629)) - ed0c9528-2c8b-4614-9eef-2d120a058ddc@group-3893D176C8F0-SegmentedRaftLogWorker: created new log segment /home/runner/work/ozone/ozone/hadoop-ozone/integration-test/target/test-dir/MiniOzoneClusterImpl-0c55ea5e-da39-43b3-be52-3d6e56a90e90/datanode-4/data/ratis/3b391f93-6c6e-4348-86d2-3893d176c8f0/current/log_inprogress_0
2022-10-15 07:44:44,545 [Under Replicated Processor] INFO  replication.UnderReplicatedProcessor (UnderReplicatedProcessor.java:processAll(92)) - Processed 0 under replicated containers, failed processing 0
2022-10-15 07:44:44,546 [DatanodeAdminManager-0] INFO  node.DatanodeAdminMonitorImpl (DatanodeAdminMonitorImpl.java:run(148)) - There are 1 nodes tracked for decommission and maintenance. 0 pending nodes.
2022-10-15 07:44:44,547 [Over Replicated Processor] INFO  replication.OverReplicatedProcessor (OverReplicatedProcessor.java:processAll(90)) - Processed 0 over replicated containers, failed processing 0
2022-10-15 07:44:44,551 [ReplicationMonitor] INFO  replication.ReplicationManager (ReplicationManager.java:processAll(324)) - Replication Monitor Thread took 1 milliseconds for processing 6 containers.
2022-10-15 07:44:44,598 [ReplicationMonitor] INFO  replication.ReplicationManager (ReplicationManager.java:processAll(291)) - Replication Manager is not ready to run until 3000ms after safemode exit
2022-10-15 07:44:44,768 [EventQueue-OpenPipelineForHealthyPipelineSafeModeRule] INFO  safemode.SCMSafeModeManager (HealthyPipelineSafeModeRule.java:process(137)) - SCM in safe mode. Healthy pipelines reported count is 0, required healthy pipeline reported count is 1
2022-10-15 07:44:44,845 [8734203a-70d5-40c1-ad48-a2d447aaef1c@group-FCBD4FB1A539-FollowerState] INFO  impl.FollowerState (FollowerState.java:run(143)) - 8734203a-70d5-40c1-ad48-a2d447aaef1c@group-FCBD4FB1A539-FollowerState: change to CANDIDATE, lastRpcElapsedTime:5133378947ns, electionTimeout:5133ms
2022-10-15 07:44:44,846 [8734203a-70d5-40c1-ad48-a2d447aaef1c@group-FCBD4FB1A539-FollowerState] INFO  impl.RoleInfo (RoleInfo.java:shutdownFollowerState(110)) - 8734203a-70d5-40c1-ad48-a2d447aaef1c: shutdown 8734203a-70d5-40c1-ad48-a2d447aaef1c@group-FCBD4FB1A539-FollowerState
2022-10-15 07:44:44,846 [8734203a-70d5-40c1-ad48-a2d447aaef1c@group-FCBD4FB1A539-FollowerState] INFO  server.RaftServer$Division (RaftServerImpl.java:setRole(299)) - 8734203a-70d5-40c1-ad48-a2d447aaef1c@group-FCBD4FB1A539: changes role from  FOLLOWER to CANDIDATE at term 0 for changeToCandidate
2022-10-15 07:44:44,846 [8734203a-70d5-40c1-ad48-a2d447aaef1c@group-FCBD4FB1A539-FollowerState] INFO  server.RaftServerConfigKeys (ConfUtils.java:logGet(46)) - raft.server.leaderelection.pre-vote = false (custom)
2022-10-15 07:44:44,846 [8734203a-70d5-40c1-ad48-a2d447aaef1c@group-FCBD4FB1A539-FollowerState] INFO  impl.RoleInfo (RoleInfo.java:updateAndGet(139)) - 8734203a-70d5-40c1-ad48-a2d447aaef1c: start 8734203a-70d5-40c1-ad48-a2d447aaef1c@group-FCBD4FB1A539-LeaderElection125
2022-10-15 07:44:44,849 [8734203a-70d5-40c1-ad48-a2d447aaef1c@group-FCBD4FB1A539-LeaderElection125] INFO  impl.LeaderElection (LeaderElection.java:askForVotes(310)) - 8734203a-70d5-40c1-ad48-a2d447aaef1c@group-FCBD4FB1A539-LeaderElection125 ELECTION round 0: submit vote requests at term 1 for -1: [8734203a-70d5-40c1-ad48-a2d447aaef1c|rpc:10.1.1.113:36199|priority:1], old=null
2022-10-15 07:44:44,849 [8734203a-70d5-40c1-ad48-a2d447aaef1c@group-FCBD4FB1A539-LeaderElection125] INFO  impl.LeaderElection (LeaderElection.java:askForVotes(312)) - 8734203a-70d5-40c1-ad48-a2d447aaef1c@group-FCBD4FB1A539-LeaderElection125 ELECTION round 0: result PASSED (term=1)
2022-10-15 07:44:44,849 [8734203a-70d5-40c1-ad48-a2d447aaef1c@group-FCBD4FB1A539-LeaderElection125] INFO  impl.RoleInfo (RoleInfo.java:shutdownLeaderElection(130)) - 8734203a-70d5-40c1-ad48-a2d447aaef1c: shutdown 8734203a-70d5-40c1-ad48-a2d447aaef1c@group-FCBD4FB1A539-LeaderElection125
2022-10-15 07:44:44,849 [8734203a-70d5-40c1-ad48-a2d447aaef1c@group-FCBD4FB1A539-LeaderElection125] INFO  server.RaftServer$Division (RaftServerImpl.java:setRole(299)) - 8734203a-70d5-40c1-ad48-a2d447aaef1c@group-FCBD4FB1A539: changes role from CANDIDATE to LEADER at term 1 for changeToLeader
2022-10-15 07:44:44,849 [8734203a-70d5-40c1-ad48-a2d447aaef1c@group-FCBD4FB1A539-LeaderElection125] INFO  ratis.XceiverServerRatis (XceiverServerRatis.java:handleLeaderChangedNotification(863)) - Leader change notification received for group: group-FCBD4FB1A539 with new leaderId: 8734203a-70d5-40c1-ad48-a2d447aaef1c
2022-10-15 07:44:44,849 [8734203a-70d5-40c1-ad48-a2d447aaef1c@group-FCBD4FB1A539-LeaderElection125] INFO  server.RaftServer$Division (ServerState.java:setLeader(287)) - 8734203a-70d5-40c1-ad48-a2d447aaef1c@group-FCBD4FB1A539: change Leader from null to 8734203a-70d5-40c1-ad48-a2d447aaef1c at term 1 for becomeLeader, leader elected after 5146ms
2022-10-15 07:44:44,849 [8734203a-70d5-40c1-ad48-a2d447aaef1c@group-FCBD4FB1A539-LeaderElection125] INFO  server.RaftServerConfigKeys (ConfUtils.java:logGet(46)) - raft.server.staging.catchup.gap = 1000 (default)
2022-10-15 07:44:44,849 [EventQueue-OpenPipelineForHealthyPipelineSafeModeRule] INFO  safemode.SCMSafeModeManager (HealthyPipelineSafeModeRule.java:process(137)) - SCM in safe mode. Healthy pipelines reported count is 0, required healthy pipeline reported count is 1
2022-10-15 07:44:44,850 [8734203a-70d5-40c1-ad48-a2d447aaef1c@group-FCBD4FB1A539-LeaderElection125] INFO  server.RaftServerConfigKeys (ConfUtils.java:logGet(46)) - raft.server.write.element-limit = 1024 (custom)
2022-10-15 07:44:44,850 [8734203a-70d5-40c1-ad48-a2d447aaef1c@group-FCBD4FB1A539-LeaderElection125] INFO  server.RaftServerConfigKeys (ConfUtils.java:logGet(46)) - raft.server.write.byte-limit = 1024 M (=1073741824) (custom)
2022-10-15 07:44:44,850 [8734203a-70d5-40c1-ad48-a2d447aaef1c@group-FCBD4FB1A539-LeaderElection125] INFO  server.RaftServerConfigKeys (ConfUtils.java:logGet(46)) - raft.server.watch.timeout = 180s (custom)
2022-10-15 07:44:44,850 [8734203a-70d5-40c1-ad48-a2d447aaef1c@group-FCBD4FB1A539-LeaderElection125] INFO  server.RaftServerConfigKeys (ConfUtils.java:logGet(46)) - raft.server.watch.timeout.denomination = 1s (default)
2022-10-15 07:44:44,850 [8734203a-70d5-40c1-ad48-a2d447aaef1c@group-FCBD4FB1A539-LeaderElection125] INFO  server.RaftServerConfigKeys (ConfUtils.java:logGet(46)) - raft.server.watch.element-limit = 65536 (default)
2022-10-15 07:44:44,851 [8734203a-70d5-40c1-ad48-a2d447aaef1c@group-FCBD4FB1A539-LeaderElection125] INFO  server.RaftServerConfigKeys (ConfUtils.java:logGet(46)) - raft.server.write.element-limit = 1024 (custom)
2022-10-15 07:44:44,851 [8734203a-70d5-40c1-ad48-a2d447aaef1c@group-FCBD4FB1A539-LeaderElection125] INFO  server.RaftServerConfigKeys (ConfUtils.java:logGet(46)) - raft.server.write.follower.gap.ratio.max = -1.0 (default)
2022-10-15 07:44:44,851 [8734203a-70d5-40c1-ad48-a2d447aaef1c@group-FCBD4FB1A539-LeaderElection125] INFO  impl.RoleInfo (RoleInfo.java:updateAndGet(139)) - 8734203a-70d5-40c1-ad48-a2d447aaef1c: start 8734203a-70d5-40c1-ad48-a2d447aaef1c@group-FCBD4FB1A539-LeaderStateImpl
2022-10-15 07:44:44,851 [8734203a-70d5-40c1-ad48-a2d447aaef1c@group-FCBD4FB1A539-LeaderElection125] INFO  segmented.SegmentedRaftLogWorker (SegmentedRaftLogWorker.java:startLogSegment(425)) - 8734203a-70d5-40c1-ad48-a2d447aaef1c@group-FCBD4FB1A539-SegmentedRaftLogWorker: Starting segment from index:0
2022-10-15 07:44:44,854 [8734203a-70d5-40c1-ad48-a2d447aaef1c@group-FCBD4FB1A539-LeaderElection125] INFO  server.RaftServer$Division (ServerState.java:setRaftConf(393)) - 8734203a-70d5-40c1-ad48-a2d447aaef1c@group-FCBD4FB1A539: set configuration 0: [8734203a-70d5-40c1-ad48-a2d447aaef1c|rpc:10.1.1.113:36199|dataStream:|priority:1], old=null
2022-10-15 07:44:44,856 [8734203a-70d5-40c1-ad48-a2d447aaef1c@group-FCBD4FB1A539-SegmentedRaftLogWorker] INFO  segmented.SegmentedRaftLogWorker (SegmentedRaftLogWorker.java:execute(629)) - 8734203a-70d5-40c1-ad48-a2d447aaef1c@group-FCBD4FB1A539-SegmentedRaftLogWorker: created new log segment /home/runner/work/ozone/ozone/hadoop-ozone/integration-test/target/test-dir/MiniOzoneClusterImpl-0c55ea5e-da39-43b3-be52-3d6e56a90e90/datanode-5/data/ratis/f042a10b-ba82-4bd6-954c-fcbd4fb1a539/current/log_inprogress_0
2022-10-15 07:44:45,014 [Listener at 127.0.0.1/40173] INFO  ozone.MiniOzoneClusterImpl (MiniOzoneClusterImpl.java:lambda$waitForClusterToBeReady$0(216)) - Nodes are ready. Got 7 of 7 DN Heartbeats.
2022-10-15 07:44:45,014 [Listener at 127.0.0.1/40173] INFO  ozone.MiniOzoneClusterImpl (MiniOzoneClusterImpl.java:lambda$waitForClusterToBeReady$0(219)) - Waiting for cluster to exit safe mode
2022-10-15 07:44:45,014 [Listener at 127.0.0.1/40173] INFO  ozone.MiniOzoneClusterImpl (MiniOzoneClusterImpl.java:lambda$waitForClusterToBeReady$0(221)) - SCM became leader
2022-10-15 07:44:45,015 [EventQueue-OpenPipelineForHealthyPipelineSafeModeRule] INFO  safemode.SCMSafeModeManager (HealthyPipelineSafeModeRule.java:process(137)) - SCM in safe mode. Healthy pipelines reported count is 0, required healthy pipeline reported count is 1
2022-10-15 07:44:45,023 [EventQueue-OpenPipelineForHealthyPipelineSafeModeRule] INFO  safemode.SCMSafeModeManager (HealthyPipelineSafeModeRule.java:process(137)) - SCM in safe mode. Healthy pipelines reported count is 0, required healthy pipeline reported count is 1
2022-10-15 07:44:45,071 [c53e9dec-04d8-4017-ae1e-e704ed095001@group-A3339B58DE84-FollowerState] INFO  impl.FollowerState (FollowerState.java:run(143)) - c53e9dec-04d8-4017-ae1e-e704ed095001@group-A3339B58DE84-FollowerState: change to CANDIDATE, lastRpcElapsedTime:5044354059ns, electionTimeout:5043ms
2022-10-15 07:44:45,071 [c53e9dec-04d8-4017-ae1e-e704ed095001@group-A3339B58DE84-FollowerState] INFO  impl.RoleInfo (RoleInfo.java:shutdownFollowerState(110)) - c53e9dec-04d8-4017-ae1e-e704ed095001: shutdown c53e9dec-04d8-4017-ae1e-e704ed095001@group-A3339B58DE84-FollowerState
2022-10-15 07:44:45,072 [c53e9dec-04d8-4017-ae1e-e704ed095001@group-A3339B58DE84-FollowerState] INFO  server.RaftServer$Division (RaftServerImpl.java:setRole(299)) - c53e9dec-04d8-4017-ae1e-e704ed095001@group-A3339B58DE84: changes role from  FOLLOWER to CANDIDATE at term 0 for changeToCandidate
2022-10-15 07:44:45,072 [c53e9dec-04d8-4017-ae1e-e704ed095001@group-A3339B58DE84-FollowerState] INFO  server.RaftServerConfigKeys (ConfUtils.java:logGet(46)) - raft.server.leaderelection.pre-vote = false (custom)
2022-10-15 07:44:45,072 [c53e9dec-04d8-4017-ae1e-e704ed095001@group-A3339B58DE84-FollowerState] INFO  impl.RoleInfo (RoleInfo.java:updateAndGet(139)) - c53e9dec-04d8-4017-ae1e-e704ed095001: start c53e9dec-04d8-4017-ae1e-e704ed095001@group-A3339B58DE84-LeaderElection126
2022-10-15 07:44:45,074 [c53e9dec-04d8-4017-ae1e-e704ed095001@group-A3339B58DE84-LeaderElection126] INFO  impl.LeaderElection (LeaderElection.java:askForVotes(310)) - c53e9dec-04d8-4017-ae1e-e704ed095001@group-A3339B58DE84-LeaderElection126 ELECTION round 0: submit vote requests at term 1 for -1: [c53e9dec-04d8-4017-ae1e-e704ed095001|rpc:10.1.1.113:43027|priority:1], old=null
2022-10-15 07:44:45,075 [c53e9dec-04d8-4017-ae1e-e704ed095001@group-A3339B58DE84-LeaderElection126] INFO  impl.LeaderElection (LeaderElection.java:askForVotes(312)) - c53e9dec-04d8-4017-ae1e-e704ed095001@group-A3339B58DE84-LeaderElection126 ELECTION round 0: result PASSED (term=1)
2022-10-15 07:44:45,075 [c53e9dec-04d8-4017-ae1e-e704ed095001@group-A3339B58DE84-LeaderElection126] INFO  impl.RoleInfo (RoleInfo.java:shutdownLeaderElection(130)) - c53e9dec-04d8-4017-ae1e-e704ed095001: shutdown c53e9dec-04d8-4017-ae1e-e704ed095001@group-A3339B58DE84-LeaderElection126
2022-10-15 07:44:45,075 [c53e9dec-04d8-4017-ae1e-e704ed095001@group-A3339B58DE84-LeaderElection126] INFO  server.RaftServer$Division (RaftServerImpl.java:setRole(299)) - c53e9dec-04d8-4017-ae1e-e704ed095001@group-A3339B58DE84: changes role from CANDIDATE to LEADER at term 1 for changeToLeader
2022-10-15 07:44:45,075 [c53e9dec-04d8-4017-ae1e-e704ed095001@group-A3339B58DE84-LeaderElection126] INFO  ratis.XceiverServerRatis (XceiverServerRatis.java:handleLeaderChangedNotification(863)) - Leader change notification received for group: group-A3339B58DE84 with new leaderId: c53e9dec-04d8-4017-ae1e-e704ed095001
2022-10-15 07:44:45,075 [c53e9dec-04d8-4017-ae1e-e704ed095001@group-A3339B58DE84-LeaderElection126] INFO  server.RaftServer$Division (ServerState.java:setLeader(287)) - c53e9dec-04d8-4017-ae1e-e704ed095001@group-A3339B58DE84: change Leader from null to c53e9dec-04d8-4017-ae1e-e704ed095001 at term 1 for becomeLeader, leader elected after 5057ms
2022-10-15 07:44:45,075 [c53e9dec-04d8-4017-ae1e-e704ed095001@group-A3339B58DE84-LeaderElection126] INFO  server.RaftServerConfigKeys (ConfUtils.java:logGet(46)) - raft.server.staging.catchup.gap = 1000 (default)
2022-10-15 07:44:45,075 [EventQueue-OpenPipelineForHealthyPipelineSafeModeRule] INFO  safemode.SCMSafeModeManager (HealthyPipelineSafeModeRule.java:process(137)) - SCM in safe mode. Healthy pipelines reported count is 0, required healthy pipeline reported count is 1
2022-10-15 07:44:45,075 [c53e9dec-04d8-4017-ae1e-e704ed095001@group-A3339B58DE84-LeaderElection126] INFO  server.RaftServerConfigKeys (ConfUtils.java:logGet(46)) - raft.server.write.element-limit = 1024 (custom)
2022-10-15 07:44:45,076 [c53e9dec-04d8-4017-ae1e-e704ed095001@group-A3339B58DE84-LeaderElection126] INFO  server.RaftServerConfigKeys (ConfUtils.java:logGet(46)) - raft.server.write.byte-limit = 1024 M (=1073741824) (custom)
2022-10-15 07:44:45,076 [c53e9dec-04d8-4017-ae1e-e704ed095001@group-A3339B58DE84-LeaderElection126] INFO  server.RaftServerConfigKeys (ConfUtils.java:logGet(46)) - raft.server.watch.timeout = 180s (custom)
2022-10-15 07:44:45,076 [c53e9dec-04d8-4017-ae1e-e704ed095001@group-A3339B58DE84-LeaderElection126] INFO  server.RaftServerConfigKeys (ConfUtils.java:logGet(46)) - raft.server.watch.timeout.denomination = 1s (default)
2022-10-15 07:44:45,076 [c53e9dec-04d8-4017-ae1e-e704ed095001@group-A3339B58DE84-LeaderElection126] INFO  server.RaftServerConfigKeys (ConfUtils.java:logGet(46)) - raft.server.watch.element-limit = 65536 (default)
2022-10-15 07:44:45,076 [c53e9dec-04d8-4017-ae1e-e704ed095001@group-A3339B58DE84-LeaderElection126] INFO  server.RaftServerConfigKeys (ConfUtils.java:logGet(46)) - raft.server.write.element-limit = 1024 (custom)
2022-10-15 07:44:45,076 [c53e9dec-04d8-4017-ae1e-e704ed095001@group-A3339B58DE84-LeaderElection126] INFO  server.RaftServerConfigKeys (ConfUtils.java:logGet(46)) - raft.server.write.follower.gap.ratio.max = -1.0 (default)
2022-10-15 07:44:45,076 [c53e9dec-04d8-4017-ae1e-e704ed095001@group-A3339B58DE84-LeaderElection126] INFO  impl.RoleInfo (RoleInfo.java:updateAndGet(139)) - c53e9dec-04d8-4017-ae1e-e704ed095001: start c53e9dec-04d8-4017-ae1e-e704ed095001@group-A3339B58DE84-LeaderStateImpl
2022-10-15 07:44:45,077 [c53e9dec-04d8-4017-ae1e-e704ed095001@group-A3339B58DE84-LeaderElection126] INFO  segmented.SegmentedRaftLogWorker (SegmentedRaftLogWorker.java:startLogSegment(425)) - c53e9dec-04d8-4017-ae1e-e704ed095001@group-A3339B58DE84-SegmentedRaftLogWorker: Starting segment from index:0
2022-10-15 07:44:45,081 [c53e9dec-04d8-4017-ae1e-e704ed095001@group-A3339B58DE84-LeaderElection126] INFO  server.RaftServer$Division (ServerState.java:setRaftConf(393)) - c53e9dec-04d8-4017-ae1e-e704ed095001@group-A3339B58DE84: set configuration 0: [c53e9dec-04d8-4017-ae1e-e704ed095001|rpc:10.1.1.113:43027|dataStream:|priority:1], old=null
2022-10-15 07:44:45,082 [c53e9dec-04d8-4017-ae1e-e704ed095001@group-A3339B58DE84-SegmentedRaftLogWorker] INFO  segmented.SegmentedRaftLogWorker (SegmentedRaftLogWorker.java:execute(629)) - c53e9dec-04d8-4017-ae1e-e704ed095001@group-A3339B58DE84-SegmentedRaftLogWorker: created new log segment /home/runner/work/ozone/ozone/hadoop-ozone/integration-test/target/test-dir/MiniOzoneClusterImpl-0c55ea5e-da39-43b3-be52-3d6e56a90e90/datanode-6/data/ratis/e8d497d5-0d13-4b72-8da2-a3339b58de84/current/log_inprogress_0
2022-10-15 07:44:45,184 [EventQueue-DeadNodeForDeadNodeHandler] INFO  node.DeadNodeHandler (DeadNodeHandler.java:onMessage(81)) - A dead datanode is detected. bef1a67a-597f-44ca-bb4b-ee4a6fc04327{ip: 10.1.1.113, host: fv-az204-107.tdy0fjcc0bpubcu1xr20co1pbf.dx.internal.cloudapp.net, ports: [REPLICATION=46791, RATIS=40411, RATIS_ADMIN=40411, RATIS_SERVER=40411, STANDALONE=40845], networkLocation: /default-rack, certSerialId: null, persistedOpState: IN_MAINTENANCE, persistedOpStateExpiryEpochSec: 0}
2022-10-15 07:44:45,184 [EventQueue-DeadNodeForDeadNodeHandler] INFO  net.NetworkTopologyImpl (NetworkTopologyImpl.java:remove(190)) - Removed a node: /default-rack/bef1a67a-597f-44ca-bb4b-ee4a6fc04327
2022-10-15 07:44:45,203 [Listener at 0.0.0.0/40471] INFO  ozone.MiniOzoneClusterImpl (MiniOzoneClusterImpl.java:restartStorageContainerManager(349)) - Restarting SCM in cluster class org.apache.hadoop.ozone.MiniOzoneClusterImpl
2022-10-15 07:44:45,203 [Listener at 0.0.0.0/40471] INFO  server.StorageContainerManager (StorageContainerManager.java:stop(1528)) - Container Balancer is not running.
2022-10-15 07:44:45,203 [Listener at 0.0.0.0/40471] INFO  server.StorageContainerManager (StorageContainerManager.java:stop(1535)) - Stopping Replication Manager Service.
2022-10-15 07:44:45,203 [Listener at 0.0.0.0/40471] INFO  replication.ReplicationManager (ReplicationManager.java:stop(257)) - Stopping Replication Monitor Thread.
2022-10-15 07:44:45,203 [Listener at 0.0.0.0/40471] INFO  server.StorageContainerManager (StorageContainerManager.java:stop(1542)) - Stopping the Datanode Admin Monitor.
2022-10-15 07:44:45,203 [Over Replicated Processor] WARN  replication.OverReplicatedProcessor (OverReplicatedProcessor.java:run(137)) - Over Replicated Processor interrupted. Exiting...
2022-10-15 07:44:45,203 [Listener at 0.0.0.0/40471] INFO  server.StorageContainerManager (StorageContainerManager.java:stop(1549)) - Stopping Lease Manager of the command watchers
2022-10-15 07:44:45,204 [Listener at 0.0.0.0/40471] INFO  server.StorageContainerManager (StorageContainerManager.java:stop(1556)) - Stopping datanode service RPC server
2022-10-15 07:44:45,204 [Listener at 0.0.0.0/40471] INFO  server.SCMDatanodeProtocolServer (SCMDatanodeProtocolServer.java:stop(414)) - Stopping the RPC server for DataNodes
2022-10-15 07:44:45,204 [Listener at 0.0.0.0/40471] INFO  ipc.Server (Server.java:stop(3428)) - Stopping server on 42971
2022-10-15 07:44:45,203 [Under Replicated Processor] WARN  replication.UnderReplicatedProcessor (UnderReplicatedProcessor.java:run(148)) - Under Replicated Processor interrupted. Exiting...
2022-10-15 07:44:45,204 [ReplicationMonitor] INFO  replication.ReplicationManager (ReplicationManager.java:run(509)) - Replication Monitor Thread is stopped
2022-10-15 07:44:45,221 [IPC Server listener on 42971] INFO  ipc.Server (Server.java:run(1384)) - Stopping IPC Server listener on 42971
2022-10-15 07:44:45,221 [IPC Server Responder] INFO  ipc.Server (Server.java:run(1517)) - Stopping IPC Server Responder
2022-10-15 07:44:45,246 [EndpointStateMachine task thread for /0.0.0.0:42971 - 0 ] WARN  statemachine.EndpointStateMachine (EndpointStateMachine.java:logIfNeeded(242)) - Unable to communicate to SCM server at 0.0.0.0:42971 for past 0 seconds.
java.io.EOFException: End of File Exception between local host is: "fv-az204-107/10.1.1.113"; destination host is: "0.0.0.0":42971; : java.io.EOFException; For more details see:  http://wiki.apache.org/hadoop/EOFException
	at sun.reflect.NativeConstructorAccessorImpl.newInstance0(Native Method)
	at sun.reflect.NativeConstructorAccessorImpl.newInstance(NativeConstructorAccessorImpl.java:62)
	at sun.reflect.DelegatingConstructorAccessorImpl.newInstance(DelegatingConstructorAccessorImpl.java:45)
	at java.lang.reflect.Constructor.newInstance(Constructor.java:423)
	at org.apache.hadoop.net.NetUtils.wrapWithMessage(NetUtils.java:913)
	at org.apache.hadoop.net.NetUtils.wrapException(NetUtils.java:862)
	at org.apache.hadoop.ipc.Client.getRpcResponse(Client.java:1616)
	at org.apache.hadoop.ipc.Client.call(Client.java:1558)
	at org.apache.hadoop.ipc.Client.call(Client.java:1455)
	at org.apache.hadoop.ipc.ProtobufRpcEngine$Invoker.invoke(ProtobufRpcEngine.java:235)
	at org.apache.hadoop.ipc.ProtobufRpcEngine$Invoker.invoke(ProtobufRpcEngine.java:122)
	at com.sun.proxy.$Proxy54.submitRequest(Unknown Source)
	at org.apache.hadoop.ozone.protocolPB.StorageContainerDatanodeProtocolClientSideTranslatorPB.submitRequest(StorageContainerDatanodeProtocolClientSideTranslatorPB.java:117)
	at org.apache.hadoop.ozone.protocolPB.StorageContainerDatanodeProtocolClientSideTranslatorPB.sendHeartbeat(StorageContainerDatanodeProtocolClientSideTranslatorPB.java:149)
	at org.apache.hadoop.ozone.container.common.states.endpoint.HeartbeatEndpointTask.call(HeartbeatEndpointTask.java:185)
	at org.apache.hadoop.ozone.container.common.states.endpoint.HeartbeatEndpointTask.call(HeartbeatEndpointTask.java:87)
	at java.util.concurrent.FutureTask.run(FutureTask.java:266)
	at java.util.concurrent.ThreadPoolExecutor.runWorker(ThreadPoolExecutor.java:1149)
	at java.util.concurrent.ThreadPoolExecutor$Worker.run(ThreadPoolExecutor.java:624)
	at java.lang.Thread.run(Thread.java:750)
Caused by: java.io.EOFException
	at java.io.DataInputStream.readInt(DataInputStream.java:392)
	at org.apache.hadoop.ipc.Client$IpcStreams.readResponse(Client.java:1922)
	at org.apache.hadoop.ipc.Client$Connection.receiveRpcResponse(Client.java:1238)
	at org.apache.hadoop.ipc.Client$Connection.run(Client.java:1134)
2022-10-15 07:44:45,284 [SCM Heartbeat Processing Thread - 0] WARN  node.NodeStateManager (NodeStateManager.java:scheduleNextHealthCheck(870)) - Current Thread is interrupted, shutting down HB processing thread for Node Manager.
2022-10-15 07:44:45,284 [Listener at 0.0.0.0/40471] INFO  server.StorageContainerManager (StorageContainerManager.java:stop(1564)) - Stopping block service RPC server
2022-10-15 07:44:45,284 [Listener at 0.0.0.0/40471] INFO  server.SCMBlockProtocolServer (SCMBlockProtocolServer.java:stop(161)) - Stopping the RPC server for Block Protocol
2022-10-15 07:44:45,284 [Listener at 0.0.0.0/40471] INFO  ipc.Server (Server.java:stop(3428)) - Stopping server on 43303
2022-10-15 07:44:45,290 [IPC Server listener on 43303] INFO  ipc.Server (Server.java:run(1384)) - Stopping IPC Server listener on 43303
2022-10-15 07:44:45,292 [IPC Server Responder] INFO  ipc.Server (Server.java:run(1517)) - Stopping IPC Server Responder
2022-10-15 07:44:45,292 [Listener at 0.0.0.0/40471] INFO  server.StorageContainerManager (StorageContainerManager.java:stop(1571)) - Stopping the StorageContainerLocationProtocol RPC server
2022-10-15 07:44:45,292 [Listener at 0.0.0.0/40471] INFO  server.SCMClientProtocolServer (SCMClientProtocolServer.java:stop(179)) - Stopping the RPC server for Client Protocol
2022-10-15 07:44:45,292 [Listener at 0.0.0.0/40471] INFO  ipc.Server (Server.java:stop(3428)) - Stopping server on 40471
2022-10-15 07:44:45,296 [Listener at 0.0.0.0/40471] INFO  server.StorageContainerManager (StorageContainerManager.java:stop(1578)) - Stopping Storage Container Manager HTTP server.
2022-10-15 07:44:45,296 [IPC Server Responder] INFO  ipc.Server (Server.java:run(1517)) - Stopping IPC Server Responder
2022-10-15 07:44:45,296 [IPC Server listener on 40471] INFO  ipc.Server (Server.java:run(1384)) - Stopping IPC Server listener on 40471
2022-10-15 07:44:45,297 [EventQueue-OpenPipelineForHealthyPipelineSafeModeRule] INFO  safemode.SCMSafeModeManager (HealthyPipelineSafeModeRule.java:process(137)) - SCM in safe mode. Healthy pipelines reported count is 0, required healthy pipeline reported count is 1
2022-10-15 07:44:45,299 [Listener at 0.0.0.0/40471] INFO  handler.ContextHandler (ContextHandler.java:doStop(1153)) - Stopped o.e.j.w.WebAppContext@1a99744a{scm,/,null,STOPPED}{file:/home/runner/work/ozone/ozone/hadoop-ozone/integration-test/target/test-classes/webapps/scm}
2022-10-15 07:44:45,299 [Listener at 0.0.0.0/40471] INFO  server.AbstractConnector (AbstractConnector.java:doStop(381)) - Stopped ServerConnector@96448ee{HTTP/1.1, (http/1.1)}{0.0.0.0:37605}
2022-10-15 07:44:45,299 [Listener at 0.0.0.0/40471] INFO  server.session (HouseKeeper.java:stopScavenging(149)) - node0 Stopped scavenging
2022-10-15 07:44:45,300 [Listener at 0.0.0.0/40471] INFO  handler.ContextHandler (ContextHandler.java:doStop(1153)) - Stopped o.e.j.s.ServletContextHandler@507fecf3{static,/static,file:///home/runner/work/ozone/ozone/hadoop-ozone/integration-test/target/test-classes/webapps/static,STOPPED}
2022-10-15 07:44:45,300 [Listener at 0.0.0.0/40471] INFO  handler.ContextHandler (ContextHandler.java:doStop(1153)) - Stopped o.e.j.s.ServletContextHandler@341c0dfc{logs,/logs,file:///home/runner/work/ozone/ozone/hadoop-ozone/integration-test/target/log,STOPPED}
2022-10-15 07:44:45,301 [Listener at 0.0.0.0/40471] INFO  server.StorageContainerManager (StorageContainerManager.java:stop(1584)) - Stopping SCM LayoutVersionManager Service.
2022-10-15 07:44:45,301 [Listener at 0.0.0.0/40471] INFO  server.StorageContainerManager (StorageContainerManager.java:stop(1592)) - Stopping Block Manager Service.
2022-10-15 07:44:45,301 [Listener at 0.0.0.0/40471] INFO  utils.BackgroundService (BackgroundService.java:shutdown(141)) - Shutting down service SCMBlockDeletingService
2022-10-15 07:44:45,301 [Listener at 0.0.0.0/40471] INFO  utils.BackgroundService (BackgroundService.java:shutdown(141)) - Shutting down service SCMBlockDeletingService
2022-10-15 07:44:45,302 [Listener at 0.0.0.0/40471] INFO  server.StorageContainerManager (StorageContainerManager.java:stop(1619)) - Stopping SCM Event Queue.
2022-10-15 07:44:45,311 [Listener at 0.0.0.0/40471] INFO  server.StorageContainerManager (StorageContainerManager.java:stop(1630)) - Stopping SCM HA services.
2022-10-15 07:44:45,312 [Listener at 0.0.0.0/40471] INFO  pipeline.BackgroundPipelineCreator (BackgroundPipelineCreator.java:stop(149)) - Stopping RatisPipelineUtilsThread.
2022-10-15 07:44:45,312 [RatisPipelineUtilsThread - 0] WARN  pipeline.BackgroundPipelineCreator (BackgroundPipelineCreator.java:run(180)) - RatisPipelineUtilsThread is interrupted.
2022-10-15 07:44:45,312 [BackgroundPipelineScrubberThread] WARN  BackgroundPipelineScrubber (BackgroundSCMService.java:run(115)) - BackgroundPipelineScrubber is interrupted, exit
2022-10-15 07:44:45,313 [Listener at 0.0.0.0/40471] INFO  BackgroundPipelineScrubber (BackgroundSCMService.java:stop(131)) - Stopping BackgroundPipelineScrubber Service.
2022-10-15 07:44:45,314 [Listener at 0.0.0.0/40471] INFO  impl.MetricsSystemImpl (MetricsSystemImpl.java:stop(210)) - Stopping StorageContainerManager metrics system...
2022-10-15 07:44:45,317 [prometheus] INFO  impl.MetricsSinkAdapter (MetricsSinkAdapter.java:publishMetricsFromQueue(141)) - prometheus thread interrupted.
2022-10-15 07:44:45,324 [Listener at 0.0.0.0/40471] INFO  impl.MetricsSystemImpl (MetricsSystemImpl.java:stop(216)) - StorageContainerManager metrics system stopped.
2022-10-15 07:44:45,324 [Listener at 0.0.0.0/40471] WARN  pipeline.BackgroundPipelineCreator (BackgroundPipelineCreator.java:stop(145)) - RatisPipelineUtilsThread is not running, just ignore.
2022-10-15 07:44:45,324 [Listener at 0.0.0.0/40471] INFO  BackgroundPipelineScrubber (BackgroundSCMService.java:stop(126)) - BackgroundPipelineScrubber Service is not running, skip stop.
2022-10-15 07:44:45,325 [Listener at 0.0.0.0/40471] INFO  ExpiredContainerReplicaOpScrubber (BackgroundSCMService.java:stop(131)) - Stopping ExpiredContainerReplicaOpScrubber Service.
2022-10-15 07:44:45,325 [Listener at 0.0.0.0/40471] INFO  utils.BackgroundService (BackgroundService.java:shutdown(141)) - Shutting down service SCMBlockDeletingService
2022-10-15 07:44:45,325 [ExpiredContainerReplicaOpScrubberThread] WARN  ExpiredContainerReplicaOpScrubber (BackgroundSCMService.java:run(115)) - ExpiredContainerReplicaOpScrubber is interrupted, exit
2022-10-15 07:44:45,325 [Listener at 0.0.0.0/40471] INFO  replication.ReplicationManager (ReplicationManager.java:stop(265)) - Replication Monitor Thread is not running.
2022-10-15 07:44:45,327 [Listener at 0.0.0.0/40471] WARN  balancer.ContainerBalancer (ContainerBalancer.java:stop(1096)) - Cannot stop Container Balancer because it's not running
2022-10-15 07:44:45,327 [Listener at 0.0.0.0/40471] INFO  server.StorageContainerManager (StorageContainerManager.java:stop(1648)) - Stopping SCM MetadataStore.
2022-10-15 07:44:45,328 [Listener at 0.0.0.0/40471] WARN  server.ServerUtils (ServerUtils.java:getScmDbDir(148)) - ozone.scm.db.dirs is not configured. We recommend adding this setting. Falling back to ozone.metadata.dirs instead.
2022-10-15 07:44:45,329 [Listener at 0.0.0.0/40471] INFO  ha.SCMHANodeDetails (SCMHANodeDetails.java:loadSCMHAConfig(209)) - ServiceID for StorageContainerManager is null
2022-10-15 07:44:45,329 [Listener at 0.0.0.0/40471] INFO  ha.SCMHANodeDetails (SCMHANodeDetails.java:loadSCMHAConfig(214)) - ozone.scm.default.service.id is not defined, falling back to ozone.scm.service.ids to find serviceID for StorageContainerManager if it is HA enabled cluster
2022-10-15 07:44:45,329 [Listener at 0.0.0.0/40471] WARN  utils.HAUtils (HAUtils.java:getMetaDir(342)) - ozone.scm.db.dirs is not configured. We recommend adding this setting. Falling back to ozone.metadata.dirs instead.
2022-10-15 07:44:45,330 [Listener at 0.0.0.0/40471] WARN  db.DBStoreBuilder (DBStoreBuilder.java:applyDBDefinition(144)) - ozone.scm.db.dirs is not configured. We recommend adding this setting. Falling back to ozone.metadata.dirs instead.
2022-10-15 07:44:45,365 [Listener at 0.0.0.0/40471] INFO  net.NodeSchemaLoader (NodeSchemaLoader.java:loadSchemaFromFile(129)) - Loading schema from [jar:file:/home/runner/.m2/repository/org/apache/ozone/hdds-common/1.3.0-SNAPSHOT/hdds-common-1.3.0-SNAPSHOT.jar!/network-topology-default.xml]
2022-10-15 07:44:45,366 [Listener at 0.0.0.0/40471] INFO  net.NodeSchemaLoader (NodeSchemaLoader.java:loadSchema(176)) - Loading network topology layer schema file
2022-10-15 07:44:45,369 [Listener at 0.0.0.0/40471] INFO  upgrade.AbstractLayoutVersionManager (AbstractLayoutVersionManager.java:init(83)) - Initializing Layout version manager with metadata layout = DATANODE_SCHEMA_V3 (version = 4), software layout = DATANODE_SCHEMA_V3 (version = 4)
2022-10-15 07:44:45,393 [Under Replicated Processor] INFO  replication.UnderReplicatedProcessor (UnderReplicatedProcessor.java:processAll(92)) - Processed 0 under replicated containers, failed processing 0
2022-10-15 07:44:45,393 [Over Replicated Processor] INFO  replication.OverReplicatedProcessor (OverReplicatedProcessor.java:processAll(90)) - Processed 0 over replicated containers, failed processing 0
2022-10-15 07:44:45,394 [ReplicationMonitor] INFO  replication.ReplicationManager (ReplicationManager.java:processAll(324)) - Replication Monitor Thread took 0 milliseconds for processing 0 containers.
2022-10-15 07:44:45,418 [Listener at 0.0.0.0/40471] INFO  reflections.Reflections (Reflections.java:scan(232)) - Reflections took 48 ms to scan 7 urls, producing 137 keys and 328 values 
2022-10-15 07:44:45,419 [Listener at 0.0.0.0/40471] INFO  ha.SequenceIdGenerator (SequenceIdGenerator.java:<init>(220)) - Init the HA SequenceIdGenerator.
2022-10-15 07:44:45,424 [Listener at 0.0.0.0/40471] INFO  node.SCMNodeManager (SCMNodeManager.java:<init>(149)) - Entering startup safe mode.
2022-10-15 07:44:45,425 [Listener at 0.0.0.0/40471] INFO  algorithms.ContainerPlacementPolicyFactory (ContainerPlacementPolicyFactory.java:getPolicyInternal(86)) - Create container placement policy of type org.apache.hadoop.hdds.scm.container.placement.algorithms.SCMContainerPlacementRandom
2022-10-15 07:44:45,425 [Listener at 0.0.0.0/40471] INFO  algorithms.ContainerPlacementPolicyFactory (ContainerPlacementPolicyFactory.java:getPolicyInternal(86)) - Create container placement policy of type org.apache.hadoop.hdds.scm.container.placement.algorithms.SCMContainerPlacementRackScatter
2022-10-15 07:44:45,426 [Listener at 0.0.0.0/40471] INFO  algorithms.LeaderChoosePolicyFactory (LeaderChoosePolicyFactory.java:getPolicy(57)) - Create leader choose policy of type org.apache.hadoop.hdds.scm.pipeline.leader.choose.algorithms.MinLeaderCountChoosePolicy
2022-10-15 07:44:45,426 [Listener at 0.0.0.0/40471] INFO  algorithms.ContainerPlacementPolicyFactory (ContainerPlacementPolicyFactory.java:getPolicyInternal(86)) - Create container placement policy of type org.apache.hadoop.hdds.scm.container.placement.algorithms.SCMContainerPlacementRackScatter
2022-10-15 07:44:45,427 [Listener at 0.0.0.0/40471] INFO  ha.SCMServiceManager (SCMServiceManager.java:register(42)) - Registering service BackgroundPipelineCreator.
2022-10-15 07:44:45,427 [Listener at 0.0.0.0/40471] INFO  pipeline.BackgroundPipelineCreator (BackgroundPipelineCreator.java:start(124)) - Starting RatisPipelineUtilsThread.
2022-10-15 07:44:45,428 [Listener at 0.0.0.0/40471] INFO  BackgroundPipelineScrubber (BackgroundSCMService.java:start(68)) - Starting BackgroundPipelineScrubber Service.
2022-10-15 07:44:45,428 [Listener at 0.0.0.0/40471] INFO  ha.SCMServiceManager (SCMServiceManager.java:register(42)) - Registering service BackgroundPipelineScrubber.
2022-10-15 07:44:45,428 [Listener at 0.0.0.0/40471] INFO  ExpiredContainerReplicaOpScrubber (BackgroundSCMService.java:start(68)) - Starting ExpiredContainerReplicaOpScrubber Service.
2022-10-15 07:44:45,429 [Listener at 0.0.0.0/40471] INFO  ha.SCMServiceManager (SCMServiceManager.java:register(42)) - Registering service ExpiredContainerReplicaOpScrubber.
2022-10-15 07:44:45,431 [Listener at 0.0.0.0/40471] INFO  algorithms.PipelineChoosePolicyFactory (PipelineChoosePolicyFactory.java:createPipelineChoosePolicyFromClass(73)) - Create pipeline choose policy of type org.apache.hadoop.hdds.scm.pipeline.choose.algorithms.RandomPipelineChoosePolicy
2022-10-15 07:44:45,431 [Listener at 0.0.0.0/40471] INFO  ha.SCMServiceManager (SCMServiceManager.java:register(42)) - Registering service SCMBlockDeletingService.
2022-10-15 07:44:45,431 [Listener at 0.0.0.0/40471] INFO  replication.ReplicationManager (ReplicationManager.java:start(223)) - Starting Replication Monitor Thread.
2022-10-15 07:44:45,437 [Listener at 0.0.0.0/40471] INFO  ha.SCMServiceManager (SCMServiceManager.java:register(42)) - Registering service ReplicationManager.
2022-10-15 07:44:45,437 [EventQueue-OpenPipelineForHealthyPipelineSafeModeRule] INFO  safemode.SCMSafeModeManager (HealthyPipelineSafeModeRule.java:process(137)) - SCM in safe mode. Healthy pipelines reported count is 0, required healthy pipeline reported count is 1
2022-10-15 07:44:45,437 [Listener at 0.0.0.0/40471] INFO  safemode.ContainerSafeModeRule (ContainerSafeModeRule.java:<init>(89)) - containers with one replica threshold count 3
2022-10-15 07:44:45,437 [Listener at 0.0.0.0/40471] INFO  safemode.HealthyPipelineSafeModeRule (HealthyPipelineSafeModeRule.java:initializeRule(169)) - Total pipeline count is 1, healthy pipeline threshold count is 1
2022-10-15 07:44:45,438 [Listener at 0.0.0.0/40471] INFO  safemode.OneReplicaPipelineSafeModeRule (OneReplicaPipelineSafeModeRule.java:initializeRule(180)) - Total pipeline count is 1, pipeline's with at least one datanode reported threshold count is 1
2022-10-15 07:44:45,438 [ReplicationMonitor] INFO  replication.ReplicationManager (ReplicationManager.java:processAll(291)) - Replication Manager is not ready to run until 3000ms after safemode exit
2022-10-15 07:44:45,438 [Listener at 0.0.0.0/40471] INFO  ipc.CallQueueManager (CallQueueManager.java:<init>(90)) - Using callQueue: class java.util.concurrent.LinkedBlockingQueue, queueCapacity: 2000, scheduler: class org.apache.hadoop.ipc.DefaultRpcScheduler, ipcBackoff: false.
2022-10-15 07:44:45,439 [Socket Reader #1 for port 42971] INFO  ipc.Server (Server.java:run(1273)) - Starting Socket Reader #1 for port 42971
2022-10-15 07:44:45,440 [Listener at 0.0.0.0/42971] INFO  ipc.CallQueueManager (CallQueueManager.java:<init>(90)) - Using callQueue: class java.util.concurrent.LinkedBlockingQueue, queueCapacity: 2000, scheduler: class org.apache.hadoop.ipc.DefaultRpcScheduler, ipcBackoff: false.
2022-10-15 07:44:45,440 [Socket Reader #1 for port 43303] INFO  ipc.Server (Server.java:run(1273)) - Starting Socket Reader #1 for port 43303
2022-10-15 07:44:45,441 [Listener at 0.0.0.0/43303] INFO  ipc.CallQueueManager (CallQueueManager.java:<init>(90)) - Using callQueue: class java.util.concurrent.LinkedBlockingQueue, queueCapacity: 2000, scheduler: class org.apache.hadoop.ipc.DefaultRpcScheduler, ipcBackoff: false.
2022-10-15 07:44:45,442 [Socket Reader #1 for port 40471] INFO  ipc.Server (Server.java:run(1273)) - Starting Socket Reader #1 for port 40471
2022-10-15 07:44:45,472 [Listener at 0.0.0.0/40471] INFO  ha.SCMServiceManager (SCMServiceManager.java:register(42)) - Registering service ContainerBalancer.
2022-10-15 07:44:45,473 [Listener at 0.0.0.0/40471] INFO  server.StorageContainerManager (StorageContainerManager.java:<init>(410)) - 
Container Balancer status:
Key                            Value
Running                        false
Container Balancer Configuration values:
Key                                                Value
Threshold                                          10
Max Datanodes to Involve per Iteration(percent)    20
Max Size to Move per Iteration                     500GB
Max Size Entering Target per Iteration             26GB
Max Size Leaving Source per Iteration              26GB

2022-10-15 07:44:45,473 [Listener at 0.0.0.0/40471] WARN  events.EventQueue (EventQueue.java:fireEvent(216)) - No event handler registered for event TypedEvent{payloadType=SafeModeStatus, name='Safe mode status'}
2022-10-15 07:44:45,473 [Listener at 0.0.0.0/40471] INFO  ha.SCMContext (SCMContext.java:updateSafeModeStatus(228)) - Update SafeModeStatus from SafeModeStatus{safeModeStatus=true, preCheckPassed=false} to SafeModeStatus{safeModeStatus=true, preCheckPassed=false}.
2022-10-15 07:44:45,473 [Listener at 0.0.0.0/40471] INFO  server.StorageContainerManager (StorageContainerManager.java:start(1436)) - StorageContainerLocationProtocol RPC server is listening at /0.0.0.0:40471
2022-10-15 07:44:45,475 [Listener at 0.0.0.0/40471] WARN  impl.MetricsConfig (MetricsConfig.java:loadFirst(136)) - Cannot locate configuration: tried hadoop-metrics2-storagecontainermanager.properties,hadoop-metrics2.properties
2022-10-15 07:44:45,490 [Listener at 0.0.0.0/40471] INFO  impl.MetricsSystemImpl (MetricsSystemImpl.java:startTimer(378)) - Scheduled Metric snapshot period at 10 second(s).
2022-10-15 07:44:45,490 [Listener at 0.0.0.0/40471] INFO  impl.MetricsSystemImpl (MetricsSystemImpl.java:start(191)) - StorageContainerManager metrics system started
2022-10-15 07:44:45,510 [Listener at 0.0.0.0/40471] INFO  impl.MetricsSinkAdapter (MetricsSinkAdapter.java:start(204)) - Sink prometheus started
2022-10-15 07:44:45,510 [Listener at 0.0.0.0/40471] INFO  impl.MetricsSystemImpl (MetricsSystemImpl.java:registerSink(305)) - Registered sink prometheus
2022-10-15 07:44:45,532 [Listener at 0.0.0.0/40471] INFO  server.SCMClientProtocolServer (SCMClientProtocolServer.java:start(170)) - RPC server for Client  is listening at /0.0.0.0:40471
2022-10-15 07:44:45,533 [IPC Server Responder] INFO  ipc.Server (Server.java:run(1512)) - IPC Server Responder: starting
2022-10-15 07:44:45,536 [IPC Server listener on 40471] INFO  ipc.Server (Server.java:run(1352)) - IPC Server listener on 40471: starting
2022-10-15 07:44:45,539 [Listener at 0.0.0.0/40471] INFO  server.StorageContainerManager (StorageContainerManager.java:start(1451)) - ScmBlockLocationProtocol RPC server is listening at /0.0.0.0:43303
2022-10-15 07:44:45,539 [Listener at 0.0.0.0/40471] INFO  server.SCMBlockProtocolServer (SCMBlockProtocolServer.java:start(152)) - RPC server for Block Protocol is listening at /0.0.0.0:43303
2022-10-15 07:44:45,540 [IPC Server Responder] INFO  ipc.Server (Server.java:run(1512)) - IPC Server Responder: starting
2022-10-15 07:44:45,540 [IPC Server listener on 43303] INFO  ipc.Server (Server.java:run(1352)) - IPC Server listener on 43303: starting
2022-10-15 07:44:45,542 [Listener at 0.0.0.0/40471] INFO  server.SCMDatanodeProtocolServer (SCMDatanodeProtocolServer.java:start(186)) - ScmDatanodeProtocol RPC server for DataNodes is listening at /0.0.0.0:42971
2022-10-15 07:44:45,543 [IPC Server Responder] INFO  ipc.Server (Server.java:run(1512)) - IPC Server Responder: starting
2022-10-15 07:44:45,543 [IPC Server listener on 42971] INFO  ipc.Server (Server.java:run(1352)) - IPC Server listener on 42971: starting
2022-10-15 07:44:45,559 [Listener at 0.0.0.0/40471] INFO  http.BaseHttpServer (BaseHttpServer.java:newHttpServer2BuilderForOzone(213)) - Starting Web-server for scm at: http://0.0.0.0:37605
2022-10-15 07:44:45,560 [Listener at 0.0.0.0/40471] INFO  http.BaseHttpServer (BaseHttpServer.java:<init>(108)) - Hadoop Security Enabled: false Ozone Security Enabled: false Ozone HTTP Security Enabled: false 
2022-10-15 07:44:45,560 [Listener at 0.0.0.0/40471] WARN  server.AuthenticationFilter (AuthenticationFilter.java:constructSecretProvider(240)) - Unable to initialize FileSignerSecretProvider, falling back to use random secrets. Reason: Could not read signature secret file: /home/runner/hadoop-http-auth-signature-secret
2022-10-15 07:44:45,563 [Listener at 0.0.0.0/40471] WARN  http.HttpRequestLog (HttpRequestLog.java:getRequestLog(103)) - Jetty request log can only be enabled using Log4j
2022-10-15 07:44:45,564 [Listener at 0.0.0.0/40471] INFO  http.HttpServer2 (HttpServer2.java:addGlobalFilter(1031)) - Added global filter 'safety' (class=org.apache.hadoop.hdds.server.http.HttpServer2$QuotingInputFilter)
2022-10-15 07:44:45,564 [Listener at 0.0.0.0/40471] INFO  http.HttpServer2 (HttpServer2.java:addFilter(1007)) - Added filter static_user_filter (class=org.apache.hadoop.http.lib.StaticUserWebFilter$StaticUserFilter) to context scm
2022-10-15 07:44:45,564 [Listener at 0.0.0.0/40471] INFO  http.HttpServer2 (HttpServer2.java:addFilter(1015)) - Added filter static_user_filter (class=org.apache.hadoop.http.lib.StaticUserWebFilter$StaticUserFilter) to context static
2022-10-15 07:44:45,564 [Listener at 0.0.0.0/40471] INFO  http.HttpServer2 (HttpServer2.java:addFilter(1015)) - Added filter static_user_filter (class=org.apache.hadoop.http.lib.StaticUserWebFilter$StaticUserFilter) to context logs
2022-10-15 07:44:45,565 [Listener at 0.0.0.0/40471] INFO  http.HttpServer2 (HttpServer2.java:bindListener(1250)) - Jetty bound to port 37605
2022-10-15 07:44:45,566 [Listener at 0.0.0.0/40471] INFO  server.Server (Server.java:doStart(375)) - jetty-9.4.43.v20210629; built: 2021-06-30T11:07:22.254Z; git: 526006ecfa3af7f1a27ef3a288e2bef7ea9dd7e8; jvm 1.8.0_345-b01
2022-10-15 07:44:45,567 [org.apache.hadoop.util.JvmPauseMonitor$Monitor@240e61] INFO  util.JvmPauseMonitor (JvmPauseMonitor.java:run(188)) - Starting JVM pause monitor
2022-10-15 07:44:45,571 [Listener at 0.0.0.0/40471] INFO  server.session (DefaultSessionIdManager.java:doStart(334)) - DefaultSessionIdManager workerName=node0
2022-10-15 07:44:45,572 [Listener at 0.0.0.0/40471] INFO  server.session (DefaultSessionIdManager.java:doStart(339)) - No SessionScavenger set, using defaults
2022-10-15 07:44:45,572 [Listener at 0.0.0.0/40471] INFO  server.session (HouseKeeper.java:startScavenging(132)) - node0 Scavenging every 660000ms
2022-10-15 07:44:45,572 [Listener at 0.0.0.0/40471] INFO  handler.ContextHandler (ContextHandler.java:doStart(915)) - Started o.e.j.s.ServletContextHandler@6fc3f1a7{logs,/logs,file:///home/runner/work/ozone/ozone/hadoop-ozone/integration-test/target/log,AVAILABLE}
2022-10-15 07:44:45,573 [Listener at 0.0.0.0/40471] INFO  handler.ContextHandler (ContextHandler.java:doStart(915)) - Started o.e.j.s.ServletContextHandler@1f596988{static,/static,file:///home/runner/work/ozone/ozone/hadoop-ozone/integration-test/target/test-classes/webapps/static,AVAILABLE}
2022-10-15 07:44:45,575 [Listener at 0.0.0.0/40471] INFO  handler.ContextHandler (ContextHandler.java:doStart(915)) - Started o.e.j.w.WebAppContext@2ca464bb{scm,/,file:///home/runner/work/ozone/ozone/hadoop-ozone/integration-test/target/test-classes/webapps/scm/,AVAILABLE}{file:/home/runner/work/ozone/ozone/hadoop-ozone/integration-test/target/test-classes/webapps/scm}
2022-10-15 07:44:45,585 [Listener at 0.0.0.0/40471] INFO  server.AbstractConnector (AbstractConnector.java:doStart(331)) - Started ServerConnector@34a482d0{HTTP/1.1, (http/1.1)}{0.0.0.0:37605}
2022-10-15 07:44:45,585 [Listener at 0.0.0.0/40471] INFO  server.Server (Server.java:doStart(415)) - Started @195537ms
2022-10-15 07:44:45,585 [Listener at 0.0.0.0/40471] WARN  impl.MetricsSystemImpl (MetricsSystemImpl.java:register(279)) - Sink prometheus already exists!
2022-10-15 07:44:45,587 [Listener at 0.0.0.0/40471] INFO  http.BaseHttpServer (BaseHttpServer.java:updateConnectorAddress(333)) - HTTP server of scm listening at http://0.0.0.0:37605
2022-10-15 07:44:45,598 [ReplicationMonitor] INFO  replication.ReplicationManager (ReplicationManager.java:processAll(291)) - Replication Manager is not ready to run until 3000ms after safemode exit
2022-10-15 07:44:45,704 [EventQueue-OpenPipelineForHealthyPipelineSafeModeRule] INFO  safemode.SCMSafeModeManager (HealthyPipelineSafeModeRule.java:process(137)) - SCM in safe mode. Healthy pipelines reported count is 0, required healthy pipeline reported count is 1
2022-10-15 07:44:45,849 [EventQueue-OpenPipelineForHealthyPipelineSafeModeRule] INFO  safemode.SCMSafeModeManager (HealthyPipelineSafeModeRule.java:process(137)) - SCM in safe mode. Healthy pipelines reported count is 0, required healthy pipeline reported count is 1
2022-10-15 07:44:46,014 [Listener at 127.0.0.1/40173] INFO  ozone.MiniOzoneClusterImpl (MiniOzoneClusterImpl.java:lambda$waitForClusterToBeReady$0(216)) - Nodes are ready. Got 7 of 7 DN Heartbeats.
2022-10-15 07:44:46,014 [Listener at 127.0.0.1/40173] INFO  ozone.MiniOzoneClusterImpl (MiniOzoneClusterImpl.java:lambda$waitForClusterToBeReady$0(219)) - Waiting for cluster to exit safe mode
2022-10-15 07:44:46,014 [Listener at 127.0.0.1/40173] INFO  ozone.MiniOzoneClusterImpl (MiniOzoneClusterImpl.java:lambda$waitForClusterToBeReady$0(221)) - SCM became leader
2022-10-15 07:44:46,015 [EventQueue-OpenPipelineForHealthyPipelineSafeModeRule] INFO  safemode.SCMSafeModeManager (HealthyPipelineSafeModeRule.java:process(137)) - SCM in safe mode. Healthy pipelines reported count is 0, required healthy pipeline reported count is 1
2022-10-15 07:44:46,075 [EventQueue-OpenPipelineForHealthyPipelineSafeModeRule] INFO  safemode.SCMSafeModeManager (HealthyPipelineSafeModeRule.java:process(137)) - SCM in safe mode. Healthy pipelines reported count is 0, required healthy pipeline reported count is 1
2022-10-15 07:44:46,259 [EndpointStateMachine task thread for /0.0.0.0:42971 - 0 ] INFO  ipc.Client (Client.java:handleConnectionFailure(1010)) - Retrying connect to server: 0.0.0.0/0.0.0.0:42971. Already tried 0 time(s); retry policy is RetryUpToMaximumCountWithFixedSleep(maxRetries=15, sleepTime=1000 MILLISECONDS)
2022-10-15 07:44:46,269 [IPC Server handler 0 on default port 42971] INFO  server.SCMDatanodeHeartbeatDispatcher (SCMDatanodeHeartbeatDispatcher.java:dispatch(103)) - SCM received heartbeat from an unregistered datanode 35429393-00b4-4ffa-a437-723b6b48652e{ip: 10.1.1.113, host: fv-az204-107.tdy0fjcc0bpubcu1xr20co1pbf.dx.internal.cloudapp.net, ports: [REPLICATION=33503, RATIS=40931, RATIS_ADMIN=40931, RATIS_SERVER=40931, STANDALONE=34035], networkLocation: /default-rack, certSerialId: null, persistedOpState: null, persistedOpStateExpiryEpochSec: 0}. Asking datanode to re-register.
2022-10-15 07:44:46,269 [IPC Server handler 0 on default port 42971] INFO  server.SCMDatanodeHeartbeatDispatcher (SCMDatanodeHeartbeatDispatcher.java:dispatch(103)) - SCM received heartbeat from an unregistered datanode 2807d27e-eacf-4ef9-9ccd-2d34dc032c62{ip: 10.1.1.113, host: fv-az204-107.tdy0fjcc0bpubcu1xr20co1pbf.dx.internal.cloudapp.net, ports: [REPLICATION=43483, RATIS=39475, RATIS_ADMIN=39475, RATIS_SERVER=39475, STANDALONE=41617], networkLocation: /default-rack, certSerialId: null, persistedOpState: null, persistedOpStateExpiryEpochSec: 0}. Asking datanode to re-register.
2022-10-15 07:44:46,270 [IPC Server handler 0 on default port 42971] INFO  server.SCMDatanodeHeartbeatDispatcher (SCMDatanodeHeartbeatDispatcher.java:dispatch(103)) - SCM received heartbeat from an unregistered datanode 87a1f2dd-43fb-444c-bcbf-3c07980bc85d{ip: 10.1.1.113, host: fv-az204-107.tdy0fjcc0bpubcu1xr20co1pbf.dx.internal.cloudapp.net, ports: [REPLICATION=45983, RATIS=44739, RATIS_ADMIN=44739, RATIS_SERVER=44739, STANDALONE=45899], networkLocation: /default-rack, certSerialId: null, persistedOpState: null, persistedOpStateExpiryEpochSec: 0}. Asking datanode to re-register.
2022-10-15 07:44:46,270 [IPC Server handler 0 on default port 42971] INFO  server.SCMDatanodeHeartbeatDispatcher (SCMDatanodeHeartbeatDispatcher.java:dispatch(103)) - SCM received heartbeat from an unregistered datanode 0e59cd28-e34a-4544-a63c-9bf8db58f2a0{ip: 10.1.1.113, host: fv-az204-107.tdy0fjcc0bpubcu1xr20co1pbf.dx.internal.cloudapp.net, ports: [REPLICATION=42631, RATIS=44973, RATIS_ADMIN=44973, RATIS_SERVER=44973, STANDALONE=37829], networkLocation: /default-rack, certSerialId: null, persistedOpState: null, persistedOpStateExpiryEpochSec: 0}. Asking datanode to re-register.
2022-10-15 07:44:46,270 [IPC Server handler 4 on default port 42971] INFO  server.SCMDatanodeHeartbeatDispatcher (SCMDatanodeHeartbeatDispatcher.java:dispatch(103)) - SCM received heartbeat from an unregistered datanode 859fee52-0ce0-4420-ab82-e0e92b354dcb{ip: 10.1.1.113, host: fv-az204-107.tdy0fjcc0bpubcu1xr20co1pbf.dx.internal.cloudapp.net, ports: [REPLICATION=45939, RATIS=32857, RATIS_ADMIN=32857, RATIS_SERVER=32857, STANDALONE=46271], networkLocation: /default-rack, certSerialId: null, persistedOpState: null, persistedOpStateExpiryEpochSec: 0}. Asking datanode to re-register.
2022-10-15 07:44:46,273 [IPC Server handler 5 on default port 42971] INFO  server.SCMDatanodeHeartbeatDispatcher (SCMDatanodeHeartbeatDispatcher.java:dispatch(103)) - SCM received heartbeat from an unregistered datanode a759a49b-3cd3-49e9-826c-16e7b00ba8b7{ip: 10.1.1.113, host: fv-az204-107.tdy0fjcc0bpubcu1xr20co1pbf.dx.internal.cloudapp.net, ports: [REPLICATION=34531, RATIS=42469, RATIS_ADMIN=42469, RATIS_SERVER=42469, STANDALONE=44149], networkLocation: /default-rack, certSerialId: null, persistedOpState: null, persistedOpStateExpiryEpochSec: 0}. Asking datanode to re-register.
2022-10-15 07:44:46,274 [IPC Server handler 6 on default port 42971] INFO  server.SCMDatanodeHeartbeatDispatcher (SCMDatanodeHeartbeatDispatcher.java:dispatch(103)) - SCM received heartbeat from an unregistered datanode a759a49b-3cd3-49e9-826c-16e7b00ba8b7{ip: 10.1.1.113, host: fv-az204-107.tdy0fjcc0bpubcu1xr20co1pbf.dx.internal.cloudapp.net, ports: [REPLICATION=34531, RATIS=42469, RATIS_ADMIN=42469, RATIS_SERVER=42469, STANDALONE=44149], networkLocation: /default-rack, certSerialId: null, persistedOpState: null, persistedOpStateExpiryEpochSec: 0}. Asking datanode to re-register.
2022-10-15 07:44:46,393 [Under Replicated Processor] INFO  replication.UnderReplicatedProcessor (UnderReplicatedProcessor.java:processAll(92)) - Processed 0 under replicated containers, failed processing 0
2022-10-15 07:44:46,393 [Over Replicated Processor] INFO  replication.OverReplicatedProcessor (OverReplicatedProcessor.java:processAll(90)) - Processed 0 over replicated containers, failed processing 0
2022-10-15 07:44:46,394 [ReplicationMonitor] INFO  replication.ReplicationManager (ReplicationManager.java:processAll(324)) - Replication Monitor Thread took 0 milliseconds for processing 0 containers.
2022-10-15 07:44:46,438 [ReplicationMonitor] INFO  replication.ReplicationManager (ReplicationManager.java:processAll(291)) - Replication Manager is not ready to run until 3000ms after safemode exit
2022-10-15 07:44:46,521 [IPC Server handler 7 on default port 42971] INFO  net.NetworkTopologyImpl (NetworkTopologyImpl.java:add(112)) - Added a new node: /default-rack/2807d27e-eacf-4ef9-9ccd-2d34dc032c62
2022-10-15 07:44:46,521 [IPC Server handler 7 on default port 42971] INFO  node.SCMNodeManager (SCMNodeManager.java:register(397)) - Registered Data node : 2807d27e-eacf-4ef9-9ccd-2d34dc032c62{ip: 10.1.1.113, host: fv-az204-107.tdy0fjcc0bpubcu1xr20co1pbf.dx.internal.cloudapp.net, ports: [REPLICATION=43483, RATIS=39475, RATIS_ADMIN=39475, RATIS_SERVER=39475, STANDALONE=41617], networkLocation: /default-rack, certSerialId: null, persistedOpState: null, persistedOpStateExpiryEpochSec: 0}
2022-10-15 07:44:46,525 [EventQueue-NodeRegistrationContainerReportForDataNodeSafeModeRule] INFO  safemode.SCMSafeModeManager (DataNodeSafeModeRule.java:process(71)) - SCM in safe mode. 1 DataNodes registered, 3 required.
2022-10-15 07:44:46,526 [EventQueue-NodeRegistrationContainerReportForContainerSafeModeRule] INFO  safemode.SCMSafeModeManager (ContainerSafeModeRule.java:process(127)) - SCM in safe mode. 0.0 % containers have at least one reported replica.
2022-10-15 07:44:46,529 [EventQueue-NewNodeForNewNodeHandler] INFO  pipeline.BackgroundPipelineCreator (BackgroundPipelineCreator.java:notifyEventTriggered(276)) - trigger a one-shot run on RatisPipelineUtilsThread.
2022-10-15 07:44:46,530 [EventQueue-PipelineReportForOneReplicaPipelineSafeModeRule] INFO  safemode.SCMSafeModeManager (OneReplicaPipelineSafeModeRule.java:process(120)) - SCM in safe mode. Pipelines with at least one datanode reported count is 0, required at least one datanode reported per pipeline count is 1
2022-10-15 07:44:46,532 [EventQueue-OpenPipelineForHealthyPipelineSafeModeRule] INFO  safemode.SCMSafeModeManager (HealthyPipelineSafeModeRule.java:process(137)) - SCM in safe mode. Healthy pipelines reported count is 0, required healthy pipeline reported count is 1
2022-10-15 07:44:46,599 [ReplicationMonitor] INFO  replication.ReplicationManager (ReplicationManager.java:processAll(291)) - Replication Manager is not ready to run until 3000ms after safemode exit
2022-10-15 07:44:46,704 [EventQueue-OpenPipelineForHealthyPipelineSafeModeRule] INFO  safemode.SCMSafeModeManager (HealthyPipelineSafeModeRule.java:process(137)) - SCM in safe mode. Healthy pipelines reported count is 0, required healthy pipeline reported count is 1
2022-10-15 07:44:46,768 [EventQueue-OpenPipelineForHealthyPipelineSafeModeRule] INFO  safemode.SCMSafeModeManager (HealthyPipelineSafeModeRule.java:process(137)) - SCM in safe mode. Healthy pipelines reported count is 0, required healthy pipeline reported count is 1
2022-10-15 07:44:46,849 [EventQueue-OpenPipelineForHealthyPipelineSafeModeRule] INFO  safemode.SCMSafeModeManager (HealthyPipelineSafeModeRule.java:process(137)) - SCM in safe mode. Healthy pipelines reported count is 0, required healthy pipeline reported count is 1
2022-10-15 07:44:47,014 [Listener at 127.0.0.1/40173] INFO  ozone.MiniOzoneClusterImpl (MiniOzoneClusterImpl.java:lambda$waitForClusterToBeReady$0(216)) - Nodes are ready. Got 7 of 7 DN Heartbeats.
2022-10-15 07:44:47,015 [Listener at 127.0.0.1/40173] INFO  ozone.MiniOzoneClusterImpl (MiniOzoneClusterImpl.java:lambda$waitForClusterToBeReady$0(219)) - Waiting for cluster to exit safe mode
2022-10-15 07:44:47,015 [Listener at 127.0.0.1/40173] INFO  ozone.MiniOzoneClusterImpl (MiniOzoneClusterImpl.java:lambda$waitForClusterToBeReady$0(221)) - SCM became leader
2022-10-15 07:44:47,053 [IPC Server handler 0 on default port 42971] INFO  net.NetworkTopologyImpl (NetworkTopologyImpl.java:add(112)) - Added a new node: /default-rack/87a1f2dd-43fb-444c-bcbf-3c07980bc85d
2022-10-15 07:44:47,053 [IPC Server handler 0 on default port 42971] INFO  node.SCMNodeManager (SCMNodeManager.java:register(397)) - Registered Data node : 87a1f2dd-43fb-444c-bcbf-3c07980bc85d{ip: 10.1.1.113, host: fv-az204-107.tdy0fjcc0bpubcu1xr20co1pbf.dx.internal.cloudapp.net, ports: [REPLICATION=45983, RATIS=44739, RATIS_ADMIN=44739, RATIS_SERVER=44739, STANDALONE=45899], networkLocation: /default-rack, certSerialId: null, persistedOpState: null, persistedOpStateExpiryEpochSec: 0}
2022-10-15 07:44:47,053 [EventQueue-NewNodeForNewNodeHandler] INFO  pipeline.BackgroundPipelineCreator (BackgroundPipelineCreator.java:notifyEventTriggered(276)) - trigger a one-shot run on RatisPipelineUtilsThread.
2022-10-15 07:44:47,054 [EventQueue-NodeRegistrationContainerReportForContainerSafeModeRule] INFO  safemode.SCMSafeModeManager (ContainerSafeModeRule.java:process(127)) - SCM in safe mode. 0.0 % containers have at least one reported replica.
2022-10-15 07:44:47,054 [EventQueue-NodeRegistrationContainerReportForDataNodeSafeModeRule] INFO  safemode.SCMSafeModeManager (DataNodeSafeModeRule.java:process(71)) - SCM in safe mode. 2 DataNodes registered, 3 required.
2022-10-15 07:44:47,054 [EventQueue-PipelineReportForOneReplicaPipelineSafeModeRule] INFO  safemode.SCMSafeModeManager (OneReplicaPipelineSafeModeRule.java:process(120)) - SCM in safe mode. Pipelines with at least one datanode reported count is 1, required at least one datanode reported per pipeline count is 1
2022-10-15 07:44:47,054 [EventQueue-PipelineReportForOneReplicaPipelineSafeModeRule] INFO  safemode.SCMSafeModeManager (SCMSafeModeManager.java:validateSafeModeExitRules(204)) - AtleastOneDatanodeReportedRule rule is successfully validated
2022-10-15 07:44:47,058 [EventQueue-OpenPipelineForHealthyPipelineSafeModeRule] INFO  safemode.SCMSafeModeManager (HealthyPipelineSafeModeRule.java:process(137)) - SCM in safe mode. Healthy pipelines reported count is 0, required healthy pipeline reported count is 1
2022-10-15 07:44:47,065 [IPC Server handler 4 on default port 42971] INFO  net.NetworkTopologyImpl (NetworkTopologyImpl.java:add(112)) - Added a new node: /default-rack/0e59cd28-e34a-4544-a63c-9bf8db58f2a0
2022-10-15 07:44:47,065 [IPC Server handler 4 on default port 42971] INFO  node.SCMNodeManager (SCMNodeManager.java:register(397)) - Registered Data node : 0e59cd28-e34a-4544-a63c-9bf8db58f2a0{ip: 10.1.1.113, host: fv-az204-107.tdy0fjcc0bpubcu1xr20co1pbf.dx.internal.cloudapp.net, ports: [REPLICATION=42631, RATIS=44973, RATIS_ADMIN=44973, RATIS_SERVER=44973, STANDALONE=37829], networkLocation: /default-rack, certSerialId: null, persistedOpState: null, persistedOpStateExpiryEpochSec: 0}
2022-10-15 07:44:47,065 [EventQueue-NewNodeForNewNodeHandler] INFO  pipeline.BackgroundPipelineCreator (BackgroundPipelineCreator.java:notifyEventTriggered(276)) - trigger a one-shot run on RatisPipelineUtilsThread.
2022-10-15 07:44:47,066 [EventQueue-NodeRegistrationContainerReportForDataNodeSafeModeRule] INFO  safemode.SCMSafeModeManager (DataNodeSafeModeRule.java:process(71)) - SCM in safe mode. 3 DataNodes registered, 3 required.
2022-10-15 07:44:47,068 [EventQueue-NodeRegistrationContainerReportForContainerSafeModeRule] INFO  safemode.SCMSafeModeManager (ContainerSafeModeRule.java:process(127)) - SCM in safe mode. 0.0 % containers have at least one reported replica.
2022-10-15 07:44:47,068 [EventQueue-OpenPipelineForHealthyPipelineSafeModeRule] INFO  safemode.SCMSafeModeManager (HealthyPipelineSafeModeRule.java:process(137)) - SCM in safe mode. Healthy pipelines reported count is 0, required healthy pipeline reported count is 1
2022-10-15 07:44:47,074 [EventQueue-NodeRegistrationContainerReportForDataNodeSafeModeRule] INFO  safemode.SCMSafeModeManager (SCMSafeModeManager.java:validateSafeModeExitRules(204)) - DataNodeSafeModeRule rule is successfully validated
2022-10-15 07:44:47,074 [EventQueue-NodeRegistrationContainerReportForDataNodeSafeModeRule] INFO  safemode.SCMSafeModeManager (SCMSafeModeManager.java:completePreCheck(233)) - All SCM safe mode pre check rules have passed
2022-10-15 07:44:47,074 [EventQueue-NodeRegistrationContainerReportForDataNodeSafeModeRule] WARN  events.EventQueue (EventQueue.java:fireEvent(216)) - No event handler registered for event TypedEvent{payloadType=SafeModeStatus, name='Safe mode status'}
2022-10-15 07:44:47,074 [EventQueue-NodeRegistrationContainerReportForDataNodeSafeModeRule] INFO  ha.SCMContext (SCMContext.java:updateSafeModeStatus(228)) - Update SafeModeStatus from SafeModeStatus{safeModeStatus=true, preCheckPassed=false} to SafeModeStatus{safeModeStatus=true, preCheckPassed=true}.
2022-10-15 07:44:47,074 [EventQueue-NodeRegistrationContainerReportForDataNodeSafeModeRule] INFO  pipeline.BackgroundPipelineCreator (BackgroundPipelineCreator.java:notifyEventTriggered(276)) - trigger a one-shot run on RatisPipelineUtilsThread.
2022-10-15 07:44:47,078 [IPC Server handler 5 on default port 42971] INFO  net.NetworkTopologyImpl (NetworkTopologyImpl.java:add(112)) - Added a new node: /default-rack/859fee52-0ce0-4420-ab82-e0e92b354dcb
2022-10-15 07:44:47,078 [IPC Server handler 5 on default port 42971] INFO  node.SCMNodeManager (SCMNodeManager.java:register(397)) - Registered Data node : 859fee52-0ce0-4420-ab82-e0e92b354dcb{ip: 10.1.1.113, host: fv-az204-107.tdy0fjcc0bpubcu1xr20co1pbf.dx.internal.cloudapp.net, ports: [REPLICATION=45939, RATIS=32857, RATIS_ADMIN=32857, RATIS_SERVER=32857, STANDALONE=46271], networkLocation: /default-rack, certSerialId: null, persistedOpState: null, persistedOpStateExpiryEpochSec: 0}
2022-10-15 07:44:47,079 [EventQueue-NodeRegistrationContainerReportForContainerSafeModeRule] INFO  safemode.SCMSafeModeManager (ContainerSafeModeRule.java:process(127)) - SCM in safe mode. 0.0 % containers have at least one reported replica.
2022-10-15 07:44:47,079 [EventQueue-NewNodeForNewNodeHandler] INFO  pipeline.BackgroundPipelineCreator (BackgroundPipelineCreator.java:notifyEventTriggered(276)) - trigger a one-shot run on RatisPipelineUtilsThread.
2022-10-15 07:44:47,079 [EventQueue-OpenPipelineForHealthyPipelineSafeModeRule] INFO  safemode.SCMSafeModeManager (HealthyPipelineSafeModeRule.java:process(137)) - SCM in safe mode. Healthy pipelines reported count is 1, required healthy pipeline reported count is 1
2022-10-15 07:44:47,079 [EventQueue-OpenPipelineForHealthyPipelineSafeModeRule] INFO  safemode.SCMSafeModeManager (SCMSafeModeManager.java:validateSafeModeExitRules(204)) - HealthyPipelineSafeModeRule rule is successfully validated
2022-10-15 07:44:47,246 [IPC Server handler 6 on default port 42971] INFO  net.NetworkTopologyImpl (NetworkTopologyImpl.java:add(112)) - Added a new node: /default-rack/35429393-00b4-4ffa-a437-723b6b48652e
2022-10-15 07:44:47,247 [IPC Server handler 6 on default port 42971] INFO  node.SCMNodeManager (SCMNodeManager.java:register(397)) - Registered Data node : 35429393-00b4-4ffa-a437-723b6b48652e{ip: 10.1.1.113, host: fv-az204-107.tdy0fjcc0bpubcu1xr20co1pbf.dx.internal.cloudapp.net, ports: [REPLICATION=33503, RATIS=40931, RATIS_ADMIN=40931, RATIS_SERVER=40931, STANDALONE=34035], networkLocation: /default-rack, certSerialId: null, persistedOpState: null, persistedOpStateExpiryEpochSec: 0}
2022-10-15 07:44:47,250 [EventQueue-NewNodeForNewNodeHandler] INFO  pipeline.BackgroundPipelineCreator (BackgroundPipelineCreator.java:notifyEventTriggered(276)) - trigger a one-shot run on RatisPipelineUtilsThread.
2022-10-15 07:44:47,250 [EventQueue-NodeRegistrationContainerReportForContainerSafeModeRule] INFO  safemode.SCMSafeModeManager (ContainerSafeModeRule.java:process(127)) - SCM in safe mode. 100.0 % containers have at least one reported replica.
2022-10-15 07:44:47,250 [EventQueue-NodeRegistrationContainerReportForContainerSafeModeRule] INFO  safemode.SCMSafeModeManager (SCMSafeModeManager.java:validateSafeModeExitRules(204)) - ContainerSafeModeRule rule is successfully validated
2022-10-15 07:44:47,250 [EventQueue-NodeRegistrationContainerReportForContainerSafeModeRule] INFO  safemode.SCMSafeModeManager (SCMSafeModeManager.java:validateSafeModeExitRules(219)) - ScmSafeModeManager, all rules are successfully validated
2022-10-15 07:44:47,250 [EventQueue-NodeRegistrationContainerReportForContainerSafeModeRule] INFO  safemode.SCMSafeModeManager (SCMSafeModeManager.java:exitSafeMode(248)) - SCM exiting safe mode.
2022-10-15 07:44:47,250 [EventQueue-NodeRegistrationContainerReportForContainerSafeModeRule] WARN  events.EventQueue (EventQueue.java:fireEvent(216)) - No event handler registered for event TypedEvent{payloadType=SafeModeStatus, name='Safe mode status'}
2022-10-15 07:44:47,250 [EventQueue-NodeRegistrationContainerReportForContainerSafeModeRule] INFO  ha.SCMContext (SCMContext.java:updateSafeModeStatus(228)) - Update SafeModeStatus from SafeModeStatus{safeModeStatus=true, preCheckPassed=true} to SafeModeStatus{safeModeStatus=false, preCheckPassed=true}.
2022-10-15 07:44:47,250 [EventQueue-NodeRegistrationContainerReportForContainerSafeModeRule] INFO  pipeline.BackgroundPipelineCreator (BackgroundPipelineCreator.java:notifyStatusChanged(254)) - Service BackgroundPipelineCreator transitions to RUNNING.
2022-10-15 07:44:47,250 [EventQueue-NodeRegistrationContainerReportForContainerSafeModeRule] INFO  BackgroundPipelineScrubber (BackgroundSCMService.java:notifyStatusChanged(82)) - Service BackgroundPipelineScrubber transitions to RUNNING.
2022-10-15 07:44:47,250 [EventQueue-NodeRegistrationContainerReportForContainerSafeModeRule] INFO  ExpiredContainerReplicaOpScrubber (BackgroundSCMService.java:notifyStatusChanged(82)) - Service ExpiredContainerReplicaOpScrubber transitions to RUNNING.
2022-10-15 07:44:47,250 [EventQueue-NodeRegistrationContainerReportForContainerSafeModeRule] INFO  replication.ReplicationManager (ReplicationManager.java:notifyStatusChanged(728)) - Service ReplicationManager transitions to RUNNING.
2022-10-15 07:44:47,250 [EventQueue-NodeRegistrationContainerReportForContainerSafeModeRule] WARN  balancer.ContainerBalancer (ContainerBalancer.java:shouldRun(936)) - Could not find persisted configuration for ContainerBalancer when checking if ContainerBalancer should run. ContainerBalancer should not run now.
2022-10-15 07:44:47,256 [IPC Server handler 7 on default port 42971] INFO  net.NetworkTopologyImpl (NetworkTopologyImpl.java:add(112)) - Added a new node: /default-rack/a759a49b-3cd3-49e9-826c-16e7b00ba8b7
2022-10-15 07:44:47,256 [IPC Server handler 7 on default port 42971] INFO  node.SCMNodeManager (SCMNodeManager.java:register(397)) - Registered Data node : a759a49b-3cd3-49e9-826c-16e7b00ba8b7{ip: 10.1.1.113, host: fv-az204-107.tdy0fjcc0bpubcu1xr20co1pbf.dx.internal.cloudapp.net, ports: [REPLICATION=34531, RATIS=42469, RATIS_ADMIN=42469, RATIS_SERVER=42469, STANDALONE=44149], networkLocation: /default-rack, certSerialId: null, persistedOpState: null, persistedOpStateExpiryEpochSec: 0}
2022-10-15 07:44:47,256 [EventQueue-NewNodeForNewNodeHandler] INFO  pipeline.BackgroundPipelineCreator (BackgroundPipelineCreator.java:notifyEventTriggered(276)) - trigger a one-shot run on RatisPipelineUtilsThread.
2022-10-15 07:44:47,296 [EventQueue-OpenPipelineForHealthyPipelineSafeModeRule] INFO  safemode.SCMSafeModeManager (HealthyPipelineSafeModeRule.java:process(137)) - SCM in safe mode. Healthy pipelines reported count is 0, required healthy pipeline reported count is 1
2022-10-15 07:44:47,394 [Under Replicated Processor] INFO  replication.UnderReplicatedProcessor (UnderReplicatedProcessor.java:processAll(92)) - Processed 0 under replicated containers, failed processing 0
2022-10-15 07:44:47,394 [Over Replicated Processor] INFO  replication.OverReplicatedProcessor (OverReplicatedProcessor.java:processAll(90)) - Processed 0 over replicated containers, failed processing 0
2022-10-15 07:44:47,394 [ReplicationMonitor] INFO  replication.ReplicationManager (ReplicationManager.java:processAll(324)) - Replication Monitor Thread took 1 milliseconds for processing 0 containers.
2022-10-15 07:44:47,437 [EventQueue-OpenPipelineForHealthyPipelineSafeModeRule] INFO  safemode.SCMSafeModeManager (HealthyPipelineSafeModeRule.java:process(137)) - SCM in safe mode. Healthy pipelines reported count is 0, required healthy pipeline reported count is 1
2022-10-15 07:44:47,438 [ReplicationMonitor] INFO  replication.ReplicationManager (ReplicationManager.java:processAll(291)) - Replication Manager is not ready to run until 3000ms after safemode exit
2022-10-15 07:44:47,599 [ReplicationMonitor] INFO  replication.ReplicationManager (ReplicationManager.java:processAll(291)) - Replication Manager is not ready to run until 3000ms after safemode exit
2022-10-15 07:44:47,704 [EventQueue-OpenPipelineForHealthyPipelineSafeModeRule] INFO  safemode.SCMSafeModeManager (HealthyPipelineSafeModeRule.java:process(137)) - SCM in safe mode. Healthy pipelines reported count is 0, required healthy pipeline reported count is 1
2022-10-15 07:44:47,840 [35429393-00b4-4ffa-a437-723b6b48652e@group-8C1DE3C4B685-FollowerState] INFO  impl.FollowerState (FollowerState.java:run(143)) - 35429393-00b4-4ffa-a437-723b6b48652e@group-8C1DE3C4B685-FollowerState: change to CANDIDATE, lastRpcElapsedTime:5003878892ns, electionTimeout:5003ms
2022-10-15 07:44:47,841 [35429393-00b4-4ffa-a437-723b6b48652e@group-8C1DE3C4B685-FollowerState] INFO  impl.RoleInfo (RoleInfo.java:shutdownFollowerState(110)) - 35429393-00b4-4ffa-a437-723b6b48652e: shutdown 35429393-00b4-4ffa-a437-723b6b48652e@group-8C1DE3C4B685-FollowerState
2022-10-15 07:44:47,841 [35429393-00b4-4ffa-a437-723b6b48652e@group-8C1DE3C4B685-FollowerState] INFO  server.RaftServer$Division (RaftServerImpl.java:setRole(299)) - 35429393-00b4-4ffa-a437-723b6b48652e@group-8C1DE3C4B685: changes role from  FOLLOWER to CANDIDATE at term 2 for changeToCandidate
2022-10-15 07:44:47,841 [35429393-00b4-4ffa-a437-723b6b48652e@group-8C1DE3C4B685-FollowerState] INFO  server.RaftServerConfigKeys (ConfUtils.java:logGet(46)) - raft.server.leaderelection.pre-vote = false (custom)
2022-10-15 07:44:47,841 [35429393-00b4-4ffa-a437-723b6b48652e@group-8C1DE3C4B685-FollowerState] INFO  impl.RoleInfo (RoleInfo.java:updateAndGet(139)) - 35429393-00b4-4ffa-a437-723b6b48652e: start 35429393-00b4-4ffa-a437-723b6b48652e@group-8C1DE3C4B685-LeaderElection127
2022-10-15 07:44:47,844 [35429393-00b4-4ffa-a437-723b6b48652e@group-8C1DE3C4B685-LeaderElection127] INFO  impl.LeaderElection (LeaderElection.java:askForVotes(310)) - 35429393-00b4-4ffa-a437-723b6b48652e@group-8C1DE3C4B685-LeaderElection127 ELECTION round 0: submit vote requests at term 3 for -1: [35429393-00b4-4ffa-a437-723b6b48652e|rpc:10.1.1.113:40931|dataStream:|priority:1, 2807d27e-eacf-4ef9-9ccd-2d34dc032c62|rpc:10.1.1.113:39475|dataStream:|priority:0, a759a49b-3cd3-49e9-826c-16e7b00ba8b7|rpc:10.1.1.113:42469|dataStream:|priority:0], old=null
2022-10-15 07:44:47,847 [grpc-default-executor-7] INFO  server.RaftServer$Division (RaftServerImpl.java:requestVote(1152)) - a759a49b-3cd3-49e9-826c-16e7b00ba8b7@group-8C1DE3C4B685: receive requestVote(ELECTION, 35429393-00b4-4ffa-a437-723b6b48652e, group-8C1DE3C4B685, 3, (t:0, i:0))
2022-10-15 07:44:47,847 [grpc-default-executor-7] INFO  impl.VoteContext (VoteContext.java:log(48)) - a759a49b-3cd3-49e9-826c-16e7b00ba8b7@group-8C1DE3C4B685-FOLLOWER: accept ELECTION from 35429393-00b4-4ffa-a437-723b6b48652e: our priority 0 <= candidate's priority 1
2022-10-15 07:44:47,847 [grpc-default-executor-7] INFO  server.RaftServer$Division (RaftServerImpl.java:setRole(299)) - a759a49b-3cd3-49e9-826c-16e7b00ba8b7@group-8C1DE3C4B685: changes role from  FOLLOWER to FOLLOWER at term 3 for candidate:35429393-00b4-4ffa-a437-723b6b48652e
2022-10-15 07:44:47,847 [grpc-default-executor-7] INFO  impl.RoleInfo (RoleInfo.java:shutdownFollowerState(110)) - a759a49b-3cd3-49e9-826c-16e7b00ba8b7: shutdown a759a49b-3cd3-49e9-826c-16e7b00ba8b7@group-8C1DE3C4B685-FollowerState
2022-10-15 07:44:47,847 [grpc-default-executor-7] INFO  impl.RoleInfo (RoleInfo.java:updateAndGet(139)) - a759a49b-3cd3-49e9-826c-16e7b00ba8b7: start a759a49b-3cd3-49e9-826c-16e7b00ba8b7@group-8C1DE3C4B685-FollowerState
2022-10-15 07:44:47,847 [a759a49b-3cd3-49e9-826c-16e7b00ba8b7@group-8C1DE3C4B685-FollowerState] INFO  impl.FollowerState (FollowerState.java:run(152)) - a759a49b-3cd3-49e9-826c-16e7b00ba8b7@group-8C1DE3C4B685-FollowerState was interrupted
2022-10-15 07:44:47,851 [EventQueue-OpenPipelineForHealthyPipelineSafeModeRule] INFO  safemode.SCMSafeModeManager (HealthyPipelineSafeModeRule.java:process(137)) - SCM in safe mode. Healthy pipelines reported count is 0, required healthy pipeline reported count is 1
2022-10-15 07:44:47,852 [grpc-default-executor-7] INFO  server.RaftServer$Division (RaftServerImpl.java:requestVote(1184)) - a759a49b-3cd3-49e9-826c-16e7b00ba8b7@group-8C1DE3C4B685 replies to ELECTION vote request: 35429393-00b4-4ffa-a437-723b6b48652e<-a759a49b-3cd3-49e9-826c-16e7b00ba8b7#0:OK-t3. Peer's state: a759a49b-3cd3-49e9-826c-16e7b00ba8b7@group-8C1DE3C4B685:t3, leader=null, voted=35429393-00b4-4ffa-a437-723b6b48652e, raftlog=a759a49b-3cd3-49e9-826c-16e7b00ba8b7@group-8C1DE3C4B685-SegmentedRaftLog:OPENED:c-1, conf=-1: [35429393-00b4-4ffa-a437-723b6b48652e|rpc:10.1.1.113:40931|dataStream:|priority:1, 2807d27e-eacf-4ef9-9ccd-2d34dc032c62|rpc:10.1.1.113:39475|dataStream:|priority:0, a759a49b-3cd3-49e9-826c-16e7b00ba8b7|rpc:10.1.1.113:42469|dataStream:|priority:0], old=null
2022-10-15 07:44:47,853 [grpc-default-executor-3] INFO  server.RaftServer$Division (RaftServerImpl.java:requestVote(1152)) - 2807d27e-eacf-4ef9-9ccd-2d34dc032c62@group-8C1DE3C4B685: receive requestVote(ELECTION, 35429393-00b4-4ffa-a437-723b6b48652e, group-8C1DE3C4B685, 3, (t:0, i:0))
2022-10-15 07:44:47,853 [grpc-default-executor-3] INFO  impl.VoteContext (VoteContext.java:log(48)) - 2807d27e-eacf-4ef9-9ccd-2d34dc032c62@group-8C1DE3C4B685-FOLLOWER: accept ELECTION from 35429393-00b4-4ffa-a437-723b6b48652e: our priority 0 <= candidate's priority 1
2022-10-15 07:44:47,853 [grpc-default-executor-3] INFO  server.RaftServer$Division (RaftServerImpl.java:setRole(299)) - 2807d27e-eacf-4ef9-9ccd-2d34dc032c62@group-8C1DE3C4B685: changes role from  FOLLOWER to FOLLOWER at term 3 for candidate:35429393-00b4-4ffa-a437-723b6b48652e
2022-10-15 07:44:47,853 [grpc-default-executor-3] INFO  impl.RoleInfo (RoleInfo.java:shutdownFollowerState(110)) - 2807d27e-eacf-4ef9-9ccd-2d34dc032c62: shutdown 2807d27e-eacf-4ef9-9ccd-2d34dc032c62@group-8C1DE3C4B685-FollowerState
2022-10-15 07:44:47,853 [grpc-default-executor-3] INFO  impl.RoleInfo (RoleInfo.java:updateAndGet(139)) - 2807d27e-eacf-4ef9-9ccd-2d34dc032c62: start 2807d27e-eacf-4ef9-9ccd-2d34dc032c62@group-8C1DE3C4B685-FollowerState
2022-10-15 07:44:47,855 [2807d27e-eacf-4ef9-9ccd-2d34dc032c62@group-8C1DE3C4B685-FollowerState] INFO  impl.FollowerState (FollowerState.java:run(152)) - 2807d27e-eacf-4ef9-9ccd-2d34dc032c62@group-8C1DE3C4B685-FollowerState was interrupted
2022-10-15 07:44:47,856 [35429393-00b4-4ffa-a437-723b6b48652e@group-8C1DE3C4B685-LeaderElection127] INFO  impl.LeaderElection (LeaderElection.java:logAndReturn(90)) - 35429393-00b4-4ffa-a437-723b6b48652e@group-8C1DE3C4B685-LeaderElection127: ELECTION PASSED received 1 response(s) and 0 exception(s):
2022-10-15 07:44:47,857 [35429393-00b4-4ffa-a437-723b6b48652e@group-8C1DE3C4B685-LeaderElection127] INFO  impl.LeaderElection (LeaderElection.java:logAndReturn(94)) -   Response 0: 35429393-00b4-4ffa-a437-723b6b48652e<-a759a49b-3cd3-49e9-826c-16e7b00ba8b7#0:OK-t3
2022-10-15 07:44:47,857 [35429393-00b4-4ffa-a437-723b6b48652e@group-8C1DE3C4B685-LeaderElection127] INFO  impl.LeaderElection (LeaderElection.java:askForVotes(312)) - 35429393-00b4-4ffa-a437-723b6b48652e@group-8C1DE3C4B685-LeaderElection127 ELECTION round 0: result PASSED
2022-10-15 07:44:47,857 [35429393-00b4-4ffa-a437-723b6b48652e@group-8C1DE3C4B685-LeaderElection127] INFO  impl.RoleInfo (RoleInfo.java:shutdownLeaderElection(130)) - 35429393-00b4-4ffa-a437-723b6b48652e: shutdown 35429393-00b4-4ffa-a437-723b6b48652e@group-8C1DE3C4B685-LeaderElection127
2022-10-15 07:44:47,857 [35429393-00b4-4ffa-a437-723b6b48652e@group-8C1DE3C4B685-LeaderElection127] INFO  server.RaftServer$Division (RaftServerImpl.java:setRole(299)) - 35429393-00b4-4ffa-a437-723b6b48652e@group-8C1DE3C4B685: changes role from CANDIDATE to LEADER at term 3 for changeToLeader
2022-10-15 07:44:47,857 [35429393-00b4-4ffa-a437-723b6b48652e@group-8C1DE3C4B685-LeaderElection127] INFO  ratis.XceiverServerRatis (XceiverServerRatis.java:handleLeaderChangedNotification(863)) - Leader change notification received for group: group-8C1DE3C4B685 with new leaderId: 35429393-00b4-4ffa-a437-723b6b48652e
2022-10-15 07:44:47,857 [35429393-00b4-4ffa-a437-723b6b48652e@group-8C1DE3C4B685-LeaderElection127] INFO  server.RaftServer$Division (ServerState.java:setLeader(287)) - 35429393-00b4-4ffa-a437-723b6b48652e@group-8C1DE3C4B685: change Leader from null to 35429393-00b4-4ffa-a437-723b6b48652e at term 3 for becomeLeader, leader elected after 15286ms
2022-10-15 07:44:47,857 [35429393-00b4-4ffa-a437-723b6b48652e@group-8C1DE3C4B685-LeaderElection127] INFO  server.RaftServerConfigKeys (ConfUtils.java:logGet(46)) - raft.server.staging.catchup.gap = 1000 (default)
2022-10-15 07:44:47,857 [35429393-00b4-4ffa-a437-723b6b48652e@group-8C1DE3C4B685-LeaderElection127] INFO  server.RaftServerConfigKeys (ConfUtils.java:logGet(46)) - raft.server.write.element-limit = 1024 (custom)
2022-10-15 07:44:47,857 [35429393-00b4-4ffa-a437-723b6b48652e@group-8C1DE3C4B685-LeaderElection127] INFO  server.RaftServerConfigKeys (ConfUtils.java:logGet(46)) - raft.server.write.byte-limit = 1024 M (=1073741824) (custom)
2022-10-15 07:44:47,858 [grpc-default-executor-3] INFO  server.RaftServer$Division (RaftServerImpl.java:requestVote(1184)) - 2807d27e-eacf-4ef9-9ccd-2d34dc032c62@group-8C1DE3C4B685 replies to ELECTION vote request: 35429393-00b4-4ffa-a437-723b6b48652e<-2807d27e-eacf-4ef9-9ccd-2d34dc032c62#0:OK-t3. Peer's state: 2807d27e-eacf-4ef9-9ccd-2d34dc032c62@group-8C1DE3C4B685:t3, leader=null, voted=35429393-00b4-4ffa-a437-723b6b48652e, raftlog=2807d27e-eacf-4ef9-9ccd-2d34dc032c62@group-8C1DE3C4B685-SegmentedRaftLog:OPENED:c-1, conf=-1: [35429393-00b4-4ffa-a437-723b6b48652e|rpc:10.1.1.113:40931|priority:1, 2807d27e-eacf-4ef9-9ccd-2d34dc032c62|rpc:10.1.1.113:39475|priority:0, a759a49b-3cd3-49e9-826c-16e7b00ba8b7|rpc:10.1.1.113:42469|priority:0], old=null
2022-10-15 07:44:47,858 [35429393-00b4-4ffa-a437-723b6b48652e@group-8C1DE3C4B685-LeaderElection127] INFO  server.RaftServerConfigKeys (ConfUtils.java:logGet(46)) - raft.server.watch.timeout = 180s (custom)
2022-10-15 07:44:47,858 [35429393-00b4-4ffa-a437-723b6b48652e@group-8C1DE3C4B685-LeaderElection127] INFO  server.RaftServerConfigKeys (ConfUtils.java:logGet(46)) - raft.server.watch.timeout.denomination = 1s (default)
2022-10-15 07:44:47,858 [35429393-00b4-4ffa-a437-723b6b48652e@group-8C1DE3C4B685-LeaderElection127] INFO  server.RaftServerConfigKeys (ConfUtils.java:logGet(46)) - raft.server.watch.element-limit = 65536 (default)
2022-10-15 07:44:47,858 [35429393-00b4-4ffa-a437-723b6b48652e@group-8C1DE3C4B685-LeaderElection127] INFO  server.RaftServerConfigKeys (ConfUtils.java:logGet(46)) - raft.server.write.element-limit = 1024 (custom)
2022-10-15 07:44:47,858 [35429393-00b4-4ffa-a437-723b6b48652e@group-8C1DE3C4B685-LeaderElection127] INFO  server.RaftServerConfigKeys (ConfUtils.java:logGet(46)) - raft.server.write.follower.gap.ratio.max = -1.0 (default)
2022-10-15 07:44:47,861 [35429393-00b4-4ffa-a437-723b6b48652e@group-8C1DE3C4B685-LeaderElection127] INFO  server.RaftServerConfigKeys (ConfUtils.java:logGet(46)) - raft.server.log.appender.snapshot.chunk.size.max = 16MB (=16777216) (default)
2022-10-15 07:44:47,861 [35429393-00b4-4ffa-a437-723b6b48652e@group-8C1DE3C4B685-LeaderElection127] INFO  server.RaftServerConfigKeys (ConfUtils.java:logGet(46)) - raft.server.log.appender.buffer.byte-limit = 33554432 (custom)
2022-10-15 07:44:47,861 [35429393-00b4-4ffa-a437-723b6b48652e@group-8C1DE3C4B685-LeaderElection127] INFO  server.RaftServerConfigKeys (ConfUtils.java:logGet(46)) - raft.server.log.appender.buffer.element-limit = 1 (custom)
2022-10-15 07:44:47,861 [35429393-00b4-4ffa-a437-723b6b48652e@group-8C1DE3C4B685-LeaderElection127] INFO  grpc.GrpcConfigKeys (ConfUtils.java:logGet(46)) - raft.grpc.server.leader.outstanding.appends.max = 128 (default)
2022-10-15 07:44:47,861 [35429393-00b4-4ffa-a437-723b6b48652e@group-8C1DE3C4B685-LeaderElection127] INFO  server.RaftServerConfigKeys (ConfUtils.java:logGet(46)) - raft.server.rpc.request.timeout = 60s (custom)
2022-10-15 07:44:47,861 [35429393-00b4-4ffa-a437-723b6b48652e@group-8C1DE3C4B685-LeaderElection127] INFO  server.RaftServerConfigKeys (ConfUtils.java:logGet(46)) - raft.server.log.appender.install.snapshot.enabled = false (custom)
2022-10-15 07:44:47,867 [EventQueue-PipelineReportForPipelineReportHandler] INFO  pipeline.PipelineManagerImpl (PipelineManagerImpl.java:openPipeline(367)) - Pipeline Pipeline[ Id: 985643bb-5e60-4c80-a800-8c1de3c4b685, Nodes: 2807d27e-eacf-4ef9-9ccd-2d34dc032c62{ip: 10.1.1.113, host: fv-az204-107.tdy0fjcc0bpubcu1xr20co1pbf.dx.internal.cloudapp.net, ports: [REPLICATION=43483, RATIS=39475, RATIS_ADMIN=39475, RATIS_SERVER=39475, STANDALONE=41617], networkLocation: /default-rack, certSerialId: null, persistedOpState: IN_SERVICE, persistedOpStateExpiryEpochSec: 0}a759a49b-3cd3-49e9-826c-16e7b00ba8b7{ip: 10.1.1.113, host: fv-az204-107.tdy0fjcc0bpubcu1xr20co1pbf.dx.internal.cloudapp.net, ports: [REPLICATION=34531, RATIS=42469, RATIS_ADMIN=42469, RATIS_SERVER=42469, STANDALONE=44149], networkLocation: /default-rack, certSerialId: null, persistedOpState: IN_SERVICE, persistedOpStateExpiryEpochSec: 0}35429393-00b4-4ffa-a437-723b6b48652e{ip: 10.1.1.113, host: fv-az204-107.tdy0fjcc0bpubcu1xr20co1pbf.dx.internal.cloudapp.net, ports: [REPLICATION=33503, RATIS=40931, RATIS_ADMIN=40931, RATIS_SERVER=40931, STANDALONE=34035], networkLocation: /default-rack, certSerialId: null, persistedOpState: IN_SERVICE, persistedOpStateExpiryEpochSec: 0}, ReplicationConfig: RATIS/THREE, State:ALLOCATED, leaderId:35429393-00b4-4ffa-a437-723b6b48652e, CreationTimestamp2022-10-15T07:44:45.426Z[Etc/UTC]] moved to OPEN state
2022-10-15 07:44:47,869 [35429393-00b4-4ffa-a437-723b6b48652e@group-8C1DE3C4B685-LeaderElection127] INFO  server.RaftServerConfigKeys (ConfUtils.java:logGet(46)) - raft.server.log.appender.snapshot.chunk.size.max = 16MB (=16777216) (default)
2022-10-15 07:44:47,869 [35429393-00b4-4ffa-a437-723b6b48652e@group-8C1DE3C4B685-LeaderElection127] INFO  server.RaftServerConfigKeys (ConfUtils.java:logGet(46)) - raft.server.log.appender.buffer.byte-limit = 33554432 (custom)
2022-10-15 07:44:47,869 [35429393-00b4-4ffa-a437-723b6b48652e@group-8C1DE3C4B685-LeaderElection127] INFO  server.RaftServerConfigKeys (ConfUtils.java:logGet(46)) - raft.server.log.appender.buffer.element-limit = 1 (custom)
2022-10-15 07:44:47,869 [35429393-00b4-4ffa-a437-723b6b48652e@group-8C1DE3C4B685-LeaderElection127] INFO  grpc.GrpcConfigKeys (ConfUtils.java:logGet(46)) - raft.grpc.server.leader.outstanding.appends.max = 128 (default)
2022-10-15 07:44:47,869 [35429393-00b4-4ffa-a437-723b6b48652e@group-8C1DE3C4B685-LeaderElection127] INFO  server.RaftServerConfigKeys (ConfUtils.java:logGet(46)) - raft.server.rpc.request.timeout = 60s (custom)
2022-10-15 07:44:47,869 [35429393-00b4-4ffa-a437-723b6b48652e@group-8C1DE3C4B685-LeaderElection127] INFO  server.RaftServerConfigKeys (ConfUtils.java:logGet(46)) - raft.server.log.appender.install.snapshot.enabled = false (custom)
2022-10-15 07:44:47,870 [35429393-00b4-4ffa-a437-723b6b48652e@group-8C1DE3C4B685-LeaderElection127] INFO  impl.RoleInfo (RoleInfo.java:updateAndGet(139)) - 35429393-00b4-4ffa-a437-723b6b48652e: start 35429393-00b4-4ffa-a437-723b6b48652e@group-8C1DE3C4B685-LeaderStateImpl
2022-10-15 07:44:47,870 [35429393-00b4-4ffa-a437-723b6b48652e@group-8C1DE3C4B685-LeaderElection127] INFO  segmented.SegmentedRaftLogWorker (SegmentedRaftLogWorker.java:startLogSegment(425)) - 35429393-00b4-4ffa-a437-723b6b48652e@group-8C1DE3C4B685-SegmentedRaftLogWorker: Starting segment from index:0
2022-10-15 07:44:47,874 [35429393-00b4-4ffa-a437-723b6b48652e@group-8C1DE3C4B685-SegmentedRaftLogWorker] INFO  segmented.SegmentedRaftLogWorker (SegmentedRaftLogWorker.java:execute(629)) - 35429393-00b4-4ffa-a437-723b6b48652e@group-8C1DE3C4B685-SegmentedRaftLogWorker: created new log segment /home/runner/work/ozone/ozone/hadoop-ozone/integration-test/target/test-dir/MiniOzoneClusterImpl-b71359ac-0e91-4f54-9b03-8f1926dea794/datanode-2/data/ratis/985643bb-5e60-4c80-a800-8c1de3c4b685/current/log_inprogress_0
2022-10-15 07:44:47,882 [2807d27e-eacf-4ef9-9ccd-2d34dc032c62-server-thread1] INFO  ratis.XceiverServerRatis (XceiverServerRatis.java:handleLeaderChangedNotification(863)) - Leader change notification received for group: group-8C1DE3C4B685 with new leaderId: 35429393-00b4-4ffa-a437-723b6b48652e
2022-10-15 07:44:47,882 [2807d27e-eacf-4ef9-9ccd-2d34dc032c62-server-thread1] INFO  server.RaftServer$Division (ServerState.java:setLeader(287)) - 2807d27e-eacf-4ef9-9ccd-2d34dc032c62@group-8C1DE3C4B685: change Leader from null to 35429393-00b4-4ffa-a437-723b6b48652e at term 3 for appendEntries, leader elected after 15364ms
2022-10-15 07:44:47,889 [35429393-00b4-4ffa-a437-723b6b48652e@group-8C1DE3C4B685-LeaderElection127] INFO  server.RaftServer$Division (ServerState.java:setRaftConf(393)) - 35429393-00b4-4ffa-a437-723b6b48652e@group-8C1DE3C4B685: set configuration 0: [35429393-00b4-4ffa-a437-723b6b48652e|rpc:10.1.1.113:40931|dataStream:|priority:1, 2807d27e-eacf-4ef9-9ccd-2d34dc032c62|rpc:10.1.1.113:39475|dataStream:|priority:0, a759a49b-3cd3-49e9-826c-16e7b00ba8b7|rpc:10.1.1.113:42469|dataStream:|priority:0], old=null
2022-10-15 07:44:47,898 [a759a49b-3cd3-49e9-826c-16e7b00ba8b7-server-thread1] INFO  ratis.XceiverServerRatis (XceiverServerRatis.java:handleLeaderChangedNotification(863)) - Leader change notification received for group: group-8C1DE3C4B685 with new leaderId: 35429393-00b4-4ffa-a437-723b6b48652e
2022-10-15 07:44:47,898 [a759a49b-3cd3-49e9-826c-16e7b00ba8b7-server-thread1] INFO  server.RaftServer$Division (ServerState.java:setLeader(287)) - a759a49b-3cd3-49e9-826c-16e7b00ba8b7@group-8C1DE3C4B685: change Leader from null to 35429393-00b4-4ffa-a437-723b6b48652e at term 3 for appendEntries, leader elected after 15352ms
2022-10-15 07:44:47,900 [2807d27e-eacf-4ef9-9ccd-2d34dc032c62-server-thread2] INFO  server.RaftServer$Division (ServerState.java:setRaftConf(393)) - 2807d27e-eacf-4ef9-9ccd-2d34dc032c62@group-8C1DE3C4B685: set configuration 0: [35429393-00b4-4ffa-a437-723b6b48652e|rpc:10.1.1.113:40931|dataStream:|priority:1, 2807d27e-eacf-4ef9-9ccd-2d34dc032c62|rpc:10.1.1.113:39475|dataStream:|priority:0, a759a49b-3cd3-49e9-826c-16e7b00ba8b7|rpc:10.1.1.113:42469|dataStream:|priority:0], old=null
2022-10-15 07:44:47,901 [2807d27e-eacf-4ef9-9ccd-2d34dc032c62-server-thread2] INFO  segmented.SegmentedRaftLogWorker (SegmentedRaftLogWorker.java:startLogSegment(425)) - 2807d27e-eacf-4ef9-9ccd-2d34dc032c62@group-8C1DE3C4B685-SegmentedRaftLogWorker: Starting segment from index:0
2022-10-15 07:44:47,904 [2807d27e-eacf-4ef9-9ccd-2d34dc032c62@group-8C1DE3C4B685-SegmentedRaftLogWorker] INFO  segmented.SegmentedRaftLogWorker (SegmentedRaftLogWorker.java:execute(629)) - 2807d27e-eacf-4ef9-9ccd-2d34dc032c62@group-8C1DE3C4B685-SegmentedRaftLogWorker: created new log segment /home/runner/work/ozone/ozone/hadoop-ozone/integration-test/target/test-dir/MiniOzoneClusterImpl-b71359ac-0e91-4f54-9b03-8f1926dea794/datanode-6/data/ratis/985643bb-5e60-4c80-a800-8c1de3c4b685/current/log_inprogress_0
2022-10-15 07:44:47,909 [a759a49b-3cd3-49e9-826c-16e7b00ba8b7-server-thread1] INFO  server.RaftServer$Division (ServerState.java:setRaftConf(393)) - a759a49b-3cd3-49e9-826c-16e7b00ba8b7@group-8C1DE3C4B685: set configuration 0: [35429393-00b4-4ffa-a437-723b6b48652e|rpc:10.1.1.113:40931|dataStream:|priority:1, 2807d27e-eacf-4ef9-9ccd-2d34dc032c62|rpc:10.1.1.113:39475|dataStream:|priority:0, a759a49b-3cd3-49e9-826c-16e7b00ba8b7|rpc:10.1.1.113:42469|dataStream:|priority:0], old=null
2022-10-15 07:44:47,912 [a759a49b-3cd3-49e9-826c-16e7b00ba8b7-server-thread1] INFO  segmented.SegmentedRaftLogWorker (SegmentedRaftLogWorker.java:startLogSegment(425)) - a759a49b-3cd3-49e9-826c-16e7b00ba8b7@group-8C1DE3C4B685-SegmentedRaftLogWorker: Starting segment from index:0
2022-10-15 07:44:47,914 [a759a49b-3cd3-49e9-826c-16e7b00ba8b7@group-8C1DE3C4B685-SegmentedRaftLogWorker] INFO  segmented.SegmentedRaftLogWorker (SegmentedRaftLogWorker.java:execute(629)) - a759a49b-3cd3-49e9-826c-16e7b00ba8b7@group-8C1DE3C4B685-SegmentedRaftLogWorker: created new log segment /home/runner/work/ozone/ozone/hadoop-ozone/integration-test/target/test-dir/MiniOzoneClusterImpl-b71359ac-0e91-4f54-9b03-8f1926dea794/datanode-1/data/ratis/985643bb-5e60-4c80-a800-8c1de3c4b685/current/log_inprogress_0
2022-10-15 07:44:47,940 [8dac584f-6024-4576-b5a3-2bef0f48735e@group-50B708ACB90C-FollowerState] INFO  impl.FollowerState (FollowerState.java:run(143)) - 8dac584f-6024-4576-b5a3-2bef0f48735e@group-50B708ACB90C-FollowerState: change to CANDIDATE, lastRpcElapsedTime:5020782150ns, electionTimeout:5020ms
2022-10-15 07:44:47,941 [8dac584f-6024-4576-b5a3-2bef0f48735e@group-50B708ACB90C-FollowerState] INFO  impl.RoleInfo (RoleInfo.java:shutdownFollowerState(110)) - 8dac584f-6024-4576-b5a3-2bef0f48735e: shutdown 8dac584f-6024-4576-b5a3-2bef0f48735e@group-50B708ACB90C-FollowerState
2022-10-15 07:44:47,941 [8dac584f-6024-4576-b5a3-2bef0f48735e@group-50B708ACB90C-FollowerState] INFO  server.RaftServer$Division (RaftServerImpl.java:setRole(299)) - 8dac584f-6024-4576-b5a3-2bef0f48735e@group-50B708ACB90C: changes role from  FOLLOWER to CANDIDATE at term 1 for changeToCandidate
2022-10-15 07:44:47,941 [8dac584f-6024-4576-b5a3-2bef0f48735e@group-50B708ACB90C-FollowerState] INFO  server.RaftServerConfigKeys (ConfUtils.java:logGet(46)) - raft.server.leaderelection.pre-vote = false (custom)
2022-10-15 07:44:47,941 [8dac584f-6024-4576-b5a3-2bef0f48735e@group-50B708ACB90C-FollowerState] INFO  impl.RoleInfo (RoleInfo.java:updateAndGet(139)) - 8dac584f-6024-4576-b5a3-2bef0f48735e: start 8dac584f-6024-4576-b5a3-2bef0f48735e@group-50B708ACB90C-LeaderElection128
2022-10-15 07:44:47,943 [8dac584f-6024-4576-b5a3-2bef0f48735e@group-50B708ACB90C-LeaderElection128] INFO  impl.LeaderElection (LeaderElection.java:askForVotes(310)) - 8dac584f-6024-4576-b5a3-2bef0f48735e@group-50B708ACB90C-LeaderElection128 ELECTION round 0: submit vote requests at term 2 for -1: [7fbbdba2-60d2-4bcb-9af9-465dc1fc8d8a|rpc:10.1.1.113:38635|dataStream:|priority:1, abd8e8e1-9e09-4ec0-a897-8fd48f6e99a3|rpc:10.1.1.113:44465|dataStream:|priority:0, 8dac584f-6024-4576-b5a3-2bef0f48735e|rpc:10.1.1.113:35155|dataStream:|priority:0], old=null
2022-10-15 07:44:47,944 [grpc-default-executor-5] INFO  server.RaftServer$Division (RaftServerImpl.java:requestVote(1152)) - abd8e8e1-9e09-4ec0-a897-8fd48f6e99a3@group-50B708ACB90C: receive requestVote(ELECTION, 8dac584f-6024-4576-b5a3-2bef0f48735e, group-50B708ACB90C, 2, (t:0, i:0))
2022-10-15 07:44:47,944 [grpc-default-executor-3] INFO  server.RaftServer$Division (RaftServerImpl.java:requestVote(1152)) - 7fbbdba2-60d2-4bcb-9af9-465dc1fc8d8a@group-50B708ACB90C: receive requestVote(ELECTION, 8dac584f-6024-4576-b5a3-2bef0f48735e, group-50B708ACB90C, 2, (t:0, i:0))
2022-10-15 07:44:47,944 [grpc-default-executor-5] INFO  impl.VoteContext (VoteContext.java:log(48)) - abd8e8e1-9e09-4ec0-a897-8fd48f6e99a3@group-50B708ACB90C-FOLLOWER: accept ELECTION from 8dac584f-6024-4576-b5a3-2bef0f48735e: our priority 0 <= candidate's priority 0
2022-10-15 07:44:47,944 [grpc-default-executor-3] INFO  impl.VoteContext (VoteContext.java:log(48)) - 7fbbdba2-60d2-4bcb-9af9-465dc1fc8d8a@group-50B708ACB90C-FOLLOWER: reject ELECTION from 8dac584f-6024-4576-b5a3-2bef0f48735e: our priority 1 > candidate's priority 0
2022-10-15 07:44:47,944 [grpc-default-executor-5] INFO  server.RaftServer$Division (RaftServerImpl.java:setRole(299)) - abd8e8e1-9e09-4ec0-a897-8fd48f6e99a3@group-50B708ACB90C: changes role from  FOLLOWER to FOLLOWER at term 2 for candidate:8dac584f-6024-4576-b5a3-2bef0f48735e
2022-10-15 07:44:47,945 [grpc-default-executor-5] INFO  impl.RoleInfo (RoleInfo.java:shutdownFollowerState(110)) - abd8e8e1-9e09-4ec0-a897-8fd48f6e99a3: shutdown abd8e8e1-9e09-4ec0-a897-8fd48f6e99a3@group-50B708ACB90C-FollowerState
2022-10-15 07:44:47,944 [grpc-default-executor-3] INFO  server.RaftServer$Division (RaftServerImpl.java:setRole(299)) - 7fbbdba2-60d2-4bcb-9af9-465dc1fc8d8a@group-50B708ACB90C: changes role from  FOLLOWER to FOLLOWER at term 2 for candidate:8dac584f-6024-4576-b5a3-2bef0f48735e
2022-10-15 07:44:47,945 [grpc-default-executor-5] INFO  impl.RoleInfo (RoleInfo.java:updateAndGet(139)) - abd8e8e1-9e09-4ec0-a897-8fd48f6e99a3: start abd8e8e1-9e09-4ec0-a897-8fd48f6e99a3@group-50B708ACB90C-FollowerState
2022-10-15 07:44:47,945 [grpc-default-executor-3] INFO  impl.RoleInfo (RoleInfo.java:shutdownFollowerState(110)) - 7fbbdba2-60d2-4bcb-9af9-465dc1fc8d8a: shutdown 7fbbdba2-60d2-4bcb-9af9-465dc1fc8d8a@group-50B708ACB90C-FollowerState
2022-10-15 07:44:47,945 [abd8e8e1-9e09-4ec0-a897-8fd48f6e99a3@group-50B708ACB90C-FollowerState] INFO  impl.FollowerState (FollowerState.java:run(152)) - abd8e8e1-9e09-4ec0-a897-8fd48f6e99a3@group-50B708ACB90C-FollowerState was interrupted
2022-10-15 07:44:47,945 [grpc-default-executor-3] INFO  impl.RoleInfo (RoleInfo.java:updateAndGet(139)) - 7fbbdba2-60d2-4bcb-9af9-465dc1fc8d8a: start 7fbbdba2-60d2-4bcb-9af9-465dc1fc8d8a@group-50B708ACB90C-FollowerState
2022-10-15 07:44:47,945 [7fbbdba2-60d2-4bcb-9af9-465dc1fc8d8a@group-50B708ACB90C-FollowerState] INFO  impl.FollowerState (FollowerState.java:run(152)) - 7fbbdba2-60d2-4bcb-9af9-465dc1fc8d8a@group-50B708ACB90C-FollowerState was interrupted
2022-10-15 07:44:47,947 [grpc-default-executor-5] INFO  server.RaftServer$Division (RaftServerImpl.java:requestVote(1184)) - abd8e8e1-9e09-4ec0-a897-8fd48f6e99a3@group-50B708ACB90C replies to ELECTION vote request: 8dac584f-6024-4576-b5a3-2bef0f48735e<-abd8e8e1-9e09-4ec0-a897-8fd48f6e99a3#0:OK-t2. Peer's state: abd8e8e1-9e09-4ec0-a897-8fd48f6e99a3@group-50B708ACB90C:t2, leader=null, voted=8dac584f-6024-4576-b5a3-2bef0f48735e, raftlog=abd8e8e1-9e09-4ec0-a897-8fd48f6e99a3@group-50B708ACB90C-SegmentedRaftLog:OPENED:c-1, conf=-1: [7fbbdba2-60d2-4bcb-9af9-465dc1fc8d8a|rpc:10.1.1.113:38635|priority:1, abd8e8e1-9e09-4ec0-a897-8fd48f6e99a3|rpc:10.1.1.113:44465|priority:0, 8dac584f-6024-4576-b5a3-2bef0f48735e|rpc:10.1.1.113:35155|priority:0], old=null
2022-10-15 07:44:47,950 [grpc-default-executor-3] INFO  server.RaftServer$Division (RaftServerImpl.java:requestVote(1184)) - 7fbbdba2-60d2-4bcb-9af9-465dc1fc8d8a@group-50B708ACB90C replies to ELECTION vote request: 8dac584f-6024-4576-b5a3-2bef0f48735e<-7fbbdba2-60d2-4bcb-9af9-465dc1fc8d8a#0:FAIL-t2. Peer's state: 7fbbdba2-60d2-4bcb-9af9-465dc1fc8d8a@group-50B708ACB90C:t2, leader=null, voted=null, raftlog=7fbbdba2-60d2-4bcb-9af9-465dc1fc8d8a@group-50B708ACB90C-SegmentedRaftLog:OPENED:c-1, conf=-1: [7fbbdba2-60d2-4bcb-9af9-465dc1fc8d8a|rpc:10.1.1.113:38635|dataStream:|priority:1, abd8e8e1-9e09-4ec0-a897-8fd48f6e99a3|rpc:10.1.1.113:44465|dataStream:|priority:0, 8dac584f-6024-4576-b5a3-2bef0f48735e|rpc:10.1.1.113:35155|dataStream:|priority:0], old=null
2022-10-15 07:44:47,950 [8dac584f-6024-4576-b5a3-2bef0f48735e@group-50B708ACB90C-LeaderElection128] INFO  impl.LeaderElection (LeaderElection.java:logAndReturn(90)) - 8dac584f-6024-4576-b5a3-2bef0f48735e@group-50B708ACB90C-LeaderElection128: ELECTION REJECTED received 2 response(s) and 0 exception(s):
2022-10-15 07:44:47,950 [8dac584f-6024-4576-b5a3-2bef0f48735e@group-50B708ACB90C-LeaderElection128] INFO  impl.LeaderElection (LeaderElection.java:logAndReturn(94)) -   Response 0: 8dac584f-6024-4576-b5a3-2bef0f48735e<-7fbbdba2-60d2-4bcb-9af9-465dc1fc8d8a#0:FAIL-t2
2022-10-15 07:44:47,950 [8dac584f-6024-4576-b5a3-2bef0f48735e@group-50B708ACB90C-LeaderElection128] INFO  impl.LeaderElection (LeaderElection.java:logAndReturn(94)) -   Response 1: 8dac584f-6024-4576-b5a3-2bef0f48735e<-abd8e8e1-9e09-4ec0-a897-8fd48f6e99a3#0:OK-t2
2022-10-15 07:44:47,950 [8dac584f-6024-4576-b5a3-2bef0f48735e@group-50B708ACB90C-LeaderElection128] INFO  impl.LeaderElection (LeaderElection.java:askForVotes(312)) - 8dac584f-6024-4576-b5a3-2bef0f48735e@group-50B708ACB90C-LeaderElection128 ELECTION round 0: result REJECTED
2022-10-15 07:44:47,950 [8dac584f-6024-4576-b5a3-2bef0f48735e@group-50B708ACB90C-LeaderElection128] INFO  server.RaftServer$Division (RaftServerImpl.java:setRole(299)) - 8dac584f-6024-4576-b5a3-2bef0f48735e@group-50B708ACB90C: changes role from CANDIDATE to FOLLOWER at term 2 for REJECTED
2022-10-15 07:44:47,950 [8dac584f-6024-4576-b5a3-2bef0f48735e@group-50B708ACB90C-LeaderElection128] INFO  impl.RoleInfo (RoleInfo.java:shutdownLeaderElection(130)) - 8dac584f-6024-4576-b5a3-2bef0f48735e: shutdown 8dac584f-6024-4576-b5a3-2bef0f48735e@group-50B708ACB90C-LeaderElection128
2022-10-15 07:44:47,951 [8dac584f-6024-4576-b5a3-2bef0f48735e@group-50B708ACB90C-LeaderElection128] INFO  impl.RoleInfo (RoleInfo.java:updateAndGet(139)) - 8dac584f-6024-4576-b5a3-2bef0f48735e: start 8dac584f-6024-4576-b5a3-2bef0f48735e@group-50B708ACB90C-FollowerState
2022-10-15 07:44:48,015 [Listener at 127.0.0.1/40173] INFO  ozone.MiniOzoneClusterImpl (MiniOzoneClusterImpl.java:lambda$waitForClusterToBeReady$0(216)) - Nodes are ready. Got 7 of 7 DN Heartbeats.
2022-10-15 07:44:48,015 [Listener at 127.0.0.1/40173] INFO  ozone.MiniOzoneClusterImpl (MiniOzoneClusterImpl.java:lambda$waitForClusterToBeReady$0(219)) - Waiting for cluster to exit safe mode
2022-10-15 07:44:48,015 [Listener at 127.0.0.1/40173] INFO  ozone.MiniOzoneClusterImpl (MiniOzoneClusterImpl.java:lambda$waitForClusterToBeReady$0(221)) - SCM became leader
2022-10-15 07:44:48,015 [EventQueue-OpenPipelineForHealthyPipelineSafeModeRule] INFO  safemode.SCMSafeModeManager (HealthyPipelineSafeModeRule.java:process(137)) - SCM in safe mode. Healthy pipelines reported count is 0, required healthy pipeline reported count is 1
2022-10-15 07:44:48,076 [EventQueue-OpenPipelineForHealthyPipelineSafeModeRule] INFO  safemode.SCMSafeModeManager (HealthyPipelineSafeModeRule.java:process(137)) - SCM in safe mode. Healthy pipelines reported count is 0, required healthy pipeline reported count is 1
2022-10-15 07:44:48,394 [Under Replicated Processor] INFO  replication.UnderReplicatedProcessor (UnderReplicatedProcessor.java:processAll(92)) - Processed 0 under replicated containers, failed processing 0
2022-10-15 07:44:48,394 [Over Replicated Processor] INFO  replication.OverReplicatedProcessor (OverReplicatedProcessor.java:processAll(90)) - Processed 0 over replicated containers, failed processing 0
2022-10-15 07:44:48,394 [ReplicationMonitor] INFO  replication.ReplicationManager (ReplicationManager.java:processAll(324)) - Replication Monitor Thread took 0 milliseconds for processing 0 containers.
2022-10-15 07:44:48,436 [EventQueue-OpenPipelineForHealthyPipelineSafeModeRule] INFO  safemode.SCMSafeModeManager (HealthyPipelineSafeModeRule.java:process(137)) - SCM in safe mode. Healthy pipelines reported count is 0, required healthy pipeline reported count is 1
2022-10-15 07:44:48,438 [ReplicationMonitor] INFO  replication.ReplicationManager (ReplicationManager.java:processAll(291)) - Replication Manager is not ready to run until 3000ms after safemode exit
2022-10-15 07:44:48,599 [ReplicationMonitor] INFO  replication.ReplicationManager (ReplicationManager.java:processAll(291)) - Replication Manager is not ready to run until 3000ms after safemode exit
2022-10-15 07:44:48,704 [EventQueue-OpenPipelineForHealthyPipelineSafeModeRule] INFO  safemode.SCMSafeModeManager (HealthyPipelineSafeModeRule.java:process(137)) - SCM in safe mode. Healthy pipelines reported count is 0, required healthy pipeline reported count is 1
2022-10-15 07:44:48,769 [EventQueue-OpenPipelineForHealthyPipelineSafeModeRule] INFO  safemode.SCMSafeModeManager (HealthyPipelineSafeModeRule.java:process(137)) - SCM in safe mode. Healthy pipelines reported count is 0, required healthy pipeline reported count is 1
2022-10-15 07:44:48,849 [EventQueue-OpenPipelineForHealthyPipelineSafeModeRule] INFO  safemode.SCMSafeModeManager (HealthyPipelineSafeModeRule.java:process(137)) - SCM in safe mode. Healthy pipelines reported count is 0, required healthy pipeline reported count is 1
2022-10-15 07:44:49,015 [Listener at 127.0.0.1/40173] INFO  ozone.MiniOzoneClusterImpl (MiniOzoneClusterImpl.java:lambda$waitForClusterToBeReady$0(216)) - Nodes are ready. Got 7 of 7 DN Heartbeats.
2022-10-15 07:44:49,015 [Listener at 127.0.0.1/40173] INFO  ozone.MiniOzoneClusterImpl (MiniOzoneClusterImpl.java:lambda$waitForClusterToBeReady$0(219)) - Waiting for cluster to exit safe mode
2022-10-15 07:44:49,015 [Listener at 127.0.0.1/40173] INFO  ozone.MiniOzoneClusterImpl (MiniOzoneClusterImpl.java:lambda$waitForClusterToBeReady$0(221)) - SCM became leader
2022-10-15 07:44:49,076 [EventQueue-OpenPipelineForHealthyPipelineSafeModeRule] INFO  safemode.SCMSafeModeManager (HealthyPipelineSafeModeRule.java:process(137)) - SCM in safe mode. Healthy pipelines reported count is 0, required healthy pipeline reported count is 1
2022-10-15 07:44:49,092 [7f555f3a-b754-420b-b6ea-bc4a43db69c9@group-C8483D63BD31-FollowerState] INFO  impl.FollowerState (FollowerState.java:run(143)) - 7f555f3a-b754-420b-b6ea-bc4a43db69c9@group-C8483D63BD31-FollowerState: change to CANDIDATE, lastRpcElapsedTime:5034673799ns, electionTimeout:5034ms
2022-10-15 07:44:49,092 [7f555f3a-b754-420b-b6ea-bc4a43db69c9@group-C8483D63BD31-FollowerState] INFO  impl.RoleInfo (RoleInfo.java:shutdownFollowerState(110)) - 7f555f3a-b754-420b-b6ea-bc4a43db69c9: shutdown 7f555f3a-b754-420b-b6ea-bc4a43db69c9@group-C8483D63BD31-FollowerState
2022-10-15 07:44:49,092 [7f555f3a-b754-420b-b6ea-bc4a43db69c9@group-C8483D63BD31-FollowerState] INFO  server.RaftServer$Division (RaftServerImpl.java:setRole(299)) - 7f555f3a-b754-420b-b6ea-bc4a43db69c9@group-C8483D63BD31: changes role from  FOLLOWER to CANDIDATE at term 1 for changeToCandidate
2022-10-15 07:44:49,092 [7f555f3a-b754-420b-b6ea-bc4a43db69c9@group-C8483D63BD31-FollowerState] INFO  server.RaftServerConfigKeys (ConfUtils.java:logGet(46)) - raft.server.leaderelection.pre-vote = false (custom)
2022-10-15 07:44:49,092 [7f555f3a-b754-420b-b6ea-bc4a43db69c9@group-C8483D63BD31-FollowerState] INFO  impl.RoleInfo (RoleInfo.java:updateAndGet(139)) - 7f555f3a-b754-420b-b6ea-bc4a43db69c9: start 7f555f3a-b754-420b-b6ea-bc4a43db69c9@group-C8483D63BD31-LeaderElection129
2022-10-15 07:44:49,095 [7f555f3a-b754-420b-b6ea-bc4a43db69c9@group-C8483D63BD31-LeaderElection129] INFO  impl.LeaderElection (LeaderElection.java:askForVotes(310)) - 7f555f3a-b754-420b-b6ea-bc4a43db69c9@group-C8483D63BD31-LeaderElection129 ELECTION round 0: submit vote requests at term 2 for -1: [ed0c9528-2c8b-4614-9eef-2d120a058ddc|rpc:10.1.1.113:42731|priority:0, 8734203a-70d5-40c1-ad48-a2d447aaef1c|rpc:10.1.1.113:36199|priority:1, 7f555f3a-b754-420b-b6ea-bc4a43db69c9|rpc:10.1.1.113:44353|priority:0], old=null
2022-10-15 07:44:49,096 [grpc-default-executor-5] INFO  server.RaftServer$Division (RaftServerImpl.java:requestVote(1152)) - ed0c9528-2c8b-4614-9eef-2d120a058ddc@group-C8483D63BD31: receive requestVote(ELECTION, 7f555f3a-b754-420b-b6ea-bc4a43db69c9, group-C8483D63BD31, 2, (t:0, i:0))
2022-10-15 07:44:49,096 [grpc-default-executor-3] INFO  server.RaftServer$Division (RaftServerImpl.java:requestVote(1152)) - 8734203a-70d5-40c1-ad48-a2d447aaef1c@group-C8483D63BD31: receive requestVote(ELECTION, 7f555f3a-b754-420b-b6ea-bc4a43db69c9, group-C8483D63BD31, 2, (t:0, i:0))
2022-10-15 07:44:49,096 [grpc-default-executor-5] INFO  impl.VoteContext (VoteContext.java:log(48)) - ed0c9528-2c8b-4614-9eef-2d120a058ddc@group-C8483D63BD31-FOLLOWER: accept ELECTION from 7f555f3a-b754-420b-b6ea-bc4a43db69c9: our priority 0 <= candidate's priority 0
2022-10-15 07:44:49,096 [grpc-default-executor-3] INFO  impl.VoteContext (VoteContext.java:log(48)) - 8734203a-70d5-40c1-ad48-a2d447aaef1c@group-C8483D63BD31-FOLLOWER: reject ELECTION from 7f555f3a-b754-420b-b6ea-bc4a43db69c9: our priority 1 > candidate's priority 0
2022-10-15 07:44:49,096 [grpc-default-executor-5] INFO  server.RaftServer$Division (RaftServerImpl.java:setRole(299)) - ed0c9528-2c8b-4614-9eef-2d120a058ddc@group-C8483D63BD31: changes role from  FOLLOWER to FOLLOWER at term 2 for candidate:7f555f3a-b754-420b-b6ea-bc4a43db69c9
2022-10-15 07:44:49,096 [grpc-default-executor-5] INFO  impl.RoleInfo (RoleInfo.java:shutdownFollowerState(110)) - ed0c9528-2c8b-4614-9eef-2d120a058ddc: shutdown ed0c9528-2c8b-4614-9eef-2d120a058ddc@group-C8483D63BD31-FollowerState
2022-10-15 07:44:49,096 [grpc-default-executor-3] INFO  server.RaftServer$Division (RaftServerImpl.java:setRole(299)) - 8734203a-70d5-40c1-ad48-a2d447aaef1c@group-C8483D63BD31: changes role from  FOLLOWER to FOLLOWER at term 2 for candidate:7f555f3a-b754-420b-b6ea-bc4a43db69c9
2022-10-15 07:44:49,097 [grpc-default-executor-3] INFO  impl.RoleInfo (RoleInfo.java:shutdownFollowerState(110)) - 8734203a-70d5-40c1-ad48-a2d447aaef1c: shutdown 8734203a-70d5-40c1-ad48-a2d447aaef1c@group-C8483D63BD31-FollowerState
2022-10-15 07:44:49,097 [grpc-default-executor-5] INFO  impl.RoleInfo (RoleInfo.java:updateAndGet(139)) - ed0c9528-2c8b-4614-9eef-2d120a058ddc: start ed0c9528-2c8b-4614-9eef-2d120a058ddc@group-C8483D63BD31-FollowerState
2022-10-15 07:44:49,097 [grpc-default-executor-3] INFO  impl.RoleInfo (RoleInfo.java:updateAndGet(139)) - 8734203a-70d5-40c1-ad48-a2d447aaef1c: start 8734203a-70d5-40c1-ad48-a2d447aaef1c@group-C8483D63BD31-FollowerState
2022-10-15 07:44:49,097 [8734203a-70d5-40c1-ad48-a2d447aaef1c@group-C8483D63BD31-FollowerState] INFO  impl.FollowerState (FollowerState.java:run(152)) - 8734203a-70d5-40c1-ad48-a2d447aaef1c@group-C8483D63BD31-FollowerState was interrupted
2022-10-15 07:44:49,097 [ed0c9528-2c8b-4614-9eef-2d120a058ddc@group-C8483D63BD31-FollowerState] INFO  impl.FollowerState (FollowerState.java:run(152)) - ed0c9528-2c8b-4614-9eef-2d120a058ddc@group-C8483D63BD31-FollowerState was interrupted
2022-10-15 07:44:49,099 [grpc-default-executor-5] INFO  server.RaftServer$Division (RaftServerImpl.java:requestVote(1184)) - ed0c9528-2c8b-4614-9eef-2d120a058ddc@group-C8483D63BD31 replies to ELECTION vote request: 7f555f3a-b754-420b-b6ea-bc4a43db69c9<-ed0c9528-2c8b-4614-9eef-2d120a058ddc#0:OK-t2. Peer's state: ed0c9528-2c8b-4614-9eef-2d120a058ddc@group-C8483D63BD31:t2, leader=null, voted=7f555f3a-b754-420b-b6ea-bc4a43db69c9, raftlog=ed0c9528-2c8b-4614-9eef-2d120a058ddc@group-C8483D63BD31-SegmentedRaftLog:OPENED:c-1, conf=-1: [ed0c9528-2c8b-4614-9eef-2d120a058ddc|rpc:10.1.1.113:42731|dataStream:|priority:0, 8734203a-70d5-40c1-ad48-a2d447aaef1c|rpc:10.1.1.113:36199|dataStream:|priority:1, 7f555f3a-b754-420b-b6ea-bc4a43db69c9|rpc:10.1.1.113:44353|dataStream:|priority:0], old=null
2022-10-15 07:44:49,099 [grpc-default-executor-3] INFO  server.RaftServer$Division (RaftServerImpl.java:requestVote(1184)) - 8734203a-70d5-40c1-ad48-a2d447aaef1c@group-C8483D63BD31 replies to ELECTION vote request: 7f555f3a-b754-420b-b6ea-bc4a43db69c9<-8734203a-70d5-40c1-ad48-a2d447aaef1c#0:FAIL-t2. Peer's state: 8734203a-70d5-40c1-ad48-a2d447aaef1c@group-C8483D63BD31:t2, leader=null, voted=null, raftlog=8734203a-70d5-40c1-ad48-a2d447aaef1c@group-C8483D63BD31-SegmentedRaftLog:OPENED:c-1, conf=-1: [ed0c9528-2c8b-4614-9eef-2d120a058ddc|rpc:10.1.1.113:42731|dataStream:|priority:0, 8734203a-70d5-40c1-ad48-a2d447aaef1c|rpc:10.1.1.113:36199|dataStream:|priority:1, 7f555f3a-b754-420b-b6ea-bc4a43db69c9|rpc:10.1.1.113:44353|dataStream:|priority:0], old=null
2022-10-15 07:44:49,099 [7f555f3a-b754-420b-b6ea-bc4a43db69c9@group-C8483D63BD31-LeaderElection129] INFO  impl.LeaderElection (LeaderElection.java:logAndReturn(90)) - 7f555f3a-b754-420b-b6ea-bc4a43db69c9@group-C8483D63BD31-LeaderElection129: ELECTION REJECTED received 1 response(s) and 0 exception(s):
2022-10-15 07:44:49,099 [7f555f3a-b754-420b-b6ea-bc4a43db69c9@group-C8483D63BD31-LeaderElection129] INFO  impl.LeaderElection (LeaderElection.java:logAndReturn(94)) -   Response 0: 7f555f3a-b754-420b-b6ea-bc4a43db69c9<-8734203a-70d5-40c1-ad48-a2d447aaef1c#0:FAIL-t2
2022-10-15 07:44:49,099 [7f555f3a-b754-420b-b6ea-bc4a43db69c9@group-C8483D63BD31-LeaderElection129] INFO  impl.LeaderElection (LeaderElection.java:askForVotes(312)) - 7f555f3a-b754-420b-b6ea-bc4a43db69c9@group-C8483D63BD31-LeaderElection129 ELECTION round 0: result REJECTED
2022-10-15 07:44:49,100 [7f555f3a-b754-420b-b6ea-bc4a43db69c9@group-C8483D63BD31-LeaderElection129] INFO  server.RaftServer$Division (RaftServerImpl.java:setRole(299)) - 7f555f3a-b754-420b-b6ea-bc4a43db69c9@group-C8483D63BD31: changes role from CANDIDATE to FOLLOWER at term 2 for REJECTED
2022-10-15 07:44:49,100 [7f555f3a-b754-420b-b6ea-bc4a43db69c9@group-C8483D63BD31-LeaderElection129] INFO  impl.RoleInfo (RoleInfo.java:shutdownLeaderElection(130)) - 7f555f3a-b754-420b-b6ea-bc4a43db69c9: shutdown 7f555f3a-b754-420b-b6ea-bc4a43db69c9@group-C8483D63BD31-LeaderElection129
2022-10-15 07:44:49,100 [7f555f3a-b754-420b-b6ea-bc4a43db69c9@group-C8483D63BD31-LeaderElection129] INFO  impl.RoleInfo (RoleInfo.java:updateAndGet(139)) - 7f555f3a-b754-420b-b6ea-bc4a43db69c9: start 7f555f3a-b754-420b-b6ea-bc4a43db69c9@group-C8483D63BD31-FollowerState
2022-10-15 07:44:49,296 [EventQueue-OpenPipelineForHealthyPipelineSafeModeRule] INFO  safemode.SCMSafeModeManager (HealthyPipelineSafeModeRule.java:process(137)) - SCM in safe mode. Healthy pipelines reported count is 0, required healthy pipeline reported count is 1
2022-10-15 07:44:49,394 [Under Replicated Processor] INFO  replication.UnderReplicatedProcessor (UnderReplicatedProcessor.java:processAll(92)) - Processed 0 under replicated containers, failed processing 0
2022-10-15 07:44:49,394 [Over Replicated Processor] INFO  replication.OverReplicatedProcessor (OverReplicatedProcessor.java:processAll(90)) - Processed 0 over replicated containers, failed processing 0
2022-10-15 07:44:49,395 [ReplicationMonitor] INFO  replication.ReplicationManager (ReplicationManager.java:processAll(324)) - Replication Monitor Thread took 0 milliseconds for processing 0 containers.
2022-10-15 07:44:49,439 [ReplicationMonitor] INFO  replication.ReplicationManager (ReplicationManager.java:processAll(291)) - Replication Manager is not ready to run until 3000ms after safemode exit
2022-10-15 07:44:49,599 [ReplicationMonitor] INFO  replication.ReplicationManager (ReplicationManager.java:processAll(291)) - Replication Manager is not ready to run until 3000ms after safemode exit
2022-10-15 07:44:49,704 [EventQueue-OpenPipelineForHealthyPipelineSafeModeRule] INFO  safemode.SCMSafeModeManager (HealthyPipelineSafeModeRule.java:process(137)) - SCM in safe mode. Healthy pipelines reported count is 0, required healthy pipeline reported count is 1
2022-10-15 07:44:49,769 [EventQueue-OpenPipelineForHealthyPipelineSafeModeRule] INFO  safemode.SCMSafeModeManager (HealthyPipelineSafeModeRule.java:process(137)) - SCM in safe mode. Healthy pipelines reported count is 0, required healthy pipeline reported count is 1
2022-10-15 07:44:50,015 [Listener at 127.0.0.1/40173] INFO  ozone.MiniOzoneClusterImpl (MiniOzoneClusterImpl.java:lambda$waitForClusterToBeReady$0(216)) - Nodes are ready. Got 7 of 7 DN Heartbeats.
2022-10-15 07:44:50,016 [Listener at 127.0.0.1/40173] INFO  ozone.MiniOzoneClusterImpl (MiniOzoneClusterImpl.java:lambda$waitForClusterToBeReady$0(219)) - Waiting for cluster to exit safe mode
2022-10-15 07:44:50,016 [Listener at 127.0.0.1/40173] INFO  ozone.MiniOzoneClusterImpl (MiniOzoneClusterImpl.java:lambda$waitForClusterToBeReady$0(221)) - SCM became leader
2022-10-15 07:44:50,016 [EventQueue-OpenPipelineForHealthyPipelineSafeModeRule] INFO  safemode.SCMSafeModeManager (HealthyPipelineSafeModeRule.java:process(137)) - SCM in safe mode. Healthy pipelines reported count is 0, required healthy pipeline reported count is 1
2022-10-15 07:44:50,076 [EventQueue-OpenPipelineForHealthyPipelineSafeModeRule] INFO  safemode.SCMSafeModeManager (HealthyPipelineSafeModeRule.java:process(137)) - SCM in safe mode. Healthy pipelines reported count is 0, required healthy pipeline reported count is 1
2022-10-15 07:44:50,395 [Under Replicated Processor] INFO  replication.UnderReplicatedProcessor (UnderReplicatedProcessor.java:processAll(92)) - Processed 0 under replicated containers, failed processing 0
2022-10-15 07:44:50,395 [Over Replicated Processor] INFO  replication.OverReplicatedProcessor (OverReplicatedProcessor.java:processAll(90)) - Processed 0 over replicated containers, failed processing 0
2022-10-15 07:44:50,395 [ReplicationMonitor] INFO  replication.ReplicationManager (ReplicationManager.java:processAll(324)) - Replication Monitor Thread took 0 milliseconds for processing 0 containers.
2022-10-15 07:44:50,437 [EventQueue-OpenPipelineForHealthyPipelineSafeModeRule] INFO  safemode.SCMSafeModeManager (HealthyPipelineSafeModeRule.java:process(137)) - SCM in safe mode. Healthy pipelines reported count is 0, required healthy pipeline reported count is 1
2022-10-15 07:44:50,439 [Over Replicated Processor] INFO  replication.OverReplicatedProcessor (OverReplicatedProcessor.java:processAll(90)) - Processed 0 over replicated containers, failed processing 0
2022-10-15 07:44:50,439 [ReplicationMonitor] INFO  replication.LegacyReplicationManager (LegacyReplicationManager.java:handleUnderReplicatedContainer(1195)) - Container #1 is under replicated. Expected replica count is 3, but found 2.
2022-10-15 07:44:50,439 [ReplicationMonitor] INFO  replication.LegacyReplicationManager (LegacyReplicationManager.java:sendReplicateCommand(1559)) - Sending replicate container command for container #1 to datanode 87a1f2dd-43fb-444c-bcbf-3c07980bc85d{ip: 10.1.1.113, host: fv-az204-107.tdy0fjcc0bpubcu1xr20co1pbf.dx.internal.cloudapp.net, ports: [REPLICATION=45983, RATIS=44739, RATIS_ADMIN=44739, RATIS_SERVER=44739, STANDALONE=45899], networkLocation: /default-rack, certSerialId: null, persistedOpState: IN_SERVICE, persistedOpStateExpiryEpochSec: 0} from datanodes [a759a49b-3cd3-49e9-826c-16e7b00ba8b7{ip: 10.1.1.113, host: fv-az204-107.tdy0fjcc0bpubcu1xr20co1pbf.dx.internal.cloudapp.net, ports: [REPLICATION=34531, RATIS=42469, RATIS_ADMIN=42469, RATIS_SERVER=42469, STANDALONE=44149], networkLocation: /default-rack, certSerialId: null, persistedOpState: IN_SERVICE, persistedOpStateExpiryEpochSec: 0}, 35429393-00b4-4ffa-a437-723b6b48652e{ip: 10.1.1.113, host: fv-az204-107.tdy0fjcc0bpubcu1xr20co1pbf.dx.internal.cloudapp.net, ports: [REPLICATION=33503, RATIS=40931, RATIS_ADMIN=40931, RATIS_SERVER=40931, STANDALONE=34035], networkLocation: /default-rack, certSerialId: null, persistedOpState: IN_SERVICE, persistedOpStateExpiryEpochSec: 0}]
2022-10-15 07:44:50,439 [Under Replicated Processor] INFO  replication.UnderReplicatedProcessor (UnderReplicatedProcessor.java:processAll(92)) - Processed 0 under replicated containers, failed processing 0
2022-10-15 07:44:50,439 [ReplicationMonitor] INFO  replication.LegacyReplicationManager (LegacyReplicationManager.java:handleUnderReplicatedContainer(1195)) - Container #2 is under replicated. Expected replica count is 3, but found 2.
2022-10-15 07:44:50,440 [ReplicationMonitor] INFO  replication.LegacyReplicationManager (LegacyReplicationManager.java:sendReplicateCommand(1559)) - Sending replicate container command for container #2 to datanode 859fee52-0ce0-4420-ab82-e0e92b354dcb{ip: 10.1.1.113, host: fv-az204-107.tdy0fjcc0bpubcu1xr20co1pbf.dx.internal.cloudapp.net, ports: [REPLICATION=45939, RATIS=32857, RATIS_ADMIN=32857, RATIS_SERVER=32857, STANDALONE=46271], networkLocation: /default-rack, certSerialId: null, persistedOpState: IN_SERVICE, persistedOpStateExpiryEpochSec: 0} from datanodes [35429393-00b4-4ffa-a437-723b6b48652e{ip: 10.1.1.113, host: fv-az204-107.tdy0fjcc0bpubcu1xr20co1pbf.dx.internal.cloudapp.net, ports: [REPLICATION=33503, RATIS=40931, RATIS_ADMIN=40931, RATIS_SERVER=40931, STANDALONE=34035], networkLocation: /default-rack, certSerialId: null, persistedOpState: IN_SERVICE, persistedOpStateExpiryEpochSec: 0}, a759a49b-3cd3-49e9-826c-16e7b00ba8b7{ip: 10.1.1.113, host: fv-az204-107.tdy0fjcc0bpubcu1xr20co1pbf.dx.internal.cloudapp.net, ports: [REPLICATION=34531, RATIS=42469, RATIS_ADMIN=42469, RATIS_SERVER=42469, STANDALONE=44149], networkLocation: /default-rack, certSerialId: null, persistedOpState: IN_SERVICE, persistedOpStateExpiryEpochSec: 0}]
2022-10-15 07:44:50,440 [ReplicationMonitor] INFO  replication.LegacyReplicationManager (LegacyReplicationManager.java:handleUnderReplicatedContainer(1195)) - Container #3 is under replicated. Expected replica count is 3, but found 2.
2022-10-15 07:44:50,440 [ReplicationMonitor] INFO  replication.LegacyReplicationManager (LegacyReplicationManager.java:sendReplicateCommand(1559)) - Sending replicate container command for container #3 to datanode 859fee52-0ce0-4420-ab82-e0e92b354dcb{ip: 10.1.1.113, host: fv-az204-107.tdy0fjcc0bpubcu1xr20co1pbf.dx.internal.cloudapp.net, ports: [REPLICATION=45939, RATIS=32857, RATIS_ADMIN=32857, RATIS_SERVER=32857, STANDALONE=46271], networkLocation: /default-rack, certSerialId: null, persistedOpState: IN_SERVICE, persistedOpStateExpiryEpochSec: 0} from datanodes [a759a49b-3cd3-49e9-826c-16e7b00ba8b7{ip: 10.1.1.113, host: fv-az204-107.tdy0fjcc0bpubcu1xr20co1pbf.dx.internal.cloudapp.net, ports: [REPLICATION=34531, RATIS=42469, RATIS_ADMIN=42469, RATIS_SERVER=42469, STANDALONE=44149], networkLocation: /default-rack, certSerialId: null, persistedOpState: IN_SERVICE, persistedOpStateExpiryEpochSec: 0}, 35429393-00b4-4ffa-a437-723b6b48652e{ip: 10.1.1.113, host: fv-az204-107.tdy0fjcc0bpubcu1xr20co1pbf.dx.internal.cloudapp.net, ports: [REPLICATION=33503, RATIS=40931, RATIS_ADMIN=40931, RATIS_SERVER=40931, STANDALONE=34035], networkLocation: /default-rack, certSerialId: null, persistedOpState: IN_SERVICE, persistedOpStateExpiryEpochSec: 0}]
2022-10-15 07:44:50,440 [ReplicationMonitor] INFO  replication.ReplicationManager (ReplicationManager.java:processAll(324)) - Replication Monitor Thread took 1 milliseconds for processing 6 containers.
2022-10-15 07:44:50,599 [ReplicationMonitor] INFO  replication.ReplicationManager (ReplicationManager.java:processAll(291)) - Replication Manager is not ready to run until 3000ms after safemode exit
2022-10-15 07:44:50,704 [EventQueue-OpenPipelineForHealthyPipelineSafeModeRule] INFO  safemode.SCMSafeModeManager (HealthyPipelineSafeModeRule.java:process(137)) - SCM in safe mode. Healthy pipelines reported count is 0, required healthy pipeline reported count is 1
2022-10-15 07:44:50,851 [EventQueue-OpenPipelineForHealthyPipelineSafeModeRule] INFO  safemode.SCMSafeModeManager (HealthyPipelineSafeModeRule.java:process(137)) - SCM in safe mode. Healthy pipelines reported count is 0, required healthy pipeline reported count is 1
2022-10-15 07:44:51,016 [Listener at 127.0.0.1/40173] INFO  ozone.MiniOzoneClusterImpl (MiniOzoneClusterImpl.java:lambda$waitForClusterToBeReady$0(216)) - Nodes are ready. Got 7 of 7 DN Heartbeats.
2022-10-15 07:44:51,016 [Listener at 127.0.0.1/40173] INFO  ozone.MiniOzoneClusterImpl (MiniOzoneClusterImpl.java:lambda$waitForClusterToBeReady$0(219)) - Waiting for cluster to exit safe mode
2022-10-15 07:44:51,016 [Listener at 127.0.0.1/40173] INFO  ozone.MiniOzoneClusterImpl (MiniOzoneClusterImpl.java:lambda$waitForClusterToBeReady$0(221)) - SCM became leader
2022-10-15 07:44:51,077 [EventQueue-OpenPipelineForHealthyPipelineSafeModeRule] INFO  safemode.SCMSafeModeManager (HealthyPipelineSafeModeRule.java:process(137)) - SCM in safe mode. Healthy pipelines reported count is 0, required healthy pipeline reported count is 1
2022-10-15 07:44:51,298 [EventQueue-OpenPipelineForHealthyPipelineSafeModeRule] INFO  safemode.SCMSafeModeManager (HealthyPipelineSafeModeRule.java:process(137)) - SCM in safe mode. Healthy pipelines reported count is 0, required healthy pipeline reported count is 1
2022-10-15 07:44:51,395 [Under Replicated Processor] INFO  replication.UnderReplicatedProcessor (UnderReplicatedProcessor.java:processAll(92)) - Processed 0 under replicated containers, failed processing 0
2022-10-15 07:44:51,395 [Over Replicated Processor] INFO  replication.OverReplicatedProcessor (OverReplicatedProcessor.java:processAll(90)) - Processed 0 over replicated containers, failed processing 0
2022-10-15 07:44:51,395 [ReplicationMonitor] INFO  replication.ReplicationManager (ReplicationManager.java:processAll(324)) - Replication Monitor Thread took 0 milliseconds for processing 0 containers.
2022-10-15 07:44:51,439 [Over Replicated Processor] INFO  replication.OverReplicatedProcessor (OverReplicatedProcessor.java:processAll(90)) - Processed 0 over replicated containers, failed processing 0
2022-10-15 07:44:51,440 [Under Replicated Processor] INFO  replication.UnderReplicatedProcessor (UnderReplicatedProcessor.java:processAll(92)) - Processed 0 under replicated containers, failed processing 0
2022-10-15 07:44:51,440 [ReplicationMonitor] INFO  replication.ReplicationManager (ReplicationManager.java:processAll(324)) - Replication Monitor Thread took 1 milliseconds for processing 6 containers.
2022-10-15 07:44:51,600 [ReplicationMonitor] INFO  replication.ReplicationManager (ReplicationManager.java:processAll(291)) - Replication Manager is not ready to run until 3000ms after safemode exit
2022-10-15 07:44:51,705 [EventQueue-OpenPipelineForHealthyPipelineSafeModeRule] INFO  safemode.SCMSafeModeManager (HealthyPipelineSafeModeRule.java:process(137)) - SCM in safe mode. Healthy pipelines reported count is 0, required healthy pipeline reported count is 1
2022-10-15 07:44:51,770 [EventQueue-OpenPipelineForHealthyPipelineSafeModeRule] INFO  safemode.SCMSafeModeManager (HealthyPipelineSafeModeRule.java:process(137)) - SCM in safe mode. Healthy pipelines reported count is 0, required healthy pipeline reported count is 1
2022-10-15 07:44:51,851 [EventQueue-OpenPipelineForHealthyPipelineSafeModeRule] INFO  safemode.SCMSafeModeManager (HealthyPipelineSafeModeRule.java:process(137)) - SCM in safe mode. Healthy pipelines reported count is 0, required healthy pipeline reported count is 1
2022-10-15 07:44:52,016 [EventQueue-OpenPipelineForHealthyPipelineSafeModeRule] INFO  safemode.SCMSafeModeManager (HealthyPipelineSafeModeRule.java:process(137)) - SCM in safe mode. Healthy pipelines reported count is 0, required healthy pipeline reported count is 1
2022-10-15 07:44:52,016 [Listener at 127.0.0.1/40173] INFO  ozone.MiniOzoneClusterImpl (MiniOzoneClusterImpl.java:lambda$waitForClusterToBeReady$0(216)) - Nodes are ready. Got 7 of 7 DN Heartbeats.
2022-10-15 07:44:52,016 [Listener at 127.0.0.1/40173] INFO  ozone.MiniOzoneClusterImpl (MiniOzoneClusterImpl.java:lambda$waitForClusterToBeReady$0(219)) - Waiting for cluster to exit safe mode
2022-10-15 07:44:52,016 [Listener at 127.0.0.1/40173] INFO  ozone.MiniOzoneClusterImpl (MiniOzoneClusterImpl.java:lambda$waitForClusterToBeReady$0(221)) - SCM became leader
2022-10-15 07:44:52,077 [EventQueue-OpenPipelineForHealthyPipelineSafeModeRule] INFO  safemode.SCMSafeModeManager (HealthyPipelineSafeModeRule.java:process(137)) - SCM in safe mode. Healthy pipelines reported count is 0, required healthy pipeline reported count is 1
2022-10-15 07:44:52,395 [Under Replicated Processor] INFO  replication.UnderReplicatedProcessor (UnderReplicatedProcessor.java:processAll(92)) - Processed 0 under replicated containers, failed processing 0
2022-10-15 07:44:52,395 [Over Replicated Processor] INFO  replication.OverReplicatedProcessor (OverReplicatedProcessor.java:processAll(90)) - Processed 0 over replicated containers, failed processing 0
2022-10-15 07:44:52,395 [ReplicationMonitor] INFO  replication.ReplicationManager (ReplicationManager.java:processAll(324)) - Replication Monitor Thread took 1 milliseconds for processing 0 containers.
2022-10-15 07:44:52,438 [EventQueue-OpenPipelineForHealthyPipelineSafeModeRule] INFO  safemode.SCMSafeModeManager (HealthyPipelineSafeModeRule.java:process(137)) - SCM in safe mode. Healthy pipelines reported count is 0, required healthy pipeline reported count is 1
2022-10-15 07:44:52,439 [Over Replicated Processor] INFO  replication.OverReplicatedProcessor (OverReplicatedProcessor.java:processAll(90)) - Processed 0 over replicated containers, failed processing 0
2022-10-15 07:44:52,440 [Under Replicated Processor] INFO  replication.UnderReplicatedProcessor (UnderReplicatedProcessor.java:processAll(92)) - Processed 0 under replicated containers, failed processing 0
2022-10-15 07:44:52,441 [ReplicationMonitor] INFO  replication.ReplicationManager (ReplicationManager.java:processAll(324)) - Replication Monitor Thread took 0 milliseconds for processing 6 containers.
2022-10-15 07:44:52,600 [ReplicationMonitor] INFO  replication.ReplicationManager (ReplicationManager.java:processAll(291)) - Replication Manager is not ready to run until 3000ms after safemode exit
2022-10-15 07:44:52,705 [EventQueue-OpenPipelineForHealthyPipelineSafeModeRule] INFO  safemode.SCMSafeModeManager (HealthyPipelineSafeModeRule.java:process(137)) - SCM in safe mode. Healthy pipelines reported count is 0, required healthy pipeline reported count is 1
2022-10-15 07:44:52,851 [EventQueue-OpenPipelineForHealthyPipelineSafeModeRule] INFO  safemode.SCMSafeModeManager (HealthyPipelineSafeModeRule.java:process(137)) - SCM in safe mode. Healthy pipelines reported count is 0, required healthy pipeline reported count is 1
2022-10-15 07:44:53,016 [Listener at 127.0.0.1/40173] INFO  ozone.MiniOzoneClusterImpl (MiniOzoneClusterImpl.java:lambda$waitForClusterToBeReady$0(216)) - Nodes are ready. Got 7 of 7 DN Heartbeats.
2022-10-15 07:44:53,016 [Listener at 127.0.0.1/40173] INFO  ozone.MiniOzoneClusterImpl (MiniOzoneClusterImpl.java:lambda$waitForClusterToBeReady$0(219)) - Waiting for cluster to exit safe mode
2022-10-15 07:44:53,017 [Listener at 127.0.0.1/40173] INFO  ozone.MiniOzoneClusterImpl (MiniOzoneClusterImpl.java:lambda$waitForClusterToBeReady$0(221)) - SCM became leader
2022-10-15 07:44:53,054 [ContainerReplicationThread-0] INFO  replication.DownloadAndImportReplicator (DownloadAndImportReplicator.java:replicate(105)) - Starting replication of container 1 from [a759a49b-3cd3-49e9-826c-16e7b00ba8b7{ip: 10.1.1.113, host: fv-az204-107.tdy0fjcc0bpubcu1xr20co1pbf.dx.internal.cloudapp.net, ports: [REPLICATION=34531, RATIS=42469, RATIS_ADMIN=42469, RATIS_SERVER=42469, STANDALONE=44149], networkLocation: /default-rack, certSerialId: null, persistedOpState: IN_SERVICE, persistedOpStateExpiryEpochSec: 0}, 35429393-00b4-4ffa-a437-723b6b48652e{ip: 10.1.1.113, host: fv-az204-107.tdy0fjcc0bpubcu1xr20co1pbf.dx.internal.cloudapp.net, ports: [REPLICATION=33503, RATIS=40931, RATIS_ADMIN=40931, RATIS_SERVER=40931, STANDALONE=34035], networkLocation: /default-rack, certSerialId: null, persistedOpState: IN_SERVICE, persistedOpStateExpiryEpochSec: 0}]
2022-10-15 07:44:53,058 [grpc-default-executor-5] INFO  replication.GrpcReplicationService (GrpcReplicationService.java:download(52)) - Streaming container data (1) to other datanode
2022-10-15 07:44:53,073 [7fbbdba2-60d2-4bcb-9af9-465dc1fc8d8a@group-50B708ACB90C-FollowerState] INFO  impl.FollowerState (FollowerState.java:run(143)) - 7fbbdba2-60d2-4bcb-9af9-465dc1fc8d8a@group-50B708ACB90C-FollowerState: change to CANDIDATE, lastRpcElapsedTime:5127936180ns, electionTimeout:5127ms
2022-10-15 07:44:53,074 [7fbbdba2-60d2-4bcb-9af9-465dc1fc8d8a@group-50B708ACB90C-FollowerState] INFO  impl.RoleInfo (RoleInfo.java:shutdownFollowerState(110)) - 7fbbdba2-60d2-4bcb-9af9-465dc1fc8d8a: shutdown 7fbbdba2-60d2-4bcb-9af9-465dc1fc8d8a@group-50B708ACB90C-FollowerState
2022-10-15 07:44:53,074 [7fbbdba2-60d2-4bcb-9af9-465dc1fc8d8a@group-50B708ACB90C-FollowerState] INFO  server.RaftServer$Division (RaftServerImpl.java:setRole(299)) - 7fbbdba2-60d2-4bcb-9af9-465dc1fc8d8a@group-50B708ACB90C: changes role from  FOLLOWER to CANDIDATE at term 2 for changeToCandidate
2022-10-15 07:44:53,074 [7fbbdba2-60d2-4bcb-9af9-465dc1fc8d8a@group-50B708ACB90C-FollowerState] INFO  server.RaftServerConfigKeys (ConfUtils.java:logGet(46)) - raft.server.leaderelection.pre-vote = false (custom)
2022-10-15 07:44:53,074 [7fbbdba2-60d2-4bcb-9af9-465dc1fc8d8a@group-50B708ACB90C-FollowerState] INFO  impl.RoleInfo (RoleInfo.java:updateAndGet(139)) - 7fbbdba2-60d2-4bcb-9af9-465dc1fc8d8a: start 7fbbdba2-60d2-4bcb-9af9-465dc1fc8d8a@group-50B708ACB90C-LeaderElection130
2022-10-15 07:44:53,077 [EventQueue-OpenPipelineForHealthyPipelineSafeModeRule] INFO  safemode.SCMSafeModeManager (HealthyPipelineSafeModeRule.java:process(137)) - SCM in safe mode. Healthy pipelines reported count is 0, required healthy pipeline reported count is 1
2022-10-15 07:44:53,077 [8dac584f-6024-4576-b5a3-2bef0f48735e@group-50B708ACB90C-FollowerState] INFO  impl.FollowerState (FollowerState.java:run(143)) - 8dac584f-6024-4576-b5a3-2bef0f48735e@group-50B708ACB90C-FollowerState: change to CANDIDATE, lastRpcElapsedTime:5126322965ns, electionTimeout:5126ms
2022-10-15 07:44:53,077 [8dac584f-6024-4576-b5a3-2bef0f48735e@group-50B708ACB90C-FollowerState] INFO  impl.RoleInfo (RoleInfo.java:shutdownFollowerState(110)) - 8dac584f-6024-4576-b5a3-2bef0f48735e: shutdown 8dac584f-6024-4576-b5a3-2bef0f48735e@group-50B708ACB90C-FollowerState
2022-10-15 07:44:53,077 [8dac584f-6024-4576-b5a3-2bef0f48735e@group-50B708ACB90C-FollowerState] INFO  server.RaftServer$Division (RaftServerImpl.java:setRole(299)) - 8dac584f-6024-4576-b5a3-2bef0f48735e@group-50B708ACB90C: changes role from  FOLLOWER to CANDIDATE at term 2 for changeToCandidate
2022-10-15 07:44:53,079 [ContainerReplicationThread-0] INFO  replication.DownloadAndImportReplicator (DownloadAndImportReplicator.java:replicate(105)) - Starting replication of container 2 from [35429393-00b4-4ffa-a437-723b6b48652e{ip: 10.1.1.113, host: fv-az204-107.tdy0fjcc0bpubcu1xr20co1pbf.dx.internal.cloudapp.net, ports: [REPLICATION=33503, RATIS=40931, RATIS_ADMIN=40931, RATIS_SERVER=40931, STANDALONE=34035], networkLocation: /default-rack, certSerialId: null, persistedOpState: IN_SERVICE, persistedOpStateExpiryEpochSec: 0}, a759a49b-3cd3-49e9-826c-16e7b00ba8b7{ip: 10.1.1.113, host: fv-az204-107.tdy0fjcc0bpubcu1xr20co1pbf.dx.internal.cloudapp.net, ports: [REPLICATION=34531, RATIS=42469, RATIS_ADMIN=42469, RATIS_SERVER=42469, STANDALONE=44149], networkLocation: /default-rack, certSerialId: null, persistedOpState: IN_SERVICE, persistedOpStateExpiryEpochSec: 0}]
2022-10-15 07:44:53,079 [ContainerReplicationThread-1] INFO  replication.DownloadAndImportReplicator (DownloadAndImportReplicator.java:replicate(105)) - Starting replication of container 3 from [a759a49b-3cd3-49e9-826c-16e7b00ba8b7{ip: 10.1.1.113, host: fv-az204-107.tdy0fjcc0bpubcu1xr20co1pbf.dx.internal.cloudapp.net, ports: [REPLICATION=34531, RATIS=42469, RATIS_ADMIN=42469, RATIS_SERVER=42469, STANDALONE=44149], networkLocation: /default-rack, certSerialId: null, persistedOpState: IN_SERVICE, persistedOpStateExpiryEpochSec: 0}, 35429393-00b4-4ffa-a437-723b6b48652e{ip: 10.1.1.113, host: fv-az204-107.tdy0fjcc0bpubcu1xr20co1pbf.dx.internal.cloudapp.net, ports: [REPLICATION=33503, RATIS=40931, RATIS_ADMIN=40931, RATIS_SERVER=40931, STANDALONE=34035], networkLocation: /default-rack, certSerialId: null, persistedOpState: IN_SERVICE, persistedOpStateExpiryEpochSec: 0}]
2022-10-15 07:44:53,084 [grpc-default-executor-8] INFO  replication.GrpcReplicationService (GrpcReplicationService.java:download(52)) - Streaming container data (2) to other datanode
2022-10-15 07:44:53,079 [7fbbdba2-60d2-4bcb-9af9-465dc1fc8d8a@group-50B708ACB90C-LeaderElection130] INFO  impl.LeaderElection (LeaderElection.java:askForVotes(310)) - 7fbbdba2-60d2-4bcb-9af9-465dc1fc8d8a@group-50B708ACB90C-LeaderElection130 ELECTION round 0: submit vote requests at term 3 for -1: [7fbbdba2-60d2-4bcb-9af9-465dc1fc8d8a|rpc:10.1.1.113:38635|dataStream:|priority:1, abd8e8e1-9e09-4ec0-a897-8fd48f6e99a3|rpc:10.1.1.113:44465|dataStream:|priority:0, 8dac584f-6024-4576-b5a3-2bef0f48735e|rpc:10.1.1.113:35155|dataStream:|priority:0], old=null
2022-10-15 07:44:53,079 [8dac584f-6024-4576-b5a3-2bef0f48735e@group-50B708ACB90C-FollowerState] INFO  server.RaftServerConfigKeys (ConfUtils.java:logGet(46)) - raft.server.leaderelection.pre-vote = false (custom)
2022-10-15 07:44:53,087 [8dac584f-6024-4576-b5a3-2bef0f48735e@group-50B708ACB90C-FollowerState] INFO  impl.RoleInfo (RoleInfo.java:updateAndGet(139)) - 8dac584f-6024-4576-b5a3-2bef0f48735e: start 8dac584f-6024-4576-b5a3-2bef0f48735e@group-50B708ACB90C-LeaderElection131
2022-10-15 07:44:53,089 [grpc-default-executor-0] INFO  replication.GrpcReplicationService (GrpcReplicationService.java:download(52)) - Streaming container data (3) to other datanode
2022-10-15 07:44:53,109 [grpc-default-executor-5] INFO  replication.GrpcOutputStream (GrpcOutputStream.java:close(104)) - Sent 38070 bytes for container 1
2022-10-15 07:44:53,111 [grpc-default-executor-5] INFO  replication.GrpcReplicationClient (GrpcReplicationClient.java:onCompleted(197)) - Container 1 is downloaded to /home/runner/work/ozone/ozone/hadoop-ozone/integration-test/target/test-dir/MiniOzoneClusterImpl-b71359ac-0e91-4f54-9b03-8f1926dea794/datanode-5/data/replication/work/container-1.tar.gz
2022-10-15 07:44:53,130 [8dac584f-6024-4576-b5a3-2bef0f48735e@group-50B708ACB90C-LeaderElection131] INFO  impl.LeaderElection (LeaderElection.java:askForVotes(310)) - 8dac584f-6024-4576-b5a3-2bef0f48735e@group-50B708ACB90C-LeaderElection131 ELECTION round 0: submit vote requests at term 3 for -1: [7fbbdba2-60d2-4bcb-9af9-465dc1fc8d8a|rpc:10.1.1.113:38635|dataStream:|priority:1, abd8e8e1-9e09-4ec0-a897-8fd48f6e99a3|rpc:10.1.1.113:44465|dataStream:|priority:0, 8dac584f-6024-4576-b5a3-2bef0f48735e|rpc:10.1.1.113:35155|dataStream:|priority:0], old=null
2022-10-15 07:44:53,131 [grpc-default-executor-7] INFO  server.RaftServer$Division (RaftServerImpl.java:requestVote(1152)) - abd8e8e1-9e09-4ec0-a897-8fd48f6e99a3@group-50B708ACB90C: receive requestVote(ELECTION, 7fbbdba2-60d2-4bcb-9af9-465dc1fc8d8a, group-50B708ACB90C, 3, (t:0, i:0))
2022-10-15 07:44:53,131 [grpc-default-executor-7] INFO  impl.VoteContext (VoteContext.java:log(48)) - abd8e8e1-9e09-4ec0-a897-8fd48f6e99a3@group-50B708ACB90C-FOLLOWER: accept ELECTION from 7fbbdba2-60d2-4bcb-9af9-465dc1fc8d8a: our priority 0 <= candidate's priority 1
2022-10-15 07:44:53,131 [grpc-default-executor-7] INFO  server.RaftServer$Division (RaftServerImpl.java:setRole(299)) - abd8e8e1-9e09-4ec0-a897-8fd48f6e99a3@group-50B708ACB90C: changes role from  FOLLOWER to FOLLOWER at term 3 for candidate:7fbbdba2-60d2-4bcb-9af9-465dc1fc8d8a
2022-10-15 07:44:53,131 [grpc-default-executor-7] INFO  impl.RoleInfo (RoleInfo.java:shutdownFollowerState(110)) - abd8e8e1-9e09-4ec0-a897-8fd48f6e99a3: shutdown abd8e8e1-9e09-4ec0-a897-8fd48f6e99a3@group-50B708ACB90C-FollowerState
2022-10-15 07:44:53,132 [grpc-default-executor-4] INFO  server.RaftServer$Division (RaftServerImpl.java:requestVote(1152)) - 7fbbdba2-60d2-4bcb-9af9-465dc1fc8d8a@group-50B708ACB90C: receive requestVote(ELECTION, 8dac584f-6024-4576-b5a3-2bef0f48735e, group-50B708ACB90C, 3, (t:0, i:0))
2022-10-15 07:44:53,132 [grpc-default-executor-4] INFO  impl.VoteContext (VoteContext.java:log(48)) - 7fbbdba2-60d2-4bcb-9af9-465dc1fc8d8a@group-50B708ACB90C-CANDIDATE: reject ELECTION from 8dac584f-6024-4576-b5a3-2bef0f48735e: already has voted for 7fbbdba2-60d2-4bcb-9af9-465dc1fc8d8a at current term 3
2022-10-15 07:44:53,133 [grpc-default-executor-4] INFO  server.RaftServer$Division (RaftServerImpl.java:requestVote(1184)) - 7fbbdba2-60d2-4bcb-9af9-465dc1fc8d8a@group-50B708ACB90C replies to ELECTION vote request: 8dac584f-6024-4576-b5a3-2bef0f48735e<-7fbbdba2-60d2-4bcb-9af9-465dc1fc8d8a#0:FAIL-t3. Peer's state: 7fbbdba2-60d2-4bcb-9af9-465dc1fc8d8a@group-50B708ACB90C:t3, leader=null, voted=7fbbdba2-60d2-4bcb-9af9-465dc1fc8d8a, raftlog=7fbbdba2-60d2-4bcb-9af9-465dc1fc8d8a@group-50B708ACB90C-SegmentedRaftLog:OPENED:c-1, conf=-1: [7fbbdba2-60d2-4bcb-9af9-465dc1fc8d8a|rpc:10.1.1.113:38635|dataStream:|priority:1, abd8e8e1-9e09-4ec0-a897-8fd48f6e99a3|rpc:10.1.1.113:44465|dataStream:|priority:0, 8dac584f-6024-4576-b5a3-2bef0f48735e|rpc:10.1.1.113:35155|dataStream:|priority:0], old=null
2022-10-15 07:44:53,134 [grpc-default-executor-7] INFO  impl.RoleInfo (RoleInfo.java:updateAndGet(139)) - abd8e8e1-9e09-4ec0-a897-8fd48f6e99a3: start abd8e8e1-9e09-4ec0-a897-8fd48f6e99a3@group-50B708ACB90C-FollowerState
2022-10-15 07:44:53,135 [abd8e8e1-9e09-4ec0-a897-8fd48f6e99a3@group-50B708ACB90C-FollowerState] INFO  impl.FollowerState (FollowerState.java:run(152)) - abd8e8e1-9e09-4ec0-a897-8fd48f6e99a3@group-50B708ACB90C-FollowerState was interrupted
2022-10-15 07:44:53,138 [grpc-default-executor-4] INFO  server.RaftServer$Division (RaftServerImpl.java:requestVote(1152)) - abd8e8e1-9e09-4ec0-a897-8fd48f6e99a3@group-50B708ACB90C: receive requestVote(ELECTION, 8dac584f-6024-4576-b5a3-2bef0f48735e, group-50B708ACB90C, 3, (t:0, i:0))
2022-10-15 07:44:53,145 [ContainerReplicationThread-0] INFO  replication.DownloadAndImportReplicator (DownloadAndImportReplicator.java:replicate(117)) - Container 1 is downloaded with size 38070, starting to import.
2022-10-15 07:44:53,146 [8dac584f-6024-4576-b5a3-2bef0f48735e@group-50B708ACB90C-LeaderElection131] INFO  impl.LeaderElection (LeaderElection.java:logAndReturn(90)) - 8dac584f-6024-4576-b5a3-2bef0f48735e@group-50B708ACB90C-LeaderElection131: ELECTION REJECTED received 1 response(s) and 0 exception(s):
2022-10-15 07:44:53,146 [8dac584f-6024-4576-b5a3-2bef0f48735e@group-50B708ACB90C-LeaderElection131] INFO  impl.LeaderElection (LeaderElection.java:logAndReturn(94)) -   Response 0: 8dac584f-6024-4576-b5a3-2bef0f48735e<-7fbbdba2-60d2-4bcb-9af9-465dc1fc8d8a#0:FAIL-t3
2022-10-15 07:44:53,146 [8dac584f-6024-4576-b5a3-2bef0f48735e@group-50B708ACB90C-LeaderElection131] INFO  impl.LeaderElection (LeaderElection.java:askForVotes(312)) - 8dac584f-6024-4576-b5a3-2bef0f48735e@group-50B708ACB90C-LeaderElection131 ELECTION round 0: result REJECTED
2022-10-15 07:44:53,146 [8dac584f-6024-4576-b5a3-2bef0f48735e@group-50B708ACB90C-LeaderElection131] INFO  server.RaftServer$Division (RaftServerImpl.java:setRole(299)) - 8dac584f-6024-4576-b5a3-2bef0f48735e@group-50B708ACB90C: changes role from CANDIDATE to FOLLOWER at term 3 for REJECTED
2022-10-15 07:44:53,146 [8dac584f-6024-4576-b5a3-2bef0f48735e@group-50B708ACB90C-LeaderElection131] INFO  impl.RoleInfo (RoleInfo.java:shutdownLeaderElection(130)) - 8dac584f-6024-4576-b5a3-2bef0f48735e: shutdown 8dac584f-6024-4576-b5a3-2bef0f48735e@group-50B708ACB90C-LeaderElection131
2022-10-15 07:44:53,146 [8dac584f-6024-4576-b5a3-2bef0f48735e@group-50B708ACB90C-LeaderElection131] INFO  impl.RoleInfo (RoleInfo.java:updateAndGet(139)) - 8dac584f-6024-4576-b5a3-2bef0f48735e: start 8dac584f-6024-4576-b5a3-2bef0f48735e@group-50B708ACB90C-FollowerState
2022-10-15 07:44:53,151 [grpc-default-executor-7] INFO  server.RaftServer$Division (RaftServerImpl.java:requestVote(1184)) - abd8e8e1-9e09-4ec0-a897-8fd48f6e99a3@group-50B708ACB90C replies to ELECTION vote request: 7fbbdba2-60d2-4bcb-9af9-465dc1fc8d8a<-abd8e8e1-9e09-4ec0-a897-8fd48f6e99a3#0:OK-t3. Peer's state: abd8e8e1-9e09-4ec0-a897-8fd48f6e99a3@group-50B708ACB90C:t3, leader=null, voted=7fbbdba2-60d2-4bcb-9af9-465dc1fc8d8a, raftlog=abd8e8e1-9e09-4ec0-a897-8fd48f6e99a3@group-50B708ACB90C-SegmentedRaftLog:OPENED:c-1, conf=-1: [7fbbdba2-60d2-4bcb-9af9-465dc1fc8d8a|rpc:10.1.1.113:38635|priority:1, abd8e8e1-9e09-4ec0-a897-8fd48f6e99a3|rpc:10.1.1.113:44465|priority:0, 8dac584f-6024-4576-b5a3-2bef0f48735e|rpc:10.1.1.113:35155|priority:0], old=null
2022-10-15 07:44:53,151 [grpc-default-executor-4] INFO  impl.VoteContext (VoteContext.java:log(48)) - abd8e8e1-9e09-4ec0-a897-8fd48f6e99a3@group-50B708ACB90C-FOLLOWER: reject ELECTION from 8dac584f-6024-4576-b5a3-2bef0f48735e: already has voted for 7fbbdba2-60d2-4bcb-9af9-465dc1fc8d8a at current term 3
2022-10-15 07:44:53,151 [grpc-default-executor-4] INFO  server.RaftServer$Division (RaftServerImpl.java:requestVote(1184)) - abd8e8e1-9e09-4ec0-a897-8fd48f6e99a3@group-50B708ACB90C replies to ELECTION vote request: 8dac584f-6024-4576-b5a3-2bef0f48735e<-abd8e8e1-9e09-4ec0-a897-8fd48f6e99a3#0:FAIL-t3. Peer's state: abd8e8e1-9e09-4ec0-a897-8fd48f6e99a3@group-50B708ACB90C:t3, leader=null, voted=7fbbdba2-60d2-4bcb-9af9-465dc1fc8d8a, raftlog=abd8e8e1-9e09-4ec0-a897-8fd48f6e99a3@group-50B708ACB90C-SegmentedRaftLog:OPENED:c-1, conf=-1: [7fbbdba2-60d2-4bcb-9af9-465dc1fc8d8a|rpc:10.1.1.113:38635|priority:1, abd8e8e1-9e09-4ec0-a897-8fd48f6e99a3|rpc:10.1.1.113:44465|priority:0, 8dac584f-6024-4576-b5a3-2bef0f48735e|rpc:10.1.1.113:35155|priority:0], old=null
2022-10-15 07:44:53,152 [7fbbdba2-60d2-4bcb-9af9-465dc1fc8d8a@group-50B708ACB90C-LeaderElection130] INFO  impl.LeaderElection (LeaderElection.java:logAndReturn(90)) - 7fbbdba2-60d2-4bcb-9af9-465dc1fc8d8a@group-50B708ACB90C-LeaderElection130: ELECTION PASSED received 1 response(s) and 0 exception(s):
2022-10-15 07:44:53,153 [7fbbdba2-60d2-4bcb-9af9-465dc1fc8d8a@group-50B708ACB90C-LeaderElection130] INFO  impl.LeaderElection (LeaderElection.java:logAndReturn(94)) -   Response 0: 7fbbdba2-60d2-4bcb-9af9-465dc1fc8d8a<-abd8e8e1-9e09-4ec0-a897-8fd48f6e99a3#0:OK-t3
2022-10-15 07:44:53,153 [7fbbdba2-60d2-4bcb-9af9-465dc1fc8d8a@group-50B708ACB90C-LeaderElection130] INFO  impl.LeaderElection (LeaderElection.java:askForVotes(312)) - 7fbbdba2-60d2-4bcb-9af9-465dc1fc8d8a@group-50B708ACB90C-LeaderElection130 ELECTION round 0: result PASSED
2022-10-15 07:44:53,153 [7fbbdba2-60d2-4bcb-9af9-465dc1fc8d8a@group-50B708ACB90C-LeaderElection130] INFO  impl.RoleInfo (RoleInfo.java:shutdownLeaderElection(130)) - 7fbbdba2-60d2-4bcb-9af9-465dc1fc8d8a: shutdown 7fbbdba2-60d2-4bcb-9af9-465dc1fc8d8a@group-50B708ACB90C-LeaderElection130
2022-10-15 07:44:53,153 [7fbbdba2-60d2-4bcb-9af9-465dc1fc8d8a@group-50B708ACB90C-LeaderElection130] INFO  server.RaftServer$Division (RaftServerImpl.java:setRole(299)) - 7fbbdba2-60d2-4bcb-9af9-465dc1fc8d8a@group-50B708ACB90C: changes role from CANDIDATE to LEADER at term 3 for changeToLeader
2022-10-15 07:44:53,153 [7fbbdba2-60d2-4bcb-9af9-465dc1fc8d8a@group-50B708ACB90C-LeaderElection130] INFO  ratis.XceiverServerRatis (XceiverServerRatis.java:handleLeaderChangedNotification(863)) - Leader change notification received for group: group-50B708ACB90C with new leaderId: 7fbbdba2-60d2-4bcb-9af9-465dc1fc8d8a
2022-10-15 07:44:53,153 [7fbbdba2-60d2-4bcb-9af9-465dc1fc8d8a@group-50B708ACB90C-LeaderElection130] INFO  server.RaftServer$Division (ServerState.java:setLeader(287)) - 7fbbdba2-60d2-4bcb-9af9-465dc1fc8d8a@group-50B708ACB90C: change Leader from null to 7fbbdba2-60d2-4bcb-9af9-465dc1fc8d8a at term 3 for becomeLeader, leader elected after 15348ms
2022-10-15 07:44:53,153 [7fbbdba2-60d2-4bcb-9af9-465dc1fc8d8a@group-50B708ACB90C-LeaderElection130] INFO  server.RaftServerConfigKeys (ConfUtils.java:logGet(46)) - raft.server.staging.catchup.gap = 1000 (default)
2022-10-15 07:44:53,153 [7fbbdba2-60d2-4bcb-9af9-465dc1fc8d8a@group-50B708ACB90C-LeaderElection130] INFO  server.RaftServerConfigKeys (ConfUtils.java:logGet(46)) - raft.server.write.element-limit = 1024 (custom)
2022-10-15 07:44:53,153 [7fbbdba2-60d2-4bcb-9af9-465dc1fc8d8a@group-50B708ACB90C-LeaderElection130] INFO  server.RaftServerConfigKeys (ConfUtils.java:logGet(46)) - raft.server.write.byte-limit = 1024 M (=1073741824) (custom)
2022-10-15 07:44:53,154 [7fbbdba2-60d2-4bcb-9af9-465dc1fc8d8a@group-50B708ACB90C-LeaderElection130] INFO  server.RaftServerConfigKeys (ConfUtils.java:logGet(46)) - raft.server.watch.timeout = 180s (custom)
2022-10-15 07:44:53,154 [7fbbdba2-60d2-4bcb-9af9-465dc1fc8d8a@group-50B708ACB90C-LeaderElection130] INFO  server.RaftServerConfigKeys (ConfUtils.java:logGet(46)) - raft.server.watch.timeout.denomination = 1s (default)
2022-10-15 07:44:53,154 [7fbbdba2-60d2-4bcb-9af9-465dc1fc8d8a@group-50B708ACB90C-LeaderElection130] INFO  server.RaftServerConfigKeys (ConfUtils.java:logGet(46)) - raft.server.watch.element-limit = 65536 (default)
2022-10-15 07:44:53,154 [7fbbdba2-60d2-4bcb-9af9-465dc1fc8d8a@group-50B708ACB90C-LeaderElection130] INFO  server.RaftServerConfigKeys (ConfUtils.java:logGet(46)) - raft.server.write.element-limit = 1024 (custom)
2022-10-15 07:44:53,154 [7fbbdba2-60d2-4bcb-9af9-465dc1fc8d8a@group-50B708ACB90C-LeaderElection130] INFO  server.RaftServerConfigKeys (ConfUtils.java:logGet(46)) - raft.server.write.follower.gap.ratio.max = -1.0 (default)
2022-10-15 07:44:53,155 [grpc-default-executor-4] INFO  server.RaftServer$Division (RaftServerImpl.java:requestVote(1152)) - 8dac584f-6024-4576-b5a3-2bef0f48735e@group-50B708ACB90C: receive requestVote(ELECTION, 7fbbdba2-60d2-4bcb-9af9-465dc1fc8d8a, group-50B708ACB90C, 3, (t:0, i:0))
2022-10-15 07:44:53,155 [grpc-default-executor-4] INFO  impl.VoteContext (VoteContext.java:log(48)) - 8dac584f-6024-4576-b5a3-2bef0f48735e@group-50B708ACB90C-FOLLOWER: reject ELECTION from 7fbbdba2-60d2-4bcb-9af9-465dc1fc8d8a: already has voted for 8dac584f-6024-4576-b5a3-2bef0f48735e at current term 3
2022-10-15 07:44:53,155 [grpc-default-executor-4] INFO  server.RaftServer$Division (RaftServerImpl.java:requestVote(1184)) - 8dac584f-6024-4576-b5a3-2bef0f48735e@group-50B708ACB90C replies to ELECTION vote request: 7fbbdba2-60d2-4bcb-9af9-465dc1fc8d8a<-8dac584f-6024-4576-b5a3-2bef0f48735e#0:FAIL-t3. Peer's state: 8dac584f-6024-4576-b5a3-2bef0f48735e@group-50B708ACB90C:t3, leader=null, voted=8dac584f-6024-4576-b5a3-2bef0f48735e, raftlog=8dac584f-6024-4576-b5a3-2bef0f48735e@group-50B708ACB90C-SegmentedRaftLog:OPENED:c-1, conf=-1: [7fbbdba2-60d2-4bcb-9af9-465dc1fc8d8a|rpc:10.1.1.113:38635|dataStream:|priority:1, abd8e8e1-9e09-4ec0-a897-8fd48f6e99a3|rpc:10.1.1.113:44465|dataStream:|priority:0, 8dac584f-6024-4576-b5a3-2bef0f48735e|rpc:10.1.1.113:35155|dataStream:|priority:0], old=null
2022-10-15 07:44:53,156 [EventQueue-PipelineReportForPipelineReportHandler] INFO  pipeline.PipelineManagerImpl (PipelineManagerImpl.java:openPipeline(367)) - Pipeline Pipeline[ Id: e12b6185-82dd-4645-a51e-50b708acb90c, Nodes: 7fbbdba2-60d2-4bcb-9af9-465dc1fc8d8a{ip: 10.1.1.113, host: fv-az204-107.tdy0fjcc0bpubcu1xr20co1pbf.dx.internal.cloudapp.net, ports: [REPLICATION=46097, RATIS=38635, RATIS_ADMIN=38635, RATIS_SERVER=38635, STANDALONE=45351], networkLocation: /default-rack, certSerialId: null, persistedOpState: IN_SERVICE, persistedOpStateExpiryEpochSec: 0}abd8e8e1-9e09-4ec0-a897-8fd48f6e99a3{ip: 10.1.1.113, host: fv-az204-107.tdy0fjcc0bpubcu1xr20co1pbf.dx.internal.cloudapp.net, ports: [REPLICATION=40991, RATIS=44465, RATIS_ADMIN=44465, RATIS_SERVER=44465, STANDALONE=35253], networkLocation: /default-rack, certSerialId: null, persistedOpState: IN_SERVICE, persistedOpStateExpiryEpochSec: 0}8dac584f-6024-4576-b5a3-2bef0f48735e{ip: 10.1.1.113, host: fv-az204-107.tdy0fjcc0bpubcu1xr20co1pbf.dx.internal.cloudapp.net, ports: [REPLICATION=42387, RATIS=35155, RATIS_ADMIN=35155, RATIS_SERVER=35155, STANDALONE=33151], networkLocation: /default-rack, certSerialId: null, persistedOpState: IN_SERVICE, persistedOpStateExpiryEpochSec: 0}, ReplicationConfig: RATIS/THREE, State:ALLOCATED, leaderId:7fbbdba2-60d2-4bcb-9af9-465dc1fc8d8a, CreationTimestamp2022-10-15T07:44:35.552Z[Etc/UTC]] moved to OPEN state
2022-10-15 07:44:53,157 [EventQueue-OpenPipelineForHealthyPipelineSafeModeRule] INFO  safemode.SCMSafeModeManager (HealthyPipelineSafeModeRule.java:process(137)) - SCM in safe mode. Healthy pipelines reported count is 0, required healthy pipeline reported count is 1
2022-10-15 07:44:53,157 [EventQueue-OpenPipelineForHealthyPipelineSafeModeRule] INFO  safemode.SCMSafeModeManager (HealthyPipelineSafeModeRule.java:process(137)) - SCM in safe mode. Healthy pipelines reported count is 1, required healthy pipeline reported count is 1
2022-10-15 07:44:53,157 [EventQueue-OpenPipelineForHealthyPipelineSafeModeRule] INFO  safemode.SCMSafeModeManager (SCMSafeModeManager.java:validateSafeModeExitRules(204)) - HealthyPipelineSafeModeRule rule is successfully validated
2022-10-15 07:44:53,157 [EventQueue-OpenPipelineForHealthyPipelineSafeModeRule] INFO  safemode.SCMSafeModeManager (SCMSafeModeManager.java:validateSafeModeExitRules(219)) - ScmSafeModeManager, all rules are successfully validated
2022-10-15 07:44:53,157 [EventQueue-OpenPipelineForHealthyPipelineSafeModeRule] INFO  safemode.SCMSafeModeManager (SCMSafeModeManager.java:exitSafeMode(248)) - SCM exiting safe mode.
2022-10-15 07:44:53,157 [EventQueue-OpenPipelineForHealthyPipelineSafeModeRule] WARN  events.EventQueue (EventQueue.java:fireEvent(216)) - No event handler registered for event TypedEvent{payloadType=SafeModeStatus, name='Safe mode status'}
2022-10-15 07:44:53,157 [EventQueue-OpenPipelineForHealthyPipelineSafeModeRule] INFO  ha.SCMContext (SCMContext.java:updateSafeModeStatus(228)) - Update SafeModeStatus from SafeModeStatus{safeModeStatus=true, preCheckPassed=true} to SafeModeStatus{safeModeStatus=false, preCheckPassed=true}.
2022-10-15 07:44:53,157 [EventQueue-OpenPipelineForHealthyPipelineSafeModeRule] INFO  pipeline.BackgroundPipelineCreator (BackgroundPipelineCreator.java:notifyStatusChanged(254)) - Service BackgroundPipelineCreator transitions to RUNNING.
2022-10-15 07:44:53,157 [EventQueue-OpenPipelineForHealthyPipelineSafeModeRule] INFO  BackgroundPipelineScrubber (BackgroundSCMService.java:notifyStatusChanged(82)) - Service BackgroundPipelineScrubber transitions to RUNNING.
2022-10-15 07:44:53,157 [EventQueue-OpenPipelineForHealthyPipelineSafeModeRule] INFO  ExpiredContainerReplicaOpScrubber (BackgroundSCMService.java:notifyStatusChanged(82)) - Service ExpiredContainerReplicaOpScrubber transitions to RUNNING.
2022-10-15 07:44:53,157 [EventQueue-OpenPipelineForHealthyPipelineSafeModeRule] INFO  replication.ReplicationManager (ReplicationManager.java:notifyStatusChanged(728)) - Service ReplicationManager transitions to RUNNING.
2022-10-15 07:44:53,157 [EventQueue-OpenPipelineForHealthyPipelineSafeModeRule] WARN  balancer.ContainerBalancer (ContainerBalancer.java:shouldRun(936)) - Could not find persisted configuration for ContainerBalancer when checking if ContainerBalancer should run. ContainerBalancer should not run now.
2022-10-15 07:44:53,159 [7fbbdba2-60d2-4bcb-9af9-465dc1fc8d8a@group-50B708ACB90C-LeaderElection130] INFO  server.RaftServerConfigKeys (ConfUtils.java:logGet(46)) - raft.server.log.appender.snapshot.chunk.size.max = 16MB (=16777216) (default)
2022-10-15 07:44:53,159 [7fbbdba2-60d2-4bcb-9af9-465dc1fc8d8a@group-50B708ACB90C-LeaderElection130] INFO  server.RaftServerConfigKeys (ConfUtils.java:logGet(46)) - raft.server.log.appender.buffer.byte-limit = 33554432 (custom)
2022-10-15 07:44:53,159 [7fbbdba2-60d2-4bcb-9af9-465dc1fc8d8a@group-50B708ACB90C-LeaderElection130] INFO  server.RaftServerConfigKeys (ConfUtils.java:logGet(46)) - raft.server.log.appender.buffer.element-limit = 1 (custom)
2022-10-15 07:44:53,159 [7fbbdba2-60d2-4bcb-9af9-465dc1fc8d8a@group-50B708ACB90C-LeaderElection130] INFO  grpc.GrpcConfigKeys (ConfUtils.java:logGet(46)) - raft.grpc.server.leader.outstanding.appends.max = 128 (default)
2022-10-15 07:44:53,159 [7fbbdba2-60d2-4bcb-9af9-465dc1fc8d8a@group-50B708ACB90C-LeaderElection130] INFO  server.RaftServerConfigKeys (ConfUtils.java:logGet(46)) - raft.server.rpc.request.timeout = 60s (custom)
2022-10-15 07:44:53,159 [7fbbdba2-60d2-4bcb-9af9-465dc1fc8d8a@group-50B708ACB90C-LeaderElection130] INFO  server.RaftServerConfigKeys (ConfUtils.java:logGet(46)) - raft.server.log.appender.install.snapshot.enabled = false (custom)
2022-10-15 07:44:53,162 [7fbbdba2-60d2-4bcb-9af9-465dc1fc8d8a@group-50B708ACB90C-LeaderElection130] INFO  server.RaftServerConfigKeys (ConfUtils.java:logGet(46)) - raft.server.log.appender.snapshot.chunk.size.max = 16MB (=16777216) (default)
2022-10-15 07:44:53,162 [7fbbdba2-60d2-4bcb-9af9-465dc1fc8d8a@group-50B708ACB90C-LeaderElection130] INFO  server.RaftServerConfigKeys (ConfUtils.java:logGet(46)) - raft.server.log.appender.buffer.byte-limit = 33554432 (custom)
2022-10-15 07:44:53,167 [7fbbdba2-60d2-4bcb-9af9-465dc1fc8d8a@group-50B708ACB90C-LeaderElection130] INFO  server.RaftServerConfigKeys (ConfUtils.java:logGet(46)) - raft.server.log.appender.buffer.element-limit = 1 (custom)
2022-10-15 07:44:53,167 [7fbbdba2-60d2-4bcb-9af9-465dc1fc8d8a@group-50B708ACB90C-LeaderElection130] INFO  grpc.GrpcConfigKeys (ConfUtils.java:logGet(46)) - raft.grpc.server.leader.outstanding.appends.max = 128 (default)
2022-10-15 07:44:53,167 [7fbbdba2-60d2-4bcb-9af9-465dc1fc8d8a@group-50B708ACB90C-LeaderElection130] INFO  server.RaftServerConfigKeys (ConfUtils.java:logGet(46)) - raft.server.rpc.request.timeout = 60s (custom)
2022-10-15 07:44:53,167 [7fbbdba2-60d2-4bcb-9af9-465dc1fc8d8a@group-50B708ACB90C-LeaderElection130] INFO  server.RaftServerConfigKeys (ConfUtils.java:logGet(46)) - raft.server.log.appender.install.snapshot.enabled = false (custom)
2022-10-15 07:44:53,169 [7fbbdba2-60d2-4bcb-9af9-465dc1fc8d8a@group-50B708ACB90C-LeaderElection130] INFO  impl.RoleInfo (RoleInfo.java:updateAndGet(139)) - 7fbbdba2-60d2-4bcb-9af9-465dc1fc8d8a: start 7fbbdba2-60d2-4bcb-9af9-465dc1fc8d8a@group-50B708ACB90C-LeaderStateImpl
2022-10-15 07:44:53,170 [grpc-default-executor-0] INFO  replication.GrpcOutputStream (GrpcOutputStream.java:close(104)) - Sent 37923 bytes for container 3
2022-10-15 07:44:53,170 [7fbbdba2-60d2-4bcb-9af9-465dc1fc8d8a@group-50B708ACB90C-LeaderElection130] INFO  segmented.SegmentedRaftLogWorker (SegmentedRaftLogWorker.java:startLogSegment(425)) - 7fbbdba2-60d2-4bcb-9af9-465dc1fc8d8a@group-50B708ACB90C-SegmentedRaftLogWorker: Starting segment from index:0
2022-10-15 07:44:53,172 [7fbbdba2-60d2-4bcb-9af9-465dc1fc8d8a@group-50B708ACB90C-SegmentedRaftLogWorker] INFO  segmented.SegmentedRaftLogWorker (SegmentedRaftLogWorker.java:execute(629)) - 7fbbdba2-60d2-4bcb-9af9-465dc1fc8d8a@group-50B708ACB90C-SegmentedRaftLogWorker: created new log segment /home/runner/work/ozone/ozone/hadoop-ozone/integration-test/target/test-dir/MiniOzoneClusterImpl-0c55ea5e-da39-43b3-be52-3d6e56a90e90/datanode-2/data/ratis/e12b6185-82dd-4645-a51e-50b708acb90c/current/log_inprogress_0
2022-10-15 07:44:53,179 [grpc-default-executor-4] INFO  replication.GrpcReplicationClient (GrpcReplicationClient.java:onCompleted(197)) - Container 3 is downloaded to /home/runner/work/ozone/ozone/hadoop-ozone/integration-test/target/test-dir/MiniOzoneClusterImpl-b71359ac-0e91-4f54-9b03-8f1926dea794/datanode-3/data/replication/work/container-3.tar.gz
2022-10-15 07:44:53,179 [7fbbdba2-60d2-4bcb-9af9-465dc1fc8d8a@group-50B708ACB90C-LeaderElection130] INFO  server.RaftServer$Division (ServerState.java:setRaftConf(393)) - 7fbbdba2-60d2-4bcb-9af9-465dc1fc8d8a@group-50B708ACB90C: set configuration 0: [7fbbdba2-60d2-4bcb-9af9-465dc1fc8d8a|rpc:10.1.1.113:38635|dataStream:|priority:1, abd8e8e1-9e09-4ec0-a897-8fd48f6e99a3|rpc:10.1.1.113:44465|dataStream:|priority:0, 8dac584f-6024-4576-b5a3-2bef0f48735e|rpc:10.1.1.113:35155|dataStream:|priority:0], old=null
2022-10-15 07:44:53,180 [grpc-default-executor-8] INFO  replication.GrpcOutputStream (GrpcOutputStream.java:close(104)) - Sent 40675 bytes for container 2
2022-10-15 07:44:53,180 [ContainerReplicationThread-1] INFO  replication.DownloadAndImportReplicator (DownloadAndImportReplicator.java:replicate(117)) - Container 3 is downloaded with size 37923, starting to import.
2022-10-15 07:44:53,186 [grpc-default-executor-0] INFO  replication.GrpcReplicationClient (GrpcReplicationClient.java:onCompleted(197)) - Container 2 is downloaded to /home/runner/work/ozone/ozone/hadoop-ozone/integration-test/target/test-dir/MiniOzoneClusterImpl-b71359ac-0e91-4f54-9b03-8f1926dea794/datanode-3/data/replication/work/container-2.tar.gz
2022-10-15 07:44:53,187 [ContainerReplicationThread-0] INFO  replication.DownloadAndImportReplicator (DownloadAndImportReplicator.java:replicate(117)) - Container 2 is downloaded with size 40675, starting to import.
2022-10-15 07:44:53,190 [ContainerReplicationThread-0] INFO  replication.DownloadAndImportReplicator (DownloadAndImportReplicator.java:replicate(122)) - Container 1 is replicated successfully
2022-10-15 07:44:53,190 [ContainerReplicationThread-0] INFO  replication.ReplicationSupervisor (ReplicationSupervisor.java:run(176)) - Container 1 is replicated.
2022-10-15 07:44:53,210 [abd8e8e1-9e09-4ec0-a897-8fd48f6e99a3-server-thread1] INFO  ratis.XceiverServerRatis (XceiverServerRatis.java:handleLeaderChangedNotification(863)) - Leader change notification received for group: group-50B708ACB90C with new leaderId: 7fbbdba2-60d2-4bcb-9af9-465dc1fc8d8a
2022-10-15 07:44:53,210 [abd8e8e1-9e09-4ec0-a897-8fd48f6e99a3-server-thread1] INFO  server.RaftServer$Division (ServerState.java:setLeader(287)) - abd8e8e1-9e09-4ec0-a897-8fd48f6e99a3@group-50B708ACB90C: change Leader from null to 7fbbdba2-60d2-4bcb-9af9-465dc1fc8d8a at term 3 for appendEntries, leader elected after 15475ms
2022-10-15 07:44:53,212 [8dac584f-6024-4576-b5a3-2bef0f48735e-server-thread1] INFO  ratis.XceiverServerRatis (XceiverServerRatis.java:handleLeaderChangedNotification(863)) - Leader change notification received for group: group-50B708ACB90C with new leaderId: 7fbbdba2-60d2-4bcb-9af9-465dc1fc8d8a
2022-10-15 07:44:53,212 [8dac584f-6024-4576-b5a3-2bef0f48735e-server-thread1] INFO  server.RaftServer$Division (ServerState.java:setLeader(287)) - 8dac584f-6024-4576-b5a3-2bef0f48735e@group-50B708ACB90C: change Leader from null to 7fbbdba2-60d2-4bcb-9af9-465dc1fc8d8a at term 3 for appendEntries, leader elected after 15382ms
2022-10-15 07:44:53,217 [abd8e8e1-9e09-4ec0-a897-8fd48f6e99a3-server-thread1] INFO  server.RaftServer$Division (ServerState.java:setRaftConf(393)) - abd8e8e1-9e09-4ec0-a897-8fd48f6e99a3@group-50B708ACB90C: set configuration 0: [7fbbdba2-60d2-4bcb-9af9-465dc1fc8d8a|rpc:10.1.1.113:38635|dataStream:|priority:1, abd8e8e1-9e09-4ec0-a897-8fd48f6e99a3|rpc:10.1.1.113:44465|dataStream:|priority:0, 8dac584f-6024-4576-b5a3-2bef0f48735e|rpc:10.1.1.113:35155|dataStream:|priority:0], old=null
2022-10-15 07:44:53,218 [abd8e8e1-9e09-4ec0-a897-8fd48f6e99a3-server-thread1] INFO  segmented.SegmentedRaftLogWorker (SegmentedRaftLogWorker.java:startLogSegment(425)) - abd8e8e1-9e09-4ec0-a897-8fd48f6e99a3@group-50B708ACB90C-SegmentedRaftLogWorker: Starting segment from index:0
2022-10-15 07:44:53,220 [ContainerReplicationThread-1] INFO  replication.DownloadAndImportReplicator (DownloadAndImportReplicator.java:replicate(122)) - Container 3 is replicated successfully
2022-10-15 07:44:53,220 [ContainerReplicationThread-1] INFO  replication.ReplicationSupervisor (ReplicationSupervisor.java:run(176)) - Container 3 is replicated.
2022-10-15 07:44:53,229 [8dac584f-6024-4576-b5a3-2bef0f48735e-server-thread1] INFO  server.RaftServer$Division (ServerState.java:setRaftConf(393)) - 8dac584f-6024-4576-b5a3-2bef0f48735e@group-50B708ACB90C: set configuration 0: [7fbbdba2-60d2-4bcb-9af9-465dc1fc8d8a|rpc:10.1.1.113:38635|dataStream:|priority:1, abd8e8e1-9e09-4ec0-a897-8fd48f6e99a3|rpc:10.1.1.113:44465|dataStream:|priority:0, 8dac584f-6024-4576-b5a3-2bef0f48735e|rpc:10.1.1.113:35155|dataStream:|priority:0], old=null
2022-10-15 07:44:53,229 [abd8e8e1-9e09-4ec0-a897-8fd48f6e99a3@group-50B708ACB90C-SegmentedRaftLogWorker] INFO  segmented.SegmentedRaftLogWorker (SegmentedRaftLogWorker.java:execute(629)) - abd8e8e1-9e09-4ec0-a897-8fd48f6e99a3@group-50B708ACB90C-SegmentedRaftLogWorker: created new log segment /home/runner/work/ozone/ozone/hadoop-ozone/integration-test/target/test-dir/MiniOzoneClusterImpl-0c55ea5e-da39-43b3-be52-3d6e56a90e90/datanode-0/data/ratis/e12b6185-82dd-4645-a51e-50b708acb90c/current/log_inprogress_0
2022-10-15 07:44:53,231 [ContainerReplicationThread-0] INFO  replication.DownloadAndImportReplicator (DownloadAndImportReplicator.java:replicate(122)) - Container 2 is replicated successfully
2022-10-15 07:44:53,231 [ContainerReplicationThread-0] INFO  replication.ReplicationSupervisor (ReplicationSupervisor.java:run(176)) - Container 2 is replicated.
2022-10-15 07:44:53,234 [8dac584f-6024-4576-b5a3-2bef0f48735e-server-thread1] INFO  segmented.SegmentedRaftLogWorker (SegmentedRaftLogWorker.java:startLogSegment(425)) - 8dac584f-6024-4576-b5a3-2bef0f48735e@group-50B708ACB90C-SegmentedRaftLogWorker: Starting segment from index:0
2022-10-15 07:44:53,238 [8dac584f-6024-4576-b5a3-2bef0f48735e@group-50B708ACB90C-SegmentedRaftLogWorker] INFO  segmented.SegmentedRaftLogWorker (SegmentedRaftLogWorker.java:execute(629)) - 8dac584f-6024-4576-b5a3-2bef0f48735e@group-50B708ACB90C-SegmentedRaftLogWorker: created new log segment /home/runner/work/ozone/ozone/hadoop-ozone/integration-test/target/test-dir/MiniOzoneClusterImpl-0c55ea5e-da39-43b3-be52-3d6e56a90e90/datanode-1/data/ratis/e12b6185-82dd-4645-a51e-50b708acb90c/current/log_inprogress_0
2022-10-15 07:44:53,395 [Under Replicated Processor] INFO  replication.UnderReplicatedProcessor (UnderReplicatedProcessor.java:processAll(92)) - Processed 0 under replicated containers, failed processing 0
2022-10-15 07:44:53,396 [Over Replicated Processor] INFO  replication.OverReplicatedProcessor (OverReplicatedProcessor.java:processAll(90)) - Processed 0 over replicated containers, failed processing 0
2022-10-15 07:44:53,395 [ReplicationMonitor] INFO  replication.ReplicationManager (ReplicationManager.java:processAll(324)) - Replication Monitor Thread took 0 milliseconds for processing 0 containers.
2022-10-15 07:44:53,439 [Over Replicated Processor] INFO  replication.OverReplicatedProcessor (OverReplicatedProcessor.java:processAll(90)) - Processed 0 over replicated containers, failed processing 0
2022-10-15 07:44:53,440 [Under Replicated Processor] INFO  replication.UnderReplicatedProcessor (UnderReplicatedProcessor.java:processAll(92)) - Processed 0 under replicated containers, failed processing 0
2022-10-15 07:44:53,441 [ReplicationMonitor] INFO  replication.ReplicationManager (ReplicationManager.java:processAll(324)) - Replication Monitor Thread took 0 milliseconds for processing 6 containers.
2022-10-15 07:44:53,600 [ReplicationMonitor] INFO  replication.ReplicationManager (ReplicationManager.java:processAll(291)) - Replication Manager is not ready to run until 3000ms after safemode exit
2022-10-15 07:44:54,017 [Listener at 127.0.0.1/40173] INFO  ozone.MiniOzoneClusterImpl (MiniOzoneClusterImpl.java:lambda$waitForClusterToBeReady$0(216)) - Nodes are ready. Got 7 of 7 DN Heartbeats.
2022-10-15 07:44:54,017 [Listener at 127.0.0.1/40173] INFO  ozone.MiniOzoneClusterImpl (MiniOzoneClusterImpl.java:lambda$waitForClusterToBeReady$0(219)) - Cluster exits safe mode
2022-10-15 07:44:54,017 [Listener at 127.0.0.1/40173] INFO  ozone.MiniOzoneClusterImpl (MiniOzoneClusterImpl.java:lambda$waitForClusterToBeReady$0(221)) - SCM became leader
2022-10-15 07:44:54,199 [7f555f3a-b754-420b-b6ea-bc4a43db69c9@group-C8483D63BD31-FollowerState] INFO  impl.FollowerState (FollowerState.java:run(143)) - 7f555f3a-b754-420b-b6ea-bc4a43db69c9@group-C8483D63BD31-FollowerState: change to CANDIDATE, lastRpcElapsedTime:5099391823ns, electionTimeout:5099ms
2022-10-15 07:44:54,199 [7f555f3a-b754-420b-b6ea-bc4a43db69c9@group-C8483D63BD31-FollowerState] INFO  impl.RoleInfo (RoleInfo.java:shutdownFollowerState(110)) - 7f555f3a-b754-420b-b6ea-bc4a43db69c9: shutdown 7f555f3a-b754-420b-b6ea-bc4a43db69c9@group-C8483D63BD31-FollowerState
2022-10-15 07:44:54,199 [7f555f3a-b754-420b-b6ea-bc4a43db69c9@group-C8483D63BD31-FollowerState] INFO  server.RaftServer$Division (RaftServerImpl.java:setRole(299)) - 7f555f3a-b754-420b-b6ea-bc4a43db69c9@group-C8483D63BD31: changes role from  FOLLOWER to CANDIDATE at term 2 for changeToCandidate
2022-10-15 07:44:54,199 [7f555f3a-b754-420b-b6ea-bc4a43db69c9@group-C8483D63BD31-FollowerState] INFO  server.RaftServerConfigKeys (ConfUtils.java:logGet(46)) - raft.server.leaderelection.pre-vote = false (custom)
2022-10-15 07:44:54,199 [7f555f3a-b754-420b-b6ea-bc4a43db69c9@group-C8483D63BD31-FollowerState] INFO  impl.RoleInfo (RoleInfo.java:updateAndGet(139)) - 7f555f3a-b754-420b-b6ea-bc4a43db69c9: start 7f555f3a-b754-420b-b6ea-bc4a43db69c9@group-C8483D63BD31-LeaderElection132
2022-10-15 07:44:54,202 [7f555f3a-b754-420b-b6ea-bc4a43db69c9@group-C8483D63BD31-LeaderElection132] INFO  impl.LeaderElection (LeaderElection.java:askForVotes(310)) - 7f555f3a-b754-420b-b6ea-bc4a43db69c9@group-C8483D63BD31-LeaderElection132 ELECTION round 0: submit vote requests at term 3 for -1: [ed0c9528-2c8b-4614-9eef-2d120a058ddc|rpc:10.1.1.113:42731|priority:0, 8734203a-70d5-40c1-ad48-a2d447aaef1c|rpc:10.1.1.113:36199|priority:1, 7f555f3a-b754-420b-b6ea-bc4a43db69c9|rpc:10.1.1.113:44353|priority:0], old=null
2022-10-15 07:44:54,204 [grpc-default-executor-7] INFO  server.RaftServer$Division (RaftServerImpl.java:requestVote(1152)) - ed0c9528-2c8b-4614-9eef-2d120a058ddc@group-C8483D63BD31: receive requestVote(ELECTION, 7f555f3a-b754-420b-b6ea-bc4a43db69c9, group-C8483D63BD31, 3, (t:0, i:0))
2022-10-15 07:44:54,204 [grpc-default-executor-7] INFO  impl.VoteContext (VoteContext.java:log(48)) - ed0c9528-2c8b-4614-9eef-2d120a058ddc@group-C8483D63BD31-FOLLOWER: accept ELECTION from 7f555f3a-b754-420b-b6ea-bc4a43db69c9: our priority 0 <= candidate's priority 0
2022-10-15 07:44:54,204 [grpc-default-executor-7] INFO  server.RaftServer$Division (RaftServerImpl.java:setRole(299)) - ed0c9528-2c8b-4614-9eef-2d120a058ddc@group-C8483D63BD31: changes role from  FOLLOWER to FOLLOWER at term 3 for candidate:7f555f3a-b754-420b-b6ea-bc4a43db69c9
2022-10-15 07:44:54,204 [grpc-default-executor-7] INFO  impl.RoleInfo (RoleInfo.java:shutdownFollowerState(110)) - ed0c9528-2c8b-4614-9eef-2d120a058ddc: shutdown ed0c9528-2c8b-4614-9eef-2d120a058ddc@group-C8483D63BD31-FollowerState
2022-10-15 07:44:54,204 [grpc-default-executor-7] INFO  impl.RoleInfo (RoleInfo.java:updateAndGet(139)) - ed0c9528-2c8b-4614-9eef-2d120a058ddc: start ed0c9528-2c8b-4614-9eef-2d120a058ddc@group-C8483D63BD31-FollowerState
2022-10-15 07:44:54,204 [ed0c9528-2c8b-4614-9eef-2d120a058ddc@group-C8483D63BD31-FollowerState] INFO  impl.FollowerState (FollowerState.java:run(152)) - ed0c9528-2c8b-4614-9eef-2d120a058ddc@group-C8483D63BD31-FollowerState was interrupted
2022-10-15 07:44:54,206 [grpc-default-executor-8] INFO  server.RaftServer$Division (RaftServerImpl.java:requestVote(1152)) - 8734203a-70d5-40c1-ad48-a2d447aaef1c@group-C8483D63BD31: receive requestVote(ELECTION, 7f555f3a-b754-420b-b6ea-bc4a43db69c9, group-C8483D63BD31, 3, (t:0, i:0))
2022-10-15 07:44:54,206 [grpc-default-executor-8] INFO  impl.VoteContext (VoteContext.java:log(48)) - 8734203a-70d5-40c1-ad48-a2d447aaef1c@group-C8483D63BD31-FOLLOWER: reject ELECTION from 7f555f3a-b754-420b-b6ea-bc4a43db69c9: our priority 1 > candidate's priority 0
2022-10-15 07:44:54,206 [grpc-default-executor-8] INFO  server.RaftServer$Division (RaftServerImpl.java:setRole(299)) - 8734203a-70d5-40c1-ad48-a2d447aaef1c@group-C8483D63BD31: changes role from  FOLLOWER to FOLLOWER at term 3 for candidate:7f555f3a-b754-420b-b6ea-bc4a43db69c9
2022-10-15 07:44:54,206 [grpc-default-executor-8] INFO  impl.RoleInfo (RoleInfo.java:shutdownFollowerState(110)) - 8734203a-70d5-40c1-ad48-a2d447aaef1c: shutdown 8734203a-70d5-40c1-ad48-a2d447aaef1c@group-C8483D63BD31-FollowerState
2022-10-15 07:44:54,206 [grpc-default-executor-8] INFO  impl.RoleInfo (RoleInfo.java:updateAndGet(139)) - 8734203a-70d5-40c1-ad48-a2d447aaef1c: start 8734203a-70d5-40c1-ad48-a2d447aaef1c@group-C8483D63BD31-FollowerState
2022-10-15 07:44:54,206 [8734203a-70d5-40c1-ad48-a2d447aaef1c@group-C8483D63BD31-FollowerState] INFO  impl.FollowerState (FollowerState.java:run(152)) - 8734203a-70d5-40c1-ad48-a2d447aaef1c@group-C8483D63BD31-FollowerState was interrupted
2022-10-15 07:44:54,207 [grpc-default-executor-7] INFO  server.RaftServer$Division (RaftServerImpl.java:requestVote(1184)) - ed0c9528-2c8b-4614-9eef-2d120a058ddc@group-C8483D63BD31 replies to ELECTION vote request: 7f555f3a-b754-420b-b6ea-bc4a43db69c9<-ed0c9528-2c8b-4614-9eef-2d120a058ddc#0:OK-t3. Peer's state: ed0c9528-2c8b-4614-9eef-2d120a058ddc@group-C8483D63BD31:t3, leader=null, voted=7f555f3a-b754-420b-b6ea-bc4a43db69c9, raftlog=ed0c9528-2c8b-4614-9eef-2d120a058ddc@group-C8483D63BD31-SegmentedRaftLog:OPENED:c-1, conf=-1: [ed0c9528-2c8b-4614-9eef-2d120a058ddc|rpc:10.1.1.113:42731|dataStream:|priority:0, 8734203a-70d5-40c1-ad48-a2d447aaef1c|rpc:10.1.1.113:36199|dataStream:|priority:1, 7f555f3a-b754-420b-b6ea-bc4a43db69c9|rpc:10.1.1.113:44353|dataStream:|priority:0], old=null
2022-10-15 07:44:54,208 [grpc-default-executor-8] INFO  server.RaftServer$Division (RaftServerImpl.java:requestVote(1184)) - 8734203a-70d5-40c1-ad48-a2d447aaef1c@group-C8483D63BD31 replies to ELECTION vote request: 7f555f3a-b754-420b-b6ea-bc4a43db69c9<-8734203a-70d5-40c1-ad48-a2d447aaef1c#0:FAIL-t3. Peer's state: 8734203a-70d5-40c1-ad48-a2d447aaef1c@group-C8483D63BD31:t3, leader=null, voted=null, raftlog=8734203a-70d5-40c1-ad48-a2d447aaef1c@group-C8483D63BD31-SegmentedRaftLog:OPENED:c-1, conf=-1: [ed0c9528-2c8b-4614-9eef-2d120a058ddc|rpc:10.1.1.113:42731|dataStream:|priority:0, 8734203a-70d5-40c1-ad48-a2d447aaef1c|rpc:10.1.1.113:36199|dataStream:|priority:1, 7f555f3a-b754-420b-b6ea-bc4a43db69c9|rpc:10.1.1.113:44353|dataStream:|priority:0], old=null
2022-10-15 07:44:54,210 [7f555f3a-b754-420b-b6ea-bc4a43db69c9@group-C8483D63BD31-LeaderElection132] INFO  impl.LeaderElection (LeaderElection.java:logAndReturn(90)) - 7f555f3a-b754-420b-b6ea-bc4a43db69c9@group-C8483D63BD31-LeaderElection132: ELECTION REJECTED received 2 response(s) and 0 exception(s):
2022-10-15 07:44:54,210 [7f555f3a-b754-420b-b6ea-bc4a43db69c9@group-C8483D63BD31-LeaderElection132] INFO  impl.LeaderElection (LeaderElection.java:logAndReturn(94)) -   Response 0: 7f555f3a-b754-420b-b6ea-bc4a43db69c9<-ed0c9528-2c8b-4614-9eef-2d120a058ddc#0:OK-t3
2022-10-15 07:44:54,210 [7f555f3a-b754-420b-b6ea-bc4a43db69c9@group-C8483D63BD31-LeaderElection132] INFO  impl.LeaderElection (LeaderElection.java:logAndReturn(94)) -   Response 1: 7f555f3a-b754-420b-b6ea-bc4a43db69c9<-8734203a-70d5-40c1-ad48-a2d447aaef1c#0:FAIL-t3
2022-10-15 07:44:54,211 [7f555f3a-b754-420b-b6ea-bc4a43db69c9@group-C8483D63BD31-LeaderElection132] INFO  impl.LeaderElection (LeaderElection.java:askForVotes(312)) - 7f555f3a-b754-420b-b6ea-bc4a43db69c9@group-C8483D63BD31-LeaderElection132 ELECTION round 0: result REJECTED
2022-10-15 07:44:54,211 [7f555f3a-b754-420b-b6ea-bc4a43db69c9@group-C8483D63BD31-LeaderElection132] INFO  server.RaftServer$Division (RaftServerImpl.java:setRole(299)) - 7f555f3a-b754-420b-b6ea-bc4a43db69c9@group-C8483D63BD31: changes role from CANDIDATE to FOLLOWER at term 3 for REJECTED
2022-10-15 07:44:54,211 [7f555f3a-b754-420b-b6ea-bc4a43db69c9@group-C8483D63BD31-LeaderElection132] INFO  impl.RoleInfo (RoleInfo.java:shutdownLeaderElection(130)) - 7f555f3a-b754-420b-b6ea-bc4a43db69c9: shutdown 7f555f3a-b754-420b-b6ea-bc4a43db69c9@group-C8483D63BD31-LeaderElection132
2022-10-15 07:44:54,211 [7f555f3a-b754-420b-b6ea-bc4a43db69c9@group-C8483D63BD31-LeaderElection132] INFO  impl.RoleInfo (RoleInfo.java:updateAndGet(139)) - 7f555f3a-b754-420b-b6ea-bc4a43db69c9: start 7f555f3a-b754-420b-b6ea-bc4a43db69c9@group-C8483D63BD31-FollowerState
2022-10-15 07:44:54,396 [Under Replicated Processor] INFO  replication.UnderReplicatedProcessor (UnderReplicatedProcessor.java:processAll(92)) - Processed 0 under replicated containers, failed processing 0
2022-10-15 07:44:54,396 [Over Replicated Processor] INFO  replication.OverReplicatedProcessor (OverReplicatedProcessor.java:processAll(90)) - Processed 0 over replicated containers, failed processing 0
2022-10-15 07:44:54,396 [ReplicationMonitor] INFO  replication.ReplicationManager (ReplicationManager.java:processAll(324)) - Replication Monitor Thread took 0 milliseconds for processing 0 containers.
2022-10-15 07:44:54,439 [Over Replicated Processor] INFO  replication.OverReplicatedProcessor (OverReplicatedProcessor.java:processAll(90)) - Processed 0 over replicated containers, failed processing 0
2022-10-15 07:44:54,440 [Under Replicated Processor] INFO  replication.UnderReplicatedProcessor (UnderReplicatedProcessor.java:processAll(92)) - Processed 0 under replicated containers, failed processing 0
2022-10-15 07:44:54,441 [ReplicationMonitor] INFO  replication.ReplicationManager (ReplicationManager.java:processAll(324)) - Replication Monitor Thread took 0 milliseconds for processing 6 containers.
2022-10-15 07:44:54,600 [ReplicationMonitor] INFO  replication.ReplicationManager (ReplicationManager.java:processAll(291)) - Replication Manager is not ready to run until 3000ms after safemode exit
2022-10-15 07:44:55,396 [Under Replicated Processor] INFO  replication.UnderReplicatedProcessor (UnderReplicatedProcessor.java:processAll(92)) - Processed 0 under replicated containers, failed processing 0
2022-10-15 07:44:55,396 [ReplicationMonitor] INFO  replication.ReplicationManager (ReplicationManager.java:processAll(324)) - Replication Monitor Thread took 0 milliseconds for processing 0 containers.
2022-10-15 07:44:55,396 [Over Replicated Processor] INFO  replication.OverReplicatedProcessor (OverReplicatedProcessor.java:processAll(90)) - Processed 0 over replicated containers, failed processing 0
2022-10-15 07:44:55,440 [Over Replicated Processor] INFO  replication.OverReplicatedProcessor (OverReplicatedProcessor.java:processAll(90)) - Processed 0 over replicated containers, failed processing 0
2022-10-15 07:44:55,440 [Under Replicated Processor] INFO  replication.UnderReplicatedProcessor (UnderReplicatedProcessor.java:processAll(92)) - Processed 0 under replicated containers, failed processing 0
2022-10-15 07:44:55,442 [ReplicationMonitor] INFO  replication.ReplicationManager (ReplicationManager.java:processAll(324)) - Replication Monitor Thread took 0 milliseconds for processing 6 containers.
2022-10-15 07:44:55,601 [ReplicationMonitor] INFO  replication.ReplicationManager (ReplicationManager.java:processAll(291)) - Replication Manager is not ready to run until 3000ms after safemode exit
2022-10-15 07:44:56,396 [Under Replicated Processor] INFO  replication.UnderReplicatedProcessor (UnderReplicatedProcessor.java:processAll(92)) - Processed 0 under replicated containers, failed processing 0
2022-10-15 07:44:56,396 [ReplicationMonitor] INFO  replication.ReplicationManager (ReplicationManager.java:processAll(324)) - Replication Monitor Thread took 0 milliseconds for processing 0 containers.
2022-10-15 07:44:56,396 [Over Replicated Processor] INFO  replication.OverReplicatedProcessor (OverReplicatedProcessor.java:processAll(90)) - Processed 0 over replicated containers, failed processing 0
2022-10-15 07:44:56,440 [Over Replicated Processor] INFO  replication.OverReplicatedProcessor (OverReplicatedProcessor.java:processAll(90)) - Processed 0 over replicated containers, failed processing 0
2022-10-15 07:44:56,440 [Under Replicated Processor] INFO  replication.UnderReplicatedProcessor (UnderReplicatedProcessor.java:processAll(92)) - Processed 0 under replicated containers, failed processing 0
2022-10-15 07:44:56,442 [ReplicationMonitor] INFO  replication.ReplicationManager (ReplicationManager.java:processAll(324)) - Replication Monitor Thread took 0 milliseconds for processing 6 containers.
2022-10-15 07:44:56,508 [Under Replicated Processor] INFO  replication.UnderReplicatedProcessor (UnderReplicatedProcessor.java:processAll(92)) - Processed 0 under replicated containers, failed processing 0
2022-10-15 07:44:56,508 [Over Replicated Processor] INFO  replication.OverReplicatedProcessor (OverReplicatedProcessor.java:processAll(90)) - Processed 0 over replicated containers, failed processing 0
2022-10-15 07:44:56,601 [ReplicationMonitor] INFO  replication.ReplicationManager (ReplicationManager.java:processAll(324)) - Replication Monitor Thread took 0 milliseconds for processing 0 containers.
2022-10-15 07:44:57,396 [Under Replicated Processor] INFO  replication.UnderReplicatedProcessor (UnderReplicatedProcessor.java:processAll(92)) - Processed 0 under replicated containers, failed processing 0
2022-10-15 07:44:57,396 [ReplicationMonitor] INFO  replication.ReplicationManager (ReplicationManager.java:processAll(324)) - Replication Monitor Thread took 0 milliseconds for processing 0 containers.
2022-10-15 07:44:57,397 [Over Replicated Processor] INFO  replication.OverReplicatedProcessor (OverReplicatedProcessor.java:processAll(90)) - Processed 0 over replicated containers, failed processing 0
2022-10-15 07:44:57,440 [Over Replicated Processor] INFO  replication.OverReplicatedProcessor (OverReplicatedProcessor.java:processAll(90)) - Processed 0 over replicated containers, failed processing 0
2022-10-15 07:44:57,440 [Under Replicated Processor] INFO  replication.UnderReplicatedProcessor (UnderReplicatedProcessor.java:processAll(92)) - Processed 0 under replicated containers, failed processing 0
2022-10-15 07:44:57,442 [ReplicationMonitor] INFO  replication.ReplicationManager (ReplicationManager.java:processAll(324)) - Replication Monitor Thread took 0 milliseconds for processing 6 containers.
2022-10-15 07:44:57,508 [Under Replicated Processor] INFO  replication.UnderReplicatedProcessor (UnderReplicatedProcessor.java:processAll(92)) - Processed 0 under replicated containers, failed processing 0
2022-10-15 07:44:57,509 [Over Replicated Processor] INFO  replication.OverReplicatedProcessor (OverReplicatedProcessor.java:processAll(90)) - Processed 0 over replicated containers, failed processing 0
2022-10-15 07:44:57,601 [ReplicationMonitor] INFO  replication.ReplicationManager (ReplicationManager.java:processAll(324)) - Replication Monitor Thread took 0 milliseconds for processing 0 containers.
2022-10-15 07:44:58,397 [Under Replicated Processor] INFO  replication.UnderReplicatedProcessor (UnderReplicatedProcessor.java:processAll(92)) - Processed 0 under replicated containers, failed processing 0
2022-10-15 07:44:58,397 [Over Replicated Processor] INFO  replication.OverReplicatedProcessor (OverReplicatedProcessor.java:processAll(90)) - Processed 0 over replicated containers, failed processing 0
2022-10-15 07:44:58,397 [ReplicationMonitor] INFO  replication.ReplicationManager (ReplicationManager.java:processAll(324)) - Replication Monitor Thread took 0 milliseconds for processing 0 containers.
2022-10-15 07:44:58,440 [Over Replicated Processor] INFO  replication.OverReplicatedProcessor (OverReplicatedProcessor.java:processAll(90)) - Processed 0 over replicated containers, failed processing 0
2022-10-15 07:44:58,440 [Under Replicated Processor] INFO  replication.UnderReplicatedProcessor (UnderReplicatedProcessor.java:processAll(92)) - Processed 0 under replicated containers, failed processing 0
2022-10-15 07:44:58,443 [ReplicationMonitor] INFO  replication.ReplicationManager (ReplicationManager.java:processAll(324)) - Replication Monitor Thread took 0 milliseconds for processing 6 containers.
2022-10-15 07:44:58,508 [Under Replicated Processor] INFO  replication.UnderReplicatedProcessor (UnderReplicatedProcessor.java:processAll(92)) - Processed 0 under replicated containers, failed processing 0
2022-10-15 07:44:58,509 [Over Replicated Processor] INFO  replication.OverReplicatedProcessor (OverReplicatedProcessor.java:processAll(90)) - Processed 0 over replicated containers, failed processing 0
2022-10-15 07:44:58,601 [ReplicationMonitor] INFO  replication.ReplicationManager (ReplicationManager.java:processAll(324)) - Replication Monitor Thread took 0 milliseconds for processing 0 containers.
2022-10-15 07:44:59,259 [8734203a-70d5-40c1-ad48-a2d447aaef1c@group-C8483D63BD31-FollowerState] INFO  impl.FollowerState (FollowerState.java:run(143)) - 8734203a-70d5-40c1-ad48-a2d447aaef1c@group-C8483D63BD31-FollowerState: change to CANDIDATE, lastRpcElapsedTime:5052599242ns, electionTimeout:5052ms
2022-10-15 07:44:59,259 [8734203a-70d5-40c1-ad48-a2d447aaef1c@group-C8483D63BD31-FollowerState] INFO  impl.RoleInfo (RoleInfo.java:shutdownFollowerState(110)) - 8734203a-70d5-40c1-ad48-a2d447aaef1c: shutdown 8734203a-70d5-40c1-ad48-a2d447aaef1c@group-C8483D63BD31-FollowerState
2022-10-15 07:44:59,259 [8734203a-70d5-40c1-ad48-a2d447aaef1c@group-C8483D63BD31-FollowerState] INFO  server.RaftServer$Division (RaftServerImpl.java:setRole(299)) - 8734203a-70d5-40c1-ad48-a2d447aaef1c@group-C8483D63BD31: changes role from  FOLLOWER to CANDIDATE at term 3 for changeToCandidate
2022-10-15 07:44:59,259 [8734203a-70d5-40c1-ad48-a2d447aaef1c@group-C8483D63BD31-FollowerState] INFO  server.RaftServerConfigKeys (ConfUtils.java:logGet(46)) - raft.server.leaderelection.pre-vote = false (custom)
2022-10-15 07:44:59,259 [8734203a-70d5-40c1-ad48-a2d447aaef1c@group-C8483D63BD31-FollowerState] INFO  impl.RoleInfo (RoleInfo.java:updateAndGet(139)) - 8734203a-70d5-40c1-ad48-a2d447aaef1c: start 8734203a-70d5-40c1-ad48-a2d447aaef1c@group-C8483D63BD31-LeaderElection133
2022-10-15 07:44:59,262 [8734203a-70d5-40c1-ad48-a2d447aaef1c@group-C8483D63BD31-LeaderElection133] INFO  impl.LeaderElection (LeaderElection.java:askForVotes(310)) - 8734203a-70d5-40c1-ad48-a2d447aaef1c@group-C8483D63BD31-LeaderElection133 ELECTION round 0: submit vote requests at term 4 for -1: [ed0c9528-2c8b-4614-9eef-2d120a058ddc|rpc:10.1.1.113:42731|dataStream:|priority:0, 8734203a-70d5-40c1-ad48-a2d447aaef1c|rpc:10.1.1.113:36199|dataStream:|priority:1, 7f555f3a-b754-420b-b6ea-bc4a43db69c9|rpc:10.1.1.113:44353|dataStream:|priority:0], old=null
2022-10-15 07:44:59,267 [7f555f3a-b754-420b-b6ea-bc4a43db69c9@group-C8483D63BD31-FollowerState] INFO  impl.FollowerState (FollowerState.java:run(143)) - 7f555f3a-b754-420b-b6ea-bc4a43db69c9@group-C8483D63BD31-FollowerState: change to CANDIDATE, lastRpcElapsedTime:5056537773ns, electionTimeout:5056ms
2022-10-15 07:44:59,267 [7f555f3a-b754-420b-b6ea-bc4a43db69c9@group-C8483D63BD31-FollowerState] INFO  impl.RoleInfo (RoleInfo.java:shutdownFollowerState(110)) - 7f555f3a-b754-420b-b6ea-bc4a43db69c9: shutdown 7f555f3a-b754-420b-b6ea-bc4a43db69c9@group-C8483D63BD31-FollowerState
2022-10-15 07:44:59,267 [7f555f3a-b754-420b-b6ea-bc4a43db69c9@group-C8483D63BD31-FollowerState] INFO  server.RaftServer$Division (RaftServerImpl.java:setRole(299)) - 7f555f3a-b754-420b-b6ea-bc4a43db69c9@group-C8483D63BD31: changes role from  FOLLOWER to CANDIDATE at term 3 for changeToCandidate
2022-10-15 07:44:59,268 [7f555f3a-b754-420b-b6ea-bc4a43db69c9@group-C8483D63BD31-FollowerState] INFO  server.RaftServerConfigKeys (ConfUtils.java:logGet(46)) - raft.server.leaderelection.pre-vote = false (custom)
2022-10-15 07:44:59,268 [7f555f3a-b754-420b-b6ea-bc4a43db69c9@group-C8483D63BD31-FollowerState] INFO  impl.RoleInfo (RoleInfo.java:updateAndGet(139)) - 7f555f3a-b754-420b-b6ea-bc4a43db69c9: start 7f555f3a-b754-420b-b6ea-bc4a43db69c9@group-C8483D63BD31-LeaderElection134
2022-10-15 07:44:59,269 [grpc-default-executor-8] INFO  server.RaftServer$Division (RaftServerImpl.java:requestVote(1152)) - 7f555f3a-b754-420b-b6ea-bc4a43db69c9@group-C8483D63BD31: receive requestVote(ELECTION, 8734203a-70d5-40c1-ad48-a2d447aaef1c, group-C8483D63BD31, 4, (t:0, i:0))
2022-10-15 07:44:59,269 [grpc-default-executor-8] INFO  impl.VoteContext (VoteContext.java:log(48)) - 7f555f3a-b754-420b-b6ea-bc4a43db69c9@group-C8483D63BD31-CANDIDATE: accept ELECTION from 8734203a-70d5-40c1-ad48-a2d447aaef1c: our priority 0 <= candidate's priority 1
2022-10-15 07:44:59,269 [grpc-default-executor-8] INFO  server.RaftServer$Division (RaftServerImpl.java:setRole(299)) - 7f555f3a-b754-420b-b6ea-bc4a43db69c9@group-C8483D63BD31: changes role from CANDIDATE to FOLLOWER at term 4 for candidate:8734203a-70d5-40c1-ad48-a2d447aaef1c
2022-10-15 07:44:59,269 [grpc-default-executor-8] INFO  impl.RoleInfo (RoleInfo.java:shutdownLeaderElection(130)) - 7f555f3a-b754-420b-b6ea-bc4a43db69c9: shutdown 7f555f3a-b754-420b-b6ea-bc4a43db69c9@group-C8483D63BD31-LeaderElection134
2022-10-15 07:44:59,270 [grpc-default-executor-8] INFO  impl.RoleInfo (RoleInfo.java:updateAndGet(139)) - 7f555f3a-b754-420b-b6ea-bc4a43db69c9: start 7f555f3a-b754-420b-b6ea-bc4a43db69c9@group-C8483D63BD31-FollowerState
2022-10-15 07:44:59,270 [7f555f3a-b754-420b-b6ea-bc4a43db69c9@group-C8483D63BD31-LeaderElection134] INFO  impl.LeaderElection (LeaderElection.java:run(231)) - 7f555f3a-b754-420b-b6ea-bc4a43db69c9@group-C8483D63BD31-LeaderElection134: skip running since this is already CLOSING
2022-10-15 07:44:59,270 [grpc-default-executor-7] INFO  server.RaftServer$Division (RaftServerImpl.java:requestVote(1152)) - ed0c9528-2c8b-4614-9eef-2d120a058ddc@group-C8483D63BD31: receive requestVote(ELECTION, 8734203a-70d5-40c1-ad48-a2d447aaef1c, group-C8483D63BD31, 4, (t:0, i:0))
2022-10-15 07:44:59,270 [grpc-default-executor-7] INFO  impl.VoteContext (VoteContext.java:log(48)) - ed0c9528-2c8b-4614-9eef-2d120a058ddc@group-C8483D63BD31-FOLLOWER: accept ELECTION from 8734203a-70d5-40c1-ad48-a2d447aaef1c: our priority 0 <= candidate's priority 1
2022-10-15 07:44:59,271 [grpc-default-executor-7] INFO  server.RaftServer$Division (RaftServerImpl.java:setRole(299)) - ed0c9528-2c8b-4614-9eef-2d120a058ddc@group-C8483D63BD31: changes role from  FOLLOWER to FOLLOWER at term 4 for candidate:8734203a-70d5-40c1-ad48-a2d447aaef1c
2022-10-15 07:44:59,271 [grpc-default-executor-7] INFO  impl.RoleInfo (RoleInfo.java:shutdownFollowerState(110)) - ed0c9528-2c8b-4614-9eef-2d120a058ddc: shutdown ed0c9528-2c8b-4614-9eef-2d120a058ddc@group-C8483D63BD31-FollowerState
2022-10-15 07:44:59,271 [grpc-default-executor-7] INFO  impl.RoleInfo (RoleInfo.java:updateAndGet(139)) - ed0c9528-2c8b-4614-9eef-2d120a058ddc: start ed0c9528-2c8b-4614-9eef-2d120a058ddc@group-C8483D63BD31-FollowerState
2022-10-15 07:44:59,271 [ed0c9528-2c8b-4614-9eef-2d120a058ddc@group-C8483D63BD31-FollowerState] INFO  impl.FollowerState (FollowerState.java:run(152)) - ed0c9528-2c8b-4614-9eef-2d120a058ddc@group-C8483D63BD31-FollowerState was interrupted
2022-10-15 07:44:59,271 [grpc-default-executor-8] INFO  server.RaftServer$Division (RaftServerImpl.java:requestVote(1184)) - 7f555f3a-b754-420b-b6ea-bc4a43db69c9@group-C8483D63BD31 replies to ELECTION vote request: 8734203a-70d5-40c1-ad48-a2d447aaef1c<-7f555f3a-b754-420b-b6ea-bc4a43db69c9#0:OK-t4. Peer's state: 7f555f3a-b754-420b-b6ea-bc4a43db69c9@group-C8483D63BD31:t4, leader=null, voted=8734203a-70d5-40c1-ad48-a2d447aaef1c, raftlog=7f555f3a-b754-420b-b6ea-bc4a43db69c9@group-C8483D63BD31-SegmentedRaftLog:OPENED:c-1, conf=-1: [ed0c9528-2c8b-4614-9eef-2d120a058ddc|rpc:10.1.1.113:42731|priority:0, 8734203a-70d5-40c1-ad48-a2d447aaef1c|rpc:10.1.1.113:36199|priority:1, 7f555f3a-b754-420b-b6ea-bc4a43db69c9|rpc:10.1.1.113:44353|priority:0], old=null
2022-10-15 07:44:59,272 [grpc-default-executor-7] INFO  server.RaftServer$Division (RaftServerImpl.java:requestVote(1184)) - ed0c9528-2c8b-4614-9eef-2d120a058ddc@group-C8483D63BD31 replies to ELECTION vote request: 8734203a-70d5-40c1-ad48-a2d447aaef1c<-ed0c9528-2c8b-4614-9eef-2d120a058ddc#0:OK-t4. Peer's state: ed0c9528-2c8b-4614-9eef-2d120a058ddc@group-C8483D63BD31:t4, leader=null, voted=8734203a-70d5-40c1-ad48-a2d447aaef1c, raftlog=ed0c9528-2c8b-4614-9eef-2d120a058ddc@group-C8483D63BD31-SegmentedRaftLog:OPENED:c-1, conf=-1: [ed0c9528-2c8b-4614-9eef-2d120a058ddc|rpc:10.1.1.113:42731|dataStream:|priority:0, 8734203a-70d5-40c1-ad48-a2d447aaef1c|rpc:10.1.1.113:36199|dataStream:|priority:1, 7f555f3a-b754-420b-b6ea-bc4a43db69c9|rpc:10.1.1.113:44353|dataStream:|priority:0], old=null
2022-10-15 07:44:59,273 [8734203a-70d5-40c1-ad48-a2d447aaef1c@group-C8483D63BD31-LeaderElection133] INFO  impl.LeaderElection (LeaderElection.java:logAndReturn(90)) - 8734203a-70d5-40c1-ad48-a2d447aaef1c@group-C8483D63BD31-LeaderElection133: ELECTION PASSED received 1 response(s) and 0 exception(s):
2022-10-15 07:44:59,273 [8734203a-70d5-40c1-ad48-a2d447aaef1c@group-C8483D63BD31-LeaderElection133] INFO  impl.LeaderElection (LeaderElection.java:logAndReturn(94)) -   Response 0: 8734203a-70d5-40c1-ad48-a2d447aaef1c<-ed0c9528-2c8b-4614-9eef-2d120a058ddc#0:OK-t4
2022-10-15 07:44:59,273 [8734203a-70d5-40c1-ad48-a2d447aaef1c@group-C8483D63BD31-LeaderElection133] INFO  impl.LeaderElection (LeaderElection.java:askForVotes(312)) - 8734203a-70d5-40c1-ad48-a2d447aaef1c@group-C8483D63BD31-LeaderElection133 ELECTION round 0: result PASSED
2022-10-15 07:44:59,273 [8734203a-70d5-40c1-ad48-a2d447aaef1c@group-C8483D63BD31-LeaderElection133] INFO  impl.RoleInfo (RoleInfo.java:shutdownLeaderElection(130)) - 8734203a-70d5-40c1-ad48-a2d447aaef1c: shutdown 8734203a-70d5-40c1-ad48-a2d447aaef1c@group-C8483D63BD31-LeaderElection133
2022-10-15 07:44:59,273 [8734203a-70d5-40c1-ad48-a2d447aaef1c@group-C8483D63BD31-LeaderElection133] INFO  server.RaftServer$Division (RaftServerImpl.java:setRole(299)) - 8734203a-70d5-40c1-ad48-a2d447aaef1c@group-C8483D63BD31: changes role from CANDIDATE to LEADER at term 4 for changeToLeader
2022-10-15 07:44:59,273 [8734203a-70d5-40c1-ad48-a2d447aaef1c@group-C8483D63BD31-LeaderElection133] INFO  ratis.XceiverServerRatis (XceiverServerRatis.java:handleLeaderChangedNotification(863)) - Leader change notification received for group: group-C8483D63BD31 with new leaderId: 8734203a-70d5-40c1-ad48-a2d447aaef1c
2022-10-15 07:44:59,273 [8734203a-70d5-40c1-ad48-a2d447aaef1c@group-C8483D63BD31-LeaderElection133] INFO  server.RaftServer$Division (ServerState.java:setLeader(287)) - 8734203a-70d5-40c1-ad48-a2d447aaef1c@group-C8483D63BD31: change Leader from null to 8734203a-70d5-40c1-ad48-a2d447aaef1c at term 4 for becomeLeader, leader elected after 20173ms
2022-10-15 07:44:59,273 [8734203a-70d5-40c1-ad48-a2d447aaef1c@group-C8483D63BD31-LeaderElection133] INFO  server.RaftServerConfigKeys (ConfUtils.java:logGet(46)) - raft.server.staging.catchup.gap = 1000 (default)
2022-10-15 07:44:59,274 [8734203a-70d5-40c1-ad48-a2d447aaef1c@group-C8483D63BD31-LeaderElection133] INFO  server.RaftServerConfigKeys (ConfUtils.java:logGet(46)) - raft.server.write.element-limit = 1024 (custom)
2022-10-15 07:44:59,274 [8734203a-70d5-40c1-ad48-a2d447aaef1c@group-C8483D63BD31-LeaderElection133] INFO  server.RaftServerConfigKeys (ConfUtils.java:logGet(46)) - raft.server.write.byte-limit = 1024 M (=1073741824) (custom)
2022-10-15 07:44:59,274 [8734203a-70d5-40c1-ad48-a2d447aaef1c@group-C8483D63BD31-LeaderElection133] INFO  server.RaftServerConfigKeys (ConfUtils.java:logGet(46)) - raft.server.watch.timeout = 180s (custom)
2022-10-15 07:44:59,275 [8734203a-70d5-40c1-ad48-a2d447aaef1c@group-C8483D63BD31-LeaderElection133] INFO  server.RaftServerConfigKeys (ConfUtils.java:logGet(46)) - raft.server.watch.timeout.denomination = 1s (default)
2022-10-15 07:44:59,275 [8734203a-70d5-40c1-ad48-a2d447aaef1c@group-C8483D63BD31-LeaderElection133] INFO  server.RaftServerConfigKeys (ConfUtils.java:logGet(46)) - raft.server.watch.element-limit = 65536 (default)
2022-10-15 07:44:59,275 [8734203a-70d5-40c1-ad48-a2d447aaef1c@group-C8483D63BD31-LeaderElection133] INFO  server.RaftServerConfigKeys (ConfUtils.java:logGet(46)) - raft.server.write.element-limit = 1024 (custom)
2022-10-15 07:44:59,275 [8734203a-70d5-40c1-ad48-a2d447aaef1c@group-C8483D63BD31-LeaderElection133] INFO  server.RaftServerConfigKeys (ConfUtils.java:logGet(46)) - raft.server.write.follower.gap.ratio.max = -1.0 (default)
2022-10-15 07:44:59,277 [8734203a-70d5-40c1-ad48-a2d447aaef1c@group-C8483D63BD31-LeaderElection133] INFO  server.RaftServerConfigKeys (ConfUtils.java:logGet(46)) - raft.server.log.appender.snapshot.chunk.size.max = 16MB (=16777216) (default)
2022-10-15 07:44:59,277 [8734203a-70d5-40c1-ad48-a2d447aaef1c@group-C8483D63BD31-LeaderElection133] INFO  server.RaftServerConfigKeys (ConfUtils.java:logGet(46)) - raft.server.log.appender.buffer.byte-limit = 33554432 (custom)
2022-10-15 07:44:59,277 [8734203a-70d5-40c1-ad48-a2d447aaef1c@group-C8483D63BD31-LeaderElection133] INFO  server.RaftServerConfigKeys (ConfUtils.java:logGet(46)) - raft.server.log.appender.buffer.element-limit = 1 (custom)
2022-10-15 07:44:59,277 [8734203a-70d5-40c1-ad48-a2d447aaef1c@group-C8483D63BD31-LeaderElection133] INFO  grpc.GrpcConfigKeys (ConfUtils.java:logGet(46)) - raft.grpc.server.leader.outstanding.appends.max = 128 (default)
2022-10-15 07:44:59,277 [8734203a-70d5-40c1-ad48-a2d447aaef1c@group-C8483D63BD31-LeaderElection133] INFO  server.RaftServerConfigKeys (ConfUtils.java:logGet(46)) - raft.server.rpc.request.timeout = 60s (custom)
2022-10-15 07:44:59,277 [8734203a-70d5-40c1-ad48-a2d447aaef1c@group-C8483D63BD31-LeaderElection133] INFO  server.RaftServerConfigKeys (ConfUtils.java:logGet(46)) - raft.server.log.appender.install.snapshot.enabled = false (custom)
2022-10-15 07:44:59,279 [EventQueue-PipelineReportForPipelineReportHandler] INFO  pipeline.PipelineManagerImpl (PipelineManagerImpl.java:openPipeline(367)) - Pipeline Pipeline[ Id: f2e8005a-576a-4ae0-995a-c8483d63bd31, Nodes: ed0c9528-2c8b-4614-9eef-2d120a058ddc{ip: 10.1.1.113, host: fv-az204-107.tdy0fjcc0bpubcu1xr20co1pbf.dx.internal.cloudapp.net, ports: [REPLICATION=45455, RATIS=42731, RATIS_ADMIN=42731, RATIS_SERVER=42731, STANDALONE=46663], networkLocation: /default-rack, certSerialId: null, persistedOpState: IN_SERVICE, persistedOpStateExpiryEpochSec: 0}7f555f3a-b754-420b-b6ea-bc4a43db69c9{ip: 10.1.1.113, host: fv-az204-107.tdy0fjcc0bpubcu1xr20co1pbf.dx.internal.cloudapp.net, ports: [REPLICATION=36131, RATIS=44353, RATIS_ADMIN=44353, RATIS_SERVER=44353, STANDALONE=43183], networkLocation: /default-rack, certSerialId: null, persistedOpState: IN_SERVICE, persistedOpStateExpiryEpochSec: 0}8734203a-70d5-40c1-ad48-a2d447aaef1c{ip: 10.1.1.113, host: fv-az204-107.tdy0fjcc0bpubcu1xr20co1pbf.dx.internal.cloudapp.net, ports: [REPLICATION=45381, RATIS=36199, RATIS_ADMIN=36199, RATIS_SERVER=36199, STANDALONE=41975], networkLocation: /default-rack, certSerialId: null, persistedOpState: IN_SERVICE, persistedOpStateExpiryEpochSec: 0}, ReplicationConfig: RATIS/THREE, State:ALLOCATED, leaderId:8734203a-70d5-40c1-ad48-a2d447aaef1c, CreationTimestamp2022-10-15T07:44:36.702Z[Etc/UTC]] moved to OPEN state
2022-10-15 07:44:59,281 [8734203a-70d5-40c1-ad48-a2d447aaef1c@group-C8483D63BD31-LeaderElection133] INFO  server.RaftServerConfigKeys (ConfUtils.java:logGet(46)) - raft.server.log.appender.snapshot.chunk.size.max = 16MB (=16777216) (default)
2022-10-15 07:44:59,281 [8734203a-70d5-40c1-ad48-a2d447aaef1c@group-C8483D63BD31-LeaderElection133] INFO  server.RaftServerConfigKeys (ConfUtils.java:logGet(46)) - raft.server.log.appender.buffer.byte-limit = 33554432 (custom)
2022-10-15 07:44:59,281 [8734203a-70d5-40c1-ad48-a2d447aaef1c@group-C8483D63BD31-LeaderElection133] INFO  server.RaftServerConfigKeys (ConfUtils.java:logGet(46)) - raft.server.log.appender.buffer.element-limit = 1 (custom)
2022-10-15 07:44:59,281 [8734203a-70d5-40c1-ad48-a2d447aaef1c@group-C8483D63BD31-LeaderElection133] INFO  grpc.GrpcConfigKeys (ConfUtils.java:logGet(46)) - raft.grpc.server.leader.outstanding.appends.max = 128 (default)
2022-10-15 07:44:59,281 [8734203a-70d5-40c1-ad48-a2d447aaef1c@group-C8483D63BD31-LeaderElection133] INFO  server.RaftServerConfigKeys (ConfUtils.java:logGet(46)) - raft.server.rpc.request.timeout = 60s (custom)
2022-10-15 07:44:59,281 [8734203a-70d5-40c1-ad48-a2d447aaef1c@group-C8483D63BD31-LeaderElection133] INFO  server.RaftServerConfigKeys (ConfUtils.java:logGet(46)) - raft.server.log.appender.install.snapshot.enabled = false (custom)
2022-10-15 07:44:59,282 [8734203a-70d5-40c1-ad48-a2d447aaef1c@group-C8483D63BD31-LeaderElection133] INFO  impl.RoleInfo (RoleInfo.java:updateAndGet(139)) - 8734203a-70d5-40c1-ad48-a2d447aaef1c: start 8734203a-70d5-40c1-ad48-a2d447aaef1c@group-C8483D63BD31-LeaderStateImpl
2022-10-15 07:44:59,282 [8734203a-70d5-40c1-ad48-a2d447aaef1c@group-C8483D63BD31-LeaderElection133] INFO  segmented.SegmentedRaftLogWorker (SegmentedRaftLogWorker.java:startLogSegment(425)) - 8734203a-70d5-40c1-ad48-a2d447aaef1c@group-C8483D63BD31-SegmentedRaftLogWorker: Starting segment from index:0
2022-10-15 07:44:59,284 [8734203a-70d5-40c1-ad48-a2d447aaef1c@group-C8483D63BD31-SegmentedRaftLogWorker] INFO  segmented.SegmentedRaftLogWorker (SegmentedRaftLogWorker.java:execute(629)) - 8734203a-70d5-40c1-ad48-a2d447aaef1c@group-C8483D63BD31-SegmentedRaftLogWorker: created new log segment /home/runner/work/ozone/ozone/hadoop-ozone/integration-test/target/test-dir/MiniOzoneClusterImpl-0c55ea5e-da39-43b3-be52-3d6e56a90e90/datanode-5/data/ratis/f2e8005a-576a-4ae0-995a-c8483d63bd31/current/log_inprogress_0
2022-10-15 07:44:59,288 [8734203a-70d5-40c1-ad48-a2d447aaef1c@group-C8483D63BD31-LeaderElection133] INFO  server.RaftServer$Division (ServerState.java:setRaftConf(393)) - 8734203a-70d5-40c1-ad48-a2d447aaef1c@group-C8483D63BD31: set configuration 0: [ed0c9528-2c8b-4614-9eef-2d120a058ddc|rpc:10.1.1.113:42731|dataStream:|priority:0, 8734203a-70d5-40c1-ad48-a2d447aaef1c|rpc:10.1.1.113:36199|dataStream:|priority:1, 7f555f3a-b754-420b-b6ea-bc4a43db69c9|rpc:10.1.1.113:44353|dataStream:|priority:0], old=null
2022-10-15 07:44:59,310 [ed0c9528-2c8b-4614-9eef-2d120a058ddc-server-thread1] INFO  ratis.XceiverServerRatis (XceiverServerRatis.java:handleLeaderChangedNotification(863)) - Leader change notification received for group: group-C8483D63BD31 with new leaderId: 8734203a-70d5-40c1-ad48-a2d447aaef1c
2022-10-15 07:44:59,310 [ed0c9528-2c8b-4614-9eef-2d120a058ddc-server-thread1] INFO  server.RaftServer$Division (ServerState.java:setLeader(287)) - ed0c9528-2c8b-4614-9eef-2d120a058ddc@group-C8483D63BD31: change Leader from null to 8734203a-70d5-40c1-ad48-a2d447aaef1c at term 4 for appendEntries, leader elected after 20288ms
2022-10-15 07:44:59,310 [7f555f3a-b754-420b-b6ea-bc4a43db69c9-server-thread1] INFO  ratis.XceiverServerRatis (XceiverServerRatis.java:handleLeaderChangedNotification(863)) - Leader change notification received for group: group-C8483D63BD31 with new leaderId: 8734203a-70d5-40c1-ad48-a2d447aaef1c
2022-10-15 07:44:59,310 [7f555f3a-b754-420b-b6ea-bc4a43db69c9-server-thread1] INFO  server.RaftServer$Division (ServerState.java:setLeader(287)) - 7f555f3a-b754-420b-b6ea-bc4a43db69c9@group-C8483D63BD31: change Leader from null to 8734203a-70d5-40c1-ad48-a2d447aaef1c at term 4 for appendEntries, leader elected after 20316ms
2022-10-15 07:44:59,317 [ed0c9528-2c8b-4614-9eef-2d120a058ddc-server-thread2] INFO  server.RaftServer$Division (ServerState.java:setRaftConf(393)) - ed0c9528-2c8b-4614-9eef-2d120a058ddc@group-C8483D63BD31: set configuration 0: [ed0c9528-2c8b-4614-9eef-2d120a058ddc|rpc:10.1.1.113:42731|dataStream:|priority:0, 8734203a-70d5-40c1-ad48-a2d447aaef1c|rpc:10.1.1.113:36199|dataStream:|priority:1, 7f555f3a-b754-420b-b6ea-bc4a43db69c9|rpc:10.1.1.113:44353|dataStream:|priority:0], old=null
2022-10-15 07:44:59,323 [7f555f3a-b754-420b-b6ea-bc4a43db69c9-server-thread1] INFO  server.RaftServer$Division (ServerState.java:setRaftConf(393)) - 7f555f3a-b754-420b-b6ea-bc4a43db69c9@group-C8483D63BD31: set configuration 0: [ed0c9528-2c8b-4614-9eef-2d120a058ddc|rpc:10.1.1.113:42731|dataStream:|priority:0, 8734203a-70d5-40c1-ad48-a2d447aaef1c|rpc:10.1.1.113:36199|dataStream:|priority:1, 7f555f3a-b754-420b-b6ea-bc4a43db69c9|rpc:10.1.1.113:44353|dataStream:|priority:0], old=null
2022-10-15 07:44:59,324 [ed0c9528-2c8b-4614-9eef-2d120a058ddc-server-thread2] INFO  segmented.SegmentedRaftLogWorker (SegmentedRaftLogWorker.java:startLogSegment(425)) - ed0c9528-2c8b-4614-9eef-2d120a058ddc@group-C8483D63BD31-SegmentedRaftLogWorker: Starting segment from index:0
2022-10-15 07:44:59,325 [7f555f3a-b754-420b-b6ea-bc4a43db69c9-server-thread1] INFO  segmented.SegmentedRaftLogWorker (SegmentedRaftLogWorker.java:startLogSegment(425)) - 7f555f3a-b754-420b-b6ea-bc4a43db69c9@group-C8483D63BD31-SegmentedRaftLogWorker: Starting segment from index:0
2022-10-15 07:44:59,329 [7f555f3a-b754-420b-b6ea-bc4a43db69c9@group-C8483D63BD31-SegmentedRaftLogWorker] INFO  segmented.SegmentedRaftLogWorker (SegmentedRaftLogWorker.java:execute(629)) - 7f555f3a-b754-420b-b6ea-bc4a43db69c9@group-C8483D63BD31-SegmentedRaftLogWorker: created new log segment /home/runner/work/ozone/ozone/hadoop-ozone/integration-test/target/test-dir/MiniOzoneClusterImpl-0c55ea5e-da39-43b3-be52-3d6e56a90e90/datanode-3/data/ratis/f2e8005a-576a-4ae0-995a-c8483d63bd31/current/log_inprogress_0
2022-10-15 07:44:59,330 [ed0c9528-2c8b-4614-9eef-2d120a058ddc@group-C8483D63BD31-SegmentedRaftLogWorker] INFO  segmented.SegmentedRaftLogWorker (SegmentedRaftLogWorker.java:execute(629)) - ed0c9528-2c8b-4614-9eef-2d120a058ddc@group-C8483D63BD31-SegmentedRaftLogWorker: created new log segment /home/runner/work/ozone/ozone/hadoop-ozone/integration-test/target/test-dir/MiniOzoneClusterImpl-0c55ea5e-da39-43b3-be52-3d6e56a90e90/datanode-4/data/ratis/f2e8005a-576a-4ae0-995a-c8483d63bd31/current/log_inprogress_0
2022-10-15 07:44:59,397 [Under Replicated Processor] INFO  replication.UnderReplicatedProcessor (UnderReplicatedProcessor.java:processAll(92)) - Processed 0 under replicated containers, failed processing 0
2022-10-15 07:44:59,397 [Over Replicated Processor] INFO  replication.OverReplicatedProcessor (OverReplicatedProcessor.java:processAll(90)) - Processed 0 over replicated containers, failed processing 0
2022-10-15 07:44:59,397 [ReplicationMonitor] INFO  replication.ReplicationManager (ReplicationManager.java:processAll(324)) - Replication Monitor Thread took 0 milliseconds for processing 0 containers.
2022-10-15 07:44:59,440 [Over Replicated Processor] INFO  replication.OverReplicatedProcessor (OverReplicatedProcessor.java:processAll(90)) - Processed 0 over replicated containers, failed processing 0
2022-10-15 07:44:59,441 [Under Replicated Processor] INFO  replication.UnderReplicatedProcessor (UnderReplicatedProcessor.java:processAll(92)) - Processed 0 under replicated containers, failed processing 0
2022-10-15 07:44:59,443 [ReplicationMonitor] INFO  replication.ReplicationManager (ReplicationManager.java:processAll(324)) - Replication Monitor Thread took 0 milliseconds for processing 6 containers.
2022-10-15 07:44:59,509 [Under Replicated Processor] INFO  replication.UnderReplicatedProcessor (UnderReplicatedProcessor.java:processAll(92)) - Processed 0 under replicated containers, failed processing 0
2022-10-15 07:44:59,509 [Over Replicated Processor] INFO  replication.OverReplicatedProcessor (OverReplicatedProcessor.java:processAll(90)) - Processed 0 over replicated containers, failed processing 0
2022-10-15 07:44:59,602 [ReplicationMonitor] INFO  replication.ReplicationManager (ReplicationManager.java:processAll(324)) - Replication Monitor Thread took 0 milliseconds for processing 0 containers.
2022-10-15 07:45:00,397 [Under Replicated Processor] INFO  replication.UnderReplicatedProcessor (UnderReplicatedProcessor.java:processAll(92)) - Processed 0 under replicated containers, failed processing 0
2022-10-15 07:45:00,397 [Over Replicated Processor] INFO  replication.OverReplicatedProcessor (OverReplicatedProcessor.java:processAll(90)) - Processed 0 over replicated containers, failed processing 0
2022-10-15 07:45:00,397 [ReplicationMonitor] INFO  replication.ReplicationManager (ReplicationManager.java:processAll(324)) - Replication Monitor Thread took 0 milliseconds for processing 0 containers.
2022-10-15 07:45:00,441 [Over Replicated Processor] INFO  replication.OverReplicatedProcessor (OverReplicatedProcessor.java:processAll(90)) - Processed 0 over replicated containers, failed processing 0
2022-10-15 07:45:00,441 [Under Replicated Processor] INFO  replication.UnderReplicatedProcessor (UnderReplicatedProcessor.java:processAll(92)) - Processed 0 under replicated containers, failed processing 0
2022-10-15 07:45:00,443 [ReplicationMonitor] INFO  replication.ReplicationManager (ReplicationManager.java:processAll(324)) - Replication Monitor Thread took 1 milliseconds for processing 6 containers.
2022-10-15 07:45:00,509 [Under Replicated Processor] INFO  replication.UnderReplicatedProcessor (UnderReplicatedProcessor.java:processAll(92)) - Processed 0 under replicated containers, failed processing 0
2022-10-15 07:45:00,509 [Over Replicated Processor] INFO  replication.OverReplicatedProcessor (OverReplicatedProcessor.java:processAll(90)) - Processed 0 over replicated containers, failed processing 0
2022-10-15 07:45:00,602 [ReplicationMonitor] INFO  replication.ReplicationManager (ReplicationManager.java:processAll(324)) - Replication Monitor Thread took 0 milliseconds for processing 0 containers.
2022-10-15 07:45:01,397 [Under Replicated Processor] INFO  replication.UnderReplicatedProcessor (UnderReplicatedProcessor.java:processAll(92)) - Processed 0 under replicated containers, failed processing 0
2022-10-15 07:45:01,398 [Over Replicated Processor] INFO  replication.OverReplicatedProcessor (OverReplicatedProcessor.java:processAll(90)) - Processed 0 over replicated containers, failed processing 0
2022-10-15 07:45:01,398 [ReplicationMonitor] INFO  replication.ReplicationManager (ReplicationManager.java:processAll(324)) - Replication Monitor Thread took 0 milliseconds for processing 0 containers.
2022-10-15 07:45:01,441 [Over Replicated Processor] INFO  replication.OverReplicatedProcessor (OverReplicatedProcessor.java:processAll(90)) - Processed 0 over replicated containers, failed processing 0
2022-10-15 07:45:01,441 [Under Replicated Processor] INFO  replication.UnderReplicatedProcessor (UnderReplicatedProcessor.java:processAll(92)) - Processed 0 under replicated containers, failed processing 0
2022-10-15 07:45:01,444 [ReplicationMonitor] INFO  replication.ReplicationManager (ReplicationManager.java:processAll(324)) - Replication Monitor Thread took 0 milliseconds for processing 6 containers.
2022-10-15 07:45:01,509 [Under Replicated Processor] INFO  replication.UnderReplicatedProcessor (UnderReplicatedProcessor.java:processAll(92)) - Processed 0 under replicated containers, failed processing 0
2022-10-15 07:45:01,509 [Over Replicated Processor] INFO  replication.OverReplicatedProcessor (OverReplicatedProcessor.java:processAll(90)) - Processed 0 over replicated containers, failed processing 0
2022-10-15 07:45:01,602 [ReplicationMonitor] INFO  replication.ReplicationManager (ReplicationManager.java:processAll(324)) - Replication Monitor Thread took 0 milliseconds for processing 0 containers.
2022-10-15 07:45:02,398 [Under Replicated Processor] INFO  replication.UnderReplicatedProcessor (UnderReplicatedProcessor.java:processAll(92)) - Processed 0 under replicated containers, failed processing 0
2022-10-15 07:45:02,398 [Over Replicated Processor] INFO  replication.OverReplicatedProcessor (OverReplicatedProcessor.java:processAll(90)) - Processed 0 over replicated containers, failed processing 0
2022-10-15 07:45:02,398 [ReplicationMonitor] INFO  replication.ReplicationManager (ReplicationManager.java:processAll(324)) - Replication Monitor Thread took 0 milliseconds for processing 0 containers.
2022-10-15 07:45:02,441 [Over Replicated Processor] INFO  replication.OverReplicatedProcessor (OverReplicatedProcessor.java:processAll(90)) - Processed 0 over replicated containers, failed processing 0
2022-10-15 07:45:02,441 [Under Replicated Processor] INFO  replication.UnderReplicatedProcessor (UnderReplicatedProcessor.java:processAll(92)) - Processed 0 under replicated containers, failed processing 0
2022-10-15 07:45:02,444 [ReplicationMonitor] INFO  replication.ReplicationManager (ReplicationManager.java:processAll(324)) - Replication Monitor Thread took 0 milliseconds for processing 6 containers.
2022-10-15 07:45:02,509 [Under Replicated Processor] INFO  replication.UnderReplicatedProcessor (UnderReplicatedProcessor.java:processAll(92)) - Processed 0 under replicated containers, failed processing 0
2022-10-15 07:45:02,509 [Over Replicated Processor] INFO  replication.OverReplicatedProcessor (OverReplicatedProcessor.java:processAll(90)) - Processed 0 over replicated containers, failed processing 0
2022-10-15 07:45:02,602 [ReplicationMonitor] INFO  replication.ReplicationManager (ReplicationManager.java:processAll(324)) - Replication Monitor Thread took 0 milliseconds for processing 0 containers.
2022-10-15 07:45:03,398 [Under Replicated Processor] INFO  replication.UnderReplicatedProcessor (UnderReplicatedProcessor.java:processAll(92)) - Processed 0 under replicated containers, failed processing 0
2022-10-15 07:45:03,398 [ReplicationMonitor] INFO  replication.ReplicationManager (ReplicationManager.java:processAll(324)) - Replication Monitor Thread took 0 milliseconds for processing 0 containers.
2022-10-15 07:45:03,398 [Over Replicated Processor] INFO  replication.OverReplicatedProcessor (OverReplicatedProcessor.java:processAll(90)) - Processed 0 over replicated containers, failed processing 0
2022-10-15 07:45:03,441 [Over Replicated Processor] INFO  replication.OverReplicatedProcessor (OverReplicatedProcessor.java:processAll(90)) - Processed 0 over replicated containers, failed processing 0
2022-10-15 07:45:03,441 [Under Replicated Processor] INFO  replication.UnderReplicatedProcessor (UnderReplicatedProcessor.java:processAll(92)) - Processed 0 under replicated containers, failed processing 0
2022-10-15 07:45:03,444 [ReplicationMonitor] INFO  replication.ReplicationManager (ReplicationManager.java:processAll(324)) - Replication Monitor Thread took 0 milliseconds for processing 6 containers.
2022-10-15 07:45:03,509 [Under Replicated Processor] INFO  replication.UnderReplicatedProcessor (UnderReplicatedProcessor.java:processAll(92)) - Processed 0 under replicated containers, failed processing 0
2022-10-15 07:45:03,509 [Over Replicated Processor] INFO  replication.OverReplicatedProcessor (OverReplicatedProcessor.java:processAll(90)) - Processed 0 over replicated containers, failed processing 0
2022-10-15 07:45:03,603 [ReplicationMonitor] INFO  replication.ReplicationManager (ReplicationManager.java:processAll(324)) - Replication Monitor Thread took 0 milliseconds for processing 0 containers.
2022-10-15 07:45:04,398 [Under Replicated Processor] INFO  replication.UnderReplicatedProcessor (UnderReplicatedProcessor.java:processAll(92)) - Processed 0 under replicated containers, failed processing 0
2022-10-15 07:45:04,398 [ReplicationMonitor] INFO  replication.ReplicationManager (ReplicationManager.java:processAll(324)) - Replication Monitor Thread took 0 milliseconds for processing 0 containers.
2022-10-15 07:45:04,398 [Over Replicated Processor] INFO  replication.OverReplicatedProcessor (OverReplicatedProcessor.java:processAll(90)) - Processed 0 over replicated containers, failed processing 0
2022-10-15 07:45:04,441 [Over Replicated Processor] INFO  replication.OverReplicatedProcessor (OverReplicatedProcessor.java:processAll(90)) - Processed 0 over replicated containers, failed processing 0
2022-10-15 07:45:04,442 [Under Replicated Processor] INFO  replication.UnderReplicatedProcessor (UnderReplicatedProcessor.java:processAll(92)) - Processed 0 under replicated containers, failed processing 0
2022-10-15 07:45:04,445 [ReplicationMonitor] INFO  replication.ReplicationManager (ReplicationManager.java:processAll(324)) - Replication Monitor Thread took 0 milliseconds for processing 6 containers.
2022-10-15 07:45:04,509 [Under Replicated Processor] INFO  replication.UnderReplicatedProcessor (UnderReplicatedProcessor.java:processAll(92)) - Processed 0 under replicated containers, failed processing 0
2022-10-15 07:45:04,510 [Over Replicated Processor] INFO  replication.OverReplicatedProcessor (OverReplicatedProcessor.java:processAll(90)) - Processed 0 over replicated containers, failed processing 0
2022-10-15 07:45:04,603 [ReplicationMonitor] INFO  replication.ReplicationManager (ReplicationManager.java:processAll(324)) - Replication Monitor Thread took 0 milliseconds for processing 0 containers.
2022-10-15 07:45:05,398 [Under Replicated Processor] INFO  replication.UnderReplicatedProcessor (UnderReplicatedProcessor.java:processAll(92)) - Processed 0 under replicated containers, failed processing 0
2022-10-15 07:45:05,399 [ReplicationMonitor] INFO  replication.ReplicationManager (ReplicationManager.java:processAll(324)) - Replication Monitor Thread took 0 milliseconds for processing 0 containers.
2022-10-15 07:45:05,399 [Over Replicated Processor] INFO  replication.OverReplicatedProcessor (OverReplicatedProcessor.java:processAll(90)) - Processed 0 over replicated containers, failed processing 0
2022-10-15 07:45:05,442 [Over Replicated Processor] INFO  replication.OverReplicatedProcessor (OverReplicatedProcessor.java:processAll(90)) - Processed 0 over replicated containers, failed processing 0
2022-10-15 07:45:05,442 [Under Replicated Processor] INFO  replication.UnderReplicatedProcessor (UnderReplicatedProcessor.java:processAll(92)) - Processed 0 under replicated containers, failed processing 0
2022-10-15 07:45:05,445 [ReplicationMonitor] INFO  replication.ReplicationManager (ReplicationManager.java:processAll(324)) - Replication Monitor Thread took 0 milliseconds for processing 6 containers.
2022-10-15 07:45:05,510 [Under Replicated Processor] INFO  replication.UnderReplicatedProcessor (UnderReplicatedProcessor.java:processAll(92)) - Processed 0 under replicated containers, failed processing 0
2022-10-15 07:45:05,510 [Over Replicated Processor] INFO  replication.OverReplicatedProcessor (OverReplicatedProcessor.java:processAll(90)) - Processed 0 over replicated containers, failed processing 0
2022-10-15 07:45:05,603 [ReplicationMonitor] INFO  replication.ReplicationManager (ReplicationManager.java:processAll(324)) - Replication Monitor Thread took 0 milliseconds for processing 0 containers.
2022-10-15 07:45:06,399 [Under Replicated Processor] INFO  replication.UnderReplicatedProcessor (UnderReplicatedProcessor.java:processAll(92)) - Processed 0 under replicated containers, failed processing 0
2022-10-15 07:45:06,399 [ReplicationMonitor] INFO  replication.ReplicationManager (ReplicationManager.java:processAll(324)) - Replication Monitor Thread took 0 milliseconds for processing 0 containers.
2022-10-15 07:45:06,399 [Over Replicated Processor] INFO  replication.OverReplicatedProcessor (OverReplicatedProcessor.java:processAll(90)) - Processed 0 over replicated containers, failed processing 0
2022-10-15 07:45:06,442 [Under Replicated Processor] INFO  replication.UnderReplicatedProcessor (UnderReplicatedProcessor.java:processAll(92)) - Processed 0 under replicated containers, failed processing 0
2022-10-15 07:45:06,442 [Over Replicated Processor] INFO  replication.OverReplicatedProcessor (OverReplicatedProcessor.java:processAll(90)) - Processed 0 over replicated containers, failed processing 0
2022-10-15 07:45:06,445 [ReplicationMonitor] INFO  replication.ReplicationManager (ReplicationManager.java:processAll(324)) - Replication Monitor Thread took 1 milliseconds for processing 6 containers.
2022-10-15 07:45:06,510 [Under Replicated Processor] INFO  replication.UnderReplicatedProcessor (UnderReplicatedProcessor.java:processAll(92)) - Processed 0 under replicated containers, failed processing 0
2022-10-15 07:45:06,510 [Over Replicated Processor] INFO  replication.OverReplicatedProcessor (OverReplicatedProcessor.java:processAll(90)) - Processed 0 over replicated containers, failed processing 0
2022-10-15 07:45:06,604 [ReplicationMonitor] INFO  replication.ReplicationManager (ReplicationManager.java:processAll(324)) - Replication Monitor Thread took 0 milliseconds for processing 0 containers.
2022-10-15 07:45:07,399 [Under Replicated Processor] INFO  replication.UnderReplicatedProcessor (UnderReplicatedProcessor.java:processAll(92)) - Processed 0 under replicated containers, failed processing 0
2022-10-15 07:45:07,399 [Over Replicated Processor] INFO  replication.OverReplicatedProcessor (OverReplicatedProcessor.java:processAll(90)) - Processed 0 over replicated containers, failed processing 0
2022-10-15 07:45:07,399 [ReplicationMonitor] INFO  replication.ReplicationManager (ReplicationManager.java:processAll(324)) - Replication Monitor Thread took 0 milliseconds for processing 0 containers.
2022-10-15 07:45:07,442 [Under Replicated Processor] INFO  replication.UnderReplicatedProcessor (UnderReplicatedProcessor.java:processAll(92)) - Processed 0 under replicated containers, failed processing 0
2022-10-15 07:45:07,443 [Over Replicated Processor] INFO  replication.OverReplicatedProcessor (OverReplicatedProcessor.java:processAll(90)) - Processed 0 over replicated containers, failed processing 0
2022-10-15 07:45:07,446 [ReplicationMonitor] INFO  replication.ReplicationManager (ReplicationManager.java:processAll(324)) - Replication Monitor Thread took 0 milliseconds for processing 6 containers.
2022-10-15 07:45:07,510 [Under Replicated Processor] INFO  replication.UnderReplicatedProcessor (UnderReplicatedProcessor.java:processAll(92)) - Processed 0 under replicated containers, failed processing 0
2022-10-15 07:45:07,510 [Over Replicated Processor] INFO  replication.OverReplicatedProcessor (OverReplicatedProcessor.java:processAll(90)) - Processed 0 over replicated containers, failed processing 0
2022-10-15 07:45:07,604 [ReplicationMonitor] INFO  replication.ReplicationManager (ReplicationManager.java:processAll(324)) - Replication Monitor Thread took 0 milliseconds for processing 0 containers.
2022-10-15 07:45:08,399 [Under Replicated Processor] INFO  replication.UnderReplicatedProcessor (UnderReplicatedProcessor.java:processAll(92)) - Processed 0 under replicated containers, failed processing 0
2022-10-15 07:45:08,399 [Over Replicated Processor] INFO  replication.OverReplicatedProcessor (OverReplicatedProcessor.java:processAll(90)) - Processed 0 over replicated containers, failed processing 0
2022-10-15 07:45:08,400 [ReplicationMonitor] INFO  replication.ReplicationManager (ReplicationManager.java:processAll(324)) - Replication Monitor Thread took 0 milliseconds for processing 0 containers.
2022-10-15 07:45:08,442 [Under Replicated Processor] INFO  replication.UnderReplicatedProcessor (UnderReplicatedProcessor.java:processAll(92)) - Processed 0 under replicated containers, failed processing 0
2022-10-15 07:45:08,443 [Over Replicated Processor] INFO  replication.OverReplicatedProcessor (OverReplicatedProcessor.java:processAll(90)) - Processed 0 over replicated containers, failed processing 0
2022-10-15 07:45:08,446 [ReplicationMonitor] INFO  replication.ReplicationManager (ReplicationManager.java:processAll(324)) - Replication Monitor Thread took 0 milliseconds for processing 6 containers.
2022-10-15 07:45:08,510 [Under Replicated Processor] INFO  replication.UnderReplicatedProcessor (UnderReplicatedProcessor.java:processAll(92)) - Processed 0 under replicated containers, failed processing 0
2022-10-15 07:45:08,510 [Over Replicated Processor] INFO  replication.OverReplicatedProcessor (OverReplicatedProcessor.java:processAll(90)) - Processed 0 over replicated containers, failed processing 0
2022-10-15 07:45:08,604 [ReplicationMonitor] INFO  replication.ReplicationManager (ReplicationManager.java:processAll(324)) - Replication Monitor Thread took 0 milliseconds for processing 0 containers.
2022-10-15 07:45:09,400 [Under Replicated Processor] INFO  replication.UnderReplicatedProcessor (UnderReplicatedProcessor.java:processAll(92)) - Processed 0 under replicated containers, failed processing 0
2022-10-15 07:45:09,400 [ReplicationMonitor] INFO  replication.ReplicationManager (ReplicationManager.java:processAll(324)) - Replication Monitor Thread took 0 milliseconds for processing 0 containers.
2022-10-15 07:45:09,400 [Over Replicated Processor] INFO  replication.OverReplicatedProcessor (OverReplicatedProcessor.java:processAll(90)) - Processed 0 over replicated containers, failed processing 0
2022-10-15 07:45:09,443 [Under Replicated Processor] INFO  replication.UnderReplicatedProcessor (UnderReplicatedProcessor.java:processAll(92)) - Processed 0 under replicated containers, failed processing 0
2022-10-15 07:45:09,443 [Over Replicated Processor] INFO  replication.OverReplicatedProcessor (OverReplicatedProcessor.java:processAll(90)) - Processed 0 over replicated containers, failed processing 0
2022-10-15 07:45:09,446 [ReplicationMonitor] INFO  replication.ReplicationManager (ReplicationManager.java:processAll(324)) - Replication Monitor Thread took 0 milliseconds for processing 6 containers.
2022-10-15 07:45:09,510 [Under Replicated Processor] INFO  replication.UnderReplicatedProcessor (UnderReplicatedProcessor.java:processAll(92)) - Processed 0 under replicated containers, failed processing 0
2022-10-15 07:45:09,510 [Over Replicated Processor] INFO  replication.OverReplicatedProcessor (OverReplicatedProcessor.java:processAll(90)) - Processed 0 over replicated containers, failed processing 0
2022-10-15 07:45:09,605 [ReplicationMonitor] INFO  replication.ReplicationManager (ReplicationManager.java:processAll(324)) - Replication Monitor Thread took 0 milliseconds for processing 0 containers.
2022-10-15 07:45:10,400 [Under Replicated Processor] INFO  replication.UnderReplicatedProcessor (UnderReplicatedProcessor.java:processAll(92)) - Processed 0 under replicated containers, failed processing 0
2022-10-15 07:45:10,400 [ReplicationMonitor] INFO  replication.ReplicationManager (ReplicationManager.java:processAll(324)) - Replication Monitor Thread took 0 milliseconds for processing 0 containers.
2022-10-15 07:45:10,400 [Over Replicated Processor] INFO  replication.OverReplicatedProcessor (OverReplicatedProcessor.java:processAll(90)) - Processed 0 over replicated containers, failed processing 0
2022-10-15 07:45:10,443 [Under Replicated Processor] INFO  replication.UnderReplicatedProcessor (UnderReplicatedProcessor.java:processAll(92)) - Processed 0 under replicated containers, failed processing 0
2022-10-15 07:45:10,443 [Over Replicated Processor] INFO  replication.OverReplicatedProcessor (OverReplicatedProcessor.java:processAll(90)) - Processed 0 over replicated containers, failed processing 0
2022-10-15 07:45:10,447 [ReplicationMonitor] INFO  replication.ReplicationManager (ReplicationManager.java:processAll(324)) - Replication Monitor Thread took 0 milliseconds for processing 6 containers.
2022-10-15 07:45:10,510 [Under Replicated Processor] INFO  replication.UnderReplicatedProcessor (UnderReplicatedProcessor.java:processAll(92)) - Processed 0 under replicated containers, failed processing 0
2022-10-15 07:45:10,510 [Over Replicated Processor] INFO  replication.OverReplicatedProcessor (OverReplicatedProcessor.java:processAll(90)) - Processed 0 over replicated containers, failed processing 0
2022-10-15 07:45:10,605 [ReplicationMonitor] INFO  replication.ReplicationManager (ReplicationManager.java:processAll(324)) - Replication Monitor Thread took 0 milliseconds for processing 0 containers.
2022-10-15 07:45:11,400 [Under Replicated Processor] INFO  replication.UnderReplicatedProcessor (UnderReplicatedProcessor.java:processAll(92)) - Processed 0 under replicated containers, failed processing 0
2022-10-15 07:45:11,400 [ReplicationMonitor] INFO  replication.ReplicationManager (ReplicationManager.java:processAll(324)) - Replication Monitor Thread took 1 milliseconds for processing 0 containers.
2022-10-15 07:45:11,400 [Over Replicated Processor] INFO  replication.OverReplicatedProcessor (OverReplicatedProcessor.java:processAll(90)) - Processed 0 over replicated containers, failed processing 0
2022-10-15 07:45:11,443 [Under Replicated Processor] INFO  replication.UnderReplicatedProcessor (UnderReplicatedProcessor.java:processAll(92)) - Processed 0 under replicated containers, failed processing 0
2022-10-15 07:45:11,444 [Over Replicated Processor] INFO  replication.OverReplicatedProcessor (OverReplicatedProcessor.java:processAll(90)) - Processed 0 over replicated containers, failed processing 0
2022-10-15 07:45:11,447 [ReplicationMonitor] INFO  replication.ReplicationManager (ReplicationManager.java:processAll(324)) - Replication Monitor Thread took 0 milliseconds for processing 6 containers.
2022-10-15 07:45:11,511 [Under Replicated Processor] INFO  replication.UnderReplicatedProcessor (UnderReplicatedProcessor.java:processAll(92)) - Processed 0 under replicated containers, failed processing 0
2022-10-15 07:45:11,511 [Over Replicated Processor] INFO  replication.OverReplicatedProcessor (OverReplicatedProcessor.java:processAll(90)) - Processed 0 over replicated containers, failed processing 0
2022-10-15 07:45:11,605 [ReplicationMonitor] INFO  replication.ReplicationManager (ReplicationManager.java:processAll(324)) - Replication Monitor Thread took 0 milliseconds for processing 0 containers.
2022-10-15 07:45:12,400 [Under Replicated Processor] INFO  replication.UnderReplicatedProcessor (UnderReplicatedProcessor.java:processAll(92)) - Processed 0 under replicated containers, failed processing 0
2022-10-15 07:45:12,400 [ReplicationMonitor] INFO  replication.ReplicationManager (ReplicationManager.java:processAll(324)) - Replication Monitor Thread took 0 milliseconds for processing 0 containers.
2022-10-15 07:45:12,400 [Over Replicated Processor] INFO  replication.OverReplicatedProcessor (OverReplicatedProcessor.java:processAll(90)) - Processed 0 over replicated containers, failed processing 0
2022-10-15 07:45:12,443 [Under Replicated Processor] INFO  replication.UnderReplicatedProcessor (UnderReplicatedProcessor.java:processAll(92)) - Processed 0 under replicated containers, failed processing 0
2022-10-15 07:45:12,444 [Over Replicated Processor] INFO  replication.OverReplicatedProcessor (OverReplicatedProcessor.java:processAll(90)) - Processed 0 over replicated containers, failed processing 0
2022-10-15 07:45:12,447 [ReplicationMonitor] INFO  replication.ReplicationManager (ReplicationManager.java:processAll(324)) - Replication Monitor Thread took 1 milliseconds for processing 6 containers.
2022-10-15 07:45:12,511 [Under Replicated Processor] INFO  replication.UnderReplicatedProcessor (UnderReplicatedProcessor.java:processAll(92)) - Processed 0 under replicated containers, failed processing 0
2022-10-15 07:45:12,511 [Over Replicated Processor] INFO  replication.OverReplicatedProcessor (OverReplicatedProcessor.java:processAll(90)) - Processed 0 over replicated containers, failed processing 0
2022-10-15 07:45:12,606 [ReplicationMonitor] INFO  replication.ReplicationManager (ReplicationManager.java:processAll(324)) - Replication Monitor Thread took 0 milliseconds for processing 0 containers.
2022-10-15 07:45:13,400 [Under Replicated Processor] INFO  replication.UnderReplicatedProcessor (UnderReplicatedProcessor.java:processAll(92)) - Processed 0 under replicated containers, failed processing 0
2022-10-15 07:45:13,401 [ReplicationMonitor] INFO  replication.ReplicationManager (ReplicationManager.java:processAll(324)) - Replication Monitor Thread took 0 milliseconds for processing 0 containers.
2022-10-15 07:45:13,401 [Over Replicated Processor] INFO  replication.OverReplicatedProcessor (OverReplicatedProcessor.java:processAll(90)) - Processed 0 over replicated containers, failed processing 0
2022-10-15 07:45:13,443 [Under Replicated Processor] INFO  replication.UnderReplicatedProcessor (UnderReplicatedProcessor.java:processAll(92)) - Processed 0 under replicated containers, failed processing 0
2022-10-15 07:45:13,444 [Over Replicated Processor] INFO  replication.OverReplicatedProcessor (OverReplicatedProcessor.java:processAll(90)) - Processed 0 over replicated containers, failed processing 0
2022-10-15 07:45:13,448 [ReplicationMonitor] INFO  replication.ReplicationManager (ReplicationManager.java:processAll(324)) - Replication Monitor Thread took 0 milliseconds for processing 6 containers.
2022-10-15 07:45:13,511 [Under Replicated Processor] INFO  replication.UnderReplicatedProcessor (UnderReplicatedProcessor.java:processAll(92)) - Processed 0 under replicated containers, failed processing 0
2022-10-15 07:45:13,511 [Over Replicated Processor] INFO  replication.OverReplicatedProcessor (OverReplicatedProcessor.java:processAll(90)) - Processed 0 over replicated containers, failed processing 0
2022-10-15 07:45:13,606 [ReplicationMonitor] INFO  replication.ReplicationManager (ReplicationManager.java:processAll(324)) - Replication Monitor Thread took 0 milliseconds for processing 0 containers.
2022-10-15 07:45:14,401 [Under Replicated Processor] INFO  replication.UnderReplicatedProcessor (UnderReplicatedProcessor.java:processAll(92)) - Processed 0 under replicated containers, failed processing 0
2022-10-15 07:45:14,401 [ReplicationMonitor] INFO  replication.ReplicationManager (ReplicationManager.java:processAll(324)) - Replication Monitor Thread took 0 milliseconds for processing 0 containers.
2022-10-15 07:45:14,401 [Over Replicated Processor] INFO  replication.OverReplicatedProcessor (OverReplicatedProcessor.java:processAll(90)) - Processed 0 over replicated containers, failed processing 0
2022-10-15 07:45:14,443 [Under Replicated Processor] INFO  replication.UnderReplicatedProcessor (UnderReplicatedProcessor.java:processAll(92)) - Processed 0 under replicated containers, failed processing 0
2022-10-15 07:45:14,444 [Over Replicated Processor] INFO  replication.OverReplicatedProcessor (OverReplicatedProcessor.java:processAll(90)) - Processed 0 over replicated containers, failed processing 0
2022-10-15 07:45:14,448 [ReplicationMonitor] INFO  replication.ReplicationManager (ReplicationManager.java:processAll(324)) - Replication Monitor Thread took 0 milliseconds for processing 6 containers.
2022-10-15 07:45:14,511 [Under Replicated Processor] INFO  replication.UnderReplicatedProcessor (UnderReplicatedProcessor.java:processAll(92)) - Processed 0 under replicated containers, failed processing 0
2022-10-15 07:45:14,511 [Over Replicated Processor] INFO  replication.OverReplicatedProcessor (OverReplicatedProcessor.java:processAll(90)) - Processed 0 over replicated containers, failed processing 0
2022-10-15 07:45:14,606 [ReplicationMonitor] INFO  replication.ReplicationManager (ReplicationManager.java:processAll(324)) - Replication Monitor Thread took 0 milliseconds for processing 0 containers.
2022-10-15 07:45:15,401 [Under Replicated Processor] INFO  replication.UnderReplicatedProcessor (UnderReplicatedProcessor.java:processAll(92)) - Processed 0 under replicated containers, failed processing 0
2022-10-15 07:45:15,401 [Over Replicated Processor] INFO  replication.OverReplicatedProcessor (OverReplicatedProcessor.java:processAll(90)) - Processed 0 over replicated containers, failed processing 0
2022-10-15 07:45:15,401 [ReplicationMonitor] INFO  replication.ReplicationManager (ReplicationManager.java:processAll(324)) - Replication Monitor Thread took 0 milliseconds for processing 0 containers.
2022-10-15 07:45:15,444 [Under Replicated Processor] INFO  replication.UnderReplicatedProcessor (UnderReplicatedProcessor.java:processAll(92)) - Processed 0 under replicated containers, failed processing 0
2022-10-15 07:45:15,444 [Over Replicated Processor] INFO  replication.OverReplicatedProcessor (OverReplicatedProcessor.java:processAll(90)) - Processed 0 over replicated containers, failed processing 0
2022-10-15 07:45:15,448 [ReplicationMonitor] INFO  replication.ReplicationManager (ReplicationManager.java:processAll(324)) - Replication Monitor Thread took 0 milliseconds for processing 6 containers.
2022-10-15 07:45:15,511 [Over Replicated Processor] INFO  replication.OverReplicatedProcessor (OverReplicatedProcessor.java:processAll(90)) - Processed 0 over replicated containers, failed processing 0
2022-10-15 07:45:15,515 [Under Replicated Processor] INFO  replication.UnderReplicatedProcessor (UnderReplicatedProcessor.java:processAll(92)) - Processed 0 under replicated containers, failed processing 0
2022-10-15 07:45:15,607 [ReplicationMonitor] INFO  replication.ReplicationManager (ReplicationManager.java:processAll(324)) - Replication Monitor Thread took 0 milliseconds for processing 0 containers.
2022-10-15 07:45:15,713 [Mini-Cluster-Provider-Reap] INFO  ozone.MiniOzoneClusterImpl (MiniOzoneClusterImpl.java:shutdown(448)) - Shutting down the Mini Ozone Cluster
2022-10-15 07:45:15,713 [Mini-Cluster-Provider-Reap] INFO  ozone.MiniOzoneClusterImpl (MiniOzoneClusterImpl.java:stop(463)) - Stopping the Mini Ozone Cluster
2022-10-15 07:45:15,713 [Mini-Cluster-Provider-Reap] INFO  ozone.MiniOzoneClusterImpl (MiniOzoneClusterImpl.java:stopOM(545)) - Stopping the OzoneManager
2022-10-15 07:45:15,713 [Mini-Cluster-Provider-Reap] INFO  om.OzoneManager (OzoneManager.java:stop(2035)) - om1[localhost:0]: Stopping Ozone Manager
2022-10-15 07:45:15,724 [Mini-Cluster-Provider-Reap] INFO  ipc.Server (Server.java:stop(3428)) - Stopping server on 46525
2022-10-15 07:45:15,730 [IPC Server listener on 0] INFO  ipc.Server (Server.java:run(1384)) - Stopping IPC Server listener on 0
2022-10-15 07:45:15,732 [IPC Server Responder] INFO  ipc.Server (Server.java:run(1517)) - Stopping IPC Server Responder
2022-10-15 07:45:15,732 [Mini-Cluster-Provider-Reap] INFO  server.RaftServer (RaftServerProxy.java:lambda$close$7(398)) - om1: close
2022-10-15 07:45:15,733 [Mini-Cluster-Provider-Reap] INFO  server.RaftServer$Division (RaftServerImpl.java:lambda$close$4(434)) - om1@group-C5BA1605619E: shutdown
2022-10-15 07:45:15,733 [Mini-Cluster-Provider-Reap] INFO  util.JmxRegister (JmxRegister.java:unregister(73)) - Successfully un-registered JMX Bean with object name Ratis:service=RaftServer,group=group-C5BA1605619E,id="om1"
2022-10-15 07:45:15,733 [Mini-Cluster-Provider-Reap] INFO  impl.RoleInfo (RoleInfo.java:shutdownLeaderState(93)) - om1: shutdown om1@group-C5BA1605619E-LeaderStateImpl
2022-10-15 07:45:15,733 [Mini-Cluster-Provider-Reap] INFO  impl.PendingRequests (PendingRequests.java:sendNotLeaderResponses(282)) - om1@group-C5BA1605619E-PendingRequests: sendNotLeaderResponses
2022-10-15 07:45:15,749 [Mini-Cluster-Provider-Reap] INFO  impl.StateMachineUpdater (StateMachineUpdater.java:stopAndJoin(153)) - om1@group-C5BA1605619E-StateMachineUpdater: set stopIndex = 84
2022-10-15 07:45:15,750 [om1@group-C5BA1605619E-StateMachineUpdater] INFO  ratis.OzoneManagerStateMachine (OzoneManagerStateMachine.java:takeSnapshot(441)) - Current Snapshot Index (t:1, i:84)
2022-10-15 07:45:15,750 [om1@group-C5BA1605619E-StateMachineUpdater] INFO  impl.StateMachineUpdater (StateMachineUpdater.java:takeSnapshot(287)) - om1@group-C5BA1605619E-StateMachineUpdater: Took a snapshot at index 84
2022-10-15 07:45:15,750 [om1@group-C5BA1605619E-StateMachineUpdater] INFO  impl.StateMachineUpdater (StateMachineUpdater.java:lambda$new$0(92)) - om1@group-C5BA1605619E-StateMachineUpdater: snapshotIndex: updateIncreasingly -1 -> 84
2022-10-15 07:45:15,750 [om1@group-C5BA1605619E-StateMachineUpdater] INFO  ratis.OzoneManagerStateMachine (OzoneManagerStateMachine.java:close(495)) - StateMachine has shutdown. Shutdown OzoneManager if not already shutdown.
2022-10-15 07:45:15,750 [om1@group-C5BA1605619E-StateMachineUpdater] INFO  ratis.OzoneManagerDoubleBuffer (OzoneManagerDoubleBuffer.java:stop(466)) - Stopping OMDoubleBuffer flush thread
2022-10-15 07:45:15,750 [OMDoubleBufferFlushThread] INFO  ratis.OzoneManagerDoubleBuffer (OzoneManagerDoubleBuffer.java:flushTransactions(385)) - OMDoubleBuffer flush thread OMDoubleBufferFlushThread is interrupted and will exit.
2022-10-15 07:45:15,751 [Mini-Cluster-Provider-Reap] INFO  server.RaftServer$Division (ServerState.java:close(429)) - om1@group-C5BA1605619E: closes. applyIndex: 84
2022-10-15 07:45:15,751 [om1@group-C5BA1605619E-SegmentedRaftLogWorker] INFO  segmented.SegmentedRaftLogWorker (SegmentedRaftLogWorker.java:run(336)) - om1@group-C5BA1605619E-SegmentedRaftLogWorker was interrupted, exiting. There are 0 tasks remaining in the queue.
2022-10-15 07:45:15,752 [Mini-Cluster-Provider-Reap] INFO  segmented.SegmentedRaftLogWorker (SegmentedRaftLogWorker.java:close(246)) - om1@group-C5BA1605619E-SegmentedRaftLogWorker close()
2022-10-15 07:45:15,752 [Mini-Cluster-Provider-Reap] INFO  server.GrpcService (GrpcService.java:closeImpl(269)) - om1: shutdown server with port 44515 now
2022-10-15 07:45:15,752 [Mini-Cluster-Provider-Reap] INFO  server.GrpcService (GrpcService.java:closeImpl(278)) - om1: shutdown server with port 44515 successfully
2022-10-15 07:45:15,753 [org.apache.ratis.util.JvmPauseMonitor$$Lambda$718/783493338@38929508] INFO  util.JvmPauseMonitor (JvmPauseMonitor.java:run(109)) - JvmPauseMonitor-om1: Stopped
2022-10-15 07:45:15,753 [Mini-Cluster-Provider-Reap] INFO  ratis.OzoneManagerStateMachine (OzoneManagerStateMachine.java:close(495)) - StateMachine has shutdown. Shutdown OzoneManager if not already shutdown.
2022-10-15 07:45:15,753 [Mini-Cluster-Provider-Reap] INFO  ratis.OzoneManagerDoubleBuffer (OzoneManagerDoubleBuffer.java:stop(478)) - OMDoubleBuffer flush thread is not running.
2022-10-15 07:45:15,753 [Mini-Cluster-Provider-Reap] INFO  utils.BackgroundService (BackgroundService.java:shutdown(141)) - Shutting down service KeyDeletingService
2022-10-15 07:45:15,755 [Mini-Cluster-Provider-Reap] INFO  utils.BackgroundService (BackgroundService.java:shutdown(141)) - Shutting down service DirectoryDeletingService
2022-10-15 07:45:15,755 [Mini-Cluster-Provider-Reap] INFO  utils.BackgroundService (BackgroundService.java:shutdown(141)) - Shutting down service OpenKeyCleanupService
2022-10-15 07:45:15,758 [Mini-Cluster-Provider-Reap] INFO  handler.ContextHandler (ContextHandler.java:doStop(1153)) - Stopped o.e.j.w.WebAppContext@2c850c9d{ozoneManager,/,null,STOPPED}{file:/home/runner/work/ozone/ozone/hadoop-ozone/integration-test/target/test-classes/webapps/ozoneManager}
2022-10-15 07:45:15,759 [Mini-Cluster-Provider-Reap] INFO  server.AbstractConnector (AbstractConnector.java:doStop(381)) - Stopped ServerConnector@220bf415{HTTP/1.1, (http/1.1)}{0.0.0.0:0}
2022-10-15 07:45:15,760 [Mini-Cluster-Provider-Reap] INFO  server.session (HouseKeeper.java:stopScavenging(149)) - node0 Stopped scavenging
2022-10-15 07:45:15,770 [Mini-Cluster-Provider-Reap] INFO  handler.ContextHandler (ContextHandler.java:doStop(1153)) - Stopped o.e.j.s.ServletContextHandler@59035f18{static,/static,file:///home/runner/work/ozone/ozone/hadoop-ozone/integration-test/target/test-classes/webapps/static,STOPPED}
2022-10-15 07:45:15,777 [Mini-Cluster-Provider-Reap] INFO  handler.ContextHandler (ContextHandler.java:doStop(1153)) - Stopped o.e.j.s.ServletContextHandler@2bf18888{logs,/logs,file:///home/runner/work/ozone/ozone/hadoop-ozone/integration-test/target/log,STOPPED}
2022-10-15 07:45:15,780 [Mini-Cluster-Provider-Reap] INFO  ozone.MiniOzoneClusterImpl (MiniOzoneClusterImpl.java:stopDatanodes(522)) - Stopping the HddsDatanodes
2022-10-15 07:45:15,784 [Mini-Cluster-Provider-Reap] INFO  ozoneimpl.OzoneContainer (OzoneContainer.java:stop(400)) - Attempting to stop container services.
2022-10-15 07:45:15,785 [Mini-Cluster-Provider-Reap] INFO  server.RaftServer (RaftServerProxy.java:lambda$close$7(398)) - 0e59cd28-e34a-4544-a63c-9bf8db58f2a0: close
2022-10-15 07:45:15,785 [Mini-Cluster-Provider-Reap] INFO  server.RaftServer$Division (RaftServerImpl.java:lambda$close$4(434)) - 0e59cd28-e34a-4544-a63c-9bf8db58f2a0@group-AB5A1656456D: shutdown
2022-10-15 07:45:15,785 [Mini-Cluster-Provider-Reap] INFO  util.JmxRegister (JmxRegister.java:unregister(73)) - Successfully un-registered JMX Bean with object name Ratis:service=RaftServer,group=group-AB5A1656456D,id=0e59cd28-e34a-4544-a63c-9bf8db58f2a0
2022-10-15 07:45:15,785 [Mini-Cluster-Provider-Reap] INFO  impl.RoleInfo (RoleInfo.java:shutdownLeaderState(93)) - 0e59cd28-e34a-4544-a63c-9bf8db58f2a0: shutdown 0e59cd28-e34a-4544-a63c-9bf8db58f2a0@group-AB5A1656456D-LeaderStateImpl
2022-10-15 07:45:15,785 [Mini-Cluster-Provider-Reap] INFO  impl.PendingRequests (PendingRequests.java:sendNotLeaderResponses(282)) - 0e59cd28-e34a-4544-a63c-9bf8db58f2a0@group-AB5A1656456D-PendingRequests: sendNotLeaderResponses
2022-10-15 07:45:15,786 [Mini-Cluster-Provider-Reap] INFO  impl.StateMachineUpdater (StateMachineUpdater.java:stopAndJoin(153)) - 0e59cd28-e34a-4544-a63c-9bf8db58f2a0@group-AB5A1656456D-StateMachineUpdater: set stopIndex = 0
2022-10-15 07:45:15,787 [0e59cd28-e34a-4544-a63c-9bf8db58f2a0@group-AB5A1656456D-StateMachineUpdater] INFO  ratis.ContainerStateMachine (ContainerStateMachine.java:takeSnapshot(304)) - group-AB5A1656456D: Taking a snapshot at:(t:1, i:0) file /home/runner/work/ozone/ozone/hadoop-ozone/integration-test/target/test-dir/MiniOzoneClusterImpl-b71359ac-0e91-4f54-9b03-8f1926dea794/datanode-4/data/ratis/4b0e0c88-12c7-4859-9aba-ab5a1656456d/sm/snapshot.1_0
2022-10-15 07:45:15,788 [ForkJoinPool.commonPool-worker-0] INFO  ozoneimpl.OzoneContainer (OzoneContainer.java:stop(400)) - Attempting to stop container services.
2022-10-15 07:45:15,788 [0e59cd28-e34a-4544-a63c-9bf8db58f2a0@group-AB5A1656456D-StateMachineUpdater] INFO  ratis.ContainerStateMachine (ContainerStateMachine.java:takeSnapshot(315)) - group-AB5A1656456D: Finished taking a snapshot at:(t:1, i:0) file:/home/runner/work/ozone/ozone/hadoop-ozone/integration-test/target/test-dir/MiniOzoneClusterImpl-b71359ac-0e91-4f54-9b03-8f1926dea794/datanode-4/data/ratis/4b0e0c88-12c7-4859-9aba-ab5a1656456d/sm/snapshot.1_0 took: 2 ms
2022-10-15 07:45:15,792 [0e59cd28-e34a-4544-a63c-9bf8db58f2a0@group-AB5A1656456D-StateMachineUpdater] INFO  impl.StateMachineUpdater (StateMachineUpdater.java:takeSnapshot(287)) - 0e59cd28-e34a-4544-a63c-9bf8db58f2a0@group-AB5A1656456D-StateMachineUpdater: Took a snapshot at index 0
2022-10-15 07:45:15,792 [0e59cd28-e34a-4544-a63c-9bf8db58f2a0@group-AB5A1656456D-StateMachineUpdater] INFO  impl.StateMachineUpdater (StateMachineUpdater.java:lambda$new$0(92)) - 0e59cd28-e34a-4544-a63c-9bf8db58f2a0@group-AB5A1656456D-StateMachineUpdater: snapshotIndex: updateIncreasingly -1 -> 0
2022-10-15 07:45:15,795 [Mini-Cluster-Provider-Reap] INFO  server.RaftServer$Division (ServerState.java:close(429)) - 0e59cd28-e34a-4544-a63c-9bf8db58f2a0@group-AB5A1656456D: closes. applyIndex: 0
2022-10-15 07:45:15,795 [0e59cd28-e34a-4544-a63c-9bf8db58f2a0@group-AB5A1656456D-SegmentedRaftLogWorker] INFO  segmented.SegmentedRaftLogWorker (SegmentedRaftLogWorker.java:run(336)) - 0e59cd28-e34a-4544-a63c-9bf8db58f2a0@group-AB5A1656456D-SegmentedRaftLogWorker was interrupted, exiting. There are 0 tasks remaining in the queue.
2022-10-15 07:45:15,795 [Mini-Cluster-Provider-Reap] INFO  segmented.SegmentedRaftLogWorker (SegmentedRaftLogWorker.java:close(246)) - 0e59cd28-e34a-4544-a63c-9bf8db58f2a0@group-AB5A1656456D-SegmentedRaftLogWorker close()
2022-10-15 07:45:15,795 [Mini-Cluster-Provider-Reap] INFO  server.RaftServer$Division (RaftServerImpl.java:lambda$close$4(434)) - 0e59cd28-e34a-4544-a63c-9bf8db58f2a0@group-9015FB128463: shutdown
2022-10-15 07:45:15,796 [Mini-Cluster-Provider-Reap] INFO  util.JmxRegister (JmxRegister.java:unregister(73)) - Successfully un-registered JMX Bean with object name Ratis:service=RaftServer,group=group-9015FB128463,id=0e59cd28-e34a-4544-a63c-9bf8db58f2a0
2022-10-15 07:45:15,796 [Mini-Cluster-Provider-Reap] INFO  impl.RoleInfo (RoleInfo.java:shutdownLeaderState(93)) - 0e59cd28-e34a-4544-a63c-9bf8db58f2a0: shutdown 0e59cd28-e34a-4544-a63c-9bf8db58f2a0@group-9015FB128463-LeaderStateImpl
2022-10-15 07:45:15,796 [0e59cd28-e34a-4544-a63c-9bf8db58f2a0@group-9015FB128463->87a1f2dd-43fb-444c-bcbf-3c07980bc85d-GrpcLogAppender-LogAppenderDaemon] WARN  server.GrpcLogAppender (GrpcLogAppender.java:mayWait(171)) - 0e59cd28-e34a-4544-a63c-9bf8db58f2a0@group-9015FB128463->87a1f2dd-43fb-444c-bcbf-3c07980bc85d-GrpcLogAppender: Wait interrupted by java.lang.InterruptedException
]]></system-out>
  </testcase>
  <testcase name="testEnteringMaintenanceNodeCompletesAfterSCMRestart" classname="org.apache.hadoop.ozone.scm.node.TestDecommissionAndMaintenance" time="16.351"/>
  <testcase name="testDecommissioningNodesCompleteDecommissionOnSCMRestart" classname="org.apache.hadoop.ozone.scm.node.TestDecommissionAndMaintenance" time="35.596"/>
</testsuite>